[
  {
    "Plan": {
      "Node Type": "Aggregate",
      "Strategy": "Plain",
      "Partial Mode": "Finalize",
      "Parallel Aware": false,
      "Startup Cost": 32918.31,
      "Total Cost": 32918.32,
      "Plan Rows": 1,
      "Plan Width": 8,
      "Actual Startup Time": 101.364,
      "Actual Total Time": 108.879,
      "Actual Rows": 1,
      "Actual Loops": 1,
      "Plans": [
        {
          "Node Type": "Gather",
          "Parent Relationship": "Outer",
          "Parallel Aware": false,
          "Startup Cost": 32917.99,
          "Total Cost": 32918.3,
          "Plan Rows": 3,
          "Plan Width": 8,
          "Actual Startup Time": 101.249,
          "Actual Total Time": 108.87,
          "Actual Rows": 4,
          "Actual Loops": 1,
          "Workers Planned": 3,
          "Workers Launched": 3,
          "Single Copy": false,
          "Plans": [
            {
              "Node Type": "Aggregate",
              "Strategy": "Plain",
              "Partial Mode": "Partial",
              "Parent Relationship": "Outer",
              "Parallel Aware": false,
              "Startup Cost": 31917.99,
              "Total Cost": 31918.0,
              "Plan Rows": 1,
              "Plan Width": 8,
              "Actual Startup Time": 97.593,
              "Actual Total Time": 97.595,
              "Actual Rows": 1,
              "Actual Loops": 4,
              "Plans": [
                {
                  "Node Type": "Seq Scan",
                  "Parent Relationship": "Outer",
                  "Parallel Aware": true,
                  "Relation Name": "movie_companies",
                  "Alias": "mc",
                  "Startup Cost": 0.0,
                  "Total Cost": 31414.82,
                  "Plan Rows": 201268,
                  "Plan Width": 0,
                  "Actual Startup Time": 38.249,
                  "Actual Total Time": 86.841,
                  "Actual Rows": 221148,
                  "Actual Loops": 4,
                  "Filter": "((company_id > 12167) AND (company_type_id > 1))",
                  "Rows Removed by Filter": 431134
                }
              ]
            }
          ]
        }
      ]
    },
    "Planning Time": 0.104,
    "Triggers": [],
    "Execution Time": 108.92
  }
]