[
  {
    "Plan": {
      "Node Type": "Aggregate",
      "Strategy": "Plain",
      "Partial Mode": "Finalize",
      "Parallel Aware": false,
      "Startup Cost": 629639.44,
      "Total Cost": 629639.45,
      "Plan Rows": 1,
      "Plan Width": 8,
      "Actual Startup Time": 2836.494,
      "Actual Total Time": 2917.136,
      "Actual Rows": 1,
      "Actual Loops": 1,
      "Plans": [
        {
          "Node Type": "Gather",
          "Parent Relationship": "Outer",
          "Parallel Aware": false,
          "Startup Cost": 629638.81,
          "Total Cost": 629639.42,
          "Plan Rows": 6,
          "Plan Width": 8,
          "Actual Startup Time": 2824.957,
          "Actual Total Time": 2917.123,
          "Actual Rows": 7,
          "Actual Loops": 1,
          "Workers Planned": 6,
          "Workers Launched": 6,
          "Single Copy": false,
          "Plans": [
            {
              "Node Type": "Aggregate",
              "Strategy": "Plain",
              "Partial Mode": "Partial",
              "Parent Relationship": "Outer",
              "Parallel Aware": false,
              "Startup Cost": 628638.81,
              "Total Cost": 628638.82,
              "Plan Rows": 1,
              "Plan Width": 8,
              "Actual Startup Time": 2809.078,
              "Actual Total Time": 2809.084,
              "Actual Rows": 1,
              "Actual Loops": 7,
              "Plans": [
                {
                  "Node Type": "Hash Join",
                  "Parent Relationship": "Outer",
                  "Parallel Aware": true,
                  "Join Type": "Inner",
                  "Startup Cost": 254758.15,
                  "Total Cost": 613280.45,
                  "Plan Rows": 6143344,
                  "Plan Width": 0,
                  "Actual Startup Time": 901.799,
                  "Actual Total Time": 2650.775,
                  "Actual Rows": 3914463,
                  "Actual Loops": 7,
                  "Inner Unique": false,
                  "Hash Cond": "(ci.movie_id = t.id)",
                  "Plans": [
                    {
                      "Node Type": "Seq Scan",
                      "Parent Relationship": "Outer",
                      "Parallel Aware": true,
                      "Relation Name": "cast_info",
                      "Alias": "ci",
                      "Startup Cost": 0.0,
                      "Total Cost": 328211.39,
                      "Plan Rows": 4806461,
                      "Plan Width": 4,
                      "Actual Startup Time": 71.892,
                      "Actual Total Time": 585.806,
                      "Actual Rows": 4099231,
                      "Actual Loops": 7,
                      "Filter": "(person_id > 731718)",
                      "Rows Removed by Filter": 1078533
                    },
                    {
                      "Node Type": "Hash",
                      "Parent Relationship": "Inner",
                      "Parallel Aware": true,
                      "Startup Cost": 246678.94,
                      "Total Cost": 246678.94,
                      "Plan Rows": 646337,
                      "Plan Width": 8,
                      "Actual Startup Time": 824.275,
                      "Actual Total Time": 824.279,
                      "Actual Rows": 176267,
                      "Actual Loops": 7,
                      "Hash Buckets": 4194304,
                      "Original Hash Buckets": 4194304,
                      "Hash Batches": 1,
                      "Original Hash Batches": 1,
                      "Peak Memory Usage": 81120,
                      "Plans": [
                        {
                          "Node Type": "Hash Join",
                          "Parent Relationship": "Outer",
                          "Parallel Aware": true,
                          "Join Type": "Inner",
                          "Startup Cost": 47199.54,
                          "Total Cost": 246678.94,
                          "Plan Rows": 646337,
                          "Plan Width": 8,
                          "Actual Startup Time": 127.695,
                          "Actual Total Time": 734.403,
                          "Actual Rows": 176267,
                          "Actual Loops": 7,
                          "Inner Unique": true,
                          "Hash Cond": "(mi.movie_id = t.id)",
                          "Plans": [
                            {
                              "Node Type": "Seq Scan",
                              "Parent Relationship": "Outer",
                              "Parallel Aware": true,
                              "Relation Name": "movie_info",
                              "Alias": "mi",
                              "Startup Cost": 0.0,
                              "Total Cost": 191685.19,
                              "Plan Rows": 2969219,
                              "Plan Width": 4,
                              "Actual Startup Time": 0.03,
                              "Actual Total Time": 255.152,
                              "Actual Rows": 2119389,
                              "Actual Loops": 7
                            },
                            {
                              "Node Type": "Hash",
                              "Parent Relationship": "Inner",
                              "Parallel Aware": true,
                              "Startup Cost": 45479.59,
                              "Total Cost": 45479.59,
                              "Plan Rows": 137596,
                              "Plan Width": 4,
                              "Actual Startup Time": 125.613,
                              "Actual Total Time": 125.615,
                              "Actual Rows": 86058,
                              "Actual Loops": 7,
                              "Hash Buckets": 1048576,
                              "Original Hash Buckets": 1048576,
                              "Hash Batches": 1,
                              "Original Hash Batches": 1,
                              "Peak Memory Usage": 31904,
                              "Plans": [
                                {
                                  "Node Type": "Seq Scan",
                                  "Parent Relationship": "Outer",
                                  "Parallel Aware": true,
                                  "Relation Name": "title",
                                  "Alias": "t",
                                  "Startup Cost": 0.0,
                                  "Total Cost": 45479.59,
                                  "Plan Rows": 137596,
                                  "Plan Width": 4,
                                  "Actual Startup Time": 0.048,
                                  "Actual Total Time": 78.482,
                                  "Actual Rows": 86058,
                                  "Actual Loops": 7,
                                  "Filter": "((production_year > 2006) AND (kind_id = 7))",
                                  "Rows Removed by Filter": 275130
                                }
                              ]
                            }
                          ]
                        }
                      ]
                    }
                  ]
                }
              ]
            }
          ]
        }
      ]
    },
    "Planning Time": 0.532,
    "Triggers": [],
    "Execution Time": 2917.202
  }
]