{
  "Plan": {
    "Node Type": "Aggregate",
    "Strategy": "Plain",
    "Partial Mode": "Finalize",
    "Parallel Aware": false,
    "Startup Cost": 102398.06,
    "Total Cost": 102398.07,
    "Plan Rows": 1,
    "Plan Width": 8,
    "Actual Startup Time": 267.987,
    "Actual Total Time": 283.759,
    "Actual Rows": 1,
    "Actual Loops": 1,
    "Plans": [
      {
        "Node Type": "Gather",
        "Parent Relationship": "Outer",
        "Parallel Aware": false,
        "Startup Cost": 102397.95,
        "Total Cost": 102398.06,
        "Plan Rows": 1,
        "Plan Width": 8,
        "Actual Startup Time": 267.698,
        "Actual Total Time": 283.751,
        "Actual Rows": 2,
        "Actual Loops": 1,
        "Workers Planned": 1,
        "Workers Launched": 1,
        "Single Copy": false,
        "Plans": [
          {
            "Node Type": "Aggregate",
            "Strategy": "Plain",
            "Partial Mode": "Partial",
            "Parent Relationship": "Outer",
            "Parallel Aware": false,
            "Startup Cost": 101397.95,
            "Total Cost": 101397.96,
            "Plan Rows": 1,
            "Plan Width": 8,
            "Actual Startup Time": 264.62,
            "Actual Total Time": 264.624,
            "Actual Rows": 1,
            "Actual Loops": 2,
            "Plans": [
              {
                "Node Type": "Hash Join",
                "Parent Relationship": "Outer",
                "Parallel Aware": true,
                "Join Type": "Inner",
                "Startup Cost": 58745.23,
                "Total Cost": 101379.46,
                "Plan Rows": 7395,
                "Plan Width": 0,
                "Actual Startup Time": 194.777,
                "Actual Total Time": 264.503,
                "Actual Rows": 2320,
                "Actual Loops": 2,
                "Inner Unique": true,
                "Hash Cond": "(mc.movie_id = t.id)",
                "Plans": [
                  {
                    "Node Type": "Seq Scan",
                    "Parent Relationship": "Outer",
                    "Parallel Aware": true,
                    "Relation Name": "movie_companies",
                    "Alias": "mc",
                    "Startup Cost": 0.0,
                    "Total Cost": 41811.73,
                    "Plan Rows": 313334,
                    "Plan Width": 4,
                    "Actual Startup Time": 49.197,
                    "Actual Total Time": 99.367,
                    "Actual Rows": 161264,
                    "Actual Loops": 2,
                    "Filter": "((company_id < 6124) AND (company_type_id > 1))",
                    "Rows Removed by Filter": 1143300
                  },
                  {
                    "Node Type": "Hash",
                    "Parent Relationship": "Inner",
                    "Parallel Aware": true,
                    "Startup Cost": 58306.47,
                    "Total Cost": 58306.47,
                    "Plan Rows": 35101,
                    "Plan Width": 4,
                    "Actual Startup Time": 144.338,
                    "Actual Total Time": 144.339,
                    "Actual Rows": 31600,
                    "Actual Loops": 2,
                    "Hash Buckets": 65536,
                    "Original Hash Buckets": 65536,
                    "Hash Batches": 1,
                    "Original Hash Batches": 1,
                    "Peak Memory Usage": 3008,
                    "Plans": [
                      {
                        "Node Type": "Seq Scan",
                        "Parent Relationship": "Outer",
                        "Parallel Aware": true,
                        "Relation Name": "title",
                        "Alias": "t",
                        "Startup Cost": 0.0,
                        "Total Cost": 58306.47,
                        "Plan Rows": 35101,
                        "Plan Width": 4,
                        "Actual Startup Time": 0.027,
                        "Actual Total Time": 135.775,
                        "Actual Rows": 31600,
                        "Actual Loops": 2,
                        "Filter": "((kind_id > 4) AND (production_year = 2005))",
                        "Rows Removed by Filter": 1232556
                      }
                    ]
                  }
                ]
              }
            ]
          }
        ]
      }
    ]
  },
  "Planning Time": 0.408,
  "Triggers": [],
  "Execution Time": 283.822
}