{
  "Plan": {
    "Node Type": "Aggregate",
    "Strategy": "Plain",
    "Partial Mode": "Finalize",
    "Parallel Aware": false,
    "Startup Cost": 375433.13,
    "Total Cost": 375433.14,
    "Plan Rows": 1,
    "Plan Width": 8,
    "Actual Startup Time": 6932.19,
    "Actual Total Time": 7024.183,
    "Actual Rows": 1,
    "Actual Loops": 1,
    "Plans": [
      {
        "Node Type": "Gather",
        "Parent Relationship": "Outer",
        "Parallel Aware": false,
        "Startup Cost": 375433.01,
        "Total Cost": 375433.12,
        "Plan Rows": 1,
        "Plan Width": 8,
        "Actual Startup Time": 6931.289,
        "Actual Total Time": 7024.173,
        "Actual Rows": 2,
        "Actual Loops": 1,
        "Workers Planned": 1,
        "Workers Launched": 1,
        "Single Copy": false,
        "Plans": [
          {
            "Node Type": "Aggregate",
            "Strategy": "Plain",
            "Partial Mode": "Partial",
            "Parent Relationship": "Outer",
            "Parallel Aware": false,
            "Startup Cost": 374433.01,
            "Total Cost": 374433.02,
            "Plan Rows": 1,
            "Plan Width": 8,
            "Actual Startup Time": 6924.902,
            "Actual Total Time": 6924.908,
            "Actual Rows": 1,
            "Actual Loops": 2,
            "Plans": [
              {
                "Node Type": "Nested Loop",
                "Parent Relationship": "Outer",
                "Parallel Aware": false,
                "Join Type": "Inner",
                "Startup Cost": 33218.28,
                "Total Cost": 370928.02,
                "Plan Rows": 1401996,
                "Plan Width": 0,
                "Actual Startup Time": 140.674,
                "Actual Total Time": 6747.77,
                "Actual Rows": 4197522,
                "Actual Loops": 2,
                "Inner Unique": false,
                "Plans": [
                  {
                    "Node Type": "Hash Join",
                    "Parent Relationship": "Outer",
                    "Parallel Aware": true,
                    "Join Type": "Inner",
                    "Startup Cost": 33217.71,
                    "Total Cost": 94126.51,
                    "Plan Rows": 126359,
                    "Plan Width": 8,
                    "Actual Startup Time": 140.598,
                    "Actual Total Time": 699.564,
                    "Actual Rows": 215142,
                    "Actual Loops": 2,
                    "Inner Unique": false,
                    "Hash Cond": "(t.id = mc.movie_id)",
                    "Plans": [
                      {
                        "Node Type": "Seq Scan",
                        "Parent Relationship": "Outer",
                        "Parallel Aware": true,
                        "Relation Name": "title",
                        "Alias": "t",
                        "Startup Cost": 0.0,
                        "Total Cost": 50870.31,
                        "Plan Rows": 1487231,
                        "Plan Width": 4,
                        "Actual Startup Time": 0.019,
                        "Actual Total Time": 125.224,
                        "Actual Rows": 1264156,
                        "Actual Loops": 2
                      },
                      {
                        "Node Type": "Hash",
                        "Parent Relationship": "Inner",
                        "Parallel Aware": true,
                        "Startup Cost": 31638.23,
                        "Total Cost": 31638.23,
                        "Plan Rows": 126359,
                        "Plan Width": 4,
                        "Actual Startup Time": 129.168,
                        "Actual Total Time": 129.17,
                        "Actual Rows": 215142,
                        "Actual Loops": 2,
                        "Hash Buckets": 524288,
                        "Original Hash Buckets": 262144,
                        "Hash Batches": 1,
                        "Original Hash Batches": 1,
                        "Peak Memory Usage": 23008,
                        "Plans": [
                          {
                            "Node Type": "Bitmap Heap Scan",
                            "Parent Relationship": "Outer",
                            "Parallel Aware": true,
                            "Relation Name": "movie_companies",
                            "Alias": "mc",
                            "Startup Cost": 9115.2,
                            "Total Cost": 31638.23,
                            "Plan Rows": 126359,
                            "Plan Width": 4,
                            "Actual Startup Time": 35.272,
                            "Actual Total Time": 84.419,
                            "Actual Rows": 215142,
                            "Actual Loops": 2,
                            "Recheck Cond": "(company_id > 79143)",
                            "Rows Removed by Index Recheck": 0,
                            "Filter": "(company_type_id = 2)",
                            "Rows Removed by Filter": 0,
                            "Exact Heap Blocks": 4305,
                            "Lossy Heap Blocks": 0,
                            "Plans": [
                              {
                                "Node Type": "Bitmap Index Scan",
                                "Parent Relationship": "Outer",
                                "Parallel Aware": false,
                                "Index Name": "company_id_movie_companies",
                                "Startup Cost": 0.0,
                                "Total Cost": 9061.5,
                                "Plan Rows": 423076,
                                "Plan Width": 0,
                                "Actual Startup Time": 36.871,
                                "Actual Total Time": 36.871,
                                "Actual Rows": 430283,
                                "Actual Loops": 1,
                                "Index Cond": "(company_id > 79143)"
                              }
                            ]
                          }
                        ]
                      }
                    ]
                  },
                  {
                    "Node Type": "Index Scan",
                    "Parent Relationship": "Inner",
                    "Parallel Aware": false,
                    "Scan Direction": "Forward",
                    "Index Name": "movie_id_cast_info",
                    "Relation Name": "cast_info",
                    "Alias": "ci",
                    "Startup Cost": 0.56,
                    "Total Cost": 1.91,
                    "Plan Rows": 28,
                    "Plan Width": 4,
                    "Actual Startup Time": 0.008,
                    "Actual Total Time": 0.027,
                    "Actual Rows": 20,
                    "Actual Loops": 430283,
                    "Index Cond": "(movie_id = t.id)",
                    "Rows Removed by Index Recheck": 0,
                    "Filter": "(person_id > 815255)",
                    "Rows Removed by Filter": 6
                  }
                ]
              }
            ]
          }
        ]
      }
    ]
  },
  "Planning Time": 0.753,
  "Triggers": [],
  "Execution Time": 7024.323
}