[
  {
    "Plan": {
      "Node Type": "Aggregate",
      "Strategy": "Plain",
      "Partial Mode": "Finalize",
      "Parallel Aware": false,
      "Startup Cost": 32125.66,
      "Total Cost": 32125.67,
      "Plan Rows": 1,
      "Plan Width": 8,
      "Actual Startup Time": 121.194,
      "Actual Total Time": 127.541,
      "Actual Rows": 1,
      "Actual Loops": 1,
      "Plans": [
        {
          "Node Type": "Gather",
          "Parent Relationship": "Outer",
          "Parallel Aware": false,
          "Startup Cost": 32125.35,
          "Total Cost": 32125.66,
          "Plan Rows": 3,
          "Plan Width": 8,
          "Actual Startup Time": 121.077,
          "Actual Total Time": 127.533,
          "Actual Rows": 4,
          "Actual Loops": 1,
          "Workers Planned": 3,
          "Workers Launched": 3,
          "Single Copy": false,
          "Plans": [
            {
              "Node Type": "Aggregate",
              "Strategy": "Plain",
              "Partial Mode": "Partial",
              "Parent Relationship": "Outer",
              "Parallel Aware": false,
              "Startup Cost": 31125.35,
              "Total Cost": 31125.36,
              "Plan Rows": 1,
              "Plan Width": 8,
              "Actual Startup Time": 112.738,
              "Actual Total Time": 112.739,
              "Actual Rows": 1,
              "Actual Loops": 4,
              "Plans": [
                {
                  "Node Type": "Seq Scan",
                  "Parent Relationship": "Outer",
                  "Parallel Aware": true,
                  "Relation Name": "movie_companies",
                  "Alias": "mc",
                  "Startup Cost": 0.0,
                  "Total Cost": 29310.68,
                  "Plan Rows": 725866,
                  "Plan Width": 0,
                  "Actual Startup Time": 0.045,
                  "Actual Total Time": 84.922,
                  "Actual Rows": 562170,
                  "Actual Loops": 4,
                  "Filter": "(company_id < 86946)",
                  "Rows Removed by Filter": 90112
                }
              ]
            }
          ]
        }
      ]
    },
    "Planning Time": 0.16,
    "Triggers": [],
    "Execution Time": 127.591
  }
]