{
    "Plan": {
        "Node Type": "Aggregate",
        "Strategy": "Plain",
        "Partial Mode": "Finalize",
        "Parallel Aware": false,
        "Startup Cost": 132475.75,
        "Total Cost": 132475.76,
        "Plan Rows": 1,
        "Plan Width": 8,
        "Actual Startup Time": 837.102,
        "Actual Total Time": 865.341,
        "Actual Rows": 1,
        "Actual Loops": 1,
        "Output": [
            "count(*)"
        ],
        "Plans": [
            {
                "Node Type": "Gather",
                "Parent Relationship": "Outer",
                "Parallel Aware": false,
                "Startup Cost": 132475.43,
                "Total Cost": 132475.74,
                "Plan Rows": 3,
                "Plan Width": 8,
                "Actual Startup Time": 824.074,
                "Actual Total Time": 865.328,
                "Actual Rows": 4,
                "Actual Loops": 1,
                "Output": [
                    "(PARTIAL count(*))"
                ],
                "Workers Planned": 3,
                "Workers Launched": 3,
                "Single Copy": false,
                "Plans": [
                    {
                        "Node Type": "Aggregate",
                        "Strategy": "Plain",
                        "Partial Mode": "Partial",
                        "Parent Relationship": "Outer",
                        "Parallel Aware": false,
                        "Startup Cost": 131475.43,
                        "Total Cost": 131475.44,
                        "Plan Rows": 1,
                        "Plan Width": 8,
                        "Actual Startup Time": 814.579,
                        "Actual Total Time": 814.856,
                        "Actual Rows": 1,
                        "Actual Loops": 4,
                        "Output": [
                            "PARTIAL count(*)"
                        ],
                        "Workers": [
                            {
                                "Worker Number": 0,
                                "Actual Startup Time": 811.504,
                                "Actual Total Time": 811.512,
                                "Actual Rows": 1,
                                "Actual Loops": 1
                            },
                            {
                                "Worker Number": 1,
                                "Actual Startup Time": 812.107,
                                "Actual Total Time": 812.112,
                                "Actual Rows": 1,
                                "Actual Loops": 1
                            },
                            {
                                "Worker Number": 2,
                                "Actual Startup Time": 811.465,
                                "Actual Total Time": 811.471,
                                "Actual Rows": 1,
                                "Actual Loops": 1
                            }
                        ],
                        "Plans": [
                            {
                                "Node Type": "Hash Join",
                                "Parent Relationship": "Outer",
                                "Parallel Aware": true,
                                "Join Type": "Inner",
                                "Startup Cost": 85211.65,
                                "Total Cost": 130952.77,
                                "Plan Rows": 209063,
                                "Plan Width": 0,
                                "Actual Startup Time": 596.407,
                                "Actual Total Time": 806.465,
                                "Actual Rows": 165091,
                                "Actual Loops": 4,
                                "Inner Unique": false,
                                "Hash Cond": "(mk.movie_id = t.id)",
                                "Workers": [
                                    {
                                        "Worker Number": 0,
                                        "Actual Startup Time": 593.484,
                                        "Actual Total Time": 803.051,
                                        "Actual Rows": 130060,
                                        "Actual Loops": 1
                                    },
                                    {
                                        "Worker Number": 1,
                                        "Actual Startup Time": 593.419,
                                        "Actual Total Time": 804.57,
                                        "Actual Rows": 187017,
                                        "Actual Loops": 1
                                    },
                                    {
                                        "Worker Number": 2,
                                        "Actual Startup Time": 593.503,
                                        "Actual Total Time": 803.901,
                                        "Actual Rows": 185418,
                                        "Actual Loops": 1
                                    }
                                ],
                                "Plans": [
                                    {
                                        "Node Type": "Seq Scan",
                                        "Parent Relationship": "Outer",
                                        "Parallel Aware": true,
                                        "Relation Name": "movie_keyword",
                                        "Schema": "public",
                                        "Alias": "mk",
                                        "Startup Cost": 0.0,
                                        "Total Cost": 42695.65,
                                        "Plan Rows": 632284,
                                        "Plan Width": 4,
                                        "Actual Startup Time": 0.412,
                                        "Actual Total Time": 134.626,
                                        "Actual Rows": 485702,
                                        "Actual Loops": 4,
                                        "Output": [
                                            "mk.id",
                                            "mk.movie_id",
                                            "mk.keyword_id"
                                        ],
                                        "Filter": "(mk.keyword_id > 6740)",
                                        "Rows Removed by Filter": 645280,
                                        "Workers": [
                                            {
                                                "Worker Number": 0,
                                                "Actual Startup Time": 0.509,
                                                "Actual Total Time": 137.784,
                                                "Actual Rows": 374559,
                                                "Actual Loops": 1
                                            },
                                            {
                                                "Worker Number": 1,
                                                "Actual Startup Time": 0.402,
                                                "Actual Total Time": 137.7,
                                                "Actual Rows": 568193,
                                                "Actual Loops": 1
                                            },
                                            {
                                                "Worker Number": 2,
                                                "Actual Startup Time": 0.384,
                                                "Actual Total Time": 137.377,
                                                "Actual Rows": 543858,
                                                "Actual Loops": 1
                                            }
                                        ]
                                    },
                                    {
                                        "Node Type": "Hash",
                                        "Parent Relationship": "Inner",
                                        "Parallel Aware": true,
                                        "Startup Cost": 81840.75,
                                        "Total Cost": 81840.75,
                                        "Plan Rows": 269672,
                                        "Plan Width": 8,
                                        "Actual Startup Time": 590.364,
                                        "Actual Total Time": 590.638,
                                        "Actual Rows": 137776,
                                        "Actual Loops": 4,
                                        "Output": [
                                            "t.id",
                                            "mc.movie_id"
                                        ],
                                        "Hash Buckets": 1048576,
                                        "Original Hash Buckets": 1048576,
                                        "Hash Batches": 1,
                                        "Original Hash Batches": 1,
                                        "Peak Memory Usage": 29792,
                                        "Workers": [
                                            {
                                                "Worker Number": 0,
                                                "Actual Startup Time": 592.287,
                                                "Actual Total Time": 592.292,
                                                "Actual Rows": 116723,
                                                "Actual Loops": 1
                                            },
                                            {
                                                "Worker Number": 1,
                                                "Actual Startup Time": 592.163,
                                                "Actual Total Time": 592.166,
                                                "Actual Rows": 160258,
                                                "Actual Loops": 1
                                            },
                                            {
                                                "Worker Number": 2,
                                                "Actual Startup Time": 592.183,
                                                "Actual Total Time": 592.188,
                                                "Actual Rows": 153177,
                                                "Actual Loops": 1
                                            }
                                        ],
                                        "Plans": [
                                            {
                                                "Node Type": "Hash Join",
                                                "Parent Relationship": "Outer",
                                                "Parallel Aware": true,
                                                "Join Type": "Inner",
                                                "Startup Cost": 49411.28,
                                                "Total Cost": 81840.75,
                                                "Plan Rows": 269672,
                                                "Plan Width": 8,
                                                "Actual Startup Time": 359.803,
                                                "Actual Total Time": 530.745,
                                                "Actual Rows": 137776,
                                                "Actual Loops": 4,
                                                "Output": [
                                                    "t.id",
                                                    "mc.movie_id"
                                                ],
                                                "Inner Unique": true,
                                                "Hash Cond": "(mc.movie_id = t.id)",
                                                "Workers": [
                                                    {
                                                        "Worker Number": 0,
                                                        "Actual Startup Time": 359.742,
                                                        "Actual Total Time": 529.587,
                                                        "Actual Rows": 116723,
                                                        "Actual Loops": 1
                                                    },
                                                    {
                                                        "Worker Number": 1,
                                                        "Actual Startup Time": 359.777,
                                                        "Actual Total Time": 528.467,
                                                        "Actual Rows": 160258,
                                                        "Actual Loops": 1
                                                    },
                                                    {
                                                        "Worker Number": 2,
                                                        "Actual Startup Time": 359.781,
                                                        "Actual Total Time": 531.543,
                                                        "Actual Rows": 153177,
                                                        "Actual Loops": 1
                                                    }
                                                ],
                                                "Plans": [
                                                    {
                                                        "Node Type": "Seq Scan",
                                                        "Parent Relationship": "Outer",
                                                        "Parallel Aware": true,
                                                        "Relation Name": "movie_companies",
                                                        "Schema": "public",
                                                        "Alias": "mc",
                                                        "Startup Cost": 0.0,
                                                        "Total Cost": 31414.82,
                                                        "Plan Rows": 386535,
                                                        "Plan Width": 4,
                                                        "Actual Startup Time": 35.014,
                                                        "Actual Total Time": 82.7,
                                                        "Actual Rows": 318773,
                                                        "Actual Loops": 4,
                                                        "Output": [
                                                            "mc.id",
                                                            "mc.movie_id",
                                                            "mc.company_id",
                                                            "mc.company_type_id",
                                                            "mc.note"
                                                        ],
                                                        "Filter": "((mc.company_id > 125) AND (mc.company_type_id > 1))",
                                                        "Rows Removed by Filter": 333510,
                                                        "Workers": [
                                                            {
                                                                "Worker Number": 0,
                                                                "Actual Startup Time": 34.983,
                                                                "Actual Total Time": 86.66,
                                                                "Actual Rows": 267429,
                                                                "Actual Loops": 1
                                                            },
                                                            {
                                                                "Worker Number": 1,
                                                                "Actual Startup Time": 35.145,
                                                                "Actual Total Time": 80.632,
                                                                "Actual Rows": 370800,
                                                                "Actual Loops": 1
                                                            },
                                                            {
                                                                "Worker Number": 2,
                                                                "Actual Startup Time": 34.967,
                                                                "Actual Total Time": 80.083,
                                                                "Actual Rows": 355065,
                                                                "Actual Loops": 1
                                                            }
                                                        ]
                                                    },
                                                    {
                                                        "Node Type": "Hash",
                                                        "Parent Relationship": "Inner",
                                                        "Parallel Aware": true,
                                                        "Startup Cost": 43899.01,
                                                        "Total Cost": 43899.01,
                                                        "Plan Rows": 440982,
                                                        "Plan Width": 4,
                                                        "Actual Startup Time": 319.619,
                                                        "Actual Total Time": 319.621,
                                                        "Actual Rows": 443659,
                                                        "Actual Loops": 4,
                                                        "Output": [
                                                            "t.id"
                                                        ],
                                                        "Hash Buckets": 2097152,
                                                        "Original Hash Buckets": 2097152,
                                                        "Hash Batches": 1,
                                                        "Original Hash Batches": 1,
                                                        "Peak Memory Usage": 85888,
                                                        "Workers": [
                                                            {
                                                                "Worker Number": 0,
                                                                "Actual Startup Time": 324.476,
                                                                "Actual Total Time": 324.477,
                                                                "Actual Rows": 368123,
                                                                "Actual Loops": 1
                                                            },
                                                            {
                                                                "Worker Number": 1,
                                                                "Actual Startup Time": 324.563,
                                                                "Actual Total Time": 324.564,
                                                                "Actual Rows": 481764,
                                                                "Actual Loops": 1
                                                            },
                                                            {
                                                                "Worker Number": 2,
                                                                "Actual Startup Time": 324.513,
                                                                "Actual Total Time": 324.514,
                                                                "Actual Rows": 485232,
                                                                "Actual Loops": 1
                                                            }
                                                        ],
                                                        "Plans": [
                                                            {
                                                                "Node Type": "Seq Scan",
                                                                "Parent Relationship": "Outer",
                                                                "Parallel Aware": true,
                                                                "Relation Name": "title",
                                                                "Schema": "public",
                                                                "Alias": "t",
                                                                "Startup Cost": 0.0,
                                                                "Total Cost": 43899.01,
                                                                "Plan Rows": 440982,
                                                                "Plan Width": 4,
                                                                "Actual Startup Time": 0.065,
                                                                "Actual Total Time": 127.254,
                                                                "Actual Rows": 443659,
                                                                "Actual Loops": 4,
                                                                "Output": [
                                                                    "t.id"
                                                                ],
                                                                "Filter": "(t.kind_id > 2)",
                                                                "Rows Removed by Filter": 188419,
                                                                "Workers": [
                                                                    {
                                                                        "Worker Number": 0,
                                                                        "Actual Startup Time": 0.083,
                                                                        "Actual Total Time": 135.254,
                                                                        "Actual Rows": 368123,
                                                                        "Actual Loops": 1
                                                                    },
                                                                    {
                                                                        "Worker Number": 1,
                                                                        "Actual Startup Time": 0.078,
                                                                        "Actual Total Time": 124.16,
                                                                        "Actual Rows": 481764,
                                                                        "Actual Loops": 1
                                                                    },
                                                                    {
                                                                        "Worker Number": 2,
                                                                        "Actual Startup Time": 0.079,
                                                                        "Actual Total Time": 129.895,
                                                                        "Actual Rows": 485232,
                                                                        "Actual Loops": 1
                                                                    }
                                                                ]
                                                            }
                                                        ]
                                                    }
                                                ]
                                            }
                                        ]
                                    }
                                ]
                            }
                        ]
                    }
                ]
            }
        ]
    },
    "Planning Time": 1.639,
    "Triggers": [],
    "Execution Time": 865.445
}