[
    {
        "Bao": {
            "Bao prediction": 969.043,
            "Bao recommended hint": "SET enable_nestloop TO off; "
        }
    },
    {
        "Plan": {
            "Node Type": "Aggregate",
            "Strategy": "Plain",
            "Partial Mode": "Finalize",
            "Parallel Aware": false,
            "Startup Cost": 420409.4,
            "Total Cost": 420409.41,
            "Plan Rows": 1,
            "Plan Width": 8,
            "Actual Startup Time": 1346.701,
            "Actual Total Time": 1388.683,
            "Actual Rows": 1,
            "Actual Loops": 1,
            "Output": [
                "count(*)"
            ],
            "Plans": [
                {
                    "Node Type": "Gather",
                    "Parent Relationship": "Outer",
                    "Parallel Aware": false,
                    "Startup Cost": 420408.78,
                    "Total Cost": 420409.39,
                    "Plan Rows": 6,
                    "Plan Width": 8,
                    "Actual Startup Time": 1346.18,
                    "Actual Total Time": 1388.673,
                    "Actual Rows": 7,
                    "Actual Loops": 1,
                    "Output": [
                        "(PARTIAL count(*))"
                    ],
                    "Workers Planned": 6,
                    "Workers Launched": 6,
                    "Single Copy": false,
                    "Plans": [
                        {
                            "Node Type": "Aggregate",
                            "Strategy": "Plain",
                            "Partial Mode": "Partial",
                            "Parent Relationship": "Outer",
                            "Parallel Aware": false,
                            "Startup Cost": 419408.78,
                            "Total Cost": 419408.79,
                            "Plan Rows": 1,
                            "Plan Width": 8,
                            "Actual Startup Time": 1335.29,
                            "Actual Total Time": 1335.295,
                            "Actual Rows": 1,
                            "Actual Loops": 7,
                            "Output": [
                                "PARTIAL count(*)"
                            ],
                            "Workers": [
                                {
                                    "Worker Number": 0,
                                    "Actual Startup Time": 1332.968,
                                    "Actual Total Time": 1332.973,
                                    "Actual Rows": 1,
                                    "Actual Loops": 1
                                },
                                {
                                    "Worker Number": 1,
                                    "Actual Startup Time": 1333.456,
                                    "Actual Total Time": 1333.461,
                                    "Actual Rows": 1,
                                    "Actual Loops": 1
                                },
                                {
                                    "Worker Number": 2,
                                    "Actual Startup Time": 1333.374,
                                    "Actual Total Time": 1333.379,
                                    "Actual Rows": 1,
                                    "Actual Loops": 1
                                },
                                {
                                    "Worker Number": 3,
                                    "Actual Startup Time": 1333.381,
                                    "Actual Total Time": 1333.386,
                                    "Actual Rows": 1,
                                    "Actual Loops": 1
                                },
                                {
                                    "Worker Number": 4,
                                    "Actual Startup Time": 1334.343,
                                    "Actual Total Time": 1334.347,
                                    "Actual Rows": 1,
                                    "Actual Loops": 1
                                },
                                {
                                    "Worker Number": 5,
                                    "Actual Startup Time": 1334.527,
                                    "Actual Total Time": 1334.532,
                                    "Actual Rows": 1,
                                    "Actual Loops": 1
                                }
                            ],
                            "Plans": [
                                {
                                    "Node Type": "Hash Join",
                                    "Parent Relationship": "Outer",
                                    "Parallel Aware": true,
                                    "Join Type": "Inner",
                                    "Startup Cost": 66148.69,
                                    "Total Cost": 419327.71,
                                    "Plan Rows": 32426,
                                    "Plan Width": 0,
                                    "Actual Startup Time": 414.979,
                                    "Actual Total Time": 1334.646,
                                    "Actual Rows": 6267,
                                    "Actual Loops": 7,
                                    "Inner Unique": false,
                                    "Hash Cond": "(ci.movie_id = t.id)",
                                    "Workers": [
                                        {
                                            "Worker Number": 0,
                                            "Actual Startup Time": 413.369,
                                            "Actual Total Time": 1332.325,
                                            "Actual Rows": 5886,
                                            "Actual Loops": 1
                                        },
                                        {
                                            "Worker Number": 1,
                                            "Actual Startup Time": 413.883,
                                            "Actual Total Time": 1332.797,
                                            "Actual Rows": 6268,
                                            "Actual Loops": 1
                                        },
                                        {
                                            "Worker Number": 2,
                                            "Actual Startup Time": 412.617,
                                            "Actual Total Time": 1332.699,
                                            "Actual Rows": 6363,
                                            "Actual Loops": 1
                                        },
                                        {
                                            "Worker Number": 3,
                                            "Actual Startup Time": 412.618,
                                            "Actual Total Time": 1332.727,
                                            "Actual Rows": 6233,
                                            "Actual Loops": 1
                                        },
                                        {
                                            "Worker Number": 4,
                                            "Actual Startup Time": 413.863,
                                            "Actual Total Time": 1333.739,
                                            "Actual Rows": 5582,
                                            "Actual Loops": 1
                                        },
                                        {
                                            "Worker Number": 5,
                                            "Actual Startup Time": 414.269,
                                            "Actual Total Time": 1333.869,
                                            "Actual Rows": 5985,
                                            "Actual Loops": 1
                                        }
                                    ],
                                    "Plans": [
                                        {
                                            "Node Type": "Seq Scan",
                                            "Parent Relationship": "Outer",
                                            "Parallel Aware": true,
                                            "Relation Name": "cast_info",
                                            "Schema": "public",
                                            "Alias": "ci",
                                            "Startup Cost": 0.0,
                                            "Total Cost": 343318.94,
                                            "Plan Rows": 2607737,
                                            "Plan Width": 4,
                                            "Actual Startup Time": 269.489,
                                            "Actual Total Time": 898.173,
                                            "Actual Rows": 2885661,
                                            "Actual Loops": 7,
                                            "Output": [
                                                "ci.id",
                                                "ci.person_id",
                                                "ci.movie_id",
                                                "ci.person_role_id",
                                                "ci.note",
                                                "ci.nr_order",
                                                "ci.role_id"
                                            ],
                                            "Filter": "((ci.person_id > 1195740) AND (ci.role_id > 1))",
                                            "Rows Removed by Filter": 2292102,
                                            "Workers": [
                                                {
                                                    "Worker Number": 0,
                                                    "Actual Startup Time": 269.496,
                                                    "Actual Total Time": 898.711,
                                                    "Actual Rows": 2826071,
                                                    "Actual Loops": 1
                                                },
                                                {
                                                    "Worker Number": 1,
                                                    "Actual Startup Time": 269.505,
                                                    "Actual Total Time": 900.996,
                                                    "Actual Rows": 2789036,
                                                    "Actual Loops": 1
                                                },
                                                {
                                                    "Worker Number": 2,
                                                    "Actual Startup Time": 269.484,
                                                    "Actual Total Time": 901.103,
                                                    "Actual Rows": 2781937,
                                                    "Actual Loops": 1
                                                },
                                                {
                                                    "Worker Number": 3,
                                                    "Actual Startup Time": 269.488,
                                                    "Actual Total Time": 901.032,
                                                    "Actual Rows": 2793327,
                                                    "Actual Loops": 1
                                                },
                                                {
                                                    "Worker Number": 4,
                                                    "Actual Startup Time": 269.475,
                                                    "Actual Total Time": 898.213,
                                                    "Actual Rows": 2830065,
                                                    "Actual Loops": 1
                                                },
                                                {
                                                    "Worker Number": 5,
                                                    "Actual Startup Time": 269.492,
                                                    "Actual Total Time": 897.969,
                                                    "Actual Rows": 2821031,
                                                    "Actual Loops": 1
                                                }
                                            ]
                                        },
                                        {
                                            "Node Type": "Hash",
                                            "Parent Relationship": "Inner",
                                            "Parallel Aware": true,
                                            "Startup Cost": 66050.44,
                                            "Total Cost": 66050.44,
                                            "Plan Rows": 7860,
                                            "Plan Width": 8,
                                            "Actual Startup Time": 143.992,
                                            "Actual Total Time": 143.995,
                                            "Actual Rows": 940,
                                            "Actual Loops": 7,
                                            "Output": [
                                                "t.id",
                                                "mc.movie_id"
                                            ],
                                            "Hash Buckets": 32768,
                                            "Original Hash Buckets": 32768,
                                            "Hash Batches": 1,
                                            "Original Hash Batches": 1,
                                            "Peak Memory Usage": 704,
                                            "Workers": [
                                                {
                                                    "Worker Number": 0,
                                                    "Actual Startup Time": 142.29,
                                                    "Actual Total Time": 142.293,
                                                    "Actual Rows": 855,
                                                    "Actual Loops": 1
                                                },
                                                {
                                                    "Worker Number": 1,
                                                    "Actual Startup Time": 142.731,
                                                    "Actual Total Time": 142.734,
                                                    "Actual Rows": 887,
                                                    "Actual Loops": 1
                                                },
                                                {
                                                    "Worker Number": 2,
                                                    "Actual Startup Time": 142.613,
                                                    "Actual Total Time": 142.616,
                                                    "Actual Rows": 878,
                                                    "Actual Loops": 1
                                                },
                                                {
                                                    "Worker Number": 3,
                                                    "Actual Startup Time": 142.608,
                                                    "Actual Total Time": 142.611,
                                                    "Actual Rows": 847,
                                                    "Actual Loops": 1
                                                },
                                                {
                                                    "Worker Number": 4,
                                                    "Actual Startup Time": 143.67,
                                                    "Actual Total Time": 143.673,
                                                    "Actual Rows": 839,
                                                    "Actual Loops": 1
                                                },
                                                {
                                                    "Worker Number": 5,
                                                    "Actual Startup Time": 143.815,
                                                    "Actual Total Time": 143.819,
                                                    "Actual Rows": 888,
                                                    "Actual Loops": 1
                                                }
                                            ],
                                            "Plans": [
                                                {
                                                    "Node Type": "Hash Join",
                                                    "Parent Relationship": "Outer",
                                                    "Parallel Aware": true,
                                                    "Join Type": "Inner",
                                                    "Startup Cost": 20545.88,
                                                    "Total Cost": 66050.44,
                                                    "Plan Rows": 7860,
                                                    "Plan Width": 8,
                                                    "Actual Startup Time": 25.611,
                                                    "Actual Total Time": 143.286,
                                                    "Actual Rows": 940,
                                                    "Actual Loops": 7,
                                                    "Output": [
                                                        "t.id",
                                                        "mc.movie_id"
                                                    ],
                                                    "Inner Unique": false,
                                                    "Hash Cond": "(t.id = mc.movie_id)",
                                                    "Workers": [
                                                        {
                                                            "Worker Number": 0,
                                                            "Actual Startup Time": 24.001,
                                                            "Actual Total Time": 141.595,
                                                            "Actual Rows": 855,
                                                            "Actual Loops": 1
                                                        },
                                                        {
                                                            "Worker Number": 1,
                                                            "Actual Startup Time": 26.708,
                                                            "Actual Total Time": 142.029,
                                                            "Actual Rows": 887,
                                                            "Actual Loops": 1
                                                        },
                                                        {
                                                            "Worker Number": 2,
                                                            "Actual Startup Time": 22.62,
                                                            "Actual Total Time": 141.88,
                                                            "Actual Rows": 878,
                                                            "Actual Loops": 1
                                                        },
                                                        {
                                                            "Worker Number": 3,
                                                            "Actual Startup Time": 27.761,
                                                            "Actual Total Time": 141.886,
                                                            "Actual Rows": 847,
                                                            "Actual Loops": 1
                                                        },
                                                        {
                                                            "Worker Number": 4,
                                                            "Actual Startup Time": 24.257,
                                                            "Actual Total Time": 142.956,
                                                            "Actual Rows": 839,
                                                            "Actual Loops": 1
                                                        },
                                                        {
                                                            "Worker Number": 5,
                                                            "Actual Startup Time": 24.213,
                                                            "Actual Total Time": 143.122,
                                                            "Actual Rows": 888,
                                                            "Actual Loops": 1
                                                        }
                                                    ],
                                                    "Plans": [
                                                        {
                                                            "Node Type": "Seq Scan",
                                                            "Parent Relationship": "Outer",
                                                            "Parallel Aware": true,
                                                            "Relation Name": "title",
                                                            "Schema": "public",
                                                            "Alias": "t",
                                                            "Startup Cost": 0.0,
                                                            "Total Cost": 42318.81,
                                                            "Plan Rows": 632080,
                                                            "Plan Width": 4,
                                                            "Actual Startup Time": 0.017,
                                                            "Actual Total Time": 74.436,
                                                            "Actual Rows": 361187,
                                                            "Actual Loops": 7,
                                                            "Output": [
                                                                "t.id",
                                                                "t.title",
                                                                "t.imdb_index",
                                                                "t.kind_id",
                                                                "t.production_year",
                                                                "t.imdb_id",
                                                                "t.phonetic_code",
                                                                "t.episode_of_id",
                                                                "t.season_nr",
                                                                "t.episode_nr",
                                                                "t.series_years",
                                                                "t.md5sum"
                                                            ],
                                                            "Workers": [
                                                                {
                                                                    "Worker Number": 0,
                                                                    "Actual Startup Time": 0.024,
                                                                    "Actual Total Time": 76.691,
                                                                    "Actual Rows": 330734,
                                                                    "Actual Loops": 1
                                                                },
                                                                {
                                                                    "Worker Number": 1,
                                                                    "Actual Startup Time": 0.01,
                                                                    "Actual Total Time": 76.438,
                                                                    "Actual Rows": 331271,
                                                                    "Actual Loops": 1
                                                                },
                                                                {
                                                                    "Worker Number": 2,
                                                                    "Actual Startup Time": 0.017,
                                                                    "Actual Total Time": 76.332,
                                                                    "Actual Rows": 328933,
                                                                    "Actual Loops": 1
                                                                },
                                                                {
                                                                    "Worker Number": 3,
                                                                    "Actual Startup Time": 0.029,
                                                                    "Actual Total Time": 76.202,
                                                                    "Actual Rows": 332272,
                                                                    "Actual Loops": 1
                                                                },
                                                                {
                                                                    "Worker Number": 4,
                                                                    "Actual Startup Time": 0.018,
                                                                    "Actual Total Time": 76.37,
                                                                    "Actual Rows": 334662,
                                                                    "Actual Loops": 1
                                                                },
                                                                {
                                                                    "Worker Number": 5,
                                                                    "Actual Startup Time": 0.017,
                                                                    "Actual Total Time": 76.372,
                                                                    "Actual Rows": 330377,
                                                                    "Actual Loops": 1
                                                                }
                                                            ]
                                                        },
                                                        {
                                                            "Node Type": "Hash",
                                                            "Parent Relationship": "Inner",
                                                            "Parallel Aware": true,
                                                            "Startup Cost": 20419.12,
                                                            "Total Cost": 20419.12,
                                                            "Plan Rows": 10141,
                                                            "Plan Width": 4,
                                                            "Actual Startup Time": 23.031,
                                                            "Actual Total Time": 23.032,
                                                            "Actual Rows": 940,
                                                            "Actual Loops": 7,
                                                            "Output": [
                                                                "mc.movie_id"
                                                            ],
                                                            "Hash Buckets": 32768,
                                                            "Original Hash Buckets": 32768,
                                                            "Hash Batches": 1,
                                                            "Original Hash Batches": 1,
                                                            "Peak Memory Usage": 576,
                                                            "Workers": [
                                                                {
                                                                    "Worker Number": 0,
                                                                    "Actual Startup Time": 21.362,
                                                                    "Actual Total Time": 21.364,
                                                                    "Actual Rows": 568,
                                                                    "Actual Loops": 1
                                                                },
                                                                {
                                                                    "Worker Number": 1,
                                                                    "Actual Startup Time": 21.828,
                                                                    "Actual Total Time": 21.829,
                                                                    "Actual Rows": 771,
                                                                    "Actual Loops": 1
                                                                },
                                                                {
                                                                    "Worker Number": 2,
                                                                    "Actual Startup Time": 21.683,
                                                                    "Actual Total Time": 21.685,
                                                                    "Actual Rows": 764,
                                                                    "Actual Loops": 1
                                                                },
                                                                {
                                                                    "Worker Number": 3,
                                                                    "Actual Startup Time": 21.675,
                                                                    "Actual Total Time": 21.676,
                                                                    "Actual Rows": 921,
                                                                    "Actual Loops": 1
                                                                },
                                                                {
                                                                    "Worker Number": 4,
                                                                    "Actual Startup Time": 22.771,
                                                                    "Actual Total Time": 22.772,
                                                                    "Actual Rows": 595,
                                                                    "Actual Loops": 1
                                                                },
                                                                {
                                                                    "Worker Number": 5,
                                                                    "Actual Startup Time": 22.9,
                                                                    "Actual Total Time": 22.901,
                                                                    "Actual Rows": 634,
                                                                    "Actual Loops": 1
                                                                }
                                                            ],
                                                            "Plans": [
                                                                {
                                                                    "Node Type": "Bitmap Heap Scan",
                                                                    "Parent Relationship": "Outer",
                                                                    "Parallel Aware": true,
                                                                    "Relation Name": "movie_companies",
                                                                    "Schema": "public",
                                                                    "Alias": "mc",
                                                                    "Startup Cost": 1330.75,
                                                                    "Total Cost": 20419.12,
                                                                    "Plan Rows": 10141,
                                                                    "Plan Width": 4,
                                                                    "Actual Startup Time": 20.7,
                                                                    "Actual Total Time": 22.332,
                                                                    "Actual Rows": 940,
                                                                    "Actual Loops": 7,
                                                                    "Output": [
                                                                        "mc.movie_id"
                                                                    ],
                                                                    "Recheck Cond": "(mc.company_id = 6)",
                                                                    "Rows Removed by Index Recheck": 0,
                                                                    "Filter": "(mc.company_type_id = 2)",
                                                                    "Rows Removed by Filter": 7928,
                                                                    "Exact Heap Blocks": 2785,
                                                                    "Lossy Heap Blocks": 0,
                                                                    "Workers": [
                                                                        {
                                                                            "Worker Number": 0,
                                                                            "Actual Startup Time": 19.039,
                                                                            "Actual Total Time": 20.829,
                                                                            "Actual Rows": 568,
                                                                            "Actual Loops": 1
                                                                        },
                                                                        {
                                                                            "Worker Number": 1,
                                                                            "Actual Startup Time": 19.506,
                                                                            "Actual Total Time": 21.042,
                                                                            "Actual Rows": 771,
                                                                            "Actual Loops": 1
                                                                        },
                                                                        {
                                                                            "Worker Number": 2,
                                                                            "Actual Startup Time": 19.378,
                                                                            "Actual Total Time": 20.893,
                                                                            "Actual Rows": 764,
                                                                            "Actual Loops": 1
                                                                        },
                                                                        {
                                                                            "Worker Number": 3,
                                                                            "Actual Startup Time": 19.372,
                                                                            "Actual Total Time": 21.076,
                                                                            "Actual Rows": 921,
                                                                            "Actual Loops": 1
                                                                        },
                                                                        {
                                                                            "Worker Number": 4,
                                                                            "Actual Startup Time": 20.404,
                                                                            "Actual Total Time": 22.005,
                                                                            "Actual Rows": 595,
                                                                            "Actual Loops": 1
                                                                        },
                                                                        {
                                                                            "Worker Number": 5,
                                                                            "Actual Startup Time": 20.572,
                                                                            "Actual Total Time": 22.235,
                                                                            "Actual Rows": 634,
                                                                            "Actual Loops": 1
                                                                        }
                                                                    ],
                                                                    "Plans": [
                                                                        {
                                                                            "Node Type": "Bitmap Index Scan",
                                                                            "Parent Relationship": "Outer",
                                                                            "Parallel Aware": false,
                                                                            "Index Name": "company_id_movie_companies",
                                                                            "Startup Cost": 0.0,
                                                                            "Total Cost": 1322.89,
                                                                            "Plan Rows": 61662,
                                                                            "Plan Width": 0,
                                                                            "Actual Startup Time": 9.316,
                                                                            "Actual Total Time": 9.316,
                                                                            "Actual Rows": 62075,
                                                                            "Actual Loops": 1,
                                                                            "Index Cond": "(mc.company_id = 6)"
                                                                        }
                                                                    ]
                                                                }
                                                            ]
                                                        }
                                                    ]
                                                }
                                            ]
                                        }
                                    ]
                                }
                            ]
                        }
                    ]
                }
            ]
        },
        "Planning Time": 4446.527,
        "Triggers": [],
        "Execution Time": 1388.951
    }
]