[
  {
    "Plan": {
      "Node Type": "Aggregate",
      "Strategy": "Plain",
      "Partial Mode": "Finalize",
      "Parallel Aware": false,
      "Startup Cost": 272830.06,
      "Total Cost": 272830.07,
      "Plan Rows": 1,
      "Plan Width": 8,
      "Actual Startup Time": 1494.533,
      "Actual Total Time": 1547.425,
      "Actual Rows": 1,
      "Actual Loops": 1,
      "Plans": [
        {
          "Node Type": "Gather",
          "Parent Relationship": "Outer",
          "Parallel Aware": false,
          "Startup Cost": 272829.85,
          "Total Cost": 272830.06,
          "Plan Rows": 2,
          "Plan Width": 8,
          "Actual Startup Time": 1481.548,
          "Actual Total Time": 1547.413,
          "Actual Rows": 3,
          "Actual Loops": 1,
          "Workers Planned": 2,
          "Workers Launched": 2,
          "Single Copy": false,
          "Plans": [
            {
              "Node Type": "Aggregate",
              "Strategy": "Plain",
              "Partial Mode": "Partial",
              "Parent Relationship": "Outer",
              "Parallel Aware": false,
              "Startup Cost": 271829.85,
              "Total Cost": 271829.86,
              "Plan Rows": 1,
              "Plan Width": 8,
              "Actual Startup Time": 1471.742,
              "Actual Total Time": 1472.073,
              "Actual Rows": 1,
              "Actual Loops": 3,
              "Plans": [
                {
                  "Node Type": "Hash Join",
                  "Parent Relationship": "Outer",
                  "Parallel Aware": true,
                  "Join Type": "Inner",
                  "Startup Cost": 254532.4,
                  "Total Cost": 271020.96,
                  "Plan Rows": 323555,
                  "Plan Width": 0,
                  "Actual Startup Time": 1310.436,
                  "Actual Total Time": 1457.075,
                  "Actual Rows": 326047,
                  "Actual Loops": 3,
                  "Inner Unique": false,
                  "Hash Cond": "(mi_idx.movie_id = t.id)",
                  "Plans": [
                    {
                      "Node Type": "Seq Scan",
                      "Parent Relationship": "Outer",
                      "Parallel Aware": true,
                      "Relation Name": "movie_info_idx",
                      "Alias": "mi_idx",
                      "Startup Cost": 0.0,
                      "Total Cost": 13685.15,
                      "Plan Rows": 575015,
                      "Plan Width": 4,
                      "Actual Startup Time": 0.034,
                      "Actual Total Time": 40.235,
                      "Actual Rows": 460012,
                      "Actual Loops": 3
                    },
                    {
                      "Node Type": "Hash",
                      "Parent Relationship": "Inner",
                      "Parallel Aware": true,
                      "Startup Cost": 250975.77,
                      "Total Cost": 250975.77,
                      "Plan Rows": 284530,
                      "Plan Width": 8,
                      "Actual Startup Time": 1300.709,
                      "Actual Total Time": 1301.038,
                      "Actual Rows": 338765,
                      "Actual Loops": 3,
                      "Hash Buckets": 2097152,
                      "Original Hash Buckets": 2097152,
                      "Hash Batches": 1,
                      "Original Hash Batches": 1,
                      "Peak Memory Usage": 56192,
                      "Plans": [
                        {
                          "Node Type": "Hash Join",
                          "Parent Relationship": "Outer",
                          "Parallel Aware": true,
                          "Join Type": "Inner",
                          "Startup Cost": 50943.74,
                          "Total Cost": 250975.77,
                          "Plan Rows": 284530,
                          "Plan Width": 8,
                          "Actual Startup Time": 411.945,
                          "Actual Total Time": 1165.93,
                          "Actual Rows": 338765,
                          "Actual Loops": 3,
                          "Inner Unique": true,
                          "Hash Cond": "(mi.movie_id = t.id)",
                          "Plans": [
                            {
                              "Node Type": "Seq Scan",
                              "Parent Relationship": "Outer",
                              "Parallel Aware": true,
                              "Relation Name": "movie_info",
                              "Alias": "mi",
                              "Startup Cost": 0.0,
                              "Total Cost": 198952.16,
                              "Plan Rows": 411380,
                              "Plan Width": 4,
                              "Actual Startup Time": 51.838,
                              "Actual Total Time": 516.18,
                              "Actual Rows": 697023,
                              "Actual Loops": 3,
                              "Filter": "(info_type_id < 3)",
                              "Rows Removed by Filter": 4248217
                            },
                            {
                              "Node Type": "Hash",
                              "Parent Relationship": "Inner",
                              "Parallel Aware": true,
                              "Startup Cost": 45479.1,
                              "Total Cost": 45479.1,
                              "Plan Rows": 437171,
                              "Plan Width": 4,
                              "Actual Startup Time": 355.121,
                              "Actual Total Time": 355.122,
                              "Actual Rows": 599968,
                              "Actual Loops": 3,
                              "Hash Buckets": 2097152,
                              "Original Hash Buckets": 2097152,
                              "Hash Batches": 1,
                              "Original Hash Batches": 1,
                              "Peak Memory Usage": 86848,
                              "Plans": [
                                {
                                  "Node Type": "Seq Scan",
                                  "Parent Relationship": "Outer",
                                  "Parallel Aware": true,
                                  "Relation Name": "title",
                                  "Alias": "t",
                                  "Startup Cost": 0.0,
                                  "Total Cost": 45479.1,
                                  "Plan Rows": 437171,
                                  "Plan Width": 4,
                                  "Actual Startup Time": 0.037,
                                  "Actual Total Time": 149.164,
                                  "Actual Rows": 599968,
                                  "Actual Loops": 3,
                                  "Filter": "((kind_id > 1) AND (production_year > 1920))",
                                  "Rows Removed by Filter": 242802
                                }
                              ]
                            }
                          ]
                        }
                      ]
                    }
                  ]
                }
              ]
            }
          ]
        }
      ]
    },
    "Planning Time": 1.418,
    "Triggers": [],
    "Execution Time": 1547.52
  }
]