[
  {
    "Plan": {
      "Node Type": "Aggregate",
      "Strategy": "Plain",
      "Partial Mode": "Finalize",
      "Parallel Aware": false,
      "Startup Cost": 74451.55,
      "Total Cost": 74451.56,
      "Plan Rows": 1,
      "Plan Width": 8,
      "Actual Startup Time": 129.244,
      "Actual Total Time": 150.625,
      "Actual Rows": 1,
      "Actual Loops": 1,
      "Plans": [
        {
          "Node Type": "Gather",
          "Parent Relationship": "Outer",
          "Parallel Aware": false,
          "Startup Cost": 74451.13,
          "Total Cost": 74451.54,
          "Plan Rows": 4,
          "Plan Width": 8,
          "Actual Startup Time": 129.139,
          "Actual Total Time": 150.617,
          "Actual Rows": 5,
          "Actual Loops": 1,
          "Workers Planned": 4,
          "Workers Launched": 4,
          "Single Copy": false,
          "Plans": [
            {
              "Node Type": "Aggregate",
              "Strategy": "Plain",
              "Partial Mode": "Partial",
              "Parent Relationship": "Outer",
              "Parallel Aware": false,
              "Startup Cost": 73451.13,
              "Total Cost": 73451.14,
              "Plan Rows": 1,
              "Plan Width": 8,
              "Actual Startup Time": 119.152,
              "Actual Total Time": 119.153,
              "Actual Rows": 1,
              "Actual Loops": 5,
              "Plans": [
                {
                  "Node Type": "Nested Loop",
                  "Parent Relationship": "Outer",
                  "Parallel Aware": false,
                  "Join Type": "Inner",
                  "Startup Cost": 0.56,
                  "Total Cost": 73448.41,
                  "Plan Rows": 1091,
                  "Plan Width": 0,
                  "Actual Startup Time": 57.446,
                  "Actual Total Time": 118.851,
                  "Actual Rows": 2817,
                  "Actual Loops": 5,
                  "Inner Unique": false,
                  "Plans": [
                    {
                      "Node Type": "Seq Scan",
                      "Parent Relationship": "Outer",
                      "Parallel Aware": true,
                      "Relation Name": "title",
                      "Alias": "t",
                      "Startup Cost": 0.0,
                      "Total Cost": 45479.1,
                      "Plan Rows": 192,
                      "Plan Width": 4,
                      "Actual Startup Time": 55.315,
                      "Actual Total Time": 76.971,
                      "Actual Rows": 643,
                      "Actual Loops": 5,
                      "Filter": "((production_year > 2013) AND (kind_id = 1))",
                      "Rows Removed by Filter": 505019
                    },
                    {
                      "Node Type": "Index Scan",
                      "Parent Relationship": "Inner",
                      "Parallel Aware": false,
                      "Scan Direction": "Forward",
                      "Index Name": "movie_id_cast_info",
                      "Relation Name": "cast_info",
                      "Alias": "ci",
                      "Startup Cost": 0.56,
                      "Total Cost": 145.52,
                      "Plan Rows": 15,
                      "Plan Width": 4,
                      "Actual Startup Time": 0.022,
                      "Actual Total Time": 0.064,
                      "Actual Rows": 4,
                      "Actual Loops": 3217,
                      "Index Cond": "(movie_id = t.id)",
                      "Rows Removed by Index Recheck": 0,
                      "Filter": "((person_id < 2729193) AND (role_id < 3))",
                      "Rows Removed by Filter": 8
                    }
                  ]
                }
              ]
            }
          ]
        }
      ]
    },
    "Planning Time": 0.726,
    "Triggers": [],
    "Execution Time": 150.715
  }
]