{
    "Plan": {
        "Node Type": "Aggregate",
        "Strategy": "Plain",
        "Partial Mode": "Finalize",
        "Parallel Aware": false,
        "Startup Cost": 406804.31,
        "Total Cost": 406804.32,
        "Plan Rows": 1,
        "Plan Width": 8,
        "Actual Startup Time": 1698.365,
        "Actual Total Time": 1755.206,
        "Actual Rows": 1,
        "Actual Loops": 1,
        "Output": [
            "count(*)"
        ],
        "Plans": [
            {
                "Node Type": "Gather",
                "Parent Relationship": "Outer",
                "Parallel Aware": false,
                "Startup Cost": 406803.68,
                "Total Cost": 406804.29,
                "Plan Rows": 6,
                "Plan Width": 8,
                "Actual Startup Time": 1686.236,
                "Actual Total Time": 1755.194,
                "Actual Rows": 7,
                "Actual Loops": 1,
                "Output": [
                    "(PARTIAL count(*))"
                ],
                "Workers Planned": 6,
                "Workers Launched": 6,
                "Single Copy": false,
                "Plans": [
                    {
                        "Node Type": "Aggregate",
                        "Strategy": "Plain",
                        "Partial Mode": "Partial",
                        "Parent Relationship": "Outer",
                        "Parallel Aware": false,
                        "Startup Cost": 405803.68,
                        "Total Cost": 405803.69,
                        "Plan Rows": 1,
                        "Plan Width": 8,
                        "Actual Startup Time": 1675.098,
                        "Actual Total Time": 1675.291,
                        "Actual Rows": 1,
                        "Actual Loops": 7,
                        "Output": [
                            "PARTIAL count(*)"
                        ],
                        "Workers": [
                            {
                                "Worker Number": 0,
                                "Actual Startup Time": 1673.439,
                                "Actual Total Time": 1673.444,
                                "Actual Rows": 1,
                                "Actual Loops": 1
                            },
                            {
                                "Worker Number": 1,
                                "Actual Startup Time": 1672.712,
                                "Actual Total Time": 1672.72,
                                "Actual Rows": 1,
                                "Actual Loops": 1
                            },
                            {
                                "Worker Number": 2,
                                "Actual Startup Time": 1672.766,
                                "Actual Total Time": 1672.772,
                                "Actual Rows": 1,
                                "Actual Loops": 1
                            },
                            {
                                "Worker Number": 3,
                                "Actual Startup Time": 1673.77,
                                "Actual Total Time": 1673.775,
                                "Actual Rows": 1,
                                "Actual Loops": 1
                            },
                            {
                                "Worker Number": 4,
                                "Actual Startup Time": 1673.932,
                                "Actual Total Time": 1673.936,
                                "Actual Rows": 1,
                                "Actual Loops": 1
                            },
                            {
                                "Worker Number": 5,
                                "Actual Startup Time": 1673.814,
                                "Actual Total Time": 1673.819,
                                "Actual Rows": 1,
                                "Actual Loops": 1
                            }
                        ],
                        "Plans": [
                            {
                                "Node Type": "Hash Join",
                                "Parent Relationship": "Outer",
                                "Parallel Aware": true,
                                "Join Type": "Inner",
                                "Startup Cost": 65029.45,
                                "Total Cost": 404846.46,
                                "Plan Rows": 382888,
                                "Plan Width": 0,
                                "Actual Startup Time": 649.761,
                                "Actual Total Time": 1619.476,
                                "Actual Rows": 1026783,
                                "Actual Loops": 7,
                                "Inner Unique": false,
                                "Hash Cond": "(ci.movie_id = t.id)",
                                "Workers": [
                                    {
                                        "Worker Number": 0,
                                        "Actual Startup Time": 647.468,
                                        "Actual Total Time": 1615.15,
                                        "Actual Rows": 932709,
                                        "Actual Loops": 1
                                    },
                                    {
                                        "Worker Number": 1,
                                        "Actual Startup Time": 647.5,
                                        "Actual Total Time": 1618.771,
                                        "Actual Rows": 863225,
                                        "Actual Loops": 1
                                    },
                                    {
                                        "Worker Number": 2,
                                        "Actual Startup Time": 647.501,
                                        "Actual Total Time": 1618.242,
                                        "Actual Rows": 872041,
                                        "Actual Loops": 1
                                    },
                                    {
                                        "Worker Number": 3,
                                        "Actual Startup Time": 648.557,
                                        "Actual Total Time": 1615.817,
                                        "Actual Rows": 915406,
                                        "Actual Loops": 1
                                    },
                                    {
                                        "Worker Number": 4,
                                        "Actual Startup Time": 648.736,
                                        "Actual Total Time": 1615.157,
                                        "Actual Rows": 940159,
                                        "Actual Loops": 1
                                    },
                                    {
                                        "Worker Number": 5,
                                        "Actual Startup Time": 648.576,
                                        "Actual Total Time": 1626.235,
                                        "Actual Rows": 1200582,
                                        "Actual Loops": 1
                                    }
                                ],
                                "Plans": [
                                    {
                                        "Node Type": "Seq Scan",
                                        "Parent Relationship": "Outer",
                                        "Parallel Aware": true,
                                        "Relation Name": "cast_info",
                                        "Schema": "public",
                                        "Alias": "ci",
                                        "Startup Cost": 0.0,
                                        "Total Cost": 328213.62,
                                        "Plan Rows": 2668808,
                                        "Plan Width": 4,
                                        "Actual Startup Time": 367.896,
                                        "Actual Total Time": 756.403,
                                        "Actual Rows": 2303098,
                                        "Actual Loops": 7,
                                        "Output": [
                                            "ci.id",
                                            "ci.person_id",
                                            "ci.movie_id",
                                            "ci.person_role_id",
                                            "ci.note",
                                            "ci.nr_order",
                                            "ci.role_id"
                                        ],
                                        "Filter": "(ci.role_id > 2)",
                                        "Rows Removed by Filter": 2874666,
                                        "Workers": [
                                            {
                                                "Worker Number": 0,
                                                "Actual Startup Time": 367.832,
                                                "Actual Total Time": 771.603,
                                                "Actual Rows": 2079542,
                                                "Actual Loops": 1
                                            },
                                            {
                                                "Worker Number": 1,
                                                "Actual Startup Time": 367.951,
                                                "Actual Total Time": 758.573,
                                                "Actual Rows": 1942893,
                                                "Actual Loops": 1
                                            },
                                            {
                                                "Worker Number": 2,
                                                "Actual Startup Time": 367.968,
                                                "Actual Total Time": 761.227,
                                                "Actual Rows": 1964218,
                                                "Actual Loops": 1
                                            },
                                            {
                                                "Worker Number": 3,
                                                "Actual Startup Time": 367.937,
                                                "Actual Total Time": 771.163,
                                                "Actual Rows": 2045530,
                                                "Actual Loops": 1
                                            },
                                            {
                                                "Worker Number": 4,
                                                "Actual Startup Time": 367.822,
                                                "Actual Total Time": 771.391,
                                                "Actual Rows": 2093533,
                                                "Actual Loops": 1
                                            },
                                            {
                                                "Worker Number": 5,
                                                "Actual Startup Time": 367.9,
                                                "Actual Total Time": 738.534,
                                                "Actual Rows": 2702558,
                                                "Actual Loops": 1
                                            }
                                        ]
                                    },
                                    {
                                        "Node Type": "Hash",
                                        "Parent Relationship": "Inner",
                                        "Parallel Aware": true,
                                        "Startup Cost": 63140.21,
                                        "Total Cost": 63140.21,
                                        "Plan Rows": 151139,
                                        "Plan Width": 8,
                                        "Actual Startup Time": 279.318,
                                        "Actual Total Time": 279.509,
                                        "Actual Rows": 90900,
                                        "Actual Loops": 7,
                                        "Output": [
                                            "t.id",
                                            "mi_idx.movie_id"
                                        ],
                                        "Hash Buckets": 1048576,
                                        "Original Hash Buckets": 524288,
                                        "Hash Batches": 1,
                                        "Original Hash Batches": 1,
                                        "Peak Memory Usage": 37312,
                                        "Workers": [
                                            {
                                                "Worker Number": 0,
                                                "Actual Startup Time": 278.554,
                                                "Actual Total Time": 278.557,
                                                "Actual Rows": 86738,
                                                "Actual Loops": 1
                                            },
                                            {
                                                "Worker Number": 1,
                                                "Actual Startup Time": 278.875,
                                                "Actual Total Time": 278.88,
                                                "Actual Rows": 82172,
                                                "Actual Loops": 1
                                            },
                                            {
                                                "Worker Number": 2,
                                                "Actual Startup Time": 278.897,
                                                "Actual Total Time": 278.901,
                                                "Actual Rows": 82276,
                                                "Actual Loops": 1
                                            },
                                            {
                                                "Worker Number": 3,
                                                "Actual Startup Time": 279.907,
                                                "Actual Total Time": 279.911,
                                                "Actual Rows": 82636,
                                                "Actual Loops": 1
                                            },
                                            {
                                                "Worker Number": 4,
                                                "Actual Startup Time": 280.097,
                                                "Actual Total Time": 280.1,
                                                "Actual Rows": 87172,
                                                "Actual Loops": 1
                                            },
                                            {
                                                "Worker Number": 5,
                                                "Actual Startup Time": 279.786,
                                                "Actual Total Time": 279.79,
                                                "Actual Rows": 111887,
                                                "Actual Loops": 1
                                            }
                                        ],
                                        "Plans": [
                                            {
                                                "Node Type": "Hash Join",
                                                "Parent Relationship": "Outer",
                                                "Parallel Aware": true,
                                                "Join Type": "Inner",
                                                "Startup Cost": 47009.89,
                                                "Total Cost": 63140.21,
                                                "Plan Rows": 151139,
                                                "Plan Width": 8,
                                                "Actual Startup Time": 154.844,
                                                "Actual Total Time": 230.354,
                                                "Actual Rows": 90900,
                                                "Actual Loops": 7,
                                                "Output": [
                                                    "t.id",
                                                    "mi_idx.movie_id"
                                                ],
                                                "Inner Unique": true,
                                                "Hash Cond": "(mi_idx.movie_id = t.id)",
                                                "Workers": [
                                                    {
                                                        "Worker Number": 0,
                                                        "Actual Startup Time": 154.642,
                                                        "Actual Total Time": 230.442,
                                                        "Actual Rows": 86738,
                                                        "Actual Loops": 1
                                                    },
                                                    {
                                                        "Worker Number": 1,
                                                        "Actual Startup Time": 154.578,
                                                        "Actual Total Time": 230.148,
                                                        "Actual Rows": 82172,
                                                        "Actual Loops": 1
                                                    },
                                                    {
                                                        "Worker Number": 2,
                                                        "Actual Startup Time": 154.741,
                                                        "Actual Total Time": 229.838,
                                                        "Actual Rows": 82276,
                                                        "Actual Loops": 1
                                                    },
                                                    {
                                                        "Worker Number": 3,
                                                        "Actual Startup Time": 155.093,
                                                        "Actual Total Time": 230.277,
                                                        "Actual Rows": 82636,
                                                        "Actual Loops": 1
                                                    },
                                                    {
                                                        "Worker Number": 4,
                                                        "Actual Startup Time": 154.861,
                                                        "Actual Total Time": 230.873,
                                                        "Actual Rows": 87172,
                                                        "Actual Loops": 1
                                                    },
                                                    {
                                                        "Worker Number": 5,
                                                        "Actual Startup Time": 154.928,
                                                        "Actual Total Time": 230.528,
                                                        "Actual Rows": 111887,
                                                        "Actual Loops": 1
                                                    }
                                                ],
                                                "Plans": [
                                                    {
                                                        "Node Type": "Seq Scan",
                                                        "Parent Relationship": "Outer",
                                                        "Parallel Aware": true,
                                                        "Relation Name": "movie_info_idx",
                                                        "Schema": "public",
                                                        "Alias": "mi_idx",
                                                        "Startup Cost": 0.0,
                                                        "Total Cost": 15122.68,
                                                        "Plan Rows": 383860,
                                                        "Plan Width": 4,
                                                        "Actual Startup Time": 0.019,
                                                        "Actual Total Time": 30.936,
                                                        "Actual Rows": 131444,
                                                        "Actual Loops": 7,
                                                        "Output": [
                                                            "mi_idx.id",
                                                            "mi_idx.movie_id",
                                                            "mi_idx.info_type_id",
                                                            "mi_idx.info",
                                                            "mi_idx.note"
                                                        ],
                                                        "Filter": "(mi_idx.info_type_id > 99)",
                                                        "Rows Removed by Filter": 65704,
                                                        "Workers": [
                                                            {
                                                                "Worker Number": 0,
                                                                "Actual Startup Time": 0.013,
                                                                "Actual Total Time": 32.133,
                                                                "Actual Rows": 122171,
                                                                "Actual Loops": 1
                                                            },
                                                            {
                                                                "Worker Number": 1,
                                                                "Actual Startup Time": 0.021,
                                                                "Actual Total Time": 31.274,
                                                                "Actual Rows": 114454,
                                                                "Actual Loops": 1
                                                            },
                                                            {
                                                                "Worker Number": 2,
                                                                "Actual Startup Time": 0.016,
                                                                "Actual Total Time": 31.344,
                                                                "Actual Rows": 115488,
                                                                "Actual Loops": 1
                                                            },
                                                            {
                                                                "Worker Number": 3,
                                                                "Actual Startup Time": 0.027,
                                                                "Actual Total Time": 32.257,
                                                                "Actual Rows": 118703,
                                                                "Actual Loops": 1
                                                            },
                                                            {
                                                                "Worker Number": 4,
                                                                "Actual Startup Time": 0.027,
                                                                "Actual Total Time": 32.607,
                                                                "Actual Rows": 125442,
                                                                "Actual Loops": 1
                                                            },
                                                            {
                                                                "Worker Number": 5,
                                                                "Actual Startup Time": 0.016,
                                                                "Actual Total Time": 29.352,
                                                                "Actual Rows": 159653,
                                                                "Actual Loops": 1
                                                            }
                                                        ]
                                                    },
                                                    {
                                                        "Node Type": "Hash",
                                                        "Parent Relationship": "Inner",
                                                        "Parallel Aware": true,
                                                        "Startup Cost": 43899.01,
                                                        "Total Cost": 43899.01,
                                                        "Plan Rows": 248871,
                                                        "Plan Width": 4,
                                                        "Actual Startup Time": 152.952,
                                                        "Actual Total Time": 152.953,
                                                        "Actual Rows": 140721,
                                                        "Actual Loops": 7,
                                                        "Output": [
                                                            "t.id"
                                                        ],
                                                        "Hash Buckets": 1048576,
                                                        "Original Hash Buckets": 1048576,
                                                        "Hash Batches": 1,
                                                        "Original Hash Batches": 1,
                                                        "Peak Memory Usage": 46848,
                                                        "Workers": [
                                                            {
                                                                "Worker Number": 0,
                                                                "Actual Startup Time": 154.275,
                                                                "Actual Total Time": 154.277,
                                                                "Actual Rows": 126595,
                                                                "Actual Loops": 1
                                                            },
                                                            {
                                                                "Worker Number": 1,
                                                                "Actual Startup Time": 154.432,
                                                                "Actual Total Time": 154.433,
                                                                "Actual Rows": 119984,
                                                                "Actual Loops": 1
                                                            },
                                                            {
                                                                "Worker Number": 2,
                                                                "Actual Startup Time": 154.454,
                                                                "Actual Total Time": 154.455,
                                                                "Actual Rows": 121113,
                                                                "Actual Loops": 1
                                                            },
                                                            {
                                                                "Worker Number": 3,
                                                                "Actual Startup Time": 154.711,
                                                                "Actual Total Time": 154.713,
                                                                "Actual Rows": 111069,
                                                                "Actual Loops": 1
                                                            },
                                                            {
                                                                "Worker Number": 4,
                                                                "Actual Startup Time": 154.572,
                                                                "Actual Total Time": 154.573,
                                                                "Actual Rows": 127318,
                                                                "Actual Loops": 1
                                                            },
                                                            {
                                                                "Worker Number": 5,
                                                                "Actual Startup Time": 154.523,
                                                                "Actual Total Time": 154.524,
                                                                "Actual Rows": 161149,
                                                                "Actual Loops": 1
                                                            }
                                                        ],
                                                        "Plans": [
                                                            {
                                                                "Node Type": "Seq Scan",
                                                                "Parent Relationship": "Outer",
                                                                "Parallel Aware": true,
                                                                "Relation Name": "title",
                                                                "Schema": "public",
                                                                "Alias": "t",
                                                                "Startup Cost": 0.0,
                                                                "Total Cost": 43899.01,
                                                                "Plan Rows": 248871,
                                                                "Plan Width": 4,
                                                                "Actual Startup Time": 0.071,
                                                                "Actual Total Time": 83.807,
                                                                "Actual Rows": 140721,
                                                                "Actual Loops": 7,
                                                                "Output": [
                                                                    "t.id"
                                                                ],
                                                                "Filter": "(t.kind_id < 7)",
                                                                "Rows Removed by Filter": 220466,
                                                                "Workers": [
                                                                    {
                                                                        "Worker Number": 0,
                                                                        "Actual Startup Time": 0.088,
                                                                        "Actual Total Time": 85.315,
                                                                        "Actual Rows": 126595,
                                                                        "Actual Loops": 1
                                                                    },
                                                                    {
                                                                        "Worker Number": 1,
                                                                        "Actual Startup Time": 0.08,
                                                                        "Actual Total Time": 84.516,
                                                                        "Actual Rows": 119984,
                                                                        "Actual Loops": 1
                                                                    },
                                                                    {
                                                                        "Worker Number": 2,
                                                                        "Actual Startup Time": 0.083,
                                                                        "Actual Total Time": 84.339,
                                                                        "Actual Rows": 121113,
                                                                        "Actual Loops": 1
                                                                    },
                                                                    {
                                                                        "Worker Number": 3,
                                                                        "Actual Startup Time": 0.077,
                                                                        "Actual Total Time": 86.735,
                                                                        "Actual Rows": 111069,
                                                                        "Actual Loops": 1
                                                                    },
                                                                    {
                                                                        "Worker Number": 4,
                                                                        "Actual Startup Time": 0.076,
                                                                        "Actual Total Time": 84.652,
                                                                        "Actual Rows": 127318,
                                                                        "Actual Loops": 1
                                                                    },
                                                                    {
                                                                        "Worker Number": 5,
                                                                        "Actual Startup Time": 0.078,
                                                                        "Actual Total Time": 82.806,
                                                                        "Actual Rows": 161149,
                                                                        "Actual Loops": 1
                                                                    }
                                                                ]
                                                            }
                                                        ]
                                                    }
                                                ]
                                            }
                                        ]
                                    }
                                ]
                            }
                        ]
                    }
                ]
            }
        ]
    },
    "Planning Time": 1.413,
    "Triggers": [],
    "Execution Time": 1755.307
}