[
  {
    "Plan": {
      "Node Type": "Aggregate",
      "Strategy": "Plain",
      "Partial Mode": "Finalize",
      "Parallel Aware": false,
      "Startup Cost": 371381.64,
      "Total Cost": 371381.65,
      "Plan Rows": 1,
      "Plan Width": 8,
      "Actual Startup Time": 405.116,
      "Actual Total Time": 426.055,
      "Actual Rows": 1,
      "Actual Loops": 1,
      "Plans": [
        {
          "Node Type": "Gather",
          "Parent Relationship": "Outer",
          "Parallel Aware": false,
          "Startup Cost": 371381.02,
          "Total Cost": 371381.63,
          "Plan Rows": 6,
          "Plan Width": 8,
          "Actual Startup Time": 402.665,
          "Actual Total Time": 426.046,
          "Actual Rows": 7,
          "Actual Loops": 1,
          "Workers Planned": 6,
          "Workers Launched": 6,
          "Single Copy": false,
          "Plans": [
            {
              "Node Type": "Aggregate",
              "Strategy": "Plain",
              "Partial Mode": "Partial",
              "Parent Relationship": "Outer",
              "Parallel Aware": false,
              "Startup Cost": 370381.02,
              "Total Cost": 370381.03,
              "Plan Rows": 1,
              "Plan Width": 8,
              "Actual Startup Time": 391.623,
              "Actual Total Time": 391.666,
              "Actual Rows": 1,
              "Actual Loops": 7,
              "Plans": [
                {
                  "Node Type": "Hash Join",
                  "Parent Relationship": "Outer",
                  "Parallel Aware": true,
                  "Join Type": "Inner",
                  "Startup Cost": 109920.57,
                  "Total Cost": 370366.87,
                  "Plan Rows": 5658,
                  "Plan Width": 0,
                  "Actual Startup Time": 204.296,
                  "Actual Total Time": 389.828,
                  "Actual Rows": 27062,
                  "Actual Loops": 7,
                  "Inner Unique": true,
                  "Hash Cond": "(ci.movie_id = t.id)",
                  "Plans": [
                    {
                      "Node Type": "Bitmap Heap Scan",
                      "Parent Relationship": "Outer",
                      "Parallel Aware": true,
                      "Relation Name": "cast_info",
                      "Alias": "ci",
                      "Startup Cost": 64175.4,
                      "Total Cost": 324180.67,
                      "Plan Rows": 168011,
                      "Plan Width": 4,
                      "Actual Startup Time": 101.149,
                      "Actual Total Time": 222.094,
                      "Actual Rows": 306299,
                      "Actual Loops": 7,
                      "Recheck Cond": "(person_id < 289370)",
                      "Rows Removed by Index Recheck": 0,
                      "Filter": "(role_id = 1)",
                      "Rows Removed by Filter": 118766,
                      "Exact Heap Blocks": 8604,
                      "Lossy Heap Blocks": 0,
                      "Plans": [
                        {
                          "Node Type": "Bitmap Index Scan",
                          "Parent Relationship": "Outer",
                          "Parallel Aware": false,
                          "Index Name": "person_id_cast_info",
                          "Startup Cost": 0.0,
                          "Total Cost": 63923.38,
                          "Plan Rows": 2927309,
                          "Plan Width": 0,
                          "Actual Startup Time": 95.716,
                          "Actual Total Time": 95.717,
                          "Actual Rows": 2975457,
                          "Actual Loops": 1,
                          "Index Cond": "(person_id < 289370)"
                        }
                      ]
                    },
                    {
                      "Node Type": "Hash",
                      "Parent Relationship": "Inner",
                      "Parallel Aware": true,
                      "Startup Cost": 45479.1,
                      "Total Cost": 45479.1,
                      "Plan Rows": 21286,
                      "Plan Width": 4,
                      "Actual Startup Time": 101.486,
                      "Actual Total Time": 101.487,
                      "Actual Rows": 31085,
                      "Actual Loops": 7,
                      "Hash Buckets": 262144,
                      "Original Hash Buckets": 131072,
                      "Hash Batches": 1,
                      "Original Hash Batches": 1,
                      "Peak Memory Usage": 11712,
                      "Plans": [
                        {
                          "Node Type": "Seq Scan",
                          "Parent Relationship": "Outer",
                          "Parallel Aware": true,
                          "Relation Name": "title",
                          "Alias": "t",
                          "Startup Cost": 0.0,
                          "Total Cost": 45479.1,
                          "Plan Rows": 21286,
                          "Plan Width": 4,
                          "Actual Startup Time": 49.358,
                          "Actual Total Time": 83.122,
                          "Actual Rows": 31085,
                          "Actual Loops": 7,
                          "Filter": "((kind_id < 2) AND (production_year < 1968))",
                          "Rows Removed by Filter": 330102
                        }
                      ]
                    }
                  ]
                }
              ]
            }
          ]
        }
      ]
    },
    "Planning Time": 0.636,
    "Triggers": [],
    "Execution Time": 426.148
  }
]