[
  {
    "Plan": {
      "Node Type": "Aggregate",
      "Strategy": "Plain",
      "Partial Mode": "Finalize",
      "Parallel Aware": false,
      "Startup Cost": 31723.02,
      "Total Cost": 31723.03,
      "Plan Rows": 1,
      "Plan Width": 8,
      "Actual Startup Time": 119.106,
      "Actual Total Time": 127.189,
      "Actual Rows": 1,
      "Actual Loops": 1,
      "Plans": [
        {
          "Node Type": "Gather",
          "Parent Relationship": "Outer",
          "Parallel Aware": false,
          "Startup Cost": 31722.7,
          "Total Cost": 31723.01,
          "Plan Rows": 3,
          "Plan Width": 8,
          "Actual Startup Time": 119.031,
          "Actual Total Time": 127.181,
          "Actual Rows": 4,
          "Actual Loops": 1,
          "Workers Planned": 3,
          "Workers Launched": 3,
          "Single Copy": false,
          "Plans": [
            {
              "Node Type": "Aggregate",
              "Strategy": "Plain",
              "Partial Mode": "Partial",
              "Parent Relationship": "Outer",
              "Parallel Aware": false,
              "Startup Cost": 30722.7,
              "Total Cost": 30722.71,
              "Plan Rows": 1,
              "Plan Width": 8,
              "Actual Startup Time": 110.626,
              "Actual Total Time": 110.627,
              "Actual Rows": 1,
              "Actual Loops": 4,
              "Plans": [
                {
                  "Node Type": "Seq Scan",
                  "Parent Relationship": "Outer",
                  "Parallel Aware": true,
                  "Relation Name": "movie_companies",
                  "Alias": "mc",
                  "Startup Cost": 0.0,
                  "Total Cost": 29310.68,
                  "Plan Rows": 564809,
                  "Plan Width": 0,
                  "Actual Startup Time": 1.684,
                  "Actual Total Time": 89.107,
                  "Actual Rows": 439232,
                  "Actual Loops": 4,
                  "Filter": "(company_id > 2394)",
                  "Rows Removed by Filter": 213050
                }
              ]
            }
          ]
        }
      ]
    },
    "Planning Time": 0.161,
    "Triggers": [],
    "Execution Time": 127.238
  }
]