[
  {
    "Plan": {
      "Node Type": "Aggregate",
      "Strategy": "Plain",
      "Partial Mode": "Finalize",
      "Parallel Aware": false,
      "Startup Cost": 326317.2,
      "Total Cost": 326317.21,
      "Plan Rows": 1,
      "Plan Width": 8,
      "Actual Startup Time": 429.597,
      "Actual Total Time": 450.309,
      "Actual Rows": 1,
      "Actual Loops": 1,
      "Plans": [
        {
          "Node Type": "Gather",
          "Parent Relationship": "Outer",
          "Parallel Aware": false,
          "Startup Cost": 326316.57,
          "Total Cost": 326317.18,
          "Plan Rows": 6,
          "Plan Width": 8,
          "Actual Startup Time": 412.365,
          "Actual Total Time": 450.298,
          "Actual Rows": 7,
          "Actual Loops": 1,
          "Workers Planned": 6,
          "Workers Launched": 6,
          "Single Copy": false,
          "Plans": [
            {
              "Node Type": "Aggregate",
              "Strategy": "Plain",
              "Partial Mode": "Partial",
              "Parent Relationship": "Outer",
              "Parallel Aware": false,
              "Startup Cost": 325316.57,
              "Total Cost": 325316.58,
              "Plan Rows": 1,
              "Plan Width": 8,
              "Actual Startup Time": 391.022,
              "Actual Total Time": 391.025,
              "Actual Rows": 1,
              "Actual Loops": 7,
              "Plans": [
                {
                  "Node Type": "Hash Join",
                  "Parent Relationship": "Outer",
                  "Parallel Aware": true,
                  "Join Type": "Inner",
                  "Startup Cost": 69999.4,
                  "Total Cost": 324943.5,
                  "Plan Rows": 149230,
                  "Plan Width": 0,
                  "Actual Startup Time": 287.71,
                  "Actual Total Time": 384.317,
                  "Actual Rows": 125645,
                  "Actual Loops": 7,
                  "Inner Unique": true,
                  "Hash Cond": "(ci.movie_id = t.id)",
                  "Plans": [
                    {
                      "Node Type": "Bitmap Heap Scan",
                      "Parent Relationship": "Outer",
                      "Parallel Aware": true,
                      "Relation Name": "cast_info",
                      "Alias": "ci",
                      "Startup Cost": 19779.75,
                      "Total Cost": 274332.13,
                      "Plan Rows": 149230,
                      "Plan Width": 4,
                      "Actual Startup Time": 28.38,
                      "Actual Total Time": 52.821,
                      "Actual Rows": 125645,
                      "Actual Loops": 7,
                      "Recheck Cond": "(person_id < 92467)",
                      "Rows Removed by Index Recheck": 0,
                      "Exact Heap Blocks": 1800,
                      "Lossy Heap Blocks": 0,
                      "Plans": [
                        {
                          "Node Type": "Bitmap Index Scan",
                          "Parent Relationship": "Outer",
                          "Parallel Aware": false,
                          "Index Name": "person_id_cast_info",
                          "Startup Cost": 0.0,
                          "Total Cost": 19555.91,
                          "Plan Rows": 895379,
                          "Plan Width": 0,
                          "Actual Startup Time": 27.009,
                          "Actual Total Time": 27.01,
                          "Actual Rows": 879514,
                          "Actual Loops": 1,
                          "Index Cond": "(person_id < 92467)"
                        }
                      ]
                    },
                    {
                      "Node Type": "Hash",
                      "Parent Relationship": "Inner",
                      "Parallel Aware": true,
                      "Startup Cost": 42318.73,
                      "Total Cost": 42318.73,
                      "Plan Rows": 632073,
                      "Plan Width": 4,
                      "Actual Startup Time": 252.589,
                      "Actual Total Time": 252.59,
                      "Actual Rows": 361187,
                      "Actual Loops": 7,
                      "Hash Buckets": 4194304,
                      "Original Hash Buckets": 4194304,
                      "Hash Batches": 1,
                      "Original Hash Batches": 1,
                      "Peak Memory Usage": 131776,
                      "Plans": [
                        {
                          "Node Type": "Seq Scan",
                          "Parent Relationship": "Outer",
                          "Parallel Aware": true,
                          "Relation Name": "title",
                          "Alias": "t",
                          "Startup Cost": 0.0,
                          "Total Cost": 42318.73,
                          "Plan Rows": 632073,
                          "Plan Width": 4,
                          "Actual Startup Time": 0.037,
                          "Actual Total Time": 76.508,
                          "Actual Rows": 361187,
                          "Actual Loops": 7
                        }
                      ]
                    }
                  ]
                }
              ]
            }
          ]
        }
      ]
    },
    "Planning Time": 0.635,
    "Triggers": [],
    "Execution Time": 450.399
  }
]