[
  {
    "Plan": {
      "Node Type": "Aggregate",
      "Strategy": "Plain",
      "Partial Mode": "Finalize",
      "Parallel Aware": false,
      "Startup Cost": 32750.47,
      "Total Cost": 32750.48,
      "Plan Rows": 1,
      "Plan Width": 8,
      "Actual Startup Time": 80.576,
      "Actual Total Time": 88.254,
      "Actual Rows": 1,
      "Actual Loops": 1,
      "Plans": [
        {
          "Node Type": "Gather",
          "Parent Relationship": "Outer",
          "Parallel Aware": false,
          "Startup Cost": 32750.15,
          "Total Cost": 32750.46,
          "Plan Rows": 3,
          "Plan Width": 8,
          "Actual Startup Time": 80.482,
          "Actual Total Time": 88.247,
          "Actual Rows": 4,
          "Actual Loops": 1,
          "Workers Planned": 3,
          "Workers Launched": 3,
          "Single Copy": false,
          "Plans": [
            {
              "Node Type": "Aggregate",
              "Strategy": "Plain",
              "Partial Mode": "Partial",
              "Parent Relationship": "Outer",
              "Parallel Aware": false,
              "Startup Cost": 31750.15,
              "Total Cost": 31750.16,
              "Plan Rows": 1,
              "Plan Width": 8,
              "Actual Startup Time": 74.616,
              "Actual Total Time": 74.617,
              "Actual Rows": 1,
              "Actual Loops": 4,
              "Plans": [
                {
                  "Node Type": "Seq Scan",
                  "Parent Relationship": "Outer",
                  "Parallel Aware": true,
                  "Relation Name": "movie_companies",
                  "Alias": "mc",
                  "Startup Cost": 0.0,
                  "Total Cost": 31414.82,
                  "Plan Rows": 134133,
                  "Plan Width": 0,
                  "Actual Startup Time": 45.115,
                  "Actual Total Time": 72.178,
                  "Actual Rows": 58572,
                  "Actual Loops": 4,
                  "Filter": "((company_id < 1877) AND (company_type_id > 1))",
                  "Rows Removed by Filter": 593710
                }
              ]
            }
          ]
        }
      ]
    },
    "Planning Time": 0.213,
    "Triggers": [],
    "Execution Time": 88.302
  }
]