[
  {
    "Plan": {
      "Node Type": "Aggregate",
      "Strategy": "Plain",
      "Partial Mode": "Finalize",
      "Parallel Aware": false,
      "Startup Cost": 613940.96,
      "Total Cost": 613940.97,
      "Plan Rows": 1,
      "Plan Width": 8,
      "Actual Startup Time": 6287.206,
      "Actual Total Time": 6384.55,
      "Actual Rows": 1,
      "Actual Loops": 1,
      "Plans": [
        {
          "Node Type": "Gather",
          "Parent Relationship": "Outer",
          "Parallel Aware": false,
          "Startup Cost": 613940.43,
          "Total Cost": 613940.94,
          "Plan Rows": 5,
          "Plan Width": 8,
          "Actual Startup Time": 6256.739,
          "Actual Total Time": 6384.535,
          "Actual Rows": 6,
          "Actual Loops": 1,
          "Workers Planned": 5,
          "Workers Launched": 5,
          "Single Copy": false,
          "Plans": [
            {
              "Node Type": "Aggregate",
              "Strategy": "Plain",
              "Partial Mode": "Partial",
              "Parent Relationship": "Outer",
              "Parallel Aware": false,
              "Startup Cost": 612940.43,
              "Total Cost": 612940.44,
              "Plan Rows": 1,
              "Plan Width": 8,
              "Actual Startup Time": 6233.746,
              "Actual Total Time": 6234.831,
              "Actual Rows": 1,
              "Actual Loops": 6,
              "Plans": [
                {
                  "Node Type": "Hash Join",
                  "Parent Relationship": "Outer",
                  "Parallel Aware": true,
                  "Join Type": "Inner",
                  "Startup Cost": 399405.59,
                  "Total Cost": 606511.38,
                  "Plan Rows": 2571620,
                  "Plan Width": 0,
                  "Actual Startup Time": 2541.049,
                  "Actual Total Time": 5505.218,
                  "Actual Rows": 13996450,
                  "Actual Loops": 6,
                  "Inner Unique": false,
                  "Hash Cond": "(mi.movie_id = t.id)",
                  "Plans": [
                    {
                      "Node Type": "Seq Scan",
                      "Parent Relationship": "Outer",
                      "Parallel Aware": true,
                      "Relation Name": "movie_info",
                      "Alias": "mi",
                      "Startup Cost": 0.0,
                      "Total Cost": 191685.19,
                      "Plan Rows": 2969219,
                      "Plan Width": 4,
                      "Actual Startup Time": 0.035,
                      "Actual Total Time": 360.595,
                      "Actual Rows": 2472620,
                      "Actual Loops": 6
                    },
                    {
                      "Node Type": "Hash",
                      "Parent Relationship": "Inner",
                      "Parallel Aware": true,
                      "Startup Cost": 394843.4,
                      "Total Cost": 394843.4,
                      "Plan Rows": 364975,
                      "Plan Width": 8,
                      "Actual Startup Time": 2532.186,
                      "Actual Total Time": 2533.27,
                      "Actual Rows": 790466,
                      "Actual Loops": 6,
                      "Hash Buckets": 8388608,
                      "Original Hash Buckets": 4194304,
                      "Hash Batches": 1,
                      "Original Hash Batches": 1,
                      "Peak Memory Usage": 283936,
                      "Plans": [
                        {
                          "Node Type": "Hash Join",
                          "Parent Relationship": "Outer",
                          "Parallel Aware": true,
                          "Join Type": "Inner",
                          "Startup Cost": 50354.42,
                          "Total Cost": 394843.4,
                          "Plan Rows": 364975,
                          "Plan Width": 8,
                          "Actual Startup Time": 901.724,
                          "Actual Total Time": 1863.75,
                          "Actual Rows": 790466,
                          "Actual Loops": 6,
                          "Inner Unique": true,
                          "Hash Cond": "(ci.movie_id = t.id)",
                          "Plans": [
                            {
                              "Node Type": "Seq Scan",
                              "Parent Relationship": "Outer",
                              "Parallel Aware": true,
                              "Relation Name": "cast_info",
                              "Alias": "ci",
                              "Startup Cost": 0.0,
                              "Total Cost": 343316.27,
                              "Plan Rows": 446746,
                              "Plan Width": 4,
                              "Actual Startup Time": 576.018,
                              "Actual Total Time": 954.949,
                              "Actual Rows": 1000768,
                              "Actual Loops": 6,
                              "Filter": "((person_id > 3046630) AND (role_id > 2))",
                              "Rows Removed by Filter": 5039956
                            },
                            {
                              "Node Type": "Hash",
                              "Parent Relationship": "Inner",
                              "Parallel Aware": true,
                              "Startup Cost": 43899.32,
                              "Total Cost": 43899.32,
                              "Plan Rows": 516408,
                              "Plan Width": 4,
                              "Actual Startup Time": 322.392,
                              "Actual Total Time": 322.394,
                              "Actual Rows": 344092,
                              "Actual Loops": 6,
                              "Hash Buckets": 2097152,
                              "Original Hash Buckets": 2097152,
                              "Hash Batches": 1,
                              "Original Hash Batches": 1,
                              "Peak Memory Usage": 97248,
                              "Plans": [
                                {
                                  "Node Type": "Seq Scan",
                                  "Parent Relationship": "Outer",
                                  "Parallel Aware": true,
                                  "Relation Name": "title",
                                  "Alias": "t",
                                  "Startup Cost": 0.0,
                                  "Total Cost": 43899.32,
                                  "Plan Rows": 516408,
                                  "Plan Width": 4,
                                  "Actual Startup Time": 0.057,
                                  "Actual Total Time": 126.943,
                                  "Actual Rows": 344092,
                                  "Actual Loops": 6,
                                  "Filter": "(production_year < 2011)",
                                  "Rows Removed by Filter": 77293
                                }
                              ]
                            }
                          ]
                        }
                      ]
                    }
                  ]
                }
              ]
            }
          ]
        }
      ]
    },
    "Planning Time": 1.357,
    "Triggers": [],
    "Execution Time": 6384.653
  }
]