[
    {
        "Bao": {
            "Bao prediction": "NaN",
            "Bao recommended hint": "(no hint)"
        }
    },
    {
        "Plan": {
            "Node Type": "Aggregate",
            "Strategy": "Plain",
            "Partial Mode": "Finalize",
            "Parallel Aware": false,
            "Startup Cost": 349599.18,
            "Total Cost": 349599.19,
            "Plan Rows": 1,
            "Plan Width": 8,
            "Actual Startup Time": 803.561,
            "Actual Total Time": 833.674,
            "Actual Rows": 1,
            "Actual Loops": 1,
            "Output": [
                "count(*)"
            ],
            "Plans": [
                {
                    "Node Type": "Gather",
                    "Parent Relationship": "Outer",
                    "Parallel Aware": false,
                    "Startup Cost": 349598.56,
                    "Total Cost": 349599.17,
                    "Plan Rows": 6,
                    "Plan Width": 8,
                    "Actual Startup Time": 803.438,
                    "Actual Total Time": 833.662,
                    "Actual Rows": 7,
                    "Actual Loops": 1,
                    "Output": [
                        "(PARTIAL count(*))"
                    ],
                    "Workers Planned": 6,
                    "Workers Launched": 6,
                    "Single Copy": false,
                    "Plans": [
                        {
                            "Node Type": "Aggregate",
                            "Strategy": "Plain",
                            "Partial Mode": "Partial",
                            "Parent Relationship": "Outer",
                            "Parallel Aware": false,
                            "Startup Cost": 348598.56,
                            "Total Cost": 348598.57,
                            "Plan Rows": 1,
                            "Plan Width": 8,
                            "Actual Startup Time": 792.745,
                            "Actual Total Time": 792.746,
                            "Actual Rows": 1,
                            "Actual Loops": 7,
                            "Output": [
                                "PARTIAL count(*)"
                            ],
                            "Workers": [
                                {
                                    "Worker Number": 0,
                                    "Actual Startup Time": 790.384,
                                    "Actual Total Time": 790.385,
                                    "Actual Rows": 1,
                                    "Actual Loops": 1
                                },
                                {
                                    "Worker Number": 1,
                                    "Actual Startup Time": 790.391,
                                    "Actual Total Time": 790.392,
                                    "Actual Rows": 1,
                                    "Actual Loops": 1
                                },
                                {
                                    "Worker Number": 2,
                                    "Actual Startup Time": 790.398,
                                    "Actual Total Time": 790.399,
                                    "Actual Rows": 1,
                                    "Actual Loops": 1
                                },
                                {
                                    "Worker Number": 3,
                                    "Actual Startup Time": 791.286,
                                    "Actual Total Time": 791.288,
                                    "Actual Rows": 1,
                                    "Actual Loops": 1
                                },
                                {
                                    "Worker Number": 4,
                                    "Actual Startup Time": 791.705,
                                    "Actual Total Time": 791.706,
                                    "Actual Rows": 1,
                                    "Actual Loops": 1
                                },
                                {
                                    "Worker Number": 5,
                                    "Actual Startup Time": 792.178,
                                    "Actual Total Time": 792.179,
                                    "Actual Rows": 1,
                                    "Actual Loops": 1
                                }
                            ],
                            "Plans": [
                                {
                                    "Node Type": "Seq Scan",
                                    "Parent Relationship": "Outer",
                                    "Parallel Aware": true,
                                    "Relation Name": "cast_info",
                                    "Schema": "public",
                                    "Alias": "ci",
                                    "Startup Cost": 0.0,
                                    "Total Cost": 343318.94,
                                    "Plan Rows": 2111847,
                                    "Plan Width": 0,
                                    "Actual Startup Time": 232.762,
                                    "Actual Total Time": 709.745,
                                    "Actual Rows": 1484231,
                                    "Actual Loops": 7,
                                    "Output": [
                                        "id",
                                        "person_id",
                                        "movie_id",
                                        "person_role_id",
                                        "note",
                                        "nr_order",
                                        "role_id"
                                    ],
                                    "Filter": "((ci.person_id > 1700769) AND (ci.role_id < 4))",
                                    "Rows Removed by Filter": 3693532,
                                    "Workers": [
                                        {
                                            "Worker Number": 0,
                                            "Actual Startup Time": 230.413,
                                            "Actual Total Time": 708.653,
                                            "Actual Rows": 1238719,
                                            "Actual Loops": 1
                                        },
                                        {
                                            "Worker Number": 1,
                                            "Actual Startup Time": 230.41,
                                            "Actual Total Time": 708.253,
                                            "Actual Rows": 1242662,
                                            "Actual Loops": 1
                                        },
                                        {
                                            "Worker Number": 2,
                                            "Actual Startup Time": 230.409,
                                            "Actual Total Time": 708.194,
                                            "Actual Rows": 1243878,
                                            "Actual Loops": 1
                                        },
                                        {
                                            "Worker Number": 3,
                                            "Actual Startup Time": 231.289,
                                            "Actual Total Time": 710.709,
                                            "Actual Rows": 1218872,
                                            "Actual Loops": 1
                                        },
                                        {
                                            "Worker Number": 4,
                                            "Actual Startup Time": 231.725,
                                            "Actual Total Time": 708.756,
                                            "Actual Rows": 1982619,
                                            "Actual Loops": 1
                                        },
                                        {
                                            "Worker Number": 5,
                                            "Actual Startup Time": 232.195,
                                            "Actual Total Time": 709.264,
                                            "Actual Rows": 1987035,
                                            "Actual Loops": 1
                                        }
                                    ]
                                }
                            ]
                        }
                    ]
                }
            ]
        },
        "Planning Time": 295.755,
        "Triggers": [],
        "Execution Time": 833.762
    }
]