[
  {
    "Plan": {
      "Node Type": "Aggregate",
      "Strategy": "Plain",
      "Partial Mode": "Finalize",
      "Parallel Aware": false,
      "Startup Cost": 217954.12,
      "Total Cost": 217954.13,
      "Plan Rows": 1,
      "Plan Width": 8,
      "Actual Startup Time": 205.999,
      "Actual Total Time": 219.154,
      "Actual Rows": 1,
      "Actual Loops": 1,
      "Plans": [
        {
          "Node Type": "Gather",
          "Parent Relationship": "Outer",
          "Parallel Aware": false,
          "Startup Cost": 217953.6,
          "Total Cost": 217954.11,
          "Plan Rows": 5,
          "Plan Width": 8,
          "Actual Startup Time": 198.405,
          "Actual Total Time": 219.139,
          "Actual Rows": 6,
          "Actual Loops": 1,
          "Workers Planned": 5,
          "Workers Launched": 5,
          "Single Copy": false,
          "Plans": [
            {
              "Node Type": "Aggregate",
              "Strategy": "Plain",
              "Partial Mode": "Partial",
              "Parent Relationship": "Outer",
              "Parallel Aware": false,
              "Startup Cost": 216953.6,
              "Total Cost": 216953.61,
              "Plan Rows": 1,
              "Plan Width": 8,
              "Actual Startup Time": 186.199,
              "Actual Total Time": 186.202,
              "Actual Rows": 1,
              "Actual Loops": 6,
              "Plans": [
                {
                  "Node Type": "Hash Join",
                  "Parent Relationship": "Outer",
                  "Parallel Aware": true,
                  "Join Type": "Inner",
                  "Startup Cost": 52267.01,
                  "Total Cost": 216899.66,
                  "Plan Rows": 21573,
                  "Plan Width": 0,
                  "Actual Startup Time": 163.039,
                  "Actual Total Time": 185.677,
                  "Actual Rows": 8551,
                  "Actual Loops": 6,
                  "Inner Unique": true,
                  "Hash Cond": "(mi.movie_id = t.id)",
                  "Plans": [
                    {
                      "Node Type": "Bitmap Heap Scan",
                      "Parent Relationship": "Outer",
                      "Parallel Aware": true,
                      "Relation Name": "movie_info",
                      "Alias": "mi",
                      "Startup Cost": 5618.66,
                      "Total Cost": 170088.58,
                      "Plan Rows": 61993,
                      "Plan Width": 4,
                      "Actual Startup Time": 12.312,
                      "Actual Total Time": 25.681,
                      "Actual Rows": 51131,
                      "Actual Loops": 6,
                      "Recheck Cond": "(info_type_id > 105)",
                      "Rows Removed by Index Recheck": 0,
                      "Exact Heap Blocks": 1420,
                      "Lossy Heap Blocks": 0,
                      "Plans": [
                        {
                          "Node Type": "Bitmap Index Scan",
                          "Parent Relationship": "Outer",
                          "Parallel Aware": false,
                          "Index Name": "info_type_id_movie_info",
                          "Startup Cost": 0.0,
                          "Total Cost": 5541.16,
                          "Plan Rows": 309964,
                          "Plan Width": 0,
                          "Actual Startup Time": 11.489,
                          "Actual Total Time": 11.49,
                          "Actual Rows": 306788,
                          "Actual Loops": 1,
                          "Index Cond": "(info_type_id > 105)"
                        }
                      ]
                    },
                    {
                      "Node Type": "Hash",
                      "Parent Relationship": "Inner",
                      "Parallel Aware": true,
                      "Startup Cost": 43898.92,
                      "Total Cost": 43898.92,
                      "Plan Rows": 219955,
                      "Plan Width": 4,
                      "Actual Startup Time": 146.968,
                      "Actual Total Time": 146.969,
                      "Actual Rows": 147608,
                      "Actual Loops": 6,
                      "Hash Buckets": 1048576,
                      "Original Hash Buckets": 1048576,
                      "Hash Batches": 1,
                      "Original Hash Batches": 1,
                      "Peak Memory Usage": 42944,
                      "Plans": [
                        {
                          "Node Type": "Seq Scan",
                          "Parent Relationship": "Outer",
                          "Parallel Aware": true,
                          "Relation Name": "title",
                          "Alias": "t",
                          "Startup Cost": 0.0,
                          "Total Cost": 43898.92,
                          "Plan Rows": 219955,
                          "Plan Width": 4,
                          "Actual Startup Time": 0.037,
                          "Actual Total Time": 83.3,
                          "Actual Rows": 147608,
                          "Actual Loops": 6,
                          "Filter": "(production_year < 1997)",
                          "Rows Removed by Filter": 273777
                        }
                      ]
                    }
                  ]
                }
              ]
            }
          ]
        }
      ]
    },
    "Planning Time": 0.591,
    "Triggers": [],
    "Execution Time": 219.254
  }
]