[
  {
    "Plan": {
      "Node Type": "Aggregate",
      "Strategy": "Plain",
      "Partial Mode": "Finalize",
      "Parallel Aware": false,
      "Startup Cost": 254711.32,
      "Total Cost": 254711.33,
      "Plan Rows": 1,
      "Plan Width": 8,
      "Actual Startup Time": 796.645,
      "Actual Total Time": 837.742,
      "Actual Rows": 1,
      "Actual Loops": 1,
      "Plans": [
        {
          "Node Type": "Gather",
          "Parent Relationship": "Outer",
          "Parallel Aware": false,
          "Startup Cost": 254710.8,
          "Total Cost": 254711.31,
          "Plan Rows": 5,
          "Plan Width": 8,
          "Actual Startup Time": 794.622,
          "Actual Total Time": 837.731,
          "Actual Rows": 6,
          "Actual Loops": 1,
          "Workers Planned": 5,
          "Workers Launched": 5,
          "Single Copy": false,
          "Plans": [
            {
              "Node Type": "Aggregate",
              "Strategy": "Plain",
              "Partial Mode": "Partial",
              "Parent Relationship": "Outer",
              "Parallel Aware": false,
              "Startup Cost": 253710.8,
              "Total Cost": 253710.81,
              "Plan Rows": 1,
              "Plan Width": 8,
              "Actual Startup Time": 785.684,
              "Actual Total Time": 785.687,
              "Actual Rows": 1,
              "Actual Loops": 6,
              "Plans": [
                {
                  "Node Type": "Hash Join",
                  "Parent Relationship": "Outer",
                  "Parallel Aware": true,
                  "Join Type": "Inner",
                  "Startup Cost": 46432.51,
                  "Total Cost": 252869.07,
                  "Plan Rows": 336691,
                  "Plan Width": 0,
                  "Actual Startup Time": 102.407,
                  "Actual Total Time": 766.962,
                  "Actual Rows": 412583,
                  "Actual Loops": 6,
                  "Inner Unique": true,
                  "Hash Cond": "(mi.movie_id = t.id)",
                  "Plans": [
                    {
                      "Node Type": "Seq Scan",
                      "Parent Relationship": "Outer",
                      "Parallel Aware": true,
                      "Relation Name": "movie_info",
                      "Alias": "mi",
                      "Startup Cost": 0.0,
                      "Total Cost": 199108.24,
                      "Plan Rows": 2791737,
                      "Plan Width": 4,
                      "Actual Startup Time": 0.03,
                      "Actual Total Time": 358.064,
                      "Actual Rows": 2327249,
                      "Actual Loops": 6,
                      "Filter": "(info_type_id < 98)",
                      "Rows Removed by Filter": 145371
                    },
                    {
                      "Node Type": "Hash",
                      "Parent Relationship": "Inner",
                      "Parallel Aware": true,
                      "Startup Cost": 45479.59,
                      "Total Cost": 45479.59,
                      "Plan Rows": 76234,
                      "Plan Width": 4,
                      "Actual Startup Time": 99.492,
                      "Actual Total Time": 99.493,
                      "Actual Rows": 44433,
                      "Actual Loops": 6,
                      "Hash Buckets": 524288,
                      "Original Hash Buckets": 524288,
                      "Hash Batches": 1,
                      "Original Hash Batches": 1,
                      "Peak Memory Usage": 14624,
                      "Plans": [
                        {
                          "Node Type": "Seq Scan",
                          "Parent Relationship": "Outer",
                          "Parallel Aware": true,
                          "Relation Name": "title",
                          "Alias": "t",
                          "Startup Cost": 0.0,
                          "Total Cost": 45479.59,
                          "Plan Rows": 76234,
                          "Plan Width": 4,
                          "Actual Startup Time": 0.076,
                          "Actual Total Time": 79.017,
                          "Actual Rows": 44433,
                          "Actual Loops": 6,
                          "Filter": "((kind_id < 7) AND (production_year > 2007))",
                          "Rows Removed by Filter": 376952
                        }
                      ]
                    }
                  ]
                }
              ]
            }
          ]
        }
      ]
    },
    "Planning Time": 0.352,
    "Triggers": [],
    "Execution Time": 837.796
  }
]