[
  {
    "Plan": {
      "Node Type": "Aggregate",
      "Strategy": "Plain",
      "Partial Mode": "Finalize",
      "Parallel Aware": false,
      "Startup Cost": 32876.67,
      "Total Cost": 32876.68,
      "Plan Rows": 1,
      "Plan Width": 8,
      "Actual Startup Time": 115.994,
      "Actual Total Time": 125.126,
      "Actual Rows": 1,
      "Actual Loops": 1,
      "Plans": [
        {
          "Node Type": "Gather",
          "Parent Relationship": "Outer",
          "Parallel Aware": false,
          "Startup Cost": 32876.35,
          "Total Cost": 32876.66,
          "Plan Rows": 3,
          "Plan Width": 8,
          "Actual Startup Time": 115.872,
          "Actual Total Time": 125.117,
          "Actual Rows": 4,
          "Actual Loops": 1,
          "Workers Planned": 3,
          "Workers Launched": 3,
          "Single Copy": false,
          "Plans": [
            {
              "Node Type": "Aggregate",
              "Strategy": "Plain",
              "Partial Mode": "Partial",
              "Parent Relationship": "Outer",
              "Parallel Aware": false,
              "Startup Cost": 31876.35,
              "Total Cost": 31876.36,
              "Plan Rows": 1,
              "Plan Width": 8,
              "Actual Startup Time": 108.965,
              "Actual Total Time": 108.967,
              "Actual Rows": 1,
              "Actual Loops": 4,
              "Plans": [
                {
                  "Node Type": "Seq Scan",
                  "Parent Relationship": "Outer",
                  "Parallel Aware": true,
                  "Relation Name": "movie_companies",
                  "Alias": "mc",
                  "Startup Cost": 0.0,
                  "Total Cost": 31414.82,
                  "Plan Rows": 184614,
                  "Plan Width": 0,
                  "Actual Startup Time": 49.081,
                  "Actual Total Time": 95.892,
                  "Actual Rows": 214432,
                  "Actual Loops": 4,
                  "Filter": "((company_id > 13873) AND (company_type_id > 1))",
                  "Rows Removed by Filter": 437850
                }
              ]
            }
          ]
        }
      ]
    },
    "Planning Time": 0.217,
    "Triggers": [],
    "Execution Time": 125.183
  }
]