{
  "Plan": {
    "Node Type": "Aggregate",
    "Strategy": "Plain",
    "Partial Mode": "Finalize",
    "Parallel Aware": false,
    "Startup Cost": 735385.96,
    "Total Cost": 735385.97,
    "Plan Rows": 1,
    "Plan Width": 8,
    "Actual Startup Time": 8268.201,
    "Actual Total Time": 8339.031,
    "Actual Rows": 1,
    "Actual Loops": 1,
    "Plans": [
      {
        "Node Type": "Gather",
        "Parent Relationship": "Outer",
        "Parallel Aware": false,
        "Startup Cost": 735385.85,
        "Total Cost": 735385.96,
        "Plan Rows": 1,
        "Plan Width": 8,
        "Actual Startup Time": 8266.232,
        "Actual Total Time": 8339.023,
        "Actual Rows": 2,
        "Actual Loops": 1,
        "Workers Planned": 1,
        "Workers Launched": 1,
        "Single Copy": false,
        "Plans": [
          {
            "Node Type": "Aggregate",
            "Strategy": "Plain",
            "Partial Mode": "Partial",
            "Parent Relationship": "Outer",
            "Parallel Aware": false,
            "Startup Cost": 734385.85,
            "Total Cost": 734385.86,
            "Plan Rows": 1,
            "Plan Width": 8,
            "Actual Startup Time": 8260.325,
            "Actual Total Time": 8260.329,
            "Actual Rows": 1,
            "Actual Loops": 2,
            "Plans": [
              {
                "Node Type": "Nested Loop",
                "Parent Relationship": "Outer",
                "Parallel Aware": false,
                "Join Type": "Inner",
                "Startup Cost": 60132.6,
                "Total Cost": 726805.92,
                "Plan Rows": 3031974,
                "Plan Width": 0,
                "Actual Startup Time": 321.812,
                "Actual Total Time": 7894.753,
                "Actual Rows": 8617553,
                "Actual Loops": 2,
                "Inner Unique": false,
                "Join Filter": "(t.id = ci.movie_id)",
                "Rows Removed by Join Filter": 0,
                "Plans": [
                  {
                    "Node Type": "Hash Join",
                    "Parent Relationship": "Outer",
                    "Parallel Aware": true,
                    "Join Type": "Inner",
                    "Startup Cost": 60132.04,
                    "Total Cost": 103806.41,
                    "Plan Rows": 211596,
                    "Plan Width": 8,
                    "Actual Startup Time": 321.736,
                    "Actual Total Time": 655.203,
                    "Actual Rows": 363240,
                    "Actual Loops": 2,
                    "Inner Unique": true,
                    "Hash Cond": "(mc.movie_id = t.id)",
                    "Plans": [
                      {
                        "Node Type": "Seq Scan",
                        "Parent Relationship": "Outer",
                        "Parallel Aware": true,
                        "Relation Name": "movie_companies",
                        "Alias": "mc",
                        "Startup Cost": 0.0,
                        "Total Cost": 41811.73,
                        "Plan Rows": 709580,
                        "Plan Width": 4,
                        "Actual Startup Time": 50.0,
                        "Actual Total Time": 128.139,
                        "Actual Rows": 640246,
                        "Actual Loops": 2,
                        "Filter": "((company_id > 92) AND (company_type_id = 2))",
                        "Rows Removed by Filter": 664318
                      },
                      {
                        "Node Type": "Hash",
                        "Parent Relationship": "Inner",
                        "Parallel Aware": true,
                        "Startup Cost": 54588.39,
                        "Total Cost": 54588.39,
                        "Plan Rows": 443492,
                        "Plan Width": 4,
                        "Actual Startup Time": 262.961,
                        "Actual Total Time": 262.962,
                        "Actual Rows": 376838,
                        "Actual Loops": 2,
                        "Hash Buckets": 1048576,
                        "Original Hash Buckets": 1048576,
                        "Hash Batches": 1,
                        "Original Hash Batches": 1,
                        "Peak Memory Usage": 37728,
                        "Plans": [
                          {
                            "Node Type": "Seq Scan",
                            "Parent Relationship": "Outer",
                            "Parallel Aware": true,
                            "Relation Name": "title",
                            "Alias": "t",
                            "Startup Cost": 0.0,
                            "Total Cost": 54588.39,
                            "Plan Rows": 443492,
                            "Plan Width": 4,
                            "Actual Startup Time": 0.038,
                            "Actual Total Time": 148.484,
                            "Actual Rows": 376838,
                            "Actual Loops": 2,
                            "Filter": "(kind_id < 3)",
                            "Rows Removed by Filter": 887318
                          }
                        ]
                      }
                    ]
                  },
                  {
                    "Node Type": "Index Only Scan",
                    "Parent Relationship": "Inner",
                    "Parallel Aware": false,
                    "Scan Direction": "Forward",
                    "Index Name": "movie_id_cast_info",
                    "Relation Name": "cast_info",
                    "Alias": "ci",
                    "Startup Cost": 0.56,
                    "Total Cost": 2.48,
                    "Plan Rows": 37,
                    "Plan Width": 4,
                    "Actual Startup Time": 0.003,
                    "Actual Total Time": 0.018,
                    "Actual Rows": 24,
                    "Actual Loops": 726479,
                    "Index Cond": "(movie_id = mc.movie_id)",
                    "Rows Removed by Index Recheck": 0,
                    "Heap Fetches": 17235106
                  }
                ]
              }
            ]
          }
        ]
      }
    ]
  },
  "Planning Time": 1.077,
  "Triggers": [],
  "Execution Time": 8339.127
}