[
  {
    "Plan": {
      "Node Type": "Aggregate",
      "Strategy": "Plain",
      "Partial Mode": "Finalize",
      "Parallel Aware": false,
      "Startup Cost": 385982.61,
      "Total Cost": 385982.62,
      "Plan Rows": 1,
      "Plan Width": 8,
      "Actual Startup Time": 1539.753,
      "Actual Total Time": 1594.478,
      "Actual Rows": 1,
      "Actual Loops": 1,
      "Plans": [
        {
          "Node Type": "Gather",
          "Parent Relationship": "Outer",
          "Parallel Aware": false,
          "Startup Cost": 385981.99,
          "Total Cost": 385982.6,
          "Plan Rows": 6,
          "Plan Width": 8,
          "Actual Startup Time": 1536.571,
          "Actual Total Time": 1594.463,
          "Actual Rows": 7,
          "Actual Loops": 1,
          "Workers Planned": 6,
          "Workers Launched": 6,
          "Single Copy": false,
          "Plans": [
            {
              "Node Type": "Aggregate",
              "Strategy": "Plain",
              "Partial Mode": "Partial",
              "Parent Relationship": "Outer",
              "Parallel Aware": false,
              "Startup Cost": 384981.99,
              "Total Cost": 384982.0,
              "Plan Rows": 1,
              "Plan Width": 8,
              "Actual Startup Time": 1525.768,
              "Actual Total Time": 1525.771,
              "Actual Rows": 1,
              "Actual Loops": 7,
              "Plans": [
                {
                  "Node Type": "Hash Join",
                  "Parent Relationship": "Outer",
                  "Parallel Aware": true,
                  "Join Type": "Inner",
                  "Startup Cost": 44860.88,
                  "Total Cost": 383745.0,
                  "Plan Rows": 494794,
                  "Plan Width": 0,
                  "Actual Startup Time": 251.66,
                  "Actual Total Time": 1507.932,
                  "Actual Rows": 284549,
                  "Actual Loops": 7,
                  "Inner Unique": true,
                  "Hash Cond": "(ci.movie_id = t.id)",
                  "Plans": [
                    {
                      "Node Type": "Seq Scan",
                      "Parent Relationship": "Outer",
                      "Parallel Aware": true,
                      "Relation Name": "cast_info",
                      "Alias": "ci",
                      "Startup Cost": 0.0,
                      "Total Cost": 328211.39,
                      "Plan Rows": 4065793,
                      "Plan Width": 4,
                      "Actual Startup Time": 140.262,
                      "Actual Total Time": 727.732,
                      "Actual Rows": 3467495,
                      "Actual Loops": 7,
                      "Filter": "(person_id > 1178013)",
                      "Rows Removed by Filter": 1710268
                    },
                    {
                      "Node Type": "Hash",
                      "Parent Relationship": "Inner",
                      "Parallel Aware": true,
                      "Startup Cost": 43899.32,
                      "Total Cost": 43899.32,
                      "Plan Rows": 76925,
                      "Plan Width": 4,
                      "Actual Startup Time": 108.412,
                      "Actual Total Time": 108.413,
                      "Actual Rows": 46178,
                      "Actual Loops": 7,
                      "Hash Buckets": 524288,
                      "Original Hash Buckets": 524288,
                      "Hash Batches": 1,
                      "Original Hash Batches": 1,
                      "Peak Memory Usage": 16832,
                      "Plans": [
                        {
                          "Node Type": "Seq Scan",
                          "Parent Relationship": "Outer",
                          "Parallel Aware": true,
                          "Relation Name": "title",
                          "Alias": "t",
                          "Startup Cost": 0.0,
                          "Total Cost": 43899.32,
                          "Plan Rows": 76925,
                          "Plan Width": 4,
                          "Actual Startup Time": 0.054,
                          "Actual Total Time": 85.106,
                          "Actual Rows": 46178,
                          "Actual Loops": 7,
                          "Filter": "(production_year < 1967)",
                          "Rows Removed by Filter": 315010
                        }
                      ]
                    }
                  ]
                }
              ]
            }
          ]
        }
      ]
    },
    "Planning Time": 0.546,
    "Triggers": [],
    "Execution Time": 1594.561
  }
]