[
  {
    "Plan": {
      "Node Type": "Aggregate",
      "Strategy": "Plain",
      "Partial Mode": "Finalize",
      "Parallel Aware": false,
      "Startup Cost": 385873.04,
      "Total Cost": 385873.05,
      "Plan Rows": 1,
      "Plan Width": 8,
      "Actual Startup Time": 1219.021,
      "Actual Total Time": 1286.492,
      "Actual Rows": 1,
      "Actual Loops": 1,
      "Plans": [
        {
          "Node Type": "Gather",
          "Parent Relationship": "Outer",
          "Parallel Aware": false,
          "Startup Cost": 385872.41,
          "Total Cost": 385873.02,
          "Plan Rows": 6,
          "Plan Width": 8,
          "Actual Startup Time": 1216.687,
          "Actual Total Time": 1286.481,
          "Actual Rows": 7,
          "Actual Loops": 1,
          "Workers Planned": 6,
          "Workers Launched": 6,
          "Single Copy": false,
          "Plans": [
            {
              "Node Type": "Aggregate",
              "Strategy": "Plain",
              "Partial Mode": "Partial",
              "Parent Relationship": "Outer",
              "Parallel Aware": false,
              "Startup Cost": 384872.41,
              "Total Cost": 384872.42,
              "Plan Rows": 1,
              "Plan Width": 8,
              "Actual Startup Time": 1206.005,
              "Actual Total Time": 1206.008,
              "Actual Rows": 1,
              "Actual Loops": 7,
              "Plans": [
                {
                  "Node Type": "Hash Join",
                  "Parent Relationship": "Outer",
                  "Parallel Aware": true,
                  "Join Type": "Inner",
                  "Startup Cost": 44867.29,
                  "Total Cost": 383634.49,
                  "Plan Rows": 495168,
                  "Plan Width": 0,
                  "Actual Startup Time": 209.695,
                  "Actual Total Time": 1192.98,
                  "Actual Rows": 284549,
                  "Actual Loops": 7,
                  "Inner Unique": true,
                  "Hash Cond": "(ci.movie_id = t.id)",
                  "Plans": [
                    {
                      "Node Type": "Seq Scan",
                      "Parent Relationship": "Outer",
                      "Parallel Aware": true,
                      "Relation Name": "cast_info",
                      "Alias": "ci",
                      "Startup Cost": 0.0,
                      "Total Cost": 328162.03,
                      "Plan Rows": 4040058,
                      "Plan Width": 4,
                      "Actual Startup Time": 115.579,
                      "Actual Total Time": 581.016,
                      "Actual Rows": 3467495,
                      "Actual Loops": 7,
                      "Filter": "(person_id > 1178013)",
                      "Rows Removed by Filter": 1710268
                    },
                    {
                      "Node Type": "Hash",
                      "Parent Relationship": "Inner",
                      "Parallel Aware": true,
                      "Startup Cost": 43898.92,
                      "Total Cost": 43898.92,
                      "Plan Rows": 77470,
                      "Plan Width": 4,
                      "Actual Startup Time": 91.451,
                      "Actual Total Time": 91.451,
                      "Actual Rows": 46178,
                      "Actual Loops": 7,
                      "Hash Buckets": 524288,
                      "Original Hash Buckets": 524288,
                      "Hash Batches": 1,
                      "Original Hash Batches": 1,
                      "Peak Memory Usage": 16800,
                      "Plans": [
                        {
                          "Node Type": "Seq Scan",
                          "Parent Relationship": "Outer",
                          "Parallel Aware": true,
                          "Relation Name": "title",
                          "Alias": "t",
                          "Startup Cost": 0.0,
                          "Total Cost": 43898.92,
                          "Plan Rows": 77470,
                          "Plan Width": 4,
                          "Actual Startup Time": 0.056,
                          "Actual Total Time": 72.447,
                          "Actual Rows": 46178,
                          "Actual Loops": 7,
                          "Filter": "(production_year < 1967)",
                          "Rows Removed by Filter": 315010
                        }
                      ]
                    }
                  ]
                }
              ]
            }
          ]
        }
      ]
    },
    "Planning Time": 0.622,
    "Triggers": [],
    "Execution Time": 1286.585
  }
]