[
  {
    "Plan": {
      "Node Type": "Aggregate",
      "Strategy": "Plain",
      "Partial Mode": "Finalize",
      "Parallel Aware": false,
      "Startup Cost": 238735.74,
      "Total Cost": 238735.75,
      "Plan Rows": 1,
      "Plan Width": 8,
      "Actual Startup Time": 402.311,
      "Actual Total Time": 420.692,
      "Actual Rows": 1,
      "Actual Loops": 1,
      "Plans": [
        {
          "Node Type": "Gather",
          "Parent Relationship": "Outer",
          "Parallel Aware": false,
          "Startup Cost": 238735.21,
          "Total Cost": 238735.72,
          "Plan Rows": 5,
          "Plan Width": 8,
          "Actual Startup Time": 395.091,
          "Actual Total Time": 420.674,
          "Actual Rows": 6,
          "Actual Loops": 1,
          "Workers Planned": 5,
          "Workers Launched": 5,
          "Single Copy": false,
          "Plans": [
            {
              "Node Type": "Aggregate",
              "Strategy": "Plain",
              "Partial Mode": "Partial",
              "Parent Relationship": "Outer",
              "Parallel Aware": false,
              "Startup Cost": 237735.21,
              "Total Cost": 237735.22,
              "Plan Rows": 1,
              "Plan Width": 8,
              "Actual Startup Time": 385.01,
              "Actual Total Time": 385.016,
              "Actual Rows": 1,
              "Actual Loops": 6,
              "Plans": [
                {
                  "Node Type": "Hash Join",
                  "Parent Relationship": "Outer",
                  "Parallel Aware": true,
                  "Join Type": "Inner",
                  "Startup Cost": 71571.82,
                  "Total Cost": 237540.8,
                  "Plan Rows": 77765,
                  "Plan Width": 0,
                  "Actual Startup Time": 238.186,
                  "Actual Total Time": 377.185,
                  "Actual Rows": 105099,
                  "Actual Loops": 6,
                  "Inner Unique": true,
                  "Hash Cond": "(mi.movie_id = t.id)",
                  "Plans": [
                    {
                      "Node Type": "Bitmap Heap Scan",
                      "Parent Relationship": "Outer",
                      "Parallel Aware": true,
                      "Relation Name": "movie_info",
                      "Alias": "mi",
                      "Startup Cost": 23754.83,
                      "Total Cost": 189033.77,
                      "Plan Rows": 262875,
                      "Plan Width": 4,
                      "Actual Startup Time": 79.363,
                      "Actual Total Time": 122.232,
                      "Actual Rows": 214821,
                      "Actual Loops": 6,
                      "Recheck Cond": "(info_type_id = 2)",
                      "Rows Removed by Index Recheck": 0,
                      "Exact Heap Blocks": 1578,
                      "Lossy Heap Blocks": 0,
                      "Plans": [
                        {
                          "Node Type": "Bitmap Index Scan",
                          "Parent Relationship": "Outer",
                          "Parallel Aware": false,
                          "Index Name": "info_type_id_movie_info",
                          "Startup Cost": 0.0,
                          "Total Cost": 23426.24,
                          "Plan Rows": 1314374,
                          "Plan Width": 0,
                          "Actual Startup Time": 77.105,
                          "Actual Total Time": 77.107,
                          "Actual Rows": 1288928,
                          "Actual Loops": 1,
                          "Index Cond": "(info_type_id = 2)"
                        }
                      ]
                    },
                    {
                      "Node Type": "Hash",
                      "Parent Relationship": "Inner",
                      "Parallel Aware": true,
                      "Startup Cost": 45479.59,
                      "Total Cost": 45479.59,
                      "Plan Rows": 186992,
                      "Plan Width": 4,
                      "Actual Startup Time": 155.455,
                      "Actual Total Time": 155.456,
                      "Actual Rows": 108387,
                      "Actual Loops": 6,
                      "Hash Buckets": 1048576,
                      "Original Hash Buckets": 1048576,
                      "Hash Batches": 1,
                      "Original Hash Batches": 1,
                      "Peak Memory Usage": 33760,
                      "Plans": [
                        {
                          "Node Type": "Seq Scan",
                          "Parent Relationship": "Outer",
                          "Parallel Aware": true,
                          "Relation Name": "title",
                          "Alias": "t",
                          "Startup Cost": 0.0,
                          "Total Cost": 45479.59,
                          "Plan Rows": 186992,
                          "Plan Width": 4,
                          "Actual Startup Time": 0.061,
                          "Actual Total Time": 102.513,
                          "Actual Rows": 108387,
                          "Actual Loops": 6,
                          "Filter": "((kind_id < 7) AND (production_year > 1982))",
                          "Rows Removed by Filter": 312998
                        }
                      ]
                    }
                  ]
                }
              ]
            }
          ]
        }
      ]
    },
    "Planning Time": 0.385,
    "Triggers": [],
    "Execution Time": 420.766
  }
]