[
  {
    "Plan": {
      "Node Type": "Aggregate",
      "Strategy": "Plain",
      "Partial Mode": "Finalize",
      "Parallel Aware": false,
      "Startup Cost": 32207.8,
      "Total Cost": 32207.81,
      "Plan Rows": 1,
      "Plan Width": 8,
      "Actual Startup Time": 142.516,
      "Actual Total Time": 149.042,
      "Actual Rows": 1,
      "Actual Loops": 1,
      "Plans": [
        {
          "Node Type": "Gather",
          "Parent Relationship": "Outer",
          "Parallel Aware": false,
          "Startup Cost": 32207.48,
          "Total Cost": 32207.79,
          "Plan Rows": 3,
          "Plan Width": 8,
          "Actual Startup Time": 142.393,
          "Actual Total Time": 149.031,
          "Actual Rows": 4,
          "Actual Loops": 1,
          "Workers Planned": 3,
          "Workers Launched": 3,
          "Single Copy": false,
          "Plans": [
            {
              "Node Type": "Aggregate",
              "Strategy": "Plain",
              "Partial Mode": "Partial",
              "Parent Relationship": "Outer",
              "Parallel Aware": false,
              "Startup Cost": 31207.48,
              "Total Cost": 31207.49,
              "Plan Rows": 1,
              "Plan Width": 8,
              "Actual Startup Time": 133.994,
              "Actual Total Time": 133.995,
              "Actual Rows": 1,
              "Actual Loops": 4,
              "Plans": [
                {
                  "Node Type": "Seq Scan",
                  "Parent Relationship": "Outer",
                  "Parallel Aware": true,
                  "Relation Name": "movie_companies",
                  "Alias": "mc",
                  "Startup Cost": 0.0,
                  "Total Cost": 29310.68,
                  "Plan Rows": 758719,
                  "Plan Width": 0,
                  "Actual Startup Time": 0.059,
                  "Actual Total Time": 98.998,
                  "Actual Rows": 589192,
                  "Actual Loops": 4,
                  "Filter": "(company_id < 100762)",
                  "Rows Removed by Filter": 63091
                }
              ]
            }
          ]
        }
      ]
    },
    "Planning Time": 0.192,
    "Triggers": [],
    "Execution Time": 149.101
  }
]