[
  {
    "Plan": {
      "Node Type": "Aggregate",
      "Strategy": "Plain",
      "Partial Mode": "Finalize",
      "Parallel Aware": false,
      "Startup Cost": 32209.91,
      "Total Cost": 32209.92,
      "Plan Rows": 1,
      "Plan Width": 8,
      "Actual Startup Time": 110.099,
      "Actual Total Time": 116.331,
      "Actual Rows": 1,
      "Actual Loops": 1,
      "Plans": [
        {
          "Node Type": "Gather",
          "Parent Relationship": "Outer",
          "Parallel Aware": false,
          "Startup Cost": 32209.59,
          "Total Cost": 32209.9,
          "Plan Rows": 3,
          "Plan Width": 8,
          "Actual Startup Time": 110.008,
          "Actual Total Time": 116.324,
          "Actual Rows": 4,
          "Actual Loops": 1,
          "Workers Planned": 3,
          "Workers Launched": 3,
          "Single Copy": false,
          "Plans": [
            {
              "Node Type": "Aggregate",
              "Strategy": "Plain",
              "Partial Mode": "Partial",
              "Parent Relationship": "Outer",
              "Parallel Aware": false,
              "Startup Cost": 31209.59,
              "Total Cost": 31209.6,
              "Plan Rows": 1,
              "Plan Width": 8,
              "Actual Startup Time": 104.48,
              "Actual Total Time": 104.481,
              "Actual Rows": 1,
              "Actual Loops": 4,
              "Plans": [
                {
                  "Node Type": "Seq Scan",
                  "Parent Relationship": "Outer",
                  "Parallel Aware": true,
                  "Relation Name": "movie_companies",
                  "Alias": "mc",
                  "Startup Cost": 0.0,
                  "Total Cost": 29310.68,
                  "Plan Rows": 759563,
                  "Plan Width": 0,
                  "Actual Startup Time": 0.038,
                  "Actual Total Time": 77.235,
                  "Actual Rows": 589192,
                  "Actual Loops": 4,
                  "Filter": "(company_id < 100762)",
                  "Rows Removed by Filter": 63091
                }
              ]
            }
          ]
        }
      ]
    },
    "Planning Time": 0.118,
    "Triggers": [],
    "Execution Time": 116.369
  }
]