{
  "Plan": {
    "Node Type": "Aggregate",
    "Strategy": "Plain",
    "Partial Mode": "Finalize",
    "Parallel Aware": false,
    "Startup Cost": 120032.88,
    "Total Cost": 120032.89,
    "Plan Rows": 1,
    "Plan Width": 8,
    "Actual Startup Time": 778.272,
    "Actual Total Time": 798.921,
    "Actual Rows": 1,
    "Actual Loops": 1,
    "Plans": [
      {
        "Node Type": "Gather",
        "Parent Relationship": "Outer",
        "Parallel Aware": false,
        "Startup Cost": 120032.77,
        "Total Cost": 120032.88,
        "Plan Rows": 1,
        "Plan Width": 8,
        "Actual Startup Time": 773.488,
        "Actual Total Time": 798.914,
        "Actual Rows": 2,
        "Actual Loops": 1,
        "Workers Planned": 1,
        "Workers Launched": 1,
        "Single Copy": false,
        "Plans": [
          {
            "Node Type": "Aggregate",
            "Strategy": "Plain",
            "Partial Mode": "Partial",
            "Parent Relationship": "Outer",
            "Parallel Aware": false,
            "Startup Cost": 119032.77,
            "Total Cost": 119032.78,
            "Plan Rows": 1,
            "Plan Width": 8,
            "Actual Startup Time": 760.93,
            "Actual Total Time": 760.935,
            "Actual Rows": 1,
            "Actual Loops": 2,
            "Plans": [
              {
                "Node Type": "Hash Join",
                "Parent Relationship": "Outer",
                "Parallel Aware": true,
                "Join Type": "Inner",
                "Startup Cost": 86332.99,
                "Total Cost": 117863.15,
                "Plan Rows": 467845,
                "Plan Width": 0,
                "Actual Startup Time": 552.995,
                "Actual Total Time": 743.4,
                "Actual Rows": 402144,
                "Actual Loops": 2,
                "Inner Unique": true,
                "Hash Cond": "(mk.movie_id = t.id)",
                "Plans": [
                  {
                    "Node Type": "Bitmap Heap Scan",
                    "Parent Relationship": "Outer",
                    "Parallel Aware": true,
                    "Relation Name": "movie_keyword",
                    "Alias": "mk",
                    "Startup Cost": 16872.29,
                    "Total Cost": 47174.36,
                    "Plan Rows": 467845,
                    "Plan Width": 4,
                    "Actual Startup Time": 40.459,
                    "Actual Total Time": 120.294,
                    "Actual Rows": 402144,
                    "Actual Loops": 2,
                    "Recheck Cond": "(keyword_id < 782)",
                    "Rows Removed by Index Recheck": 0,
                    "Exact Heap Blocks": 13297,
                    "Lossy Heap Blocks": 0,
                    "Plans": [
                      {
                        "Node Type": "Bitmap Index Scan",
                        "Parent Relationship": "Outer",
                        "Parallel Aware": false,
                        "Index Name": "keyword_id_movie_keyword",
                        "Startup Cost": 0.0,
                        "Total Cost": 16673.46,
                        "Plan Rows": 795337,
                        "Plan Width": 0,
                        "Actual Startup Time": 36.891,
                        "Actual Total Time": 36.891,
                        "Actual Rows": 804289,
                        "Actual Loops": 1,
                        "Index Cond": "(keyword_id < 782)"
                      }
                    ]
                  },
                  {
                    "Node Type": "Hash",
                    "Parent Relationship": "Inner",
                    "Parallel Aware": true,
                    "Startup Cost": 50870.31,
                    "Total Cost": 50870.31,
                    "Plan Rows": 1487231,
                    "Plan Width": 4,
                    "Actual Startup Time": 490.793,
                    "Actual Total Time": 490.794,
                    "Actual Rows": 1264156,
                    "Actual Loops": 2,
                    "Hash Buckets": 4194304,
                    "Original Hash Buckets": 4194304,
                    "Hash Batches": 1,
                    "Original Hash Batches": 1,
                    "Peak Memory Usage": 131712,
                    "Plans": [
                      {
                        "Node Type": "Seq Scan",
                        "Parent Relationship": "Outer",
                        "Parallel Aware": true,
                        "Relation Name": "title",
                        "Alias": "t",
                        "Startup Cost": 0.0,
                        "Total Cost": 50870.31,
                        "Plan Rows": 1487231,
                        "Plan Width": 4,
                        "Actual Startup Time": 0.024,
                        "Actual Total Time": 148.854,
                        "Actual Rows": 1264156,
                        "Actual Loops": 2
                      }
                    ]
                  }
                ]
              }
            ]
          }
        ]
      }
    ]
  },
  "Planning Time": 0.647,
  "Triggers": [],
  "Execution Time": 799.009
}