{
  "Plan": {
    "Node Type": "Aggregate",
    "Strategy": "Plain",
    "Partial Mode": "Finalize",
    "Parallel Aware": false,
    "Startup Cost": 750319.82,
    "Total Cost": 750319.83,
    "Plan Rows": 1,
    "Plan Width": 8,
    "Actual Startup Time": 10695.976,
    "Actual Total Time": 10767.949,
    "Actual Rows": 1,
    "Actual Loops": 1,
    "Plans": [
      {
        "Node Type": "Gather",
        "Parent Relationship": "Outer",
        "Parallel Aware": false,
        "Startup Cost": 750319.71,
        "Total Cost": 750319.82,
        "Plan Rows": 1,
        "Plan Width": 8,
        "Actual Startup Time": 10682.441,
        "Actual Total Time": 10767.941,
        "Actual Rows": 2,
        "Actual Loops": 1,
        "Workers Planned": 1,
        "Workers Launched": 1,
        "Single Copy": false,
        "Plans": [
          {
            "Node Type": "Aggregate",
            "Strategy": "Plain",
            "Partial Mode": "Partial",
            "Parent Relationship": "Outer",
            "Parallel Aware": false,
            "Startup Cost": 749319.71,
            "Total Cost": 749319.72,
            "Plan Rows": 1,
            "Plan Width": 8,
            "Actual Startup Time": 10652.113,
            "Actual Total Time": 10652.119,
            "Actual Rows": 1,
            "Actual Loops": 2,
            "Plans": [
              {
                "Node Type": "Hash Join",
                "Parent Relationship": "Outer",
                "Parallel Aware": true,
                "Join Type": "Inner",
                "Startup Cost": 642650.04,
                "Total Cost": 739195.33,
                "Plan Rows": 4049752,
                "Plan Width": 0,
                "Actual Startup Time": 6579.937,
                "Actual Total Time": 9385.746,
                "Actual Rows": 32607357,
                "Actual Loops": 2,
                "Inner Unique": false,
                "Hash Cond": "(mk.movie_id = t.id)",
                "Plans": [
                  {
                    "Node Type": "Seq Scan",
                    "Parent Relationship": "Outer",
                    "Parallel Aware": true,
                    "Relation Name": "movie_keyword",
                    "Alias": "mk",
                    "Startup Cost": 0.0,
                    "Total Cost": 57718.19,
                    "Plan Rows": 1200401,
                    "Plan Width": 4,
                    "Actual Startup Time": 0.017,
                    "Actual Total Time": 184.348,
                    "Actual Rows": 1019562,
                    "Actual Loops": 2,
                    "Filter": "(keyword_id < 3644)",
                    "Rows Removed by Filter": 1242404
                  },
                  {
                    "Node Type": "Hash",
                    "Parent Relationship": "Inner",
                    "Parallel Aware": true,
                    "Startup Cost": 579932.25,
                    "Total Cost": 579932.25,
                    "Plan Rows": 5017423,
                    "Plan Width": 8,
                    "Actual Startup Time": 6451.635,
                    "Actual Total Time": 6451.64,
                    "Actual Rows": 4325076,
                    "Actual Loops": 2,
                    "Hash Buckets": 16777216,
                    "Original Hash Buckets": 16777216,
                    "Hash Batches": 1,
                    "Original Hash Batches": 1,
                    "Peak Memory Usage": 469472,
                    "Plans": [
                      {
                        "Node Type": "Hash Join",
                        "Parent Relationship": "Outer",
                        "Parallel Aware": true,
                        "Join Type": "Inner",
                        "Startup Cost": 58198.9,
                        "Total Cost": 579932.25,
                        "Plan Rows": 5017423,
                        "Plan Width": 8,
                        "Actual Startup Time": 149.391,
                        "Actual Total Time": 5029.42,
                        "Actual Rows": 4325076,
                        "Actual Loops": 2,
                        "Inner Unique": true,
                        "Hash Cond": "(ci.movie_id = t.id)",
                        "Plans": [
                          {
                            "Node Type": "Seq Scan",
                            "Parent Relationship": "Outer",
                            "Parallel Aware": true,
                            "Relation Name": "cast_info",
                            "Alias": "ci",
                            "Startup Cost": 0.0,
                            "Total Cost": 465792.95,
                            "Plan Rows": 21310595,
                            "Plan Width": 4,
                            "Actual Startup Time": 0.015,
                            "Actual Total Time": 1394.077,
                            "Actual Rows": 18122172,
                            "Actual Loops": 2
                          },
                          {
                            "Node Type": "Hash",
                            "Parent Relationship": "Inner",
                            "Parallel Aware": true,
                            "Startup Cost": 53821.93,
                            "Total Cost": 53821.93,
                            "Plan Rows": 350158,
                            "Plan Width": 4,
                            "Actual Startup Time": 146.58,
                            "Actual Total Time": 146.581,
                            "Actual Rows": 240956,
                            "Actual Loops": 2,
                            "Hash Buckets": 1048576,
                            "Original Hash Buckets": 1048576,
                            "Hash Batches": 1,
                            "Original Hash Batches": 1,
                            "Peak Memory Usage": 27072,
                            "Plans": [
                              {
                                "Node Type": "Bitmap Heap Scan",
                                "Parent Relationship": "Outer",
                                "Parallel Aware": true,
                                "Relation Name": "title",
                                "Alias": "t",
                                "Startup Cost": 11971.67,
                                "Total Cost": 53821.93,
                                "Plan Rows": 350158,
                                "Plan Width": 4,
                                "Actual Startup Time": 22.701,
                                "Actual Total Time": 92.342,
                                "Actual Rows": 240956,
                                "Actual Loops": 2,
                                "Recheck Cond": "(kind_id = 1)",
                                "Rows Removed by Index Recheck": 0,
                                "Filter": "(production_year > 1954)",
                                "Rows Removed by Filter": 90456,
                                "Exact Heap Blocks": 7890,
                                "Lossy Heap Blocks": 0,
                                "Plans": [
                                  {
                                    "Node Type": "Bitmap Index Scan",
                                    "Parent Relationship": "Outer",
                                    "Parallel Aware": false,
                                    "Index Name": "kind_id_title",
                                    "Startup Cost": 0.0,
                                    "Total Cost": 11822.85,
                                    "Plan Rows": 663256,
                                    "Plan Width": 0,
                                    "Actual Startup Time": 20.812,
                                    "Actual Total Time": 20.812,
                                    "Actual Rows": 662825,
                                    "Actual Loops": 1,
                                    "Index Cond": "(kind_id = 1)"
                                  }
                                ]
                              }
                            ]
                          }
                        ]
                      }
                    ]
                  }
                ]
              }
            ]
          }
        ]
      }
    ]
  },
  "Planning Time": 0.976,
  "Triggers": [],
  "Execution Time": 10768.086
}