[
  {
    "Plan": {
      "Node Type": "Aggregate",
      "Strategy": "Plain",
      "Partial Mode": "Finalize",
      "Parallel Aware": false,
      "Startup Cost": 219312.47,
      "Total Cost": 219312.48,
      "Plan Rows": 1,
      "Plan Width": 8,
      "Actual Startup Time": 153.07,
      "Actual Total Time": 167.838,
      "Actual Rows": 1,
      "Actual Loops": 1,
      "Plans": [
        {
          "Node Type": "Gather",
          "Parent Relationship": "Outer",
          "Parallel Aware": false,
          "Startup Cost": 219311.95,
          "Total Cost": 219312.46,
          "Plan Rows": 5,
          "Plan Width": 8,
          "Actual Startup Time": 152.504,
          "Actual Total Time": 167.831,
          "Actual Rows": 6,
          "Actual Loops": 1,
          "Workers Planned": 5,
          "Workers Launched": 5,
          "Single Copy": false,
          "Plans": [
            {
              "Node Type": "Aggregate",
              "Strategy": "Plain",
              "Partial Mode": "Partial",
              "Parent Relationship": "Outer",
              "Parallel Aware": false,
              "Startup Cost": 218311.95,
              "Total Cost": 218311.96,
              "Plan Rows": 1,
              "Plan Width": 8,
              "Actual Startup Time": 141.636,
              "Actual Total Time": 141.639,
              "Actual Rows": 1,
              "Actual Loops": 6,
              "Plans": [
                {
                  "Node Type": "Hash Join",
                  "Parent Relationship": "Outer",
                  "Parallel Aware": true,
                  "Join Type": "Inner",
                  "Startup Cost": 54774.47,
                  "Total Cost": 218309.36,
                  "Plan Rows": 1034,
                  "Plan Width": 0,
                  "Actual Startup Time": 116.047,
                  "Actual Total Time": 141.591,
                  "Actual Rows": 346,
                  "Actual Loops": 6,
                  "Inner Unique": true,
                  "Hash Cond": "(mi.movie_id = t.id)",
                  "Plans": [
                    {
                      "Node Type": "Bitmap Heap Scan",
                      "Parent Relationship": "Outer",
                      "Parallel Aware": true,
                      "Relation Name": "movie_info",
                      "Alias": "mi",
                      "Startup Cost": 9214.73,
                      "Total Cost": 172482.02,
                      "Plan Rows": 101943,
                      "Plan Width": 4,
                      "Actual Startup Time": 18.769,
                      "Actual Total Time": 35.954,
                      "Actual Rows": 81092,
                      "Actual Loops": 6,
                      "Recheck Cond": "(info_type_id = 5)",
                      "Rows Removed by Index Recheck": 0,
                      "Exact Heap Blocks": 1538,
                      "Lossy Heap Blocks": 0,
                      "Plans": [
                        {
                          "Node Type": "Bitmap Index Scan",
                          "Parent Relationship": "Outer",
                          "Parallel Aware": false,
                          "Index Name": "info_type_id_movie_info",
                          "Startup Cost": 0.0,
                          "Total Cost": 9087.3,
                          "Plan Rows": 509716,
                          "Plan Width": 0,
                          "Actual Startup Time": 17.876,
                          "Actual Total Time": 17.877,
                          "Actual Rows": 486554,
                          "Actual Loops": 1,
                          "Index Cond": "(info_type_id = 5)"
                        }
                      ]
                    },
                    {
                      "Node Type": "Hash",
                      "Parent Relationship": "Inner",
                      "Parallel Aware": true,
                      "Startup Cost": 45479.59,
                      "Total Cost": 45479.59,
                      "Plan Rows": 6412,
                      "Plan Width": 4,
                      "Actual Startup Time": 93.701,
                      "Actual Total Time": 93.702,
                      "Actual Rows": 3951,
                      "Actual Loops": 6,
                      "Hash Buckets": 32768,
                      "Original Hash Buckets": 32768,
                      "Hash Batches": 1,
                      "Original Hash Batches": 1,
                      "Peak Memory Usage": 1280,
                      "Plans": [
                        {
                          "Node Type": "Seq Scan",
                          "Parent Relationship": "Outer",
                          "Parallel Aware": true,
                          "Relation Name": "title",
                          "Alias": "t",
                          "Startup Cost": 0.0,
                          "Total Cost": 45479.59,
                          "Plan Rows": 6412,
                          "Plan Width": 4,
                          "Actual Startup Time": 0.393,
                          "Actual Total Time": 91.459,
                          "Actual Rows": 3951,
                          "Actual Loops": 6,
                          "Filter": "((kind_id < 7) AND (production_year = 2013))",
                          "Rows Removed by Filter": 417434
                        }
                      ]
                    }
                  ]
                }
              ]
            }
          ]
        }
      ]
    },
    "Planning Time": 0.665,
    "Triggers": [],
    "Execution Time": 167.936
  }
]