[
  {
    "Plan": {
      "Node Type": "Aggregate",
      "Strategy": "Plain",
      "Partial Mode": "Finalize",
      "Parallel Aware": false,
      "Startup Cost": 86256.36,
      "Total Cost": 86256.37,
      "Plan Rows": 1,
      "Plan Width": 8,
      "Actual Startup Time": 518.513,
      "Actual Total Time": 538.476,
      "Actual Rows": 1,
      "Actual Loops": 1,
      "Plans": [
        {
          "Node Type": "Gather",
          "Parent Relationship": "Outer",
          "Parallel Aware": false,
          "Startup Cost": 86256.04,
          "Total Cost": 86256.35,
          "Plan Rows": 3,
          "Plan Width": 8,
          "Actual Startup Time": 507.774,
          "Actual Total Time": 538.467,
          "Actual Rows": 4,
          "Actual Loops": 1,
          "Workers Planned": 3,
          "Workers Launched": 3,
          "Single Copy": false,
          "Plans": [
            {
              "Node Type": "Aggregate",
              "Strategy": "Plain",
              "Partial Mode": "Partial",
              "Parent Relationship": "Outer",
              "Parallel Aware": false,
              "Startup Cost": 85256.04,
              "Total Cost": 85256.05,
              "Plan Rows": 1,
              "Plan Width": 8,
              "Actual Startup Time": 489.856,
              "Actual Total Time": 489.861,
              "Actual Rows": 1,
              "Actual Loops": 4,
              "Plans": [
                {
                  "Node Type": "Hash Join",
                  "Parent Relationship": "Outer",
                  "Parallel Aware": true,
                  "Join Type": "Inner",
                  "Startup Cost": 58565.49,
                  "Total Cost": 84938.8,
                  "Plan Rows": 126896,
                  "Plan Width": 0,
                  "Actual Startup Time": 402.197,
                  "Actual Total Time": 484.987,
                  "Actual Rows": 98295,
                  "Actual Loops": 4,
                  "Inner Unique": true,
                  "Hash Cond": "(mk.movie_id = t.id)",
                  "Plans": [
                    {
                      "Node Type": "Bitmap Heap Scan",
                      "Parent Relationship": "Outer",
                      "Parallel Aware": true,
                      "Relation Name": "movie_keyword",
                      "Alias": "mk",
                      "Startup Cost": 8345.11,
                      "Total Cost": 34385.31,
                      "Plan Rows": 126896,
                      "Plan Width": 4,
                      "Actual Startup Time": 25.28,
                      "Actual Total Time": 72.861,
                      "Actual Rows": 98295,
                      "Actual Loops": 4,
                      "Recheck Cond": "(keyword_id > 43842)",
                      "Rows Removed by Index Recheck": 0,
                      "Exact Heap Blocks": 7942,
                      "Lossy Heap Blocks": 0,
                      "Plans": [
                        {
                          "Node Type": "Bitmap Index Scan",
                          "Parent Relationship": "Outer",
                          "Parallel Aware": false,
                          "Index Name": "keyword_id_movie_keyword",
                          "Startup Cost": 0.0,
                          "Total Cost": 8246.77,
                          "Plan Rows": 393378,
                          "Plan Width": 0,
                          "Actual Startup Time": 21.998,
                          "Actual Total Time": 21.998,
                          "Actual Rows": 393181,
                          "Actual Loops": 1,
                          "Index Cond": "(keyword_id > 43842)"
                        }
                      ]
                    },
                    {
                      "Node Type": "Hash",
                      "Parent Relationship": "Inner",
                      "Parallel Aware": true,
                      "Startup Cost": 42319.06,
                      "Total Cost": 42319.06,
                      "Plan Rows": 632106,
                      "Plan Width": 4,
                      "Actual Startup Time": 365.311,
                      "Actual Total Time": 365.312,
                      "Actual Rows": 632078,
                      "Actual Loops": 4,
                      "Hash Buckets": 4194304,
                      "Original Hash Buckets": 4194304,
                      "Hash Batches": 1,
                      "Original Hash Batches": 1,
                      "Peak Memory Usage": 131744,
                      "Plans": [
                        {
                          "Node Type": "Seq Scan",
                          "Parent Relationship": "Outer",
                          "Parallel Aware": true,
                          "Relation Name": "title",
                          "Alias": "t",
                          "Startup Cost": 0.0,
                          "Total Cost": 42319.06,
                          "Plan Rows": 632106,
                          "Plan Width": 4,
                          "Actual Startup Time": 0.042,
                          "Actual Total Time": 108.172,
                          "Actual Rows": 632078,
                          "Actual Loops": 4
                        }
                      ]
                    }
                  ]
                }
              ]
            }
          ]
        }
      ]
    },
    "Planning Time": 0.485,
    "Triggers": [],
    "Execution Time": 538.554
  }
]