[
  {
    "Plan": {
      "Node Type": "Aggregate",
      "Strategy": "Plain",
      "Partial Mode": "Finalize",
      "Parallel Aware": false,
      "Startup Cost": 32245.62,
      "Total Cost": 32245.63,
      "Plan Rows": 1,
      "Plan Width": 8,
      "Actual Startup Time": 121.121,
      "Actual Total Time": 126.695,
      "Actual Rows": 1,
      "Actual Loops": 1,
      "Plans": [
        {
          "Node Type": "Gather",
          "Parent Relationship": "Outer",
          "Parallel Aware": false,
          "Startup Cost": 32245.3,
          "Total Cost": 32245.61,
          "Plan Rows": 3,
          "Plan Width": 8,
          "Actual Startup Time": 120.998,
          "Actual Total Time": 126.687,
          "Actual Rows": 4,
          "Actual Loops": 1,
          "Workers Planned": 3,
          "Workers Launched": 3,
          "Single Copy": false,
          "Plans": [
            {
              "Node Type": "Aggregate",
              "Strategy": "Plain",
              "Partial Mode": "Partial",
              "Parent Relationship": "Outer",
              "Parallel Aware": false,
              "Startup Cost": 31245.3,
              "Total Cost": 31245.31,
              "Plan Rows": 1,
              "Plan Width": 8,
              "Actual Startup Time": 116.343,
              "Actual Total Time": 116.344,
              "Actual Rows": 1,
              "Actual Loops": 4,
              "Plans": [
                {
                  "Node Type": "Seq Scan",
                  "Parent Relationship": "Outer",
                  "Parallel Aware": true,
                  "Relation Name": "movie_companies",
                  "Alias": "mc",
                  "Startup Cost": 0.0,
                  "Total Cost": 29310.68,
                  "Plan Rows": 773848,
                  "Plan Width": 0,
                  "Actual Startup Time": 0.026,
                  "Actual Total Time": 85.879,
                  "Actual Rows": 601007,
                  "Actual Loops": 4,
                  "Filter": "(company_id < 111956)",
                  "Rows Removed by Filter": 51275
                }
              ]
            }
          ]
        }
      ]
    },
    "Planning Time": 0.186,
    "Triggers": [],
    "Execution Time": 126.749
  }
]