[
  {
    "Plan": {
      "Node Type": "Aggregate",
      "Strategy": "Plain",
      "Partial Mode": "Finalize",
      "Parallel Aware": false,
      "Startup Cost": 35439.35,
      "Total Cost": 35439.36,
      "Plan Rows": 1,
      "Plan Width": 8,
      "Actual Startup Time": 27.704,
      "Actual Total Time": 34.163,
      "Actual Rows": 1,
      "Actual Loops": 1,
      "Plans": [
        {
          "Node Type": "Gather",
          "Parent Relationship": "Outer",
          "Parallel Aware": false,
          "Startup Cost": 35439.14,
          "Total Cost": 35439.35,
          "Plan Rows": 2,
          "Plan Width": 8,
          "Actual Startup Time": 27.607,
          "Actual Total Time": 34.159,
          "Actual Rows": 3,
          "Actual Loops": 1,
          "Workers Planned": 2,
          "Workers Launched": 2,
          "Single Copy": false,
          "Plans": [
            {
              "Node Type": "Aggregate",
              "Strategy": "Plain",
              "Partial Mode": "Partial",
              "Parent Relationship": "Outer",
              "Parallel Aware": false,
              "Startup Cost": 34439.14,
              "Total Cost": 34439.15,
              "Plan Rows": 1,
              "Plan Width": 8,
              "Actual Startup Time": 24.629,
              "Actual Total Time": 24.63,
              "Actual Rows": 1,
              "Actual Loops": 3,
              "Plans": [
                {
                  "Node Type": "Nested Loop",
                  "Parent Relationship": "Outer",
                  "Parallel Aware": false,
                  "Join Type": "Inner",
                  "Startup Cost": 144.28,
                  "Total Cost": 34437.33,
                  "Plan Rows": 722,
                  "Plan Width": 0,
                  "Actual Startup Time": 2.645,
                  "Actual Total Time": 24.42,
                  "Actual Rows": 1979,
                  "Actual Loops": 3,
                  "Inner Unique": true,
                  "Plans": [
                    {
                      "Node Type": "Bitmap Heap Scan",
                      "Parent Relationship": "Outer",
                      "Parallel Aware": true,
                      "Relation Name": "movie_keyword",
                      "Alias": "mk",
                      "Startup Cost": 143.85,
                      "Total Cost": 14982.0,
                      "Plan Rows": 2765,
                      "Plan Width": 4,
                      "Actual Startup Time": 0.795,
                      "Actual Total Time": 8.788,
                      "Actual Rows": 2254,
                      "Actual Loops": 3,
                      "Recheck Cond": "(keyword_id = 4333)",
                      "Rows Removed by Index Recheck": 0,
                      "Exact Heap Blocks": 4083,
                      "Lossy Heap Blocks": 0,
                      "Plans": [
                        {
                          "Node Type": "Bitmap Index Scan",
                          "Parent Relationship": "Outer",
                          "Parallel Aware": false,
                          "Index Name": "keyword_id_movie_keyword",
                          "Startup Cost": 0.0,
                          "Total Cost": 142.19,
                          "Plan Rows": 6635,
                          "Plan Width": 0,
                          "Actual Startup Time": 1.535,
                          "Actual Total Time": 1.535,
                          "Actual Rows": 6763,
                          "Actual Loops": 1,
                          "Index Cond": "(keyword_id = 4333)"
                        }
                      ]
                    },
                    {
                      "Node Type": "Index Scan",
                      "Parent Relationship": "Inner",
                      "Parallel Aware": false,
                      "Scan Direction": "Forward",
                      "Index Name": "title_pkey",
                      "Relation Name": "title",
                      "Alias": "t",
                      "Startup Cost": 0.43,
                      "Total Cost": 7.04,
                      "Plan Rows": 1,
                      "Plan Width": 4,
                      "Actual Startup Time": 0.006,
                      "Actual Total Time": 0.006,
                      "Actual Rows": 1,
                      "Actual Loops": 6763,
                      "Index Cond": "(id = mk.movie_id)",
                      "Rows Removed by Index Recheck": 0,
                      "Filter": "(kind_id = 1)",
                      "Rows Removed by Filter": 0
                    }
                  ]
                }
              ]
            }
          ]
        }
      ]
    },
    "Planning Time": 0.211,
    "Triggers": [],
    "Execution Time": 34.197
  }
]