[
  {
    "Plan": {
      "Node Type": "Aggregate",
      "Strategy": "Plain",
      "Partial Mode": "Finalize",
      "Parallel Aware": false,
      "Startup Cost": 91544.63,
      "Total Cost": 91544.64,
      "Plan Rows": 1,
      "Plan Width": 8,
      "Actual Startup Time": 412.418,
      "Actual Total Time": 433.026,
      "Actual Rows": 1,
      "Actual Loops": 1,
      "Plans": [
        {
          "Node Type": "Gather",
          "Parent Relationship": "Outer",
          "Parallel Aware": false,
          "Startup Cost": 91544.32,
          "Total Cost": 91544.63,
          "Plan Rows": 3,
          "Plan Width": 8,
          "Actual Startup Time": 411.342,
          "Actual Total Time": 433.018,
          "Actual Rows": 4,
          "Actual Loops": 1,
          "Workers Planned": 3,
          "Workers Launched": 3,
          "Single Copy": false,
          "Plans": [
            {
              "Node Type": "Aggregate",
              "Strategy": "Plain",
              "Partial Mode": "Partial",
              "Parent Relationship": "Outer",
              "Parallel Aware": false,
              "Startup Cost": 90544.32,
              "Total Cost": 90544.33,
              "Plan Rows": 1,
              "Plan Width": 8,
              "Actual Startup Time": 401.751,
              "Actual Total Time": 401.755,
              "Actual Rows": 1,
              "Actual Loops": 4,
              "Plans": [
                {
                  "Node Type": "Hash Join",
                  "Parent Relationship": "Outer",
                  "Parallel Aware": true,
                  "Join Type": "Inner",
                  "Startup Cost": 44616.0,
                  "Total Cost": 90287.27,
                  "Plan Rows": 102818,
                  "Plan Width": 0,
                  "Actual Startup Time": 147.89,
                  "Actual Total Time": 399.831,
                  "Actual Rows": 28241,
                  "Actual Loops": 4,
                  "Inner Unique": true,
                  "Hash Cond": "(mk.movie_id = t.id)",
                  "Plans": [
                    {
                      "Node Type": "Seq Scan",
                      "Parent Relationship": "Outer",
                      "Parallel Aware": true,
                      "Relation Name": "movie_keyword",
                      "Alias": "mk",
                      "Startup Cost": 0.0,
                      "Total Cost": 42695.65,
                      "Plan Rows": 1133570,
                      "Plan Width": 4,
                      "Actual Startup Time": 0.025,
                      "Actual Total Time": 151.024,
                      "Actual Rows": 878278,
                      "Actual Loops": 4,
                      "Filter": "(keyword_id < 18032)",
                      "Rows Removed by Filter": 252704
                    },
                    {
                      "Node Type": "Hash",
                      "Parent Relationship": "Inner",
                      "Parallel Aware": true,
                      "Startup Cost": 43899.32,
                      "Total Cost": 43899.32,
                      "Plan Rows": 57334,
                      "Plan Width": 4,
                      "Actual Startup Time": 144.905,
                      "Actual Total Time": 144.907,
                      "Actual Rows": 57912,
                      "Actual Loops": 4,
                      "Hash Buckets": 262144,
                      "Original Hash Buckets": 262144,
                      "Hash Batches": 1,
                      "Original Hash Batches": 1,
                      "Peak Memory Usage": 11168,
                      "Plans": [
                        {
                          "Node Type": "Seq Scan",
                          "Parent Relationship": "Outer",
                          "Parallel Aware": true,
                          "Relation Name": "title",
                          "Alias": "t",
                          "Startup Cost": 0.0,
                          "Total Cost": 43899.32,
                          "Plan Rows": 57334,
                          "Plan Width": 4,
                          "Actual Startup Time": 0.048,
                          "Actual Total Time": 120.095,
                          "Actual Rows": 57912,
                          "Actual Loops": 4,
                          "Filter": "(production_year > 2011)",
                          "Rows Removed by Filter": 574166
                        }
                      ]
                    }
                  ]
                }
              ]
            }
          ]
        }
      ]
    },
    "Planning Time": 0.626,
    "Triggers": [],
    "Execution Time": 433.099
  }
]