[
  {
    "Plan": {
      "Node Type": "Aggregate",
      "Strategy": "Plain",
      "Partial Mode": "Finalize",
      "Parallel Aware": false,
      "Startup Cost": 334860.04,
      "Total Cost": 334860.05,
      "Plan Rows": 1,
      "Plan Width": 8,
      "Actual Startup Time": 685.379,
      "Actual Total Time": 732.481,
      "Actual Rows": 1,
      "Actual Loops": 1,
      "Plans": [
        {
          "Node Type": "Gather",
          "Parent Relationship": "Outer",
          "Parallel Aware": false,
          "Startup Cost": 334859.41,
          "Total Cost": 334860.02,
          "Plan Rows": 6,
          "Plan Width": 8,
          "Actual Startup Time": 685.163,
          "Actual Total Time": 732.464,
          "Actual Rows": 7,
          "Actual Loops": 1,
          "Workers Planned": 6,
          "Workers Launched": 6,
          "Single Copy": false,
          "Plans": [
            {
              "Node Type": "Aggregate",
              "Strategy": "Plain",
              "Partial Mode": "Partial",
              "Parent Relationship": "Outer",
              "Parallel Aware": false,
              "Startup Cost": 333859.41,
              "Total Cost": 333859.42,
              "Plan Rows": 1,
              "Plan Width": 8,
              "Actual Startup Time": 674.399,
              "Actual Total Time": 674.4,
              "Actual Rows": 1,
              "Actual Loops": 7,
              "Plans": [
                {
                  "Node Type": "Seq Scan",
                  "Parent Relationship": "Outer",
                  "Parallel Aware": true,
                  "Relation Name": "cast_info",
                  "Alias": "ci",
                  "Startup Cost": 0.0,
                  "Total Cost": 328211.39,
                  "Plan Rows": 2259209,
                  "Plan Width": 0,
                  "Actual Startup Time": 0.067,
                  "Actual Total Time": 581.912,
                  "Actual Rows": 1957552,
                  "Actual Loops": 7,
                  "Filter": "(person_id < 1349314)",
                  "Rows Removed by Filter": 3220211
                }
              ]
            }
          ]
        }
      ]
    },
    "Planning Time": 0.21,
    "Triggers": [],
    "Execution Time": 732.558
  }
]