[
  {
    "Plan": {
      "Node Type": "Aggregate",
      "Strategy": "Plain",
      "Partial Mode": "Simple",
      "Parallel Aware": false,
      "Startup Cost": 26968.35,
      "Total Cost": 26968.36,
      "Plan Rows": 1,
      "Plan Width": 8,
      "Actual Startup Time": 40.935,
      "Actual Total Time": 40.936,
      "Actual Rows": 1,
      "Actual Loops": 1,
      "Plans": [
        {
          "Node Type": "Bitmap Heap Scan",
          "Parent Relationship": "Outer",
          "Parallel Aware": false,
          "Relation Name": "movie_keyword",
          "Alias": "mk",
          "Startup Cost": 723.88,
          "Total Cost": 26883.37,
          "Plan Rows": 33993,
          "Plan Width": 0,
          "Actual Startup Time": 12.218,
          "Actual Total Time": 38.329,
          "Actual Rows": 27507,
          "Actual Loops": 1,
          "Recheck Cond": "(keyword_id < 28)",
          "Rows Removed by Index Recheck": 0,
          "Exact Heap Blocks": 9584,
          "Lossy Heap Blocks": 0,
          "Plans": [
            {
              "Node Type": "Bitmap Index Scan",
              "Parent Relationship": "Outer",
              "Parallel Aware": false,
              "Index Name": "keyword_id_movie_keyword",
              "Startup Cost": 0.0,
              "Total Cost": 715.38,
              "Plan Rows": 33993,
              "Plan Width": 0,
              "Actual Startup Time": 7.464,
              "Actual Total Time": 7.465,
              "Actual Rows": 27507,
              "Actual Loops": 1,
              "Index Cond": "(keyword_id < 28)"
            }
          ]
        }
      ]
    },
    "Planning Time": 0.275,
    "Triggers": [],
    "Execution Time": 41.079
  }
]