[
  {
    "Plan": {
      "Node Type": "Aggregate",
      "Strategy": "Plain",
      "Partial Mode": "Finalize",
      "Parallel Aware": false,
      "Startup Cost": 291880.52,
      "Total Cost": 291880.53,
      "Plan Rows": 1,
      "Plan Width": 8,
      "Actual Startup Time": 1518.913,
      "Actual Total Time": 1617.133,
      "Actual Rows": 1,
      "Actual Loops": 1,
      "Plans": [
        {
          "Node Type": "Gather",
          "Parent Relationship": "Outer",
          "Parallel Aware": false,
          "Startup Cost": 291880.1,
          "Total Cost": 291880.51,
          "Plan Rows": 4,
          "Plan Width": 8,
          "Actual Startup Time": 1515.348,
          "Actual Total Time": 1617.056,
          "Actual Rows": 5,
          "Actual Loops": 1,
          "Workers Planned": 4,
          "Workers Launched": 4,
          "Single Copy": false,
          "Plans": [
            {
              "Node Type": "Aggregate",
              "Strategy": "Plain",
              "Partial Mode": "Partial",
              "Parent Relationship": "Outer",
              "Parallel Aware": false,
              "Startup Cost": 290880.1,
              "Total Cost": 290880.11,
              "Plan Rows": 1,
              "Plan Width": 8,
              "Actual Startup Time": 1505.115,
              "Actual Total Time": 1505.118,
              "Actual Rows": 1,
              "Actual Loops": 5,
              "Plans": [
                {
                  "Node Type": "Nested Loop",
                  "Parent Relationship": "Outer",
                  "Parallel Aware": false,
                  "Join Type": "Inner",
                  "Startup Cost": 31286.01,
                  "Total Cost": 287802.04,
                  "Plan Rows": 1231226,
                  "Plan Width": 0,
                  "Actual Startup Time": 98.456,
                  "Actual Total Time": 1464.116,
                  "Actual Rows": 880904,
                  "Actual Loops": 5,
                  "Inner Unique": false,
                  "Plans": [
                    {
                      "Node Type": "Hash Join",
                      "Parent Relationship": "Outer",
                      "Parallel Aware": true,
                      "Join Type": "Inner",
                      "Startup Cost": 31285.44,
                      "Total Cost": 77679.48,
                      "Plan Rows": 85925,
                      "Plan Width": 8,
                      "Actual Startup Time": 98.353,
                      "Actual Total Time": 312.413,
                      "Actual Rows": 33475,
                      "Actual Loops": 5,
                      "Inner Unique": false,
                      "Hash Cond": "(t.id = mc.movie_id)",
                      "Plans": [
                        {
                          "Node Type": "Seq Scan",
                          "Parent Relationship": "Outer",
                          "Parallel Aware": true,
                          "Relation Name": "title",
                          "Alias": "t",
                          "Startup Cost": 0.0,
                          "Total Cost": 43898.92,
                          "Plan Rows": 443589,
                          "Plan Width": 4,
                          "Actual Startup Time": 0.014,
                          "Actual Total Time": 74.685,
                          "Actual Rows": 354927,
                          "Actual Loops": 5,
                          "Filter": "(kind_id > 2)",
                          "Rows Removed by Filter": 150735
                        },
                        {
                          "Node Type": "Hash",
                          "Parent Relationship": "Inner",
                          "Parallel Aware": true,
                          "Startup Cost": 29310.68,
                          "Total Cost": 29310.68,
                          "Plan Rows": 157981,
                          "Plan Width": 4,
                          "Actual Startup Time": 95.273,
                          "Actual Total Time": 95.274,
                          "Actual Rows": 99393,
                          "Actual Loops": 5,
                          "Hash Buckets": 524288,
                          "Original Hash Buckets": 524288,
                          "Hash Batches": 1,
                          "Original Hash Batches": 1,
                          "Peak Memory Usage": 23616,
                          "Plans": [
                            {
                              "Node Type": "Seq Scan",
                              "Parent Relationship": "Outer",
                              "Parallel Aware": true,
                              "Relation Name": "movie_companies",
                              "Alias": "mc",
                              "Startup Cost": 0.0,
                              "Total Cost": 29310.68,
                              "Plan Rows": 157981,
                              "Plan Width": 4,
                              "Actual Startup Time": 40.08,
                              "Actual Total Time": 66.226,
                              "Actual Rows": 99393,
                              "Actual Loops": 5,
                              "Filter": "(company_id > 74347)",
                              "Rows Removed by Filter": 422432
                            }
                          ]
                        }
                      ]
                    },
                    {
                      "Node Type": "Index Only Scan",
                      "Parent Relationship": "Inner",
                      "Parallel Aware": false,
                      "Scan Direction": "Forward",
                      "Index Name": "movie_id_cast_info",
                      "Relation Name": "cast_info",
                      "Alias": "ci",
                      "Startup Cost": 0.56,
                      "Total Cost": 2.08,
                      "Plan Rows": 37,
                      "Plan Width": 4,
                      "Actual Startup Time": 0.006,
                      "Actual Total Time": 0.032,
                      "Actual Rows": 26,
                      "Actual Loops": 167376,
                      "Index Cond": "(movie_id = t.id)",
                      "Rows Removed by Index Recheck": 0,
                      "Heap Fetches": 4404520
                    }
                  ]
                }
              ]
            }
          ]
        }
      ]
    },
    "Planning Time": 1.366,
    "Triggers": [],
    "Execution Time": 1617.246
  }
]