[
  {
    "Plan": {
      "Node Type": "Aggregate",
      "Strategy": "Plain",
      "Partial Mode": "Finalize",
      "Parallel Aware": false,
      "Startup Cost": 75324.34,
      "Total Cost": 75324.35,
      "Plan Rows": 1,
      "Plan Width": 8,
      "Actual Startup Time": 123.335,
      "Actual Total Time": 139.339,
      "Actual Rows": 1,
      "Actual Loops": 1,
      "Plans": [
        {
          "Node Type": "Gather",
          "Parent Relationship": "Outer",
          "Parallel Aware": false,
          "Startup Cost": 75323.92,
          "Total Cost": 75324.33,
          "Plan Rows": 4,
          "Plan Width": 8,
          "Actual Startup Time": 123.204,
          "Actual Total Time": 139.331,
          "Actual Rows": 5,
          "Actual Loops": 1,
          "Workers Planned": 4,
          "Workers Launched": 4,
          "Single Copy": false,
          "Plans": [
            {
              "Node Type": "Aggregate",
              "Strategy": "Plain",
              "Partial Mode": "Partial",
              "Parent Relationship": "Outer",
              "Parallel Aware": false,
              "Startup Cost": 74323.92,
              "Total Cost": 74323.93,
              "Plan Rows": 1,
              "Plan Width": 8,
              "Actual Startup Time": 114.027,
              "Actual Total Time": 114.028,
              "Actual Rows": 1,
              "Actual Loops": 5,
              "Plans": [
                {
                  "Node Type": "Nested Loop",
                  "Parent Relationship": "Outer",
                  "Parallel Aware": false,
                  "Join Type": "Inner",
                  "Startup Cost": 0.43,
                  "Total Cost": 74312.71,
                  "Plan Rows": 4484,
                  "Plan Width": 0,
                  "Actual Startup Time": 0.735,
                  "Actual Total Time": 113.456,
                  "Actual Rows": 5976,
                  "Actual Loops": 5,
                  "Inner Unique": false,
                  "Plans": [
                    {
                      "Node Type": "Seq Scan",
                      "Parent Relationship": "Outer",
                      "Parallel Aware": true,
                      "Relation Name": "title",
                      "Alias": "t",
                      "Startup Cost": 0.0,
                      "Total Cost": 45479.1,
                      "Plan Rows": 4345,
                      "Plan Width": 4,
                      "Actual Startup Time": 0.536,
                      "Actual Total Time": 84.757,
                      "Actual Rows": 2623,
                      "Actual Loops": 5,
                      "Filter": "((kind_id < 4) AND (production_year = 2000))",
                      "Rows Removed by Filter": 503039
                    },
                    {
                      "Node Type": "Index Only Scan",
                      "Parent Relationship": "Inner",
                      "Parallel Aware": false,
                      "Scan Direction": "Forward",
                      "Index Name": "movie_id_movie_companies",
                      "Relation Name": "movie_companies",
                      "Alias": "mc",
                      "Startup Cost": 0.43,
                      "Total Cost": 6.59,
                      "Plan Rows": 5,
                      "Plan Width": 4,
                      "Actual Startup Time": 0.008,
                      "Actual Total Time": 0.01,
                      "Actual Rows": 2,
                      "Actual Loops": 13117,
                      "Index Cond": "(movie_id = t.id)",
                      "Rows Removed by Index Recheck": 0,
                      "Heap Fetches": 29881
                    }
                  ]
                }
              ]
            }
          ]
        }
      ]
    },
    "Planning Time": 0.512,
    "Triggers": [],
    "Execution Time": 139.403
  }
]