[
  {
    "Plan": {
      "Node Type": "Aggregate",
      "Strategy": "Plain",
      "Partial Mode": "Finalize",
      "Parallel Aware": false,
      "Startup Cost": 46484.59,
      "Total Cost": 46484.6,
      "Plan Rows": 1,
      "Plan Width": 8,
      "Actual Startup Time": 93.382,
      "Actual Total Time": 105.252,
      "Actual Rows": 1,
      "Actual Loops": 1,
      "Plans": [
        {
          "Node Type": "Gather",
          "Parent Relationship": "Outer",
          "Parallel Aware": false,
          "Startup Cost": 46484.17,
          "Total Cost": 46484.58,
          "Plan Rows": 4,
          "Plan Width": 8,
          "Actual Startup Time": 93.183,
          "Actual Total Time": 105.239,
          "Actual Rows": 5,
          "Actual Loops": 1,
          "Workers Planned": 4,
          "Workers Launched": 4,
          "Single Copy": false,
          "Plans": [
            {
              "Node Type": "Aggregate",
              "Strategy": "Plain",
              "Partial Mode": "Partial",
              "Parent Relationship": "Outer",
              "Parallel Aware": false,
              "Startup Cost": 45484.17,
              "Total Cost": 45484.18,
              "Plan Rows": 1,
              "Plan Width": 8,
              "Actual Startup Time": 87.347,
              "Actual Total Time": 87.348,
              "Actual Rows": 1,
              "Actual Loops": 5,
              "Plans": [
                {
                  "Node Type": "Seq Scan",
                  "Parent Relationship": "Outer",
                  "Parallel Aware": true,
                  "Relation Name": "title",
                  "Alias": "t",
                  "Startup Cost": 0.0,
                  "Total Cost": 45479.59,
                  "Plan Rows": 1832,
                  "Plan Width": 0,
                  "Actual Startup Time": 0.692,
                  "Actual Total Time": 87.188,
                  "Actual Rows": 1280,
                  "Actual Loops": 5,
                  "Filter": "((kind_id < 3) AND (production_year = 1993))",
                  "Rows Removed by Filter": 504382
                }
              ]
            }
          ]
        }
      ]
    },
    "Planning Time": 0.189,
    "Triggers": [],
    "Execution Time": 105.319
  }
]