[
  {
    "Plan": {
      "Node Type": "Aggregate",
      "Strategy": "Plain",
      "Partial Mode": "Finalize",
      "Parallel Aware": false,
      "Startup Cost": 334692.97,
      "Total Cost": 334692.98,
      "Plan Rows": 1,
      "Plan Width": 8,
      "Actual Startup Time": 741.14,
      "Actual Total Time": 795.217,
      "Actual Rows": 1,
      "Actual Loops": 1,
      "Plans": [
        {
          "Node Type": "Gather",
          "Parent Relationship": "Outer",
          "Parallel Aware": false,
          "Startup Cost": 334692.35,
          "Total Cost": 334692.96,
          "Plan Rows": 6,
          "Plan Width": 8,
          "Actual Startup Time": 740.946,
          "Actual Total Time": 795.2,
          "Actual Rows": 7,
          "Actual Loops": 1,
          "Workers Planned": 6,
          "Workers Launched": 6,
          "Single Copy": false,
          "Plans": [
            {
              "Node Type": "Aggregate",
              "Strategy": "Plain",
              "Partial Mode": "Partial",
              "Parent Relationship": "Outer",
              "Parallel Aware": false,
              "Startup Cost": 333692.35,
              "Total Cost": 333692.36,
              "Plan Rows": 1,
              "Plan Width": 8,
              "Actual Startup Time": 732.459,
              "Actual Total Time": 732.461,
              "Actual Rows": 1,
              "Actual Loops": 7,
              "Plans": [
                {
                  "Node Type": "Seq Scan",
                  "Parent Relationship": "Outer",
                  "Parallel Aware": true,
                  "Relation Name": "cast_info",
                  "Alias": "ci",
                  "Startup Cost": 0.0,
                  "Total Cost": 328211.39,
                  "Plan Rows": 2192382,
                  "Plan Width": 0,
                  "Actual Startup Time": 0.057,
                  "Actual Total Time": 632.483,
                  "Actual Rows": 1894263,
                  "Actual Loops": 7,
                  "Filter": "(person_id < 1307201)",
                  "Rows Removed by Filter": 3283500
                }
              ]
            }
          ]
        }
      ]
    },
    "Planning Time": 0.161,
    "Triggers": [],
    "Execution Time": 795.281
  }
]