[
  {
    "Plan": {
      "Node Type": "Aggregate",
      "Strategy": "Plain",
      "Partial Mode": "Finalize",
      "Parallel Aware": false,
      "Startup Cost": 347740.9,
      "Total Cost": 347740.91,
      "Plan Rows": 1,
      "Plan Width": 8,
      "Actual Startup Time": 671.191,
      "Actual Total Time": 719.555,
      "Actual Rows": 1,
      "Actual Loops": 1,
      "Plans": [
        {
          "Node Type": "Gather",
          "Parent Relationship": "Outer",
          "Parallel Aware": false,
          "Startup Cost": 347740.27,
          "Total Cost": 347740.88,
          "Plan Rows": 6,
          "Plan Width": 8,
          "Actual Startup Time": 670.989,
          "Actual Total Time": 719.539,
          "Actual Rows": 7,
          "Actual Loops": 1,
          "Workers Planned": 6,
          "Workers Launched": 6,
          "Single Copy": false,
          "Plans": [
            {
              "Node Type": "Aggregate",
              "Strategy": "Plain",
              "Partial Mode": "Partial",
              "Parent Relationship": "Outer",
              "Parallel Aware": false,
              "Startup Cost": 346740.27,
              "Total Cost": 346740.28,
              "Plan Rows": 1,
              "Plan Width": 8,
              "Actual Startup Time": 663.677,
              "Actual Total Time": 663.679,
              "Actual Rows": 1,
              "Actual Loops": 7,
              "Plans": [
                {
                  "Node Type": "Seq Scan",
                  "Parent Relationship": "Outer",
                  "Parallel Aware": true,
                  "Relation Name": "cast_info",
                  "Alias": "ci",
                  "Startup Cost": 0.0,
                  "Total Cost": 343316.27,
                  "Plan Rows": 1369600,
                  "Plan Width": 0,
                  "Actual Startup Time": 234.011,
                  "Actual Total Time": 638.282,
                  "Actual Rows": 506000,
                  "Actual Loops": 7,
                  "Filter": "((person_id < 1259635) AND (role_id > 1))",
                  "Rows Removed by Filter": 4671763
                }
              ]
            }
          ]
        }
      ]
    },
    "Planning Time": 0.128,
    "Triggers": [],
    "Execution Time": 719.61
  }
]