[
  {
    "Plan": {
      "Node Type": "Aggregate",
      "Strategy": "Plain",
      "Partial Mode": "Finalize",
      "Parallel Aware": false,
      "Startup Cost": 347744.45,
      "Total Cost": 347744.46,
      "Plan Rows": 1,
      "Plan Width": 8,
      "Actual Startup Time": 668.257,
      "Actual Total Time": 723.819,
      "Actual Rows": 1,
      "Actual Loops": 1,
      "Plans": [
        {
          "Node Type": "Gather",
          "Parent Relationship": "Outer",
          "Parallel Aware": false,
          "Startup Cost": 347743.82,
          "Total Cost": 347744.43,
          "Plan Rows": 6,
          "Plan Width": 8,
          "Actual Startup Time": 668.138,
          "Actual Total Time": 723.808,
          "Actual Rows": 7,
          "Actual Loops": 1,
          "Workers Planned": 6,
          "Workers Launched": 6,
          "Single Copy": false,
          "Plans": [
            {
              "Node Type": "Aggregate",
              "Strategy": "Plain",
              "Partial Mode": "Partial",
              "Parent Relationship": "Outer",
              "Parallel Aware": false,
              "Startup Cost": 346743.82,
              "Total Cost": 346743.83,
              "Plan Rows": 1,
              "Plan Width": 8,
              "Actual Startup Time": 658.713,
              "Actual Total Time": 658.714,
              "Actual Rows": 1,
              "Actual Loops": 7,
              "Plans": [
                {
                  "Node Type": "Seq Scan",
                  "Parent Relationship": "Outer",
                  "Parallel Aware": true,
                  "Relation Name": "cast_info",
                  "Alias": "ci",
                  "Startup Cost": 0.0,
                  "Total Cost": 343257.03,
                  "Plan Rows": 1394718,
                  "Plan Width": 0,
                  "Actual Startup Time": 233.44,
                  "Actual Total Time": 635.241,
                  "Actual Rows": 506000,
                  "Actual Loops": 7,
                  "Filter": "((person_id < 1259635) AND (role_id > 1))",
                  "Rows Removed by Filter": 4671763
                }
              ]
            }
          ]
        }
      ]
    },
    "Planning Time": 0.205,
    "Triggers": [],
    "Execution Time": 723.887
  }
]