[
    {
        "Bao": {
            "Bao prediction": "NaN",
            "Bao recommended hint": "(no hint)"
        }
    },
    {
        "Plan": {
            "Node Type": "Aggregate",
            "Strategy": "Plain",
            "Partial Mode": "Finalize",
            "Parallel Aware": false,
            "Startup Cost": 32742.66,
            "Total Cost": 32742.67,
            "Plan Rows": 1,
            "Plan Width": 8,
            "Actual Startup Time": 79.901,
            "Actual Total Time": 86.611,
            "Actual Rows": 1,
            "Actual Loops": 1,
            "Output": [
                "count(*)"
            ],
            "Plans": [
                {
                    "Node Type": "Gather",
                    "Parent Relationship": "Outer",
                    "Parallel Aware": false,
                    "Startup Cost": 32742.34,
                    "Total Cost": 32742.65,
                    "Plan Rows": 3,
                    "Plan Width": 8,
                    "Actual Startup Time": 79.798,
                    "Actual Total Time": 86.603,
                    "Actual Rows": 4,
                    "Actual Loops": 1,
                    "Output": [
                        "(PARTIAL count(*))"
                    ],
                    "Workers Planned": 3,
                    "Workers Launched": 3,
                    "Single Copy": false,
                    "Plans": [
                        {
                            "Node Type": "Aggregate",
                            "Strategy": "Plain",
                            "Partial Mode": "Partial",
                            "Parent Relationship": "Outer",
                            "Parallel Aware": false,
                            "Startup Cost": 31742.34,
                            "Total Cost": 31742.35,
                            "Plan Rows": 1,
                            "Plan Width": 8,
                            "Actual Startup Time": 71.761,
                            "Actual Total Time": 71.762,
                            "Actual Rows": 1,
                            "Actual Loops": 4,
                            "Output": [
                                "PARTIAL count(*)"
                            ],
                            "Workers": [
                                {
                                    "Worker Number": 0,
                                    "Actual Startup Time": 68.896,
                                    "Actual Total Time": 68.897,
                                    "Actual Rows": 1,
                                    "Actual Loops": 1
                                },
                                {
                                    "Worker Number": 1,
                                    "Actual Startup Time": 69.182,
                                    "Actual Total Time": 69.183,
                                    "Actual Rows": 1,
                                    "Actual Loops": 1
                                },
                                {
                                    "Worker Number": 2,
                                    "Actual Startup Time": 69.453,
                                    "Actual Total Time": 69.454,
                                    "Actual Rows": 1,
                                    "Actual Loops": 1
                                }
                            ],
                            "Plans": [
                                {
                                    "Node Type": "Seq Scan",
                                    "Parent Relationship": "Outer",
                                    "Parallel Aware": true,
                                    "Relation Name": "movie_companies",
                                    "Schema": "public",
                                    "Alias": "mc",
                                    "Startup Cost": 0.0,
                                    "Total Cost": 31414.82,
                                    "Plan Rows": 131008,
                                    "Plan Width": 0,
                                    "Actual Startup Time": 42.437,
                                    "Actual Total Time": 69.319,
                                    "Actual Rows": 57727,
                                    "Actual Loops": 4,
                                    "Output": [
                                        "id",
                                        "movie_id",
                                        "company_id",
                                        "company_type_id",
                                        "note"
                                    ],
                                    "Filter": "((mc.company_id < 1727) AND (mc.company_type_id > 1))",
                                    "Rows Removed by Filter": 594556,
                                    "Workers": [
                                        {
                                            "Worker Number": 0,
                                            "Actual Startup Time": 39.573,
                                            "Actual Total Time": 66.575,
                                            "Actual Rows": 54514,
                                            "Actual Loops": 1
                                        },
                                        {
                                            "Worker Number": 1,
                                            "Actual Startup Time": 39.857,
                                            "Actual Total Time": 66.817,
                                            "Actual Rows": 54975,
                                            "Actual Loops": 1
                                        },
                                        {
                                            "Worker Number": 2,
                                            "Actual Startup Time": 40.124,
                                            "Actual Total Time": 67.143,
                                            "Actual Rows": 53321,
                                            "Actual Loops": 1
                                        }
                                    ]
                                }
                            ]
                        }
                    ]
                }
            ]
        },
        "Planning Time": 215.508,
        "Triggers": [],
        "Execution Time": 86.654
    }
]