{
    "Plan": {
        "Node Type": "Aggregate",
        "Strategy": "Plain",
        "Partial Mode": "Finalize",
        "Parallel Aware": false,
        "Startup Cost": 54537.21,
        "Total Cost": 54537.22,
        "Plan Rows": 1,
        "Plan Width": 8,
        "Actual Startup Time": 118.208,
        "Actual Total Time": 135.567,
        "Actual Rows": 1,
        "Actual Loops": 1,
        "Output": [
            "count(*)"
        ],
        "Plans": [
            {
                "Node Type": "Gather",
                "Parent Relationship": "Outer",
                "Parallel Aware": false,
                "Startup Cost": 54536.79,
                "Total Cost": 54537.2,
                "Plan Rows": 4,
                "Plan Width": 8,
                "Actual Startup Time": 118.093,
                "Actual Total Time": 135.558,
                "Actual Rows": 5,
                "Actual Loops": 1,
                "Output": [
                    "(PARTIAL count(*))"
                ],
                "Workers Planned": 4,
                "Workers Launched": 4,
                "Single Copy": false,
                "Plans": [
                    {
                        "Node Type": "Aggregate",
                        "Strategy": "Plain",
                        "Partial Mode": "Partial",
                        "Parent Relationship": "Outer",
                        "Parallel Aware": false,
                        "Startup Cost": 53536.79,
                        "Total Cost": 53536.8,
                        "Plan Rows": 1,
                        "Plan Width": 8,
                        "Actual Startup Time": 108.334,
                        "Actual Total Time": 108.336,
                        "Actual Rows": 1,
                        "Actual Loops": 5,
                        "Output": [
                            "PARTIAL count(*)"
                        ],
                        "Workers": [
                            {
                                "Worker Number": 0,
                                "Actual Startup Time": 105.339,
                                "Actual Total Time": 105.342,
                                "Actual Rows": 1,
                                "Actual Loops": 1
                            },
                            {
                                "Worker Number": 1,
                                "Actual Startup Time": 106.14,
                                "Actual Total Time": 106.142,
                                "Actual Rows": 1,
                                "Actual Loops": 1
                            },
                            {
                                "Worker Number": 2,
                                "Actual Startup Time": 106.146,
                                "Actual Total Time": 106.148,
                                "Actual Rows": 1,
                                "Actual Loops": 1
                            },
                            {
                                "Worker Number": 3,
                                "Actual Startup Time": 106.738,
                                "Actual Total Time": 106.739,
                                "Actual Rows": 1,
                                "Actual Loops": 1
                            }
                        ],
                        "Plans": [
                            {
                                "Node Type": "Nested Loop",
                                "Parent Relationship": "Outer",
                                "Parallel Aware": false,
                                "Join Type": "Inner",
                                "Startup Cost": 0.86,
                                "Total Cost": 53536.01,
                                "Plan Rows": 315,
                                "Plan Width": 0,
                                "Actual Startup Time": 57.657,
                                "Actual Total Time": 108.201,
                                "Actual Rows": 1451,
                                "Actual Loops": 5,
                                "Inner Unique": false,
                                "Join Filter": "(t.id = mi.movie_id)",
                                "Rows Removed by Join Filter": 0,
                                "Workers": [
                                    {
                                        "Worker Number": 0,
                                        "Actual Startup Time": 54.702,
                                        "Actual Total Time": 105.218,
                                        "Actual Rows": 1194,
                                        "Actual Loops": 1
                                    },
                                    {
                                        "Worker Number": 1,
                                        "Actual Startup Time": 55.444,
                                        "Actual Total Time": 106.014,
                                        "Actual Rows": 1228,
                                        "Actual Loops": 1
                                    },
                                    {
                                        "Worker Number": 2,
                                        "Actual Startup Time": 55.458,
                                        "Actual Total Time": 106.015,
                                        "Actual Rows": 1297,
                                        "Actual Loops": 1
                                    },
                                    {
                                        "Worker Number": 3,
                                        "Actual Startup Time": 56.257,
                                        "Actual Total Time": 106.62,
                                        "Actual Rows": 1114,
                                        "Actual Loops": 1
                                    }
                                ],
                                "Plans": [
                                    {
                                        "Node Type": "Nested Loop",
                                        "Parent Relationship": "Outer",
                                        "Parallel Aware": false,
                                        "Join Type": "Inner",
                                        "Startup Cost": 0.43,
                                        "Total Cost": 52707.46,
                                        "Plan Rows": 519,
                                        "Plan Width": 8,
                                        "Actual Startup Time": 57.431,
                                        "Actual Total Time": 86.976,
                                        "Actual Rows": 979,
                                        "Actual Loops": 5,
                                        "Output": [
                                            "t.id",
                                            "mc.movie_id"
                                        ],
                                        "Inner Unique": false,
                                        "Workers": [
                                            {
                                                "Worker Number": 0,
                                                "Actual Startup Time": 54.448,
                                                "Actual Total Time": 83.176,
                                                "Actual Rows": 759,
                                                "Actual Loops": 1
                                            },
                                            {
                                                "Worker Number": 1,
                                                "Actual Startup Time": 55.232,
                                                "Actual Total Time": 83.435,
                                                "Actual Rows": 845,
                                                "Actual Loops": 1
                                            },
                                            {
                                                "Worker Number": 2,
                                                "Actual Startup Time": 55.254,
                                                "Actual Total Time": 83.145,
                                                "Actual Rows": 858,
                                                "Actual Loops": 1
                                            },
                                            {
                                                "Worker Number": 3,
                                                "Actual Startup Time": 55.843,
                                                "Actual Total Time": 83.953,
                                                "Actual Rows": 835,
                                                "Actual Loops": 1
                                            }
                                        ],
                                        "Plans": [
                                            {
                                                "Node Type": "Seq Scan",
                                                "Parent Relationship": "Outer",
                                                "Parallel Aware": true,
                                                "Relation Name": "title",
                                                "Schema": "public",
                                                "Alias": "t",
                                                "Startup Cost": 0.0,
                                                "Total Cost": 43899.01,
                                                "Plan Rows": 503,
                                                "Plan Width": 4,
                                                "Actual Startup Time": 57.314,
                                                "Actual Total Time": 79.336,
                                                "Actual Rows": 523,
                                                "Actual Loops": 5,
                                                "Output": [
                                                    "t.id",
                                                    "t.title",
                                                    "t.imdb_index",
                                                    "t.kind_id",
                                                    "t.production_year",
                                                    "t.imdb_id",
                                                    "t.phonetic_code",
                                                    "t.episode_of_id",
                                                    "t.season_nr",
                                                    "t.episode_nr",
                                                    "t.series_years",
                                                    "t.md5sum"
                                                ],
                                                "Filter": "(t.production_year = 1924)",
                                                "Rows Removed by Filter": 505139,
                                                "Workers": [
                                                    {
                                                        "Worker Number": 0,
                                                        "Actual Startup Time": 54.316,
                                                        "Actual Total Time": 75.306,
                                                        "Actual Rows": 425,
                                                        "Actual Loops": 1
                                                    },
                                                    {
                                                        "Worker Number": 1,
                                                        "Actual Startup Time": 55.094,
                                                        "Actual Total Time": 75.121,
                                                        "Actual Rows": 463,
                                                        "Actual Loops": 1
                                                    },
                                                    {
                                                        "Worker Number": 2,
                                                        "Actual Startup Time": 55.112,
                                                        "Actual Total Time": 75.023,
                                                        "Actual Rows": 463,
                                                        "Actual Loops": 1
                                                    },
                                                    {
                                                        "Worker Number": 3,
                                                        "Actual Startup Time": 55.699,
                                                        "Actual Total Time": 75.755,
                                                        "Actual Rows": 438,
                                                        "Actual Loops": 1
                                                    }
                                                ]
                                            },
                                            {
                                                "Node Type": "Index Only Scan",
                                                "Parent Relationship": "Inner",
                                                "Parallel Aware": false,
                                                "Scan Direction": "Forward",
                                                "Index Name": "movie_id_movie_companies",
                                                "Relation Name": "movie_companies",
                                                "Schema": "public",
                                                "Alias": "mc",
                                                "Startup Cost": 0.43,
                                                "Total Cost": 17.46,
                                                "Plan Rows": 5,
                                                "Plan Width": 4,
                                                "Actual Startup Time": 0.011,
                                                "Actual Total Time": 0.014,
                                                "Actual Rows": 2,
                                                "Actual Loops": 2615,
                                                "Output": [
                                                    "mc.movie_id"
                                                ],
                                                "Index Cond": "(mc.movie_id = t.id)",
                                                "Rows Removed by Index Recheck": 0,
                                                "Heap Fetches": 4896,
                                                "Workers": [
                                                    {
                                                        "Worker Number": 0,
                                                        "Actual Startup Time": 0.014,
                                                        "Actual Total Time": 0.018,
                                                        "Actual Rows": 2,
                                                        "Actual Loops": 425
                                                    },
                                                    {
                                                        "Worker Number": 1,
                                                        "Actual Startup Time": 0.014,
                                                        "Actual Total Time": 0.017,
                                                        "Actual Rows": 2,
                                                        "Actual Loops": 463
                                                    },
                                                    {
                                                        "Worker Number": 2,
                                                        "Actual Startup Time": 0.013,
                                                        "Actual Total Time": 0.017,
                                                        "Actual Rows": 2,
                                                        "Actual Loops": 463
                                                    },
                                                    {
                                                        "Worker Number": 3,
                                                        "Actual Startup Time": 0.014,
                                                        "Actual Total Time": 0.018,
                                                        "Actual Rows": 2,
                                                        "Actual Loops": 438
                                                    }
                                                ]
                                            }
                                        ]
                                    },
                                    {
                                        "Node Type": "Index Scan",
                                        "Parent Relationship": "Inner",
                                        "Parallel Aware": false,
                                        "Scan Direction": "Forward",
                                        "Index Name": "movie_id_movie_info",
                                        "Relation Name": "movie_info",
                                        "Schema": "public",
                                        "Alias": "mi",
                                        "Startup Cost": 0.43,
                                        "Total Cost": 1.55,
                                        "Plan Rows": 4,
                                        "Plan Width": 4,
                                        "Actual Startup Time": 0.021,
                                        "Actual Total Time": 0.021,
                                        "Actual Rows": 1,
                                        "Actual Loops": 4896,
                                        "Output": [
                                            "mi.id",
                                            "mi.movie_id",
                                            "mi.info_type_id",
                                            "mi.info",
                                            "mi.note"
                                        ],
                                        "Index Cond": "(mi.movie_id = mc.movie_id)",
                                        "Rows Removed by Index Recheck": 0,
                                        "Filter": "(mi.info_type_id = 3)",
                                        "Rows Removed by Filter": 12,
                                        "Workers": [
                                            {
                                                "Worker Number": 0,
                                                "Actual Startup Time": 0.028,
                                                "Actual Total Time": 0.028,
                                                "Actual Rows": 2,
                                                "Actual Loops": 759
                                            },
                                            {
                                                "Worker Number": 1,
                                                "Actual Startup Time": 0.026,
                                                "Actual Total Time": 0.026,
                                                "Actual Rows": 1,
                                                "Actual Loops": 845
                                            },
                                            {
                                                "Worker Number": 2,
                                                "Actual Startup Time": 0.026,
                                                "Actual Total Time": 0.026,
                                                "Actual Rows": 2,
                                                "Actual Loops": 858
                                            },
                                            {
                                                "Worker Number": 3,
                                                "Actual Startup Time": 0.026,
                                                "Actual Total Time": 0.027,
                                                "Actual Rows": 1,
                                                "Actual Loops": 835
                                            }
                                        ]
                                    }
                                ]
                            }
                        ]
                    }
                ]
            }
        ]
    },
    "Planning Time": 1.666,
    "Triggers": [],
    "Execution Time": 135.664
}