[
  {
    "Plan": {
      "Node Type": "Aggregate",
      "Strategy": "Plain",
      "Partial Mode": "Finalize",
      "Parallel Aware": false,
      "Startup Cost": 32838.21,
      "Total Cost": 32838.22,
      "Plan Rows": 1,
      "Plan Width": 8,
      "Actual Startup Time": 132.401,
      "Actual Total Time": 141.278,
      "Actual Rows": 1,
      "Actual Loops": 1,
      "Plans": [
        {
          "Node Type": "Gather",
          "Parent Relationship": "Outer",
          "Parallel Aware": false,
          "Startup Cost": 32837.89,
          "Total Cost": 32838.2,
          "Plan Rows": 3,
          "Plan Width": 8,
          "Actual Startup Time": 132.173,
          "Actual Total Time": 141.268,
          "Actual Rows": 4,
          "Actual Loops": 1,
          "Workers Planned": 3,
          "Workers Launched": 3,
          "Single Copy": false,
          "Plans": [
            {
              "Node Type": "Aggregate",
              "Strategy": "Plain",
              "Partial Mode": "Partial",
              "Parent Relationship": "Outer",
              "Parallel Aware": false,
              "Startup Cost": 31837.89,
              "Total Cost": 31837.9,
              "Plan Rows": 1,
              "Plan Width": 8,
              "Actual Startup Time": 123.334,
              "Actual Total Time": 123.336,
              "Actual Rows": 1,
              "Actual Loops": 4,
              "Plans": [
                {
                  "Node Type": "Seq Scan",
                  "Parent Relationship": "Outer",
                  "Parallel Aware": true,
                  "Relation Name": "movie_companies",
                  "Alias": "mc",
                  "Startup Cost": 0.0,
                  "Total Cost": 31414.82,
                  "Plan Rows": 169228,
                  "Plan Width": 0,
                  "Actual Startup Time": 0.052,
                  "Actual Total Time": 109.001,
                  "Actual Rows": 185192,
                  "Actual Loops": 4,
                  "Filter": "((company_id < 6881) AND (company_type_id < 2))",
                  "Rows Removed by Filter": 467090
                }
              ]
            }
          ]
        }
      ]
    },
    "Planning Time": 0.119,
    "Triggers": [],
    "Execution Time": 141.319
  }
]