[
  {
    "Plan": {
      "Node Type": "Aggregate",
      "Strategy": "Plain",
      "Partial Mode": "Finalize",
      "Parallel Aware": false,
      "Startup Cost": 31383.76,
      "Total Cost": 31383.77,
      "Plan Rows": 1,
      "Plan Width": 8,
      "Actual Startup Time": 89.268,
      "Actual Total Time": 92.931,
      "Actual Rows": 1,
      "Actual Loops": 1,
      "Plans": [
        {
          "Node Type": "Gather",
          "Parent Relationship": "Outer",
          "Parallel Aware": false,
          "Startup Cost": 31383.44,
          "Total Cost": 31383.75,
          "Plan Rows": 3,
          "Plan Width": 8,
          "Actual Startup Time": 89.194,
          "Actual Total Time": 92.926,
          "Actual Rows": 4,
          "Actual Loops": 1,
          "Workers Planned": 3,
          "Workers Launched": 3,
          "Single Copy": false,
          "Plans": [
            {
              "Node Type": "Aggregate",
              "Strategy": "Plain",
              "Partial Mode": "Partial",
              "Parent Relationship": "Outer",
              "Parallel Aware": false,
              "Startup Cost": 30383.44,
              "Total Cost": 30383.45,
              "Plan Rows": 1,
              "Plan Width": 8,
              "Actual Startup Time": 83.729,
              "Actual Total Time": 83.73,
              "Actual Rows": 1,
              "Actual Loops": 4,
              "Plans": [
                {
                  "Node Type": "Seq Scan",
                  "Parent Relationship": "Outer",
                  "Parallel Aware": true,
                  "Relation Name": "movie_companies",
                  "Alias": "mc",
                  "Startup Cost": 0.0,
                  "Total Cost": 29310.68,
                  "Plan Rows": 429104,
                  "Plan Width": 0,
                  "Actual Startup Time": 37.392,
                  "Actual Total Time": 70.122,
                  "Actual Rows": 333721,
                  "Actual Loops": 4,
                  "Filter": "(company_type_id = 2)",
                  "Rows Removed by Filter": 318562
                }
              ]
            }
          ]
        }
      ]
    },
    "Planning Time": 0.067,
    "Triggers": [],
    "Execution Time": 92.955
  }
]