[
  {
    "Plan": {
      "Node Type": "Aggregate",
      "Strategy": "Plain",
      "Partial Mode": "Finalize",
      "Parallel Aware": false,
      "Startup Cost": 31617.03,
      "Total Cost": 31617.04,
      "Plan Rows": 1,
      "Plan Width": 8,
      "Actual Startup Time": 112.47,
      "Actual Total Time": 120.296,
      "Actual Rows": 1,
      "Actual Loops": 1,
      "Plans": [
        {
          "Node Type": "Gather",
          "Parent Relationship": "Outer",
          "Parallel Aware": false,
          "Startup Cost": 31616.71,
          "Total Cost": 31617.02,
          "Plan Rows": 3,
          "Plan Width": 8,
          "Actual Startup Time": 112.325,
          "Actual Total Time": 120.285,
          "Actual Rows": 4,
          "Actual Loops": 1,
          "Workers Planned": 3,
          "Workers Launched": 3,
          "Single Copy": false,
          "Plans": [
            {
              "Node Type": "Aggregate",
              "Strategy": "Plain",
              "Partial Mode": "Partial",
              "Parent Relationship": "Outer",
              "Parallel Aware": false,
              "Startup Cost": 30616.71,
              "Total Cost": 30616.72,
              "Plan Rows": 1,
              "Plan Width": 8,
              "Actual Startup Time": 103.593,
              "Actual Total Time": 103.594,
              "Actual Rows": 1,
              "Actual Loops": 4,
              "Plans": [
                {
                  "Node Type": "Seq Scan",
                  "Parent Relationship": "Outer",
                  "Parallel Aware": true,
                  "Relation Name": "movie_companies",
                  "Alias": "mc",
                  "Startup Cost": 0.0,
                  "Total Cost": 29310.68,
                  "Plan Rows": 522411,
                  "Plan Width": 0,
                  "Actual Startup Time": 1.702,
                  "Actual Total Time": 83.355,
                  "Actual Rows": 404094,
                  "Actual Loops": 4,
                  "Filter": "(company_id > 4614)",
                  "Rows Removed by Filter": 248188
                }
              ]
            }
          ]
        }
      ]
    },
    "Planning Time": 0.176,
    "Triggers": [],
    "Execution Time": 120.355
  }
]