[
  {
    "Plan": {
      "Node Type": "Aggregate",
      "Strategy": "Plain",
      "Partial Mode": "Finalize",
      "Parallel Aware": false,
      "Startup Cost": 77584.09,
      "Total Cost": 77584.1,
      "Plan Rows": 1,
      "Plan Width": 8,
      "Actual Startup Time": 119.028,
      "Actual Total Time": 135.928,
      "Actual Rows": 1,
      "Actual Loops": 1,
      "Plans": [
        {
          "Node Type": "Gather",
          "Parent Relationship": "Outer",
          "Parallel Aware": false,
          "Startup Cost": 77583.67,
          "Total Cost": 77584.08,
          "Plan Rows": 4,
          "Plan Width": 8,
          "Actual Startup Time": 118.903,
          "Actual Total Time": 135.92,
          "Actual Rows": 5,
          "Actual Loops": 1,
          "Workers Planned": 4,
          "Workers Launched": 4,
          "Single Copy": false,
          "Plans": [
            {
              "Node Type": "Aggregate",
              "Strategy": "Plain",
              "Partial Mode": "Partial",
              "Parent Relationship": "Outer",
              "Parallel Aware": false,
              "Startup Cost": 76583.67,
              "Total Cost": 76583.68,
              "Plan Rows": 1,
              "Plan Width": 8,
              "Actual Startup Time": 109.345,
              "Actual Total Time": 109.346,
              "Actual Rows": 1,
              "Actual Loops": 5,
              "Plans": [
                {
                  "Node Type": "Nested Loop",
                  "Parent Relationship": "Outer",
                  "Parallel Aware": false,
                  "Join Type": "Inner",
                  "Startup Cost": 0.43,
                  "Total Cost": 76577.14,
                  "Plan Rows": 2613,
                  "Plan Width": 0,
                  "Actual Startup Time": 0.587,
                  "Actual Total Time": 108.988,
                  "Actual Rows": 3575,
                  "Actual Loops": 5,
                  "Inner Unique": false,
                  "Plans": [
                    {
                      "Node Type": "Seq Scan",
                      "Parent Relationship": "Outer",
                      "Parallel Aware": true,
                      "Relation Name": "title",
                      "Alias": "t",
                      "Startup Cost": 0.0,
                      "Total Cost": 45479.1,
                      "Plan Rows": 6364,
                      "Plan Width": 4,
                      "Actual Startup Time": 0.152,
                      "Actual Total Time": 77.518,
                      "Actual Rows": 3264,
                      "Actual Loops": 5,
                      "Filter": "((kind_id < 3) AND (production_year = 2004))",
                      "Rows Removed by Filter": 502399
                    },
                    {
                      "Node Type": "Index Scan",
                      "Parent Relationship": "Inner",
                      "Parallel Aware": false,
                      "Scan Direction": "Forward",
                      "Index Name": "movie_id_movie_companies",
                      "Relation Name": "movie_companies",
                      "Alias": "mc",
                      "Startup Cost": 0.43,
                      "Total Cost": 4.87,
                      "Plan Rows": 2,
                      "Plan Width": 4,
                      "Actual Startup Time": 0.009,
                      "Actual Total Time": 0.009,
                      "Actual Rows": 1,
                      "Actual Loops": 16319,
                      "Index Cond": "(movie_id = t.id)",
                      "Rows Removed by Index Recheck": 0,
                      "Filter": "((company_id > 588) AND (company_type_id > 1))",
                      "Rows Removed by Filter": 1
                    }
                  ]
                }
              ]
            }
          ]
        }
      ]
    },
    "Planning Time": 0.659,
    "Triggers": [],
    "Execution Time": 135.997
  }
]