{
  "Plan": {
    "Node Type": "Aggregate",
    "Strategy": "Plain",
    "Partial Mode": "Finalize",
    "Parallel Aware": false,
    "Startup Cost": 242723.05,
    "Total Cost": 242723.06,
    "Plan Rows": 1,
    "Plan Width": 8,
    "Actual Startup Time": 385.462,
    "Actual Total Time": 414.659,
    "Actual Rows": 1,
    "Actual Loops": 1,
    "Plans": [
      {
        "Node Type": "Gather",
        "Parent Relationship": "Outer",
        "Parallel Aware": false,
        "Startup Cost": 242722.93,
        "Total Cost": 242723.04,
        "Plan Rows": 1,
        "Plan Width": 8,
        "Actual Startup Time": 384.696,
        "Actual Total Time": 414.65,
        "Actual Rows": 2,
        "Actual Loops": 1,
        "Workers Planned": 1,
        "Workers Launched": 1,
        "Single Copy": false,
        "Plans": [
          {
            "Node Type": "Aggregate",
            "Strategy": "Plain",
            "Partial Mode": "Partial",
            "Parent Relationship": "Outer",
            "Parallel Aware": false,
            "Startup Cost": 241722.93,
            "Total Cost": 241722.94,
            "Plan Rows": 1,
            "Plan Width": 8,
            "Actual Startup Time": 378.532,
            "Actual Total Time": 378.535,
            "Actual Rows": 1,
            "Actual Loops": 2,
            "Plans": [
              {
                "Node Type": "Nested Loop",
                "Parent Relationship": "Outer",
                "Parallel Aware": false,
                "Join Type": "Inner",
                "Startup Cost": 60395.25,
                "Total Cost": 241642.78,
                "Plan Rows": 32061,
                "Plan Width": 0,
                "Actual Startup Time": 173.665,
                "Actual Total Time": 378.267,
                "Actual Rows": 2774,
                "Actual Loops": 2,
                "Inner Unique": false,
                "Join Filter": "(t.id = mi.movie_id)",
                "Rows Removed by Join Filter": 0,
                "Plans": [
                  {
                    "Node Type": "Hash Join",
                    "Parent Relationship": "Outer",
                    "Parallel Aware": true,
                    "Join Type": "Inner",
                    "Startup Cost": 60394.81,
                    "Total Cost": 103399.53,
                    "Plan Rows": 61217,
                    "Plan Width": 8,
                    "Actual Startup Time": 173.44,
                    "Actual Total Time": 326.521,
                    "Actual Rows": 3388,
                    "Actual Loops": 2,
                    "Inner Unique": true,
                    "Hash Cond": "(mc.movie_id = t.id)",
                    "Plans": [
                      {
                        "Node Type": "Index Scan",
                        "Parent Relationship": "Outer",
                        "Parallel Aware": true,
                        "Scan Direction": "Forward",
                        "Index Name": "company_type_id_movie_companies",
                        "Relation Name": "movie_companies",
                        "Alias": "mc",
                        "Startup Cost": 0.43,
                        "Total Cost": 41574.35,
                        "Plan Rows": 545066,
                        "Plan Width": 4,
                        "Actual Startup Time": 1.275,
                        "Actual Total Time": 104.039,
                        "Actual Rows": 380840,
                        "Actual Loops": 2,
                        "Index Cond": "(company_type_id = 1)",
                        "Rows Removed by Index Recheck": 0,
                        "Filter": "(company_id > 1402)",
                        "Rows Removed by Filter": 256284
                      },
                      {
                        "Node Type": "Hash",
                        "Parent Relationship": "Inner",
                        "Parallel Aware": true,
                        "Startup Cost": 58306.47,
                        "Total Cost": 58306.47,
                        "Plan Rows": 167033,
                        "Plan Width": 4,
                        "Actual Startup Time": 166.623,
                        "Actual Total Time": 166.624,
                        "Actual Rows": 80112,
                        "Actual Loops": 2,
                        "Hash Buckets": 524288,
                        "Original Hash Buckets": 524288,
                        "Hash Batches": 1,
                        "Original Hash Batches": 1,
                        "Peak Memory Usage": 10368,
                        "Plans": [
                          {
                            "Node Type": "Seq Scan",
                            "Parent Relationship": "Outer",
                            "Parallel Aware": true,
                            "Relation Name": "title",
                            "Alias": "t",
                            "Startup Cost": 0.0,
                            "Total Cost": 58306.47,
                            "Plan Rows": 167033,
                            "Plan Width": 4,
                            "Actual Startup Time": 0.03,
                            "Actual Total Time": 142.13,
                            "Actual Rows": 80112,
                            "Actual Loops": 2,
                            "Filter": "((kind_id > 1) AND (production_year < 1972))",
                            "Rows Removed by Filter": 1184044
                          }
                        ]
                      }
                    ]
                  },
                  {
                    "Node Type": "Index Scan",
                    "Parent Relationship": "Inner",
                    "Parallel Aware": false,
                    "Scan Direction": "Forward",
                    "Index Name": "movie_id_movie_info",
                    "Relation Name": "movie_info",
                    "Alias": "mi",
                    "Startup Cost": 0.43,
                    "Total Cost": 2.21,
                    "Plan Rows": 4,
                    "Plan Width": 4,
                    "Actual Startup Time": 0.014,
                    "Actual Total Time": 0.015,
                    "Actual Rows": 1,
                    "Actual Loops": 6775,
                    "Index Cond": "(movie_id = mc.movie_id)",
                    "Rows Removed by Index Recheck": 0,
                    "Filter": "(info_type_id = 8)",
                    "Rows Removed by Filter": 18
                  }
                ]
              }
            ]
          }
        ]
      }
    ]
  },
  "Planning Time": 0.874,
  "Triggers": [],
  "Execution Time": 414.749
}