[
  {
    "Plan": {
      "Node Type": "Aggregate",
      "Strategy": "Plain",
      "Partial Mode": "Finalize",
      "Parallel Aware": false,
      "Startup Cost": 45135.24,
      "Total Cost": 45135.25,
      "Plan Rows": 1,
      "Plan Width": 8,
      "Actual Startup Time": 141.944,
      "Actual Total Time": 151.828,
      "Actual Rows": 1,
      "Actual Loops": 1,
      "Plans": [
        {
          "Node Type": "Gather",
          "Parent Relationship": "Outer",
          "Parallel Aware": false,
          "Startup Cost": 45134.92,
          "Total Cost": 45135.23,
          "Plan Rows": 3,
          "Plan Width": 8,
          "Actual Startup Time": 141.803,
          "Actual Total Time": 151.819,
          "Actual Rows": 4,
          "Actual Loops": 1,
          "Workers Planned": 3,
          "Workers Launched": 3,
          "Single Copy": false,
          "Plans": [
            {
              "Node Type": "Aggregate",
              "Strategy": "Plain",
              "Partial Mode": "Partial",
              "Parent Relationship": "Outer",
              "Parallel Aware": false,
              "Startup Cost": 44134.92,
              "Total Cost": 44134.93,
              "Plan Rows": 1,
              "Plan Width": 8,
              "Actual Startup Time": 134.625,
              "Actual Total Time": 134.626,
              "Actual Rows": 1,
              "Actual Loops": 4,
              "Plans": [
                {
                  "Node Type": "Seq Scan",
                  "Parent Relationship": "Outer",
                  "Parallel Aware": true,
                  "Relation Name": "movie_keyword",
                  "Alias": "mk",
                  "Startup Cost": 0.0,
                  "Total Cost": 42695.65,
                  "Plan Rows": 575707,
                  "Plan Width": 0,
                  "Actual Startup Time": 0.651,
                  "Actual Total Time": 112.568,
                  "Actual Rows": 442591,
                  "Actual Loops": 4,
                  "Filter": "(keyword_id > 7825)",
                  "Rows Removed by Filter": 688392
                }
              ]
            }
          ]
        }
      ]
    },
    "Planning Time": 0.181,
    "Triggers": [],
    "Execution Time": 151.882
  }
]