[
  {
    "Plan": {
      "Node Type": "Aggregate",
      "Strategy": "Plain",
      "Partial Mode": "Finalize",
      "Parallel Aware": false,
      "Startup Cost": 87346.99,
      "Total Cost": 87347.0,
      "Plan Rows": 1,
      "Plan Width": 8,
      "Actual Startup Time": 544.935,
      "Actual Total Time": 602.733,
      "Actual Rows": 1,
      "Actual Loops": 1,
      "Plans": [
        {
          "Node Type": "Gather",
          "Parent Relationship": "Outer",
          "Parallel Aware": false,
          "Startup Cost": 87346.57,
          "Total Cost": 87346.98,
          "Plan Rows": 4,
          "Plan Width": 8,
          "Actual Startup Time": 544.568,
          "Actual Total Time": 602.723,
          "Actual Rows": 5,
          "Actual Loops": 1,
          "Workers Planned": 4,
          "Workers Launched": 4,
          "Single Copy": false,
          "Plans": [
            {
              "Node Type": "Aggregate",
              "Strategy": "Plain",
              "Partial Mode": "Partial",
              "Parent Relationship": "Outer",
              "Parallel Aware": false,
              "Startup Cost": 86346.57,
              "Total Cost": 86346.58,
              "Plan Rows": 1,
              "Plan Width": 8,
              "Actual Startup Time": 534.215,
              "Actual Total Time": 534.22,
              "Actual Rows": 1,
              "Actual Loops": 5,
              "Plans": [
                {
                  "Node Type": "Nested Loop",
                  "Parent Relationship": "Outer",
                  "Parallel Aware": false,
                  "Join Type": "Inner",
                  "Startup Cost": 19944.43,
                  "Total Cost": 86040.63,
                  "Plan Rows": 122374,
                  "Plan Width": 0,
                  "Actual Startup Time": 22.751,
                  "Actual Total Time": 521.996,
                  "Actual Rows": 188113,
                  "Actual Loops": 5,
                  "Inner Unique": false,
                  "Plans": [
                    {
                      "Node Type": "Hash Join",
                      "Parent Relationship": "Outer",
                      "Parallel Aware": true,
                      "Join Type": "Inner",
                      "Startup Cost": 19943.86,
                      "Total Cost": 66653.62,
                      "Plan Rows": 8540,
                      "Plan Width": 8,
                      "Actual Startup Time": 22.61,
                      "Actual Total Time": 157.533,
                      "Actual Rows": 7067,
                      "Actual Loops": 5,
                      "Inner Unique": false,
                      "Hash Cond": "(t.id = mc.movie_id)",
                      "Plans": [
                        {
                          "Node Type": "Seq Scan",
                          "Parent Relationship": "Outer",
                          "Parallel Aware": true,
                          "Relation Name": "title",
                          "Alias": "t",
                          "Startup Cost": 0.0,
                          "Total Cost": 43898.92,
                          "Plan Rows": 556658,
                          "Plan Width": 4,
                          "Actual Startup Time": 0.018,
                          "Actual Total Time": 77.0,
                          "Actual Rows": 444914,
                          "Actual Loops": 5,
                          "Filter": "(production_year < 2012)",
                          "Rows Removed by Filter": 60749
                        },
                        {
                          "Node Type": "Hash",
                          "Parent Relationship": "Inner",
                          "Parallel Aware": true,
                          "Startup Cost": 19787.45,
                          "Total Cost": 19787.45,
                          "Plan Rows": 12513,
                          "Plan Width": 4,
                          "Actual Startup Time": 21.289,
                          "Actual Total Time": 21.292,
                          "Actual Rows": 7227,
                          "Actual Loops": 5,
                          "Hash Buckets": 65536,
                          "Original Hash Buckets": 65536,
                          "Hash Batches": 1,
                          "Original Hash Batches": 1,
                          "Peak Memory Usage": 1952,
                          "Plans": [
                            {
                              "Node Type": "Bitmap Heap Scan",
                              "Parent Relationship": "Outer",
                              "Parallel Aware": true,
                              "Relation Name": "movie_companies",
                              "Alias": "mc",
                              "Startup Cost": 841.04,
                              "Total Cost": 19787.45,
                              "Plan Rows": 12513,
                              "Plan Width": 4,
                              "Actual Startup Time": 2.485,
                              "Actual Total Time": 16.804,
                              "Actual Rows": 7227,
                              "Actual Loops": 5,
                              "Recheck Cond": "(company_id = 160)",
                              "Rows Removed by Index Recheck": 0,
                              "Exact Heap Blocks": 2541,
                              "Lossy Heap Blocks": 0,
                              "Plans": [
                                {
                                  "Node Type": "Bitmap Index Scan",
                                  "Parent Relationship": "Outer",
                                  "Parallel Aware": false,
                                  "Index Name": "company_id_movie_companies",
                                  "Startup Cost": 0.0,
                                  "Total Cost": 831.35,
                                  "Plan Rows": 38789,
                                  "Plan Width": 0,
                                  "Actual Startup Time": 6.885,
                                  "Actual Total Time": 6.885,
                                  "Actual Rows": 36136,
                                  "Actual Loops": 1,
                                  "Index Cond": "(company_id = 160)"
                                }
                              ]
                            }
                          ]
                        }
                      ]
                    },
                    {
                      "Node Type": "Index Only Scan",
                      "Parent Relationship": "Inner",
                      "Parallel Aware": false,
                      "Scan Direction": "Forward",
                      "Index Name": "movie_id_cast_info",
                      "Relation Name": "cast_info",
                      "Alias": "ci",
                      "Startup Cost": 0.56,
                      "Total Cost": 1.9,
                      "Plan Rows": 37,
                      "Plan Width": 4,
                      "Actual Startup Time": 0.008,
                      "Actual Total Time": 0.049,
                      "Actual Rows": 27,
                      "Actual Loops": 35334,
                      "Index Cond": "(movie_id = t.id)",
                      "Rows Removed by Index Recheck": 0,
                      "Heap Fetches": 940565
                    }
                  ]
                }
              ]
            }
          ]
        }
      ]
    },
    "Planning Time": 1.468,
    "Triggers": [],
    "Execution Time": 602.866
  }
]