[
  {
    "Plan": {
      "Node Type": "Aggregate",
      "Strategy": "Plain",
      "Partial Mode": "Finalize",
      "Parallel Aware": false,
      "Startup Cost": 92329.01,
      "Total Cost": 92329.02,
      "Plan Rows": 1,
      "Plan Width": 8,
      "Actual Startup Time": 355.717,
      "Actual Total Time": 376.927,
      "Actual Rows": 1,
      "Actual Loops": 1,
      "Plans": [
        {
          "Node Type": "Gather",
          "Parent Relationship": "Outer",
          "Parallel Aware": false,
          "Startup Cost": 92328.69,
          "Total Cost": 92329.0,
          "Plan Rows": 3,
          "Plan Width": 8,
          "Actual Startup Time": 354.592,
          "Actual Total Time": 376.914,
          "Actual Rows": 4,
          "Actual Loops": 1,
          "Workers Planned": 3,
          "Workers Launched": 3,
          "Single Copy": false,
          "Plans": [
            {
              "Node Type": "Aggregate",
              "Strategy": "Plain",
              "Partial Mode": "Partial",
              "Parent Relationship": "Outer",
              "Parallel Aware": false,
              "Startup Cost": 91328.69,
              "Total Cost": 91328.7,
              "Plan Rows": 1,
              "Plan Width": 8,
              "Actual Startup Time": 348.558,
              "Actual Total Time": 348.562,
              "Actual Rows": 1,
              "Actual Loops": 4,
              "Plans": [
                {
                  "Node Type": "Hash Join",
                  "Parent Relationship": "Outer",
                  "Parallel Aware": true,
                  "Join Type": "Inner",
                  "Startup Cost": 46126.64,
                  "Total Cost": 91147.36,
                  "Plan Rows": 72535,
                  "Plan Width": 0,
                  "Actual Startup Time": 134.072,
                  "Actual Total Time": 345.528,
                  "Actual Rows": 49774,
                  "Actual Loops": 4,
                  "Inner Unique": true,
                  "Hash Cond": "(mk.movie_id = t.id)",
                  "Plans": [
                    {
                      "Node Type": "Seq Scan",
                      "Parent Relationship": "Outer",
                      "Parallel Aware": true,
                      "Relation Name": "movie_keyword",
                      "Alias": "mk",
                      "Startup Cost": 0.0,
                      "Total Cost": 42695.65,
                      "Plan Rows": 885740,
                      "Plan Width": 4,
                      "Actual Startup Time": 0.033,
                      "Actual Total Time": 135.59,
                      "Actual Rows": 690729,
                      "Actual Loops": 4,
                      "Filter": "(keyword_id < 7876)",
                      "Rows Removed by Filter": 440253
                    },
                    {
                      "Node Type": "Hash",
                      "Parent Relationship": "Inner",
                      "Parallel Aware": true,
                      "Startup Cost": 45479.59,
                      "Total Cost": 45479.59,
                      "Plan Rows": 51764,
                      "Plan Width": 4,
                      "Actual Startup Time": 131.67,
                      "Actual Total Time": 131.671,
                      "Actual Rows": 45959,
                      "Actual Loops": 4,
                      "Hash Buckets": 262144,
                      "Original Hash Buckets": 262144,
                      "Hash Batches": 1,
                      "Original Hash Batches": 1,
                      "Peak Memory Usage": 9312,
                      "Plans": [
                        {
                          "Node Type": "Seq Scan",
                          "Parent Relationship": "Outer",
                          "Parallel Aware": true,
                          "Relation Name": "title",
                          "Alias": "t",
                          "Startup Cost": 0.0,
                          "Total Cost": 45479.59,
                          "Plan Rows": 51764,
                          "Plan Width": 4,
                          "Actual Startup Time": 0.084,
                          "Actual Total Time": 111.635,
                          "Actual Rows": 45959,
                          "Actual Loops": 4,
                          "Filter": "((kind_id < 7) AND (production_year > 2009))",
                          "Rows Removed by Filter": 586119
                        }
                      ]
                    }
                  ]
                }
              ]
            }
          ]
        }
      ]
    },
    "Planning Time": 0.641,
    "Triggers": [],
    "Execution Time": 376.996
  }
]