{
  "Plan": {
    "Node Type": "Aggregate",
    "Strategy": "Plain",
    "Partial Mode": "Finalize",
    "Parallel Aware": false,
    "Startup Cost": 454478.69,
    "Total Cost": 454478.7,
    "Plan Rows": 1,
    "Plan Width": 8,
    "Actual Startup Time": 1254.768,
    "Actual Total Time": 1287.472,
    "Actual Rows": 1,
    "Actual Loops": 1,
    "Plans": [
      {
        "Node Type": "Gather",
        "Parent Relationship": "Outer",
        "Parallel Aware": false,
        "Startup Cost": 454478.58,
        "Total Cost": 454478.69,
        "Plan Rows": 1,
        "Plan Width": 8,
        "Actual Startup Time": 1254.502,
        "Actual Total Time": 1287.462,
        "Actual Rows": 2,
        "Actual Loops": 1,
        "Workers Planned": 1,
        "Workers Launched": 1,
        "Single Copy": false,
        "Plans": [
          {
            "Node Type": "Aggregate",
            "Strategy": "Plain",
            "Partial Mode": "Partial",
            "Parent Relationship": "Outer",
            "Parallel Aware": false,
            "Startup Cost": 453478.58,
            "Total Cost": 453478.59,
            "Plan Rows": 1,
            "Plan Width": 8,
            "Actual Startup Time": 1248.341,
            "Actual Total Time": 1248.346,
            "Actual Rows": 1,
            "Actual Loops": 2,
            "Plans": [
              {
                "Node Type": "Hash Join",
                "Parent Relationship": "Outer",
                "Parallel Aware": true,
                "Join Type": "Inner",
                "Startup Cost": 39350.6,
                "Total Cost": 453418.36,
                "Plan Rows": 24089,
                "Plan Width": 0,
                "Actual Startup Time": 737.433,
                "Actual Total Time": 1248.33,
                "Actual Rows": 6,
                "Actual Loops": 2,
                "Inner Unique": true,
                "Hash Cond": "(ci.movie_id = t.id)",
                "Plans": [
                  {
                    "Node Type": "Index Scan",
                    "Parent Relationship": "Outer",
                    "Parallel Aware": true,
                    "Scan Direction": "Forward",
                    "Index Name": "role_id_cast_info",
                    "Relation Name": "cast_info",
                    "Alias": "ci",
                    "Startup Cost": 0.56,
                    "Total Cost": 400977.7,
                    "Plan Rows": 4986895,
                    "Plan Width": 4,
                    "Actual Startup Time": 609.378,
                    "Actual Total Time": 1022.574,
                    "Actual Rows": 2148724,
                    "Actual Loops": 2,
                    "Index Cond": "(role_id = 1)",
                    "Rows Removed by Index Recheck": 0,
                    "Filter": "(person_id > 1141639)",
                    "Rows Removed by Filter": 4186620
                  },
                  {
                    "Node Type": "Hash",
                    "Parent Relationship": "Inner",
                    "Parallel Aware": true,
                    "Startup Cost": 39260.23,
                    "Total Cost": 39260.23,
                    "Plan Rows": 7184,
                    "Plan Width": 4,
                    "Actual Startup Time": 57.123,
                    "Actual Total Time": 57.125,
                    "Actual Rows": 2,
                    "Actual Loops": 2,
                    "Hash Buckets": 16384,
                    "Original Hash Buckets": 16384,
                    "Hash Batches": 1,
                    "Original Hash Batches": 1,
                    "Peak Memory Usage": 160,
                    "Plans": [
                      {
                        "Node Type": "Bitmap Heap Scan",
                        "Parent Relationship": "Outer",
                        "Parallel Aware": true,
                        "Relation Name": "title",
                        "Alias": "t",
                        "Startup Cost": 2183.99,
                        "Total Cost": 39260.23,
                        "Plan Rows": 7184,
                        "Plan Width": 4,
                        "Actual Startup Time": 39.205,
                        "Actual Total Time": 57.071,
                        "Actual Rows": 2,
                        "Actual Loops": 2,
                        "Recheck Cond": "(kind_id = 4)",
                        "Rows Removed by Index Recheck": 0,
                        "Filter": "(production_year < 1962)",
                        "Rows Removed by Filter": 59116,
                        "Exact Heap Blocks": 10052,
                        "Lossy Heap Blocks": 0,
                        "Plans": [
                          {
                            "Node Type": "Bitmap Index Scan",
                            "Parent Relationship": "Outer",
                            "Parallel Aware": false,
                            "Index Name": "kind_id_title",
                            "Startup Cost": 0.0,
                            "Total Cost": 2180.94,
                            "Plan Rows": 122201,
                            "Plan Width": 0,
                            "Actual Startup Time": 15.957,
                            "Actual Total Time": 15.957,
                            "Actual Rows": 118234,
                            "Actual Loops": 1,
                            "Index Cond": "(kind_id = 4)"
                          }
                        ]
                      }
                    ]
                  }
                ]
              }
            ]
          }
        ]
      }
    ]
  },
  "Planning Time": 0.548,
  "Triggers": [],
  "Execution Time": 1287.568
}