{
  "Plan": {
    "Node Type": "Aggregate",
    "Strategy": "Plain",
    "Partial Mode": "Finalize",
    "Parallel Aware": false,
    "Startup Cost": 990012.5,
    "Total Cost": 990012.51,
    "Plan Rows": 1,
    "Plan Width": 8,
    "Actual Startup Time": 6513.323,
    "Actual Total Time": 6609.417,
    "Actual Rows": 1,
    "Actual Loops": 1,
    "Plans": [
      {
        "Node Type": "Gather",
        "Parent Relationship": "Outer",
        "Parallel Aware": false,
        "Startup Cost": 990012.39,
        "Total Cost": 990012.5,
        "Plan Rows": 1,
        "Plan Width": 8,
        "Actual Startup Time": 6511.901,
        "Actual Total Time": 6609.407,
        "Actual Rows": 2,
        "Actual Loops": 1,
        "Workers Planned": 1,
        "Workers Launched": 1,
        "Single Copy": false,
        "Plans": [
          {
            "Node Type": "Aggregate",
            "Strategy": "Plain",
            "Partial Mode": "Partial",
            "Parent Relationship": "Outer",
            "Parallel Aware": false,
            "Startup Cost": 989012.39,
            "Total Cost": 989012.4,
            "Plan Rows": 1,
            "Plan Width": 8,
            "Actual Startup Time": 6505.887,
            "Actual Total Time": 6505.894,
            "Actual Rows": 1,
            "Actual Loops": 2,
            "Plans": [
              {
                "Node Type": "Hash Join",
                "Parent Relationship": "Outer",
                "Parallel Aware": true,
                "Join Type": "Inner",
                "Startup Cost": 622345.28,
                "Total Cost": 983083.77,
                "Plan Rows": 2371445,
                "Plan Width": 0,
                "Actual Startup Time": 3802.478,
                "Actual Total Time": 6250.866,
                "Actual Rows": 6070436,
                "Actual Loops": 2,
                "Inner Unique": false,
                "Hash Cond": "(mi.movie_id = t.id)",
                "Plans": [
                  {
                    "Node Type": "Seq Scan",
                    "Parent Relationship": "Outer",
                    "Parallel Aware": true,
                    "Relation Name": "movie_info",
                    "Alias": "mi",
                    "Startup Cost": 0.0,
                    "Total Cost": 248955.74,
                    "Plan Rows": 8696274,
                    "Plan Width": 4,
                    "Actual Startup Time": 0.013,
                    "Actual Total Time": 678.983,
                    "Actual Rows": 7417860,
                    "Actual Loops": 2
                  },
                  {
                    "Node Type": "Hash",
                    "Parent Relationship": "Inner",
                    "Parallel Aware": true,
                    "Startup Cost": 617275.74,
                    "Total Cost": 617275.74,
                    "Plan Rows": 405563,
                    "Plan Width": 8,
                    "Actual Startup Time": 3792.095,
                    "Actual Total Time": 3792.099,
                    "Actual Rows": 362709,
                    "Actual Loops": 2,
                    "Hash Buckets": 1048576,
                    "Original Hash Buckets": 1048576,
                    "Hash Batches": 1,
                    "Original Hash Batches": 1,
                    "Peak Memory Usage": 36608,
                    "Plans": [
                      {
                        "Node Type": "Hash Join",
                        "Parent Relationship": "Outer",
                        "Parallel Aware": true,
                        "Join Type": "Inner",
                        "Startup Cost": 55046.95,
                        "Total Cost": 617275.74,
                        "Plan Rows": 405563,
                        "Plan Width": 8,
                        "Actual Startup Time": 398.467,
                        "Actual Total Time": 3656.239,
                        "Actual Rows": 362709,
                        "Actual Loops": 2,
                        "Inner Unique": true,
                        "Hash Cond": "(ci.movie_id = t.id)",
                        "Plans": [
                          {
                            "Node Type": "Seq Scan",
                            "Parent Relationship": "Outer",
                            "Parallel Aware": true,
                            "Relation Name": "cast_info",
                            "Alias": "ci",
                            "Startup Cost": 0.0,
                            "Total Cost": 519069.44,
                            "Plan Rows": 16441626,
                            "Plan Width": 4,
                            "Actual Startup Time": 229.149,
                            "Actual Total Time": 1795.094,
                            "Actual Rows": 13909732,
                            "Actual Loops": 2,
                            "Filter": "(person_id > 825944)",
                            "Rows Removed by Filter": 4212440
                          },
                          {
                            "Node Type": "Hash",
                            "Parent Relationship": "Inner",
                            "Parallel Aware": true,
                            "Startup Cost": 54588.39,
                            "Total Cost": 54588.39,
                            "Plan Rows": 36685,
                            "Plan Width": 4,
                            "Actual Startup Time": 168.919,
                            "Actual Total Time": 168.92,
                            "Actual Rows": 31284,
                            "Actual Loops": 2,
                            "Hash Buckets": 65536,
                            "Original Hash Buckets": 65536,
                            "Hash Batches": 1,
                            "Original Hash Batches": 1,
                            "Peak Memory Usage": 3008,
                            "Plans": [
                              {
                                "Node Type": "Seq Scan",
                                "Parent Relationship": "Outer",
                                "Parallel Aware": true,
                                "Relation Name": "title",
                                "Alias": "t",
                                "Startup Cost": 0.0,
                                "Total Cost": 54588.39,
                                "Plan Rows": 36685,
                                "Plan Width": 4,
                                "Actual Startup Time": 0.061,
                                "Actual Total Time": 157.08,
                                "Actual Rows": 31284,
                                "Actual Loops": 2,
                                "Filter": "(production_year = 2002)",
                                "Rows Removed by Filter": 1232872
                              }
                            ]
                          }
                        ]
                      }
                    ]
                  }
                ]
              }
            ]
          }
        ]
      }
    ]
  },
  "Planning Time": 0.804,
  "Triggers": [],
  "Execution Time": 6609.504
}