{
  "Plan": {
    "Node Type": "Aggregate",
    "Strategy": "Plain",
    "Partial Mode": "Finalize",
    "Parallel Aware": false,
    "Startup Cost": 327494.32,
    "Total Cost": 327494.33,
    "Plan Rows": 1,
    "Plan Width": 8,
    "Actual Startup Time": 1384.568,
    "Actual Total Time": 1421.488,
    "Actual Rows": 1,
    "Actual Loops": 1,
    "Plans": [
      {
        "Node Type": "Gather",
        "Parent Relationship": "Outer",
        "Parallel Aware": false,
        "Startup Cost": 327494.21,
        "Total Cost": 327494.32,
        "Plan Rows": 1,
        "Plan Width": 8,
        "Actual Startup Time": 1384.471,
        "Actual Total Time": 1421.48,
        "Actual Rows": 2,
        "Actual Loops": 1,
        "Workers Planned": 1,
        "Workers Launched": 1,
        "Single Copy": false,
        "Plans": [
          {
            "Node Type": "Aggregate",
            "Strategy": "Plain",
            "Partial Mode": "Partial",
            "Parent Relationship": "Outer",
            "Parallel Aware": false,
            "Startup Cost": 326494.21,
            "Total Cost": 326494.22,
            "Plan Rows": 1,
            "Plan Width": 8,
            "Actual Startup Time": 1378.91,
            "Actual Total Time": 1378.913,
            "Actual Rows": 1,
            "Actual Loops": 2,
            "Plans": [
              {
                "Node Type": "Hash Join",
                "Parent Relationship": "Outer",
                "Parallel Aware": true,
                "Join Type": "Inner",
                "Startup Cost": 54644.78,
                "Total Cost": 326428.27,
                "Plan Rows": 26378,
                "Plan Width": 0,
                "Actual Startup Time": 131.137,
                "Actual Total Time": 1376.82,
                "Actual Rows": 38914,
                "Actual Loops": 2,
                "Inner Unique": true,
                "Hash Cond": "(mi.movie_id = t.id)",
                "Plans": [
                  {
                    "Node Type": "Seq Scan",
                    "Parent Relationship": "Outer",
                    "Parallel Aware": true,
                    "Relation Name": "movie_info",
                    "Alias": "mi",
                    "Startup Cost": 0.0,
                    "Total Cost": 248955.74,
                    "Plan Rows": 8696274,
                    "Plan Width": 4,
                    "Actual Startup Time": 0.009,
                    "Actual Total Time": 640.088,
                    "Actual Rows": 7417860,
                    "Actual Loops": 2
                  },
                  {
                    "Node Type": "Hash",
                    "Parent Relationship": "Inner",
                    "Parallel Aware": true,
                    "Startup Cost": 54588.39,
                    "Total Cost": 54588.39,
                    "Plan Rows": 4511,
                    "Plan Width": 4,
                    "Actual Startup Time": 129.021,
                    "Actual Total Time": 129.022,
                    "Actual Rows": 4746,
                    "Actual Loops": 2,
                    "Hash Buckets": 8192,
                    "Original Hash Buckets": 8192,
                    "Hash Batches": 1,
                    "Original Hash Batches": 1,
                    "Peak Memory Usage": 448,
                    "Plans": [
                      {
                        "Node Type": "Seq Scan",
                        "Parent Relationship": "Outer",
                        "Parallel Aware": true,
                        "Relation Name": "title",
                        "Alias": "t",
                        "Startup Cost": 0.0,
                        "Total Cost": 54588.39,
                        "Plan Rows": 4511,
                        "Plan Width": 4,
                        "Actual Startup Time": 0.449,
                        "Actual Total Time": 127.182,
                        "Actual Rows": 4746,
                        "Actual Loops": 2,
                        "Filter": "(production_year = 1957)",
                        "Rows Removed by Filter": 1259410
                      }
                    ]
                  }
                ]
              }
            ]
          }
        ]
      }
    ]
  },
  "Planning Time": 0.401,
  "Triggers": [],
  "Execution Time": 1421.558
}