[
    {
        "Bao": {
            "Bao prediction": "NaN",
            "Bao recommended hint": "(no hint)"
        }
    },
    {
        "Plan": {
            "Node Type": "Aggregate",
            "Strategy": "Plain",
            "Partial Mode": "Finalize",
            "Parallel Aware": false,
            "Startup Cost": 310714.07,
            "Total Cost": 310714.08,
            "Plan Rows": 1,
            "Plan Width": 8,
            "Actual Startup Time": 271.968,
            "Actual Total Time": 280.874,
            "Actual Rows": 1,
            "Actual Loops": 1,
            "Output": [
                "count(*)"
            ],
            "Plans": [
                {
                    "Node Type": "Gather",
                    "Parent Relationship": "Outer",
                    "Parallel Aware": false,
                    "Startup Cost": 310713.44,
                    "Total Cost": 310714.05,
                    "Plan Rows": 6,
                    "Plan Width": 8,
                    "Actual Startup Time": 270.963,
                    "Actual Total Time": 280.864,
                    "Actual Rows": 7,
                    "Actual Loops": 1,
                    "Output": [
                        "(PARTIAL count(*))"
                    ],
                    "Workers Planned": 6,
                    "Workers Launched": 6,
                    "Single Copy": false,
                    "Plans": [
                        {
                            "Node Type": "Aggregate",
                            "Strategy": "Plain",
                            "Partial Mode": "Partial",
                            "Parent Relationship": "Outer",
                            "Parallel Aware": false,
                            "Startup Cost": 309713.44,
                            "Total Cost": 309713.45,
                            "Plan Rows": 1,
                            "Plan Width": 8,
                            "Actual Startup Time": 260.46,
                            "Actual Total Time": 260.462,
                            "Actual Rows": 1,
                            "Actual Loops": 7,
                            "Output": [
                                "PARTIAL count(*)"
                            ],
                            "Workers": [
                                {
                                    "Worker Number": 0,
                                    "Actual Startup Time": 257.972,
                                    "Actual Total Time": 257.973,
                                    "Actual Rows": 1,
                                    "Actual Loops": 1
                                },
                                {
                                    "Worker Number": 1,
                                    "Actual Startup Time": 257.964,
                                    "Actual Total Time": 257.965,
                                    "Actual Rows": 1,
                                    "Actual Loops": 1
                                },
                                {
                                    "Worker Number": 2,
                                    "Actual Startup Time": 259.003,
                                    "Actual Total Time": 259.005,
                                    "Actual Rows": 1,
                                    "Actual Loops": 1
                                },
                                {
                                    "Worker Number": 3,
                                    "Actual Startup Time": 259.356,
                                    "Actual Total Time": 259.358,
                                    "Actual Rows": 1,
                                    "Actual Loops": 1
                                },
                                {
                                    "Worker Number": 4,
                                    "Actual Startup Time": 259.143,
                                    "Actual Total Time": 259.145,
                                    "Actual Rows": 1,
                                    "Actual Loops": 1
                                },
                                {
                                    "Worker Number": 5,
                                    "Actual Startup Time": 259.499,
                                    "Actual Total Time": 259.5,
                                    "Actual Rows": 1,
                                    "Actual Loops": 1
                                }
                            ],
                            "Plans": [
                                {
                                    "Node Type": "Bitmap Heap Scan",
                                    "Parent Relationship": "Outer",
                                    "Parallel Aware": true,
                                    "Relation Name": "cast_info",
                                    "Schema": "public",
                                    "Alias": "ci",
                                    "Startup Cost": 51225.98,
                                    "Total Cost": 308746.7,
                                    "Plan Rows": 386697,
                                    "Plan Width": 0,
                                    "Actual Startup Time": 120.524,
                                    "Actual Total Time": 238.276,
                                    "Actual Rows": 342282,
                                    "Actual Loops": 7,
                                    "Recheck Cond": "(ci.person_id > 3594491)",
                                    "Rows Removed by Index Recheck": 0,
                                    "Exact Heap Blocks": 6193,
                                    "Lossy Heap Blocks": 0,
                                    "Workers": [
                                        {
                                            "Worker Number": 0,
                                            "Actual Startup Time": 118.455,
                                            "Actual Total Time": 236.147,
                                            "Actual Rows": 289084,
                                            "Actual Loops": 1
                                        },
                                        {
                                            "Worker Number": 1,
                                            "Actual Startup Time": 117.973,
                                            "Actual Total Time": 236.334,
                                            "Actual Rows": 287491,
                                            "Actual Loops": 1
                                        },
                                        {
                                            "Worker Number": 2,
                                            "Actual Startup Time": 119.226,
                                            "Actual Total Time": 237.672,
                                            "Actual Rows": 284676,
                                            "Actual Loops": 1
                                        },
                                        {
                                            "Worker Number": 3,
                                            "Actual Startup Time": 119.342,
                                            "Actual Total Time": 238.088,
                                            "Actual Rows": 285587,
                                            "Actual Loops": 1
                                        },
                                        {
                                            "Worker Number": 4,
                                            "Actual Startup Time": 119.359,
                                            "Actual Total Time": 237.823,
                                            "Actual Rows": 415761,
                                            "Actual Loops": 1
                                        },
                                        {
                                            "Worker Number": 5,
                                            "Actual Startup Time": 119.46,
                                            "Actual Total Time": 238.927,
                                            "Actual Rows": 411217,
                                            "Actual Loops": 1
                                        }
                                    ],
                                    "Plans": [
                                        {
                                            "Node Type": "Bitmap Index Scan",
                                            "Parent Relationship": "Outer",
                                            "Parallel Aware": false,
                                            "Index Name": "person_id_cast_info",
                                            "Startup Cost": 0.0,
                                            "Total Cost": 50645.94,
                                            "Plan Rows": 2320183,
                                            "Plan Width": 0,
                                            "Actual Startup Time": 120.873,
                                            "Actual Total Time": 120.873,
                                            "Actual Rows": 2395975,
                                            "Actual Loops": 1,
                                            "Index Cond": "(ci.person_id > 3594491)"
                                        }
                                    ]
                                }
                            ]
                        }
                    ]
                }
            ]
        },
        "Planning Time": 317.757,
        "Triggers": [],
        "Execution Time": 280.981
    }
]