[
  {
    "Plan": {
      "Node Type": "Aggregate",
      "Strategy": "Plain",
      "Partial Mode": "Finalize",
      "Parallel Aware": false,
      "Startup Cost": 83373.26,
      "Total Cost": 83373.27,
      "Plan Rows": 1,
      "Plan Width": 8,
      "Actual Startup Time": 367.78,
      "Actual Total Time": 382.693,
      "Actual Rows": 1,
      "Actual Loops": 1,
      "Plans": [
        {
          "Node Type": "Gather",
          "Parent Relationship": "Outer",
          "Parallel Aware": false,
          "Startup Cost": 83372.94,
          "Total Cost": 83373.25,
          "Plan Rows": 3,
          "Plan Width": 8,
          "Actual Startup Time": 362.404,
          "Actual Total Time": 382.685,
          "Actual Rows": 4,
          "Actual Loops": 1,
          "Workers Planned": 3,
          "Workers Launched": 3,
          "Single Copy": false,
          "Plans": [
            {
              "Node Type": "Aggregate",
              "Strategy": "Plain",
              "Partial Mode": "Partial",
              "Parent Relationship": "Outer",
              "Parallel Aware": false,
              "Startup Cost": 82372.94,
              "Total Cost": 82372.95,
              "Plan Rows": 1,
              "Plan Width": 8,
              "Actual Startup Time": 351.189,
              "Actual Total Time": 351.192,
              "Actual Rows": 1,
              "Actual Loops": 4,
              "Plans": [
                {
                  "Node Type": "Hash Join",
                  "Parent Relationship": "Outer",
                  "Parallel Aware": true,
                  "Join Type": "Inner",
                  "Startup Cost": 56033.92,
                  "Total Cost": 82205.28,
                  "Plan Rows": 67065,
                  "Plan Width": 0,
                  "Actual Startup Time": 274.056,
                  "Actual Total Time": 348.892,
                  "Actual Rows": 40139,
                  "Actual Loops": 4,
                  "Inner Unique": true,
                  "Hash Cond": "(mk.movie_id = t.id)",
                  "Plans": [
                    {
                      "Node Type": "Bitmap Heap Scan",
                      "Parent Relationship": "Outer",
                      "Parallel Aware": true,
                      "Relation Name": "movie_keyword",
                      "Alias": "mk",
                      "Startup Cost": 7468.33,
                      "Total Cost": 33341.63,
                      "Plan Rows": 113544,
                      "Plan Width": 4,
                      "Actual Startup Time": 26.762,
                      "Actual Total Time": 75.109,
                      "Actual Rows": 85560,
                      "Actual Loops": 4,
                      "Recheck Cond": "(keyword_id > 48541)",
                      "Rows Removed by Index Recheck": 0,
                      "Exact Heap Blocks": 6412,
                      "Lossy Heap Blocks": 0,
                      "Plans": [
                        {
                          "Node Type": "Bitmap Index Scan",
                          "Parent Relationship": "Outer",
                          "Parallel Aware": false,
                          "Index Name": "keyword_id_movie_keyword",
                          "Startup Cost": 0.0,
                          "Total Cost": 7380.34,
                          "Plan Rows": 351987,
                          "Plan Width": 0,
                          "Actual Startup Time": 23.479,
                          "Actual Total Time": 23.479,
                          "Actual Rows": 342241,
                          "Actual Loops": 1,
                          "Index Cond": "(keyword_id > 48541)"
                        }
                      ]
                    },
                    {
                      "Node Type": "Hash",
                      "Parent Relationship": "Inner",
                      "Parallel Aware": true,
                      "Startup Cost": 43898.92,
                      "Total Cost": 43898.92,
                      "Plan Rows": 373334,
                      "Plan Width": 4,
                      "Actual Startup Time": 240.59,
                      "Actual Total Time": 240.59,
                      "Actual Rows": 371258,
                      "Actual Loops": 4,
                      "Hash Buckets": 2097152,
                      "Original Hash Buckets": 2097152,
                      "Hash Batches": 1,
                      "Original Hash Batches": 1,
                      "Peak Memory Usage": 74528,
                      "Plans": [
                        {
                          "Node Type": "Seq Scan",
                          "Parent Relationship": "Outer",
                          "Parallel Aware": true,
                          "Relation Name": "title",
                          "Alias": "t",
                          "Startup Cost": 0.0,
                          "Total Cost": 43898.92,
                          "Plan Rows": 373334,
                          "Plan Width": 4,
                          "Actual Startup Time": 0.035,
                          "Actual Total Time": 108.278,
                          "Actual Rows": 371258,
                          "Actual Loops": 4,
                          "Filter": "(production_year > 1998)",
                          "Rows Removed by Filter": 260820
                        }
                      ]
                    }
                  ]
                }
              ]
            }
          ]
        }
      ]
    },
    "Planning Time": 0.375,
    "Triggers": [],
    "Execution Time": 382.77
  }
]