[
    {
        "Bao": {
            "Bao prediction": "NaN",
            "Bao recommended hint": "(no hint)"
        }
    },
    {
        "Plan": {
            "Node Type": "Aggregate",
            "Strategy": "Plain",
            "Partial Mode": "Finalize",
            "Parallel Aware": false,
            "Startup Cost": 44474.23,
            "Total Cost": 44474.24,
            "Plan Rows": 1,
            "Plan Width": 8,
            "Actual Startup Time": 143.786,
            "Actual Total Time": 149.6,
            "Actual Rows": 1,
            "Actual Loops": 1,
            "Output": [
                "count(*)"
            ],
            "Plans": [
                {
                    "Node Type": "Gather",
                    "Parent Relationship": "Outer",
                    "Parallel Aware": false,
                    "Startup Cost": 44473.91,
                    "Total Cost": 44474.22,
                    "Plan Rows": 3,
                    "Plan Width": 8,
                    "Actual Startup Time": 143.676,
                    "Actual Total Time": 149.591,
                    "Actual Rows": 4,
                    "Actual Loops": 1,
                    "Output": [
                        "(PARTIAL count(*))"
                    ],
                    "Workers Planned": 3,
                    "Workers Launched": 3,
                    "Single Copy": false,
                    "Plans": [
                        {
                            "Node Type": "Aggregate",
                            "Strategy": "Plain",
                            "Partial Mode": "Partial",
                            "Parent Relationship": "Outer",
                            "Parallel Aware": false,
                            "Startup Cost": 43473.91,
                            "Total Cost": 43473.92,
                            "Plan Rows": 1,
                            "Plan Width": 8,
                            "Actual Startup Time": 134.241,
                            "Actual Total Time": 134.243,
                            "Actual Rows": 1,
                            "Actual Loops": 4,
                            "Output": [
                                "PARTIAL count(*)"
                            ],
                            "Workers": [
                                {
                                    "Worker Number": 0,
                                    "Actual Startup Time": 131.409,
                                    "Actual Total Time": 131.41,
                                    "Actual Rows": 1,
                                    "Actual Loops": 1
                                },
                                {
                                    "Worker Number": 1,
                                    "Actual Startup Time": 131.287,
                                    "Actual Total Time": 131.288,
                                    "Actual Rows": 1,
                                    "Actual Loops": 1
                                },
                                {
                                    "Worker Number": 2,
                                    "Actual Startup Time": 131.288,
                                    "Actual Total Time": 131.29,
                                    "Actual Rows": 1,
                                    "Actual Loops": 1
                                }
                            ],
                            "Plans": [
                                {
                                    "Node Type": "Seq Scan",
                                    "Parent Relationship": "Outer",
                                    "Parallel Aware": true,
                                    "Relation Name": "movie_keyword",
                                    "Schema": "public",
                                    "Alias": "mk",
                                    "Startup Cost": 0.0,
                                    "Total Cost": 42695.65,
                                    "Plan Rows": 311302,
                                    "Plan Width": 0,
                                    "Actual Startup Time": 3.945,
                                    "Actual Total Time": 119.219,
                                    "Actual Rows": 236913,
                                    "Actual Loops": 4,
                                    "Output": [
                                        "id",
                                        "movie_id",
                                        "keyword_id"
                                    ],
                                    "Filter": "(mk.keyword_id > 20017)",
                                    "Rows Removed by Filter": 894070,
                                    "Workers": [
                                        {
                                            "Worker Number": 0,
                                            "Actual Startup Time": 1.14,
                                            "Actual Total Time": 116.822,
                                            "Actual Rows": 183789,
                                            "Actual Loops": 1
                                        },
                                        {
                                            "Worker Number": 1,
                                            "Actual Startup Time": 0.978,
                                            "Actual Total Time": 117.296,
                                            "Actual Rows": 266714,
                                            "Actual Loops": 1
                                        },
                                        {
                                            "Worker Number": 2,
                                            "Actual Startup Time": 1.02,
                                            "Actual Total Time": 117.246,
                                            "Actual Rows": 266719,
                                            "Actual Loops": 1
                                        }
                                    ]
                                }
                            ]
                        }
                    ]
                }
            ]
        },
        "Planning Time": 303.79,
        "Triggers": [],
        "Execution Time": 149.694
    }
]