[
  {
    "Plan": {
      "Node Type": "Aggregate",
      "Strategy": "Plain",
      "Partial Mode": "Finalize",
      "Parallel Aware": false,
      "Startup Cost": 348986.98,
      "Total Cost": 348986.99,
      "Plan Rows": 1,
      "Plan Width": 8,
      "Actual Startup Time": 741.149,
      "Actual Total Time": 801.622,
      "Actual Rows": 1,
      "Actual Loops": 1,
      "Plans": [
        {
          "Node Type": "Gather",
          "Parent Relationship": "Outer",
          "Parallel Aware": false,
          "Startup Cost": 348986.35,
          "Total Cost": 348986.96,
          "Plan Rows": 6,
          "Plan Width": 8,
          "Actual Startup Time": 741.031,
          "Actual Total Time": 801.612,
          "Actual Rows": 7,
          "Actual Loops": 1,
          "Workers Planned": 6,
          "Workers Launched": 6,
          "Single Copy": false,
          "Plans": [
            {
              "Node Type": "Aggregate",
              "Strategy": "Plain",
              "Partial Mode": "Partial",
              "Parent Relationship": "Outer",
              "Parallel Aware": false,
              "Startup Cost": 347986.35,
              "Total Cost": 347986.36,
              "Plan Rows": 1,
              "Plan Width": 8,
              "Actual Startup Time": 730.707,
              "Actual Total Time": 730.708,
              "Actual Rows": 1,
              "Actual Loops": 7,
              "Plans": [
                {
                  "Node Type": "Seq Scan",
                  "Parent Relationship": "Outer",
                  "Parallel Aware": true,
                  "Relation Name": "cast_info",
                  "Alias": "ci",
                  "Startup Cost": 0.0,
                  "Total Cost": 343257.03,
                  "Plan Rows": 1891730,
                  "Plan Width": 0,
                  "Actual Startup Time": 0.055,
                  "Actual Total Time": 648.126,
                  "Actual Rows": 1836774,
                  "Actual Loops": 7,
                  "Filter": "((person_id < 1407255) AND (role_id < 8))",
                  "Rows Removed by Filter": 3340989
                }
              ]
            }
          ]
        }
      ]
    },
    "Planning Time": 0.222,
    "Triggers": [],
    "Execution Time": 801.694
  }
]