[
  {
    "Plan": {
      "Node Type": "Aggregate",
      "Strategy": "Plain",
      "Partial Mode": "Finalize",
      "Parallel Aware": false,
      "Startup Cost": 91702.57,
      "Total Cost": 91702.58,
      "Plan Rows": 1,
      "Plan Width": 8,
      "Actual Startup Time": 287.816,
      "Actual Total Time": 304.807,
      "Actual Rows": 1,
      "Actual Loops": 1,
      "Plans": [
        {
          "Node Type": "Gather",
          "Parent Relationship": "Outer",
          "Parallel Aware": false,
          "Startup Cost": 91702.25,
          "Total Cost": 91702.56,
          "Plan Rows": 3,
          "Plan Width": 8,
          "Actual Startup Time": 286.068,
          "Actual Total Time": 304.8,
          "Actual Rows": 4,
          "Actual Loops": 1,
          "Workers Planned": 3,
          "Workers Launched": 3,
          "Single Copy": false,
          "Plans": [
            {
              "Node Type": "Aggregate",
              "Strategy": "Plain",
              "Partial Mode": "Partial",
              "Parent Relationship": "Outer",
              "Parallel Aware": false,
              "Startup Cost": 90702.25,
              "Total Cost": 90702.26,
              "Plan Rows": 1,
              "Plan Width": 8,
              "Actual Startup Time": 281.412,
              "Actual Total Time": 281.415,
              "Actual Rows": 1,
              "Actual Loops": 4,
              "Plans": [
                {
                  "Node Type": "Hash Join",
                  "Parent Relationship": "Outer",
                  "Parallel Aware": true,
                  "Join Type": "Inner",
                  "Startup Cost": 46711.66,
                  "Total Cost": 90534.81,
                  "Plan Rows": 66977,
                  "Plan Width": 0,
                  "Actual Startup Time": 132.214,
                  "Actual Total Time": 277.868,
                  "Actual Rows": 74850,
                  "Actual Loops": 4,
                  "Inner Unique": true,
                  "Hash Cond": "(mk.movie_id = t.id)",
                  "Plans": [
                    {
                      "Node Type": "Seq Scan",
                      "Parent Relationship": "Outer",
                      "Parallel Aware": true,
                      "Relation Name": "movie_keyword",
                      "Alias": "mk",
                      "Startup Cost": 0.0,
                      "Total Cost": 42695.65,
                      "Plan Rows": 429522,
                      "Plan Width": 4,
                      "Actual Startup Time": 0.927,
                      "Actual Total Time": 100.105,
                      "Actual Rows": 332431,
                      "Actual Loops": 4,
                      "Filter": "(keyword_id > 12951)",
                      "Rows Removed by Filter": 798551
                    },
                    {
                      "Node Type": "Hash",
                      "Parent Relationship": "Inner",
                      "Parallel Aware": true,
                      "Startup Cost": 45479.59,
                      "Total Cost": 45479.59,
                      "Plan Rows": 98566,
                      "Plan Width": 4,
                      "Actual Startup Time": 129.004,
                      "Actual Total Time": 129.005,
                      "Actual Rows": 83998,
                      "Actual Loops": 4,
                      "Hash Buckets": 524288,
                      "Original Hash Buckets": 524288,
                      "Hash Batches": 1,
                      "Original Hash Batches": 1,
                      "Peak Memory Usage": 17280,
                      "Plans": [
                        {
                          "Node Type": "Seq Scan",
                          "Parent Relationship": "Outer",
                          "Parallel Aware": true,
                          "Relation Name": "title",
                          "Alias": "t",
                          "Startup Cost": 0.0,
                          "Total Cost": 45479.59,
                          "Plan Rows": 98566,
                          "Plan Width": 4,
                          "Actual Startup Time": 0.037,
                          "Actual Total Time": 98.149,
                          "Actual Rows": 83998,
                          "Actual Loops": 4,
                          "Filter": "((kind_id < 7) AND (production_year > 2005))",
                          "Rows Removed by Filter": 548080
                        }
                      ]
                    }
                  ]
                }
              ]
            }
          ]
        }
      ]
    },
    "Planning Time": 0.615,
    "Triggers": [],
    "Execution Time": 304.875
  }
]