[
  {
    "Plan": {
      "Node Type": "Aggregate",
      "Strategy": "Plain",
      "Partial Mode": "Finalize",
      "Parallel Aware": false,
      "Startup Cost": 32830.22,
      "Total Cost": 32830.23,
      "Plan Rows": 1,
      "Plan Width": 8,
      "Actual Startup Time": 103.926,
      "Actual Total Time": 111.513,
      "Actual Rows": 1,
      "Actual Loops": 1,
      "Plans": [
        {
          "Node Type": "Gather",
          "Parent Relationship": "Outer",
          "Parallel Aware": false,
          "Startup Cost": 32829.9,
          "Total Cost": 32830.21,
          "Plan Rows": 3,
          "Plan Width": 8,
          "Actual Startup Time": 103.848,
          "Actual Total Time": 111.506,
          "Actual Rows": 4,
          "Actual Loops": 1,
          "Workers Planned": 3,
          "Workers Launched": 3,
          "Single Copy": false,
          "Plans": [
            {
              "Node Type": "Aggregate",
              "Strategy": "Plain",
              "Partial Mode": "Partial",
              "Parent Relationship": "Outer",
              "Parallel Aware": false,
              "Startup Cost": 31829.9,
              "Total Cost": 31829.91,
              "Plan Rows": 1,
              "Plan Width": 8,
              "Actual Startup Time": 95.197,
              "Actual Total Time": 95.198,
              "Actual Rows": 1,
              "Actual Loops": 4,
              "Plans": [
                {
                  "Node Type": "Seq Scan",
                  "Parent Relationship": "Outer",
                  "Parallel Aware": true,
                  "Relation Name": "movie_companies",
                  "Alias": "mc",
                  "Startup Cost": 0.0,
                  "Total Cost": 31414.82,
                  "Plan Rows": 166032,
                  "Plan Width": 0,
                  "Actual Startup Time": 48.87,
                  "Actual Total Time": 85.71,
                  "Actual Rows": 207204,
                  "Actual Loops": 4,
                  "Filter": "((company_id > 15791) AND (company_type_id = 2))",
                  "Rows Removed by Filter": 445078
                }
              ]
            }
          ]
        }
      ]
    },
    "Planning Time": 0.182,
    "Triggers": [],
    "Execution Time": 111.562
  }
]