{
  "Plan": {
    "Node Type": "Aggregate",
    "Strategy": "Plain",
    "Partial Mode": "Finalize",
    "Parallel Aware": false,
    "Startup Cost": 111431.21,
    "Total Cost": 111431.22,
    "Plan Rows": 1,
    "Plan Width": 8,
    "Actual Startup Time": 504.45,
    "Actual Total Time": 518.06,
    "Actual Rows": 1,
    "Actual Loops": 1,
    "Plans": [
      {
        "Node Type": "Gather",
        "Parent Relationship": "Outer",
        "Parallel Aware": false,
        "Startup Cost": 111431.1,
        "Total Cost": 111431.21,
        "Plan Rows": 1,
        "Plan Width": 8,
        "Actual Startup Time": 502.936,
        "Actual Total Time": 518.054,
        "Actual Rows": 2,
        "Actual Loops": 1,
        "Workers Planned": 1,
        "Workers Launched": 1,
        "Single Copy": false,
        "Plans": [
          {
            "Node Type": "Aggregate",
            "Strategy": "Plain",
            "Partial Mode": "Partial",
            "Parent Relationship": "Outer",
            "Parallel Aware": false,
            "Startup Cost": 110431.1,
            "Total Cost": 110431.11,
            "Plan Rows": 1,
            "Plan Width": 8,
            "Actual Startup Time": 499.376,
            "Actual Total Time": 499.379,
            "Actual Rows": 1,
            "Actual Loops": 2,
            "Plans": [
              {
                "Node Type": "Hash Join",
                "Parent Relationship": "Outer",
                "Parallel Aware": true,
                "Join Type": "Inner",
                "Startup Cost": 78537.07,
                "Total Cost": 109978.22,
                "Plan Rows": 181150,
                "Plan Width": 0,
                "Actual Startup Time": 301.481,
                "Actual Total Time": 484.585,
                "Actual Rows": 350882,
                "Actual Loops": 2,
                "Inner Unique": true,
                "Hash Cond": "(mk.movie_id = t.id)",
                "Plans": [
                  {
                    "Node Type": "Bitmap Heap Scan",
                    "Parent Relationship": "Outer",
                    "Parallel Aware": true,
                    "Relation Name": "movie_keyword",
                    "Alias": "mk",
                    "Startup Cost": 16658.76,
                    "Total Cost": 46887.27,
                    "Plan Rows": 461961,
                    "Plan Width": 4,
                    "Actual Startup Time": 39.32,
                    "Actual Total Time": 117.606,
                    "Actual Rows": 398927,
                    "Actual Loops": 2,
                    "Recheck Cond": "(keyword_id < 769)",
                    "Rows Removed by Index Recheck": 0,
                    "Exact Heap Blocks": 13563,
                    "Lossy Heap Blocks": 0,
                    "Plans": [
                      {
                        "Node Type": "Bitmap Index Scan",
                        "Parent Relationship": "Outer",
                        "Parallel Aware": false,
                        "Index Name": "keyword_id_movie_keyword",
                        "Startup Cost": 0.0,
                        "Total Cost": 16462.43,
                        "Plan Rows": 785333,
                        "Plan Width": 0,
                        "Actual Startup Time": 35.604,
                        "Actual Total Time": 35.604,
                        "Actual Rows": 797854,
                        "Actual Loops": 1,
                        "Index Cond": "(keyword_id < 769)"
                      }
                    ]
                  },
                  {
                    "Node Type": "Hash",
                    "Parent Relationship": "Inner",
                    "Parallel Aware": true,
                    "Startup Cost": 54588.39,
                    "Total Cost": 54588.39,
                    "Plan Rows": 583193,
                    "Plan Width": 4,
                    "Actual Startup Time": 254.865,
                    "Actual Total Time": 254.866,
                    "Actual Rows": 492524,
                    "Actual Loops": 2,
                    "Hash Buckets": 1048576,
                    "Original Hash Buckets": 1048576,
                    "Hash Batches": 1,
                    "Original Hash Batches": 1,
                    "Peak Memory Usage": 46784,
                    "Plans": [
                      {
                        "Node Type": "Seq Scan",
                        "Parent Relationship": "Outer",
                        "Parallel Aware": true,
                        "Relation Name": "title",
                        "Alias": "t",
                        "Startup Cost": 0.0,
                        "Total Cost": 54588.39,
                        "Plan Rows": 583193,
                        "Plan Width": 4,
                        "Actual Startup Time": 0.03,
                        "Actual Total Time": 142.708,
                        "Actual Rows": 492524,
                        "Actual Loops": 2,
                        "Filter": "(kind_id < 7)",
                        "Rows Removed by Filter": 771632
                      }
                    ]
                  }
                ]
              }
            ]
          }
        ]
      }
    ]
  },
  "Planning Time": 0.285,
  "Triggers": [],
  "Execution Time": 518.123
}