[
  {
    "Plan": {
      "Node Type": "Aggregate",
      "Strategy": "Plain",
      "Partial Mode": "Finalize",
      "Parallel Aware": false,
      "Startup Cost": 47553.69,
      "Total Cost": 47553.7,
      "Plan Rows": 1,
      "Plan Width": 8,
      "Actual Startup Time": 103.942,
      "Actual Total Time": 115.103,
      "Actual Rows": 1,
      "Actual Loops": 1,
      "Plans": [
        {
          "Node Type": "Gather",
          "Parent Relationship": "Outer",
          "Parallel Aware": false,
          "Startup Cost": 47553.27,
          "Total Cost": 47553.68,
          "Plan Rows": 4,
          "Plan Width": 8,
          "Actual Startup Time": 103.801,
          "Actual Total Time": 115.095,
          "Actual Rows": 5,
          "Actual Loops": 1,
          "Workers Planned": 4,
          "Workers Launched": 4,
          "Single Copy": false,
          "Plans": [
            {
              "Node Type": "Aggregate",
              "Strategy": "Plain",
              "Partial Mode": "Partial",
              "Parent Relationship": "Outer",
              "Parallel Aware": false,
              "Startup Cost": 46553.27,
              "Total Cost": 46553.28,
              "Plan Rows": 1,
              "Plan Width": 8,
              "Actual Startup Time": 98.597,
              "Actual Total Time": 98.598,
              "Actual Rows": 1,
              "Actual Loops": 5,
              "Plans": [
                {
                  "Node Type": "Seq Scan",
                  "Parent Relationship": "Outer",
                  "Parallel Aware": true,
                  "Relation Name": "title",
                  "Alias": "t",
                  "Startup Cost": 0.0,
                  "Total Cost": 45479.1,
                  "Plan Rows": 429669,
                  "Plan Width": 0,
                  "Actual Startup Time": 0.024,
                  "Actual Total Time": 83.242,
                  "Actual Rows": 341850,
                  "Actual Loops": 5,
                  "Filter": "((kind_id > 2) AND (production_year > 1901))",
                  "Rows Removed by Filter": 163812
                }
              ]
            }
          ]
        }
      ]
    },
    "Planning Time": 0.111,
    "Triggers": [],
    "Execution Time": 115.148
  }
]