[
  {
    "Plan": {
      "Node Type": "Aggregate",
      "Strategy": "Plain",
      "Partial Mode": "Finalize",
      "Parallel Aware": false,
      "Startup Cost": 46493.85,
      "Total Cost": 46493.86,
      "Plan Rows": 1,
      "Plan Width": 8,
      "Actual Startup Time": 95.924,
      "Actual Total Time": 108.501,
      "Actual Rows": 1,
      "Actual Loops": 1,
      "Plans": [
        {
          "Node Type": "Gather",
          "Parent Relationship": "Outer",
          "Parallel Aware": false,
          "Startup Cost": 46493.43,
          "Total Cost": 46493.84,
          "Plan Rows": 4,
          "Plan Width": 8,
          "Actual Startup Time": 95.684,
          "Actual Total Time": 108.487,
          "Actual Rows": 5,
          "Actual Loops": 1,
          "Workers Planned": 4,
          "Workers Launched": 4,
          "Single Copy": false,
          "Plans": [
            {
              "Node Type": "Aggregate",
              "Strategy": "Plain",
              "Partial Mode": "Partial",
              "Parent Relationship": "Outer",
              "Parallel Aware": false,
              "Startup Cost": 45493.43,
              "Total Cost": 45493.44,
              "Plan Rows": 1,
              "Plan Width": 8,
              "Actual Startup Time": 87.645,
              "Actual Total Time": 87.647,
              "Actual Rows": 1,
              "Actual Loops": 5,
              "Plans": [
                {
                  "Node Type": "Seq Scan",
                  "Parent Relationship": "Outer",
                  "Parallel Aware": true,
                  "Relation Name": "title",
                  "Alias": "t",
                  "Startup Cost": 0.0,
                  "Total Cost": 45479.59,
                  "Plan Rows": 5538,
                  "Plan Width": 0,
                  "Actual Startup Time": 0.303,
                  "Actual Total Time": 87.268,
                  "Actual Rows": 4485,
                  "Actual Loops": 5,
                  "Filter": "((kind_id < 4) AND (production_year = 2013))",
                  "Rows Removed by Filter": 501177
                }
              ]
            }
          ]
        }
      ]
    },
    "Planning Time": 0.127,
    "Triggers": [],
    "Execution Time": 108.543
  }
]