{
  "Plan": {
    "Node Type": "Aggregate",
    "Strategy": "Plain",
    "Partial Mode": "Finalize",
    "Parallel Aware": false,
    "Startup Cost": 123182.22,
    "Total Cost": 123182.23,
    "Plan Rows": 1,
    "Plan Width": 8,
    "Actual Startup Time": 377.722,
    "Actual Total Time": 414.318,
    "Actual Rows": 1,
    "Actual Loops": 1,
    "Plans": [
      {
        "Node Type": "Gather",
        "Parent Relationship": "Outer",
        "Parallel Aware": false,
        "Startup Cost": 123182.1,
        "Total Cost": 123182.21,
        "Plan Rows": 1,
        "Plan Width": 8,
        "Actual Startup Time": 377.147,
        "Actual Total Time": 414.31,
        "Actual Rows": 2,
        "Actual Loops": 1,
        "Workers Planned": 1,
        "Workers Launched": 1,
        "Single Copy": false,
        "Plans": [
          {
            "Node Type": "Aggregate",
            "Strategy": "Plain",
            "Partial Mode": "Partial",
            "Parent Relationship": "Outer",
            "Parallel Aware": false,
            "Startup Cost": 122182.1,
            "Total Cost": 122182.11,
            "Plan Rows": 1,
            "Plan Width": 8,
            "Actual Startup Time": 370.998,
            "Actual Total Time": 371.003,
            "Actual Rows": 1,
            "Actual Loops": 2,
            "Plans": [
              {
                "Node Type": "Nested Loop",
                "Parent Relationship": "Outer",
                "Parallel Aware": false,
                "Join Type": "Inner",
                "Startup Cost": 23563.88,
                "Total Cost": 122169.9,
                "Plan Rows": 4882,
                "Plan Width": 0,
                "Actual Startup Time": 67.816,
                "Actual Total Time": 370.349,
                "Actual Rows": 6764,
                "Actual Loops": 2,
                "Inner Unique": false,
                "Plans": [
                  {
                    "Node Type": "Hash Join",
                    "Parent Relationship": "Outer",
                    "Parallel Aware": true,
                    "Join Type": "Inner",
                    "Startup Cost": 23563.45,
                    "Total Cost": 83090.19,
                    "Plan Rows": 9656,
                    "Plan Width": 8,
                    "Actual Startup Time": 67.689,
                    "Actual Total Time": 230.205,
                    "Actual Rows": 6370,
                    "Actual Loops": 2,
                    "Inner Unique": false,
                    "Hash Cond": "(t.id = mc.movie_id)",
                    "Plans": [
                      {
                        "Node Type": "Seq Scan",
                        "Parent Relationship": "Outer",
                        "Parallel Aware": true,
                        "Relation Name": "title",
                        "Alias": "t",
                        "Startup Cost": 0.0,
                        "Total Cost": 58306.47,
                        "Plan Rows": 186156,
                        "Plan Width": 4,
                        "Actual Startup Time": 0.015,
                        "Actual Total Time": 120.829,
                        "Actual Rows": 216680,
                        "Actual Loops": 2,
                        "Filter": "((kind_id < 7) AND (production_year < 1995))",
                        "Rows Removed by Filter": 1047476
                      },
                      {
                        "Node Type": "Hash",
                        "Parent Relationship": "Inner",
                        "Parallel Aware": true,
                        "Startup Cost": 22599.14,
                        "Total Cost": 22599.14,
                        "Plan Rows": 77145,
                        "Plan Width": 4,
                        "Actual Startup Time": 64.195,
                        "Actual Total Time": 64.196,
                        "Actual Rows": 67404,
                        "Actual Loops": 2,
                        "Hash Buckets": 262144,
                        "Original Hash Buckets": 262144,
                        "Hash Batches": 1,
                        "Original Hash Batches": 1,
                        "Peak Memory Usage": 7360,
                        "Plans": [
                          {
                            "Node Type": "Bitmap Heap Scan",
                            "Parent Relationship": "Outer",
                            "Parallel Aware": true,
                            "Relation Name": "movie_companies",
                            "Alias": "mc",
                            "Startup Cost": 2844.82,
                            "Total Cost": 22599.14,
                            "Plan Rows": 77145,
                            "Plan Width": 4,
                            "Actual Startup Time": 16.66,
                            "Actual Total Time": 47.349,
                            "Actual Rows": 67404,
                            "Actual Loops": 2,
                            "Recheck Cond": "(company_id < 27)",
                            "Rows Removed by Index Recheck": 0,
                            "Exact Heap Blocks": 8244,
                            "Lossy Heap Blocks": 0,
                            "Plans": [
                              {
                                "Node Type": "Bitmap Index Scan",
                                "Parent Relationship": "Outer",
                                "Parallel Aware": false,
                                "Index Name": "company_id_movie_companies",
                                "Startup Cost": 0.0,
                                "Total Cost": 2812.03,
                                "Plan Rows": 131147,
                                "Plan Width": 0,
                                "Actual Startup Time": 15.576,
                                "Actual Total Time": 15.576,
                                "Actual Rows": 134807,
                                "Actual Loops": 1,
                                "Index Cond": "(company_id < 27)"
                              }
                            ]
                          }
                        ]
                      }
                    ]
                  },
                  {
                    "Node Type": "Index Scan",
                    "Parent Relationship": "Inner",
                    "Parallel Aware": false,
                    "Scan Direction": "Forward",
                    "Index Name": "movie_id_movie_info",
                    "Relation Name": "movie_info",
                    "Alias": "mi",
                    "Startup Cost": 0.43,
                    "Total Cost": 4.01,
                    "Plan Rows": 4,
                    "Plan Width": 4,
                    "Actual Startup Time": 0.008,
                    "Actual Total Time": 0.022,
                    "Actual Rows": 1,
                    "Actual Loops": 12739,
                    "Index Cond": "(movie_id = t.id)",
                    "Rows Removed by Index Recheck": 0,
                    "Filter": "(info_type_id = 4)",
                    "Rows Removed by Filter": 31
                  }
                ]
              }
            ]
          }
        ]
      }
    ]
  },
  "Planning Time": 1.199,
  "Triggers": [],
  "Execution Time": 414.434
}