{
  "Plan": {
    "Node Type": "Aggregate",
    "Strategy": "Plain",
    "Partial Mode": "Finalize",
    "Parallel Aware": false,
    "Startup Cost": 113777.92,
    "Total Cost": 113777.93,
    "Plan Rows": 1,
    "Plan Width": 8,
    "Actual Startup Time": 282.841,
    "Actual Total Time": 295.954,
    "Actual Rows": 1,
    "Actual Loops": 1,
    "Plans": [
      {
        "Node Type": "Gather",
        "Parent Relationship": "Outer",
        "Parallel Aware": false,
        "Startup Cost": 113777.81,
        "Total Cost": 113777.92,
        "Plan Rows": 1,
        "Plan Width": 8,
        "Actual Startup Time": 282.632,
        "Actual Total Time": 295.945,
        "Actual Rows": 2,
        "Actual Loops": 1,
        "Workers Planned": 1,
        "Workers Launched": 1,
        "Single Copy": false,
        "Plans": [
          {
            "Node Type": "Aggregate",
            "Strategy": "Plain",
            "Partial Mode": "Partial",
            "Parent Relationship": "Outer",
            "Parallel Aware": false,
            "Startup Cost": 112777.81,
            "Total Cost": 112777.82,
            "Plan Rows": 1,
            "Plan Width": 8,
            "Actual Startup Time": 276.705,
            "Actual Total Time": 276.71,
            "Actual Rows": 1,
            "Actual Loops": 2,
            "Plans": [
              {
                "Node Type": "Nested Loop",
                "Parent Relationship": "Outer",
                "Parallel Aware": false,
                "Join Type": "Inner",
                "Startup Cost": 58507.91,
                "Total Cost": 112723.85,
                "Plan Rows": 21584,
                "Plan Width": 0,
                "Actual Startup Time": 184.342,
                "Actual Total Time": 276.59,
                "Actual Rows": 1642,
                "Actual Loops": 2,
                "Inner Unique": false,
                "Join Filter": "(t.id = mi.movie_id)",
                "Rows Removed by Join Filter": 0,
                "Plans": [
                  {
                    "Node Type": "Hash Join",
                    "Parent Relationship": "Outer",
                    "Parallel Aware": true,
                    "Join Type": "Inner",
                    "Startup Cost": 58507.47,
                    "Total Cost": 100979.43,
                    "Plan Rows": 3691,
                    "Plan Width": 8,
                    "Actual Startup Time": 184.264,
                    "Actual Total Time": 271.119,
                    "Actual Rows": 119,
                    "Actual Loops": 2,
                    "Inner Unique": true,
                    "Hash Cond": "(mc.movie_id = t.id)",
                    "Plans": [
                      {
                        "Node Type": "Index Scan",
                        "Parent Relationship": "Outer",
                        "Parallel Aware": true,
                        "Scan Direction": "Forward",
                        "Index Name": "company_type_id_movie_companies",
                        "Relation Name": "movie_companies",
                        "Alias": "mc",
                        "Startup Cost": 0.43,
                        "Total Cost": 41574.35,
                        "Plan Rows": 342108,
                        "Plan Width": 4,
                        "Actual Startup Time": 29.769,
                        "Actual Total Time": 100.774,
                        "Actual Rows": 152244,
                        "Actual Loops": 2,
                        "Index Cond": "(company_type_id = 1)",
                        "Rows Removed by Index Recheck": 0,
                        "Filter": "(company_id > 12586)",
                        "Rows Removed by Filter": 484880
                      },
                      {
                        "Node Type": "Hash",
                        "Parent Relationship": "Inner",
                        "Parallel Aware": true,
                        "Startup Cost": 58306.47,
                        "Total Cost": 58306.47,
                        "Plan Rows": 16046,
                        "Plan Width": 4,
                        "Actual Startup Time": 151.359,
                        "Actual Total Time": 151.36,
                        "Actual Rows": 16232,
                        "Actual Loops": 2,
                        "Hash Buckets": 32768,
                        "Original Hash Buckets": 32768,
                        "Hash Batches": 1,
                        "Original Hash Batches": 1,
                        "Peak Memory Usage": 1568,
                        "Plans": [
                          {
                            "Node Type": "Seq Scan",
                            "Parent Relationship": "Outer",
                            "Parallel Aware": true,
                            "Relation Name": "title",
                            "Alias": "t",
                            "Startup Cost": 0.0,
                            "Total Cost": 58306.47,
                            "Plan Rows": 16046,
                            "Plan Width": 4,
                            "Actual Startup Time": 0.038,
                            "Actual Total Time": 145.311,
                            "Actual Rows": 16232,
                            "Actual Loops": 2,
                            "Filter": "((kind_id > 4) AND (production_year = 1998))",
                            "Rows Removed by Filter": 1247924
                          }
                        ]
                      }
                    ]
                  },
                  {
                    "Node Type": "Index Only Scan",
                    "Parent Relationship": "Inner",
                    "Parallel Aware": false,
                    "Scan Direction": "Forward",
                    "Index Name": "movie_id_movie_info",
                    "Relation Name": "movie_info",
                    "Alias": "mi",
                    "Startup Cost": 0.43,
                    "Total Cost": 2.66,
                    "Plan Rows": 42,
                    "Plan Width": 4,
                    "Actual Startup Time": 0.017,
                    "Actual Total Time": 0.044,
                    "Actual Rows": 14,
                    "Actual Loops": 238,
                    "Index Cond": "(movie_id = mc.movie_id)",
                    "Rows Removed by Index Recheck": 0,
                    "Heap Fetches": 3284
                  }
                ]
              }
            ]
          }
        ]
      }
    ]
  },
  "Planning Time": 1.132,
  "Triggers": [],
  "Execution Time": 296.047
}