[
  {
    "Plan": {
      "Node Type": "Aggregate",
      "Strategy": "Plain",
      "Partial Mode": "Finalize",
      "Parallel Aware": false,
      "Startup Cost": 346322.32,
      "Total Cost": 346322.33,
      "Plan Rows": 1,
      "Plan Width": 8,
      "Actual Startup Time": 438.615,
      "Actual Total Time": 470.391,
      "Actual Rows": 1,
      "Actual Loops": 1,
      "Plans": [
        {
          "Node Type": "Gather",
          "Parent Relationship": "Outer",
          "Parallel Aware": false,
          "Startup Cost": 346321.7,
          "Total Cost": 346322.31,
          "Plan Rows": 6,
          "Plan Width": 8,
          "Actual Startup Time": 438.492,
          "Actual Total Time": 470.38,
          "Actual Rows": 7,
          "Actual Loops": 1,
          "Workers Planned": 6,
          "Workers Launched": 6,
          "Single Copy": false,
          "Plans": [
            {
              "Node Type": "Aggregate",
              "Strategy": "Plain",
              "Partial Mode": "Partial",
              "Parent Relationship": "Outer",
              "Parallel Aware": false,
              "Startup Cost": 345321.7,
              "Total Cost": 345321.71,
              "Plan Rows": 1,
              "Plan Width": 8,
              "Actual Startup Time": 430.125,
              "Actual Total Time": 430.127,
              "Actual Rows": 1,
              "Actual Loops": 7,
              "Plans": [
                {
                  "Node Type": "Index Scan",
                  "Parent Relationship": "Outer",
                  "Parallel Aware": true,
                  "Scan Direction": "Forward",
                  "Index Name": "role_id_cast_info",
                  "Relation Name": "cast_info",
                  "Alias": "ci",
                  "Startup Cost": 0.56,
                  "Total Cost": 341155.22,
                  "Plan Rows": 1666592,
                  "Plan Width": 0,
                  "Actual Startup Time": 172.152,
                  "Actual Total Time": 383.058,
                  "Actual Rows": 1001041,
                  "Actual Loops": 7,
                  "Index Cond": "(role_id < 2)",
                  "Rows Removed by Index Recheck": 0,
                  "Filter": "(person_id > 763825)",
                  "Rows Removed by Filter": 809057
                }
              ]
            }
          ]
        }
      ]
    },
    "Planning Time": 0.229,
    "Triggers": [],
    "Execution Time": 470.462
  }
]