{
  "Plan": {
    "Node Type": "Aggregate",
    "Strategy": "Plain",
    "Partial Mode": "Finalize",
    "Parallel Aware": false,
    "Startup Cost": 396819.56,
    "Total Cost": 396819.57,
    "Plan Rows": 1,
    "Plan Width": 8,
    "Actual Startup Time": 918.439,
    "Actual Total Time": 936.573,
    "Actual Rows": 1,
    "Actual Loops": 1,
    "Plans": [
      {
        "Node Type": "Gather",
        "Parent Relationship": "Outer",
        "Parallel Aware": false,
        "Startup Cost": 396819.45,
        "Total Cost": 396819.56,
        "Plan Rows": 1,
        "Plan Width": 8,
        "Actual Startup Time": 916.414,
        "Actual Total Time": 936.562,
        "Actual Rows": 2,
        "Actual Loops": 1,
        "Workers Planned": 1,
        "Workers Launched": 1,
        "Single Copy": false,
        "Plans": [
          {
            "Node Type": "Aggregate",
            "Strategy": "Plain",
            "Partial Mode": "Partial",
            "Parent Relationship": "Outer",
            "Parallel Aware": false,
            "Startup Cost": 395819.45,
            "Total Cost": 395819.46,
            "Plan Rows": 1,
            "Plan Width": 8,
            "Actual Startup Time": 910.524,
            "Actual Total Time": 910.528,
            "Actual Rows": 1,
            "Actual Loops": 2,
            "Plans": [
              {
                "Node Type": "Hash Join",
                "Parent Relationship": "Outer",
                "Parallel Aware": true,
                "Join Type": "Inner",
                "Startup Cost": 119549.16,
                "Total Cost": 394746.27,
                "Plan Rows": 429272,
                "Plan Width": 0,
                "Actual Startup Time": 402.827,
                "Actual Total Time": 891.329,
                "Actual Rows": 348298,
                "Actual Loops": 2,
                "Inner Unique": true,
                "Hash Cond": "(ci.movie_id = t.id)",
                "Plans": [
                  {
                    "Node Type": "Bitmap Heap Scan",
                    "Parent Relationship": "Outer",
                    "Parallel Aware": true,
                    "Relation Name": "cast_info",
                    "Alias": "ci",
                    "Startup Cost": 55880.54,
                    "Total Cost": 327170.93,
                    "Plan Rows": 1488271,
                    "Plan Width": 4,
                    "Actual Startup Time": 126.271,
                    "Actual Total Time": 277.306,
                    "Actual Rows": 1282164,
                    "Actual Loops": 2,
                    "Recheck Cond": "(person_id < 247224)",
                    "Rows Removed by Index Recheck": 0,
                    "Exact Heap Blocks": 11591,
                    "Lossy Heap Blocks": 0,
                    "Plans": [
                      {
                        "Node Type": "Bitmap Index Scan",
                        "Parent Relationship": "Outer",
                        "Parallel Aware": false,
                        "Index Name": "person_id_cast_info",
                        "Startup Cost": 0.0,
                        "Total Cost": 55248.02,
                        "Plan Rows": 2530061,
                        "Plan Width": 0,
                        "Actual Startup Time": 119.831,
                        "Actual Total Time": 119.832,
                        "Actual Rows": 2564327,
                        "Actual Loops": 1,
                        "Index Cond": "(person_id < 247224)"
                      }
                    ]
                  },
                  {
                    "Node Type": "Hash",
                    "Parent Relationship": "Inner",
                    "Parallel Aware": true,
                    "Startup Cost": 58306.47,
                    "Total Cost": 58306.47,
                    "Plan Rows": 428972,
                    "Plan Width": 4,
                    "Actual Startup Time": 267.259,
                    "Actual Total Time": 267.259,
                    "Actual Rows": 314066,
                    "Actual Loops": 2,
                    "Hash Buckets": 1048576,
                    "Original Hash Buckets": 1048576,
                    "Hash Batches": 1,
                    "Original Hash Batches": 1,
                    "Peak Memory Usage": 32800,
                    "Plans": [
                      {
                        "Node Type": "Seq Scan",
                        "Parent Relationship": "Outer",
                        "Parallel Aware": true,
                        "Relation Name": "title",
                        "Alias": "t",
                        "Startup Cost": 0.0,
                        "Total Cost": 58306.47,
                        "Plan Rows": 428972,
                        "Plan Width": 4,
                        "Actual Startup Time": 0.035,
                        "Actual Total Time": 175.925,
                        "Actual Rows": 314066,
                        "Actual Loops": 2,
                        "Filter": "((kind_id < 7) AND (production_year > 1985))",
                        "Rows Removed by Filter": 950090
                      }
                    ]
                  }
                ]
              }
            ]
          }
        ]
      }
    ]
  },
  "Planning Time": 0.713,
  "Triggers": [],
  "Execution Time": 936.67
}