{
  "Plan": {
    "Node Type": "Aggregate",
    "Strategy": "Plain",
    "Partial Mode": "Finalize",
    "Parallel Aware": false,
    "Startup Cost": 512001.89,
    "Total Cost": 512001.9,
    "Plan Rows": 1,
    "Plan Width": 8,
    "Actual Startup Time": 1132.213,
    "Actual Total Time": 1158.354,
    "Actual Rows": 1,
    "Actual Loops": 1,
    "Plans": [
      {
        "Node Type": "Gather",
        "Parent Relationship": "Outer",
        "Parallel Aware": false,
        "Startup Cost": 512001.77,
        "Total Cost": 512001.88,
        "Plan Rows": 1,
        "Plan Width": 8,
        "Actual Startup Time": 1129.31,
        "Actual Total Time": 1158.347,
        "Actual Rows": 2,
        "Actual Loops": 1,
        "Workers Planned": 1,
        "Workers Launched": 1,
        "Single Copy": false,
        "Plans": [
          {
            "Node Type": "Aggregate",
            "Strategy": "Plain",
            "Partial Mode": "Partial",
            "Parent Relationship": "Outer",
            "Parallel Aware": false,
            "Startup Cost": 511001.77,
            "Total Cost": 511001.78,
            "Plan Rows": 1,
            "Plan Width": 8,
            "Actual Startup Time": 1121.497,
            "Actual Total Time": 1121.503,
            "Actual Rows": 1,
            "Actual Loops": 2,
            "Plans": [
              {
                "Node Type": "Hash Join",
                "Parent Relationship": "Outer",
                "Parallel Aware": true,
                "Join Type": "Inner",
                "Startup Cost": 216223.52,
                "Total Cost": 509552.22,
                "Plan Rows": 579822,
                "Plan Width": 0,
                "Actual Startup Time": 934.262,
                "Actual Total Time": 1113.997,
                "Actual Rows": 177366,
                "Actual Loops": 2,
                "Inner Unique": false,
                "Hash Cond": "(ci.movie_id = t.id)",
                "Plans": [
                  {
                    "Node Type": "Bitmap Heap Scan",
                    "Parent Relationship": "Outer",
                    "Parallel Aware": true,
                    "Relation Name": "cast_info",
                    "Alias": "ci",
                    "Startup Cost": 83208.3,
                    "Total Cost": 369343.56,
                    "Plan Rows": 1008725,
                    "Plan Width": 4,
                    "Actual Startup Time": 265.701,
                    "Actual Total Time": 351.399,
                    "Actual Rows": 546613,
                    "Actual Loops": 2,
                    "Recheck Cond": "(person_id < 375635)",
                    "Rows Removed by Index Recheck": 0,
                    "Filter": "(role_id > 2)",
                    "Rows Removed by Filter": 1414706,
                    "Exact Heap Blocks": 20626,
                    "Lossy Heap Blocks": 0,
                    "Plans": [
                      {
                        "Node Type": "Bitmap Index Scan",
                        "Parent Relationship": "Outer",
                        "Parallel Aware": false,
                        "Index Name": "person_id_cast_info",
                        "Startup Cost": 0.0,
                        "Total Cost": 82779.59,
                        "Plan Rows": 3790803,
                        "Plan Width": 0,
                        "Actual Startup Time": 127.239,
                        "Actual Total Time": 127.24,
                        "Actual Rows": 3922638,
                        "Actual Loops": 1,
                        "Index Cond": "(person_id < 375635)"
                      }
                    ]
                  },
                  {
                    "Node Type": "Hash",
                    "Parent Relationship": "Inner",
                    "Parallel Aware": true,
                    "Startup Cost": 122329.34,
                    "Total Cost": 122329.34,
                    "Plan Rows": 854871,
                    "Plan Width": 8,
                    "Actual Startup Time": 654.32,
                    "Actual Total Time": 654.324,
                    "Actual Rows": 163150,
                    "Actual Loops": 2,
                    "Hash Buckets": 2097152,
                    "Original Hash Buckets": 2097152,
                    "Hash Batches": 1,
                    "Original Hash Batches": 1,
                    "Peak Memory Usage": 29184,
                    "Plans": [
                      {
                        "Node Type": "Hash Join",
                        "Parent Relationship": "Outer",
                        "Parallel Aware": true,
                        "Join Type": "Inner",
                        "Startup Cost": 64278.49,
                        "Total Cost": 122329.34,
                        "Plan Rows": 854871,
                        "Plan Width": 8,
                        "Actual Startup Time": 246.85,
                        "Actual Total Time": 616.369,
                        "Actual Rows": 163150,
                        "Actual Loops": 2,
                        "Inner Unique": true,
                        "Hash Cond": "(mk.movie_id = t.id)",
                        "Plans": [
                          {
                            "Node Type": "Seq Scan",
                            "Parent Relationship": "Outer",
                            "Parallel Aware": true,
                            "Relation Name": "movie_keyword",
                            "Alias": "mk",
                            "Startup Cost": 0.0,
                            "Total Cost": 51065.35,
                            "Plan Rows": 2661135,
                            "Plan Width": 4,
                            "Actual Startup Time": 0.013,
                            "Actual Total Time": 153.885,
                            "Actual Rows": 2261965,
                            "Actual Loops": 2
                          },
                          {
                            "Node Type": "Hash",
                            "Parent Relationship": "Inner",
                            "Parallel Aware": true,
                            "Startup Cost": 58306.47,
                            "Total Cost": 58306.47,
                            "Plan Rows": 477762,
                            "Plan Width": 4,
                            "Actual Startup Time": 242.574,
                            "Actual Total Time": 242.575,
                            "Actual Rows": 369380,
                            "Actual Loops": 2,
                            "Hash Buckets": 1048576,
                            "Original Hash Buckets": 1048576,
                            "Hash Batches": 1,
                            "Original Hash Batches": 1,
                            "Peak Memory Usage": 37120,
                            "Plans": [
                              {
                                "Node Type": "Seq Scan",
                                "Parent Relationship": "Outer",
                                "Parallel Aware": true,
                                "Relation Name": "title",
                                "Alias": "t",
                                "Startup Cost": 0.0,
                                "Total Cost": 58306.47,
                                "Plan Rows": 477762,
                                "Plan Width": 4,
                                "Actual Startup Time": 0.029,
                                "Actual Total Time": 151.226,
                                "Actual Rows": 369380,
                                "Actual Loops": 2,
                                "Filter": "((production_year < 2005) AND (kind_id = 7))",
                                "Rows Removed by Filter": 894776
                              }
                            ]
                          }
                        ]
                      }
                    ]
                  }
                ]
              }
            ]
          }
        ]
      }
    ]
  },
  "Planning Time": 0.864,
  "Triggers": [],
  "Execution Time": 1158.466
}