[
  {
    "Plan": {
      "Node Type": "Aggregate",
      "Strategy": "Plain",
      "Partial Mode": "Finalize",
      "Parallel Aware": false,
      "Startup Cost": 89530.49,
      "Total Cost": 89530.5,
      "Plan Rows": 1,
      "Plan Width": 8,
      "Actual Startup Time": 269.773,
      "Actual Total Time": 287.773,
      "Actual Rows": 1,
      "Actual Loops": 1,
      "Plans": [
        {
          "Node Type": "Gather",
          "Parent Relationship": "Outer",
          "Parallel Aware": false,
          "Startup Cost": 89530.18,
          "Total Cost": 89530.49,
          "Plan Rows": 3,
          "Plan Width": 8,
          "Actual Startup Time": 269.401,
          "Actual Total Time": 287.764,
          "Actual Rows": 4,
          "Actual Loops": 1,
          "Workers Planned": 3,
          "Workers Launched": 3,
          "Single Copy": false,
          "Plans": [
            {
              "Node Type": "Aggregate",
              "Strategy": "Plain",
              "Partial Mode": "Partial",
              "Parent Relationship": "Outer",
              "Parallel Aware": false,
              "Startup Cost": 88530.18,
              "Total Cost": 88530.19,
              "Plan Rows": 1,
              "Plan Width": 8,
              "Actual Startup Time": 260.648,
              "Actual Total Time": 260.651,
              "Actual Rows": 1,
              "Actual Loops": 4,
              "Plans": [
                {
                  "Node Type": "Hash Join",
                  "Parent Relationship": "Outer",
                  "Parallel Aware": true,
                  "Join Type": "Inner",
                  "Startup Cost": 45597.45,
                  "Total Cost": 88475.53,
                  "Plan Rows": 21859,
                  "Plan Width": 0,
                  "Actual Startup Time": 97.808,
                  "Actual Total Time": 259.427,
                  "Actual Rows": 27435,
                  "Actual Loops": 4,
                  "Inner Unique": true,
                  "Hash Cond": "(mk.movie_id = t.id)",
                  "Plans": [
                    {
                      "Node Type": "Seq Scan",
                      "Parent Relationship": "Outer",
                      "Parallel Aware": true,
                      "Relation Name": "movie_keyword",
                      "Alias": "mk",
                      "Startup Cost": 0.0,
                      "Total Cost": 39047.32,
                      "Plan Rows": 1459332,
                      "Plan Width": 4,
                      "Actual Startup Time": 0.024,
                      "Actual Total Time": 85.79,
                      "Actual Rows": 1130982,
                      "Actual Loops": 4
                    },
                    {
                      "Node Type": "Hash",
                      "Parent Relationship": "Inner",
                      "Parallel Aware": true,
                      "Startup Cost": 45479.1,
                      "Total Cost": 45479.1,
                      "Plan Rows": 9468,
                      "Plan Width": 4,
                      "Actual Startup Time": 96.236,
                      "Actual Total Time": 96.237,
                      "Actual Rows": 6049,
                      "Actual Loops": 4,
                      "Hash Buckets": 65536,
                      "Original Hash Buckets": 65536,
                      "Hash Batches": 1,
                      "Original Hash Batches": 1,
                      "Peak Memory Usage": 1504,
                      "Plans": [
                        {
                          "Node Type": "Seq Scan",
                          "Parent Relationship": "Outer",
                          "Parallel Aware": true,
                          "Relation Name": "title",
                          "Alias": "t",
                          "Startup Cost": 0.0,
                          "Total Cost": 45479.1,
                          "Plan Rows": 9468,
                          "Plan Width": 4,
                          "Actual Startup Time": 0.172,
                          "Actual Total Time": 93.5,
                          "Actual Rows": 6049,
                          "Actual Loops": 4,
                          "Filter": "((kind_id < 4) AND (production_year = 2006))",
                          "Rows Removed by Filter": 626029
                        }
                      ]
                    }
                  ]
                }
              ]
            }
          ]
        }
      ]
    },
    "Planning Time": 0.662,
    "Triggers": [],
    "Execution Time": 287.841
  }
]