[
  {
    "Plan": {
      "Node Type": "Aggregate",
      "Strategy": "Plain",
      "Partial Mode": "Finalize",
      "Parallel Aware": false,
      "Startup Cost": 47168.21,
      "Total Cost": 47168.22,
      "Plan Rows": 1,
      "Plan Width": 8,
      "Actual Startup Time": 183.294,
      "Actual Total Time": 193.388,
      "Actual Rows": 1,
      "Actual Loops": 1,
      "Plans": [
        {
          "Node Type": "Gather",
          "Parent Relationship": "Outer",
          "Parallel Aware": false,
          "Startup Cost": 47167.9,
          "Total Cost": 47168.21,
          "Plan Rows": 3,
          "Plan Width": 8,
          "Actual Startup Time": 183.161,
          "Actual Total Time": 193.379,
          "Actual Rows": 4,
          "Actual Loops": 1,
          "Workers Planned": 3,
          "Workers Launched": 3,
          "Single Copy": false,
          "Plans": [
            {
              "Node Type": "Aggregate",
              "Strategy": "Plain",
              "Partial Mode": "Partial",
              "Parent Relationship": "Outer",
              "Parallel Aware": false,
              "Startup Cost": 46167.9,
              "Total Cost": 46167.91,
              "Plan Rows": 1,
              "Plan Width": 8,
              "Actual Startup Time": 177.532,
              "Actual Total Time": 177.534,
              "Actual Rows": 1,
              "Actual Loops": 4,
              "Plans": [
                {
                  "Node Type": "Seq Scan",
                  "Parent Relationship": "Outer",
                  "Parallel Aware": true,
                  "Relation Name": "movie_keyword",
                  "Alias": "mk",
                  "Startup Cost": 0.0,
                  "Total Cost": 42695.65,
                  "Plan Rows": 1388897,
                  "Plan Width": 0,
                  "Actual Startup Time": 0.054,
                  "Actual Total Time": 129.073,
                  "Actual Rows": 1074380,
                  "Actual Loops": 4,
                  "Filter": "(keyword_id > 181)",
                  "Rows Removed by Filter": 56602
                }
              ]
            }
          ]
        }
      ]
    },
    "Planning Time": 0.124,
    "Triggers": [],
    "Execution Time": 193.428
  }
]