{
  "Plan": {
    "Node Type": "Aggregate",
    "Strategy": "Plain",
    "Partial Mode": "Finalize",
    "Parallel Aware": false,
    "Startup Cost": 164707.62,
    "Total Cost": 164707.63,
    "Plan Rows": 1,
    "Plan Width": 8,
    "Actual Startup Time": 1102.921,
    "Actual Total Time": 1121.864,
    "Actual Rows": 1,
    "Actual Loops": 1,
    "Plans": [
      {
        "Node Type": "Gather",
        "Parent Relationship": "Outer",
        "Parallel Aware": false,
        "Startup Cost": 164707.51,
        "Total Cost": 164707.62,
        "Plan Rows": 1,
        "Plan Width": 8,
        "Actual Startup Time": 1100.737,
        "Actual Total Time": 1121.856,
        "Actual Rows": 2,
        "Actual Loops": 1,
        "Workers Planned": 1,
        "Workers Launched": 1,
        "Single Copy": false,
        "Plans": [
          {
            "Node Type": "Aggregate",
            "Strategy": "Plain",
            "Partial Mode": "Partial",
            "Parent Relationship": "Outer",
            "Parallel Aware": false,
            "Startup Cost": 163707.51,
            "Total Cost": 163707.52,
            "Plan Rows": 1,
            "Plan Width": 8,
            "Actual Startup Time": 1094.707,
            "Actual Total Time": 1095.293,
            "Actual Rows": 1,
            "Actual Loops": 2,
            "Plans": [
              {
                "Node Type": "Hash Join",
                "Parent Relationship": "Outer",
                "Parallel Aware": true,
                "Join Type": "Inner",
                "Startup Cost": 98928.74,
                "Total Cost": 162593.81,
                "Plan Rows": 445479,
                "Plan Width": 0,
                "Actual Startup Time": 588.584,
                "Actual Total Time": 1031.669,
                "Actual Rows": 1640958,
                "Actual Loops": 2,
                "Inner Unique": false,
                "Hash Cond": "(mk.movie_id = t.id)",
                "Plans": [
                  {
                    "Node Type": "Seq Scan",
                    "Parent Relationship": "Outer",
                    "Parallel Aware": true,
                    "Relation Name": "movie_keyword",
                    "Alias": "mk",
                    "Startup Cost": 0.0,
                    "Total Cost": 51065.35,
                    "Plan Rows": 2661135,
                    "Plan Width": 4,
                    "Actual Startup Time": 0.015,
                    "Actual Total Time": 151.849,
                    "Actual Rows": 2261965,
                    "Actual Loops": 2
                  },
                  {
                    "Node Type": "Hash",
                    "Parent Relationship": "Inner",
                    "Parallel Aware": true,
                    "Startup Cost": 95816.68,
                    "Total Cost": 95816.68,
                    "Plan Rows": 248965,
                    "Plan Width": 8,
                    "Actual Startup Time": 560.569,
                    "Actual Total Time": 561.154,
                    "Actual Rows": 215201,
                    "Actual Loops": 2,
                    "Hash Buckets": 524288,
                    "Original Hash Buckets": 524288,
                    "Hash Batches": 1,
                    "Original Hash Batches": 1,
                    "Peak Memory Usage": 20960,
                    "Plans": [
                      {
                        "Node Type": "Hash Join",
                        "Parent Relationship": "Outer",
                        "Parallel Aware": true,
                        "Join Type": "Inner",
                        "Startup Cost": 34186.68,
                        "Total Cost": 95816.68,
                        "Plan Rows": 248965,
                        "Plan Width": 8,
                        "Actual Startup Time": 142.234,
                        "Actual Total Time": 509.121,
                        "Actual Rows": 215201,
                        "Actual Loops": 2,
                        "Inner Unique": false,
                        "Hash Cond": "(t.id = mc.movie_id)",
                        "Plans": [
                          {
                            "Node Type": "Seq Scan",
                            "Parent Relationship": "Outer",
                            "Parallel Aware": true,
                            "Relation Name": "title",
                            "Alias": "t",
                            "Startup Cost": 0.0,
                            "Total Cost": 50870.31,
                            "Plan Rows": 1487231,
                            "Plan Width": 4,
                            "Actual Startup Time": 0.01,
                            "Actual Total Time": 119.981,
                            "Actual Rows": 1264156,
                            "Actual Loops": 2
                          },
                          {
                            "Node Type": "Hash",
                            "Parent Relationship": "Inner",
                            "Parallel Aware": true,
                            "Startup Cost": 31074.61,
                            "Total Cost": 31074.61,
                            "Plan Rows": 248965,
                            "Plan Width": 4,
                            "Actual Startup Time": 123.042,
                            "Actual Total Time": 123.043,
                            "Actual Rows": 215201,
                            "Actual Loops": 2,
                            "Hash Buckets": 524288,
                            "Original Hash Buckets": 524288,
                            "Hash Batches": 1,
                            "Original Hash Batches": 1,
                            "Peak Memory Usage": 20960,
                            "Plans": [
                              {
                                "Node Type": "Bitmap Heap Scan",
                                "Parent Relationship": "Outer",
                                "Parallel Aware": true,
                                "Relation Name": "movie_companies",
                                "Alias": "mc",
                                "Startup Cost": 9172.55,
                                "Total Cost": 31074.61,
                                "Plan Rows": 248965,
                                "Plan Width": 4,
                                "Actual Startup Time": 32.288,
                                "Actual Total Time": 75.963,
                                "Actual Rows": 215201,
                                "Actual Loops": 2,
                                "Recheck Cond": "(company_id > 79126)",
                                "Rows Removed by Index Recheck": 0,
                                "Exact Heap Blocks": 4382,
                                "Lossy Heap Blocks": 0,
                                "Plans": [
                                  {
                                    "Node Type": "Bitmap Index Scan",
                                    "Parent Relationship": "Outer",
                                    "Parallel Aware": false,
                                    "Index Name": "company_id_movie_companies",
                                    "Startup Cost": 0.0,
                                    "Total Cost": 9066.74,
                                    "Plan Rows": 423241,
                                    "Plan Width": 0,
                                    "Actual Startup Time": 31.429,
                                    "Actual Total Time": 31.429,
                                    "Actual Rows": 430402,
                                    "Actual Loops": 1,
                                    "Index Cond": "(company_id > 79126)"
                                  }
                                ]
                              }
                            ]
                          }
                        ]
                      }
                    ]
                  }
                ]
              }
            ]
          }
        ]
      }
    ]
  },
  "Planning Time": 1.101,
  "Triggers": [],
  "Execution Time": 1121.967
}