[
  {
    "Plan": {
      "Node Type": "Aggregate",
      "Strategy": "Plain",
      "Partial Mode": "Finalize",
      "Parallel Aware": false,
      "Startup Cost": 229592.71,
      "Total Cost": 229592.72,
      "Plan Rows": 1,
      "Plan Width": 8,
      "Actual Startup Time": 178.241,
      "Actual Total Time": 205.237,
      "Actual Rows": 1,
      "Actual Loops": 1,
      "Plans": [
        {
          "Node Type": "Gather",
          "Parent Relationship": "Outer",
          "Parallel Aware": false,
          "Startup Cost": 229592.29,
          "Total Cost": 229592.7,
          "Plan Rows": 4,
          "Plan Width": 8,
          "Actual Startup Time": 178.118,
          "Actual Total Time": 205.229,
          "Actual Rows": 5,
          "Actual Loops": 1,
          "Workers Planned": 4,
          "Workers Launched": 4,
          "Single Copy": false,
          "Plans": [
            {
              "Node Type": "Aggregate",
              "Strategy": "Plain",
              "Partial Mode": "Partial",
              "Parent Relationship": "Outer",
              "Parallel Aware": false,
              "Startup Cost": 228592.29,
              "Total Cost": 228592.3,
              "Plan Rows": 1,
              "Plan Width": 8,
              "Actual Startup Time": 168.201,
              "Actual Total Time": 168.203,
              "Actual Rows": 1,
              "Actual Loops": 5,
              "Plans": [
                {
                  "Node Type": "Nested Loop",
                  "Parent Relationship": "Outer",
                  "Parallel Aware": false,
                  "Join Type": "Inner",
                  "Startup Cost": 0.43,
                  "Total Cost": 228524.32,
                  "Plan Rows": 27186,
                  "Plan Width": 0,
                  "Actual Startup Time": 0.604,
                  "Actual Total Time": 165.408,
                  "Actual Rows": 38188,
                  "Actual Loops": 5,
                  "Inner Unique": false,
                  "Plans": [
                    {
                      "Node Type": "Seq Scan",
                      "Parent Relationship": "Outer",
                      "Parallel Aware": true,
                      "Relation Name": "title",
                      "Alias": "t",
                      "Startup Cost": 0.0,
                      "Total Cost": 45479.1,
                      "Plan Rows": 4649,
                      "Plan Width": 4,
                      "Actual Startup Time": 0.392,
                      "Actual Total Time": 76.532,
                      "Actual Rows": 2481,
                      "Actual Loops": 5,
                      "Filter": "((kind_id < 3) AND (production_year = 2002))",
                      "Rows Removed by Filter": 503182
                    },
                    {
                      "Node Type": "Index Only Scan",
                      "Parent Relationship": "Inner",
                      "Parallel Aware": false,
                      "Scan Direction": "Forward",
                      "Index Name": "movie_id_movie_info",
                      "Relation Name": "movie_info",
                      "Alias": "mi",
                      "Startup Cost": 0.43,
                      "Total Cost": 38.95,
                      "Plan Rows": 42,
                      "Plan Width": 4,
                      "Actual Startup Time": 0.012,
                      "Actual Total Time": 0.034,
                      "Actual Rows": 15,
                      "Actual Loops": 12404,
                      "Index Cond": "(movie_id = t.id)",
                      "Rows Removed by Index Recheck": 0,
                      "Heap Fetches": 190940
                    }
                  ]
                }
              ]
            }
          ]
        }
      ]
    },
    "Planning Time": 0.615,
    "Triggers": [],
    "Execution Time": 205.316
  }
]