{
  "Plan": {
    "Node Type": "Aggregate",
    "Strategy": "Plain",
    "Partial Mode": "Finalize",
    "Parallel Aware": false,
    "Startup Cost": 485131.1,
    "Total Cost": 485131.11,
    "Plan Rows": 1,
    "Plan Width": 8,
    "Actual Startup Time": 2248.652,
    "Actual Total Time": 2317.952,
    "Actual Rows": 1,
    "Actual Loops": 1,
    "Plans": [
      {
        "Node Type": "Gather",
        "Parent Relationship": "Outer",
        "Parallel Aware": false,
        "Startup Cost": 485130.99,
        "Total Cost": 485131.1,
        "Plan Rows": 1,
        "Plan Width": 8,
        "Actual Startup Time": 2247.745,
        "Actual Total Time": 2317.945,
        "Actual Rows": 2,
        "Actual Loops": 1,
        "Workers Planned": 1,
        "Workers Launched": 1,
        "Single Copy": false,
        "Plans": [
          {
            "Node Type": "Aggregate",
            "Strategy": "Plain",
            "Partial Mode": "Partial",
            "Parent Relationship": "Outer",
            "Parallel Aware": false,
            "Startup Cost": 484130.99,
            "Total Cost": 484131.0,
            "Plan Rows": 1,
            "Plan Width": 8,
            "Actual Startup Time": 2241.02,
            "Actual Total Time": 2241.024,
            "Actual Rows": 1,
            "Actual Loops": 2,
            "Plans": [
              {
                "Node Type": "Nested Loop",
                "Parent Relationship": "Outer",
                "Parallel Aware": false,
                "Join Type": "Inner",
                "Startup Cost": 60121.69,
                "Total Cost": 480392.2,
                "Plan Rows": 1495514,
                "Plan Width": 0,
                "Actual Startup Time": 337.387,
                "Actual Total Time": 2170.925,
                "Actual Rows": 1537298,
                "Actual Loops": 2,
                "Inner Unique": false,
                "Plans": [
                  {
                    "Node Type": "Hash Join",
                    "Parent Relationship": "Outer",
                    "Parallel Aware": true,
                    "Join Type": "Inner",
                    "Startup Cost": 60121.13,
                    "Total Cost": 102853.41,
                    "Plan Rows": 104369,
                    "Plan Width": 8,
                    "Actual Startup Time": 337.312,
                    "Actual Total Time": 488.883,
                    "Actual Rows": 80470,
                    "Actual Loops": 2,
                    "Inner Unique": true,
                    "Hash Cond": "(mc.movie_id = t.id)",
                    "Plans": [
                      {
                        "Node Type": "Seq Scan",
                        "Parent Relationship": "Outer",
                        "Parallel Aware": true,
                        "Relation Name": "movie_companies",
                        "Alias": "mc",
                        "Startup Cost": 0.0,
                        "Total Cost": 41811.73,
                        "Plan Rows": 350689,
                        "Plan Width": 4,
                        "Actual Startup Time": 51.442,
                        "Actual Total Time": 110.641,
                        "Actual Rows": 192581,
                        "Actual Loops": 2,
                        "Filter": "((company_id < 9884) AND (company_type_id = 2))",
                        "Rows Removed by Filter": 1111984
                      },
                      {
                        "Node Type": "Hash",
                        "Parent Relationship": "Inner",
                        "Parallel Aware": true,
                        "Startup Cost": 54588.39,
                        "Total Cost": 54588.39,
                        "Plan Rows": 442619,
                        "Plan Width": 4,
                        "Actual Startup Time": 276.313,
                        "Actual Total Time": 276.314,
                        "Actual Rows": 377951,
                        "Actual Loops": 2,
                        "Hash Buckets": 1048576,
                        "Original Hash Buckets": 1048576,
                        "Hash Batches": 1,
                        "Original Hash Batches": 1,
                        "Peak Memory Usage": 37792,
                        "Plans": [
                          {
                            "Node Type": "Seq Scan",
                            "Parent Relationship": "Outer",
                            "Parallel Aware": true,
                            "Relation Name": "title",
                            "Alias": "t",
                            "Startup Cost": 0.0,
                            "Total Cost": 54588.39,
                            "Plan Rows": 442619,
                            "Plan Width": 4,
                            "Actual Startup Time": 0.039,
                            "Actual Total Time": 159.195,
                            "Actual Rows": 377951,
                            "Actual Loops": 2,
                            "Filter": "(production_year < 1993)",
                            "Rows Removed by Filter": 886205
                          }
                        ]
                      }
                    ]
                  },
                  {
                    "Node Type": "Index Only Scan",
                    "Parent Relationship": "Inner",
                    "Parallel Aware": false,
                    "Scan Direction": "Forward",
                    "Index Name": "movie_id_cast_info",
                    "Relation Name": "cast_info",
                    "Alias": "ci",
                    "Startup Cost": 0.56,
                    "Total Cost": 3.25,
                    "Plan Rows": 37,
                    "Plan Width": 4,
                    "Actual Startup Time": 0.004,
                    "Actual Total Time": 0.019,
                    "Actual Rows": 19,
                    "Actual Loops": 160940,
                    "Index Cond": "(movie_id = t.id)",
                    "Rows Removed by Index Recheck": 0,
                    "Heap Fetches": 3074597
                  }
                ]
              }
            ]
          }
        ]
      }
    ]
  },
  "Planning Time": 1.015,
  "Triggers": [],
  "Execution Time": 2318.056
}