[
    {
        "Bao": {
            "Bao prediction": "NaN",
            "Bao recommended hint": "(no hint)"
        }
    },
    {
        "Plan": {
            "Node Type": "Aggregate",
            "Strategy": "Plain",
            "Partial Mode": "Finalize",
            "Parallel Aware": false,
            "Startup Cost": 32842.11,
            "Total Cost": 32842.12,
            "Plan Rows": 1,
            "Plan Width": 8,
            "Actual Startup Time": 99.429,
            "Actual Total Time": 106.7,
            "Actual Rows": 1,
            "Actual Loops": 1,
            "Output": [
                "count(*)"
            ],
            "Plans": [
                {
                    "Node Type": "Gather",
                    "Parent Relationship": "Outer",
                    "Parallel Aware": false,
                    "Startup Cost": 32841.79,
                    "Total Cost": 32842.1,
                    "Plan Rows": 3,
                    "Plan Width": 8,
                    "Actual Startup Time": 99.306,
                    "Actual Total Time": 106.69,
                    "Actual Rows": 4,
                    "Actual Loops": 1,
                    "Output": [
                        "(PARTIAL count(*))"
                    ],
                    "Workers Planned": 3,
                    "Workers Launched": 3,
                    "Single Copy": false,
                    "Plans": [
                        {
                            "Node Type": "Aggregate",
                            "Strategy": "Plain",
                            "Partial Mode": "Partial",
                            "Parent Relationship": "Outer",
                            "Parallel Aware": false,
                            "Startup Cost": 31841.79,
                            "Total Cost": 31841.8,
                            "Plan Rows": 1,
                            "Plan Width": 8,
                            "Actual Startup Time": 90.535,
                            "Actual Total Time": 90.537,
                            "Actual Rows": 1,
                            "Actual Loops": 4,
                            "Output": [
                                "PARTIAL count(*)"
                            ],
                            "Workers": [
                                {
                                    "Worker Number": 0,
                                    "Actual Startup Time": 87.524,
                                    "Actual Total Time": 87.526,
                                    "Actual Rows": 1,
                                    "Actual Loops": 1
                                },
                                {
                                    "Worker Number": 1,
                                    "Actual Startup Time": 87.937,
                                    "Actual Total Time": 87.938,
                                    "Actual Rows": 1,
                                    "Actual Loops": 1
                                },
                                {
                                    "Worker Number": 2,
                                    "Actual Startup Time": 88.025,
                                    "Actual Total Time": 88.026,
                                    "Actual Rows": 1,
                                    "Actual Loops": 1
                                }
                            ],
                            "Plans": [
                                {
                                    "Node Type": "Seq Scan",
                                    "Parent Relationship": "Outer",
                                    "Parallel Aware": true,
                                    "Relation Name": "movie_companies",
                                    "Schema": "public",
                                    "Alias": "mc",
                                    "Startup Cost": 0.0,
                                    "Total Cost": 31414.82,
                                    "Plan Rows": 170789,
                                    "Plan Width": 0,
                                    "Actual Startup Time": 23.442,
                                    "Actual Total Time": 86.867,
                                    "Actual Rows": 59557,
                                    "Actual Loops": 4,
                                    "Output": [
                                        "id",
                                        "movie_id",
                                        "company_id",
                                        "company_type_id",
                                        "note"
                                    ],
                                    "Filter": "((mc.company_id > 14328) AND (mc.company_type_id = 1))",
                                    "Rows Removed by Filter": 592725,
                                    "Workers": [
                                        {
                                            "Worker Number": 0,
                                            "Actual Startup Time": 20.432,
                                            "Actual Total Time": 84.146,
                                            "Actual Rows": 62246,
                                            "Actual Loops": 1
                                        },
                                        {
                                            "Worker Number": 1,
                                            "Actual Startup Time": 20.839,
                                            "Actual Total Time": 84.735,
                                            "Actual Rows": 44188,
                                            "Actual Loops": 1
                                        },
                                        {
                                            "Worker Number": 2,
                                            "Actual Startup Time": 20.945,
                                            "Actual Total Time": 84.618,
                                            "Actual Rows": 63935,
                                            "Actual Loops": 1
                                        }
                                    ]
                                }
                            ]
                        }
                    ]
                }
            ]
        },
        "Planning Time": 280.619,
        "Triggers": [],
        "Execution Time": 106.794
    }
]