[
  {
    "Plan": {
      "Node Type": "Aggregate",
      "Strategy": "Plain",
      "Partial Mode": "Simple",
      "Parallel Aware": false,
      "Startup Cost": 20149.54,
      "Total Cost": 20149.55,
      "Plan Rows": 1,
      "Plan Width": 8,
      "Actual Startup Time": 7.573,
      "Actual Total Time": 7.575,
      "Actual Rows": 1,
      "Actual Loops": 1,
      "Plans": [
        {
          "Node Type": "Bitmap Heap Scan",
          "Parent Relationship": "Outer",
          "Parallel Aware": false,
          "Relation Name": "movie_companies",
          "Alias": "mc",
          "Startup Cost": 415.51,
          "Total Cost": 20102.1,
          "Plan Rows": 18978,
          "Plan Width": 0,
          "Actual Startup Time": 1.101,
          "Actual Total Time": 6.294,
          "Actual Rows": 17993,
          "Actual Loops": 1,
          "Recheck Cond": "(company_id > 218114)",
          "Rows Removed by Index Recheck": 0,
          "Exact Heap Blocks": 787,
          "Lossy Heap Blocks": 0,
          "Plans": [
            {
              "Node Type": "Bitmap Index Scan",
              "Parent Relationship": "Outer",
              "Parallel Aware": false,
              "Index Name": "company_id_movie_companies",
              "Startup Cost": 0.0,
              "Total Cost": 410.77,
              "Plan Rows": 18978,
              "Plan Width": 0,
              "Actual Startup Time": 0.977,
              "Actual Total Time": 0.977,
              "Actual Rows": 17993,
              "Actual Loops": 1,
              "Index Cond": "(company_id > 218114)"
            }
          ]
        }
      ]
    },
    "Planning Time": 0.136,
    "Triggers": [],
    "Execution Time": 7.61
  }
]