{
    "Plan": {
        "Node Type": "Aggregate",
        "Strategy": "Plain",
        "Partial Mode": "Finalize",
        "Parallel Aware": false,
        "Startup Cost": 52590.51,
        "Total Cost": 52590.52,
        "Plan Rows": 1,
        "Plan Width": 8,
        "Actual Startup Time": 95.973,
        "Actual Total Time": 107.725,
        "Actual Rows": 1,
        "Actual Loops": 1,
        "Output": [
            "count(*)"
        ],
        "Plans": [
            {
                "Node Type": "Gather",
                "Parent Relationship": "Outer",
                "Parallel Aware": false,
                "Startup Cost": 52590.09,
                "Total Cost": 52590.5,
                "Plan Rows": 4,
                "Plan Width": 8,
                "Actual Startup Time": 95.864,
                "Actual Total Time": 107.718,
                "Actual Rows": 5,
                "Actual Loops": 1,
                "Output": [
                    "(PARTIAL count(*))"
                ],
                "Workers Planned": 4,
                "Workers Launched": 4,
                "Single Copy": false,
                "Plans": [
                    {
                        "Node Type": "Aggregate",
                        "Strategy": "Plain",
                        "Partial Mode": "Partial",
                        "Parent Relationship": "Outer",
                        "Parallel Aware": false,
                        "Startup Cost": 51590.09,
                        "Total Cost": 51590.1,
                        "Plan Rows": 1,
                        "Plan Width": 8,
                        "Actual Startup Time": 85.776,
                        "Actual Total Time": 85.778,
                        "Actual Rows": 1,
                        "Actual Loops": 5,
                        "Output": [
                            "PARTIAL count(*)"
                        ],
                        "Workers": [
                            {
                                "Worker Number": 0,
                                "Actual Startup Time": 83.338,
                                "Actual Total Time": 83.339,
                                "Actual Rows": 1,
                                "Actual Loops": 1
                            },
                            {
                                "Worker Number": 1,
                                "Actual Startup Time": 83.378,
                                "Actual Total Time": 83.38,
                                "Actual Rows": 1,
                                "Actual Loops": 1
                            },
                            {
                                "Worker Number": 2,
                                "Actual Startup Time": 83.36,
                                "Actual Total Time": 83.362,
                                "Actual Rows": 1,
                                "Actual Loops": 1
                            },
                            {
                                "Worker Number": 3,
                                "Actual Startup Time": 83.722,
                                "Actual Total Time": 83.724,
                                "Actual Rows": 1,
                                "Actual Loops": 1
                            }
                        ],
                        "Plans": [
                            {
                                "Node Type": "Nested Loop",
                                "Parent Relationship": "Outer",
                                "Parallel Aware": false,
                                "Join Type": "Inner",
                                "Startup Cost": 0.87,
                                "Total Cost": 51589.41,
                                "Plan Rows": 274,
                                "Plan Width": 0,
                                "Actual Startup Time": 65.385,
                                "Actual Total Time": 85.751,
                                "Actual Rows": 140,
                                "Actual Loops": 5,
                                "Inner Unique": false,
                                "Join Filter": "(t.id = mi.movie_id)",
                                "Rows Removed by Join Filter": 0,
                                "Workers": [
                                    {
                                        "Worker Number": 0,
                                        "Actual Startup Time": 68.066,
                                        "Actual Total Time": 83.309,
                                        "Actual Rows": 128,
                                        "Actual Loops": 1
                                    },
                                    {
                                        "Worker Number": 1,
                                        "Actual Startup Time": 71.617,
                                        "Actual Total Time": 83.367,
                                        "Actual Rows": 30,
                                        "Actual Loops": 1
                                    },
                                    {
                                        "Worker Number": 2,
                                        "Actual Startup Time": 61.682,
                                        "Actual Total Time": 83.333,
                                        "Actual Rows": 298,
                                        "Actual Loops": 1
                                    },
                                    {
                                        "Worker Number": 3,
                                        "Actual Startup Time": 57.275,
                                        "Actual Total Time": 83.701,
                                        "Actual Rows": 84,
                                        "Actual Loops": 1
                                    }
                                ],
                                "Plans": [
                                    {
                                        "Node Type": "Nested Loop",
                                        "Parent Relationship": "Outer",
                                        "Parallel Aware": false,
                                        "Join Type": "Inner",
                                        "Startup Cost": 0.43,
                                        "Total Cost": 51292.9,
                                        "Plan Rows": 47,
                                        "Plan Width": 8,
                                        "Actual Startup Time": 65.283,
                                        "Actual Total Time": 84.732,
                                        "Actual Rows": 12,
                                        "Actual Loops": 5,
                                        "Output": [
                                            "t.id",
                                            "mk.movie_id"
                                        ],
                                        "Inner Unique": false,
                                        "Workers": [
                                            {
                                                "Worker Number": 0,
                                                "Actual Startup Time": 67.928,
                                                "Actual Total Time": 81.861,
                                                "Actual Rows": 9,
                                                "Actual Loops": 1
                                            },
                                            {
                                                "Worker Number": 1,
                                                "Actual Startup Time": 71.52,
                                                "Actual Total Time": 82.866,
                                                "Actual Rows": 4,
                                                "Actual Loops": 1
                                            },
                                            {
                                                "Worker Number": 2,
                                                "Actual Startup Time": 61.558,
                                                "Actual Total Time": 81.996,
                                                "Actual Rows": 23,
                                                "Actual Loops": 1
                                            },
                                            {
                                                "Worker Number": 3,
                                                "Actual Startup Time": 57.144,
                                                "Actual Total Time": 82.237,
                                                "Actual Rows": 9,
                                                "Actual Loops": 1
                                            }
                                        ],
                                        "Plans": [
                                            {
                                                "Node Type": "Seq Scan",
                                                "Parent Relationship": "Outer",
                                                "Parallel Aware": true,
                                                "Relation Name": "title",
                                                "Schema": "public",
                                                "Alias": "t",
                                                "Startup Cost": 0.0,
                                                "Total Cost": 45479.21,
                                                "Plan Rows": 648,
                                                "Plan Width": 4,
                                                "Actual Startup Time": 57.941,
                                                "Actual Total Time": 80.884,
                                                "Actual Rows": 280,
                                                "Actual Loops": 5,
                                                "Output": [
                                                    "t.id",
                                                    "t.title",
                                                    "t.imdb_index",
                                                    "t.kind_id",
                                                    "t.production_year",
                                                    "t.imdb_id",
                                                    "t.phonetic_code",
                                                    "t.episode_of_id",
                                                    "t.season_nr",
                                                    "t.episode_nr",
                                                    "t.series_years",
                                                    "t.md5sum"
                                                ],
                                                "Filter": "((t.kind_id = 3) AND (t.production_year = 2013))",
                                                "Rows Removed by Filter": 505383,
                                                "Workers": [
                                                    {
                                                        "Worker Number": 0,
                                                        "Actual Startup Time": 55.526,
                                                        "Actual Total Time": 77.797,
                                                        "Actual Rows": 168,
                                                        "Actual Loops": 1
                                                    },
                                                    {
                                                        "Worker Number": 1,
                                                        "Actual Startup Time": 55.362,
                                                        "Actual Total Time": 78.428,
                                                        "Actual Rows": 280,
                                                        "Actual Loops": 1
                                                    },
                                                    {
                                                        "Worker Number": 2,
                                                        "Actual Startup Time": 55.876,
                                                        "Actual Total Time": 77.569,
                                                        "Actual Rows": 285,
                                                        "Actual Loops": 1
                                                    },
                                                    {
                                                        "Worker Number": 3,
                                                        "Actual Startup Time": 55.735,
                                                        "Actual Total Time": 77.927,
                                                        "Actual Rows": 238,
                                                        "Actual Loops": 1
                                                    }
                                                ]
                                            },
                                            {
                                                "Node Type": "Index Scan",
                                                "Parent Relationship": "Inner",
                                                "Parallel Aware": false,
                                                "Scan Direction": "Forward",
                                                "Index Name": "movie_id_movie_keyword",
                                                "Relation Name": "movie_keyword",
                                                "Schema": "public",
                                                "Alias": "mk",
                                                "Startup Cost": 0.43,
                                                "Total Cost": 8.95,
                                                "Plan Rows": 2,
                                                "Plan Width": 4,
                                                "Actual Startup Time": 0.013,
                                                "Actual Total Time": 0.013,
                                                "Actual Rows": 0,
                                                "Actual Loops": 1399,
                                                "Output": [
                                                    "mk.id",
                                                    "mk.movie_id",
                                                    "mk.keyword_id"
                                                ],
                                                "Index Cond": "(mk.movie_id = t.id)",
                                                "Rows Removed by Index Recheck": 0,
                                                "Filter": "(mk.keyword_id > 71518)",
                                                "Rows Removed by Filter": 1,
                                                "Workers": [
                                                    {
                                                        "Worker Number": 0,
                                                        "Actual Startup Time": 0.023,
                                                        "Actual Total Time": 0.023,
                                                        "Actual Rows": 0,
                                                        "Actual Loops": 168
                                                    },
                                                    {
                                                        "Worker Number": 1,
                                                        "Actual Startup Time": 0.015,
                                                        "Actual Total Time": 0.015,
                                                        "Actual Rows": 0,
                                                        "Actual Loops": 280
                                                    },
                                                    {
                                                        "Worker Number": 2,
                                                        "Actual Startup Time": 0.015,
                                                        "Actual Total Time": 0.015,
                                                        "Actual Rows": 0,
                                                        "Actual Loops": 285
                                                    },
                                                    {
                                                        "Worker Number": 3,
                                                        "Actual Startup Time": 0.017,
                                                        "Actual Total Time": 0.017,
                                                        "Actual Rows": 0,
                                                        "Actual Loops": 238
                                                    }
                                                ]
                                            }
                                        ]
                                    },
                                    {
                                        "Node Type": "Index Only Scan",
                                        "Parent Relationship": "Inner",
                                        "Parallel Aware": false,
                                        "Scan Direction": "Forward",
                                        "Index Name": "movie_id_movie_info",
                                        "Relation Name": "movie_info",
                                        "Schema": "public",
                                        "Alias": "mi",
                                        "Startup Cost": 0.43,
                                        "Total Cost": 5.82,
                                        "Plan Rows": 39,
                                        "Plan Width": 4,
                                        "Actual Startup Time": 0.027,
                                        "Actual Total Time": 0.082,
                                        "Actual Rows": 12,
                                        "Actual Loops": 60,
                                        "Output": [
                                            "mi.movie_id"
                                        ],
                                        "Index Cond": "(mi.movie_id = mk.movie_id)",
                                        "Rows Removed by Index Recheck": 0,
                                        "Heap Fetches": 698,
                                        "Workers": [
                                            {
                                                "Worker Number": 0,
                                                "Actual Startup Time": 0.042,
                                                "Actual Total Time": 0.156,
                                                "Actual Rows": 14,
                                                "Actual Loops": 9
                                            },
                                            {
                                                "Worker Number": 1,
                                                "Actual Startup Time": 0.045,
                                                "Actual Total Time": 0.122,
                                                "Actual Rows": 8,
                                                "Actual Loops": 4
                                            },
                                            {
                                                "Worker Number": 2,
                                                "Actual Startup Time": 0.019,
                                                "Actual Total Time": 0.056,
                                                "Actual Rows": 13,
                                                "Actual Loops": 23
                                            },
                                            {
                                                "Worker Number": 3,
                                                "Actual Startup Time": 0.053,
                                                "Actual Total Time": 0.159,
                                                "Actual Rows": 9,
                                                "Actual Loops": 9
                                            }
                                        ]
                                    }
                                ]
                            }
                        ]
                    }
                ]
            }
        ]
    },
    "Planning Time": 1.553,
    "Triggers": [],
    "Execution Time": 107.811
}