{
    "Plan": {
        "Node Type": "Aggregate",
        "Strategy": "Plain",
        "Partial Mode": "Finalize",
        "Parallel Aware": false,
        "Startup Cost": 64683.74,
        "Total Cost": 64683.75,
        "Plan Rows": 1,
        "Plan Width": 8,
        "Actual Startup Time": 193.752,
        "Actual Total Time": 222.495,
        "Actual Rows": 1,
        "Actual Loops": 1,
        "Output": [
            "count(*)"
        ],
        "Plans": [
            {
                "Node Type": "Gather",
                "Parent Relationship": "Outer",
                "Parallel Aware": false,
                "Startup Cost": 64683.32,
                "Total Cost": 64683.73,
                "Plan Rows": 4,
                "Plan Width": 8,
                "Actual Startup Time": 193.448,
                "Actual Total Time": 222.485,
                "Actual Rows": 5,
                "Actual Loops": 1,
                "Output": [
                    "(PARTIAL count(*))"
                ],
                "Workers Planned": 4,
                "Workers Launched": 4,
                "Single Copy": false,
                "Plans": [
                    {
                        "Node Type": "Aggregate",
                        "Strategy": "Plain",
                        "Partial Mode": "Partial",
                        "Parent Relationship": "Outer",
                        "Parallel Aware": false,
                        "Startup Cost": 63683.32,
                        "Total Cost": 63683.33,
                        "Plan Rows": 1,
                        "Plan Width": 8,
                        "Actual Startup Time": 182.987,
                        "Actual Total Time": 182.989,
                        "Actual Rows": 1,
                        "Actual Loops": 5,
                        "Output": [
                            "PARTIAL count(*)"
                        ],
                        "Workers": [
                            {
                                "Worker Number": 0,
                                "Actual Startup Time": 180.01,
                                "Actual Total Time": 180.012,
                                "Actual Rows": 1,
                                "Actual Loops": 1
                            },
                            {
                                "Worker Number": 1,
                                "Actual Startup Time": 180.621,
                                "Actual Total Time": 180.623,
                                "Actual Rows": 1,
                                "Actual Loops": 1
                            },
                            {
                                "Worker Number": 2,
                                "Actual Startup Time": 180.429,
                                "Actual Total Time": 180.431,
                                "Actual Rows": 1,
                                "Actual Loops": 1
                            },
                            {
                                "Worker Number": 3,
                                "Actual Startup Time": 181.305,
                                "Actual Total Time": 181.307,
                                "Actual Rows": 1,
                                "Actual Loops": 1
                            }
                        ],
                        "Plans": [
                            {
                                "Node Type": "Nested Loop",
                                "Parent Relationship": "Outer",
                                "Parallel Aware": false,
                                "Join Type": "Inner",
                                "Startup Cost": 0.99,
                                "Total Cost": 63648.1,
                                "Plan Rows": 14085,
                                "Plan Width": 0,
                                "Actual Startup Time": 1.741,
                                "Actual Total Time": 180.941,
                                "Actual Rows": 27413,
                                "Actual Loops": 5,
                                "Inner Unique": false,
                                "Join Filter": "(t.id = ci.movie_id)",
                                "Rows Removed by Join Filter": 0,
                                "Workers": [
                                    {
                                        "Worker Number": 0,
                                        "Actual Startup Time": 1.636,
                                        "Actual Total Time": 178.067,
                                        "Actual Rows": 16310,
                                        "Actual Loops": 1
                                    },
                                    {
                                        "Worker Number": 1,
                                        "Actual Startup Time": 0.796,
                                        "Actual Total Time": 178.594,
                                        "Actual Rows": 16523,
                                        "Actual Loops": 1
                                    },
                                    {
                                        "Worker Number": 2,
                                        "Actual Startup Time": 4.347,
                                        "Actual Total Time": 178.701,
                                        "Actual Rows": 22479,
                                        "Actual Loops": 1
                                    },
                                    {
                                        "Worker Number": 3,
                                        "Actual Startup Time": 1.632,
                                        "Actual Total Time": 179.471,
                                        "Actual Rows": 24561,
                                        "Actual Loops": 1
                                    }
                                ],
                                "Plans": [
                                    {
                                        "Node Type": "Nested Loop",
                                        "Parent Relationship": "Outer",
                                        "Parallel Aware": false,
                                        "Join Type": "Inner",
                                        "Startup Cost": 0.43,
                                        "Total Cost": 58901.42,
                                        "Plan Rows": 1760,
                                        "Plan Width": 8,
                                        "Actual Startup Time": 1.51,
                                        "Actual Total Time": 92.081,
                                        "Actual Rows": 1874,
                                        "Actual Loops": 5,
                                        "Output": [
                                            "t.id",
                                            "mi_idx.movie_id"
                                        ],
                                        "Inner Unique": false,
                                        "Workers": [
                                            {
                                                "Worker Number": 0,
                                                "Actual Startup Time": 1.396,
                                                "Actual Total Time": 87.978,
                                                "Actual Rows": 1171,
                                                "Actual Loops": 1
                                            },
                                            {
                                                "Worker Number": 1,
                                                "Actual Startup Time": 0.466,
                                                "Actual Total Time": 84.834,
                                                "Actual Rows": 1174,
                                                "Actual Loops": 1
                                            },
                                            {
                                                "Worker Number": 2,
                                                "Actual Startup Time": 4.087,
                                                "Actual Total Time": 86.263,
                                                "Actual Rows": 1569,
                                                "Actual Loops": 1
                                            },
                                            {
                                                "Worker Number": 3,
                                                "Actual Startup Time": 1.396,
                                                "Actual Total Time": 84.384,
                                                "Actual Rows": 1635,
                                                "Actual Loops": 1
                                            }
                                        ],
                                        "Plans": [
                                            {
                                                "Node Type": "Seq Scan",
                                                "Parent Relationship": "Outer",
                                                "Parallel Aware": true,
                                                "Relation Name": "title",
                                                "Schema": "public",
                                                "Alias": "t",
                                                "Startup Cost": 0.0,
                                                "Total Cost": 43899.01,
                                                "Plan Rows": 3224,
                                                "Plan Width": 4,
                                                "Actual Startup Time": 0.428,
                                                "Actual Total Time": 75.985,
                                                "Actual Rows": 2870,
                                                "Actual Loops": 5,
                                                "Output": [
                                                    "t.id",
                                                    "t.title",
                                                    "t.imdb_index",
                                                    "t.kind_id",
                                                    "t.production_year",
                                                    "t.imdb_id",
                                                    "t.phonetic_code",
                                                    "t.episode_of_id",
                                                    "t.season_nr",
                                                    "t.episode_nr",
                                                    "t.series_years",
                                                    "t.md5sum"
                                                ],
                                                "Filter": "(t.production_year = 1969)",
                                                "Rows Removed by Filter": 502793,
                                                "Workers": [
                                                    {
                                                        "Worker Number": 0,
                                                        "Actual Startup Time": 0.207,
                                                        "Actual Total Time": 71.053,
                                                        "Actual Rows": 1883,
                                                        "Actual Loops": 1
                                                    },
                                                    {
                                                        "Worker Number": 1,
                                                        "Actual Startup Time": 0.244,
                                                        "Actual Total Time": 67.525,
                                                        "Actual Rows": 1846,
                                                        "Actual Loops": 1
                                                    },
                                                    {
                                                        "Worker Number": 2,
                                                        "Actual Startup Time": 0.561,
                                                        "Actual Total Time": 70.536,
                                                        "Actual Rows": 2409,
                                                        "Actual Loops": 1
                                                    },
                                                    {
                                                        "Worker Number": 3,
                                                        "Actual Startup Time": 0.97,
                                                        "Actual Total Time": 69.025,
                                                        "Actual Rows": 2420,
                                                        "Actual Loops": 1
                                                    }
                                                ]
                                            },
                                            {
                                                "Node Type": "Index Only Scan",
                                                "Parent Relationship": "Inner",
                                                "Parallel Aware": false,
                                                "Scan Direction": "Forward",
                                                "Index Name": "movie_id_movie_info_idx",
                                                "Relation Name": "movie_info_idx",
                                                "Schema": "public",
                                                "Alias": "mi_idx",
                                                "Startup Cost": 0.43,
                                                "Total Cost": 4.62,
                                                "Plan Rows": 3,
                                                "Plan Width": 4,
                                                "Actual Startup Time": 0.005,
                                                "Actual Total Time": 0.005,
                                                "Actual Rows": 1,
                                                "Actual Loops": 14349,
                                                "Output": [
                                                    "mi_idx.movie_id"
                                                ],
                                                "Index Cond": "(mi_idx.movie_id = t.id)",
                                                "Rows Removed by Index Recheck": 0,
                                                "Heap Fetches": 9368,
                                                "Workers": [
                                                    {
                                                        "Worker Number": 0,
                                                        "Actual Startup Time": 0.008,
                                                        "Actual Total Time": 0.008,
                                                        "Actual Rows": 1,
                                                        "Actual Loops": 1883
                                                    },
                                                    {
                                                        "Worker Number": 1,
                                                        "Actual Startup Time": 0.008,
                                                        "Actual Total Time": 0.008,
                                                        "Actual Rows": 1,
                                                        "Actual Loops": 1846
                                                    },
                                                    {
                                                        "Worker Number": 2,
                                                        "Actual Startup Time": 0.006,
                                                        "Actual Total Time": 0.006,
                                                        "Actual Rows": 1,
                                                        "Actual Loops": 2409
                                                    },
                                                    {
                                                        "Worker Number": 3,
                                                        "Actual Startup Time": 0.006,
                                                        "Actual Total Time": 0.006,
                                                        "Actual Rows": 1,
                                                        "Actual Loops": 2420
                                                    }
                                                ]
                                            }
                                        ]
                                    },
                                    {
                                        "Node Type": "Index Scan",
                                        "Parent Relationship": "Inner",
                                        "Parallel Aware": false,
                                        "Scan Direction": "Forward",
                                        "Index Name": "movie_id_cast_info",
                                        "Relation Name": "cast_info",
                                        "Schema": "public",
                                        "Alias": "ci",
                                        "Startup Cost": 0.56,
                                        "Total Cost": 2.43,
                                        "Plan Rows": 21,
                                        "Plan Width": 4,
                                        "Actual Startup Time": 0.008,
                                        "Actual Total Time": 0.045,
                                        "Actual Rows": 15,
                                        "Actual Loops": 9368,
                                        "Output": [
                                            "ci.id",
                                            "ci.person_id",
                                            "ci.movie_id",
                                            "ci.person_role_id",
                                            "ci.note",
                                            "ci.nr_order",
                                            "ci.role_id"
                                        ],
                                        "Index Cond": "(ci.movie_id = mi_idx.movie_id)",
                                        "Rows Removed by Index Recheck": 0,
                                        "Filter": "(ci.role_id < 3)",
                                        "Rows Removed by Filter": 9,
                                        "Workers": [
                                            {
                                                "Worker Number": 0,
                                                "Actual Startup Time": 0.013,
                                                "Actual Total Time": 0.074,
                                                "Actual Rows": 14,
                                                "Actual Loops": 1171
                                            },
                                            {
                                                "Worker Number": 1,
                                                "Actual Startup Time": 0.013,
                                                "Actual Total Time": 0.077,
                                                "Actual Rows": 14,
                                                "Actual Loops": 1174
                                            },
                                            {
                                                "Worker Number": 2,
                                                "Actual Startup Time": 0.009,
                                                "Actual Total Time": 0.057,
                                                "Actual Rows": 14,
                                                "Actual Loops": 1569
                                            },
                                            {
                                                "Worker Number": 3,
                                                "Actual Startup Time": 0.009,
                                                "Actual Total Time": 0.056,
                                                "Actual Rows": 15,
                                                "Actual Loops": 1635
                                            }
                                        ]
                                    }
                                ]
                            }
                        ]
                    }
                ]
            }
        ]
    },
    "Planning Time": 1.419,
    "Triggers": [],
    "Execution Time": 222.588
}