{
  "Plan": {
    "Node Type": "Aggregate",
    "Strategy": "Plain",
    "Partial Mode": "Finalize",
    "Parallel Aware": false,
    "Startup Cost": 764033.4,
    "Total Cost": 764033.41,
    "Plan Rows": 1,
    "Plan Width": 8,
    "Actual Startup Time": 2737.04,
    "Actual Total Time": 2793.495,
    "Actual Rows": 1,
    "Actual Loops": 1,
    "Plans": [
      {
        "Node Type": "Gather",
        "Parent Relationship": "Outer",
        "Parallel Aware": false,
        "Startup Cost": 764033.28,
        "Total Cost": 764033.39,
        "Plan Rows": 1,
        "Plan Width": 8,
        "Actual Startup Time": 2736.21,
        "Actual Total Time": 2793.488,
        "Actual Rows": 2,
        "Actual Loops": 1,
        "Workers Planned": 1,
        "Workers Launched": 1,
        "Single Copy": false,
        "Plans": [
          {
            "Node Type": "Aggregate",
            "Strategy": "Plain",
            "Partial Mode": "Partial",
            "Parent Relationship": "Outer",
            "Parallel Aware": false,
            "Startup Cost": 763033.28,
            "Total Cost": 763033.29,
            "Plan Rows": 1,
            "Plan Width": 8,
            "Actual Startup Time": 2729.9,
            "Actual Total Time": 2729.906,
            "Actual Rows": 1,
            "Actual Loops": 2,
            "Plans": [
              {
                "Node Type": "Hash Join",
                "Parent Relationship": "Outer",
                "Parallel Aware": true,
                "Join Type": "Inner",
                "Startup Cost": 464804.14,
                "Total Cost": 761062.03,
                "Plan Rows": 788502,
                "Plan Width": 0,
                "Actual Startup Time": 1476.549,
                "Actual Total Time": 2697.64,
                "Actual Rows": 778884,
                "Actual Loops": 2,
                "Inner Unique": false,
                "Hash Cond": "(mi.movie_id = t.id)",
                "Plans": [
                  {
                    "Node Type": "Seq Scan",
                    "Parent Relationship": "Outer",
                    "Parallel Aware": true,
                    "Relation Name": "movie_info",
                    "Alias": "mi",
                    "Startup Cost": 0.0,
                    "Total Cost": 270696.42,
                    "Plan Rows": 5579529,
                    "Plan Width": 4,
                    "Actual Startup Time": 0.021,
                    "Actual Total Time": 724.026,
                    "Actual Rows": 4782576,
                    "Actual Loops": 2,
                    "Filter": "(info_type_id < 16)",
                    "Rows Removed by Filter": 2635284
                  },
                  {
                    "Node Type": "Hash",
                    "Parent Relationship": "Inner",
                    "Parallel Aware": true,
                    "Startup Cost": 462176.94,
                    "Total Cost": 462176.94,
                    "Plan Rows": 210176,
                    "Plan Width": 8,
                    "Actual Startup Time": 1456.443,
                    "Actual Total Time": 1456.447,
                    "Actual Rows": 70427,
                    "Actual Loops": 2,
                    "Hash Buckets": 524288,
                    "Original Hash Buckets": 524288,
                    "Hash Batches": 1,
                    "Original Hash Batches": 1,
                    "Peak Memory Usage": 9632,
                    "Plans": [
                      {
                        "Node Type": "Hash Join",
                        "Parent Relationship": "Outer",
                        "Parallel Aware": true,
                        "Join Type": "Inner",
                        "Startup Cost": 55626.88,
                        "Total Cost": 462176.94,
                        "Plan Rows": 210176,
                        "Plan Width": 8,
                        "Actual Startup Time": 165.963,
                        "Actual Total Time": 1428.694,
                        "Actual Rows": 70427,
                        "Actual Loops": 2,
                        "Inner Unique": true,
                        "Hash Cond": "(ci.movie_id = t.id)",
                        "Plans": [
                          {
                            "Node Type": "Index Scan",
                            "Parent Relationship": "Outer",
                            "Parallel Aware": true,
                            "Scan Direction": "Forward",
                            "Index Name": "role_id_cast_info",
                            "Relation Name": "cast_info",
                            "Alias": "ci",
                            "Startup Cost": 0.56,
                            "Total Cost": 396668.75,
                            "Plan Rows": 3764517,
                            "Plan Width": 4,
                            "Actual Startup Time": 0.067,
                            "Actual Total Time": 940.447,
                            "Actual Rows": 1829626,
                            "Actual Loops": 2,
                            "Index Cond": "(role_id > 3)",
                            "Rows Removed by Index Recheck": 0,
                            "Filter": "(person_id < 1878372)",
                            "Rows Removed by Filter": 4227197
                          },
                          {
                            "Node Type": "Hash",
                            "Parent Relationship": "Inner",
                            "Parallel Aware": true,
                            "Startup Cost": 54588.39,
                            "Total Cost": 54588.39,
                            "Plan Rows": 83034,
                            "Plan Width": 4,
                            "Actual Startup Time": 163.189,
                            "Actual Total Time": 163.19,
                            "Actual Rows": 71666,
                            "Actual Loops": 2,
                            "Hash Buckets": 262144,
                            "Original Hash Buckets": 262144,
                            "Hash Batches": 1,
                            "Original Hash Batches": 1,
                            "Peak Memory Usage": 7680,
                            "Plans": [
                              {
                                "Node Type": "Seq Scan",
                                "Parent Relationship": "Outer",
                                "Parallel Aware": true,
                                "Relation Name": "title",
                                "Alias": "t",
                                "Startup Cost": 0.0,
                                "Total Cost": 54588.39,
                                "Plan Rows": 83034,
                                "Plan Width": 4,
                                "Actual Startup Time": 5.383,
                                "Actual Total Time": 144.325,
                                "Actual Rows": 71666,
                                "Actual Loops": 2,
                                "Filter": "(production_year < 1941)",
                                "Rows Removed by Filter": 1192490
                              }
                            ]
                          }
                        ]
                      }
                    ]
                  }
                ]
              }
            ]
          }
        ]
      }
    ]
  },
  "Planning Time": 1.038,
  "Triggers": [],
  "Execution Time": 2793.6
}