{
  "Plan": {
    "Node Type": "Aggregate",
    "Strategy": "Plain",
    "Partial Mode": "Finalize",
    "Parallel Aware": false,
    "Startup Cost": 661851.61,
    "Total Cost": 661851.62,
    "Plan Rows": 1,
    "Plan Width": 8,
    "Actual Startup Time": 1278.132,
    "Actual Total Time": 1307.434,
    "Actual Rows": 1,
    "Actual Loops": 1,
    "Plans": [
      {
        "Node Type": "Gather",
        "Parent Relationship": "Outer",
        "Parallel Aware": false,
        "Startup Cost": 661851.5,
        "Total Cost": 661851.61,
        "Plan Rows": 1,
        "Plan Width": 8,
        "Actual Startup Time": 1276.299,
        "Actual Total Time": 1307.427,
        "Actual Rows": 2,
        "Actual Loops": 1,
        "Workers Planned": 1,
        "Workers Launched": 1,
        "Single Copy": false,
        "Plans": [
          {
            "Node Type": "Aggregate",
            "Strategy": "Plain",
            "Partial Mode": "Partial",
            "Parent Relationship": "Outer",
            "Parallel Aware": false,
            "Startup Cost": 660851.5,
            "Total Cost": 660851.51,
            "Plan Rows": 1,
            "Plan Width": 8,
            "Actual Startup Time": 1269.975,
            "Actual Total Time": 1269.98,
            "Actual Rows": 1,
            "Actual Loops": 2,
            "Plans": [
              {
                "Node Type": "Hash Join",
                "Parent Relationship": "Outer",
                "Parallel Aware": true,
                "Join Type": "Inner",
                "Startup Cost": 473936.53,
                "Total Cost": 660021.57,
                "Plan Rows": 331972,
                "Plan Width": 0,
                "Actual Startup Time": 970.086,
                "Actual Total Time": 1264.433,
                "Actual Rows": 111104,
                "Actual Loops": 2,
                "Inner Unique": false,
                "Hash Cond": "(mi.movie_id = t.id)",
                "Plans": [
                  {
                    "Node Type": "Bitmap Heap Scan",
                    "Parent Relationship": "Outer",
                    "Parallel Aware": true,
                    "Relation Name": "movie_info",
                    "Alias": "mi",
                    "Startup Cost": 41958.26,
                    "Total Cost": 220981.46,
                    "Plan Rows": 1362416,
                    "Plan Width": 4,
                    "Actual Startup Time": 88.748,
                    "Actual Total Time": 233.311,
                    "Actual Rows": 1116925,
                    "Actual Loops": 2,
                    "Recheck Cond": "(info_type_id > 16)",
                    "Rows Removed by Index Recheck": 0,
                    "Exact Heap Blocks": 27861,
                    "Lossy Heap Blocks": 0,
                    "Plans": [
                      {
                        "Node Type": "Bitmap Index Scan",
                        "Parent Relationship": "Outer",
                        "Parallel Aware": false,
                        "Index Name": "info_type_id_movie_info",
                        "Startup Cost": 0.0,
                        "Total Cost": 41379.24,
                        "Plan Rows": 2316107,
                        "Plan Width": 0,
                        "Actual Startup Time": 80.436,
                        "Actual Total Time": 80.437,
                        "Actual Rows": 2233850,
                        "Actual Loops": 1,
                        "Index Cond": "(info_type_id > 16)"
                      }
                    ]
                  },
                  {
                    "Node Type": "Hash",
                    "Parent Relationship": "Inner",
                    "Parallel Aware": true,
                    "Startup Cost": 427448.46,
                    "Total Cost": 427448.46,
                    "Plan Rows": 362385,
                    "Plan Width": 8,
                    "Actual Startup Time": 872.069,
                    "Actual Total Time": 872.073,
                    "Actual Rows": 126011,
                    "Actual Loops": 2,
                    "Hash Buckets": 1048576,
                    "Original Hash Buckets": 1048576,
                    "Hash Batches": 1,
                    "Original Hash Batches": 1,
                    "Peak Memory Usage": 18080,
                    "Plans": [
                      {
                        "Node Type": "Hash Join",
                        "Parent Relationship": "Outer",
                        "Parallel Aware": true,
                        "Join Type": "Inner",
                        "Startup Cost": 142220.17,
                        "Total Cost": 427448.46,
                        "Plan Rows": 362385,
                        "Plan Width": 8,
                        "Actual Startup Time": 344.019,
                        "Actual Total Time": 829.492,
                        "Actual Rows": 126011,
                        "Actual Loops": 2,
                        "Inner Unique": true,
                        "Hash Cond": "(ci.movie_id = t.id)",
                        "Plans": [
                          {
                            "Node Type": "Bitmap Heap Scan",
                            "Parent Relationship": "Outer",
                            "Parallel Aware": true,
                            "Relation Name": "cast_info",
                            "Alias": "ci",
                            "Startup Cost": 80782.44,
                            "Total Cost": 360363.06,
                            "Plan Rows": 2151489,
                            "Plan Width": 4,
                            "Actual Startup Time": 162.75,
                            "Actual Total Time": 361.543,
                            "Actual Rows": 1751038,
                            "Actual Loops": 2,
                            "Recheck Cond": "(person_id > 3423589)",
                            "Rows Removed by Index Recheck": 0,
                            "Exact Heap Blocks": 28817,
                            "Lossy Heap Blocks": 0,
                            "Plans": [
                              {
                                "Node Type": "Bitmap Index Scan",
                                "Parent Relationship": "Outer",
                                "Parallel Aware": false,
                                "Index Name": "person_id_cast_info",
                                "Startup Cost": 0.0,
                                "Total Cost": 79868.05,
                                "Plan Rows": 3657532,
                                "Plan Width": 0,
                                "Actual Startup Time": 153.66,
                                "Actual Total Time": 153.66,
                                "Actual Rows": 3502077,
                                "Actual Loops": 1,
                                "Index Cond": "(person_id > 3423589)"
                              }
                            ]
                          },
                          {
                            "Node Type": "Hash",
                            "Parent Relationship": "Inner",
                            "Parallel Aware": true,
                            "Startup Cost": 58306.47,
                            "Total Cost": 58306.47,
                            "Plan Rows": 250501,
                            "Plan Width": 4,
                            "Actual Startup Time": 178.213,
                            "Actual Total Time": 178.213,
                            "Actual Rows": 157584,
                            "Actual Loops": 2,
                            "Hash Buckets": 524288,
                            "Original Hash Buckets": 524288,
                            "Hash Batches": 1,
                            "Original Hash Batches": 1,
                            "Peak Memory Usage": 16448,
                            "Plans": [
                              {
                                "Node Type": "Seq Scan",
                                "Parent Relationship": "Outer",
                                "Parallel Aware": true,
                                "Relation Name": "title",
                                "Alias": "t",
                                "Startup Cost": 0.0,
                                "Total Cost": 58306.47,
                                "Plan Rows": 250501,
                                "Plan Width": 4,
                                "Actual Startup Time": 0.035,
                                "Actual Total Time": 138.105,
                                "Actual Rows": 157584,
                                "Actual Loops": 2,
                                "Filter": "((production_year < 1991) AND (kind_id = 7))",
                                "Rows Removed by Filter": 1106572
                              }
                            ]
                          }
                        ]
                      }
                    ]
                  }
                ]
              }
            ]
          }
        ]
      }
    ]
  },
  "Planning Time": 0.975,
  "Triggers": [],
  "Execution Time": 1307.555
}