[
    {
        "Bao": {
            "Bao prediction": 444.414,
            "Bao recommended hint": "(no hint)"
        }
    },
    {
        "Plan": {
            "Node Type": "Aggregate",
            "Strategy": "Plain",
            "Partial Mode": "Finalize",
            "Parallel Aware": false,
            "Startup Cost": 44301.36,
            "Total Cost": 44301.37,
            "Plan Rows": 1,
            "Plan Width": 8,
            "Actual Startup Time": 149.802,
            "Actual Total Time": 155.833,
            "Actual Rows": 1,
            "Actual Loops": 1,
            "Output": [
                "count(*)"
            ],
            "Plans": [
                {
                    "Node Type": "Gather",
                    "Parent Relationship": "Outer",
                    "Parallel Aware": false,
                    "Startup Cost": 44301.04,
                    "Total Cost": 44301.35,
                    "Plan Rows": 3,
                    "Plan Width": 8,
                    "Actual Startup Time": 149.697,
                    "Actual Total Time": 155.826,
                    "Actual Rows": 4,
                    "Actual Loops": 1,
                    "Output": [
                        "(PARTIAL count(*))"
                    ],
                    "Workers Planned": 3,
                    "Workers Launched": 3,
                    "Single Copy": false,
                    "Plans": [
                        {
                            "Node Type": "Aggregate",
                            "Strategy": "Plain",
                            "Partial Mode": "Partial",
                            "Parent Relationship": "Outer",
                            "Parallel Aware": false,
                            "Startup Cost": 43301.04,
                            "Total Cost": 43301.05,
                            "Plan Rows": 1,
                            "Plan Width": 8,
                            "Actual Startup Time": 142.091,
                            "Actual Total Time": 142.092,
                            "Actual Rows": 1,
                            "Actual Loops": 4,
                            "Output": [
                                "PARTIAL count(*)"
                            ],
                            "Workers": [
                                {
                                    "Worker Number": 0,
                                    "Actual Startup Time": 139.422,
                                    "Actual Total Time": 139.423,
                                    "Actual Rows": 1,
                                    "Actual Loops": 1
                                },
                                {
                                    "Worker Number": 1,
                                    "Actual Startup Time": 139.799,
                                    "Actual Total Time": 139.799,
                                    "Actual Rows": 1,
                                    "Actual Loops": 1
                                },
                                {
                                    "Worker Number": 2,
                                    "Actual Startup Time": 140.003,
                                    "Actual Total Time": 140.004,
                                    "Actual Rows": 1,
                                    "Actual Loops": 1
                                }
                            ],
                            "Plans": [
                                {
                                    "Node Type": "Seq Scan",
                                    "Parent Relationship": "Outer",
                                    "Parallel Aware": true,
                                    "Relation Name": "movie_keyword",
                                    "Schema": "public",
                                    "Alias": "mk",
                                    "Startup Cost": 0.0,
                                    "Total Cost": 42695.65,
                                    "Plan Rows": 242154,
                                    "Plan Width": 0,
                                    "Actual Startup Time": 6.002,
                                    "Actual Total Time": 127.914,
                                    "Actual Rows": 184588,
                                    "Actual Loops": 4,
                                    "Output": [
                                        "id",
                                        "movie_id",
                                        "keyword_id"
                                    ],
                                    "Filter": "(mk.keyword_id > 25502)",
                                    "Rows Removed by Filter": 946394,
                                    "Workers": [
                                        {
                                            "Worker Number": 0,
                                            "Actual Startup Time": 3.347,
                                            "Actual Total Time": 125.745,
                                            "Actual Rows": 171945,
                                            "Actual Loops": 1
                                        },
                                        {
                                            "Worker Number": 1,
                                            "Actual Startup Time": 3.702,
                                            "Actual Total Time": 126.025,
                                            "Actual Rows": 174751,
                                            "Actual Loops": 1
                                        },
                                        {
                                            "Worker Number": 2,
                                            "Actual Startup Time": 3.925,
                                            "Actual Total Time": 126.319,
                                            "Actual Rows": 174608,
                                            "Actual Loops": 1
                                        }
                                    ]
                                }
                            ]
                        }
                    ]
                }
            ]
        },
        "Planning Time": 1821.046,
        "Triggers": [],
        "Execution Time": 155.92
    }
]