{
  "Plan": {
    "Node Type": "Aggregate",
    "Strategy": "Plain",
    "Partial Mode": "Finalize",
    "Parallel Aware": false,
    "Startup Cost": 119995.77,
    "Total Cost": 119995.78,
    "Plan Rows": 1,
    "Plan Width": 8,
    "Actual Startup Time": 514.351,
    "Actual Total Time": 533.641,
    "Actual Rows": 1,
    "Actual Loops": 1,
    "Plans": [
      {
        "Node Type": "Gather",
        "Parent Relationship": "Outer",
        "Parallel Aware": false,
        "Startup Cost": 119995.66,
        "Total Cost": 119995.77,
        "Plan Rows": 1,
        "Plan Width": 8,
        "Actual Startup Time": 513.412,
        "Actual Total Time": 533.633,
        "Actual Rows": 2,
        "Actual Loops": 1,
        "Workers Planned": 1,
        "Workers Launched": 1,
        "Single Copy": false,
        "Plans": [
          {
            "Node Type": "Aggregate",
            "Strategy": "Plain",
            "Partial Mode": "Partial",
            "Parent Relationship": "Outer",
            "Parallel Aware": false,
            "Startup Cost": 118995.66,
            "Total Cost": 118995.67,
            "Plan Rows": 1,
            "Plan Width": 8,
            "Actual Startup Time": 507.449,
            "Actual Total Time": 507.597,
            "Actual Rows": 1,
            "Actual Loops": 2,
            "Plans": [
              {
                "Node Type": "Hash Join",
                "Parent Relationship": "Outer",
                "Parallel Aware": true,
                "Join Type": "Inner",
                "Startup Cost": 75385.15,
                "Total Cost": 118935.01,
                "Plan Rows": 24258,
                "Plan Width": 0,
                "Actual Startup Time": 351.857,
                "Actual Total Time": 506.468,
                "Actual Rows": 19836,
                "Actual Loops": 2,
                "Inner Unique": false,
                "Hash Cond": "(mc.movie_id = t.id)",
                "Plans": [
                  {
                    "Node Type": "Index Scan",
                    "Parent Relationship": "Outer",
                    "Parallel Aware": true,
                    "Scan Direction": "Forward",
                    "Index Name": "company_type_id_movie_companies",
                    "Relation Name": "movie_companies",
                    "Alias": "mc",
                    "Startup Cost": 0.43,
                    "Total Cost": 41574.35,
                    "Plan Rows": 488864,
                    "Plan Width": 4,
                    "Actual Startup Time": 3.969,
                    "Actual Total Time": 123.838,
                    "Actual Rows": 310216,
                    "Actual Loops": 2,
                    "Index Cond": "(company_type_id = 1)",
                    "Rows Removed by Index Recheck": 0,
                    "Filter": "(company_id > 3171)",
                    "Rows Removed by Filter": 326906
                  },
                  {
                    "Node Type": "Hash",
                    "Parent Relationship": "Inner",
                    "Parallel Aware": true,
                    "Startup Cost": 74462.23,
                    "Total Cost": 74462.23,
                    "Plan Rows": 73799,
                    "Plan Width": 8,
                    "Actual Startup Time": 345.189,
                    "Actual Total Time": 345.336,
                    "Actual Rows": 34736,
                    "Actual Loops": 2,
                    "Hash Buckets": 131072,
                    "Original Hash Buckets": 131072,
                    "Hash Batches": 1,
                    "Original Hash Batches": 1,
                    "Peak Memory Usage": 3776,
                    "Plans": [
                      {
                        "Node Type": "Hash Join",
                        "Parent Relationship": "Outer",
                        "Parallel Aware": true,
                        "Join Type": "Inner",
                        "Startup Cost": 56278.44,
                        "Total Cost": 74462.23,
                        "Plan Rows": 73799,
                        "Plan Width": 8,
                        "Actual Startup Time": 192.804,
                        "Actual Total Time": 337.818,
                        "Actual Rows": 34736,
                        "Actual Loops": 2,
                        "Inner Unique": true,
                        "Hash Cond": "(mi_idx.movie_id = t.id)",
                        "Plans": [
                          {
                            "Node Type": "Seq Scan",
                            "Parent Relationship": "Outer",
                            "Parallel Aware": true,
                            "Relation Name": "movie_info_idx",
                            "Alias": "mi_idx",
                            "Startup Cost": 0.0,
                            "Total Cost": 16052.85,
                            "Plan Rows": 811785,
                            "Plan Width": 4,
                            "Actual Startup Time": 0.022,
                            "Actual Total Time": 59.038,
                            "Actual Rows": 690018,
                            "Actual Loops": 2
                          },
                          {
                            "Node Type": "Hash",
                            "Parent Relationship": "Inner",
                            "Parallel Aware": true,
                            "Startup Cost": 54588.39,
                            "Total Cost": 54588.39,
                            "Plan Rows": 135204,
                            "Plan Width": 4,
                            "Actual Startup Time": 190.402,
                            "Actual Total Time": 190.403,
                            "Actual Rows": 115824,
                            "Actual Loops": 2,
                            "Hash Buckets": 262144,
                            "Original Hash Buckets": 262144,
                            "Hash Batches": 1,
                            "Original Hash Batches": 1,
                            "Peak Memory Usage": 11136,
                            "Plans": [
                              {
                                "Node Type": "Seq Scan",
                                "Parent Relationship": "Outer",
                                "Parallel Aware": true,
                                "Relation Name": "title",
                                "Alias": "t",
                                "Startup Cost": 0.0,
                                "Total Cost": 54588.39,
                                "Plan Rows": 135204,
                                "Plan Width": 4,
                                "Actual Startup Time": 0.025,
                                "Actual Total Time": 158.301,
                                "Actual Rows": 115824,
                                "Actual Loops": 2,
                                "Filter": "(production_year > 2011)",
                                "Rows Removed by Filter": 1148332
                              }
                            ]
                          }
                        ]
                      }
                    ]
                  }
                ]
              }
            ]
          }
        ]
      }
    ]
  },
  "Planning Time": 1.04,
  "Triggers": [],
  "Execution Time": 533.727
}