[
    {
        "Bao": {
            "Bao prediction": "NaN",
            "Bao recommended hint": "(no hint)"
        }
    },
    {
        "Plan": {
            "Node Type": "Aggregate",
            "Strategy": "Plain",
            "Partial Mode": "Finalize",
            "Parallel Aware": false,
            "Startup Cost": 213954.4,
            "Total Cost": 213954.41,
            "Plan Rows": 1,
            "Plan Width": 8,
            "Actual Startup Time": 1670.148,
            "Actual Total Time": 1716.455,
            "Actual Rows": 1,
            "Actual Loops": 1,
            "Output": [
                "count(*)"
            ],
            "Plans": [
                {
                    "Node Type": "Gather",
                    "Parent Relationship": "Outer",
                    "Parallel Aware": false,
                    "Startup Cost": 213953.87,
                    "Total Cost": 213954.38,
                    "Plan Rows": 5,
                    "Plan Width": 8,
                    "Actual Startup Time": 1670.14,
                    "Actual Total Time": 1716.448,
                    "Actual Rows": 6,
                    "Actual Loops": 1,
                    "Output": [
                        "(PARTIAL count(*))"
                    ],
                    "Workers Planned": 5,
                    "Workers Launched": 5,
                    "Single Copy": false,
                    "Plans": [
                        {
                            "Node Type": "Aggregate",
                            "Strategy": "Plain",
                            "Partial Mode": "Partial",
                            "Parent Relationship": "Outer",
                            "Parallel Aware": false,
                            "Startup Cost": 212953.87,
                            "Total Cost": 212953.88,
                            "Plan Rows": 1,
                            "Plan Width": 8,
                            "Actual Startup Time": 1657.198,
                            "Actual Total Time": 1657.2,
                            "Actual Rows": 1,
                            "Actual Loops": 6,
                            "Output": [
                                "PARTIAL count(*)"
                            ],
                            "Workers": [
                                {
                                    "Worker Number": 0,
                                    "Actual Startup Time": 1653.883,
                                    "Actual Total Time": 1653.886,
                                    "Actual Rows": 1,
                                    "Actual Loops": 1
                                },
                                {
                                    "Worker Number": 1,
                                    "Actual Startup Time": 1654.484,
                                    "Actual Total Time": 1654.487,
                                    "Actual Rows": 1,
                                    "Actual Loops": 1
                                },
                                {
                                    "Worker Number": 2,
                                    "Actual Startup Time": 1654.863,
                                    "Actual Total Time": 1654.865,
                                    "Actual Rows": 1,
                                    "Actual Loops": 1
                                },
                                {
                                    "Worker Number": 3,
                                    "Actual Startup Time": 1655.225,
                                    "Actual Total Time": 1655.227,
                                    "Actual Rows": 1,
                                    "Actual Loops": 1
                                },
                                {
                                    "Worker Number": 4,
                                    "Actual Startup Time": 1654.93,
                                    "Actual Total Time": 1654.933,
                                    "Actual Rows": 1,
                                    "Actual Loops": 1
                                }
                            ],
                            "Plans": [
                                {
                                    "Node Type": "Nested Loop",
                                    "Parent Relationship": "Outer",
                                    "Parallel Aware": false,
                                    "Join Type": "Inner",
                                    "Startup Cost": 90712.25,
                                    "Total Cost": 212113.67,
                                    "Plan Rows": 336083,
                                    "Plan Width": 0,
                                    "Actual Startup Time": 332.813,
                                    "Actual Total Time": 1595.545,
                                    "Actual Rows": 1208150,
                                    "Actual Loops": 6,
                                    "Inner Unique": false,
                                    "Join Filter": "(t.id = ci.movie_id)",
                                    "Rows Removed by Join Filter": 0,
                                    "Workers": [
                                        {
                                            "Worker Number": 0,
                                            "Actual Startup Time": 309.912,
                                            "Actual Total Time": 1598.643,
                                            "Actual Rows": 1194242,
                                            "Actual Loops": 1
                                        },
                                        {
                                            "Worker Number": 1,
                                            "Actual Startup Time": 437.217,
                                            "Actual Total Time": 1594.248,
                                            "Actual Rows": 795812,
                                            "Actual Loops": 1
                                        },
                                        {
                                            "Worker Number": 2,
                                            "Actual Startup Time": 319.143,
                                            "Actual Total Time": 1592.805,
                                            "Actual Rows": 1260268,
                                            "Actual Loops": 1
                                        },
                                        {
                                            "Worker Number": 3,
                                            "Actual Startup Time": 318.845,
                                            "Actual Total Time": 1593.202,
                                            "Actual Rows": 1259783,
                                            "Actual Loops": 1
                                        },
                                        {
                                            "Worker Number": 4,
                                            "Actual Startup Time": 319.086,
                                            "Actual Total Time": 1593.625,
                                            "Actual Rows": 1233947,
                                            "Actual Loops": 1
                                        }
                                    ],
                                    "Plans": [
                                        {
                                            "Node Type": "Merge Join",
                                            "Parent Relationship": "Outer",
                                            "Parallel Aware": false,
                                            "Join Type": "Inner",
                                            "Startup Cost": 90711.68,
                                            "Total Cost": 135485.27,
                                            "Plan Rows": 26798,
                                            "Plan Width": 8,
                                            "Actual Startup Time": 332.679,
                                            "Actual Total Time": 499.469,
                                            "Actual Rows": 51364,
                                            "Actual Loops": 6,
                                            "Output": [
                                                "t.id",
                                                "mi_idx.movie_id"
                                            ],
                                            "Inner Unique": true,
                                            "Merge Cond": "(mi_idx.movie_id = t.id)",
                                            "Workers": [
                                                {
                                                    "Worker Number": 0,
                                                    "Actual Startup Time": 309.484,
                                                    "Actual Total Time": 471.696,
                                                    "Actual Rows": 51482,
                                                    "Actual Loops": 1
                                                },
                                                {
                                                    "Worker Number": 1,
                                                    "Actual Startup Time": 437.111,
                                                    "Actual Total Time": 591.173,
                                                    "Actual Rows": 32361,
                                                    "Actual Loops": 1
                                                },
                                                {
                                                    "Worker Number": 2,
                                                    "Actual Startup Time": 319.066,
                                                    "Actual Total Time": 483.61,
                                                    "Actual Rows": 52921,
                                                    "Actual Loops": 1
                                                },
                                                {
                                                    "Worker Number": 3,
                                                    "Actual Startup Time": 318.756,
                                                    "Actual Total Time": 484.889,
                                                    "Actual Rows": 53299,
                                                    "Actual Loops": 1
                                                },
                                                {
                                                    "Worker Number": 4,
                                                    "Actual Startup Time": 319.012,
                                                    "Actual Total Time": 483.232,
                                                    "Actual Rows": 52379,
                                                    "Actual Loops": 1
                                                }
                                            ],
                                            "Plans": [
                                                {
                                                    "Node Type": "Index Only Scan",
                                                    "Parent Relationship": "Outer",
                                                    "Parallel Aware": true,
                                                    "Scan Direction": "Forward",
                                                    "Index Name": "movie_id_movie_info_idx",
                                                    "Relation Name": "movie_info_idx",
                                                    "Schema": "public",
                                                    "Alias": "mi_idx",
                                                    "Startup Cost": 0.43,
                                                    "Total Cost": 42590.53,
                                                    "Plan Rows": 276007,
                                                    "Plan Width": 4,
                                                    "Actual Startup Time": 0.13,
                                                    "Actual Total Time": 57.899,
                                                    "Actual Rows": 230006,
                                                    "Actual Loops": 6,
                                                    "Output": [
                                                        "mi_idx.movie_id"
                                                    ],
                                                    "Heap Fetches": 1380035,
                                                    "Workers": [
                                                        {
                                                            "Worker Number": 0,
                                                            "Actual Startup Time": 0.187,
                                                            "Actual Total Time": 61.369,
                                                            "Actual Rows": 236525,
                                                            "Actual Loops": 1
                                                        },
                                                        {
                                                            "Worker Number": 1,
                                                            "Actual Startup Time": 0.134,
                                                            "Actual Total Time": 36.467,
                                                            "Actual Rows": 94754,
                                                            "Actual Loops": 1
                                                        },
                                                        {
                                                            "Worker Number": 2,
                                                            "Actual Startup Time": 0.13,
                                                            "Actual Total Time": 58.131,
                                                            "Actual Rows": 224252,
                                                            "Actual Loops": 1
                                                        },
                                                        {
                                                            "Worker Number": 3,
                                                            "Actual Startup Time": 0.139,
                                                            "Actual Total Time": 58.751,
                                                            "Actual Rows": 228433,
                                                            "Actual Loops": 1
                                                        },
                                                        {
                                                            "Worker Number": 4,
                                                            "Actual Startup Time": 0.172,
                                                            "Actual Total Time": 57.532,
                                                            "Actual Rows": 220129,
                                                            "Actual Loops": 1
                                                        }
                                                    ]
                                                },
                                                {
                                                    "Node Type": "Sort",
                                                    "Parent Relationship": "Inner",
                                                    "Parallel Aware": false,
                                                    "Startup Cost": 90710.63,
                                                    "Total Cost": 91324.31,
                                                    "Plan Rows": 245475,
                                                    "Plan Width": 4,
                                                    "Actual Startup Time": 332.442,
                                                    "Actual Total Time": 393.984,
                                                    "Actual Rows": 356730,
                                                    "Actual Loops": 6,
                                                    "Output": [
                                                        "t.id"
                                                    ],
                                                    "Sort Key": [
                                                        "t.id"
                                                    ],
                                                    "Sort Method": "quicksort",
                                                    "Sort Space Used": 29046,
                                                    "Sort Space Type": "Memory",
                                                    "Workers": [
                                                        {
                                                            "Worker Number": 0,
                                                            "Actual Startup Time": 309.262,
                                                            "Actual Total Time": 366.982,
                                                            "Actual Rows": 356654,
                                                            "Actual Loops": 1
                                                        },
                                                        {
                                                            "Worker Number": 1,
                                                            "Actual Startup Time": 436.943,
                                                            "Actual Total Time": 504.172,
                                                            "Actual Rows": 356799,
                                                            "Actual Loops": 1
                                                        },
                                                        {
                                                            "Worker Number": 2,
                                                            "Actual Startup Time": 318.456,
                                                            "Actual Total Time": 379.511,
                                                            "Actual Rows": 357003,
                                                            "Actual Loops": 1
                                                        },
                                                        {
                                                            "Worker Number": 3,
                                                            "Actual Startup Time": 318.579,
                                                            "Actual Total Time": 379.887,
                                                            "Actual Rows": 356394,
                                                            "Actual Loops": 1
                                                        },
                                                        {
                                                            "Worker Number": 4,
                                                            "Actual Startup Time": 318.813,
                                                            "Actual Total Time": 380.012,
                                                            "Actual Rows": 356540,
                                                            "Actual Loops": 1
                                                        }
                                                    ],
                                                    "Plans": [
                                                        {
                                                            "Node Type": "Bitmap Heap Scan",
                                                            "Parent Relationship": "Outer",
                                                            "Parallel Aware": false,
                                                            "Relation Name": "title",
                                                            "Schema": "public",
                                                            "Alias": "t",
                                                            "Startup Cost": 17803.94,
                                                            "Total Cost": 68734.21,
                                                            "Plan Rows": 245475,
                                                            "Plan Width": 4,
                                                            "Actual Startup Time": 69.881,
                                                            "Actual Total Time": 230.94,
                                                            "Actual Rows": 357497,
                                                            "Actual Loops": 6,
                                                            "Output": [
                                                                "t.id"
                                                            ],
                                                            "Recheck Cond": "(t.kind_id < 7)",
                                                            "Rows Removed by Index Recheck": 0,
                                                            "Filter": "(t.production_year < 1987)",
                                                            "Rows Removed by Filter": 627551,
                                                            "Exact Heap Blocks": 35472,
                                                            "Lossy Heap Blocks": 0,
                                                            "Workers": [
                                                                {
                                                                    "Worker Number": 0,
                                                                    "Actual Startup Time": 68.755,
                                                                    "Actual Total Time": 221.069,
                                                                    "Actual Rows": 357497,
                                                                    "Actual Loops": 1
                                                                },
                                                                {
                                                                    "Worker Number": 1,
                                                                    "Actual Startup Time": 82.185,
                                                                    "Actual Total Time": 298.225,
                                                                    "Actual Rows": 357497,
                                                                    "Actual Loops": 1
                                                                },
                                                                {
                                                                    "Worker Number": 2,
                                                                    "Actual Startup Time": 71.895,
                                                                    "Actual Total Time": 223.159,
                                                                    "Actual Rows": 357497,
                                                                    "Actual Loops": 1
                                                                },
                                                                {
                                                                    "Worker Number": 3,
                                                                    "Actual Startup Time": 72.099,
                                                                    "Actual Total Time": 223.581,
                                                                    "Actual Rows": 357497,
                                                                    "Actual Loops": 1
                                                                },
                                                                {
                                                                    "Worker Number": 4,
                                                                    "Actual Startup Time": 72.373,
                                                                    "Actual Total Time": 224.594,
                                                                    "Actual Rows": 357497,
                                                                    "Actual Loops": 1
                                                                }
                                                            ],
                                                            "Plans": [
                                                                {
                                                                    "Node Type": "Bitmap Index Scan",
                                                                    "Parent Relationship": "Outer",
                                                                    "Parallel Aware": false,
                                                                    "Index Name": "kind_id_title",
                                                                    "Startup Cost": 0.0,
                                                                    "Total Cost": 17742.57,
                                                                    "Plan Rows": 995485,
                                                                    "Plan Width": 0,
                                                                    "Actual Startup Time": 64.259,
                                                                    "Actual Total Time": 64.259,
                                                                    "Actual Rows": 985048,
                                                                    "Actual Loops": 6,
                                                                    "Index Cond": "(t.kind_id < 7)",
                                                                    "Workers": [
                                                                        {
                                                                            "Worker Number": 0,
                                                                            "Actual Startup Time": 63.887,
                                                                            "Actual Total Time": 63.887,
                                                                            "Actual Rows": 985048,
                                                                            "Actual Loops": 1
                                                                        },
                                                                        {
                                                                            "Worker Number": 1,
                                                                            "Actual Startup Time": 74.266,
                                                                            "Actual Total Time": 74.266,
                                                                            "Actual Rows": 985048,
                                                                            "Actual Loops": 1
                                                                        },
                                                                        {
                                                                            "Worker Number": 2,
                                                                            "Actual Startup Time": 66.662,
                                                                            "Actual Total Time": 66.662,
                                                                            "Actual Rows": 985048,
                                                                            "Actual Loops": 1
                                                                        },
                                                                        {
                                                                            "Worker Number": 3,
                                                                            "Actual Startup Time": 66.905,
                                                                            "Actual Total Time": 66.905,
                                                                            "Actual Rows": 985048,
                                                                            "Actual Loops": 1
                                                                        },
                                                                        {
                                                                            "Worker Number": 4,
                                                                            "Actual Startup Time": 67.076,
                                                                            "Actual Total Time": 67.076,
                                                                            "Actual Rows": 985048,
                                                                            "Actual Loops": 1
                                                                        }
                                                                    ]
                                                                }
                                                            ]
                                                        }
                                                    ]
                                                }
                                            ]
                                        },
                                        {
                                            "Node Type": "Index Scan",
                                            "Parent Relationship": "Inner",
                                            "Parallel Aware": false,
                                            "Scan Direction": "Forward",
                                            "Index Name": "movie_id_cast_info",
                                            "Relation Name": "cast_info",
                                            "Schema": "public",
                                            "Alias": "ci",
                                            "Startup Cost": 0.56,
                                            "Total Cost": 2.43,
                                            "Plan Rows": 34,
                                            "Plan Width": 4,
                                            "Actual Startup Time": 0.004,
                                            "Actual Total Time": 0.019,
                                            "Actual Rows": 24,
                                            "Actual Loops": 308181,
                                            "Output": [
                                                "ci.id",
                                                "ci.person_id",
                                                "ci.movie_id",
                                                "ci.person_role_id",
                                                "ci.note",
                                                "ci.nr_order",
                                                "ci.role_id"
                                            ],
                                            "Index Cond": "(ci.movie_id = mi_idx.movie_id)",
                                            "Rows Removed by Index Recheck": 0,
                                            "Filter": "(ci.role_id < 10)",
                                            "Rows Removed by Filter": 2,
                                            "Workers": [
                                                {
                                                    "Worker Number": 0,
                                                    "Actual Startup Time": 0.004,
                                                    "Actual Total Time": 0.02,
                                                    "Actual Rows": 23,
                                                    "Actual Loops": 51482
                                                },
                                                {
                                                    "Worker Number": 1,
                                                    "Actual Startup Time": 0.005,
                                                    "Actual Total Time": 0.027,
                                                    "Actual Rows": 25,
                                                    "Actual Loops": 32361
                                                },
                                                {
                                                    "Worker Number": 2,
                                                    "Actual Startup Time": 0.004,
                                                    "Actual Total Time": 0.019,
                                                    "Actual Rows": 24,
                                                    "Actual Loops": 52921
                                                },
                                                {
                                                    "Worker Number": 3,
                                                    "Actual Startup Time": 0.004,
                                                    "Actual Total Time": 0.018,
                                                    "Actual Rows": 24,
                                                    "Actual Loops": 53299
                                                },
                                                {
                                                    "Worker Number": 4,
                                                    "Actual Startup Time": 0.004,
                                                    "Actual Total Time": 0.019,
                                                    "Actual Rows": 24,
                                                    "Actual Loops": 52379
                                                }
                                            ]
                                        }
                                    ]
                                }
                            ]
                        }
                    ]
                }
            ]
        },
        "Planning Time": 220.269,
        "Triggers": [],
        "Execution Time": 1720.554
    }
]