[
  {
    "Plan": {
      "Node Type": "Aggregate",
      "Strategy": "Plain",
      "Partial Mode": "Finalize",
      "Parallel Aware": false,
      "Startup Cost": 184022.19,
      "Total Cost": 184022.2,
      "Plan Rows": 1,
      "Plan Width": 8,
      "Actual Startup Time": 153.105,
      "Actual Total Time": 164.422,
      "Actual Rows": 1,
      "Actual Loops": 1,
      "Plans": [
        {
          "Node Type": "Gather",
          "Parent Relationship": "Outer",
          "Parallel Aware": false,
          "Startup Cost": 184021.67,
          "Total Cost": 184022.18,
          "Plan Rows": 5,
          "Plan Width": 8,
          "Actual Startup Time": 151.856,
          "Actual Total Time": 164.36,
          "Actual Rows": 6,
          "Actual Loops": 1,
          "Workers Planned": 5,
          "Workers Launched": 5,
          "Single Copy": false,
          "Plans": [
            {
              "Node Type": "Aggregate",
              "Strategy": "Plain",
              "Partial Mode": "Partial",
              "Parent Relationship": "Outer",
              "Parallel Aware": false,
              "Startup Cost": 183021.67,
              "Total Cost": 183021.68,
              "Plan Rows": 1,
              "Plan Width": 8,
              "Actual Startup Time": 144.757,
              "Actual Total Time": 144.761,
              "Actual Rows": 1,
              "Actual Loops": 6,
              "Plans": [
                {
                  "Node Type": "Bitmap Heap Scan",
                  "Parent Relationship": "Outer",
                  "Parallel Aware": true,
                  "Relation Name": "movie_info",
                  "Alias": "mi",
                  "Startup Cost": 18034.74,
                  "Total Cost": 182522.68,
                  "Plan Rows": 199595,
                  "Plan Width": 0,
                  "Actual Startup Time": 56.249,
                  "Actual Total Time": 133.993,
                  "Actual Rows": 166210,
                  "Actual Loops": 6,
                  "Recheck Cond": "(info_type_id > 89)",
                  "Rows Removed by Index Recheck": 0,
                  "Exact Heap Blocks": 10169,
                  "Lossy Heap Blocks": 0,
                  "Plans": [
                    {
                      "Node Type": "Bitmap Index Scan",
                      "Parent Relationship": "Outer",
                      "Parallel Aware": false,
                      "Index Name": "info_type_id_movie_info",
                      "Startup Cost": 0.0,
                      "Total Cost": 17785.25,
                      "Plan Rows": 997975,
                      "Plan Width": 0,
                      "Actual Startup Time": 57.054,
                      "Actual Total Time": 57.054,
                      "Actual Rows": 997262,
                      "Actual Loops": 1,
                      "Index Cond": "(info_type_id > 89)"
                    }
                  ]
                }
              ]
            }
          ]
        }
      ]
    },
    "Planning Time": 0.193,
    "Triggers": [],
    "Execution Time": 164.511
  }
]