[
  {
    "Plan": {
      "Node Type": "Aggregate",
      "Strategy": "Plain",
      "Partial Mode": "Finalize",
      "Parallel Aware": false,
      "Startup Cost": 185198.78,
      "Total Cost": 185198.79,
      "Plan Rows": 1,
      "Plan Width": 8,
      "Actual Startup Time": 160.686,
      "Actual Total Time": 172.162,
      "Actual Rows": 1,
      "Actual Loops": 1,
      "Plans": [
        {
          "Node Type": "Gather",
          "Parent Relationship": "Outer",
          "Parallel Aware": false,
          "Startup Cost": 185198.25,
          "Total Cost": 185198.76,
          "Plan Rows": 5,
          "Plan Width": 8,
          "Actual Startup Time": 160.353,
          "Actual Total Time": 172.153,
          "Actual Rows": 6,
          "Actual Loops": 1,
          "Workers Planned": 5,
          "Workers Launched": 5,
          "Single Copy": false,
          "Plans": [
            {
              "Node Type": "Aggregate",
              "Strategy": "Plain",
              "Partial Mode": "Partial",
              "Parent Relationship": "Outer",
              "Parallel Aware": false,
              "Startup Cost": 184198.25,
              "Total Cost": 184198.26,
              "Plan Rows": 1,
              "Plan Width": 8,
              "Actual Startup Time": 151.352,
              "Actual Total Time": 151.353,
              "Actual Rows": 1,
              "Actual Loops": 6,
              "Plans": [
                {
                  "Node Type": "Bitmap Heap Scan",
                  "Parent Relationship": "Outer",
                  "Parallel Aware": true,
                  "Relation Name": "movie_info",
                  "Alias": "mi",
                  "Startup Cost": 19050.42,
                  "Total Cost": 183672.45,
                  "Plan Rows": 210322,
                  "Plan Width": 0,
                  "Actual Startup Time": 61.515,
                  "Actual Total Time": 140.425,
                  "Actual Rows": 166210,
                  "Actual Loops": 6,
                  "Recheck Cond": "(info_type_id > 89)",
                  "Rows Removed by Index Recheck": 0,
                  "Exact Heap Blocks": 10615,
                  "Lossy Heap Blocks": 0,
                  "Plans": [
                    {
                      "Node Type": "Bitmap Index Scan",
                      "Parent Relationship": "Outer",
                      "Parallel Aware": false,
                      "Index Name": "info_type_id_movie_info",
                      "Startup Cost": 0.0,
                      "Total Cost": 18787.52,
                      "Plan Rows": 1051611,
                      "Plan Width": 0,
                      "Actual Startup Time": 63.821,
                      "Actual Total Time": 63.822,
                      "Actual Rows": 997262,
                      "Actual Loops": 1,
                      "Index Cond": "(info_type_id > 89)"
                    }
                  ]
                }
              ]
            }
          ]
        }
      ]
    },
    "Planning Time": 0.207,
    "Triggers": [],
    "Execution Time": 172.239
  }
]