{
  "Plan": {
    "Node Type": "Aggregate",
    "Strategy": "Plain",
    "Partial Mode": "Finalize",
    "Parallel Aware": false,
    "Startup Cost": 291846.25,
    "Total Cost": 291846.26,
    "Plan Rows": 1,
    "Plan Width": 8,
    "Actual Startup Time": 766.139,
    "Actual Total Time": 787.486,
    "Actual Rows": 1,
    "Actual Loops": 1,
    "Plans": [
      {
        "Node Type": "Gather",
        "Parent Relationship": "Outer",
        "Parallel Aware": false,
        "Startup Cost": 291846.14,
        "Total Cost": 291846.25,
        "Plan Rows": 1,
        "Plan Width": 8,
        "Actual Startup Time": 764.104,
        "Actual Total Time": 787.477,
        "Actual Rows": 2,
        "Actual Loops": 1,
        "Workers Planned": 1,
        "Workers Launched": 1,
        "Single Copy": false,
        "Plans": [
          {
            "Node Type": "Aggregate",
            "Strategy": "Plain",
            "Partial Mode": "Partial",
            "Parent Relationship": "Outer",
            "Parallel Aware": false,
            "Startup Cost": 290846.14,
            "Total Cost": 290846.15,
            "Plan Rows": 1,
            "Plan Width": 8,
            "Actual Startup Time": 757.692,
            "Actual Total Time": 757.848,
            "Actual Rows": 1,
            "Actual Loops": 2,
            "Plans": [
              {
                "Node Type": "Hash Join",
                "Parent Relationship": "Outer",
                "Parallel Aware": true,
                "Join Type": "Inner",
                "Startup Cost": 118046.63,
                "Total Cost": 290709.67,
                "Plan Rows": 54589,
                "Plan Width": 0,
                "Actual Startup Time": 483.447,
                "Actual Total Time": 719.88,
                "Actual Rows": 779722,
                "Actual Loops": 2,
                "Inner Unique": false,
                "Hash Cond": "(mi.movie_id = t.id)",
                "Plans": [
                  {
                    "Node Type": "Bitmap Heap Scan",
                    "Parent Relationship": "Outer",
                    "Parallel Aware": true,
                    "Relation Name": "movie_info",
                    "Alias": "mi",
                    "Startup Cost": 19615.03,
                    "Total Cost": 189568.74,
                    "Plan Rows": 636857,
                    "Plan Width": 4,
                    "Actual Startup Time": 45.59,
                    "Actual Total Time": 144.887,
                    "Actual Rows": 513108,
                    "Actual Loops": 2,
                    "Recheck Cond": "(info_type_id > 84)",
                    "Rows Removed by Index Recheck": 0,
                    "Exact Heap Blocks": 23751,
                    "Lossy Heap Blocks": 0,
                    "Plans": [
                      {
                        "Node Type": "Bitmap Index Scan",
                        "Parent Relationship": "Outer",
                        "Parallel Aware": false,
                        "Index Name": "info_type_id_movie_info",
                        "Startup Cost": 0.0,
                        "Total Cost": 19344.36,
                        "Plan Rows": 1082657,
                        "Plan Width": 0,
                        "Actual Startup Time": 40.152,
                        "Actual Total Time": 40.152,
                        "Actual Rows": 1026216,
                        "Actual Loops": 1,
                        "Index Cond": "(info_type_id > 84)"
                      }
                    ]
                  },
                  {
                    "Node Type": "Hash",
                    "Parent Relationship": "Inner",
                    "Parallel Aware": true,
                    "Startup Cost": 96838.09,
                    "Total Cost": 96838.09,
                    "Plan Rows": 127481,
                    "Plan Width": 8,
                    "Actual Startup Time": 425.726,
                    "Actual Total Time": 425.879,
                    "Actual Rows": 148459,
                    "Actual Loops": 2,
                    "Hash Buckets": 524288,
                    "Original Hash Buckets": 262144,
                    "Hash Batches": 1,
                    "Original Hash Batches": 1,
                    "Peak Memory Usage": 17792,
                    "Plans": [
                      {
                        "Node Type": "Hash Join",
                        "Parent Relationship": "Outer",
                        "Parallel Aware": true,
                        "Join Type": "Inner",
                        "Startup Cost": 56817.76,
                        "Total Cost": 96838.09,
                        "Plan Rows": 127481,
                        "Plan Width": 8,
                        "Actual Startup Time": 260.392,
                        "Actual Total Time": 387.406,
                        "Actual Rows": 148459,
                        "Actual Loops": 2,
                        "Inner Unique": true,
                        "Hash Cond": "(mc.movie_id = t.id)",
                        "Plans": [
                          {
                            "Node Type": "Seq Scan",
                            "Parent Relationship": "Outer",
                            "Parallel Aware": true,
                            "Relation Name": "movie_companies",
                            "Alias": "mc",
                            "Startup Cost": 0.0,
                            "Total Cost": 37974.77,
                            "Plan Rows": 779260,
                            "Plan Width": 4,
                            "Actual Startup Time": 53.274,
                            "Actual Total Time": 132.695,
                            "Actual Rows": 667442,
                            "Actual Loops": 2,
                            "Filter": "(company_type_id = 2)",
                            "Rows Removed by Filter": 637123
                          },
                          {
                            "Node Type": "Hash",
                            "Parent Relationship": "Inner",
                            "Parallel Aware": true,
                            "Startup Cost": 53776.51,
                            "Total Cost": 53776.51,
                            "Plan Rows": 243300,
                            "Plan Width": 4,
                            "Actual Startup Time": 140.358,
                            "Actual Total Time": 140.36,
                            "Actual Rows": 151618,
                            "Actual Loops": 2,
                            "Hash Buckets": 524288,
                            "Original Hash Buckets": 524288,
                            "Hash Batches": 1,
                            "Original Hash Batches": 1,
                            "Peak Memory Usage": 15968,
                            "Plans": [
                              {
                                "Node Type": "Bitmap Heap Scan",
                                "Parent Relationship": "Outer",
                                "Parallel Aware": true,
                                "Relation Name": "title",
                                "Alias": "t",
                                "Startup Cost": 11926.25,
                                "Total Cost": 53776.51,
                                "Plan Rows": 243300,
                                "Plan Width": 4,
                                "Actual Startup Time": 33.684,
                                "Actual Total Time": 105.49,
                                "Actual Rows": 151618,
                                "Actual Loops": 2,
                                "Recheck Cond": "(kind_id = 1)",
                                "Rows Removed by Index Recheck": 0,
                                "Filter": "(production_year > 1996)",
                                "Rows Removed by Filter": 179794,
                                "Exact Heap Blocks": 9227,
                                "Lossy Heap Blocks": 0,
                                "Plans": [
                                  {
                                    "Node Type": "Bitmap Index Scan",
                                    "Parent Relationship": "Outer",
                                    "Parallel Aware": false,
                                    "Index Name": "kind_id_title",
                                    "Startup Cost": 0.0,
                                    "Total Cost": 11822.85,
                                    "Plan Rows": 663256,
                                    "Plan Width": 0,
                                    "Actual Startup Time": 31.836,
                                    "Actual Total Time": 31.836,
                                    "Actual Rows": 662825,
                                    "Actual Loops": 1,
                                    "Index Cond": "(kind_id = 1)"
                                  }
                                ]
                              }
                            ]
                          }
                        ]
                      }
                    ]
                  }
                ]
              }
            ]
          }
        ]
      }
    ]
  },
  "Planning Time": 1.067,
  "Triggers": [],
  "Execution Time": 787.607
}