[
    {
        "Bao": {
            "Bao prediction": "NaN",
            "Bao recommended hint": "(no hint)"
        }
    },
    {
        "Plan": {
            "Node Type": "Aggregate",
            "Strategy": "Plain",
            "Partial Mode": "Finalize",
            "Parallel Aware": false,
            "Startup Cost": 352691.8,
            "Total Cost": 352691.81,
            "Plan Rows": 1,
            "Plan Width": 8,
            "Actual Startup Time": 349.302,
            "Actual Total Time": 387.282,
            "Actual Rows": 1,
            "Actual Loops": 1,
            "Output": [
                "count(*)"
            ],
            "Plans": [
                {
                    "Node Type": "Gather",
                    "Parent Relationship": "Outer",
                    "Parallel Aware": false,
                    "Startup Cost": 352691.38,
                    "Total Cost": 352691.79,
                    "Plan Rows": 4,
                    "Plan Width": 8,
                    "Actual Startup Time": 349.174,
                    "Actual Total Time": 387.273,
                    "Actual Rows": 5,
                    "Actual Loops": 1,
                    "Output": [
                        "(PARTIAL count(*))"
                    ],
                    "Workers Planned": 4,
                    "Workers Launched": 4,
                    "Single Copy": false,
                    "Plans": [
                        {
                            "Node Type": "Aggregate",
                            "Strategy": "Plain",
                            "Partial Mode": "Partial",
                            "Parent Relationship": "Outer",
                            "Parallel Aware": false,
                            "Startup Cost": 351691.38,
                            "Total Cost": 351691.39,
                            "Plan Rows": 1,
                            "Plan Width": 8,
                            "Actual Startup Time": 340.068,
                            "Actual Total Time": 340.07,
                            "Actual Rows": 1,
                            "Actual Loops": 5,
                            "Output": [
                                "PARTIAL count(*)"
                            ],
                            "Workers": [
                                {
                                    "Worker Number": 0,
                                    "Actual Startup Time": 337.461,
                                    "Actual Total Time": 337.463,
                                    "Actual Rows": 1,
                                    "Actual Loops": 1
                                },
                                {
                                    "Worker Number": 1,
                                    "Actual Startup Time": 337.628,
                                    "Actual Total Time": 337.629,
                                    "Actual Rows": 1,
                                    "Actual Loops": 1
                                },
                                {
                                    "Worker Number": 2,
                                    "Actual Startup Time": 338.095,
                                    "Actual Total Time": 338.096,
                                    "Actual Rows": 1,
                                    "Actual Loops": 1
                                },
                                {
                                    "Worker Number": 3,
                                    "Actual Startup Time": 338.31,
                                    "Actual Total Time": 338.311,
                                    "Actual Rows": 1,
                                    "Actual Loops": 1
                                }
                            ],
                            "Plans": [
                                {
                                    "Node Type": "Nested Loop",
                                    "Parent Relationship": "Outer",
                                    "Parallel Aware": false,
                                    "Join Type": "Inner",
                                    "Startup Cost": 0.56,
                                    "Total Cost": 351314.35,
                                    "Plan Rows": 150814,
                                    "Plan Width": 0,
                                    "Actual Startup Time": 48.719,
                                    "Actual Total Time": 332.353,
                                    "Actual Rows": 122491,
                                    "Actual Loops": 5,
                                    "Inner Unique": false,
                                    "Workers": [
                                        {
                                            "Worker Number": 0,
                                            "Actual Startup Time": 49.366,
                                            "Actual Total Time": 329.871,
                                            "Actual Rows": 105403,
                                            "Actual Loops": 1
                                        },
                                        {
                                            "Worker Number": 1,
                                            "Actual Startup Time": 44.958,
                                            "Actual Total Time": 330.079,
                                            "Actual Rows": 104394,
                                            "Actual Loops": 1
                                        },
                                        {
                                            "Worker Number": 2,
                                            "Actual Startup Time": 47.044,
                                            "Actual Total Time": 330.843,
                                            "Actual Rows": 97445,
                                            "Actual Loops": 1
                                        },
                                        {
                                            "Worker Number": 3,
                                            "Actual Startup Time": 46.035,
                                            "Actual Total Time": 331.043,
                                            "Actual Rows": 98215,
                                            "Actual Loops": 1
                                        }
                                    ],
                                    "Plans": [
                                        {
                                            "Node Type": "Seq Scan",
                                            "Parent Relationship": "Outer",
                                            "Parallel Aware": true,
                                            "Relation Name": "title",
                                            "Schema": "public",
                                            "Alias": "t",
                                            "Startup Cost": 0.0,
                                            "Total Cost": 45479.21,
                                            "Plan Rows": 10518,
                                            "Plan Width": 4,
                                            "Actual Startup Time": 48.63,
                                            "Actual Total Time": 73.419,
                                            "Actual Rows": 7482,
                                            "Actual Loops": 5,
                                            "Output": [
                                                "t.id",
                                                "t.title",
                                                "t.imdb_index",
                                                "t.kind_id",
                                                "t.production_year",
                                                "t.imdb_id",
                                                "t.phonetic_code",
                                                "t.episode_of_id",
                                                "t.season_nr",
                                                "t.episode_nr",
                                                "t.series_years",
                                                "t.md5sum"
                                            ],
                                            "Filter": "((t.kind_id = 1) AND (t.production_year = 2011))",
                                            "Rows Removed by Filter": 498180,
                                            "Workers": [
                                                {
                                                    "Worker Number": 0,
                                                    "Actual Startup Time": 49.271,
                                                    "Actual Total Time": 69.856,
                                                    "Actual Rows": 6349,
                                                    "Actual Loops": 1
                                                },
                                                {
                                                    "Worker Number": 1,
                                                    "Actual Startup Time": 44.846,
                                                    "Actual Total Time": 69.751,
                                                    "Actual Rows": 6599,
                                                    "Actual Loops": 1
                                                },
                                                {
                                                    "Worker Number": 2,
                                                    "Actual Startup Time": 46.952,
                                                    "Actual Total Time": 69.66,
                                                    "Actual Rows": 6032,
                                                    "Actual Loops": 1
                                                },
                                                {
                                                    "Worker Number": 3,
                                                    "Actual Startup Time": 45.921,
                                                    "Actual Total Time": 69.371,
                                                    "Actual Rows": 5931,
                                                    "Actual Loops": 1
                                                }
                                            ]
                                        },
                                        {
                                            "Node Type": "Index Only Scan",
                                            "Parent Relationship": "Inner",
                                            "Parallel Aware": false,
                                            "Scan Direction": "Forward",
                                            "Index Name": "movie_id_cast_info",
                                            "Relation Name": "cast_info",
                                            "Schema": "public",
                                            "Alias": "ci",
                                            "Startup Cost": 0.56,
                                            "Total Cost": 28.7,
                                            "Plan Rows": 38,
                                            "Plan Width": 4,
                                            "Actual Startup Time": 0.009,
                                            "Actual Total Time": 0.033,
                                            "Actual Rows": 16,
                                            "Actual Loops": 37411,
                                            "Output": [
                                                "ci.movie_id"
                                            ],
                                            "Index Cond": "(ci.movie_id = t.id)",
                                            "Rows Removed by Index Recheck": 0,
                                            "Heap Fetches": 612453,
                                            "Workers": [
                                                {
                                                    "Worker Number": 0,
                                                    "Actual Startup Time": 0.011,
                                                    "Actual Total Time": 0.039,
                                                    "Actual Rows": 17,
                                                    "Actual Loops": 6349
                                                },
                                                {
                                                    "Worker Number": 1,
                                                    "Actual Startup Time": 0.011,
                                                    "Actual Total Time": 0.038,
                                                    "Actual Rows": 16,
                                                    "Actual Loops": 6599
                                                },
                                                {
                                                    "Worker Number": 2,
                                                    "Actual Startup Time": 0.012,
                                                    "Actual Total Time": 0.041,
                                                    "Actual Rows": 16,
                                                    "Actual Loops": 6032
                                                },
                                                {
                                                    "Worker Number": 3,
                                                    "Actual Startup Time": 0.012,
                                                    "Actual Total Time": 0.042,
                                                    "Actual Rows": 17,
                                                    "Actual Loops": 5931
                                                }
                                            ]
                                        }
                                    ]
                                }
                            ]
                        }
                    ]
                }
            ]
        },
        "Planning Time": 202.872,
        "Triggers": [],
        "Execution Time": 387.353
    }
]