[
  {
    "Plan": {
      "Node Type": "Aggregate",
      "Strategy": "Plain",
      "Partial Mode": "Finalize",
      "Parallel Aware": false,
      "Startup Cost": 98020.16,
      "Total Cost": 98020.17,
      "Plan Rows": 1,
      "Plan Width": 8,
      "Actual Startup Time": 798.109,
      "Actual Total Time": 814.065,
      "Actual Rows": 1,
      "Actual Loops": 1,
      "Plans": [
        {
          "Node Type": "Gather",
          "Parent Relationship": "Outer",
          "Parallel Aware": false,
          "Startup Cost": 98019.95,
          "Total Cost": 98020.16,
          "Plan Rows": 2,
          "Plan Width": 8,
          "Actual Startup Time": 793.089,
          "Actual Total Time": 814.056,
          "Actual Rows": 3,
          "Actual Loops": 1,
          "Workers Planned": 2,
          "Workers Launched": 2,
          "Single Copy": false,
          "Plans": [
            {
              "Node Type": "Aggregate",
              "Strategy": "Plain",
              "Partial Mode": "Partial",
              "Parent Relationship": "Outer",
              "Parallel Aware": false,
              "Startup Cost": 97019.95,
              "Total Cost": 97019.96,
              "Plan Rows": 1,
              "Plan Width": 8,
              "Actual Startup Time": 785.649,
              "Actual Total Time": 786.483,
              "Actual Rows": 1,
              "Actual Loops": 3,
              "Plans": [
                {
                  "Node Type": "Hash Join",
                  "Parent Relationship": "Outer",
                  "Parallel Aware": true,
                  "Join Type": "Inner",
                  "Startup Cost": 80643.14,
                  "Total Cost": 96752.27,
                  "Plan Rows": 107072,
                  "Plan Width": 0,
                  "Actual Startup Time": 635.035,
                  "Actual Total Time": 771.958,
                  "Actual Rows": 363735,
                  "Actual Loops": 3,
                  "Inner Unique": false,
                  "Hash Cond": "(mi_idx.movie_id = t.id)",
                  "Plans": [
                    {
                      "Node Type": "Seq Scan",
                      "Parent Relationship": "Outer",
                      "Parallel Aware": true,
                      "Relation Name": "movie_info_idx",
                      "Alias": "mi_idx",
                      "Startup Cost": 0.0,
                      "Total Cost": 13685.15,
                      "Plan Rows": 575015,
                      "Plan Width": 4,
                      "Actual Startup Time": 0.021,
                      "Actual Total Time": 36.044,
                      "Actual Rows": 460012,
                      "Actual Loops": 3
                    },
                    {
                      "Node Type": "Hash",
                      "Parent Relationship": "Inner",
                      "Parallel Aware": true,
                      "Startup Cost": 79171.92,
                      "Total Cost": 79171.92,
                      "Plan Rows": 117697,
                      "Plan Width": 8,
                      "Actual Startup Time": 630.18,
                      "Actual Total Time": 631.012,
                      "Actual Rows": 265148,
                      "Actual Loops": 3,
                      "Hash Buckets": 1048576,
                      "Original Hash Buckets": 524288,
                      "Hash Batches": 1,
                      "Original Hash Batches": 1,
                      "Peak Memory Usage": 43456,
                      "Plans": [
                        {
                          "Node Type": "Hash Join",
                          "Parent Relationship": "Outer",
                          "Parallel Aware": true,
                          "Join Type": "Inner",
                          "Startup Cost": 33313.16,
                          "Total Cost": 79171.92,
                          "Plan Rows": 117697,
                          "Plan Width": 8,
                          "Actual Startup Time": 188.261,
                          "Actual Total Time": 540.008,
                          "Actual Rows": 265148,
                          "Actual Loops": 3,
                          "Inner Unique": false,
                          "Hash Cond": "(t.id = mc.movie_id)",
                          "Plans": [
                            {
                              "Node Type": "Seq Scan",
                              "Parent Relationship": "Outer",
                              "Parallel Aware": true,
                              "Relation Name": "title",
                              "Alias": "t",
                              "Startup Cost": 0.0,
                              "Total Cost": 42318.73,
                              "Plan Rows": 632073,
                              "Plan Width": 4,
                              "Actual Startup Time": 0.009,
                              "Actual Total Time": 92.669,
                              "Actual Rows": 842771,
                              "Actual Loops": 3
                            },
                            {
                              "Node Type": "Hash",
                              "Parent Relationship": "Inner",
                              "Parallel Aware": true,
                              "Startup Cost": 31414.82,
                              "Total Cost": 31414.82,
                              "Plan Rows": 151867,
                              "Plan Width": 4,
                              "Actual Startup Time": 185.916,
                              "Actual Total Time": 185.917,
                              "Actual Rows": 265148,
                              "Actual Loops": 3,
                              "Hash Buckets": 1048576,
                              "Original Hash Buckets": 524288,
                              "Hash Batches": 1,
                              "Original Hash Batches": 1,
                              "Peak Memory Usage": 43424,
                              "Plans": [
                                {
                                  "Node Type": "Seq Scan",
                                  "Parent Relationship": "Outer",
                                  "Parallel Aware": true,
                                  "Relation Name": "movie_companies",
                                  "Alias": "mc",
                                  "Startup Cost": 0.0,
                                  "Total Cost": 31414.82,
                                  "Plan Rows": 151867,
                                  "Plan Width": 4,
                                  "Actual Startup Time": 52.754,
                                  "Actual Total Time": 100.863,
                                  "Actual Rows": 265148,
                                  "Actual Loops": 3,
                                  "Filter": "((company_id > 19076) AND (company_type_id = 2))",
                                  "Rows Removed by Filter": 604562
                                }
                              ]
                            }
                          ]
                        }
                      ]
                    }
                  ]
                }
              ]
            }
          ]
        }
      ]
    },
    "Planning Time": 1.412,
    "Triggers": [],
    "Execution Time": 814.151
  }
]