[
  {
    "Plan": {
      "Node Type": "Aggregate",
      "Strategy": "Plain",
      "Partial Mode": "Finalize",
      "Parallel Aware": false,
      "Startup Cost": 347944.94,
      "Total Cost": 347944.95,
      "Plan Rows": 1,
      "Plan Width": 8,
      "Actual Startup Time": 608.037,
      "Actual Total Time": 665.039,
      "Actual Rows": 1,
      "Actual Loops": 1,
      "Plans": [
        {
          "Node Type": "Gather",
          "Parent Relationship": "Outer",
          "Parallel Aware": false,
          "Startup Cost": 347944.31,
          "Total Cost": 347944.92,
          "Plan Rows": 6,
          "Plan Width": 8,
          "Actual Startup Time": 607.78,
          "Actual Total Time": 665.028,
          "Actual Rows": 7,
          "Actual Loops": 1,
          "Workers Planned": 6,
          "Workers Launched": 6,
          "Single Copy": false,
          "Plans": [
            {
              "Node Type": "Aggregate",
              "Strategy": "Plain",
              "Partial Mode": "Partial",
              "Parent Relationship": "Outer",
              "Parallel Aware": false,
              "Startup Cost": 346944.31,
              "Total Cost": 346944.32,
              "Plan Rows": 1,
              "Plan Width": 8,
              "Actual Startup Time": 599.879,
              "Actual Total Time": 599.88,
              "Actual Rows": 1,
              "Actual Loops": 7,
              "Plans": [
                {
                  "Node Type": "Seq Scan",
                  "Parent Relationship": "Outer",
                  "Parallel Aware": true,
                  "Relation Name": "cast_info",
                  "Alias": "ci",
                  "Startup Cost": 0.0,
                  "Total Cost": 343257.03,
                  "Plan Rows": 1474913,
                  "Plan Width": 0,
                  "Actual Startup Time": 215.9,
                  "Actual Total Time": 578.267,
                  "Actual Rows": 533411,
                  "Actual Loops": 7,
                  "Filter": "((person_id < 1330581) AND (role_id > 1))",
                  "Rows Removed by Filter": 4644353
                }
              ]
            }
          ]
        }
      ]
    },
    "Planning Time": 0.231,
    "Triggers": [],
    "Execution Time": 665.113
  }
]