[
  {
    "Plan": {
      "Node Type": "Aggregate",
      "Strategy": "Plain",
      "Partial Mode": "Finalize",
      "Parallel Aware": false,
      "Startup Cost": 604691.35,
      "Total Cost": 604691.36,
      "Plan Rows": 1,
      "Plan Width": 8,
      "Actual Startup Time": 1857.783,
      "Actual Total Time": 1944.746,
      "Actual Rows": 1,
      "Actual Loops": 1,
      "Plans": [
        {
          "Node Type": "Gather",
          "Parent Relationship": "Outer",
          "Parallel Aware": false,
          "Startup Cost": 604690.83,
          "Total Cost": 604691.34,
          "Plan Rows": 5,
          "Plan Width": 8,
          "Actual Startup Time": 1852.676,
          "Actual Total Time": 1944.733,
          "Actual Rows": 6,
          "Actual Loops": 1,
          "Workers Planned": 5,
          "Workers Launched": 5,
          "Single Copy": false,
          "Plans": [
            {
              "Node Type": "Aggregate",
              "Strategy": "Plain",
              "Partial Mode": "Partial",
              "Parent Relationship": "Outer",
              "Parallel Aware": false,
              "Startup Cost": 603690.83,
              "Total Cost": 603690.84,
              "Plan Rows": 1,
              "Plan Width": 8,
              "Actual Startup Time": 1842.812,
              "Actual Total Time": 1842.871,
              "Actual Rows": 1,
              "Actual Loops": 6,
              "Plans": [
                {
                  "Node Type": "Hash Join",
                  "Parent Relationship": "Outer",
                  "Parallel Aware": true,
                  "Join Type": "Inner",
                  "Startup Cost": 396109.28,
                  "Total Cost": 600833.75,
                  "Plan Rows": 1142831,
                  "Plan Width": 0,
                  "Actual Startup Time": 1071.886,
                  "Actual Total Time": 1826.941,
                  "Actual Rows": 333459,
                  "Actual Loops": 6,
                  "Inner Unique": false,
                  "Hash Cond": "(mi.movie_id = t.id)",
                  "Plans": [
                    {
                      "Node Type": "Seq Scan",
                      "Parent Relationship": "Outer",
                      "Parallel Aware": true,
                      "Relation Name": "movie_info",
                      "Alias": "mi",
                      "Startup Cost": 0.0,
                      "Total Cost": 191685.19,
                      "Plan Rows": 2969219,
                      "Plan Width": 4,
                      "Actual Startup Time": 0.028,
                      "Actual Total Time": 320.01,
                      "Actual Rows": 2472620,
                      "Actual Loops": 6
                    },
                    {
                      "Node Type": "Hash",
                      "Parent Relationship": "Inner",
                      "Parallel Aware": true,
                      "Startup Cost": 394081.84,
                      "Total Cost": 394081.84,
                      "Plan Rows": 162195,
                      "Plan Width": 8,
                      "Actual Startup Time": 1067.874,
                      "Actual Total Time": 1067.93,
                      "Actual Rows": 94155,
                      "Actual Loops": 6,
                      "Hash Buckets": 1048576,
                      "Original Hash Buckets": 1048576,
                      "Hash Batches": 1,
                      "Original Hash Batches": 1,
                      "Peak Memory Usage": 30336,
                      "Plans": [
                        {
                          "Node Type": "Hash Join",
                          "Parent Relationship": "Outer",
                          "Parallel Aware": true,
                          "Join Type": "Inner",
                          "Startup Cost": 46219.61,
                          "Total Cost": 394081.84,
                          "Plan Rows": 162195,
                          "Plan Width": 8,
                          "Actual Startup Time": 502.399,
                          "Actual Total Time": 1027.693,
                          "Actual Rows": 94155,
                          "Actual Loops": 6,
                          "Inner Unique": true,
                          "Hash Cond": "(ci.movie_id = t.id)",
                          "Plans": [
                            {
                              "Node Type": "Seq Scan",
                              "Parent Relationship": "Outer",
                              "Parallel Aware": true,
                              "Relation Name": "cast_info",
                              "Alias": "ci",
                              "Startup Cost": 0.0,
                              "Total Cost": 343316.27,
                              "Plan Rows": 1731790,
                              "Plan Width": 4,
                              "Actual Startup Time": 397.359,
                              "Actual Total Time": 736.987,
                              "Actual Rows": 943723,
                              "Actual Loops": 6,
                              "Filter": "((person_id < 2421413) AND (role_id > 2))",
                              "Rows Removed by Filter": 5097001
                            },
                            {
                              "Node Type": "Hash",
                              "Parent Relationship": "Inner",
                              "Parallel Aware": true,
                              "Startup Cost": 45479.59,
                              "Total Cost": 45479.59,
                              "Plan Rows": 59202,
                              "Plan Width": 4,
                              "Actual Startup Time": 104.18,
                              "Actual Total Time": 104.183,
                              "Actual Rows": 42818,
                              "Actual Loops": 6,
                              "Hash Buckets": 262144,
                              "Original Hash Buckets": 262144,
                              "Hash Batches": 1,
                              "Original Hash Batches": 1,
                              "Peak Memory Usage": 12192,
                              "Plans": [
                                {
                                  "Node Type": "Seq Scan",
                                  "Parent Relationship": "Outer",
                                  "Parallel Aware": true,
                                  "Relation Name": "title",
                                  "Alias": "t",
                                  "Startup Cost": 0.0,
                                  "Total Cost": 45479.59,
                                  "Plan Rows": 59202,
                                  "Plan Width": 4,
                                  "Actual Startup Time": 0.047,
                                  "Actual Total Time": 83.309,
                                  "Actual Rows": 42818,
                                  "Actual Loops": 6,
                                  "Filter": "((production_year > 2010) AND (kind_id = 7))",
                                  "Rows Removed by Filter": 378568
                                }
                              ]
                            }
                          ]
                        }
                      ]
                    }
                  ]
                }
              ]
            }
          ]
        }
      ]
    },
    "Planning Time": 0.761,
    "Triggers": [],
    "Execution Time": 1944.816
  }
]