[
  {
    "Plan": {
      "Node Type": "Aggregate",
      "Strategy": "Plain",
      "Partial Mode": "Finalize",
      "Parallel Aware": false,
      "Startup Cost": 604779.18,
      "Total Cost": 604779.19,
      "Plan Rows": 1,
      "Plan Width": 8,
      "Actual Startup Time": 1656.121,
      "Actual Total Time": 1762.075,
      "Actual Rows": 1,
      "Actual Loops": 1,
      "Plans": [
        {
          "Node Type": "Gather",
          "Parent Relationship": "Outer",
          "Parallel Aware": false,
          "Startup Cost": 604778.66,
          "Total Cost": 604779.17,
          "Plan Rows": 5,
          "Plan Width": 8,
          "Actual Startup Time": 1652.037,
          "Actual Total Time": 1762.064,
          "Actual Rows": 6,
          "Actual Loops": 1,
          "Workers Planned": 5,
          "Workers Launched": 5,
          "Single Copy": false,
          "Plans": [
            {
              "Node Type": "Aggregate",
              "Strategy": "Plain",
              "Partial Mode": "Partial",
              "Parent Relationship": "Outer",
              "Parallel Aware": false,
              "Startup Cost": 603778.66,
              "Total Cost": 603778.67,
              "Plan Rows": 1,
              "Plan Width": 8,
              "Actual Startup Time": 1641.35,
              "Actual Total Time": 1641.389,
              "Actual Rows": 1,
              "Actual Loops": 6,
              "Plans": [
                {
                  "Node Type": "Hash Join",
                  "Parent Relationship": "Outer",
                  "Parallel Aware": true,
                  "Join Type": "Inner",
                  "Startup Cost": 396239.94,
                  "Total Cost": 600844.28,
                  "Plan Rows": 1173752,
                  "Plan Width": 0,
                  "Actual Startup Time": 962.84,
                  "Actual Total Time": 1628.102,
                  "Actual Rows": 333459,
                  "Actual Loops": 6,
                  "Inner Unique": false,
                  "Hash Cond": "(mi.movie_id = t.id)",
                  "Plans": [
                    {
                      "Node Type": "Seq Scan",
                      "Parent Relationship": "Outer",
                      "Parallel Aware": true,
                      "Relation Name": "movie_info",
                      "Alias": "mi",
                      "Startup Cost": 0.0,
                      "Total Cost": 191560.33,
                      "Plan Rows": 2956733,
                      "Plan Width": 4,
                      "Actual Startup Time": 0.027,
                      "Actual Total Time": 286.541,
                      "Actual Rows": 2472620,
                      "Actual Loops": 6
                    },
                    {
                      "Node Type": "Hash",
                      "Parent Relationship": "Inner",
                      "Parallel Aware": true,
                      "Startup Cost": 394148.95,
                      "Total Cost": 394148.95,
                      "Plan Rows": 167279,
                      "Plan Width": 8,
                      "Actual Startup Time": 958.087,
                      "Actual Total Time": 958.125,
                      "Actual Rows": 94155,
                      "Actual Loops": 6,
                      "Hash Buckets": 1048576,
                      "Original Hash Buckets": 1048576,
                      "Hash Batches": 1,
                      "Original Hash Batches": 1,
                      "Peak Memory Usage": 30368,
                      "Plans": [
                        {
                          "Node Type": "Hash Join",
                          "Parent Relationship": "Outer",
                          "Parallel Aware": true,
                          "Join Type": "Inner",
                          "Startup Cost": 46222.02,
                          "Total Cost": 394148.95,
                          "Plan Rows": 167279,
                          "Plan Width": 8,
                          "Actual Startup Time": 455.995,
                          "Actual Total Time": 918.411,
                          "Actual Rows": 94155,
                          "Actual Loops": 6,
                          "Inner Unique": true,
                          "Hash Cond": "(ci.movie_id = t.id)",
                          "Plans": [
                            {
                              "Node Type": "Seq Scan",
                              "Parent Relationship": "Outer",
                              "Parallel Aware": true,
                              "Relation Name": "cast_info",
                              "Alias": "ci",
                              "Startup Cost": 0.0,
                              "Total Cost": 343257.03,
                              "Plan Rows": 1779004,
                              "Plan Width": 4,
                              "Actual Startup Time": 353.864,
                              "Actual Total Time": 656.546,
                              "Actual Rows": 943723,
                              "Actual Loops": 6,
                              "Filter": "((person_id < 2421413) AND (role_id > 2))",
                              "Rows Removed by Filter": 5097001
                            },
                            {
                              "Node Type": "Hash",
                              "Parent Relationship": "Inner",
                              "Parallel Aware": true,
                              "Startup Cost": 45479.1,
                              "Total Cost": 45479.1,
                              "Plan Rows": 59434,
                              "Plan Width": 4,
                              "Actual Startup Time": 101.278,
                              "Actual Total Time": 101.279,
                              "Actual Rows": 42818,
                              "Actual Loops": 6,
                              "Hash Buckets": 262144,
                              "Original Hash Buckets": 262144,
                              "Hash Batches": 1,
                              "Original Hash Batches": 1,
                              "Peak Memory Usage": 12192,
                              "Plans": [
                                {
                                  "Node Type": "Seq Scan",
                                  "Parent Relationship": "Outer",
                                  "Parallel Aware": true,
                                  "Relation Name": "title",
                                  "Alias": "t",
                                  "Startup Cost": 0.0,
                                  "Total Cost": 45479.1,
                                  "Plan Rows": 59434,
                                  "Plan Width": 4,
                                  "Actual Startup Time": 0.048,
                                  "Actual Total Time": 80.746,
                                  "Actual Rows": 42818,
                                  "Actual Loops": 6,
                                  "Filter": "((production_year > 2010) AND (kind_id = 7))",
                                  "Rows Removed by Filter": 378568
                                }
                              ]
                            }
                          ]
                        }
                      ]
                    }
                  ]
                }
              ]
            }
          ]
        }
      ]
    },
    "Planning Time": 1.365,
    "Triggers": [],
    "Execution Time": 1762.181
  }
]