[
  {
    "Plan": {
      "Node Type": "Aggregate",
      "Strategy": "Plain",
      "Partial Mode": "Finalize",
      "Parallel Aware": false,
      "Startup Cost": 84220.47,
      "Total Cost": 84220.48,
      "Plan Rows": 1,
      "Plan Width": 8,
      "Actual Startup Time": 161.914,
      "Actual Total Time": 178.001,
      "Actual Rows": 1,
      "Actual Loops": 1,
      "Plans": [
        {
          "Node Type": "Gather",
          "Parent Relationship": "Outer",
          "Parallel Aware": false,
          "Startup Cost": 84220.05,
          "Total Cost": 84220.46,
          "Plan Rows": 4,
          "Plan Width": 8,
          "Actual Startup Time": 160.857,
          "Actual Total Time": 177.993,
          "Actual Rows": 5,
          "Actual Loops": 1,
          "Workers Planned": 4,
          "Workers Launched": 4,
          "Single Copy": false,
          "Plans": [
            {
              "Node Type": "Aggregate",
              "Strategy": "Plain",
              "Partial Mode": "Partial",
              "Parent Relationship": "Outer",
              "Parallel Aware": false,
              "Startup Cost": 83220.05,
              "Total Cost": 83220.06,
              "Plan Rows": 1,
              "Plan Width": 8,
              "Actual Startup Time": 153.705,
              "Actual Total Time": 153.709,
              "Actual Rows": 1,
              "Actual Loops": 5,
              "Plans": [
                {
                  "Node Type": "Nested Loop",
                  "Parent Relationship": "Outer",
                  "Parallel Aware": false,
                  "Join Type": "Inner",
                  "Startup Cost": 21790.06,
                  "Total Cost": 83117.59,
                  "Plan Rows": 40986,
                  "Plan Width": 0,
                  "Actual Startup Time": 125.061,
                  "Actual Total Time": 153.586,
                  "Actual Rows": 1151,
                  "Actual Loops": 5,
                  "Inner Unique": false,
                  "Plans": [
                    {
                      "Node Type": "Hash Join",
                      "Parent Relationship": "Outer",
                      "Parallel Aware": true,
                      "Join Type": "Inner",
                      "Startup Cost": 21789.49,
                      "Total Cost": 68306.46,
                      "Plan Rows": 4338,
                      "Plan Width": 8,
                      "Actual Startup Time": 124.807,
                      "Actual Total Time": 138.804,
                      "Actual Rows": 161,
                      "Actual Loops": 5,
                      "Inner Unique": false,
                      "Hash Cond": "(t.id = mc.movie_id)",
                      "Plans": [
                        {
                          "Node Type": "Seq Scan",
                          "Parent Relationship": "Outer",
                          "Parallel Aware": true,
                          "Relation Name": "title",
                          "Alias": "t",
                          "Startup Cost": 0.0,
                          "Total Cost": 45479.1,
                          "Plan Rows": 204775,
                          "Plan Width": 4,
                          "Actual Startup Time": 0.015,
                          "Actual Total Time": 73.962,
                          "Actual Rows": 149523,
                          "Actual Loops": 5,
                          "Filter": "((kind_id > 4) AND (production_year < 2005))",
                          "Rows Removed by Filter": 356140
                        },
                        {
                          "Node Type": "Hash",
                          "Parent Relationship": "Inner",
                          "Parallel Aware": true,
                          "Startup Cost": 21573.51,
                          "Total Cost": 21573.51,
                          "Plan Rows": 17279,
                          "Plan Width": 4,
                          "Actual Startup Time": 40.659,
                          "Actual Total Time": 40.661,
                          "Actual Rows": 19989,
                          "Actual Loops": 5,
                          "Hash Buckets": 131072,
                          "Original Hash Buckets": 65536,
                          "Hash Batches": 1,
                          "Original Hash Batches": 1,
                          "Peak Memory Usage": 5568,
                          "Plans": [
                            {
                              "Node Type": "Bitmap Heap Scan",
                              "Parent Relationship": "Outer",
                              "Parallel Aware": true,
                              "Relation Name": "movie_companies",
                              "Alias": "mc",
                              "Startup Cost": 2273.04,
                              "Total Cost": 21573.51,
                              "Plan Rows": 17279,
                              "Plan Width": 4,
                              "Actual Startup Time": 8.146,
                              "Actual Total Time": 27.223,
                              "Actual Rows": 19989,
                              "Actual Loops": 5,
                              "Recheck Cond": "(company_id > 157547)",
                              "Rows Removed by Index Recheck": 0,
                              "Filter": "(company_type_id = 2)",
                              "Rows Removed by Filter": 0,
                              "Exact Heap Blocks": 1287,
                              "Lossy Heap Blocks": 0,
                              "Plans": [
                                {
                                  "Node Type": "Bitmap Index Scan",
                                  "Parent Relationship": "Outer",
                                  "Parallel Aware": false,
                                  "Index Name": "company_id_movie_companies",
                                  "Startup Cost": 0.0,
                                  "Total Cost": 2259.65,
                                  "Plan Rows": 105496,
                                  "Plan Width": 0,
                                  "Actual Startup Time": 10.618,
                                  "Actual Total Time": 10.619,
                                  "Actual Rows": 99944,
                                  "Actual Loops": 1,
                                  "Index Cond": "(company_id > 157547)"
                                }
                              ]
                            }
                          ]
                        }
                      ]
                    },
                    {
                      "Node Type": "Index Scan",
                      "Parent Relationship": "Inner",
                      "Parallel Aware": false,
                      "Scan Direction": "Forward",
                      "Index Name": "movie_id_cast_info",
                      "Relation Name": "cast_info",
                      "Alias": "ci",
                      "Startup Cost": 0.56,
                      "Total Cost": 3.17,
                      "Plan Rows": 24,
                      "Plan Width": 4,
                      "Actual Startup Time": 0.019,
                      "Actual Total Time": 0.09,
                      "Actual Rows": 7,
                      "Actual Loops": 805,
                      "Index Cond": "(movie_id = t.id)",
                      "Rows Removed by Index Recheck": 0,
                      "Filter": "(role_id < 4)",
                      "Rows Removed by Filter": 10
                    }
                  ]
                }
              ]
            }
          ]
        }
      ]
    },
    "Planning Time": 1.24,
    "Triggers": [],
    "Execution Time": 178.099
  }
]