[
  {
    "Plan": {
      "Node Type": "Aggregate",
      "Strategy": "Plain",
      "Partial Mode": "Finalize",
      "Parallel Aware": false,
      "Startup Cost": 248414.31,
      "Total Cost": 248414.32,
      "Plan Rows": 1,
      "Plan Width": 8,
      "Actual Startup Time": 577.183,
      "Actual Total Time": 634.047,
      "Actual Rows": 1,
      "Actual Loops": 1,
      "Plans": [
        {
          "Node Type": "Gather",
          "Parent Relationship": "Outer",
          "Parallel Aware": false,
          "Startup Cost": 248413.79,
          "Total Cost": 248414.3,
          "Plan Rows": 5,
          "Plan Width": 8,
          "Actual Startup Time": 575.202,
          "Actual Total Time": 634.029,
          "Actual Rows": 6,
          "Actual Loops": 1,
          "Workers Planned": 5,
          "Workers Launched": 5,
          "Single Copy": false,
          "Plans": [
            {
              "Node Type": "Aggregate",
              "Strategy": "Plain",
              "Partial Mode": "Partial",
              "Parent Relationship": "Outer",
              "Parallel Aware": false,
              "Startup Cost": 247413.79,
              "Total Cost": 247413.8,
              "Plan Rows": 1,
              "Plan Width": 8,
              "Actual Startup Time": 566.79,
              "Actual Total Time": 566.794,
              "Actual Rows": 1,
              "Actual Loops": 6,
              "Plans": [
                {
                  "Node Type": "Hash Join",
                  "Parent Relationship": "Outer",
                  "Parallel Aware": true,
                  "Join Type": "Inner",
                  "Startup Cost": 46515.04,
                  "Total Cost": 247215.12,
                  "Plan Rows": 79469,
                  "Plan Width": 0,
                  "Actual Startup Time": 206.595,
                  "Actual Total Time": 564.608,
                  "Actual Rows": 35312,
                  "Actual Loops": 6,
                  "Inner Unique": true,
                  "Hash Cond": "(mi.movie_id = t.id)",
                  "Plans": [
                    {
                      "Node Type": "Seq Scan",
                      "Parent Relationship": "Outer",
                      "Parallel Aware": true,
                      "Relation Name": "movie_info",
                      "Alias": "mi",
                      "Startup Cost": 0.0,
                      "Total Cost": 199108.24,
                      "Plan Rows": 606414,
                      "Plan Width": 4,
                      "Actual Startup Time": 87.588,
                      "Actual Total Time": 372.396,
                      "Actual Rows": 506120,
                      "Actual Loops": 6,
                      "Filter": "(info_type_id = 16)",
                      "Rows Removed by Filter": 1966500
                    },
                    {
                      "Node Type": "Hash",
                      "Parent Relationship": "Inner",
                      "Parallel Aware": true,
                      "Startup Cost": 45479.59,
                      "Total Cost": 45479.59,
                      "Plan Rows": 82836,
                      "Plan Width": 4,
                      "Actual Startup Time": 115.728,
                      "Actual Total Time": 115.73,
                      "Actual Rows": 34769,
                      "Actual Loops": 6,
                      "Hash Buckets": 524288,
                      "Original Hash Buckets": 524288,
                      "Hash Batches": 1,
                      "Original Hash Batches": 1,
                      "Peak Memory Usage": 12384,
                      "Plans": [
                        {
                          "Node Type": "Seq Scan",
                          "Parent Relationship": "Outer",
                          "Parallel Aware": true,
                          "Relation Name": "title",
                          "Alias": "t",
                          "Startup Cost": 0.0,
                          "Total Cost": 45479.59,
                          "Plan Rows": 82836,
                          "Plan Width": 4,
                          "Actual Startup Time": 0.039,
                          "Actual Total Time": 93.72,
                          "Actual Rows": 34769,
                          "Actual Loops": 6,
                          "Filter": "((kind_id > 1) AND (production_year < 1977))",
                          "Rows Removed by Filter": 386616
                        }
                      ]
                    }
                  ]
                }
              ]
            }
          ]
        }
      ]
    },
    "Planning Time": 0.71,
    "Triggers": [],
    "Execution Time": 634.134
  }
]