{
  "Plan": {
    "Node Type": "Aggregate",
    "Strategy": "Plain",
    "Partial Mode": "Finalize",
    "Parallel Aware": false,
    "Startup Cost": 118133.3,
    "Total Cost": 118133.31,
    "Plan Rows": 1,
    "Plan Width": 8,
    "Actual Startup Time": 472.048,
    "Actual Total Time": 486.431,
    "Actual Rows": 1,
    "Actual Loops": 1,
    "Plans": [
      {
        "Node Type": "Gather",
        "Parent Relationship": "Outer",
        "Parallel Aware": false,
        "Startup Cost": 118133.19,
        "Total Cost": 118133.3,
        "Plan Rows": 1,
        "Plan Width": 8,
        "Actual Startup Time": 471.019,
        "Actual Total Time": 486.422,
        "Actual Rows": 2,
        "Actual Loops": 1,
        "Workers Planned": 1,
        "Workers Launched": 1,
        "Single Copy": false,
        "Plans": [
          {
            "Node Type": "Aggregate",
            "Strategy": "Plain",
            "Partial Mode": "Partial",
            "Parent Relationship": "Outer",
            "Parallel Aware": false,
            "Startup Cost": 117133.19,
            "Total Cost": 117133.2,
            "Plan Rows": 1,
            "Plan Width": 8,
            "Actual Startup Time": 465.375,
            "Actual Total Time": 465.379,
            "Actual Rows": 1,
            "Actual Loops": 2,
            "Plans": [
              {
                "Node Type": "Hash Join",
                "Parent Relationship": "Outer",
                "Parallel Aware": true,
                "Join Type": "Inner",
                "Startup Cost": 57095.36,
                "Total Cost": 116869.18,
                "Plan Rows": 105603,
                "Plan Width": 0,
                "Actual Startup Time": 205.48,
                "Actual Total Time": 460.049,
                "Actual Rows": 132745,
                "Actual Loops": 2,
                "Inner Unique": true,
                "Hash Cond": "(mk.movie_id = t.id)",
                "Plans": [
                  {
                    "Node Type": "Seq Scan",
                    "Parent Relationship": "Outer",
                    "Parallel Aware": true,
                    "Relation Name": "movie_keyword",
                    "Alias": "mk",
                    "Startup Cost": 0.0,
                    "Total Cost": 57718.19,
                    "Plan Rows": 783095,
                    "Plan Width": 4,
                    "Actual Startup Time": 0.017,
                    "Actual Total Time": 166.23,
                    "Actual Rows": 674808,
                    "Actual Loops": 2,
                    "Filter": "(keyword_id < 1755)",
                    "Rows Removed by Filter": 1587156
                  },
                  {
                    "Node Type": "Hash",
                    "Parent Relationship": "Inner",
                    "Parallel Aware": true,
                    "Startup Cost": 54588.39,
                    "Total Cost": 54588.39,
                    "Plan Rows": 200558,
                    "Plan Width": 4,
                    "Actual Startup Time": 199.648,
                    "Actual Total Time": 199.649,
                    "Actual Rows": 176040,
                    "Actual Loops": 2,
                    "Hash Buckets": 524288,
                    "Original Hash Buckets": 524288,
                    "Hash Batches": 1,
                    "Original Hash Batches": 1,
                    "Peak Memory Usage": 17920,
                    "Plans": [
                      {
                        "Node Type": "Seq Scan",
                        "Parent Relationship": "Outer",
                        "Parallel Aware": true,
                        "Relation Name": "title",
                        "Alias": "t",
                        "Startup Cost": 0.0,
                        "Total Cost": 54588.39,
                        "Plan Rows": 200558,
                        "Plan Width": 4,
                        "Actual Startup Time": 0.031,
                        "Actual Total Time": 147.119,
                        "Actual Rows": 176040,
                        "Actual Loops": 2,
                        "Filter": "(production_year < 1969)",
                        "Rows Removed by Filter": 1088116
                      }
                    ]
                  }
                ]
              }
            ]
          }
        ]
      }
    ]
  },
  "Planning Time": 0.439,
  "Triggers": [],
  "Execution Time": 486.5
}