[
    {
        "Bao": {
            "Bao prediction": 202.198,
            "Bao recommended hint": "(no hint)"
        }
    },
    {
        "Plan": {
            "Node Type": "Aggregate",
            "Strategy": "Plain",
            "Partial Mode": "Finalize",
            "Parallel Aware": false,
            "Startup Cost": 36312.0,
            "Total Cost": 36312.01,
            "Plan Rows": 1,
            "Plan Width": 32,
            "Actual Startup Time": 137.153,
            "Actual Total Time": 150.102,
            "Actual Rows": 1,
            "Actual Loops": 1,
            "Output": [
                "min(t.title)"
            ],
            "Plans": [
                {
                    "Node Type": "Gather",
                    "Parent Relationship": "Outer",
                    "Parallel Aware": false,
                    "Startup Cost": 36311.68,
                    "Total Cost": 36311.99,
                    "Plan Rows": 3,
                    "Plan Width": 32,
                    "Actual Startup Time": 137.013,
                    "Actual Total Time": 150.092,
                    "Actual Rows": 4,
                    "Actual Loops": 1,
                    "Output": [
                        "(PARTIAL min(t.title))"
                    ],
                    "Workers Planned": 3,
                    "Workers Launched": 3,
                    "Single Copy": false,
                    "Plans": [
                        {
                            "Node Type": "Aggregate",
                            "Strategy": "Plain",
                            "Partial Mode": "Partial",
                            "Parent Relationship": "Outer",
                            "Parallel Aware": false,
                            "Startup Cost": 35311.68,
                            "Total Cost": 35311.69,
                            "Plan Rows": 1,
                            "Plan Width": 32,
                            "Actual Startup Time": 125.868,
                            "Actual Total Time": 125.875,
                            "Actual Rows": 1,
                            "Actual Loops": 4,
                            "Output": [
                                "PARTIAL min(t.title)"
                            ],
                            "Workers": [
                                {
                                    "Worker Number": 0,
                                    "Actual Startup Time": 122.364,
                                    "Actual Total Time": 122.369,
                                    "Actual Rows": 1,
                                    "Actual Loops": 1
                                },
                                {
                                    "Worker Number": 1,
                                    "Actual Startup Time": 122.843,
                                    "Actual Total Time": 122.85,
                                    "Actual Rows": 1,
                                    "Actual Loops": 1
                                },
                                {
                                    "Worker Number": 2,
                                    "Actual Startup Time": 122.866,
                                    "Actual Total Time": 122.871,
                                    "Actual Rows": 1,
                                    "Actual Loops": 1
                                }
                            ],
                            "Plans": [
                                {
                                    "Node Type": "Hash Join",
                                    "Parent Relationship": "Outer",
                                    "Parallel Aware": false,
                                    "Join Type": "Inner",
                                    "Startup Cost": 5.47,
                                    "Total Cost": 35309.73,
                                    "Plan Rows": 779,
                                    "Plan Width": 17,
                                    "Actual Startup Time": 125.863,
                                    "Actual Total Time": 125.869,
                                    "Actual Rows": 0,
                                    "Actual Loops": 4,
                                    "Output": [
                                        "t.title"
                                    ],
                                    "Inner Unique": true,
                                    "Hash Cond": "(mi.info_type_id = it.id)",
                                    "Workers": [
                                        {
                                            "Worker Number": 0,
                                            "Actual Startup Time": 122.358,
                                            "Actual Total Time": 122.363,
                                            "Actual Rows": 0,
                                            "Actual Loops": 1
                                        },
                                        {
                                            "Worker Number": 1,
                                            "Actual Startup Time": 122.837,
                                            "Actual Total Time": 122.843,
                                            "Actual Rows": 0,
                                            "Actual Loops": 1
                                        },
                                        {
                                            "Worker Number": 2,
                                            "Actual Startup Time": 122.861,
                                            "Actual Total Time": 122.866,
                                            "Actual Rows": 0,
                                            "Actual Loops": 1
                                        }
                                    ],
                                    "Plans": [
                                        {
                                            "Node Type": "Nested Loop",
                                            "Parent Relationship": "Outer",
                                            "Parallel Aware": false,
                                            "Join Type": "Inner",
                                            "Startup Cost": 1.93,
                                            "Total Cost": 35304.07,
                                            "Plan Rows": 779,
                                            "Plan Width": 21,
                                            "Actual Startup Time": 125.861,
                                            "Actual Total Time": 125.866,
                                            "Actual Rows": 0,
                                            "Actual Loops": 4,
                                            "Output": [
                                                "mi.info_type_id",
                                                "t.title"
                                            ],
                                            "Inner Unique": false,
                                            "Workers": [
                                                {
                                                    "Worker Number": 0,
                                                    "Actual Startup Time": 122.356,
                                                    "Actual Total Time": 122.36,
                                                    "Actual Rows": 0,
                                                    "Actual Loops": 1
                                                },
                                                {
                                                    "Worker Number": 1,
                                                    "Actual Startup Time": 122.835,
                                                    "Actual Total Time": 122.84,
                                                    "Actual Rows": 0,
                                                    "Actual Loops": 1
                                                },
                                                {
                                                    "Worker Number": 2,
                                                    "Actual Startup Time": 122.86,
                                                    "Actual Total Time": 122.863,
                                                    "Actual Rows": 0,
                                                    "Actual Loops": 1
                                                }
                                            ],
                                            "Plans": [
                                                {
                                                    "Node Type": "Nested Loop",
                                                    "Parent Relationship": "Outer",
                                                    "Parallel Aware": false,
                                                    "Join Type": "Inner",
                                                    "Startup Cost": 1.49,
                                                    "Total Cost": 34489.64,
                                                    "Plan Rows": 421,
                                                    "Plan Width": 25,
                                                    "Actual Startup Time": 125.86,
                                                    "Actual Total Time": 125.864,
                                                    "Actual Rows": 0,
                                                    "Actual Loops": 4,
                                                    "Output": [
                                                        "mc.movie_id",
                                                        "t.title",
                                                        "t.id"
                                                    ],
                                                    "Inner Unique": true,
                                                    "Workers": [
                                                        {
                                                            "Worker Number": 0,
                                                            "Actual Startup Time": 122.355,
                                                            "Actual Total Time": 122.358,
                                                            "Actual Rows": 0,
                                                            "Actual Loops": 1
                                                        },
                                                        {
                                                            "Worker Number": 1,
                                                            "Actual Startup Time": 122.834,
                                                            "Actual Total Time": 122.838,
                                                            "Actual Rows": 0,
                                                            "Actual Loops": 1
                                                        },
                                                        {
                                                            "Worker Number": 2,
                                                            "Actual Startup Time": 122.859,
                                                            "Actual Total Time": 122.862,
                                                            "Actual Rows": 0,
                                                            "Actual Loops": 1
                                                        }
                                                    ],
                                                    "Plans": [
                                                        {
                                                            "Node Type": "Hash Join",
                                                            "Parent Relationship": "Outer",
                                                            "Parallel Aware": false,
                                                            "Join Type": "Inner",
                                                            "Startup Cost": 1.06,
                                                            "Total Cost": 31424.98,
                                                            "Plan Rows": 421,
                                                            "Plan Width": 4,
                                                            "Actual Startup Time": 125.859,
                                                            "Actual Total Time": 125.862,
                                                            "Actual Rows": 0,
                                                            "Actual Loops": 4,
                                                            "Output": [
                                                                "mc.movie_id"
                                                            ],
                                                            "Inner Unique": true,
                                                            "Hash Cond": "(mc.company_type_id = ct.id)",
                                                            "Workers": [
                                                                {
                                                                    "Worker Number": 0,
                                                                    "Actual Startup Time": 122.353,
                                                                    "Actual Total Time": 122.356,
                                                                    "Actual Rows": 0,
                                                                    "Actual Loops": 1
                                                                },
                                                                {
                                                                    "Worker Number": 1,
                                                                    "Actual Startup Time": 122.833,
                                                                    "Actual Total Time": 122.836,
                                                                    "Actual Rows": 0,
                                                                    "Actual Loops": 1
                                                                },
                                                                {
                                                                    "Worker Number": 2,
                                                                    "Actual Startup Time": 122.858,
                                                                    "Actual Total Time": 122.86,
                                                                    "Actual Rows": 0,
                                                                    "Actual Loops": 1
                                                                }
                                                            ],
                                                            "Plans": [
                                                                {
                                                                    "Node Type": "Seq Scan",
                                                                    "Parent Relationship": "Outer",
                                                                    "Parallel Aware": true,
                                                                    "Relation Name": "movie_companies",
                                                                    "Schema": "public",
                                                                    "Alias": "mc",
                                                                    "Startup Cost": 0.0,
                                                                    "Total Cost": 31414.82,
                                                                    "Plan Rows": 1684,
                                                                    "Plan Width": 8,
                                                                    "Actual Startup Time": 11.523,
                                                                    "Actual Total Time": 124.732,
                                                                    "Actual Rows": 6006,
                                                                    "Actual Loops": 4,
                                                                    "Output": [
                                                                        "mc.id",
                                                                        "mc.movie_id",
                                                                        "mc.company_id",
                                                                        "mc.company_type_id",
                                                                        "mc.note"
                                                                    ],
                                                                    "Filter": "((mc.note ~~ '%(theatrical)%'::text) AND (mc.note ~~ '%(France)%'::text))",
                                                                    "Rows Removed by Filter": 646276,
                                                                    "Workers": [
                                                                        {
                                                                            "Worker Number": 0,
                                                                            "Actual Startup Time": 4.968,
                                                                            "Actual Total Time": 121.155,
                                                                            "Actual Rows": 5253,
                                                                            "Actual Loops": 1
                                                                        },
                                                                        {
                                                                            "Worker Number": 1,
                                                                            "Actual Startup Time": 21.563,
                                                                            "Actual Total Time": 121.738,
                                                                            "Actual Rows": 5576,
                                                                            "Actual Loops": 1
                                                                        },
                                                                        {
                                                                            "Worker Number": 2,
                                                                            "Actual Startup Time": 8.149,
                                                                            "Actual Total Time": 121.693,
                                                                            "Actual Rows": 8027,
                                                                            "Actual Loops": 1
                                                                        }
                                                                    ]
                                                                },
                                                                {
                                                                    "Node Type": "Hash",
                                                                    "Parent Relationship": "Inner",
                                                                    "Parallel Aware": false,
                                                                    "Startup Cost": 1.05,
                                                                    "Total Cost": 1.05,
                                                                    "Plan Rows": 1,
                                                                    "Plan Width": 4,
                                                                    "Actual Startup Time": 0.057,
                                                                    "Actual Total Time": 0.058,
                                                                    "Actual Rows": 1,
                                                                    "Actual Loops": 4,
                                                                    "Output": [
                                                                        "ct.id"
                                                                    ],
                                                                    "Hash Buckets": 1024,
                                                                    "Original Hash Buckets": 1024,
                                                                    "Hash Batches": 1,
                                                                    "Original Hash Batches": 1,
                                                                    "Peak Memory Usage": 9,
                                                                    "Workers": [
                                                                        {
                                                                            "Worker Number": 0,
                                                                            "Actual Startup Time": 0.069,
                                                                            "Actual Total Time": 0.07,
                                                                            "Actual Rows": 1,
                                                                            "Actual Loops": 1
                                                                        },
                                                                        {
                                                                            "Worker Number": 1,
                                                                            "Actual Startup Time": 0.043,
                                                                            "Actual Total Time": 0.044,
                                                                            "Actual Rows": 1,
                                                                            "Actual Loops": 1
                                                                        },
                                                                        {
                                                                            "Worker Number": 2,
                                                                            "Actual Startup Time": 0.069,
                                                                            "Actual Total Time": 0.07,
                                                                            "Actual Rows": 1,
                                                                            "Actual Loops": 1
                                                                        }
                                                                    ],
                                                                    "Plans": [
                                                                        {
                                                                            "Node Type": "Seq Scan",
                                                                            "Parent Relationship": "Outer",
                                                                            "Parallel Aware": false,
                                                                            "Relation Name": "company_type",
                                                                            "Schema": "public",
                                                                            "Alias": "ct",
                                                                            "Startup Cost": 0.0,
                                                                            "Total Cost": 1.05,
                                                                            "Plan Rows": 1,
                                                                            "Plan Width": 4,
                                                                            "Actual Startup Time": 0.037,
                                                                            "Actual Total Time": 0.04,
                                                                            "Actual Rows": 1,
                                                                            "Actual Loops": 4,
                                                                            "Output": [
                                                                                "ct.id"
                                                                            ],
                                                                            "Filter": "((ct.kind)::text = 'production companies'::text)",
                                                                            "Rows Removed by Filter": 3,
                                                                            "Workers": [
                                                                                {
                                                                                    "Worker Number": 0,
                                                                                    "Actual Startup Time": 0.049,
                                                                                    "Actual Total Time": 0.051,
                                                                                    "Actual Rows": 1,
                                                                                    "Actual Loops": 1
                                                                                },
                                                                                {
                                                                                    "Worker Number": 1,
                                                                                    "Actual Startup Time": 0.031,
                                                                                    "Actual Total Time": 0.033,
                                                                                    "Actual Rows": 1,
                                                                                    "Actual Loops": 1
                                                                                },
                                                                                {
                                                                                    "Worker Number": 2,
                                                                                    "Actual Startup Time": 0.049,
                                                                                    "Actual Total Time": 0.051,
                                                                                    "Actual Rows": 1,
                                                                                    "Actual Loops": 1
                                                                                }
                                                                            ]
                                                                        }
                                                                    ]
                                                                }
                                                            ]
                                                        },
                                                        {
                                                            "Node Type": "Index Scan",
                                                            "Parent Relationship": "Inner",
                                                            "Parallel Aware": false,
                                                            "Scan Direction": "Forward",
                                                            "Index Name": "title_pkey",
                                                            "Relation Name": "title",
                                                            "Schema": "public",
                                                            "Alias": "t",
                                                            "Startup Cost": 0.43,
                                                            "Total Cost": 7.28,
                                                            "Plan Rows": 1,
                                                            "Plan Width": 21,
                                                            "Actual Startup Time": 0.0,
                                                            "Actual Total Time": 0.0,
                                                            "Actual Rows": 0,
                                                            "Actual Loops": 0,
                                                            "Output": [
                                                                "t.id",
                                                                "t.title",
                                                                "t.imdb_index",
                                                                "t.kind_id",
                                                                "t.production_year",
                                                                "t.imdb_id",
                                                                "t.phonetic_code",
                                                                "t.episode_of_id",
                                                                "t.season_nr",
                                                                "t.episode_nr",
                                                                "t.series_years",
                                                                "t.md5sum"
                                                            ],
                                                            "Index Cond": "(t.id = mc.movie_id)",
                                                            "Rows Removed by Index Recheck": 0
                                                        }
                                                    ]
                                                },
                                                {
                                                    "Node Type": "Index Scan",
                                                    "Parent Relationship": "Inner",
                                                    "Parallel Aware": false,
                                                    "Scan Direction": "Forward",
                                                    "Index Name": "movie_id_movie_info",
                                                    "Relation Name": "movie_info",
                                                    "Schema": "public",
                                                    "Alias": "mi",
                                                    "Startup Cost": 0.43,
                                                    "Total Cost": 1.9,
                                                    "Plan Rows": 3,
                                                    "Plan Width": 8,
                                                    "Actual Startup Time": 0.0,
                                                    "Actual Total Time": 0.0,
                                                    "Actual Rows": 0,
                                                    "Actual Loops": 0,
                                                    "Output": [
                                                        "mi.id",
                                                        "mi.movie_id",
                                                        "mi.info_type_id",
                                                        "mi.info",
                                                        "mi.note"
                                                    ],
                                                    "Index Cond": "(mi.movie_id = t.id)",
                                                    "Rows Removed by Index Recheck": 0,
                                                    "Filter": "(mi.info = ANY ('{Danish,English,German,Germany,Sweden,Bulgaria,Denmark,America}'::text[]))",
                                                    "Rows Removed by Filter": 0
                                                }
                                            ]
                                        },
                                        {
                                            "Node Type": "Hash",
                                            "Parent Relationship": "Inner",
                                            "Parallel Aware": false,
                                            "Startup Cost": 2.13,
                                            "Total Cost": 2.13,
                                            "Plan Rows": 113,
                                            "Plan Width": 4,
                                            "Actual Startup Time": 0.0,
                                            "Actual Total Time": 0.0,
                                            "Actual Rows": 0,
                                            "Actual Loops": 0,
                                            "Output": [
                                                "it.id"
                                            ],
                                            "Plans": [
                                                {
                                                    "Node Type": "Seq Scan",
                                                    "Parent Relationship": "Outer",
                                                    "Parallel Aware": false,
                                                    "Relation Name": "info_type",
                                                    "Schema": "public",
                                                    "Alias": "it",
                                                    "Startup Cost": 0.0,
                                                    "Total Cost": 2.13,
                                                    "Plan Rows": 113,
                                                    "Plan Width": 4,
                                                    "Actual Startup Time": 0.0,
                                                    "Actual Total Time": 0.0,
                                                    "Actual Rows": 0,
                                                    "Actual Loops": 0,
                                                    "Output": [
                                                        "it.id"
                                                    ]
                                                }
                                            ]
                                        }
                                    ]
                                }
                            ]
                        }
                    ]
                }
            ]
        },
        "Planning Time": 1345.67,
        "Triggers": [],
        "Execution Time": 150.778
    }
]