[
  {
    "Plan": {
      "Node Type": "Aggregate",
      "Strategy": "Plain",
      "Partial Mode": "Finalize",
      "Parallel Aware": false,
      "Startup Cost": 356852.68,
      "Total Cost": 356852.69,
      "Plan Rows": 1,
      "Plan Width": 8,
      "Actual Startup Time": 1041.223,
      "Actual Total Time": 1087.206,
      "Actual Rows": 1,
      "Actual Loops": 1,
      "Plans": [
        {
          "Node Type": "Gather",
          "Parent Relationship": "Outer",
          "Parallel Aware": false,
          "Startup Cost": 356852.05,
          "Total Cost": 356852.66,
          "Plan Rows": 6,
          "Plan Width": 8,
          "Actual Startup Time": 1041.062,
          "Actual Total Time": 1087.193,
          "Actual Rows": 7,
          "Actual Loops": 1,
          "Workers Planned": 6,
          "Workers Launched": 6,
          "Single Copy": false,
          "Plans": [
            {
              "Node Type": "Aggregate",
              "Strategy": "Plain",
              "Partial Mode": "Partial",
              "Parent Relationship": "Outer",
              "Parallel Aware": false,
              "Startup Cost": 355852.05,
              "Total Cost": 355852.06,
              "Plan Rows": 1,
              "Plan Width": 8,
              "Actual Startup Time": 1033.233,
              "Actual Total Time": 1033.234,
              "Actual Rows": 1,
              "Actual Loops": 7,
              "Plans": [
                {
                  "Node Type": "Seq Scan",
                  "Parent Relationship": "Outer",
                  "Parallel Aware": true,
                  "Relation Name": "cast_info",
                  "Alias": "ci",
                  "Startup Cost": 0.0,
                  "Total Cost": 343316.27,
                  "Plan Rows": 5014313,
                  "Plan Width": 0,
                  "Actual Startup Time": 12.426,
                  "Actual Total Time": 805.723,
                  "Actual Rows": 4282014,
                  "Actual Loops": 7,
                  "Filter": "((person_id > 61156) AND (role_id < 9))",
                  "Rows Removed by Filter": 895749
                }
              ]
            }
          ]
        }
      ]
    },
    "Planning Time": 0.238,
    "Triggers": [],
    "Execution Time": 1087.276
  }
]