{
  "Plan": {
    "Node Type": "Aggregate",
    "Strategy": "Plain",
    "Partial Mode": "Simple",
    "Parallel Aware": false,
    "Startup Cost": 1189034.84,
    "Total Cost": 1189034.85,
    "Plan Rows": 1,
    "Plan Width": 96,
    "Actual Startup Time": 10603.895,
    "Actual Total Time": 10604.062,
    "Actual Rows": 1,
    "Actual Loops": 1,
    "Plans": [
      {
        "Node Type": "Merge Join",
        "Parent Relationship": "Outer",
        "Parallel Aware": false,
        "Join Type": "Inner",
        "Startup Cost": 1189031.74,
        "Total Cost": 1189034.83,
        "Plan Rows": 1,
        "Plan Width": 42,
        "Actual Startup Time": 10483.099,
        "Actual Total Time": 10599.808,
        "Actual Rows": 46281,
        "Actual Loops": 1,
        "Inner Unique": true,
        "Merge Cond": "(mk.keyword_id = k.id)",
        "Plans": [
          {
            "Node Type": "Sort",
            "Parent Relationship": "Outer",
            "Parallel Aware": false,
            "Startup Cost": 1186070.14,
            "Total Cost": 1186071.68,
            "Plan Rows": 614,
            "Plan Width": 46,
            "Actual Startup Time": 10448.062,
            "Actual Total Time": 10520.988,
            "Actual Rows": 839697,
            "Actual Loops": 1,
            "Sort Key": [
              "mk.keyword_id"
            ],
            "Sort Method": "quicksort",
            "Sort Space Used": 763285,
            "Sort Space Type": "Memory",
            "Plans": [
              {
                "Node Type": "Merge Join",
                "Parent Relationship": "Outer",
                "Parallel Aware": false,
                "Join Type": "Inner",
                "Startup Cost": 997582.52,
                "Total Cost": 1186041.71,
                "Plan Rows": 614,
                "Plan Width": 46,
                "Actual Startup Time": 6998.592,
                "Actual Total Time": 8816.459,
                "Actual Rows": 5536051,
                "Actual Loops": 1,
                "Inner Unique": false,
                "Merge Cond": "(mk.movie_id = t.id)",
                "Plans": [
                  {
                    "Node Type": "Index Scan",
                    "Parent Relationship": "Outer",
                    "Parallel Aware": false,
                    "Scan Direction": "Forward",
                    "Index Name": "movie_id_movie_keyword",
                    "Relation Name": "movie_keyword",
                    "Alias": "mk",
                    "Startup Cost": 0.43,
                    "Total Cost": 177148.48,
                    "Plan Rows": 4523930,
                    "Plan Width": 8,
                    "Actual Startup Time": 0.011,
                    "Actual Total Time": 624.53,
                    "Actual Rows": 4523854,
                    "Actual Loops": 1
                  },
                  {
                    "Node Type": "Sort",
                    "Parent Relationship": "Inner",
                    "Parallel Aware": false,
                    "Startup Cost": 997582.08,
                    "Total Cost": 997582.21,
                    "Plan Rows": 49,
                    "Plan Width": 58,
                    "Actual Startup Time": 6998.557,
                    "Actual Total Time": 7234.369,
                    "Actual Rows": 5558211,
                    "Actual Loops": 1,
                    "Sort Key": [
                      "mc.movie_id"
                    ],
                    "Sort Method": "quicksort",
                    "Sort Space Used": 15170,
                    "Sort Space Type": "Memory",
                    "Plans": [
                      {
                        "Node Type": "Merge Join",
                        "Parent Relationship": "Outer",
                        "Parallel Aware": false,
                        "Join Type": "Inner",
                        "Startup Cost": 997579.95,
                        "Total Cost": 997580.71,
                        "Plan Rows": 49,
                        "Plan Width": 58,
                        "Actual Startup Time": 6943.883,
                        "Actual Total Time": 6962.81,
                        "Actual Rows": 99935,
                        "Actual Loops": 1,
                        "Inner Unique": true,
                        "Merge Cond": "(mc.company_type_id = ct.id)",
                        "Plans": [
                          {
                            "Node Type": "Sort",
                            "Parent Relationship": "Outer",
                            "Parallel Aware": false,
                            "Startup Cost": 997578.87,
                            "Total Cost": 997579.0,
                            "Plan Rows": 49,
                            "Plan Width": 62,
                            "Actual Startup Time": 6943.852,
                            "Actual Total Time": 6948.639,
                            "Actual Rows": 99935,
                            "Actual Loops": 1,
                            "Sort Key": [
                              "mc.company_type_id"
                            ],
                            "Sort Method": "quicksort",
                            "Sort Space Used": 15892,
                            "Sort Space Type": "Memory",
                            "Plans": [
                              {
                                "Node Type": "Merge Join",
                                "Parent Relationship": "Outer",
                                "Parallel Aware": false,
                                "Join Type": "Inner",
                                "Startup Cost": 997549.37,
                                "Total Cost": 997577.5,
                                "Plan Rows": 49,
                                "Plan Width": 62,
                                "Actual Startup Time": 6893.936,
                                "Actual Total Time": 6914.19,
                                "Actual Rows": 99935,
                                "Actual Loops": 1,
                                "Inner Unique": true,
                                "Merge Cond": "(mi_idx.info_type_id = it2.id)",
                                "Plans": [
                                  {
                                    "Node Type": "Sort",
                                    "Parent Relationship": "Outer",
                                    "Parallel Aware": false,
                                    "Startup Cost": 997546.94,
                                    "Total Cost": 997560.76,
                                    "Plan Rows": 5528,
                                    "Plan Width": 66,
                                    "Actual Startup Time": 6870.471,
                                    "Actual Total Time": 6885.533,
                                    "Actual Rows": 298149,
                                    "Actual Loops": 1,
                                    "Sort Key": [
                                      "mi_idx.info_type_id"
                                    ],
                                    "Sort Method": "quicksort",
                                    "Sort Space Used": 53319,
                                    "Sort Space Type": "Memory",
                                    "Plans": [
                                      {
                                        "Node Type": "Merge Join",
                                        "Parent Relationship": "Outer",
                                        "Parallel Aware": false,
                                        "Join Type": "Inner",
                                        "Startup Cost": 936758.13,
                                        "Total Cost": 997203.3,
                                        "Plan Rows": 5528,
                                        "Plan Width": 66,
                                        "Actual Startup Time": 6396.637,
                                        "Actual Total Time": 6768.539,
                                        "Actual Rows": 299224,
                                        "Actual Loops": 1,
                                        "Inner Unique": false,
                                        "Merge Cond": "(mi_idx.movie_id = t.id)",
                                        "Plans": [
                                          {
                                            "Node Type": "Index Scan",
                                            "Parent Relationship": "Outer",
                                            "Parallel Aware": false,
                                            "Scan Direction": "Forward",
                                            "Index Name": "movie_id_movie_info_idx",
                                            "Relation Name": "movie_info_idx",
                                            "Alias": "mi_idx",
                                            "Startup Cost": 0.43,
                                            "Total Cost": 57072.82,
                                            "Plan Rows": 1341456,
                                            "Plan Width": 14,
                                            "Actual Startup Time": 0.023,
                                            "Actual Total Time": 252.48,
                                            "Actual Rows": 1337611,
                                            "Actual Loops": 1,
                                            "Filter": "(info < '8.5'::text)",
                                            "Rows Removed by Filter": 42401
                                          },
                                          {
                                            "Node Type": "Sort",
                                            "Parent Relationship": "Inner",
                                            "Parallel Aware": false,
                                            "Startup Cost": 936757.7,
                                            "Total Cost": 936762.34,
                                            "Plan Rows": 1858,
                                            "Plan Width": 52,
                                            "Actual Startup Time": 6396.595,
                                            "Actual Total Time": 6412.379,
                                            "Actual Rows": 317197,
                                            "Actual Loops": 1,
                                            "Sort Key": [
                                              "mc.movie_id"
                                            ],
                                            "Sort Method": "quicksort",
                                            "Sort Space Used": 17052,
                                            "Sort Space Type": "Memory",
                                            "Plans": [
                                              {
                                                "Node Type": "Merge Join",
                                                "Parent Relationship": "Outer",
                                                "Parallel Aware": false,
                                                "Join Type": "Inner",
                                                "Startup Cost": 935588.23,
                                                "Total Cost": 936656.81,
                                                "Plan Rows": 1858,
                                                "Plan Width": 52,
                                                "Actual Startup Time": 6338.485,
                                                "Actual Total Time": 6358.875,
                                                "Actual Rows": 122228,
                                                "Actual Loops": 1,
                                                "Inner Unique": false,
                                                "Merge Cond": "(it1.id = mi.info_type_id)",
                                                "Plans": [
                                                  {
                                                    "Node Type": "Sort",
                                                    "Parent Relationship": "Outer",
                                                    "Parallel Aware": false,
                                                    "Startup Cost": 2.42,
                                                    "Total Cost": 2.43,
                                                    "Plan Rows": 1,
                                                    "Plan Width": 4,
                                                    "Actual Startup Time": 0.037,
                                                    "Actual Total Time": 0.046,
                                                    "Actual Rows": 1,
                                                    "Actual Loops": 1,
                                                    "Sort Key": [
                                                      "it1.id"
                                                    ],
                                                    "Sort Method": "quicksort",
                                                    "Sort Space Used": 25,
                                                    "Sort Space Type": "Memory",
                                                    "Plans": [
                                                      {
                                                        "Node Type": "Seq Scan",
                                                        "Parent Relationship": "Outer",
                                                        "Parallel Aware": false,
                                                        "Relation Name": "info_type",
                                                        "Alias": "it1",
                                                        "Startup Cost": 0.0,
                                                        "Total Cost": 2.41,
                                                        "Plan Rows": 1,
                                                        "Plan Width": 4,
                                                        "Actual Startup Time": 0.015,
                                                        "Actual Total Time": 0.022,
                                                        "Actual Rows": 1,
                                                        "Actual Loops": 1,
                                                        "Filter": "((info)::text = 'countries'::text)",
                                                        "Rows Removed by Filter": 112
                                                      }
                                                    ]
                                                  },
                                                  {
                                                    "Node Type": "Sort",
                                                    "Parent Relationship": "Inner",
                                                    "Parallel Aware": false,
                                                    "Startup Cost": 935585.8,
                                                    "Total Cost": 936110.8,
                                                    "Plan Rows": 210000,
                                                    "Plan Width": 56,
                                                    "Actual Startup Time": 6334.063,
                                                    "Actual Total Time": 6340.903,
                                                    "Actual Rows": 156000,
                                                    "Actual Loops": 1,
                                                    "Sort Key": [
                                                      "mi.info_type_id"
                                                    ],
                                                    "Sort Method": "quicksort",
                                                    "Sort Space Used": 25985,
                                                    "Sort Space Type": "Memory",
                                                    "Plans": [
                                                      {
                                                        "Node Type": "Merge Join",
                                                        "Parent Relationship": "Outer",
                                                        "Parallel Aware": false,
                                                        "Join Type": "Inner",
                                                        "Startup Cost": 911246.77,
                                                        "Total Cost": 917021.77,
                                                        "Plan Rows": 210000,
                                                        "Plan Width": 56,
                                                        "Actual Startup Time": 6255.646,
                                                        "Actual Total Time": 6291.864,
                                                        "Actual Rows": 160624,
                                                        "Actual Loops": 1,
                                                        "Inner Unique": false,
                                                        "Merge Cond": "(kt.id = t.kind_id)",
                                                        "Plans": [
                                                          {
                                                            "Node Type": "Sort",
                                                            "Parent Relationship": "Outer",
                                                            "Parallel Aware": false,
                                                            "Startup Cost": 1.1,
                                                            "Total Cost": 1.1,
                                                            "Plan Rows": 2,
                                                            "Plan Width": 4,
                                                            "Actual Startup Time": 0.044,
                                                            "Actual Total Time": 0.047,
                                                            "Actual Rows": 2,
                                                            "Actual Loops": 1,
                                                            "Sort Key": [
                                                              "kt.id"
                                                            ],
                                                            "Sort Method": "quicksort",
                                                            "Sort Space Used": 25,
                                                            "Sort Space Type": "Memory",
                                                            "Plans": [
                                                              {
                                                                "Node Type": "Seq Scan",
                                                                "Parent Relationship": "Outer",
                                                                "Parallel Aware": false,
                                                                "Relation Name": "kind_type",
                                                                "Alias": "kt",
                                                                "Startup Cost": 0.0,
                                                                "Total Cost": 1.09,
                                                                "Plan Rows": 2,
                                                                "Plan Width": 4,
                                                                "Actual Startup Time": 0.008,
                                                                "Actual Total Time": 0.009,
                                                                "Actual Rows": 2,
                                                                "Actual Loops": 1,
                                                                "Filter": "((kind)::text = ANY ('{movie,episode}'::text[]))",
                                                                "Rows Removed by Filter": 5
                                                              }
                                                            ]
                                                          },
                                                          {
                                                            "Node Type": "Sort",
                                                            "Parent Relationship": "Inner",
                                                            "Parallel Aware": false,
                                                            "Startup Cost": 911245.67,
                                                            "Total Cost": 913083.17,
                                                            "Plan Rows": 734999,
                                                            "Plan Width": 60,
                                                            "Actual Startup Time": 6255.597,
                                                            "Actual Total Time": 6266.211,
                                                            "Actual Rows": 213086,
                                                            "Actual Loops": 1,
                                                            "Sort Key": [
                                                              "t.kind_id"
                                                            ],
                                                            "Sort Method": "quicksort",
                                                            "Sort Space Used": 34344,
                                                            "Sort Space Type": "Memory",
                                                            "Plans": [
                                                              {
                                                                "Node Type": "Merge Join",
                                                                "Parent Relationship": "Outer",
                                                                "Parallel Aware": false,
                                                                "Join Type": "Inner",
                                                                "Startup Cost": 669841.04,
                                                                "Total Cost": 839629.64,
                                                                "Plan Rows": 734999,
                                                                "Plan Width": 60,
                                                                "Actual Startup Time": 4022.506,
                                                                "Actual Total Time": 6182.622,
                                                                "Actual Rows": 213086,
                                                                "Actual Loops": 1,
                                                                "Inner Unique": false,
                                                                "Merge Cond": "(t.id = mi.movie_id)",
                                                                "Plans": [
                                                                  {
                                                                    "Node Type": "Index Scan",
                                                                    "Parent Relationship": "Outer",
                                                                    "Parallel Aware": false,
                                                                    "Scan Direction": "Forward",
                                                                    "Index Name": "title_pkey",
                                                                    "Relation Name": "title",
                                                                    "Alias": "t",
                                                                    "Startup Cost": 0.43,
                                                                    "Total Cost": 116680.33,
                                                                    "Plan Rows": 1022218,
                                                                    "Plan Width": 25,
                                                                    "Actual Startup Time": 0.052,
                                                                    "Actual Total Time": 1358.932,
                                                                    "Actual Rows": 1012642,
                                                                    "Actual Loops": 1,
                                                                    "Filter": "(production_year > 2005)",
                                                                    "Rows Removed by Filter": 1513104
                                                                  },
                                                                  {
                                                                    "Node Type": "Materialize",
                                                                    "Parent Relationship": "Inner",
                                                                    "Parallel Aware": false,
                                                                    "Startup Cost": 669837.46,
                                                                    "Total Cost": 708617.13,
                                                                    "Plan Rows": 1818057,
                                                                    "Plan Width": 35,
                                                                    "Actual Startup Time": 4022.175,
                                                                    "Actual Total Time": 4700.264,
                                                                    "Actual Rows": 692447,
                                                                    "Actual Loops": 1,
                                                                    "Plans": [
                                                                      {
                                                                        "Node Type": "Merge Join",
                                                                        "Parent Relationship": "Outer",
                                                                        "Parallel Aware": false,
                                                                        "Join Type": "Inner",
                                                                        "Startup Cost": 669837.46,
                                                                        "Total Cost": 704071.99,
                                                                        "Plan Rows": 1818057,
                                                                        "Plan Width": 35,
                                                                        "Actual Startup Time": 4022.162,
                                                                        "Actual Total Time": 4521.545,
                                                                        "Actual Rows": 692447,
                                                                        "Actual Loops": 1,
                                                                        "Inner Unique": false,
                                                                        "Merge Cond": "(mc.movie_id = mi.movie_id)",
                                                                        "Plans": [
                                                                          {
                                                                            "Node Type": "Sort",
                                                                            "Parent Relationship": "Outer",
                                                                            "Parallel Aware": false,
                                                                            "Startup Cost": 305904.57,
                                                                            "Total Cost": 309387.33,
                                                                            "Plan Rows": 1393104,
                                                                            "Plan Width": 27,
                                                                            "Actual Startup Time": 3007.537,
                                                                            "Actual Total Time": 3191.337,
                                                                            "Actual Rows": 1343936,
                                                                            "Actual Loops": 1,
                                                                            "Sort Key": [
                                                                              "mc.movie_id"
                                                                            ],
                                                                            "Sort Method": "quicksort",
                                                                            "Sort Space Used": 152556,
                                                                            "Sort Space Type": "Memory",
                                                                            "Plans": [
                                                                              {
                                                                                "Node Type": "Merge Join",
                                                                                "Parent Relationship": "Outer",
                                                                                "Parallel Aware": false,
                                                                                "Join Type": "Inner",
                                                                                "Startup Cost": 4190.88,
                                                                                "Total Cost": 163739.2,
                                                                                "Plan Rows": 1393104,
                                                                                "Plan Width": 27,
                                                                                "Actual Startup Time": 23.069,
                                                                                "Actual Total Time": 2462.599,
                                                                                "Actual Rows": 1343936,
                                                                                "Actual Loops": 1,
                                                                                "Inner Unique": true,
                                                                                "Merge Cond": "(mc.company_id = cn.id)",
                                                                                "Plans": [
                                                                                  {
                                                                                    "Node Type": "Index Scan",
                                                                                    "Parent Relationship": "Outer",
                                                                                    "Parallel Aware": false,
                                                                                    "Scan Direction": "Forward",
                                                                                    "Index Name": "company_id_movie_companies",
                                                                                    "Relation Name": "movie_companies",
                                                                                    "Alias": "mc",
                                                                                    "Startup Cost": 0.43,
                                                                                    "Total Cost": 130510.28,
                                                                                    "Plan Rows": 2609129,
                                                                                    "Plan Width": 12,
                                                                                    "Actual Startup Time": 0.021,
                                                                                    "Actual Total Time": 1919.123,
                                                                                    "Actual Rows": 2609128,
                                                                                    "Actual Loops": 1
                                                                                  },
                                                                                  {
                                                                                    "Node Type": "Index Scan",
                                                                                    "Parent Relationship": "Inner",
                                                                                    "Parallel Aware": false,
                                                                                    "Scan Direction": "Forward",
                                                                                    "Index Name": "company_name_pkey",
                                                                                    "Relation Name": "company_name",
                                                                                    "Alias": "cn",
                                                                                    "Startup Cost": 0.42,
                                                                                    "Total Cost": 12469.43,
                                                                                    "Plan Rows": 125473,
                                                                                    "Plan Width": 23,
                                                                                    "Actual Startup Time": 0.139,
                                                                                    "Actual Total Time": 172.026,
                                                                                    "Actual Rows": 126230,
                                                                                    "Actual Loops": 1,
                                                                                    "Filter": "((country_code)::text <> '[us]'::text)",
                                                                                    "Rows Removed by Filter": 108767
                                                                                  }
                                                                                ]
                                                                              }
                                                                            ]
                                                                          },
                                                                          {
                                                                            "Node Type": "Sort",
                                                                            "Parent Relationship": "Inner",
                                                                            "Parallel Aware": false,
                                                                            "Startup Cost": 363932.8,
                                                                            "Total Cost": 365634.71,
                                                                            "Plan Rows": 680764,
                                                                            "Plan Width": 8,
                                                                            "Actual Startup Time": 1014.607,
                                                                            "Actual Total Time": 1074.073,
                                                                            "Actual Rows": 1201112,
                                                                            "Actual Loops": 1,
                                                                            "Sort Key": [
                                                                              "mi.movie_id"
                                                                            ],
                                                                            "Sort Method": "quicksort",
                                                                            "Sort Space Used": 58149,
                                                                            "Sort Space Type": "Memory",
                                                                            "Plans": [
                                                                              {
                                                                                "Node Type": "Gather",
                                                                                "Parent Relationship": "Outer",
                                                                                "Parallel Aware": false,
                                                                                "Startup Cost": 1000.0,
                                                                                "Total Cost": 297977.68,
                                                                                "Plan Rows": 680764,
                                                                                "Plan Width": 8,
                                                                                "Actual Startup Time": 1.721,
                                                                                "Actual Total Time": 877.628,
                                                                                "Actual Rows": 716210,
                                                                                "Actual Loops": 1,
                                                                                "Workers Planned": 5,
                                                                                "Workers Launched": 5,
                                                                                "Single Copy": false,
                                                                                "Plans": [
                                                                                  {
                                                                                    "Node Type": "Seq Scan",
                                                                                    "Parent Relationship": "Outer",
                                                                                    "Parallel Aware": true,
                                                                                    "Relation Name": "movie_info",
                                                                                    "Alias": "mi",
                                                                                    "Startup Cost": 0.0,
                                                                                    "Total Cost": 228901.28,
                                                                                    "Plan Rows": 136153,
                                                                                    "Plan Width": 8,
                                                                                    "Actual Startup Time": 0.413,
                                                                                    "Actual Total Time": 882.712,
                                                                                    "Actual Rows": 119368,
                                                                                    "Actual Loops": 6,
                                                                                    "Filter": "(info = ANY ('{Sweden,Norway,Germany,Denmark,Swedish,Danish,Norwegian,German,USA,American}'::text[]))",
                                                                                    "Rows Removed by Filter": 2353252
                                                                                  }
                                                                                ]
                                                                              }
                                                                            ]
                                                                          }
                                                                        ]
                                                                      }
                                                                    ]
                                                                  }
                                                                ]
                                                              }
                                                            ]
                                                          }
                                                        ]
                                                      }
                                                    ]
                                                  }
                                                ]
                                              }
                                            ]
                                          }
                                        ]
                                      }
                                    ]
                                  },
                                  {
                                    "Node Type": "Sort",
                                    "Parent Relationship": "Inner",
                                    "Parallel Aware": false,
                                    "Startup Cost": 2.42,
                                    "Total Cost": 2.43,
                                    "Plan Rows": 1,
                                    "Plan Width": 4,
                                    "Actual Startup Time": 0.044,
                                    "Actual Total Time": 0.045,
                                    "Actual Rows": 1,
                                    "Actual Loops": 1,
                                    "Sort Key": [
                                      "it2.id"
                                    ],
                                    "Sort Method": "quicksort",
                                    "Sort Space Used": 25,
                                    "Sort Space Type": "Memory",
                                    "Plans": [
                                      {
                                        "Node Type": "Seq Scan",
                                        "Parent Relationship": "Outer",
                                        "Parallel Aware": false,
                                        "Relation Name": "info_type",
                                        "Alias": "it2",
                                        "Startup Cost": 0.0,
                                        "Total Cost": 2.41,
                                        "Plan Rows": 1,
                                        "Plan Width": 4,
                                        "Actual Startup Time": 0.023,
                                        "Actual Total Time": 0.024,
                                        "Actual Rows": 1,
                                        "Actual Loops": 1,
                                        "Filter": "((info)::text = 'rating'::text)",
                                        "Rows Removed by Filter": 112
                                      }
                                    ]
                                  }
                                ]
                              }
                            ]
                          },
                          {
                            "Node Type": "Sort",
                            "Parent Relationship": "Inner",
                            "Parallel Aware": false,
                            "Startup Cost": 1.08,
                            "Total Cost": 1.09,
                            "Plan Rows": 4,
                            "Plan Width": 4,
                            "Actual Startup Time": 0.026,
                            "Actual Total Time": 0.027,
                            "Actual Rows": 2,
                            "Actual Loops": 1,
                            "Sort Key": [
                              "ct.id"
                            ],
                            "Sort Method": "quicksort",
                            "Sort Space Used": 25,
                            "Sort Space Type": "Memory",
                            "Plans": [
                              {
                                "Node Type": "Seq Scan",
                                "Parent Relationship": "Outer",
                                "Parallel Aware": false,
                                "Relation Name": "company_type",
                                "Alias": "ct",
                                "Startup Cost": 0.0,
                                "Total Cost": 1.04,
                                "Plan Rows": 4,
                                "Plan Width": 4,
                                "Actual Startup Time": 0.016,
                                "Actual Total Time": 0.017,
                                "Actual Rows": 4,
                                "Actual Loops": 1
                              }
                            ]
                          }
                        ]
                      }
                    ]
                  }
                ]
              }
            ]
          },
          {
            "Node Type": "Sort",
            "Parent Relationship": "Inner",
            "Parallel Aware": false,
            "Startup Cost": 2961.59,
            "Total Cost": 2961.6,
            "Plan Rows": 4,
            "Plan Width": 4,
            "Actual Startup Time": 15.317,
            "Actual Total Time": 15.319,
            "Actual Rows": 3,
            "Actual Loops": 1,
            "Sort Key": [
              "k.id"
            ],
            "Sort Method": "quicksort",
            "Sort Space Used": 25,
            "Sort Space Type": "Memory",
            "Plans": [
              {
                "Node Type": "Seq Scan",
                "Parent Relationship": "Outer",
                "Parallel Aware": false,
                "Relation Name": "keyword",
                "Alias": "k",
                "Startup Cost": 0.0,
                "Total Cost": 2961.55,
                "Plan Rows": 4,
                "Plan Width": 4,
                "Actual Startup Time": 0.79,
                "Actual Total Time": 15.301,
                "Actual Rows": 3,
                "Actual Loops": 1,
                "Filter": "(keyword = ANY ('{murder,murder-in-title,blood,violence}'::text[]))",
                "Rows Removed by Filter": 134167
              }
            ]
          }
        ]
      }
    ]
  },
  "Planning Time": 46.478,
  "Triggers": [],
  "Execution Time": 10681.275
}