[
    {
        "Bao": {
            "Bao prediction": "NaN",
            "Bao recommended hint": "(no hint)"
        }
    },
    {
        "Plan": {
            "Node Type": "Aggregate",
            "Strategy": "Plain",
            "Partial Mode": "Finalize",
            "Parallel Aware": false,
            "Startup Cost": 303084.33,
            "Total Cost": 303084.34,
            "Plan Rows": 1,
            "Plan Width": 8,
            "Actual Startup Time": 195.794,
            "Actual Total Time": 200.868,
            "Actual Rows": 1,
            "Actual Loops": 1,
            "Output": [
                "count(*)"
            ],
            "Plans": [
                {
                    "Node Type": "Gather",
                    "Parent Relationship": "Outer",
                    "Parallel Aware": false,
                    "Startup Cost": 303083.71,
                    "Total Cost": 303084.32,
                    "Plan Rows": 6,
                    "Plan Width": 8,
                    "Actual Startup Time": 194.763,
                    "Actual Total Time": 200.861,
                    "Actual Rows": 7,
                    "Actual Loops": 1,
                    "Output": [
                        "(PARTIAL count(*))"
                    ],
                    "Workers Planned": 6,
                    "Workers Launched": 6,
                    "Single Copy": false,
                    "Plans": [
                        {
                            "Node Type": "Aggregate",
                            "Strategy": "Plain",
                            "Partial Mode": "Partial",
                            "Parent Relationship": "Outer",
                            "Parallel Aware": false,
                            "Startup Cost": 302083.71,
                            "Total Cost": 302083.72,
                            "Plan Rows": 1,
                            "Plan Width": 8,
                            "Actual Startup Time": 184.216,
                            "Actual Total Time": 184.217,
                            "Actual Rows": 1,
                            "Actual Loops": 7,
                            "Output": [
                                "PARTIAL count(*)"
                            ],
                            "Workers": [
                                {
                                    "Worker Number": 0,
                                    "Actual Startup Time": 181.98,
                                    "Actual Total Time": 181.981,
                                    "Actual Rows": 1,
                                    "Actual Loops": 1
                                },
                                {
                                    "Worker Number": 1,
                                    "Actual Startup Time": 182.068,
                                    "Actual Total Time": 182.069,
                                    "Actual Rows": 1,
                                    "Actual Loops": 1
                                },
                                {
                                    "Worker Number": 2,
                                    "Actual Startup Time": 182.432,
                                    "Actual Total Time": 182.434,
                                    "Actual Rows": 1,
                                    "Actual Loops": 1
                                },
                                {
                                    "Worker Number": 3,
                                    "Actual Startup Time": 182.46,
                                    "Actual Total Time": 182.461,
                                    "Actual Rows": 1,
                                    "Actual Loops": 1
                                },
                                {
                                    "Worker Number": 4,
                                    "Actual Startup Time": 182.919,
                                    "Actual Total Time": 182.92,
                                    "Actual Rows": 1,
                                    "Actual Loops": 1
                                },
                                {
                                    "Worker Number": 5,
                                    "Actual Startup Time": 183.393,
                                    "Actual Total Time": 183.394,
                                    "Actual Rows": 1,
                                    "Actual Loops": 1
                                }
                            ],
                            "Plans": [
                                {
                                    "Node Type": "Bitmap Heap Scan",
                                    "Parent Relationship": "Outer",
                                    "Parallel Aware": true,
                                    "Relation Name": "cast_info",
                                    "Schema": "public",
                                    "Alias": "ci",
                                    "Startup Cost": 44372.28,
                                    "Total Cost": 301246.3,
                                    "Plan Rows": 334962,
                                    "Plan Width": 0,
                                    "Actual Startup Time": 83.85,
                                    "Actual Total Time": 168.594,
                                    "Actual Rows": 302741,
                                    "Actual Loops": 7,
                                    "Recheck Cond": "(ci.person_id > 3648614)",
                                    "Rows Removed by Index Recheck": 0,
                                    "Exact Heap Blocks": 7323,
                                    "Lossy Heap Blocks": 0,
                                    "Workers": [
                                        {
                                            "Worker Number": 0,
                                            "Actual Startup Time": 81.737,
                                            "Actual Total Time": 167.014,
                                            "Actual Rows": 273353,
                                            "Actual Loops": 1
                                        },
                                        {
                                            "Worker Number": 1,
                                            "Actual Startup Time": 81.748,
                                            "Actual Total Time": 167.066,
                                            "Actual Rows": 274388,
                                            "Actual Loops": 1
                                        },
                                        {
                                            "Worker Number": 2,
                                            "Actual Startup Time": 82.024,
                                            "Actual Total Time": 167.433,
                                            "Actual Rows": 264792,
                                            "Actual Loops": 1
                                        },
                                        {
                                            "Worker Number": 3,
                                            "Actual Startup Time": 82.605,
                                            "Actual Total Time": 167.389,
                                            "Actual Rows": 272140,
                                            "Actual Loops": 1
                                        },
                                        {
                                            "Worker Number": 4,
                                            "Actual Startup Time": 82.414,
                                            "Actual Total Time": 167.769,
                                            "Actual Rows": 265701,
                                            "Actual Loops": 1
                                        },
                                        {
                                            "Worker Number": 5,
                                            "Actual Startup Time": 82.976,
                                            "Actual Total Time": 168.095,
                                            "Actual Rows": 269848,
                                            "Actual Loops": 1
                                        }
                                    ],
                                    "Plans": [
                                        {
                                            "Node Type": "Bitmap Index Scan",
                                            "Parent Relationship": "Outer",
                                            "Parallel Aware": false,
                                            "Index Name": "person_id_cast_info",
                                            "Startup Cost": 0.0,
                                            "Total Cost": 43869.84,
                                            "Plan Rows": 2009770,
                                            "Plan Width": 0,
                                            "Actual Startup Time": 88.621,
                                            "Actual Total Time": 88.621,
                                            "Actual Rows": 2119188,
                                            "Actual Loops": 1,
                                            "Index Cond": "(ci.person_id > 3648614)"
                                        }
                                    ]
                                }
                            ]
                        }
                    ]
                }
            ]
        },
        "Planning Time": 188.248,
        "Triggers": [],
        "Execution Time": 200.97
    }
]