{
  "Plan": {
    "Node Type": "Aggregate",
    "Strategy": "Plain",
    "Partial Mode": "Finalize",
    "Parallel Aware": false,
    "Startup Cost": 933021.99,
    "Total Cost": 933022.0,
    "Plan Rows": 1,
    "Plan Width": 8,
    "Actual Startup Time": 3786.989,
    "Actual Total Time": 3869.953,
    "Actual Rows": 1,
    "Actual Loops": 1,
    "Plans": [
      {
        "Node Type": "Gather",
        "Parent Relationship": "Outer",
        "Parallel Aware": false,
        "Startup Cost": 933021.88,
        "Total Cost": 933021.99,
        "Plan Rows": 1,
        "Plan Width": 8,
        "Actual Startup Time": 3785.104,
        "Actual Total Time": 3869.945,
        "Actual Rows": 2,
        "Actual Loops": 1,
        "Workers Planned": 1,
        "Workers Launched": 1,
        "Single Copy": false,
        "Plans": [
          {
            "Node Type": "Aggregate",
            "Strategy": "Plain",
            "Partial Mode": "Partial",
            "Parent Relationship": "Outer",
            "Parallel Aware": false,
            "Startup Cost": 932021.88,
            "Total Cost": 932021.89,
            "Plan Rows": 1,
            "Plan Width": 8,
            "Actual Startup Time": 3778.458,
            "Actual Total Time": 3778.464,
            "Actual Rows": 1,
            "Actual Loops": 2,
            "Plans": [
              {
                "Node Type": "Hash Join",
                "Parent Relationship": "Outer",
                "Parallel Aware": true,
                "Join Type": "Inner",
                "Startup Cost": 610647.11,
                "Total Cost": 923391.35,
                "Plan Rows": 3452213,
                "Plan Width": 0,
                "Actual Startup Time": 1950.385,
                "Actual Total Time": 3737.502,
                "Actual Rows": 1000377,
                "Actual Loops": 2,
                "Inner Unique": false,
                "Hash Cond": "(mi.movie_id = t.id)",
                "Plans": [
                  {
                    "Node Type": "Seq Scan",
                    "Parent Relationship": "Outer",
                    "Parallel Aware": true,
                    "Relation Name": "movie_info",
                    "Alias": "mi",
                    "Startup Cost": 0.0,
                    "Total Cost": 248955.74,
                    "Plan Rows": 8696274,
                    "Plan Width": 4,
                    "Actual Startup Time": 0.016,
                    "Actual Total Time": 622.451,
                    "Actual Rows": 7417860,
                    "Actual Loops": 2
                  },
                  {
                    "Node Type": "Hash",
                    "Parent Relationship": "Inner",
                    "Parallel Aware": true,
                    "Startup Cost": 603267.17,
                    "Total Cost": 603267.17,
                    "Plan Rows": 590395,
                    "Plan Width": 8,
                    "Actual Startup Time": 1939.551,
                    "Actual Total Time": 1939.555,
                    "Actual Rows": 282465,
                    "Actual Loops": 2,
                    "Hash Buckets": 1048576,
                    "Original Hash Buckets": 1048576,
                    "Hash Batches": 1,
                    "Original Hash Batches": 1,
                    "Peak Memory Usage": 30336,
                    "Plans": [
                      {
                        "Node Type": "Hash Join",
                        "Parent Relationship": "Outer",
                        "Parallel Aware": true,
                        "Join Type": "Inner",
                        "Startup Cost": 60055.08,
                        "Total Cost": 603267.17,
                        "Plan Rows": 590395,
                        "Plan Width": 8,
                        "Actual Startup Time": 174.756,
                        "Actual Total Time": 1846.123,
                        "Actual Rows": 282465,
                        "Actual Loops": 2,
                        "Inner Unique": true,
                        "Hash Cond": "(ci.movie_id = t.id)",
                        "Plans": [
                          {
                            "Node Type": "Index Scan",
                            "Parent Relationship": "Outer",
                            "Parallel Aware": true,
                            "Scan Direction": "Forward",
                            "Index Name": "role_id_cast_info",
                            "Relation Name": "cast_info",
                            "Alias": "ci",
                            "Startup Cost": 0.56,
                            "Total Cost": 526730.69,
                            "Plan Rows": 6278836,
                            "Plan Width": 4,
                            "Actual Startup Time": 0.051,
                            "Actual Total Time": 1098.596,
                            "Actual Rows": 2831170,
                            "Actual Loops": 2,
                            "Index Cond": "(role_id > 2)",
                            "Rows Removed by Index Recheck": 0,
                            "Filter": "(person_id < 2421413)",
                            "Rows Removed by Filter": 5229672
                          },
                          {
                            "Node Type": "Hash",
                            "Parent Relationship": "Inner",
                            "Parallel Aware": true,
                            "Startup Cost": 58306.47,
                            "Total Cost": 58306.47,
                            "Plan Rows": 139844,
                            "Plan Width": 4,
                            "Actual Startup Time": 173.134,
                            "Actual Total Time": 173.135,
                            "Actual Rows": 128453,
                            "Actual Loops": 2,
                            "Hash Buckets": 262144,
                            "Original Hash Buckets": 262144,
                            "Hash Batches": 1,
                            "Original Hash Batches": 1,
                            "Peak Memory Usage": 12128,
                            "Plans": [
                              {
                                "Node Type": "Seq Scan",
                                "Parent Relationship": "Outer",
                                "Parallel Aware": true,
                                "Relation Name": "title",
                                "Alias": "t",
                                "Startup Cost": 0.0,
                                "Total Cost": 58306.47,
                                "Plan Rows": 139844,
                                "Plan Width": 4,
                                "Actual Startup Time": 0.034,
                                "Actual Total Time": 141.595,
                                "Actual Rows": 128453,
                                "Actual Loops": 2,
                                "Filter": "((production_year > 2010) AND (kind_id = 7))",
                                "Rows Removed by Filter": 1135703
                              }
                            ]
                          }
                        ]
                      }
                    ]
                  }
                ]
              }
            ]
          }
        ]
      }
    ]
  },
  "Planning Time": 0.973,
  "Triggers": [],
  "Execution Time": 3870.057
}