[
    {
        "Bao": {
            "Bao prediction": "NaN",
            "Bao recommended hint": "(no hint)"
        }
    },
    {
        "Plan": {
            "Node Type": "Aggregate",
            "Strategy": "Plain",
            "Partial Mode": "Finalize",
            "Parallel Aware": false,
            "Startup Cost": 347915.1,
            "Total Cost": 347915.11,
            "Plan Rows": 1,
            "Plan Width": 8,
            "Actual Startup Time": 674.652,
            "Actual Total Time": 703.276,
            "Actual Rows": 1,
            "Actual Loops": 1,
            "Output": [
                "count(*)"
            ],
            "Plans": [
                {
                    "Node Type": "Gather",
                    "Parent Relationship": "Outer",
                    "Parallel Aware": false,
                    "Startup Cost": 347914.48,
                    "Total Cost": 347915.09,
                    "Plan Rows": 6,
                    "Plan Width": 8,
                    "Actual Startup Time": 674.55,
                    "Actual Total Time": 703.266,
                    "Actual Rows": 7,
                    "Actual Loops": 1,
                    "Output": [
                        "(PARTIAL count(*))"
                    ],
                    "Workers Planned": 6,
                    "Workers Launched": 6,
                    "Single Copy": false,
                    "Plans": [
                        {
                            "Node Type": "Aggregate",
                            "Strategy": "Plain",
                            "Partial Mode": "Partial",
                            "Parent Relationship": "Outer",
                            "Parallel Aware": false,
                            "Startup Cost": 346914.48,
                            "Total Cost": 346914.49,
                            "Plan Rows": 1,
                            "Plan Width": 8,
                            "Actual Startup Time": 665.076,
                            "Actual Total Time": 665.077,
                            "Actual Rows": 1,
                            "Actual Loops": 7,
                            "Output": [
                                "PARTIAL count(*)"
                            ],
                            "Workers": [
                                {
                                    "Worker Number": 0,
                                    "Actual Startup Time": 662.77,
                                    "Actual Total Time": 662.771,
                                    "Actual Rows": 1,
                                    "Actual Loops": 1
                                },
                                {
                                    "Worker Number": 1,
                                    "Actual Startup Time": 663.095,
                                    "Actual Total Time": 663.097,
                                    "Actual Rows": 1,
                                    "Actual Loops": 1
                                },
                                {
                                    "Worker Number": 2,
                                    "Actual Startup Time": 663.305,
                                    "Actual Total Time": 663.305,
                                    "Actual Rows": 1,
                                    "Actual Loops": 1
                                },
                                {
                                    "Worker Number": 3,
                                    "Actual Startup Time": 663.717,
                                    "Actual Total Time": 663.718,
                                    "Actual Rows": 1,
                                    "Actual Loops": 1
                                },
                                {
                                    "Worker Number": 4,
                                    "Actual Startup Time": 664.045,
                                    "Actual Total Time": 664.046,
                                    "Actual Rows": 1,
                                    "Actual Loops": 1
                                },
                                {
                                    "Worker Number": 5,
                                    "Actual Startup Time": 664.383,
                                    "Actual Total Time": 664.384,
                                    "Actual Rows": 1,
                                    "Actual Loops": 1
                                }
                            ],
                            "Plans": [
                                {
                                    "Node Type": "Seq Scan",
                                    "Parent Relationship": "Outer",
                                    "Parallel Aware": true,
                                    "Relation Name": "cast_info",
                                    "Schema": "public",
                                    "Alias": "ci",
                                    "Startup Cost": 0.0,
                                    "Total Cost": 343318.94,
                                    "Plan Rows": 1438215,
                                    "Plan Width": 0,
                                    "Actual Startup Time": 229.957,
                                    "Actual Total Time": 636.707,
                                    "Actual Rows": 527442,
                                    "Actual Loops": 7,
                                    "Output": [
                                        "id",
                                        "person_id",
                                        "movie_id",
                                        "person_role_id",
                                        "note",
                                        "nr_order",
                                        "role_id"
                                    ],
                                    "Filter": "((ci.person_id < 1314214) AND (ci.role_id > 1))",
                                    "Rows Removed by Filter": 4650321,
                                    "Workers": [
                                        {
                                            "Worker Number": 0,
                                            "Actual Startup Time": 226.755,
                                            "Actual Total Time": 635.56,
                                            "Actual Rows": 397619,
                                            "Actual Loops": 1
                                        },
                                        {
                                            "Worker Number": 1,
                                            "Actual Startup Time": 229.488,
                                            "Actual Total Time": 635.741,
                                            "Actual Rows": 400360,
                                            "Actual Loops": 1
                                        },
                                        {
                                            "Worker Number": 2,
                                            "Actual Startup Time": 228.87,
                                            "Actual Total Time": 635.829,
                                            "Actual Rows": 401966,
                                            "Actual Loops": 1
                                        },
                                        {
                                            "Worker Number": 3,
                                            "Actual Startup Time": 229.201,
                                            "Actual Total Time": 636.335,
                                            "Actual Rows": 644841,
                                            "Actual Loops": 1
                                        },
                                        {
                                            "Worker Number": 4,
                                            "Actual Startup Time": 227.849,
                                            "Actual Total Time": 636.385,
                                            "Actual Rows": 651903,
                                            "Actual Loops": 1
                                        },
                                        {
                                            "Worker Number": 5,
                                            "Actual Startup Time": 228.477,
                                            "Actual Total Time": 636.417,
                                            "Actual Rows": 409235,
                                            "Actual Loops": 1
                                        }
                                    ]
                                }
                            ]
                        }
                    ]
                }
            ]
        },
        "Planning Time": 190.786,
        "Triggers": [],
        "Execution Time": 703.326
    }
]