{
  "Plan": {
    "Node Type": "Aggregate",
    "Strategy": "Plain",
    "Partial Mode": "Finalize",
    "Parallel Aware": false,
    "Startup Cost": 681645.72,
    "Total Cost": 681645.73,
    "Plan Rows": 1,
    "Plan Width": 8,
    "Actual Startup Time": 3078.649,
    "Actual Total Time": 3120.627,
    "Actual Rows": 1,
    "Actual Loops": 1,
    "Plans": [
      {
        "Node Type": "Gather",
        "Parent Relationship": "Outer",
        "Parallel Aware": false,
        "Startup Cost": 681645.61,
        "Total Cost": 681645.72,
        "Plan Rows": 1,
        "Plan Width": 8,
        "Actual Startup Time": 3074.377,
        "Actual Total Time": 3120.618,
        "Actual Rows": 2,
        "Actual Loops": 1,
        "Workers Planned": 1,
        "Workers Launched": 1,
        "Single Copy": false,
        "Plans": [
          {
            "Node Type": "Aggregate",
            "Strategy": "Plain",
            "Partial Mode": "Partial",
            "Parent Relationship": "Outer",
            "Parallel Aware": false,
            "Startup Cost": 680645.61,
            "Total Cost": 680645.62,
            "Plan Rows": 1,
            "Plan Width": 8,
            "Actual Startup Time": 3068.816,
            "Actual Total Time": 3069.493,
            "Actual Rows": 1,
            "Actual Loops": 2,
            "Plans": [
              {
                "Node Type": "Hash Join",
                "Parent Relationship": "Outer",
                "Parallel Aware": true,
                "Join Type": "Inner",
                "Startup Cost": 608757.66,
                "Total Cost": 679039.84,
                "Plan Rows": 642309,
                "Plan Width": 0,
                "Actual Startup Time": 2686.983,
                "Actual Total Time": 3051.331,
                "Actual Rows": 466872,
                "Actual Loops": 2,
                "Inner Unique": false,
                "Hash Cond": "(mk.movie_id = t.id)",
                "Plans": [
                  {
                    "Node Type": "Seq Scan",
                    "Parent Relationship": "Outer",
                    "Parallel Aware": true,
                    "Relation Name": "movie_keyword",
                    "Alias": "mk",
                    "Startup Cost": 0.0,
                    "Total Cost": 57718.19,
                    "Plan Rows": 1757140,
                    "Plan Width": 4,
                    "Actual Startup Time": 0.014,
                    "Actual Total Time": 183.832,
                    "Actual Rows": 1491968,
                    "Actual Loops": 2,
                    "Filter": "(keyword_id < 10294)",
                    "Rows Removed by Filter": 769997
                  },
                  {
                    "Node Type": "Hash",
                    "Parent Relationship": "Inner",
                    "Parallel Aware": true,
                    "Startup Cost": 601962.08,
                    "Total Cost": 601962.08,
                    "Plan Rows": 543646,
                    "Plan Width": 8,
                    "Actual Startup Time": 2677.965,
                    "Actual Total Time": 2678.64,
                    "Actual Rows": 773646,
                    "Actual Loops": 2,
                    "Hash Buckets": 2097152,
                    "Original Hash Buckets": 1048576,
                    "Hash Batches": 1,
                    "Original Hash Batches": 1,
                    "Peak Memory Usage": 85120,
                    "Plans": [
                      {
                        "Node Type": "Hash Join",
                        "Parent Relationship": "Outer",
                        "Parallel Aware": true,
                        "Join Type": "Inner",
                        "Startup Cost": 60055.08,
                        "Total Cost": 601962.08,
                        "Plan Rows": 543646,
                        "Plan Width": 8,
                        "Actual Startup Time": 166.988,
                        "Actual Total Time": 2434.35,
                        "Actual Rows": 773646,
                        "Actual Loops": 2,
                        "Inner Unique": true,
                        "Hash Cond": "(ci.movie_id = t.id)",
                        "Plans": [
                          {
                            "Node Type": "Index Scan",
                            "Parent Relationship": "Outer",
                            "Parallel Aware": true,
                            "Scan Direction": "Forward",
                            "Index Name": "role_id_cast_info",
                            "Relation Name": "cast_info",
                            "Alias": "ci",
                            "Startup Cost": 0.56,
                            "Total Cost": 526730.69,
                            "Plan Rows": 5781658,
                            "Plan Width": 4,
                            "Actual Startup Time": 0.073,
                            "Actual Total Time": 1210.975,
                            "Actual Rows": 6044359,
                            "Actual Loops": 2,
                            "Index Cond": "(role_id > 2)",
                            "Rows Removed by Index Recheck": 0,
                            "Filter": "(person_id > 1428740)",
                            "Rows Removed by Filter": 2016482
                          },
                          {
                            "Node Type": "Hash",
                            "Parent Relationship": "Inner",
                            "Parallel Aware": true,
                            "Startup Cost": 58306.47,
                            "Total Cost": 58306.47,
                            "Plan Rows": 139844,
                            "Plan Width": 4,
                            "Actual Startup Time": 165.152,
                            "Actual Total Time": 165.153,
                            "Actual Rows": 128453,
                            "Actual Loops": 2,
                            "Hash Buckets": 262144,
                            "Original Hash Buckets": 262144,
                            "Hash Batches": 1,
                            "Original Hash Batches": 1,
                            "Peak Memory Usage": 12128,
                            "Plans": [
                              {
                                "Node Type": "Seq Scan",
                                "Parent Relationship": "Outer",
                                "Parallel Aware": true,
                                "Relation Name": "title",
                                "Alias": "t",
                                "Startup Cost": 0.0,
                                "Total Cost": 58306.47,
                                "Plan Rows": 139844,
                                "Plan Width": 4,
                                "Actual Startup Time": 0.033,
                                "Actual Total Time": 133.95,
                                "Actual Rows": 128453,
                                "Actual Loops": 2,
                                "Filter": "((production_year > 2010) AND (kind_id = 7))",
                                "Rows Removed by Filter": 1135703
                              }
                            ]
                          }
                        ]
                      }
                    ]
                  }
                ]
              }
            ]
          }
        ]
      }
    ]
  },
  "Planning Time": 0.982,
  "Triggers": [],
  "Execution Time": 3120.719
}