[
  {
    "Plan": {
      "Node Type": "Aggregate",
      "Strategy": "Plain",
      "Partial Mode": "Finalize",
      "Parallel Aware": false,
      "Startup Cost": 88975.49,
      "Total Cost": 88975.5,
      "Plan Rows": 1,
      "Plan Width": 8,
      "Actual Startup Time": 242.82,
      "Actual Total Time": 263.253,
      "Actual Rows": 1,
      "Actual Loops": 1,
      "Plans": [
        {
          "Node Type": "Gather",
          "Parent Relationship": "Outer",
          "Parallel Aware": false,
          "Startup Cost": 88975.17,
          "Total Cost": 88975.48,
          "Plan Rows": 3,
          "Plan Width": 8,
          "Actual Startup Time": 242.431,
          "Actual Total Time": 263.245,
          "Actual Rows": 4,
          "Actual Loops": 1,
          "Workers Planned": 3,
          "Workers Launched": 3,
          "Single Copy": false,
          "Plans": [
            {
              "Node Type": "Aggregate",
              "Strategy": "Plain",
              "Partial Mode": "Partial",
              "Parent Relationship": "Outer",
              "Parallel Aware": false,
              "Startup Cost": 87975.17,
              "Total Cost": 87975.18,
              "Plan Rows": 1,
              "Plan Width": 8,
              "Actual Startup Time": 234.432,
              "Actual Total Time": 234.436,
              "Actual Rows": 1,
              "Actual Loops": 4,
              "Plans": [
                {
                  "Node Type": "Nested Loop",
                  "Parent Relationship": "Outer",
                  "Parallel Aware": false,
                  "Join Type": "Inner",
                  "Startup Cost": 57632.87,
                  "Total Cost": 87965.78,
                  "Plan Rows": 3754,
                  "Plan Width": 0,
                  "Actual Startup Time": 138.453,
                  "Actual Total Time": 233.314,
                  "Actual Rows": 22182,
                  "Actual Loops": 4,
                  "Inner Unique": false,
                  "Join Filter": "(t.id = mc.movie_id)",
                  "Rows Removed by Join Filter": 0,
                  "Plans": [
                    {
                      "Node Type": "Hash Join",
                      "Parent Relationship": "Outer",
                      "Parallel Aware": true,
                      "Join Type": "Inner",
                      "Startup Cost": 57632.44,
                      "Total Cost": 85212.83,
                      "Plan Rows": 3638,
                      "Plan Width": 8,
                      "Actual Startup Time": 137.954,
                      "Actual Total Time": 212.26,
                      "Actual Rows": 2661,
                      "Actual Loops": 4,
                      "Inner Unique": true,
                      "Hash Cond": "(mk.movie_id = t.id)",
                      "Plans": [
                        {
                          "Node Type": "Bitmap Heap Scan",
                          "Parent Relationship": "Outer",
                          "Parallel Aware": true,
                          "Relation Name": "movie_keyword",
                          "Alias": "mk",
                          "Startup Cost": 13594.48,
                          "Total Cost": 40632.27,
                          "Plan Rows": 206703,
                          "Plan Width": 4,
                          "Actual Startup Time": 36.369,
                          "Actual Total Time": 92.699,
                          "Actual Rows": 155728,
                          "Actual Loops": 4,
                          "Recheck Cond": "(keyword_id > 29329)",
                          "Rows Removed by Index Recheck": 0,
                          "Exact Heap Blocks": 8505,
                          "Lossy Heap Blocks": 0,
                          "Plans": [
                            {
                              "Node Type": "Bitmap Index Scan",
                              "Parent Relationship": "Outer",
                              "Parallel Aware": false,
                              "Index Name": "keyword_id_movie_keyword",
                              "Startup Cost": 0.0,
                              "Total Cost": 13434.28,
                              "Plan Rows": 640780,
                              "Plan Width": 0,
                              "Actual Startup Time": 32.805,
                              "Actual Total Time": 32.805,
                              "Actual Rows": 622914,
                              "Actual Loops": 1,
                              "Index Cond": "(keyword_id > 29329)"
                            }
                          ]
                        },
                        {
                          "Node Type": "Hash",
                          "Parent Relationship": "Inner",
                          "Parallel Aware": true,
                          "Startup Cost": 43898.92,
                          "Total Cost": 43898.92,
                          "Plan Rows": 11124,
                          "Plan Width": 4,
                          "Actual Startup Time": 99.813,
                          "Actual Total Time": 99.814,
                          "Actual Rows": 11646,
                          "Actual Loops": 4,
                          "Hash Buckets": 65536,
                          "Original Hash Buckets": 65536,
                          "Hash Batches": 1,
                          "Original Hash Batches": 1,
                          "Peak Memory Usage": 2400,
                          "Plans": [
                            {
                              "Node Type": "Seq Scan",
                              "Parent Relationship": "Outer",
                              "Parallel Aware": true,
                              "Relation Name": "title",
                              "Alias": "t",
                              "Startup Cost": 0.0,
                              "Total Cost": 43898.92,
                              "Plan Rows": 11124,
                              "Plan Width": 4,
                              "Actual Startup Time": 0.058,
                              "Actual Total Time": 94.396,
                              "Actual Rows": 11646,
                              "Actual Loops": 4,
                              "Filter": "(production_year = 1998)",
                              "Rows Removed by Filter": 620432
                            }
                          ]
                        }
                      ]
                    },
                    {
                      "Node Type": "Index Only Scan",
                      "Parent Relationship": "Inner",
                      "Parallel Aware": false,
                      "Scan Direction": "Forward",
                      "Index Name": "movie_id_movie_companies",
                      "Relation Name": "movie_companies",
                      "Alias": "mc",
                      "Startup Cost": 0.43,
                      "Total Cost": 0.69,
                      "Plan Rows": 5,
                      "Plan Width": 4,
                      "Actual Startup Time": 0.005,
                      "Actual Total Time": 0.007,
                      "Actual Rows": 8,
                      "Actual Loops": 10645,
                      "Index Cond": "(movie_id = mk.movie_id)",
                      "Rows Removed by Index Recheck": 0,
                      "Heap Fetches": 88729
                    }
                  ]
                }
              ]
            }
          ]
        }
      ]
    },
    "Planning Time": 1.375,
    "Triggers": [],
    "Execution Time": 263.356
  }
]