[
  {
    "Plan": {
      "Node Type": "Aggregate",
      "Strategy": "Plain",
      "Partial Mode": "Finalize",
      "Parallel Aware": false,
      "Startup Cost": 76907.59,
      "Total Cost": 76907.6,
      "Plan Rows": 1,
      "Plan Width": 8,
      "Actual Startup Time": 195.203,
      "Actual Total Time": 212.781,
      "Actual Rows": 1,
      "Actual Loops": 1,
      "Plans": [
        {
          "Node Type": "Gather",
          "Parent Relationship": "Outer",
          "Parallel Aware": false,
          "Startup Cost": 76907.27,
          "Total Cost": 76907.58,
          "Plan Rows": 3,
          "Plan Width": 8,
          "Actual Startup Time": 194.8,
          "Actual Total Time": 212.764,
          "Actual Rows": 4,
          "Actual Loops": 1,
          "Workers Planned": 3,
          "Workers Launched": 3,
          "Single Copy": false,
          "Plans": [
            {
              "Node Type": "Aggregate",
              "Strategy": "Plain",
              "Partial Mode": "Partial",
              "Parent Relationship": "Outer",
              "Parallel Aware": false,
              "Startup Cost": 75907.27,
              "Total Cost": 75907.28,
              "Plan Rows": 1,
              "Plan Width": 8,
              "Actual Startup Time": 187.393,
              "Actual Total Time": 187.401,
              "Actual Rows": 1,
              "Actual Loops": 4,
              "Plans": [
                {
                  "Node Type": "Hash Join",
                  "Parent Relationship": "Outer",
                  "Parallel Aware": true,
                  "Join Type": "Inner",
                  "Startup Cost": 44088.7,
                  "Total Cost": 75898.26,
                  "Plan Rows": 3604,
                  "Plan Width": 0,
                  "Actual Startup Time": 123.531,
                  "Actual Total Time": 187.301,
                  "Actual Rows": 888,
                  "Actual Loops": 4,
                  "Inner Unique": true,
                  "Hash Cond": "(mc.movie_id = t.id)",
                  "Plans": [
                    {
                      "Node Type": "Seq Scan",
                      "Parent Relationship": "Outer",
                      "Parallel Aware": true,
                      "Relation Name": "movie_companies",
                      "Alias": "mc",
                      "Startup Cost": 0.0,
                      "Total Cost": 31414.82,
                      "Plan Rows": 150380,
                      "Plan Width": 4,
                      "Actual Startup Time": 11.739,
                      "Actual Total Time": 68.08,
                      "Actual Rows": 36958,
                      "Actual Loops": 4,
                      "Filter": "((company_id > 18782) AND (company_type_id < 2))",
                      "Rows Removed by Filter": 615324
                    },
                    {
                      "Node Type": "Hash",
                      "Parent Relationship": "Inner",
                      "Parallel Aware": true,
                      "Startup Cost": 43899.32,
                      "Total Cost": 43899.32,
                      "Plan Rows": 15150,
                      "Plan Width": 4,
                      "Actual Startup Time": 110.033,
                      "Actual Total Time": 110.035,
                      "Actual Rows": 15642,
                      "Actual Loops": 4,
                      "Hash Buckets": 65536,
                      "Original Hash Buckets": 65536,
                      "Hash Batches": 1,
                      "Original Hash Batches": 1,
                      "Peak Memory Usage": 3040,
                      "Plans": [
                        {
                          "Node Type": "Seq Scan",
                          "Parent Relationship": "Outer",
                          "Parallel Aware": true,
                          "Relation Name": "title",
                          "Alias": "t",
                          "Startup Cost": 0.0,
                          "Total Cost": 43899.32,
                          "Plan Rows": 15150,
                          "Plan Width": 4,
                          "Actual Startup Time": 0.043,
                          "Actual Total Time": 102.359,
                          "Actual Rows": 15642,
                          "Actual Loops": 4,
                          "Filter": "(production_year = 2002)",
                          "Rows Removed by Filter": 616436
                        }
                      ]
                    }
                  ]
                }
              ]
            }
          ]
        }
      ]
    },
    "Planning Time": 0.584,
    "Triggers": [],
    "Execution Time": 212.846
  }
]