[
  {
    "Plan": {
      "Node Type": "Aggregate",
      "Strategy": "Plain",
      "Partial Mode": "Finalize",
      "Parallel Aware": false,
      "Startup Cost": 76907.21,
      "Total Cost": 76907.22,
      "Plan Rows": 1,
      "Plan Width": 8,
      "Actual Startup Time": 175.332,
      "Actual Total Time": 192.626,
      "Actual Rows": 1,
      "Actual Loops": 1,
      "Plans": [
        {
          "Node Type": "Gather",
          "Parent Relationship": "Outer",
          "Parallel Aware": false,
          "Startup Cost": 76906.89,
          "Total Cost": 76907.2,
          "Plan Rows": 3,
          "Plan Width": 8,
          "Actual Startup Time": 174.946,
          "Actual Total Time": 192.617,
          "Actual Rows": 4,
          "Actual Loops": 1,
          "Workers Planned": 3,
          "Workers Launched": 3,
          "Single Copy": false,
          "Plans": [
            {
              "Node Type": "Aggregate",
              "Strategy": "Plain",
              "Partial Mode": "Partial",
              "Parent Relationship": "Outer",
              "Parallel Aware": false,
              "Startup Cost": 75906.89,
              "Total Cost": 75906.9,
              "Plan Rows": 1,
              "Plan Width": 8,
              "Actual Startup Time": 165.941,
              "Actual Total Time": 165.944,
              "Actual Rows": 1,
              "Actual Loops": 4,
              "Plans": [
                {
                  "Node Type": "Hash Join",
                  "Parent Relationship": "Outer",
                  "Parallel Aware": true,
                  "Join Type": "Inner",
                  "Startup Cost": 44093.8,
                  "Total Cost": 75897.75,
                  "Plan Rows": 3656,
                  "Plan Width": 0,
                  "Actual Startup Time": 111.164,
                  "Actual Total Time": 165.861,
                  "Actual Rows": 888,
                  "Actual Loops": 4,
                  "Inner Unique": true,
                  "Hash Cond": "(mc.movie_id = t.id)",
                  "Plans": [
                    {
                      "Node Type": "Seq Scan",
                      "Parent Relationship": "Outer",
                      "Parallel Aware": true,
                      "Relation Name": "movie_companies",
                      "Alias": "mc",
                      "Startup Cost": 0.0,
                      "Total Cost": 31414.82,
                      "Plan Rows": 148240,
                      "Plan Width": 4,
                      "Actual Startup Time": 10.114,
                      "Actual Total Time": 58.471,
                      "Actual Rows": 36958,
                      "Actual Loops": 4,
                      "Filter": "((company_id > 18782) AND (company_type_id < 2))",
                      "Rows Removed by Filter": 615324
                    },
                    {
                      "Node Type": "Hash",
                      "Parent Relationship": "Inner",
                      "Parallel Aware": true,
                      "Startup Cost": 43898.92,
                      "Total Cost": 43898.92,
                      "Plan Rows": 15591,
                      "Plan Width": 4,
                      "Actual Startup Time": 99.347,
                      "Actual Total Time": 99.348,
                      "Actual Rows": 15642,
                      "Actual Loops": 4,
                      "Hash Buckets": 65536,
                      "Original Hash Buckets": 65536,
                      "Hash Batches": 1,
                      "Original Hash Batches": 1,
                      "Peak Memory Usage": 3008,
                      "Plans": [
                        {
                          "Node Type": "Seq Scan",
                          "Parent Relationship": "Outer",
                          "Parallel Aware": true,
                          "Relation Name": "title",
                          "Alias": "t",
                          "Startup Cost": 0.0,
                          "Total Cost": 43898.92,
                          "Plan Rows": 15591,
                          "Plan Width": 4,
                          "Actual Startup Time": 0.046,
                          "Actual Total Time": 92.648,
                          "Actual Rows": 15642,
                          "Actual Loops": 4,
                          "Filter": "(production_year = 2002)",
                          "Rows Removed by Filter": 616436
                        }
                      ]
                    }
                  ]
                }
              ]
            }
          ]
        }
      ]
    },
    "Planning Time": 0.663,
    "Triggers": [],
    "Execution Time": 192.699
  }
]