[
  {
    "Plan": {
      "Node Type": "Aggregate",
      "Strategy": "Plain",
      "Partial Mode": "Simple",
      "Parallel Aware": false,
      "Startup Cost": 28268.6,
      "Total Cost": 28268.61,
      "Plan Rows": 1,
      "Plan Width": 8,
      "Actual Startup Time": 61.376,
      "Actual Total Time": 61.377,
      "Actual Rows": 1,
      "Actual Loops": 1,
      "Plans": [
        {
          "Node Type": "Bitmap Heap Scan",
          "Parent Relationship": "Outer",
          "Parallel Aware": false,
          "Relation Name": "movie_keyword",
          "Alias": "mk",
          "Startup Cost": 2236.03,
          "Total Cost": 28005.5,
          "Plan Rows": 105238,
          "Plan Width": 0,
          "Actual Startup Time": 16.65,
          "Actual Total Time": 56.416,
          "Actual Rows": 109861,
          "Actual Loops": 1,
          "Recheck Cond": "(keyword_id < 108)",
          "Rows Removed by Index Recheck": 0,
          "Exact Heap Blocks": 22229,
          "Lossy Heap Blocks": 0,
          "Plans": [
            {
              "Node Type": "Bitmap Index Scan",
              "Parent Relationship": "Outer",
              "Parallel Aware": false,
              "Index Name": "keyword_id_movie_keyword",
              "Startup Cost": 0.0,
              "Total Cost": 2209.72,
              "Plan Rows": 105238,
              "Plan Width": 0,
              "Actual Startup Time": 11.916,
              "Actual Total Time": 11.916,
              "Actual Rows": 109861,
              "Actual Loops": 1,
              "Index Cond": "(keyword_id < 108)"
            }
          ]
        }
      ]
    },
    "Planning Time": 0.129,
    "Triggers": [],
    "Execution Time": 61.427
  }
]