[
  {
    "Plan": {
      "Node Type": "Aggregate",
      "Strategy": "Plain",
      "Partial Mode": "Simple",
      "Parallel Aware": false,
      "Startup Cost": 28088.8,
      "Total Cost": 28088.81,
      "Plan Rows": 1,
      "Plan Width": 8,
      "Actual Startup Time": 78.121,
      "Actual Total Time": 78.123,
      "Actual Rows": 1,
      "Actual Loops": 1,
      "Plans": [
        {
          "Node Type": "Bitmap Heap Scan",
          "Parent Relationship": "Outer",
          "Parallel Aware": false,
          "Relation Name": "movie_keyword",
          "Alias": "mk",
          "Startup Cost": 2129.94,
          "Total Cost": 27837.99,
          "Plan Rows": 100324,
          "Plan Width": 0,
          "Actual Startup Time": 26.344,
          "Actual Total Time": 73.207,
          "Actual Rows": 109861,
          "Actual Loops": 1,
          "Recheck Cond": "(keyword_id < 108)",
          "Rows Removed by Index Recheck": 0,
          "Exact Heap Blocks": 22229,
          "Lossy Heap Blocks": 0,
          "Plans": [
            {
              "Node Type": "Bitmap Index Scan",
              "Parent Relationship": "Outer",
              "Parallel Aware": false,
              "Index Name": "keyword_id_movie_keyword",
              "Startup Cost": 0.0,
              "Total Cost": 2104.86,
              "Plan Rows": 100324,
              "Plan Width": 0,
              "Actual Startup Time": 19.794,
              "Actual Total Time": 19.795,
              "Actual Rows": 109861,
              "Actual Loops": 1,
              "Index Cond": "(keyword_id < 108)"
            }
          ]
        }
      ]
    },
    "Planning Time": 0.157,
    "Triggers": [],
    "Execution Time": 78.184
  }
]