[
    {
        "Bao": {
            "Bao prediction": 492.588,
            "Bao recommended hint": "(no hint)"
        }
    },
    {
        "Plan": {
            "Node Type": "Aggregate",
            "Strategy": "Plain",
            "Partial Mode": "Finalize",
            "Parallel Aware": false,
            "Startup Cost": 32122.67,
            "Total Cost": 32122.68,
            "Plan Rows": 1,
            "Plan Width": 8,
            "Actual Startup Time": 151.762,
            "Actual Total Time": 156.973,
            "Actual Rows": 1,
            "Actual Loops": 1,
            "Output": [
                "count(*)"
            ],
            "Plans": [
                {
                    "Node Type": "Gather",
                    "Parent Relationship": "Outer",
                    "Parallel Aware": false,
                    "Startup Cost": 32122.36,
                    "Total Cost": 32122.67,
                    "Plan Rows": 3,
                    "Plan Width": 8,
                    "Actual Startup Time": 151.656,
                    "Actual Total Time": 156.965,
                    "Actual Rows": 4,
                    "Actual Loops": 1,
                    "Output": [
                        "(PARTIAL count(*))"
                    ],
                    "Workers Planned": 3,
                    "Workers Launched": 3,
                    "Single Copy": false,
                    "Plans": [
                        {
                            "Node Type": "Aggregate",
                            "Strategy": "Plain",
                            "Partial Mode": "Partial",
                            "Parent Relationship": "Outer",
                            "Parallel Aware": false,
                            "Startup Cost": 31122.36,
                            "Total Cost": 31122.37,
                            "Plan Rows": 1,
                            "Plan Width": 8,
                            "Actual Startup Time": 144.153,
                            "Actual Total Time": 144.154,
                            "Actual Rows": 1,
                            "Actual Loops": 4,
                            "Output": [
                                "PARTIAL count(*)"
                            ],
                            "Workers": [
                                {
                                    "Worker Number": 0,
                                    "Actual Startup Time": 141.653,
                                    "Actual Total Time": 141.654,
                                    "Actual Rows": 1,
                                    "Actual Loops": 1
                                },
                                {
                                    "Worker Number": 1,
                                    "Actual Startup Time": 141.85,
                                    "Actual Total Time": 141.851,
                                    "Actual Rows": 1,
                                    "Actual Loops": 1
                                },
                                {
                                    "Worker Number": 2,
                                    "Actual Startup Time": 142.049,
                                    "Actual Total Time": 142.049,
                                    "Actual Rows": 1,
                                    "Actual Loops": 1
                                }
                            ],
                            "Plans": [
                                {
                                    "Node Type": "Seq Scan",
                                    "Parent Relationship": "Outer",
                                    "Parallel Aware": true,
                                    "Relation Name": "movie_companies",
                                    "Schema": "public",
                                    "Alias": "mc",
                                    "Startup Cost": 0.0,
                                    "Total Cost": 29310.68,
                                    "Plan Rows": 724670,
                                    "Plan Width": 0,
                                    "Actual Startup Time": 0.161,
                                    "Actual Total Time": 104.627,
                                    "Actual Rows": 563268,
                                    "Actual Loops": 4,
                                    "Output": [
                                        "id",
                                        "movie_id",
                                        "company_id",
                                        "company_type_id",
                                        "note"
                                    ],
                                    "Filter": "(mc.company_id > 178)",
                                    "Rows Removed by Filter": 89014,
                                    "Workers": [
                                        {
                                            "Worker Number": 0,
                                            "Actual Startup Time": 0.064,
                                            "Actual Total Time": 103.704,
                                            "Actual Rows": 536770,
                                            "Actual Loops": 1
                                        },
                                        {
                                            "Worker Number": 1,
                                            "Actual Startup Time": 0.212,
                                            "Actual Total Time": 104.032,
                                            "Actual Rows": 534612,
                                            "Actual Loops": 1
                                        },
                                        {
                                            "Worker Number": 2,
                                            "Actual Startup Time": 0.102,
                                            "Actual Total Time": 104.162,
                                            "Actual Rows": 537249,
                                            "Actual Loops": 1
                                        }
                                    ]
                                }
                            ]
                        }
                    ]
                }
            ]
        },
        "Planning Time": 1018.71,
        "Triggers": [],
        "Execution Time": 157.062
    }
]