[
  {
    "Plan": {
      "Node Type": "Aggregate",
      "Strategy": "Plain",
      "Partial Mode": "Finalize",
      "Parallel Aware": false,
      "Startup Cost": 45113.16,
      "Total Cost": 45113.17,
      "Plan Rows": 1,
      "Plan Width": 8,
      "Actual Startup Time": 135.541,
      "Actual Total Time": 143.088,
      "Actual Rows": 1,
      "Actual Loops": 1,
      "Plans": [
        {
          "Node Type": "Gather",
          "Parent Relationship": "Outer",
          "Parallel Aware": false,
          "Startup Cost": 45112.84,
          "Total Cost": 45113.15,
          "Plan Rows": 3,
          "Plan Width": 8,
          "Actual Startup Time": 135.408,
          "Actual Total Time": 143.079,
          "Actual Rows": 4,
          "Actual Loops": 1,
          "Workers Planned": 3,
          "Workers Launched": 3,
          "Single Copy": false,
          "Plans": [
            {
              "Node Type": "Aggregate",
              "Strategy": "Plain",
              "Partial Mode": "Partial",
              "Parent Relationship": "Outer",
              "Parallel Aware": false,
              "Startup Cost": 44112.84,
              "Total Cost": 44112.85,
              "Plan Rows": 1,
              "Plan Width": 8,
              "Actual Startup Time": 128.492,
              "Actual Total Time": 128.493,
              "Actual Rows": 1,
              "Actual Loops": 4,
              "Plans": [
                {
                  "Node Type": "Seq Scan",
                  "Parent Relationship": "Outer",
                  "Parallel Aware": true,
                  "Relation Name": "movie_keyword",
                  "Alias": "mk",
                  "Startup Cost": 0.0,
                  "Total Cost": 42695.65,
                  "Plan Rows": 566875,
                  "Plan Width": 0,
                  "Actual Startup Time": 1.176,
                  "Actual Total Time": 107.563,
                  "Actual Rows": 439484,
                  "Actual Loops": 4,
                  "Filter": "(keyword_id > 7880)",
                  "Rows Removed by Filter": 691498
                }
              ]
            }
          ]
        }
      ]
    },
    "Planning Time": 0.176,
    "Triggers": [],
    "Execution Time": 143.141
  }
]