[
  {
    "Plan": {
      "Node Type": "Aggregate",
      "Strategy": "Plain",
      "Partial Mode": "Finalize",
      "Parallel Aware": false,
      "Startup Cost": 121263.63,
      "Total Cost": 121263.64,
      "Plan Rows": 1,
      "Plan Width": 8,
      "Actual Startup Time": 177.01,
      "Actual Total Time": 188.325,
      "Actual Rows": 1,
      "Actual Loops": 1,
      "Plans": [
        {
          "Node Type": "Gather",
          "Parent Relationship": "Outer",
          "Parallel Aware": false,
          "Startup Cost": 121263.11,
          "Total Cost": 121263.62,
          "Plan Rows": 5,
          "Plan Width": 8,
          "Actual Startup Time": 176.912,
          "Actual Total Time": 188.316,
          "Actual Rows": 6,
          "Actual Loops": 1,
          "Workers Planned": 5,
          "Workers Launched": 5,
          "Single Copy": false,
          "Plans": [
            {
              "Node Type": "Aggregate",
              "Strategy": "Plain",
              "Partial Mode": "Partial",
              "Parent Relationship": "Outer",
              "Parallel Aware": false,
              "Startup Cost": 120263.11,
              "Total Cost": 120263.12,
              "Plan Rows": 1,
              "Plan Width": 8,
              "Actual Startup Time": 169.578,
              "Actual Total Time": 169.579,
              "Actual Rows": 1,
              "Actual Loops": 6,
              "Plans": [
                {
                  "Node Type": "Index Scan",
                  "Parent Relationship": "Outer",
                  "Parallel Aware": true,
                  "Scan Direction": "Forward",
                  "Index Name": "role_id_cast_info",
                  "Relation Name": "cast_info",
                  "Alias": "ci",
                  "Startup Cost": 0.56,
                  "Total Cost": 119623.46,
                  "Plan Rows": 255861,
                  "Plan Width": 0,
                  "Actual Startup Time": 0.198,
                  "Actual Total Time": 144.53,
                  "Actual Rows": 555905,
                  "Actual Loops": 6,
                  "Index Cond": "(role_id = 10)",
                  "Rows Removed by Index Recheck": 0,
                  "Filter": "(person_id > 2664151)",
                  "Rows Removed by Filter": 164598
                }
              ]
            }
          ]
        }
      ]
    },
    "Planning Time": 0.233,
    "Triggers": [],
    "Execution Time": 188.399
  }
]