[
    {
        "Bao": {
            "Bao prediction": "NaN",
            "Bao recommended hint": "(no hint)"
        }
    },
    {
        "Plan": {
            "Node Type": "Aggregate",
            "Strategy": "Plain",
            "Partial Mode": "Finalize",
            "Parallel Aware": false,
            "Startup Cost": 26159.97,
            "Total Cost": 26159.98,
            "Plan Rows": 1,
            "Plan Width": 8,
            "Actual Startup Time": 45.85,
            "Actual Total Time": 49.252,
            "Actual Rows": 1,
            "Actual Loops": 1,
            "Output": [
                "count(*)"
            ],
            "Plans": [
                {
                    "Node Type": "Gather",
                    "Parent Relationship": "Outer",
                    "Parallel Aware": false,
                    "Startup Cost": 26159.65,
                    "Total Cost": 26159.96,
                    "Plan Rows": 3,
                    "Plan Width": 8,
                    "Actual Startup Time": 45.56,
                    "Actual Total Time": 49.245,
                    "Actual Rows": 4,
                    "Actual Loops": 1,
                    "Output": [
                        "(PARTIAL count(*))"
                    ],
                    "Workers Planned": 3,
                    "Workers Launched": 3,
                    "Single Copy": false,
                    "Plans": [
                        {
                            "Node Type": "Aggregate",
                            "Strategy": "Plain",
                            "Partial Mode": "Partial",
                            "Parent Relationship": "Outer",
                            "Parallel Aware": false,
                            "Startup Cost": 25159.65,
                            "Total Cost": 25159.66,
                            "Plan Rows": 1,
                            "Plan Width": 8,
                            "Actual Startup Time": 36.852,
                            "Actual Total Time": 36.856,
                            "Actual Rows": 1,
                            "Actual Loops": 4,
                            "Output": [
                                "PARTIAL count(*)"
                            ],
                            "Workers": [
                                {
                                    "Worker Number": 0,
                                    "Actual Startup Time": 33.758,
                                    "Actual Total Time": 33.76,
                                    "Actual Rows": 1,
                                    "Actual Loops": 1
                                },
                                {
                                    "Worker Number": 1,
                                    "Actual Startup Time": 34.032,
                                    "Actual Total Time": 34.04,
                                    "Actual Rows": 1,
                                    "Actual Loops": 1
                                },
                                {
                                    "Worker Number": 2,
                                    "Actual Startup Time": 34.353,
                                    "Actual Total Time": 34.355,
                                    "Actual Rows": 1,
                                    "Actual Loops": 1
                                }
                            ],
                            "Plans": [
                                {
                                    "Node Type": "Bitmap Heap Scan",
                                    "Parent Relationship": "Outer",
                                    "Parallel Aware": true,
                                    "Relation Name": "movie_companies",
                                    "Schema": "public",
                                    "Alias": "mc",
                                    "Startup Cost": 5206.85,
                                    "Total Cost": 24965.85,
                                    "Plan Rows": 77520,
                                    "Plan Width": 0,
                                    "Actual Startup Time": 5.43,
                                    "Actual Total Time": 32.565,
                                    "Actual Rows": 60812,
                                    "Actual Loops": 4,
                                    "Recheck Cond": "(mc.company_id > 102383)",
                                    "Rows Removed by Index Recheck": 0,
                                    "Exact Heap Blocks": 2593,
                                    "Lossy Heap Blocks": 0,
                                    "Workers": [
                                        {
                                            "Worker Number": 0,
                                            "Actual Startup Time": 2.484,
                                            "Actual Total Time": 29.995,
                                            "Actual Rows": 33735,
                                            "Actual Loops": 1
                                        },
                                        {
                                            "Worker Number": 1,
                                            "Actual Startup Time": 2.652,
                                            "Actual Total Time": 30.406,
                                            "Actual Rows": 31584,
                                            "Actual Loops": 1
                                        },
                                        {
                                            "Worker Number": 2,
                                            "Actual Startup Time": 2.929,
                                            "Actual Total Time": 30.376,
                                            "Actual Rows": 39841,
                                            "Actual Loops": 1
                                        }
                                    ],
                                    "Plans": [
                                        {
                                            "Node Type": "Bitmap Index Scan",
                                            "Parent Relationship": "Outer",
                                            "Parallel Aware": false,
                                            "Index Name": "company_id_movie_companies",
                                            "Startup Cost": 0.0,
                                            "Total Cost": 5146.77,
                                            "Plan Rows": 240312,
                                            "Plan Width": 0,
                                            "Actual Startup Time": 12.852,
                                            "Actual Total Time": 12.853,
                                            "Actual Rows": 243248,
                                            "Actual Loops": 1,
                                            "Index Cond": "(mc.company_id > 102383)"
                                        }
                                    ]
                                }
                            ]
                        }
                    ]
                }
            ]
        },
        "Planning Time": 176.654,
        "Triggers": [],
        "Execution Time": 49.304
    }
]