{
    "Plan": {
        "Node Type": "Aggregate",
        "Strategy": "Plain",
        "Partial Mode": "Simple",
        "Parallel Aware": false,
        "Startup Cost": 20001045655.87,
        "Total Cost": 20001045655.88,
        "Plan Rows": 1,
        "Plan Width": 8,
        "Actual Startup Time": 17521.445,
        "Actual Total Time": 17521.45,
        "Actual Rows": 1,
        "Actual Loops": 1,
        "Output": [
            "count(*)"
        ],
        "Plans": [
            {
                "Node Type": "Hash Join",
                "Parent Relationship": "Outer",
                "Parallel Aware": false,
                "Join Type": "Inner",
                "Startup Cost": 20000514604.01,
                "Total Cost": 20001030512.94,
                "Plan Rows": 6057171,
                "Plan Width": 0,
                "Actual Startup Time": 4996.645,
                "Actual Total Time": 16630.144,
                "Actual Rows": 22760433,
                "Actual Loops": 1,
                "Inner Unique": false,
                "Hash Cond": "(t.id = mc.movie_id)",
                "Plans": [
                    {
                        "Node Type": "Hash Join",
                        "Parent Relationship": "Outer",
                        "Parallel Aware": false,
                        "Join Type": "Inner",
                        "Startup Cost": 10000341139.97,
                        "Total Cost": 10000745118.42,
                        "Plan Rows": 5869575,
                        "Plan Width": 8,
                        "Actual Startup Time": 3248.37,
                        "Actual Total Time": 9371.757,
                        "Actual Rows": 9046554,
                        "Actual Loops": 1,
                        "Output": [
                            "t.id",
                            "ci.movie_id"
                        ],
                        "Inner Unique": true,
                        "Hash Cond": "(ci.movie_id = t.id)",
                        "Plans": [
                            {
                                "Node Type": "Bitmap Heap Scan",
                                "Parent Relationship": "Outer",
                                "Parallel Aware": false,
                                "Relation Name": "cast_info",
                                "Schema": "public",
                                "Alias": "ci",
                                "Startup Cost": 199193.85,
                                "Total Cost": 587764.64,
                                "Plan Rows": 5869575,
                                "Plan Width": 4,
                                "Actual Startup Time": 516.598,
                                "Actual Total Time": 2219.072,
                                "Actual Rows": 9046554,
                                "Actual Loops": 1,
                                "Output": [
                                    "ci.id",
                                    "ci.person_id",
                                    "ci.movie_id",
                                    "ci.person_role_id",
                                    "ci.note",
                                    "ci.nr_order",
                                    "ci.role_id"
                                ],
                                "Recheck Cond": "(ci.person_id > 2792263)",
                                "Rows Removed by Index Recheck": 0,
                                "Filter": "(ci.role_id > 1)",
                                "Rows Removed by Filter": 0,
                                "Exact Heap Blocks": 102043,
                                "Lossy Heap Blocks": 0,
                                "Plans": [
                                    {
                                        "Node Type": "Bitmap Index Scan",
                                        "Parent Relationship": "Outer",
                                        "Parallel Aware": false,
                                        "Index Name": "person_id_cast_info",
                                        "Startup Cost": 0.0,
                                        "Total Cost": 197726.46,
                                        "Plan Rows": 9058919,
                                        "Plan Width": 0,
                                        "Actual Startup Time": 492.76,
                                        "Actual Total Time": 492.761,
                                        "Actual Rows": 9046554,
                                        "Actual Loops": 1,
                                        "Index Cond": "(ci.person_id > 2792263)"
                                    }
                                ]
                            },
                            {
                                "Node Type": "Hash",
                                "Parent Relationship": "Inner",
                                "Parallel Aware": false,
                                "Startup Cost": 10000110342.1,
                                "Total Cost": 10000110342.1,
                                "Plan Rows": 2528322,
                                "Plan Width": 4,
                                "Actual Startup Time": 2709.844,
                                "Actual Total Time": 2709.845,
                                "Actual Rows": 2528312,
                                "Actual Loops": 1,
                                "Output": [
                                    "t.id"
                                ],
                                "Hash Buckets": 4194304,
                                "Original Hash Buckets": 4194304,
                                "Hash Batches": 1,
                                "Original Hash Batches": 1,
                                "Peak Memory Usage": 121654,
                                "Plans": [
                                    {
                                        "Node Type": "Index Scan",
                                        "Parent Relationship": "Outer",
                                        "Parallel Aware": false,
                                        "Scan Direction": "Forward",
                                        "Index Name": "title_pkey",
                                        "Relation Name": "title",
                                        "Schema": "public",
                                        "Alias": "t",
                                        "Startup Cost": 10000000000.43,
                                        "Total Cost": 10000110342.1,
                                        "Plan Rows": 2528322,
                                        "Plan Width": 4,
                                        "Actual Startup Time": 0.055,
                                        "Actual Total Time": 1841.418,
                                        "Actual Rows": 2528312,
                                        "Actual Loops": 1,
                                        "Output": [
                                            "t.id"
                                        ]
                                    }
                                ]
                            }
                        ]
                    },
                    {
                        "Node Type": "Hash",
                        "Parent Relationship": "Inner",
                        "Parallel Aware": false,
                        "Startup Cost": 10000140849.93,
                        "Total Cost": 10000140849.93,
                        "Plan Rows": 2609129,
                        "Plan Width": 4,
                        "Actual Startup Time": 1718.052,
                        "Actual Total Time": 1718.053,
                        "Actual Rows": 2609129,
                        "Actual Loops": 1,
                        "Output": [
                            "mc.movie_id"
                        ],
                        "Hash Buckets": 4194304,
                        "Original Hash Buckets": 4194304,
                        "Hash Batches": 1,
                        "Original Hash Batches": 1,
                        "Peak Memory Usage": 124496,
                        "Plans": [
                            {
                                "Node Type": "Index Scan",
                                "Parent Relationship": "Outer",
                                "Parallel Aware": false,
                                "Scan Direction": "Forward",
                                "Index Name": "movie_id_movie_companies",
                                "Relation Name": "movie_companies",
                                "Schema": "public",
                                "Alias": "mc",
                                "Startup Cost": 10000000000.43,
                                "Total Cost": 10000140849.93,
                                "Plan Rows": 2609129,
                                "Plan Width": 4,
                                "Actual Startup Time": 0.068,
                                "Actual Total Time": 1001.229,
                                "Actual Rows": 2609129,
                                "Actual Loops": 1,
                                "Output": [
                                    "mc.movie_id"
                                ]
                            }
                        ]
                    }
                ]
            }
        ]
    },
    "Planning Time": 3.347,
    "Triggers": [],
    "Execution Time": 17527.397
}