{
  "Plan": {
    "Node Type": "Aggregate",
    "Strategy": "Plain",
    "Partial Mode": "Finalize",
    "Parallel Aware": false,
    "Startup Cost": 1583427.13,
    "Total Cost": 1583427.14,
    "Plan Rows": 1,
    "Plan Width": 8,
    "Actual Startup Time": 8431.979,
    "Actual Total Time": 8499.054,
    "Actual Rows": 1,
    "Actual Loops": 1,
    "Plans": [
      {
        "Node Type": "Gather",
        "Parent Relationship": "Outer",
        "Parallel Aware": false,
        "Startup Cost": 1583427.02,
        "Total Cost": 1583427.13,
        "Plan Rows": 1,
        "Plan Width": 8,
        "Actual Startup Time": 8430.838,
        "Actual Total Time": 8499.045,
        "Actual Rows": 2,
        "Actual Loops": 1,
        "Workers Planned": 1,
        "Workers Launched": 1,
        "Single Copy": false,
        "Plans": [
          {
            "Node Type": "Aggregate",
            "Strategy": "Plain",
            "Partial Mode": "Partial",
            "Parent Relationship": "Outer",
            "Parallel Aware": false,
            "Startup Cost": 1582427.02,
            "Total Cost": 1582427.03,
            "Plan Rows": 1,
            "Plan Width": 8,
            "Actual Startup Time": 8412.378,
            "Actual Total Time": 8412.386,
            "Actual Rows": 1,
            "Actual Loops": 2,
            "Plans": [
              {
                "Node Type": "Merge Join",
                "Parent Relationship": "Outer",
                "Parallel Aware": false,
                "Join Type": "Inner",
                "Startup Cost": 1542867.97,
                "Total Cost": 1582062.48,
                "Plan Rows": 145818,
                "Plan Width": 0,
                "Actual Startup Time": 7599.032,
                "Actual Total Time": 8412.343,
                "Actual Rows": 544,
                "Actual Loops": 2,
                "Inner Unique": false,
                "Merge Cond": "(t.id = mi.movie_id)",
                "Plans": [
                  {
                    "Node Type": "Sort",
                    "Parent Relationship": "Outer",
                    "Parallel Aware": false,
                    "Startup Cost": 1431678.76,
                    "Total Cost": 1450196.71,
                    "Plan Rows": 7407178,
                    "Plan Width": 8,
                    "Actual Startup Time": 7529.987,
                    "Actual Total Time": 8020.118,
                    "Actual Rows": 5277916,
                    "Actual Loops": 2,
                    "Sort Key": [
                      "t.id"
                    ],
                    "Sort Method": "quicksort",
                    "Sort Space Used": 447112,
                    "Sort Space Type": "Memory",
                    "Workers": [
                      {
                        "Worker Number": 0,
                        "Sort Method": "quicksort",
                        "Sort Space Used": 440910,
                        "Sort Space Type": "Memory"
                      }
                    ],
                    "Plans": [
                      {
                        "Node Type": "Hash Join",
                        "Parent Relationship": "Outer",
                        "Parallel Aware": true,
                        "Join Type": "Inner",
                        "Startup Cost": 64768.16,
                        "Total Cost": 586501.51,
                        "Plan Rows": 7407178,
                        "Plan Width": 8,
                        "Actual Startup Time": 262.42,
                        "Actual Total Time": 6234.252,
                        "Actual Rows": 5277921,
                        "Actual Loops": 2,
                        "Inner Unique": true,
                        "Hash Cond": "(ci.movie_id = t.id)",
                        "Plans": [
                          {
                            "Node Type": "Seq Scan",
                            "Parent Relationship": "Outer",
                            "Parallel Aware": true,
                            "Relation Name": "cast_info",
                            "Alias": "ci",
                            "Startup Cost": 0.0,
                            "Total Cost": 465792.95,
                            "Plan Rows": 21310595,
                            "Plan Width": 4,
                            "Actual Startup Time": 0.016,
                            "Actual Total Time": 1354.115,
                            "Actual Rows": 18122172,
                            "Actual Loops": 2
                          },
                          {
                            "Node Type": "Hash",
                            "Parent Relationship": "Inner",
                            "Parallel Aware": true,
                            "Startup Cost": 58306.47,
                            "Total Cost": 58306.47,
                            "Plan Rows": 516935,
                            "Plan Width": 4,
                            "Actual Startup Time": 253.47,
                            "Actual Total Time": 253.471,
                            "Actual Rows": 405406,
                            "Actual Loops": 2,
                            "Hash Buckets": 1048576,
                            "Original Hash Buckets": 1048576,
                            "Hash Batches": 1,
                            "Original Hash Batches": 1,
                            "Peak Memory Usage": 39936,
                            "Plans": [
                              {
                                "Node Type": "Seq Scan",
                                "Parent Relationship": "Outer",
                                "Parallel Aware": true,
                                "Relation Name": "title",
                                "Alias": "t",
                                "Startup Cost": 0.0,
                                "Total Cost": 58306.47,
                                "Plan Rows": 516935,
                                "Plan Width": 4,
                                "Actual Startup Time": 0.03,
                                "Actual Total Time": 156.029,
                                "Actual Rows": 405406,
                                "Actual Loops": 2,
                                "Filter": "((kind_id > 4) AND (production_year < 2006))",
                                "Rows Removed by Filter": 858750
                              }
                            ]
                          }
                        ]
                      }
                    ]
                  },
                  {
                    "Node Type": "Sort",
                    "Parent Relationship": "Inner",
                    "Parallel Aware": false,
                    "Startup Cost": 111188.46,
                    "Total Cost": 111312.89,
                    "Plan Rows": 49772,
                    "Plan Width": 4,
                    "Actual Startup Time": 25.984,
                    "Actual Total Time": 30.275,
                    "Actual Rows": 50791,
                    "Actual Loops": 2,
                    "Sort Key": [
                      "mi.movie_id"
                    ],
                    "Sort Method": "quicksort",
                    "Sort Space Used": 3893,
                    "Sort Space Type": "Memory",
                    "Workers": [
                      {
                        "Worker Number": 0,
                        "Sort Method": "quicksort",
                        "Sort Space Used": 3893,
                        "Sort Space Type": "Memory"
                      }
                    ],
                    "Plans": [
                      {
                        "Node Type": "Bitmap Heap Scan",
                        "Parent Relationship": "Outer",
                        "Parallel Aware": false,
                        "Relation Name": "movie_info",
                        "Alias": "mi",
                        "Startup Cost": 902.17,
                        "Total Cost": 107305.49,
                        "Plan Rows": 49772,
                        "Plan Width": 4,
                        "Actual Startup Time": 2.695,
                        "Actual Total Time": 16.189,
                        "Actual Rows": 50267,
                        "Actual Loops": 2,
                        "Recheck Cond": "(info_type_id > 107)",
                        "Rows Removed by Index Recheck": 0,
                        "Exact Heap Blocks": 4547,
                        "Lossy Heap Blocks": 0,
                        "Plans": [
                          {
                            "Node Type": "Bitmap Index Scan",
                            "Parent Relationship": "Outer",
                            "Parallel Aware": false,
                            "Index Name": "info_type_id_movie_info",
                            "Startup Cost": 0.0,
                            "Total Cost": 889.72,
                            "Plan Rows": 49772,
                            "Plan Width": 0,
                            "Actual Startup Time": 2.195,
                            "Actual Total Time": 2.196,
                            "Actual Rows": 50267,
                            "Actual Loops": 2,
                            "Index Cond": "(info_type_id > 107)"
                          }
                        ]
                      }
                    ]
                  }
                ]
              }
            ]
          }
        ]
      }
    ]
  },
  "Planning Time": 1.225,
  "Triggers": [],
  "Execution Time": 8534.132
}