[
  {
    "Plan": {
      "Node Type": "Aggregate",
      "Strategy": "Plain",
      "Partial Mode": "Finalize",
      "Parallel Aware": false,
      "Startup Cost": 42252.04,
      "Total Cost": 42252.05,
      "Plan Rows": 1,
      "Plan Width": 8,
      "Actual Startup Time": 129.157,
      "Actual Total Time": 142.293,
      "Actual Rows": 1,
      "Actual Loops": 1,
      "Plans": [
        {
          "Node Type": "Gather",
          "Parent Relationship": "Outer",
          "Parallel Aware": false,
          "Startup Cost": 42251.72,
          "Total Cost": 42252.03,
          "Plan Rows": 3,
          "Plan Width": 8,
          "Actual Startup Time": 128.913,
          "Actual Total Time": 142.283,
          "Actual Rows": 4,
          "Actual Loops": 1,
          "Workers Planned": 3,
          "Workers Launched": 3,
          "Single Copy": false,
          "Plans": [
            {
              "Node Type": "Aggregate",
              "Strategy": "Plain",
              "Partial Mode": "Partial",
              "Parent Relationship": "Outer",
              "Parallel Aware": false,
              "Startup Cost": 41251.72,
              "Total Cost": 41251.73,
              "Plan Rows": 1,
              "Plan Width": 8,
              "Actual Startup Time": 123.596,
              "Actual Total Time": 123.597,
              "Actual Rows": 1,
              "Actual Loops": 4,
              "Plans": [
                {
                  "Node Type": "Bitmap Heap Scan",
                  "Parent Relationship": "Outer",
                  "Parallel Aware": true,
                  "Relation Name": "movie_keyword",
                  "Alias": "mk",
                  "Startup Cost": 13677.69,
                  "Total Cost": 40731.71,
                  "Plan Rows": 208002,
                  "Plan Width": 0,
                  "Actual Startup Time": 41.967,
                  "Actual Total Time": 114.968,
                  "Actual Rows": 162710,
                  "Actual Loops": 4,
                  "Recheck Cond": "(keyword_id > 28880)",
                  "Rows Removed by Index Recheck": 0,
                  "Exact Heap Blocks": 10408,
                  "Lossy Heap Blocks": 0,
                  "Plans": [
                    {
                      "Node Type": "Bitmap Index Scan",
                      "Parent Relationship": "Outer",
                      "Parallel Aware": false,
                      "Index Name": "keyword_id_movie_keyword",
                      "Startup Cost": 0.0,
                      "Total Cost": 13516.49,
                      "Plan Rows": 644807,
                      "Plan Width": 0,
                      "Actual Startup Time": 43.352,
                      "Actual Total Time": 43.353,
                      "Actual Rows": 650842,
                      "Actual Loops": 1,
                      "Index Cond": "(keyword_id > 28880)"
                    }
                  ]
                }
              ]
            }
          ]
        }
      ]
    },
    "Planning Time": 0.086,
    "Triggers": [],
    "Execution Time": 142.331
  }
]