[
  {
    "Plan": {
      "Node Type": "Aggregate",
      "Strategy": "Plain",
      "Partial Mode": "Finalize",
      "Parallel Aware": false,
      "Startup Cost": 32133.61,
      "Total Cost": 32133.62,
      "Plan Rows": 1,
      "Plan Width": 8,
      "Actual Startup Time": 102.182,
      "Actual Total Time": 108.507,
      "Actual Rows": 1,
      "Actual Loops": 1,
      "Plans": [
        {
          "Node Type": "Gather",
          "Parent Relationship": "Outer",
          "Parallel Aware": false,
          "Startup Cost": 32133.29,
          "Total Cost": 32133.6,
          "Plan Rows": 3,
          "Plan Width": 8,
          "Actual Startup Time": 102.064,
          "Actual Total Time": 108.498,
          "Actual Rows": 4,
          "Actual Loops": 1,
          "Workers Planned": 3,
          "Workers Launched": 3,
          "Single Copy": false,
          "Plans": [
            {
              "Node Type": "Aggregate",
              "Strategy": "Plain",
              "Partial Mode": "Partial",
              "Parent Relationship": "Outer",
              "Parallel Aware": false,
              "Startup Cost": 31133.29,
              "Total Cost": 31133.3,
              "Plan Rows": 1,
              "Plan Width": 8,
              "Actual Startup Time": 98.861,
              "Actual Total Time": 98.862,
              "Actual Rows": 1,
              "Actual Loops": 4,
              "Plans": [
                {
                  "Node Type": "Seq Scan",
                  "Parent Relationship": "Outer",
                  "Parallel Aware": true,
                  "Relation Name": "movie_companies",
                  "Alias": "mc",
                  "Startup Cost": 0.0,
                  "Total Cost": 29310.68,
                  "Plan Rows": 729044,
                  "Plan Width": 0,
                  "Actual Startup Time": 0.019,
                  "Actual Total Time": 73.756,
                  "Actual Rows": 565368,
                  "Actual Loops": 4,
                  "Filter": "(company_id < 88485)",
                  "Rows Removed by Filter": 86914
                }
              ]
            }
          ]
        }
      ]
    },
    "Planning Time": 0.166,
    "Triggers": [],
    "Execution Time": 108.562
  }
]