[
  {
    "Plan": {
      "Node Type": "Aggregate",
      "Strategy": "Plain",
      "Partial Mode": "Finalize",
      "Parallel Aware": false,
      "Startup Cost": 340508.52,
      "Total Cost": 340508.53,
      "Plan Rows": 1,
      "Plan Width": 8,
      "Actual Startup Time": 789.018,
      "Actual Total Time": 835.571,
      "Actual Rows": 1,
      "Actual Loops": 1,
      "Plans": [
        {
          "Node Type": "Gather",
          "Parent Relationship": "Outer",
          "Parallel Aware": false,
          "Startup Cost": 340507.9,
          "Total Cost": 340508.51,
          "Plan Rows": 6,
          "Plan Width": 8,
          "Actual Startup Time": 788.735,
          "Actual Total Time": 835.562,
          "Actual Rows": 7,
          "Actual Loops": 1,
          "Workers Planned": 6,
          "Workers Launched": 6,
          "Single Copy": false,
          "Plans": [
            {
              "Node Type": "Aggregate",
              "Strategy": "Plain",
              "Partial Mode": "Partial",
              "Parent Relationship": "Outer",
              "Parallel Aware": false,
              "Startup Cost": 339507.9,
              "Total Cost": 339507.91,
              "Plan Rows": 1,
              "Plan Width": 8,
              "Actual Startup Time": 782.682,
              "Actual Total Time": 782.683,
              "Actual Rows": 1,
              "Actual Loops": 7,
              "Plans": [
                {
                  "Node Type": "Seq Scan",
                  "Parent Relationship": "Outer",
                  "Parallel Aware": true,
                  "Relation Name": "cast_info",
                  "Alias": "ci",
                  "Startup Cost": 0.0,
                  "Total Cost": 328211.39,
                  "Plan Rows": 4518602,
                  "Plan Width": 0,
                  "Actual Startup Time": 106.482,
                  "Actual Total Time": 608.063,
                  "Actual Rows": 3866626,
                  "Actual Loops": 7,
                  "Filter": "(person_id > 902711)",
                  "Rows Removed by Filter": 1311137
                }
              ]
            }
          ]
        }
      ]
    },
    "Planning Time": 0.201,
    "Triggers": [],
    "Execution Time": 835.641
  }
]