[
  {
    "Plan": {
      "Node Type": "Aggregate",
      "Strategy": "Plain",
      "Partial Mode": "Finalize",
      "Parallel Aware": false,
      "Startup Cost": 72323.52,
      "Total Cost": 72323.53,
      "Plan Rows": 1,
      "Plan Width": 8,
      "Actual Startup Time": 204.898,
      "Actual Total Time": 218.732,
      "Actual Rows": 1,
      "Actual Loops": 1,
      "Plans": [
        {
          "Node Type": "Gather",
          "Parent Relationship": "Outer",
          "Parallel Aware": false,
          "Startup Cost": 72323.1,
          "Total Cost": 72323.51,
          "Plan Rows": 4,
          "Plan Width": 8,
          "Actual Startup Time": 203.806,
          "Actual Total Time": 218.722,
          "Actual Rows": 5,
          "Actual Loops": 1,
          "Workers Planned": 4,
          "Workers Launched": 4,
          "Single Copy": false,
          "Plans": [
            {
              "Node Type": "Aggregate",
              "Strategy": "Plain",
              "Partial Mode": "Partial",
              "Parent Relationship": "Outer",
              "Parallel Aware": false,
              "Startup Cost": 71323.1,
              "Total Cost": 71323.11,
              "Plan Rows": 1,
              "Plan Width": 8,
              "Actual Startup Time": 193.847,
              "Actual Total Time": 193.913,
              "Actual Rows": 1,
              "Actual Loops": 5,
              "Plans": [
                {
                  "Node Type": "Hash Join",
                  "Parent Relationship": "Outer",
                  "Parallel Aware": true,
                  "Join Type": "Inner",
                  "Startup Cost": 26111.51,
                  "Total Cost": 71291.06,
                  "Plan Rows": 12817,
                  "Plan Width": 0,
                  "Actual Startup Time": 117.106,
                  "Actual Total Time": 191.334,
                  "Actual Rows": 51122,
                  "Actual Loops": 5,
                  "Inner Unique": false,
                  "Hash Cond": "(t.id = mc.movie_id)",
                  "Plans": [
                    {
                      "Node Type": "Seq Scan",
                      "Parent Relationship": "Outer",
                      "Parallel Aware": true,
                      "Relation Name": "title",
                      "Alias": "t",
                      "Startup Cost": 0.0,
                      "Total Cost": 43898.92,
                      "Plan Rows": 247857,
                      "Plan Width": 4,
                      "Actual Startup Time": 0.015,
                      "Actual Total Time": 75.359,
                      "Actual Rows": 197010,
                      "Actual Loops": 5,
                      "Filter": "(kind_id < 7)",
                      "Rows Removed by Filter": 308653
                    },
                    {
                      "Node Type": "Hash",
                      "Parent Relationship": "Inner",
                      "Parallel Aware": true,
                      "Startup Cost": 25584.32,
                      "Total Cost": 25584.32,
                      "Plan Rows": 42175,
                      "Plan Width": 4,
                      "Actual Startup Time": 67.952,
                      "Actual Total Time": 67.954,
                      "Actual Rows": 51122,
                      "Actual Loops": 5,
                      "Hash Buckets": 262144,
                      "Original Hash Buckets": 131072,
                      "Hash Batches": 1,
                      "Original Hash Batches": 1,
                      "Peak Memory Usage": 13184,
                      "Plans": [
                        {
                          "Node Type": "Bitmap Heap Scan",
                          "Parent Relationship": "Outer",
                          "Parallel Aware": true,
                          "Relation Name": "movie_companies",
                          "Alias": "mc",
                          "Startup Cost": 5548.36,
                          "Total Cost": 25584.32,
                          "Plan Rows": 42175,
                          "Plan Width": 4,
                          "Actual Startup Time": 20.687,
                          "Actual Total Time": 45.275,
                          "Actual Rows": 51122,
                          "Actual Loops": 5,
                          "Recheck Cond": "(company_id > 100195)",
                          "Rows Removed by Index Recheck": 0,
                          "Filter": "(company_type_id = 2)",
                          "Rows Removed by Filter": 0,
                          "Exact Heap Blocks": 1680,
                          "Lossy Heap Blocks": 0,
                          "Plans": [
                            {
                              "Node Type": "Bitmap Index Scan",
                              "Parent Relationship": "Outer",
                              "Parallel Aware": false,
                              "Index Name": "company_id_movie_companies",
                              "Startup Cost": 0.0,
                              "Total Cost": 5515.67,
                              "Plan Rows": 257499,
                              "Plan Width": 0,
                              "Actual Startup Time": 24.347,
                              "Actual Total Time": 24.353,
                              "Actual Rows": 255608,
                              "Actual Loops": 1,
                              "Index Cond": "(company_id > 100195)"
                            }
                          ]
                        }
                      ]
                    }
                  ]
                }
              ]
            }
          ]
        }
      ]
    },
    "Planning Time": 0.652,
    "Triggers": [],
    "Execution Time": 218.838
  }
]