{
  "Plan": {
    "Node Type": "Aggregate",
    "Strategy": "Plain",
    "Partial Mode": "Finalize",
    "Parallel Aware": false,
    "Startup Cost": 447357.27,
    "Total Cost": 447357.28,
    "Plan Rows": 1,
    "Plan Width": 8,
    "Actual Startup Time": 2335.896,
    "Actual Total Time": 2357.78,
    "Actual Rows": 1,
    "Actual Loops": 1,
    "Plans": [
      {
        "Node Type": "Gather",
        "Parent Relationship": "Outer",
        "Parallel Aware": false,
        "Startup Cost": 447357.16,
        "Total Cost": 447357.27,
        "Plan Rows": 1,
        "Plan Width": 8,
        "Actual Startup Time": 2329.757,
        "Actual Total Time": 2357.773,
        "Actual Rows": 2,
        "Actual Loops": 1,
        "Workers Planned": 1,
        "Workers Launched": 1,
        "Single Copy": false,
        "Plans": [
          {
            "Node Type": "Aggregate",
            "Strategy": "Plain",
            "Partial Mode": "Partial",
            "Parent Relationship": "Outer",
            "Parallel Aware": false,
            "Startup Cost": 446357.16,
            "Total Cost": 446357.17,
            "Plan Rows": 1,
            "Plan Width": 8,
            "Actual Startup Time": 2320.742,
            "Actual Total Time": 2320.748,
            "Actual Rows": 1,
            "Actual Loops": 2,
            "Plans": [
              {
                "Node Type": "Hash Join",
                "Parent Relationship": "Outer",
                "Parallel Aware": true,
                "Join Type": "Inner",
                "Startup Cost": 375412.76,
                "Total Cost": 443404.59,
                "Plan Rows": 1181027,
                "Plan Width": 0,
                "Actual Startup Time": 1116.794,
                "Actual Total Time": 2021.06,
                "Actual Rows": 7590137,
                "Actual Loops": 2,
                "Inner Unique": false,
                "Hash Cond": "(mk.movie_id = t.id)",
                "Plans": [
                  {
                    "Node Type": "Seq Scan",
                    "Parent Relationship": "Outer",
                    "Parallel Aware": true,
                    "Relation Name": "movie_keyword",
                    "Alias": "mk",
                    "Startup Cost": 0.0,
                    "Total Cost": 51065.35,
                    "Plan Rows": 2661135,
                    "Plan Width": 4,
                    "Actual Startup Time": 0.013,
                    "Actual Total Time": 156.522,
                    "Actual Rows": 2261965,
                    "Actual Loops": 2
                  },
                  {
                    "Node Type": "Hash",
                    "Parent Relationship": "Inner",
                    "Parallel Aware": true,
                    "Startup Cost": 367162.24,
                    "Total Cost": 367162.24,
                    "Plan Rows": 660042,
                    "Plan Width": 8,
                    "Actual Startup Time": 1102.213,
                    "Actual Total Time": 1102.218,
                    "Actual Rows": 494678,
                    "Actual Loops": 2,
                    "Hash Buckets": 2097152,
                    "Original Hash Buckets": 2097152,
                    "Hash Batches": 1,
                    "Original Hash Batches": 1,
                    "Peak Memory Usage": 55136,
                    "Plans": [
                      {
                        "Node Type": "Hash Join",
                        "Parent Relationship": "Outer",
                        "Parallel Aware": true,
                        "Join Type": "Inner",
                        "Startup Cost": 101334.87,
                        "Total Cost": 367162.24,
                        "Plan Rows": 660042,
                        "Plan Width": 8,
                        "Actual Startup Time": 531.936,
                        "Actual Total Time": 942.798,
                        "Actual Rows": 494678,
                        "Actual Loops": 2,
                        "Inner Unique": true,
                        "Hash Cond": "(ci.movie_id = t.id)",
                        "Plans": [
                          {
                            "Node Type": "Bitmap Heap Scan",
                            "Parent Relationship": "Outer",
                            "Parallel Aware": true,
                            "Relation Name": "cast_info",
                            "Alias": "ci",
                            "Startup Cost": 32622.8,
                            "Total Cost": 296169.61,
                            "Plan Rows": 868785,
                            "Plan Width": 4,
                            "Actual Startup Time": 46.568,
                            "Actual Total Time": 141.271,
                            "Actual Rows": 725862,
                            "Actual Loops": 2,
                            "Recheck Cond": "(person_id > 3777154)",
                            "Rows Removed by Index Recheck": 0,
                            "Exact Heap Blocks": 11308,
                            "Lossy Heap Blocks": 0,
                            "Plans": [
                              {
                                "Node Type": "Bitmap Index Scan",
                                "Parent Relationship": "Outer",
                                "Parallel Aware": false,
                                "Index Name": "person_id_cast_info",
                                "Startup Cost": 0.0,
                                "Total Cost": 32253.57,
                                "Plan Rows": 1476934,
                                "Plan Width": 0,
                                "Actual Startup Time": 43.447,
                                "Actual Total Time": 43.448,
                                "Actual Rows": 1451724,
                                "Actual Loops": 1,
                                "Index Cond": "(person_id > 3777154)"
                              }
                            ]
                          },
                          {
                            "Node Type": "Hash",
                            "Parent Relationship": "Inner",
                            "Parallel Aware": true,
                            "Startup Cost": 54588.39,
                            "Total Cost": 54588.39,
                            "Plan Rows": 1129894,
                            "Plan Width": 4,
                            "Actual Startup Time": 477.77,
                            "Actual Total Time": 477.771,
                            "Actual Rows": 961424,
                            "Actual Loops": 2,
                            "Hash Buckets": 2097152,
                            "Original Hash Buckets": 2097152,
                            "Hash Batches": 1,
                            "Original Hash Batches": 1,
                            "Peak Memory Usage": 91648,
                            "Plans": [
                              {
                                "Node Type": "Seq Scan",
                                "Parent Relationship": "Outer",
                                "Parallel Aware": true,
                                "Relation Name": "title",
                                "Alias": "t",
                                "Startup Cost": 0.0,
                                "Total Cost": 54588.39,
                                "Plan Rows": 1129894,
                                "Plan Width": 4,
                                "Actual Startup Time": 0.035,
                                "Actual Total Time": 183.06,
                                "Actual Rows": 961424,
                                "Actual Loops": 2,
                                "Filter": "(production_year < 2010)",
                                "Rows Removed by Filter": 302732
                              }
                            ]
                          }
                        ]
                      }
                    ]
                  }
                ]
              }
            ]
          }
        ]
      }
    ]
  },
  "Planning Time": 0.892,
  "Triggers": [],
  "Execution Time": 2357.882
}