{
  "Plan": {
    "Node Type": "Aggregate",
    "Strategy": "Plain",
    "Partial Mode": "Finalize",
    "Parallel Aware": false,
    "Startup Cost": 446301.25,
    "Total Cost": 446301.26,
    "Plan Rows": 1,
    "Plan Width": 8,
    "Actual Startup Time": 6360.653,
    "Actual Total Time": 6409.483,
    "Actual Rows": 1,
    "Actual Loops": 1,
    "Plans": [
      {
        "Node Type": "Gather",
        "Parent Relationship": "Outer",
        "Parallel Aware": false,
        "Startup Cost": 446301.13,
        "Total Cost": 446301.24,
        "Plan Rows": 1,
        "Plan Width": 8,
        "Actual Startup Time": 6351.143,
        "Actual Total Time": 6409.474,
        "Actual Rows": 2,
        "Actual Loops": 1,
        "Workers Planned": 1,
        "Workers Launched": 1,
        "Single Copy": false,
        "Plans": [
          {
            "Node Type": "Aggregate",
            "Strategy": "Plain",
            "Partial Mode": "Partial",
            "Parent Relationship": "Outer",
            "Parallel Aware": false,
            "Startup Cost": 445301.13,
            "Total Cost": 445301.14,
            "Plan Rows": 1,
            "Plan Width": 8,
            "Actual Startup Time": 6339.325,
            "Actual Total Time": 6339.818,
            "Actual Rows": 1,
            "Actual Loops": 2,
            "Plans": [
              {
                "Node Type": "Hash Join",
                "Parent Relationship": "Outer",
                "Parallel Aware": true,
                "Join Type": "Inner",
                "Startup Cost": 366305.63,
                "Total Cost": 441652.34,
                "Plan Rows": 1459519,
                "Plan Width": 0,
                "Actual Startup Time": 2940.149,
                "Actual Total Time": 5162.524,
                "Actual Rows": 28612480,
                "Actual Loops": 2,
                "Inner Unique": false,
                "Hash Cond": "(mk.movie_id = t.id)",
                "Plans": [
                  {
                    "Node Type": "Seq Scan",
                    "Parent Relationship": "Outer",
                    "Parallel Aware": true,
                    "Relation Name": "movie_keyword",
                    "Alias": "mk",
                    "Startup Cost": 0.0,
                    "Total Cost": 57718.19,
                    "Plan Rows": 1446896,
                    "Plan Width": 4,
                    "Actual Startup Time": 0.351,
                    "Actual Total Time": 188.268,
                    "Actual Rows": 1226984,
                    "Actual Loops": 2,
                    "Filter": "(keyword_id > 3664)",
                    "Rows Removed by Filter": 1034982
                  },
                  {
                    "Node Type": "Hash",
                    "Parent Relationship": "Inner",
                    "Parallel Aware": true,
                    "Startup Cost": 347553.06,
                    "Total Cost": 347553.06,
                    "Plan Rows": 1500206,
                    "Plan Width": 8,
                    "Actual Startup Time": 2852.686,
                    "Actual Total Time": 2853.178,
                    "Actual Rows": 1988650,
                    "Actual Loops": 2,
                    "Hash Buckets": 4194304,
                    "Original Hash Buckets": 4194304,
                    "Hash Batches": 1,
                    "Original Hash Batches": 1,
                    "Peak Memory Usage": 188384,
                    "Plans": [
                      {
                        "Node Type": "Hash Join",
                        "Parent Relationship": "Outer",
                        "Parallel Aware": true,
                        "Join Type": "Inner",
                        "Startup Cost": 57605.23,
                        "Total Cost": 347553.06,
                        "Plan Rows": 1500206,
                        "Plan Width": 8,
                        "Actual Startup Time": 185.886,
                        "Actual Total Time": 2293.902,
                        "Actual Rows": 1988650,
                        "Actual Loops": 2,
                        "Inner Unique": true,
                        "Hash Cond": "(mi.movie_id = t.id)",
                        "Plans": [
                          {
                            "Node Type": "Seq Scan",
                            "Parent Relationship": "Outer",
                            "Parallel Aware": true,
                            "Relation Name": "movie_info",
                            "Alias": "mi",
                            "Startup Cost": 0.0,
                            "Total Cost": 270696.42,
                            "Plan Rows": 7333858,
                            "Plan Width": 4,
                            "Actual Startup Time": 0.03,
                            "Actual Total Time": 919.338,
                            "Actual Rows": 6300935,
                            "Actual Loops": 2,
                            "Filter": "(info_type_id < 17)",
                            "Rows Removed by Filter": 1116925
                          },
                          {
                            "Node Type": "Hash",
                            "Parent Relationship": "Inner",
                            "Parallel Aware": true,
                            "Startup Cost": 53802.41,
                            "Total Cost": 53802.41,
                            "Plan Rows": 304226,
                            "Plan Width": 4,
                            "Actual Startup Time": 145.554,
                            "Actual Total Time": 145.555,
                            "Actual Rows": 195478,
                            "Actual Loops": 2,
                            "Hash Buckets": 524288,
                            "Original Hash Buckets": 524288,
                            "Hash Batches": 1,
                            "Original Hash Batches": 1,
                            "Peak Memory Usage": 19424,
                            "Plans": [
                              {
                                "Node Type": "Bitmap Heap Scan",
                                "Parent Relationship": "Outer",
                                "Parallel Aware": true,
                                "Relation Name": "title",
                                "Alias": "t",
                                "Startup Cost": 11952.15,
                                "Total Cost": 53802.41,
                                "Plan Rows": 304226,
                                "Plan Width": 4,
                                "Actual Startup Time": 22.022,
                                "Actual Total Time": 96.067,
                                "Actual Rows": 195478,
                                "Actual Loops": 2,
                                "Recheck Cond": "(kind_id = 1)",
                                "Rows Removed by Index Recheck": 0,
                                "Filter": "(production_year > 1978)",
                                "Rows Removed by Filter": 135934,
                                "Exact Heap Blocks": 9143,
                                "Lossy Heap Blocks": 0,
                                "Plans": [
                                  {
                                    "Node Type": "Bitmap Index Scan",
                                    "Parent Relationship": "Outer",
                                    "Parallel Aware": false,
                                    "Index Name": "kind_id_title",
                                    "Startup Cost": 0.0,
                                    "Total Cost": 11822.85,
                                    "Plan Rows": 663256,
                                    "Plan Width": 0,
                                    "Actual Startup Time": 20.2,
                                    "Actual Total Time": 20.2,
                                    "Actual Rows": 662825,
                                    "Actual Loops": 1,
                                    "Index Cond": "(kind_id = 1)"
                                  }
                                ]
                              }
                            ]
                          }
                        ]
                      }
                    ]
                  }
                ]
              }
            ]
          }
        ]
      }
    ]
  },
  "Planning Time": 1.135,
  "Triggers": [],
  "Execution Time": 6409.599
}