[
  {
    "Plan": {
      "Node Type": "Aggregate",
      "Strategy": "Plain",
      "Partial Mode": "Finalize",
      "Parallel Aware": false,
      "Startup Cost": 335725.76,
      "Total Cost": 335725.77,
      "Plan Rows": 1,
      "Plan Width": 8,
      "Actual Startup Time": 658.778,
      "Actual Total Time": 703.03,
      "Actual Rows": 1,
      "Actual Loops": 1,
      "Plans": [
        {
          "Node Type": "Gather",
          "Parent Relationship": "Outer",
          "Parallel Aware": false,
          "Startup Cost": 335725.14,
          "Total Cost": 335725.75,
          "Plan Rows": 6,
          "Plan Width": 8,
          "Actual Startup Time": 658.572,
          "Actual Total Time": 703.017,
          "Actual Rows": 7,
          "Actual Loops": 1,
          "Workers Planned": 6,
          "Workers Launched": 6,
          "Single Copy": false,
          "Plans": [
            {
              "Node Type": "Aggregate",
              "Strategy": "Plain",
              "Partial Mode": "Partial",
              "Parent Relationship": "Outer",
              "Parallel Aware": false,
              "Startup Cost": 334725.14,
              "Total Cost": 334725.15,
              "Plan Rows": 1,
              "Plan Width": 8,
              "Actual Startup Time": 650.765,
              "Actual Total Time": 650.767,
              "Actual Rows": 1,
              "Actual Loops": 7,
              "Plans": [
                {
                  "Node Type": "Seq Scan",
                  "Parent Relationship": "Outer",
                  "Parallel Aware": true,
                  "Relation Name": "cast_info",
                  "Alias": "ci",
                  "Startup Cost": 0.0,
                  "Total Cost": 328211.39,
                  "Plan Rows": 2605499,
                  "Plan Width": 0,
                  "Actual Startup Time": 0.046,
                  "Actual Total Time": 551.618,
                  "Actual Rows": 2256416,
                  "Actual Loops": 7,
                  "Filter": "(person_id < 1560879)",
                  "Rows Removed by Filter": 2921347
                }
              ]
            }
          ]
        }
      ]
    },
    "Planning Time": 0.195,
    "Triggers": [],
    "Execution Time": 703.097
  }
]