[
  {
    "Plan": {
      "Node Type": "Aggregate",
      "Strategy": "Plain",
      "Partial Mode": "Finalize",
      "Parallel Aware": false,
      "Startup Cost": 335755.28,
      "Total Cost": 335755.29,
      "Plan Rows": 1,
      "Plan Width": 8,
      "Actual Startup Time": 895.623,
      "Actual Total Time": 962.01,
      "Actual Rows": 1,
      "Actual Loops": 1,
      "Plans": [
        {
          "Node Type": "Gather",
          "Parent Relationship": "Outer",
          "Parallel Aware": false,
          "Startup Cost": 335754.66,
          "Total Cost": 335755.27,
          "Plan Rows": 6,
          "Plan Width": 8,
          "Actual Startup Time": 895.451,
          "Actual Total Time": 961.995,
          "Actual Rows": 7,
          "Actual Loops": 1,
          "Workers Planned": 6,
          "Workers Launched": 6,
          "Single Copy": false,
          "Plans": [
            {
              "Node Type": "Aggregate",
              "Strategy": "Plain",
              "Partial Mode": "Partial",
              "Parent Relationship": "Outer",
              "Parallel Aware": false,
              "Startup Cost": 334754.66,
              "Total Cost": 334754.67,
              "Plan Rows": 1,
              "Plan Width": 8,
              "Actual Startup Time": 886.519,
              "Actual Total Time": 886.52,
              "Actual Rows": 1,
              "Actual Loops": 7,
              "Plans": [
                {
                  "Node Type": "Seq Scan",
                  "Parent Relationship": "Outer",
                  "Parallel Aware": true,
                  "Relation Name": "cast_info",
                  "Alias": "ci",
                  "Startup Cost": 0.0,
                  "Total Cost": 328162.03,
                  "Plan Rows": 2637052,
                  "Plan Width": 0,
                  "Actual Startup Time": 0.045,
                  "Actual Total Time": 747.803,
                  "Actual Rows": 2256416,
                  "Actual Loops": 7,
                  "Filter": "(person_id < 1560879)",
                  "Rows Removed by Filter": 2921347
                }
              ]
            }
          ]
        }
      ]
    },
    "Planning Time": 0.209,
    "Triggers": [],
    "Execution Time": 962.085
  }
]