{
  "Plan": {
    "Node Type": "Aggregate",
    "Strategy": "Plain",
    "Partial Mode": "Finalize",
    "Parallel Aware": false,
    "Startup Cost": 471347.17,
    "Total Cost": 471347.18,
    "Plan Rows": 1,
    "Plan Width": 8,
    "Actual Startup Time": 3311.122,
    "Actual Total Time": 3352.228,
    "Actual Rows": 1,
    "Actual Loops": 1,
    "Plans": [
      {
        "Node Type": "Gather",
        "Parent Relationship": "Outer",
        "Parallel Aware": false,
        "Startup Cost": 471347.06,
        "Total Cost": 471347.17,
        "Plan Rows": 1,
        "Plan Width": 8,
        "Actual Startup Time": 3311.116,
        "Actual Total Time": 3352.221,
        "Actual Rows": 2,
        "Actual Loops": 1,
        "Workers Planned": 1,
        "Workers Launched": 1,
        "Single Copy": false,
        "Plans": [
          {
            "Node Type": "Aggregate",
            "Strategy": "Plain",
            "Partial Mode": "Partial",
            "Parent Relationship": "Outer",
            "Parallel Aware": false,
            "Startup Cost": 470347.06,
            "Total Cost": 470347.07,
            "Plan Rows": 1,
            "Plan Width": 8,
            "Actual Startup Time": 3304.783,
            "Actual Total Time": 3304.785,
            "Actual Rows": 1,
            "Actual Loops": 2,
            "Plans": [
              {
                "Node Type": "Merge Join",
                "Parent Relationship": "Outer",
                "Parallel Aware": false,
                "Join Type": "Inner",
                "Startup Cost": 21.27,
                "Total Cost": 467002.43,
                "Plan Rows": 1337852,
                "Plan Width": 0,
                "Actual Startup Time": 8.83,
                "Actual Total Time": 3222.559,
                "Actual Rows": 1837094,
                "Actual Loops": 2,
                "Inner Unique": false,
                "Merge Cond": "(t.id = mc.movie_id)",
                "Plans": [
                  {
                    "Node Type": "Merge Join",
                    "Parent Relationship": "Outer",
                    "Parallel Aware": false,
                    "Join Type": "Inner",
                    "Startup Cost": 14.68,
                    "Total Cost": 304111.44,
                    "Plan Rows": 1296403,
                    "Plan Width": 8,
                    "Actual Startup Time": 7.881,
                    "Actual Total Time": 1864.535,
                    "Actual Rows": 612940,
                    "Actual Loops": 2,
                    "Inner Unique": true,
                    "Merge Cond": "(mk.movie_id = t.id)",
                    "Plans": [
                      {
                        "Node Type": "Index Only Scan",
                        "Parent Relationship": "Outer",
                        "Parallel Aware": true,
                        "Scan Direction": "Forward",
                        "Index Name": "movie_id_movie_keyword",
                        "Relation Name": "movie_keyword",
                        "Alias": "mk",
                        "Startup Cost": 0.43,
                        "Total Cost": 158560.11,
                        "Plan Rows": 2661135,
                        "Plan Width": 4,
                        "Actual Startup Time": 0.109,
                        "Actual Total Time": 434.571,
                        "Actual Rows": 2261961,
                        "Actual Loops": 2,
                        "Heap Fetches": 4523922
                      },
                      {
                        "Node Type": "Index Scan",
                        "Parent Relationship": "Inner",
                        "Parallel Aware": false,
                        "Scan Direction": "Forward",
                        "Index Name": "title_pkey",
                        "Relation Name": "title",
                        "Alias": "t",
                        "Startup Cost": 0.43,
                        "Total Cost": 122981.43,
                        "Plan Rows": 1231687,
                        "Plan Width": 4,
                        "Actual Startup Time": 0.106,
                        "Actual Total Time": 1216.677,
                        "Actual Rows": 1197180,
                        "Actual Loops": 2,
                        "Filter": "((kind_id > 1) AND (production_year < 2008))",
                        "Rows Removed by Filter": 1328510
                      }
                    ]
                  },
                  {
                    "Node Type": "Index Only Scan",
                    "Parent Relationship": "Inner",
                    "Parallel Aware": false,
                    "Scan Direction": "Forward",
                    "Index Name": "movie_id_movie_companies",
                    "Relation Name": "movie_companies",
                    "Alias": "mc",
                    "Startup Cost": 0.43,
                    "Total Cost": 140059.44,
                    "Plan Rows": 2609129,
                    "Plan Width": 4,
                    "Actual Startup Time": 0.073,
                    "Actual Total Time": 1022.305,
                    "Actual Rows": 4256210,
                    "Actual Loops": 2,
                    "Heap Fetches": 8512419
                  }
                ]
              }
            ]
          }
        ]
      }
    ]
  },
  "Planning Time": 0.981,
  "Triggers": [],
  "Execution Time": 3352.321
}