[
  {
    "Plan": {
      "Node Type": "Aggregate",
      "Strategy": "Plain",
      "Partial Mode": "Finalize",
      "Parallel Aware": false,
      "Startup Cost": 298831.0,
      "Total Cost": 298831.01,
      "Plan Rows": 1,
      "Plan Width": 8,
      "Actual Startup Time": 984.899,
      "Actual Total Time": 1038.791,
      "Actual Rows": 1,
      "Actual Loops": 1,
      "Plans": [
        {
          "Node Type": "Gather",
          "Parent Relationship": "Outer",
          "Parallel Aware": false,
          "Startup Cost": 298830.48,
          "Total Cost": 298830.99,
          "Plan Rows": 5,
          "Plan Width": 8,
          "Actual Startup Time": 984.476,
          "Actual Total Time": 1038.781,
          "Actual Rows": 6,
          "Actual Loops": 1,
          "Workers Planned": 5,
          "Workers Launched": 5,
          "Single Copy": false,
          "Plans": [
            {
              "Node Type": "Aggregate",
              "Strategy": "Plain",
              "Partial Mode": "Partial",
              "Parent Relationship": "Outer",
              "Parallel Aware": false,
              "Startup Cost": 297830.48,
              "Total Cost": 297830.49,
              "Plan Rows": 1,
              "Plan Width": 8,
              "Actual Startup Time": 978.674,
              "Actual Total Time": 978.677,
              "Actual Rows": 1,
              "Actual Loops": 6,
              "Plans": [
                {
                  "Node Type": "Nested Loop",
                  "Parent Relationship": "Outer",
                  "Parallel Aware": false,
                  "Join Type": "Inner",
                  "Startup Cost": 44107.9,
                  "Total Cost": 296919.54,
                  "Plan Rows": 364377,
                  "Plan Width": 0,
                  "Actual Startup Time": 66.278,
                  "Actual Total Time": 959.36,
                  "Actual Rows": 381222,
                  "Actual Loops": 6,
                  "Inner Unique": false,
                  "Join Filter": "(t.id = ci.movie_id)",
                  "Rows Removed by Join Filter": 0,
                  "Plans": [
                    {
                      "Node Type": "Hash Join",
                      "Parent Relationship": "Outer",
                      "Parallel Aware": true,
                      "Join Type": "Inner",
                      "Startup Cost": 44107.33,
                      "Total Cost": 245518.06,
                      "Plan Rows": 25412,
                      "Plan Width": 8,
                      "Actual Startup Time": 66.193,
                      "Actual Total Time": 443.979,
                      "Actual Rows": 18122,
                      "Actual Loops": 6,
                      "Inner Unique": true,
                      "Hash Cond": "(mi.movie_id = t.id)",
                      "Plans": [
                        {
                          "Node Type": "Seq Scan",
                          "Parent Relationship": "Outer",
                          "Parallel Aware": true,
                          "Relation Name": "movie_info",
                          "Alias": "mi",
                          "Startup Cost": 0.0,
                          "Total Cost": 198880.74,
                          "Plan Rows": 963806,
                          "Plan Width": 4,
                          "Actual Startup Time": 0.024,
                          "Actual Total Time": 289.008,
                          "Actual Rows": 820661,
                          "Actual Loops": 6,
                          "Filter": "(info_type_id < 5)",
                          "Rows Removed by Filter": 1651959
                        },
                        {
                          "Node Type": "Hash",
                          "Parent Relationship": "Inner",
                          "Parallel Aware": true,
                          "Startup Cost": 43899.01,
                          "Total Cost": 43899.01,
                          "Plan Rows": 16666,
                          "Plan Width": 4,
                          "Actual Startup Time": 65.261,
                          "Actual Total Time": 65.261,
                          "Actual Rows": 10428,
                          "Actual Loops": 6,
                          "Hash Buckets": 131072,
                          "Original Hash Buckets": 131072,
                          "Hash Batches": 1,
                          "Original Hash Batches": 1,
                          "Peak Memory Usage": 3584,
                          "Plans": [
                            {
                              "Node Type": "Seq Scan",
                              "Parent Relationship": "Outer",
                              "Parallel Aware": true,
                              "Relation Name": "title",
                              "Alias": "t",
                              "Startup Cost": 0.0,
                              "Total Cost": 43899.01,
                              "Plan Rows": 16666,
                              "Plan Width": 4,
                              "Actual Startup Time": 0.03,
                              "Actual Total Time": 60.524,
                              "Actual Rows": 10428,
                              "Actual Loops": 6,
                              "Filter": "(production_year = 2002)",
                              "Rows Removed by Filter": 410957
                            }
                          ]
                        }
                      ]
                    },
                    {
                      "Node Type": "Index Only Scan",
                      "Parent Relationship": "Inner",
                      "Parallel Aware": false,
                      "Scan Direction": "Forward",
                      "Index Name": "movie_id_cast_info",
                      "Relation Name": "cast_info",
                      "Alias": "ci",
                      "Startup Cost": 0.56,
                      "Total Cost": 1.55,
                      "Plan Rows": 38,
                      "Plan Width": 4,
                      "Actual Startup Time": 0.007,
                      "Actual Total Time": 0.026,
                      "Actual Rows": 21,
                      "Actual Loops": 108733,
                      "Index Cond": "(movie_id = mi.movie_id)",
                      "Rows Removed by Index Recheck": 0,
                      "Heap Fetches": 2287331
                    }
                  ]
                }
              ]
            }
          ]
        }
      ]
    },
    "Planning Time": 0.422,
    "Triggers": [],
    "Execution Time": 1038.849
  }
]