[
  {
    "Plan": {
      "Node Type": "Aggregate",
      "Strategy": "Plain",
      "Partial Mode": "Finalize",
      "Parallel Aware": false,
      "Startup Cost": 333837.88,
      "Total Cost": 333837.89,
      "Plan Rows": 1,
      "Plan Width": 8,
      "Actual Startup Time": 667.892,
      "Actual Total Time": 724.888,
      "Actual Rows": 1,
      "Actual Loops": 1,
      "Plans": [
        {
          "Node Type": "Gather",
          "Parent Relationship": "Outer",
          "Parallel Aware": false,
          "Startup Cost": 333837.26,
          "Total Cost": 333837.86,
          "Plan Rows": 6,
          "Plan Width": 8,
          "Actual Startup Time": 667.788,
          "Actual Total Time": 724.878,
          "Actual Rows": 7,
          "Actual Loops": 1,
          "Workers Planned": 6,
          "Workers Launched": 6,
          "Single Copy": false,
          "Plans": [
            {
              "Node Type": "Aggregate",
              "Strategy": "Plain",
              "Partial Mode": "Partial",
              "Parent Relationship": "Outer",
              "Parallel Aware": false,
              "Startup Cost": 332837.26,
              "Total Cost": 332837.27,
              "Plan Rows": 1,
              "Plan Width": 8,
              "Actual Startup Time": 660.598,
              "Actual Total Time": 660.599,
              "Actual Rows": 1,
              "Actual Loops": 7,
              "Plans": [
                {
                  "Node Type": "Seq Scan",
                  "Parent Relationship": "Outer",
                  "Parallel Aware": true,
                  "Relation Name": "cast_info",
                  "Alias": "ci",
                  "Startup Cost": 0.0,
                  "Total Cost": 328162.03,
                  "Plan Rows": 1870092,
                  "Plan Width": 0,
                  "Actual Startup Time": 286.008,
                  "Actual Total Time": 587.082,
                  "Actual Rows": 1590374,
                  "Actual Loops": 7,
                  "Filter": "(person_id > 2589359)",
                  "Rows Removed by Filter": 3587389
                }
              ]
            }
          ]
        }
      ]
    },
    "Planning Time": 0.182,
    "Triggers": [],
    "Execution Time": 724.948
  }
]