[
  {
    "Plan": {
      "Node Type": "Aggregate",
      "Strategy": "Plain",
      "Partial Mode": "Finalize",
      "Parallel Aware": false,
      "Startup Cost": 346843.68,
      "Total Cost": 346843.69,
      "Plan Rows": 1,
      "Plan Width": 8,
      "Actual Startup Time": 658.347,
      "Actual Total Time": 721.524,
      "Actual Rows": 1,
      "Actual Loops": 1,
      "Plans": [
        {
          "Node Type": "Gather",
          "Parent Relationship": "Outer",
          "Parallel Aware": false,
          "Startup Cost": 346843.06,
          "Total Cost": 346843.67,
          "Plan Rows": 6,
          "Plan Width": 8,
          "Actual Startup Time": 658.224,
          "Actual Total Time": 721.514,
          "Actual Rows": 7,
          "Actual Loops": 1,
          "Workers Planned": 6,
          "Workers Launched": 6,
          "Single Copy": false,
          "Plans": [
            {
              "Node Type": "Aggregate",
              "Strategy": "Plain",
              "Partial Mode": "Partial",
              "Parent Relationship": "Outer",
              "Parallel Aware": false,
              "Startup Cost": 345843.06,
              "Total Cost": 345843.07,
              "Plan Rows": 1,
              "Plan Width": 8,
              "Actual Startup Time": 648.264,
              "Actual Total Time": 648.266,
              "Actual Rows": 1,
              "Actual Loops": 7,
              "Plans": [
                {
                  "Node Type": "Seq Scan",
                  "Parent Relationship": "Outer",
                  "Parallel Aware": true,
                  "Relation Name": "cast_info",
                  "Alias": "ci",
                  "Startup Cost": 0.0,
                  "Total Cost": 343257.03,
                  "Plan Rows": 1034411,
                  "Plan Width": 0,
                  "Actual Startup Time": 0.052,
                  "Actual Total Time": 598.875,
                  "Actual Rows": 1167405,
                  "Actual Loops": 7,
                  "Filter": "((person_id < 1113580) AND (role_id < 3))",
                  "Rows Removed by Filter": 4010359
                }
              ]
            }
          ]
        }
      ]
    },
    "Planning Time": 0.227,
    "Triggers": [],
    "Execution Time": 721.601
  }
]