[
  {
    "Plan": {
      "Node Type": "Aggregate",
      "Strategy": "Plain",
      "Partial Mode": "Finalize",
      "Parallel Aware": false,
      "Startup Cost": 661114.99,
      "Total Cost": 661115.0,
      "Plan Rows": 1,
      "Plan Width": 96,
      "Actual Startup Time": 2356.804,
      "Actual Total Time": 2519.716,
      "Actual Rows": 1,
      "Actual Loops": 1,
      "Plans": [
        {
          "Node Type": "Gather",
          "Parent Relationship": "Outer",
          "Parallel Aware": false,
          "Startup Cost": 661114.55,
          "Total Cost": 661114.96,
          "Plan Rows": 4,
          "Plan Width": 96,
          "Actual Startup Time": 2356.618,
          "Actual Total Time": 2519.694,
          "Actual Rows": 5,
          "Actual Loops": 1,
          "Workers Planned": 4,
          "Workers Launched": 4,
          "Single Copy": false,
          "Plans": [
            {
              "Node Type": "Aggregate",
              "Strategy": "Plain",
              "Partial Mode": "Partial",
              "Parent Relationship": "Outer",
              "Parallel Aware": false,
              "Startup Cost": 660114.55,
              "Total Cost": 660114.56,
              "Plan Rows": 1,
              "Plan Width": 96,
              "Actual Startup Time": 2345.417,
              "Actual Total Time": 2345.434,
              "Actual Rows": 1,
              "Actual Loops": 5,
              "Plans": [
                {
                  "Node Type": "Hash Join",
                  "Parent Relationship": "Outer",
                  "Parallel Aware": true,
                  "Join Type": "Inner",
                  "Startup Cost": 615425.86,
                  "Total Cost": 660114.54,
                  "Plan Rows": 1,
                  "Plan Width": 66,
                  "Actual Startup Time": 2301.675,
                  "Actual Total Time": 2345.381,
                  "Actual Rows": 74,
                  "Actual Loops": 5,
                  "Inner Unique": false,
                  "Hash Cond": "(t.id = mi.movie_id)",
                  "Plans": [
                    {
                      "Node Type": "Seq Scan",
                      "Parent Relationship": "Outer",
                      "Parallel Aware": true,
                      "Relation Name": "title",
                      "Alias": "t",
                      "Startup Cost": 0.0,
                      "Total Cost": 42318.49,
                      "Plan Rows": 632049,
                      "Plan Width": 21,
                      "Actual Startup Time": 0.027,
                      "Actual Total Time": 80.334,
                      "Actual Rows": 505662,
                      "Actual Loops": 5
                    },
                    {
                      "Node Type": "Hash",
                      "Parent Relationship": "Inner",
                      "Parallel Aware": true,
                      "Startup Cost": 615425.84,
                      "Total Cost": 615425.84,
                      "Plan Rows": 1,
                      "Plan Width": 61,
                      "Actual Startup Time": 2223.243,
                      "Actual Total Time": 2223.258,
                      "Actual Rows": 74,
                      "Actual Loops": 5,
                      "Hash Buckets": 1024,
                      "Original Hash Buckets": 1024,
                      "Hash Batches": 1,
                      "Original Hash Batches": 1,
                      "Peak Memory Usage": 168,
                      "Plans": [
                        {
                          "Node Type": "Hash Join",
                          "Parent Relationship": "Outer",
                          "Parallel Aware": true,
                          "Join Type": "Inner",
                          "Startup Cost": 415573.88,
                          "Total Cost": 615425.84,
                          "Plan Rows": 1,
                          "Plan Width": 61,
                          "Actual Startup Time": 1968.639,
                          "Actual Total Time": 2223.077,
                          "Actual Rows": 74,
                          "Actual Loops": 5,
                          "Inner Unique": false,
                          "Hash Cond": "(mi.movie_id = mi_idx.movie_id)",
                          "Plans": [
                            {
                              "Node Type": "Hash Join",
                              "Parent Relationship": "Outer",
                              "Parallel Aware": false,
                              "Join Type": "Inner",
                              "Startup Cost": 2.43,
                              "Total Cost": 199755.89,
                              "Plan Rows": 26264,
                              "Plan Width": 47,
                              "Actual Startup Time": 423.115,
                              "Actual Total Time": 684.176,
                              "Actual Rows": 24373,
                              "Actual Loops": 5,
                              "Inner Unique": true,
                              "Hash Cond": "(mi.info_type_id = it1.id)",
                              "Plans": [
                                {
                                  "Node Type": "Seq Scan",
                                  "Parent Relationship": "Outer",
                                  "Parallel Aware": true,
                                  "Relation Name": "movie_info",
                                  "Alias": "mi",
                                  "Startup Cost": 0.0,
                                  "Total Cost": 191670.84,
                                  "Plan Rows": 2967784,
                                  "Plan Width": 51,
                                  "Actual Startup Time": 0.019,
                                  "Actual Total Time": 444.064,
                                  "Actual Rows": 2967144,
                                  "Actual Loops": 5
                                },
                                {
                                  "Node Type": "Hash",
                                  "Parent Relationship": "Inner",
                                  "Parallel Aware": false,
                                  "Startup Cost": 2.41,
                                  "Total Cost": 2.41,
                                  "Plan Rows": 1,
                                  "Plan Width": 4,
                                  "Actual Startup Time": 0.033,
                                  "Actual Total Time": 0.034,
                                  "Actual Rows": 1,
                                  "Actual Loops": 5,
                                  "Hash Buckets": 1024,
                                  "Original Hash Buckets": 1024,
                                  "Hash Batches": 1,
                                  "Original Hash Batches": 1,
                                  "Peak Memory Usage": 9,
                                  "Plans": [
                                    {
                                      "Node Type": "Seq Scan",
                                      "Parent Relationship": "Outer",
                                      "Parallel Aware": false,
                                      "Relation Name": "info_type",
                                      "Alias": "it1",
                                      "Startup Cost": 0.0,
                                      "Total Cost": 2.41,
                                      "Plan Rows": 1,
                                      "Plan Width": 4,
                                      "Actual Startup Time": 0.023,
                                      "Actual Total Time": 0.025,
                                      "Actual Rows": 1,
                                      "Actual Loops": 5,
                                      "Filter": "((info)::text = 'budget'::text)",
                                      "Rows Removed by Filter": 112
                                    }
                                  ]
                                }
                              ]
                            },
                            {
                              "Node Type": "Hash",
                              "Parent Relationship": "Inner",
                              "Parallel Aware": true,
                              "Startup Cost": 415571.44,
                              "Total Cost": 415571.44,
                              "Plan Rows": 1,
                              "Plan Width": 14,
                              "Actual Startup Time": 1536.264,
                              "Actual Total Time": 1536.275,
                              "Actual Rows": 316,
                              "Actual Loops": 5,
                              "Hash Buckets": 1024,
                              "Original Hash Buckets": 1024,
                              "Hash Batches": 1,
                              "Original Hash Batches": 1,
                              "Peak Memory Usage": 168,
                              "Plans": [
                                {
                                  "Node Type": "Hash Join",
                                  "Parent Relationship": "Outer",
                                  "Parallel Aware": true,
                                  "Join Type": "Inner",
                                  "Startup Cost": 400301.18,
                                  "Total Cost": 415571.44,
                                  "Plan Rows": 1,
                                  "Plan Width": 14,
                                  "Actual Startup Time": 1453.844,
                                  "Actual Total Time": 1536.038,
                                  "Actual Rows": 316,
                                  "Actual Loops": 5,
                                  "Inner Unique": false,
                                  "Hash Cond": "(mi_idx.movie_id = ci.movie_id)",
                                  "Plans": [
                                    {
                                      "Node Type": "Hash Join",
                                      "Parent Relationship": "Outer",
                                      "Parallel Aware": false,
                                      "Join Type": "Inner",
                                      "Startup Cost": 2.43,
                                      "Total Cost": 15253.6,
                                      "Plan Rows": 5089,
                                      "Plan Width": 10,
                                      "Actual Startup Time": 0.165,
                                      "Actual Total Time": 72.655,
                                      "Actual Rows": 91985,
                                      "Actual Loops": 5,
                                      "Inner Unique": true,
                                      "Hash Cond": "(mi_idx.info_type_id = it2.id)",
                                      "Plans": [
                                        {
                                          "Node Type": "Seq Scan",
                                          "Parent Relationship": "Outer",
                                          "Parallel Aware": true,
                                          "Relation Name": "movie_info_idx",
                                          "Alias": "mi_idx",
                                          "Startup Cost": 0.0,
                                          "Total Cost": 13685.15,
                                          "Plan Rows": 575015,
                                          "Plan Width": 14,
                                          "Actual Startup Time": 0.043,
                                          "Actual Total Time": 36.976,
                                          "Actual Rows": 276007,
                                          "Actual Loops": 5
                                        },
                                        {
                                          "Node Type": "Hash",
                                          "Parent Relationship": "Inner",
                                          "Parallel Aware": false,
                                          "Startup Cost": 2.41,
                                          "Total Cost": 2.41,
                                          "Plan Rows": 1,
                                          "Plan Width": 4,
                                          "Actual Startup Time": 0.071,
                                          "Actual Total Time": 0.072,
                                          "Actual Rows": 1,
                                          "Actual Loops": 5,
                                          "Hash Buckets": 1024,
                                          "Original Hash Buckets": 1024,
                                          "Hash Batches": 1,
                                          "Original Hash Batches": 1,
                                          "Peak Memory Usage": 9,
                                          "Plans": [
                                            {
                                              "Node Type": "Seq Scan",
                                              "Parent Relationship": "Outer",
                                              "Parallel Aware": false,
                                              "Relation Name": "info_type",
                                              "Alias": "it2",
                                              "Startup Cost": 0.0,
                                              "Total Cost": 2.41,
                                              "Plan Rows": 1,
                                              "Plan Width": 4,
                                              "Actual Startup Time": 0.06,
                                              "Actual Total Time": 0.062,
                                              "Actual Rows": 1,
                                              "Actual Loops": 5,
                                              "Filter": "((info)::text = 'votes'::text)",
                                              "Rows Removed by Filter": 112
                                            }
                                          ]
                                        }
                                      ]
                                    },
                                    {
                                      "Node Type": "Hash",
                                      "Parent Relationship": "Inner",
                                      "Parallel Aware": true,
                                      "Startup Cost": 400298.58,
                                      "Total Cost": 400298.58,
                                      "Plan Rows": 14,
                                      "Plan Width": 4,
                                      "Actual Startup Time": 1451.877,
                                      "Actual Total Time": 1451.882,
                                      "Actual Rows": 467,
                                      "Actual Loops": 5,
                                      "Hash Buckets": 1024,
                                      "Original Hash Buckets": 1024,
                                      "Hash Batches": 1,
                                      "Original Hash Batches": 1,
                                      "Peak Memory Usage": 168,
                                      "Plans": [
                                        {
                                          "Node Type": "Hash Join",
                                          "Parent Relationship": "Outer",
                                          "Parallel Aware": true,
                                          "Join Type": "Inner",
                                          "Startup Cost": 71240.65,
                                          "Total Cost": 400298.58,
                                          "Plan Rows": 14,
                                          "Plan Width": 4,
                                          "Actual Startup Time": 519.971,
                                          "Actual Total Time": 1451.55,
                                          "Actual Rows": 467,
                                          "Actual Loops": 5,
                                          "Inner Unique": true,
                                          "Hash Cond": "(ci.person_id = n.id)",
                                          "Plans": [
                                            {
                                              "Node Type": "Seq Scan",
                                              "Parent Relationship": "Outer",
                                              "Parallel Aware": true,
                                              "Relation Name": "cast_info",
                                              "Alias": "ci",
                                              "Startup Cost": 0.0,
                                              "Total Cost": 328163.97,
                                              "Plan Rows": 340552,
                                              "Plan Width": 8,
                                              "Actual Startup Time": 0.061,
                                              "Actual Total Time": 1062.071,
                                              "Actual Rows": 408215,
                                              "Actual Loops": 5,
                                              "Filter": "(note = ANY ('{(producer),(uncredited)}'::text[]))",
                                              "Rows Removed by Filter": 6840653
                                            },
                                            {
                                              "Node Type": "Hash",
                                              "Parent Relationship": "Inner",
                                              "Parallel Aware": true,
                                              "Startup Cost": 71240.1,
                                              "Total Cost": 71240.1,
                                              "Plan Rows": 44,
                                              "Plan Width": 4,
                                              "Actual Startup Time": 346.902,
                                              "Actual Total Time": 346.903,
                                              "Actual Rows": 925,
                                              "Actual Loops": 5,
                                              "Hash Buckets": 8192,
                                              "Original Hash Buckets": 1024,
                                              "Hash Batches": 1,
                                              "Original Hash Batches": 1,
                                              "Peak Memory Usage": 408,
                                              "Plans": [
                                                {
                                                  "Node Type": "Seq Scan",
                                                  "Parent Relationship": "Outer",
                                                  "Parallel Aware": true,
                                                  "Relation Name": "name",
                                                  "Alias": "n",
                                                  "Startup Cost": 0.0,
                                                  "Total Cost": 71240.1,
                                                  "Plan Rows": 44,
                                                  "Plan Width": 4,
                                                  "Actual Startup Time": 8.184,
                                                  "Actual Total Time": 165.47,
                                                  "Actual Rows": 925,
                                                  "Actual Loops": 5,
                                                  "Filter": "((name ~~ '%Johnson,%'::text) AND ((gender)::text = 'm'::text))",
                                                  "Rows Removed by Filter": 832573
                                                }
                                              ]
                                            }
                                          ]
                                        }
                                      ]
                                    }
                                  ]
                                }
                              ]
                            }
                          ]
                        }
                      ]
                    }
                  ]
                }
              ]
            }
          ]
        }
      ]
    },
    "Planning Time": 3.301,
    "Triggers": [],
    "Execution Time": 2520.042
  }
]