[
  {
    "Plan": {
      "Node Type": "Aggregate",
      "Strategy": "Plain",
      "Partial Mode": "Finalize",
      "Parallel Aware": false,
      "Startup Cost": 80036.27,
      "Total Cost": 80036.28,
      "Plan Rows": 1,
      "Plan Width": 8,
      "Actual Startup Time": 344.123,
      "Actual Total Time": 359.24,
      "Actual Rows": 1,
      "Actual Loops": 1,
      "Plans": [
        {
          "Node Type": "Gather",
          "Parent Relationship": "Outer",
          "Parallel Aware": false,
          "Startup Cost": 80035.95,
          "Total Cost": 80036.26,
          "Plan Rows": 3,
          "Plan Width": 8,
          "Actual Startup Time": 341.236,
          "Actual Total Time": 359.23,
          "Actual Rows": 4,
          "Actual Loops": 1,
          "Workers Planned": 3,
          "Workers Launched": 3,
          "Single Copy": false,
          "Plans": [
            {
              "Node Type": "Aggregate",
              "Strategy": "Plain",
              "Partial Mode": "Partial",
              "Parent Relationship": "Outer",
              "Parallel Aware": false,
              "Startup Cost": 79035.95,
              "Total Cost": 79035.96,
              "Plan Rows": 1,
              "Plan Width": 8,
              "Actual Startup Time": 336.113,
              "Actual Total Time": 336.116,
              "Actual Rows": 1,
              "Actual Loops": 4,
              "Plans": [
                {
                  "Node Type": "Hash Join",
                  "Parent Relationship": "Outer",
                  "Parallel Aware": true,
                  "Join Type": "Inner",
                  "Startup Cost": 46733.62,
                  "Total Cost": 78809.96,
                  "Plan Rows": 90398,
                  "Plan Width": 0,
                  "Actual Startup Time": 222.959,
                  "Actual Total Time": 330.759,
                  "Actual Rows": 114731,
                  "Actual Loops": 4,
                  "Inner Unique": true,
                  "Hash Cond": "(mc.movie_id = t.id)",
                  "Plans": [
                    {
                      "Node Type": "Seq Scan",
                      "Parent Relationship": "Outer",
                      "Parallel Aware": true,
                      "Relation Name": "movie_companies",
                      "Alias": "mc",
                      "Startup Cost": 0.0,
                      "Total Cost": 31414.82,
                      "Plan Rows": 252006,
                      "Plan Width": 4,
                      "Actual Startup Time": 32.725,
                      "Actual Total Time": 71.713,
                      "Actual Rows": 248316,
                      "Actual Loops": 4,
                      "Filter": "((company_id > 7126) AND (company_type_id = 2))",
                      "Rows Removed by Filter": 403966
                    },
                    {
                      "Node Type": "Hash",
                      "Parent Relationship": "Inner",
                      "Parallel Aware": true,
                      "Startup Cost": 43899.32,
                      "Total Cost": 43899.32,
                      "Plan Rows": 226744,
                      "Plan Width": 4,
                      "Actual Startup Time": 186.879,
                      "Actual Total Time": 186.879,
                      "Actual Rows": 231151,
                      "Actual Loops": 4,
                      "Hash Buckets": 1048576,
                      "Original Hash Buckets": 1048576,
                      "Hash Batches": 1,
                      "Original Hash Batches": 1,
                      "Peak Memory Usage": 44448,
                      "Plans": [
                        {
                          "Node Type": "Seq Scan",
                          "Parent Relationship": "Outer",
                          "Parallel Aware": true,
                          "Relation Name": "title",
                          "Alias": "t",
                          "Startup Cost": 0.0,
                          "Total Cost": 43899.32,
                          "Plan Rows": 226744,
                          "Plan Width": 4,
                          "Actual Startup Time": 0.027,
                          "Actual Total Time": 102.092,
                          "Actual Rows": 231151,
                          "Actual Loops": 4,
                          "Filter": "(production_year < 1998)",
                          "Rows Removed by Filter": 400927
                        }
                      ]
                    }
                  ]
                }
              ]
            }
          ]
        }
      ]
    },
    "Planning Time": 0.296,
    "Triggers": [],
    "Execution Time": 359.282
  }
]