{
  "Plan": {
    "Node Type": "Aggregate",
    "Strategy": "Plain",
    "Partial Mode": "Finalize",
    "Parallel Aware": false,
    "Startup Cost": 688658.02,
    "Total Cost": 688658.03,
    "Plan Rows": 1,
    "Plan Width": 8,
    "Actual Startup Time": 7411.477,
    "Actual Total Time": 7464.508,
    "Actual Rows": 1,
    "Actual Loops": 1,
    "Plans": [
      {
        "Node Type": "Gather",
        "Parent Relationship": "Outer",
        "Parallel Aware": false,
        "Startup Cost": 688657.9,
        "Total Cost": 688658.01,
        "Plan Rows": 1,
        "Plan Width": 8,
        "Actual Startup Time": 7392.52,
        "Actual Total Time": 7464.501,
        "Actual Rows": 2,
        "Actual Loops": 1,
        "Workers Planned": 1,
        "Workers Launched": 1,
        "Single Copy": false,
        "Plans": [
          {
            "Node Type": "Aggregate",
            "Strategy": "Plain",
            "Partial Mode": "Partial",
            "Parent Relationship": "Outer",
            "Parallel Aware": false,
            "Startup Cost": 687657.9,
            "Total Cost": 687657.91,
            "Plan Rows": 1,
            "Plan Width": 8,
            "Actual Startup Time": 7386.053,
            "Actual Total Time": 7386.059,
            "Actual Rows": 1,
            "Actual Loops": 2,
            "Plans": [
              {
                "Node Type": "Merge Join",
                "Parent Relationship": "Outer",
                "Parallel Aware": false,
                "Join Type": "Inner",
                "Startup Cost": 539111.15,
                "Total Cost": 685801.22,
                "Plan Rows": 742674,
                "Plan Width": 0,
                "Actual Startup Time": 5409.286,
                "Actual Total Time": 7030.749,
                "Actual Rows": 9169968,
                "Actual Loops": 2,
                "Inner Unique": false,
                "Merge Cond": "(mc.movie_id = t.id)",
                "Plans": [
                  {
                    "Node Type": "Index Only Scan",
                    "Parent Relationship": "Outer",
                    "Parallel Aware": true,
                    "Scan Direction": "Forward",
                    "Index Name": "movie_id_movie_companies",
                    "Relation Name": "movie_companies",
                    "Alias": "mc",
                    "Startup Cost": 0.43,
                    "Total Cost": 129315.97,
                    "Plan Rows": 1534782,
                    "Plan Width": 4,
                    "Actual Startup Time": 0.095,
                    "Actual Total Time": 314.613,
                    "Actual Rows": 1304564,
                    "Actual Loops": 2,
                    "Heap Fetches": 2609129
                  },
                  {
                    "Node Type": "Sort",
                    "Parent Relationship": "Inner",
                    "Parallel Aware": false,
                    "Startup Cost": 539110.6,
                    "Total Cost": 542169.17,
                    "Plan Rows": 1223429,
                    "Plan Width": 8,
                    "Actual Startup Time": 5355.011,
                    "Actual Total Time": 5762.045,
                    "Actual Rows": 11290914,
                    "Actual Loops": 2,
                    "Sort Key": [
                      "t.id"
                    ],
                    "Sort Method": "quicksort",
                    "Sort Space Used": 285083,
                    "Sort Space Type": "Memory",
                    "Workers": [
                      {
                        "Worker Number": 0,
                        "Sort Method": "quicksort",
                        "Sort Space Used": 285083,
                        "Sort Space Type": "Memory"
                      }
                    ],
                    "Plans": [
                      {
                        "Node Type": "Hash Join",
                        "Parent Relationship": "Outer",
                        "Parallel Aware": false,
                        "Join Type": "Inner",
                        "Startup Cost": 66769.8,
                        "Total Cost": 415406.64,
                        "Plan Rows": 1223429,
                        "Plan Width": 8,
                        "Actual Startup Time": 329.299,
                        "Actual Total Time": 4440.309,
                        "Actual Rows": 3984600,
                        "Actual Loops": 2,
                        "Inner Unique": true,
                        "Hash Cond": "(mi.movie_id = t.id)",
                        "Plans": [
                          {
                            "Node Type": "Seq Scan",
                            "Parent Relationship": "Outer",
                            "Parallel Aware": false,
                            "Relation Name": "movie_info",
                            "Alias": "mi",
                            "Startup Cost": 0.0,
                            "Total Cost": 309829.65,
                            "Plan Rows": 14783665,
                            "Plan Width": 4,
                            "Actual Startup Time": 0.038,
                            "Actual Total Time": 1293.468,
                            "Actual Rows": 14835720,
                            "Actual Loops": 2
                          },
                          {
                            "Node Type": "Hash",
                            "Parent Relationship": "Inner",
                            "Parallel Aware": false,
                            "Startup Cost": 64154.43,
                            "Total Cost": 64154.43,
                            "Plan Rows": 209230,
                            "Plan Width": 4,
                            "Actual Startup Time": 324.546,
                            "Actual Total Time": 324.548,
                            "Actual Rows": 352586,
                            "Actual Loops": 2,
                            "Hash Buckets": 524288,
                            "Original Hash Buckets": 262144,
                            "Hash Batches": 1,
                            "Original Hash Batches": 1,
                            "Peak Memory Usage": 16492,
                            "Plans": [
                              {
                                "Node Type": "Bitmap Heap Scan",
                                "Parent Relationship": "Outer",
                                "Parallel Aware": false,
                                "Relation Name": "title",
                                "Alias": "t",
                                "Startup Cost": 15313.97,
                                "Total Cost": 64154.43,
                                "Plan Rows": 209230,
                                "Plan Width": 4,
                                "Actual Startup Time": 59.744,
                                "Actual Total Time": 244.525,
                                "Actual Rows": 352586,
                                "Actual Loops": 2,
                                "Recheck Cond": "(kind_id < 4)",
                                "Rows Removed by Index Recheck": 0,
                                "Filter": "(production_year < 1987)",
                                "Rows Removed by Filter": 501628,
                                "Exact Heap Blocks": 35470,
                                "Lossy Heap Blocks": 0,
                                "Plans": [
                                  {
                                    "Node Type": "Bitmap Index Scan",
                                    "Parent Relationship": "Outer",
                                    "Parallel Aware": false,
                                    "Index Name": "kind_id_title",
                                    "Startup Cost": 0.0,
                                    "Total Cost": 15261.66,
                                    "Plan Rows": 856164,
                                    "Plan Width": 0,
                                    "Actual Startup Time": 53.365,
                                    "Actual Total Time": 53.365,
                                    "Actual Rows": 854214,
                                    "Actual Loops": 2,
                                    "Index Cond": "(kind_id < 4)"
                                  }
                                ]
                              }
                            ]
                          }
                        ]
                      }
                    ]
                  }
                ]
              }
            ]
          }
        ]
      }
    ]
  },
  "Planning Time": 1.122,
  "Triggers": [],
  "Execution Time": 7498.433
}