[
  {
    "Plan": {
      "Node Type": "Aggregate",
      "Strategy": "Plain",
      "Partial Mode": "Finalize",
      "Parallel Aware": false,
      "Startup Cost": 204344.28,
      "Total Cost": 204344.29,
      "Plan Rows": 1,
      "Plan Width": 8,
      "Actual Startup Time": 277.728,
      "Actual Total Time": 300.588,
      "Actual Rows": 1,
      "Actual Loops": 1,
      "Plans": [
        {
          "Node Type": "Gather",
          "Parent Relationship": "Outer",
          "Parallel Aware": false,
          "Startup Cost": 204343.65,
          "Total Cost": 204344.26,
          "Plan Rows": 6,
          "Plan Width": 8,
          "Actual Startup Time": 277.582,
          "Actual Total Time": 300.579,
          "Actual Rows": 7,
          "Actual Loops": 1,
          "Workers Planned": 6,
          "Workers Launched": 6,
          "Single Copy": false,
          "Plans": [
            {
              "Node Type": "Aggregate",
              "Strategy": "Plain",
              "Partial Mode": "Partial",
              "Parent Relationship": "Outer",
              "Parallel Aware": false,
              "Startup Cost": 203343.65,
              "Total Cost": 203343.66,
              "Plan Rows": 1,
              "Plan Width": 8,
              "Actual Startup Time": 270.238,
              "Actual Total Time": 270.239,
              "Actual Rows": 1,
              "Actual Loops": 7,
              "Plans": [
                {
                  "Node Type": "Index Scan",
                  "Parent Relationship": "Outer",
                  "Parallel Aware": true,
                  "Scan Direction": "Forward",
                  "Index Name": "role_id_cast_info",
                  "Relation Name": "cast_info",
                  "Alias": "ci",
                  "Startup Cost": 0.56,
                  "Total Cost": 201884.69,
                  "Plan Rows": 583584,
                  "Plan Width": 0,
                  "Actual Startup Time": 61.291,
                  "Actual Total Time": 232.417,
                  "Actual Rows": 814853,
                  "Actual Loops": 7,
                  "Index Cond": "(role_id = 2)",
                  "Rows Removed by Index Recheck": 0,
                  "Filter": "(person_id > 1960250)",
                  "Rows Removed by Filter": 249714
                }
              ]
            }
          ]
        }
      ]
    },
    "Planning Time": 0.09,
    "Triggers": [],
    "Execution Time": 300.624
  }
]