[
  {
    "Plan": {
      "Node Type": "Aggregate",
      "Strategy": "Plain",
      "Partial Mode": "Finalize",
      "Parallel Aware": false,
      "Startup Cost": 161706.53,
      "Total Cost": 161706.54,
      "Plan Rows": 1,
      "Plan Width": 8,
      "Actual Startup Time": 353.851,
      "Actual Total Time": 380.412,
      "Actual Rows": 1,
      "Actual Loops": 1,
      "Plans": [
        {
          "Node Type": "Gather",
          "Parent Relationship": "Outer",
          "Parallel Aware": false,
          "Startup Cost": 161706.01,
          "Total Cost": 161706.52,
          "Plan Rows": 5,
          "Plan Width": 8,
          "Actual Startup Time": 353.603,
          "Actual Total Time": 380.404,
          "Actual Rows": 6,
          "Actual Loops": 1,
          "Workers Planned": 5,
          "Workers Launched": 5,
          "Single Copy": false,
          "Plans": [
            {
              "Node Type": "Aggregate",
              "Strategy": "Plain",
              "Partial Mode": "Partial",
              "Parent Relationship": "Outer",
              "Parallel Aware": false,
              "Startup Cost": 160706.01,
              "Total Cost": 160706.02,
              "Plan Rows": 1,
              "Plan Width": 8,
              "Actual Startup Time": 342.122,
              "Actual Total Time": 342.126,
              "Actual Rows": 1,
              "Actual Loops": 6,
              "Plans": [
                {
                  "Node Type": "Nested Loop",
                  "Parent Relationship": "Outer",
                  "Parallel Aware": false,
                  "Join Type": "Inner",
                  "Startup Cost": 38642.12,
                  "Total Cost": 160687.07,
                  "Plan Rows": 7577,
                  "Plan Width": 0,
                  "Actual Startup Time": 55.692,
                  "Actual Total Time": 341.115,
                  "Actual Rows": 12866,
                  "Actual Loops": 6,
                  "Inner Unique": false,
                  "Join Filter": "(t.id = mi.movie_id)",
                  "Rows Removed by Join Filter": 0,
                  "Plans": [
                    {
                      "Node Type": "Hash Join",
                      "Parent Relationship": "Outer",
                      "Parallel Aware": true,
                      "Join Type": "Inner",
                      "Startup Cost": 38641.68,
                      "Total Cost": 158126.19,
                      "Plan Rows": 1290,
                      "Plan Width": 8,
                      "Actual Startup Time": 55.56,
                      "Actual Total Time": 311.224,
                      "Actual Rows": 681,
                      "Actual Loops": 6,
                      "Inner Unique": true,
                      "Hash Cond": "(ci.movie_id = t.id)",
                      "Plans": [
                        {
                          "Node Type": "Index Scan",
                          "Parent Relationship": "Outer",
                          "Parallel Aware": true,
                          "Scan Direction": "Forward",
                          "Index Name": "role_id_cast_info",
                          "Relation Name": "cast_info",
                          "Alias": "ci",
                          "Startup Cost": 0.56,
                          "Total Cost": 118067.1,
                          "Plan Rows": 540180,
                          "Plan Width": 4,
                          "Actual Startup Time": 0.393,
                          "Actual Total Time": 179.501,
                          "Actual Rows": 630925,
                          "Actual Loops": 6,
                          "Index Cond": "(role_id = 10)",
                          "Rows Removed by Index Recheck": 0,
                          "Filter": "(person_id > 1356661)",
                          "Rows Removed by Filter": 89578
                        },
                        {
                          "Node Type": "Hash",
                          "Parent Relationship": "Inner",
                          "Parallel Aware": true,
                          "Startup Cost": 38622.24,
                          "Total Cost": 38622.24,
                          "Plan Rows": 1510,
                          "Plan Width": 4,
                          "Actual Startup Time": 53.083,
                          "Actual Total Time": 53.085,
                          "Actual Rows": 1292,
                          "Actual Loops": 6,
                          "Hash Buckets": 8192,
                          "Original Hash Buckets": 8192,
                          "Hash Batches": 1,
                          "Original Hash Batches": 1,
                          "Peak Memory Usage": 512,
                          "Plans": [
                            {
                              "Node Type": "Bitmap Heap Scan",
                              "Parent Relationship": "Outer",
                              "Parallel Aware": true,
                              "Relation Name": "title",
                              "Alias": "t",
                              "Startup Cost": 2168.81,
                              "Total Cost": 38622.24,
                              "Plan Rows": 1510,
                              "Plan Width": 4,
                              "Actual Startup Time": 15.001,
                              "Actual Total Time": 51.94,
                              "Actual Rows": 1292,
                              "Actual Loops": 6,
                              "Recheck Cond": "(kind_id = 4)",
                              "Rows Removed by Index Recheck": 0,
                              "Filter": "(production_year = 2009)",
                              "Rows Removed by Filter": 18414,
                              "Exact Heap Blocks": 6048,
                              "Lossy Heap Blocks": 0,
                              "Plans": [
                                {
                                  "Node Type": "Bitmap Index Scan",
                                  "Parent Relationship": "Outer",
                                  "Parallel Aware": false,
                                  "Index Name": "kind_id_title",
                                  "Startup Cost": 0.0,
                                  "Total Cost": 2167.3,
                                  "Plan Rows": 121449,
                                  "Plan Width": 0,
                                  "Actual Startup Time": 16.313,
                                  "Actual Total Time": 16.313,
                                  "Actual Rows": 118234,
                                  "Actual Loops": 1,
                                  "Index Cond": "(kind_id = 4)"
                                }
                              ]
                            }
                          ]
                        }
                      ]
                    },
                    {
                      "Node Type": "Index Only Scan",
                      "Parent Relationship": "Inner",
                      "Parallel Aware": false,
                      "Scan Direction": "Forward",
                      "Index Name": "movie_id_movie_info",
                      "Relation Name": "movie_info",
                      "Alias": "mi",
                      "Startup Cost": 0.43,
                      "Total Cost": 1.47,
                      "Plan Rows": 41,
                      "Plan Width": 4,
                      "Actual Startup Time": 0.013,
                      "Actual Total Time": 0.041,
                      "Actual Rows": 19,
                      "Actual Loops": 4086,
                      "Index Cond": "(movie_id = ci.movie_id)",
                      "Rows Removed by Index Recheck": 0,
                      "Heap Fetches": 77193
                    }
                  ]
                }
              ]
            }
          ]
        }
      ]
    },
    "Planning Time": 1.394,
    "Triggers": [],
    "Execution Time": 380.528
  }
]