[
  {
    "Plan": {
      "Node Type": "Aggregate",
      "Strategy": "Plain",
      "Partial Mode": "Simple",
      "Parallel Aware": false,
      "Startup Cost": 26178.3,
      "Total Cost": 26178.31,
      "Plan Rows": 1,
      "Plan Width": 8,
      "Actual Startup Time": 33.642,
      "Actual Total Time": 33.644,
      "Actual Rows": 1,
      "Actual Loops": 1,
      "Plans": [
        {
          "Node Type": "Bitmap Heap Scan",
          "Parent Relationship": "Outer",
          "Parallel Aware": false,
          "Relation Name": "movie_keyword",
          "Alias": "mk",
          "Startup Cost": 522.5,
          "Total Cost": 26116.99,
          "Plan Rows": 24525,
          "Plan Width": 0,
          "Actual Startup Time": 8.601,
          "Actual Total Time": 30.897,
          "Actual Rows": 23695,
          "Actual Loops": 1,
          "Recheck Cond": "(keyword_id > 114657)",
          "Rows Removed by Index Recheck": 0,
          "Exact Heap Blocks": 7037,
          "Lossy Heap Blocks": 0,
          "Plans": [
            {
              "Node Type": "Bitmap Index Scan",
              "Parent Relationship": "Outer",
              "Parallel Aware": false,
              "Index Name": "keyword_id_movie_keyword",
              "Startup Cost": 0.0,
              "Total Cost": 516.37,
              "Plan Rows": 24525,
              "Plan Width": 0,
              "Actual Startup Time": 5.211,
              "Actual Total Time": 5.212,
              "Actual Rows": 23695,
              "Actual Loops": 1,
              "Index Cond": "(keyword_id > 114657)"
            }
          ]
        }
      ]
    },
    "Planning Time": 0.224,
    "Triggers": [],
    "Execution Time": 33.697
  }
]