[
  {
    "Plan": {
      "Node Type": "Aggregate",
      "Strategy": "Plain",
      "Partial Mode": "Simple",
      "Parallel Aware": false,
      "Startup Cost": 26295.14,
      "Total Cost": 26295.15,
      "Plan Rows": 1,
      "Plan Width": 8,
      "Actual Startup Time": 31.917,
      "Actual Total Time": 31.918,
      "Actual Rows": 1,
      "Actual Loops": 1,
      "Plans": [
        {
          "Node Type": "Bitmap Heap Scan",
          "Parent Relationship": "Outer",
          "Parallel Aware": false,
          "Relation Name": "movie_keyword",
          "Alias": "mk",
          "Startup Cost": 535.89,
          "Total Cost": 26232.09,
          "Plan Rows": 25220,
          "Plan Width": 0,
          "Actual Startup Time": 9.417,
          "Actual Total Time": 29.305,
          "Actual Rows": 23695,
          "Actual Loops": 1,
          "Recheck Cond": "(keyword_id > 114657)",
          "Rows Removed by Index Recheck": 0,
          "Exact Heap Blocks": 7037,
          "Lossy Heap Blocks": 0,
          "Plans": [
            {
              "Node Type": "Bitmap Index Scan",
              "Parent Relationship": "Outer",
              "Parallel Aware": false,
              "Index Name": "keyword_id_movie_keyword",
              "Startup Cost": 0.0,
              "Total Cost": 529.58,
              "Plan Rows": 25220,
              "Plan Width": 0,
              "Actual Startup Time": 5.946,
              "Actual Total Time": 5.946,
              "Actual Rows": 23695,
              "Actual Loops": 1,
              "Index Cond": "(keyword_id > 114657)"
            }
          ]
        }
      ]
    },
    "Planning Time": 0.309,
    "Triggers": [],
    "Execution Time": 31.976
  }
]