[
    {
        "Bao": {
            "Bao prediction": "NaN",
            "Bao recommended hint": "(no hint)"
        }
    },
    {
        "Plan": {
            "Node Type": "Aggregate",
            "Strategy": "Plain",
            "Partial Mode": "Finalize",
            "Parallel Aware": false,
            "Startup Cost": 24083.81,
            "Total Cost": 24083.82,
            "Plan Rows": 1,
            "Plan Width": 8,
            "Actual Startup Time": 50.002,
            "Actual Total Time": 54.147,
            "Actual Rows": 1,
            "Actual Loops": 1,
            "Output": [
                "count(*)"
            ],
            "Plans": [
                {
                    "Node Type": "Gather",
                    "Parent Relationship": "Outer",
                    "Parallel Aware": false,
                    "Startup Cost": 24083.49,
                    "Total Cost": 24083.8,
                    "Plan Rows": 3,
                    "Plan Width": 8,
                    "Actual Startup Time": 49.759,
                    "Actual Total Time": 54.139,
                    "Actual Rows": 4,
                    "Actual Loops": 1,
                    "Output": [
                        "(PARTIAL count(*))"
                    ],
                    "Workers Planned": 3,
                    "Workers Launched": 3,
                    "Single Copy": false,
                    "Plans": [
                        {
                            "Node Type": "Aggregate",
                            "Strategy": "Plain",
                            "Partial Mode": "Partial",
                            "Parent Relationship": "Outer",
                            "Parallel Aware": false,
                            "Startup Cost": 23083.49,
                            "Total Cost": 23083.5,
                            "Plan Rows": 1,
                            "Plan Width": 8,
                            "Actual Startup Time": 41.385,
                            "Actual Total Time": 41.386,
                            "Actual Rows": 1,
                            "Actual Loops": 4,
                            "Output": [
                                "PARTIAL count(*)"
                            ],
                            "Workers": [
                                {
                                    "Worker Number": 0,
                                    "Actual Startup Time": 38.45,
                                    "Actual Total Time": 38.452,
                                    "Actual Rows": 1,
                                    "Actual Loops": 1
                                },
                                {
                                    "Worker Number": 1,
                                    "Actual Startup Time": 38.687,
                                    "Actual Total Time": 38.689,
                                    "Actual Rows": 1,
                                    "Actual Loops": 1
                                },
                                {
                                    "Worker Number": 2,
                                    "Actual Startup Time": 38.966,
                                    "Actual Total Time": 38.967,
                                    "Actual Rows": 1,
                                    "Actual Loops": 1
                                }
                            ],
                            "Plans": [
                                {
                                    "Node Type": "Bitmap Heap Scan",
                                    "Parent Relationship": "Outer",
                                    "Parallel Aware": true,
                                    "Relation Name": "movie_companies",
                                    "Schema": "public",
                                    "Alias": "mc",
                                    "Startup Cost": 3454.41,
                                    "Total Cost": 23020.12,
                                    "Plan Rows": 25348,
                                    "Plan Width": 0,
                                    "Actual Startup Time": 6.421,
                                    "Actual Total Time": 38.631,
                                    "Actual Rows": 31208,
                                    "Actual Loops": 4,
                                    "Recheck Cond": "(mc.company_id < 31)",
                                    "Rows Removed by Index Recheck": 0,
                                    "Filter": "(mc.company_type_id = 1)",
                                    "Rows Removed by Filter": 9511,
                                    "Exact Heap Blocks": 9115,
                                    "Lossy Heap Blocks": 0,
                                    "Workers": [
                                        {
                                            "Worker Number": 0,
                                            "Actual Startup Time": 3.594,
                                            "Actual Total Time": 36.174,
                                            "Actual Rows": 14244,
                                            "Actual Loops": 1
                                        },
                                        {
                                            "Worker Number": 1,
                                            "Actual Startup Time": 3.803,
                                            "Actual Total Time": 36.275,
                                            "Actual Rows": 14785,
                                            "Actual Loops": 1
                                        },
                                        {
                                            "Worker Number": 2,
                                            "Actual Startup Time": 4.0,
                                            "Actual Total Time": 36.568,
                                            "Actual Rows": 13855,
                                            "Actual Loops": 1
                                        }
                                    ],
                                    "Plans": [
                                        {
                                            "Node Type": "Bitmap Index Scan",
                                            "Parent Relationship": "Outer",
                                            "Parallel Aware": false,
                                            "Index Name": "company_id_movie_companies",
                                            "Startup Cost": 0.0,
                                            "Total Cost": 3434.77,
                                            "Plan Rows": 160312,
                                            "Plan Width": 0,
                                            "Actual Startup Time": 11.199,
                                            "Actual Total Time": 11.199,
                                            "Actual Rows": 162876,
                                            "Actual Loops": 1,
                                            "Index Cond": "(mc.company_id < 31)"
                                        }
                                    ]
                                }
                            ]
                        }
                    ]
                }
            ]
        },
        "Planning Time": 193.845,
        "Triggers": [],
        "Execution Time": 54.211
    }
]