[
  {
    "Plan": {
      "Node Type": "Aggregate",
      "Strategy": "Plain",
      "Partial Mode": "Finalize",
      "Parallel Aware": false,
      "Startup Cost": 158075.98,
      "Total Cost": 158075.99,
      "Plan Rows": 1,
      "Plan Width": 8,
      "Actual Startup Time": 143.413,
      "Actual Total Time": 167.94,
      "Actual Rows": 1,
      "Actual Loops": 1,
      "Plans": [
        {
          "Node Type": "Gather",
          "Parent Relationship": "Outer",
          "Parallel Aware": false,
          "Startup Cost": 158075.56,
          "Total Cost": 158075.97,
          "Plan Rows": 4,
          "Plan Width": 8,
          "Actual Startup Time": 143.149,
          "Actual Total Time": 167.93,
          "Actual Rows": 5,
          "Actual Loops": 1,
          "Workers Planned": 4,
          "Workers Launched": 4,
          "Single Copy": false,
          "Plans": [
            {
              "Node Type": "Aggregate",
              "Strategy": "Plain",
              "Partial Mode": "Partial",
              "Parent Relationship": "Outer",
              "Parallel Aware": false,
              "Startup Cost": 157075.56,
              "Total Cost": 157075.57,
              "Plan Rows": 1,
              "Plan Width": 8,
              "Actual Startup Time": 133.542,
              "Actual Total Time": 133.543,
              "Actual Rows": 1,
              "Actual Loops": 5,
              "Plans": [
                {
                  "Node Type": "Nested Loop",
                  "Parent Relationship": "Outer",
                  "Parallel Aware": false,
                  "Join Type": "Inner",
                  "Startup Cost": 0.56,
                  "Total Cost": 157042.89,
                  "Plan Rows": 13068,
                  "Plan Width": 0,
                  "Actual Startup Time": 59.286,
                  "Actual Total Time": 132.499,
                  "Actual Rows": 11668,
                  "Actual Loops": 5,
                  "Inner Unique": false,
                  "Plans": [
                    {
                      "Node Type": "Seq Scan",
                      "Parent Relationship": "Outer",
                      "Parallel Aware": true,
                      "Relation Name": "title",
                      "Alias": "t",
                      "Startup Cost": 0.0,
                      "Total Cost": 45479.1,
                      "Plan Rows": 912,
                      "Plan Width": 4,
                      "Actual Startup Time": 59.179,
                      "Actual Total Time": 79.857,
                      "Actual Rows": 751,
                      "Actual Loops": 5,
                      "Filter": "((kind_id = 1) AND (production_year = 1965))",
                      "Rows Removed by Filter": 504912
                    },
                    {
                      "Node Type": "Index Only Scan",
                      "Parent Relationship": "Inner",
                      "Parallel Aware": false,
                      "Scan Direction": "Forward",
                      "Index Name": "movie_id_cast_info",
                      "Relation Name": "cast_info",
                      "Alias": "ci",
                      "Startup Cost": 0.56,
                      "Total Cost": 121.96,
                      "Plan Rows": 37,
                      "Plan Width": 4,
                      "Actual Startup Time": 0.013,
                      "Actual Total Time": 0.068,
                      "Actual Rows": 16,
                      "Actual Loops": 3753,
                      "Index Cond": "(movie_id = t.id)",
                      "Rows Removed by Index Recheck": 0,
                      "Heap Fetches": 58339
                    }
                  ]
                }
              ]
            }
          ]
        }
      ]
    },
    "Planning Time": 0.629,
    "Triggers": [],
    "Execution Time": 168.018
  }
]