[
    {
        "Bao": {
            "Bao prediction": "NaN",
            "Bao recommended hint": "(no hint)"
        }
    },
    {
        "Plan": {
            "Node Type": "Aggregate",
            "Strategy": "Plain",
            "Partial Mode": "Finalize",
            "Parallel Aware": false,
            "Startup Cost": 190655.31,
            "Total Cost": 190655.32,
            "Plan Rows": 1,
            "Plan Width": 8,
            "Actual Startup Time": 124.057,
            "Actual Total Time": 128.034,
            "Actual Rows": 1,
            "Actual Loops": 1,
            "Output": [
                "count(*)"
            ],
            "Plans": [
                {
                    "Node Type": "Gather",
                    "Parent Relationship": "Outer",
                    "Parallel Aware": false,
                    "Startup Cost": 190654.79,
                    "Total Cost": 190655.3,
                    "Plan Rows": 5,
                    "Plan Width": 8,
                    "Actual Startup Time": 123.805,
                    "Actual Total Time": 128.027,
                    "Actual Rows": 6,
                    "Actual Loops": 1,
                    "Output": [
                        "(PARTIAL count(*))"
                    ],
                    "Workers Planned": 5,
                    "Workers Launched": 5,
                    "Single Copy": false,
                    "Plans": [
                        {
                            "Node Type": "Aggregate",
                            "Strategy": "Plain",
                            "Partial Mode": "Partial",
                            "Parent Relationship": "Outer",
                            "Parallel Aware": false,
                            "Startup Cost": 189654.79,
                            "Total Cost": 189654.8,
                            "Plan Rows": 1,
                            "Plan Width": 8,
                            "Actual Startup Time": 113.771,
                            "Actual Total Time": 113.772,
                            "Actual Rows": 1,
                            "Actual Loops": 6,
                            "Output": [
                                "PARTIAL count(*)"
                            ],
                            "Workers": [
                                {
                                    "Worker Number": 0,
                                    "Actual Startup Time": 111.266,
                                    "Actual Total Time": 111.267,
                                    "Actual Rows": 1,
                                    "Actual Loops": 1
                                },
                                {
                                    "Worker Number": 1,
                                    "Actual Startup Time": 111.075,
                                    "Actual Total Time": 111.077,
                                    "Actual Rows": 1,
                                    "Actual Loops": 1
                                },
                                {
                                    "Worker Number": 2,
                                    "Actual Startup Time": 112.024,
                                    "Actual Total Time": 112.026,
                                    "Actual Rows": 1,
                                    "Actual Loops": 1
                                },
                                {
                                    "Worker Number": 3,
                                    "Actual Startup Time": 112.21,
                                    "Actual Total Time": 112.212,
                                    "Actual Rows": 1,
                                    "Actual Loops": 1
                                },
                                {
                                    "Worker Number": 4,
                                    "Actual Startup Time": 112.89,
                                    "Actual Total Time": 112.891,
                                    "Actual Rows": 1,
                                    "Actual Loops": 1
                                }
                            ],
                            "Plans": [
                                {
                                    "Node Type": "Bitmap Heap Scan",
                                    "Parent Relationship": "Outer",
                                    "Parallel Aware": true,
                                    "Relation Name": "movie_info",
                                    "Schema": "public",
                                    "Alias": "mi",
                                    "Startup Cost": 23735.46,
                                    "Total Cost": 189000.4,
                                    "Plan Rows": 261755,
                                    "Plan Width": 0,
                                    "Actual Startup Time": 53.529,
                                    "Actual Total Time": 99.43,
                                    "Actual Rows": 214821,
                                    "Actual Loops": 6,
                                    "Recheck Cond": "(mi.info_type_id = 2)",
                                    "Rows Removed by Index Recheck": 0,
                                    "Exact Heap Blocks": 2924,
                                    "Lossy Heap Blocks": 0,
                                    "Workers": [
                                        {
                                            "Worker Number": 0,
                                            "Actual Startup Time": 51.153,
                                            "Actual Total Time": 97.44,
                                            "Actual Rows": 155194,
                                            "Actual Loops": 1
                                        },
                                        {
                                            "Worker Number": 1,
                                            "Actual Startup Time": 50.603,
                                            "Actual Total Time": 97.303,
                                            "Actual Rows": 150465,
                                            "Actual Loops": 1
                                        },
                                        {
                                            "Worker Number": 2,
                                            "Actual Startup Time": 52.146,
                                            "Actual Total Time": 98.193,
                                            "Actual Rows": 194598,
                                            "Actual Loops": 1
                                        },
                                        {
                                            "Worker Number": 3,
                                            "Actual Startup Time": 51.771,
                                            "Actual Total Time": 98.468,
                                            "Actual Rows": 192823,
                                            "Actual Loops": 1
                                        },
                                        {
                                            "Worker Number": 4,
                                            "Actual Startup Time": 53.19,
                                            "Actual Total Time": 99.03,
                                            "Actual Rows": 155075,
                                            "Actual Loops": 1
                                        }
                                    ],
                                    "Plans": [
                                        {
                                            "Node Type": "Bitmap Index Scan",
                                            "Parent Relationship": "Outer",
                                            "Parallel Aware": false,
                                            "Index Name": "info_type_id_movie_info",
                                            "Startup Cost": 0.0,
                                            "Total Cost": 23408.26,
                                            "Plan Rows": 1308777,
                                            "Plan Width": 0,
                                            "Actual Startup Time": 61.102,
                                            "Actual Total Time": 61.103,
                                            "Actual Rows": 1288928,
                                            "Actual Loops": 1,
                                            "Index Cond": "(mi.info_type_id = 2)"
                                        }
                                    ]
                                }
                            ]
                        }
                    ]
                }
            ]
        },
        "Planning Time": 182.755,
        "Triggers": [],
        "Execution Time": 128.12
    }
]