{
  "Plan": {
    "Node Type": "Aggregate",
    "Strategy": "Plain",
    "Partial Mode": "Finalize",
    "Parallel Aware": false,
    "Startup Cost": 577693.69,
    "Total Cost": 577693.7,
    "Plan Rows": 1,
    "Plan Width": 8,
    "Actual Startup Time": 3054.578,
    "Actual Total Time": 3121.731,
    "Actual Rows": 1,
    "Actual Loops": 1,
    "Plans": [
      {
        "Node Type": "Gather",
        "Parent Relationship": "Outer",
        "Parallel Aware": false,
        "Startup Cost": 577693.58,
        "Total Cost": 577693.69,
        "Plan Rows": 1,
        "Plan Width": 8,
        "Actual Startup Time": 3054.336,
        "Actual Total Time": 3121.724,
        "Actual Rows": 2,
        "Actual Loops": 1,
        "Workers Planned": 1,
        "Workers Launched": 1,
        "Single Copy": false,
        "Plans": [
          {
            "Node Type": "Aggregate",
            "Strategy": "Plain",
            "Partial Mode": "Partial",
            "Parent Relationship": "Outer",
            "Parallel Aware": false,
            "Startup Cost": 576693.58,
            "Total Cost": 576693.59,
            "Plan Rows": 1,
            "Plan Width": 8,
            "Actual Startup Time": 3048.593,
            "Actual Total Time": 3048.596,
            "Actual Rows": 1,
            "Actual Loops": 2,
            "Plans": [
              {
                "Node Type": "Hash Join",
                "Parent Relationship": "Outer",
                "Parallel Aware": true,
                "Join Type": "Inner",
                "Startup Cost": 54684.58,
                "Total Cost": 576417.93,
                "Plan Rows": 110258,
                "Plan Width": 0,
                "Actual Startup Time": 138.425,
                "Actual Total Time": 3048.127,
                "Actual Rows": 7992,
                "Actual Loops": 2,
                "Inner Unique": true,
                "Hash Cond": "(ci.movie_id = t.id)",
                "Plans": [
                  {
                    "Node Type": "Seq Scan",
                    "Parent Relationship": "Outer",
                    "Parallel Aware": true,
                    "Relation Name": "cast_info",
                    "Alias": "ci",
                    "Startup Cost": 0.0,
                    "Total Cost": 465792.95,
                    "Plan Rows": 21310595,
                    "Plan Width": 4,
                    "Actual Startup Time": 0.014,
                    "Actual Total Time": 1318.056,
                    "Actual Rows": 18122172,
                    "Actual Loops": 2
                  },
                  {
                    "Node Type": "Hash",
                    "Parent Relationship": "Inner",
                    "Parallel Aware": true,
                    "Startup Cost": 54588.39,
                    "Total Cost": 54588.39,
                    "Plan Rows": 7695,
                    "Plan Width": 4,
                    "Actual Startup Time": 136.246,
                    "Actual Total Time": 136.247,
                    "Actual Rows": 7494,
                    "Actual Loops": 2,
                    "Hash Buckets": 16384,
                    "Original Hash Buckets": 16384,
                    "Hash Batches": 1,
                    "Original Hash Batches": 1,
                    "Peak Memory Usage": 768,
                    "Plans": [
                      {
                        "Node Type": "Seq Scan",
                        "Parent Relationship": "Outer",
                        "Parallel Aware": true,
                        "Relation Name": "title",
                        "Alias": "t",
                        "Startup Cost": 0.0,
                        "Total Cost": 54588.39,
                        "Plan Rows": 7695,
                        "Plan Width": 4,
                        "Actual Startup Time": 74.452,
                        "Actual Total Time": 134.392,
                        "Actual Rows": 7494,
                        "Actual Loops": 2,
                        "Filter": "(production_year < 1905)",
                        "Rows Removed by Filter": 1256662
                      }
                    ]
                  }
                ]
              }
            ]
          }
        ]
      }
    ]
  },
  "Planning Time": 0.479,
  "Triggers": [],
  "Execution Time": 3121.812
}