[
    {
        "Bao": {
            "Bao prediction": "NaN",
            "Bao recommended hint": "(no hint)"
        }
    },
    {
        "Plan": {
            "Node Type": "Aggregate",
            "Strategy": "Plain",
            "Partial Mode": "Finalize",
            "Parallel Aware": false,
            "Startup Cost": 77067.33,
            "Total Cost": 77067.34,
            "Plan Rows": 1,
            "Plan Width": 8,
            "Actual Startup Time": 193.071,
            "Actual Total Time": 202.894,
            "Actual Rows": 1,
            "Actual Loops": 1,
            "Output": [
                "count(*)"
            ],
            "Plans": [
                {
                    "Node Type": "Gather",
                    "Parent Relationship": "Outer",
                    "Parallel Aware": false,
                    "Startup Cost": 77067.02,
                    "Total Cost": 77067.33,
                    "Plan Rows": 3,
                    "Plan Width": 8,
                    "Actual Startup Time": 191.785,
                    "Actual Total Time": 202.887,
                    "Actual Rows": 4,
                    "Actual Loops": 1,
                    "Output": [
                        "(PARTIAL count(*))"
                    ],
                    "Workers Planned": 3,
                    "Workers Launched": 3,
                    "Single Copy": false,
                    "Plans": [
                        {
                            "Node Type": "Aggregate",
                            "Strategy": "Plain",
                            "Partial Mode": "Partial",
                            "Parent Relationship": "Outer",
                            "Parallel Aware": false,
                            "Startup Cost": 76067.02,
                            "Total Cost": 76067.03,
                            "Plan Rows": 1,
                            "Plan Width": 8,
                            "Actual Startup Time": 183.14,
                            "Actual Total Time": 183.218,
                            "Actual Rows": 1,
                            "Actual Loops": 4,
                            "Output": [
                                "PARTIAL count(*)"
                            ],
                            "Workers": [
                                {
                                    "Worker Number": 0,
                                    "Actual Startup Time": 180.007,
                                    "Actual Total Time": 180.011,
                                    "Actual Rows": 1,
                                    "Actual Loops": 1
                                },
                                {
                                    "Worker Number": 1,
                                    "Actual Startup Time": 180.286,
                                    "Actual Total Time": 180.289,
                                    "Actual Rows": 1,
                                    "Actual Loops": 1
                                },
                                {
                                    "Worker Number": 2,
                                    "Actual Startup Time": 180.877,
                                    "Actual Total Time": 180.88,
                                    "Actual Rows": 1,
                                    "Actual Loops": 1
                                }
                            ],
                            "Plans": [
                                {
                                    "Node Type": "Hash Join",
                                    "Parent Relationship": "Outer",
                                    "Parallel Aware": true,
                                    "Join Type": "Inner",
                                    "Startup Cost": 50517.91,
                                    "Total Cost": 76060.05,
                                    "Plan Rows": 2785,
                                    "Plan Width": 0,
                                    "Actual Startup Time": 136.156,
                                    "Actual Total Time": 182.391,
                                    "Actual Rows": 13344,
                                    "Actual Loops": 4,
                                    "Inner Unique": true,
                                    "Hash Cond": "(mk.movie_id = t.id)",
                                    "Workers": [
                                        {
                                            "Worker Number": 0,
                                            "Actual Startup Time": 134.655,
                                            "Actual Total Time": 179.257,
                                            "Actual Rows": 12297,
                                            "Actual Loops": 1
                                        },
                                        {
                                            "Worker Number": 1,
                                            "Actual Startup Time": 134.971,
                                            "Actual Total Time": 179.564,
                                            "Actual Rows": 10338,
                                            "Actual Loops": 1
                                        },
                                        {
                                            "Worker Number": 2,
                                            "Actual Startup Time": 128.957,
                                            "Actual Total Time": 179.991,
                                            "Actual Rows": 15682,
                                            "Actual Loops": 1
                                        }
                                    ],
                                    "Plans": [
                                        {
                                            "Node Type": "Bitmap Heap Scan",
                                            "Parent Relationship": "Outer",
                                            "Parallel Aware": true,
                                            "Relation Name": "movie_keyword",
                                            "Schema": "public",
                                            "Alias": "mk",
                                            "Startup Cost": 4732.87,
                                            "Total Cost": 30086.16,
                                            "Plan Rows": 71943,
                                            "Plan Width": 4,
                                            "Actual Startup Time": 21.232,
                                            "Actual Total Time": 64.075,
                                            "Actual Rows": 54717,
                                            "Actual Loops": 4,
                                            "Output": [
                                                "mk.id",
                                                "mk.movie_id",
                                                "mk.keyword_id"
                                            ],
                                            "Recheck Cond": "(mk.keyword_id > 64990)",
                                            "Rows Removed by Index Recheck": 0,
                                            "Exact Heap Blocks": 5770,
                                            "Lossy Heap Blocks": 0,
                                            "Workers": [
                                                {
                                                    "Worker Number": 0,
                                                    "Actual Startup Time": 21.203,
                                                    "Actual Total Time": 65.385,
                                                    "Actual Rows": 48200,
                                                    "Actual Loops": 1
                                                },
                                                {
                                                    "Worker Number": 1,
                                                    "Actual Startup Time": 21.289,
                                                    "Actual Total Time": 66.161,
                                                    "Actual Rows": 41151,
                                                    "Actual Loops": 1
                                                },
                                                {
                                                    "Worker Number": 2,
                                                    "Actual Startup Time": 21.163,
                                                    "Actual Total Time": 62.172,
                                                    "Actual Rows": 68844,
                                                    "Actual Loops": 1
                                                }
                                            ],
                                            "Plans": [
                                                {
                                                    "Node Type": "Bitmap Index Scan",
                                                    "Parent Relationship": "Outer",
                                                    "Parallel Aware": false,
                                                    "Index Name": "keyword_id_movie_keyword",
                                                    "Startup Cost": 0.0,
                                                    "Total Cost": 4677.11,
                                                    "Plan Rows": 223024,
                                                    "Plan Width": 0,
                                                    "Actual Startup Time": 18.177,
                                                    "Actual Total Time": 18.177,
                                                    "Actual Rows": 218867,
                                                    "Actual Loops": 1,
                                                    "Index Cond": "(mk.keyword_id > 64990)",
                                                    "Workers": [
                                                        {
                                                            "Worker Number": 2,
                                                            "Actual Startup Time": 18.177,
                                                            "Actual Total Time": 18.177,
                                                            "Actual Rows": 218867,
                                                            "Actual Loops": 1
                                                        }
                                                    ]
                                                }
                                            ]
                                        },
                                        {
                                            "Node Type": "Hash",
                                            "Parent Relationship": "Inner",
                                            "Parallel Aware": true,
                                            "Startup Cost": 45479.21,
                                            "Total Cost": 45479.21,
                                            "Plan Rows": 24467,
                                            "Plan Width": 4,
                                            "Actual Startup Time": 105.262,
                                            "Actual Total Time": 105.263,
                                            "Actual Rows": 56614,
                                            "Actual Loops": 4,
                                            "Output": [
                                                "t.id"
                                            ],
                                            "Hash Buckets": 262144,
                                            "Original Hash Buckets": 131072,
                                            "Hash Batches": 1,
                                            "Original Hash Batches": 1,
                                            "Peak Memory Usage": 12000,
                                            "Workers": [
                                                {
                                                    "Worker Number": 0,
                                                    "Actual Startup Time": 102.637,
                                                    "Actual Total Time": 102.638,
                                                    "Actual Rows": 55777,
                                                    "Actual Loops": 1
                                                },
                                                {
                                                    "Worker Number": 1,
                                                    "Actual Startup Time": 102.882,
                                                    "Actual Total Time": 102.883,
                                                    "Actual Rows": 52241,
                                                    "Actual Loops": 1
                                                },
                                                {
                                                    "Worker Number": 2,
                                                    "Actual Startup Time": 103.255,
                                                    "Actual Total Time": 103.256,
                                                    "Actual Rows": 54178,
                                                    "Actual Loops": 1
                                                }
                                            ],
                                            "Plans": [
                                                {
                                                    "Node Type": "Seq Scan",
                                                    "Parent Relationship": "Outer",
                                                    "Parallel Aware": true,
                                                    "Relation Name": "title",
                                                    "Schema": "public",
                                                    "Alias": "t",
                                                    "Startup Cost": 0.0,
                                                    "Total Cost": 45479.21,
                                                    "Plan Rows": 24467,
                                                    "Plan Width": 4,
                                                    "Actual Startup Time": 51.3,
                                                    "Actual Total Time": 84.962,
                                                    "Actual Rows": 56614,
                                                    "Actual Loops": 4,
                                                    "Output": [
                                                        "t.id"
                                                    ],
                                                    "Filter": "((t.production_year < 1970) AND (t.kind_id = 1))",
                                                    "Rows Removed by Filter": 575464,
                                                    "Workers": [
                                                        {
                                                            "Worker Number": 0,
                                                            "Actual Startup Time": 48.584,
                                                            "Actual Total Time": 83.235,
                                                            "Actual Rows": 55777,
                                                            "Actual Loops": 1
                                                        },
                                                        {
                                                            "Worker Number": 1,
                                                            "Actual Startup Time": 48.505,
                                                            "Actual Total Time": 83.224,
                                                            "Actual Rows": 52241,
                                                            "Actual Loops": 1
                                                        },
                                                        {
                                                            "Worker Number": 2,
                                                            "Actual Startup Time": 50.028,
                                                            "Actual Total Time": 83.296,
                                                            "Actual Rows": 54178,
                                                            "Actual Loops": 1
                                                        }
                                                    ]
                                                }
                                            ]
                                        }
                                    ]
                                }
                            ]
                        }
                    ]
                }
            ]
        },
        "Planning Time": 206.423,
        "Triggers": [],
        "Execution Time": 202.982
    }
]