[
  {
    "Plan": {
      "Node Type": "Aggregate",
      "Strategy": "Plain",
      "Partial Mode": "Finalize",
      "Parallel Aware": false,
      "Startup Cost": 62178.31,
      "Total Cost": 62178.32,
      "Plan Rows": 1,
      "Plan Width": 8,
      "Actual Startup Time": 171.222,
      "Actual Total Time": 186.574,
      "Actual Rows": 1,
      "Actual Loops": 1,
      "Plans": [
        {
          "Node Type": "Gather",
          "Parent Relationship": "Outer",
          "Parallel Aware": false,
          "Startup Cost": 62178.09,
          "Total Cost": 62178.3,
          "Plan Rows": 2,
          "Plan Width": 8,
          "Actual Startup Time": 170.995,
          "Actual Total Time": 186.565,
          "Actual Rows": 3,
          "Actual Loops": 1,
          "Workers Planned": 2,
          "Workers Launched": 2,
          "Single Copy": false,
          "Plans": [
            {
              "Node Type": "Aggregate",
              "Strategy": "Plain",
              "Partial Mode": "Partial",
              "Parent Relationship": "Outer",
              "Parallel Aware": false,
              "Startup Cost": 61178.09,
              "Total Cost": 61178.1,
              "Plan Rows": 1,
              "Plan Width": 8,
              "Actual Startup Time": 163.161,
              "Actual Total Time": 163.164,
              "Actual Rows": 1,
              "Actual Loops": 3,
              "Plans": [
                {
                  "Node Type": "Hash Join",
                  "Parent Relationship": "Outer",
                  "Parallel Aware": true,
                  "Join Type": "Inner",
                  "Startup Cost": 45544.2,
                  "Total Cost": 61174.14,
                  "Plan Rows": 1580,
                  "Plan Width": 0,
                  "Actual Startup Time": 108.803,
                  "Actual Total Time": 162.982,
                  "Actual Rows": 2323,
                  "Actual Loops": 3,
                  "Inner Unique": true,
                  "Hash Cond": "(mi_idx.movie_id = t.id)",
                  "Plans": [
                    {
                      "Node Type": "Seq Scan",
                      "Parent Relationship": "Outer",
                      "Parallel Aware": true,
                      "Relation Name": "movie_info_idx",
                      "Alias": "mi_idx",
                      "Startup Cost": 0.0,
                      "Total Cost": 15122.68,
                      "Plan Rows": 193243,
                      "Plan Width": 4,
                      "Actual Startup Time": 0.012,
                      "Actual Total Time": 40.251,
                      "Actual Rows": 153308,
                      "Actual Loops": 3,
                      "Filter": "(info_type_id = 101)",
                      "Rows Removed by Filter": 306703
                    },
                    {
                      "Node Type": "Hash",
                      "Parent Relationship": "Inner",
                      "Parallel Aware": true,
                      "Startup Cost": 45479.59,
                      "Total Cost": 45479.59,
                      "Plan Rows": 5169,
                      "Plan Width": 4,
                      "Actual Startup Time": 108.09,
                      "Actual Total Time": 108.091,
                      "Actual Rows": 4786,
                      "Actual Loops": 3,
                      "Hash Buckets": 32768,
                      "Original Hash Buckets": 32768,
                      "Hash Batches": 1,
                      "Original Hash Batches": 1,
                      "Peak Memory Usage": 864,
                      "Plans": [
                        {
                          "Node Type": "Seq Scan",
                          "Parent Relationship": "Outer",
                          "Parallel Aware": true,
                          "Relation Name": "title",
                          "Alias": "t",
                          "Startup Cost": 0.0,
                          "Total Cost": 45479.59,
                          "Plan Rows": 5169,
                          "Plan Width": 4,
                          "Actual Startup Time": 0.286,
                          "Actual Total Time": 106.039,
                          "Actual Rows": 4786,
                          "Actual Loops": 3,
                          "Filter": "((kind_id < 4) AND (production_year = 2001))",
                          "Rows Removed by Filter": 837985
                        }
                      ]
                    }
                  ]
                }
              ]
            }
          ]
        }
      ]
    },
    "Planning Time": 0.198,
    "Triggers": [],
    "Execution Time": 186.606
  }
]