[
    {
        "Bao": {
            "Bao prediction": "NaN",
            "Bao recommended hint": "(no hint)"
        }
    },
    {
        "Plan": {
            "Node Type": "Aggregate",
            "Strategy": "Plain",
            "Partial Mode": "Finalize",
            "Parallel Aware": false,
            "Startup Cost": 72075.71,
            "Total Cost": 72075.72,
            "Plan Rows": 1,
            "Plan Width": 8,
            "Actual Startup Time": 199.103,
            "Actual Total Time": 207.931,
            "Actual Rows": 1,
            "Actual Loops": 1,
            "Output": [
                "count(*)"
            ],
            "Plans": [
                {
                    "Node Type": "Gather",
                    "Parent Relationship": "Outer",
                    "Parallel Aware": false,
                    "Startup Cost": 72075.29,
                    "Total Cost": 72075.7,
                    "Plan Rows": 4,
                    "Plan Width": 8,
                    "Actual Startup Time": 197.448,
                    "Actual Total Time": 207.922,
                    "Actual Rows": 5,
                    "Actual Loops": 1,
                    "Output": [
                        "(PARTIAL count(*))"
                    ],
                    "Workers Planned": 4,
                    "Workers Launched": 4,
                    "Single Copy": false,
                    "Plans": [
                        {
                            "Node Type": "Aggregate",
                            "Strategy": "Plain",
                            "Partial Mode": "Partial",
                            "Parent Relationship": "Outer",
                            "Parallel Aware": false,
                            "Startup Cost": 71075.29,
                            "Total Cost": 71075.3,
                            "Plan Rows": 1,
                            "Plan Width": 8,
                            "Actual Startup Time": 187.803,
                            "Actual Total Time": 187.808,
                            "Actual Rows": 1,
                            "Actual Loops": 5,
                            "Output": [
                                "PARTIAL count(*)"
                            ],
                            "Workers": [
                                {
                                    "Worker Number": 0,
                                    "Actual Startup Time": 185.208,
                                    "Actual Total Time": 185.211,
                                    "Actual Rows": 1,
                                    "Actual Loops": 1
                                },
                                {
                                    "Worker Number": 1,
                                    "Actual Startup Time": 185.206,
                                    "Actual Total Time": 185.21,
                                    "Actual Rows": 1,
                                    "Actual Loops": 1
                                },
                                {
                                    "Worker Number": 2,
                                    "Actual Startup Time": 185.582,
                                    "Actual Total Time": 185.585,
                                    "Actual Rows": 1,
                                    "Actual Loops": 1
                                },
                                {
                                    "Worker Number": 3,
                                    "Actual Startup Time": 186.02,
                                    "Actual Total Time": 186.025,
                                    "Actual Rows": 1,
                                    "Actual Loops": 1
                                }
                            ],
                            "Plans": [
                                {
                                    "Node Type": "Hash Join",
                                    "Parent Relationship": "Outer",
                                    "Parallel Aware": true,
                                    "Join Type": "Inner",
                                    "Startup Cost": 25283.52,
                                    "Total Cost": 70938.82,
                                    "Plan Rows": 54588,
                                    "Plan Width": 0,
                                    "Actual Startup Time": 129.647,
                                    "Actual Total Time": 185.819,
                                    "Actual Rows": 44627,
                                    "Actual Loops": 5,
                                    "Inner Unique": false,
                                    "Hash Cond": "(t.id = mc.movie_id)",
                                    "Workers": [
                                        {
                                            "Worker Number": 0,
                                            "Actual Startup Time": 131.328,
                                            "Actual Total Time": 183.24,
                                            "Actual Rows": 43028,
                                            "Actual Loops": 1
                                        },
                                        {
                                            "Worker Number": 1,
                                            "Actual Startup Time": 125.714,
                                            "Actual Total Time": 183.289,
                                            "Actual Rows": 41222,
                                            "Actual Loops": 1
                                        },
                                        {
                                            "Worker Number": 2,
                                            "Actual Startup Time": 131.844,
                                            "Actual Total Time": 183.641,
                                            "Actual Rows": 42567,
                                            "Actual Loops": 1
                                        },
                                        {
                                            "Worker Number": 3,
                                            "Actual Startup Time": 124.375,
                                            "Actual Total Time": 184.095,
                                            "Actual Rows": 41057,
                                            "Actual Loops": 1
                                        }
                                    ],
                                    "Plans": [
                                        {
                                            "Node Type": "Seq Scan",
                                            "Parent Relationship": "Outer",
                                            "Parallel Aware": true,
                                            "Relation Name": "title",
                                            "Schema": "public",
                                            "Alias": "t",
                                            "Startup Cost": 0.0,
                                            "Total Cost": 42318.81,
                                            "Plan Rows": 632080,
                                            "Plan Width": 4,
                                            "Actual Startup Time": 0.011,
                                            "Actual Total Time": 58.519,
                                            "Actual Rows": 505662,
                                            "Actual Loops": 5,
                                            "Output": [
                                                "t.id",
                                                "t.title",
                                                "t.imdb_index",
                                                "t.kind_id",
                                                "t.production_year",
                                                "t.imdb_id",
                                                "t.phonetic_code",
                                                "t.episode_of_id",
                                                "t.season_nr",
                                                "t.episode_nr",
                                                "t.series_years",
                                                "t.md5sum"
                                            ],
                                            "Workers": [
                                                {
                                                    "Worker Number": 0,
                                                    "Actual Startup Time": 0.014,
                                                    "Actual Total Time": 60.842,
                                                    "Actual Rows": 494684,
                                                    "Actual Loops": 1
                                                },
                                                {
                                                    "Worker Number": 1,
                                                    "Actual Startup Time": 0.013,
                                                    "Actual Total Time": 60.06,
                                                    "Actual Rows": 451237,
                                                    "Actual Loops": 1
                                                },
                                                {
                                                    "Worker Number": 2,
                                                    "Actual Startup Time": 0.014,
                                                    "Actual Total Time": 60.688,
                                                    "Actual Rows": 486365,
                                                    "Actual Loops": 1
                                                },
                                                {
                                                    "Worker Number": 3,
                                                    "Actual Startup Time": 0.007,
                                                    "Actual Total Time": 60.263,
                                                    "Actual Rows": 453147,
                                                    "Actual Loops": 1
                                                }
                                            ]
                                        },
                                        {
                                            "Node Type": "Hash",
                                            "Parent Relationship": "Inner",
                                            "Parallel Aware": true,
                                            "Startup Cost": 24403.09,
                                            "Total Cost": 24403.09,
                                            "Plan Rows": 70435,
                                            "Plan Width": 4,
                                            "Actual Startup Time": 46.09,
                                            "Actual Total Time": 46.091,
                                            "Actual Rows": 44627,
                                            "Actual Loops": 5,
                                            "Output": [
                                                "mc.movie_id"
                                            ],
                                            "Hash Buckets": 262144,
                                            "Original Hash Buckets": 262144,
                                            "Hash Batches": 1,
                                            "Original Hash Batches": 1,
                                            "Peak Memory Usage": 10848,
                                            "Workers": [
                                                {
                                                    "Worker Number": 0,
                                                    "Actual Startup Time": 44.126,
                                                    "Actual Total Time": 44.127,
                                                    "Actual Rows": 37239,
                                                    "Actual Loops": 1
                                                },
                                                {
                                                    "Worker Number": 1,
                                                    "Actual Startup Time": 44.274,
                                                    "Actual Total Time": 44.275,
                                                    "Actual Rows": 31621,
                                                    "Actual Loops": 1
                                                },
                                                {
                                                    "Worker Number": 2,
                                                    "Actual Startup Time": 44.657,
                                                    "Actual Total Time": 44.659,
                                                    "Actual Rows": 30166,
                                                    "Actual Loops": 1
                                                },
                                                {
                                                    "Worker Number": 3,
                                                    "Actual Startup Time": 45.115,
                                                    "Actual Total Time": 45.117,
                                                    "Actual Rows": 29697,
                                                    "Actual Loops": 1
                                                }
                                            ],
                                            "Plans": [
                                                {
                                                    "Node Type": "Bitmap Heap Scan",
                                                    "Parent Relationship": "Outer",
                                                    "Parallel Aware": true,
                                                    "Relation Name": "movie_companies",
                                                    "Schema": "public",
                                                    "Alias": "mc",
                                                    "Startup Cost": 4732.64,
                                                    "Total Cost": 24403.09,
                                                    "Plan Rows": 70435,
                                                    "Plan Width": 4,
                                                    "Actual Startup Time": 4.452,
                                                    "Actual Total Time": 28.377,
                                                    "Actual Rows": 44627,
                                                    "Actual Loops": 5,
                                                    "Output": [
                                                        "mc.movie_id"
                                                    ],
                                                    "Recheck Cond": "(mc.company_id > 107140)",
                                                    "Rows Removed by Index Recheck": 0,
                                                    "Exact Heap Blocks": 1884,
                                                    "Lossy Heap Blocks": 0,
                                                    "Workers": [
                                                        {
                                                            "Worker Number": 0,
                                                            "Actual Startup Time": 2.509,
                                                            "Actual Total Time": 27.42,
                                                            "Actual Rows": 37239,
                                                            "Actual Loops": 1
                                                        },
                                                        {
                                                            "Worker Number": 1,
                                                            "Actual Startup Time": 2.746,
                                                            "Actual Total Time": 27.323,
                                                            "Actual Rows": 31621,
                                                            "Actual Loops": 1
                                                        },
                                                        {
                                                            "Worker Number": 2,
                                                            "Actual Startup Time": 3.116,
                                                            "Actual Total Time": 27.978,
                                                            "Actual Rows": 30166,
                                                            "Actual Loops": 1
                                                        },
                                                        {
                                                            "Worker Number": 3,
                                                            "Actual Startup Time": 3.46,
                                                            "Actual Total Time": 28.292,
                                                            "Actual Rows": 29697,
                                                            "Actual Loops": 1
                                                        }
                                                    ],
                                                    "Plans": [
                                                        {
                                                            "Node Type": "Bitmap Index Scan",
                                                            "Parent Relationship": "Outer",
                                                            "Parallel Aware": false,
                                                            "Index Name": "company_id_movie_companies",
                                                            "Startup Cost": 0.0,
                                                            "Total Cost": 4678.06,
                                                            "Plan Rows": 218350,
                                                            "Plan Width": 0,
                                                            "Actual Startup Time": 9.713,
                                                            "Actual Total Time": 9.714,
                                                            "Actual Rows": 223135,
                                                            "Actual Loops": 1,
                                                            "Index Cond": "(mc.company_id > 107140)"
                                                        }
                                                    ]
                                                }
                                            ]
                                        }
                                    ]
                                }
                            ]
                        }
                    ]
                }
            ]
        },
        "Planning Time": 189.61,
        "Triggers": [],
        "Execution Time": 208.048
    }
]