[
  {
    "Plan": {
      "Node Type": "Aggregate",
      "Strategy": "Plain",
      "Partial Mode": "Finalize",
      "Parallel Aware": false,
      "Startup Cost": 256501.74,
      "Total Cost": 256501.75,
      "Plan Rows": 1,
      "Plan Width": 8,
      "Actual Startup Time": 796.856,
      "Actual Total Time": 813.963,
      "Actual Rows": 1,
      "Actual Loops": 1,
      "Plans": [
        {
          "Node Type": "Gather",
          "Parent Relationship": "Outer",
          "Parallel Aware": false,
          "Startup Cost": 256501.21,
          "Total Cost": 256501.72,
          "Plan Rows": 5,
          "Plan Width": 8,
          "Actual Startup Time": 785.153,
          "Actual Total Time": 813.954,
          "Actual Rows": 6,
          "Actual Loops": 1,
          "Workers Planned": 5,
          "Workers Launched": 5,
          "Single Copy": false,
          "Plans": [
            {
              "Node Type": "Aggregate",
              "Strategy": "Plain",
              "Partial Mode": "Partial",
              "Parent Relationship": "Outer",
              "Parallel Aware": false,
              "Startup Cost": 255501.21,
              "Total Cost": 255501.22,
              "Plan Rows": 1,
              "Plan Width": 8,
              "Actual Startup Time": 779.025,
              "Actual Total Time": 779.028,
              "Actual Rows": 1,
              "Actual Loops": 6,
              "Plans": [
                {
                  "Node Type": "Hash Join",
                  "Parent Relationship": "Outer",
                  "Parallel Aware": true,
                  "Join Type": "Inner",
                  "Startup Cost": 50360.76,
                  "Total Cost": 253182.35,
                  "Plan Rows": 927546,
                  "Plan Width": 0,
                  "Actual Startup Time": 187.092,
                  "Actual Total Time": 752.997,
                  "Actual Rows": 572435,
                  "Actual Loops": 6,
                  "Inner Unique": true,
                  "Hash Cond": "(mi.movie_id = t.id)",
                  "Plans": [
                    {
                      "Node Type": "Seq Scan",
                      "Parent Relationship": "Outer",
                      "Parallel Aware": true,
                      "Relation Name": "movie_info",
                      "Alias": "mi",
                      "Startup Cost": 0.0,
                      "Total Cost": 198880.74,
                      "Plan Rows": 1501273,
                      "Plan Width": 4,
                      "Actual Startup Time": 13.738,
                      "Actual Total Time": 282.016,
                      "Actual Rows": 1258142,
                      "Actual Loops": 6,
                      "Filter": "(info_type_id > 7)",
                      "Rows Removed by Filter": 1214478
                    },
                    {
                      "Node Type": "Hash",
                      "Parent Relationship": "Inner",
                      "Parallel Aware": true,
                      "Startup Cost": 45479.21,
                      "Total Cost": 45479.21,
                      "Plan Rows": 390524,
                      "Plan Width": 4,
                      "Actual Startup Time": 170.656,
                      "Actual Total Time": 170.657,
                      "Actual Rows": 281701,
                      "Actual Loops": 6,
                      "Hash Buckets": 2097152,
                      "Original Hash Buckets": 2097152,
                      "Hash Batches": 1,
                      "Original Hash Batches": 1,
                      "Peak Memory Usage": 82624,
                      "Plans": [
                        {
                          "Node Type": "Seq Scan",
                          "Parent Relationship": "Outer",
                          "Parallel Aware": true,
                          "Relation Name": "title",
                          "Alias": "t",
                          "Startup Cost": 0.0,
                          "Total Cost": 45479.21,
                          "Plan Rows": 390524,
                          "Plan Width": 4,
                          "Actual Startup Time": 0.024,
                          "Actual Total Time": 72.162,
                          "Actual Rows": 281701,
                          "Actual Loops": 6,
                          "Filter": "((kind_id > 1) AND (production_year > 1966))",
                          "Rows Removed by Filter": 139684
                        }
                      ]
                    }
                  ]
                }
              ]
            }
          ]
        }
      ]
    },
    "Planning Time": 0.284,
    "Triggers": [],
    "Execution Time": 813.998
  }
]