[
  {
    "Plan": {
      "Node Type": "Aggregate",
      "Strategy": "Plain",
      "Partial Mode": "Finalize",
      "Parallel Aware": false,
      "Startup Cost": 478754.2,
      "Total Cost": 478754.21,
      "Plan Rows": 1,
      "Plan Width": 8,
      "Actual Startup Time": 4049.655,
      "Actual Total Time": 4163.388,
      "Actual Rows": 1,
      "Actual Loops": 1,
      "Plans": [
        {
          "Node Type": "Gather",
          "Parent Relationship": "Outer",
          "Parallel Aware": false,
          "Startup Cost": 478753.67,
          "Total Cost": 478754.18,
          "Plan Rows": 5,
          "Plan Width": 8,
          "Actual Startup Time": 4048.836,
          "Actual Total Time": 4163.378,
          "Actual Rows": 6,
          "Actual Loops": 1,
          "Workers Planned": 5,
          "Workers Launched": 5,
          "Single Copy": false,
          "Plans": [
            {
              "Node Type": "Aggregate",
              "Strategy": "Plain",
              "Partial Mode": "Partial",
              "Parent Relationship": "Outer",
              "Parallel Aware": false,
              "Startup Cost": 477753.67,
              "Total Cost": 477753.68,
              "Plan Rows": 1,
              "Plan Width": 8,
              "Actual Startup Time": 4039.107,
              "Actual Total Time": 4039.11,
              "Actual Rows": 1,
              "Actual Loops": 6,
              "Plans": [
                {
                  "Node Type": "Nested Loop",
                  "Parent Relationship": "Outer",
                  "Parallel Aware": false,
                  "Join Type": "Inner",
                  "Startup Cost": 44281.88,
                  "Total Cost": 476301.63,
                  "Plan Rows": 580816,
                  "Plan Width": 0,
                  "Actual Startup Time": 93.223,
                  "Actual Total Time": 3982.428,
                  "Actual Rows": 1125260,
                  "Actual Loops": 6,
                  "Inner Unique": false,
                  "Join Filter": "(t.id = ci.movie_id)",
                  "Rows Removed by Join Filter": 0,
                  "Plans": [
                    {
                      "Node Type": "Hash Join",
                      "Parent Relationship": "Outer",
                      "Parallel Aware": true,
                      "Join Type": "Inner",
                      "Startup Cost": 44281.32,
                      "Total Cost": 243603.08,
                      "Plan Rows": 143105,
                      "Plan Width": 8,
                      "Actual Startup Time": 93.042,
                      "Actual Total Time": 795.722,
                      "Actual Rows": 105522,
                      "Actual Loops": 6,
                      "Inner Unique": true,
                      "Hash Cond": "(mi.movie_id = t.id)",
                      "Plans": [
                        {
                          "Node Type": "Seq Scan",
                          "Parent Relationship": "Outer",
                          "Parallel Aware": true,
                          "Relation Name": "movie_info",
                          "Alias": "mi",
                          "Startup Cost": 0.0,
                          "Total Cost": 191560.33,
                          "Plan Rows": 2956733,
                          "Plan Width": 4,
                          "Actual Startup Time": 0.034,
                          "Actual Total Time": 283.358,
                          "Actual Rows": 2472620,
                          "Actual Loops": 6
                        },
                        {
                          "Node Type": "Hash",
                          "Parent Relationship": "Inner",
                          "Parallel Aware": true,
                          "Startup Cost": 43898.92,
                          "Total Cost": 43898.92,
                          "Plan Rows": 30592,
                          "Plan Width": 4,
                          "Actual Startup Time": 90.701,
                          "Actual Total Time": 90.701,
                          "Actual Rows": 20477,
                          "Actual Loops": 6,
                          "Hash Buckets": 131072,
                          "Original Hash Buckets": 131072,
                          "Hash Batches": 1,
                          "Original Hash Batches": 1,
                          "Peak Memory Usage": 5952,
                          "Plans": [
                            {
                              "Node Type": "Seq Scan",
                              "Parent Relationship": "Outer",
                              "Parallel Aware": true,
                              "Relation Name": "title",
                              "Alias": "t",
                              "Startup Cost": 0.0,
                              "Total Cost": 43898.92,
                              "Plan Rows": 30592,
                              "Plan Width": 4,
                              "Actual Startup Time": 0.051,
                              "Actual Total Time": 80.723,
                              "Actual Rows": 20477,
                              "Actual Loops": 6,
                              "Filter": "(production_year = 2008)",
                              "Rows Removed by Filter": 400908
                            }
                          ]
                        }
                      ]
                    },
                    {
                      "Node Type": "Index Scan",
                      "Parent Relationship": "Inner",
                      "Parallel Aware": false,
                      "Scan Direction": "Forward",
                      "Index Name": "movie_id_cast_info",
                      "Relation Name": "cast_info",
                      "Alias": "ci",
                      "Startup Cost": 0.56,
                      "Total Cost": 1.5,
                      "Plan Rows": 10,
                      "Plan Width": 4,
                      "Actual Startup Time": 0.005,
                      "Actual Total Time": 0.029,
                      "Actual Rows": 11,
                      "Actual Loops": 633134,
                      "Index Cond": "(movie_id = mi.movie_id)",
                      "Rows Removed by Index Recheck": 0,
                      "Filter": "((person_id < 3026246) AND (role_id = 1))",
                      "Rows Removed by Filter": 25
                    }
                  ]
                }
              ]
            }
          ]
        }
      ]
    },
    "Planning Time": 1.267,
    "Triggers": [],
    "Execution Time": 4163.49
  }
]