[
  {
    "Plan": {
      "Node Type": "Aggregate",
      "Strategy": "Plain",
      "Partial Mode": "Finalize",
      "Parallel Aware": false,
      "Startup Cost": 97383.19,
      "Total Cost": 97383.2,
      "Plan Rows": 1,
      "Plan Width": 8,
      "Actual Startup Time": 595.873,
      "Actual Total Time": 610.912,
      "Actual Rows": 1,
      "Actual Loops": 1,
      "Plans": [
        {
          "Node Type": "Gather",
          "Parent Relationship": "Outer",
          "Parallel Aware": false,
          "Startup Cost": 97382.98,
          "Total Cost": 97383.19,
          "Plan Rows": 2,
          "Plan Width": 8,
          "Actual Startup Time": 592.947,
          "Actual Total Time": 610.904,
          "Actual Rows": 3,
          "Actual Loops": 1,
          "Workers Planned": 2,
          "Workers Launched": 2,
          "Single Copy": false,
          "Plans": [
            {
              "Node Type": "Aggregate",
              "Strategy": "Plain",
              "Partial Mode": "Partial",
              "Parent Relationship": "Outer",
              "Parallel Aware": false,
              "Startup Cost": 96382.98,
              "Total Cost": 96382.99,
              "Plan Rows": 1,
              "Plan Width": 8,
              "Actual Startup Time": 585.04,
              "Actual Total Time": 585.045,
              "Actual Rows": 1,
              "Actual Loops": 3,
              "Plans": [
                {
                  "Node Type": "Hash Join",
                  "Parent Relationship": "Outer",
                  "Parallel Aware": true,
                  "Join Type": "Inner",
                  "Startup Cost": 80001.12,
                  "Total Cost": 96112.78,
                  "Plan Rows": 108080,
                  "Plan Width": 0,
                  "Actual Startup Time": 465.484,
                  "Actual Total Time": 574.907,
                  "Actual Rows": 242567,
                  "Actual Loops": 3,
                  "Inner Unique": false,
                  "Hash Cond": "(mi_idx.movie_id = t.id)",
                  "Plans": [
                    {
                      "Node Type": "Seq Scan",
                      "Parent Relationship": "Outer",
                      "Parallel Aware": true,
                      "Relation Name": "movie_info_idx",
                      "Alias": "mi_idx",
                      "Startup Cost": 0.0,
                      "Total Cost": 13685.15,
                      "Plan Rows": 575015,
                      "Plan Width": 4,
                      "Actual Startup Time": 0.026,
                      "Actual Total Time": 34.726,
                      "Actual Rows": 460012,
                      "Actual Loops": 3
                    },
                    {
                      "Node Type": "Hash",
                      "Parent Relationship": "Inner",
                      "Parallel Aware": true,
                      "Startup Cost": 78516.07,
                      "Total Cost": 78516.07,
                      "Plan Rows": 118804,
                      "Plan Width": 8,
                      "Actual Startup Time": 461.466,
                      "Actual Total Time": 461.469,
                      "Actual Rows": 164417,
                      "Actual Loops": 3,
                      "Hash Buckets": 524288,
                      "Original Hash Buckets": 524288,
                      "Hash Batches": 1,
                      "Original Hash Batches": 1,
                      "Peak Memory Usage": 23456,
                      "Plans": [
                        {
                          "Node Type": "Hash Join",
                          "Parent Relationship": "Outer",
                          "Parallel Aware": true,
                          "Join Type": "Inner",
                          "Startup Cost": 31832.89,
                          "Total Cost": 78516.07,
                          "Plan Rows": 118804,
                          "Plan Width": 8,
                          "Actual Startup Time": 148.192,
                          "Actual Total Time": 419.911,
                          "Actual Rows": 164417,
                          "Actual Loops": 3,
                          "Inner Unique": false,
                          "Hash Cond": "(t.id = mc.movie_id)",
                          "Plans": [
                            {
                              "Node Type": "Seq Scan",
                              "Parent Relationship": "Outer",
                              "Parallel Aware": true,
                              "Relation Name": "title",
                              "Alias": "t",
                              "Startup Cost": 0.0,
                              "Total Cost": 43898.92,
                              "Plan Rows": 480205,
                              "Plan Width": 4,
                              "Actual Startup Time": 0.01,
                              "Actual Total Time": 117.922,
                              "Actual Rows": 640950,
                              "Actual Loops": 3,
                              "Filter": "(production_year < 2010)",
                              "Rows Removed by Filter": 201821
                            },
                            {
                              "Node Type": "Hash",
                              "Parent Relationship": "Inner",
                              "Parallel Aware": true,
                              "Startup Cost": 29310.68,
                              "Total Cost": 29310.68,
                              "Plan Rows": 201777,
                              "Plan Width": 4,
                              "Actual Startup Time": 144.123,
                              "Actual Total Time": 144.124,
                              "Actual Rows": 212563,
                              "Actual Loops": 3,
                              "Hash Buckets": 1048576,
                              "Original Hash Buckets": 1048576,
                              "Hash Batches": 1,
                              "Original Hash Batches": 1,
                              "Peak Memory Usage": 33184,
                              "Plans": [
                                {
                                  "Node Type": "Seq Scan",
                                  "Parent Relationship": "Outer",
                                  "Parallel Aware": true,
                                  "Relation Name": "movie_companies",
                                  "Alias": "mc",
                                  "Startup Cost": 0.0,
                                  "Total Cost": 29310.68,
                                  "Plan Rows": 201777,
                                  "Plan Width": 4,
                                  "Actual Startup Time": 41.949,
                                  "Actual Total Time": 92.449,
                                  "Actual Rows": 212563,
                                  "Actual Loops": 3,
                                  "Filter": "(company_id > 57709)",
                                  "Rows Removed by Filter": 657147
                                }
                              ]
                            }
                          ]
                        }
                      ]
                    }
                  ]
                }
              ]
            }
          ]
        }
      ]
    },
    "Planning Time": 1.44,
    "Triggers": [],
    "Execution Time": 610.999
  }
]