{
  "Plan": {
    "Node Type": "Aggregate",
    "Strategy": "Plain",
    "Partial Mode": "Finalize",
    "Parallel Aware": false,
    "Startup Cost": 79627.84,
    "Total Cost": 79627.85,
    "Plan Rows": 1,
    "Plan Width": 8,
    "Actual Startup Time": 466.123,
    "Actual Total Time": 478.524,
    "Actual Rows": 1,
    "Actual Loops": 1,
    "Plans": [
      {
        "Node Type": "Gather",
        "Parent Relationship": "Outer",
        "Parallel Aware": false,
        "Startup Cost": 79627.73,
        "Total Cost": 79627.84,
        "Plan Rows": 1,
        "Plan Width": 8,
        "Actual Startup Time": 462.471,
        "Actual Total Time": 478.515,
        "Actual Rows": 2,
        "Actual Loops": 1,
        "Workers Planned": 1,
        "Workers Launched": 1,
        "Single Copy": false,
        "Plans": [
          {
            "Node Type": "Aggregate",
            "Strategy": "Plain",
            "Partial Mode": "Partial",
            "Parent Relationship": "Outer",
            "Parallel Aware": false,
            "Startup Cost": 78627.73,
            "Total Cost": 78627.74,
            "Plan Rows": 1,
            "Plan Width": 8,
            "Actual Startup Time": 454.682,
            "Actual Total Time": 454.685,
            "Actual Rows": 1,
            "Actual Loops": 2,
            "Plans": [
              {
                "Node Type": "Hash Join",
                "Parent Relationship": "Outer",
                "Parallel Aware": true,
                "Join Type": "Inner",
                "Startup Cost": 68381.1,
                "Total Cost": 78404.3,
                "Plan Rows": 89370,
                "Plan Width": 0,
                "Actual Startup Time": 366.791,
                "Actual Total Time": 451.076,
                "Actual Rows": 84016,
                "Actual Loops": 2,
                "Inner Unique": true,
                "Hash Cond": "(ci.movie_id = t.id)",
                "Plans": [
                  {
                    "Node Type": "Index Scan",
                    "Parent Relationship": "Outer",
                    "Parallel Aware": true,
                    "Scan Direction": "Forward",
                    "Index Name": "role_id_cast_info",
                    "Relation Name": "cast_info",
                    "Alias": "ci",
                    "Startup Cost": 0.56,
                    "Total Cost": 9590.86,
                    "Plan Rows": 164921,
                    "Plan Width": 4,
                    "Actual Startup Time": 0.111,
                    "Actual Total Time": 25.157,
                    "Actual Rows": 154192,
                    "Actual Loops": 2,
                    "Index Cond": "(role_id > 10)",
                    "Rows Removed by Index Recheck": 0,
                    "Filter": "(person_id > 212454)",
                    "Rows Removed by Filter": 3868
                  },
                  {
                    "Node Type": "Hash",
                    "Parent Relationship": "Inner",
                    "Parallel Aware": true,
                    "Startup Cost": 58306.47,
                    "Total Cost": 58306.47,
                    "Plan Rows": 805925,
                    "Plan Width": 4,
                    "Actual Startup Time": 352.086,
                    "Actual Total Time": 352.087,
                    "Actual Rows": 725316,
                    "Actual Loops": 2,
                    "Hash Buckets": 2097152,
                    "Original Hash Buckets": 2097152,
                    "Hash Batches": 1,
                    "Original Hash Batches": 1,
                    "Peak Memory Usage": 73152,
                    "Plans": [
                      {
                        "Node Type": "Seq Scan",
                        "Parent Relationship": "Outer",
                        "Parallel Aware": true,
                        "Relation Name": "title",
                        "Alias": "t",
                        "Startup Cost": 0.0,
                        "Total Cost": 58306.47,
                        "Plan Rows": 805925,
                        "Plan Width": 4,
                        "Actual Startup Time": 0.031,
                        "Actual Total Time": 168.565,
                        "Actual Rows": 725316,
                        "Actual Loops": 2,
                        "Filter": "((production_year > 1956) AND (kind_id = 7))",
                        "Rows Removed by Filter": 538840
                      }
                    ]
                  }
                ]
              }
            ]
          }
        ]
      }
    ]
  },
  "Planning Time": 0.71,
  "Triggers": [],
  "Execution Time": 478.598
}