[
  {
    "Plan": {
      "Node Type": "Aggregate",
      "Strategy": "Plain",
      "Partial Mode": "Finalize",
      "Parallel Aware": false,
      "Startup Cost": 32233.7,
      "Total Cost": 32233.71,
      "Plan Rows": 1,
      "Plan Width": 8,
      "Actual Startup Time": 109.046,
      "Actual Total Time": 116.648,
      "Actual Rows": 1,
      "Actual Loops": 1,
      "Plans": [
        {
          "Node Type": "Gather",
          "Parent Relationship": "Outer",
          "Parallel Aware": false,
          "Startup Cost": 32233.38,
          "Total Cost": 32233.69,
          "Plan Rows": 3,
          "Plan Width": 8,
          "Actual Startup Time": 108.937,
          "Actual Total Time": 116.638,
          "Actual Rows": 4,
          "Actual Loops": 1,
          "Workers Planned": 3,
          "Workers Launched": 3,
          "Single Copy": false,
          "Plans": [
            {
              "Node Type": "Aggregate",
              "Strategy": "Plain",
              "Partial Mode": "Partial",
              "Parent Relationship": "Outer",
              "Parallel Aware": false,
              "Startup Cost": 31233.38,
              "Total Cost": 31233.39,
              "Plan Rows": 1,
              "Plan Width": 8,
              "Actual Startup Time": 105.616,
              "Actual Total Time": 105.617,
              "Actual Rows": 1,
              "Actual Loops": 4,
              "Plans": [
                {
                  "Node Type": "Seq Scan",
                  "Parent Relationship": "Outer",
                  "Parallel Aware": true,
                  "Relation Name": "movie_companies",
                  "Alias": "mc",
                  "Startup Cost": 0.0,
                  "Total Cost": 29310.68,
                  "Plan Rows": 769079,
                  "Plan Width": 0,
                  "Actual Startup Time": 0.013,
                  "Actual Total Time": 77.971,
                  "Actual Rows": 596726,
                  "Actual Loops": 4,
                  "Filter": "(company_id < 107356)",
                  "Rows Removed by Filter": 55556
                }
              ]
            }
          ]
        }
      ]
    },
    "Planning Time": 0.091,
    "Triggers": [],
    "Execution Time": 116.677
  }
]