{
    "Plan": {
        "Node Type": "Aggregate",
        "Strategy": "Plain",
        "Partial Mode": "Finalize",
        "Parallel Aware": false,
        "Startup Cost": 413679.08,
        "Total Cost": 413679.09,
        "Plan Rows": 1,
        "Plan Width": 8,
        "Actual Startup Time": 1071.375,
        "Actual Total Time": 1124.933,
        "Actual Rows": 1,
        "Actual Loops": 1,
        "Output": [
            "count(*)"
        ],
        "Plans": [
            {
                "Node Type": "Gather",
                "Parent Relationship": "Outer",
                "Parallel Aware": false,
                "Startup Cost": 413678.46,
                "Total Cost": 413679.07,
                "Plan Rows": 6,
                "Plan Width": 8,
                "Actual Startup Time": 1061.768,
                "Actual Total Time": 1124.919,
                "Actual Rows": 7,
                "Actual Loops": 1,
                "Output": [
                    "(PARTIAL count(*))"
                ],
                "Workers Planned": 6,
                "Workers Launched": 6,
                "Single Copy": false,
                "Plans": [
                    {
                        "Node Type": "Aggregate",
                        "Strategy": "Plain",
                        "Partial Mode": "Partial",
                        "Parent Relationship": "Outer",
                        "Parallel Aware": false,
                        "Startup Cost": 412678.46,
                        "Total Cost": 412678.47,
                        "Plan Rows": 1,
                        "Plan Width": 8,
                        "Actual Startup Time": 1050.446,
                        "Actual Total Time": 1050.615,
                        "Actual Rows": 1,
                        "Actual Loops": 7,
                        "Output": [
                            "PARTIAL count(*)"
                        ],
                        "Workers": [
                            {
                                "Worker Number": 0,
                                "Actual Startup Time": 1047.868,
                                "Actual Total Time": 1047.874,
                                "Actual Rows": 1,
                                "Actual Loops": 1
                            },
                            {
                                "Worker Number": 1,
                                "Actual Startup Time": 1049.722,
                                "Actual Total Time": 1049.727,
                                "Actual Rows": 1,
                                "Actual Loops": 1
                            },
                            {
                                "Worker Number": 2,
                                "Actual Startup Time": 1048.725,
                                "Actual Total Time": 1048.731,
                                "Actual Rows": 1,
                                "Actual Loops": 1
                            },
                            {
                                "Worker Number": 3,
                                "Actual Startup Time": 1048.617,
                                "Actual Total Time": 1048.622,
                                "Actual Rows": 1,
                                "Actual Loops": 1
                            },
                            {
                                "Worker Number": 4,
                                "Actual Startup Time": 1048.59,
                                "Actual Total Time": 1048.596,
                                "Actual Rows": 1,
                                "Actual Loops": 1
                            },
                            {
                                "Worker Number": 5,
                                "Actual Startup Time": 1048.86,
                                "Actual Total Time": 1048.864,
                                "Actual Rows": 1,
                                "Actual Loops": 1
                            }
                        ],
                        "Plans": [
                            {
                                "Node Type": "Hash Join",
                                "Parent Relationship": "Outer",
                                "Parallel Aware": true,
                                "Join Type": "Inner",
                                "Startup Cost": 68448.64,
                                "Total Cost": 412529.54,
                                "Plan Rows": 59568,
                                "Plan Width": 0,
                                "Actual Startup Time": 890.997,
                                "Actual Total Time": 1039.853,
                                "Actual Rows": 229562,
                                "Actual Loops": 7,
                                "Inner Unique": false,
                                "Hash Cond": "(ci.movie_id = t.id)",
                                "Workers": [
                                    {
                                        "Worker Number": 0,
                                        "Actual Startup Time": 888.612,
                                        "Actual Total Time": 1036.553,
                                        "Actual Rows": 181476,
                                        "Actual Loops": 1
                                    },
                                    {
                                        "Worker Number": 1,
                                        "Actual Startup Time": 889.288,
                                        "Actual Total Time": 1038.151,
                                        "Actual Rows": 183244,
                                        "Actual Loops": 1
                                    },
                                    {
                                        "Worker Number": 2,
                                        "Actual Startup Time": 889.433,
                                        "Actual Total Time": 1037.069,
                                        "Actual Rows": 187148,
                                        "Actual Loops": 1
                                    },
                                    {
                                        "Worker Number": 3,
                                        "Actual Startup Time": 889.304,
                                        "Actual Total Time": 1038.742,
                                        "Actual Rows": 256554,
                                        "Actual Loops": 1
                                    },
                                    {
                                        "Worker Number": 4,
                                        "Actual Startup Time": 889.3,
                                        "Actual Total Time": 1038.752,
                                        "Actual Rows": 255896,
                                        "Actual Loops": 1
                                    },
                                    {
                                        "Worker Number": 5,
                                        "Actual Startup Time": 889.563,
                                        "Actual Total Time": 1038.795,
                                        "Actual Rows": 262476,
                                        "Actual Loops": 1
                                    }
                                ],
                                "Plans": [
                                    {
                                        "Node Type": "Seq Scan",
                                        "Parent Relationship": "Outer",
                                        "Parallel Aware": true,
                                        "Relation Name": "cast_info",
                                        "Schema": "public",
                                        "Alias": "ci",
                                        "Startup Cost": 0.0,
                                        "Total Cost": 343318.94,
                                        "Plan Rows": 163477,
                                        "Plan Width": 4,
                                        "Actual Startup Time": 548.628,
                                        "Actual Total Time": 607.365,
                                        "Actual Rows": 226952,
                                        "Actual Loops": 7,
                                        "Output": [
                                            "ci.id",
                                            "ci.person_id",
                                            "ci.movie_id",
                                            "ci.person_role_id",
                                            "ci.note",
                                            "ci.nr_order",
                                            "ci.role_id"
                                        ],
                                        "Filter": "((ci.person_id > 3747415) AND (ci.role_id > 1))",
                                        "Rows Removed by Filter": 4950811,
                                        "Workers": [
                                            {
                                                "Worker Number": 0,
                                                "Actual Startup Time": 548.641,
                                                "Actual Total Time": 610.981,
                                                "Actual Rows": 180284,
                                                "Actual Loops": 1
                                            },
                                            {
                                                "Worker Number": 1,
                                                "Actual Startup Time": 548.636,
                                                "Actual Total Time": 609.372,
                                                "Actual Rows": 178675,
                                                "Actual Loops": 1
                                            },
                                            {
                                                "Worker Number": 2,
                                                "Actual Startup Time": 548.642,
                                                "Actual Total Time": 609.731,
                                                "Actual Rows": 182934,
                                                "Actual Loops": 1
                                            },
                                            {
                                                "Worker Number": 3,
                                                "Actual Startup Time": 548.626,
                                                "Actual Total Time": 607.265,
                                                "Actual Rows": 255036,
                                                "Actual Loops": 1
                                            },
                                            {
                                                "Worker Number": 4,
                                                "Actual Startup Time": 548.585,
                                                "Actual Total Time": 606.925,
                                                "Actual Rows": 255445,
                                                "Actual Loops": 1
                                            },
                                            {
                                                "Worker Number": 5,
                                                "Actual Startup Time": 548.631,
                                                "Actual Total Time": 604.663,
                                                "Actual Rows": 258915,
                                                "Actual Loops": 1
                                            }
                                        ]
                                    },
                                    {
                                        "Node Type": "Hash",
                                        "Parent Relationship": "Inner",
                                        "Parallel Aware": true,
                                        "Startup Cost": 65569.69,
                                        "Total Cost": 65569.69,
                                        "Plan Rows": 230316,
                                        "Plan Width": 8,
                                        "Actual Startup Time": 339.011,
                                        "Actual Total Time": 339.177,
                                        "Actual Rows": 131407,
                                        "Actual Loops": 7,
                                        "Output": [
                                            "t.id",
                                            "mi_idx.movie_id"
                                        ],
                                        "Hash Buckets": 1048576,
                                        "Original Hash Buckets": 1048576,
                                        "Hash Batches": 1,
                                        "Original Hash Batches": 1,
                                        "Peak Memory Usage": 44256,
                                        "Workers": [
                                            {
                                                "Worker Number": 0,
                                                "Actual Startup Time": 339.288,
                                                "Actual Total Time": 339.292,
                                                "Actual Rows": 107620,
                                                "Actual Loops": 1
                                            },
                                            {
                                                "Worker Number": 1,
                                                "Actual Startup Time": 339.976,
                                                "Actual Total Time": 339.98,
                                                "Actual Rows": 108722,
                                                "Actual Loops": 1
                                            },
                                            {
                                                "Worker Number": 2,
                                                "Actual Startup Time": 340.199,
                                                "Actual Total Time": 340.203,
                                                "Actual Rows": 110680,
                                                "Actual Loops": 1
                                            },
                                            {
                                                "Worker Number": 3,
                                                "Actual Startup Time": 340.009,
                                                "Actual Total Time": 340.014,
                                                "Actual Rows": 143694,
                                                "Actual Loops": 1
                                            },
                                            {
                                                "Worker Number": 4,
                                                "Actual Startup Time": 339.885,
                                                "Actual Total Time": 339.889,
                                                "Actual Rows": 143858,
                                                "Actual Loops": 1
                                            },
                                            {
                                                "Worker Number": 5,
                                                "Actual Startup Time": 340.274,
                                                "Actual Total Time": 340.277,
                                                "Actual Rows": 145592,
                                                "Actual Loops": 1
                                            }
                                        ],
                                        "Plans": [
                                            {
                                                "Node Type": "Hash Join",
                                                "Parent Relationship": "Outer",
                                                "Parallel Aware": true,
                                                "Join Type": "Inner",
                                                "Startup Cost": 19920.93,
                                                "Total Cost": 65569.69,
                                                "Plan Rows": 230316,
                                                "Plan Width": 8,
                                                "Actual Startup Time": 100.528,
                                                "Actual Total Time": 289.273,
                                                "Actual Rows": 131407,
                                                "Actual Loops": 7,
                                                "Output": [
                                                    "t.id",
                                                    "mi_idx.movie_id"
                                                ],
                                                "Inner Unique": false,
                                                "Hash Cond": "(t.id = mi_idx.movie_id)",
                                                "Workers": [
                                                    {
                                                        "Worker Number": 0,
                                                        "Actual Startup Time": 100.538,
                                                        "Actual Total Time": 288.166,
                                                        "Actual Rows": 107620,
                                                        "Actual Loops": 1
                                                    },
                                                    {
                                                        "Worker Number": 1,
                                                        "Actual Startup Time": 100.49,
                                                        "Actual Total Time": 289.076,
                                                        "Actual Rows": 108722,
                                                        "Actual Loops": 1
                                                    },
                                                    {
                                                        "Worker Number": 2,
                                                        "Actual Startup Time": 100.555,
                                                        "Actual Total Time": 288.87,
                                                        "Actual Rows": 110680,
                                                        "Actual Loops": 1
                                                    },
                                                    {
                                                        "Worker Number": 3,
                                                        "Actual Startup Time": 100.499,
                                                        "Actual Total Time": 290.001,
                                                        "Actual Rows": 143694,
                                                        "Actual Loops": 1
                                                    },
                                                    {
                                                        "Worker Number": 4,
                                                        "Actual Startup Time": 100.524,
                                                        "Actual Total Time": 290.476,
                                                        "Actual Rows": 143858,
                                                        "Actual Loops": 1
                                                    },
                                                    {
                                                        "Worker Number": 5,
                                                        "Actual Startup Time": 100.517,
                                                        "Actual Total Time": 290.2,
                                                        "Actual Rows": 145592,
                                                        "Actual Loops": 1
                                                    }
                                                ],
                                                "Plans": [
                                                    {
                                                        "Node Type": "Seq Scan",
                                                        "Parent Relationship": "Outer",
                                                        "Parallel Aware": true,
                                                        "Relation Name": "title",
                                                        "Schema": "public",
                                                        "Alias": "t",
                                                        "Startup Cost": 0.0,
                                                        "Total Cost": 42318.81,
                                                        "Plan Rows": 632080,
                                                        "Plan Width": 4,
                                                        "Actual Startup Time": 0.026,
                                                        "Actual Total Time": 59.946,
                                                        "Actual Rows": 361187,
                                                        "Actual Loops": 7,
                                                        "Output": [
                                                            "t.id",
                                                            "t.title",
                                                            "t.imdb_index",
                                                            "t.kind_id",
                                                            "t.production_year",
                                                            "t.imdb_id",
                                                            "t.phonetic_code",
                                                            "t.episode_of_id",
                                                            "t.season_nr",
                                                            "t.episode_nr",
                                                            "t.series_years",
                                                            "t.md5sum"
                                                        ],
                                                        "Workers": [
                                                            {
                                                                "Worker Number": 0,
                                                                "Actual Startup Time": 0.038,
                                                                "Actual Total Time": 64.481,
                                                                "Actual Rows": 293878,
                                                                "Actual Loops": 1
                                                            },
                                                            {
                                                                "Worker Number": 1,
                                                                "Actual Startup Time": 0.023,
                                                                "Actual Total Time": 63.476,
                                                                "Actual Rows": 298377,
                                                                "Actual Loops": 1
                                                            },
                                                            {
                                                                "Worker Number": 2,
                                                                "Actual Startup Time": 0.03,
                                                                "Actual Total Time": 63.678,
                                                                "Actual Rows": 303484,
                                                                "Actual Loops": 1
                                                            },
                                                            {
                                                                "Worker Number": 3,
                                                                "Actual Startup Time": 0.032,
                                                                "Actual Total Time": 61.353,
                                                                "Actual Rows": 393277,
                                                                "Actual Loops": 1
                                                            },
                                                            {
                                                                "Worker Number": 4,
                                                                "Actual Startup Time": 0.028,
                                                                "Actual Total Time": 61.167,
                                                                "Actual Rows": 393640,
                                                                "Actual Loops": 1
                                                            },
                                                            {
                                                                "Worker Number": 5,
                                                                "Actual Startup Time": 0.027,
                                                                "Actual Total Time": 59.308,
                                                                "Actual Rows": 402723,
                                                                "Actual Loops": 1
                                                            }
                                                        ]
                                                    },
                                                    {
                                                        "Node Type": "Hash",
                                                        "Parent Relationship": "Inner",
                                                        "Parallel Aware": true,
                                                        "Startup Cost": 15122.68,
                                                        "Total Cost": 15122.68,
                                                        "Plan Rows": 383860,
                                                        "Plan Width": 4,
                                                        "Actual Startup Time": 98.99,
                                                        "Actual Total Time": 98.991,
                                                        "Actual Rows": 131407,
                                                        "Actual Loops": 7,
                                                        "Output": [
                                                            "mi_idx.movie_id"
                                                        ],
                                                        "Hash Buckets": 1048576,
                                                        "Original Hash Buckets": 1048576,
                                                        "Hash Batches": 1,
                                                        "Original Hash Batches": 1,
                                                        "Peak Memory Usage": 44256,
                                                        "Workers": [
                                                            {
                                                                "Worker Number": 0,
                                                                "Actual Startup Time": 100.39,
                                                                "Actual Total Time": 100.391,
                                                                "Actual Rows": 100296,
                                                                "Actual Loops": 1
                                                            },
                                                            {
                                                                "Worker Number": 1,
                                                                "Actual Startup Time": 100.349,
                                                                "Actual Total Time": 100.35,
                                                                "Actual Rows": 103654,
                                                                "Actual Loops": 1
                                                            },
                                                            {
                                                                "Worker Number": 2,
                                                                "Actual Startup Time": 100.398,
                                                                "Actual Total Time": 100.4,
                                                                "Actual Rows": 103883,
                                                                "Actual Loops": 1
                                                            },
                                                            {
                                                                "Worker Number": 3,
                                                                "Actual Startup Time": 100.375,
                                                                "Actual Total Time": 100.376,
                                                                "Actual Rows": 132640,
                                                                "Actual Loops": 1
                                                            },
                                                            {
                                                                "Worker Number": 4,
                                                                "Actual Startup Time": 100.373,
                                                                "Actual Total Time": 100.374,
                                                                "Actual Rows": 136472,
                                                                "Actual Loops": 1
                                                            },
                                                            {
                                                                "Worker Number": 5,
                                                                "Actual Startup Time": 100.357,
                                                                "Actual Total Time": 100.358,
                                                                "Actual Rows": 121534,
                                                                "Actual Loops": 1
                                                            }
                                                        ],
                                                        "Plans": [
                                                            {
                                                                "Node Type": "Seq Scan",
                                                                "Parent Relationship": "Outer",
                                                                "Parallel Aware": true,
                                                                "Relation Name": "movie_info_idx",
                                                                "Schema": "public",
                                                                "Alias": "mi_idx",
                                                                "Startup Cost": 0.0,
                                                                "Total Cost": 15122.68,
                                                                "Plan Rows": 383860,
                                                                "Plan Width": 4,
                                                                "Actual Startup Time": 0.039,
                                                                "Actual Total Time": 39.567,
                                                                "Actual Rows": 131407,
                                                                "Actual Loops": 7,
                                                                "Output": [
                                                                    "mi_idx.movie_id"
                                                                ],
                                                                "Filter": "(mi_idx.info_type_id < 101)",
                                                                "Rows Removed by Filter": 65741,
                                                                "Workers": [
                                                                    {
                                                                        "Worker Number": 0,
                                                                        "Actual Startup Time": 0.036,
                                                                        "Actual Total Time": 40.751,
                                                                        "Actual Rows": 100296,
                                                                        "Actual Loops": 1
                                                                    },
                                                                    {
                                                                        "Worker Number": 1,
                                                                        "Actual Startup Time": 0.053,
                                                                        "Actual Total Time": 39.74,
                                                                        "Actual Rows": 103654,
                                                                        "Actual Loops": 1
                                                                    },
                                                                    {
                                                                        "Worker Number": 2,
                                                                        "Actual Startup Time": 0.037,
                                                                        "Actual Total Time": 40.169,
                                                                        "Actual Rows": 103883,
                                                                        "Actual Loops": 1
                                                                    },
                                                                    {
                                                                        "Worker Number": 3,
                                                                        "Actual Startup Time": 0.037,
                                                                        "Actual Total Time": 40.783,
                                                                        "Actual Rows": 132640,
                                                                        "Actual Loops": 1
                                                                    },
                                                                    {
                                                                        "Worker Number": 4,
                                                                        "Actual Startup Time": 0.037,
                                                                        "Actual Total Time": 40.841,
                                                                        "Actual Rows": 136472,
                                                                        "Actual Loops": 1
                                                                    },
                                                                    {
                                                                        "Worker Number": 5,
                                                                        "Actual Startup Time": 0.047,
                                                                        "Actual Total Time": 38.809,
                                                                        "Actual Rows": 121534,
                                                                        "Actual Loops": 1
                                                                    }
                                                                ]
                                                            }
                                                        ]
                                                    }
                                                ]
                                            }
                                        ]
                                    }
                                ]
                            }
                        ]
                    }
                ]
            }
        ]
    },
    "Planning Time": 1.638,
    "Triggers": [],
    "Execution Time": 1125.05
}