[
  {
    "Plan": {
      "Node Type": "Aggregate",
      "Strategy": "Plain",
      "Partial Mode": "Finalize",
      "Parallel Aware": false,
      "Startup Cost": 345899.92,
      "Total Cost": 345899.93,
      "Plan Rows": 1,
      "Plan Width": 8,
      "Actual Startup Time": 479.593,
      "Actual Total Time": 510.481,
      "Actual Rows": 1,
      "Actual Loops": 1,
      "Plans": [
        {
          "Node Type": "Gather",
          "Parent Relationship": "Outer",
          "Parallel Aware": false,
          "Startup Cost": 345899.3,
          "Total Cost": 345899.91,
          "Plan Rows": 6,
          "Plan Width": 8,
          "Actual Startup Time": 479.458,
          "Actual Total Time": 510.467,
          "Actual Rows": 7,
          "Actual Loops": 1,
          "Workers Planned": 6,
          "Workers Launched": 6,
          "Single Copy": false,
          "Plans": [
            {
              "Node Type": "Aggregate",
              "Strategy": "Plain",
              "Partial Mode": "Partial",
              "Parent Relationship": "Outer",
              "Parallel Aware": false,
              "Startup Cost": 344899.3,
              "Total Cost": 344899.31,
              "Plan Rows": 1,
              "Plan Width": 8,
              "Actual Startup Time": 471.239,
              "Actual Total Time": 471.24,
              "Actual Rows": 1,
              "Actual Loops": 7,
              "Plans": [
                {
                  "Node Type": "Index Scan",
                  "Parent Relationship": "Outer",
                  "Parallel Aware": true,
                  "Scan Direction": "Forward",
                  "Index Name": "role_id_cast_info",
                  "Relation Name": "cast_info",
                  "Alias": "ci",
                  "Startup Cost": 0.56,
                  "Total Cost": 341155.22,
                  "Plan Rows": 1497632,
                  "Plan Width": 0,
                  "Actual Startup Time": 257.482,
                  "Actual Total Time": 432.208,
                  "Actual Rows": 717272,
                  "Actual Loops": 7,
                  "Index Cond": "(role_id = 1)",
                  "Rows Removed by Index Recheck": 0,
                  "Filter": "(person_id > 1042766)",
                  "Rows Removed by Filter": 1092827
                }
              ]
            }
          ]
        }
      ]
    },
    "Planning Time": 0.096,
    "Triggers": [],
    "Execution Time": 510.522
  }
]