[
  {
    "Plan": {
      "Node Type": "Aggregate",
      "Strategy": "Plain",
      "Partial Mode": "Simple",
      "Parallel Aware": false,
      "Startup Cost": 21630.92,
      "Total Cost": 21630.93,
      "Plan Rows": 1,
      "Plan Width": 8,
      "Actual Startup Time": 9.711,
      "Actual Total Time": 9.713,
      "Actual Rows": 1,
      "Actual Loops": 1,
      "Plans": [
        {
          "Node Type": "Bitmap Heap Scan",
          "Parent Relationship": "Outer",
          "Parallel Aware": false,
          "Relation Name": "movie_info",
          "Alias": "mi",
          "Startup Cost": 118.08,
          "Total Cost": 21614.91,
          "Plan Rows": 6406,
          "Plan Width": 0,
          "Actual Startup Time": 1.864,
          "Actual Total Time": 8.645,
          "Actual Rows": 6272,
          "Actual Loops": 1,
          "Recheck Cond": "(info_type_id = 67)",
          "Rows Removed by Index Recheck": 0,
          "Exact Heap Blocks": 1314,
          "Lossy Heap Blocks": 0,
          "Plans": [
            {
              "Node Type": "Bitmap Index Scan",
              "Parent Relationship": "Outer",
              "Parallel Aware": false,
              "Index Name": "info_type_id_movie_info",
              "Startup Cost": 0.0,
              "Total Cost": 116.48,
              "Plan Rows": 6406,
              "Plan Width": 0,
              "Actual Startup Time": 1.323,
              "Actual Total Time": 1.324,
              "Actual Rows": 6272,
              "Actual Loops": 1,
              "Index Cond": "(info_type_id = 67)"
            }
          ]
        }
      ]
    },
    "Planning Time": 0.177,
    "Triggers": [],
    "Execution Time": 9.782
  }
]