[
  {
    "Plan": {
      "Node Type": "Aggregate",
      "Strategy": "Plain",
      "Partial Mode": "Finalize",
      "Parallel Aware": false,
      "Startup Cost": 57113.11,
      "Total Cost": 57113.12,
      "Plan Rows": 1,
      "Plan Width": 8,
      "Actual Startup Time": 59.95,
      "Actual Total Time": 68.545,
      "Actual Rows": 1,
      "Actual Loops": 1,
      "Plans": [
        {
          "Node Type": "Gather",
          "Parent Relationship": "Outer",
          "Parallel Aware": false,
          "Startup Cost": 57112.69,
          "Total Cost": 57113.1,
          "Plan Rows": 4,
          "Plan Width": 8,
          "Actual Startup Time": 59.61,
          "Actual Total Time": 68.54,
          "Actual Rows": 5,
          "Actual Loops": 1,
          "Workers Planned": 4,
          "Workers Launched": 4,
          "Single Copy": false,
          "Plans": [
            {
              "Node Type": "Aggregate",
              "Strategy": "Plain",
              "Partial Mode": "Partial",
              "Parent Relationship": "Outer",
              "Parallel Aware": false,
              "Startup Cost": 56112.69,
              "Total Cost": 56112.7,
              "Plan Rows": 1,
              "Plan Width": 8,
              "Actual Startup Time": 49.962,
              "Actual Total Time": 49.965,
              "Actual Rows": 1,
              "Actual Loops": 5,
              "Plans": [
                {
                  "Node Type": "Nested Loop",
                  "Parent Relationship": "Outer",
                  "Parallel Aware": false,
                  "Join Type": "Inner",
                  "Startup Cost": 1698.57,
                  "Total Cost": 56111.77,
                  "Plan Rows": 370,
                  "Plan Width": 0,
                  "Actual Startup Time": 12.203,
                  "Actual Total Time": 49.933,
                  "Actual Rows": 233,
                  "Actual Loops": 5,
                  "Inner Unique": false,
                  "Join Filter": "(t.id = mi.movie_id)",
                  "Rows Removed by Join Filter": 0,
                  "Plans": [
                    {
                      "Node Type": "Nested Loop",
                      "Parent Relationship": "Outer",
                      "Parallel Aware": false,
                      "Join Type": "Inner",
                      "Startup Cost": 1698.14,
                      "Total Cost": 55912.17,
                      "Plan Rows": 98,
                      "Plan Width": 8,
                      "Actual Startup Time": 12.063,
                      "Actual Total Time": 48.365,
                      "Actual Rows": 35,
                      "Actual Loops": 5,
                      "Inner Unique": false,
                      "Plans": [
                        {
                          "Node Type": "Bitmap Heap Scan",
                          "Parent Relationship": "Outer",
                          "Parallel Aware": true,
                          "Relation Name": "title",
                          "Alias": "t",
                          "Startup Cost": 1697.57,
                          "Total Cost": 38052.08,
                          "Plan Rows": 127,
                          "Plan Width": 4,
                          "Actual Startup Time": 4.235,
                          "Actual Total Time": 36.077,
                          "Actual Rows": 125,
                          "Actual Loops": 5,
                          "Recheck Cond": "(kind_id = 2)",
                          "Rows Removed by Index Recheck": 0,
                          "Filter": "(production_year = 1973)",
                          "Rows Removed by Filter": 18045,
                          "Exact Heap Blocks": 13174,
                          "Lossy Heap Blocks": 0,
                          "Plans": [
                            {
                              "Node Type": "Bitmap Index Scan",
                              "Parent Relationship": "Outer",
                              "Parallel Aware": false,
                              "Index Name": "kind_id_title",
                              "Startup Cost": 0.0,
                              "Total Cost": 1697.45,
                              "Plan Rows": 95069,
                              "Plan Width": 0,
                              "Actual Startup Time": 7.074,
                              "Actual Total Time": 7.074,
                              "Actual Rows": 90852,
                              "Actual Loops": 1,
                              "Index Cond": "(kind_id = 2)"
                            }
                          ]
                        },
                        {
                          "Node Type": "Index Scan",
                          "Parent Relationship": "Inner",
                          "Parallel Aware": false,
                          "Scan Direction": "Forward",
                          "Index Name": "movie_id_cast_info",
                          "Relation Name": "cast_info",
                          "Alias": "ci",
                          "Startup Cost": 0.56,
                          "Total Cost": 140.61,
                          "Plan Rows": 2,
                          "Plan Width": 4,
                          "Actual Startup Time": 0.089,
                          "Actual Total Time": 0.097,
                          "Actual Rows": 0,
                          "Actual Loops": 627,
                          "Index Cond": "(movie_id = t.id)",
                          "Rows Removed by Index Recheck": 0,
                          "Filter": "((person_id > 1838725) AND (role_id = 3))",
                          "Rows Removed by Filter": 11
                        }
                      ]
                    },
                    {
                      "Node Type": "Index Scan",
                      "Parent Relationship": "Inner",
                      "Parallel Aware": false,
                      "Scan Direction": "Forward",
                      "Index Name": "movie_id_movie_info",
                      "Relation Name": "movie_info",
                      "Alias": "mi",
                      "Startup Cost": 0.43,
                      "Total Cost": 1.7,
                      "Plan Rows": 27,
                      "Plan Width": 4,
                      "Actual Startup Time": 0.019,
                      "Actual Total Time": 0.044,
                      "Actual Rows": 7,
                      "Actual Loops": 173,
                      "Index Cond": "(movie_id = ci.movie_id)",
                      "Rows Removed by Index Recheck": 0,
                      "Filter": "(info_type_id < 16)",
                      "Rows Removed by Filter": 3
                    }
                  ]
                }
              ]
            }
          ]
        }
      ]
    },
    "Planning Time": 0.431,
    "Triggers": [],
    "Execution Time": 68.583
  }
]