[
  {
    "Plan": {
      "Node Type": "Aggregate",
      "Strategy": "Plain",
      "Partial Mode": "Finalize",
      "Parallel Aware": false,
      "Startup Cost": 66664.04,
      "Total Cost": 66664.05,
      "Plan Rows": 1,
      "Plan Width": 8,
      "Actual Startup Time": 298.258,
      "Actual Total Time": 312.855,
      "Actual Rows": 1,
      "Actual Loops": 1,
      "Plans": [
        {
          "Node Type": "Gather",
          "Parent Relationship": "Outer",
          "Parallel Aware": false,
          "Startup Cost": 66663.73,
          "Total Cost": 66664.04,
          "Plan Rows": 3,
          "Plan Width": 8,
          "Actual Startup Time": 291.115,
          "Actual Total Time": 312.847,
          "Actual Rows": 4,
          "Actual Loops": 1,
          "Workers Planned": 3,
          "Workers Launched": 3,
          "Single Copy": false,
          "Plans": [
            {
              "Node Type": "Aggregate",
              "Strategy": "Plain",
              "Partial Mode": "Partial",
              "Parent Relationship": "Outer",
              "Parallel Aware": false,
              "Startup Cost": 65663.73,
              "Total Cost": 65663.74,
              "Plan Rows": 1,
              "Plan Width": 8,
              "Actual Startup Time": 280.265,
              "Actual Total Time": 280.269,
              "Actual Rows": 1,
              "Actual Loops": 4,
              "Plans": [
                {
                  "Node Type": "Nested Loop",
                  "Parent Relationship": "Outer",
                  "Parallel Aware": false,
                  "Join Type": "Inner",
                  "Startup Cost": 20873.83,
                  "Total Cost": 65604.68,
                  "Plan Rows": 23620,
                  "Plan Width": 0,
                  "Actual Startup Time": 156.183,
                  "Actual Total Time": 278.289,
                  "Actual Rows": 28776,
                  "Actual Loops": 4,
                  "Inner Unique": true,
                  "Join Filter": "(ci.movie_id = t.id)",
                  "Rows Removed by Join Filter": 0,
                  "Plans": [
                    {
                      "Node Type": "Hash Join",
                      "Parent Relationship": "Outer",
                      "Parallel Aware": true,
                      "Join Type": "Inner",
                      "Startup Cost": 20873.4,
                      "Total Cost": 29887.53,
                      "Plan Rows": 60493,
                      "Plan Width": 8,
                      "Actual Startup Time": 156.105,
                      "Actual Total Time": 183.898,
                      "Actual Rows": 28776,
                      "Actual Loops": 4,
                      "Inner Unique": false,
                      "Hash Cond": "(ci.movie_id = mi_idx.movie_id)",
                      "Plans": [
                        {
                          "Node Type": "Index Scan",
                          "Parent Relationship": "Outer",
                          "Parallel Aware": true,
                          "Scan Direction": "Forward",
                          "Index Name": "role_id_cast_info",
                          "Relation Name": "cast_info",
                          "Alias": "ci",
                          "Startup Cost": 0.56,
                          "Total Cost": 8600.37,
                          "Plan Rows": 43273,
                          "Plan Width": 4,
                          "Actual Startup Time": 0.191,
                          "Actual Total Time": 12.976,
                          "Actual Rows": 16138,
                          "Actual Loops": 4,
                          "Index Cond": "(role_id > 10)",
                          "Rows Removed by Index Recheck": 0,
                          "Filter": "(person_id < 1613546)",
                          "Rows Removed by Filter": 62892
                        },
                        {
                          "Node Type": "Hash",
                          "Parent Relationship": "Inner",
                          "Parallel Aware": true,
                          "Startup Cost": 13685.15,
                          "Total Cost": 13685.15,
                          "Plan Rows": 575015,
                          "Plan Width": 4,
                          "Actual Startup Time": 149.053,
                          "Actual Total Time": 149.054,
                          "Actual Rows": 345009,
                          "Actual Loops": 4,
                          "Hash Buckets": 2097152,
                          "Original Hash Buckets": 2097152,
                          "Hash Batches": 1,
                          "Original Hash Batches": 1,
                          "Peak Memory Usage": 70432,
                          "Plans": [
                            {
                              "Node Type": "Seq Scan",
                              "Parent Relationship": "Outer",
                              "Parallel Aware": true,
                              "Relation Name": "movie_info_idx",
                              "Alias": "mi_idx",
                              "Startup Cost": 0.0,
                              "Total Cost": 13685.15,
                              "Plan Rows": 575015,
                              "Plan Width": 4,
                              "Actual Startup Time": 0.062,
                              "Actual Total Time": 46.474,
                              "Actual Rows": 345009,
                              "Actual Loops": 4
                            }
                          ]
                        }
                      ]
                    },
                    {
                      "Node Type": "Index Only Scan",
                      "Parent Relationship": "Inner",
                      "Parallel Aware": false,
                      "Scan Direction": "Forward",
                      "Index Name": "title_pkey",
                      "Relation Name": "title",
                      "Alias": "t",
                      "Startup Cost": 0.43,
                      "Total Cost": 0.58,
                      "Plan Rows": 1,
                      "Plan Width": 4,
                      "Actual Startup Time": 0.003,
                      "Actual Total Time": 0.003,
                      "Actual Rows": 1,
                      "Actual Loops": 115106,
                      "Index Cond": "(id = mi_idx.movie_id)",
                      "Rows Removed by Index Recheck": 0,
                      "Heap Fetches": 115106
                    }
                  ]
                }
              ]
            }
          ]
        }
      ]
    },
    "Planning Time": 1.044,
    "Triggers": [],
    "Execution Time": 312.933
  }
]