[
  {
    "Plan": {
      "Node Type": "Aggregate",
      "Strategy": "Plain",
      "Partial Mode": "Finalize",
      "Parallel Aware": false,
      "Startup Cost": 45280.34,
      "Total Cost": 45280.35,
      "Plan Rows": 1,
      "Plan Width": 8,
      "Actual Startup Time": 152.79,
      "Actual Total Time": 162.198,
      "Actual Rows": 1,
      "Actual Loops": 1,
      "Plans": [
        {
          "Node Type": "Gather",
          "Parent Relationship": "Outer",
          "Parallel Aware": false,
          "Startup Cost": 45280.02,
          "Total Cost": 45280.33,
          "Plan Rows": 3,
          "Plan Width": 8,
          "Actual Startup Time": 152.599,
          "Actual Total Time": 162.185,
          "Actual Rows": 4,
          "Actual Loops": 1,
          "Workers Planned": 3,
          "Workers Launched": 3,
          "Single Copy": false,
          "Plans": [
            {
              "Node Type": "Aggregate",
              "Strategy": "Plain",
              "Partial Mode": "Partial",
              "Parent Relationship": "Outer",
              "Parallel Aware": false,
              "Startup Cost": 44280.02,
              "Total Cost": 44280.03,
              "Plan Rows": 1,
              "Plan Width": 8,
              "Actual Startup Time": 145.296,
              "Actual Total Time": 145.297,
              "Actual Rows": 1,
              "Actual Loops": 4,
              "Plans": [
                {
                  "Node Type": "Seq Scan",
                  "Parent Relationship": "Outer",
                  "Parallel Aware": true,
                  "Relation Name": "movie_keyword",
                  "Alias": "mk",
                  "Startup Cost": 0.0,
                  "Total Cost": 42695.65,
                  "Plan Rows": 633746,
                  "Plan Width": 0,
                  "Actual Startup Time": 0.973,
                  "Actual Total Time": 119.573,
                  "Actual Rows": 488469,
                  "Actual Loops": 4,
                  "Filter": "(keyword_id > 6576)",
                  "Rows Removed by Filter": 642514
                }
              ]
            }
          ]
        }
      ]
    },
    "Planning Time": 0.233,
    "Triggers": [],
    "Execution Time": 162.26
  }
]