[
  {
    "Plan": {
      "Node Type": "Aggregate",
      "Strategy": "Plain",
      "Partial Mode": "Finalize",
      "Parallel Aware": false,
      "Startup Cost": 45274.29,
      "Total Cost": 45274.3,
      "Plan Rows": 1,
      "Plan Width": 8,
      "Actual Startup Time": 144.2,
      "Actual Total Time": 153.442,
      "Actual Rows": 1,
      "Actual Loops": 1,
      "Plans": [
        {
          "Node Type": "Gather",
          "Parent Relationship": "Outer",
          "Parallel Aware": false,
          "Startup Cost": 45273.97,
          "Total Cost": 45274.28,
          "Plan Rows": 3,
          "Plan Width": 8,
          "Actual Startup Time": 144.114,
          "Actual Total Time": 153.434,
          "Actual Rows": 4,
          "Actual Loops": 1,
          "Workers Planned": 3,
          "Workers Launched": 3,
          "Single Copy": false,
          "Plans": [
            {
              "Node Type": "Aggregate",
              "Strategy": "Plain",
              "Partial Mode": "Partial",
              "Parent Relationship": "Outer",
              "Parallel Aware": false,
              "Startup Cost": 44273.97,
              "Total Cost": 44273.98,
              "Plan Rows": 1,
              "Plan Width": 8,
              "Actual Startup Time": 136.816,
              "Actual Total Time": 136.817,
              "Actual Rows": 1,
              "Actual Loops": 4,
              "Plans": [
                {
                  "Node Type": "Seq Scan",
                  "Parent Relationship": "Outer",
                  "Parallel Aware": true,
                  "Relation Name": "movie_keyword",
                  "Alias": "mk",
                  "Startup Cost": 0.0,
                  "Total Cost": 42695.65,
                  "Plan Rows": 631327,
                  "Plan Width": 0,
                  "Actual Startup Time": 0.903,
                  "Actual Total Time": 113.274,
                  "Actual Rows": 488469,
                  "Actual Loops": 4,
                  "Filter": "(keyword_id > 6576)",
                  "Rows Removed by Filter": 642514
                }
              ]
            }
          ]
        }
      ]
    },
    "Planning Time": 0.164,
    "Triggers": [],
    "Execution Time": 153.491
  }
]