[
    {
        "Bao": {
            "Bao prediction": "NaN",
            "Bao recommended hint": "(no hint)"
        }
    },
    {
        "Plan": {
            "Node Type": "Aggregate",
            "Strategy": "Plain",
            "Partial Mode": "Finalize",
            "Parallel Aware": false,
            "Startup Cost": 76272.1,
            "Total Cost": 76272.11,
            "Plan Rows": 1,
            "Plan Width": 8,
            "Actual Startup Time": 219.799,
            "Actual Total Time": 228.43,
            "Actual Rows": 1,
            "Actual Loops": 1,
            "Output": [
                "count(*)"
            ],
            "Plans": [
                {
                    "Node Type": "Gather",
                    "Parent Relationship": "Outer",
                    "Parallel Aware": false,
                    "Startup Cost": 76271.68,
                    "Total Cost": 76272.09,
                    "Plan Rows": 4,
                    "Plan Width": 8,
                    "Actual Startup Time": 217.846,
                    "Actual Total Time": 228.419,
                    "Actual Rows": 5,
                    "Actual Loops": 1,
                    "Output": [
                        "(PARTIAL count(*))"
                    ],
                    "Workers Planned": 4,
                    "Workers Launched": 4,
                    "Single Copy": false,
                    "Plans": [
                        {
                            "Node Type": "Aggregate",
                            "Strategy": "Plain",
                            "Partial Mode": "Partial",
                            "Parent Relationship": "Outer",
                            "Parallel Aware": false,
                            "Startup Cost": 75271.68,
                            "Total Cost": 75271.69,
                            "Plan Rows": 1,
                            "Plan Width": 8,
                            "Actual Startup Time": 207.994,
                            "Actual Total Time": 207.998,
                            "Actual Rows": 1,
                            "Actual Loops": 5,
                            "Output": [
                                "PARTIAL count(*)"
                            ],
                            "Workers": [
                                {
                                    "Worker Number": 0,
                                    "Actual Startup Time": 204.951,
                                    "Actual Total Time": 204.955,
                                    "Actual Rows": 1,
                                    "Actual Loops": 1
                                },
                                {
                                    "Worker Number": 1,
                                    "Actual Startup Time": 205.427,
                                    "Actual Total Time": 205.431,
                                    "Actual Rows": 1,
                                    "Actual Loops": 1
                                },
                                {
                                    "Worker Number": 2,
                                    "Actual Startup Time": 206.221,
                                    "Actual Total Time": 206.224,
                                    "Actual Rows": 1,
                                    "Actual Loops": 1
                                },
                                {
                                    "Worker Number": 3,
                                    "Actual Startup Time": 206.091,
                                    "Actual Total Time": 206.095,
                                    "Actual Rows": 1,
                                    "Actual Loops": 1
                                }
                            ],
                            "Plans": [
                                {
                                    "Node Type": "Hash Join",
                                    "Parent Relationship": "Outer",
                                    "Parallel Aware": true,
                                    "Join Type": "Inner",
                                    "Startup Cost": 28618.15,
                                    "Total Cost": 75204.91,
                                    "Plan Rows": 26708,
                                    "Plan Width": 0,
                                    "Actual Startup Time": 157.4,
                                    "Actual Total Time": 207.945,
                                    "Actual Rows": 453,
                                    "Actual Loops": 5,
                                    "Inner Unique": false,
                                    "Hash Cond": "(t.id = mc.movie_id)",
                                    "Workers": [
                                        {
                                            "Worker Number": 0,
                                            "Actual Startup Time": 167.134,
                                            "Actual Total Time": 204.9,
                                            "Actual Rows": 494,
                                            "Actual Loops": 1
                                        },
                                        {
                                            "Worker Number": 1,
                                            "Actual Startup Time": 167.668,
                                            "Actual Total Time": 205.376,
                                            "Actual Rows": 538,
                                            "Actual Loops": 1
                                        },
                                        {
                                            "Worker Number": 2,
                                            "Actual Startup Time": 104.438,
                                            "Actual Total Time": 206.163,
                                            "Actual Rows": 329,
                                            "Actual Loops": 1
                                        },
                                        {
                                            "Worker Number": 3,
                                            "Actual Startup Time": 168.279,
                                            "Actual Total Time": 206.042,
                                            "Actual Rows": 452,
                                            "Actual Loops": 1
                                        }
                                    ],
                                    "Plans": [
                                        {
                                            "Node Type": "Seq Scan",
                                            "Parent Relationship": "Outer",
                                            "Parallel Aware": true,
                                            "Relation Name": "title",
                                            "Schema": "public",
                                            "Alias": "t",
                                            "Startup Cost": 0.0,
                                            "Total Cost": 45479.21,
                                            "Plan Rows": 204280,
                                            "Plan Width": 4,
                                            "Actual Startup Time": 0.02,
                                            "Actual Total Time": 78.802,
                                            "Actual Rows": 147752,
                                            "Actual Loops": 5,
                                            "Output": [
                                                "t.id",
                                                "t.title",
                                                "t.imdb_index",
                                                "t.kind_id",
                                                "t.production_year",
                                                "t.imdb_id",
                                                "t.phonetic_code",
                                                "t.episode_of_id",
                                                "t.season_nr",
                                                "t.episode_nr",
                                                "t.series_years",
                                                "t.md5sum"
                                            ],
                                            "Filter": "((t.production_year < 2005) AND (t.kind_id = 7))",
                                            "Rows Removed by Filter": 357910,
                                            "Workers": [
                                                {
                                                    "Worker Number": 0,
                                                    "Actual Startup Time": 0.019,
                                                    "Actual Total Time": 79.618,
                                                    "Actual Rows": 162978,
                                                    "Actual Loops": 1
                                                },
                                                {
                                                    "Worker Number": 1,
                                                    "Actual Startup Time": 0.02,
                                                    "Actual Total Time": 79.561,
                                                    "Actual Rows": 164962,
                                                    "Actual Loops": 1
                                                },
                                                {
                                                    "Worker Number": 2,
                                                    "Actual Startup Time": 0.035,
                                                    "Actual Total Time": 80.949,
                                                    "Actual Rows": 105089,
                                                    "Actual Loops": 1
                                                },
                                                {
                                                    "Worker Number": 3,
                                                    "Actual Startup Time": 0.018,
                                                    "Actual Total Time": 77.257,
                                                    "Actual Rows": 155874,
                                                    "Actual Loops": 1
                                                }
                                            ]
                                        },
                                        {
                                            "Node Type": "Hash",
                                            "Parent Relationship": "Inner",
                                            "Parallel Aware": true,
                                            "Startup Cost": 27285.22,
                                            "Total Cost": 27285.22,
                                            "Plan Rows": 106634,
                                            "Plan Width": 4,
                                            "Actual Startup Time": 94.271,
                                            "Actual Total Time": 94.272,
                                            "Actual Rows": 66966,
                                            "Actual Loops": 5,
                                            "Output": [
                                                "mc.movie_id"
                                            ],
                                            "Hash Buckets": 524288,
                                            "Original Hash Buckets": 524288,
                                            "Hash Batches": 1,
                                            "Original Hash Batches": 1,
                                            "Peak Memory Usage": 17248,
                                            "Workers": [
                                                {
                                                    "Worker Number": 0,
                                                    "Actual Startup Time": 92.63,
                                                    "Actual Total Time": 92.631,
                                                    "Actual Rows": 57191,
                                                    "Actual Loops": 1
                                                },
                                                {
                                                    "Worker Number": 1,
                                                    "Actual Startup Time": 93.076,
                                                    "Actual Total Time": 93.077,
                                                    "Actual Rows": 61578,
                                                    "Actual Loops": 1
                                                },
                                                {
                                                    "Worker Number": 2,
                                                    "Actual Startup Time": 93.641,
                                                    "Actual Total Time": 93.642,
                                                    "Actual Rows": 51234,
                                                    "Actual Loops": 1
                                                },
                                                {
                                                    "Worker Number": 3,
                                                    "Actual Startup Time": 93.801,
                                                    "Actual Total Time": 93.802,
                                                    "Actual Rows": 63559,
                                                    "Actual Loops": 1
                                                }
                                            ],
                                            "Plans": [
                                                {
                                                    "Node Type": "Bitmap Heap Scan",
                                                    "Parent Relationship": "Outer",
                                                    "Parallel Aware": true,
                                                    "Relation Name": "movie_companies",
                                                    "Schema": "public",
                                                    "Alias": "mc",
                                                    "Startup Cost": 7162.3,
                                                    "Total Cost": 27285.22,
                                                    "Plan Rows": 106634,
                                                    "Plan Width": 4,
                                                    "Actual Startup Time": 33.662,
                                                    "Actual Total Time": 63.707,
                                                    "Actual Rows": 66966,
                                                    "Actual Loops": 5,
                                                    "Output": [
                                                        "mc.movie_id"
                                                    ],
                                                    "Recheck Cond": "(mc.company_id > 89903)",
                                                    "Rows Removed by Index Recheck": 0,
                                                    "Exact Heap Blocks": 1558,
                                                    "Lossy Heap Blocks": 0,
                                                    "Workers": [
                                                        {
                                                            "Worker Number": 0,
                                                            "Actual Startup Time": 32.068,
                                                            "Actual Total Time": 63.282,
                                                            "Actual Rows": 57191,
                                                            "Actual Loops": 1
                                                        },
                                                        {
                                                            "Worker Number": 1,
                                                            "Actual Startup Time": 32.515,
                                                            "Actual Total Time": 63.331,
                                                            "Actual Rows": 61578,
                                                            "Actual Loops": 1
                                                        },
                                                        {
                                                            "Worker Number": 2,
                                                            "Actual Startup Time": 33.184,
                                                            "Actual Total Time": 64.107,
                                                            "Actual Rows": 51234,
                                                            "Actual Loops": 1
                                                        },
                                                        {
                                                            "Worker Number": 3,
                                                            "Actual Startup Time": 33.153,
                                                            "Actual Total Time": 63.882,
                                                            "Actual Rows": 63559,
                                                            "Actual Loops": 1
                                                        }
                                                    ],
                                                    "Plans": [
                                                        {
                                                            "Node Type": "Bitmap Index Scan",
                                                            "Parent Relationship": "Outer",
                                                            "Parallel Aware": false,
                                                            "Index Name": "company_id_movie_companies",
                                                            "Startup Cost": 0.0,
                                                            "Total Cost": 7079.66,
                                                            "Plan Rows": 330564,
                                                            "Plan Width": 0,
                                                            "Actual Startup Time": 36.292,
                                                            "Actual Total Time": 36.293,
                                                            "Actual Rows": 334829,
                                                            "Actual Loops": 1,
                                                            "Index Cond": "(mc.company_id > 89903)"
                                                        }
                                                    ]
                                                }
                                            ]
                                        }
                                    ]
                                }
                            ]
                        }
                    ]
                }
            ]
        },
        "Planning Time": 271.887,
        "Triggers": [],
        "Execution Time": 228.565
    }
]