[
  {
    "Plan": {
      "Node Type": "Aggregate",
      "Strategy": "Plain",
      "Partial Mode": "Finalize",
      "Parallel Aware": false,
      "Startup Cost": 55505.05,
      "Total Cost": 55505.06,
      "Plan Rows": 1,
      "Plan Width": 8,
      "Actual Startup Time": 156.306,
      "Actual Total Time": 163.176,
      "Actual Rows": 1,
      "Actual Loops": 1,
      "Plans": [
        {
          "Node Type": "Gather",
          "Parent Relationship": "Outer",
          "Parallel Aware": false,
          "Startup Cost": 55504.83,
          "Total Cost": 55505.04,
          "Plan Rows": 2,
          "Plan Width": 8,
          "Actual Startup Time": 155.609,
          "Actual Total Time": 163.167,
          "Actual Rows": 3,
          "Actual Loops": 1,
          "Workers Planned": 2,
          "Workers Launched": 2,
          "Single Copy": false,
          "Plans": [
            {
              "Node Type": "Aggregate",
              "Strategy": "Plain",
              "Partial Mode": "Partial",
              "Parent Relationship": "Outer",
              "Parallel Aware": false,
              "Startup Cost": 54504.83,
              "Total Cost": 54504.84,
              "Plan Rows": 1,
              "Plan Width": 8,
              "Actual Startup Time": 147.688,
              "Actual Total Time": 147.692,
              "Actual Rows": 1,
              "Actual Loops": 3,
              "Plans": [
                {
                  "Node Type": "Hash Join",
                  "Parent Relationship": "Outer",
                  "Parallel Aware": true,
                  "Join Type": "Inner",
                  "Startup Cost": 38871.88,
                  "Total Cost": 54491.81,
                  "Plan Rows": 5210,
                  "Plan Width": 0,
                  "Actual Startup Time": 103.555,
                  "Actual Total Time": 147.287,
                  "Actual Rows": 6151,
                  "Actual Loops": 3,
                  "Inner Unique": true,
                  "Hash Cond": "(mi_idx.movie_id = t.id)",
                  "Plans": [
                    {
                      "Node Type": "Seq Scan",
                      "Parent Relationship": "Outer",
                      "Parallel Aware": true,
                      "Relation Name": "movie_info_idx",
                      "Alias": "mi_idx",
                      "Startup Cost": 0.0,
                      "Total Cost": 15122.68,
                      "Plan Rows": 189429,
                      "Plan Width": 4,
                      "Actual Startup Time": 0.027,
                      "Actual Total Time": 46.882,
                      "Actual Rows": 153308,
                      "Actual Loops": 3,
                      "Filter": "(info_type_id = 99)",
                      "Rows Removed by Filter": 306703
                    },
                    {
                      "Node Type": "Hash",
                      "Parent Relationship": "Inner",
                      "Parallel Aware": true,
                      "Startup Cost": 38654.58,
                      "Total Cost": 38654.58,
                      "Plan Rows": 17384,
                      "Plan Width": 4,
                      "Actual Startup Time": 71.641,
                      "Actual Total Time": 71.642,
                      "Actual Rows": 30407,
                      "Actual Loops": 3,
                      "Hash Buckets": 131072,
                      "Original Hash Buckets": 131072,
                      "Hash Batches": 1,
                      "Original Hash Batches": 1,
                      "Peak Memory Usage": 4640,
                      "Plans": [
                        {
                          "Node Type": "Bitmap Heap Scan",
                          "Parent Relationship": "Outer",
                          "Parallel Aware": true,
                          "Relation Name": "title",
                          "Alias": "t",
                          "Startup Cost": 2198.32,
                          "Total Cost": 38654.58,
                          "Plan Rows": 17384,
                          "Plan Width": 4,
                          "Actual Startup Time": 17.857,
                          "Actual Total Time": 59.132,
                          "Actual Rows": 30407,
                          "Actual Loops": 3,
                          "Recheck Cond": "(kind_id = 4)",
                          "Rows Removed by Index Recheck": 0,
                          "Filter": "(production_year > 1999)",
                          "Rows Removed by Filter": 9005,
                          "Exact Heap Blocks": 6910,
                          "Lossy Heap Blocks": 0,
                          "Plans": [
                            {
                              "Node Type": "Bitmap Index Scan",
                              "Parent Relationship": "Outer",
                              "Parallel Aware": false,
                              "Index Name": "kind_id_title",
                              "Startup Cost": 0.0,
                              "Total Cost": 2180.94,
                              "Plan Rows": 122201,
                              "Plan Width": 0,
                              "Actual Startup Time": 18.069,
                              "Actual Total Time": 18.07,
                              "Actual Rows": 118234,
                              "Actual Loops": 1,
                              "Index Cond": "(kind_id = 4)"
                            }
                          ]
                        }
                      ]
                    }
                  ]
                }
              ]
            }
          ]
        }
      ]
    },
    "Planning Time": 0.631,
    "Triggers": [],
    "Execution Time": 163.27
  }
]