[
  {
    "Plan": {
      "Node Type": "Aggregate",
      "Strategy": "Plain",
      "Partial Mode": "Finalize",
      "Parallel Aware": false,
      "Startup Cost": 72008.23,
      "Total Cost": 72008.24,
      "Plan Rows": 1,
      "Plan Width": 8,
      "Actual Startup Time": 106.267,
      "Actual Total Time": 119.361,
      "Actual Rows": 1,
      "Actual Loops": 1,
      "Plans": [
        {
          "Node Type": "Gather",
          "Parent Relationship": "Outer",
          "Parallel Aware": false,
          "Startup Cost": 72007.81,
          "Total Cost": 72008.22,
          "Plan Rows": 4,
          "Plan Width": 8,
          "Actual Startup Time": 106.13,
          "Actual Total Time": 119.353,
          "Actual Rows": 5,
          "Actual Loops": 1,
          "Workers Planned": 4,
          "Workers Launched": 4,
          "Single Copy": false,
          "Plans": [
            {
              "Node Type": "Aggregate",
              "Strategy": "Plain",
              "Partial Mode": "Partial",
              "Parent Relationship": "Outer",
              "Parallel Aware": false,
              "Startup Cost": 71007.81,
              "Total Cost": 71007.82,
              "Plan Rows": 1,
              "Plan Width": 8,
              "Actual Startup Time": 96.516,
              "Actual Total Time": 96.518,
              "Actual Rows": 1,
              "Actual Loops": 5,
              "Plans": [
                {
                  "Node Type": "Nested Loop",
                  "Parent Relationship": "Outer",
                  "Parallel Aware": false,
                  "Join Type": "Inner",
                  "Startup Cost": 0.43,
                  "Total Cost": 71000.28,
                  "Plan Rows": 3012,
                  "Plan Width": 0,
                  "Actual Startup Time": 56.818,
                  "Actual Total Time": 96.276,
                  "Actual Rows": 3197,
                  "Actual Loops": 5,
                  "Inner Unique": false,
                  "Plans": [
                    {
                      "Node Type": "Seq Scan",
                      "Parent Relationship": "Outer",
                      "Parallel Aware": true,
                      "Relation Name": "title",
                      "Alias": "t",
                      "Startup Cost": 0.0,
                      "Total Cost": 45479.1,
                      "Plan Rows": 2918,
                      "Plan Width": 4,
                      "Actual Startup Time": 56.714,
                      "Actual Total Time": 82.468,
                      "Actual Rows": 1415,
                      "Actual Loops": 5,
                      "Filter": "((kind_id = 1) AND (production_year = 1998))",
                      "Rows Removed by Filter": 504247
                    },
                    {
                      "Node Type": "Index Only Scan",
                      "Parent Relationship": "Inner",
                      "Parallel Aware": false,
                      "Scan Direction": "Forward",
                      "Index Name": "movie_id_movie_companies",
                      "Relation Name": "movie_companies",
                      "Alias": "mc",
                      "Startup Cost": 0.43,
                      "Total Cost": 8.7,
                      "Plan Rows": 5,
                      "Plan Width": 4,
                      "Actual Startup Time": 0.008,
                      "Actual Total Time": 0.009,
                      "Actual Rows": 2,
                      "Actual Loops": 7075,
                      "Index Cond": "(movie_id = t.id)",
                      "Rows Removed by Index Recheck": 0,
                      "Heap Fetches": 15986
                    }
                  ]
                }
              ]
            }
          ]
        }
      ]
    },
    "Planning Time": 0.625,
    "Triggers": [],
    "Execution Time": 119.431
  }
]