{
  "Plan": {
    "Node Type": "Aggregate",
    "Strategy": "Plain",
    "Partial Mode": "Finalize",
    "Parallel Aware": false,
    "Startup Cost": 209676.94,
    "Total Cost": 209676.95,
    "Plan Rows": 1,
    "Plan Width": 8,
    "Actual Startup Time": 3136.819,
    "Actual Total Time": 3166.196,
    "Actual Rows": 1,
    "Actual Loops": 1,
    "Plans": [
      {
        "Node Type": "Gather",
        "Parent Relationship": "Outer",
        "Parallel Aware": false,
        "Startup Cost": 209676.82,
        "Total Cost": 209676.93,
        "Plan Rows": 1,
        "Plan Width": 8,
        "Actual Startup Time": 3128.257,
        "Actual Total Time": 3166.19,
        "Actual Rows": 2,
        "Actual Loops": 1,
        "Workers Planned": 1,
        "Workers Launched": 1,
        "Single Copy": false,
        "Plans": [
          {
            "Node Type": "Aggregate",
            "Strategy": "Plain",
            "Partial Mode": "Partial",
            "Parent Relationship": "Outer",
            "Parallel Aware": false,
            "Startup Cost": 208676.82,
            "Total Cost": 208676.83,
            "Plan Rows": 1,
            "Plan Width": 8,
            "Actual Startup Time": 3115.265,
            "Actual Total Time": 3115.27,
            "Actual Rows": 1,
            "Actual Loops": 2,
            "Plans": [
              {
                "Node Type": "Hash Join",
                "Parent Relationship": "Outer",
                "Parallel Aware": true,
                "Join Type": "Inner",
                "Startup Cost": 128619.75,
                "Total Cost": 204102.83,
                "Plan Rows": 1829596,
                "Plan Width": 0,
                "Actual Startup Time": 1420.417,
                "Actual Total Time": 2613.032,
                "Actual Rows": 12579588,
                "Actual Loops": 2,
                "Inner Unique": false,
                "Hash Cond": "(mk.movie_id = t.id)",
                "Plans": [
                  {
                    "Node Type": "Seq Scan",
                    "Parent Relationship": "Outer",
                    "Parallel Aware": true,
                    "Relation Name": "movie_keyword",
                    "Alias": "mk",
                    "Startup Cost": 0.0,
                    "Total Cost": 57718.19,
                    "Plan Rows": 1867351,
                    "Plan Width": 4,
                    "Actual Startup Time": 0.124,
                    "Actual Total Time": 189.94,
                    "Actual Rows": 1579107,
                    "Actual Loops": 2,
                    "Filter": "(keyword_id > 1783)",
                    "Rows Removed by Filter": 682858
                  },
                  {
                    "Node Type": "Hash",
                    "Parent Relationship": "Inner",
                    "Parallel Aware": true,
                    "Startup Cost": 110405.22,
                    "Total Cost": 110405.22,
                    "Plan Rows": 1457162,
                    "Plan Width": 8,
                    "Actual Startup Time": 1398.728,
                    "Actual Total Time": 1398.732,
                    "Actual Rows": 1234105,
                    "Actual Loops": 2,
                    "Hash Buckets": 4194304,
                    "Original Hash Buckets": 4194304,
                    "Hash Batches": 1,
                    "Original Hash Batches": 1,
                    "Peak Memory Usage": 129376,
                    "Plans": [
                      {
                        "Node Type": "Hash Join",
                        "Parent Relationship": "Outer",
                        "Parallel Aware": true,
                        "Join Type": "Inner",
                        "Startup Cost": 72238.59,
                        "Total Cost": 110405.22,
                        "Plan Rows": 1457162,
                        "Plan Width": 8,
                        "Actual Startup Time": 536.615,
                        "Actual Total Time": 1074.644,
                        "Actual Rows": 1234105,
                        "Actual Loops": 2,
                        "Inner Unique": true,
                        "Hash Cond": "(mc.movie_id = t.id)",
                        "Plans": [
                          {
                            "Node Type": "Seq Scan",
                            "Parent Relationship": "Outer",
                            "Parallel Aware": true,
                            "Relation Name": "movie_companies",
                            "Alias": "mc",
                            "Startup Cost": 0.0,
                            "Total Cost": 34137.82,
                            "Plan Rows": 1534782,
                            "Plan Width": 4,
                            "Actual Startup Time": 0.012,
                            "Actual Total Time": 100.881,
                            "Actual Rows": 1304564,
                            "Actual Loops": 2
                          },
                          {
                            "Node Type": "Hash",
                            "Parent Relationship": "Inner",
                            "Parallel Aware": true,
                            "Startup Cost": 54588.39,
                            "Total Cost": 54588.39,
                            "Plan Rows": 1412016,
                            "Plan Width": 4,
                            "Actual Startup Time": 524.792,
                            "Actual Total Time": 524.793,
                            "Actual Rows": 1198186,
                            "Actual Loops": 2,
                            "Hash Buckets": 4194304,
                            "Original Hash Buckets": 4194304,
                            "Hash Batches": 1,
                            "Original Hash Batches": 1,
                            "Peak Memory Usage": 126528,
                            "Plans": [
                              {
                                "Node Type": "Seq Scan",
                                "Parent Relationship": "Outer",
                                "Parallel Aware": true,
                                "Relation Name": "title",
                                "Alias": "t",
                                "Startup Cost": 0.0,
                                "Total Cost": 54588.39,
                                "Plan Rows": 1412016,
                                "Plan Width": 4,
                                "Actual Startup Time": 0.038,
                                "Actual Total Time": 175.201,
                                "Actual Rows": 1198186,
                                "Actual Loops": 2,
                                "Filter": "(production_year > 1914)",
                                "Rows Removed by Filter": 65970
                              }
                            ]
                          }
                        ]
                      }
                    ]
                  }
                ]
              }
            ]
          }
        ]
      }
    ]
  },
  "Planning Time": 1.082,
  "Triggers": [],
  "Execution Time": 3166.278
}