[
  {
    "Plan": {
      "Node Type": "Aggregate",
      "Strategy": "Plain",
      "Partial Mode": "Finalize",
      "Parallel Aware": false,
      "Startup Cost": 89006.84,
      "Total Cost": 89006.85,
      "Plan Rows": 1,
      "Plan Width": 8,
      "Actual Startup Time": 220.601,
      "Actual Total Time": 239.917,
      "Actual Rows": 1,
      "Actual Loops": 1,
      "Plans": [
        {
          "Node Type": "Gather",
          "Parent Relationship": "Outer",
          "Parallel Aware": false,
          "Startup Cost": 89006.53,
          "Total Cost": 89006.84,
          "Plan Rows": 3,
          "Plan Width": 8,
          "Actual Startup Time": 219.616,
          "Actual Total Time": 239.896,
          "Actual Rows": 4,
          "Actual Loops": 1,
          "Workers Planned": 3,
          "Workers Launched": 3,
          "Single Copy": false,
          "Plans": [
            {
              "Node Type": "Aggregate",
              "Strategy": "Plain",
              "Partial Mode": "Partial",
              "Parent Relationship": "Outer",
              "Parallel Aware": false,
              "Startup Cost": 88006.53,
              "Total Cost": 88006.54,
              "Plan Rows": 1,
              "Plan Width": 8,
              "Actual Startup Time": 215.884,
              "Actual Total Time": 215.887,
              "Actual Rows": 1,
              "Actual Loops": 4,
              "Plans": [
                {
                  "Node Type": "Hash Join",
                  "Parent Relationship": "Outer",
                  "Parallel Aware": true,
                  "Join Type": "Inner",
                  "Startup Cost": 44277.27,
                  "Total Cost": 87961.49,
                  "Plan Rows": 18014,
                  "Plan Width": 0,
                  "Actual Startup Time": 99.352,
                  "Actual Total Time": 215.288,
                  "Actual Rows": 11805,
                  "Actual Loops": 4,
                  "Inner Unique": true,
                  "Hash Cond": "(mk.movie_id = t.id)",
                  "Plans": [
                    {
                      "Node Type": "Seq Scan",
                      "Parent Relationship": "Outer",
                      "Parallel Aware": true,
                      "Relation Name": "movie_keyword",
                      "Alias": "mk",
                      "Startup Cost": 0.0,
                      "Total Cost": 42695.65,
                      "Plan Rows": 376597,
                      "Plan Width": 4,
                      "Actual Startup Time": 1.086,
                      "Actual Total Time": 88.134,
                      "Actual Rows": 293740,
                      "Actual Loops": 4,
                      "Filter": "(keyword_id > 15855)",
                      "Rows Removed by Filter": 837242
                    },
                    {
                      "Node Type": "Hash",
                      "Parent Relationship": "Inner",
                      "Parallel Aware": true,
                      "Startup Cost": 43899.32,
                      "Total Cost": 43899.32,
                      "Plan Rows": 30236,
                      "Plan Width": 4,
                      "Actual Startup Time": 97.065,
                      "Actual Total Time": 97.066,
                      "Actual Rows": 29891,
                      "Actual Loops": 4,
                      "Hash Buckets": 131072,
                      "Original Hash Buckets": 131072,
                      "Hash Batches": 1,
                      "Original Hash Batches": 1,
                      "Peak Memory Usage": 5792,
                      "Plans": [
                        {
                          "Node Type": "Seq Scan",
                          "Parent Relationship": "Outer",
                          "Parallel Aware": true,
                          "Relation Name": "title",
                          "Alias": "t",
                          "Startup Cost": 0.0,
                          "Total Cost": 43899.32,
                          "Plan Rows": 30236,
                          "Plan Width": 4,
                          "Actual Startup Time": 0.024,
                          "Actual Total Time": 86.616,
                          "Actual Rows": 29891,
                          "Actual Loops": 4,
                          "Filter": "(production_year = 2007)",
                          "Rows Removed by Filter": 602187
                        }
                      ]
                    }
                  ]
                }
              ]
            }
          ]
        }
      ]
    },
    "Planning Time": 0.37,
    "Triggers": [],
    "Execution Time": 239.962
  }
]