[
  {
    "Plan": {
      "Node Type": "Aggregate",
      "Strategy": "Plain",
      "Partial Mode": "Finalize",
      "Parallel Aware": false,
      "Startup Cost": 44928.85,
      "Total Cost": 44928.86,
      "Plan Rows": 1,
      "Plan Width": 8,
      "Actual Startup Time": 141.599,
      "Actual Total Time": 148.875,
      "Actual Rows": 1,
      "Actual Loops": 1,
      "Plans": [
        {
          "Node Type": "Gather",
          "Parent Relationship": "Outer",
          "Parallel Aware": false,
          "Startup Cost": 44928.53,
          "Total Cost": 44928.84,
          "Plan Rows": 3,
          "Plan Width": 8,
          "Actual Startup Time": 141.383,
          "Actual Total Time": 148.866,
          "Actual Rows": 4,
          "Actual Loops": 1,
          "Workers Planned": 3,
          "Workers Launched": 3,
          "Single Copy": false,
          "Plans": [
            {
              "Node Type": "Aggregate",
              "Strategy": "Plain",
              "Partial Mode": "Partial",
              "Parent Relationship": "Outer",
              "Parallel Aware": false,
              "Startup Cost": 43928.53,
              "Total Cost": 43928.54,
              "Plan Rows": 1,
              "Plan Width": 8,
              "Actual Startup Time": 135.667,
              "Actual Total Time": 135.668,
              "Actual Rows": 1,
              "Actual Loops": 4,
              "Plans": [
                {
                  "Node Type": "Seq Scan",
                  "Parent Relationship": "Outer",
                  "Parallel Aware": true,
                  "Relation Name": "movie_keyword",
                  "Alias": "mk",
                  "Startup Cost": 0.0,
                  "Total Cost": 42695.65,
                  "Plan Rows": 493152,
                  "Plan Width": 0,
                  "Actual Startup Time": 1.603,
                  "Actual Total Time": 115.741,
                  "Actual Rows": 383671,
                  "Actual Loops": 4,
                  "Filter": "(keyword_id > 10393)",
                  "Rows Removed by Filter": 747312
                }
              ]
            }
          ]
        }
      ]
    },
    "Planning Time": 0.177,
    "Triggers": [],
    "Execution Time": 148.934
  }
]