[
  {
    "Plan": {
      "Node Type": "Aggregate",
      "Strategy": "Plain",
      "Partial Mode": "Finalize",
      "Parallel Aware": false,
      "Startup Cost": 46483.94,
      "Total Cost": 46483.95,
      "Plan Rows": 1,
      "Plan Width": 8,
      "Actual Startup Time": 88.038,
      "Actual Total Time": 99.592,
      "Actual Rows": 1,
      "Actual Loops": 1,
      "Plans": [
        {
          "Node Type": "Gather",
          "Parent Relationship": "Outer",
          "Parallel Aware": false,
          "Startup Cost": 46483.52,
          "Total Cost": 46483.93,
          "Plan Rows": 4,
          "Plan Width": 8,
          "Actual Startup Time": 87.773,
          "Actual Total Time": 99.584,
          "Actual Rows": 5,
          "Actual Loops": 1,
          "Workers Planned": 4,
          "Workers Launched": 4,
          "Single Copy": false,
          "Plans": [
            {
              "Node Type": "Aggregate",
              "Strategy": "Plain",
              "Partial Mode": "Partial",
              "Parent Relationship": "Outer",
              "Parallel Aware": false,
              "Startup Cost": 45483.52,
              "Total Cost": 45483.53,
              "Plan Rows": 1,
              "Plan Width": 8,
              "Actual Startup Time": 80.632,
              "Actual Total Time": 80.633,
              "Actual Rows": 1,
              "Actual Loops": 5,
              "Plans": [
                {
                  "Node Type": "Seq Scan",
                  "Parent Relationship": "Outer",
                  "Parallel Aware": true,
                  "Relation Name": "title",
                  "Alias": "t",
                  "Startup Cost": 0.0,
                  "Total Cost": 45479.1,
                  "Plan Rows": 1769,
                  "Plan Width": 0,
                  "Actual Startup Time": 55.089,
                  "Actual Total Time": 80.528,
                  "Actual Rows": 1038,
                  "Actual Loops": 5,
                  "Filter": "((kind_id = 1) AND (production_year = 1992))",
                  "Rows Removed by Filter": 504624
                }
              ]
            }
          ]
        }
      ]
    },
    "Planning Time": 0.154,
    "Triggers": [],
    "Execution Time": 99.643
  }
]