{
    "Plan": {
        "Node Type": "Aggregate",
        "Strategy": "Plain",
        "Partial Mode": "Finalize",
        "Parallel Aware": false,
        "Startup Cost": 201083.37,
        "Total Cost": 201083.38,
        "Plan Rows": 1,
        "Plan Width": 8,
        "Actual Startup Time": 433.486,
        "Actual Total Time": 459.449,
        "Actual Rows": 1,
        "Actual Loops": 1,
        "Output": [
            "count(*)"
        ],
        "Plans": [
            {
                "Node Type": "Gather",
                "Parent Relationship": "Outer",
                "Parallel Aware": false,
                "Startup Cost": 201082.85,
                "Total Cost": 201083.36,
                "Plan Rows": 5,
                "Plan Width": 8,
                "Actual Startup Time": 432.475,
                "Actual Total Time": 459.44,
                "Actual Rows": 6,
                "Actual Loops": 1,
                "Output": [
                    "(PARTIAL count(*))"
                ],
                "Workers Planned": 5,
                "Workers Launched": 5,
                "Single Copy": false,
                "Plans": [
                    {
                        "Node Type": "Aggregate",
                        "Strategy": "Plain",
                        "Partial Mode": "Partial",
                        "Parent Relationship": "Outer",
                        "Parallel Aware": false,
                        "Startup Cost": 200082.85,
                        "Total Cost": 200082.86,
                        "Plan Rows": 1,
                        "Plan Width": 8,
                        "Actual Startup Time": 422.781,
                        "Actual Total Time": 422.785,
                        "Actual Rows": 1,
                        "Actual Loops": 6,
                        "Output": [
                            "PARTIAL count(*)"
                        ],
                        "Workers": [
                            {
                                "Worker Number": 0,
                                "Actual Startup Time": 419.22,
                                "Actual Total Time": 419.223,
                                "Actual Rows": 1,
                                "Actual Loops": 1
                            },
                            {
                                "Worker Number": 1,
                                "Actual Startup Time": 419.988,
                                "Actual Total Time": 419.992,
                                "Actual Rows": 1,
                                "Actual Loops": 1
                            },
                            {
                                "Worker Number": 2,
                                "Actual Startup Time": 421.06,
                                "Actual Total Time": 421.064,
                                "Actual Rows": 1,
                                "Actual Loops": 1
                            },
                            {
                                "Worker Number": 3,
                                "Actual Startup Time": 422.353,
                                "Actual Total Time": 422.357,
                                "Actual Rows": 1,
                                "Actual Loops": 1
                            },
                            {
                                "Worker Number": 4,
                                "Actual Startup Time": 422.483,
                                "Actual Total Time": 422.486,
                                "Actual Rows": 1,
                                "Actual Loops": 1
                            }
                        ],
                        "Plans": [
                            {
                                "Node Type": "Hash Join",
                                "Parent Relationship": "Outer",
                                "Parallel Aware": true,
                                "Join Type": "Inner",
                                "Startup Cost": 44214.56,
                                "Total Cost": 200038.48,
                                "Plan Rows": 17748,
                                "Plan Width": 0,
                                "Actual Startup Time": 82.489,
                                "Actual Total Time": 420.311,
                                "Actual Rows": 38817,
                                "Actual Loops": 6,
                                "Inner Unique": true,
                                "Hash Cond": "(ci.movie_id = t.id)",
                                "Workers": [
                                    {
                                        "Worker Number": 0,
                                        "Actual Startup Time": 78.736,
                                        "Actual Total Time": 416.723,
                                        "Actual Rows": 38413,
                                        "Actual Loops": 1
                                    },
                                    {
                                        "Worker Number": 1,
                                        "Actual Startup Time": 79.869,
                                        "Actual Total Time": 417.426,
                                        "Actual Rows": 26373,
                                        "Actual Loops": 1
                                    },
                                    {
                                        "Worker Number": 2,
                                        "Actual Startup Time": 80.716,
                                        "Actual Total Time": 418.703,
                                        "Actual Rows": 40367,
                                        "Actual Loops": 1
                                    },
                                    {
                                        "Worker Number": 3,
                                        "Actual Startup Time": 81.983,
                                        "Actual Total Time": 419.883,
                                        "Actual Rows": 39434,
                                        "Actual Loops": 1
                                    },
                                    {
                                        "Worker Number": 4,
                                        "Actual Startup Time": 82.218,
                                        "Actual Total Time": 420.061,
                                        "Actual Rows": 38272,
                                        "Actual Loops": 1
                                    }
                                ],
                                "Plans": [
                                    {
                                        "Node Type": "Index Scan",
                                        "Parent Relationship": "Outer",
                                        "Parallel Aware": true,
                                        "Scan Direction": "Forward",
                                        "Index Name": "role_id_cast_info",
                                        "Relation Name": "cast_info",
                                        "Schema": "public",
                                        "Alias": "ci",
                                        "Startup Cost": 0.56,
                                        "Total Cost": 154655.9,
                                        "Plan Rows": 445172,
                                        "Plan Width": 4,
                                        "Actual Startup Time": 0.205,
                                        "Actual Total Time": 220.335,
                                        "Actual Rows": 760798,
                                        "Actual Loops": 6,
                                        "Output": [
                                            "ci.id",
                                            "ci.person_id",
                                            "ci.movie_id",
                                            "ci.person_role_id",
                                            "ci.note",
                                            "ci.nr_order",
                                            "ci.role_id"
                                        ],
                                        "Index Cond": "(ci.role_id > 8)",
                                        "Rows Removed by Index Recheck": 0,
                                        "Filter": "(ci.person_id > 2230272)",
                                        "Rows Removed by Filter": 194651,
                                        "Workers": [
                                            {
                                                "Worker Number": 0,
                                                "Actual Startup Time": 0.13,
                                                "Actual Total Time": 222.55,
                                                "Actual Rows": 750996,
                                                "Actual Loops": 1
                                            },
                                            {
                                                "Worker Number": 1,
                                                "Actual Startup Time": 0.195,
                                                "Actual Total Time": 222.147,
                                                "Actual Rows": 540571,
                                                "Actual Loops": 1
                                            },
                                            {
                                                "Worker Number": 2,
                                                "Actual Startup Time": 0.303,
                                                "Actual Total Time": 217.42,
                                                "Actual Rows": 774047,
                                                "Actual Loops": 1
                                            },
                                            {
                                                "Worker Number": 3,
                                                "Actual Startup Time": 0.256,
                                                "Actual Total Time": 222.859,
                                                "Actual Rows": 772284,
                                                "Actual Loops": 1
                                            },
                                            {
                                                "Worker Number": 4,
                                                "Actual Startup Time": 0.22,
                                                "Actual Total Time": 222.425,
                                                "Actual Rows": 764249,
                                                "Actual Loops": 1
                                            }
                                        ]
                                    },
                                    {
                                        "Node Type": "Hash",
                                        "Parent Relationship": "Inner",
                                        "Parallel Aware": true,
                                        "Startup Cost": 43899.01,
                                        "Total Cost": 43899.01,
                                        "Plan Rows": 25199,
                                        "Plan Width": 4,
                                        "Actual Startup Time": 80.607,
                                        "Actual Total Time": 80.608,
                                        "Actual Rows": 16756,
                                        "Actual Loops": 6,
                                        "Output": [
                                            "t.id"
                                        ],
                                        "Hash Buckets": 131072,
                                        "Original Hash Buckets": 131072,
                                        "Hash Batches": 1,
                                        "Original Hash Batches": 1,
                                        "Peak Memory Usage": 5120,
                                        "Workers": [
                                            {
                                                "Worker Number": 0,
                                                "Actual Startup Time": 78.051,
                                                "Actual Total Time": 78.052,
                                                "Actual Rows": 16391,
                                                "Actual Loops": 1
                                            },
                                            {
                                                "Worker Number": 1,
                                                "Actual Startup Time": 78.632,
                                                "Actual Total Time": 78.633,
                                                "Actual Rows": 11971,
                                                "Actual Loops": 1
                                            },
                                            {
                                                "Worker Number": 2,
                                                "Actual Startup Time": 79.874,
                                                "Actual Total Time": 79.876,
                                                "Actual Rows": 16363,
                                                "Actual Loops": 1
                                            },
                                            {
                                                "Worker Number": 3,
                                                "Actual Startup Time": 81.335,
                                                "Actual Total Time": 81.336,
                                                "Actual Rows": 16474,
                                                "Actual Loops": 1
                                            },
                                            {
                                                "Worker Number": 4,
                                                "Actual Startup Time": 81.37,
                                                "Actual Total Time": 81.372,
                                                "Actual Rows": 17246,
                                                "Actual Loops": 1
                                            }
                                        ],
                                        "Plans": [
                                            {
                                                "Node Type": "Seq Scan",
                                                "Parent Relationship": "Outer",
                                                "Parallel Aware": true,
                                                "Relation Name": "title",
                                                "Schema": "public",
                                                "Alias": "t",
                                                "Startup Cost": 0.0,
                                                "Total Cost": 43899.01,
                                                "Plan Rows": 25199,
                                                "Plan Width": 4,
                                                "Actual Startup Time": 51.282,
                                                "Actual Total Time": 74.672,
                                                "Actual Rows": 16756,
                                                "Actual Loops": 6,
                                                "Output": [
                                                    "t.id"
                                                ],
                                                "Filter": "(t.kind_id = 3)",
                                                "Rows Removed by Filter": 404629,
                                                "Workers": [
                                                    {
                                                        "Worker Number": 0,
                                                        "Actual Startup Time": 49.946,
                                                        "Actual Total Time": 72.497,
                                                        "Actual Rows": 16391,
                                                        "Actual Loops": 1
                                                    },
                                                    {
                                                        "Worker Number": 1,
                                                        "Actual Startup Time": 50.431,
                                                        "Actual Total Time": 73.155,
                                                        "Actual Rows": 11971,
                                                        "Actual Loops": 1
                                                    },
                                                    {
                                                        "Worker Number": 2,
                                                        "Actual Startup Time": 51.752,
                                                        "Actual Total Time": 73.593,
                                                        "Actual Rows": 16363,
                                                        "Actual Loops": 1
                                                    },
                                                    {
                                                        "Worker Number": 3,
                                                        "Actual Startup Time": 50.348,
                                                        "Actual Total Time": 75.155,
                                                        "Actual Rows": 16474,
                                                        "Actual Loops": 1
                                                    },
                                                    {
                                                        "Worker Number": 4,
                                                        "Actual Startup Time": 48.835,
                                                        "Actual Total Time": 75.973,
                                                        "Actual Rows": 17246,
                                                        "Actual Loops": 1
                                                    }
                                                ]
                                            }
                                        ]
                                    }
                                ]
                            }
                        ]
                    }
                ]
            }
        ]
    },
    "Planning Time": 0.637,
    "Triggers": [],
    "Execution Time": 459.539
}