{
  "Plan": {
    "Node Type": "Aggregate",
    "Strategy": "Plain",
    "Partial Mode": "Finalize",
    "Parallel Aware": false,
    "Startup Cost": 339829.6,
    "Total Cost": 339829.61,
    "Plan Rows": 1,
    "Plan Width": 8,
    "Actual Startup Time": 996.17,
    "Actual Total Time": 1046.022,
    "Actual Rows": 1,
    "Actual Loops": 1,
    "Plans": [
      {
        "Node Type": "Gather",
        "Parent Relationship": "Outer",
        "Parallel Aware": false,
        "Startup Cost": 339829.49,
        "Total Cost": 339829.6,
        "Plan Rows": 1,
        "Plan Width": 8,
        "Actual Startup Time": 995.918,
        "Actual Total Time": 1046.014,
        "Actual Rows": 2,
        "Actual Loops": 1,
        "Workers Planned": 1,
        "Workers Launched": 1,
        "Single Copy": false,
        "Plans": [
          {
            "Node Type": "Aggregate",
            "Strategy": "Plain",
            "Partial Mode": "Partial",
            "Parent Relationship": "Outer",
            "Parallel Aware": false,
            "Startup Cost": 338829.49,
            "Total Cost": 338829.5,
            "Plan Rows": 1,
            "Plan Width": 8,
            "Actual Startup Time": 992.396,
            "Actual Total Time": 992.4,
            "Actual Rows": 1,
            "Actual Loops": 2,
            "Plans": [
              {
                "Node Type": "Hash Join",
                "Parent Relationship": "Outer",
                "Parallel Aware": true,
                "Join Type": "Inner",
                "Startup Cost": 58384.23,
                "Total Cost": 338790.81,
                "Plan Rows": 15472,
                "Plan Width": 0,
                "Actual Startup Time": 169.888,
                "Actual Total Time": 991.246,
                "Actual Rows": 21724,
                "Actual Loops": 2,
                "Inner Unique": true,
                "Hash Cond": "(mi.movie_id = t.id)",
                "Plans": [
                  {
                    "Node Type": "Seq Scan",
                    "Parent Relationship": "Outer",
                    "Parallel Aware": true,
                    "Relation Name": "movie_info",
                    "Alias": "mi",
                    "Startup Cost": 0.0,
                    "Total Cost": 270696.42,
                    "Plan Rows": 3699105,
                    "Plan Width": 4,
                    "Actual Startup Time": 33.401,
                    "Actual Total Time": 645.71,
                    "Actual Rows": 3111747,
                    "Actual Loops": 2,
                    "Filter": "(info_type_id > 8)",
                    "Rows Removed by Filter": 4306113
                  },
                  {
                    "Node Type": "Hash",
                    "Parent Relationship": "Inner",
                    "Parallel Aware": true,
                    "Startup Cost": 58306.47,
                    "Total Cost": 58306.47,
                    "Plan Rows": 6221,
                    "Plan Width": 4,
                    "Actual Startup Time": 135.6,
                    "Actual Total Time": 135.602,
                    "Actual Rows": 5098,
                    "Actual Loops": 2,
                    "Hash Buckets": 16384,
                    "Original Hash Buckets": 16384,
                    "Hash Batches": 1,
                    "Original Hash Batches": 1,
                    "Peak Memory Usage": 576,
                    "Plans": [
                      {
                        "Node Type": "Seq Scan",
                        "Parent Relationship": "Outer",
                        "Parallel Aware": true,
                        "Relation Name": "title",
                        "Alias": "t",
                        "Startup Cost": 0.0,
                        "Total Cost": 58306.47,
                        "Plan Rows": 6221,
                        "Plan Width": 4,
                        "Actual Startup Time": 0.178,
                        "Actual Total Time": 133.978,
                        "Actual Rows": 5098,
                        "Actual Loops": 2,
                        "Filter": "((kind_id < 7) AND (production_year = 1992))",
                        "Rows Removed by Filter": 1259058
                      }
                    ]
                  }
                ]
              }
            ]
          }
        ]
      }
    ]
  },
  "Planning Time": 0.346,
  "Triggers": [],
  "Execution Time": 1046.081
}