[
  {
    "Plan": {
      "Node Type": "Aggregate",
      "Strategy": "Plain",
      "Partial Mode": "Finalize",
      "Parallel Aware": false,
      "Startup Cost": 338610.81,
      "Total Cost": 338610.82,
      "Plan Rows": 1,
      "Plan Width": 8,
      "Actual Startup Time": 537.477,
      "Actual Total Time": 560.902,
      "Actual Rows": 1,
      "Actual Loops": 1,
      "Plans": [
        {
          "Node Type": "Gather",
          "Parent Relationship": "Outer",
          "Parallel Aware": false,
          "Startup Cost": 338610.19,
          "Total Cost": 338610.8,
          "Plan Rows": 6,
          "Plan Width": 8,
          "Actual Startup Time": 537.37,
          "Actual Total Time": 560.887,
          "Actual Rows": 7,
          "Actual Loops": 1,
          "Workers Planned": 6,
          "Workers Launched": 6,
          "Single Copy": false,
          "Plans": [
            {
              "Node Type": "Aggregate",
              "Strategy": "Plain",
              "Partial Mode": "Partial",
              "Parent Relationship": "Outer",
              "Parallel Aware": false,
              "Startup Cost": 337610.19,
              "Total Cost": 337610.2,
              "Plan Rows": 1,
              "Plan Width": 8,
              "Actual Startup Time": 528.635,
              "Actual Total Time": 528.637,
              "Actual Rows": 1,
              "Actual Loops": 7,
              "Plans": [
                {
                  "Node Type": "Index Scan",
                  "Parent Relationship": "Outer",
                  "Parallel Aware": true,
                  "Scan Direction": "Forward",
                  "Index Name": "role_id_cast_info",
                  "Relation Name": "cast_info",
                  "Alias": "ci",
                  "Startup Cost": 0.56,
                  "Total Cost": 335235.55,
                  "Plan Rows": 949856,
                  "Plan Width": 0,
                  "Actual Startup Time": 0.112,
                  "Actual Total Time": 434.157,
                  "Actual Rows": 1706770,
                  "Actual Loops": 7,
                  "Index Cond": "(role_id < 2)",
                  "Rows Removed by Index Recheck": 0,
                  "Filter": "(person_id < 1638909)",
                  "Rows Removed by Filter": 103328
                }
              ]
            }
          ]
        }
      ]
    },
    "Planning Time": 0.228,
    "Triggers": [],
    "Execution Time": 560.971
  }
]