[
  {
    "Plan": {
      "Node Type": "Aggregate",
      "Strategy": "Plain",
      "Partial Mode": "Finalize",
      "Parallel Aware": false,
      "Startup Cost": 405101.59,
      "Total Cost": 405101.6,
      "Plan Rows": 1,
      "Plan Width": 8,
      "Actual Startup Time": 2427.317,
      "Actual Total Time": 2514.981,
      "Actual Rows": 1,
      "Actual Loops": 1,
      "Plans": [
        {
          "Node Type": "Gather",
          "Parent Relationship": "Outer",
          "Parallel Aware": false,
          "Startup Cost": 405101.17,
          "Total Cost": 405101.58,
          "Plan Rows": 4,
          "Plan Width": 8,
          "Actual Startup Time": 2424.709,
          "Actual Total Time": 2514.971,
          "Actual Rows": 5,
          "Actual Loops": 1,
          "Workers Planned": 4,
          "Workers Launched": 4,
          "Single Copy": false,
          "Plans": [
            {
              "Node Type": "Aggregate",
              "Strategy": "Plain",
              "Partial Mode": "Partial",
              "Parent Relationship": "Outer",
              "Parallel Aware": false,
              "Startup Cost": 404101.17,
              "Total Cost": 404101.18,
              "Plan Rows": 1,
              "Plan Width": 8,
              "Actual Startup Time": 2418.859,
              "Actual Total Time": 2418.86,
              "Actual Rows": 1,
              "Actual Loops": 5,
              "Plans": [
                {
                  "Node Type": "Nested Loop",
                  "Parent Relationship": "Outer",
                  "Parallel Aware": false,
                  "Join Type": "Inner",
                  "Startup Cost": 3.13,
                  "Total Cost": 400889.42,
                  "Plan Rows": 1284702,
                  "Plan Width": 0,
                  "Actual Startup Time": 3.031,
                  "Actual Total Time": 2321.264,
                  "Actual Rows": 2205556,
                  "Actual Loops": 5,
                  "Inner Unique": false,
                  "Join Filter": "(t.id = ci.movie_id)",
                  "Rows Removed by Join Filter": 0,
                  "Plans": [
                    {
                      "Node Type": "Merge Join",
                      "Parent Relationship": "Outer",
                      "Parallel Aware": false,
                      "Join Type": "Inner",
                      "Startup Cost": 2.56,
                      "Total Cost": 151241.11,
                      "Plan Rows": 89657,
                      "Plan Width": 8,
                      "Actual Startup Time": 2.878,
                      "Actual Total Time": 654.195,
                      "Actual Rows": 87056,
                      "Actual Loops": 5,
                      "Inner Unique": false,
                      "Merge Cond": "(t.id = mi_idx.movie_id)",
                      "Plans": [
                        {
                          "Node Type": "Index Scan",
                          "Parent Relationship": "Outer",
                          "Parallel Aware": true,
                          "Scan Direction": "Forward",
                          "Index Name": "title_pkey",
                          "Relation Name": "title",
                          "Alias": "t",
                          "Startup Cost": 0.43,
                          "Total Cost": 92957.95,
                          "Plan Rows": 164256,
                          "Plan Width": 4,
                          "Actual Startup Time": 1.744,
                          "Actual Total Time": 333.064,
                          "Actual Rows": 132458,
                          "Actual Loops": 5,
                          "Filter": "(production_year < 1989)",
                          "Rows Removed by Filter": 372743
                        },
                        {
                          "Node Type": "Index Only Scan",
                          "Parent Relationship": "Inner",
                          "Parallel Aware": false,
                          "Scan Direction": "Forward",
                          "Index Name": "movie_id_movie_info_idx",
                          "Relation Name": "movie_info_idx",
                          "Alias": "mi_idx",
                          "Startup Cost": 0.43,
                          "Total Cost": 53620.22,
                          "Plan Rows": 1380035,
                          "Plan Width": 4,
                          "Actual Startup Time": 0.137,
                          "Actual Total Time": 244.632,
                          "Actual Rows": 1380035,
                          "Actual Loops": 5,
                          "Heap Fetches": 6900175
                        }
                      ]
                    },
                    {
                      "Node Type": "Index Only Scan",
                      "Parent Relationship": "Inner",
                      "Parallel Aware": false,
                      "Scan Direction": "Forward",
                      "Index Name": "movie_id_cast_info",
                      "Relation Name": "cast_info",
                      "Alias": "ci",
                      "Startup Cost": 0.56,
                      "Total Cost": 2.32,
                      "Plan Rows": 37,
                      "Plan Width": 4,
                      "Actual Startup Time": 0.003,
                      "Actual Total Time": 0.017,
                      "Actual Rows": 25,
                      "Actual Loops": 435281,
                      "Index Cond": "(movie_id = mi_idx.movie_id)",
                      "Rows Removed by Index Recheck": 0,
                      "Heap Fetches": 11027780
                    }
                  ]
                }
              ]
            }
          ]
        }
      ]
    },
    "Planning Time": 0.8,
    "Triggers": [],
    "Execution Time": 2515.068
  }
]