[
  {
    "Plan": {
      "Node Type": "Aggregate",
      "Strategy": "Plain",
      "Partial Mode": "Finalize",
      "Parallel Aware": false,
      "Startup Cost": 107140.33,
      "Total Cost": 107140.34,
      "Plan Rows": 1,
      "Plan Width": 8,
      "Actual Startup Time": 366.791,
      "Actual Total Time": 377.695,
      "Actual Rows": 1,
      "Actual Loops": 1,
      "Plans": [
        {
          "Node Type": "Gather",
          "Parent Relationship": "Outer",
          "Parallel Aware": false,
          "Startup Cost": 107140.01,
          "Total Cost": 107140.32,
          "Plan Rows": 3,
          "Plan Width": 8,
          "Actual Startup Time": 362.834,
          "Actual Total Time": 377.689,
          "Actual Rows": 4,
          "Actual Loops": 1,
          "Workers Planned": 3,
          "Workers Launched": 3,
          "Single Copy": false,
          "Plans": [
            {
              "Node Type": "Aggregate",
              "Strategy": "Plain",
              "Partial Mode": "Partial",
              "Parent Relationship": "Outer",
              "Parallel Aware": false,
              "Startup Cost": 106140.01,
              "Total Cost": 106140.02,
              "Plan Rows": 1,
              "Plan Width": 8,
              "Actual Startup Time": 358.77,
              "Actual Total Time": 358.889,
              "Actual Rows": 1,
              "Actual Loops": 4,
              "Plans": [
                {
                  "Node Type": "Hash Join",
                  "Parent Relationship": "Outer",
                  "Parallel Aware": true,
                  "Join Type": "Inner",
                  "Startup Cost": 78249.97,
                  "Total Cost": 106107.18,
                  "Plan Rows": 13130,
                  "Plan Width": 0,
                  "Actual Startup Time": 271.67,
                  "Actual Total Time": 358.293,
                  "Actual Rows": 6206,
                  "Actual Loops": 4,
                  "Inner Unique": false,
                  "Hash Cond": "(mk.movie_id = t.id)",
                  "Plans": [
                    {
                      "Node Type": "Bitmap Heap Scan",
                      "Parent Relationship": "Outer",
                      "Parallel Aware": true,
                      "Relation Name": "movie_keyword",
                      "Alias": "mk",
                      "Startup Cost": 13551.07,
                      "Total Cost": 40580.84,
                      "Plan Rows": 206062,
                      "Plan Width": 4,
                      "Actual Startup Time": 46.575,
                      "Actual Total Time": 109.406,
                      "Actual Rows": 160432,
                      "Actual Loops": 4,
                      "Recheck Cond": "(keyword_id < 498)",
                      "Rows Removed by Index Recheck": 0,
                      "Exact Heap Blocks": 6814,
                      "Lossy Heap Blocks": 0,
                      "Plans": [
                        {
                          "Node Type": "Bitmap Index Scan",
                          "Parent Relationship": "Outer",
                          "Parallel Aware": false,
                          "Index Name": "keyword_id_movie_keyword",
                          "Startup Cost": 0.0,
                          "Total Cost": 13391.37,
                          "Plan Rows": 638792,
                          "Plan Width": 0,
                          "Actual Startup Time": 42.913,
                          "Actual Total Time": 42.914,
                          "Actual Rows": 641726,
                          "Actual Loops": 1,
                          "Index Cond": "(keyword_id < 498)"
                        }
                      ]
                    },
                    {
                      "Node Type": "Hash",
                      "Parent Relationship": "Inner",
                      "Parallel Aware": true,
                      "Startup Cost": 63859.85,
                      "Total Cost": 63859.85,
                      "Plan Rows": 67124,
                      "Plan Width": 8,
                      "Actual Startup Time": 224.051,
                      "Actual Total Time": 224.168,
                      "Actual Rows": 23489,
                      "Actual Loops": 4,
                      "Hash Buckets": 262144,
                      "Original Hash Buckets": 262144,
                      "Hash Batches": 1,
                      "Original Hash Batches": 1,
                      "Peak Memory Usage": 5760,
                      "Plans": [
                        {
                          "Node Type": "Hash Join",
                          "Parent Relationship": "Outer",
                          "Parallel Aware": true,
                          "Join Type": "Inner",
                          "Startup Cost": 48231.31,
                          "Total Cost": 63859.85,
                          "Plan Rows": 67124,
                          "Plan Width": 8,
                          "Actual Startup Time": 149.902,
                          "Actual Total Time": 215.495,
                          "Actual Rows": 23489,
                          "Actual Loops": 4,
                          "Inner Unique": true,
                          "Hash Cond": "(mi_idx.movie_id = t.id)",
                          "Plans": [
                            {
                              "Node Type": "Seq Scan",
                              "Parent Relationship": "Outer",
                              "Parallel Aware": true,
                              "Relation Name": "movie_info_idx",
                              "Alias": "mi_idx",
                              "Startup Cost": 0.0,
                              "Total Cost": 15122.68,
                              "Plan Rows": 192707,
                              "Plan Width": 4,
                              "Actual Startup Time": 0.02,
                              "Actual Total Time": 30.396,
                              "Actual Rows": 114981,
                              "Actual Loops": 4,
                              "Filter": "(info_type_id = 100)",
                              "Rows Removed by Filter": 230028
                            },
                            {
                              "Node Type": "Hash",
                              "Parent Relationship": "Inner",
                              "Parallel Aware": true,
                              "Startup Cost": 45479.21,
                              "Total Cost": 45479.21,
                              "Plan Rows": 220168,
                              "Plan Width": 4,
                              "Actual Startup Time": 148.112,
                              "Actual Total Time": 148.113,
                              "Actual Rows": 202703,
                              "Actual Loops": 4,
                              "Hash Buckets": 1048576,
                              "Original Hash Buckets": 1048576,
                              "Hash Batches": 1,
                              "Original Hash Batches": 1,
                              "Peak Memory Usage": 39968,
                              "Plans": [
                                {
                                  "Node Type": "Seq Scan",
                                  "Parent Relationship": "Outer",
                                  "Parallel Aware": true,
                                  "Relation Name": "title",
                                  "Alias": "t",
                                  "Startup Cost": 0.0,
                                  "Total Cost": 45479.21,
                                  "Plan Rows": 220168,
                                  "Plan Width": 4,
                                  "Actual Startup Time": 0.011,
                                  "Actual Total Time": 85.857,
                                  "Actual Rows": 202703,
                                  "Actual Loops": 4,
                                  "Filter": "((kind_id > 4) AND (production_year < 2006))",
                                  "Rows Removed by Filter": 429375
                                }
                              ]
                            }
                          ]
                        }
                      ]
                    }
                  ]
                }
              ]
            }
          ]
        }
      ]
    },
    "Planning Time": 0.405,
    "Triggers": [],
    "Execution Time": 377.733
  }
]