[
    {
        "Bao": {
            "Bao prediction": "NaN",
            "Bao recommended hint": "(no hint)"
        }
    },
    {
        "Plan": {
            "Node Type": "Aggregate",
            "Strategy": "Plain",
            "Partial Mode": "Finalize",
            "Parallel Aware": false,
            "Startup Cost": 335209.35,
            "Total Cost": 335209.36,
            "Plan Rows": 1,
            "Plan Width": 8,
            "Actual Startup Time": 619.447,
            "Actual Total Time": 642.604,
            "Actual Rows": 1,
            "Actual Loops": 1,
            "Output": [
                "count(*)"
            ],
            "Plans": [
                {
                    "Node Type": "Gather",
                    "Parent Relationship": "Outer",
                    "Parallel Aware": false,
                    "Startup Cost": 335208.73,
                    "Total Cost": 335209.34,
                    "Plan Rows": 6,
                    "Plan Width": 8,
                    "Actual Startup Time": 619.224,
                    "Actual Total Time": 642.596,
                    "Actual Rows": 7,
                    "Actual Loops": 1,
                    "Output": [
                        "(PARTIAL count(*))"
                    ],
                    "Workers Planned": 6,
                    "Workers Launched": 6,
                    "Single Copy": false,
                    "Plans": [
                        {
                            "Node Type": "Aggregate",
                            "Strategy": "Plain",
                            "Partial Mode": "Partial",
                            "Parent Relationship": "Outer",
                            "Parallel Aware": false,
                            "Startup Cost": 334208.73,
                            "Total Cost": 334208.74,
                            "Plan Rows": 1,
                            "Plan Width": 8,
                            "Actual Startup Time": 609.518,
                            "Actual Total Time": 609.519,
                            "Actual Rows": 1,
                            "Actual Loops": 7,
                            "Output": [
                                "PARTIAL count(*)"
                            ],
                            "Workers": [
                                {
                                    "Worker Number": 0,
                                    "Actual Startup Time": 607.261,
                                    "Actual Total Time": 607.261,
                                    "Actual Rows": 1,
                                    "Actual Loops": 1
                                },
                                {
                                    "Worker Number": 1,
                                    "Actual Startup Time": 607.554,
                                    "Actual Total Time": 607.555,
                                    "Actual Rows": 1,
                                    "Actual Loops": 1
                                },
                                {
                                    "Worker Number": 2,
                                    "Actual Startup Time": 607.743,
                                    "Actual Total Time": 607.744,
                                    "Actual Rows": 1,
                                    "Actual Loops": 1
                                },
                                {
                                    "Worker Number": 3,
                                    "Actual Startup Time": 607.724,
                                    "Actual Total Time": 607.725,
                                    "Actual Rows": 1,
                                    "Actual Loops": 1
                                },
                                {
                                    "Worker Number": 4,
                                    "Actual Startup Time": 608.517,
                                    "Actual Total Time": 608.518,
                                    "Actual Rows": 1,
                                    "Actual Loops": 1
                                },
                                {
                                    "Worker Number": 5,
                                    "Actual Startup Time": 608.933,
                                    "Actual Total Time": 608.935,
                                    "Actual Rows": 1,
                                    "Actual Loops": 1
                                }
                            ],
                            "Plans": [
                                {
                                    "Node Type": "Seq Scan",
                                    "Parent Relationship": "Outer",
                                    "Parallel Aware": true,
                                    "Relation Name": "cast_info",
                                    "Schema": "public",
                                    "Alias": "ci",
                                    "Startup Cost": 0.0,
                                    "Total Cost": 328213.62,
                                    "Plan Rows": 2398045,
                                    "Plan Width": 0,
                                    "Actual Startup Time": 222.586,
                                    "Actual Total Time": 524.531,
                                    "Actual Rows": 2070787,
                                    "Actual Loops": 7,
                                    "Output": [
                                        "id",
                                        "person_id",
                                        "movie_id",
                                        "person_role_id",
                                        "note",
                                        "nr_order",
                                        "role_id"
                                    ],
                                    "Filter": "(ci.person_id > 2210571)",
                                    "Rows Removed by Filter": 3106976,
                                    "Workers": [
                                        {
                                            "Worker Number": 0,
                                            "Actual Startup Time": 220.314,
                                            "Actual Total Time": 526.404,
                                            "Actual Rows": 1927438,
                                            "Actual Loops": 1
                                        },
                                        {
                                            "Worker Number": 1,
                                            "Actual Startup Time": 220.623,
                                            "Actual Total Time": 525.134,
                                            "Actual Rows": 2016707,
                                            "Actual Loops": 1
                                        },
                                        {
                                            "Worker Number": 2,
                                            "Actual Startup Time": 220.808,
                                            "Actual Total Time": 527.161,
                                            "Actual Rows": 1918717,
                                            "Actual Loops": 1
                                        },
                                        {
                                            "Worker Number": 3,
                                            "Actual Startup Time": 220.81,
                                            "Actual Total Time": 527.374,
                                            "Actual Rows": 1912548,
                                            "Actual Loops": 1
                                        },
                                        {
                                            "Worker Number": 4,
                                            "Actual Startup Time": 221.591,
                                            "Actual Total Time": 525.771,
                                            "Actual Rows": 2024221,
                                            "Actual Loops": 1
                                        },
                                        {
                                            "Worker Number": 5,
                                            "Actual Startup Time": 222.019,
                                            "Actual Total Time": 526.588,
                                            "Actual Rows": 2016022,
                                            "Actual Loops": 1
                                        }
                                    ]
                                }
                            ]
                        }
                    ]
                }
            ]
        },
        "Planning Time": 176.601,
        "Triggers": [],
        "Execution Time": 642.662
    }
]