{
  "Plan": {
    "Node Type": "Aggregate",
    "Strategy": "Plain",
    "Partial Mode": "Finalize",
    "Parallel Aware": false,
    "Startup Cost": 800492.78,
    "Total Cost": 800492.79,
    "Plan Rows": 1,
    "Plan Width": 8,
    "Actual Startup Time": 2591.564,
    "Actual Total Time": 2592.496,
    "Actual Rows": 1,
    "Actual Loops": 1,
    "Plans": [
      {
        "Node Type": "Gather",
        "Parent Relationship": "Outer",
        "Parallel Aware": false,
        "Startup Cost": 800492.66,
        "Total Cost": 800492.77,
        "Plan Rows": 1,
        "Plan Width": 8,
        "Actual Startup Time": 2591.555,
        "Actual Total Time": 2592.49,
        "Actual Rows": 2,
        "Actual Loops": 1,
        "Workers Planned": 1,
        "Workers Launched": 1,
        "Single Copy": false,
        "Plans": [
          {
            "Node Type": "Aggregate",
            "Strategy": "Plain",
            "Partial Mode": "Partial",
            "Parent Relationship": "Outer",
            "Parallel Aware": false,
            "Startup Cost": 799492.66,
            "Total Cost": 799492.67,
            "Plan Rows": 1,
            "Plan Width": 8,
            "Actual Startup Time": 2561.227,
            "Actual Total Time": 2561.234,
            "Actual Rows": 1,
            "Actual Loops": 2,
            "Plans": [
              {
                "Node Type": "Merge Join",
                "Parent Relationship": "Outer",
                "Parallel Aware": false,
                "Join Type": "Inner",
                "Startup Cost": 778152.45,
                "Total Cost": 798044.97,
                "Plan Rows": 579076,
                "Plan Width": 0,
                "Actual Startup Time": 2062.385,
                "Actual Total Time": 2527.501,
                "Actual Rows": 879906,
                "Actual Loops": 2,
                "Inner Unique": false,
                "Merge Cond": "(ci.movie_id = t.id)",
                "Plans": [
                  {
                    "Node Type": "Sort",
                    "Parent Relationship": "Outer",
                    "Parallel Aware": false,
                    "Startup Cost": 584055.3,
                    "Total Cost": 589393.83,
                    "Plan Rows": 2135414,
                    "Plan Width": 4,
                    "Actual Startup Time": 902.212,
                    "Actual Total Time": 1097.059,
                    "Actual Rows": 1876102,
                    "Actual Loops": 2,
                    "Sort Key": [
                      "ci.movie_id"
                    ],
                    "Sort Method": "quicksort",
                    "Sort Space Used": 143175,
                    "Sort Space Type": "Memory",
                    "Workers": [
                      {
                        "Worker Number": 0,
                        "Sort Method": "quicksort",
                        "Sort Space Used": 131018,
                        "Sort Space Type": "Memory"
                      }
                    ],
                    "Plans": [
                      {
                        "Node Type": "Bitmap Heap Scan",
                        "Parent Relationship": "Outer",
                        "Parallel Aware": true,
                        "Relation Name": "cast_info",
                        "Alias": "ci",
                        "Startup Cost": 80178.65,
                        "Total Cost": 359558.32,
                        "Plan Rows": 2135414,
                        "Plan Width": 4,
                        "Actual Startup Time": 176.78,
                        "Actual Total Time": 432.115,
                        "Actual Rows": 1876145,
                        "Actual Loops": 2,
                        "Recheck Cond": "(person_id < 359820)",
                        "Rows Removed by Index Recheck": 0,
                        "Exact Heap Blocks": 21567,
                        "Lossy Heap Blocks": 0,
                        "Plans": [
                          {
                            "Node Type": "Bitmap Index Scan",
                            "Parent Relationship": "Outer",
                            "Parallel Aware": false,
                            "Index Name": "person_id_cast_info",
                            "Startup Cost": 0.0,
                            "Total Cost": 79271.1,
                            "Plan Rows": 3630204,
                            "Plan Width": 0,
                            "Actual Startup Time": 175.945,
                            "Actual Total Time": 175.946,
                            "Actual Rows": 3752290,
                            "Actual Loops": 1,
                            "Index Cond": "(person_id < 359820)"
                          }
                        ]
                      }
                    ]
                  },
                  {
                    "Node Type": "Sort",
                    "Parent Relationship": "Inner",
                    "Parallel Aware": false,
                    "Startup Cost": 194096.93,
                    "Total Cost": 195810.97,
                    "Plan Rows": 685616,
                    "Plan Width": 8,
                    "Actual Startup Time": 1160.155,
                    "Actual Total Time": 1206.211,
                    "Actual Rows": 1114287,
                    "Actual Loops": 2,
                    "Sort Key": [
                      "t.id"
                    ],
                    "Sort Method": "quicksort",
                    "Sort Space Used": 49166,
                    "Sort Space Type": "Memory",
                    "Workers": [
                      {
                        "Worker Number": 0,
                        "Sort Method": "quicksort",
                        "Sort Space Used": 49166,
                        "Sort Space Type": "Memory"
                      }
                    ],
                    "Plans": [
                      {
                        "Node Type": "Hash Join",
                        "Parent Relationship": "Outer",
                        "Parallel Aware": false,
                        "Join Type": "Inner",
                        "Startup Cost": 75906.34,
                        "Total Cost": 127636.6,
                        "Plan Rows": 685616,
                        "Plan Width": 8,
                        "Actual Startup Time": 389.955,
                        "Actual Total Time": 1041.039,
                        "Actual Rows": 524576,
                        "Actual Loops": 2,
                        "Inner Unique": true,
                        "Hash Cond": "(mc.movie_id = t.id)",
                        "Plans": [
                          {
                            "Node Type": "Seq Scan",
                            "Parent Relationship": "Outer",
                            "Parallel Aware": false,
                            "Relation Name": "movie_companies",
                            "Alias": "mc",
                            "Startup Cost": 0.0,
                            "Total Cost": 44881.29,
                            "Plan Rows": 2609129,
                            "Plan Width": 4,
                            "Actual Startup Time": 0.042,
                            "Actual Total Time": 181.786,
                            "Actual Rows": 2609129,
                            "Actual Loops": 2
                          },
                          {
                            "Node Type": "Hash",
                            "Parent Relationship": "Inner",
                            "Parallel Aware": false,
                            "Startup Cost": 67601.66,
                            "Total Cost": 67601.66,
                            "Plan Rows": 664374,
                            "Plan Width": 4,
                            "Actual Startup Time": 385.465,
                            "Actual Total Time": 385.467,
                            "Actual Rows": 662065,
                            "Actual Loops": 2,
                            "Hash Buckets": 1048576,
                            "Original Hash Buckets": 1048576,
                            "Hash Batches": 1,
                            "Original Hash Batches": 1,
                            "Peak Memory Usage": 31468,
                            "Plans": [
                              {
                                "Node Type": "Seq Scan",
                                "Parent Relationship": "Outer",
                                "Parallel Aware": false,
                                "Relation Name": "title",
                                "Alias": "t",
                                "Startup Cost": 0.0,
                                "Total Cost": 67601.66,
                                "Plan Rows": 664374,
                                "Plan Width": 4,
                                "Actual Startup Time": 0.027,
                                "Actual Total Time": 246.421,
                                "Actual Rows": 662065,
                                "Actual Loops": 2,
                                "Filter": "(production_year > 2008)",
                                "Rows Removed by Filter": 1866247
                              }
                            ]
                          }
                        ]
                      }
                    ]
                  }
                ]
              }
            ]
          }
        ]
      }
    ]
  },
  "Planning Time": 1.077,
  "Triggers": [],
  "Execution Time": 2602.491
}