{
  "Plan": {
    "Node Type": "Aggregate",
    "Strategy": "Plain",
    "Partial Mode": "Finalize",
    "Parallel Aware": false,
    "Startup Cost": 321258.61,
    "Total Cost": 321258.62,
    "Plan Rows": 1,
    "Plan Width": 8,
    "Actual Startup Time": 1955.322,
    "Actual Total Time": 1955.431,
    "Actual Rows": 1,
    "Actual Loops": 1,
    "Plans": [
      {
        "Node Type": "Gather",
        "Parent Relationship": "Outer",
        "Parallel Aware": false,
        "Startup Cost": 321258.5,
        "Total Cost": 321258.61,
        "Plan Rows": 1,
        "Plan Width": 8,
        "Actual Startup Time": 1955.307,
        "Actual Total Time": 1955.423,
        "Actual Rows": 2,
        "Actual Loops": 1,
        "Workers Planned": 1,
        "Workers Launched": 1,
        "Single Copy": false,
        "Plans": [
          {
            "Node Type": "Aggregate",
            "Strategy": "Plain",
            "Partial Mode": "Partial",
            "Parent Relationship": "Outer",
            "Parallel Aware": false,
            "Startup Cost": 320258.5,
            "Total Cost": 320258.51,
            "Plan Rows": 1,
            "Plan Width": 8,
            "Actual Startup Time": 1735.44,
            "Actual Total Time": 1735.445,
            "Actual Rows": 1,
            "Actual Loops": 2,
            "Plans": [
              {
                "Node Type": "Merge Join",
                "Parent Relationship": "Outer",
                "Parallel Aware": false,
                "Join Type": "Inner",
                "Startup Cost": 308940.2,
                "Total Cost": 319612.11,
                "Plan Rows": 258555,
                "Plan Width": 0,
                "Actual Startup Time": 1584.181,
                "Actual Total Time": 1724.226,
                "Actual Rows": 215978,
                "Actual Loops": 2,
                "Inner Unique": false,
                "Merge Cond": "(mc.movie_id = t.id)",
                "Plans": [
                  {
                    "Node Type": "Sort",
                    "Parent Relationship": "Outer",
                    "Parallel Aware": false,
                    "Startup Cost": 114232.16,
                    "Total Cost": 116180.31,
                    "Plan Rows": 779260,
                    "Plan Width": 4,
                    "Actual Startup Time": 307.137,
                    "Actual Total Time": 335.302,
                    "Actual Rows": 667442,
                    "Actual Loops": 2,
                    "Sort Key": [
                      "mc.movie_id"
                    ],
                    "Sort Method": "quicksort",
                    "Sort Space Used": 51238,
                    "Sort Space Type": "Memory",
                    "Workers": [
                      {
                        "Worker Number": 0,
                        "Sort Method": "quicksort",
                        "Sort Space Used": 60487,
                        "Sort Space Type": "Memory"
                      }
                    ],
                    "Plans": [
                      {
                        "Node Type": "Seq Scan",
                        "Parent Relationship": "Outer",
                        "Parallel Aware": true,
                        "Relation Name": "movie_companies",
                        "Alias": "mc",
                        "Startup Cost": 0.0,
                        "Total Cost": 37974.77,
                        "Plan Rows": 779260,
                        "Plan Width": 4,
                        "Actual Startup Time": 70.502,
                        "Actual Total Time": 157.47,
                        "Actual Rows": 667442,
                        "Actual Loops": 2,
                        "Filter": "(company_type_id > 1)",
                        "Rows Removed by Filter": 637123
                      }
                    ]
                  },
                  {
                    "Node Type": "Sort",
                    "Parent Relationship": "Inner",
                    "Parallel Aware": false,
                    "Startup Cost": 194707.95,
                    "Total Cost": 196805.15,
                    "Plan Rows": 838877,
                    "Plan Width": 8,
                    "Actual Startup Time": 1277.025,
                    "Actual Total Time": 1300.054,
                    "Actual Rows": 528362,
                    "Actual Loops": 2,
                    "Sort Key": [
                      "mi_idx.movie_id"
                    ],
                    "Sort Method": "quicksort",
                    "Sort Space Used": 32244,
                    "Sort Space Type": "Memory",
                    "Workers": [
                      {
                        "Worker Number": 0,
                        "Sort Method": "quicksort",
                        "Sort Space Used": 32244,
                        "Sort Space Type": "Memory"
                      }
                    ],
                    "Plans": [
                      {
                        "Node Type": "Hash Join",
                        "Parent Relationship": "Outer",
                        "Parallel Aware": false,
                        "Join Type": "Inner",
                        "Startup Cost": 86812.48,
                        "Total Cost": 112170.43,
                        "Plan Rows": 838877,
                        "Plan Width": 8,
                        "Actual Startup Time": 747.803,
                        "Actual Total Time": 1157.852,
                        "Actual Rows": 425718,
                        "Actual Loops": 2,
                        "Inner Unique": true,
                        "Hash Cond": "(mi_idx.movie_id = t.id)",
                        "Plans": [
                          {
                            "Node Type": "Seq Scan",
                            "Parent Relationship": "Outer",
                            "Parallel Aware": false,
                            "Relation Name": "movie_info_idx",
                            "Alias": "mi_idx",
                            "Startup Cost": 0.0,
                            "Total Cost": 21735.35,
                            "Plan Rows": 1380035,
                            "Plan Width": 4,
                            "Actual Startup Time": 0.042,
                            "Actual Total Time": 114.326,
                            "Actual Rows": 1380035,
                            "Actual Loops": 2
                          },
                          {
                            "Node Type": "Hash",
                            "Parent Relationship": "Inner",
                            "Parallel Aware": false,
                            "Startup Cost": 67601.66,
                            "Total Cost": 67601.66,
                            "Plan Rows": 1536865,
                            "Plan Width": 4,
                            "Actual Startup Time": 738.014,
                            "Actual Total Time": 738.015,
                            "Actual Rows": 1543264,
                            "Actual Loops": 2,
                            "Hash Buckets": 2097152,
                            "Original Hash Buckets": 2097152,
                            "Hash Batches": 1,
                            "Original Hash Batches": 1,
                            "Peak Memory Usage": 70640,
                            "Plans": [
                              {
                                "Node Type": "Seq Scan",
                                "Parent Relationship": "Outer",
                                "Parallel Aware": false,
                                "Relation Name": "title",
                                "Alias": "t",
                                "Startup Cost": 0.0,
                                "Total Cost": 67601.66,
                                "Plan Rows": 1536865,
                                "Plan Width": 4,
                                "Actual Startup Time": 0.026,
                                "Actual Total Time": 338.458,
                                "Actual Rows": 1543264,
                                "Actual Loops": 2,
                                "Filter": "(kind_id = 7)",
                                "Rows Removed by Filter": 985048
                              }
                            ]
                          }
                        ]
                      }
                    ]
                  }
                ]
              }
            ]
          }
        ]
      }
    ]
  },
  "Planning Time": 1.045,
  "Triggers": [],
  "Execution Time": 1963.356
}