{
  "Plan": {
    "Node Type": "Aggregate",
    "Strategy": "Plain",
    "Partial Mode": "Finalize",
    "Parallel Aware": false,
    "Startup Cost": 128638.39,
    "Total Cost": 128638.4,
    "Plan Rows": 1,
    "Plan Width": 8,
    "Actual Startup Time": 1043.253,
    "Actual Total Time": 1067.938,
    "Actual Rows": 1,
    "Actual Loops": 1,
    "Plans": [
      {
        "Node Type": "Gather",
        "Parent Relationship": "Outer",
        "Parallel Aware": false,
        "Startup Cost": 128638.28,
        "Total Cost": 128638.39,
        "Plan Rows": 1,
        "Plan Width": 8,
        "Actual Startup Time": 1037.263,
        "Actual Total Time": 1067.926,
        "Actual Rows": 2,
        "Actual Loops": 1,
        "Workers Planned": 1,
        "Workers Launched": 1,
        "Single Copy": false,
        "Plans": [
          {
            "Node Type": "Aggregate",
            "Strategy": "Plain",
            "Partial Mode": "Partial",
            "Parent Relationship": "Outer",
            "Parallel Aware": false,
            "Startup Cost": 127638.28,
            "Total Cost": 127638.29,
            "Plan Rows": 1,
            "Plan Width": 8,
            "Actual Startup Time": 1023.812,
            "Actual Total Time": 1023.816,
            "Actual Rows": 1,
            "Actual Loops": 2,
            "Plans": [
              {
                "Node Type": "Hash Join",
                "Parent Relationship": "Outer",
                "Parallel Aware": true,
                "Join Type": "Inner",
                "Startup Cost": 92113.06,
                "Total Cost": 126067.89,
                "Plan Rows": 628154,
                "Plan Width": 0,
                "Actual Startup Time": 721.027,
                "Actual Total Time": 994.07,
                "Actual Rows": 540652,
                "Actual Loops": 2,
                "Inner Unique": true,
                "Hash Cond": "(mk.movie_id = t.id)",
                "Plans": [
                  {
                    "Node Type": "Bitmap Heap Scan",
                    "Parent Relationship": "Outer",
                    "Parallel Aware": true,
                    "Relation Name": "movie_keyword",
                    "Alias": "mk",
                    "Startup Cost": 22652.36,
                    "Total Cost": 54958.29,
                    "Plan Rows": 628154,
                    "Plan Width": 4,
                    "Actual Startup Time": 104.582,
                    "Actual Total Time": 215.182,
                    "Actual Rows": 540652,
                    "Actual Loops": 2,
                    "Recheck Cond": "(keyword_id < 1087)",
                    "Rows Removed by Index Recheck": 0,
                    "Exact Heap Blocks": 14604,
                    "Lossy Heap Blocks": 0,
                    "Plans": [
                      {
                        "Node Type": "Bitmap Index Scan",
                        "Parent Relationship": "Outer",
                        "Parallel Aware": false,
                        "Index Name": "keyword_id_movie_keyword",
                        "Startup Cost": 0.0,
                        "Total Cost": 22385.4,
                        "Plan Rows": 1067862,
                        "Plan Width": 0,
                        "Actual Startup Time": 98.721,
                        "Actual Total Time": 98.722,
                        "Actual Rows": 1081303,
                        "Actual Loops": 1,
                        "Index Cond": "(keyword_id < 1087)"
                      }
                    ]
                  },
                  {
                    "Node Type": "Hash",
                    "Parent Relationship": "Inner",
                    "Parallel Aware": true,
                    "Startup Cost": 50870.31,
                    "Total Cost": 50870.31,
                    "Plan Rows": 1487231,
                    "Plan Width": 4,
                    "Actual Startup Time": 594.173,
                    "Actual Total Time": 594.174,
                    "Actual Rows": 1264156,
                    "Actual Loops": 2,
                    "Hash Buckets": 4194304,
                    "Original Hash Buckets": 4194304,
                    "Hash Batches": 1,
                    "Original Hash Batches": 1,
                    "Peak Memory Usage": 131712,
                    "Plans": [
                      {
                        "Node Type": "Seq Scan",
                        "Parent Relationship": "Outer",
                        "Parallel Aware": true,
                        "Relation Name": "title",
                        "Alias": "t",
                        "Startup Cost": 0.0,
                        "Total Cost": 50870.31,
                        "Plan Rows": 1487231,
                        "Plan Width": 4,
                        "Actual Startup Time": 0.025,
                        "Actual Total Time": 184.194,
                        "Actual Rows": 1264156,
                        "Actual Loops": 2
                      }
                    ]
                  }
                ]
              }
            ]
          }
        ]
      }
    ]
  },
  "Planning Time": 0.634,
  "Triggers": [],
  "Execution Time": 1068.021
}