[
  {
    "Plan": {
      "Node Type": "Aggregate",
      "Strategy": "Plain",
      "Partial Mode": "Finalize",
      "Parallel Aware": false,
      "Startup Cost": 87563.61,
      "Total Cost": 87563.62,
      "Plan Rows": 1,
      "Plan Width": 8,
      "Actual Startup Time": 239.549,
      "Actual Total Time": 259.405,
      "Actual Rows": 1,
      "Actual Loops": 1,
      "Plans": [
        {
          "Node Type": "Gather",
          "Parent Relationship": "Outer",
          "Parallel Aware": false,
          "Startup Cost": 87563.29,
          "Total Cost": 87563.6,
          "Plan Rows": 3,
          "Plan Width": 8,
          "Actual Startup Time": 238.892,
          "Actual Total Time": 259.395,
          "Actual Rows": 4,
          "Actual Loops": 1,
          "Workers Planned": 3,
          "Workers Launched": 3,
          "Single Copy": false,
          "Plans": [
            {
              "Node Type": "Aggregate",
              "Strategy": "Plain",
              "Partial Mode": "Partial",
              "Parent Relationship": "Outer",
              "Parallel Aware": false,
              "Startup Cost": 86563.29,
              "Total Cost": 86563.3,
              "Plan Rows": 1,
              "Plan Width": 8,
              "Actual Startup Time": 232.747,
              "Actual Total Time": 232.75,
              "Actual Rows": 1,
              "Actual Loops": 4,
              "Plans": [
                {
                  "Node Type": "Hash Join",
                  "Parent Relationship": "Outer",
                  "Parallel Aware": true,
                  "Join Type": "Inner",
                  "Startup Cost": 59017.41,
                  "Total Cost": 86554.8,
                  "Plan Rows": 3396,
                  "Plan Width": 0,
                  "Actual Startup Time": 138.861,
                  "Actual Total Time": 232.248,
                  "Actual Rows": 5692,
                  "Actual Loops": 4,
                  "Inner Unique": true,
                  "Hash Cond": "(mk.movie_id = t.id)",
                  "Plans": [
                    {
                      "Node Type": "Bitmap Heap Scan",
                      "Parent Relationship": "Outer",
                      "Parallel Aware": true,
                      "Relation Name": "movie_keyword",
                      "Alias": "mk",
                      "Startup Cost": 13406.18,
                      "Total Cost": 40408.44,
                      "Plan Rows": 203861,
                      "Plan Width": 4,
                      "Actual Startup Time": 33.853,
                      "Actual Total Time": 104.637,
                      "Actual Rows": 160432,
                      "Actual Loops": 4,
                      "Recheck Cond": "(keyword_id < 498)",
                      "Rows Removed by Index Recheck": 0,
                      "Exact Heap Blocks": 9808,
                      "Lossy Heap Blocks": 0,
                      "Plans": [
                        {
                          "Node Type": "Bitmap Index Scan",
                          "Parent Relationship": "Outer",
                          "Parallel Aware": false,
                          "Index Name": "keyword_id_movie_keyword",
                          "Startup Cost": 0.0,
                          "Total Cost": 13248.19,
                          "Plan Rows": 631968,
                          "Plan Width": 0,
                          "Actual Startup Time": 30.191,
                          "Actual Total Time": 30.191,
                          "Actual Rows": 641726,
                          "Actual Loops": 1,
                          "Index Cond": "(keyword_id < 498)"
                        }
                      ]
                    },
                    {
                      "Node Type": "Hash",
                      "Parent Relationship": "Inner",
                      "Parallel Aware": true,
                      "Startup Cost": 45479.59,
                      "Total Cost": 45479.59,
                      "Plan Rows": 10531,
                      "Plan Width": 4,
                      "Actual Startup Time": 103.8,
                      "Actual Total Time": 103.801,
                      "Actual Rows": 8476,
                      "Actual Loops": 4,
                      "Hash Buckets": 65536,
                      "Original Hash Buckets": 65536,
                      "Hash Batches": 1,
                      "Original Hash Batches": 1,
                      "Peak Memory Usage": 1920,
                      "Plans": [
                        {
                          "Node Type": "Seq Scan",
                          "Parent Relationship": "Outer",
                          "Parallel Aware": true,
                          "Relation Name": "title",
                          "Alias": "t",
                          "Startup Cost": 0.0,
                          "Total Cost": 45479.59,
                          "Plan Rows": 10531,
                          "Plan Width": 4,
                          "Actual Startup Time": 0.174,
                          "Actual Total Time": 100.021,
                          "Actual Rows": 8476,
                          "Actual Loops": 4,
                          "Filter": "((kind_id < 7) AND (production_year = 2006))",
                          "Rows Removed by Filter": 623602
                        }
                      ]
                    }
                  ]
                }
              ]
            }
          ]
        }
      ]
    },
    "Planning Time": 0.648,
    "Triggers": [],
    "Execution Time": 259.499
  }
]