[
  {
    "Plan": {
      "Node Type": "Aggregate",
      "Strategy": "Plain",
      "Partial Mode": "Finalize",
      "Parallel Aware": false,
      "Startup Cost": 69901.64,
      "Total Cost": 69901.65,
      "Plan Rows": 1,
      "Plan Width": 8,
      "Actual Startup Time": 179.557,
      "Actual Total Time": 190.301,
      "Actual Rows": 1,
      "Actual Loops": 1,
      "Plans": [
        {
          "Node Type": "Gather",
          "Parent Relationship": "Outer",
          "Parallel Aware": false,
          "Startup Cost": 69901.32,
          "Total Cost": 69901.63,
          "Plan Rows": 3,
          "Plan Width": 8,
          "Actual Startup Time": 177.259,
          "Actual Total Time": 190.294,
          "Actual Rows": 4,
          "Actual Loops": 1,
          "Workers Planned": 3,
          "Workers Launched": 3,
          "Single Copy": false,
          "Plans": [
            {
              "Node Type": "Aggregate",
              "Strategy": "Plain",
              "Partial Mode": "Partial",
              "Parent Relationship": "Outer",
              "Parallel Aware": false,
              "Startup Cost": 68901.32,
              "Total Cost": 68901.33,
              "Plan Rows": 1,
              "Plan Width": 8,
              "Actual Startup Time": 169.842,
              "Actual Total Time": 169.847,
              "Actual Rows": 1,
              "Actual Loops": 4,
              "Plans": [
                {
                  "Node Type": "Nested Loop",
                  "Parent Relationship": "Outer",
                  "Parallel Aware": false,
                  "Join Type": "Inner",
                  "Startup Cost": 36559.75,
                  "Total Cost": 68897.45,
                  "Plan Rows": 1546,
                  "Plan Width": 0,
                  "Actual Startup Time": 163.935,
                  "Actual Total Time": 169.788,
                  "Actual Rows": 370,
                  "Actual Loops": 4,
                  "Inner Unique": true,
                  "Join Filter": "(mc.movie_id = t.id)",
                  "Rows Removed by Join Filter": 0,
                  "Plans": [
                    {
                      "Node Type": "Hash Join",
                      "Parent Relationship": "Outer",
                      "Parallel Aware": true,
                      "Join Type": "Inner",
                      "Startup Cost": 36559.32,
                      "Total Cost": 61570.86,
                      "Plan Rows": 7693,
                      "Plan Width": 8,
                      "Actual Startup Time": 163.842,
                      "Actual Total Time": 166.408,
                      "Actual Rows": 370,
                      "Actual Loops": 4,
                      "Inner Unique": false,
                      "Hash Cond": "(mc.movie_id = mk.movie_id)",
                      "Plans": [
                        {
                          "Node Type": "Bitmap Heap Scan",
                          "Parent Relationship": "Outer",
                          "Parallel Aware": true,
                          "Relation Name": "movie_companies",
                          "Alias": "mc",
                          "Startup Cost": 1399.32,
                          "Total Cost": 20503.25,
                          "Plan Rows": 10696,
                          "Plan Width": 4,
                          "Actual Startup Time": 13.887,
                          "Actual Total Time": 15.012,
                          "Actual Rows": 1644,
                          "Actual Loops": 4,
                          "Recheck Cond": "(company_id = 6)",
                          "Rows Removed by Index Recheck": 0,
                          "Filter": "(company_type_id = 2)",
                          "Rows Removed by Filter": 13874,
                          "Exact Heap Blocks": 2867,
                          "Lossy Heap Blocks": 0,
                          "Plans": [
                            {
                              "Node Type": "Bitmap Index Scan",
                              "Parent Relationship": "Outer",
                              "Parallel Aware": false,
                              "Index Name": "company_id_movie_companies",
                              "Startup Cost": 0.0,
                              "Total Cost": 1391.03,
                              "Plan Rows": 64880,
                              "Plan Width": 0,
                              "Actual Startup Time": 3.843,
                              "Actual Total Time": 3.843,
                              "Actual Rows": 62075,
                              "Actual Loops": 1,
                              "Index Cond": "(company_id = 6)"
                            }
                          ]
                        },
                        {
                          "Node Type": "Hash",
                          "Parent Relationship": "Inner",
                          "Parallel Aware": true,
                          "Startup Cost": 33685.86,
                          "Total Cost": 33685.86,
                          "Plan Rows": 117931,
                          "Plan Width": 4,
                          "Actual Startup Time": 146.664,
                          "Actual Total Time": 146.665,
                          "Actual Rows": 90923,
                          "Actual Loops": 4,
                          "Hash Buckets": 524288,
                          "Original Hash Buckets": 524288,
                          "Hash Batches": 1,
                          "Original Hash Batches": 1,
                          "Peak Memory Usage": 18368,
                          "Plans": [
                            {
                              "Node Type": "Bitmap Heap Scan",
                              "Parent Relationship": "Outer",
                              "Parallel Aware": true,
                              "Relation Name": "movie_keyword",
                              "Alias": "mk",
                              "Startup Cost": 7757.72,
                              "Total Cost": 33685.86,
                              "Plan Rows": 117931,
                              "Plan Width": 4,
                              "Actual Startup Time": 36.653,
                              "Actual Total Time": 112.354,
                              "Actual Rows": 90923,
                              "Actual Loops": 4,
                              "Recheck Cond": "(keyword_id < 335)",
                              "Rows Removed by Index Recheck": 0,
                              "Exact Heap Blocks": 10849,
                              "Lossy Heap Blocks": 0,
                              "Plans": [
                                {
                                  "Node Type": "Bitmap Index Scan",
                                  "Parent Relationship": "Outer",
                                  "Parallel Aware": false,
                                  "Index Name": "keyword_id_movie_keyword",
                                  "Startup Cost": 0.0,
                                  "Total Cost": 7666.33,
                                  "Plan Rows": 365586,
                                  "Plan Width": 0,
                                  "Actual Startup Time": 32.485,
                                  "Actual Total Time": 32.485,
                                  "Actual Rows": 363692,
                                  "Actual Loops": 1,
                                  "Index Cond": "(keyword_id < 335)"
                                }
                              ]
                            }
                          ]
                        }
                      ]
                    },
                    {
                      "Node Type": "Index Only Scan",
                      "Parent Relationship": "Inner",
                      "Parallel Aware": false,
                      "Scan Direction": "Forward",
                      "Index Name": "title_pkey",
                      "Relation Name": "title",
                      "Alias": "t",
                      "Startup Cost": 0.43,
                      "Total Cost": 0.94,
                      "Plan Rows": 1,
                      "Plan Width": 4,
                      "Actual Startup Time": 0.008,
                      "Actual Total Time": 0.008,
                      "Actual Rows": 1,
                      "Actual Loops": 1479,
                      "Index Cond": "(id = mk.movie_id)",
                      "Rows Removed by Index Recheck": 0,
                      "Heap Fetches": 1479
                    }
                  ]
                }
              ]
            }
          ]
        }
      ]
    },
    "Planning Time": 1.509,
    "Triggers": [],
    "Execution Time": 190.48
  }
]