[
  {
    "Plan": {
      "Node Type": "Aggregate",
      "Strategy": "Plain",
      "Partial Mode": "Finalize",
      "Parallel Aware": false,
      "Startup Cost": 383635.47,
      "Total Cost": 383635.48,
      "Plan Rows": 1,
      "Plan Width": 8,
      "Actual Startup Time": 1284.963,
      "Actual Total Time": 1338.283,
      "Actual Rows": 1,
      "Actual Loops": 1,
      "Plans": [
        {
          "Node Type": "Gather",
          "Parent Relationship": "Outer",
          "Parallel Aware": false,
          "Startup Cost": 383634.85,
          "Total Cost": 383635.46,
          "Plan Rows": 6,
          "Plan Width": 8,
          "Actual Startup Time": 1282.674,
          "Actual Total Time": 1338.229,
          "Actual Rows": 7,
          "Actual Loops": 1,
          "Workers Planned": 6,
          "Workers Launched": 6,
          "Single Copy": false,
          "Plans": [
            {
              "Node Type": "Aggregate",
              "Strategy": "Plain",
              "Partial Mode": "Partial",
              "Parent Relationship": "Outer",
              "Parallel Aware": false,
              "Startup Cost": 382634.85,
              "Total Cost": 382634.86,
              "Plan Rows": 1,
              "Plan Width": 8,
              "Actual Startup Time": 1271.935,
              "Actual Total Time": 1271.94,
              "Actual Rows": 1,
              "Actual Loops": 7,
              "Plans": [
                {
                  "Node Type": "Hash Join",
                  "Parent Relationship": "Outer",
                  "Parallel Aware": true,
                  "Join Type": "Inner",
                  "Startup Cost": 45341.55,
                  "Total Cost": 381289.87,
                  "Plan Rows": 537990,
                  "Plan Width": 0,
                  "Actual Startup Time": 322.172,
                  "Actual Total Time": 1257.223,
                  "Actual Rows": 292641,
                  "Actual Loops": 7,
                  "Inner Unique": true,
                  "Hash Cond": "(ci.movie_id = t.id)",
                  "Plans": [
                    {
                      "Node Type": "Seq Scan",
                      "Parent Relationship": "Outer",
                      "Parallel Aware": true,
                      "Relation Name": "cast_info",
                      "Alias": "ci",
                      "Startup Cost": 0.0,
                      "Total Cost": 328211.39,
                      "Plan Rows": 2947400,
                      "Plan Width": 4,
                      "Actual Startup Time": 204.14,
                      "Actual Total Time": 612.491,
                      "Actual Rows": 2497966,
                      "Actual Loops": 7,
                      "Filter": "(person_id > 1869646)",
                      "Rows Removed by Filter": 2679798
                    },
                    {
                      "Node Type": "Hash",
                      "Parent Relationship": "Inner",
                      "Parallel Aware": true,
                      "Startup Cost": 43899.32,
                      "Total Cost": 43899.32,
                      "Plan Rows": 115378,
                      "Plan Width": 4,
                      "Actual Startup Time": 115.314,
                      "Actual Total Time": 115.315,
                      "Actual Rows": 68514,
                      "Actual Loops": 7,
                      "Hash Buckets": 524288,
                      "Original Hash Buckets": 524288,
                      "Hash Batches": 1,
                      "Original Hash Batches": 1,
                      "Peak Memory Usage": 22976,
                      "Plans": [
                        {
                          "Node Type": "Seq Scan",
                          "Parent Relationship": "Outer",
                          "Parallel Aware": true,
                          "Relation Name": "title",
                          "Alias": "t",
                          "Startup Cost": 0.0,
                          "Total Cost": 43899.32,
                          "Plan Rows": 115378,
                          "Plan Width": 4,
                          "Actual Startup Time": 0.054,
                          "Actual Total Time": 81.372,
                          "Actual Rows": 68514,
                          "Actual Loops": 7,
                          "Filter": "(production_year < 1978)",
                          "Rows Removed by Filter": 292673
                        }
                      ]
                    }
                  ]
                }
              ]
            }
          ]
        }
      ]
    },
    "Planning Time": 0.623,
    "Triggers": [],
    "Execution Time": 1338.366
  }
]