{
  "Plan": {
    "Node Type": "Aggregate",
    "Strategy": "Plain",
    "Partial Mode": "Finalize",
    "Parallel Aware": false,
    "Startup Cost": 1077849.08,
    "Total Cost": 1077849.09,
    "Plan Rows": 1,
    "Plan Width": 8,
    "Actual Startup Time": 8214.422,
    "Actual Total Time": 8318.499,
    "Actual Rows": 1,
    "Actual Loops": 1,
    "Plans": [
      {
        "Node Type": "Gather",
        "Parent Relationship": "Outer",
        "Parallel Aware": false,
        "Startup Cost": 1077848.97,
        "Total Cost": 1077849.08,
        "Plan Rows": 1,
        "Plan Width": 8,
        "Actual Startup Time": 8201.933,
        "Actual Total Time": 8318.487,
        "Actual Rows": 2,
        "Actual Loops": 1,
        "Workers Planned": 1,
        "Workers Launched": 1,
        "Single Copy": false,
        "Plans": [
          {
            "Node Type": "Aggregate",
            "Strategy": "Plain",
            "Partial Mode": "Partial",
            "Parent Relationship": "Outer",
            "Parallel Aware": false,
            "Startup Cost": 1076848.97,
            "Total Cost": 1076848.98,
            "Plan Rows": 1,
            "Plan Width": 8,
            "Actual Startup Time": 8184.376,
            "Actual Total Time": 8186.269,
            "Actual Rows": 1,
            "Actual Loops": 2,
            "Plans": [
              {
                "Node Type": "Hash Join",
                "Parent Relationship": "Outer",
                "Parallel Aware": true,
                "Join Type": "Inner",
                "Startup Cost": 665758.29,
                "Total Cost": 1046663.01,
                "Plan Rows": 12074385,
                "Plan Width": 0,
                "Actual Startup Time": 5216.715,
                "Actual Total Time": 7817.746,
                "Actual Rows": 9111612,
                "Actual Loops": 2,
                "Inner Unique": false,
                "Hash Cond": "(mi.movie_id = t.id)",
                "Plans": [
                  {
                    "Node Type": "Seq Scan",
                    "Parent Relationship": "Outer",
                    "Parallel Aware": true,
                    "Relation Name": "movie_info",
                    "Alias": "mi",
                    "Startup Cost": 0.0,
                    "Total Cost": 270696.42,
                    "Plan Rows": 4478001,
                    "Plan Width": 4,
                    "Actual Startup Time": 33.194,
                    "Actual Total Time": 677.743,
                    "Actual Rows": 3774428,
                    "Actual Loops": 2,
                    "Filter": "(info_type_id > 7)",
                    "Rows Removed by Filter": 3643432
                  },
                  {
                    "Node Type": "Hash",
                    "Parent Relationship": "Inner",
                    "Parallel Aware": true,
                    "Startup Cost": 615631.56,
                    "Total Cost": 615631.56,
                    "Plan Rows": 4010138,
                    "Plan Width": 8,
                    "Actual Startup Time": 5150.275,
                    "Actual Total Time": 5152.165,
                    "Actual Rows": 2593354,
                    "Actual Loops": 2,
                    "Hash Buckets": 8388608,
                    "Original Hash Buckets": 8388608,
                    "Hash Batches": 1,
                    "Original Hash Batches": 1,
                    "Peak Memory Usage": 268480,
                    "Plans": [
                      {
                        "Node Type": "Hash Join",
                        "Parent Relationship": "Outer",
                        "Parallel Aware": true,
                        "Join Type": "Inner",
                        "Startup Cost": 64389.01,
                        "Total Cost": 615631.56,
                        "Plan Rows": 4010138,
                        "Plan Width": 8,
                        "Actual Startup Time": 601.896,
                        "Actual Total Time": 4293.58,
                        "Actual Rows": 2593354,
                        "Actual Loops": 2,
                        "Inner Unique": true,
                        "Hash Cond": "(ci.movie_id = t.id)",
                        "Plans": [
                          {
                            "Node Type": "Seq Scan",
                            "Parent Relationship": "Outer",
                            "Parallel Aware": true,
                            "Relation Name": "cast_info",
                            "Alias": "ci",
                            "Startup Cost": 0.0,
                            "Total Cost": 519069.44,
                            "Plan Rows": 12256404,
                            "Plan Width": 4,
                            "Actual Startup Time": 350.803,
                            "Actual Total Time": 1507.394,
                            "Actual Rows": 10446872,
                            "Actual Loops": 2,
                            "Filter": "(person_id > 1512883)",
                            "Rows Removed by Filter": 7675300
                          },
                          {
                            "Node Type": "Hash",
                            "Parent Relationship": "Inner",
                            "Parallel Aware": true,
                            "Startup Cost": 58306.47,
                            "Total Cost": 58306.47,
                            "Plan Rows": 486603,
                            "Plan Width": 4,
                            "Actual Startup Time": 248.283,
                            "Actual Total Time": 248.285,
                            "Actual Rows": 371160,
                            "Actual Loops": 2,
                            "Hash Buckets": 1048576,
                            "Original Hash Buckets": 1048576,
                            "Hash Batches": 1,
                            "Original Hash Batches": 1,
                            "Peak Memory Usage": 37280,
                            "Plans": [
                              {
                                "Node Type": "Seq Scan",
                                "Parent Relationship": "Outer",
                                "Parallel Aware": true,
                                "Relation Name": "title",
                                "Alias": "t",
                                "Startup Cost": 0.0,
                                "Total Cost": 58306.47,
                                "Plan Rows": 486603,
                                "Plan Width": 4,
                                "Actual Startup Time": 0.028,
                                "Actual Total Time": 156.564,
                                "Actual Rows": 371160,
                                "Actual Loops": 2,
                                "Filter": "((kind_id > 1) AND (production_year < 2002))",
                                "Rows Removed by Filter": 892996
                              }
                            ]
                          }
                        ]
                      }
                    ]
                  }
                ]
              }
            ]
          }
        ]
      }
    ]
  },
  "Planning Time": 1.079,
  "Triggers": [],
  "Execution Time": 8318.602
}