[
  {
    "Plan": {
      "Node Type": "Aggregate",
      "Strategy": "Plain",
      "Partial Mode": "Finalize",
      "Parallel Aware": false,
      "Startup Cost": 353885.82,
      "Total Cost": 353885.83,
      "Plan Rows": 1,
      "Plan Width": 8,
      "Actual Startup Time": 953.385,
      "Actual Total Time": 1003.677,
      "Actual Rows": 1,
      "Actual Loops": 1,
      "Plans": [
        {
          "Node Type": "Gather",
          "Parent Relationship": "Outer",
          "Parallel Aware": false,
          "Startup Cost": 353885.19,
          "Total Cost": 353885.8,
          "Plan Rows": 6,
          "Plan Width": 8,
          "Actual Startup Time": 953.184,
          "Actual Total Time": 1003.661,
          "Actual Rows": 7,
          "Actual Loops": 1,
          "Workers Planned": 6,
          "Workers Launched": 6,
          "Single Copy": false,
          "Plans": [
            {
              "Node Type": "Aggregate",
              "Strategy": "Plain",
              "Partial Mode": "Partial",
              "Parent Relationship": "Outer",
              "Parallel Aware": false,
              "Startup Cost": 352885.19,
              "Total Cost": 352885.2,
              "Plan Rows": 1,
              "Plan Width": 8,
              "Actual Startup Time": 945.429,
              "Actual Total Time": 945.431,
              "Actual Rows": 1,
              "Actual Loops": 7,
              "Plans": [
                {
                  "Node Type": "Seq Scan",
                  "Parent Relationship": "Outer",
                  "Parallel Aware": true,
                  "Relation Name": "cast_info",
                  "Alias": "ci",
                  "Startup Cost": 0.0,
                  "Total Cost": 343316.27,
                  "Plan Rows": 3827569,
                  "Plan Width": 0,
                  "Actual Startup Time": 137.524,
                  "Actual Total Time": 773.789,
                  "Actual Rows": 3153329,
                  "Actual Loops": 7,
                  "Filter": "((person_id > 980629) AND (role_id < 10))",
                  "Rows Removed by Filter": 2024435
                }
              ]
            }
          ]
        }
      ]
    },
    "Planning Time": 0.095,
    "Triggers": [],
    "Execution Time": 1003.72
  }
]