[
  {
    "Plan": {
      "Node Type": "Aggregate",
      "Strategy": "Plain",
      "Partial Mode": "Finalize",
      "Parallel Aware": false,
      "Startup Cost": 25160.44,
      "Total Cost": 25160.45,
      "Plan Rows": 1,
      "Plan Width": 8,
      "Actual Startup Time": 40.044,
      "Actual Total Time": 47.006,
      "Actual Rows": 1,
      "Actual Loops": 1,
      "Plans": [
        {
          "Node Type": "Gather",
          "Parent Relationship": "Outer",
          "Parallel Aware": false,
          "Startup Cost": 25160.23,
          "Total Cost": 25160.44,
          "Plan Rows": 2,
          "Plan Width": 8,
          "Actual Startup Time": 39.875,
          "Actual Total Time": 46.999,
          "Actual Rows": 3,
          "Actual Loops": 1,
          "Workers Planned": 2,
          "Workers Launched": 2,
          "Single Copy": false,
          "Plans": [
            {
              "Node Type": "Aggregate",
              "Strategy": "Plain",
              "Partial Mode": "Partial",
              "Parent Relationship": "Outer",
              "Parallel Aware": false,
              "Startup Cost": 24160.23,
              "Total Cost": 24160.24,
              "Plan Rows": 1,
              "Plan Width": 8,
              "Actual Startup Time": 31.479,
              "Actual Total Time": 31.481,
              "Actual Rows": 1,
              "Actual Loops": 3,
              "Plans": [
                {
                  "Node Type": "Nested Loop",
                  "Parent Relationship": "Outer",
                  "Parallel Aware": false,
                  "Join Type": "Inner",
                  "Startup Cost": 93.58,
                  "Total Cost": 24158.83,
                  "Plan Rows": 560,
                  "Plan Width": 0,
                  "Actual Startup Time": 3.117,
                  "Actual Total Time": 31.295,
                  "Actual Rows": 813,
                  "Actual Loops": 3,
                  "Inner Unique": true,
                  "Plans": [
                    {
                      "Node Type": "Bitmap Heap Scan",
                      "Parent Relationship": "Outer",
                      "Parallel Aware": true,
                      "Relation Name": "movie_keyword",
                      "Alias": "mk",
                      "Startup Cost": 93.15,
                      "Total Cost": 11014.05,
                      "Plan Rows": 1759,
                      "Plan Width": 4,
                      "Actual Startup Time": 2.135,
                      "Actual Total Time": 11.241,
                      "Actual Rows": 1535,
                      "Actual Loops": 3,
                      "Recheck Cond": "(keyword_id = 228)",
                      "Rows Removed by Index Recheck": 0,
                      "Exact Heap Blocks": 2929,
                      "Lossy Heap Blocks": 0,
                      "Plans": [
                        {
                          "Node Type": "Bitmap Index Scan",
                          "Parent Relationship": "Outer",
                          "Parallel Aware": false,
                          "Index Name": "keyword_id_movie_keyword",
                          "Startup Cost": 0.0,
                          "Total Cost": 92.1,
                          "Plan Rows": 4222,
                          "Plan Width": 0,
                          "Actual Startup Time": 4.021,
                          "Actual Total Time": 4.022,
                          "Actual Rows": 4606,
                          "Actual Loops": 1,
                          "Index Cond": "(keyword_id = 228)"
                        }
                      ]
                    },
                    {
                      "Node Type": "Index Scan",
                      "Parent Relationship": "Inner",
                      "Parallel Aware": false,
                      "Scan Direction": "Forward",
                      "Index Name": "title_pkey",
                      "Relation Name": "title",
                      "Alias": "t",
                      "Startup Cost": 0.43,
                      "Total Cost": 7.47,
                      "Plan Rows": 1,
                      "Plan Width": 4,
                      "Actual Startup Time": 0.012,
                      "Actual Total Time": 0.012,
                      "Actual Rows": 1,
                      "Actual Loops": 4606,
                      "Index Cond": "(id = mk.movie_id)",
                      "Rows Removed by Index Recheck": 0,
                      "Filter": "((kind_id < 7) AND (production_year > 1972))",
                      "Rows Removed by Filter": 0
                    }
                  ]
                }
              ]
            }
          ]
        }
      ]
    },
    "Planning Time": 0.71,
    "Triggers": [],
    "Execution Time": 47.101
  }
]