[
  {
    "Plan": {
      "Node Type": "Aggregate",
      "Strategy": "Plain",
      "Partial Mode": "Finalize",
      "Parallel Aware": false,
      "Startup Cost": 109344.8,
      "Total Cost": 109344.81,
      "Plan Rows": 1,
      "Plan Width": 8,
      "Actual Startup Time": 186.269,
      "Actual Total Time": 203.913,
      "Actual Rows": 1,
      "Actual Loops": 1,
      "Plans": [
        {
          "Node Type": "Gather",
          "Parent Relationship": "Outer",
          "Parallel Aware": false,
          "Startup Cost": 109344.28,
          "Total Cost": 109344.79,
          "Plan Rows": 5,
          "Plan Width": 8,
          "Actual Startup Time": 186.148,
          "Actual Total Time": 203.902,
          "Actual Rows": 6,
          "Actual Loops": 1,
          "Workers Planned": 5,
          "Workers Launched": 5,
          "Single Copy": false,
          "Plans": [
            {
              "Node Type": "Aggregate",
              "Strategy": "Plain",
              "Partial Mode": "Partial",
              "Parent Relationship": "Outer",
              "Parallel Aware": false,
              "Startup Cost": 108344.28,
              "Total Cost": 108344.29,
              "Plan Rows": 1,
              "Plan Width": 8,
              "Actual Startup Time": 179.559,
              "Actual Total Time": 179.561,
              "Actual Rows": 1,
              "Actual Loops": 6,
              "Plans": [
                {
                  "Node Type": "Index Scan",
                  "Parent Relationship": "Outer",
                  "Parallel Aware": true,
                  "Scan Direction": "Forward",
                  "Index Name": "role_id_cast_info",
                  "Relation Name": "cast_info",
                  "Alias": "ci",
                  "Startup Cost": 0.56,
                  "Total Cost": 107159.34,
                  "Plan Rows": 473977,
                  "Plan Width": 0,
                  "Actual Startup Time": 0.089,
                  "Actual Total Time": 155.346,
                  "Actual Rows": 483831,
                  "Actual Loops": 6,
                  "Index Cond": "(role_id = 3)",
                  "Rows Removed by Index Recheck": 0,
                  "Filter": "(person_id > 1430193)",
                  "Rows Removed by Filter": 184175
                }
              ]
            }
          ]
        }
      ]
    },
    "Planning Time": 0.249,
    "Triggers": [],
    "Execution Time": 203.985
  }
]