[
  {
    "Plan": {
      "Node Type": "Aggregate",
      "Strategy": "Plain",
      "Partial Mode": "Finalize",
      "Parallel Aware": false,
      "Startup Cost": 112641.5,
      "Total Cost": 112641.51,
      "Plan Rows": 1,
      "Plan Width": 8,
      "Actual Startup Time": 175.121,
      "Actual Total Time": 186.137,
      "Actual Rows": 1,
      "Actual Loops": 1,
      "Plans": [
        {
          "Node Type": "Gather",
          "Parent Relationship": "Outer",
          "Parallel Aware": false,
          "Startup Cost": 112640.98,
          "Total Cost": 112641.49,
          "Plan Rows": 5,
          "Plan Width": 8,
          "Actual Startup Time": 175.035,
          "Actual Total Time": 186.126,
          "Actual Rows": 6,
          "Actual Loops": 1,
          "Workers Planned": 5,
          "Workers Launched": 5,
          "Single Copy": false,
          "Plans": [
            {
              "Node Type": "Aggregate",
              "Strategy": "Plain",
              "Partial Mode": "Partial",
              "Parent Relationship": "Outer",
              "Parallel Aware": false,
              "Startup Cost": 111640.98,
              "Total Cost": 111640.99,
              "Plan Rows": 1,
              "Plan Width": 8,
              "Actual Startup Time": 165.154,
              "Actual Total Time": 165.156,
              "Actual Rows": 1,
              "Actual Loops": 6,
              "Plans": [
                {
                  "Node Type": "Index Scan",
                  "Parent Relationship": "Outer",
                  "Parallel Aware": true,
                  "Scan Direction": "Forward",
                  "Index Name": "role_id_cast_info",
                  "Relation Name": "cast_info",
                  "Alias": "ci",
                  "Startup Cost": 0.56,
                  "Total Cost": 110428.26,
                  "Plan Rows": 485089,
                  "Plan Width": 0,
                  "Actual Startup Time": 0.165,
                  "Actual Total Time": 143.121,
                  "Actual Rows": 483831,
                  "Actual Loops": 6,
                  "Index Cond": "(role_id = 3)",
                  "Rows Removed by Index Recheck": 0,
                  "Filter": "(person_id > 1430193)",
                  "Rows Removed by Filter": 184175
                }
              ]
            }
          ]
        }
      ]
    },
    "Planning Time": 0.316,
    "Triggers": [],
    "Execution Time": 186.201
  }
]