[
  {
    "Plan": {
      "Node Type": "Aggregate",
      "Strategy": "Plain",
      "Partial Mode": "Finalize",
      "Parallel Aware": false,
      "Startup Cost": 307394.3,
      "Total Cost": 307394.31,
      "Plan Rows": 1,
      "Plan Width": 8,
      "Actual Startup Time": 4050.682,
      "Actual Total Time": 4097.265,
      "Actual Rows": 1,
      "Actual Loops": 1,
      "Plans": [
        {
          "Node Type": "Gather",
          "Parent Relationship": "Outer",
          "Parallel Aware": false,
          "Startup Cost": 307393.77,
          "Total Cost": 307394.28,
          "Plan Rows": 5,
          "Plan Width": 8,
          "Actual Startup Time": 4032.62,
          "Actual Total Time": 4097.256,
          "Actual Rows": 6,
          "Actual Loops": 1,
          "Workers Planned": 5,
          "Workers Launched": 5,
          "Single Copy": false,
          "Plans": [
            {
              "Node Type": "Aggregate",
              "Strategy": "Plain",
              "Partial Mode": "Partial",
              "Parent Relationship": "Outer",
              "Parallel Aware": false,
              "Startup Cost": 306393.77,
              "Total Cost": 306393.78,
              "Plan Rows": 1,
              "Plan Width": 8,
              "Actual Startup Time": 4022.306,
              "Actual Total Time": 4022.312,
              "Actual Rows": 1,
              "Actual Loops": 6,
              "Plans": [
                {
                  "Node Type": "Hash Join",
                  "Parent Relationship": "Outer",
                  "Parallel Aware": true,
                  "Join Type": "Inner",
                  "Startup Cost": 97130.08,
                  "Total Cost": 303580.23,
                  "Plan Rows": 1125418,
                  "Plan Width": 0,
                  "Actual Startup Time": 513.012,
                  "Actual Total Time": 3042.076,
                  "Actual Rows": 20505536,
                  "Actual Loops": 6,
                  "Inner Unique": false,
                  "Hash Cond": "(mi.movie_id = t.id)",
                  "Plans": [
                    {
                      "Node Type": "Seq Scan",
                      "Parent Relationship": "Outer",
                      "Parallel Aware": true,
                      "Relation Name": "movie_info",
                      "Alias": "mi",
                      "Startup Cost": 0.0,
                      "Total Cost": 191685.19,
                      "Plan Rows": 2969219,
                      "Plan Width": 4,
                      "Actual Startup Time": 0.041,
                      "Actual Total Time": 341.465,
                      "Actual Rows": 2472620,
                      "Actual Loops": 6
                    },
                    {
                      "Node Type": "Hash",
                      "Parent Relationship": "Inner",
                      "Parallel Aware": true,
                      "Startup Cost": 93265.8,
                      "Total Cost": 93265.8,
                      "Plan Rows": 309143,
                      "Plan Width": 8,
                      "Actual Startup Time": 509.178,
                      "Actual Total Time": 509.183,
                      "Actual Rows": 336712,
                      "Actual Loops": 6,
                      "Hash Buckets": 2097152,
                      "Original Hash Buckets": 1048576,
                      "Hash Batches": 1,
                      "Original Hash Batches": 1,
                      "Peak Memory Usage": 103680,
                      "Plans": [
                        {
                          "Node Type": "Hash Join",
                          "Parent Relationship": "Outer",
                          "Parallel Aware": true,
                          "Join Type": "Inner",
                          "Startup Cost": 48282.77,
                          "Total Cost": 93265.8,
                          "Plan Rows": 309143,
                          "Plan Width": 8,
                          "Actual Startup Time": 160.701,
                          "Actual Total Time": 360.803,
                          "Actual Rows": 336712,
                          "Actual Loops": 6,
                          "Inner Unique": true,
                          "Hash Cond": "(mk.movie_id = t.id)",
                          "Plans": [
                            {
                              "Node Type": "Seq Scan",
                              "Parent Relationship": "Outer",
                              "Parallel Aware": true,
                              "Relation Name": "movie_keyword",
                              "Alias": "mk",
                              "Startup Cost": 0.0,
                              "Total Cost": 42695.65,
                              "Plan Rows": 871379,
                              "Plan Width": 4,
                              "Actual Startup Time": 0.036,
                              "Actual Total Time": 101.004,
                              "Actual Rows": 452967,
                              "Actual Loops": 6,
                              "Filter": "(keyword_id < 7682)",
                              "Rows Removed by Filter": 301022
                            },
                            {
                              "Node Type": "Hash",
                              "Parent Relationship": "Inner",
                              "Parallel Aware": true,
                              "Startup Cost": 45479.59,
                              "Total Cost": 45479.59,
                              "Plan Rows": 224255,
                              "Plan Width": 4,
                              "Actual Startup Time": 158.994,
                              "Actual Total Time": 158.995,
                              "Actual Rows": 135474,
                              "Actual Loops": 6,
                              "Hash Buckets": 1048576,
                              "Original Hash Buckets": 1048576,
                              "Hash Batches": 1,
                              "Original Hash Batches": 1,
                              "Peak Memory Usage": 40064,
                              "Plans": [
                                {
                                  "Node Type": "Seq Scan",
                                  "Parent Relationship": "Outer",
                                  "Parallel Aware": true,
                                  "Relation Name": "title",
                                  "Alias": "t",
                                  "Startup Cost": 0.0,
                                  "Total Cost": 45479.59,
                                  "Plan Rows": 224255,
                                  "Plan Width": 4,
                                  "Actual Startup Time": 0.06,
                                  "Actual Total Time": 94.295,
                                  "Actual Rows": 135474,
                                  "Actual Loops": 6,
                                  "Filter": "((kind_id < 7) AND (production_year > 1950))",
                                  "Rows Removed by Filter": 285911
                                }
                              ]
                            }
                          ]
                        }
                      ]
                    }
                  ]
                }
              ]
            }
          ]
        }
      ]
    },
    "Planning Time": 0.726,
    "Triggers": [],
    "Execution Time": 4097.326
  }
]