[
  {
    "Plan": {
      "Node Type": "Aggregate",
      "Strategy": "Plain",
      "Partial Mode": "Finalize",
      "Parallel Aware": false,
      "Startup Cost": 46743.18,
      "Total Cost": 46743.19,
      "Plan Rows": 1,
      "Plan Width": 8,
      "Actual Startup Time": 153.409,
      "Actual Total Time": 161.027,
      "Actual Rows": 1,
      "Actual Loops": 1,
      "Plans": [
        {
          "Node Type": "Gather",
          "Parent Relationship": "Outer",
          "Parallel Aware": false,
          "Startup Cost": 46742.87,
          "Total Cost": 46743.18,
          "Plan Rows": 3,
          "Plan Width": 8,
          "Actual Startup Time": 153.31,
          "Actual Total Time": 161.019,
          "Actual Rows": 4,
          "Actual Loops": 1,
          "Workers Planned": 3,
          "Workers Launched": 3,
          "Single Copy": false,
          "Plans": [
            {
              "Node Type": "Aggregate",
              "Strategy": "Plain",
              "Partial Mode": "Partial",
              "Parent Relationship": "Outer",
              "Parallel Aware": false,
              "Startup Cost": 45742.87,
              "Total Cost": 45742.88,
              "Plan Rows": 1,
              "Plan Width": 8,
              "Actual Startup Time": 150.038,
              "Actual Total Time": 150.039,
              "Actual Rows": 1,
              "Actual Loops": 4,
              "Plans": [
                {
                  "Node Type": "Seq Scan",
                  "Parent Relationship": "Outer",
                  "Parallel Aware": true,
                  "Relation Name": "movie_keyword",
                  "Alias": "mk",
                  "Startup Cost": 0.0,
                  "Total Cost": 42695.65,
                  "Plan Rows": 1218885,
                  "Plan Width": 0,
                  "Actual Startup Time": 0.037,
                  "Actual Total Time": 109.859,
                  "Actual Rows": 943938,
                  "Actual Loops": 4,
                  "Filter": "(keyword_id > 679)",
                  "Rows Removed by Filter": 187044
                }
              ]
            }
          ]
        }
      ]
    },
    "Planning Time": 0.181,
    "Triggers": [],
    "Execution Time": 161.081
  }
]