[
    {
        "Bao": {
            "Bao prediction": 1258.761,
            "Bao recommended hint": "(no hint)"
        }
    },
    {
        "Plan": {
            "Node Type": "Aggregate",
            "Strategy": "Plain",
            "Partial Mode": "Finalize",
            "Parallel Aware": false,
            "Startup Cost": 111679.89,
            "Total Cost": 111679.9,
            "Plan Rows": 1,
            "Plan Width": 8,
            "Actual Startup Time": 383.924,
            "Actual Total Time": 396.077,
            "Actual Rows": 1,
            "Actual Loops": 1,
            "Output": [
                "count(*)"
            ],
            "Plans": [
                {
                    "Node Type": "Gather",
                    "Parent Relationship": "Outer",
                    "Parallel Aware": false,
                    "Startup Cost": 111679.47,
                    "Total Cost": 111679.88,
                    "Plan Rows": 4,
                    "Plan Width": 8,
                    "Actual Startup Time": 375.496,
                    "Actual Total Time": 396.067,
                    "Actual Rows": 5,
                    "Actual Loops": 1,
                    "Output": [
                        "(PARTIAL count(*))"
                    ],
                    "Workers Planned": 4,
                    "Workers Launched": 4,
                    "Single Copy": false,
                    "Plans": [
                        {
                            "Node Type": "Aggregate",
                            "Strategy": "Plain",
                            "Partial Mode": "Partial",
                            "Parent Relationship": "Outer",
                            "Parallel Aware": false,
                            "Startup Cost": 110679.47,
                            "Total Cost": 110679.48,
                            "Plan Rows": 1,
                            "Plan Width": 8,
                            "Actual Startup Time": 365.966,
                            "Actual Total Time": 366.077,
                            "Actual Rows": 1,
                            "Actual Loops": 5,
                            "Output": [
                                "PARTIAL count(*)"
                            ],
                            "Workers": [
                                {
                                    "Worker Number": 0,
                                    "Actual Startup Time": 363.389,
                                    "Actual Total Time": 363.395,
                                    "Actual Rows": 1,
                                    "Actual Loops": 1
                                },
                                {
                                    "Worker Number": 1,
                                    "Actual Startup Time": 364.05,
                                    "Actual Total Time": 364.056,
                                    "Actual Rows": 1,
                                    "Actual Loops": 1
                                },
                                {
                                    "Worker Number": 2,
                                    "Actual Startup Time": 363.583,
                                    "Actual Total Time": 363.589,
                                    "Actual Rows": 1,
                                    "Actual Loops": 1
                                },
                                {
                                    "Worker Number": 3,
                                    "Actual Startup Time": 364.153,
                                    "Actual Total Time": 364.159,
                                    "Actual Rows": 1,
                                    "Actual Loops": 1
                                }
                            ],
                            "Plans": [
                                {
                                    "Node Type": "Hash Join",
                                    "Parent Relationship": "Outer",
                                    "Parallel Aware": true,
                                    "Join Type": "Inner",
                                    "Startup Cost": 65631.16,
                                    "Total Cost": 110633.06,
                                    "Plan Rows": 18564,
                                    "Plan Width": 0,
                                    "Actual Startup Time": 265.353,
                                    "Actual Total Time": 362.901,
                                    "Actual Rows": 62815,
                                    "Actual Loops": 5,
                                    "Inner Unique": false,
                                    "Hash Cond": "(t.id = mc.movie_id)",
                                    "Workers": [
                                        {
                                            "Worker Number": 0,
                                            "Actual Startup Time": 282.649,
                                            "Actual Total Time": 360.393,
                                            "Actual Rows": 66495,
                                            "Actual Loops": 1
                                        },
                                        {
                                            "Worker Number": 1,
                                            "Actual Startup Time": 282.792,
                                            "Actual Total Time": 360.802,
                                            "Actual Rows": 45349,
                                            "Actual Loops": 1
                                        },
                                        {
                                            "Worker Number": 2,
                                            "Actual Startup Time": 257.356,
                                            "Actual Total Time": 360.552,
                                            "Actual Rows": 69859,
                                            "Actual Loops": 1
                                        },
                                        {
                                            "Worker Number": 3,
                                            "Actual Startup Time": 258.354,
                                            "Actual Total Time": 360.869,
                                            "Actual Rows": 45957,
                                            "Actual Loops": 1
                                        }
                                    ],
                                    "Plans": [
                                        {
                                            "Node Type": "Seq Scan",
                                            "Parent Relationship": "Outer",
                                            "Parallel Aware": true,
                                            "Relation Name": "title",
                                            "Schema": "public",
                                            "Alias": "t",
                                            "Startup Cost": 0.0,
                                            "Total Cost": 42318.81,
                                            "Plan Rows": 632080,
                                            "Plan Width": 4,
                                            "Actual Startup Time": 0.007,
                                            "Actual Total Time": 64.079,
                                            "Actual Rows": 505662,
                                            "Actual Loops": 5,
                                            "Output": [
                                                "t.id",
                                                "t.title",
                                                "t.imdb_index",
                                                "t.kind_id",
                                                "t.production_year",
                                                "t.imdb_id",
                                                "t.phonetic_code",
                                                "t.episode_of_id",
                                                "t.season_nr",
                                                "t.episode_nr",
                                                "t.series_years",
                                                "t.md5sum"
                                            ],
                                            "Workers": [
                                                {
                                                    "Worker Number": 0,
                                                    "Actual Startup Time": 0.007,
                                                    "Actual Total Time": 64.345,
                                                    "Actual Rows": 523914,
                                                    "Actual Loops": 1
                                                },
                                                {
                                                    "Worker Number": 1,
                                                    "Actual Startup Time": 0.012,
                                                    "Actual Total Time": 67.619,
                                                    "Actual Rows": 370690,
                                                    "Actual Loops": 1
                                                },
                                                {
                                                    "Worker Number": 2,
                                                    "Actual Startup Time": 0.006,
                                                    "Actual Total Time": 65.58,
                                                    "Actual Rows": 565490,
                                                    "Actual Loops": 1
                                                },
                                                {
                                                    "Worker Number": 3,
                                                    "Actual Startup Time": 0.007,
                                                    "Actual Total Time": 66.094,
                                                    "Actual Rows": 364118,
                                                    "Actual Loops": 1
                                                }
                                            ]
                                        },
                                        {
                                            "Node Type": "Hash",
                                            "Parent Relationship": "Inner",
                                            "Parallel Aware": true,
                                            "Startup Cost": 64067.19,
                                            "Total Cost": 64067.19,
                                            "Plan Rows": 125118,
                                            "Plan Width": 8,
                                            "Actual Startup Time": 222.335,
                                            "Actual Total Time": 222.445,
                                            "Actual Rows": 62815,
                                            "Actual Loops": 5,
                                            "Output": [
                                                "mc.movie_id",
                                                "mk.movie_id"
                                            ],
                                            "Hash Buckets": 524288,
                                            "Original Hash Buckets": 524288,
                                            "Hash Batches": 1,
                                            "Original Hash Batches": 1,
                                            "Peak Memory Usage": 16480,
                                            "Workers": [
                                                {
                                                    "Worker Number": 0,
                                                    "Actual Startup Time": 222.124,
                                                    "Actual Total Time": 222.128,
                                                    "Actual Rows": 61437,
                                                    "Actual Loops": 1
                                                },
                                                {
                                                    "Worker Number": 1,
                                                    "Actual Startup Time": 222.347,
                                                    "Actual Total Time": 222.351,
                                                    "Actual Rows": 48333,
                                                    "Actual Loops": 1
                                                },
                                                {
                                                    "Worker Number": 2,
                                                    "Actual Startup Time": 222.348,
                                                    "Actual Total Time": 222.352,
                                                    "Actual Rows": 66926,
                                                    "Actual Loops": 1
                                                },
                                                {
                                                    "Worker Number": 3,
                                                    "Actual Startup Time": 222.899,
                                                    "Actual Total Time": 222.903,
                                                    "Actual Rows": 48276,
                                                    "Actual Loops": 1
                                                }
                                            ],
                                            "Plans": [
                                                {
                                                    "Node Type": "Hash Join",
                                                    "Parent Relationship": "Outer",
                                                    "Parallel Aware": true,
                                                    "Join Type": "Inner",
                                                    "Startup Cost": 37741.61,
                                                    "Total Cost": 64067.19,
                                                    "Plan Rows": 125118,
                                                    "Plan Width": 8,
                                                    "Actual Startup Time": 147.582,
                                                    "Actual Total Time": 204.832,
                                                    "Actual Rows": 62815,
                                                    "Actual Loops": 5,
                                                    "Output": [
                                                        "mc.movie_id",
                                                        "mk.movie_id"
                                                    ],
                                                    "Inner Unique": false,
                                                    "Hash Cond": "(mk.movie_id = mc.movie_id)",
                                                    "Workers": [
                                                        {
                                                            "Worker Number": 0,
                                                            "Actual Startup Time": 147.58,
                                                            "Actual Total Time": 205.053,
                                                            "Actual Rows": 61437,
                                                            "Actual Loops": 1
                                                        },
                                                        {
                                                            "Worker Number": 1,
                                                            "Actual Startup Time": 147.653,
                                                            "Actual Total Time": 205.421,
                                                            "Actual Rows": 48333,
                                                            "Actual Loops": 1
                                                        },
                                                        {
                                                            "Worker Number": 2,
                                                            "Actual Startup Time": 147.54,
                                                            "Actual Total Time": 204.982,
                                                            "Actual Rows": 66926,
                                                            "Actual Loops": 1
                                                        },
                                                        {
                                                            "Worker Number": 3,
                                                            "Actual Startup Time": 147.551,
                                                            "Actual Total Time": 204.848,
                                                            "Actual Rows": 48276,
                                                            "Actual Loops": 1
                                                        }
                                                    ],
                                                    "Plans": [
                                                        {
                                                            "Node Type": "Bitmap Heap Scan",
                                                            "Parent Relationship": "Outer",
                                                            "Parallel Aware": true,
                                                            "Relation Name": "movie_keyword",
                                                            "Schema": "public",
                                                            "Alias": "mk",
                                                            "Startup Cost": 5519.75,
                                                            "Total Cost": 31022.3,
                                                            "Plan Rows": 83884,
                                                            "Plan Width": 4,
                                                            "Actual Startup Time": 17.235,
                                                            "Actual Total Time": 54.373,
                                                            "Actual Rows": 51441,
                                                            "Actual Loops": 5,
                                                            "Output": [
                                                                "mk.id",
                                                                "mk.movie_id",
                                                                "mk.keyword_id"
                                                            ],
                                                            "Recheck Cond": "(mk.keyword_id > 59747)",
                                                            "Rows Removed by Index Recheck": 0,
                                                            "Exact Heap Blocks": 6322,
                                                            "Lossy Heap Blocks": 0,
                                                            "Workers": [
                                                                {
                                                                    "Worker Number": 0,
                                                                    "Actual Startup Time": 17.315,
                                                                    "Actual Total Time": 55.237,
                                                                    "Actual Rows": 48985,
                                                                    "Actual Loops": 1
                                                                },
                                                                {
                                                                    "Worker Number": 1,
                                                                    "Actual Startup Time": 17.278,
                                                                    "Actual Total Time": 55.825,
                                                                    "Actual Rows": 39979,
                                                                    "Actual Loops": 1
                                                                },
                                                                {
                                                                    "Worker Number": 2,
                                                                    "Actual Startup Time": 17.138,
                                                                    "Actual Total Time": 55.349,
                                                                    "Actual Rows": 53313,
                                                                    "Actual Loops": 1
                                                                },
                                                                {
                                                                    "Worker Number": 3,
                                                                    "Actual Startup Time": 17.313,
                                                                    "Actual Total Time": 55.674,
                                                                    "Actual Rows": 39380,
                                                                    "Actual Loops": 1
                                                                }
                                                            ],
                                                            "Plans": [
                                                                {
                                                                    "Node Type": "Bitmap Index Scan",
                                                                    "Parent Relationship": "Outer",
                                                                    "Parallel Aware": false,
                                                                    "Index Name": "keyword_id_movie_keyword",
                                                                    "Startup Cost": 0.0,
                                                                    "Total Cost": 5454.74,
                                                                    "Plan Rows": 260041,
                                                                    "Plan Width": 0,
                                                                    "Actual Startup Time": 14.09,
                                                                    "Actual Total Time": 14.091,
                                                                    "Actual Rows": 257203,
                                                                    "Actual Loops": 1,
                                                                    "Index Cond": "(mk.keyword_id > 59747)"
                                                                }
                                                            ]
                                                        },
                                                        {
                                                            "Node Type": "Hash",
                                                            "Parent Relationship": "Inner",
                                                            "Parallel Aware": true,
                                                            "Startup Cost": 29310.68,
                                                            "Total Cost": 29310.68,
                                                            "Plan Rows": 232894,
                                                            "Plan Width": 4,
                                                            "Actual Startup Time": 127.801,
                                                            "Actual Total Time": 127.803,
                                                            "Actual Rows": 144273,
                                                            "Actual Loops": 5,
                                                            "Output": [
                                                                "mc.movie_id"
                                                            ],
                                                            "Hash Buckets": 1048576,
                                                            "Original Hash Buckets": 1048576,
                                                            "Hash Batches": 1,
                                                            "Original Hash Batches": 1,
                                                            "Peak Memory Usage": 36480,
                                                            "Workers": [
                                                                {
                                                                    "Worker Number": 0,
                                                                    "Actual Startup Time": 130.161,
                                                                    "Actual Total Time": 130.163,
                                                                    "Actual Rows": 156742,
                                                                    "Actual Loops": 1
                                                                },
                                                                {
                                                                    "Worker Number": 1,
                                                                    "Actual Startup Time": 130.312,
                                                                    "Actual Total Time": 130.314,
                                                                    "Actual Rows": 110418,
                                                                    "Actual Loops": 1
                                                                },
                                                                {
                                                                    "Worker Number": 2,
                                                                    "Actual Startup Time": 130.169,
                                                                    "Actual Total Time": 130.171,
                                                                    "Actual Rows": 159861,
                                                                    "Actual Loops": 1
                                                                },
                                                                {
                                                                    "Worker Number": 3,
                                                                    "Actual Startup Time": 130.111,
                                                                    "Actual Total Time": 130.113,
                                                                    "Actual Rows": 109010,
                                                                    "Actual Loops": 1
                                                                }
                                                            ],
                                                            "Plans": [
                                                                {
                                                                    "Node Type": "Seq Scan",
                                                                    "Parent Relationship": "Outer",
                                                                    "Parallel Aware": true,
                                                                    "Relation Name": "movie_companies",
                                                                    "Schema": "public",
                                                                    "Alias": "mc",
                                                                    "Startup Cost": 0.0,
                                                                    "Total Cost": 29310.68,
                                                                    "Plan Rows": 232894,
                                                                    "Plan Width": 4,
                                                                    "Actual Startup Time": 28.096,
                                                                    "Actual Total Time": 74.348,
                                                                    "Actual Rows": 144273,
                                                                    "Actual Loops": 5,
                                                                    "Output": [
                                                                        "mc.movie_id"
                                                                    ],
                                                                    "Filter": "(mc.company_id > 42052)",
                                                                    "Rows Removed by Filter": 377552,
                                                                    "Workers": [
                                                                        {
                                                                            "Worker Number": 0,
                                                                            "Actual Startup Time": 28.084,
                                                                            "Actual Total Time": 72.847,
                                                                            "Actual Rows": 156742,
                                                                            "Actual Loops": 1
                                                                        },
                                                                        {
                                                                            "Worker Number": 1,
                                                                            "Actual Startup Time": 28.104,
                                                                            "Actual Total Time": 76.678,
                                                                            "Actual Rows": 110418,
                                                                            "Actual Loops": 1
                                                                        },
                                                                        {
                                                                            "Worker Number": 2,
                                                                            "Actual Startup Time": 28.082,
                                                                            "Actual Total Time": 74.483,
                                                                            "Actual Rows": 159861,
                                                                            "Actual Loops": 1
                                                                        },
                                                                        {
                                                                            "Worker Number": 3,
                                                                            "Actual Startup Time": 28.085,
                                                                            "Actual Total Time": 75.081,
                                                                            "Actual Rows": 109010,
                                                                            "Actual Loops": 1
                                                                        }
                                                                    ]
                                                                }
                                                            ]
                                                        }
                                                    ]
                                                }
                                            ]
                                        }
                                    ]
                                }
                            ]
                        }
                    ]
                }
            ]
        },
        "Planning Time": 451.725,
        "Triggers": [],
        "Execution Time": 396.207
    }
]