[
  {
    "Plan": {
      "Node Type": "Aggregate",
      "Strategy": "Plain",
      "Partial Mode": "Finalize",
      "Parallel Aware": false,
      "Startup Cost": 348632.38,
      "Total Cost": 348632.39,
      "Plan Rows": 1,
      "Plan Width": 8,
      "Actual Startup Time": 677.284,
      "Actual Total Time": 734.449,
      "Actual Rows": 1,
      "Actual Loops": 1,
      "Plans": [
        {
          "Node Type": "Gather",
          "Parent Relationship": "Outer",
          "Parallel Aware": false,
          "Startup Cost": 348631.75,
          "Total Cost": 348632.36,
          "Plan Rows": 6,
          "Plan Width": 8,
          "Actual Startup Time": 677.169,
          "Actual Total Time": 734.439,
          "Actual Rows": 7,
          "Actual Loops": 1,
          "Workers Planned": 6,
          "Workers Launched": 6,
          "Single Copy": false,
          "Plans": [
            {
              "Node Type": "Aggregate",
              "Strategy": "Plain",
              "Partial Mode": "Partial",
              "Parent Relationship": "Outer",
              "Parallel Aware": false,
              "Startup Cost": 347631.75,
              "Total Cost": 347631.76,
              "Plan Rows": 1,
              "Plan Width": 8,
              "Actual Startup Time": 666.718,
              "Actual Total Time": 666.719,
              "Actual Rows": 1,
              "Actual Loops": 7,
              "Plans": [
                {
                  "Node Type": "Seq Scan",
                  "Parent Relationship": "Outer",
                  "Parallel Aware": true,
                  "Relation Name": "cast_info",
                  "Alias": "ci",
                  "Startup Cost": 0.0,
                  "Total Cost": 343257.03,
                  "Plan Rows": 1749889,
                  "Plan Width": 0,
                  "Actual Startup Time": 208.617,
                  "Actual Total Time": 621.307,
                  "Actual Rows": 1111038,
                  "Actual Loops": 7,
                  "Filter": "((person_id > 1691617) AND (role_id < 3))",
                  "Rows Removed by Filter": 4066725
                }
              ]
            }
          ]
        }
      ]
    },
    "Planning Time": 0.184,
    "Triggers": [],
    "Execution Time": 734.517
  }
]