[
    {
        "Bao": {
            "Bao prediction": "NaN",
            "Bao recommended hint": "(no hint)"
        }
    },
    {
        "Plan": {
            "Node Type": "Aggregate",
            "Strategy": "Plain",
            "Partial Mode": "Finalize",
            "Parallel Aware": false,
            "Startup Cost": 253935.05,
            "Total Cost": 253935.06,
            "Plan Rows": 1,
            "Plan Width": 8,
            "Actual Startup Time": 848.327,
            "Actual Total Time": 865.089,
            "Actual Rows": 1,
            "Actual Loops": 1,
            "Output": [
                "count(*)"
            ],
            "Plans": [
                {
                    "Node Type": "Gather",
                    "Parent Relationship": "Outer",
                    "Parallel Aware": false,
                    "Startup Cost": 253934.43,
                    "Total Cost": 253935.04,
                    "Plan Rows": 6,
                    "Plan Width": 8,
                    "Actual Startup Time": 835.246,
                    "Actual Total Time": 865.078,
                    "Actual Rows": 7,
                    "Actual Loops": 1,
                    "Output": [
                        "(PARTIAL count(*))"
                    ],
                    "Workers Planned": 6,
                    "Workers Launched": 6,
                    "Single Copy": false,
                    "Plans": [
                        {
                            "Node Type": "Aggregate",
                            "Strategy": "Plain",
                            "Partial Mode": "Partial",
                            "Parent Relationship": "Outer",
                            "Parallel Aware": false,
                            "Startup Cost": 252934.43,
                            "Total Cost": 252934.44,
                            "Plan Rows": 1,
                            "Plan Width": 8,
                            "Actual Startup Time": 825.179,
                            "Actual Total Time": 825.182,
                            "Actual Rows": 1,
                            "Actual Loops": 7,
                            "Output": [
                                "PARTIAL count(*)"
                            ],
                            "Workers": [
                                {
                                    "Worker Number": 0,
                                    "Actual Startup Time": 822.793,
                                    "Actual Total Time": 822.796,
                                    "Actual Rows": 1,
                                    "Actual Loops": 1
                                },
                                {
                                    "Worker Number": 1,
                                    "Actual Startup Time": 822.731,
                                    "Actual Total Time": 822.735,
                                    "Actual Rows": 1,
                                    "Actual Loops": 1
                                },
                                {
                                    "Worker Number": 2,
                                    "Actual Startup Time": 823.463,
                                    "Actual Total Time": 823.467,
                                    "Actual Rows": 1,
                                    "Actual Loops": 1
                                },
                                {
                                    "Worker Number": 3,
                                    "Actual Startup Time": 823.647,
                                    "Actual Total Time": 823.65,
                                    "Actual Rows": 1,
                                    "Actual Loops": 1
                                },
                                {
                                    "Worker Number": 4,
                                    "Actual Startup Time": 823.723,
                                    "Actual Total Time": 823.725,
                                    "Actual Rows": 1,
                                    "Actual Loops": 1
                                },
                                {
                                    "Worker Number": 5,
                                    "Actual Startup Time": 825.011,
                                    "Actual Total Time": 825.014,
                                    "Actual Rows": 1,
                                    "Actual Loops": 1
                                }
                            ],
                            "Plans": [
                                {
                                    "Node Type": "Hash Join",
                                    "Parent Relationship": "Outer",
                                    "Parallel Aware": true,
                                    "Join Type": "Inner",
                                    "Startup Cost": 50130.77,
                                    "Total Cost": 251100.62,
                                    "Plan Rows": 733522,
                                    "Plan Width": 0,
                                    "Actual Startup Time": 180.602,
                                    "Actual Total Time": 788.009,
                                    "Actual Rows": 648337,
                                    "Actual Loops": 7,
                                    "Inner Unique": true,
                                    "Hash Cond": "(ci.movie_id = t.id)",
                                    "Workers": [
                                        {
                                            "Worker Number": 0,
                                            "Actual Startup Time": 178.237,
                                            "Actual Total Time": 783.282,
                                            "Actual Rows": 545494,
                                            "Actual Loops": 1
                                        },
                                        {
                                            "Worker Number": 1,
                                            "Actual Startup Time": 178.463,
                                            "Actual Total Time": 782.919,
                                            "Actual Rows": 551391,
                                            "Actual Loops": 1
                                        },
                                        {
                                            "Worker Number": 2,
                                            "Actual Startup Time": 178.973,
                                            "Actual Total Time": 783.488,
                                            "Actual Rows": 554334,
                                            "Actual Loops": 1
                                        },
                                        {
                                            "Worker Number": 3,
                                            "Actual Startup Time": 179.379,
                                            "Actual Total Time": 788.905,
                                            "Actual Rows": 757774,
                                            "Actual Loops": 1
                                        },
                                        {
                                            "Worker Number": 4,
                                            "Actual Startup Time": 179.465,
                                            "Actual Total Time": 789.59,
                                            "Actual Rows": 764253,
                                            "Actual Loops": 1
                                        },
                                        {
                                            "Worker Number": 5,
                                            "Actual Startup Time": 179.342,
                                            "Actual Total Time": 785.149,
                                            "Actual Rows": 552578,
                                            "Actual Loops": 1
                                        }
                                    ],
                                    "Plans": [
                                        {
                                            "Node Type": "Index Scan",
                                            "Parent Relationship": "Outer",
                                            "Parallel Aware": true,
                                            "Scan Direction": "Forward",
                                            "Index Name": "role_id_cast_info",
                                            "Relation Name": "cast_info",
                                            "Schema": "public",
                                            "Alias": "ci",
                                            "Startup Cost": 0.56,
                                            "Total Cost": 197699.43,
                                            "Plan Rows": 1246088,
                                            "Plan Width": 4,
                                            "Actual Startup Time": 0.128,
                                            "Actual Total Time": 205.89,
                                            "Actual Rows": 1064568,
                                            "Actual Loops": 7,
                                            "Output": [
                                                "ci.id",
                                                "ci.person_id",
                                                "ci.movie_id",
                                                "ci.person_role_id",
                                                "ci.note",
                                                "ci.nr_order",
                                                "ci.role_id"
                                            ],
                                            "Index Cond": "(ci.role_id = 2)",
                                            "Rows Removed by Index Recheck": 0,
                                            "Workers": [
                                                {
                                                    "Worker Number": 0,
                                                    "Actual Startup Time": 0.181,
                                                    "Actual Total Time": 215.805,
                                                    "Actual Rows": 903240,
                                                    "Actual Loops": 1
                                                },
                                                {
                                                    "Worker Number": 1,
                                                    "Actual Startup Time": 0.124,
                                                    "Actual Total Time": 216.235,
                                                    "Actual Rows": 911430,
                                                    "Actual Loops": 1
                                                },
                                                {
                                                    "Worker Number": 2,
                                                    "Actual Startup Time": 0.122,
                                                    "Actual Total Time": 215.163,
                                                    "Actual Rows": 911042,
                                                    "Actual Loops": 1
                                                },
                                                {
                                                    "Worker Number": 3,
                                                    "Actual Startup Time": 0.183,
                                                    "Actual Total Time": 199.455,
                                                    "Actual Rows": 1243171,
                                                    "Actual Loops": 1
                                                },
                                                {
                                                    "Worker Number": 4,
                                                    "Actual Startup Time": 0.182,
                                                    "Actual Total Time": 198.89,
                                                    "Actual Rows": 1245270,
                                                    "Actual Loops": 1
                                                },
                                                {
                                                    "Worker Number": 5,
                                                    "Actual Startup Time": 0.076,
                                                    "Actual Total Time": 214.763,
                                                    "Actual Rows": 906360,
                                                    "Actual Loops": 1
                                                }
                                            ]
                                        },
                                        {
                                            "Node Type": "Hash",
                                            "Parent Relationship": "Inner",
                                            "Parallel Aware": true,
                                            "Startup Cost": 45479.21,
                                            "Total Cost": 45479.21,
                                            "Plan Rows": 372080,
                                            "Plan Width": 4,
                                            "Actual Startup Time": 177.594,
                                            "Actual Total Time": 177.595,
                                            "Actual Rows": 211206,
                                            "Actual Loops": 7,
                                            "Output": [
                                                "t.id"
                                            ],
                                            "Hash Buckets": 2097152,
                                            "Original Hash Buckets": 2097152,
                                            "Hash Batches": 1,
                                            "Original Hash Batches": 1,
                                            "Peak Memory Usage": 74368,
                                            "Workers": [
                                                {
                                                    "Worker Number": 0,
                                                    "Actual Startup Time": 177.582,
                                                    "Actual Total Time": 177.583,
                                                    "Actual Rows": 174576,
                                                    "Actual Loops": 1
                                                },
                                                {
                                                    "Worker Number": 1,
                                                    "Actual Startup Time": 177.741,
                                                    "Actual Total Time": 177.742,
                                                    "Actual Rows": 171257,
                                                    "Actual Loops": 1
                                                },
                                                {
                                                    "Worker Number": 2,
                                                    "Actual Startup Time": 178.434,
                                                    "Actual Total Time": 178.435,
                                                    "Actual Rows": 172810,
                                                    "Actual Loops": 1
                                                },
                                                {
                                                    "Worker Number": 3,
                                                    "Actual Startup Time": 178.617,
                                                    "Actual Total Time": 178.618,
                                                    "Actual Rows": 230291,
                                                    "Actual Loops": 1
                                                },
                                                {
                                                    "Worker Number": 4,
                                                    "Actual Startup Time": 178.642,
                                                    "Actual Total Time": 178.643,
                                                    "Actual Rows": 223340,
                                                    "Actual Loops": 1
                                                },
                                                {
                                                    "Worker Number": 5,
                                                    "Actual Startup Time": 178.677,
                                                    "Actual Total Time": 178.678,
                                                    "Actual Rows": 172627,
                                                    "Actual Loops": 1
                                                }
                                            ],
                                            "Plans": [
                                                {
                                                    "Node Type": "Seq Scan",
                                                    "Parent Relationship": "Outer",
                                                    "Parallel Aware": true,
                                                    "Relation Name": "title",
                                                    "Schema": "public",
                                                    "Alias": "t",
                                                    "Startup Cost": 0.0,
                                                    "Total Cost": 45479.21,
                                                    "Plan Rows": 372080,
                                                    "Plan Width": 4,
                                                    "Actual Startup Time": 0.041,
                                                    "Actual Total Time": 81.585,
                                                    "Actual Rows": 211206,
                                                    "Actual Loops": 7,
                                                    "Output": [
                                                        "t.id"
                                                    ],
                                                    "Filter": "((t.production_year > 0) AND (t.kind_id = 7))",
                                                    "Rows Removed by Filter": 149982,
                                                    "Workers": [
                                                        {
                                                            "Worker Number": 0,
                                                            "Actual Startup Time": 0.043,
                                                            "Actual Total Time": 83.629,
                                                            "Actual Rows": 174576,
                                                            "Actual Loops": 1
                                                        },
                                                        {
                                                            "Worker Number": 1,
                                                            "Actual Startup Time": 0.039,
                                                            "Actual Total Time": 83.438,
                                                            "Actual Rows": 171257,
                                                            "Actual Loops": 1
                                                        },
                                                        {
                                                            "Worker Number": 2,
                                                            "Actual Startup Time": 0.054,
                                                            "Actual Total Time": 84.95,
                                                            "Actual Rows": 172810,
                                                            "Actual Loops": 1
                                                        },
                                                        {
                                                            "Worker Number": 3,
                                                            "Actual Startup Time": 0.047,
                                                            "Actual Total Time": 81.875,
                                                            "Actual Rows": 230291,
                                                            "Actual Loops": 1
                                                        },
                                                        {
                                                            "Worker Number": 4,
                                                            "Actual Startup Time": 0.053,
                                                            "Actual Total Time": 80.396,
                                                            "Actual Rows": 223340,
                                                            "Actual Loops": 1
                                                        },
                                                        {
                                                            "Worker Number": 5,
                                                            "Actual Startup Time": 0.042,
                                                            "Actual Total Time": 84.763,
                                                            "Actual Rows": 172627,
                                                            "Actual Loops": 1
                                                        }
                                                    ]
                                                }
                                            ]
                                        }
                                    ]
                                }
                            ]
                        }
                    ]
                }
            ]
        },
        "Planning Time": 192.497,
        "Triggers": [],
        "Execution Time": 865.16
    }
]