[
  {
    "Plan": {
      "Node Type": "Aggregate",
      "Strategy": "Plain",
      "Partial Mode": "Finalize",
      "Parallel Aware": false,
      "Startup Cost": 336060.2,
      "Total Cost": 336060.21,
      "Plan Rows": 1,
      "Plan Width": 8,
      "Actual Startup Time": 711.48,
      "Actual Total Time": 770.971,
      "Actual Rows": 1,
      "Actual Loops": 1,
      "Plans": [
        {
          "Node Type": "Gather",
          "Parent Relationship": "Outer",
          "Parallel Aware": false,
          "Startup Cost": 336059.57,
          "Total Cost": 336060.18,
          "Plan Rows": 6,
          "Plan Width": 8,
          "Actual Startup Time": 711.359,
          "Actual Total Time": 770.96,
          "Actual Rows": 7,
          "Actual Loops": 1,
          "Workers Planned": 6,
          "Workers Launched": 6,
          "Single Copy": false,
          "Plans": [
            {
              "Node Type": "Aggregate",
              "Strategy": "Plain",
              "Partial Mode": "Partial",
              "Parent Relationship": "Outer",
              "Parallel Aware": false,
              "Startup Cost": 335059.57,
              "Total Cost": 335059.58,
              "Plan Rows": 1,
              "Plan Width": 8,
              "Actual Startup Time": 702.624,
              "Actual Total Time": 702.626,
              "Actual Rows": 1,
              "Actual Loops": 7,
              "Plans": [
                {
                  "Node Type": "Seq Scan",
                  "Parent Relationship": "Outer",
                  "Parallel Aware": true,
                  "Relation Name": "cast_info",
                  "Alias": "ci",
                  "Startup Cost": 0.0,
                  "Total Cost": 328162.03,
                  "Plan Rows": 2759019,
                  "Plan Width": 0,
                  "Actual Startup Time": 0.046,
                  "Actual Total Time": 594.386,
                  "Actual Rows": 2365328,
                  "Actual Loops": 7,
                  "Filter": "(person_id < 1639343)",
                  "Rows Removed by Filter": 2812435
                }
              ]
            }
          ]
        }
      ]
    },
    "Planning Time": 0.197,
    "Triggers": [],
    "Execution Time": 771.042
  }
]