{
  "Plan": {
    "Node Type": "Aggregate",
    "Strategy": "Plain",
    "Partial Mode": "Finalize",
    "Parallel Aware": false,
    "Startup Cost": 69479.21,
    "Total Cost": 69479.22,
    "Plan Rows": 1,
    "Plan Width": 8,
    "Actual Startup Time": 241.146,
    "Actual Total Time": 253.121,
    "Actual Rows": 1,
    "Actual Loops": 1,
    "Plans": [
      {
        "Node Type": "Gather",
        "Parent Relationship": "Outer",
        "Parallel Aware": false,
        "Startup Cost": 69479.1,
        "Total Cost": 69479.21,
        "Plan Rows": 1,
        "Plan Width": 8,
        "Actual Startup Time": 240.925,
        "Actual Total Time": 253.113,
        "Actual Rows": 2,
        "Actual Loops": 1,
        "Workers Planned": 1,
        "Workers Launched": 1,
        "Single Copy": false,
        "Plans": [
          {
            "Node Type": "Aggregate",
            "Strategy": "Plain",
            "Partial Mode": "Partial",
            "Parent Relationship": "Outer",
            "Parallel Aware": false,
            "Startup Cost": 68479.1,
            "Total Cost": 68479.11,
            "Plan Rows": 1,
            "Plan Width": 8,
            "Actual Startup Time": 234.388,
            "Actual Total Time": 234.391,
            "Actual Rows": 1,
            "Actual Loops": 2,
            "Plans": [
              {
                "Node Type": "Hash Join",
                "Parent Relationship": "Outer",
                "Parallel Aware": true,
                "Join Type": "Inner",
                "Startup Cost": 58853.97,
                "Total Cost": 68466.19,
                "Plan Rows": 5162,
                "Plan Width": 0,
                "Actual Startup Time": 184.05,
                "Actual Total Time": 234.105,
                "Actual Rows": 4744,
                "Actual Loops": 2,
                "Inner Unique": true,
                "Hash Cond": "(ci.movie_id = t.id)",
                "Plans": [
                  {
                    "Node Type": "Index Scan",
                    "Parent Relationship": "Outer",
                    "Parallel Aware": true,
                    "Scan Direction": "Forward",
                    "Index Name": "role_id_cast_info",
                    "Relation Name": "cast_info",
                    "Alias": "ci",
                    "Startup Cost": 0.56,
                    "Total Cost": 9152.21,
                    "Plan Rows": 175457,
                    "Plan Width": 4,
                    "Actual Startup Time": 0.047,
                    "Actual Total Time": 24.341,
                    "Actual Rows": 158059,
                    "Actual Loops": 2,
                    "Index Cond": "(role_id > 10)",
                    "Rows Removed by Index Recheck": 0
                  },
                  {
                    "Node Type": "Hash",
                    "Parent Relationship": "Inner",
                    "Parallel Aware": true,
                    "Startup Cost": 58306.47,
                    "Total Cost": 58306.47,
                    "Plan Rows": 43755,
                    "Plan Width": 4,
                    "Actual Startup Time": 180.911,
                    "Actual Total Time": 180.912,
                    "Actual Rows": 42054,
                    "Actual Loops": 2,
                    "Hash Buckets": 131072,
                    "Original Hash Buckets": 131072,
                    "Hash Batches": 1,
                    "Original Hash Batches": 1,
                    "Peak Memory Usage": 4352,
                    "Plans": [
                      {
                        "Node Type": "Seq Scan",
                        "Parent Relationship": "Outer",
                        "Parallel Aware": true,
                        "Relation Name": "title",
                        "Alias": "t",
                        "Startup Cost": 0.0,
                        "Total Cost": 58306.47,
                        "Plan Rows": 43755,
                        "Plan Width": 4,
                        "Actual Startup Time": 0.043,
                        "Actual Total Time": 167.511,
                        "Actual Rows": 42054,
                        "Actual Loops": 2,
                        "Filter": "((kind_id = 7) AND (production_year = 2008))",
                        "Rows Removed by Filter": 1222102
                      }
                    ]
                  }
                ]
              }
            ]
          }
        ]
      }
    ]
  },
  "Planning Time": 0.561,
  "Triggers": [],
  "Execution Time": 253.205
}