[
  {
    "Plan": {
      "Node Type": "Aggregate",
      "Strategy": "Plain",
      "Partial Mode": "Finalize",
      "Parallel Aware": false,
      "Startup Cost": 352122.6,
      "Total Cost": 352122.61,
      "Plan Rows": 1,
      "Plan Width": 8,
      "Actual Startup Time": 773.968,
      "Actual Total Time": 830.185,
      "Actual Rows": 1,
      "Actual Loops": 1,
      "Plans": [
        {
          "Node Type": "Gather",
          "Parent Relationship": "Outer",
          "Parallel Aware": false,
          "Startup Cost": 352121.97,
          "Total Cost": 352122.58,
          "Plan Rows": 6,
          "Plan Width": 8,
          "Actual Startup Time": 773.816,
          "Actual Total Time": 830.172,
          "Actual Rows": 7,
          "Actual Loops": 1,
          "Workers Planned": 6,
          "Workers Launched": 6,
          "Single Copy": false,
          "Plans": [
            {
              "Node Type": "Aggregate",
              "Strategy": "Plain",
              "Partial Mode": "Partial",
              "Parent Relationship": "Outer",
              "Parallel Aware": false,
              "Startup Cost": 351121.97,
              "Total Cost": 351121.98,
              "Plan Rows": 1,
              "Plan Width": 8,
              "Actual Startup Time": 763.451,
              "Actual Total Time": 763.452,
              "Actual Rows": 1,
              "Actual Loops": 7,
              "Plans": [
                {
                  "Node Type": "Seq Scan",
                  "Parent Relationship": "Outer",
                  "Parallel Aware": true,
                  "Relation Name": "cast_info",
                  "Alias": "ci",
                  "Startup Cost": 0.0,
                  "Total Cost": 343257.03,
                  "Plan Rows": 3145977,
                  "Plan Width": 0,
                  "Actual Startup Time": 225.518,
                  "Actual Total Time": 667.743,
                  "Actual Rows": 2318976,
                  "Actual Loops": 7,
                  "Filter": "((person_id < 2935780) AND (role_id > 1))",
                  "Rows Removed by Filter": 2858787
                }
              ]
            }
          ]
        }
      ]
    },
    "Planning Time": 0.197,
    "Triggers": [],
    "Execution Time": 830.298
  }
]