{
  "Plan": {
    "Node Type": "Aggregate",
    "Strategy": "Plain",
    "Partial Mode": "Finalize",
    "Parallel Aware": false,
    "Startup Cost": 2861040.98,
    "Total Cost": 2861040.99,
    "Plan Rows": 1,
    "Plan Width": 8,
    "Actual Startup Time": 15994.578,
    "Actual Total Time": 16069.352,
    "Actual Rows": 1,
    "Actual Loops": 1,
    "Plans": [
      {
        "Node Type": "Gather",
        "Parent Relationship": "Outer",
        "Parallel Aware": false,
        "Startup Cost": 2861040.87,
        "Total Cost": 2861040.98,
        "Plan Rows": 1,
        "Plan Width": 8,
        "Actual Startup Time": 15978.39,
        "Actual Total Time": 16069.343,
        "Actual Rows": 2,
        "Actual Loops": 1,
        "Workers Planned": 1,
        "Workers Launched": 1,
        "Single Copy": false,
        "Plans": [
          {
            "Node Type": "Aggregate",
            "Strategy": "Plain",
            "Partial Mode": "Partial",
            "Parent Relationship": "Outer",
            "Parallel Aware": false,
            "Startup Cost": 2860040.87,
            "Total Cost": 2860040.88,
            "Plan Rows": 1,
            "Plan Width": 8,
            "Actual Startup Time": 15943.541,
            "Actual Total Time": 15943.549,
            "Actual Rows": 1,
            "Actual Loops": 2,
            "Plans": [
              {
                "Node Type": "Merge Join",
                "Parent Relationship": "Outer",
                "Parallel Aware": false,
                "Join Type": "Inner",
                "Startup Cost": 2571181.23,
                "Total Cost": 2826816.41,
                "Plan Rows": 13289782,
                "Plan Width": 0,
                "Actual Startup Time": 10231.759,
                "Actual Total Time": 15075.516,
                "Actual Rows": 22177032,
                "Actual Loops": 2,
                "Inner Unique": false,
                "Merge Cond": "(t.id = mi.movie_id)",
                "Plans": [
                  {
                    "Node Type": "Sort",
                    "Parent Relationship": "Outer",
                    "Parallel Aware": false,
                    "Startup Cost": 1997158.8,
                    "Total Cost": 2025324.82,
                    "Plan Rows": 11266408,
                    "Plan Width": 8,
                    "Actual Startup Time": 9141.958,
                    "Actual Total Time": 10402.247,
                    "Actual Rows": 9874488,
                    "Actual Loops": 2,
                    "Sort Key": [
                      "ci.movie_id"
                    ],
                    "Sort Method": "quicksort",
                    "Sort Space Used": 856601,
                    "Sort Space Type": "Memory",
                    "Workers": [
                      {
                        "Worker Number": 0,
                        "Sort Method": "quicksort",
                        "Sort Space Used": 855565,
                        "Sort Space Type": "Memory"
                      }
                    ],
                    "Plans": [
                      {
                        "Node Type": "Hash Join",
                        "Parent Relationship": "Outer",
                        "Parallel Aware": true,
                        "Join Type": "Inner",
                        "Startup Cost": 70372.2,
                        "Total Cost": 677551.23,
                        "Plan Rows": 11266408,
                        "Plan Width": 8,
                        "Actual Startup Time": 1009.331,
                        "Actual Total Time": 6577.881,
                        "Actual Rows": 9874488,
                        "Actual Loops": 2,
                        "Inner Unique": true,
                        "Hash Cond": "(ci.movie_id = t.id)",
                        "Plans": [
                          {
                            "Node Type": "Seq Scan",
                            "Parent Relationship": "Outer",
                            "Parallel Aware": true,
                            "Relation Name": "cast_info",
                            "Alias": "ci",
                            "Startup Cost": 0.0,
                            "Total Cost": 572345.93,
                            "Plan Rows": 13269732,
                            "Plan Width": 4,
                            "Actual Startup Time": 515.828,
                            "Actual Total Time": 1949.127,
                            "Actual Rows": 10906212,
                            "Actual Loops": 2,
                            "Filter": "((person_id < 3713056) AND (role_id > 1))",
                            "Rows Removed by Filter": 7215960
                          },
                          {
                            "Node Type": "Hash",
                            "Parent Relationship": "Inner",
                            "Parallel Aware": true,
                            "Startup Cost": 54588.39,
                            "Total Cost": 54588.39,
                            "Plan Rows": 1262705,
                            "Plan Width": 4,
                            "Actual Startup Time": 472.006,
                            "Actual Total Time": 472.008,
                            "Actual Rows": 1066486,
                            "Actual Loops": 2,
                            "Hash Buckets": 4194304,
                            "Original Hash Buckets": 4194304,
                            "Hash Batches": 1,
                            "Original Hash Batches": 1,
                            "Peak Memory Usage": 116256,
                            "Plans": [
                              {
                                "Node Type": "Seq Scan",
                                "Parent Relationship": "Outer",
                                "Parallel Aware": true,
                                "Relation Name": "title",
                                "Alias": "t",
                                "Startup Cost": 0.0,
                                "Total Cost": 54588.39,
                                "Plan Rows": 1262705,
                                "Plan Width": 4,
                                "Actual Startup Time": 0.027,
                                "Actual Total Time": 175.566,
                                "Actual Rows": 1066486,
                                "Actual Loops": 2,
                                "Filter": "(production_year > 1966)",
                                "Rows Removed by Filter": 197670
                              }
                            ]
                          }
                        ]
                      }
                    ]
                  },
                  {
                    "Node Type": "Sort",
                    "Parent Relationship": "Inner",
                    "Parallel Aware": false,
                    "Startup Cost": 574021.29,
                    "Total Cost": 581477.19,
                    "Plan Rows": 2982358,
                    "Plan Width": 4,
                    "Actual Startup Time": 1089.787,
                    "Actual Total Time": 1879.111,
                    "Actual Rows": 22984622,
                    "Actual Loops": 2,
                    "Sort Key": [
                      "mi.movie_id"
                    ],
                    "Sort Method": "quicksort",
                    "Sort Space Used": 240651,
                    "Sort Space Type": "Memory",
                    "Workers": [
                      {
                        "Worker Number": 0,
                        "Sort Method": "quicksort",
                        "Sort Space Used": 240651,
                        "Sort Space Type": "Memory"
                      }
                    ],
                    "Plans": [
                      {
                        "Node Type": "Bitmap Heap Scan",
                        "Parent Relationship": "Outer",
                        "Parallel Aware": false,
                        "Relation Name": "movie_info",
                        "Alias": "mi",
                        "Startup Cost": 54025.71,
                        "Total Cost": 253298.18,
                        "Plan Rows": 2982358,
                        "Plan Width": 4,
                        "Actual Startup Time": 104.346,
                        "Actual Total Time": 430.471,
                        "Actual Rows": 3036719,
                        "Actual Loops": 2,
                        "Recheck Cond": "(info_type_id = 16)",
                        "Rows Removed by Index Recheck": 0,
                        "Exact Heap Blocks": 25448,
                        "Lossy Heap Blocks": 0,
                        "Plans": [
                          {
                            "Node Type": "Bitmap Index Scan",
                            "Parent Relationship": "Outer",
                            "Parallel Aware": false,
                            "Index Name": "info_type_id_movie_info",
                            "Startup Cost": 0.0,
                            "Total Cost": 53280.12,
                            "Plan Rows": 2982358,
                            "Plan Width": 0,
                            "Actual Startup Time": 99.565,
                            "Actual Total Time": 99.565,
                            "Actual Rows": 3036719,
                            "Actual Loops": 2,
                            "Index Cond": "(info_type_id = 16)"
                          }
                        ]
                      }
                    ]
                  }
                ]
              }
            ]
          }
        ]
      }
    ]
  },
  "Planning Time": 1.121,
  "Triggers": [],
  "Execution Time": 16138.367
}