[
  {
    "Plan": {
      "Node Type": "Aggregate",
      "Strategy": "Plain",
      "Partial Mode": "Finalize",
      "Parallel Aware": false,
      "Startup Cost": 86228.66,
      "Total Cost": 86228.67,
      "Plan Rows": 1,
      "Plan Width": 8,
      "Actual Startup Time": 124.428,
      "Actual Total Time": 140.005,
      "Actual Rows": 1,
      "Actual Loops": 1,
      "Plans": [
        {
          "Node Type": "Gather",
          "Parent Relationship": "Outer",
          "Parallel Aware": false,
          "Startup Cost": 86228.24,
          "Total Cost": 86228.65,
          "Plan Rows": 4,
          "Plan Width": 8,
          "Actual Startup Time": 124.309,
          "Actual Total Time": 139.998,
          "Actual Rows": 5,
          "Actual Loops": 1,
          "Workers Planned": 4,
          "Workers Launched": 4,
          "Single Copy": false,
          "Plans": [
            {
              "Node Type": "Aggregate",
              "Strategy": "Plain",
              "Partial Mode": "Partial",
              "Parent Relationship": "Outer",
              "Parallel Aware": false,
              "Startup Cost": 85228.24,
              "Total Cost": 85228.25,
              "Plan Rows": 1,
              "Plan Width": 8,
              "Actual Startup Time": 115.296,
              "Actual Total Time": 115.298,
              "Actual Rows": 1,
              "Actual Loops": 5,
              "Plans": [
                {
                  "Node Type": "Nested Loop",
                  "Parent Relationship": "Outer",
                  "Parallel Aware": false,
                  "Join Type": "Inner",
                  "Startup Cost": 0.43,
                  "Total Cost": 85202.9,
                  "Plan Rows": 10136,
                  "Plan Width": 0,
                  "Actual Startup Time": 0.693,
                  "Actual Total Time": 114.331,
                  "Actual Rows": 18357,
                  "Actual Loops": 5,
                  "Inner Unique": false,
                  "Plans": [
                    {
                      "Node Type": "Seq Scan",
                      "Parent Relationship": "Outer",
                      "Parallel Aware": true,
                      "Relation Name": "title",
                      "Alias": "t",
                      "Startup Cost": 0.0,
                      "Total Cost": 45479.1,
                      "Plan Rows": 5665,
                      "Plan Width": 4,
                      "Actual Startup Time": 0.386,
                      "Actual Total Time": 80.302,
                      "Actual Rows": 3442,
                      "Actual Loops": 5,
                      "Filter": "((kind_id < 4) AND (production_year = 2003))",
                      "Rows Removed by Filter": 502221
                    },
                    {
                      "Node Type": "Index Only Scan",
                      "Parent Relationship": "Inner",
                      "Parallel Aware": false,
                      "Scan Direction": "Forward",
                      "Index Name": "movie_id_movie_keyword",
                      "Relation Name": "movie_keyword",
                      "Alias": "mk",
                      "Startup Cost": 0.43,
                      "Total Cost": 6.56,
                      "Plan Rows": 45,
                      "Plan Width": 4,
                      "Actual Startup Time": 0.008,
                      "Actual Total Time": 0.009,
                      "Actual Rows": 5,
                      "Actual Loops": 17208,
                      "Index Cond": "(movie_id = t.id)",
                      "Rows Removed by Index Recheck": 0,
                      "Heap Fetches": 91787
                    }
                  ]
                }
              ]
            }
          ]
        }
      ]
    },
    "Planning Time": 0.585,
    "Triggers": [],
    "Execution Time": 140.071
  }
]