{
  "Plan": {
    "Node Type": "Aggregate",
    "Strategy": "Plain",
    "Partial Mode": "Finalize",
    "Parallel Aware": false,
    "Startup Cost": 132445.88,
    "Total Cost": 132445.89,
    "Plan Rows": 1,
    "Plan Width": 8,
    "Actual Startup Time": 674.618,
    "Actual Total Time": 687.512,
    "Actual Rows": 1,
    "Actual Loops": 1,
    "Plans": [
      {
        "Node Type": "Gather",
        "Parent Relationship": "Outer",
        "Parallel Aware": false,
        "Startup Cost": 132445.77,
        "Total Cost": 132445.88,
        "Plan Rows": 1,
        "Plan Width": 8,
        "Actual Startup Time": 672.358,
        "Actual Total Time": 687.504,
        "Actual Rows": 2,
        "Actual Loops": 1,
        "Workers Planned": 1,
        "Workers Launched": 1,
        "Single Copy": false,
        "Plans": [
          {
            "Node Type": "Aggregate",
            "Strategy": "Plain",
            "Partial Mode": "Partial",
            "Parent Relationship": "Outer",
            "Parallel Aware": false,
            "Startup Cost": 131445.77,
            "Total Cost": 131445.78,
            "Plan Rows": 1,
            "Plan Width": 8,
            "Actual Startup Time": 667.508,
            "Actual Total Time": 667.511,
            "Actual Rows": 1,
            "Actual Loops": 2,
            "Plans": [
              {
                "Node Type": "Hash Join",
                "Parent Relationship": "Outer",
                "Parallel Aware": true,
                "Join Type": "Inner",
                "Startup Cost": 68067.78,
                "Total Cost": 129559.0,
                "Plan Rows": 754708,
                "Plan Width": 0,
                "Actual Startup Time": 344.346,
                "Actual Total Time": 660.728,
                "Actual Rows": 150598,
                "Actual Loops": 2,
                "Inner Unique": true,
                "Hash Cond": "(mk.movie_id = t.id)",
                "Plans": [
                  {
                    "Node Type": "Seq Scan",
                    "Parent Relationship": "Outer",
                    "Parallel Aware": true,
                    "Relation Name": "movie_keyword",
                    "Alias": "mk",
                    "Startup Cost": 0.0,
                    "Total Cost": 57718.19,
                    "Plan Rows": 1437339,
                    "Plan Width": 4,
                    "Actual Startup Time": 0.016,
                    "Actual Total Time": 180.598,
                    "Actual Rows": 1222606,
                    "Actual Loops": 2,
                    "Filter": "(keyword_id < 5828)",
                    "Rows Removed by Filter": 1039358
                  },
                  {
                    "Node Type": "Hash",
                    "Parent Relationship": "Inner",
                    "Parallel Aware": true,
                    "Startup Cost": 58306.47,
                    "Total Cost": 58306.47,
                    "Plan Rows": 780905,
                    "Plan Width": 4,
                    "Actual Startup Time": 334.018,
                    "Actual Total Time": 334.018,
                    "Actual Rows": 702901,
                    "Actual Loops": 2,
                    "Hash Buckets": 2097152,
                    "Original Hash Buckets": 2097152,
                    "Hash Batches": 1,
                    "Original Hash Batches": 1,
                    "Peak Memory Usage": 71424,
                    "Plans": [
                      {
                        "Node Type": "Seq Scan",
                        "Parent Relationship": "Outer",
                        "Parallel Aware": true,
                        "Relation Name": "title",
                        "Alias": "t",
                        "Startup Cost": 0.0,
                        "Total Cost": 58306.47,
                        "Plan Rows": 780905,
                        "Plan Width": 4,
                        "Actual Startup Time": 0.025,
                        "Actual Total Time": 161.207,
                        "Actual Rows": 702901,
                        "Actual Loops": 2,
                        "Filter": "((production_year > 1963) AND (kind_id = 7))",
                        "Rows Removed by Filter": 561255
                      }
                    ]
                  }
                ]
              }
            ]
          }
        ]
      }
    ]
  },
  "Planning Time": 0.432,
  "Triggers": [],
  "Execution Time": 687.559
}