[
  {
    "Plan": {
      "Node Type": "Aggregate",
      "Strategy": "Plain",
      "Partial Mode": "Finalize",
      "Parallel Aware": false,
      "Startup Cost": 46268.13,
      "Total Cost": 46268.14,
      "Plan Rows": 1,
      "Plan Width": 8,
      "Actual Startup Time": 229.425,
      "Actual Total Time": 242.671,
      "Actual Rows": 1,
      "Actual Loops": 1,
      "Plans": [
        {
          "Node Type": "Gather",
          "Parent Relationship": "Outer",
          "Parallel Aware": false,
          "Startup Cost": 46267.82,
          "Total Cost": 46268.13,
          "Plan Rows": 3,
          "Plan Width": 8,
          "Actual Startup Time": 229.116,
          "Actual Total Time": 242.657,
          "Actual Rows": 4,
          "Actual Loops": 1,
          "Workers Planned": 3,
          "Workers Launched": 3,
          "Single Copy": false,
          "Plans": [
            {
              "Node Type": "Aggregate",
              "Strategy": "Plain",
              "Partial Mode": "Partial",
              "Parent Relationship": "Outer",
              "Parallel Aware": false,
              "Startup Cost": 45267.82,
              "Total Cost": 45267.83,
              "Plan Rows": 1,
              "Plan Width": 8,
              "Actual Startup Time": 220.768,
              "Actual Total Time": 220.77,
              "Actual Rows": 1,
              "Actual Loops": 4,
              "Plans": [
                {
                  "Node Type": "Seq Scan",
                  "Parent Relationship": "Outer",
                  "Parallel Aware": true,
                  "Relation Name": "movie_keyword",
                  "Alias": "mk",
                  "Startup Cost": 0.0,
                  "Total Cost": 42695.65,
                  "Plan Rows": 1028865,
                  "Plan Width": 0,
                  "Actual Startup Time": 0.065,
                  "Actual Total Time": 168.78,
                  "Actual Rows": 795453,
                  "Actual Loops": 4,
                  "Filter": "(keyword_id < 12753)",
                  "Rows Removed by Filter": 335529
                }
              ]
            }
          ]
        }
      ]
    },
    "Planning Time": 0.164,
    "Triggers": [],
    "Execution Time": 242.725
  }
]