[
  {
    "Plan": {
      "Node Type": "Aggregate",
      "Strategy": "Plain",
      "Partial Mode": "Finalize",
      "Parallel Aware": false,
      "Startup Cost": 33458.05,
      "Total Cost": 33458.06,
      "Plan Rows": 1,
      "Plan Width": 8,
      "Actual Startup Time": 105.699,
      "Actual Total Time": 113.499,
      "Actual Rows": 1,
      "Actual Loops": 1,
      "Plans": [
        {
          "Node Type": "Gather",
          "Parent Relationship": "Outer",
          "Parallel Aware": false,
          "Startup Cost": 33457.73,
          "Total Cost": 33458.04,
          "Plan Rows": 3,
          "Plan Width": 8,
          "Actual Startup Time": 105.581,
          "Actual Total Time": 113.491,
          "Actual Rows": 4,
          "Actual Loops": 1,
          "Workers Planned": 3,
          "Workers Launched": 3,
          "Single Copy": false,
          "Plans": [
            {
              "Node Type": "Aggregate",
              "Strategy": "Plain",
              "Partial Mode": "Partial",
              "Parent Relationship": "Outer",
              "Parallel Aware": false,
              "Startup Cost": 32457.73,
              "Total Cost": 32457.74,
              "Plan Rows": 1,
              "Plan Width": 8,
              "Actual Startup Time": 98.028,
              "Actual Total Time": 98.029,
              "Actual Rows": 1,
              "Actual Loops": 4,
              "Plans": [
                {
                  "Node Type": "Seq Scan",
                  "Parent Relationship": "Outer",
                  "Parallel Aware": true,
                  "Relation Name": "movie_companies",
                  "Alias": "mc",
                  "Startup Cost": 0.0,
                  "Total Cost": 31414.82,
                  "Plan Rows": 417165,
                  "Plan Width": 0,
                  "Actual Startup Time": 49.395,
                  "Actual Total Time": 85.759,
                  "Actual Rows": 318855,
                  "Actual Loops": 4,
                  "Filter": "((company_id < 184228) AND (company_type_id = 2))",
                  "Rows Removed by Filter": 333427
                }
              ]
            }
          ]
        }
      ]
    },
    "Planning Time": 0.22,
    "Triggers": [],
    "Execution Time": 113.554
  }
]