{
  "Plan": {
    "Node Type": "Aggregate",
    "Strategy": "Plain",
    "Partial Mode": "Finalize",
    "Parallel Aware": false,
    "Startup Cost": 99363.71,
    "Total Cost": 99363.72,
    "Plan Rows": 1,
    "Plan Width": 8,
    "Actual Startup Time": 308.595,
    "Actual Total Time": 324.315,
    "Actual Rows": 1,
    "Actual Loops": 1,
    "Plans": [
      {
        "Node Type": "Gather",
        "Parent Relationship": "Outer",
        "Parallel Aware": false,
        "Startup Cost": 99363.6,
        "Total Cost": 99363.71,
        "Plan Rows": 1,
        "Plan Width": 8,
        "Actual Startup Time": 308.347,
        "Actual Total Time": 324.307,
        "Actual Rows": 2,
        "Actual Loops": 1,
        "Workers Planned": 1,
        "Workers Launched": 1,
        "Single Copy": false,
        "Plans": [
          {
            "Node Type": "Aggregate",
            "Strategy": "Plain",
            "Partial Mode": "Partial",
            "Parent Relationship": "Outer",
            "Parallel Aware": false,
            "Startup Cost": 98363.6,
            "Total Cost": 98363.61,
            "Plan Rows": 1,
            "Plan Width": 8,
            "Actual Startup Time": 302.684,
            "Actual Total Time": 302.688,
            "Actual Rows": 1,
            "Actual Loops": 2,
            "Plans": [
              {
                "Node Type": "Hash Join",
                "Parent Relationship": "Outer",
                "Parallel Aware": true,
                "Join Type": "Inner",
                "Startup Cost": 58396.44,
                "Total Cost": 98354.46,
                "Plan Rows": 3656,
                "Plan Width": 0,
                "Actual Startup Time": 182.594,
                "Actual Total Time": 301.921,
                "Actual Rows": 16892,
                "Actual Loops": 2,
                "Inner Unique": true,
                "Hash Cond": "(mc.movie_id = t.id)",
                "Plans": [
                  {
                    "Node Type": "Seq Scan",
                    "Parent Relationship": "Outer",
                    "Parallel Aware": true,
                    "Relation Name": "movie_companies",
                    "Alias": "mc",
                    "Startup Cost": 0.0,
                    "Total Cost": 37974.77,
                    "Plan Rows": 755522,
                    "Plan Width": 4,
                    "Actual Startup Time": 0.014,
                    "Actual Total Time": 106.897,
                    "Actual Rows": 637123,
                    "Actual Loops": 2,
                    "Filter": "(company_type_id = 1)",
                    "Rows Removed by Filter": 667442
                  },
                  {
                    "Node Type": "Hash",
                    "Parent Relationship": "Inner",
                    "Parallel Aware": true,
                    "Startup Cost": 58306.47,
                    "Total Cost": 58306.47,
                    "Plan Rows": 7198,
                    "Plan Width": 4,
                    "Actual Startup Time": 143.91,
                    "Actual Total Time": 143.911,
                    "Actual Rows": 17524,
                    "Actual Loops": 2,
                    "Hash Buckets": 65536,
                    "Original Hash Buckets": 16384,
                    "Hash Batches": 1,
                    "Original Hash Batches": 1,
                    "Peak Memory Usage": 2304,
                    "Plans": [
                      {
                        "Node Type": "Seq Scan",
                        "Parent Relationship": "Outer",
                        "Parallel Aware": true,
                        "Relation Name": "title",
                        "Alias": "t",
                        "Startup Cost": 0.0,
                        "Total Cost": 58306.47,
                        "Plan Rows": 7198,
                        "Plan Width": 4,
                        "Actual Startup Time": 92.377,
                        "Actual Total Time": 138.389,
                        "Actual Rows": 17524,
                        "Actual Loops": 2,
                        "Filter": "((kind_id < 7) AND (production_year < 1912))",
                        "Rows Removed by Filter": 1246632
                      }
                    ]
                  }
                ]
              }
            ]
          }
        ]
      }
    ]
  },
  "Planning Time": 0.474,
  "Triggers": [],
  "Execution Time": 324.388
}