[
  {
    "Plan": {
      "Node Type": "Aggregate",
      "Strategy": "Plain",
      "Partial Mode": "Finalize",
      "Parallel Aware": false,
      "Startup Cost": 31291.3,
      "Total Cost": 31291.31,
      "Plan Rows": 1,
      "Plan Width": 8,
      "Actual Startup Time": 112.939,
      "Actual Total Time": 119.113,
      "Actual Rows": 1,
      "Actual Loops": 1,
      "Plans": [
        {
          "Node Type": "Gather",
          "Parent Relationship": "Outer",
          "Parallel Aware": false,
          "Startup Cost": 31290.98,
          "Total Cost": 31291.29,
          "Plan Rows": 3,
          "Plan Width": 8,
          "Actual Startup Time": 112.69,
          "Actual Total Time": 119.103,
          "Actual Rows": 4,
          "Actual Loops": 1,
          "Workers Planned": 3,
          "Workers Launched": 3,
          "Single Copy": false,
          "Plans": [
            {
              "Node Type": "Aggregate",
              "Strategy": "Plain",
              "Partial Mode": "Partial",
              "Parent Relationship": "Outer",
              "Parallel Aware": false,
              "Startup Cost": 30290.98,
              "Total Cost": 30290.99,
              "Plan Rows": 1,
              "Plan Width": 8,
              "Actual Startup Time": 104.585,
              "Actual Total Time": 104.586,
              "Actual Rows": 1,
              "Actual Loops": 4,
              "Plans": [
                {
                  "Node Type": "Seq Scan",
                  "Parent Relationship": "Outer",
                  "Parallel Aware": true,
                  "Relation Name": "movie_companies",
                  "Alias": "mc",
                  "Startup Cost": 0.0,
                  "Total Cost": 29310.68,
                  "Plan Rows": 392121,
                  "Plan Width": 0,
                  "Actual Startup Time": 0.045,
                  "Actual Total Time": 85.403,
                  "Actual Rows": 301556,
                  "Actual Loops": 4,
                  "Filter": "(company_id < 11137)",
                  "Rows Removed by Filter": 350726
                }
              ]
            }
          ]
        }
      ]
    },
    "Planning Time": 0.134,
    "Triggers": [],
    "Execution Time": 119.162
  }
]