[
  {
    "Plan": {
      "Node Type": "Aggregate",
      "Strategy": "Plain",
      "Partial Mode": "Finalize",
      "Parallel Aware": false,
      "Startup Cost": 82696.94,
      "Total Cost": 82696.95,
      "Plan Rows": 1,
      "Plan Width": 8,
      "Actual Startup Time": 384.052,
      "Actual Total Time": 400.168,
      "Actual Rows": 1,
      "Actual Loops": 1,
      "Plans": [
        {
          "Node Type": "Gather",
          "Parent Relationship": "Outer",
          "Parallel Aware": false,
          "Startup Cost": 82696.62,
          "Total Cost": 82696.93,
          "Plan Rows": 3,
          "Plan Width": 8,
          "Actual Startup Time": 377.901,
          "Actual Total Time": 400.158,
          "Actual Rows": 4,
          "Actual Loops": 1,
          "Workers Planned": 3,
          "Workers Launched": 3,
          "Single Copy": false,
          "Plans": [
            {
              "Node Type": "Aggregate",
              "Strategy": "Plain",
              "Partial Mode": "Partial",
              "Parent Relationship": "Outer",
              "Parallel Aware": false,
              "Startup Cost": 81696.62,
              "Total Cost": 81696.63,
              "Plan Rows": 1,
              "Plan Width": 8,
              "Actual Startup Time": 365.546,
              "Actual Total Time": 365.549,
              "Actual Rows": 1,
              "Actual Loops": 4,
              "Plans": [
                {
                  "Node Type": "Hash Join",
                  "Parent Relationship": "Outer",
                  "Parallel Aware": true,
                  "Join Type": "Inner",
                  "Startup Cost": 55701.51,
                  "Total Cost": 81529.14,
                  "Plan Rows": 66994,
                  "Plan Width": 0,
                  "Actual Startup Time": 297.272,
                  "Actual Total Time": 364.299,
                  "Actual Rows": 17223,
                  "Actual Loops": 4,
                  "Inner Unique": true,
                  "Hash Cond": "(mk.movie_id = t.id)",
                  "Plans": [
                    {
                      "Node Type": "Bitmap Heap Scan",
                      "Parent Relationship": "Outer",
                      "Parallel Aware": true,
                      "Relation Name": "movie_keyword",
                      "Alias": "mk",
                      "Startup Cost": 5974.35,
                      "Total Cost": 31563.59,
                      "Plan Rows": 90819,
                      "Plan Width": 4,
                      "Actual Startup Time": 27.239,
                      "Actual Total Time": 69.981,
                      "Actual Rows": 69495,
                      "Actual Loops": 4,
                      "Recheck Cond": "(keyword_id > 57168)",
                      "Rows Removed by Index Recheck": 0,
                      "Exact Heap Blocks": 6897,
                      "Lossy Heap Blocks": 0,
                      "Plans": [
                        {
                          "Node Type": "Bitmap Index Scan",
                          "Parent Relationship": "Outer",
                          "Parallel Aware": false,
                          "Index Name": "keyword_id_movie_keyword",
                          "Startup Cost": 0.0,
                          "Total Cost": 5903.97,
                          "Plan Rows": 281538,
                          "Plan Width": 0,
                          "Actual Startup Time": 23.333,
                          "Actual Total Time": 23.333,
                          "Actual Rows": 277979,
                          "Actual Loops": 1,
                          "Index Cond": "(keyword_id > 57168)"
                        }
                      ]
                    },
                    {
                      "Node Type": "Hash",
                      "Parent Relationship": "Inner",
                      "Parallel Aware": true,
                      "Startup Cost": 43898.92,
                      "Total Cost": 43898.92,
                      "Plan Rows": 466259,
                      "Plan Width": 4,
                      "Actual Startup Time": 262.308,
                      "Actual Total Time": 262.309,
                      "Actual Rows": 466372,
                      "Actual Loops": 4,
                      "Hash Buckets": 2097152,
                      "Original Hash Buckets": 2097152,
                      "Hash Batches": 1,
                      "Original Hash Batches": 1,
                      "Peak Memory Usage": 89440,
                      "Plans": [
                        {
                          "Node Type": "Seq Scan",
                          "Parent Relationship": "Outer",
                          "Parallel Aware": true,
                          "Relation Name": "title",
                          "Alias": "t",
                          "Startup Cost": 0.0,
                          "Total Cost": 43898.92,
                          "Plan Rows": 466259,
                          "Plan Width": 4,
                          "Actual Startup Time": 0.041,
                          "Actual Total Time": 103.988,
                          "Actual Rows": 466372,
                          "Actual Loops": 4,
                          "Filter": "(kind_id > 1)",
                          "Rows Removed by Filter": 165706
                        }
                      ]
                    }
                  ]
                }
              ]
            }
          ]
        }
      ]
    },
    "Planning Time": 0.624,
    "Triggers": [],
    "Execution Time": 400.258
  }
]