[
  {
    "Plan": {
      "Node Type": "Aggregate",
      "Strategy": "Plain",
      "Partial Mode": "Finalize",
      "Parallel Aware": false,
      "Startup Cost": 98554.23,
      "Total Cost": 98554.24,
      "Plan Rows": 1,
      "Plan Width": 8,
      "Actual Startup Time": 642.689,
      "Actual Total Time": 660.496,
      "Actual Rows": 1,
      "Actual Loops": 1,
      "Plans": [
        {
          "Node Type": "Gather",
          "Parent Relationship": "Outer",
          "Parallel Aware": false,
          "Startup Cost": 98554.01,
          "Total Cost": 98554.22,
          "Plan Rows": 2,
          "Plan Width": 8,
          "Actual Startup Time": 635.274,
          "Actual Total Time": 660.489,
          "Actual Rows": 3,
          "Actual Loops": 1,
          "Workers Planned": 2,
          "Workers Launched": 2,
          "Single Copy": false,
          "Plans": [
            {
              "Node Type": "Aggregate",
              "Strategy": "Plain",
              "Partial Mode": "Partial",
              "Parent Relationship": "Outer",
              "Parallel Aware": false,
              "Startup Cost": 97554.01,
              "Total Cost": 97554.02,
              "Plan Rows": 1,
              "Plan Width": 8,
              "Actual Startup Time": 617.322,
              "Actual Total Time": 617.328,
              "Actual Rows": 1,
              "Actual Loops": 3,
              "Plans": [
                {
                  "Node Type": "Hash Join",
                  "Parent Relationship": "Outer",
                  "Parallel Aware": true,
                  "Join Type": "Inner",
                  "Startup Cost": 81420.96,
                  "Total Cost": 97426.69,
                  "Plan Rows": 50928,
                  "Plan Width": 0,
                  "Actual Startup Time": 545.809,
                  "Actual Total Time": 610.768,
                  "Actual Rows": 167751,
                  "Actual Loops": 3,
                  "Inner Unique": false,
                  "Hash Cond": "(mi_idx.movie_id = t.id)",
                  "Plans": [
                    {
                      "Node Type": "Seq Scan",
                      "Parent Relationship": "Outer",
                      "Parallel Aware": true,
                      "Relation Name": "movie_info_idx",
                      "Alias": "mi_idx",
                      "Startup Cost": 0.0,
                      "Total Cost": 13685.15,
                      "Plan Rows": 575015,
                      "Plan Width": 4,
                      "Actual Startup Time": 0.029,
                      "Actual Total Time": 34.311,
                      "Actual Rows": 460012,
                      "Actual Loops": 3
                    },
                    {
                      "Node Type": "Hash",
                      "Parent Relationship": "Inner",
                      "Parallel Aware": true,
                      "Startup Cost": 80518.03,
                      "Total Cost": 80518.03,
                      "Plan Rows": 72234,
                      "Plan Width": 8,
                      "Actual Startup Time": 515.332,
                      "Actual Total Time": 515.337,
                      "Actual Rows": 71578,
                      "Actual Loops": 3,
                      "Hash Buckets": 262144,
                      "Original Hash Buckets": 262144,
                      "Hash Batches": 1,
                      "Original Hash Batches": 1,
                      "Peak Memory Usage": 10496,
                      "Plans": [
                        {
                          "Node Type": "Hash Join",
                          "Parent Relationship": "Outer",
                          "Parallel Aware": true,
                          "Join Type": "Inner",
                          "Startup Cost": 54971.5,
                          "Total Cost": 80518.03,
                          "Plan Rows": 72234,
                          "Plan Width": 8,
                          "Actual Startup Time": 425.782,
                          "Actual Total Time": 493.681,
                          "Actual Rows": 71578,
                          "Actual Loops": 3,
                          "Inner Unique": true,
                          "Hash Cond": "(mk.movie_id = t.id)",
                          "Plans": [
                            {
                              "Node Type": "Bitmap Heap Scan",
                              "Parent Relationship": "Outer",
                              "Parallel Aware": true,
                              "Relation Name": "movie_keyword",
                              "Alias": "mk",
                              "Startup Cost": 4751.85,
                              "Total Cost": 30108.77,
                              "Plan Rows": 72234,
                              "Plan Width": 4,
                              "Actual Startup Time": 15.653,
                              "Actual Total Time": 57.756,
                              "Actual Rows": 71578,
                              "Actual Loops": 3,
                              "Recheck Cond": "(keyword_id > 65657)",
                              "Rows Removed by Index Recheck": 0,
                              "Exact Heap Blocks": 7884,
                              "Lossy Heap Blocks": 0,
                              "Plans": [
                                {
                                  "Node Type": "Bitmap Index Scan",
                                  "Parent Relationship": "Outer",
                                  "Parallel Aware": false,
                                  "Index Name": "keyword_id_movie_keyword",
                                  "Startup Cost": 0.0,
                                  "Total Cost": 4695.87,
                                  "Plan Rows": 223925,
                                  "Plan Width": 0,
                                  "Actual Startup Time": 12.659,
                                  "Actual Total Time": 12.659,
                                  "Actual Rows": 214733,
                                  "Actual Loops": 1,
                                  "Index Cond": "(keyword_id > 65657)"
                                }
                              ]
                            },
                            {
                              "Node Type": "Hash",
                              "Parent Relationship": "Inner",
                              "Parallel Aware": true,
                              "Startup Cost": 42318.73,
                              "Total Cost": 42318.73,
                              "Plan Rows": 632073,
                              "Plan Width": 4,
                              "Actual Startup Time": 398.093,
                              "Actual Total Time": 398.093,
                              "Actual Rows": 842771,
                              "Actual Loops": 3,
                              "Hash Buckets": 4194304,
                              "Original Hash Buckets": 4194304,
                              "Hash Batches": 1,
                              "Original Hash Batches": 1,
                              "Peak Memory Usage": 131712,
                              "Plans": [
                                {
                                  "Node Type": "Seq Scan",
                                  "Parent Relationship": "Outer",
                                  "Parallel Aware": true,
                                  "Relation Name": "title",
                                  "Alias": "t",
                                  "Startup Cost": 0.0,
                                  "Total Cost": 42318.73,
                                  "Plan Rows": 632073,
                                  "Plan Width": 4,
                                  "Actual Startup Time": 0.032,
                                  "Actual Total Time": 116.06,
                                  "Actual Rows": 842771,
                                  "Actual Loops": 3
                                }
                              ]
                            }
                          ]
                        }
                      ]
                    }
                  ]
                }
              ]
            }
          ]
        }
      ]
    },
    "Planning Time": 1.353,
    "Triggers": [],
    "Execution Time": 660.599
  }
]