[
  {
    "Plan": {
      "Node Type": "Aggregate",
      "Strategy": "Plain",
      "Partial Mode": "Finalize",
      "Parallel Aware": false,
      "Startup Cost": 199994.21,
      "Total Cost": 199994.22,
      "Plan Rows": 1,
      "Plan Width": 8,
      "Actual Startup Time": 268.844,
      "Actual Total Time": 283.551,
      "Actual Rows": 1,
      "Actual Loops": 1,
      "Plans": [
        {
          "Node Type": "Gather",
          "Parent Relationship": "Outer",
          "Parallel Aware": false,
          "Startup Cost": 199993.58,
          "Total Cost": 199994.19,
          "Plan Rows": 6,
          "Plan Width": 8,
          "Actual Startup Time": 268.747,
          "Actual Total Time": 283.54,
          "Actual Rows": 7,
          "Actual Loops": 1,
          "Workers Planned": 6,
          "Workers Launched": 6,
          "Single Copy": false,
          "Plans": [
            {
              "Node Type": "Aggregate",
              "Strategy": "Plain",
              "Partial Mode": "Partial",
              "Parent Relationship": "Outer",
              "Parallel Aware": false,
              "Startup Cost": 198993.58,
              "Total Cost": 198993.59,
              "Plan Rows": 1,
              "Plan Width": 8,
              "Actual Startup Time": 258.007,
              "Actual Total Time": 258.008,
              "Actual Rows": 1,
              "Actual Loops": 7,
              "Plans": [
                {
                  "Node Type": "Index Scan",
                  "Parent Relationship": "Outer",
                  "Parallel Aware": true,
                  "Scan Direction": "Forward",
                  "Index Name": "role_id_cast_info",
                  "Relation Name": "cast_info",
                  "Alias": "ci",
                  "Startup Cost": 0.56,
                  "Total Cost": 197877.72,
                  "Plan Rows": 446343,
                  "Plan Width": 0,
                  "Actual Startup Time": 157.194,
                  "Actual Total Time": 239.699,
                  "Actual Rows": 374885,
                  "Actual Loops": 7,
                  "Index Cond": "(role_id = 2)",
                  "Rows Removed by Index Recheck": 0,
                  "Filter": "(person_id > 2362124)",
                  "Rows Removed by Filter": 689683
                }
              ]
            }
          ]
        }
      ]
    },
    "Planning Time": 0.275,
    "Triggers": [],
    "Execution Time": 283.628
  }
]