[
  {
    "Plan": {
      "Node Type": "Aggregate",
      "Strategy": "Plain",
      "Partial Mode": "Finalize",
      "Parallel Aware": false,
      "Startup Cost": 44964.79,
      "Total Cost": 44964.8,
      "Plan Rows": 1,
      "Plan Width": 8,
      "Actual Startup Time": 140.295,
      "Actual Total Time": 150.049,
      "Actual Rows": 1,
      "Actual Loops": 1,
      "Plans": [
        {
          "Node Type": "Gather",
          "Parent Relationship": "Outer",
          "Parallel Aware": false,
          "Startup Cost": 44964.48,
          "Total Cost": 44964.79,
          "Plan Rows": 3,
          "Plan Width": 8,
          "Actual Startup Time": 140.17,
          "Actual Total Time": 150.04,
          "Actual Rows": 4,
          "Actual Loops": 1,
          "Workers Planned": 3,
          "Workers Launched": 3,
          "Single Copy": false,
          "Plans": [
            {
              "Node Type": "Aggregate",
              "Strategy": "Plain",
              "Partial Mode": "Partial",
              "Parent Relationship": "Outer",
              "Parallel Aware": false,
              "Startup Cost": 43964.48,
              "Total Cost": 43964.49,
              "Plan Rows": 1,
              "Plan Width": 8,
              "Actual Startup Time": 133.131,
              "Actual Total Time": 133.132,
              "Actual Rows": 1,
              "Actual Loops": 4,
              "Plans": [
                {
                  "Node Type": "Seq Scan",
                  "Parent Relationship": "Outer",
                  "Parallel Aware": true,
                  "Relation Name": "movie_keyword",
                  "Alias": "mk",
                  "Startup Cost": 0.0,
                  "Total Cost": 42695.65,
                  "Plan Rows": 507529,
                  "Plan Width": 0,
                  "Actual Startup Time": 1.427,
                  "Actual Total Time": 112.911,
                  "Actual Rows": 391619,
                  "Actual Loops": 4,
                  "Filter": "(keyword_id > 10013)",
                  "Rows Removed by Filter": 739364
                }
              ]
            }
          ]
        }
      ]
    },
    "Planning Time": 0.145,
    "Triggers": [],
    "Execution Time": 150.098
  }
]