{
  "Plan": {
    "Node Type": "Aggregate",
    "Strategy": "Plain",
    "Partial Mode": "Finalize",
    "Parallel Aware": false,
    "Startup Cost": 35121.07,
    "Total Cost": 35121.08,
    "Plan Rows": 1,
    "Plan Width": 8,
    "Actual Startup Time": 56.876,
    "Actual Total Time": 66.706,
    "Actual Rows": 1,
    "Actual Loops": 1,
    "Plans": [
      {
        "Node Type": "Gather",
        "Parent Relationship": "Outer",
        "Parallel Aware": false,
        "Startup Cost": 35120.96,
        "Total Cost": 35121.07,
        "Plan Rows": 1,
        "Plan Width": 8,
        "Actual Startup Time": 56.737,
        "Actual Total Time": 66.699,
        "Actual Rows": 2,
        "Actual Loops": 1,
        "Workers Planned": 1,
        "Workers Launched": 1,
        "Single Copy": false,
        "Plans": [
          {
            "Node Type": "Aggregate",
            "Strategy": "Plain",
            "Partial Mode": "Partial",
            "Parent Relationship": "Outer",
            "Parallel Aware": false,
            "Startup Cost": 34120.96,
            "Total Cost": 34120.97,
            "Plan Rows": 1,
            "Plan Width": 8,
            "Actual Startup Time": 50.342,
            "Actual Total Time": 50.344,
            "Actual Rows": 1,
            "Actual Loops": 2,
            "Plans": [
              {
                "Node Type": "Nested Loop",
                "Parent Relationship": "Outer",
                "Parallel Aware": false,
                "Join Type": "Inner",
                "Startup Cost": 167.63,
                "Total Cost": 34106.95,
                "Plan Rows": 5604,
                "Plan Width": 0,
                "Actual Startup Time": 3.655,
                "Actual Total Time": 49.625,
                "Actual Rows": 6069,
                "Actual Loops": 2,
                "Inner Unique": false,
                "Plans": [
                  {
                    "Node Type": "Nested Loop",
                    "Parent Relationship": "Outer",
                    "Parallel Aware": false,
                    "Join Type": "Inner",
                    "Startup Cost": 167.2,
                    "Total Cost": 31329.43,
                    "Plan Rows": 1266,
                    "Plan Width": 8,
                    "Actual Startup Time": 3.518,
                    "Actual Total Time": 26.245,
                    "Actual Rows": 780,
                    "Actual Loops": 2,
                    "Inner Unique": true,
                    "Plans": [
                      {
                        "Node Type": "Bitmap Heap Scan",
                        "Parent Relationship": "Outer",
                        "Parallel Aware": true,
                        "Relation Name": "movie_companies",
                        "Alias": "mc",
                        "Startup Cost": 166.77,
                        "Total Cost": 14572.39,
                        "Plan Rows": 2216,
                        "Plan Width": 4,
                        "Actual Startup Time": 3.378,
                        "Actual Total Time": 10.424,
                        "Actual Rows": 1989,
                        "Actual Loops": 2,
                        "Recheck Cond": "(company_id = 302)",
                        "Rows Removed by Index Recheck": 0,
                        "Filter": "(company_type_id < 2)",
                        "Rows Removed by Filter": 1354,
                        "Exact Heap Blocks": 2854,
                        "Lossy Heap Blocks": 0,
                        "Plans": [
                          {
                            "Node Type": "Bitmap Index Scan",
                            "Parent Relationship": "Outer",
                            "Parallel Aware": false,
                            "Index Name": "company_id_movie_companies",
                            "Startup Cost": 0.0,
                            "Total Cost": 165.83,
                            "Plan Rows": 7653,
                            "Plan Width": 0,
                            "Actual Startup Time": 4.655,
                            "Actual Total Time": 4.655,
                            "Actual Rows": 6686,
                            "Actual Loops": 1,
                            "Index Cond": "(company_id = 302)"
                          }
                        ]
                      },
                      {
                        "Node Type": "Index Scan",
                        "Parent Relationship": "Inner",
                        "Parallel Aware": false,
                        "Scan Direction": "Forward",
                        "Index Name": "title_pkey",
                        "Relation Name": "title",
                        "Alias": "t",
                        "Startup Cost": 0.43,
                        "Total Cost": 7.56,
                        "Plan Rows": 1,
                        "Plan Width": 4,
                        "Actual Startup Time": 0.007,
                        "Actual Total Time": 0.007,
                        "Actual Rows": 0,
                        "Actual Loops": 3978,
                        "Index Cond": "(id = mc.movie_id)",
                        "Rows Removed by Index Recheck": 0,
                        "Filter": "((kind_id > 1) AND (production_year > 1979))",
                        "Rows Removed by Filter": 1
                      }
                    ]
                  },
                  {
                    "Node Type": "Index Scan",
                    "Parent Relationship": "Inner",
                    "Parallel Aware": false,
                    "Scan Direction": "Forward",
                    "Index Name": "movie_id_movie_info",
                    "Relation Name": "movie_info",
                    "Alias": "mi",
                    "Startup Cost": 0.43,
                    "Total Cost": 1.87,
                    "Plan Rows": 32,
                    "Plan Width": 4,
                    "Actual Startup Time": 0.01,
                    "Actual Total Time": 0.028,
                    "Actual Rows": 8,
                    "Actual Loops": 1560,
                    "Index Cond": "(movie_id = t.id)",
                    "Rows Removed by Index Recheck": 0,
                    "Filter": "(info_type_id > 3)",
                    "Rows Removed by Filter": 3
                  }
                ]
              }
            ]
          }
        ]
      }
    ]
  },
  "Planning Time": 1.064,
  "Triggers": [],
  "Execution Time": 66.815
}