[
  {
    "Plan": {
      "Node Type": "Aggregate",
      "Strategy": "Plain",
      "Partial Mode": "Finalize",
      "Parallel Aware": false,
      "Startup Cost": 30799.46,
      "Total Cost": 30799.47,
      "Plan Rows": 1,
      "Plan Width": 8,
      "Actual Startup Time": 78.373,
      "Actual Total Time": 86.122,
      "Actual Rows": 1,
      "Actual Loops": 1,
      "Plans": [
        {
          "Node Type": "Gather",
          "Parent Relationship": "Outer",
          "Parallel Aware": false,
          "Startup Cost": 30799.14,
          "Total Cost": 30799.45,
          "Plan Rows": 3,
          "Plan Width": 8,
          "Actual Startup Time": 78.216,
          "Actual Total Time": 86.112,
          "Actual Rows": 4,
          "Actual Loops": 1,
          "Workers Planned": 3,
          "Workers Launched": 3,
          "Single Copy": false,
          "Plans": [
            {
              "Node Type": "Aggregate",
              "Strategy": "Plain",
              "Partial Mode": "Partial",
              "Parent Relationship": "Outer",
              "Parallel Aware": false,
              "Startup Cost": 29799.14,
              "Total Cost": 29799.15,
              "Plan Rows": 1,
              "Plan Width": 8,
              "Actual Startup Time": 74.614,
              "Actual Total Time": 74.616,
              "Actual Rows": 1,
              "Actual Loops": 4,
              "Plans": [
                {
                  "Node Type": "Seq Scan",
                  "Parent Relationship": "Outer",
                  "Parallel Aware": true,
                  "Relation Name": "movie_companies",
                  "Alias": "mc",
                  "Startup Cost": 0.0,
                  "Total Cost": 29310.68,
                  "Plan Rows": 195384,
                  "Plan Width": 0,
                  "Actual Startup Time": 33.078,
                  "Actual Total Time": 67.65,
                  "Actual Rows": 150202,
                  "Actual Loops": 4,
                  "Filter": "(company_id > 67491)",
                  "Rows Removed by Filter": 502081
                }
              ]
            }
          ]
        }
      ]
    },
    "Planning Time": 0.139,
    "Triggers": [],
    "Execution Time": 86.163
  }
]