[
  {
    "Plan": {
      "Node Type": "Aggregate",
      "Strategy": "Plain",
      "Partial Mode": "Finalize",
      "Parallel Aware": false,
      "Startup Cost": 30784.57,
      "Total Cost": 30784.58,
      "Plan Rows": 1,
      "Plan Width": 8,
      "Actual Startup Time": 93.771,
      "Actual Total Time": 101.362,
      "Actual Rows": 1,
      "Actual Loops": 1,
      "Plans": [
        {
          "Node Type": "Gather",
          "Parent Relationship": "Outer",
          "Parallel Aware": false,
          "Startup Cost": 30784.26,
          "Total Cost": 30784.57,
          "Plan Rows": 3,
          "Plan Width": 8,
          "Actual Startup Time": 93.666,
          "Actual Total Time": 101.355,
          "Actual Rows": 4,
          "Actual Loops": 1,
          "Workers Planned": 3,
          "Workers Launched": 3,
          "Single Copy": false,
          "Plans": [
            {
              "Node Type": "Aggregate",
              "Strategy": "Plain",
              "Partial Mode": "Partial",
              "Parent Relationship": "Outer",
              "Parallel Aware": false,
              "Startup Cost": 29784.26,
              "Total Cost": 29784.27,
              "Plan Rows": 1,
              "Plan Width": 8,
              "Actual Startup Time": 85.463,
              "Actual Total Time": 85.464,
              "Actual Rows": 1,
              "Actual Loops": 4,
              "Plans": [
                {
                  "Node Type": "Seq Scan",
                  "Parent Relationship": "Outer",
                  "Parallel Aware": true,
                  "Relation Name": "movie_companies",
                  "Alias": "mc",
                  "Startup Cost": 0.0,
                  "Total Cost": 29310.68,
                  "Plan Rows": 189430,
                  "Plan Width": 0,
                  "Actual Startup Time": 43.493,
                  "Actual Total Time": 78.728,
                  "Actual Rows": 150202,
                  "Actual Loops": 4,
                  "Filter": "(company_id > 67491)",
                  "Rows Removed by Filter": 502081
                }
              ]
            }
          ]
        }
      ]
    },
    "Planning Time": 0.097,
    "Triggers": [],
    "Execution Time": 101.394
  }
]