[
  {
    "Plan": {
      "Node Type": "Aggregate",
      "Strategy": "Plain",
      "Partial Mode": "Finalize",
      "Parallel Aware": false,
      "Startup Cost": 396202.2,
      "Total Cost": 396202.21,
      "Plan Rows": 1,
      "Plan Width": 8,
      "Actual Startup Time": 923.504,
      "Actual Total Time": 988.206,
      "Actual Rows": 1,
      "Actual Loops": 1,
      "Plans": [
        {
          "Node Type": "Gather",
          "Parent Relationship": "Outer",
          "Parallel Aware": false,
          "Startup Cost": 396201.58,
          "Total Cost": 396202.19,
          "Plan Rows": 6,
          "Plan Width": 8,
          "Actual Startup Time": 918.272,
          "Actual Total Time": 988.195,
          "Actual Rows": 7,
          "Actual Loops": 1,
          "Workers Planned": 6,
          "Workers Launched": 6,
          "Single Copy": false,
          "Plans": [
            {
              "Node Type": "Aggregate",
              "Strategy": "Plain",
              "Partial Mode": "Partial",
              "Parent Relationship": "Outer",
              "Parallel Aware": false,
              "Startup Cost": 395201.58,
              "Total Cost": 395201.59,
              "Plan Rows": 1,
              "Plan Width": 8,
              "Actual Startup Time": 907.321,
              "Actual Total Time": 907.324,
              "Actual Rows": 1,
              "Actual Loops": 7,
              "Plans": [
                {
                  "Node Type": "Hash Join",
                  "Parent Relationship": "Outer",
                  "Parallel Aware": true,
                  "Join Type": "Inner",
                  "Startup Cost": 47150.39,
                  "Total Cost": 394397.7,
                  "Plan Rows": 321550,
                  "Plan Width": 0,
                  "Actual Startup Time": 431.177,
                  "Actual Total Time": 901.535,
                  "Actual Rows": 120754,
                  "Actual Loops": 7,
                  "Inner Unique": true,
                  "Hash Cond": "(ci.movie_id = t.id)",
                  "Plans": [
                    {
                      "Node Type": "Seq Scan",
                      "Parent Relationship": "Outer",
                      "Parallel Aware": true,
                      "Relation Name": "cast_info",
                      "Alias": "ci",
                      "Startup Cost": 0.0,
                      "Total Cost": 343257.03,
                      "Plan Rows": 1520105,
                      "Plan Width": 4,
                      "Actual Startup Time": 315.768,
                      "Actual Total Time": 616.663,
                      "Actual Rows": 969767,
                      "Actual Loops": 7,
                      "Filter": "((person_id > 2675427) AND (role_id < 10))",
                      "Rows Removed by Filter": 4207997
                    },
                    {
                      "Node Type": "Hash",
                      "Parent Relationship": "Inner",
                      "Parallel Aware": true,
                      "Startup Cost": 45479.1,
                      "Total Cost": 45479.1,
                      "Plan Rows": 133703,
                      "Plan Width": 4,
                      "Actual Startup Time": 111.827,
                      "Actual Total Time": 111.828,
                      "Actual Rows": 61178,
                      "Actual Loops": 7,
                      "Hash Buckets": 1048576,
                      "Original Hash Buckets": 1048576,
                      "Hash Batches": 1,
                      "Original Hash Batches": 1,
                      "Peak Memory Usage": 25056,
                      "Plans": [
                        {
                          "Node Type": "Seq Scan",
                          "Parent Relationship": "Outer",
                          "Parallel Aware": true,
                          "Relation Name": "title",
                          "Alias": "t",
                          "Startup Cost": 0.0,
                          "Total Cost": 45479.1,
                          "Plan Rows": 133703,
                          "Plan Width": 4,
                          "Actual Startup Time": 0.042,
                          "Actual Total Time": 78.42,
                          "Actual Rows": 61178,
                          "Actual Loops": 7,
                          "Filter": "((production_year < 1997) AND (kind_id = 7))",
                          "Rows Removed by Filter": 300009
                        }
                      ]
                    }
                  ]
                }
              ]
            }
          ]
        }
      ]
    },
    "Planning Time": 0.696,
    "Triggers": [],
    "Execution Time": 988.292
  }
]