[
  {
    "Plan": {
      "Node Type": "Aggregate",
      "Strategy": "Plain",
      "Partial Mode": "Finalize",
      "Parallel Aware": false,
      "Startup Cost": 339141.74,
      "Total Cost": 339141.76,
      "Plan Rows": 1,
      "Plan Width": 8,
      "Actual Startup Time": 757.801,
      "Actual Total Time": 814.233,
      "Actual Rows": 1,
      "Actual Loops": 1,
      "Plans": [
        {
          "Node Type": "Gather",
          "Parent Relationship": "Outer",
          "Parallel Aware": false,
          "Startup Cost": 339141.12,
          "Total Cost": 339141.73,
          "Plan Rows": 6,
          "Plan Width": 8,
          "Actual Startup Time": 757.655,
          "Actual Total Time": 814.224,
          "Actual Rows": 7,
          "Actual Loops": 1,
          "Workers Planned": 6,
          "Workers Launched": 6,
          "Single Copy": false,
          "Plans": [
            {
              "Node Type": "Aggregate",
              "Strategy": "Plain",
              "Partial Mode": "Partial",
              "Parent Relationship": "Outer",
              "Parallel Aware": false,
              "Startup Cost": 338141.12,
              "Total Cost": 338141.13,
              "Plan Rows": 1,
              "Plan Width": 8,
              "Actual Startup Time": 747.292,
              "Actual Total Time": 747.293,
              "Actual Rows": 1,
              "Actual Loops": 7,
              "Plans": [
                {
                  "Node Type": "Seq Scan",
                  "Parent Relationship": "Outer",
                  "Parallel Aware": true,
                  "Relation Name": "cast_info",
                  "Alias": "ci",
                  "Startup Cost": 0.0,
                  "Total Cost": 328162.03,
                  "Plan Rows": 3991638,
                  "Plan Width": 0,
                  "Actual Startup Time": 139.417,
                  "Actual Total Time": 606.738,
                  "Actual Rows": 3427975,
                  "Actual Loops": 7,
                  "Filter": "(person_id > 1206926)",
                  "Rows Removed by Filter": 1749789
                }
              ]
            }
          ]
        }
      ]
    },
    "Planning Time": 0.178,
    "Triggers": [],
    "Execution Time": 814.302
  }
]