[
  {
    "Plan": {
      "Node Type": "Aggregate",
      "Strategy": "Plain",
      "Partial Mode": "Finalize",
      "Parallel Aware": false,
      "Startup Cost": 33305.47,
      "Total Cost": 33305.48,
      "Plan Rows": 1,
      "Plan Width": 8,
      "Actual Startup Time": 87.545,
      "Actual Total Time": 92.66,
      "Actual Rows": 1,
      "Actual Loops": 1,
      "Plans": [
        {
          "Node Type": "Gather",
          "Parent Relationship": "Outer",
          "Parallel Aware": false,
          "Startup Cost": 33305.15,
          "Total Cost": 33305.46,
          "Plan Rows": 3,
          "Plan Width": 8,
          "Actual Startup Time": 87.452,
          "Actual Total Time": 92.654,
          "Actual Rows": 4,
          "Actual Loops": 1,
          "Workers Planned": 3,
          "Workers Launched": 3,
          "Single Copy": false,
          "Plans": [
            {
              "Node Type": "Aggregate",
              "Strategy": "Plain",
              "Partial Mode": "Partial",
              "Parent Relationship": "Outer",
              "Parallel Aware": false,
              "Startup Cost": 32305.15,
              "Total Cost": 32305.16,
              "Plan Rows": 1,
              "Plan Width": 8,
              "Actual Startup Time": 81.167,
              "Actual Total Time": 81.168,
              "Actual Rows": 1,
              "Actual Loops": 4,
              "Plans": [
                {
                  "Node Type": "Seq Scan",
                  "Parent Relationship": "Outer",
                  "Parallel Aware": true,
                  "Relation Name": "movie_companies",
                  "Alias": "mc",
                  "Startup Cost": 0.0,
                  "Total Cost": 31414.82,
                  "Plan Rows": 356132,
                  "Plan Width": 0,
                  "Actual Startup Time": 38.842,
                  "Actual Total Time": 72.097,
                  "Actual Rows": 222198,
                  "Actual Loops": 4,
                  "Filter": "((company_id < 77589) AND (company_type_id = 2))",
                  "Rows Removed by Filter": 430085
                }
              ]
            }
          ]
        }
      ]
    },
    "Planning Time": 0.102,
    "Triggers": [],
    "Execution Time": 92.689
  }
]