[
  {
    "Plan": {
      "Node Type": "Aggregate",
      "Strategy": "Plain",
      "Partial Mode": "Finalize",
      "Parallel Aware": false,
      "Startup Cost": 30748.85,
      "Total Cost": 30748.86,
      "Plan Rows": 1,
      "Plan Width": 8,
      "Actual Startup Time": 90.135,
      "Actual Total Time": 99.282,
      "Actual Rows": 1,
      "Actual Loops": 1,
      "Plans": [
        {
          "Node Type": "Gather",
          "Parent Relationship": "Outer",
          "Parallel Aware": false,
          "Startup Cost": 30748.53,
          "Total Cost": 30748.84,
          "Plan Rows": 3,
          "Plan Width": 8,
          "Actual Startup Time": 90.007,
          "Actual Total Time": 99.275,
          "Actual Rows": 4,
          "Actual Loops": 1,
          "Workers Planned": 3,
          "Workers Launched": 3,
          "Single Copy": false,
          "Plans": [
            {
              "Node Type": "Aggregate",
              "Strategy": "Plain",
              "Partial Mode": "Partial",
              "Parent Relationship": "Outer",
              "Parallel Aware": false,
              "Startup Cost": 29748.53,
              "Total Cost": 29748.54,
              "Plan Rows": 1,
              "Plan Width": 8,
              "Actual Startup Time": 85.73,
              "Actual Total Time": 85.732,
              "Actual Rows": 1,
              "Actual Loops": 4,
              "Plans": [
                {
                  "Node Type": "Seq Scan",
                  "Parent Relationship": "Outer",
                  "Parallel Aware": true,
                  "Relation Name": "movie_companies",
                  "Alias": "mc",
                  "Startup Cost": 0.0,
                  "Total Cost": 29310.68,
                  "Plan Rows": 175141,
                  "Plan Width": 0,
                  "Actual Startup Time": 43.557,
                  "Actual Total Time": 78.773,
                  "Actual Rows": 135006,
                  "Actual Loops": 4,
                  "Filter": "(company_id > 72166)",
                  "Rows Removed by Filter": 517276
                }
              ]
            }
          ]
        }
      ]
    },
    "Planning Time": 0.193,
    "Triggers": [],
    "Execution Time": 99.336
  }
]