[
    {
        "Bao": {
            "Bao prediction": "NaN",
            "Bao recommended hint": "(no hint)"
        }
    },
    {
        "Plan": {
            "Node Type": "Aggregate",
            "Strategy": "Plain",
            "Partial Mode": "Simple",
            "Parallel Aware": false,
            "Startup Cost": 1741.04,
            "Total Cost": 1741.05,
            "Plan Rows": 1,
            "Plan Width": 8,
            "Actual Startup Time": 5.411,
            "Actual Total Time": 5.412,
            "Actual Rows": 1,
            "Actual Loops": 1,
            "Output": [
                "count(*)"
            ],
            "Plans": [
                {
                    "Node Type": "Nested Loop",
                    "Parent Relationship": "Outer",
                    "Parallel Aware": false,
                    "Join Type": "Inner",
                    "Startup Cost": 1.29,
                    "Total Cost": 1740.87,
                    "Plan Rows": 68,
                    "Plan Width": 0,
                    "Actual Startup Time": 0.048,
                    "Actual Total Time": 5.096,
                    "Actual Rows": 7692,
                    "Actual Loops": 1,
                    "Inner Unique": false,
                    "Plans": [
                        {
                            "Node Type": "Nested Loop",
                            "Parent Relationship": "Outer",
                            "Parallel Aware": false,
                            "Join Type": "Inner",
                            "Startup Cost": 0.86,
                            "Total Cost": 1655.69,
                            "Plan Rows": 138,
                            "Plan Width": 8,
                            "Actual Startup Time": 0.035,
                            "Actual Total Time": 1.303,
                            "Actual Rows": 260,
                            "Actual Loops": 1,
                            "Output": [
                                "t.id",
                                "mi_idx.movie_id"
                            ],
                            "Inner Unique": true,
                            "Plans": [
                                {
                                    "Node Type": "Index Scan",
                                    "Parent Relationship": "Outer",
                                    "Parallel Aware": false,
                                    "Scan Direction": "Forward",
                                    "Index Name": "info_type_id_movie_info_idx",
                                    "Relation Name": "movie_info_idx",
                                    "Schema": "public",
                                    "Alias": "mi_idx",
                                    "Startup Cost": 0.43,
                                    "Total Cost": 493.93,
                                    "Plan Rows": 138,
                                    "Plan Width": 4,
                                    "Actual Startup Time": 0.02,
                                    "Actual Total Time": 0.066,
                                    "Actual Rows": 260,
                                    "Actual Loops": 1,
                                    "Output": [
                                        "mi_idx.id",
                                        "mi_idx.movie_id",
                                        "mi_idx.info_type_id",
                                        "mi_idx.info",
                                        "mi_idx.note"
                                    ],
                                    "Index Cond": "(mi_idx.info_type_id > 101)",
                                    "Rows Removed by Index Recheck": 0
                                },
                                {
                                    "Node Type": "Index Only Scan",
                                    "Parent Relationship": "Inner",
                                    "Parallel Aware": false,
                                    "Scan Direction": "Forward",
                                    "Index Name": "title_pkey",
                                    "Relation Name": "title",
                                    "Schema": "public",
                                    "Alias": "t",
                                    "Startup Cost": 0.43,
                                    "Total Cost": 8.42,
                                    "Plan Rows": 1,
                                    "Plan Width": 4,
                                    "Actual Startup Time": 0.005,
                                    "Actual Total Time": 0.005,
                                    "Actual Rows": 1,
                                    "Actual Loops": 260,
                                    "Output": [
                                        "t.id"
                                    ],
                                    "Index Cond": "(t.id = mi_idx.movie_id)",
                                    "Rows Removed by Index Recheck": 0,
                                    "Heap Fetches": 260
                                }
                            ]
                        },
                        {
                            "Node Type": "Index Scan",
                            "Parent Relationship": "Inner",
                            "Parallel Aware": false,
                            "Scan Direction": "Forward",
                            "Index Name": "movie_id_movie_companies",
                            "Relation Name": "movie_companies",
                            "Schema": "public",
                            "Alias": "mc",
                            "Startup Cost": 0.43,
                            "Total Cost": 0.59,
                            "Plan Rows": 3,
                            "Plan Width": 4,
                            "Actual Startup Time": 0.005,
                            "Actual Total Time": 0.013,
                            "Actual Rows": 30,
                            "Actual Loops": 260,
                            "Output": [
                                "mc.id",
                                "mc.movie_id",
                                "mc.company_id",
                                "mc.company_type_id",
                                "mc.note"
                            ],
                            "Index Cond": "(mc.movie_id = t.id)",
                            "Rows Removed by Index Recheck": 0,
                            "Filter": "((mc.company_id < 170661) AND (mc.company_type_id = 1))",
                            "Rows Removed by Filter": 3
                        }
                    ]
                }
            ]
        },
        "Planning Time": 181.907,
        "Triggers": [],
        "Execution Time": 5.457
    }
]