{
  "Plan": {
    "Node Type": "Aggregate",
    "Strategy": "Plain",
    "Partial Mode": "Simple",
    "Parallel Aware": false,
    "Startup Cost": 648427.34,
    "Total Cost": 648427.35,
    "Plan Rows": 1,
    "Plan Width": 128,
    "Actual Startup Time": 4986.652,
    "Actual Total Time": 5033.85,
    "Actual Rows": 1,
    "Actual Loops": 1,
    "Plans": [
      {
        "Node Type": "Hash Join",
        "Parent Relationship": "Outer",
        "Parallel Aware": false,
        "Join Type": "Inner",
        "Startup Cost": 511804.44,
        "Total Cost": 648423.2,
        "Plan Rows": 414,
        "Plan Width": 64,
        "Actual Startup Time": 2247.271,
        "Actual Total Time": 5031.927,
        "Actual Rows": 8144,
        "Actual Loops": 1,
        "Inner Unique": true,
        "Hash Cond": "(ci.role_id = rt.id)",
        "Plans": [
          {
            "Node Type": "Merge Join",
            "Parent Relationship": "Outer",
            "Parallel Aware": false,
            "Join Type": "Inner",
            "Startup Cost": 511803.28,
            "Total Cost": 648404.4,
            "Plan Rows": 4965,
            "Plan Width": 68,
            "Actual Startup Time": 2247.165,
            "Actual Total Time": 5029.918,
            "Actual Rows": 8144,
            "Actual Loops": 1,
            "Inner Unique": false,
            "Merge Cond": "(chn.id = ci.person_role_id)",
            "Plans": [
              {
                "Node Type": "Index Scan",
                "Parent Relationship": "Outer",
                "Parallel Aware": false,
                "Scan Direction": "Forward",
                "Index Name": "char_name_pkey",
                "Relation Name": "char_name",
                "Alias": "chn",
                "Startup Cost": 0.43,
                "Total Cost": 128715.58,
                "Plan Rows": 3140252,
                "Plan Width": 20,
                "Actual Startup Time": 0.024,
                "Actual Total Time": 2438.88,
                "Actual Rows": 3133145,
                "Actual Loops": 1
              },
              {
                "Node Type": "Sort",
                "Parent Relationship": "Inner",
                "Parallel Aware": false,
                "Startup Cost": 511801.88,
                "Total Cost": 511814.29,
                "Plan Rows": 4965,
                "Plan Width": 56,
                "Actual Startup Time": 2246.834,
                "Actual Total Time": 2295.471,
                "Actual Rows": 8145,
                "Actual Loops": 1,
                "Sort Key": [
                  "ci.person_role_id"
                ],
                "Sort Method": "quicksort",
                "Sort Space Used": 1528,
                "Sort Space Type": "Memory",
                "Plans": [
                  {
                    "Node Type": "Gather",
                    "Parent Relationship": "Outer",
                    "Parallel Aware": false,
                    "Startup Cost": 165736.55,
                    "Total Cost": 511497.09,
                    "Plan Rows": 4965,
                    "Plan Width": 56,
                    "Actual Startup Time": 1452.304,
                    "Actual Total Time": 2290.054,
                    "Actual Rows": 8514,
                    "Actual Loops": 1,
                    "Workers Planned": 6,
                    "Workers Launched": 6,
                    "Single Copy": false,
                    "Plans": [
                      {
                        "Node Type": "Nested Loop",
                        "Parent Relationship": "Outer",
                        "Parallel Aware": false,
                        "Join Type": "Inner",
                        "Startup Cost": 164736.55,
                        "Total Cost": 510000.59,
                        "Plan Rows": 828,
                        "Plan Width": 56,
                        "Actual Startup Time": 1432.012,
                        "Actual Total Time": 2177.345,
                        "Actual Rows": 1216,
                        "Actual Loops": 7,
                        "Inner Unique": true,
                        "Plans": [
                          {
                            "Node Type": "Nested Loop",
                            "Parent Relationship": "Outer",
                            "Parallel Aware": false,
                            "Join Type": "Inner",
                            "Startup Cost": 164736.13,
                            "Total Cost": 508991.41,
                            "Plan Rows": 2263,
                            "Plan Width": 60,
                            "Actual Startup Time": 1430.788,
                            "Actual Total Time": 2165.013,
                            "Actual Rows": 2794,
                            "Actual Loops": 7,
                            "Inner Unique": false,
                            "Join Filter": "(n.id = an.person_id)",
                            "Rows Removed by Join Filter": 0,
                            "Plans": [
                              {
                                "Node Type": "Hash Join",
                                "Parent Relationship": "Outer",
                                "Parallel Aware": true,
                                "Join Type": "Inner",
                                "Startup Cost": 164735.71,
                                "Total Cost": 508469.25,
                                "Plan Rows": 951,
                                "Plan Width": 52,
                                "Actual Startup Time": 1429.852,
                                "Actual Total Time": 2155.728,
                                "Actual Rows": 2079,
                                "Actual Loops": 7,
                                "Inner Unique": false,
                                "Hash Cond": "(ci.movie_id = t.id)",
                                "Plans": [
                                  {
                                    "Node Type": "Hash Join",
                                    "Parent Relationship": "Outer",
                                    "Parallel Aware": true,
                                    "Join Type": "Inner",
                                    "Startup Cost": 71270.9,
                                    "Total Cost": 415002.2,
                                    "Plan Rows": 354,
                                    "Plan Width": 35,
                                    "Actual Startup Time": 526.157,
                                    "Actual Total Time": 1245.289,
                                    "Actual Rows": 936,
                                    "Actual Loops": 7,
                                    "Inner Unique": true,
                                    "Hash Cond": "(ci.person_id = n.id)",
                                    "Plans": [
                                      {
                                        "Node Type": "Seq Scan",
                                        "Parent Relationship": "Outer",
                                        "Parallel Aware": true,
                                        "Relation Name": "cast_info",
                                        "Alias": "ci",
                                        "Startup Cost": 0.0,
                                        "Total Cost": 343331.56,
                                        "Plan Rows": 152283,
                                        "Plan Width": 16,
                                        "Actual Startup Time": 0.049,
                                        "Actual Total Time": 1038.758,
                                        "Actual Rows": 123925,
                                        "Actual Loops": 7,
                                        "Filter": "(note = ANY ('{(voice),\"(voice: Japanese version)\",\"(voice) (uncredited)\",\"(voice: English version)\"}'::text[]))",
                                        "Rows Removed by Filter": 5053838
                                      },
                                      {
                                        "Node Type": "Hash",
                                        "Parent Relationship": "Inner",
                                        "Parallel Aware": true,
                                        "Startup Cost": 71240.66,
                                        "Total Cost": 71240.66,
                                        "Plan Rows": 2419,
                                        "Plan Width": 19,
                                        "Actual Startup Time": 187.627,
                                        "Actual Total Time": 187.628,
                                        "Actual Rows": 7144,
                                        "Actual Loops": 7,
                                        "Hash Buckets": 65536,
                                        "Original Hash Buckets": 16384,
                                        "Hash Batches": 1,
                                        "Original Hash Batches": 1,
                                        "Peak Memory Usage": 3744,
                                        "Plans": [
                                          {
                                            "Node Type": "Seq Scan",
                                            "Parent Relationship": "Outer",
                                            "Parallel Aware": true,
                                            "Relation Name": "name",
                                            "Alias": "n",
                                            "Startup Cost": 0.0,
                                            "Total Cost": 71240.66,
                                            "Plan Rows": 2419,
                                            "Plan Width": 19,
                                            "Actual Startup Time": 71.784,
                                            "Actual Total Time": 174.73,
                                            "Actual Rows": 7144,
                                            "Actual Loops": 7,
                                            "Filter": "((name ~~ '%An%'::text) AND ((gender)::text = 'f'::text))",
                                            "Rows Removed by Filter": 588211
                                          }
                                        ]
                                      }
                                    ]
                                  },
                                  {
                                    "Node Type": "Hash",
                                    "Parent Relationship": "Inner",
                                    "Parallel Aware": true,
                                    "Startup Cost": 85311.28,
                                    "Total Cost": 85311.28,
                                    "Plan Rows": 652282,
                                    "Plan Width": 29,
                                    "Actual Startup Time": 896.497,
                                    "Actual Total Time": 896.501,
                                    "Actual Rows": 372733,
                                    "Actual Loops": 7,
                                    "Hash Buckets": 4194304,
                                    "Original Hash Buckets": 4194304,
                                    "Hash Batches": 1,
                                    "Original Hash Batches": 1,
                                    "Peak Memory Usage": 203200,
                                    "Plans": [
                                      {
                                        "Node Type": "Hash Join",
                                        "Parent Relationship": "Outer",
                                        "Parallel Aware": true,
                                        "Join Type": "Inner",
                                        "Startup Cost": 37727.23,
                                        "Total Cost": 85311.28,
                                        "Plan Rows": 652282,
                                        "Plan Width": 29,
                                        "Actual Startup Time": 298.442,
                                        "Actual Total Time": 640.174,
                                        "Actual Rows": 372733,
                                        "Actual Loops": 7,
                                        "Inner Unique": false,
                                        "Hash Cond": "(t.id = mc.movie_id)",
                                        "Plans": [
                                          {
                                            "Node Type": "Seq Scan",
                                            "Parent Relationship": "Outer",
                                            "Parallel Aware": true,
                                            "Relation Name": "title",
                                            "Alias": "t",
                                            "Startup Cost": 0.0,
                                            "Total Cost": 42319.27,
                                            "Plan Rows": 632127,
                                            "Plan Width": 21,
                                            "Actual Startup Time": 0.04,
                                            "Actual Total Time": 98.621,
                                            "Actual Rows": 361187,
                                            "Actual Loops": 7
                                          },
                                          {
                                            "Node Type": "Hash",
                                            "Parent Relationship": "Inner",
                                            "Parallel Aware": true,
                                            "Startup Cost": 27206.55,
                                            "Total Cost": 27206.55,
                                            "Plan Rows": 841655,
                                            "Plan Width": 8,
                                            "Actual Startup Time": 292.817,
                                            "Actual Total Time": 292.818,
                                            "Actual Rows": 372733,
                                            "Actual Loops": 7,
                                            "Hash Buckets": 4194304,
                                            "Original Hash Buckets": 4194304,
                                            "Hash Batches": 1,
                                            "Original Hash Batches": 1,
                                            "Peak Memory Usage": 134976,
                                            "Plans": [
                                              {
                                                "Node Type": "Seq Scan",
                                                "Parent Relationship": "Outer",
                                                "Parallel Aware": true,
                                                "Relation Name": "movie_companies",
                                                "Alias": "mc",
                                                "Startup Cost": 0.0,
                                                "Total Cost": 27206.55,
                                                "Plan Rows": 841655,
                                                "Plan Width": 8,
                                                "Actual Startup Time": 0.115,
                                                "Actual Total Time": 88.657,
                                                "Actual Rows": 372733,
                                                "Actual Loops": 7
                                              }
                                            ]
                                          }
                                        ]
                                      }
                                    ]
                                  }
                                ]
                              },
                              {
                                "Node Type": "Index Scan",
                                "Parent Relationship": "Inner",
                                "Parallel Aware": false,
                                "Scan Direction": "Forward",
                                "Index Name": "person_id_aka_name",
                                "Relation Name": "aka_name",
                                "Alias": "an",
                                "Startup Cost": 0.42,
                                "Total Cost": 0.52,
                                "Plan Rows": 2,
                                "Plan Width": 20,
                                "Actual Startup Time": 0.003,
                                "Actual Total Time": 0.004,
                                "Actual Rows": 1,
                                "Actual Loops": 14556,
                                "Index Cond": "(person_id = ci.person_id)",
                                "Rows Removed by Index Recheck": 0
                              }
                            ]
                          },
                          {
                            "Node Type": "Index Scan",
                            "Parent Relationship": "Inner",
                            "Parallel Aware": false,
                            "Scan Direction": "Forward",
                            "Index Name": "company_name_pkey",
                            "Relation Name": "company_name",
                            "Alias": "cn",
                            "Startup Cost": 0.42,
                            "Total Cost": 0.45,
                            "Plan Rows": 1,
                            "Plan Width": 4,
                            "Actual Startup Time": 0.004,
                            "Actual Total Time": 0.004,
                            "Actual Rows": 0,
                            "Actual Loops": 19561,
                            "Index Cond": "(id = mc.company_id)",
                            "Rows Removed by Index Recheck": 0,
                            "Filter": "((country_code)::text = '[us]'::text)",
                            "Rows Removed by Filter": 1
                          }
                        ]
                      }
                    ]
                  }
                ]
              }
            ]
          },
          {
            "Node Type": "Hash",
            "Parent Relationship": "Inner",
            "Parallel Aware": false,
            "Startup Cost": 1.15,
            "Total Cost": 1.15,
            "Plan Rows": 1,
            "Plan Width": 4,
            "Actual Startup Time": 0.029,
            "Actual Total Time": 0.03,
            "Actual Rows": 1,
            "Actual Loops": 1,
            "Hash Buckets": 1024,
            "Original Hash Buckets": 1024,
            "Hash Batches": 1,
            "Original Hash Batches": 1,
            "Peak Memory Usage": 9,
            "Plans": [
              {
                "Node Type": "Seq Scan",
                "Parent Relationship": "Outer",
                "Parallel Aware": false,
                "Relation Name": "role_type",
                "Alias": "rt",
                "Startup Cost": 0.0,
                "Total Cost": 1.15,
                "Plan Rows": 1,
                "Plan Width": 4,
                "Actual Startup Time": 0.015,
                "Actual Total Time": 0.019,
                "Actual Rows": 1,
                "Actual Loops": 1,
                "Filter": "((role)::text = 'actress'::text)",
                "Rows Removed by Filter": 11
              }
            ]
          }
        ]
      }
    ]
  },
  "Planning Time": 18.734,
  "Triggers": [],
  "Execution Time": 5034.622
}