[
    {
        "Bao": {
            "Bao prediction": "NaN",
            "Bao recommended hint": "(no hint)"
        }
    },
    {
        "Plan": {
            "Node Type": "Aggregate",
            "Strategy": "Plain",
            "Partial Mode": "Finalize",
            "Parallel Aware": false,
            "Startup Cost": 33462.53,
            "Total Cost": 33462.54,
            "Plan Rows": 1,
            "Plan Width": 8,
            "Actual Startup Time": 113.764,
            "Actual Total Time": 119.367,
            "Actual Rows": 1,
            "Actual Loops": 1,
            "Output": [
                "count(*)"
            ],
            "Plans": [
                {
                    "Node Type": "Gather",
                    "Parent Relationship": "Outer",
                    "Parallel Aware": false,
                    "Startup Cost": 33462.22,
                    "Total Cost": 33462.53,
                    "Plan Rows": 3,
                    "Plan Width": 8,
                    "Actual Startup Time": 113.686,
                    "Actual Total Time": 119.358,
                    "Actual Rows": 4,
                    "Actual Loops": 1,
                    "Output": [
                        "(PARTIAL count(*))"
                    ],
                    "Workers Planned": 3,
                    "Workers Launched": 3,
                    "Single Copy": false,
                    "Plans": [
                        {
                            "Node Type": "Aggregate",
                            "Strategy": "Plain",
                            "Partial Mode": "Partial",
                            "Parent Relationship": "Outer",
                            "Parallel Aware": false,
                            "Startup Cost": 32462.22,
                            "Total Cost": 32462.23,
                            "Plan Rows": 1,
                            "Plan Width": 8,
                            "Actual Startup Time": 105.321,
                            "Actual Total Time": 105.322,
                            "Actual Rows": 1,
                            "Actual Loops": 4,
                            "Output": [
                                "PARTIAL count(*)"
                            ],
                            "Workers": [
                                {
                                    "Worker Number": 0,
                                    "Actual Startup Time": 102.873,
                                    "Actual Total Time": 102.875,
                                    "Actual Rows": 1,
                                    "Actual Loops": 1
                                },
                                {
                                    "Worker Number": 1,
                                    "Actual Startup Time": 102.934,
                                    "Actual Total Time": 102.935,
                                    "Actual Rows": 1,
                                    "Actual Loops": 1
                                },
                                {
                                    "Worker Number": 2,
                                    "Actual Startup Time": 102.929,
                                    "Actual Total Time": 102.93,
                                    "Actual Rows": 1,
                                    "Actual Loops": 1
                                }
                            ],
                            "Plans": [
                                {
                                    "Node Type": "Seq Scan",
                                    "Parent Relationship": "Outer",
                                    "Parallel Aware": true,
                                    "Relation Name": "movie_companies",
                                    "Schema": "public",
                                    "Alias": "mc",
                                    "Startup Cost": 0.0,
                                    "Total Cost": 31414.82,
                                    "Plan Rows": 418959,
                                    "Plan Width": 0,
                                    "Actual Startup Time": 47.462,
                                    "Actual Total Time": 89.482,
                                    "Actual Rows": 317815,
                                    "Actual Loops": 4,
                                    "Output": [
                                        "id",
                                        "movie_id",
                                        "company_id",
                                        "company_type_id",
                                        "note"
                                    ],
                                    "Filter": "((mc.company_id < 181163) AND (mc.company_type_id = 2))",
                                    "Rows Removed by Filter": 334468,
                                    "Workers": [
                                        {
                                            "Worker Number": 0,
                                            "Actual Startup Time": 45.012,
                                            "Actual Total Time": 87.423,
                                            "Actual Rows": 381541,
                                            "Actual Loops": 1
                                        },
                                        {
                                            "Worker Number": 1,
                                            "Actual Startup Time": 45.075,
                                            "Actual Total Time": 87.432,
                                            "Actual Rows": 383277,
                                            "Actual Loops": 1
                                        },
                                        {
                                            "Worker Number": 2,
                                            "Actual Startup Time": 45.079,
                                            "Actual Total Time": 87.905,
                                            "Actual Rows": 229712,
                                            "Actual Loops": 1
                                        }
                                    ]
                                }
                            ]
                        }
                    ]
                }
            ]
        },
        "Planning Time": 287.132,
        "Triggers": [],
        "Execution Time": 119.428
    }
]