[
  {
    "Plan": {
      "Node Type": "Aggregate",
      "Strategy": "Plain",
      "Partial Mode": "Finalize",
      "Parallel Aware": false,
      "Startup Cost": 62601.42,
      "Total Cost": 62601.43,
      "Plan Rows": 1,
      "Plan Width": 8,
      "Actual Startup Time": 40.771,
      "Actual Total Time": 45.639,
      "Actual Rows": 1,
      "Actual Loops": 1,
      "Plans": [
        {
          "Node Type": "Gather",
          "Parent Relationship": "Outer",
          "Parallel Aware": false,
          "Startup Cost": 62601.0,
          "Total Cost": 62601.41,
          "Plan Rows": 4,
          "Plan Width": 8,
          "Actual Startup Time": 40.567,
          "Actual Total Time": 45.634,
          "Actual Rows": 5,
          "Actual Loops": 1,
          "Workers Planned": 4,
          "Workers Launched": 4,
          "Single Copy": false,
          "Plans": [
            {
              "Node Type": "Aggregate",
              "Strategy": "Plain",
              "Partial Mode": "Partial",
              "Parent Relationship": "Outer",
              "Parallel Aware": false,
              "Startup Cost": 61601.0,
              "Total Cost": 61601.01,
              "Plan Rows": 1,
              "Plan Width": 8,
              "Actual Startup Time": 33.115,
              "Actual Total Time": 33.116,
              "Actual Rows": 1,
              "Actual Loops": 5,
              "Plans": [
                {
                  "Node Type": "Nested Loop",
                  "Parent Relationship": "Outer",
                  "Parallel Aware": false,
                  "Join Type": "Inner",
                  "Startup Cost": 1800.99,
                  "Total Cost": 61598.7,
                  "Plan Rows": 922,
                  "Plan Width": 0,
                  "Actual Startup Time": 2.943,
                  "Actual Total Time": 32.935,
                  "Actual Rows": 1506,
                  "Actual Loops": 5,
                  "Inner Unique": false,
                  "Plans": [
                    {
                      "Node Type": "Bitmap Heap Scan",
                      "Parent Relationship": "Outer",
                      "Parallel Aware": true,
                      "Relation Name": "title",
                      "Alias": "t",
                      "Startup Cost": 1800.56,
                      "Total Cost": 38176.54,
                      "Plan Rows": 158,
                      "Plan Width": 4,
                      "Actual Startup Time": 2.796,
                      "Actual Total Time": 23.298,
                      "Actual Rows": 204,
                      "Actual Loops": 5,
                      "Recheck Cond": "(kind_id = 3)",
                      "Rows Removed by Index Recheck": 0,
                      "Filter": "(production_year = 1971)",
                      "Rows Removed by Filter": 19903,
                      "Exact Heap Blocks": 7516,
                      "Lossy Heap Blocks": 0,
                      "Plans": [
                        {
                          "Node Type": "Bitmap Index Scan",
                          "Parent Relationship": "Outer",
                          "Parallel Aware": false,
                          "Index Name": "kind_id_title",
                          "Startup Cost": 0.0,
                          "Total Cost": 1800.4,
                          "Plan Rows": 100796,
                          "Plan Width": 0,
                          "Actual Startup Time": 5.205,
                          "Actual Total Time": 5.206,
                          "Actual Rows": 100537,
                          "Actual Loops": 1,
                          "Index Cond": "(kind_id = 3)"
                        }
                      ]
                    },
                    {
                      "Node Type": "Index Only Scan",
                      "Parent Relationship": "Inner",
                      "Parallel Aware": false,
                      "Scan Direction": "Forward",
                      "Index Name": "movie_id_movie_info",
                      "Relation Name": "movie_info",
                      "Alias": "mi",
                      "Startup Cost": 0.43,
                      "Total Cost": 147.85,
                      "Plan Rows": 39,
                      "Plan Width": 4,
                      "Actual Startup Time": 0.02,
                      "Actual Total Time": 0.045,
                      "Actual Rows": 7,
                      "Actual Loops": 1022,
                      "Index Cond": "(movie_id = t.id)",
                      "Rows Removed by Index Recheck": 0,
                      "Heap Fetches": 7528
                    }
                  ]
                }
              ]
            }
          ]
        }
      ]
    },
    "Planning Time": 0.218,
    "Triggers": [],
    "Execution Time": 45.674
  }
]