[
  {
    "Plan": {
      "Node Type": "Aggregate",
      "Strategy": "Plain",
      "Partial Mode": "Finalize",
      "Parallel Aware": false,
      "Startup Cost": 44964.86,
      "Total Cost": 44964.87,
      "Plan Rows": 1,
      "Plan Width": 8,
      "Actual Startup Time": 116.602,
      "Actual Total Time": 133.012,
      "Actual Rows": 1,
      "Actual Loops": 1,
      "Plans": [
        {
          "Node Type": "Gather",
          "Parent Relationship": "Outer",
          "Parallel Aware": false,
          "Startup Cost": 44964.44,
          "Total Cost": 44964.85,
          "Plan Rows": 4,
          "Plan Width": 8,
          "Actual Startup Time": 116.285,
          "Actual Total Time": 132.999,
          "Actual Rows": 5,
          "Actual Loops": 1,
          "Workers Planned": 4,
          "Workers Launched": 4,
          "Single Copy": false,
          "Plans": [
            {
              "Node Type": "Aggregate",
              "Strategy": "Plain",
              "Partial Mode": "Partial",
              "Parent Relationship": "Outer",
              "Parallel Aware": false,
              "Startup Cost": 43964.44,
              "Total Cost": 43964.45,
              "Plan Rows": 1,
              "Plan Width": 8,
              "Actual Startup Time": 106.514,
              "Actual Total Time": 106.515,
              "Actual Rows": 1,
              "Actual Loops": 5,
              "Plans": [
                {
                  "Node Type": "Seq Scan",
                  "Parent Relationship": "Outer",
                  "Parallel Aware": true,
                  "Relation Name": "title",
                  "Alias": "t",
                  "Startup Cost": 0.0,
                  "Total Cost": 43899.32,
                  "Plan Rows": 26048,
                  "Plan Width": 0,
                  "Actual Startup Time": 54.721,
                  "Actual Total Time": 104.88,
                  "Actual Rows": 22503,
                  "Actual Loops": 5,
                  "Filter": "(production_year < 1929)",
                  "Rows Removed by Filter": 483159
                }
              ]
            }
          ]
        }
      ]
    },
    "Planning Time": 0.165,
    "Triggers": [],
    "Execution Time": 133.079
  }
]