{
  "Plan": {
    "Node Type": "Aggregate",
    "Strategy": "Plain",
    "Partial Mode": "Finalize",
    "Parallel Aware": false,
    "Startup Cost": 355624.51,
    "Total Cost": 355624.52,
    "Plan Rows": 1,
    "Plan Width": 8,
    "Actual Startup Time": 2975.608,
    "Actual Total Time": 3031.364,
    "Actual Rows": 1,
    "Actual Loops": 1,
    "Plans": [
      {
        "Node Type": "Gather",
        "Parent Relationship": "Outer",
        "Parallel Aware": false,
        "Startup Cost": 355624.4,
        "Total Cost": 355624.51,
        "Plan Rows": 1,
        "Plan Width": 8,
        "Actual Startup Time": 2971.182,
        "Actual Total Time": 3031.358,
        "Actual Rows": 2,
        "Actual Loops": 1,
        "Workers Planned": 1,
        "Workers Launched": 1,
        "Single Copy": false,
        "Plans": [
          {
            "Node Type": "Aggregate",
            "Strategy": "Plain",
            "Partial Mode": "Partial",
            "Parent Relationship": "Outer",
            "Parallel Aware": false,
            "Startup Cost": 354624.4,
            "Total Cost": 354624.41,
            "Plan Rows": 1,
            "Plan Width": 8,
            "Actual Startup Time": 2958.743,
            "Actual Total Time": 2958.746,
            "Actual Rows": 1,
            "Actual Loops": 2,
            "Plans": [
              {
                "Node Type": "Nested Loop",
                "Parent Relationship": "Outer",
                "Parallel Aware": false,
                "Join Type": "Inner",
                "Startup Cost": 74168.83,
                "Total Cost": 352716.8,
                "Plan Rows": 763041,
                "Plan Width": 0,
                "Actual Startup Time": 545.245,
                "Actual Total Time": 2681.782,
                "Actual Rows": 6533225,
                "Actual Loops": 2,
                "Inner Unique": false,
                "Plans": [
                  {
                    "Node Type": "Hash Join",
                    "Parent Relationship": "Outer",
                    "Parallel Aware": true,
                    "Join Type": "Inner",
                    "Startup Cost": 74168.4,
                    "Total Cost": 100596.13,
                    "Plan Rows": 130495,
                    "Plan Width": 8,
                    "Actual Startup Time": 545.177,
                    "Actual Total Time": 634.82,
                    "Actual Rows": 106574,
                    "Actual Loops": 2,
                    "Inner Unique": true,
                    "Hash Cond": "(mk.movie_id = t.id)",
                    "Plans": [
                      {
                        "Node Type": "Bitmap Heap Scan",
                        "Parent Relationship": "Outer",
                        "Parallel Aware": true,
                        "Relation Name": "movie_keyword",
                        "Alias": "mk",
                        "Startup Cost": 4707.7,
                        "Total Cost": 30792.88,
                        "Plan Rows": 130495,
                        "Plan Width": 4,
                        "Actual Startup Time": 15.686,
                        "Actual Total Time": 58.623,
                        "Actual Rows": 106574,
                        "Actual Loops": 2,
                        "Recheck Cond": "(keyword_id > 65954)",
                        "Rows Removed by Index Recheck": 0,
                        "Exact Heap Blocks": 10883,
                        "Lossy Heap Blocks": 0,
                        "Plans": [
                          {
                            "Node Type": "Bitmap Index Scan",
                            "Parent Relationship": "Outer",
                            "Parallel Aware": false,
                            "Index Name": "keyword_id_movie_keyword",
                            "Startup Cost": 0.0,
                            "Total Cost": 4652.24,
                            "Plan Rows": 221841,
                            "Plan Width": 0,
                            "Actual Startup Time": 12.671,
                            "Actual Total Time": 12.672,
                            "Actual Rows": 213148,
                            "Actual Loops": 1,
                            "Index Cond": "(keyword_id > 65954)"
                          }
                        ]
                      },
                      {
                        "Node Type": "Hash",
                        "Parent Relationship": "Inner",
                        "Parallel Aware": true,
                        "Startup Cost": 50870.31,
                        "Total Cost": 50870.31,
                        "Plan Rows": 1487231,
                        "Plan Width": 4,
                        "Actual Startup Time": 508.776,
                        "Actual Total Time": 508.777,
                        "Actual Rows": 1264156,
                        "Actual Loops": 2,
                        "Hash Buckets": 4194304,
                        "Original Hash Buckets": 4194304,
                        "Hash Batches": 1,
                        "Original Hash Batches": 1,
                        "Peak Memory Usage": 131712,
                        "Plans": [
                          {
                            "Node Type": "Seq Scan",
                            "Parent Relationship": "Outer",
                            "Parallel Aware": true,
                            "Relation Name": "title",
                            "Alias": "t",
                            "Startup Cost": 0.0,
                            "Total Cost": 50870.31,
                            "Plan Rows": 1487231,
                            "Plan Width": 4,
                            "Actual Startup Time": 0.018,
                            "Actual Total Time": 154.112,
                            "Actual Rows": 1264156,
                            "Actual Loops": 2
                          }
                        ]
                      }
                    ]
                  },
                  {
                    "Node Type": "Index Only Scan",
                    "Parent Relationship": "Inner",
                    "Parallel Aware": false,
                    "Scan Direction": "Forward",
                    "Index Name": "movie_id_movie_info",
                    "Relation Name": "movie_info",
                    "Alias": "mi",
                    "Startup Cost": 0.43,
                    "Total Cost": 1.51,
                    "Plan Rows": 42,
                    "Plan Width": 4,
                    "Actual Startup Time": 0.003,
                    "Actual Total Time": 0.015,
                    "Actual Rows": 61,
                    "Actual Loops": 213148,
                    "Index Cond": "(movie_id = t.id)",
                    "Rows Removed by Index Recheck": 0,
                    "Heap Fetches": 13066450
                  }
                ]
              }
            ]
          }
        ]
      }
    ]
  },
  "Planning Time": 0.908,
  "Triggers": [],
  "Execution Time": 3031.479
}