[
  {
    "Plan": {
      "Node Type": "Aggregate",
      "Strategy": "Plain",
      "Partial Mode": "Finalize",
      "Parallel Aware": false,
      "Startup Cost": 46349.61,
      "Total Cost": 46349.62,
      "Plan Rows": 1,
      "Plan Width": 8,
      "Actual Startup Time": 172.909,
      "Actual Total Time": 182.355,
      "Actual Rows": 1,
      "Actual Loops": 1,
      "Plans": [
        {
          "Node Type": "Gather",
          "Parent Relationship": "Outer",
          "Parallel Aware": false,
          "Startup Cost": 46349.3,
          "Total Cost": 46349.61,
          "Plan Rows": 3,
          "Plan Width": 8,
          "Actual Startup Time": 172.833,
          "Actual Total Time": 182.346,
          "Actual Rows": 4,
          "Actual Loops": 1,
          "Workers Planned": 3,
          "Workers Launched": 3,
          "Single Copy": false,
          "Plans": [
            {
              "Node Type": "Aggregate",
              "Strategy": "Plain",
              "Partial Mode": "Partial",
              "Parent Relationship": "Outer",
              "Parallel Aware": false,
              "Startup Cost": 45349.3,
              "Total Cost": 45349.31,
              "Plan Rows": 1,
              "Plan Width": 8,
              "Actual Startup Time": 167.006,
              "Actual Total Time": 167.007,
              "Actual Rows": 1,
              "Actual Loops": 4,
              "Plans": [
                {
                  "Node Type": "Seq Scan",
                  "Parent Relationship": "Outer",
                  "Parallel Aware": true,
                  "Relation Name": "movie_keyword",
                  "Alias": "mk",
                  "Startup Cost": 0.0,
                  "Total Cost": 42695.65,
                  "Plan Rows": 1061457,
                  "Plan Width": 0,
                  "Actual Startup Time": 0.054,
                  "Actual Total Time": 126.577,
                  "Actual Rows": 820908,
                  "Actual Loops": 4,
                  "Filter": "(keyword_id < 14586)",
                  "Rows Removed by Filter": 310075
                }
              ]
            }
          ]
        }
      ]
    },
    "Planning Time": 0.158,
    "Triggers": [],
    "Execution Time": 182.403
  }
]