{
  "Plan": {
    "Node Type": "Aggregate",
    "Strategy": "Plain",
    "Partial Mode": "Finalize",
    "Parallel Aware": false,
    "Startup Cost": 423523.36,
    "Total Cost": 423523.37,
    "Plan Rows": 1,
    "Plan Width": 8,
    "Actual Startup Time": 4592.645,
    "Actual Total Time": 4684.189,
    "Actual Rows": 1,
    "Actual Loops": 1,
    "Plans": [
      {
        "Node Type": "Gather",
        "Parent Relationship": "Outer",
        "Parallel Aware": false,
        "Startup Cost": 423523.24,
        "Total Cost": 423523.35,
        "Plan Rows": 1,
        "Plan Width": 8,
        "Actual Startup Time": 4585.685,
        "Actual Total Time": 4684.178,
        "Actual Rows": 2,
        "Actual Loops": 1,
        "Workers Planned": 1,
        "Workers Launched": 1,
        "Single Copy": false,
        "Plans": [
          {
            "Node Type": "Aggregate",
            "Strategy": "Plain",
            "Partial Mode": "Partial",
            "Parent Relationship": "Outer",
            "Parallel Aware": false,
            "Startup Cost": 422523.24,
            "Total Cost": 422523.25,
            "Plan Rows": 1,
            "Plan Width": 8,
            "Actual Startup Time": 4573.782,
            "Actual Total Time": 4573.786,
            "Actual Rows": 1,
            "Actual Loops": 2,
            "Plans": [
              {
                "Node Type": "Nested Loop",
                "Parent Relationship": "Outer",
                "Parallel Aware": false,
                "Join Type": "Inner",
                "Startup Cost": 74598.16,
                "Total Cost": 419256.71,
                "Plan Rows": 1306614,
                "Plan Width": 0,
                "Actual Startup Time": 536.927,
                "Actual Total Time": 4449.281,
                "Actual Rows": 2807386,
                "Actual Loops": 2,
                "Inner Unique": false,
                "Plans": [
                  {
                    "Node Type": "Hash Join",
                    "Parent Relationship": "Outer",
                    "Parallel Aware": true,
                    "Join Type": "Inner",
                    "Startup Cost": 74597.59,
                    "Total Cost": 101205.78,
                    "Plan Rows": 142426,
                    "Plan Width": 8,
                    "Actual Startup Time": 536.743,
                    "Actual Total Time": 667.401,
                    "Actual Rows": 123242,
                    "Actual Loops": 2,
                    "Inner Unique": true,
                    "Hash Cond": "(mk.movie_id = t.id)",
                    "Plans": [
                      {
                        "Node Type": "Bitmap Heap Scan",
                        "Parent Relationship": "Outer",
                        "Parallel Aware": true,
                        "Relation Name": "movie_keyword",
                        "Alias": "mk",
                        "Startup Cost": 5136.89,
                        "Total Cost": 31371.22,
                        "Plan Rows": 142426,
                        "Plan Width": 4,
                        "Actual Startup Time": 17.563,
                        "Actual Total Time": 71.577,
                        "Actual Rows": 123242,
                        "Actual Loops": 2,
                        "Recheck Cond": "(keyword_id < 213)",
                        "Rows Removed by Index Recheck": 0,
                        "Exact Heap Blocks": 12480,
                        "Lossy Heap Blocks": 0,
                        "Plans": [
                          {
                            "Node Type": "Bitmap Index Scan",
                            "Parent Relationship": "Outer",
                            "Parallel Aware": false,
                            "Index Name": "keyword_id_movie_keyword",
                            "Startup Cost": 0.0,
                            "Total Cost": 5076.36,
                            "Plan Rows": 242124,
                            "Plan Width": 0,
                            "Actual Startup Time": 14.015,
                            "Actual Total Time": 14.016,
                            "Actual Rows": 246484,
                            "Actual Loops": 1,
                            "Index Cond": "(keyword_id < 213)"
                          }
                        ]
                      },
                      {
                        "Node Type": "Hash",
                        "Parent Relationship": "Inner",
                        "Parallel Aware": true,
                        "Startup Cost": 50870.31,
                        "Total Cost": 50870.31,
                        "Plan Rows": 1487231,
                        "Plan Width": 4,
                        "Actual Startup Time": 497.297,
                        "Actual Total Time": 497.298,
                        "Actual Rows": 1264156,
                        "Actual Loops": 2,
                        "Hash Buckets": 4194304,
                        "Original Hash Buckets": 4194304,
                        "Hash Batches": 1,
                        "Original Hash Batches": 1,
                        "Peak Memory Usage": 131712,
                        "Plans": [
                          {
                            "Node Type": "Seq Scan",
                            "Parent Relationship": "Outer",
                            "Parallel Aware": true,
                            "Relation Name": "title",
                            "Alias": "t",
                            "Startup Cost": 0.0,
                            "Total Cost": 50870.31,
                            "Plan Rows": 1487231,
                            "Plan Width": 4,
                            "Actual Startup Time": 0.025,
                            "Actual Total Time": 153.759,
                            "Actual Rows": 1264156,
                            "Actual Loops": 2
                          }
                        ]
                      }
                    ]
                  },
                  {
                    "Node Type": "Index Scan",
                    "Parent Relationship": "Inner",
                    "Parallel Aware": false,
                    "Scan Direction": "Forward",
                    "Index Name": "movie_id_cast_info",
                    "Relation Name": "cast_info",
                    "Alias": "ci",
                    "Startup Cost": 0.56,
                    "Total Cost": 2.0,
                    "Plan Rows": 23,
                    "Plan Width": 4,
                    "Actual Startup Time": 0.013,
                    "Actual Total Time": 0.029,
                    "Actual Rows": 23,
                    "Actual Loops": 246484,
                    "Index Cond": "(movie_id = t.id)",
                    "Rows Removed by Index Recheck": 0,
                    "Filter": "((person_id < 3904707) AND (role_id > 1))",
                    "Rows Removed by Filter": 16
                  }
                ]
              }
            ]
          }
        ]
      }
    ]
  },
  "Planning Time": 1.06,
  "Triggers": [],
  "Execution Time": 4684.318
}