[
  {
    "Plan": {
      "Node Type": "Aggregate",
      "Strategy": "Plain",
      "Partial Mode": "Finalize",
      "Parallel Aware": false,
      "Startup Cost": 73016.79,
      "Total Cost": 73016.8,
      "Plan Rows": 1,
      "Plan Width": 8,
      "Actual Startup Time": 252.218,
      "Actual Total Time": 265.425,
      "Actual Rows": 1,
      "Actual Loops": 1,
      "Plans": [
        {
          "Node Type": "Gather",
          "Parent Relationship": "Outer",
          "Parallel Aware": false,
          "Startup Cost": 73016.37,
          "Total Cost": 73016.78,
          "Plan Rows": 4,
          "Plan Width": 8,
          "Actual Startup Time": 250.972,
          "Actual Total Time": 265.415,
          "Actual Rows": 5,
          "Actual Loops": 1,
          "Workers Planned": 4,
          "Workers Launched": 4,
          "Single Copy": false,
          "Plans": [
            {
              "Node Type": "Aggregate",
              "Strategy": "Plain",
              "Partial Mode": "Partial",
              "Parent Relationship": "Outer",
              "Parallel Aware": false,
              "Startup Cost": 72016.37,
              "Total Cost": 72016.38,
              "Plan Rows": 1,
              "Plan Width": 8,
              "Actual Startup Time": 240.53,
              "Actual Total Time": 240.533,
              "Actual Rows": 1,
              "Actual Loops": 5,
              "Plans": [
                {
                  "Node Type": "Hash Join",
                  "Parent Relationship": "Outer",
                  "Parallel Aware": true,
                  "Join Type": "Inner",
                  "Startup Cost": 26181.46,
                  "Total Cost": 71861.02,
                  "Plan Rows": 62143,
                  "Plan Width": 0,
                  "Actual Startup Time": 167.328,
                  "Actual Total Time": 238.17,
                  "Actual Rows": 49228,
                  "Actual Loops": 5,
                  "Inner Unique": false,
                  "Hash Cond": "(t.id = mc.movie_id)",
                  "Plans": [
                    {
                      "Node Type": "Seq Scan",
                      "Parent Relationship": "Outer",
                      "Parallel Aware": true,
                      "Relation Name": "title",
                      "Alias": "t",
                      "Startup Cost": 0.0,
                      "Total Cost": 42318.73,
                      "Plan Rows": 632073,
                      "Plan Width": 4,
                      "Actual Startup Time": 0.013,
                      "Actual Total Time": 69.424,
                      "Actual Rows": 505662,
                      "Actual Loops": 5
                    },
                    {
                      "Node Type": "Hash",
                      "Parent Relationship": "Inner",
                      "Parallel Aware": true,
                      "Startup Cost": 25179.16,
                      "Total Cost": 25179.16,
                      "Plan Rows": 80184,
                      "Plan Width": 4,
                      "Actual Startup Time": 72.86,
                      "Actual Total Time": 72.861,
                      "Actual Rows": 49228,
                      "Actual Loops": 5,
                      "Hash Buckets": 262144,
                      "Original Hash Buckets": 262144,
                      "Hash Batches": 1,
                      "Original Hash Batches": 1,
                      "Peak Memory Usage": 11744,
                      "Plans": [
                        {
                          "Node Type": "Bitmap Heap Scan",
                          "Parent Relationship": "Outer",
                          "Parallel Aware": true,
                          "Relation Name": "movie_companies",
                          "Alias": "mc",
                          "Startup Cost": 5386.86,
                          "Total Cost": 25179.16,
                          "Plan Rows": 80184,
                          "Plan Width": 4,
                          "Actual Startup Time": 19.215,
                          "Actual Total Time": 46.87,
                          "Actual Rows": 49228,
                          "Actual Loops": 5,
                          "Recheck Cond": "(company_id > 101818)",
                          "Rows Removed by Index Recheck": 0,
                          "Exact Heap Blocks": 1511,
                          "Lossy Heap Blocks": 0,
                          "Plans": [
                            {
                              "Node Type": "Bitmap Index Scan",
                              "Parent Relationship": "Outer",
                              "Parallel Aware": false,
                              "Index Name": "company_id_movie_companies",
                              "Startup Cost": 0.0,
                              "Total Cost": 5324.71,
                              "Plan Rows": 248571,
                              "Plan Width": 0,
                              "Actual Startup Time": 21.309,
                              "Actual Total Time": 21.309,
                              "Actual Rows": 246141,
                              "Actual Loops": 1,
                              "Index Cond": "(company_id > 101818)"
                            }
                          ]
                        }
                      ]
                    }
                  ]
                }
              ]
            }
          ]
        }
      ]
    },
    "Planning Time": 0.644,
    "Triggers": [],
    "Execution Time": 265.515
  }
]