[
  {
    "Plan": {
      "Node Type": "Aggregate",
      "Strategy": "Plain",
      "Partial Mode": "Finalize",
      "Parallel Aware": false,
      "Startup Cost": 10210.0,
      "Total Cost": 10210.01,
      "Plan Rows": 1,
      "Plan Width": 8,
      "Actual Startup Time": 24.995,
      "Actual Total Time": 28.531,
      "Actual Rows": 1,
      "Actual Loops": 1,
      "Plans": [
        {
          "Node Type": "Gather",
          "Parent Relationship": "Outer",
          "Parallel Aware": false,
          "Startup Cost": 10209.68,
          "Total Cost": 10209.99,
          "Plan Rows": 3,
          "Plan Width": 8,
          "Actual Startup Time": 24.884,
          "Actual Total Time": 28.525,
          "Actual Rows": 4,
          "Actual Loops": 1,
          "Workers Planned": 3,
          "Workers Launched": 3,
          "Single Copy": false,
          "Plans": [
            {
              "Node Type": "Aggregate",
              "Strategy": "Plain",
              "Partial Mode": "Partial",
              "Parent Relationship": "Outer",
              "Parallel Aware": false,
              "Startup Cost": 9209.68,
              "Total Cost": 9209.69,
              "Plan Rows": 1,
              "Plan Width": 8,
              "Actual Startup Time": 21.042,
              "Actual Total Time": 21.042,
              "Actual Rows": 1,
              "Actual Loops": 4,
              "Plans": [
                {
                  "Node Type": "Index Scan",
                  "Parent Relationship": "Outer",
                  "Parallel Aware": true,
                  "Scan Direction": "Forward",
                  "Index Name": "role_id_cast_info",
                  "Relation Name": "cast_info",
                  "Alias": "ci",
                  "Startup Cost": 0.56,
                  "Total Cost": 9091.72,
                  "Plan Rows": 47182,
                  "Plan Width": 0,
                  "Actual Startup Time": 0.073,
                  "Actual Total Time": 19.916,
                  "Actual Rows": 16740,
                  "Actual Loops": 4,
                  "Index Cond": "(role_id > 10)",
                  "Rows Removed by Index Recheck": 0,
                  "Filter": "(person_id < 1679924)",
                  "Rows Removed by Filter": 62290
                }
              ]
            }
          ]
        }
      ]
    },
    "Planning Time": 0.113,
    "Triggers": [],
    "Execution Time": 28.558
  }
]