[
  {
    "Plan": {
      "Node Type": "Aggregate",
      "Strategy": "Plain",
      "Partial Mode": "Simple",
      "Parallel Aware": false,
      "Startup Cost": 3931.96,
      "Total Cost": 3931.97,
      "Plan Rows": 1,
      "Plan Width": 8,
      "Actual Startup Time": 0.329,
      "Actual Total Time": 0.331,
      "Actual Rows": 1,
      "Actual Loops": 1,
      "Plans": [
        {
          "Node Type": "Nested Loop",
          "Parent Relationship": "Outer",
          "Parallel Aware": false,
          "Join Type": "Inner",
          "Startup Cost": 1.43,
          "Total Cost": 3931.52,
          "Plan Rows": 178,
          "Plan Width": 0,
          "Actual Startup Time": 0.179,
          "Actual Total Time": 0.325,
          "Actual Rows": 8,
          "Actual Loops": 1,
          "Inner Unique": false,
          "Plans": [
            {
              "Node Type": "Nested Loop",
              "Parent Relationship": "Outer",
              "Parallel Aware": false,
              "Join Type": "Inner",
              "Startup Cost": 0.99,
              "Total Cost": 3692.42,
              "Plan Rows": 126,
              "Plan Width": 8,
              "Actual Startup Time": 0.162,
              "Actual Total Time": 0.267,
              "Actual Rows": 4,
              "Actual Loops": 1,
              "Inner Unique": true,
              "Plans": [
                {
                  "Node Type": "Index Scan",
                  "Parent Relationship": "Outer",
                  "Parallel Aware": false,
                  "Scan Direction": "Forward",
                  "Index Name": "person_id_cast_info",
                  "Relation Name": "cast_info",
                  "Alias": "ci",
                  "Startup Cost": 0.56,
                  "Total Cost": 987.07,
                  "Plan Rows": 323,
                  "Plan Width": 4,
                  "Actual Startup Time": 0.141,
                  "Actual Total Time": 0.15,
                  "Actual Rows": 11,
                  "Actual Loops": 1,
                  "Index Cond": "(person_id = 331122)",
                  "Rows Removed by Index Recheck": 0,
                  "Filter": "(role_id < 4)",
                  "Rows Removed by Filter": 2
                },
                {
                  "Node Type": "Index Scan",
                  "Parent Relationship": "Inner",
                  "Parallel Aware": false,
                  "Scan Direction": "Forward",
                  "Index Name": "title_pkey",
                  "Relation Name": "title",
                  "Alias": "t",
                  "Startup Cost": 0.43,
                  "Total Cost": 8.38,
                  "Plan Rows": 1,
                  "Plan Width": 4,
                  "Actual Startup Time": 0.01,
                  "Actual Total Time": 0.01,
                  "Actual Rows": 0,
                  "Actual Loops": 11,
                  "Index Cond": "(id = ci.movie_id)",
                  "Rows Removed by Index Recheck": 0,
                  "Filter": "(kind_id < 7)",
                  "Rows Removed by Filter": 1
                }
              ]
            },
            {
              "Node Type": "Index Scan",
              "Parent Relationship": "Inner",
              "Parallel Aware": false,
              "Scan Direction": "Forward",
              "Index Name": "movie_id_movie_keyword",
              "Relation Name": "movie_keyword",
              "Alias": "mk",
              "Startup Cost": 0.43,
              "Total Cost": 1.54,
              "Plan Rows": 36,
              "Plan Width": 4,
              "Actual Startup Time": 0.012,
              "Actual Total Time": 0.013,
              "Actual Rows": 2,
              "Actual Loops": 4,
              "Index Cond": "(movie_id = t.id)",
              "Rows Removed by Index Recheck": 0,
              "Filter": "(keyword_id < 20042)",
              "Rows Removed by Filter": 0
            }
          ]
        }
      ]
    },
    "Planning Time": 0.946,
    "Triggers": [],
    "Execution Time": 0.373
  }
]