[
  {
    "Plan": {
      "Node Type": "Aggregate",
      "Strategy": "Plain",
      "Partial Mode": "Finalize",
      "Parallel Aware": false,
      "Startup Cost": 44325.28,
      "Total Cost": 44325.29,
      "Plan Rows": 1,
      "Plan Width": 8,
      "Actual Startup Time": 104.589,
      "Actual Total Time": 115.66,
      "Actual Rows": 1,
      "Actual Loops": 1,
      "Plans": [
        {
          "Node Type": "Gather",
          "Parent Relationship": "Outer",
          "Parallel Aware": false,
          "Startup Cost": 44324.96,
          "Total Cost": 44325.27,
          "Plan Rows": 3,
          "Plan Width": 8,
          "Actual Startup Time": 104.431,
          "Actual Total Time": 115.65,
          "Actual Rows": 4,
          "Actual Loops": 1,
          "Workers Planned": 3,
          "Workers Launched": 3,
          "Single Copy": false,
          "Plans": [
            {
              "Node Type": "Aggregate",
              "Strategy": "Plain",
              "Partial Mode": "Partial",
              "Parent Relationship": "Outer",
              "Parallel Aware": false,
              "Startup Cost": 43324.96,
              "Total Cost": 43324.97,
              "Plan Rows": 1,
              "Plan Width": 8,
              "Actual Startup Time": 100.591,
              "Actual Total Time": 100.592,
              "Actual Rows": 1,
              "Actual Loops": 4,
              "Plans": [
                {
                  "Node Type": "Seq Scan",
                  "Parent Relationship": "Outer",
                  "Parallel Aware": true,
                  "Relation Name": "movie_keyword",
                  "Alias": "mk",
                  "Startup Cost": 0.0,
                  "Total Cost": 42695.65,
                  "Plan Rows": 251722,
                  "Plan Width": 0,
                  "Actual Startup Time": 0.031,
                  "Actual Total Time": 91.472,
                  "Actual Rows": 196117,
                  "Actual Loops": 4,
                  "Filter": "(keyword_id < 750)",
                  "Rows Removed by Filter": 934866
                }
              ]
            }
          ]
        }
      ]
    },
    "Planning Time": 0.173,
    "Triggers": [],
    "Execution Time": 115.709
  }
]