[
    {
        "Bao": {
            "Bao prediction": "NaN",
            "Bao recommended hint": "(no hint)"
        }
    },
    {
        "Plan": {
            "Node Type": "Aggregate",
            "Strategy": "Plain",
            "Partial Mode": "Finalize",
            "Parallel Aware": false,
            "Startup Cost": 340020.71,
            "Total Cost": 340020.72,
            "Plan Rows": 1,
            "Plan Width": 8,
            "Actual Startup Time": 267.975,
            "Actual Total Time": 305.301,
            "Actual Rows": 1,
            "Actual Loops": 1,
            "Output": [
                "count(*)"
            ],
            "Plans": [
                {
                    "Node Type": "Gather",
                    "Parent Relationship": "Outer",
                    "Parallel Aware": false,
                    "Startup Cost": 340020.29,
                    "Total Cost": 340020.7,
                    "Plan Rows": 4,
                    "Plan Width": 8,
                    "Actual Startup Time": 267.686,
                    "Actual Total Time": 305.293,
                    "Actual Rows": 5,
                    "Actual Loops": 1,
                    "Output": [
                        "(PARTIAL count(*))"
                    ],
                    "Workers Planned": 4,
                    "Workers Launched": 4,
                    "Single Copy": false,
                    "Plans": [
                        {
                            "Node Type": "Aggregate",
                            "Strategy": "Plain",
                            "Partial Mode": "Partial",
                            "Parent Relationship": "Outer",
                            "Parallel Aware": false,
                            "Startup Cost": 339020.29,
                            "Total Cost": 339020.3,
                            "Plan Rows": 1,
                            "Plan Width": 8,
                            "Actual Startup Time": 258.423,
                            "Actual Total Time": 258.425,
                            "Actual Rows": 1,
                            "Actual Loops": 5,
                            "Output": [
                                "PARTIAL count(*)"
                            ],
                            "Workers": [
                                {
                                    "Worker Number": 0,
                                    "Actual Startup Time": 256.449,
                                    "Actual Total Time": 256.451,
                                    "Actual Rows": 1,
                                    "Actual Loops": 1
                                },
                                {
                                    "Worker Number": 1,
                                    "Actual Startup Time": 256.295,
                                    "Actual Total Time": 256.297,
                                    "Actual Rows": 1,
                                    "Actual Loops": 1
                                },
                                {
                                    "Worker Number": 2,
                                    "Actual Startup Time": 256.402,
                                    "Actual Total Time": 256.404,
                                    "Actual Rows": 1,
                                    "Actual Loops": 1
                                },
                                {
                                    "Worker Number": 3,
                                    "Actual Startup Time": 256.306,
                                    "Actual Total Time": 256.308,
                                    "Actual Rows": 1,
                                    "Actual Loops": 1
                                }
                            ],
                            "Plans": [
                                {
                                    "Node Type": "Nested Loop",
                                    "Parent Relationship": "Outer",
                                    "Parallel Aware": false,
                                    "Join Type": "Inner",
                                    "Startup Cost": 1672.21,
                                    "Total Cost": 338683.44,
                                    "Plan Rows": 134737,
                                    "Plan Width": 0,
                                    "Actual Startup Time": 4.123,
                                    "Actual Total Time": 252.265,
                                    "Actual Rows": 84141,
                                    "Actual Loops": 5,
                                    "Inner Unique": false,
                                    "Workers": [
                                        {
                                            "Worker Number": 0,
                                            "Actual Startup Time": 2.074,
                                            "Actual Total Time": 249.982,
                                            "Actual Rows": 45805,
                                            "Actual Loops": 1
                                        },
                                        {
                                            "Worker Number": 1,
                                            "Actual Startup Time": 2.036,
                                            "Actual Total Time": 250.622,
                                            "Actual Rows": 69737,
                                            "Actual Loops": 1
                                        },
                                        {
                                            "Worker Number": 2,
                                            "Actual Startup Time": 2.488,
                                            "Actual Total Time": 250.841,
                                            "Actual Rows": 65965,
                                            "Actual Loops": 1
                                        },
                                        {
                                            "Worker Number": 3,
                                            "Actual Startup Time": 2.075,
                                            "Actual Total Time": 250.562,
                                            "Actual Rows": 69551,
                                            "Actual Loops": 1
                                        }
                                    ],
                                    "Plans": [
                                        {
                                            "Node Type": "Bitmap Heap Scan",
                                            "Parent Relationship": "Outer",
                                            "Parallel Aware": true,
                                            "Relation Name": "title",
                                            "Schema": "public",
                                            "Alias": "t",
                                            "Startup Cost": 1671.64,
                                            "Total Cost": 38018.55,
                                            "Plan Rows": 9397,
                                            "Plan Width": 4,
                                            "Actual Startup Time": 3.878,
                                            "Actual Total Time": 23.009,
                                            "Actual Rows": 7825,
                                            "Actual Loops": 5,
                                            "Output": [
                                                "t.id",
                                                "t.title",
                                                "t.imdb_index",
                                                "t.kind_id",
                                                "t.production_year",
                                                "t.imdb_id",
                                                "t.phonetic_code",
                                                "t.episode_of_id",
                                                "t.season_nr",
                                                "t.episode_nr",
                                                "t.series_years",
                                                "t.md5sum"
                                            ],
                                            "Recheck Cond": "(t.kind_id = 2)",
                                            "Rows Removed by Index Recheck": 0,
                                            "Filter": "(t.production_year < 2000)",
                                            "Rows Removed by Filter": 10345,
                                            "Exact Heap Blocks": 9713,
                                            "Lossy Heap Blocks": 0,
                                            "Workers": [
                                                {
                                                    "Worker Number": 0,
                                                    "Actual Startup Time": 1.84,
                                                    "Actual Total Time": 19.75,
                                                    "Actual Rows": 4258,
                                                    "Actual Loops": 1
                                                },
                                                {
                                                    "Worker Number": 1,
                                                    "Actual Startup Time": 1.802,
                                                    "Actual Total Time": 19.427,
                                                    "Actual Rows": 6292,
                                                    "Actual Loops": 1
                                                },
                                                {
                                                    "Worker Number": 2,
                                                    "Actual Startup Time": 1.997,
                                                    "Actual Total Time": 22.101,
                                                    "Actual Rows": 6172,
                                                    "Actual Loops": 1
                                                },
                                                {
                                                    "Worker Number": 3,
                                                    "Actual Startup Time": 1.832,
                                                    "Actual Total Time": 19.846,
                                                    "Actual Rows": 6439,
                                                    "Actual Loops": 1
                                                }
                                            ],
                                            "Plans": [
                                                {
                                                    "Node Type": "Bitmap Index Scan",
                                                    "Parent Relationship": "Outer",
                                                    "Parallel Aware": false,
                                                    "Index Name": "kind_id_title",
                                                    "Startup Cost": 0.0,
                                                    "Total Cost": 1662.25,
                                                    "Plan Rows": 93042,
                                                    "Plan Width": 0,
                                                    "Actual Startup Time": 7.848,
                                                    "Actual Total Time": 7.849,
                                                    "Actual Rows": 90852,
                                                    "Actual Loops": 1,
                                                    "Index Cond": "(t.kind_id = 2)"
                                                }
                                            ]
                                        },
                                        {
                                            "Node Type": "Index Only Scan",
                                            "Parent Relationship": "Inner",
                                            "Parallel Aware": false,
                                            "Scan Direction": "Forward",
                                            "Index Name": "movie_id_cast_info",
                                            "Relation Name": "cast_info",
                                            "Schema": "public",
                                            "Alias": "ci",
                                            "Startup Cost": 0.56,
                                            "Total Cost": 31.62,
                                            "Plan Rows": 38,
                                            "Plan Width": 4,
                                            "Actual Startup Time": 0.009,
                                            "Actual Total Time": 0.028,
                                            "Actual Rows": 11,
                                            "Actual Loops": 39125,
                                            "Output": [
                                                "ci.movie_id"
                                            ],
                                            "Index Cond": "(ci.movie_id = t.id)",
                                            "Rows Removed by Index Recheck": 0,
                                            "Heap Fetches": 420704,
                                            "Workers": [
                                                {
                                                    "Worker Number": 0,
                                                    "Actual Startup Time": 0.016,
                                                    "Actual Total Time": 0.052,
                                                    "Actual Rows": 11,
                                                    "Actual Loops": 4258
                                                },
                                                {
                                                    "Worker Number": 1,
                                                    "Actual Startup Time": 0.011,
                                                    "Actual Total Time": 0.035,
                                                    "Actual Rows": 11,
                                                    "Actual Loops": 6292
                                                },
                                                {
                                                    "Worker Number": 2,
                                                    "Actual Startup Time": 0.012,
                                                    "Actual Total Time": 0.036,
                                                    "Actual Rows": 11,
                                                    "Actual Loops": 6172
                                                },
                                                {
                                                    "Worker Number": 3,
                                                    "Actual Startup Time": 0.011,
                                                    "Actual Total Time": 0.034,
                                                    "Actual Rows": 11,
                                                    "Actual Loops": 6439
                                                }
                                            ]
                                        }
                                    ]
                                }
                            ]
                        }
                    ]
                }
            ]
        },
        "Planning Time": 183.003,
        "Triggers": [],
        "Execution Time": 305.376
    }
]