[
  {
    "Plan": {
      "Node Type": "Aggregate",
      "Strategy": "Plain",
      "Partial Mode": "Finalize",
      "Parallel Aware": false,
      "Startup Cost": 31065.67,
      "Total Cost": 31065.68,
      "Plan Rows": 1,
      "Plan Width": 8,
      "Actual Startup Time": 101.612,
      "Actual Total Time": 109.596,
      "Actual Rows": 1,
      "Actual Loops": 1,
      "Plans": [
        {
          "Node Type": "Gather",
          "Parent Relationship": "Outer",
          "Parallel Aware": false,
          "Startup Cost": 31065.35,
          "Total Cost": 31065.66,
          "Plan Rows": 3,
          "Plan Width": 8,
          "Actual Startup Time": 101.501,
          "Actual Total Time": 109.587,
          "Actual Rows": 4,
          "Actual Loops": 1,
          "Workers Planned": 3,
          "Workers Launched": 3,
          "Single Copy": false,
          "Plans": [
            {
              "Node Type": "Aggregate",
              "Strategy": "Plain",
              "Partial Mode": "Partial",
              "Parent Relationship": "Outer",
              "Parallel Aware": false,
              "Startup Cost": 30065.35,
              "Total Cost": 30065.36,
              "Plan Rows": 1,
              "Plan Width": 8,
              "Actual Startup Time": 92.917,
              "Actual Total Time": 92.918,
              "Actual Rows": 1,
              "Actual Loops": 4,
              "Plans": [
                {
                  "Node Type": "Seq Scan",
                  "Parent Relationship": "Outer",
                  "Parallel Aware": true,
                  "Relation Name": "movie_companies",
                  "Alias": "mc",
                  "Startup Cost": 0.0,
                  "Total Cost": 29310.68,
                  "Plan Rows": 301868,
                  "Plan Width": 0,
                  "Actual Startup Time": 0.029,
                  "Actual Total Time": 77.863,
                  "Actual Rows": 233853,
                  "Actual Loops": 4,
                  "Filter": "(company_id < 3422)",
                  "Rows Removed by Filter": 418429
                }
              ]
            }
          ]
        }
      ]
    },
    "Planning Time": 0.196,
    "Triggers": [],
    "Execution Time": 109.651
  }
]