[
    {
        "Bao": {
            "Bao prediction": "NaN",
            "Bao recommended hint": "(no hint)"
        }
    },
    {
        "Plan": {
            "Node Type": "Aggregate",
            "Strategy": "Plain",
            "Partial Mode": "Finalize",
            "Parallel Aware": false,
            "Startup Cost": 33137.74,
            "Total Cost": 33137.75,
            "Plan Rows": 1,
            "Plan Width": 8,
            "Actual Startup Time": 100.611,
            "Actual Total Time": 108.55,
            "Actual Rows": 1,
            "Actual Loops": 1,
            "Output": [
                "count(*)"
            ],
            "Plans": [
                {
                    "Node Type": "Gather",
                    "Parent Relationship": "Outer",
                    "Parallel Aware": false,
                    "Startup Cost": 33137.43,
                    "Total Cost": 33137.74,
                    "Plan Rows": 3,
                    "Plan Width": 8,
                    "Actual Startup Time": 100.503,
                    "Actual Total Time": 108.543,
                    "Actual Rows": 4,
                    "Actual Loops": 1,
                    "Output": [
                        "(PARTIAL count(*))"
                    ],
                    "Workers Planned": 3,
                    "Workers Launched": 3,
                    "Single Copy": false,
                    "Plans": [
                        {
                            "Node Type": "Aggregate",
                            "Strategy": "Plain",
                            "Partial Mode": "Partial",
                            "Parent Relationship": "Outer",
                            "Parallel Aware": false,
                            "Startup Cost": 32137.43,
                            "Total Cost": 32137.44,
                            "Plan Rows": 1,
                            "Plan Width": 8,
                            "Actual Startup Time": 92.862,
                            "Actual Total Time": 92.863,
                            "Actual Rows": 1,
                            "Actual Loops": 4,
                            "Output": [
                                "PARTIAL count(*)"
                            ],
                            "Workers": [
                                {
                                    "Worker Number": 0,
                                    "Actual Startup Time": 90.129,
                                    "Actual Total Time": 90.131,
                                    "Actual Rows": 1,
                                    "Actual Loops": 1
                                },
                                {
                                    "Worker Number": 1,
                                    "Actual Startup Time": 90.325,
                                    "Actual Total Time": 90.326,
                                    "Actual Rows": 1,
                                    "Actual Loops": 1
                                },
                                {
                                    "Worker Number": 2,
                                    "Actual Startup Time": 90.757,
                                    "Actual Total Time": 90.758,
                                    "Actual Rows": 1,
                                    "Actual Loops": 1
                                }
                            ],
                            "Plans": [
                                {
                                    "Node Type": "Seq Scan",
                                    "Parent Relationship": "Outer",
                                    "Parallel Aware": true,
                                    "Relation Name": "movie_companies",
                                    "Schema": "public",
                                    "Alias": "mc",
                                    "Startup Cost": 0.0,
                                    "Total Cost": 31414.82,
                                    "Plan Rows": 289043,
                                    "Plan Width": 0,
                                    "Actual Startup Time": 44.34,
                                    "Actual Total Time": 84.788,
                                    "Actual Rows": 144559,
                                    "Actual Loops": 4,
                                    "Output": [
                                        "id",
                                        "movie_id",
                                        "company_id",
                                        "company_type_id",
                                        "note"
                                    ],
                                    "Filter": "((mc.company_id < 24860) AND (mc.company_type_id > 1))",
                                    "Rows Removed by Filter": 507723,
                                    "Workers": [
                                        {
                                            "Worker Number": 0,
                                            "Actual Startup Time": 41.61,
                                            "Actual Total Time": 82.224,
                                            "Actual Rows": 118353,
                                            "Actual Loops": 1
                                        },
                                        {
                                            "Worker Number": 1,
                                            "Actual Startup Time": 41.798,
                                            "Actual Total Time": 82.261,
                                            "Actual Rows": 119744,
                                            "Actual Loops": 1
                                        },
                                        {
                                            "Worker Number": 2,
                                            "Actual Startup Time": 42.239,
                                            "Actual Total Time": 82.91,
                                            "Actual Rows": 116871,
                                            "Actual Loops": 1
                                        }
                                    ]
                                }
                            ]
                        }
                    ]
                }
            ]
        },
        "Planning Time": 198.717,
        "Triggers": [],
        "Execution Time": 108.591
    }
]