[
  {
    "Plan": {
      "Node Type": "Aggregate",
      "Strategy": "Plain",
      "Partial Mode": "Finalize",
      "Parallel Aware": false,
      "Startup Cost": 79792.53,
      "Total Cost": 79792.54,
      "Plan Rows": 1,
      "Plan Width": 8,
      "Actual Startup Time": 430.811,
      "Actual Total Time": 443.967,
      "Actual Rows": 1,
      "Actual Loops": 1,
      "Plans": [
        {
          "Node Type": "Gather",
          "Parent Relationship": "Outer",
          "Parallel Aware": false,
          "Startup Cost": 79792.22,
          "Total Cost": 79792.53,
          "Plan Rows": 3,
          "Plan Width": 8,
          "Actual Startup Time": 427.517,
          "Actual Total Time": 443.959,
          "Actual Rows": 4,
          "Actual Loops": 1,
          "Workers Planned": 3,
          "Workers Launched": 3,
          "Single Copy": false,
          "Plans": [
            {
              "Node Type": "Aggregate",
              "Strategy": "Plain",
              "Partial Mode": "Partial",
              "Parent Relationship": "Outer",
              "Parallel Aware": false,
              "Startup Cost": 78792.22,
              "Total Cost": 78792.23,
              "Plan Rows": 1,
              "Plan Width": 8,
              "Actual Startup Time": 418.425,
              "Actual Total Time": 418.428,
              "Actual Rows": 1,
              "Actual Loops": 4,
              "Plans": [
                {
                  "Node Type": "Hash Join",
                  "Parent Relationship": "Outer",
                  "Parallel Aware": true,
                  "Join Type": "Inner",
                  "Startup Cost": 48556.71,
                  "Total Cost": 77972.6,
                  "Plan Rows": 327846,
                  "Plan Width": 0,
                  "Actual Startup Time": 220.434,
                  "Actual Total Time": 410.667,
                  "Actual Rows": 163458,
                  "Actual Loops": 4,
                  "Inner Unique": true,
                  "Hash Cond": "(mc.movie_id = t.id)",
                  "Plans": [
                    {
                      "Node Type": "Seq Scan",
                      "Parent Relationship": "Outer",
                      "Parallel Aware": true,
                      "Relation Name": "movie_companies",
                      "Alias": "mc",
                      "Startup Cost": 0.0,
                      "Total Cost": 27206.55,
                      "Plan Rows": 841655,
                      "Plan Width": 4,
                      "Actual Startup Time": 0.019,
                      "Actual Total Time": 57.135,
                      "Actual Rows": 652282,
                      "Actual Loops": 4
                    },
                    {
                      "Node Type": "Hash",
                      "Parent Relationship": "Inner",
                      "Parallel Aware": true,
                      "Startup Cost": 45479.1,
                      "Total Cost": 45479.1,
                      "Plan Rows": 246209,
                      "Plan Width": 4,
                      "Actual Startup Time": 215.348,
                      "Actual Total Time": 215.349,
                      "Actual Rows": 264397,
                      "Actual Loops": 4,
                      "Hash Buckets": 2097152,
                      "Original Hash Buckets": 1048576,
                      "Hash Batches": 1,
                      "Original Hash Batches": 1,
                      "Peak Memory Usage": 65984,
                      "Plans": [
                        {
                          "Node Type": "Seq Scan",
                          "Parent Relationship": "Outer",
                          "Parallel Aware": true,
                          "Relation Name": "title",
                          "Alias": "t",
                          "Startup Cost": 0.0,
                          "Total Cost": 45479.1,
                          "Plan Rows": 246209,
                          "Plan Width": 4,
                          "Actual Startup Time": 0.061,
                          "Actual Total Time": 109.077,
                          "Actual Rows": 264397,
                          "Actual Loops": 4,
                          "Filter": "((kind_id > 1) AND (production_year > 2001))",
                          "Rows Removed by Filter": 367681
                        }
                      ]
                    }
                  ]
                }
              ]
            }
          ]
        }
      ]
    },
    "Planning Time": 0.586,
    "Triggers": [],
    "Execution Time": 444.055
  }
]