{
  "Plan": {
    "Node Type": "Aggregate",
    "Strategy": "Plain",
    "Partial Mode": "Finalize",
    "Parallel Aware": false,
    "Startup Cost": 650781.95,
    "Total Cost": 650781.96,
    "Plan Rows": 1,
    "Plan Width": 8,
    "Actual Startup Time": 3703.982,
    "Actual Total Time": 3731.812,
    "Actual Rows": 1,
    "Actual Loops": 1,
    "Plans": [
      {
        "Node Type": "Gather",
        "Parent Relationship": "Outer",
        "Parallel Aware": false,
        "Startup Cost": 650781.84,
        "Total Cost": 650781.95,
        "Plan Rows": 1,
        "Plan Width": 8,
        "Actual Startup Time": 3688.388,
        "Actual Total Time": 3731.804,
        "Actual Rows": 2,
        "Actual Loops": 1,
        "Workers Planned": 1,
        "Workers Launched": 1,
        "Single Copy": false,
        "Plans": [
          {
            "Node Type": "Aggregate",
            "Strategy": "Plain",
            "Partial Mode": "Partial",
            "Parent Relationship": "Outer",
            "Parallel Aware": false,
            "Startup Cost": 649781.84,
            "Total Cost": 649781.85,
            "Plan Rows": 1,
            "Plan Width": 8,
            "Actual Startup Time": 3675.637,
            "Actual Total Time": 3675.643,
            "Actual Rows": 1,
            "Actual Loops": 2,
            "Plans": [
              {
                "Node Type": "Hash Join",
                "Parent Relationship": "Outer",
                "Parallel Aware": true,
                "Join Type": "Inner",
                "Startup Cost": 560705.13,
                "Total Cost": 642413.48,
                "Plan Rows": 2947345,
                "Plan Width": 0,
                "Actual Startup Time": 2817.519,
                "Actual Total Time": 3490.059,
                "Actual Rows": 4358010,
                "Actual Loops": 2,
                "Inner Unique": false,
                "Hash Cond": "(mk.movie_id = t.id)",
                "Plans": [
                  {
                    "Node Type": "Seq Scan",
                    "Parent Relationship": "Outer",
                    "Parallel Aware": true,
                    "Relation Name": "movie_keyword",
                    "Alias": "mk",
                    "Startup Cost": 0.0,
                    "Total Cost": 51065.35,
                    "Plan Rows": 2661135,
                    "Plan Width": 4,
                    "Actual Startup Time": 0.015,
                    "Actual Total Time": 153.109,
                    "Actual Rows": 2261965,
                    "Actual Loops": 2
                  },
                  {
                    "Node Type": "Hash",
                    "Parent Relationship": "Inner",
                    "Parallel Aware": true,
                    "Startup Cost": 540115.32,
                    "Total Cost": 540115.32,
                    "Plan Rows": 1647185,
                    "Plan Width": 8,
                    "Actual Startup Time": 2796.137,
                    "Actual Total Time": 2796.14,
                    "Actual Rows": 1345728,
                    "Actual Loops": 2,
                    "Hash Buckets": 4194304,
                    "Original Hash Buckets": 4194304,
                    "Hash Batches": 1,
                    "Original Hash Batches": 1,
                    "Peak Memory Usage": 138112,
                    "Plans": [
                      {
                        "Node Type": "Merge Join",
                        "Parent Relationship": "Outer",
                        "Parallel Aware": false,
                        "Join Type": "Inner",
                        "Startup Cost": 406091.38,
                        "Total Cost": 540115.32,
                        "Plan Rows": 1647185,
                        "Plan Width": 8,
                        "Actual Startup Time": 1131.603,
                        "Actual Total Time": 2479.618,
                        "Actual Rows": 1345728,
                        "Actual Loops": 2,
                        "Inner Unique": false,
                        "Merge Cond": "(t.id = ci.movie_id)",
                        "Plans": [
                          {
                            "Node Type": "Index Only Scan",
                            "Parent Relationship": "Outer",
                            "Parallel Aware": true,
                            "Scan Direction": "Forward",
                            "Index Name": "title_pkey",
                            "Relation Name": "title",
                            "Alias": "t",
                            "Startup Cost": 0.43,
                            "Total Cost": 99929.35,
                            "Plan Rows": 1487231,
                            "Plan Width": 4,
                            "Actual Startup Time": 0.095,
                            "Actual Total Time": 674.034,
                            "Actual Rows": 1262986,
                            "Actual Loops": 2,
                            "Heap Fetches": 2525973
                          },
                          {
                            "Node Type": "Sort",
                            "Parent Relationship": "Inner",
                            "Parallel Aware": false,
                            "Startup Cost": 406090.65,
                            "Total Cost": 413091.19,
                            "Plan Rows": 2800215,
                            "Plan Width": 4,
                            "Actual Startup Time": 1131.44,
                            "Actual Total Time": 1444.509,
                            "Actual Rows": 2691455,
                            "Actual Loops": 2,
                            "Sort Key": [
                              "ci.movie_id"
                            ],
                            "Sort Method": "quicksort",
                            "Sort Space Used": 224466,
                            "Sort Space Type": "Memory",
                            "Workers": [
                              {
                                "Worker Number": 0,
                                "Sort Method": "quicksort",
                                "Sort Space Used": 224466,
                                "Sort Space Type": "Memory"
                              }
                            ],
                            "Plans": [
                              {
                                "Node Type": "Index Scan",
                                "Parent Relationship": "Outer",
                                "Parallel Aware": false,
                                "Scan Direction": "Forward",
                                "Index Name": "role_id_cast_info",
                                "Relation Name": "cast_info",
                                "Alias": "ci",
                                "Startup Cost": 0.56,
                                "Total Cost": 106228.15,
                                "Plan Rows": 2800215,
                                "Plan Width": 4,
                                "Actual Startup Time": 0.162,
                                "Actual Total Time": 483.11,
                                "Actual Rows": 2691455,
                                "Actual Loops": 2,
                                "Index Cond": "(role_id = 4)",
                                "Rows Removed by Index Recheck": 0,
                                "Filter": "(person_id > 64771)",
                                "Rows Removed by Filter": 37488
                              }
                            ]
                          }
                        ]
                      }
                    ]
                  }
                ]
              }
            ]
          }
        ]
      }
    ]
  },
  "Planning Time": 1.056,
  "Triggers": [],
  "Execution Time": 3741.693
}