[
  {
    "Plan": {
      "Node Type": "Aggregate",
      "Strategy": "Plain",
      "Partial Mode": "Finalize",
      "Parallel Aware": false,
      "Startup Cost": 80142.51,
      "Total Cost": 80142.52,
      "Plan Rows": 1,
      "Plan Width": 8,
      "Actual Startup Time": 169.638,
      "Actual Total Time": 186.655,
      "Actual Rows": 1,
      "Actual Loops": 1,
      "Plans": [
        {
          "Node Type": "Gather",
          "Parent Relationship": "Outer",
          "Parallel Aware": false,
          "Startup Cost": 80142.09,
          "Total Cost": 80142.5,
          "Plan Rows": 4,
          "Plan Width": 8,
          "Actual Startup Time": 169.069,
          "Actual Total Time": 186.647,
          "Actual Rows": 5,
          "Actual Loops": 1,
          "Workers Planned": 4,
          "Workers Launched": 4,
          "Single Copy": false,
          "Plans": [
            {
              "Node Type": "Aggregate",
              "Strategy": "Plain",
              "Partial Mode": "Partial",
              "Parent Relationship": "Outer",
              "Parallel Aware": false,
              "Startup Cost": 79142.09,
              "Total Cost": 79142.1,
              "Plan Rows": 1,
              "Plan Width": 8,
              "Actual Startup Time": 158.758,
              "Actual Total Time": 158.763,
              "Actual Rows": 1,
              "Actual Loops": 5,
              "Plans": [
                {
                  "Node Type": "Nested Loop",
                  "Parent Relationship": "Outer",
                  "Parallel Aware": false,
                  "Join Type": "Inner",
                  "Startup Cost": 23448.81,
                  "Total Cost": 79139.08,
                  "Plan Rows": 1207,
                  "Plan Width": 0,
                  "Actual Startup Time": 56.705,
                  "Actual Total Time": 158.677,
                  "Actual Rows": 917,
                  "Actual Loops": 5,
                  "Inner Unique": false,
                  "Plans": [
                    {
                      "Node Type": "Hash Join",
                      "Parent Relationship": "Outer",
                      "Parallel Aware": true,
                      "Join Type": "Inner",
                      "Startup Cost": 23448.38,
                      "Total Cost": 69806.43,
                      "Plan Rows": 5664,
                      "Plan Width": 8,
                      "Actual Startup Time": 56.504,
                      "Actual Total Time": 145.075,
                      "Actual Rows": 1119,
                      "Actual Loops": 5,
                      "Inner Unique": false,
                      "Hash Cond": "(t.id = mc.movie_id)",
                      "Plans": [
                        {
                          "Node Type": "Seq Scan",
                          "Parent Relationship": "Outer",
                          "Parallel Aware": true,
                          "Relation Name": "title",
                          "Alias": "t",
                          "Startup Cost": 0.0,
                          "Total Cost": 45479.1,
                          "Plan Rows": 172138,
                          "Plan Width": 4,
                          "Actual Startup Time": 0.014,
                          "Actual Total Time": 73.093,
                          "Actual Rows": 117152,
                          "Actual Loops": 5,
                          "Filter": "((kind_id < 7) AND (production_year > 1990))",
                          "Rows Removed by Filter": 388511
                        },
                        {
                          "Node Type": "Hash",
                          "Parent Relationship": "Inner",
                          "Parallel Aware": true,
                          "Startup Cost": 23112.93,
                          "Total Cost": 23112.93,
                          "Plan Rows": 26836,
                          "Plan Width": 4,
                          "Actual Startup Time": 54.926,
                          "Actual Total Time": 54.928,
                          "Actual Rows": 7631,
                          "Actual Loops": 5,
                          "Hash Buckets": 131072,
                          "Original Hash Buckets": 131072,
                          "Hash Batches": 1,
                          "Original Hash Batches": 1,
                          "Peak Memory Usage": 2592,
                          "Plans": [
                            {
                              "Node Type": "Bitmap Heap Scan",
                              "Parent Relationship": "Outer",
                              "Parallel Aware": true,
                              "Relation Name": "movie_companies",
                              "Alias": "mc",
                              "Startup Cost": 3530.1,
                              "Total Cost": 23112.93,
                              "Plan Rows": 26836,
                              "Plan Width": 4,
                              "Actual Startup Time": 43.002,
                              "Actual Total Time": 51.596,
                              "Actual Rows": 7631,
                              "Actual Loops": 5,
                              "Recheck Cond": "(company_id < 34)",
                              "Rows Removed by Index Recheck": 0,
                              "Filter": "(company_type_id > 1)",
                              "Rows Removed by Filter": 25911,
                              "Exact Heap Blocks": 8051,
                              "Lossy Heap Blocks": 0,
                              "Plans": [
                                {
                                  "Node Type": "Bitmap Index Scan",
                                  "Parent Relationship": "Outer",
                                  "Parallel Aware": false,
                                  "Index Name": "company_id_movie_companies",
                                  "Startup Cost": 0.0,
                                  "Total Cost": 3509.3,
                                  "Plan Rows": 163850,
                                  "Plan Width": 0,
                                  "Actual Startup Time": 16.952,
                                  "Actual Total Time": 16.953,
                                  "Actual Rows": 167708,
                                  "Actual Loops": 1,
                                  "Index Cond": "(company_id < 34)"
                                }
                              ]
                            }
                          ]
                        }
                      ]
                    },
                    {
                      "Node Type": "Index Scan",
                      "Parent Relationship": "Inner",
                      "Parallel Aware": false,
                      "Scan Direction": "Forward",
                      "Index Name": "movie_id_movie_keyword",
                      "Relation Name": "movie_keyword",
                      "Alias": "mk",
                      "Startup Cost": 0.43,
                      "Total Cost": 1.6,
                      "Plan Rows": 5,
                      "Plan Width": 4,
                      "Actual Startup Time": 0.011,
                      "Actual Total Time": 0.012,
                      "Actual Rows": 1,
                      "Actual Loops": 5594,
                      "Index Cond": "(movie_id = t.id)",
                      "Rows Removed by Index Recheck": 0,
                      "Filter": "(keyword_id < 397)",
                      "Rows Removed by Filter": 5
                    }
                  ]
                }
              ]
            }
          ]
        }
      ]
    },
    "Planning Time": 1.567,
    "Triggers": [],
    "Execution Time": 186.77
  }
]