[
  {
    "Plan": {
      "Node Type": "Aggregate",
      "Strategy": "Plain",
      "Partial Mode": "Finalize",
      "Parallel Aware": false,
      "Startup Cost": 188344.8,
      "Total Cost": 188344.81,
      "Plan Rows": 1,
      "Plan Width": 8,
      "Actual Startup Time": 57.803,
      "Actual Total Time": 69.777,
      "Actual Rows": 1,
      "Actual Loops": 1,
      "Plans": [
        {
          "Node Type": "Gather",
          "Parent Relationship": "Outer",
          "Parallel Aware": false,
          "Startup Cost": 188344.48,
          "Total Cost": 188344.79,
          "Plan Rows": 3,
          "Plan Width": 8,
          "Actual Startup Time": 57.575,
          "Actual Total Time": 69.755,
          "Actual Rows": 4,
          "Actual Loops": 1,
          "Workers Planned": 3,
          "Workers Launched": 3,
          "Single Copy": false,
          "Plans": [
            {
              "Node Type": "Aggregate",
              "Strategy": "Plain",
              "Partial Mode": "Partial",
              "Parent Relationship": "Outer",
              "Parallel Aware": false,
              "Startup Cost": 187344.48,
              "Total Cost": 187344.49,
              "Plan Rows": 1,
              "Plan Width": 8,
              "Actual Startup Time": 51.762,
              "Actual Total Time": 51.764,
              "Actual Rows": 1,
              "Actual Loops": 4,
              "Plans": [
                {
                  "Node Type": "Nested Loop",
                  "Parent Relationship": "Outer",
                  "Parallel Aware": false,
                  "Join Type": "Inner",
                  "Startup Cost": 235.37,
                  "Total Cost": 187322.43,
                  "Plan Rows": 8819,
                  "Plan Width": 0,
                  "Actual Startup Time": 1.676,
                  "Actual Total Time": 50.799,
                  "Actual Rows": 10670,
                  "Actual Loops": 4,
                  "Inner Unique": false,
                  "Plans": [
                    {
                      "Node Type": "Bitmap Heap Scan",
                      "Parent Relationship": "Outer",
                      "Parallel Aware": true,
                      "Relation Name": "title",
                      "Alias": "t",
                      "Startup Cost": 234.94,
                      "Total Cost": 26051.26,
                      "Plan Rows": 1502,
                      "Plan Width": 4,
                      "Actual Startup Time": 1.514,
                      "Actual Total Time": 10.892,
                      "Actual Rows": 1492,
                      "Actual Loops": 4,
                      "Recheck Cond": "(kind_id = 6)",
                      "Rows Removed by Index Recheck": 0,
                      "Filter": "(production_year < 1998)",
                      "Rows Removed by Filter": 1658,
                      "Exact Heap Blocks": 4694,
                      "Lossy Heap Blocks": 0,
                      "Plans": [
                        {
                          "Node Type": "Bitmap Index Scan",
                          "Parent Relationship": "Outer",
                          "Parallel Aware": false,
                          "Index Name": "kind_id_title",
                          "Startup Cost": 0.0,
                          "Total Cost": 233.77,
                          "Plan Rows": 12979,
                          "Plan Width": 0,
                          "Actual Startup Time": 3.308,
                          "Actual Total Time": 3.308,
                          "Actual Rows": 12600,
                          "Actual Loops": 1,
                          "Index Cond": "(kind_id = 6)"
                        }
                      ]
                    },
                    {
                      "Node Type": "Index Only Scan",
                      "Parent Relationship": "Inner",
                      "Parallel Aware": false,
                      "Scan Direction": "Forward",
                      "Index Name": "movie_id_movie_info",
                      "Relation Name": "movie_info",
                      "Alias": "mi",
                      "Startup Cost": 0.43,
                      "Total Cost": 106.96,
                      "Plan Rows": 41,
                      "Plan Width": 4,
                      "Actual Startup Time": 0.012,
                      "Actual Total Time": 0.026,
                      "Actual Rows": 7,
                      "Actual Loops": 5966,
                      "Index Cond": "(movie_id = t.id)",
                      "Rows Removed by Index Recheck": 0,
                      "Heap Fetches": 42682
                    }
                  ]
                }
              ]
            }
          ]
        }
      ]
    },
    "Planning Time": 0.265,
    "Triggers": [],
    "Execution Time": 69.822
  }
]