[
  {
    "Plan": {
      "Node Type": "Aggregate",
      "Strategy": "Plain",
      "Partial Mode": "Finalize",
      "Parallel Aware": false,
      "Startup Cost": 335762.77,
      "Total Cost": 335762.78,
      "Plan Rows": 1,
      "Plan Width": 8,
      "Actual Startup Time": 684.069,
      "Actual Total Time": 741.205,
      "Actual Rows": 1,
      "Actual Loops": 1,
      "Plans": [
        {
          "Node Type": "Gather",
          "Parent Relationship": "Outer",
          "Parallel Aware": false,
          "Startup Cost": 335762.14,
          "Total Cost": 335762.75,
          "Plan Rows": 6,
          "Plan Width": 8,
          "Actual Startup Time": 683.948,
          "Actual Total Time": 741.194,
          "Actual Rows": 7,
          "Actual Loops": 1,
          "Workers Planned": 6,
          "Workers Launched": 6,
          "Single Copy": false,
          "Plans": [
            {
              "Node Type": "Aggregate",
              "Strategy": "Plain",
              "Partial Mode": "Partial",
              "Parent Relationship": "Outer",
              "Parallel Aware": false,
              "Startup Cost": 334762.14,
              "Total Cost": 334762.15,
              "Plan Rows": 1,
              "Plan Width": 8,
              "Actual Startup Time": 674.475,
              "Actual Total Time": 674.476,
              "Actual Rows": 1,
              "Actual Loops": 7,
              "Plans": [
                {
                  "Node Type": "Seq Scan",
                  "Parent Relationship": "Outer",
                  "Parallel Aware": true,
                  "Relation Name": "cast_info",
                  "Alias": "ci",
                  "Startup Cost": 0.0,
                  "Total Cost": 328162.03,
                  "Plan Rows": 2640046,
                  "Plan Width": 0,
                  "Actual Startup Time": 0.048,
                  "Actual Total Time": 573.472,
                  "Actual Rows": 2259510,
                  "Actual Loops": 7,
                  "Filter": "(person_id < 1563038)",
                  "Rows Removed by Filter": 2918253
                }
              ]
            }
          ]
        }
      ]
    },
    "Planning Time": 0.203,
    "Triggers": [],
    "Execution Time": 741.28
  }
]