[
  {
    "Plan": {
      "Node Type": "Aggregate",
      "Strategy": "Plain",
      "Partial Mode": "Finalize",
      "Parallel Aware": false,
      "Startup Cost": 339978.59,
      "Total Cost": 339978.6,
      "Plan Rows": 1,
      "Plan Width": 8,
      "Actual Startup Time": 982.313,
      "Actual Total Time": 1003.883,
      "Actual Rows": 1,
      "Actual Loops": 1,
      "Plans": [
        {
          "Node Type": "Gather",
          "Parent Relationship": "Outer",
          "Parallel Aware": false,
          "Startup Cost": 339977.97,
          "Total Cost": 339978.58,
          "Plan Rows": 6,
          "Plan Width": 8,
          "Actual Startup Time": 973.841,
          "Actual Total Time": 1003.874,
          "Actual Rows": 7,
          "Actual Loops": 1,
          "Workers Planned": 6,
          "Workers Launched": 6,
          "Single Copy": false,
          "Plans": [
            {
              "Node Type": "Aggregate",
              "Strategy": "Plain",
              "Partial Mode": "Partial",
              "Parent Relationship": "Outer",
              "Parallel Aware": false,
              "Startup Cost": 338977.97,
              "Total Cost": 338977.98,
              "Plan Rows": 1,
              "Plan Width": 8,
              "Actual Startup Time": 966.459,
              "Actual Total Time": 966.741,
              "Actual Rows": 1,
              "Actual Loops": 7,
              "Plans": [
                {
                  "Node Type": "Hash Join",
                  "Parent Relationship": "Outer",
                  "Parallel Aware": true,
                  "Join Type": "Inner",
                  "Startup Cost": 82775.87,
                  "Total Cost": 338325.12,
                  "Plan Rows": 261141,
                  "Plan Width": 0,
                  "Actual Startup Time": 332.805,
                  "Actual Total Time": 928.966,
                  "Actual Rows": 801317,
                  "Actual Loops": 7,
                  "Inner Unique": false,
                  "Hash Cond": "(ci.movie_id = t.id)",
                  "Plans": [
                    {
                      "Node Type": "Index Scan",
                      "Parent Relationship": "Outer",
                      "Parallel Aware": true,
                      "Scan Direction": "Forward",
                      "Index Name": "role_id_cast_info",
                      "Relation Name": "cast_info",
                      "Alias": "ci",
                      "Startup Cost": 0.56,
                      "Total Cost": 251544.36,
                      "Plan Rows": 894028,
                      "Plan Width": 4,
                      "Actual Startup Time": 0.23,
                      "Actual Total Time": 267.655,
                      "Actual Rows": 1049426,
                      "Actual Loops": 7,
                      "Index Cond": "(role_id > 4)",
                      "Rows Removed by Index Recheck": 0,
                      "Filter": "(person_id > 1521694)",
                      "Rows Removed by Filter": 291246
                    },
                    {
                      "Node Type": "Hash",
                      "Parent Relationship": "Inner",
                      "Parallel Aware": true,
                      "Startup Cost": 80467.46,
                      "Total Cost": 80467.46,
                      "Plan Rows": 184628,
                      "Plan Width": 8,
                      "Actual Startup Time": 330.784,
                      "Actual Total Time": 331.064,
                      "Actual Rows": 136715,
                      "Actual Loops": 7,
                      "Hash Buckets": 1048576,
                      "Original Hash Buckets": 1048576,
                      "Hash Batches": 1,
                      "Original Hash Batches": 1,
                      "Peak Memory Usage": 45728,
                      "Plans": [
                        {
                          "Node Type": "Hash Join",
                          "Parent Relationship": "Outer",
                          "Parallel Aware": true,
                          "Join Type": "Inner",
                          "Startup Cost": 34392.68,
                          "Total Cost": 80467.46,
                          "Plan Rows": 184628,
                          "Plan Width": 8,
                          "Actual Startup Time": 110.145,
                          "Actual Total Time": 278.218,
                          "Actual Rows": 136715,
                          "Actual Loops": 7,
                          "Inner Unique": false,
                          "Hash Cond": "(t.id = mc.movie_id)",
                          "Plans": [
                            {
                              "Node Type": "Seq Scan",
                              "Parent Relationship": "Outer",
                              "Parallel Aware": true,
                              "Relation Name": "title",
                              "Alias": "t",
                              "Startup Cost": 0.0,
                              "Total Cost": 42318.81,
                              "Plan Rows": 632080,
                              "Plan Width": 4,
                              "Actual Startup Time": 0.014,
                              "Actual Total Time": 50.107,
                              "Actual Rows": 361187,
                              "Actual Loops": 7
                            },
                            {
                              "Node Type": "Hash",
                              "Parent Relationship": "Inner",
                              "Parallel Aware": true,
                              "Startup Cost": 31414.82,
                              "Total Cost": 31414.82,
                              "Plan Rows": 238229,
                              "Plan Width": 4,
                              "Actual Startup Time": 109.051,
                              "Actual Total Time": 109.052,
                              "Actual Rows": 136715,
                              "Actual Loops": 7,
                              "Hash Buckets": 1048576,
                              "Original Hash Buckets": 1048576,
                              "Hash Batches": 1,
                              "Original Hash Batches": 1,
                              "Peak Memory Usage": 45792,
                              "Plans": [
                                {
                                  "Node Type": "Seq Scan",
                                  "Parent Relationship": "Outer",
                                  "Parallel Aware": true,
                                  "Relation Name": "movie_companies",
                                  "Alias": "mc",
                                  "Startup Cost": 0.0,
                                  "Total Cost": 31414.82,
                                  "Plan Rows": 238229,
                                  "Plan Width": 4,
                                  "Actual Startup Time": 31.076,
                                  "Actual Total Time": 57.568,
                                  "Actual Rows": 136715,
                                  "Actual Loops": 7,
                                  "Filter": "((company_id > 9374) AND (company_type_id = 2))",
                                  "Rows Removed by Filter": 236017
                                }
                              ]
                            }
                          ]
                        }
                      ]
                    }
                  ]
                }
              ]
            }
          ]
        }
      ]
    },
    "Planning Time": 0.5,
    "Triggers": [],
    "Execution Time": 1003.926
  }
]