[
  {
    "Plan": {
      "Node Type": "Aggregate",
      "Strategy": "Plain",
      "Partial Mode": "Finalize",
      "Parallel Aware": false,
      "Startup Cost": 197377.46,
      "Total Cost": 197377.47,
      "Plan Rows": 1,
      "Plan Width": 8,
      "Actual Startup Time": 143.325,
      "Actual Total Time": 164.853,
      "Actual Rows": 1,
      "Actual Loops": 1,
      "Plans": [
        {
          "Node Type": "Gather",
          "Parent Relationship": "Outer",
          "Parallel Aware": false,
          "Startup Cost": 197377.04,
          "Total Cost": 197377.45,
          "Plan Rows": 4,
          "Plan Width": 8,
          "Actual Startup Time": 143.202,
          "Actual Total Time": 164.843,
          "Actual Rows": 5,
          "Actual Loops": 1,
          "Workers Planned": 4,
          "Workers Launched": 4,
          "Single Copy": false,
          "Plans": [
            {
              "Node Type": "Aggregate",
              "Strategy": "Plain",
              "Partial Mode": "Partial",
              "Parent Relationship": "Outer",
              "Parallel Aware": false,
              "Startup Cost": 196377.04,
              "Total Cost": 196377.05,
              "Plan Rows": 1,
              "Plan Width": 8,
              "Actual Startup Time": 133.749,
              "Actual Total Time": 133.751,
              "Actual Rows": 1,
              "Actual Loops": 5,
              "Plans": [
                {
                  "Node Type": "Nested Loop",
                  "Parent Relationship": "Outer",
                  "Parallel Aware": false,
                  "Join Type": "Inner",
                  "Startup Cost": 0.43,
                  "Total Cost": 196373.46,
                  "Plan Rows": 1430,
                  "Plan Width": 0,
                  "Actual Startup Time": 3.081,
                  "Actual Total Time": 133.533,
                  "Actual Rows": 2190,
                  "Actual Loops": 5,
                  "Inner Unique": false,
                  "Plans": [
                    {
                      "Node Type": "Seq Scan",
                      "Parent Relationship": "Outer",
                      "Parallel Aware": true,
                      "Relation Name": "title",
                      "Alias": "t",
                      "Startup Cost": 0.0,
                      "Total Cost": 45479.1,
                      "Plan Rows": 1562,
                      "Plan Width": 4,
                      "Actual Startup Time": 0.652,
                      "Actual Total Time": 86.572,
                      "Actual Rows": 1219,
                      "Actual Loops": 5,
                      "Filter": "((kind_id < 7) AND (production_year = 1977))",
                      "Rows Removed by Filter": 504444
                    },
                    {
                      "Node Type": "Index Scan",
                      "Parent Relationship": "Inner",
                      "Parallel Aware": false,
                      "Scan Direction": "Forward",
                      "Index Name": "movie_id_movie_info",
                      "Relation Name": "movie_info",
                      "Alias": "mi",
                      "Startup Cost": 0.43,
                      "Total Cost": 96.53,
                      "Plan Rows": 7,
                      "Plan Width": 4,
                      "Actual Startup Time": 0.028,
                      "Actual Total Time": 0.038,
                      "Actual Rows": 2,
                      "Actual Loops": 6093,
                      "Index Cond": "(movie_id = t.id)",
                      "Rows Removed by Index Recheck": 0,
                      "Filter": "(info_type_id > 16)",
                      "Rows Removed by Filter": 9
                    }
                  ]
                }
              ]
            }
          ]
        }
      ]
    },
    "Planning Time": 0.628,
    "Triggers": [],
    "Execution Time": 164.926
  }
]