[
  {
    "Plan": {
      "Node Type": "Aggregate",
      "Strategy": "Plain",
      "Partial Mode": "Finalize",
      "Parallel Aware": false,
      "Startup Cost": 46668.08,
      "Total Cost": 46668.09,
      "Plan Rows": 1,
      "Plan Width": 8,
      "Actual Startup Time": 170.577,
      "Actual Total Time": 180.045,
      "Actual Rows": 1,
      "Actual Loops": 1,
      "Plans": [
        {
          "Node Type": "Gather",
          "Parent Relationship": "Outer",
          "Parallel Aware": false,
          "Startup Cost": 46667.77,
          "Total Cost": 46668.08,
          "Plan Rows": 3,
          "Plan Width": 8,
          "Actual Startup Time": 170.483,
          "Actual Total Time": 180.036,
          "Actual Rows": 4,
          "Actual Loops": 1,
          "Workers Planned": 3,
          "Workers Launched": 3,
          "Single Copy": false,
          "Plans": [
            {
              "Node Type": "Aggregate",
              "Strategy": "Plain",
              "Partial Mode": "Partial",
              "Parent Relationship": "Outer",
              "Parallel Aware": false,
              "Startup Cost": 45667.77,
              "Total Cost": 45667.78,
              "Plan Rows": 1,
              "Plan Width": 8,
              "Actual Startup Time": 162.13,
              "Actual Total Time": 162.13,
              "Actual Rows": 1,
              "Actual Loops": 4,
              "Plans": [
                {
                  "Node Type": "Seq Scan",
                  "Parent Relationship": "Outer",
                  "Parallel Aware": true,
                  "Relation Name": "movie_keyword",
                  "Alias": "mk",
                  "Startup Cost": 0.0,
                  "Total Cost": 42695.65,
                  "Plan Rows": 1188845,
                  "Plan Width": 0,
                  "Actual Startup Time": 0.135,
                  "Actual Total Time": 121.815,
                  "Actual Rows": 919089,
                  "Actual Loops": 4,
                  "Filter": "(keyword_id > 807)",
                  "Rows Removed by Filter": 211894
                }
              ]
            }
          ]
        }
      ]
    },
    "Planning Time": 0.208,
    "Triggers": [],
    "Execution Time": 180.104
  }
]