{
  "Plan": {
    "Node Type": "Aggregate",
    "Strategy": "Plain",
    "Partial Mode": "Finalize",
    "Parallel Aware": false,
    "Startup Cost": 40053.37,
    "Total Cost": 40053.38,
    "Plan Rows": 1,
    "Plan Width": 8,
    "Actual Startup Time": 29.049,
    "Actual Total Time": 31.582,
    "Actual Rows": 1,
    "Actual Loops": 1,
    "Plans": [
      {
        "Node Type": "Gather",
        "Parent Relationship": "Outer",
        "Parallel Aware": false,
        "Startup Cost": 40053.26,
        "Total Cost": 40053.37,
        "Plan Rows": 1,
        "Plan Width": 8,
        "Actual Startup Time": 28.913,
        "Actual Total Time": 31.575,
        "Actual Rows": 2,
        "Actual Loops": 1,
        "Workers Planned": 1,
        "Workers Launched": 1,
        "Single Copy": false,
        "Plans": [
          {
            "Node Type": "Aggregate",
            "Strategy": "Plain",
            "Partial Mode": "Partial",
            "Parent Relationship": "Outer",
            "Parallel Aware": false,
            "Startup Cost": 39053.26,
            "Total Cost": 39053.27,
            "Plan Rows": 1,
            "Plan Width": 8,
            "Actual Startup Time": 22.566,
            "Actual Total Time": 22.568,
            "Actual Rows": 1,
            "Actual Loops": 2,
            "Plans": [
              {
                "Node Type": "Nested Loop",
                "Parent Relationship": "Outer",
                "Parallel Aware": false,
                "Join Type": "Inner",
                "Startup Cost": 136.73,
                "Total Cost": 39052.55,
                "Plan Rows": 285,
                "Plan Width": 0,
                "Actual Startup Time": 4.451,
                "Actual Total Time": 22.351,
                "Actual Rows": 1983,
                "Actual Loops": 2,
                "Inner Unique": false,
                "Plans": [
                  {
                    "Node Type": "Nested Loop",
                    "Parent Relationship": "Outer",
                    "Parallel Aware": false,
                    "Join Type": "Inner",
                    "Startup Cost": 136.3,
                    "Total Cost": 38527.39,
                    "Plan Rows": 159,
                    "Plan Width": 8,
                    "Actual Startup Time": 3.272,
                    "Actual Total Time": 19.574,
                    "Actual Rows": 122,
                    "Actual Loops": 2,
                    "Inner Unique": true,
                    "Plans": [
                      {
                        "Node Type": "Bitmap Heap Scan",
                        "Parent Relationship": "Outer",
                        "Parallel Aware": true,
                        "Relation Name": "movie_companies",
                        "Alias": "mc",
                        "Startup Cost": 135.87,
                        "Total Cost": 12878.31,
                        "Plan Rows": 3601,
                        "Plan Width": 4,
                        "Actual Startup Time": 1.22,
                        "Actual Total Time": 2.915,
                        "Actual Rows": 2738,
                        "Actual Loops": 2,
                        "Recheck Cond": "(company_id > 229704)",
                        "Rows Removed by Index Recheck": 0,
                        "Exact Heap Blocks": 209,
                        "Lossy Heap Blocks": 0,
                        "Plans": [
                          {
                            "Node Type": "Bitmap Index Scan",
                            "Parent Relationship": "Outer",
                            "Parallel Aware": false,
                            "Index Name": "company_id_movie_companies",
                            "Startup Cost": 0.0,
                            "Total Cost": 134.34,
                            "Plan Rows": 6121,
                            "Plan Width": 0,
                            "Actual Startup Time": 2.188,
                            "Actual Total Time": 2.188,
                            "Actual Rows": 5475,
                            "Actual Loops": 1,
                            "Index Cond": "(company_id > 229704)"
                          }
                        ]
                      },
                      {
                        "Node Type": "Index Scan",
                        "Parent Relationship": "Inner",
                        "Parallel Aware": false,
                        "Scan Direction": "Forward",
                        "Index Name": "title_pkey",
                        "Relation Name": "title",
                        "Alias": "t",
                        "Startup Cost": 0.43,
                        "Total Cost": 7.12,
                        "Plan Rows": 1,
                        "Plan Width": 4,
                        "Actual Startup Time": 0.005,
                        "Actual Total Time": 0.005,
                        "Actual Rows": 0,
                        "Actual Loops": 5475,
                        "Index Cond": "(id = mc.movie_id)",
                        "Rows Removed by Index Recheck": 0,
                        "Filter": "(production_year = 2006)",
                        "Rows Removed by Filter": 1
                      }
                    ]
                  },
                  {
                    "Node Type": "Index Only Scan",
                    "Parent Relationship": "Inner",
                    "Parallel Aware": false,
                    "Scan Direction": "Forward",
                    "Index Name": "movie_id_movie_keyword",
                    "Relation Name": "movie_keyword",
                    "Alias": "mk",
                    "Startup Cost": 0.43,
                    "Total Cost": 2.85,
                    "Plan Rows": 45,
                    "Plan Width": 4,
                    "Actual Startup Time": 0.014,
                    "Actual Total Time": 0.019,
                    "Actual Rows": 16,
                    "Actual Loops": 245,
                    "Index Cond": "(movie_id = t.id)",
                    "Rows Removed by Index Recheck": 0,
                    "Heap Fetches": 3966
                  }
                ]
              }
            ]
          }
        ]
      }
    ]
  },
  "Planning Time": 1.092,
  "Triggers": [],
  "Execution Time": 31.679
}