[
  {
    "Plan": {
      "Node Type": "Aggregate",
      "Strategy": "Plain",
      "Partial Mode": "Finalize",
      "Parallel Aware": false,
      "Startup Cost": 30654.6,
      "Total Cost": 30654.61,
      "Plan Rows": 1,
      "Plan Width": 8,
      "Actual Startup Time": 72.484,
      "Actual Total Time": 79.65,
      "Actual Rows": 1,
      "Actual Loops": 1,
      "Plans": [
        {
          "Node Type": "Gather",
          "Parent Relationship": "Outer",
          "Parallel Aware": false,
          "Startup Cost": 30654.28,
          "Total Cost": 30654.59,
          "Plan Rows": 3,
          "Plan Width": 8,
          "Actual Startup Time": 72.368,
          "Actual Total Time": 79.64,
          "Actual Rows": 4,
          "Actual Loops": 1,
          "Workers Planned": 3,
          "Workers Launched": 3,
          "Single Copy": false,
          "Plans": [
            {
              "Node Type": "Aggregate",
              "Strategy": "Plain",
              "Partial Mode": "Partial",
              "Parent Relationship": "Outer",
              "Parallel Aware": false,
              "Startup Cost": 29654.28,
              "Total Cost": 29654.29,
              "Plan Rows": 1,
              "Plan Width": 8,
              "Actual Startup Time": 68.76,
              "Actual Total Time": 68.761,
              "Actual Rows": 1,
              "Actual Loops": 4,
              "Plans": [
                {
                  "Node Type": "Seq Scan",
                  "Parent Relationship": "Outer",
                  "Parallel Aware": true,
                  "Relation Name": "movie_companies",
                  "Alias": "mc",
                  "Startup Cost": 0.0,
                  "Total Cost": 29310.68,
                  "Plan Rows": 137439,
                  "Plan Width": 0,
                  "Actual Startup Time": 0.025,
                  "Actual Total Time": 63.264,
                  "Actual Rows": 105068,
                  "Actual Loops": 4,
                  "Filter": "(company_id < 294)",
                  "Rows Removed by Filter": 547214
                }
              ]
            }
          ]
        }
      ]
    },
    "Planning Time": 0.09,
    "Triggers": [],
    "Execution Time": 79.678
  }
]