[
  {
    "Plan": {
      "Node Type": "Aggregate",
      "Strategy": "Plain",
      "Partial Mode": "Finalize",
      "Parallel Aware": false,
      "Startup Cost": 79515.31,
      "Total Cost": 79515.32,
      "Plan Rows": 1,
      "Plan Width": 8,
      "Actual Startup Time": 193.352,
      "Actual Total Time": 210.619,
      "Actual Rows": 1,
      "Actual Loops": 1,
      "Plans": [
        {
          "Node Type": "Gather",
          "Parent Relationship": "Outer",
          "Parallel Aware": false,
          "Startup Cost": 79514.89,
          "Total Cost": 79515.3,
          "Plan Rows": 4,
          "Plan Width": 8,
          "Actual Startup Time": 192.822,
          "Actual Total Time": 210.612,
          "Actual Rows": 5,
          "Actual Loops": 1,
          "Workers Planned": 4,
          "Workers Launched": 4,
          "Single Copy": false,
          "Plans": [
            {
              "Node Type": "Aggregate",
              "Strategy": "Plain",
              "Partial Mode": "Partial",
              "Parent Relationship": "Outer",
              "Parallel Aware": false,
              "Startup Cost": 78514.89,
              "Total Cost": 78514.9,
              "Plan Rows": 1,
              "Plan Width": 8,
              "Actual Startup Time": 183.809,
              "Actual Total Time": 183.812,
              "Actual Rows": 1,
              "Actual Loops": 5,
              "Plans": [
                {
                  "Node Type": "Hash Join",
                  "Parent Relationship": "Outer",
                  "Parallel Aware": true,
                  "Join Type": "Inner",
                  "Startup Cost": 32611.11,
                  "Total Cost": 78329.46,
                  "Plan Rows": 74170,
                  "Plan Width": 0,
                  "Actual Startup Time": 152.381,
                  "Actual Total Time": 183.694,
                  "Actual Rows": 1733,
                  "Actual Loops": 5,
                  "Inner Unique": false,
                  "Hash Cond": "(t.id = mc.movie_id)",
                  "Plans": [
                    {
                      "Node Type": "Seq Scan",
                      "Parent Relationship": "Outer",
                      "Parallel Aware": true,
                      "Relation Name": "title",
                      "Alias": "t",
                      "Startup Cost": 0.0,
                      "Total Cost": 42318.73,
                      "Plan Rows": 632073,
                      "Plan Width": 4,
                      "Actual Startup Time": 0.012,
                      "Actual Total Time": 64.295,
                      "Actual Rows": 505662,
                      "Actual Loops": 5
                    },
                    {
                      "Node Type": "Hash",
                      "Parent Relationship": "Inner",
                      "Parallel Aware": true,
                      "Startup Cost": 31414.82,
                      "Total Cost": 31414.82,
                      "Plan Rows": 95703,
                      "Plan Width": 4,
                      "Actual Startup Time": 66.67,
                      "Actual Total Time": 66.671,
                      "Actual Rows": 1733,
                      "Actual Loops": 5,
                      "Hash Buckets": 524288,
                      "Original Hash Buckets": 524288,
                      "Hash Batches": 1,
                      "Original Hash Batches": 1,
                      "Peak Memory Usage": 4480,
                      "Plans": [
                        {
                          "Node Type": "Seq Scan",
                          "Parent Relationship": "Outer",
                          "Parallel Aware": true,
                          "Relation Name": "movie_companies",
                          "Alias": "mc",
                          "Startup Cost": 0.0,
                          "Total Cost": 31414.82,
                          "Plan Rows": 95703,
                          "Plan Width": 4,
                          "Actual Startup Time": 37.338,
                          "Actual Total Time": 64.572,
                          "Actual Rows": 1733,
                          "Actual Loops": 5,
                          "Filter": "((company_id > 63155) AND (company_type_id < 2))",
                          "Rows Removed by Filter": 520093
                        }
                      ]
                    }
                  ]
                }
              ]
            }
          ]
        }
      ]
    },
    "Planning Time": 0.625,
    "Triggers": [],
    "Execution Time": 210.685
  }
]