[
  {
    "Plan": {
      "Node Type": "Aggregate",
      "Strategy": "Plain",
      "Partial Mode": "Finalize",
      "Parallel Aware": false,
      "Startup Cost": 32199.34,
      "Total Cost": 32199.35,
      "Plan Rows": 1,
      "Plan Width": 8,
      "Actual Startup Time": 114.302,
      "Actual Total Time": 122.17,
      "Actual Rows": 1,
      "Actual Loops": 1,
      "Plans": [
        {
          "Node Type": "Gather",
          "Parent Relationship": "Outer",
          "Parallel Aware": false,
          "Startup Cost": 32199.02,
          "Total Cost": 32199.33,
          "Plan Rows": 3,
          "Plan Width": 8,
          "Actual Startup Time": 114.188,
          "Actual Total Time": 122.162,
          "Actual Rows": 4,
          "Actual Loops": 1,
          "Workers Planned": 3,
          "Workers Launched": 3,
          "Single Copy": false,
          "Plans": [
            {
              "Node Type": "Aggregate",
              "Strategy": "Plain",
              "Partial Mode": "Partial",
              "Parent Relationship": "Outer",
              "Parallel Aware": false,
              "Startup Cost": 31199.02,
              "Total Cost": 31199.03,
              "Plan Rows": 1,
              "Plan Width": 8,
              "Actual Startup Time": 107.791,
              "Actual Total Time": 107.792,
              "Actual Rows": 1,
              "Actual Loops": 4,
              "Plans": [
                {
                  "Node Type": "Seq Scan",
                  "Parent Relationship": "Outer",
                  "Parallel Aware": true,
                  "Relation Name": "movie_companies",
                  "Alias": "mc",
                  "Startup Cost": 0.0,
                  "Total Cost": 29310.68,
                  "Plan Rows": 755337,
                  "Plan Width": 0,
                  "Actual Startup Time": 0.037,
                  "Actual Total Time": 80.826,
                  "Actual Rows": 586534,
                  "Actual Loops": 4,
                  "Filter": "(company_id < 98817)",
                  "Rows Removed by Filter": 65749
                }
              ]
            }
          ]
        }
      ]
    },
    "Planning Time": 0.097,
    "Triggers": [],
    "Execution Time": 122.201
  }
]