[
    {
        "Bao": {
            "Bao prediction": "NaN",
            "Bao recommended hint": "(no hint)"
        }
    },
    {
        "Plan": {
            "Node Type": "Aggregate",
            "Strategy": "Plain",
            "Partial Mode": "Finalize",
            "Parallel Aware": false,
            "Startup Cost": 77705.13,
            "Total Cost": 77705.14,
            "Plan Rows": 1,
            "Plan Width": 8,
            "Actual Startup Time": 328.739,
            "Actual Total Time": 340.385,
            "Actual Rows": 1,
            "Actual Loops": 1,
            "Output": [
                "count(*)"
            ],
            "Plans": [
                {
                    "Node Type": "Gather",
                    "Parent Relationship": "Outer",
                    "Parallel Aware": false,
                    "Startup Cost": 77704.81,
                    "Total Cost": 77705.12,
                    "Plan Rows": 3,
                    "Plan Width": 8,
                    "Actual Startup Time": 327.563,
                    "Actual Total Time": 340.37,
                    "Actual Rows": 4,
                    "Actual Loops": 1,
                    "Output": [
                        "(PARTIAL count(*))"
                    ],
                    "Workers Planned": 3,
                    "Workers Launched": 3,
                    "Single Copy": false,
                    "Plans": [
                        {
                            "Node Type": "Aggregate",
                            "Strategy": "Plain",
                            "Partial Mode": "Partial",
                            "Parent Relationship": "Outer",
                            "Parallel Aware": false,
                            "Startup Cost": 76704.81,
                            "Total Cost": 76704.82,
                            "Plan Rows": 1,
                            "Plan Width": 8,
                            "Actual Startup Time": 319.147,
                            "Actual Total Time": 319.152,
                            "Actual Rows": 1,
                            "Actual Loops": 4,
                            "Output": [
                                "PARTIAL count(*)"
                            ],
                            "Workers": [
                                {
                                    "Worker Number": 0,
                                    "Actual Startup Time": 316.409,
                                    "Actual Total Time": 316.414,
                                    "Actual Rows": 1,
                                    "Actual Loops": 1
                                },
                                {
                                    "Worker Number": 1,
                                    "Actual Startup Time": 316.578,
                                    "Actual Total Time": 316.581,
                                    "Actual Rows": 1,
                                    "Actual Loops": 1
                                },
                                {
                                    "Worker Number": 2,
                                    "Actual Startup Time": 316.49,
                                    "Actual Total Time": 316.495,
                                    "Actual Rows": 1,
                                    "Actual Loops": 1
                                }
                            ],
                            "Plans": [
                                {
                                    "Node Type": "Hash Join",
                                    "Parent Relationship": "Outer",
                                    "Parallel Aware": true,
                                    "Join Type": "Inner",
                                    "Startup Cost": 44308.77,
                                    "Total Cost": 76658.63,
                                    "Plan Rows": 18474,
                                    "Plan Width": 0,
                                    "Actual Startup Time": 237.206,
                                    "Actual Total Time": 316.887,
                                    "Actual Rows": 31459,
                                    "Actual Loops": 4,
                                    "Inner Unique": true,
                                    "Hash Cond": "(mc.movie_id = t.id)",
                                    "Workers": [
                                        {
                                            "Worker Number": 0,
                                            "Actual Startup Time": 234.504,
                                            "Actual Total Time": 314.157,
                                            "Actual Rows": 30706,
                                            "Actual Loops": 1
                                        },
                                        {
                                            "Worker Number": 1,
                                            "Actual Startup Time": 234.504,
                                            "Actual Total Time": 314.244,
                                            "Actual Rows": 31977,
                                            "Actual Loops": 1
                                        },
                                        {
                                            "Worker Number": 2,
                                            "Actual Startup Time": 234.601,
                                            "Actual Total Time": 314.179,
                                            "Actual Rows": 31704,
                                            "Actual Loops": 1
                                        }
                                    ],
                                    "Plans": [
                                        {
                                            "Node Type": "Seq Scan",
                                            "Parent Relationship": "Outer",
                                            "Parallel Aware": true,
                                            "Relation Name": "movie_companies",
                                            "Schema": "public",
                                            "Alias": "mc",
                                            "Startup Cost": 0.0,
                                            "Total Cost": 31414.82,
                                            "Plan Rows": 356206,
                                            "Plan Width": 4,
                                            "Actual Startup Time": 51.471,
                                            "Actual Total Time": 111.501,
                                            "Actual Rows": 307447,
                                            "Actual Loops": 4,
                                            "Output": [
                                                "mc.id",
                                                "mc.movie_id",
                                                "mc.company_id",
                                                "mc.company_type_id",
                                                "mc.note"
                                            ],
                                            "Filter": "((mc.company_id > 323) AND (mc.company_type_id = 2))",
                                            "Rows Removed by Filter": 344835,
                                            "Workers": [
                                                {
                                                    "Worker Number": 0,
                                                    "Actual Startup Time": 51.432,
                                                    "Actual Total Time": 112.047,
                                                    "Actual Rows": 312321,
                                                    "Actual Loops": 1
                                                },
                                                {
                                                    "Worker Number": 1,
                                                    "Actual Startup Time": 51.445,
                                                    "Actual Total Time": 111.972,
                                                    "Actual Rows": 311606,
                                                    "Actual Loops": 1
                                                },
                                                {
                                                    "Worker Number": 2,
                                                    "Actual Startup Time": 51.458,
                                                    "Actual Total Time": 111.756,
                                                    "Actual Rows": 313276,
                                                    "Actual Loops": 1
                                                }
                                            ]
                                        },
                                        {
                                            "Node Type": "Hash",
                                            "Parent Relationship": "Inner",
                                            "Parallel Aware": true,
                                            "Startup Cost": 43899.01,
                                            "Total Cost": 43899.01,
                                            "Plan Rows": 32781,
                                            "Plan Width": 4,
                                            "Actual Startup Time": 138.474,
                                            "Actual Total Time": 138.475,
                                            "Actual Rows": 33281,
                                            "Actual Loops": 4,
                                            "Output": [
                                                "t.id"
                                            ],
                                            "Hash Buckets": 262144,
                                            "Original Hash Buckets": 262144,
                                            "Hash Batches": 1,
                                            "Original Hash Batches": 1,
                                            "Peak Memory Usage": 7328,
                                            "Workers": [
                                                {
                                                    "Worker Number": 0,
                                                    "Actual Startup Time": 136.771,
                                                    "Actual Total Time": 136.773,
                                                    "Actual Rows": 32860,
                                                    "Actual Loops": 1
                                                },
                                                {
                                                    "Worker Number": 1,
                                                    "Actual Startup Time": 136.779,
                                                    "Actual Total Time": 136.78,
                                                    "Actual Rows": 32266,
                                                    "Actual Loops": 1
                                                },
                                                {
                                                    "Worker Number": 2,
                                                    "Actual Startup Time": 136.906,
                                                    "Actual Total Time": 136.907,
                                                    "Actual Rows": 32545,
                                                    "Actual Loops": 1
                                                }
                                            ],
                                            "Plans": [
                                                {
                                                    "Node Type": "Seq Scan",
                                                    "Parent Relationship": "Outer",
                                                    "Parallel Aware": true,
                                                    "Relation Name": "title",
                                                    "Schema": "public",
                                                    "Alias": "t",
                                                    "Startup Cost": 0.0,
                                                    "Total Cost": 43899.01,
                                                    "Plan Rows": 32781,
                                                    "Plan Width": 4,
                                                    "Actual Startup Time": 32.989,
                                                    "Actual Total Time": 120.8,
                                                    "Actual Rows": 33281,
                                                    "Actual Loops": 4,
                                                    "Output": [
                                                        "t.id"
                                                    ],
                                                    "Filter": "(t.production_year < 1937)",
                                                    "Rows Removed by Filter": 598797,
                                                    "Workers": [
                                                        {
                                                            "Worker Number": 0,
                                                            "Actual Startup Time": 43.654,
                                                            "Actual Total Time": 120.104,
                                                            "Actual Rows": 32860,
                                                            "Actual Loops": 1
                                                        },
                                                        {
                                                            "Worker Number": 1,
                                                            "Actual Startup Time": 42.735,
                                                            "Actual Total Time": 119.829,
                                                            "Actual Rows": 32266,
                                                            "Actual Loops": 1
                                                        },
                                                        {
                                                            "Worker Number": 2,
                                                            "Actual Startup Time": 41.079,
                                                            "Actual Total Time": 120.397,
                                                            "Actual Rows": 32545,
                                                            "Actual Loops": 1
                                                        }
                                                    ]
                                                }
                                            ]
                                        }
                                    ]
                                }
                            ]
                        }
                    ]
                }
            ]
        },
        "Planning Time": 286.847,
        "Triggers": [],
        "Execution Time": 340.482
    }
]