[
  {
    "Plan": {
      "Node Type": "Aggregate",
      "Strategy": "Plain",
      "Partial Mode": "Finalize",
      "Parallel Aware": false,
      "Startup Cost": 32822.89,
      "Total Cost": 32822.9,
      "Plan Rows": 1,
      "Plan Width": 8,
      "Actual Startup Time": 63.762,
      "Actual Total Time": 69.142,
      "Actual Rows": 1,
      "Actual Loops": 1,
      "Plans": [
        {
          "Node Type": "Gather",
          "Parent Relationship": "Outer",
          "Parallel Aware": false,
          "Startup Cost": 32822.57,
          "Total Cost": 32822.88,
          "Plan Rows": 3,
          "Plan Width": 8,
          "Actual Startup Time": 63.633,
          "Actual Total Time": 69.136,
          "Actual Rows": 4,
          "Actual Loops": 1,
          "Workers Planned": 3,
          "Workers Launched": 3,
          "Single Copy": false,
          "Plans": [
            {
              "Node Type": "Aggregate",
              "Strategy": "Plain",
              "Partial Mode": "Partial",
              "Parent Relationship": "Outer",
              "Parallel Aware": false,
              "Startup Cost": 31822.57,
              "Total Cost": 31822.58,
              "Plan Rows": 1,
              "Plan Width": 8,
              "Actual Startup Time": 60.236,
              "Actual Total Time": 60.236,
              "Actual Rows": 1,
              "Actual Loops": 4,
              "Plans": [
                {
                  "Node Type": "Seq Scan",
                  "Parent Relationship": "Outer",
                  "Parallel Aware": true,
                  "Relation Name": "movie_companies",
                  "Alias": "mc",
                  "Startup Cost": 0.0,
                  "Total Cost": 31414.82,
                  "Plan Rows": 163101,
                  "Plan Width": 0,
                  "Actual Startup Time": 10.423,
                  "Actual Total Time": 58.053,
                  "Actual Rows": 49717,
                  "Actual Loops": 4,
                  "Filter": "((company_id > 15654) AND (company_type_id < 2))",
                  "Rows Removed by Filter": 602565
                }
              ]
            }
          ]
        }
      ]
    },
    "Planning Time": 0.227,
    "Triggers": [],
    "Execution Time": 69.205
  }
]