[
  {
    "Plan": {
      "Node Type": "Aggregate",
      "Strategy": "Plain",
      "Partial Mode": "Finalize",
      "Parallel Aware": false,
      "Startup Cost": 97128.65,
      "Total Cost": 97128.66,
      "Plan Rows": 1,
      "Plan Width": 8,
      "Actual Startup Time": 444.33,
      "Actual Total Time": 460.187,
      "Actual Rows": 1,
      "Actual Loops": 1,
      "Plans": [
        {
          "Node Type": "Gather",
          "Parent Relationship": "Outer",
          "Parallel Aware": false,
          "Startup Cost": 97128.44,
          "Total Cost": 97128.65,
          "Plan Rows": 2,
          "Plan Width": 8,
          "Actual Startup Time": 440.472,
          "Actual Total Time": 460.178,
          "Actual Rows": 3,
          "Actual Loops": 1,
          "Workers Planned": 2,
          "Workers Launched": 2,
          "Single Copy": false,
          "Plans": [
            {
              "Node Type": "Aggregate",
              "Strategy": "Plain",
              "Partial Mode": "Partial",
              "Parent Relationship": "Outer",
              "Parallel Aware": false,
              "Startup Cost": 96128.44,
              "Total Cost": 96128.45,
              "Plan Rows": 1,
              "Plan Width": 8,
              "Actual Startup Time": 430.837,
              "Actual Total Time": 431.172,
              "Actual Rows": 1,
              "Actual Loops": 3,
              "Plans": [
                {
                  "Node Type": "Hash Join",
                  "Parent Relationship": "Outer",
                  "Parallel Aware": true,
                  "Join Type": "Inner",
                  "Startup Cost": 80049.0,
                  "Total Cost": 96024.53,
                  "Plan Rows": 41563,
                  "Plan Width": 0,
                  "Actual Startup Time": 357.149,
                  "Actual Total Time": 422.058,
                  "Actual Rows": 235008,
                  "Actual Loops": 3,
                  "Inner Unique": false,
                  "Hash Cond": "(mi_idx.movie_id = t.id)",
                  "Plans": [
                    {
                      "Node Type": "Seq Scan",
                      "Parent Relationship": "Outer",
                      "Parallel Aware": true,
                      "Relation Name": "movie_info_idx",
                      "Alias": "mi_idx",
                      "Startup Cost": 0.0,
                      "Total Cost": 13685.15,
                      "Plan Rows": 575015,
                      "Plan Width": 4,
                      "Actual Startup Time": 0.027,
                      "Actual Total Time": 34.057,
                      "Actual Rows": 460012,
                      "Actual Loops": 3
                    },
                    {
                      "Node Type": "Hash",
                      "Parent Relationship": "Inner",
                      "Parallel Aware": true,
                      "Startup Cost": 79312.1,
                      "Total Cost": 79312.1,
                      "Plan Rows": 58952,
                      "Plan Width": 8,
                      "Actual Startup Time": 321.681,
                      "Actual Total Time": 322.015,
                      "Actual Rows": 97388,
                      "Actual Loops": 3,
                      "Hash Buckets": 524288,
                      "Original Hash Buckets": 262144,
                      "Hash Batches": 1,
                      "Original Hash Batches": 1,
                      "Peak Memory Usage": 17632,
                      "Plans": [
                        {
                          "Node Type": "Hash Join",
                          "Parent Relationship": "Outer",
                          "Parallel Aware": true,
                          "Join Type": "Inner",
                          "Startup Cost": 47177.32,
                          "Total Cost": 79312.1,
                          "Plan Rows": 58952,
                          "Plan Width": 8,
                          "Actual Startup Time": 183.408,
                          "Actual Total Time": 293.745,
                          "Actual Rows": 97388,
                          "Actual Loops": 3,
                          "Inner Unique": true,
                          "Hash Cond": "(mc.movie_id = t.id)",
                          "Plans": [
                            {
                              "Node Type": "Seq Scan",
                              "Parent Relationship": "Outer",
                              "Parallel Aware": true,
                              "Relation Name": "movie_companies",
                              "Alias": "mc",
                              "Startup Cost": 0.0,
                              "Total Cost": 31414.82,
                              "Plan Rows": 274270,
                              "Plan Width": 4,
                              "Actual Startup Time": 0.965,
                              "Actual Total Time": 79.041,
                              "Actual Rows": 218257,
                              "Actual Loops": 3,
                              "Filter": "((company_id > 2586) AND (company_type_id = 1))",
                              "Rows Removed by Filter": 651453
                            },
                            {
                              "Node Type": "Hash",
                              "Parent Relationship": "Inner",
                              "Parallel Aware": true,
                              "Startup Cost": 45479.1,
                              "Total Cost": 45479.1,
                              "Plan Rows": 135858,
                              "Plan Width": 4,
                              "Actual Startup Time": 163.402,
                              "Actual Total Time": 163.403,
                              "Actual Rows": 140221,
                              "Actual Loops": 3,
                              "Hash Buckets": 1048576,
                              "Original Hash Buckets": 1048576,
                              "Hash Batches": 1,
                              "Original Hash Batches": 1,
                              "Peak Memory Usage": 24704,
                              "Plans": [
                                {
                                  "Node Type": "Seq Scan",
                                  "Parent Relationship": "Outer",
                                  "Parallel Aware": true,
                                  "Relation Name": "title",
                                  "Alias": "t",
                                  "Startup Cost": 0.0,
                                  "Total Cost": 45479.1,
                                  "Plan Rows": 135858,
                                  "Plan Width": 4,
                                  "Actual Startup Time": 48.534,
                                  "Actual Total Time": 118.266,
                                  "Actual Rows": 140221,
                                  "Actual Loops": 3,
                                  "Filter": "((production_year > 1971) AND (kind_id = 1))",
                                  "Rows Removed by Filter": 702549
                                }
                              ]
                            }
                          ]
                        }
                      ]
                    }
                  ]
                }
              ]
            }
          ]
        }
      ]
    },
    "Planning Time": 1.407,
    "Triggers": [],
    "Execution Time": 460.268
  }
]