[
  {
    "Plan": {
      "Node Type": "Aggregate",
      "Strategy": "Plain",
      "Partial Mode": "Finalize",
      "Parallel Aware": false,
      "Startup Cost": 231711.81,
      "Total Cost": 231711.82,
      "Plan Rows": 1,
      "Plan Width": 8,
      "Actual Startup Time": 350.354,
      "Actual Total Time": 366.88,
      "Actual Rows": 1,
      "Actual Loops": 1,
      "Plans": [
        {
          "Node Type": "Gather",
          "Parent Relationship": "Outer",
          "Parallel Aware": false,
          "Startup Cost": 231711.29,
          "Total Cost": 231711.8,
          "Plan Rows": 5,
          "Plan Width": 8,
          "Actual Startup Time": 339.069,
          "Actual Total Time": 366.865,
          "Actual Rows": 6,
          "Actual Loops": 1,
          "Workers Planned": 5,
          "Workers Launched": 5,
          "Single Copy": false,
          "Plans": [
            {
              "Node Type": "Aggregate",
              "Strategy": "Plain",
              "Partial Mode": "Partial",
              "Parent Relationship": "Outer",
              "Parallel Aware": false,
              "Startup Cost": 230711.29,
              "Total Cost": 230711.3,
              "Plan Rows": 1,
              "Plan Width": 8,
              "Actual Startup Time": 329.562,
              "Actual Total Time": 329.567,
              "Actual Rows": 1,
              "Actual Loops": 6,
              "Plans": [
                {
                  "Node Type": "Hash Join",
                  "Parent Relationship": "Outer",
                  "Parallel Aware": true,
                  "Join Type": "Inner",
                  "Startup Cost": 65729.4,
                  "Total Cost": 230498.44,
                  "Plan Rows": 85139,
                  "Plan Width": 0,
                  "Actual Startup Time": 230.172,
                  "Actual Total Time": 328.515,
                  "Actual Rows": 18112,
                  "Actual Loops": 6,
                  "Inner Unique": true,
                  "Hash Cond": "(mi.movie_id = t.id)",
                  "Plans": [
                    {
                      "Node Type": "Bitmap Heap Scan",
                      "Parent Relationship": "Outer",
                      "Parallel Aware": true,
                      "Relation Name": "movie_info",
                      "Alias": "mi",
                      "Startup Cost": 16584.61,
                      "Total Cost": 180871.86,
                      "Plan Rows": 183540,
                      "Plan Width": 4,
                      "Actual Startup Time": 41.317,
                      "Actual Total Time": 103.718,
                      "Actual Rows": 150057,
                      "Actual Loops": 6,
                      "Recheck Cond": "(info_type_id > 94)",
                      "Rows Removed by Index Recheck": 0,
                      "Exact Heap Blocks": 8378,
                      "Lossy Heap Blocks": 0,
                      "Plans": [
                        {
                          "Node Type": "Bitmap Index Scan",
                          "Parent Relationship": "Outer",
                          "Parallel Aware": false,
                          "Index Name": "info_type_id_movie_info",
                          "Startup Cost": 0.0,
                          "Total Cost": 16355.18,
                          "Plan Rows": 917700,
                          "Plan Width": 0,
                          "Actual Startup Time": 35.85,
                          "Actual Total Time": 35.852,
                          "Actual Rows": 900340,
                          "Actual Loops": 1,
                          "Index Cond": "(info_type_id > 94)"
                        }
                      ]
                    },
                    {
                      "Node Type": "Hash",
                      "Parent Relationship": "Inner",
                      "Parallel Aware": true,
                      "Startup Cost": 45479.59,
                      "Total Cost": 45479.59,
                      "Plan Rows": 293216,
                      "Plan Width": 4,
                      "Actual Startup Time": 175.544,
                      "Actual Total Time": 175.545,
                      "Actual Rows": 188151,
                      "Actual Loops": 6,
                      "Hash Buckets": 2097152,
                      "Original Hash Buckets": 2097152,
                      "Hash Batches": 1,
                      "Original Hash Batches": 1,
                      "Peak Memory Usage": 60640,
                      "Plans": [
                        {
                          "Node Type": "Seq Scan",
                          "Parent Relationship": "Outer",
                          "Parallel Aware": true,
                          "Relation Name": "title",
                          "Alias": "t",
                          "Startup Cost": 0.0,
                          "Total Cost": 45479.59,
                          "Plan Rows": 293216,
                          "Plan Width": 4,
                          "Actual Startup Time": 0.051,
                          "Actual Total Time": 89.896,
                          "Actual Rows": 188151,
                          "Actual Loops": 6,
                          "Filter": "((production_year < 2010) AND (kind_id = 7))",
                          "Rows Removed by Filter": 233234
                        }
                      ]
                    }
                  ]
                }
              ]
            }
          ]
        }
      ]
    },
    "Planning Time": 0.541,
    "Triggers": [],
    "Execution Time": 366.92
  }
]