[
  {
    "Plan": {
      "Node Type": "Aggregate",
      "Strategy": "Plain",
      "Partial Mode": "Finalize",
      "Parallel Aware": false,
      "Startup Cost": 32722.04,
      "Total Cost": 32722.05,
      "Plan Rows": 1,
      "Plan Width": 8,
      "Actual Startup Time": 71.501,
      "Actual Total Time": 78.447,
      "Actual Rows": 1,
      "Actual Loops": 1,
      "Plans": [
        {
          "Node Type": "Gather",
          "Parent Relationship": "Outer",
          "Parallel Aware": false,
          "Startup Cost": 32721.72,
          "Total Cost": 32722.03,
          "Plan Rows": 3,
          "Plan Width": 8,
          "Actual Startup Time": 71.37,
          "Actual Total Time": 78.439,
          "Actual Rows": 4,
          "Actual Loops": 1,
          "Workers Planned": 3,
          "Workers Launched": 3,
          "Single Copy": false,
          "Plans": [
            {
              "Node Type": "Aggregate",
              "Strategy": "Plain",
              "Partial Mode": "Partial",
              "Parent Relationship": "Outer",
              "Parallel Aware": false,
              "Startup Cost": 31721.72,
              "Total Cost": 31721.73,
              "Plan Rows": 1,
              "Plan Width": 8,
              "Actual Startup Time": 66.449,
              "Actual Total Time": 66.45,
              "Actual Rows": 1,
              "Actual Loops": 4,
              "Plans": [
                {
                  "Node Type": "Seq Scan",
                  "Parent Relationship": "Outer",
                  "Parallel Aware": true,
                  "Relation Name": "movie_companies",
                  "Alias": "mc",
                  "Startup Cost": 0.0,
                  "Total Cost": 31414.82,
                  "Plan Rows": 122760,
                  "Plan Width": 0,
                  "Actual Startup Time": 18.677,
                  "Actual Total Time": 65.635,
                  "Actual Rows": 14995,
                  "Actual Loops": 4,
                  "Filter": "((company_id > 34008) AND (company_type_id = 1))",
                  "Rows Removed by Filter": 637288
                }
              ]
            }
          ]
        }
      ]
    },
    "Planning Time": 0.117,
    "Triggers": [],
    "Execution Time": 78.481
  }
]