[
    {
        "Bao": {
            "Bao prediction": "NaN",
            "Bao recommended hint": "(no hint)"
        }
    },
    {
        "Plan": {
            "Node Type": "Aggregate",
            "Strategy": "Plain",
            "Partial Mode": "Finalize",
            "Parallel Aware": false,
            "Startup Cost": 252599.95,
            "Total Cost": 252599.96,
            "Plan Rows": 1,
            "Plan Width": 8,
            "Actual Startup Time": 520.323,
            "Actual Total Time": 538.194,
            "Actual Rows": 1,
            "Actual Loops": 1,
            "Output": [
                "count(*)"
            ],
            "Plans": [
                {
                    "Node Type": "Gather",
                    "Parent Relationship": "Outer",
                    "Parallel Aware": false,
                    "Startup Cost": 252599.33,
                    "Total Cost": 252599.94,
                    "Plan Rows": 6,
                    "Plan Width": 8,
                    "Actual Startup Time": 517.802,
                    "Actual Total Time": 538.186,
                    "Actual Rows": 7,
                    "Actual Loops": 1,
                    "Output": [
                        "(PARTIAL count(*))"
                    ],
                    "Workers Planned": 6,
                    "Workers Launched": 6,
                    "Single Copy": false,
                    "Plans": [
                        {
                            "Node Type": "Aggregate",
                            "Strategy": "Plain",
                            "Partial Mode": "Partial",
                            "Parent Relationship": "Outer",
                            "Parallel Aware": false,
                            "Startup Cost": 251599.33,
                            "Total Cost": 251599.34,
                            "Plan Rows": 1,
                            "Plan Width": 8,
                            "Actual Startup Time": 507.401,
                            "Actual Total Time": 507.404,
                            "Actual Rows": 1,
                            "Actual Loops": 7,
                            "Output": [
                                "PARTIAL count(*)"
                            ],
                            "Workers": [
                                {
                                    "Worker Number": 0,
                                    "Actual Startup Time": 504.841,
                                    "Actual Total Time": 504.844,
                                    "Actual Rows": 1,
                                    "Actual Loops": 1
                                },
                                {
                                    "Worker Number": 1,
                                    "Actual Startup Time": 505.339,
                                    "Actual Total Time": 505.342,
                                    "Actual Rows": 1,
                                    "Actual Loops": 1
                                },
                                {
                                    "Worker Number": 2,
                                    "Actual Startup Time": 505.881,
                                    "Actual Total Time": 505.884,
                                    "Actual Rows": 1,
                                    "Actual Loops": 1
                                },
                                {
                                    "Worker Number": 3,
                                    "Actual Startup Time": 506.065,
                                    "Actual Total Time": 506.067,
                                    "Actual Rows": 1,
                                    "Actual Loops": 1
                                },
                                {
                                    "Worker Number": 4,
                                    "Actual Startup Time": 506.168,
                                    "Actual Total Time": 506.171,
                                    "Actual Rows": 1,
                                    "Actual Loops": 1
                                },
                                {
                                    "Worker Number": 5,
                                    "Actual Startup Time": 506.129,
                                    "Actual Total Time": 506.132,
                                    "Actual Rows": 1,
                                    "Actual Loops": 1
                                }
                            ],
                            "Plans": [
                                {
                                    "Node Type": "Hash Join",
                                    "Parent Relationship": "Outer",
                                    "Parallel Aware": true,
                                    "Join Type": "Inner",
                                    "Startup Cost": 46488.62,
                                    "Total Cost": 251194.16,
                                    "Plan Rows": 162066,
                                    "Plan Width": 0,
                                    "Actual Startup Time": 90.851,
                                    "Actual Total Time": 497.249,
                                    "Actual Rows": 197820,
                                    "Actual Loops": 7,
                                    "Inner Unique": true,
                                    "Hash Cond": "(ci.movie_id = t.id)",
                                    "Workers": [
                                        {
                                            "Worker Number": 0,
                                            "Actual Startup Time": 88.092,
                                            "Actual Total Time": 493.843,
                                            "Actual Rows": 147211,
                                            "Actual Loops": 1
                                        },
                                        {
                                            "Worker Number": 1,
                                            "Actual Startup Time": 89.14,
                                            "Actual Total Time": 494.741,
                                            "Actual Rows": 141400,
                                            "Actual Loops": 1
                                        },
                                        {
                                            "Worker Number": 2,
                                            "Actual Startup Time": 88.989,
                                            "Actual Total Time": 496.236,
                                            "Actual Rows": 207048,
                                            "Actual Loops": 1
                                        },
                                        {
                                            "Worker Number": 3,
                                            "Actual Startup Time": 89.935,
                                            "Actual Total Time": 496.125,
                                            "Actual Rows": 215659,
                                            "Actual Loops": 1
                                        },
                                        {
                                            "Worker Number": 4,
                                            "Actual Startup Time": 89.448,
                                            "Actual Total Time": 495.977,
                                            "Actual Rows": 221883,
                                            "Actual Loops": 1
                                        },
                                        {
                                            "Worker Number": 5,
                                            "Actual Startup Time": 89.721,
                                            "Actual Total Time": 496.051,
                                            "Actual Rows": 217175,
                                            "Actual Loops": 1
                                        }
                                    ],
                                    "Plans": [
                                        {
                                            "Node Type": "Index Scan",
                                            "Parent Relationship": "Outer",
                                            "Parallel Aware": true,
                                            "Scan Direction": "Forward",
                                            "Index Name": "role_id_cast_info",
                                            "Relation Name": "cast_info",
                                            "Schema": "public",
                                            "Alias": "ci",
                                            "Startup Cost": 0.56,
                                            "Total Cost": 201374.32,
                                            "Plan Rows": 1269250,
                                            "Plan Width": 4,
                                            "Actual Startup Time": 0.132,
                                            "Actual Total Time": 197.65,
                                            "Actual Rows": 1101806,
                                            "Actual Loops": 7,
                                            "Output": [
                                                "ci.id",
                                                "ci.person_id",
                                                "ci.movie_id",
                                                "ci.person_role_id",
                                                "ci.note",
                                                "ci.nr_order",
                                                "ci.role_id"
                                            ],
                                            "Index Cond": "(ci.role_id > 6)",
                                            "Rows Removed by Index Recheck": 0,
                                            "Workers": [
                                                {
                                                    "Worker Number": 0,
                                                    "Actual Startup Time": 0.071,
                                                    "Actual Total Time": 202.781,
                                                    "Actual Rows": 811621,
                                                    "Actual Loops": 1
                                                },
                                                {
                                                    "Worker Number": 1,
                                                    "Actual Startup Time": 0.218,
                                                    "Actual Total Time": 197.27,
                                                    "Actual Rows": 784302,
                                                    "Actual Loops": 1
                                                },
                                                {
                                                    "Worker Number": 2,
                                                    "Actual Startup Time": 0.269,
                                                    "Actual Total Time": 193.148,
                                                    "Actual Rows": 1137781,
                                                    "Actual Loops": 1
                                                },
                                                {
                                                    "Worker Number": 3,
                                                    "Actual Startup Time": 0.16,
                                                    "Actual Total Time": 199.57,
                                                    "Actual Rows": 1209246,
                                                    "Actual Loops": 1
                                                },
                                                {
                                                    "Worker Number": 4,
                                                    "Actual Startup Time": 0.059,
                                                    "Actual Total Time": 199.673,
                                                    "Actual Rows": 1225395,
                                                    "Actual Loops": 1
                                                },
                                                {
                                                    "Worker Number": 5,
                                                    "Actual Startup Time": 0.121,
                                                    "Actual Total Time": 201.29,
                                                    "Actual Rows": 1217204,
                                                    "Actual Loops": 1
                                                }
                                            ]
                                        },
                                        {
                                            "Node Type": "Hash",
                                            "Parent Relationship": "Inner",
                                            "Parallel Aware": true,
                                            "Startup Cost": 45479.21,
                                            "Total Cost": 45479.21,
                                            "Plan Rows": 80708,
                                            "Plan Width": 4,
                                            "Actual Startup Time": 88.891,
                                            "Actual Total Time": 88.892,
                                            "Actual Rows": 49933,
                                            "Actual Loops": 7,
                                            "Output": [
                                                "t.id"
                                            ],
                                            "Hash Buckets": 524288,
                                            "Original Hash Buckets": 524288,
                                            "Hash Batches": 1,
                                            "Original Hash Batches": 1,
                                            "Peak Memory Usage": 17888,
                                            "Workers": [
                                                {
                                                    "Worker Number": 0,
                                                    "Actual Startup Time": 87.365,
                                                    "Actual Total Time": 87.366,
                                                    "Actual Rows": 34890,
                                                    "Actual Loops": 1
                                                },
                                                {
                                                    "Worker Number": 1,
                                                    "Actual Startup Time": 87.876,
                                                    "Actual Total Time": 87.877,
                                                    "Actual Rows": 33294,
                                                    "Actual Loops": 1
                                                },
                                                {
                                                    "Worker Number": 2,
                                                    "Actual Startup Time": 88.058,
                                                    "Actual Total Time": 88.059,
                                                    "Actual Rows": 40690,
                                                    "Actual Loops": 1
                                                },
                                                {
                                                    "Worker Number": 3,
                                                    "Actual Startup Time": 88.544,
                                                    "Actual Total Time": 88.545,
                                                    "Actual Rows": 46241,
                                                    "Actual Loops": 1
                                                },
                                                {
                                                    "Worker Number": 4,
                                                    "Actual Startup Time": 88.581,
                                                    "Actual Total Time": 88.582,
                                                    "Actual Rows": 45867,
                                                    "Actual Loops": 1
                                                },
                                                {
                                                    "Worker Number": 5,
                                                    "Actual Startup Time": 88.582,
                                                    "Actual Total Time": 88.583,
                                                    "Actual Rows": 46027,
                                                    "Actual Loops": 1
                                                }
                                            ],
                                            "Plans": [
                                                {
                                                    "Node Type": "Seq Scan",
                                                    "Parent Relationship": "Outer",
                                                    "Parallel Aware": true,
                                                    "Relation Name": "title",
                                                    "Schema": "public",
                                                    "Alias": "t",
                                                    "Startup Cost": 0.0,
                                                    "Total Cost": 45479.21,
                                                    "Plan Rows": 80708,
                                                    "Plan Width": 4,
                                                    "Actual Startup Time": 0.045,
                                                    "Actual Total Time": 69.652,
                                                    "Actual Rows": 49933,
                                                    "Actual Loops": 7,
                                                    "Output": [
                                                        "t.id"
                                                    ],
                                                    "Filter": "((t.production_year > 2009) AND (t.kind_id = 7))",
                                                    "Rows Removed by Filter": 311254,
                                                    "Workers": [
                                                        {
                                                            "Worker Number": 0,
                                                            "Actual Startup Time": 0.047,
                                                            "Actual Total Time": 70.158,
                                                            "Actual Rows": 34890,
                                                            "Actual Loops": 1
                                                        },
                                                        {
                                                            "Worker Number": 1,
                                                            "Actual Startup Time": 0.05,
                                                            "Actual Total Time": 69.64,
                                                            "Actual Rows": 33294,
                                                            "Actual Loops": 1
                                                        },
                                                        {
                                                            "Worker Number": 2,
                                                            "Actual Startup Time": 0.05,
                                                            "Actual Total Time": 69.122,
                                                            "Actual Rows": 40690,
                                                            "Actual Loops": 1
                                                        },
                                                        {
                                                            "Worker Number": 3,
                                                            "Actual Startup Time": 0.05,
                                                            "Actual Total Time": 70.644,
                                                            "Actual Rows": 46241,
                                                            "Actual Loops": 1
                                                        },
                                                        {
                                                            "Worker Number": 4,
                                                            "Actual Startup Time": 0.045,
                                                            "Actual Total Time": 70.1,
                                                            "Actual Rows": 45867,
                                                            "Actual Loops": 1
                                                        },
                                                        {
                                                            "Worker Number": 5,
                                                            "Actual Startup Time": 0.058,
                                                            "Actual Total Time": 70.168,
                                                            "Actual Rows": 46027,
                                                            "Actual Loops": 1
                                                        }
                                                    ]
                                                }
                                            ]
                                        }
                                    ]
                                }
                            ]
                        }
                    ]
                }
            ]
        },
        "Planning Time": 207.031,
        "Triggers": [],
        "Execution Time": 538.255
    }
]