{
  "Plan": {
    "Node Type": "Aggregate",
    "Strategy": "Plain",
    "Partial Mode": "Simple",
    "Parallel Aware": false,
    "Startup Cost": 818089.13,
    "Total Cost": 818089.14,
    "Plan Rows": 1,
    "Plan Width": 32,
    "Actual Startup Time": 3987.185,
    "Actual Total Time": 4037.352,
    "Actual Rows": 1,
    "Actual Loops": 1,
    "Plans": [
      {
        "Node Type": "Hash Join",
        "Parent Relationship": "Outer",
        "Parallel Aware": false,
        "Join Type": "Inner",
        "Startup Cost": 815100.82,
        "Total Cost": 818088.81,
        "Plan Rows": 131,
        "Plan Width": 17,
        "Actual Startup Time": 3971.08,
        "Actual Total Time": 4037.187,
        "Actual Rows": 1709,
        "Actual Loops": 1,
        "Inner Unique": false,
        "Hash Cond": "(k.id = mk.keyword_id)",
        "Plans": [
          {
            "Node Type": "Seq Scan",
            "Parent Relationship": "Outer",
            "Parallel Aware": false,
            "Relation Name": "keyword",
            "Alias": "k",
            "Startup Cost": 0.0,
            "Total Cost": 2626.12,
            "Plan Rows": 13,
            "Plan Width": 4,
            "Actual Startup Time": 3.421,
            "Actual Total Time": 18.788,
            "Actual Rows": 30,
            "Actual Loops": 1,
            "Filter": "(keyword ~~ '%sequel%'::text)",
            "Rows Removed by Filter": 134140
          },
          {
            "Node Type": "Hash",
            "Parent Relationship": "Inner",
            "Parallel Aware": false,
            "Startup Cost": 798190.67,
            "Total Cost": 798190.67,
            "Plan Rows": 1352812,
            "Plan Width": 21,
            "Actual Startup Time": 3950.14,
            "Actual Total Time": 4000.305,
            "Actual Rows": 551171,
            "Actual Loops": 1,
            "Hash Buckets": 2097152,
            "Original Hash Buckets": 2097152,
            "Hash Batches": 1,
            "Original Hash Batches": 1,
            "Peak Memory Usage": 45976,
            "Plans": [
              {
                "Node Type": "Merge Join",
                "Parent Relationship": "Outer",
                "Parallel Aware": false,
                "Join Type": "Inner",
                "Startup Cost": 654399.7,
                "Total Cost": 798190.67,
                "Plan Rows": 1352812,
                "Plan Width": 21,
                "Actual Startup Time": 1751.938,
                "Actual Total Time": 3849.537,
                "Actual Rows": 551171,
                "Actual Loops": 1,
                "Inner Unique": false,
                "Merge Cond": "(t.id = mi.movie_id)",
                "Plans": [
                  {
                    "Node Type": "Index Scan",
                    "Parent Relationship": "Outer",
                    "Parallel Aware": false,
                    "Scan Direction": "Forward",
                    "Index Name": "title_pkey",
                    "Relation Name": "title",
                    "Alias": "t",
                    "Startup Cost": 0.43,
                    "Total Cost": 116680.33,
                    "Plan Rows": 1920413,
                    "Plan Width": 21,
                    "Actual Startup Time": 0.022,
                    "Actual Total Time": 1799.337,
                    "Actual Rows": 1921727,
                    "Actual Loops": 1,
                    "Filter": "(production_year < 2010)",
                    "Rows Removed by Filter": 603776
                  },
                  {
                    "Node Type": "Sort",
                    "Parent Relationship": "Inner",
                    "Parallel Aware": false,
                    "Startup Cost": 654396.05,
                    "Total Cost": 658848.99,
                    "Plan Rows": 1781178,
                    "Plan Width": 12,
                    "Actual Startup Time": 1743.716,
                    "Actual Total Time": 1834.705,
                    "Actual Rows": 612026,
                    "Actual Loops": 1,
                    "Sort Key": [
                      "mi.movie_id"
                    ],
                    "Sort Method": "quicksort",
                    "Sort Space Used": 53265,
                    "Sort Space Type": "Memory",
                    "Plans": [
                      {
                        "Node Type": "Gather",
                        "Parent Relationship": "Outer",
                        "Parallel Aware": false,
                        "Startup Cost": 58288.97,
                        "Total Cost": 469470.58,
                        "Plan Rows": 1781178,
                        "Plan Width": 12,
                        "Actual Startup Time": 563.156,
                        "Actual Total Time": 1627.716,
                        "Actual Rows": 612026,
                        "Actual Loops": 1,
                        "Workers Planned": 5,
                        "Workers Launched": 5,
                        "Single Copy": false,
                        "Plans": [
                          {
                            "Node Type": "Hash Join",
                            "Parent Relationship": "Outer",
                            "Parallel Aware": true,
                            "Join Type": "Inner",
                            "Startup Cost": 57288.97,
                            "Total Cost": 290352.78,
                            "Plan Rows": 356236,
                            "Plan Width": 12,
                            "Actual Startup Time": 534.254,
                            "Actual Total Time": 1526.543,
                            "Actual Rows": 102004,
                            "Actual Loops": 6,
                            "Inner Unique": false,
                            "Hash Cond": "(mi.movie_id = mk.movie_id)",
                            "Plans": [
                              {
                                "Node Type": "Seq Scan",
                                "Parent Relationship": "Outer",
                                "Parallel Aware": true,
                                "Relation Name": "movie_info",
                                "Alias": "mi",
                                "Startup Cost": 0.0,
                                "Total Cost": 221467.02,
                                "Plan Rows": 28429,
                                "Plan Width": 4,
                                "Actual Startup Time": 0.489,
                                "Actual Total Time": 933.541,
                                "Actual Rows": 25650,
                                "Actual Loops": 6,
                                "Filter": "(info = ANY ('{Sweden,Norway,Germany,Denmark,Swedish,Denish,Norwegian,German}'::text[]))",
                                "Rows Removed by Filter": 2446970
                              },
                              {
                                "Node Type": "Hash",
                                "Parent Relationship": "Inner",
                                "Parallel Aware": true,
                                "Startup Cost": 39047.32,
                                "Total Cost": 39047.32,
                                "Plan Rows": 1459332,
                                "Plan Width": 8,
                                "Actual Startup Time": 519.71,
                                "Actual Total Time": 519.711,
                                "Actual Rows": 753988,
                                "Actual Loops": 6,
                                "Hash Buckets": 8388608,
                                "Original Hash Buckets": 8388608,
                                "Hash Batches": 1,
                                "Original Hash Batches": 1,
                                "Peak Memory Usage": 242624,
                                "Plans": [
                                  {
                                    "Node Type": "Seq Scan",
                                    "Parent Relationship": "Outer",
                                    "Parallel Aware": true,
                                    "Relation Name": "movie_keyword",
                                    "Alias": "mk",
                                    "Startup Cost": 0.0,
                                    "Total Cost": 39047.32,
                                    "Plan Rows": 1459332,
                                    "Plan Width": 8,
                                    "Actual Startup Time": 0.083,
                                    "Actual Total Time": 153.332,
                                    "Actual Rows": 753988,
                                    "Actual Loops": 6
                                  }
                                ]
                              }
                            ]
                          }
                        ]
                      }
                    ]
                  }
                ]
              }
            ]
          }
        ]
      }
    ]
  },
  "Planning Time": 6.587,
  "Triggers": [],
  "Execution Time": 4050.574
}