[
  {
    "Plan": {
      "Node Type": "Aggregate",
      "Strategy": "Plain",
      "Partial Mode": "Finalize",
      "Parallel Aware": false,
      "Startup Cost": 338788.07,
      "Total Cost": 338788.08,
      "Plan Rows": 1,
      "Plan Width": 8,
      "Actual Startup Time": 783.273,
      "Actual Total Time": 840.269,
      "Actual Rows": 1,
      "Actual Loops": 1,
      "Plans": [
        {
          "Node Type": "Gather",
          "Parent Relationship": "Outer",
          "Parallel Aware": false,
          "Startup Cost": 338787.44,
          "Total Cost": 338788.05,
          "Plan Rows": 6,
          "Plan Width": 8,
          "Actual Startup Time": 783.142,
          "Actual Total Time": 840.258,
          "Actual Rows": 7,
          "Actual Loops": 1,
          "Workers Planned": 6,
          "Workers Launched": 6,
          "Single Copy": false,
          "Plans": [
            {
              "Node Type": "Aggregate",
              "Strategy": "Plain",
              "Partial Mode": "Partial",
              "Parent Relationship": "Outer",
              "Parallel Aware": false,
              "Startup Cost": 337787.44,
              "Total Cost": 337787.45,
              "Plan Rows": 1,
              "Plan Width": 8,
              "Actual Startup Time": 774.216,
              "Actual Total Time": 774.217,
              "Actual Rows": 1,
              "Actual Loops": 7,
              "Plans": [
                {
                  "Node Type": "Seq Scan",
                  "Parent Relationship": "Outer",
                  "Parallel Aware": true,
                  "Relation Name": "cast_info",
                  "Alias": "ci",
                  "Startup Cost": 0.0,
                  "Total Cost": 328162.03,
                  "Plan Rows": 3850167,
                  "Plan Width": 0,
                  "Actual Startup Time": 150.014,
                  "Actual Total Time": 626.625,
                  "Actual Rows": 3302343,
                  "Actual Loops": 7,
                  "Filter": "(person_id > 1296312)",
                  "Rows Removed by Filter": 1875421
                }
              ]
            }
          ]
        }
      ]
    },
    "Planning Time": 0.17,
    "Triggers": [],
    "Execution Time": 840.335
  }
]