[
  {
    "Plan": {
      "Node Type": "Aggregate",
      "Strategy": "Plain",
      "Partial Mode": "Finalize",
      "Parallel Aware": false,
      "Startup Cost": 719449.74,
      "Total Cost": 719449.75,
      "Plan Rows": 1,
      "Plan Width": 8,
      "Actual Startup Time": 12084.001,
      "Actual Total Time": 12221.264,
      "Actual Rows": 1,
      "Actual Loops": 1,
      "Plans": [
        {
          "Node Type": "Gather",
          "Parent Relationship": "Outer",
          "Parallel Aware": false,
          "Startup Cost": 719449.22,
          "Total Cost": 719449.73,
          "Plan Rows": 5,
          "Plan Width": 8,
          "Actual Startup Time": 11924.584,
          "Actual Total Time": 12221.247,
          "Actual Rows": 6,
          "Actual Loops": 1,
          "Workers Planned": 5,
          "Workers Launched": 5,
          "Single Copy": false,
          "Plans": [
            {
              "Node Type": "Aggregate",
              "Strategy": "Plain",
              "Partial Mode": "Partial",
              "Parent Relationship": "Outer",
              "Parallel Aware": false,
              "Startup Cost": 718449.22,
              "Total Cost": 718449.23,
              "Plan Rows": 1,
              "Plan Width": 8,
              "Actual Startup Time": 11830.431,
              "Actual Total Time": 11830.449,
              "Actual Rows": 1,
              "Actual Loops": 6,
              "Plans": [
                {
                  "Node Type": "Hash Join",
                  "Parent Relationship": "Outer",
                  "Parallel Aware": true,
                  "Join Type": "Inner",
                  "Startup Cost": 422557.02,
                  "Total Cost": 667059.58,
                  "Plan Rows": 20555854,
                  "Plan Width": 0,
                  "Actual Startup Time": 4497.053,
                  "Actual Total Time": 10292.61,
                  "Actual Rows": 36008885,
                  "Actual Loops": 6,
                  "Inner Unique": false,
                  "Hash Cond": "(mi.movie_id = t.id)",
                  "Plans": [
                    {
                      "Node Type": "Seq Scan",
                      "Parent Relationship": "Outer",
                      "Parallel Aware": true,
                      "Relation Name": "movie_info",
                      "Alias": "mi",
                      "Startup Cost": 0.0,
                      "Total Cost": 191685.19,
                      "Plan Rows": 2969219,
                      "Plan Width": 4,
                      "Actual Startup Time": 0.027,
                      "Actual Total Time": 302.897,
                      "Actual Rows": 2472620,
                      "Actual Loops": 6
                    },
                    {
                      "Node Type": "Hash",
                      "Parent Relationship": "Inner",
                      "Parallel Aware": true,
                      "Startup Cost": 386089.88,
                      "Total Cost": 386089.88,
                      "Plan Rows": 2917371,
                      "Plan Width": 8,
                      "Actual Startup Time": 4459.331,
                      "Actual Total Time": 4459.338,
                      "Actual Rows": 2882664,
                      "Actual Loops": 6,
                      "Hash Buckets": 33554432,
                      "Original Hash Buckets": 33554432,
                      "Hash Batches": 1,
                      "Original Hash Batches": 1,
                      "Peak Memory Usage": 938880,
                      "Plans": [
                        {
                          "Node Type": "Hash Join",
                          "Parent Relationship": "Outer",
                          "Parallel Aware": true,
                          "Join Type": "Inner",
                          "Startup Cost": 50220.38,
                          "Total Cost": 386089.88,
                          "Plan Rows": 2917371,
                          "Plan Width": 8,
                          "Actual Startup Time": 559.995,
                          "Actual Total Time": 2690.204,
                          "Actual Rows": 2882664,
                          "Actual Loops": 6,
                          "Inner Unique": true,
                          "Hash Cond": "(ci.movie_id = t.id)",
                          "Plans": [
                            {
                              "Node Type": "Seq Scan",
                              "Parent Relationship": "Outer",
                              "Parallel Aware": true,
                              "Relation Name": "cast_info",
                              "Alias": "ci",
                              "Startup Cost": 0.0,
                              "Total Cost": 328211.39,
                              "Plan Rows": 2917371,
                              "Plan Width": 4,
                              "Actual Startup Time": 235.448,
                              "Actual Total Time": 793.562,
                              "Actual Rows": 2882664,
                              "Actual Loops": 6,
                              "Filter": "(person_id > 1889350)",
                              "Rows Removed by Filter": 3158060
                            },
                            {
                              "Node Type": "Hash",
                              "Parent Relationship": "Inner",
                              "Parallel Aware": true,
                              "Startup Cost": 42319.06,
                              "Total Cost": 42319.06,
                              "Plan Rows": 632106,
                              "Plan Width": 4,
                              "Actual Startup Time": 319.704,
                              "Actual Total Time": 319.705,
                              "Actual Rows": 421385,
                              "Actual Loops": 6,
                              "Hash Buckets": 4194304,
                              "Original Hash Buckets": 4194304,
                              "Hash Batches": 1,
                              "Original Hash Batches": 1,
                              "Peak Memory Usage": 131808,
                              "Plans": [
                                {
                                  "Node Type": "Seq Scan",
                                  "Parent Relationship": "Outer",
                                  "Parallel Aware": true,
                                  "Relation Name": "title",
                                  "Alias": "t",
                                  "Startup Cost": 0.0,
                                  "Total Cost": 42319.06,
                                  "Plan Rows": 632106,
                                  "Plan Width": 4,
                                  "Actual Startup Time": 0.064,
                                  "Actual Total Time": 90.539,
                                  "Actual Rows": 421385,
                                  "Actual Loops": 6
                                }
                              ]
                            }
                          ]
                        }
                      ]
                    }
                  ]
                }
              ]
            }
          ]
        }
      ]
    },
    "Planning Time": 0.605,
    "Triggers": [],
    "Execution Time": 12221.341
  }
]