[
  {
    "Plan": {
      "Node Type": "Aggregate",
      "Strategy": "Plain",
      "Partial Mode": "Finalize",
      "Parallel Aware": false,
      "Startup Cost": 35128.28,
      "Total Cost": 35128.29,
      "Plan Rows": 1,
      "Plan Width": 8,
      "Actual Startup Time": 39.211,
      "Actual Total Time": 45.271,
      "Actual Rows": 1,
      "Actual Loops": 1,
      "Plans": [
        {
          "Node Type": "Gather",
          "Parent Relationship": "Outer",
          "Parallel Aware": false,
          "Startup Cost": 35128.07,
          "Total Cost": 35128.28,
          "Plan Rows": 2,
          "Plan Width": 8,
          "Actual Startup Time": 39.1,
          "Actual Total Time": 45.264,
          "Actual Rows": 3,
          "Actual Loops": 1,
          "Workers Planned": 2,
          "Workers Launched": 2,
          "Single Copy": false,
          "Plans": [
            {
              "Node Type": "Aggregate",
              "Strategy": "Plain",
              "Partial Mode": "Partial",
              "Parent Relationship": "Outer",
              "Parallel Aware": false,
              "Startup Cost": 34128.07,
              "Total Cost": 34128.08,
              "Plan Rows": 1,
              "Plan Width": 8,
              "Actual Startup Time": 35.066,
              "Actual Total Time": 35.068,
              "Actual Rows": 1,
              "Actual Loops": 3,
              "Plans": [
                {
                  "Node Type": "Nested Loop",
                  "Parent Relationship": "Outer",
                  "Parallel Aware": false,
                  "Join Type": "Inner",
                  "Startup Cost": 138.38,
                  "Total Cost": 34125.87,
                  "Plan Rows": 878,
                  "Plan Width": 0,
                  "Actual Startup Time": 5.185,
                  "Actual Total Time": 35.01,
                  "Actual Rows": 284,
                  "Actual Loops": 3,
                  "Inner Unique": false,
                  "Plans": [
                    {
                      "Node Type": "Nested Loop",
                      "Parent Relationship": "Outer",
                      "Parallel Aware": false,
                      "Join Type": "Inner",
                      "Startup Cost": 137.95,
                      "Total Cost": 33245.57,
                      "Plan Rows": 1610,
                      "Plan Width": 8,
                      "Actual Startup Time": 5.057,
                      "Actual Total Time": 33.237,
                      "Actual Rows": 130,
                      "Actual Loops": 3,
                      "Inner Unique": true,
                      "Plans": [
                        {
                          "Node Type": "Bitmap Heap Scan",
                          "Parent Relationship": "Outer",
                          "Parallel Aware": true,
                          "Relation Name": "movie_keyword",
                          "Alias": "mk",
                          "Startup Cost": 137.52,
                          "Total Cost": 14545.79,
                          "Plan Rows": 2639,
                          "Plan Width": 4,
                          "Actual Startup Time": 4.768,
                          "Actual Total Time": 14.097,
                          "Actual Rows": 2101,
                          "Actual Loops": 3,
                          "Recheck Cond": "(keyword_id = 135)",
                          "Rows Removed by Index Recheck": 0,
                          "Exact Heap Blocks": 2972,
                          "Lossy Heap Blocks": 0,
                          "Plans": [
                            {
                              "Node Type": "Bitmap Index Scan",
                              "Parent Relationship": "Outer",
                              "Parallel Aware": false,
                              "Index Name": "keyword_id_movie_keyword",
                              "Startup Cost": 0.0,
                              "Total Cost": 135.94,
                              "Plan Rows": 6334,
                              "Plan Width": 0,
                              "Actual Startup Time": 5.255,
                              "Actual Total Time": 5.256,
                              "Actual Rows": 6303,
                              "Actual Loops": 1,
                              "Index Cond": "(keyword_id = 135)"
                            }
                          ]
                        },
                        {
                          "Node Type": "Index Scan",
                          "Parent Relationship": "Inner",
                          "Parallel Aware": false,
                          "Scan Direction": "Forward",
                          "Index Name": "title_pkey",
                          "Relation Name": "title",
                          "Alias": "t",
                          "Startup Cost": 0.43,
                          "Total Cost": 7.09,
                          "Plan Rows": 1,
                          "Plan Width": 4,
                          "Actual Startup Time": 0.009,
                          "Actual Total Time": 0.009,
                          "Actual Rows": 0,
                          "Actual Loops": 6303,
                          "Index Cond": "(id = mk.movie_id)",
                          "Rows Removed by Index Recheck": 0,
                          "Filter": "(kind_id = 7)",
                          "Rows Removed by Filter": 1
                        }
                      ]
                    },
                    {
                      "Node Type": "Index Only Scan",
                      "Parent Relationship": "Inner",
                      "Parallel Aware": false,
                      "Scan Direction": "Forward",
                      "Index Name": "movie_id_movie_info_idx",
                      "Relation Name": "movie_info_idx",
                      "Alias": "mi_idx",
                      "Startup Cost": 0.43,
                      "Total Cost": 0.52,
                      "Plan Rows": 3,
                      "Plan Width": 4,
                      "Actual Startup Time": 0.012,
                      "Actual Total Time": 0.013,
                      "Actual Rows": 2,
                      "Actual Loops": 390,
                      "Index Cond": "(movie_id = t.id)",
                      "Rows Removed by Index Recheck": 0,
                      "Heap Fetches": 852
                    }
                  ]
                }
              ]
            }
          ]
        }
      ]
    },
    "Planning Time": 1.296,
    "Triggers": [],
    "Execution Time": 45.366
  }
]