{
  "Plan": {
    "Node Type": "Aggregate",
    "Strategy": "Plain",
    "Partial Mode": "Finalize",
    "Parallel Aware": false,
    "Startup Cost": 204587.96,
    "Total Cost": 204587.97,
    "Plan Rows": 1,
    "Plan Width": 8,
    "Actual Startup Time": 3122.971,
    "Actual Total Time": 3154.232,
    "Actual Rows": 1,
    "Actual Loops": 1,
    "Plans": [
      {
        "Node Type": "Gather",
        "Parent Relationship": "Outer",
        "Parallel Aware": false,
        "Startup Cost": 204587.84,
        "Total Cost": 204587.95,
        "Plan Rows": 1,
        "Plan Width": 8,
        "Actual Startup Time": 3118.485,
        "Actual Total Time": 3154.225,
        "Actual Rows": 2,
        "Actual Loops": 1,
        "Workers Planned": 1,
        "Workers Launched": 1,
        "Single Copy": false,
        "Plans": [
          {
            "Node Type": "Aggregate",
            "Strategy": "Plain",
            "Partial Mode": "Partial",
            "Parent Relationship": "Outer",
            "Parallel Aware": false,
            "Startup Cost": 203587.84,
            "Total Cost": 203587.85,
            "Plan Rows": 1,
            "Plan Width": 8,
            "Actual Startup Time": 3109.594,
            "Actual Total Time": 3109.599,
            "Actual Rows": 1,
            "Actual Loops": 2,
            "Plans": [
              {
                "Node Type": "Hash Join",
                "Parent Relationship": "Outer",
                "Parallel Aware": true,
                "Join Type": "Inner",
                "Startup Cost": 119158.09,
                "Total Cost": 200680.9,
                "Plan Rows": 1162778,
                "Plan Width": 0,
                "Actual Startup Time": 882.305,
                "Actual Total Time": 2548.25,
                "Actual Rows": 13221594,
                "Actual Loops": 2,
                "Inner Unique": false,
                "Hash Cond": "(t.id = mc.movie_id)",
                "Plans": [
                  {
                    "Node Type": "Hash Join",
                    "Parent Relationship": "Outer",
                    "Parallel Aware": true,
                    "Join Type": "Inner",
                    "Startup Cost": 69460.7,
                    "Total Cost": 127511.54,
                    "Plan Rows": 2661135,
                    "Plan Width": 8,
                    "Actual Startup Time": 568.493,
                    "Actual Total Time": 1127.406,
                    "Actual Rows": 2261965,
                    "Actual Loops": 2,
                    "Inner Unique": true,
                    "Hash Cond": "(mk.movie_id = t.id)",
                    "Plans": [
                      {
                        "Node Type": "Seq Scan",
                        "Parent Relationship": "Outer",
                        "Parallel Aware": true,
                        "Relation Name": "movie_keyword",
                        "Alias": "mk",
                        "Startup Cost": 0.0,
                        "Total Cost": 51065.35,
                        "Plan Rows": 2661135,
                        "Plan Width": 4,
                        "Actual Startup Time": 0.009,
                        "Actual Total Time": 162.63,
                        "Actual Rows": 2261965,
                        "Actual Loops": 2
                      },
                      {
                        "Node Type": "Hash",
                        "Parent Relationship": "Inner",
                        "Parallel Aware": true,
                        "Startup Cost": 50870.31,
                        "Total Cost": 50870.31,
                        "Plan Rows": 1487231,
                        "Plan Width": 4,
                        "Actual Startup Time": 557.194,
                        "Actual Total Time": 557.195,
                        "Actual Rows": 1264156,
                        "Actual Loops": 2,
                        "Hash Buckets": 4194304,
                        "Original Hash Buckets": 4194304,
                        "Hash Batches": 1,
                        "Original Hash Batches": 1,
                        "Peak Memory Usage": 131712,
                        "Plans": [
                          {
                            "Node Type": "Seq Scan",
                            "Parent Relationship": "Outer",
                            "Parallel Aware": true,
                            "Relation Name": "title",
                            "Alias": "t",
                            "Startup Cost": 0.0,
                            "Total Cost": 50870.31,
                            "Plan Rows": 1487231,
                            "Plan Width": 4,
                            "Actual Startup Time": 0.029,
                            "Actual Total Time": 155.311,
                            "Actual Rows": 1264156,
                            "Actual Loops": 2
                          }
                        ]
                      }
                    ]
                  },
                  {
                    "Node Type": "Hash",
                    "Parent Relationship": "Inner",
                    "Parallel Aware": true,
                    "Startup Cost": 41574.35,
                    "Total Cost": 41574.35,
                    "Plan Rows": 649843,
                    "Plan Width": 4,
                    "Actual Startup Time": 299.424,
                    "Actual Total Time": 299.425,
                    "Actual Rows": 637123,
                    "Actual Loops": 2,
                    "Hash Buckets": 2097152,
                    "Original Hash Buckets": 2097152,
                    "Hash Batches": 1,
                    "Original Hash Batches": 1,
                    "Peak Memory Usage": 66272,
                    "Plans": [
                      {
                        "Node Type": "Index Scan",
                        "Parent Relationship": "Outer",
                        "Parallel Aware": true,
                        "Scan Direction": "Forward",
                        "Index Name": "company_type_id_movie_companies",
                        "Relation Name": "movie_companies",
                        "Alias": "mc",
                        "Startup Cost": 0.43,
                        "Total Cost": 41574.35,
                        "Plan Rows": 649843,
                        "Plan Width": 4,
                        "Actual Startup Time": 0.108,
                        "Actual Total Time": 137.22,
                        "Actual Rows": 637123,
                        "Actual Loops": 2,
                        "Index Cond": "(company_type_id < 2)",
                        "Rows Removed by Index Recheck": 0,
                        "Filter": "(company_id < 86020)",
                        "Rows Removed by Filter": 0
                      }
                    ]
                  }
                ]
              }
            ]
          }
        ]
      }
    ]
  },
  "Planning Time": 0.91,
  "Triggers": [],
  "Execution Time": 3154.317
}