{
  "Plan": {
    "Node Type": "Aggregate",
    "Strategy": "Plain",
    "Partial Mode": "Finalize",
    "Parallel Aware": false,
    "Startup Cost": 78058.19,
    "Total Cost": 78058.2,
    "Plan Rows": 1,
    "Plan Width": 64,
    "Actual Startup Time": 1221.711,
    "Actual Total Time": 1253.455,
    "Actual Rows": 1,
    "Actual Loops": 1,
    "Plans": [
      {
        "Node Type": "Gather",
        "Parent Relationship": "Outer",
        "Parallel Aware": false,
        "Startup Cost": 78058.08,
        "Total Cost": 78058.19,
        "Plan Rows": 1,
        "Plan Width": 64,
        "Actual Startup Time": 1221.69,
        "Actual Total Time": 1253.445,
        "Actual Rows": 2,
        "Actual Loops": 1,
        "Workers Planned": 1,
        "Workers Launched": 1,
        "Single Copy": false,
        "Plans": [
          {
            "Node Type": "Aggregate",
            "Strategy": "Plain",
            "Partial Mode": "Partial",
            "Parent Relationship": "Outer",
            "Parallel Aware": false,
            "Startup Cost": 77058.08,
            "Total Cost": 77058.09,
            "Plan Rows": 1,
            "Plan Width": 64,
            "Actual Startup Time": 1195.929,
            "Actual Total Time": 1195.939,
            "Actual Rows": 1,
            "Actual Loops": 2,
            "Plans": [
              {
                "Node Type": "Merge Join",
                "Parent Relationship": "Outer",
                "Parallel Aware": false,
                "Join Type": "Inner",
                "Startup Cost": 77053.87,
                "Total Cost": 77057.52,
                "Plan Rows": 112,
                "Plan Width": 112,
                "Actual Startup Time": 1073.347,
                "Actual Total Time": 1088.626,
                "Actual Rows": 34092,
                "Actual Loops": 2,
                "Inner Unique": true,
                "Merge Cond": "(ml.link_type_id = lt.id)",
                "Plans": [
                  {
                    "Node Type": "Sort",
                    "Parent Relationship": "Outer",
                    "Parallel Aware": false,
                    "Startup Cost": 77052.56,
                    "Total Cost": 77053.81,
                    "Plan Rows": 502,
                    "Plan Width": 116,
                    "Actual Startup Time": 1072.906,
                    "Actual Total Time": 1079.557,
                    "Actual Rows": 37140,
                    "Actual Loops": 2,
                    "Sort Key": [
                      "ml.link_type_id"
                    ],
                    "Sort Method": "quicksort",
                    "Sort Space Used": 52130,
                    "Sort Space Type": "Memory",
                    "Workers": [
                      {
                        "Worker Number": 0,
                        "Sort Method": "quicksort",
                        "Sort Space Used": 25968,
                        "Sort Space Type": "Memory"
                      }
                    ],
                    "Plans": [
                      {
                        "Node Type": "Nested Loop",
                        "Parent Relationship": "Outer",
                        "Parallel Aware": false,
                        "Join Type": "Inner",
                        "Startup Cost": 842.21,
                        "Total Cost": 77030.04,
                        "Plan Rows": 502,
                        "Plan Width": 116,
                        "Actual Startup Time": 19.249,
                        "Actual Total Time": 1043.78,
                        "Actual Rows": 38826,
                        "Actual Loops": 2,
                        "Inner Unique": true,
                        "Plans": [
                          {
                            "Node Type": "Hash Join",
                            "Parent Relationship": "Outer",
                            "Parallel Aware": false,
                            "Join Type": "Inner",
                            "Startup Cost": 841.78,
                            "Total Cost": 76657.21,
                            "Plan Rows": 815,
                            "Plan Width": 124,
                            "Actual Startup Time": 19.18,
                            "Actual Total Time": 888.034,
                            "Actual Rows": 63514,
                            "Actual Loops": 2,
                            "Inner Unique": false,
                            "Hash Cond": "(ci.movie_id = ml.linked_movie_id)",
                            "Plans": [
                              {
                                "Node Type": "Nested Loop",
                                "Parent Relationship": "Outer",
                                "Parallel Aware": false,
                                "Join Type": "Inner",
                                "Startup Cost": 3.85,
                                "Total Cost": 71427.77,
                                "Plan Rows": 26366,
                                "Plan Width": 116,
                                "Actual Startup Time": 0.878,
                                "Actual Total Time": 773.216,
                                "Actual Rows": 809152,
                                "Actual Loops": 2,
                                "Inner Unique": false,
                                "Join Filter": "(pi.person_id = ci.person_id)",
                                "Rows Removed by Join Filter": 0,
                                "Plans": [
                                  {
                                    "Node Type": "Nested Loop",
                                    "Parent Relationship": "Outer",
                                    "Parallel Aware": false,
                                    "Join Type": "Inner",
                                    "Startup Cost": 3.28,
                                    "Total Cost": 69865.09,
                                    "Plan Rows": 87,
                                    "Plan Width": 124,
                                    "Actual Startup Time": 0.733,
                                    "Actual Total Time": 494.209,
                                    "Actual Rows": 6298,
                                    "Actual Loops": 2,
                                    "Inner Unique": true,
                                    "Join Filter": "(pi.person_id = n.id)",
                                    "Rows Removed by Join Filter": 0,
                                    "Plans": [
                                      {
                                        "Node Type": "Nested Loop",
                                        "Parent Relationship": "Outer",
                                        "Parallel Aware": false,
                                        "Join Type": "Inner",
                                        "Startup Cost": 2.85,
                                        "Total Cost": 69166.03,
                                        "Plan Rows": 764,
                                        "Plan Width": 105,
                                        "Actual Startup Time": 0.514,
                                        "Actual Total Time": 338.132,
                                        "Actual Rows": 36490,
                                        "Actual Loops": 2,
                                        "Inner Unique": false,
                                        "Plans": [
                                          {
                                            "Node Type": "Hash Join",
                                            "Parent Relationship": "Outer",
                                            "Parallel Aware": false,
                                            "Join Type": "Inner",
                                            "Startup Cost": 2.43,
                                            "Total Cost": 68639.25,
                                            "Plan Rows": 453,
                                            "Plan Width": 101,
                                            "Actual Startup Time": 0.305,
                                            "Actual Total Time": 195.336,
                                            "Actual Rows": 42092,
                                            "Actual Loops": 2,
                                            "Inner Unique": true,
                                            "Hash Cond": "(pi.info_type_id = it.id)",
                                            "Plans": [
                                              {
                                                "Node Type": "Seq Scan",
                                                "Parent Relationship": "Outer",
                                                "Parallel Aware": true,
                                                "Relation Name": "person_info",
                                                "Alias": "pi",
                                                "Startup Cost": 0.0,
                                                "Total Cost": 68497.45,
                                                "Plan Rows": 51176,
                                                "Plan Width": 105,
                                                "Actual Startup Time": 0.06,
                                                "Actual Total Time": 185.412,
                                                "Actual Rows": 42092,
                                                "Actual Loops": 2,
                                                "Filter": "(note IS NOT NULL)",
                                                "Rows Removed by Filter": 1439740
                                              },
                                              {
                                                "Node Type": "Hash",
                                                "Parent Relationship": "Inner",
                                                "Parallel Aware": false,
                                                "Startup Cost": 2.41,
                                                "Total Cost": 2.41,
                                                "Plan Rows": 1,
                                                "Plan Width": 4,
                                                "Actual Startup Time": 0.077,
                                                "Actual Total Time": 0.078,
                                                "Actual Rows": 1,
                                                "Actual Loops": 2,
                                                "Hash Buckets": 1024,
                                                "Original Hash Buckets": 1024,
                                                "Hash Batches": 1,
                                                "Original Hash Batches": 1,
                                                "Peak Memory Usage": 9,
                                                "Plans": [
                                                  {
                                                    "Node Type": "Seq Scan",
                                                    "Parent Relationship": "Outer",
                                                    "Parallel Aware": false,
                                                    "Relation Name": "info_type",
                                                    "Alias": "it",
                                                    "Startup Cost": 0.0,
                                                    "Total Cost": 2.41,
                                                    "Plan Rows": 1,
                                                    "Plan Width": 4,
                                                    "Actual Startup Time": 0.043,
                                                    "Actual Total Time": 0.061,
                                                    "Actual Rows": 1,
                                                    "Actual Loops": 2,
                                                    "Filter": "((info)::text = 'mini biography'::text)",
                                                    "Rows Removed by Filter": 112
                                                  }
                                                ]
                                              }
                                            ]
                                          },
                                          {
                                            "Node Type": "Index Scan",
                                            "Parent Relationship": "Inner",
                                            "Parallel Aware": false,
                                            "Scan Direction": "Forward",
                                            "Index Name": "person_id_aka_name",
                                            "Relation Name": "aka_name",
                                            "Alias": "an",
                                            "Startup Cost": 0.42,
                                            "Total Cost": 1.14,
                                            "Plan Rows": 2,
                                            "Plan Width": 4,
                                            "Actual Startup Time": 0.003,
                                            "Actual Total Time": 0.003,
                                            "Actual Rows": 1,
                                            "Actual Loops": 84183,
                                            "Index Cond": "(person_id = pi.person_id)",
                                            "Rows Removed by Index Recheck": 0,
                                            "Filter": "((name IS NOT NULL) AND ((name ~~ '%a%'::text) OR (name ~~ 'A%'::text)))",
                                            "Rows Removed by Filter": 0
                                          }
                                        ]
                                      },
                                      {
                                        "Node Type": "Index Scan",
                                        "Parent Relationship": "Inner",
                                        "Parallel Aware": false,
                                        "Scan Direction": "Forward",
                                        "Index Name": "name_pkey",
                                        "Relation Name": "name",
                                        "Alias": "n",
                                        "Startup Cost": 0.43,
                                        "Total Cost": 0.9,
                                        "Plan Rows": 1,
                                        "Plan Width": 19,
                                        "Actual Startup Time": 0.004,
                                        "Actual Total Time": 0.004,
                                        "Actual Rows": 0,
                                        "Actual Loops": 72979,
                                        "Index Cond": "(id = an.person_id)",
                                        "Rows Removed by Index Recheck": 0,
                                        "Filter": "(((name_pcode_cf)::text >= 'A'::text) AND ((name_pcode_cf)::text <= 'F'::text) AND (((gender)::text = 'm'::text) OR (((gender)::text = 'f'::text) AND (name ~~ 'A%'::text))))",
                                        "Rows Removed by Filter": 1
                                      }
                                    ]
                                  },
                                  {
                                    "Node Type": "Index Scan",
                                    "Parent Relationship": "Inner",
                                    "Parallel Aware": false,
                                    "Scan Direction": "Forward",
                                    "Index Name": "person_id_cast_info",
                                    "Relation Name": "cast_info",
                                    "Alias": "ci",
                                    "Startup Cost": 0.56,
                                    "Total Cost": 11.71,
                                    "Plan Rows": 500,
                                    "Plan Width": 8,
                                    "Actual Startup Time": 0.008,
                                    "Actual Total Time": 0.027,
                                    "Actual Rows": 128,
                                    "Actual Loops": 12595,
                                    "Index Cond": "(person_id = an.person_id)",
                                    "Rows Removed by Index Recheck": 0
                                  }
                                ]
                              },
                              {
                                "Node Type": "Hash",
                                "Parent Relationship": "Inner",
                                "Parallel Aware": false,
                                "Startup Cost": 462.97,
                                "Total Cost": 462.97,
                                "Plan Rows": 29997,
                                "Plan Width": 8,
                                "Actual Startup Time": 17.912,
                                "Actual Total Time": 17.912,
                                "Actual Rows": 29997,
                                "Actual Loops": 2,
                                "Hash Buckets": 32768,
                                "Original Hash Buckets": 32768,
                                "Hash Batches": 1,
                                "Original Hash Batches": 1,
                                "Peak Memory Usage": 1428,
                                "Plans": [
                                  {
                                    "Node Type": "Seq Scan",
                                    "Parent Relationship": "Outer",
                                    "Parallel Aware": false,
                                    "Relation Name": "movie_link",
                                    "Alias": "ml",
                                    "Startup Cost": 0.0,
                                    "Total Cost": 462.97,
                                    "Plan Rows": 29997,
                                    "Plan Width": 8,
                                    "Actual Startup Time": 0.036,
                                    "Actual Total Time": 8.613,
                                    "Actual Rows": 29997,
                                    "Actual Loops": 2
                                  }
                                ]
                              }
                            ]
                          },
                          {
                            "Node Type": "Index Scan",
                            "Parent Relationship": "Inner",
                            "Parallel Aware": false,
                            "Scan Direction": "Forward",
                            "Index Name": "title_pkey",
                            "Relation Name": "title",
                            "Alias": "t",
                            "Startup Cost": 0.43,
                            "Total Cost": 0.46,
                            "Plan Rows": 1,
                            "Plan Width": 4,
                            "Actual Startup Time": 0.002,
                            "Actual Total Time": 0.002,
                            "Actual Rows": 1,
                            "Actual Loops": 127027,
                            "Index Cond": "(id = ci.movie_id)",
                            "Rows Removed by Index Recheck": 0,
                            "Filter": "((production_year >= 1980) AND (production_year <= 2010))",
                            "Rows Removed by Filter": 0
                          }
                        ]
                      }
                    ]
                  },
                  {
                    "Node Type": "Sort",
                    "Parent Relationship": "Inner",
                    "Parallel Aware": false,
                    "Startup Cost": 1.31,
                    "Total Cost": 1.32,
                    "Plan Rows": 4,
                    "Plan Width": 4,
                    "Actual Startup Time": 0.056,
                    "Actual Total Time": 0.059,
                    "Actual Rows": 4,
                    "Actual Loops": 2,
                    "Sort Key": [
                      "lt.id"
                    ],
                    "Sort Method": "quicksort",
                    "Sort Space Used": 25,
                    "Sort Space Type": "Memory",
                    "Workers": [
                      {
                        "Worker Number": 0,
                        "Sort Method": "quicksort",
                        "Sort Space Used": 25,
                        "Sort Space Type": "Memory"
                      }
                    ],
                    "Plans": [
                      {
                        "Node Type": "Seq Scan",
                        "Parent Relationship": "Outer",
                        "Parallel Aware": false,
                        "Relation Name": "link_type",
                        "Alias": "lt",
                        "Startup Cost": 0.0,
                        "Total Cost": 1.27,
                        "Plan Rows": 4,
                        "Plan Width": 4,
                        "Actual Startup Time": 0.039,
                        "Actual Total Time": 0.042,
                        "Actual Rows": 4,
                        "Actual Loops": 2,
                        "Filter": "((link)::text = ANY ('{references,\"referenced in\",features,\"featured in\"}'::text[]))",
                        "Rows Removed by Filter": 14
                      }
                    ]
                  }
                ]
              }
            ]
          }
        ]
      }
    ]
  },
  "Planning Time": 2.762,
  "Triggers": [],
  "Execution Time": 1253.673
}