[
  {
    "Plan": {
      "Node Type": "Aggregate",
      "Strategy": "Plain",
      "Partial Mode": "Finalize",
      "Parallel Aware": false,
      "Startup Cost": 46364.92,
      "Total Cost": 46364.93,
      "Plan Rows": 1,
      "Plan Width": 8,
      "Actual Startup Time": 168.116,
      "Actual Total Time": 177.414,
      "Actual Rows": 1,
      "Actual Loops": 1,
      "Plans": [
        {
          "Node Type": "Gather",
          "Parent Relationship": "Outer",
          "Parallel Aware": false,
          "Startup Cost": 46364.61,
          "Total Cost": 46364.92,
          "Plan Rows": 3,
          "Plan Width": 8,
          "Actual Startup Time": 168.011,
          "Actual Total Time": 177.404,
          "Actual Rows": 4,
          "Actual Loops": 1,
          "Workers Planned": 3,
          "Workers Launched": 3,
          "Single Copy": false,
          "Plans": [
            {
              "Node Type": "Aggregate",
              "Strategy": "Plain",
              "Partial Mode": "Partial",
              "Parent Relationship": "Outer",
              "Parallel Aware": false,
              "Startup Cost": 45364.61,
              "Total Cost": 45364.62,
              "Plan Rows": 1,
              "Plan Width": 8,
              "Actual Startup Time": 160.981,
              "Actual Total Time": 160.982,
              "Actual Rows": 1,
              "Actual Loops": 4,
              "Plans": [
                {
                  "Node Type": "Seq Scan",
                  "Parent Relationship": "Outer",
                  "Parallel Aware": true,
                  "Relation Name": "movie_keyword",
                  "Alias": "mk",
                  "Startup Cost": 0.0,
                  "Total Cost": 42695.65,
                  "Plan Rows": 1067581,
                  "Plan Width": 0,
                  "Actual Startup Time": 0.213,
                  "Actual Total Time": 122.416,
                  "Actual Rows": 825115,
                  "Actual Loops": 4,
                  "Filter": "(keyword_id > 1547)",
                  "Rows Removed by Filter": 305867
                }
              ]
            }
          ]
        }
      ]
    },
    "Planning Time": 0.179,
    "Triggers": [],
    "Execution Time": 177.477
  }
]