{
  "Plan": {
    "Node Type": "Aggregate",
    "Strategy": "Plain",
    "Partial Mode": "Finalize",
    "Parallel Aware": false,
    "Startup Cost": 125336.08,
    "Total Cost": 125336.09,
    "Plan Rows": 1,
    "Plan Width": 8,
    "Actual Startup Time": 561.91,
    "Actual Total Time": 581.835,
    "Actual Rows": 1,
    "Actual Loops": 1,
    "Plans": [
      {
        "Node Type": "Gather",
        "Parent Relationship": "Outer",
        "Parallel Aware": false,
        "Startup Cost": 125335.97,
        "Total Cost": 125336.08,
        "Plan Rows": 1,
        "Plan Width": 8,
        "Actual Startup Time": 561.403,
        "Actual Total Time": 581.826,
        "Actual Rows": 2,
        "Actual Loops": 1,
        "Workers Planned": 1,
        "Workers Launched": 1,
        "Single Copy": false,
        "Plans": [
          {
            "Node Type": "Aggregate",
            "Strategy": "Plain",
            "Partial Mode": "Partial",
            "Parent Relationship": "Outer",
            "Parallel Aware": false,
            "Startup Cost": 124335.97,
            "Total Cost": 124335.98,
            "Plan Rows": 1,
            "Plan Width": 8,
            "Actual Startup Time": 555.729,
            "Actual Total Time": 555.732,
            "Actual Rows": 1,
            "Actual Loops": 2,
            "Plans": [
              {
                "Node Type": "Hash Join",
                "Parent Relationship": "Outer",
                "Parallel Aware": true,
                "Join Type": "Inner",
                "Startup Cost": 59386.03,
                "Total Cost": 123956.97,
                "Plan Rows": 151599,
                "Plan Width": 0,
                "Actual Startup Time": 165.458,
                "Actual Total Time": 554.846,
                "Actual Rows": 17981,
                "Actual Loops": 2,
                "Inner Unique": true,
                "Hash Cond": "(mk.movie_id = t.id)",
                "Plans": [
                  {
                    "Node Type": "Seq Scan",
                    "Parent Relationship": "Outer",
                    "Parallel Aware": true,
                    "Relation Name": "movie_keyword",
                    "Alias": "mk",
                    "Startup Cost": 0.0,
                    "Total Cost": 57718.19,
                    "Plan Rows": 2610566,
                    "Plan Width": 4,
                    "Actual Startup Time": 0.021,
                    "Actual Total Time": 237.581,
                    "Actual Rows": 2212841,
                    "Actual Loops": 2,
                    "Filter": "(keyword_id > 85)",
                    "Rows Removed by Filter": 49124
                  },
                  {
                    "Node Type": "Hash",
                    "Parent Relationship": "Inner",
                    "Parallel Aware": true,
                    "Startup Cost": 58306.47,
                    "Total Cost": 58306.47,
                    "Plan Rows": 86365,
                    "Plan Width": 4,
                    "Actual Startup Time": 161.242,
                    "Actual Total Time": 161.243,
                    "Actual Rows": 26713,
                    "Actual Loops": 2,
                    "Hash Buckets": 262144,
                    "Original Hash Buckets": 262144,
                    "Hash Batches": 1,
                    "Original Hash Batches": 1,
                    "Peak Memory Usage": 4160,
                    "Plans": [
                      {
                        "Node Type": "Seq Scan",
                        "Parent Relationship": "Outer",
                        "Parallel Aware": true,
                        "Relation Name": "title",
                        "Alias": "t",
                        "Startup Cost": 0.0,
                        "Total Cost": 58306.47,
                        "Plan Rows": 86365,
                        "Plan Width": 4,
                        "Actual Startup Time": 0.041,
                        "Actual Total Time": 151.226,
                        "Actual Rows": 26713,
                        "Actual Loops": 2,
                        "Filter": "((production_year < 1961) AND (kind_id = 7))",
                        "Rows Removed by Filter": 1237443
                      }
                    ]
                  }
                ]
              }
            ]
          }
        ]
      }
    ]
  },
  "Planning Time": 0.473,
  "Triggers": [],
  "Execution Time": 581.908
}