[
  {
    "Plan": {
      "Node Type": "Aggregate",
      "Strategy": "Plain",
      "Partial Mode": "Finalize",
      "Parallel Aware": false,
      "Startup Cost": 76470.39,
      "Total Cost": 76470.4,
      "Plan Rows": 1,
      "Plan Width": 8,
      "Actual Startup Time": 195.958,
      "Actual Total Time": 218.395,
      "Actual Rows": 1,
      "Actual Loops": 1,
      "Plans": [
        {
          "Node Type": "Gather",
          "Parent Relationship": "Outer",
          "Parallel Aware": false,
          "Startup Cost": 76470.08,
          "Total Cost": 76470.39,
          "Plan Rows": 3,
          "Plan Width": 8,
          "Actual Startup Time": 195.073,
          "Actual Total Time": 218.388,
          "Actual Rows": 4,
          "Actual Loops": 1,
          "Workers Planned": 3,
          "Workers Launched": 3,
          "Single Copy": false,
          "Plans": [
            {
              "Node Type": "Aggregate",
              "Strategy": "Plain",
              "Partial Mode": "Partial",
              "Parent Relationship": "Outer",
              "Parallel Aware": false,
              "Startup Cost": 75470.08,
              "Total Cost": 75470.09,
              "Plan Rows": 1,
              "Plan Width": 8,
              "Actual Startup Time": 185.535,
              "Actual Total Time": 185.539,
              "Actual Rows": 1,
              "Actual Loops": 4,
              "Plans": [
                {
                  "Node Type": "Hash Join",
                  "Parent Relationship": "Outer",
                  "Parallel Aware": true,
                  "Join Type": "Inner",
                  "Startup Cost": 54533.6,
                  "Total Cost": 75463.62,
                  "Plan Rows": 2584,
                  "Plan Width": 0,
                  "Actual Startup Time": 164.834,
                  "Actual Total Time": 185.467,
                  "Actual Rows": 1110,
                  "Actual Loops": 4,
                  "Inner Unique": true,
                  "Hash Cond": "(mc.movie_id = t.id)",
                  "Plans": [
                    {
                      "Node Type": "Bitmap Heap Scan",
                      "Parent Relationship": "Outer",
                      "Parallel Aware": true,
                      "Relation Name": "movie_companies",
                      "Alias": "mc",
                      "Startup Cost": 8749.01,
                      "Total Cost": 29503.33,
                      "Plan Rows": 66927,
                      "Plan Width": 4,
                      "Actual Startup Time": 45.27,
                      "Actual Total Time": 59.673,
                      "Actual Rows": 23550,
                      "Actual Loops": 4,
                      "Recheck Cond": "(company_id < 253)",
                      "Rows Removed by Index Recheck": 0,
                      "Filter": "(company_type_id > 1)",
                      "Rows Removed by Filter": 76803,
                      "Exact Heap Blocks": 8432,
                      "Lossy Heap Blocks": 0,
                      "Plans": [
                        {
                          "Node Type": "Bitmap Index Scan",
                          "Parent Relationship": "Outer",
                          "Parallel Aware": false,
                          "Index Name": "company_id_movie_companies",
                          "Startup Cost": 0.0,
                          "Total Cost": 8697.14,
                          "Plan Rows": 405961,
                          "Plan Width": 0,
                          "Actual Startup Time": 15.397,
                          "Actual Total Time": 15.398,
                          "Actual Rows": 401412,
                          "Actual Loops": 1,
                          "Index Cond": "(company_id < 253)"
                        }
                      ]
                    },
                    {
                      "Node Type": "Hash",
                      "Parent Relationship": "Inner",
                      "Parallel Aware": true,
                      "Startup Cost": 45479.59,
                      "Total Cost": 45479.59,
                      "Plan Rows": 24401,
                      "Plan Width": 4,
                      "Actual Startup Time": 118.299,
                      "Actual Total Time": 118.301,
                      "Actual Rows": 27600,
                      "Actual Loops": 4,
                      "Hash Buckets": 131072,
                      "Original Hash Buckets": 131072,
                      "Hash Batches": 1,
                      "Original Hash Batches": 1,
                      "Peak Memory Usage": 5440,
                      "Plans": [
                        {
                          "Node Type": "Seq Scan",
                          "Parent Relationship": "Outer",
                          "Parallel Aware": true,
                          "Relation Name": "title",
                          "Alias": "t",
                          "Startup Cost": 0.0,
                          "Total Cost": 45479.59,
                          "Plan Rows": 24401,
                          "Plan Width": 4,
                          "Actual Startup Time": 0.054,
                          "Actual Total Time": 106.299,
                          "Actual Rows": 27600,
                          "Actual Loops": 4,
                          "Filter": "((kind_id = 7) AND (production_year = 2012))",
                          "Rows Removed by Filter": 604478
                        }
                      ]
                    }
                  ]
                }
              ]
            }
          ]
        }
      ]
    },
    "Planning Time": 0.385,
    "Triggers": [],
    "Execution Time": 218.459
  }
]