[
  {
    "Plan": {
      "Node Type": "Aggregate",
      "Strategy": "Plain",
      "Partial Mode": "Finalize",
      "Parallel Aware": false,
      "Startup Cost": 76449.13,
      "Total Cost": 76449.14,
      "Plan Rows": 1,
      "Plan Width": 8,
      "Actual Startup Time": 192.391,
      "Actual Total Time": 209.902,
      "Actual Rows": 1,
      "Actual Loops": 1,
      "Plans": [
        {
          "Node Type": "Gather",
          "Parent Relationship": "Outer",
          "Parallel Aware": false,
          "Startup Cost": 76448.81,
          "Total Cost": 76449.12,
          "Plan Rows": 3,
          "Plan Width": 8,
          "Actual Startup Time": 192.156,
          "Actual Total Time": 209.893,
          "Actual Rows": 4,
          "Actual Loops": 1,
          "Workers Planned": 3,
          "Workers Launched": 3,
          "Single Copy": false,
          "Plans": [
            {
              "Node Type": "Aggregate",
              "Strategy": "Plain",
              "Partial Mode": "Partial",
              "Parent Relationship": "Outer",
              "Parallel Aware": false,
              "Startup Cost": 75448.81,
              "Total Cost": 75448.82,
              "Plan Rows": 1,
              "Plan Width": 8,
              "Actual Startup Time": 183.177,
              "Actual Total Time": 183.18,
              "Actual Rows": 1,
              "Actual Loops": 4,
              "Plans": [
                {
                  "Node Type": "Hash Join",
                  "Parent Relationship": "Outer",
                  "Parallel Aware": true,
                  "Join Type": "Inner",
                  "Startup Cost": 45581.0,
                  "Total Cost": 75442.05,
                  "Plan Rows": 2704,
                  "Plan Width": 0,
                  "Actual Startup Time": 123.158,
                  "Actual Total Time": 182.968,
                  "Actual Rows": 3352,
                  "Actual Loops": 4,
                  "Inner Unique": true,
                  "Hash Cond": "(mc.movie_id = t.id)",
                  "Plans": [
                    {
                      "Node Type": "Seq Scan",
                      "Parent Relationship": "Outer",
                      "Parallel Aware": true,
                      "Relation Name": "movie_companies",
                      "Alias": "mc",
                      "Startup Cost": 0.0,
                      "Total Cost": 29310.68,
                      "Plan Rows": 209665,
                      "Plan Width": 4,
                      "Actual Startup Time": 20.14,
                      "Actual Total Time": 63.176,
                      "Actual Rows": 165537,
                      "Actual Loops": 4,
                      "Filter": "(company_id > 52091)",
                      "Rows Removed by Filter": 486745
                    },
                    {
                      "Node Type": "Hash",
                      "Parent Relationship": "Inner",
                      "Parallel Aware": true,
                      "Startup Cost": 45479.1,
                      "Total Cost": 45479.1,
                      "Plan Rows": 8152,
                      "Plan Width": 4,
                      "Actual Startup Time": 101.497,
                      "Actual Total Time": 101.498,
                      "Actual Rows": 4443,
                      "Actual Loops": 4,
                      "Hash Buckets": 32768,
                      "Original Hash Buckets": 32768,
                      "Hash Batches": 1,
                      "Original Hash Batches": 1,
                      "Peak Memory Usage": 1024,
                      "Plans": [
                        {
                          "Node Type": "Seq Scan",
                          "Parent Relationship": "Outer",
                          "Parallel Aware": true,
                          "Relation Name": "title",
                          "Alias": "t",
                          "Startup Cost": 0.0,
                          "Total Cost": 45479.1,
                          "Plan Rows": 8152,
                          "Plan Width": 4,
                          "Actual Startup Time": 64.211,
                          "Actual Total Time": 99.613,
                          "Actual Rows": 4443,
                          "Actual Loops": 4,
                          "Filter": "((kind_id = 1) AND (production_year = 2007))",
                          "Rows Removed by Filter": 627635
                        }
                      ]
                    }
                  ]
                }
              ]
            }
          ]
        }
      ]
    },
    "Planning Time": 0.665,
    "Triggers": [],
    "Execution Time": 209.974
  }
]