[
  {
    "Plan": {
      "Node Type": "Aggregate",
      "Strategy": "Plain",
      "Partial Mode": "Finalize",
      "Parallel Aware": false,
      "Startup Cost": 47025.37,
      "Total Cost": 47025.38,
      "Plan Rows": 1,
      "Plan Width": 8,
      "Actual Startup Time": 105.33,
      "Actual Total Time": 116.835,
      "Actual Rows": 1,
      "Actual Loops": 1,
      "Plans": [
        {
          "Node Type": "Gather",
          "Parent Relationship": "Outer",
          "Parallel Aware": false,
          "Startup Cost": 47024.95,
          "Total Cost": 47025.36,
          "Plan Rows": 4,
          "Plan Width": 8,
          "Actual Startup Time": 105.118,
          "Actual Total Time": 116.826,
          "Actual Rows": 5,
          "Actual Loops": 1,
          "Workers Planned": 4,
          "Workers Launched": 4,
          "Single Copy": false,
          "Plans": [
            {
              "Node Type": "Aggregate",
              "Strategy": "Plain",
              "Partial Mode": "Partial",
              "Parent Relationship": "Outer",
              "Parallel Aware": false,
              "Startup Cost": 46024.95,
              "Total Cost": 46024.96,
              "Plan Rows": 1,
              "Plan Width": 8,
              "Actual Startup Time": 98.2,
              "Actual Total Time": 98.201,
              "Actual Rows": 1,
              "Actual Loops": 5,
              "Plans": [
                {
                  "Node Type": "Seq Scan",
                  "Parent Relationship": "Outer",
                  "Parallel Aware": true,
                  "Relation Name": "title",
                  "Alias": "t",
                  "Startup Cost": 0.0,
                  "Total Cost": 45479.59,
                  "Plan Rows": 218146,
                  "Plan Width": 0,
                  "Actual Startup Time": 0.056,
                  "Actual Total Time": 90.323,
                  "Actual Rows": 157328,
                  "Actual Loops": 5,
                  "Filter": "((kind_id < 7) AND (production_year > 1958))",
                  "Rows Removed by Filter": 348334
                }
              ]
            }
          ]
        }
      ]
    },
    "Planning Time": 0.176,
    "Triggers": [],
    "Execution Time": 116.893
  }
]