[
  {
    "Plan": {
      "Node Type": "Aggregate",
      "Strategy": "Plain",
      "Partial Mode": "Finalize",
      "Parallel Aware": false,
      "Startup Cost": 122319.71,
      "Total Cost": 122319.72,
      "Plan Rows": 1,
      "Plan Width": 8,
      "Actual Startup Time": 1454.752,
      "Actual Total Time": 1508.444,
      "Actual Rows": 1,
      "Actual Loops": 1,
      "Plans": [
        {
          "Node Type": "Gather",
          "Parent Relationship": "Outer",
          "Parallel Aware": false,
          "Startup Cost": 122319.39,
          "Total Cost": 122319.7,
          "Plan Rows": 3,
          "Plan Width": 8,
          "Actual Startup Time": 1454.742,
          "Actual Total Time": 1508.436,
          "Actual Rows": 4,
          "Actual Loops": 1,
          "Workers Planned": 3,
          "Workers Launched": 3,
          "Single Copy": false,
          "Plans": [
            {
              "Node Type": "Aggregate",
              "Strategy": "Plain",
              "Partial Mode": "Partial",
              "Parent Relationship": "Outer",
              "Parallel Aware": false,
              "Startup Cost": 121319.39,
              "Total Cost": 121319.4,
              "Plan Rows": 1,
              "Plan Width": 8,
              "Actual Startup Time": 1445.099,
              "Actual Total Time": 1445.101,
              "Actual Rows": 1,
              "Actual Loops": 4,
              "Plans": [
                {
                  "Node Type": "Nested Loop",
                  "Parent Relationship": "Outer",
                  "Parallel Aware": false,
                  "Join Type": "Inner",
                  "Startup Cost": 45603.01,
                  "Total Cost": 121247.57,
                  "Plan Rows": 28729,
                  "Plan Width": 0,
                  "Actual Startup Time": 142.572,
                  "Actual Total Time": 1440.058,
                  "Actual Rows": 90270,
                  "Actual Loops": 4,
                  "Inner Unique": false,
                  "Join Filter": "(t.id = ci.movie_id)",
                  "Rows Removed by Join Filter": 0,
                  "Plans": [
                    {
                      "Node Type": "Hash Join",
                      "Parent Relationship": "Outer",
                      "Parallel Aware": true,
                      "Join Type": "Inner",
                      "Startup Cost": 45602.45,
                      "Total Cost": 91084.12,
                      "Plan Rows": 16570,
                      "Plan Width": 8,
                      "Actual Startup Time": 141.673,
                      "Actual Total Time": 289.719,
                      "Actual Rows": 79828,
                      "Actual Loops": 4,
                      "Inner Unique": true,
                      "Hash Cond": "(mk.movie_id = t.id)",
                      "Plans": [
                        {
                          "Node Type": "Seq Scan",
                          "Parent Relationship": "Outer",
                          "Parallel Aware": true,
                          "Relation Name": "movie_keyword",
                          "Alias": "mk",
                          "Startup Cost": 0.0,
                          "Total Cost": 42695.65,
                          "Plan Rows": 1061341,
                          "Plan Width": 4,
                          "Actual Startup Time": 0.094,
                          "Actual Total Time": 103.328,
                          "Actual Rows": 820045,
                          "Actual Loops": 4,
                          "Filter": "(keyword_id > 1578)",
                          "Rows Removed by Filter": 310938
                        },
                        {
                          "Node Type": "Hash",
                          "Parent Relationship": "Inner",
                          "Parallel Aware": true,
                          "Startup Cost": 45479.1,
                          "Total Cost": 45479.1,
                          "Plan Rows": 9868,
                          "Plan Width": 4,
                          "Actual Startup Time": 109.221,
                          "Actual Total Time": 109.222,
                          "Actual Rows": 38212,
                          "Actual Loops": 4,
                          "Hash Buckets": 262144,
                          "Original Hash Buckets": 65536,
                          "Hash Batches": 1,
                          "Original Hash Batches": 1,
                          "Peak Memory Usage": 9632,
                          "Plans": [
                            {
                              "Node Type": "Seq Scan",
                              "Parent Relationship": "Outer",
                              "Parallel Aware": true,
                              "Relation Name": "title",
                              "Alias": "t",
                              "Startup Cost": 0.0,
                              "Total Cost": 45479.1,
                              "Plan Rows": 9868,
                              "Plan Width": 4,
                              "Actual Startup Time": 59.174,
                              "Actual Total Time": 92.928,
                              "Actual Rows": 38212,
                              "Actual Loops": 4,
                              "Filter": "((production_year < 1946) AND (kind_id = 1))",
                              "Rows Removed by Filter": 593866
                            }
                          ]
                        }
                      ]
                    },
                    {
                      "Node Type": "Index Scan",
                      "Parent Relationship": "Inner",
                      "Parallel Aware": false,
                      "Scan Direction": "Forward",
                      "Index Name": "movie_id_cast_info",
                      "Relation Name": "cast_info",
                      "Alias": "ci",
                      "Startup Cost": 0.56,
                      "Total Cost": 1.77,
                      "Plan Rows": 4,
                      "Plan Width": 4,
                      "Actual Startup Time": 0.014,
                      "Actual Total Time": 0.014,
                      "Actual Rows": 1,
                      "Actual Loops": 319310,
                      "Index Cond": "(movie_id = mk.movie_id)",
                      "Rows Removed by Index Recheck": 0,
                      "Filter": "(role_id = 10)",
                      "Rows Removed by Filter": 32
                    }
                  ]
                }
              ]
            }
          ]
        }
      ]
    },
    "Planning Time": 1.449,
    "Triggers": [],
    "Execution Time": 1508.55
  }
]