[
  {
    "Plan": {
      "Node Type": "Aggregate",
      "Strategy": "Plain",
      "Partial Mode": "Finalize",
      "Parallel Aware": false,
      "Startup Cost": 32660.77,
      "Total Cost": 32660.78,
      "Plan Rows": 1,
      "Plan Width": 8,
      "Actual Startup Time": 89.132,
      "Actual Total Time": 96.439,
      "Actual Rows": 1,
      "Actual Loops": 1,
      "Plans": [
        {
          "Node Type": "Gather",
          "Parent Relationship": "Outer",
          "Parallel Aware": false,
          "Startup Cost": 32660.45,
          "Total Cost": 32660.76,
          "Plan Rows": 3,
          "Plan Width": 8,
          "Actual Startup Time": 88.993,
          "Actual Total Time": 96.43,
          "Actual Rows": 4,
          "Actual Loops": 1,
          "Workers Planned": 3,
          "Workers Launched": 3,
          "Single Copy": false,
          "Plans": [
            {
              "Node Type": "Aggregate",
              "Strategy": "Plain",
              "Partial Mode": "Partial",
              "Parent Relationship": "Outer",
              "Parallel Aware": false,
              "Startup Cost": 31660.45,
              "Total Cost": 31660.46,
              "Plan Rows": 1,
              "Plan Width": 8,
              "Actual Startup Time": 81.132,
              "Actual Total Time": 81.133,
              "Actual Rows": 1,
              "Actual Loops": 4,
              "Plans": [
                {
                  "Node Type": "Seq Scan",
                  "Parent Relationship": "Outer",
                  "Parallel Aware": true,
                  "Relation Name": "movie_companies",
                  "Alias": "mc",
                  "Startup Cost": 0.0,
                  "Total Cost": 31414.82,
                  "Plan Rows": 98254,
                  "Plan Width": 0,
                  "Actual Startup Time": 49.237,
                  "Actual Total Time": 79.221,
                  "Actual Rows": 41324,
                  "Actual Loops": 4,
                  "Filter": "((company_id < 686) AND (company_type_id > 1))",
                  "Rows Removed by Filter": 610958
                }
              ]
            }
          ]
        }
      ]
    },
    "Planning Time": 0.229,
    "Triggers": [],
    "Execution Time": 96.499
  }
]