[
  {
    "Plan": {
      "Node Type": "Aggregate",
      "Strategy": "Plain",
      "Partial Mode": "Finalize",
      "Parallel Aware": false,
      "Startup Cost": 448800.73,
      "Total Cost": 448800.74,
      "Plan Rows": 1,
      "Plan Width": 8,
      "Actual Startup Time": 2554.633,
      "Actual Total Time": 2622.314,
      "Actual Rows": 1,
      "Actual Loops": 1,
      "Plans": [
        {
          "Node Type": "Gather",
          "Parent Relationship": "Outer",
          "Parallel Aware": false,
          "Startup Cost": 448800.41,
          "Total Cost": 448800.72,
          "Plan Rows": 3,
          "Plan Width": 8,
          "Actual Startup Time": 2533.427,
          "Actual Total Time": 2622.303,
          "Actual Rows": 4,
          "Actual Loops": 1,
          "Workers Planned": 3,
          "Workers Launched": 3,
          "Single Copy": false,
          "Plans": [
            {
              "Node Type": "Aggregate",
              "Strategy": "Plain",
              "Partial Mode": "Partial",
              "Parent Relationship": "Outer",
              "Parallel Aware": false,
              "Startup Cost": 447800.41,
              "Total Cost": 447800.42,
              "Plan Rows": 1,
              "Plan Width": 8,
              "Actual Startup Time": 2522.184,
              "Actual Total Time": 2523.637,
              "Actual Rows": 1,
              "Actual Loops": 4,
              "Plans": [
                {
                  "Node Type": "Hash Join",
                  "Parent Relationship": "Outer",
                  "Parallel Aware": true,
                  "Join Type": "Inner",
                  "Startup Cost": 398712.97,
                  "Total Cost": 445059.84,
                  "Plan Rows": 1096227,
                  "Plan Width": 0,
                  "Actual Startup Time": 2166.897,
                  "Actual Total Time": 2475.298,
                  "Actual Rows": 1255884,
                  "Actual Loops": 4,
                  "Inner Unique": false,
                  "Hash Cond": "(mk.movie_id = t.id)",
                  "Plans": [
                    {
                      "Node Type": "Seq Scan",
                      "Parent Relationship": "Outer",
                      "Parallel Aware": true,
                      "Relation Name": "movie_keyword",
                      "Alias": "mk",
                      "Startup Cost": 0.0,
                      "Total Cost": 39047.32,
                      "Plan Rows": 1459332,
                      "Plan Width": 4,
                      "Actual Startup Time": 0.027,
                      "Actual Total Time": 85.619,
                      "Actual Rows": 1130982,
                      "Actual Loops": 4
                    },
                    {
                      "Node Type": "Hash",
                      "Parent Relationship": "Inner",
                      "Parallel Aware": true,
                      "Startup Cost": 394756.27,
                      "Total Cost": 394756.27,
                      "Plan Rows": 316536,
                      "Plan Width": 8,
                      "Actual Startup Time": 2159.128,
                      "Actual Total Time": 2160.579,
                      "Actual Rows": 1019876,
                      "Actual Loops": 4,
                      "Hash Buckets": 4194304,
                      "Original Hash Buckets": 2097152,
                      "Hash Batches": 1,
                      "Original Hash Batches": 1,
                      "Peak Memory Usage": 208832,
                      "Plans": [
                        {
                          "Node Type": "Hash Join",
                          "Parent Relationship": "Outer",
                          "Parallel Aware": true,
                          "Join Type": "Inner",
                          "Startup Cost": 50068.92,
                          "Total Cost": 394756.27,
                          "Plan Rows": 316536,
                          "Plan Width": 8,
                          "Actual Startup Time": 744.536,
                          "Actual Total Time": 1758.362,
                          "Actual Rows": 1019876,
                          "Actual Loops": 4,
                          "Inner Unique": true,
                          "Hash Cond": "(ci.movie_id = t.id)",
                          "Plans": [
                            {
                              "Node Type": "Seq Scan",
                              "Parent Relationship": "Outer",
                              "Parallel Aware": true,
                              "Relation Name": "cast_info",
                              "Alias": "ci",
                              "Startup Cost": 0.0,
                              "Total Cost": 343257.03,
                              "Plan Rows": 544884,
                              "Plan Width": 4,
                              "Actual Startup Time": 509.856,
                              "Actual Total Time": 882.052,
                              "Actual Rows": 1775928,
                              "Actual Loops": 4,
                              "Filter": "((person_id > 2956579) AND (role_id > 2))",
                              "Rows Removed by Filter": 7285158
                            },
                            {
                              "Node Type": "Hash",
                              "Parent Relationship": "Inner",
                              "Parallel Aware": true,
                              "Startup Cost": 45479.1,
                              "Total Cost": 45479.1,
                              "Plan Rows": 367186,
                              "Plan Width": 4,
                              "Actual Startup Time": 231.098,
                              "Actual Total Time": 231.1,
                              "Actual Rows": 369610,
                              "Actual Loops": 4,
                              "Hash Buckets": 2097152,
                              "Original Hash Buckets": 2097152,
                              "Hash Batches": 1,
                              "Original Hash Batches": 1,
                              "Peak Memory Usage": 74272,
                              "Plans": [
                                {
                                  "Node Type": "Seq Scan",
                                  "Parent Relationship": "Outer",
                                  "Parallel Aware": true,
                                  "Relation Name": "title",
                                  "Alias": "t",
                                  "Startup Cost": 0.0,
                                  "Total Cost": 45479.1,
                                  "Plan Rows": 367186,
                                  "Plan Width": 4,
                                  "Actual Startup Time": 0.042,
                                  "Actual Total Time": 105.193,
                                  "Actual Rows": 369610,
                                  "Actual Loops": 4,
                                  "Filter": "((production_year > 1912) AND (kind_id = 7))",
                                  "Rows Removed by Filter": 262468
                                }
                              ]
                            }
                          ]
                        }
                      ]
                    }
                  ]
                }
              ]
            }
          ]
        }
      ]
    },
    "Planning Time": 1.383,
    "Triggers": [],
    "Execution Time": 2622.437
  }
]