[
  {
    "Plan": {
      "Node Type": "Aggregate",
      "Strategy": "Plain",
      "Partial Mode": "Finalize",
      "Parallel Aware": false,
      "Startup Cost": 132010.7,
      "Total Cost": 132010.71,
      "Plan Rows": 1,
      "Plan Width": 8,
      "Actual Startup Time": 126.855,
      "Actual Total Time": 147.445,
      "Actual Rows": 1,
      "Actual Loops": 1,
      "Plans": [
        {
          "Node Type": "Gather",
          "Parent Relationship": "Outer",
          "Parallel Aware": false,
          "Startup Cost": 132010.28,
          "Total Cost": 132010.69,
          "Plan Rows": 4,
          "Plan Width": 8,
          "Actual Startup Time": 126.705,
          "Actual Total Time": 147.435,
          "Actual Rows": 5,
          "Actual Loops": 1,
          "Workers Planned": 4,
          "Workers Launched": 4,
          "Single Copy": false,
          "Plans": [
            {
              "Node Type": "Aggregate",
              "Strategy": "Plain",
              "Partial Mode": "Partial",
              "Parent Relationship": "Outer",
              "Parallel Aware": false,
              "Startup Cost": 131010.28,
              "Total Cost": 131010.29,
              "Plan Rows": 1,
              "Plan Width": 8,
              "Actual Startup Time": 120.299,
              "Actual Total Time": 120.301,
              "Actual Rows": 1,
              "Actual Loops": 5,
              "Plans": [
                {
                  "Node Type": "Nested Loop",
                  "Parent Relationship": "Outer",
                  "Parallel Aware": false,
                  "Join Type": "Inner",
                  "Startup Cost": 0.43,
                  "Total Cost": 131000.08,
                  "Plan Rows": 4082,
                  "Plan Width": 0,
                  "Actual Startup Time": 62.582,
                  "Actual Total Time": 119.565,
                  "Actual Rows": 6360,
                  "Actual Loops": 5,
                  "Inner Unique": false,
                  "Plans": [
                    {
                      "Node Type": "Seq Scan",
                      "Parent Relationship": "Outer",
                      "Parallel Aware": true,
                      "Relation Name": "title",
                      "Alias": "t",
                      "Startup Cost": 0.0,
                      "Total Cost": 43899.32,
                      "Plan Rows": 695,
                      "Plan Width": 4,
                      "Actual Startup Time": 62.443,
                      "Actual Total Time": 90.883,
                      "Actual Rows": 555,
                      "Actual Loops": 5,
                      "Filter": "(production_year = 1928)",
                      "Rows Removed by Filter": 505108
                    },
                    {
                      "Node Type": "Index Only Scan",
                      "Parent Relationship": "Inner",
                      "Parallel Aware": false,
                      "Scan Direction": "Forward",
                      "Index Name": "movie_id_movie_info",
                      "Relation Name": "movie_info",
                      "Alias": "mi",
                      "Startup Cost": 0.43,
                      "Total Cost": 124.91,
                      "Plan Rows": 41,
                      "Plan Width": 4,
                      "Actual Startup Time": 0.017,
                      "Actual Total Time": 0.049,
                      "Actual Rows": 11,
                      "Actual Loops": 2773,
                      "Index Cond": "(movie_id = t.id)",
                      "Rows Removed by Index Recheck": 0,
                      "Heap Fetches": 31801
                    }
                  ]
                }
              ]
            }
          ]
        }
      ]
    },
    "Planning Time": 0.556,
    "Triggers": [],
    "Execution Time": 147.512
  }
]