{
  "Plan": {
    "Node Type": "Aggregate",
    "Strategy": "Plain",
    "Partial Mode": "Finalize",
    "Parallel Aware": false,
    "Startup Cost": 13184.65,
    "Total Cost": 13184.66,
    "Plan Rows": 1,
    "Plan Width": 8,
    "Actual Startup Time": 33.595,
    "Actual Total Time": 37.926,
    "Actual Rows": 1,
    "Actual Loops": 1,
    "Plans": [
      {
        "Node Type": "Gather",
        "Parent Relationship": "Outer",
        "Parallel Aware": false,
        "Startup Cost": 13184.54,
        "Total Cost": 13184.65,
        "Plan Rows": 1,
        "Plan Width": 8,
        "Actual Startup Time": 33.338,
        "Actual Total Time": 37.918,
        "Actual Rows": 2,
        "Actual Loops": 1,
        "Workers Planned": 1,
        "Workers Launched": 1,
        "Single Copy": false,
        "Plans": [
          {
            "Node Type": "Aggregate",
            "Strategy": "Plain",
            "Partial Mode": "Partial",
            "Parent Relationship": "Outer",
            "Parallel Aware": false,
            "Startup Cost": 12184.54,
            "Total Cost": 12184.55,
            "Plan Rows": 1,
            "Plan Width": 8,
            "Actual Startup Time": 27.031,
            "Actual Total Time": 27.033,
            "Actual Rows": 1,
            "Actual Loops": 2,
            "Plans": [
              {
                "Node Type": "Nested Loop",
                "Parent Relationship": "Outer",
                "Parallel Aware": false,
                "Join Type": "Inner",
                "Startup Cost": 54.76,
                "Total Cost": 12184.27,
                "Plan Rows": 107,
                "Plan Width": 0,
                "Actual Startup Time": 2.53,
                "Actual Total Time": 26.799,
                "Actual Rows": 1272,
                "Actual Loops": 2,
                "Inner Unique": true,
                "Plans": [
                  {
                    "Node Type": "Bitmap Heap Scan",
                    "Parent Relationship": "Outer",
                    "Parallel Aware": true,
                    "Relation Name": "movie_companies",
                    "Alias": "mc",
                    "Startup Cost": 54.33,
                    "Total Cost": 6641.28,
                    "Plan Rows": 680,
                    "Plan Width": 4,
                    "Actual Startup Time": 2.333,
                    "Actual Total Time": 8.478,
                    "Actual Rows": 1964,
                    "Actual Loops": 2,
                    "Recheck Cond": "(company_id = 1684)",
                    "Rows Removed by Index Recheck": 0,
                    "Filter": "(company_type_id = 1)",
                    "Rows Removed by Filter": 29,
                    "Exact Heap Blocks": 2142,
                    "Lossy Heap Blocks": 0,
                    "Plans": [
                      {
                        "Node Type": "Bitmap Index Scan",
                        "Parent Relationship": "Outer",
                        "Parallel Aware": false,
                        "Index Name": "company_id_movie_companies",
                        "Startup Cost": 0.0,
                        "Total Cost": 54.04,
                        "Plan Rows": 2348,
                        "Plan Width": 0,
                        "Actual Startup Time": 3.279,
                        "Actual Total Time": 3.28,
                        "Actual Rows": 3986,
                        "Actual Loops": 1,
                        "Index Cond": "(company_id = 1684)"
                      }
                    ]
                  },
                  {
                    "Node Type": "Index Scan",
                    "Parent Relationship": "Inner",
                    "Parallel Aware": false,
                    "Scan Direction": "Forward",
                    "Index Name": "title_pkey",
                    "Relation Name": "title",
                    "Alias": "t",
                    "Startup Cost": 0.43,
                    "Total Cost": 8.15,
                    "Plan Rows": 1,
                    "Plan Width": 4,
                    "Actual Startup Time": 0.009,
                    "Actual Total Time": 0.009,
                    "Actual Rows": 1,
                    "Actual Loops": 3928,
                    "Index Cond": "(id = mc.movie_id)",
                    "Rows Removed by Index Recheck": 0,
                    "Filter": "((kind_id < 7) AND (production_year < 2000))",
                    "Rows Removed by Filter": 0
                  }
                ]
              }
            ]
          }
        ]
      }
    ]
  },
  "Planning Time": 0.483,
  "Triggers": [],
  "Execution Time": 38.014
}