[
  {
    "Plan": {
      "Node Type": "Aggregate",
      "Strategy": "Plain",
      "Partial Mode": "Finalize",
      "Parallel Aware": false,
      "Startup Cost": 32660.91,
      "Total Cost": 32660.92,
      "Plan Rows": 1,
      "Plan Width": 8,
      "Actual Startup Time": 96.123,
      "Actual Total Time": 104.007,
      "Actual Rows": 1,
      "Actual Loops": 1,
      "Plans": [
        {
          "Node Type": "Gather",
          "Parent Relationship": "Outer",
          "Parallel Aware": false,
          "Startup Cost": 32660.59,
          "Total Cost": 32660.9,
          "Plan Rows": 3,
          "Plan Width": 8,
          "Actual Startup Time": 96.007,
          "Actual Total Time": 103.996,
          "Actual Rows": 4,
          "Actual Loops": 1,
          "Workers Planned": 3,
          "Workers Launched": 3,
          "Single Copy": false,
          "Plans": [
            {
              "Node Type": "Aggregate",
              "Strategy": "Plain",
              "Partial Mode": "Partial",
              "Parent Relationship": "Outer",
              "Parallel Aware": false,
              "Startup Cost": 31660.59,
              "Total Cost": 31660.6,
              "Plan Rows": 1,
              "Plan Width": 8,
              "Actual Startup Time": 87.872,
              "Actual Total Time": 87.874,
              "Actual Rows": 1,
              "Actual Loops": 4,
              "Plans": [
                {
                  "Node Type": "Seq Scan",
                  "Parent Relationship": "Outer",
                  "Parallel Aware": true,
                  "Relation Name": "movie_companies",
                  "Alias": "mc",
                  "Startup Cost": 0.0,
                  "Total Cost": 31414.82,
                  "Plan Rows": 98308,
                  "Plan Width": 0,
                  "Actual Startup Time": 0.047,
                  "Actual Total Time": 78.906,
                  "Actual Rows": 110852,
                  "Actual Loops": 4,
                  "Filter": "((company_id < 751) AND (company_type_id < 2))",
                  "Rows Removed by Filter": 541430
                }
              ]
            }
          ]
        }
      ]
    },
    "Planning Time": 0.217,
    "Triggers": [],
    "Execution Time": 104.136
  }
]