[
  {
    "Plan": {
      "Node Type": "Aggregate",
      "Strategy": "Plain",
      "Partial Mode": "Finalize",
      "Parallel Aware": false,
      "Startup Cost": 47471.17,
      "Total Cost": 47471.18,
      "Plan Rows": 1,
      "Plan Width": 8,
      "Actual Startup Time": 126.031,
      "Actual Total Time": 138.347,
      "Actual Rows": 1,
      "Actual Loops": 1,
      "Plans": [
        {
          "Node Type": "Gather",
          "Parent Relationship": "Outer",
          "Parallel Aware": false,
          "Startup Cost": 47470.75,
          "Total Cost": 47471.16,
          "Plan Rows": 4,
          "Plan Width": 8,
          "Actual Startup Time": 125.724,
          "Actual Total Time": 138.334,
          "Actual Rows": 5,
          "Actual Loops": 1,
          "Workers Planned": 4,
          "Workers Launched": 4,
          "Single Copy": false,
          "Plans": [
            {
              "Node Type": "Aggregate",
              "Strategy": "Plain",
              "Partial Mode": "Partial",
              "Parent Relationship": "Outer",
              "Parallel Aware": false,
              "Startup Cost": 46470.75,
              "Total Cost": 46470.76,
              "Plan Rows": 1,
              "Plan Width": 8,
              "Actual Startup Time": 116.247,
              "Actual Total Time": 116.248,
              "Actual Rows": 1,
              "Actual Loops": 5,
              "Plans": [
                {
                  "Node Type": "Seq Scan",
                  "Parent Relationship": "Outer",
                  "Parallel Aware": true,
                  "Relation Name": "title",
                  "Alias": "t",
                  "Startup Cost": 0.0,
                  "Total Cost": 45479.59,
                  "Plan Rows": 396464,
                  "Plan Width": 0,
                  "Actual Startup Time": 0.053,
                  "Actual Total Time": 97.624,
                  "Actual Rows": 338041,
                  "Actual Loops": 5,
                  "Filter": "((kind_id > 1) AND (production_year > 1966))",
                  "Rows Removed by Filter": 167621
                }
              ]
            }
          ]
        }
      ]
    },
    "Planning Time": 0.159,
    "Triggers": [],
    "Execution Time": 138.409
  }
]