[
  {
    "Plan": {
      "Node Type": "Aggregate",
      "Strategy": "Plain",
      "Partial Mode": "Finalize",
      "Parallel Aware": false,
      "Startup Cost": 269804.65,
      "Total Cost": 269804.66,
      "Plan Rows": 1,
      "Plan Width": 8,
      "Actual Startup Time": 1253.35,
      "Actual Total Time": 1304.089,
      "Actual Rows": 1,
      "Actual Loops": 1,
      "Plans": [
        {
          "Node Type": "Gather",
          "Parent Relationship": "Outer",
          "Parallel Aware": false,
          "Startup Cost": 269804.13,
          "Total Cost": 269804.64,
          "Plan Rows": 5,
          "Plan Width": 8,
          "Actual Startup Time": 1248.728,
          "Actual Total Time": 1304.076,
          "Actual Rows": 6,
          "Actual Loops": 1,
          "Workers Planned": 5,
          "Workers Launched": 5,
          "Single Copy": false,
          "Plans": [
            {
              "Node Type": "Aggregate",
              "Strategy": "Plain",
              "Partial Mode": "Partial",
              "Parent Relationship": "Outer",
              "Parallel Aware": false,
              "Startup Cost": 268804.13,
              "Total Cost": 268804.14,
              "Plan Rows": 1,
              "Plan Width": 8,
              "Actual Startup Time": 1238.244,
              "Actual Total Time": 1238.34,
              "Actual Rows": 1,
              "Actual Loops": 6,
              "Plans": [
                {
                  "Node Type": "Hash Join",
                  "Parent Relationship": "Outer",
                  "Parallel Aware": true,
                  "Join Type": "Inner",
                  "Startup Cost": 63873.98,
                  "Total Cost": 267948.35,
                  "Plan Rows": 342310,
                  "Plan Width": 0,
                  "Actual Startup Time": 249.338,
                  "Actual Total Time": 1148.826,
                  "Actual Rows": 1664882,
                  "Actual Loops": 6,
                  "Inner Unique": false,
                  "Hash Cond": "(mi.movie_id = t.id)",
                  "Plans": [
                    {
                      "Node Type": "Seq Scan",
                      "Parent Relationship": "Outer",
                      "Parallel Aware": true,
                      "Relation Name": "movie_info",
                      "Alias": "mi",
                      "Startup Cost": 0.0,
                      "Total Cost": 191560.33,
                      "Plan Rows": 2956733,
                      "Plan Width": 4,
                      "Actual Startup Time": 0.04,
                      "Actual Total Time": 349.695,
                      "Actual Rows": 2472620,
                      "Actual Loops": 6
                    },
                    {
                      "Node Type": "Hash",
                      "Parent Relationship": "Inner",
                      "Parallel Aware": true,
                      "Startup Cost": 62349.46,
                      "Total Cost": 62349.46,
                      "Plan Rows": 121962,
                      "Plan Width": 8,
                      "Actual Startup Time": 233.818,
                      "Actual Total Time": 233.913,
                      "Actual Rows": 74588,
                      "Actual Loops": 6,
                      "Hash Buckets": 524288,
                      "Original Hash Buckets": 524288,
                      "Hash Batches": 1,
                      "Original Hash Batches": 1,
                      "Peak Memory Usage": 21696,
                      "Plans": [
                        {
                          "Node Type": "Hash Join",
                          "Parent Relationship": "Outer",
                          "Parallel Aware": true,
                          "Join Type": "Inner",
                          "Startup Cost": 47154.9,
                          "Total Cost": 62349.46,
                          "Plan Rows": 121962,
                          "Plan Width": 8,
                          "Actual Startup Time": 159.475,
                          "Actual Total Time": 207.499,
                          "Actual Rows": 74588,
                          "Actual Loops": 6,
                          "Inner Unique": true,
                          "Hash Cond": "(mi_idx.movie_id = t.id)",
                          "Plans": [
                            {
                              "Node Type": "Seq Scan",
                              "Parent Relationship": "Outer",
                              "Parallel Aware": true,
                              "Relation Name": "movie_info_idx",
                              "Alias": "mi_idx",
                              "Startup Cost": 0.0,
                              "Total Cost": 13685.15,
                              "Plan Rows": 575015,
                              "Plan Width": 4,
                              "Actual Startup Time": 0.031,
                              "Actual Total Time": 26.683,
                              "Actual Rows": 230006,
                              "Actual Loops": 6
                            },
                            {
                              "Node Type": "Hash",
                              "Parent Relationship": "Inner",
                              "Parallel Aware": true,
                              "Startup Cost": 45479.1,
                              "Total Cost": 45479.1,
                              "Plan Rows": 134064,
                              "Plan Width": 4,
                              "Actual Startup Time": 133.456,
                              "Actual Total Time": 133.459,
                              "Actual Rows": 68712,
                              "Actual Loops": 6,
                              "Hash Buckets": 1048576,
                              "Original Hash Buckets": 1048576,
                              "Hash Batches": 1,
                              "Original Hash Batches": 1,
                              "Peak Memory Usage": 24416,
                              "Plans": [
                                {
                                  "Node Type": "Seq Scan",
                                  "Parent Relationship": "Outer",
                                  "Parallel Aware": true,
                                  "Relation Name": "title",
                                  "Alias": "t",
                                  "Startup Cost": 0.0,
                                  "Total Cost": 45479.1,
                                  "Plan Rows": 134064,
                                  "Plan Width": 4,
                                  "Actual Startup Time": 49.649,
                                  "Actual Total Time": 96.33,
                                  "Actual Rows": 68712,
                                  "Actual Loops": 6,
                                  "Filter": "((production_year > 1973) AND (kind_id = 1))",
                                  "Rows Removed by Filter": 352674
                                }
                              ]
                            }
                          ]
                        }
                      ]
                    }
                  ]
                }
              ]
            }
          ]
        }
      ]
    },
    "Planning Time": 1.382,
    "Triggers": [],
    "Execution Time": 1304.197
  }
]