[
  {
    "Plan": {
      "Node Type": "Aggregate",
      "Strategy": "Plain",
      "Partial Mode": "Finalize",
      "Parallel Aware": false,
      "Startup Cost": 406675.19,
      "Total Cost": 406675.2,
      "Plan Rows": 1,
      "Plan Width": 8,
      "Actual Startup Time": 1455.68,
      "Actual Total Time": 1503.427,
      "Actual Rows": 1,
      "Actual Loops": 1,
      "Plans": [
        {
          "Node Type": "Gather",
          "Parent Relationship": "Outer",
          "Parallel Aware": false,
          "Startup Cost": 406674.57,
          "Total Cost": 406675.18,
          "Plan Rows": 6,
          "Plan Width": 8,
          "Actual Startup Time": 1452.306,
          "Actual Total Time": 1503.41,
          "Actual Rows": 7,
          "Actual Loops": 1,
          "Workers Planned": 6,
          "Workers Launched": 6,
          "Single Copy": false,
          "Plans": [
            {
              "Node Type": "Aggregate",
              "Strategy": "Plain",
              "Partial Mode": "Partial",
              "Parent Relationship": "Outer",
              "Parallel Aware": false,
              "Startup Cost": 405674.57,
              "Total Cost": 405674.58,
              "Plan Rows": 1,
              "Plan Width": 8,
              "Actual Startup Time": 1444.019,
              "Actual Total Time": 1444.023,
              "Actual Rows": 1,
              "Actual Loops": 7,
              "Plans": [
                {
                  "Node Type": "Nested Loop",
                  "Parent Relationship": "Outer",
                  "Parallel Aware": false,
                  "Join Type": "Inner",
                  "Startup Cost": 83984.1,
                  "Total Cost": 405268.49,
                  "Plan Rows": 162431,
                  "Plan Width": 0,
                  "Actual Startup Time": 178.198,
                  "Actual Total Time": 1384.481,
                  "Actual Rows": 1163873,
                  "Actual Loops": 7,
                  "Inner Unique": false,
                  "Join Filter": "(t.id = mi.movie_id)",
                  "Rows Removed by Join Filter": 0,
                  "Plans": [
                    {
                      "Node Type": "Hash Join",
                      "Parent Relationship": "Outer",
                      "Parallel Aware": true,
                      "Join Type": "Inner",
                      "Startup Cost": 83983.67,
                      "Total Cost": 341522.4,
                      "Plan Rows": 27664,
                      "Plan Width": 8,
                      "Actual Startup Time": 177.938,
                      "Actual Total Time": 330.855,
                      "Actual Rows": 41288,
                      "Actual Loops": 7,
                      "Inner Unique": true,
                      "Hash Cond": "(ci.movie_id = t.id)",
                      "Plans": [
                        {
                          "Node Type": "Bitmap Heap Scan",
                          "Parent Relationship": "Outer",
                          "Parallel Aware": true,
                          "Relation Name": "cast_info",
                          "Alias": "ci",
                          "Startup Cost": 37534.55,
                          "Total Cost": 294481.48,
                          "Plan Rows": 225445,
                          "Plan Width": 4,
                          "Actual Startup Time": 73.544,
                          "Actual Total Time": 133.884,
                          "Actual Rows": 225206,
                          "Actual Loops": 7,
                          "Recheck Cond": "(person_id < 174817)",
                          "Rows Removed by Index Recheck": 0,
                          "Filter": "(role_id < 8)",
                          "Rows Removed by Filter": 25153,
                          "Exact Heap Blocks": 3480,
                          "Lossy Heap Blocks": 0,
                          "Plans": [
                            {
                              "Node Type": "Bitmap Index Scan",
                              "Parent Relationship": "Outer",
                              "Parallel Aware": false,
                              "Index Name": "person_id_cast_info",
                              "Startup Cost": 0.0,
                              "Total Cost": 37196.38,
                              "Plan Rows": 1703975,
                              "Plan Width": 0,
                              "Actual Startup Time": 70.237,
                              "Actual Total Time": 70.238,
                              "Actual Rows": 1752508,
                              "Actual Loops": 1,
                              "Index Cond": "(person_id < 174817)"
                            }
                          ]
                        },
                        {
                          "Node Type": "Hash",
                          "Parent Relationship": "Inner",
                          "Parallel Aware": true,
                          "Startup Cost": 45479.59,
                          "Total Cost": 45479.59,
                          "Plan Rows": 77563,
                          "Plan Width": 4,
                          "Actual Startup Time": 102.27,
                          "Actual Total Time": 102.271,
                          "Actual Rows": 57249,
                          "Actual Loops": 7,
                          "Hash Buckets": 524288,
                          "Original Hash Buckets": 524288,
                          "Hash Batches": 1,
                          "Original Hash Batches": 1,
                          "Peak Memory Usage": 19872,
                          "Plans": [
                            {
                              "Node Type": "Seq Scan",
                              "Parent Relationship": "Outer",
                              "Parallel Aware": true,
                              "Relation Name": "title",
                              "Alias": "t",
                              "Startup Cost": 0.0,
                              "Total Cost": 45479.59,
                              "Plan Rows": 77563,
                              "Plan Width": 4,
                              "Actual Startup Time": 45.253,
                              "Actual Total Time": 76.363,
                              "Actual Rows": 57249,
                              "Actual Loops": 7,
                              "Filter": "((production_year < 2003) AND (kind_id = 1))",
                              "Rows Removed by Filter": 303939
                            }
                          ]
                        }
                      ]
                    },
                    {
                      "Node Type": "Index Only Scan",
                      "Parent Relationship": "Inner",
                      "Parallel Aware": false,
                      "Scan Direction": "Forward",
                      "Index Name": "movie_id_movie_info",
                      "Relation Name": "movie_info",
                      "Alias": "mi",
                      "Startup Cost": 0.43,
                      "Total Cost": 1.79,
                      "Plan Rows": 41,
                      "Plan Width": 4,
                      "Actual Startup Time": 0.007,
                      "Actual Total Time": 0.023,
                      "Actual Rows": 28,
                      "Actual Loops": 289015,
                      "Index Cond": "(movie_id = ci.movie_id)",
                      "Rows Removed by Index Recheck": 0,
                      "Heap Fetches": 8147110
                    }
                  ]
                }
              ]
            }
          ]
        }
      ]
    },
    "Planning Time": 1.003,
    "Triggers": [],
    "Execution Time": 1503.525
  }
]