[
  {
    "Plan": {
      "Node Type": "Aggregate",
      "Strategy": "Plain",
      "Partial Mode": "Finalize",
      "Parallel Aware": false,
      "Startup Cost": 342831.95,
      "Total Cost": 342831.96,
      "Plan Rows": 1,
      "Plan Width": 8,
      "Actual Startup Time": 470.131,
      "Actual Total Time": 506.087,
      "Actual Rows": 1,
      "Actual Loops": 1,
      "Plans": [
        {
          "Node Type": "Gather",
          "Parent Relationship": "Outer",
          "Parallel Aware": false,
          "Startup Cost": 342831.32,
          "Total Cost": 342831.93,
          "Plan Rows": 6,
          "Plan Width": 8,
          "Actual Startup Time": 469.984,
          "Actual Total Time": 506.063,
          "Actual Rows": 7,
          "Actual Loops": 1,
          "Workers Planned": 6,
          "Workers Launched": 6,
          "Single Copy": false,
          "Plans": [
            {
              "Node Type": "Aggregate",
              "Strategy": "Plain",
              "Partial Mode": "Partial",
              "Parent Relationship": "Outer",
              "Parallel Aware": false,
              "Startup Cost": 341831.32,
              "Total Cost": 341831.33,
              "Plan Rows": 1,
              "Plan Width": 8,
              "Actual Startup Time": 459.552,
              "Actual Total Time": 459.553,
              "Actual Rows": 1,
              "Actual Loops": 7,
              "Plans": [
                {
                  "Node Type": "Index Scan",
                  "Parent Relationship": "Outer",
                  "Parallel Aware": true,
                  "Scan Direction": "Forward",
                  "Index Name": "role_id_cast_info",
                  "Relation Name": "cast_info",
                  "Alias": "ci",
                  "Startup Cost": 0.56,
                  "Total Cost": 341155.22,
                  "Plan Rows": 270442,
                  "Plan Width": 0,
                  "Actual Startup Time": 0.15,
                  "Actual Total Time": 429.321,
                  "Actual Rows": 495590,
                  "Actual Loops": 7,
                  "Index Cond": "(role_id < 2)",
                  "Rows Removed by Index Recheck": 0,
                  "Filter": "(person_id < 465726)",
                  "Rows Removed by Filter": 1314508
                }
              ]
            }
          ]
        }
      ]
    },
    "Planning Time": 0.229,
    "Triggers": [],
    "Execution Time": 506.158
  }
]