{
    "Plan": {
        "Node Type": "Aggregate",
        "Strategy": "Plain",
        "Partial Mode": "Finalize",
        "Parallel Aware": false,
        "Startup Cost": 252503.94,
        "Total Cost": 252503.95,
        "Plan Rows": 1,
        "Plan Width": 8,
        "Actual Startup Time": 869.672,
        "Actual Total Time": 913.301,
        "Actual Rows": 1,
        "Actual Loops": 1,
        "Output": [
            "count(*)"
        ],
        "Plans": [
            {
                "Node Type": "Gather",
                "Parent Relationship": "Outer",
                "Parallel Aware": false,
                "Startup Cost": 252503.42,
                "Total Cost": 252503.93,
                "Plan Rows": 5,
                "Plan Width": 8,
                "Actual Startup Time": 866.462,
                "Actual Total Time": 913.291,
                "Actual Rows": 6,
                "Actual Loops": 1,
                "Output": [
                    "(PARTIAL count(*))"
                ],
                "Workers Planned": 5,
                "Workers Launched": 5,
                "Single Copy": false,
                "Plans": [
                    {
                        "Node Type": "Aggregate",
                        "Strategy": "Plain",
                        "Partial Mode": "Partial",
                        "Parent Relationship": "Outer",
                        "Parallel Aware": false,
                        "Startup Cost": 251503.42,
                        "Total Cost": 251503.43,
                        "Plan Rows": 1,
                        "Plan Width": 8,
                        "Actual Startup Time": 856.167,
                        "Actual Total Time": 856.171,
                        "Actual Rows": 1,
                        "Actual Loops": 6,
                        "Output": [
                            "PARTIAL count(*)"
                        ],
                        "Workers": [
                            {
                                "Worker Number": 0,
                                "Actual Startup Time": 854.107,
                                "Actual Total Time": 854.111,
                                "Actual Rows": 1,
                                "Actual Loops": 1
                            },
                            {
                                "Worker Number": 1,
                                "Actual Startup Time": 854.143,
                                "Actual Total Time": 854.144,
                                "Actual Rows": 1,
                                "Actual Loops": 1
                            },
                            {
                                "Worker Number": 2,
                                "Actual Startup Time": 854.243,
                                "Actual Total Time": 854.25,
                                "Actual Rows": 1,
                                "Actual Loops": 1
                            },
                            {
                                "Worker Number": 3,
                                "Actual Startup Time": 854.734,
                                "Actual Total Time": 854.737,
                                "Actual Rows": 1,
                                "Actual Loops": 1
                            },
                            {
                                "Worker Number": 4,
                                "Actual Startup Time": 854.139,
                                "Actual Total Time": 854.142,
                                "Actual Rows": 1,
                                "Actual Loops": 1
                            }
                        ],
                        "Plans": [
                            {
                                "Node Type": "Hash Join",
                                "Parent Relationship": "Outer",
                                "Parallel Aware": true,
                                "Join Type": "Inner",
                                "Startup Cost": 47190.28,
                                "Total Cost": 250574.56,
                                "Plan Rows": 371545,
                                "Plan Width": 0,
                                "Actual Startup Time": 144.885,
                                "Actual Total Time": 820.22,
                                "Actual Rows": 739391,
                                "Actual Loops": 6,
                                "Inner Unique": true,
                                "Hash Cond": "(mi.movie_id = t.id)",
                                "Workers": [
                                    {
                                        "Worker Number": 0,
                                        "Actual Startup Time": 142.945,
                                        "Actual Total Time": 816.668,
                                        "Actual Rows": 596840,
                                        "Actual Loops": 1
                                    },
                                    {
                                        "Worker Number": 1,
                                        "Actual Startup Time": 142.925,
                                        "Actual Total Time": 820.052,
                                        "Actual Rows": 879725,
                                        "Actual Loops": 1
                                    },
                                    {
                                        "Worker Number": 2,
                                        "Actual Startup Time": 143.032,
                                        "Actual Total Time": 820.078,
                                        "Actual Rows": 882535,
                                        "Actual Loops": 1
                                    },
                                    {
                                        "Worker Number": 3,
                                        "Actual Startup Time": 143.017,
                                        "Actual Total Time": 821.474,
                                        "Actual Rows": 521278,
                                        "Actual Loops": 1
                                    },
                                    {
                                        "Worker Number": 4,
                                        "Actual Startup Time": 142.933,
                                        "Actual Total Time": 816.911,
                                        "Actual Rows": 592788,
                                        "Actual Loops": 1
                                    }
                                ],
                                "Plans": [
                                    {
                                        "Node Type": "Seq Scan",
                                        "Parent Relationship": "Outer",
                                        "Parallel Aware": true,
                                        "Relation Name": "movie_info",
                                        "Schema": "public",
                                        "Alias": "mi",
                                        "Startup Cost": 0.0,
                                        "Total Cost": 198880.74,
                                        "Plan Rows": 1715630,
                                        "Plan Width": 4,
                                        "Actual Startup Time": 0.033,
                                        "Actual Total Time": 349.237,
                                        "Actual Rows": 1435371,
                                        "Actual Loops": 6,
                                        "Output": [
                                            "mi.id",
                                            "mi.movie_id",
                                            "mi.info_type_id",
                                            "mi.info",
                                            "mi.note"
                                        ],
                                        "Filter": "(mi.info_type_id < 9)",
                                        "Rows Removed by Filter": 1037249,
                                        "Workers": [
                                            {
                                                "Worker Number": 0,
                                                "Actual Startup Time": 0.033,
                                                "Actual Total Time": 361.966,
                                                "Actual Rows": 1168814,
                                                "Actual Loops": 1
                                            },
                                            {
                                                "Worker Number": 1,
                                                "Actual Startup Time": 0.033,
                                                "Actual Total Time": 344.951,
                                                "Actual Rows": 1700853,
                                                "Actual Loops": 1
                                            },
                                            {
                                                "Worker Number": 2,
                                                "Actual Startup Time": 0.031,
                                                "Actual Total Time": 344.968,
                                                "Actual Rows": 1686055,
                                                "Actual Loops": 1
                                            },
                                            {
                                                "Worker Number": 3,
                                                "Actual Startup Time": 0.045,
                                                "Actual Total Time": 353.368,
                                                "Actual Rows": 1012462,
                                                "Actual Loops": 1
                                            },
                                            {
                                                "Worker Number": 4,
                                                "Actual Startup Time": 0.045,
                                                "Actual Total Time": 361.489,
                                                "Actual Rows": 1163763,
                                                "Actual Loops": 1
                                            }
                                        ]
                                    },
                                    {
                                        "Node Type": "Hash",
                                        "Parent Relationship": "Inner",
                                        "Parallel Aware": true,
                                        "Startup Cost": 45479.21,
                                        "Total Cost": 45479.21,
                                        "Plan Rows": 136886,
                                        "Plan Width": 4,
                                        "Actual Startup Time": 127.024,
                                        "Actual Total Time": 127.026,
                                        "Actual Rows": 92886,
                                        "Actual Loops": 6,
                                        "Output": [
                                            "t.id"
                                        ],
                                        "Hash Buckets": 1048576,
                                        "Original Hash Buckets": 1048576,
                                        "Hash Batches": 1,
                                        "Original Hash Batches": 1,
                                        "Peak Memory Usage": 30112,
                                        "Workers": [
                                            {
                                                "Worker Number": 0,
                                                "Actual Startup Time": 128.29,
                                                "Actual Total Time": 128.291,
                                                "Actual Rows": 74503,
                                                "Actual Loops": 1
                                            },
                                            {
                                                "Worker Number": 1,
                                                "Actual Startup Time": 128.333,
                                                "Actual Total Time": 128.333,
                                                "Actual Rows": 108301,
                                                "Actual Loops": 1
                                            },
                                            {
                                                "Worker Number": 2,
                                                "Actual Startup Time": 128.35,
                                                "Actual Total Time": 128.352,
                                                "Actual Rows": 108098,
                                                "Actual Loops": 1
                                            },
                                            {
                                                "Worker Number": 3,
                                                "Actual Startup Time": 128.196,
                                                "Actual Total Time": 128.197,
                                                "Actual Rows": 65360,
                                                "Actual Loops": 1
                                            },
                                            {
                                                "Worker Number": 4,
                                                "Actual Startup Time": 128.308,
                                                "Actual Total Time": 128.309,
                                                "Actual Rows": 74631,
                                                "Actual Loops": 1
                                            }
                                        ],
                                        "Plans": [
                                            {
                                                "Node Type": "Seq Scan",
                                                "Parent Relationship": "Outer",
                                                "Parallel Aware": true,
                                                "Relation Name": "title",
                                                "Schema": "public",
                                                "Alias": "t",
                                                "Startup Cost": 0.0,
                                                "Total Cost": 45479.21,
                                                "Plan Rows": 136886,
                                                "Plan Width": 4,
                                                "Actual Startup Time": 52.529,
                                                "Actual Total Time": 86.676,
                                                "Actual Rows": 92886,
                                                "Actual Loops": 6,
                                                "Output": [
                                                    "t.id"
                                                ],
                                                "Filter": "((t.production_year < 2011) AND (t.kind_id = 1))",
                                                "Rows Removed by Filter": 328499,
                                                "Workers": [
                                                    {
                                                        "Worker Number": 0,
                                                        "Actual Startup Time": 52.676,
                                                        "Actual Total Time": 88.071,
                                                        "Actual Rows": 74503,
                                                        "Actual Loops": 1
                                                    },
                                                    {
                                                        "Worker Number": 1,
                                                        "Actual Startup Time": 52.32,
                                                        "Actual Total Time": 86.898,
                                                        "Actual Rows": 108301,
                                                        "Actual Loops": 1
                                                    },
                                                    {
                                                        "Worker Number": 2,
                                                        "Actual Startup Time": 52.458,
                                                        "Actual Total Time": 86.997,
                                                        "Actual Rows": 108098,
                                                        "Actual Loops": 1
                                                    },
                                                    {
                                                        "Worker Number": 3,
                                                        "Actual Startup Time": 52.676,
                                                        "Actual Total Time": 85.97,
                                                        "Actual Rows": 65360,
                                                        "Actual Loops": 1
                                                    },
                                                    {
                                                        "Worker Number": 4,
                                                        "Actual Startup Time": 52.596,
                                                        "Actual Total Time": 87.841,
                                                        "Actual Rows": 74631,
                                                        "Actual Loops": 1
                                                    }
                                                ]
                                            }
                                        ]
                                    }
                                ]
                            }
                        ]
                    }
                ]
            }
        ]
    },
    "Planning Time": 0.838,
    "Triggers": [],
    "Execution Time": 913.382
}