{
    "Plan": {
        "Node Type": "Aggregate",
        "Strategy": "Plain",
        "Partial Mode": "Simple",
        "Parallel Aware": false,
        "Startup Cost": 60000347978.17,
        "Total Cost": 60000347978.18,
        "Plan Rows": 1,
        "Plan Width": 96,
        "Actual Startup Time": 1306.541,
        "Actual Total Time": 1306.559,
        "Actual Rows": 1,
        "Actual Loops": 1,
        "Output": [
            "min(cn.name)",
            "min((lt.link)::text)",
            "min(t.title)"
        ],
        "Plans": [
            {
                "Node Type": "Nested Loop",
                "Parent Relationship": "Outer",
                "Parallel Aware": false,
                "Join Type": "Inner",
                "Startup Cost": 60000272719.93,
                "Total Cost": 60000347978.16,
                "Plan Rows": 1,
                "Plan Width": 48,
                "Actual Startup Time": 1306.535,
                "Actual Total Time": 1306.552,
                "Actual Rows": 0,
                "Actual Loops": 1,
                "Output": [
                    "cn.name",
                    "lt.link",
                    "t.title"
                ],
                "Inner Unique": true,
                "Plans": [
                    {
                        "Node Type": "Hash Join",
                        "Parent Relationship": "Outer",
                        "Parallel Aware": false,
                        "Join Type": "Inner",
                        "Startup Cost": 50000272719.79,
                        "Total Cost": 50000347970.0,
                        "Plan Rows": 1,
                        "Plan Width": 52,
                        "Actual Startup Time": 1306.533,
                        "Actual Total Time": 1306.549,
                        "Actual Rows": 0,
                        "Actual Loops": 1,
                        "Output": [
                            "cn.name",
                            "mc.company_type_id",
                            "lt.link",
                            "t.title"
                        ],
                        "Inner Unique": false,
                        "Hash Cond": "(t.id = ml.movie_id)",
                        "Plans": [
                            {
                                "Node Type": "Seq Scan",
                                "Parent Relationship": "Outer",
                                "Parallel Aware": false,
                                "Relation Name": "title",
                                "Schema": "public",
                                "Alias": "t",
                                "Startup Cost": 10000000000.0,
                                "Total Cost": 10000073922.83,
                                "Plan Rows": 353964,
                                "Plan Width": 21,
                                "Actual Startup Time": 0.029,
                                "Actual Total Time": 355.89,
                                "Actual Rows": 355804,
                                "Actual Loops": 1,
                                "Output": [
                                    "t.id",
                                    "t.title",
                                    "t.imdb_index",
                                    "t.kind_id",
                                    "t.production_year",
                                    "t.imdb_id",
                                    "t.phonetic_code",
                                    "t.episode_of_id",
                                    "t.season_nr",
                                    "t.episode_nr",
                                    "t.series_years",
                                    "t.md5sum"
                                ],
                                "Filter": "((t.production_year >= 2003) AND (t.production_year <= 2006))",
                                "Rows Removed by Filter": 2172508
                            },
                            {
                                "Node Type": "Hash",
                                "Parent Relationship": "Inner",
                                "Parallel Aware": false,
                                "Startup Cost": 40000272719.78,
                                "Total Cost": 40000272719.78,
                                "Plan Rows": 1,
                                "Plan Width": 51,
                                "Actual Startup Time": 917.322,
                                "Actual Total Time": 917.337,
                                "Actual Rows": 1268,
                                "Actual Loops": 1,
                                "Output": [
                                    "cn.name",
                                    "mc.movie_id",
                                    "mc.company_type_id",
                                    "mi.movie_id",
                                    "mk.movie_id",
                                    "ml.movie_id",
                                    "lt.link"
                                ],
                                "Hash Buckets": 2048,
                                "Original Hash Buckets": 1024,
                                "Hash Batches": 1,
                                "Original Hash Batches": 1,
                                "Peak Memory Usage": 128,
                                "Plans": [
                                    {
                                        "Node Type": "Hash Join",
                                        "Parent Relationship": "Outer",
                                        "Parallel Aware": false,
                                        "Join Type": "Inner",
                                        "Startup Cost": 40000224793.79,
                                        "Total Cost": 40000272719.78,
                                        "Plan Rows": 1,
                                        "Plan Width": 51,
                                        "Actual Startup Time": 815.607,
                                        "Actual Total Time": 916.938,
                                        "Actual Rows": 1268,
                                        "Actual Loops": 1,
                                        "Output": [
                                            "cn.name",
                                            "mc.movie_id",
                                            "mc.company_type_id",
                                            "mi.movie_id",
                                            "mk.movie_id",
                                            "ml.movie_id",
                                            "lt.link"
                                        ],
                                        "Inner Unique": false,
                                        "Hash Cond": "(mk.keyword_id = k.id)",
                                        "Plans": [
                                            {
                                                "Node Type": "Merge Join",
                                                "Parent Relationship": "Outer",
                                                "Parallel Aware": false,
                                                "Join Type": "Inner",
                                                "Startup Cost": 30000222167.65,
                                                "Total Cost": 30000269821.85,
                                                "Plan Rows": 72475,
                                                "Plan Width": 55,
                                                "Actual Startup Time": 788.618,
                                                "Actual Total Time": 895.297,
                                                "Actual Rows": 22897,
                                                "Actual Loops": 1,
                                                "Output": [
                                                    "cn.name",
                                                    "mc.movie_id",
                                                    "mc.company_type_id",
                                                    "mi.movie_id",
                                                    "mk.movie_id",
                                                    "mk.keyword_id",
                                                    "ml.movie_id",
                                                    "lt.link"
                                                ],
                                                "Inner Unique": false,
                                                "Merge Cond": "(mk.movie_id = ml.movie_id)",
                                                "Plans": [
                                                    {
                                                        "Node Type": "Index Scan",
                                                        "Parent Relationship": "Outer",
                                                        "Parallel Aware": false,
                                                        "Scan Direction": "Forward",
                                                        "Index Name": "movie_id_movie_keyword",
                                                        "Relation Name": "movie_keyword",
                                                        "Schema": "public",
                                                        "Alias": "mk",
                                                        "Startup Cost": 0.43,
                                                        "Total Cost": 177177.46,
                                                        "Plan Rows": 4523930,
                                                        "Plan Width": 8,
                                                        "Actual Startup Time": 0.024,
                                                        "Actual Total Time": 14.195,
                                                        "Actual Rows": 82171,
                                                        "Actual Loops": 1,
                                                        "Output": [
                                                            "mk.id",
                                                            "mk.movie_id",
                                                            "mk.keyword_id"
                                                        ]
                                                    },
                                                    {
                                                        "Node Type": "Materialize",
                                                        "Parent Relationship": "Inner",
                                                        "Parallel Aware": false,
                                                        "Startup Cost": 30000222032.61,
                                                        "Total Cost": 30000264768.0,
                                                        "Plan Rows": 1594,
                                                        "Plan Width": 47,
                                                        "Actual Startup Time": 788.302,
                                                        "Actual Total Time": 868.207,
                                                        "Actual Rows": 23138,
                                                        "Actual Loops": 1,
                                                        "Output": [
                                                            "cn.name",
                                                            "mc.movie_id",
                                                            "mc.company_type_id",
                                                            "mi.movie_id",
                                                            "ml.movie_id",
                                                            "lt.link"
                                                        ],
                                                        "Plans": [
                                                            {
                                                                "Node Type": "Nested Loop",
                                                                "Parent Relationship": "Outer",
                                                                "Parallel Aware": false,
                                                                "Join Type": "Inner",
                                                                "Startup Cost": 30000222032.61,
                                                                "Total Cost": 30000264764.02,
                                                                "Plan Rows": 1594,
                                                                "Plan Width": 47,
                                                                "Actual Startup Time": 788.297,
                                                                "Actual Total Time": 864.729,
                                                                "Actual Rows": 2782,
                                                                "Actual Loops": 1,
                                                                "Output": [
                                                                    "cn.name",
                                                                    "mc.movie_id",
                                                                    "mc.company_type_id",
                                                                    "mi.movie_id",
                                                                    "ml.movie_id",
                                                                    "lt.link"
                                                                ],
                                                                "Inner Unique": true,
                                                                "Plans": [
                                                                    {
                                                                        "Node Type": "Merge Join",
                                                                        "Parent Relationship": "Outer",
                                                                        "Parallel Aware": false,
                                                                        "Join Type": "Inner",
                                                                        "Startup Cost": 20000222032.18,
                                                                        "Total Cost": 20000222421.57,
                                                                        "Plan Rows": 9514,
                                                                        "Plan Width": 32,
                                                                        "Actual Startup Time": 787.174,
                                                                        "Actual Total Time": 798.49,
                                                                        "Actual Rows": 8299,
                                                                        "Actual Loops": 1,
                                                                        "Output": [
                                                                            "lt.link",
                                                                            "ml.movie_id",
                                                                            "mc.movie_id",
                                                                            "mc.company_type_id",
                                                                            "mc.company_id",
                                                                            "mi.movie_id"
                                                                        ],
                                                                        "Inner Unique": false,
                                                                        "Merge Cond": "(mc.movie_id = ml.movie_id)",
                                                                        "Plans": [
                                                                            {
                                                                                "Node Type": "Sort",
                                                                                "Parent Relationship": "Outer",
                                                                                "Parallel Aware": false,
                                                                                "Startup Cost": 173139.97,
                                                                                "Total Cost": 176303.54,
                                                                                "Plan Rows": 1265428,
                                                                                "Plan Width": 12,
                                                                                "Actual Startup Time": 721.681,
                                                                                "Actual Total Time": 724.569,
                                                                                "Actual Rows": 49142,
                                                                                "Actual Loops": 1,
                                                                                "Output": [
                                                                                    "mc.movie_id",
                                                                                    "mc.company_type_id",
                                                                                    "mc.company_id"
                                                                                ],
                                                                                "Sort Key": [
                                                                                    "mc.movie_id"
                                                                                ],
                                                                                "Sort Method": "quicksort",
                                                                                "Sort Space Used": 108777,
                                                                                "Sort Space Type": "Memory",
                                                                                "Plans": [
                                                                                    {
                                                                                        "Node Type": "Seq Scan",
                                                                                        "Parent Relationship": "Outer",
                                                                                        "Parallel Aware": false,
                                                                                        "Relation Name": "movie_companies",
                                                                                        "Schema": "public",
                                                                                        "Alias": "mc",
                                                                                        "Startup Cost": 0.0,
                                                                                        "Total Cost": 44881.29,
                                                                                        "Plan Rows": 1265428,
                                                                                        "Plan Width": 12,
                                                                                        "Actual Startup Time": 0.023,
                                                                                        "Actual Total Time": 358.223,
                                                                                        "Actual Rows": 1271989,
                                                                                        "Actual Loops": 1,
                                                                                        "Output": [
                                                                                            "mc.movie_id",
                                                                                            "mc.company_type_id",
                                                                                            "mc.company_id"
                                                                                        ],
                                                                                        "Filter": "(mc.note IS NULL)",
                                                                                        "Rows Removed by Filter": 1337140
                                                                                    }
                                                                                ]
                                                                            },
                                                                            {
                                                                                "Node Type": "Sort",
                                                                                "Parent Relationship": "Inner",
                                                                                "Parallel Aware": false,
                                                                                "Startup Cost": 20000048892.2,
                                                                                "Total Cost": 20000048901.3,
                                                                                "Plan Rows": 3640,
                                                                                "Plan Width": 20,
                                                                                "Actual Startup Time": 65.467,
                                                                                "Actual Total Time": 67.086,
                                                                                "Actual Rows": 8588,
                                                                                "Actual Loops": 1,
                                                                                "Output": [
                                                                                    "lt.link",
                                                                                    "ml.movie_id",
                                                                                    "mi.movie_id"
                                                                                ],
                                                                                "Sort Key": [
                                                                                    "ml.movie_id"
                                                                                ],
                                                                                "Sort Method": "quicksort",
                                                                                "Sort Space Used": 284,
                                                                                "Sort Space Type": "Memory",
                                                                                "Plans": [
                                                                                    {
                                                                                        "Node Type": "Nested Loop",
                                                                                        "Parent Relationship": "Outer",
                                                                                        "Parallel Aware": false,
                                                                                        "Join Type": "Inner",
                                                                                        "Startup Cost": 20000000841.79,
                                                                                        "Total Cost": 20000048676.9,
                                                                                        "Plan Rows": 3640,
                                                                                        "Plan Width": 20,
                                                                                        "Actual Startup Time": 8.914,
                                                                                        "Actual Total Time": 63.8,
                                                                                        "Actual Rows": 2998,
                                                                                        "Actual Loops": 1,
                                                                                        "Output": [
                                                                                            "lt.link",
                                                                                            "ml.movie_id",
                                                                                            "mi.movie_id"
                                                                                        ],
                                                                                        "Inner Unique": false,
                                                                                        "Plans": [
                                                                                            {
                                                                                                "Node Type": "Hash Join",
                                                                                                "Parent Relationship": "Outer",
                                                                                                "Parallel Aware": false,
                                                                                                "Join Type": "Inner",
                                                                                                "Startup Cost": 10000000837.93,
                                                                                                "Total Cost": 10000000866.56,
                                                                                                "Plan Rows": 1666,
                                                                                                "Plan Width": 16,
                                                                                                "Actual Startup Time": 8.839,
                                                                                                "Actual Total Time": 9.646,
                                                                                                "Actual Rows": 2315,
                                                                                                "Actual Loops": 1,
                                                                                                "Output": [
                                                                                                    "lt.link",
                                                                                                    "ml.movie_id"
                                                                                                ],
                                                                                                "Inner Unique": false,
                                                                                                "Hash Cond": "(lt.id = ml.link_type_id)",
                                                                                                "Plans": [
                                                                                                    {
                                                                                                        "Node Type": "Seq Scan",
                                                                                                        "Parent Relationship": "Outer",
                                                                                                        "Parallel Aware": false,
                                                                                                        "Relation Name": "link_type",
                                                                                                        "Schema": "public",
                                                                                                        "Alias": "lt",
                                                                                                        "Startup Cost": 0.0,
                                                                                                        "Total Cost": 1.23,
                                                                                                        "Plan Rows": 1,
                                                                                                        "Plan Width": 16,
                                                                                                        "Actual Startup Time": 0.03,
                                                                                                        "Actual Total Time": 0.038,
                                                                                                        "Actual Rows": 2,
                                                                                                        "Actual Loops": 1,
                                                                                                        "Output": [
                                                                                                            "lt.id",
                                                                                                            "lt.link"
                                                                                                        ],
                                                                                                        "Filter": "((lt.link)::text ~~ '%follow%'::text)",
                                                                                                        "Rows Removed by Filter": 16
                                                                                                    },
                                                                                                    {
                                                                                                        "Node Type": "Hash",
                                                                                                        "Parent Relationship": "Inner",
                                                                                                        "Parallel Aware": false,
                                                                                                        "Startup Cost": 10000000462.97,
                                                                                                        "Total Cost": 10000000462.97,
                                                                                                        "Plan Rows": 29997,
                                                                                                        "Plan Width": 8,
                                                                                                        "Actual Startup Time": 8.758,
                                                                                                        "Actual Total Time": 8.76,
                                                                                                        "Actual Rows": 29997,
                                                                                                        "Actual Loops": 1,
                                                                                                        "Output": [
                                                                                                            "ml.link_type_id",
                                                                                                            "ml.movie_id"
                                                                                                        ],
                                                                                                        "Hash Buckets": 32768,
                                                                                                        "Original Hash Buckets": 32768,
                                                                                                        "Hash Batches": 1,
                                                                                                        "Original Hash Batches": 1,
                                                                                                        "Peak Memory Usage": 1428,
                                                                                                        "Plans": [
                                                                                                            {
                                                                                                                "Node Type": "Seq Scan",
                                                                                                                "Parent Relationship": "Outer",
                                                                                                                "Parallel Aware": false,
                                                                                                                "Relation Name": "movie_link",
                                                                                                                "Schema": "public",
                                                                                                                "Alias": "ml",
                                                                                                                "Startup Cost": 10000000000.0,
                                                                                                                "Total Cost": 10000000462.97,
                                                                                                                "Plan Rows": 29997,
                                                                                                                "Plan Width": 8,
                                                                                                                "Actual Startup Time": 0.013,
                                                                                                                "Actual Total Time": 4.36,
                                                                                                                "Actual Rows": 29997,
                                                                                                                "Actual Loops": 1,
                                                                                                                "Output": [
                                                                                                                    "ml.link_type_id",
                                                                                                                    "ml.movie_id"
                                                                                                                ]
                                                                                                            }
                                                                                                        ]
                                                                                                    }
                                                                                                ]
                                                                                            },
                                                                                            {
                                                                                                "Node Type": "Bitmap Heap Scan",
                                                                                                "Parent Relationship": "Inner",
                                                                                                "Parallel Aware": false,
                                                                                                "Relation Name": "movie_info",
                                                                                                "Schema": "public",
                                                                                                "Alias": "mi",
                                                                                                "Startup Cost": 3.86,
                                                                                                "Total Cost": 28.68,
                                                                                                "Plan Rows": 2,
                                                                                                "Plan Width": 4,
                                                                                                "Actual Startup Time": 0.019,
                                                                                                "Actual Total Time": 0.02,
                                                                                                "Actual Rows": 1,
                                                                                                "Actual Loops": 2315,
                                                                                                "Output": [
                                                                                                    "mi.id",
                                                                                                    "mi.movie_id",
                                                                                                    "mi.info_type_id",
                                                                                                    "mi.info",
                                                                                                    "mi.note"
                                                                                                ],
                                                                                                "Recheck Cond": "(mi.movie_id = ml.movie_id)",
                                                                                                "Rows Removed by Index Recheck": 0,
                                                                                                "Filter": "(mi.info = ANY ('{American,Norwegian,Denmark,English,Bulgaria,German,America,Swedish,Sweden}'::text[]))",
                                                                                                "Rows Removed by Filter": 17,
                                                                                                "Exact Heap Blocks": 20517,
                                                                                                "Lossy Heap Blocks": 0,
                                                                                                "Plans": [
                                                                                                    {
                                                                                                        "Node Type": "Bitmap Index Scan",
                                                                                                        "Parent Relationship": "Outer",
                                                                                                        "Parallel Aware": false,
                                                                                                        "Index Name": "movie_id_movie_info",
                                                                                                        "Startup Cost": 0.0,
                                                                                                        "Total Cost": 3.86,
                                                                                                        "Plan Rows": 39,
                                                                                                        "Plan Width": 0,
                                                                                                        "Actual Startup Time": 0.005,
                                                                                                        "Actual Total Time": 0.005,
                                                                                                        "Actual Rows": 19,
                                                                                                        "Actual Loops": 2315,
                                                                                                        "Index Cond": "(mi.movie_id = ml.movie_id)"
                                                                                                    }
                                                                                                ]
                                                                                            }
                                                                                        ]
                                                                                    }
                                                                                ]
                                                                            }
                                                                        ]
                                                                    },
                                                                    {
                                                                        "Node Type": "Bitmap Heap Scan",
                                                                        "Parent Relationship": "Inner",
                                                                        "Parallel Aware": false,
                                                                        "Relation Name": "company_name",
                                                                        "Schema": "public",
                                                                        "Alias": "cn",
                                                                        "Startup Cost": 0.43,
                                                                        "Total Cost": 4.45,
                                                                        "Plan Rows": 1,
                                                                        "Plan Width": 23,
                                                                        "Actual Startup Time": 0.005,
                                                                        "Actual Total Time": 0.005,
                                                                        "Actual Rows": 0,
                                                                        "Actual Loops": 8299,
                                                                        "Output": [
                                                                            "cn.id",
                                                                            "cn.name",
                                                                            "cn.country_code",
                                                                            "cn.imdb_id",
                                                                            "cn.name_pcode_nf",
                                                                            "cn.name_pcode_sf",
                                                                            "cn.md5sum"
                                                                        ],
                                                                        "Recheck Cond": "(cn.id = mc.company_id)",
                                                                        "Rows Removed by Index Recheck": 0,
                                                                        "Filter": "(((cn.country_code)::text <> '[pl]'::text) AND ((cn.name ~~ '%Film%'::text) OR (cn.name ~~ '%Warner%'::text)))",
                                                                        "Rows Removed by Filter": 1,
                                                                        "Exact Heap Blocks": 8299,
                                                                        "Lossy Heap Blocks": 0,
                                                                        "Plans": [
                                                                            {
                                                                                "Node Type": "Bitmap Index Scan",
                                                                                "Parent Relationship": "Outer",
                                                                                "Parallel Aware": false,
                                                                                "Index Name": "company_name_pkey",
                                                                                "Startup Cost": 0.0,
                                                                                "Total Cost": 0.43,
                                                                                "Plan Rows": 1,
                                                                                "Plan Width": 0,
                                                                                "Actual Startup Time": 0.003,
                                                                                "Actual Total Time": 0.003,
                                                                                "Actual Rows": 1,
                                                                                "Actual Loops": 8299,
                                                                                "Index Cond": "(cn.id = mc.company_id)"
                                                                            }
                                                                        ]
                                                                    }
                                                                ]
                                                            }
                                                        ]
                                                    }
                                                ]
                                            },
                                            {
                                                "Node Type": "Hash",
                                                "Parent Relationship": "Inner",
                                                "Parallel Aware": false,
                                                "Startup Cost": 10000002626.12,
                                                "Total Cost": 10000002626.12,
                                                "Plan Rows": 1,
                                                "Plan Width": 4,
                                                "Actual Startup Time": 18.914,
                                                "Actual Total Time": 18.914,
                                                "Actual Rows": 1,
                                                "Actual Loops": 1,
                                                "Output": [
                                                    "k.id"
                                                ],
                                                "Hash Buckets": 1024,
                                                "Original Hash Buckets": 1024,
                                                "Hash Batches": 1,
                                                "Original Hash Batches": 1,
                                                "Peak Memory Usage": 9,
                                                "Plans": [
                                                    {
                                                        "Node Type": "Seq Scan",
                                                        "Parent Relationship": "Outer",
                                                        "Parallel Aware": false,
                                                        "Relation Name": "keyword",
                                                        "Schema": "public",
                                                        "Alias": "k",
                                                        "Startup Cost": 10000000000.0,
                                                        "Total Cost": 10000002626.12,
                                                        "Plan Rows": 1,
                                                        "Plan Width": 4,
                                                        "Actual Startup Time": 1.392,
                                                        "Actual Total Time": 18.907,
                                                        "Actual Rows": 1,
                                                        "Actual Loops": 1,
                                                        "Output": [
                                                            "k.id"
                                                        ],
                                                        "Filter": "(k.keyword = 'sequel'::text)",
                                                        "Rows Removed by Filter": 134169
                                                    }
                                                ]
                                            }
                                        ]
                                    }
                                ]
                            }
                        ]
                    },
                    {
                        "Node Type": "Bitmap Heap Scan",
                        "Parent Relationship": "Inner",
                        "Parallel Aware": false,
                        "Relation Name": "company_type",
                        "Schema": "public",
                        "Alias": "ct",
                        "Startup Cost": 0.14,
                        "Total Cost": 4.15,
                        "Plan Rows": 1,
                        "Plan Width": 4,
                        "Actual Startup Time": 0.0,
                        "Actual Total Time": 0.0,
                        "Actual Rows": 0,
                        "Actual Loops": 0,
                        "Output": [
                            "ct.id",
                            "ct.kind"
                        ],
                        "Recheck Cond": "(ct.id = mc.company_type_id)",
                        "Rows Removed by Index Recheck": 0,
                        "Filter": "((ct.kind)::text = 'production companies'::text)",
                        "Rows Removed by Filter": 0,
                        "Exact Heap Blocks": 0,
                        "Lossy Heap Blocks": 0,
                        "Plans": [
                            {
                                "Node Type": "Bitmap Index Scan",
                                "Parent Relationship": "Outer",
                                "Parallel Aware": false,
                                "Index Name": "company_type_pkey",
                                "Startup Cost": 0.0,
                                "Total Cost": 0.14,
                                "Plan Rows": 1,
                                "Plan Width": 0,
                                "Actual Startup Time": 0.0,
                                "Actual Total Time": 0.0,
                                "Actual Rows": 0,
                                "Actual Loops": 0,
                                "Index Cond": "(ct.id = mc.company_type_id)"
                            }
                        ]
                    }
                ]
            }
        ]
    },
    "Planning Time": 12.305,
    "Triggers": [],
    "Execution Time": 1306.836
}