[
  {
    "Plan": {
      "Node Type": "Aggregate",
      "Strategy": "Plain",
      "Partial Mode": "Finalize",
      "Parallel Aware": false,
      "Startup Cost": 46257.05,
      "Total Cost": 46257.06,
      "Plan Rows": 1,
      "Plan Width": 8,
      "Actual Startup Time": 162.543,
      "Actual Total Time": 172.11,
      "Actual Rows": 1,
      "Actual Loops": 1,
      "Plans": [
        {
          "Node Type": "Gather",
          "Parent Relationship": "Outer",
          "Parallel Aware": false,
          "Startup Cost": 46256.74,
          "Total Cost": 46257.05,
          "Plan Rows": 3,
          "Plan Width": 8,
          "Actual Startup Time": 162.458,
          "Actual Total Time": 172.104,
          "Actual Rows": 4,
          "Actual Loops": 1,
          "Workers Planned": 3,
          "Workers Launched": 3,
          "Single Copy": false,
          "Plans": [
            {
              "Node Type": "Aggregate",
              "Strategy": "Plain",
              "Partial Mode": "Partial",
              "Parent Relationship": "Outer",
              "Parallel Aware": false,
              "Startup Cost": 45256.74,
              "Total Cost": 45256.75,
              "Plan Rows": 1,
              "Plan Width": 8,
              "Actual Startup Time": 156.155,
              "Actual Total Time": 156.156,
              "Actual Rows": 1,
              "Actual Loops": 4,
              "Plans": [
                {
                  "Node Type": "Seq Scan",
                  "Parent Relationship": "Outer",
                  "Parallel Aware": true,
                  "Relation Name": "movie_keyword",
                  "Alias": "mk",
                  "Startup Cost": 0.0,
                  "Total Cost": 42695.65,
                  "Plan Rows": 1024433,
                  "Plan Width": 0,
                  "Actual Startup Time": 0.05,
                  "Actual Total Time": 120.508,
                  "Actual Rows": 792773,
                  "Actual Loops": 4,
                  "Filter": "(keyword_id < 12482)",
                  "Rows Removed by Filter": 338210
                }
              ]
            }
          ]
        }
      ]
    },
    "Planning Time": 0.148,
    "Triggers": [],
    "Execution Time": 172.156
  }
]