[
  {
    "Plan": {
      "Node Type": "Aggregate",
      "Strategy": "Plain",
      "Partial Mode": "Finalize",
      "Parallel Aware": false,
      "Startup Cost": 79815.94,
      "Total Cost": 79815.95,
      "Plan Rows": 1,
      "Plan Width": 8,
      "Actual Startup Time": 201.449,
      "Actual Total Time": 217.27,
      "Actual Rows": 1,
      "Actual Loops": 1,
      "Plans": [
        {
          "Node Type": "Gather",
          "Parent Relationship": "Outer",
          "Parallel Aware": false,
          "Startup Cost": 79815.52,
          "Total Cost": 79815.93,
          "Plan Rows": 4,
          "Plan Width": 8,
          "Actual Startup Time": 200.357,
          "Actual Total Time": 217.262,
          "Actual Rows": 5,
          "Actual Loops": 1,
          "Workers Planned": 4,
          "Workers Launched": 4,
          "Single Copy": false,
          "Plans": [
            {
              "Node Type": "Aggregate",
              "Strategy": "Plain",
              "Partial Mode": "Partial",
              "Parent Relationship": "Outer",
              "Parallel Aware": false,
              "Startup Cost": 78815.52,
              "Total Cost": 78815.53,
              "Plan Rows": 1,
              "Plan Width": 8,
              "Actual Startup Time": 191.274,
              "Actual Total Time": 191.277,
              "Actual Rows": 1,
              "Actual Loops": 5,
              "Plans": [
                {
                  "Node Type": "Hash Join",
                  "Parent Relationship": "Outer",
                  "Parallel Aware": true,
                  "Join Type": "Inner",
                  "Startup Cost": 32832.98,
                  "Total Cost": 78595.71,
                  "Plan Rows": 87926,
                  "Plan Width": 0,
                  "Actual Startup Time": 152.79,
                  "Actual Total Time": 190.815,
                  "Actual Rows": 8689,
                  "Actual Loops": 5,
                  "Inner Unique": false,
                  "Hash Cond": "(t.id = mc.movie_id)",
                  "Plans": [
                    {
                      "Node Type": "Seq Scan",
                      "Parent Relationship": "Outer",
                      "Parallel Aware": true,
                      "Relation Name": "title",
                      "Alias": "t",
                      "Startup Cost": 0.0,
                      "Total Cost": 42318.73,
                      "Plan Rows": 632073,
                      "Plan Width": 4,
                      "Actual Startup Time": 0.012,
                      "Actual Total Time": 63.11,
                      "Actual Rows": 505662,
                      "Actual Loops": 5
                    },
                    {
                      "Node Type": "Hash",
                      "Parent Relationship": "Inner",
                      "Parallel Aware": true,
                      "Startup Cost": 31414.82,
                      "Total Cost": 31414.82,
                      "Plan Rows": 113453,
                      "Plan Width": 4,
                      "Actual Startup Time": 70.218,
                      "Actual Total Time": 70.219,
                      "Actual Rows": 8689,
                      "Actual Loops": 5,
                      "Hash Buckets": 524288,
                      "Original Hash Buckets": 524288,
                      "Hash Batches": 1,
                      "Original Hash Batches": 1,
                      "Peak Memory Usage": 5888,
                      "Plans": [
                        {
                          "Node Type": "Seq Scan",
                          "Parent Relationship": "Outer",
                          "Parallel Aware": true,
                          "Relation Name": "movie_companies",
                          "Alias": "mc",
                          "Startup Cost": 0.0,
                          "Total Cost": 31414.82,
                          "Plan Rows": 113453,
                          "Plan Width": 4,
                          "Actual Startup Time": 28.258,
                          "Actual Total Time": 65.271,
                          "Actual Rows": 8689,
                          "Actual Loops": 5,
                          "Filter": "((company_id > 40745) AND (company_type_id < 2))",
                          "Rows Removed by Filter": 513137
                        }
                      ]
                    }
                  ]
                }
              ]
            }
          ]
        }
      ]
    },
    "Planning Time": 0.614,
    "Triggers": [],
    "Execution Time": 217.337
  }
]