[
  {
    "Plan": {
      "Node Type": "Aggregate",
      "Strategy": "Plain",
      "Partial Mode": "Finalize",
      "Parallel Aware": false,
      "Startup Cost": 132370.4,
      "Total Cost": 132370.41,
      "Plan Rows": 1,
      "Plan Width": 8,
      "Actual Startup Time": 1009.88,
      "Actual Total Time": 1034.806,
      "Actual Rows": 1,
      "Actual Loops": 1,
      "Plans": [
        {
          "Node Type": "Gather",
          "Parent Relationship": "Outer",
          "Parallel Aware": false,
          "Startup Cost": 132370.09,
          "Total Cost": 132370.4,
          "Plan Rows": 3,
          "Plan Width": 8,
          "Actual Startup Time": 996.387,
          "Actual Total Time": 1034.796,
          "Actual Rows": 4,
          "Actual Loops": 1,
          "Workers Planned": 3,
          "Workers Launched": 3,
          "Single Copy": false,
          "Plans": [
            {
              "Node Type": "Aggregate",
              "Strategy": "Plain",
              "Partial Mode": "Partial",
              "Parent Relationship": "Outer",
              "Parallel Aware": false,
              "Startup Cost": 131370.09,
              "Total Cost": 131370.1,
              "Plan Rows": 1,
              "Plan Width": 8,
              "Actual Startup Time": 990.111,
              "Actual Total Time": 990.601,
              "Actual Rows": 1,
              "Actual Loops": 4,
              "Plans": [
                {
                  "Node Type": "Hash Join",
                  "Parent Relationship": "Outer",
                  "Parallel Aware": true,
                  "Join Type": "Inner",
                  "Startup Cost": 83534.26,
                  "Total Cost": 130942.96,
                  "Plan Rows": 170851,
                  "Plan Width": 0,
                  "Actual Startup Time": 648.023,
                  "Actual Total Time": 945.512,
                  "Actual Rows": 902994,
                  "Actual Loops": 4,
                  "Inner Unique": false,
                  "Hash Cond": "(mk.movie_id = t.id)",
                  "Plans": [
                    {
                      "Node Type": "Seq Scan",
                      "Parent Relationship": "Outer",
                      "Parallel Aware": true,
                      "Relation Name": "movie_keyword",
                      "Alias": "mk",
                      "Startup Cost": 0.0,
                      "Total Cost": 42695.65,
                      "Plan Rows": 1109843,
                      "Plan Width": 4,
                      "Actual Startup Time": 0.1,
                      "Actual Total Time": 129.23,
                      "Actual Rows": 858686,
                      "Actual Loops": 4,
                      "Filter": "(keyword_id > 1114)",
                      "Rows Removed by Filter": 272297
                    },
                    {
                      "Node Type": "Hash",
                      "Parent Relationship": "Inner",
                      "Parallel Aware": true,
                      "Startup Cost": 81964.79,
                      "Total Cost": 81964.79,
                      "Plan Rows": 125558,
                      "Plan Width": 8,
                      "Actual Startup Time": 644.68,
                      "Actual Total Time": 645.168,
                      "Actual Rows": 175335,
                      "Actual Loops": 4,
                      "Hash Buckets": 1048576,
                      "Original Hash Buckets": 524288,
                      "Hash Batches": 1,
                      "Original Hash Batches": 1,
                      "Peak Memory Usage": 39776,
                      "Plans": [
                        {
                          "Node Type": "Hash Join",
                          "Parent Relationship": "Outer",
                          "Parallel Aware": true,
                          "Join Type": "Inner",
                          "Startup Cost": 50220.38,
                          "Total Cost": 81964.79,
                          "Plan Rows": 125558,
                          "Plan Width": 8,
                          "Actual Startup Time": 427.888,
                          "Actual Total Time": 564.54,
                          "Actual Rows": 175335,
                          "Actual Loops": 4,
                          "Inner Unique": true,
                          "Hash Cond": "(mc.movie_id = t.id)",
                          "Plans": [
                            {
                              "Node Type": "Seq Scan",
                              "Parent Relationship": "Outer",
                              "Parallel Aware": true,
                              "Relation Name": "movie_companies",
                              "Alias": "mc",
                              "Startup Cost": 0.0,
                              "Total Cost": 31414.82,
                              "Plan Rows": 125558,
                              "Plan Width": 4,
                              "Actual Startup Time": 33.538,
                              "Actual Total Time": 78.057,
                              "Actual Rows": 175335,
                              "Actual Loops": 4,
                              "Filter": "((company_id > 36161) AND (company_type_id > 1))",
                              "Rows Removed by Filter": 476948
                            },
                            {
                              "Node Type": "Hash",
                              "Parent Relationship": "Inner",
                              "Parallel Aware": true,
                              "Startup Cost": 42319.06,
                              "Total Cost": 42319.06,
                              "Plan Rows": 632106,
                              "Plan Width": 4,
                              "Actual Startup Time": 385.668,
                              "Actual Total Time": 385.67,
                              "Actual Rows": 632078,
                              "Actual Loops": 4,
                              "Hash Buckets": 4194304,
                              "Original Hash Buckets": 4194304,
                              "Hash Batches": 1,
                              "Original Hash Batches": 1,
                              "Peak Memory Usage": 131744,
                              "Plans": [
                                {
                                  "Node Type": "Seq Scan",
                                  "Parent Relationship": "Outer",
                                  "Parallel Aware": true,
                                  "Relation Name": "title",
                                  "Alias": "t",
                                  "Startup Cost": 0.0,
                                  "Total Cost": 42319.06,
                                  "Plan Rows": 632106,
                                  "Plan Width": 4,
                                  "Actual Startup Time": 0.058,
                                  "Actual Total Time": 109.589,
                                  "Actual Rows": 632078,
                                  "Actual Loops": 4
                                }
                              ]
                            }
                          ]
                        }
                      ]
                    }
                  ]
                }
              ]
            }
          ]
        }
      ]
    },
    "Planning Time": 0.913,
    "Triggers": [],
    "Execution Time": 1034.874
  }
]