[
  {
    "Plan": {
      "Node Type": "Aggregate",
      "Strategy": "Plain",
      "Partial Mode": "Finalize",
      "Parallel Aware": false,
      "Startup Cost": 46886.95,
      "Total Cost": 46886.96,
      "Plan Rows": 1,
      "Plan Width": 8,
      "Actual Startup Time": 172.813,
      "Actual Total Time": 182.268,
      "Actual Rows": 1,
      "Actual Loops": 1,
      "Plans": [
        {
          "Node Type": "Gather",
          "Parent Relationship": "Outer",
          "Parallel Aware": false,
          "Startup Cost": 46886.63,
          "Total Cost": 46886.94,
          "Plan Rows": 3,
          "Plan Width": 8,
          "Actual Startup Time": 172.694,
          "Actual Total Time": 182.259,
          "Actual Rows": 4,
          "Actual Loops": 1,
          "Workers Planned": 3,
          "Workers Launched": 3,
          "Single Copy": false,
          "Plans": [
            {
              "Node Type": "Aggregate",
              "Strategy": "Plain",
              "Partial Mode": "Partial",
              "Parent Relationship": "Outer",
              "Parallel Aware": false,
              "Startup Cost": 45886.63,
              "Total Cost": 45886.64,
              "Plan Rows": 1,
              "Plan Width": 8,
              "Actual Startup Time": 166.588,
              "Actual Total Time": 166.59,
              "Actual Rows": 1,
              "Actual Loops": 4,
              "Plans": [
                {
                  "Node Type": "Seq Scan",
                  "Parent Relationship": "Outer",
                  "Parallel Aware": true,
                  "Relation Name": "movie_keyword",
                  "Alias": "mk",
                  "Startup Cost": 0.0,
                  "Total Cost": 42695.65,
                  "Plan Rows": 1276390,
                  "Plan Width": 0,
                  "Actual Startup Time": 0.063,
                  "Actual Total Time": 122.059,
                  "Actual Rows": 985612,
                  "Actual Loops": 4,
                  "Filter": "(keyword_id > 411)",
                  "Rows Removed by Filter": 145370
                }
              ]
            }
          ]
        }
      ]
    },
    "Planning Time": 0.182,
    "Triggers": [],
    "Execution Time": 182.331
  }
]