[
  {
    "Plan": {
      "Node Type": "Aggregate",
      "Strategy": "Plain",
      "Partial Mode": "Finalize",
      "Parallel Aware": false,
      "Startup Cost": 344098.71,
      "Total Cost": 344098.72,
      "Plan Rows": 1,
      "Plan Width": 8,
      "Actual Startup Time": 860.053,
      "Actual Total Time": 908.312,
      "Actual Rows": 1,
      "Actual Loops": 1,
      "Plans": [
        {
          "Node Type": "Gather",
          "Parent Relationship": "Outer",
          "Parallel Aware": false,
          "Startup Cost": 344098.09,
          "Total Cost": 344098.7,
          "Plan Rows": 6,
          "Plan Width": 8,
          "Actual Startup Time": 859.882,
          "Actual Total Time": 908.3,
          "Actual Rows": 7,
          "Actual Loops": 1,
          "Workers Planned": 6,
          "Workers Launched": 6,
          "Single Copy": false,
          "Plans": [
            {
              "Node Type": "Aggregate",
              "Strategy": "Plain",
              "Partial Mode": "Partial",
              "Parent Relationship": "Outer",
              "Parallel Aware": false,
              "Startup Cost": 343098.09,
              "Total Cost": 343098.1,
              "Plan Rows": 1,
              "Plan Width": 8,
              "Actual Startup Time": 853.777,
              "Actual Total Time": 853.778,
              "Actual Rows": 1,
              "Actual Loops": 7,
              "Plans": [
                {
                  "Node Type": "Seq Scan",
                  "Parent Relationship": "Outer",
                  "Parallel Aware": true,
                  "Relation Name": "cast_info",
                  "Alias": "ci",
                  "Startup Cost": 0.0,
                  "Total Cost": 328211.39,
                  "Plan Rows": 5954679,
                  "Plan Width": 0,
                  "Actual Startup Time": 11.023,
                  "Actual Total Time": 625.276,
                  "Actual Rows": 5099380,
                  "Actual Loops": 7,
                  "Filter": "(person_id > 59956)",
                  "Rows Removed by Filter": 78383
                }
              ]
            }
          ]
        }
      ]
    },
    "Planning Time": 0.186,
    "Triggers": [],
    "Execution Time": 908.38
  }
]