[
  {
    "Plan": {
      "Node Type": "Aggregate",
      "Strategy": "Plain",
      "Partial Mode": "Finalize",
      "Parallel Aware": false,
      "Startup Cost": 109040.85,
      "Total Cost": 109040.86,
      "Plan Rows": 1,
      "Plan Width": 8,
      "Actual Startup Time": 393.36,
      "Actual Total Time": 414.047,
      "Actual Rows": 1,
      "Actual Loops": 1,
      "Plans": [
        {
          "Node Type": "Gather",
          "Parent Relationship": "Outer",
          "Parallel Aware": false,
          "Startup Cost": 109040.53,
          "Total Cost": 109040.84,
          "Plan Rows": 3,
          "Plan Width": 8,
          "Actual Startup Time": 391.118,
          "Actual Total Time": 414.036,
          "Actual Rows": 4,
          "Actual Loops": 1,
          "Workers Planned": 3,
          "Workers Launched": 3,
          "Single Copy": false,
          "Plans": [
            {
              "Node Type": "Aggregate",
              "Strategy": "Plain",
              "Partial Mode": "Partial",
              "Parent Relationship": "Outer",
              "Parallel Aware": false,
              "Startup Cost": 108040.53,
              "Total Cost": 108040.54,
              "Plan Rows": 1,
              "Plan Width": 8,
              "Actual Startup Time": 384.238,
              "Actual Total Time": 384.311,
              "Actual Rows": 1,
              "Actual Loops": 4,
              "Plans": [
                {
                  "Node Type": "Hash Join",
                  "Parent Relationship": "Outer",
                  "Parallel Aware": true,
                  "Join Type": "Inner",
                  "Startup Cost": 62711.96,
                  "Total Cost": 107993.08,
                  "Plan Rows": 18981,
                  "Plan Width": 0,
                  "Actual Startup Time": 219.955,
                  "Actual Total Time": 380.449,
                  "Actual Rows": 80244,
                  "Actual Loops": 4,
                  "Inner Unique": false,
                  "Hash Cond": "(mk.movie_id = t.id)",
                  "Plans": [
                    {
                      "Node Type": "Seq Scan",
                      "Parent Relationship": "Outer",
                      "Parallel Aware": true,
                      "Relation Name": "movie_keyword",
                      "Alias": "mk",
                      "Startup Cost": 0.0,
                      "Total Cost": 42695.65,
                      "Plan Rows": 668367,
                      "Plan Width": 4,
                      "Actual Startup Time": 0.396,
                      "Actual Total Time": 109.716,
                      "Actual Rows": 513280,
                      "Actual Loops": 4,
                      "Filter": "(keyword_id > 5952)",
                      "Rows Removed by Filter": 617703
                    },
                    {
                      "Node Type": "Hash",
                      "Parent Relationship": "Inner",
                      "Parallel Aware": true,
                      "Startup Cost": 62337.98,
                      "Total Cost": 62337.98,
                      "Plan Rows": 29918,
                      "Plan Width": 8,
                      "Actual Startup Time": 218.331,
                      "Actual Total Time": 218.402,
                      "Actual Rows": 22922,
                      "Actual Loops": 4,
                      "Hash Buckets": 131072,
                      "Original Hash Buckets": 131072,
                      "Hash Batches": 1,
                      "Original Hash Batches": 1,
                      "Peak Memory Usage": 4672,
                      "Plans": [
                        {
                          "Node Type": "Hash Join",
                          "Parent Relationship": "Outer",
                          "Parallel Aware": true,
                          "Join Type": "Inner",
                          "Startup Cost": 46711.66,
                          "Total Cost": 62337.98,
                          "Plan Rows": 29918,
                          "Plan Width": 8,
                          "Actual Startup Time": 143.082,
                          "Actual Total Time": 211.133,
                          "Actual Rows": 22922,
                          "Actual Loops": 4,
                          "Inner Unique": true,
                          "Hash Cond": "(mi_idx.movie_id = t.id)",
                          "Plans": [
                            {
                              "Node Type": "Seq Scan",
                              "Parent Relationship": "Outer",
                              "Parallel Aware": true,
                              "Relation Name": "movie_info_idx",
                              "Alias": "mi_idx",
                              "Startup Cost": 0.0,
                              "Total Cost": 15122.68,
                              "Plan Rows": 191863,
                              "Plan Width": 4,
                              "Actual Startup Time": 0.011,
                              "Actual Total Time": 35.817,
                              "Actual Rows": 114981,
                              "Actual Loops": 4,
                              "Filter": "(info_type_id = 100)",
                              "Rows Removed by Filter": 230028
                            },
                            {
                              "Node Type": "Hash",
                              "Parent Relationship": "Inner",
                              "Parallel Aware": true,
                              "Startup Cost": 45479.59,
                              "Total Cost": 45479.59,
                              "Plan Rows": 98566,
                              "Plan Width": 4,
                              "Actual Startup Time": 141.233,
                              "Actual Total Time": 141.234,
                              "Actual Rows": 83998,
                              "Actual Loops": 4,
                              "Hash Buckets": 524288,
                              "Original Hash Buckets": 524288,
                              "Hash Batches": 1,
                              "Original Hash Batches": 1,
                              "Peak Memory Usage": 17280,
                              "Plans": [
                                {
                                  "Node Type": "Seq Scan",
                                  "Parent Relationship": "Outer",
                                  "Parallel Aware": true,
                                  "Relation Name": "title",
                                  "Alias": "t",
                                  "Startup Cost": 0.0,
                                  "Total Cost": 45479.59,
                                  "Plan Rows": 98566,
                                  "Plan Width": 4,
                                  "Actual Startup Time": 0.046,
                                  "Actual Total Time": 106.915,
                                  "Actual Rows": 83998,
                                  "Actual Loops": 4,
                                  "Filter": "((kind_id < 7) AND (production_year > 2005))",
                                  "Rows Removed by Filter": 548080
                                }
                              ]
                            }
                          ]
                        }
                      ]
                    }
                  ]
                }
              ]
            }
          ]
        }
      ]
    },
    "Planning Time": 0.681,
    "Triggers": [],
    "Execution Time": 414.096
  }
]