[
  {
    "Plan": {
      "Node Type": "Aggregate",
      "Strategy": "Plain",
      "Partial Mode": "Finalize",
      "Parallel Aware": false,
      "Startup Cost": 30956.38,
      "Total Cost": 30956.39,
      "Plan Rows": 1,
      "Plan Width": 8,
      "Actual Startup Time": 97.12,
      "Actual Total Time": 104.498,
      "Actual Rows": 1,
      "Actual Loops": 1,
      "Plans": [
        {
          "Node Type": "Gather",
          "Parent Relationship": "Outer",
          "Parallel Aware": false,
          "Startup Cost": 30956.06,
          "Total Cost": 30956.37,
          "Plan Rows": 3,
          "Plan Width": 8,
          "Actual Startup Time": 96.976,
          "Actual Total Time": 104.488,
          "Actual Rows": 4,
          "Actual Loops": 1,
          "Workers Planned": 3,
          "Workers Launched": 3,
          "Single Copy": false,
          "Plans": [
            {
              "Node Type": "Aggregate",
              "Strategy": "Plain",
              "Partial Mode": "Partial",
              "Parent Relationship": "Outer",
              "Parallel Aware": false,
              "Startup Cost": 29956.06,
              "Total Cost": 29956.07,
              "Plan Rows": 1,
              "Plan Width": 8,
              "Actual Startup Time": 88.564,
              "Actual Total Time": 88.565,
              "Actual Rows": 1,
              "Actual Loops": 4,
              "Plans": [
                {
                  "Node Type": "Seq Scan",
                  "Parent Relationship": "Outer",
                  "Parallel Aware": true,
                  "Relation Name": "movie_companies",
                  "Alias": "mc",
                  "Startup Cost": 0.0,
                  "Total Cost": 29310.68,
                  "Plan Rows": 258153,
                  "Plan Width": 0,
                  "Actual Startup Time": 20.912,
                  "Actual Total Time": 78.947,
                  "Actual Rows": 197578,
                  "Actual Loops": 4,
                  "Filter": "(company_id > 31674)",
                  "Rows Removed by Filter": 454704
                }
              ]
            }
          ]
        }
      ]
    },
    "Planning Time": 0.083,
    "Triggers": [],
    "Execution Time": 104.526
  }
]