[
  {
    "Plan": {
      "Node Type": "Aggregate",
      "Strategy": "Plain",
      "Partial Mode": "Finalize",
      "Parallel Aware": false,
      "Startup Cost": 234840.07,
      "Total Cost": 234840.08,
      "Plan Rows": 1,
      "Plan Width": 8,
      "Actual Startup Time": 2545.689,
      "Actual Total Time": 2596.377,
      "Actual Rows": 1,
      "Actual Loops": 1,
      "Plans": [
        {
          "Node Type": "Gather",
          "Parent Relationship": "Outer",
          "Parallel Aware": false,
          "Startup Cost": 234839.75,
          "Total Cost": 234840.06,
          "Plan Rows": 3,
          "Plan Width": 8,
          "Actual Startup Time": 2544.439,
          "Actual Total Time": 2596.368,
          "Actual Rows": 4,
          "Actual Loops": 1,
          "Workers Planned": 3,
          "Workers Launched": 3,
          "Single Copy": false,
          "Plans": [
            {
              "Node Type": "Aggregate",
              "Strategy": "Plain",
              "Partial Mode": "Partial",
              "Parent Relationship": "Outer",
              "Parallel Aware": false,
              "Startup Cost": 233839.75,
              "Total Cost": 233839.76,
              "Plan Rows": 1,
              "Plan Width": 8,
              "Actual Startup Time": 2536.808,
              "Actual Total Time": 2536.811,
              "Actual Rows": 1,
              "Actual Loops": 4,
              "Plans": [
                {
                  "Node Type": "Nested Loop",
                  "Parent Relationship": "Outer",
                  "Parallel Aware": false,
                  "Join Type": "Inner",
                  "Startup Cost": 46015.65,
                  "Total Cost": 233644.9,
                  "Plan Rows": 77941,
                  "Plan Width": 0,
                  "Actual Startup Time": 203.479,
                  "Actual Total Time": 2518.943,
                  "Actual Rows": 186068,
                  "Actual Loops": 4,
                  "Inner Unique": false,
                  "Join Filter": "(t.id = mi.movie_id)",
                  "Rows Removed by Join Filter": 0,
                  "Plans": [
                    {
                      "Node Type": "Hash Join",
                      "Parent Relationship": "Outer",
                      "Parallel Aware": true,
                      "Join Type": "Inner",
                      "Startup Cost": 46015.21,
                      "Total Cost": 92276.23,
                      "Plan Rows": 92074,
                      "Plan Width": 8,
                      "Actual Startup Time": 203.322,
                      "Actual Total Time": 472.614,
                      "Actual Rows": 89908,
                      "Actual Loops": 4,
                      "Inner Unique": true,
                      "Hash Cond": "(mk.movie_id = t.id)",
                      "Plans": [
                        {
                          "Node Type": "Seq Scan",
                          "Parent Relationship": "Outer",
                          "Parallel Aware": true,
                          "Relation Name": "movie_keyword",
                          "Alias": "mk",
                          "Startup Cost": 0.0,
                          "Total Cost": 42695.65,
                          "Plan Rows": 1358232,
                          "Plan Width": 4,
                          "Actual Startup Time": 0.04,
                          "Actual Total Time": 177.773,
                          "Actual Rows": 1053360,
                          "Actual Loops": 4,
                          "Filter": "(keyword_id > 245)",
                          "Rows Removed by Filter": 77622
                        },
                        {
                          "Node Type": "Hash",
                          "Parent Relationship": "Inner",
                          "Parallel Aware": true,
                          "Startup Cost": 45479.59,
                          "Total Cost": 45479.59,
                          "Plan Rows": 42850,
                          "Plan Width": 4,
                          "Actual Startup Time": 147.86,
                          "Actual Total Time": 147.86,
                          "Actual Rows": 40072,
                          "Actual Loops": 4,
                          "Hash Buckets": 262144,
                          "Original Hash Buckets": 262144,
                          "Hash Batches": 1,
                          "Original Hash Batches": 1,
                          "Peak Memory Usage": 8384,
                          "Plans": [
                            {
                              "Node Type": "Seq Scan",
                              "Parent Relationship": "Outer",
                              "Parallel Aware": true,
                              "Relation Name": "title",
                              "Alias": "t",
                              "Startup Cost": 0.0,
                              "Total Cost": 45479.59,
                              "Plan Rows": 42850,
                              "Plan Width": 4,
                              "Actual Startup Time": 57.677,
                              "Actual Total Time": 129.465,
                              "Actual Rows": 40072,
                              "Actual Loops": 4,
                              "Filter": "((production_year > 2008) AND (kind_id = 1))",
                              "Rows Removed by Filter": 592006
                            }
                          ]
                        }
                      ]
                    },
                    {
                      "Node Type": "Index Scan",
                      "Parent Relationship": "Inner",
                      "Parallel Aware": false,
                      "Scan Direction": "Forward",
                      "Index Name": "movie_id_movie_info",
                      "Relation Name": "movie_info",
                      "Alias": "mi",
                      "Startup Cost": 0.43,
                      "Total Cost": 1.46,
                      "Plan Rows": 6,
                      "Plan Width": 4,
                      "Actual Startup Time": 0.006,
                      "Actual Total Time": 0.022,
                      "Actual Rows": 2,
                      "Actual Loops": 359633,
                      "Index Cond": "(movie_id = mk.movie_id)",
                      "Rows Removed by Index Recheck": 0,
                      "Filter": "(info_type_id < 3)",
                      "Rows Removed by Filter": 72
                    }
                  ]
                }
              ]
            }
          ]
        }
      ]
    },
    "Planning Time": 1.539,
    "Triggers": [],
    "Execution Time": 2596.484
  }
]