[
  {
    "Plan": {
      "Node Type": "Aggregate",
      "Strategy": "Plain",
      "Partial Mode": "Finalize",
      "Parallel Aware": false,
      "Startup Cost": 102034.7,
      "Total Cost": 102034.71,
      "Plan Rows": 1,
      "Plan Width": 8,
      "Actual Startup Time": 500.611,
      "Actual Total Time": 513.533,
      "Actual Rows": 1,
      "Actual Loops": 1,
      "Plans": [
        {
          "Node Type": "Gather",
          "Parent Relationship": "Outer",
          "Parallel Aware": false,
          "Startup Cost": 102034.48,
          "Total Cost": 102034.69,
          "Plan Rows": 2,
          "Plan Width": 8,
          "Actual Startup Time": 495.662,
          "Actual Total Time": 513.527,
          "Actual Rows": 3,
          "Actual Loops": 1,
          "Workers Planned": 2,
          "Workers Launched": 2,
          "Single Copy": false,
          "Plans": [
            {
              "Node Type": "Aggregate",
              "Strategy": "Plain",
              "Partial Mode": "Partial",
              "Parent Relationship": "Outer",
              "Parallel Aware": false,
              "Startup Cost": 101034.48,
              "Total Cost": 101034.49,
              "Plan Rows": 1,
              "Plan Width": 8,
              "Actual Startup Time": 491.902,
              "Actual Total Time": 491.908,
              "Actual Rows": 1,
              "Actual Loops": 3,
              "Plans": [
                {
                  "Node Type": "Hash Join",
                  "Parent Relationship": "Outer",
                  "Parallel Aware": true,
                  "Join Type": "Inner",
                  "Startup Cost": 84943.35,
                  "Total Cost": 100925.47,
                  "Plan Rows": 43606,
                  "Plan Width": 0,
                  "Actual Startup Time": 381.82,
                  "Actual Total Time": 478.38,
                  "Actual Rows": 335882,
                  "Actual Loops": 3,
                  "Inner Unique": false,
                  "Hash Cond": "(mi_idx.movie_id = t.id)",
                  "Plans": [
                    {
                      "Node Type": "Seq Scan",
                      "Parent Relationship": "Outer",
                      "Parallel Aware": true,
                      "Relation Name": "movie_info_idx",
                      "Alias": "mi_idx",
                      "Startup Cost": 0.0,
                      "Total Cost": 13685.15,
                      "Plan Rows": 575015,
                      "Plan Width": 4,
                      "Actual Startup Time": 0.019,
                      "Actual Total Time": 34.716,
                      "Actual Rows": 460012,
                      "Actual Loops": 3
                    },
                    {
                      "Node Type": "Hash",
                      "Parent Relationship": "Inner",
                      "Parallel Aware": true,
                      "Startup Cost": 84170.22,
                      "Total Cost": 84170.22,
                      "Plan Rows": 61850,
                      "Plan Width": 8,
                      "Actual Startup Time": 370.965,
                      "Actual Total Time": 370.969,
                      "Actual Rows": 139972,
                      "Actual Loops": 3,
                      "Hash Buckets": 524288,
                      "Original Hash Buckets": 262144,
                      "Hash Batches": 1,
                      "Original Hash Batches": 1,
                      "Peak Memory Usage": 22592,
                      "Plans": [
                        {
                          "Node Type": "Hash Join",
                          "Parent Relationship": "Outer",
                          "Parallel Aware": true,
                          "Join Type": "Inner",
                          "Startup Cost": 57340.3,
                          "Total Cost": 84170.22,
                          "Plan Rows": 61850,
                          "Plan Width": 8,
                          "Actual Startup Time": 232.105,
                          "Actual Total Time": 334.639,
                          "Actual Rows": 139972,
                          "Actual Loops": 3,
                          "Inner Unique": true,
                          "Hash Cond": "(mk.movie_id = t.id)",
                          "Plans": [
                            {
                              "Node Type": "Bitmap Heap Scan",
                              "Parent Relationship": "Outer",
                              "Parallel Aware": true,
                              "Relation Name": "movie_keyword",
                              "Alias": "mk",
                              "Startup Cost": 10330.41,
                              "Total Cost": 36747.98,
                              "Plan Rows": 157085,
                              "Plan Width": 4,
                              "Actual Startup Time": 41.583,
                              "Actual Total Time": 99.23,
                              "Actual Rows": 159194,
                              "Actual Loops": 3,
                              "Recheck Cond": "(keyword_id > 37414)",
                              "Rows Removed by Index Recheck": 0,
                              "Exact Heap Blocks": 7872,
                              "Lossy Heap Blocks": 0,
                              "Plans": [
                                {
                                  "Node Type": "Bitmap Index Scan",
                                  "Parent Relationship": "Outer",
                                  "Parallel Aware": false,
                                  "Index Name": "keyword_id_movie_keyword",
                                  "Startup Cost": 0.0,
                                  "Total Cost": 10208.67,
                                  "Plan Rows": 486965,
                                  "Plan Width": 0,
                                  "Actual Startup Time": 38.093,
                                  "Actual Total Time": 38.094,
                                  "Actual Rows": 477583,
                                  "Actual Loops": 1,
                                  "Index Cond": "(keyword_id > 37414)"
                                }
                              ]
                            },
                            {
                              "Node Type": "Hash",
                              "Parent Relationship": "Inner",
                              "Parallel Aware": true,
                              "Startup Cost": 43899.01,
                              "Total Cost": 43899.01,
                              "Plan Rows": 248871,
                              "Plan Width": 4,
                              "Actual Startup Time": 188.103,
                              "Actual Total Time": 188.104,
                              "Actual Rows": 328349,
                              "Actual Loops": 3,
                              "Hash Buckets": 1048576,
                              "Original Hash Buckets": 1048576,
                              "Hash Batches": 1,
                              "Original Hash Batches": 1,
                              "Peak Memory Usage": 46752,
                              "Plans": [
                                {
                                  "Node Type": "Seq Scan",
                                  "Parent Relationship": "Outer",
                                  "Parallel Aware": true,
                                  "Relation Name": "title",
                                  "Alias": "t",
                                  "Startup Cost": 0.0,
                                  "Total Cost": 43899.01,
                                  "Plan Rows": 248871,
                                  "Plan Width": 4,
                                  "Actual Startup Time": 0.012,
                                  "Actual Total Time": 99.317,
                                  "Actual Rows": 328349,
                                  "Actual Loops": 3,
                                  "Filter": "(kind_id < 7)",
                                  "Rows Removed by Filter": 514421
                                }
                              ]
                            }
                          ]
                        }
                      ]
                    }
                  ]
                }
              ]
            }
          ]
        }
      ]
    },
    "Planning Time": 0.485,
    "Triggers": [],
    "Execution Time": 513.582
  }
]