{
  "Plan": {
    "Node Type": "Aggregate",
    "Strategy": "Plain",
    "Partial Mode": "Finalize",
    "Parallel Aware": false,
    "Startup Cost": 136301.95,
    "Total Cost": 136301.96,
    "Plan Rows": 1,
    "Plan Width": 8,
    "Actual Startup Time": 816.66,
    "Actual Total Time": 865.373,
    "Actual Rows": 1,
    "Actual Loops": 1,
    "Plans": [
      {
        "Node Type": "Gather",
        "Parent Relationship": "Outer",
        "Parallel Aware": false,
        "Startup Cost": 136301.84,
        "Total Cost": 136301.95,
        "Plan Rows": 1,
        "Plan Width": 8,
        "Actual Startup Time": 816.265,
        "Actual Total Time": 865.365,
        "Actual Rows": 2,
        "Actual Loops": 1,
        "Workers Planned": 1,
        "Workers Launched": 1,
        "Single Copy": false,
        "Plans": [
          {
            "Node Type": "Aggregate",
            "Strategy": "Plain",
            "Partial Mode": "Partial",
            "Parent Relationship": "Outer",
            "Parallel Aware": false,
            "Startup Cost": 135301.84,
            "Total Cost": 135301.85,
            "Plan Rows": 1,
            "Plan Width": 8,
            "Actual Startup Time": 812.081,
            "Actual Total Time": 812.085,
            "Actual Rows": 1,
            "Actual Loops": 2,
            "Plans": [
              {
                "Node Type": "Nested Loop",
                "Parent Relationship": "Outer",
                "Parallel Aware": false,
                "Join Type": "Inner",
                "Startup Cost": 76227.2,
                "Total Cost": 135016.06,
                "Plan Rows": 114312,
                "Plan Width": 0,
                "Actual Startup Time": 184.807,
                "Actual Total Time": 773.325,
                "Actual Rows": 880076,
                "Actual Loops": 2,
                "Inner Unique": false,
                "Join Filter": "(t.id = ci.movie_id)",
                "Rows Removed by Join Filter": 0,
                "Plans": [
                  {
                    "Node Type": "Hash Join",
                    "Parent Relationship": "Outer",
                    "Parallel Aware": true,
                    "Join Type": "Inner",
                    "Startup Cost": 76226.63,
                    "Total Cost": 110035.93,
                    "Plan Rows": 7978,
                    "Plan Width": 8,
                    "Actual Startup Time": 184.718,
                    "Actual Total Time": 284.312,
                    "Actual Rows": 11228,
                    "Actual Loops": 2,
                    "Inner Unique": true,
                    "Hash Cond": "(mk.movie_id = t.id)",
                    "Plans": [
                      {
                        "Node Type": "Bitmap Heap Scan",
                        "Parent Relationship": "Outer",
                        "Parallel Aware": true,
                        "Relation Name": "movie_keyword",
                        "Alias": "mk",
                        "Startup Cost": 22305.6,
                        "Total Cost": 54491.25,
                        "Plan Rows": 618532,
                        "Plan Width": 4,
                        "Actual Startup Time": 52.65,
                        "Actual Total Time": 139.762,
                        "Actual Rows": 530558,
                        "Actual Loops": 2,
                        "Recheck Cond": "(keyword_id < 1060)",
                        "Rows Removed by Index Recheck": 0,
                        "Exact Heap Blocks": 15438,
                        "Lossy Heap Blocks": 0,
                        "Plans": [
                          {
                            "Node Type": "Bitmap Index Scan",
                            "Parent Relationship": "Outer",
                            "Parallel Aware": false,
                            "Index Name": "keyword_id_movie_keyword",
                            "Startup Cost": 0.0,
                            "Total Cost": 22042.72,
                            "Plan Rows": 1051505,
                            "Plan Width": 0,
                            "Actual Startup Time": 48.916,
                            "Actual Total Time": 48.916,
                            "Actual Rows": 1061117,
                            "Actual Loops": 1,
                            "Index Cond": "(keyword_id < 1060)"
                          }
                        ]
                      },
                      {
                        "Node Type": "Hash",
                        "Parent Relationship": "Inner",
                        "Parallel Aware": true,
                        "Startup Cost": 53681.26,
                        "Total Cost": 53681.26,
                        "Plan Rows": 19182,
                        "Plan Width": 4,
                        "Actual Startup Time": 95.386,
                        "Actual Total Time": 95.387,
                        "Actual Rows": 8886,
                        "Actual Loops": 2,
                        "Hash Buckets": 32768,
                        "Original Hash Buckets": 32768,
                        "Hash Batches": 1,
                        "Original Hash Batches": 1,
                        "Peak Memory Usage": 960,
                        "Plans": [
                          {
                            "Node Type": "Bitmap Heap Scan",
                            "Parent Relationship": "Outer",
                            "Parallel Aware": true,
                            "Relation Name": "title",
                            "Alias": "t",
                            "Startup Cost": 11831.0,
                            "Total Cost": 53681.26,
                            "Plan Rows": 19182,
                            "Plan Width": 4,
                            "Actual Startup Time": 38.28,
                            "Actual Total Time": 92.87,
                            "Actual Rows": 8886,
                            "Actual Loops": 2,
                            "Recheck Cond": "(kind_id = 1)",
                            "Rows Removed by Index Recheck": 0,
                            "Filter": "(production_year = 2007)",
                            "Rows Removed by Filter": 322526,
                            "Exact Heap Blocks": 9482,
                            "Lossy Heap Blocks": 0,
                            "Plans": [
                              {
                                "Node Type": "Bitmap Index Scan",
                                "Parent Relationship": "Outer",
                                "Parallel Aware": false,
                                "Index Name": "kind_id_title",
                                "Startup Cost": 0.0,
                                "Total Cost": 11822.85,
                                "Plan Rows": 663256,
                                "Plan Width": 0,
                                "Actual Startup Time": 39.459,
                                "Actual Total Time": 39.459,
                                "Actual Rows": 662825,
                                "Actual Loops": 1,
                                "Index Cond": "(kind_id = 1)"
                              }
                            ]
                          }
                        ]
                      }
                    ]
                  },
                  {
                    "Node Type": "Index Only Scan",
                    "Parent Relationship": "Inner",
                    "Parallel Aware": false,
                    "Scan Direction": "Forward",
                    "Index Name": "movie_id_cast_info",
                    "Relation Name": "cast_info",
                    "Alias": "ci",
                    "Startup Cost": 0.56,
                    "Total Cost": 2.67,
                    "Plan Rows": 37,
                    "Plan Width": 4,
                    "Actual Startup Time": 0.005,
                    "Actual Total Time": 0.037,
                    "Actual Rows": 78,
                    "Actual Loops": 22456,
                    "Index Cond": "(movie_id = mk.movie_id)",
                    "Rows Removed by Index Recheck": 0,
                    "Heap Fetches": 1760151
                  }
                ]
              }
            ]
          }
        ]
      }
    ]
  },
  "Planning Time": 0.805,
  "Triggers": [],
  "Execution Time": 865.492
}