[
  {
    "Plan": {
      "Node Type": "Aggregate",
      "Strategy": "Plain",
      "Partial Mode": "Finalize",
      "Parallel Aware": false,
      "Startup Cost": 72105.21,
      "Total Cost": 72105.22,
      "Plan Rows": 1,
      "Plan Width": 8,
      "Actual Startup Time": 145.821,
      "Actual Total Time": 162.926,
      "Actual Rows": 1,
      "Actual Loops": 1,
      "Plans": [
        {
          "Node Type": "Gather",
          "Parent Relationship": "Outer",
          "Parallel Aware": false,
          "Startup Cost": 72104.89,
          "Total Cost": 72105.2,
          "Plan Rows": 3,
          "Plan Width": 8,
          "Actual Startup Time": 145.283,
          "Actual Total Time": 162.92,
          "Actual Rows": 4,
          "Actual Loops": 1,
          "Workers Planned": 3,
          "Workers Launched": 3,
          "Single Copy": false,
          "Plans": [
            {
              "Node Type": "Aggregate",
              "Strategy": "Plain",
              "Partial Mode": "Partial",
              "Parent Relationship": "Outer",
              "Parallel Aware": false,
              "Startup Cost": 71104.89,
              "Total Cost": 71104.9,
              "Plan Rows": 1,
              "Plan Width": 8,
              "Actual Startup Time": 141.367,
              "Actual Total Time": 141.373,
              "Actual Rows": 1,
              "Actual Loops": 4,
              "Plans": [
                {
                  "Node Type": "Nested Loop",
                  "Parent Relationship": "Outer",
                  "Parallel Aware": false,
                  "Join Type": "Inner",
                  "Startup Cost": 49783.12,
                  "Total Cost": 71103.31,
                  "Plan Rows": 632,
                  "Plan Width": 0,
                  "Actual Startup Time": 125.484,
                  "Actual Total Time": 141.325,
                  "Actual Rows": 743,
                  "Actual Loops": 4,
                  "Inner Unique": false,
                  "Join Filter": "(t.id = mk.movie_id)",
                  "Rows Removed by Join Filter": 0,
                  "Plans": [
                    {
                      "Node Type": "Hash Join",
                      "Parent Relationship": "Outer",
                      "Parallel Aware": true,
                      "Join Type": "Inner",
                      "Startup Cost": 49782.69,
                      "Total Cost": 69996.51,
                      "Plan Rows": 353,
                      "Plan Width": 8,
                      "Actual Startup Time": 125.276,
                      "Actual Total Time": 138.603,
                      "Actual Rows": 171,
                      "Actual Loops": 4,
                      "Inner Unique": true,
                      "Hash Cond": "(mc.movie_id = t.id)",
                      "Plans": [
                        {
                          "Node Type": "Bitmap Heap Scan",
                          "Parent Relationship": "Outer",
                          "Parallel Aware": true,
                          "Relation Name": "movie_companies",
                          "Alias": "mc",
                          "Startup Cost": 5820.68,
                          "Total Cost": 25917.61,
                          "Plan Rows": 44529,
                          "Plan Width": 4,
                          "Actual Startup Time": 35.876,
                          "Actual Total Time": 46.62,
                          "Actual Rows": 15621,
                          "Actual Loops": 4,
                          "Recheck Cond": "(company_id < 139)",
                          "Rows Removed by Index Recheck": 0,
                          "Filter": "(company_type_id > 1)",
                          "Rows Removed by Filter": 50962,
                          "Exact Heap Blocks": 7686,
                          "Lossy Heap Blocks": 0,
                          "Plans": [
                            {
                              "Node Type": "Bitmap Index Scan",
                              "Parent Relationship": "Outer",
                              "Parallel Aware": false,
                              "Index Name": "company_id_movie_companies",
                              "Startup Cost": 0.0,
                              "Total Cost": 5786.17,
                              "Plan Rows": 270099,
                              "Plan Width": 0,
                              "Actual Startup Time": 11.633,
                              "Actual Total Time": 11.634,
                              "Actual Rows": 266330,
                              "Actual Loops": 1,
                              "Index Cond": "(company_id < 139)"
                            }
                          ]
                        },
                        {
                          "Node Type": "Hash",
                          "Parent Relationship": "Inner",
                          "Parallel Aware": true,
                          "Startup Cost": 43899.32,
                          "Total Cost": 43899.32,
                          "Plan Rows": 5015,
                          "Plan Width": 4,
                          "Actual Startup Time": 88.795,
                          "Actual Total Time": 88.796,
                          "Actual Rows": 5328,
                          "Actual Loops": 4,
                          "Hash Buckets": 32768,
                          "Original Hash Buckets": 32768,
                          "Hash Batches": 1,
                          "Original Hash Batches": 1,
                          "Peak Memory Usage": 1152,
                          "Plans": [
                            {
                              "Node Type": "Seq Scan",
                              "Parent Relationship": "Outer",
                              "Parallel Aware": true,
                              "Relation Name": "title",
                              "Alias": "t",
                              "Startup Cost": 0.0,
                              "Total Cost": 43899.32,
                              "Plan Rows": 5015,
                              "Plan Width": 4,
                              "Actual Startup Time": 0.084,
                              "Actual Total Time": 86.071,
                              "Actual Rows": 5328,
                              "Actual Loops": 4,
                              "Filter": "(production_year = 1989)",
                              "Rows Removed by Filter": 626750
                            }
                          ]
                        }
                      ]
                    },
                    {
                      "Node Type": "Index Only Scan",
                      "Parent Relationship": "Inner",
                      "Parallel Aware": false,
                      "Scan Direction": "Forward",
                      "Index Name": "movie_id_movie_keyword",
                      "Relation Name": "movie_keyword",
                      "Alias": "mk",
                      "Startup Cost": 0.43,
                      "Total Cost": 2.56,
                      "Plan Rows": 46,
                      "Plan Width": 4,
                      "Actual Startup Time": 0.014,
                      "Actual Total Time": 0.015,
                      "Actual Rows": 4,
                      "Actual Loops": 683,
                      "Index Cond": "(movie_id = mc.movie_id)",
                      "Rows Removed by Index Recheck": 0,
                      "Heap Fetches": 2973
                    }
                  ]
                }
              ]
            }
          ]
        }
      ]
    },
    "Planning Time": 0.642,
    "Triggers": [],
    "Execution Time": 162.981
  }
]