[
  {
    "Plan": {
      "Node Type": "Aggregate",
      "Strategy": "Plain",
      "Partial Mode": "Finalize",
      "Parallel Aware": false,
      "Startup Cost": 93118.71,
      "Total Cost": 93118.72,
      "Plan Rows": 1,
      "Plan Width": 8,
      "Actual Startup Time": 235.23,
      "Actual Total Time": 253.024,
      "Actual Rows": 1,
      "Actual Loops": 1,
      "Plans": [
        {
          "Node Type": "Gather",
          "Parent Relationship": "Outer",
          "Parallel Aware": false,
          "Startup Cost": 93118.29,
          "Total Cost": 93118.7,
          "Plan Rows": 4,
          "Plan Width": 8,
          "Actual Startup Time": 234.62,
          "Actual Total Time": 253.011,
          "Actual Rows": 5,
          "Actual Loops": 1,
          "Workers Planned": 4,
          "Workers Launched": 4,
          "Single Copy": false,
          "Plans": [
            {
              "Node Type": "Aggregate",
              "Strategy": "Plain",
              "Partial Mode": "Partial",
              "Parent Relationship": "Outer",
              "Parallel Aware": false,
              "Startup Cost": 92118.29,
              "Total Cost": 92118.3,
              "Plan Rows": 1,
              "Plan Width": 8,
              "Actual Startup Time": 226.317,
              "Actual Total Time": 226.321,
              "Actual Rows": 1,
              "Actual Loops": 5,
              "Plans": [
                {
                  "Node Type": "Nested Loop",
                  "Parent Relationship": "Outer",
                  "Parallel Aware": false,
                  "Join Type": "Inner",
                  "Startup Cost": 21294.23,
                  "Total Cost": 92056.11,
                  "Plan Rows": 24870,
                  "Plan Width": 0,
                  "Actual Startup Time": 126.963,
                  "Actual Total Time": 222.05,
                  "Actual Rows": 99713,
                  "Actual Loops": 5,
                  "Inner Unique": false,
                  "Plans": [
                    {
                      "Node Type": "Hash Join",
                      "Parent Relationship": "Outer",
                      "Parallel Aware": true,
                      "Join Type": "Inner",
                      "Startup Cost": 21293.79,
                      "Total Cost": 67324.68,
                      "Plan Rows": 13899,
                      "Plan Width": 8,
                      "Actual Startup Time": 121.78,
                      "Actual Total Time": 157.648,
                      "Actual Rows": 10144,
                      "Actual Loops": 5,
                      "Inner Unique": false,
                      "Hash Cond": "(t.id = mc.movie_id)",
                      "Plans": [
                        {
                          "Node Type": "Seq Scan",
                          "Parent Relationship": "Outer",
                          "Parallel Aware": true,
                          "Relation Name": "title",
                          "Alias": "t",
                          "Startup Cost": 0.0,
                          "Total Cost": 43898.92,
                          "Plan Rows": 417426,
                          "Plan Width": 4,
                          "Actual Startup Time": 0.018,
                          "Actual Total Time": 80.16,
                          "Actual Rows": 334258,
                          "Actual Loops": 5,
                          "Filter": "(production_year < 2008)",
                          "Rows Removed by Filter": 171404
                        },
                        {
                          "Node Type": "Hash",
                          "Parent Relationship": "Inner",
                          "Parallel Aware": true,
                          "Startup Cost": 20954.33,
                          "Total Cost": 20954.33,
                          "Plan Rows": 27157,
                          "Plan Width": 4,
                          "Actual Startup Time": 30.821,
                          "Actual Total Time": 30.823,
                          "Actual Rows": 16126,
                          "Actual Loops": 5,
                          "Hash Buckets": 131072,
                          "Original Hash Buckets": 131072,
                          "Hash Batches": 1,
                          "Original Hash Batches": 1,
                          "Peak Memory Usage": 4256,
                          "Plans": [
                            {
                              "Node Type": "Bitmap Heap Scan",
                              "Parent Relationship": "Outer",
                              "Parallel Aware": true,
                              "Relation Name": "movie_companies",
                              "Alias": "mc",
                              "Startup Cost": 1824.87,
                              "Total Cost": 20954.33,
                              "Plan Rows": 27157,
                              "Plan Width": 4,
                              "Actual Startup Time": 6.556,
                              "Actual Total Time": 22.082,
                              "Actual Rows": 16126,
                              "Actual Loops": 5,
                              "Recheck Cond": "(company_id > 169641)",
                              "Rows Removed by Index Recheck": 0,
                              "Exact Heap Blocks": 1030,
                              "Lossy Heap Blocks": 0,
                              "Plans": [
                                {
                                  "Node Type": "Bitmap Index Scan",
                                  "Parent Relationship": "Outer",
                                  "Parallel Aware": false,
                                  "Index Name": "company_id_movie_companies",
                                  "Startup Cost": 0.0,
                                  "Total Cost": 1803.83,
                                  "Plan Rows": 84186,
                                  "Plan Width": 0,
                                  "Actual Startup Time": 9.132,
                                  "Actual Total Time": 9.133,
                                  "Actual Rows": 80632,
                                  "Actual Loops": 1,
                                  "Index Cond": "(company_id > 169641)"
                                }
                              ]
                            }
                          ]
                        }
                      ]
                    },
                    {
                      "Node Type": "Index Only Scan",
                      "Parent Relationship": "Inner",
                      "Parallel Aware": false,
                      "Scan Direction": "Forward",
                      "Index Name": "movie_id_movie_keyword",
                      "Relation Name": "movie_keyword",
                      "Alias": "mk",
                      "Startup Cost": 0.43,
                      "Total Cost": 1.33,
                      "Plan Rows": 45,
                      "Plan Width": 4,
                      "Actual Startup Time": 0.004,
                      "Actual Total Time": 0.006,
                      "Actual Rows": 10,
                      "Actual Loops": 50718,
                      "Index Cond": "(movie_id = t.id)",
                      "Rows Removed by Index Recheck": 0,
                      "Heap Fetches": 498566
                    }
                  ]
                }
              ]
            }
          ]
        }
      ]
    },
    "Planning Time": 1.522,
    "Triggers": [],
    "Execution Time": 253.136
  }
]