[
  {
    "Plan": {
      "Node Type": "Aggregate",
      "Strategy": "Plain",
      "Partial Mode": "Finalize",
      "Parallel Aware": false,
      "Startup Cost": 151881.85,
      "Total Cost": 151881.86,
      "Plan Rows": 1,
      "Plan Width": 8,
      "Actual Startup Time": 76.673,
      "Actual Total Time": 85.627,
      "Actual Rows": 1,
      "Actual Loops": 1,
      "Plans": [
        {
          "Node Type": "Gather",
          "Parent Relationship": "Outer",
          "Parallel Aware": false,
          "Startup Cost": 151881.43,
          "Total Cost": 151881.84,
          "Plan Rows": 4,
          "Plan Width": 8,
          "Actual Startup Time": 76.537,
          "Actual Total Time": 85.62,
          "Actual Rows": 5,
          "Actual Loops": 1,
          "Workers Planned": 4,
          "Workers Launched": 4,
          "Single Copy": false,
          "Plans": [
            {
              "Node Type": "Aggregate",
              "Strategy": "Plain",
              "Partial Mode": "Partial",
              "Parent Relationship": "Outer",
              "Parallel Aware": false,
              "Startup Cost": 150881.43,
              "Total Cost": 150881.44,
              "Plan Rows": 1,
              "Plan Width": 8,
              "Actual Startup Time": 67.349,
              "Actual Total Time": 67.35,
              "Actual Rows": 1,
              "Actual Loops": 5,
              "Plans": [
                {
                  "Node Type": "Nested Loop",
                  "Parent Relationship": "Outer",
                  "Parallel Aware": false,
                  "Join Type": "Inner",
                  "Startup Cost": 902.6,
                  "Total Cost": 150869.23,
                  "Plan Rows": 4879,
                  "Plan Width": 0,
                  "Actual Startup Time": 4.577,
                  "Actual Total Time": 66.306,
                  "Actual Rows": 10049,
                  "Actual Loops": 5,
                  "Inner Unique": true,
                  "Plans": [
                    {
                      "Node Type": "Bitmap Heap Scan",
                      "Parent Relationship": "Outer",
                      "Parallel Aware": true,
                      "Relation Name": "movie_info",
                      "Alias": "mi",
                      "Startup Cost": 902.17,
                      "Total Cost": 106838.88,
                      "Plan Rows": 12443,
                      "Plan Width": 4,
                      "Actual Startup Time": 4.392,
                      "Actual Total Time": 12.319,
                      "Actual Rows": 10053,
                      "Actual Loops": 5,
                      "Recheck Cond": "(info_type_id > 107)",
                      "Rows Removed by Index Recheck": 0,
                      "Exact Heap Blocks": 1704,
                      "Lossy Heap Blocks": 0,
                      "Plans": [
                        {
                          "Node Type": "Bitmap Index Scan",
                          "Parent Relationship": "Outer",
                          "Parallel Aware": false,
                          "Index Name": "info_type_id_movie_info",
                          "Startup Cost": 0.0,
                          "Total Cost": 889.72,
                          "Plan Rows": 49772,
                          "Plan Width": 0,
                          "Actual Startup Time": 10.356,
                          "Actual Total Time": 10.357,
                          "Actual Rows": 50267,
                          "Actual Loops": 1,
                          "Index Cond": "(info_type_id > 107)"
                        }
                      ]
                    },
                    {
                      "Node Type": "Index Scan",
                      "Parent Relationship": "Inner",
                      "Parallel Aware": false,
                      "Scan Direction": "Forward",
                      "Index Name": "title_pkey",
                      "Relation Name": "title",
                      "Alias": "t",
                      "Startup Cost": 0.43,
                      "Total Cost": 3.54,
                      "Plan Rows": 1,
                      "Plan Width": 4,
                      "Actual Startup Time": 0.005,
                      "Actual Total Time": 0.005,
                      "Actual Rows": 1,
                      "Actual Loops": 50267,
                      "Index Cond": "(id = mi.movie_id)",
                      "Rows Removed by Index Recheck": 0,
                      "Filter": "(kind_id < 7)",
                      "Rows Removed by Filter": 0
                    }
                  ]
                }
              ]
            }
          ]
        }
      ]
    },
    "Planning Time": 0.611,
    "Triggers": [],
    "Execution Time": 85.714
  }
]