{
    "Plan": {
        "Node Type": "Aggregate",
        "Strategy": "Plain",
        "Partial Mode": "Finalize",
        "Parallel Aware": false,
        "Startup Cost": 271999.59,
        "Total Cost": 271999.6,
        "Plan Rows": 1,
        "Plan Width": 8,
        "Actual Startup Time": 964.747,
        "Actual Total Time": 1017.989,
        "Actual Rows": 1,
        "Actual Loops": 1,
        "Output": [
            "count(*)"
        ],
        "Plans": [
            {
                "Node Type": "Gather",
                "Parent Relationship": "Outer",
                "Parallel Aware": false,
                "Startup Cost": 271999.07,
                "Total Cost": 271999.58,
                "Plan Rows": 5,
                "Plan Width": 8,
                "Actual Startup Time": 958.762,
                "Actual Total Time": 1017.976,
                "Actual Rows": 6,
                "Actual Loops": 1,
                "Output": [
                    "(PARTIAL count(*))"
                ],
                "Workers Planned": 5,
                "Workers Launched": 5,
                "Single Copy": false,
                "Plans": [
                    {
                        "Node Type": "Aggregate",
                        "Strategy": "Plain",
                        "Partial Mode": "Partial",
                        "Parent Relationship": "Outer",
                        "Parallel Aware": false,
                        "Startup Cost": 270999.07,
                        "Total Cost": 270999.08,
                        "Plan Rows": 1,
                        "Plan Width": 8,
                        "Actual Startup Time": 948.282,
                        "Actual Total Time": 948.568,
                        "Actual Rows": 1,
                        "Actual Loops": 6,
                        "Output": [
                            "PARTIAL count(*)"
                        ],
                        "Workers": [
                            {
                                "Worker Number": 0,
                                "Actual Startup Time": 946.096,
                                "Actual Total Time": 946.101,
                                "Actual Rows": 1,
                                "Actual Loops": 1
                            },
                            {
                                "Worker Number": 1,
                                "Actual Startup Time": 945.981,
                                "Actual Total Time": 945.985,
                                "Actual Rows": 1,
                                "Actual Loops": 1
                            },
                            {
                                "Worker Number": 2,
                                "Actual Startup Time": 945.937,
                                "Actual Total Time": 945.943,
                                "Actual Rows": 1,
                                "Actual Loops": 1
                            },
                            {
                                "Worker Number": 3,
                                "Actual Startup Time": 946.735,
                                "Actual Total Time": 946.739,
                                "Actual Rows": 1,
                                "Actual Loops": 1
                            },
                            {
                                "Worker Number": 4,
                                "Actual Startup Time": 947.159,
                                "Actual Total Time": 947.163,
                                "Actual Rows": 1,
                                "Actual Loops": 1
                            }
                        ],
                        "Plans": [
                            {
                                "Node Type": "Hash Join",
                                "Parent Relationship": "Outer",
                                "Parallel Aware": true,
                                "Join Type": "Inner",
                                "Startup Cost": 65968.8,
                                "Total Cost": 270076.29,
                                "Plan Rows": 369112,
                                "Plan Width": 0,
                                "Actual Startup Time": 259.359,
                                "Actual Total Time": 937.222,
                                "Actual Rows": 204757,
                                "Actual Loops": 6,
                                "Inner Unique": false,
                                "Hash Cond": "(mi.movie_id = t.id)",
                                "Workers": [
                                    {
                                        "Worker Number": 0,
                                        "Actual Startup Time": 256.854,
                                        "Actual Total Time": 935.314,
                                        "Actual Rows": 159158,
                                        "Actual Loops": 1
                                    },
                                    {
                                        "Worker Number": 1,
                                        "Actual Startup Time": 256.983,
                                        "Actual Total Time": 934.449,
                                        "Actual Rows": 170466,
                                        "Actual Loops": 1
                                    },
                                    {
                                        "Worker Number": 2,
                                        "Actual Startup Time": 257.139,
                                        "Actual Total Time": 935.397,
                                        "Actual Rows": 155794,
                                        "Actual Loops": 1
                                    },
                                    {
                                        "Worker Number": 3,
                                        "Actual Startup Time": 257.748,
                                        "Actual Total Time": 935.91,
                                        "Actual Rows": 261428,
                                        "Actual Loops": 1
                                    },
                                    {
                                        "Worker Number": 4,
                                        "Actual Startup Time": 258.389,
                                        "Actual Total Time": 936.452,
                                        "Actual Rows": 258136,
                                        "Actual Loops": 1
                                    }
                                ],
                                "Plans": [
                                    {
                                        "Node Type": "Seq Scan",
                                        "Parent Relationship": "Outer",
                                        "Parallel Aware": true,
                                        "Relation Name": "movie_info",
                                        "Schema": "public",
                                        "Alias": "mi",
                                        "Startup Cost": 0.0,
                                        "Total Cost": 191503.19,
                                        "Plan Rows": 2951019,
                                        "Plan Width": 4,
                                        "Actual Startup Time": 0.038,
                                        "Actual Total Time": 338.093,
                                        "Actual Rows": 2472620,
                                        "Actual Loops": 6,
                                        "Output": [
                                            "mi.id",
                                            "mi.movie_id",
                                            "mi.info_type_id",
                                            "mi.info",
                                            "mi.note"
                                        ],
                                        "Workers": [
                                            {
                                                "Worker Number": 0,
                                                "Actual Startup Time": 0.044,
                                                "Actual Total Time": 356.653,
                                                "Actual Rows": 1886062,
                                                "Actual Loops": 1
                                            },
                                            {
                                                "Worker Number": 1,
                                                "Actual Startup Time": 0.045,
                                                "Actual Total Time": 345.957,
                                                "Actual Rows": 2013204,
                                                "Actual Loops": 1
                                            },
                                            {
                                                "Worker Number": 2,
                                                "Actual Startup Time": 0.049,
                                                "Actual Total Time": 355.726,
                                                "Actual Rows": 1871784,
                                                "Actual Loops": 1
                                            },
                                            {
                                                "Worker Number": 3,
                                                "Actual Startup Time": 0.039,
                                                "Actual Total Time": 338.043,
                                                "Actual Rows": 3175087,
                                                "Actual Loops": 1
                                            },
                                            {
                                                "Worker Number": 4,
                                                "Actual Startup Time": 0.04,
                                                "Actual Total Time": 337.119,
                                                "Actual Rows": 3155771,
                                                "Actual Loops": 1
                                            }
                                        ]
                                    },
                                    {
                                        "Node Type": "Hash",
                                        "Parent Relationship": "Inner",
                                        "Parallel Aware": true,
                                        "Startup Cost": 64321.7,
                                        "Total Cost": 64321.7,
                                        "Plan Rows": 131768,
                                        "Plan Width": 8,
                                        "Actual Startup Time": 255.993,
                                        "Actual Total Time": 256.277,
                                        "Actual Rows": 26436,
                                        "Actual Loops": 6,
                                        "Output": [
                                            "t.id",
                                            "mi_idx.movie_id"
                                        ],
                                        "Hash Buckets": 524288,
                                        "Original Hash Buckets": 524288,
                                        "Hash Batches": 1,
                                        "Original Hash Batches": 1,
                                        "Peak Memory Usage": 10400,
                                        "Workers": [
                                            {
                                                "Worker Number": 0,
                                                "Actual Startup Time": 255.27,
                                                "Actual Total Time": 255.274,
                                                "Actual Rows": 21687,
                                                "Actual Loops": 1
                                            },
                                            {
                                                "Worker Number": 1,
                                                "Actual Startup Time": 255.808,
                                                "Actual Total Time": 255.811,
                                                "Actual Rows": 22708,
                                                "Actual Loops": 1
                                            },
                                            {
                                                "Worker Number": 2,
                                                "Actual Startup Time": 255.776,
                                                "Actual Total Time": 255.78,
                                                "Actual Rows": 20860,
                                                "Actual Loops": 1
                                            },
                                            {
                                                "Worker Number": 3,
                                                "Actual Startup Time": 256.609,
                                                "Actual Total Time": 256.613,
                                                "Actual Rows": 34265,
                                                "Actual Loops": 1
                                            },
                                            {
                                                "Worker Number": 4,
                                                "Actual Startup Time": 256.994,
                                                "Actual Total Time": 256.997,
                                                "Actual Rows": 34386,
                                                "Actual Loops": 1
                                            }
                                        ],
                                        "Plans": [
                                            {
                                                "Node Type": "Hash Join",
                                                "Parent Relationship": "Outer",
                                                "Parallel Aware": true,
                                                "Join Type": "Inner",
                                                "Startup Cost": 48191.38,
                                                "Total Cost": 64321.7,
                                                "Plan Rows": 131768,
                                                "Plan Width": 8,
                                                "Actual Startup Time": 175.815,
                                                "Actual Total Time": 245.708,
                                                "Actual Rows": 26436,
                                                "Actual Loops": 6,
                                                "Output": [
                                                    "t.id",
                                                    "mi_idx.movie_id"
                                                ],
                                                "Inner Unique": true,
                                                "Hash Cond": "(mi_idx.movie_id = t.id)",
                                                "Workers": [
                                                    {
                                                        "Worker Number": 0,
                                                        "Actual Startup Time": 175.87,
                                                        "Actual Total Time": 244.931,
                                                        "Actual Rows": 21687,
                                                        "Actual Loops": 1
                                                    },
                                                    {
                                                        "Worker Number": 1,
                                                        "Actual Startup Time": 175.878,
                                                        "Actual Total Time": 245.326,
                                                        "Actual Rows": 22708,
                                                        "Actual Loops": 1
                                                    },
                                                    {
                                                        "Worker Number": 2,
                                                        "Actual Startup Time": 175.713,
                                                        "Actual Total Time": 245.276,
                                                        "Actual Rows": 20860,
                                                        "Actual Loops": 1
                                                    },
                                                    {
                                                        "Worker Number": 3,
                                                        "Actual Startup Time": 175.833,
                                                        "Actual Total Time": 245.434,
                                                        "Actual Rows": 34265,
                                                        "Actual Loops": 1
                                                    },
                                                    {
                                                        "Worker Number": 4,
                                                        "Actual Startup Time": 175.634,
                                                        "Actual Total Time": 245.281,
                                                        "Actual Rows": 34386,
                                                        "Actual Loops": 1
                                                    }
                                                ],
                                                "Plans": [
                                                    {
                                                        "Node Type": "Seq Scan",
                                                        "Parent Relationship": "Outer",
                                                        "Parallel Aware": true,
                                                        "Relation Name": "movie_info_idx",
                                                        "Schema": "public",
                                                        "Alias": "mi_idx",
                                                        "Startup Cost": 0.0,
                                                        "Total Cost": 15122.68,
                                                        "Plan Rows": 383860,
                                                        "Plan Width": 4,
                                                        "Actual Startup Time": 0.017,
                                                        "Actual Total Time": 30.122,
                                                        "Actual Rows": 153308,
                                                        "Actual Loops": 6,
                                                        "Output": [
                                                            "mi_idx.id",
                                                            "mi_idx.movie_id",
                                                            "mi_idx.info_type_id",
                                                            "mi_idx.info",
                                                            "mi_idx.note"
                                                        ],
                                                        "Filter": "(mi_idx.info_type_id < 101)",
                                                        "Rows Removed by Filter": 76698,
                                                        "Workers": [
                                                            {
                                                                "Worker Number": 0,
                                                                "Actual Startup Time": 0.018,
                                                                "Actual Total Time": 31.42,
                                                                "Actual Rows": 121305,
                                                                "Actual Loops": 1
                                                            },
                                                            {
                                                                "Worker Number": 1,
                                                                "Actual Startup Time": 0.017,
                                                                "Actual Total Time": 31.606,
                                                                "Actual Rows": 132630,
                                                                "Actual Loops": 1
                                                            },
                                                            {
                                                                "Worker Number": 2,
                                                                "Actual Startup Time": 0.025,
                                                                "Actual Total Time": 31.278,
                                                                "Actual Rows": 121177,
                                                                "Actual Loops": 1
                                                            },
                                                            {
                                                                "Worker Number": 3,
                                                                "Actual Startup Time": 0.015,
                                                                "Actual Total Time": 28.929,
                                                                "Actual Rows": 195612,
                                                                "Actual Loops": 1
                                                            },
                                                            {
                                                                "Worker Number": 4,
                                                                "Actual Startup Time": 0.013,
                                                                "Actual Total Time": 28.776,
                                                                "Actual Rows": 194107,
                                                                "Actual Loops": 1
                                                            }
                                                        ]
                                                    },
                                                    {
                                                        "Node Type": "Hash",
                                                        "Parent Relationship": "Inner",
                                                        "Parallel Aware": true,
                                                        "Startup Cost": 45479.21,
                                                        "Total Cost": 45479.21,
                                                        "Plan Rows": 216974,
                                                        "Plan Width": 4,
                                                        "Actual Startup Time": 173.504,
                                                        "Actual Total Time": 173.505,
                                                        "Actual Rows": 159550,
                                                        "Actual Loops": 6,
                                                        "Output": [
                                                            "t.id"
                                                        ],
                                                        "Hash Buckets": 1048576,
                                                        "Original Hash Buckets": 1048576,
                                                        "Hash Batches": 1,
                                                        "Original Hash Batches": 1,
                                                        "Peak Memory Usage": 45728,
                                                        "Workers": [
                                                            {
                                                                "Worker Number": 0,
                                                                "Actual Startup Time": 175.222,
                                                                "Actual Total Time": 175.223,
                                                                "Actual Rows": 129548,
                                                                "Actual Loops": 1
                                                            },
                                                            {
                                                                "Worker Number": 1,
                                                                "Actual Startup Time": 175.593,
                                                                "Actual Total Time": 175.594,
                                                                "Actual Rows": 135780,
                                                                "Actual Loops": 1
                                                            },
                                                            {
                                                                "Worker Number": 2,
                                                                "Actual Startup Time": 175.577,
                                                                "Actual Total Time": 175.578,
                                                                "Actual Rows": 129103,
                                                                "Actual Loops": 1
                                                            },
                                                            {
                                                                "Worker Number": 3,
                                                                "Actual Startup Time": 175.517,
                                                                "Actual Total Time": 175.518,
                                                                "Actual Rows": 184268,
                                                                "Actual Loops": 1
                                                            },
                                                            {
                                                                "Worker Number": 4,
                                                                "Actual Startup Time": 175.349,
                                                                "Actual Total Time": 175.35,
                                                                "Actual Rows": 179633,
                                                                "Actual Loops": 1
                                                            }
                                                        ],
                                                        "Plans": [
                                                            {
                                                                "Node Type": "Seq Scan",
                                                                "Parent Relationship": "Outer",
                                                                "Parallel Aware": true,
                                                                "Relation Name": "title",
                                                                "Schema": "public",
                                                                "Alias": "t",
                                                                "Startup Cost": 0.0,
                                                                "Total Cost": 45479.21,
                                                                "Plan Rows": 216974,
                                                                "Plan Width": 4,
                                                                "Actual Startup Time": 0.081,
                                                                "Actual Total Time": 93.627,
                                                                "Actual Rows": 159550,
                                                                "Actual Loops": 6,
                                                                "Output": [
                                                                    "t.id"
                                                                ],
                                                                "Filter": "((t.production_year > 1999) AND (t.kind_id = 7))",
                                                                "Rows Removed by Filter": 261836,
                                                                "Workers": [
                                                                    {
                                                                        "Worker Number": 0,
                                                                        "Actual Startup Time": 0.121,
                                                                        "Actual Total Time": 94.72,
                                                                        "Actual Rows": 129548,
                                                                        "Actual Loops": 1
                                                                    },
                                                                    {
                                                                        "Worker Number": 1,
                                                                        "Actual Startup Time": 0.075,
                                                                        "Actual Total Time": 96.731,
                                                                        "Actual Rows": 135780,
                                                                        "Actual Loops": 1
                                                                    },
                                                                    {
                                                                        "Worker Number": 2,
                                                                        "Actual Startup Time": 0.117,
                                                                        "Actual Total Time": 95.025,
                                                                        "Actual Rows": 129103,
                                                                        "Actual Loops": 1
                                                                    },
                                                                    {
                                                                        "Worker Number": 3,
                                                                        "Actual Startup Time": 0.075,
                                                                        "Actual Total Time": 94.927,
                                                                        "Actual Rows": 184268,
                                                                        "Actual Loops": 1
                                                                    },
                                                                    {
                                                                        "Worker Number": 4,
                                                                        "Actual Startup Time": 0.081,
                                                                        "Actual Total Time": 94.828,
                                                                        "Actual Rows": 179633,
                                                                        "Actual Loops": 1
                                                                    }
                                                                ]
                                                            }
                                                        ]
                                                    }
                                                ]
                                            }
                                        ]
                                    }
                                ]
                            }
                        ]
                    }
                ]
            }
        ]
    },
    "Planning Time": 1.475,
    "Triggers": [],
    "Execution Time": 1018.085
}