{
    "Plan": {
        "Node Type": "Aggregate",
        "Strategy": "Plain",
        "Partial Mode": "Simple",
        "Parallel Aware": false,
        "Startup Cost": 10000148471.85,
        "Total Cost": 10000148471.86,
        "Plan Rows": 1,
        "Plan Width": 8,
        "Actual Startup Time": 881.217,
        "Actual Total Time": 881.22,
        "Actual Rows": 1,
        "Actual Loops": 1,
        "Output": [
            "count(*)"
        ],
        "Plans": [
            {
                "Node Type": "Hash Join",
                "Parent Relationship": "Outer",
                "Parallel Aware": false,
                "Join Type": "Inner",
                "Startup Cost": 10000141547.13,
                "Total Cost": 10000148470.59,
                "Plan Rows": 505,
                "Plan Width": 0,
                "Actual Startup Time": 873.122,
                "Actual Total Time": 881.208,
                "Actual Rows": 9,
                "Actual Loops": 1,
                "Inner Unique": false,
                "Hash Cond": "(t.id = mk.movie_id)",
                "Plans": [
                    {
                        "Node Type": "Nested Loop",
                        "Parent Relationship": "Outer",
                        "Parallel Aware": false,
                        "Join Type": "Inner",
                        "Startup Cost": 10000000016.81,
                        "Total Cost": 10000006174.17,
                        "Plan Rows": 504,
                        "Plan Width": 8,
                        "Actual Startup Time": 0.248,
                        "Actual Total Time": 7.997,
                        "Actual Rows": 686,
                        "Actual Loops": 1,
                        "Output": [
                            "t.id",
                            "ci.movie_id"
                        ],
                        "Inner Unique": true,
                        "Plans": [
                            {
                                "Node Type": "Bitmap Heap Scan",
                                "Parent Relationship": "Outer",
                                "Parallel Aware": false,
                                "Relation Name": "cast_info",
                                "Schema": "public",
                                "Alias": "ci",
                                "Startup Cost": 12.47,
                                "Total Cost": 1967.24,
                                "Plan Rows": 504,
                                "Plan Width": 4,
                                "Actual Startup Time": 0.173,
                                "Actual Total Time": 0.312,
                                "Actual Rows": 686,
                                "Actual Loops": 1,
                                "Output": [
                                    "ci.id",
                                    "ci.person_id",
                                    "ci.movie_id",
                                    "ci.person_role_id",
                                    "ci.note",
                                    "ci.nr_order",
                                    "ci.role_id"
                                ],
                                "Recheck Cond": "(ci.person_id = 2334093)",
                                "Rows Removed by Index Recheck": 0,
                                "Exact Heap Blocks": 6,
                                "Lossy Heap Blocks": 0,
                                "Plans": [
                                    {
                                        "Node Type": "Bitmap Index Scan",
                                        "Parent Relationship": "Outer",
                                        "Parallel Aware": false,
                                        "Index Name": "person_id_cast_info",
                                        "Startup Cost": 0.0,
                                        "Total Cost": 12.34,
                                        "Plan Rows": 504,
                                        "Plan Width": 0,
                                        "Actual Startup Time": 0.155,
                                        "Actual Total Time": 0.156,
                                        "Actual Rows": 686,
                                        "Actual Loops": 1,
                                        "Index Cond": "(ci.person_id = 2334093)"
                                    }
                                ]
                            },
                            {
                                "Node Type": "Bitmap Heap Scan",
                                "Parent Relationship": "Inner",
                                "Parallel Aware": false,
                                "Relation Name": "title",
                                "Schema": "public",
                                "Alias": "t",
                                "Startup Cost": 4.33,
                                "Total Cost": 8.35,
                                "Plan Rows": 1,
                                "Plan Width": 4,
                                "Actual Startup Time": 0.009,
                                "Actual Total Time": 0.009,
                                "Actual Rows": 1,
                                "Actual Loops": 686,
                                "Output": [
                                    "t.id",
                                    "t.title",
                                    "t.imdb_index",
                                    "t.kind_id",
                                    "t.production_year",
                                    "t.imdb_id",
                                    "t.phonetic_code",
                                    "t.episode_of_id",
                                    "t.season_nr",
                                    "t.episode_nr",
                                    "t.series_years",
                                    "t.md5sum"
                                ],
                                "Recheck Cond": "(t.id = ci.movie_id)",
                                "Rows Removed by Index Recheck": 0,
                                "Exact Heap Blocks": 686,
                                "Lossy Heap Blocks": 0,
                                "Plans": [
                                    {
                                        "Node Type": "Bitmap Index Scan",
                                        "Parent Relationship": "Outer",
                                        "Parallel Aware": false,
                                        "Index Name": "title_pkey",
                                        "Startup Cost": 0.0,
                                        "Total Cost": 4.33,
                                        "Plan Rows": 1,
                                        "Plan Width": 0,
                                        "Actual Startup Time": 0.003,
                                        "Actual Total Time": 0.003,
                                        "Actual Rows": 1,
                                        "Actual Loops": 686,
                                        "Index Cond": "(t.id = ci.movie_id)"
                                    }
                                ]
                            }
                        ]
                    },
                    {
                        "Node Type": "Hash",
                        "Parent Relationship": "Inner",
                        "Parallel Aware": false,
                        "Startup Cost": 109861.67,
                        "Total Cost": 109861.67,
                        "Plan Rows": 2533493,
                        "Plan Width": 4,
                        "Actual Startup Time": 845.007,
                        "Actual Total Time": 845.008,
                        "Actual Rows": 2550201,
                        "Actual Loops": 1,
                        "Output": [
                            "mk.movie_id"
                        ],
                        "Hash Buckets": 4194304,
                        "Original Hash Buckets": 4194304,
                        "Hash Batches": 1,
                        "Original Hash Batches": 1,
                        "Peak Memory Usage": 122424,
                        "Plans": [
                            {
                                "Node Type": "Bitmap Heap Scan",
                                "Parent Relationship": "Outer",
                                "Parallel Aware": false,
                                "Relation Name": "movie_keyword",
                                "Schema": "public",
                                "Alias": "mk",
                                "Startup Cost": 53739.0,
                                "Total Cost": 109861.67,
                                "Plan Rows": 2533493,
                                "Plan Width": 4,
                                "Actual Startup Time": 143.689,
                                "Actual Total Time": 491.488,
                                "Actual Rows": 2550201,
                                "Actual Loops": 1,
                                "Output": [
                                    "mk.movie_id"
                                ],
                                "Recheck Cond": "(mk.keyword_id < 6427)",
                                "Rows Removed by Index Recheck": 0,
                                "Exact Heap Blocks": 24445,
                                "Lossy Heap Blocks": 0,
                                "Plans": [
                                    {
                                        "Node Type": "Bitmap Index Scan",
                                        "Parent Relationship": "Outer",
                                        "Parallel Aware": false,
                                        "Index Name": "keyword_id_movie_keyword",
                                        "Startup Cost": 0.0,
                                        "Total Cost": 53105.63,
                                        "Plan Rows": 2533493,
                                        "Plan Width": 0,
                                        "Actual Startup Time": 140.602,
                                        "Actual Total Time": 140.602,
                                        "Actual Rows": 2550201,
                                        "Actual Loops": 1,
                                        "Index Cond": "(mk.keyword_id < 6427)"
                                    }
                                ]
                            }
                        ]
                    }
                ]
            }
        ]
    },
    "Planning Time": 3.883,
    "Triggers": [],
    "Execution Time": 884.164
}