[
  {
    "Plan": {
      "Node Type": "Aggregate",
      "Strategy": "Plain",
      "Partial Mode": "Finalize",
      "Parallel Aware": false,
      "Startup Cost": 31077.63,
      "Total Cost": 31077.64,
      "Plan Rows": 1,
      "Plan Width": 8,
      "Actual Startup Time": 97.294,
      "Actual Total Time": 104.118,
      "Actual Rows": 1,
      "Actual Loops": 1,
      "Plans": [
        {
          "Node Type": "Gather",
          "Parent Relationship": "Outer",
          "Parallel Aware": false,
          "Startup Cost": 31077.31,
          "Total Cost": 31077.62,
          "Plan Rows": 3,
          "Plan Width": 8,
          "Actual Startup Time": 97.053,
          "Actual Total Time": 104.111,
          "Actual Rows": 4,
          "Actual Loops": 1,
          "Workers Planned": 3,
          "Workers Launched": 3,
          "Single Copy": false,
          "Plans": [
            {
              "Node Type": "Aggregate",
              "Strategy": "Plain",
              "Partial Mode": "Partial",
              "Parent Relationship": "Outer",
              "Parallel Aware": false,
              "Startup Cost": 30077.31,
              "Total Cost": 30077.32,
              "Plan Rows": 1,
              "Plan Width": 8,
              "Actual Startup Time": 88.237,
              "Actual Total Time": 88.238,
              "Actual Rows": 1,
              "Actual Loops": 4,
              "Plans": [
                {
                  "Node Type": "Bitmap Heap Scan",
                  "Parent Relationship": "Outer",
                  "Parallel Aware": true,
                  "Relation Name": "movie_companies",
                  "Alias": "mc",
                  "Startup Cost": 9076.83,
                  "Total Cost": 29904.85,
                  "Plan Rows": 68985,
                  "Plan Width": 0,
                  "Actual Startup Time": 72.922,
                  "Actual Total Time": 87.04,
                  "Actual Rows": 24676,
                  "Actual Loops": 4,
                  "Recheck Cond": "(company_id < 293)",
                  "Rows Removed by Index Recheck": 0,
                  "Filter": "(company_type_id = 2)",
                  "Rows Removed by Filter": 80276,
                  "Exact Heap Blocks": 9743,
                  "Lossy Heap Blocks": 0,
                  "Plans": [
                    {
                      "Node Type": "Bitmap Index Scan",
                      "Parent Relationship": "Outer",
                      "Parallel Aware": false,
                      "Index Name": "company_id_movie_companies",
                      "Startup Cost": 0.0,
                      "Total Cost": 9023.36,
                      "Plan Rows": 421191,
                      "Plan Width": 0,
                      "Actual Startup Time": 39.177,
                      "Actual Total Time": 39.178,
                      "Actual Rows": 419809,
                      "Actual Loops": 1,
                      "Index Cond": "(company_id < 293)"
                    }
                  ]
                }
              ]
            }
          ]
        }
      ]
    },
    "Planning Time": 0.23,
    "Triggers": [],
    "Execution Time": 104.218
  }
]