[
  {
    "Plan": {
      "Node Type": "Aggregate",
      "Strategy": "Plain",
      "Partial Mode": "Simple",
      "Parallel Aware": false,
      "Startup Cost": 39184.67,
      "Total Cost": 39184.68,
      "Plan Rows": 1,
      "Plan Width": 8,
      "Actual Startup Time": 42.573,
      "Actual Total Time": 42.574,
      "Actual Rows": 1,
      "Actual Loops": 1,
      "Plans": [
        {
          "Node Type": "Bitmap Heap Scan",
          "Parent Relationship": "Outer",
          "Parallel Aware": false,
          "Relation Name": "title",
          "Alias": "t",
          "Startup Cost": 1727.39,
          "Total Cost": 39177.98,
          "Plan Rows": 2676,
          "Plan Width": 0,
          "Actual Startup Time": 9.507,
          "Actual Total Time": 42.371,
          "Actual Rows": 3368,
          "Actual Loops": 1,
          "Recheck Cond": "(kind_id = 3)",
          "Rows Removed by Index Recheck": 0,
          "Filter": "(production_year = 2003)",
          "Rows Removed by Filter": 97169,
          "Exact Heap Blocks": 12707,
          "Lossy Heap Blocks": 0,
          "Plans": [
            {
              "Node Type": "Bitmap Index Scan",
              "Parent Relationship": "Outer",
              "Parallel Aware": false,
              "Index Name": "kind_id_title",
              "Startup Cost": 0.0,
              "Total Cost": 1726.72,
              "Plan Rows": 96839,
              "Plan Width": 0,
              "Actual Startup Time": 6.963,
              "Actual Total Time": 6.963,
              "Actual Rows": 100537,
              "Actual Loops": 1,
              "Index Cond": "(kind_id = 3)"
            }
          ]
        }
      ]
    },
    "Planning Time": 0.183,
    "Triggers": [],
    "Execution Time": 42.631
  }
]