{
  "Plan": {
    "Node Type": "Aggregate",
    "Strategy": "Plain",
    "Partial Mode": "Finalize",
    "Parallel Aware": false,
    "Startup Cost": 673029.98,
    "Total Cost": 673029.99,
    "Plan Rows": 1,
    "Plan Width": 8,
    "Actual Startup Time": 4244.005,
    "Actual Total Time": 4297.602,
    "Actual Rows": 1,
    "Actual Loops": 1,
    "Plans": [
      {
        "Node Type": "Gather",
        "Parent Relationship": "Outer",
        "Parallel Aware": false,
        "Startup Cost": 673029.87,
        "Total Cost": 673029.98,
        "Plan Rows": 1,
        "Plan Width": 8,
        "Actual Startup Time": 4243.221,
        "Actual Total Time": 4297.595,
        "Actual Rows": 2,
        "Actual Loops": 1,
        "Workers Planned": 1,
        "Workers Launched": 1,
        "Single Copy": false,
        "Plans": [
          {
            "Node Type": "Aggregate",
            "Strategy": "Plain",
            "Partial Mode": "Partial",
            "Parent Relationship": "Outer",
            "Parallel Aware": false,
            "Startup Cost": 672029.87,
            "Total Cost": 672029.88,
            "Plan Rows": 1,
            "Plan Width": 8,
            "Actual Startup Time": 4237.788,
            "Actual Total Time": 4237.792,
            "Actual Rows": 1,
            "Actual Loops": 2,
            "Plans": [
              {
                "Node Type": "Hash Join",
                "Parent Relationship": "Outer",
                "Parallel Aware": true,
                "Join Type": "Inner",
                "Startup Cost": 57937.25,
                "Total Cost": 665916.56,
                "Plan Rows": 2445325,
                "Plan Width": 0,
                "Actual Startup Time": 839.448,
                "Actual Total Time": 4174.214,
                "Actual Rows": 1407222,
                "Actual Loops": 2,
                "Inner Unique": true,
                "Hash Cond": "(ci.movie_id = t.id)",
                "Plans": [
                  {
                    "Node Type": "Seq Scan",
                    "Parent Relationship": "Outer",
                    "Parallel Aware": true,
                    "Relation Name": "cast_info",
                    "Alias": "ci",
                    "Startup Cost": 0.0,
                    "Total Cost": 572345.93,
                    "Plan Rows": 13574599,
                    "Plan Width": 4,
                    "Actual Startup Time": 617.138,
                    "Actual Total Time": 2005.293,
                    "Actual Rows": 11647457,
                    "Actual Loops": 2,
                    "Filter": "((person_id > 105456) AND (role_id > 1))",
                    "Rows Removed by Filter": 6474715
                  },
                  {
                    "Node Type": "Hash",
                    "Parent Relationship": "Inner",
                    "Parallel Aware": true,
                    "Startup Cost": 54588.39,
                    "Total Cost": 54588.39,
                    "Plan Rows": 267909,
                    "Plan Width": 4,
                    "Actual Startup Time": 217.358,
                    "Actual Total Time": 217.359,
                    "Actual Rows": 232782,
                    "Actual Loops": 2,
                    "Hash Buckets": 524288,
                    "Original Hash Buckets": 524288,
                    "Hash Batches": 1,
                    "Original Hash Batches": 1,
                    "Peak Memory Usage": 22368,
                    "Plans": [
                      {
                        "Node Type": "Seq Scan",
                        "Parent Relationship": "Outer",
                        "Parallel Aware": true,
                        "Relation Name": "title",
                        "Alias": "t",
                        "Startup Cost": 0.0,
                        "Total Cost": 54588.39,
                        "Plan Rows": 267909,
                        "Plan Width": 4,
                        "Actual Startup Time": 0.022,
                        "Actual Total Time": 156.991,
                        "Actual Rows": 232782,
                        "Actual Loops": 2,
                        "Filter": "(production_year < 1977)",
                        "Rows Removed by Filter": 1031374
                      }
                    ]
                  }
                ]
              }
            ]
          }
        ]
      }
    ]
  },
  "Planning Time": 0.29,
  "Triggers": [],
  "Execution Time": 4297.665
}