[
  {
    "Plan": {
      "Node Type": "Aggregate",
      "Strategy": "Plain",
      "Partial Mode": "Finalize",
      "Parallel Aware": false,
      "Startup Cost": 345371.26,
      "Total Cost": 345371.27,
      "Plan Rows": 1,
      "Plan Width": 8,
      "Actual Startup Time": 668.22,
      "Actual Total Time": 710.832,
      "Actual Rows": 1,
      "Actual Loops": 1,
      "Plans": [
        {
          "Node Type": "Gather",
          "Parent Relationship": "Outer",
          "Parallel Aware": false,
          "Startup Cost": 345370.63,
          "Total Cost": 345371.24,
          "Plan Rows": 6,
          "Plan Width": 8,
          "Actual Startup Time": 667.913,
          "Actual Total Time": 710.816,
          "Actual Rows": 7,
          "Actual Loops": 1,
          "Workers Planned": 6,
          "Workers Launched": 6,
          "Single Copy": false,
          "Plans": [
            {
              "Node Type": "Aggregate",
              "Strategy": "Plain",
              "Partial Mode": "Partial",
              "Parent Relationship": "Outer",
              "Parallel Aware": false,
              "Startup Cost": 344370.63,
              "Total Cost": 344370.64,
              "Plan Rows": 1,
              "Plan Width": 8,
              "Actual Startup Time": 660.341,
              "Actual Total Time": 660.342,
              "Actual Rows": 1,
              "Actual Loops": 7,
              "Plans": [
                {
                  "Node Type": "Seq Scan",
                  "Parent Relationship": "Outer",
                  "Parallel Aware": true,
                  "Relation Name": "cast_info",
                  "Alias": "ci",
                  "Startup Cost": 0.0,
                  "Total Cost": 343316.27,
                  "Plan Rows": 421744,
                  "Plan Width": 0,
                  "Actual Startup Time": 411.74,
                  "Actual Total Time": 620.866,
                  "Actual Rows": 810141,
                  "Actual Loops": 7,
                  "Filter": "((person_id > 3082776) AND (role_id > 2))",
                  "Rows Removed by Filter": 4367622
                }
              ]
            }
          ]
        }
      ]
    },
    "Planning Time": 0.238,
    "Triggers": [],
    "Execution Time": 710.9
  }
]