[
  {
    "Plan": {
      "Node Type": "Aggregate",
      "Strategy": "Plain",
      "Partial Mode": "Finalize",
      "Parallel Aware": false,
      "Startup Cost": 18003.54,
      "Total Cost": 18003.55,
      "Plan Rows": 1,
      "Plan Width": 8,
      "Actual Startup Time": 36.526,
      "Actual Total Time": 41.706,
      "Actual Rows": 1,
      "Actual Loops": 1,
      "Plans": [
        {
          "Node Type": "Gather",
          "Parent Relationship": "Outer",
          "Parallel Aware": false,
          "Startup Cost": 18003.33,
          "Total Cost": 18003.54,
          "Plan Rows": 2,
          "Plan Width": 8,
          "Actual Startup Time": 36.402,
          "Actual Total Time": 41.698,
          "Actual Rows": 3,
          "Actual Loops": 1,
          "Workers Planned": 2,
          "Workers Launched": 2,
          "Single Copy": false,
          "Plans": [
            {
              "Node Type": "Aggregate",
              "Strategy": "Plain",
              "Partial Mode": "Partial",
              "Parent Relationship": "Outer",
              "Parallel Aware": false,
              "Startup Cost": 17003.33,
              "Total Cost": 17003.34,
              "Plan Rows": 1,
              "Plan Width": 8,
              "Actual Startup Time": 27.923,
              "Actual Total Time": 27.925,
              "Actual Rows": 1,
              "Actual Loops": 3,
              "Plans": [
                {
                  "Node Type": "Nested Loop",
                  "Parent Relationship": "Outer",
                  "Parallel Aware": false,
                  "Join Type": "Inner",
                  "Startup Cost": 86.47,
                  "Total Cost": 17002.69,
                  "Plan Rows": 255,
                  "Plan Width": 0,
                  "Actual Startup Time": 1.958,
                  "Actual Total Time": 27.783,
                  "Actual Rows": 457,
                  "Actual Loops": 3,
                  "Inner Unique": false,
                  "Plans": [
                    {
                      "Node Type": "Nested Loop",
                      "Parent Relationship": "Outer",
                      "Parallel Aware": false,
                      "Join Type": "Inner",
                      "Startup Cost": 86.03,
                      "Total Cost": 15741.42,
                      "Plan Rows": 780,
                      "Plan Width": 8,
                      "Actual Startup Time": 1.37,
                      "Actual Total Time": 12.129,
                      "Actual Rows": 649,
                      "Actual Loops": 3,
                      "Inner Unique": true,
                      "Plans": [
                        {
                          "Node Type": "Bitmap Heap Scan",
                          "Parent Relationship": "Outer",
                          "Parallel Aware": true,
                          "Relation Name": "movie_companies",
                          "Alias": "mc",
                          "Startup Cost": 85.6,
                          "Total Cost": 9524.23,
                          "Plan Rows": 780,
                          "Plan Width": 4,
                          "Actual Startup Time": 1.197,
                          "Actual Total Time": 3.951,
                          "Actual Rows": 649,
                          "Actual Loops": 3,
                          "Recheck Cond": "(company_id = 181)",
                          "Rows Removed by Index Recheck": 0,
                          "Filter": "(company_type_id < 2)",
                          "Rows Removed by Filter": 478,
                          "Exact Heap Blocks": 871,
                          "Lossy Heap Blocks": 0,
                          "Plans": [
                            {
                              "Node Type": "Bitmap Index Scan",
                              "Parent Relationship": "Outer",
                              "Parallel Aware": false,
                              "Index Name": "company_id_movie_companies",
                              "Startup Cost": 0.0,
                              "Total Cost": 85.13,
                              "Plan Rows": 3827,
                              "Plan Width": 0,
                              "Actual Startup Time": 2.717,
                              "Actual Total Time": 2.717,
                              "Actual Rows": 3380,
                              "Actual Loops": 1,
                              "Index Cond": "(company_id = 181)"
                            }
                          ]
                        },
                        {
                          "Node Type": "Index Only Scan",
                          "Parent Relationship": "Inner",
                          "Parallel Aware": false,
                          "Scan Direction": "Forward",
                          "Index Name": "title_pkey",
                          "Relation Name": "title",
                          "Alias": "t",
                          "Startup Cost": 0.43,
                          "Total Cost": 7.97,
                          "Plan Rows": 1,
                          "Plan Width": 4,
                          "Actual Startup Time": 0.012,
                          "Actual Total Time": 0.012,
                          "Actual Rows": 1,
                          "Actual Loops": 1947,
                          "Index Cond": "(id = mc.movie_id)",
                          "Rows Removed by Index Recheck": 0,
                          "Heap Fetches": 1947
                        }
                      ]
                    },
                    {
                      "Node Type": "Index Scan",
                      "Parent Relationship": "Inner",
                      "Parallel Aware": false,
                      "Scan Direction": "Forward",
                      "Index Name": "movie_id_movie_info",
                      "Relation Name": "movie_info",
                      "Alias": "mi",
                      "Startup Cost": 0.43,
                      "Total Cost": 1.6,
                      "Plan Rows": 2,
                      "Plan Width": 4,
                      "Actual Startup Time": 0.015,
                      "Actual Total Time": 0.023,
                      "Actual Rows": 1,
                      "Actual Loops": 1947,
                      "Index Cond": "(movie_id = t.id)",
                      "Rows Removed by Index Recheck": 0,
                      "Filter": "(info_type_id = 1)",
                      "Rows Removed by Filter": 6
                    }
                  ]
                }
              ]
            }
          ]
        }
      ]
    },
    "Planning Time": 1.49,
    "Triggers": [],
    "Execution Time": 41.812
  }
]