{
  "Plan": {
    "Node Type": "Aggregate",
    "Strategy": "Plain",
    "Partial Mode": "Finalize",
    "Parallel Aware": false,
    "Startup Cost": 102894.84,
    "Total Cost": 102894.85,
    "Plan Rows": 1,
    "Plan Width": 8,
    "Actual Startup Time": 390.936,
    "Actual Total Time": 405.218,
    "Actual Rows": 1,
    "Actual Loops": 1,
    "Plans": [
      {
        "Node Type": "Gather",
        "Parent Relationship": "Outer",
        "Parallel Aware": false,
        "Startup Cost": 102894.73,
        "Total Cost": 102894.84,
        "Plan Rows": 1,
        "Plan Width": 8,
        "Actual Startup Time": 390.685,
        "Actual Total Time": 405.21,
        "Actual Rows": 2,
        "Actual Loops": 1,
        "Workers Planned": 1,
        "Workers Launched": 1,
        "Single Copy": false,
        "Plans": [
          {
            "Node Type": "Aggregate",
            "Strategy": "Plain",
            "Partial Mode": "Partial",
            "Parent Relationship": "Outer",
            "Parallel Aware": false,
            "Startup Cost": 101894.73,
            "Total Cost": 101894.74,
            "Plan Rows": 1,
            "Plan Width": 8,
            "Actual Startup Time": 385.911,
            "Actual Total Time": 385.915,
            "Actual Rows": 1,
            "Actual Loops": 2,
            "Plans": [
              {
                "Node Type": "Hash Join",
                "Parent Relationship": "Outer",
                "Parallel Aware": true,
                "Join Type": "Inner",
                "Startup Cost": 39021.85,
                "Total Cost": 101744.19,
                "Plan Rows": 60216,
                "Plan Width": 0,
                "Actual Startup Time": 80.354,
                "Actual Total Time": 383.194,
                "Actual Rows": 71246,
                "Actual Loops": 2,
                "Inner Unique": true,
                "Hash Cond": "(mk.movie_id = t.id)",
                "Plans": [
                  {
                    "Node Type": "Seq Scan",
                    "Parent Relationship": "Outer",
                    "Parallel Aware": true,
                    "Relation Name": "movie_keyword",
                    "Alias": "mk",
                    "Startup Cost": 0.0,
                    "Total Cost": 57718.19,
                    "Plan Rows": 1906336,
                    "Plan Width": 4,
                    "Actual Startup Time": 0.017,
                    "Actual Total Time": 194.991,
                    "Actual Rows": 1616440,
                    "Actual Loops": 2,
                    "Filter": "(keyword_id < 13692)",
                    "Rows Removed by Filter": 645525
                  },
                  {
                    "Node Type": "Hash",
                    "Parent Relationship": "Inner",
                    "Parallel Aware": true,
                    "Startup Cost": 38434.63,
                    "Total Cost": 38434.63,
                    "Plan Rows": 46978,
                    "Plan Width": 4,
                    "Actual Startup Time": 79.294,
                    "Actual Total Time": 79.296,
                    "Actual Rows": 41402,
                    "Actual Loops": 2,
                    "Hash Buckets": 131072,
                    "Original Hash Buckets": 131072,
                    "Hash Batches": 1,
                    "Original Hash Batches": 1,
                    "Peak Memory Usage": 4288,
                    "Plans": [
                      {
                        "Node Type": "Bitmap Heap Scan",
                        "Parent Relationship": "Outer",
                        "Parallel Aware": true,
                        "Relation Name": "title",
                        "Alias": "t",
                        "Startup Cost": 1636.5,
                        "Total Cost": 38434.63,
                        "Plan Rows": 46978,
                        "Plan Width": 4,
                        "Actual Startup Time": 17.362,
                        "Actual Total Time": 68.06,
                        "Actual Rows": 41402,
                        "Actual Loops": 2,
                        "Recheck Cond": "(kind_id = 2)",
                        "Rows Removed by Index Recheck": 0,
                        "Filter": "(production_year < 2012)",
                        "Rows Removed by Filter": 4024,
                        "Exact Heap Blocks": 18467,
                        "Lossy Heap Blocks": 0,
                        "Plans": [
                          {
                            "Node Type": "Bitmap Index Scan",
                            "Parent Relationship": "Outer",
                            "Parallel Aware": false,
                            "Index Name": "kind_id_title",
                            "Startup Cost": 0.0,
                            "Total Cost": 1616.54,
                            "Plan Rows": 90681,
                            "Plan Width": 0,
                            "Actual Startup Time": 13.79,
                            "Actual Total Time": 13.791,
                            "Actual Rows": 90852,
                            "Actual Loops": 1,
                            "Index Cond": "(kind_id = 2)"
                          }
                        ]
                      }
                    ]
                  }
                ]
              }
            ]
          }
        ]
      }
    ]
  },
  "Planning Time": 0.338,
  "Triggers": [],
  "Execution Time": 405.286
}