{
  "Plan": {
    "Node Type": "Aggregate",
    "Strategy": "Plain",
    "Partial Mode": "Finalize",
    "Parallel Aware": false,
    "Startup Cost": 703067.03,
    "Total Cost": 703067.04,
    "Plan Rows": 1,
    "Plan Width": 8,
    "Actual Startup Time": 6183.454,
    "Actual Total Time": 6256.358,
    "Actual Rows": 1,
    "Actual Loops": 1,
    "Plans": [
      {
        "Node Type": "Gather",
        "Parent Relationship": "Outer",
        "Parallel Aware": false,
        "Startup Cost": 703066.91,
        "Total Cost": 703067.02,
        "Plan Rows": 1,
        "Plan Width": 8,
        "Actual Startup Time": 6177.326,
        "Actual Total Time": 6256.349,
        "Actual Rows": 2,
        "Actual Loops": 1,
        "Workers Planned": 1,
        "Workers Launched": 1,
        "Single Copy": false,
        "Plans": [
          {
            "Node Type": "Aggregate",
            "Strategy": "Plain",
            "Partial Mode": "Partial",
            "Parent Relationship": "Outer",
            "Parallel Aware": false,
            "Startup Cost": 702066.91,
            "Total Cost": 702066.92,
            "Plan Rows": 1,
            "Plan Width": 8,
            "Actual Startup Time": 6170.735,
            "Actual Total Time": 6170.741,
            "Actual Rows": 1,
            "Actual Loops": 2,
            "Plans": [
              {
                "Node Type": "Hash Join",
                "Parent Relationship": "Outer",
                "Parallel Aware": true,
                "Join Type": "Inner",
                "Startup Cost": 117936.06,
                "Total Cost": 690607.37,
                "Plan Rows": 4583818,
                "Plan Width": 0,
                "Actual Startup Time": 784.209,
                "Actual Total Time": 5632.169,
                "Actual Rows": 13584690,
                "Actual Loops": 2,
                "Inner Unique": false,
                "Hash Cond": "(ci.movie_id = t.id)",
                "Plans": [
                  {
                    "Node Type": "Seq Scan",
                    "Parent Relationship": "Outer",
                    "Parallel Aware": true,
                    "Relation Name": "cast_info",
                    "Alias": "ci",
                    "Startup Cost": 0.0,
                    "Total Cost": 465792.95,
                    "Plan Rows": 21310595,
                    "Plan Width": 4,
                    "Actual Startup Time": 0.016,
                    "Actual Total Time": 1327.919,
                    "Actual Rows": 18122172,
                    "Actual Loops": 2
                  },
                  {
                    "Node Type": "Hash",
                    "Parent Relationship": "Inner",
                    "Parallel Aware": true,
                    "Startup Cost": 113937.34,
                    "Total Cost": 113937.34,
                    "Plan Rows": 319897,
                    "Plan Width": 8,
                    "Actual Startup Time": 774.751,
                    "Actual Total Time": 774.755,
                    "Actual Rows": 277568,
                    "Actual Loops": 2,
                    "Hash Buckets": 1048576,
                    "Original Hash Buckets": 1048576,
                    "Hash Batches": 1,
                    "Original Hash Batches": 1,
                    "Peak Memory Usage": 29952,
                    "Plans": [
                      {
                        "Node Type": "Hash Join",
                        "Parent Relationship": "Outer",
                        "Parallel Aware": true,
                        "Join Type": "Inner",
                        "Startup Cost": 84359.84,
                        "Total Cost": 113937.34,
                        "Plan Rows": 319897,
                        "Plan Width": 8,
                        "Actual Startup Time": 574.221,
                        "Actual Total Time": 717.239,
                        "Actual Rows": 277568,
                        "Actual Loops": 2,
                        "Inner Unique": true,
                        "Hash Cond": "(mk.movie_id = t.id)",
                        "Plans": [
                          {
                            "Node Type": "Bitmap Heap Scan",
                            "Parent Relationship": "Outer",
                            "Parallel Aware": true,
                            "Relation Name": "movie_keyword",
                            "Alias": "mk",
                            "Startup Cost": 12215.39,
                            "Total Cost": 40903.69,
                            "Plan Rows": 338744,
                            "Plan Width": 4,
                            "Actual Startup Time": 32.291,
                            "Actual Total Time": 101.587,
                            "Actual Rows": 282544,
                            "Actual Loops": 2,
                            "Recheck Cond": "(keyword_id > 32530)",
                            "Rows Removed by Index Recheck": 0,
                            "Exact Heap Blocks": 12690,
                            "Lossy Heap Blocks": 0,
                            "Plans": [
                              {
                                "Node Type": "Bitmap Index Scan",
                                "Parent Relationship": "Outer",
                                "Parallel Aware": false,
                                "Index Name": "keyword_id_movie_keyword",
                                "Startup Cost": 0.0,
                                "Total Cost": 12071.42,
                                "Plan Rows": 575865,
                                "Plan Width": 0,
                                "Actual Startup Time": 28.893,
                                "Actual Total Time": 28.893,
                                "Actual Rows": 565087,
                                "Actual Loops": 1,
                                "Index Cond": "(keyword_id > 32530)"
                              }
                            ]
                          },
                          {
                            "Node Type": "Hash",
                            "Parent Relationship": "Inner",
                            "Parallel Aware": true,
                            "Startup Cost": 54588.39,
                            "Total Cost": 54588.39,
                            "Plan Rows": 1404485,
                            "Plan Width": 4,
                            "Actual Startup Time": 525.343,
                            "Actual Total Time": 525.344,
                            "Actual Rows": 1194438,
                            "Actual Loops": 2,
                            "Hash Buckets": 4194304,
                            "Original Hash Buckets": 4194304,
                            "Hash Batches": 1,
                            "Original Hash Batches": 1,
                            "Peak Memory Usage": 126240,
                            "Plans": [
                              {
                                "Node Type": "Seq Scan",
                                "Parent Relationship": "Outer",
                                "Parallel Aware": true,
                                "Relation Name": "title",
                                "Alias": "t",
                                "Startup Cost": 0.0,
                                "Total Cost": 54588.39,
                                "Plan Rows": 1404485,
                                "Plan Width": 4,
                                "Actual Startup Time": 0.041,
                                "Actual Total Time": 183.897,
                                "Actual Rows": 1194438,
                                "Actual Loops": 2,
                                "Filter": "(production_year < 2013)",
                                "Rows Removed by Filter": 69718
                              }
                            ]
                          }
                        ]
                      }
                    ]
                  }
                ]
              }
            ]
          }
        ]
      }
    ]
  },
  "Planning Time": 0.974,
  "Triggers": [],
  "Execution Time": 6256.483
}