[
  {
    "Plan": {
      "Node Type": "Aggregate",
      "Strategy": "Plain",
      "Partial Mode": "Finalize",
      "Parallel Aware": false,
      "Startup Cost": 79583.93,
      "Total Cost": 79583.94,
      "Plan Rows": 1,
      "Plan Width": 8,
      "Actual Startup Time": 394.944,
      "Actual Total Time": 410.108,
      "Actual Rows": 1,
      "Actual Loops": 1,
      "Plans": [
        {
          "Node Type": "Gather",
          "Parent Relationship": "Outer",
          "Parallel Aware": false,
          "Startup Cost": 79583.61,
          "Total Cost": 79583.92,
          "Plan Rows": 3,
          "Plan Width": 8,
          "Actual Startup Time": 390.677,
          "Actual Total Time": 410.095,
          "Actual Rows": 4,
          "Actual Loops": 1,
          "Workers Planned": 3,
          "Workers Launched": 3,
          "Single Copy": false,
          "Plans": [
            {
              "Node Type": "Aggregate",
              "Strategy": "Plain",
              "Partial Mode": "Partial",
              "Parent Relationship": "Outer",
              "Parallel Aware": false,
              "Startup Cost": 78583.61,
              "Total Cost": 78583.62,
              "Plan Rows": 1,
              "Plan Width": 8,
              "Actual Startup Time": 382.353,
              "Actual Total Time": 382.357,
              "Actual Rows": 1,
              "Actual Loops": 4,
              "Plans": [
                {
                  "Node Type": "Hash Join",
                  "Parent Relationship": "Outer",
                  "Parallel Aware": true,
                  "Join Type": "Inner",
                  "Startup Cost": 47832.9,
                  "Total Cost": 78265.34,
                  "Plan Rows": 127310,
                  "Plan Width": 0,
                  "Actual Startup Time": 235.54,
                  "Actual Total Time": 372.033,
                  "Actual Rows": 193230,
                  "Actual Loops": 4,
                  "Inner Unique": true,
                  "Hash Cond": "(mc.movie_id = t.id)",
                  "Plans": [
                    {
                      "Node Type": "Seq Scan",
                      "Parent Relationship": "Outer",
                      "Parallel Aware": true,
                      "Relation Name": "movie_companies",
                      "Alias": "mc",
                      "Startup Cost": 0.0,
                      "Total Cost": 29310.68,
                      "Plan Rows": 427336,
                      "Plan Width": 4,
                      "Actual Startup Time": 33.165,
                      "Actual Total Time": 76.602,
                      "Actual Rows": 333721,
                      "Actual Loops": 4,
                      "Filter": "(company_type_id > 1)",
                      "Rows Removed by Filter": 318562
                    },
                    {
                      "Node Type": "Hash",
                      "Parent Relationship": "Inner",
                      "Parallel Aware": true,
                      "Startup Cost": 45479.1,
                      "Total Cost": 45479.1,
                      "Plan Rows": 188304,
                      "Plan Width": 4,
                      "Actual Startup Time": 197.521,
                      "Actual Total Time": 197.522,
                      "Actual Rows": 198486,
                      "Actual Loops": 4,
                      "Hash Buckets": 1048576,
                      "Original Hash Buckets": 1048576,
                      "Hash Batches": 1,
                      "Original Hash Batches": 1,
                      "Peak Memory Usage": 39296,
                      "Plans": [
                        {
                          "Node Type": "Seq Scan",
                          "Parent Relationship": "Outer",
                          "Parallel Aware": true,
                          "Relation Name": "title",
                          "Alias": "t",
                          "Startup Cost": 0.0,
                          "Total Cost": 45479.1,
                          "Plan Rows": 188304,
                          "Plan Width": 4,
                          "Actual Startup Time": 0.047,
                          "Actual Total Time": 118.596,
                          "Actual Rows": 198486,
                          "Actual Loops": 4,
                          "Filter": "((kind_id < 7) AND (production_year < 2010))",
                          "Rows Removed by Filter": 433592
                        }
                      ]
                    }
                  ]
                }
              ]
            }
          ]
        }
      ]
    },
    "Planning Time": 0.599,
    "Triggers": [],
    "Execution Time": 410.178
  }
]