[
  {
    "Plan": {
      "Node Type": "Aggregate",
      "Strategy": "Plain",
      "Partial Mode": "Finalize",
      "Parallel Aware": false,
      "Startup Cost": 108905.62,
      "Total Cost": 108905.63,
      "Plan Rows": 1,
      "Plan Width": 8,
      "Actual Startup Time": 575.467,
      "Actual Total Time": 644.6,
      "Actual Rows": 1,
      "Actual Loops": 1,
      "Plans": [
        {
          "Node Type": "Gather",
          "Parent Relationship": "Outer",
          "Parallel Aware": false,
          "Startup Cost": 108905.31,
          "Total Cost": 108905.62,
          "Plan Rows": 3,
          "Plan Width": 8,
          "Actual Startup Time": 574.526,
          "Actual Total Time": 644.59,
          "Actual Rows": 4,
          "Actual Loops": 1,
          "Workers Planned": 3,
          "Workers Launched": 3,
          "Single Copy": false,
          "Plans": [
            {
              "Node Type": "Aggregate",
              "Strategy": "Plain",
              "Partial Mode": "Partial",
              "Parent Relationship": "Outer",
              "Parallel Aware": false,
              "Startup Cost": 107905.31,
              "Total Cost": 107905.32,
              "Plan Rows": 1,
              "Plan Width": 8,
              "Actual Startup Time": 565.492,
              "Actual Total Time": 565.494,
              "Actual Rows": 1,
              "Actual Loops": 4,
              "Plans": [
                {
                  "Node Type": "Nested Loop",
                  "Parent Relationship": "Outer",
                  "Parallel Aware": false,
                  "Join Type": "Inner",
                  "Startup Cost": 44114.64,
                  "Total Cost": 107488.42,
                  "Plan Rows": 166753,
                  "Plan Width": 0,
                  "Actual Startup Time": 122.959,
                  "Actual Total Time": 552.817,
                  "Actual Rows": 248556,
                  "Actual Loops": 4,
                  "Inner Unique": false,
                  "Join Filter": "(t.id = ci.movie_id)",
                  "Rows Removed by Join Filter": 0,
                  "Plans": [
                    {
                      "Node Type": "Hash Join",
                      "Parent Relationship": "Outer",
                      "Parallel Aware": true,
                      "Join Type": "Inner",
                      "Startup Cost": 44114.08,
                      "Total Cost": 74546.52,
                      "Plan Rows": 11637,
                      "Plan Width": 8,
                      "Actual Startup Time": 122.868,
                      "Actual Total Time": 197.512,
                      "Actual Rows": 9082,
                      "Actual Loops": 4,
                      "Inner Unique": true,
                      "Hash Cond": "(mc.movie_id = t.id)",
                      "Plans": [
                        {
                          "Node Type": "Seq Scan",
                          "Parent Relationship": "Outer",
                          "Parallel Aware": true,
                          "Relation Name": "movie_companies",
                          "Alias": "mc",
                          "Startup Cost": 0.0,
                          "Total Cost": 29310.68,
                          "Plan Rows": 427336,
                          "Plan Width": 4,
                          "Actual Startup Time": 26.163,
                          "Actual Total Time": 59.478,
                          "Actual Rows": 333721,
                          "Actual Loops": 4,
                          "Filter": "(company_type_id = 2)",
                          "Rows Removed by Filter": 318562
                        },
                        {
                          "Node Type": "Hash",
                          "Parent Relationship": "Inner",
                          "Parallel Aware": true,
                          "Startup Cost": 43898.92,
                          "Total Cost": 43898.92,
                          "Plan Rows": 17213,
                          "Plan Width": 4,
                          "Actual Startup Time": 94.83,
                          "Actual Total Time": 94.831,
                          "Actual Rows": 16836,
                          "Actual Loops": 4,
                          "Hash Buckets": 131072,
                          "Original Hash Buckets": 131072,
                          "Hash Batches": 1,
                          "Original Hash Batches": 1,
                          "Peak Memory Usage": 3744,
                          "Plans": [
                            {
                              "Node Type": "Seq Scan",
                              "Parent Relationship": "Outer",
                              "Parallel Aware": true,
                              "Relation Name": "title",
                              "Alias": "t",
                              "Startup Cost": 0.0,
                              "Total Cost": 43898.92,
                              "Plan Rows": 17213,
                              "Plan Width": 4,
                              "Actual Startup Time": 0.063,
                              "Actual Total Time": 87.842,
                              "Actual Rows": 16836,
                              "Actual Loops": 4,
                              "Filter": "(production_year > 2012)",
                              "Rows Removed by Filter": 615242
                            }
                          ]
                        }
                      ]
                    },
                    {
                      "Node Type": "Index Only Scan",
                      "Parent Relationship": "Inner",
                      "Parallel Aware": false,
                      "Scan Direction": "Forward",
                      "Index Name": "movie_id_cast_info",
                      "Relation Name": "cast_info",
                      "Alias": "ci",
                      "Startup Cost": 0.56,
                      "Total Cost": 2.37,
                      "Plan Rows": 37,
                      "Plan Width": 4,
                      "Actual Startup Time": 0.006,
                      "Actual Total Time": 0.036,
                      "Actual Rows": 27,
                      "Actual Loops": 36330,
                      "Index Cond": "(movie_id = mc.movie_id)",
                      "Rows Removed by Index Recheck": 0,
                      "Heap Fetches": 994226
                    }
                  ]
                }
              ]
            }
          ]
        }
      ]
    },
    "Planning Time": 1.453,
    "Triggers": [],
    "Execution Time": 644.71
  }
]