{
  "Plan": {
    "Node Type": "Aggregate",
    "Strategy": "Plain",
    "Partial Mode": "Finalize",
    "Parallel Aware": false,
    "Startup Cost": 426962.22,
    "Total Cost": 426962.23,
    "Plan Rows": 1,
    "Plan Width": 8,
    "Actual Startup Time": 1282.325,
    "Actual Total Time": 1305.906,
    "Actual Rows": 1,
    "Actual Loops": 1,
    "Plans": [
      {
        "Node Type": "Gather",
        "Parent Relationship": "Outer",
        "Parallel Aware": false,
        "Startup Cost": 426962.11,
        "Total Cost": 426962.22,
        "Plan Rows": 1,
        "Plan Width": 8,
        "Actual Startup Time": 1278.869,
        "Actual Total Time": 1305.898,
        "Actual Rows": 2,
        "Actual Loops": 1,
        "Workers Planned": 1,
        "Workers Launched": 1,
        "Single Copy": false,
        "Plans": [
          {
            "Node Type": "Aggregate",
            "Strategy": "Plain",
            "Partial Mode": "Partial",
            "Parent Relationship": "Outer",
            "Parallel Aware": false,
            "Startup Cost": 425962.11,
            "Total Cost": 425962.12,
            "Plan Rows": 1,
            "Plan Width": 8,
            "Actual Startup Time": 1270.774,
            "Actual Total Time": 1270.778,
            "Actual Rows": 1,
            "Actual Loops": 2,
            "Plans": [
              {
                "Node Type": "Hash Join",
                "Parent Relationship": "Outer",
                "Parallel Aware": true,
                "Join Type": "Inner",
                "Startup Cost": 140292.58,
                "Total Cost": 422950.79,
                "Plan Rows": 1204529,
                "Plan Width": 0,
                "Actual Startup Time": 493.538,
                "Actual Total Time": 1229.887,
                "Actual Rows": 1013250,
                "Actual Loops": 2,
                "Inner Unique": true,
                "Hash Cond": "(ci.movie_id = t.id)",
                "Plans": [
                  {
                    "Node Type": "Bitmap Heap Scan",
                    "Parent Relationship": "Outer",
                    "Parallel Aware": true,
                    "Relation Name": "cast_info",
                    "Alias": "ci",
                    "Startup Cost": 74403.71,
                    "Total Cost": 351860.3,
                    "Plan Rows": 1981567,
                    "Plan Width": 4,
                    "Actual Startup Time": 131.778,
                    "Actual Total Time": 302.968,
                    "Actual Rows": 1739102,
                    "Actual Loops": 2,
                    "Recheck Cond": "(person_id < 333851)",
                    "Rows Removed by Index Recheck": 0,
                    "Exact Heap Blocks": 18543,
                    "Lossy Heap Blocks": 0,
                    "Plans": [
                      {
                        "Node Type": "Bitmap Index Scan",
                        "Parent Relationship": "Outer",
                        "Parallel Aware": false,
                        "Index Name": "person_id_cast_info",
                        "Startup Cost": 0.0,
                        "Total Cost": 73561.54,
                        "Plan Rows": 3368664,
                        "Plan Width": 0,
                        "Actual Startup Time": 125.975,
                        "Actual Total Time": 125.975,
                        "Actual Rows": 3478204,
                        "Actual Loops": 1,
                        "Index Cond": "(person_id < 333851)"
                      }
                    ]
                  },
                  {
                    "Node Type": "Hash",
                    "Parent Relationship": "Inner",
                    "Parallel Aware": true,
                    "Startup Cost": 54588.39,
                    "Total Cost": 54588.39,
                    "Plan Rows": 904038,
                    "Plan Width": 4,
                    "Actual Startup Time": 346.95,
                    "Actual Total Time": 346.951,
                    "Actual Rows": 771632,
                    "Actual Loops": 2,
                    "Hash Buckets": 2097152,
                    "Original Hash Buckets": 2097152,
                    "Hash Batches": 1,
                    "Original Hash Batches": 1,
                    "Peak Memory Usage": 76800,
                    "Plans": [
                      {
                        "Node Type": "Seq Scan",
                        "Parent Relationship": "Outer",
                        "Parallel Aware": true,
                        "Relation Name": "title",
                        "Alias": "t",
                        "Startup Cost": 0.0,
                        "Total Cost": 54588.39,
                        "Plan Rows": 904038,
                        "Plan Width": 4,
                        "Actual Startup Time": 0.028,
                        "Actual Total Time": 155.409,
                        "Actual Rows": 771632,
                        "Actual Loops": 2,
                        "Filter": "(kind_id = 7)",
                        "Rows Removed by Filter": 492524
                      }
                    ]
                  }
                ]
              }
            ]
          }
        ]
      }
    ]
  },
  "Planning Time": 0.679,
  "Triggers": [],
  "Execution Time": 1305.997
}