[
  {
    "Plan": {
      "Node Type": "Aggregate",
      "Strategy": "Plain",
      "Partial Mode": "Finalize",
      "Parallel Aware": false,
      "Startup Cost": 91194.48,
      "Total Cost": 91194.49,
      "Plan Rows": 1,
      "Plan Width": 8,
      "Actual Startup Time": 556.148,
      "Actual Total Time": 575.553,
      "Actual Rows": 1,
      "Actual Loops": 1,
      "Plans": [
        {
          "Node Type": "Gather",
          "Parent Relationship": "Outer",
          "Parallel Aware": false,
          "Startup Cost": 91194.16,
          "Total Cost": 91194.47,
          "Plan Rows": 3,
          "Plan Width": 8,
          "Actual Startup Time": 538.336,
          "Actual Total Time": 575.54,
          "Actual Rows": 4,
          "Actual Loops": 1,
          "Workers Planned": 3,
          "Workers Launched": 3,
          "Single Copy": false,
          "Plans": [
            {
              "Node Type": "Aggregate",
              "Strategy": "Plain",
              "Partial Mode": "Partial",
              "Parent Relationship": "Outer",
              "Parallel Aware": false,
              "Startup Cost": 90194.16,
              "Total Cost": 90194.17,
              "Plan Rows": 1,
              "Plan Width": 8,
              "Actual Startup Time": 520.776,
              "Actual Total Time": 520.781,
              "Actual Rows": 1,
              "Actual Loops": 4,
              "Plans": [
                {
                  "Node Type": "Hash Join",
                  "Parent Relationship": "Outer",
                  "Parallel Aware": true,
                  "Join Type": "Inner",
                  "Startup Cost": 62460.03,
                  "Total Cost": 89728.9,
                  "Plan Rows": 186107,
                  "Plan Width": 0,
                  "Actual Startup Time": 406.653,
                  "Actual Total Time": 513.31,
                  "Actual Rows": 144063,
                  "Actual Loops": 4,
                  "Inner Unique": true,
                  "Hash Cond": "(mk.movie_id = t.id)",
                  "Plans": [
                    {
                      "Node Type": "Bitmap Heap Scan",
                      "Parent Relationship": "Outer",
                      "Parallel Aware": true,
                      "Relation Name": "movie_keyword",
                      "Alias": "mk",
                      "Startup Cost": 12239.65,
                      "Total Cost": 39019.98,
                      "Plan Rows": 186107,
                      "Plan Width": 4,
                      "Actual Startup Time": 36.065,
                      "Actual Total Time": 95.258,
                      "Actual Rows": 144063,
                      "Actual Loops": 4,
                      "Recheck Cond": "(keyword_id > 31837)",
                      "Rows Removed by Index Recheck": 0,
                      "Exact Heap Blocks": 8312,
                      "Lossy Heap Blocks": 0,
                      "Plans": [
                        {
                          "Node Type": "Bitmap Index Scan",
                          "Parent Relationship": "Outer",
                          "Parallel Aware": false,
                          "Index Name": "keyword_id_movie_keyword",
                          "Startup Cost": 0.0,
                          "Total Cost": 12095.42,
                          "Plan Rows": 576931,
                          "Plan Width": 0,
                          "Actual Startup Time": 32.627,
                          "Actual Total Time": 32.627,
                          "Actual Rows": 576253,
                          "Actual Loops": 1,
                          "Index Cond": "(keyword_id > 31837)"
                        }
                      ]
                    },
                    {
                      "Node Type": "Hash",
                      "Parent Relationship": "Inner",
                      "Parallel Aware": true,
                      "Startup Cost": 42319.06,
                      "Total Cost": 42319.06,
                      "Plan Rows": 632106,
                      "Plan Width": 4,
                      "Actual Startup Time": 359.662,
                      "Actual Total Time": 359.664,
                      "Actual Rows": 632078,
                      "Actual Loops": 4,
                      "Hash Buckets": 4194304,
                      "Original Hash Buckets": 4194304,
                      "Hash Batches": 1,
                      "Original Hash Batches": 1,
                      "Peak Memory Usage": 131712,
                      "Plans": [
                        {
                          "Node Type": "Seq Scan",
                          "Parent Relationship": "Outer",
                          "Parallel Aware": true,
                          "Relation Name": "title",
                          "Alias": "t",
                          "Startup Cost": 0.0,
                          "Total Cost": 42319.06,
                          "Plan Rows": 632106,
                          "Plan Width": 4,
                          "Actual Startup Time": 0.043,
                          "Actual Total Time": 104.76,
                          "Actual Rows": 632078,
                          "Actual Loops": 4
                        }
                      ]
                    }
                  ]
                }
              ]
            }
          ]
        }
      ]
    },
    "Planning Time": 0.489,
    "Triggers": [],
    "Execution Time": 575.629
  }
]