[
  {
    "Plan": {
      "Node Type": "Aggregate",
      "Strategy": "Plain",
      "Partial Mode": "Finalize",
      "Parallel Aware": false,
      "Startup Cost": 82634.42,
      "Total Cost": 82634.43,
      "Plan Rows": 1,
      "Plan Width": 8,
      "Actual Startup Time": 230.404,
      "Actual Total Time": 252.646,
      "Actual Rows": 1,
      "Actual Loops": 1,
      "Plans": [
        {
          "Node Type": "Gather",
          "Parent Relationship": "Outer",
          "Parallel Aware": false,
          "Startup Cost": 82634.1,
          "Total Cost": 82634.41,
          "Plan Rows": 3,
          "Plan Width": 8,
          "Actual Startup Time": 229.984,
          "Actual Total Time": 252.638,
          "Actual Rows": 4,
          "Actual Loops": 1,
          "Workers Planned": 3,
          "Workers Launched": 3,
          "Single Copy": false,
          "Plans": [
            {
              "Node Type": "Aggregate",
              "Strategy": "Plain",
              "Partial Mode": "Partial",
              "Parent Relationship": "Outer",
              "Parallel Aware": false,
              "Startup Cost": 81634.1,
              "Total Cost": 81634.11,
              "Plan Rows": 1,
              "Plan Width": 8,
              "Actual Startup Time": 220.402,
              "Actual Total Time": 220.406,
              "Actual Rows": 1,
              "Actual Loops": 4,
              "Plans": [
                {
                  "Node Type": "Nested Loop",
                  "Parent Relationship": "Outer",
                  "Parallel Aware": false,
                  "Join Type": "Inner",
                  "Startup Cost": 44089.13,
                  "Total Cost": 81628.57,
                  "Plan Rows": 2214,
                  "Plan Width": 0,
                  "Actual Startup Time": 130.294,
                  "Actual Total Time": 219.391,
                  "Actual Rows": 19595,
                  "Actual Loops": 4,
                  "Inner Unique": false,
                  "Join Filter": "(t.id = mk.movie_id)",
                  "Rows Removed by Join Filter": 0,
                  "Plans": [
                    {
                      "Node Type": "Hash Join",
                      "Parent Relationship": "Outer",
                      "Parallel Aware": true,
                      "Join Type": "Inner",
                      "Startup Cost": 44088.7,
                      "Total Cost": 75802.82,
                      "Plan Rows": 2733,
                      "Plan Width": 8,
                      "Actual Startup Time": 130.225,
                      "Actual Total Time": 187.604,
                      "Actual Rows": 3658,
                      "Actual Loops": 4,
                      "Inner Unique": true,
                      "Hash Cond": "(mc.movie_id = t.id)",
                      "Plans": [
                        {
                          "Node Type": "Seq Scan",
                          "Parent Relationship": "Outer",
                          "Parallel Aware": true,
                          "Relation Name": "movie_companies",
                          "Alias": "mc",
                          "Startup Cost": 0.0,
                          "Total Cost": 31414.82,
                          "Plan Rows": 114022,
                          "Plan Width": 4,
                          "Actual Startup Time": 30.335,
                          "Actual Total Time": 65.627,
                          "Actual Rows": 163941,
                          "Actual Loops": 4,
                          "Filter": "((company_id > 47754) AND (company_type_id > 1))",
                          "Rows Removed by Filter": 488341
                        },
                        {
                          "Node Type": "Hash",
                          "Parent Relationship": "Inner",
                          "Parallel Aware": true,
                          "Startup Cost": 43899.32,
                          "Total Cost": 43899.32,
                          "Plan Rows": 15150,
                          "Plan Width": 4,
                          "Actual Startup Time": 99.072,
                          "Actual Total Time": 99.073,
                          "Actual Rows": 15642,
                          "Actual Loops": 4,
                          "Hash Buckets": 65536,
                          "Original Hash Buckets": 65536,
                          "Hash Batches": 1,
                          "Original Hash Batches": 1,
                          "Peak Memory Usage": 3040,
                          "Plans": [
                            {
                              "Node Type": "Seq Scan",
                              "Parent Relationship": "Outer",
                              "Parallel Aware": true,
                              "Relation Name": "title",
                              "Alias": "t",
                              "Startup Cost": 0.0,
                              "Total Cost": 43899.32,
                              "Plan Rows": 15150,
                              "Plan Width": 4,
                              "Actual Startup Time": 0.057,
                              "Actual Total Time": 92.261,
                              "Actual Rows": 15642,
                              "Actual Loops": 4,
                              "Filter": "(production_year = 2002)",
                              "Rows Removed by Filter": 616436
                            }
                          ]
                        }
                      ]
                    },
                    {
                      "Node Type": "Index Scan",
                      "Parent Relationship": "Inner",
                      "Parallel Aware": false,
                      "Scan Direction": "Forward",
                      "Index Name": "movie_id_movie_keyword",
                      "Relation Name": "movie_keyword",
                      "Alias": "mk",
                      "Startup Cost": 0.43,
                      "Total Cost": 1.87,
                      "Plan Rows": 21,
                      "Plan Width": 4,
                      "Actual Startup Time": 0.006,
                      "Actual Total Time": 0.008,
                      "Actual Rows": 5,
                      "Actual Loops": 14634,
                      "Index Cond": "(movie_id = mc.movie_id)",
                      "Rows Removed by Index Recheck": 0,
                      "Filter": "(keyword_id < 3660)",
                      "Rows Removed by Filter": 6
                    }
                  ]
                }
              ]
            }
          ]
        }
      ]
    },
    "Planning Time": 0.59,
    "Triggers": [],
    "Execution Time": 252.699
  }
]