[
  {
    "Plan": {
      "Node Type": "Aggregate",
      "Strategy": "Plain",
      "Partial Mode": "Finalize",
      "Parallel Aware": false,
      "Startup Cost": 347668.09,
      "Total Cost": 347668.1,
      "Plan Rows": 1,
      "Plan Width": 8,
      "Actual Startup Time": 763.268,
      "Actual Total Time": 819.439,
      "Actual Rows": 1,
      "Actual Loops": 1,
      "Plans": [
        {
          "Node Type": "Gather",
          "Parent Relationship": "Outer",
          "Parallel Aware": false,
          "Startup Cost": 347667.46,
          "Total Cost": 347668.07,
          "Plan Rows": 6,
          "Plan Width": 8,
          "Actual Startup Time": 763.157,
          "Actual Total Time": 819.429,
          "Actual Rows": 7,
          "Actual Loops": 1,
          "Workers Planned": 6,
          "Workers Launched": 6,
          "Single Copy": false,
          "Plans": [
            {
              "Node Type": "Aggregate",
              "Strategy": "Plain",
              "Partial Mode": "Partial",
              "Parent Relationship": "Outer",
              "Parallel Aware": false,
              "Startup Cost": 346667.46,
              "Total Cost": 346667.47,
              "Plan Rows": 1,
              "Plan Width": 8,
              "Actual Startup Time": 756.573,
              "Actual Total Time": 756.577,
              "Actual Rows": 1,
              "Actual Loops": 7,
              "Plans": [
                {
                  "Node Type": "Seq Scan",
                  "Parent Relationship": "Outer",
                  "Parallel Aware": true,
                  "Relation Name": "cast_info",
                  "Alias": "ci",
                  "Startup Cost": 0.0,
                  "Total Cost": 343257.03,
                  "Plan Rows": 1364173,
                  "Plan Width": 0,
                  "Actual Startup Time": 305.13,
                  "Actual Total Time": 674.118,
                  "Actual Rows": 1780951,
                  "Actual Loops": 7,
                  "Filter": "((person_id > 2437368) AND (role_id > 1))",
                  "Rows Removed by Filter": 3396812
                }
              ]
            }
          ]
        }
      ]
    },
    "Planning Time": 0.141,
    "Triggers": [],
    "Execution Time": 819.493
  }
]