{
  "Plan": {
    "Node Type": "Aggregate",
    "Strategy": "Plain",
    "Partial Mode": "Finalize",
    "Parallel Aware": false,
    "Startup Cost": 121157.09,
    "Total Cost": 121157.1,
    "Plan Rows": 1,
    "Plan Width": 8,
    "Actual Startup Time": 491.264,
    "Actual Total Time": 505.145,
    "Actual Rows": 1,
    "Actual Loops": 1,
    "Plans": [
      {
        "Node Type": "Gather",
        "Parent Relationship": "Outer",
        "Parallel Aware": false,
        "Startup Cost": 121156.98,
        "Total Cost": 121157.09,
        "Plan Rows": 1,
        "Plan Width": 8,
        "Actual Startup Time": 490.874,
        "Actual Total Time": 505.139,
        "Actual Rows": 2,
        "Actual Loops": 1,
        "Workers Planned": 1,
        "Workers Launched": 1,
        "Single Copy": false,
        "Plans": [
          {
            "Node Type": "Aggregate",
            "Strategy": "Plain",
            "Partial Mode": "Partial",
            "Parent Relationship": "Outer",
            "Parallel Aware": false,
            "Startup Cost": 120156.98,
            "Total Cost": 120156.99,
            "Plan Rows": 1,
            "Plan Width": 8,
            "Actual Startup Time": 486.248,
            "Actual Total Time": 486.251,
            "Actual Rows": 1,
            "Actual Loops": 2,
            "Plans": [
              {
                "Node Type": "Hash Join",
                "Parent Relationship": "Outer",
                "Parallel Aware": true,
                "Join Type": "Inner",
                "Startup Cost": 55651.14,
                "Total Cost": 119806.51,
                "Plan Rows": 140187,
                "Plan Width": 0,
                "Actual Startup Time": 154.681,
                "Actual Total Time": 482.743,
                "Actual Rows": 80440,
                "Actual Loops": 2,
                "Inner Unique": true,
                "Hash Cond": "(mk.movie_id = t.id)",
                "Plans": [
                  {
                    "Node Type": "Seq Scan",
                    "Parent Relationship": "Outer",
                    "Parallel Aware": true,
                    "Relation Name": "movie_keyword",
                    "Alias": "mk",
                    "Startup Cost": 0.0,
                    "Total Cost": 57718.19,
                    "Plan Rows": 2452254,
                    "Plan Width": 4,
                    "Actual Startup Time": 0.014,
                    "Actual Total Time": 192.184,
                    "Actual Rows": 2089440,
                    "Actual Loops": 2,
                    "Filter": "(keyword_id < 48248)",
                    "Rows Removed by Filter": 172525
                  },
                  {
                    "Node Type": "Hash",
                    "Parent Relationship": "Inner",
                    "Parallel Aware": true,
                    "Startup Cost": 54588.39,
                    "Total Cost": 54588.39,
                    "Plan Rows": 85020,
                    "Plan Width": 4,
                    "Actual Startup Time": 151.302,
                    "Actual Total Time": 151.303,
                    "Actual Rows": 70852,
                    "Actual Loops": 2,
                    "Hash Buckets": 262144,
                    "Original Hash Buckets": 262144,
                    "Hash Batches": 1,
                    "Original Hash Batches": 1,
                    "Peak Memory Usage": 7616,
                    "Plans": [
                      {
                        "Node Type": "Seq Scan",
                        "Parent Relationship": "Outer",
                        "Parallel Aware": true,
                        "Relation Name": "title",
                        "Alias": "t",
                        "Startup Cost": 0.0,
                        "Total Cost": 54588.39,
                        "Plan Rows": 85020,
                        "Plan Width": 4,
                        "Actual Startup Time": 0.026,
                        "Actual Total Time": 131.798,
                        "Actual Rows": 70852,
                        "Actual Loops": 2,
                        "Filter": "(production_year = 2010)",
                        "Rows Removed by Filter": 1193304
                      }
                    ]
                  }
                ]
              }
            ]
          }
        ]
      }
    ]
  },
  "Planning Time": 0.386,
  "Triggers": [],
  "Execution Time": 505.208
}