{
  "Plan": {
    "Node Type": "Aggregate",
    "Strategy": "Plain",
    "Partial Mode": "Finalize",
    "Parallel Aware": false,
    "Startup Cost": 126981.87,
    "Total Cost": 126981.88,
    "Plan Rows": 1,
    "Plan Width": 8,
    "Actual Startup Time": 665.353,
    "Actual Total Time": 675.926,
    "Actual Rows": 1,
    "Actual Loops": 1,
    "Plans": [
      {
        "Node Type": "Gather",
        "Parent Relationship": "Outer",
        "Parallel Aware": false,
        "Startup Cost": 126981.76,
        "Total Cost": 126981.87,
        "Plan Rows": 1,
        "Plan Width": 8,
        "Actual Startup Time": 664.703,
        "Actual Total Time": 675.917,
        "Actual Rows": 2,
        "Actual Loops": 1,
        "Workers Planned": 1,
        "Workers Launched": 1,
        "Single Copy": false,
        "Plans": [
          {
            "Node Type": "Aggregate",
            "Strategy": "Plain",
            "Partial Mode": "Partial",
            "Parent Relationship": "Outer",
            "Parallel Aware": false,
            "Startup Cost": 125981.76,
            "Total Cost": 125981.77,
            "Plan Rows": 1,
            "Plan Width": 8,
            "Actual Startup Time": 658.41,
            "Actual Total Time": 658.416,
            "Actual Rows": 1,
            "Actual Loops": 2,
            "Plans": [
              {
                "Node Type": "Hash Join",
                "Parent Relationship": "Outer",
                "Parallel Aware": true,
                "Join Type": "Inner",
                "Startup Cost": 58680.8,
                "Total Cost": 125822.6,
                "Plan Rows": 63663,
                "Plan Width": 0,
                "Actual Startup Time": 309.437,
                "Actual Total Time": 645.821,
                "Actual Rows": 253557,
                "Actual Loops": 2,
                "Inner Unique": false,
                "Hash Cond": "(mk.movie_id = t.id)",
                "Plans": [
                  {
                    "Node Type": "Seq Scan",
                    "Parent Relationship": "Outer",
                    "Parallel Aware": true,
                    "Relation Name": "movie_keyword",
                    "Alias": "mk",
                    "Startup Cost": 0.0,
                    "Total Cost": 57718.19,
                    "Plan Rows": 2413102,
                    "Plan Width": 4,
                    "Actual Startup Time": 0.042,
                    "Actual Total Time": 238.636,
                    "Actual Rows": 2043871,
                    "Actual Loops": 2,
                    "Filter": "(keyword_id > 335)",
                    "Rows Removed by Filter": 218094
                  },
                  {
                    "Node Type": "Hash",
                    "Parent Relationship": "Inner",
                    "Parallel Aware": true,
                    "Startup Cost": 58190.35,
                    "Total Cost": 58190.35,
                    "Plan Rows": 39236,
                    "Plan Width": 8,
                    "Actual Startup Time": 233.941,
                    "Actual Total Time": 233.945,
                    "Actual Rows": 41775,
                    "Actual Loops": 2,
                    "Hash Buckets": 131072,
                    "Original Hash Buckets": 131072,
                    "Hash Batches": 1,
                    "Original Hash Batches": 1,
                    "Peak Memory Usage": 4320,
                    "Plans": [
                      {
                        "Node Type": "Hash Join",
                        "Parent Relationship": "Outer",
                        "Parallel Aware": true,
                        "Join Type": "Inner",
                        "Startup Cost": 40006.56,
                        "Total Cost": 58190.35,
                        "Plan Rows": 39236,
                        "Plan Width": 8,
                        "Actual Startup Time": 134.886,
                        "Actual Total Time": 224.231,
                        "Actual Rows": 41775,
                        "Actual Loops": 2,
                        "Inner Unique": true,
                        "Hash Cond": "(mi_idx.movie_id = t.id)",
                        "Plans": [
                          {
                            "Node Type": "Seq Scan",
                            "Parent Relationship": "Outer",
                            "Parallel Aware": true,
                            "Relation Name": "movie_info_idx",
                            "Alias": "mi_idx",
                            "Startup Cost": 0.0,
                            "Total Cost": 16052.85,
                            "Plan Rows": 811785,
                            "Plan Width": 4,
                            "Actual Startup Time": 0.02,
                            "Actual Total Time": 60.933,
                            "Actual Rows": 690018,
                            "Actual Loops": 2
                          },
                          {
                            "Node Type": "Hash",
                            "Parent Relationship": "Inner",
                            "Parallel Aware": true,
                            "Startup Cost": 39108.02,
                            "Total Cost": 39108.02,
                            "Plan Rows": 71883,
                            "Plan Width": 4,
                            "Actual Startup Time": 77.322,
                            "Actual Total Time": 77.323,
                            "Actual Rows": 59117,
                            "Actual Loops": 2,
                            "Hash Buckets": 131072,
                            "Original Hash Buckets": 131072,
                            "Hash Batches": 1,
                            "Original Hash Batches": 1,
                            "Peak Memory Usage": 5664,
                            "Plans": [
                              {
                                "Node Type": "Bitmap Heap Scan",
                                "Parent Relationship": "Outer",
                                "Parallel Aware": true,
                                "Relation Name": "title",
                                "Alias": "t",
                                "Startup Cost": 2211.49,
                                "Total Cost": 39108.02,
                                "Plan Rows": 71883,
                                "Plan Width": 4,
                                "Actual Startup Time": 16.288,
                                "Actual Total Time": 58.141,
                                "Actual Rows": 59117,
                                "Actual Loops": 2,
                                "Recheck Cond": "(kind_id = 4)",
                                "Rows Removed by Index Recheck": 0,
                                "Exact Heap Blocks": 8059,
                                "Lossy Heap Blocks": 0,
                                "Plans": [
                                  {
                                    "Node Type": "Bitmap Index Scan",
                                    "Parent Relationship": "Outer",
                                    "Parallel Aware": false,
                                    "Index Name": "kind_id_title",
                                    "Startup Cost": 0.0,
                                    "Total Cost": 2180.94,
                                    "Plan Rows": 122201,
                                    "Plan Width": 0,
                                    "Actual Startup Time": 14.989,
                                    "Actual Total Time": 14.989,
                                    "Actual Rows": 118234,
                                    "Actual Loops": 1,
                                    "Index Cond": "(kind_id = 4)"
                                  }
                                ]
                              }
                            ]
                          }
                        ]
                      }
                    ]
                  }
                ]
              }
            ]
          }
        ]
      }
    ]
  },
  "Planning Time": 0.919,
  "Triggers": [],
  "Execution Time": 676.031
}