{
  "Plan": {
    "Node Type": "Aggregate",
    "Strategy": "Plain",
    "Partial Mode": "Finalize",
    "Parallel Aware": false,
    "Startup Cost": 394297.75,
    "Total Cost": 394297.76,
    "Plan Rows": 1,
    "Plan Width": 8,
    "Actual Startup Time": 2959.737,
    "Actual Total Time": 2985.224,
    "Actual Rows": 1,
    "Actual Loops": 1,
    "Plans": [
      {
        "Node Type": "Gather",
        "Parent Relationship": "Outer",
        "Parallel Aware": false,
        "Startup Cost": 394297.64,
        "Total Cost": 394297.75,
        "Plan Rows": 1,
        "Plan Width": 8,
        "Actual Startup Time": 2949.953,
        "Actual Total Time": 2985.217,
        "Actual Rows": 2,
        "Actual Loops": 1,
        "Workers Planned": 1,
        "Workers Launched": 1,
        "Single Copy": false,
        "Plans": [
          {
            "Node Type": "Aggregate",
            "Strategy": "Plain",
            "Partial Mode": "Partial",
            "Parent Relationship": "Outer",
            "Parallel Aware": false,
            "Startup Cost": 393297.64,
            "Total Cost": 393297.65,
            "Plan Rows": 1,
            "Plan Width": 8,
            "Actual Startup Time": 2943.752,
            "Actual Total Time": 2943.756,
            "Actual Rows": 1,
            "Actual Loops": 2,
            "Plans": [
              {
                "Node Type": "Merge Join",
                "Parent Relationship": "Outer",
                "Parallel Aware": false,
                "Join Type": "Inner",
                "Startup Cost": 333751.71,
                "Total Cost": 392444.07,
                "Plan Rows": 341426,
                "Plan Width": 0,
                "Actual Startup Time": 2453.612,
                "Actual Total Time": 2915.971,
                "Actual Rows": 644328,
                "Actual Loops": 2,
                "Inner Unique": false,
                "Merge Cond": "(mi_idx.movie_id = t.id)",
                "Plans": [
                  {
                    "Node Type": "Index Only Scan",
                    "Parent Relationship": "Outer",
                    "Parallel Aware": true,
                    "Scan Direction": "Forward",
                    "Index Name": "movie_id_movie_info_idx",
                    "Relation Name": "movie_info_idx",
                    "Alias": "mi_idx",
                    "Startup Cost": 0.43,
                    "Total Cost": 47937.73,
                    "Plan Rows": 811785,
                    "Plan Width": 4,
                    "Actual Startup Time": 0.132,
                    "Actual Total Time": 126.581,
                    "Actual Rows": 690018,
                    "Actual Loops": 2,
                    "Heap Fetches": 1380035
                  },
                  {
                    "Node Type": "Sort",
                    "Parent Relationship": "Inner",
                    "Parallel Aware": false,
                    "Startup Cost": 333751.17,
                    "Total Cost": 336409.59,
                    "Plan Rows": 1063366,
                    "Plan Width": 8,
                    "Actual Startup Time": 2453.401,
                    "Actual Total Time": 2608.562,
                    "Actual Rows": 1897642,
                    "Actual Loops": 2,
                    "Sort Key": [
                      "ci.movie_id"
                    ],
                    "Sort Method": "quicksort",
                    "Sort Space Used": 117976,
                    "Sort Space Type": "Memory",
                    "Workers": [
                      {
                        "Worker Number": 0,
                        "Sort Method": "quicksort",
                        "Sort Space Used": 117976,
                        "Sort Space Type": "Memory"
                      }
                    ],
                    "Plans": [
                      {
                        "Node Type": "Hash Join",
                        "Parent Relationship": "Outer",
                        "Parallel Aware": false,
                        "Join Type": "Inner",
                        "Startup Cost": 75906.9,
                        "Total Cost": 227307.14,
                        "Plan Rows": 1063366,
                        "Plan Width": 8,
                        "Actual Startup Time": 425.705,
                        "Actual Total Time": 2087.081,
                        "Actual Rows": 1468224,
                        "Actual Loops": 2,
                        "Inner Unique": true,
                        "Hash Cond": "(ci.movie_id = t.id)",
                        "Plans": [
                          {
                            "Node Type": "Index Scan",
                            "Parent Relationship": "Outer",
                            "Parallel Aware": false,
                            "Scan Direction": "Forward",
                            "Index Name": "role_id_cast_info",
                            "Relation Name": "cast_info",
                            "Alias": "ci",
                            "Startup Cost": 0.56,
                            "Total Cost": 140778.27,
                            "Plan Rows": 4046669,
                            "Plan Width": 4,
                            "Actual Startup Time": 0.141,
                            "Actual Total Time": 509.702,
                            "Actual Rows": 4008037,
                            "Actual Loops": 2,
                            "Index Cond": "(role_id = 3)",
                            "Rows Removed by Index Recheck": 0
                          },
                          {
                            "Node Type": "Hash",
                            "Parent Relationship": "Inner",
                            "Parallel Aware": false,
                            "Startup Cost": 67601.66,
                            "Total Cost": 67601.66,
                            "Plan Rows": 664374,
                            "Plan Width": 4,
                            "Actual Startup Time": 414.224,
                            "Actual Total Time": 414.225,
                            "Actual Rows": 662065,
                            "Actual Loops": 2,
                            "Hash Buckets": 1048576,
                            "Original Hash Buckets": 1048576,
                            "Hash Batches": 1,
                            "Original Hash Batches": 1,
                            "Peak Memory Usage": 31468,
                            "Plans": [
                              {
                                "Node Type": "Seq Scan",
                                "Parent Relationship": "Outer",
                                "Parallel Aware": false,
                                "Relation Name": "title",
                                "Alias": "t",
                                "Startup Cost": 0.0,
                                "Total Cost": 67601.66,
                                "Plan Rows": 664374,
                                "Plan Width": 4,
                                "Actual Startup Time": 0.045,
                                "Actual Total Time": 258.044,
                                "Actual Rows": 662065,
                                "Actual Loops": 2,
                                "Filter": "(production_year > 2008)",
                                "Rows Removed by Filter": 1866247
                              }
                            ]
                          }
                        ]
                      }
                    ]
                  }
                ]
              }
            ]
          }
        ]
      }
    ]
  },
  "Planning Time": 0.968,
  "Triggers": [],
  "Execution Time": 2999.92
}