[
  {
    "Plan": {
      "Node Type": "Aggregate",
      "Strategy": "Plain",
      "Partial Mode": "Simple",
      "Parallel Aware": false,
      "Startup Cost": 20131.72,
      "Total Cost": 20131.73,
      "Plan Rows": 1,
      "Plan Width": 8,
      "Actual Startup Time": 13.302,
      "Actual Total Time": 13.304,
      "Actual Rows": 1,
      "Actual Loops": 1,
      "Plans": [
        {
          "Node Type": "Bitmap Heap Scan",
          "Parent Relationship": "Outer",
          "Parallel Aware": false,
          "Relation Name": "movie_info",
          "Alias": "mi",
          "Startup Cost": 110.26,
          "Total Cost": 20116.94,
          "Plan Rows": 5913,
          "Plan Width": 0,
          "Actual Startup Time": 5.801,
          "Actual Total Time": 12.123,
          "Actual Rows": 6620,
          "Actual Loops": 1,
          "Recheck Cond": "(info_type_id = 75)",
          "Rows Removed by Index Recheck": 0,
          "Exact Heap Blocks": 1315,
          "Lossy Heap Blocks": 0,
          "Plans": [
            {
              "Node Type": "Bitmap Index Scan",
              "Parent Relationship": "Outer",
              "Parallel Aware": false,
              "Index Name": "info_type_id_movie_info",
              "Startup Cost": 0.0,
              "Total Cost": 108.78,
              "Plan Rows": 5913,
              "Plan Width": 0,
              "Actual Startup Time": 5.289,
              "Actual Total Time": 5.29,
              "Actual Rows": 6620,
              "Actual Loops": 1,
              "Index Cond": "(info_type_id = 75)"
            }
          ]
        }
      ]
    },
    "Planning Time": 0.151,
    "Triggers": [],
    "Execution Time": 13.369
  }
]