[
  {
    "Plan": {
      "Node Type": "Aggregate",
      "Strategy": "Plain",
      "Partial Mode": "Finalize",
      "Parallel Aware": false,
      "Startup Cost": 326876.16,
      "Total Cost": 326876.17,
      "Plan Rows": 1,
      "Plan Width": 8,
      "Actual Startup Time": 395.636,
      "Actual Total Time": 420.23,
      "Actual Rows": 1,
      "Actual Loops": 1,
      "Plans": [
        {
          "Node Type": "Gather",
          "Parent Relationship": "Outer",
          "Parallel Aware": false,
          "Startup Cost": 326875.53,
          "Total Cost": 326876.14,
          "Plan Rows": 6,
          "Plan Width": 8,
          "Actual Startup Time": 389.234,
          "Actual Total Time": 420.214,
          "Actual Rows": 7,
          "Actual Loops": 1,
          "Workers Planned": 6,
          "Workers Launched": 6,
          "Single Copy": false,
          "Plans": [
            {
              "Node Type": "Aggregate",
              "Strategy": "Plain",
              "Partial Mode": "Partial",
              "Parent Relationship": "Outer",
              "Parallel Aware": false,
              "Startup Cost": 325875.53,
              "Total Cost": 325875.54,
              "Plan Rows": 1,
              "Plan Width": 8,
              "Actual Startup Time": 376.075,
              "Actual Total Time": 376.081,
              "Actual Rows": 1,
              "Actual Loops": 7,
              "Plans": [
                {
                  "Node Type": "Nested Loop",
                  "Parent Relationship": "Outer",
                  "Parallel Aware": false,
                  "Join Type": "Inner",
                  "Startup Cost": 61465.47,
                  "Total Cost": 325852.25,
                  "Plan Rows": 9311,
                  "Plan Width": 0,
                  "Actual Startup Time": 223.246,
                  "Actual Total Time": 374.842,
                  "Actual Rows": 11989,
                  "Actual Loops": 7,
                  "Inner Unique": false,
                  "Plans": [
                    {
                      "Node Type": "Hash Join",
                      "Parent Relationship": "Outer",
                      "Parallel Aware": true,
                      "Join Type": "Inner",
                      "Startup Cost": 61465.05,
                      "Total Cost": 315857.32,
                      "Plan Rows": 17058,
                      "Plan Width": 8,
                      "Actual Startup Time": 222.836,
                      "Actual Total Time": 293.503,
                      "Actual Rows": 21283,
                      "Actual Loops": 7,
                      "Inner Unique": true,
                      "Hash Cond": "(ci.movie_id = t.id)",
                      "Plans": [
                        {
                          "Node Type": "Bitmap Heap Scan",
                          "Parent Relationship": "Outer",
                          "Parallel Aware": true,
                          "Relation Name": "cast_info",
                          "Alias": "ci",
                          "Startup Cost": 13652.15,
                          "Total Cost": 267892.79,
                          "Plan Rows": 57764,
                          "Plan Width": 4,
                          "Actual Startup Time": 38.563,
                          "Actual Total Time": 69.765,
                          "Actual Rows": 69144,
                          "Actual Loops": 7,
                          "Recheck Cond": "(person_id < 69643)",
                          "Rows Removed by Index Recheck": 0,
                          "Filter": "(role_id < 3)",
                          "Rows Removed by Filter": 23869,
                          "Exact Heap Blocks": 1483,
                          "Lossy Heap Blocks": 0,
                          "Plans": [
                            {
                              "Node Type": "Bitmap Index Scan",
                              "Parent Relationship": "Outer",
                              "Parallel Aware": false,
                              "Index Name": "person_id_cast_info",
                              "Startup Cost": 0.0,
                              "Total Cost": 13565.5,
                              "Plan Rows": 621458,
                              "Plan Width": 0,
                              "Actual Startup Time": 36.972,
                              "Actual Total Time": 36.973,
                              "Actual Rows": 651089,
                              "Actual Loops": 1,
                              "Index Cond": "(person_id < 69643)"
                            }
                          ]
                        },
                        {
                          "Node Type": "Hash",
                          "Parent Relationship": "Inner",
                          "Parallel Aware": true,
                          "Startup Cost": 45479.59,
                          "Total Cost": 45479.59,
                          "Plan Rows": 186665,
                          "Plan Width": 4,
                          "Actual Startup Time": 180.62,
                          "Actual Total Time": 180.622,
                          "Actual Rows": 113805,
                          "Actual Loops": 7,
                          "Hash Buckets": 1048576,
                          "Original Hash Buckets": 1048576,
                          "Hash Batches": 1,
                          "Original Hash Batches": 1,
                          "Peak Memory Usage": 39488,
                          "Plans": [
                            {
                              "Node Type": "Seq Scan",
                              "Parent Relationship": "Outer",
                              "Parallel Aware": true,
                              "Relation Name": "title",
                              "Alias": "t",
                              "Startup Cost": 0.0,
                              "Total Cost": 45479.59,
                              "Plan Rows": 186665,
                              "Plan Width": 4,
                              "Actual Startup Time": 0.047,
                              "Actual Total Time": 104.561,
                              "Actual Rows": 113805,
                              "Actual Loops": 7,
                              "Filter": "((kind_id > 1) AND (production_year > 2005))",
                              "Rows Removed by Filter": 247382
                            }
                          ]
                        }
                      ]
                    },
                    {
                      "Node Type": "Index Only Scan",
                      "Parent Relationship": "Inner",
                      "Parallel Aware": false,
                      "Scan Direction": "Forward",
                      "Index Name": "movie_id_movie_info_idx",
                      "Relation Name": "movie_info_idx",
                      "Alias": "mi_idx",
                      "Startup Cost": 0.43,
                      "Total Cost": 0.56,
                      "Plan Rows": 3,
                      "Plan Width": 4,
                      "Actual Startup Time": 0.003,
                      "Actual Total Time": 0.003,
                      "Actual Rows": 1,
                      "Actual Loops": 148980,
                      "Index Cond": "(movie_id = t.id)",
                      "Rows Removed by Index Recheck": 0,
                      "Heap Fetches": 83925
                    }
                  ]
                }
              ]
            }
          ]
        }
      ]
    },
    "Planning Time": 1.166,
    "Triggers": [],
    "Execution Time": 420.352
  }
]