[
  {
    "Plan": {
      "Node Type": "Aggregate",
      "Strategy": "Plain",
      "Partial Mode": "Finalize",
      "Parallel Aware": false,
      "Startup Cost": 44561.39,
      "Total Cost": 44561.4,
      "Plan Rows": 1,
      "Plan Width": 8,
      "Actual Startup Time": 130.477,
      "Actual Total Time": 140.147,
      "Actual Rows": 1,
      "Actual Loops": 1,
      "Plans": [
        {
          "Node Type": "Gather",
          "Parent Relationship": "Outer",
          "Parallel Aware": false,
          "Startup Cost": 44561.07,
          "Total Cost": 44561.38,
          "Plan Rows": 3,
          "Plan Width": 8,
          "Actual Startup Time": 130.38,
          "Actual Total Time": 140.138,
          "Actual Rows": 4,
          "Actual Loops": 1,
          "Workers Planned": 3,
          "Workers Launched": 3,
          "Single Copy": false,
          "Plans": [
            {
              "Node Type": "Aggregate",
              "Strategy": "Plain",
              "Partial Mode": "Partial",
              "Parent Relationship": "Outer",
              "Parallel Aware": false,
              "Startup Cost": 43561.07,
              "Total Cost": 43561.08,
              "Plan Rows": 1,
              "Plan Width": 8,
              "Actual Startup Time": 123.991,
              "Actual Total Time": 123.992,
              "Actual Rows": 1,
              "Actual Loops": 4,
              "Plans": [
                {
                  "Node Type": "Seq Scan",
                  "Parent Relationship": "Outer",
                  "Parallel Aware": true,
                  "Relation Name": "movie_keyword",
                  "Alias": "mk",
                  "Startup Cost": 0.0,
                  "Total Cost": 42695.65,
                  "Plan Rows": 346168,
                  "Plan Width": 0,
                  "Actual Startup Time": 0.056,
                  "Actual Total Time": 109.593,
                  "Actual Rows": 271408,
                  "Actual Loops": 4,
                  "Filter": "(keyword_id < 1104)",
                  "Rows Removed by Filter": 859575
                }
              ]
            }
          ]
        }
      ]
    },
    "Planning Time": 0.191,
    "Triggers": [],
    "Execution Time": 140.205
  }
]