[
  {
    "Plan": {
      "Node Type": "Aggregate",
      "Strategy": "Plain",
      "Partial Mode": "Finalize",
      "Parallel Aware": false,
      "Startup Cost": 255429.12,
      "Total Cost": 255429.13,
      "Plan Rows": 1,
      "Plan Width": 8,
      "Actual Startup Time": 1373.99,
      "Actual Total Time": 1431.943,
      "Actual Rows": 1,
      "Actual Loops": 1,
      "Plans": [
        {
          "Node Type": "Gather",
          "Parent Relationship": "Outer",
          "Parallel Aware": false,
          "Startup Cost": 255428.6,
          "Total Cost": 255429.11,
          "Plan Rows": 5,
          "Plan Width": 8,
          "Actual Startup Time": 1357.789,
          "Actual Total Time": 1431.93,
          "Actual Rows": 6,
          "Actual Loops": 1,
          "Workers Planned": 5,
          "Workers Launched": 5,
          "Single Copy": false,
          "Plans": [
            {
              "Node Type": "Aggregate",
              "Strategy": "Plain",
              "Partial Mode": "Partial",
              "Parent Relationship": "Outer",
              "Parallel Aware": false,
              "Startup Cost": 254428.6,
              "Total Cost": 254428.61,
              "Plan Rows": 1,
              "Plan Width": 8,
              "Actual Startup Time": 1341.92,
              "Actual Total Time": 1341.923,
              "Actual Rows": 1,
              "Actual Loops": 6,
              "Plans": [
                {
                  "Node Type": "Hash Join",
                  "Parent Relationship": "Outer",
                  "Parallel Aware": true,
                  "Join Type": "Inner",
                  "Startup Cost": 49528.84,
                  "Total Cost": 252477.62,
                  "Plan Rows": 780391,
                  "Plan Width": 0,
                  "Actual Startup Time": 322.559,
                  "Actual Total Time": 1316.348,
                  "Actual Rows": 392936,
                  "Actual Loops": 6,
                  "Inner Unique": true,
                  "Hash Cond": "(mi.movie_id = t.id)",
                  "Plans": [
                    {
                      "Node Type": "Seq Scan",
                      "Parent Relationship": "Outer",
                      "Parallel Aware": true,
                      "Relation Name": "movie_info",
                      "Alias": "mi",
                      "Startup Cost": 0.0,
                      "Total Cost": 198952.16,
                      "Plan Rows": 1522520,
                      "Plan Width": 4,
                      "Actual Startup Time": 26.714,
                      "Actual Total Time": 521.164,
                      "Actual Rows": 1258142,
                      "Actual Loops": 6,
                      "Filter": "(info_type_id > 7)",
                      "Rows Removed by Filter": 1214478
                    },
                    {
                      "Node Type": "Hash",
                      "Parent Relationship": "Inner",
                      "Parallel Aware": true,
                      "Startup Cost": 45479.1,
                      "Total Cost": 45479.1,
                      "Plan Rows": 323979,
                      "Plan Width": 4,
                      "Actual Startup Time": 289.788,
                      "Actual Total Time": 289.788,
                      "Actual Rows": 229048,
                      "Actual Loops": 6,
                      "Hash Buckets": 2097152,
                      "Original Hash Buckets": 2097152,
                      "Hash Batches": 1,
                      "Original Hash Batches": 1,
                      "Peak Memory Usage": 70240,
                      "Plans": [
                        {
                          "Node Type": "Seq Scan",
                          "Parent Relationship": "Outer",
                          "Parallel Aware": true,
                          "Relation Name": "title",
                          "Alias": "t",
                          "Startup Cost": 0.0,
                          "Total Cost": 45479.1,
                          "Plan Rows": 323979,
                          "Plan Width": 4,
                          "Actual Startup Time": 0.059,
                          "Actual Total Time": 133.714,
                          "Actual Rows": 229048,
                          "Actual Loops": 6,
                          "Filter": "((production_year > 1967) AND (kind_id = 7))",
                          "Rows Removed by Filter": 192338
                        }
                      ]
                    }
                  ]
                }
              ]
            }
          ]
        }
      ]
    },
    "Planning Time": 0.668,
    "Triggers": [],
    "Execution Time": 1432.037
  }
]