{
  "Plan": {
    "Node Type": "Aggregate",
    "Strategy": "Plain",
    "Partial Mode": "Finalize",
    "Parallel Aware": false,
    "Startup Cost": 170156.22,
    "Total Cost": 170156.23,
    "Plan Rows": 1,
    "Plan Width": 8,
    "Actual Startup Time": 1289.482,
    "Actual Total Time": 1306.092,
    "Actual Rows": 1,
    "Actual Loops": 1,
    "Plans": [
      {
        "Node Type": "Gather",
        "Parent Relationship": "Outer",
        "Parallel Aware": false,
        "Startup Cost": 170156.11,
        "Total Cost": 170156.22,
        "Plan Rows": 1,
        "Plan Width": 8,
        "Actual Startup Time": 1287.663,
        "Actual Total Time": 1306.085,
        "Actual Rows": 2,
        "Actual Loops": 1,
        "Workers Planned": 1,
        "Workers Launched": 1,
        "Single Copy": false,
        "Plans": [
          {
            "Node Type": "Aggregate",
            "Strategy": "Plain",
            "Partial Mode": "Partial",
            "Parent Relationship": "Outer",
            "Parallel Aware": false,
            "Startup Cost": 169156.11,
            "Total Cost": 169156.12,
            "Plan Rows": 1,
            "Plan Width": 8,
            "Actual Startup Time": 1281.565,
            "Actual Total Time": 1281.571,
            "Actual Rows": 1,
            "Actual Loops": 2,
            "Plans": [
              {
                "Node Type": "Hash Join",
                "Parent Relationship": "Outer",
                "Parallel Aware": true,
                "Join Type": "Inner",
                "Startup Cost": 101310.61,
                "Total Cost": 168824.37,
                "Plan Rows": 132696,
                "Plan Width": 0,
                "Actual Startup Time": 456.686,
                "Actual Total Time": 1100.848,
                "Actual Rows": 4477676,
                "Actual Loops": 2,
                "Inner Unique": false,
                "Hash Cond": "(mk.movie_id = t.id)",
                "Plans": [
                  {
                    "Node Type": "Seq Scan",
                    "Parent Relationship": "Outer",
                    "Parallel Aware": true,
                    "Relation Name": "movie_keyword",
                    "Alias": "mk",
                    "Startup Cost": 0.0,
                    "Total Cost": 57718.19,
                    "Plan Rows": 2404003,
                    "Plan Width": 4,
                    "Actual Startup Time": 0.028,
                    "Actual Total Time": 192.599,
                    "Actual Rows": 2035300,
                    "Actual Loops": 2,
                    "Filter": "(keyword_id > 347)",
                    "Rows Removed by Filter": 226665
                  },
                  {
                    "Node Type": "Hash",
                    "Parent Relationship": "Inner",
                    "Parallel Aware": true,
                    "Startup Cost": 100284.46,
                    "Total Cost": 100284.46,
                    "Plan Rows": 82092,
                    "Plan Width": 8,
                    "Actual Startup Time": 453.021,
                    "Actual Total Time": 453.026,
                    "Actual Rows": 215320,
                    "Actual Loops": 2,
                    "Hash Buckets": 524288,
                    "Original Hash Buckets": 262144,
                    "Hash Batches": 1,
                    "Original Hash Batches": 1,
                    "Peak Memory Usage": 23040,
                    "Plans": [
                      {
                        "Node Type": "Hash Join",
                        "Parent Relationship": "Outer",
                        "Parallel Aware": true,
                        "Join Type": "Inner",
                        "Startup Cost": 60326.44,
                        "Total Cost": 100284.46,
                        "Plan Rows": 82092,
                        "Plan Width": 8,
                        "Actual Startup Time": 188.586,
                        "Actual Total Time": 405.612,
                        "Actual Rows": 215320,
                        "Actual Loops": 2,
                        "Inner Unique": true,
                        "Hash Cond": "(mc.movie_id = t.id)",
                        "Plans": [
                          {
                            "Node Type": "Seq Scan",
                            "Parent Relationship": "Outer",
                            "Parallel Aware": true,
                            "Relation Name": "movie_companies",
                            "Alias": "mc",
                            "Startup Cost": 0.0,
                            "Total Cost": 37974.77,
                            "Plan Rows": 755522,
                            "Plan Width": 4,
                            "Actual Startup Time": 0.013,
                            "Actual Total Time": 108.901,
                            "Actual Rows": 637123,
                            "Actual Loops": 2,
                            "Filter": "(company_type_id < 2)",
                            "Rows Removed by Filter": 667442
                          },
                          {
                            "Node Type": "Hash",
                            "Parent Relationship": "Inner",
                            "Parallel Aware": true,
                            "Startup Cost": 58306.47,
                            "Total Cost": 58306.47,
                            "Plan Rows": 161598,
                            "Plan Width": 4,
                            "Actual Startup Time": 184.825,
                            "Actual Total Time": 184.825,
                            "Actual Rows": 196010,
                            "Actual Loops": 2,
                            "Hash Buckets": 524288,
                            "Original Hash Buckets": 524288,
                            "Hash Batches": 1,
                            "Original Hash Batches": 1,
                            "Peak Memory Usage": 19456,
                            "Plans": [
                              {
                                "Node Type": "Seq Scan",
                                "Parent Relationship": "Outer",
                                "Parallel Aware": true,
                                "Relation Name": "title",
                                "Alias": "t",
                                "Startup Cost": 0.0,
                                "Total Cost": 58306.47,
                                "Plan Rows": 161598,
                                "Plan Width": 4,
                                "Actual Startup Time": 0.042,
                                "Actual Total Time": 140.469,
                                "Actual Rows": 196010,
                                "Actual Loops": 2,
                                "Filter": "((kind_id < 7) AND (production_year < 1991))",
                                "Rows Removed by Filter": 1068146
                              }
                            ]
                          }
                        ]
                      }
                    ]
                  }
                ]
              }
            ]
          }
        ]
      }
    ]
  },
  "Planning Time": 0.997,
  "Triggers": [],
  "Execution Time": 1306.169
}