[
  {
    "Plan": {
      "Node Type": "Aggregate",
      "Strategy": "Plain",
      "Partial Mode": "Simple",
      "Parallel Aware": false,
      "Startup Cost": 10852.45,
      "Total Cost": 10852.46,
      "Plan Rows": 1,
      "Plan Width": 128,
      "Actual Startup Time": 989.09,
      "Actual Total Time": 989.102,
      "Actual Rows": 1,
      "Actual Loops": 1,
      "Plans": [
        {
          "Node Type": "Nested Loop",
          "Parent Relationship": "Outer",
          "Parallel Aware": false,
          "Join Type": "Inner",
          "Startup Cost": 5.26,
          "Total Cost": 10852.44,
          "Plan Rows": 1,
          "Plan Width": 53,
          "Actual Startup Time": 53.311,
          "Actual Total Time": 988.669,
          "Actual Rows": 673,
          "Actual Loops": 1,
          "Inner Unique": true,
          "Plans": [
            {
              "Node Type": "Nested Loop",
              "Parent Relationship": "Outer",
              "Parallel Aware": false,
              "Join Type": "Inner",
              "Startup Cost": 4.83,
              "Total Cost": 10851.99,
              "Plan Rows": 1,
              "Plan Width": 42,
              "Actual Startup Time": 53.232,
              "Actual Total Time": 979.773,
              "Actual Rows": 673,
              "Actual Loops": 1,
              "Inner Unique": true,
              "Plans": [
                {
                  "Node Type": "Nested Loop",
                  "Parent Relationship": "Outer",
                  "Parallel Aware": false,
                  "Join Type": "Inner",
                  "Startup Cost": 4.41,
                  "Total Cost": 10849.73,
                  "Plan Rows": 5,
                  "Plan Width": 46,
                  "Actual Startup Time": 8.752,
                  "Actual Total Time": 737.658,
                  "Actual Rows": 88676,
                  "Actual Loops": 1,
                  "Inner Unique": false,
                  "Join Filter": "(t.id = mk.movie_id)",
                  "Rows Removed by Join Filter": 0,
                  "Plans": [
                    {
                      "Node Type": "Nested Loop",
                      "Parent Relationship": "Outer",
                      "Parallel Aware": false,
                      "Join Type": "Inner",
                      "Startup Cost": 3.98,
                      "Total Cost": 10847.91,
                      "Plan Rows": 1,
                      "Plan Width": 58,
                      "Actual Startup Time": 8.661,
                      "Actual Total Time": 698.208,
                      "Actual Rows": 456,
                      "Actual Loops": 1,
                      "Inner Unique": true,
                      "Plans": [
                        {
                          "Node Type": "Nested Loop",
                          "Parent Relationship": "Outer",
                          "Parallel Aware": false,
                          "Join Type": "Inner",
                          "Startup Cost": 3.55,
                          "Total Cost": 10838.29,
                          "Plan Rows": 21,
                          "Plan Width": 46,
                          "Actual Startup Time": 6.497,
                          "Actual Total Time": 598.864,
                          "Actual Rows": 19021,
                          "Actual Loops": 1,
                          "Inner Unique": false,
                          "Plans": [
                            {
                              "Node Type": "Nested Loop",
                              "Parent Relationship": "Outer",
                              "Parallel Aware": false,
                              "Join Type": "Inner",
                              "Startup Cost": 2.98,
                              "Total Cost": 10834.81,
                              "Plan Rows": 1,
                              "Plan Width": 34,
                              "Actual Startup Time": 6.413,
                              "Actual Total Time": 472.042,
                              "Actual Rows": 154,
                              "Actual Loops": 1,
                              "Inner Unique": false,
                              "Join Filter": "(t.kind_id = kt.id)",
                              "Rows Removed by Join Filter": 2807,
                              "Plans": [
                                {
                                  "Node Type": "Seq Scan",
                                  "Parent Relationship": "Outer",
                                  "Parallel Aware": false,
                                  "Relation Name": "kind_type",
                                  "Alias": "kt",
                                  "Startup Cost": 0.0,
                                  "Total Cost": 1.09,
                                  "Plan Rows": 1,
                                  "Plan Width": 4,
                                  "Actual Startup Time": 0.014,
                                  "Actual Total Time": 0.017,
                                  "Actual Rows": 1,
                                  "Actual Loops": 1,
                                  "Filter": "((kind)::text = 'movie'::text)",
                                  "Rows Removed by Filter": 6
                                },
                                {
                                  "Node Type": "Nested Loop",
                                  "Parent Relationship": "Inner",
                                  "Parallel Aware": false,
                                  "Join Type": "Inner",
                                  "Startup Cost": 2.98,
                                  "Total Cost": 10833.6,
                                  "Plan Rows": 10,
                                  "Plan Width": 38,
                                  "Actual Startup Time": 0.903,
                                  "Actual Total Time": 471.572,
                                  "Actual Rows": 2961,
                                  "Actual Loops": 1,
                                  "Inner Unique": true,
                                  "Join Filter": "(cc.movie_id = t.id)",
                                  "Rows Removed by Join Filter": 0,
                                  "Plans": [
                                    {
                                      "Node Type": "Nested Loop",
                                      "Parent Relationship": "Outer",
                                      "Parallel Aware": false,
                                      "Join Type": "Inner",
                                      "Startup Cost": 2.55,
                                      "Total Cost": 10788.76,
                                      "Plan Rows": 32,
                                      "Plan Width": 13,
                                      "Actual Startup Time": 0.612,
                                      "Actual Total Time": 356.832,
                                      "Actual Rows": 17898,
                                      "Actual Loops": 1,
                                      "Inner Unique": false,
                                      "Join Filter": "(mi_idx.info_type_id = it2.id)",
                                      "Rows Removed by Join Filter": 8960,
                                      "Plans": [
                                        {
                                          "Node Type": "Seq Scan",
                                          "Parent Relationship": "Outer",
                                          "Parallel Aware": false,
                                          "Relation Name": "info_type",
                                          "Alias": "it2",
                                          "Startup Cost": 0.0,
                                          "Total Cost": 2.41,
                                          "Plan Rows": 1,
                                          "Plan Width": 4,
                                          "Actual Startup Time": 0.015,
                                          "Actual Total Time": 0.019,
                                          "Actual Rows": 1,
                                          "Actual Loops": 1,
                                          "Filter": "((info)::text = 'rating'::text)",
                                          "Rows Removed by Filter": 112
                                        },
                                        {
                                          "Node Type": "Nested Loop",
                                          "Parent Relationship": "Inner",
                                          "Parallel Aware": false,
                                          "Join Type": "Inner",
                                          "Startup Cost": 2.55,
                                          "Total Cost": 10741.07,
                                          "Plan Rows": 3622,
                                          "Plan Width": 17,
                                          "Actual Startup Time": 0.358,
                                          "Actual Total Time": 351.984,
                                          "Actual Rows": 26858,
                                          "Actual Loops": 1,
                                          "Inner Unique": false,
                                          "Plans": [
                                            {
                                              "Node Type": "Hash Join",
                                              "Parent Relationship": "Outer",
                                              "Parallel Aware": false,
                                              "Join Type": "Inner",
                                              "Startup Cost": 2.12,
                                              "Total Cost": 2996.88,
                                              "Plan Rows": 8443,
                                              "Plan Width": 4,
                                              "Actual Startup Time": 0.149,
                                              "Actual Total Time": 65.182,
                                              "Actual Rows": 85941,
                                              "Actual Loops": 1,
                                              "Inner Unique": true,
                                              "Hash Cond": "(cc.status_id = cct2.id)",
                                              "Plans": [
                                                {
                                                  "Node Type": "Hash Join",
                                                  "Parent Relationship": "Outer",
                                                  "Parallel Aware": false,
                                                  "Join Type": "Inner",
                                                  "Startup Cost": 1.06,
                                                  "Total Cost": 2813.24,
                                                  "Plan Rows": 33772,
                                                  "Plan Width": 8,
                                                  "Actual Startup Time": 0.063,
                                                  "Actual Total Time": 45.913,
                                                  "Actual Rows": 85941,
                                                  "Actual Loops": 1,
                                                  "Inner Unique": true,
                                                  "Hash Cond": "(cc.subject_id = cct1.id)",
                                                  "Plans": [
                                                    {
                                                      "Node Type": "Seq Scan",
                                                      "Parent Relationship": "Outer",
                                                      "Parallel Aware": false,
                                                      "Relation Name": "complete_cast",
                                                      "Alias": "cc",
                                                      "Startup Cost": 0.0,
                                                      "Total Cost": 2081.86,
                                                      "Plan Rows": 135086,
                                                      "Plan Width": 12,
                                                      "Actual Startup Time": 0.027,
                                                      "Actual Total Time": 15.29,
                                                      "Actual Rows": 135086,
                                                      "Actual Loops": 1
                                                    },
                                                    {
                                                      "Node Type": "Hash",
                                                      "Parent Relationship": "Inner",
                                                      "Parallel Aware": false,
                                                      "Startup Cost": 1.05,
                                                      "Total Cost": 1.05,
                                                      "Plan Rows": 1,
                                                      "Plan Width": 4,
                                                      "Actual Startup Time": 0.01,
                                                      "Actual Total Time": 0.012,
                                                      "Actual Rows": 1,
                                                      "Actual Loops": 1,
                                                      "Hash Buckets": 1024,
                                                      "Original Hash Buckets": 1024,
                                                      "Hash Batches": 1,
                                                      "Original Hash Batches": 1,
                                                      "Peak Memory Usage": 9,
                                                      "Plans": [
                                                        {
                                                          "Node Type": "Seq Scan",
                                                          "Parent Relationship": "Outer",
                                                          "Parallel Aware": false,
                                                          "Relation Name": "comp_cast_type",
                                                          "Alias": "cct1",
                                                          "Startup Cost": 0.0,
                                                          "Total Cost": 1.05,
                                                          "Plan Rows": 1,
                                                          "Plan Width": 4,
                                                          "Actual Startup Time": 0.004,
                                                          "Actual Total Time": 0.006,
                                                          "Actual Rows": 1,
                                                          "Actual Loops": 1,
                                                          "Filter": "((kind)::text = 'cast'::text)",
                                                          "Rows Removed by Filter": 3
                                                        }
                                                      ]
                                                    }
                                                  ]
                                                },
                                                {
                                                  "Node Type": "Hash",
                                                  "Parent Relationship": "Inner",
                                                  "Parallel Aware": false,
                                                  "Startup Cost": 1.05,
                                                  "Total Cost": 1.05,
                                                  "Plan Rows": 1,
                                                  "Plan Width": 4,
                                                  "Actual Startup Time": 0.021,
                                                  "Actual Total Time": 0.022,
                                                  "Actual Rows": 2,
                                                  "Actual Loops": 1,
                                                  "Hash Buckets": 1024,
                                                  "Original Hash Buckets": 1024,
                                                  "Hash Batches": 1,
                                                  "Original Hash Batches": 1,
                                                  "Peak Memory Usage": 9,
                                                  "Plans": [
                                                    {
                                                      "Node Type": "Seq Scan",
                                                      "Parent Relationship": "Outer",
                                                      "Parallel Aware": false,
                                                      "Relation Name": "comp_cast_type",
                                                      "Alias": "cct2",
                                                      "Startup Cost": 0.0,
                                                      "Total Cost": 1.05,
                                                      "Plan Rows": 1,
                                                      "Plan Width": 4,
                                                      "Actual Startup Time": 0.01,
                                                      "Actual Total Time": 0.012,
                                                      "Actual Rows": 2,
                                                      "Actual Loops": 1,
                                                      "Filter": "((kind)::text ~~ '%complete%'::text)",
                                                      "Rows Removed by Filter": 2
                                                    }
                                                  ]
                                                }
                                              ]
                                            },
                                            {
                                              "Node Type": "Index Scan",
                                              "Parent Relationship": "Inner",
                                              "Parallel Aware": false,
                                              "Scan Direction": "Forward",
                                              "Index Name": "movie_id_movie_info_idx",
                                              "Relation Name": "movie_info_idx",
                                              "Alias": "mi_idx",
                                              "Startup Cost": 0.43,
                                              "Total Cost": 0.91,
                                              "Plan Rows": 1,
                                              "Plan Width": 13,
                                              "Actual Startup Time": 0.003,
                                              "Actual Total Time": 0.003,
                                              "Actual Rows": 0,
                                              "Actual Loops": 85941,
                                              "Index Cond": "(movie_id = cc.movie_id)",
                                              "Rows Removed by Index Recheck": 0,
                                              "Filter": "(info > '7.0'::text)",
                                              "Rows Removed by Filter": 2
                                            }
                                          ]
                                        }
                                      ]
                                    },
                                    {
                                      "Node Type": "Index Scan",
                                      "Parent Relationship": "Inner",
                                      "Parallel Aware": false,
                                      "Scan Direction": "Forward",
                                      "Index Name": "title_pkey",
                                      "Relation Name": "title",
                                      "Alias": "t",
                                      "Startup Cost": 0.43,
                                      "Total Cost": 1.39,
                                      "Plan Rows": 1,
                                      "Plan Width": 25,
                                      "Actual Startup Time": 0.006,
                                      "Actual Total Time": 0.006,
                                      "Actual Rows": 0,
                                      "Actual Loops": 17898,
                                      "Index Cond": "(id = mi_idx.movie_id)",
                                      "Rows Removed by Index Recheck": 0,
                                      "Filter": "(production_year > 2007)",
                                      "Rows Removed by Filter": 1
                                    }
                                  ]
                                }
                              ]
                            },
                            {
                              "Node Type": "Index Scan",
                              "Parent Relationship": "Inner",
                              "Parallel Aware": false,
                              "Scan Direction": "Forward",
                              "Index Name": "movie_id_cast_info",
                              "Relation Name": "cast_info",
                              "Alias": "ci",
                              "Startup Cost": 0.56,
                              "Total Cost": 3.14,
                              "Plan Rows": 35,
                              "Plan Width": 12,
                              "Actual Startup Time": 0.035,
                              "Actual Total Time": 0.782,
                              "Actual Rows": 124,
                              "Actual Loops": 154,
                              "Index Cond": "(movie_id = t.id)",
                              "Rows Removed by Index Recheck": 0
                            }
                          ]
                        },
                        {
                          "Node Type": "Index Scan",
                          "Parent Relationship": "Inner",
                          "Parallel Aware": false,
                          "Scan Direction": "Forward",
                          "Index Name": "char_name_pkey",
                          "Relation Name": "char_name",
                          "Alias": "chn",
                          "Startup Cost": 0.43,
                          "Total Cost": 0.46,
                          "Plan Rows": 1,
                          "Plan Width": 20,
                          "Actual Startup Time": 0.005,
                          "Actual Total Time": 0.005,
                          "Actual Rows": 0,
                          "Actual Loops": 19021,
                          "Index Cond": "(id = ci.person_role_id)",
                          "Rows Removed by Index Recheck": 0,
                          "Filter": "((name IS NOT NULL) AND ((name ~~ '%man%'::text) OR (name ~~ '%Man%'::text)))",
                          "Rows Removed by Filter": 0
                        }
                      ]
                    },
                    {
                      "Node Type": "Index Scan",
                      "Parent Relationship": "Inner",
                      "Parallel Aware": false,
                      "Scan Direction": "Forward",
                      "Index Name": "movie_id_movie_keyword",
                      "Relation Name": "movie_keyword",
                      "Alias": "mk",
                      "Startup Cost": 0.43,
                      "Total Cost": 1.24,
                      "Plan Rows": 46,
                      "Plan Width": 8,
                      "Actual Startup Time": 0.013,
                      "Actual Total Time": 0.049,
                      "Actual Rows": 194,
                      "Actual Loops": 456,
                      "Index Cond": "(movie_id = ci.movie_id)",
                      "Rows Removed by Index Recheck": 0
                    }
                  ]
                },
                {
                  "Node Type": "Index Scan",
                  "Parent Relationship": "Inner",
                  "Parallel Aware": false,
                  "Scan Direction": "Forward",
                  "Index Name": "keyword_pkey",
                  "Relation Name": "keyword",
                  "Alias": "k",
                  "Startup Cost": 0.42,
                  "Total Cost": 0.45,
                  "Plan Rows": 1,
                  "Plan Width": 4,
                  "Actual Startup Time": 0.002,
                  "Actual Total Time": 0.002,
                  "Actual Rows": 0,
                  "Actual Loops": 88676,
                  "Index Cond": "(id = mk.keyword_id)",
                  "Rows Removed by Index Recheck": 0,
                  "Filter": "(keyword = ANY ('{superhero,marvel-comics,second-part,blood,superhero,superhero,murder,martial-arts,sequel,marvel-cinematic-universe}'::text[]))",
                  "Rows Removed by Filter": 1
                }
              ]
            },
            {
              "Node Type": "Index Scan",
              "Parent Relationship": "Inner",
              "Parallel Aware": false,
              "Scan Direction": "Forward",
              "Index Name": "name_pkey",
              "Relation Name": "name",
              "Alias": "n",
              "Startup Cost": 0.43,
              "Total Cost": 0.46,
              "Plan Rows": 1,
              "Plan Width": 19,
              "Actual Startup Time": 0.012,
              "Actual Total Time": 0.012,
              "Actual Rows": 1,
              "Actual Loops": 673,
              "Index Cond": "(id = ci.person_id)",
              "Rows Removed by Index Recheck": 0
            }
          ]
        }
      ]
    },
    "Planning Time": 100.793,
    "Triggers": [],
    "Execution Time": 989.551
  }
]