{
    "Plan": {
        "Node Type": "Aggregate",
        "Strategy": "Plain",
        "Partial Mode": "Finalize",
        "Parallel Aware": false,
        "Startup Cost": 403512.36,
        "Total Cost": 403512.37,
        "Plan Rows": 1,
        "Plan Width": 8,
        "Actual Startup Time": 2703.594,
        "Actual Total Time": 2753.42,
        "Actual Rows": 1,
        "Actual Loops": 1,
        "Output": [
            "count(*)"
        ],
        "Plans": [
            {
                "Node Type": "Gather",
                "Parent Relationship": "Outer",
                "Parallel Aware": false,
                "Startup Cost": 403511.73,
                "Total Cost": 403512.34,
                "Plan Rows": 6,
                "Plan Width": 8,
                "Actual Startup Time": 2679.981,
                "Actual Total Time": 2753.406,
                "Actual Rows": 7,
                "Actual Loops": 1,
                "Output": [
                    "(PARTIAL count(*))"
                ],
                "Workers Planned": 6,
                "Workers Launched": 6,
                "Single Copy": false,
                "Plans": [
                    {
                        "Node Type": "Aggregate",
                        "Strategy": "Plain",
                        "Partial Mode": "Partial",
                        "Parent Relationship": "Outer",
                        "Parallel Aware": false,
                        "Startup Cost": 402511.73,
                        "Total Cost": 402511.74,
                        "Plan Rows": 1,
                        "Plan Width": 8,
                        "Actual Startup Time": 2658.553,
                        "Actual Total Time": 2658.557,
                        "Actual Rows": 1,
                        "Actual Loops": 7,
                        "Output": [
                            "PARTIAL count(*)"
                        ],
                        "Workers": [
                            {
                                "Worker Number": 0,
                                "Actual Startup Time": 2654.845,
                                "Actual Total Time": 2654.847,
                                "Actual Rows": 1,
                                "Actual Loops": 1
                            },
                            {
                                "Worker Number": 1,
                                "Actual Startup Time": 2656.154,
                                "Actual Total Time": 2656.156,
                                "Actual Rows": 1,
                                "Actual Loops": 1
                            },
                            {
                                "Worker Number": 2,
                                "Actual Startup Time": 2654.812,
                                "Actual Total Time": 2654.816,
                                "Actual Rows": 1,
                                "Actual Loops": 1
                            },
                            {
                                "Worker Number": 3,
                                "Actual Startup Time": 2655.058,
                                "Actual Total Time": 2655.06,
                                "Actual Rows": 1,
                                "Actual Loops": 1
                            },
                            {
                                "Worker Number": 4,
                                "Actual Startup Time": 2654.827,
                                "Actual Total Time": 2654.83,
                                "Actual Rows": 1,
                                "Actual Loops": 1
                            },
                            {
                                "Worker Number": 5,
                                "Actual Startup Time": 2655.056,
                                "Actual Total Time": 2655.058,
                                "Actual Rows": 1,
                                "Actual Loops": 1
                            }
                        ],
                        "Plans": [
                            {
                                "Node Type": "Hash Join",
                                "Parent Relationship": "Outer",
                                "Parallel Aware": true,
                                "Join Type": "Inner",
                                "Startup Cost": 50545.41,
                                "Total Cost": 391946.55,
                                "Plan Rows": 4226073,
                                "Plan Width": 0,
                                "Actual Startup Time": 287.636,
                                "Actual Total Time": 2503.766,
                                "Actual Rows": 3842523,
                                "Actual Loops": 7,
                                "Inner Unique": true,
                                "Hash Cond": "(ci.movie_id = t.id)",
                                "Workers": [
                                    {
                                        "Worker Number": 0,
                                        "Actual Startup Time": 284.098,
                                        "Actual Total Time": 2508.352,
                                        "Actual Rows": 3638103,
                                        "Actual Loops": 1
                                    },
                                    {
                                        "Worker Number": 1,
                                        "Actual Startup Time": 284.144,
                                        "Actual Total Time": 2501.191,
                                        "Actual Rows": 3944107,
                                        "Actual Loops": 1
                                    },
                                    {
                                        "Worker Number": 2,
                                        "Actual Startup Time": 284.098,
                                        "Actual Total Time": 2508.526,
                                        "Actual Rows": 3634532,
                                        "Actual Loops": 1
                                    },
                                    {
                                        "Worker Number": 3,
                                        "Actual Startup Time": 284.301,
                                        "Actual Total Time": 2499.172,
                                        "Actual Rows": 3969005,
                                        "Actual Loops": 1
                                    },
                                    {
                                        "Worker Number": 4,
                                        "Actual Startup Time": 284.111,
                                        "Actual Total Time": 2509.52,
                                        "Actual Rows": 3602937,
                                        "Actual Loops": 1
                                    },
                                    {
                                        "Worker Number": 5,
                                        "Actual Startup Time": 284.302,
                                        "Actual Total Time": 2499.756,
                                        "Actual Rows": 3944592,
                                        "Actual Loops": 1
                                    }
                                ],
                                "Plans": [
                                    {
                                        "Node Type": "Seq Scan",
                                        "Parent Relationship": "Outer",
                                        "Parallel Aware": true,
                                        "Relation Name": "cast_info",
                                        "Schema": "public",
                                        "Alias": "ci",
                                        "Startup Cost": 0.0,
                                        "Total Cost": 328213.62,
                                        "Plan Rows": 5023811,
                                        "Plan Width": 4,
                                        "Actual Startup Time": 62.209,
                                        "Actual Total Time": 602.703,
                                        "Actual Rows": 4275297,
                                        "Actual Loops": 7,
                                        "Output": [
                                            "ci.id",
                                            "ci.person_id",
                                            "ci.movie_id",
                                            "ci.person_role_id",
                                            "ci.note",
                                            "ci.nr_order",
                                            "ci.role_id"
                                        ],
                                        "Filter": "(ci.person_id > 609521)",
                                        "Rows Removed by Filter": 902466,
                                        "Workers": [
                                            {
                                                "Worker Number": 0,
                                                "Actual Startup Time": 62.132,
                                                "Actual Total Time": 609.971,
                                                "Actual Rows": 4053408,
                                                "Actual Loops": 1
                                            },
                                            {
                                                "Worker Number": 1,
                                                "Actual Startup Time": 62.274,
                                                "Actual Total Time": 621.216,
                                                "Actual Rows": 4382458,
                                                "Actual Loops": 1
                                            },
                                            {
                                                "Worker Number": 2,
                                                "Actual Startup Time": 62.128,
                                                "Actual Total Time": 609.367,
                                                "Actual Rows": 4047310,
                                                "Actual Loops": 1
                                            },
                                            {
                                                "Worker Number": 3,
                                                "Actual Startup Time": 62.287,
                                                "Actual Total Time": 624.175,
                                                "Actual Rows": 4404212,
                                                "Actual Loops": 1
                                            },
                                            {
                                                "Worker Number": 4,
                                                "Actual Startup Time": 62.115,
                                                "Actual Total Time": 606.273,
                                                "Actual Rows": 4008625,
                                                "Actual Loops": 1
                                            },
                                            {
                                                "Worker Number": 5,
                                                "Actual Startup Time": 62.271,
                                                "Actual Total Time": 622.758,
                                                "Actual Rows": 4390198,
                                                "Actual Loops": 1
                                            }
                                        ]
                                    },
                                    {
                                        "Node Type": "Hash",
                                        "Parent Relationship": "Inner",
                                        "Parallel Aware": true,
                                        "Startup Cost": 43899.01,
                                        "Total Cost": 43899.01,
                                        "Plan Rows": 531712,
                                        "Plan Width": 4,
                                        "Actual Startup Time": 218.606,
                                        "Actual Total Time": 218.607,
                                        "Actual Rows": 304710,
                                        "Actual Loops": 7,
                                        "Output": [
                                            "t.id"
                                        ],
                                        "Hash Buckets": 4194304,
                                        "Original Hash Buckets": 4194304,
                                        "Hash Batches": 1,
                                        "Original Hash Batches": 1,
                                        "Peak Memory Usage": 116352,
                                        "Workers": [
                                            {
                                                "Worker Number": 0,
                                                "Actual Startup Time": 221.198,
                                                "Actual Total Time": 221.199,
                                                "Actual Rows": 275916,
                                                "Actual Loops": 1
                                            },
                                            {
                                                "Worker Number": 1,
                                                "Actual Startup Time": 221.274,
                                                "Actual Total Time": 221.275,
                                                "Actual Rows": 292877,
                                                "Actual Loops": 1
                                            },
                                            {
                                                "Worker Number": 2,
                                                "Actual Startup Time": 221.158,
                                                "Actual Total Time": 221.16,
                                                "Actual Rows": 278222,
                                                "Actual Loops": 1
                                            },
                                            {
                                                "Worker Number": 3,
                                                "Actual Startup Time": 221.351,
                                                "Actual Total Time": 221.352,
                                                "Actual Rows": 298392,
                                                "Actual Loops": 1
                                            },
                                            {
                                                "Worker Number": 4,
                                                "Actual Startup Time": 221.162,
                                                "Actual Total Time": 221.163,
                                                "Actual Rows": 273562,
                                                "Actual Loops": 1
                                            },
                                            {
                                                "Worker Number": 5,
                                                "Actual Startup Time": 221.318,
                                                "Actual Total Time": 221.319,
                                                "Actual Rows": 298705,
                                                "Actual Loops": 1
                                            }
                                        ],
                                        "Plans": [
                                            {
                                                "Node Type": "Seq Scan",
                                                "Parent Relationship": "Outer",
                                                "Parallel Aware": true,
                                                "Relation Name": "title",
                                                "Schema": "public",
                                                "Alias": "t",
                                                "Startup Cost": 0.0,
                                                "Total Cost": 43899.01,
                                                "Plan Rows": 531712,
                                                "Plan Width": 4,
                                                "Actual Startup Time": 0.061,
                                                "Actual Total Time": 75.263,
                                                "Actual Rows": 304710,
                                                "Actual Loops": 7,
                                                "Output": [
                                                    "t.id"
                                                ],
                                                "Filter": "(t.production_year > 1966)",
                                                "Rows Removed by Filter": 56477,
                                                "Workers": [
                                                    {
                                                        "Worker Number": 0,
                                                        "Actual Startup Time": 0.065,
                                                        "Actual Total Time": 76.485,
                                                        "Actual Rows": 275916,
                                                        "Actual Loops": 1
                                                    },
                                                    {
                                                        "Worker Number": 1,
                                                        "Actual Startup Time": 0.072,
                                                        "Actual Total Time": 77.987,
                                                        "Actual Rows": 292877,
                                                        "Actual Loops": 1
                                                    },
                                                    {
                                                        "Worker Number": 2,
                                                        "Actual Startup Time": 0.064,
                                                        "Actual Total Time": 76.534,
                                                        "Actual Rows": 278222,
                                                        "Actual Loops": 1
                                                    },
                                                    {
                                                        "Worker Number": 3,
                                                        "Actual Startup Time": 0.074,
                                                        "Actual Total Time": 78.053,
                                                        "Actual Rows": 298392,
                                                        "Actual Loops": 1
                                                    },
                                                    {
                                                        "Worker Number": 4,
                                                        "Actual Startup Time": 0.067,
                                                        "Actual Total Time": 76.073,
                                                        "Actual Rows": 273562,
                                                        "Actual Loops": 1
                                                    },
                                                    {
                                                        "Worker Number": 5,
                                                        "Actual Startup Time": 0.073,
                                                        "Actual Total Time": 77.563,
                                                        "Actual Rows": 298705,
                                                        "Actual Loops": 1
                                                    }
                                                ]
                                            }
                                        ]
                                    }
                                ]
                            }
                        ]
                    }
                ]
            }
        ]
    },
    "Planning Time": 0.717,
    "Triggers": [],
    "Execution Time": 2753.504
}