[
  {
    "Plan": {
      "Node Type": "Aggregate",
      "Strategy": "Plain",
      "Partial Mode": "Finalize",
      "Parallel Aware": false,
      "Startup Cost": 79710.99,
      "Total Cost": 79711.0,
      "Plan Rows": 1,
      "Plan Width": 8,
      "Actual Startup Time": 367.496,
      "Actual Total Time": 382.66,
      "Actual Rows": 1,
      "Actual Loops": 1,
      "Plans": [
        {
          "Node Type": "Gather",
          "Parent Relationship": "Outer",
          "Parallel Aware": false,
          "Startup Cost": 79710.68,
          "Total Cost": 79710.99,
          "Plan Rows": 3,
          "Plan Width": 8,
          "Actual Startup Time": 361.429,
          "Actual Total Time": 382.646,
          "Actual Rows": 4,
          "Actual Loops": 1,
          "Workers Planned": 3,
          "Workers Launched": 3,
          "Single Copy": false,
          "Plans": [
            {
              "Node Type": "Aggregate",
              "Strategy": "Plain",
              "Partial Mode": "Partial",
              "Parent Relationship": "Outer",
              "Parallel Aware": false,
              "Startup Cost": 78710.68,
              "Total Cost": 78710.69,
              "Plan Rows": 1,
              "Plan Width": 8,
              "Actual Startup Time": 351.156,
              "Actual Total Time": 351.16,
              "Actual Rows": 1,
              "Actual Loops": 4,
              "Plans": [
                {
                  "Node Type": "Hash Join",
                  "Parent Relationship": "Outer",
                  "Parallel Aware": true,
                  "Join Type": "Inner",
                  "Startup Cost": 57644.55,
                  "Total Cost": 78611.04,
                  "Plan Rows": 39854,
                  "Plan Width": 0,
                  "Actual Startup Time": 273.468,
                  "Actual Total Time": 348.499,
                  "Actual Rows": 51434,
                  "Actual Loops": 4,
                  "Inner Unique": true,
                  "Hash Cond": "(mc.movie_id = t.id)",
                  "Plans": [
                    {
                      "Node Type": "Bitmap Heap Scan",
                      "Parent Relationship": "Outer",
                      "Parallel Aware": true,
                      "Relation Name": "movie_companies",
                      "Alias": "mc",
                      "Startup Cost": 8926.74,
                      "Total Cost": 29721.68,
                      "Plan Rows": 65352,
                      "Plan Width": 4,
                      "Actual Startup Time": 18.653,
                      "Actual Total Time": 57.223,
                      "Actual Rows": 78528,
                      "Actual Loops": 4,
                      "Recheck Cond": "(company_id < 265)",
                      "Rows Removed by Index Recheck": 0,
                      "Filter": "(company_type_id < 2)",
                      "Rows Removed by Filter": 24060,
                      "Exact Heap Blocks": 6447,
                      "Lossy Heap Blocks": 0,
                      "Plans": [
                        {
                          "Node Type": "Bitmap Index Scan",
                          "Parent Relationship": "Outer",
                          "Parallel Aware": false,
                          "Index Name": "company_id_movie_companies",
                          "Startup Cost": 0.0,
                          "Total Cost": 8876.09,
                          "Plan Rows": 414355,
                          "Plan Width": 0,
                          "Actual Startup Time": 16.049,
                          "Actual Total Time": 16.05,
                          "Actual Rows": 410351,
                          "Actual Loops": 1,
                          "Index Cond": "(company_id < 265)"
                        }
                      ]
                    },
                    {
                      "Node Type": "Hash",
                      "Parent Relationship": "Inner",
                      "Parallel Aware": true,
                      "Startup Cost": 43899.32,
                      "Total Cost": 43899.32,
                      "Plan Rows": 385479,
                      "Plan Width": 4,
                      "Actual Startup Time": 248.109,
                      "Actual Total Time": 248.11,
                      "Actual Rows": 385816,
                      "Actual Loops": 4,
                      "Hash Buckets": 2097152,
                      "Original Hash Buckets": 2097152,
                      "Hash Batches": 1,
                      "Original Hash Batches": 1,
                      "Peak Memory Usage": 76800,
                      "Plans": [
                        {
                          "Node Type": "Seq Scan",
                          "Parent Relationship": "Outer",
                          "Parallel Aware": true,
                          "Relation Name": "title",
                          "Alias": "t",
                          "Startup Cost": 0.0,
                          "Total Cost": 43899.32,
                          "Plan Rows": 385479,
                          "Plan Width": 4,
                          "Actual Startup Time": 0.039,
                          "Actual Total Time": 104.218,
                          "Actual Rows": 385816,
                          "Actual Loops": 4,
                          "Filter": "(kind_id = 7)",
                          "Rows Removed by Filter": 246262
                        }
                      ]
                    }
                  ]
                }
              ]
            }
          ]
        }
      ]
    },
    "Planning Time": 0.568,
    "Triggers": [],
    "Execution Time": 382.74
  }
]