[
  {
    "Plan": {
      "Node Type": "Aggregate",
      "Strategy": "Plain",
      "Partial Mode": "Finalize",
      "Parallel Aware": false,
      "Startup Cost": 77495.25,
      "Total Cost": 77495.26,
      "Plan Rows": 1,
      "Plan Width": 8,
      "Actual Startup Time": 256.154,
      "Actual Total Time": 269.148,
      "Actual Rows": 1,
      "Actual Loops": 1,
      "Plans": [
        {
          "Node Type": "Gather",
          "Parent Relationship": "Outer",
          "Parallel Aware": false,
          "Startup Cost": 77494.83,
          "Total Cost": 77495.24,
          "Plan Rows": 4,
          "Plan Width": 8,
          "Actual Startup Time": 254.01,
          "Actual Total Time": 269.138,
          "Actual Rows": 5,
          "Actual Loops": 1,
          "Workers Planned": 4,
          "Workers Launched": 4,
          "Single Copy": false,
          "Plans": [
            {
              "Node Type": "Aggregate",
              "Strategy": "Plain",
              "Partial Mode": "Partial",
              "Parent Relationship": "Outer",
              "Parallel Aware": false,
              "Startup Cost": 76494.83,
              "Total Cost": 76494.84,
              "Plan Rows": 1,
              "Plan Width": 8,
              "Actual Startup Time": 244.164,
              "Actual Total Time": 244.167,
              "Actual Rows": 1,
              "Actual Loops": 5,
              "Plans": [
                {
                  "Node Type": "Hash Join",
                  "Parent Relationship": "Outer",
                  "Parallel Aware": true,
                  "Join Type": "Inner",
                  "Startup Cost": 30498.01,
                  "Total Cost": 76417.63,
                  "Plan Rows": 30881,
                  "Plan Width": 0,
                  "Actual Startup Time": 109.725,
                  "Actual Total Time": 241.933,
                  "Actual Rows": 41147,
                  "Actual Loops": 5,
                  "Inner Unique": false,
                  "Hash Cond": "(t.id = mc.movie_id)",
                  "Plans": [
                    {
                      "Node Type": "Seq Scan",
                      "Parent Relationship": "Outer",
                      "Parallel Aware": true,
                      "Relation Name": "title",
                      "Alias": "t",
                      "Startup Cost": 0.0,
                      "Total Cost": 43898.92,
                      "Plan Rows": 384216,
                      "Plan Width": 4,
                      "Actual Startup Time": 0.013,
                      "Actual Total Time": 72.821,
                      "Actual Rows": 308653,
                      "Actual Loops": 5,
                      "Filter": "(kind_id = 7)",
                      "Rows Removed by Filter": 197010
                    },
                    {
                      "Node Type": "Hash",
                      "Parent Relationship": "Inner",
                      "Parallel Aware": true,
                      "Startup Cost": 29678.63,
                      "Total Cost": 29678.63,
                      "Plan Rows": 65551,
                      "Plan Width": 4,
                      "Actual Startup Time": 107.829,
                      "Actual Total Time": 107.83,
                      "Actual Rows": 62822,
                      "Actual Loops": 5,
                      "Hash Buckets": 524288,
                      "Original Hash Buckets": 262144,
                      "Hash Batches": 1,
                      "Original Hash Batches": 1,
                      "Peak Memory Usage": 18496,
                      "Plans": [
                        {
                          "Node Type": "Bitmap Heap Scan",
                          "Parent Relationship": "Outer",
                          "Parallel Aware": true,
                          "Relation Name": "movie_companies",
                          "Alias": "mc",
                          "Startup Cost": 8891.22,
                          "Total Cost": 29678.63,
                          "Plan Rows": 65551,
                          "Plan Width": 4,
                          "Actual Startup Time": 32.026,
                          "Actual Total Time": 78.648,
                          "Actual Rows": 62822,
                          "Actual Loops": 5,
                          "Recheck Cond": "(company_id < 265)",
                          "Rows Removed by Index Recheck": 0,
                          "Filter": "(company_type_id < 2)",
                          "Rows Removed by Filter": 19248,
                          "Exact Heap Blocks": 6619,
                          "Lossy Heap Blocks": 0,
                          "Plans": [
                            {
                              "Node Type": "Bitmap Index Scan",
                              "Parent Relationship": "Outer",
                              "Parallel Aware": false,
                              "Index Name": "company_id_movie_companies",
                              "Startup Cost": 0.0,
                              "Total Cost": 8840.42,
                              "Plan Rows": 412798,
                              "Plan Width": 0,
                              "Actual Startup Time": 31.958,
                              "Actual Total Time": 31.958,
                              "Actual Rows": 410351,
                              "Actual Loops": 1,
                              "Index Cond": "(company_id < 265)"
                            }
                          ]
                        }
                      ]
                    }
                  ]
                }
              ]
            }
          ]
        }
      ]
    },
    "Planning Time": 0.665,
    "Triggers": [],
    "Execution Time": 269.243
  }
]