[
    {
        "Bao": {
            "Bao prediction": "NaN",
            "Bao recommended hint": "(no hint)"
        }
    },
    {
        "Plan": {
            "Node Type": "Aggregate",
            "Strategy": "Plain",
            "Partial Mode": "Simple",
            "Parallel Aware": false,
            "Startup Cost": 26739.16,
            "Total Cost": 26739.17,
            "Plan Rows": 1,
            "Plan Width": 8,
            "Actual Startup Time": 17.728,
            "Actual Total Time": 17.73,
            "Actual Rows": 1,
            "Actual Loops": 1,
            "Output": [
                "count(*)"
            ],
            "Plans": [
                {
                    "Node Type": "Nested Loop",
                    "Parent Relationship": "Outer",
                    "Parallel Aware": false,
                    "Join Type": "Inner",
                    "Startup Cost": 220.46,
                    "Total Cost": 26738.96,
                    "Plan Rows": 78,
                    "Plan Width": 0,
                    "Actual Startup Time": 3.975,
                    "Actual Total Time": 17.719,
                    "Actual Rows": 51,
                    "Actual Loops": 1,
                    "Inner Unique": false,
                    "Join Filter": "(t.id = ci.movie_id)",
                    "Rows Removed by Join Filter": 0,
                    "Plans": [
                        {
                            "Node Type": "Nested Loop",
                            "Parent Relationship": "Outer",
                            "Parallel Aware": false,
                            "Join Type": "Inner",
                            "Startup Cost": 219.9,
                            "Total Cost": 26647.43,
                            "Plan Rows": 34,
                            "Plan Width": 8,
                            "Actual Startup Time": 3.952,
                            "Actual Total Time": 16.159,
                            "Actual Rows": 266,
                            "Actual Loops": 1,
                            "Output": [
                                "t.id",
                                "mc.movie_id"
                            ],
                            "Inner Unique": false,
                            "Plans": [
                                {
                                    "Node Type": "Bitmap Heap Scan",
                                    "Parent Relationship": "Outer",
                                    "Parallel Aware": false,
                                    "Relation Name": "title",
                                    "Schema": "public",
                                    "Alias": "t",
                                    "Startup Cost": 219.47,
                                    "Total Cost": 25209.4,
                                    "Plan Rows": 68,
                                    "Plan Width": 4,
                                    "Actual Startup Time": 3.932,
                                    "Actual Total Time": 15.101,
                                    "Actual Rows": 145,
                                    "Actual Loops": 1,
                                    "Output": [
                                        "t.id",
                                        "t.title",
                                        "t.imdb_index",
                                        "t.kind_id",
                                        "t.production_year",
                                        "t.imdb_id",
                                        "t.phonetic_code",
                                        "t.episode_of_id",
                                        "t.season_nr",
                                        "t.episode_nr",
                                        "t.series_years",
                                        "t.md5sum"
                                    ],
                                    "Recheck Cond": "(t.kind_id = 6)",
                                    "Rows Removed by Index Recheck": 0,
                                    "Filter": "(t.production_year = 1979)",
                                    "Rows Removed by Filter": 12455,
                                    "Exact Heap Blocks": 7903,
                                    "Lossy Heap Blocks": 0,
                                    "Plans": [
                                        {
                                            "Node Type": "Bitmap Index Scan",
                                            "Parent Relationship": "Outer",
                                            "Parallel Aware": false,
                                            "Index Name": "kind_id_title",
                                            "Startup Cost": 0.0,
                                            "Total Cost": 219.45,
                                            "Plan Rows": 12136,
                                            "Plan Width": 0,
                                            "Actual Startup Time": 2.407,
                                            "Actual Total Time": 2.408,
                                            "Actual Rows": 12600,
                                            "Actual Loops": 1,
                                            "Index Cond": "(t.kind_id = 6)"
                                        }
                                    ]
                                },
                                {
                                    "Node Type": "Index Scan",
                                    "Parent Relationship": "Inner",
                                    "Parallel Aware": false,
                                    "Scan Direction": "Forward",
                                    "Index Name": "movie_id_movie_companies",
                                    "Relation Name": "movie_companies",
                                    "Schema": "public",
                                    "Alias": "mc",
                                    "Startup Cost": 0.43,
                                    "Total Cost": 21.12,
                                    "Plan Rows": 3,
                                    "Plan Width": 4,
                                    "Actual Startup Time": 0.005,
                                    "Actual Total Time": 0.007,
                                    "Actual Rows": 2,
                                    "Actual Loops": 145,
                                    "Output": [
                                        "mc.id",
                                        "mc.movie_id",
                                        "mc.company_id",
                                        "mc.company_type_id",
                                        "mc.note"
                                    ],
                                    "Index Cond": "(mc.movie_id = t.id)",
                                    "Rows Removed by Index Recheck": 0,
                                    "Filter": "(mc.company_type_id < 2)",
                                    "Rows Removed by Filter": 1
                                }
                            ]
                        },
                        {
                            "Node Type": "Index Scan",
                            "Parent Relationship": "Inner",
                            "Parallel Aware": false,
                            "Scan Direction": "Forward",
                            "Index Name": "movie_id_cast_info",
                            "Relation Name": "cast_info",
                            "Schema": "public",
                            "Alias": "ci",
                            "Startup Cost": 0.56,
                            "Total Cost": 2.62,
                            "Plan Rows": 6,
                            "Plan Width": 4,
                            "Actual Startup Time": 0.004,
                            "Actual Total Time": 0.006,
                            "Actual Rows": 0,
                            "Actual Loops": 266,
                            "Output": [
                                "ci.id",
                                "ci.person_id",
                                "ci.movie_id",
                                "ci.person_role_id",
                                "ci.note",
                                "ci.nr_order",
                                "ci.role_id"
                            ],
                            "Index Cond": "(ci.movie_id = mc.movie_id)",
                            "Rows Removed by Index Recheck": 0,
                            "Filter": "((ci.person_id < 892850) AND (ci.role_id > 1))",
                            "Rows Removed by Filter": 4
                        }
                    ]
                }
            ]
        },
        "Planning Time": 283.047,
        "Triggers": [],
        "Execution Time": 17.83
    }
]