[
  {
    "Plan": {
      "Node Type": "Aggregate",
      "Strategy": "Plain",
      "Partial Mode": "Finalize",
      "Parallel Aware": false,
      "Startup Cost": 78395.74,
      "Total Cost": 78395.75,
      "Plan Rows": 1,
      "Plan Width": 8,
      "Actual Startup Time": 234.953,
      "Actual Total Time": 243.206,
      "Actual Rows": 1,
      "Actual Loops": 1,
      "Plans": [
        {
          "Node Type": "Gather",
          "Parent Relationship": "Outer",
          "Parallel Aware": false,
          "Startup Cost": 78395.32,
          "Total Cost": 78395.73,
          "Plan Rows": 4,
          "Plan Width": 8,
          "Actual Startup Time": 231.782,
          "Actual Total Time": 243.198,
          "Actual Rows": 5,
          "Actual Loops": 1,
          "Workers Planned": 4,
          "Workers Launched": 4,
          "Single Copy": false,
          "Plans": [
            {
              "Node Type": "Aggregate",
              "Strategy": "Plain",
              "Partial Mode": "Partial",
              "Parent Relationship": "Outer",
              "Parallel Aware": false,
              "Startup Cost": 77395.32,
              "Total Cost": 77395.33,
              "Plan Rows": 1,
              "Plan Width": 8,
              "Actual Startup Time": 228.263,
              "Actual Total Time": 228.267,
              "Actual Rows": 1,
              "Actual Loops": 5,
              "Plans": [
                {
                  "Node Type": "Hash Join",
                  "Parent Relationship": "Outer",
                  "Parallel Aware": true,
                  "Join Type": "Inner",
                  "Startup Cost": 29598.85,
                  "Total Cost": 77252.3,
                  "Plan Rows": 57210,
                  "Plan Width": 0,
                  "Actual Startup Time": 85.953,
                  "Actual Total Time": 225.388,
                  "Actual Rows": 54470,
                  "Actual Loops": 5,
                  "Inner Unique": false,
                  "Hash Cond": "(t.id = mc.movie_id)",
                  "Plans": [
                    {
                      "Node Type": "Seq Scan",
                      "Parent Relationship": "Outer",
                      "Parallel Aware": true,
                      "Relation Name": "title",
                      "Alias": "t",
                      "Startup Cost": 0.0,
                      "Total Cost": 45479.21,
                      "Plan Rows": 397938,
                      "Plan Width": 4,
                      "Actual Startup Time": 0.01,
                      "Actual Total Time": 74.619,
                      "Actual Rows": 343432,
                      "Actual Loops": 5,
                      "Filter": "((kind_id > 1) AND (production_year > 1963))",
                      "Rows Removed by Filter": 162231
                    },
                    {
                      "Node Type": "Hash",
                      "Parent Relationship": "Inner",
                      "Parallel Aware": true,
                      "Startup Cost": 28133.16,
                      "Total Cost": 28133.16,
                      "Plan Rows": 117255,
                      "Plan Width": 4,
                      "Actual Startup Time": 84.892,
                      "Actual Total Time": 84.893,
                      "Actual Rows": 71613,
                      "Actual Loops": 5,
                      "Hash Buckets": 524288,
                      "Original Hash Buckets": 524288,
                      "Hash Batches": 1,
                      "Original Hash Batches": 1,
                      "Peak Memory Usage": 18144,
                      "Plans": [
                        {
                          "Node Type": "Bitmap Heap Scan",
                          "Parent Relationship": "Outer",
                          "Parallel Aware": true,
                          "Relation Name": "movie_companies",
                          "Alias": "mc",
                          "Startup Cost": 7877.48,
                          "Total Cost": 28133.16,
                          "Plan Rows": 117255,
                          "Plan Width": 4,
                          "Actual Startup Time": 19.198,
                          "Actual Total Time": 58.965,
                          "Actual Rows": 71613,
                          "Actual Loops": 5,
                          "Recheck Cond": "(company_id < 181)",
                          "Rows Removed by Index Recheck": 0,
                          "Exact Heap Blocks": 6288,
                          "Lossy Heap Blocks": 0,
                          "Plans": [
                            {
                              "Node Type": "Bitmap Index Scan",
                              "Parent Relationship": "Outer",
                              "Parallel Aware": false,
                              "Index Name": "company_id_movie_companies",
                              "Startup Cost": 0.0,
                              "Total Cost": 7786.6,
                              "Plan Rows": 363490,
                              "Plan Width": 0,
                              "Actual Startup Time": 16.252,
                              "Actual Total Time": 16.252,
                              "Actual Rows": 358065,
                              "Actual Loops": 1,
                              "Index Cond": "(company_id < 181)"
                            }
                          ]
                        }
                      ]
                    }
                  ]
                }
              ]
            }
          ]
        }
      ]
    },
    "Planning Time": 0.182,
    "Triggers": [],
    "Execution Time": 243.237
  }
]