[
  {
    "Plan": {
      "Node Type": "Aggregate",
      "Strategy": "Plain",
      "Partial Mode": "Finalize",
      "Parallel Aware": false,
      "Startup Cost": 78430.9,
      "Total Cost": 78430.91,
      "Plan Rows": 1,
      "Plan Width": 8,
      "Actual Startup Time": 288.428,
      "Actual Total Time": 305.524,
      "Actual Rows": 1,
      "Actual Loops": 1,
      "Plans": [
        {
          "Node Type": "Gather",
          "Parent Relationship": "Outer",
          "Parallel Aware": false,
          "Startup Cost": 78430.48,
          "Total Cost": 78430.89,
          "Plan Rows": 4,
          "Plan Width": 8,
          "Actual Startup Time": 286.955,
          "Actual Total Time": 305.515,
          "Actual Rows": 5,
          "Actual Loops": 1,
          "Workers Planned": 4,
          "Workers Launched": 4,
          "Single Copy": false,
          "Plans": [
            {
              "Node Type": "Aggregate",
              "Strategy": "Plain",
              "Partial Mode": "Partial",
              "Parent Relationship": "Outer",
              "Parallel Aware": false,
              "Startup Cost": 77430.48,
              "Total Cost": 77430.49,
              "Plan Rows": 1,
              "Plan Width": 8,
              "Actual Startup Time": 276.968,
              "Actual Total Time": 276.972,
              "Actual Rows": 1,
              "Actual Loops": 5,
              "Plans": [
                {
                  "Node Type": "Hash Join",
                  "Parent Relationship": "Outer",
                  "Parallel Aware": true,
                  "Join Type": "Inner",
                  "Startup Cost": 29605.9,
                  "Total Cost": 77285.64,
                  "Plan Rows": 57934,
                  "Plan Width": 0,
                  "Actual Startup Time": 110.953,
                  "Actual Total Time": 274.016,
                  "Actual Rows": 54470,
                  "Actual Loops": 5,
                  "Inner Unique": false,
                  "Hash Cond": "(t.id = mc.movie_id)",
                  "Plans": [
                    {
                      "Node Type": "Seq Scan",
                      "Parent Relationship": "Outer",
                      "Parallel Aware": true,
                      "Relation Name": "title",
                      "Alias": "t",
                      "Startup Cost": 0.0,
                      "Total Cost": 45479.1,
                      "Plan Rows": 402753,
                      "Plan Width": 4,
                      "Actual Startup Time": 0.015,
                      "Actual Total Time": 86.756,
                      "Actual Rows": 343432,
                      "Actual Loops": 5,
                      "Filter": "((kind_id > 1) AND (production_year > 1963))",
                      "Rows Removed by Filter": 162231
                    },
                    {
                      "Node Type": "Hash",
                      "Parent Relationship": "Inner",
                      "Parallel Aware": true,
                      "Startup Cost": 28139.44,
                      "Total Cost": 28139.44,
                      "Plan Rows": 117317,
                      "Plan Width": 4,
                      "Actual Startup Time": 108.176,
                      "Actual Total Time": 108.177,
                      "Actual Rows": 71613,
                      "Actual Loops": 5,
                      "Hash Buckets": 524288,
                      "Original Hash Buckets": 524288,
                      "Hash Batches": 1,
                      "Original Hash Batches": 1,
                      "Peak Memory Usage": 18144,
                      "Plans": [
                        {
                          "Node Type": "Bitmap Heap Scan",
                          "Parent Relationship": "Outer",
                          "Parallel Aware": true,
                          "Relation Name": "movie_companies",
                          "Alias": "mc",
                          "Startup Cost": 7882.97,
                          "Total Cost": 28139.44,
                          "Plan Rows": 117317,
                          "Plan Width": 4,
                          "Actual Startup Time": 31.188,
                          "Actual Total Time": 77.675,
                          "Actual Rows": 71613,
                          "Actual Loops": 5,
                          "Recheck Cond": "(company_id < 181)",
                          "Rows Removed by Index Recheck": 0,
                          "Exact Heap Blocks": 7309,
                          "Lossy Heap Blocks": 0,
                          "Plans": [
                            {
                              "Node Type": "Bitmap Index Scan",
                              "Parent Relationship": "Outer",
                              "Parallel Aware": false,
                              "Index Name": "company_id_movie_companies",
                              "Startup Cost": 0.0,
                              "Total Cost": 7792.05,
                              "Plan Rows": 363683,
                              "Plan Width": 0,
                              "Actual Startup Time": 28.15,
                              "Actual Total Time": 28.15,
                              "Actual Rows": 358065,
                              "Actual Loops": 1,
                              "Index Cond": "(company_id < 181)"
                            }
                          ]
                        }
                      ]
                    }
                  ]
                }
              ]
            }
          ]
        }
      ]
    },
    "Planning Time": 0.636,
    "Triggers": [],
    "Execution Time": 305.616
  }
]