[
  {
    "Plan": {
      "Node Type": "Aggregate",
      "Strategy": "Plain",
      "Partial Mode": "Finalize",
      "Parallel Aware": false,
      "Startup Cost": 293171.51,
      "Total Cost": 293171.52,
      "Plan Rows": 1,
      "Plan Width": 8,
      "Actual Startup Time": 872.052,
      "Actual Total Time": 921.38,
      "Actual Rows": 1,
      "Actual Loops": 1,
      "Plans": [
        {
          "Node Type": "Gather",
          "Parent Relationship": "Outer",
          "Parallel Aware": false,
          "Startup Cost": 293170.99,
          "Total Cost": 293171.5,
          "Plan Rows": 5,
          "Plan Width": 8,
          "Actual Startup Time": 868.045,
          "Actual Total Time": 921.37,
          "Actual Rows": 6,
          "Actual Loops": 1,
          "Workers Planned": 5,
          "Workers Launched": 5,
          "Single Copy": false,
          "Plans": [
            {
              "Node Type": "Aggregate",
              "Strategy": "Plain",
              "Partial Mode": "Partial",
              "Parent Relationship": "Outer",
              "Parallel Aware": false,
              "Startup Cost": 292170.99,
              "Total Cost": 292171.0,
              "Plan Rows": 1,
              "Plan Width": 8,
              "Actual Startup Time": 856.729,
              "Actual Total Time": 856.734,
              "Actual Rows": 1,
              "Actual Loops": 6,
              "Plans": [
                {
                  "Node Type": "Hash Join",
                  "Parent Relationship": "Outer",
                  "Parallel Aware": true,
                  "Join Type": "Inner",
                  "Startup Cost": 83691.24,
                  "Total Cost": 290964.14,
                  "Plan Rows": 482738,
                  "Plan Width": 0,
                  "Actual Startup Time": 292.283,
                  "Actual Total Time": 842.77,
                  "Actual Rows": 340886,
                  "Actual Loops": 6,
                  "Inner Unique": false,
                  "Hash Cond": "(mi.movie_id = t.id)",
                  "Plans": [
                    {
                      "Node Type": "Seq Scan",
                      "Parent Relationship": "Outer",
                      "Parallel Aware": true,
                      "Relation Name": "movie_info",
                      "Alias": "mi",
                      "Startup Cost": 0.0,
                      "Total Cost": 198952.16,
                      "Plan Rows": 1897040,
                      "Plan Width": 4,
                      "Actual Startup Time": 0.021,
                      "Actual Total Time": 321.483,
                      "Actual Rows": 1594192,
                      "Actual Loops": 6,
                      "Filter": "(info_type_id < 16)",
                      "Rows Removed by Filter": 878428
                    },
                    {
                      "Node Type": "Hash",
                      "Parent Relationship": "Inner",
                      "Parallel Aware": true,
                      "Startup Cost": 81680.7,
                      "Total Cost": 81680.7,
                      "Plan Rows": 160843,
                      "Plan Width": 8,
                      "Actual Startup Time": 287.926,
                      "Actual Total Time": 287.93,
                      "Actual Rows": 59036,
                      "Actual Loops": 6,
                      "Hash Buckets": 1048576,
                      "Original Hash Buckets": 1048576,
                      "Hash Batches": 1,
                      "Original Hash Batches": 1,
                      "Peak Memory Usage": 22144,
                      "Plans": [
                        {
                          "Node Type": "Hash Join",
                          "Parent Relationship": "Outer",
                          "Parallel Aware": true,
                          "Join Type": "Inner",
                          "Startup Cost": 34931.64,
                          "Total Cost": 81680.7,
                          "Plan Rows": 160843,
                          "Plan Width": 8,
                          "Actual Startup Time": 111.668,
                          "Actual Total Time": 259.09,
                          "Actual Rows": 59036,
                          "Actual Loops": 6,
                          "Inner Unique": false,
                          "Hash Cond": "(t.id = mc.movie_id)",
                          "Plans": [
                            {
                              "Node Type": "Seq Scan",
                              "Parent Relationship": "Outer",
                              "Parallel Aware": true,
                              "Relation Name": "title",
                              "Alias": "t",
                              "Startup Cost": 0.0,
                              "Total Cost": 43898.92,
                              "Plan Rows": 466259,
                              "Plan Width": 4,
                              "Actual Startup Time": 0.011,
                              "Actual Total Time": 68.798,
                              "Actual Rows": 310914,
                              "Actual Loops": 6,
                              "Filter": "(kind_id > 1)",
                              "Rows Removed by Filter": 110471
                            },
                            {
                              "Node Type": "Hash",
                              "Parent Relationship": "Inner",
                              "Parallel Aware": true,
                              "Startup Cost": 31414.82,
                              "Total Cost": 31414.82,
                              "Plan Rows": 281346,
                              "Plan Width": 4,
                              "Actual Startup Time": 109.826,
                              "Actual Total Time": 109.827,
                              "Actual Rows": 92189,
                              "Actual Loops": 6,
                              "Hash Buckets": 1048576,
                              "Original Hash Buckets": 1048576,
                              "Hash Batches": 1,
                              "Original Hash Batches": 1,
                              "Peak Memory Usage": 29952,
                              "Plans": [
                                {
                                  "Node Type": "Seq Scan",
                                  "Parent Relationship": "Outer",
                                  "Parallel Aware": true,
                                  "Relation Name": "movie_companies",
                                  "Alias": "mc",
                                  "Startup Cost": 0.0,
                                  "Total Cost": 31414.82,
                                  "Plan Rows": 281346,
                                  "Plan Width": 4,
                                  "Actual Startup Time": 42.648,
                                  "Actual Total Time": 68.296,
                                  "Actual Rows": 92189,
                                  "Actual Loops": 6,
                                  "Filter": "((company_id < 21100) AND (company_type_id > 1))",
                                  "Rows Removed by Filter": 342666
                                }
                              ]
                            }
                          ]
                        }
                      ]
                    }
                  ]
                }
              ]
            }
          ]
        }
      ]
    },
    "Planning Time": 1.623,
    "Triggers": [],
    "Execution Time": 921.487
  }
]