[
  {
    "Plan": {
      "Node Type": "Aggregate",
      "Strategy": "Plain",
      "Partial Mode": "Finalize",
      "Parallel Aware": false,
      "Startup Cost": 42969.12,
      "Total Cost": 42969.13,
      "Plan Rows": 1,
      "Plan Width": 8,
      "Actual Startup Time": 151.404,
      "Actual Total Time": 160.05,
      "Actual Rows": 1,
      "Actual Loops": 1,
      "Plans": [
        {
          "Node Type": "Gather",
          "Parent Relationship": "Outer",
          "Parallel Aware": false,
          "Startup Cost": 42968.8,
          "Total Cost": 42969.11,
          "Plan Rows": 3,
          "Plan Width": 8,
          "Actual Startup Time": 151.137,
          "Actual Total Time": 160.041,
          "Actual Rows": 4,
          "Actual Loops": 1,
          "Workers Planned": 3,
          "Workers Launched": 3,
          "Single Copy": false,
          "Plans": [
            {
              "Node Type": "Aggregate",
              "Strategy": "Plain",
              "Partial Mode": "Partial",
              "Parent Relationship": "Outer",
              "Parallel Aware": false,
              "Startup Cost": 41968.8,
              "Total Cost": 41968.81,
              "Plan Rows": 1,
              "Plan Width": 8,
              "Actual Startup Time": 141.999,
              "Actual Total Time": 142.001,
              "Actual Rows": 1,
              "Actual Loops": 4,
              "Plans": [
                {
                  "Node Type": "Bitmap Heap Scan",
                  "Parent Relationship": "Outer",
                  "Parallel Aware": true,
                  "Relation Name": "movie_keyword",
                  "Alias": "mk",
                  "Startup Cost": 14262.13,
                  "Total Cost": 41426.69,
                  "Plan Rows": 216845,
                  "Plan Width": 0,
                  "Actual Startup Time": 55.152,
                  "Actual Total Time": 133.134,
                  "Actual Rows": 169644,
                  "Actual Loops": 4,
                  "Recheck Cond": "(keyword_id < 555)",
                  "Rows Removed by Index Recheck": 0,
                  "Exact Heap Blocks": 10318,
                  "Lossy Heap Blocks": 0,
                  "Plans": [
                    {
                      "Node Type": "Bitmap Index Scan",
                      "Parent Relationship": "Outer",
                      "Parallel Aware": false,
                      "Index Name": "keyword_id_movie_keyword",
                      "Startup Cost": 0.0,
                      "Total Cost": 14094.08,
                      "Plan Rows": 672219,
                      "Plan Width": 0,
                      "Actual Startup Time": 59.796,
                      "Actual Total Time": 59.796,
                      "Actual Rows": 678575,
                      "Actual Loops": 1,
                      "Index Cond": "(keyword_id < 555)"
                    }
                  ]
                }
              ]
            }
          ]
        }
      ]
    },
    "Planning Time": 0.16,
    "Triggers": [],
    "Execution Time": 160.121
  }
]