{
    "Plan": {
        "Node Type": "Aggregate",
        "Strategy": "Plain",
        "Partial Mode": "Simple",
        "Parallel Aware": false,
        "Startup Cost": 60001428550.46,
        "Total Cost": 60001428550.47,
        "Plan Rows": 1,
        "Plan Width": 128,
        "Actual Startup Time": 5299.166,
        "Actual Total Time": 5398.085,
        "Actual Rows": 1,
        "Actual Loops": 1,
        "Output": [
            "min(mi.info)",
            "min(mi_idx.info)",
            "min(n.name)",
            "min(t.title)"
        ],
        "Plans": [
            {
                "Node Type": "Nested Loop",
                "Parent Relationship": "Outer",
                "Parallel Aware": false,
                "Join Type": "Inner",
                "Startup Cost": 60001422692.67,
                "Total Cost": 60001428550.45,
                "Plan Rows": 1,
                "Plan Width": 80,
                "Actual Startup Time": 5253.737,
                "Actual Total Time": 5398.072,
                "Actual Rows": 1,
                "Actual Loops": 1,
                "Output": [
                    "mi.info",
                    "mi_idx.info",
                    "n.name",
                    "t.title"
                ],
                "Inner Unique": true,
                "Plans": [
                    {
                        "Node Type": "Nested Loop",
                        "Parent Relationship": "Outer",
                        "Parallel Aware": false,
                        "Join Type": "Inner",
                        "Startup Cost": 50001422692.52,
                        "Total Cost": 50001428542.27,
                        "Plan Rows": 1,
                        "Plan Width": 84,
                        "Actual Startup Time": 5253.717,
                        "Actual Total Time": 5398.045,
                        "Actual Rows": 3,
                        "Actual Loops": 1,
                        "Output": [
                            "mi.info",
                            "mi_idx.info",
                            "mi_idx.info_type_id",
                            "n.name",
                            "t.title"
                        ],
                        "Inner Unique": false,
                        "Join Filter": "(t.id = mi_idx.movie_id)",
                        "Rows Removed by Join Filter": 0,
                        "Plans": [
                            {
                                "Node Type": "Merge Join",
                                "Parent Relationship": "Outer",
                                "Parallel Aware": false,
                                "Join Type": "Inner",
                                "Startup Cost": 40001422692.06,
                                "Total Cost": 40001428537.74,
                                "Plan Rows": 1,
                                "Plan Width": 91,
                                "Actual Startup Time": 5253.69,
                                "Actual Total Time": 5398.012,
                                "Actual Rows": 1,
                                "Actual Loops": 1,
                                "Output": [
                                    "ci.movie_id",
                                    "mi.info",
                                    "mi.movie_id",
                                    "mk.movie_id",
                                    "n.name",
                                    "t.title",
                                    "t.id"
                                ],
                                "Inner Unique": true,
                                "Merge Cond": "(mk.keyword_id = k.id)",
                                "Plans": [
                                    {
                                        "Node Type": "Sort",
                                        "Parent Relationship": "Outer",
                                        "Parallel Aware": false,
                                        "Startup Cost": 40001422691.64,
                                        "Total Cost": 40001422691.65,
                                        "Plan Rows": 1,
                                        "Plan Width": 95,
                                        "Actual Startup Time": 5253.491,
                                        "Actual Total Time": 5352.401,
                                        "Actual Rows": 10,
                                        "Actual Loops": 1,
                                        "Output": [
                                            "ci.movie_id",
                                            "mi.info",
                                            "mi.movie_id",
                                            "mk.movie_id",
                                            "mk.keyword_id",
                                            "n.name",
                                            "t.title",
                                            "t.id"
                                        ],
                                        "Sort Key": [
                                            "mk.keyword_id"
                                        ],
                                        "Sort Method": "quicksort",
                                        "Sort Space Used": 26,
                                        "Sort Space Type": "Memory",
                                        "Plans": [
                                            {
                                                "Node Type": "Gather",
                                                "Parent Relationship": "Outer",
                                                "Parallel Aware": false,
                                                "Startup Cost": 40001271544.7,
                                                "Total Cost": 40001422691.63,
                                                "Plan Rows": 1,
                                                "Plan Width": 95,
                                                "Actual Startup Time": 5252.083,
                                                "Actual Total Time": 5352.385,
                                                "Actual Rows": 10,
                                                "Actual Loops": 1,
                                                "Output": [
                                                    "ci.movie_id",
                                                    "mi.info",
                                                    "mi.movie_id",
                                                    "mk.movie_id",
                                                    "mk.keyword_id",
                                                    "n.name",
                                                    "t.title",
                                                    "t.id"
                                                ],
                                                "Workers Planned": 4,
                                                "Workers Launched": 4,
                                                "Single Copy": false,
                                                "Plans": [
                                                    {
                                                        "Node Type": "Hash Join",
                                                        "Parent Relationship": "Outer",
                                                        "Parallel Aware": true,
                                                        "Join Type": "Inner",
                                                        "Startup Cost": 40001270544.7,
                                                        "Total Cost": 40001421691.53,
                                                        "Plan Rows": 1,
                                                        "Plan Width": 95,
                                                        "Actual Startup Time": 5192.845,
                                                        "Actual Total Time": 5241.325,
                                                        "Actual Rows": 2,
                                                        "Actual Loops": 5,
                                                        "Output": [
                                                            "ci.movie_id",
                                                            "mi.info",
                                                            "mi.movie_id",
                                                            "mk.movie_id",
                                                            "mk.keyword_id",
                                                            "n.name",
                                                            "t.title",
                                                            "t.id"
                                                        ],
                                                        "Inner Unique": false,
                                                        "Hash Cond": "(n.id = ci.person_id)",
                                                        "Workers": [
                                                            {
                                                                "Worker Number": 0,
                                                                "Actual Startup Time": 5238.566,
                                                                "Actual Total Time": 5238.578,
                                                                "Actual Rows": 0,
                                                                "Actual Loops": 1
                                                            },
                                                            {
                                                                "Worker Number": 1,
                                                                "Actual Startup Time": 5238.75,
                                                                "Actual Total Time": 5238.761,
                                                                "Actual Rows": 0,
                                                                "Actual Loops": 1
                                                            },
                                                            {
                                                                "Worker Number": 2,
                                                                "Actual Startup Time": 5238.924,
                                                                "Actual Total Time": 5238.936,
                                                                "Actual Rows": 0,
                                                                "Actual Loops": 1
                                                            },
                                                            {
                                                                "Worker Number": 3,
                                                                "Actual Startup Time": 4996.849,
                                                                "Actual Total Time": 5239.197,
                                                                "Actual Rows": 10,
                                                                "Actual Loops": 1
                                                            }
                                                        ],
                                                        "Plans": [
                                                            {
                                                                "Node Type": "Index Scan",
                                                                "Parent Relationship": "Outer",
                                                                "Parallel Aware": true,
                                                                "Scan Direction": "Forward",
                                                                "Index Name": "name_pkey",
                                                                "Relation Name": "name",
                                                                "Schema": "public",
                                                                "Alias": "n",
                                                                "Startup Cost": 0.43,
                                                                "Total Cost": 149521.9,
                                                                "Plan Rows": 433425,
                                                                "Plan Width": 19,
                                                                "Actual Startup Time": 0.493,
                                                                "Actual Total Time": 397.93,
                                                                "Actual Rows": 347916,
                                                                "Actual Loops": 5,
                                                                "Output": [
                                                                    "n.id",
                                                                    "n.name",
                                                                    "n.imdb_index",
                                                                    "n.imdb_id",
                                                                    "n.gender",
                                                                    "n.name_pcode_cf",
                                                                    "n.name_pcode_nf",
                                                                    "n.surname_pcode",
                                                                    "n.md5sum"
                                                                ],
                                                                "Filter": "((n.gender)::text = 'm'::text)",
                                                                "Rows Removed by Filter": 485582,
                                                                "Workers": [
                                                                    {
                                                                        "Worker Number": 0,
                                                                        "Actual Startup Time": 0.678,
                                                                        "Actual Total Time": 398.005,
                                                                        "Actual Rows": 339425,
                                                                        "Actual Loops": 1
                                                                    },
                                                                    {
                                                                        "Worker Number": 1,
                                                                        "Actual Startup Time": 0.469,
                                                                        "Actual Total Time": 398.188,
                                                                        "Actual Rows": 330087,
                                                                        "Actual Loops": 1
                                                                    },
                                                                    {
                                                                        "Worker Number": 2,
                                                                        "Actual Startup Time": 0.313,
                                                                        "Actual Total Time": 398.063,
                                                                        "Actual Rows": 333537,
                                                                        "Actual Loops": 1
                                                                    },
                                                                    {
                                                                        "Worker Number": 3,
                                                                        "Actual Startup Time": 0.532,
                                                                        "Actual Total Time": 398.885,
                                                                        "Actual Rows": 375292,
                                                                        "Actual Loops": 1
                                                                    }
                                                                ]
                                                            },
                                                            {
                                                                "Node Type": "Hash",
                                                                "Parent Relationship": "Inner",
                                                                "Parallel Aware": true,
                                                                "Startup Cost": 40001270544.26,
                                                                "Total Cost": 40001270544.26,
                                                                "Plan Rows": 1,
                                                                "Plan Width": 84,
                                                                "Actual Startup Time": 4817.396,
                                                                "Actual Total Time": 4817.407,
                                                                "Actual Rows": 6,
                                                                "Actual Loops": 5,
                                                                "Output": [
                                                                    "ci.movie_id",
                                                                    "ci.person_id",
                                                                    "mi.info",
                                                                    "mi.movie_id",
                                                                    "mk.movie_id",
                                                                    "mk.keyword_id",
                                                                    "t.title",
                                                                    "t.id"
                                                                ],
                                                                "Hash Buckets": 1024,
                                                                "Original Hash Buckets": 1024,
                                                                "Hash Batches": 1,
                                                                "Original Hash Batches": 1,
                                                                "Peak Memory Usage": 72,
                                                                "Workers": [
                                                                    {
                                                                        "Worker Number": 0,
                                                                        "Actual Startup Time": 4815.357,
                                                                        "Actual Total Time": 4815.367,
                                                                        "Actual Rows": 0,
                                                                        "Actual Loops": 1
                                                                    },
                                                                    {
                                                                        "Worker Number": 1,
                                                                        "Actual Startup Time": 4815.375,
                                                                        "Actual Total Time": 4815.385,
                                                                        "Actual Rows": 18,
                                                                        "Actual Loops": 1
                                                                    },
                                                                    {
                                                                        "Worker Number": 2,
                                                                        "Actual Startup Time": 4815.771,
                                                                        "Actual Total Time": 4815.782,
                                                                        "Actual Rows": 0,
                                                                        "Actual Loops": 1
                                                                    },
                                                                    {
                                                                        "Worker Number": 3,
                                                                        "Actual Startup Time": 4815.749,
                                                                        "Actual Total Time": 4815.76,
                                                                        "Actual Rows": 0,
                                                                        "Actual Loops": 1
                                                                    }
                                                                ],
                                                                "Plans": [
                                                                    {
                                                                        "Node Type": "Nested Loop",
                                                                        "Parent Relationship": "Outer",
                                                                        "Parallel Aware": false,
                                                                        "Join Type": "Inner",
                                                                        "Startup Cost": 40001120066.7,
                                                                        "Total Cost": 40001270544.26,
                                                                        "Plan Rows": 1,
                                                                        "Plan Width": 84,
                                                                        "Actual Startup Time": 4630.896,
                                                                        "Actual Total Time": 4631.106,
                                                                        "Actual Rows": 6,
                                                                        "Actual Loops": 5,
                                                                        "Output": [
                                                                            "ci.movie_id",
                                                                            "ci.person_id",
                                                                            "mi.info",
                                                                            "mi.movie_id",
                                                                            "mk.movie_id",
                                                                            "mk.keyword_id",
                                                                            "t.title",
                                                                            "t.id"
                                                                        ],
                                                                        "Inner Unique": true,
                                                                        "Workers": [
                                                                            {
                                                                                "Worker Number": 0,
                                                                                "Actual Startup Time": 4698.853,
                                                                                "Actual Total Time": 4698.862,
                                                                                "Actual Rows": 0,
                                                                                "Actual Loops": 1
                                                                            },
                                                                            {
                                                                                "Worker Number": 1,
                                                                                "Actual Startup Time": 4698.904,
                                                                                "Actual Total Time": 4699.087,
                                                                                "Actual Rows": 18,
                                                                                "Actual Loops": 1
                                                                            },
                                                                            {
                                                                                "Worker Number": 2,
                                                                                "Actual Startup Time": 4699.333,
                                                                                "Actual Total Time": 4699.343,
                                                                                "Actual Rows": 0,
                                                                                "Actual Loops": 1
                                                                            },
                                                                            {
                                                                                "Worker Number": 3,
                                                                                "Actual Startup Time": 4815.649,
                                                                                "Actual Total Time": 4815.659,
                                                                                "Actual Rows": 0,
                                                                                "Actual Loops": 1
                                                                            }
                                                                        ],
                                                                        "Plans": [
                                                                            {
                                                                                "Node Type": "Hash Join",
                                                                                "Parent Relationship": "Outer",
                                                                                "Parallel Aware": true,
                                                                                "Join Type": "Inner",
                                                                                "Startup Cost": 30001120066.55,
                                                                                "Total Cost": 30001270319.49,
                                                                                "Plan Rows": 53,
                                                                                "Plan Width": 88,
                                                                                "Actual Startup Time": 4630.874,
                                                                                "Actual Total Time": 4631.058,
                                                                                "Actual Rows": 6,
                                                                                "Actual Loops": 5,
                                                                                "Output": [
                                                                                    "ci.movie_id",
                                                                                    "ci.person_id",
                                                                                    "mi.info",
                                                                                    "mi.movie_id",
                                                                                    "mi.info_type_id",
                                                                                    "mk.movie_id",
                                                                                    "mk.keyword_id",
                                                                                    "t.title",
                                                                                    "t.id"
                                                                                ],
                                                                                "Inner Unique": false,
                                                                                "Hash Cond": "(t.id = mi.movie_id)",
                                                                                "Workers": [
                                                                                    {
                                                                                        "Worker Number": 0,
                                                                                        "Actual Startup Time": 4698.852,
                                                                                        "Actual Total Time": 4698.859,
                                                                                        "Actual Rows": 0,
                                                                                        "Actual Loops": 1
                                                                                    },
                                                                                    {
                                                                                        "Worker Number": 1,
                                                                                        "Actual Startup Time": 4698.826,
                                                                                        "Actual Total Time": 4698.938,
                                                                                        "Actual Rows": 18,
                                                                                        "Actual Loops": 1
                                                                                    },
                                                                                    {
                                                                                        "Worker Number": 2,
                                                                                        "Actual Startup Time": 4699.332,
                                                                                        "Actual Total Time": 4699.339,
                                                                                        "Actual Rows": 0,
                                                                                        "Actual Loops": 1
                                                                                    },
                                                                                    {
                                                                                        "Worker Number": 3,
                                                                                        "Actual Startup Time": 4815.647,
                                                                                        "Actual Total Time": 4815.655,
                                                                                        "Actual Rows": 0,
                                                                                        "Actual Loops": 1
                                                                                    }
                                                                                ],
                                                                                "Plans": [
                                                                                    {
                                                                                        "Node Type": "Merge Join",
                                                                                        "Parent Relationship": "Outer",
                                                                                        "Parallel Aware": false,
                                                                                        "Join Type": "Inner",
                                                                                        "Startup Cost": 30000920269.76,
                                                                                        "Total Cost": 30001070449.51,
                                                                                        "Plan Rows": 54,
                                                                                        "Plan Width": 37,
                                                                                        "Actual Startup Time": 4103.846,
                                                                                        "Actual Total Time": 4153.186,
                                                                                        "Actual Rows": 70,
                                                                                        "Actual Loops": 5,
                                                                                        "Output": [
                                                                                            "ci.movie_id",
                                                                                            "ci.person_id",
                                                                                            "mk.movie_id",
                                                                                            "mk.keyword_id",
                                                                                            "t.title",
                                                                                            "t.id"
                                                                                        ],
                                                                                        "Inner Unique": false,
                                                                                        "Merge Cond": "(mk.movie_id = t.id)",
                                                                                        "Workers": [
                                                                                            {
                                                                                                "Worker Number": 0,
                                                                                                "Actual Startup Time": 4223.438,
                                                                                                "Actual Total Time": 4223.443,
                                                                                                "Actual Rows": 0,
                                                                                                "Actual Loops": 1
                                                                                            },
                                                                                            {
                                                                                                "Worker Number": 1,
                                                                                                "Actual Startup Time": 4223.273,
                                                                                                "Actual Total Time": 4223.376,
                                                                                                "Actual Rows": 18,
                                                                                                "Actual Loops": 1
                                                                                            },
                                                                                            {
                                                                                                "Worker Number": 2,
                                                                                                "Actual Startup Time": 4223.313,
                                                                                                "Actual Total Time": 4223.318,
                                                                                                "Actual Rows": 0,
                                                                                                "Actual Loops": 1
                                                                                            },
                                                                                            {
                                                                                                "Worker Number": 3,
                                                                                                "Actual Startup Time": 4338.4,
                                                                                                "Actual Total Time": 4338.405,
                                                                                                "Actual Rows": 0,
                                                                                                "Actual Loops": 1
                                                                                            }
                                                                                        ],
                                                                                        "Plans": [
                                                                                            {
                                                                                                "Node Type": "Index Scan",
                                                                                                "Parent Relationship": "Outer",
                                                                                                "Parallel Aware": true,
                                                                                                "Scan Direction": "Forward",
                                                                                                "Index Name": "movie_id_movie_keyword",
                                                                                                "Relation Name": "movie_keyword",
                                                                                                "Schema": "public",
                                                                                                "Alias": "mk",
                                                                                                "Startup Cost": 10000000000.43,
                                                                                                "Total Cost": 10000146531.48,
                                                                                                "Plan Rows": 1459332,
                                                                                                "Plan Width": 8,
                                                                                                "Actual Startup Time": 0.122,
                                                                                                "Actual Total Time": 33.928,
                                                                                                "Actual Rows": 315216,
                                                                                                "Actual Loops": 5,
                                                                                                "Output": [
                                                                                                    "mk.id",
                                                                                                    "mk.movie_id",
                                                                                                    "mk.keyword_id"
                                                                                                ],
                                                                                                "Workers": [
                                                                                                    {
                                                                                                        "Worker Number": 0,
                                                                                                        "Actual Startup Time": 0.106,
                                                                                                        "Actual Total Time": 0.222,
                                                                                                        "Actual Rows": 350,
                                                                                                        "Actual Loops": 1
                                                                                                    },
                                                                                                    {
                                                                                                        "Worker Number": 1,
                                                                                                        "Actual Startup Time": 0.267,
                                                                                                        "Actual Total Time": 0.341,
                                                                                                        "Actual Rows": 365,
                                                                                                        "Actual Loops": 1
                                                                                                    },
                                                                                                    {
                                                                                                        "Worker Number": 2,
                                                                                                        "Actual Startup Time": 0.154,
                                                                                                        "Actual Total Time": 0.331,
                                                                                                        "Actual Rows": 364,
                                                                                                        "Actual Loops": 1
                                                                                                    },
                                                                                                    {
                                                                                                        "Worker Number": 3,
                                                                                                        "Actual Startup Time": 0.065,
                                                                                                        "Actual Total Time": 0.19,
                                                                                                        "Actual Rows": 364,
                                                                                                        "Actual Loops": 1
                                                                                                    }
                                                                                                ]
                                                                                            },
                                                                                            {
                                                                                                "Node Type": "Sort",
                                                                                                "Parent Relationship": "Inner",
                                                                                                "Parallel Aware": false,
                                                                                                "Startup Cost": 20000920269.33,
                                                                                                "Total Cost": 20000920269.41,
                                                                                                "Plan Rows": 35,
                                                                                                "Plan Width": 29,
                                                                                                "Actual Startup Time": 4100.853,
                                                                                                "Actual Total Time": 4100.87,
                                                                                                "Actual Rows": 151,
                                                                                                "Actual Loops": 5,
                                                                                                "Output": [
                                                                                                    "ci.movie_id",
                                                                                                    "ci.person_id",
                                                                                                    "t.title",
                                                                                                    "t.id"
                                                                                                ],
                                                                                                "Sort Key": [
                                                                                                    "ci.movie_id"
                                                                                                ],
                                                                                                "Sort Method": "quicksort",
                                                                                                "Sort Space Used": 32,
                                                                                                "Sort Space Type": "Memory",
                                                                                                "Workers": [
                                                                                                    {
                                                                                                        "Worker Number": 0,
                                                                                                        "Actual Startup Time": 4223.178,
                                                                                                        "Actual Total Time": 4223.187,
                                                                                                        "Actual Rows": 87,
                                                                                                        "Actual Loops": 1
                                                                                                    },
                                                                                                    {
                                                                                                        "Worker Number": 1,
                                                                                                        "Actual Startup Time": 4222.979,
                                                                                                        "Actual Total Time": 4222.99,
                                                                                                        "Actual Rows": 103,
                                                                                                        "Actual Loops": 1
                                                                                                    },
                                                                                                    {
                                                                                                        "Worker Number": 2,
                                                                                                        "Actual Startup Time": 4222.939,
                                                                                                        "Actual Total Time": 4222.95,
                                                                                                        "Actual Rows": 87,
                                                                                                        "Actual Loops": 1
                                                                                                    },
                                                                                                    {
                                                                                                        "Worker Number": 3,
                                                                                                        "Actual Startup Time": 4338.163,
                                                                                                        "Actual Total Time": 4338.173,
                                                                                                        "Actual Rows": 87,
                                                                                                        "Actual Loops": 1
                                                                                                    }
                                                                                                ],
                                                                                                "Plans": [
                                                                                                    {
                                                                                                        "Node Type": "Hash Join",
                                                                                                        "Parent Relationship": "Outer",
                                                                                                        "Parallel Aware": false,
                                                                                                        "Join Type": "Inner",
                                                                                                        "Startup Cost": 20000073923.74,
                                                                                                        "Total Cost": 20000920268.43,
                                                                                                        "Plan Rows": 35,
                                                                                                        "Plan Width": 29,
                                                                                                        "Actual Startup Time": 2255.166,
                                                                                                        "Actual Total Time": 4100.681,
                                                                                                        "Actual Rows": 87,
                                                                                                        "Actual Loops": 5,
                                                                                                        "Output": [
                                                                                                            "ci.movie_id",
                                                                                                            "ci.person_id",
                                                                                                            "t.title",
                                                                                                            "t.id"
                                                                                                        ],
                                                                                                        "Inner Unique": false,
                                                                                                        "Hash Cond": "(ci.movie_id = t.id)",
                                                                                                        "Workers": [
                                                                                                            {
                                                                                                                "Worker Number": 0,
                                                                                                                "Actual Startup Time": 2365.027,
                                                                                                                "Actual Total Time": 4222.994,
                                                                                                                "Actual Rows": 87,
                                                                                                                "Actual Loops": 1
                                                                                                            },
                                                                                                            {
                                                                                                                "Worker Number": 1,
                                                                                                                "Actual Startup Time": 2336.904,
                                                                                                                "Actual Total Time": 4222.789,
                                                                                                                "Actual Rows": 87,
                                                                                                                "Actual Loops": 1
                                                                                                            },
                                                                                                            {
                                                                                                                "Worker Number": 2,
                                                                                                                "Actual Startup Time": 2336.874,
                                                                                                                "Actual Total Time": 4222.756,
                                                                                                                "Actual Rows": 87,
                                                                                                                "Actual Loops": 1
                                                                                                            },
                                                                                                            {
                                                                                                                "Worker Number": 3,
                                                                                                                "Actual Startup Time": 2462.305,
                                                                                                                "Actual Total Time": 4337.972,
                                                                                                                "Actual Rows": 87,
                                                                                                                "Actual Loops": 1
                                                                                                            }
                                                                                                        ],
                                                                                                        "Plans": [
                                                                                                            {
                                                                                                                "Node Type": "Seq Scan",
                                                                                                                "Parent Relationship": "Outer",
                                                                                                                "Parallel Aware": false,
                                                                                                                "Relation Name": "cast_info",
                                                                                                                "Schema": "public",
                                                                                                                "Alias": "ci",
                                                                                                                "Startup Cost": 10000000000.0,
                                                                                                                "Total Cost": 10000841794.61,
                                                                                                                "Plan Rows": 1213260,
                                                                                                                "Plan Width": 8,
                                                                                                                "Actual Startup Time": 129.483,
                                                                                                                "Actual Total Time": 3677.815,
                                                                                                                "Actual Rows": 1244716,
                                                                                                                "Actual Loops": 5,
                                                                                                                "Output": [
                                                                                                                    "ci.id",
                                                                                                                    "ci.person_id",
                                                                                                                    "ci.movie_id",
                                                                                                                    "ci.person_role_id",
                                                                                                                    "ci.note",
                                                                                                                    "ci.nr_order",
                                                                                                                    "ci.role_id"
                                                                                                                ],
                                                                                                                "Filter": "(ci.note = ANY ('{(writer),\"(head writer)\",\"(written by)\",(story),\"(story editor)\"}'::text[]))",
                                                                                                                "Rows Removed by Filter": 34999628,
                                                                                                                "Workers": [
                                                                                                                    {
                                                                                                                        "Worker Number": 0,
                                                                                                                        "Actual Startup Time": 140.787,
                                                                                                                        "Actual Total Time": 3769.204,
                                                                                                                        "Actual Rows": 1244716,
                                                                                                                        "Actual Loops": 1
                                                                                                                    },
                                                                                                                    {
                                                                                                                        "Worker Number": 1,
                                                                                                                        "Actual Startup Time": 140.576,
                                                                                                                        "Actual Total Time": 3768.737,
                                                                                                                        "Actual Rows": 1244716,
                                                                                                                        "Actual Loops": 1
                                                                                                                    },
                                                                                                                    {
                                                                                                                        "Worker Number": 2,
                                                                                                                        "Actual Startup Time": 140.548,
                                                                                                                        "Actual Total Time": 3770.742,
                                                                                                                        "Actual Rows": 1244716,
                                                                                                                        "Actual Loops": 1
                                                                                                                    },
                                                                                                                    {
                                                                                                                        "Worker Number": 3,
                                                                                                                        "Actual Startup Time": 140.65,
                                                                                                                        "Actual Total Time": 3884.758,
                                                                                                                        "Actual Rows": 1244716,
                                                                                                                        "Actual Loops": 1
                                                                                                                    }
                                                                                                                ]
                                                                                                            },
                                                                                                            {
                                                                                                                "Node Type": "Hash",
                                                                                                                "Parent Relationship": "Inner",
                                                                                                                "Parallel Aware": false,
                                                                                                                "Startup Cost": 10000073922.83,
                                                                                                                "Total Cost": 10000073922.83,
                                                                                                                "Plan Rows": 73,
                                                                                                                "Plan Width": 21,
                                                                                                                "Actual Startup Time": 348.534,
                                                                                                                "Actual Total Time": 348.535,
                                                                                                                "Actual Rows": 232,
                                                                                                                "Actual Loops": 5,
                                                                                                                "Output": [
                                                                                                                    "t.title",
                                                                                                                    "t.id"
                                                                                                                ],
                                                                                                                "Hash Buckets": 1024,
                                                                                                                "Original Hash Buckets": 1024,
                                                                                                                "Hash Batches": 1,
                                                                                                                "Original Hash Batches": 1,
                                                                                                                "Peak Memory Usage": 21,
                                                                                                                "Workers": [
                                                                                                                    {
                                                                                                                        "Worker Number": 0,
                                                                                                                        "Actual Startup Time": 378.456,
                                                                                                                        "Actual Total Time": 378.457,
                                                                                                                        "Actual Rows": 232,
                                                                                                                        "Actual Loops": 1
                                                                                                                    },
                                                                                                                    {
                                                                                                                        "Worker Number": 1,
                                                                                                                        "Actual Startup Time": 378.444,
                                                                                                                        "Actual Total Time": 378.445,
                                                                                                                        "Actual Rows": 232,
                                                                                                                        "Actual Loops": 1
                                                                                                                    },
                                                                                                                    {
                                                                                                                        "Worker Number": 2,
                                                                                                                        "Actual Startup Time": 378.456,
                                                                                                                        "Actual Total Time": 378.457,
                                                                                                                        "Actual Rows": 232,
                                                                                                                        "Actual Loops": 1
                                                                                                                    },
                                                                                                                    {
                                                                                                                        "Worker Number": 3,
                                                                                                                        "Actual Startup Time": 378.455,
                                                                                                                        "Actual Total Time": 378.456,
                                                                                                                        "Actual Rows": 232,
                                                                                                                        "Actual Loops": 1
                                                                                                                    }
                                                                                                                ],
                                                                                                                "Plans": [
                                                                                                                    {
                                                                                                                        "Node Type": "Seq Scan",
                                                                                                                        "Parent Relationship": "Outer",
                                                                                                                        "Parallel Aware": false,
                                                                                                                        "Relation Name": "title",
                                                                                                                        "Schema": "public",
                                                                                                                        "Alias": "t",
                                                                                                                        "Startup Cost": 10000000000.0,
                                                                                                                        "Total Cost": 10000073922.83,
                                                                                                                        "Plan Rows": 73,
                                                                                                                        "Plan Width": 21,
                                                                                                                        "Actual Startup Time": 4.97,
                                                                                                                        "Actual Total Time": 348.296,
                                                                                                                        "Actual Rows": 232,
                                                                                                                        "Actual Loops": 5,
                                                                                                                        "Output": [
                                                                                                                            "t.title",
                                                                                                                            "t.id"
                                                                                                                        ],
                                                                                                                        "Filter": "((t.title ~~ 'Deep%'::text) AND (t.production_year > 2007))",
                                                                                                                        "Rows Removed by Filter": 2528080,
                                                                                                                        "Workers": [
                                                                                                                            {
                                                                                                                                "Worker Number": 0,
                                                                                                                                "Actual Startup Time": 5.621,
                                                                                                                                "Actual Total Time": 378.192,
                                                                                                                                "Actual Rows": 232,
                                                                                                                                "Actual Loops": 1
                                                                                                                            },
                                                                                                                            {
                                                                                                                                "Worker Number": 1,
                                                                                                                                "Actual Startup Time": 5.615,
                                                                                                                                "Actual Total Time": 378.173,
                                                                                                                                "Actual Rows": 232,
                                                                                                                                "Actual Loops": 1
                                                                                                                            },
                                                                                                                            {
                                                                                                                                "Worker Number": 2,
                                                                                                                                "Actual Startup Time": 5.622,
                                                                                                                                "Actual Total Time": 378.203,
                                                                                                                                "Actual Rows": 232,
                                                                                                                                "Actual Loops": 1
                                                                                                                            },
                                                                                                                            {
                                                                                                                                "Worker Number": 3,
                                                                                                                                "Actual Startup Time": 5.617,
                                                                                                                                "Actual Total Time": 378.186,
                                                                                                                                "Actual Rows": 232,
                                                                                                                                "Actual Loops": 1
                                                                                                                            }
                                                                                                                        ]
                                                                                                                    }
                                                                                                                ]
                                                                                                            }
                                                                                                        ]
                                                                                                    }
                                                                                                ]
                                                                                            }
                                                                                        ]
                                                                                    },
                                                                                    {
                                                                                        "Node Type": "Hash",
                                                                                        "Parent Relationship": "Inner",
                                                                                        "Parallel Aware": true,
                                                                                        "Startup Cost": 198880.74,
                                                                                        "Total Cost": 198880.74,
                                                                                        "Plan Rows": 73284,
                                                                                        "Plan Width": 51,
                                                                                        "Actual Startup Time": 476.183,
                                                                                        "Actual Total Time": 476.183,
                                                                                        "Actual Rows": 72169,
                                                                                        "Actual Loops": 5,
                                                                                        "Output": [
                                                                                            "mi.info",
                                                                                            "mi.movie_id",
                                                                                            "mi.info_type_id"
                                                                                        ],
                                                                                        "Hash Buckets": 524288,
                                                                                        "Original Hash Buckets": 524288,
                                                                                        "Hash Batches": 1,
                                                                                        "Original Hash Batches": 1,
                                                                                        "Peak Memory Usage": 21120,
                                                                                        "Workers": [
                                                                                            {
                                                                                                "Worker Number": 0,
                                                                                                "Actual Startup Time": 475.362,
                                                                                                "Actual Total Time": 475.362,
                                                                                                "Actual Rows": 64290,
                                                                                                "Actual Loops": 1
                                                                                            },
                                                                                            {
                                                                                                "Worker Number": 1,
                                                                                                "Actual Startup Time": 475.443,
                                                                                                "Actual Total Time": 475.444,
                                                                                                "Actual Rows": 63909,
                                                                                                "Actual Loops": 1
                                                                                            },
                                                                                            {
                                                                                                "Worker Number": 2,
                                                                                                "Actual Startup Time": 475.708,
                                                                                                "Actual Total Time": 475.709,
                                                                                                "Actual Rows": 64388,
                                                                                                "Actual Loops": 1
                                                                                            },
                                                                                            {
                                                                                                "Worker Number": 3,
                                                                                                "Actual Startup Time": 475.896,
                                                                                                "Actual Total Time": 475.897,
                                                                                                "Actual Rows": 60761,
                                                                                                "Actual Loops": 1
                                                                                            }
                                                                                        ],
                                                                                        "Plans": [
                                                                                            {
                                                                                                "Node Type": "Seq Scan",
                                                                                                "Parent Relationship": "Outer",
                                                                                                "Parallel Aware": true,
                                                                                                "Relation Name": "movie_info",
                                                                                                "Schema": "public",
                                                                                                "Alias": "mi",
                                                                                                "Startup Cost": 0.0,
                                                                                                "Total Cost": 198880.74,
                                                                                                "Plan Rows": 73284,
                                                                                                "Plan Width": 51,
                                                                                                "Actual Startup Time": 397.901,
                                                                                                "Actual Total Time": 448.231,
                                                                                                "Actual Rows": 72169,
                                                                                                "Actual Loops": 5,
                                                                                                "Output": [
                                                                                                    "mi.info",
                                                                                                    "mi.movie_id",
                                                                                                    "mi.info_type_id"
                                                                                                ],
                                                                                                "Filter": "(mi.info = 'Short'::text)",
                                                                                                "Rows Removed by Filter": 2894975,
                                                                                                "Workers": [
                                                                                                    {
                                                                                                        "Worker Number": 0,
                                                                                                        "Actual Startup Time": 397.053,
                                                                                                        "Actual Total Time": 447.902,
                                                                                                        "Actual Rows": 64290,
                                                                                                        "Actual Loops": 1
                                                                                                    },
                                                                                                    {
                                                                                                        "Worker Number": 1,
                                                                                                        "Actual Startup Time": 397.106,
                                                                                                        "Actual Total Time": 447.781,
                                                                                                        "Actual Rows": 63909,
                                                                                                        "Actual Loops": 1
                                                                                                    },
                                                                                                    {
                                                                                                        "Worker Number": 2,
                                                                                                        "Actual Startup Time": 397.464,
                                                                                                        "Actual Total Time": 448.263,
                                                                                                        "Actual Rows": 64388,
                                                                                                        "Actual Loops": 1
                                                                                                    },
                                                                                                    {
                                                                                                        "Worker Number": 3,
                                                                                                        "Actual Startup Time": 397.635,
                                                                                                        "Actual Total Time": 448.254,
                                                                                                        "Actual Rows": 60761,
                                                                                                        "Actual Loops": 1
                                                                                                    }
                                                                                                ]
                                                                                            }
                                                                                        ]
                                                                                    }
                                                                                ]
                                                                            },
                                                                            {
                                                                                "Node Type": "Bitmap Heap Scan",
                                                                                "Parent Relationship": "Inner",
                                                                                "Parallel Aware": false,
                                                                                "Relation Name": "info_type",
                                                                                "Schema": "public",
                                                                                "Alias": "it1",
                                                                                "Startup Cost": 0.15,
                                                                                "Total Cost": 4.17,
                                                                                "Plan Rows": 1,
                                                                                "Plan Width": 4,
                                                                                "Actual Startup Time": 0.005,
                                                                                "Actual Total Time": 0.005,
                                                                                "Actual Rows": 1,
                                                                                "Actual Loops": 29,
                                                                                "Output": [
                                                                                    "it1.id",
                                                                                    "it1.info"
                                                                                ],
                                                                                "Recheck Cond": "(it1.id = mi.info_type_id)",
                                                                                "Rows Removed by Index Recheck": 0,
                                                                                "Filter": "((it1.info)::text = 'genres'::text)",
                                                                                "Rows Removed by Filter": 0,
                                                                                "Exact Heap Blocks": 11,
                                                                                "Lossy Heap Blocks": 0,
                                                                                "Workers": [
                                                                                    {
                                                                                        "Worker Number": 1,
                                                                                        "Actual Startup Time": 0.006,
                                                                                        "Actual Total Time": 0.006,
                                                                                        "Actual Rows": 1,
                                                                                        "Actual Loops": 18
                                                                                    }
                                                                                ],
                                                                                "Plans": [
                                                                                    {
                                                                                        "Node Type": "Bitmap Index Scan",
                                                                                        "Parent Relationship": "Outer",
                                                                                        "Parallel Aware": false,
                                                                                        "Index Name": "info_type_pkey",
                                                                                        "Startup Cost": 0.0,
                                                                                        "Total Cost": 0.15,
                                                                                        "Plan Rows": 1,
                                                                                        "Plan Width": 0,
                                                                                        "Actual Startup Time": 0.003,
                                                                                        "Actual Total Time": 0.003,
                                                                                        "Actual Rows": 1,
                                                                                        "Actual Loops": 29,
                                                                                        "Index Cond": "(it1.id = mi.info_type_id)",
                                                                                        "Workers": [
                                                                                            {
                                                                                                "Worker Number": 1,
                                                                                                "Actual Startup Time": 0.004,
                                                                                                "Actual Total Time": 0.004,
                                                                                                "Actual Rows": 1,
                                                                                                "Actual Loops": 18
                                                                                            }
                                                                                        ]
                                                                                    }
                                                                                ]
                                                                            }
                                                                        ]
                                                                    }
                                                                ]
                                                            }
                                                        ]
                                                    }
                                                ]
                                            }
                                        ]
                                    },
                                    {
                                        "Node Type": "Index Scan",
                                        "Parent Relationship": "Inner",
                                        "Parallel Aware": false,
                                        "Scan Direction": "Forward",
                                        "Index Name": "keyword_pkey",
                                        "Relation Name": "keyword",
                                        "Schema": "public",
                                        "Alias": "k",
                                        "Startup Cost": 0.42,
                                        "Total Cost": 5846.06,
                                        "Plan Rows": 5,
                                        "Plan Width": 4,
                                        "Actual Startup Time": 0.192,
                                        "Actual Total Time": 45.6,
                                        "Actual Rows": 5,
                                        "Actual Loops": 1,
                                        "Output": [
                                            "k.id",
                                            "k.keyword",
                                            "k.phonetic_code"
                                        ],
                                        "Filter": "(k.keyword = ANY ('{gore,hand-to-hand-combat,marvel-comics,martial-arts,love}'::text[]))",
                                        "Rows Removed by Filter": 134165
                                    }
                                ]
                            },
                            {
                                "Node Type": "Bitmap Heap Scan",
                                "Parent Relationship": "Inner",
                                "Parallel Aware": false,
                                "Relation Name": "movie_info_idx",
                                "Schema": "public",
                                "Alias": "mi_idx",
                                "Startup Cost": 0.46,
                                "Total Cost": 4.49,
                                "Plan Rows": 3,
                                "Plan Width": 13,
                                "Actual Startup Time": 0.016,
                                "Actual Total Time": 0.018,
                                "Actual Rows": 3,
                                "Actual Loops": 1,
                                "Output": [
                                    "mi_idx.id",
                                    "mi_idx.movie_id",
                                    "mi_idx.info_type_id",
                                    "mi_idx.info",
                                    "mi_idx.note"
                                ],
                                "Recheck Cond": "(mi_idx.movie_id = mk.movie_id)",
                                "Rows Removed by Index Recheck": 0,
                                "Exact Heap Blocks": 1,
                                "Lossy Heap Blocks": 0,
                                "Plans": [
                                    {
                                        "Node Type": "Bitmap Index Scan",
                                        "Parent Relationship": "Outer",
                                        "Parallel Aware": false,
                                        "Index Name": "movie_id_movie_info_idx",
                                        "Startup Cost": 0.0,
                                        "Total Cost": 0.46,
                                        "Plan Rows": 3,
                                        "Plan Width": 0,
                                        "Actual Startup Time": 0.011,
                                        "Actual Total Time": 0.012,
                                        "Actual Rows": 3,
                                        "Actual Loops": 1,
                                        "Index Cond": "(mi_idx.movie_id = mk.movie_id)"
                                    }
                                ]
                            }
                        ]
                    },
                    {
                        "Node Type": "Bitmap Heap Scan",
                        "Parent Relationship": "Inner",
                        "Parallel Aware": false,
                        "Relation Name": "info_type",
                        "Schema": "public",
                        "Alias": "it2",
                        "Startup Cost": 0.15,
                        "Total Cost": 4.17,
                        "Plan Rows": 1,
                        "Plan Width": 4,
                        "Actual Startup Time": 0.005,
                        "Actual Total Time": 0.005,
                        "Actual Rows": 0,
                        "Actual Loops": 3,
                        "Output": [
                            "it2.id",
                            "it2.info"
                        ],
                        "Recheck Cond": "(it2.id = mi_idx.info_type_id)",
                        "Rows Removed by Index Recheck": 0,
                        "Filter": "((it2.info)::text = 'votes'::text)",
                        "Rows Removed by Filter": 1,
                        "Exact Heap Blocks": 3,
                        "Lossy Heap Blocks": 0,
                        "Plans": [
                            {
                                "Node Type": "Bitmap Index Scan",
                                "Parent Relationship": "Outer",
                                "Parallel Aware": false,
                                "Index Name": "info_type_pkey",
                                "Startup Cost": 0.0,
                                "Total Cost": 0.15,
                                "Plan Rows": 1,
                                "Plan Width": 0,
                                "Actual Startup Time": 0.002,
                                "Actual Total Time": 0.003,
                                "Actual Rows": 1,
                                "Actual Loops": 3,
                                "Index Cond": "(it2.id = mi_idx.info_type_id)"
                            }
                        ]
                    }
                ]
            }
        ]
    },
    "Planning Time": 12.257,
    "Triggers": [],
    "Execution Time": 5398.336
}