[
    {
        "Bao": {
            "Bao prediction": "NaN",
            "Bao recommended hint": "(no hint)"
        }
    },
    {
        "Plan": {
            "Node Type": "Aggregate",
            "Strategy": "Plain",
            "Partial Mode": "Finalize",
            "Parallel Aware": false,
            "Startup Cost": 443077.93,
            "Total Cost": 443077.94,
            "Plan Rows": 1,
            "Plan Width": 8,
            "Actual Startup Time": 2707.49,
            "Actual Total Time": 2742.318,
            "Actual Rows": 1,
            "Actual Loops": 1,
            "Output": [
                "count(*)"
            ],
            "Plans": [
                {
                    "Node Type": "Gather",
                    "Parent Relationship": "Outer",
                    "Parallel Aware": false,
                    "Startup Cost": 443077.3,
                    "Total Cost": 443077.91,
                    "Plan Rows": 6,
                    "Plan Width": 8,
                    "Actual Startup Time": 2675.957,
                    "Actual Total Time": 2742.304,
                    "Actual Rows": 7,
                    "Actual Loops": 1,
                    "Output": [
                        "(PARTIAL count(*))"
                    ],
                    "Workers Planned": 6,
                    "Workers Launched": 6,
                    "Single Copy": false,
                    "Plans": [
                        {
                            "Node Type": "Aggregate",
                            "Strategy": "Plain",
                            "Partial Mode": "Partial",
                            "Parent Relationship": "Outer",
                            "Parallel Aware": false,
                            "Startup Cost": 442077.3,
                            "Total Cost": 442077.31,
                            "Plan Rows": 1,
                            "Plan Width": 8,
                            "Actual Startup Time": 2664.708,
                            "Actual Total Time": 2665.188,
                            "Actual Rows": 1,
                            "Actual Loops": 7,
                            "Output": [
                                "PARTIAL count(*)"
                            ],
                            "Workers": [
                                {
                                    "Worker Number": 0,
                                    "Actual Startup Time": 2662.186,
                                    "Actual Total Time": 2662.19,
                                    "Actual Rows": 1,
                                    "Actual Loops": 1
                                },
                                {
                                    "Worker Number": 1,
                                    "Actual Startup Time": 2663.518,
                                    "Actual Total Time": 2663.523,
                                    "Actual Rows": 1,
                                    "Actual Loops": 1
                                },
                                {
                                    "Worker Number": 2,
                                    "Actual Startup Time": 2662.177,
                                    "Actual Total Time": 2662.183,
                                    "Actual Rows": 1,
                                    "Actual Loops": 1
                                },
                                {
                                    "Worker Number": 3,
                                    "Actual Startup Time": 2663.189,
                                    "Actual Total Time": 2663.193,
                                    "Actual Rows": 1,
                                    "Actual Loops": 1
                                },
                                {
                                    "Worker Number": 4,
                                    "Actual Startup Time": 2663.37,
                                    "Actual Total Time": 2663.376,
                                    "Actual Rows": 1,
                                    "Actual Loops": 1
                                },
                                {
                                    "Worker Number": 5,
                                    "Actual Startup Time": 2663.529,
                                    "Actual Total Time": 2663.534,
                                    "Actual Rows": 1,
                                    "Actual Loops": 1
                                }
                            ],
                            "Plans": [
                                {
                                    "Node Type": "Hash Join",
                                    "Parent Relationship": "Outer",
                                    "Parallel Aware": true,
                                    "Join Type": "Inner",
                                    "Startup Cost": 85770.32,
                                    "Total Cost": 436732.02,
                                    "Plan Rows": 2138113,
                                    "Plan Width": 0,
                                    "Actual Startup Time": 543.085,
                                    "Actual Total Time": 2440.095,
                                    "Actual Rows": 4678383,
                                    "Actual Loops": 7,
                                    "Inner Unique": false,
                                    "Hash Cond": "(ci.movie_id = t.id)",
                                    "Workers": [
                                        {
                                            "Worker Number": 0,
                                            "Actual Startup Time": 540.754,
                                            "Actual Total Time": 2416.438,
                                            "Actual Rows": 3821589,
                                            "Actual Loops": 1
                                        },
                                        {
                                            "Worker Number": 1,
                                            "Actual Startup Time": 540.697,
                                            "Actual Total Time": 2463.908,
                                            "Actual Rows": 4732201,
                                            "Actual Loops": 1
                                        },
                                        {
                                            "Worker Number": 2,
                                            "Actual Startup Time": 540.721,
                                            "Actual Total Time": 2436.185,
                                            "Actual Rows": 3429127,
                                            "Actual Loops": 1
                                        },
                                        {
                                            "Worker Number": 3,
                                            "Actual Startup Time": 541.756,
                                            "Actual Total Time": 2421.757,
                                            "Actual Rows": 4155883,
                                            "Actual Loops": 1
                                        },
                                        {
                                            "Worker Number": 4,
                                            "Actual Startup Time": 541.98,
                                            "Actual Total Time": 2447.642,
                                            "Actual Rows": 5425742,
                                            "Actual Loops": 1
                                        },
                                        {
                                            "Worker Number": 5,
                                            "Actual Startup Time": 542.097,
                                            "Actual Total Time": 2446.248,
                                            "Actual Rows": 5445337,
                                            "Actual Loops": 1
                                        }
                                    ],
                                    "Plans": [
                                        {
                                            "Node Type": "Seq Scan",
                                            "Parent Relationship": "Outer",
                                            "Parallel Aware": true,
                                            "Relation Name": "cast_info",
                                            "Schema": "public",
                                            "Alias": "ci",
                                            "Startup Cost": 0.0,
                                            "Total Cost": 328213.62,
                                            "Plan Rows": 4226918,
                                            "Plan Width": 4,
                                            "Actual Startup Time": 105.756,
                                            "Actual Total Time": 617.747,
                                            "Actual Rows": 3618603,
                                            "Actual Loops": 7,
                                            "Output": [
                                                "ci.id",
                                                "ci.person_id",
                                                "ci.movie_id",
                                                "ci.person_role_id",
                                                "ci.note",
                                                "ci.nr_order",
                                                "ci.role_id"
                                            ],
                                            "Filter": "(ci.person_id > 1072224)",
                                            "Rows Removed by Filter": 1559160,
                                            "Workers": [
                                                {
                                                    "Worker Number": 0,
                                                    "Actual Startup Time": 105.721,
                                                    "Actual Total Time": 660.975,
                                                    "Actual Rows": 2953145,
                                                    "Actual Loops": 1
                                                },
                                                {
                                                    "Worker Number": 1,
                                                    "Actual Startup Time": 105.821,
                                                    "Actual Total Time": 581.596,
                                                    "Actual Rows": 3658243,
                                                    "Actual Loops": 1
                                                },
                                                {
                                                    "Worker Number": 2,
                                                    "Actual Startup Time": 105.84,
                                                    "Actual Total Time": 629.746,
                                                    "Actual Rows": 2645878,
                                                    "Actual Loops": 1
                                                },
                                                {
                                                    "Worker Number": 3,
                                                    "Actual Startup Time": 105.743,
                                                    "Actual Total Time": 661.432,
                                                    "Actual Rows": 3099023,
                                                    "Actual Loops": 1
                                                },
                                                {
                                                    "Worker Number": 4,
                                                    "Actual Startup Time": 105.717,
                                                    "Actual Total Time": 619.03,
                                                    "Actual Rows": 4241015,
                                                    "Actual Loops": 1
                                                },
                                                {
                                                    "Worker Number": 5,
                                                    "Actual Startup Time": 105.738,
                                                    "Actual Total Time": 617.11,
                                                    "Actual Rows": 4206863,
                                                    "Actual Loops": 1
                                                }
                                            ]
                                        },
                                        {
                                            "Node Type": "Hash",
                                            "Parent Relationship": "Inner",
                                            "Parallel Aware": true,
                                            "Startup Cost": 80613.43,
                                            "Total Cost": 80613.43,
                                            "Plan Rows": 412551,
                                            "Plan Width": 8,
                                            "Actual Startup Time": 434.139,
                                            "Actual Total Time": 434.617,
                                            "Actual Rows": 182035,
                                            "Actual Loops": 7,
                                            "Output": [
                                                "t.id",
                                                "mc.movie_id"
                                            ],
                                            "Hash Buckets": 2097152,
                                            "Original Hash Buckets": 2097152,
                                            "Hash Batches": 1,
                                            "Original Hash Batches": 1,
                                            "Peak Memory Usage": 66336,
                                            "Workers": [
                                                {
                                                    "Worker Number": 0,
                                                    "Actual Startup Time": 434.098,
                                                    "Actual Total Time": 434.101,
                                                    "Actual Rows": 151640,
                                                    "Actual Loops": 1
                                                },
                                                {
                                                    "Worker Number": 1,
                                                    "Actual Startup Time": 434.136,
                                                    "Actual Total Time": 434.14,
                                                    "Actual Rows": 189221,
                                                    "Actual Loops": 1
                                                },
                                                {
                                                    "Worker Number": 2,
                                                    "Actual Startup Time": 434.167,
                                                    "Actual Total Time": 434.172,
                                                    "Actual Rows": 137077,
                                                    "Actual Loops": 1
                                                },
                                                {
                                                    "Worker Number": 3,
                                                    "Actual Startup Time": 435.045,
                                                    "Actual Total Time": 435.047,
                                                    "Actual Rows": 151532,
                                                    "Actual Loops": 1
                                                },
                                                {
                                                    "Worker Number": 4,
                                                    "Actual Startup Time": 435.434,
                                                    "Actual Total Time": 435.439,
                                                    "Actual Rows": 210870,
                                                    "Actual Loops": 1
                                                },
                                                {
                                                    "Worker Number": 5,
                                                    "Actual Startup Time": 435.502,
                                                    "Actual Total Time": 435.505,
                                                    "Actual Rows": 207590,
                                                    "Actual Loops": 1
                                                }
                                            ],
                                            "Plans": [
                                                {
                                                    "Node Type": "Hash Join",
                                                    "Parent Relationship": "Outer",
                                                    "Parallel Aware": true,
                                                    "Join Type": "Inner",
                                                    "Startup Cost": 50219.81,
                                                    "Total Cost": 80613.43,
                                                    "Plan Rows": 412551,
                                                    "Plan Width": 8,
                                                    "Actual Startup Time": 247.671,
                                                    "Actual Total Time": 364.846,
                                                    "Actual Rows": 182035,
                                                    "Actual Loops": 7,
                                                    "Output": [
                                                        "t.id",
                                                        "mc.movie_id"
                                                    ],
                                                    "Inner Unique": true,
                                                    "Hash Cond": "(mc.movie_id = t.id)",
                                                    "Workers": [
                                                        {
                                                            "Worker Number": 0,
                                                            "Actual Startup Time": 247.686,
                                                            "Actual Total Time": 364.499,
                                                            "Actual Rows": 151640,
                                                            "Actual Loops": 1
                                                        },
                                                        {
                                                            "Worker Number": 1,
                                                            "Actual Startup Time": 247.711,
                                                            "Actual Total Time": 363.985,
                                                            "Actual Rows": 189221,
                                                            "Actual Loops": 1
                                                        },
                                                        {
                                                            "Worker Number": 2,
                                                            "Actual Startup Time": 247.709,
                                                            "Actual Total Time": 364.442,
                                                            "Actual Rows": 137077,
                                                            "Actual Loops": 1
                                                        },
                                                        {
                                                            "Worker Number": 3,
                                                            "Actual Startup Time": 247.72,
                                                            "Actual Total Time": 366.4,
                                                            "Actual Rows": 151532,
                                                            "Actual Loops": 1
                                                        },
                                                        {
                                                            "Worker Number": 4,
                                                            "Actual Startup Time": 247.596,
                                                            "Actual Total Time": 363.684,
                                                            "Actual Rows": 210870,
                                                            "Actual Loops": 1
                                                        },
                                                        {
                                                            "Worker Number": 5,
                                                            "Actual Startup Time": 247.582,
                                                            "Actual Total Time": 363.89,
                                                            "Actual Rows": 207590,
                                                            "Actual Loops": 1
                                                        }
                                                    ],
                                                    "Plans": [
                                                        {
                                                            "Node Type": "Seq Scan",
                                                            "Parent Relationship": "Outer",
                                                            "Parallel Aware": true,
                                                            "Relation Name": "movie_companies",
                                                            "Schema": "public",
                                                            "Alias": "mc",
                                                            "Startup Cost": 0.0,
                                                            "Total Cost": 29310.68,
                                                            "Plan Rows": 412551,
                                                            "Plan Width": 4,
                                                            "Actual Startup Time": 0.029,
                                                            "Actual Total Time": 47.849,
                                                            "Actual Rows": 182035,
                                                            "Actual Loops": 7,
                                                            "Output": [
                                                                "mc.id",
                                                                "mc.movie_id",
                                                                "mc.company_id",
                                                                "mc.company_type_id",
                                                                "mc.note"
                                                            ],
                                                            "Filter": "(mc.company_type_id < 2)",
                                                            "Rows Removed by Filter": 190698,
                                                            "Workers": [
                                                                {
                                                                    "Worker Number": 0,
                                                                    "Actual Startup Time": 0.033,
                                                                    "Actual Total Time": 50.532,
                                                                    "Actual Rows": 151640,
                                                                    "Actual Loops": 1
                                                                },
                                                                {
                                                                    "Worker Number": 1,
                                                                    "Actual Startup Time": 0.032,
                                                                    "Actual Total Time": 45.771,
                                                                    "Actual Rows": 189221,
                                                                    "Actual Loops": 1
                                                                },
                                                                {
                                                                    "Worker Number": 2,
                                                                    "Actual Startup Time": 0.041,
                                                                    "Actual Total Time": 48.66,
                                                                    "Actual Rows": 137077,
                                                                    "Actual Loops": 1
                                                                },
                                                                {
                                                                    "Worker Number": 3,
                                                                    "Actual Startup Time": 0.035,
                                                                    "Actual Total Time": 50.717,
                                                                    "Actual Rows": 151532,
                                                                    "Actual Loops": 1
                                                                },
                                                                {
                                                                    "Worker Number": 4,
                                                                    "Actual Startup Time": 0.027,
                                                                    "Actual Total Time": 47.488,
                                                                    "Actual Rows": 210870,
                                                                    "Actual Loops": 1
                                                                },
                                                                {
                                                                    "Worker Number": 5,
                                                                    "Actual Startup Time": 0.028,
                                                                    "Actual Total Time": 47.871,
                                                                    "Actual Rows": 207590,
                                                                    "Actual Loops": 1
                                                                }
                                                            ]
                                                        },
                                                        {
                                                            "Node Type": "Hash",
                                                            "Parent Relationship": "Inner",
                                                            "Parallel Aware": true,
                                                            "Startup Cost": 42318.81,
                                                            "Total Cost": 42318.81,
                                                            "Plan Rows": 632080,
                                                            "Plan Width": 4,
                                                            "Actual Startup Time": 244.193,
                                                            "Actual Total Time": 244.195,
                                                            "Actual Rows": 361187,
                                                            "Actual Loops": 7,
                                                            "Output": [
                                                                "t.id"
                                                            ],
                                                            "Hash Buckets": 4194304,
                                                            "Original Hash Buckets": 4194304,
                                                            "Hash Batches": 1,
                                                            "Original Hash Batches": 1,
                                                            "Peak Memory Usage": 131808,
                                                            "Workers": [
                                                                {
                                                                    "Worker Number": 0,
                                                                    "Actual Startup Time": 247.347,
                                                                    "Actual Total Time": 247.348,
                                                                    "Actual Rows": 294601,
                                                                    "Actual Loops": 1
                                                                },
                                                                {
                                                                    "Worker Number": 1,
                                                                    "Actual Startup Time": 247.373,
                                                                    "Actual Total Time": 247.375,
                                                                    "Actual Rows": 353958,
                                                                    "Actual Loops": 1
                                                                },
                                                                {
                                                                    "Worker Number": 2,
                                                                    "Actual Startup Time": 247.393,
                                                                    "Actual Total Time": 247.395,
                                                                    "Actual Rows": 265576,
                                                                    "Actual Loops": 1
                                                                },
                                                                {
                                                                    "Worker Number": 3,
                                                                    "Actual Startup Time": 247.396,
                                                                    "Actual Total Time": 247.397,
                                                                    "Actual Rows": 296612,
                                                                    "Actual Loops": 1
                                                                },
                                                                {
                                                                    "Worker Number": 4,
                                                                    "Actual Startup Time": 247.364,
                                                                    "Actual Total Time": 247.366,
                                                                    "Actual Rows": 392120,
                                                                    "Actual Loops": 1
                                                                },
                                                                {
                                                                    "Worker Number": 5,
                                                                    "Actual Startup Time": 247.49,
                                                                    "Actual Total Time": 247.491,
                                                                    "Actual Rows": 386989,
                                                                    "Actual Loops": 1
                                                                }
                                                            ],
                                                            "Plans": [
                                                                {
                                                                    "Node Type": "Seq Scan",
                                                                    "Parent Relationship": "Outer",
                                                                    "Parallel Aware": true,
                                                                    "Relation Name": "title",
                                                                    "Schema": "public",
                                                                    "Alias": "t",
                                                                    "Startup Cost": 0.0,
                                                                    "Total Cost": 42318.81,
                                                                    "Plan Rows": 632080,
                                                                    "Plan Width": 4,
                                                                    "Actual Startup Time": 0.046,
                                                                    "Actual Total Time": 70.062,
                                                                    "Actual Rows": 361187,
                                                                    "Actual Loops": 7,
                                                                    "Output": [
                                                                        "t.id"
                                                                    ],
                                                                    "Workers": [
                                                                        {
                                                                            "Worker Number": 0,
                                                                            "Actual Startup Time": 0.036,
                                                                            "Actual Total Time": 75.871,
                                                                            "Actual Rows": 294601,
                                                                            "Actual Loops": 1
                                                                        },
                                                                        {
                                                                            "Worker Number": 1,
                                                                            "Actual Startup Time": 0.07,
                                                                            "Actual Total Time": 67.266,
                                                                            "Actual Rows": 353958,
                                                                            "Actual Loops": 1
                                                                        },
                                                                        {
                                                                            "Worker Number": 2,
                                                                            "Actual Startup Time": 0.054,
                                                                            "Actual Total Time": 72.961,
                                                                            "Actual Rows": 265576,
                                                                            "Actual Loops": 1
                                                                        },
                                                                        {
                                                                            "Worker Number": 3,
                                                                            "Actual Startup Time": 0.049,
                                                                            "Actual Total Time": 76.199,
                                                                            "Actual Rows": 296612,
                                                                            "Actual Loops": 1
                                                                        },
                                                                        {
                                                                            "Worker Number": 4,
                                                                            "Actual Startup Time": 0.049,
                                                                            "Actual Total Time": 70.635,
                                                                            "Actual Rows": 392120,
                                                                            "Actual Loops": 1
                                                                        },
                                                                        {
                                                                            "Worker Number": 5,
                                                                            "Actual Startup Time": 0.048,
                                                                            "Actual Total Time": 70.157,
                                                                            "Actual Rows": 386989,
                                                                            "Actual Loops": 1
                                                                        }
                                                                    ]
                                                                }
                                                            ]
                                                        }
                                                    ]
                                                }
                                            ]
                                        }
                                    ]
                                }
                            ]
                        }
                    ]
                }
            ]
        },
        "Planning Time": 195.988,
        "Triggers": [],
        "Execution Time": 2742.43
    }
]