{
  "Plan": {
    "Node Type": "Aggregate",
    "Strategy": "Plain",
    "Partial Mode": "Finalize",
    "Parallel Aware": false,
    "Startup Cost": 353778.35,
    "Total Cost": 353778.36,
    "Plan Rows": 1,
    "Plan Width": 8,
    "Actual Startup Time": 822.112,
    "Actual Total Time": 842.43,
    "Actual Rows": 1,
    "Actual Loops": 1,
    "Plans": [
      {
        "Node Type": "Gather",
        "Parent Relationship": "Outer",
        "Parallel Aware": false,
        "Startup Cost": 353778.23,
        "Total Cost": 353778.34,
        "Plan Rows": 1,
        "Plan Width": 8,
        "Actual Startup Time": 817.17,
        "Actual Total Time": 842.423,
        "Actual Rows": 2,
        "Actual Loops": 1,
        "Workers Planned": 1,
        "Workers Launched": 1,
        "Single Copy": false,
        "Plans": [
          {
            "Node Type": "Aggregate",
            "Strategy": "Plain",
            "Partial Mode": "Partial",
            "Parent Relationship": "Outer",
            "Parallel Aware": false,
            "Startup Cost": 352778.23,
            "Total Cost": 352778.24,
            "Plan Rows": 1,
            "Plan Width": 8,
            "Actual Startup Time": 804.726,
            "Actual Total Time": 804.73,
            "Actual Rows": 1,
            "Actual Loops": 2,
            "Plans": [
              {
                "Node Type": "Hash Join",
                "Parent Relationship": "Outer",
                "Parallel Aware": true,
                "Join Type": "Inner",
                "Startup Cost": 90307.09,
                "Total Cost": 351390.41,
                "Plan Rows": 555129,
                "Plan Width": 0,
                "Actual Startup Time": 548.545,
                "Actual Total Time": 785.474,
                "Actual Rows": 457323,
                "Actual Loops": 2,
                "Inner Unique": true,
                "Hash Cond": "(ci.movie_id = t.id)",
                "Plans": [
                  {
                    "Node Type": "Bitmap Heap Scan",
                    "Parent Relationship": "Outer",
                    "Parallel Aware": true,
                    "Relation Name": "cast_info",
                    "Alias": "ci",
                    "Startup Cost": 20846.39,
                    "Total Cost": 280472.5,
                    "Plan Rows": 555129,
                    "Plan Width": 4,
                    "Actual Startup Time": 30.29,
                    "Actual Total Time": 82.927,
                    "Actual Rows": 457323,
                    "Actual Loops": 2,
                    "Recheck Cond": "(person_id > 3886419)",
                    "Rows Removed by Index Recheck": 0,
                    "Exact Heap Blocks": 6710,
                    "Lossy Heap Blocks": 0,
                    "Plans": [
                      {
                        "Node Type": "Bitmap Index Scan",
                        "Parent Relationship": "Outer",
                        "Parallel Aware": false,
                        "Index Name": "person_id_cast_info",
                        "Startup Cost": 0.0,
                        "Total Cost": 20610.46,
                        "Plan Rows": 943719,
                        "Plan Width": 0,
                        "Actual Startup Time": 28.307,
                        "Actual Total Time": 28.308,
                        "Actual Rows": 914646,
                        "Actual Loops": 1,
                        "Index Cond": "(person_id > 3886419)"
                      }
                    ]
                  },
                  {
                    "Node Type": "Hash",
                    "Parent Relationship": "Inner",
                    "Parallel Aware": true,
                    "Startup Cost": 50870.31,
                    "Total Cost": 50870.31,
                    "Plan Rows": 1487231,
                    "Plan Width": 4,
                    "Actual Startup Time": 495.194,
                    "Actual Total Time": 495.195,
                    "Actual Rows": 1264156,
                    "Actual Loops": 2,
                    "Hash Buckets": 4194304,
                    "Original Hash Buckets": 4194304,
                    "Hash Batches": 1,
                    "Original Hash Batches": 1,
                    "Peak Memory Usage": 131680,
                    "Plans": [
                      {
                        "Node Type": "Seq Scan",
                        "Parent Relationship": "Outer",
                        "Parallel Aware": true,
                        "Relation Name": "title",
                        "Alias": "t",
                        "Startup Cost": 0.0,
                        "Total Cost": 50870.31,
                        "Plan Rows": 1487231,
                        "Plan Width": 4,
                        "Actual Startup Time": 0.026,
                        "Actual Total Time": 148.896,
                        "Actual Rows": 1264156,
                        "Actual Loops": 2
                      }
                    ]
                  }
                ]
              }
            ]
          }
        ]
      }
    ]
  },
  "Planning Time": 0.647,
  "Triggers": [],
  "Execution Time": 842.518
}