{
  "Plan": {
    "Node Type": "Aggregate",
    "Strategy": "Plain",
    "Partial Mode": "Finalize",
    "Parallel Aware": false,
    "Startup Cost": 4532549.37,
    "Total Cost": 4532549.38,
    "Plan Rows": 1,
    "Plan Width": 8,
    "Actual Startup Time": 65609.771,
    "Actual Total Time": 65758.993,
    "Actual Rows": 1,
    "Actual Loops": 1,
    "Plans": [
      {
        "Node Type": "Gather",
        "Parent Relationship": "Outer",
        "Parallel Aware": false,
        "Startup Cost": 4532549.25,
        "Total Cost": 4532549.36,
        "Plan Rows": 1,
        "Plan Width": 8,
        "Actual Startup Time": 65609.396,
        "Actual Total Time": 65758.973,
        "Actual Rows": 2,
        "Actual Loops": 1,
        "Workers Planned": 1,
        "Workers Launched": 1,
        "Single Copy": false,
        "Plans": [
          {
            "Node Type": "Aggregate",
            "Strategy": "Plain",
            "Partial Mode": "Partial",
            "Parent Relationship": "Outer",
            "Parallel Aware": false,
            "Startup Cost": 4531549.25,
            "Total Cost": 4531549.26,
            "Plan Rows": 1,
            "Plan Width": 8,
            "Actual Startup Time": 65602.906,
            "Actual Total Time": 65602.908,
            "Actual Rows": 1,
            "Actual Loops": 2,
            "Plans": [
              {
                "Node Type": "Merge Join",
                "Parent Relationship": "Outer",
                "Parallel Aware": false,
                "Join Type": "Inner",
                "Startup Cost": 51.58,
                "Total Cost": 4354919.73,
                "Plan Rows": 70651811,
                "Plan Width": 0,
                "Actual Startup Time": 13.458,
                "Actual Total Time": 59395.424,
                "Actual Rows": 149466077,
                "Actual Loops": 2,
                "Inner Unique": false,
                "Merge Cond": "(t.id = ci.movie_id)",
                "Plans": [
                  {
                    "Node Type": "Merge Join",
                    "Parent Relationship": "Outer",
                    "Parallel Aware": false,
                    "Join Type": "Inner",
                    "Startup Cost": 3.3,
                    "Total Cost": 1209424.71,
                    "Plan Rows": 4930673,
                    "Plan Width": 8,
                    "Actual Startup Time": 2.788,
                    "Actual Total Time": 5672.558,
                    "Actual Rows": 4928465,
                    "Actual Loops": 2,
                    "Inner Unique": true,
                    "Merge Cond": "(mi.movie_id = t.id)",
                    "Plans": [
                      {
                        "Node Type": "Index Only Scan",
                        "Parent Relationship": "Outer",
                        "Parallel Aware": true,
                        "Scan Direction": "Forward",
                        "Index Name": "movie_id_movie_info",
                        "Relation Name": "movie_info",
                        "Alias": "mi",
                        "Startup Cost": 0.43,
                        "Total Cost": 1018223.42,
                        "Plan Rows": 8696274,
                        "Plan Width": 4,
                        "Actual Startup Time": 0.113,
                        "Actual Total Time": 2927.698,
                        "Actual Rows": 7417746,
                        "Actual Loops": 2,
                        "Heap Fetches": 14835491
                      },
                      {
                        "Node Type": "Index Scan",
                        "Parent Relationship": "Inner",
                        "Parallel Aware": false,
                        "Scan Direction": "Forward",
                        "Index Name": "title_pkey",
                        "Relation Name": "title",
                        "Alias": "t",
                        "Startup Cost": 0.43,
                        "Total Cost": 116660.7,
                        "Plan Rows": 1433509,
                        "Plan Width": 4,
                        "Actual Startup Time": 0.129,
                        "Actual Total Time": 1970.919,
                        "Actual Rows": 1442412,
                        "Actual Loops": 2,
                        "Filter": "(production_year < 2006)",
                        "Rows Removed by Filter": 1083820
                      }
                    ]
                  },
                  {
                    "Node Type": "Materialize",
                    "Parent Relationship": "Inner",
                    "Parallel Aware": false,
                    "Startup Cost": 0.56,
                    "Total Cost": 2165089.35,
                    "Plan Rows": 36228012,
                    "Plan Width": 4,
                    "Actual Startup Time": 0.124,
                    "Actual Total Time": 38418.829,
                    "Actual Rows": 175762616,
                    "Actual Loops": 2,
                    "Plans": [
                      {
                        "Node Type": "Index Only Scan",
                        "Parent Relationship": "Outer",
                        "Parallel Aware": false,
                        "Scan Direction": "Forward",
                        "Index Name": "movie_id_cast_info",
                        "Relation Name": "cast_info",
                        "Alias": "ci",
                        "Startup Cost": 0.56,
                        "Total Cost": 2074519.32,
                        "Plan Rows": 36228012,
                        "Plan Width": 4,
                        "Actual Startup Time": 0.114,
                        "Actual Total Time": 28848.729,
                        "Actual Rows": 36244344,
                        "Actual Loops": 2,
                        "Heap Fetches": 72488688
                      }
                    ]
                  }
                ]
              }
            ]
          }
        ]
      }
    ]
  },
  "Planning Time": 1.077,
  "Triggers": [],
  "Execution Time": 65759.107
}