[
  {
    "Plan": {
      "Node Type": "Aggregate",
      "Strategy": "Plain",
      "Partial Mode": "Finalize",
      "Parallel Aware": false,
      "Startup Cost": 352098.08,
      "Total Cost": 352098.09,
      "Plan Rows": 1,
      "Plan Width": 8,
      "Actual Startup Time": 961.16,
      "Actual Total Time": 1026.933,
      "Actual Rows": 1,
      "Actual Loops": 1,
      "Plans": [
        {
          "Node Type": "Gather",
          "Parent Relationship": "Outer",
          "Parallel Aware": false,
          "Startup Cost": 352097.46,
          "Total Cost": 352098.07,
          "Plan Rows": 6,
          "Plan Width": 8,
          "Actual Startup Time": 961.007,
          "Actual Total Time": 1026.921,
          "Actual Rows": 7,
          "Actual Loops": 1,
          "Workers Planned": 6,
          "Workers Launched": 6,
          "Single Copy": false,
          "Plans": [
            {
              "Node Type": "Aggregate",
              "Strategy": "Plain",
              "Partial Mode": "Partial",
              "Parent Relationship": "Outer",
              "Parallel Aware": false,
              "Startup Cost": 351097.46,
              "Total Cost": 351097.47,
              "Plan Rows": 1,
              "Plan Width": 8,
              "Actual Startup Time": 951.375,
              "Actual Total Time": 951.376,
              "Actual Rows": 1,
              "Actual Loops": 7,
              "Plans": [
                {
                  "Node Type": "Seq Scan",
                  "Parent Relationship": "Outer",
                  "Parallel Aware": true,
                  "Relation Name": "cast_info",
                  "Alias": "ci",
                  "Startup Cost": 0.0,
                  "Total Cost": 343257.03,
                  "Plan Rows": 3136172,
                  "Plan Width": 0,
                  "Actual Startup Time": 0.056,
                  "Actual Total Time": 788.19,
                  "Actual Rows": 3307725,
                  "Actual Loops": 7,
                  "Filter": "((person_id < 2913340) AND (role_id < 4))",
                  "Rows Removed by Filter": 1870038
                }
              ]
            }
          ]
        }
      ]
    },
    "Planning Time": 0.272,
    "Triggers": [],
    "Execution Time": 1027.013
  }
]