{
  "Plan": {
    "Node Type": "Aggregate",
    "Strategy": "Plain",
    "Partial Mode": "Finalize",
    "Parallel Aware": false,
    "Startup Cost": 703201.18,
    "Total Cost": 703201.19,
    "Plan Rows": 1,
    "Plan Width": 8,
    "Actual Startup Time": 3106.368,
    "Actual Total Time": 3175.173,
    "Actual Rows": 1,
    "Actual Loops": 1,
    "Plans": [
      {
        "Node Type": "Gather",
        "Parent Relationship": "Outer",
        "Parallel Aware": false,
        "Startup Cost": 703201.06,
        "Total Cost": 703201.17,
        "Plan Rows": 1,
        "Plan Width": 8,
        "Actual Startup Time": 3103.621,
        "Actual Total Time": 3175.161,
        "Actual Rows": 2,
        "Actual Loops": 1,
        "Workers Planned": 1,
        "Workers Launched": 1,
        "Single Copy": false,
        "Plans": [
          {
            "Node Type": "Aggregate",
            "Strategy": "Plain",
            "Partial Mode": "Partial",
            "Parent Relationship": "Outer",
            "Parallel Aware": false,
            "Startup Cost": 702201.06,
            "Total Cost": 702201.07,
            "Plan Rows": 1,
            "Plan Width": 8,
            "Actual Startup Time": 3097.82,
            "Actual Total Time": 3098.136,
            "Actual Rows": 1,
            "Actual Loops": 2,
            "Plans": [
              {
                "Node Type": "Hash Join",
                "Parent Relationship": "Outer",
                "Parallel Aware": true,
                "Join Type": "Inner",
                "Startup Cost": 85067.49,
                "Total Cost": 698635.24,
                "Plan Rows": 1426328,
                "Plan Width": 0,
                "Actual Startup Time": 446.022,
                "Actual Total Time": 3027.144,
                "Actual Rows": 1679620,
                "Actual Loops": 2,
                "Inner Unique": false,
                "Hash Cond": "(ci.movie_id = t.id)",
                "Plans": [
                  {
                    "Node Type": "Seq Scan",
                    "Parent Relationship": "Outer",
                    "Parallel Aware": true,
                    "Relation Name": "cast_info",
                    "Alias": "ci",
                    "Startup Cost": 0.0,
                    "Total Cost": 572345.93,
                    "Plan Rows": 8755104,
                    "Plan Width": 4,
                    "Actual Startup Time": 0.025,
                    "Actual Total Time": 1644.395,
                    "Actual Rows": 8214572,
                    "Actual Loops": 2,
                    "Filter": "((person_id < 1695518) AND (role_id < 10))",
                    "Rows Removed by Filter": 9907600
                  },
                  {
                    "Node Type": "Hash",
                    "Parent Relationship": "Inner",
                    "Parallel Aware": true,
                    "Startup Cost": 82038.86,
                    "Total Cost": 82038.86,
                    "Plan Rows": 242291,
                    "Plan Width": 8,
                    "Actual Startup Time": 440.046,
                    "Actual Total Time": 440.361,
                    "Actual Rows": 128314,
                    "Actual Loops": 2,
                    "Hash Buckets": 524288,
                    "Original Hash Buckets": 524288,
                    "Hash Batches": 1,
                    "Original Hash Batches": 1,
                    "Peak Memory Usage": 14144,
                    "Plans": [
                      {
                        "Node Type": "Hash Join",
                        "Parent Relationship": "Outer",
                        "Parallel Aware": true,
                        "Join Type": "Inner",
                        "Startup Cost": 63855.07,
                        "Total Cost": 82038.86,
                        "Plan Rows": 242291,
                        "Plan Width": 8,
                        "Actual Startup Time": 266.2,
                        "Actual Total Time": 416.055,
                        "Actual Rows": 128314,
                        "Actual Loops": 2,
                        "Inner Unique": true,
                        "Hash Cond": "(mi_idx.movie_id = t.id)",
                        "Plans": [
                          {
                            "Node Type": "Seq Scan",
                            "Parent Relationship": "Outer",
                            "Parallel Aware": true,
                            "Relation Name": "movie_info_idx",
                            "Alias": "mi_idx",
                            "Startup Cost": 0.0,
                            "Total Cost": 16052.85,
                            "Plan Rows": 811785,
                            "Plan Width": 4,
                            "Actual Startup Time": 0.018,
                            "Actual Total Time": 48.511,
                            "Actual Rows": 690018,
                            "Actual Loops": 2
                          },
                          {
                            "Node Type": "Hash",
                            "Parent Relationship": "Inner",
                            "Parallel Aware": true,
                            "Startup Cost": 58306.47,
                            "Total Cost": 58306.47,
                            "Plan Rows": 443888,
                            "Plan Width": 4,
                            "Actual Startup Time": 259.627,
                            "Actual Total Time": 259.628,
                            "Actual Rows": 398319,
                            "Actual Loops": 2,
                            "Hash Buckets": 1048576,
                            "Original Hash Buckets": 1048576,
                            "Hash Batches": 1,
                            "Original Hash Batches": 1,
                            "Peak Memory Usage": 39392,
                            "Plans": [
                              {
                                "Node Type": "Seq Scan",
                                "Parent Relationship": "Outer",
                                "Parallel Aware": true,
                                "Relation Name": "title",
                                "Alias": "t",
                                "Startup Cost": 0.0,
                                "Total Cost": 58306.47,
                                "Plan Rows": 443888,
                                "Plan Width": 4,
                                "Actual Startup Time": 0.038,
                                "Actual Total Time": 159.041,
                                "Actual Rows": 398319,
                                "Actual Loops": 2,
                                "Filter": "((kind_id > 1) AND (production_year > 2005))",
                                "Rows Removed by Filter": 865837
                              }
                            ]
                          }
                        ]
                      }
                    ]
                  }
                ]
              }
            ]
          }
        ]
      }
    ]
  },
  "Planning Time": 0.968,
  "Triggers": [],
  "Execution Time": 3175.271
}