[
  {
    "Plan": {
      "Node Type": "Aggregate",
      "Strategy": "Plain",
      "Partial Mode": "Finalize",
      "Parallel Aware": false,
      "Startup Cost": 45749.21,
      "Total Cost": 45749.22,
      "Plan Rows": 1,
      "Plan Width": 8,
      "Actual Startup Time": 166.638,
      "Actual Total Time": 176.146,
      "Actual Rows": 1,
      "Actual Loops": 1,
      "Plans": [
        {
          "Node Type": "Gather",
          "Parent Relationship": "Outer",
          "Parallel Aware": false,
          "Startup Cost": 45748.89,
          "Total Cost": 45749.2,
          "Plan Rows": 3,
          "Plan Width": 8,
          "Actual Startup Time": 166.52,
          "Actual Total Time": 176.139,
          "Actual Rows": 4,
          "Actual Loops": 1,
          "Workers Planned": 3,
          "Workers Launched": 3,
          "Single Copy": false,
          "Plans": [
            {
              "Node Type": "Aggregate",
              "Strategy": "Plain",
              "Partial Mode": "Partial",
              "Parent Relationship": "Outer",
              "Parallel Aware": false,
              "Startup Cost": 44748.89,
              "Total Cost": 44748.9,
              "Plan Rows": 1,
              "Plan Width": 8,
              "Actual Startup Time": 159.615,
              "Actual Total Time": 159.616,
              "Actual Rows": 1,
              "Actual Loops": 4,
              "Plans": [
                {
                  "Node Type": "Seq Scan",
                  "Parent Relationship": "Outer",
                  "Parallel Aware": true,
                  "Relation Name": "movie_keyword",
                  "Alias": "mk",
                  "Startup Cost": 0.0,
                  "Total Cost": 42695.65,
                  "Plan Rows": 821294,
                  "Plan Width": 0,
                  "Actual Startup Time": 0.459,
                  "Actual Total Time": 126.424,
                  "Actual Rows": 635605,
                  "Actual Loops": 4,
                  "Filter": "(keyword_id > 3499)",
                  "Rows Removed by Filter": 495378
                }
              ]
            }
          ]
        }
      ]
    },
    "Planning Time": 0.147,
    "Triggers": [],
    "Execution Time": 176.192
  }
]