{
  "Plan": {
    "Node Type": "Aggregate",
    "Strategy": "Plain",
    "Partial Mode": "Finalize",
    "Parallel Aware": false,
    "Startup Cost": 1428826.37,
    "Total Cost": 1428826.38,
    "Plan Rows": 1,
    "Plan Width": 8,
    "Actual Startup Time": 9461.436,
    "Actual Total Time": 9539.432,
    "Actual Rows": 1,
    "Actual Loops": 1,
    "Plans": [
      {
        "Node Type": "Gather",
        "Parent Relationship": "Outer",
        "Parallel Aware": false,
        "Startup Cost": 1428826.26,
        "Total Cost": 1428826.37,
        "Plan Rows": 1,
        "Plan Width": 8,
        "Actual Startup Time": 9461.318,
        "Actual Total Time": 9539.424,
        "Actual Rows": 2,
        "Actual Loops": 1,
        "Workers Planned": 1,
        "Workers Launched": 1,
        "Single Copy": false,
        "Plans": [
          {
            "Node Type": "Aggregate",
            "Strategy": "Plain",
            "Partial Mode": "Partial",
            "Parent Relationship": "Outer",
            "Parallel Aware": false,
            "Startup Cost": 1427826.26,
            "Total Cost": 1427826.27,
            "Plan Rows": 1,
            "Plan Width": 8,
            "Actual Startup Time": 9454.802,
            "Actual Total Time": 9454.804,
            "Actual Rows": 1,
            "Actual Loops": 2,
            "Plans": [
              {
                "Node Type": "Merge Join",
                "Parent Relationship": "Outer",
                "Parallel Aware": false,
                "Join Type": "Inner",
                "Startup Cost": 9.93,
                "Total Cost": 1413784.29,
                "Plan Rows": 5616788,
                "Plan Width": 0,
                "Actual Startup Time": 11.817,
                "Actual Total Time": 8615.574,
                "Actual Rows": 20615668,
                "Actual Loops": 2,
                "Inner Unique": false,
                "Merge Cond": "(mi.movie_id = t.id)",
                "Plans": [
                  {
                    "Node Type": "Index Only Scan",
                    "Parent Relationship": "Outer",
                    "Parallel Aware": true,
                    "Scan Direction": "Forward",
                    "Index Name": "movie_id_movie_info",
                    "Relation Name": "movie_info",
                    "Alias": "mi",
                    "Startup Cost": 0.43,
                    "Total Cost": 1018223.42,
                    "Plan Rows": 8696274,
                    "Plan Width": 4,
                    "Actual Startup Time": 0.108,
                    "Actual Total Time": 2647.917,
                    "Actual Rows": 7417233,
                    "Actual Loops": 2,
                    "Heap Fetches": 14834466
                  },
                  {
                    "Node Type": "Materialize",
                    "Parent Relationship": "Inner",
                    "Parallel Aware": false,
                    "Startup Cost": 3.36,
                    "Total Cost": 293875.44,
                    "Plan Rows": 1632985,
                    "Plan Width": 8,
                    "Actual Startup Time": 0.257,
                    "Actual Total Time": 3575.764,
                    "Actual Rows": 21442342,
                    "Actual Loops": 2,
                    "Plans": [
                      {
                        "Node Type": "Merge Join",
                        "Parent Relationship": "Outer",
                        "Parallel Aware": false,
                        "Join Type": "Inner",
                        "Startup Cost": 3.36,
                        "Total Cost": 289792.98,
                        "Plan Rows": 1632985,
                        "Plan Width": 8,
                        "Actual Startup Time": 0.247,
                        "Actual Total Time": 2637.448,
                        "Actual Rows": 1659899,
                        "Actual Loops": 2,
                        "Inner Unique": true,
                        "Merge Cond": "(mc.movie_id = t.id)",
                        "Plans": [
                          {
                            "Node Type": "Index Scan",
                            "Parent Relationship": "Outer",
                            "Parallel Aware": false,
                            "Scan Direction": "Forward",
                            "Index Name": "movie_id_movie_companies",
                            "Relation Name": "movie_companies",
                            "Alias": "mc",
                            "Startup Cost": 0.43,
                            "Total Cost": 146582.27,
                            "Plan Rows": 1679520,
                            "Plan Width": 4,
                            "Actual Startup Time": 0.126,
                            "Actual Total Time": 780.623,
                            "Actual Rows": 1678332,
                            "Actual Loops": 2,
                            "Filter": "(company_id > 3312)",
                            "Rows Removed by Filter": 930797
                          },
                          {
                            "Node Type": "Index Scan",
                            "Parent Relationship": "Inner",
                            "Parallel Aware": false,
                            "Scan Direction": "Forward",
                            "Index Name": "title_pkey",
                            "Relation Name": "title",
                            "Alias": "t",
                            "Startup Cost": 0.43,
                            "Total Cost": 116660.7,
                            "Plan Rows": 2458241,
                            "Plan Width": 4,
                            "Actual Startup Time": 0.08,
                            "Actual Total Time": 1480.861,
                            "Actual Rows": 2455029,
                            "Actual Loops": 2,
                            "Filter": "(production_year > 0)",
                            "Rows Removed by Filter": 70716
                          }
                        ]
                      }
                    ]
                  }
                ]
              }
            ]
          }
        ]
      }
    ]
  },
  "Planning Time": 0.916,
  "Triggers": [],
  "Execution Time": 9539.572
}