[
  {
    "Plan": {
      "Node Type": "Aggregate",
      "Strategy": "Plain",
      "Partial Mode": "Finalize",
      "Parallel Aware": false,
      "Startup Cost": 55864.34,
      "Total Cost": 55864.35,
      "Plan Rows": 1,
      "Plan Width": 8,
      "Actual Startup Time": 123.178,
      "Actual Total Time": 135.304,
      "Actual Rows": 1,
      "Actual Loops": 1,
      "Plans": [
        {
          "Node Type": "Gather",
          "Parent Relationship": "Outer",
          "Parallel Aware": false,
          "Startup Cost": 55864.02,
          "Total Cost": 55864.33,
          "Plan Rows": 3,
          "Plan Width": 8,
          "Actual Startup Time": 123.014,
          "Actual Total Time": 135.295,
          "Actual Rows": 4,
          "Actual Loops": 1,
          "Workers Planned": 3,
          "Workers Launched": 3,
          "Single Copy": false,
          "Plans": [
            {
              "Node Type": "Aggregate",
              "Strategy": "Plain",
              "Partial Mode": "Partial",
              "Parent Relationship": "Outer",
              "Parallel Aware": false,
              "Startup Cost": 54864.02,
              "Total Cost": 54864.03,
              "Plan Rows": 1,
              "Plan Width": 8,
              "Actual Startup Time": 118.259,
              "Actual Total Time": 118.264,
              "Actual Rows": 1,
              "Actual Loops": 4,
              "Plans": [
                {
                  "Node Type": "Nested Loop",
                  "Parent Relationship": "Outer",
                  "Parallel Aware": false,
                  "Join Type": "Inner",
                  "Startup Cost": 45492.78,
                  "Total Cost": 54863.93,
                  "Plan Rows": 36,
                  "Plan Width": 0,
                  "Actual Startup Time": 115.872,
                  "Actual Total Time": 118.257,
                  "Actual Rows": 0,
                  "Actual Loops": 4,
                  "Inner Unique": false,
                  "Join Filter": "(t.id = mc.movie_id)",
                  "Rows Removed by Join Filter": 0,
                  "Plans": [
                    {
                      "Node Type": "Hash Join",
                      "Parent Relationship": "Outer",
                      "Parallel Aware": true,
                      "Join Type": "Inner",
                      "Startup Cost": 45492.35,
                      "Total Cost": 54751.11,
                      "Plan Rows": 99,
                      "Plan Width": 8,
                      "Actual Startup Time": 115.593,
                      "Actual Total Time": 118.21,
                      "Actual Rows": 0,
                      "Actual Loops": 4,
                      "Inner Unique": true,
                      "Hash Cond": "(ci.movie_id = t.id)",
                      "Plans": [
                        {
                          "Node Type": "Index Scan",
                          "Parent Relationship": "Outer",
                          "Parallel Aware": true,
                          "Scan Direction": "Forward",
                          "Index Name": "role_id_cast_info",
                          "Relation Name": "cast_info",
                          "Alias": "ci",
                          "Startup Cost": 0.56,
                          "Total Cost": 9091.72,
                          "Plan Rows": 63846,
                          "Plan Width": 4,
                          "Actual Startup Time": 0.061,
                          "Actual Total Time": 14.431,
                          "Actual Rows": 19876,
                          "Actual Loops": 4,
                          "Index Cond": "(role_id > 10)",
                          "Rows Removed by Index Recheck": 0,
                          "Filter": "(person_id < 2346019)",
                          "Rows Removed by Filter": 59154
                        },
                        {
                          "Node Type": "Hash",
                          "Parent Relationship": "Inner",
                          "Parallel Aware": true,
                          "Startup Cost": 45479.59,
                          "Total Cost": 45479.59,
                          "Plan Rows": 976,
                          "Plan Width": 4,
                          "Actual Startup Time": 100.329,
                          "Actual Total Time": 100.33,
                          "Actual Rows": 826,
                          "Actual Loops": 4,
                          "Hash Buckets": 4096,
                          "Original Hash Buckets": 4096,
                          "Hash Batches": 1,
                          "Original Hash Batches": 1,
                          "Peak Memory Usage": 256,
                          "Plans": [
                            {
                              "Node Type": "Seq Scan",
                              "Parent Relationship": "Outer",
                              "Parallel Aware": true,
                              "Relation Name": "title",
                              "Alias": "t",
                              "Startup Cost": 0.0,
                              "Total Cost": 45479.59,
                              "Plan Rows": 976,
                              "Plan Width": 4,
                              "Actual Startup Time": 0.241,
                              "Actual Total Time": 99.672,
                              "Actual Rows": 826,
                              "Actual Loops": 4,
                              "Filter": "((kind_id = 7) AND (production_year = 1952))",
                              "Rows Removed by Filter": 631252
                            }
                          ]
                        }
                      ]
                    },
                    {
                      "Node Type": "Index Scan",
                      "Parent Relationship": "Inner",
                      "Parallel Aware": false,
                      "Scan Direction": "Forward",
                      "Index Name": "movie_id_movie_companies",
                      "Relation Name": "movie_companies",
                      "Alias": "mc",
                      "Startup Cost": 0.43,
                      "Total Cost": 1.11,
                      "Plan Rows": 2,
                      "Plan Width": 4,
                      "Actual Startup Time": 0.085,
                      "Actual Total Time": 0.085,
                      "Actual Rows": 0,
                      "Actual Loops": 2,
                      "Index Cond": "(movie_id = ci.movie_id)",
                      "Rows Removed by Index Recheck": 0,
                      "Filter": "((company_id < 46856) AND (company_type_id < 2))",
                      "Rows Removed by Filter": 0
                    }
                  ]
                }
              ]
            }
          ]
        }
      ]
    },
    "Planning Time": 1.535,
    "Triggers": [],
    "Execution Time": 135.395
  }
]