{
  "Plan": {
    "Node Type": "Aggregate",
    "Strategy": "Plain",
    "Partial Mode": "Finalize",
    "Parallel Aware": false,
    "Startup Cost": 1479038.56,
    "Total Cost": 1479038.57,
    "Plan Rows": 1,
    "Plan Width": 8,
    "Actual Startup Time": 3458.557,
    "Actual Total Time": 3510.159,
    "Actual Rows": 1,
    "Actual Loops": 1,
    "Plans": [
      {
        "Node Type": "Gather",
        "Parent Relationship": "Outer",
        "Parallel Aware": false,
        "Startup Cost": 1479038.45,
        "Total Cost": 1479038.56,
        "Plan Rows": 1,
        "Plan Width": 8,
        "Actual Startup Time": 3458.377,
        "Actual Total Time": 3510.15,
        "Actual Rows": 2,
        "Actual Loops": 1,
        "Workers Planned": 1,
        "Workers Launched": 1,
        "Single Copy": false,
        "Plans": [
          {
            "Node Type": "Aggregate",
            "Strategy": "Plain",
            "Partial Mode": "Partial",
            "Parent Relationship": "Outer",
            "Parallel Aware": false,
            "Startup Cost": 1478038.45,
            "Total Cost": 1478038.46,
            "Plan Rows": 1,
            "Plan Width": 8,
            "Actual Startup Time": 3452.312,
            "Actual Total Time": 3452.315,
            "Actual Rows": 1,
            "Actual Loops": 2,
            "Plans": [
              {
                "Node Type": "Merge Join",
                "Parent Relationship": "Outer",
                "Parallel Aware": false,
                "Join Type": "Inner",
                "Startup Cost": 22.27,
                "Total Cost": 1463825.71,
                "Plan Rows": 5685098,
                "Plan Width": 0,
                "Actual Startup Time": 31.99,
                "Actual Total Time": 3358.915,
                "Actual Rows": 2311616,
                "Actual Loops": 2,
                "Inner Unique": false,
                "Merge Cond": "(mi.movie_id = t.id)",
                "Plans": [
                  {
                    "Node Type": "Index Only Scan",
                    "Parent Relationship": "Outer",
                    "Parallel Aware": true,
                    "Scan Direction": "Forward",
                    "Index Name": "movie_id_movie_info",
                    "Relation Name": "movie_info",
                    "Alias": "mi",
                    "Startup Cost": 0.43,
                    "Total Cost": 1018223.42,
                    "Plan Rows": 8696274,
                    "Plan Width": 4,
                    "Actual Startup Time": 0.114,
                    "Actual Total Time": 722.991,
                    "Actual Rows": 2365869,
                    "Actual Loops": 2,
                    "Heap Fetches": 4731738
                  },
                  {
                    "Node Type": "Materialize",
                    "Parent Relationship": "Inner",
                    "Parallel Aware": false,
                    "Startup Cost": 14.79,
                    "Total Cost": 342978.91,
                    "Plan Rows": 1652845,
                    "Plan Width": 8,
                    "Actual Startup Time": 22.28,
                    "Actual Total Time": 2284.973,
                    "Actual Rows": 2531558,
                    "Actual Loops": 2,
                    "Plans": [
                      {
                        "Node Type": "Merge Join",
                        "Parent Relationship": "Outer",
                        "Parallel Aware": false,
                        "Join Type": "Inner",
                        "Startup Cost": 14.79,
                        "Total Cost": 338846.79,
                        "Plan Rows": 1652845,
                        "Plan Width": 8,
                        "Actual Startup Time": 22.27,
                        "Actual Total Time": 2147.307,
                        "Actual Rows": 439900,
                        "Actual Loops": 2,
                        "Inner Unique": false,
                        "Merge Cond": "(t.id = mk.movie_id)",
                        "Plans": [
                          {
                            "Node Type": "Index Scan",
                            "Parent Relationship": "Outer",
                            "Parallel Aware": false,
                            "Scan Direction": "Forward",
                            "Index Name": "title_pkey",
                            "Relation Name": "title",
                            "Alias": "t",
                            "Startup Cost": 0.43,
                            "Total Cost": 122981.43,
                            "Plan Rows": 1398791,
                            "Plan Width": 4,
                            "Actual Startup Time": 0.143,
                            "Actual Total Time": 1230.866,
                            "Actual Rows": 1477662,
                            "Actual Loops": 2,
                            "Filter": "((production_year > 1948) AND (kind_id = 7))",
                            "Rows Removed by Filter": 1048922
                          },
                          {
                            "Node Type": "Index Scan",
                            "Parent Relationship": "Inner",
                            "Parallel Aware": false,
                            "Scan Direction": "Forward",
                            "Index Name": "movie_id_movie_keyword",
                            "Relation Name": "movie_keyword",
                            "Alias": "mk",
                            "Startup Cost": 0.43,
                            "Total Cost": 188497.89,
                            "Plan Rows": 2987491,
                            "Plan Width": 4,
                            "Actual Startup Time": 2.683,
                            "Actual Total Time": 682.254,
                            "Actual Rows": 2969686,
                            "Actual Loops": 2,
                            "Filter": "(keyword_id > 2298)",
                            "Rows Removed by Filter": 1554244
                          }
                        ]
                      }
                    ]
                  }
                ]
              }
            ]
          }
        ]
      }
    ]
  },
  "Planning Time": 1.07,
  "Triggers": [],
  "Execution Time": 3510.262
}