[
  {
    "Plan": {
      "Node Type": "Aggregate",
      "Strategy": "Plain",
      "Partial Mode": "Finalize",
      "Parallel Aware": false,
      "Startup Cost": 61681.2,
      "Total Cost": 61681.21,
      "Plan Rows": 1,
      "Plan Width": 8,
      "Actual Startup Time": 108.418,
      "Actual Total Time": 123.48,
      "Actual Rows": 1,
      "Actual Loops": 1,
      "Plans": [
        {
          "Node Type": "Gather",
          "Parent Relationship": "Outer",
          "Parallel Aware": false,
          "Startup Cost": 61680.78,
          "Total Cost": 61681.19,
          "Plan Rows": 4,
          "Plan Width": 8,
          "Actual Startup Time": 108.292,
          "Actual Total Time": 123.47,
          "Actual Rows": 5,
          "Actual Loops": 1,
          "Workers Planned": 4,
          "Workers Launched": 4,
          "Single Copy": false,
          "Plans": [
            {
              "Node Type": "Aggregate",
              "Strategy": "Plain",
              "Partial Mode": "Partial",
              "Parent Relationship": "Outer",
              "Parallel Aware": false,
              "Startup Cost": 60680.78,
              "Total Cost": 60680.79,
              "Plan Rows": 1,
              "Plan Width": 8,
              "Actual Startup Time": 98.264,
              "Actual Total Time": 98.266,
              "Actual Rows": 1,
              "Actual Loops": 5,
              "Plans": [
                {
                  "Node Type": "Nested Loop",
                  "Parent Relationship": "Outer",
                  "Parallel Aware": false,
                  "Join Type": "Inner",
                  "Startup Cost": 0.43,
                  "Total Cost": 60679.26,
                  "Plan Rows": 605,
                  "Plan Width": 0,
                  "Actual Startup Time": 60.145,
                  "Actual Total Time": 98.137,
                  "Actual Rows": 840,
                  "Actual Loops": 5,
                  "Inner Unique": false,
                  "Plans": [
                    {
                      "Node Type": "Seq Scan",
                      "Parent Relationship": "Outer",
                      "Parallel Aware": true,
                      "Relation Name": "title",
                      "Alias": "t",
                      "Startup Cost": 0.0,
                      "Total Cost": 45479.1,
                      "Plan Rows": 3366,
                      "Plan Width": 4,
                      "Actual Startup Time": 60.001,
                      "Actual Total Time": 86.63,
                      "Actual Rows": 1620,
                      "Actual Loops": 5,
                      "Filter": "((kind_id = 1) AND (production_year = 2000))",
                      "Rows Removed by Filter": 504042
                    },
                    {
                      "Node Type": "Index Scan",
                      "Parent Relationship": "Inner",
                      "Parallel Aware": false,
                      "Scan Direction": "Forward",
                      "Index Name": "movie_id_movie_info_idx",
                      "Relation Name": "movie_info_idx",
                      "Alias": "mi_idx",
                      "Startup Cost": 0.43,
                      "Total Cost": 4.51,
                      "Plan Rows": 1,
                      "Plan Width": 4,
                      "Actual Startup Time": 0.006,
                      "Actual Total Time": 0.007,
                      "Actual Rows": 1,
                      "Actual Loops": 8100,
                      "Index Cond": "(movie_id = t.id)",
                      "Rows Removed by Index Recheck": 0,
                      "Filter": "(info_type_id < 100)",
                      "Rows Removed by Filter": 1
                    }
                  ]
                }
              ]
            }
          ]
        }
      ]
    },
    "Planning Time": 0.633,
    "Triggers": [],
    "Execution Time": 123.558
  }
]