{
    "Plan": {
        "Node Type": "Aggregate",
        "Strategy": "Plain",
        "Partial Mode": "Finalize",
        "Parallel Aware": false,
        "Startup Cost": 274886.78,
        "Total Cost": 274886.79,
        "Plan Rows": 1,
        "Plan Width": 8,
        "Actual Startup Time": 576.891,
        "Actual Total Time": 608.017,
        "Actual Rows": 1,
        "Actual Loops": 1,
        "Output": [
            "count(*)"
        ],
        "Plans": [
            {
                "Node Type": "Gather",
                "Parent Relationship": "Outer",
                "Parallel Aware": false,
                "Startup Cost": 274886.16,
                "Total Cost": 274886.77,
                "Plan Rows": 6,
                "Plan Width": 8,
                "Actual Startup Time": 572.551,
                "Actual Total Time": 608.005,
                "Actual Rows": 7,
                "Actual Loops": 1,
                "Output": [
                    "(PARTIAL count(*))"
                ],
                "Workers Planned": 6,
                "Workers Launched": 6,
                "Single Copy": false,
                "Plans": [
                    {
                        "Node Type": "Aggregate",
                        "Strategy": "Plain",
                        "Partial Mode": "Partial",
                        "Parent Relationship": "Outer",
                        "Parallel Aware": false,
                        "Startup Cost": 273886.16,
                        "Total Cost": 273886.17,
                        "Plan Rows": 1,
                        "Plan Width": 8,
                        "Actual Startup Time": 561.237,
                        "Actual Total Time": 561.24,
                        "Actual Rows": 1,
                        "Actual Loops": 7,
                        "Output": [
                            "PARTIAL count(*)"
                        ],
                        "Workers": [
                            {
                                "Worker Number": 0,
                                "Actual Startup Time": 559.165,
                                "Actual Total Time": 559.168,
                                "Actual Rows": 1,
                                "Actual Loops": 1
                            },
                            {
                                "Worker Number": 1,
                                "Actual Startup Time": 559.298,
                                "Actual Total Time": 559.302,
                                "Actual Rows": 1,
                                "Actual Loops": 1
                            },
                            {
                                "Worker Number": 2,
                                "Actual Startup Time": 559.182,
                                "Actual Total Time": 559.185,
                                "Actual Rows": 1,
                                "Actual Loops": 1
                            },
                            {
                                "Worker Number": 3,
                                "Actual Startup Time": 559.221,
                                "Actual Total Time": 559.224,
                                "Actual Rows": 1,
                                "Actual Loops": 1
                            },
                            {
                                "Worker Number": 4,
                                "Actual Startup Time": 559.904,
                                "Actual Total Time": 559.907,
                                "Actual Rows": 1,
                                "Actual Loops": 1
                            },
                            {
                                "Worker Number": 5,
                                "Actual Startup Time": 560.25,
                                "Actual Total Time": 560.253,
                                "Actual Rows": 1,
                                "Actual Loops": 1
                            }
                        ],
                        "Plans": [
                            {
                                "Node Type": "Hash Join",
                                "Parent Relationship": "Outer",
                                "Parallel Aware": true,
                                "Join Type": "Inner",
                                "Startup Cost": 47136.26,
                                "Total Cost": 273810.11,
                                "Plan Rows": 30420,
                                "Plan Width": 0,
                                "Actual Startup Time": 129.171,
                                "Actual Total Time": 554.442,
                                "Actual Rows": 117841,
                                "Actual Loops": 7,
                                "Inner Unique": true,
                                "Hash Cond": "(ci.movie_id = t.id)",
                                "Workers": [
                                    {
                                        "Worker Number": 0,
                                        "Actual Startup Time": 127.099,
                                        "Actual Total Time": 551.907,
                                        "Actual Rows": 96472,
                                        "Actual Loops": 1
                                    },
                                    {
                                        "Worker Number": 1,
                                        "Actual Startup Time": 127.379,
                                        "Actual Total Time": 552.291,
                                        "Actual Rows": 93483,
                                        "Actual Loops": 1
                                    },
                                    {
                                        "Worker Number": 2,
                                        "Actual Startup Time": 127.156,
                                        "Actual Total Time": 553.011,
                                        "Actual Rows": 123407,
                                        "Actual Loops": 1
                                    },
                                    {
                                        "Worker Number": 3,
                                        "Actual Startup Time": 127.176,
                                        "Actual Total Time": 552.871,
                                        "Actual Rows": 126604,
                                        "Actual Loops": 1
                                    },
                                    {
                                        "Worker Number": 4,
                                        "Actual Startup Time": 127.913,
                                        "Actual Total Time": 553.396,
                                        "Actual Rows": 133451,
                                        "Actual Loops": 1
                                    },
                                    {
                                        "Worker Number": 5,
                                        "Actual Startup Time": 127.816,
                                        "Actual Total Time": 553.162,
                                        "Actual Rows": 89163,
                                        "Actual Loops": 1
                                    }
                                ],
                                "Plans": [
                                    {
                                        "Node Type": "Index Scan",
                                        "Parent Relationship": "Outer",
                                        "Parallel Aware": true,
                                        "Scan Direction": "Forward",
                                        "Index Name": "role_id_cast_info",
                                        "Relation Name": "cast_info",
                                        "Schema": "public",
                                        "Alias": "ci",
                                        "Startup Cost": 0.56,
                                        "Total Cost": 226293.54,
                                        "Plan Rows": 145096,
                                        "Plan Width": 4,
                                        "Actual Startup Time": 17.976,
                                        "Actual Total Time": 297.239,
                                        "Actual Rows": 537583,
                                        "Actual Loops": 7,
                                        "Output": [
                                            "ci.id",
                                            "ci.person_id",
                                            "ci.movie_id",
                                            "ci.person_role_id",
                                            "ci.note",
                                            "ci.nr_order",
                                            "ci.role_id"
                                        ],
                                        "Index Cond": "(ci.role_id > 5)",
                                        "Rows Removed by Index Recheck": 0,
                                        "Filter": "(ci.person_id > 3374333)",
                                        "Rows Removed by Filter": 674747,
                                        "Workers": [
                                            {
                                                "Worker Number": 0,
                                                "Actual Startup Time": 17.983,
                                                "Actual Total Time": 305.012,
                                                "Actual Rows": 437152,
                                                "Actual Loops": 1
                                            },
                                            {
                                                "Worker Number": 1,
                                                "Actual Startup Time": 18.002,
                                                "Actual Total Time": 302.171,
                                                "Actual Rows": 425396,
                                                "Actual Loops": 1
                                            },
                                            {
                                                "Worker Number": 2,
                                                "Actual Startup Time": 17.998,
                                                "Actual Total Time": 294.378,
                                                "Actual Rows": 569161,
                                                "Actual Loops": 1
                                            },
                                            {
                                                "Worker Number": 3,
                                                "Actual Startup Time": 18.034,
                                                "Actual Total Time": 296.084,
                                                "Actual Rows": 573535,
                                                "Actual Loops": 1
                                            },
                                            {
                                                "Worker Number": 4,
                                                "Actual Startup Time": 18.004,
                                                "Actual Total Time": 297.607,
                                                "Actual Rows": 607681,
                                                "Actual Loops": 1
                                            },
                                            {
                                                "Worker Number": 5,
                                                "Actual Startup Time": 17.969,
                                                "Actual Total Time": 307.731,
                                                "Actual Rows": 407654,
                                                "Actual Loops": 1
                                            }
                                        ]
                                    },
                                    {
                                        "Node Type": "Hash",
                                        "Parent Relationship": "Inner",
                                        "Parallel Aware": true,
                                        "Startup Cost": 45479.21,
                                        "Total Cost": 45479.21,
                                        "Plan Rows": 132519,
                                        "Plan Width": 4,
                                        "Actual Startup Time": 108.067,
                                        "Actual Total Time": 108.068,
                                        "Actual Rows": 57676,
                                        "Actual Loops": 7,
                                        "Output": [
                                            "t.id"
                                        ],
                                        "Hash Buckets": 1048576,
                                        "Original Hash Buckets": 1048576,
                                        "Hash Batches": 1,
                                        "Original Hash Batches": 1,
                                        "Peak Memory Usage": 24096,
                                        "Workers": [
                                            {
                                                "Worker Number": 0,
                                                "Actual Startup Time": 108.69,
                                                "Actual Total Time": 108.691,
                                                "Actual Rows": 46364,
                                                "Actual Loops": 1
                                            },
                                            {
                                                "Worker Number": 1,
                                                "Actual Startup Time": 108.903,
                                                "Actual Total Time": 108.904,
                                                "Actual Rows": 45209,
                                                "Actual Loops": 1
                                            },
                                            {
                                                "Worker Number": 2,
                                                "Actual Startup Time": 108.728,
                                                "Actual Total Time": 108.73,
                                                "Actual Rows": 59812,
                                                "Actual Loops": 1
                                            },
                                            {
                                                "Worker Number": 3,
                                                "Actual Startup Time": 108.741,
                                                "Actual Total Time": 108.742,
                                                "Actual Rows": 60896,
                                                "Actual Loops": 1
                                            },
                                            {
                                                "Worker Number": 4,
                                                "Actual Startup Time": 109.516,
                                                "Actual Total Time": 109.517,
                                                "Actual Rows": 65214,
                                                "Actual Loops": 1
                                            },
                                            {
                                                "Worker Number": 5,
                                                "Actual Startup Time": 109.42,
                                                "Actual Total Time": 109.421,
                                                "Actual Rows": 44798,
                                                "Actual Loops": 1
                                            }
                                        ],
                                        "Plans": [
                                            {
                                                "Node Type": "Seq Scan",
                                                "Parent Relationship": "Outer",
                                                "Parallel Aware": true,
                                                "Relation Name": "title",
                                                "Schema": "public",
                                                "Alias": "t",
                                                "Startup Cost": 0.0,
                                                "Total Cost": 45479.21,
                                                "Plan Rows": 132519,
                                                "Plan Width": 4,
                                                "Actual Startup Time": 43.253,
                                                "Actual Total Time": 79.256,
                                                "Actual Rows": 57676,
                                                "Actual Loops": 7,
                                                "Output": [
                                                    "t.id"
                                                ],
                                                "Filter": "((t.production_year > 1975) AND (t.kind_id = 1))",
                                                "Rows Removed by Filter": 303512,
                                                "Workers": [
                                                    {
                                                        "Worker Number": 0,
                                                        "Actual Startup Time": 49.305,
                                                        "Actual Total Time": 80.335,
                                                        "Actual Rows": 46364,
                                                        "Actual Loops": 1
                                                    },
                                                    {
                                                        "Worker Number": 1,
                                                        "Actual Startup Time": 49.326,
                                                        "Actual Total Time": 80.441,
                                                        "Actual Rows": 45209,
                                                        "Actual Loops": 1
                                                    },
                                                    {
                                                        "Worker Number": 2,
                                                        "Actual Startup Time": 49.371,
                                                        "Actual Total Time": 79.007,
                                                        "Actual Rows": 59812,
                                                        "Actual Loops": 1
                                                    },
                                                    {
                                                        "Worker Number": 3,
                                                        "Actual Startup Time": 6.211,
                                                        "Actual Total Time": 79.056,
                                                        "Actual Rows": 60896,
                                                        "Actual Loops": 1
                                                    },
                                                    {
                                                        "Worker Number": 4,
                                                        "Actual Startup Time": 49.568,
                                                        "Actual Total Time": 79.48,
                                                        "Actual Rows": 65214,
                                                        "Actual Loops": 1
                                                    },
                                                    {
                                                        "Worker Number": 5,
                                                        "Actual Startup Time": 49.539,
                                                        "Actual Total Time": 79.462,
                                                        "Actual Rows": 44798,
                                                        "Actual Loops": 1
                                                    }
                                                ]
                                            }
                                        ]
                                    }
                                ]
                            }
                        ]
                    }
                ]
            }
        ]
    },
    "Planning Time": 0.741,
    "Triggers": [],
    "Execution Time": 608.105
}