[
  {
    "Plan": {
      "Node Type": "Aggregate",
      "Strategy": "Plain",
      "Partial Mode": "Finalize",
      "Parallel Aware": false,
      "Startup Cost": 80343.72,
      "Total Cost": 80343.73,
      "Plan Rows": 1,
      "Plan Width": 8,
      "Actual Startup Time": 399.101,
      "Actual Total Time": 414.732,
      "Actual Rows": 1,
      "Actual Loops": 1,
      "Plans": [
        {
          "Node Type": "Gather",
          "Parent Relationship": "Outer",
          "Parallel Aware": false,
          "Startup Cost": 80343.3,
          "Total Cost": 80343.71,
          "Plan Rows": 4,
          "Plan Width": 8,
          "Actual Startup Time": 393.122,
          "Actual Total Time": 414.717,
          "Actual Rows": 5,
          "Actual Loops": 1,
          "Workers Planned": 4,
          "Workers Launched": 4,
          "Single Copy": false,
          "Plans": [
            {
              "Node Type": "Aggregate",
              "Strategy": "Plain",
              "Partial Mode": "Partial",
              "Parent Relationship": "Outer",
              "Parallel Aware": false,
              "Startup Cost": 79343.3,
              "Total Cost": 79343.31,
              "Plan Rows": 1,
              "Plan Width": 8,
              "Actual Startup Time": 383.55,
              "Actual Total Time": 383.683,
              "Actual Rows": 1,
              "Actual Loops": 5,
              "Plans": [
                {
                  "Node Type": "Hash Join",
                  "Parent Relationship": "Outer",
                  "Parallel Aware": true,
                  "Join Type": "Inner",
                  "Startup Cost": 33222.48,
                  "Total Cost": 79063.11,
                  "Plan Rows": 112075,
                  "Plan Width": 0,
                  "Actual Startup Time": 148.5,
                  "Actual Total Time": 375.677,
                  "Actual Rows": 155489,
                  "Actual Loops": 5,
                  "Inner Unique": false,
                  "Hash Cond": "(t.id = mc.movie_id)",
                  "Plans": [
                    {
                      "Node Type": "Seq Scan",
                      "Parent Relationship": "Outer",
                      "Parallel Aware": true,
                      "Relation Name": "title",
                      "Alias": "t",
                      "Startup Cost": 0.0,
                      "Total Cost": 42318.73,
                      "Plan Rows": 632073,
                      "Plan Width": 4,
                      "Actual Startup Time": 0.012,
                      "Actual Total Time": 71.342,
                      "Actual Rows": 505662,
                      "Actual Loops": 5
                    },
                    {
                      "Node Type": "Hash",
                      "Parent Relationship": "Inner",
                      "Parallel Aware": true,
                      "Startup Cost": 31414.82,
                      "Total Cost": 31414.82,
                      "Plan Rows": 144613,
                      "Plan Width": 4,
                      "Actual Startup Time": 145.401,
                      "Actual Total Time": 145.402,
                      "Actual Rows": 155489,
                      "Actual Loops": 5,
                      "Hash Buckets": 1048576,
                      "Original Hash Buckets": 524288,
                      "Hash Batches": 1,
                      "Original Hash Batches": 1,
                      "Peak Memory Usage": 42816,
                      "Plans": [
                        {
                          "Node Type": "Seq Scan",
                          "Parent Relationship": "Outer",
                          "Parallel Aware": true,
                          "Relation Name": "movie_companies",
                          "Alias": "mc",
                          "Startup Cost": 0.0,
                          "Total Cost": 31414.82,
                          "Plan Rows": 144613,
                          "Plan Width": 4,
                          "Actual Startup Time": 42.701,
                          "Actual Total Time": 78.937,
                          "Actual Rows": 155489,
                          "Actual Loops": 5,
                          "Filter": "((company_id > 21594) AND (company_type_id > 1))",
                          "Rows Removed by Filter": 366337
                        }
                      ]
                    }
                  ]
                }
              ]
            }
          ]
        }
      ]
    },
    "Planning Time": 0.655,
    "Triggers": [],
    "Execution Time": 414.859
  }
]