[
  {
    "Plan": {
      "Node Type": "Aggregate",
      "Strategy": "Plain",
      "Partial Mode": "Finalize",
      "Parallel Aware": false,
      "Startup Cost": 349544.07,
      "Total Cost": 349544.08,
      "Plan Rows": 1,
      "Plan Width": 8,
      "Actual Startup Time": 714.871,
      "Actual Total Time": 774.594,
      "Actual Rows": 1,
      "Actual Loops": 1,
      "Plans": [
        {
          "Node Type": "Gather",
          "Parent Relationship": "Outer",
          "Parallel Aware": false,
          "Startup Cost": 349543.44,
          "Total Cost": 349544.05,
          "Plan Rows": 6,
          "Plan Width": 8,
          "Actual Startup Time": 714.726,
          "Actual Total Time": 774.583,
          "Actual Rows": 7,
          "Actual Loops": 1,
          "Workers Planned": 6,
          "Workers Launched": 6,
          "Single Copy": false,
          "Plans": [
            {
              "Node Type": "Aggregate",
              "Strategy": "Plain",
              "Partial Mode": "Partial",
              "Parent Relationship": "Outer",
              "Parallel Aware": false,
              "Startup Cost": 348543.44,
              "Total Cost": 348543.45,
              "Plan Rows": 1,
              "Plan Width": 8,
              "Actual Startup Time": 705.44,
              "Actual Total Time": 705.441,
              "Actual Rows": 1,
              "Actual Loops": 7,
              "Plans": [
                {
                  "Node Type": "Seq Scan",
                  "Parent Relationship": "Outer",
                  "Parallel Aware": true,
                  "Relation Name": "cast_info",
                  "Alias": "ci",
                  "Startup Cost": 0.0,
                  "Total Cost": 343257.03,
                  "Plan Rows": 2114566,
                  "Plan Width": 0,
                  "Actual Startup Time": 0.049,
                  "Actual Total Time": 624.498,
                  "Actual Rows": 1992088,
                  "Actual Loops": 7,
                  "Filter": "((person_id < 1436155) AND (role_id < 10))",
                  "Rows Removed by Filter": 3185675
                }
              ]
            }
          ]
        }
      ]
    },
    "Planning Time": 0.216,
    "Triggers": [],
    "Execution Time": 774.66
  }
]