{
  "Plan": {
    "Node Type": "Aggregate",
    "Strategy": "Plain",
    "Partial Mode": "Finalize",
    "Parallel Aware": false,
    "Startup Cost": 307440.75,
    "Total Cost": 307440.76,
    "Plan Rows": 1,
    "Plan Width": 8,
    "Actual Startup Time": 1736.629,
    "Actual Total Time": 1757.535,
    "Actual Rows": 1,
    "Actual Loops": 1,
    "Plans": [
      {
        "Node Type": "Gather",
        "Parent Relationship": "Outer",
        "Parallel Aware": false,
        "Startup Cost": 307440.64,
        "Total Cost": 307440.75,
        "Plan Rows": 1,
        "Plan Width": 8,
        "Actual Startup Time": 1731.063,
        "Actual Total Time": 1757.527,
        "Actual Rows": 2,
        "Actual Loops": 1,
        "Workers Planned": 1,
        "Workers Launched": 1,
        "Single Copy": false,
        "Plans": [
          {
            "Node Type": "Aggregate",
            "Strategy": "Plain",
            "Partial Mode": "Partial",
            "Parent Relationship": "Outer",
            "Parallel Aware": false,
            "Startup Cost": 306440.64,
            "Total Cost": 306440.65,
            "Plan Rows": 1,
            "Plan Width": 8,
            "Actual Startup Time": 1724.371,
            "Actual Total Time": 1724.378,
            "Actual Rows": 1,
            "Actual Loops": 2,
            "Plans": [
              {
                "Node Type": "Hash Join",
                "Parent Relationship": "Outer",
                "Parallel Aware": true,
                "Join Type": "Inner",
                "Startup Cost": 285986.59,
                "Total Cost": 306035.92,
                "Plan Rows": 161888,
                "Plan Width": 0,
                "Actual Startup Time": 1508.752,
                "Actual Total Time": 1693.484,
                "Actual Rows": 786508,
                "Actual Loops": 2,
                "Inner Unique": false,
                "Hash Cond": "(mi_idx.movie_id = t.id)",
                "Plans": [
                  {
                    "Node Type": "Seq Scan",
                    "Parent Relationship": "Outer",
                    "Parallel Aware": true,
                    "Relation Name": "movie_info_idx",
                    "Alias": "mi_idx",
                    "Startup Cost": 0.0,
                    "Total Cost": 16052.85,
                    "Plan Rows": 811785,
                    "Plan Width": 4,
                    "Actual Startup Time": 0.017,
                    "Actual Total Time": 49.657,
                    "Actual Rows": 690018,
                    "Actual Loops": 2
                  },
                  {
                    "Node Type": "Hash",
                    "Parent Relationship": "Inner",
                    "Parallel Aware": true,
                    "Startup Cost": 282279.27,
                    "Total Cost": 282279.27,
                    "Plan Rows": 296586,
                    "Plan Width": 8,
                    "Actual Startup Time": 1503.177,
                    "Actual Total Time": 1503.18,
                    "Actual Rows": 337340,
                    "Actual Loops": 2,
                    "Hash Buckets": 1048576,
                    "Original Hash Buckets": 524288,
                    "Hash Batches": 1,
                    "Original Hash Batches": 1,
                    "Peak Memory Usage": 38720,
                    "Plans": [
                      {
                        "Node Type": "Merge Join",
                        "Parent Relationship": "Outer",
                        "Parallel Aware": false,
                        "Join Type": "Inner",
                        "Startup Cost": 168658.34,
                        "Total Cost": 282279.27,
                        "Plan Rows": 296586,
                        "Plan Width": 8,
                        "Actual Startup Time": 478.457,
                        "Actual Total Time": 1417.539,
                        "Actual Rows": 337340,
                        "Actual Loops": 2,
                        "Inner Unique": false,
                        "Merge Cond": "(t.id = mk.movie_id)",
                        "Plans": [
                          {
                            "Node Type": "Index Scan",
                            "Parent Relationship": "Outer",
                            "Parallel Aware": true,
                            "Scan Direction": "Forward",
                            "Index Name": "title_pkey",
                            "Relation Name": "title",
                            "Alias": "t",
                            "Startup Cost": 0.43,
                            "Total Cost": 103647.43,
                            "Plan Rows": 696353,
                            "Plan Width": 4,
                            "Actual Startup Time": 0.062,
                            "Actual Total Time": 768.292,
                            "Actual Rows": 597537,
                            "Actual Loops": 2,
                            "Filter": "(production_year < 2003)",
                            "Rows Removed by Filter": 665504
                          },
                          {
                            "Node Type": "Sort",
                            "Parent Relationship": "Inner",
                            "Parallel Aware": false,
                            "Startup Cost": 168646.41,
                            "Total Cost": 171338.5,
                            "Plan Rows": 1076835,
                            "Plan Width": 4,
                            "Actual Startup Time": 478.27,
                            "Actual Total Time": 532.54,
                            "Actual Rows": 1089221,
                            "Actual Loops": 2,
                            "Sort Key": [
                              "mk.movie_id"
                            ],
                            "Sort Method": "quicksort",
                            "Sort Space Used": 100210,
                            "Sort Space Type": "Memory",
                            "Workers": [
                              {
                                "Worker Number": 0,
                                "Sort Method": "quicksort",
                                "Sort Space Used": 100210,
                                "Sort Space Type": "Memory"
                              }
                            ],
                            "Plans": [
                              {
                                "Node Type": "Bitmap Heap Scan",
                                "Parent Relationship": "Outer",
                                "Parallel Aware": false,
                                "Relation Name": "movie_keyword",
                                "Alias": "mk",
                                "Startup Cost": 22841.9,
                                "Total Cost": 60756.34,
                                "Plan Rows": 1076835,
                                "Plan Width": 4,
                                "Actual Startup Time": 76.941,
                                "Actual Total Time": 257.477,
                                "Actual Rows": 1089221,
                                "Actual Loops": 2,
                                "Recheck Cond": "(keyword_id < 1116)",
                                "Rows Removed by Index Recheck": 0,
                                "Exact Heap Blocks": 24313,
                                "Lossy Heap Blocks": 0,
                                "Plans": [
                                  {
                                    "Node Type": "Bitmap Index Scan",
                                    "Parent Relationship": "Outer",
                                    "Parallel Aware": false,
                                    "Index Name": "keyword_id_movie_keyword",
                                    "Startup Cost": 0.0,
                                    "Total Cost": 22572.69,
                                    "Plan Rows": 1076835,
                                    "Plan Width": 0,
                                    "Actual Startup Time": 73.962,
                                    "Actual Total Time": 73.963,
                                    "Actual Rows": 1089221,
                                    "Actual Loops": 2,
                                    "Index Cond": "(keyword_id < 1116)"
                                  }
                                ]
                              }
                            ]
                          }
                        ]
                      }
                    ]
                  }
                ]
              }
            ]
          }
        ]
      }
    ]
  },
  "Planning Time": 1.076,
  "Triggers": [],
  "Execution Time": 1767.279
}