[
  {
    "Plan": {
      "Node Type": "Aggregate",
      "Strategy": "Plain",
      "Partial Mode": "Finalize",
      "Parallel Aware": false,
      "Startup Cost": 129068.05,
      "Total Cost": 129068.06,
      "Plan Rows": 1,
      "Plan Width": 8,
      "Actual Startup Time": 614.643,
      "Actual Total Time": 631.544,
      "Actual Rows": 1,
      "Actual Loops": 1,
      "Plans": [
        {
          "Node Type": "Gather",
          "Parent Relationship": "Outer",
          "Parallel Aware": false,
          "Startup Cost": 129067.73,
          "Total Cost": 129068.04,
          "Plan Rows": 3,
          "Plan Width": 8,
          "Actual Startup Time": 605.684,
          "Actual Total Time": 631.532,
          "Actual Rows": 4,
          "Actual Loops": 1,
          "Workers Planned": 3,
          "Workers Launched": 3,
          "Single Copy": false,
          "Plans": [
            {
              "Node Type": "Aggregate",
              "Strategy": "Plain",
              "Partial Mode": "Partial",
              "Parent Relationship": "Outer",
              "Parallel Aware": false,
              "Startup Cost": 128067.73,
              "Total Cost": 128067.74,
              "Plan Rows": 1,
              "Plan Width": 8,
              "Actual Startup Time": 599.319,
              "Actual Total Time": 599.426,
              "Actual Rows": 1,
              "Actual Loops": 4,
              "Plans": [
                {
                  "Node Type": "Hash Join",
                  "Parent Relationship": "Outer",
                  "Parallel Aware": true,
                  "Join Type": "Inner",
                  "Startup Cost": 94673.51,
                  "Total Cost": 127861.01,
                  "Plan Rows": 82689,
                  "Plan Width": 0,
                  "Actual Startup Time": 483.804,
                  "Actual Total Time": 594.65,
                  "Actual Rows": 103082,
                  "Actual Loops": 4,
                  "Inner Unique": false,
                  "Hash Cond": "(mc.movie_id = t.id)",
                  "Plans": [
                    {
                      "Node Type": "Seq Scan",
                      "Parent Relationship": "Outer",
                      "Parallel Aware": true,
                      "Relation Name": "movie_companies",
                      "Alias": "mc",
                      "Startup Cost": 0.0,
                      "Total Cost": 31414.82,
                      "Plan Rows": 401586,
                      "Plan Width": 4,
                      "Actual Startup Time": 0.015,
                      "Actual Total Time": 72.416,
                      "Actual Rows": 318562,
                      "Actual Loops": 4,
                      "Filter": "((company_id < 182345) AND (company_type_id < 2))",
                      "Rows Removed by Filter": 333721
                    },
                    {
                      "Node Type": "Hash",
                      "Parent Relationship": "Inner",
                      "Parallel Aware": true,
                      "Startup Cost": 92574.24,
                      "Total Cost": 92574.24,
                      "Plan Rows": 167941,
                      "Plan Width": 8,
                      "Actual Startup Time": 476.222,
                      "Actual Total Time": 476.327,
                      "Actual Rows": 57979,
                      "Actual Loops": 4,
                      "Hash Buckets": 524288,
                      "Original Hash Buckets": 524288,
                      "Hash Batches": 1,
                      "Original Hash Batches": 1,
                      "Peak Memory Usage": 13248,
                      "Plans": [
                        {
                          "Node Type": "Hash Join",
                          "Parent Relationship": "Outer",
                          "Parallel Aware": true,
                          "Join Type": "Inner",
                          "Startup Cost": 64682.56,
                          "Total Cost": 92574.24,
                          "Plan Rows": 167941,
                          "Plan Width": 8,
                          "Actual Startup Time": 346.792,
                          "Actual Total Time": 457.743,
                          "Actual Rows": 57979,
                          "Actual Loops": 4,
                          "Inner Unique": true,
                          "Hash Cond": "(mk.movie_id = t.id)",
                          "Plans": [
                            {
                              "Node Type": "Bitmap Heap Scan",
                              "Parent Relationship": "Outer",
                              "Parallel Aware": true,
                              "Relation Name": "movie_keyword",
                              "Alias": "mk",
                              "Startup Cost": 14944.95,
                              "Total Cost": 42240.01,
                              "Plan Rows": 227285,
                              "Plan Width": 4,
                              "Actual Startup Time": 57.718,
                              "Actual Total Time": 116.678,
                              "Actual Rows": 175270,
                              "Actual Loops": 4,
                              "Recheck Cond": "(keyword_id > 26885)",
                              "Rows Removed by Index Recheck": 0,
                              "Exact Heap Blocks": 6900,
                              "Lossy Heap Blocks": 0,
                              "Plans": [
                                {
                                  "Node Type": "Bitmap Index Scan",
                                  "Parent Relationship": "Outer",
                                  "Parallel Aware": false,
                                  "Index Name": "keyword_id_movie_keyword",
                                  "Startup Cost": 0.0,
                                  "Total Cost": 14768.81,
                                  "Plan Rows": 704583,
                                  "Plan Width": 0,
                                  "Actual Startup Time": 54.026,
                                  "Actual Total Time": 54.026,
                                  "Actual Rows": 701081,
                                  "Actual Loops": 1,
                                  "Index Cond": "(keyword_id > 26885)"
                                }
                              ]
                            },
                            {
                              "Node Type": "Hash",
                              "Parent Relationship": "Inner",
                              "Parallel Aware": true,
                              "Startup Cost": 43899.32,
                              "Total Cost": 43899.32,
                              "Plan Rows": 467063,
                              "Plan Width": 4,
                              "Actual Startup Time": 284.187,
                              "Actual Total Time": 284.188,
                              "Actual Rows": 466372,
                              "Actual Loops": 4,
                              "Hash Buckets": 2097152,
                              "Original Hash Buckets": 2097152,
                              "Hash Batches": 1,
                              "Original Hash Batches": 1,
                              "Peak Memory Usage": 89440,
                              "Plans": [
                                {
                                  "Node Type": "Seq Scan",
                                  "Parent Relationship": "Outer",
                                  "Parallel Aware": true,
                                  "Relation Name": "title",
                                  "Alias": "t",
                                  "Startup Cost": 0.0,
                                  "Total Cost": 43899.32,
                                  "Plan Rows": 467063,
                                  "Plan Width": 4,
                                  "Actual Startup Time": 0.049,
                                  "Actual Total Time": 114.076,
                                  "Actual Rows": 466372,
                                  "Actual Loops": 4,
                                  "Filter": "(kind_id > 1)",
                                  "Rows Removed by Filter": 165706
                                }
                              ]
                            }
                          ]
                        }
                      ]
                    }
                  ]
                }
              ]
            }
          ]
        }
      ]
    },
    "Planning Time": 1.067,
    "Triggers": [],
    "Execution Time": 631.625
  }
]