[
  {
    "Plan": {
      "Node Type": "Aggregate",
      "Strategy": "Plain",
      "Partial Mode": "Finalize",
      "Parallel Aware": false,
      "Startup Cost": 281190.58,
      "Total Cost": 281190.59,
      "Plan Rows": 1,
      "Plan Width": 8,
      "Actual Startup Time": 1358.088,
      "Actual Total Time": 1398.836,
      "Actual Rows": 1,
      "Actual Loops": 1,
      "Plans": [
        {
          "Node Type": "Gather",
          "Parent Relationship": "Outer",
          "Parallel Aware": false,
          "Startup Cost": 281190.26,
          "Total Cost": 281190.57,
          "Plan Rows": 3,
          "Plan Width": 8,
          "Actual Startup Time": 1342.177,
          "Actual Total Time": 1398.822,
          "Actual Rows": 4,
          "Actual Loops": 1,
          "Workers Planned": 3,
          "Workers Launched": 3,
          "Single Copy": false,
          "Plans": [
            {
              "Node Type": "Aggregate",
              "Strategy": "Plain",
              "Partial Mode": "Partial",
              "Parent Relationship": "Outer",
              "Parallel Aware": false,
              "Startup Cost": 280190.26,
              "Total Cost": 280190.27,
              "Plan Rows": 1,
              "Plan Width": 8,
              "Actual Startup Time": 1333.349,
              "Actual Total Time": 1333.485,
              "Actual Rows": 1,
              "Actual Loops": 4,
              "Plans": [
                {
                  "Node Type": "Hash Join",
                  "Parent Relationship": "Outer",
                  "Parallel Aware": true,
                  "Join Type": "Inner",
                  "Startup Cost": 248641.63,
                  "Total Cost": 279531.44,
                  "Plan Rows": 263530,
                  "Plan Width": 0,
                  "Actual Startup Time": 923.323,
                  "Actual Total Time": 1235.989,
                  "Actual Rows": 2174830,
                  "Actual Loops": 4,
                  "Inner Unique": false,
                  "Hash Cond": "(mc.movie_id = t.id)",
                  "Plans": [
                    {
                      "Node Type": "Seq Scan",
                      "Parent Relationship": "Outer",
                      "Parallel Aware": true,
                      "Relation Name": "movie_companies",
                      "Alias": "mc",
                      "Startup Cost": 0.0,
                      "Total Cost": 27206.55,
                      "Plan Rows": 841655,
                      "Plan Width": 4,
                      "Actual Startup Time": 0.027,
                      "Actual Total Time": 60.255,
                      "Actual Rows": 652282,
                      "Actual Loops": 4
                    },
                    {
                      "Node Type": "Hash",
                      "Parent Relationship": "Inner",
                      "Parallel Aware": true,
                      "Startup Cost": 246662.44,
                      "Total Cost": 246662.44,
                      "Plan Rows": 158335,
                      "Plan Width": 8,
                      "Actual Startup Time": 886.749,
                      "Actual Total Time": 886.881,
                      "Actual Rows": 270899,
                      "Actual Loops": 4,
                      "Hash Buckets": 2097152,
                      "Original Hash Buckets": 1048576,
                      "Hash Batches": 1,
                      "Original Hash Batches": 1,
                      "Peak Memory Usage": 67008,
                      "Plans": [
                        {
                          "Node Type": "Hash Join",
                          "Parent Relationship": "Outer",
                          "Parallel Aware": true,
                          "Join Type": "Inner",
                          "Startup Cost": 45962.36,
                          "Total Cost": 246662.44,
                          "Plan Rows": 158335,
                          "Plan Width": 8,
                          "Actual Startup Time": 415.623,
                          "Actual Total Time": 773.477,
                          "Actual Rows": 270899,
                          "Actual Loops": 4,
                          "Inner Unique": true,
                          "Hash Cond": "(mi.movie_id = t.id)",
                          "Plans": [
                            {
                              "Node Type": "Seq Scan",
                              "Parent Relationship": "Outer",
                              "Parallel Aware": true,
                              "Relation Name": "movie_info",
                              "Alias": "mi",
                              "Startup Cost": 0.0,
                              "Total Cost": 199108.24,
                              "Plan Rows": 606414,
                              "Plan Width": 4,
                              "Actual Startup Time": 99.785,
                              "Actual Total Time": 431.151,
                              "Actual Rows": 759180,
                              "Actual Loops": 4,
                              "Filter": "(info_type_id = 16)",
                              "Rows Removed by Filter": 2949750
                            },
                            {
                              "Node Type": "Hash",
                              "Parent Relationship": "Inner",
                              "Parallel Aware": true,
                              "Startup Cost": 43899.32,
                              "Total Cost": 43899.32,
                              "Plan Rows": 165043,
                              "Plan Width": 4,
                              "Actual Startup Time": 172.369,
                              "Actual Total Time": 172.37,
                              "Actual Rows": 165706,
                              "Actual Loops": 4,
                              "Hash Buckets": 1048576,
                              "Original Hash Buckets": 1048576,
                              "Hash Batches": 1,
                              "Original Hash Batches": 1,
                              "Peak Memory Usage": 34176,
                              "Plans": [
                                {
                                  "Node Type": "Seq Scan",
                                  "Parent Relationship": "Outer",
                                  "Parallel Aware": true,
                                  "Relation Name": "title",
                                  "Alias": "t",
                                  "Startup Cost": 0.0,
                                  "Total Cost": 43899.32,
                                  "Plan Rows": 165043,
                                  "Plan Width": 4,
                                  "Actual Startup Time": 47.923,
                                  "Actual Total Time": 107.082,
                                  "Actual Rows": 165706,
                                  "Actual Loops": 4,
                                  "Filter": "(kind_id < 2)",
                                  "Rows Removed by Filter": 466372
                                }
                              ]
                            }
                          ]
                        }
                      ]
                    }
                  ]
                }
              ]
            }
          ]
        }
      ]
    },
    "Planning Time": 1.431,
    "Triggers": [],
    "Execution Time": 1398.927
  }
]