[
  {
    "Plan": {
      "Node Type": "Aggregate",
      "Strategy": "Plain",
      "Partial Mode": "Simple",
      "Parallel Aware": false,
      "Startup Cost": 6991.9,
      "Total Cost": 6991.91,
      "Plan Rows": 1,
      "Plan Width": 8,
      "Actual Startup Time": 4.108,
      "Actual Total Time": 4.11,
      "Actual Rows": 1,
      "Actual Loops": 1,
      "Plans": [
        {
          "Node Type": "Index Only Scan",
          "Parent Relationship": "Outer",
          "Parallel Aware": false,
          "Scan Direction": "Forward",
          "Index Name": "company_id_movie_companies",
          "Relation Name": "movie_companies",
          "Alias": "mc",
          "Startup Cost": 0.43,
          "Total Cost": 6984.72,
          "Plan Rows": 2870,
          "Plan Width": 0,
          "Actual Startup Time": 0.079,
          "Actual Total Time": 3.652,
          "Actual Rows": 2945,
          "Actual Loops": 1,
          "Index Cond": "(company_id = 133)",
          "Rows Removed by Index Recheck": 0,
          "Heap Fetches": 2945
        }
      ]
    },
    "Planning Time": 0.175,
    "Triggers": [],
    "Execution Time": 4.158
  }
]