{
    "Plan": {
        "Node Type": "Aggregate",
        "Strategy": "Plain",
        "Partial Mode": "Finalize",
        "Parallel Aware": false,
        "Startup Cost": 296897.75,
        "Total Cost": 296897.76,
        "Plan Rows": 1,
        "Plan Width": 8,
        "Actual Startup Time": 2597.357,
        "Actual Total Time": 2645.155,
        "Actual Rows": 1,
        "Actual Loops": 1,
        "Output": [
            "count(*)"
        ],
        "Plans": [
            {
                "Node Type": "Gather",
                "Parent Relationship": "Outer",
                "Parallel Aware": false,
                "Startup Cost": 296897.44,
                "Total Cost": 296897.75,
                "Plan Rows": 3,
                "Plan Width": 8,
                "Actual Startup Time": 2588.439,
                "Actual Total Time": 2645.146,
                "Actual Rows": 4,
                "Actual Loops": 1,
                "Output": [
                    "(PARTIAL count(*))"
                ],
                "Workers Planned": 3,
                "Workers Launched": 3,
                "Single Copy": false,
                "Plans": [
                    {
                        "Node Type": "Aggregate",
                        "Strategy": "Plain",
                        "Partial Mode": "Partial",
                        "Parent Relationship": "Outer",
                        "Parallel Aware": false,
                        "Startup Cost": 295897.44,
                        "Total Cost": 295897.45,
                        "Plan Rows": 1,
                        "Plan Width": 8,
                        "Actual Startup Time": 2577.586,
                        "Actual Total Time": 2577.592,
                        "Actual Rows": 1,
                        "Actual Loops": 4,
                        "Output": [
                            "PARTIAL count(*)"
                        ],
                        "Workers": [
                            {
                                "Worker Number": 0,
                                "Actual Startup Time": 2574.198,
                                "Actual Total Time": 2574.204,
                                "Actual Rows": 1,
                                "Actual Loops": 1
                            },
                            {
                                "Worker Number": 1,
                                "Actual Startup Time": 2574.031,
                                "Actual Total Time": 2574.036,
                                "Actual Rows": 1,
                                "Actual Loops": 1
                            },
                            {
                                "Worker Number": 2,
                                "Actual Startup Time": 2574.478,
                                "Actual Total Time": 2574.483,
                                "Actual Rows": 1,
                                "Actual Loops": 1
                            }
                        ],
                        "Plans": [
                            {
                                "Node Type": "Hash Join",
                                "Parent Relationship": "Outer",
                                "Parallel Aware": true,
                                "Join Type": "Inner",
                                "Startup Cost": 247121.75,
                                "Total Cost": 295248.31,
                                "Plan Rows": 259649,
                                "Plan Width": 0,
                                "Actual Startup Time": 831.598,
                                "Actual Total Time": 2000.514,
                                "Actual Rows": 14835476,
                                "Actual Loops": 4,
                                "Inner Unique": false,
                                "Hash Cond": "(mk.movie_id = t.id)",
                                "Workers": [
                                    {
                                        "Worker Number": 0,
                                        "Actual Startup Time": 828.676,
                                        "Actual Total Time": 2000.648,
                                        "Actual Rows": 14598351,
                                        "Actual Loops": 1
                                    },
                                    {
                                        "Worker Number": 1,
                                        "Actual Startup Time": 828.673,
                                        "Actual Total Time": 2000.96,
                                        "Actual Rows": 14604758,
                                        "Actual Loops": 1
                                    },
                                    {
                                        "Worker Number": 2,
                                        "Actual Startup Time": 829.039,
                                        "Actual Total Time": 1994.185,
                                        "Actual Rows": 15448695,
                                        "Actual Loops": 1
                                    }
                                ],
                                "Plans": [
                                    {
                                        "Node Type": "Seq Scan",
                                        "Parent Relationship": "Outer",
                                        "Parallel Aware": true,
                                        "Relation Name": "movie_keyword",
                                        "Schema": "public",
                                        "Alias": "mk",
                                        "Startup Cost": 0.0,
                                        "Total Cost": 42695.65,
                                        "Plan Rows": 1309762,
                                        "Plan Width": 4,
                                        "Actual Startup Time": 0.036,
                                        "Actual Total Time": 127.384,
                                        "Actual Rows": 1015551,
                                        "Actual Loops": 4,
                                        "Output": [
                                            "mk.id",
                                            "mk.movie_id",
                                            "mk.keyword_id"
                                        ],
                                        "Filter": "(mk.keyword_id > 348)",
                                        "Rows Removed by Filter": 115432,
                                        "Workers": [
                                            {
                                                "Worker Number": 0,
                                                "Actual Startup Time": 0.04,
                                                "Actual Total Time": 136.082,
                                                "Actual Rows": 1005241,
                                                "Actual Loops": 1
                                            },
                                            {
                                                "Worker Number": 1,
                                                "Actual Startup Time": 0.031,
                                                "Actual Total Time": 137.215,
                                                "Actual Rows": 1022989,
                                                "Actual Loops": 1
                                            },
                                            {
                                                "Worker Number": 2,
                                                "Actual Startup Time": 0.043,
                                                "Actual Total Time": 126.456,
                                                "Actual Rows": 1000994,
                                                "Actual Loops": 1
                                            }
                                        ]
                                    },
                                    {
                                        "Node Type": "Hash",
                                        "Parent Relationship": "Inner",
                                        "Parallel Aware": true,
                                        "Startup Cost": 245868.7,
                                        "Total Cost": 245868.7,
                                        "Plan Rows": 100244,
                                        "Plan Width": 8,
                                        "Actual Startup Time": 785.675,
                                        "Actual Total Time": 785.679,
                                        "Actual Rows": 324361,
                                        "Actual Loops": 4,
                                        "Output": [
                                            "t.id",
                                            "mi.movie_id"
                                        ],
                                        "Hash Buckets": 2097152,
                                        "Original Hash Buckets": 524288,
                                        "Hash Batches": 1,
                                        "Original Hash Batches": 1,
                                        "Peak Memory Usage": 79488,
                                        "Workers": [
                                            {
                                                "Worker Number": 0,
                                                "Actual Startup Time": 785.482,
                                                "Actual Total Time": 785.486,
                                                "Actual Rows": 314208,
                                                "Actual Loops": 1
                                            },
                                            {
                                                "Worker Number": 1,
                                                "Actual Startup Time": 785.334,
                                                "Actual Total Time": 785.338,
                                                "Actual Rows": 319300,
                                                "Actual Loops": 1
                                            },
                                            {
                                                "Worker Number": 2,
                                                "Actual Startup Time": 785.803,
                                                "Actual Total Time": 785.807,
                                                "Actual Rows": 320558,
                                                "Actual Loops": 1
                                            }
                                        ],
                                        "Plans": [
                                            {
                                                "Node Type": "Hash Join",
                                                "Parent Relationship": "Outer",
                                                "Parallel Aware": true,
                                                "Join Type": "Inner",
                                                "Startup Cost": 45996.98,
                                                "Total Cost": 245868.7,
                                                "Plan Rows": 100244,
                                                "Plan Width": 8,
                                                "Actual Startup Time": 214.458,
                                                "Actual Total Time": 675.124,
                                                "Actual Rows": 324361,
                                                "Actual Loops": 4,
                                                "Output": [
                                                    "t.id",
                                                    "mi.movie_id"
                                                ],
                                                "Inner Unique": true,
                                                "Hash Cond": "(mi.movie_id = t.id)",
                                                "Workers": [
                                                    {
                                                        "Worker Number": 0,
                                                        "Actual Startup Time": 214.179,
                                                        "Actual Total Time": 676.704,
                                                        "Actual Rows": 314208,
                                                        "Actual Loops": 1
                                                    },
                                                    {
                                                        "Worker Number": 1,
                                                        "Actual Startup Time": 214.151,
                                                        "Actual Total Time": 676.662,
                                                        "Actual Rows": 319300,
                                                        "Actual Loops": 1
                                                    },
                                                    {
                                                        "Worker Number": 2,
                                                        "Actual Startup Time": 214.603,
                                                        "Actual Total Time": 673.837,
                                                        "Actual Rows": 320558,
                                                        "Actual Loops": 1
                                                    }
                                                ],
                                                "Plans": [
                                                    {
                                                        "Node Type": "Seq Scan",
                                                        "Parent Relationship": "Outer",
                                                        "Parallel Aware": true,
                                                        "Relation Name": "movie_info",
                                                        "Schema": "public",
                                                        "Alias": "mi",
                                                        "Startup Cost": 0.0,
                                                        "Total Cost": 198880.74,
                                                        "Plan Rows": 377518,
                                                        "Plan Width": 4,
                                                        "Actual Startup Time": 20.499,
                                                        "Actual Total Time": 379.19,
                                                        "Actual Rows": 466408,
                                                        "Actual Loops": 4,
                                                        "Output": [
                                                            "mi.id",
                                                            "mi.movie_id",
                                                            "mi.info_type_id",
                                                            "mi.info",
                                                            "mi.note"
                                                        ],
                                                        "Filter": "(mi.info_type_id > 17)",
                                                        "Rows Removed by Filter": 3242522,
                                                        "Workers": [
                                                            {
                                                                "Worker Number": 0,
                                                                "Actual Startup Time": 20.503,
                                                                "Actual Total Time": 383.438,
                                                                "Actual Rows": 445815,
                                                                "Actual Loops": 1
                                                            },
                                                            {
                                                                "Worker Number": 1,
                                                                "Actual Startup Time": 20.491,
                                                                "Actual Total Time": 383.638,
                                                                "Actual Rows": 452396,
                                                                "Actual Loops": 1
                                                            },
                                                            {
                                                                "Worker Number": 2,
                                                                "Actual Startup Time": 20.499,
                                                                "Actual Total Time": 381.181,
                                                                "Actual Rows": 463055,
                                                                "Actual Loops": 1
                                                            }
                                                        ]
                                                    },
                                                    {
                                                        "Node Type": "Hash",
                                                        "Parent Relationship": "Inner",
                                                        "Parallel Aware": true,
                                                        "Startup Cost": 43899.01,
                                                        "Total Cost": 43899.01,
                                                        "Plan Rows": 167838,
                                                        "Plan Width": 4,
                                                        "Actual Startup Time": 161.347,
                                                        "Actual Total Time": 161.348,
                                                        "Actual Rows": 165706,
                                                        "Actual Loops": 4,
                                                        "Output": [
                                                            "t.id"
                                                        ],
                                                        "Hash Buckets": 1048576,
                                                        "Original Hash Buckets": 1048576,
                                                        "Hash Batches": 1,
                                                        "Original Hash Batches": 1,
                                                        "Peak Memory Usage": 34208,
                                                        "Workers": [
                                                            {
                                                                "Worker Number": 0,
                                                                "Actual Startup Time": 164.032,
                                                                "Actual Total Time": 164.033,
                                                                "Actual Rows": 161364,
                                                                "Actual Loops": 1
                                                            },
                                                            {
                                                                "Worker Number": 1,
                                                                "Actual Startup Time": 164.061,
                                                                "Actual Total Time": 164.062,
                                                                "Actual Rows": 164009,
                                                                "Actual Loops": 1
                                                            },
                                                            {
                                                                "Worker Number": 2,
                                                                "Actual Startup Time": 164.454,
                                                                "Actual Total Time": 164.455,
                                                                "Actual Rows": 155821,
                                                                "Actual Loops": 1
                                                            }
                                                        ],
                                                        "Plans": [
                                                            {
                                                                "Node Type": "Seq Scan",
                                                                "Parent Relationship": "Outer",
                                                                "Parallel Aware": true,
                                                                "Relation Name": "title",
                                                                "Schema": "public",
                                                                "Alias": "t",
                                                                "Startup Cost": 0.0,
                                                                "Total Cost": 43899.01,
                                                                "Plan Rows": 167838,
                                                                "Plan Width": 4,
                                                                "Actual Startup Time": 47.853,
                                                                "Actual Total Time": 102.996,
                                                                "Actual Rows": 165706,
                                                                "Actual Loops": 4,
                                                                "Output": [
                                                                    "t.id"
                                                                ],
                                                                "Filter": "(t.kind_id = 1)",
                                                                "Rows Removed by Filter": 466372,
                                                                "Workers": [
                                                                    {
                                                                        "Worker Number": 0,
                                                                        "Actual Startup Time": 61.294,
                                                                        "Actual Total Time": 104.912,
                                                                        "Actual Rows": 161364,
                                                                        "Actual Loops": 1
                                                                    },
                                                                    {
                                                                        "Worker Number": 1,
                                                                        "Actual Startup Time": 61.247,
                                                                        "Actual Total Time": 104.41,
                                                                        "Actual Rows": 164009,
                                                                        "Actual Loops": 1
                                                                    },
                                                                    {
                                                                        "Worker Number": 2,
                                                                        "Actual Startup Time": 61.236,
                                                                        "Actual Total Time": 100.973,
                                                                        "Actual Rows": 155821,
                                                                        "Actual Loops": 1
                                                                    }
                                                                ]
                                                            }
                                                        ]
                                                    }
                                                ]
                                            }
                                        ]
                                    }
                                ]
                            }
                        ]
                    }
                ]
            }
        ]
    },
    "Planning Time": 1.702,
    "Triggers": [],
    "Execution Time": 2645.264
}