[
  {
    "Plan": {
      "Node Type": "Aggregate",
      "Strategy": "Plain",
      "Partial Mode": "Finalize",
      "Parallel Aware": false,
      "Startup Cost": 62162.93,
      "Total Cost": 62162.94,
      "Plan Rows": 1,
      "Plan Width": 8,
      "Actual Startup Time": 164.857,
      "Actual Total Time": 173.818,
      "Actual Rows": 1,
      "Actual Loops": 1,
      "Plans": [
        {
          "Node Type": "Gather",
          "Parent Relationship": "Outer",
          "Parallel Aware": false,
          "Startup Cost": 62162.71,
          "Total Cost": 62162.92,
          "Plan Rows": 2,
          "Plan Width": 8,
          "Actual Startup Time": 164.596,
          "Actual Total Time": 173.812,
          "Actual Rows": 3,
          "Actual Loops": 1,
          "Workers Planned": 2,
          "Workers Launched": 2,
          "Single Copy": false,
          "Plans": [
            {
              "Node Type": "Aggregate",
              "Strategy": "Plain",
              "Partial Mode": "Partial",
              "Parent Relationship": "Outer",
              "Parallel Aware": false,
              "Startup Cost": 61162.71,
              "Total Cost": 61162.72,
              "Plan Rows": 1,
              "Plan Width": 8,
              "Actual Startup Time": 161.238,
              "Actual Total Time": 161.241,
              "Actual Rows": 1,
              "Actual Loops": 3,
              "Plans": [
                {
                  "Node Type": "Hash Join",
                  "Parent Relationship": "Outer",
                  "Parallel Aware": true,
                  "Join Type": "Inner",
                  "Startup Cost": 45534.88,
                  "Total Cost": 61159.34,
                  "Plan Rows": 1347,
                  "Plan Width": 0,
                  "Actual Startup Time": 127.041,
                  "Actual Total Time": 161.18,
                  "Actual Rows": 496,
                  "Actual Loops": 3,
                  "Inner Unique": true,
                  "Hash Cond": "(mi_idx.movie_id = t.id)",
                  "Plans": [
                    {
                      "Node Type": "Seq Scan",
                      "Parent Relationship": "Outer",
                      "Parallel Aware": true,
                      "Relation Name": "movie_info_idx",
                      "Alias": "mi_idx",
                      "Startup Cost": 0.0,
                      "Total Cost": 15122.68,
                      "Plan Rows": 191154,
                      "Plan Width": 4,
                      "Actual Startup Time": 0.02,
                      "Actual Total Time": 40.015,
                      "Actual Rows": 153395,
                      "Actual Loops": 3,
                      "Filter": "(info_type_id > 100)",
                      "Rows Removed by Filter": 306617
                    },
                    {
                      "Node Type": "Hash",
                      "Parent Relationship": "Inner",
                      "Parallel Aware": true,
                      "Startup Cost": 45479.21,
                      "Total Cost": 45479.21,
                      "Plan Rows": 4454,
                      "Plan Width": 4,
                      "Actual Startup Time": 103.969,
                      "Actual Total Time": 103.97,
                      "Actual Rows": 7340,
                      "Actual Loops": 3,
                      "Hash Buckets": 32768,
                      "Original Hash Buckets": 32768,
                      "Hash Batches": 1,
                      "Original Hash Batches": 1,
                      "Peak Memory Usage": 1152,
                      "Plans": [
                        {
                          "Node Type": "Seq Scan",
                          "Parent Relationship": "Outer",
                          "Parallel Aware": true,
                          "Relation Name": "title",
                          "Alias": "t",
                          "Startup Cost": 0.0,
                          "Total Cost": 45479.21,
                          "Plan Rows": 4454,
                          "Plan Width": 4,
                          "Actual Startup Time": 60.492,
                          "Actual Total Time": 101.32,
                          "Actual Rows": 7340,
                          "Actual Loops": 3,
                          "Filter": "((production_year > 2012) AND (kind_id = 1))",
                          "Rows Removed by Filter": 835430
                        }
                      ]
                    }
                  ]
                }
              ]
            }
          ]
        }
      ]
    },
    "Planning Time": 0.292,
    "Triggers": [],
    "Execution Time": 173.857
  }
]