[
    {
        "Bao": {
            "Bao prediction": "NaN",
            "Bao recommended hint": "(no hint)"
        }
    },
    {
        "Plan": {
            "Node Type": "Aggregate",
            "Strategy": "Plain",
            "Partial Mode": "Finalize",
            "Parallel Aware": false,
            "Startup Cost": 94439.65,
            "Total Cost": 94439.66,
            "Plan Rows": 1,
            "Plan Width": 8,
            "Actual Startup Time": 571.449,
            "Actual Total Time": 604.557,
            "Actual Rows": 1,
            "Actual Loops": 1,
            "Output": [
                "count(*)"
            ],
            "Plans": [
                {
                    "Node Type": "Gather",
                    "Parent Relationship": "Outer",
                    "Parallel Aware": false,
                    "Startup Cost": 94439.34,
                    "Total Cost": 94439.65,
                    "Plan Rows": 3,
                    "Plan Width": 8,
                    "Actual Startup Time": 570.536,
                    "Actual Total Time": 604.548,
                    "Actual Rows": 4,
                    "Actual Loops": 1,
                    "Output": [
                        "(PARTIAL count(*))"
                    ],
                    "Workers Planned": 3,
                    "Workers Launched": 3,
                    "Single Copy": false,
                    "Plans": [
                        {
                            "Node Type": "Aggregate",
                            "Strategy": "Plain",
                            "Partial Mode": "Partial",
                            "Parent Relationship": "Outer",
                            "Parallel Aware": false,
                            "Startup Cost": 93439.34,
                            "Total Cost": 93439.35,
                            "Plan Rows": 1,
                            "Plan Width": 8,
                            "Actual Startup Time": 562.048,
                            "Actual Total Time": 562.11,
                            "Actual Rows": 1,
                            "Actual Loops": 4,
                            "Output": [
                                "PARTIAL count(*)"
                            ],
                            "Workers": [
                                {
                                    "Worker Number": 0,
                                    "Actual Startup Time": 559.083,
                                    "Actual Total Time": 559.087,
                                    "Actual Rows": 1,
                                    "Actual Loops": 1
                                },
                                {
                                    "Worker Number": 1,
                                    "Actual Startup Time": 559.178,
                                    "Actual Total Time": 559.181,
                                    "Actual Rows": 1,
                                    "Actual Loops": 1
                                },
                                {
                                    "Worker Number": 2,
                                    "Actual Startup Time": 559.707,
                                    "Actual Total Time": 559.712,
                                    "Actual Rows": 1,
                                    "Actual Loops": 1
                                }
                            ],
                            "Plans": [
                                {
                                    "Node Type": "Nested Loop",
                                    "Parent Relationship": "Outer",
                                    "Parallel Aware": false,
                                    "Join Type": "Inner",
                                    "Startup Cost": 45689.44,
                                    "Total Cost": 93363.55,
                                    "Plan Rows": 30315,
                                    "Plan Width": 0,
                                    "Actual Startup Time": 99.665,
                                    "Actual Total Time": 534.158,
                                    "Actual Rows": 674951,
                                    "Actual Loops": 4,
                                    "Inner Unique": false,
                                    "Join Filter": "(t.id = mi.movie_id)",
                                    "Rows Removed by Join Filter": 0,
                                    "Workers": [
                                        {
                                            "Worker Number": 0,
                                            "Actual Startup Time": 96.54,
                                            "Actual Total Time": 532.006,
                                            "Actual Rows": 637127,
                                            "Actual Loops": 1
                                        },
                                        {
                                            "Worker Number": 1,
                                            "Actual Startup Time": 97.174,
                                            "Actual Total Time": 532.559,
                                            "Actual Rows": 620061,
                                            "Actual Loops": 1
                                        },
                                        {
                                            "Worker Number": 2,
                                            "Actual Startup Time": 97.46,
                                            "Actual Total Time": 533.2,
                                            "Actual Rows": 614174,
                                            "Actual Loops": 1
                                        }
                                    ],
                                    "Plans": [
                                        {
                                            "Node Type": "Hash Join",
                                            "Parent Relationship": "Outer",
                                            "Parallel Aware": true,
                                            "Join Type": "Inner",
                                            "Startup Cost": 45689.01,
                                            "Total Cost": 77617.31,
                                            "Plan Rows": 5195,
                                            "Plan Width": 8,
                                            "Actual Startup Time": 99.601,
                                            "Actual Total Time": 192.387,
                                            "Actual Rows": 21000,
                                            "Actual Loops": 4,
                                            "Output": [
                                                "t.id",
                                                "mc.movie_id"
                                            ],
                                            "Inner Unique": true,
                                            "Hash Cond": "(mc.movie_id = t.id)",
                                            "Workers": [
                                                {
                                                    "Worker Number": 0,
                                                    "Actual Startup Time": 96.463,
                                                    "Actual Total Time": 186.655,
                                                    "Actual Rows": 20282,
                                                    "Actual Loops": 1
                                                },
                                                {
                                                    "Worker Number": 1,
                                                    "Actual Startup Time": 97.108,
                                                    "Actual Total Time": 186.85,
                                                    "Actual Rows": 20524,
                                                    "Actual Loops": 1
                                                },
                                                {
                                                    "Worker Number": 2,
                                                    "Actual Startup Time": 97.384,
                                                    "Actual Total Time": 188.507,
                                                    "Actual Rows": 19071,
                                                    "Actual Loops": 1
                                                }
                                            ],
                                            "Plans": [
                                                {
                                                    "Node Type": "Seq Scan",
                                                    "Parent Relationship": "Outer",
                                                    "Parallel Aware": true,
                                                    "Relation Name": "movie_companies",
                                                    "Schema": "public",
                                                    "Alias": "mc",
                                                    "Startup Cost": 0.0,
                                                    "Total Cost": 31414.82,
                                                    "Plan Rows": 195615,
                                                    "Plan Width": 4,
                                                    "Actual Startup Time": 0.019,
                                                    "Actual Total Time": 58.614,
                                                    "Actual Rows": 206051,
                                                    "Actual Loops": 4,
                                                    "Output": [
                                                        "mc.id",
                                                        "mc.movie_id",
                                                        "mc.company_id",
                                                        "mc.company_type_id",
                                                        "mc.note"
                                                    ],
                                                    "Filter": "((mc.company_id < 11141) AND (mc.company_type_id = 1))",
                                                    "Rows Removed by Filter": 446231,
                                                    "Workers": [
                                                        {
                                                            "Worker Number": 0,
                                                            "Actual Startup Time": 0.021,
                                                            "Actual Total Time": 58.06,
                                                            "Actual Rows": 192767,
                                                            "Actual Loops": 1
                                                        },
                                                        {
                                                            "Worker Number": 1,
                                                            "Actual Startup Time": 0.026,
                                                            "Actual Total Time": 58.092,
                                                            "Actual Rows": 191059,
                                                            "Actual Loops": 1
                                                        },
                                                        {
                                                            "Worker Number": 2,
                                                            "Actual Startup Time": 0.022,
                                                            "Actual Total Time": 56.587,
                                                            "Actual Rows": 181494,
                                                            "Actual Loops": 1
                                                        }
                                                    ]
                                                },
                                                {
                                                    "Node Type": "Hash",
                                                    "Parent Relationship": "Inner",
                                                    "Parallel Aware": true,
                                                    "Startup Cost": 45479.21,
                                                    "Total Cost": 45479.21,
                                                    "Plan Rows": 16784,
                                                    "Plan Width": 4,
                                                    "Actual Startup Time": 98.484,
                                                    "Actual Total Time": 98.485,
                                                    "Actual Rows": 46400,
                                                    "Actual Loops": 4,
                                                    "Output": [
                                                        "t.id"
                                                    ],
                                                    "Hash Buckets": 262144,
                                                    "Original Hash Buckets": 131072,
                                                    "Hash Batches": 1,
                                                    "Original Hash Batches": 1,
                                                    "Peak Memory Usage": 10400,
                                                    "Workers": [
                                                        {
                                                            "Worker Number": 0,
                                                            "Actual Startup Time": 95.769,
                                                            "Actual Total Time": 95.77,
                                                            "Actual Rows": 43749,
                                                            "Actual Loops": 1
                                                        },
                                                        {
                                                            "Worker Number": 1,
                                                            "Actual Startup Time": 95.861,
                                                            "Actual Total Time": 95.862,
                                                            "Actual Rows": 44433,
                                                            "Actual Loops": 1
                                                        },
                                                        {
                                                            "Worker Number": 2,
                                                            "Actual Startup Time": 96.163,
                                                            "Actual Total Time": 96.164,
                                                            "Actual Rows": 40488,
                                                            "Actual Loops": 1
                                                        }
                                                    ],
                                                    "Plans": [
                                                        {
                                                            "Node Type": "Seq Scan",
                                                            "Parent Relationship": "Outer",
                                                            "Parallel Aware": true,
                                                            "Relation Name": "title",
                                                            "Schema": "public",
                                                            "Alias": "t",
                                                            "Startup Cost": 0.0,
                                                            "Total Cost": 45479.21,
                                                            "Plan Rows": 16784,
                                                            "Plan Width": 4,
                                                            "Actual Startup Time": 0.373,
                                                            "Actual Total Time": 82.97,
                                                            "Actual Rows": 46400,
                                                            "Actual Loops": 4,
                                                            "Output": [
                                                                "t.id"
                                                            ],
                                                            "Filter": "((t.kind_id < 3) AND (t.production_year < 1958))",
                                                            "Rows Removed by Filter": 585678,
                                                            "Workers": [
                                                                {
                                                                    "Worker Number": 0,
                                                                    "Actual Startup Time": 0.374,
                                                                    "Actual Total Time": 80.891,
                                                                    "Actual Rows": 43749,
                                                                    "Actual Loops": 1
                                                                },
                                                                {
                                                                    "Worker Number": 1,
                                                                    "Actual Startup Time": 0.705,
                                                                    "Actual Total Time": 81.314,
                                                                    "Actual Rows": 44433,
                                                                    "Actual Loops": 1
                                                                },
                                                                {
                                                                    "Worker Number": 2,
                                                                    "Actual Startup Time": 0.311,
                                                                    "Actual Total Time": 80.136,
                                                                    "Actual Rows": 40488,
                                                                    "Actual Loops": 1
                                                                }
                                                            ]
                                                        }
                                                    ]
                                                }
                                            ]
                                        },
                                        {
                                            "Node Type": "Index Only Scan",
                                            "Parent Relationship": "Inner",
                                            "Parallel Aware": false,
                                            "Scan Direction": "Forward",
                                            "Index Name": "movie_id_movie_info",
                                            "Relation Name": "movie_info",
                                            "Schema": "public",
                                            "Alias": "mi",
                                            "Startup Cost": 0.43,
                                            "Total Cost": 2.54,
                                            "Plan Rows": 39,
                                            "Plan Width": 4,
                                            "Actual Startup Time": 0.004,
                                            "Actual Total Time": 0.014,
                                            "Actual Rows": 32,
                                            "Actual Loops": 83999,
                                            "Output": [
                                                "mi.movie_id"
                                            ],
                                            "Index Cond": "(mi.movie_id = mc.movie_id)",
                                            "Rows Removed by Index Recheck": 0,
                                            "Heap Fetches": 2699805,
                                            "Workers": [
                                                {
                                                    "Worker Number": 0,
                                                    "Actual Startup Time": 0.005,
                                                    "Actual Total Time": 0.014,
                                                    "Actual Rows": 31,
                                                    "Actual Loops": 20282
                                                },
                                                {
                                                    "Worker Number": 1,
                                                    "Actual Startup Time": 0.005,
                                                    "Actual Total Time": 0.014,
                                                    "Actual Rows": 30,
                                                    "Actual Loops": 20524
                                                },
                                                {
                                                    "Worker Number": 2,
                                                    "Actual Startup Time": 0.005,
                                                    "Actual Total Time": 0.015,
                                                    "Actual Rows": 32,
                                                    "Actual Loops": 19071
                                                }
                                            ]
                                        }
                                    ]
                                }
                            ]
                        }
                    ]
                }
            ]
        },
        "Planning Time": 179.636,
        "Triggers": [],
        "Execution Time": 604.635
    }
]