[
  {
    "Plan": {
      "Node Type": "Aggregate",
      "Strategy": "Plain",
      "Partial Mode": "Finalize",
      "Parallel Aware": false,
      "Startup Cost": 32686.73,
      "Total Cost": 32686.74,
      "Plan Rows": 1,
      "Plan Width": 8,
      "Actual Startup Time": 85.675,
      "Actual Total Time": 94.258,
      "Actual Rows": 1,
      "Actual Loops": 1,
      "Plans": [
        {
          "Node Type": "Gather",
          "Parent Relationship": "Outer",
          "Parallel Aware": false,
          "Startup Cost": 32686.41,
          "Total Cost": 32686.72,
          "Plan Rows": 3,
          "Plan Width": 8,
          "Actual Startup Time": 85.545,
          "Actual Total Time": 94.251,
          "Actual Rows": 4,
          "Actual Loops": 1,
          "Workers Planned": 3,
          "Workers Launched": 3,
          "Single Copy": false,
          "Plans": [
            {
              "Node Type": "Aggregate",
              "Strategy": "Plain",
              "Partial Mode": "Partial",
              "Parent Relationship": "Outer",
              "Parallel Aware": false,
              "Startup Cost": 31686.41,
              "Total Cost": 31686.42,
              "Plan Rows": 1,
              "Plan Width": 8,
              "Actual Startup Time": 78.54,
              "Actual Total Time": 78.541,
              "Actual Rows": 1,
              "Actual Loops": 4,
              "Plans": [
                {
                  "Node Type": "Seq Scan",
                  "Parent Relationship": "Outer",
                  "Parallel Aware": true,
                  "Relation Name": "movie_companies",
                  "Alias": "mc",
                  "Startup Cost": 0.0,
                  "Total Cost": 31414.82,
                  "Plan Rows": 108636,
                  "Plan Width": 0,
                  "Actual Startup Time": 32.132,
                  "Actual Total Time": 78.034,
                  "Actual Rows": 8404,
                  "Actual Loops": 4,
                  "Filter": "((company_id > 45697) AND (company_type_id = 1))",
                  "Rows Removed by Filter": 643878
                }
              ]
            }
          ]
        }
      ]
    },
    "Planning Time": 0.211,
    "Triggers": [],
    "Execution Time": 94.311
  }
]