{
    "Plan": {
        "Node Type": "Aggregate",
        "Strategy": "Plain",
        "Partial Mode": "Finalize",
        "Parallel Aware": false,
        "Startup Cost": 263649.9,
        "Total Cost": 263649.91,
        "Plan Rows": 1,
        "Plan Width": 8,
        "Actual Startup Time": 795.589,
        "Actual Total Time": 887.541,
        "Actual Rows": 1,
        "Actual Loops": 1,
        "Output": [
            "count(*)"
        ],
        "Plans": [
            {
                "Node Type": "Gather",
                "Parent Relationship": "Outer",
                "Parallel Aware": false,
                "Startup Cost": 263649.38,
                "Total Cost": 263649.89,
                "Plan Rows": 5,
                "Plan Width": 8,
                "Actual Startup Time": 792.581,
                "Actual Total Time": 887.53,
                "Actual Rows": 6,
                "Actual Loops": 1,
                "Output": [
                    "(PARTIAL count(*))"
                ],
                "Workers Planned": 5,
                "Workers Launched": 5,
                "Single Copy": false,
                "Plans": [
                    {
                        "Node Type": "Aggregate",
                        "Strategy": "Plain",
                        "Partial Mode": "Partial",
                        "Parent Relationship": "Outer",
                        "Parallel Aware": false,
                        "Startup Cost": 262649.38,
                        "Total Cost": 262649.39,
                        "Plan Rows": 1,
                        "Plan Width": 8,
                        "Actual Startup Time": 781.54,
                        "Actual Total Time": 781.585,
                        "Actual Rows": 1,
                        "Actual Loops": 6,
                        "Output": [
                            "PARTIAL count(*)"
                        ],
                        "Workers": [
                            {
                                "Worker Number": 0,
                                "Actual Startup Time": 779.126,
                                "Actual Total Time": 779.13,
                                "Actual Rows": 1,
                                "Actual Loops": 1
                            },
                            {
                                "Worker Number": 1,
                                "Actual Startup Time": 779.151,
                                "Actual Total Time": 779.156,
                                "Actual Rows": 1,
                                "Actual Loops": 1
                            },
                            {
                                "Worker Number": 2,
                                "Actual Startup Time": 779.126,
                                "Actual Total Time": 779.131,
                                "Actual Rows": 1,
                                "Actual Loops": 1
                            },
                            {
                                "Worker Number": 3,
                                "Actual Startup Time": 779.925,
                                "Actual Total Time": 779.928,
                                "Actual Rows": 1,
                                "Actual Loops": 1
                            },
                            {
                                "Worker Number": 4,
                                "Actual Startup Time": 780.268,
                                "Actual Total Time": 780.272,
                                "Actual Rows": 1,
                                "Actual Loops": 1
                            }
                        ],
                        "Plans": [
                            {
                                "Node Type": "Nested Loop",
                                "Parent Relationship": "Outer",
                                "Parallel Aware": false,
                                "Join Type": "Inner",
                                "Startup Cost": 46048.94,
                                "Total Cost": 262636.5,
                                "Plan Rows": 5150,
                                "Plan Width": 0,
                                "Actual Startup Time": 229.633,
                                "Actual Total Time": 780.647,
                                "Actual Rows": 10178,
                                "Actual Loops": 6,
                                "Inner Unique": false,
                                "Workers": [
                                    {
                                        "Worker Number": 0,
                                        "Actual Startup Time": 227.841,
                                        "Actual Total Time": 778.24,
                                        "Actual Rows": 9246,
                                        "Actual Loops": 1
                                    },
                                    {
                                        "Worker Number": 1,
                                        "Actual Startup Time": 227.096,
                                        "Actual Total Time": 778.303,
                                        "Actual Rows": 8808,
                                        "Actual Loops": 1
                                    },
                                    {
                                        "Worker Number": 2,
                                        "Actual Startup Time": 227.797,
                                        "Actual Total Time": 778.23,
                                        "Actual Rows": 5990,
                                        "Actual Loops": 1
                                    },
                                    {
                                        "Worker Number": 3,
                                        "Actual Startup Time": 227.729,
                                        "Actual Total Time": 779.037,
                                        "Actual Rows": 9860,
                                        "Actual Loops": 1
                                    },
                                    {
                                        "Worker Number": 4,
                                        "Actual Startup Time": 228.155,
                                        "Actual Total Time": 779.359,
                                        "Actual Rows": 10169,
                                        "Actual Loops": 1
                                    }
                                ],
                                "Plans": [
                                    {
                                        "Node Type": "Hash Join",
                                        "Parent Relationship": "Outer",
                                        "Parallel Aware": true,
                                        "Join Type": "Inner",
                                        "Startup Cost": 46048.37,
                                        "Total Cost": 244997.53,
                                        "Plan Rows": 1878,
                                        "Plan Width": 8,
                                        "Actual Startup Time": 228.976,
                                        "Actual Total Time": 402.527,
                                        "Actual Rows": 7080,
                                        "Actual Loops": 6,
                                        "Output": [
                                            "t.id",
                                            "mi.movie_id"
                                        ],
                                        "Inner Unique": true,
                                        "Hash Cond": "(mi.movie_id = t.id)",
                                        "Workers": [
                                            {
                                                "Worker Number": 0,
                                                "Actual Startup Time": 226.652,
                                                "Actual Total Time": 399.488,
                                                "Actual Rows": 6255,
                                                "Actual Loops": 1
                                            },
                                            {
                                                "Worker Number": 1,
                                                "Actual Startup Time": 226.577,
                                                "Actual Total Time": 400.13,
                                                "Actual Rows": 6260,
                                                "Actual Loops": 1
                                            },
                                            {
                                                "Worker Number": 2,
                                                "Actual Startup Time": 226.667,
                                                "Actual Total Time": 398.297,
                                                "Actual Rows": 4361,
                                                "Actual Loops": 1
                                            },
                                            {
                                                "Worker Number": 3,
                                                "Actual Startup Time": 227.428,
                                                "Actual Total Time": 399.98,
                                                "Actual Rows": 6769,
                                                "Actual Loops": 1
                                            },
                                            {
                                                "Worker Number": 4,
                                                "Actual Startup Time": 227.407,
                                                "Actual Total Time": 399.593,
                                                "Actual Rows": 6767,
                                                "Actual Loops": 1
                                            }
                                        ],
                                        "Plans": [
                                            {
                                                "Node Type": "Seq Scan",
                                                "Parent Relationship": "Outer",
                                                "Parallel Aware": true,
                                                "Relation Name": "movie_info",
                                                "Schema": "public",
                                                "Alias": "mi",
                                                "Startup Cost": 0.0,
                                                "Total Cost": 198880.74,
                                                "Plan Rows": 26067,
                                                "Plan Width": 4,
                                                "Actual Startup Time": 123.131,
                                                "Actual Total Time": 287.324,
                                                "Actual Rows": 23344,
                                                "Actual Loops": 6,
                                                "Output": [
                                                    "mi.id",
                                                    "mi.movie_id",
                                                    "mi.info_type_id",
                                                    "mi.info",
                                                    "mi.note"
                                                ],
                                                "Filter": "(mi.info_type_id = 9)",
                                                "Rows Removed by Filter": 2449276,
                                                "Workers": [
                                                    {
                                                        "Worker Number": 0,
                                                        "Actual Startup Time": 123.139,
                                                        "Actual Total Time": 287.489,
                                                        "Actual Rows": 19829,
                                                        "Actual Loops": 1
                                                    },
                                                    {
                                                        "Worker Number": 1,
                                                        "Actual Startup Time": 123.123,
                                                        "Actual Total Time": 287.803,
                                                        "Actual Rows": 20042,
                                                        "Actual Loops": 1
                                                    },
                                                    {
                                                        "Worker Number": 2,
                                                        "Actual Startup Time": 123.122,
                                                        "Actual Total Time": 286.935,
                                                        "Actual Rows": 14847,
                                                        "Actual Loops": 1
                                                    },
                                                    {
                                                        "Worker Number": 3,
                                                        "Actual Startup Time": 123.129,
                                                        "Actual Total Time": 286.668,
                                                        "Actual Rows": 24188,
                                                        "Actual Loops": 1
                                                    },
                                                    {
                                                        "Worker Number": 4,
                                                        "Actual Startup Time": 123.137,
                                                        "Actual Total Time": 286.955,
                                                        "Actual Rows": 21041,
                                                        "Actual Loops": 1
                                                    }
                                                ]
                                            },
                                            {
                                                "Node Type": "Hash",
                                                "Parent Relationship": "Inner",
                                                "Parallel Aware": true,
                                                "Startup Cost": 45479.21,
                                                "Total Cost": 45479.21,
                                                "Plan Rows": 45533,
                                                "Plan Width": 4,
                                                "Actual Startup Time": 102.936,
                                                "Actual Total Time": 102.937,
                                                "Actual Rows": 52594,
                                                "Actual Loops": 6,
                                                "Output": [
                                                    "t.id"
                                                ],
                                                "Hash Buckets": 524288,
                                                "Original Hash Buckets": 262144,
                                                "Hash Batches": 1,
                                                "Original Hash Batches": 1,
                                                "Peak Memory Usage": 18624,
                                                "Workers": [
                                                    {
                                                        "Worker Number": 0,
                                                        "Actual Startup Time": 101.981,
                                                        "Actual Total Time": 101.982,
                                                        "Actual Rows": 52383,
                                                        "Actual Loops": 1
                                                    },
                                                    {
                                                        "Worker Number": 1,
                                                        "Actual Startup Time": 102.021,
                                                        "Actual Total Time": 102.022,
                                                        "Actual Rows": 50848,
                                                        "Actual Loops": 1
                                                    },
                                                    {
                                                        "Worker Number": 2,
                                                        "Actual Startup Time": 101.991,
                                                        "Actual Total Time": 101.993,
                                                        "Actual Rows": 38775,
                                                        "Actual Loops": 1
                                                    },
                                                    {
                                                        "Worker Number": 3,
                                                        "Actual Startup Time": 102.809,
                                                        "Actual Total Time": 102.81,
                                                        "Actual Rows": 53499,
                                                        "Actual Loops": 1
                                                    },
                                                    {
                                                        "Worker Number": 4,
                                                        "Actual Startup Time": 102.799,
                                                        "Actual Total Time": 102.8,
                                                        "Actual Rows": 53588,
                                                        "Actual Loops": 1
                                                    }
                                                ],
                                                "Plans": [
                                                    {
                                                        "Node Type": "Seq Scan",
                                                        "Parent Relationship": "Outer",
                                                        "Parallel Aware": true,
                                                        "Relation Name": "title",
                                                        "Schema": "public",
                                                        "Alias": "t",
                                                        "Startup Cost": 0.0,
                                                        "Total Cost": 45479.21,
                                                        "Plan Rows": 45533,
                                                        "Plan Width": 4,
                                                        "Actual Startup Time": 47.333,
                                                        "Actual Total Time": 77.143,
                                                        "Actual Rows": 52594,
                                                        "Actual Loops": 6,
                                                        "Output": [
                                                            "t.id"
                                                        ],
                                                        "Filter": "((t.kind_id < 2) AND (t.production_year < 1990))",
                                                        "Rows Removed by Filter": 368791,
                                                        "Workers": [
                                                            {
                                                                "Worker Number": 0,
                                                                "Actual Startup Time": 46.326,
                                                                "Actual Total Time": 76.771,
                                                                "Actual Rows": 52383,
                                                                "Actual Loops": 1
                                                            },
                                                            {
                                                                "Worker Number": 1,
                                                                "Actual Startup Time": 46.647,
                                                                "Actual Total Time": 76.29,
                                                                "Actual Rows": 50848,
                                                                "Actual Loops": 1
                                                            },
                                                            {
                                                                "Worker Number": 2,
                                                                "Actual Startup Time": 46.357,
                                                                "Actual Total Time": 77.864,
                                                                "Actual Rows": 38775,
                                                                "Actual Loops": 1
                                                            },
                                                            {
                                                                "Worker Number": 3,
                                                                "Actual Startup Time": 47.074,
                                                                "Actual Total Time": 76.804,
                                                                "Actual Rows": 53499,
                                                                "Actual Loops": 1
                                                            },
                                                            {
                                                                "Worker Number": 4,
                                                                "Actual Startup Time": 47.091,
                                                                "Actual Total Time": 76.994,
                                                                "Actual Rows": 53588,
                                                                "Actual Loops": 1
                                                            }
                                                        ]
                                                    }
                                                ]
                                            }
                                        ]
                                    },
                                    {
                                        "Node Type": "Index Scan",
                                        "Parent Relationship": "Inner",
                                        "Parallel Aware": false,
                                        "Scan Direction": "Forward",
                                        "Index Name": "movie_id_cast_info",
                                        "Relation Name": "cast_info",
                                        "Schema": "public",
                                        "Alias": "ci",
                                        "Startup Cost": 0.56,
                                        "Total Cost": 9.32,
                                        "Plan Rows": 7,
                                        "Plan Width": 4,
                                        "Actual Startup Time": 0.035,
                                        "Actual Total Time": 0.053,
                                        "Actual Rows": 1,
                                        "Actual Loops": 42481,
                                        "Output": [
                                            "ci.id",
                                            "ci.person_id",
                                            "ci.movie_id",
                                            "ci.person_role_id",
                                            "ci.note",
                                            "ci.nr_order",
                                            "ci.role_id"
                                        ],
                                        "Index Cond": "(ci.movie_id = t.id)",
                                        "Rows Removed by Index Recheck": 0,
                                        "Filter": "((ci.person_id > 1633440) AND (ci.role_id = 1))",
                                        "Rows Removed by Filter": 41,
                                        "Workers": [
                                            {
                                                "Worker Number": 0,
                                                "Actual Startup Time": 0.039,
                                                "Actual Total Time": 0.06,
                                                "Actual Rows": 1,
                                                "Actual Loops": 6255
                                            },
                                            {
                                                "Worker Number": 1,
                                                "Actual Startup Time": 0.039,
                                                "Actual Total Time": 0.06,
                                                "Actual Rows": 1,
                                                "Actual Loops": 6260
                                            },
                                            {
                                                "Worker Number": 2,
                                                "Actual Startup Time": 0.057,
                                                "Actual Total Time": 0.086,
                                                "Actual Rows": 1,
                                                "Actual Loops": 4361
                                            },
                                            {
                                                "Worker Number": 3,
                                                "Actual Startup Time": 0.036,
                                                "Actual Total Time": 0.056,
                                                "Actual Rows": 1,
                                                "Actual Loops": 6769
                                            },
                                            {
                                                "Worker Number": 4,
                                                "Actual Startup Time": 0.036,
                                                "Actual Total Time": 0.056,
                                                "Actual Rows": 2,
                                                "Actual Loops": 6767
                                            }
                                        ]
                                    }
                                ]
                            }
                        ]
                    }
                ]
            }
        ]
    },
    "Planning Time": 1.671,
    "Triggers": [],
    "Execution Time": 887.67
}