[
  {
    "Plan": {
      "Node Type": "Aggregate",
      "Strategy": "Plain",
      "Partial Mode": "Finalize",
      "Parallel Aware": false,
      "Startup Cost": 31582.75,
      "Total Cost": 31582.76,
      "Plan Rows": 1,
      "Plan Width": 8,
      "Actual Startup Time": 105.012,
      "Actual Total Time": 113.319,
      "Actual Rows": 1,
      "Actual Loops": 1,
      "Plans": [
        {
          "Node Type": "Gather",
          "Parent Relationship": "Outer",
          "Parallel Aware": false,
          "Startup Cost": 31582.43,
          "Total Cost": 31582.74,
          "Plan Rows": 3,
          "Plan Width": 8,
          "Actual Startup Time": 104.908,
          "Actual Total Time": 113.311,
          "Actual Rows": 4,
          "Actual Loops": 1,
          "Workers Planned": 3,
          "Workers Launched": 3,
          "Single Copy": false,
          "Plans": [
            {
              "Node Type": "Aggregate",
              "Strategy": "Plain",
              "Partial Mode": "Partial",
              "Parent Relationship": "Outer",
              "Parallel Aware": false,
              "Startup Cost": 30582.43,
              "Total Cost": 30582.44,
              "Plan Rows": 1,
              "Plan Width": 8,
              "Actual Startup Time": 100.778,
              "Actual Total Time": 100.779,
              "Actual Rows": 1,
              "Actual Loops": 4,
              "Plans": [
                {
                  "Node Type": "Seq Scan",
                  "Parent Relationship": "Outer",
                  "Parallel Aware": true,
                  "Relation Name": "movie_companies",
                  "Alias": "mc",
                  "Startup Cost": 0.0,
                  "Total Cost": 29310.68,
                  "Plan Rows": 508699,
                  "Plan Width": 0,
                  "Actual Startup Time": 5.89,
                  "Actual Total Time": 81.766,
                  "Actual Rows": 393442,
                  "Actual Loops": 4,
                  "Filter": "(company_id > 5830)",
                  "Rows Removed by Filter": 258841
                }
              ]
            }
          ]
        }
      ]
    },
    "Planning Time": 0.192,
    "Triggers": [],
    "Execution Time": 113.373
  }
]