[
  {
    "Plan": {
      "Node Type": "Aggregate",
      "Strategy": "Plain",
      "Partial Mode": "Finalize",
      "Parallel Aware": false,
      "Startup Cost": 46945.89,
      "Total Cost": 46945.9,
      "Plan Rows": 1,
      "Plan Width": 8,
      "Actual Startup Time": 181.546,
      "Actual Total Time": 190.515,
      "Actual Rows": 1,
      "Actual Loops": 1,
      "Plans": [
        {
          "Node Type": "Gather",
          "Parent Relationship": "Outer",
          "Parallel Aware": false,
          "Startup Cost": 46945.57,
          "Total Cost": 46945.88,
          "Plan Rows": 3,
          "Plan Width": 8,
          "Actual Startup Time": 181.447,
          "Actual Total Time": 190.506,
          "Actual Rows": 4,
          "Actual Loops": 1,
          "Workers Planned": 3,
          "Workers Launched": 3,
          "Single Copy": false,
          "Plans": [
            {
              "Node Type": "Aggregate",
              "Strategy": "Plain",
              "Partial Mode": "Partial",
              "Parent Relationship": "Outer",
              "Parallel Aware": false,
              "Startup Cost": 45945.57,
              "Total Cost": 45945.58,
              "Plan Rows": 1,
              "Plan Width": 8,
              "Actual Startup Time": 175.955,
              "Actual Total Time": 175.956,
              "Actual Rows": 1,
              "Actual Loops": 4,
              "Plans": [
                {
                  "Node Type": "Seq Scan",
                  "Parent Relationship": "Outer",
                  "Parallel Aware": true,
                  "Relation Name": "movie_keyword",
                  "Alias": "mk",
                  "Startup Cost": 0.0,
                  "Total Cost": 42695.65,
                  "Plan Rows": 1299966,
                  "Plan Width": 0,
                  "Actual Startup Time": 0.044,
                  "Actual Total Time": 127.291,
                  "Actual Rows": 1010809,
                  "Actual Loops": 4,
                  "Filter": "(keyword_id < 37234)",
                  "Rows Removed by Filter": 120174
                }
              ]
            }
          ]
        }
      ]
    },
    "Planning Time": 0.179,
    "Triggers": [],
    "Execution Time": 190.57
  }
]