[
  {
    "Plan": {
      "Node Type": "Aggregate",
      "Strategy": "Plain",
      "Partial Mode": "Finalize",
      "Parallel Aware": false,
      "Startup Cost": 349723.49,
      "Total Cost": 349723.5,
      "Plan Rows": 1,
      "Plan Width": 8,
      "Actual Startup Time": 385.762,
      "Actual Total Time": 442.906,
      "Actual Rows": 1,
      "Actual Loops": 1,
      "Plans": [
        {
          "Node Type": "Gather",
          "Parent Relationship": "Outer",
          "Parallel Aware": false,
          "Startup Cost": 349723.07,
          "Total Cost": 349723.48,
          "Plan Rows": 4,
          "Plan Width": 8,
          "Actual Startup Time": 385.597,
          "Actual Total Time": 442.895,
          "Actual Rows": 5,
          "Actual Loops": 1,
          "Workers Planned": 4,
          "Workers Launched": 4,
          "Single Copy": false,
          "Plans": [
            {
              "Node Type": "Aggregate",
              "Strategy": "Plain",
              "Partial Mode": "Partial",
              "Parent Relationship": "Outer",
              "Parallel Aware": false,
              "Startup Cost": 348723.07,
              "Total Cost": 348723.08,
              "Plan Rows": 1,
              "Plan Width": 8,
              "Actual Startup Time": 375.625,
              "Actual Total Time": 375.628,
              "Actual Rows": 1,
              "Actual Loops": 5,
              "Plans": [
                {
                  "Node Type": "Nested Loop",
                  "Parent Relationship": "Outer",
                  "Parallel Aware": false,
                  "Join Type": "Inner",
                  "Startup Cost": 0.56,
                  "Total Cost": 348538.54,
                  "Plan Rows": 73812,
                  "Plan Width": 0,
                  "Actual Startup Time": 0.392,
                  "Actual Total Time": 370.745,
                  "Actual Rows": 60258,
                  "Actual Loops": 5,
                  "Inner Unique": false,
                  "Plans": [
                    {
                      "Node Type": "Seq Scan",
                      "Parent Relationship": "Outer",
                      "Parallel Aware": true,
                      "Relation Name": "title",
                      "Alias": "t",
                      "Startup Cost": 0.0,
                      "Total Cost": 45479.1,
                      "Plan Rows": 10169,
                      "Plan Width": 4,
                      "Actual Startup Time": 0.038,
                      "Actual Total Time": 71.77,
                      "Actual Rows": 8770,
                      "Actual Loops": 5,
                      "Filter": "((kind_id = 7) AND (production_year = 2003))",
                      "Rows Removed by Filter": 496892
                    },
                    {
                      "Node Type": "Index Scan",
                      "Parent Relationship": "Inner",
                      "Parallel Aware": false,
                      "Scan Direction": "Forward",
                      "Index Name": "movie_id_cast_info",
                      "Relation Name": "cast_info",
                      "Alias": "ci",
                      "Startup Cost": 0.56,
                      "Total Cost": 29.61,
                      "Plan Rows": 19,
                      "Plan Width": 4,
                      "Actual Startup Time": 0.008,
                      "Actual Total Time": 0.033,
                      "Actual Rows": 7,
                      "Actual Loops": 43851,
                      "Index Cond": "(movie_id = t.id)",
                      "Rows Removed by Index Recheck": 0,
                      "Filter": "(person_id < 1825768)",
                      "Rows Removed by Filter": 7
                    }
                  ]
                }
              ]
            }
          ]
        }
      ]
    },
    "Planning Time": 0.664,
    "Triggers": [],
    "Execution Time": 443.005
  }
]