{
  "Plan": {
    "Node Type": "Aggregate",
    "Strategy": "Plain",
    "Partial Mode": "Simple",
    "Parallel Aware": false,
    "Startup Cost": 316998.75,
    "Total Cost": 316998.76,
    "Plan Rows": 1,
    "Plan Width": 32,
    "Actual Startup Time": 949.032,
    "Actual Total Time": 1006.955,
    "Actual Rows": 1,
    "Actual Loops": 1,
    "Plans": [
      {
        "Node Type": "Gather",
        "Parent Relationship": "Outer",
        "Parallel Aware": false,
        "Startup Cost": 314529.11,
        "Total Cost": 316998.75,
        "Plan Rows": 1,
        "Plan Width": 17,
        "Actual Startup Time": 949.027,
        "Actual Total Time": 1006.944,
        "Actual Rows": 0,
        "Actual Loops": 1,
        "Workers Planned": 1,
        "Workers Launched": 1,
        "Single Copy": false,
        "Plans": [
          {
            "Node Type": "Hash Join",
            "Parent Relationship": "Outer",
            "Parallel Aware": false,
            "Join Type": "Inner",
            "Startup Cost": 313529.11,
            "Total Cost": 315998.65,
            "Plan Rows": 1,
            "Plan Width": 17,
            "Actual Startup Time": 940.952,
            "Actual Total Time": 940.958,
            "Actual Rows": 0,
            "Actual Loops": 2,
            "Inner Unique": true,
            "Hash Cond": "(mc.company_type_id = ct.id)",
            "Plans": [
              {
                "Node Type": "Nested Loop",
                "Parent Relationship": "Outer",
                "Parallel Aware": false,
                "Join Type": "Inner",
                "Startup Cost": 313528.05,
                "Total Cost": 315997.58,
                "Plan Rows": 1,
                "Plan Width": 21,
                "Actual Startup Time": 940.604,
                "Actual Total Time": 940.607,
                "Actual Rows": 0,
                "Actual Loops": 2,
                "Inner Unique": false,
                "Plans": [
                  {
                    "Node Type": "Merge Join",
                    "Parent Relationship": "Outer",
                    "Parallel Aware": false,
                    "Join Type": "Inner",
                    "Startup Cost": 313527.62,
                    "Total Cost": 313584.36,
                    "Plan Rows": 3746,
                    "Plan Width": 25,
                    "Actual Startup Time": 920.609,
                    "Actual Total Time": 921.487,
                    "Actual Rows": 3118,
                    "Actual Loops": 2,
                    "Inner Unique": true,
                    "Merge Cond": "(mi.info_type_id = it.id)",
                    "Plans": [
                      {
                        "Node Type": "Sort",
                        "Parent Relationship": "Outer",
                        "Parallel Aware": false,
                        "Startup Cost": 313521.63,
                        "Total Cost": 313531.0,
                        "Plan Rows": 3746,
                        "Plan Width": 29,
                        "Actual Startup Time": 920.517,
                        "Actual Total Time": 920.786,
                        "Actual Rows": 3118,
                        "Actual Loops": 2,
                        "Sort Key": [
                          "mi.info_type_id"
                        ],
                        "Sort Method": "quicksort",
                        "Sort Space Used": 424,
                        "Sort Space Type": "Memory",
                        "Workers": [
                          {
                            "Worker Number": 0,
                            "Sort Method": "quicksort",
                            "Sort Space Used": 278,
                            "Sort Space Type": "Memory"
                          }
                        ],
                        "Plans": [
                          {
                            "Node Type": "Nested Loop",
                            "Parent Relationship": "Outer",
                            "Parallel Aware": false,
                            "Join Type": "Inner",
                            "Startup Cost": 0.43,
                            "Total Cost": 313299.29,
                            "Plan Rows": 3746,
                            "Plan Width": 29,
                            "Actual Startup Time": 1.32,
                            "Actual Total Time": 919.143,
                            "Actual Rows": 3118,
                            "Actual Loops": 2,
                            "Inner Unique": true,
                            "Plans": [
                              {
                                "Node Type": "Seq Scan",
                                "Parent Relationship": "Outer",
                                "Parallel Aware": true,
                                "Relation Name": "movie_info",
                                "Alias": "mi",
                                "Startup Cost": 0.0,
                                "Total Cost": 271102.71,
                                "Plan Rows": 6624,
                                "Plan Width": 8,
                                "Actual Startup Time": 1.124,
                                "Actual Total Time": 879.994,
                                "Actual Rows": 6350,
                                "Actual Loops": 2,
                                "Filter": "(info = ANY ('{Norwegian,Danish}'::text[]))",
                                "Rows Removed by Filter": 7411510
                              },
                              {
                                "Node Type": "Index Scan",
                                "Parent Relationship": "Inner",
                                "Parallel Aware": false,
                                "Scan Direction": "Forward",
                                "Index Name": "title_pkey",
                                "Relation Name": "title",
                                "Alias": "t",
                                "Startup Cost": 0.43,
                                "Total Cost": 6.37,
                                "Plan Rows": 1,
                                "Plan Width": 21,
                                "Actual Startup Time": 0.006,
                                "Actual Total Time": 0.006,
                                "Actual Rows": 0,
                                "Actual Loops": 12700,
                                "Index Cond": "(id = mi.movie_id)",
                                "Rows Removed by Index Recheck": 0,
                                "Filter": "(production_year > 1999)",
                                "Rows Removed by Filter": 1
                              }
                            ]
                          }
                        ]
                      },
                      {
                        "Node Type": "Sort",
                        "Parent Relationship": "Inner",
                        "Parallel Aware": false,
                        "Startup Cost": 5.98,
                        "Total Cost": 6.27,
                        "Plan Rows": 113,
                        "Plan Width": 4,
                        "Actual Startup Time": 0.081,
                        "Actual Total Time": 0.082,
                        "Actual Rows": 4,
                        "Actual Loops": 2,
                        "Sort Key": [
                          "it.id"
                        ],
                        "Sort Method": "quicksort",
                        "Sort Space Used": 30,
                        "Sort Space Type": "Memory",
                        "Workers": [
                          {
                            "Worker Number": 0,
                            "Sort Method": "quicksort",
                            "Sort Space Used": 30,
                            "Sort Space Type": "Memory"
                          }
                        ],
                        "Plans": [
                          {
                            "Node Type": "Seq Scan",
                            "Parent Relationship": "Outer",
                            "Parallel Aware": false,
                            "Relation Name": "info_type",
                            "Alias": "it",
                            "Startup Cost": 0.0,
                            "Total Cost": 2.13,
                            "Plan Rows": 113,
                            "Plan Width": 4,
                            "Actual Startup Time": 0.041,
                            "Actual Total Time": 0.052,
                            "Actual Rows": 113,
                            "Actual Loops": 2
                          }
                        ]
                      }
                    ]
                  },
                  {
                    "Node Type": "Index Scan",
                    "Parent Relationship": "Inner",
                    "Parallel Aware": false,
                    "Scan Direction": "Forward",
                    "Index Name": "movie_id_movie_companies",
                    "Relation Name": "movie_companies",
                    "Alias": "mc",
                    "Startup Cost": 0.43,
                    "Total Cost": 0.63,
                    "Plan Rows": 1,
                    "Plan Width": 8,
                    "Actual Startup Time": 0.006,
                    "Actual Total Time": 0.006,
                    "Actual Rows": 0,
                    "Actual Loops": 6236,
                    "Index Cond": "(movie_id = t.id)",
                    "Rows Removed by Index Recheck": 0,
                    "Filter": "((note ~~ '%(VHS)%'::text) AND (note ~~ '%(USA)%'::text) AND (note ~~ '%(1994)%'::text))",
                    "Rows Removed by Filter": 2
                  }
                ]
              },
              {
                "Node Type": "Hash",
                "Parent Relationship": "Inner",
                "Parallel Aware": false,
                "Startup Cost": 1.05,
                "Total Cost": 1.05,
                "Plan Rows": 1,
                "Plan Width": 4,
                "Actual Startup Time": 0.079,
                "Actual Total Time": 0.08,
                "Actual Rows": 1,
                "Actual Loops": 2,
                "Hash Buckets": 1024,
                "Original Hash Buckets": 1024,
                "Hash Batches": 1,
                "Original Hash Batches": 1,
                "Peak Memory Usage": 9,
                "Plans": [
                  {
                    "Node Type": "Seq Scan",
                    "Parent Relationship": "Outer",
                    "Parallel Aware": false,
                    "Relation Name": "company_type",
                    "Alias": "ct",
                    "Startup Cost": 0.0,
                    "Total Cost": 1.05,
                    "Plan Rows": 1,
                    "Plan Width": 4,
                    "Actual Startup Time": 0.059,
                    "Actual Total Time": 0.062,
                    "Actual Rows": 1,
                    "Actual Loops": 2,
                    "Filter": "((kind)::text = 'production companies'::text)",
                    "Rows Removed by Filter": 3
                  }
                ]
              }
            ]
          }
        ]
      }
    ]
  },
  "Planning Time": 1.831,
  "Triggers": [],
  "Execution Time": 1007.112
}