{
  "Plan": {
    "Node Type": "Aggregate",
    "Strategy": "Plain",
    "Partial Mode": "Finalize",
    "Parallel Aware": false,
    "Startup Cost": 348360.34,
    "Total Cost": 348360.35,
    "Plan Rows": 1,
    "Plan Width": 8,
    "Actual Startup Time": 742.909,
    "Actual Total Time": 766.587,
    "Actual Rows": 1,
    "Actual Loops": 1,
    "Plans": [
      {
        "Node Type": "Gather",
        "Parent Relationship": "Outer",
        "Parallel Aware": false,
        "Startup Cost": 348360.22,
        "Total Cost": 348360.33,
        "Plan Rows": 1,
        "Plan Width": 8,
        "Actual Startup Time": 741.7,
        "Actual Total Time": 766.577,
        "Actual Rows": 2,
        "Actual Loops": 1,
        "Workers Planned": 1,
        "Workers Launched": 1,
        "Single Copy": false,
        "Plans": [
          {
            "Node Type": "Aggregate",
            "Strategy": "Plain",
            "Partial Mode": "Partial",
            "Parent Relationship": "Outer",
            "Parallel Aware": false,
            "Startup Cost": 347360.22,
            "Total Cost": 347360.23,
            "Plan Rows": 1,
            "Plan Width": 8,
            "Actual Startup Time": 735.377,
            "Actual Total Time": 735.54,
            "Actual Rows": 1,
            "Actual Loops": 2,
            "Plans": [
              {
                "Node Type": "Hash Join",
                "Parent Relationship": "Outer",
                "Parallel Aware": true,
                "Join Type": "Inner",
                "Startup Cost": 156620.61,
                "Total Cost": 347289.01,
                "Plan Rows": 28486,
                "Plan Width": 0,
                "Actual Startup Time": 422.562,
                "Actual Total Time": 732.693,
                "Actual Rows": 60834,
                "Actual Loops": 2,
                "Inner Unique": false,
                "Hash Cond": "(mi.movie_id = t.id)",
                "Plans": [
                  {
                    "Node Type": "Bitmap Heap Scan",
                    "Parent Relationship": "Outer",
                    "Parallel Aware": true,
                    "Relation Name": "movie_info",
                    "Alias": "mi",
                    "Startup Cost": 54025.71,
                    "Total Cost": 237947.81,
                    "Plan Rows": 1754328,
                    "Plan Width": 4,
                    "Actual Startup Time": 97.501,
                    "Actual Total Time": 248.061,
                    "Actual Rows": 1518360,
                    "Actual Loops": 2,
                    "Recheck Cond": "(info_type_id = 16)",
                    "Rows Removed by Index Recheck": 0,
                    "Exact Heap Blocks": 13098,
                    "Lossy Heap Blocks": 0,
                    "Plans": [
                      {
                        "Node Type": "Bitmap Index Scan",
                        "Parent Relationship": "Outer",
                        "Parallel Aware": false,
                        "Index Name": "info_type_id_movie_info",
                        "Startup Cost": 0.0,
                        "Total Cost": 53280.12,
                        "Plan Rows": 2982358,
                        "Plan Width": 0,
                        "Actual Startup Time": 93.389,
                        "Actual Total Time": 93.389,
                        "Actual Rows": 3036719,
                        "Actual Loops": 1,
                        "Index Cond": "(info_type_id = 16)"
                      }
                    ]
                  },
                  {
                    "Node Type": "Hash",
                    "Parent Relationship": "Inner",
                    "Parallel Aware": true,
                    "Startup Cost": 102293.04,
                    "Total Cost": 102293.04,
                    "Plan Rows": 24149,
                    "Plan Width": 8,
                    "Actual Startup Time": 323.455,
                    "Actual Total Time": 323.616,
                    "Actual Rows": 38948,
                    "Actual Loops": 2,
                    "Hash Buckets": 131072,
                    "Original Hash Buckets": 65536,
                    "Hash Batches": 1,
                    "Original Hash Batches": 1,
                    "Peak Memory Usage": 4608,
                    "Plans": [
                      {
                        "Node Type": "Hash Join",
                        "Parent Relationship": "Outer",
                        "Parallel Aware": true,
                        "Join Type": "Inner",
                        "Startup Cost": 59330.44,
                        "Total Cost": 102293.04,
                        "Plan Rows": 24149,
                        "Plan Width": 8,
                        "Actual Startup Time": 215.501,
                        "Actual Total Time": 313.683,
                        "Actual Rows": 38948,
                        "Actual Loops": 2,
                        "Inner Unique": true,
                        "Hash Cond": "(mc.movie_id = t.id)",
                        "Plans": [
                          {
                            "Node Type": "Seq Scan",
                            "Parent Relationship": "Outer",
                            "Parallel Aware": true,
                            "Relation Name": "movie_companies",
                            "Alias": "mc",
                            "Startup Cost": 0.0,
                            "Total Cost": 41811.73,
                            "Plan Rows": 438428,
                            "Plan Width": 4,
                            "Actual Startup Time": 48.658,
                            "Actual Total Time": 102.869,
                            "Actual Rows": 234535,
                            "Actual Loops": 2,
                            "Filter": "((company_id < 13251) AND (company_type_id = 2))",
                            "Rows Removed by Filter": 1070030
                          },
                          {
                            "Node Type": "Hash",
                            "Parent Relationship": "Inner",
                            "Parallel Aware": true,
                            "Startup Cost": 58306.47,
                            "Total Cost": 58306.47,
                            "Plan Rows": 81918,
                            "Plan Width": 4,
                            "Actual Startup Time": 164.426,
                            "Actual Total Time": 164.427,
                            "Actual Rows": 122822,
                            "Actual Loops": 2,
                            "Hash Buckets": 262144,
                            "Original Hash Buckets": 262144,
                            "Hash Batches": 1,
                            "Original Hash Batches": 1,
                            "Peak Memory Usage": 11680,
                            "Plans": [
                              {
                                "Node Type": "Seq Scan",
                                "Parent Relationship": "Outer",
                                "Parallel Aware": true,
                                "Relation Name": "title",
                                "Alias": "t",
                                "Startup Cost": 0.0,
                                "Total Cost": 58306.47,
                                "Plan Rows": 81918,
                                "Plan Width": 4,
                                "Actual Startup Time": 0.157,
                                "Actual Total Time": 138.561,
                                "Actual Rows": 122822,
                                "Actual Loops": 2,
                                "Filter": "((kind_id < 7) AND (production_year < 1970))",
                                "Rows Removed by Filter": 1141334
                              }
                            ]
                          }
                        ]
                      }
                    ]
                  }
                ]
              }
            ]
          }
        ]
      }
    ]
  },
  "Planning Time": 0.952,
  "Triggers": [],
  "Execution Time": 766.69
}