[
  {
    "Plan": {
      "Node Type": "Aggregate",
      "Strategy": "Plain",
      "Partial Mode": "Finalize",
      "Parallel Aware": false,
      "Startup Cost": 257605.36,
      "Total Cost": 257605.37,
      "Plan Rows": 1,
      "Plan Width": 8,
      "Actual Startup Time": 833.449,
      "Actual Total Time": 854.256,
      "Actual Rows": 1,
      "Actual Loops": 1,
      "Plans": [
        {
          "Node Type": "Gather",
          "Parent Relationship": "Outer",
          "Parallel Aware": false,
          "Startup Cost": 257605.15,
          "Total Cost": 257605.36,
          "Plan Rows": 2,
          "Plan Width": 8,
          "Actual Startup Time": 825.486,
          "Actual Total Time": 854.243,
          "Actual Rows": 3,
          "Actual Loops": 1,
          "Workers Planned": 2,
          "Workers Launched": 2,
          "Single Copy": false,
          "Plans": [
            {
              "Node Type": "Aggregate",
              "Strategy": "Plain",
              "Partial Mode": "Partial",
              "Parent Relationship": "Outer",
              "Parallel Aware": false,
              "Startup Cost": 256605.15,
              "Total Cost": 256605.16,
              "Plan Rows": 1,
              "Plan Width": 8,
              "Actual Startup Time": 817.007,
              "Actual Total Time": 817.315,
              "Actual Rows": 1,
              "Actual Loops": 3,
              "Plans": [
                {
                  "Node Type": "Hash Join",
                  "Parent Relationship": "Outer",
                  "Parallel Aware": true,
                  "Join Type": "Inner",
                  "Startup Cost": 239426.22,
                  "Total Cost": 256265.41,
                  "Plan Rows": 135894,
                  "Plan Width": 0,
                  "Actual Startup Time": 707.477,
                  "Actual Total Time": 812.144,
                  "Actual Rows": 105764,
                  "Actual Loops": 3,
                  "Inner Unique": false,
                  "Hash Cond": "(mi_idx.movie_id = t.id)",
                  "Plans": [
                    {
                      "Node Type": "Seq Scan",
                      "Parent Relationship": "Outer",
                      "Parallel Aware": true,
                      "Relation Name": "movie_info_idx",
                      "Alias": "mi_idx",
                      "Startup Cost": 0.0,
                      "Total Cost": 15122.68,
                      "Plan Rows": 385260,
                      "Plan Width": 4,
                      "Actual Startup Time": 0.016,
                      "Actual Total Time": 51.968,
                      "Actual Rows": 306703,
                      "Actual Loops": 3,
                      "Filter": "(info_type_id > 99)",
                      "Rows Removed by Filter": 153308
                    },
                    {
                      "Node Type": "Hash",
                      "Parent Relationship": "Inner",
                      "Parallel Aware": true,
                      "Startup Cost": 237196.57,
                      "Total Cost": 237196.57,
                      "Plan Rows": 178372,
                      "Plan Width": 8,
                      "Actual Startup Time": 700.87,
                      "Actual Total Time": 701.176,
                      "Actual Rows": 90272,
                      "Actual Loops": 3,
                      "Hash Buckets": 1048576,
                      "Original Hash Buckets": 1048576,
                      "Hash Batches": 1,
                      "Original Hash Batches": 1,
                      "Peak Memory Usage": 18816,
                      "Plans": [
                        {
                          "Node Type": "Hash Join",
                          "Parent Relationship": "Outer",
                          "Parallel Aware": true,
                          "Join Type": "Inner",
                          "Startup Cost": 71552.36,
                          "Total Cost": 237196.57,
                          "Plan Rows": 178372,
                          "Plan Width": 8,
                          "Actual Startup Time": 450.815,
                          "Actual Total Time": 666.728,
                          "Actual Rows": 90272,
                          "Actual Loops": 3,
                          "Inner Unique": true,
                          "Hash Cond": "(mi.movie_id = t.id)",
                          "Plans": [
                            {
                              "Node Type": "Bitmap Heap Scan",
                              "Parent Relationship": "Outer",
                              "Parallel Aware": true,
                              "Relation Name": "movie_info",
                              "Alias": "mi",
                              "Startup Cost": 21814.75,
                              "Total Cost": 186825.28,
                              "Plan Rows": 241402,
                              "Plan Width": 4,
                              "Actual Startup Time": 74.29,
                              "Actual Total Time": 169.718,
                              "Actual Rows": 401570,
                              "Actual Loops": 3,
                              "Recheck Cond": "(info_type_id > 18)",
                              "Rows Removed by Index Recheck": 0,
                              "Exact Heap Blocks": 12431,
                              "Lossy Heap Blocks": 0,
                              "Plans": [
                                {
                                  "Node Type": "Bitmap Index Scan",
                                  "Parent Relationship": "Outer",
                                  "Parallel Aware": false,
                                  "Index Name": "info_type_id_movie_info",
                                  "Startup Cost": 0.0,
                                  "Total Cost": 21513.0,
                                  "Plan Rows": 1207009,
                                  "Plan Width": 0,
                                  "Actual Startup Time": 65.654,
                                  "Actual Total Time": 65.655,
                                  "Actual Rows": 1204709,
                                  "Actual Loops": 1,
                                  "Index Cond": "(info_type_id > 18)"
                                }
                              ]
                            },
                            {
                              "Node Type": "Hash",
                              "Parent Relationship": "Inner",
                              "Parallel Aware": true,
                              "Startup Cost": 43899.32,
                              "Total Cost": 43899.32,
                              "Plan Rows": 467063,
                              "Plan Width": 4,
                              "Actual Startup Time": 366.657,
                              "Actual Total Time": 366.658,
                              "Actual Rows": 621829,
                              "Actual Loops": 3,
                              "Hash Buckets": 2097152,
                              "Original Hash Buckets": 2097152,
                              "Hash Batches": 1,
                              "Original Hash Batches": 1,
                              "Peak Memory Usage": 89408,
                              "Plans": [
                                {
                                  "Node Type": "Seq Scan",
                                  "Parent Relationship": "Outer",
                                  "Parallel Aware": true,
                                  "Relation Name": "title",
                                  "Alias": "t",
                                  "Startup Cost": 0.0,
                                  "Total Cost": 43899.32,
                                  "Plan Rows": 467063,
                                  "Plan Width": 4,
                                  "Actual Startup Time": 0.053,
                                  "Actual Total Time": 143.144,
                                  "Actual Rows": 621829,
                                  "Actual Loops": 3,
                                  "Filter": "(kind_id > 1)",
                                  "Rows Removed by Filter": 220942
                                }
                              ]
                            }
                          ]
                        }
                      ]
                    }
                  ]
                }
              ]
            }
          ]
        }
      ]
    },
    "Planning Time": 1.479,
    "Triggers": [],
    "Execution Time": 854.362
  }
]