{
  "Plan": {
    "Node Type": "Aggregate",
    "Strategy": "Plain",
    "Partial Mode": "Finalize",
    "Parallel Aware": false,
    "Startup Cost": 154268.88,
    "Total Cost": 154268.89,
    "Plan Rows": 1,
    "Plan Width": 8,
    "Actual Startup Time": 1282.059,
    "Actual Total Time": 1310.469,
    "Actual Rows": 1,
    "Actual Loops": 1,
    "Plans": [
      {
        "Node Type": "Gather",
        "Parent Relationship": "Outer",
        "Parallel Aware": false,
        "Startup Cost": 154268.77,
        "Total Cost": 154268.88,
        "Plan Rows": 1,
        "Plan Width": 8,
        "Actual Startup Time": 1274.768,
        "Actual Total Time": 1310.461,
        "Actual Rows": 2,
        "Actual Loops": 1,
        "Workers Planned": 1,
        "Workers Launched": 1,
        "Single Copy": false,
        "Plans": [
          {
            "Node Type": "Aggregate",
            "Strategy": "Plain",
            "Partial Mode": "Partial",
            "Parent Relationship": "Outer",
            "Parallel Aware": false,
            "Startup Cost": 153268.77,
            "Total Cost": 153268.78,
            "Plan Rows": 1,
            "Plan Width": 8,
            "Actual Startup Time": 1269.823,
            "Actual Total Time": 1271.852,
            "Actual Rows": 1,
            "Actual Loops": 2,
            "Plans": [
              {
                "Node Type": "Hash Join",
                "Parent Relationship": "Outer",
                "Parallel Aware": true,
                "Join Type": "Inner",
                "Startup Cost": 131697.47,
                "Total Cost": 152832.84,
                "Plan Rows": 174372,
                "Plan Width": 0,
                "Actual Startup Time": 955.548,
                "Actual Total Time": 1200.896,
                "Actual Rows": 1824185,
                "Actual Loops": 2,
                "Inner Unique": false,
                "Hash Cond": "(mi_idx.movie_id = t.id)",
                "Plans": [
                  {
                    "Node Type": "Seq Scan",
                    "Parent Relationship": "Outer",
                    "Parallel Aware": true,
                    "Relation Name": "movie_info_idx",
                    "Alias": "mi_idx",
                    "Startup Cost": 0.0,
                    "Total Cost": 18082.32,
                    "Plan Rows": 540622,
                    "Plan Width": 4,
                    "Actual Startup Time": 0.026,
                    "Actual Total Time": 58.279,
                    "Actual Rows": 459925,
                    "Actual Loops": 2,
                    "Filter": "(info_type_id < 101)",
                    "Rows Removed by Filter": 230092
                  },
                  {
                    "Node Type": "Hash",
                    "Parent Relationship": "Inner",
                    "Parallel Aware": true,
                    "Startup Cost": 125701.32,
                    "Total Cost": 125701.32,
                    "Plan Rows": 479692,
                    "Plan Width": 8,
                    "Actual Startup Time": 945.238,
                    "Actual Total Time": 947.264,
                    "Actual Rows": 1094025,
                    "Actual Loops": 2,
                    "Hash Buckets": 4194304,
                    "Original Hash Buckets": 1048576,
                    "Hash Batches": 1,
                    "Original Hash Batches": 1,
                    "Peak Memory Usage": 142976,
                    "Plans": [
                      {
                        "Node Type": "Hash Join",
                        "Parent Relationship": "Outer",
                        "Parallel Aware": true,
                        "Join Type": "Inner",
                        "Startup Cost": 63120.78,
                        "Total Cost": 125701.32,
                        "Plan Rows": 479692,
                        "Plan Width": 8,
                        "Actual Startup Time": 248.245,
                        "Actual Total Time": 685.242,
                        "Actual Rows": 1094025,
                        "Actual Loops": 2,
                        "Inner Unique": true,
                        "Hash Cond": "(mk.movie_id = t.id)",
                        "Plans": [
                          {
                            "Node Type": "Seq Scan",
                            "Parent Relationship": "Outer",
                            "Parallel Aware": true,
                            "Relation Name": "movie_keyword",
                            "Alias": "mk",
                            "Startup Cost": 0.0,
                            "Total Cost": 57718.19,
                            "Plan Rows": 1852320,
                            "Plan Width": 4,
                            "Actual Startup Time": 0.172,
                            "Actual Total Time": 206.445,
                            "Actual Rows": 1570034,
                            "Actual Loops": 2,
                            "Filter": "(keyword_id > 1859)",
                            "Rows Removed by Filter": 691930
                          },
                          {
                            "Node Type": "Hash",
                            "Parent Relationship": "Inner",
                            "Parallel Aware": true,
                            "Startup Cost": 58306.47,
                            "Total Cost": 58306.47,
                            "Plan Rows": 385145,
                            "Plan Width": 4,
                            "Actual Startup Time": 242.545,
                            "Actual Total Time": 242.546,
                            "Actual Rows": 355590,
                            "Actual Loops": 2,
                            "Hash Buckets": 1048576,
                            "Original Hash Buckets": 1048576,
                            "Hash Batches": 1,
                            "Original Hash Batches": 1,
                            "Peak Memory Usage": 36032,
                            "Plans": [
                              {
                                "Node Type": "Seq Scan",
                                "Parent Relationship": "Outer",
                                "Parallel Aware": true,
                                "Relation Name": "title",
                                "Alias": "t",
                                "Startup Cost": 0.0,
                                "Total Cost": 58306.47,
                                "Plan Rows": 385145,
                                "Plan Width": 4,
                                "Actual Startup Time": 0.037,
                                "Actual Total Time": 153.781,
                                "Actual Rows": 355590,
                                "Actual Loops": 2,
                                "Filter": "((kind_id < 7) AND (production_year < 2008))",
                                "Rows Removed by Filter": 908566
                              }
                            ]
                          }
                        ]
                      }
                    ]
                  }
                ]
              }
            ]
          }
        ]
      }
    ]
  },
  "Planning Time": 1.054,
  "Triggers": [],
  "Execution Time": 1310.555
}