[
  {
    "Plan": {
      "Node Type": "Aggregate",
      "Strategy": "Plain",
      "Partial Mode": "Finalize",
      "Parallel Aware": false,
      "Startup Cost": 401956.55,
      "Total Cost": 401956.56,
      "Plan Rows": 1,
      "Plan Width": 8,
      "Actual Startup Time": 1938.678,
      "Actual Total Time": 2024.562,
      "Actual Rows": 1,
      "Actual Loops": 1,
      "Plans": [
        {
          "Node Type": "Gather",
          "Parent Relationship": "Outer",
          "Parallel Aware": false,
          "Startup Cost": 401956.23,
          "Total Cost": 401956.54,
          "Plan Rows": 3,
          "Plan Width": 8,
          "Actual Startup Time": 1932.887,
          "Actual Total Time": 2024.552,
          "Actual Rows": 4,
          "Actual Loops": 1,
          "Workers Planned": 3,
          "Workers Launched": 3,
          "Single Copy": false,
          "Plans": [
            {
              "Node Type": "Aggregate",
              "Strategy": "Plain",
              "Partial Mode": "Partial",
              "Parent Relationship": "Outer",
              "Parallel Aware": false,
              "Startup Cost": 400956.23,
              "Total Cost": 400956.24,
              "Plan Rows": 1,
              "Plan Width": 8,
              "Actual Startup Time": 1920.957,
              "Actual Total Time": 1920.961,
              "Actual Rows": 1,
              "Actual Loops": 4,
              "Plans": [
                {
                  "Node Type": "Nested Loop",
                  "Parent Relationship": "Outer",
                  "Parallel Aware": false,
                  "Join Type": "Inner",
                  "Startup Cost": 61155.51,
                  "Total Cost": 396363.75,
                  "Plan Rows": 1836993,
                  "Plan Width": 0,
                  "Actual Startup Time": 323.183,
                  "Actual Total Time": 1845.902,
                  "Actual Rows": 1346280,
                  "Actual Loops": 4,
                  "Inner Unique": false,
                  "Plans": [
                    {
                      "Node Type": "Hash Join",
                      "Parent Relationship": "Outer",
                      "Parallel Aware": true,
                      "Join Type": "Inner",
                      "Startup Cost": 61154.94,
                      "Total Cost": 88237.55,
                      "Plan Rows": 128201,
                      "Plan Width": 8,
                      "Actual Startup Time": 323.049,
                      "Actual Total Time": 433.86,
                      "Actual Rows": 60080,
                      "Actual Loops": 4,
                      "Inner Unique": true,
                      "Hash Cond": "(mk.movie_id = t.id)",
                      "Plans": [
                        {
                          "Node Type": "Bitmap Heap Scan",
                          "Parent Relationship": "Outer",
                          "Parallel Aware": true,
                          "Relation Name": "movie_keyword",
                          "Alias": "mk",
                          "Startup Cost": 11427.79,
                          "Total Cost": 38054.19,
                          "Plan Rows": 173792,
                          "Plan Width": 4,
                          "Actual Startup Time": 54.085,
                          "Actual Total Time": 101.665,
                          "Actual Rows": 138489,
                          "Actual Loops": 4,
                          "Recheck Cond": "(keyword_id < 397)",
                          "Rows Removed by Index Recheck": 0,
                          "Exact Heap Blocks": 7863,
                          "Lossy Heap Blocks": 0,
                          "Plans": [
                            {
                              "Node Type": "Bitmap Index Scan",
                              "Parent Relationship": "Outer",
                              "Parallel Aware": false,
                              "Index Name": "keyword_id_movie_keyword",
                              "Startup Cost": 0.0,
                              "Total Cost": 11293.1,
                              "Plan Rows": 538756,
                              "Plan Width": 0,
                              "Actual Startup Time": 48.206,
                              "Actual Total Time": 48.207,
                              "Actual Rows": 553955,
                              "Actual Loops": 1,
                              "Index Cond": "(keyword_id < 397)"
                            }
                          ]
                        },
                        {
                          "Node Type": "Hash",
                          "Parent Relationship": "Inner",
                          "Parallel Aware": true,
                          "Startup Cost": 43898.92,
                          "Total Cost": 43898.92,
                          "Plan Rows": 466259,
                          "Plan Width": 4,
                          "Actual Startup Time": 261.536,
                          "Actual Total Time": 261.537,
                          "Actual Rows": 466372,
                          "Actual Loops": 4,
                          "Hash Buckets": 2097152,
                          "Original Hash Buckets": 2097152,
                          "Hash Batches": 1,
                          "Original Hash Batches": 1,
                          "Peak Memory Usage": 89408,
                          "Plans": [
                            {
                              "Node Type": "Seq Scan",
                              "Parent Relationship": "Outer",
                              "Parallel Aware": true,
                              "Relation Name": "title",
                              "Alias": "t",
                              "Startup Cost": 0.0,
                              "Total Cost": 43898.92,
                              "Plan Rows": 466259,
                              "Plan Width": 4,
                              "Actual Startup Time": 0.034,
                              "Actual Total Time": 113.099,
                              "Actual Rows": 466372,
                              "Actual Loops": 4,
                              "Filter": "(kind_id > 1)",
                              "Rows Removed by Filter": 165706
                            }
                          ]
                        }
                      ]
                    },
                    {
                      "Node Type": "Index Only Scan",
                      "Parent Relationship": "Inner",
                      "Parallel Aware": false,
                      "Scan Direction": "Forward",
                      "Index Name": "movie_id_cast_info",
                      "Relation Name": "cast_info",
                      "Alias": "ci",
                      "Startup Cost": 0.56,
                      "Total Cost": 2.03,
                      "Plan Rows": 37,
                      "Plan Width": 4,
                      "Actual Startup Time": 0.005,
                      "Actual Total Time": 0.021,
                      "Actual Rows": 22,
                      "Actual Loops": 240320,
                      "Index Cond": "(movie_id = t.id)",
                      "Rows Removed by Index Recheck": 0,
                      "Heap Fetches": 5385120
                    }
                  ]
                }
              ]
            }
          ]
        }
      ]
    },
    "Planning Time": 1.213,
    "Triggers": [],
    "Execution Time": 2024.689
  }
]