{
  "Plan": {
    "Node Type": "Aggregate",
    "Strategy": "Plain",
    "Partial Mode": "Finalize",
    "Parallel Aware": false,
    "Startup Cost": 180510.58,
    "Total Cost": 180510.59,
    "Plan Rows": 1,
    "Plan Width": 8,
    "Actual Startup Time": 1094.075,
    "Actual Total Time": 1117.537,
    "Actual Rows": 1,
    "Actual Loops": 1,
    "Plans": [
      {
        "Node Type": "Gather",
        "Parent Relationship": "Outer",
        "Parallel Aware": false,
        "Startup Cost": 180510.47,
        "Total Cost": 180510.58,
        "Plan Rows": 1,
        "Plan Width": 8,
        "Actual Startup Time": 1089.222,
        "Actual Total Time": 1117.532,
        "Actual Rows": 2,
        "Actual Loops": 1,
        "Workers Planned": 1,
        "Workers Launched": 1,
        "Single Copy": false,
        "Plans": [
          {
            "Node Type": "Aggregate",
            "Strategy": "Plain",
            "Partial Mode": "Partial",
            "Parent Relationship": "Outer",
            "Parallel Aware": false,
            "Startup Cost": 179510.47,
            "Total Cost": 179510.48,
            "Plan Rows": 1,
            "Plan Width": 8,
            "Actual Startup Time": 1082.966,
            "Actual Total Time": 1082.971,
            "Actual Rows": 1,
            "Actual Loops": 2,
            "Plans": [
              {
                "Node Type": "Hash Join",
                "Parent Relationship": "Outer",
                "Parallel Aware": true,
                "Join Type": "Inner",
                "Startup Cost": 139375.71,
                "Total Cost": 179155.61,
                "Plan Rows": 141944,
                "Plan Width": 0,
                "Actual Startup Time": 797.467,
                "Actual Total Time": 1060.097,
                "Actual Rows": 592794,
                "Actual Loops": 2,
                "Inner Unique": false,
                "Hash Cond": "(t.id = mc.movie_id)",
                "Plans": [
                  {
                    "Node Type": "Hash Join",
                    "Parent Relationship": "Outer",
                    "Parallel Aware": true,
                    "Join Type": "Inner",
                    "Startup Cost": 93908.97,
                    "Total Cost": 128616.78,
                    "Plan Rows": 677938,
                    "Plan Width": 8,
                    "Actual Startup Time": 584.868,
                    "Actual Total Time": 817.796,
                    "Actual Rows": 578951,
                    "Actual Loops": 2,
                    "Inner Unique": true,
                    "Hash Cond": "(mk.movie_id = t.id)",
                    "Plans": [
                      {
                        "Node Type": "Bitmap Heap Scan",
                        "Parent Relationship": "Outer",
                        "Parallel Aware": true,
                        "Relation Name": "movie_keyword",
                        "Alias": "mk",
                        "Startup Cost": 24448.27,
                        "Total Cost": 57376.5,
                        "Plan Rows": 677938,
                        "Plan Width": 4,
                        "Actual Startup Time": 62.995,
                        "Actual Total Time": 159.153,
                        "Actual Rows": 578951,
                        "Actual Loops": 2,
                        "Recheck Cond": "(keyword_id > 16131)",
                        "Rows Removed by Index Recheck": 0,
                        "Exact Heap Blocks": 12743,
                        "Lossy Heap Blocks": 0,
                        "Plans": [
                          {
                            "Node Type": "Bitmap Index Scan",
                            "Parent Relationship": "Outer",
                            "Parallel Aware": false,
                            "Index Name": "keyword_id_movie_keyword",
                            "Startup Cost": 0.0,
                            "Total Cost": 24160.15,
                            "Plan Rows": 1152495,
                            "Plan Width": 0,
                            "Actual Startup Time": 59.399,
                            "Actual Total Time": 59.4,
                            "Actual Rows": 1157902,
                            "Actual Loops": 1,
                            "Index Cond": "(keyword_id > 16131)"
                          }
                        ]
                      },
                      {
                        "Node Type": "Hash",
                        "Parent Relationship": "Inner",
                        "Parallel Aware": true,
                        "Startup Cost": 50870.31,
                        "Total Cost": 50870.31,
                        "Plan Rows": 1487231,
                        "Plan Width": 4,
                        "Actual Startup Time": 510.495,
                        "Actual Total Time": 510.495,
                        "Actual Rows": 1264156,
                        "Actual Loops": 2,
                        "Hash Buckets": 4194304,
                        "Original Hash Buckets": 4194304,
                        "Hash Batches": 1,
                        "Original Hash Batches": 1,
                        "Peak Memory Usage": 131712,
                        "Plans": [
                          {
                            "Node Type": "Seq Scan",
                            "Parent Relationship": "Outer",
                            "Parallel Aware": true,
                            "Relation Name": "title",
                            "Alias": "t",
                            "Startup Cost": 0.0,
                            "Total Cost": 50870.31,
                            "Plan Rows": 1487231,
                            "Plan Width": 4,
                            "Actual Startup Time": 0.019,
                            "Actual Total Time": 142.128,
                            "Actual Rows": 1264156,
                            "Actual Loops": 2
                          }
                        ]
                      }
                    ]
                  },
                  {
                    "Node Type": "Hash",
                    "Parent Relationship": "Inner",
                    "Parallel Aware": true,
                    "Startup Cost": 41574.35,
                    "Total Cost": 41574.35,
                    "Plan Rows": 311391,
                    "Plan Width": 4,
                    "Actual Startup Time": 132.316,
                    "Actual Total Time": 132.317,
                    "Actual Rows": 119114,
                    "Actual Loops": 2,
                    "Hash Buckets": 1048576,
                    "Original Hash Buckets": 1048576,
                    "Hash Batches": 1,
                    "Original Hash Batches": 1,
                    "Peak Memory Usage": 17536,
                    "Plans": [
                      {
                        "Node Type": "Index Scan",
                        "Parent Relationship": "Outer",
                        "Parallel Aware": true,
                        "Scan Direction": "Forward",
                        "Index Name": "company_type_id_movie_companies",
                        "Relation Name": "movie_companies",
                        "Alias": "mc",
                        "Startup Cost": 0.43,
                        "Total Cost": 41574.35,
                        "Plan Rows": 311391,
                        "Plan Width": 4,
                        "Actual Startup Time": 37.948,
                        "Actual Total Time": 102.085,
                        "Actual Rows": 119114,
                        "Actual Loops": 2,
                        "Index Cond": "(company_type_id = 1)",
                        "Rows Removed by Index Recheck": 0,
                        "Filter": "(company_id > 14328)",
                        "Rows Removed by Filter": 518008
                      }
                    ]
                  }
                ]
              }
            ]
          }
        ]
      }
    ]
  },
  "Planning Time": 0.423,
  "Triggers": [],
  "Execution Time": 1117.598
}