{
  "Plan": {
    "Node Type": "Aggregate",
    "Strategy": "Plain",
    "Partial Mode": "Finalize",
    "Parallel Aware": false,
    "Startup Cost": 226943.15,
    "Total Cost": 226943.16,
    "Plan Rows": 1,
    "Plan Width": 8,
    "Actual Startup Time": 213.432,
    "Actual Total Time": 228.199,
    "Actual Rows": 1,
    "Actual Loops": 1,
    "Plans": [
      {
        "Node Type": "Gather",
        "Parent Relationship": "Outer",
        "Parallel Aware": false,
        "Startup Cost": 226943.04,
        "Total Cost": 226943.15,
        "Plan Rows": 1,
        "Plan Width": 8,
        "Actual Startup Time": 212.922,
        "Actual Total Time": 228.191,
        "Actual Rows": 2,
        "Actual Loops": 1,
        "Workers Planned": 1,
        "Workers Launched": 1,
        "Single Copy": false,
        "Plans": [
          {
            "Node Type": "Aggregate",
            "Strategy": "Plain",
            "Partial Mode": "Partial",
            "Parent Relationship": "Outer",
            "Parallel Aware": false,
            "Startup Cost": 225943.04,
            "Total Cost": 225943.05,
            "Plan Rows": 1,
            "Plan Width": 8,
            "Actual Startup Time": 206.447,
            "Actual Total Time": 206.457,
            "Actual Rows": 1,
            "Actual Loops": 2,
            "Plans": [
              {
                "Node Type": "Hash Join",
                "Parent Relationship": "Outer",
                "Parallel Aware": true,
                "Join Type": "Inner",
                "Startup Cost": 58265.72,
                "Total Cost": 225932.34,
                "Plan Rows": 4278,
                "Plan Width": 0,
                "Actual Startup Time": 182.952,
                "Actual Total Time": 206.439,
                "Actual Rows": 135,
                "Actual Loops": 2,
                "Inner Unique": true,
                "Hash Cond": "(mi.movie_id = t.id)",
                "Plans": [
                  {
                    "Node Type": "Bitmap Heap Scan",
                    "Parent Relationship": "Outer",
                    "Parallel Aware": true,
                    "Relation Name": "movie_info",
                    "Alias": "mi",
                    "Startup Cost": 2803.64,
                    "Total Cost": 170231.34,
                    "Plan Rows": 91021,
                    "Plan Width": 4,
                    "Actual Startup Time": 9.612,
                    "Actual Total Time": 24.667,
                    "Actual Rows": 73744,
                    "Actual Loops": 2,
                    "Recheck Cond": "(info_type_id = 107)",
                    "Rows Removed by Index Recheck": 0,
                    "Exact Heap Blocks": 3111,
                    "Lossy Heap Blocks": 0,
                    "Plans": [
                      {
                        "Node Type": "Bitmap Index Scan",
                        "Parent Relationship": "Outer",
                        "Parallel Aware": false,
                        "Index Name": "info_type_id_movie_info",
                        "Startup Cost": 0.0,
                        "Total Cost": 2764.95,
                        "Plan Rows": 154736,
                        "Plan Width": 0,
                        "Actual Startup Time": 8.581,
                        "Actual Total Time": 8.581,
                        "Actual Rows": 147487,
                        "Actual Loops": 1,
                        "Index Cond": "(info_type_id = 107)"
                      }
                    ]
                  },
                  {
                    "Node Type": "Hash",
                    "Parent Relationship": "Inner",
                    "Parallel Aware": true,
                    "Startup Cost": 54588.39,
                    "Total Cost": 54588.39,
                    "Plan Rows": 69895,
                    "Plan Width": 4,
                    "Actual Startup Time": 170.902,
                    "Actual Total Time": 170.903,
                    "Actual Rows": 60182,
                    "Actual Loops": 2,
                    "Hash Buckets": 131072,
                    "Original Hash Buckets": 131072,
                    "Hash Batches": 1,
                    "Original Hash Batches": 1,
                    "Peak Memory Usage": 5792,
                    "Plans": [
                      {
                        "Node Type": "Seq Scan",
                        "Parent Relationship": "Outer",
                        "Parallel Aware": true,
                        "Relation Name": "title",
                        "Alias": "t",
                        "Startup Cost": 0.0,
                        "Total Cost": 54588.39,
                        "Plan Rows": 69895,
                        "Plan Width": 4,
                        "Actual Startup Time": 60.65,
                        "Actual Total Time": 155.688,
                        "Actual Rows": 60182,
                        "Actual Loops": 2,
                        "Filter": "(production_year < 1932)",
                        "Rows Removed by Filter": 1203974
                      }
                    ]
                  }
                ]
              }
            ]
          }
        ]
      }
    ]
  },
  "Planning Time": 0.647,
  "Triggers": [],
  "Execution Time": 228.291
}