[
  {
    "Plan": {
      "Node Type": "Aggregate",
      "Strategy": "Plain",
      "Partial Mode": "Finalize",
      "Parallel Aware": false,
      "Startup Cost": 62156.32,
      "Total Cost": 62156.33,
      "Plan Rows": 1,
      "Plan Width": 8,
      "Actual Startup Time": 169.487,
      "Actual Total Time": 182.719,
      "Actual Rows": 1,
      "Actual Loops": 1,
      "Plans": [
        {
          "Node Type": "Gather",
          "Parent Relationship": "Outer",
          "Parallel Aware": false,
          "Startup Cost": 62156.11,
          "Total Cost": 62156.32,
          "Plan Rows": 2,
          "Plan Width": 8,
          "Actual Startup Time": 169.327,
          "Actual Total Time": 182.703,
          "Actual Rows": 3,
          "Actual Loops": 1,
          "Workers Planned": 2,
          "Workers Launched": 2,
          "Single Copy": false,
          "Plans": [
            {
              "Node Type": "Aggregate",
              "Strategy": "Plain",
              "Partial Mode": "Partial",
              "Parent Relationship": "Outer",
              "Parallel Aware": false,
              "Startup Cost": 61156.11,
              "Total Cost": 61156.12,
              "Plan Rows": 1,
              "Plan Width": 8,
              "Actual Startup Time": 161.648,
              "Actual Total Time": 161.651,
              "Actual Rows": 1,
              "Actual Loops": 3,
              "Plans": [
                {
                  "Node Type": "Hash Join",
                  "Parent Relationship": "Outer",
                  "Parallel Aware": true,
                  "Join Type": "Inner",
                  "Startup Cost": 45526.6,
                  "Total Cost": 61153.22,
                  "Plan Rows": 1154,
                  "Plan Width": 0,
                  "Actual Startup Time": 111.665,
                  "Actual Total Time": 161.515,
                  "Actual Rows": 1937,
                  "Actual Loops": 3,
                  "Inner Unique": true,
                  "Hash Cond": "(mi_idx.movie_id = t.id)",
                  "Plans": [
                    {
                      "Node Type": "Seq Scan",
                      "Parent Relationship": "Outer",
                      "Parallel Aware": true,
                      "Relation Name": "movie_info_idx",
                      "Alias": "mi_idx",
                      "Startup Cost": 0.0,
                      "Total Cost": 15122.68,
                      "Plan Rows": 191978,
                      "Plan Width": 4,
                      "Actual Startup Time": 0.028,
                      "Actual Total Time": 35.993,
                      "Actual Rows": 153308,
                      "Actual Loops": 3,
                      "Filter": "(info_type_id = 101)",
                      "Rows Removed by Filter": 306703
                    },
                    {
                      "Node Type": "Hash",
                      "Parent Relationship": "Inner",
                      "Parallel Aware": true,
                      "Startup Cost": 45479.1,
                      "Total Cost": 45479.1,
                      "Plan Rows": 3800,
                      "Plan Width": 4,
                      "Actual Startup Time": 110.366,
                      "Actual Total Time": 110.367,
                      "Actual Rows": 4323,
                      "Actual Loops": 3,
                      "Hash Buckets": 16384,
                      "Original Hash Buckets": 16384,
                      "Hash Batches": 1,
                      "Original Hash Batches": 1,
                      "Peak Memory Usage": 672,
                      "Plans": [
                        {
                          "Node Type": "Seq Scan",
                          "Parent Relationship": "Outer",
                          "Parallel Aware": true,
                          "Relation Name": "title",
                          "Alias": "t",
                          "Startup Cost": 0.0,
                          "Total Cost": 45479.1,
                          "Plan Rows": 3800,
                          "Plan Width": 4,
                          "Actual Startup Time": 0.37,
                          "Actual Total Time": 108.474,
                          "Actual Rows": 4323,
                          "Actual Loops": 3,
                          "Filter": "((kind_id < 7) AND (production_year = 1997))",
                          "Rows Removed by Filter": 838448
                        }
                      ]
                    }
                  ]
                }
              ]
            }
          ]
        }
      ]
    },
    "Planning Time": 0.614,
    "Triggers": [],
    "Execution Time": 182.788
  }
]