[
  {
    "Plan": {
      "Node Type": "Aggregate",
      "Strategy": "Plain",
      "Partial Mode": "Finalize",
      "Parallel Aware": false,
      "Startup Cost": 46481.36,
      "Total Cost": 46481.37,
      "Plan Rows": 1,
      "Plan Width": 8,
      "Actual Startup Time": 86.181,
      "Actual Total Time": 96.399,
      "Actual Rows": 1,
      "Actual Loops": 1,
      "Plans": [
        {
          "Node Type": "Gather",
          "Parent Relationship": "Outer",
          "Parallel Aware": false,
          "Startup Cost": 46480.94,
          "Total Cost": 46481.35,
          "Plan Rows": 4,
          "Plan Width": 8,
          "Actual Startup Time": 86.042,
          "Actual Total Time": 96.392,
          "Actual Rows": 5,
          "Actual Loops": 1,
          "Workers Planned": 4,
          "Workers Launched": 4,
          "Single Copy": false,
          "Plans": [
            {
              "Node Type": "Aggregate",
              "Strategy": "Plain",
              "Partial Mode": "Partial",
              "Parent Relationship": "Outer",
              "Parallel Aware": false,
              "Startup Cost": 45480.94,
              "Total Cost": 45480.95,
              "Plan Rows": 1,
              "Plan Width": 8,
              "Actual Startup Time": 79.286,
              "Actual Total Time": 79.287,
              "Actual Rows": 1,
              "Actual Loops": 5,
              "Plans": [
                {
                  "Node Type": "Seq Scan",
                  "Parent Relationship": "Outer",
                  "Parallel Aware": true,
                  "Relation Name": "title",
                  "Alias": "t",
                  "Startup Cost": 0.0,
                  "Total Cost": 45479.1,
                  "Plan Rows": 735,
                  "Plan Width": 0,
                  "Actual Startup Time": 53.818,
                  "Actual Total Time": 79.136,
                  "Actual Rows": 1537,
                  "Actual Loops": 5,
                  "Filter": "((kind_id < 7) AND (production_year < 1901))",
                  "Rows Removed by Filter": 504125
                }
              ]
            }
          ]
        }
      ]
    },
    "Planning Time": 0.101,
    "Triggers": [],
    "Execution Time": 96.433
  }
]