{
    "Plan": {
        "Node Type": "Aggregate",
        "Strategy": "Plain",
        "Partial Mode": "Finalize",
        "Parallel Aware": false,
        "Startup Cost": 245925.99,
        "Total Cost": 245926.0,
        "Plan Rows": 1,
        "Plan Width": 8,
        "Actual Startup Time": 448.489,
        "Actual Total Time": 486.706,
        "Actual Rows": 1,
        "Actual Loops": 1,
        "Output": [
            "count(*)"
        ],
        "Plans": [
            {
                "Node Type": "Gather",
                "Parent Relationship": "Outer",
                "Parallel Aware": false,
                "Startup Cost": 245925.46,
                "Total Cost": 245925.97,
                "Plan Rows": 5,
                "Plan Width": 8,
                "Actual Startup Time": 444.797,
                "Actual Total Time": 486.697,
                "Actual Rows": 6,
                "Actual Loops": 1,
                "Output": [
                    "(PARTIAL count(*))"
                ],
                "Workers Planned": 5,
                "Workers Launched": 5,
                "Single Copy": false,
                "Plans": [
                    {
                        "Node Type": "Aggregate",
                        "Strategy": "Plain",
                        "Partial Mode": "Partial",
                        "Parent Relationship": "Outer",
                        "Parallel Aware": false,
                        "Startup Cost": 244925.46,
                        "Total Cost": 244925.47,
                        "Plan Rows": 1,
                        "Plan Width": 8,
                        "Actual Startup Time": 435.382,
                        "Actual Total Time": 435.386,
                        "Actual Rows": 1,
                        "Actual Loops": 6,
                        "Output": [
                            "PARTIAL count(*)"
                        ],
                        "Workers": [
                            {
                                "Worker Number": 0,
                                "Actual Startup Time": 435.901,
                                "Actual Total Time": 435.905,
                                "Actual Rows": 1,
                                "Actual Loops": 1
                            },
                            {
                                "Worker Number": 1,
                                "Actual Startup Time": 432.604,
                                "Actual Total Time": 432.606,
                                "Actual Rows": 1,
                                "Actual Loops": 1
                            },
                            {
                                "Worker Number": 2,
                                "Actual Startup Time": 432.804,
                                "Actual Total Time": 432.808,
                                "Actual Rows": 1,
                                "Actual Loops": 1
                            },
                            {
                                "Worker Number": 3,
                                "Actual Startup Time": 433.287,
                                "Actual Total Time": 433.289,
                                "Actual Rows": 1,
                                "Actual Loops": 1
                            },
                            {
                                "Worker Number": 4,
                                "Actual Startup Time": 433.711,
                                "Actual Total Time": 433.714,
                                "Actual Rows": 1,
                                "Actual Loops": 1
                            }
                        ],
                        "Plans": [
                            {
                                "Node Type": "Hash Join",
                                "Parent Relationship": "Outer",
                                "Parallel Aware": true,
                                "Join Type": "Inner",
                                "Startup Cost": 45120.48,
                                "Total Cost": 244806.85,
                                "Plan Rows": 47447,
                                "Plan Width": 0,
                                "Actual Startup Time": 358.882,
                                "Actual Total Time": 433.353,
                                "Actual Rows": 46105,
                                "Actual Loops": 6,
                                "Inner Unique": true,
                                "Hash Cond": "(mi.movie_id = t.id)",
                                "Workers": [
                                    {
                                        "Worker Number": 0,
                                        "Actual Startup Time": 359.08,
                                        "Actual Total Time": 433.907,
                                        "Actual Rows": 29511,
                                        "Actual Loops": 1
                                    },
                                    {
                                        "Worker Number": 1,
                                        "Actual Startup Time": 356.143,
                                        "Actual Total Time": 430.591,
                                        "Actual Rows": 49354,
                                        "Actual Loops": 1
                                    },
                                    {
                                        "Worker Number": 2,
                                        "Actual Startup Time": 356.299,
                                        "Actual Total Time": 431.032,
                                        "Actual Rows": 43084,
                                        "Actual Loops": 1
                                    },
                                    {
                                        "Worker Number": 3,
                                        "Actual Startup Time": 356.776,
                                        "Actual Total Time": 431.297,
                                        "Actual Rows": 48891,
                                        "Actual Loops": 1
                                    },
                                    {
                                        "Worker Number": 4,
                                        "Actual Startup Time": 357.517,
                                        "Actual Total Time": 431.676,
                                        "Actual Rows": 49573,
                                        "Actual Loops": 1
                                    }
                                ],
                                "Plans": [
                                    {
                                        "Node Type": "Seq Scan",
                                        "Parent Relationship": "Outer",
                                        "Parallel Aware": true,
                                        "Relation Name": "movie_info",
                                        "Schema": "public",
                                        "Alias": "mi",
                                        "Startup Cost": 0.0,
                                        "Total Cost": 198880.74,
                                        "Plan Rows": 306906,
                                        "Plan Width": 4,
                                        "Actual Startup Time": 254.49,
                                        "Actual Total Time": 287.651,
                                        "Actual Rows": 255652,
                                        "Actual Loops": 6,
                                        "Output": [
                                            "mi.id",
                                            "mi.movie_id",
                                            "mi.info_type_id",
                                            "mi.info",
                                            "mi.note"
                                        ],
                                        "Filter": "(mi.info_type_id = 3)",
                                        "Rows Removed by Filter": 2216968,
                                        "Workers": [
                                            {
                                                "Worker Number": 0,
                                                "Actual Startup Time": 254.481,
                                                "Actual Total Time": 288.957,
                                                "Actual Rows": 165501,
                                                "Actual Loops": 1
                                            },
                                            {
                                                "Worker Number": 1,
                                                "Actual Startup Time": 254.482,
                                                "Actual Total Time": 288.155,
                                                "Actual Rows": 271492,
                                                "Actual Loops": 1
                                            },
                                            {
                                                "Worker Number": 2,
                                                "Actual Startup Time": 254.5,
                                                "Actual Total Time": 287.074,
                                                "Actual Rows": 243121,
                                                "Actual Loops": 1
                                            },
                                            {
                                                "Worker Number": 3,
                                                "Actual Startup Time": 254.498,
                                                "Actual Total Time": 288.087,
                                                "Actual Rows": 271245,
                                                "Actual Loops": 1
                                            },
                                            {
                                                "Worker Number": 4,
                                                "Actual Startup Time": 254.502,
                                                "Actual Total Time": 288.16,
                                                "Actual Rows": 272587,
                                                "Actual Loops": 1
                                            }
                                        ]
                                    },
                                    {
                                        "Node Type": "Hash",
                                        "Parent Relationship": "Inner",
                                        "Parallel Aware": true,
                                        "Startup Cost": 43899.01,
                                        "Total Cost": 43899.01,
                                        "Plan Rows": 97718,
                                        "Plan Width": 4,
                                        "Actual Startup Time": 101.726,
                                        "Actual Total Time": 101.727,
                                        "Actual Rows": 65278,
                                        "Actual Loops": 6,
                                        "Output": [
                                            "t.id"
                                        ],
                                        "Hash Buckets": 524288,
                                        "Original Hash Buckets": 524288,
                                        "Hash Batches": 1,
                                        "Original Hash Batches": 1,
                                        "Peak Memory Usage": 19488,
                                        "Workers": [
                                            {
                                                "Worker Number": 0,
                                                "Actual Startup Time": 104.012,
                                                "Actual Total Time": 104.014,
                                                "Actual Rows": 45905,
                                                "Actual Loops": 1
                                            },
                                            {
                                                "Worker Number": 1,
                                                "Actual Startup Time": 100.885,
                                                "Actual Total Time": 100.885,
                                                "Actual Rows": 65430,
                                                "Actual Loops": 1
                                            },
                                            {
                                                "Worker Number": 2,
                                                "Actual Startup Time": 101.163,
                                                "Actual Total Time": 101.164,
                                                "Actual Rows": 59345,
                                                "Actual Loops": 1
                                            },
                                            {
                                                "Worker Number": 3,
                                                "Actual Startup Time": 101.494,
                                                "Actual Total Time": 101.495,
                                                "Actual Rows": 62139,
                                                "Actual Loops": 1
                                            },
                                            {
                                                "Worker Number": 4,
                                                "Actual Startup Time": 101.941,
                                                "Actual Total Time": 101.942,
                                                "Actual Rows": 62858,
                                                "Actual Loops": 1
                                            }
                                        ],
                                        "Plans": [
                                            {
                                                "Node Type": "Seq Scan",
                                                "Parent Relationship": "Outer",
                                                "Parallel Aware": true,
                                                "Relation Name": "title",
                                                "Schema": "public",
                                                "Alias": "t",
                                                "Startup Cost": 0.0,
                                                "Total Cost": 43899.01,
                                                "Plan Rows": 97718,
                                                "Plan Width": 4,
                                                "Actual Startup Time": 0.06,
                                                "Actual Total Time": 74.365,
                                                "Actual Rows": 65278,
                                                "Actual Loops": 6,
                                                "Output": [
                                                    "t.id"
                                                ],
                                                "Filter": "(t.production_year > 2010)",
                                                "Rows Removed by Filter": 356108,
                                                "Workers": [
                                                    {
                                                        "Worker Number": 0,
                                                        "Actual Startup Time": 0.049,
                                                        "Actual Total Time": 77.112,
                                                        "Actual Rows": 45905,
                                                        "Actual Loops": 1
                                                    },
                                                    {
                                                        "Worker Number": 1,
                                                        "Actual Startup Time": 0.071,
                                                        "Actual Total Time": 75.847,
                                                        "Actual Rows": 65430,
                                                        "Actual Loops": 1
                                                    },
                                                    {
                                                        "Worker Number": 2,
                                                        "Actual Startup Time": 0.073,
                                                        "Actual Total Time": 74.728,
                                                        "Actual Rows": 59345,
                                                        "Actual Loops": 1
                                                    },
                                                    {
                                                        "Worker Number": 3,
                                                        "Actual Startup Time": 0.064,
                                                        "Actual Total Time": 74.516,
                                                        "Actual Rows": 62139,
                                                        "Actual Loops": 1
                                                    },
                                                    {
                                                        "Worker Number": 4,
                                                        "Actual Startup Time": 0.082,
                                                        "Actual Total Time": 74.627,
                                                        "Actual Rows": 62858,
                                                        "Actual Loops": 1
                                                    }
                                                ]
                                            }
                                        ]
                                    }
                                ]
                            }
                        ]
                    }
                ]
            }
        ]
    },
    "Planning Time": 0.74,
    "Triggers": [],
    "Execution Time": 486.787
}