[
  {
    "Plan": {
      "Node Type": "Aggregate",
      "Strategy": "Plain",
      "Partial Mode": "Finalize",
      "Parallel Aware": false,
      "Startup Cost": 94095.2,
      "Total Cost": 94095.21,
      "Plan Rows": 1,
      "Plan Width": 8,
      "Actual Startup Time": 601.466,
      "Actual Total Time": 623.225,
      "Actual Rows": 1,
      "Actual Loops": 1,
      "Plans": [
        {
          "Node Type": "Gather",
          "Parent Relationship": "Outer",
          "Parallel Aware": false,
          "Startup Cost": 94094.98,
          "Total Cost": 94095.19,
          "Plan Rows": 2,
          "Plan Width": 8,
          "Actual Startup Time": 597.753,
          "Actual Total Time": 623.218,
          "Actual Rows": 3,
          "Actual Loops": 1,
          "Workers Planned": 2,
          "Workers Launched": 2,
          "Single Copy": false,
          "Plans": [
            {
              "Node Type": "Aggregate",
              "Strategy": "Plain",
              "Partial Mode": "Partial",
              "Parent Relationship": "Outer",
              "Parallel Aware": false,
              "Startup Cost": 93094.98,
              "Total Cost": 93094.99,
              "Plan Rows": 1,
              "Plan Width": 8,
              "Actual Startup Time": 593.214,
              "Actual Total Time": 593.221,
              "Actual Rows": 1,
              "Actual Loops": 3,
              "Plans": [
                {
                  "Node Type": "Hash Join",
                  "Parent Relationship": "Outer",
                  "Parallel Aware": true,
                  "Join Type": "Inner",
                  "Startup Cost": 76914.51,
                  "Total Cost": 92946.96,
                  "Plan Rows": 59210,
                  "Plan Width": 0,
                  "Actual Startup Time": 457.982,
                  "Actual Total Time": 583.606,
                  "Actual Rows": 170883,
                  "Actual Loops": 3,
                  "Inner Unique": false,
                  "Hash Cond": "(mi_idx.movie_id = t.id)",
                  "Plans": [
                    {
                      "Node Type": "Seq Scan",
                      "Parent Relationship": "Outer",
                      "Parallel Aware": true,
                      "Relation Name": "movie_info_idx",
                      "Alias": "mi_idx",
                      "Startup Cost": 0.0,
                      "Total Cost": 13685.15,
                      "Plan Rows": 575015,
                      "Plan Width": 4,
                      "Actual Startup Time": 0.018,
                      "Actual Total Time": 43.065,
                      "Actual Rows": 460012,
                      "Actual Loops": 3
                    },
                    {
                      "Node Type": "Hash",
                      "Parent Relationship": "Inner",
                      "Parallel Aware": true,
                      "Startup Cost": 75864.68,
                      "Total Cost": 75864.68,
                      "Plan Rows": 83986,
                      "Plan Width": 8,
                      "Actual Startup Time": 456.231,
                      "Actual Total Time": 456.235,
                      "Actual Rows": 161790,
                      "Actual Loops": 3,
                      "Hash Buckets": 524288,
                      "Original Hash Buckets": 262144,
                      "Hash Batches": 1,
                      "Original Hash Batches": 1,
                      "Peak Memory Usage": 25152,
                      "Plans": [
                        {
                          "Node Type": "Hash Join",
                          "Parent Relationship": "Outer",
                          "Parallel Aware": true,
                          "Join Type": "Inner",
                          "Startup Cost": 45085.65,
                          "Total Cost": 75864.68,
                          "Plan Rows": 83986,
                          "Plan Width": 8,
                          "Actual Startup Time": 168.209,
                          "Actual Total Time": 404.9,
                          "Actual Rows": 161790,
                          "Actual Loops": 3,
                          "Inner Unique": true,
                          "Hash Cond": "(mc.movie_id = t.id)",
                          "Plans": [
                            {
                              "Node Type": "Seq Scan",
                              "Parent Relationship": "Outer",
                              "Parallel Aware": true,
                              "Relation Name": "movie_companies",
                              "Alias": "mc",
                              "Startup Cost": 0.0,
                              "Total Cost": 29310.68,
                              "Plan Rows": 559373,
                              "Plan Width": 4,
                              "Actual Startup Time": 1.151,
                              "Actual Total Time": 109.173,
                              "Actual Rows": 578167,
                              "Actual Loops": 3,
                              "Filter": "(company_id > 2561)",
                              "Rows Removed by Filter": 291542
                            },
                            {
                              "Node Type": "Hash",
                              "Parent Relationship": "Inner",
                              "Parallel Aware": true,
                              "Startup Cost": 43899.32,
                              "Total Cost": 43899.32,
                              "Plan Rows": 94906,
                              "Plan Width": 4,
                              "Actual Startup Time": 165.345,
                              "Actual Total Time": 165.347,
                              "Actual Rows": 131957,
                              "Actual Loops": 3,
                              "Hash Buckets": 524288,
                              "Original Hash Buckets": 524288,
                              "Hash Batches": 1,
                              "Original Hash Batches": 1,
                              "Peak Memory Usage": 19616,
                              "Plans": [
                                {
                                  "Node Type": "Seq Scan",
                                  "Parent Relationship": "Outer",
                                  "Parallel Aware": true,
                                  "Relation Name": "title",
                                  "Alias": "t",
                                  "Startup Cost": 0.0,
                                  "Total Cost": 43899.32,
                                  "Plan Rows": 94906,
                                  "Plan Width": 4,
                                  "Actual Startup Time": 0.016,
                                  "Actual Total Time": 124.969,
                                  "Actual Rows": 131957,
                                  "Actual Loops": 3,
                                  "Filter": "(production_year < 1972)",
                                  "Rows Removed by Filter": 710813
                                }
                              ]
                            }
                          ]
                        }
                      ]
                    }
                  ]
                }
              ]
            }
          ]
        }
      ]
    },
    "Planning Time": 0.587,
    "Triggers": [],
    "Execution Time": 623.278
  }
]