[
  {
    "Plan": {
      "Node Type": "Aggregate",
      "Strategy": "Plain",
      "Partial Mode": "Finalize",
      "Parallel Aware": false,
      "Startup Cost": 621232.94,
      "Total Cost": 621232.95,
      "Plan Rows": 1,
      "Plan Width": 8,
      "Actual Startup Time": 8743.674,
      "Actual Total Time": 8820.256,
      "Actual Rows": 1,
      "Actual Loops": 1,
      "Plans": [
        {
          "Node Type": "Gather",
          "Parent Relationship": "Outer",
          "Parallel Aware": false,
          "Startup Cost": 621232.31,
          "Total Cost": 621232.92,
          "Plan Rows": 6,
          "Plan Width": 8,
          "Actual Startup Time": 8694.138,
          "Actual Total Time": 8820.242,
          "Actual Rows": 7,
          "Actual Loops": 1,
          "Workers Planned": 6,
          "Workers Launched": 6,
          "Single Copy": false,
          "Plans": [
            {
              "Node Type": "Aggregate",
              "Strategy": "Plain",
              "Partial Mode": "Partial",
              "Parent Relationship": "Outer",
              "Parallel Aware": false,
              "Startup Cost": 620232.31,
              "Total Cost": 620232.32,
              "Plan Rows": 1,
              "Plan Width": 8,
              "Actual Startup Time": 8673.145,
              "Actual Total Time": 8673.475,
              "Actual Rows": 1,
              "Actual Loops": 7,
              "Plans": [
                {
                  "Node Type": "Hash Join",
                  "Parent Relationship": "Outer",
                  "Parallel Aware": true,
                  "Join Type": "Inner",
                  "Startup Cost": 253547.09,
                  "Total Cost": 603023.6,
                  "Plan Rows": 6883486,
                  "Plan Width": 0,
                  "Actual Startup Time": 1186.253,
                  "Actual Total Time": 7296.715,
                  "Actual Rows": 34418220,
                  "Actual Loops": 7,
                  "Inner Unique": false,
                  "Hash Cond": "(ci.movie_id = t.id)",
                  "Plans": [
                    {
                      "Node Type": "Seq Scan",
                      "Parent Relationship": "Outer",
                      "Parallel Aware": true,
                      "Relation Name": "cast_info",
                      "Alias": "ci",
                      "Startup Cost": 0.0,
                      "Total Cost": 313067.02,
                      "Plan Rows": 6038002,
                      "Plan Width": 4,
                      "Actual Startup Time": 0.019,
                      "Actual Total Time": 518.398,
                      "Actual Rows": 5177763,
                      "Actual Loops": 7
                    },
                    {
                      "Node Type": "Hash",
                      "Parent Relationship": "Inner",
                      "Parallel Aware": true,
                      "Startup Cost": 246341.28,
                      "Total Cost": 246341.28,
                      "Plan Rows": 576465,
                      "Plan Width": 8,
                      "Actual Startup Time": 1179.553,
                      "Actual Total Time": 1179.881,
                      "Actual Rows": 687931,
                      "Actual Loops": 7,
                      "Hash Buckets": 8388608,
                      "Original Hash Buckets": 4194304,
                      "Hash Batches": 1,
                      "Original Hash Batches": 1,
                      "Peak Memory Usage": 286752,
                      "Plans": [
                        {
                          "Node Type": "Hash Join",
                          "Parent Relationship": "Outer",
                          "Parallel Aware": true,
                          "Join Type": "Inner",
                          "Startup Cost": 47019.51,
                          "Total Cost": 246341.28,
                          "Plan Rows": 576465,
                          "Plan Width": 8,
                          "Actual Startup Time": 113.547,
                          "Actual Total Time": 779.618,
                          "Actual Rows": 687931,
                          "Actual Loops": 7,
                          "Inner Unique": true,
                          "Hash Cond": "(mi.movie_id = t.id)",
                          "Plans": [
                            {
                              "Node Type": "Seq Scan",
                              "Parent Relationship": "Outer",
                              "Parallel Aware": true,
                              "Relation Name": "movie_info",
                              "Alias": "mi",
                              "Startup Cost": 0.0,
                              "Total Cost": 191560.33,
                              "Plan Rows": 2956733,
                              "Plan Width": 4,
                              "Actual Startup Time": 0.025,
                              "Actual Total Time": 278.485,
                              "Actual Rows": 2119389,
                              "Actual Loops": 7
                            },
                            {
                              "Node Type": "Hash",
                              "Parent Relationship": "Inner",
                              "Parallel Aware": true,
                              "Startup Cost": 45479.1,
                              "Total Cost": 45479.1,
                              "Plan Rows": 123233,
                              "Plan Width": 4,
                              "Actual Startup Time": 102.43,
                              "Actual Total Time": 102.431,
                              "Actual Rows": 52095,
                              "Actual Loops": 7,
                              "Hash Buckets": 524288,
                              "Original Hash Buckets": 524288,
                              "Hash Batches": 1,
                              "Original Hash Batches": 1,
                              "Peak Memory Usage": 18528,
                              "Plans": [
                                {
                                  "Node Type": "Seq Scan",
                                  "Parent Relationship": "Outer",
                                  "Parallel Aware": true,
                                  "Relation Name": "title",
                                  "Alias": "t",
                                  "Startup Cost": 0.0,
                                  "Total Cost": 45479.1,
                                  "Plan Rows": 123233,
                                  "Plan Width": 4,
                                  "Actual Startup Time": 44.731,
                                  "Actual Total Time": 80.461,
                                  "Actual Rows": 52095,
                                  "Actual Loops": 7,
                                  "Filter": "((production_year > 1984) AND (kind_id = 1))",
                                  "Rows Removed by Filter": 309093
                                }
                              ]
                            }
                          ]
                        }
                      ]
                    }
                  ]
                }
              ]
            }
          ]
        }
      ]
    },
    "Planning Time": 1.374,
    "Triggers": [],
    "Execution Time": 8820.364
  }
]