[
  {
    "Plan": {
      "Node Type": "Aggregate",
      "Strategy": "Plain",
      "Partial Mode": "Finalize",
      "Parallel Aware": false,
      "Startup Cost": 32491.59,
      "Total Cost": 32491.6,
      "Plan Rows": 1,
      "Plan Width": 8,
      "Actual Startup Time": 27.967,
      "Actual Total Time": 31.93,
      "Actual Rows": 1,
      "Actual Loops": 1,
      "Plans": [
        {
          "Node Type": "Gather",
          "Parent Relationship": "Outer",
          "Parallel Aware": false,
          "Startup Cost": 32491.38,
          "Total Cost": 32491.59,
          "Plan Rows": 2,
          "Plan Width": 8,
          "Actual Startup Time": 27.767,
          "Actual Total Time": 31.921,
          "Actual Rows": 3,
          "Actual Loops": 1,
          "Workers Planned": 2,
          "Workers Launched": 2,
          "Single Copy": false,
          "Plans": [
            {
              "Node Type": "Aggregate",
              "Strategy": "Plain",
              "Partial Mode": "Partial",
              "Parent Relationship": "Outer",
              "Parallel Aware": false,
              "Startup Cost": 31491.38,
              "Total Cost": 31491.39,
              "Plan Rows": 1,
              "Plan Width": 8,
              "Actual Startup Time": 19.684,
              "Actual Total Time": 19.686,
              "Actual Rows": 1,
              "Actual Loops": 3,
              "Plans": [
                {
                  "Node Type": "Nested Loop",
                  "Parent Relationship": "Outer",
                  "Parallel Aware": false,
                  "Join Type": "Inner",
                  "Startup Cost": 126.58,
                  "Total Cost": 31489.55,
                  "Plan Rows": 733,
                  "Plan Width": 0,
                  "Actual Startup Time": 1.452,
                  "Actual Total Time": 19.369,
                  "Actual Rows": 1396,
                  "Actual Loops": 3,
                  "Inner Unique": true,
                  "Plans": [
                    {
                      "Node Type": "Bitmap Heap Scan",
                      "Parent Relationship": "Outer",
                      "Parallel Aware": true,
                      "Relation Name": "movie_keyword",
                      "Alias": "mk",
                      "Startup Cost": 126.15,
                      "Total Cost": 13887.89,
                      "Plan Rows": 2458,
                      "Plan Width": 4,
                      "Actual Startup Time": 1.271,
                      "Actual Total Time": 5.825,
                      "Actual Rows": 1629,
                      "Actual Loops": 3,
                      "Recheck Cond": "(keyword_id > 129606)",
                      "Rows Removed by Index Recheck": 0,
                      "Exact Heap Blocks": 1236,
                      "Lossy Heap Blocks": 0,
                      "Plans": [
                        {
                          "Node Type": "Bitmap Index Scan",
                          "Parent Relationship": "Outer",
                          "Parallel Aware": false,
                          "Index Name": "keyword_id_movie_keyword",
                          "Startup Cost": 0.0,
                          "Total Cost": 124.68,
                          "Plan Rows": 5899,
                          "Plan Width": 0,
                          "Actual Startup Time": 2.753,
                          "Actual Total Time": 2.754,
                          "Actual Rows": 4887,
                          "Actual Loops": 1,
                          "Index Cond": "(keyword_id > 129606)"
                        }
                      ]
                    },
                    {
                      "Node Type": "Index Scan",
                      "Parent Relationship": "Inner",
                      "Parallel Aware": false,
                      "Scan Direction": "Forward",
                      "Index Name": "title_pkey",
                      "Relation Name": "title",
                      "Alias": "t",
                      "Startup Cost": 0.43,
                      "Total Cost": 7.16,
                      "Plan Rows": 1,
                      "Plan Width": 4,
                      "Actual Startup Time": 0.007,
                      "Actual Total Time": 0.007,
                      "Actual Rows": 1,
                      "Actual Loops": 4887,
                      "Index Cond": "(id = mk.movie_id)",
                      "Rows Removed by Index Recheck": 0,
                      "Filter": "(kind_id < 3)",
                      "Rows Removed by Filter": 0
                    }
                  ]
                }
              ]
            }
          ]
        }
      ]
    },
    "Planning Time": 0.676,
    "Triggers": [],
    "Execution Time": 32.028
  }
]