{
  "Plan": {
    "Node Type": "Aggregate",
    "Strategy": "Plain",
    "Partial Mode": "Finalize",
    "Parallel Aware": false,
    "Startup Cost": 137557.8,
    "Total Cost": 137557.81,
    "Plan Rows": 1,
    "Plan Width": 8,
    "Actual Startup Time": 1237.643,
    "Actual Total Time": 1265.886,
    "Actual Rows": 1,
    "Actual Loops": 1,
    "Plans": [
      {
        "Node Type": "Gather",
        "Parent Relationship": "Outer",
        "Parallel Aware": false,
        "Startup Cost": 137557.69,
        "Total Cost": 137557.8,
        "Plan Rows": 1,
        "Plan Width": 8,
        "Actual Startup Time": 1227.684,
        "Actual Total Time": 1265.876,
        "Actual Rows": 2,
        "Actual Loops": 1,
        "Workers Planned": 1,
        "Workers Launched": 1,
        "Single Copy": false,
        "Plans": [
          {
            "Node Type": "Aggregate",
            "Strategy": "Plain",
            "Partial Mode": "Partial",
            "Parent Relationship": "Outer",
            "Parallel Aware": false,
            "Startup Cost": 136557.69,
            "Total Cost": 136557.7,
            "Plan Rows": 1,
            "Plan Width": 8,
            "Actual Startup Time": 1222.356,
            "Actual Total Time": 1222.363,
            "Actual Rows": 1,
            "Actual Loops": 2,
            "Plans": [
              {
                "Node Type": "Hash Join",
                "Parent Relationship": "Outer",
                "Parallel Aware": true,
                "Join Type": "Inner",
                "Startup Cost": 111574.44,
                "Total Cost": 136042.98,
                "Plan Rows": 205885,
                "Plan Width": 0,
                "Actual Startup Time": 803.197,
                "Actual Total Time": 1200.241,
                "Actual Rows": 451772,
                "Actual Loops": 2,
                "Inner Unique": false,
                "Hash Cond": "(t.id = mc.movie_id)",
                "Plans": [
                  {
                    "Node Type": "Hash Join",
                    "Parent Relationship": "Outer",
                    "Parallel Aware": true,
                    "Join Type": "Inner",
                    "Startup Cost": 69460.7,
                    "Total Cost": 87644.49,
                    "Plan Rows": 811785,
                    "Plan Width": 8,
                    "Actual Startup Time": 598.741,
                    "Actual Total Time": 848.901,
                    "Actual Rows": 690018,
                    "Actual Loops": 2,
                    "Inner Unique": true,
                    "Hash Cond": "(mi_idx.movie_id = t.id)",
                    "Plans": [
                      {
                        "Node Type": "Seq Scan",
                        "Parent Relationship": "Outer",
                        "Parallel Aware": true,
                        "Relation Name": "movie_info_idx",
                        "Alias": "mi_idx",
                        "Startup Cost": 0.0,
                        "Total Cost": 16052.85,
                        "Plan Rows": 811785,
                        "Plan Width": 4,
                        "Actual Startup Time": 0.022,
                        "Actual Total Time": 59.525,
                        "Actual Rows": 690018,
                        "Actual Loops": 2
                      },
                      {
                        "Node Type": "Hash",
                        "Parent Relationship": "Inner",
                        "Parallel Aware": true,
                        "Startup Cost": 50870.31,
                        "Total Cost": 50870.31,
                        "Plan Rows": 1487231,
                        "Plan Width": 4,
                        "Actual Startup Time": 581.423,
                        "Actual Total Time": 581.423,
                        "Actual Rows": 1264156,
                        "Actual Loops": 2,
                        "Hash Buckets": 4194304,
                        "Original Hash Buckets": 4194304,
                        "Hash Batches": 1,
                        "Original Hash Batches": 1,
                        "Peak Memory Usage": 131712,
                        "Plans": [
                          {
                            "Node Type": "Seq Scan",
                            "Parent Relationship": "Outer",
                            "Parallel Aware": true,
                            "Relation Name": "title",
                            "Alias": "t",
                            "Startup Cost": 0.0,
                            "Total Cost": 50870.31,
                            "Plan Rows": 1487231,
                            "Plan Width": 4,
                            "Actual Startup Time": 0.023,
                            "Actual Total Time": 176.403,
                            "Actual Rows": 1264156,
                            "Actual Loops": 2
                          }
                        ]
                      }
                    ]
                  },
                  {
                    "Node Type": "Hash",
                    "Parent Relationship": "Inner",
                    "Parallel Aware": true,
                    "Startup Cost": 37398.84,
                    "Total Cost": 37398.84,
                    "Plan Rows": 377192,
                    "Plan Width": 4,
                    "Actual Startup Time": 194.979,
                    "Actual Total Time": 194.98,
                    "Actual Rows": 327055,
                    "Actual Loops": 2,
                    "Hash Buckets": 1048576,
                    "Original Hash Buckets": 1048576,
                    "Hash Batches": 1,
                    "Original Hash Batches": 1,
                    "Peak Memory Usage": 33824,
                    "Plans": [
                      {
                        "Node Type": "Bitmap Heap Scan",
                        "Parent Relationship": "Outer",
                        "Parallel Aware": true,
                        "Relation Name": "movie_companies",
                        "Alias": "mc",
                        "Startup Cost": 13893.94,
                        "Total Cost": 37398.84,
                        "Plan Rows": 377192,
                        "Plan Width": 4,
                        "Actual Startup Time": 48.857,
                        "Actual Total Time": 115.03,
                        "Actual Rows": 327055,
                        "Actual Loops": 2,
                        "Recheck Cond": "(company_id > 53849)",
                        "Rows Removed by Index Recheck": 0,
                        "Exact Heap Blocks": 8057,
                        "Lossy Heap Blocks": 0,
                        "Plans": [
                          {
                            "Node Type": "Bitmap Index Scan",
                            "Parent Relationship": "Outer",
                            "Parallel Aware": false,
                            "Index Name": "company_id_movie_companies",
                            "Startup Cost": 0.0,
                            "Total Cost": 13733.63,
                            "Plan Rows": 641227,
                            "Plan Width": 0,
                            "Actual Startup Time": 47.265,
                            "Actual Total Time": 47.265,
                            "Actual Rows": 654110,
                            "Actual Loops": 1,
                            "Index Cond": "(company_id > 53849)"
                          }
                        ]
                      }
                    ]
                  }
                ]
              }
            ]
          }
        ]
      }
    ]
  },
  "Planning Time": 0.819,
  "Triggers": [],
  "Execution Time": 1265.984
}