[
  {
    "Plan": {
      "Node Type": "Aggregate",
      "Strategy": "Plain",
      "Partial Mode": "Finalize",
      "Parallel Aware": false,
      "Startup Cost": 385295.42,
      "Total Cost": 385295.43,
      "Plan Rows": 1,
      "Plan Width": 8,
      "Actual Startup Time": 1680.493,
      "Actual Total Time": 1755.06,
      "Actual Rows": 1,
      "Actual Loops": 1,
      "Plans": [
        {
          "Node Type": "Gather",
          "Parent Relationship": "Outer",
          "Parallel Aware": false,
          "Startup Cost": 385295.0,
          "Total Cost": 385295.41,
          "Plan Rows": 4,
          "Plan Width": 8,
          "Actual Startup Time": 1494.881,
          "Actual Total Time": 1755.033,
          "Actual Rows": 5,
          "Actual Loops": 1,
          "Workers Planned": 4,
          "Workers Launched": 4,
          "Single Copy": false,
          "Plans": [
            {
              "Node Type": "Aggregate",
              "Strategy": "Plain",
              "Partial Mode": "Partial",
              "Parent Relationship": "Outer",
              "Parallel Aware": false,
              "Startup Cost": 384295.0,
              "Total Cost": 384295.01,
              "Plan Rows": 1,
              "Plan Width": 8,
              "Actual Startup Time": 1561.938,
              "Actual Total Time": 1561.942,
              "Actual Rows": 1,
              "Actual Loops": 5,
              "Plans": [
                {
                  "Node Type": "Nested Loop",
                  "Parent Relationship": "Outer",
                  "Parallel Aware": false,
                  "Join Type": "Inner",
                  "Startup Cost": 13.13,
                  "Total Cost": 381840.01,
                  "Plan Rows": 981995,
                  "Plan Width": 0,
                  "Actual Startup Time": 4.627,
                  "Actual Total Time": 1508.753,
                  "Actual Rows": 1097018,
                  "Actual Loops": 5,
                  "Inner Unique": false,
                  "Join Filter": "(t.id = ci.movie_id)",
                  "Rows Removed by Join Filter": 0,
                  "Plans": [
                    {
                      "Node Type": "Merge Join",
                      "Parent Relationship": "Outer",
                      "Parallel Aware": false,
                      "Join Type": "Inner",
                      "Startup Cost": 12.57,
                      "Total Cost": 152746.49,
                      "Plan Rows": 84087,
                      "Plan Width": 8,
                      "Actual Startup Time": 4.441,
                      "Actual Total Time": 562.69,
                      "Actual Rows": 31127,
                      "Actual Loops": 5,
                      "Inner Unique": false,
                      "Merge Cond": "(t.id = mi_idx.movie_id)",
                      "Plans": [
                        {
                          "Node Type": "Index Scan",
                          "Parent Relationship": "Outer",
                          "Parallel Aware": true,
                          "Scan Direction": "Forward",
                          "Index Name": "title_pkey",
                          "Relation Name": "title",
                          "Alias": "t",
                          "Startup Cost": 0.43,
                          "Total Cost": 94549.76,
                          "Plan Rows": 154060,
                          "Plan Width": 4,
                          "Actual Startup Time": 0.088,
                          "Actual Total Time": 349.113,
                          "Actual Rows": 135384,
                          "Actual Loops": 5,
                          "Filter": "((production_year > 2005) AND (kind_id = 7))",
                          "Rows Removed by Filter": 370188
                        },
                        {
                          "Node Type": "Index Only Scan",
                          "Parent Relationship": "Inner",
                          "Parallel Aware": false,
                          "Scan Direction": "Forward",
                          "Index Name": "movie_id_movie_info_idx",
                          "Relation Name": "movie_info_idx",
                          "Alias": "mi_idx",
                          "Startup Cost": 0.43,
                          "Total Cost": 53621.69,
                          "Plan Rows": 1380035,
                          "Plan Width": 4,
                          "Actual Startup Time": 0.118,
                          "Actual Total Time": 161.675,
                          "Actual Rows": 874929,
                          "Actual Loops": 5,
                          "Heap Fetches": 4374646
                        }
                      ]
                    },
                    {
                      "Node Type": "Index Scan",
                      "Parent Relationship": "Inner",
                      "Parallel Aware": false,
                      "Scan Direction": "Forward",
                      "Index Name": "movie_id_cast_info",
                      "Relation Name": "cast_info",
                      "Alias": "ci",
                      "Startup Cost": 0.56,
                      "Total Cost": 2.37,
                      "Plan Rows": 28,
                      "Plan Width": 4,
                      "Actual Startup Time": 0.006,
                      "Actual Total Time": 0.027,
                      "Actual Rows": 35,
                      "Actual Loops": 155637,
                      "Index Cond": "(movie_id = mi_idx.movie_id)",
                      "Rows Removed by Index Recheck": 0,
                      "Filter": "(person_id > 660924)",
                      "Rows Removed by Filter": 7
                    }
                  ]
                }
              ]
            }
          ]
        }
      ]
    },
    "Planning Time": 1.076,
    "Triggers": [],
    "Execution Time": 1755.163
  }
]