[
  {
    "Plan": {
      "Node Type": "Aggregate",
      "Strategy": "Plain",
      "Partial Mode": "Finalize",
      "Parallel Aware": false,
      "Startup Cost": 355981.02,
      "Total Cost": 355981.03,
      "Plan Rows": 1,
      "Plan Width": 8,
      "Actual Startup Time": 821.356,
      "Actual Total Time": 852.779,
      "Actual Rows": 1,
      "Actual Loops": 1,
      "Plans": [
        {
          "Node Type": "Gather",
          "Parent Relationship": "Outer",
          "Parallel Aware": false,
          "Startup Cost": 355980.7,
          "Total Cost": 355981.01,
          "Plan Rows": 3,
          "Plan Width": 8,
          "Actual Startup Time": 797.137,
          "Actual Total Time": 852.76,
          "Actual Rows": 4,
          "Actual Loops": 1,
          "Workers Planned": 3,
          "Workers Launched": 3,
          "Single Copy": false,
          "Plans": [
            {
              "Node Type": "Aggregate",
              "Strategy": "Plain",
              "Partial Mode": "Partial",
              "Parent Relationship": "Outer",
              "Parallel Aware": false,
              "Startup Cost": 354980.7,
              "Total Cost": 354980.71,
              "Plan Rows": 1,
              "Plan Width": 8,
              "Actual Startup Time": 789.097,
              "Actual Total Time": 789.288,
              "Actual Rows": 1,
              "Actual Loops": 4,
              "Plans": [
                {
                  "Node Type": "Hash Join",
                  "Parent Relationship": "Outer",
                  "Parallel Aware": true,
                  "Join Type": "Inner",
                  "Startup Cost": 323600.92,
                  "Total Cost": 354665.15,
                  "Plan Rows": 126221,
                  "Plan Width": 0,
                  "Actual Startup Time": 632.54,
                  "Actual Total Time": 779.018,
                  "Actual Rows": 255104,
                  "Actual Loops": 4,
                  "Inner Unique": false,
                  "Hash Cond": "(mc.movie_id = t.id)",
                  "Plans": [
                    {
                      "Node Type": "Seq Scan",
                      "Parent Relationship": "Outer",
                      "Parallel Aware": true,
                      "Relation Name": "movie_companies",
                      "Alias": "mc",
                      "Startup Cost": 0.0,
                      "Total Cost": 29310.68,
                      "Plan Rows": 411513,
                      "Plan Width": 4,
                      "Actual Startup Time": 0.022,
                      "Actual Total Time": 64.151,
                      "Actual Rows": 318562,
                      "Actual Loops": 4,
                      "Filter": "(company_type_id < 2)",
                      "Rows Removed by Filter": 333721
                    },
                    {
                      "Node Type": "Hash",
                      "Parent Relationship": "Inner",
                      "Parallel Aware": true,
                      "Startup Cost": 321985.24,
                      "Total Cost": 321985.24,
                      "Plan Rows": 129254,
                      "Plan Width": 8,
                      "Actual Startup Time": 627.557,
                      "Actual Total Time": 627.745,
                      "Actual Rows": 200254,
                      "Actual Loops": 4,
                      "Hash Buckets": 1048576,
                      "Original Hash Buckets": 1048576,
                      "Hash Batches": 1,
                      "Original Hash Batches": 1,
                      "Peak Memory Usage": 39552,
                      "Plans": [
                        {
                          "Node Type": "Hash Join",
                          "Parent Relationship": "Outer",
                          "Parallel Aware": true,
                          "Join Type": "Inner",
                          "Startup Cost": 67343.27,
                          "Total Cost": 321985.24,
                          "Plan Rows": 129254,
                          "Plan Width": 8,
                          "Actual Startup Time": 396.815,
                          "Actual Total Time": 544.951,
                          "Actual Rows": 200254,
                          "Actual Loops": 4,
                          "Inner Unique": true,
                          "Hash Cond": "(ci.movie_id = t.id)",
                          "Plans": [
                            {
                              "Node Type": "Bitmap Heap Scan",
                              "Parent Relationship": "Outer",
                              "Parallel Aware": true,
                              "Relation Name": "cast_info",
                              "Alias": "ci",
                              "Startup Cost": 17122.89,
                              "Total Cost": 271425.57,
                              "Plan Rows": 129254,
                              "Plan Width": 4,
                              "Actual Startup Time": 28.942,
                              "Actual Total Time": 63.801,
                              "Actual Rows": 200254,
                              "Actual Loops": 4,
                              "Recheck Cond": "(person_id < 84135)",
                              "Rows Removed by Index Recheck": 0,
                              "Exact Heap Blocks": 2168,
                              "Lossy Heap Blocks": 0,
                              "Plans": [
                                {
                                  "Node Type": "Bitmap Index Scan",
                                  "Parent Relationship": "Outer",
                                  "Parallel Aware": false,
                                  "Index Name": "person_id_cast_info",
                                  "Startup Cost": 0.0,
                                  "Total Cost": 16929.01,
                                  "Plan Rows": 775526,
                                  "Plan Width": 0,
                                  "Actual Startup Time": 27.722,
                                  "Actual Total Time": 27.723,
                                  "Actual Rows": 801017,
                                  "Actual Loops": 1,
                                  "Index Cond": "(person_id < 84135)"
                                }
                              ]
                            },
                            {
                              "Node Type": "Hash",
                              "Parent Relationship": "Inner",
                              "Parallel Aware": true,
                              "Startup Cost": 42319.06,
                              "Total Cost": 42319.06,
                              "Plan Rows": 632106,
                              "Plan Width": 4,
                              "Actual Startup Time": 359.173,
                              "Actual Total Time": 359.174,
                              "Actual Rows": 632078,
                              "Actual Loops": 4,
                              "Hash Buckets": 4194304,
                              "Original Hash Buckets": 4194304,
                              "Hash Batches": 1,
                              "Original Hash Batches": 1,
                              "Peak Memory Usage": 131712,
                              "Plans": [
                                {
                                  "Node Type": "Seq Scan",
                                  "Parent Relationship": "Outer",
                                  "Parallel Aware": true,
                                  "Relation Name": "title",
                                  "Alias": "t",
                                  "Startup Cost": 0.0,
                                  "Total Cost": 42319.06,
                                  "Plan Rows": 632106,
                                  "Plan Width": 4,
                                  "Actual Startup Time": 0.061,
                                  "Actual Total Time": 98.588,
                                  "Actual Rows": 632078,
                                  "Actual Loops": 4
                                }
                              ]
                            }
                          ]
                        }
                      ]
                    }
                  ]
                }
              ]
            }
          ]
        }
      ]
    },
    "Planning Time": 1.367,
    "Triggers": [],
    "Execution Time": 852.908
  }
]