[
  {
    "Plan": {
      "Node Type": "Aggregate",
      "Strategy": "Plain",
      "Partial Mode": "Finalize",
      "Parallel Aware": false,
      "Startup Cost": 357240.58,
      "Total Cost": 357240.59,
      "Plan Rows": 1,
      "Plan Width": 8,
      "Actual Startup Time": 767.588,
      "Actual Total Time": 791.629,
      "Actual Rows": 1,
      "Actual Loops": 1,
      "Plans": [
        {
          "Node Type": "Gather",
          "Parent Relationship": "Outer",
          "Parallel Aware": false,
          "Startup Cost": 357240.26,
          "Total Cost": 357240.57,
          "Plan Rows": 3,
          "Plan Width": 8,
          "Actual Startup Time": 757.892,
          "Actual Total Time": 791.619,
          "Actual Rows": 4,
          "Actual Loops": 1,
          "Workers Planned": 3,
          "Workers Launched": 3,
          "Single Copy": false,
          "Plans": [
            {
              "Node Type": "Aggregate",
              "Strategy": "Plain",
              "Partial Mode": "Partial",
              "Parent Relationship": "Outer",
              "Parallel Aware": false,
              "Startup Cost": 356240.26,
              "Total Cost": 356240.27,
              "Plan Rows": 1,
              "Plan Width": 8,
              "Actual Startup Time": 750.274,
              "Actual Total Time": 750.392,
              "Actual Rows": 1,
              "Actual Loops": 4,
              "Plans": [
                {
                  "Node Type": "Hash Join",
                  "Parent Relationship": "Outer",
                  "Parallel Aware": true,
                  "Join Type": "Inner",
                  "Startup Cost": 324815.45,
                  "Total Cost": 355904.0,
                  "Plan Rows": 134506,
                  "Plan Width": 0,
                  "Actual Startup Time": 594.188,
                  "Actual Total Time": 740.045,
                  "Actual Rows": 255104,
                  "Actual Loops": 4,
                  "Inner Unique": false,
                  "Hash Cond": "(mc.movie_id = t.id)",
                  "Plans": [
                    {
                      "Node Type": "Seq Scan",
                      "Parent Relationship": "Outer",
                      "Parallel Aware": true,
                      "Relation Name": "movie_companies",
                      "Alias": "mc",
                      "Startup Cost": 0.0,
                      "Total Cost": 29310.68,
                      "Plan Rows": 414318,
                      "Plan Width": 4,
                      "Actual Startup Time": 0.023,
                      "Actual Total Time": 63.02,
                      "Actual Rows": 318562,
                      "Actual Loops": 4,
                      "Filter": "(company_type_id < 2)",
                      "Rows Removed by Filter": 333721
                    },
                    {
                      "Node Type": "Hash",
                      "Parent Relationship": "Inner",
                      "Parallel Aware": true,
                      "Startup Cost": 323105.46,
                      "Total Cost": 323105.46,
                      "Plan Rows": 136799,
                      "Plan Width": 8,
                      "Actual Startup Time": 589.879,
                      "Actual Total Time": 589.995,
                      "Actual Rows": 200254,
                      "Actual Loops": 4,
                      "Hash Buckets": 1048576,
                      "Original Hash Buckets": 1048576,
                      "Hash Batches": 1,
                      "Original Hash Batches": 1,
                      "Peak Memory Usage": 39584,
                      "Plans": [
                        {
                          "Node Type": "Hash Join",
                          "Parent Relationship": "Outer",
                          "Parallel Aware": true,
                          "Join Type": "Inner",
                          "Startup Cost": 68349.37,
                          "Total Cost": 323105.46,
                          "Plan Rows": 136799,
                          "Plan Width": 8,
                          "Actual Startup Time": 375.176,
                          "Actual Total Time": 516.39,
                          "Actual Rows": 200254,
                          "Actual Loops": 4,
                          "Inner Unique": true,
                          "Hash Cond": "(ci.movie_id = t.id)",
                          "Plans": [
                            {
                              "Node Type": "Bitmap Heap Scan",
                              "Parent Relationship": "Outer",
                              "Parallel Aware": true,
                              "Relation Name": "cast_info",
                              "Alias": "ci",
                              "Startup Cost": 18129.73,
                              "Total Cost": 272526.72,
                              "Plan Rows": 136799,
                              "Plan Width": 4,
                              "Actual Startup Time": 28.291,
                              "Actual Total Time": 56.439,
                              "Actual Rows": 200254,
                              "Actual Loops": 4,
                              "Recheck Cond": "(person_id < 84135)",
                              "Rows Removed by Index Recheck": 0,
                              "Exact Heap Blocks": 2115,
                              "Lossy Heap Blocks": 0,
                              "Plans": [
                                {
                                  "Node Type": "Bitmap Index Scan",
                                  "Parent Relationship": "Outer",
                                  "Parallel Aware": false,
                                  "Index Name": "person_id_cast_info",
                                  "Startup Cost": 0.0,
                                  "Total Cost": 17924.53,
                                  "Plan Rows": 820795,
                                  "Plan Width": 0,
                                  "Actual Startup Time": 26.983,
                                  "Actual Total Time": 26.983,
                                  "Actual Rows": 801017,
                                  "Actual Loops": 1,
                                  "Index Cond": "(person_id < 84135)"
                                }
                              ]
                            },
                            {
                              "Node Type": "Hash",
                              "Parent Relationship": "Inner",
                              "Parallel Aware": true,
                              "Startup Cost": 42318.73,
                              "Total Cost": 42318.73,
                              "Plan Rows": 632073,
                              "Plan Width": 4,
                              "Actual Startup Time": 339.719,
                              "Actual Total Time": 339.72,
                              "Actual Rows": 632078,
                              "Actual Loops": 4,
                              "Hash Buckets": 4194304,
                              "Original Hash Buckets": 4194304,
                              "Hash Batches": 1,
                              "Original Hash Batches": 1,
                              "Peak Memory Usage": 131712,
                              "Plans": [
                                {
                                  "Node Type": "Seq Scan",
                                  "Parent Relationship": "Outer",
                                  "Parallel Aware": true,
                                  "Relation Name": "title",
                                  "Alias": "t",
                                  "Startup Cost": 0.0,
                                  "Total Cost": 42318.73,
                                  "Plan Rows": 632073,
                                  "Plan Width": 4,
                                  "Actual Startup Time": 0.043,
                                  "Actual Total Time": 94.231,
                                  "Actual Rows": 632078,
                                  "Actual Loops": 4
                                }
                              ]
                            }
                          ]
                        }
                      ]
                    }
                  ]
                }
              ]
            }
          ]
        }
      ]
    },
    "Planning Time": 1.284,
    "Triggers": [],
    "Execution Time": 791.721
  }
]