[
  {
    "Plan": {
      "Node Type": "Aggregate",
      "Strategy": "Plain",
      "Partial Mode": "Finalize",
      "Parallel Aware": false,
      "Startup Cost": 44740.69,
      "Total Cost": 44740.7,
      "Plan Rows": 1,
      "Plan Width": 8,
      "Actual Startup Time": 128.676,
      "Actual Total Time": 138.147,
      "Actual Rows": 1,
      "Actual Loops": 1,
      "Plans": [
        {
          "Node Type": "Gather",
          "Parent Relationship": "Outer",
          "Parallel Aware": false,
          "Startup Cost": 44740.37,
          "Total Cost": 44740.68,
          "Plan Rows": 3,
          "Plan Width": 8,
          "Actual Startup Time": 128.529,
          "Actual Total Time": 138.138,
          "Actual Rows": 4,
          "Actual Loops": 1,
          "Workers Planned": 3,
          "Workers Launched": 3,
          "Single Copy": false,
          "Plans": [
            {
              "Node Type": "Aggregate",
              "Strategy": "Plain",
              "Partial Mode": "Partial",
              "Parent Relationship": "Outer",
              "Parallel Aware": false,
              "Startup Cost": 43740.37,
              "Total Cost": 43740.38,
              "Plan Rows": 1,
              "Plan Width": 8,
              "Actual Startup Time": 121.849,
              "Actual Total Time": 121.85,
              "Actual Rows": 1,
              "Actual Loops": 4,
              "Plans": [
                {
                  "Node Type": "Seq Scan",
                  "Parent Relationship": "Outer",
                  "Parallel Aware": true,
                  "Relation Name": "movie_keyword",
                  "Alias": "mk",
                  "Startup Cost": 0.0,
                  "Total Cost": 42695.65,
                  "Plan Rows": 417887,
                  "Plan Width": 0,
                  "Actual Startup Time": 0.055,
                  "Actual Total Time": 106.152,
                  "Actual Rows": 327439,
                  "Actual Loops": 4,
                  "Filter": "(keyword_id < 1716)",
                  "Rows Removed by Filter": 803544
                }
              ]
            }
          ]
        }
      ]
    },
    "Planning Time": 0.154,
    "Triggers": [],
    "Execution Time": 138.192
  }
]