{
  "Plan": {
    "Node Type": "Aggregate",
    "Strategy": "Plain",
    "Partial Mode": "Finalize",
    "Parallel Aware": false,
    "Startup Cost": 99651.15,
    "Total Cost": 99651.16,
    "Plan Rows": 1,
    "Plan Width": 8,
    "Actual Startup Time": 481.95,
    "Actual Total Time": 498.833,
    "Actual Rows": 1,
    "Actual Loops": 1,
    "Plans": [
      {
        "Node Type": "Gather",
        "Parent Relationship": "Outer",
        "Parallel Aware": false,
        "Startup Cost": 99651.03,
        "Total Cost": 99651.14,
        "Plan Rows": 1,
        "Plan Width": 8,
        "Actual Startup Time": 480.268,
        "Actual Total Time": 498.823,
        "Actual Rows": 2,
        "Actual Loops": 1,
        "Workers Planned": 1,
        "Workers Launched": 1,
        "Single Copy": false,
        "Plans": [
          {
            "Node Type": "Aggregate",
            "Strategy": "Plain",
            "Partial Mode": "Partial",
            "Parent Relationship": "Outer",
            "Parallel Aware": false,
            "Startup Cost": 98651.03,
            "Total Cost": 98651.04,
            "Plan Rows": 1,
            "Plan Width": 8,
            "Actual Startup Time": 474.294,
            "Actual Total Time": 474.3,
            "Actual Rows": 1,
            "Actual Loops": 2,
            "Plans": [
              {
                "Node Type": "Hash Join",
                "Parent Relationship": "Outer",
                "Parallel Aware": true,
                "Join Type": "Inner",
                "Startup Cost": 58396.84,
                "Total Cost": 98417.17,
                "Plan Rows": 93544,
                "Plan Width": 0,
                "Actual Startup Time": 264.376,
                "Actual Total Time": 464.233,
                "Actual Rows": 199632,
                "Actual Loops": 2,
                "Inner Unique": true,
                "Hash Cond": "(mc.movie_id = t.id)",
                "Plans": [
                  {
                    "Node Type": "Seq Scan",
                    "Parent Relationship": "Outer",
                    "Parallel Aware": true,
                    "Relation Name": "movie_companies",
                    "Alias": "mc",
                    "Startup Cost": 0.0,
                    "Total Cost": 37974.77,
                    "Plan Rows": 779260,
                    "Plan Width": 4,
                    "Actual Startup Time": 54.068,
                    "Actual Total Time": 131.799,
                    "Actual Rows": 667442,
                    "Actual Loops": 2,
                    "Filter": "(company_type_id = 2)",
                    "Rows Removed by Filter": 637123
                  },
                  {
                    "Node Type": "Hash",
                    "Parent Relationship": "Inner",
                    "Parallel Aware": true,
                    "Startup Cost": 56165.22,
                    "Total Cost": 56165.22,
                    "Plan Rows": 178530,
                    "Plan Width": 4,
                    "Actual Startup Time": 204.674,
                    "Actual Total Time": 204.676,
                    "Actual Rows": 206660,
                    "Actual Loops": 2,
                    "Hash Buckets": 524288,
                    "Original Hash Buckets": 524288,
                    "Hash Batches": 1,
                    "Original Hash Batches": 1,
                    "Peak Memory Usage": 20288,
                    "Plans": [
                      {
                        "Node Type": "Bitmap Heap Scan",
                        "Parent Relationship": "Outer",
                        "Parallel Aware": true,
                        "Relation Name": "title",
                        "Alias": "t",
                        "Startup Cost": 13514.83,
                        "Total Cost": 56165.22,
                        "Plan Rows": 178530,
                        "Plan Width": 4,
                        "Actual Startup Time": 45.855,
                        "Actual Total Time": 155.597,
                        "Actual Rows": 206660,
                        "Actual Loops": 2,
                        "Recheck Cond": "(kind_id < 3)",
                        "Rows Removed by Index Recheck": 0,
                        "Filter": "(production_year < 2000)",
                        "Rows Removed by Filter": 170178,
                        "Exact Heap Blocks": 28205,
                        "Lossy Heap Blocks": 0,
                        "Plans": [
                          {
                            "Node Type": "Bitmap Index Scan",
                            "Parent Relationship": "Outer",
                            "Parallel Aware": false,
                            "Index Name": "kind_id_title",
                            "Startup Cost": 0.0,
                            "Total Cost": 13438.96,
                            "Plan Rows": 753937,
                            "Plan Width": 0,
                            "Actual Startup Time": 40.405,
                            "Actual Total Time": 40.405,
                            "Actual Rows": 753677,
                            "Actual Loops": 1,
                            "Index Cond": "(kind_id < 3)"
                          }
                        ]
                      }
                    ]
                  }
                ]
              }
            ]
          }
        ]
      }
    ]
  },
  "Planning Time": 0.696,
  "Triggers": [],
  "Execution Time": 498.925
}