[
  {
    "Plan": {
      "Node Type": "Aggregate",
      "Strategy": "Plain",
      "Partial Mode": "Finalize",
      "Parallel Aware": false,
      "Startup Cost": 348476.87,
      "Total Cost": 348476.88,
      "Plan Rows": 1,
      "Plan Width": 8,
      "Actual Startup Time": 713.113,
      "Actual Total Time": 757.423,
      "Actual Rows": 1,
      "Actual Loops": 1,
      "Plans": [
        {
          "Node Type": "Gather",
          "Parent Relationship": "Outer",
          "Parallel Aware": false,
          "Startup Cost": 348476.24,
          "Total Cost": 348476.85,
          "Plan Rows": 6,
          "Plan Width": 8,
          "Actual Startup Time": 712.929,
          "Actual Total Time": 757.41,
          "Actual Rows": 7,
          "Actual Loops": 1,
          "Workers Planned": 6,
          "Workers Launched": 6,
          "Single Copy": false,
          "Plans": [
            {
              "Node Type": "Aggregate",
              "Strategy": "Plain",
              "Partial Mode": "Partial",
              "Parent Relationship": "Outer",
              "Parallel Aware": false,
              "Startup Cost": 347476.24,
              "Total Cost": 347476.26,
              "Plan Rows": 1,
              "Plan Width": 8,
              "Actual Startup Time": 705.469,
              "Actual Total Time": 705.471,
              "Actual Rows": 1,
              "Actual Loops": 7,
              "Plans": [
                {
                  "Node Type": "Seq Scan",
                  "Parent Relationship": "Outer",
                  "Parallel Aware": true,
                  "Relation Name": "cast_info",
                  "Alias": "ci",
                  "Startup Cost": 0.0,
                  "Total Cost": 343316.27,
                  "Plan Rows": 1663990,
                  "Plan Width": 0,
                  "Actual Startup Time": 0.047,
                  "Actual Total Time": 625.447,
                  "Actual Rows": 1723382,
                  "Actual Loops": 7,
                  "Filter": "((person_id < 1492460) AND (role_id < 4))",
                  "Rows Removed by Filter": 3454381
                }
              ]
            }
          ]
        }
      ]
    },
    "Planning Time": 0.19,
    "Triggers": [],
    "Execution Time": 757.485
  }
]