[
  {
    "Plan": {
      "Node Type": "Aggregate",
      "Strategy": "Plain",
      "Partial Mode": "Finalize",
      "Parallel Aware": false,
      "Startup Cost": 348427.31,
      "Total Cost": 348427.32,
      "Plan Rows": 1,
      "Plan Width": 8,
      "Actual Startup Time": 703.758,
      "Actual Total Time": 769.728,
      "Actual Rows": 1,
      "Actual Loops": 1,
      "Plans": [
        {
          "Node Type": "Gather",
          "Parent Relationship": "Outer",
          "Parallel Aware": false,
          "Startup Cost": 348426.68,
          "Total Cost": 348427.29,
          "Plan Rows": 6,
          "Plan Width": 8,
          "Actual Startup Time": 703.628,
          "Actual Total Time": 769.718,
          "Actual Rows": 7,
          "Actual Loops": 1,
          "Workers Planned": 6,
          "Workers Launched": 6,
          "Single Copy": false,
          "Plans": [
            {
              "Node Type": "Aggregate",
              "Strategy": "Plain",
              "Partial Mode": "Partial",
              "Parent Relationship": "Outer",
              "Parallel Aware": false,
              "Startup Cost": 347426.68,
              "Total Cost": 347426.69,
              "Plan Rows": 1,
              "Plan Width": 8,
              "Actual Startup Time": 694.468,
              "Actual Total Time": 694.47,
              "Actual Rows": 1,
              "Actual Loops": 7,
              "Plans": [
                {
                  "Node Type": "Seq Scan",
                  "Parent Relationship": "Outer",
                  "Parallel Aware": true,
                  "Relation Name": "cast_info",
                  "Alias": "ci",
                  "Startup Cost": 0.0,
                  "Total Cost": 343257.03,
                  "Plan Rows": 1667861,
                  "Plan Width": 0,
                  "Actual Startup Time": 0.053,
                  "Actual Total Time": 622.018,
                  "Actual Rows": 1723382,
                  "Actual Loops": 7,
                  "Filter": "((person_id < 1492460) AND (role_id < 4))",
                  "Rows Removed by Filter": 3454381
                }
              ]
            }
          ]
        }
      ]
    },
    "Planning Time": 0.218,
    "Triggers": [],
    "Execution Time": 769.798
  }
]