[
  {
    "Plan": {
      "Node Type": "Aggregate",
      "Strategy": "Plain",
      "Partial Mode": "Simple",
      "Parallel Aware": false,
      "Startup Cost": 1686.66,
      "Total Cost": 1686.67,
      "Plan Rows": 1,
      "Plan Width": 96,
      "Actual Startup Time": 64.843,
      "Actual Total Time": 64.847,
      "Actual Rows": 1,
      "Actual Loops": 1,
      "Output": [
        "min(cn.name)",
        "min((lt.link)::text)",
        "min(t.title)"
      ],
      "Plans": [
        {
          "Node Type": "Nested Loop",
          "Parent Relationship": "Outer",
          "Parallel Aware": false,
          "Join Type": "Inner",
          "Startup Cost": 42.45,
          "Total Cost": 1686.66,
          "Plan Rows": 1,
          "Plan Width": 48,
          "Actual Startup Time": 35.167,
          "Actual Total Time": 64.784,
          "Actual Rows": 130,
          "Actual Loops": 1,
          "Output": [
            "cn.name",
            "lt.link",
            "t.title"
          ],
          "Inner Unique": true,
          "Plans": [
            {
              "Node Type": "Nested Loop",
              "Parent Relationship": "Outer",
              "Parallel Aware": false,
              "Join Type": "Inner",
              "Startup Cost": 42.03,
              "Total Cost": 1684.43,
              "Plan Rows": 5,
              "Plan Width": 52,
              "Actual Startup Time": 32.853,
              "Actual Total Time": 62.165,
              "Actual Rows": 1094,
              "Actual Loops": 1,
              "Output": [
                "cn.name",
                "mk.keyword_id",
                "lt.link",
                "t.title"
              ],
              "Inner Unique": false,
              "Join Filter": "(ml.movie_id = mk.movie_id)",
              "Rows Removed by Join Filter": 0,
              "Plans": [
                {
                  "Node Type": "Nested Loop",
                  "Parent Relationship": "Outer",
                  "Parallel Aware": false,
                  "Join Type": "Inner",
                  "Startup Cost": 41.6,
                  "Total Cost": 1682.51,
                  "Plan Rows": 1,
                  "Plan Width": 64,
                  "Actual Startup Time": 32.753,
                  "Actual Total Time": 61.227,
                  "Actual Rows": 184,
                  "Actual Loops": 1,
                  "Output": [
                    "cn.name",
                    "mc.movie_id",
                    "mi.movie_id",
                    "ml.movie_id",
                    "lt.link",
                    "t.title",
                    "t.id"
                  ],
                  "Inner Unique": false,
                  "Join Filter": "(ml.movie_id = mi.movie_id)",
                  "Rows Removed by Join Filter": 0,
                  "Plans": [
                    {
                      "Node Type": "Nested Loop",
                      "Parent Relationship": "Outer",
                      "Parallel Aware": false,
                      "Join Type": "Inner",
                      "Startup Cost": 41.16,
                      "Total Cost": 1548.72,
                      "Plan Rows": 70,
                      "Plan Width": 60,
                      "Actual Startup Time": 2.854,
                      "Actual Total Time": 50.442,
                      "Actual Rows": 452,
                      "Actual Loops": 1,
                      "Output": [
                        "cn.name",
                        "mc.movie_id",
                        "ml.movie_id",
                        "lt.link",
                        "t.title",
                        "t.id"
                      ],
                      "Inner Unique": true,
                      "Join Filter": "(ml.movie_id = t.id)",
                      "Rows Removed by Join Filter": 0,
                      "Plans": [
                        {
                          "Node Type": "Nested Loop",
                          "Parent Relationship": "Outer",
                          "Parallel Aware": false,
                          "Join Type": "Inner",
                          "Startup Cost": 40.73,
                          "Total Cost": 1470.9,
                          "Plan Rows": 128,
                          "Plan Width": 39,
                          "Actual Startup Time": 2.753,
                          "Actual Total Time": 45.767,
                          "Actual Rows": 1095,
                          "Actual Loops": 1,
                          "Output": [
                            "cn.name",
                            "mc.movie_id",
                            "ml.movie_id",
                            "lt.link"
                          ],
                          "Inner Unique": true,
                          "Plans": [
                            {
                              "Node Type": "Hash Join",
                              "Parent Relationship": "Outer",
                              "Parallel Aware": false,
                              "Join Type": "Inner",
                              "Startup Cost": 40.31,
                              "Total Cost": 976.99,
                              "Plan Rows": 1080,
                              "Plan Width": 24,
                              "Actual Startup Time": 0.789,
                              "Actual Total Time": 24.552,
                              "Actual Rows": 4393,
                              "Actual Loops": 1,
                              "Output": [
                                "mc.movie_id",
                                "mc.company_id",
                                "ml.movie_id",
                                "lt.link"
                              ],
                              "Inner Unique": true,
                              "Hash Cond": "(mc.company_type_id = ct.id)",
                              "Plans": [
                                {
                                  "Node Type": "Nested Loop",
                                  "Parent Relationship": "Outer",
                                  "Parallel Aware": false,
                                  "Join Type": "Inner",
                                  "Startup Cost": 39.25,
                                  "Total Cost": 952.58,
                                  "Plan Rows": 4318,
                                  "Plan Width": 28,
                                  "Actual Startup Time": 0.664,
                                  "Actual Total Time": 22.796,
                                  "Actual Rows": 5069,
                                  "Actual Loops": 1,
                                  "Output": [
                                    "lt.link",
                                    "ml.movie_id",
                                    "mc.movie_id",
                                    "mc.company_type_id",
                                    "mc.company_id"
                                  ],
                                  "Inner Unique": false,
                                  "Plans": [
                                    {
                                      "Node Type": "Nested Loop",
                                      "Parent Relationship": "Outer",
                                      "Parallel Aware": false,
                                      "Join Type": "Inner",
                                      "Startup Cost": 38.82,
                                      "Total Cost": 245.23,
                                      "Plan Rows": 166,
                                      "Plan Width": 16,
                                      "Actual Startup Time": 0.472,
                                      "Actual Total Time": 3.558,
                                      "Actual Rows": 2315,
                                      "Actual Loops": 1,
                                      "Output": [
                                        "lt.link",
                                        "ml.movie_id"
                                      ],
                                      "Inner Unique": false,
                                      "Plans": [
                                        {
                                          "Node Type": "Seq Scan",
                                          "Parent Relationship": "Outer",
                                          "Parallel Aware": false,
                                          "Relation Name": "link_type",
                                          "Schema": "public",
                                          "Alias": "lt",
                                          "Startup Cost": 0.0,
                                          "Total Cost": 1.23,
                                          "Plan Rows": 1,
                                          "Plan Width": 16,
                                          "Actual Startup Time": 0.015,
                                          "Actual Total Time": 0.021,
                                          "Actual Rows": 2,
                                          "Actual Loops": 1,
                                          "Output": [
                                            "lt.id",
                                            "lt.link"
                                          ],
                                          "Filter": "((lt.link)::text ~~ '%follow%'::text)",
                                          "Rows Removed by Filter": 16
                                        },
                                        {
                                          "Node Type": "Bitmap Heap Scan",
                                          "Parent Relationship": "Inner",
                                          "Parallel Aware": false,
                                          "Relation Name": "movie_link",
                                          "Schema": "public",
                                          "Alias": "ml",
                                          "Startup Cost": 38.82,
                                          "Total Cost": 225.26,
                                          "Plan Rows": 1875,
                                          "Plan Width": 8,
                                          "Actual Startup Time": 0.287,
                                          "Actual Total Time": 1.496,
                                          "Actual Rows": 1158,
                                          "Actual Loops": 2,
                                          "Output": [
                                            "ml.id",
                                            "ml.movie_id",
                                            "ml.linked_movie_id",
                                            "ml.link_type_id"
                                          ],
                                          "Recheck Cond": "(ml.link_type_id = lt.id)",
                                          "Rows Removed by Index Recheck": 0,
                                          "Exact Heap Blocks": 191,
                                          "Lossy Heap Blocks": 0,
                                          "Plans": [
                                            {
                                              "Node Type": "Bitmap Index Scan",
                                              "Parent Relationship": "Outer",
                                              "Parallel Aware": false,
                                              "Index Name": "link_type_id_movie_link",
                                              "Startup Cost": 0.0,
                                              "Total Cost": 38.35,
                                              "Plan Rows": 1875,
                                              "Plan Width": 0,
                                              "Actual Startup Time": 0.257,
                                              "Actual Total Time": 0.257,
                                              "Actual Rows": 1158,
                                              "Actual Loops": 2,
                                              "Index Cond": "(ml.link_type_id = lt.id)"
                                            }
                                          ]
                                        }
                                      ]
                                    },
                                    {
                                      "Node Type": "Index Scan",
                                      "Parent Relationship": "Inner",
                                      "Parallel Aware": false,
                                      "Scan Direction": "Forward",
                                      "Index Name": "movie_id_movie_companies",
                                      "Relation Name": "movie_companies",
                                      "Schema": "public",
                                      "Alias": "mc",
                                      "Startup Cost": 0.43,
                                      "Total Cost": 4.23,
                                      "Plan Rows": 3,
                                      "Plan Width": 12,
                                      "Actual Startup Time": 0.007,
                                      "Actual Total Time": 0.008,
                                      "Actual Rows": 2,
                                      "Actual Loops": 2315,
                                      "Output": [
                                        "mc.id",
                                        "mc.movie_id",
                                        "mc.company_id",
                                        "mc.company_type_id",
                                        "mc.note"
                                      ],
                                      "Index Cond": "(mc.movie_id = ml.movie_id)",
                                      "Rows Removed by Index Recheck": 0,
                                      "Filter": "(mc.note IS NULL)",
                                      "Rows Removed by Filter": 2
                                    }
                                  ]
                                },
                                {
                                  "Node Type": "Hash",
                                  "Parent Relationship": "Inner",
                                  "Parallel Aware": false,
                                  "Startup Cost": 1.05,
                                  "Total Cost": 1.05,
                                  "Plan Rows": 1,
                                  "Plan Width": 4,
                                  "Actual Startup Time": 0.033,
                                  "Actual Total Time": 0.034,
                                  "Actual Rows": 1,
                                  "Actual Loops": 1,
                                  "Output": [
                                    "ct.id"
                                  ],
                                  "Hash Buckets": 1024,
                                  "Original Hash Buckets": 1024,
                                  "Hash Batches": 1,
                                  "Original Hash Batches": 1,
                                  "Peak Memory Usage": 9,
                                  "Plans": [
                                    {
                                      "Node Type": "Seq Scan",
                                      "Parent Relationship": "Outer",
                                      "Parallel Aware": false,
                                      "Relation Name": "company_type",
                                      "Schema": "public",
                                      "Alias": "ct",
                                      "Startup Cost": 0.0,
                                      "Total Cost": 1.05,
                                      "Plan Rows": 1,
                                      "Plan Width": 4,
                                      "Actual Startup Time": 0.025,
                                      "Actual Total Time": 0.027,
                                      "Actual Rows": 1,
                                      "Actual Loops": 1,
                                      "Output": [
                                        "ct.id"
                                      ],
                                      "Filter": "((ct.kind)::text = 'production companies'::text)",
                                      "Rows Removed by Filter": 3
                                    }
                                  ]
                                }
                              ]
                            },
                            {
                              "Node Type": "Index Scan",
                              "Parent Relationship": "Inner",
                              "Parallel Aware": false,
                              "Scan Direction": "Forward",
                              "Index Name": "company_name_pkey",
                              "Relation Name": "company_name",
                              "Schema": "public",
                              "Alias": "cn",
                              "Startup Cost": 0.42,
                              "Total Cost": 0.46,
                              "Plan Rows": 1,
                              "Plan Width": 23,
                              "Actual Startup Time": 0.004,
                              "Actual Total Time": 0.004,
                              "Actual Rows": 0,
                              "Actual Loops": 4393,
                              "Output": [
                                "cn.id",
                                "cn.name",
                                "cn.country_code",
                                "cn.imdb_id",
                                "cn.name_pcode_nf",
                                "cn.name_pcode_sf",
                                "cn.md5sum"
                              ],
                              "Index Cond": "(cn.id = mc.company_id)",
                              "Rows Removed by Index Recheck": 0,
                              "Filter": "(((cn.country_code)::text <> '[us]'::text) AND ((cn.name ~~ '%Film%'::text) OR (cn.name ~~ '%Warner%'::text)))",
                              "Rows Removed by Filter": 1
                            }
                          ]
                        },
                        {
                          "Node Type": "Index Scan",
                          "Parent Relationship": "Inner",
                          "Parallel Aware": false,
                          "Scan Direction": "Forward",
                          "Index Name": "title_pkey",
                          "Relation Name": "title",
                          "Schema": "public",
                          "Alias": "t",
                          "Startup Cost": 0.43,
                          "Total Cost": 0.6,
                          "Plan Rows": 1,
                          "Plan Width": 21,
                          "Actual Startup Time": 0.004,
                          "Actual Total Time": 0.004,
                          "Actual Rows": 0,
                          "Actual Loops": 1095,
                          "Output": [
                            "t.id",
                            "t.title",
                            "t.imdb_index",
                            "t.kind_id",
                            "t.production_year",
                            "t.imdb_id",
                            "t.phonetic_code",
                            "t.episode_of_id",
                            "t.season_nr",
                            "t.episode_nr",
                            "t.series_years",
                            "t.md5sum"
                          ],
                          "Index Cond": "(t.id = mc.movie_id)",
                          "Rows Removed by Index Recheck": 0,
                          "Filter": "((t.production_year >= 2001) AND (t.production_year <= 2013))",
                          "Rows Removed by Filter": 1
                        }
                      ]
                    },
                    {
                      "Node Type": "Index Scan",
                      "Parent Relationship": "Inner",
                      "Parallel Aware": false,
                      "Scan Direction": "Forward",
                      "Index Name": "movie_id_movie_info",
                      "Relation Name": "movie_info",
                      "Schema": "public",
                      "Alias": "mi",
                      "Startup Cost": 0.43,
                      "Total Cost": 1.9,
                      "Plan Rows": 1,
                      "Plan Width": 4,
                      "Actual Startup Time": 0.022,
                      "Actual Total Time": 0.023,
                      "Actual Rows": 0,
                      "Actual Loops": 452,
                      "Output": [
                        "mi.id",
                        "mi.movie_id",
                        "mi.info_type_id",
                        "mi.info",
                        "mi.note"
                      ],
                      "Index Cond": "(mi.movie_id = t.id)",
                      "Rows Removed by Index Recheck": 0,
                      "Filter": "(mi.info = ANY ('{Norway,Spain:92}'::text[]))",
                      "Rows Removed by Filter": 15
                    }
                  ]
                },
                {
                  "Node Type": "Index Scan",
                  "Parent Relationship": "Inner",
                  "Parallel Aware": false,
                  "Scan Direction": "Forward",
                  "Index Name": "movie_id_movie_keyword",
                  "Relation Name": "movie_keyword",
                  "Schema": "public",
                  "Alias": "mk",
                  "Startup Cost": 0.43,
                  "Total Cost": 1.35,
                  "Plan Rows": 45,
                  "Plan Width": 8,
                  "Actual Startup Time": 0.003,
                  "Actual Total Time": 0.004,
                  "Actual Rows": 6,
                  "Actual Loops": 184,
                  "Output": [
                    "mk.id",
                    "mk.movie_id",
                    "mk.keyword_id"
                  ],
                  "Index Cond": "(mk.movie_id = t.id)",
                  "Rows Removed by Index Recheck": 0
                }
              ]
            },
            {
              "Node Type": "Index Scan",
              "Parent Relationship": "Inner",
              "Parallel Aware": false,
              "Scan Direction": "Forward",
              "Index Name": "keyword_pkey",
              "Relation Name": "keyword",
              "Schema": "public",
              "Alias": "k",
              "Startup Cost": 0.42,
              "Total Cost": 0.44,
              "Plan Rows": 1,
              "Plan Width": 4,
              "Actual Startup Time": 0.002,
              "Actual Total Time": 0.002,
              "Actual Rows": 0,
              "Actual Loops": 1094,
              "Output": [
                "k.id",
                "k.keyword",
                "k.phonetic_code"
              ],
              "Index Cond": "(k.id = mk.keyword_id)",
              "Rows Removed by Index Recheck": 0,
              "Filter": "(k.keyword = 'sequel'::text)",
              "Rows Removed by Filter": 1
            }
          ]
        }
      ]
    },
    "Planning Time": 62245.782,
    "Triggers": [],
    "Execution Time": 65.276
  }
]