[
  {
    "Plan": {
      "Node Type": "Aggregate",
      "Strategy": "Plain",
      "Partial Mode": "Finalize",
      "Parallel Aware": false,
      "Startup Cost": 272264.27,
      "Total Cost": 272264.28,
      "Plan Rows": 1,
      "Plan Width": 8,
      "Actual Startup Time": 1091.141,
      "Actual Total Time": 1116.067,
      "Actual Rows": 1,
      "Actual Loops": 1,
      "Plans": [
        {
          "Node Type": "Gather",
          "Parent Relationship": "Outer",
          "Parallel Aware": false,
          "Startup Cost": 272263.95,
          "Total Cost": 272264.26,
          "Plan Rows": 3,
          "Plan Width": 8,
          "Actual Startup Time": 1066.617,
          "Actual Total Time": 1116.053,
          "Actual Rows": 4,
          "Actual Loops": 1,
          "Workers Planned": 3,
          "Workers Launched": 3,
          "Single Copy": false,
          "Plans": [
            {
              "Node Type": "Aggregate",
              "Strategy": "Plain",
              "Partial Mode": "Partial",
              "Parent Relationship": "Outer",
              "Parallel Aware": false,
              "Startup Cost": 271263.95,
              "Total Cost": 271263.96,
              "Plan Rows": 1,
              "Plan Width": 8,
              "Actual Startup Time": 1058.786,
              "Actual Total Time": 1058.793,
              "Actual Rows": 1,
              "Actual Loops": 4,
              "Plans": [
                {
                  "Node Type": "Hash Join",
                  "Parent Relationship": "Outer",
                  "Parallel Aware": true,
                  "Join Type": "Inner",
                  "Startup Cost": 224244.29,
                  "Total Cost": 270796.02,
                  "Plan Rows": 187173,
                  "Plan Width": 0,
                  "Actual Startup Time": 505.593,
                  "Actual Total Time": 918.261,
                  "Actual Rows": 3451216,
                  "Actual Loops": 4,
                  "Inner Unique": false,
                  "Hash Cond": "(mk.movie_id = t.id)",
                  "Plans": [
                    {
                      "Node Type": "Seq Scan",
                      "Parent Relationship": "Outer",
                      "Parallel Aware": true,
                      "Relation Name": "movie_keyword",
                      "Alias": "mk",
                      "Startup Cost": 0.0,
                      "Total Cost": 42695.65,
                      "Plan Rows": 928461,
                      "Plan Width": 4,
                      "Actual Startup Time": 0.189,
                      "Actual Total Time": 108.578,
                      "Actual Rows": 720230,
                      "Actual Loops": 4,
                      "Filter": "(keyword_id > 2489)",
                      "Rows Removed by Filter": 410752
                    },
                    {
                      "Node Type": "Hash",
                      "Parent Relationship": "Inner",
                      "Parallel Aware": true,
                      "Startup Cost": 222970.01,
                      "Total Cost": 222970.01,
                      "Plan Rows": 101943,
                      "Plan Width": 8,
                      "Actual Startup Time": 503.522,
                      "Actual Total Time": 503.527,
                      "Actual Rows": 121638,
                      "Actual Loops": 4,
                      "Hash Buckets": 524288,
                      "Original Hash Buckets": 524288,
                      "Hash Batches": 1,
                      "Original Hash Batches": 1,
                      "Peak Memory Usage": 23232,
                      "Plans": [
                        {
                          "Node Type": "Hash Join",
                          "Parent Relationship": "Outer",
                          "Parallel Aware": true,
                          "Join Type": "Inner",
                          "Startup Cost": 59435.12,
                          "Total Cost": 222970.01,
                          "Plan Rows": 101943,
                          "Plan Width": 8,
                          "Actual Startup Time": 399.543,
                          "Actual Total Time": 466.784,
                          "Actual Rows": 121638,
                          "Actual Loops": 4,
                          "Inner Unique": true,
                          "Hash Cond": "(mi.movie_id = t.id)",
                          "Plans": [
                            {
                              "Node Type": "Bitmap Heap Scan",
                              "Parent Relationship": "Outer",
                              "Parallel Aware": true,
                              "Relation Name": "movie_info",
                              "Alias": "mi",
                              "Startup Cost": 9214.73,
                              "Total Cost": 172482.02,
                              "Plan Rows": 101943,
                              "Plan Width": 4,
                              "Actual Startup Time": 24.094,
                              "Actual Total Time": 43.182,
                              "Actual Rows": 121638,
                              "Actual Loops": 4,
                              "Recheck Cond": "(info_type_id = 5)",
                              "Rows Removed by Index Recheck": 0,
                              "Exact Heap Blocks": 1382,
                              "Lossy Heap Blocks": 0,
                              "Plans": [
                                {
                                  "Node Type": "Bitmap Index Scan",
                                  "Parent Relationship": "Outer",
                                  "Parallel Aware": false,
                                  "Index Name": "info_type_id_movie_info",
                                  "Startup Cost": 0.0,
                                  "Total Cost": 9087.3,
                                  "Plan Rows": 509716,
                                  "Plan Width": 0,
                                  "Actual Startup Time": 23.34,
                                  "Actual Total Time": 23.34,
                                  "Actual Rows": 486554,
                                  "Actual Loops": 1,
                                  "Index Cond": "(info_type_id = 5)"
                                }
                              ]
                            },
                            {
                              "Node Type": "Hash",
                              "Parent Relationship": "Inner",
                              "Parallel Aware": true,
                              "Startup Cost": 42319.06,
                              "Total Cost": 42319.06,
                              "Plan Rows": 632106,
                              "Plan Width": 4,
                              "Actual Startup Time": 368.528,
                              "Actual Total Time": 368.529,
                              "Actual Rows": 632078,
                              "Actual Loops": 4,
                              "Hash Buckets": 4194304,
                              "Original Hash Buckets": 4194304,
                              "Hash Batches": 1,
                              "Original Hash Batches": 1,
                              "Peak Memory Usage": 131744,
                              "Plans": [
                                {
                                  "Node Type": "Seq Scan",
                                  "Parent Relationship": "Outer",
                                  "Parallel Aware": true,
                                  "Relation Name": "title",
                                  "Alias": "t",
                                  "Startup Cost": 0.0,
                                  "Total Cost": 42319.06,
                                  "Plan Rows": 632106,
                                  "Plan Width": 4,
                                  "Actual Startup Time": 0.045,
                                  "Actual Total Time": 106.596,
                                  "Actual Rows": 632078,
                                  "Actual Loops": 4
                                }
                              ]
                            }
                          ]
                        }
                      ]
                    }
                  ]
                }
              ]
            }
          ]
        }
      ]
    },
    "Planning Time": 0.544,
    "Triggers": [],
    "Execution Time": 1116.127
  }
]