[
  {
    "Plan": {
      "Node Type": "Aggregate",
      "Strategy": "Plain",
      "Partial Mode": "Finalize",
      "Parallel Aware": false,
      "Startup Cost": 247629.25,
      "Total Cost": 247629.26,
      "Plan Rows": 1,
      "Plan Width": 8,
      "Actual Startup Time": 619.629,
      "Actual Total Time": 664.239,
      "Actual Rows": 1,
      "Actual Loops": 1,
      "Plans": [
        {
          "Node Type": "Gather",
          "Parent Relationship": "Outer",
          "Parallel Aware": false,
          "Startup Cost": 247628.73,
          "Total Cost": 247629.24,
          "Plan Rows": 5,
          "Plan Width": 8,
          "Actual Startup Time": 618.172,
          "Actual Total Time": 664.228,
          "Actual Rows": 6,
          "Actual Loops": 1,
          "Workers Planned": 5,
          "Workers Launched": 5,
          "Single Copy": false,
          "Plans": [
            {
              "Node Type": "Aggregate",
              "Strategy": "Plain",
              "Partial Mode": "Partial",
              "Parent Relationship": "Outer",
              "Parallel Aware": false,
              "Startup Cost": 246628.73,
              "Total Cost": 246628.74,
              "Plan Rows": 1,
              "Plan Width": 8,
              "Actual Startup Time": 608.084,
              "Actual Total Time": 608.087,
              "Actual Rows": 1,
              "Actual Loops": 6,
              "Plans": [
                {
                  "Node Type": "Hash Join",
                  "Parent Relationship": "Outer",
                  "Parallel Aware": true,
                  "Join Type": "Inner",
                  "Startup Cost": 44301.07,
                  "Total Cost": 246472.67,
                  "Plan Rows": 62426,
                  "Plan Width": 0,
                  "Actual Startup Time": 117.524,
                  "Actual Total Time": 604.872,
                  "Actual Rows": 51782,
                  "Actual Loops": 6,
                  "Inner Unique": true,
                  "Hash Cond": "(mi.movie_id = t.id)",
                  "Plans": [
                    {
                      "Node Type": "Seq Scan",
                      "Parent Relationship": "Outer",
                      "Parallel Aware": true,
                      "Relation Name": "movie_info",
                      "Alias": "mi",
                      "Startup Cost": 0.0,
                      "Total Cost": 198952.16,
                      "Plan Rows": 1226453,
                      "Plan Width": 4,
                      "Actual Startup Time": 18.894,
                      "Actual Total Time": 363.798,
                      "Actual Rows": 1010871,
                      "Actual Loops": 6,
                      "Filter": "(info_type_id > 11)",
                      "Rows Removed by Filter": 1461749
                    },
                    {
                      "Node Type": "Hash",
                      "Parent Relationship": "Inner",
                      "Parallel Aware": true,
                      "Startup Cost": 43898.92,
                      "Total Cost": 43898.92,
                      "Plan Rows": 32172,
                      "Plan Width": 4,
                      "Actual Startup Time": 96.98,
                      "Actual Total Time": 96.981,
                      "Actual Rows": 21449,
                      "Actual Loops": 6,
                      "Hash Buckets": 131072,
                      "Original Hash Buckets": 131072,
                      "Hash Batches": 1,
                      "Original Hash Batches": 1,
                      "Peak Memory Usage": 6144,
                      "Plans": [
                        {
                          "Node Type": "Seq Scan",
                          "Parent Relationship": "Outer",
                          "Parallel Aware": true,
                          "Relation Name": "title",
                          "Alias": "t",
                          "Startup Cost": 0.0,
                          "Total Cost": 43898.92,
                          "Plan Rows": 32172,
                          "Plan Width": 4,
                          "Actual Startup Time": 0.056,
                          "Actual Total Time": 86.927,
                          "Actual Rows": 21449,
                          "Actual Loops": 6,
                          "Filter": "(production_year = 2009)",
                          "Rows Removed by Filter": 399936
                        }
                      ]
                    }
                  ]
                }
              ]
            }
          ]
        }
      ]
    },
    "Planning Time": 0.6,
    "Triggers": [],
    "Execution Time": 664.32
  }
]