[
  {
    "Plan": {
      "Node Type": "Aggregate",
      "Strategy": "Plain",
      "Partial Mode": "Finalize",
      "Parallel Aware": false,
      "Startup Cost": 92868.47,
      "Total Cost": 92868.48,
      "Plan Rows": 1,
      "Plan Width": 8,
      "Actual Startup Time": 324.113,
      "Actual Total Time": 340.553,
      "Actual Rows": 1,
      "Actual Loops": 1,
      "Plans": [
        {
          "Node Type": "Gather",
          "Parent Relationship": "Outer",
          "Parallel Aware": false,
          "Startup Cost": 92868.15,
          "Total Cost": 92868.46,
          "Plan Rows": 3,
          "Plan Width": 8,
          "Actual Startup Time": 316.296,
          "Actual Total Time": 340.544,
          "Actual Rows": 4,
          "Actual Loops": 1,
          "Workers Planned": 3,
          "Workers Launched": 3,
          "Single Copy": false,
          "Plans": [
            {
              "Node Type": "Aggregate",
              "Strategy": "Plain",
              "Partial Mode": "Partial",
              "Parent Relationship": "Outer",
              "Parallel Aware": false,
              "Startup Cost": 91868.15,
              "Total Cost": 91868.16,
              "Plan Rows": 1,
              "Plan Width": 8,
              "Actual Startup Time": 303.493,
              "Actual Total Time": 303.497,
              "Actual Rows": 1,
              "Actual Loops": 4,
              "Plans": [
                {
                  "Node Type": "Nested Loop",
                  "Parent Relationship": "Outer",
                  "Parallel Aware": false,
                  "Join Type": "Inner",
                  "Startup Cost": 51044.62,
                  "Total Cost": 91837.35,
                  "Plan Rows": 12322,
                  "Plan Width": 0,
                  "Actual Startup Time": 230.67,
                  "Actual Total Time": 301.91,
                  "Actual Rows": 32044,
                  "Actual Loops": 4,
                  "Inner Unique": false,
                  "Plans": [
                    {
                      "Node Type": "Hash Join",
                      "Parent Relationship": "Outer",
                      "Parallel Aware": true,
                      "Join Type": "Inner",
                      "Startup Cost": 51044.18,
                      "Total Cost": 70730.43,
                      "Plan Rows": 11811,
                      "Plan Width": 8,
                      "Actual Startup Time": 230.594,
                      "Actual Total Time": 266.715,
                      "Actual Rows": 6967,
                      "Actual Loops": 4,
                      "Inner Unique": true,
                      "Hash Cond": "(mc.movie_id = t.id)",
                      "Plans": [
                        {
                          "Node Type": "Bitmap Heap Scan",
                          "Parent Relationship": "Outer",
                          "Parallel Aware": true,
                          "Relation Name": "movie_companies",
                          "Alias": "mc",
                          "Startup Cost": 3676.97,
                          "Total Cost": 23292.58,
                          "Plan Rows": 26911,
                          "Plan Width": 4,
                          "Actual Startup Time": 10.117,
                          "Actual Total Time": 31.55,
                          "Actual Rows": 32388,
                          "Actual Loops": 4,
                          "Recheck Cond": "(company_id < 34)",
                          "Rows Removed by Index Recheck": 0,
                          "Filter": "(company_type_id < 2)",
                          "Rows Removed by Filter": 9539,
                          "Exact Heap Blocks": 5358,
                          "Lossy Heap Blocks": 0,
                          "Plans": [
                            {
                              "Node Type": "Bitmap Index Scan",
                              "Parent Relationship": "Outer",
                              "Parallel Aware": false,
                              "Index Name": "company_id_movie_companies",
                              "Startup Cost": 0.0,
                              "Total Cost": 3656.12,
                              "Plan Rows": 170625,
                              "Plan Width": 0,
                              "Actual Startup Time": 8.325,
                              "Actual Total Time": 8.325,
                              "Actual Rows": 167708,
                              "Actual Loops": 1,
                              "Index Cond": "(company_id < 34)"
                            }
                          ]
                        },
                        {
                          "Node Type": "Hash",
                          "Parent Relationship": "Inner",
                          "Parallel Aware": true,
                          "Startup Cost": 43899.32,
                          "Total Cost": 43899.32,
                          "Plan Rows": 277431,
                          "Plan Width": 4,
                          "Actual Startup Time": 212.691,
                          "Actual Total Time": 212.691,
                          "Actual Rows": 276981,
                          "Actual Loops": 4,
                          "Hash Buckets": 2097152,
                          "Original Hash Buckets": 2097152,
                          "Hash Batches": 1,
                          "Original Hash Batches": 1,
                          "Peak Memory Usage": 59776,
                          "Plans": [
                            {
                              "Node Type": "Seq Scan",
                              "Parent Relationship": "Outer",
                              "Parallel Aware": true,
                              "Relation Name": "title",
                              "Alias": "t",
                              "Startup Cost": 0.0,
                              "Total Cost": 43899.32,
                              "Plan Rows": 277431,
                              "Plan Width": 4,
                              "Actual Startup Time": 0.048,
                              "Actual Total Time": 104.984,
                              "Actual Rows": 276981,
                              "Actual Loops": 4,
                              "Filter": "(production_year > 2004)",
                              "Rows Removed by Filter": 355097
                            }
                          ]
                        }
                      ]
                    },
                    {
                      "Node Type": "Index Scan",
                      "Parent Relationship": "Inner",
                      "Parallel Aware": false,
                      "Scan Direction": "Forward",
                      "Index Name": "movie_id_movie_keyword",
                      "Relation Name": "movie_keyword",
                      "Alias": "mk",
                      "Startup Cost": 0.43,
                      "Total Cost": 1.52,
                      "Plan Rows": 27,
                      "Plan Width": 4,
                      "Actual Startup Time": 0.003,
                      "Actual Total Time": 0.004,
                      "Actual Rows": 5,
                      "Actual Loops": 27868,
                      "Index Cond": "(movie_id = t.id)",
                      "Rows Removed by Index Recheck": 0,
                      "Filter": "(keyword_id < 7344)",
                      "Rows Removed by Filter": 3
                    }
                  ]
                }
              ]
            }
          ]
        }
      ]
    },
    "Planning Time": 1.538,
    "Triggers": [],
    "Execution Time": 340.656
  }
]