{
  "Plan": {
    "Node Type": "Aggregate",
    "Strategy": "Plain",
    "Partial Mode": "Finalize",
    "Parallel Aware": false,
    "Startup Cost": 201702.51,
    "Total Cost": 201702.52,
    "Plan Rows": 1,
    "Plan Width": 8,
    "Actual Startup Time": 215.778,
    "Actual Total Time": 230.922,
    "Actual Rows": 1,
    "Actual Loops": 1,
    "Plans": [
      {
        "Node Type": "Gather",
        "Parent Relationship": "Outer",
        "Parallel Aware": false,
        "Startup Cost": 201702.4,
        "Total Cost": 201702.51,
        "Plan Rows": 1,
        "Plan Width": 8,
        "Actual Startup Time": 215.476,
        "Actual Total Time": 230.915,
        "Actual Rows": 2,
        "Actual Loops": 1,
        "Workers Planned": 1,
        "Workers Launched": 1,
        "Single Copy": false,
        "Plans": [
          {
            "Node Type": "Aggregate",
            "Strategy": "Plain",
            "Partial Mode": "Partial",
            "Parent Relationship": "Outer",
            "Parallel Aware": false,
            "Startup Cost": 200702.4,
            "Total Cost": 200702.41,
            "Plan Rows": 1,
            "Plan Width": 8,
            "Actual Startup Time": 209.449,
            "Actual Total Time": 209.454,
            "Actual Rows": 1,
            "Actual Loops": 2,
            "Plans": [
              {
                "Node Type": "Hash Join",
                "Parent Relationship": "Outer",
                "Parallel Aware": true,
                "Join Type": "Inner",
                "Startup Cost": 181501.9,
                "Total Cost": 200671.54,
                "Plan Rows": 12342,
                "Plan Width": 0,
                "Actual Startup Time": 105.877,
                "Actual Total Time": 207.773,
                "Actual Rows": 39968,
                "Actual Loops": 2,
                "Inner Unique": false,
                "Hash Cond": "(mi_idx.movie_id = t.id)",
                "Plans": [
                  {
                    "Node Type": "Seq Scan",
                    "Parent Relationship": "Outer",
                    "Parallel Aware": true,
                    "Relation Name": "movie_info_idx",
                    "Alias": "mi_idx",
                    "Startup Cost": 0.0,
                    "Total Cost": 16052.85,
                    "Plan Rows": 811785,
                    "Plan Width": 4,
                    "Actual Startup Time": 0.016,
                    "Actual Total Time": 46.134,
                    "Actual Rows": 690018,
                    "Actual Loops": 2
                  },
                  {
                    "Node Type": "Hash",
                    "Parent Relationship": "Inner",
                    "Parallel Aware": true,
                    "Startup Cost": 181219.26,
                    "Total Cost": 181219.26,
                    "Plan Rows": 22611,
                    "Plan Width": 8,
                    "Actual Startup Time": 104.392,
                    "Actual Total Time": 104.394,
                    "Actual Rows": 18492,
                    "Actual Loops": 2,
                    "Hash Buckets": 65536,
                    "Original Hash Buckets": 65536,
                    "Hash Batches": 1,
                    "Original Hash Batches": 1,
                    "Peak Memory Usage": 1984,
                    "Plans": [
                      {
                        "Node Type": "Nested Loop",
                        "Parent Relationship": "Outer",
                        "Parallel Aware": false,
                        "Join Type": "Inner",
                        "Startup Cost": 698.76,
                        "Total Cost": 181219.26,
                        "Plan Rows": 22611,
                        "Plan Width": 8,
                        "Actual Startup Time": 5.219,
                        "Actual Total Time": 98.852,
                        "Actual Rows": 18492,
                        "Actual Loops": 2,
                        "Inner Unique": true,
                        "Plans": [
                          {
                            "Node Type": "Bitmap Heap Scan",
                            "Parent Relationship": "Outer",
                            "Parallel Aware": true,
                            "Relation Name": "movie_info",
                            "Alias": "mi",
                            "Startup Cost": 698.33,
                            "Total Cost": 90951.14,
                            "Plan Rows": 22611,
                            "Plan Width": 4,
                            "Actual Startup Time": 5.059,
                            "Actual Total Time": 14.842,
                            "Actual Rows": 18492,
                            "Actual Loops": 2,
                            "Recheck Cond": "(info_type_id = 104)",
                            "Rows Removed by Index Recheck": 0,
                            "Exact Heap Blocks": 3166,
                            "Lossy Heap Blocks": 0,
                            "Plans": [
                              {
                                "Node Type": "Bitmap Index Scan",
                                "Parent Relationship": "Outer",
                                "Parallel Aware": false,
                                "Index Name": "info_type_id_movie_info",
                                "Startup Cost": 0.0,
                                "Total Cost": 688.72,
                                "Plan Rows": 38438,
                                "Plan Width": 0,
                                "Actual Startup Time": 7.456,
                                "Actual Total Time": 7.456,
                                "Actual Rows": 36985,
                                "Actual Loops": 1,
                                "Index Cond": "(info_type_id = 104)"
                              }
                            ]
                          },
                          {
                            "Node Type": "Index Only Scan",
                            "Parent Relationship": "Inner",
                            "Parallel Aware": false,
                            "Scan Direction": "Forward",
                            "Index Name": "title_pkey",
                            "Relation Name": "title",
                            "Alias": "t",
                            "Startup Cost": 0.43,
                            "Total Cost": 3.99,
                            "Plan Rows": 1,
                            "Plan Width": 4,
                            "Actual Startup Time": 0.004,
                            "Actual Total Time": 0.004,
                            "Actual Rows": 1,
                            "Actual Loops": 36985,
                            "Index Cond": "(id = mi.movie_id)",
                            "Rows Removed by Index Recheck": 0,
                            "Heap Fetches": 36985
                          }
                        ]
                      }
                    ]
                  }
                ]
              }
            ]
          }
        ]
      }
    ]
  },
  "Planning Time": 1.073,
  "Triggers": [],
  "Execution Time": 231.023
}