[
    {
        "Bao": {
            "Bao prediction": "NaN",
            "Bao recommended hint": "(no hint)"
        }
    },
    {
        "Plan": {
            "Node Type": "Aggregate",
            "Strategy": "Plain",
            "Partial Mode": "Simple",
            "Parallel Aware": false,
            "Startup Cost": 26947.28,
            "Total Cost": 26947.29,
            "Plan Rows": 1,
            "Plan Width": 8,
            "Actual Startup Time": 22.333,
            "Actual Total Time": 22.334,
            "Actual Rows": 1,
            "Actual Loops": 1,
            "Output": [
                "count(*)"
            ],
            "Plans": [
                {
                    "Node Type": "Bitmap Heap Scan",
                    "Parent Relationship": "Outer",
                    "Parallel Aware": false,
                    "Relation Name": "movie_keyword",
                    "Schema": "public",
                    "Alias": "mk",
                    "Startup Cost": 698.25,
                    "Total Cost": 26865.41,
                    "Plan Rows": 32751,
                    "Plan Width": 0,
                    "Actual Startup Time": 4.009,
                    "Actual Total Time": 20.538,
                    "Actual Rows": 29618,
                    "Actual Loops": 1,
                    "Recheck Cond": "(mk.keyword_id > 110761)",
                    "Rows Removed by Index Recheck": 0,
                    "Exact Heap Blocks": 8464,
                    "Lossy Heap Blocks": 0,
                    "Plans": [
                        {
                            "Node Type": "Bitmap Index Scan",
                            "Parent Relationship": "Outer",
                            "Parallel Aware": false,
                            "Index Name": "keyword_id_movie_keyword",
                            "Startup Cost": 0.0,
                            "Total Cost": 690.06,
                            "Plan Rows": 32751,
                            "Plan Width": 0,
                            "Actual Startup Time": 2.715,
                            "Actual Total Time": 2.715,
                            "Actual Rows": 29618,
                            "Actual Loops": 1,
                            "Index Cond": "(mk.keyword_id > 110761)"
                        }
                    ]
                }
            ]
        },
        "Planning Time": 201.447,
        "Triggers": [],
        "Execution Time": 22.371
    }
]