[
  {
    "Plan": {
      "Node Type": "Aggregate",
      "Strategy": "Plain",
      "Partial Mode": "Finalize",
      "Parallel Aware": false,
      "Startup Cost": 108918.68,
      "Total Cost": 108918.69,
      "Plan Rows": 1,
      "Plan Width": 8,
      "Actual Startup Time": 464.498,
      "Actual Total Time": 483.713,
      "Actual Rows": 1,
      "Actual Loops": 1,
      "Plans": [
        {
          "Node Type": "Gather",
          "Parent Relationship": "Outer",
          "Parallel Aware": false,
          "Startup Cost": 108918.36,
          "Total Cost": 108918.67,
          "Plan Rows": 3,
          "Plan Width": 8,
          "Actual Startup Time": 461.863,
          "Actual Total Time": 483.703,
          "Actual Rows": 4,
          "Actual Loops": 1,
          "Workers Planned": 3,
          "Workers Launched": 3,
          "Single Copy": false,
          "Plans": [
            {
              "Node Type": "Aggregate",
              "Strategy": "Plain",
              "Partial Mode": "Partial",
              "Parent Relationship": "Outer",
              "Parallel Aware": false,
              "Startup Cost": 107918.36,
              "Total Cost": 107918.37,
              "Plan Rows": 1,
              "Plan Width": 8,
              "Actual Startup Time": 452.783,
              "Actual Total Time": 452.917,
              "Actual Rows": 1,
              "Actual Loops": 4,
              "Plans": [
                {
                  "Node Type": "Hash Join",
                  "Parent Relationship": "Outer",
                  "Parallel Aware": true,
                  "Join Type": "Inner",
                  "Startup Cost": 62111.82,
                  "Total Cost": 107819.6,
                  "Plan Rows": 39505,
                  "Plan Width": 0,
                  "Actual Startup Time": 269.919,
                  "Actual Total Time": 431.427,
                  "Actual Rows": 559427,
                  "Actual Loops": 4,
                  "Inner Unique": false,
                  "Hash Cond": "(mk.movie_id = t.id)",
                  "Plans": [
                    {
                      "Node Type": "Seq Scan",
                      "Parent Relationship": "Outer",
                      "Parallel Aware": true,
                      "Relation Name": "movie_keyword",
                      "Alias": "mk",
                      "Startup Cost": 0.0,
                      "Total Cost": 42695.65,
                      "Plan Rows": 759337,
                      "Plan Width": 4,
                      "Actual Startup Time": 0.029,
                      "Actual Total Time": 101.764,
                      "Actual Rows": 588008,
                      "Actual Loops": 4,
                      "Filter": "(keyword_id < 5274)",
                      "Rows Removed by Filter": 542974
                    },
                    {
                      "Node Type": "Hash",
                      "Parent Relationship": "Inner",
                      "Parallel Aware": true,
                      "Startup Cost": 61426.73,
                      "Total Cost": 61426.73,
                      "Plan Rows": 54807,
                      "Plan Width": 8,
                      "Actual Startup Time": 238.375,
                      "Actual Total Time": 238.508,
                      "Actual Rows": 84094,
                      "Actual Loops": 4,
                      "Hash Buckets": 524288,
                      "Original Hash Buckets": 262144,
                      "Hash Batches": 1,
                      "Original Hash Batches": 1,
                      "Peak Memory Usage": 19360,
                      "Plans": [
                        {
                          "Node Type": "Hash Join",
                          "Parent Relationship": "Outer",
                          "Parallel Aware": true,
                          "Join Type": "Inner",
                          "Startup Cost": 46232.17,
                          "Total Cost": 61426.73,
                          "Plan Rows": 54807,
                          "Plan Width": 8,
                          "Actual Startup Time": 161.391,
                          "Actual Total Time": 212.679,
                          "Actual Rows": 84094,
                          "Actual Loops": 4,
                          "Inner Unique": true,
                          "Hash Cond": "(mi_idx.movie_id = t.id)",
                          "Plans": [
                            {
                              "Node Type": "Seq Scan",
                              "Parent Relationship": "Outer",
                              "Parallel Aware": true,
                              "Relation Name": "movie_info_idx",
                              "Alias": "mi_idx",
                              "Startup Cost": 0.0,
                              "Total Cost": 13685.15,
                              "Plan Rows": 575015,
                              "Plan Width": 4,
                              "Actual Startup Time": 0.022,
                              "Actual Total Time": 28.987,
                              "Actual Rows": 345009,
                              "Actual Loops": 4
                            },
                            {
                              "Node Type": "Hash",
                              "Parent Relationship": "Inner",
                              "Parallel Aware": true,
                              "Startup Cost": 45479.1,
                              "Total Cost": 45479.1,
                              "Plan Rows": 60246,
                              "Plan Width": 4,
                              "Actual Startup Time": 132.989,
                              "Actual Total Time": 132.99,
                              "Actual Rows": 89886,
                              "Actual Loops": 4,
                              "Hash Buckets": 524288,
                              "Original Hash Buckets": 262144,
                              "Hash Batches": 1,
                              "Original Hash Batches": 1,
                              "Peak Memory Usage": 20288,
                              "Plans": [
                                {
                                  "Node Type": "Seq Scan",
                                  "Parent Relationship": "Outer",
                                  "Parallel Aware": true,
                                  "Relation Name": "title",
                                  "Alias": "t",
                                  "Startup Cost": 0.0,
                                  "Total Cost": 45479.1,
                                  "Plan Rows": 60246,
                                  "Plan Width": 4,
                                  "Actual Startup Time": 59.661,
                                  "Actual Total Time": 99.634,
                                  "Actual Rows": 89886,
                                  "Actual Loops": 4,
                                  "Filter": "((production_year < 1998) AND (kind_id = 1))",
                                  "Rows Removed by Filter": 542192
                                }
                              ]
                            }
                          ]
                        }
                      ]
                    }
                  ]
                }
              ]
            }
          ]
        }
      ]
    },
    "Planning Time": 1.306,
    "Triggers": [],
    "Execution Time": 483.799
  }
]