[
  {
    "Plan": {
      "Node Type": "Aggregate",
      "Strategy": "Plain",
      "Partial Mode": "Finalize",
      "Parallel Aware": false,
      "Startup Cost": 96211.75,
      "Total Cost": 96211.76,
      "Plan Rows": 1,
      "Plan Width": 8,
      "Actual Startup Time": 499.436,
      "Actual Total Time": 515.075,
      "Actual Rows": 1,
      "Actual Loops": 1,
      "Plans": [
        {
          "Node Type": "Gather",
          "Parent Relationship": "Outer",
          "Parallel Aware": false,
          "Startup Cost": 96211.43,
          "Total Cost": 96211.74,
          "Plan Rows": 3,
          "Plan Width": 8,
          "Actual Startup Time": 489.6,
          "Actual Total Time": 515.064,
          "Actual Rows": 4,
          "Actual Loops": 1,
          "Workers Planned": 3,
          "Workers Launched": 3,
          "Single Copy": false,
          "Plans": [
            {
              "Node Type": "Aggregate",
              "Strategy": "Plain",
              "Partial Mode": "Partial",
              "Parent Relationship": "Outer",
              "Parallel Aware": false,
              "Startup Cost": 95211.43,
              "Total Cost": 95211.44,
              "Plan Rows": 1,
              "Plan Width": 8,
              "Actual Startup Time": 477.325,
              "Actual Total Time": 477.329,
              "Actual Rows": 1,
              "Actual Loops": 4,
              "Plans": [
                {
                  "Node Type": "Hash Join",
                  "Parent Relationship": "Outer",
                  "Parallel Aware": true,
                  "Join Type": "Inner",
                  "Startup Cost": 50286.98,
                  "Total Cost": 94241.83,
                  "Plan Rows": 387842,
                  "Plan Width": 0,
                  "Actual Startup Time": 289.886,
                  "Actual Total Time": 465.476,
                  "Actual Rows": 283878,
                  "Actual Loops": 4,
                  "Inner Unique": true,
                  "Hash Cond": "(mk.movie_id = t.id)",
                  "Plans": [
                    {
                      "Node Type": "Seq Scan",
                      "Parent Relationship": "Outer",
                      "Parallel Aware": true,
                      "Relation Name": "movie_keyword",
                      "Alias": "mk",
                      "Startup Cost": 0.0,
                      "Total Cost": 42695.65,
                      "Plan Rows": 479693,
                      "Plan Width": 4,
                      "Actual Startup Time": 0.032,
                      "Actual Total Time": 97.029,
                      "Actual Rows": 375215,
                      "Actual Loops": 4,
                      "Filter": "(keyword_id < 2163)",
                      "Rows Removed by Filter": 755768
                    },
                    {
                      "Node Type": "Hash",
                      "Parent Relationship": "Inner",
                      "Parallel Aware": true,
                      "Startup Cost": 43898.92,
                      "Total Cost": 43898.92,
                      "Plan Rows": 511045,
                      "Plan Width": 4,
                      "Actual Startup Time": 281.82,
                      "Actual Total Time": 281.821,
                      "Actual Rows": 508110,
                      "Actual Loops": 4,
                      "Hash Buckets": 2097152,
                      "Original Hash Buckets": 2097152,
                      "Hash Batches": 1,
                      "Original Hash Batches": 1,
                      "Peak Memory Usage": 95968,
                      "Plans": [
                        {
                          "Node Type": "Seq Scan",
                          "Parent Relationship": "Outer",
                          "Parallel Aware": true,
                          "Relation Name": "title",
                          "Alias": "t",
                          "Startup Cost": 0.0,
                          "Total Cost": 43898.92,
                          "Plan Rows": 511045,
                          "Plan Width": 4,
                          "Actual Startup Time": 0.036,
                          "Actual Total Time": 110.638,
                          "Actual Rows": 508110,
                          "Actual Loops": 4,
                          "Filter": "(production_year > 1973)",
                          "Rows Removed by Filter": 123968
                        }
                      ]
                    }
                  ]
                }
              ]
            }
          ]
        }
      ]
    },
    "Planning Time": 0.591,
    "Triggers": [],
    "Execution Time": 515.152
  }
]