[
  {
    "Plan": {
      "Node Type": "Aggregate",
      "Strategy": "Plain",
      "Partial Mode": "Finalize",
      "Parallel Aware": false,
      "Startup Cost": 343796.43,
      "Total Cost": 343796.44,
      "Plan Rows": 1,
      "Plan Width": 8,
      "Actual Startup Time": 972.526,
      "Actual Total Time": 1035.344,
      "Actual Rows": 1,
      "Actual Loops": 1,
      "Plans": [
        {
          "Node Type": "Gather",
          "Parent Relationship": "Outer",
          "Parallel Aware": false,
          "Startup Cost": 343795.81,
          "Total Cost": 343796.42,
          "Plan Rows": 6,
          "Plan Width": 8,
          "Actual Startup Time": 972.373,
          "Actual Total Time": 1035.325,
          "Actual Rows": 7,
          "Actual Loops": 1,
          "Workers Planned": 6,
          "Workers Launched": 6,
          "Single Copy": false,
          "Plans": [
            {
              "Node Type": "Aggregate",
              "Strategy": "Plain",
              "Partial Mode": "Partial",
              "Parent Relationship": "Outer",
              "Parallel Aware": false,
              "Startup Cost": 342795.81,
              "Total Cost": 342795.82,
              "Plan Rows": 1,
              "Plan Width": 8,
              "Actual Startup Time": 963.271,
              "Actual Total Time": 963.274,
              "Actual Rows": 1,
              "Actual Loops": 7,
              "Plans": [
                {
                  "Node Type": "Seq Scan",
                  "Parent Relationship": "Outer",
                  "Parallel Aware": true,
                  "Relation Name": "cast_info",
                  "Alias": "ci",
                  "Startup Cost": 0.0,
                  "Total Cost": 328211.39,
                  "Plan Rows": 5833767,
                  "Plan Width": 0,
                  "Actual Startup Time": 0.058,
                  "Actual Total Time": 704.397,
                  "Actual Rows": 5008580,
                  "Actual Loops": 7,
                  "Filter": "(person_id < 3832358)",
                  "Rows Removed by Filter": 169183
                }
              ]
            }
          ]
        }
      ]
    },
    "Planning Time": 0.115,
    "Triggers": [],
    "Execution Time": 1035.398
  }
]