[
  {
    "Plan": {
      "Node Type": "Aggregate",
      "Strategy": "Plain",
      "Partial Mode": "Finalize",
      "Parallel Aware": false,
      "Startup Cost": 344231.84,
      "Total Cost": 344231.85,
      "Plan Rows": 1,
      "Plan Width": 8,
      "Actual Startup Time": 902.409,
      "Actual Total Time": 966.532,
      "Actual Rows": 1,
      "Actual Loops": 1,
      "Plans": [
        {
          "Node Type": "Gather",
          "Parent Relationship": "Outer",
          "Parallel Aware": false,
          "Startup Cost": 344231.21,
          "Total Cost": 344231.82,
          "Plan Rows": 6,
          "Plan Width": 8,
          "Actual Startup Time": 902.259,
          "Actual Total Time": 966.522,
          "Actual Rows": 7,
          "Actual Loops": 1,
          "Workers Planned": 6,
          "Workers Launched": 6,
          "Single Copy": false,
          "Plans": [
            {
              "Node Type": "Aggregate",
              "Strategy": "Plain",
              "Partial Mode": "Partial",
              "Parent Relationship": "Outer",
              "Parallel Aware": false,
              "Startup Cost": 343231.21,
              "Total Cost": 343231.22,
              "Plan Rows": 1,
              "Plan Width": 8,
              "Actual Startup Time": 893.033,
              "Actual Total Time": 893.034,
              "Actual Rows": 1,
              "Actual Loops": 7,
              "Plans": [
                {
                  "Node Type": "Seq Scan",
                  "Parent Relationship": "Outer",
                  "Parallel Aware": true,
                  "Relation Name": "cast_info",
                  "Alias": "ci",
                  "Startup Cost": 0.0,
                  "Total Cost": 328162.03,
                  "Plan Rows": 6027674,
                  "Plan Width": 0,
                  "Actual Startup Time": 1.418,
                  "Actual Total Time": 670.098,
                  "Actual Rows": 5168648,
                  "Actual Loops": 7,
                  "Filter": "(person_id > 7441)",
                  "Rows Removed by Filter": 9116
                }
              ]
            }
          ]
        }
      ]
    },
    "Planning Time": 0.308,
    "Triggers": [],
    "Execution Time": 966.611
  }
]