[
  {
    "Plan": {
      "Node Type": "Aggregate",
      "Strategy": "Plain",
      "Partial Mode": "Finalize",
      "Parallel Aware": false,
      "Startup Cost": 75214.28,
      "Total Cost": 75214.29,
      "Plan Rows": 1,
      "Plan Width": 8,
      "Actual Startup Time": 194.195,
      "Actual Total Time": 205.223,
      "Actual Rows": 1,
      "Actual Loops": 1,
      "Plans": [
        {
          "Node Type": "Gather",
          "Parent Relationship": "Outer",
          "Parallel Aware": false,
          "Startup Cost": 75213.96,
          "Total Cost": 75214.27,
          "Plan Rows": 3,
          "Plan Width": 8,
          "Actual Startup Time": 193.834,
          "Actual Total Time": 205.214,
          "Actual Rows": 4,
          "Actual Loops": 1,
          "Workers Planned": 3,
          "Workers Launched": 3,
          "Single Copy": false,
          "Plans": [
            {
              "Node Type": "Aggregate",
              "Strategy": "Plain",
              "Partial Mode": "Partial",
              "Parent Relationship": "Outer",
              "Parallel Aware": false,
              "Startup Cost": 74213.96,
              "Total Cost": 74213.97,
              "Plan Rows": 1,
              "Plan Width": 8,
              "Actual Startup Time": 184.253,
              "Actual Total Time": 184.257,
              "Actual Rows": 1,
              "Actual Loops": 4,
              "Plans": [
                {
                  "Node Type": "Nested Loop",
                  "Parent Relationship": "Outer",
                  "Parallel Aware": false,
                  "Join Type": "Inner",
                  "Startup Cost": 35287.86,
                  "Total Cost": 74206.95,
                  "Plan Rows": 2804,
                  "Plan Width": 0,
                  "Actual Startup Time": 89.794,
                  "Actual Total Time": 184.182,
                  "Actual Rows": 340,
                  "Actual Loops": 4,
                  "Inner Unique": true,
                  "Join Filter": "(mc.movie_id = t.id)",
                  "Rows Removed by Join Filter": 0,
                  "Plans": [
                    {
                      "Node Type": "Hash Join",
                      "Parent Relationship": "Outer",
                      "Parallel Aware": true,
                      "Join Type": "Inner",
                      "Startup Cost": 35287.43,
                      "Total Cost": 63707.04,
                      "Plan Rows": 14597,
                      "Plan Width": 8,
                      "Actual Startup Time": 89.621,
                      "Actual Total Time": 180.804,
                      "Actual Rows": 340,
                      "Actual Loops": 4,
                      "Inner Unique": false,
                      "Hash Cond": "(mk.movie_id = mc.movie_id)",
                      "Plans": [
                        {
                          "Node Type": "Bitmap Heap Scan",
                          "Parent Relationship": "Outer",
                          "Parallel Aware": true,
                          "Relation Name": "movie_keyword",
                          "Alias": "mk",
                          "Startup Cost": 14724.0,
                          "Total Cost": 41976.95,
                          "Plan Rows": 223915,
                          "Plan Width": 4,
                          "Actual Startup Time": 60.147,
                          "Actual Total Time": 136.586,
                          "Actual Rows": 170575,
                          "Actual Loops": 4,
                          "Recheck Cond": "(keyword_id > 27548)",
                          "Rows Removed by Index Recheck": 0,
                          "Exact Heap Blocks": 7524,
                          "Lossy Heap Blocks": 0,
                          "Plans": [
                            {
                              "Node Type": "Bitmap Index Scan",
                              "Parent Relationship": "Outer",
                              "Parallel Aware": false,
                              "Index Name": "keyword_id_movie_keyword",
                              "Startup Cost": 0.0,
                              "Total Cost": 14550.47,
                              "Plan Rows": 694138,
                              "Plan Width": 0,
                              "Actual Startup Time": 54.356,
                              "Actual Total Time": 54.357,
                              "Actual Rows": 682299,
                              "Actual Loops": 1,
                              "Index Cond": "(keyword_id > 27548)"
                            }
                          ]
                        },
                        {
                          "Node Type": "Hash",
                          "Parent Relationship": "Inner",
                          "Parallel Aware": true,
                          "Startup Cost": 20435.76,
                          "Total Cost": 20435.76,
                          "Plan Rows": 10213,
                          "Plan Width": 4,
                          "Actual Startup Time": 22.02,
                          "Actual Total Time": 22.021,
                          "Actual Rows": 1644,
                          "Actual Loops": 4,
                          "Hash Buckets": 32768,
                          "Original Hash Buckets": 32768,
                          "Hash Batches": 1,
                          "Original Hash Batches": 1,
                          "Peak Memory Usage": 608,
                          "Plans": [
                            {
                              "Node Type": "Bitmap Heap Scan",
                              "Parent Relationship": "Outer",
                              "Parallel Aware": true,
                              "Relation Name": "movie_companies",
                              "Alias": "mc",
                              "Startup Cost": 1344.03,
                              "Total Cost": 20435.76,
                              "Plan Rows": 10213,
                              "Plan Width": 4,
                              "Actual Startup Time": 19.524,
                              "Actual Total Time": 21.267,
                              "Actual Rows": 1644,
                              "Actual Loops": 4,
                              "Recheck Cond": "(company_id = 6)",
                              "Rows Removed by Index Recheck": 0,
                              "Filter": "(company_type_id > 1)",
                              "Rows Removed by Filter": 13874,
                              "Exact Heap Blocks": 3895,
                              "Lossy Heap Blocks": 0,
                              "Plans": [
                                {
                                  "Node Type": "Bitmap Index Scan",
                                  "Parent Relationship": "Outer",
                                  "Parallel Aware": false,
                                  "Index Name": "company_id_movie_companies",
                                  "Startup Cost": 0.0,
                                  "Total Cost": 1336.12,
                                  "Plan Rows": 62358,
                                  "Plan Width": 0,
                                  "Actual Startup Time": 9.199,
                                  "Actual Total Time": 9.199,
                                  "Actual Rows": 62075,
                                  "Actual Loops": 1,
                                  "Index Cond": "(company_id = 6)"
                                }
                              ]
                            }
                          ]
                        }
                      ]
                    },
                    {
                      "Node Type": "Index Only Scan",
                      "Parent Relationship": "Inner",
                      "Parallel Aware": false,
                      "Scan Direction": "Forward",
                      "Index Name": "title_pkey",
                      "Relation Name": "title",
                      "Alias": "t",
                      "Startup Cost": 0.43,
                      "Total Cost": 0.71,
                      "Plan Rows": 1,
                      "Plan Width": 4,
                      "Actual Startup Time": 0.009,
                      "Actual Total Time": 0.009,
                      "Actual Rows": 1,
                      "Actual Loops": 1360,
                      "Index Cond": "(id = mk.movie_id)",
                      "Rows Removed by Index Recheck": 0,
                      "Heap Fetches": 1360
                    }
                  ]
                }
              ]
            }
          ]
        }
      ]
    },
    "Planning Time": 1.409,
    "Triggers": [],
    "Execution Time": 205.339
  }
]