{
  "Plan": {
    "Node Type": "Aggregate",
    "Strategy": "Plain",
    "Partial Mode": "Finalize",
    "Parallel Aware": false,
    "Startup Cost": 713054.8,
    "Total Cost": 713054.81,
    "Plan Rows": 1,
    "Plan Width": 8,
    "Actual Startup Time": 3361.562,
    "Actual Total Time": 3404.086,
    "Actual Rows": 1,
    "Actual Loops": 1,
    "Plans": [
      {
        "Node Type": "Gather",
        "Parent Relationship": "Outer",
        "Parallel Aware": false,
        "Startup Cost": 713054.68,
        "Total Cost": 713054.79,
        "Plan Rows": 1,
        "Plan Width": 8,
        "Actual Startup Time": 3358.808,
        "Actual Total Time": 3404.075,
        "Actual Rows": 2,
        "Actual Loops": 1,
        "Workers Planned": 1,
        "Workers Launched": 1,
        "Single Copy": false,
        "Plans": [
          {
            "Node Type": "Aggregate",
            "Strategy": "Plain",
            "Partial Mode": "Partial",
            "Parent Relationship": "Outer",
            "Parallel Aware": false,
            "Startup Cost": 712054.68,
            "Total Cost": 712054.69,
            "Plan Rows": 1,
            "Plan Width": 8,
            "Actual Startup Time": 3353.526,
            "Actual Total Time": 3353.531,
            "Actual Rows": 1,
            "Actual Loops": 2,
            "Plans": [
              {
                "Node Type": "Hash Join",
                "Parent Relationship": "Outer",
                "Parallel Aware": true,
                "Join Type": "Inner",
                "Startup Cost": 362573.37,
                "Total Cost": 707235.35,
                "Plan Rows": 1927735,
                "Plan Width": 0,
                "Actual Startup Time": 1592.574,
                "Actual Total Time": 3210.042,
                "Actual Rows": 3427087,
                "Actual Loops": 2,
                "Inner Unique": false,
                "Hash Cond": "(ci.movie_id = t.id)",
                "Plans": [
                  {
                    "Node Type": "Bitmap Heap Scan",
                    "Parent Relationship": "Outer",
                    "Parallel Aware": true,
                    "Relation Name": "cast_info",
                    "Alias": "ci",
                    "Startup Cost": 186317.24,
                    "Total Cost": 501031.45,
                    "Plan Rows": 4962176,
                    "Plan Width": 4,
                    "Actual Startup Time": 393.716,
                    "Actual Total Time": 829.989,
                    "Actual Rows": 4287068,
                    "Actual Loops": 2,
                    "Recheck Cond": "(person_id < 842615)",
                    "Rows Removed by Index Recheck": 0,
                    "Exact Heap Blocks": 47652,
                    "Lossy Heap Blocks": 0,
                    "Plans": [
                      {
                        "Node Type": "Bitmap Index Scan",
                        "Parent Relationship": "Outer",
                        "Parallel Aware": false,
                        "Index Name": "person_id_cast_info",
                        "Startup Cost": 0.0,
                        "Total Cost": 184208.32,
                        "Plan Rows": 8435700,
                        "Plan Width": 0,
                        "Actual Startup Time": 378.077,
                        "Actual Total Time": 378.078,
                        "Actual Rows": 8574137,
                        "Actual Loops": 1,
                        "Index Cond": "(person_id < 842615)"
                      }
                    ]
                  },
                  {
                    "Node Type": "Hash",
                    "Parent Relationship": "Inner",
                    "Parallel Aware": true,
                    "Startup Cost": 169034.03,
                    "Total Cost": 169034.03,
                    "Plan Rows": 577768,
                    "Plan Width": 8,
                    "Actual Startup Time": 1190.045,
                    "Actual Total Time": 1190.047,
                    "Actual Rows": 472287,
                    "Actual Loops": 2,
                    "Hash Buckets": 1048576,
                    "Original Hash Buckets": 1048576,
                    "Hash Batches": 1,
                    "Original Hash Batches": 1,
                    "Peak Memory Usage": 45184,
                    "Plans": [
                      {
                        "Node Type": "Merge Join",
                        "Parent Relationship": "Outer",
                        "Parallel Aware": false,
                        "Join Type": "Inner",
                        "Startup Cost": 2.97,
                        "Total Cost": 169034.03,
                        "Plan Rows": 577768,
                        "Plan Width": 8,
                        "Actual Startup Time": 0.322,
                        "Actual Total Time": 1079.114,
                        "Actual Rows": 472287,
                        "Actual Loops": 2,
                        "Inner Unique": false,
                        "Merge Cond": "(t.id = mi_idx.movie_id)",
                        "Plans": [
                          {
                            "Node Type": "Index Scan",
                            "Parent Relationship": "Outer",
                            "Parallel Aware": true,
                            "Scan Direction": "Forward",
                            "Index Name": "title_pkey",
                            "Relation Name": "title",
                            "Alias": "t",
                            "Startup Cost": 0.43,
                            "Total Cost": 103647.43,
                            "Plan Rows": 1058501,
                            "Plan Width": 4,
                            "Actual Startup Time": 0.078,
                            "Actual Total Time": 676.821,
                            "Actual Rows": 896381,
                            "Actual Loops": 2,
                            "Filter": "(production_year > 1988)",
                            "Rows Removed by Filter": 366571
                          },
                          {
                            "Node Type": "Index Only Scan",
                            "Parent Relationship": "Inner",
                            "Parallel Aware": false,
                            "Scan Direction": "Forward",
                            "Index Name": "movie_id_movie_info_idx",
                            "Relation Name": "movie_info_idx",
                            "Alias": "mi_idx",
                            "Startup Cost": 0.43,
                            "Total Cost": 53620.22,
                            "Plan Rows": 1380035,
                            "Plan Width": 4,
                            "Actual Startup Time": 0.135,
                            "Actual Total Time": 258.565,
                            "Actual Rows": 1380035,
                            "Actual Loops": 2,
                            "Heap Fetches": 2760070
                          }
                        ]
                      }
                    ]
                  }
                ]
              }
            ]
          }
        ]
      }
    ]
  },
  "Planning Time": 1.056,
  "Triggers": [],
  "Execution Time": 3404.209
}