[
  {
    "Plan": {
      "Node Type": "Aggregate",
      "Strategy": "Plain",
      "Partial Mode": "Simple",
      "Parallel Aware": false,
      "Startup Cost": 11615.4,
      "Total Cost": 11615.41,
      "Plan Rows": 1,
      "Plan Width": 8,
      "Actual Startup Time": 12.114,
      "Actual Total Time": 12.115,
      "Actual Rows": 1,
      "Actual Loops": 1,
      "Plans": [
        {
          "Node Type": "Bitmap Heap Scan",
          "Parent Relationship": "Outer",
          "Parallel Aware": false,
          "Relation Name": "movie_companies",
          "Alias": "mc",
          "Startup Cost": 111.56,
          "Total Cost": 11608.89,
          "Plan Rows": 2605,
          "Plan Width": 0,
          "Actual Startup Time": 8.863,
          "Actual Total Time": 11.899,
          "Actual Rows": 1626,
          "Actual Loops": 1,
          "Recheck Cond": "(company_id = 475)",
          "Rows Removed by Index Recheck": 0,
          "Filter": "(company_type_id = 2)",
          "Rows Removed by Filter": 3454,
          "Exact Heap Blocks": 3665,
          "Lossy Heap Blocks": 0,
          "Plans": [
            {
              "Node Type": "Bitmap Index Scan",
              "Parent Relationship": "Outer",
              "Parallel Aware": false,
              "Index Name": "company_id_movie_companies",
              "Startup Cost": 0.0,
              "Total Cost": 110.91,
              "Plan Rows": 5131,
              "Plan Width": 0,
              "Actual Startup Time": 1.693,
              "Actual Total Time": 1.694,
              "Actual Rows": 5080,
              "Actual Loops": 1,
              "Index Cond": "(company_id = 475)"
            }
          ]
        }
      ]
    },
    "Planning Time": 0.207,
    "Triggers": [],
    "Execution Time": 12.181
  }
]