[
  {
    "Plan": {
      "Node Type": "Aggregate",
      "Strategy": "Plain",
      "Partial Mode": "Finalize",
      "Parallel Aware": false,
      "Startup Cost": 33024.99,
      "Total Cost": 33025.0,
      "Plan Rows": 1,
      "Plan Width": 8,
      "Actual Startup Time": 114.98,
      "Actual Total Time": 124.423,
      "Actual Rows": 1,
      "Actual Loops": 1,
      "Plans": [
        {
          "Node Type": "Gather",
          "Parent Relationship": "Outer",
          "Parallel Aware": false,
          "Startup Cost": 33024.67,
          "Total Cost": 33024.98,
          "Plan Rows": 3,
          "Plan Width": 8,
          "Actual Startup Time": 114.822,
          "Actual Total Time": 124.416,
          "Actual Rows": 4,
          "Actual Loops": 1,
          "Workers Planned": 3,
          "Workers Launched": 3,
          "Single Copy": false,
          "Plans": [
            {
              "Node Type": "Aggregate",
              "Strategy": "Plain",
              "Partial Mode": "Partial",
              "Parent Relationship": "Outer",
              "Parallel Aware": false,
              "Startup Cost": 32024.67,
              "Total Cost": 32024.68,
              "Plan Rows": 1,
              "Plan Width": 8,
              "Actual Startup Time": 106.413,
              "Actual Total Time": 106.414,
              "Actual Rows": 1,
              "Actual Loops": 4,
              "Plans": [
                {
                  "Node Type": "Seq Scan",
                  "Parent Relationship": "Outer",
                  "Parallel Aware": true,
                  "Relation Name": "movie_companies",
                  "Alias": "mc",
                  "Startup Cost": 0.0,
                  "Total Cost": 31414.82,
                  "Plan Rows": 243941,
                  "Plan Width": 0,
                  "Actual Startup Time": 0.041,
                  "Actual Total Time": 89.387,
                  "Actual Rows": 263814,
                  "Actual Loops": 4,
                  "Filter": "((company_id < 14847) AND (company_type_id = 1))",
                  "Rows Removed by Filter": 388468
                }
              ]
            }
          ]
        }
      ]
    },
    "Planning Time": 0.088,
    "Triggers": [],
    "Execution Time": 124.453
  }
]