{
  "Plan": {
    "Node Type": "Aggregate",
    "Strategy": "Plain",
    "Partial Mode": "Finalize",
    "Parallel Aware": false,
    "Startup Cost": 79487.67,
    "Total Cost": 79487.68,
    "Plan Rows": 1,
    "Plan Width": 8,
    "Actual Startup Time": 229.767,
    "Actual Total Time": 241.107,
    "Actual Rows": 1,
    "Actual Loops": 1,
    "Plans": [
      {
        "Node Type": "Gather",
        "Parent Relationship": "Outer",
        "Parallel Aware": false,
        "Startup Cost": 79487.56,
        "Total Cost": 79487.67,
        "Plan Rows": 1,
        "Plan Width": 8,
        "Actual Startup Time": 229.472,
        "Actual Total Time": 241.099,
        "Actual Rows": 2,
        "Actual Loops": 1,
        "Workers Planned": 1,
        "Workers Launched": 1,
        "Single Copy": false,
        "Plans": [
          {
            "Node Type": "Aggregate",
            "Strategy": "Plain",
            "Partial Mode": "Partial",
            "Parent Relationship": "Outer",
            "Parallel Aware": false,
            "Startup Cost": 78487.56,
            "Total Cost": 78487.57,
            "Plan Rows": 1,
            "Plan Width": 8,
            "Actual Startup Time": 223.434,
            "Actual Total Time": 223.438,
            "Actual Rows": 1,
            "Actual Loops": 2,
            "Plans": [
              {
                "Node Type": "Hash Join",
                "Parent Relationship": "Outer",
                "Parallel Aware": true,
                "Join Type": "Inner",
                "Startup Cost": 38458.56,
                "Total Cost": 78483.1,
                "Plan Rows": 1783,
                "Plan Width": 0,
                "Actual Startup Time": 137.264,
                "Actual Total Time": 223.34,
                "Actual Rows": 1657,
                "Actual Loops": 2,
                "Inner Unique": true,
                "Hash Cond": "(mc.movie_id = t.id)",
                "Plans": [
                  {
                    "Node Type": "Seq Scan",
                    "Parent Relationship": "Outer",
                    "Parallel Aware": true,
                    "Relation Name": "movie_companies",
                    "Alias": "mc",
                    "Startup Cost": 0.0,
                    "Total Cost": 37974.77,
                    "Plan Rows": 780865,
                    "Plan Width": 4,
                    "Actual Startup Time": 14.414,
                    "Actual Total Time": 111.082,
                    "Actual Rows": 666869,
                    "Actual Loops": 2,
                    "Filter": "(company_id > 11203)",
                    "Rows Removed by Filter": 637696
                  },
                  {
                    "Node Type": "Hash",
                    "Parent Relationship": "Inner",
                    "Parallel Aware": true,
                    "Startup Cost": 38416.11,
                    "Total Cost": 38416.11,
                    "Plan Rows": 3396,
                    "Plan Width": 4,
                    "Actual Startup Time": 66.894,
                    "Actual Total Time": 66.896,
                    "Actual Rows": 2770,
                    "Actual Loops": 2,
                    "Hash Buckets": 8192,
                    "Original Hash Buckets": 8192,
                    "Hash Batches": 1,
                    "Original Hash Batches": 1,
                    "Peak Memory Usage": 320,
                    "Plans": [
                      {
                        "Node Type": "Bitmap Heap Scan",
                        "Parent Relationship": "Outer",
                        "Parallel Aware": true,
                        "Relation Name": "title",
                        "Alias": "t",
                        "Startup Cost": 1617.98,
                        "Total Cost": 38416.11,
                        "Plan Rows": 3396,
                        "Plan Width": 4,
                        "Actual Startup Time": 21.862,
                        "Actual Total Time": 65.995,
                        "Actual Rows": 2770,
                        "Actual Loops": 2,
                        "Recheck Cond": "(kind_id = 2)",
                        "Rows Removed by Index Recheck": 0,
                        "Filter": "(production_year = 2012)",
                        "Rows Removed by Filter": 42656,
                        "Exact Heap Blocks": 21338,
                        "Lossy Heap Blocks": 0,
                        "Plans": [
                          {
                            "Node Type": "Bitmap Index Scan",
                            "Parent Relationship": "Outer",
                            "Parallel Aware": false,
                            "Index Name": "kind_id_title",
                            "Startup Cost": 0.0,
                            "Total Cost": 1616.54,
                            "Plan Rows": 90681,
                            "Plan Width": 0,
                            "Actual Startup Time": 18.409,
                            "Actual Total Time": 18.409,
                            "Actual Rows": 90852,
                            "Actual Loops": 1,
                            "Index Cond": "(kind_id = 2)"
                          }
                        ]
                      }
                    ]
                  }
                ]
              }
            ]
          }
        ]
      }
    ]
  },
  "Planning Time": 0.478,
  "Triggers": [],
  "Execution Time": 241.198
}