{
  "Plan": {
    "Node Type": "Aggregate",
    "Strategy": "Plain",
    "Partial Mode": "Simple",
    "Parallel Aware": false,
    "Startup Cost": 6309.9,
    "Total Cost": 6309.91,
    "Plan Rows": 1,
    "Plan Width": 96,
    "Actual Startup Time": 82.283,
    "Actual Total Time": 82.289,
    "Actual Rows": 1,
    "Actual Loops": 1,
    "Plans": [
      {
        "Node Type": "Nested Loop",
        "Parent Relationship": "Outer",
        "Parallel Aware": false,
        "Join Type": "Inner",
        "Startup Cost": 13.47,
        "Total Cost": 6309.63,
        "Plan Rows": 37,
        "Plan Width": 60,
        "Actual Startup Time": 10.976,
        "Actual Total Time": 82.081,
        "Actual Rows": 545,
        "Actual Loops": 1,
        "Inner Unique": true,
        "Join Filter": "(ml.movie_id = t.id)",
        "Rows Removed by Join Filter": 0,
        "Plans": [
          {
            "Node Type": "Nested Loop",
            "Parent Relationship": "Outer",
            "Parallel Aware": false,
            "Join Type": "Inner",
            "Startup Cost": 13.04,
            "Total Cost": 6280.49,
            "Plan Rows": 58,
            "Plan Width": 55,
            "Actual Startup Time": 8.153,
            "Actual Total Time": 79.767,
            "Actual Rows": 1311,
            "Actual Loops": 1,
            "Inner Unique": true,
            "Plans": [
              {
                "Node Type": "Hash Join",
                "Parent Relationship": "Outer",
                "Parallel Aware": false,
                "Join Type": "Inner",
                "Startup Cost": 12.62,
                "Total Cost": 6251.14,
                "Plan Rows": 65,
                "Plan Width": 40,
                "Actual Startup Time": 8.134,
                "Actual Total Time": 77.182,
                "Actual Rows": 1457,
                "Actual Loops": 1,
                "Inner Unique": true,
                "Hash Cond": "(mc.company_type_id = ct.id)",
                "Plans": [
                  {
                    "Node Type": "Nested Loop",
                    "Parent Relationship": "Outer",
                    "Parallel Aware": false,
                    "Join Type": "Inner",
                    "Startup Cost": 11.54,
                    "Total Cost": 6249.58,
                    "Plan Rows": 87,
                    "Plan Width": 44,
                    "Actual Startup Time": 7.921,
                    "Actual Total Time": 75.584,
                    "Actual Rows": 14662,
                    "Actual Loops": 1,
                    "Inner Unique": false,
                    "Join Filter": "(ml.movie_id = mc.movie_id)",
                    "Rows Removed by Join Filter": 0,
                    "Plans": [
                      {
                        "Node Type": "Nested Loop",
                        "Parent Relationship": "Outer",
                        "Parallel Aware": false,
                        "Join Type": "Inner",
                        "Startup Cost": 11.11,
                        "Total Cost": 6231.6,
                        "Plan Rows": 31,
                        "Plan Width": 8,
                        "Actual Startup Time": 7.897,
                        "Actual Total Time": 65.898,
                        "Actual Rows": 1593,
                        "Actual Loops": 1,
                        "Inner Unique": true,
                        "Join Filter": "(ml.link_type_id = lt.id)",
                        "Rows Removed by Join Filter": 9541,
                        "Plans": [
                          {
                            "Node Type": "Nested Loop",
                            "Parent Relationship": "Outer",
                            "Parallel Aware": false,
                            "Join Type": "Inner",
                            "Startup Cost": 11.11,
                            "Total Cost": 6222.49,
                            "Plan Rows": 31,
                            "Plan Width": 12,
                            "Actual Startup Time": 7.867,
                            "Actual Total Time": 64.195,
                            "Actual Rows": 1593,
                            "Actual Loops": 1,
                            "Inner Unique": false,
                            "Plans": [
                              {
                                "Node Type": "Nested Loop",
                                "Parent Relationship": "Outer",
                                "Parallel Aware": false,
                                "Join Type": "Inner",
                                "Startup Cost": 10.82,
                                "Total Cost": 6179.54,
                                "Plan Rows": 101,
                                "Plan Width": 4,
                                "Actual Startup Time": 7.838,
                                "Actual Total Time": 47.78,
                                "Actual Rows": 19534,
                                "Actual Loops": 1,
                                "Inner Unique": false,
                                "Plans": [
                                  {
                                    "Node Type": "Seq Scan",
                                    "Parent Relationship": "Outer",
                                    "Parallel Aware": false,
                                    "Relation Name": "keyword",
                                    "Alias": "k",
                                    "Startup Cost": 0.0,
                                    "Total Cost": 2793.84,
                                    "Plan Rows": 3,
                                    "Plan Width": 4,
                                    "Actual Startup Time": 1.183,
                                    "Actual Total Time": 13.838,
                                    "Actual Rows": 3,
                                    "Actual Loops": 1,
                                    "Filter": "(keyword = ANY ('{\"10,000-mile-club\",death,violence}'::text[]))",
                                    "Rows Removed by Filter": 134167
                                  },
                                  {
                                    "Node Type": "Bitmap Heap Scan",
                                    "Parent Relationship": "Inner",
                                    "Parallel Aware": false,
                                    "Relation Name": "movie_keyword",
                                    "Alias": "mk",
                                    "Startup Cost": 10.82,
                                    "Total Cost": 1125.49,
                                    "Plan Rows": 308,
                                    "Plan Width": 8,
                                    "Actual Startup Time": 2.798,
                                    "Actual Total Time": 10.668,
                                    "Actual Rows": 6511,
                                    "Actual Loops": 3,
                                    "Recheck Cond": "(keyword_id = k.id)",
                                    "Rows Removed by Index Recheck": 0,
                                    "Exact Heap Blocks": 15658,
                                    "Lossy Heap Blocks": 0,
                                    "Plans": [
                                      {
                                        "Node Type": "Bitmap Index Scan",
                                        "Parent Relationship": "Outer",
                                        "Parallel Aware": false,
                                        "Index Name": "keyword_id_movie_keyword",
                                        "Startup Cost": 0.0,
                                        "Total Cost": 10.74,
                                        "Plan Rows": 308,
                                        "Plan Width": 0,
                                        "Actual Startup Time": 1.307,
                                        "Actual Total Time": 1.307,
                                        "Actual Rows": 6511,
                                        "Actual Loops": 3,
                                        "Index Cond": "(keyword_id = k.id)"
                                      }
                                    ]
                                  }
                                ]
                              },
                              {
                                "Node Type": "Index Scan",
                                "Parent Relationship": "Inner",
                                "Parallel Aware": false,
                                "Scan Direction": "Forward",
                                "Index Name": "movie_id_movie_link",
                                "Relation Name": "movie_link",
                                "Alias": "ml",
                                "Startup Cost": 0.29,
                                "Total Cost": 0.38,
                                "Plan Rows": 5,
                                "Plan Width": 8,
                                "Actual Startup Time": 0.001,
                                "Actual Total Time": 0.001,
                                "Actual Rows": 0,
                                "Actual Loops": 19534,
                                "Index Cond": "(movie_id = mk.movie_id)",
                                "Rows Removed by Index Recheck": 0
                              }
                            ]
                          },
                          {
                            "Node Type": "Materialize",
                            "Parent Relationship": "Inner",
                            "Parallel Aware": false,
                            "Startup Cost": 0.0,
                            "Total Cost": 1.27,
                            "Plan Rows": 18,
                            "Plan Width": 4,
                            "Actual Startup Time": 0.0,
                            "Actual Total Time": 0.0,
                            "Actual Rows": 7,
                            "Actual Loops": 1593,
                            "Plans": [
                              {
                                "Node Type": "Seq Scan",
                                "Parent Relationship": "Outer",
                                "Parallel Aware": false,
                                "Relation Name": "link_type",
                                "Alias": "lt",
                                "Startup Cost": 0.0,
                                "Total Cost": 1.18,
                                "Plan Rows": 18,
                                "Plan Width": 4,
                                "Actual Startup Time": 0.012,
                                "Actual Total Time": 0.018,
                                "Actual Rows": 17,
                                "Actual Loops": 1
                              }
                            ]
                          }
                        ]
                      },
                      {
                        "Node Type": "Index Scan",
                        "Parent Relationship": "Inner",
                        "Parallel Aware": false,
                        "Scan Direction": "Forward",
                        "Index Name": "movie_id_movie_companies",
                        "Relation Name": "movie_companies",
                        "Alias": "mc",
                        "Startup Cost": 0.43,
                        "Total Cost": 0.54,
                        "Plan Rows": 3,
                        "Plan Width": 36,
                        "Actual Startup Time": 0.002,
                        "Actual Total Time": 0.005,
                        "Actual Rows": 9,
                        "Actual Loops": 1593,
                        "Index Cond": "(movie_id = mk.movie_id)",
                        "Rows Removed by Index Recheck": 0,
                        "Filter": "(note IS NOT NULL)",
                        "Rows Removed by Filter": 2
                      }
                    ]
                  },
                  {
                    "Node Type": "Hash",
                    "Parent Relationship": "Inner",
                    "Parallel Aware": false,
                    "Startup Cost": 1.05,
                    "Total Cost": 1.05,
                    "Plan Rows": 3,
                    "Plan Width": 4,
                    "Actual Startup Time": 0.029,
                    "Actual Total Time": 0.029,
                    "Actual Rows": 3,
                    "Actual Loops": 1,
                    "Hash Buckets": 1024,
                    "Original Hash Buckets": 1024,
                    "Hash Batches": 1,
                    "Original Hash Batches": 1,
                    "Peak Memory Usage": 9,
                    "Plans": [
                      {
                        "Node Type": "Seq Scan",
                        "Parent Relationship": "Outer",
                        "Parallel Aware": false,
                        "Relation Name": "company_type",
                        "Alias": "ct",
                        "Startup Cost": 0.0,
                        "Total Cost": 1.05,
                        "Plan Rows": 3,
                        "Plan Width": 4,
                        "Actual Startup Time": 0.019,
                        "Actual Total Time": 0.021,
                        "Actual Rows": 3,
                        "Actual Loops": 1,
                        "Filter": "((kind IS NOT NULL) AND ((kind)::text <> 'distributors'::text))",
                        "Rows Removed by Filter": 1
                      }
                    ]
                  }
                ]
              },
              {
                "Node Type": "Index Scan",
                "Parent Relationship": "Inner",
                "Parallel Aware": false,
                "Scan Direction": "Forward",
                "Index Name": "company_name_pkey",
                "Relation Name": "company_name",
                "Alias": "cn",
                "Startup Cost": 0.42,
                "Total Cost": 0.45,
                "Plan Rows": 1,
                "Plan Width": 23,
                "Actual Startup Time": 0.001,
                "Actual Total Time": 0.001,
                "Actual Rows": 1,
                "Actual Loops": 1457,
                "Index Cond": "(id = mc.company_id)",
                "Rows Removed by Index Recheck": 0,
                "Filter": "((country_code)::text <> '[pl]'::text)",
                "Rows Removed by Filter": 0
              }
            ]
          },
          {
            "Node Type": "Index Scan",
            "Parent Relationship": "Inner",
            "Parallel Aware": false,
            "Scan Direction": "Forward",
            "Index Name": "title_pkey",
            "Relation Name": "title",
            "Alias": "t",
            "Startup Cost": 0.43,
            "Total Cost": 0.49,
            "Plan Rows": 1,
            "Plan Width": 21,
            "Actual Startup Time": 0.001,
            "Actual Total Time": 0.001,
            "Actual Rows": 0,
            "Actual Loops": 1311,
            "Index Cond": "(id = mk.movie_id)",
            "Rows Removed by Index Recheck": 0,
            "Filter": "(production_year > 1995)",
            "Rows Removed by Filter": 1
          }
        ]
      }
    ]
  },
  "Planning Time": 1.419,
  "Triggers": [],
  "Execution Time": 82.424
}