[
  {
    "Plan": {
      "Node Type": "Aggregate",
      "Strategy": "Plain",
      "Partial Mode": "Finalize",
      "Parallel Aware": false,
      "Startup Cost": 36816.21,
      "Total Cost": 36816.22,
      "Plan Rows": 1,
      "Plan Width": 8,
      "Actual Startup Time": 130.498,
      "Actual Total Time": 138.526,
      "Actual Rows": 1,
      "Actual Loops": 1,
      "Plans": [
        {
          "Node Type": "Gather",
          "Parent Relationship": "Outer",
          "Parallel Aware": false,
          "Startup Cost": 36815.89,
          "Total Cost": 36816.2,
          "Plan Rows": 3,
          "Plan Width": 8,
          "Actual Startup Time": 130.164,
          "Actual Total Time": 138.509,
          "Actual Rows": 4,
          "Actual Loops": 1,
          "Workers Planned": 3,
          "Workers Launched": 3,
          "Single Copy": false,
          "Plans": [
            {
              "Node Type": "Aggregate",
              "Strategy": "Plain",
              "Partial Mode": "Partial",
              "Parent Relationship": "Outer",
              "Parallel Aware": false,
              "Startup Cost": 35815.89,
              "Total Cost": 35815.9,
              "Plan Rows": 1,
              "Plan Width": 8,
              "Actual Startup Time": 124.612,
              "Actual Total Time": 124.614,
              "Actual Rows": 1,
              "Actual Loops": 4,
              "Plans": [
                {
                  "Node Type": "Bitmap Heap Scan",
                  "Parent Relationship": "Outer",
                  "Parallel Aware": true,
                  "Relation Name": "movie_keyword",
                  "Alias": "mk",
                  "Startup Cost": 9251.91,
                  "Total Cost": 35464.23,
                  "Plan Rows": 140665,
                  "Plan Width": 0,
                  "Actual Startup Time": 49.557,
                  "Actual Total Time": 118.254,
                  "Actual Rows": 107646,
                  "Actual Loops": 4,
                  "Recheck Cond": "(keyword_id > 40630)",
                  "Rows Removed by Index Recheck": 0,
                  "Exact Heap Blocks": 10377,
                  "Lossy Heap Blocks": 0,
                  "Plans": [
                    {
                      "Node Type": "Bitmap Index Scan",
                      "Parent Relationship": "Outer",
                      "Parallel Aware": false,
                      "Index Name": "keyword_id_movie_keyword",
                      "Startup Cost": 0.0,
                      "Total Cost": 9142.9,
                      "Plan Rows": 436062,
                      "Plan Width": 0,
                      "Actual Startup Time": 50.88,
                      "Actual Total Time": 50.881,
                      "Actual Rows": 430586,
                      "Actual Loops": 1,
                      "Index Cond": "(keyword_id > 40630)"
                    }
                  ]
                }
              ]
            }
          ]
        }
      ]
    },
    "Planning Time": 0.192,
    "Triggers": [],
    "Execution Time": 138.606
  }
]