[
    {
        "Bao": {
            "Bao prediction": "NaN",
            "Bao recommended hint": "(no hint)"
        }
    },
    {
        "Plan": {
            "Node Type": "Aggregate",
            "Strategy": "Plain",
            "Partial Mode": "Finalize",
            "Parallel Aware": false,
            "Startup Cost": 32986.49,
            "Total Cost": 32986.5,
            "Plan Rows": 1,
            "Plan Width": 8,
            "Actual Startup Time": 95.996,
            "Actual Total Time": 100.957,
            "Actual Rows": 1,
            "Actual Loops": 1,
            "Output": [
                "count(*)"
            ],
            "Plans": [
                {
                    "Node Type": "Gather",
                    "Parent Relationship": "Outer",
                    "Parallel Aware": false,
                    "Startup Cost": 32986.17,
                    "Total Cost": 32986.48,
                    "Plan Rows": 3,
                    "Plan Width": 8,
                    "Actual Startup Time": 95.896,
                    "Actual Total Time": 100.949,
                    "Actual Rows": 4,
                    "Actual Loops": 1,
                    "Output": [
                        "(PARTIAL count(*))"
                    ],
                    "Workers Planned": 3,
                    "Workers Launched": 3,
                    "Single Copy": false,
                    "Plans": [
                        {
                            "Node Type": "Aggregate",
                            "Strategy": "Plain",
                            "Partial Mode": "Partial",
                            "Parent Relationship": "Outer",
                            "Parallel Aware": false,
                            "Startup Cost": 31986.17,
                            "Total Cost": 31986.18,
                            "Plan Rows": 1,
                            "Plan Width": 8,
                            "Actual Startup Time": 87.96,
                            "Actual Total Time": 87.961,
                            "Actual Rows": 1,
                            "Actual Loops": 4,
                            "Output": [
                                "PARTIAL count(*)"
                            ],
                            "Workers": [
                                {
                                    "Worker Number": 0,
                                    "Actual Startup Time": 85.228,
                                    "Actual Total Time": 85.229,
                                    "Actual Rows": 1,
                                    "Actual Loops": 1
                                },
                                {
                                    "Worker Number": 1,
                                    "Actual Startup Time": 85.414,
                                    "Actual Total Time": 85.415,
                                    "Actual Rows": 1,
                                    "Actual Loops": 1
                                },
                                {
                                    "Worker Number": 2,
                                    "Actual Startup Time": 85.634,
                                    "Actual Total Time": 85.635,
                                    "Actual Rows": 1,
                                    "Actual Loops": 1
                                }
                            ],
                            "Plans": [
                                {
                                    "Node Type": "Seq Scan",
                                    "Parent Relationship": "Outer",
                                    "Parallel Aware": true,
                                    "Relation Name": "movie_companies",
                                    "Schema": "public",
                                    "Alias": "mc",
                                    "Startup Cost": 0.0,
                                    "Total Cost": 31414.82,
                                    "Plan Rows": 228540,
                                    "Plan Width": 0,
                                    "Actual Startup Time": 47.882,
                                    "Actual Total Time": 82.243,
                                    "Actual Rows": 111506,
                                    "Actual Loops": 4,
                                    "Output": [
                                        "id",
                                        "movie_id",
                                        "company_id",
                                        "company_type_id",
                                        "note"
                                    ],
                                    "Filter": "((mc.company_id < 11950) AND (mc.company_type_id > 1))",
                                    "Rows Removed by Filter": 540776,
                                    "Workers": [
                                        {
                                            "Worker Number": 0,
                                            "Actual Startup Time": 45.147,
                                            "Actual Total Time": 79.642,
                                            "Actual Rows": 82696,
                                            "Actual Loops": 1
                                        },
                                        {
                                            "Worker Number": 1,
                                            "Actual Startup Time": 45.338,
                                            "Actual Total Time": 79.891,
                                            "Actual Rows": 131621,
                                            "Actual Loops": 1
                                        },
                                        {
                                            "Worker Number": 2,
                                            "Actual Startup Time": 45.554,
                                            "Actual Total Time": 80.113,
                                            "Actual Rows": 132122,
                                            "Actual Loops": 1
                                        }
                                    ]
                                }
                            ]
                        }
                    ]
                }
            ]
        },
        "Planning Time": 275.773,
        "Triggers": [],
        "Execution Time": 101.026
    }
]