[
  {
    "Plan": {
      "Node Type": "Aggregate",
      "Strategy": "Plain",
      "Partial Mode": "Finalize",
      "Parallel Aware": false,
      "Startup Cost": 396980.87,
      "Total Cost": 396980.88,
      "Plan Rows": 1,
      "Plan Width": 8,
      "Actual Startup Time": 1430.073,
      "Actual Total Time": 1481.754,
      "Actual Rows": 1,
      "Actual Loops": 1,
      "Plans": [
        {
          "Node Type": "Gather",
          "Parent Relationship": "Outer",
          "Parallel Aware": false,
          "Startup Cost": 396980.25,
          "Total Cost": 396980.86,
          "Plan Rows": 6,
          "Plan Width": 8,
          "Actual Startup Time": 1423.248,
          "Actual Total Time": 1481.742,
          "Actual Rows": 7,
          "Actual Loops": 1,
          "Workers Planned": 6,
          "Workers Launched": 6,
          "Single Copy": false,
          "Plans": [
            {
              "Node Type": "Aggregate",
              "Strategy": "Plain",
              "Partial Mode": "Partial",
              "Parent Relationship": "Outer",
              "Parallel Aware": false,
              "Startup Cost": 395980.25,
              "Total Cost": 395980.26,
              "Plan Rows": 1,
              "Plan Width": 8,
              "Actual Startup Time": 1414.599,
              "Actual Total Time": 1414.603,
              "Actual Rows": 1,
              "Actual Loops": 7,
              "Plans": [
                {
                  "Node Type": "Hash Join",
                  "Parent Relationship": "Outer",
                  "Parallel Aware": true,
                  "Join Type": "Inner",
                  "Startup Cost": 46733.62,
                  "Total Cost": 394470.15,
                  "Plan Rows": 604037,
                  "Plan Width": 0,
                  "Actual Startup Time": 393.148,
                  "Actual Total Time": 1385.096,
                  "Actual Rows": 624786,
                  "Actual Loops": 7,
                  "Inner Unique": true,
                  "Hash Cond": "(ci.movie_id = t.id)",
                  "Plans": [
                    {
                      "Node Type": "Seq Scan",
                      "Parent Relationship": "Outer",
                      "Parallel Aware": true,
                      "Relation Name": "cast_info",
                      "Alias": "ci",
                      "Startup Cost": 0.0,
                      "Total Cost": 343316.27,
                      "Plan Rows": 1683905,
                      "Plan Width": 4,
                      "Actual Startup Time": 251.542,
                      "Actual Total Time": 665.559,
                      "Actual Rows": 2179552,
                      "Actual Loops": 7,
                      "Filter": "((person_id > 2116695) AND (role_id > 1))",
                      "Rows Removed by Filter": 2998211
                    },
                    {
                      "Node Type": "Hash",
                      "Parent Relationship": "Inner",
                      "Parallel Aware": true,
                      "Startup Cost": 43899.32,
                      "Total Cost": 43899.32,
                      "Plan Rows": 226744,
                      "Plan Width": 4,
                      "Actual Startup Time": 138.945,
                      "Actual Total Time": 138.947,
                      "Actual Rows": 132086,
                      "Actual Loops": 7,
                      "Hash Buckets": 1048576,
                      "Original Hash Buckets": 1048576,
                      "Hash Batches": 1,
                      "Original Hash Batches": 1,
                      "Peak Memory Usage": 44448,
                      "Plans": [
                        {
                          "Node Type": "Seq Scan",
                          "Parent Relationship": "Outer",
                          "Parallel Aware": true,
                          "Relation Name": "title",
                          "Alias": "t",
                          "Startup Cost": 0.0,
                          "Total Cost": 43899.32,
                          "Plan Rows": 226744,
                          "Plan Width": 4,
                          "Actual Startup Time": 0.033,
                          "Actual Total Time": 76.122,
                          "Actual Rows": 132086,
                          "Actual Loops": 7,
                          "Filter": "(production_year < 1998)",
                          "Rows Removed by Filter": 229101
                        }
                      ]
                    }
                  ]
                }
              ]
            }
          ]
        }
      ]
    },
    "Planning Time": 0.309,
    "Triggers": [],
    "Execution Time": 1481.848
  }
]