[
  {
    "Plan": {
      "Node Type": "Aggregate",
      "Strategy": "Plain",
      "Partial Mode": "Finalize",
      "Parallel Aware": false,
      "Startup Cost": 264103.67,
      "Total Cost": 264103.68,
      "Plan Rows": 1,
      "Plan Width": 8,
      "Actual Startup Time": 3020.932,
      "Actual Total Time": 3070.517,
      "Actual Rows": 1,
      "Actual Loops": 1,
      "Plans": [
        {
          "Node Type": "Gather",
          "Parent Relationship": "Outer",
          "Parallel Aware": false,
          "Startup Cost": 264103.35,
          "Total Cost": 264103.66,
          "Plan Rows": 3,
          "Plan Width": 8,
          "Actual Startup Time": 3018.226,
          "Actual Total Time": 3070.507,
          "Actual Rows": 4,
          "Actual Loops": 1,
          "Workers Planned": 3,
          "Workers Launched": 3,
          "Single Copy": false,
          "Plans": [
            {
              "Node Type": "Aggregate",
              "Strategy": "Plain",
              "Partial Mode": "Partial",
              "Parent Relationship": "Outer",
              "Parallel Aware": false,
              "Startup Cost": 263103.35,
              "Total Cost": 263103.36,
              "Plan Rows": 1,
              "Plan Width": 8,
              "Actual Startup Time": 3010.929,
              "Actual Total Time": 3010.933,
              "Actual Rows": 1,
              "Actual Loops": 4,
              "Plans": [
                {
                  "Node Type": "Nested Loop",
                  "Parent Relationship": "Outer",
                  "Parallel Aware": false,
                  "Join Type": "Inner",
                  "Startup Cost": 46354.5,
                  "Total Cost": 261735.99,
                  "Plan Rows": 546942,
                  "Plan Width": 0,
                  "Actual Startup Time": 132.307,
                  "Actual Total Time": 2767.204,
                  "Actual Rows": 5496818,
                  "Actual Loops": 4,
                  "Inner Unique": false,
                  "Join Filter": "(t.id = mi.movie_id)",
                  "Rows Removed by Join Filter": 0,
                  "Plans": [
                    {
                      "Node Type": "Hash Join",
                      "Parent Relationship": "Outer",
                      "Parallel Aware": true,
                      "Join Type": "Inner",
                      "Startup Cost": 46354.06,
                      "Total Cost": 75769.95,
                      "Plan Rows": 93149,
                      "Plan Width": 8,
                      "Actual Startup Time": 132.214,
                      "Actual Total Time": 377.939,
                      "Actual Rows": 204875,
                      "Actual Loops": 4,
                      "Inner Unique": true,
                      "Hash Cond": "(mc.movie_id = t.id)",
                      "Plans": [
                        {
                          "Node Type": "Seq Scan",
                          "Parent Relationship": "Outer",
                          "Parallel Aware": true,
                          "Relation Name": "movie_companies",
                          "Alias": "mc",
                          "Startup Cost": 0.0,
                          "Total Cost": 27206.55,
                          "Plan Rows": 841655,
                          "Plan Width": 4,
                          "Actual Startup Time": 0.01,
                          "Actual Total Time": 60.436,
                          "Actual Rows": 652282,
                          "Actual Loops": 4
                        },
                        {
                          "Node Type": "Hash",
                          "Parent Relationship": "Inner",
                          "Parallel Aware": true,
                          "Startup Cost": 45479.59,
                          "Total Cost": 45479.59,
                          "Plan Rows": 69958,
                          "Plan Width": 4,
                          "Actual Startup Time": 130.23,
                          "Actual Total Time": 130.231,
                          "Actual Rows": 100373,
                          "Actual Loops": 4,
                          "Hash Buckets": 524288,
                          "Original Hash Buckets": 524288,
                          "Hash Batches": 1,
                          "Original Hash Batches": 1,
                          "Peak Memory Usage": 19872,
                          "Plans": [
                            {
                              "Node Type": "Seq Scan",
                              "Parent Relationship": "Outer",
                              "Parallel Aware": true,
                              "Relation Name": "title",
                              "Alias": "t",
                              "Startup Cost": 0.0,
                              "Total Cost": 45479.59,
                              "Plan Rows": 69958,
                              "Plan Width": 4,
                              "Actual Startup Time": 0.046,
                              "Actual Total Time": 96.642,
                              "Actual Rows": 100373,
                              "Actual Loops": 4,
                              "Filter": "((kind_id < 7) AND (production_year < 1992))",
                              "Rows Removed by Filter": 531705
                            }
                          ]
                        }
                      ]
                    },
                    {
                      "Node Type": "Index Only Scan",
                      "Parent Relationship": "Inner",
                      "Parallel Aware": false,
                      "Scan Direction": "Forward",
                      "Index Name": "movie_id_movie_info",
                      "Relation Name": "movie_info",
                      "Alias": "mi",
                      "Startup Cost": 0.43,
                      "Total Cost": 1.48,
                      "Plan Rows": 41,
                      "Plan Width": 4,
                      "Actual Startup Time": 0.003,
                      "Actual Total Time": 0.009,
                      "Actual Rows": 27,
                      "Actual Loops": 819499,
                      "Index Cond": "(movie_id = mc.movie_id)",
                      "Rows Removed by Index Recheck": 0,
                      "Heap Fetches": 21987271
                    }
                  ]
                }
              ]
            }
          ]
        }
      ]
    },
    "Planning Time": 0.526,
    "Triggers": [],
    "Execution Time": 3070.578
  }
]