[
  {
    "Plan": {
      "Node Type": "Aggregate",
      "Strategy": "Plain",
      "Partial Mode": "Finalize",
      "Parallel Aware": false,
      "Startup Cost": 44735.53,
      "Total Cost": 44735.54,
      "Plan Rows": 1,
      "Plan Width": 8,
      "Actual Startup Time": 122.548,
      "Actual Total Time": 132.912,
      "Actual Rows": 1,
      "Actual Loops": 1,
      "Plans": [
        {
          "Node Type": "Gather",
          "Parent Relationship": "Outer",
          "Parallel Aware": false,
          "Startup Cost": 44735.22,
          "Total Cost": 44735.53,
          "Plan Rows": 3,
          "Plan Width": 8,
          "Actual Startup Time": 122.38,
          "Actual Total Time": 132.895,
          "Actual Rows": 4,
          "Actual Loops": 1,
          "Workers Planned": 3,
          "Workers Launched": 3,
          "Single Copy": false,
          "Plans": [
            {
              "Node Type": "Aggregate",
              "Strategy": "Plain",
              "Partial Mode": "Partial",
              "Parent Relationship": "Outer",
              "Parallel Aware": false,
              "Startup Cost": 43735.22,
              "Total Cost": 43735.23,
              "Plan Rows": 1,
              "Plan Width": 8,
              "Actual Startup Time": 118.293,
              "Actual Total Time": 118.295,
              "Actual Rows": 1,
              "Actual Loops": 4,
              "Plans": [
                {
                  "Node Type": "Seq Scan",
                  "Parent Relationship": "Outer",
                  "Parallel Aware": true,
                  "Relation Name": "movie_keyword",
                  "Alias": "mk",
                  "Startup Cost": 0.0,
                  "Total Cost": 42695.65,
                  "Plan Rows": 415825,
                  "Plan Width": 0,
                  "Actual Startup Time": 2.075,
                  "Actual Total Time": 103.154,
                  "Actual Rows": 321760,
                  "Actual Loops": 4,
                  "Filter": "(keyword_id > 13739)",
                  "Rows Removed by Filter": 809222
                }
              ]
            }
          ]
        }
      ]
    },
    "Planning Time": 0.193,
    "Triggers": [],
    "Execution Time": 132.967
  }
]