[
  {
    "Plan": {
      "Node Type": "Aggregate",
      "Strategy": "Plain",
      "Partial Mode": "Finalize",
      "Parallel Aware": false,
      "Startup Cost": 84605.47,
      "Total Cost": 84605.48,
      "Plan Rows": 1,
      "Plan Width": 8,
      "Actual Startup Time": 581.592,
      "Actual Total Time": 599.449,
      "Actual Rows": 1,
      "Actual Loops": 1,
      "Plans": [
        {
          "Node Type": "Gather",
          "Parent Relationship": "Outer",
          "Parallel Aware": false,
          "Startup Cost": 84605.15,
          "Total Cost": 84605.46,
          "Plan Rows": 3,
          "Plan Width": 8,
          "Actual Startup Time": 571.152,
          "Actual Total Time": 599.44,
          "Actual Rows": 4,
          "Actual Loops": 1,
          "Workers Planned": 3,
          "Workers Launched": 3,
          "Single Copy": false,
          "Plans": [
            {
              "Node Type": "Aggregate",
              "Strategy": "Plain",
              "Partial Mode": "Partial",
              "Parent Relationship": "Outer",
              "Parallel Aware": false,
              "Startup Cost": 83605.15,
              "Total Cost": 83605.16,
              "Plan Rows": 1,
              "Plan Width": 8,
              "Actual Startup Time": 557.188,
              "Actual Total Time": 557.192,
              "Actual Rows": 1,
              "Actual Loops": 4,
              "Plans": [
                {
                  "Node Type": "Hash Join",
                  "Parent Relationship": "Outer",
                  "Parallel Aware": true,
                  "Join Type": "Inner",
                  "Startup Cost": 50941.0,
                  "Total Cost": 83031.58,
                  "Plan Rows": 229428,
                  "Plan Width": 0,
                  "Actual Startup Time": 441.524,
                  "Actual Total Time": 551.145,
                  "Actual Rows": 102097,
                  "Actual Loops": 4,
                  "Inner Unique": true,
                  "Hash Cond": "(mc.movie_id = t.id)",
                  "Plans": [
                    {
                      "Node Type": "Seq Scan",
                      "Parent Relationship": "Outer",
                      "Parallel Aware": true,
                      "Relation Name": "movie_companies",
                      "Alias": "mc",
                      "Startup Cost": 0.0,
                      "Total Cost": 31414.82,
                      "Plan Rows": 257436,
                      "Plan Width": 4,
                      "Actual Startup Time": 39.208,
                      "Actual Total Time": 81.266,
                      "Actual Rows": 125413,
                      "Actual Loops": 4,
                      "Filter": "((company_id < 15198) AND (company_type_id = 2))",
                      "Rows Removed by Filter": 526870
                    },
                    {
                      "Node Type": "Hash",
                      "Parent Relationship": "Inner",
                      "Parallel Aware": true,
                      "Startup Cost": 43899.32,
                      "Total Cost": 43899.32,
                      "Plan Rows": 563334,
                      "Plan Width": 4,
                      "Actual Startup Time": 392.855,
                      "Actual Total Time": 392.856,
                      "Actual Rows": 561148,
                      "Actual Loops": 4,
                      "Hash Buckets": 4194304,
                      "Original Hash Buckets": 4194304,
                      "Hash Batches": 1,
                      "Original Hash Batches": 1,
                      "Peak Memory Usage": 120640,
                      "Plans": [
                        {
                          "Node Type": "Seq Scan",
                          "Parent Relationship": "Outer",
                          "Parallel Aware": true,
                          "Relation Name": "title",
                          "Alias": "t",
                          "Startup Cost": 0.0,
                          "Total Cost": 43899.32,
                          "Plan Rows": 563334,
                          "Plan Width": 4,
                          "Actual Startup Time": 0.035,
                          "Actual Total Time": 138.468,
                          "Actual Rows": 561148,
                          "Actual Loops": 4,
                          "Filter": "(production_year > 1956)",
                          "Rows Removed by Filter": 70930
                        }
                      ]
                    }
                  ]
                }
              ]
            }
          ]
        }
      ]
    },
    "Planning Time": 0.255,
    "Triggers": [],
    "Execution Time": 599.483
  }
]