[
  {
    "Plan": {
      "Node Type": "Aggregate",
      "Strategy": "Plain",
      "Partial Mode": "Finalize",
      "Parallel Aware": false,
      "Startup Cost": 83385.26,
      "Total Cost": 83385.27,
      "Plan Rows": 1,
      "Plan Width": 8,
      "Actual Startup Time": 311.413,
      "Actual Total Time": 325.636,
      "Actual Rows": 1,
      "Actual Loops": 1,
      "Plans": [
        {
          "Node Type": "Gather",
          "Parent Relationship": "Outer",
          "Parallel Aware": false,
          "Startup Cost": 83384.84,
          "Total Cost": 83385.25,
          "Plan Rows": 4,
          "Plan Width": 8,
          "Actual Startup Time": 308.561,
          "Actual Total Time": 325.625,
          "Actual Rows": 5,
          "Actual Loops": 1,
          "Workers Planned": 4,
          "Workers Launched": 4,
          "Single Copy": false,
          "Plans": [
            {
              "Node Type": "Aggregate",
              "Strategy": "Plain",
              "Partial Mode": "Partial",
              "Parent Relationship": "Outer",
              "Parallel Aware": false,
              "Startup Cost": 82384.84,
              "Total Cost": 82384.85,
              "Plan Rows": 1,
              "Plan Width": 8,
              "Actual Startup Time": 298.994,
              "Actual Total Time": 298.997,
              "Actual Rows": 1,
              "Actual Loops": 5,
              "Plans": [
                {
                  "Node Type": "Hash Join",
                  "Parent Relationship": "Outer",
                  "Parallel Aware": true,
                  "Join Type": "Inner",
                  "Startup Cost": 34645.97,
                  "Total Cost": 81938.36,
                  "Plan Rows": 178590,
                  "Plan Width": 0,
                  "Actual Startup Time": 116.273,
                  "Actual Total Time": 295.343,
                  "Actual Rows": 81678,
                  "Actual Loops": 5,
                  "Inner Unique": false,
                  "Hash Cond": "(t.id = mc.movie_id)",
                  "Plans": [
                    {
                      "Node Type": "Seq Scan",
                      "Parent Relationship": "Outer",
                      "Parallel Aware": true,
                      "Relation Name": "title",
                      "Alias": "t",
                      "Startup Cost": 0.0,
                      "Total Cost": 43898.92,
                      "Plan Rows": 563476,
                      "Plan Width": 4,
                      "Actual Startup Time": 0.011,
                      "Actual Total Time": 79.28,
                      "Actual Rows": 448919,
                      "Actual Loops": 5,
                      "Filter": "(production_year > 1956)",
                      "Rows Removed by Filter": 56744
                    },
                    {
                      "Node Type": "Hash",
                      "Parent Relationship": "Inner",
                      "Parallel Aware": true,
                      "Startup Cost": 31414.82,
                      "Total Cost": 31414.82,
                      "Plan Rows": 258492,
                      "Plan Width": 4,
                      "Actual Startup Time": 111.961,
                      "Actual Total Time": 111.962,
                      "Actual Rows": 100330,
                      "Actual Loops": 5,
                      "Hash Buckets": 1048576,
                      "Original Hash Buckets": 1048576,
                      "Hash Batches": 1,
                      "Original Hash Batches": 1,
                      "Peak Memory Usage": 27872,
                      "Plans": [
                        {
                          "Node Type": "Seq Scan",
                          "Parent Relationship": "Outer",
                          "Parallel Aware": true,
                          "Relation Name": "movie_companies",
                          "Alias": "mc",
                          "Startup Cost": 0.0,
                          "Total Cost": 31414.82,
                          "Plan Rows": 258492,
                          "Plan Width": 4,
                          "Actual Startup Time": 46.536,
                          "Actual Total Time": 74.627,
                          "Actual Rows": 100330,
                          "Actual Loops": 5,
                          "Filter": "((company_id < 15198) AND (company_type_id = 2))",
                          "Rows Removed by Filter": 421496
                        }
                      ]
                    }
                  ]
                }
              ]
            }
          ]
        }
      ]
    },
    "Planning Time": 0.645,
    "Triggers": [],
    "Execution Time": 325.708
  }
]