[
  {
    "Plan": {
      "Node Type": "Aggregate",
      "Strategy": "Plain",
      "Partial Mode": "Finalize",
      "Parallel Aware": false,
      "Startup Cost": 275685.77,
      "Total Cost": 275685.78,
      "Plan Rows": 1,
      "Plan Width": 8,
      "Actual Startup Time": 2032.409,
      "Actual Total Time": 2103.017,
      "Actual Rows": 1,
      "Actual Loops": 1,
      "Plans": [
        {
          "Node Type": "Gather",
          "Parent Relationship": "Outer",
          "Parallel Aware": false,
          "Startup Cost": 275685.24,
          "Total Cost": 275685.75,
          "Plan Rows": 5,
          "Plan Width": 8,
          "Actual Startup Time": 2029.222,
          "Actual Total Time": 2103.008,
          "Actual Rows": 6,
          "Actual Loops": 1,
          "Workers Planned": 5,
          "Workers Launched": 5,
          "Single Copy": false,
          "Plans": [
            {
              "Node Type": "Aggregate",
              "Strategy": "Plain",
              "Partial Mode": "Partial",
              "Parent Relationship": "Outer",
              "Parallel Aware": false,
              "Startup Cost": 274685.24,
              "Total Cost": 274685.25,
              "Plan Rows": 1,
              "Plan Width": 8,
              "Actual Startup Time": 2021.321,
              "Actual Total Time": 2021.324,
              "Actual Rows": 1,
              "Actual Loops": 6,
              "Plans": [
                {
                  "Node Type": "Nested Loop",
                  "Parent Relationship": "Outer",
                  "Parallel Aware": false,
                  "Join Type": "Inner",
                  "Startup Cost": 98313.03,
                  "Total Cost": 272991.08,
                  "Plan Rows": 677665,
                  "Plan Width": 0,
                  "Actual Startup Time": 273.697,
                  "Actual Total Time": 1933.683,
                  "Actual Rows": 1678011,
                  "Actual Loops": 6,
                  "Inner Unique": false,
                  "Join Filter": "(t.id = ci.movie_id)",
                  "Rows Removed by Join Filter": 0,
                  "Plans": [
                    {
                      "Node Type": "Merge Join",
                      "Parent Relationship": "Outer",
                      "Parallel Aware": false,
                      "Join Type": "Inner",
                      "Startup Cost": 98312.47,
                      "Total Cost": 144218.44,
                      "Plan Rows": 47265,
                      "Plan Width": 8,
                      "Actual Startup Time": 273.59,
                      "Actual Total Time": 412.111,
                      "Actual Rows": 53114,
                      "Actual Loops": 6,
                      "Inner Unique": true,
                      "Merge Cond": "(mi_idx.movie_id = t.id)",
                      "Plans": [
                        {
                          "Node Type": "Index Only Scan",
                          "Parent Relationship": "Outer",
                          "Parallel Aware": true,
                          "Scan Direction": "Forward",
                          "Index Name": "movie_id_movie_info_idx",
                          "Relation Name": "movie_info_idx",
                          "Alias": "mi_idx",
                          "Startup Cost": 0.43,
                          "Total Cost": 42581.41,
                          "Plan Rows": 276007,
                          "Plan Width": 4,
                          "Actual Startup Time": 0.123,
                          "Actual Total Time": 60.979,
                          "Actual Rows": 230006,
                          "Actual Loops": 6,
                          "Heap Fetches": 1380035
                        },
                        {
                          "Node Type": "Sort",
                          "Parent Relationship": "Inner",
                          "Parallel Aware": false,
                          "Startup Cost": 98311.78,
                          "Total Cost": 99394.22,
                          "Plan Rows": 432978,
                          "Plan Width": 4,
                          "Actual Startup Time": 247.385,
                          "Actual Total Time": 305.631,
                          "Actual Rows": 314053,
                          "Actual Loops": 6,
                          "Sort Key": [
                            "t.id"
                          ],
                          "Sort Method": "quicksort",
                          "Sort Space Used": 27039,
                          "Sort Space Type": "Memory",
                          "Workers": [
                            {
                              "Worker Number": 0,
                              "Sort Method": "quicksort",
                              "Sort Space Used": 27039,
                              "Sort Space Type": "Memory"
                            },
                            {
                              "Worker Number": 1,
                              "Sort Method": "quicksort",
                              "Sort Space Used": 27039,
                              "Sort Space Type": "Memory"
                            },
                            {
                              "Worker Number": 2,
                              "Sort Method": "quicksort",
                              "Sort Space Used": 27039,
                              "Sort Space Type": "Memory"
                            },
                            {
                              "Worker Number": 3,
                              "Sort Method": "quicksort",
                              "Sort Space Used": 27039,
                              "Sort Space Type": "Memory"
                            },
                            {
                              "Worker Number": 4,
                              "Sort Method": "quicksort",
                              "Sort Space Used": 27039,
                              "Sort Space Type": "Memory"
                            }
                          ],
                          "Plans": [
                            {
                              "Node Type": "Bitmap Heap Scan",
                              "Parent Relationship": "Outer",
                              "Parallel Aware": false,
                              "Relation Name": "title",
                              "Alias": "t",
                              "Startup Cost": 11875.96,
                              "Total Cost": 57776.52,
                              "Plan Rows": 432978,
                              "Plan Width": 4,
                              "Actual Startup Time": 35.95,
                              "Actual Total Time": 154.903,
                              "Actual Rows": 314685,
                              "Actual Loops": 6,
                              "Recheck Cond": "(kind_id = 1)",
                              "Rows Removed by Index Recheck": 0,
                              "Filter": "(production_year > 1994)",
                              "Rows Removed by Filter": 348140,
                              "Exact Heap Blocks": 12863,
                              "Lossy Heap Blocks": 0,
                              "Plans": [
                                {
                                  "Node Type": "Bitmap Index Scan",
                                  "Parent Relationship": "Outer",
                                  "Parallel Aware": false,
                                  "Index Name": "kind_id_title",
                                  "Startup Cost": 0.0,
                                  "Total Cost": 11767.71,
                                  "Plan Rows": 660171,
                                  "Plan Width": 0,
                                  "Actual Startup Time": 34.207,
                                  "Actual Total Time": 34.207,
                                  "Actual Rows": 662825,
                                  "Actual Loops": 6,
                                  "Index Cond": "(kind_id = 1)"
                                }
                              ]
                            }
                          ]
                        }
                      ]
                    },
                    {
                      "Node Type": "Index Only Scan",
                      "Parent Relationship": "Inner",
                      "Parallel Aware": false,
                      "Scan Direction": "Forward",
                      "Index Name": "movie_id_cast_info",
                      "Relation Name": "cast_info",
                      "Alias": "ci",
                      "Startup Cost": 0.56,
                      "Total Cost": 2.29,
                      "Plan Rows": 35,
                      "Plan Width": 4,
                      "Actual Startup Time": 0.004,
                      "Actual Total Time": 0.025,
                      "Actual Rows": 32,
                      "Actual Loops": 318684,
                      "Index Cond": "(movie_id = mi_idx.movie_id)",
                      "Rows Removed by Index Recheck": 0,
                      "Heap Fetches": 10068066
                    }
                  ]
                }
              ]
            }
          ]
        }
      ]
    },
    "Planning Time": 0.466,
    "Triggers": [],
    "Execution Time": 2103.105
  }
]