[
  {
    "Plan": {
      "Node Type": "Aggregate",
      "Strategy": "Plain",
      "Partial Mode": "Finalize",
      "Parallel Aware": false,
      "Startup Cost": 407057.52,
      "Total Cost": 407057.53,
      "Plan Rows": 1,
      "Plan Width": 8,
      "Actual Startup Time": 2015.923,
      "Actual Total Time": 2071.135,
      "Actual Rows": 1,
      "Actual Loops": 1,
      "Plans": [
        {
          "Node Type": "Gather",
          "Parent Relationship": "Outer",
          "Parallel Aware": false,
          "Startup Cost": 407056.89,
          "Total Cost": 407057.5,
          "Plan Rows": 6,
          "Plan Width": 8,
          "Actual Startup Time": 1997.641,
          "Actual Total Time": 2071.118,
          "Actual Rows": 7,
          "Actual Loops": 1,
          "Workers Planned": 6,
          "Workers Launched": 6,
          "Single Copy": false,
          "Plans": [
            {
              "Node Type": "Aggregate",
              "Strategy": "Plain",
              "Partial Mode": "Partial",
              "Parent Relationship": "Outer",
              "Parallel Aware": false,
              "Startup Cost": 406056.89,
              "Total Cost": 406056.9,
              "Plan Rows": 1,
              "Plan Width": 8,
              "Actual Startup Time": 1974.851,
              "Actual Total Time": 1974.858,
              "Actual Rows": 1,
              "Actual Loops": 7,
              "Plans": [
                {
                  "Node Type": "Hash Join",
                  "Parent Relationship": "Outer",
                  "Parallel Aware": true,
                  "Join Type": "Inner",
                  "Startup Cost": 50220.38,
                  "Total Cost": 399949.46,
                  "Plan Rows": 2442971,
                  "Plan Width": 0,
                  "Actual Startup Time": 595.492,
                  "Actual Total Time": 1885.947,
                  "Actual Rows": 1787508,
                  "Actual Loops": 7,
                  "Inner Unique": true,
                  "Hash Cond": "(ci.movie_id = t.id)",
                  "Plans": [
                    {
                      "Node Type": "Seq Scan",
                      "Parent Relationship": "Outer",
                      "Parallel Aware": true,
                      "Relation Name": "cast_info",
                      "Alias": "ci",
                      "Startup Cost": 0.0,
                      "Total Cost": 343316.27,
                      "Plan Rows": 2442971,
                      "Plan Width": 4,
                      "Actual Startup Time": 249.272,
                      "Actual Total Time": 717.973,
                      "Actual Rows": 1787508,
                      "Actual Loops": 7,
                      "Filter": "((person_id > 1901139) AND (role_id < 9))",
                      "Rows Removed by Filter": 3390255
                    },
                    {
                      "Node Type": "Hash",
                      "Parent Relationship": "Inner",
                      "Parallel Aware": true,
                      "Startup Cost": 42319.06,
                      "Total Cost": 42319.06,
                      "Plan Rows": 632106,
                      "Plan Width": 4,
                      "Actual Startup Time": 339.184,
                      "Actual Total Time": 339.185,
                      "Actual Rows": 361187,
                      "Actual Loops": 7,
                      "Hash Buckets": 4194304,
                      "Original Hash Buckets": 4194304,
                      "Hash Batches": 1,
                      "Original Hash Batches": 1,
                      "Peak Memory Usage": 131808,
                      "Plans": [
                        {
                          "Node Type": "Seq Scan",
                          "Parent Relationship": "Outer",
                          "Parallel Aware": true,
                          "Relation Name": "title",
                          "Alias": "t",
                          "Startup Cost": 0.0,
                          "Total Cost": 42319.06,
                          "Plan Rows": 632106,
                          "Plan Width": 4,
                          "Actual Startup Time": 0.065,
                          "Actual Total Time": 108.477,
                          "Actual Rows": 361187,
                          "Actual Loops": 7
                        }
                      ]
                    }
                  ]
                }
              ]
            }
          ]
        }
      ]
    },
    "Planning Time": 0.265,
    "Triggers": [],
    "Execution Time": 2071.192
  }
]