{
    "Plan": {
        "Node Type": "Aggregate",
        "Strategy": "Plain",
        "Partial Mode": "Simple",
        "Parallel Aware": false,
        "Startup Cost": 90000168342.08,
        "Total Cost": 90000168342.09,
        "Plan Rows": 1,
        "Plan Width": 96,
        "Actual Startup Time": 536.107,
        "Actual Total Time": 536.133,
        "Actual Rows": 1,
        "Actual Loops": 1,
        "Output": [
            "min(cn.name)",
            "min((lt.link)::text)",
            "min(t.title)"
        ],
        "Plans": [
            {
                "Node Type": "Nested Loop",
                "Parent Relationship": "Outer",
                "Parallel Aware": false,
                "Join Type": "Inner",
                "Startup Cost": 90000168327.66,
                "Total Cost": 90000168342.07,
                "Plan Rows": 1,
                "Plan Width": 48,
                "Actual Startup Time": 516.063,
                "Actual Total Time": 535.966,
                "Actual Rows": 228,
                "Actual Loops": 1,
                "Output": [
                    "cn.name",
                    "lt.link",
                    "t.title"
                ],
                "Inner Unique": true,
                "Plans": [
                    {
                        "Node Type": "Nested Loop",
                        "Parent Relationship": "Outer",
                        "Parallel Aware": false,
                        "Join Type": "Inner",
                        "Startup Cost": 80000168327.23,
                        "Total Cost": 80000168333.62,
                        "Plan Rows": 1,
                        "Plan Width": 52,
                        "Actual Startup Time": 516.006,
                        "Actual Total Time": 519.606,
                        "Actual Rows": 2280,
                        "Actual Loops": 1,
                        "Output": [
                            "cn.name",
                            "mk.keyword_id",
                            "lt.link",
                            "t.title"
                        ],
                        "Inner Unique": false,
                        "Join Filter": "(ml.movie_id = mk.movie_id)",
                        "Rows Removed by Join Filter": 0,
                        "Plans": [
                            {
                                "Node Type": "Hash Join",
                                "Parent Relationship": "Outer",
                                "Parallel Aware": false,
                                "Join Type": "Inner",
                                "Startup Cost": 70000168326.37,
                                "Total Cost": 70000168327.61,
                                "Plan Rows": 1,
                                "Plan Width": 68,
                                "Actual Startup Time": 515.949,
                                "Actual Total Time": 516.093,
                                "Actual Rows": 304,
                                "Actual Loops": 1,
                                "Output": [
                                    "cc.movie_id",
                                    "mc.movie_id",
                                    "cn.name",
                                    "mi.movie_id",
                                    "ml.movie_id",
                                    "lt.link",
                                    "t.title",
                                    "t.id"
                                ],
                                "Inner Unique": false,
                                "Hash Cond": "(lt.id = ml.link_type_id)",
                                "Plans": [
                                    {
                                        "Node Type": "Seq Scan",
                                        "Parent Relationship": "Outer",
                                        "Parallel Aware": false,
                                        "Relation Name": "link_type",
                                        "Schema": "public",
                                        "Alias": "lt",
                                        "Startup Cost": 0.0,
                                        "Total Cost": 1.23,
                                        "Plan Rows": 1,
                                        "Plan Width": 16,
                                        "Actual Startup Time": 0.014,
                                        "Actual Total Time": 0.023,
                                        "Actual Rows": 2,
                                        "Actual Loops": 1,
                                        "Output": [
                                            "lt.id",
                                            "lt.link"
                                        ],
                                        "Filter": "((lt.link)::text ~~ '%follow%'::text)",
                                        "Rows Removed by Filter": 16
                                    },
                                    {
                                        "Node Type": "Hash",
                                        "Parent Relationship": "Inner",
                                        "Parallel Aware": false,
                                        "Startup Cost": 70000168326.36,
                                        "Total Cost": 70000168326.36,
                                        "Plan Rows": 1,
                                        "Plan Width": 60,
                                        "Actual Startup Time": 515.922,
                                        "Actual Total Time": 515.944,
                                        "Actual Rows": 316,
                                        "Actual Loops": 1,
                                        "Output": [
                                            "cc.movie_id",
                                            "mc.movie_id",
                                            "cn.name",
                                            "mi.movie_id",
                                            "ml.link_type_id",
                                            "ml.movie_id",
                                            "t.title",
                                            "t.id"
                                        ],
                                        "Hash Buckets": 1024,
                                        "Original Hash Buckets": 1024,
                                        "Hash Batches": 1,
                                        "Original Hash Batches": 1,
                                        "Peak Memory Usage": 38,
                                        "Plans": [
                                            {
                                                "Node Type": "Nested Loop",
                                                "Parent Relationship": "Outer",
                                                "Parallel Aware": false,
                                                "Join Type": "Inner",
                                                "Startup Cost": 70000099825.28,
                                                "Total Cost": 70000168326.36,
                                                "Plan Rows": 1,
                                                "Plan Width": 60,
                                                "Actual Startup Time": 194.168,
                                                "Actual Total Time": 515.831,
                                                "Actual Rows": 316,
                                                "Actual Loops": 1,
                                                "Output": [
                                                    "cc.movie_id",
                                                    "mc.movie_id",
                                                    "cn.name",
                                                    "mi.movie_id",
                                                    "ml.link_type_id",
                                                    "ml.movie_id",
                                                    "t.title",
                                                    "t.id"
                                                ],
                                                "Inner Unique": false,
                                                "Join Filter": "(ml.movie_id = mi.movie_id)",
                                                "Rows Removed by Join Filter": 0,
                                                "Plans": [
                                                    {
                                                        "Node Type": "Hash Join",
                                                        "Parent Relationship": "Outer",
                                                        "Parallel Aware": false,
                                                        "Join Type": "Inner",
                                                        "Startup Cost": 70000099824.85,
                                                        "Total Cost": 70000168322.34,
                                                        "Plan Rows": 2,
                                                        "Plan Width": 56,
                                                        "Actual Startup Time": 181.097,
                                                        "Actual Total Time": 513.417,
                                                        "Actual Rows": 167,
                                                        "Actual Loops": 1,
                                                        "Output": [
                                                            "cc.movie_id",
                                                            "mc.movie_id",
                                                            "cn.name",
                                                            "ml.link_type_id",
                                                            "ml.movie_id",
                                                            "t.title",
                                                            "t.id"
                                                        ],
                                                        "Inner Unique": false,
                                                        "Hash Cond": "(t.id = ml.movie_id)",
                                                        "Plans": [
                                                            {
                                                                "Node Type": "Seq Scan",
                                                                "Parent Relationship": "Outer",
                                                                "Parallel Aware": false,
                                                                "Relation Name": "title",
                                                                "Schema": "public",
                                                                "Alias": "t",
                                                                "Startup Cost": 10000000000.0,
                                                                "Total Cost": 10000067602.02,
                                                                "Plan Rows": 35818,
                                                                "Plan Width": 21,
                                                                "Actual Startup Time": 0.013,
                                                                "Actual Total Time": 336.392,
                                                                "Actual Rows": 38955,
                                                                "Actual Loops": 1,
                                                                "Output": [
                                                                    "t.id",
                                                                    "t.title",
                                                                    "t.imdb_index",
                                                                    "t.kind_id",
                                                                    "t.production_year",
                                                                    "t.imdb_id",
                                                                    "t.phonetic_code",
                                                                    "t.episode_of_id",
                                                                    "t.season_nr",
                                                                    "t.episode_nr",
                                                                    "t.series_years",
                                                                    "t.md5sum"
                                                                ],
                                                                "Filter": "(t.production_year = 1997)",
                                                                "Rows Removed by Filter": 2489357
                                                            },
                                                            {
                                                                "Node Type": "Hash",
                                                                "Parent Relationship": "Inner",
                                                                "Parallel Aware": false,
                                                                "Startup Cost": 60000099823.0,
                                                                "Total Cost": 60000099823.0,
                                                                "Plan Rows": 148,
                                                                "Plan Width": 35,
                                                                "Actual Startup Time": 172.157,
                                                                "Actual Total Time": 172.177,
                                                                "Actual Rows": 530,
                                                                "Actual Loops": 1,
                                                                "Output": [
                                                                    "cc.movie_id",
                                                                    "mc.movie_id",
                                                                    "cn.name",
                                                                    "ml.link_type_id",
                                                                    "ml.movie_id"
                                                                ],
                                                                "Hash Buckets": 1024,
                                                                "Original Hash Buckets": 1024,
                                                                "Hash Batches": 1,
                                                                "Original Hash Batches": 1,
                                                                "Peak Memory Usage": 45,
                                                                "Plans": [
                                                                    {
                                                                        "Node Type": "Merge Join",
                                                                        "Parent Relationship": "Outer",
                                                                        "Parallel Aware": false,
                                                                        "Join Type": "Inner",
                                                                        "Startup Cost": 60000099807.97,
                                                                        "Total Cost": 60000099823.0,
                                                                        "Plan Rows": 148,
                                                                        "Plan Width": 35,
                                                                        "Actual Startup Time": 171.883,
                                                                        "Actual Total Time": 172.044,
                                                                        "Actual Rows": 530,
                                                                        "Actual Loops": 1,
                                                                        "Output": [
                                                                            "cc.movie_id",
                                                                            "mc.movie_id",
                                                                            "cn.name",
                                                                            "ml.link_type_id",
                                                                            "ml.movie_id"
                                                                        ],
                                                                        "Inner Unique": true,
                                                                        "Merge Cond": "(cc.subject_id = cct1.id)",
                                                                        "Plans": [
                                                                            {
                                                                                "Node Type": "Sort",
                                                                                "Parent Relationship": "Outer",
                                                                                "Parallel Aware": false,
                                                                                "Startup Cost": 50000099807.84,
                                                                                "Total Cost": 50000099808.58,
                                                                                "Plan Rows": 295,
                                                                                "Plan Width": 39,
                                                                                "Actual Startup Time": 171.868,
                                                                                "Actual Total Time": 171.918,
                                                                                "Actual Rows": 531,
                                                                                "Actual Loops": 1,
                                                                                "Output": [
                                                                                    "cc.movie_id",
                                                                                    "cc.subject_id",
                                                                                    "mc.movie_id",
                                                                                    "cn.name",
                                                                                    "ml.link_type_id",
                                                                                    "ml.movie_id"
                                                                                ],
                                                                                "Sort Key": [
                                                                                    "cc.subject_id"
                                                                                ],
                                                                                "Sort Method": "quicksort",
                                                                                "Sort Space Used": 82,
                                                                                "Sort Space Type": "Memory",
                                                                                "Plans": [
                                                                                    {
                                                                                        "Node Type": "Merge Join",
                                                                                        "Parent Relationship": "Outer",
                                                                                        "Parallel Aware": false,
                                                                                        "Join Type": "Inner",
                                                                                        "Startup Cost": 50000086041.12,
                                                                                        "Total Cost": 50000099795.74,
                                                                                        "Plan Rows": 295,
                                                                                        "Plan Width": 39,
                                                                                        "Actual Startup Time": 115.089,
                                                                                        "Actual Total Time": 171.731,
                                                                                        "Actual Rows": 680,
                                                                                        "Actual Loops": 1,
                                                                                        "Output": [
                                                                                            "cc.movie_id",
                                                                                            "cc.subject_id",
                                                                                            "mc.movie_id",
                                                                                            "cn.name",
                                                                                            "ml.link_type_id",
                                                                                            "ml.movie_id"
                                                                                        ],
                                                                                        "Inner Unique": true,
                                                                                        "Merge Cond": "(mc.company_id = cn.id)",
                                                                                        "Plans": [
                                                                                            {
                                                                                                "Node Type": "Sort",
                                                                                                "Parent Relationship": "Outer",
                                                                                                "Parallel Aware": false,
                                                                                                "Startup Cost": 50000086040.53,
                                                                                                "Total Cost": 50000086043.95,
                                                                                                "Plan Rows": 1368,
                                                                                                "Plan Width": 24,
                                                                                                "Actual Startup Time": 115.035,
                                                                                                "Actual Total Time": 115.47,
                                                                                                "Actual Rows": 5794,
                                                                                                "Actual Loops": 1,
                                                                                                "Output": [
                                                                                                    "cc.movie_id",
                                                                                                    "cc.subject_id",
                                                                                                    "mc.movie_id",
                                                                                                    "mc.company_id",
                                                                                                    "ml.link_type_id",
                                                                                                    "ml.movie_id"
                                                                                                ],
                                                                                                "Sort Key": [
                                                                                                    "mc.company_id"
                                                                                                ],
                                                                                                "Sort Method": "quicksort",
                                                                                                "Sort Space Used": 645,
                                                                                                "Sort Space Type": "Memory",
                                                                                                "Plans": [
                                                                                                    {
                                                                                                        "Node Type": "Hash Join",
                                                                                                        "Parent Relationship": "Outer",
                                                                                                        "Parallel Aware": false,
                                                                                                        "Join Type": "Inner",
                                                                                                        "Startup Cost": 50000085948.95,
                                                                                                        "Total Cost": 50000085969.28,
                                                                                                        "Plan Rows": 1368,
                                                                                                        "Plan Width": 24,
                                                                                                        "Actual Startup Time": 112.971,
                                                                                                        "Actual Total Time": 113.839,
                                                                                                        "Actual Rows": 5794,
                                                                                                        "Actual Loops": 1,
                                                                                                        "Output": [
                                                                                                            "cc.movie_id",
                                                                                                            "cc.subject_id",
                                                                                                            "mc.movie_id",
                                                                                                            "mc.company_id",
                                                                                                            "ml.link_type_id",
                                                                                                            "ml.movie_id"
                                                                                                        ],
                                                                                                        "Inner Unique": false,
                                                                                                        "Hash Cond": "(cct2.id = cc.status_id)",
                                                                                                        "Plans": [
                                                                                                            {
                                                                                                                "Node Type": "Seq Scan",
                                                                                                                "Parent Relationship": "Outer",
                                                                                                                "Parallel Aware": false,
                                                                                                                "Relation Name": "comp_cast_type",
                                                                                                                "Schema": "public",
                                                                                                                "Alias": "cct2",
                                                                                                                "Startup Cost": 10000000000.0,
                                                                                                                "Total Cost": 10000000001.05,
                                                                                                                "Plan Rows": 1,
                                                                                                                "Plan Width": 4,
                                                                                                                "Actual Startup Time": 0.007,
                                                                                                                "Actual Total Time": 0.01,
                                                                                                                "Actual Rows": 1,
                                                                                                                "Actual Loops": 1,
                                                                                                                "Output": [
                                                                                                                    "cct2.id",
                                                                                                                    "cct2.kind"
                                                                                                                ],
                                                                                                                "Filter": "((cct2.kind)::text = 'complete'::text)",
                                                                                                                "Rows Removed by Filter": 3
                                                                                                            },
                                                                                                            {
                                                                                                                "Node Type": "Hash",
                                                                                                                "Parent Relationship": "Inner",
                                                                                                                "Parallel Aware": false,
                                                                                                                "Startup Cost": 40000085880.56,
                                                                                                                "Total Cost": 40000085880.56,
                                                                                                                "Plan Rows": 5471,
                                                                                                                "Plan Width": 28,
                                                                                                                "Actual Startup Time": 112.945,
                                                                                                                "Actual Total Time": 112.955,
                                                                                                                "Actual Rows": 8423,
                                                                                                                "Actual Loops": 1,
                                                                                                                "Output": [
                                                                                                                    "cc.movie_id",
                                                                                                                    "cc.subject_id",
                                                                                                                    "cc.status_id",
                                                                                                                    "mc.movie_id",
                                                                                                                    "mc.company_id",
                                                                                                                    "ml.link_type_id",
                                                                                                                    "ml.movie_id"
                                                                                                                ],
                                                                                                                "Hash Buckets": 16384,
                                                                                                                "Original Hash Buckets": 8192,
                                                                                                                "Hash Batches": 1,
                                                                                                                "Original Hash Batches": 1,
                                                                                                                "Peak Memory Usage": 622,
                                                                                                                "Plans": [
                                                                                                                    {
                                                                                                                        "Node Type": "Merge Join",
                                                                                                                        "Parent Relationship": "Outer",
                                                                                                                        "Parallel Aware": false,
                                                                                                                        "Join Type": "Inner",
                                                                                                                        "Startup Cost": 40000002694.97,
                                                                                                                        "Total Cost": 40000085880.56,
                                                                                                                        "Plan Rows": 5471,
                                                                                                                        "Plan Width": 28,
                                                                                                                        "Actual Startup Time": 11.362,
                                                                                                                        "Actual Total Time": 110.662,
                                                                                                                        "Actual Rows": 8423,
                                                                                                                        "Actual Loops": 1,
                                                                                                                        "Output": [
                                                                                                                            "cc.movie_id",
                                                                                                                            "cc.subject_id",
                                                                                                                            "cc.status_id",
                                                                                                                            "mc.movie_id",
                                                                                                                            "mc.company_id",
                                                                                                                            "ml.link_type_id",
                                                                                                                            "ml.movie_id"
                                                                                                                        ],
                                                                                                                        "Inner Unique": false,
                                                                                                                        "Merge Cond": "(mc.movie_id = ml.movie_id)",
                                                                                                                        "Plans": [
                                                                                                                            {
                                                                                                                                "Node Type": "Nested Loop",
                                                                                                                                "Parent Relationship": "Outer",
                                                                                                                                "Parallel Aware": false,
                                                                                                                                "Join Type": "Inner",
                                                                                                                                "Startup Cost": 30000000001.31,
                                                                                                                                "Total Cost": 30002128282.42,
                                                                                                                                "Plan Rows": 88289,
                                                                                                                                "Plan Width": 20,
                                                                                                                                "Actual Startup Time": 1.126,
                                                                                                                                "Actual Total Time": 93.105,
                                                                                                                                "Actual Rows": 5100,
                                                                                                                                "Actual Loops": 1,
                                                                                                                                "Output": [
                                                                                                                                    "cc.movie_id",
                                                                                                                                    "cc.subject_id",
                                                                                                                                    "cc.status_id",
                                                                                                                                    "mc.movie_id",
                                                                                                                                    "mc.company_id"
                                                                                                                                ],
                                                                                                                                "Inner Unique": true,
                                                                                                                                "Plans": [
                                                                                                                                    {
                                                                                                                                        "Node Type": "Nested Loop",
                                                                                                                                        "Parent Relationship": "Outer",
                                                                                                                                        "Parallel Aware": false,
                                                                                                                                        "Join Type": "Inner",
                                                                                                                                        "Startup Cost": 20000000001.17,
                                                                                                                                        "Total Cost": 20000660824.57,
                                                                                                                                        "Plan Rows": 353157,
                                                                                                                                        "Plan Width": 24,
                                                                                                                                        "Actual Startup Time": 1.114,
                                                                                                                                        "Actual Total Time": 60.367,
                                                                                                                                        "Actual Rows": 5242,
                                                                                                                                        "Actual Loops": 1,
                                                                                                                                        "Output": [
                                                                                                                                            "cc.movie_id",
                                                                                                                                            "cc.subject_id",
                                                                                                                                            "cc.status_id",
                                                                                                                                            "mc.movie_id",
                                                                                                                                            "mc.company_type_id",
                                                                                                                                            "mc.company_id"
                                                                                                                                        ],
                                                                                                                                        "Inner Unique": false,
                                                                                                                                        "Plans": [
                                                                                                                                            {
                                                                                                                                                "Node Type": "Index Scan",
                                                                                                                                                "Parent Relationship": "Outer",
                                                                                                                                                "Parallel Aware": false,
                                                                                                                                                "Scan Direction": "Forward",
                                                                                                                                                "Index Name": "movie_id_complete_cast",
                                                                                                                                                "Relation Name": "complete_cast",
                                                                                                                                                "Schema": "public",
                                                                                                                                                "Alias": "cc",
                                                                                                                                                "Startup Cost": 10000000000.42,
                                                                                                                                                "Total Cost": 10000006651.09,
                                                                                                                                                "Plan Rows": 135086,
                                                                                                                                                "Plan Width": 12,
                                                                                                                                                "Actual Startup Time": 0.021,
                                                                                                                                                "Actual Total Time": 4.731,
                                                                                                                                                "Actual Rows": 5993,
                                                                                                                                                "Actual Loops": 1,
                                                                                                                                                "Output": [
                                                                                                                                                    "cc.id",
                                                                                                                                                    "cc.movie_id",
                                                                                                                                                    "cc.subject_id",
                                                                                                                                                    "cc.status_id"
                                                                                                                                                ]
                                                                                                                                            },
                                                                                                                                            {
                                                                                                                                                "Node Type": "Bitmap Heap Scan",
                                                                                                                                                "Parent Relationship": "Inner",
                                                                                                                                                "Parallel Aware": false,
                                                                                                                                                "Relation Name": "movie_companies",
                                                                                                                                                "Schema": "public",
                                                                                                                                                "Alias": "mc",
                                                                                                                                                "Startup Cost": 0.75,
                                                                                                                                                "Total Cost": 4.81,
                                                                                                                                                "Plan Rows": 3,
                                                                                                                                                "Plan Width": 12,
                                                                                                                                                "Actual Startup Time": 0.006,
                                                                                                                                                "Actual Total Time": 0.006,
                                                                                                                                                "Actual Rows": 1,
                                                                                                                                                "Actual Loops": 5993,
                                                                                                                                                "Output": [
                                                                                                                                                    "mc.id",
                                                                                                                                                    "mc.movie_id",
                                                                                                                                                    "mc.company_id",
                                                                                                                                                    "mc.company_type_id",
                                                                                                                                                    "mc.note"
                                                                                                                                                ],
                                                                                                                                                "Recheck Cond": "(mc.movie_id = cc.movie_id)",
                                                                                                                                                "Rows Removed by Index Recheck": 0,
                                                                                                                                                "Filter": "(mc.note IS NULL)",
                                                                                                                                                "Rows Removed by Filter": 2,
                                                                                                                                                "Exact Heap Blocks": 7165,
                                                                                                                                                "Lossy Heap Blocks": 0,
                                                                                                                                                "Plans": [
                                                                                                                                                    {
                                                                                                                                                        "Node Type": "Bitmap Index Scan",
                                                                                                                                                        "Parent Relationship": "Outer",
                                                                                                                                                        "Parallel Aware": false,
                                                                                                                                                        "Index Name": "movie_id_movie_companies",
                                                                                                                                                        "Startup Cost": 0.0,
                                                                                                                                                        "Total Cost": 0.75,
                                                                                                                                                        "Plan Rows": 5,
                                                                                                                                                        "Plan Width": 0,
                                                                                                                                                        "Actual Startup Time": 0.004,
                                                                                                                                                        "Actual Total Time": 0.004,
                                                                                                                                                        "Actual Rows": 2,
                                                                                                                                                        "Actual Loops": 5993,
                                                                                                                                                        "Index Cond": "(mc.movie_id = cc.movie_id)"
                                                                                                                                                    }
                                                                                                                                                ]
                                                                                                                                            }
                                                                                                                                        ]
                                                                                                                                    },
                                                                                                                                    {
                                                                                                                                        "Node Type": "Bitmap Heap Scan",
                                                                                                                                        "Parent Relationship": "Inner",
                                                                                                                                        "Parallel Aware": false,
                                                                                                                                        "Relation Name": "company_type",
                                                                                                                                        "Schema": "public",
                                                                                                                                        "Alias": "ct",
                                                                                                                                        "Startup Cost": 0.14,
                                                                                                                                        "Total Cost": 4.15,
                                                                                                                                        "Plan Rows": 1,
                                                                                                                                        "Plan Width": 4,
                                                                                                                                        "Actual Startup Time": 0.003,
                                                                                                                                        "Actual Total Time": 0.003,
                                                                                                                                        "Actual Rows": 1,
                                                                                                                                        "Actual Loops": 5242,
                                                                                                                                        "Output": [
                                                                                                                                            "ct.id",
                                                                                                                                            "ct.kind"
                                                                                                                                        ],
                                                                                                                                        "Recheck Cond": "(ct.id = mc.company_type_id)",
                                                                                                                                        "Rows Removed by Index Recheck": 0,
                                                                                                                                        "Filter": "((ct.kind)::text = 'production companies'::text)",
                                                                                                                                        "Rows Removed by Filter": 0,
                                                                                                                                        "Exact Heap Blocks": 5242,
                                                                                                                                        "Lossy Heap Blocks": 0,
                                                                                                                                        "Plans": [
                                                                                                                                            {
                                                                                                                                                "Node Type": "Bitmap Index Scan",
                                                                                                                                                "Parent Relationship": "Outer",
                                                                                                                                                "Parallel Aware": false,
                                                                                                                                                "Index Name": "company_type_pkey",
                                                                                                                                                "Startup Cost": 0.0,
                                                                                                                                                "Total Cost": 0.14,
                                                                                                                                                "Plan Rows": 1,
                                                                                                                                                "Plan Width": 0,
                                                                                                                                                "Actual Startup Time": 0.001,
                                                                                                                                                "Actual Total Time": 0.001,
                                                                                                                                                "Actual Rows": 1,
                                                                                                                                                "Actual Loops": 5242,
                                                                                                                                                "Index Cond": "(ct.id = mc.company_type_id)"
                                                                                                                                            }
                                                                                                                                        ]
                                                                                                                                    }
                                                                                                                                ]
                                                                                                                            },
                                                                                                                            {
                                                                                                                                "Node Type": "Sort",
                                                                                                                                "Parent Relationship": "Inner",
                                                                                                                                "Parallel Aware": false,
                                                                                                                                "Startup Cost": 10000002693.63,
                                                                                                                                "Total Cost": 10000002768.62,
                                                                                                                                "Plan Rows": 29997,
                                                                                                                                "Plan Width": 8,
                                                                                                                                "Actual Startup Time": 10.13,
                                                                                                                                "Actual Total Time": 12.35,
                                                                                                                                "Actual Rows": 34996,
                                                                                                                                "Actual Loops": 1,
                                                                                                                                "Output": [
                                                                                                                                    "ml.link_type_id",
                                                                                                                                    "ml.movie_id"
                                                                                                                                ],
                                                                                                                                "Sort Key": [
                                                                                                                                    "ml.movie_id"
                                                                                                                                ],
                                                                                                                                "Sort Method": "quicksort",
                                                                                                                                "Sort Space Used": 2175,
                                                                                                                                "Sort Space Type": "Memory",
                                                                                                                                "Plans": [
                                                                                                                                    {
                                                                                                                                        "Node Type": "Seq Scan",
                                                                                                                                        "Parent Relationship": "Outer",
                                                                                                                                        "Parallel Aware": false,
                                                                                                                                        "Relation Name": "movie_link",
                                                                                                                                        "Schema": "public",
                                                                                                                                        "Alias": "ml",
                                                                                                                                        "Startup Cost": 10000000000.0,
                                                                                                                                        "Total Cost": 10000000462.97,
                                                                                                                                        "Plan Rows": 29997,
                                                                                                                                        "Plan Width": 8,
                                                                                                                                        "Actual Startup Time": 0.012,
                                                                                                                                        "Actual Total Time": 4.25,
                                                                                                                                        "Actual Rows": 29997,
                                                                                                                                        "Actual Loops": 1,
                                                                                                                                        "Output": [
                                                                                                                                            "ml.link_type_id",
                                                                                                                                            "ml.movie_id"
                                                                                                                                        ]
                                                                                                                                    }
                                                                                                                                ]
                                                                                                                            }
                                                                                                                        ]
                                                                                                                    }
                                                                                                                ]
                                                                                                            }
                                                                                                        ]
                                                                                                    }
                                                                                                ]
                                                                                            },
                                                                                            {
                                                                                                "Node Type": "Index Scan",
                                                                                                "Parent Relationship": "Inner",
                                                                                                "Parallel Aware": false,
                                                                                                "Scan Direction": "Forward",
                                                                                                "Index Name": "company_name_pkey",
                                                                                                "Relation Name": "company_name",
                                                                                                "Schema": "public",
                                                                                                "Alias": "cn",
                                                                                                "Startup Cost": 0.42,
                                                                                                "Total Cost": 13629.43,
                                                                                                "Plan Rows": 50732,
                                                                                                "Plan Width": 23,
                                                                                                "Actual Startup Time": 0.045,
                                                                                                "Actual Total Time": 54.51,
                                                                                                "Actual Rows": 14185,
                                                                                                "Actual Loops": 1,
                                                                                                "Output": [
                                                                                                    "cn.id",
                                                                                                    "cn.name",
                                                                                                    "cn.country_code",
                                                                                                    "cn.imdb_id",
                                                                                                    "cn.name_pcode_nf",
                                                                                                    "cn.name_pcode_sf",
                                                                                                    "cn.md5sum"
                                                                                                ],
                                                                                                "Filter": "(((cn.country_code)::text <> '[pl]'::text) AND ((cn.name ~~ '%Film%'::text) OR (cn.name ~~ '%Warner%'::text)))",
                                                                                                "Rows Removed by Filter": 59857
                                                                                            }
                                                                                        ]
                                                                                    }
                                                                                ]
                                                                            },
                                                                            {
                                                                                "Node Type": "Index Scan",
                                                                                "Parent Relationship": "Inner",
                                                                                "Parallel Aware": false,
                                                                                "Scan Direction": "Forward",
                                                                                "Index Name": "comp_cast_type_pkey",
                                                                                "Relation Name": "comp_cast_type",
                                                                                "Schema": "public",
                                                                                "Alias": "cct1",
                                                                                "Startup Cost": 10000000000.13,
                                                                                "Total Cost": 10000000012.2,
                                                                                "Plan Rows": 2,
                                                                                "Plan Width": 4,
                                                                                "Actual Startup Time": 0.01,
                                                                                "Actual Total Time": 0.013,
                                                                                "Actual Rows": 1,
                                                                                "Actual Loops": 1,
                                                                                "Output": [
                                                                                    "cct1.id",
                                                                                    "cct1.kind"
                                                                                ],
                                                                                "Filter": "((cct1.kind)::text = ANY ('{cast,cast}'::text[]))",
                                                                                "Rows Removed by Filter": 3
                                                                            }
                                                                        ]
                                                                    }
                                                                ]
                                                            }
                                                        ]
                                                    },
                                                    {
                                                        "Node Type": "Index Scan",
                                                        "Parent Relationship": "Inner",
                                                        "Parallel Aware": false,
                                                        "Scan Direction": "Forward",
                                                        "Index Name": "movie_id_movie_info",
                                                        "Relation Name": "movie_info",
                                                        "Schema": "public",
                                                        "Alias": "mi",
                                                        "Startup Cost": 0.43,
                                                        "Total Cost": 2.0,
                                                        "Plan Rows": 1,
                                                        "Plan Width": 4,
                                                        "Actual Startup Time": 0.011,
                                                        "Actual Total Time": 0.014,
                                                        "Actual Rows": 2,
                                                        "Actual Loops": 167,
                                                        "Output": [
                                                            "mi.id",
                                                            "mi.movie_id",
                                                            "mi.info_type_id",
                                                            "mi.info",
                                                            "mi.note"
                                                        ],
                                                        "Index Cond": "(mi.movie_id = mc.movie_id)",
                                                        "Rows Removed by Index Recheck": 0,
                                                        "Filter": "(mi.info = ANY ('{Swedish,Danish,American,\"Finland:26 August 1998\"}'::text[]))",
                                                        "Rows Removed by Filter": 26
                                                    }
                                                ]
                                            }
                                        ]
                                    }
                                ]
                            },
                            {
                                "Node Type": "Bitmap Heap Scan",
                                "Parent Relationship": "Inner",
                                "Parallel Aware": false,
                                "Relation Name": "movie_keyword",
                                "Schema": "public",
                                "Alias": "mk",
                                "Startup Cost": 0.86,
                                "Total Cost": 5.43,
                                "Plan Rows": 46,
                                "Plan Width": 8,
                                "Actual Startup Time": 0.005,
                                "Actual Total Time": 0.007,
                                "Actual Rows": 8,
                                "Actual Loops": 304,
                                "Output": [
                                    "mk.id",
                                    "mk.movie_id",
                                    "mk.keyword_id"
                                ],
                                "Recheck Cond": "(mk.movie_id = mc.movie_id)",
                                "Rows Removed by Index Recheck": 0,
                                "Exact Heap Blocks": 304,
                                "Lossy Heap Blocks": 0,
                                "Plans": [
                                    {
                                        "Node Type": "Bitmap Index Scan",
                                        "Parent Relationship": "Outer",
                                        "Parallel Aware": false,
                                        "Index Name": "movie_id_movie_keyword",
                                        "Startup Cost": 0.0,
                                        "Total Cost": 0.84,
                                        "Plan Rows": 46,
                                        "Plan Width": 0,
                                        "Actual Startup Time": 0.003,
                                        "Actual Total Time": 0.003,
                                        "Actual Rows": 8,
                                        "Actual Loops": 304,
                                        "Index Cond": "(mk.movie_id = mc.movie_id)"
                                    }
                                ]
                            }
                        ]
                    },
                    {
                        "Node Type": "Bitmap Heap Scan",
                        "Parent Relationship": "Inner",
                        "Parallel Aware": false,
                        "Relation Name": "keyword",
                        "Schema": "public",
                        "Alias": "k",
                        "Startup Cost": 0.43,
                        "Total Cost": 4.44,
                        "Plan Rows": 1,
                        "Plan Width": 4,
                        "Actual Startup Time": 0.005,
                        "Actual Total Time": 0.005,
                        "Actual Rows": 0,
                        "Actual Loops": 2280,
                        "Output": [
                            "k.id",
                            "k.keyword",
                            "k.phonetic_code"
                        ],
                        "Recheck Cond": "(k.id = mk.keyword_id)",
                        "Rows Removed by Index Recheck": 0,
                        "Filter": "(k.keyword = 'sequel'::text)",
                        "Rows Removed by Filter": 1,
                        "Exact Heap Blocks": 2280,
                        "Lossy Heap Blocks": 0,
                        "Plans": [
                            {
                                "Node Type": "Bitmap Index Scan",
                                "Parent Relationship": "Outer",
                                "Parallel Aware": false,
                                "Index Name": "keyword_pkey",
                                "Startup Cost": 0.0,
                                "Total Cost": 0.43,
                                "Plan Rows": 1,
                                "Plan Width": 0,
                                "Actual Startup Time": 0.003,
                                "Actual Total Time": 0.003,
                                "Actual Rows": 1,
                                "Actual Loops": 2280,
                                "Index Cond": "(k.id = mk.keyword_id)"
                            }
                        ]
                    }
                ]
            }
        ]
    },
    "Planning Time": 60.747,
    "Triggers": [],
    "Execution Time": 536.345
}