[
  {
    "Plan": {
      "Node Type": "Aggregate",
      "Strategy": "Plain",
      "Partial Mode": "Finalize",
      "Parallel Aware": false,
      "Startup Cost": 26051.2,
      "Total Cost": 26051.21,
      "Plan Rows": 1,
      "Plan Width": 8,
      "Actual Startup Time": 85.641,
      "Actual Total Time": 93.388,
      "Actual Rows": 1,
      "Actual Loops": 1,
      "Plans": [
        {
          "Node Type": "Gather",
          "Parent Relationship": "Outer",
          "Parallel Aware": false,
          "Startup Cost": 26050.99,
          "Total Cost": 26051.2,
          "Plan Rows": 2,
          "Plan Width": 8,
          "Actual Startup Time": 85.5,
          "Actual Total Time": 93.382,
          "Actual Rows": 3,
          "Actual Loops": 1,
          "Workers Planned": 2,
          "Workers Launched": 2,
          "Single Copy": false,
          "Plans": [
            {
              "Node Type": "Aggregate",
              "Strategy": "Plain",
              "Partial Mode": "Partial",
              "Parent Relationship": "Outer",
              "Parallel Aware": false,
              "Startup Cost": 25050.99,
              "Total Cost": 25051.0,
              "Plan Rows": 1,
              "Plan Width": 8,
              "Actual Startup Time": 79.904,
              "Actual Total Time": 79.905,
              "Actual Rows": 1,
              "Actual Loops": 3,
              "Plans": [
                {
                  "Node Type": "Nested Loop",
                  "Parent Relationship": "Outer",
                  "Parallel Aware": false,
                  "Join Type": "Inner",
                  "Startup Cost": 94.01,
                  "Total Cost": 25049.4,
                  "Plan Rows": 637,
                  "Plan Width": 0,
                  "Actual Startup Time": 33.738,
                  "Actual Total Time": 79.423,
                  "Actual Rows": 2271,
                  "Actual Loops": 3,
                  "Inner Unique": true,
                  "Plans": [
                    {
                      "Node Type": "Nested Loop",
                      "Parent Relationship": "Outer",
                      "Parallel Aware": false,
                      "Join Type": "Inner",
                      "Startup Cost": 93.58,
                      "Total Cost": 22728.29,
                      "Plan Rows": 3604,
                      "Plan Width": 8,
                      "Actual Startup Time": 33.587,
                      "Actual Total Time": 59.892,
                      "Actual Rows": 2271,
                      "Actual Loops": 3,
                      "Inner Unique": false,
                      "Plans": [
                        {
                          "Node Type": "Bitmap Heap Scan",
                          "Parent Relationship": "Outer",
                          "Parallel Aware": true,
                          "Relation Name": "movie_keyword",
                          "Alias": "mk",
                          "Startup Cost": 93.15,
                          "Total Cost": 11014.05,
                          "Plan Rows": 1759,
                          "Plan Width": 4,
                          "Actual Startup Time": 33.417,
                          "Actual Total Time": 41.566,
                          "Actual Rows": 1469,
                          "Actual Loops": 3,
                          "Recheck Cond": "(keyword_id = 2891)",
                          "Rows Removed by Index Recheck": 0,
                          "Exact Heap Blocks": 2377,
                          "Lossy Heap Blocks": 0,
                          "Plans": [
                            {
                              "Node Type": "Bitmap Index Scan",
                              "Parent Relationship": "Outer",
                              "Parallel Aware": false,
                              "Index Name": "keyword_id_movie_keyword",
                              "Startup Cost": 0.0,
                              "Total Cost": 92.1,
                              "Plan Rows": 4222,
                              "Plan Width": 0,
                              "Actual Startup Time": 36.956,
                              "Actual Total Time": 36.956,
                              "Actual Rows": 4408,
                              "Actual Loops": 1,
                              "Index Cond": "(keyword_id = 2891)"
                            }
                          ]
                        },
                        {
                          "Node Type": "Index Scan",
                          "Parent Relationship": "Inner",
                          "Parallel Aware": false,
                          "Scan Direction": "Forward",
                          "Index Name": "movie_id_movie_info_idx",
                          "Relation Name": "movie_info_idx",
                          "Alias": "mi_idx",
                          "Startup Cost": 0.43,
                          "Total Cost": 6.64,
                          "Plan Rows": 2,
                          "Plan Width": 4,
                          "Actual Startup Time": 0.011,
                          "Actual Total Time": 0.011,
                          "Actual Rows": 2,
                          "Actual Loops": 4408,
                          "Index Cond": "(movie_id = mk.movie_id)",
                          "Rows Removed by Index Recheck": 0,
                          "Filter": "(info_type_id < 101)",
                          "Rows Removed by Filter": 1
                        }
                      ]
                    },
                    {
                      "Node Type": "Index Only Scan",
                      "Parent Relationship": "Inner",
                      "Parallel Aware": false,
                      "Scan Direction": "Forward",
                      "Index Name": "title_pkey",
                      "Relation Name": "title",
                      "Alias": "t",
                      "Startup Cost": 0.43,
                      "Total Cost": 0.64,
                      "Plan Rows": 1,
                      "Plan Width": 4,
                      "Actual Startup Time": 0.008,
                      "Actual Total Time": 0.008,
                      "Actual Rows": 1,
                      "Actual Loops": 6812,
                      "Index Cond": "(id = mi_idx.movie_id)",
                      "Rows Removed by Index Recheck": 0,
                      "Heap Fetches": 6812
                    }
                  ]
                }
              ]
            }
          ]
        }
      ]
    },
    "Planning Time": 0.547,
    "Triggers": [],
    "Execution Time": 93.438
  }
]