[
  {
    "Plan": {
      "Node Type": "Aggregate",
      "Strategy": "Plain",
      "Partial Mode": "Finalize",
      "Parallel Aware": false,
      "Startup Cost": 31368.93,
      "Total Cost": 31368.94,
      "Plan Rows": 1,
      "Plan Width": 8,
      "Actual Startup Time": 101.905,
      "Actual Total Time": 109.21,
      "Actual Rows": 1,
      "Actual Loops": 1,
      "Plans": [
        {
          "Node Type": "Gather",
          "Parent Relationship": "Outer",
          "Parallel Aware": false,
          "Startup Cost": 31368.61,
          "Total Cost": 31368.92,
          "Plan Rows": 3,
          "Plan Width": 8,
          "Actual Startup Time": 101.443,
          "Actual Total Time": 109.2,
          "Actual Rows": 4,
          "Actual Loops": 1,
          "Workers Planned": 3,
          "Workers Launched": 3,
          "Single Copy": false,
          "Plans": [
            {
              "Node Type": "Aggregate",
              "Strategy": "Plain",
              "Partial Mode": "Partial",
              "Parent Relationship": "Outer",
              "Parallel Aware": false,
              "Startup Cost": 30368.61,
              "Total Cost": 30368.62,
              "Plan Rows": 1,
              "Plan Width": 8,
              "Actual Startup Time": 92.225,
              "Actual Total Time": 92.226,
              "Actual Rows": 1,
              "Actual Loops": 4,
              "Plans": [
                {
                  "Node Type": "Bitmap Heap Scan",
                  "Parent Relationship": "Outer",
                  "Parallel Aware": true,
                  "Relation Name": "movie_keyword",
                  "Alias": "mk",
                  "Startup Cost": 4816.02,
                  "Total Cost": 30185.51,
                  "Plan Rows": 73240,
                  "Plan Width": 0,
                  "Actual Startup Time": 31.23,
                  "Actual Total Time": 88.485,
                  "Actual Rows": 58040,
                  "Actual Loops": 4,
                  "Recheck Cond": "(keyword_id > 63003)",
                  "Rows Removed by Index Recheck": 0,
                  "Exact Heap Blocks": 10651,
                  "Lossy Heap Blocks": 0,
                  "Plans": [
                    {
                      "Node Type": "Bitmap Index Scan",
                      "Parent Relationship": "Outer",
                      "Parallel Aware": false,
                      "Index Name": "keyword_id_movie_keyword",
                      "Startup Cost": 0.0,
                      "Total Cost": 4759.26,
                      "Plan Rows": 227043,
                      "Plan Width": 0,
                      "Actual Startup Time": 35.163,
                      "Actual Total Time": 35.163,
                      "Actual Rows": 232161,
                      "Actual Loops": 1,
                      "Index Cond": "(keyword_id > 63003)"
                    }
                  ]
                }
              ]
            }
          ]
        }
      ]
    },
    "Planning Time": 0.19,
    "Triggers": [],
    "Execution Time": 109.287
  }
]