[
  {
    "Plan": {
      "Node Type": "Aggregate",
      "Strategy": "Plain",
      "Partial Mode": "Finalize",
      "Parallel Aware": false,
      "Startup Cost": 31776.12,
      "Total Cost": 31776.13,
      "Plan Rows": 1,
      "Plan Width": 8,
      "Actual Startup Time": 99.793,
      "Actual Total Time": 107.575,
      "Actual Rows": 1,
      "Actual Loops": 1,
      "Plans": [
        {
          "Node Type": "Gather",
          "Parent Relationship": "Outer",
          "Parallel Aware": false,
          "Startup Cost": 31775.8,
          "Total Cost": 31776.11,
          "Plan Rows": 3,
          "Plan Width": 8,
          "Actual Startup Time": 99.544,
          "Actual Total Time": 107.567,
          "Actual Rows": 4,
          "Actual Loops": 1,
          "Workers Planned": 3,
          "Workers Launched": 3,
          "Single Copy": false,
          "Plans": [
            {
              "Node Type": "Aggregate",
              "Strategy": "Plain",
              "Partial Mode": "Partial",
              "Parent Relationship": "Outer",
              "Parallel Aware": false,
              "Startup Cost": 30775.8,
              "Total Cost": 30775.81,
              "Plan Rows": 1,
              "Plan Width": 8,
              "Actual Startup Time": 90.505,
              "Actual Total Time": 90.507,
              "Actual Rows": 1,
              "Actual Loops": 4,
              "Plans": [
                {
                  "Node Type": "Bitmap Heap Scan",
                  "Parent Relationship": "Outer",
                  "Parallel Aware": true,
                  "Relation Name": "movie_keyword",
                  "Alias": "mk",
                  "Startup Cost": 5148.18,
                  "Total Cost": 30580.2,
                  "Plan Rows": 78241,
                  "Plan Width": 0,
                  "Actual Startup Time": 31.798,
                  "Actual Total Time": 86.631,
                  "Actual Rows": 58040,
                  "Actual Loops": 4,
                  "Recheck Cond": "(keyword_id > 63003)",
                  "Rows Removed by Index Recheck": 0,
                  "Exact Heap Blocks": 11824,
                  "Lossy Heap Blocks": 0,
                  "Plans": [
                    {
                      "Node Type": "Bitmap Index Scan",
                      "Parent Relationship": "Outer",
                      "Parallel Aware": false,
                      "Index Name": "keyword_id_movie_keyword",
                      "Startup Cost": 0.0,
                      "Total Cost": 5087.54,
                      "Plan Rows": 242548,
                      "Plan Width": 0,
                      "Actual Startup Time": 35.112,
                      "Actual Total Time": 35.112,
                      "Actual Rows": 232161,
                      "Actual Loops": 1,
                      "Index Cond": "(keyword_id > 63003)"
                    }
                  ]
                }
              ]
            }
          ]
        }
      ]
    },
    "Planning Time": 0.161,
    "Triggers": [],
    "Execution Time": 107.644
  }
]