{
    "Plan": {
        "Node Type": "Aggregate",
        "Strategy": "Plain",
        "Partial Mode": "Finalize",
        "Parallel Aware": false,
        "Startup Cost": 89842.12,
        "Total Cost": 89842.13,
        "Plan Rows": 1,
        "Plan Width": 8,
        "Actual Startup Time": 325.127,
        "Actual Total Time": 339.799,
        "Actual Rows": 1,
        "Actual Loops": 1,
        "Output": [
            "count(*)"
        ],
        "Plans": [
            {
                "Node Type": "Gather",
                "Parent Relationship": "Outer",
                "Parallel Aware": false,
                "Startup Cost": 89841.81,
                "Total Cost": 89842.12,
                "Plan Rows": 3,
                "Plan Width": 8,
                "Actual Startup Time": 324.306,
                "Actual Total Time": 339.788,
                "Actual Rows": 4,
                "Actual Loops": 1,
                "Output": [
                    "(PARTIAL count(*))"
                ],
                "Workers Planned": 3,
                "Workers Launched": 3,
                "Single Copy": false,
                "Plans": [
                    {
                        "Node Type": "Aggregate",
                        "Strategy": "Plain",
                        "Partial Mode": "Partial",
                        "Parent Relationship": "Outer",
                        "Parallel Aware": false,
                        "Startup Cost": 88841.81,
                        "Total Cost": 88841.82,
                        "Plan Rows": 1,
                        "Plan Width": 8,
                        "Actual Startup Time": 314.546,
                        "Actual Total Time": 314.551,
                        "Actual Rows": 1,
                        "Actual Loops": 4,
                        "Output": [
                            "PARTIAL count(*)"
                        ],
                        "Workers": [
                            {
                                "Worker Number": 0,
                                "Actual Startup Time": 311.272,
                                "Actual Total Time": 311.278,
                                "Actual Rows": 1,
                                "Actual Loops": 1
                            },
                            {
                                "Worker Number": 1,
                                "Actual Startup Time": 310.97,
                                "Actual Total Time": 310.974,
                                "Actual Rows": 1,
                                "Actual Loops": 1
                            },
                            {
                                "Worker Number": 2,
                                "Actual Startup Time": 312.73,
                                "Actual Total Time": 312.734,
                                "Actual Rows": 1,
                                "Actual Loops": 1
                            }
                        ],
                        "Plans": [
                            {
                                "Node Type": "Hash Join",
                                "Parent Relationship": "Outer",
                                "Parallel Aware": true,
                                "Join Type": "Inner",
                                "Startup Cost": 62797.0,
                                "Total Cost": 88806.94,
                                "Plan Rows": 13947,
                                "Plan Width": 0,
                                "Actual Startup Time": 213.102,
                                "Actual Total Time": 312.855,
                                "Actual Rows": 16808,
                                "Actual Loops": 4,
                                "Inner Unique": true,
                                "Hash Cond": "(mc.movie_id = t.id)",
                                "Workers": [
                                    {
                                        "Worker Number": 0,
                                        "Actual Startup Time": 209.9,
                                        "Actual Total Time": 309.558,
                                        "Actual Rows": 13106,
                                        "Actual Loops": 1
                                    },
                                    {
                                        "Worker Number": 1,
                                        "Actual Startup Time": 209.544,
                                        "Actual Total Time": 309.306,
                                        "Actual Rows": 21156,
                                        "Actual Loops": 1
                                    },
                                    {
                                        "Worker Number": 2,
                                        "Actual Startup Time": 211.315,
                                        "Actual Total Time": 311.153,
                                        "Actual Rows": 20165,
                                        "Actual Loops": 1
                                    }
                                ],
                                "Plans": [
                                    {
                                        "Node Type": "Bitmap Heap Scan",
                                        "Parent Relationship": "Outer",
                                        "Parallel Aware": true,
                                        "Relation Name": "movie_companies",
                                        "Schema": "public",
                                        "Alias": "mc",
                                        "Startup Cost": 23924.37,
                                        "Total Cost": 49150.93,
                                        "Plan Rows": 298433,
                                        "Plan Width": 4,
                                        "Actual Startup Time": 74.688,
                                        "Actual Total Time": 167.547,
                                        "Actual Rows": 276042,
                                        "Actual Loops": 4,
                                        "Output": [
                                            "mc.id",
                                            "mc.movie_id",
                                            "mc.company_id",
                                            "mc.company_type_id",
                                            "mc.note"
                                        ],
                                        "Recheck Cond": "(mc.company_type_id = 2)",
                                        "Rows Removed by Index Recheck": 0,
                                        "Filter": "(mc.company_id > 1709)",
                                        "Rows Removed by Filter": 57678,
                                        "Exact Heap Blocks": 1447,
                                        "Lossy Heap Blocks": 0,
                                        "Workers": [
                                            {
                                                "Worker Number": 0,
                                                "Actual Startup Time": 74.373,
                                                "Actual Total Time": 169.835,
                                                "Actual Rows": 249558,
                                                "Actual Loops": 1
                                            },
                                            {
                                                "Worker Number": 1,
                                                "Actual Startup Time": 74.762,
                                                "Actual Total Time": 167.119,
                                                "Actual Rows": 324563,
                                                "Actual Loops": 1
                                            },
                                            {
                                                "Worker Number": 2,
                                                "Actual Startup Time": 74.841,
                                                "Actual Total Time": 164.64,
                                                "Actual Rows": 318600,
                                                "Actual Loops": 1
                                            }
                                        ],
                                        "Plans": [
                                            {
                                                "Node Type": "Bitmap Index Scan",
                                                "Parent Relationship": "Outer",
                                                "Parallel Aware": false,
                                                "Index Name": "company_type_id_movie_companies",
                                                "Startup Cost": 0.0,
                                                "Total Cost": 23693.09,
                                                "Plan Rows": 1330221,
                                                "Plan Width": 0,
                                                "Actual Startup Time": 72.633,
                                                "Actual Total Time": 72.633,
                                                "Actual Rows": 1334883,
                                                "Actual Loops": 1,
                                                "Index Cond": "(mc.company_type_id = 2)",
                                                "Workers": [
                                                    {
                                                        "Worker Number": 0,
                                                        "Actual Startup Time": 72.633,
                                                        "Actual Total Time": 72.633,
                                                        "Actual Rows": 1334883,
                                                        "Actual Loops": 1
                                                    }
                                                ]
                                            }
                                        ]
                                    },
                                    {
                                        "Node Type": "Hash",
                                        "Parent Relationship": "Inner",
                                        "Parallel Aware": true,
                                        "Startup Cost": 38503.39,
                                        "Total Cost": 38503.39,
                                        "Plan Rows": 29539,
                                        "Plan Width": 4,
                                        "Actual Startup Time": 76.301,
                                        "Actual Total Time": 76.303,
                                        "Actual Rows": 29558,
                                        "Actual Loops": 4,
                                        "Output": [
                                            "t.id"
                                        ],
                                        "Hash Buckets": 131072,
                                        "Original Hash Buckets": 131072,
                                        "Hash Batches": 1,
                                        "Original Hash Batches": 1,
                                        "Peak Memory Usage": 5728,
                                        "Workers": [
                                            {
                                                "Worker Number": 0,
                                                "Actual Startup Time": 74.281,
                                                "Actual Total Time": 74.283,
                                                "Actual Rows": 27288,
                                                "Actual Loops": 1
                                            },
                                            {
                                                "Worker Number": 1,
                                                "Actual Startup Time": 73.912,
                                                "Actual Total Time": 73.914,
                                                "Actual Rows": 28063,
                                                "Actual Loops": 1
                                            },
                                            {
                                                "Worker Number": 2,
                                                "Actual Startup Time": 75.819,
                                                "Actual Total Time": 75.82,
                                                "Actual Rows": 25576,
                                                "Actual Loops": 1
                                            }
                                        ],
                                        "Plans": [
                                            {
                                                "Node Type": "Bitmap Heap Scan",
                                                "Parent Relationship": "Outer",
                                                "Parallel Aware": true,
                                                "Relation Name": "title",
                                                "Schema": "public",
                                                "Alias": "t",
                                                "Startup Cost": 2136.15,
                                                "Total Cost": 38503.39,
                                                "Plan Rows": 29539,
                                                "Plan Width": 4,
                                                "Actual Startup Time": 12.29,
                                                "Actual Total Time": 62.629,
                                                "Actual Rows": 29558,
                                                "Actual Loops": 4,
                                                "Output": [
                                                    "t.id"
                                                ],
                                                "Recheck Cond": "(t.kind_id = 4)",
                                                "Rows Removed by Index Recheck": 0,
                                                "Exact Heap Blocks": 4024,
                                                "Lossy Heap Blocks": 0,
                                                "Workers": [
                                                    {
                                                        "Worker Number": 0,
                                                        "Actual Startup Time": 10.295,
                                                        "Actual Total Time": 60.263,
                                                        "Actual Rows": 27288,
                                                        "Actual Loops": 1
                                                    },
                                                    {
                                                        "Worker Number": 1,
                                                        "Actual Startup Time": 9.948,
                                                        "Actual Total Time": 60.65,
                                                        "Actual Rows": 28063,
                                                        "Actual Loops": 1
                                                    },
                                                    {
                                                        "Worker Number": 2,
                                                        "Actual Startup Time": 11.884,
                                                        "Actual Total Time": 62.831,
                                                        "Actual Rows": 25576,
                                                        "Actual Loops": 1
                                                    }
                                                ],
                                                "Plans": [
                                                    {
                                                        "Node Type": "Bitmap Index Scan",
                                                        "Parent Relationship": "Outer",
                                                        "Parallel Aware": false,
                                                        "Index Name": "kind_id_title",
                                                        "Startup Cost": 0.0,
                                                        "Total Cost": 2106.61,
                                                        "Plan Rows": 118157,
                                                        "Plan Width": 0,
                                                        "Actual Startup Time": 13.899,
                                                        "Actual Total Time": 13.899,
                                                        "Actual Rows": 118234,
                                                        "Actual Loops": 1,
                                                        "Index Cond": "(t.kind_id = 4)"
                                                    }
                                                ]
                                            }
                                        ]
                                    }
                                ]
                            }
                        ]
                    }
                ]
            }
        ]
    },
    "Planning Time": 2.668,
    "Triggers": [],
    "Execution Time": 340.266
}