{
    "Plan": {
        "Node Type": "Aggregate",
        "Strategy": "Plain",
        "Partial Mode": "Finalize",
        "Parallel Aware": false,
        "Startup Cost": 392645.43,
        "Total Cost": 392645.44,
        "Plan Rows": 1,
        "Plan Width": 8,
        "Actual Startup Time": 728.282,
        "Actual Total Time": 777.514,
        "Actual Rows": 1,
        "Actual Loops": 1,
        "Output": [
            "count(*)"
        ],
        "Plans": [
            {
                "Node Type": "Gather",
                "Parent Relationship": "Outer",
                "Parallel Aware": false,
                "Startup Cost": 392644.81,
                "Total Cost": 392645.42,
                "Plan Rows": 6,
                "Plan Width": 8,
                "Actual Startup Time": 727.31,
                "Actual Total Time": 777.503,
                "Actual Rows": 7,
                "Actual Loops": 1,
                "Output": [
                    "(PARTIAL count(*))"
                ],
                "Workers Planned": 6,
                "Workers Launched": 6,
                "Single Copy": false,
                "Plans": [
                    {
                        "Node Type": "Aggregate",
                        "Strategy": "Plain",
                        "Partial Mode": "Partial",
                        "Parent Relationship": "Outer",
                        "Parallel Aware": false,
                        "Startup Cost": 391644.81,
                        "Total Cost": 391644.82,
                        "Plan Rows": 1,
                        "Plan Width": 8,
                        "Actual Startup Time": 717.369,
                        "Actual Total Time": 717.374,
                        "Actual Rows": 1,
                        "Actual Loops": 7,
                        "Output": [
                            "PARTIAL count(*)"
                        ],
                        "Workers": [
                            {
                                "Worker Number": 0,
                                "Actual Startup Time": 719.839,
                                "Actual Total Time": 719.842,
                                "Actual Rows": 1,
                                "Actual Loops": 1
                            },
                            {
                                "Worker Number": 1,
                                "Actual Startup Time": 714.68,
                                "Actual Total Time": 714.683,
                                "Actual Rows": 1,
                                "Actual Loops": 1
                            },
                            {
                                "Worker Number": 2,
                                "Actual Startup Time": 714.653,
                                "Actual Total Time": 714.655,
                                "Actual Rows": 1,
                                "Actual Loops": 1
                            },
                            {
                                "Worker Number": 3,
                                "Actual Startup Time": 714.621,
                                "Actual Total Time": 714.625,
                                "Actual Rows": 1,
                                "Actual Loops": 1
                            },
                            {
                                "Worker Number": 4,
                                "Actual Startup Time": 715.622,
                                "Actual Total Time": 715.626,
                                "Actual Rows": 1,
                                "Actual Loops": 1
                            },
                            {
                                "Worker Number": 5,
                                "Actual Startup Time": 715.787,
                                "Actual Total Time": 715.79,
                                "Actual Rows": 1,
                                "Actual Loops": 1
                            }
                        ],
                        "Plans": [
                            {
                                "Node Type": "Hash Join",
                                "Parent Relationship": "Outer",
                                "Parallel Aware": true,
                                "Join Type": "Inner",
                                "Startup Cost": 45747.46,
                                "Total Cost": 391564.05,
                                "Plan Rows": 32304,
                                "Plan Width": 0,
                                "Actual Startup Time": 326.809,
                                "Actual Total Time": 716.622,
                                "Actual Rows": 13147,
                                "Actual Loops": 7,
                                "Inner Unique": true,
                                "Hash Cond": "(ci.movie_id = t.id)",
                                "Workers": [
                                    {
                                        "Worker Number": 0,
                                        "Actual Startup Time": 319.834,
                                        "Actual Total Time": 719.142,
                                        "Actual Rows": 13612,
                                        "Actual Loops": 1
                                    },
                                    {
                                        "Worker Number": 1,
                                        "Actual Startup Time": 312.338,
                                        "Actual Total Time": 713.915,
                                        "Actual Rows": 9136,
                                        "Actual Loops": 1
                                    },
                                    {
                                        "Worker Number": 2,
                                        "Actual Startup Time": 296.451,
                                        "Actual Total Time": 713.911,
                                        "Actual Rows": 14409,
                                        "Actual Loops": 1
                                    },
                                    {
                                        "Worker Number": 3,
                                        "Actual Startup Time": 408.559,
                                        "Actual Total Time": 713.783,
                                        "Actual Rows": 9912,
                                        "Actual Loops": 1
                                    },
                                    {
                                        "Worker Number": 4,
                                        "Actual Startup Time": 307.662,
                                        "Actual Total Time": 714.911,
                                        "Actual Rows": 13609,
                                        "Actual Loops": 1
                                    },
                                    {
                                        "Worker Number": 5,
                                        "Actual Startup Time": 316.519,
                                        "Actual Total Time": 715.078,
                                        "Actual Rows": 13644,
                                        "Actual Loops": 1
                                    }
                                ],
                                "Plans": [
                                    {
                                        "Node Type": "Seq Scan",
                                        "Parent Relationship": "Outer",
                                        "Parallel Aware": true,
                                        "Relation Name": "cast_info",
                                        "Schema": "public",
                                        "Alias": "ci",
                                        "Startup Cost": 0.0,
                                        "Total Cost": 343318.94,
                                        "Plan Rows": 951486,
                                        "Plan Width": 4,
                                        "Actual Startup Time": 220.09,
                                        "Actual Total Time": 584.93,
                                        "Actual Rows": 355534,
                                        "Actual Loops": 7,
                                        "Output": [
                                            "ci.id",
                                            "ci.person_id",
                                            "ci.movie_id",
                                            "ci.person_role_id",
                                            "ci.note",
                                            "ci.nr_order",
                                            "ci.role_id"
                                        ],
                                        "Filter": "((ci.person_id < 877785) AND (ci.role_id > 1))",
                                        "Rows Removed by Filter": 4822229,
                                        "Workers": [
                                            {
                                                "Worker Number": 0,
                                                "Actual Startup Time": 219.789,
                                                "Actual Total Time": 584.953,
                                                "Actual Rows": 383145,
                                                "Actual Loops": 1
                                            },
                                            {
                                                "Worker Number": 1,
                                                "Actual Startup Time": 221.048,
                                                "Actual Total Time": 586.306,
                                                "Actual Rows": 254302,
                                                "Actual Loops": 1
                                            },
                                            {
                                                "Worker Number": 2,
                                                "Actual Startup Time": 220.189,
                                                "Actual Total Time": 583.939,
                                                "Actual Rows": 382191,
                                                "Actual Loops": 1
                                            },
                                            {
                                                "Worker Number": 3,
                                                "Actual Startup Time": 218.884,
                                                "Actual Total Time": 586.041,
                                                "Actual Rows": 258262,
                                                "Actual Loops": 1
                                            },
                                            {
                                                "Worker Number": 4,
                                                "Actual Startup Time": 218.549,
                                                "Actual Total Time": 585.764,
                                                "Actual Rows": 372358,
                                                "Actual Loops": 1
                                            },
                                            {
                                                "Worker Number": 5,
                                                "Actual Startup Time": 223.309,
                                                "Actual Total Time": 584.953,
                                                "Actual Rows": 369141,
                                                "Actual Loops": 1
                                            }
                                        ]
                                    },
                                    {
                                        "Node Type": "Hash",
                                        "Parent Relationship": "Inner",
                                        "Parallel Aware": true,
                                        "Startup Cost": 45479.21,
                                        "Total Cost": 45479.21,
                                        "Plan Rows": 21460,
                                        "Plan Width": 4,
                                        "Actual Startup Time": 77.375,
                                        "Actual Total Time": 77.376,
                                        "Actual Rows": 13233,
                                        "Actual Loops": 7,
                                        "Output": [
                                            "t.id"
                                        ],
                                        "Hash Buckets": 131072,
                                        "Original Hash Buckets": 131072,
                                        "Hash Batches": 1,
                                        "Original Hash Batches": 1,
                                        "Peak Memory Usage": 4768,
                                        "Workers": [
                                            {
                                                "Worker Number": 0,
                                                "Actual Startup Time": 80.921,
                                                "Actual Total Time": 80.922,
                                                "Actual Rows": 12668,
                                                "Actual Loops": 1
                                            },
                                            {
                                                "Worker Number": 1,
                                                "Actual Startup Time": 75.301,
                                                "Actual Total Time": 75.302,
                                                "Actual Rows": 9992,
                                                "Actual Loops": 1
                                            },
                                            {
                                                "Worker Number": 2,
                                                "Actual Startup Time": 75.505,
                                                "Actual Total Time": 75.505,
                                                "Actual Rows": 12462,
                                                "Actual Loops": 1
                                            },
                                            {
                                                "Worker Number": 3,
                                                "Actual Startup Time": 75.389,
                                                "Actual Total Time": 75.39,
                                                "Actual Rows": 10268,
                                                "Actual Loops": 1
                                            },
                                            {
                                                "Worker Number": 4,
                                                "Actual Startup Time": 76.417,
                                                "Actual Total Time": 76.418,
                                                "Actual Rows": 11861,
                                                "Actual Loops": 1
                                            },
                                            {
                                                "Worker Number": 5,
                                                "Actual Startup Time": 76.563,
                                                "Actual Total Time": 76.564,
                                                "Actual Rows": 12110,
                                                "Actual Loops": 1
                                            }
                                        ],
                                        "Plans": [
                                            {
                                                "Node Type": "Seq Scan",
                                                "Parent Relationship": "Outer",
                                                "Parallel Aware": true,
                                                "Relation Name": "title",
                                                "Schema": "public",
                                                "Alias": "t",
                                                "Startup Cost": 0.0,
                                                "Total Cost": 45479.21,
                                                "Plan Rows": 21460,
                                                "Plan Width": 4,
                                                "Actual Startup Time": 0.053,
                                                "Actual Total Time": 70.857,
                                                "Actual Rows": 13233,
                                                "Actual Loops": 7,
                                                "Output": [
                                                    "t.id"
                                                ],
                                                "Filter": "((t.kind_id = 7) AND (t.production_year = 2010))",
                                                "Rows Removed by Filter": 347955,
                                                "Workers": [
                                                    {
                                                        "Worker Number": 0,
                                                        "Actual Startup Time": 0.038,
                                                        "Actual Total Time": 75.275,
                                                        "Actual Rows": 12668,
                                                        "Actual Loops": 1
                                                    },
                                                    {
                                                        "Worker Number": 1,
                                                        "Actual Startup Time": 0.059,
                                                        "Actual Total Time": 69.294,
                                                        "Actual Rows": 9992,
                                                        "Actual Loops": 1
                                                    },
                                                    {
                                                        "Worker Number": 2,
                                                        "Actual Startup Time": 0.05,
                                                        "Actual Total Time": 69.597,
                                                        "Actual Rows": 12462,
                                                        "Actual Loops": 1
                                                    },
                                                    {
                                                        "Worker Number": 3,
                                                        "Actual Startup Time": 0.062,
                                                        "Actual Total Time": 69.22,
                                                        "Actual Rows": 10268,
                                                        "Actual Loops": 1
                                                    },
                                                    {
                                                        "Worker Number": 4,
                                                        "Actual Startup Time": 0.062,
                                                        "Actual Total Time": 69.953,
                                                        "Actual Rows": 11861,
                                                        "Actual Loops": 1
                                                    },
                                                    {
                                                        "Worker Number": 5,
                                                        "Actual Startup Time": 0.074,
                                                        "Actual Total Time": 69.875,
                                                        "Actual Rows": 12110,
                                                        "Actual Loops": 1
                                                    }
                                                ]
                                            }
                                        ]
                                    }
                                ]
                            }
                        ]
                    }
                ]
            }
        ]
    },
    "Planning Time": 0.744,
    "Triggers": [],
    "Execution Time": 777.603
}