{
  "Plan": {
    "Node Type": "Aggregate",
    "Strategy": "Plain",
    "Partial Mode": "Finalize",
    "Parallel Aware": false,
    "Startup Cost": 662080.57,
    "Total Cost": 662080.58,
    "Plan Rows": 1,
    "Plan Width": 8,
    "Actual Startup Time": 3401.86,
    "Actual Total Time": 3469.733,
    "Actual Rows": 1,
    "Actual Loops": 1,
    "Plans": [
      {
        "Node Type": "Gather",
        "Parent Relationship": "Outer",
        "Parallel Aware": false,
        "Startup Cost": 662080.46,
        "Total Cost": 662080.57,
        "Plan Rows": 1,
        "Plan Width": 8,
        "Actual Startup Time": 3401.416,
        "Actual Total Time": 3469.725,
        "Actual Rows": 2,
        "Actual Loops": 1,
        "Workers Planned": 1,
        "Workers Launched": 1,
        "Single Copy": false,
        "Plans": [
          {
            "Node Type": "Aggregate",
            "Strategy": "Plain",
            "Partial Mode": "Partial",
            "Parent Relationship": "Outer",
            "Parallel Aware": false,
            "Startup Cost": 661080.46,
            "Total Cost": 661080.47,
            "Plan Rows": 1,
            "Plan Width": 8,
            "Actual Startup Time": 3395.675,
            "Actual Total Time": 3395.678,
            "Actual Rows": 1,
            "Actual Loops": 2,
            "Plans": [
              {
                "Node Type": "Hash Join",
                "Parent Relationship": "Outer",
                "Parallel Aware": true,
                "Join Type": "Inner",
                "Startup Cost": 55502.41,
                "Total Cost": 659593.96,
                "Plan Rows": 594601,
                "Plan Width": 0,
                "Actual Startup Time": 176.153,
                "Actual Total Time": 3370.612,
                "Actual Rows": 504388,
                "Actual Loops": 2,
                "Inner Unique": true,
                "Hash Cond": "(ci.movie_id = t.id)",
                "Plans": [
                  {
                    "Node Type": "Seq Scan",
                    "Parent Relationship": "Outer",
                    "Parallel Aware": true,
                    "Relation Name": "cast_info",
                    "Alias": "ci",
                    "Startup Cost": 0.0,
                    "Total Cost": 572345.93,
                    "Plan Rows": 12093546,
                    "Plan Width": 4,
                    "Actual Startup Time": 0.016,
                    "Actual Total Time": 1886.06,
                    "Actual Rows": 10344561,
                    "Actual Loops": 2,
                    "Filter": "((person_id < 2091704) AND (role_id < 11))",
                    "Rows Removed by Filter": 7777611
                  },
                  {
                    "Node Type": "Hash",
                    "Parent Relationship": "Inner",
                    "Parallel Aware": true,
                    "Startup Cost": 54588.39,
                    "Total Cost": 54588.39,
                    "Plan Rows": 73122,
                    "Plan Width": 4,
                    "Actual Startup Time": 173.51,
                    "Actual Total Time": 173.511,
                    "Actual Rows": 59782,
                    "Actual Loops": 2,
                    "Hash Buckets": 131072,
                    "Original Hash Buckets": 131072,
                    "Hash Batches": 1,
                    "Original Hash Batches": 1,
                    "Peak Memory Usage": 5760,
                    "Plans": [
                      {
                        "Node Type": "Seq Scan",
                        "Parent Relationship": "Outer",
                        "Parallel Aware": true,
                        "Relation Name": "title",
                        "Alias": "t",
                        "Startup Cost": 0.0,
                        "Total Cost": 54588.39,
                        "Plan Rows": 73122,
                        "Plan Width": 4,
                        "Actual Startup Time": 0.047,
                        "Actual Total Time": 154.524,
                        "Actual Rows": 59782,
                        "Actual Loops": 2,
                        "Filter": "(production_year = 2007)",
                        "Rows Removed by Filter": 1204374
                      }
                    ]
                  }
                ]
              }
            ]
          }
        ]
      }
    ]
  },
  "Planning Time": 0.529,
  "Triggers": [],
  "Execution Time": 3469.82
}