[
  {
    "Plan": {
      "Node Type": "Aggregate",
      "Strategy": "Plain",
      "Partial Mode": "Finalize",
      "Parallel Aware": false,
      "Startup Cost": 127701.63,
      "Total Cost": 127701.64,
      "Plan Rows": 1,
      "Plan Width": 8,
      "Actual Startup Time": 508.823,
      "Actual Total Time": 529.903,
      "Actual Rows": 1,
      "Actual Loops": 1,
      "Plans": [
        {
          "Node Type": "Gather",
          "Parent Relationship": "Outer",
          "Parallel Aware": false,
          "Startup Cost": 127701.32,
          "Total Cost": 127701.63,
          "Plan Rows": 3,
          "Plan Width": 8,
          "Actual Startup Time": 506.33,
          "Actual Total Time": 529.894,
          "Actual Rows": 4,
          "Actual Loops": 1,
          "Workers Planned": 3,
          "Workers Launched": 3,
          "Single Copy": false,
          "Plans": [
            {
              "Node Type": "Aggregate",
              "Strategy": "Plain",
              "Partial Mode": "Partial",
              "Parent Relationship": "Outer",
              "Parallel Aware": false,
              "Startup Cost": 126701.32,
              "Total Cost": 126701.33,
              "Plan Rows": 1,
              "Plan Width": 8,
              "Actual Startup Time": 500.584,
              "Actual Total Time": 500.65,
              "Actual Rows": 1,
              "Actual Loops": 4,
              "Plans": [
                {
                  "Node Type": "Hash Join",
                  "Parent Relationship": "Outer",
                  "Parallel Aware": true,
                  "Join Type": "Inner",
                  "Startup Cost": 93602.63,
                  "Total Cost": 126578.35,
                  "Plan Rows": 49188,
                  "Plan Width": 0,
                  "Actual Startup Time": 336.989,
                  "Actual Total Time": 476.115,
                  "Actual Rows": 546852,
                  "Actual Loops": 4,
                  "Inner Unique": false,
                  "Hash Cond": "(mc.movie_id = t.id)",
                  "Plans": [
                    {
                      "Node Type": "Seq Scan",
                      "Parent Relationship": "Outer",
                      "Parallel Aware": true,
                      "Relation Name": "movie_companies",
                      "Alias": "mc",
                      "Startup Cost": 0.0,
                      "Total Cost": 31414.82,
                      "Plan Rows": 373928,
                      "Plan Width": 4,
                      "Actual Startup Time": 0.032,
                      "Actual Total Time": 69.141,
                      "Actual Rows": 273993,
                      "Actual Loops": 4,
                      "Filter": "((company_id > 92) AND (company_type_id = 1))",
                      "Rows Removed by Filter": 378290
                    },
                    {
                      "Node Type": "Hash",
                      "Parent Relationship": "Inner",
                      "Parallel Aware": true,
                      "Startup Cost": 92261.49,
                      "Total Cost": 92261.49,
                      "Plan Rows": 107291,
                      "Plan Width": 8,
                      "Actual Startup Time": 335.059,
                      "Actual Total Time": 335.123,
                      "Actual Rows": 77601,
                      "Actual Loops": 4,
                      "Hash Buckets": 524288,
                      "Original Hash Buckets": 524288,
                      "Hash Batches": 1,
                      "Original Hash Batches": 1,
                      "Peak Memory Usage": 16288,
                      "Plans": [
                        {
                          "Node Type": "Hash Join",
                          "Parent Relationship": "Outer",
                          "Parallel Aware": true,
                          "Join Type": "Inner",
                          "Startup Cost": 46126.64,
                          "Total Cost": 92261.49,
                          "Plan Rows": 107291,
                          "Plan Width": 8,
                          "Actual Startup Time": 109.08,
                          "Actual Total Time": 316.102,
                          "Actual Rows": 77601,
                          "Actual Loops": 4,
                          "Inner Unique": true,
                          "Hash Cond": "(mk.movie_id = t.id)",
                          "Plans": [
                            {
                              "Node Type": "Seq Scan",
                              "Parent Relationship": "Outer",
                              "Parallel Aware": true,
                              "Relation Name": "movie_keyword",
                              "Alias": "mk",
                              "Startup Cost": 0.0,
                              "Total Cost": 42695.65,
                              "Plan Rows": 1310168,
                              "Plan Width": 4,
                              "Actual Startup Time": 0.033,
                              "Actual Total Time": 118.457,
                              "Actual Rows": 1014698,
                              "Actual Loops": 4,
                              "Filter": "(keyword_id > 353)",
                              "Rows Removed by Filter": 116285
                            },
                            {
                              "Node Type": "Hash",
                              "Parent Relationship": "Inner",
                              "Parallel Aware": true,
                              "Startup Cost": 45479.59,
                              "Total Cost": 45479.59,
                              "Plan Rows": 51764,
                              "Plan Width": 4,
                              "Actual Startup Time": 108.31,
                              "Actual Total Time": 108.312,
                              "Actual Rows": 45959,
                              "Actual Loops": 4,
                              "Hash Buckets": 262144,
                              "Original Hash Buckets": 262144,
                              "Hash Batches": 1,
                              "Original Hash Batches": 1,
                              "Peak Memory Usage": 9344,
                              "Plans": [
                                {
                                  "Node Type": "Seq Scan",
                                  "Parent Relationship": "Outer",
                                  "Parallel Aware": true,
                                  "Relation Name": "title",
                                  "Alias": "t",
                                  "Startup Cost": 0.0,
                                  "Total Cost": 45479.59,
                                  "Plan Rows": 51764,
                                  "Plan Width": 4,
                                  "Actual Startup Time": 0.039,
                                  "Actual Total Time": 91.557,
                                  "Actual Rows": 45959,
                                  "Actual Loops": 4,
                                  "Filter": "((kind_id < 7) AND (production_year > 2009))",
                                  "Rows Removed by Filter": 586119
                                }
                              ]
                            }
                          ]
                        }
                      ]
                    }
                  ]
                }
              ]
            }
          ]
        }
      ]
    },
    "Planning Time": 0.439,
    "Triggers": [],
    "Execution Time": 529.946
  }
]