[
    {
        "Bao": {
            "Bao prediction": "NaN",
            "Bao recommended hint": "(no hint)"
        }
    },
    {
        "Plan": {
            "Node Type": "Aggregate",
            "Strategy": "Plain",
            "Partial Mode": "Finalize",
            "Parallel Aware": false,
            "Startup Cost": 436991.81,
            "Total Cost": 436991.82,
            "Plan Rows": 1,
            "Plan Width": 8,
            "Actual Startup Time": 1674.279,
            "Actual Total Time": 1720.908,
            "Actual Rows": 1,
            "Actual Loops": 1,
            "Output": [
                "count(*)"
            ],
            "Plans": [
                {
                    "Node Type": "Gather",
                    "Parent Relationship": "Outer",
                    "Parallel Aware": false,
                    "Startup Cost": 436991.18,
                    "Total Cost": 436991.79,
                    "Plan Rows": 6,
                    "Plan Width": 8,
                    "Actual Startup Time": 1664.955,
                    "Actual Total Time": 1720.899,
                    "Actual Rows": 7,
                    "Actual Loops": 1,
                    "Output": [
                        "(PARTIAL count(*))"
                    ],
                    "Workers Planned": 6,
                    "Workers Launched": 6,
                    "Single Copy": false,
                    "Plans": [
                        {
                            "Node Type": "Aggregate",
                            "Strategy": "Plain",
                            "Partial Mode": "Partial",
                            "Parent Relationship": "Outer",
                            "Parallel Aware": false,
                            "Startup Cost": 435991.18,
                            "Total Cost": 435991.19,
                            "Plan Rows": 1,
                            "Plan Width": 8,
                            "Actual Startup Time": 1654.354,
                            "Actual Total Time": 1654.532,
                            "Actual Rows": 1,
                            "Actual Loops": 7,
                            "Output": [
                                "PARTIAL count(*)"
                            ],
                            "Workers": [
                                {
                                    "Worker Number": 0,
                                    "Actual Startup Time": 1651.061,
                                    "Actual Total Time": 1651.067,
                                    "Actual Rows": 1,
                                    "Actual Loops": 1
                                },
                                {
                                    "Worker Number": 1,
                                    "Actual Startup Time": 1650.162,
                                    "Actual Total Time": 1650.168,
                                    "Actual Rows": 1,
                                    "Actual Loops": 1
                                },
                                {
                                    "Worker Number": 2,
                                    "Actual Startup Time": 1653.188,
                                    "Actual Total Time": 1653.193,
                                    "Actual Rows": 1,
                                    "Actual Loops": 1
                                },
                                {
                                    "Worker Number": 3,
                                    "Actual Startup Time": 1653.589,
                                    "Actual Total Time": 1653.594,
                                    "Actual Rows": 1,
                                    "Actual Loops": 1
                                },
                                {
                                    "Worker Number": 4,
                                    "Actual Startup Time": 1653.766,
                                    "Actual Total Time": 1653.772,
                                    "Actual Rows": 1,
                                    "Actual Loops": 1
                                },
                                {
                                    "Worker Number": 5,
                                    "Actual Startup Time": 1654.125,
                                    "Actual Total Time": 1654.129,
                                    "Actual Rows": 1,
                                    "Actual Loops": 1
                                }
                            ],
                            "Plans": [
                                {
                                    "Node Type": "Hash Join",
                                    "Parent Relationship": "Outer",
                                    "Parallel Aware": true,
                                    "Join Type": "Inner",
                                    "Startup Cost": 81875.36,
                                    "Total Cost": 432597.21,
                                    "Plan Rows": 1357590,
                                    "Plan Width": 0,
                                    "Actual Startup Time": 268.591,
                                    "Actual Total Time": 1611.854,
                                    "Actual Rows": 969538,
                                    "Actual Loops": 7,
                                    "Inner Unique": false,
                                    "Hash Cond": "(ci.movie_id = t.id)",
                                    "Workers": [
                                        {
                                            "Worker Number": 0,
                                            "Actual Startup Time": 264.556,
                                            "Actual Total Time": 1607.389,
                                            "Actual Rows": 643548,
                                            "Actual Loops": 1
                                        },
                                        {
                                            "Worker Number": 1,
                                            "Actual Startup Time": 264.579,
                                            "Actual Total Time": 1610.53,
                                            "Actual Rows": 926181,
                                            "Actual Loops": 1
                                        },
                                        {
                                            "Worker Number": 2,
                                            "Actual Startup Time": 267.532,
                                            "Actual Total Time": 1610.453,
                                            "Actual Rows": 1025735,
                                            "Actual Loops": 1
                                        },
                                        {
                                            "Worker Number": 3,
                                            "Actual Startup Time": 267.936,
                                            "Actual Total Time": 1611.475,
                                            "Actual Rows": 1011882,
                                            "Actual Loops": 1
                                        },
                                        {
                                            "Worker Number": 4,
                                            "Actual Startup Time": 268.103,
                                            "Actual Total Time": 1611.212,
                                            "Actual Rows": 1020989,
                                            "Actual Loops": 1
                                        },
                                        {
                                            "Worker Number": 5,
                                            "Actual Startup Time": 268.474,
                                            "Actual Total Time": 1611.927,
                                            "Actual Rows": 1016013,
                                            "Actual Loops": 1
                                        }
                                    ],
                                    "Plans": [
                                        {
                                            "Node Type": "Seq Scan",
                                            "Parent Relationship": "Outer",
                                            "Parallel Aware": true,
                                            "Relation Name": "cast_info",
                                            "Schema": "public",
                                            "Alias": "ci",
                                            "Startup Cost": 0.0,
                                            "Total Cost": 328213.62,
                                            "Plan Rows": 5097140,
                                            "Plan Width": 4,
                                            "Actual Startup Time": 0.019,
                                            "Actual Total Time": 649.607,
                                            "Actual Rows": 4358807,
                                            "Actual Loops": 7,
                                            "Output": [
                                                "ci.id",
                                                "ci.person_id",
                                                "ci.movie_id",
                                                "ci.person_role_id",
                                                "ci.note",
                                                "ci.nr_order",
                                                "ci.role_id"
                                            ],
                                            "Filter": "(ci.role_id < 9)",
                                            "Rows Removed by Filter": 818956,
                                            "Workers": [
                                                {
                                                    "Worker Number": 0,
                                                    "Actual Startup Time": 0.023,
                                                    "Actual Total Time": 661.812,
                                                    "Actual Rows": 2895243,
                                                    "Actual Loops": 1
                                                },
                                                {
                                                    "Worker Number": 1,
                                                    "Actual Startup Time": 0.027,
                                                    "Actual Total Time": 627.569,
                                                    "Actual Rows": 4143983,
                                                    "Actual Loops": 1
                                                },
                                                {
                                                    "Worker Number": 2,
                                                    "Actual Startup Time": 0.016,
                                                    "Actual Total Time": 660.64,
                                                    "Actual Rows": 4609350,
                                                    "Actual Loops": 1
                                                },
                                                {
                                                    "Worker Number": 3,
                                                    "Actual Startup Time": 0.017,
                                                    "Actual Total Time": 653.913,
                                                    "Actual Rows": 4523193,
                                                    "Actual Loops": 1
                                                },
                                                {
                                                    "Worker Number": 4,
                                                    "Actual Startup Time": 0.022,
                                                    "Actual Total Time": 659.617,
                                                    "Actual Rows": 4570210,
                                                    "Actual Loops": 1
                                                },
                                                {
                                                    "Worker Number": 5,
                                                    "Actual Startup Time": 0.024,
                                                    "Actual Total Time": 659.596,
                                                    "Actual Rows": 4591589,
                                                    "Actual Loops": 1
                                                }
                                            ]
                                        },
                                        {
                                            "Node Type": "Hash",
                                            "Parent Relationship": "Inner",
                                            "Parallel Aware": true,
                                            "Startup Cost": 79770.98,
                                            "Total Cost": 79770.98,
                                            "Plan Rows": 168350,
                                            "Plan Width": 8,
                                            "Actual Startup Time": 266.471,
                                            "Actual Total Time": 266.647,
                                            "Actual Rows": 53259,
                                            "Actual Loops": 7,
                                            "Output": [
                                                "t.id",
                                                "mc.movie_id"
                                            ],
                                            "Hash Buckets": 1048576,
                                            "Original Hash Buckets": 1048576,
                                            "Hash Batches": 1,
                                            "Original Hash Batches": 1,
                                            "Peak Memory Usage": 22848,
                                            "Workers": [
                                                {
                                                    "Worker Number": 0,
                                                    "Actual Startup Time": 263.737,
                                                    "Actual Total Time": 263.74,
                                                    "Actual Rows": 35899,
                                                    "Actual Loops": 1
                                                },
                                                {
                                                    "Worker Number": 1,
                                                    "Actual Startup Time": 263.699,
                                                    "Actual Total Time": 263.703,
                                                    "Actual Rows": 48030,
                                                    "Actual Loops": 1
                                                },
                                                {
                                                    "Worker Number": 2,
                                                    "Actual Startup Time": 266.754,
                                                    "Actual Total Time": 266.758,
                                                    "Actual Rows": 56105,
                                                    "Actual Loops": 1
                                                },
                                                {
                                                    "Worker Number": 3,
                                                    "Actual Startup Time": 267.106,
                                                    "Actual Total Time": 267.11,
                                                    "Actual Rows": 54853,
                                                    "Actual Loops": 1
                                                },
                                                {
                                                    "Worker Number": 4,
                                                    "Actual Startup Time": 267.262,
                                                    "Actual Total Time": 267.266,
                                                    "Actual Rows": 55480,
                                                    "Actual Loops": 1
                                                },
                                                {
                                                    "Worker Number": 5,
                                                    "Actual Startup Time": 267.699,
                                                    "Actual Total Time": 267.702,
                                                    "Actual Rows": 55425,
                                                    "Actual Loops": 1
                                                }
                                            ],
                                            "Plans": [
                                                {
                                                    "Node Type": "Hash Join",
                                                    "Parent Relationship": "Outer",
                                                    "Parallel Aware": true,
                                                    "Join Type": "Inner",
                                                    "Startup Cost": 33007.69,
                                                    "Total Cost": 79770.98,
                                                    "Plan Rows": 168350,
                                                    "Plan Width": 8,
                                                    "Actual Startup Time": 105.177,
                                                    "Actual Total Time": 245.656,
                                                    "Actual Rows": 53259,
                                                    "Actual Loops": 7,
                                                    "Output": [
                                                        "t.id",
                                                        "mc.movie_id"
                                                    ],
                                                    "Inner Unique": false,
                                                    "Hash Cond": "(t.id = mc.movie_id)",
                                                    "Workers": [
                                                        {
                                                            "Worker Number": 0,
                                                            "Actual Startup Time": 102.424,
                                                            "Actual Total Time": 242.422,
                                                            "Actual Rows": 35899,
                                                            "Actual Loops": 1
                                                        },
                                                        {
                                                            "Worker Number": 1,
                                                            "Actual Startup Time": 102.423,
                                                            "Actual Total Time": 243.46,
                                                            "Actual Rows": 48030,
                                                            "Actual Loops": 1
                                                        },
                                                        {
                                                            "Worker Number": 2,
                                                            "Actual Startup Time": 105.49,
                                                            "Actual Total Time": 245.729,
                                                            "Actual Rows": 56105,
                                                            "Actual Loops": 1
                                                        },
                                                        {
                                                            "Worker Number": 3,
                                                            "Actual Startup Time": 105.818,
                                                            "Actual Total Time": 245.839,
                                                            "Actual Rows": 54853,
                                                            "Actual Loops": 1
                                                        },
                                                        {
                                                            "Worker Number": 4,
                                                            "Actual Startup Time": 105.971,
                                                            "Actual Total Time": 246.725,
                                                            "Actual Rows": 55480,
                                                            "Actual Loops": 1
                                                        },
                                                        {
                                                            "Worker Number": 5,
                                                            "Actual Startup Time": 106.322,
                                                            "Actual Total Time": 246.673,
                                                            "Actual Rows": 55425,
                                                            "Actual Loops": 1
                                                        }
                                                    ],
                                                    "Plans": [
                                                        {
                                                            "Node Type": "Seq Scan",
                                                            "Parent Relationship": "Outer",
                                                            "Parallel Aware": true,
                                                            "Relation Name": "title",
                                                            "Schema": "public",
                                                            "Alias": "t",
                                                            "Startup Cost": 0.0,
                                                            "Total Cost": 43899.01,
                                                            "Plan Rows": 464242,
                                                            "Plan Width": 4,
                                                            "Actual Startup Time": 0.016,
                                                            "Actual Total Time": 58.207,
                                                            "Actual Rows": 266498,
                                                            "Actual Loops": 7,
                                                            "Output": [
                                                                "t.id",
                                                                "t.title",
                                                                "t.imdb_index",
                                                                "t.kind_id",
                                                                "t.production_year",
                                                                "t.imdb_id",
                                                                "t.phonetic_code",
                                                                "t.episode_of_id",
                                                                "t.season_nr",
                                                                "t.episode_nr",
                                                                "t.series_years",
                                                                "t.md5sum"
                                                            ],
                                                            "Filter": "(t.kind_id > 1)",
                                                            "Rows Removed by Filter": 94689,
                                                            "Workers": [
                                                                {
                                                                    "Worker Number": 0,
                                                                    "Actual Startup Time": 0.014,
                                                                    "Actual Total Time": 62.017,
                                                                    "Actual Rows": 177875,
                                                                    "Actual Loops": 1
                                                                },
                                                                {
                                                                    "Worker Number": 1,
                                                                    "Actual Startup Time": 0.018,
                                                                    "Actual Total Time": 57.183,
                                                                    "Actual Rows": 236578,
                                                                    "Actual Loops": 1
                                                                },
                                                                {
                                                                    "Worker Number": 2,
                                                                    "Actual Startup Time": 0.016,
                                                                    "Actual Total Time": 60.13,
                                                                    "Actual Rows": 281473,
                                                                    "Actual Loops": 1
                                                                },
                                                                {
                                                                    "Worker Number": 3,
                                                                    "Actual Startup Time": 0.02,
                                                                    "Actual Total Time": 59.341,
                                                                    "Actual Rows": 275684,
                                                                    "Actual Loops": 1
                                                                },
                                                                {
                                                                    "Worker Number": 4,
                                                                    "Actual Startup Time": 0.02,
                                                                    "Actual Total Time": 59.94,
                                                                    "Actual Rows": 281026,
                                                                    "Actual Loops": 1
                                                                },
                                                                {
                                                                    "Worker Number": 5,
                                                                    "Actual Startup Time": 0.015,
                                                                    "Actual Total Time": 59.858,
                                                                    "Actual Rows": 280630,
                                                                    "Actual Loops": 1
                                                                }
                                                            ]
                                                        },
                                                        {
                                                            "Node Type": "Hash",
                                                            "Parent Relationship": "Inner",
                                                            "Parallel Aware": true,
                                                            "Startup Cost": 29310.68,
                                                            "Total Cost": 29310.68,
                                                            "Plan Rows": 295761,
                                                            "Plan Width": 4,
                                                            "Actual Startup Time": 104.077,
                                                            "Actual Total Time": 104.079,
                                                            "Actual Rows": 131561,
                                                            "Actual Loops": 7,
                                                            "Output": [
                                                                "mc.movie_id"
                                                            ],
                                                            "Hash Buckets": 1048576,
                                                            "Original Hash Buckets": 1048576,
                                                            "Hash Batches": 1,
                                                            "Original Hash Batches": 1,
                                                            "Peak Memory Usage": 44320,
                                                            "Workers": [
                                                                {
                                                                    "Worker Number": 0,
                                                                    "Actual Startup Time": 102.236,
                                                                    "Actual Total Time": 102.237,
                                                                    "Actual Rows": 88327,
                                                                    "Actual Loops": 1
                                                                },
                                                                {
                                                                    "Worker Number": 1,
                                                                    "Actual Startup Time": 102.2,
                                                                    "Actual Total Time": 102.202,
                                                                    "Actual Rows": 119549,
                                                                    "Actual Loops": 1
                                                                },
                                                                {
                                                                    "Worker Number": 2,
                                                                    "Actual Startup Time": 105.252,
                                                                    "Actual Total Time": 105.254,
                                                                    "Actual Rows": 134582,
                                                                    "Actual Loops": 1
                                                                },
                                                                {
                                                                    "Worker Number": 3,
                                                                    "Actual Startup Time": 105.616,
                                                                    "Actual Total Time": 105.617,
                                                                    "Actual Rows": 136076,
                                                                    "Actual Loops": 1
                                                                },
                                                                {
                                                                    "Worker Number": 4,
                                                                    "Actual Startup Time": 105.886,
                                                                    "Actual Total Time": 105.888,
                                                                    "Actual Rows": 135471,
                                                                    "Actual Loops": 1
                                                                },
                                                                {
                                                                    "Worker Number": 5,
                                                                    "Actual Startup Time": 106.142,
                                                                    "Actual Total Time": 106.143,
                                                                    "Actual Rows": 135287,
                                                                    "Actual Loops": 1
                                                                }
                                                            ],
                                                            "Plans": [
                                                                {
                                                                    "Node Type": "Seq Scan",
                                                                    "Parent Relationship": "Outer",
                                                                    "Parallel Aware": true,
                                                                    "Relation Name": "movie_companies",
                                                                    "Schema": "public",
                                                                    "Alias": "mc",
                                                                    "Startup Cost": 0.0,
                                                                    "Total Cost": 29310.68,
                                                                    "Plan Rows": 295761,
                                                                    "Plan Width": 4,
                                                                    "Actual Startup Time": 15.069,
                                                                    "Actual Total Time": 57.313,
                                                                    "Actual Rows": 131561,
                                                                    "Actual Loops": 7,
                                                                    "Output": [
                                                                        "mc.movie_id"
                                                                    ],
                                                                    "Filter": "(mc.company_id > 20085)",
                                                                    "Rows Removed by Filter": 241171,
                                                                    "Workers": [
                                                                        {
                                                                            "Worker Number": 0,
                                                                            "Actual Startup Time": 15.067,
                                                                            "Actual Total Time": 58.202,
                                                                            "Actual Rows": 88327,
                                                                            "Actual Loops": 1
                                                                        },
                                                                        {
                                                                            "Worker Number": 1,
                                                                            "Actual Startup Time": 15.043,
                                                                            "Actual Total Time": 56.235,
                                                                            "Actual Rows": 119549,
                                                                            "Actual Loops": 1
                                                                        },
                                                                        {
                                                                            "Worker Number": 2,
                                                                            "Actual Startup Time": 15.072,
                                                                            "Actual Total Time": 58.135,
                                                                            "Actual Rows": 134582,
                                                                            "Actual Loops": 1
                                                                        },
                                                                        {
                                                                            "Worker Number": 3,
                                                                            "Actual Startup Time": 15.068,
                                                                            "Actual Total Time": 57.624,
                                                                            "Actual Rows": 136076,
                                                                            "Actual Loops": 1
                                                                        },
                                                                        {
                                                                            "Worker Number": 4,
                                                                            "Actual Startup Time": 15.052,
                                                                            "Actual Total Time": 58.218,
                                                                            "Actual Rows": 135471,
                                                                            "Actual Loops": 1
                                                                        },
                                                                        {
                                                                            "Worker Number": 5,
                                                                            "Actual Startup Time": 15.075,
                                                                            "Actual Total Time": 58.352,
                                                                            "Actual Rows": 135287,
                                                                            "Actual Loops": 1
                                                                        }
                                                                    ]
                                                                }
                                                            ]
                                                        }
                                                    ]
                                                }
                                            ]
                                        }
                                    ]
                                }
                            ]
                        }
                    ]
                }
            ]
        },
        "Planning Time": 185.062,
        "Triggers": [],
        "Execution Time": 1721.033
    }
]