{
  "Plan": {
    "Node Type": "Aggregate",
    "Strategy": "Plain",
    "Partial Mode": "Finalize",
    "Parallel Aware": false,
    "Startup Cost": 125278.0,
    "Total Cost": 125278.01,
    "Plan Rows": 1,
    "Plan Width": 8,
    "Actual Startup Time": 600.583,
    "Actual Total Time": 617.659,
    "Actual Rows": 1,
    "Actual Loops": 1,
    "Plans": [
      {
        "Node Type": "Gather",
        "Parent Relationship": "Outer",
        "Parallel Aware": false,
        "Startup Cost": 125277.89,
        "Total Cost": 125278.0,
        "Plan Rows": 1,
        "Plan Width": 8,
        "Actual Startup Time": 599.527,
        "Actual Total Time": 617.653,
        "Actual Rows": 2,
        "Actual Loops": 1,
        "Workers Planned": 1,
        "Workers Launched": 1,
        "Single Copy": false,
        "Plans": [
          {
            "Node Type": "Aggregate",
            "Strategy": "Plain",
            "Partial Mode": "Partial",
            "Parent Relationship": "Outer",
            "Parallel Aware": false,
            "Startup Cost": 124277.89,
            "Total Cost": 124277.9,
            "Plan Rows": 1,
            "Plan Width": 8,
            "Actual Startup Time": 593.602,
            "Actual Total Time": 593.605,
            "Actual Rows": 1,
            "Actual Loops": 2,
            "Plans": [
              {
                "Node Type": "Hash Join",
                "Parent Relationship": "Outer",
                "Parallel Aware": true,
                "Join Type": "Inner",
                "Startup Cost": 60027.16,
                "Total Cost": 123748.69,
                "Plan Rows": 211679,
                "Plan Width": 0,
                "Actual Startup Time": 195.666,
                "Actual Total Time": 570.946,
                "Actual Rows": 588174,
                "Actual Loops": 2,
                "Inner Unique": true,
                "Hash Cond": "(mk.movie_id = t.id)",
                "Plans": [
                  {
                    "Node Type": "Seq Scan",
                    "Parent Relationship": "Outer",
                    "Parallel Aware": true,
                    "Relation Name": "movie_keyword",
                    "Alias": "mk",
                    "Startup Cost": 0.0,
                    "Total Cost": 57718.19,
                    "Plan Rows": 2286985,
                    "Plan Width": 4,
                    "Actual Startup Time": 0.017,
                    "Actual Total Time": 195.6,
                    "Actual Rows": 1953281,
                    "Actual Loops": 2,
                    "Filter": "(keyword_id < 29545)",
                    "Rows Removed by Filter": 308684
                  },
                  {
                    "Node Type": "Hash",
                    "Parent Relationship": "Inner",
                    "Parallel Aware": true,
                    "Startup Cost": 58306.47,
                    "Total Cost": 58306.47,
                    "Plan Rows": 137655,
                    "Plan Width": 4,
                    "Actual Startup Time": 192.093,
                    "Actual Total Time": 192.094,
                    "Actual Rows": 174822,
                    "Actual Loops": 2,
                    "Hash Buckets": 524288,
                    "Original Hash Buckets": 262144,
                    "Hash Batches": 1,
                    "Original Hash Batches": 1,
                    "Peak Memory Usage": 19840,
                    "Plans": [
                      {
                        "Node Type": "Seq Scan",
                        "Parent Relationship": "Outer",
                        "Parallel Aware": true,
                        "Relation Name": "title",
                        "Alias": "t",
                        "Startup Cost": 0.0,
                        "Total Cost": 58306.47,
                        "Plan Rows": 137655,
                        "Plan Width": 4,
                        "Actual Startup Time": 0.098,
                        "Actual Total Time": 150.958,
                        "Actual Rows": 174822,
                        "Actual Loops": 2,
                        "Filter": "((kind_id < 7) AND (production_year < 1986))",
                        "Rows Removed by Filter": 1089334
                      }
                    ]
                  }
                ]
              }
            ]
          }
        ]
      }
    ]
  },
  "Planning Time": 0.478,
  "Triggers": [],
  "Execution Time": 617.73
}