[
  {
    "Plan": {
      "Node Type": "Aggregate",
      "Strategy": "Plain",
      "Partial Mode": "Finalize",
      "Parallel Aware": false,
      "Startup Cost": 46482.4,
      "Total Cost": 46482.41,
      "Plan Rows": 1,
      "Plan Width": 8,
      "Actual Startup Time": 80.969,
      "Actual Total Time": 91.833,
      "Actual Rows": 1,
      "Actual Loops": 1,
      "Plans": [
        {
          "Node Type": "Gather",
          "Parent Relationship": "Outer",
          "Parallel Aware": false,
          "Startup Cost": 46481.98,
          "Total Cost": 46482.39,
          "Plan Rows": 4,
          "Plan Width": 8,
          "Actual Startup Time": 80.821,
          "Actual Total Time": 91.821,
          "Actual Rows": 5,
          "Actual Loops": 1,
          "Workers Planned": 4,
          "Workers Launched": 4,
          "Single Copy": false,
          "Plans": [
            {
              "Node Type": "Aggregate",
              "Strategy": "Plain",
              "Partial Mode": "Partial",
              "Parent Relationship": "Outer",
              "Parallel Aware": false,
              "Startup Cost": 45481.98,
              "Total Cost": 45481.99,
              "Plan Rows": 1,
              "Plan Width": 8,
              "Actual Startup Time": 75.796,
              "Actual Total Time": 75.797,
              "Actual Rows": 1,
              "Actual Loops": 5,
              "Plans": [
                {
                  "Node Type": "Seq Scan",
                  "Parent Relationship": "Outer",
                  "Parallel Aware": true,
                  "Relation Name": "title",
                  "Alias": "t",
                  "Startup Cost": 0.0,
                  "Total Cost": 45479.59,
                  "Plan Rows": 957,
                  "Plan Width": 0,
                  "Actual Startup Time": 0.869,
                  "Actual Total Time": 75.677,
                  "Actual Rows": 959,
                  "Actual Loops": 5,
                  "Filter": "((kind_id < 3) AND (production_year = 1974))",
                  "Rows Removed by Filter": 504704
                }
              ]
            }
          ]
        }
      ]
    },
    "Planning Time": 0.083,
    "Triggers": [],
    "Execution Time": 91.863
  }
]