[
    {
        "Bao": {
            "Bao prediction": "NaN",
            "Bao recommended hint": "(no hint)"
        }
    },
    {
        "Plan": {
            "Node Type": "Aggregate",
            "Strategy": "Plain",
            "Partial Mode": "Finalize",
            "Parallel Aware": false,
            "Startup Cost": 238423.25,
            "Total Cost": 238423.26,
            "Plan Rows": 1,
            "Plan Width": 8,
            "Actual Startup Time": 527.198,
            "Actual Total Time": 539.15,
            "Actual Rows": 1,
            "Actual Loops": 1,
            "Output": [
                "count(*)"
            ],
            "Plans": [
                {
                    "Node Type": "Gather",
                    "Parent Relationship": "Outer",
                    "Parallel Aware": false,
                    "Startup Cost": 238423.03,
                    "Total Cost": 238423.24,
                    "Plan Rows": 2,
                    "Plan Width": 8,
                    "Actual Startup Time": 520.059,
                    "Actual Total Time": 539.14,
                    "Actual Rows": 3,
                    "Actual Loops": 1,
                    "Output": [
                        "(PARTIAL count(*))"
                    ],
                    "Workers Planned": 2,
                    "Workers Launched": 2,
                    "Single Copy": false,
                    "Plans": [
                        {
                            "Node Type": "Aggregate",
                            "Strategy": "Plain",
                            "Partial Mode": "Partial",
                            "Parent Relationship": "Outer",
                            "Parallel Aware": false,
                            "Startup Cost": 237423.03,
                            "Total Cost": 237423.04,
                            "Plan Rows": 1,
                            "Plan Width": 8,
                            "Actual Startup Time": 510.298,
                            "Actual Total Time": 510.305,
                            "Actual Rows": 1,
                            "Actual Loops": 3,
                            "Output": [
                                "PARTIAL count(*)"
                            ],
                            "Workers": [
                                {
                                    "Worker Number": 0,
                                    "Actual Startup Time": 505.428,
                                    "Actual Total Time": 505.435,
                                    "Actual Rows": 1,
                                    "Actual Loops": 1
                                },
                                {
                                    "Worker Number": 1,
                                    "Actual Startup Time": 505.716,
                                    "Actual Total Time": 505.722,
                                    "Actual Rows": 1,
                                    "Actual Loops": 1
                                }
                            ],
                            "Plans": [
                                {
                                    "Node Type": "Hash Join",
                                    "Parent Relationship": "Outer",
                                    "Parallel Aware": true,
                                    "Join Type": "Inner",
                                    "Startup Cost": 221291.36,
                                    "Total Cost": 237261.8,
                                    "Plan Rows": 64493,
                                    "Plan Width": 0,
                                    "Actual Startup Time": 411.513,
                                    "Actual Total Time": 508.039,
                                    "Actual Rows": 39819,
                                    "Actual Loops": 3,
                                    "Inner Unique": false,
                                    "Hash Cond": "(mi_idx.movie_id = t.id)",
                                    "Workers": [
                                        {
                                            "Worker Number": 0,
                                            "Actual Startup Time": 406.644,
                                            "Actual Total Time": 502.964,
                                            "Actual Rows": 35460,
                                            "Actual Loops": 1
                                        },
                                        {
                                            "Worker Number": 1,
                                            "Actual Startup Time": 406.87,
                                            "Actual Total Time": 503.395,
                                            "Actual Rows": 33546,
                                            "Actual Loops": 1
                                        }
                                    ],
                                    "Plans": [
                                        {
                                            "Node Type": "Seq Scan",
                                            "Parent Relationship": "Outer",
                                            "Parallel Aware": true,
                                            "Relation Name": "movie_info_idx",
                                            "Schema": "public",
                                            "Alias": "mi_idx",
                                            "Startup Cost": 0.0,
                                            "Total Cost": 13685.15,
                                            "Plan Rows": 575015,
                                            "Plan Width": 4,
                                            "Actual Startup Time": 0.026,
                                            "Actual Total Time": 43.602,
                                            "Actual Rows": 460012,
                                            "Actual Loops": 3,
                                            "Output": [
                                                "mi_idx.id",
                                                "mi_idx.movie_id",
                                                "mi_idx.info_type_id",
                                                "mi_idx.info",
                                                "mi_idx.note"
                                            ],
                                            "Workers": [
                                                {
                                                    "Worker Number": 0,
                                                    "Actual Startup Time": 0.036,
                                                    "Actual Total Time": 44.234,
                                                    "Actual Rows": 357924,
                                                    "Actual Loops": 1
                                                },
                                                {
                                                    "Worker Number": 1,
                                                    "Actual Startup Time": 0.032,
                                                    "Actual Total Time": 45.228,
                                                    "Actual Rows": 375331,
                                                    "Actual Loops": 1
                                                }
                                            ]
                                        },
                                        {
                                            "Node Type": "Hash",
                                            "Parent Relationship": "Inner",
                                            "Parallel Aware": true,
                                            "Startup Cost": 220582.42,
                                            "Total Cost": 220582.42,
                                            "Plan Rows": 56715,
                                            "Plan Width": 8,
                                            "Actual Startup Time": 409.193,
                                            "Actual Total Time": 409.198,
                                            "Actual Rows": 19329,
                                            "Actual Loops": 3,
                                            "Output": [
                                                "t.id",
                                                "mi.movie_id"
                                            ],
                                            "Hash Buckets": 524288,
                                            "Original Hash Buckets": 524288,
                                            "Hash Batches": 1,
                                            "Original Hash Batches": 1,
                                            "Peak Memory Usage": 6400,
                                            "Workers": [
                                                {
                                                    "Worker Number": 0,
                                                    "Actual Startup Time": 406.145,
                                                    "Actual Total Time": 406.149,
                                                    "Actual Rows": 15709,
                                                    "Actual Loops": 1
                                                },
                                                {
                                                    "Worker Number": 1,
                                                    "Actual Startup Time": 406.407,
                                                    "Actual Total Time": 406.41,
                                                    "Actual Rows": 16219,
                                                    "Actual Loops": 1
                                                }
                                            ],
                                            "Plans": [
                                                {
                                                    "Node Type": "Hash Join",
                                                    "Parent Relationship": "Outer",
                                                    "Parallel Aware": true,
                                                    "Join Type": "Inner",
                                                    "Startup Cost": 57174.52,
                                                    "Total Cost": 220582.42,
                                                    "Plan Rows": 56715,
                                                    "Plan Width": 8,
                                                    "Actual Startup Time": 337.423,
                                                    "Actual Total Time": 402.429,
                                                    "Actual Rows": 19329,
                                                    "Actual Loops": 3,
                                                    "Output": [
                                                        "t.id",
                                                        "mi.movie_id"
                                                    ],
                                                    "Inner Unique": true,
                                                    "Hash Cond": "(mi.movie_id = t.id)",
                                                    "Workers": [
                                                        {
                                                            "Worker Number": 0,
                                                            "Actual Startup Time": 334.367,
                                                            "Actual Total Time": 399.05,
                                                            "Actual Rows": 15709,
                                                            "Actual Loops": 1
                                                        },
                                                        {
                                                            "Worker Number": 1,
                                                            "Actual Startup Time": 334.656,
                                                            "Actual Total Time": 399.45,
                                                            "Actual Rows": 16219,
                                                            "Actual Loops": 1
                                                        }
                                                    ],
                                                    "Plans": [
                                                        {
                                                            "Node Type": "Bitmap Heap Scan",
                                                            "Parent Relationship": "Outer",
                                                            "Parallel Aware": true,
                                                            "Relation Name": "movie_info",
                                                            "Schema": "public",
                                                            "Alias": "mi",
                                                            "Startup Cost": 8485.4,
                                                            "Total Cost": 171647.74,
                                                            "Plan Rows": 93547,
                                                            "Plan Width": 4,
                                                            "Actual Startup Time": 17.365,
                                                            "Actual Total Time": 39.909,
                                                            "Actual Rows": 162185,
                                                            "Actual Loops": 3,
                                                            "Output": [
                                                                "mi.id",
                                                                "mi.movie_id",
                                                                "mi.info_type_id",
                                                                "mi.info",
                                                                "mi.note"
                                                            ],
                                                            "Recheck Cond": "(mi.info_type_id = 5)",
                                                            "Rows Removed by Index Recheck": 0,
                                                            "Exact Heap Blocks": 2536,
                                                            "Lossy Heap Blocks": 0,
                                                            "Workers": [
                                                                {
                                                                    "Worker Number": 0,
                                                                    "Actual Startup Time": 17.406,
                                                                    "Actual Total Time": 40.903,
                                                                    "Actual Rows": 138197,
                                                                    "Actual Loops": 1
                                                                },
                                                                {
                                                                    "Worker Number": 1,
                                                                    "Actual Startup Time": 17.402,
                                                                    "Actual Total Time": 41.154,
                                                                    "Actual Rows": 139236,
                                                                    "Actual Loops": 1
                                                                }
                                                            ],
                                                            "Plans": [
                                                                {
                                                                    "Node Type": "Bitmap Index Scan",
                                                                    "Parent Relationship": "Outer",
                                                                    "Parallel Aware": false,
                                                                    "Index Name": "info_type_id_movie_info",
                                                                    "Startup Cost": 0.0,
                                                                    "Total Cost": 8368.46,
                                                                    "Plan Rows": 467737,
                                                                    "Plan Width": 0,
                                                                    "Actual Startup Time": 16.593,
                                                                    "Actual Total Time": 16.594,
                                                                    "Actual Rows": 486554,
                                                                    "Actual Loops": 1,
                                                                    "Index Cond": "(mi.info_type_id = 5)"
                                                                }
                                                            ]
                                                        },
                                                        {
                                                            "Node Type": "Hash",
                                                            "Parent Relationship": "Inner",
                                                            "Parallel Aware": true,
                                                            "Startup Cost": 43899.01,
                                                            "Total Cost": 43899.01,
                                                            "Plan Rows": 383209,
                                                            "Plan Width": 4,
                                                            "Actual Startup Time": 314.808,
                                                            "Actual Total Time": 314.809,
                                                            "Actual Rows": 514421,
                                                            "Actual Loops": 3,
                                                            "Output": [
                                                                "t.id"
                                                            ],
                                                            "Hash Buckets": 2097152,
                                                            "Original Hash Buckets": 2097152,
                                                            "Hash Batches": 1,
                                                            "Original Hash Batches": 1,
                                                            "Peak Memory Usage": 76768,
                                                            "Workers": [
                                                                {
                                                                    "Worker Number": 0,
                                                                    "Actual Startup Time": 316.817,
                                                                    "Actual Total Time": 316.818,
                                                                    "Actual Rows": 401596,
                                                                    "Actual Loops": 1
                                                                },
                                                                {
                                                                    "Worker Number": 1,
                                                                    "Actual Startup Time": 317.079,
                                                                    "Actual Total Time": 317.08,
                                                                    "Actual Rows": 428549,
                                                                    "Actual Loops": 1
                                                                }
                                                            ],
                                                            "Plans": [
                                                                {
                                                                    "Node Type": "Seq Scan",
                                                                    "Parent Relationship": "Outer",
                                                                    "Parallel Aware": true,
                                                                    "Relation Name": "title",
                                                                    "Schema": "public",
                                                                    "Alias": "t",
                                                                    "Startup Cost": 0.0,
                                                                    "Total Cost": 43899.01,
                                                                    "Plan Rows": 383209,
                                                                    "Plan Width": 4,
                                                                    "Actual Startup Time": 0.03,
                                                                    "Actual Total Time": 135.927,
                                                                    "Actual Rows": 514421,
                                                                    "Actual Loops": 3,
                                                                    "Output": [
                                                                        "t.id"
                                                                    ],
                                                                    "Filter": "(t.kind_id = 7)",
                                                                    "Rows Removed by Filter": 328349,
                                                                    "Workers": [
                                                                        {
                                                                            "Worker Number": 0,
                                                                            "Actual Startup Time": 0.038,
                                                                            "Actual Total Time": 138.97,
                                                                            "Actual Rows": 401596,
                                                                            "Actual Loops": 1
                                                                        },
                                                                        {
                                                                            "Worker Number": 1,
                                                                            "Actual Startup Time": 0.039,
                                                                            "Actual Total Time": 143.094,
                                                                            "Actual Rows": 428549,
                                                                            "Actual Loops": 1
                                                                        }
                                                                    ]
                                                                }
                                                            ]
                                                        }
                                                    ]
                                                }
                                            ]
                                        }
                                    ]
                                }
                            ]
                        }
                    ]
                }
            ]
        },
        "Planning Time": 218.25,
        "Triggers": [],
        "Execution Time": 539.221
    }
]