[
  {
    "Plan": {
      "Node Type": "Aggregate",
      "Strategy": "Plain",
      "Partial Mode": "Finalize",
      "Parallel Aware": false,
      "Startup Cost": 376604.08,
      "Total Cost": 376604.09,
      "Plan Rows": 1,
      "Plan Width": 8,
      "Actual Startup Time": 1547.955,
      "Actual Total Time": 1605.637,
      "Actual Rows": 1,
      "Actual Loops": 1,
      "Plans": [
        {
          "Node Type": "Gather",
          "Parent Relationship": "Outer",
          "Parallel Aware": false,
          "Startup Cost": 376603.46,
          "Total Cost": 376604.07,
          "Plan Rows": 6,
          "Plan Width": 8,
          "Actual Startup Time": 1547.355,
          "Actual Total Time": 1605.623,
          "Actual Rows": 7,
          "Actual Loops": 1,
          "Workers Planned": 6,
          "Workers Launched": 6,
          "Single Copy": false,
          "Plans": [
            {
              "Node Type": "Aggregate",
              "Strategy": "Plain",
              "Partial Mode": "Partial",
              "Parent Relationship": "Outer",
              "Parallel Aware": false,
              "Startup Cost": 375603.46,
              "Total Cost": 375603.47,
              "Plan Rows": 1,
              "Plan Width": 8,
              "Actual Startup Time": 1533.023,
              "Actual Total Time": 1533.028,
              "Actual Rows": 1,
              "Actual Loops": 7,
              "Plans": [
                {
                  "Node Type": "Hash Join",
                  "Parent Relationship": "Outer",
                  "Parallel Aware": true,
                  "Join Type": "Inner",
                  "Startup Cost": 45877.02,
                  "Total Cost": 374843.68,
                  "Plan Rows": 303911,
                  "Plan Width": 0,
                  "Actual Startup Time": 125.222,
                  "Actual Total Time": 1529.639,
                  "Actual Rows": 39761,
                  "Actual Loops": 7,
                  "Inner Unique": true,
                  "Hash Cond": "(ci.movie_id = t.id)",
                  "Plans": [
                    {
                      "Node Type": "Seq Scan",
                      "Parent Relationship": "Outer",
                      "Parallel Aware": true,
                      "Relation Name": "cast_info",
                      "Alias": "ci",
                      "Startup Cost": 0.0,
                      "Total Cost": 313106.51,
                      "Plan Rows": 6041951,
                      "Plan Width": 4,
                      "Actual Startup Time": 0.046,
                      "Actual Total Time": 674.616,
                      "Actual Rows": 5177763,
                      "Actual Loops": 7
                    },
                    {
                      "Node Type": "Hash",
                      "Parent Relationship": "Inner",
                      "Parallel Aware": true,
                      "Startup Cost": 45479.59,
                      "Total Cost": 45479.59,
                      "Plan Rows": 31795,
                      "Plan Width": 4,
                      "Actual Startup Time": 122.041,
                      "Actual Total Time": 122.043,
                      "Actual Rows": 4808,
                      "Actual Loops": 7,
                      "Hash Buckets": 131072,
                      "Original Hash Buckets": 131072,
                      "Hash Batches": 1,
                      "Original Hash Batches": 1,
                      "Peak Memory Usage": 2464,
                      "Plans": [
                        {
                          "Node Type": "Seq Scan",
                          "Parent Relationship": "Outer",
                          "Parallel Aware": true,
                          "Relation Name": "title",
                          "Alias": "t",
                          "Startup Cost": 0.0,
                          "Total Cost": 45479.59,
                          "Plan Rows": 31795,
                          "Plan Width": 4,
                          "Actual Startup Time": 1.415,
                          "Actual Total Time": 117.648,
                          "Actual Rows": 4808,
                          "Actual Loops": 7,
                          "Filter": "((production_year < 1958) AND (kind_id = 7))",
                          "Rows Removed by Filter": 356380
                        }
                      ]
                    }
                  ]
                }
              ]
            }
          ]
        }
      ]
    },
    "Planning Time": 0.846,
    "Triggers": [],
    "Execution Time": 1605.748
  }
]