{
  "Plan": {
    "Node Type": "Aggregate",
    "Strategy": "Plain",
    "Partial Mode": "Finalize",
    "Parallel Aware": false,
    "Startup Cost": 118042.08,
    "Total Cost": 118042.09,
    "Plan Rows": 1,
    "Plan Width": 8,
    "Actual Startup Time": 753.187,
    "Actual Total Time": 773.452,
    "Actual Rows": 1,
    "Actual Loops": 1,
    "Plans": [
      {
        "Node Type": "Gather",
        "Parent Relationship": "Outer",
        "Parallel Aware": false,
        "Startup Cost": 118041.96,
        "Total Cost": 118042.07,
        "Plan Rows": 1,
        "Plan Width": 8,
        "Actual Startup Time": 747.722,
        "Actual Total Time": 773.445,
        "Actual Rows": 2,
        "Actual Loops": 1,
        "Workers Planned": 1,
        "Workers Launched": 1,
        "Single Copy": false,
        "Plans": [
          {
            "Node Type": "Aggregate",
            "Strategy": "Plain",
            "Partial Mode": "Partial",
            "Parent Relationship": "Outer",
            "Parallel Aware": false,
            "Startup Cost": 117041.96,
            "Total Cost": 117041.97,
            "Plan Rows": 1,
            "Plan Width": 8,
            "Actual Startup Time": 734.519,
            "Actual Total Time": 734.525,
            "Actual Rows": 1,
            "Actual Loops": 2,
            "Plans": [
              {
                "Node Type": "Hash Join",
                "Parent Relationship": "Outer",
                "Parallel Aware": true,
                "Join Type": "Inner",
                "Startup Cost": 97674.91,
                "Total Cost": 116961.43,
                "Plan Rows": 32212,
                "Plan Width": 0,
                "Actual Startup Time": 606.64,
                "Actual Total Time": 729.521,
                "Actual Rows": 113500,
                "Actual Loops": 2,
                "Inner Unique": false,
                "Hash Cond": "(mi_idx.movie_id = t.id)",
                "Plans": [
                  {
                    "Node Type": "Seq Scan",
                    "Parent Relationship": "Outer",
                    "Parallel Aware": true,
                    "Relation Name": "movie_info_idx",
                    "Alias": "mi_idx",
                    "Startup Cost": 0.0,
                    "Total Cost": 16052.85,
                    "Plan Rows": 811785,
                    "Plan Width": 4,
                    "Actual Startup Time": 0.023,
                    "Actual Total Time": 49.466,
                    "Actual Rows": 690018,
                    "Actual Loops": 2
                  },
                  {
                    "Node Type": "Hash",
                    "Parent Relationship": "Inner",
                    "Parallel Aware": true,
                    "Startup Cost": 96937.23,
                    "Total Cost": 96937.23,
                    "Plan Rows": 59014,
                    "Plan Width": 8,
                    "Actual Startup Time": 604.513,
                    "Actual Total Time": 604.518,
                    "Actual Rows": 54930,
                    "Actual Loops": 2,
                    "Hash Buckets": 131072,
                    "Original Hash Buckets": 131072,
                    "Hash Batches": 1,
                    "Original Hash Batches": 1,
                    "Peak Memory Usage": 5344,
                    "Plans": [
                      {
                        "Node Type": "Hash Join",
                        "Parent Relationship": "Outer",
                        "Parallel Aware": true,
                        "Join Type": "Inner",
                        "Startup Cost": 71590.64,
                        "Total Cost": 96937.23,
                        "Plan Rows": 59014,
                        "Plan Width": 8,
                        "Actual Startup Time": 530.65,
                        "Actual Total Time": 593.38,
                        "Actual Rows": 54930,
                        "Actual Loops": 2,
                        "Inner Unique": true,
                        "Hash Cond": "(mk.movie_id = t.id)",
                        "Plans": [
                          {
                            "Node Type": "Bitmap Heap Scan",
                            "Parent Relationship": "Outer",
                            "Parallel Aware": true,
                            "Relation Name": "movie_keyword",
                            "Alias": "mk",
                            "Startup Cost": 2129.94,
                            "Total Cost": 27321.62,
                            "Plan Rows": 59014,
                            "Plan Width": 4,
                            "Actual Startup Time": 9.472,
                            "Actual Total Time": 44.945,
                            "Actual Rows": 54930,
                            "Actual Loops": 2,
                            "Recheck Cond": "(keyword_id < 108)",
                            "Rows Removed by Index Recheck": 0,
                            "Exact Heap Blocks": 13625,
                            "Lossy Heap Blocks": 0,
                            "Plans": [
                              {
                                "Node Type": "Bitmap Index Scan",
                                "Parent Relationship": "Outer",
                                "Parallel Aware": false,
                                "Index Name": "keyword_id_movie_keyword",
                                "Startup Cost": 0.0,
                                "Total Cost": 2104.86,
                                "Plan Rows": 100324,
                                "Plan Width": 0,
                                "Actual Startup Time": 6.242,
                                "Actual Total Time": 6.243,
                                "Actual Rows": 109861,
                                "Actual Loops": 1,
                                "Index Cond": "(keyword_id < 108)"
                              }
                            ]
                          },
                          {
                            "Node Type": "Hash",
                            "Parent Relationship": "Inner",
                            "Parallel Aware": true,
                            "Startup Cost": 50870.31,
                            "Total Cost": 50870.31,
                            "Plan Rows": 1487231,
                            "Plan Width": 4,
                            "Actual Startup Time": 501.781,
                            "Actual Total Time": 501.782,
                            "Actual Rows": 1264156,
                            "Actual Loops": 2,
                            "Hash Buckets": 4194304,
                            "Original Hash Buckets": 4194304,
                            "Hash Batches": 1,
                            "Original Hash Batches": 1,
                            "Peak Memory Usage": 131712,
                            "Plans": [
                              {
                                "Node Type": "Seq Scan",
                                "Parent Relationship": "Outer",
                                "Parallel Aware": true,
                                "Relation Name": "title",
                                "Alias": "t",
                                "Startup Cost": 0.0,
                                "Total Cost": 50870.31,
                                "Plan Rows": 1487231,
                                "Plan Width": 4,
                                "Actual Startup Time": 0.025,
                                "Actual Total Time": 153.998,
                                "Actual Rows": 1264156,
                                "Actual Loops": 2
                              }
                            ]
                          }
                        ]
                      }
                    ]
                  }
                ]
              }
            ]
          }
        ]
      }
    ]
  },
  "Planning Time": 1.06,
  "Triggers": [],
  "Execution Time": 773.551
}