[
  {
    "Plan": {
      "Node Type": "Aggregate",
      "Strategy": "Plain",
      "Partial Mode": "Finalize",
      "Parallel Aware": false,
      "Startup Cost": 44716.97,
      "Total Cost": 44716.98,
      "Plan Rows": 1,
      "Plan Width": 8,
      "Actual Startup Time": 134.568,
      "Actual Total Time": 145.75,
      "Actual Rows": 1,
      "Actual Loops": 1,
      "Plans": [
        {
          "Node Type": "Gather",
          "Parent Relationship": "Outer",
          "Parallel Aware": false,
          "Startup Cost": 44716.65,
          "Total Cost": 44716.96,
          "Plan Rows": 3,
          "Plan Width": 8,
          "Actual Startup Time": 134.455,
          "Actual Total Time": 145.742,
          "Actual Rows": 4,
          "Actual Loops": 1,
          "Workers Planned": 3,
          "Workers Launched": 3,
          "Single Copy": false,
          "Plans": [
            {
              "Node Type": "Aggregate",
              "Strategy": "Plain",
              "Partial Mode": "Partial",
              "Parent Relationship": "Outer",
              "Parallel Aware": false,
              "Startup Cost": 43716.65,
              "Total Cost": 43716.66,
              "Plan Rows": 1,
              "Plan Width": 8,
              "Actual Startup Time": 129.155,
              "Actual Total Time": 129.156,
              "Actual Rows": 1,
              "Actual Loops": 4,
              "Plans": [
                {
                  "Node Type": "Seq Scan",
                  "Parent Relationship": "Outer",
                  "Parallel Aware": true,
                  "Relation Name": "movie_keyword",
                  "Alias": "mk",
                  "Startup Cost": 0.0,
                  "Total Cost": 42695.65,
                  "Plan Rows": 408398,
                  "Plan Width": 0,
                  "Actual Startup Time": 1.792,
                  "Actual Total Time": 112.365,
                  "Actual Rows": 317901,
                  "Actual Loops": 4,
                  "Filter": "(keyword_id > 13992)",
                  "Rows Removed by Filter": 813082
                }
              ]
            }
          ]
        }
      ]
    },
    "Planning Time": 0.116,
    "Triggers": [],
    "Execution Time": 145.786
  }
]