[
  {
    "Plan": {
      "Node Type": "Aggregate",
      "Strategy": "Plain",
      "Partial Mode": "Finalize",
      "Parallel Aware": false,
      "Startup Cost": 33115.93,
      "Total Cost": 33115.94,
      "Plan Rows": 1,
      "Plan Width": 8,
      "Actual Startup Time": 101.71,
      "Actual Total Time": 109.809,
      "Actual Rows": 1,
      "Actual Loops": 1,
      "Plans": [
        {
          "Node Type": "Gather",
          "Parent Relationship": "Outer",
          "Parallel Aware": false,
          "Startup Cost": 33115.62,
          "Total Cost": 33115.93,
          "Plan Rows": 3,
          "Plan Width": 8,
          "Actual Startup Time": 101.59,
          "Actual Total Time": 109.799,
          "Actual Rows": 4,
          "Actual Loops": 1,
          "Workers Planned": 3,
          "Workers Launched": 3,
          "Single Copy": false,
          "Plans": [
            {
              "Node Type": "Aggregate",
              "Strategy": "Plain",
              "Partial Mode": "Partial",
              "Parent Relationship": "Outer",
              "Parallel Aware": false,
              "Startup Cost": 32115.62,
              "Total Cost": 32115.63,
              "Plan Rows": 1,
              "Plan Width": 8,
              "Actual Startup Time": 94.888,
              "Actual Total Time": 94.889,
              "Actual Rows": 1,
              "Actual Loops": 4,
              "Plans": [
                {
                  "Node Type": "Seq Scan",
                  "Parent Relationship": "Outer",
                  "Parallel Aware": true,
                  "Relation Name": "movie_companies",
                  "Alias": "mc",
                  "Startup Cost": 0.0,
                  "Total Cost": 31414.82,
                  "Plan Rows": 280319,
                  "Plan Width": 0,
                  "Actual Startup Time": 51.071,
                  "Actual Total Time": 88.113,
                  "Actual Rows": 137592,
                  "Actual Loops": 4,
                  "Filter": "((company_id < 20764) AND (company_type_id = 2))",
                  "Rows Removed by Filter": 514690
                }
              ]
            }
          ]
        }
      ]
    },
    "Planning Time": 0.218,
    "Triggers": [],
    "Execution Time": 109.868
  }
]