[
  {
    "Plan": {
      "Node Type": "Aggregate",
      "Strategy": "Plain",
      "Partial Mode": "Finalize",
      "Parallel Aware": false,
      "Startup Cost": 180400.83,
      "Total Cost": 180400.84,
      "Plan Rows": 1,
      "Plan Width": 8,
      "Actual Startup Time": 93.091,
      "Actual Total Time": 95.767,
      "Actual Rows": 1,
      "Actual Loops": 1,
      "Plans": [
        {
          "Node Type": "Gather",
          "Parent Relationship": "Outer",
          "Parallel Aware": false,
          "Startup Cost": 180400.31,
          "Total Cost": 180400.82,
          "Plan Rows": 5,
          "Plan Width": 8,
          "Actual Startup Time": 92.926,
          "Actual Total Time": 95.761,
          "Actual Rows": 6,
          "Actual Loops": 1,
          "Workers Planned": 5,
          "Workers Launched": 5,
          "Single Copy": false,
          "Plans": [
            {
              "Node Type": "Aggregate",
              "Strategy": "Plain",
              "Partial Mode": "Partial",
              "Parent Relationship": "Outer",
              "Parallel Aware": false,
              "Startup Cost": 179400.31,
              "Total Cost": 179400.32,
              "Plan Rows": 1,
              "Plan Width": 8,
              "Actual Startup Time": 85.49,
              "Actual Total Time": 85.491,
              "Actual Rows": 1,
              "Actual Loops": 6,
              "Plans": [
                {
                  "Node Type": "Bitmap Heap Scan",
                  "Parent Relationship": "Outer",
                  "Parallel Aware": true,
                  "Relation Name": "movie_info",
                  "Alias": "mi",
                  "Startup Cost": 14929.49,
                  "Total Cost": 178987.34,
                  "Plan Rows": 165188,
                  "Plan Width": 0,
                  "Actual Startup Time": 45.653,
                  "Actual Total Time": 75.029,
                  "Actual Rows": 133690,
                  "Actual Loops": 6,
                  "Recheck Cond": "(info_type_id < 2)",
                  "Rows Removed by Index Recheck": 0,
                  "Exact Heap Blocks": 1968,
                  "Lossy Heap Blocks": 0,
                  "Plans": [
                    {
                      "Node Type": "Bitmap Index Scan",
                      "Parent Relationship": "Outer",
                      "Parallel Aware": false,
                      "Index Name": "info_type_id_movie_info",
                      "Startup Cost": 0.0,
                      "Total Cost": 14723.0,
                      "Plan Rows": 825942,
                      "Plan Width": 0,
                      "Actual Startup Time": 51.395,
                      "Actual Total Time": 51.396,
                      "Actual Rows": 802140,
                      "Actual Loops": 1,
                      "Index Cond": "(info_type_id < 2)"
                    }
                  ]
                }
              ]
            }
          ]
        }
      ]
    },
    "Planning Time": 0.216,
    "Triggers": [],
    "Execution Time": 95.83
  }
]