{
  "Plan": {
    "Node Type": "Aggregate",
    "Strategy": "Plain",
    "Partial Mode": "Finalize",
    "Parallel Aware": false,
    "Startup Cost": 64506.75,
    "Total Cost": 64506.76,
    "Plan Rows": 1,
    "Plan Width": 8,
    "Actual Startup Time": 168.647,
    "Actual Total Time": 196.506,
    "Actual Rows": 1,
    "Actual Loops": 1,
    "Plans": [
      {
        "Node Type": "Gather",
        "Parent Relationship": "Outer",
        "Parallel Aware": false,
        "Startup Cost": 64506.64,
        "Total Cost": 64506.75,
        "Plan Rows": 1,
        "Plan Width": 8,
        "Actual Startup Time": 168.49,
        "Actual Total Time": 196.498,
        "Actual Rows": 2,
        "Actual Loops": 1,
        "Workers Planned": 1,
        "Workers Launched": 1,
        "Single Copy": false,
        "Plans": [
          {
            "Node Type": "Aggregate",
            "Strategy": "Plain",
            "Partial Mode": "Partial",
            "Parent Relationship": "Outer",
            "Parallel Aware": false,
            "Startup Cost": 63506.64,
            "Total Cost": 63506.65,
            "Plan Rows": 1,
            "Plan Width": 8,
            "Actual Startup Time": 162.111,
            "Actual Total Time": 162.113,
            "Actual Rows": 1,
            "Actual Loops": 2,
            "Plans": [
              {
                "Node Type": "Nested Loop",
                "Parent Relationship": "Outer",
                "Parallel Aware": false,
                "Join Type": "Inner",
                "Startup Cost": 224.83,
                "Total Cost": 63504.59,
                "Plan Rows": 820,
                "Plan Width": 0,
                "Actual Startup Time": 4.646,
                "Actual Total Time": 161.249,
                "Actual Rows": 13056,
                "Actual Loops": 2,
                "Inner Unique": false,
                "Plans": [
                  {
                    "Node Type": "Nested Loop",
                    "Parent Relationship": "Outer",
                    "Parallel Aware": false,
                    "Join Type": "Inner",
                    "Startup Cost": 224.4,
                    "Total Cost": 55941.29,
                    "Plan Rows": 4279,
                    "Plan Width": 8,
                    "Actual Startup Time": 4.314,
                    "Actual Total Time": 37.897,
                    "Actual Rows": 4443,
                    "Actual Loops": 2,
                    "Inner Unique": true,
                    "Plans": [
                      {
                        "Node Type": "Bitmap Heap Scan",
                        "Parent Relationship": "Outer",
                        "Parallel Aware": true,
                        "Relation Name": "movie_companies",
                        "Alias": "mc",
                        "Startup Cost": 223.97,
                        "Total Cost": 16704.99,
                        "Plan Rows": 6037,
                        "Plan Width": 4,
                        "Actual Startup Time": 4.177,
                        "Actual Total Time": 13.058,
                        "Actual Rows": 4733,
                        "Actual Loops": 2,
                        "Recheck Cond": "(company_id = 1451)",
                        "Rows Removed by Index Recheck": 0,
                        "Exact Heap Blocks": 3694,
                        "Lossy Heap Blocks": 0,
                        "Plans": [
                          {
                            "Node Type": "Bitmap Index Scan",
                            "Parent Relationship": "Outer",
                            "Parallel Aware": false,
                            "Index Name": "company_id_movie_companies",
                            "Startup Cost": 0.0,
                            "Total Cost": 221.4,
                            "Plan Rows": 10263,
                            "Plan Width": 0,
                            "Actual Startup Time": 5.412,
                            "Actual Total Time": 5.413,
                            "Actual Rows": 9466,
                            "Actual Loops": 1,
                            "Index Cond": "(company_id = 1451)"
                          }
                        ]
                      },
                      {
                        "Node Type": "Index Scan",
                        "Parent Relationship": "Inner",
                        "Parallel Aware": false,
                        "Scan Direction": "Forward",
                        "Index Name": "title_pkey",
                        "Relation Name": "title",
                        "Alias": "t",
                        "Startup Cost": 0.43,
                        "Total Cost": 6.5,
                        "Plan Rows": 1,
                        "Plan Width": 4,
                        "Actual Startup Time": 0.005,
                        "Actual Total Time": 0.005,
                        "Actual Rows": 1,
                        "Actual Loops": 9466,
                        "Index Cond": "(id = mc.movie_id)",
                        "Rows Removed by Index Recheck": 0,
                        "Filter": "(production_year < 2009)",
                        "Rows Removed by Filter": 0
                      }
                    ]
                  },
                  {
                    "Node Type": "Index Scan",
                    "Parent Relationship": "Inner",
                    "Parallel Aware": false,
                    "Scan Direction": "Forward",
                    "Index Name": "movie_id_movie_info",
                    "Relation Name": "movie_info",
                    "Alias": "mi",
                    "Startup Cost": 0.43,
                    "Total Cost": 1.76,
                    "Plan Rows": 1,
                    "Plan Width": 4,
                    "Actual Startup Time": 0.024,
                    "Actual Total Time": 0.027,
                    "Actual Rows": 3,
                    "Actual Loops": 8886,
                    "Index Cond": "(movie_id = t.id)",
                    "Rows Removed by Index Recheck": 0,
                    "Filter": "(info_type_id = 5)",
                    "Rows Removed by Filter": 37
                  }
                ]
              }
            ]
          }
        ]
      }
    ]
  },
  "Planning Time": 1.052,
  "Triggers": [],
  "Execution Time": 196.644
}