[
  {
    "Plan": {
      "Node Type": "Aggregate",
      "Strategy": "Plain",
      "Partial Mode": "Finalize",
      "Parallel Aware": false,
      "Startup Cost": 32748.31,
      "Total Cost": 32748.32,
      "Plan Rows": 1,
      "Plan Width": 8,
      "Actual Startup Time": 94.765,
      "Actual Total Time": 102.511,
      "Actual Rows": 1,
      "Actual Loops": 1,
      "Plans": [
        {
          "Node Type": "Gather",
          "Parent Relationship": "Outer",
          "Parallel Aware": false,
          "Startup Cost": 32747.99,
          "Total Cost": 32748.3,
          "Plan Rows": 3,
          "Plan Width": 8,
          "Actual Startup Time": 94.628,
          "Actual Total Time": 102.502,
          "Actual Rows": 4,
          "Actual Loops": 1,
          "Workers Planned": 3,
          "Workers Launched": 3,
          "Single Copy": false,
          "Plans": [
            {
              "Node Type": "Aggregate",
              "Strategy": "Plain",
              "Partial Mode": "Partial",
              "Parent Relationship": "Outer",
              "Parallel Aware": false,
              "Startup Cost": 31747.99,
              "Total Cost": 31748.0,
              "Plan Rows": 1,
              "Plan Width": 8,
              "Actual Startup Time": 86.404,
              "Actual Total Time": 86.405,
              "Actual Rows": 1,
              "Actual Loops": 4,
              "Plans": [
                {
                  "Node Type": "Seq Scan",
                  "Parent Relationship": "Outer",
                  "Parallel Aware": true,
                  "Relation Name": "movie_companies",
                  "Alias": "mc",
                  "Startup Cost": 0.0,
                  "Total Cost": 31414.82,
                  "Plan Rows": 133268,
                  "Plan Width": 0,
                  "Actual Startup Time": 0.046,
                  "Actual Total Time": 76.029,
                  "Actual Rows": 147548,
                  "Actual Loops": 4,
                  "Filter": "((company_id < 2115) AND (company_type_id < 2))",
                  "Rows Removed by Filter": 504734
                }
              ]
            }
          ]
        }
      ]
    },
    "Planning Time": 0.227,
    "Triggers": [],
    "Execution Time": 102.573
  }
]