{
  "Plan": {
    "Node Type": "Aggregate",
    "Strategy": "Plain",
    "Partial Mode": "Finalize",
    "Parallel Aware": false,
    "Startup Cost": 445853.34,
    "Total Cost": 445853.35,
    "Plan Rows": 1,
    "Plan Width": 8,
    "Actual Startup Time": 2968.672,
    "Actual Total Time": 2994.176,
    "Actual Rows": 1,
    "Actual Loops": 1,
    "Plans": [
      {
        "Node Type": "Gather",
        "Parent Relationship": "Outer",
        "Parallel Aware": false,
        "Startup Cost": 445853.23,
        "Total Cost": 445853.34,
        "Plan Rows": 1,
        "Plan Width": 8,
        "Actual Startup Time": 2952.007,
        "Actual Total Time": 2994.167,
        "Actual Rows": 2,
        "Actual Loops": 1,
        "Workers Planned": 1,
        "Workers Launched": 1,
        "Single Copy": false,
        "Plans": [
          {
            "Node Type": "Aggregate",
            "Strategy": "Plain",
            "Partial Mode": "Partial",
            "Parent Relationship": "Outer",
            "Parallel Aware": false,
            "Startup Cost": 444853.23,
            "Total Cost": 444853.24,
            "Plan Rows": 1,
            "Plan Width": 8,
            "Actual Startup Time": 2946.018,
            "Actual Total Time": 2946.026,
            "Actual Rows": 1,
            "Actual Loops": 2,
            "Plans": [
              {
                "Node Type": "Merge Join",
                "Parent Relationship": "Outer",
                "Parallel Aware": false,
                "Join Type": "Inner",
                "Startup Cost": 295442.61,
                "Total Cost": 442892.35,
                "Plan Rows": 784349,
                "Plan Width": 0,
                "Actual Startup Time": 1713.459,
                "Actual Total Time": 2757.503,
                "Actual Rows": 4985834,
                "Actual Loops": 2,
                "Inner Unique": false,
                "Merge Cond": "(mc.movie_id = t.id)",
                "Plans": [
                  {
                    "Node Type": "Index Only Scan",
                    "Parent Relationship": "Outer",
                    "Parallel Aware": true,
                    "Scan Direction": "Forward",
                    "Index Name": "movie_id_movie_companies",
                    "Relation Name": "movie_companies",
                    "Alias": "mc",
                    "Startup Cost": 0.43,
                    "Total Cost": 129315.97,
                    "Plan Rows": 1534782,
                    "Plan Width": 4,
                    "Actual Startup Time": 0.09,
                    "Actual Total Time": 321.767,
                    "Actual Rows": 1304564,
                    "Actual Loops": 2,
                    "Heap Fetches": 2609129
                  },
                  {
                    "Node Type": "Sort",
                    "Parent Relationship": "Inner",
                    "Parallel Aware": false,
                    "Startup Cost": 295442.05,
                    "Total Cost": 298672.25,
                    "Plan Rows": 1292083,
                    "Plan Width": 8,
                    "Actual Startup Time": 1706.683,
                    "Actual Total Time": 1897.817,
                    "Actual Rows": 5714317,
                    "Actual Loops": 2,
                    "Sort Key": [
                      "mk.movie_id"
                    ],
                    "Sort Method": "quicksort",
                    "Sort Space Used": 110205,
                    "Sort Space Type": "Memory",
                    "Workers": [
                      {
                        "Worker Number": 0,
                        "Sort Method": "quicksort",
                        "Sort Space Used": 110205,
                        "Sort Space Type": "Memory"
                      }
                    ],
                    "Plans": [
                      {
                        "Node Type": "Hash Join",
                        "Parent Relationship": "Outer",
                        "Parallel Aware": false,
                        "Join Type": "Inner",
                        "Startup Cost": 120290.67,
                        "Total Cost": 164287.43,
                        "Plan Rows": 1292083,
                        "Plan Width": 8,
                        "Actual Startup Time": 986.797,
                        "Actual Total Time": 1445.034,
                        "Actual Rows": 1302446,
                        "Actual Loops": 2,
                        "Inner Unique": true,
                        "Hash Cond": "(mk.movie_id = t.id)",
                        "Plans": [
                          {
                            "Node Type": "Bitmap Heap Scan",
                            "Parent Relationship": "Outer",
                            "Parallel Aware": false,
                            "Relation Name": "movie_keyword",
                            "Alias": "mk",
                            "Startup Cost": 27406.08,
                            "Total Cost": 68011.11,
                            "Plan Rows": 1292083,
                            "Plan Width": 4,
                            "Actual Startup Time": 97.332,
                            "Actual Total Time": 277.352,
                            "Actual Rows": 1302446,
                            "Actual Loops": 2,
                            "Recheck Cond": "(keyword_id > 13528)",
                            "Rows Removed by Index Recheck": 0,
                            "Exact Heap Blocks": 24183,
                            "Lossy Heap Blocks": 0,
                            "Plans": [
                              {
                                "Node Type": "Bitmap Index Scan",
                                "Parent Relationship": "Outer",
                                "Parallel Aware": false,
                                "Index Name": "keyword_id_movie_keyword",
                                "Startup Cost": 0.0,
                                "Total Cost": 27083.05,
                                "Plan Rows": 1292083,
                                "Plan Width": 0,
                                "Actual Startup Time": 94.308,
                                "Actual Total Time": 94.308,
                                "Actual Rows": 1302446,
                                "Actual Loops": 2,
                                "Index Cond": "(keyword_id > 13528)"
                              }
                            ]
                          },
                          {
                            "Node Type": "Hash",
                            "Parent Relationship": "Inner",
                            "Parallel Aware": false,
                            "Startup Cost": 61280.93,
                            "Total Cost": 61280.93,
                            "Plan Rows": 2528293,
                            "Plan Width": 4,
                            "Actual Startup Time": 873.246,
                            "Actual Total Time": 873.248,
                            "Actual Rows": 2528312,
                            "Actual Loops": 2,
                            "Hash Buckets": 4194304,
                            "Original Hash Buckets": 4194304,
                            "Hash Batches": 1,
                            "Original Hash Batches": 1,
                            "Peak Memory Usage": 121654,
                            "Plans": [
                              {
                                "Node Type": "Seq Scan",
                                "Parent Relationship": "Outer",
                                "Parallel Aware": false,
                                "Relation Name": "title",
                                "Alias": "t",
                                "Startup Cost": 0.0,
                                "Total Cost": 61280.93,
                                "Plan Rows": 2528293,
                                "Plan Width": 4,
                                "Actual Startup Time": 0.029,
                                "Actual Total Time": 277.7,
                                "Actual Rows": 2528312,
                                "Actual Loops": 2
                              }
                            ]
                          }
                        ]
                      }
                    ]
                  }
                ]
              }
            ]
          }
        ]
      }
    ]
  },
  "Planning Time": 1.081,
  "Triggers": [],
  "Execution Time": 3023.121
}