[
  {
    "Plan": {
      "Node Type": "Aggregate",
      "Strategy": "Plain",
      "Partial Mode": "Finalize",
      "Parallel Aware": false,
      "Startup Cost": 336520.39,
      "Total Cost": 336520.4,
      "Plan Rows": 1,
      "Plan Width": 8,
      "Actual Startup Time": 871.105,
      "Actual Total Time": 918.279,
      "Actual Rows": 1,
      "Actual Loops": 1,
      "Plans": [
        {
          "Node Type": "Gather",
          "Parent Relationship": "Outer",
          "Parallel Aware": false,
          "Startup Cost": 336519.77,
          "Total Cost": 336520.38,
          "Plan Rows": 6,
          "Plan Width": 8,
          "Actual Startup Time": 870.862,
          "Actual Total Time": 918.264,
          "Actual Rows": 7,
          "Actual Loops": 1,
          "Workers Planned": 6,
          "Workers Launched": 6,
          "Single Copy": false,
          "Plans": [
            {
              "Node Type": "Aggregate",
              "Strategy": "Plain",
              "Partial Mode": "Partial",
              "Parent Relationship": "Outer",
              "Parallel Aware": false,
              "Startup Cost": 335519.77,
              "Total Cost": 335519.78,
              "Plan Rows": 1,
              "Plan Width": 8,
              "Actual Startup Time": 861.765,
              "Actual Total Time": 861.768,
              "Actual Rows": 1,
              "Actual Loops": 7,
              "Plans": [
                {
                  "Node Type": "Seq Scan",
                  "Parent Relationship": "Outer",
                  "Parallel Aware": true,
                  "Relation Name": "cast_info",
                  "Alias": "ci",
                  "Startup Cost": 0.0,
                  "Total Cost": 328211.39,
                  "Plan Rows": 2923350,
                  "Plan Width": 0,
                  "Actual Startup Time": 0.057,
                  "Actual Total Time": 707.213,
                  "Actual Rows": 2523255,
                  "Actual Loops": 7,
                  "Filter": "(person_id < 1749281)",
                  "Rows Removed by Filter": 2654508
                }
              ]
            }
          ]
        }
      ]
    },
    "Planning Time": 0.173,
    "Triggers": [],
    "Execution Time": 918.335
  }
]