[
  {
    "Plan": {
      "Node Type": "Aggregate",
      "Strategy": "Plain",
      "Partial Mode": "Finalize",
      "Parallel Aware": false,
      "Startup Cost": 31548.29,
      "Total Cost": 31548.3,
      "Plan Rows": 1,
      "Plan Width": 8,
      "Actual Startup Time": 111.678,
      "Actual Total Time": 117.55,
      "Actual Rows": 1,
      "Actual Loops": 1,
      "Plans": [
        {
          "Node Type": "Gather",
          "Parent Relationship": "Outer",
          "Parallel Aware": false,
          "Startup Cost": 31547.97,
          "Total Cost": 31548.28,
          "Plan Rows": 3,
          "Plan Width": 8,
          "Actual Startup Time": 111.459,
          "Actual Total Time": 117.542,
          "Actual Rows": 4,
          "Actual Loops": 1,
          "Workers Planned": 3,
          "Workers Launched": 3,
          "Single Copy": false,
          "Plans": [
            {
              "Node Type": "Aggregate",
              "Strategy": "Plain",
              "Partial Mode": "Partial",
              "Parent Relationship": "Outer",
              "Parallel Aware": false,
              "Startup Cost": 30547.97,
              "Total Cost": 30547.98,
              "Plan Rows": 1,
              "Plan Width": 8,
              "Actual Startup Time": 102.958,
              "Actual Total Time": 102.959,
              "Actual Rows": 1,
              "Actual Loops": 4,
              "Plans": [
                {
                  "Node Type": "Seq Scan",
                  "Parent Relationship": "Outer",
                  "Parallel Aware": true,
                  "Relation Name": "movie_companies",
                  "Alias": "mc",
                  "Startup Cost": 0.0,
                  "Total Cost": 29310.68,
                  "Plan Rows": 494915,
                  "Plan Width": 0,
                  "Actual Startup Time": 11.629,
                  "Actual Total Time": 86.493,
                  "Actual Rows": 381701,
                  "Actual Loops": 4,
                  "Filter": "(company_id > 6941)",
                  "Rows Removed by Filter": 270582
                }
              ]
            }
          ]
        }
      ]
    },
    "Planning Time": 0.172,
    "Triggers": [],
    "Execution Time": 117.61
  }
]