[
  {
    "Plan": {
      "Node Type": "Aggregate",
      "Strategy": "Plain",
      "Partial Mode": "Finalize",
      "Parallel Aware": false,
      "Startup Cost": 44357.77,
      "Total Cost": 44357.78,
      "Plan Rows": 1,
      "Plan Width": 8,
      "Actual Startup Time": 161.386,
      "Actual Total Time": 171.549,
      "Actual Rows": 1,
      "Actual Loops": 1,
      "Plans": [
        {
          "Node Type": "Gather",
          "Parent Relationship": "Outer",
          "Parallel Aware": false,
          "Startup Cost": 44357.45,
          "Total Cost": 44357.76,
          "Plan Rows": 3,
          "Plan Width": 8,
          "Actual Startup Time": 161.064,
          "Actual Total Time": 171.536,
          "Actual Rows": 4,
          "Actual Loops": 1,
          "Workers Planned": 3,
          "Workers Launched": 3,
          "Single Copy": false,
          "Plans": [
            {
              "Node Type": "Aggregate",
              "Strategy": "Plain",
              "Partial Mode": "Partial",
              "Parent Relationship": "Outer",
              "Parallel Aware": false,
              "Startup Cost": 43357.45,
              "Total Cost": 43357.46,
              "Plan Rows": 1,
              "Plan Width": 8,
              "Actual Startup Time": 152.924,
              "Actual Total Time": 152.926,
              "Actual Rows": 1,
              "Actual Loops": 4,
              "Plans": [
                {
                  "Node Type": "Seq Scan",
                  "Parent Relationship": "Outer",
                  "Parallel Aware": true,
                  "Relation Name": "movie_keyword",
                  "Alias": "mk",
                  "Startup Cost": 0.0,
                  "Total Cost": 42695.65,
                  "Plan Rows": 264719,
                  "Plan Width": 0,
                  "Actual Startup Time": 4.204,
                  "Actual Total Time": 138.121,
                  "Actual Rows": 204414,
                  "Actual Loops": 4,
                  "Filter": "(keyword_id > 22382)",
                  "Rows Removed by Filter": 926568
                }
              ]
            }
          ]
        }
      ]
    },
    "Planning Time": 0.165,
    "Triggers": [],
    "Execution Time": 171.598
  }
]