[
  {
    "Plan": {
      "Node Type": "Aggregate",
      "Strategy": "Plain",
      "Partial Mode": "Finalize",
      "Parallel Aware": false,
      "Startup Cost": 304325.59,
      "Total Cost": 304325.6,
      "Plan Rows": 1,
      "Plan Width": 8,
      "Actual Startup Time": 1887.571,
      "Actual Total Time": 1939.281,
      "Actual Rows": 1,
      "Actual Loops": 1,
      "Plans": [
        {
          "Node Type": "Gather",
          "Parent Relationship": "Outer",
          "Parallel Aware": false,
          "Startup Cost": 304325.07,
          "Total Cost": 304325.58,
          "Plan Rows": 5,
          "Plan Width": 8,
          "Actual Startup Time": 1872.849,
          "Actual Total Time": 1939.268,
          "Actual Rows": 6,
          "Actual Loops": 1,
          "Workers Planned": 5,
          "Workers Launched": 5,
          "Single Copy": false,
          "Plans": [
            {
              "Node Type": "Aggregate",
              "Strategy": "Plain",
              "Partial Mode": "Partial",
              "Parent Relationship": "Outer",
              "Parallel Aware": false,
              "Startup Cost": 303325.07,
              "Total Cost": 303325.08,
              "Plan Rows": 1,
              "Plan Width": 8,
              "Actual Startup Time": 1865.16,
              "Actual Total Time": 1865.675,
              "Actual Rows": 1,
              "Actual Loops": 6,
              "Plans": [
                {
                  "Node Type": "Hash Join",
                  "Parent Relationship": "Outer",
                  "Parallel Aware": true,
                  "Join Type": "Inner",
                  "Startup Cost": 95271.24,
                  "Total Cost": 301039.77,
                  "Plan Rows": 914118,
                  "Plan Width": 0,
                  "Actual Startup Time": 412.663,
                  "Actual Total Time": 1591.167,
                  "Actual Rows": 5284104,
                  "Actual Loops": 6,
                  "Inner Unique": false,
                  "Hash Cond": "(mi.movie_id = t.id)",
                  "Plans": [
                    {
                      "Node Type": "Seq Scan",
                      "Parent Relationship": "Outer",
                      "Parallel Aware": true,
                      "Relation Name": "movie_info",
                      "Alias": "mi",
                      "Startup Cost": 0.0,
                      "Total Cost": 191685.19,
                      "Plan Rows": 2969219,
                      "Plan Width": 4,
                      "Actual Startup Time": 0.055,
                      "Actual Total Time": 324.28,
                      "Actual Rows": 2472620,
                      "Actual Loops": 6
                    },
                    {
                      "Node Type": "Hash",
                      "Parent Relationship": "Inner",
                      "Parallel Aware": true,
                      "Startup Cost": 92132.48,
                      "Total Cost": 92132.48,
                      "Plan Rows": 251101,
                      "Plan Width": 8,
                      "Actual Startup Time": 409.04,
                      "Actual Total Time": 409.553,
                      "Actual Rows": 102221,
                      "Actual Loops": 6,
                      "Hash Buckets": 1048576,
                      "Original Hash Buckets": 1048576,
                      "Hash Batches": 1,
                      "Original Hash Batches": 1,
                      "Peak Memory Usage": 32256,
                      "Plans": [
                        {
                          "Node Type": "Hash Join",
                          "Parent Relationship": "Outer",
                          "Parallel Aware": true,
                          "Join Type": "Inner",
                          "Startup Cost": 48235.85,
                          "Total Cost": 92132.48,
                          "Plan Rows": 251101,
                          "Plan Width": 8,
                          "Actual Startup Time": 224.852,
                          "Actual Total Time": 365.615,
                          "Actual Rows": 102221,
                          "Actual Loops": 6,
                          "Inner Unique": true,
                          "Hash Cond": "(mk.movie_id = t.id)",
                          "Plans": [
                            {
                              "Node Type": "Seq Scan",
                              "Parent Relationship": "Outer",
                              "Parallel Aware": true,
                              "Relation Name": "movie_keyword",
                              "Alias": "mk",
                              "Startup Cost": 0.0,
                              "Total Cost": 42695.65,
                              "Plan Rows": 457515,
                              "Plan Width": 4,
                              "Actual Startup Time": 0.041,
                              "Actual Total Time": 83.231,
                              "Actual Rows": 236972,
                              "Actual Loops": 6,
                              "Filter": "(keyword_id < 1957)",
                              "Rows Removed by Filter": 517016
                            },
                            {
                              "Node Type": "Hash",
                              "Parent Relationship": "Inner",
                              "Parallel Aware": true,
                              "Startup Cost": 43899.32,
                              "Total Cost": 43899.32,
                              "Plan Rows": 346922,
                              "Plan Width": 4,
                              "Actual Startup Time": 221.49,
                              "Actual Total Time": 221.494,
                              "Actual Rows": 230242,
                              "Actual Loops": 6,
                              "Hash Buckets": 2097152,
                              "Original Hash Buckets": 2097152,
                              "Hash Batches": 1,
                              "Original Hash Batches": 1,
                              "Peak Memory Usage": 70496,
                              "Plans": [
                                {
                                  "Node Type": "Seq Scan",
                                  "Parent Relationship": "Outer",
                                  "Parallel Aware": true,
                                  "Relation Name": "title",
                                  "Alias": "t",
                                  "Startup Cost": 0.0,
                                  "Total Cost": 43899.32,
                                  "Plan Rows": 346922,
                                  "Plan Width": 4,
                                  "Actual Startup Time": 0.065,
                                  "Actual Total Time": 96.658,
                                  "Actual Rows": 230242,
                                  "Actual Loops": 6,
                                  "Filter": "(production_year > 2000)",
                                  "Rows Removed by Filter": 191143
                                }
                              ]
                            }
                          ]
                        }
                      ]
                    }
                  ]
                }
              ]
            }
          ]
        }
      ]
    },
    "Planning Time": 0.601,
    "Triggers": [],
    "Execution Time": 1939.345
  }
]