[
  {
    "Plan": {
      "Node Type": "Aggregate",
      "Strategy": "Plain",
      "Partial Mode": "Finalize",
      "Parallel Aware": false,
      "Startup Cost": 60590.69,
      "Total Cost": 60590.7,
      "Plan Rows": 1,
      "Plan Width": 8,
      "Actual Startup Time": 162.567,
      "Actual Total Time": 175.818,
      "Actual Rows": 1,
      "Actual Loops": 1,
      "Plans": [
        {
          "Node Type": "Gather",
          "Parent Relationship": "Outer",
          "Parallel Aware": false,
          "Startup Cost": 60590.47,
          "Total Cost": 60590.68,
          "Plan Rows": 2,
          "Plan Width": 8,
          "Actual Startup Time": 162.308,
          "Actual Total Time": 175.81,
          "Actual Rows": 3,
          "Actual Loops": 1,
          "Workers Planned": 2,
          "Workers Launched": 2,
          "Single Copy": false,
          "Plans": [
            {
              "Node Type": "Aggregate",
              "Strategy": "Plain",
              "Partial Mode": "Partial",
              "Parent Relationship": "Outer",
              "Parallel Aware": false,
              "Startup Cost": 59590.47,
              "Total Cost": 59590.48,
              "Plan Rows": 1,
              "Plan Width": 8,
              "Actual Startup Time": 156.628,
              "Actual Total Time": 156.63,
              "Actual Rows": 1,
              "Actual Loops": 3,
              "Plans": [
                {
                  "Node Type": "Hash Join",
                  "Parent Relationship": "Outer",
                  "Parallel Aware": true,
                  "Join Type": "Inner",
                  "Startup Cost": 43965.7,
                  "Total Cost": 59586.49,
                  "Plan Rows": 1594,
                  "Plan Width": 0,
                  "Actual Startup Time": 104.68,
                  "Actual Total Time": 156.494,
                  "Actual Rows": 1688,
                  "Actual Loops": 3,
                  "Inner Unique": true,
                  "Hash Cond": "(mi_idx.movie_id = t.id)",
                  "Plans": [
                    {
                      "Node Type": "Seq Scan",
                      "Parent Relationship": "Outer",
                      "Parallel Aware": true,
                      "Relation Name": "movie_info_idx",
                      "Alias": "mi_idx",
                      "Startup Cost": 0.0,
                      "Total Cost": 15122.68,
                      "Plan Rows": 189755,
                      "Plan Width": 4,
                      "Actual Startup Time": 0.011,
                      "Actual Total Time": 37.403,
                      "Actual Rows": 153308,
                      "Actual Loops": 3,
                      "Filter": "(info_type_id = 99)",
                      "Rows Removed by Filter": 306703
                    },
                    {
                      "Node Type": "Hash",
                      "Parent Relationship": "Inner",
                      "Parallel Aware": true,
                      "Startup Cost": 43899.32,
                      "Total Cost": 43899.32,
                      "Plan Rows": 5310,
                      "Plan Width": 4,
                      "Actual Startup Time": 103.432,
                      "Actual Total Time": 103.433,
                      "Actual Rows": 6620,
                      "Actual Loops": 3,
                      "Hash Buckets": 32768,
                      "Original Hash Buckets": 32768,
                      "Hash Batches": 1,
                      "Original Hash Batches": 1,
                      "Peak Memory Usage": 1056,
                      "Plans": [
                        {
                          "Node Type": "Seq Scan",
                          "Parent Relationship": "Outer",
                          "Parallel Aware": true,
                          "Relation Name": "title",
                          "Alias": "t",
                          "Startup Cost": 0.0,
                          "Total Cost": 43899.32,
                          "Plan Rows": 5310,
                          "Plan Width": 4,
                          "Actual Startup Time": 0.14,
                          "Actual Total Time": 100.537,
                          "Actual Rows": 6620,
                          "Actual Loops": 3,
                          "Filter": "(production_year = 1988)",
                          "Rows Removed by Filter": 836150
                        }
                      ]
                    }
                  ]
                }
              ]
            }
          ]
        }
      ]
    },
    "Planning Time": 0.622,
    "Triggers": [],
    "Execution Time": 175.894
  }
]