[
  {
    "Plan": {
      "Node Type": "Aggregate",
      "Strategy": "Plain",
      "Partial Mode": "Finalize",
      "Parallel Aware": false,
      "Startup Cost": 81087.06,
      "Total Cost": 81087.07,
      "Plan Rows": 1,
      "Plan Width": 8,
      "Actual Startup Time": 275.688,
      "Actual Total Time": 290.531,
      "Actual Rows": 1,
      "Actual Loops": 1,
      "Plans": [
        {
          "Node Type": "Gather",
          "Parent Relationship": "Outer",
          "Parallel Aware": false,
          "Startup Cost": 81086.64,
          "Total Cost": 81087.05,
          "Plan Rows": 4,
          "Plan Width": 8,
          "Actual Startup Time": 273.237,
          "Actual Total Time": 290.521,
          "Actual Rows": 5,
          "Actual Loops": 1,
          "Workers Planned": 4,
          "Workers Launched": 4,
          "Single Copy": false,
          "Plans": [
            {
              "Node Type": "Aggregate",
              "Strategy": "Plain",
              "Partial Mode": "Partial",
              "Parent Relationship": "Outer",
              "Parallel Aware": false,
              "Startup Cost": 80086.64,
              "Total Cost": 80086.65,
              "Plan Rows": 1,
              "Plan Width": 8,
              "Actual Startup Time": 263.935,
              "Actual Total Time": 263.938,
              "Actual Rows": 1,
              "Actual Loops": 5,
              "Plans": [
                {
                  "Node Type": "Hash Join",
                  "Parent Relationship": "Outer",
                  "Parallel Aware": true,
                  "Join Type": "Inner",
                  "Startup Cost": 33771.07,
                  "Total Cost": 79721.42,
                  "Plan Rows": 146088,
                  "Plan Width": 0,
                  "Actual Startup Time": 189.979,
                  "Actual Total Time": 261.017,
                  "Actual Rows": 61961,
                  "Actual Loops": 5,
                  "Inner Unique": false,
                  "Hash Cond": "(t.id = mc.movie_id)",
                  "Plans": [
                    {
                      "Node Type": "Seq Scan",
                      "Parent Relationship": "Outer",
                      "Parallel Aware": true,
                      "Relation Name": "title",
                      "Alias": "t",
                      "Startup Cost": 0.0,
                      "Total Cost": 42318.73,
                      "Plan Rows": 632073,
                      "Plan Width": 4,
                      "Actual Startup Time": 0.014,
                      "Actual Total Time": 64.947,
                      "Actual Rows": 505662,
                      "Actual Loops": 5
                    },
                    {
                      "Node Type": "Hash",
                      "Parent Relationship": "Inner",
                      "Parallel Aware": true,
                      "Startup Cost": 31414.82,
                      "Total Cost": 31414.82,
                      "Plan Rows": 188500,
                      "Plan Width": 4,
                      "Actual Startup Time": 100.459,
                      "Actual Total Time": 100.46,
                      "Actual Rows": 61961,
                      "Actual Loops": 5,
                      "Hash Buckets": 1048576,
                      "Original Hash Buckets": 1048576,
                      "Hash Batches": 1,
                      "Original Hash Batches": 1,
                      "Peak Memory Usage": 20384,
                      "Plans": [
                        {
                          "Node Type": "Seq Scan",
                          "Parent Relationship": "Outer",
                          "Parallel Aware": true,
                          "Relation Name": "movie_companies",
                          "Alias": "mc",
                          "Startup Cost": 0.0,
                          "Total Cost": 31414.82,
                          "Plan Rows": 188500,
                          "Plan Width": 4,
                          "Actual Startup Time": 20.871,
                          "Actual Total Time": 72.005,
                          "Actual Rows": 61961,
                          "Actual Loops": 5,
                          "Filter": "((company_id > 12496) AND (company_type_id = 1))",
                          "Rows Removed by Filter": 459864
                        }
                      ]
                    }
                  ]
                }
              ]
            }
          ]
        }
      ]
    },
    "Planning Time": 0.79,
    "Triggers": [],
    "Execution Time": 290.604
  }
]