{
  "Plan": {
    "Node Type": "Aggregate",
    "Strategy": "Plain",
    "Partial Mode": "Finalize",
    "Parallel Aware": false,
    "Startup Cost": 351831.51,
    "Total Cost": 351831.52,
    "Plan Rows": 1,
    "Plan Width": 8,
    "Actual Startup Time": 2220.724,
    "Actual Total Time": 2254.35,
    "Actual Rows": 1,
    "Actual Loops": 1,
    "Plans": [
      {
        "Node Type": "Gather",
        "Parent Relationship": "Outer",
        "Parallel Aware": false,
        "Startup Cost": 351831.4,
        "Total Cost": 351831.51,
        "Plan Rows": 1,
        "Plan Width": 8,
        "Actual Startup Time": 2212.347,
        "Actual Total Time": 2254.343,
        "Actual Rows": 2,
        "Actual Loops": 1,
        "Workers Planned": 1,
        "Workers Launched": 1,
        "Single Copy": false,
        "Plans": [
          {
            "Node Type": "Aggregate",
            "Strategy": "Plain",
            "Partial Mode": "Partial",
            "Parent Relationship": "Outer",
            "Parallel Aware": false,
            "Startup Cost": 350831.4,
            "Total Cost": 350831.41,
            "Plan Rows": 1,
            "Plan Width": 8,
            "Actual Startup Time": 2206.222,
            "Actual Total Time": 2206.227,
            "Actual Rows": 1,
            "Actual Loops": 2,
            "Plans": [
              {
                "Node Type": "Merge Join",
                "Parent Relationship": "Outer",
                "Parallel Aware": false,
                "Join Type": "Inner",
                "Startup Cost": 209503.59,
                "Total Cost": 349845.39,
                "Plan Rows": 394406,
                "Plan Width": 0,
                "Actual Startup Time": 1379.03,
                "Actual Total Time": 2114.7,
                "Actual Rows": 2409766,
                "Actual Loops": 2,
                "Inner Unique": false,
                "Merge Cond": "(mc.movie_id = t.id)",
                "Plans": [
                  {
                    "Node Type": "Index Only Scan",
                    "Parent Relationship": "Outer",
                    "Parallel Aware": true,
                    "Scan Direction": "Forward",
                    "Index Name": "movie_id_movie_companies",
                    "Relation Name": "movie_companies",
                    "Alias": "mc",
                    "Startup Cost": 0.43,
                    "Total Cost": 129315.97,
                    "Plan Rows": 1534782,
                    "Plan Width": 4,
                    "Actual Startup Time": 0.112,
                    "Actual Total Time": 331.633,
                    "Actual Rows": 1304564,
                    "Actual Loops": 2,
                    "Heap Fetches": 2609129
                  },
                  {
                    "Node Type": "Sort",
                    "Parent Relationship": "Inner",
                    "Parallel Aware": false,
                    "Startup Cost": 209503.1,
                    "Total Cost": 211127.39,
                    "Plan Rows": 649717,
                    "Plan Width": 8,
                    "Actual Startup Time": 1378.877,
                    "Actual Total Time": 1475.527,
                    "Actual Rows": 2828228,
                    "Actual Loops": 2,
                    "Sort Key": [
                      "mk.movie_id"
                    ],
                    "Sort Method": "quicksort",
                    "Sort Space Used": 59882,
                    "Sort Space Type": "Memory",
                    "Workers": [
                      {
                        "Worker Number": 0,
                        "Sort Method": "quicksort",
                        "Sort Space Used": 59882,
                        "Sort Space Type": "Memory"
                      }
                    ],
                    "Plans": [
                      {
                        "Node Type": "Hash Join",
                        "Parent Relationship": "Outer",
                        "Parallel Aware": false,
                        "Join Type": "Inner",
                        "Startup Cost": 110291.23,
                        "Total Cost": 146774.7,
                        "Plan Rows": 649717,
                        "Plan Width": 8,
                        "Actual Startup Time": 852.245,
                        "Actual Total Time": 1221.711,
                        "Actual Rows": 753178,
                        "Actual Loops": 2,
                        "Inner Unique": true,
                        "Hash Cond": "(mk.movie_id = t.id)",
                        "Plans": [
                          {
                            "Node Type": "Bitmap Heap Scan",
                            "Parent Relationship": "Outer",
                            "Parallel Aware": false,
                            "Relation Name": "movie_keyword",
                            "Alias": "mk",
                            "Startup Cost": 16872.29,
                            "Total Cost": 51268.01,
                            "Plan Rows": 795337,
                            "Plan Width": 4,
                            "Actual Startup Time": 67.493,
                            "Actual Total Time": 220.307,
                            "Actual Rows": 804289,
                            "Actual Loops": 2,
                            "Recheck Cond": "(keyword_id < 782)",
                            "Rows Removed by Index Recheck": 0,
                            "Exact Heap Blocks": 24300,
                            "Lossy Heap Blocks": 0,
                            "Plans": [
                              {
                                "Node Type": "Bitmap Index Scan",
                                "Parent Relationship": "Outer",
                                "Parallel Aware": false,
                                "Index Name": "keyword_id_movie_keyword",
                                "Startup Cost": 0.0,
                                "Total Cost": 16673.46,
                                "Plan Rows": 795337,
                                "Plan Width": 0,
                                "Actual Startup Time": 64.486,
                                "Actual Total Time": 64.487,
                                "Actual Rows": 804289,
                                "Actual Loops": 2,
                                "Index Cond": "(keyword_id < 782)"
                              }
                            ]
                          },
                          {
                            "Node Type": "Hash",
                            "Parent Relationship": "Inner",
                            "Parallel Aware": false,
                            "Startup Cost": 67601.66,
                            "Total Cost": 67601.66,
                            "Plan Rows": 2065382,
                            "Plan Width": 4,
                            "Actual Startup Time": 778.537,
                            "Actual Total Time": 778.539,
                            "Actual Rows": 2064552,
                            "Actual Loops": 2,
                            "Hash Buckets": 2097152,
                            "Original Hash Buckets": 2097152,
                            "Hash Batches": 1,
                            "Original Hash Batches": 1,
                            "Peak Memory Usage": 88966,
                            "Plans": [
                              {
                                "Node Type": "Seq Scan",
                                "Parent Relationship": "Outer",
                                "Parallel Aware": false,
                                "Relation Name": "title",
                                "Alias": "t",
                                "Startup Cost": 0.0,
                                "Total Cost": 67601.66,
                                "Plan Rows": 2065382,
                                "Plan Width": 4,
                                "Actual Startup Time": 0.034,
                                "Actual Total Time": 315.536,
                                "Actual Rows": 2064552,
                                "Actual Loops": 2,
                                "Filter": "(production_year < 2011)",
                                "Rows Removed by Filter": 463760
                              }
                            ]
                          }
                        ]
                      }
                    ]
                  }
                ]
              }
            ]
          }
        ]
      }
    ]
  },
  "Planning Time": 0.883,
  "Triggers": [],
  "Execution Time": 2267.954
}