[
  {
    "Plan": {
      "Node Type": "Aggregate",
      "Strategy": "Plain",
      "Partial Mode": "Finalize",
      "Parallel Aware": false,
      "Startup Cost": 77727.77,
      "Total Cost": 77727.78,
      "Plan Rows": 1,
      "Plan Width": 8,
      "Actual Startup Time": 245.778,
      "Actual Total Time": 263.382,
      "Actual Rows": 1,
      "Actual Loops": 1,
      "Plans": [
        {
          "Node Type": "Gather",
          "Parent Relationship": "Outer",
          "Parallel Aware": false,
          "Startup Cost": 77727.45,
          "Total Cost": 77727.76,
          "Plan Rows": 3,
          "Plan Width": 8,
          "Actual Startup Time": 245.401,
          "Actual Total Time": 263.371,
          "Actual Rows": 4,
          "Actual Loops": 1,
          "Workers Planned": 3,
          "Workers Launched": 3,
          "Single Copy": false,
          "Plans": [
            {
              "Node Type": "Aggregate",
              "Strategy": "Plain",
              "Partial Mode": "Partial",
              "Parent Relationship": "Outer",
              "Parallel Aware": false,
              "Startup Cost": 76727.45,
              "Total Cost": 76727.46,
              "Plan Rows": 1,
              "Plan Width": 8,
              "Actual Startup Time": 236.847,
              "Actual Total Time": 236.849,
              "Actual Rows": 1,
              "Actual Loops": 4,
              "Plans": [
                {
                  "Node Type": "Hash Join",
                  "Parent Relationship": "Outer",
                  "Parallel Aware": true,
                  "Join Type": "Inner",
                  "Startup Cost": 45581.67,
                  "Total Cost": 76705.04,
                  "Plan Rows": 8965,
                  "Plan Width": 0,
                  "Actual Startup Time": 109.437,
                  "Actual Total Time": 236.522,
                  "Actual Rows": 5051,
                  "Actual Loops": 4,
                  "Inner Unique": true,
                  "Hash Cond": "(mc.movie_id = t.id)",
                  "Plans": [
                    {
                      "Node Type": "Seq Scan",
                      "Parent Relationship": "Outer",
                      "Parallel Aware": true,
                      "Relation Name": "movie_companies",
                      "Alias": "mc",
                      "Startup Cost": 0.0,
                      "Total Cost": 29310.68,
                      "Plan Rows": 690547,
                      "Plan Width": 4,
                      "Actual Startup Time": 0.019,
                      "Actual Total Time": 74.925,
                      "Actual Rows": 533314,
                      "Actual Loops": 4,
                      "Filter": "(company_id < 75605)",
                      "Rows Removed by Filter": 118968
                    },
                    {
                      "Node Type": "Hash",
                      "Parent Relationship": "Inner",
                      "Parallel Aware": true,
                      "Startup Cost": 45479.1,
                      "Total Cost": 45479.1,
                      "Plan Rows": 8206,
                      "Plan Width": 4,
                      "Actual Startup Time": 107.693,
                      "Actual Total Time": 107.694,
                      "Actual Rows": 9877,
                      "Actual Loops": 4,
                      "Hash Buckets": 65536,
                      "Original Hash Buckets": 65536,
                      "Hash Batches": 1,
                      "Original Hash Batches": 1,
                      "Peak Memory Usage": 2144,
                      "Plans": [
                        {
                          "Node Type": "Seq Scan",
                          "Parent Relationship": "Outer",
                          "Parallel Aware": true,
                          "Relation Name": "title",
                          "Alias": "t",
                          "Startup Cost": 0.0,
                          "Total Cost": 45479.1,
                          "Plan Rows": 8206,
                          "Plan Width": 4,
                          "Actual Startup Time": 0.07,
                          "Actual Total Time": 102.425,
                          "Actual Rows": 9877,
                          "Actual Loops": 4,
                          "Filter": "((kind_id > 1) AND (production_year = 1998))",
                          "Rows Removed by Filter": 622201
                        }
                      ]
                    }
                  ]
                }
              ]
            }
          ]
        }
      ]
    },
    "Planning Time": 0.509,
    "Triggers": [],
    "Execution Time": 263.441
  }
]