{
  "Plan": {
    "Node Type": "Aggregate",
    "Strategy": "Plain",
    "Partial Mode": "Finalize",
    "Parallel Aware": false,
    "Startup Cost": 502603.65,
    "Total Cost": 502603.66,
    "Plan Rows": 1,
    "Plan Width": 8,
    "Actual Startup Time": 1501.221,
    "Actual Total Time": 1558.517,
    "Actual Rows": 1,
    "Actual Loops": 1,
    "Plans": [
      {
        "Node Type": "Gather",
        "Parent Relationship": "Outer",
        "Parallel Aware": false,
        "Startup Cost": 502603.54,
        "Total Cost": 502603.65,
        "Plan Rows": 1,
        "Plan Width": 8,
        "Actual Startup Time": 1500.894,
        "Actual Total Time": 1558.509,
        "Actual Rows": 2,
        "Actual Loops": 1,
        "Workers Planned": 1,
        "Workers Launched": 1,
        "Single Copy": false,
        "Plans": [
          {
            "Node Type": "Aggregate",
            "Strategy": "Plain",
            "Partial Mode": "Partial",
            "Parent Relationship": "Outer",
            "Parallel Aware": false,
            "Startup Cost": 501603.54,
            "Total Cost": 501603.55,
            "Plan Rows": 1,
            "Plan Width": 8,
            "Actual Startup Time": 1494.604,
            "Actual Total Time": 1494.609,
            "Actual Rows": 1,
            "Actual Loops": 2,
            "Plans": [
              {
                "Node Type": "Nested Loop",
                "Parent Relationship": "Outer",
                "Parallel Aware": false,
                "Join Type": "Inner",
                "Startup Cost": 39491.43,
                "Total Cost": 501130.37,
                "Plan Rows": 189270,
                "Plan Width": 0,
                "Actual Startup Time": 72.498,
                "Actual Total Time": 1490.462,
                "Actual Rows": 73442,
                "Actual Loops": 2,
                "Inner Unique": false,
                "Join Filter": "(t.id = mk.movie_id)",
                "Rows Removed by Join Filter": 0,
                "Plans": [
                  {
                    "Node Type": "Hash Join",
                    "Parent Relationship": "Outer",
                    "Parallel Aware": true,
                    "Join Type": "Inner",
                    "Startup Cost": 39490.99,
                    "Total Cost": 311274.48,
                    "Plan Rows": 105778,
                    "Plan Width": 8,
                    "Actual Startup Time": 72.238,
                    "Actual Total Time": 1407.273,
                    "Actual Rows": 11518,
                    "Actual Loops": 2,
                    "Inner Unique": true,
                    "Hash Cond": "(mi.movie_id = t.id)",
                    "Plans": [
                      {
                        "Node Type": "Seq Scan",
                        "Parent Relationship": "Outer",
                        "Parallel Aware": true,
                        "Relation Name": "movie_info",
                        "Alias": "mi",
                        "Startup Cost": 0.0,
                        "Total Cost": 248955.74,
                        "Plan Rows": 8696274,
                        "Plan Width": 4,
                        "Actual Startup Time": 0.012,
                        "Actual Total Time": 748.326,
                        "Actual Rows": 7417860,
                        "Actual Loops": 2
                      },
                      {
                        "Node Type": "Hash",
                        "Parent Relationship": "Inner",
                        "Parallel Aware": true,
                        "Startup Cost": 39264.87,
                        "Total Cost": 39264.87,
                        "Plan Rows": 18090,
                        "Plan Width": 4,
                        "Actual Startup Time": 53.744,
                        "Actual Total Time": 53.746,
                        "Actual Rows": 1562,
                        "Actual Loops": 2,
                        "Hash Buckets": 32768,
                        "Original Hash Buckets": 32768,
                        "Hash Batches": 1,
                        "Original Hash Batches": 1,
                        "Peak Memory Usage": 416,
                        "Plans": [
                          {
                            "Node Type": "Bitmap Heap Scan",
                            "Parent Relationship": "Outer",
                            "Parallel Aware": true,
                            "Relation Name": "title",
                            "Alias": "t",
                            "Startup Cost": 2188.63,
                            "Total Cost": 39264.87,
                            "Plan Rows": 18090,
                            "Plan Width": 4,
                            "Actual Startup Time": 19.294,
                            "Actual Total Time": 53.008,
                            "Actual Rows": 1562,
                            "Actual Loops": 2,
                            "Recheck Cond": "(kind_id = 4)",
                            "Rows Removed by Index Recheck": 0,
                            "Filter": "(production_year < 1988)",
                            "Rows Removed by Filter": 57554,
                            "Exact Heap Blocks": 11430,
                            "Lossy Heap Blocks": 0,
                            "Plans": [
                              {
                                "Node Type": "Bitmap Index Scan",
                                "Parent Relationship": "Outer",
                                "Parallel Aware": false,
                                "Index Name": "kind_id_title",
                                "Startup Cost": 0.0,
                                "Total Cost": 2180.94,
                                "Plan Rows": 122201,
                                "Plan Width": 0,
                                "Actual Startup Time": 20.042,
                                "Actual Total Time": 20.043,
                                "Actual Rows": 118234,
                                "Actual Loops": 1,
                                "Index Cond": "(kind_id = 4)"
                              }
                            ]
                          }
                        ]
                      }
                    ]
                  },
                  {
                    "Node Type": "Index Only Scan",
                    "Parent Relationship": "Inner",
                    "Parallel Aware": false,
                    "Scan Direction": "Forward",
                    "Index Name": "movie_id_movie_keyword",
                    "Relation Name": "movie_keyword",
                    "Alias": "mk",
                    "Startup Cost": 0.43,
                    "Total Cost": 1.23,
                    "Plan Rows": 45,
                    "Plan Width": 4,
                    "Actual Startup Time": 0.005,
                    "Actual Total Time": 0.006,
                    "Actual Rows": 6,
                    "Actual Loops": 23036,
                    "Index Cond": "(movie_id = mi.movie_id)",
                    "Rows Removed by Index Recheck": 0,
                    "Heap Fetches": 146883
                  }
                ]
              }
            ]
          }
        ]
      }
    ]
  },
  "Planning Time": 1.036,
  "Triggers": [],
  "Execution Time": 1558.639
}