[
  {
    "Plan": {
      "Node Type": "Aggregate",
      "Strategy": "Plain",
      "Partial Mode": "Finalize",
      "Parallel Aware": false,
      "Startup Cost": 365665.66,
      "Total Cost": 365665.67,
      "Plan Rows": 1,
      "Plan Width": 8,
      "Actual Startup Time": 662.129,
      "Actual Total Time": 683.451,
      "Actual Rows": 1,
      "Actual Loops": 1,
      "Plans": [
        {
          "Node Type": "Gather",
          "Parent Relationship": "Outer",
          "Parallel Aware": false,
          "Startup Cost": 365665.03,
          "Total Cost": 365665.64,
          "Plan Rows": 6,
          "Plan Width": 8,
          "Actual Startup Time": 653.84,
          "Actual Total Time": 683.433,
          "Actual Rows": 7,
          "Actual Loops": 1,
          "Workers Planned": 6,
          "Workers Launched": 6,
          "Single Copy": false,
          "Plans": [
            {
              "Node Type": "Aggregate",
              "Strategy": "Plain",
              "Partial Mode": "Partial",
              "Parent Relationship": "Outer",
              "Parallel Aware": false,
              "Startup Cost": 364665.03,
              "Total Cost": 364665.04,
              "Plan Rows": 1,
              "Plan Width": 8,
              "Actual Startup Time": 637.553,
              "Actual Total Time": 637.558,
              "Actual Rows": 1,
              "Actual Loops": 7,
              "Plans": [
                {
                  "Node Type": "Hash Join",
                  "Parent Relationship": "Outer",
                  "Parallel Aware": true,
                  "Join Type": "Inner",
                  "Startup Cost": 104590.37,
                  "Total Cost": 364364.59,
                  "Plan Rows": 120177,
                  "Plan Width": 0,
                  "Actual Startup Time": 404.299,
                  "Actual Total Time": 629.121,
                  "Actual Rows": 132357,
                  "Actual Loops": 7,
                  "Inner Unique": true,
                  "Hash Cond": "(ci.movie_id = t.id)",
                  "Plans": [
                    {
                      "Node Type": "Bitmap Heap Scan",
                      "Parent Relationship": "Outer",
                      "Parallel Aware": true,
                      "Relation Name": "cast_info",
                      "Alias": "ci",
                      "Startup Cost": 56735.77,
                      "Total Cost": 315879.8,
                      "Plan Rows": 240072,
                      "Plan Width": 4,
                      "Actual Startup Time": 201.88,
                      "Actual Total Time": 311.225,
                      "Actual Rows": 275988,
                      "Actual Loops": 7,
                      "Recheck Cond": "(person_id < 257610)",
                      "Rows Removed by Index Recheck": 0,
                      "Filter": "(role_id < 3)",
                      "Rows Removed by Filter": 107547,
                      "Exact Heap Blocks": 6707,
                      "Lossy Heap Blocks": 0,
                      "Plans": [
                        {
                          "Node Type": "Bitmap Index Scan",
                          "Parent Relationship": "Outer",
                          "Parallel Aware": false,
                          "Index Name": "person_id_cast_info",
                          "Startup Cost": 0.0,
                          "Total Cost": 56375.66,
                          "Plan Rows": 2582813,
                          "Plan Width": 0,
                          "Actual Startup Time": 194.387,
                          "Actual Total Time": 194.388,
                          "Actual Rows": 2684745,
                          "Actual Loops": 1,
                          "Index Cond": "(person_id < 257610)"
                        }
                      ]
                    },
                    {
                      "Node Type": "Hash",
                      "Parent Relationship": "Inner",
                      "Parallel Aware": true,
                      "Startup Cost": 43899.32,
                      "Total Cost": 43899.32,
                      "Plan Rows": 316422,
                      "Plan Width": 4,
                      "Actual Startup Time": 197.286,
                      "Actual Total Time": 197.288,
                      "Actual Rows": 180042,
                      "Actual Loops": 7,
                      "Hash Buckets": 2097152,
                      "Original Hash Buckets": 2097152,
                      "Hash Batches": 1,
                      "Original Hash Batches": 1,
                      "Peak Memory Usage": 65824,
                      "Plans": [
                        {
                          "Node Type": "Seq Scan",
                          "Parent Relationship": "Outer",
                          "Parallel Aware": true,
                          "Relation Name": "title",
                          "Alias": "t",
                          "Startup Cost": 0.0,
                          "Total Cost": 43899.32,
                          "Plan Rows": 316422,
                          "Plan Width": 4,
                          "Actual Startup Time": 0.055,
                          "Actual Total Time": 94.015,
                          "Actual Rows": 180042,
                          "Actual Loops": 7,
                          "Filter": "(production_year > 2002)",
                          "Rows Removed by Filter": 181145
                        }
                      ]
                    }
                  ]
                }
              ]
            }
          ]
        }
      ]
    },
    "Planning Time": 0.626,
    "Triggers": [],
    "Execution Time": 683.56
  }
]