{
    "Plan": {
        "Node Type": "Aggregate",
        "Strategy": "Plain",
        "Partial Mode": "Simple",
        "Parallel Aware": false,
        "Startup Cost": 33873.31,
        "Total Cost": 33873.32,
        "Plan Rows": 1,
        "Plan Width": 8,
        "Actual Startup Time": 143.04,
        "Actual Total Time": 143.044,
        "Actual Rows": 1,
        "Actual Loops": 1,
        "Output": [
            "count(*)"
        ],
        "Plans": [
            {
                "Node Type": "Nested Loop",
                "Parent Relationship": "Outer",
                "Parallel Aware": false,
                "Join Type": "Inner",
                "Startup Cost": 14289.64,
                "Total Cost": 33871.87,
                "Plan Rows": 577,
                "Plan Width": 0,
                "Actual Startup Time": 139.174,
                "Actual Total Time": 143.02,
                "Actual Rows": 193,
                "Actual Loops": 1,
                "Inner Unique": true,
                "Plans": [
                    {
                        "Node Type": "Hash Join",
                        "Parent Relationship": "Outer",
                        "Parallel Aware": false,
                        "Join Type": "Inner",
                        "Startup Cost": 14289.21,
                        "Total Cost": 32259.93,
                        "Plan Rows": 1545,
                        "Plan Width": 8,
                        "Actual Startup Time": 139.139,
                        "Actual Total Time": 142.178,
                        "Actual Rows": 193,
                        "Actual Loops": 1,
                        "Output": [
                            "ci.movie_id",
                            "mk.movie_id"
                        ],
                        "Inner Unique": false,
                        "Hash Cond": "(mk.movie_id = ci.movie_id)",
                        "Plans": [
                            {
                                "Node Type": "Index Scan",
                                "Parent Relationship": "Outer",
                                "Parallel Aware": false,
                                "Scan Direction": "Forward",
                                "Index Name": "keyword_id_movie_keyword",
                                "Relation Name": "movie_keyword",
                                "Schema": "public",
                                "Alias": "mk",
                                "Startup Cost": 0.43,
                                "Total Cost": 17714.4,
                                "Plan Rows": 4826,
                                "Plan Width": 4,
                                "Actual Startup Time": 0.198,
                                "Actual Total Time": 1.604,
                                "Actual Rows": 4343,
                                "Actual Loops": 1,
                                "Output": [
                                    "mk.id",
                                    "mk.movie_id",
                                    "mk.keyword_id"
                                ],
                                "Index Cond": "(mk.keyword_id = 29029)",
                                "Rows Removed by Index Recheck": 0
                            },
                            {
                                "Node Type": "Hash",
                                "Parent Relationship": "Inner",
                                "Parallel Aware": false,
                                "Startup Cost": 10512.44,
                                "Total Cost": 10512.44,
                                "Plan Rows": 302107,
                                "Plan Width": 4,
                                "Actual Startup Time": 132.222,
                                "Actual Total Time": 132.223,
                                "Actual Rows": 316118,
                                "Actual Loops": 1,
                                "Output": [
                                    "ci.movie_id"
                                ],
                                "Hash Buckets": 524288,
                                "Original Hash Buckets": 524288,
                                "Hash Batches": 1,
                                "Original Hash Batches": 1,
                                "Peak Memory Usage": 15210,
                                "Plans": [
                                    {
                                        "Node Type": "Index Scan",
                                        "Parent Relationship": "Outer",
                                        "Parallel Aware": false,
                                        "Scan Direction": "Forward",
                                        "Index Name": "role_id_cast_info",
                                        "Relation Name": "cast_info",
                                        "Schema": "public",
                                        "Alias": "ci",
                                        "Startup Cost": 0.56,
                                        "Total Cost": 10512.44,
                                        "Plan Rows": 302107,
                                        "Plan Width": 4,
                                        "Actual Startup Time": 0.064,
                                        "Actual Total Time": 61.03,
                                        "Actual Rows": 316118,
                                        "Actual Loops": 1,
                                        "Output": [
                                            "ci.movie_id"
                                        ],
                                        "Index Cond": "(ci.role_id > 10)",
                                        "Rows Removed by Index Recheck": 0
                                    }
                                ]
                            }
                        ]
                    },
                    {
                        "Node Type": "Index Only Scan",
                        "Parent Relationship": "Inner",
                        "Parallel Aware": false,
                        "Scan Direction": "Forward",
                        "Index Name": "title_pkey",
                        "Relation Name": "title",
                        "Schema": "public",
                        "Alias": "t",
                        "Startup Cost": 0.43,
                        "Total Cost": 1.04,
                        "Plan Rows": 1,
                        "Plan Width": 4,
                        "Actual Startup Time": 0.004,
                        "Actual Total Time": 0.004,
                        "Actual Rows": 1,
                        "Actual Loops": 193,
                        "Output": [
                            "t.id"
                        ],
                        "Index Cond": "(t.id = ci.movie_id)",
                        "Rows Removed by Index Recheck": 0,
                        "Heap Fetches": 193
                    }
                ]
            }
        ]
    },
    "Planning Time": 1.503,
    "Triggers": [],
    "Execution Time": 143.219
}