{
  "Plan": {
    "Node Type": "Aggregate",
    "Strategy": "Plain",
    "Partial Mode": "Finalize",
    "Parallel Aware": false,
    "Startup Cost": 133120.64,
    "Total Cost": 133120.65,
    "Plan Rows": 1,
    "Plan Width": 8,
    "Actual Startup Time": 900.666,
    "Actual Total Time": 916.417,
    "Actual Rows": 1,
    "Actual Loops": 1,
    "Plans": [
      {
        "Node Type": "Gather",
        "Parent Relationship": "Outer",
        "Parallel Aware": false,
        "Startup Cost": 133120.53,
        "Total Cost": 133120.64,
        "Plan Rows": 1,
        "Plan Width": 8,
        "Actual Startup Time": 897.883,
        "Actual Total Time": 916.409,
        "Actual Rows": 2,
        "Actual Loops": 1,
        "Workers Planned": 1,
        "Workers Launched": 1,
        "Single Copy": false,
        "Plans": [
          {
            "Node Type": "Aggregate",
            "Strategy": "Plain",
            "Partial Mode": "Partial",
            "Parent Relationship": "Outer",
            "Parallel Aware": false,
            "Startup Cost": 132120.53,
            "Total Cost": 132120.54,
            "Plan Rows": 1,
            "Plan Width": 8,
            "Actual Startup Time": 889.931,
            "Actual Total Time": 889.935,
            "Actual Rows": 1,
            "Actual Loops": 2,
            "Plans": [
              {
                "Node Type": "Hash Join",
                "Parent Relationship": "Outer",
                "Parallel Aware": true,
                "Join Type": "Inner",
                "Startup Cost": 69184.54,
                "Total Cost": 129888.16,
                "Plan Rows": 892949,
                "Plan Width": 0,
                "Actual Startup Time": 503.576,
                "Actual Total Time": 862.65,
                "Actual Rows": 712256,
                "Actual Loops": 2,
                "Inner Unique": true,
                "Hash Cond": "(mk.movie_id = t.id)",
                "Plans": [
                  {
                    "Node Type": "Seq Scan",
                    "Parent Relationship": "Outer",
                    "Parallel Aware": true,
                    "Relation Name": "movie_keyword",
                    "Alias": "mk",
                    "Startup Cost": 0.0,
                    "Total Cost": 57718.19,
                    "Plan Rows": 1137305,
                    "Plan Width": 4,
                    "Actual Startup Time": 0.016,
                    "Actual Total Time": 179.763,
                    "Actual Rows": 968576,
                    "Actual Loops": 2,
                    "Filter": "(keyword_id < 3337)",
                    "Rows Removed by Filter": 1293389
                  },
                  {
                    "Node Type": "Hash",
                    "Parent Relationship": "Inner",
                    "Parallel Aware": true,
                    "Startup Cost": 54588.39,
                    "Total Cost": 54588.39,
                    "Plan Rows": 1167692,
                    "Plan Width": 4,
                    "Actual Startup Time": 488.792,
                    "Actual Total Time": 488.793,
                    "Actual Rows": 988308,
                    "Actual Loops": 2,
                    "Hash Buckets": 2097152,
                    "Original Hash Buckets": 2097152,
                    "Hash Batches": 1,
                    "Original Hash Batches": 1,
                    "Peak Memory Usage": 93728,
                    "Plans": [
                      {
                        "Node Type": "Seq Scan",
                        "Parent Relationship": "Outer",
                        "Parallel Aware": true,
                        "Relation Name": "title",
                        "Alias": "t",
                        "Startup Cost": 0.0,
                        "Total Cost": 54588.39,
                        "Plan Rows": 1167692,
                        "Plan Width": 4,
                        "Actual Startup Time": 0.033,
                        "Actual Total Time": 184.126,
                        "Actual Rows": 988308,
                        "Actual Loops": 2,
                        "Filter": "(production_year > 1977)",
                        "Rows Removed by Filter": 275848
                      }
                    ]
                  }
                ]
              }
            ]
          }
        ]
      }
    ]
  },
  "Planning Time": 0.737,
  "Triggers": [],
  "Execution Time": 916.483
}