[
  {
    "Plan": {
      "Node Type": "Aggregate",
      "Strategy": "Plain",
      "Partial Mode": "Finalize",
      "Parallel Aware": false,
      "Startup Cost": 76064.4,
      "Total Cost": 76064.41,
      "Plan Rows": 1,
      "Plan Width": 8,
      "Actual Startup Time": 257.82,
      "Actual Total Time": 280.228,
      "Actual Rows": 1,
      "Actual Loops": 1,
      "Plans": [
        {
          "Node Type": "Gather",
          "Parent Relationship": "Outer",
          "Parallel Aware": false,
          "Startup Cost": 76064.08,
          "Total Cost": 76064.39,
          "Plan Rows": 3,
          "Plan Width": 8,
          "Actual Startup Time": 257.385,
          "Actual Total Time": 280.22,
          "Actual Rows": 4,
          "Actual Loops": 1,
          "Workers Planned": 3,
          "Workers Launched": 3,
          "Single Copy": false,
          "Plans": [
            {
              "Node Type": "Aggregate",
              "Strategy": "Plain",
              "Partial Mode": "Partial",
              "Parent Relationship": "Outer",
              "Parallel Aware": false,
              "Startup Cost": 75064.08,
              "Total Cost": 75064.09,
              "Plan Rows": 1,
              "Plan Width": 8,
              "Actual Startup Time": 250.574,
              "Actual Total Time": 250.578,
              "Actual Rows": 1,
              "Actual Loops": 4,
              "Plans": [
                {
                  "Node Type": "Hash Join",
                  "Parent Relationship": "Outer",
                  "Parallel Aware": true,
                  "Join Type": "Inner",
                  "Startup Cost": 45612.74,
                  "Total Cost": 75028.63,
                  "Plan Rows": 14183,
                  "Plan Width": 0,
                  "Actual Startup Time": 109.162,
                  "Actual Total Time": 250.354,
                  "Actual Rows": 3607,
                  "Actual Loops": 4,
                  "Inner Unique": true,
                  "Hash Cond": "(mc.movie_id = t.id)",
                  "Plans": [
                    {
                      "Node Type": "Seq Scan",
                      "Parent Relationship": "Outer",
                      "Parallel Aware": true,
                      "Relation Name": "movie_companies",
                      "Alias": "mc",
                      "Startup Cost": 0.0,
                      "Total Cost": 27206.55,
                      "Plan Rows": 841655,
                      "Plan Width": 4,
                      "Actual Startup Time": 0.015,
                      "Actual Total Time": 66.534,
                      "Actual Rows": 652282,
                      "Actual Loops": 4
                    },
                    {
                      "Node Type": "Hash",
                      "Parent Relationship": "Inner",
                      "Parallel Aware": true,
                      "Startup Cost": 45479.59,
                      "Total Cost": 45479.59,
                      "Plan Rows": 10652,
                      "Plan Width": 4,
                      "Actual Startup Time": 108.251,
                      "Actual Total Time": 108.252,
                      "Actual Rows": 10963,
                      "Actual Loops": 4,
                      "Hash Buckets": 65536,
                      "Original Hash Buckets": 65536,
                      "Hash Batches": 1,
                      "Original Hash Batches": 1,
                      "Peak Memory Usage": 2304,
                      "Plans": [
                        {
                          "Node Type": "Seq Scan",
                          "Parent Relationship": "Outer",
                          "Parallel Aware": true,
                          "Relation Name": "title",
                          "Alias": "t",
                          "Startup Cost": 0.0,
                          "Total Cost": 45479.59,
                          "Plan Rows": 10652,
                          "Plan Width": 4,
                          "Actual Startup Time": 0.045,
                          "Actual Total Time": 103.268,
                          "Actual Rows": 10963,
                          "Actual Loops": 4,
                          "Filter": "((kind_id = 7) AND (production_year = 2003))",
                          "Rows Removed by Filter": 621115
                        }
                      ]
                    }
                  ]
                }
              ]
            }
          ]
        }
      ]
    },
    "Planning Time": 0.294,
    "Triggers": [],
    "Execution Time": 280.265
  }
]