[
  {
    "Plan": {
      "Node Type": "Aggregate",
      "Strategy": "Plain",
      "Partial Mode": "Finalize",
      "Parallel Aware": false,
      "Startup Cost": 378849.69,
      "Total Cost": 378849.7,
      "Plan Rows": 1,
      "Plan Width": 8,
      "Actual Startup Time": 1621.328,
      "Actual Total Time": 1669.831,
      "Actual Rows": 1,
      "Actual Loops": 1,
      "Plans": [
        {
          "Node Type": "Gather",
          "Parent Relationship": "Outer",
          "Parallel Aware": false,
          "Startup Cost": 378849.07,
          "Total Cost": 378849.68,
          "Plan Rows": 6,
          "Plan Width": 8,
          "Actual Startup Time": 1618.31,
          "Actual Total Time": 1669.816,
          "Actual Rows": 7,
          "Actual Loops": 1,
          "Workers Planned": 6,
          "Workers Launched": 6,
          "Single Copy": false,
          "Plans": [
            {
              "Node Type": "Aggregate",
              "Strategy": "Plain",
              "Partial Mode": "Partial",
              "Parent Relationship": "Outer",
              "Parallel Aware": false,
              "Startup Cost": 377849.07,
              "Total Cost": 377849.08,
              "Plan Rows": 1,
              "Plan Width": 8,
              "Actual Startup Time": 1609.317,
              "Actual Total Time": 1609.322,
              "Actual Rows": 1,
              "Actual Loops": 7,
              "Plans": [
                {
                  "Node Type": "Hash Join",
                  "Parent Relationship": "Outer",
                  "Parallel Aware": true,
                  "Join Type": "Inner",
                  "Startup Cost": 46648.26,
                  "Total Cost": 375614.92,
                  "Plan Rows": 893660,
                  "Plan Width": 0,
                  "Actual Startup Time": 98.402,
                  "Actual Total Time": 1570.011,
                  "Actual Rows": 721290,
                  "Actual Loops": 7,
                  "Inner Unique": true,
                  "Hash Cond": "(ci.movie_id = t.id)",
                  "Plans": [
                    {
                      "Node Type": "Seq Scan",
                      "Parent Relationship": "Outer",
                      "Parallel Aware": true,
                      "Relation Name": "cast_info",
                      "Alias": "ci",
                      "Startup Cost": 0.0,
                      "Total Cost": 313106.51,
                      "Plan Rows": 6041951,
                      "Plan Width": 4,
                      "Actual Startup Time": 0.033,
                      "Actual Total Time": 568.099,
                      "Actual Rows": 5177763,
                      "Actual Loops": 7
                    },
                    {
                      "Node Type": "Hash",
                      "Parent Relationship": "Inner",
                      "Parallel Aware": true,
                      "Startup Cost": 45479.59,
                      "Total Cost": 45479.59,
                      "Plan Rows": 93494,
                      "Plan Width": 4,
                      "Actual Startup Time": 96.433,
                      "Actual Total Time": 96.434,
                      "Actual Rows": 42875,
                      "Actual Loops": 7,
                      "Hash Buckets": 524288,
                      "Original Hash Buckets": 524288,
                      "Hash Batches": 1,
                      "Original Hash Batches": 1,
                      "Peak Memory Usage": 15968,
                      "Plans": [
                        {
                          "Node Type": "Seq Scan",
                          "Parent Relationship": "Outer",
                          "Parallel Aware": true,
                          "Relation Name": "title",
                          "Alias": "t",
                          "Startup Cost": 0.0,
                          "Total Cost": 45479.59,
                          "Plan Rows": 93494,
                          "Plan Width": 4,
                          "Actual Startup Time": 0.061,
                          "Actual Total Time": 75.611,
                          "Actual Rows": 42875,
                          "Actual Loops": 7,
                          "Filter": "((kind_id < 4) AND (production_year > 2004))",
                          "Rows Removed by Filter": 318313
                        }
                      ]
                    }
                  ]
                }
              ]
            }
          ]
        }
      ]
    },
    "Planning Time": 0.252,
    "Triggers": [],
    "Execution Time": 1669.885
  }
]