[
  {
    "Plan": {
      "Node Type": "Aggregate",
      "Strategy": "Plain",
      "Partial Mode": "Finalize",
      "Parallel Aware": false,
      "Startup Cost": 9679.5,
      "Total Cost": 9679.51,
      "Plan Rows": 1,
      "Plan Width": 8,
      "Actual Startup Time": 38.995,
      "Actual Total Time": 41.42,
      "Actual Rows": 1,
      "Actual Loops": 1,
      "Plans": [
        {
          "Node Type": "Gather",
          "Parent Relationship": "Outer",
          "Parallel Aware": false,
          "Startup Cost": 9679.19,
          "Total Cost": 9679.5,
          "Plan Rows": 3,
          "Plan Width": 8,
          "Actual Startup Time": 38.923,
          "Actual Total Time": 41.414,
          "Actual Rows": 4,
          "Actual Loops": 1,
          "Workers Planned": 3,
          "Workers Launched": 3,
          "Single Copy": false,
          "Plans": [
            {
              "Node Type": "Aggregate",
              "Strategy": "Plain",
              "Partial Mode": "Partial",
              "Parent Relationship": "Outer",
              "Parallel Aware": false,
              "Startup Cost": 8679.19,
              "Total Cost": 8679.2,
              "Plan Rows": 1,
              "Plan Width": 8,
              "Actual Startup Time": 31.953,
              "Actual Total Time": 31.953,
              "Actual Rows": 1,
              "Actual Loops": 4,
              "Plans": [
                {
                  "Node Type": "Index Scan",
                  "Parent Relationship": "Outer",
                  "Parallel Aware": true,
                  "Scan Direction": "Forward",
                  "Index Name": "role_id_cast_info",
                  "Relation Name": "cast_info",
                  "Alias": "ci",
                  "Startup Cost": 0.56,
                  "Total Cost": 8600.37,
                  "Plan Rows": 31526,
                  "Plan Width": 0,
                  "Actual Startup Time": 0.198,
                  "Actual Total Time": 27.193,
                  "Actual Rows": 58576,
                  "Actual Loops": 4,
                  "Index Cond": "(role_id > 10)",
                  "Rows Removed by Index Recheck": 0,
                  "Filter": "(person_id > 2508980)",
                  "Rows Removed by Filter": 20453
                }
              ]
            }
          ]
        }
      ]
    },
    "Planning Time": 0.188,
    "Triggers": [],
    "Execution Time": 41.471
  }
]