[
  {
    "Plan": {
      "Node Type": "Aggregate",
      "Strategy": "Plain",
      "Partial Mode": "Finalize",
      "Parallel Aware": false,
      "Startup Cost": 334655.81,
      "Total Cost": 334655.82,
      "Plan Rows": 1,
      "Plan Width": 8,
      "Actual Startup Time": 652.638,
      "Actual Total Time": 709.879,
      "Actual Rows": 1,
      "Actual Loops": 1,
      "Plans": [
        {
          "Node Type": "Gather",
          "Parent Relationship": "Outer",
          "Parallel Aware": false,
          "Startup Cost": 334655.18,
          "Total Cost": 334655.79,
          "Plan Rows": 6,
          "Plan Width": 8,
          "Actual Startup Time": 652.495,
          "Actual Total Time": 709.867,
          "Actual Rows": 7,
          "Actual Loops": 1,
          "Workers Planned": 6,
          "Workers Launched": 6,
          "Single Copy": false,
          "Plans": [
            {
              "Node Type": "Aggregate",
              "Strategy": "Plain",
              "Partial Mode": "Partial",
              "Parent Relationship": "Outer",
              "Parallel Aware": false,
              "Startup Cost": 333655.18,
              "Total Cost": 333655.2,
              "Plan Rows": 1,
              "Plan Width": 8,
              "Actual Startup Time": 643.712,
              "Actual Total Time": 643.713,
              "Actual Rows": 1,
              "Actual Loops": 7,
              "Plans": [
                {
                  "Node Type": "Seq Scan",
                  "Parent Relationship": "Outer",
                  "Parallel Aware": true,
                  "Relation Name": "cast_info",
                  "Alias": "ci",
                  "Startup Cost": 0.0,
                  "Total Cost": 328162.03,
                  "Plan Rows": 2197264,
                  "Plan Width": 0,
                  "Actual Startup Time": 0.052,
                  "Actual Total Time": 561.573,
                  "Actual Rows": 1883647,
                  "Actual Loops": 7,
                  "Filter": "(person_id < 1301548)",
                  "Rows Removed by Filter": 3294116
                }
              ]
            }
          ]
        }
      ]
    },
    "Planning Time": 0.172,
    "Triggers": [],
    "Execution Time": 709.946
  }
]