[
  {
    "Plan": {
      "Node Type": "Aggregate",
      "Strategy": "Plain",
      "Partial Mode": "Finalize",
      "Parallel Aware": false,
      "Startup Cost": 81388.98,
      "Total Cost": 81388.99,
      "Plan Rows": 1,
      "Plan Width": 8,
      "Actual Startup Time": 469.295,
      "Actual Total Time": 485.518,
      "Actual Rows": 1,
      "Actual Loops": 1,
      "Plans": [
        {
          "Node Type": "Gather",
          "Parent Relationship": "Outer",
          "Parallel Aware": false,
          "Startup Cost": 81388.66,
          "Total Cost": 81388.97,
          "Plan Rows": 3,
          "Plan Width": 8,
          "Actual Startup Time": 460.519,
          "Actual Total Time": 485.508,
          "Actual Rows": 4,
          "Actual Loops": 1,
          "Workers Planned": 3,
          "Workers Launched": 3,
          "Single Copy": false,
          "Plans": [
            {
              "Node Type": "Aggregate",
              "Strategy": "Plain",
              "Partial Mode": "Partial",
              "Parent Relationship": "Outer",
              "Parallel Aware": false,
              "Startup Cost": 80388.66,
              "Total Cost": 80388.67,
              "Plan Rows": 1,
              "Plan Width": 8,
              "Actual Startup Time": 440.901,
              "Actual Total Time": 440.905,
              "Actual Rows": 1,
              "Actual Loops": 4,
              "Plans": [
                {
                  "Node Type": "Hash Join",
                  "Parent Relationship": "Outer",
                  "Parallel Aware": true,
                  "Join Type": "Inner",
                  "Startup Cost": 54726.69,
                  "Total Cost": 80217.32,
                  "Plan Rows": 68537,
                  "Plan Width": 0,
                  "Actual Startup Time": 365.062,
                  "Actual Total Time": 438.228,
                  "Actual Rows": 55527,
                  "Actual Loops": 4,
                  "Inner Unique": true,
                  "Hash Cond": "(mk.movie_id = t.id)",
                  "Plans": [
                    {
                      "Node Type": "Bitmap Heap Scan",
                      "Parent Relationship": "Outer",
                      "Parallel Aware": true,
                      "Relation Name": "movie_keyword",
                      "Alias": "mk",
                      "Startup Cost": 4507.04,
                      "Total Cost": 29817.76,
                      "Plan Rows": 68537,
                      "Plan Width": 4,
                      "Actual Startup Time": 14.79,
                      "Actual Total Time": 57.538,
                      "Actual Rows": 55527,
                      "Actual Loops": 4,
                      "Recheck Cond": "(keyword_id < 178)",
                      "Rows Removed by Index Recheck": 0,
                      "Exact Heap Blocks": 7916,
                      "Lossy Heap Blocks": 0,
                      "Plans": [
                        {
                          "Node Type": "Bitmap Index Scan",
                          "Parent Relationship": "Outer",
                          "Parallel Aware": false,
                          "Index Name": "keyword_id_movie_keyword",
                          "Startup Cost": 0.0,
                          "Total Cost": 4453.93,
                          "Plan Rows": 212466,
                          "Plan Width": 0,
                          "Actual Startup Time": 11.293,
                          "Actual Total Time": 11.293,
                          "Actual Rows": 222109,
                          "Actual Loops": 1,
                          "Index Cond": "(keyword_id < 178)"
                        }
                      ]
                    },
                    {
                      "Node Type": "Hash",
                      "Parent Relationship": "Inner",
                      "Parallel Aware": true,
                      "Startup Cost": 42318.73,
                      "Total Cost": 42318.73,
                      "Plan Rows": 632073,
                      "Plan Width": 4,
                      "Actual Startup Time": 338.648,
                      "Actual Total Time": 338.649,
                      "Actual Rows": 632078,
                      "Actual Loops": 4,
                      "Hash Buckets": 4194304,
                      "Original Hash Buckets": 4194304,
                      "Hash Batches": 1,
                      "Original Hash Batches": 1,
                      "Peak Memory Usage": 131744,
                      "Plans": [
                        {
                          "Node Type": "Seq Scan",
                          "Parent Relationship": "Outer",
                          "Parallel Aware": true,
                          "Relation Name": "title",
                          "Alias": "t",
                          "Startup Cost": 0.0,
                          "Total Cost": 42318.73,
                          "Plan Rows": 632073,
                          "Plan Width": 4,
                          "Actual Startup Time": 0.04,
                          "Actual Total Time": 99.141,
                          "Actual Rows": 632078,
                          "Actual Loops": 4
                        }
                      ]
                    }
                  ]
                }
              ]
            }
          ]
        }
      ]
    },
    "Planning Time": 0.616,
    "Triggers": [],
    "Execution Time": 485.612
  }
]