{
  "Plan": {
    "Node Type": "Aggregate",
    "Strategy": "Plain",
    "Partial Mode": "Finalize",
    "Parallel Aware": false,
    "Startup Cost": 42710.12,
    "Total Cost": 42710.13,
    "Plan Rows": 1,
    "Plan Width": 8,
    "Actual Startup Time": 41.629,
    "Actual Total Time": 47.408,
    "Actual Rows": 1,
    "Actual Loops": 1,
    "Plans": [
      {
        "Node Type": "Gather",
        "Parent Relationship": "Outer",
        "Parallel Aware": false,
        "Startup Cost": 42710.01,
        "Total Cost": 42710.12,
        "Plan Rows": 1,
        "Plan Width": 8,
        "Actual Startup Time": 41.518,
        "Actual Total Time": 47.403,
        "Actual Rows": 2,
        "Actual Loops": 1,
        "Workers Planned": 1,
        "Workers Launched": 1,
        "Single Copy": false,
        "Plans": [
          {
            "Node Type": "Aggregate",
            "Strategy": "Plain",
            "Partial Mode": "Partial",
            "Parent Relationship": "Outer",
            "Parallel Aware": false,
            "Startup Cost": 41710.01,
            "Total Cost": 41710.02,
            "Plan Rows": 1,
            "Plan Width": 8,
            "Actual Startup Time": 35.761,
            "Actual Total Time": 35.763,
            "Actual Rows": 1,
            "Actual Loops": 2,
            "Plans": [
              {
                "Node Type": "Nested Loop",
                "Parent Relationship": "Outer",
                "Parallel Aware": false,
                "Join Type": "Inner",
                "Startup Cost": 139.11,
                "Total Cost": 41700.48,
                "Plan Rows": 3814,
                "Plan Width": 0,
                "Actual Startup Time": 1.998,
                "Actual Total Time": 35.342,
                "Actual Rows": 3250,
                "Actual Loops": 2,
                "Inner Unique": true,
                "Plans": [
                  {
                    "Node Type": "Bitmap Heap Scan",
                    "Parent Relationship": "Outer",
                    "Parallel Aware": true,
                    "Relation Name": "movie_keyword",
                    "Alias": "mk",
                    "Startup Cost": 138.68,
                    "Total Cost": 14778.02,
                    "Plan Rows": 3814,
                    "Plan Width": 4,
                    "Actual Startup Time": 1.85,
                    "Actual Total Time": 9.709,
                    "Actual Rows": 3250,
                    "Actual Loops": 2,
                    "Recheck Cond": "(keyword_id = 355)",
                    "Rows Removed by Index Recheck": 0,
                    "Exact Heap Blocks": 3678,
                    "Lossy Heap Blocks": 0,
                    "Plans": [
                      {
                        "Node Type": "Bitmap Index Scan",
                        "Parent Relationship": "Outer",
                        "Parallel Aware": false,
                        "Index Name": "keyword_id_movie_keyword",
                        "Startup Cost": 0.0,
                        "Total Cost": 137.06,
                        "Plan Rows": 6484,
                        "Plan Width": 0,
                        "Actual Startup Time": 2.283,
                        "Actual Total Time": 2.283,
                        "Actual Rows": 6501,
                        "Actual Loops": 1,
                        "Index Cond": "(keyword_id = 355)"
                      }
                    ]
                  },
                  {
                    "Node Type": "Index Only Scan",
                    "Parent Relationship": "Inner",
                    "Parallel Aware": false,
                    "Scan Direction": "Forward",
                    "Index Name": "title_pkey",
                    "Relation Name": "title",
                    "Alias": "t",
                    "Startup Cost": 0.43,
                    "Total Cost": 7.06,
                    "Plan Rows": 1,
                    "Plan Width": 4,
                    "Actual Startup Time": 0.007,
                    "Actual Total Time": 0.007,
                    "Actual Rows": 1,
                    "Actual Loops": 6501,
                    "Index Cond": "(id = mk.movie_id)",
                    "Rows Removed by Index Recheck": 0,
                    "Heap Fetches": 6501
                  }
                ]
              }
            ]
          }
        ]
      }
    ]
  },
  "Planning Time": 0.399,
  "Triggers": [],
  "Execution Time": 47.465
}