[
    {
        "Bao": {
            "Bao prediction": "NaN",
            "Bao recommended hint": "(no hint)"
        }
    },
    {
        "Plan": {
            "Node Type": "Aggregate",
            "Strategy": "Plain",
            "Partial Mode": "Finalize",
            "Parallel Aware": false,
            "Startup Cost": 350639.97,
            "Total Cost": 350639.98,
            "Plan Rows": 1,
            "Plan Width": 8,
            "Actual Startup Time": 721.635,
            "Actual Total Time": 752.526,
            "Actual Rows": 1,
            "Actual Loops": 1,
            "Output": [
                "count(*)"
            ],
            "Plans": [
                {
                    "Node Type": "Gather",
                    "Parent Relationship": "Outer",
                    "Parallel Aware": false,
                    "Startup Cost": 350639.35,
                    "Total Cost": 350639.96,
                    "Plan Rows": 6,
                    "Plan Width": 8,
                    "Actual Startup Time": 721.524,
                    "Actual Total Time": 752.517,
                    "Actual Rows": 7,
                    "Actual Loops": 1,
                    "Output": [
                        "(PARTIAL count(*))"
                    ],
                    "Workers Planned": 6,
                    "Workers Launched": 6,
                    "Single Copy": false,
                    "Plans": [
                        {
                            "Node Type": "Aggregate",
                            "Strategy": "Plain",
                            "Partial Mode": "Partial",
                            "Parent Relationship": "Outer",
                            "Parallel Aware": false,
                            "Startup Cost": 349639.35,
                            "Total Cost": 349639.36,
                            "Plan Rows": 1,
                            "Plan Width": 8,
                            "Actual Startup Time": 711.348,
                            "Actual Total Time": 711.35,
                            "Actual Rows": 1,
                            "Actual Loops": 7,
                            "Output": [
                                "PARTIAL count(*)"
                            ],
                            "Workers": [
                                {
                                    "Worker Number": 0,
                                    "Actual Startup Time": 708.952,
                                    "Actual Total Time": 708.953,
                                    "Actual Rows": 1,
                                    "Actual Loops": 1
                                },
                                {
                                    "Worker Number": 1,
                                    "Actual Startup Time": 709.246,
                                    "Actual Total Time": 709.248,
                                    "Actual Rows": 1,
                                    "Actual Loops": 1
                                },
                                {
                                    "Worker Number": 2,
                                    "Actual Startup Time": 709.109,
                                    "Actual Total Time": 709.11,
                                    "Actual Rows": 1,
                                    "Actual Loops": 1
                                },
                                {
                                    "Worker Number": 3,
                                    "Actual Startup Time": 710.038,
                                    "Actual Total Time": 710.039,
                                    "Actual Rows": 1,
                                    "Actual Loops": 1
                                },
                                {
                                    "Worker Number": 4,
                                    "Actual Startup Time": 710.211,
                                    "Actual Total Time": 710.213,
                                    "Actual Rows": 1,
                                    "Actual Loops": 1
                                },
                                {
                                    "Worker Number": 5,
                                    "Actual Startup Time": 710.769,
                                    "Actual Total Time": 710.77,
                                    "Actual Rows": 1,
                                    "Actual Loops": 1
                                }
                            ],
                            "Plans": [
                                {
                                    "Node Type": "Seq Scan",
                                    "Parent Relationship": "Outer",
                                    "Parallel Aware": true,
                                    "Relation Name": "cast_info",
                                    "Schema": "public",
                                    "Alias": "ci",
                                    "Startup Cost": 0.0,
                                    "Total Cost": 343318.94,
                                    "Plan Rows": 2528164,
                                    "Plan Width": 0,
                                    "Actual Startup Time": 218.873,
                                    "Actual Total Time": 636.979,
                                    "Actual Rows": 1513933,
                                    "Actual Loops": 7,
                                    "Output": [
                                        "id",
                                        "person_id",
                                        "movie_id",
                                        "person_role_id",
                                        "note",
                                        "nr_order",
                                        "role_id"
                                    ],
                                    "Filter": "((ci.person_id < 2379378) AND (ci.role_id > 1))",
                                    "Rows Removed by Filter": 3663830,
                                    "Workers": [
                                        {
                                            "Worker Number": 0,
                                            "Actual Startup Time": 216.459,
                                            "Actual Total Time": 634.431,
                                            "Actual Rows": 1655047,
                                            "Actual Loops": 1
                                        },
                                        {
                                            "Worker Number": 1,
                                            "Actual Startup Time": 216.777,
                                            "Actual Total Time": 637.454,
                                            "Actual Rows": 1240720,
                                            "Actual Loops": 1
                                        },
                                        {
                                            "Worker Number": 2,
                                            "Actual Startup Time": 216.632,
                                            "Actual Total Time": 634.482,
                                            "Actual Rows": 1111642,
                                            "Actual Loops": 1
                                        },
                                        {
                                            "Worker Number": 3,
                                            "Actual Startup Time": 217.57,
                                            "Actual Total Time": 639.458,
                                            "Actual Rows": 1708948,
                                            "Actual Loops": 1
                                        },
                                        {
                                            "Worker Number": 4,
                                            "Actual Startup Time": 217.739,
                                            "Actual Total Time": 635.348,
                                            "Actual Rows": 1116689,
                                            "Actual Loops": 1
                                        },
                                        {
                                            "Worker Number": 5,
                                            "Actual Startup Time": 218.291,
                                            "Actual Total Time": 640.505,
                                            "Actual Rows": 1705308,
                                            "Actual Loops": 1
                                        }
                                    ]
                                }
                            ]
                        }
                    ]
                }
            ]
        },
        "Planning Time": 228.441,
        "Triggers": [],
        "Execution Time": 752.585
    }
]