[
  {
    "Plan": {
      "Node Type": "Aggregate",
      "Strategy": "Plain",
      "Partial Mode": "Finalize",
      "Parallel Aware": false,
      "Startup Cost": 334482.12,
      "Total Cost": 334482.14,
      "Plan Rows": 1,
      "Plan Width": 8,
      "Actual Startup Time": 381.807,
      "Actual Total Time": 402.311,
      "Actual Rows": 1,
      "Actual Loops": 1,
      "Plans": [
        {
          "Node Type": "Gather",
          "Parent Relationship": "Outer",
          "Parallel Aware": false,
          "Startup Cost": 334481.5,
          "Total Cost": 334482.11,
          "Plan Rows": 6,
          "Plan Width": 8,
          "Actual Startup Time": 381.717,
          "Actual Total Time": 402.299,
          "Actual Rows": 7,
          "Actual Loops": 1,
          "Workers Planned": 6,
          "Workers Launched": 6,
          "Single Copy": false,
          "Plans": [
            {
              "Node Type": "Aggregate",
              "Strategy": "Plain",
              "Partial Mode": "Partial",
              "Parent Relationship": "Outer",
              "Parallel Aware": false,
              "Startup Cost": 333481.5,
              "Total Cost": 333481.51,
              "Plan Rows": 1,
              "Plan Width": 8,
              "Actual Startup Time": 372.593,
              "Actual Total Time": 372.594,
              "Actual Rows": 1,
              "Actual Loops": 7,
              "Plans": [
                {
                  "Node Type": "Index Scan",
                  "Parent Relationship": "Outer",
                  "Parallel Aware": true,
                  "Scan Direction": "Forward",
                  "Index Name": "role_id_cast_info",
                  "Relation Name": "cast_info",
                  "Alias": "ci",
                  "Startup Cost": 0.56,
                  "Total Cost": 331632.96,
                  "Plan Rows": 739416,
                  "Plan Width": 0,
                  "Actual Startup Time": 0.201,
                  "Actual Total Time": 353.699,
                  "Actual Rows": 373805,
                  "Actual Loops": 7,
                  "Index Cond": "(role_id > 3)",
                  "Rows Removed by Index Recheck": 0,
                  "Filter": "(person_id < 1285889)",
                  "Rows Removed by Filter": 1356716
                }
              ]
            }
          ]
        }
      ]
    },
    "Planning Time": 0.171,
    "Triggers": [],
    "Execution Time": 402.363
  }
]