{
  "Plan": {
    "Node Type": "Aggregate",
    "Strategy": "Plain",
    "Partial Mode": "Finalize",
    "Parallel Aware": false,
    "Startup Cost": 133089.77,
    "Total Cost": 133089.78,
    "Plan Rows": 1,
    "Plan Width": 8,
    "Actual Startup Time": 835.126,
    "Actual Total Time": 854.328,
    "Actual Rows": 1,
    "Actual Loops": 1,
    "Plans": [
      {
        "Node Type": "Gather",
        "Parent Relationship": "Outer",
        "Parallel Aware": false,
        "Startup Cost": 133089.66,
        "Total Cost": 133089.77,
        "Plan Rows": 1,
        "Plan Width": 8,
        "Actual Startup Time": 831.182,
        "Actual Total Time": 854.319,
        "Actual Rows": 2,
        "Actual Loops": 1,
        "Workers Planned": 1,
        "Workers Launched": 1,
        "Single Copy": false,
        "Plans": [
          {
            "Node Type": "Aggregate",
            "Strategy": "Plain",
            "Partial Mode": "Partial",
            "Parent Relationship": "Outer",
            "Parallel Aware": false,
            "Startup Cost": 132089.66,
            "Total Cost": 132089.67,
            "Plan Rows": 1,
            "Plan Width": 8,
            "Actual Startup Time": 823.67,
            "Actual Total Time": 823.674,
            "Actual Rows": 1,
            "Actual Loops": 2,
            "Plans": [
              {
                "Node Type": "Hash Join",
                "Parent Relationship": "Outer",
                "Parallel Aware": true,
                "Join Type": "Inner",
                "Startup Cost": 66154.69,
                "Total Cost": 129733.38,
                "Plan Rows": 942513,
                "Plan Width": 0,
                "Actual Startup Time": 385.052,
                "Actual Total Time": 813.594,
                "Actual Rows": 208194,
                "Actual Loops": 2,
                "Inner Unique": true,
                "Hash Cond": "(mk.movie_id = t.id)",
                "Plans": [
                  {
                    "Node Type": "Seq Scan",
                    "Parent Relationship": "Outer",
                    "Parallel Aware": true,
                    "Relation Name": "movie_keyword",
                    "Alias": "mk",
                    "Startup Cost": 0.0,
                    "Total Cost": 57718.19,
                    "Plan Rows": 2232565,
                    "Plan Width": 4,
                    "Actual Startup Time": 0.055,
                    "Actual Total Time": 234.99,
                    "Actual Rows": 1893122,
                    "Actual Loops": 2,
                    "Filter": "(keyword_id > 661)",
                    "Rows Removed by Filter": 368842
                  },
                  {
                    "Node Type": "Hash",
                    "Parent Relationship": "Inner",
                    "Parallel Aware": true,
                    "Startup Cost": 58306.47,
                    "Total Cost": 58306.47,
                    "Plan Rows": 627858,
                    "Plan Width": 4,
                    "Actual Startup Time": 370.328,
                    "Actual Total Time": 370.329,
                    "Actual Rows": 581636,
                    "Actual Loops": 2,
                    "Hash Buckets": 2097152,
                    "Original Hash Buckets": 2097152,
                    "Hash Batches": 1,
                    "Original Hash Batches": 1,
                    "Peak Memory Usage": 61920,
                    "Plans": [
                      {
                        "Node Type": "Seq Scan",
                        "Parent Relationship": "Outer",
                        "Parallel Aware": true,
                        "Relation Name": "title",
                        "Alias": "t",
                        "Startup Cost": 0.0,
                        "Total Cost": 58306.47,
                        "Plan Rows": 627858,
                        "Plan Width": 4,
                        "Actual Startup Time": 0.031,
                        "Actual Total Time": 191.317,
                        "Actual Rows": 581636,
                        "Actual Loops": 2,
                        "Filter": "((production_year > 1990) AND (kind_id = 7))",
                        "Rows Removed by Filter": 682520
                      }
                    ]
                  }
                ]
              }
            ]
          }
        ]
      }
    ]
  },
  "Planning Time": 0.609,
  "Triggers": [],
  "Execution Time": 854.398
}