[
  {
    "Plan": {
      "Node Type": "Aggregate",
      "Strategy": "Plain",
      "Partial Mode": "Finalize",
      "Parallel Aware": false,
      "Startup Cost": 108637.18,
      "Total Cost": 108637.19,
      "Plan Rows": 1,
      "Plan Width": 8,
      "Actual Startup Time": 388.153,
      "Actual Total Time": 410.708,
      "Actual Rows": 1,
      "Actual Loops": 1,
      "Plans": [
        {
          "Node Type": "Gather",
          "Parent Relationship": "Outer",
          "Parallel Aware": false,
          "Startup Cost": 108636.76,
          "Total Cost": 108637.17,
          "Plan Rows": 4,
          "Plan Width": 8,
          "Actual Startup Time": 383.208,
          "Actual Total Time": 410.699,
          "Actual Rows": 5,
          "Actual Loops": 1,
          "Workers Planned": 4,
          "Workers Launched": 4,
          "Single Copy": false,
          "Plans": [
            {
              "Node Type": "Aggregate",
              "Strategy": "Plain",
              "Partial Mode": "Partial",
              "Parent Relationship": "Outer",
              "Parallel Aware": false,
              "Startup Cost": 107636.76,
              "Total Cost": 107636.77,
              "Plan Rows": 1,
              "Plan Width": 8,
              "Actual Startup Time": 371.321,
              "Actual Total Time": 371.328,
              "Actual Rows": 1,
              "Actual Loops": 5,
              "Plans": [
                {
                  "Node Type": "Hash Join",
                  "Parent Relationship": "Outer",
                  "Parallel Aware": true,
                  "Join Type": "Inner",
                  "Startup Cost": 61804.8,
                  "Total Cost": 107619.62,
                  "Plan Rows": 6856,
                  "Plan Width": 0,
                  "Actual Startup Time": 217.546,
                  "Actual Total Time": 369.732,
                  "Actual Rows": 23868,
                  "Actual Loops": 5,
                  "Inner Unique": false,
                  "Hash Cond": "(t.id = mc.movie_id)",
                  "Plans": [
                    {
                      "Node Type": "Seq Scan",
                      "Parent Relationship": "Outer",
                      "Parallel Aware": true,
                      "Relation Name": "title",
                      "Alias": "t",
                      "Startup Cost": 0.0,
                      "Total Cost": 43898.92,
                      "Plan Rows": 480205,
                      "Plan Width": 4,
                      "Actual Startup Time": 0.021,
                      "Actual Total Time": 95.036,
                      "Actual Rows": 384570,
                      "Actual Loops": 5,
                      "Filter": "(production_year < 2010)",
                      "Rows Removed by Filter": 121093
                    },
                    {
                      "Node Type": "Hash",
                      "Parent Relationship": "Inner",
                      "Parallel Aware": true,
                      "Startup Cost": 61047.11,
                      "Total Cost": 61047.11,
                      "Plan Rows": 60615,
                      "Plan Width": 8,
                      "Actual Startup Time": 215.5,
                      "Actual Total Time": 215.506,
                      "Actual Rows": 25366,
                      "Actual Loops": 5,
                      "Hash Buckets": 262144,
                      "Original Hash Buckets": 262144,
                      "Hash Batches": 1,
                      "Original Hash Batches": 1,
                      "Peak Memory Usage": 7072,
                      "Plans": [
                        {
                          "Node Type": "Hash Join",
                          "Parent Relationship": "Outer",
                          "Parallel Aware": true,
                          "Join Type": "Inner",
                          "Startup Cost": 34998.22,
                          "Total Cost": 61047.11,
                          "Plan Rows": 60615,
                          "Plan Width": 8,
                          "Actual Startup Time": 139.591,
                          "Actual Total Time": 207.483,
                          "Actual Rows": 25366,
                          "Actual Loops": 5,
                          "Inner Unique": false,
                          "Hash Cond": "(mk.movie_id = mc.movie_id)",
                          "Plans": [
                            {
                              "Node Type": "Bitmap Heap Scan",
                              "Parent Relationship": "Outer",
                              "Parallel Aware": true,
                              "Relation Name": "movie_keyword",
                              "Alias": "mk",
                              "Startup Cost": 5261.56,
                              "Total Cost": 30715.11,
                              "Plan Rows": 79964,
                              "Plan Width": 4,
                              "Actual Startup Time": 19.158,
                              "Actual Total Time": 67.036,
                              "Actual Rows": 51265,
                              "Actual Loops": 5,
                              "Recheck Cond": "(keyword_id < 228)",
                              "Rows Removed by Index Recheck": 0,
                              "Exact Heap Blocks": 5913,
                              "Lossy Heap Blocks": 0,
                              "Plans": [
                                {
                                  "Node Type": "Bitmap Index Scan",
                                  "Parent Relationship": "Outer",
                                  "Parallel Aware": false,
                                  "Index Name": "keyword_id_movie_keyword",
                                  "Startup Cost": 0.0,
                                  "Total Cost": 5199.59,
                                  "Plan Rows": 247888,
                                  "Plan Width": 0,
                                  "Actual Startup Time": 15.435,
                                  "Actual Total Time": 15.436,
                                  "Actual Rows": 256327,
                                  "Actual Loops": 1,
                                  "Index Cond": "(keyword_id < 228)"
                                }
                              ]
                            },
                            {
                              "Node Type": "Hash",
                              "Parent Relationship": "Inner",
                              "Parallel Aware": true,
                              "Startup Cost": 28252.15,
                              "Total Cost": 28252.15,
                              "Plan Rows": 118760,
                              "Plan Width": 4,
                              "Actual Startup Time": 118.775,
                              "Actual Total Time": 118.777,
                              "Actual Rows": 72365,
                              "Actual Loops": 5,
                              "Hash Buckets": 524288,
                              "Original Hash Buckets": 524288,
                              "Hash Batches": 1,
                              "Original Hash Batches": 1,
                              "Peak Memory Usage": 18304,
                              "Plans": [
                                {
                                  "Node Type": "Bitmap Heap Scan",
                                  "Parent Relationship": "Outer",
                                  "Parallel Aware": true,
                                  "Relation Name": "movie_companies",
                                  "Alias": "mc",
                                  "Startup Cost": 7977.65,
                                  "Total Cost": 28252.15,
                                  "Plan Rows": 118760,
                                  "Plan Width": 4,
                                  "Actual Startup Time": 33.536,
                                  "Actual Total Time": 84.373,
                                  "Actual Rows": 72365,
                                  "Actual Loops": 5,
                                  "Recheck Cond": "(company_id < 184)",
                                  "Rows Removed by Index Recheck": 0,
                                  "Exact Heap Blocks": 5601,
                                  "Lossy Heap Blocks": 0,
                                  "Plans": [
                                    {
                                      "Node Type": "Bitmap Index Scan",
                                      "Parent Relationship": "Outer",
                                      "Parallel Aware": false,
                                      "Index Name": "company_id_movie_companies",
                                      "Startup Cost": 0.0,
                                      "Total Cost": 7885.61,
                                      "Plan Rows": 368157,
                                      "Plan Width": 0,
                                      "Actual Startup Time": 29.165,
                                      "Actual Total Time": 29.165,
                                      "Actual Rows": 361826,
                                      "Actual Loops": 1,
                                      "Index Cond": "(company_id < 184)"
                                    }
                                  ]
                                }
                              ]
                            }
                          ]
                        }
                      ]
                    }
                  ]
                }
              ]
            }
          ]
        }
      ]
    },
    "Planning Time": 1.431,
    "Triggers": [],
    "Execution Time": 410.834
  }
]