[
  {
    "Plan": {
      "Node Type": "Aggregate",
      "Strategy": "Plain",
      "Partial Mode": "Finalize",
      "Parallel Aware": false,
      "Startup Cost": 597168.02,
      "Total Cost": 597168.03,
      "Plan Rows": 1,
      "Plan Width": 8,
      "Actual Startup Time": 2354.403,
      "Actual Total Time": 2421.367,
      "Actual Rows": 1,
      "Actual Loops": 1,
      "Plans": [
        {
          "Node Type": "Gather",
          "Parent Relationship": "Outer",
          "Parallel Aware": false,
          "Startup Cost": 597167.4,
          "Total Cost": 597168.01,
          "Plan Rows": 6,
          "Plan Width": 8,
          "Actual Startup Time": 2318.838,
          "Actual Total Time": 2421.351,
          "Actual Rows": 7,
          "Actual Loops": 1,
          "Workers Planned": 6,
          "Workers Launched": 6,
          "Single Copy": false,
          "Plans": [
            {
              "Node Type": "Aggregate",
              "Strategy": "Plain",
              "Partial Mode": "Partial",
              "Parent Relationship": "Outer",
              "Parallel Aware": false,
              "Startup Cost": 596167.4,
              "Total Cost": 596167.41,
              "Plan Rows": 1,
              "Plan Width": 8,
              "Actual Startup Time": 2302.724,
              "Actual Total Time": 2303.319,
              "Actual Rows": 1,
              "Actual Loops": 7,
              "Plans": [
                {
                  "Node Type": "Hash Join",
                  "Parent Relationship": "Outer",
                  "Parallel Aware": true,
                  "Join Type": "Inner",
                  "Startup Cost": 257247.79,
                  "Total Cost": 592034.48,
                  "Plan Rows": 1653166,
                  "Plan Width": 0,
                  "Actual Startup Time": 920.599,
                  "Actual Total Time": 2132.146,
                  "Actual Rows": 3633135,
                  "Actual Loops": 7,
                  "Inner Unique": false,
                  "Hash Cond": "(ci.movie_id = t.id)",
                  "Plans": [
                    {
                      "Node Type": "Index Scan",
                      "Parent Relationship": "Outer",
                      "Parallel Aware": true,
                      "Scan Direction": "Forward",
                      "Index Name": "role_id_cast_info",
                      "Relation Name": "cast_info",
                      "Alias": "ci",
                      "Startup Cost": 0.56,
                      "Total Cost": 325153.08,
                      "Plan Rows": 1687425,
                      "Plan Width": 4,
                      "Actual Startup Time": 0.221,
                      "Actual Total Time": 368.631,
                      "Actual Rows": 1554063,
                      "Actual Loops": 7,
                      "Index Cond": "(role_id > 3)",
                      "Rows Removed by Index Recheck": 0,
                      "Filter": "(person_id > 591848)",
                      "Rows Removed by Filter": 176458
                    },
                    {
                      "Node Type": "Hash",
                      "Parent Relationship": "Inner",
                      "Parallel Aware": true,
                      "Startup Cost": 251054.5,
                      "Total Cost": 251054.5,
                      "Plan Rows": 495418,
                      "Plan Width": 8,
                      "Actual Startup Time": 915.299,
                      "Actual Total Time": 915.892,
                      "Actual Rows": 371369,
                      "Actual Loops": 7,
                      "Hash Buckets": 4194304,
                      "Original Hash Buckets": 4194304,
                      "Hash Batches": 1,
                      "Original Hash Batches": 1,
                      "Peak Memory Usage": 134560,
                      "Plans": [
                        {
                          "Node Type": "Hash Join",
                          "Parent Relationship": "Outer",
                          "Parallel Aware": true,
                          "Join Type": "Inner",
                          "Startup Cost": 50354.42,
                          "Total Cost": 251054.5,
                          "Plan Rows": 495418,
                          "Plan Width": 8,
                          "Actual Startup Time": 312.099,
                          "Actual Total Time": 757.768,
                          "Actual Rows": 371369,
                          "Actual Loops": 7,
                          "Inner Unique": true,
                          "Hash Cond": "(mi.movie_id = t.id)",
                          "Plans": [
                            {
                              "Node Type": "Seq Scan",
                              "Parent Relationship": "Outer",
                              "Parallel Aware": true,
                              "Relation Name": "movie_info",
                              "Alias": "mi",
                              "Startup Cost": 0.0,
                              "Total Cost": 199108.24,
                              "Plan Rows": 606414,
                              "Plan Width": 4,
                              "Actual Startup Time": 75.544,
                              "Actual Total Time": 345.637,
                              "Actual Rows": 433817,
                              "Actual Loops": 7,
                              "Filter": "(info_type_id = 16)",
                              "Rows Removed by Filter": 1685572
                            },
                            {
                              "Node Type": "Hash",
                              "Parent Relationship": "Inner",
                              "Parallel Aware": true,
                              "Startup Cost": 43899.32,
                              "Total Cost": 43899.32,
                              "Plan Rows": 516408,
                              "Plan Width": 4,
                              "Actual Startup Time": 234.237,
                              "Actual Total Time": 234.238,
                              "Actual Rows": 294936,
                              "Actual Loops": 7,
                              "Hash Buckets": 2097152,
                              "Original Hash Buckets": 2097152,
                              "Hash Batches": 1,
                              "Original Hash Batches": 1,
                              "Peak Memory Usage": 97216,
                              "Plans": [
                                {
                                  "Node Type": "Seq Scan",
                                  "Parent Relationship": "Outer",
                                  "Parallel Aware": true,
                                  "Relation Name": "title",
                                  "Alias": "t",
                                  "Startup Cost": 0.0,
                                  "Total Cost": 43899.32,
                                  "Plan Rows": 516408,
                                  "Plan Width": 4,
                                  "Actual Startup Time": 0.035,
                                  "Actual Total Time": 89.935,
                                  "Actual Rows": 294936,
                                  "Actual Loops": 7,
                                  "Filter": "(production_year < 2011)",
                                  "Rows Removed by Filter": 66251
                                }
                              ]
                            }
                          ]
                        }
                      ]
                    }
                  ]
                }
              ]
            }
          ]
        }
      ]
    },
    "Planning Time": 0.54,
    "Triggers": [],
    "Execution Time": 2421.443
  }
]