{
  "Plan": {
    "Node Type": "Aggregate",
    "Strategy": "Plain",
    "Partial Mode": "Finalize",
    "Parallel Aware": false,
    "Startup Cost": 243752.49,
    "Total Cost": 243752.5,
    "Plan Rows": 1,
    "Plan Width": 8,
    "Actual Startup Time": 260.519,
    "Actual Total Time": 276.497,
    "Actual Rows": 1,
    "Actual Loops": 1,
    "Plans": [
      {
        "Node Type": "Gather",
        "Parent Relationship": "Outer",
        "Parallel Aware": false,
        "Startup Cost": 243752.38,
        "Total Cost": 243752.49,
        "Plan Rows": 1,
        "Plan Width": 8,
        "Actual Startup Time": 260.353,
        "Actual Total Time": 276.489,
        "Actual Rows": 2,
        "Actual Loops": 1,
        "Workers Planned": 1,
        "Workers Launched": 1,
        "Single Copy": false,
        "Plans": [
          {
            "Node Type": "Aggregate",
            "Strategy": "Plain",
            "Partial Mode": "Partial",
            "Parent Relationship": "Outer",
            "Parallel Aware": false,
            "Startup Cost": 242752.38,
            "Total Cost": 242752.39,
            "Plan Rows": 1,
            "Plan Width": 8,
            "Actual Startup Time": 253.71,
            "Actual Total Time": 253.714,
            "Actual Rows": 1,
            "Actual Loops": 2,
            "Plans": [
              {
                "Node Type": "Nested Loop",
                "Parent Relationship": "Outer",
                "Parallel Aware": false,
                "Join Type": "Inner",
                "Startup Cost": 71111.99,
                "Total Cost": 242744.96,
                "Plan Rows": 2968,
                "Plan Width": 0,
                "Actual Startup Time": 162.434,
                "Actual Total Time": 250.975,
                "Actual Rows": 65877,
                "Actual Loops": 2,
                "Inner Unique": false,
                "Join Filter": "(t.id = mk.movie_id)",
                "Rows Removed by Join Filter": 0,
                "Plans": [
                  {
                    "Node Type": "Hash Join",
                    "Parent Relationship": "Outer",
                    "Parallel Aware": true,
                    "Join Type": "Inner",
                    "Startup Cost": 71111.56,
                    "Total Cost": 239356.67,
                    "Plan Rows": 1659,
                    "Plan Width": 8,
                    "Actual Startup Time": 162.224,
                    "Actual Total Time": 222.947,
                    "Actual Rows": 2278,
                    "Actual Loops": 2,
                    "Inner Unique": true,
                    "Hash Cond": "(mi.movie_id = t.id)",
                    "Plans": [
                      {
                        "Node Type": "Bitmap Heap Scan",
                        "Parent Relationship": "Outer",
                        "Parallel Aware": true,
                        "Relation Name": "movie_info",
                        "Alias": "mi",
                        "Startup Cost": 12730.49,
                        "Total Cost": 179890.53,
                        "Plan Rows": 413363,
                        "Plan Width": 4,
                        "Actual Startup Time": 22.893,
                        "Actual Total Time": 55.582,
                        "Actual Rows": 330462,
                        "Actual Loops": 2,
                        "Recheck Cond": "(info_type_id = 18)",
                        "Rows Removed by Index Recheck": 0,
                        "Exact Heap Blocks": 4198,
                        "Lossy Heap Blocks": 0,
                        "Plans": [
                          {
                            "Node Type": "Bitmap Index Scan",
                            "Parent Relationship": "Outer",
                            "Parallel Aware": false,
                            "Index Name": "info_type_id_movie_info",
                            "Startup Cost": 0.0,
                            "Total Cost": 12554.81,
                            "Plan Rows": 702717,
                            "Plan Width": 0,
                            "Actual Startup Time": 21.944,
                            "Actual Total Time": 21.945,
                            "Actual Rows": 660923,
                            "Actual Loops": 1,
                            "Index Cond": "(info_type_id = 18)"
                          }
                        ]
                      },
                      {
                        "Node Type": "Hash",
                        "Parent Relationship": "Inner",
                        "Parallel Aware": true,
                        "Startup Cost": 58306.47,
                        "Total Cost": 58306.47,
                        "Plan Rows": 5968,
                        "Plan Width": 4,
                        "Actual Startup Time": 138.205,
                        "Actual Total Time": 138.206,
                        "Actual Rows": 5264,
                        "Actual Loops": 2,
                        "Hash Buckets": 16384,
                        "Original Hash Buckets": 16384,
                        "Hash Batches": 1,
                        "Original Hash Batches": 1,
                        "Peak Memory Usage": 576,
                        "Plans": [
                          {
                            "Node Type": "Seq Scan",
                            "Parent Relationship": "Outer",
                            "Parallel Aware": true,
                            "Relation Name": "title",
                            "Alias": "t",
                            "Startup Cost": 0.0,
                            "Total Cost": 58306.47,
                            "Plan Rows": 5968,
                            "Plan Width": 4,
                            "Actual Startup Time": 0.36,
                            "Actual Total Time": 136.485,
                            "Actual Rows": 5264,
                            "Actual Loops": 2,
                            "Filter": "((kind_id < 7) AND (production_year = 1993))",
                            "Rows Removed by Filter": 1258892
                          }
                        ]
                      }
                    ]
                  },
                  {
                    "Node Type": "Index Only Scan",
                    "Parent Relationship": "Inner",
                    "Parallel Aware": false,
                    "Scan Direction": "Forward",
                    "Index Name": "movie_id_movie_keyword",
                    "Relation Name": "movie_keyword",
                    "Alias": "mk",
                    "Startup Cost": 0.43,
                    "Total Cost": 1.48,
                    "Plan Rows": 45,
                    "Plan Width": 4,
                    "Actual Startup Time": 0.006,
                    "Actual Total Time": 0.01,
                    "Actual Rows": 29,
                    "Actual Loops": 4555,
                    "Index Cond": "(movie_id = mi.movie_id)",
                    "Rows Removed by Index Recheck": 0,
                    "Heap Fetches": 131754
                  }
                ]
              }
            ]
          }
        ]
      }
    ]
  },
  "Planning Time": 1.08,
  "Triggers": [],
  "Execution Time": 276.605
}