{
  "Plan": {
    "Node Type": "Aggregate",
    "Strategy": "Plain",
    "Partial Mode": "Finalize",
    "Parallel Aware": false,
    "Startup Cost": 182664.54,
    "Total Cost": 182664.55,
    "Plan Rows": 1,
    "Plan Width": 8,
    "Actual Startup Time": 461.588,
    "Actual Total Time": 495.492,
    "Actual Rows": 1,
    "Actual Loops": 1,
    "Plans": [
      {
        "Node Type": "Gather",
        "Parent Relationship": "Outer",
        "Parallel Aware": false,
        "Startup Cost": 182664.42,
        "Total Cost": 182664.53,
        "Plan Rows": 1,
        "Plan Width": 8,
        "Actual Startup Time": 461.074,
        "Actual Total Time": 495.485,
        "Actual Rows": 2,
        "Actual Loops": 1,
        "Workers Planned": 1,
        "Workers Launched": 1,
        "Single Copy": false,
        "Plans": [
          {
            "Node Type": "Aggregate",
            "Strategy": "Plain",
            "Partial Mode": "Partial",
            "Parent Relationship": "Outer",
            "Parallel Aware": false,
            "Startup Cost": 181664.42,
            "Total Cost": 181664.43,
            "Plan Rows": 1,
            "Plan Width": 8,
            "Actual Startup Time": 458.068,
            "Actual Total Time": 458.075,
            "Actual Rows": 1,
            "Actual Loops": 2,
            "Plans": [
              {
                "Node Type": "Nested Loop",
                "Parent Relationship": "Outer",
                "Parallel Aware": false,
                "Join Type": "Inner",
                "Startup Cost": 34747.73,
                "Total Cost": 181507.77,
                "Plan Rows": 62662,
                "Plan Width": 0,
                "Actual Startup Time": 100.822,
                "Actual Total Time": 454.824,
                "Actual Rows": 53908,
                "Actual Loops": 2,
                "Inner Unique": false,
                "Plans": [
                  {
                    "Node Type": "Hash Join",
                    "Parent Relationship": "Outer",
                    "Parallel Aware": true,
                    "Join Type": "Inner",
                    "Startup Cost": 34747.3,
                    "Total Cost": 94993.23,
                    "Plan Rows": 26791,
                    "Plan Width": 8,
                    "Actual Startup Time": 100.747,
                    "Actual Total Time": 266.702,
                    "Actual Rows": 20213,
                    "Actual Loops": 2,
                    "Inner Unique": false,
                    "Hash Cond": "(t.id = mc.movie_id)",
                    "Plans": [
                      {
                        "Node Type": "Seq Scan",
                        "Parent Relationship": "Outer",
                        "Parallel Aware": true,
                        "Relation Name": "title",
                        "Alias": "t",
                        "Startup Cost": 0.0,
                        "Total Cost": 58306.47,
                        "Plan Rows": 285098,
                        "Plan Width": 4,
                        "Actual Startup Time": 0.011,
                        "Actual Total Time": 124.869,
                        "Actual Rows": 176104,
                        "Actual Loops": 2,
                        "Filter": "((kind_id > 1) AND (production_year < 1989))",
                        "Rows Removed by Filter": 1088052
                      },
                      {
                        "Node Type": "Hash",
                        "Parent Relationship": "Inner",
                        "Parallel Aware": true,
                        "Startup Cost": 33000.31,
                        "Total Cost": 33000.31,
                        "Plan Rows": 139759,
                        "Plan Width": 4,
                        "Actual Startup Time": 98.802,
                        "Actual Total Time": 98.805,
                        "Actual Rows": 58644,
                        "Actual Loops": 2,
                        "Hash Buckets": 262144,
                        "Original Hash Buckets": 262144,
                        "Hash Batches": 1,
                        "Original Hash Batches": 1,
                        "Peak Memory Usage": 6656,
                        "Plans": [
                          {
                            "Node Type": "Bitmap Heap Scan",
                            "Parent Relationship": "Outer",
                            "Parallel Aware": true,
                            "Relation Name": "movie_companies",
                            "Alias": "mc",
                            "Startup Cost": 10081.4,
                            "Total Cost": 33000.31,
                            "Plan Rows": 139759,
                            "Plan Width": 4,
                            "Actual Startup Time": 68.539,
                            "Actual Total Time": 86.859,
                            "Actual Rows": 58644,
                            "Actual Loops": 2,
                            "Recheck Cond": "(company_id < 398)",
                            "Rows Removed by Index Recheck": 0,
                            "Filter": "(company_type_id = 2)",
                            "Rows Removed by Filter": 173074,
                            "Exact Heap Blocks": 13415,
                            "Lossy Heap Blocks": 0,
                            "Plans": [
                              {
                                "Node Type": "Bitmap Index Scan",
                                "Parent Relationship": "Outer",
                                "Parallel Aware": false,
                                "Index Name": "company_id_movie_companies",
                                "Startup Cost": 0.0,
                                "Total Cost": 10022.0,
                                "Plan Rows": 467943,
                                "Plan Width": 0,
                                "Actual Startup Time": 26.116,
                                "Actual Total Time": 26.116,
                                "Actual Rows": 463436,
                                "Actual Loops": 1,
                                "Index Cond": "(company_id < 398)"
                              }
                            ]
                          }
                        ]
                      }
                    ]
                  },
                  {
                    "Node Type": "Index Scan",
                    "Parent Relationship": "Inner",
                    "Parallel Aware": false,
                    "Scan Direction": "Forward",
                    "Index Name": "movie_id_movie_info",
                    "Relation Name": "movie_info",
                    "Alias": "mi",
                    "Startup Cost": 0.43,
                    "Total Cost": 3.06,
                    "Plan Rows": 17,
                    "Plan Width": 4,
                    "Actual Startup Time": 0.005,
                    "Actual Total Time": 0.009,
                    "Actual Rows": 3,
                    "Actual Loops": 40426,
                    "Index Cond": "(movie_id = t.id)",
                    "Rows Removed by Index Recheck": 0,
                    "Filter": "(info_type_id > 13)",
                    "Rows Removed by Filter": 6
                  }
                ]
              }
            ]
          }
        ]
      }
    ]
  },
  "Planning Time": 0.698,
  "Triggers": [],
  "Execution Time": 495.576
}