{
  "Plan": {
    "Node Type": "Aggregate",
    "Strategy": "Plain",
    "Partial Mode": "Finalize",
    "Parallel Aware": false,
    "Startup Cost": 25721.24,
    "Total Cost": 25721.25,
    "Plan Rows": 1,
    "Plan Width": 8,
    "Actual Startup Time": 21.702,
    "Actual Total Time": 25.309,
    "Actual Rows": 1,
    "Actual Loops": 1,
    "Plans": [
      {
        "Node Type": "Gather",
        "Parent Relationship": "Outer",
        "Parallel Aware": false,
        "Startup Cost": 25721.13,
        "Total Cost": 25721.24,
        "Plan Rows": 1,
        "Plan Width": 8,
        "Actual Startup Time": 21.632,
        "Actual Total Time": 25.3,
        "Actual Rows": 2,
        "Actual Loops": 1,
        "Workers Planned": 1,
        "Workers Launched": 1,
        "Single Copy": false,
        "Plans": [
          {
            "Node Type": "Aggregate",
            "Strategy": "Plain",
            "Partial Mode": "Partial",
            "Parent Relationship": "Outer",
            "Parallel Aware": false,
            "Startup Cost": 24721.13,
            "Total Cost": 24721.14,
            "Plan Rows": 1,
            "Plan Width": 8,
            "Actual Startup Time": 19.055,
            "Actual Total Time": 19.057,
            "Actual Rows": 1,
            "Actual Loops": 2,
            "Plans": [
              {
                "Node Type": "Nested Loop",
                "Parent Relationship": "Outer",
                "Parallel Aware": false,
                "Join Type": "Inner",
                "Startup Cost": 80.25,
                "Total Cost": 24720.95,
                "Plan Rows": 72,
                "Plan Width": 0,
                "Actual Startup Time": 5.332,
                "Actual Total Time": 19.038,
                "Actual Rows": 96,
                "Actual Loops": 2,
                "Inner Unique": false,
                "Plans": [
                  {
                    "Node Type": "Nested Loop",
                    "Parent Relationship": "Outer",
                    "Parallel Aware": false,
                    "Join Type": "Inner",
                    "Startup Cost": 79.82,
                    "Total Cost": 24504.11,
                    "Plan Rows": 41,
                    "Plan Width": 8,
                    "Actual Startup Time": 2.149,
                    "Actual Total Time": 18.563,
                    "Actual Rows": 24,
                    "Actual Loops": 2,
                    "Inner Unique": true,
                    "Plans": [
                      {
                        "Node Type": "Bitmap Heap Scan",
                        "Parent Relationship": "Outer",
                        "Parallel Aware": true,
                        "Relation Name": "movie_companies",
                        "Alias": "mc",
                        "Startup Cost": 79.39,
                        "Total Cost": 8911.08,
                        "Plan Rows": 2046,
                        "Plan Width": 4,
                        "Actual Startup Time": 1.46,
                        "Actual Total Time": 4.22,
                        "Actual Rows": 1840,
                        "Actual Loops": 2,
                        "Recheck Cond": "(company_id = 67)",
                        "Rows Removed by Index Recheck": 0,
                        "Exact Heap Blocks": 513,
                        "Lossy Heap Blocks": 0,
                        "Plans": [
                          {
                            "Node Type": "Bitmap Index Scan",
                            "Parent Relationship": "Outer",
                            "Parallel Aware": false,
                            "Index Name": "company_id_movie_companies",
                            "Startup Cost": 0.0,
                            "Total Cost": 78.52,
                            "Plan Rows": 3479,
                            "Plan Width": 0,
                            "Actual Startup Time": 2.535,
                            "Actual Total Time": 2.535,
                            "Actual Rows": 3681,
                            "Actual Loops": 1,
                            "Index Cond": "(company_id = 67)"
                          }
                        ]
                      },
                      {
                        "Node Type": "Index Scan",
                        "Parent Relationship": "Inner",
                        "Parallel Aware": false,
                        "Scan Direction": "Forward",
                        "Index Name": "title_pkey",
                        "Relation Name": "title",
                        "Alias": "t",
                        "Startup Cost": 0.43,
                        "Total Cost": 7.62,
                        "Plan Rows": 1,
                        "Plan Width": 4,
                        "Actual Startup Time": 0.007,
                        "Actual Total Time": 0.007,
                        "Actual Rows": 0,
                        "Actual Loops": 3681,
                        "Index Cond": "(id = mc.movie_id)",
                        "Rows Removed by Index Recheck": 0,
                        "Filter": "((kind_id < 7) AND (production_year = 2009))",
                        "Rows Removed by Filter": 1
                      }
                    ]
                  },
                  {
                    "Node Type": "Index Only Scan",
                    "Parent Relationship": "Inner",
                    "Parallel Aware": false,
                    "Scan Direction": "Forward",
                    "Index Name": "movie_id_movie_keyword",
                    "Relation Name": "movie_keyword",
                    "Alias": "mk",
                    "Startup Cost": 0.43,
                    "Total Cost": 4.84,
                    "Plan Rows": 45,
                    "Plan Width": 4,
                    "Actual Startup Time": 0.016,
                    "Actual Total Time": 0.018,
                    "Actual Rows": 4,
                    "Actual Loops": 49,
                    "Index Cond": "(movie_id = t.id)",
                    "Rows Removed by Index Recheck": 0,
                    "Heap Fetches": 192
                  }
                ]
              }
            ]
          }
        ]
      }
    ]
  },
  "Planning Time": 0.912,
  "Triggers": [],
  "Execution Time": 25.402
}