[
  {
    "Plan": {
      "Node Type": "Aggregate",
      "Strategy": "Plain",
      "Partial Mode": "Finalize",
      "Parallel Aware": false,
      "Startup Cost": 244149.27,
      "Total Cost": 244149.28,
      "Plan Rows": 1,
      "Plan Width": 8,
      "Actual Startup Time": 1968.028,
      "Actual Total Time": 2009.85,
      "Actual Rows": 1,
      "Actual Loops": 1,
      "Plans": [
        {
          "Node Type": "Gather",
          "Parent Relationship": "Outer",
          "Parallel Aware": false,
          "Startup Cost": 244148.95,
          "Total Cost": 244149.26,
          "Plan Rows": 3,
          "Plan Width": 8,
          "Actual Startup Time": 1949.036,
          "Actual Total Time": 2009.841,
          "Actual Rows": 4,
          "Actual Loops": 1,
          "Workers Planned": 3,
          "Workers Launched": 3,
          "Single Copy": false,
          "Plans": [
            {
              "Node Type": "Aggregate",
              "Strategy": "Plain",
              "Partial Mode": "Partial",
              "Parent Relationship": "Outer",
              "Parallel Aware": false,
              "Startup Cost": 243148.95,
              "Total Cost": 243148.96,
              "Plan Rows": 1,
              "Plan Width": 8,
              "Actual Startup Time": 1940.324,
              "Actual Total Time": 1941.336,
              "Actual Rows": 1,
              "Actual Loops": 4,
              "Plans": [
                {
                  "Node Type": "Hash Join",
                  "Parent Relationship": "Outer",
                  "Parallel Aware": true,
                  "Join Type": "Inner",
                  "Startup Cost": 210353.65,
                  "Total Cost": 242535.02,
                  "Plan Rows": 245572,
                  "Plan Width": 0,
                  "Actual Startup Time": 1383.739,
                  "Actual Total Time": 1842.259,
                  "Actual Rows": 2614136,
                  "Actual Loops": 4,
                  "Inner Unique": false,
                  "Hash Cond": "(mc.movie_id = t.id)",
                  "Plans": [
                    {
                      "Node Type": "Seq Scan",
                      "Parent Relationship": "Outer",
                      "Parallel Aware": true,
                      "Relation Name": "movie_companies",
                      "Alias": "mc",
                      "Startup Cost": 0.0,
                      "Total Cost": 29310.68,
                      "Plan Rows": 634546,
                      "Plan Width": 4,
                      "Actual Startup Time": 0.022,
                      "Actual Total Time": 70.368,
                      "Actual Rows": 488608,
                      "Actual Loops": 4,
                      "Filter": "(company_id < 53707)",
                      "Rows Removed by Filter": 163674
                    },
                    {
                      "Node Type": "Hash",
                      "Parent Relationship": "Inner",
                      "Parallel Aware": true,
                      "Startup Cost": 207907.5,
                      "Total Cost": 207907.5,
                      "Plan Rows": 195692,
                      "Plan Width": 8,
                      "Actual Startup Time": 1378.565,
                      "Actual Total Time": 1379.575,
                      "Actual Rows": 888162,
                      "Actual Loops": 4,
                      "Hash Buckets": 4194304,
                      "Original Hash Buckets": 1048576,
                      "Hash Batches": 1,
                      "Original Hash Batches": 1,
                      "Peak Memory Usage": 196416,
                      "Plans": [
                        {
                          "Node Type": "Hash Join",
                          "Parent Relationship": "Outer",
                          "Parallel Aware": true,
                          "Join Type": "Inner",
                          "Startup Cost": 50646.66,
                          "Total Cost": 207907.5,
                          "Plan Rows": 195692,
                          "Plan Width": 8,
                          "Actual Startup Time": 330.0,
                          "Actual Total Time": 1010.584,
                          "Actual Rows": 888162,
                          "Actual Loops": 4,
                          "Inner Unique": true,
                          "Hash Cond": "(ci.movie_id = t.id)",
                          "Plans": [
                            {
                              "Node Type": "Index Scan",
                              "Parent Relationship": "Outer",
                              "Parallel Aware": true,
                              "Scan Direction": "Forward",
                              "Index Name": "role_id_cast_info",
                              "Relation Name": "cast_info",
                              "Alias": "ci",
                              "Startup Cost": 0.56,
                              "Total Cost": 156659.89,
                              "Plan Rows": 229154,
                              "Plan Width": 4,
                              "Actual Startup Time": 0.137,
                              "Actual Total Time": 257.745,
                              "Actual Rows": 930016,
                              "Actual Loops": 4,
                              "Index Cond": "(role_id > 8)",
                              "Rows Removed by Index Recheck": 0,
                              "Filter": "(person_id > 2956259)",
                              "Rows Removed by Filter": 503157
                            },
                            {
                              "Node Type": "Hash",
                              "Parent Relationship": "Inner",
                              "Parallel Aware": true,
                              "Startup Cost": 43898.92,
                              "Total Cost": 43898.92,
                              "Plan Rows": 539774,
                              "Plan Width": 4,
                              "Actual Startup Time": 322.091,
                              "Actual Total Time": 322.092,
                              "Actual Rows": 536671,
                              "Actual Loops": 4,
                              "Hash Buckets": 4194304,
                              "Original Hash Buckets": 4194304,
                              "Hash Batches": 1,
                              "Original Hash Batches": 1,
                              "Peak Memory Usage": 116832,
                              "Plans": [
                                {
                                  "Node Type": "Seq Scan",
                                  "Parent Relationship": "Outer",
                                  "Parallel Aware": true,
                                  "Relation Name": "title",
                                  "Alias": "t",
                                  "Startup Cost": 0.0,
                                  "Total Cost": 43898.92,
                                  "Plan Rows": 539774,
                                  "Plan Width": 4,
                                  "Actual Startup Time": 0.047,
                                  "Actual Total Time": 111.298,
                                  "Actual Rows": 536671,
                                  "Actual Loops": 4,
                                  "Filter": "(production_year > 1965)",
                                  "Rows Removed by Filter": 95407
                                }
                              ]
                            }
                          ]
                        }
                      ]
                    }
                  ]
                }
              ]
            }
          ]
        }
      ]
    },
    "Planning Time": 1.423,
    "Triggers": [],
    "Execution Time": 2009.939
  }
]