{
  "Plan": {
    "Node Type": "Aggregate",
    "Strategy": "Plain",
    "Partial Mode": "Finalize",
    "Parallel Aware": false,
    "Startup Cost": 444823.57,
    "Total Cost": 444823.58,
    "Plan Rows": 1,
    "Plan Width": 8,
    "Actual Startup Time": 1572.126,
    "Actual Total Time": 1589.714,
    "Actual Rows": 1,
    "Actual Loops": 1,
    "Plans": [
      {
        "Node Type": "Gather",
        "Parent Relationship": "Outer",
        "Parallel Aware": false,
        "Startup Cost": 444823.46,
        "Total Cost": 444823.57,
        "Plan Rows": 1,
        "Plan Width": 8,
        "Actual Startup Time": 1568.608,
        "Actual Total Time": 1589.705,
        "Actual Rows": 2,
        "Actual Loops": 1,
        "Workers Planned": 1,
        "Workers Launched": 1,
        "Single Copy": false,
        "Plans": [
          {
            "Node Type": "Aggregate",
            "Strategy": "Plain",
            "Partial Mode": "Partial",
            "Parent Relationship": "Outer",
            "Parallel Aware": false,
            "Startup Cost": 443823.46,
            "Total Cost": 443823.47,
            "Plan Rows": 1,
            "Plan Width": 8,
            "Actual Startup Time": 1560.613,
            "Actual Total Time": 1560.616,
            "Actual Rows": 1,
            "Actual Loops": 2,
            "Plans": [
              {
                "Node Type": "Hash Join",
                "Parent Relationship": "Outer",
                "Parallel Aware": true,
                "Join Type": "Inner",
                "Startup Cost": 152761.43,
                "Total Cost": 440041.82,
                "Plan Rows": 1512655,
                "Plan Width": 0,
                "Actual Startup Time": 610.78,
                "Actual Total Time": 1507.312,
                "Actual Rows": 1238818,
                "Actual Loops": 2,
                "Inner Unique": true,
                "Hash Cond": "(ci.movie_id = t.id)",
                "Plans": [
                  {
                    "Node Type": "Bitmap Heap Scan",
                    "Parent Relationship": "Outer",
                    "Parallel Aware": true,
                    "Relation Name": "cast_info",
                    "Alias": "ci",
                    "Startup Cost": 85877.98,
                    "Total Cost": 367154.55,
                    "Plan Rows": 2287166,
                    "Plan Width": 4,
                    "Actual Startup Time": 211.061,
                    "Actual Total Time": 420.012,
                    "Actual Rows": 1854427,
                    "Actual Loops": 2,
                    "Recheck Cond": "(person_id > 3387508)",
                    "Rows Removed by Index Recheck": 0,
                    "Exact Heap Blocks": 27794,
                    "Lossy Heap Blocks": 0,
                    "Plans": [
                      {
                        "Node Type": "Bitmap Index Scan",
                        "Parent Relationship": "Outer",
                        "Parallel Aware": false,
                        "Index Name": "person_id_cast_info",
                        "Startup Cost": 0.0,
                        "Total Cost": 84905.93,
                        "Plan Rows": 3888182,
                        "Plan Width": 0,
                        "Actual Startup Time": 201.795,
                        "Actual Total Time": 201.796,
                        "Actual Rows": 3708854,
                        "Actual Loops": 1,
                        "Index Cond": "(person_id > 3387508)"
                      }
                    ]
                  },
                  {
                    "Node Type": "Hash",
                    "Parent Relationship": "Inner",
                    "Parallel Aware": true,
                    "Startup Cost": 54588.39,
                    "Total Cost": 54588.39,
                    "Plan Rows": 983605,
                    "Plan Width": 4,
                    "Actual Startup Time": 384.54,
                    "Actual Total Time": 384.54,
                    "Actual Rows": 837049,
                    "Actual Loops": 2,
                    "Hash Buckets": 2097152,
                    "Original Hash Buckets": 2097152,
                    "Hash Batches": 1,
                    "Original Hash Batches": 1,
                    "Peak Memory Usage": 81920,
                    "Plans": [
                      {
                        "Node Type": "Seq Scan",
                        "Parent Relationship": "Outer",
                        "Parallel Aware": true,
                        "Relation Name": "title",
                        "Alias": "t",
                        "Startup Cost": 0.0,
                        "Total Cost": 54588.39,
                        "Plan Rows": 983605,
                        "Plan Width": 4,
                        "Actual Startup Time": 0.029,
                        "Actual Total Time": 156.66,
                        "Actual Rows": 837049,
                        "Actual Loops": 2,
                        "Filter": "(kind_id > 3)",
                        "Rows Removed by Filter": 427107
                      }
                    ]
                  }
                ]
              }
            ]
          }
        ]
      }
    ]
  },
  "Planning Time": 0.699,
  "Triggers": [],
  "Execution Time": 1589.801
}