{
  "Plan": {
    "Node Type": "Aggregate",
    "Strategy": "Plain",
    "Partial Mode": "Finalize",
    "Parallel Aware": false,
    "Startup Cost": 426004.13,
    "Total Cost": 426004.14,
    "Plan Rows": 1,
    "Plan Width": 8,
    "Actual Startup Time": 216.803,
    "Actual Total Time": 245.997,
    "Actual Rows": 1,
    "Actual Loops": 1,
    "Plans": [
      {
        "Node Type": "Gather",
        "Parent Relationship": "Outer",
        "Parallel Aware": false,
        "Startup Cost": 426004.02,
        "Total Cost": 426004.13,
        "Plan Rows": 1,
        "Plan Width": 8,
        "Actual Startup Time": 216.699,
        "Actual Total Time": 245.99,
        "Actual Rows": 2,
        "Actual Loops": 1,
        "Workers Planned": 1,
        "Workers Launched": 1,
        "Single Copy": false,
        "Plans": [
          {
            "Node Type": "Aggregate",
            "Strategy": "Plain",
            "Partial Mode": "Partial",
            "Parent Relationship": "Outer",
            "Parallel Aware": false,
            "Startup Cost": 425004.02,
            "Total Cost": 425004.03,
            "Plan Rows": 1,
            "Plan Width": 8,
            "Actual Startup Time": 210.716,
            "Actual Total Time": 210.717,
            "Actual Rows": 1,
            "Actual Loops": 2,
            "Plans": [
              {
                "Node Type": "Nested Loop",
                "Parent Relationship": "Outer",
                "Parallel Aware": false,
                "Join Type": "Inner",
                "Startup Cost": 0.56,
                "Total Cost": 424884.81,
                "Plan Rows": 47682,
                "Plan Width": 0,
                "Actual Startup Time": 0.539,
                "Actual Total Time": 208.71,
                "Actual Rows": 29746,
                "Actual Loops": 2,
                "Inner Unique": false,
                "Plans": [
                  {
                    "Node Type": "Seq Scan",
                    "Parent Relationship": "Outer",
                    "Parallel Aware": true,
                    "Relation Name": "title",
                    "Alias": "t",
                    "Startup Cost": 0.0,
                    "Total Cost": 58306.47,
                    "Plan Rows": 3328,
                    "Plan Width": 4,
                    "Actual Startup Time": 0.33,
                    "Actual Total Time": 128.198,
                    "Actual Rows": 3220,
                    "Actual Loops": 2,
                    "Filter": "((kind_id > 1) AND (production_year = 1957))",
                    "Rows Removed by Filter": 1260936
                  },
                  {
                    "Node Type": "Index Only Scan",
                    "Parent Relationship": "Inner",
                    "Parallel Aware": false,
                    "Scan Direction": "Forward",
                    "Index Name": "movie_id_cast_info",
                    "Relation Name": "cast_info",
                    "Alias": "ci",
                    "Startup Cost": 0.56,
                    "Total Cost": 109.78,
                    "Plan Rows": 37,
                    "Plan Width": 4,
                    "Actual Startup Time": 0.008,
                    "Actual Total Time": 0.024,
                    "Actual Rows": 9,
                    "Actual Loops": 6441,
                    "Index Cond": "(movie_id = t.id)",
                    "Rows Removed by Index Recheck": 0,
                    "Heap Fetches": 59491
                  }
                ]
              }
            ]
          }
        ]
      }
    ]
  },
  "Planning Time": 0.464,
  "Triggers": [],
  "Execution Time": 246.071
}