[
  {
    "Plan": {
      "Node Type": "Aggregate",
      "Strategy": "Plain",
      "Partial Mode": "Finalize",
      "Parallel Aware": false,
      "Startup Cost": 295574.48,
      "Total Cost": 295574.49,
      "Plan Rows": 1,
      "Plan Width": 8,
      "Actual Startup Time": 1262.283,
      "Actual Total Time": 1308.351,
      "Actual Rows": 1,
      "Actual Loops": 1,
      "Plans": [
        {
          "Node Type": "Gather",
          "Parent Relationship": "Outer",
          "Parallel Aware": false,
          "Startup Cost": 295573.96,
          "Total Cost": 295574.47,
          "Plan Rows": 5,
          "Plan Width": 8,
          "Actual Startup Time": 1255.346,
          "Actual Total Time": 1308.339,
          "Actual Rows": 6,
          "Actual Loops": 1,
          "Workers Planned": 5,
          "Workers Launched": 5,
          "Single Copy": false,
          "Plans": [
            {
              "Node Type": "Aggregate",
              "Strategy": "Plain",
              "Partial Mode": "Partial",
              "Parent Relationship": "Outer",
              "Parallel Aware": false,
              "Startup Cost": 294573.96,
              "Total Cost": 294573.97,
              "Plan Rows": 1,
              "Plan Width": 8,
              "Actual Startup Time": 1244.855,
              "Actual Total Time": 1244.985,
              "Actual Rows": 1,
              "Actual Loops": 6,
              "Plans": [
                {
                  "Node Type": "Hash Join",
                  "Parent Relationship": "Outer",
                  "Parallel Aware": true,
                  "Join Type": "Inner",
                  "Startup Cost": 84832.43,
                  "Total Cost": 292715.16,
                  "Plan Rows": 743521,
                  "Plan Width": 0,
                  "Actual Startup Time": 396.851,
                  "Actual Total Time": 1183.859,
                  "Actual Rows": 1128448,
                  "Actual Loops": 6,
                  "Inner Unique": false,
                  "Hash Cond": "(mi.movie_id = t.id)",
                  "Plans": [
                    {
                      "Node Type": "Seq Scan",
                      "Parent Relationship": "Outer",
                      "Parallel Aware": true,
                      "Relation Name": "movie_info",
                      "Alias": "mi",
                      "Startup Cost": 0.0,
                      "Total Cost": 198952.16,
                      "Plan Rows": 1885804,
                      "Plan Width": 4,
                      "Actual Startup Time": 18.133,
                      "Actual Total Time": 375.145,
                      "Actual Rows": 1570867,
                      "Actual Loops": 6,
                      "Filter": "(info_type_id > 5)",
                      "Rows Removed by Filter": 901753
                    },
                    {
                      "Node Type": "Hash",
                      "Parent Relationship": "Inner",
                      "Parallel Aware": true,
                      "Startup Cost": 81717.32,
                      "Total Cost": 81717.32,
                      "Plan Rows": 249209,
                      "Plan Width": 8,
                      "Actual Startup Time": 374.828,
                      "Actual Total Time": 374.957,
                      "Actual Rows": 116504,
                      "Actual Loops": 6,
                      "Hash Buckets": 1048576,
                      "Original Hash Buckets": 1048576,
                      "Hash Batches": 1,
                      "Original Hash Batches": 1,
                      "Peak Memory Usage": 35616,
                      "Plans": [
                        {
                          "Node Type": "Hash Join",
                          "Parent Relationship": "Outer",
                          "Parallel Aware": true,
                          "Join Type": "Inner",
                          "Startup Cost": 35434.32,
                          "Total Cost": 81717.32,
                          "Plan Rows": 249209,
                          "Plan Width": 8,
                          "Actual Startup Time": 123.211,
                          "Actual Total Time": 325.383,
                          "Actual Rows": 116504,
                          "Actual Loops": 6,
                          "Inner Unique": false,
                          "Hash Cond": "(t.id = mc.movie_id)",
                          "Plans": [
                            {
                              "Node Type": "Seq Scan",
                              "Parent Relationship": "Outer",
                              "Parallel Aware": true,
                              "Relation Name": "title",
                              "Alias": "t",
                              "Startup Cost": 0.0,
                              "Total Cost": 42318.73,
                              "Plan Rows": 632073,
                              "Plan Width": 4,
                              "Actual Startup Time": 0.01,
                              "Actual Total Time": 66.349,
                              "Actual Rows": 421385,
                              "Actual Loops": 6
                            },
                            {
                              "Node Type": "Hash",
                              "Parent Relationship": "Inner",
                              "Parallel Aware": true,
                              "Startup Cost": 31414.82,
                              "Total Cost": 31414.82,
                              "Plan Rows": 321560,
                              "Plan Width": 4,
                              "Actual Startup Time": 121.418,
                              "Actual Total Time": 121.428,
                              "Actual Rows": 116504,
                              "Actual Loops": 6,
                              "Hash Buckets": 1048576,
                              "Original Hash Buckets": 1048576,
                              "Hash Batches": 1,
                              "Original Hash Batches": 1,
                              "Peak Memory Usage": 35648,
                              "Plans": [
                                {
                                  "Node Type": "Seq Scan",
                                  "Parent Relationship": "Outer",
                                  "Parallel Aware": true,
                                  "Relation Name": "movie_companies",
                                  "Alias": "mc",
                                  "Startup Cost": 0.0,
                                  "Total Cost": 31414.82,
                                  "Plan Rows": 321560,
                                  "Plan Width": 4,
                                  "Actual Startup Time": 41.492,
                                  "Actual Total Time": 73.876,
                                  "Actual Rows": 116504,
                                  "Actual Loops": 6,
                                  "Filter": "((company_id < 52945) AND (company_type_id = 2))",
                                  "Rows Removed by Filter": 318350
                                }
                              ]
                            }
                          ]
                        }
                      ]
                    }
                  ]
                }
              ]
            }
          ]
        }
      ]
    },
    "Planning Time": 1.475,
    "Triggers": [],
    "Execution Time": 1308.45
  }
]