[
  {
    "Plan": {
      "Node Type": "Aggregate",
      "Strategy": "Plain",
      "Partial Mode": "Simple",
      "Parallel Aware": false,
      "Startup Cost": 5799.15,
      "Total Cost": 5799.16,
      "Plan Rows": 1,
      "Plan Width": 8,
      "Actual Startup Time": 2.834,
      "Actual Total Time": 2.835,
      "Actual Rows": 1,
      "Actual Loops": 1,
      "Plans": [
        {
          "Node Type": "Index Scan",
          "Parent Relationship": "Outer",
          "Parallel Aware": false,
          "Scan Direction": "Forward",
          "Index Name": "company_id_movie_companies",
          "Relation Name": "movie_companies",
          "Alias": "mc",
          "Startup Cost": 0.43,
          "Total Cost": 5796.17,
          "Plan Rows": 1192,
          "Plan Width": 0,
          "Actual Startup Time": 1.902,
          "Actual Total Time": 2.764,
          "Actual Rows": 470,
          "Actual Loops": 1,
          "Index Cond": "(company_id = 115)",
          "Rows Removed by Index Recheck": 0,
          "Filter": "(company_type_id > 1)",
          "Rows Removed by Filter": 2049
        }
      ]
    },
    "Planning Time": 0.17,
    "Triggers": [],
    "Execution Time": 2.88
  }
]