{
  "Plan": {
    "Node Type": "Aggregate",
    "Strategy": "Plain",
    "Partial Mode": "Finalize",
    "Parallel Aware": false,
    "Startup Cost": 312656.89,
    "Total Cost": 312656.9,
    "Plan Rows": 1,
    "Plan Width": 8,
    "Actual Startup Time": 1331.985,
    "Actual Total Time": 1375.263,
    "Actual Rows": 1,
    "Actual Loops": 1,
    "Plans": [
      {
        "Node Type": "Gather",
        "Parent Relationship": "Outer",
        "Parallel Aware": false,
        "Startup Cost": 312656.78,
        "Total Cost": 312656.89,
        "Plan Rows": 1,
        "Plan Width": 8,
        "Actual Startup Time": 1331.733,
        "Actual Total Time": 1375.245,
        "Actual Rows": 2,
        "Actual Loops": 1,
        "Workers Planned": 1,
        "Workers Launched": 1,
        "Single Copy": false,
        "Plans": [
          {
            "Node Type": "Aggregate",
            "Strategy": "Plain",
            "Partial Mode": "Partial",
            "Parent Relationship": "Outer",
            "Parallel Aware": false,
            "Startup Cost": 311656.78,
            "Total Cost": 311656.79,
            "Plan Rows": 1,
            "Plan Width": 8,
            "Actual Startup Time": 1325.679,
            "Actual Total Time": 1325.683,
            "Actual Rows": 1,
            "Actual Loops": 2,
            "Plans": [
              {
                "Node Type": "Hash Join",
                "Parent Relationship": "Outer",
                "Parallel Aware": true,
                "Join Type": "Inner",
                "Startup Cost": 39546.3,
                "Total Cost": 311329.79,
                "Plan Rows": 130797,
                "Plan Width": 0,
                "Actual Startup Time": 78.916,
                "Actual Total Time": 1319.161,
                "Actual Rows": 144346,
                "Actual Loops": 2,
                "Inner Unique": true,
                "Hash Cond": "(mi.movie_id = t.id)",
                "Plans": [
                  {
                    "Node Type": "Seq Scan",
                    "Parent Relationship": "Outer",
                    "Parallel Aware": true,
                    "Relation Name": "movie_info",
                    "Alias": "mi",
                    "Startup Cost": 0.0,
                    "Total Cost": 248955.74,
                    "Plan Rows": 8696274,
                    "Plan Width": 4,
                    "Actual Startup Time": 0.012,
                    "Actual Total Time": 617.519,
                    "Actual Rows": 7417860,
                    "Actual Loops": 2
                  },
                  {
                    "Node Type": "Hash",
                    "Parent Relationship": "Inner",
                    "Parallel Aware": true,
                    "Startup Cost": 39266.69,
                    "Total Cost": 39266.69,
                    "Plan Rows": 22369,
                    "Plan Width": 4,
                    "Actual Startup Time": 59.964,
                    "Actual Total Time": 59.966,
                    "Actual Rows": 18678,
                    "Actual Loops": 2,
                    "Hash Buckets": 65536,
                    "Original Hash Buckets": 65536,
                    "Hash Batches": 1,
                    "Original Hash Batches": 1,
                    "Peak Memory Usage": 2016,
                    "Plans": [
                      {
                        "Node Type": "Bitmap Heap Scan",
                        "Parent Relationship": "Outer",
                        "Parallel Aware": true,
                        "Relation Name": "title",
                        "Alias": "t",
                        "Startup Cost": 2190.44,
                        "Total Cost": 39266.69,
                        "Plan Rows": 22369,
                        "Plan Width": 4,
                        "Actual Startup Time": 17.858,
                        "Actual Total Time": 55.142,
                        "Actual Rows": 18678,
                        "Actual Loops": 2,
                        "Recheck Cond": "(kind_id = 4)",
                        "Rows Removed by Index Recheck": 0,
                        "Filter": "(production_year > 2007)",
                        "Rows Removed by Filter": 40438,
                        "Exact Heap Blocks": 10356,
                        "Lossy Heap Blocks": 0,
                        "Plans": [
                          {
                            "Node Type": "Bitmap Index Scan",
                            "Parent Relationship": "Outer",
                            "Parallel Aware": false,
                            "Index Name": "kind_id_title",
                            "Startup Cost": 0.0,
                            "Total Cost": 2180.94,
                            "Plan Rows": 122201,
                            "Plan Width": 0,
                            "Actual Startup Time": 17.444,
                            "Actual Total Time": 17.445,
                            "Actual Rows": 118234,
                            "Actual Loops": 1,
                            "Index Cond": "(kind_id = 4)"
                          }
                        ]
                      }
                    ]
                  }
                ]
              }
            ]
          }
        ]
      }
    ]
  },
  "Planning Time": 0.678,
  "Triggers": [],
  "Execution Time": 1375.363
}