{
  "Plan": {
    "Node Type": "Aggregate",
    "Strategy": "Plain",
    "Partial Mode": "Finalize",
    "Parallel Aware": false,
    "Startup Cost": 407851.73,
    "Total Cost": 407851.74,
    "Plan Rows": 1,
    "Plan Width": 8,
    "Actual Startup Time": 947.14,
    "Actual Total Time": 965.987,
    "Actual Rows": 1,
    "Actual Loops": 1,
    "Plans": [
      {
        "Node Type": "Gather",
        "Parent Relationship": "Outer",
        "Parallel Aware": false,
        "Startup Cost": 407851.62,
        "Total Cost": 407851.73,
        "Plan Rows": 1,
        "Plan Width": 8,
        "Actual Startup Time": 945.218,
        "Actual Total Time": 965.975,
        "Actual Rows": 2,
        "Actual Loops": 1,
        "Workers Planned": 1,
        "Workers Launched": 1,
        "Single Copy": false,
        "Plans": [
          {
            "Node Type": "Aggregate",
            "Strategy": "Plain",
            "Partial Mode": "Partial",
            "Parent Relationship": "Outer",
            "Parallel Aware": false,
            "Startup Cost": 406851.62,
            "Total Cost": 406851.63,
            "Plan Rows": 1,
            "Plan Width": 8,
            "Actual Startup Time": 941.921,
            "Actual Total Time": 941.925,
            "Actual Rows": 1,
            "Actual Loops": 2,
            "Plans": [
              {
                "Node Type": "Hash Join",
                "Parent Relationship": "Outer",
                "Parallel Aware": true,
                "Join Type": "Inner",
                "Startup Cost": 127338.46,
                "Total Cost": 405581.38,
                "Plan Rows": 508095,
                "Plan Width": 0,
                "Actual Startup Time": 372.237,
                "Actual Total Time": 921.855,
                "Actual Rows": 394972,
                "Actual Loops": 2,
                "Inner Unique": true,
                "Hash Cond": "(ci.movie_id = t.id)",
                "Plans": [
                  {
                    "Node Type": "Bitmap Heap Scan",
                    "Parent Relationship": "Outer",
                    "Parallel Aware": true,
                    "Relation Name": "cast_info",
                    "Alias": "ci",
                    "Startup Cost": 63441.67,
                    "Total Cost": 337249.25,
                    "Plan Rows": 1689647,
                    "Plan Width": 4,
                    "Actual Startup Time": 99.986,
                    "Actual Total Time": 275.421,
                    "Actual Rows": 1456068,
                    "Actual Loops": 2,
                    "Recheck Cond": "(person_id < 283209)",
                    "Rows Removed by Index Recheck": 0,
                    "Exact Heap Blocks": 19169,
                    "Lossy Heap Blocks": 0,
                    "Plans": [
                      {
                        "Node Type": "Bitmap Index Scan",
                        "Parent Relationship": "Outer",
                        "Parallel Aware": false,
                        "Index Name": "person_id_cast_info",
                        "Startup Cost": 0.0,
                        "Total Cost": 62723.57,
                        "Plan Rows": 2872400,
                        "Plan Width": 0,
                        "Actual Startup Time": 94.868,
                        "Actual Total Time": 94.869,
                        "Actual Rows": 2912136,
                        "Actual Loops": 1,
                        "Index Cond": "(person_id < 283209)"
                      }
                    ]
                  },
                  {
                    "Node Type": "Hash",
                    "Parent Relationship": "Inner",
                    "Parallel Aware": true,
                    "Startup Cost": 58306.47,
                    "Total Cost": 58306.47,
                    "Plan Rows": 447226,
                    "Plan Width": 4,
                    "Actual Startup Time": 264.818,
                    "Actual Total Time": 264.819,
                    "Actual Rows": 341140,
                    "Actual Loops": 2,
                    "Hash Buckets": 1048576,
                    "Original Hash Buckets": 1048576,
                    "Hash Batches": 1,
                    "Original Hash Batches": 1,
                    "Peak Memory Usage": 34944,
                    "Plans": [
                      {
                        "Node Type": "Seq Scan",
                        "Parent Relationship": "Outer",
                        "Parallel Aware": true,
                        "Relation Name": "title",
                        "Alias": "t",
                        "Startup Cost": 0.0,
                        "Total Cost": 58306.47,
                        "Plan Rows": 447226,
                        "Plan Width": 4,
                        "Actual Startup Time": 0.02,
                        "Actual Total Time": 174.365,
                        "Actual Rows": 341140,
                        "Actual Loops": 2,
                        "Filter": "((production_year < 2004) AND (kind_id = 7))",
                        "Rows Removed by Filter": 923016
                      }
                    ]
                  }
                ]
              }
            ]
          }
        ]
      }
    ]
  },
  "Planning Time": 0.499,
  "Triggers": [],
  "Execution Time": 966.064
}