[
  {
    "Plan": {
      "Node Type": "Aggregate",
      "Strategy": "Plain",
      "Partial Mode": "Finalize",
      "Parallel Aware": false,
      "Startup Cost": 79415.62,
      "Total Cost": 79415.63,
      "Plan Rows": 1,
      "Plan Width": 8,
      "Actual Startup Time": 307.694,
      "Actual Total Time": 325.787,
      "Actual Rows": 1,
      "Actual Loops": 1,
      "Plans": [
        {
          "Node Type": "Gather",
          "Parent Relationship": "Outer",
          "Parallel Aware": false,
          "Startup Cost": 79415.3,
          "Total Cost": 79415.61,
          "Plan Rows": 3,
          "Plan Width": 8,
          "Actual Startup Time": 305.959,
          "Actual Total Time": 325.776,
          "Actual Rows": 4,
          "Actual Loops": 1,
          "Workers Planned": 3,
          "Workers Launched": 3,
          "Single Copy": false,
          "Plans": [
            {
              "Node Type": "Aggregate",
              "Strategy": "Plain",
              "Partial Mode": "Partial",
              "Parent Relationship": "Outer",
              "Parallel Aware": false,
              "Startup Cost": 78415.3,
              "Total Cost": 78415.31,
              "Plan Rows": 1,
              "Plan Width": 8,
              "Actual Startup Time": 300.57,
              "Actual Total Time": 300.573,
              "Actual Rows": 1,
              "Actual Loops": 4,
              "Plans": [
                {
                  "Node Type": "Hash Join",
                  "Parent Relationship": "Outer",
                  "Parallel Aware": true,
                  "Join Type": "Inner",
                  "Startup Cost": 47079.46,
                  "Total Cost": 78087.9,
                  "Plan Rows": 130958,
                  "Plan Width": 0,
                  "Actual Startup Time": 165.872,
                  "Actual Total Time": 294.795,
                  "Actual Rows": 129902,
                  "Actual Loops": 4,
                  "Inner Unique": true,
                  "Hash Cond": "(mc.movie_id = t.id)",
                  "Plans": [
                    {
                      "Node Type": "Seq Scan",
                      "Parent Relationship": "Outer",
                      "Parallel Aware": true,
                      "Relation Name": "movie_companies",
                      "Alias": "mc",
                      "Startup Cost": 0.0,
                      "Total Cost": 29310.68,
                      "Plan Rows": 646766,
                      "Plan Width": 4,
                      "Actual Startup Time": 0.01,
                      "Actual Total Time": 74.629,
                      "Actual Rows": 502403,
                      "Actual Loops": 4,
                      "Filter": "(company_id < 67945)",
                      "Rows Removed by Filter": 149879
                    },
                    {
                      "Node Type": "Hash",
                      "Parent Relationship": "Inner",
                      "Parallel Aware": true,
                      "Startup Cost": 45479.59,
                      "Total Cost": 45479.59,
                      "Plan Rows": 127990,
                      "Plan Width": 4,
                      "Actual Startup Time": 132.096,
                      "Actual Total Time": 132.096,
                      "Actual Rows": 96644,
                      "Actual Loops": 4,
                      "Hash Buckets": 524288,
                      "Original Hash Buckets": 524288,
                      "Hash Batches": 1,
                      "Original Hash Batches": 1,
                      "Peak Memory Usage": 19296,
                      "Plans": [
                        {
                          "Node Type": "Seq Scan",
                          "Parent Relationship": "Outer",
                          "Parallel Aware": true,
                          "Relation Name": "title",
                          "Alias": "t",
                          "Startup Cost": 0.0,
                          "Total Cost": 45479.59,
                          "Plan Rows": 127990,
                          "Plan Width": 4,
                          "Actual Startup Time": 40.955,
                          "Actual Total Time": 98.515,
                          "Actual Rows": 96644,
                          "Actual Loops": 4,
                          "Filter": "((production_year > 1979) AND (kind_id = 1))",
                          "Rows Removed by Filter": 535434
                        }
                      ]
                    }
                  ]
                }
              ]
            }
          ]
        }
      ]
    },
    "Planning Time": 0.25,
    "Triggers": [],
    "Execution Time": 325.833
  }
]