[
  {
    "Plan": {
      "Node Type": "Aggregate",
      "Strategy": "Plain",
      "Partial Mode": "Finalize",
      "Parallel Aware": false,
      "Startup Cost": 88848.27,
      "Total Cost": 88848.28,
      "Plan Rows": 1,
      "Plan Width": 8,
      "Actual Startup Time": 222.717,
      "Actual Total Time": 242.11,
      "Actual Rows": 1,
      "Actual Loops": 1,
      "Plans": [
        {
          "Node Type": "Gather",
          "Parent Relationship": "Outer",
          "Parallel Aware": false,
          "Startup Cost": 88847.95,
          "Total Cost": 88848.26,
          "Plan Rows": 3,
          "Plan Width": 8,
          "Actual Startup Time": 222.396,
          "Actual Total Time": 242.101,
          "Actual Rows": 4,
          "Actual Loops": 1,
          "Workers Planned": 3,
          "Workers Launched": 3,
          "Single Copy": false,
          "Plans": [
            {
              "Node Type": "Aggregate",
              "Strategy": "Plain",
              "Partial Mode": "Partial",
              "Parent Relationship": "Outer",
              "Parallel Aware": false,
              "Startup Cost": 87847.95,
              "Total Cost": 87847.96,
              "Plan Rows": 1,
              "Plan Width": 8,
              "Actual Startup Time": 213.743,
              "Actual Total Time": 213.748,
              "Actual Rows": 1,
              "Actual Loops": 4,
              "Plans": [
                {
                  "Node Type": "Hash Join",
                  "Parent Relationship": "Outer",
                  "Parallel Aware": true,
                  "Join Type": "Inner",
                  "Startup Cost": 44013.62,
                  "Total Cost": 87832.48,
                  "Plan Rows": 6190,
                  "Plan Width": 0,
                  "Actual Startup Time": 100.71,
                  "Actual Total Time": 213.479,
                  "Actual Rows": 5071,
                  "Actual Loops": 4,
                  "Inner Unique": true,
                  "Hash Cond": "(mk.movie_id = t.id)",
                  "Plans": [
                    {
                      "Node Type": "Seq Scan",
                      "Parent Relationship": "Outer",
                      "Parallel Aware": true,
                      "Relation Name": "movie_keyword",
                      "Alias": "mk",
                      "Startup Cost": 0.0,
                      "Total Cost": 42695.65,
                      "Plan Rows": 427886,
                      "Plan Width": 4,
                      "Actual Startup Time": 0.823,
                      "Actual Total Time": 88.805,
                      "Actual Rows": 331132,
                      "Actual Loops": 4,
                      "Filter": "(keyword_id > 13047)",
                      "Rows Removed by Filter": 799851
                    },
                    {
                      "Node Type": "Hash",
                      "Parent Relationship": "Inner",
                      "Parallel Aware": true,
                      "Startup Cost": 43899.32,
                      "Total Cost": 43899.32,
                      "Plan Rows": 9144,
                      "Plan Width": 4,
                      "Actual Startup Time": 98.25,
                      "Actual Total Time": 98.252,
                      "Actual Rows": 9109,
                      "Actual Loops": 4,
                      "Hash Buckets": 65536,
                      "Original Hash Buckets": 65536,
                      "Hash Batches": 1,
                      "Original Hash Batches": 1,
                      "Peak Memory Usage": 1984,
                      "Plans": [
                        {
                          "Node Type": "Seq Scan",
                          "Parent Relationship": "Outer",
                          "Parallel Aware": true,
                          "Relation Name": "title",
                          "Alias": "t",
                          "Startup Cost": 0.0,
                          "Total Cost": 43899.32,
                          "Plan Rows": 9144,
                          "Plan Width": 4,
                          "Actual Startup Time": 0.094,
                          "Actual Total Time": 93.778,
                          "Actual Rows": 9109,
                          "Actual Loops": 4,
                          "Filter": "(production_year = 1995)",
                          "Rows Removed by Filter": 622969
                        }
                      ]
                    }
                  ]
                }
              ]
            }
          ]
        }
      ]
    },
    "Planning Time": 0.542,
    "Triggers": [],
    "Execution Time": 242.182
  }
]