{
  "Plan": {
    "Node Type": "Aggregate",
    "Strategy": "Plain",
    "Partial Mode": "Finalize",
    "Parallel Aware": false,
    "Startup Cost": 844854.15,
    "Total Cost": 844854.16,
    "Plan Rows": 1,
    "Plan Width": 8,
    "Actual Startup Time": 6574.976,
    "Actual Total Time": 6632.688,
    "Actual Rows": 1,
    "Actual Loops": 1,
    "Plans": [
      {
        "Node Type": "Gather",
        "Parent Relationship": "Outer",
        "Parallel Aware": false,
        "Startup Cost": 844854.04,
        "Total Cost": 844854.15,
        "Plan Rows": 1,
        "Plan Width": 8,
        "Actual Startup Time": 6571.011,
        "Actual Total Time": 6632.677,
        "Actual Rows": 2,
        "Actual Loops": 1,
        "Workers Planned": 1,
        "Workers Launched": 1,
        "Single Copy": false,
        "Plans": [
          {
            "Node Type": "Aggregate",
            "Strategy": "Plain",
            "Partial Mode": "Partial",
            "Parent Relationship": "Outer",
            "Parallel Aware": false,
            "Startup Cost": 843854.04,
            "Total Cost": 843854.05,
            "Plan Rows": 1,
            "Plan Width": 8,
            "Actual Startup Time": 6565.655,
            "Actual Total Time": 6566.874,
            "Actual Rows": 1,
            "Actual Loops": 2,
            "Plans": [
              {
                "Node Type": "Hash Join",
                "Parent Relationship": "Outer",
                "Parallel Aware": true,
                "Join Type": "Inner",
                "Startup Cost": 137743.81,
                "Total Cost": 809123.82,
                "Plan Rows": 13892087,
                "Plan Width": 0,
                "Actual Startup Time": 878.772,
                "Actual Total Time": 6102.105,
                "Actual Rows": 11211264,
                "Actual Loops": 2,
                "Inner Unique": false,
                "Hash Cond": "(ci.movie_id = t.id)",
                "Plans": [
                  {
                    "Node Type": "Seq Scan",
                    "Parent Relationship": "Outer",
                    "Parallel Aware": true,
                    "Relation Name": "cast_info",
                    "Alias": "ci",
                    "Startup Cost": 0.0,
                    "Total Cost": 519069.44,
                    "Plan Rows": 18824635,
                    "Plan Width": 4,
                    "Actual Startup Time": 0.037,
                    "Actual Total Time": 1741.214,
                    "Actual Rows": 16115548,
                    "Actual Loops": 2,
                    "Filter": "(person_id < 3321660)",
                    "Rows Removed by Filter": 2006624
                  },
                  {
                    "Node Type": "Hash",
                    "Parent Relationship": "Inner",
                    "Parallel Aware": true,
                    "Startup Cost": 124024.59,
                    "Total Cost": 124024.59,
                    "Plan Rows": 1097538,
                    "Plan Width": 8,
                    "Actual Startup Time": 865.168,
                    "Actual Total Time": 866.385,
                    "Actual Rows": 421104,
                    "Actual Loops": 2,
                    "Hash Buckets": 2097152,
                    "Original Hash Buckets": 2097152,
                    "Hash Batches": 1,
                    "Original Hash Batches": 1,
                    "Peak Memory Usage": 49344,
                    "Plans": [
                      {
                        "Node Type": "Hash Join",
                        "Parent Relationship": "Outer",
                        "Parallel Aware": true,
                        "Join Type": "Inner",
                        "Startup Cost": 65973.74,
                        "Total Cost": 124024.59,
                        "Plan Rows": 1097538,
                        "Plan Width": 8,
                        "Actual Startup Time": 378.417,
                        "Actual Total Time": 783.235,
                        "Actual Rows": 421104,
                        "Actual Loops": 2,
                        "Inner Unique": true,
                        "Hash Cond": "(mk.movie_id = t.id)",
                        "Plans": [
                          {
                            "Node Type": "Seq Scan",
                            "Parent Relationship": "Outer",
                            "Parallel Aware": true,
                            "Relation Name": "movie_keyword",
                            "Alias": "mk",
                            "Startup Cost": 0.0,
                            "Total Cost": 51065.35,
                            "Plan Rows": 2661135,
                            "Plan Width": 4,
                            "Actual Startup Time": 0.011,
                            "Actual Total Time": 158.034,
                            "Actual Rows": 2261965,
                            "Actual Loops": 2
                          },
                          {
                            "Node Type": "Hash",
                            "Parent Relationship": "Inner",
                            "Parallel Aware": true,
                            "Startup Cost": 58306.47,
                            "Total Cost": 58306.47,
                            "Plan Rows": 613382,
                            "Plan Width": 4,
                            "Actual Startup Time": 374.481,
                            "Actual Total Time": 374.482,
                            "Actual Rows": 578155,
                            "Actual Loops": 2,
                            "Hash Buckets": 2097152,
                            "Original Hash Buckets": 1048576,
                            "Hash Batches": 1,
                            "Original Hash Batches": 1,
                            "Peak Memory Usage": 69824,
                            "Plans": [
                              {
                                "Node Type": "Seq Scan",
                                "Parent Relationship": "Outer",
                                "Parallel Aware": true,
                                "Relation Name": "title",
                                "Alias": "t",
                                "Startup Cost": 0.0,
                                "Total Cost": 58306.47,
                                "Plan Rows": 613382,
                                "Plan Width": 4,
                                "Actual Startup Time": 0.029,
                                "Actual Total Time": 172.35,
                                "Actual Rows": 578155,
                                "Actual Loops": 2,
                                "Filter": "((kind_id > 3) AND (production_year > 1996))",
                                "Rows Removed by Filter": 686001
                              }
                            ]
                          }
                        ]
                      }
                    ]
                  }
                ]
              }
            ]
          }
        ]
      }
    ]
  },
  "Planning Time": 0.605,
  "Triggers": [],
  "Execution Time": 6632.765
}