[
  {
    "Plan": {
      "Node Type": "Aggregate",
      "Strategy": "Plain",
      "Partial Mode": "Finalize",
      "Parallel Aware": false,
      "Startup Cost": 30855.1,
      "Total Cost": 30855.11,
      "Plan Rows": 1,
      "Plan Width": 8,
      "Actual Startup Time": 81.153,
      "Actual Total Time": 88.537,
      "Actual Rows": 1,
      "Actual Loops": 1,
      "Plans": [
        {
          "Node Type": "Gather",
          "Parent Relationship": "Outer",
          "Parallel Aware": false,
          "Startup Cost": 30854.78,
          "Total Cost": 30855.09,
          "Plan Rows": 3,
          "Plan Width": 8,
          "Actual Startup Time": 81.074,
          "Actual Total Time": 88.53,
          "Actual Rows": 4,
          "Actual Loops": 1,
          "Workers Planned": 3,
          "Workers Launched": 3,
          "Single Copy": false,
          "Plans": [
            {
              "Node Type": "Aggregate",
              "Strategy": "Plain",
              "Partial Mode": "Partial",
              "Parent Relationship": "Outer",
              "Parallel Aware": false,
              "Startup Cost": 29854.78,
              "Total Cost": 29854.79,
              "Plan Rows": 1,
              "Plan Width": 8,
              "Actual Startup Time": 74.646,
              "Actual Total Time": 74.647,
              "Actual Rows": 1,
              "Actual Loops": 4,
              "Plans": [
                {
                  "Node Type": "Seq Scan",
                  "Parent Relationship": "Outer",
                  "Parallel Aware": true,
                  "Relation Name": "movie_companies",
                  "Alias": "mc",
                  "Startup Cost": 0.0,
                  "Total Cost": 29310.68,
                  "Plan Rows": 217639,
                  "Plan Width": 0,
                  "Actual Startup Time": 0.034,
                  "Actual Total Time": 66.116,
                  "Actual Rows": 167270,
                  "Actual Loops": 4,
                  "Filter": "(company_id < 1052)",
                  "Rows Removed by Filter": 485013
                }
              ]
            }
          ]
        }
      ]
    },
    "Planning Time": 0.08,
    "Triggers": [],
    "Execution Time": 88.563
  }
]