[
  {
    "Plan": {
      "Node Type": "Aggregate",
      "Strategy": "Plain",
      "Partial Mode": "Finalize",
      "Parallel Aware": false,
      "Startup Cost": 30855.26,
      "Total Cost": 30855.27,
      "Plan Rows": 1,
      "Plan Width": 8,
      "Actual Startup Time": 95.947,
      "Actual Total Time": 104.943,
      "Actual Rows": 1,
      "Actual Loops": 1,
      "Plans": [
        {
          "Node Type": "Gather",
          "Parent Relationship": "Outer",
          "Parallel Aware": false,
          "Startup Cost": 30854.95,
          "Total Cost": 30855.26,
          "Plan Rows": 3,
          "Plan Width": 8,
          "Actual Startup Time": 95.849,
          "Actual Total Time": 104.936,
          "Actual Rows": 4,
          "Actual Loops": 1,
          "Workers Planned": 3,
          "Workers Launched": 3,
          "Single Copy": false,
          "Plans": [
            {
              "Node Type": "Aggregate",
              "Strategy": "Plain",
              "Partial Mode": "Partial",
              "Parent Relationship": "Outer",
              "Parallel Aware": false,
              "Startup Cost": 29854.95,
              "Total Cost": 29854.96,
              "Plan Rows": 1,
              "Plan Width": 8,
              "Actual Startup Time": 87.341,
              "Actual Total Time": 87.342,
              "Actual Rows": 1,
              "Actual Loops": 4,
              "Plans": [
                {
                  "Node Type": "Seq Scan",
                  "Parent Relationship": "Outer",
                  "Parallel Aware": true,
                  "Relation Name": "movie_companies",
                  "Alias": "mc",
                  "Startup Cost": 0.0,
                  "Total Cost": 29310.68,
                  "Plan Rows": 217706,
                  "Plan Width": 0,
                  "Actual Startup Time": 0.051,
                  "Actual Total Time": 75.623,
                  "Actual Rows": 167270,
                  "Actual Loops": 4,
                  "Filter": "(company_id < 1052)",
                  "Rows Removed by Filter": 485013
                }
              ]
            }
          ]
        }
      ]
    },
    "Planning Time": 0.185,
    "Triggers": [],
    "Execution Time": 104.999
  }
]