[
  {
    "Plan": {
      "Node Type": "Aggregate",
      "Strategy": "Plain",
      "Partial Mode": "Finalize",
      "Parallel Aware": false,
      "Startup Cost": 88248.84,
      "Total Cost": 88248.85,
      "Plan Rows": 1,
      "Plan Width": 8,
      "Actual Startup Time": 99.64,
      "Actual Total Time": 116.469,
      "Actual Rows": 1,
      "Actual Loops": 1,
      "Plans": [
        {
          "Node Type": "Gather",
          "Parent Relationship": "Outer",
          "Parallel Aware": false,
          "Startup Cost": 88248.53,
          "Total Cost": 88248.84,
          "Plan Rows": 3,
          "Plan Width": 8,
          "Actual Startup Time": 99.625,
          "Actual Total Time": 116.464,
          "Actual Rows": 4,
          "Actual Loops": 1,
          "Workers Planned": 3,
          "Workers Launched": 3,
          "Single Copy": false,
          "Plans": [
            {
              "Node Type": "Aggregate",
              "Strategy": "Plain",
              "Partial Mode": "Partial",
              "Parent Relationship": "Outer",
              "Parallel Aware": false,
              "Startup Cost": 87248.53,
              "Total Cost": 87248.54,
              "Plan Rows": 1,
              "Plan Width": 8,
              "Actual Startup Time": 89.893,
              "Actual Total Time": 89.894,
              "Actual Rows": 1,
              "Actual Loops": 4,
              "Plans": [
                {
                  "Node Type": "Nested Loop",
                  "Parent Relationship": "Outer",
                  "Parallel Aware": false,
                  "Join Type": "Inner",
                  "Startup Cost": 1345.03,
                  "Total Cost": 87089.15,
                  "Plan Rows": 63749,
                  "Plan Width": 0,
                  "Actual Startup Time": 20.683,
                  "Actual Total Time": 89.076,
                  "Actual Rows": 10967,
                  "Actual Loops": 4,
                  "Inner Unique": false,
                  "Plans": [
                    {
                      "Node Type": "Nested Loop",
                      "Parent Relationship": "Outer",
                      "Parallel Aware": false,
                      "Join Type": "Inner",
                      "Startup Cost": 1344.46,
                      "Total Cost": 64997.45,
                      "Plan Rows": 10213,
                      "Plan Width": 8,
                      "Actual Startup Time": 20.406,
                      "Actual Total Time": 30.923,
                      "Actual Rows": 1644,
                      "Actual Loops": 4,
                      "Inner Unique": true,
                      "Plans": [
                        {
                          "Node Type": "Bitmap Heap Scan",
                          "Parent Relationship": "Outer",
                          "Parallel Aware": true,
                          "Relation Name": "movie_companies",
                          "Alias": "mc",
                          "Startup Cost": 1344.03,
                          "Total Cost": 20435.76,
                          "Plan Rows": 10213,
                          "Plan Width": 4,
                          "Actual Startup Time": 20.274,
                          "Actual Total Time": 21.345,
                          "Actual Rows": 1644,
                          "Actual Loops": 4,
                          "Recheck Cond": "(company_id = 6)",
                          "Rows Removed by Index Recheck": 0,
                          "Filter": "(company_type_id = 2)",
                          "Rows Removed by Filter": 13874,
                          "Exact Heap Blocks": 3560,
                          "Lossy Heap Blocks": 0,
                          "Plans": [
                            {
                              "Node Type": "Bitmap Index Scan",
                              "Parent Relationship": "Outer",
                              "Parallel Aware": false,
                              "Index Name": "company_id_movie_companies",
                              "Startup Cost": 0.0,
                              "Total Cost": 1336.12,
                              "Plan Rows": 62358,
                              "Plan Width": 0,
                              "Actual Startup Time": 11.976,
                              "Actual Total Time": 11.976,
                              "Actual Rows": 62075,
                              "Actual Loops": 1,
                              "Index Cond": "(company_id = 6)"
                            }
                          ]
                        },
                        {
                          "Node Type": "Index Only Scan",
                          "Parent Relationship": "Inner",
                          "Parallel Aware": false,
                          "Scan Direction": "Forward",
                          "Index Name": "title_pkey",
                          "Relation Name": "title",
                          "Alias": "t",
                          "Startup Cost": 0.43,
                          "Total Cost": 4.36,
                          "Plan Rows": 1,
                          "Plan Width": 4,
                          "Actual Startup Time": 0.005,
                          "Actual Total Time": 0.005,
                          "Actual Rows": 1,
                          "Actual Loops": 6578,
                          "Index Cond": "(id = mc.movie_id)",
                          "Rows Removed by Index Recheck": 0,
                          "Heap Fetches": 6578
                        }
                      ]
                    },
                    {
                      "Node Type": "Index Scan",
                      "Parent Relationship": "Inner",
                      "Parallel Aware": false,
                      "Scan Direction": "Forward",
                      "Index Name": "movie_id_cast_info",
                      "Relation Name": "cast_info",
                      "Alias": "ci",
                      "Startup Cost": 0.56,
                      "Total Cost": 2.0,
                      "Plan Rows": 16,
                      "Plan Width": 4,
                      "Actual Startup Time": 0.021,
                      "Actual Total Time": 0.034,
                      "Actual Rows": 7,
                      "Actual Loops": 6578,
                      "Index Cond": "(movie_id = t.id)",
                      "Rows Removed by Index Recheck": 0,
                      "Filter": "((person_id > 1195740) AND (role_id > 1))",
                      "Rows Removed by Filter": 9
                    }
                  ]
                }
              ]
            }
          ]
        }
      ]
    },
    "Planning Time": 1.442,
    "Triggers": [],
    "Execution Time": 116.599
  }
]