[
  {
    "Plan": {
      "Node Type": "Aggregate",
      "Strategy": "Plain",
      "Partial Mode": "Finalize",
      "Parallel Aware": false,
      "Startup Cost": 39813.22,
      "Total Cost": 39813.23,
      "Plan Rows": 1,
      "Plan Width": 8,
      "Actual Startup Time": 135.535,
      "Actual Total Time": 144.515,
      "Actual Rows": 1,
      "Actual Loops": 1,
      "Plans": [
        {
          "Node Type": "Gather",
          "Parent Relationship": "Outer",
          "Parallel Aware": false,
          "Startup Cost": 39812.9,
          "Total Cost": 39813.21,
          "Plan Rows": 3,
          "Plan Width": 8,
          "Actual Startup Time": 135.227,
          "Actual Total Time": 144.506,
          "Actual Rows": 4,
          "Actual Loops": 1,
          "Workers Planned": 3,
          "Workers Launched": 3,
          "Single Copy": false,
          "Plans": [
            {
              "Node Type": "Aggregate",
              "Strategy": "Plain",
              "Partial Mode": "Partial",
              "Parent Relationship": "Outer",
              "Parallel Aware": false,
              "Startup Cost": 38812.9,
              "Total Cost": 38812.91,
              "Plan Rows": 1,
              "Plan Width": 8,
              "Actual Startup Time": 128.137,
              "Actual Total Time": 128.139,
              "Actual Rows": 1,
              "Actual Loops": 4,
              "Plans": [
                {
                  "Node Type": "Bitmap Heap Scan",
                  "Parent Relationship": "Outer",
                  "Parallel Aware": true,
                  "Relation Name": "movie_keyword",
                  "Alias": "mk",
                  "Startup Cost": 11691.97,
                  "Total Cost": 38368.41,
                  "Plan Rows": 177795,
                  "Plan Width": 0,
                  "Actual Startup Time": 48.456,
                  "Actual Total Time": 120.546,
                  "Actual Rows": 134767,
                  "Actual Loops": 4,
                  "Recheck Cond": "(keyword_id > 34084)",
                  "Rows Removed by Index Recheck": 0,
                  "Exact Heap Blocks": 10273,
                  "Lossy Heap Blocks": 0,
                  "Plans": [
                    {
                      "Node Type": "Bitmap Index Scan",
                      "Parent Relationship": "Outer",
                      "Parallel Aware": false,
                      "Index Name": "keyword_id_movie_keyword",
                      "Startup Cost": 0.0,
                      "Total Cost": 11554.18,
                      "Plan Rows": 551166,
                      "Plan Width": 0,
                      "Actual Startup Time": 51.281,
                      "Actual Total Time": 51.281,
                      "Actual Rows": 539068,
                      "Actual Loops": 1,
                      "Index Cond": "(keyword_id > 34084)"
                    }
                  ]
                }
              ]
            }
          ]
        }
      ]
    },
    "Planning Time": 0.218,
    "Triggers": [],
    "Execution Time": 144.594
  }
]