[
  {
    "Plan": {
      "Node Type": "Aggregate",
      "Strategy": "Plain",
      "Partial Mode": "Finalize",
      "Parallel Aware": false,
      "Startup Cost": 31364.13,
      "Total Cost": 31364.14,
      "Plan Rows": 1,
      "Plan Width": 8,
      "Actual Startup Time": 103.754,
      "Actual Total Time": 112.299,
      "Actual Rows": 1,
      "Actual Loops": 1,
      "Plans": [
        {
          "Node Type": "Gather",
          "Parent Relationship": "Outer",
          "Parallel Aware": false,
          "Startup Cost": 31363.82,
          "Total Cost": 31364.13,
          "Plan Rows": 3,
          "Plan Width": 8,
          "Actual Startup Time": 103.603,
          "Actual Total Time": 112.29,
          "Actual Rows": 4,
          "Actual Loops": 1,
          "Workers Planned": 3,
          "Workers Launched": 3,
          "Single Copy": false,
          "Plans": [
            {
              "Node Type": "Aggregate",
              "Strategy": "Plain",
              "Partial Mode": "Partial",
              "Parent Relationship": "Outer",
              "Parallel Aware": false,
              "Startup Cost": 30363.82,
              "Total Cost": 30363.83,
              "Plan Rows": 1,
              "Plan Width": 8,
              "Actual Startup Time": 98.697,
              "Actual Total Time": 98.698,
              "Actual Rows": 1,
              "Actual Loops": 4,
              "Plans": [
                {
                  "Node Type": "Seq Scan",
                  "Parent Relationship": "Outer",
                  "Parallel Aware": true,
                  "Relation Name": "movie_companies",
                  "Alias": "mc",
                  "Startup Cost": 0.0,
                  "Total Cost": 29310.68,
                  "Plan Rows": 421254,
                  "Plan Width": 0,
                  "Actual Startup Time": 0.025,
                  "Actual Total Time": 80.792,
                  "Actual Rows": 329026,
                  "Actual Loops": 4,
                  "Filter": "(company_id < 11369)",
                  "Rows Removed by Filter": 323256
                }
              ]
            }
          ]
        }
      ]
    },
    "Planning Time": 0.107,
    "Triggers": [],
    "Execution Time": 112.334
  }
]