[
  {
    "Plan": {
      "Node Type": "Aggregate",
      "Strategy": "Plain",
      "Partial Mode": "Finalize",
      "Parallel Aware": false,
      "Startup Cost": 126013.93,
      "Total Cost": 126013.94,
      "Plan Rows": 1,
      "Plan Width": 8,
      "Actual Startup Time": 861.694,
      "Actual Total Time": 889.295,
      "Actual Rows": 1,
      "Actual Loops": 1,
      "Plans": [
        {
          "Node Type": "Gather",
          "Parent Relationship": "Outer",
          "Parallel Aware": false,
          "Startup Cost": 126013.61,
          "Total Cost": 126013.92,
          "Plan Rows": 3,
          "Plan Width": 8,
          "Actual Startup Time": 841.669,
          "Actual Total Time": 889.286,
          "Actual Rows": 4,
          "Actual Loops": 1,
          "Workers Planned": 3,
          "Workers Launched": 3,
          "Single Copy": false,
          "Plans": [
            {
              "Node Type": "Aggregate",
              "Strategy": "Plain",
              "Partial Mode": "Partial",
              "Parent Relationship": "Outer",
              "Parallel Aware": false,
              "Startup Cost": 125013.61,
              "Total Cost": 125013.62,
              "Plan Rows": 1,
              "Plan Width": 8,
              "Actual Startup Time": 833.64,
              "Actual Total Time": 833.647,
              "Actual Rows": 1,
              "Actual Loops": 4,
              "Plans": [
                {
                  "Node Type": "Hash Join",
                  "Parent Relationship": "Outer",
                  "Parallel Aware": true,
                  "Join Type": "Inner",
                  "Startup Cost": 93462.13,
                  "Total Cost": 124494.59,
                  "Plan Rows": 207609,
                  "Plan Width": 0,
                  "Actual Startup Time": 552.99,
                  "Actual Total Time": 782.476,
                  "Actual Rows": 1260682,
                  "Actual Loops": 4,
                  "Inner Unique": false,
                  "Hash Cond": "(mc.movie_id = t.id)",
                  "Plans": [
                    {
                      "Node Type": "Seq Scan",
                      "Parent Relationship": "Outer",
                      "Parallel Aware": true,
                      "Relation Name": "movie_companies",
                      "Alias": "mc",
                      "Startup Cost": 0.0,
                      "Total Cost": 27206.55,
                      "Plan Rows": 841655,
                      "Plan Width": 4,
                      "Actual Startup Time": 0.018,
                      "Actual Total Time": 55.605,
                      "Actual Rows": 652282,
                      "Actual Loops": 4
                    },
                    {
                      "Node Type": "Hash",
                      "Parent Relationship": "Inner",
                      "Parallel Aware": true,
                      "Startup Cost": 90947.29,
                      "Total Cost": 90947.29,
                      "Plan Rows": 201187,
                      "Plan Width": 8,
                      "Actual Startup Time": 543.268,
                      "Actual Total Time": 543.273,
                      "Actual Rows": 155728,
                      "Actual Loops": 4,
                      "Hash Buckets": 1048576,
                      "Original Hash Buckets": 1048576,
                      "Hash Batches": 1,
                      "Original Hash Batches": 1,
                      "Peak Memory Usage": 32608,
                      "Plans": [
                        {
                          "Node Type": "Hash Join",
                          "Parent Relationship": "Outer",
                          "Parallel Aware": true,
                          "Join Type": "Inner",
                          "Startup Cost": 63450.34,
                          "Total Cost": 90947.29,
                          "Plan Rows": 201187,
                          "Plan Width": 8,
                          "Actual Startup Time": 382.241,
                          "Actual Total Time": 490.56,
                          "Actual Rows": 155728,
                          "Actual Loops": 4,
                          "Inner Unique": true,
                          "Hash Cond": "(mk.movie_id = t.id)",
                          "Plans": [
                            {
                              "Node Type": "Bitmap Heap Scan",
                              "Parent Relationship": "Outer",
                              "Parallel Aware": true,
                              "Relation Name": "movie_keyword",
                              "Alias": "mk",
                              "Startup Cost": 13229.95,
                              "Total Cost": 40198.79,
                              "Plan Rows": 201187,
                              "Plan Width": 4,
                              "Actual Startup Time": 35.163,
                              "Actual Total Time": 91.849,
                              "Actual Rows": 155728,
                              "Actual Loops": 4,
                              "Recheck Cond": "(keyword_id > 29329)",
                              "Rows Removed by Index Recheck": 0,
                              "Exact Heap Blocks": 7213,
                              "Lossy Heap Blocks": 0,
                              "Plans": [
                                {
                                  "Node Type": "Bitmap Index Scan",
                                  "Parent Relationship": "Outer",
                                  "Parallel Aware": false,
                                  "Index Name": "keyword_id_movie_keyword",
                                  "Startup Cost": 0.0,
                                  "Total Cost": 13074.03,
                                  "Plan Rows": 623680,
                                  "Plan Width": 0,
                                  "Actual Startup Time": 31.69,
                                  "Actual Total Time": 31.691,
                                  "Actual Rows": 622914,
                                  "Actual Loops": 1,
                                  "Index Cond": "(keyword_id > 29329)"
                                }
                              ]
                            },
                            {
                              "Node Type": "Hash",
                              "Parent Relationship": "Inner",
                              "Parallel Aware": true,
                              "Startup Cost": 42319.06,
                              "Total Cost": 42319.06,
                              "Plan Rows": 632106,
                              "Plan Width": 4,
                              "Actual Startup Time": 340.452,
                              "Actual Total Time": 340.453,
                              "Actual Rows": 632078,
                              "Actual Loops": 4,
                              "Hash Buckets": 4194304,
                              "Original Hash Buckets": 4194304,
                              "Hash Batches": 1,
                              "Original Hash Batches": 1,
                              "Peak Memory Usage": 131712,
                              "Plans": [
                                {
                                  "Node Type": "Seq Scan",
                                  "Parent Relationship": "Outer",
                                  "Parallel Aware": true,
                                  "Relation Name": "title",
                                  "Alias": "t",
                                  "Startup Cost": 0.0,
                                  "Total Cost": 42319.06,
                                  "Plan Rows": 632106,
                                  "Plan Width": 4,
                                  "Actual Startup Time": 0.058,
                                  "Actual Total Time": 96.597,
                                  "Actual Rows": 632078,
                                  "Actual Loops": 4
                                }
                              ]
                            }
                          ]
                        }
                      ]
                    }
                  ]
                }
              ]
            }
          ]
        }
      ]
    },
    "Planning Time": 0.515,
    "Triggers": [],
    "Execution Time": 889.352
  }
]