[
  {
    "Plan": {
      "Node Type": "Aggregate",
      "Strategy": "Plain",
      "Partial Mode": "Finalize",
      "Parallel Aware": false,
      "Startup Cost": 46060.23,
      "Total Cost": 46060.24,
      "Plan Rows": 1,
      "Plan Width": 8,
      "Actual Startup Time": 137.972,
      "Actual Total Time": 147.35,
      "Actual Rows": 1,
      "Actual Loops": 1,
      "Plans": [
        {
          "Node Type": "Gather",
          "Parent Relationship": "Outer",
          "Parallel Aware": false,
          "Startup Cost": 46059.91,
          "Total Cost": 46060.22,
          "Plan Rows": 3,
          "Plan Width": 8,
          "Actual Startup Time": 137.87,
          "Actual Total Time": 147.34,
          "Actual Rows": 4,
          "Actual Loops": 1,
          "Workers Planned": 3,
          "Workers Launched": 3,
          "Single Copy": false,
          "Plans": [
            {
              "Node Type": "Aggregate",
              "Strategy": "Plain",
              "Partial Mode": "Partial",
              "Parent Relationship": "Outer",
              "Parallel Aware": false,
              "Startup Cost": 45059.91,
              "Total Cost": 45059.92,
              "Plan Rows": 1,
              "Plan Width": 8,
              "Actual Startup Time": 134.844,
              "Actual Total Time": 134.844,
              "Actual Rows": 1,
              "Actual Loops": 4,
              "Plans": [
                {
                  "Node Type": "Seq Scan",
                  "Parent Relationship": "Outer",
                  "Parallel Aware": true,
                  "Relation Name": "movie_keyword",
                  "Alias": "mk",
                  "Startup Cost": 0.0,
                  "Total Cost": 42695.65,
                  "Plan Rows": 945704,
                  "Plan Width": 0,
                  "Actual Startup Time": 0.024,
                  "Actual Total Time": 104.426,
                  "Actual Rows": 734333,
                  "Actual Loops": 4,
                  "Filter": "(keyword_id < 9802)",
                  "Rows Removed by Filter": 396650
                }
              ]
            }
          ]
        }
      ]
    },
    "Planning Time": 0.086,
    "Triggers": [],
    "Execution Time": 147.377
  }
]