[
  {
    "Plan": {
      "Node Type": "Aggregate",
      "Strategy": "Plain",
      "Partial Mode": "Finalize",
      "Parallel Aware": false,
      "Startup Cost": 46174.49,
      "Total Cost": 46174.5,
      "Plan Rows": 1,
      "Plan Width": 8,
      "Actual Startup Time": 184.341,
      "Actual Total Time": 193.922,
      "Actual Rows": 1,
      "Actual Loops": 1,
      "Plans": [
        {
          "Node Type": "Gather",
          "Parent Relationship": "Outer",
          "Parallel Aware": false,
          "Startup Cost": 46174.17,
          "Total Cost": 46174.48,
          "Plan Rows": 3,
          "Plan Width": 8,
          "Actual Startup Time": 184.223,
          "Actual Total Time": 193.913,
          "Actual Rows": 4,
          "Actual Loops": 1,
          "Workers Planned": 3,
          "Workers Launched": 3,
          "Single Copy": false,
          "Plans": [
            {
              "Node Type": "Aggregate",
              "Strategy": "Plain",
              "Partial Mode": "Partial",
              "Parent Relationship": "Outer",
              "Parallel Aware": false,
              "Startup Cost": 45174.17,
              "Total Cost": 45174.18,
              "Plan Rows": 1,
              "Plan Width": 8,
              "Actual Startup Time": 177.03,
              "Actual Total Time": 177.031,
              "Actual Rows": 1,
              "Actual Loops": 4,
              "Plans": [
                {
                  "Node Type": "Seq Scan",
                  "Parent Relationship": "Outer",
                  "Parallel Aware": true,
                  "Relation Name": "movie_keyword",
                  "Alias": "mk",
                  "Startup Cost": 0.0,
                  "Total Cost": 42695.65,
                  "Plan Rows": 991407,
                  "Plan Width": 0,
                  "Actual Startup Time": 0.049,
                  "Actual Total Time": 135.383,
                  "Actual Rows": 769990,
                  "Actual Loops": 4,
                  "Filter": "(keyword_id < 11575)",
                  "Rows Removed by Filter": 360993
                }
              ]
            }
          ]
        }
      ]
    },
    "Planning Time": 0.099,
    "Triggers": [],
    "Execution Time": 193.955
  }
]