[
  {
    "Plan": {
      "Node Type": "Aggregate",
      "Strategy": "Plain",
      "Partial Mode": "Finalize",
      "Parallel Aware": false,
      "Startup Cost": 45807.06,
      "Total Cost": 45807.07,
      "Plan Rows": 1,
      "Plan Width": 8,
      "Actual Startup Time": 150.468,
      "Actual Total Time": 158.349,
      "Actual Rows": 1,
      "Actual Loops": 1,
      "Plans": [
        {
          "Node Type": "Gather",
          "Parent Relationship": "Outer",
          "Parallel Aware": false,
          "Startup Cost": 45806.74,
          "Total Cost": 45807.05,
          "Plan Rows": 3,
          "Plan Width": 8,
          "Actual Startup Time": 150.408,
          "Actual Total Time": 158.344,
          "Actual Rows": 4,
          "Actual Loops": 1,
          "Workers Planned": 3,
          "Workers Launched": 3,
          "Single Copy": false,
          "Plans": [
            {
              "Node Type": "Aggregate",
              "Strategy": "Plain",
              "Partial Mode": "Partial",
              "Parent Relationship": "Outer",
              "Parallel Aware": false,
              "Startup Cost": 44806.74,
              "Total Cost": 44806.75,
              "Plan Rows": 1,
              "Plan Width": 8,
              "Actual Startup Time": 143.312,
              "Actual Total Time": 143.313,
              "Actual Rows": 1,
              "Actual Loops": 4,
              "Plans": [
                {
                  "Node Type": "Seq Scan",
                  "Parent Relationship": "Outer",
                  "Parallel Aware": true,
                  "Relation Name": "movie_keyword",
                  "Alias": "mk",
                  "Startup Cost": 0.0,
                  "Total Cost": 42695.65,
                  "Plan Rows": 844435,
                  "Plan Width": 0,
                  "Actual Startup Time": 0.305,
                  "Actual Total Time": 111.9,
                  "Actual Rows": 654672,
                  "Actual Loops": 4,
                  "Filter": "(keyword_id > 3262)",
                  "Rows Removed by Filter": 476311
                }
              ]
            }
          ]
        }
      ]
    },
    "Planning Time": 0.08,
    "Triggers": [],
    "Execution Time": 158.378
  }
]