{
  "Plan": {
    "Node Type": "Aggregate",
    "Strategy": "Plain",
    "Partial Mode": "Finalize",
    "Parallel Aware": false,
    "Startup Cost": 104935.66,
    "Total Cost": 104935.67,
    "Plan Rows": 1,
    "Plan Width": 8,
    "Actual Startup Time": 619.599,
    "Actual Total Time": 631.712,
    "Actual Rows": 1,
    "Actual Loops": 1,
    "Plans": [
      {
        "Node Type": "Gather",
        "Parent Relationship": "Outer",
        "Parallel Aware": false,
        "Startup Cost": 104935.55,
        "Total Cost": 104935.66,
        "Plan Rows": 1,
        "Plan Width": 8,
        "Actual Startup Time": 618.155,
        "Actual Total Time": 631.704,
        "Actual Rows": 2,
        "Actual Loops": 1,
        "Workers Planned": 1,
        "Workers Launched": 1,
        "Single Copy": false,
        "Plans": [
          {
            "Node Type": "Aggregate",
            "Strategy": "Plain",
            "Partial Mode": "Partial",
            "Parent Relationship": "Outer",
            "Parallel Aware": false,
            "Startup Cost": 103935.55,
            "Total Cost": 103935.56,
            "Plan Rows": 1,
            "Plan Width": 8,
            "Actual Startup Time": 612.046,
            "Actual Total Time": 612.051,
            "Actual Rows": 1,
            "Actual Loops": 2,
            "Plans": [
              {
                "Node Type": "Hash Join",
                "Parent Relationship": "Outer",
                "Parallel Aware": true,
                "Join Type": "Inner",
                "Startup Cost": 40335.9,
                "Total Cost": 103292.98,
                "Plan Rows": 257028,
                "Plan Width": 0,
                "Actual Startup Time": 178.417,
                "Actual Total Time": 604.121,
                "Actual Rows": 138870,
                "Actual Loops": 2,
                "Inner Unique": false,
                "Hash Cond": "(t.id = mc.movie_id)",
                "Plans": [
                  {
                    "Node Type": "Seq Scan",
                    "Parent Relationship": "Outer",
                    "Parallel Aware": true,
                    "Relation Name": "title",
                    "Alias": "t",
                    "Startup Cost": 0.0,
                    "Total Cost": 54588.39,
                    "Plan Rows": 1097081,
                    "Plan Width": 4,
                    "Actual Startup Time": 0.014,
                    "Actual Total Time": 168.99,
                    "Actual Rows": 932744,
                    "Actual Loops": 2,
                    "Filter": "(kind_id > 1)",
                    "Rows Removed by Filter": 331412
                  },
                  {
                    "Node Type": "Hash",
                    "Parent Relationship": "Inner",
                    "Parallel Aware": true,
                    "Startup Cost": 35980.48,
                    "Total Cost": 35980.48,
                    "Plan Rows": 348434,
                    "Plan Width": 4,
                    "Actual Startup Time": 168.962,
                    "Actual Total Time": 168.963,
                    "Actual Rows": 302686,
                    "Actual Loops": 2,
                    "Hash Buckets": 1048576,
                    "Original Hash Buckets": 1048576,
                    "Hash Batches": 1,
                    "Original Hash Batches": 1,
                    "Peak Memory Usage": 31904,
                    "Plans": [
                      {
                        "Node Type": "Bitmap Heap Scan",
                        "Parent Relationship": "Outer",
                        "Parallel Aware": true,
                        "Relation Name": "movie_companies",
                        "Alias": "mc",
                        "Startup Cost": 12835.05,
                        "Total Cost": 35980.48,
                        "Plan Rows": 348434,
                        "Plan Width": 4,
                        "Actual Startup Time": 32.776,
                        "Actual Total Time": 91.759,
                        "Actual Rows": 302686,
                        "Actual Loops": 2,
                        "Recheck Cond": "(company_id > 66006)",
                        "Rows Removed by Index Recheck": 0,
                        "Exact Heap Blocks": 5868,
                        "Lossy Heap Blocks": 0,
                        "Plans": [
                          {
                            "Node Type": "Bitmap Index Scan",
                            "Parent Relationship": "Outer",
                            "Parallel Aware": false,
                            "Index Name": "company_id_movie_companies",
                            "Startup Cost": 0.0,
                            "Total Cost": 12686.97,
                            "Plan Rows": 592338,
                            "Plan Width": 0,
                            "Actual Startup Time": 31.45,
                            "Actual Total Time": 31.45,
                            "Actual Rows": 605373,
                            "Actual Loops": 1,
                            "Index Cond": "(company_id > 66006)"
                          }
                        ]
                      }
                    ]
                  }
                ]
              }
            ]
          }
        ]
      }
    ]
  },
  "Planning Time": 0.633,
  "Triggers": [],
  "Execution Time": 631.81
}