[
  {
    "Plan": {
      "Node Type": "Aggregate",
      "Strategy": "Plain",
      "Partial Mode": "Finalize",
      "Parallel Aware": false,
      "Startup Cost": 342075.13,
      "Total Cost": 342075.14,
      "Plan Rows": 1,
      "Plan Width": 8,
      "Actual Startup Time": 820.193,
      "Actual Total Time": 882.146,
      "Actual Rows": 1,
      "Actual Loops": 1,
      "Plans": [
        {
          "Node Type": "Gather",
          "Parent Relationship": "Outer",
          "Parallel Aware": false,
          "Startup Cost": 342074.51,
          "Total Cost": 342075.11,
          "Plan Rows": 6,
          "Plan Width": 8,
          "Actual Startup Time": 820.077,
          "Actual Total Time": 882.136,
          "Actual Rows": 7,
          "Actual Loops": 1,
          "Workers Planned": 6,
          "Workers Launched": 6,
          "Single Copy": false,
          "Plans": [
            {
              "Node Type": "Aggregate",
              "Strategy": "Plain",
              "Partial Mode": "Partial",
              "Parent Relationship": "Outer",
              "Parallel Aware": false,
              "Startup Cost": 341074.51,
              "Total Cost": 341074.52,
              "Plan Rows": 1,
              "Plan Width": 8,
              "Actual Startup Time": 809.614,
              "Actual Total Time": 809.615,
              "Actual Rows": 1,
              "Actual Loops": 7,
              "Plans": [
                {
                  "Node Type": "Seq Scan",
                  "Parent Relationship": "Outer",
                  "Parallel Aware": true,
                  "Relation Name": "cast_info",
                  "Alias": "ci",
                  "Startup Cost": 0.0,
                  "Total Cost": 328162.03,
                  "Plan Rows": 5164992,
                  "Plan Width": 0,
                  "Actual Startup Time": 0.052,
                  "Actual Total Time": 622.425,
                  "Actual Rows": 4450385,
                  "Actual Loops": 7,
                  "Filter": "(person_id < 3159227)",
                  "Rows Removed by Filter": 727378
                }
              ]
            }
          ]
        }
      ]
    },
    "Planning Time": 0.167,
    "Triggers": [],
    "Execution Time": 882.215
  }
]