{
  "Plan": {
    "Node Type": "Aggregate",
    "Strategy": "Plain",
    "Partial Mode": "Finalize",
    "Parallel Aware": false,
    "Startup Cost": 4389955.23,
    "Total Cost": 4389955.24,
    "Plan Rows": 1,
    "Plan Width": 8,
    "Actual Startup Time": 33910.599,
    "Actual Total Time": 34037.957,
    "Actual Rows": 1,
    "Actual Loops": 1,
    "Plans": [
      {
        "Node Type": "Gather",
        "Parent Relationship": "Outer",
        "Parallel Aware": false,
        "Startup Cost": 4389955.12,
        "Total Cost": 4389955.23,
        "Plan Rows": 1,
        "Plan Width": 8,
        "Actual Startup Time": 33910.581,
        "Actual Total Time": 34037.949,
        "Actual Rows": 2,
        "Actual Loops": 1,
        "Workers Planned": 1,
        "Workers Launched": 1,
        "Single Copy": false,
        "Plans": [
          {
            "Node Type": "Aggregate",
            "Strategy": "Plain",
            "Partial Mode": "Partial",
            "Parent Relationship": "Outer",
            "Parallel Aware": false,
            "Startup Cost": 4388955.12,
            "Total Cost": 4388955.13,
            "Plan Rows": 1,
            "Plan Width": 8,
            "Actual Startup Time": 33904.521,
            "Actual Total Time": 33904.523,
            "Actual Rows": 1,
            "Actual Loops": 2,
            "Plans": [
              {
                "Node Type": "Merge Join",
                "Parent Relationship": "Outer",
                "Parallel Aware": false,
                "Join Type": "Inner",
                "Startup Cost": 90.41,
                "Total Cost": 4241292.9,
                "Plan Rows": 59064890,
                "Plan Width": 0,
                "Actual Startup Time": 2.649,
                "Actual Total Time": 32356.578,
                "Actual Rows": 38389342,
                "Actual Loops": 2,
                "Inner Unique": false,
                "Merge Cond": "(t.id = mi.movie_id)",
                "Plans": [
                  {
                    "Node Type": "Merge Join",
                    "Parent Relationship": "Outer",
                    "Parallel Aware": false,
                    "Join Type": "Inner",
                    "Startup Cost": 43.97,
                    "Total Cost": 2252685.9,
                    "Plan Rows": 10101240,
                    "Plan Width": 8,
                    "Actual Startup Time": 1.574,
                    "Actual Total Time": 19079.835,
                    "Actual Rows": 8432576,
                    "Actual Loops": 2,
                    "Inner Unique": true,
                    "Merge Cond": "(ci.movie_id = t.id)",
                    "Plans": [
                      {
                        "Node Type": "Index Scan",
                        "Parent Relationship": "Outer",
                        "Parallel Aware": true,
                        "Scan Direction": "Forward",
                        "Index Name": "movie_id_cast_info",
                        "Relation Name": "cast_info",
                        "Alias": "ci",
                        "Startup Cost": 0.56,
                        "Total Cost": 1978621.64,
                        "Plan Rows": 18709841,
                        "Plan Width": 4,
                        "Actual Startup Time": 0.069,
                        "Actual Total Time": 15741.023,
                        "Actual Rows": 16009300,
                        "Actual Loops": 2,
                        "Filter": "(person_id < 3285557)",
                        "Rows Removed by Filter": 2112872
                      },
                      {
                        "Node Type": "Index Scan",
                        "Parent Relationship": "Inner",
                        "Parallel Aware": false,
                        "Scan Direction": "Forward",
                        "Index Name": "title_pkey",
                        "Relation Name": "title",
                        "Alias": "t",
                        "Startup Cost": 0.43,
                        "Total Cost": 122981.43,
                        "Plan Rows": 1364998,
                        "Plan Width": 4,
                        "Actual Startup Time": 0.116,
                        "Actual Total Time": 1838.655,
                        "Actual Rows": 1339683,
                        "Actual Loops": 2,
                        "Filter": "((kind_id > 4) AND (production_year < 2012))",
                        "Rows Removed by Filter": 1186901
                      }
                    ]
                  },
                  {
                    "Node Type": "Materialize",
                    "Parent Relationship": "Inner",
                    "Parallel Aware": false,
                    "Startup Cost": 0.43,
                    "Total Cost": 1116056.49,
                    "Plan Rows": 14783665,
                    "Plan Width": 4,
                    "Actual Startup Time": 0.134,
                    "Actual Total Time": 8230.034,
                    "Actual Rows": 51411810,
                    "Actual Loops": 2,
                    "Plans": [
                      {
                        "Node Type": "Index Only Scan",
                        "Parent Relationship": "Outer",
                        "Parallel Aware": false,
                        "Scan Direction": "Forward",
                        "Index Name": "movie_id_movie_info",
                        "Relation Name": "movie_info",
                        "Alias": "mi",
                        "Startup Cost": 0.43,
                        "Total Cost": 1079097.33,
                        "Plan Rows": 14783665,
                        "Plan Width": 4,
                        "Actual Startup Time": 0.125,
                        "Actual Total Time": 4917.553,
                        "Actual Rows": 14834820,
                        "Actual Loops": 2,
                        "Heap Fetches": 29669641
                      }
                    ]
                  }
                ]
              }
            ]
          }
        ]
      }
    ]
  },
  "Planning Time": 1.306,
  "Triggers": [],
  "Execution Time": 34038.067
}