[
  {
    "Plan": {
      "Node Type": "Aggregate",
      "Strategy": "Plain",
      "Partial Mode": "Finalize",
      "Parallel Aware": false,
      "Startup Cost": 32980.92,
      "Total Cost": 32980.93,
      "Plan Rows": 1,
      "Plan Width": 8,
      "Actual Startup Time": 96.167,
      "Actual Total Time": 104.548,
      "Actual Rows": 1,
      "Actual Loops": 1,
      "Plans": [
        {
          "Node Type": "Gather",
          "Parent Relationship": "Outer",
          "Parallel Aware": false,
          "Startup Cost": 32980.6,
          "Total Cost": 32980.91,
          "Plan Rows": 3,
          "Plan Width": 8,
          "Actual Startup Time": 96.054,
          "Actual Total Time": 104.539,
          "Actual Rows": 4,
          "Actual Loops": 1,
          "Workers Planned": 3,
          "Workers Launched": 3,
          "Single Copy": false,
          "Plans": [
            {
              "Node Type": "Aggregate",
              "Strategy": "Plain",
              "Partial Mode": "Partial",
              "Parent Relationship": "Outer",
              "Parallel Aware": false,
              "Startup Cost": 31980.6,
              "Total Cost": 31980.61,
              "Plan Rows": 1,
              "Plan Width": 8,
              "Actual Startup Time": 88.588,
              "Actual Total Time": 88.589,
              "Actual Rows": 1,
              "Actual Loops": 4,
              "Plans": [
                {
                  "Node Type": "Seq Scan",
                  "Parent Relationship": "Outer",
                  "Parallel Aware": true,
                  "Relation Name": "movie_companies",
                  "Alias": "mc",
                  "Startup Cost": 0.0,
                  "Total Cost": 31414.82,
                  "Plan Rows": 226314,
                  "Plan Width": 0,
                  "Actual Startup Time": 20.671,
                  "Actual Total Time": 82.511,
                  "Actual Rows": 120755,
                  "Actual Loops": 4,
                  "Filter": "((company_id > 10278) AND (company_type_id = 1))",
                  "Rows Removed by Filter": 531527
                }
              ]
            }
          ]
        }
      ]
    },
    "Planning Time": 0.226,
    "Triggers": [],
    "Execution Time": 104.615
  }
]