[
  {
    "Plan": {
      "Node Type": "Aggregate",
      "Strategy": "Plain",
      "Partial Mode": "Finalize",
      "Parallel Aware": false,
      "Startup Cost": 251434.77,
      "Total Cost": 251434.78,
      "Plan Rows": 1,
      "Plan Width": 8,
      "Actual Startup Time": 746.207,
      "Actual Total Time": 790.213,
      "Actual Rows": 1,
      "Actual Loops": 1,
      "Plans": [
        {
          "Node Type": "Gather",
          "Parent Relationship": "Outer",
          "Parallel Aware": false,
          "Startup Cost": 251434.24,
          "Total Cost": 251434.75,
          "Plan Rows": 5,
          "Plan Width": 8,
          "Actual Startup Time": 744.691,
          "Actual Total Time": 790.18,
          "Actual Rows": 6,
          "Actual Loops": 1,
          "Workers Planned": 5,
          "Workers Launched": 5,
          "Single Copy": false,
          "Plans": [
            {
              "Node Type": "Aggregate",
              "Strategy": "Plain",
              "Partial Mode": "Partial",
              "Parent Relationship": "Outer",
              "Parallel Aware": false,
              "Startup Cost": 250434.24,
              "Total Cost": 250434.25,
              "Plan Rows": 1,
              "Plan Width": 8,
              "Actual Startup Time": 738.003,
              "Actual Total Time": 738.006,
              "Actual Rows": 1,
              "Actual Loops": 6,
              "Plans": [
                {
                  "Node Type": "Hash Join",
                  "Parent Relationship": "Outer",
                  "Parallel Aware": true,
                  "Join Type": "Inner",
                  "Startup Cost": 44320.25,
                  "Total Cost": 250095.96,
                  "Plan Rows": 135312,
                  "Plan Width": 0,
                  "Actual Startup Time": 96.785,
                  "Actual Total Time": 725.816,
                  "Actual Rows": 242193,
                  "Actual Loops": 6,
                  "Inner Unique": true,
                  "Hash Cond": "(mi.movie_id = t.id)",
                  "Plans": [
                    {
                      "Node Type": "Seq Scan",
                      "Parent Relationship": "Outer",
                      "Parallel Aware": true,
                      "Relation Name": "movie_info",
                      "Alias": "mi",
                      "Startup Cost": 0.0,
                      "Total Cost": 199108.24,
                      "Plan Rows": 2539986,
                      "Plan Width": 4,
                      "Actual Startup Time": 0.036,
                      "Actual Total Time": 377.299,
                      "Actual Rows": 2124109,
                      "Actual Loops": 6,
                      "Filter": "(info_type_id > 2)",
                      "Rows Removed by Filter": 348511
                    },
                    {
                      "Node Type": "Hash",
                      "Parent Relationship": "Inner",
                      "Parallel Aware": true,
                      "Startup Cost": 43899.32,
                      "Total Cost": 43899.32,
                      "Plan Rows": 33674,
                      "Plan Width": 4,
                      "Actual Startup Time": 90.547,
                      "Actual Total Time": 90.548,
                      "Actual Rows": 23889,
                      "Actual Loops": 6,
                      "Hash Buckets": 262144,
                      "Original Hash Buckets": 262144,
                      "Hash Batches": 1,
                      "Original Hash Batches": 1,
                      "Peak Memory Usage": 7808,
                      "Plans": [
                        {
                          "Node Type": "Seq Scan",
                          "Parent Relationship": "Outer",
                          "Parallel Aware": true,
                          "Relation Name": "title",
                          "Alias": "t",
                          "Startup Cost": 0.0,
                          "Total Cost": 43899.32,
                          "Plan Rows": 33674,
                          "Plan Width": 4,
                          "Actual Startup Time": 16.189,
                          "Actual Total Time": 80.792,
                          "Actual Rows": 23889,
                          "Actual Loops": 6,
                          "Filter": "(production_year < 1941)",
                          "Rows Removed by Filter": 397496
                        }
                      ]
                    }
                  ]
                }
              ]
            }
          ]
        }
      ]
    },
    "Planning Time": 0.461,
    "Triggers": [],
    "Execution Time": 790.276
  }
]