{
  "Plan": {
    "Node Type": "Aggregate",
    "Strategy": "Plain",
    "Partial Mode": "Finalize",
    "Parallel Aware": false,
    "Startup Cost": 1033329.71,
    "Total Cost": 1033329.72,
    "Plan Rows": 1,
    "Plan Width": 8,
    "Actual Startup Time": 24026.988,
    "Actual Total Time": 24138.488,
    "Actual Rows": 1,
    "Actual Loops": 1,
    "Plans": [
      {
        "Node Type": "Gather",
        "Parent Relationship": "Outer",
        "Parallel Aware": false,
        "Startup Cost": 1033329.59,
        "Total Cost": 1033329.7,
        "Plan Rows": 1,
        "Plan Width": 8,
        "Actual Startup Time": 24025.94,
        "Actual Total Time": 24138.48,
        "Actual Rows": 2,
        "Actual Loops": 1,
        "Workers Planned": 1,
        "Workers Launched": 1,
        "Single Copy": false,
        "Plans": [
          {
            "Node Type": "Aggregate",
            "Strategy": "Plain",
            "Partial Mode": "Partial",
            "Parent Relationship": "Outer",
            "Parallel Aware": false,
            "Startup Cost": 1032329.59,
            "Total Cost": 1032329.6,
            "Plan Rows": 1,
            "Plan Width": 8,
            "Actual Startup Time": 24019.419,
            "Actual Total Time": 24019.424,
            "Actual Rows": 1,
            "Actual Loops": 2,
            "Plans": [
              {
                "Node Type": "Nested Loop",
                "Parent Relationship": "Outer",
                "Parallel Aware": false,
                "Join Type": "Inner",
                "Startup Cost": 55283.3,
                "Total Cost": 1028968.67,
                "Plan Rows": 1344371,
                "Plan Width": 0,
                "Actual Startup Time": 174.175,
                "Actual Total Time": 23753.921,
                "Actual Rows": 5309147,
                "Actual Loops": 2,
                "Inner Unique": false,
                "Join Filter": "(t.id = ci.movie_id)",
                "Rows Removed by Join Filter": 0,
                "Plans": [
                  {
                    "Node Type": "Hash Join",
                    "Parent Relationship": "Outer",
                    "Parallel Aware": true,
                    "Join Type": "Inner",
                    "Startup Cost": 55282.74,
                    "Total Cost": 339675.81,
                    "Plan Rows": 436921,
                    "Plan Width": 8,
                    "Actual Startup Time": 173.901,
                    "Actual Total Time": 2195.641,
                    "Actual Rows": 1457810,
                    "Actual Loops": 2,
                    "Inner Unique": true,
                    "Hash Cond": "(mi.movie_id = t.id)",
                    "Plans": [
                      {
                        "Node Type": "Seq Scan",
                        "Parent Relationship": "Outer",
                        "Parallel Aware": true,
                        "Relation Name": "movie_info",
                        "Alias": "mi",
                        "Startup Cost": 0.0,
                        "Total Cost": 270696.42,
                        "Plan Rows": 5217764,
                        "Plan Width": 4,
                        "Actual Startup Time": 0.012,
                        "Actual Total Time": 766.009,
                        "Actual Rows": 4483347,
                        "Actual Loops": 2,
                        "Filter": "(info_type_id < 15)",
                        "Rows Removed by Filter": 2934513
                      },
                      {
                        "Node Type": "Hash",
                        "Parent Relationship": "Inner",
                        "Parallel Aware": true,
                        "Startup Cost": 53726.04,
                        "Total Cost": 53726.04,
                        "Plan Rows": 124536,
                        "Plan Width": 4,
                        "Actual Startup Time": 145.838,
                        "Actual Total Time": 145.839,
                        "Actual Rows": 170813,
                        "Actual Loops": 2,
                        "Hash Buckets": 524288,
                        "Original Hash Buckets": 262144,
                        "Hash Batches": 1,
                        "Original Hash Batches": 1,
                        "Peak Memory Usage": 19520,
                        "Plans": [
                          {
                            "Node Type": "Bitmap Heap Scan",
                            "Parent Relationship": "Outer",
                            "Parallel Aware": true,
                            "Relation Name": "title",
                            "Alias": "t",
                            "Startup Cost": 11875.78,
                            "Total Cost": 53726.04,
                            "Plan Rows": 124536,
                            "Plan Width": 4,
                            "Actual Startup Time": 37.638,
                            "Actual Total Time": 104.911,
                            "Actual Rows": 170813,
                            "Actual Loops": 2,
                            "Recheck Cond": "(kind_id = 1)",
                            "Rows Removed by Index Recheck": 0,
                            "Filter": "(production_year < 1995)",
                            "Rows Removed by Filter": 160600,
                            "Exact Heap Blocks": 8068,
                            "Lossy Heap Blocks": 0,
                            "Plans": [
                              {
                                "Node Type": "Bitmap Index Scan",
                                "Parent Relationship": "Outer",
                                "Parallel Aware": false,
                                "Index Name": "kind_id_title",
                                "Startup Cost": 0.0,
                                "Total Cost": 11822.85,
                                "Plan Rows": 663256,
                                "Plan Width": 0,
                                "Actual Startup Time": 38.17,
                                "Actual Total Time": 38.171,
                                "Actual Rows": 662825,
                                "Actual Loops": 1,
                                "Index Cond": "(kind_id = 1)"
                              }
                            ]
                          }
                        ]
                      }
                    ]
                  },
                  {
                    "Node Type": "Index Scan",
                    "Parent Relationship": "Inner",
                    "Parallel Aware": false,
                    "Scan Direction": "Forward",
                    "Index Name": "movie_id_cast_info",
                    "Relation Name": "cast_info",
                    "Alias": "ci",
                    "Startup Cost": 0.56,
                    "Total Cost": 1.48,
                    "Plan Rows": 8,
                    "Plan Width": 4,
                    "Actual Startup Time": 0.012,
                    "Actual Total Time": 0.014,
                    "Actual Rows": 4,
                    "Actual Loops": 2915619,
                    "Index Cond": "(movie_id = mi.movie_id)",
                    "Rows Removed by Index Recheck": 0,
                    "Filter": "(role_id > 6)",
                    "Rows Removed by Filter": 16
                  }
                ]
              }
            ]
          }
        ]
      }
    ]
  },
  "Planning Time": 1.158,
  "Triggers": [],
  "Execution Time": 24138.625
}