{
  "Plan": {
    "Node Type": "Aggregate",
    "Strategy": "Plain",
    "Partial Mode": "Finalize",
    "Parallel Aware": false,
    "Startup Cost": 130757.53,
    "Total Cost": 130757.54,
    "Plan Rows": 1,
    "Plan Width": 8,
    "Actual Startup Time": 475.922,
    "Actual Total Time": 484.951,
    "Actual Rows": 1,
    "Actual Loops": 1,
    "Plans": [
      {
        "Node Type": "Gather",
        "Parent Relationship": "Outer",
        "Parallel Aware": false,
        "Startup Cost": 130757.42,
        "Total Cost": 130757.53,
        "Plan Rows": 1,
        "Plan Width": 8,
        "Actual Startup Time": 474.14,
        "Actual Total Time": 484.944,
        "Actual Rows": 2,
        "Actual Loops": 1,
        "Workers Planned": 1,
        "Workers Launched": 1,
        "Single Copy": false,
        "Plans": [
          {
            "Node Type": "Aggregate",
            "Strategy": "Plain",
            "Partial Mode": "Partial",
            "Parent Relationship": "Outer",
            "Parallel Aware": false,
            "Startup Cost": 129757.42,
            "Total Cost": 129757.43,
            "Plan Rows": 1,
            "Plan Width": 8,
            "Actual Startup Time": 467.004,
            "Actual Total Time": 467.009,
            "Actual Rows": 1,
            "Actual Loops": 2,
            "Plans": [
              {
                "Node Type": "Merge Join",
                "Parent Relationship": "Outer",
                "Parallel Aware": false,
                "Join Type": "Inner",
                "Startup Cost": 129097.27,
                "Total Cost": 129757.39,
                "Plan Rows": 14,
                "Plan Width": 0,
                "Actual Startup Time": 463.836,
                "Actual Total Time": 467.001,
                "Actual Rows": 1,
                "Actual Loops": 2,
                "Inner Unique": false,
                "Merge Cond": "(t.id = ci.movie_id)",
                "Plans": [
                  {
                    "Node Type": "Sort",
                    "Parent Relationship": "Outer",
                    "Parallel Aware": false,
                    "Startup Cost": 128026.6,
                    "Total Cost": 128356.21,
                    "Plan Rows": 131845,
                    "Plan Width": 8,
                    "Actual Startup Time": 455.239,
                    "Actual Total Time": 460.155,
                    "Actual Rows": 143118,
                    "Actual Loops": 2,
                    "Sort Key": [
                      "t.id"
                    ],
                    "Sort Method": "quicksort",
                    "Sort Space Used": 15208,
                    "Sort Space Type": "Memory",
                    "Workers": [
                      {
                        "Worker Number": 0,
                        "Sort Method": "quicksort",
                        "Sort Space Used": 15155,
                        "Sort Space Type": "Memory"
                      }
                    ],
                    "Plans": [
                      {
                        "Node Type": "Hash Join",
                        "Parent Relationship": "Outer",
                        "Parallel Aware": true,
                        "Join Type": "Inner",
                        "Startup Cost": 57220.71,
                        "Total Cost": 116814.18,
                        "Plan Rows": 131845,
                        "Plan Width": 8,
                        "Actual Startup Time": 201.19,
                        "Actual Total Time": 418.061,
                        "Actual Rows": 192780,
                        "Actual Loops": 2,
                        "Inner Unique": true,
                        "Hash Cond": "(mk.movie_id = t.id)",
                        "Plans": [
                          {
                            "Node Type": "Seq Scan",
                            "Parent Relationship": "Outer",
                            "Parallel Aware": true,
                            "Relation Name": "movie_keyword",
                            "Alias": "mk",
                            "Startup Cost": 0.0,
                            "Total Cost": 57718.19,
                            "Plan Rows": 714393,
                            "Plan Width": 4,
                            "Actual Startup Time": 1.626,
                            "Actual Total Time": 169.923,
                            "Actual Rows": 610153,
                            "Actual Loops": 2,
                            "Filter": "(keyword_id > 14931)",
                            "Rows Removed by Filter": 1651812
                          },
                          {
                            "Node Type": "Hash",
                            "Parent Relationship": "Inner",
                            "Parallel Aware": true,
                            "Startup Cost": 53789.76,
                            "Total Cost": 53789.76,
                            "Plan Rows": 274476,
                            "Plan Width": 4,
                            "Actual Startup Time": 151.831,
                            "Actual Total Time": 151.833,
                            "Actual Rows": 170373,
                            "Actual Loops": 2,
                            "Hash Buckets": 524288,
                            "Original Hash Buckets": 524288,
                            "Hash Batches": 1,
                            "Original Hash Batches": 1,
                            "Peak Memory Usage": 17472,
                            "Plans": [
                              {
                                "Node Type": "Bitmap Heap Scan",
                                "Parent Relationship": "Outer",
                                "Parallel Aware": true,
                                "Relation Name": "title",
                                "Alias": "t",
                                "Startup Cost": 11939.5,
                                "Total Cost": 53789.76,
                                "Plan Rows": 274476,
                                "Plan Width": 4,
                                "Actual Startup Time": 34.107,
                                "Actual Total Time": 103.699,
                                "Actual Rows": 170373,
                                "Actual Loops": 2,
                                "Recheck Cond": "(kind_id < 2)",
                                "Rows Removed by Index Recheck": 0,
                                "Filter": "(production_year > 1989)",
                                "Rows Removed by Filter": 161040,
                                "Exact Heap Blocks": 8060,
                                "Lossy Heap Blocks": 0,
                                "Plans": [
                                  {
                                    "Node Type": "Bitmap Index Scan",
                                    "Parent Relationship": "Outer",
                                    "Parallel Aware": false,
                                    "Index Name": "kind_id_title",
                                    "Startup Cost": 0.0,
                                    "Total Cost": 11822.85,
                                    "Plan Rows": 663256,
                                    "Plan Width": 0,
                                    "Actual Startup Time": 33.131,
                                    "Actual Total Time": 33.132,
                                    "Actual Rows": 662825,
                                    "Actual Loops": 1,
                                    "Index Cond": "(kind_id < 2)"
                                  }
                                ]
                              }
                            ]
                          }
                        ]
                      }
                    ]
                  },
                  {
                    "Node Type": "Sort",
                    "Parent Relationship": "Inner",
                    "Parallel Aware": false,
                    "Startup Cost": 1070.67,
                    "Total Cost": 1071.35,
                    "Plan Rows": 272,
                    "Plan Width": 4,
                    "Actual Startup Time": 0.152,
                    "Actual Total Time": 0.153,
                    "Actual Rows": 2,
                    "Actual Loops": 2,
                    "Sort Key": [
                      "ci.movie_id"
                    ],
                    "Sort Method": "quicksort",
                    "Sort Space Used": 25,
                    "Sort Space Type": "Memory",
                    "Workers": [
                      {
                        "Worker Number": 0,
                        "Sort Method": "quicksort",
                        "Sort Space Used": 25,
                        "Sort Space Type": "Memory"
                      }
                    ],
                    "Plans": [
                      {
                        "Node Type": "Index Scan",
                        "Parent Relationship": "Outer",
                        "Parallel Aware": false,
                        "Scan Direction": "Forward",
                        "Index Name": "person_id_cast_info",
                        "Relation Name": "cast_info",
                        "Alias": "ci",
                        "Startup Cost": 0.56,
                        "Total Cost": 1059.67,
                        "Plan Rows": 272,
                        "Plan Width": 4,
                        "Actual Startup Time": 0.14,
                        "Actual Total Time": 0.142,
                        "Actual Rows": 2,
                        "Actual Loops": 2,
                        "Index Cond": "(person_id = 963858)",
                        "Rows Removed by Index Recheck": 0,
                        "Filter": "(role_id < 3)",
                        "Rows Removed by Filter": 0
                      }
                    ]
                  }
                ]
              }
            ]
          }
        ]
      }
    ]
  },
  "Planning Time": 1.124,
  "Triggers": [],
  "Execution Time": 485.068
}