[
  {
    "Plan": {
      "Node Type": "Aggregate",
      "Strategy": "Plain",
      "Partial Mode": "Finalize",
      "Parallel Aware": false,
      "Startup Cost": 32233.06,
      "Total Cost": 32233.07,
      "Plan Rows": 1,
      "Plan Width": 8,
      "Actual Startup Time": 102.408,
      "Actual Total Time": 109.674,
      "Actual Rows": 1,
      "Actual Loops": 1,
      "Plans": [
        {
          "Node Type": "Gather",
          "Parent Relationship": "Outer",
          "Parallel Aware": false,
          "Startup Cost": 32232.74,
          "Total Cost": 32233.05,
          "Plan Rows": 3,
          "Plan Width": 8,
          "Actual Startup Time": 102.188,
          "Actual Total Time": 109.666,
          "Actual Rows": 4,
          "Actual Loops": 1,
          "Workers Planned": 3,
          "Workers Launched": 3,
          "Single Copy": false,
          "Plans": [
            {
              "Node Type": "Aggregate",
              "Strategy": "Plain",
              "Partial Mode": "Partial",
              "Parent Relationship": "Outer",
              "Parallel Aware": false,
              "Startup Cost": 31232.74,
              "Total Cost": 31232.75,
              "Plan Rows": 1,
              "Plan Width": 8,
              "Actual Startup Time": 95.257,
              "Actual Total Time": 95.258,
              "Actual Rows": 1,
              "Actual Loops": 4,
              "Plans": [
                {
                  "Node Type": "Bitmap Heap Scan",
                  "Parent Relationship": "Outer",
                  "Parallel Aware": true,
                  "Relation Name": "movie_keyword",
                  "Alias": "mk",
                  "Startup Cost": 5520.2,
                  "Total Cost": 31022.99,
                  "Plan Rows": 83903,
                  "Plan Width": 0,
                  "Actual Startup Time": 34.321,
                  "Actual Total Time": 91.363,
                  "Actual Rows": 62482,
                  "Actual Loops": 4,
                  "Recheck Cond": "(keyword_id > 60453)",
                  "Rows Removed by Index Recheck": 0,
                  "Exact Heap Blocks": 10618,
                  "Lossy Heap Blocks": 0,
                  "Plans": [
                    {
                      "Node Type": "Bitmap Index Scan",
                      "Parent Relationship": "Outer",
                      "Parallel Aware": false,
                      "Index Name": "keyword_id_movie_keyword",
                      "Startup Cost": 0.0,
                      "Total Cost": 5455.18,
                      "Plan Rows": 260099,
                      "Plan Width": 0,
                      "Actual Startup Time": 36.287,
                      "Actual Total Time": 36.288,
                      "Actual Rows": 249927,
                      "Actual Loops": 1,
                      "Index Cond": "(keyword_id > 60453)"
                    }
                  ]
                }
              ]
            }
          ]
        }
      ]
    },
    "Planning Time": 0.196,
    "Triggers": [],
    "Execution Time": 109.753
  }
]