{
  "Plan": {
    "Node Type": "Aggregate",
    "Strategy": "Plain",
    "Partial Mode": "Finalize",
    "Parallel Aware": false,
    "Startup Cost": 190608.49,
    "Total Cost": 190608.5,
    "Plan Rows": 1,
    "Plan Width": 8,
    "Actual Startup Time": 222.333,
    "Actual Total Time": 236.107,
    "Actual Rows": 1,
    "Actual Loops": 1,
    "Plans": [
      {
        "Node Type": "Gather",
        "Parent Relationship": "Outer",
        "Parallel Aware": false,
        "Startup Cost": 190608.38,
        "Total Cost": 190608.49,
        "Plan Rows": 1,
        "Plan Width": 8,
        "Actual Startup Time": 221.532,
        "Actual Total Time": 236.1,
        "Actual Rows": 2,
        "Actual Loops": 1,
        "Workers Planned": 1,
        "Workers Launched": 1,
        "Single Copy": false,
        "Plans": [
          {
            "Node Type": "Aggregate",
            "Strategy": "Plain",
            "Partial Mode": "Partial",
            "Parent Relationship": "Outer",
            "Parallel Aware": false,
            "Startup Cost": 189608.38,
            "Total Cost": 189608.39,
            "Plan Rows": 1,
            "Plan Width": 8,
            "Actual Startup Time": 215.684,
            "Actual Total Time": 215.687,
            "Actual Rows": 1,
            "Actual Loops": 2,
            "Plans": [
              {
                "Node Type": "Hash Join",
                "Parent Relationship": "Outer",
                "Parallel Aware": true,
                "Join Type": "Inner",
                "Startup Cost": 61684.19,
                "Total Cost": 189596.72,
                "Plan Rows": 4665,
                "Plan Width": 0,
                "Actual Startup Time": 202.403,
                "Actual Total Time": 215.677,
                "Actual Rows": 44,
                "Actual Loops": 2,
                "Inner Unique": true,
                "Hash Cond": "(mi.movie_id = t.id)",
                "Plans": [
                  {
                    "Node Type": "Bitmap Heap Scan",
                    "Parent Relationship": "Outer",
                    "Parallel Aware": true,
                    "Relation Name": "movie_info",
                    "Alias": "mi",
                    "Startup Cost": 1270.75,
                    "Total Cost": 129075.22,
                    "Plan Rows": 41162,
                    "Plan Width": 4,
                    "Actual Startup Time": 4.537,
                    "Actual Total Time": 11.715,
                    "Actual Rows": 34012,
                    "Actual Loops": 2,
                    "Recheck Cond": "(info_type_id = 94)",
                    "Rows Removed by Index Recheck": 0,
                    "Exact Heap Blocks": 1413,
                    "Lossy Heap Blocks": 0,
                    "Plans": [
                      {
                        "Node Type": "Bitmap Index Scan",
                        "Parent Relationship": "Outer",
                        "Parallel Aware": false,
                        "Index Name": "info_type_id_movie_info",
                        "Startup Cost": 0.0,
                        "Total Cost": 1253.25,
                        "Plan Rows": 69976,
                        "Plan Width": 0,
                        "Actual Startup Time": 4.051,
                        "Actual Total Time": 4.052,
                        "Actual Rows": 68025,
                        "Actual Loops": 1,
                        "Index Cond": "(info_type_id = 94)"
                      }
                    ]
                  },
                  {
                    "Node Type": "Hash",
                    "Parent Relationship": "Inner",
                    "Parallel Aware": true,
                    "Startup Cost": 58306.47,
                    "Total Cost": 58306.47,
                    "Plan Rows": 168558,
                    "Plan Width": 4,
                    "Actual Startup Time": 193.002,
                    "Actual Total Time": 193.003,
                    "Actual Rows": 92642,
                    "Actual Loops": 2,
                    "Hash Buckets": 524288,
                    "Original Hash Buckets": 524288,
                    "Hash Batches": 1,
                    "Original Hash Batches": 1,
                    "Peak Memory Usage": 11392,
                    "Plans": [
                      {
                        "Node Type": "Seq Scan",
                        "Parent Relationship": "Outer",
                        "Parallel Aware": true,
                        "Relation Name": "title",
                        "Alias": "t",
                        "Startup Cost": 0.0,
                        "Total Cost": 58306.47,
                        "Plan Rows": 168558,
                        "Plan Width": 4,
                        "Actual Startup Time": 0.03,
                        "Actual Total Time": 162.118,
                        "Actual Rows": 92642,
                        "Actual Loops": 2,
                        "Filter": "((production_year < 1978) AND (kind_id = 7))",
                        "Rows Removed by Filter": 1171514
                      }
                    ]
                  }
                ]
              }
            ]
          }
        ]
      }
    ]
  },
  "Planning Time": 0.492,
  "Triggers": [],
  "Execution Time": 236.179
}