{
  "Plan": {
    "Node Type": "Aggregate",
    "Strategy": "Plain",
    "Partial Mode": "Finalize",
    "Parallel Aware": false,
    "Startup Cost": 463015.59,
    "Total Cost": 463015.6,
    "Plan Rows": 1,
    "Plan Width": 8,
    "Actual Startup Time": 839.635,
    "Actual Total Time": 866.499,
    "Actual Rows": 1,
    "Actual Loops": 1,
    "Plans": [
      {
        "Node Type": "Gather",
        "Parent Relationship": "Outer",
        "Parallel Aware": false,
        "Startup Cost": 463015.48,
        "Total Cost": 463015.59,
        "Plan Rows": 1,
        "Plan Width": 8,
        "Actual Startup Time": 838.411,
        "Actual Total Time": 866.491,
        "Actual Rows": 2,
        "Actual Loops": 1,
        "Workers Planned": 1,
        "Workers Launched": 1,
        "Single Copy": false,
        "Plans": [
          {
            "Node Type": "Aggregate",
            "Strategy": "Plain",
            "Partial Mode": "Partial",
            "Parent Relationship": "Outer",
            "Parallel Aware": false,
            "Startup Cost": 462015.48,
            "Total Cost": 462015.49,
            "Plan Rows": 1,
            "Plan Width": 8,
            "Actual Startup Time": 832.277,
            "Actual Total Time": 832.281,
            "Actual Rows": 1,
            "Actual Loops": 2,
            "Plans": [
              {
                "Node Type": "Hash Join",
                "Parent Relationship": "Outer",
                "Parallel Aware": true,
                "Join Type": "Inner",
                "Startup Cost": 162939.36,
                "Total Cost": 461554.89,
                "Plan Rows": 184237,
                "Plan Width": 0,
                "Actual Startup Time": 579.436,
                "Actual Total Time": 828.637,
                "Actual Rows": 64902,
                "Actual Loops": 2,
                "Inner Unique": true,
                "Hash Cond": "(ci.movie_id = t.id)",
                "Plans": [
                  {
                    "Node Type": "Bitmap Heap Scan",
                    "Parent Relationship": "Outer",
                    "Parallel Aware": true,
                    "Relation Name": "cast_info",
                    "Alias": "ci",
                    "Startup Cost": 102731.0,
                    "Total Cost": 396619.26,
                    "Plan Rows": 1800861,
                    "Plan Width": 4,
                    "Actual Startup Time": 359.798,
                    "Actual Total Time": 491.006,
                    "Actual Rows": 663020,
                    "Actual Loops": 2,
                    "Recheck Cond": "(person_id < 465655)",
                    "Rows Removed by Index Recheck": 0,
                    "Filter": "(role_id > 1)",
                    "Rows Removed by Filter": 1734010,
                    "Exact Heap Blocks": 20728,
                    "Lossy Heap Blocks": 0,
                    "Plans": [
                      {
                        "Node Type": "Bitmap Index Scan",
                        "Parent Relationship": "Outer",
                        "Parallel Aware": false,
                        "Index Name": "person_id_cast_info",
                        "Startup Cost": 0.0,
                        "Total Cost": 101965.64,
                        "Plan Rows": 4669476,
                        "Plan Width": 0,
                        "Actual Startup Time": 162.779,
                        "Actual Total Time": 162.78,
                        "Actual Rows": 4794061,
                        "Actual Loops": 1,
                        "Index Cond": "(person_id < 465655)"
                      }
                    ]
                  },
                  {
                    "Node Type": "Hash",
                    "Parent Relationship": "Inner",
                    "Parallel Aware": true,
                    "Startup Cost": 58306.47,
                    "Total Cost": 58306.47,
                    "Plan Rows": 152151,
                    "Plan Width": 4,
                    "Actual Startup Time": 216.358,
                    "Actual Total Time": 216.359,
                    "Actual Rows": 135598,
                    "Actual Loops": 2,
                    "Hash Buckets": 524288,
                    "Original Hash Buckets": 262144,
                    "Hash Batches": 1,
                    "Original Hash Batches": 1,
                    "Peak Memory Usage": 16800,
                    "Plans": [
                      {
                        "Node Type": "Seq Scan",
                        "Parent Relationship": "Outer",
                        "Parallel Aware": true,
                        "Relation Name": "title",
                        "Alias": "t",
                        "Startup Cost": 0.0,
                        "Total Cost": 58306.47,
                        "Plan Rows": 152151,
                        "Plan Width": 4,
                        "Actual Startup Time": 0.035,
                        "Actual Total Time": 168.95,
                        "Actual Rows": 135598,
                        "Actual Loops": 2,
                        "Filter": "((kind_id > 3) AND (production_year > 2010))",
                        "Rows Removed by Filter": 1128558
                      }
                    ]
                  }
                ]
              }
            ]
          }
        ]
      }
    ]
  },
  "Planning Time": 0.537,
  "Triggers": [],
  "Execution Time": 866.598
}