[
  {
    "Plan": {
      "Node Type": "Aggregate",
      "Strategy": "Plain",
      "Partial Mode": "Finalize",
      "Parallel Aware": false,
      "Startup Cost": 429428.72,
      "Total Cost": 429428.73,
      "Plan Rows": 1,
      "Plan Width": 8,
      "Actual Startup Time": 1603.913,
      "Actual Total Time": 1687.751,
      "Actual Rows": 1,
      "Actual Loops": 1,
      "Plans": [
        {
          "Node Type": "Gather",
          "Parent Relationship": "Outer",
          "Parallel Aware": false,
          "Startup Cost": 429428.2,
          "Total Cost": 429428.71,
          "Plan Rows": 5,
          "Plan Width": 8,
          "Actual Startup Time": 1599.512,
          "Actual Total Time": 1687.739,
          "Actual Rows": 6,
          "Actual Loops": 1,
          "Workers Planned": 5,
          "Workers Launched": 5,
          "Single Copy": false,
          "Plans": [
            {
              "Node Type": "Aggregate",
              "Strategy": "Plain",
              "Partial Mode": "Partial",
              "Parent Relationship": "Outer",
              "Parallel Aware": false,
              "Startup Cost": 428428.2,
              "Total Cost": 428428.21,
              "Plan Rows": 1,
              "Plan Width": 8,
              "Actual Startup Time": 1588.657,
              "Actual Total Time": 1588.66,
              "Actual Rows": 1,
              "Actual Loops": 6,
              "Plans": [
                {
                  "Node Type": "Nested Loop",
                  "Parent Relationship": "Outer",
                  "Parallel Aware": false,
                  "Join Type": "Inner",
                  "Startup Cost": 68813.38,
                  "Total Cost": 426055.0,
                  "Plan Rows": 949279,
                  "Plan Width": 0,
                  "Actual Startup Time": 183.392,
                  "Actual Total Time": 1547.702,
                  "Actual Rows": 858274,
                  "Actual Loops": 6,
                  "Inner Unique": false,
                  "Join Filter": "(t.id = ci.movie_id)",
                  "Rows Removed by Join Filter": 0,
                  "Plans": [
                    {
                      "Node Type": "Hash Join",
                      "Parent Relationship": "Outer",
                      "Parallel Aware": true,
                      "Join Type": "Inner",
                      "Startup Cost": 68812.82,
                      "Total Cost": 234619.0,
                      "Plan Rows": 66249,
                      "Plan Width": 8,
                      "Actual Startup Time": 183.234,
                      "Actual Total Time": 304.567,
                      "Actual Rows": 46394,
                      "Actual Loops": 6,
                      "Inner Unique": true,
                      "Hash Cond": "(mi.movie_id = t.id)",
                      "Plans": [
                        {
                          "Node Type": "Bitmap Heap Scan",
                          "Parent Relationship": "Outer",
                          "Parallel Aware": true,
                          "Relation Name": "movie_info",
                          "Alias": "mi",
                          "Startup Cost": 22837.73,
                          "Total Cost": 187982.11,
                          "Plan Rows": 252111,
                          "Plan Width": 4,
                          "Actual Startup Time": 50.108,
                          "Actual Total Time": 76.326,
                          "Actual Rows": 214821,
                          "Actual Loops": 6,
                          "Recheck Cond": "(info_type_id = 2)",
                          "Rows Removed by Index Recheck": 0,
                          "Exact Heap Blocks": 1782,
                          "Lossy Heap Blocks": 0,
                          "Plans": [
                            {
                              "Node Type": "Bitmap Index Scan",
                              "Parent Relationship": "Outer",
                              "Parallel Aware": false,
                              "Index Name": "info_type_id_movie_info",
                              "Startup Cost": 0.0,
                              "Total Cost": 22522.59,
                              "Plan Rows": 1260554,
                              "Plan Width": 0,
                              "Actual Startup Time": 48.698,
                              "Actual Total Time": 48.699,
                              "Actual Rows": 1288928,
                              "Actual Loops": 1,
                              "Index Cond": "(info_type_id = 2)"
                            }
                          ]
                        },
                        {
                          "Node Type": "Hash",
                          "Parent Relationship": "Inner",
                          "Parallel Aware": true,
                          "Startup Cost": 43898.92,
                          "Total Cost": 43898.92,
                          "Plan Rows": 166094,
                          "Plan Width": 4,
                          "Actual Startup Time": 129.432,
                          "Actual Total Time": 129.432,
                          "Actual Rows": 110344,
                          "Actual Loops": 6,
                          "Hash Buckets": 1048576,
                          "Original Hash Buckets": 1048576,
                          "Hash Batches": 1,
                          "Original Hash Batches": 1,
                          "Peak Memory Usage": 34176,
                          "Plans": [
                            {
                              "Node Type": "Seq Scan",
                              "Parent Relationship": "Outer",
                              "Parallel Aware": true,
                              "Relation Name": "title",
                              "Alias": "t",
                              "Startup Cost": 0.0,
                              "Total Cost": 43898.92,
                              "Plan Rows": 166094,
                              "Plan Width": 4,
                              "Actual Startup Time": 0.04,
                              "Actual Total Time": 79.883,
                              "Actual Rows": 110344,
                              "Actual Loops": 6,
                              "Filter": "(production_year > 2008)",
                              "Rows Removed by Filter": 311041
                            }
                          ]
                        }
                      ]
                    },
                    {
                      "Node Type": "Index Only Scan",
                      "Parent Relationship": "Inner",
                      "Parallel Aware": false,
                      "Scan Direction": "Forward",
                      "Index Name": "movie_id_cast_info",
                      "Relation Name": "cast_info",
                      "Alias": "ci",
                      "Startup Cost": 0.56,
                      "Total Cost": 2.43,
                      "Plan Rows": 37,
                      "Plan Width": 4,
                      "Actual Startup Time": 0.005,
                      "Actual Total Time": 0.025,
                      "Actual Rows": 18,
                      "Actual Loops": 278364,
                      "Index Cond": "(movie_id = mi.movie_id)",
                      "Rows Removed by Index Recheck": 0,
                      "Heap Fetches": 5149641
                    }
                  ]
                }
              ]
            }
          ]
        }
      ]
    },
    "Planning Time": 1.397,
    "Triggers": [],
    "Execution Time": 1687.888
  }
]