[
  {
    "Plan": {
      "Node Type": "Aggregate",
      "Strategy": "Plain",
      "Partial Mode": "Simple",
      "Parallel Aware": false,
      "Startup Cost": 6049.28,
      "Total Cost": 6049.29,
      "Plan Rows": 1,
      "Plan Width": 8,
      "Actual Startup Time": 2.164,
      "Actual Total Time": 2.164,
      "Actual Rows": 1,
      "Actual Loops": 1,
      "Plans": [
        {
          "Node Type": "Index Scan",
          "Parent Relationship": "Outer",
          "Parallel Aware": false,
          "Scan Direction": "Forward",
          "Index Name": "company_id_movie_companies",
          "Relation Name": "movie_companies",
          "Alias": "mc",
          "Startup Cost": 0.43,
          "Total Cost": 6046.3,
          "Plan Rows": 1191,
          "Plan Width": 0,
          "Actual Startup Time": 0.09,
          "Actual Total Time": 2.134,
          "Actual Rows": 479,
          "Actual Loops": 1,
          "Index Cond": "(company_id = 594)",
          "Rows Removed by Index Recheck": 0,
          "Filter": "(company_type_id = 1)",
          "Rows Removed by Filter": 1380
        }
      ]
    },
    "Planning Time": 0.098,
    "Triggers": [],
    "Execution Time": 2.194
  }
]