[
  {
    "Plan": {
      "Node Type": "Aggregate",
      "Strategy": "Plain",
      "Partial Mode": "Finalize",
      "Parallel Aware": false,
      "Startup Cost": 340320.03,
      "Total Cost": 340320.04,
      "Plan Rows": 1,
      "Plan Width": 8,
      "Actual Startup Time": 968.997,
      "Actual Total Time": 1018.708,
      "Actual Rows": 1,
      "Actual Loops": 1,
      "Plans": [
        {
          "Node Type": "Gather",
          "Parent Relationship": "Outer",
          "Parallel Aware": false,
          "Startup Cost": 340319.41,
          "Total Cost": 340320.02,
          "Plan Rows": 6,
          "Plan Width": 8,
          "Actual Startup Time": 968.804,
          "Actual Total Time": 1018.697,
          "Actual Rows": 7,
          "Actual Loops": 1,
          "Workers Planned": 6,
          "Workers Launched": 6,
          "Single Copy": false,
          "Plans": [
            {
              "Node Type": "Aggregate",
              "Strategy": "Plain",
              "Partial Mode": "Partial",
              "Parent Relationship": "Outer",
              "Parallel Aware": false,
              "Startup Cost": 339319.41,
              "Total Cost": 339319.42,
              "Plan Rows": 1,
              "Plan Width": 8,
              "Actual Startup Time": 958.403,
              "Actual Total Time": 958.404,
              "Actual Rows": 1,
              "Actual Loops": 7,
              "Plans": [
                {
                  "Node Type": "Seq Scan",
                  "Parent Relationship": "Outer",
                  "Parallel Aware": true,
                  "Relation Name": "cast_info",
                  "Alias": "ci",
                  "Startup Cost": 0.0,
                  "Total Cost": 328211.39,
                  "Plan Rows": 4443206,
                  "Plan Width": 0,
                  "Actual Startup Time": 0.064,
                  "Actual Total Time": 730.179,
                  "Actual Rows": 3820742,
                  "Actual Loops": 7,
                  "Filter": "(person_id < 2755793)",
                  "Rows Removed by Filter": 1357022
                }
              ]
            }
          ]
        }
      ]
    },
    "Planning Time": 0.178,
    "Triggers": [],
    "Execution Time": 1018.778
  }
]