[
  {
    "Plan": {
      "Node Type": "Aggregate",
      "Strategy": "Plain",
      "Partial Mode": "Finalize",
      "Parallel Aware": false,
      "Startup Cost": 92440.3,
      "Total Cost": 92440.31,
      "Plan Rows": 1,
      "Plan Width": 8,
      "Actual Startup Time": 579.746,
      "Actual Total Time": 599.036,
      "Actual Rows": 1,
      "Actual Loops": 1,
      "Plans": [
        {
          "Node Type": "Gather",
          "Parent Relationship": "Outer",
          "Parallel Aware": false,
          "Startup Cost": 92439.98,
          "Total Cost": 92440.29,
          "Plan Rows": 3,
          "Plan Width": 8,
          "Actual Startup Time": 569.406,
          "Actual Total Time": 599.025,
          "Actual Rows": 4,
          "Actual Loops": 1,
          "Workers Planned": 3,
          "Workers Launched": 3,
          "Single Copy": false,
          "Plans": [
            {
              "Node Type": "Aggregate",
              "Strategy": "Plain",
              "Partial Mode": "Partial",
              "Parent Relationship": "Outer",
              "Parallel Aware": false,
              "Startup Cost": 91439.98,
              "Total Cost": 91439.99,
              "Plan Rows": 1,
              "Plan Width": 8,
              "Actual Startup Time": 553.612,
              "Actual Total Time": 553.616,
              "Actual Rows": 1,
              "Actual Loops": 4,
              "Plans": [
                {
                  "Node Type": "Hash Join",
                  "Parent Relationship": "Outer",
                  "Parallel Aware": true,
                  "Join Type": "Inner",
                  "Startup Cost": 63442.72,
                  "Total Cost": 90937.39,
                  "Plan Rows": 201036,
                  "Plan Width": 0,
                  "Actual Startup Time": 423.328,
                  "Actual Total Time": 544.558,
                  "Actual Rows": 155325,
                  "Actual Loops": 4,
                  "Inner Unique": true,
                  "Hash Cond": "(mk.movie_id = t.id)",
                  "Plans": [
                    {
                      "Node Type": "Bitmap Heap Scan",
                      "Parent Relationship": "Outer",
                      "Parallel Aware": true,
                      "Relation Name": "movie_keyword",
                      "Alias": "mk",
                      "Startup Cost": 13222.33,
                      "Total Cost": 40189.29,
                      "Plan Rows": 201036,
                      "Plan Width": 4,
                      "Actual Startup Time": 45.565,
                      "Actual Total Time": 109.959,
                      "Actual Rows": 155325,
                      "Actual Loops": 4,
                      "Recheck Cond": "(keyword_id > 29353)",
                      "Rows Removed by Index Recheck": 0,
                      "Exact Heap Blocks": 7502,
                      "Lossy Heap Blocks": 0,
                      "Plans": [
                        {
                          "Node Type": "Bitmap Index Scan",
                          "Parent Relationship": "Outer",
                          "Parallel Aware": false,
                          "Index Name": "keyword_id_movie_keyword",
                          "Startup Cost": 0.0,
                          "Total Cost": 13066.53,
                          "Plan Rows": 623213,
                          "Plan Width": 0,
                          "Actual Startup Time": 41.983,
                          "Actual Total Time": 41.984,
                          "Actual Rows": 621300,
                          "Actual Loops": 1,
                          "Index Cond": "(keyword_id > 29353)"
                        }
                      ]
                    },
                    {
                      "Node Type": "Hash",
                      "Parent Relationship": "Inner",
                      "Parallel Aware": true,
                      "Startup Cost": 42319.06,
                      "Total Cost": 42319.06,
                      "Plan Rows": 632106,
                      "Plan Width": 4,
                      "Actual Startup Time": 367.411,
                      "Actual Total Time": 367.412,
                      "Actual Rows": 632078,
                      "Actual Loops": 4,
                      "Hash Buckets": 4194304,
                      "Original Hash Buckets": 4194304,
                      "Hash Batches": 1,
                      "Original Hash Batches": 1,
                      "Peak Memory Usage": 131744,
                      "Plans": [
                        {
                          "Node Type": "Seq Scan",
                          "Parent Relationship": "Outer",
                          "Parallel Aware": true,
                          "Relation Name": "title",
                          "Alias": "t",
                          "Startup Cost": 0.0,
                          "Total Cost": 42319.06,
                          "Plan Rows": 632106,
                          "Plan Width": 4,
                          "Actual Startup Time": 0.034,
                          "Actual Total Time": 107.576,
                          "Actual Rows": 632078,
                          "Actual Loops": 4
                        }
                      ]
                    }
                  ]
                }
              ]
            }
          ]
        }
      ]
    },
    "Planning Time": 0.49,
    "Triggers": [],
    "Execution Time": 599.114
  }
]