[
    {
        "Bao": {
            "Bao prediction": "NaN",
            "Bao recommended hint": "(no hint)"
        }
    },
    {
        "Plan": {
            "Node Type": "Aggregate",
            "Strategy": "Plain",
            "Partial Mode": "Finalize",
            "Parallel Aware": false,
            "Startup Cost": 33420.46,
            "Total Cost": 33420.47,
            "Plan Rows": 1,
            "Plan Width": 8,
            "Actual Startup Time": 101.98,
            "Actual Total Time": 108.085,
            "Actual Rows": 1,
            "Actual Loops": 1,
            "Output": [
                "count(*)"
            ],
            "Plans": [
                {
                    "Node Type": "Gather",
                    "Parent Relationship": "Outer",
                    "Parallel Aware": false,
                    "Startup Cost": 33420.14,
                    "Total Cost": 33420.45,
                    "Plan Rows": 3,
                    "Plan Width": 8,
                    "Actual Startup Time": 101.902,
                    "Actual Total Time": 108.078,
                    "Actual Rows": 4,
                    "Actual Loops": 1,
                    "Output": [
                        "(PARTIAL count(*))"
                    ],
                    "Workers Planned": 3,
                    "Workers Launched": 3,
                    "Single Copy": false,
                    "Plans": [
                        {
                            "Node Type": "Aggregate",
                            "Strategy": "Plain",
                            "Partial Mode": "Partial",
                            "Parent Relationship": "Outer",
                            "Parallel Aware": false,
                            "Startup Cost": 32420.14,
                            "Total Cost": 32420.15,
                            "Plan Rows": 1,
                            "Plan Width": 8,
                            "Actual Startup Time": 93.557,
                            "Actual Total Time": 93.558,
                            "Actual Rows": 1,
                            "Actual Loops": 4,
                            "Output": [
                                "PARTIAL count(*)"
                            ],
                            "Workers": [
                                {
                                    "Worker Number": 0,
                                    "Actual Startup Time": 90.813,
                                    "Actual Total Time": 90.814,
                                    "Actual Rows": 1,
                                    "Actual Loops": 1
                                },
                                {
                                    "Worker Number": 1,
                                    "Actual Startup Time": 90.793,
                                    "Actual Total Time": 90.794,
                                    "Actual Rows": 1,
                                    "Actual Loops": 1
                                },
                                {
                                    "Worker Number": 2,
                                    "Actual Startup Time": 91.279,
                                    "Actual Total Time": 91.279,
                                    "Actual Rows": 1,
                                    "Actual Loops": 1
                                }
                            ],
                            "Plans": [
                                {
                                    "Node Type": "Seq Scan",
                                    "Parent Relationship": "Outer",
                                    "Parallel Aware": true,
                                    "Relation Name": "movie_companies",
                                    "Schema": "public",
                                    "Alias": "mc",
                                    "Startup Cost": 0.0,
                                    "Total Cost": 31414.82,
                                    "Plan Rows": 402128,
                                    "Plan Width": 0,
                                    "Actual Startup Time": 41.602,
                                    "Actual Total Time": 79.476,
                                    "Actual Rows": 324182,
                                    "Actual Loops": 4,
                                    "Output": [
                                        "id",
                                        "movie_id",
                                        "company_id",
                                        "company_type_id",
                                        "note"
                                    ],
                                    "Filter": "((mc.company_id > 33) AND (mc.company_type_id > 1))",
                                    "Rows Removed by Filter": 328100,
                                    "Workers": [
                                        {
                                            "Worker Number": 0,
                                            "Actual Startup Time": 38.863,
                                            "Actual Total Time": 76.798,
                                            "Actual Rows": 348159,
                                            "Actual Loops": 1
                                        },
                                        {
                                            "Worker Number": 1,
                                            "Actual Startup Time": 38.854,
                                            "Actual Total Time": 77.288,
                                            "Actual Rows": 335890,
                                            "Actual Loops": 1
                                        },
                                        {
                                            "Worker Number": 2,
                                            "Actual Startup Time": 39.308,
                                            "Actual Total Time": 77.323,
                                            "Actual Rows": 213452,
                                            "Actual Loops": 1
                                        }
                                    ]
                                }
                            ]
                        }
                    ]
                }
            ]
        },
        "Planning Time": 198.62,
        "Triggers": [],
        "Execution Time": 108.16
    }
]