{
  "Plan": {
    "Node Type": "Aggregate",
    "Strategy": "Plain",
    "Partial Mode": "Finalize",
    "Parallel Aware": false,
    "Startup Cost": 62267.25,
    "Total Cost": 62267.26,
    "Plan Rows": 1,
    "Plan Width": 8,
    "Actual Startup Time": 220.879,
    "Actual Total Time": 230.417,
    "Actual Rows": 1,
    "Actual Loops": 1,
    "Plans": [
      {
        "Node Type": "Gather",
        "Parent Relationship": "Outer",
        "Parallel Aware": false,
        "Startup Cost": 62267.14,
        "Total Cost": 62267.25,
        "Plan Rows": 1,
        "Plan Width": 8,
        "Actual Startup Time": 220.761,
        "Actual Total Time": 230.409,
        "Actual Rows": 2,
        "Actual Loops": 1,
        "Workers Planned": 1,
        "Workers Launched": 1,
        "Single Copy": false,
        "Plans": [
          {
            "Node Type": "Aggregate",
            "Strategy": "Plain",
            "Partial Mode": "Partial",
            "Parent Relationship": "Outer",
            "Parallel Aware": false,
            "Startup Cost": 61267.14,
            "Total Cost": 61267.15,
            "Plan Rows": 1,
            "Plan Width": 8,
            "Actual Startup Time": 214.938,
            "Actual Total Time": 214.942,
            "Actual Rows": 1,
            "Actual Loops": 2,
            "Plans": [
              {
                "Node Type": "Hash Join",
                "Parent Relationship": "Outer",
                "Parallel Aware": false,
                "Join Type": "Inner",
                "Startup Cost": 713.75,
                "Total Cost": 61267.1,
                "Plan Rows": 15,
                "Plan Width": 0,
                "Actual Startup Time": 64.526,
                "Actual Total Time": 214.902,
                "Actual Rows": 526,
                "Actual Loops": 2,
                "Inner Unique": false,
                "Hash Cond": "(mk.movie_id = t.id)",
                "Plans": [
                  {
                    "Node Type": "Seq Scan",
                    "Parent Relationship": "Outer",
                    "Parallel Aware": true,
                    "Relation Name": "movie_keyword",
                    "Alias": "mk",
                    "Startup Cost": 0.0,
                    "Total Cost": 57718.19,
                    "Plan Rows": 756001,
                    "Plan Width": 4,
                    "Actual Startup Time": 0.05,
                    "Actual Total Time": 173.096,
                    "Actual Rows": 648521,
                    "Actual Loops": 2,
                    "Filter": "(keyword_id < 1684)",
                    "Rows Removed by Filter": 1613444
                  },
                  {
                    "Node Type": "Hash",
                    "Parent Relationship": "Inner",
                    "Parallel Aware": false,
                    "Startup Cost": 713.1,
                    "Total Cost": 713.1,
                    "Plan Rows": 52,
                    "Plan Width": 8,
                    "Actual Startup Time": 4.505,
                    "Actual Total Time": 4.507,
                    "Actual Rows": 108,
                    "Actual Loops": 2,
                    "Hash Buckets": 1024,
                    "Original Hash Buckets": 1024,
                    "Hash Batches": 1,
                    "Original Hash Batches": 1,
                    "Peak Memory Usage": 13,
                    "Plans": [
                      {
                        "Node Type": "Nested Loop",
                        "Parent Relationship": "Outer",
                        "Parallel Aware": false,
                        "Join Type": "Inner",
                        "Startup Cost": 0.86,
                        "Total Cost": 713.1,
                        "Plan Rows": 52,
                        "Plan Width": 8,
                        "Actual Startup Time": 0.353,
                        "Actual Total Time": 4.376,
                        "Actual Rows": 108,
                        "Actual Loops": 2,
                        "Inner Unique": true,
                        "Plans": [
                          {
                            "Node Type": "Index Scan",
                            "Parent Relationship": "Outer",
                            "Parallel Aware": false,
                            "Scan Direction": "Forward",
                            "Index Name": "company_id_movie_companies",
                            "Relation Name": "movie_companies",
                            "Alias": "mc",
                            "Startup Cost": 0.43,
                            "Total Cost": 273.83,
                            "Plan Rows": 52,
                            "Plan Width": 4,
                            "Actual Startup Time": 0.195,
                            "Actual Total Time": 1.109,
                            "Actual Rows": 108,
                            "Actual Loops": 2,
                            "Index Cond": "(company_id = 82571)",
                            "Rows Removed by Index Recheck": 0,
                            "Filter": "(company_type_id = 2)",
                            "Rows Removed by Filter": 0
                          },
                          {
                            "Node Type": "Index Only Scan",
                            "Parent Relationship": "Inner",
                            "Parallel Aware": false,
                            "Scan Direction": "Forward",
                            "Index Name": "title_pkey",
                            "Relation Name": "title",
                            "Alias": "t",
                            "Startup Cost": 0.43,
                            "Total Cost": 8.45,
                            "Plan Rows": 1,
                            "Plan Width": 4,
                            "Actual Startup Time": 0.029,
                            "Actual Total Time": 0.029,
                            "Actual Rows": 1,
                            "Actual Loops": 216,
                            "Index Cond": "(id = mc.movie_id)",
                            "Rows Removed by Index Recheck": 0,
                            "Heap Fetches": 216
                          }
                        ]
                      }
                    ]
                  }
                ]
              }
            ]
          }
        ]
      }
    ]
  },
  "Planning Time": 1.182,
  "Triggers": [],
  "Execution Time": 230.506
}