{
    "Plan": {
        "Node Type": "Aggregate",
        "Strategy": "Plain",
        "Partial Mode": "Finalize",
        "Parallel Aware": false,
        "Startup Cost": 78492.59,
        "Total Cost": 78492.6,
        "Plan Rows": 1,
        "Plan Width": 8,
        "Actual Startup Time": 243.977,
        "Actual Total Time": 258.041,
        "Actual Rows": 1,
        "Actual Loops": 1,
        "Output": [
            "count(*)"
        ],
        "Plans": [
            {
                "Node Type": "Gather",
                "Parent Relationship": "Outer",
                "Parallel Aware": false,
                "Startup Cost": 78492.27,
                "Total Cost": 78492.58,
                "Plan Rows": 3,
                "Plan Width": 8,
                "Actual Startup Time": 242.191,
                "Actual Total Time": 258.032,
                "Actual Rows": 4,
                "Actual Loops": 1,
                "Output": [
                    "(PARTIAL count(*))"
                ],
                "Workers Planned": 3,
                "Workers Launched": 3,
                "Single Copy": false,
                "Plans": [
                    {
                        "Node Type": "Aggregate",
                        "Strategy": "Plain",
                        "Partial Mode": "Partial",
                        "Parent Relationship": "Outer",
                        "Parallel Aware": false,
                        "Startup Cost": 77492.27,
                        "Total Cost": 77492.28,
                        "Plan Rows": 1,
                        "Plan Width": 8,
                        "Actual Startup Time": 233.567,
                        "Actual Total Time": 233.569,
                        "Actual Rows": 1,
                        "Actual Loops": 4,
                        "Output": [
                            "PARTIAL count(*)"
                        ],
                        "Workers": [
                            {
                                "Worker Number": 0,
                                "Actual Startup Time": 230.862,
                                "Actual Total Time": 230.865,
                                "Actual Rows": 1,
                                "Actual Loops": 1
                            },
                            {
                                "Worker Number": 1,
                                "Actual Startup Time": 230.935,
                                "Actual Total Time": 230.938,
                                "Actual Rows": 1,
                                "Actual Loops": 1
                            },
                            {
                                "Worker Number": 2,
                                "Actual Startup Time": 231.015,
                                "Actual Total Time": 231.017,
                                "Actual Rows": 1,
                                "Actual Loops": 1
                            }
                        ],
                        "Plans": [
                            {
                                "Node Type": "Hash Join",
                                "Parent Relationship": "Outer",
                                "Parallel Aware": true,
                                "Join Type": "Inner",
                                "Startup Cost": 45563.04,
                                "Total Cost": 77406.33,
                                "Plan Rows": 34377,
                                "Plan Width": 0,
                                "Actual Startup Time": 185.517,
                                "Actual Total Time": 233.017,
                                "Actual Rows": 11758,
                                "Actual Loops": 4,
                                "Inner Unique": true,
                                "Hash Cond": "(mc.movie_id = t.id)",
                                "Workers": [
                                    {
                                        "Worker Number": 0,
                                        "Actual Startup Time": 182.625,
                                        "Actual Total Time": 230.321,
                                        "Actual Rows": 11220,
                                        "Actual Loops": 1
                                    },
                                    {
                                        "Worker Number": 1,
                                        "Actual Startup Time": 182.96,
                                        "Actual Total Time": 230.41,
                                        "Actual Rows": 10830,
                                        "Actual Loops": 1
                                    },
                                    {
                                        "Worker Number": 2,
                                        "Actual Startup Time": 183.02,
                                        "Actual Total Time": 230.446,
                                        "Actual Rows": 11909,
                                        "Actual Loops": 1
                                    }
                                ],
                                "Plans": [
                                    {
                                        "Node Type": "Seq Scan",
                                        "Parent Relationship": "Outer",
                                        "Parallel Aware": true,
                                        "Relation Name": "movie_companies",
                                        "Schema": "public",
                                        "Alias": "mc",
                                        "Startup Cost": 0.0,
                                        "Total Cost": 31414.82,
                                        "Plan Rows": 163227,
                                        "Plan Width": 4,
                                        "Actual Startup Time": 28.458,
                                        "Actual Total Time": 56.102,
                                        "Actual Rows": 74805,
                                        "Actual Loops": 4,
                                        "Output": [
                                            "mc.id",
                                            "mc.movie_id",
                                            "mc.company_id",
                                            "mc.company_type_id",
                                            "mc.note"
                                        ],
                                        "Filter": "((mc.company_id < 4621) AND (mc.company_type_id > 1))",
                                        "Rows Removed by Filter": 577477,
                                        "Workers": [
                                            {
                                                "Worker Number": 0,
                                                "Actual Startup Time": 28.438,
                                                "Actual Total Time": 56.273,
                                                "Actual Rows": 73751,
                                                "Actual Loops": 1
                                            },
                                            {
                                                "Worker Number": 1,
                                                "Actual Startup Time": 28.587,
                                                "Actual Total Time": 56.521,
                                                "Actual Rows": 72508,
                                                "Actual Loops": 1
                                            },
                                            {
                                                "Worker Number": 2,
                                                "Actual Startup Time": 28.404,
                                                "Actual Total Time": 56.325,
                                                "Actual Rows": 72173,
                                                "Actual Loops": 1
                                            }
                                        ]
                                    },
                                    {
                                        "Node Type": "Hash",
                                        "Parent Relationship": "Inner",
                                        "Parallel Aware": true,
                                        "Startup Cost": 43899.01,
                                        "Total Cost": 43899.01,
                                        "Plan Rows": 133123,
                                        "Plan Width": 4,
                                        "Actual Startup Time": 151.803,
                                        "Actual Total Time": 151.804,
                                        "Actual Rows": 133342,
                                        "Actual Loops": 4,
                                        "Output": [
                                            "t.id"
                                        ],
                                        "Hash Buckets": 1048576,
                                        "Original Hash Buckets": 1048576,
                                        "Hash Batches": 1,
                                        "Original Hash Batches": 1,
                                        "Peak Memory Usage": 29120,
                                        "Workers": [
                                            {
                                                "Worker Number": 0,
                                                "Actual Startup Time": 153.366,
                                                "Actual Total Time": 153.367,
                                                "Actual Rows": 119505,
                                                "Actual Loops": 1
                                            },
                                            {
                                                "Worker Number": 1,
                                                "Actual Startup Time": 153.765,
                                                "Actual Total Time": 153.766,
                                                "Actual Rows": 118212,
                                                "Actual Loops": 1
                                            },
                                            {
                                                "Worker Number": 2,
                                                "Actual Startup Time": 153.783,
                                                "Actual Total Time": 153.783,
                                                "Actual Rows": 117524,
                                                "Actual Loops": 1
                                            }
                                        ],
                                        "Plans": [
                                            {
                                                "Node Type": "Seq Scan",
                                                "Parent Relationship": "Outer",
                                                "Parallel Aware": true,
                                                "Relation Name": "title",
                                                "Schema": "public",
                                                "Alias": "t",
                                                "Startup Cost": 0.0,
                                                "Total Cost": 43899.01,
                                                "Plan Rows": 133123,
                                                "Plan Width": 4,
                                                "Actual Startup Time": 0.057,
                                                "Actual Total Time": 98.899,
                                                "Actual Rows": 133342,
                                                "Actual Loops": 4,
                                                "Output": [
                                                    "t.id"
                                                ],
                                                "Filter": "(t.production_year > 2009)",
                                                "Rows Removed by Filter": 498736,
                                                "Workers": [
                                                    {
                                                        "Worker Number": 0,
                                                        "Actual Startup Time": 0.07,
                                                        "Actual Total Time": 100.742,
                                                        "Actual Rows": 119505,
                                                        "Actual Loops": 1
                                                    },
                                                    {
                                                        "Worker Number": 1,
                                                        "Actual Startup Time": 0.067,
                                                        "Actual Total Time": 100.842,
                                                        "Actual Rows": 118212,
                                                        "Actual Loops": 1
                                                    },
                                                    {
                                                        "Worker Number": 2,
                                                        "Actual Startup Time": 0.073,
                                                        "Actual Total Time": 100.611,
                                                        "Actual Rows": 117524,
                                                        "Actual Loops": 1
                                                    }
                                                ]
                                            }
                                        ]
                                    }
                                ]
                            }
                        ]
                    }
                ]
            }
        ]
    },
    "Planning Time": 0.755,
    "Triggers": [],
    "Execution Time": 258.111
}