[
  {
    "Plan": {
      "Node Type": "Aggregate",
      "Strategy": "Plain",
      "Partial Mode": "Finalize",
      "Parallel Aware": false,
      "Startup Cost": 74456.24,
      "Total Cost": 74456.25,
      "Plan Rows": 1,
      "Plan Width": 8,
      "Actual Startup Time": 124.733,
      "Actual Total Time": 140.846,
      "Actual Rows": 1,
      "Actual Loops": 1,
      "Plans": [
        {
          "Node Type": "Gather",
          "Parent Relationship": "Outer",
          "Parallel Aware": false,
          "Startup Cost": 74455.82,
          "Total Cost": 74456.23,
          "Plan Rows": 4,
          "Plan Width": 8,
          "Actual Startup Time": 124.618,
          "Actual Total Time": 140.839,
          "Actual Rows": 5,
          "Actual Loops": 1,
          "Workers Planned": 4,
          "Workers Launched": 4,
          "Single Copy": false,
          "Plans": [
            {
              "Node Type": "Aggregate",
              "Strategy": "Plain",
              "Partial Mode": "Partial",
              "Parent Relationship": "Outer",
              "Parallel Aware": false,
              "Startup Cost": 73455.82,
              "Total Cost": 73455.83,
              "Plan Rows": 1,
              "Plan Width": 8,
              "Actual Startup Time": 115.452,
              "Actual Total Time": 115.454,
              "Actual Rows": 1,
              "Actual Loops": 5,
              "Plans": [
                {
                  "Node Type": "Nested Loop",
                  "Parent Relationship": "Outer",
                  "Parallel Aware": false,
                  "Join Type": "Inner",
                  "Startup Cost": 0.43,
                  "Total Cost": 73454.86,
                  "Plan Rows": 382,
                  "Plan Width": 0,
                  "Actual Startup Time": 56.24,
                  "Actual Total Time": 115.388,
                  "Actual Rows": 648,
                  "Actual Loops": 5,
                  "Inner Unique": false,
                  "Plans": [
                    {
                      "Node Type": "Seq Scan",
                      "Parent Relationship": "Outer",
                      "Parallel Aware": true,
                      "Relation Name": "title",
                      "Alias": "t",
                      "Startup Cost": 0.0,
                      "Total Cost": 45479.1,
                      "Plan Rows": 3800,
                      "Plan Width": 4,
                      "Actual Startup Time": 0.314,
                      "Actual Total Time": 85.71,
                      "Actual Rows": 2594,
                      "Actual Loops": 5,
                      "Filter": "((kind_id < 7) AND (production_year = 1997))",
                      "Rows Removed by Filter": 503069
                    },
                    {
                      "Node Type": "Index Scan",
                      "Parent Relationship": "Inner",
                      "Parallel Aware": false,
                      "Scan Direction": "Forward",
                      "Index Name": "movie_id_movie_keyword",
                      "Relation Name": "movie_keyword",
                      "Alias": "mk",
                      "Startup Cost": 0.43,
                      "Total Cost": 7.33,
                      "Plan Rows": 3,
                      "Plan Width": 4,
                      "Actual Startup Time": 0.011,
                      "Actual Total Time": 0.011,
                      "Actual Rows": 0,
                      "Actual Loops": 12969,
                      "Index Cond": "(movie_id = t.id)",
                      "Rows Removed by Index Recheck": 0,
                      "Filter": "(keyword_id > 61310)",
                      "Rows Removed by Filter": 5
                    }
                  ]
                }
              ]
            }
          ]
        }
      ]
    },
    "Planning Time": 0.624,
    "Triggers": [],
    "Execution Time": 140.925
  }
]