[
    {
        "Bao": {
            "Bao prediction": "NaN",
            "Bao recommended hint": "(no hint)"
        }
    },
    {
        "Plan": {
            "Node Type": "Aggregate",
            "Strategy": "Plain",
            "Partial Mode": "Finalize",
            "Parallel Aware": false,
            "Startup Cost": 419884.19,
            "Total Cost": 419884.2,
            "Plan Rows": 1,
            "Plan Width": 8,
            "Actual Startup Time": 1233.066,
            "Actual Total Time": 1271.626,
            "Actual Rows": 1,
            "Actual Loops": 1,
            "Output": [
                "count(*)"
            ],
            "Plans": [
                {
                    "Node Type": "Gather",
                    "Parent Relationship": "Outer",
                    "Parallel Aware": false,
                    "Startup Cost": 419883.56,
                    "Total Cost": 419884.17,
                    "Plan Rows": 6,
                    "Plan Width": 8,
                    "Actual Startup Time": 1209.617,
                    "Actual Total Time": 1271.614,
                    "Actual Rows": 7,
                    "Actual Loops": 1,
                    "Output": [
                        "(PARTIAL count(*))"
                    ],
                    "Workers Planned": 6,
                    "Workers Launched": 6,
                    "Single Copy": false,
                    "Plans": [
                        {
                            "Node Type": "Aggregate",
                            "Strategy": "Plain",
                            "Partial Mode": "Partial",
                            "Parent Relationship": "Outer",
                            "Parallel Aware": false,
                            "Startup Cost": 418883.56,
                            "Total Cost": 418883.57,
                            "Plan Rows": 1,
                            "Plan Width": 8,
                            "Actual Startup Time": 1199.22,
                            "Actual Total Time": 1199.585,
                            "Actual Rows": 1,
                            "Actual Loops": 7,
                            "Output": [
                                "PARTIAL count(*)"
                            ],
                            "Workers": [
                                {
                                    "Worker Number": 0,
                                    "Actual Startup Time": 1197.605,
                                    "Actual Total Time": 1197.61,
                                    "Actual Rows": 1,
                                    "Actual Loops": 1
                                },
                                {
                                    "Worker Number": 1,
                                    "Actual Startup Time": 1196.308,
                                    "Actual Total Time": 1196.314,
                                    "Actual Rows": 1,
                                    "Actual Loops": 1
                                },
                                {
                                    "Worker Number": 2,
                                    "Actual Startup Time": 1197.636,
                                    "Actual Total Time": 1197.64,
                                    "Actual Rows": 1,
                                    "Actual Loops": 1
                                },
                                {
                                    "Worker Number": 3,
                                    "Actual Startup Time": 1197.868,
                                    "Actual Total Time": 1197.874,
                                    "Actual Rows": 1,
                                    "Actual Loops": 1
                                },
                                {
                                    "Worker Number": 4,
                                    "Actual Startup Time": 1197.926,
                                    "Actual Total Time": 1197.93,
                                    "Actual Rows": 1,
                                    "Actual Loops": 1
                                },
                                {
                                    "Worker Number": 5,
                                    "Actual Startup Time": 1197.926,
                                    "Actual Total Time": 1197.93,
                                    "Actual Rows": 1,
                                    "Actual Loops": 1
                                }
                            ],
                            "Plans": [
                                {
                                    "Node Type": "Hash Join",
                                    "Parent Relationship": "Outer",
                                    "Parallel Aware": true,
                                    "Join Type": "Inner",
                                    "Startup Cost": 86020.68,
                                    "Total Cost": 417979.27,
                                    "Plan Rows": 361716,
                                    "Plan Width": 0,
                                    "Actual Startup Time": 439.673,
                                    "Actual Total Time": 1173.878,
                                    "Actual Rows": 533440,
                                    "Actual Loops": 7,
                                    "Inner Unique": false,
                                    "Hash Cond": "(ci.movie_id = t.id)",
                                    "Workers": [
                                        {
                                            "Worker Number": 0,
                                            "Actual Startup Time": 436.761,
                                            "Actual Total Time": 1170.374,
                                            "Actual Rows": 421676,
                                            "Actual Loops": 1
                                        },
                                        {
                                            "Worker Number": 1,
                                            "Actual Startup Time": 437.017,
                                            "Actual Total Time": 1168.348,
                                            "Actual Rows": 430601,
                                            "Actual Loops": 1
                                        },
                                        {
                                            "Worker Number": 2,
                                            "Actual Startup Time": 438.318,
                                            "Actual Total Time": 1172.59,
                                            "Actual Rows": 565762,
                                            "Actual Loops": 1
                                        },
                                        {
                                            "Worker Number": 3,
                                            "Actual Startup Time": 438.479,
                                            "Actual Total Time": 1173.178,
                                            "Actual Rows": 560481,
                                            "Actual Loops": 1
                                        },
                                        {
                                            "Worker Number": 4,
                                            "Actual Startup Time": 438.632,
                                            "Actual Total Time": 1172.874,
                                            "Actual Rows": 568643,
                                            "Actual Loops": 1
                                        },
                                        {
                                            "Worker Number": 5,
                                            "Actual Startup Time": 438.576,
                                            "Actual Total Time": 1173.187,
                                            "Actual Rows": 562701,
                                            "Actual Loops": 1
                                        }
                                    ],
                                    "Plans": [
                                        {
                                            "Node Type": "Seq Scan",
                                            "Parent Relationship": "Outer",
                                            "Parallel Aware": true,
                                            "Relation Name": "cast_info",
                                            "Schema": "public",
                                            "Alias": "ci",
                                            "Startup Cost": 0.0,
                                            "Total Cost": 328213.62,
                                            "Plan Rows": 687505,
                                            "Plan Width": 4,
                                            "Actual Startup Time": 0.039,
                                            "Actual Total Time": 500.2,
                                            "Actual Rows": 596132,
                                            "Actual Loops": 7,
                                            "Output": [
                                                "ci.id",
                                                "ci.person_id",
                                                "ci.movie_id",
                                                "ci.person_role_id",
                                                "ci.note",
                                                "ci.nr_order",
                                                "ci.role_id"
                                            ],
                                            "Filter": "(ci.person_id < 401304)",
                                            "Rows Removed by Filter": 4581632,
                                            "Workers": [
                                                {
                                                    "Worker Number": 0,
                                                    "Actual Startup Time": 0.079,
                                                    "Actual Total Time": 512.265,
                                                    "Actual Rows": 470060,
                                                    "Actual Loops": 1
                                                },
                                                {
                                                    "Worker Number": 1,
                                                    "Actual Startup Time": 0.036,
                                                    "Actual Total Time": 507.921,
                                                    "Actual Rows": 479330,
                                                    "Actual Loops": 1
                                                },
                                                {
                                                    "Worker Number": 2,
                                                    "Actual Startup Time": 0.041,
                                                    "Actual Total Time": 498.105,
                                                    "Actual Rows": 630463,
                                                    "Actual Loops": 1
                                                },
                                                {
                                                    "Worker Number": 3,
                                                    "Actual Startup Time": 0.034,
                                                    "Actual Total Time": 497.199,
                                                    "Actual Rows": 629150,
                                                    "Actual Loops": 1
                                                },
                                                {
                                                    "Worker Number": 4,
                                                    "Actual Startup Time": 0.029,
                                                    "Actual Total Time": 499.069,
                                                    "Actual Rows": 635744,
                                                    "Actual Loops": 1
                                                },
                                                {
                                                    "Worker Number": 5,
                                                    "Actual Startup Time": 0.026,
                                                    "Actual Total Time": 498.406,
                                                    "Actual Rows": 632802,
                                                    "Actual Loops": 1
                                                }
                                            ]
                                        },
                                        {
                                            "Node Type": "Hash",
                                            "Parent Relationship": "Inner",
                                            "Parallel Aware": true,
                                            "Startup Cost": 80656.88,
                                            "Total Cost": 80656.88,
                                            "Plan Rows": 429104,
                                            "Plan Width": 8,
                                            "Actual Startup Time": 436.419,
                                            "Actual Total Time": 436.782,
                                            "Actual Rows": 190698,
                                            "Actual Loops": 7,
                                            "Output": [
                                                "t.id",
                                                "mc.movie_id"
                                            ],
                                            "Hash Buckets": 2097152,
                                            "Original Hash Buckets": 2097152,
                                            "Hash Batches": 1,
                                            "Original Hash Batches": 1,
                                            "Peak Memory Usage": 68672,
                                            "Workers": [
                                                {
                                                    "Worker Number": 0,
                                                    "Actual Startup Time": 435.577,
                                                    "Actual Total Time": 435.58,
                                                    "Actual Rows": 149639,
                                                    "Actual Loops": 1
                                                },
                                                {
                                                    "Worker Number": 1,
                                                    "Actual Startup Time": 435.908,
                                                    "Actual Total Time": 435.912,
                                                    "Actual Rows": 154979,
                                                    "Actual Loops": 1
                                                },
                                                {
                                                    "Worker Number": 2,
                                                    "Actual Startup Time": 437.444,
                                                    "Actual Total Time": 437.448,
                                                    "Actual Rows": 205833,
                                                    "Actual Loops": 1
                                                },
                                                {
                                                    "Worker Number": 3,
                                                    "Actual Startup Time": 437.61,
                                                    "Actual Total Time": 437.613,
                                                    "Actual Rows": 202822,
                                                    "Actual Loops": 1
                                                },
                                                {
                                                    "Worker Number": 4,
                                                    "Actual Startup Time": 437.665,
                                                    "Actual Total Time": 437.668,
                                                    "Actual Rows": 205969,
                                                    "Actual Loops": 1
                                                },
                                                {
                                                    "Worker Number": 5,
                                                    "Actual Startup Time": 437.665,
                                                    "Actual Total Time": 437.668,
                                                    "Actual Rows": 203431,
                                                    "Actual Loops": 1
                                                }
                                            ],
                                            "Plans": [
                                                {
                                                    "Node Type": "Hash Join",
                                                    "Parent Relationship": "Outer",
                                                    "Parallel Aware": true,
                                                    "Join Type": "Inner",
                                                    "Startup Cost": 50219.81,
                                                    "Total Cost": 80656.88,
                                                    "Plan Rows": 429104,
                                                    "Plan Width": 8,
                                                    "Actual Startup Time": 263.624,
                                                    "Actual Total Time": 367.19,
                                                    "Actual Rows": 190698,
                                                    "Actual Loops": 7,
                                                    "Output": [
                                                        "t.id",
                                                        "mc.movie_id"
                                                    ],
                                                    "Inner Unique": true,
                                                    "Hash Cond": "(mc.movie_id = t.id)",
                                                    "Workers": [
                                                        {
                                                            "Worker Number": 0,
                                                            "Actual Startup Time": 263.6,
                                                            "Actual Total Time": 365.817,
                                                            "Actual Rows": 149639,
                                                            "Actual Loops": 1
                                                        },
                                                        {
                                                            "Worker Number": 1,
                                                            "Actual Startup Time": 263.606,
                                                            "Actual Total Time": 368.89,
                                                            "Actual Rows": 154979,
                                                            "Actual Loops": 1
                                                        },
                                                        {
                                                            "Worker Number": 2,
                                                            "Actual Startup Time": 263.614,
                                                            "Actual Total Time": 367.243,
                                                            "Actual Rows": 205833,
                                                            "Actual Loops": 1
                                                        },
                                                        {
                                                            "Worker Number": 3,
                                                            "Actual Startup Time": 263.571,
                                                            "Actual Total Time": 366.595,
                                                            "Actual Rows": 202822,
                                                            "Actual Loops": 1
                                                        },
                                                        {
                                                            "Worker Number": 4,
                                                            "Actual Startup Time": 263.617,
                                                            "Actual Total Time": 366.919,
                                                            "Actual Rows": 205969,
                                                            "Actual Loops": 1
                                                        },
                                                        {
                                                            "Worker Number": 5,
                                                            "Actual Startup Time": 263.623,
                                                            "Actual Total Time": 366.416,
                                                            "Actual Rows": 203431,
                                                            "Actual Loops": 1
                                                        }
                                                    ],
                                                    "Plans": [
                                                        {
                                                            "Node Type": "Seq Scan",
                                                            "Parent Relationship": "Outer",
                                                            "Parallel Aware": true,
                                                            "Relation Name": "movie_companies",
                                                            "Schema": "public",
                                                            "Alias": "mc",
                                                            "Startup Cost": 0.0,
                                                            "Total Cost": 29310.68,
                                                            "Plan Rows": 429104,
                                                            "Plan Width": 4,
                                                            "Actual Startup Time": 19.86,
                                                            "Actual Total Time": 46.84,
                                                            "Actual Rows": 190698,
                                                            "Actual Loops": 7,
                                                            "Output": [
                                                                "mc.id",
                                                                "mc.movie_id",
                                                                "mc.company_id",
                                                                "mc.company_type_id",
                                                                "mc.note"
                                                            ],
                                                            "Filter": "(mc.company_type_id > 1)",
                                                            "Rows Removed by Filter": 182035,
                                                            "Workers": [
                                                                {
                                                                    "Worker Number": 0,
                                                                    "Actual Startup Time": 19.957,
                                                                    "Actual Total Time": 49.865,
                                                                    "Actual Rows": 149639,
                                                                    "Actual Loops": 1
                                                                },
                                                                {
                                                                    "Worker Number": 1,
                                                                    "Actual Startup Time": 19.798,
                                                                    "Actual Total Time": 49.54,
                                                                    "Actual Rows": 154979,
                                                                    "Actual Loops": 1
                                                                },
                                                                {
                                                                    "Worker Number": 2,
                                                                    "Actual Startup Time": 19.962,
                                                                    "Actual Total Time": 46.618,
                                                                    "Actual Rows": 205833,
                                                                    "Actual Loops": 1
                                                                },
                                                                {
                                                                    "Worker Number": 3,
                                                                    "Actual Startup Time": 19.939,
                                                                    "Actual Total Time": 46.307,
                                                                    "Actual Rows": 202822,
                                                                    "Actual Loops": 1
                                                                },
                                                                {
                                                                    "Worker Number": 4,
                                                                    "Actual Startup Time": 19.763,
                                                                    "Actual Total Time": 46.339,
                                                                    "Actual Rows": 205969,
                                                                    "Actual Loops": 1
                                                                },
                                                                {
                                                                    "Worker Number": 5,
                                                                    "Actual Startup Time": 19.775,
                                                                    "Actual Total Time": 46.339,
                                                                    "Actual Rows": 203431,
                                                                    "Actual Loops": 1
                                                                }
                                                            ]
                                                        },
                                                        {
                                                            "Node Type": "Hash",
                                                            "Parent Relationship": "Inner",
                                                            "Parallel Aware": true,
                                                            "Startup Cost": 42318.81,
                                                            "Total Cost": 42318.81,
                                                            "Plan Rows": 632080,
                                                            "Plan Width": 4,
                                                            "Actual Startup Time": 240.348,
                                                            "Actual Total Time": 240.349,
                                                            "Actual Rows": 361187,
                                                            "Actual Loops": 7,
                                                            "Output": [
                                                                "t.id"
                                                            ],
                                                            "Hash Buckets": 4194304,
                                                            "Original Hash Buckets": 4194304,
                                                            "Hash Batches": 1,
                                                            "Original Hash Batches": 1,
                                                            "Peak Memory Usage": 131744,
                                                            "Workers": [
                                                                {
                                                                    "Worker Number": 0,
                                                                    "Actual Startup Time": 243.55,
                                                                    "Actual Total Time": 243.551,
                                                                    "Actual Rows": 284632,
                                                                    "Actual Loops": 1
                                                                },
                                                                {
                                                                    "Worker Number": 1,
                                                                    "Actual Startup Time": 243.519,
                                                                    "Actual Total Time": 243.521,
                                                                    "Actual Rows": 291191,
                                                                    "Actual Loops": 1
                                                                },
                                                                {
                                                                    "Worker Number": 2,
                                                                    "Actual Startup Time": 243.564,
                                                                    "Actual Total Time": 243.565,
                                                                    "Actual Rows": 373688,
                                                                    "Actual Loops": 1
                                                                },
                                                                {
                                                                    "Worker Number": 3,
                                                                    "Actual Startup Time": 243.525,
                                                                    "Actual Total Time": 243.526,
                                                                    "Actual Rows": 366467,
                                                                    "Actual Loops": 1
                                                                },
                                                                {
                                                                    "Worker Number": 4,
                                                                    "Actual Startup Time": 243.569,
                                                                    "Actual Total Time": 243.57,
                                                                    "Actual Rows": 374427,
                                                                    "Actual Loops": 1
                                                                },
                                                                {
                                                                    "Worker Number": 5,
                                                                    "Actual Startup Time": 243.545,
                                                                    "Actual Total Time": 243.546,
                                                                    "Actual Rows": 369506,
                                                                    "Actual Loops": 1
                                                                }
                                                            ],
                                                            "Plans": [
                                                                {
                                                                    "Node Type": "Seq Scan",
                                                                    "Parent Relationship": "Outer",
                                                                    "Parallel Aware": true,
                                                                    "Relation Name": "title",
                                                                    "Schema": "public",
                                                                    "Alias": "t",
                                                                    "Startup Cost": 0.0,
                                                                    "Total Cost": 42318.81,
                                                                    "Plan Rows": 632080,
                                                                    "Plan Width": 4,
                                                                    "Actual Startup Time": 0.058,
                                                                    "Actual Total Time": 68.832,
                                                                    "Actual Rows": 361187,
                                                                    "Actual Loops": 7,
                                                                    "Output": [
                                                                        "t.id"
                                                                    ],
                                                                    "Workers": [
                                                                        {
                                                                            "Worker Number": 0,
                                                                            "Actual Startup Time": 0.055,
                                                                            "Actual Total Time": 75.096,
                                                                            "Actual Rows": 284632,
                                                                            "Actual Loops": 1
                                                                        },
                                                                        {
                                                                            "Worker Number": 1,
                                                                            "Actual Startup Time": 0.083,
                                                                            "Actual Total Time": 74.404,
                                                                            "Actual Rows": 291191,
                                                                            "Actual Loops": 1
                                                                        },
                                                                        {
                                                                            "Worker Number": 2,
                                                                            "Actual Startup Time": 0.078,
                                                                            "Actual Total Time": 69.202,
                                                                            "Actual Rows": 373688,
                                                                            "Actual Loops": 1
                                                                        },
                                                                        {
                                                                            "Worker Number": 3,
                                                                            "Actual Startup Time": 0.057,
                                                                            "Actual Total Time": 68.856,
                                                                            "Actual Rows": 366467,
                                                                            "Actual Loops": 1
                                                                        },
                                                                        {
                                                                            "Worker Number": 4,
                                                                            "Actual Startup Time": 0.072,
                                                                            "Actual Total Time": 69.237,
                                                                            "Actual Rows": 374427,
                                                                            "Actual Loops": 1
                                                                        },
                                                                        {
                                                                            "Worker Number": 5,
                                                                            "Actual Startup Time": 0.048,
                                                                            "Actual Total Time": 68.7,
                                                                            "Actual Rows": 369506,
                                                                            "Actual Loops": 1
                                                                        }
                                                                    ]
                                                                }
                                                            ]
                                                        }
                                                    ]
                                                }
                                            ]
                                        }
                                    ]
                                }
                            ]
                        }
                    ]
                }
            ]
        },
        "Planning Time": 212.661,
        "Triggers": [],
        "Execution Time": 1271.691
    }
]