[
    {
        "Bao": {
            "Bao prediction": 522.301,
            "Bao recommended hint": "(no hint)"
        }
    },
    {
        "Plan": {
            "Node Type": "Aggregate",
            "Strategy": "Plain",
            "Partial Mode": "Finalize",
            "Parallel Aware": false,
            "Startup Cost": 343710.01,
            "Total Cost": 343710.02,
            "Plan Rows": 1,
            "Plan Width": 8,
            "Actual Startup Time": 955.301,
            "Actual Total Time": 1003.271,
            "Actual Rows": 1,
            "Actual Loops": 1,
            "Output": [
                "count(*)"
            ],
            "Plans": [
                {
                    "Node Type": "Gather",
                    "Parent Relationship": "Outer",
                    "Parallel Aware": false,
                    "Startup Cost": 343709.39,
                    "Total Cost": 343710.0,
                    "Plan Rows": 6,
                    "Plan Width": 8,
                    "Actual Startup Time": 955.207,
                    "Actual Total Time": 1003.261,
                    "Actual Rows": 7,
                    "Actual Loops": 1,
                    "Output": [
                        "(PARTIAL count(*))"
                    ],
                    "Workers Planned": 6,
                    "Workers Launched": 6,
                    "Single Copy": false,
                    "Plans": [
                        {
                            "Node Type": "Aggregate",
                            "Strategy": "Plain",
                            "Partial Mode": "Partial",
                            "Parent Relationship": "Outer",
                            "Parallel Aware": false,
                            "Startup Cost": 342709.39,
                            "Total Cost": 342709.4,
                            "Plan Rows": 1,
                            "Plan Width": 8,
                            "Actual Startup Time": 945.925,
                            "Actual Total Time": 945.926,
                            "Actual Rows": 1,
                            "Actual Loops": 7,
                            "Output": [
                                "PARTIAL count(*)"
                            ],
                            "Workers": [
                                {
                                    "Worker Number": 0,
                                    "Actual Startup Time": 943.872,
                                    "Actual Total Time": 943.873,
                                    "Actual Rows": 1,
                                    "Actual Loops": 1
                                },
                                {
                                    "Worker Number": 1,
                                    "Actual Startup Time": 943.932,
                                    "Actual Total Time": 943.933,
                                    "Actual Rows": 1,
                                    "Actual Loops": 1
                                },
                                {
                                    "Worker Number": 2,
                                    "Actual Startup Time": 944.552,
                                    "Actual Total Time": 944.553,
                                    "Actual Rows": 1,
                                    "Actual Loops": 1
                                },
                                {
                                    "Worker Number": 3,
                                    "Actual Startup Time": 944.58,
                                    "Actual Total Time": 944.581,
                                    "Actual Rows": 1,
                                    "Actual Loops": 1
                                },
                                {
                                    "Worker Number": 4,
                                    "Actual Startup Time": 944.904,
                                    "Actual Total Time": 944.905,
                                    "Actual Rows": 1,
                                    "Actual Loops": 1
                                },
                                {
                                    "Worker Number": 5,
                                    "Actual Startup Time": 945.213,
                                    "Actual Total Time": 945.214,
                                    "Actual Rows": 1,
                                    "Actual Loops": 1
                                }
                            ],
                            "Plans": [
                                {
                                    "Node Type": "Seq Scan",
                                    "Parent Relationship": "Outer",
                                    "Parallel Aware": true,
                                    "Relation Name": "cast_info",
                                    "Schema": "public",
                                    "Alias": "ci",
                                    "Startup Cost": 0.0,
                                    "Total Cost": 328213.62,
                                    "Plan Rows": 5798308,
                                    "Plan Width": 0,
                                    "Actual Startup Time": 30.376,
                                    "Actual Total Time": 682.006,
                                    "Actual Rows": 4966940,
                                    "Actual Loops": 7,
                                    "Output": [
                                        "id",
                                        "person_id",
                                        "movie_id",
                                        "person_role_id",
                                        "note",
                                        "nr_order",
                                        "role_id"
                                    ],
                                    "Filter": "(ci.person_id > 148425)",
                                    "Rows Removed by Filter": 210824,
                                    "Workers": [
                                        {
                                            "Worker Number": 0,
                                            "Actual Startup Time": 28.332,
                                            "Actual Total Time": 684.537,
                                            "Actual Rows": 3942604,
                                            "Actual Loops": 1
                                        },
                                        {
                                            "Worker Number": 1,
                                            "Actual Startup Time": 28.352,
                                            "Actual Total Time": 689.025,
                                            "Actual Rows": 3878566,
                                            "Actual Loops": 1
                                        },
                                        {
                                            "Worker Number": 2,
                                            "Actual Startup Time": 29.041,
                                            "Actual Total Time": 686.025,
                                            "Actual Rows": 3937283,
                                            "Actual Loops": 1
                                        },
                                        {
                                            "Worker Number": 3,
                                            "Actual Startup Time": 29.036,
                                            "Actual Total Time": 685.819,
                                            "Actual Rows": 5975179,
                                            "Actual Loops": 1
                                        },
                                        {
                                            "Worker Number": 4,
                                            "Actual Startup Time": 29.364,
                                            "Actual Total Time": 695.531,
                                            "Actual Rows": 6168736,
                                            "Actual Loops": 1
                                        },
                                        {
                                            "Worker Number": 5,
                                            "Actual Startup Time": 29.651,
                                            "Actual Total Time": 685.404,
                                            "Actual Rows": 5991583,
                                            "Actual Loops": 1
                                        }
                                    ]
                                }
                            ]
                        }
                    ]
                }
            ]
        },
        "Planning Time": 1322.768,
        "Triggers": [],
        "Execution Time": 1003.379
    }
]