[
    {
        "Bao": {
            "Bao prediction": "NaN",
            "Bao recommended hint": "(no hint)"
        }
    },
    {
        "Plan": {
            "Node Type": "Aggregate",
            "Strategy": "Plain",
            "Partial Mode": "Finalize",
            "Parallel Aware": false,
            "Startup Cost": 25724.33,
            "Total Cost": 25724.34,
            "Plan Rows": 1,
            "Plan Width": 8,
            "Actual Startup Time": 62.662,
            "Actual Total Time": 66.637,
            "Actual Rows": 1,
            "Actual Loops": 1,
            "Output": [
                "count(*)"
            ],
            "Plans": [
                {
                    "Node Type": "Gather",
                    "Parent Relationship": "Outer",
                    "Parallel Aware": false,
                    "Startup Cost": 25724.01,
                    "Total Cost": 25724.32,
                    "Plan Rows": 3,
                    "Plan Width": 8,
                    "Actual Startup Time": 62.504,
                    "Actual Total Time": 66.63,
                    "Actual Rows": 4,
                    "Actual Loops": 1,
                    "Output": [
                        "(PARTIAL count(*))"
                    ],
                    "Workers Planned": 3,
                    "Workers Launched": 3,
                    "Single Copy": false,
                    "Plans": [
                        {
                            "Node Type": "Aggregate",
                            "Strategy": "Plain",
                            "Partial Mode": "Partial",
                            "Parent Relationship": "Outer",
                            "Parallel Aware": false,
                            "Startup Cost": 24724.01,
                            "Total Cost": 24724.02,
                            "Plan Rows": 1,
                            "Plan Width": 8,
                            "Actual Startup Time": 53.59,
                            "Actual Total Time": 53.594,
                            "Actual Rows": 1,
                            "Actual Loops": 4,
                            "Output": [
                                "PARTIAL count(*)"
                            ],
                            "Workers": [
                                {
                                    "Worker Number": 0,
                                    "Actual Startup Time": 50.7,
                                    "Actual Total Time": 50.701,
                                    "Actual Rows": 1,
                                    "Actual Loops": 1
                                },
                                {
                                    "Worker Number": 1,
                                    "Actual Startup Time": 50.744,
                                    "Actual Total Time": 50.754,
                                    "Actual Rows": 1,
                                    "Actual Loops": 1
                                },
                                {
                                    "Worker Number": 2,
                                    "Actual Startup Time": 50.948,
                                    "Actual Total Time": 50.95,
                                    "Actual Rows": 1,
                                    "Actual Loops": 1
                                }
                            ],
                            "Plans": [
                                {
                                    "Node Type": "Bitmap Heap Scan",
                                    "Parent Relationship": "Outer",
                                    "Parallel Aware": true,
                                    "Relation Name": "movie_companies",
                                    "Schema": "public",
                                    "Alias": "mc",
                                    "Startup Cost": 4851.02,
                                    "Total Cost": 24543.51,
                                    "Plan Rows": 72199,
                                    "Plan Width": 0,
                                    "Actual Startup Time": 19.979,
                                    "Actual Total Time": 48.771,
                                    "Actual Rows": 57066,
                                    "Actual Loops": 4,
                                    "Recheck Cond": "(mc.company_id > 105852)",
                                    "Rows Removed by Index Recheck": 0,
                                    "Exact Heap Blocks": 2668,
                                    "Lossy Heap Blocks": 0,
                                    "Workers": [
                                        {
                                            "Worker Number": 0,
                                            "Actual Startup Time": 17.251,
                                            "Actual Total Time": 46.515,
                                            "Actual Rows": 34168,
                                            "Actual Loops": 1
                                        },
                                        {
                                            "Worker Number": 1,
                                            "Actual Startup Time": 17.118,
                                            "Actual Total Time": 46.437,
                                            "Actual Rows": 30795,
                                            "Actual Loops": 1
                                        },
                                        {
                                            "Worker Number": 2,
                                            "Actual Startup Time": 17.473,
                                            "Actual Total Time": 46.964,
                                            "Actual Rows": 28804,
                                            "Actual Loops": 1
                                        }
                                    ],
                                    "Plans": [
                                        {
                                            "Node Type": "Bitmap Index Scan",
                                            "Parent Relationship": "Outer",
                                            "Parallel Aware": false,
                                            "Index Name": "company_id_movie_companies",
                                            "Startup Cost": 0.0,
                                            "Total Cost": 4795.07,
                                            "Plan Rows": 223818,
                                            "Plan Width": 0,
                                            "Actual Startup Time": 26.891,
                                            "Actual Total Time": 26.891,
                                            "Actual Rows": 228266,
                                            "Actual Loops": 1,
                                            "Index Cond": "(mc.company_id > 105852)"
                                        }
                                    ]
                                }
                            ]
                        }
                    ]
                }
            ]
        },
        "Planning Time": 184.065,
        "Triggers": [],
        "Execution Time": 66.74
    }
]