[
  {
    "Plan": {
      "Node Type": "Aggregate",
      "Strategy": "Plain",
      "Partial Mode": "Finalize",
      "Parallel Aware": false,
      "Startup Cost": 344231.85,
      "Total Cost": 344231.86,
      "Plan Rows": 1,
      "Plan Width": 8,
      "Actual Startup Time": 949.98,
      "Actual Total Time": 997.897,
      "Actual Rows": 1,
      "Actual Loops": 1,
      "Plans": [
        {
          "Node Type": "Gather",
          "Parent Relationship": "Outer",
          "Parallel Aware": false,
          "Startup Cost": 344231.23,
          "Total Cost": 344231.84,
          "Plan Rows": 6,
          "Plan Width": 8,
          "Actual Startup Time": 949.799,
          "Actual Total Time": 997.885,
          "Actual Rows": 7,
          "Actual Loops": 1,
          "Workers Planned": 6,
          "Workers Launched": 6,
          "Single Copy": false,
          "Plans": [
            {
              "Node Type": "Aggregate",
              "Strategy": "Plain",
              "Partial Mode": "Partial",
              "Parent Relationship": "Outer",
              "Parallel Aware": false,
              "Startup Cost": 343231.23,
              "Total Cost": 343231.24,
              "Plan Rows": 1,
              "Plan Width": 8,
              "Actual Startup Time": 942.421,
              "Actual Total Time": 942.422,
              "Actual Rows": 1,
              "Actual Loops": 7,
              "Plans": [
                {
                  "Node Type": "Seq Scan",
                  "Parent Relationship": "Outer",
                  "Parallel Aware": true,
                  "Relation Name": "cast_info",
                  "Alias": "ci",
                  "Startup Cost": 0.0,
                  "Total Cost": 328211.39,
                  "Plan Rows": 6007935,
                  "Plan Width": 0,
                  "Actual Startup Time": 2.67,
                  "Actual Total Time": 678.301,
                  "Actual Rows": 5147601,
                  "Actual Loops": 7,
                  "Filter": "(person_id > 24855)",
                  "Rows Removed by Filter": 30163
                }
              ]
            }
          ]
        }
      ]
    },
    "Planning Time": 0.146,
    "Triggers": [],
    "Execution Time": 997.947
  }
]