[
  {
    "Plan": {
      "Node Type": "Aggregate",
      "Strategy": "Plain",
      "Partial Mode": "Finalize",
      "Parallel Aware": false,
      "Startup Cost": 429576.04,
      "Total Cost": 429576.05,
      "Plan Rows": 1,
      "Plan Width": 8,
      "Actual Startup Time": 1924.076,
      "Actual Total Time": 1995.346,
      "Actual Rows": 1,
      "Actual Loops": 1,
      "Plans": [
        {
          "Node Type": "Gather",
          "Parent Relationship": "Outer",
          "Parallel Aware": false,
          "Startup Cost": 429575.42,
          "Total Cost": 429576.03,
          "Plan Rows": 6,
          "Plan Width": 8,
          "Actual Startup Time": 1919.209,
          "Actual Total Time": 1995.335,
          "Actual Rows": 7,
          "Actual Loops": 1,
          "Workers Planned": 6,
          "Workers Launched": 6,
          "Single Copy": false,
          "Plans": [
            {
              "Node Type": "Aggregate",
              "Strategy": "Plain",
              "Partial Mode": "Partial",
              "Parent Relationship": "Outer",
              "Parallel Aware": false,
              "Startup Cost": 428575.42,
              "Total Cost": 428575.43,
              "Plan Rows": 1,
              "Plan Width": 8,
              "Actual Startup Time": 1907.836,
              "Actual Total Time": 1907.893,
              "Actual Rows": 1,
              "Actual Loops": 7,
              "Plans": [
                {
                  "Node Type": "Hash Join",
                  "Parent Relationship": "Outer",
                  "Parallel Aware": true,
                  "Join Type": "Inner",
                  "Startup Cost": 83284.21,
                  "Total Cost": 423784.58,
                  "Plan Rows": 1916335,
                  "Plan Width": 0,
                  "Actual Startup Time": 273.729,
                  "Actual Total Time": 1835.223,
                  "Actual Rows": 1691612,
                  "Actual Loops": 7,
                  "Inner Unique": false,
                  "Hash Cond": "(ci.movie_id = t.id)",
                  "Plans": [
                    {
                      "Node Type": "Seq Scan",
                      "Parent Relationship": "Outer",
                      "Parallel Aware": true,
                      "Relation Name": "cast_info",
                      "Alias": "ci",
                      "Startup Cost": 0.0,
                      "Total Cost": 313067.02,
                      "Plan Rows": 6038002,
                      "Plan Width": 4,
                      "Actual Startup Time": 0.025,
                      "Actual Total Time": 510.81,
                      "Actual Rows": 5177763,
                      "Actual Loops": 7
                    },
                    {
                      "Node Type": "Hash",
                      "Parent Relationship": "Inner",
                      "Parallel Aware": true,
                      "Startup Cost": 80776.62,
                      "Total Cost": 80776.62,
                      "Plan Rows": 200607,
                      "Plan Width": 8,
                      "Actual Startup Time": 270.347,
                      "Actual Total Time": 270.402,
                      "Actual Rows": 71732,
                      "Actual Loops": 7,
                      "Hash Buckets": 1048576,
                      "Original Hash Buckets": 1048576,
                      "Hash Batches": 1,
                      "Original Hash Batches": 1,
                      "Peak Memory Usage": 27968,
                      "Plans": [
                        {
                          "Node Type": "Hash Join",
                          "Parent Relationship": "Outer",
                          "Parallel Aware": true,
                          "Join Type": "Inner",
                          "Startup Cost": 34650.41,
                          "Total Cost": 80776.62,
                          "Plan Rows": 200607,
                          "Plan Width": 8,
                          "Actual Startup Time": 97.778,
                          "Actual Total Time": 237.738,
                          "Actual Rows": 71732,
                          "Actual Loops": 7,
                          "Inner Unique": false,
                          "Hash Cond": "(t.id = mc.movie_id)",
                          "Plans": [
                            {
                              "Node Type": "Seq Scan",
                              "Parent Relationship": "Outer",
                              "Parallel Aware": true,
                              "Relation Name": "title",
                              "Alias": "t",
                              "Startup Cost": 0.0,
                              "Total Cost": 42318.73,
                              "Plan Rows": 632073,
                              "Plan Width": 4,
                              "Actual Startup Time": 0.012,
                              "Actual Total Time": 51.826,
                              "Actual Rows": 361187,
                              "Actual Loops": 7
                            },
                            {
                              "Node Type": "Hash",
                              "Parent Relationship": "Inner",
                              "Parallel Aware": true,
                              "Startup Cost": 31414.82,
                              "Total Cost": 31414.82,
                              "Plan Rows": 258847,
                              "Plan Width": 4,
                              "Actual Startup Time": 96.19,
                              "Actual Total Time": 96.191,
                              "Actual Rows": 71732,
                              "Actual Loops": 7,
                              "Hash Buckets": 1048576,
                              "Original Hash Buckets": 1048576,
                              "Hash Batches": 1,
                              "Original Hash Batches": 1,
                              "Peak Memory Usage": 27936,
                              "Plans": [
                                {
                                  "Node Type": "Seq Scan",
                                  "Parent Relationship": "Outer",
                                  "Parallel Aware": true,
                                  "Relation Name": "movie_companies",
                                  "Alias": "mc",
                                  "Startup Cost": 0.0,
                                  "Total Cost": 31414.82,
                                  "Plan Rows": 258847,
                                  "Plan Width": 4,
                                  "Actual Startup Time": 39.584,
                                  "Actual Total Time": 61.517,
                                  "Actual Rows": 71732,
                                  "Actual Loops": 7,
                                  "Filter": "((company_id < 15252) AND (company_type_id > 1))",
                                  "Rows Removed by Filter": 301001
                                }
                              ]
                            }
                          ]
                        }
                      ]
                    }
                  ]
                }
              ]
            }
          ]
        }
      ]
    },
    "Planning Time": 1.452,
    "Triggers": [],
    "Execution Time": 1995.449
  }
]