[
  {
    "Plan": {
      "Node Type": "Aggregate",
      "Strategy": "Plain",
      "Partial Mode": "Finalize",
      "Parallel Aware": false,
      "Startup Cost": 57593.03,
      "Total Cost": 57593.04,
      "Plan Rows": 1,
      "Plan Width": 8,
      "Actual Startup Time": 111.257,
      "Actual Total Time": 126.575,
      "Actual Rows": 1,
      "Actual Loops": 1,
      "Plans": [
        {
          "Node Type": "Gather",
          "Parent Relationship": "Outer",
          "Parallel Aware": false,
          "Startup Cost": 57592.61,
          "Total Cost": 57593.02,
          "Plan Rows": 4,
          "Plan Width": 8,
          "Actual Startup Time": 111.126,
          "Actual Total Time": 126.566,
          "Actual Rows": 5,
          "Actual Loops": 1,
          "Workers Planned": 4,
          "Workers Launched": 4,
          "Single Copy": false,
          "Plans": [
            {
              "Node Type": "Aggregate",
              "Strategy": "Plain",
              "Partial Mode": "Partial",
              "Parent Relationship": "Outer",
              "Parallel Aware": false,
              "Startup Cost": 56592.61,
              "Total Cost": 56592.62,
              "Plan Rows": 1,
              "Plan Width": 8,
              "Actual Startup Time": 101.167,
              "Actual Total Time": 101.169,
              "Actual Rows": 1,
              "Actual Loops": 5,
              "Plans": [
                {
                  "Node Type": "Nested Loop",
                  "Parent Relationship": "Outer",
                  "Parallel Aware": false,
                  "Join Type": "Inner",
                  "Startup Cost": 0.43,
                  "Total Cost": 56589.92,
                  "Plan Rows": 1076,
                  "Plan Width": 0,
                  "Actual Startup Time": 1.584,
                  "Actual Total Time": 101.096,
                  "Actual Rows": 589,
                  "Actual Loops": 5,
                  "Inner Unique": false,
                  "Plans": [
                    {
                      "Node Type": "Seq Scan",
                      "Parent Relationship": "Outer",
                      "Parallel Aware": true,
                      "Relation Name": "title",
                      "Alias": "t",
                      "Startup Cost": 0.0,
                      "Total Cost": 45479.1,
                      "Plan Rows": 1972,
                      "Plan Width": 4,
                      "Actual Startup Time": 0.15,
                      "Actual Total Time": 92.026,
                      "Actual Rows": 1572,
                      "Actual Loops": 5,
                      "Filter": "((kind_id = 7) AND (production_year = 1975))",
                      "Rows Removed by Filter": 504091
                    },
                    {
                      "Node Type": "Index Only Scan",
                      "Parent Relationship": "Inner",
                      "Parallel Aware": false,
                      "Scan Direction": "Forward",
                      "Index Name": "movie_id_movie_info_idx",
                      "Relation Name": "movie_info_idx",
                      "Alias": "mi_idx",
                      "Startup Cost": 0.43,
                      "Total Cost": 5.6,
                      "Plan Rows": 3,
                      "Plan Width": 4,
                      "Actual Startup Time": 0.005,
                      "Actual Total Time": 0.005,
                      "Actual Rows": 0,
                      "Actual Loops": 7858,
                      "Index Cond": "(movie_id = t.id)",
                      "Rows Removed by Index Recheck": 0,
                      "Heap Fetches": 2946
                    }
                  ]
                }
              ]
            }
          ]
        }
      ]
    },
    "Planning Time": 0.683,
    "Triggers": [],
    "Execution Time": 126.651
  }
]