[
  {
    "Plan": {
      "Node Type": "Aggregate",
      "Strategy": "Plain",
      "Partial Mode": "Finalize",
      "Parallel Aware": false,
      "Startup Cost": 114436.04,
      "Total Cost": 114436.05,
      "Plan Rows": 1,
      "Plan Width": 8,
      "Actual Startup Time": 493.541,
      "Actual Total Time": 513.813,
      "Actual Rows": 1,
      "Actual Loops": 1,
      "Plans": [
        {
          "Node Type": "Gather",
          "Parent Relationship": "Outer",
          "Parallel Aware": false,
          "Startup Cost": 114435.73,
          "Total Cost": 114436.04,
          "Plan Rows": 3,
          "Plan Width": 8,
          "Actual Startup Time": 487.454,
          "Actual Total Time": 513.803,
          "Actual Rows": 4,
          "Actual Loops": 1,
          "Workers Planned": 3,
          "Workers Launched": 3,
          "Single Copy": false,
          "Plans": [
            {
              "Node Type": "Aggregate",
              "Strategy": "Plain",
              "Partial Mode": "Partial",
              "Parent Relationship": "Outer",
              "Parallel Aware": false,
              "Startup Cost": 113435.73,
              "Total Cost": 113435.74,
              "Plan Rows": 1,
              "Plan Width": 8,
              "Actual Startup Time": 471.226,
              "Actual Total Time": 471.232,
              "Actual Rows": 1,
              "Actual Loops": 4,
              "Plans": [
                {
                  "Node Type": "Hash Join",
                  "Parent Relationship": "Outer",
                  "Parallel Aware": true,
                  "Join Type": "Inner",
                  "Startup Cost": 82640.55,
                  "Total Cost": 113362.59,
                  "Plan Rows": 29253,
                  "Plan Width": 0,
                  "Actual Startup Time": 373.224,
                  "Actual Total Time": 466.273,
                  "Actual Rows": 121088,
                  "Actual Loops": 4,
                  "Inner Unique": false,
                  "Hash Cond": "(mc.movie_id = t.id)",
                  "Plans": [
                    {
                      "Node Type": "Seq Scan",
                      "Parent Relationship": "Outer",
                      "Parallel Aware": true,
                      "Relation Name": "movie_companies",
                      "Alias": "mc",
                      "Startup Cost": 0.0,
                      "Total Cost": 29310.68,
                      "Plan Rows": 351198,
                      "Plan Width": 4,
                      "Actual Startup Time": 9.743,
                      "Actual Total Time": 62.569,
                      "Actual Rows": 273768,
                      "Actual Loops": 4,
                      "Filter": "(company_id > 14137)",
                      "Rows Removed by Filter": 378514
                    },
                    {
                      "Node Type": "Hash",
                      "Parent Relationship": "Inner",
                      "Parallel Aware": true,
                      "Startup Cost": 81791.37,
                      "Total Cost": 81791.37,
                      "Plan Rows": 67934,
                      "Plan Width": 8,
                      "Actual Startup Time": 361.075,
                      "Actual Total Time": 361.079,
                      "Actual Rows": 42768,
                      "Actual Loops": 4,
                      "Hash Buckets": 262144,
                      "Original Hash Buckets": 262144,
                      "Hash Batches": 1,
                      "Original Hash Batches": 1,
                      "Peak Memory Usage": 8768,
                      "Plans": [
                        {
                          "Node Type": "Hash Join",
                          "Parent Relationship": "Outer",
                          "Parallel Aware": true,
                          "Join Type": "Inner",
                          "Startup Cost": 55836.62,
                          "Total Cost": 81791.37,
                          "Plan Rows": 67934,
                          "Plan Width": 8,
                          "Actual Startup Time": 278.632,
                          "Actual Total Time": 346.559,
                          "Actual Rows": 42768,
                          "Actual Loops": 4,
                          "Inner Unique": true,
                          "Hash Cond": "(mk.movie_id = t.id)",
                          "Plans": [
                            {
                              "Node Type": "Bitmap Heap Scan",
                              "Parent Relationship": "Outer",
                              "Parallel Aware": true,
                              "Relation Name": "movie_keyword",
                              "Alias": "mk",
                              "Startup Cost": 6528.27,
                              "Total Cost": 32222.56,
                              "Plan Rows": 99223,
                              "Plan Width": 4,
                              "Actual Startup Time": 18.918,
                              "Actual Total Time": 62.068,
                              "Actual Rows": 75680,
                              "Actual Loops": 4,
                              "Recheck Cond": "(keyword_id > 53591)",
                              "Rows Removed by Index Recheck": 0,
                              "Exact Heap Blocks": 7593,
                              "Lossy Heap Blocks": 0,
                              "Plans": [
                                {
                                  "Node Type": "Bitmap Index Scan",
                                  "Parent Relationship": "Outer",
                                  "Parallel Aware": false,
                                  "Index Name": "keyword_id_movie_keyword",
                                  "Startup Cost": 0.0,
                                  "Total Cost": 6451.37,
                                  "Plan Rows": 307592,
                                  "Plan Width": 0,
                                  "Actual Startup Time": 15.683,
                                  "Actual Total Time": 15.683,
                                  "Actual Rows": 302720,
                                  "Actual Loops": 1,
                                  "Index Cond": "(keyword_id > 53591)"
                                }
                              ]
                            },
                            {
                              "Node Type": "Hash",
                              "Parent Relationship": "Inner",
                              "Parallel Aware": true,
                              "Startup Cost": 43898.92,
                              "Total Cost": 43898.92,
                              "Plan Rows": 432755,
                              "Plan Width": 4,
                              "Actual Startup Time": 253.655,
                              "Actual Total Time": 253.656,
                              "Actual Rows": 431308,
                              "Actual Loops": 4,
                              "Hash Buckets": 2097152,
                              "Original Hash Buckets": 2097152,
                              "Hash Batches": 1,
                              "Original Hash Batches": 1,
                              "Peak Memory Usage": 83936,
                              "Plans": [
                                {
                                  "Node Type": "Seq Scan",
                                  "Parent Relationship": "Outer",
                                  "Parallel Aware": true,
                                  "Relation Name": "title",
                                  "Alias": "t",
                                  "Startup Cost": 0.0,
                                  "Total Cost": 43898.92,
                                  "Plan Rows": 432755,
                                  "Plan Width": 4,
                                  "Actual Startup Time": 0.044,
                                  "Actual Total Time": 107.797,
                                  "Actual Rows": 431308,
                                  "Actual Loops": 4,
                                  "Filter": "(production_year > 1991)",
                                  "Rows Removed by Filter": 200770
                                }
                              ]
                            }
                          ]
                        }
                      ]
                    }
                  ]
                }
              ]
            }
          ]
        }
      ]
    },
    "Planning Time": 1.454,
    "Triggers": [],
    "Execution Time": 513.925
  }
]