[
  {
    "Plan": {
      "Node Type": "Aggregate",
      "Strategy": "Plain",
      "Partial Mode": "Finalize",
      "Parallel Aware": false,
      "Startup Cost": 130735.96,
      "Total Cost": 130735.97,
      "Plan Rows": 1,
      "Plan Width": 8,
      "Actual Startup Time": 727.379,
      "Actual Total Time": 748.433,
      "Actual Rows": 1,
      "Actual Loops": 1,
      "Plans": [
        {
          "Node Type": "Gather",
          "Parent Relationship": "Outer",
          "Parallel Aware": false,
          "Startup Cost": 130735.65,
          "Total Cost": 130735.96,
          "Plan Rows": 3,
          "Plan Width": 8,
          "Actual Startup Time": 722.438,
          "Actual Total Time": 748.425,
          "Actual Rows": 4,
          "Actual Loops": 1,
          "Workers Planned": 3,
          "Workers Launched": 3,
          "Single Copy": false,
          "Plans": [
            {
              "Node Type": "Aggregate",
              "Strategy": "Plain",
              "Partial Mode": "Partial",
              "Parent Relationship": "Outer",
              "Parallel Aware": false,
              "Startup Cost": 129735.65,
              "Total Cost": 129735.66,
              "Plan Rows": 1,
              "Plan Width": 8,
              "Actual Startup Time": 712.561,
              "Actual Total Time": 712.566,
              "Actual Rows": 1,
              "Actual Loops": 4,
              "Plans": [
                {
                  "Node Type": "Hash Join",
                  "Parent Relationship": "Outer",
                  "Parallel Aware": true,
                  "Join Type": "Inner",
                  "Startup Cost": 83002.21,
                  "Total Cost": 128628.84,
                  "Plan Rows": 442722,
                  "Plan Width": 0,
                  "Actual Startup Time": 431.638,
                  "Actual Total Time": 684.152,
                  "Actual Rows": 654152,
                  "Actual Loops": 4,
                  "Inner Unique": false,
                  "Hash Cond": "(mk.movie_id = t.id)",
                  "Plans": [
                    {
                      "Node Type": "Seq Scan",
                      "Parent Relationship": "Outer",
                      "Parallel Aware": true,
                      "Relation Name": "movie_keyword",
                      "Alias": "mk",
                      "Startup Cost": 0.0,
                      "Total Cost": 39047.32,
                      "Plan Rows": 1459332,
                      "Plan Width": 4,
                      "Actual Startup Time": 0.055,
                      "Actual Total Time": 93.349,
                      "Actual Rows": 1130982,
                      "Actual Loops": 4
                    },
                    {
                      "Node Type": "Hash",
                      "Parent Relationship": "Inner",
                      "Parallel Aware": true,
                      "Startup Cost": 80605.29,
                      "Total Cost": 80605.29,
                      "Plan Rows": 191754,
                      "Plan Width": 8,
                      "Actual Startup Time": 426.38,
                      "Actual Total Time": 426.384,
                      "Actual Rows": 120172,
                      "Actual Loops": 4,
                      "Hash Buckets": 1048576,
                      "Original Hash Buckets": 1048576,
                      "Hash Batches": 1,
                      "Original Hash Batches": 1,
                      "Peak Memory Usage": 27072,
                      "Plans": [
                        {
                          "Node Type": "Hash Join",
                          "Parent Relationship": "Outer",
                          "Parallel Aware": true,
                          "Join Type": "Inner",
                          "Startup Cost": 34507.63,
                          "Total Cost": 80605.29,
                          "Plan Rows": 191754,
                          "Plan Width": 8,
                          "Actual Startup Time": 140.24,
                          "Actual Total Time": 378.239,
                          "Actual Rows": 120172,
                          "Actual Loops": 4,
                          "Inner Unique": false,
                          "Hash Cond": "(t.id = mc.movie_id)",
                          "Plans": [
                            {
                              "Node Type": "Seq Scan",
                              "Parent Relationship": "Outer",
                              "Parallel Aware": true,
                              "Relation Name": "title",
                              "Alias": "t",
                              "Startup Cost": 0.0,
                              "Total Cost": 42318.73,
                              "Plan Rows": 632073,
                              "Plan Width": 4,
                              "Actual Startup Time": 0.009,
                              "Actual Total Time": 82.037,
                              "Actual Rows": 632078,
                              "Actual Loops": 4
                            },
                            {
                              "Node Type": "Hash",
                              "Parent Relationship": "Inner",
                              "Parallel Aware": true,
                              "Startup Cost": 31414.82,
                              "Total Cost": 31414.82,
                              "Plan Rows": 247425,
                              "Plan Width": 4,
                              "Actual Startup Time": 137.531,
                              "Actual Total Time": 137.532,
                              "Actual Rows": 120172,
                              "Actual Loops": 4,
                              "Hash Buckets": 1048576,
                              "Original Hash Buckets": 1048576,
                              "Hash Batches": 1,
                              "Original Hash Batches": 1,
                              "Peak Memory Usage": 27040,
                              "Plans": [
                                {
                                  "Node Type": "Seq Scan",
                                  "Parent Relationship": "Outer",
                                  "Parallel Aware": true,
                                  "Relation Name": "movie_companies",
                                  "Alias": "mc",
                                  "Startup Cost": 0.0,
                                  "Total Cost": 31414.82,
                                  "Plan Rows": 247425,
                                  "Plan Width": 4,
                                  "Actual Startup Time": 53.913,
                                  "Actual Total Time": 90.737,
                                  "Actual Rows": 120172,
                                  "Actual Loops": 4,
                                  "Filter": "((company_id < 14048) AND (company_type_id = 2))",
                                  "Rows Removed by Filter": 532110
                                }
                              ]
                            }
                          ]
                        }
                      ]
                    }
                  ]
                }
              ]
            }
          ]
        }
      ]
    },
    "Planning Time": 1.363,
    "Triggers": [],
    "Execution Time": 748.517
  }
]