[
    {
        "Bao": {
            "Bao prediction": "NaN",
            "Bao recommended hint": "(no hint)"
        }
    },
    {
        "Plan": {
            "Node Type": "Aggregate",
            "Strategy": "Plain",
            "Partial Mode": "Finalize",
            "Parallel Aware": false,
            "Startup Cost": 429774.28,
            "Total Cost": 429774.29,
            "Plan Rows": 1,
            "Plan Width": 8,
            "Actual Startup Time": 2450.066,
            "Actual Total Time": 2484.179,
            "Actual Rows": 1,
            "Actual Loops": 1,
            "Output": [
                "count(*)"
            ],
            "Plans": [
                {
                    "Node Type": "Gather",
                    "Parent Relationship": "Outer",
                    "Parallel Aware": false,
                    "Startup Cost": 429773.65,
                    "Total Cost": 429774.26,
                    "Plan Rows": 6,
                    "Plan Width": 8,
                    "Actual Startup Time": 2436.749,
                    "Actual Total Time": 2484.168,
                    "Actual Rows": 7,
                    "Actual Loops": 1,
                    "Output": [
                        "(PARTIAL count(*))"
                    ],
                    "Workers Planned": 6,
                    "Workers Launched": 6,
                    "Single Copy": false,
                    "Plans": [
                        {
                            "Node Type": "Aggregate",
                            "Strategy": "Plain",
                            "Partial Mode": "Partial",
                            "Parent Relationship": "Outer",
                            "Parallel Aware": false,
                            "Startup Cost": 428773.65,
                            "Total Cost": 428773.66,
                            "Plan Rows": 1,
                            "Plan Width": 8,
                            "Actual Startup Time": 2426.719,
                            "Actual Total Time": 2427.051,
                            "Actual Rows": 1,
                            "Actual Loops": 7,
                            "Output": [
                                "PARTIAL count(*)"
                            ],
                            "Workers": [
                                {
                                    "Worker Number": 0,
                                    "Actual Startup Time": 2423.997,
                                    "Actual Total Time": 2424.003,
                                    "Actual Rows": 1,
                                    "Actual Loops": 1
                                },
                                {
                                    "Worker Number": 1,
                                    "Actual Startup Time": 2424.527,
                                    "Actual Total Time": 2424.532,
                                    "Actual Rows": 1,
                                    "Actual Loops": 1
                                },
                                {
                                    "Worker Number": 2,
                                    "Actual Startup Time": 2424.792,
                                    "Actual Total Time": 2424.803,
                                    "Actual Rows": 1,
                                    "Actual Loops": 1
                                },
                                {
                                    "Worker Number": 3,
                                    "Actual Startup Time": 2424.544,
                                    "Actual Total Time": 2424.55,
                                    "Actual Rows": 1,
                                    "Actual Loops": 1
                                },
                                {
                                    "Worker Number": 4,
                                    "Actual Startup Time": 2425.303,
                                    "Actual Total Time": 2425.308,
                                    "Actual Rows": 1,
                                    "Actual Loops": 1
                                },
                                {
                                    "Worker Number": 5,
                                    "Actual Startup Time": 2427.562,
                                    "Actual Total Time": 2427.567,
                                    "Actual Rows": 1,
                                    "Actual Loops": 1
                                }
                            ],
                            "Plans": [
                                {
                                    "Node Type": "Hash Join",
                                    "Parent Relationship": "Outer",
                                    "Parallel Aware": true,
                                    "Join Type": "Inner",
                                    "Startup Cost": 81937.68,
                                    "Total Cost": 425717.02,
                                    "Plan Rows": 1222653,
                                    "Plan Width": 0,
                                    "Actual Startup Time": 605.967,
                                    "Actual Total Time": 2248.021,
                                    "Actual Rows": 4163911,
                                    "Actual Loops": 7,
                                    "Inner Unique": false,
                                    "Hash Cond": "(ci.movie_id = t.id)",
                                    "Workers": [
                                        {
                                            "Worker Number": 0,
                                            "Actual Startup Time": 603.577,
                                            "Actual Total Time": 2256.593,
                                            "Actual Rows": 4248910,
                                            "Actual Loops": 1
                                        },
                                        {
                                            "Worker Number": 1,
                                            "Actual Startup Time": 604.077,
                                            "Actual Total Time": 2247.037,
                                            "Actual Rows": 4528611,
                                            "Actual Loops": 1
                                        },
                                        {
                                            "Worker Number": 2,
                                            "Actual Startup Time": 604.296,
                                            "Actual Total Time": 2226.039,
                                            "Actual Rows": 3344421,
                                            "Actual Loops": 1
                                        },
                                        {
                                            "Worker Number": 3,
                                            "Actual Startup Time": 604.119,
                                            "Actual Total Time": 2241.698,
                                            "Actual Rows": 3560406,
                                            "Actual Loops": 1
                                        },
                                        {
                                            "Worker Number": 4,
                                            "Actual Startup Time": 604.822,
                                            "Actual Total Time": 2248.96,
                                            "Actual Rows": 4505217,
                                            "Actual Loops": 1
                                        },
                                        {
                                            "Worker Number": 5,
                                            "Actual Startup Time": 604.99,
                                            "Actual Total Time": 2259.422,
                                            "Actual Rows": 4273297,
                                            "Actual Loops": 1
                                        }
                                    ],
                                    "Plans": [
                                        {
                                            "Node Type": "Seq Scan",
                                            "Parent Relationship": "Outer",
                                            "Parallel Aware": true,
                                            "Relation Name": "cast_info",
                                            "Schema": "public",
                                            "Alias": "ci",
                                            "Startup Cost": 0.0,
                                            "Total Cost": 328213.62,
                                            "Plan Rows": 3099114,
                                            "Plan Width": 4,
                                            "Actual Startup Time": 167.616,
                                            "Actual Total Time": 554.125,
                                            "Actual Rows": 2669738,
                                            "Actual Loops": 7,
                                            "Output": [
                                                "ci.id",
                                                "ci.person_id",
                                                "ci.movie_id",
                                                "ci.person_role_id",
                                                "ci.note",
                                                "ci.nr_order",
                                                "ci.role_id"
                                            ],
                                            "Filter": "(ci.person_id > 1737474)",
                                            "Rows Removed by Filter": 2508025,
                                            "Workers": [
                                                {
                                                    "Worker Number": 0,
                                                    "Actual Startup Time": 167.575,
                                                    "Actual Total Time": 550.751,
                                                    "Actual Rows": 2731725,
                                                    "Actual Loops": 1
                                                },
                                                {
                                                    "Worker Number": 1,
                                                    "Actual Startup Time": 167.621,
                                                    "Actual Total Time": 554.057,
                                                    "Actual Rows": 2909794,
                                                    "Actual Loops": 1
                                                },
                                                {
                                                    "Worker Number": 2,
                                                    "Actual Startup Time": 167.611,
                                                    "Actual Total Time": 593.104,
                                                    "Actual Rows": 2110187,
                                                    "Actual Loops": 1
                                                },
                                                {
                                                    "Worker Number": 3,
                                                    "Actual Startup Time": 167.606,
                                                    "Actual Total Time": 579.747,
                                                    "Actual Rows": 2215035,
                                                    "Actual Loops": 1
                                                },
                                                {
                                                    "Worker Number": 4,
                                                    "Actual Startup Time": 167.588,
                                                    "Actual Total Time": 555.154,
                                                    "Actual Rows": 2916651,
                                                    "Actual Loops": 1
                                                },
                                                {
                                                    "Worker Number": 5,
                                                    "Actual Startup Time": 167.687,
                                                    "Actual Total Time": 551.908,
                                                    "Actual Rows": 2757959,
                                                    "Actual Loops": 1
                                                }
                                            ]
                                        },
                                        {
                                            "Node Type": "Hash",
                                            "Parent Relationship": "Inner",
                                            "Parallel Aware": true,
                                            "Startup Cost": 77915.65,
                                            "Total Cost": 77915.65,
                                            "Plan Rows": 321763,
                                            "Plan Width": 8,
                                            "Actual Startup Time": 436.069,
                                            "Actual Total Time": 436.399,
                                            "Actual Rows": 268600,
                                            "Actual Loops": 7,
                                            "Output": [
                                                "t.id",
                                                "mc.movie_id"
                                            ],
                                            "Hash Buckets": 2097152,
                                            "Original Hash Buckets": 1048576,
                                            "Hash Batches": 1,
                                            "Original Hash Batches": 1,
                                            "Peak Memory Usage": 98240,
                                            "Workers": [
                                                {
                                                    "Worker Number": 0,
                                                    "Actual Startup Time": 435.132,
                                                    "Actual Total Time": 435.135,
                                                    "Actual Rows": 276386,
                                                    "Actual Loops": 1
                                                },
                                                {
                                                    "Worker Number": 1,
                                                    "Actual Startup Time": 435.581,
                                                    "Actual Total Time": 435.584,
                                                    "Actual Rows": 295355,
                                                    "Actual Loops": 1
                                                },
                                                {
                                                    "Worker Number": 2,
                                                    "Actual Startup Time": 435.844,
                                                    "Actual Total Time": 435.847,
                                                    "Actual Rows": 215011,
                                                    "Actual Loops": 1
                                                },
                                                {
                                                    "Worker Number": 3,
                                                    "Actual Startup Time": 435.741,
                                                    "Actual Total Time": 435.745,
                                                    "Actual Rows": 205338,
                                                    "Actual Loops": 1
                                                },
                                                {
                                                    "Worker Number": 4,
                                                    "Actual Startup Time": 436.137,
                                                    "Actual Total Time": 436.14,
                                                    "Actual Rows": 300335,
                                                    "Actual Loops": 1
                                                },
                                                {
                                                    "Worker Number": 5,
                                                    "Actual Startup Time": 436.639,
                                                    "Actual Total Time": 436.643,
                                                    "Actual Rows": 276470,
                                                    "Actual Loops": 1
                                                }
                                            ],
                                            "Plans": [
                                                {
                                                    "Node Type": "Hash Join",
                                                    "Parent Relationship": "Outer",
                                                    "Parallel Aware": true,
                                                    "Join Type": "Inner",
                                                    "Startup Cost": 48499.76,
                                                    "Total Cost": 77915.65,
                                                    "Plan Rows": 321763,
                                                    "Plan Width": 8,
                                                    "Actual Startup Time": 143.23,
                                                    "Actual Total Time": 306.112,
                                                    "Actual Rows": 268600,
                                                    "Actual Loops": 7,
                                                    "Output": [
                                                        "t.id",
                                                        "mc.movie_id"
                                                    ],
                                                    "Inner Unique": true,
                                                    "Hash Cond": "(mc.movie_id = t.id)",
                                                    "Workers": [
                                                        {
                                                            "Worker Number": 0,
                                                            "Actual Startup Time": 142.139,
                                                            "Actual Total Time": 304.806,
                                                            "Actual Rows": 276386,
                                                            "Actual Loops": 1
                                                        },
                                                        {
                                                            "Worker Number": 1,
                                                            "Actual Startup Time": 142.822,
                                                            "Actual Total Time": 304.737,
                                                            "Actual Rows": 295355,
                                                            "Actual Loops": 1
                                                        },
                                                        {
                                                            "Worker Number": 2,
                                                            "Actual Startup Time": 143.18,
                                                            "Actual Total Time": 304.985,
                                                            "Actual Rows": 215011,
                                                            "Actual Loops": 1
                                                        },
                                                        {
                                                            "Worker Number": 3,
                                                            "Actual Startup Time": 142.817,
                                                            "Actual Total Time": 306.976,
                                                            "Actual Rows": 205338,
                                                            "Actual Loops": 1
                                                        },
                                                        {
                                                            "Worker Number": 4,
                                                            "Actual Startup Time": 143.371,
                                                            "Actual Total Time": 306.045,
                                                            "Actual Rows": 300335,
                                                            "Actual Loops": 1
                                                        },
                                                        {
                                                            "Worker Number": 5,
                                                            "Actual Startup Time": 143.63,
                                                            "Actual Total Time": 307.134,
                                                            "Actual Rows": 276470,
                                                            "Actual Loops": 1
                                                        }
                                                    ],
                                                    "Plans": [
                                                        {
                                                            "Node Type": "Seq Scan",
                                                            "Parent Relationship": "Outer",
                                                            "Parallel Aware": true,
                                                            "Relation Name": "movie_companies",
                                                            "Schema": "public",
                                                            "Alias": "mc",
                                                            "Startup Cost": 0.0,
                                                            "Total Cost": 27206.55,
                                                            "Plan Rows": 841655,
                                                            "Plan Width": 4,
                                                            "Actual Startup Time": 0.021,
                                                            "Actual Total Time": 40.27,
                                                            "Actual Rows": 372733,
                                                            "Actual Loops": 7,
                                                            "Output": [
                                                                "mc.id",
                                                                "mc.movie_id",
                                                                "mc.company_id",
                                                                "mc.company_type_id",
                                                                "mc.note"
                                                            ],
                                                            "Workers": [
                                                                {
                                                                    "Worker Number": 0,
                                                                    "Actual Startup Time": 0.023,
                                                                    "Actual Total Time": 39.65,
                                                                    "Actual Rows": 382824,
                                                                    "Actual Loops": 1
                                                                },
                                                                {
                                                                    "Worker Number": 1,
                                                                    "Actual Startup Time": 0.021,
                                                                    "Actual Total Time": 40.77,
                                                                    "Actual Rows": 411355,
                                                                    "Actual Loops": 1
                                                                },
                                                                {
                                                                    "Worker Number": 2,
                                                                    "Actual Startup Time": 0.024,
                                                                    "Actual Total Time": 44.096,
                                                                    "Actual Rows": 294651,
                                                                    "Actual Loops": 1
                                                                },
                                                                {
                                                                    "Worker Number": 3,
                                                                    "Actual Startup Time": 0.03,
                                                                    "Actual Total Time": 43.337,
                                                                    "Actual Rows": 281113,
                                                                    "Actual Loops": 1
                                                                },
                                                                {
                                                                    "Worker Number": 4,
                                                                    "Actual Startup Time": 0.02,
                                                                    "Actual Total Time": 40.646,
                                                                    "Actual Rows": 416695,
                                                                    "Actual Loops": 1
                                                                },
                                                                {
                                                                    "Worker Number": 5,
                                                                    "Actual Startup Time": 0.024,
                                                                    "Actual Total Time": 39.973,
                                                                    "Actual Rows": 384221,
                                                                    "Actual Loops": 1
                                                                }
                                                            ]
                                                        },
                                                        {
                                                            "Node Type": "Hash",
                                                            "Parent Relationship": "Inner",
                                                            "Parallel Aware": true,
                                                            "Startup Cost": 45479.21,
                                                            "Total Cost": 45479.21,
                                                            "Plan Rows": 241644,
                                                            "Plan Width": 4,
                                                            "Actual Startup Time": 142.056,
                                                            "Actual Total Time": 142.057,
                                                            "Actual Rows": 139683,
                                                            "Actual Loops": 7,
                                                            "Output": [
                                                                "t.id"
                                                            ],
                                                            "Hash Buckets": 1048576,
                                                            "Original Hash Buckets": 1048576,
                                                            "Hash Batches": 1,
                                                            "Original Hash Batches": 1,
                                                            "Peak Memory Usage": 46560,
                                                            "Workers": [
                                                                {
                                                                    "Worker Number": 0,
                                                                    "Actual Startup Time": 141.999,
                                                                    "Actual Total Time": 142.0,
                                                                    "Actual Rows": 143328,
                                                                    "Actual Loops": 1
                                                                },
                                                                {
                                                                    "Worker Number": 1,
                                                                    "Actual Startup Time": 142.494,
                                                                    "Actual Total Time": 142.495,
                                                                    "Actual Rows": 149405,
                                                                    "Actual Loops": 1
                                                                },
                                                                {
                                                                    "Worker Number": 2,
                                                                    "Actual Startup Time": 142.765,
                                                                    "Actual Total Time": 142.766,
                                                                    "Actual Rows": 104758,
                                                                    "Actual Loops": 1
                                                                },
                                                                {
                                                                    "Worker Number": 3,
                                                                    "Actual Startup Time": 142.601,
                                                                    "Actual Total Time": 142.603,
                                                                    "Actual Rows": 101515,
                                                                    "Actual Loops": 1
                                                                },
                                                                {
                                                                    "Worker Number": 4,
                                                                    "Actual Startup Time": 143.175,
                                                                    "Actual Total Time": 143.176,
                                                                    "Actual Rows": 148823,
                                                                    "Actual Loops": 1
                                                                },
                                                                {
                                                                    "Worker Number": 5,
                                                                    "Actual Startup Time": 143.49,
                                                                    "Actual Total Time": 143.492,
                                                                    "Actual Rows": 141425,
                                                                    "Actual Loops": 1
                                                                }
                                                            ],
                                                            "Plans": [
                                                                {
                                                                    "Node Type": "Seq Scan",
                                                                    "Parent Relationship": "Outer",
                                                                    "Parallel Aware": true,
                                                                    "Relation Name": "title",
                                                                    "Schema": "public",
                                                                    "Alias": "t",
                                                                    "Startup Cost": 0.0,
                                                                    "Total Cost": 45479.21,
                                                                    "Plan Rows": 241644,
                                                                    "Plan Width": 4,
                                                                    "Actual Startup Time": 0.074,
                                                                    "Actual Total Time": 78.213,
                                                                    "Actual Rows": 139683,
                                                                    "Actual Loops": 7,
                                                                    "Output": [
                                                                        "t.id"
                                                                    ],
                                                                    "Filter": "((t.kind_id < 7) AND (t.production_year > 0))",
                                                                    "Rows Removed by Filter": 221505,
                                                                    "Workers": [
                                                                        {
                                                                            "Worker Number": 0,
                                                                            "Actual Startup Time": 0.09,
                                                                            "Actual Total Time": 79.621,
                                                                            "Actual Rows": 143328,
                                                                            "Actual Loops": 1
                                                                        },
                                                                        {
                                                                            "Worker Number": 1,
                                                                            "Actual Startup Time": 0.066,
                                                                            "Actual Total Time": 79.685,
                                                                            "Actual Rows": 149405,
                                                                            "Actual Loops": 1
                                                                        },
                                                                        {
                                                                            "Worker Number": 2,
                                                                            "Actual Startup Time": 0.06,
                                                                            "Actual Total Time": 77.85,
                                                                            "Actual Rows": 104758,
                                                                            "Actual Loops": 1
                                                                        },
                                                                        {
                                                                            "Worker Number": 3,
                                                                            "Actual Startup Time": 0.068,
                                                                            "Actual Total Time": 81.687,
                                                                            "Actual Rows": 101515,
                                                                            "Actual Loops": 1
                                                                        },
                                                                        {
                                                                            "Worker Number": 4,
                                                                            "Actual Startup Time": 0.113,
                                                                            "Actual Total Time": 79.918,
                                                                            "Actual Rows": 148823,
                                                                            "Actual Loops": 1
                                                                        },
                                                                        {
                                                                            "Worker Number": 5,
                                                                            "Actual Startup Time": 0.105,
                                                                            "Actual Total Time": 78.549,
                                                                            "Actual Rows": 141425,
                                                                            "Actual Loops": 1
                                                                        }
                                                                    ]
                                                                }
                                                            ]
                                                        }
                                                    ]
                                                }
                                            ]
                                        }
                                    ]
                                }
                            ]
                        }
                    ]
                }
            ]
        },
        "Planning Time": 219.09,
        "Triggers": [],
        "Execution Time": 2484.26
    }
]