{
  "Plan": {
    "Node Type": "Aggregate",
    "Strategy": "Plain",
    "Partial Mode": "Finalize",
    "Parallel Aware": false,
    "Startup Cost": 102037.65,
    "Total Cost": 102037.66,
    "Plan Rows": 1,
    "Plan Width": 8,
    "Actual Startup Time": 266.279,
    "Actual Total Time": 278.984,
    "Actual Rows": 1,
    "Actual Loops": 1,
    "Plans": [
      {
        "Node Type": "Gather",
        "Parent Relationship": "Outer",
        "Parallel Aware": false,
        "Startup Cost": 102037.54,
        "Total Cost": 102037.65,
        "Plan Rows": 1,
        "Plan Width": 8,
        "Actual Startup Time": 266.155,
        "Actual Total Time": 278.976,
        "Actual Rows": 2,
        "Actual Loops": 1,
        "Workers Planned": 1,
        "Workers Launched": 1,
        "Single Copy": false,
        "Plans": [
          {
            "Node Type": "Aggregate",
            "Strategy": "Plain",
            "Partial Mode": "Partial",
            "Parent Relationship": "Outer",
            "Parallel Aware": false,
            "Startup Cost": 101037.54,
            "Total Cost": 101037.55,
            "Plan Rows": 1,
            "Plan Width": 8,
            "Actual Startup Time": 260.424,
            "Actual Total Time": 260.427,
            "Actual Rows": 1,
            "Actual Loops": 2,
            "Plans": [
              {
                "Node Type": "Hash Join",
                "Parent Relationship": "Outer",
                "Parallel Aware": true,
                "Join Type": "Inner",
                "Startup Cost": 58370.13,
                "Total Cost": 101034.76,
                "Plan Rows": 1113,
                "Plan Width": 0,
                "Actual Startup Time": 196.177,
                "Actual Total Time": 260.377,
                "Actual Rows": 796,
                "Actual Loops": 2,
                "Inner Unique": true,
                "Hash Cond": "(mc.movie_id = t.id)",
                "Plans": [
                  {
                    "Node Type": "Seq Scan",
                    "Parent Relationship": "Outer",
                    "Parallel Aware": true,
                    "Relation Name": "movie_companies",
                    "Alias": "mc",
                    "Startup Cost": 0.0,
                    "Total Cost": 41811.73,
                    "Plan Rows": 324914,
                    "Plan Width": 4,
                    "Actual Startup Time": 51.146,
                    "Actual Total Time": 103.255,
                    "Actual Rows": 170837,
                    "Actual Loops": 2,
                    "Filter": "((company_id < 7144) AND (company_type_id = 2))",
                    "Rows Removed by Filter": 1133728
                  },
                  {
                    "Node Type": "Hash",
                    "Parent Relationship": "Inner",
                    "Parallel Aware": true,
                    "Startup Cost": 58306.47,
                    "Total Cost": 58306.47,
                    "Plan Rows": 5093,
                    "Plan Width": 4,
                    "Actual Startup Time": 143.161,
                    "Actual Total Time": 143.162,
                    "Actual Rows": 3903,
                    "Actual Loops": 2,
                    "Hash Buckets": 16384,
                    "Original Hash Buckets": 16384,
                    "Hash Batches": 1,
                    "Original Hash Batches": 1,
                    "Peak Memory Usage": 480,
                    "Plans": [
                      {
                        "Node Type": "Seq Scan",
                        "Parent Relationship": "Outer",
                        "Parallel Aware": true,
                        "Relation Name": "title",
                        "Alias": "t",
                        "Startup Cost": 0.0,
                        "Total Cost": 58306.47,
                        "Plan Rows": 5093,
                        "Plan Width": 4,
                        "Actual Startup Time": 0.129,
                        "Actual Total Time": 141.429,
                        "Actual Rows": 3903,
                        "Actual Loops": 2,
                        "Filter": "((kind_id = 7) AND (production_year = 1981))",
                        "Rows Removed by Filter": 1260253
                      }
                    ]
                  }
                ]
              }
            ]
          }
        ]
      }
    ]
  },
  "Planning Time": 0.509,
  "Triggers": [],
  "Execution Time": 279.061
}