{
    "Plan": {
        "Node Type": "Aggregate",
        "Strategy": "Plain",
        "Partial Mode": "Finalize",
        "Parallel Aware": false,
        "Startup Cost": 316439.5,
        "Total Cost": 316439.51,
        "Plan Rows": 1,
        "Plan Width": 8,
        "Actual Startup Time": 4453.824,
        "Actual Total Time": 4564.007,
        "Actual Rows": 1,
        "Actual Loops": 1,
        "Output": [
            "count(*)"
        ],
        "Plans": [
            {
                "Node Type": "Gather",
                "Parent Relationship": "Outer",
                "Parallel Aware": false,
                "Startup Cost": 316439.08,
                "Total Cost": 316439.49,
                "Plan Rows": 4,
                "Plan Width": 8,
                "Actual Startup Time": 4451.515,
                "Actual Total Time": 4563.996,
                "Actual Rows": 5,
                "Actual Loops": 1,
                "Output": [
                    "(PARTIAL count(*))"
                ],
                "Workers Planned": 4,
                "Workers Launched": 4,
                "Single Copy": false,
                "Plans": [
                    {
                        "Node Type": "Aggregate",
                        "Strategy": "Plain",
                        "Partial Mode": "Partial",
                        "Parent Relationship": "Outer",
                        "Parallel Aware": false,
                        "Startup Cost": 315439.08,
                        "Total Cost": 315439.09,
                        "Plan Rows": 1,
                        "Plan Width": 8,
                        "Actual Startup Time": 4441.332,
                        "Actual Total Time": 4441.335,
                        "Actual Rows": 1,
                        "Actual Loops": 5,
                        "Output": [
                            "PARTIAL count(*)"
                        ],
                        "Workers": [
                            {
                                "Worker Number": 0,
                                "Actual Startup Time": 4438.613,
                                "Actual Total Time": 4438.616,
                                "Actual Rows": 1,
                                "Actual Loops": 1
                            },
                            {
                                "Worker Number": 1,
                                "Actual Startup Time": 4439.166,
                                "Actual Total Time": 4439.169,
                                "Actual Rows": 1,
                                "Actual Loops": 1
                            },
                            {
                                "Worker Number": 2,
                                "Actual Startup Time": 4438.782,
                                "Actual Total Time": 4438.785,
                                "Actual Rows": 1,
                                "Actual Loops": 1
                            },
                            {
                                "Worker Number": 3,
                                "Actual Startup Time": 4439.419,
                                "Actual Total Time": 4439.422,
                                "Actual Rows": 1,
                                "Actual Loops": 1
                            }
                        ],
                        "Plans": [
                            {
                                "Node Type": "Nested Loop",
                                "Parent Relationship": "Outer",
                                "Parallel Aware": false,
                                "Join Type": "Inner",
                                "Startup Cost": 17512.67,
                                "Total Cost": 312775.21,
                                "Plan Rows": 1065551,
                                "Plan Width": 0,
                                "Actual Startup Time": 77.339,
                                "Actual Total Time": 4359.036,
                                "Actual Rows": 1769723,
                                "Actual Loops": 5,
                                "Inner Unique": false,
                                "Workers": [
                                    {
                                        "Worker Number": 0,
                                        "Actual Startup Time": 74.878,
                                        "Actual Total Time": 4357.685,
                                        "Actual Rows": 1497269,
                                        "Actual Loops": 1
                                    },
                                    {
                                        "Worker Number": 1,
                                        "Actual Startup Time": 74.844,
                                        "Actual Total Time": 4358.014,
                                        "Actual Rows": 1881128,
                                        "Actual Loops": 1
                                    },
                                    {
                                        "Worker Number": 2,
                                        "Actual Startup Time": 75.086,
                                        "Actual Total Time": 4359.168,
                                        "Actual Rows": 1515875,
                                        "Actual Loops": 1
                                    },
                                    {
                                        "Worker Number": 3,
                                        "Actual Startup Time": 75.424,
                                        "Actual Total Time": 4359.534,
                                        "Actual Rows": 1852985,
                                        "Actual Loops": 1
                                    }
                                ],
                                "Plans": [
                                    {
                                        "Node Type": "Hash Join",
                                        "Parent Relationship": "Outer",
                                        "Parallel Aware": true,
                                        "Join Type": "Inner",
                                        "Startup Cost": 17512.11,
                                        "Total Cost": 62679.09,
                                        "Plan Rows": 114692,
                                        "Plan Width": 8,
                                        "Actual Startup Time": 77.072,
                                        "Actual Total Time": 406.426,
                                        "Actual Rows": 92037,
                                        "Actual Loops": 5,
                                        "Output": [
                                            "t.id",
                                            "mi_idx.movie_id"
                                        ],
                                        "Inner Unique": false,
                                        "Hash Cond": "(t.id = mi_idx.movie_id)",
                                        "Workers": [
                                            {
                                                "Worker Number": 0,
                                                "Actual Startup Time": 74.395,
                                                "Actual Total Time": 392.788,
                                                "Actual Rows": 78694,
                                                "Actual Loops": 1
                                            },
                                            {
                                                "Worker Number": 1,
                                                "Actual Startup Time": 74.754,
                                                "Actual Total Time": 408.976,
                                                "Actual Rows": 97572,
                                                "Actual Loops": 1
                                            },
                                            {
                                                "Worker Number": 2,
                                                "Actual Startup Time": 74.632,
                                                "Actual Total Time": 394.496,
                                                "Actual Rows": 79899,
                                                "Actual Loops": 1
                                            },
                                            {
                                                "Worker Number": 3,
                                                "Actual Startup Time": 75.171,
                                                "Actual Total Time": 408.189,
                                                "Actual Rows": 96148,
                                                "Actual Loops": 1
                                            }
                                        ],
                                        "Plans": [
                                            {
                                                "Node Type": "Seq Scan",
                                                "Parent Relationship": "Outer",
                                                "Parallel Aware": true,
                                                "Relation Name": "title",
                                                "Schema": "public",
                                                "Alias": "t",
                                                "Startup Cost": 0.0,
                                                "Total Cost": 42318.81,
                                                "Plan Rows": 632080,
                                                "Plan Width": 4,
                                                "Actual Startup Time": 0.031,
                                                "Actual Total Time": 69.031,
                                                "Actual Rows": 505662,
                                                "Actual Loops": 5,
                                                "Output": [
                                                    "t.id",
                                                    "t.title",
                                                    "t.imdb_index",
                                                    "t.kind_id",
                                                    "t.production_year",
                                                    "t.imdb_id",
                                                    "t.phonetic_code",
                                                    "t.episode_of_id",
                                                    "t.season_nr",
                                                    "t.episode_nr",
                                                    "t.series_years",
                                                    "t.md5sum"
                                                ],
                                                "Workers": [
                                                    {
                                                        "Worker Number": 0,
                                                        "Actual Startup Time": 0.043,
                                                        "Actual Total Time": 72.27,
                                                        "Actual Rows": 409222,
                                                        "Actual Loops": 1
                                                    },
                                                    {
                                                        "Worker Number": 1,
                                                        "Actual Startup Time": 0.036,
                                                        "Actual Total Time": 73.065,
                                                        "Actual Rows": 545358,
                                                        "Actual Loops": 1
                                                    },
                                                    {
                                                        "Worker Number": 2,
                                                        "Actual Startup Time": 0.034,
                                                        "Actual Total Time": 71.968,
                                                        "Actual Rows": 418566,
                                                        "Actual Loops": 1
                                                    },
                                                    {
                                                        "Worker Number": 3,
                                                        "Actual Startup Time": 0.034,
                                                        "Actual Total Time": 71.958,
                                                        "Actual Rows": 534421,
                                                        "Actual Loops": 1
                                                    }
                                                ]
                                            },
                                            {
                                                "Node Type": "Hash",
                                                "Parent Relationship": "Inner",
                                                "Parallel Aware": true,
                                                "Startup Cost": 15122.68,
                                                "Total Cost": 15122.68,
                                                "Plan Rows": 191154,
                                                "Plan Width": 4,
                                                "Actual Startup Time": 74.21,
                                                "Actual Total Time": 74.211,
                                                "Actual Rows": 92037,
                                                "Actual Loops": 5,
                                                "Output": [
                                                    "mi_idx.movie_id"
                                                ],
                                                "Hash Buckets": 524288,
                                                "Original Hash Buckets": 524288,
                                                "Hash Batches": 1,
                                                "Original Hash Batches": 1,
                                                "Peak Memory Usage": 22176,
                                                "Workers": [
                                                    {
                                                        "Worker Number": 0,
                                                        "Actual Startup Time": 73.994,
                                                        "Actual Total Time": 73.995,
                                                        "Actual Rows": 71025,
                                                        "Actual Loops": 1
                                                    },
                                                    {
                                                        "Worker Number": 1,
                                                        "Actual Startup Time": 74.01,
                                                        "Actual Total Time": 74.01,
                                                        "Actual Rows": 96737,
                                                        "Actual Loops": 1
                                                    },
                                                    {
                                                        "Worker Number": 2,
                                                        "Actual Startup Time": 73.922,
                                                        "Actual Total Time": 73.923,
                                                        "Actual Rows": 71767,
                                                        "Actual Loops": 1
                                                    },
                                                    {
                                                        "Worker Number": 3,
                                                        "Actual Startup Time": 74.719,
                                                        "Actual Total Time": 74.72,
                                                        "Actual Rows": 98727,
                                                        "Actual Loops": 1
                                                    }
                                                ],
                                                "Plans": [
                                                    {
                                                        "Node Type": "Seq Scan",
                                                        "Parent Relationship": "Outer",
                                                        "Parallel Aware": true,
                                                        "Relation Name": "movie_info_idx",
                                                        "Schema": "public",
                                                        "Alias": "mi_idx",
                                                        "Startup Cost": 0.0,
                                                        "Total Cost": 15122.68,
                                                        "Plan Rows": 191154,
                                                        "Plan Width": 4,
                                                        "Actual Startup Time": 0.038,
                                                        "Actual Total Time": 39.007,
                                                        "Actual Rows": 92037,
                                                        "Actual Loops": 5,
                                                        "Output": [
                                                            "mi_idx.movie_id"
                                                        ],
                                                        "Filter": "(mi_idx.info_type_id > 100)",
                                                        "Rows Removed by Filter": 183970,
                                                        "Workers": [
                                                            {
                                                                "Worker Number": 0,
                                                                "Actual Startup Time": 0.036,
                                                                "Actual Total Time": 39.909,
                                                                "Actual Rows": 71025,
                                                                "Actual Loops": 1
                                                            },
                                                            {
                                                                "Worker Number": 1,
                                                                "Actual Startup Time": 0.044,
                                                                "Actual Total Time": 39.172,
                                                                "Actual Rows": 96737,
                                                                "Actual Loops": 1
                                                            },
                                                            {
                                                                "Worker Number": 2,
                                                                "Actual Startup Time": 0.046,
                                                                "Actual Total Time": 40.042,
                                                                "Actual Rows": 71767,
                                                                "Actual Loops": 1
                                                            },
                                                            {
                                                                "Worker Number": 3,
                                                                "Actual Startup Time": 0.036,
                                                                "Actual Total Time": 39.468,
                                                                "Actual Rows": 98727,
                                                                "Actual Loops": 1
                                                            }
                                                        ]
                                                    }
                                                ]
                                            }
                                        ]
                                    },
                                    {
                                        "Node Type": "Index Scan",
                                        "Parent Relationship": "Inner",
                                        "Parallel Aware": false,
                                        "Scan Direction": "Forward",
                                        "Index Name": "movie_id_cast_info",
                                        "Relation Name": "cast_info",
                                        "Schema": "public",
                                        "Alias": "ci",
                                        "Startup Cost": 0.56,
                                        "Total Cost": 1.93,
                                        "Plan Rows": 25,
                                        "Plan Width": 4,
                                        "Actual Startup Time": 0.019,
                                        "Actual Total Time": 0.041,
                                        "Actual Rows": 19,
                                        "Actual Loops": 460185,
                                        "Output": [
                                            "ci.id",
                                            "ci.person_id",
                                            "ci.movie_id",
                                            "ci.person_role_id",
                                            "ci.note",
                                            "ci.nr_order",
                                            "ci.role_id"
                                        ],
                                        "Index Cond": "(ci.movie_id = t.id)",
                                        "Rows Removed by Index Recheck": 0,
                                        "Filter": "(ci.role_id > 1)",
                                        "Rows Removed by Filter": 10,
                                        "Workers": [
                                            {
                                                "Worker Number": 0,
                                                "Actual Startup Time": 0.022,
                                                "Actual Total Time": 0.048,
                                                "Actual Rows": 19,
                                                "Actual Loops": 78694
                                            },
                                            {
                                                "Worker Number": 1,
                                                "Actual Startup Time": 0.018,
                                                "Actual Total Time": 0.039,
                                                "Actual Rows": 19,
                                                "Actual Loops": 97572
                                            },
                                            {
                                                "Worker Number": 2,
                                                "Actual Startup Time": 0.022,
                                                "Actual Total Time": 0.048,
                                                "Actual Rows": 19,
                                                "Actual Loops": 79899
                                            },
                                            {
                                                "Worker Number": 3,
                                                "Actual Startup Time": 0.018,
                                                "Actual Total Time": 0.04,
                                                "Actual Rows": 19,
                                                "Actual Loops": 96148
                                            }
                                        ]
                                    }
                                ]
                            }
                        ]
                    }
                ]
            }
        ]
    },
    "Planning Time": 1.444,
    "Triggers": [],
    "Execution Time": 4564.116
}