[
  {
    "Plan": {
      "Node Type": "Aggregate",
      "Strategy": "Plain",
      "Partial Mode": "Finalize",
      "Parallel Aware": false,
      "Startup Cost": 120065.45,
      "Total Cost": 120065.46,
      "Plan Rows": 1,
      "Plan Width": 8,
      "Actual Startup Time": 717.504,
      "Actual Total Time": 737.22,
      "Actual Rows": 1,
      "Actual Loops": 1,
      "Plans": [
        {
          "Node Type": "Gather",
          "Parent Relationship": "Outer",
          "Parallel Aware": false,
          "Startup Cost": 120065.13,
          "Total Cost": 120065.44,
          "Plan Rows": 3,
          "Plan Width": 8,
          "Actual Startup Time": 708.49,
          "Actual Total Time": 737.21,
          "Actual Rows": 4,
          "Actual Loops": 1,
          "Workers Planned": 3,
          "Workers Launched": 3,
          "Single Copy": false,
          "Plans": [
            {
              "Node Type": "Aggregate",
              "Strategy": "Plain",
              "Partial Mode": "Partial",
              "Parent Relationship": "Outer",
              "Parallel Aware": false,
              "Startup Cost": 119065.13,
              "Total Cost": 119065.14,
              "Plan Rows": 1,
              "Plan Width": 8,
              "Actual Startup Time": 703.455,
              "Actual Total Time": 703.46,
              "Actual Rows": 1,
              "Actual Loops": 4,
              "Plans": [
                {
                  "Node Type": "Hash Join",
                  "Parent Relationship": "Outer",
                  "Parallel Aware": true,
                  "Join Type": "Inner",
                  "Startup Cost": 87867.56,
                  "Total Cost": 118700.63,
                  "Plan Rows": 145800,
                  "Plan Width": 0,
                  "Actual Startup Time": 480.763,
                  "Actual Total Time": 665.601,
                  "Actual Rows": 875885,
                  "Actual Loops": 4,
                  "Inner Unique": false,
                  "Hash Cond": "(mc.movie_id = t.id)",
                  "Plans": [
                    {
                      "Node Type": "Seq Scan",
                      "Parent Relationship": "Outer",
                      "Parallel Aware": true,
                      "Relation Name": "movie_companies",
                      "Alias": "mc",
                      "Startup Cost": 0.0,
                      "Total Cost": 27206.55,
                      "Plan Rows": 841655,
                      "Plan Width": 4,
                      "Actual Startup Time": 0.02,
                      "Actual Total Time": 52.743,
                      "Actual Rows": 652282,
                      "Actual Loops": 4
                    },
                    {
                      "Node Type": "Hash",
                      "Parent Relationship": "Inner",
                      "Parallel Aware": true,
                      "Startup Cost": 86101.51,
                      "Total Cost": 86101.51,
                      "Plan Rows": 141284,
                      "Plan Width": 8,
                      "Actual Startup Time": 468.471,
                      "Actual Total Time": 468.475,
                      "Actual Rows": 107268,
                      "Actual Loops": 4,
                      "Hash Buckets": 524288,
                      "Original Hash Buckets": 524288,
                      "Hash Batches": 1,
                      "Original Hash Batches": 1,
                      "Peak Memory Usage": 20928,
                      "Plans": [
                        {
                          "Node Type": "Hash Join",
                          "Parent Relationship": "Outer",
                          "Parallel Aware": true,
                          "Join Type": "Inner",
                          "Startup Cost": 59510.59,
                          "Total Cost": 86101.51,
                          "Plan Rows": 141284,
                          "Plan Width": 8,
                          "Actual Startup Time": 356.236,
                          "Actual Total Time": 437.736,
                          "Actual Rows": 107268,
                          "Actual Loops": 4,
                          "Inner Unique": true,
                          "Hash Cond": "(mk.movie_id = t.id)",
                          "Plans": [
                            {
                              "Node Type": "Bitmap Heap Scan",
                              "Parent Relationship": "Outer",
                              "Parallel Aware": true,
                              "Relation Name": "movie_keyword",
                              "Alias": "mk",
                              "Startup Cost": 9290.79,
                              "Total Cost": 35510.84,
                              "Plan Rows": 141284,
                              "Plan Width": 4,
                              "Actual Startup Time": 36.508,
                              "Actual Total Time": 82.62,
                              "Actual Rows": 107268,
                              "Actual Loops": 4,
                              "Recheck Cond": "(keyword_id > 40812)",
                              "Rows Removed by Index Recheck": 0,
                              "Exact Heap Blocks": 6008,
                              "Lossy Heap Blocks": 0,
                              "Plans": [
                                {
                                  "Node Type": "Bitmap Index Scan",
                                  "Parent Relationship": "Outer",
                                  "Parallel Aware": false,
                                  "Index Name": "keyword_id_movie_keyword",
                                  "Startup Cost": 0.0,
                                  "Total Cost": 9181.29,
                                  "Plan Rows": 437981,
                                  "Plan Width": 0,
                                  "Actual Startup Time": 33.03,
                                  "Actual Total Time": 33.031,
                                  "Actual Rows": 429074,
                                  "Actual Loops": 1,
                                  "Index Cond": "(keyword_id > 40812)"
                                }
                              ]
                            },
                            {
                              "Node Type": "Hash",
                              "Parent Relationship": "Inner",
                              "Parallel Aware": true,
                              "Startup Cost": 42318.81,
                              "Total Cost": 42318.81,
                              "Plan Rows": 632080,
                              "Plan Width": 4,
                              "Actual Startup Time": 311.063,
                              "Actual Total Time": 311.064,
                              "Actual Rows": 632078,
                              "Actual Loops": 4,
                              "Hash Buckets": 4194304,
                              "Original Hash Buckets": 4194304,
                              "Hash Batches": 1,
                              "Original Hash Batches": 1,
                              "Peak Memory Usage": 131744,
                              "Plans": [
                                {
                                  "Node Type": "Seq Scan",
                                  "Parent Relationship": "Outer",
                                  "Parallel Aware": true,
                                  "Relation Name": "title",
                                  "Alias": "t",
                                  "Startup Cost": 0.0,
                                  "Total Cost": 42318.81,
                                  "Plan Rows": 632080,
                                  "Plan Width": 4,
                                  "Actual Startup Time": 0.026,
                                  "Actual Total Time": 88.241,
                                  "Actual Rows": 632078,
                                  "Actual Loops": 4
                                }
                              ]
                            }
                          ]
                        }
                      ]
                    }
                  ]
                }
              ]
            }
          ]
        }
      ]
    },
    "Planning Time": 1.364,
    "Triggers": [],
    "Execution Time": 737.313
  }
]