[
  {
    "Plan": {
      "Node Type": "Aggregate",
      "Strategy": "Plain",
      "Partial Mode": "Finalize",
      "Parallel Aware": false,
      "Startup Cost": 288755.09,
      "Total Cost": 288755.1,
      "Plan Rows": 1,
      "Plan Width": 8,
      "Actual Startup Time": 180.475,
      "Actual Total Time": 186.591,
      "Actual Rows": 1,
      "Actual Loops": 1,
      "Plans": [
        {
          "Node Type": "Gather",
          "Parent Relationship": "Outer",
          "Parallel Aware": false,
          "Startup Cost": 288754.46,
          "Total Cost": 288755.07,
          "Plan Rows": 6,
          "Plan Width": 8,
          "Actual Startup Time": 180.061,
          "Actual Total Time": 186.582,
          "Actual Rows": 7,
          "Actual Loops": 1,
          "Workers Planned": 6,
          "Workers Launched": 6,
          "Single Copy": false,
          "Plans": [
            {
              "Node Type": "Aggregate",
              "Strategy": "Plain",
              "Partial Mode": "Partial",
              "Parent Relationship": "Outer",
              "Parallel Aware": false,
              "Startup Cost": 287754.46,
              "Total Cost": 287754.47,
              "Plan Rows": 1,
              "Plan Width": 8,
              "Actual Startup Time": 167.403,
              "Actual Total Time": 167.404,
              "Actual Rows": 1,
              "Actual Loops": 7,
              "Plans": [
                {
                  "Node Type": "Bitmap Heap Scan",
                  "Parent Relationship": "Outer",
                  "Parallel Aware": true,
                  "Relation Name": "cast_info",
                  "Alias": "ci",
                  "Startup Cost": 31501.88,
                  "Total Cost": 287160.2,
                  "Plan Rows": 237706,
                  "Plan Width": 0,
                  "Actual Startup Time": 99.541,
                  "Actual Total Time": 154.57,
                  "Actual Rows": 209238,
                  "Actual Loops": 7,
                  "Recheck Cond": "(person_id < 147407)",
                  "Rows Removed by Index Recheck": 0,
                  "Exact Heap Blocks": 3991,
                  "Lossy Heap Blocks": 0,
                  "Plans": [
                    {
                      "Node Type": "Bitmap Index Scan",
                      "Parent Relationship": "Outer",
                      "Parallel Aware": false,
                      "Index Name": "person_id_cast_info",
                      "Startup Cost": 0.0,
                      "Total Cost": 31145.32,
                      "Plan Rows": 1426234,
                      "Plan Width": 0,
                      "Actual Startup Time": 108.253,
                      "Actual Total Time": 108.253,
                      "Actual Rows": 1464666,
                      "Actual Loops": 1,
                      "Index Cond": "(person_id < 147407)"
                    }
                  ]
                }
              ]
            }
          ]
        }
      ]
    },
    "Planning Time": 0.234,
    "Triggers": [],
    "Execution Time": 186.679
  }
]