{
  "Plan": {
    "Node Type": "Aggregate",
    "Strategy": "Plain",
    "Partial Mode": "Finalize",
    "Parallel Aware": false,
    "Startup Cost": 766878.19,
    "Total Cost": 766878.2,
    "Plan Rows": 1,
    "Plan Width": 8,
    "Actual Startup Time": 8014.12,
    "Actual Total Time": 8066.543,
    "Actual Rows": 1,
    "Actual Loops": 1,
    "Plans": [
      {
        "Node Type": "Gather",
        "Parent Relationship": "Outer",
        "Parallel Aware": false,
        "Startup Cost": 766878.08,
        "Total Cost": 766878.19,
        "Plan Rows": 1,
        "Plan Width": 8,
        "Actual Startup Time": 8006.622,
        "Actual Total Time": 8066.531,
        "Actual Rows": 2,
        "Actual Loops": 1,
        "Workers Planned": 1,
        "Workers Launched": 1,
        "Single Copy": false,
        "Plans": [
          {
            "Node Type": "Aggregate",
            "Strategy": "Plain",
            "Partial Mode": "Partial",
            "Parent Relationship": "Outer",
            "Parallel Aware": false,
            "Startup Cost": 765878.08,
            "Total Cost": 765878.09,
            "Plan Rows": 1,
            "Plan Width": 8,
            "Actual Startup Time": 8001.736,
            "Actual Total Time": 8001.742,
            "Actual Rows": 1,
            "Actual Loops": 2,
            "Plans": [
              {
                "Node Type": "Hash Join",
                "Parent Relationship": "Outer",
                "Parallel Aware": true,
                "Join Type": "Inner",
                "Startup Cost": 115236.76,
                "Total Cost": 761963.37,
                "Plan Rows": 1565881,
                "Plan Width": 0,
                "Actual Startup Time": 826.585,
                "Actual Total Time": 7824.277,
                "Actual Rows": 3997889,
                "Actual Loops": 2,
                "Inner Unique": false,
                "Hash Cond": "(t.id = mc.movie_id)",
                "Plans": [
                  {
                    "Node Type": "Hash Join",
                    "Parent Relationship": "Outer",
                    "Parallel Aware": true,
                    "Join Type": "Inner",
                    "Startup Cost": 69460.7,
                    "Total Cost": 661082.17,
                    "Plan Rows": 7343052,
                    "Plan Width": 8,
                    "Actual Startup Time": 579.667,
                    "Actual Total Time": 5343.408,
                    "Actual Rows": 7046730,
                    "Actual Loops": 2,
                    "Inner Unique": true,
                    "Hash Cond": "(ci.movie_id = t.id)",
                    "Plans": [
                      {
                        "Node Type": "Seq Scan",
                        "Parent Relationship": "Outer",
                        "Parallel Aware": true,
                        "Relation Name": "cast_info",
                        "Alias": "ci",
                        "Startup Cost": 0.0,
                        "Total Cost": 572345.93,
                        "Plan Rows": 7343052,
                        "Plan Width": 4,
                        "Actual Startup Time": 0.014,
                        "Actual Total Time": 1680.272,
                        "Actual Rows": 7046730,
                        "Actual Loops": 2,
                        "Filter": "((person_id < 1548256) AND (role_id < 8))",
                        "Rows Removed by Filter": 11075442
                      },
                      {
                        "Node Type": "Hash",
                        "Parent Relationship": "Inner",
                        "Parallel Aware": true,
                        "Startup Cost": 50870.31,
                        "Total Cost": 50870.31,
                        "Plan Rows": 1487231,
                        "Plan Width": 4,
                        "Actual Startup Time": 568.131,
                        "Actual Total Time": 568.132,
                        "Actual Rows": 1264156,
                        "Actual Loops": 2,
                        "Hash Buckets": 4194304,
                        "Original Hash Buckets": 4194304,
                        "Hash Batches": 1,
                        "Original Hash Batches": 1,
                        "Peak Memory Usage": 131712,
                        "Plans": [
                          {
                            "Node Type": "Seq Scan",
                            "Parent Relationship": "Outer",
                            "Parallel Aware": true,
                            "Relation Name": "title",
                            "Alias": "t",
                            "Startup Cost": 0.0,
                            "Total Cost": 50870.31,
                            "Plan Rows": 1487231,
                            "Plan Width": 4,
                            "Actual Startup Time": 0.021,
                            "Actual Total Time": 171.631,
                            "Actual Rows": 1264156,
                            "Actual Loops": 2
                          }
                        ]
                      }
                    ]
                  },
                  {
                    "Node Type": "Hash",
                    "Parent Relationship": "Inner",
                    "Parallel Aware": true,
                    "Startup Cost": 41811.73,
                    "Total Cost": 41811.73,
                    "Plan Rows": 317147,
                    "Plan Width": 4,
                    "Actual Startup Time": 239.898,
                    "Actual Total Time": 239.899,
                    "Actual Rows": 420345,
                    "Actual Loops": 2,
                    "Hash Buckets": 1048576,
                    "Original Hash Buckets": 1048576,
                    "Hash Batches": 1,
                    "Original Hash Batches": 1,
                    "Peak Memory Usage": 41120,
                    "Plans": [
                      {
                        "Node Type": "Seq Scan",
                        "Parent Relationship": "Outer",
                        "Parallel Aware": true,
                        "Relation Name": "movie_companies",
                        "Alias": "mc",
                        "Startup Cost": 0.0,
                        "Total Cost": 41811.73,
                        "Plan Rows": 317147,
                        "Plan Width": 4,
                        "Actual Startup Time": 64.741,
                        "Actual Total Time": 147.241,
                        "Actual Rows": 420345,
                        "Actual Loops": 2,
                        "Filter": "((company_id > 14490) AND (company_type_id > 1))",
                        "Rows Removed by Filter": 884220
                      }
                    ]
                  }
                ]
              }
            ]
          }
        ]
      }
    ]
  },
  "Planning Time": 0.691,
  "Triggers": [],
  "Execution Time": 8066.615
}