{
  "Plan": {
    "Node Type": "Aggregate",
    "Strategy": "Plain",
    "Partial Mode": "Finalize",
    "Parallel Aware": false,
    "Startup Cost": 290113.94,
    "Total Cost": 290113.95,
    "Plan Rows": 1,
    "Plan Width": 8,
    "Actual Startup Time": 3378.839,
    "Actual Total Time": 3470.431,
    "Actual Rows": 1,
    "Actual Loops": 1,
    "Plans": [
      {
        "Node Type": "Gather",
        "Parent Relationship": "Outer",
        "Parallel Aware": false,
        "Startup Cost": 290113.83,
        "Total Cost": 290113.94,
        "Plan Rows": 1,
        "Plan Width": 8,
        "Actual Startup Time": 3372.433,
        "Actual Total Time": 3470.421,
        "Actual Rows": 2,
        "Actual Loops": 1,
        "Workers Planned": 1,
        "Workers Launched": 1,
        "Single Copy": false,
        "Plans": [
          {
            "Node Type": "Aggregate",
            "Strategy": "Plain",
            "Partial Mode": "Partial",
            "Parent Relationship": "Outer",
            "Parallel Aware": false,
            "Startup Cost": 289113.83,
            "Total Cost": 289113.84,
            "Plan Rows": 1,
            "Plan Width": 8,
            "Actual Startup Time": 3360.216,
            "Actual Total Time": 3360.22,
            "Actual Rows": 1,
            "Actual Loops": 2,
            "Plans": [
              {
                "Node Type": "Nested Loop",
                "Parent Relationship": "Outer",
                "Parallel Aware": false,
                "Join Type": "Inner",
                "Startup Cost": 75291.13,
                "Total Cost": 286134.61,
                "Plan Rows": 1191687,
                "Plan Width": 0,
                "Actual Startup Time": 541.409,
                "Actual Total Time": 3233.243,
                "Actual Rows": 2998664,
                "Actual Loops": 2,
                "Inner Unique": false,
                "Plans": [
                  {
                    "Node Type": "Hash Join",
                    "Parent Relationship": "Outer",
                    "Parallel Aware": true,
                    "Join Type": "Inner",
                    "Startup Cost": 75290.56,
                    "Total Cost": 101079.37,
                    "Plan Rows": 83166,
                    "Plan Width": 8,
                    "Actual Startup Time": 541.321,
                    "Actual Total Time": 641.517,
                    "Actual Rows": 79138,
                    "Actual Loops": 2,
                    "Inner Unique": true,
                    "Hash Cond": "(mk.movie_id = t.id)",
                    "Plans": [
                      {
                        "Node Type": "Bitmap Heap Scan",
                        "Parent Relationship": "Outer",
                        "Parallel Aware": true,
                        "Relation Name": "movie_keyword",
                        "Alias": "mk",
                        "Startup Cost": 3183.15,
                        "Total Cost": 28740.3,
                        "Plan Rows": 88252,
                        "Plan Width": 4,
                        "Actual Startup Time": 11.399,
                        "Actual Total Time": 55.438,
                        "Actual Rows": 81904,
                        "Actual Loops": 2,
                        "Recheck Cond": "(keyword_id < 121)",
                        "Rows Removed by Index Recheck": 0,
                        "Exact Heap Blocks": 12158,
                        "Lossy Heap Blocks": 0,
                        "Plans": [
                          {
                            "Node Type": "Bitmap Index Scan",
                            "Parent Relationship": "Outer",
                            "Parallel Aware": false,
                            "Index Name": "keyword_id_movie_keyword",
                            "Startup Cost": 0.0,
                            "Total Cost": 3145.64,
                            "Plan Rows": 150028,
                            "Plan Width": 0,
                            "Actual Startup Time": 8.05,
                            "Actual Total Time": 8.051,
                            "Actual Rows": 163809,
                            "Actual Loops": 1,
                            "Index Cond": "(keyword_id < 121)"
                          }
                        ]
                      },
                      {
                        "Node Type": "Hash",
                        "Parent Relationship": "Inner",
                        "Parallel Aware": true,
                        "Startup Cost": 54588.39,
                        "Total Cost": 54588.39,
                        "Plan Rows": 1401522,
                        "Plan Width": 4,
                        "Actual Startup Time": 507.42,
                        "Actual Total Time": 507.421,
                        "Actual Rows": 1189176,
                        "Actual Loops": 2,
                        "Hash Buckets": 4194304,
                        "Original Hash Buckets": 4194304,
                        "Hash Batches": 1,
                        "Original Hash Batches": 1,
                        "Peak Memory Usage": 125824,
                        "Plans": [
                          {
                            "Node Type": "Seq Scan",
                            "Parent Relationship": "Outer",
                            "Parallel Aware": true,
                            "Relation Name": "title",
                            "Alias": "t",
                            "Startup Cost": 0.0,
                            "Total Cost": 54588.39,
                            "Plan Rows": 1401522,
                            "Plan Width": 4,
                            "Actual Startup Time": 0.029,
                            "Actual Total Time": 182.139,
                            "Actual Rows": 1189176,
                            "Actual Loops": 2,
                            "Filter": "(production_year > 1917)",
                            "Rows Removed by Filter": 74980
                          }
                        ]
                      }
                    ]
                  },
                  {
                    "Node Type": "Index Only Scan",
                    "Parent Relationship": "Inner",
                    "Parallel Aware": false,
                    "Scan Direction": "Forward",
                    "Index Name": "movie_id_cast_info",
                    "Relation Name": "cast_info",
                    "Alias": "ci",
                    "Startup Cost": 0.56,
                    "Total Cost": 1.86,
                    "Plan Rows": 37,
                    "Plan Width": 4,
                    "Actual Startup Time": 0.004,
                    "Actual Total Time": 0.03,
                    "Actual Rows": 38,
                    "Actual Loops": 158275,
                    "Index Cond": "(movie_id = t.id)",
                    "Rows Removed by Index Recheck": 0,
                    "Heap Fetches": 5997327
                  }
                ]
              }
            ]
          }
        ]
      }
    ]
  },
  "Planning Time": 0.928,
  "Triggers": [],
  "Execution Time": 3470.556
}