[
  {
    "Plan": {
      "Node Type": "Aggregate",
      "Strategy": "Plain",
      "Partial Mode": "Finalize",
      "Parallel Aware": false,
      "Startup Cost": 121167.03,
      "Total Cost": 121167.04,
      "Plan Rows": 1,
      "Plan Width": 8,
      "Actual Startup Time": 349.921,
      "Actual Total Time": 383.26,
      "Actual Rows": 1,
      "Actual Loops": 1,
      "Plans": [
        {
          "Node Type": "Gather",
          "Parent Relationship": "Outer",
          "Parallel Aware": false,
          "Startup Cost": 121166.61,
          "Total Cost": 121167.02,
          "Plan Rows": 4,
          "Plan Width": 8,
          "Actual Startup Time": 349.334,
          "Actual Total Time": 383.252,
          "Actual Rows": 5,
          "Actual Loops": 1,
          "Workers Planned": 4,
          "Workers Launched": 4,
          "Single Copy": false,
          "Plans": [
            {
              "Node Type": "Aggregate",
              "Strategy": "Plain",
              "Partial Mode": "Partial",
              "Parent Relationship": "Outer",
              "Parallel Aware": false,
              "Startup Cost": 120166.61,
              "Total Cost": 120166.62,
              "Plan Rows": 1,
              "Plan Width": 8,
              "Actual Startup Time": 338.817,
              "Actual Total Time": 338.821,
              "Actual Rows": 1,
              "Actual Loops": 5,
              "Plans": [
                {
                  "Node Type": "Nested Loop",
                  "Parent Relationship": "Outer",
                  "Parallel Aware": false,
                  "Join Type": "Inner",
                  "Startup Cost": 24550.76,
                  "Total Cost": 119790.73,
                  "Plan Rows": 150352,
                  "Plan Width": 0,
                  "Actual Startup Time": 64.606,
                  "Actual Total Time": 333.083,
                  "Actual Rows": 91090,
                  "Actual Loops": 5,
                  "Inner Unique": false,
                  "Plans": [
                    {
                      "Node Type": "Hash Join",
                      "Parent Relationship": "Outer",
                      "Parallel Aware": true,
                      "Join Type": "Inner",
                      "Startup Cost": 24550.32,
                      "Total Cost": 70112.36,
                      "Plan Rows": 25713,
                      "Plan Width": 8,
                      "Actual Startup Time": 64.523,
                      "Actual Total Time": 190.389,
                      "Actual Rows": 8226,
                      "Actual Loops": 5,
                      "Inner Unique": false,
                      "Hash Cond": "(t.id = mc.movie_id)",
                      "Plans": [
                        {
                          "Node Type": "Seq Scan",
                          "Parent Relationship": "Outer",
                          "Parallel Aware": true,
                          "Relation Name": "title",
                          "Alias": "t",
                          "Startup Cost": 0.0,
                          "Total Cost": 42318.73,
                          "Plan Rows": 632073,
                          "Plan Width": 4,
                          "Actual Startup Time": 0.011,
                          "Actual Total Time": 64.69,
                          "Actual Rows": 505662,
                          "Actual Loops": 5
                        },
                        {
                          "Node Type": "Hash",
                          "Parent Relationship": "Inner",
                          "Parallel Aware": true,
                          "Startup Cost": 24135.6,
                          "Total Cost": 24135.6,
                          "Plan Rows": 33178,
                          "Plan Width": 4,
                          "Actual Startup Time": 62.995,
                          "Actual Total Time": 62.997,
                          "Actual Rows": 8226,
                          "Actual Loops": 5,
                          "Hash Buckets": 131072,
                          "Original Hash Buckets": 131072,
                          "Hash Batches": 1,
                          "Original Hash Batches": 1,
                          "Peak Memory Usage": 2752,
                          "Plans": [
                            {
                              "Node Type": "Bitmap Heap Scan",
                              "Parent Relationship": "Outer",
                              "Parallel Aware": true,
                              "Relation Name": "movie_companies",
                              "Alias": "mc",
                              "Startup Cost": 4365.42,
                              "Total Cost": 24135.6,
                              "Plan Rows": 33178,
                              "Plan Width": 4,
                              "Actual Startup Time": 50.862,
                              "Actual Total Time": 60.043,
                              "Actual Rows": 8226,
                              "Actual Loops": 5,
                              "Recheck Cond": "(company_id < 64)",
                              "Rows Removed by Index Recheck": 0,
                              "Filter": "(company_type_id = 2)",
                              "Rows Removed by Filter": 32088,
                              "Exact Heap Blocks": 8883,
                              "Lossy Heap Blocks": 0,
                              "Plans": [
                                {
                                  "Node Type": "Bitmap Index Scan",
                                  "Parent Relationship": "Outer",
                                  "Parallel Aware": false,
                                  "Index Name": "company_id_movie_companies",
                                  "Startup Cost": 0.0,
                                  "Total Cost": 4339.7,
                                  "Plan Rows": 202570,
                                  "Plan Width": 0,
                                  "Actual Startup Time": 22.286,
                                  "Actual Total Time": 22.286,
                                  "Actual Rows": 201569,
                                  "Actual Loops": 1,
                                  "Index Cond": "(company_id < 64)"
                                }
                              ]
                            }
                          ]
                        }
                      ]
                    },
                    {
                      "Node Type": "Index Only Scan",
                      "Parent Relationship": "Inner",
                      "Parallel Aware": false,
                      "Scan Direction": "Forward",
                      "Index Name": "movie_id_movie_info",
                      "Relation Name": "movie_info",
                      "Alias": "mi",
                      "Startup Cost": 0.43,
                      "Total Cost": 1.51,
                      "Plan Rows": 42,
                      "Plan Width": 4,
                      "Actual Startup Time": 0.006,
                      "Actual Total Time": 0.016,
                      "Actual Rows": 11,
                      "Actual Loops": 41129,
                      "Index Cond": "(movie_id = t.id)",
                      "Rows Removed by Index Recheck": 0,
                      "Heap Fetches": 455448
                    }
                  ]
                }
              ]
            }
          ]
        }
      ]
    },
    "Planning Time": 1.504,
    "Triggers": [],
    "Execution Time": 383.376
  }
]