[
    {
        "Bao": {
            "Bao prediction": "NaN",
            "Bao recommended hint": "(no hint)"
        }
    },
    {
        "Plan": {
            "Node Type": "Aggregate",
            "Strategy": "Plain",
            "Partial Mode": "Finalize",
            "Parallel Aware": false,
            "Startup Cost": 46483.63,
            "Total Cost": 46483.64,
            "Plan Rows": 1,
            "Plan Width": 8,
            "Actual Startup Time": 91.015,
            "Actual Total Time": 97.823,
            "Actual Rows": 1,
            "Actual Loops": 1,
            "Output": [
                "count(*)"
            ],
            "Plans": [
                {
                    "Node Type": "Gather",
                    "Parent Relationship": "Outer",
                    "Parallel Aware": false,
                    "Startup Cost": 46483.21,
                    "Total Cost": 46483.62,
                    "Plan Rows": 4,
                    "Plan Width": 8,
                    "Actual Startup Time": 90.756,
                    "Actual Total Time": 97.808,
                    "Actual Rows": 5,
                    "Actual Loops": 1,
                    "Output": [
                        "(PARTIAL count(*))"
                    ],
                    "Workers Planned": 4,
                    "Workers Launched": 4,
                    "Single Copy": false,
                    "Plans": [
                        {
                            "Node Type": "Aggregate",
                            "Strategy": "Plain",
                            "Partial Mode": "Partial",
                            "Parent Relationship": "Outer",
                            "Parallel Aware": false,
                            "Startup Cost": 45483.21,
                            "Total Cost": 45483.22,
                            "Plan Rows": 1,
                            "Plan Width": 8,
                            "Actual Startup Time": 81.95,
                            "Actual Total Time": 81.952,
                            "Actual Rows": 1,
                            "Actual Loops": 5,
                            "Output": [
                                "PARTIAL count(*)"
                            ],
                            "Workers": [
                                {
                                    "Worker Number": 0,
                                    "Actual Startup Time": 79.429,
                                    "Actual Total Time": 79.43,
                                    "Actual Rows": 1,
                                    "Actual Loops": 1
                                },
                                {
                                    "Worker Number": 1,
                                    "Actual Startup Time": 79.503,
                                    "Actual Total Time": 79.505,
                                    "Actual Rows": 1,
                                    "Actual Loops": 1
                                },
                                {
                                    "Worker Number": 2,
                                    "Actual Startup Time": 79.93,
                                    "Actual Total Time": 79.931,
                                    "Actual Rows": 1,
                                    "Actual Loops": 1
                                },
                                {
                                    "Worker Number": 3,
                                    "Actual Startup Time": 80.461,
                                    "Actual Total Time": 80.462,
                                    "Actual Rows": 1,
                                    "Actual Loops": 1
                                }
                            ],
                            "Plans": [
                                {
                                    "Node Type": "Seq Scan",
                                    "Parent Relationship": "Outer",
                                    "Parallel Aware": true,
                                    "Relation Name": "title",
                                    "Schema": "public",
                                    "Alias": "t",
                                    "Startup Cost": 0.0,
                                    "Total Cost": 45479.21,
                                    "Plan Rows": 1600,
                                    "Plan Width": 0,
                                    "Actual Startup Time": 53.679,
                                    "Actual Total Time": 81.823,
                                    "Actual Rows": 1038,
                                    "Actual Loops": 5,
                                    "Output": [
                                        "id",
                                        "title",
                                        "imdb_index",
                                        "kind_id",
                                        "production_year",
                                        "imdb_id",
                                        "phonetic_code",
                                        "episode_of_id",
                                        "season_nr",
                                        "episode_nr",
                                        "series_years",
                                        "md5sum"
                                    ],
                                    "Filter": "((t.kind_id = 1) AND (t.production_year = 1992))",
                                    "Rows Removed by Filter": 504624,
                                    "Workers": [
                                        {
                                            "Worker Number": 0,
                                            "Actual Startup Time": 52.308,
                                            "Actual Total Time": 79.304,
                                            "Actual Rows": 1061,
                                            "Actual Loops": 1
                                        },
                                        {
                                            "Worker Number": 1,
                                            "Actual Startup Time": 52.308,
                                            "Actual Total Time": 79.359,
                                            "Actual Rows": 741,
                                            "Actual Loops": 1
                                        },
                                        {
                                            "Worker Number": 2,
                                            "Actual Startup Time": 52.673,
                                            "Actual Total Time": 79.805,
                                            "Actual Rows": 1061,
                                            "Actual Loops": 1
                                        },
                                        {
                                            "Worker Number": 3,
                                            "Actual Startup Time": 53.204,
                                            "Actual Total Time": 80.317,
                                            "Actual Rows": 895,
                                            "Actual Loops": 1
                                        }
                                    ]
                                }
                            ]
                        }
                    ]
                }
            ]
        },
        "Planning Time": 244.54,
        "Triggers": [],
        "Execution Time": 97.88
    }
]