[
  {
    "Plan": {
      "Node Type": "Aggregate",
      "Strategy": "Plain",
      "Partial Mode": "Finalize",
      "Parallel Aware": false,
      "Startup Cost": 194241.48,
      "Total Cost": 194241.49,
      "Plan Rows": 1,
      "Plan Width": 8,
      "Actual Startup Time": 491.327,
      "Actual Total Time": 511.944,
      "Actual Rows": 1,
      "Actual Loops": 1,
      "Plans": [
        {
          "Node Type": "Gather",
          "Parent Relationship": "Outer",
          "Parallel Aware": false,
          "Startup Cost": 194240.96,
          "Total Cost": 194241.47,
          "Plan Rows": 5,
          "Plan Width": 8,
          "Actual Startup Time": 484.115,
          "Actual Total Time": 511.93,
          "Actual Rows": 6,
          "Actual Loops": 1,
          "Workers Planned": 5,
          "Workers Launched": 5,
          "Single Copy": false,
          "Plans": [
            {
              "Node Type": "Aggregate",
              "Strategy": "Plain",
              "Partial Mode": "Partial",
              "Parent Relationship": "Outer",
              "Parallel Aware": false,
              "Startup Cost": 193240.96,
              "Total Cost": 193240.97,
              "Plan Rows": 1,
              "Plan Width": 8,
              "Actual Startup Time": 473.528,
              "Actual Total Time": 473.655,
              "Actual Rows": 1,
              "Actual Loops": 6,
              "Plans": [
                {
                  "Node Type": "Hash Join",
                  "Parent Relationship": "Outer",
                  "Parallel Aware": true,
                  "Join Type": "Inner",
                  "Startup Cost": 80919.11,
                  "Total Cost": 192855.65,
                  "Plan Rows": 154125,
                  "Plan Width": 0,
                  "Actual Startup Time": 265.464,
                  "Actual Total Time": 469.771,
                  "Actual Rows": 87462,
                  "Actual Loops": 6,
                  "Inner Unique": false,
                  "Hash Cond": "(ci.movie_id = t.id)",
                  "Plans": [
                    {
                      "Node Type": "Index Scan",
                      "Parent Relationship": "Outer",
                      "Parallel Aware": true,
                      "Scan Direction": "Forward",
                      "Index Name": "role_id_cast_info",
                      "Relation Name": "cast_info",
                      "Alias": "ci",
                      "Startup Cost": 0.56,
                      "Total Cost": 108404.92,
                      "Plan Rows": 809334,
                      "Plan Width": 4,
                      "Actual Startup Time": 0.324,
                      "Actual Total Time": 112.737,
                      "Actual Rows": 668006,
                      "Actual Loops": 6,
                      "Index Cond": "(role_id = 3)",
                      "Rows Removed by Index Recheck": 0
                    },
                    {
                      "Node Type": "Hash",
                      "Parent Relationship": "Inner",
                      "Parallel Aware": true,
                      "Startup Cost": 78977.12,
                      "Total Cost": 78977.12,
                      "Plan Rows": 155314,
                      "Plan Width": 8,
                      "Actual Startup Time": 262.396,
                      "Actual Total Time": 262.523,
                      "Actual Rows": 21941,
                      "Actual Loops": 6,
                      "Hash Buckets": 524288,
                      "Original Hash Buckets": 524288,
                      "Hash Batches": 1,
                      "Original Hash Batches": 1,
                      "Peak Memory Usage": 9344,
                      "Plans": [
                        {
                          "Node Type": "Hash Join",
                          "Parent Relationship": "Outer",
                          "Parallel Aware": true,
                          "Join Type": "Inner",
                          "Startup Cost": 48650.85,
                          "Total Cost": 78977.12,
                          "Plan Rows": 155314,
                          "Plan Width": 8,
                          "Actual Startup Time": 195.176,
                          "Actual Total Time": 253.21,
                          "Actual Rows": 21941,
                          "Actual Loops": 6,
                          "Inner Unique": true,
                          "Hash Cond": "(mc.movie_id = t.id)",
                          "Plans": [
                            {
                              "Node Type": "Seq Scan",
                              "Parent Relationship": "Outer",
                              "Parallel Aware": true,
                              "Relation Name": "movie_companies",
                              "Alias": "mc",
                              "Startup Cost": 0.0,
                              "Total Cost": 29310.68,
                              "Plan Rows": 386891,
                              "Plan Width": 4,
                              "Actual Startup Time": 6.997,
                              "Actual Total Time": 46.464,
                              "Actual Rows": 200462,
                              "Actual Loops": 6,
                              "Filter": "(company_id > 12301)",
                              "Rows Removed by Filter": 234393
                            },
                            {
                              "Node Type": "Hash",
                              "Parent Relationship": "Inner",
                              "Parallel Aware": true,
                              "Startup Cost": 45479.1,
                              "Total Cost": 45479.1,
                              "Plan Rows": 253740,
                              "Plan Width": 4,
                              "Actual Startup Time": 153.958,
                              "Actual Total Time": 153.959,
                              "Actual Rows": 160019,
                              "Actual Loops": 6,
                              "Hash Buckets": 1048576,
                              "Original Hash Buckets": 1048576,
                              "Hash Batches": 1,
                              "Original Hash Batches": 1,
                              "Peak Memory Usage": 45856,
                              "Plans": [
                                {
                                  "Node Type": "Seq Scan",
                                  "Parent Relationship": "Outer",
                                  "Parallel Aware": true,
                                  "Relation Name": "title",
                                  "Alias": "t",
                                  "Startup Cost": 0.0,
                                  "Total Cost": 45479.1,
                                  "Plan Rows": 253740,
                                  "Plan Width": 4,
                                  "Actual Startup Time": 0.049,
                                  "Actual Total Time": 83.823,
                                  "Actual Rows": 160019,
                                  "Actual Loops": 6,
                                  "Filter": "((production_year < 2008) AND (kind_id = 7))",
                                  "Rows Removed by Filter": 261366
                                }
                              ]
                            }
                          ]
                        }
                      ]
                    }
                  ]
                }
              ]
            }
          ]
        }
      ]
    },
    "Planning Time": 1.423,
    "Triggers": [],
    "Execution Time": 512.046
  }
]