[
  {
    "Plan": {
      "Node Type": "Aggregate",
      "Strategy": "Plain",
      "Partial Mode": "Finalize",
      "Parallel Aware": false,
      "Startup Cost": 360119.25,
      "Total Cost": 360119.26,
      "Plan Rows": 1,
      "Plan Width": 8,
      "Actual Startup Time": 509.226,
      "Actual Total Time": 523.208,
      "Actual Rows": 1,
      "Actual Loops": 1,
      "Plans": [
        {
          "Node Type": "Gather",
          "Parent Relationship": "Outer",
          "Parallel Aware": false,
          "Startup Cost": 360118.63,
          "Total Cost": 360119.24,
          "Plan Rows": 6,
          "Plan Width": 8,
          "Actual Startup Time": 496.459,
          "Actual Total Time": 523.201,
          "Actual Rows": 7,
          "Actual Loops": 1,
          "Workers Planned": 6,
          "Workers Launched": 6,
          "Single Copy": false,
          "Plans": [
            {
              "Node Type": "Aggregate",
              "Strategy": "Plain",
              "Partial Mode": "Partial",
              "Parent Relationship": "Outer",
              "Parallel Aware": false,
              "Startup Cost": 359118.63,
              "Total Cost": 359118.64,
              "Plan Rows": 1,
              "Plan Width": 8,
              "Actual Startup Time": 489.329,
              "Actual Total Time": 489.535,
              "Actual Rows": 1,
              "Actual Loops": 7,
              "Plans": [
                {
                  "Node Type": "Hash Join",
                  "Parent Relationship": "Outer",
                  "Parallel Aware": true,
                  "Join Type": "Inner",
                  "Startup Cost": 101736.17,
                  "Total Cost": 358969.71,
                  "Plan Rows": 59568,
                  "Plan Width": 0,
                  "Actual Startup Time": 335.899,
                  "Actual Total Time": 477.83,
                  "Actual Rows": 229562,
                  "Actual Loops": 7,
                  "Inner Unique": false,
                  "Hash Cond": "(ci.movie_id = t.id)",
                  "Plans": [
                    {
                      "Node Type": "Bitmap Heap Scan",
                      "Parent Relationship": "Outer",
                      "Parallel Aware": true,
                      "Relation Name": "cast_info",
                      "Alias": "ci",
                      "Startup Cost": 33287.53,
                      "Total Cost": 289759.11,
                      "Plan Rows": 163477,
                      "Plan Width": 4,
                      "Actual Startup Time": 56.259,
                      "Actual Total Time": 116.177,
                      "Actual Rows": 226952,
                      "Actual Loops": 7,
                      "Recheck Cond": "(person_id > 3747415)",
                      "Rows Removed by Index Recheck": 0,
                      "Filter": "(role_id > 1)",
                      "Rows Removed by Filter": 0,
                      "Exact Heap Blocks": 4212,
                      "Lossy Heap Blocks": 0,
                      "Plans": [
                        {
                          "Node Type": "Bitmap Index Scan",
                          "Parent Relationship": "Outer",
                          "Parallel Aware": false,
                          "Index Name": "person_id_cast_info",
                          "Startup Cost": 0.0,
                          "Total Cost": 33042.31,
                          "Plan Rows": 1513833,
                          "Plan Width": 0,
                          "Actual Startup Time": 52.535,
                          "Actual Total Time": 52.536,
                          "Actual Rows": 1588666,
                          "Actual Loops": 1,
                          "Index Cond": "(person_id > 3747415)"
                        }
                      ]
                    },
                    {
                      "Node Type": "Hash",
                      "Parent Relationship": "Inner",
                      "Parallel Aware": true,
                      "Startup Cost": 65569.69,
                      "Total Cost": 65569.69,
                      "Plan Rows": 230316,
                      "Plan Width": 8,
                      "Actual Startup Time": 277.852,
                      "Actual Total Time": 278.056,
                      "Actual Rows": 131407,
                      "Actual Loops": 7,
                      "Hash Buckets": 1048576,
                      "Original Hash Buckets": 1048576,
                      "Hash Batches": 1,
                      "Original Hash Batches": 1,
                      "Peak Memory Usage": 44256,
                      "Plans": [
                        {
                          "Node Type": "Hash Join",
                          "Parent Relationship": "Outer",
                          "Parallel Aware": true,
                          "Join Type": "Inner",
                          "Startup Cost": 19920.93,
                          "Total Cost": 65569.69,
                          "Plan Rows": 230316,
                          "Plan Width": 8,
                          "Actual Startup Time": 83.864,
                          "Actual Total Time": 237.238,
                          "Actual Rows": 131407,
                          "Actual Loops": 7,
                          "Inner Unique": false,
                          "Hash Cond": "(t.id = mi_idx.movie_id)",
                          "Plans": [
                            {
                              "Node Type": "Seq Scan",
                              "Parent Relationship": "Outer",
                              "Parallel Aware": true,
                              "Relation Name": "title",
                              "Alias": "t",
                              "Startup Cost": 0.0,
                              "Total Cost": 42318.81,
                              "Plan Rows": 632080,
                              "Plan Width": 4,
                              "Actual Startup Time": 0.01,
                              "Actual Total Time": 49.076,
                              "Actual Rows": 361187,
                              "Actual Loops": 7
                            },
                            {
                              "Node Type": "Hash",
                              "Parent Relationship": "Inner",
                              "Parallel Aware": true,
                              "Startup Cost": 15122.68,
                              "Total Cost": 15122.68,
                              "Plan Rows": 383860,
                              "Plan Width": 4,
                              "Actual Startup Time": 82.711,
                              "Actual Total Time": 82.712,
                              "Actual Rows": 131407,
                              "Actual Loops": 7,
                              "Hash Buckets": 1048576,
                              "Original Hash Buckets": 1048576,
                              "Hash Batches": 1,
                              "Original Hash Batches": 1,
                              "Peak Memory Usage": 44288,
                              "Plans": [
                                {
                                  "Node Type": "Seq Scan",
                                  "Parent Relationship": "Outer",
                                  "Parallel Aware": true,
                                  "Relation Name": "movie_info_idx",
                                  "Alias": "mi_idx",
                                  "Startup Cost": 0.0,
                                  "Total Cost": 15122.68,
                                  "Plan Rows": 383860,
                                  "Plan Width": 4,
                                  "Actual Startup Time": 0.04,
                                  "Actual Total Time": 32.662,
                                  "Actual Rows": 131407,
                                  "Actual Loops": 7,
                                  "Filter": "(info_type_id < 101)",
                                  "Rows Removed by Filter": 65741
                                }
                              ]
                            }
                          ]
                        }
                      ]
                    }
                  ]
                }
              ]
            }
          ]
        }
      ]
    },
    "Planning Time": 0.491,
    "Triggers": [],
    "Execution Time": 523.259
  }
]