[
  {
    "Plan": {
      "Node Type": "Aggregate",
      "Strategy": "Plain",
      "Partial Mode": "Finalize",
      "Parallel Aware": false,
      "Startup Cost": 44487.02,
      "Total Cost": 44487.03,
      "Plan Rows": 1,
      "Plan Width": 8,
      "Actual Startup Time": 129.139,
      "Actual Total Time": 138.98,
      "Actual Rows": 1,
      "Actual Loops": 1,
      "Plans": [
        {
          "Node Type": "Gather",
          "Parent Relationship": "Outer",
          "Parallel Aware": false,
          "Startup Cost": 44486.7,
          "Total Cost": 44487.01,
          "Plan Rows": 3,
          "Plan Width": 8,
          "Actual Startup Time": 129.012,
          "Actual Total Time": 138.97,
          "Actual Rows": 4,
          "Actual Loops": 1,
          "Workers Planned": 3,
          "Workers Launched": 3,
          "Single Copy": false,
          "Plans": [
            {
              "Node Type": "Aggregate",
              "Strategy": "Plain",
              "Partial Mode": "Partial",
              "Parent Relationship": "Outer",
              "Parallel Aware": false,
              "Startup Cost": 43486.7,
              "Total Cost": 43486.71,
              "Plan Rows": 1,
              "Plan Width": 8,
              "Actual Startup Time": 123.575,
              "Actual Total Time": 123.576,
              "Actual Rows": 1,
              "Actual Loops": 4,
              "Plans": [
                {
                  "Node Type": "Seq Scan",
                  "Parent Relationship": "Outer",
                  "Parallel Aware": true,
                  "Relation Name": "movie_keyword",
                  "Alias": "mk",
                  "Startup Cost": 0.0,
                  "Total Cost": 42695.65,
                  "Plan Rows": 316418,
                  "Plan Width": 0,
                  "Actual Startup Time": 0.049,
                  "Actual Total Time": 109.96,
                  "Actual Rows": 245656,
                  "Actual Loops": 4,
                  "Filter": "(keyword_id < 920)",
                  "Rows Removed by Filter": 885327
                }
              ]
            }
          ]
        }
      ]
    },
    "Planning Time": 0.176,
    "Triggers": [],
    "Execution Time": 139.035
  }
]