[
  {
    "Plan": {
      "Node Type": "Aggregate",
      "Strategy": "Plain",
      "Partial Mode": "Finalize",
      "Parallel Aware": false,
      "Startup Cost": 32840.06,
      "Total Cost": 32840.07,
      "Plan Rows": 1,
      "Plan Width": 8,
      "Actual Startup Time": 83.142,
      "Actual Total Time": 90.887,
      "Actual Rows": 1,
      "Actual Loops": 1,
      "Plans": [
        {
          "Node Type": "Gather",
          "Parent Relationship": "Outer",
          "Parallel Aware": false,
          "Startup Cost": 32839.74,
          "Total Cost": 32840.05,
          "Plan Rows": 3,
          "Plan Width": 8,
          "Actual Startup Time": 83.014,
          "Actual Total Time": 90.868,
          "Actual Rows": 4,
          "Actual Loops": 1,
          "Workers Planned": 3,
          "Workers Launched": 3,
          "Single Copy": false,
          "Plans": [
            {
              "Node Type": "Aggregate",
              "Strategy": "Plain",
              "Partial Mode": "Partial",
              "Parent Relationship": "Outer",
              "Parallel Aware": false,
              "Startup Cost": 31839.74,
              "Total Cost": 31839.75,
              "Plan Rows": 1,
              "Plan Width": 8,
              "Actual Startup Time": 75.696,
              "Actual Total Time": 75.697,
              "Actual Rows": 1,
              "Actual Loops": 4,
              "Plans": [
                {
                  "Node Type": "Seq Scan",
                  "Parent Relationship": "Outer",
                  "Parallel Aware": true,
                  "Relation Name": "movie_companies",
                  "Alias": "mc",
                  "Startup Cost": 0.0,
                  "Total Cost": 31414.82,
                  "Plan Rows": 169969,
                  "Plan Width": 0,
                  "Actual Startup Time": 43.731,
                  "Actual Total Time": 72.387,
                  "Actual Rows": 79092,
                  "Actual Loops": 4,
                  "Filter": "((company_id < 5806) AND (company_type_id > 1))",
                  "Rows Removed by Filter": 573190
                }
              ]
            }
          ]
        }
      ]
    },
    "Planning Time": 0.068,
    "Triggers": [],
    "Execution Time": 90.913
  }
]