[
  {
    "Plan": {
      "Node Type": "Aggregate",
      "Strategy": "Plain",
      "Partial Mode": "Finalize",
      "Parallel Aware": false,
      "Startup Cost": 32839.45,
      "Total Cost": 32839.46,
      "Plan Rows": 1,
      "Plan Width": 8,
      "Actual Startup Time": 90.383,
      "Actual Total Time": 96.388,
      "Actual Rows": 1,
      "Actual Loops": 1,
      "Plans": [
        {
          "Node Type": "Gather",
          "Parent Relationship": "Outer",
          "Parallel Aware": false,
          "Startup Cost": 32839.14,
          "Total Cost": 32839.45,
          "Plan Rows": 3,
          "Plan Width": 8,
          "Actual Startup Time": 90.171,
          "Actual Total Time": 96.38,
          "Actual Rows": 4,
          "Actual Loops": 1,
          "Workers Planned": 3,
          "Workers Launched": 3,
          "Single Copy": false,
          "Plans": [
            {
              "Node Type": "Aggregate",
              "Strategy": "Plain",
              "Partial Mode": "Partial",
              "Parent Relationship": "Outer",
              "Parallel Aware": false,
              "Startup Cost": 31839.14,
              "Total Cost": 31839.15,
              "Plan Rows": 1,
              "Plan Width": 8,
              "Actual Startup Time": 81.847,
              "Actual Total Time": 81.848,
              "Actual Rows": 1,
              "Actual Loops": 4,
              "Plans": [
                {
                  "Node Type": "Seq Scan",
                  "Parent Relationship": "Outer",
                  "Parallel Aware": true,
                  "Relation Name": "movie_companies",
                  "Alias": "mc",
                  "Startup Cost": 0.0,
                  "Total Cost": 31414.82,
                  "Plan Rows": 169727,
                  "Plan Width": 0,
                  "Actual Startup Time": 49.265,
                  "Actual Total Time": 78.478,
                  "Actual Rows": 79092,
                  "Actual Loops": 4,
                  "Filter": "((company_id < 5806) AND (company_type_id > 1))",
                  "Rows Removed by Filter": 573190
                }
              ]
            }
          ]
        }
      ]
    },
    "Planning Time": 0.193,
    "Triggers": [],
    "Execution Time": 96.438
  }
]