[
  {
    "Plan": {
      "Node Type": "Aggregate",
      "Strategy": "Plain",
      "Partial Mode": "Finalize",
      "Parallel Aware": false,
      "Startup Cost": 17009.96,
      "Total Cost": 17009.97,
      "Plan Rows": 1,
      "Plan Width": 8,
      "Actual Startup Time": 25.018,
      "Actual Total Time": 28.532,
      "Actual Rows": 1,
      "Actual Loops": 1,
      "Plans": [
        {
          "Node Type": "Gather",
          "Parent Relationship": "Outer",
          "Parallel Aware": false,
          "Startup Cost": 17009.74,
          "Total Cost": 17009.95,
          "Plan Rows": 2,
          "Plan Width": 8,
          "Actual Startup Time": 24.889,
          "Actual Total Time": 28.523,
          "Actual Rows": 3,
          "Actual Loops": 1,
          "Workers Planned": 2,
          "Workers Launched": 2,
          "Single Copy": false,
          "Plans": [
            {
              "Node Type": "Aggregate",
              "Strategy": "Plain",
              "Partial Mode": "Partial",
              "Parent Relationship": "Outer",
              "Parallel Aware": false,
              "Startup Cost": 16009.74,
              "Total Cost": 16009.75,
              "Plan Rows": 1,
              "Plan Width": 8,
              "Actual Startup Time": 18.561,
              "Actual Total Time": 18.563,
              "Actual Rows": 1,
              "Actual Loops": 3,
              "Plans": [
                {
                  "Node Type": "Nested Loop",
                  "Parent Relationship": "Outer",
                  "Parallel Aware": false,
                  "Join Type": "Inner",
                  "Startup Cost": 86.05,
                  "Total Cost": 16009.71,
                  "Plan Rows": 13,
                  "Plan Width": 0,
                  "Actual Startup Time": 6.244,
                  "Actual Total Time": 18.547,
                  "Actual Rows": 23,
                  "Actual Loops": 3,
                  "Inner Unique": true,
                  "Plans": [
                    {
                      "Node Type": "Bitmap Heap Scan",
                      "Parent Relationship": "Outer",
                      "Parallel Aware": true,
                      "Relation Name": "movie_companies",
                      "Alias": "mc",
                      "Startup Cost": 85.62,
                      "Total Cost": 9524.26,
                      "Plan Rows": 815,
                      "Plan Width": 4,
                      "Actual Startup Time": 1.687,
                      "Actual Total Time": 3.178,
                      "Actual Rows": 1347,
                      "Actual Loops": 3,
                      "Recheck Cond": "(company_id = 687)",
                      "Rows Removed by Index Recheck": 0,
                      "Filter": "(company_type_id = 2)",
                      "Rows Removed by Filter": 69,
                      "Exact Heap Blocks": 505,
                      "Lossy Heap Blocks": 0,
                      "Plans": [
                        {
                          "Node Type": "Bitmap Index Scan",
                          "Parent Relationship": "Outer",
                          "Parallel Aware": false,
                          "Index Name": "company_id_movie_companies",
                          "Startup Cost": 0.0,
                          "Total Cost": 85.13,
                          "Plan Rows": 3827,
                          "Plan Width": 0,
                          "Actual Startup Time": 3.824,
                          "Actual Total Time": 3.825,
                          "Actual Rows": 4248,
                          "Actual Loops": 1,
                          "Index Cond": "(company_id = 687)"
                        }
                      ]
                    },
                    {
                      "Node Type": "Index Scan",
                      "Parent Relationship": "Inner",
                      "Parallel Aware": false,
                      "Scan Direction": "Forward",
                      "Index Name": "title_pkey",
                      "Relation Name": "title",
                      "Alias": "t",
                      "Startup Cost": 0.43,
                      "Total Cost": 7.96,
                      "Plan Rows": 1,
                      "Plan Width": 4,
                      "Actual Startup Time": 0.011,
                      "Actual Total Time": 0.011,
                      "Actual Rows": 0,
                      "Actual Loops": 4042,
                      "Index Cond": "(id = mc.movie_id)",
                      "Rows Removed by Index Recheck": 0,
                      "Filter": "((kind_id > 1) AND (production_year = 2000))",
                      "Rows Removed by Filter": 1
                    }
                  ]
                }
              ]
            }
          ]
        }
      ]
    },
    "Planning Time": 0.738,
    "Triggers": [],
    "Execution Time": 28.626
  }
]