[
  {
    "Plan": {
      "Node Type": "Aggregate",
      "Strategy": "Plain",
      "Partial Mode": "Finalize",
      "Parallel Aware": false,
      "Startup Cost": 18657.09,
      "Total Cost": 18657.1,
      "Plan Rows": 1,
      "Plan Width": 8,
      "Actual Startup Time": 25.998,
      "Actual Total Time": 29.102,
      "Actual Rows": 1,
      "Actual Loops": 1,
      "Plans": [
        {
          "Node Type": "Gather",
          "Parent Relationship": "Outer",
          "Parallel Aware": false,
          "Startup Cost": 18656.88,
          "Total Cost": 18657.09,
          "Plan Rows": 2,
          "Plan Width": 8,
          "Actual Startup Time": 25.648,
          "Actual Total Time": 29.092,
          "Actual Rows": 3,
          "Actual Loops": 1,
          "Workers Planned": 2,
          "Workers Launched": 2,
          "Single Copy": false,
          "Plans": [
            {
              "Node Type": "Aggregate",
              "Strategy": "Plain",
              "Partial Mode": "Partial",
              "Parent Relationship": "Outer",
              "Parallel Aware": false,
              "Startup Cost": 17656.88,
              "Total Cost": 17656.89,
              "Plan Rows": 1,
              "Plan Width": 8,
              "Actual Startup Time": 17.584,
              "Actual Total Time": 17.586,
              "Actual Rows": 1,
              "Actual Loops": 3,
              "Plans": [
                {
                  "Node Type": "Nested Loop",
                  "Parent Relationship": "Outer",
                  "Parallel Aware": false,
                  "Join Type": "Inner",
                  "Startup Cost": 98.03,
                  "Total Cost": 17656.84,
                  "Plan Rows": 14,
                  "Plan Width": 0,
                  "Actual Startup Time": 8.891,
                  "Actual Total Time": 17.571,
                  "Actual Rows": 23,
                  "Actual Loops": 3,
                  "Inner Unique": true,
                  "Plans": [
                    {
                      "Node Type": "Bitmap Heap Scan",
                      "Parent Relationship": "Outer",
                      "Parallel Aware": true,
                      "Relation Name": "movie_companies",
                      "Alias": "mc",
                      "Startup Cost": 97.6,
                      "Total Cost": 10390.54,
                      "Plan Rows": 920,
                      "Plan Width": 4,
                      "Actual Startup Time": 1.772,
                      "Actual Total Time": 3.309,
                      "Actual Rows": 1347,
                      "Actual Loops": 3,
                      "Recheck Cond": "(company_id = 687)",
                      "Rows Removed by Index Recheck": 0,
                      "Filter": "(company_type_id = 2)",
                      "Rows Removed by Filter": 69,
                      "Exact Heap Blocks": 524,
                      "Lossy Heap Blocks": 0,
                      "Plans": [
                        {
                          "Node Type": "Bitmap Index Scan",
                          "Parent Relationship": "Outer",
                          "Parallel Aware": false,
                          "Index Name": "company_id_movie_companies",
                          "Startup Cost": 0.0,
                          "Total Cost": 97.05,
                          "Plan Rows": 4349,
                          "Plan Width": 0,
                          "Actual Startup Time": 4.095,
                          "Actual Total Time": 4.096,
                          "Actual Rows": 4248,
                          "Actual Loops": 1,
                          "Index Cond": "(company_id = 687)"
                        }
                      ]
                    },
                    {
                      "Node Type": "Index Scan",
                      "Parent Relationship": "Inner",
                      "Parallel Aware": false,
                      "Scan Direction": "Forward",
                      "Index Name": "title_pkey",
                      "Relation Name": "title",
                      "Alias": "t",
                      "Startup Cost": 0.43,
                      "Total Cost": 7.9,
                      "Plan Rows": 1,
                      "Plan Width": 4,
                      "Actual Startup Time": 0.01,
                      "Actual Total Time": 0.01,
                      "Actual Rows": 0,
                      "Actual Loops": 4042,
                      "Index Cond": "(id = mc.movie_id)",
                      "Rows Removed by Index Recheck": 0,
                      "Filter": "((kind_id > 1) AND (production_year = 2000))",
                      "Rows Removed by Filter": 1
                    }
                  ]
                }
              ]
            }
          ]
        }
      ]
    },
    "Planning Time": 0.682,
    "Triggers": [],
    "Execution Time": 29.191
  }
]