[
  {
    "Plan": {
      "Node Type": "Aggregate",
      "Strategy": "Plain",
      "Partial Mode": "Finalize",
      "Parallel Aware": false,
      "Startup Cost": 398489.64,
      "Total Cost": 398489.65,
      "Plan Rows": 1,
      "Plan Width": 8,
      "Actual Startup Time": 1058.381,
      "Actual Total Time": 1121.182,
      "Actual Rows": 1,
      "Actual Loops": 1,
      "Plans": [
        {
          "Node Type": "Gather",
          "Parent Relationship": "Outer",
          "Parallel Aware": false,
          "Startup Cost": 398489.02,
          "Total Cost": 398489.63,
          "Plan Rows": 6,
          "Plan Width": 8,
          "Actual Startup Time": 1049.723,
          "Actual Total Time": 1121.16,
          "Actual Rows": 7,
          "Actual Loops": 1,
          "Workers Planned": 6,
          "Workers Launched": 6,
          "Single Copy": false,
          "Plans": [
            {
              "Node Type": "Aggregate",
              "Strategy": "Plain",
              "Partial Mode": "Partial",
              "Parent Relationship": "Outer",
              "Parallel Aware": false,
              "Startup Cost": 397489.02,
              "Total Cost": 397489.03,
              "Plan Rows": 1,
              "Plan Width": 8,
              "Actual Startup Time": 1034.049,
              "Actual Total Time": 1034.052,
              "Actual Rows": 1,
              "Actual Loops": 7,
              "Plans": [
                {
                  "Node Type": "Hash Join",
                  "Parent Relationship": "Outer",
                  "Parallel Aware": true,
                  "Join Type": "Inner",
                  "Startup Cost": 50121.5,
                  "Total Cost": 396014.14,
                  "Plan Rows": 589952,
                  "Plan Width": 0,
                  "Actual Startup Time": 524.215,
                  "Actual Total Time": 1019.309,
                  "Actual Rows": 317393,
                  "Actual Loops": 7,
                  "Inner Unique": true,
                  "Hash Cond": "(ci.movie_id = t.id)",
                  "Plans": [
                    {
                      "Node Type": "Seq Scan",
                      "Parent Relationship": "Outer",
                      "Parallel Aware": true,
                      "Relation Name": "cast_info",
                      "Alias": "ci",
                      "Startup Cost": 0.0,
                      "Total Cost": 343257.03,
                      "Plan Rows": 1004042,
                      "Plan Width": 4,
                      "Actual Startup Time": 331.203,
                      "Actual Total Time": 607.882,
                      "Actual Rows": 527064,
                      "Actual Loops": 7,
                      "Filter": "((person_id < 1313805) AND (role_id > 2))",
                      "Rows Removed by Filter": 4650699
                    },
                    {
                      "Node Type": "Hash",
                      "Parent Relationship": "Inner",
                      "Parallel Aware": true,
                      "Startup Cost": 45479.1,
                      "Total Cost": 45479.1,
                      "Plan Rows": 371392,
                      "Plan Width": 4,
                      "Actual Startup Time": 187.932,
                      "Actual Total Time": 187.933,
                      "Actual Rows": 225020,
                      "Actual Loops": 7,
                      "Hash Buckets": 2097152,
                      "Original Hash Buckets": 2097152,
                      "Hash Batches": 1,
                      "Original Hash Batches": 1,
                      "Peak Memory Usage": 78112,
                      "Plans": [
                        {
                          "Node Type": "Seq Scan",
                          "Parent Relationship": "Outer",
                          "Parallel Aware": true,
                          "Relation Name": "title",
                          "Alias": "t",
                          "Startup Cost": 0.0,
                          "Total Cost": 45479.1,
                          "Plan Rows": 371392,
                          "Plan Width": 4,
                          "Actual Startup Time": 0.046,
                          "Actual Total Time": 81.564,
                          "Actual Rows": 225020,
                          "Actual Loops": 7,
                          "Filter": "((kind_id > 3) AND (production_year > 1957))",
                          "Rows Removed by Filter": 136168
                        }
                      ]
                    }
                  ]
                }
              ]
            }
          ]
        }
      ]
    },
    "Planning Time": 0.63,
    "Triggers": [],
    "Execution Time": 1121.271
  }
]