{
  "Plan": {
    "Node Type": "Aggregate",
    "Strategy": "Plain",
    "Partial Mode": "Finalize",
    "Parallel Aware": false,
    "Startup Cost": 645169.71,
    "Total Cost": 645169.72,
    "Plan Rows": 1,
    "Plan Width": 8,
    "Actual Startup Time": 2288.882,
    "Actual Total Time": 2343.037,
    "Actual Rows": 1,
    "Actual Loops": 1,
    "Plans": [
      {
        "Node Type": "Gather",
        "Parent Relationship": "Outer",
        "Parallel Aware": false,
        "Startup Cost": 645169.59,
        "Total Cost": 645169.7,
        "Plan Rows": 1,
        "Plan Width": 8,
        "Actual Startup Time": 2288.739,
        "Actual Total Time": 2343.027,
        "Actual Rows": 2,
        "Actual Loops": 1,
        "Workers Planned": 1,
        "Workers Launched": 1,
        "Single Copy": false,
        "Plans": [
          {
            "Node Type": "Aggregate",
            "Strategy": "Plain",
            "Partial Mode": "Partial",
            "Parent Relationship": "Outer",
            "Parallel Aware": false,
            "Startup Cost": 644169.59,
            "Total Cost": 644169.6,
            "Plan Rows": 1,
            "Plan Width": 8,
            "Actual Startup Time": 2283.035,
            "Actual Total Time": 2283.039,
            "Actual Rows": 1,
            "Actual Loops": 2,
            "Plans": [
              {
                "Node Type": "Hash Join",
                "Parent Relationship": "Outer",
                "Parallel Aware": true,
                "Join Type": "Inner",
                "Startup Cost": 54723.48,
                "Total Cost": 644052.06,
                "Plan Rows": 47012,
                "Plan Width": 0,
                "Actual Startup Time": 147.101,
                "Actual Total Time": 2279.838,
                "Actual Rows": 56735,
                "Actual Loops": 2,
                "Inner Unique": true,
                "Hash Cond": "(ci.movie_id = t.id)",
                "Plans": [
                  {
                    "Node Type": "Seq Scan",
                    "Parent Relationship": "Outer",
                    "Parallel Aware": true,
                    "Relation Name": "cast_info",
                    "Alias": "ci",
                    "Startup Cost": 0.0,
                    "Total Cost": 572345.93,
                    "Plan Rows": 6469571,
                    "Plan Width": 4,
                    "Actual Startup Time": 0.02,
                    "Actual Total Time": 1653.349,
                    "Actual Rows": 6040464,
                    "Actual Loops": 2,
                    "Filter": "((person_id < 1245139) AND (role_id < 10))",
                    "Rows Removed by Filter": 12081708
                  },
                  {
                    "Node Type": "Hash",
                    "Parent Relationship": "Inner",
                    "Parallel Aware": true,
                    "Startup Cost": 54588.39,
                    "Total Cost": 54588.39,
                    "Plan Rows": 10807,
                    "Plan Width": 4,
                    "Actual Startup Time": 145.598,
                    "Actual Total Time": 145.599,
                    "Actual Rows": 10061,
                    "Actual Loops": 2,
                    "Hash Buckets": 32768,
                    "Original Hash Buckets": 32768,
                    "Hash Batches": 1,
                    "Original Hash Batches": 1,
                    "Peak Memory Usage": 1088,
                    "Plans": [
                      {
                        "Node Type": "Seq Scan",
                        "Parent Relationship": "Outer",
                        "Parallel Aware": true,
                        "Relation Name": "title",
                        "Alias": "t",
                        "Startup Cost": 0.0,
                        "Total Cost": 54588.39,
                        "Plan Rows": 10807,
                        "Plan Width": 4,
                        "Actual Startup Time": 0.072,
                        "Actual Total Time": 141.061,
                        "Actual Rows": 10061,
                        "Actual Loops": 2,
                        "Filter": "(production_year = 1987)",
                        "Rows Removed by Filter": 1254095
                      }
                    ]
                  }
                ]
              }
            ]
          }
        ]
      }
    ]
  },
  "Planning Time": 0.51,
  "Triggers": [],
  "Execution Time": 2343.134
}