[
  {
    "Plan": {
      "Node Type": "Aggregate",
      "Strategy": "Plain",
      "Partial Mode": "Finalize",
      "Parallel Aware": false,
      "Startup Cost": 62268.19,
      "Total Cost": 62268.2,
      "Plan Rows": 1,
      "Plan Width": 8,
      "Actual Startup Time": 193.427,
      "Actual Total Time": 205.817,
      "Actual Rows": 1,
      "Actual Loops": 1,
      "Plans": [
        {
          "Node Type": "Gather",
          "Parent Relationship": "Outer",
          "Parallel Aware": false,
          "Startup Cost": 62267.97,
          "Total Cost": 62268.18,
          "Plan Rows": 2,
          "Plan Width": 8,
          "Actual Startup Time": 192.302,
          "Actual Total Time": 205.808,
          "Actual Rows": 3,
          "Actual Loops": 1,
          "Workers Planned": 2,
          "Workers Launched": 2,
          "Single Copy": false,
          "Plans": [
            {
              "Node Type": "Aggregate",
              "Strategy": "Plain",
              "Partial Mode": "Partial",
              "Parent Relationship": "Outer",
              "Parallel Aware": false,
              "Startup Cost": 61267.97,
              "Total Cost": 61267.98,
              "Plan Rows": 1,
              "Plan Width": 8,
              "Actual Startup Time": 189.001,
              "Actual Total Time": 189.071,
              "Actual Rows": 1,
              "Actual Loops": 3,
              "Plans": [
                {
                  "Node Type": "Hash Join",
                  "Parent Relationship": "Outer",
                  "Parallel Aware": true,
                  "Join Type": "Inner",
                  "Startup Cost": 45628.51,
                  "Total Cost": 61258.86,
                  "Plan Rows": 3645,
                  "Plan Width": 0,
                  "Actual Startup Time": 149.783,
                  "Actual Total Time": 188.502,
                  "Actual Rows": 10961,
                  "Actual Loops": 3,
                  "Inner Unique": true,
                  "Hash Cond": "(mi_idx.movie_id = t.id)",
                  "Plans": [
                    {
                      "Node Type": "Seq Scan",
                      "Parent Relationship": "Outer",
                      "Parallel Aware": true,
                      "Relation Name": "movie_info_idx",
                      "Alias": "mi_idx",
                      "Startup Cost": 0.0,
                      "Total Cost": 15122.68,
                      "Plan Rows": 193397,
                      "Plan Width": 4,
                      "Actual Startup Time": 0.011,
                      "Actual Total Time": 39.91,
                      "Actual Rows": 153395,
                      "Actual Loops": 3,
                      "Filter": "(info_type_id > 100)",
                      "Rows Removed by Filter": 306617
                    },
                    {
                      "Node Type": "Hash",
                      "Parent Relationship": "Inner",
                      "Parallel Aware": true,
                      "Startup Cost": 45479.59,
                      "Total Cost": 45479.59,
                      "Plan Rows": 11914,
                      "Plan Width": 4,
                      "Actual Startup Time": 124.505,
                      "Actual Total Time": 124.506,
                      "Actual Rows": 58133,
                      "Actual Loops": 3,
                      "Hash Buckets": 262144,
                      "Original Hash Buckets": 65536,
                      "Hash Batches": 1,
                      "Original Hash Batches": 1,
                      "Peak Memory Usage": 10464,
                      "Plans": [
                        {
                          "Node Type": "Seq Scan",
                          "Parent Relationship": "Outer",
                          "Parallel Aware": true,
                          "Relation Name": "title",
                          "Alias": "t",
                          "Startup Cost": 0.0,
                          "Total Cost": 45479.59,
                          "Plan Rows": 11914,
                          "Plan Width": 4,
                          "Actual Startup Time": 61.895,
                          "Actual Total Time": 107.519,
                          "Actual Rows": 58133,
                          "Actual Loops": 3,
                          "Filter": "((production_year < 1955) AND (kind_id = 1))",
                          "Rows Removed by Filter": 784638
                        }
                      ]
                    }
                  ]
                }
              ]
            }
          ]
        }
      ]
    },
    "Planning Time": 0.377,
    "Triggers": [],
    "Execution Time": 205.864
  }
]