{
  "Plan": {
    "Node Type": "Aggregate",
    "Strategy": "Plain",
    "Partial Mode": "Finalize",
    "Parallel Aware": false,
    "Startup Cost": 26070.09,
    "Total Cost": 26070.1,
    "Plan Rows": 1,
    "Plan Width": 8,
    "Actual Startup Time": 27.796,
    "Actual Total Time": 31.271,
    "Actual Rows": 1,
    "Actual Loops": 1,
    "Plans": [
      {
        "Node Type": "Gather",
        "Parent Relationship": "Outer",
        "Parallel Aware": false,
        "Startup Cost": 26069.98,
        "Total Cost": 26070.09,
        "Plan Rows": 1,
        "Plan Width": 8,
        "Actual Startup Time": 27.675,
        "Actual Total Time": 31.264,
        "Actual Rows": 2,
        "Actual Loops": 1,
        "Workers Planned": 1,
        "Workers Launched": 1,
        "Single Copy": false,
        "Plans": [
          {
            "Node Type": "Aggregate",
            "Strategy": "Plain",
            "Partial Mode": "Partial",
            "Parent Relationship": "Outer",
            "Parallel Aware": false,
            "Startup Cost": 25069.98,
            "Total Cost": 25069.99,
            "Plan Rows": 1,
            "Plan Width": 8,
            "Actual Startup Time": 21.699,
            "Actual Total Time": 21.701,
            "Actual Rows": 1,
            "Actual Loops": 2,
            "Plans": [
              {
                "Node Type": "Nested Loop",
                "Parent Relationship": "Outer",
                "Parallel Aware": false,
                "Join Type": "Inner",
                "Startup Cost": 123.31,
                "Total Cost": 25065.82,
                "Plan Rows": 1662,
                "Plan Width": 0,
                "Actual Startup Time": 4.879,
                "Actual Total Time": 21.494,
                "Actual Rows": 1212,
                "Actual Loops": 2,
                "Inner Unique": true,
                "Plans": [
                  {
                    "Node Type": "Bitmap Heap Scan",
                    "Parent Relationship": "Outer",
                    "Parallel Aware": true,
                    "Relation Name": "movie_companies",
                    "Alias": "mc",
                    "Startup Cost": 122.88,
                    "Total Cost": 12176.42,
                    "Plan Rows": 1662,
                    "Plan Width": 4,
                    "Actual Startup Time": 4.735,
                    "Actual Total Time": 8.021,
                    "Actual Rows": 1212,
                    "Actual Loops": 2,
                    "Recheck Cond": "(company_id = 73)",
                    "Rows Removed by Index Recheck": 0,
                    "Filter": "(company_type_id = 2)",
                    "Rows Removed by Filter": 1627,
                    "Exact Heap Blocks": 2398,
                    "Lossy Heap Blocks": 0,
                    "Plans": [
                      {
                        "Node Type": "Bitmap Index Scan",
                        "Parent Relationship": "Outer",
                        "Parallel Aware": false,
                        "Index Name": "company_id_movie_companies",
                        "Startup Cost": 0.0,
                        "Total Cost": 122.18,
                        "Plan Rows": 5566,
                        "Plan Width": 0,
                        "Actual Startup Time": 3.458,
                        "Actual Total Time": 3.458,
                        "Actual Rows": 5677,
                        "Actual Loops": 1,
                        "Index Cond": "(company_id = 73)"
                      }
                    ]
                  },
                  {
                    "Node Type": "Index Only Scan",
                    "Parent Relationship": "Inner",
                    "Parallel Aware": false,
                    "Scan Direction": "Forward",
                    "Index Name": "title_pkey",
                    "Relation Name": "title",
                    "Alias": "t",
                    "Startup Cost": 0.43,
                    "Total Cost": 7.76,
                    "Plan Rows": 1,
                    "Plan Width": 4,
                    "Actual Startup Time": 0.01,
                    "Actual Total Time": 0.01,
                    "Actual Rows": 1,
                    "Actual Loops": 2423,
                    "Index Cond": "(id = mc.movie_id)",
                    "Rows Removed by Index Recheck": 0,
                    "Heap Fetches": 2423
                  }
                ]
              }
            ]
          }
        ]
      }
    ]
  },
  "Planning Time": 0.671,
  "Triggers": [],
  "Execution Time": 31.357
}