[
    {
        "Bao": {
            "Bao prediction": "NaN",
            "Bao recommended hint": "(no hint)"
        }
    },
    {
        "Plan": {
            "Node Type": "Aggregate",
            "Strategy": "Plain",
            "Partial Mode": "Finalize",
            "Parallel Aware": false,
            "Startup Cost": 308001.55,
            "Total Cost": 308001.56,
            "Plan Rows": 1,
            "Plan Width": 8,
            "Actual Startup Time": 292.591,
            "Actual Total Time": 299.619,
            "Actual Rows": 1,
            "Actual Loops": 1,
            "Output": [
                "count(*)"
            ],
            "Plans": [
                {
                    "Node Type": "Gather",
                    "Parent Relationship": "Outer",
                    "Parallel Aware": false,
                    "Startup Cost": 308000.92,
                    "Total Cost": 308001.53,
                    "Plan Rows": 6,
                    "Plan Width": 8,
                    "Actual Startup Time": 291.595,
                    "Actual Total Time": 299.593,
                    "Actual Rows": 7,
                    "Actual Loops": 1,
                    "Output": [
                        "(PARTIAL count(*))"
                    ],
                    "Workers Planned": 6,
                    "Workers Launched": 6,
                    "Single Copy": false,
                    "Plans": [
                        {
                            "Node Type": "Aggregate",
                            "Strategy": "Plain",
                            "Partial Mode": "Partial",
                            "Parent Relationship": "Outer",
                            "Parallel Aware": false,
                            "Startup Cost": 307000.92,
                            "Total Cost": 307000.93,
                            "Plan Rows": 1,
                            "Plan Width": 8,
                            "Actual Startup Time": 281.153,
                            "Actual Total Time": 281.154,
                            "Actual Rows": 1,
                            "Actual Loops": 7,
                            "Output": [
                                "PARTIAL count(*)"
                            ],
                            "Workers": [
                                {
                                    "Worker Number": 0,
                                    "Actual Startup Time": 278.815,
                                    "Actual Total Time": 278.816,
                                    "Actual Rows": 1,
                                    "Actual Loops": 1
                                },
                                {
                                    "Worker Number": 1,
                                    "Actual Startup Time": 278.995,
                                    "Actual Total Time": 278.997,
                                    "Actual Rows": 1,
                                    "Actual Loops": 1
                                },
                                {
                                    "Worker Number": 2,
                                    "Actual Startup Time": 279.401,
                                    "Actual Total Time": 279.403,
                                    "Actual Rows": 1,
                                    "Actual Loops": 1
                                },
                                {
                                    "Worker Number": 3,
                                    "Actual Startup Time": 279.536,
                                    "Actual Total Time": 279.537,
                                    "Actual Rows": 1,
                                    "Actual Loops": 1
                                },
                                {
                                    "Worker Number": 4,
                                    "Actual Startup Time": 280.034,
                                    "Actual Total Time": 280.035,
                                    "Actual Rows": 1,
                                    "Actual Loops": 1
                                },
                                {
                                    "Worker Number": 5,
                                    "Actual Startup Time": 280.218,
                                    "Actual Total Time": 280.22,
                                    "Actual Rows": 1,
                                    "Actual Loops": 1
                                }
                            ],
                            "Plans": [
                                {
                                    "Node Type": "Bitmap Heap Scan",
                                    "Parent Relationship": "Outer",
                                    "Parallel Aware": true,
                                    "Relation Name": "cast_info",
                                    "Schema": "public",
                                    "Alias": "ci",
                                    "Startup Cost": 48392.99,
                                    "Total Cost": 306594.93,
                                    "Plan Rows": 162397,
                                    "Plan Width": 0,
                                    "Actual Startup Time": 134.174,
                                    "Actual Total Time": 261.211,
                                    "Actual Rows": 327659,
                                    "Actual Loops": 7,
                                    "Recheck Cond": "(ci.person_id > 3613891)",
                                    "Rows Removed by Index Recheck": 0,
                                    "Filter": "(ci.role_id > 2)",
                                    "Rows Removed by Filter": 0,
                                    "Exact Heap Blocks": 7929,
                                    "Lossy Heap Blocks": 0,
                                    "Workers": [
                                        {
                                            "Worker Number": 0,
                                            "Actual Startup Time": 131.533,
                                            "Actual Total Time": 258.46,
                                            "Actual Rows": 258366,
                                            "Actual Loops": 1
                                        },
                                        {
                                            "Worker Number": 1,
                                            "Actual Startup Time": 131.955,
                                            "Actual Total Time": 258.962,
                                            "Actual Rows": 260725,
                                            "Actual Loops": 1
                                        },
                                        {
                                            "Worker Number": 2,
                                            "Actual Startup Time": 133.224,
                                            "Actual Total Time": 260.254,
                                            "Actual Rows": 248238,
                                            "Actual Loops": 1
                                        },
                                        {
                                            "Worker Number": 3,
                                            "Actual Startup Time": 132.233,
                                            "Actual Total Time": 261.222,
                                            "Actual Rows": 353308,
                                            "Actual Loops": 1
                                        },
                                        {
                                            "Worker Number": 4,
                                            "Actual Startup Time": 134.047,
                                            "Actual Total Time": 259.827,
                                            "Actual Rows": 263114,
                                            "Actual Loops": 1
                                        },
                                        {
                                            "Worker Number": 5,
                                            "Actual Startup Time": 132.883,
                                            "Actual Total Time": 260.762,
                                            "Actual Rows": 369372,
                                            "Actual Loops": 1
                                        }
                                    ],
                                    "Plans": [
                                        {
                                            "Node Type": "Bitmap Index Scan",
                                            "Parent Relationship": "Outer",
                                            "Parallel Aware": false,
                                            "Index Name": "person_id_cast_info",
                                            "Startup Cost": 0.0,
                                            "Total Cost": 48149.39,
                                            "Plan Rows": 2205977,
                                            "Plan Width": 0,
                                            "Actual Startup Time": 138.042,
                                            "Actual Total Time": 138.042,
                                            "Actual Rows": 2293616,
                                            "Actual Loops": 1,
                                            "Index Cond": "(ci.person_id > 3613891)"
                                        }
                                    ]
                                }
                            ]
                        }
                    ]
                }
            ]
        },
        "Planning Time": 211.137,
        "Triggers": [],
        "Execution Time": 299.731
    }
]