[
  {
    "Plan": {
      "Node Type": "Aggregate",
      "Strategy": "Plain",
      "Partial Mode": "Finalize",
      "Parallel Aware": false,
      "Startup Cost": 30838.55,
      "Total Cost": 30838.56,
      "Plan Rows": 1,
      "Plan Width": 8,
      "Actual Startup Time": 85.831,
      "Actual Total Time": 93.166,
      "Actual Rows": 1,
      "Actual Loops": 1,
      "Plans": [
        {
          "Node Type": "Gather",
          "Parent Relationship": "Outer",
          "Parallel Aware": false,
          "Startup Cost": 30838.24,
          "Total Cost": 30838.55,
          "Plan Rows": 3,
          "Plan Width": 8,
          "Actual Startup Time": 85.75,
          "Actual Total Time": 93.159,
          "Actual Rows": 4,
          "Actual Loops": 1,
          "Workers Planned": 3,
          "Workers Launched": 3,
          "Single Copy": false,
          "Plans": [
            {
              "Node Type": "Aggregate",
              "Strategy": "Plain",
              "Partial Mode": "Partial",
              "Parent Relationship": "Outer",
              "Parallel Aware": false,
              "Startup Cost": 29838.24,
              "Total Cost": 29838.25,
              "Plan Rows": 1,
              "Plan Width": 8,
              "Actual Startup Time": 80.047,
              "Actual Total Time": 80.048,
              "Actual Rows": 1,
              "Actual Loops": 4,
              "Plans": [
                {
                  "Node Type": "Seq Scan",
                  "Parent Relationship": "Outer",
                  "Parallel Aware": true,
                  "Relation Name": "movie_companies",
                  "Alias": "mc",
                  "Startup Cost": 0.0,
                  "Total Cost": 29310.68,
                  "Plan Rows": 211022,
                  "Plan Width": 0,
                  "Actual Startup Time": 33.901,
                  "Actual Total Time": 73.36,
                  "Actual Rows": 166579,
                  "Actual Loops": 4,
                  "Filter": "(company_id > 51245)",
                  "Rows Removed by Filter": 485704
                }
              ]
            }
          ]
        }
      ]
    },
    "Planning Time": 0.153,
    "Triggers": [],
    "Execution Time": 93.211
  }
]