[
  {
    "Plan": {
      "Node Type": "Aggregate",
      "Strategy": "Plain",
      "Partial Mode": "Finalize",
      "Parallel Aware": false,
      "Startup Cost": 159002.78,
      "Total Cost": 159002.79,
      "Plan Rows": 1,
      "Plan Width": 8,
      "Actual Startup Time": 400.889,
      "Actual Total Time": 430.133,
      "Actual Rows": 1,
      "Actual Loops": 1,
      "Plans": [
        {
          "Node Type": "Gather",
          "Parent Relationship": "Outer",
          "Parallel Aware": false,
          "Startup Cost": 159002.47,
          "Total Cost": 159002.78,
          "Plan Rows": 3,
          "Plan Width": 8,
          "Actual Startup Time": 397.371,
          "Actual Total Time": 430.123,
          "Actual Rows": 4,
          "Actual Loops": 1,
          "Workers Planned": 3,
          "Workers Launched": 3,
          "Single Copy": false,
          "Plans": [
            {
              "Node Type": "Aggregate",
              "Strategy": "Plain",
              "Partial Mode": "Partial",
              "Parent Relationship": "Outer",
              "Parallel Aware": false,
              "Startup Cost": 158002.47,
              "Total Cost": 158002.48,
              "Plan Rows": 1,
              "Plan Width": 8,
              "Actual Startup Time": 389.916,
              "Actual Total Time": 389.921,
              "Actual Rows": 1,
              "Actual Loops": 4,
              "Plans": [
                {
                  "Node Type": "Nested Loop",
                  "Parent Relationship": "Outer",
                  "Parallel Aware": false,
                  "Join Type": "Inner",
                  "Startup Cost": 47306.33,
                  "Total Cost": 157979.07,
                  "Plan Rows": 9360,
                  "Plan Width": 0,
                  "Actual Startup Time": 210.029,
                  "Actual Total Time": 388.778,
                  "Actual Rows": 10380,
                  "Actual Loops": 4,
                  "Inner Unique": false,
                  "Plans": [
                    {
                      "Node Type": "Hash Join",
                      "Parent Relationship": "Outer",
                      "Parallel Aware": true,
                      "Join Type": "Inner",
                      "Startup Cost": 47305.9,
                      "Total Cost": 79046.13,
                      "Plan Rows": 28654,
                      "Plan Width": 8,
                      "Actual Startup Time": 209.906,
                      "Actual Total Time": 271.035,
                      "Actual Rows": 15694,
                      "Actual Loops": 4,
                      "Inner Unique": true,
                      "Hash Cond": "(mc.movie_id = t.id)",
                      "Plans": [
                        {
                          "Node Type": "Seq Scan",
                          "Parent Relationship": "Outer",
                          "Parallel Aware": true,
                          "Relation Name": "movie_companies",
                          "Alias": "mc",
                          "Startup Cost": 0.0,
                          "Total Cost": 31414.82,
                          "Plan Rows": 123966,
                          "Plan Width": 4,
                          "Actual Startup Time": 38.204,
                          "Actual Total Time": 75.18,
                          "Actual Rows": 55727,
                          "Actual Loops": 4,
                          "Filter": "((company_id < 1465) AND (company_type_id > 1))",
                          "Rows Removed by Filter": 596555
                        },
                        {
                          "Node Type": "Hash",
                          "Parent Relationship": "Inner",
                          "Parallel Aware": true,
                          "Startup Cost": 45479.59,
                          "Total Cost": 45479.59,
                          "Plan Rows": 146105,
                          "Plan Width": 4,
                          "Actual Startup Time": 168.225,
                          "Actual Total Time": 168.226,
                          "Actual Rows": 121592,
                          "Actual Loops": 4,
                          "Hash Buckets": 1048576,
                          "Original Hash Buckets": 1048576,
                          "Hash Batches": 1,
                          "Original Hash Batches": 1,
                          "Peak Memory Usage": 27296,
                          "Plans": [
                            {
                              "Node Type": "Seq Scan",
                              "Parent Relationship": "Outer",
                              "Parallel Aware": true,
                              "Relation Name": "title",
                              "Alias": "t",
                              "Startup Cost": 0.0,
                              "Total Cost": 45479.59,
                              "Plan Rows": 146105,
                              "Plan Width": 4,
                              "Actual Startup Time": 0.039,
                              "Actual Total Time": 116.36,
                              "Actual Rows": 121592,
                              "Actual Loops": 4,
                              "Filter": "((production_year < 1999) AND (kind_id = 7))",
                              "Rows Removed by Filter": 510486
                            }
                          ]
                        }
                      ]
                    },
                    {
                      "Node Type": "Index Scan",
                      "Parent Relationship": "Inner",
                      "Parallel Aware": false,
                      "Scan Direction": "Forward",
                      "Index Name": "movie_id_movie_info",
                      "Relation Name": "movie_info",
                      "Alias": "mi",
                      "Startup Cost": 0.43,
                      "Total Cost": 2.73,
                      "Plan Rows": 2,
                      "Plan Width": 4,
                      "Actual Startup Time": 0.004,
                      "Actual Total Time": 0.007,
                      "Actual Rows": 1,
                      "Actual Loops": 62775,
                      "Index Cond": "(movie_id = t.id)",
                      "Rows Removed by Index Recheck": 0,
                      "Filter": "(info_type_id < 2)",
                      "Rows Removed by Filter": 8
                    }
                  ]
                }
              ]
            }
          ]
        }
      ]
    },
    "Planning Time": 1.104,
    "Triggers": [],
    "Execution Time": 430.185
  }
]