[
  {
    "Plan": {
      "Node Type": "Aggregate",
      "Strategy": "Plain",
      "Partial Mode": "Finalize",
      "Parallel Aware": false,
      "Startup Cost": 119280.97,
      "Total Cost": 119280.98,
      "Plan Rows": 1,
      "Plan Width": 8,
      "Actual Startup Time": 611.344,
      "Actual Total Time": 629.646,
      "Actual Rows": 1,
      "Actual Loops": 1,
      "Plans": [
        {
          "Node Type": "Gather",
          "Parent Relationship": "Outer",
          "Parallel Aware": false,
          "Startup Cost": 119280.65,
          "Total Cost": 119280.96,
          "Plan Rows": 3,
          "Plan Width": 8,
          "Actual Startup Time": 598.377,
          "Actual Total Time": 629.637,
          "Actual Rows": 4,
          "Actual Loops": 1,
          "Workers Planned": 3,
          "Workers Launched": 3,
          "Single Copy": false,
          "Plans": [
            {
              "Node Type": "Aggregate",
              "Strategy": "Plain",
              "Partial Mode": "Partial",
              "Parent Relationship": "Outer",
              "Parallel Aware": false,
              "Startup Cost": 118280.65,
              "Total Cost": 118280.66,
              "Plan Rows": 1,
              "Plan Width": 8,
              "Actual Startup Time": 593.525,
              "Actual Total Time": 593.53,
              "Actual Rows": 1,
              "Actual Loops": 4,
              "Plans": [
                {
                  "Node Type": "Hash Join",
                  "Parent Relationship": "Outer",
                  "Parallel Aware": true,
                  "Join Type": "Inner",
                  "Startup Cost": 85674.0,
                  "Total Cost": 118186.64,
                  "Plan Rows": 37603,
                  "Plan Width": 0,
                  "Actual Startup Time": 530.801,
                  "Actual Total Time": 591.017,
                  "Actual Rows": 55807,
                  "Actual Loops": 4,
                  "Inner Unique": false,
                  "Hash Cond": "(mc.movie_id = t.id)",
                  "Plans": [
                    {
                      "Node Type": "Seq Scan",
                      "Parent Relationship": "Outer",
                      "Parallel Aware": true,
                      "Relation Name": "movie_companies",
                      "Alias": "mc",
                      "Startup Cost": 0.0,
                      "Total Cost": 31414.82,
                      "Plan Rows": 260407,
                      "Plan Width": 4,
                      "Actual Startup Time": 31.211,
                      "Actual Total Time": 63.823,
                      "Actual Rows": 126847,
                      "Actual Loops": 4,
                      "Filter": "((company_id < 15820) AND (company_type_id = 2))",
                      "Rows Removed by Filter": 525436
                    },
                    {
                      "Node Type": "Hash",
                      "Parent Relationship": "Inner",
                      "Parallel Aware": true,
                      "Startup Cost": 84201.79,
                      "Total Cost": 84201.79,
                      "Plan Rows": 117777,
                      "Plan Width": 8,
                      "Actual Startup Time": 496.512,
                      "Actual Total Time": 496.516,
                      "Actual Rows": 90821,
                      "Actual Loops": 4,
                      "Hash Buckets": 524288,
                      "Original Hash Buckets": 524288,
                      "Hash Batches": 1,
                      "Original Hash Batches": 1,
                      "Peak Memory Usage": 18400,
                      "Plans": [
                        {
                          "Node Type": "Hash Join",
                          "Parent Relationship": "Outer",
                          "Parallel Aware": true,
                          "Join Type": "Inner",
                          "Startup Cost": 57966.41,
                          "Total Cost": 84201.79,
                          "Plan Rows": 117777,
                          "Plan Width": 8,
                          "Actual Startup Time": 380.554,
                          "Actual Total Time": 464.865,
                          "Actual Rows": 90821,
                          "Actual Loops": 4,
                          "Inner Unique": true,
                          "Hash Cond": "(mk.movie_id = t.id)",
                          "Plans": [
                            {
                              "Node Type": "Bitmap Heap Scan",
                              "Parent Relationship": "Outer",
                              "Parallel Aware": true,
                              "Relation Name": "movie_keyword",
                              "Alias": "mk",
                              "Startup Cost": 7746.03,
                              "Total Cost": 33672.24,
                              "Plan Rows": 117777,
                              "Plan Width": 4,
                              "Actual Startup Time": 24.271,
                              "Actual Total Time": 66.574,
                              "Actual Rows": 90821,
                              "Actual Loops": 4,
                              "Recheck Cond": "(keyword_id < 334)",
                              "Rows Removed by Index Recheck": 0,
                              "Exact Heap Blocks": 7274,
                              "Lossy Heap Blocks": 0,
                              "Plans": [
                                {
                                  "Node Type": "Bitmap Index Scan",
                                  "Parent Relationship": "Outer",
                                  "Parallel Aware": false,
                                  "Index Name": "keyword_id_movie_keyword",
                                  "Startup Cost": 0.0,
                                  "Total Cost": 7654.75,
                                  "Plan Rows": 365109,
                                  "Plan Width": 0,
                                  "Actual Startup Time": 20.695,
                                  "Actual Total Time": 20.696,
                                  "Actual Rows": 363285,
                                  "Actual Loops": 1,
                                  "Index Cond": "(keyword_id < 334)"
                                }
                              ]
                            },
                            {
                              "Node Type": "Hash",
                              "Parent Relationship": "Inner",
                              "Parallel Aware": true,
                              "Startup Cost": 42319.06,
                              "Total Cost": 42319.06,
                              "Plan Rows": 632106,
                              "Plan Width": 4,
                              "Actual Startup Time": 346.953,
                              "Actual Total Time": 346.954,
                              "Actual Rows": 632078,
                              "Actual Loops": 4,
                              "Hash Buckets": 4194304,
                              "Original Hash Buckets": 4194304,
                              "Hash Batches": 1,
                              "Original Hash Batches": 1,
                              "Peak Memory Usage": 131744,
                              "Plans": [
                                {
                                  "Node Type": "Seq Scan",
                                  "Parent Relationship": "Outer",
                                  "Parallel Aware": true,
                                  "Relation Name": "title",
                                  "Alias": "t",
                                  "Startup Cost": 0.0,
                                  "Total Cost": 42319.06,
                                  "Plan Rows": 632106,
                                  "Plan Width": 4,
                                  "Actual Startup Time": 0.054,
                                  "Actual Total Time": 99.943,
                                  "Actual Rows": 632078,
                                  "Actual Loops": 4
                                }
                              ]
                            }
                          ]
                        }
                      ]
                    }
                  ]
                }
              ]
            }
          ]
        }
      ]
    },
    "Planning Time": 1.241,
    "Triggers": [],
    "Execution Time": 629.737
  }
]