[
  {
    "Plan": {
      "Node Type": "Aggregate",
      "Strategy": "Plain",
      "Partial Mode": "Finalize",
      "Parallel Aware": false,
      "Startup Cost": 80362.25,
      "Total Cost": 80362.26,
      "Plan Rows": 1,
      "Plan Width": 8,
      "Actual Startup Time": 254.902,
      "Actual Total Time": 271.051,
      "Actual Rows": 1,
      "Actual Loops": 1,
      "Plans": [
        {
          "Node Type": "Gather",
          "Parent Relationship": "Outer",
          "Parallel Aware": false,
          "Startup Cost": 80361.93,
          "Total Cost": 80362.24,
          "Plan Rows": 3,
          "Plan Width": 8,
          "Actual Startup Time": 252.375,
          "Actual Total Time": 271.041,
          "Actual Rows": 4,
          "Actual Loops": 1,
          "Workers Planned": 3,
          "Workers Launched": 3,
          "Single Copy": false,
          "Plans": [
            {
              "Node Type": "Aggregate",
              "Strategy": "Plain",
              "Partial Mode": "Partial",
              "Parent Relationship": "Outer",
              "Parallel Aware": false,
              "Startup Cost": 79361.93,
              "Total Cost": 79361.94,
              "Plan Rows": 1,
              "Plan Width": 8,
              "Actual Startup Time": 246.014,
              "Actual Total Time": 246.018,
              "Actual Rows": 1,
              "Actual Loops": 4,
              "Plans": [
                {
                  "Node Type": "Hash Join",
                  "Parent Relationship": "Outer",
                  "Parallel Aware": true,
                  "Join Type": "Inner",
                  "Startup Cost": 47208.04,
                  "Total Cost": 79234.5,
                  "Plan Rows": 50972,
                  "Plan Width": 0,
                  "Actual Startup Time": 159.512,
                  "Actual Total Time": 245.989,
                  "Actual Rows": 273,
                  "Actual Loops": 4,
                  "Inner Unique": true,
                  "Hash Cond": "(mc.movie_id = t.id)",
                  "Plans": [
                    {
                      "Node Type": "Seq Scan",
                      "Parent Relationship": "Outer",
                      "Parallel Aware": true,
                      "Relation Name": "movie_companies",
                      "Alias": "mc",
                      "Startup Cost": 0.0,
                      "Total Cost": 31414.82,
                      "Plan Rows": 233008,
                      "Plan Width": 4,
                      "Actual Startup Time": 6.249,
                      "Actual Total Time": 67.603,
                      "Actual Rows": 126279,
                      "Actual Loops": 4,
                      "Filter": "((company_id > 8579) AND (company_type_id = 1))",
                      "Rows Removed by Filter": 526003
                    },
                    {
                      "Node Type": "Hash",
                      "Parent Relationship": "Inner",
                      "Parallel Aware": true,
                      "Startup Cost": 45479.59,
                      "Total Cost": 45479.59,
                      "Plan Rows": 138276,
                      "Plan Width": 4,
                      "Actual Startup Time": 148.708,
                      "Actual Total Time": 148.709,
                      "Actual Rows": 113558,
                      "Actual Loops": 4,
                      "Hash Buckets": 1048576,
                      "Original Hash Buckets": 1048576,
                      "Hash Batches": 1,
                      "Original Hash Batches": 1,
                      "Peak Memory Usage": 26016,
                      "Plans": [
                        {
                          "Node Type": "Seq Scan",
                          "Parent Relationship": "Outer",
                          "Parallel Aware": true,
                          "Relation Name": "title",
                          "Alias": "t",
                          "Startup Cost": 0.0,
                          "Total Cost": 45479.59,
                          "Plan Rows": 138276,
                          "Plan Width": 4,
                          "Actual Startup Time": 0.026,
                          "Actual Total Time": 101.362,
                          "Actual Rows": 113558,
                          "Actual Loops": 4,
                          "Filter": "((production_year < 1998) AND (kind_id = 7))",
                          "Rows Removed by Filter": 518520
                        }
                      ]
                    }
                  ]
                }
              ]
            }
          ]
        }
      ]
    },
    "Planning Time": 0.51,
    "Triggers": [],
    "Execution Time": 271.105
  }
]