{
  "Plan": {
    "Node Type": "Aggregate",
    "Strategy": "Plain",
    "Partial Mode": "Finalize",
    "Parallel Aware": false,
    "Startup Cost": 672423.77,
    "Total Cost": 672423.78,
    "Plan Rows": 1,
    "Plan Width": 8,
    "Actual Startup Time": 4043.206,
    "Actual Total Time": 4111.576,
    "Actual Rows": 1,
    "Actual Loops": 1,
    "Plans": [
      {
        "Node Type": "Gather",
        "Parent Relationship": "Outer",
        "Parallel Aware": false,
        "Startup Cost": 672423.66,
        "Total Cost": 672423.77,
        "Plan Rows": 1,
        "Plan Width": 8,
        "Actual Startup Time": 4041.4,
        "Actual Total Time": 4111.567,
        "Actual Rows": 2,
        "Actual Loops": 1,
        "Workers Planned": 1,
        "Workers Launched": 1,
        "Single Copy": false,
        "Plans": [
          {
            "Node Type": "Aggregate",
            "Strategy": "Plain",
            "Partial Mode": "Partial",
            "Parent Relationship": "Outer",
            "Parallel Aware": false,
            "Startup Cost": 671423.66,
            "Total Cost": 671423.67,
            "Plan Rows": 1,
            "Plan Width": 8,
            "Actual Startup Time": 4034.953,
            "Actual Total Time": 4034.959,
            "Actual Rows": 1,
            "Actual Loops": 2,
            "Plans": [
              {
                "Node Type": "Hash Join",
                "Parent Relationship": "Outer",
                "Parallel Aware": true,
                "Join Type": "Inner",
                "Startup Cost": 101432.28,
                "Total Cost": 664181.15,
                "Plan Rows": 2897003,
                "Plan Width": 0,
                "Actual Startup Time": 476.825,
                "Actual Total Time": 3941.049,
                "Actual Rows": 2202260,
                "Actual Loops": 2,
                "Inner Unique": false,
                "Hash Cond": "(ci.movie_id = t.id)",
                "Plans": [
                  {
                    "Node Type": "Seq Scan",
                    "Parent Relationship": "Outer",
                    "Parallel Aware": true,
                    "Relation Name": "cast_info",
                    "Alias": "ci",
                    "Startup Cost": 0.0,
                    "Total Cost": 465792.95,
                    "Plan Rows": 21310595,
                    "Plan Width": 4,
                    "Actual Startup Time": 0.016,
                    "Actual Total Time": 1298.508,
                    "Actual Rows": 18122172,
                    "Actual Loops": 2
                  },
                  {
                    "Node Type": "Hash",
                    "Parent Relationship": "Inner",
                    "Parallel Aware": true,
                    "Startup Cost": 98905.06,
                    "Total Cost": 98905.06,
                    "Plan Rows": 202177,
                    "Plan Width": 8,
                    "Actual Startup Time": 471.361,
                    "Actual Total Time": 471.365,
                    "Actual Rows": 83688,
                    "Actual Loops": 2,
                    "Hash Buckets": 524288,
                    "Original Hash Buckets": 524288,
                    "Hash Batches": 1,
                    "Original Hash Batches": 1,
                    "Peak Memory Usage": 10688,
                    "Plans": [
                      {
                        "Node Type": "Hash Join",
                        "Parent Relationship": "Outer",
                        "Parallel Aware": true,
                        "Join Type": "Inner",
                        "Startup Cost": 36604.02,
                        "Total Cost": 98905.06,
                        "Plan Rows": 202177,
                        "Plan Width": 8,
                        "Actual Startup Time": 130.821,
                        "Actual Total Time": 446.551,
                        "Actual Rows": 83688,
                        "Actual Loops": 2,
                        "Inner Unique": false,
                        "Hash Cond": "(t.id = mc.movie_id)",
                        "Plans": [
                          {
                            "Node Type": "Seq Scan",
                            "Parent Relationship": "Outer",
                            "Parallel Aware": true,
                            "Relation Name": "title",
                            "Alias": "t",
                            "Startup Cost": 0.0,
                            "Total Cost": 54588.39,
                            "Plan Rows": 1043739,
                            "Plan Width": 4,
                            "Actual Startup Time": 0.014,
                            "Actual Total Time": 141.955,
                            "Actual Rows": 887318,
                            "Actual Loops": 2,
                            "Filter": "(kind_id > 2)",
                            "Rows Removed by Filter": 376838
                          },
                          {
                            "Node Type": "Hash",
                            "Parent Relationship": "Inner",
                            "Parallel Aware": true,
                            "Startup Cost": 33002.97,
                            "Total Cost": 33002.97,
                            "Plan Rows": 288084,
                            "Plan Width": 4,
                            "Actual Startup Time": 127.085,
                            "Actual Total Time": 127.087,
                            "Actual Rows": 248484,
                            "Actual Loops": 2,
                            "Hash Buckets": 524288,
                            "Original Hash Buckets": 524288,
                            "Hash Batches": 1,
                            "Original Hash Batches": 1,
                            "Peak Memory Usage": 23584,
                            "Plans": [
                              {
                                "Node Type": "Bitmap Heap Scan",
                                "Parent Relationship": "Outer",
                                "Parallel Aware": true,
                                "Relation Name": "movie_companies",
                                "Alias": "mc",
                                "Startup Cost": 10611.93,
                                "Total Cost": 33002.97,
                                "Plan Rows": 288084,
                                "Plan Width": 4,
                                "Actual Startup Time": 30.1,
                                "Actual Total Time": 76.713,
                                "Actual Rows": 248484,
                                "Actual Loops": 2,
                                "Recheck Cond": "(company_id > 74347)",
                                "Rows Removed by Index Recheck": 0,
                                "Exact Heap Blocks": 4633,
                                "Lossy Heap Blocks": 0,
                                "Plans": [
                                  {
                                    "Node Type": "Bitmap Index Scan",
                                    "Parent Relationship": "Outer",
                                    "Parallel Aware": false,
                                    "Index Name": "company_id_movie_companies",
                                    "Startup Cost": 0.0,
                                    "Total Cost": 10489.5,
                                    "Plan Rows": 489742,
                                    "Plan Width": 0,
                                    "Actual Startup Time": 29.026,
                                    "Actual Total Time": 29.026,
                                    "Actual Rows": 496967,
                                    "Actual Loops": 1,
                                    "Index Cond": "(company_id > 74347)"
                                  }
                                ]
                              }
                            ]
                          }
                        ]
                      }
                    ]
                  }
                ]
              }
            ]
          }
        ]
      }
    ]
  },
  "Planning Time": 1.047,
  "Triggers": [],
  "Execution Time": 4111.699
}