[
  {
    "Plan": {
      "Node Type": "Aggregate",
      "Strategy": "Plain",
      "Partial Mode": "Finalize",
      "Parallel Aware": false,
      "Startup Cost": 107946.24,
      "Total Cost": 107946.25,
      "Plan Rows": 1,
      "Plan Width": 8,
      "Actual Startup Time": 887.116,
      "Actual Total Time": 912.727,
      "Actual Rows": 1,
      "Actual Loops": 1,
      "Plans": [
        {
          "Node Type": "Gather",
          "Parent Relationship": "Outer",
          "Parallel Aware": false,
          "Startup Cost": 107945.92,
          "Total Cost": 107946.23,
          "Plan Rows": 3,
          "Plan Width": 8,
          "Actual Startup Time": 870.871,
          "Actual Total Time": 912.716,
          "Actual Rows": 4,
          "Actual Loops": 1,
          "Workers Planned": 3,
          "Workers Launched": 3,
          "Single Copy": false,
          "Plans": [
            {
              "Node Type": "Aggregate",
              "Strategy": "Plain",
              "Partial Mode": "Partial",
              "Parent Relationship": "Outer",
              "Parallel Aware": false,
              "Startup Cost": 106945.92,
              "Total Cost": 106945.93,
              "Plan Rows": 1,
              "Plan Width": 8,
              "Actual Startup Time": 858.614,
              "Actual Total Time": 859.572,
              "Actual Rows": 1,
              "Actual Loops": 4,
              "Plans": [
                {
                  "Node Type": "Hash Join",
                  "Parent Relationship": "Outer",
                  "Parallel Aware": true,
                  "Join Type": "Inner",
                  "Startup Cost": 73342.58,
                  "Total Cost": 106176.17,
                  "Plan Rows": 307903,
                  "Plan Width": 0,
                  "Actual Startup Time": 596.58,
                  "Actual Total Time": 827.798,
                  "Actual Rows": 708278,
                  "Actual Loops": 4,
                  "Inner Unique": false,
                  "Hash Cond": "(mc.movie_id = t.id)",
                  "Plans": [
                    {
                      "Node Type": "Seq Scan",
                      "Parent Relationship": "Outer",
                      "Parallel Aware": true,
                      "Relation Name": "movie_companies",
                      "Alias": "mc",
                      "Startup Cost": 0.0,
                      "Total Cost": 29310.68,
                      "Plan Rows": 597328,
                      "Plan Width": 4,
                      "Actual Startup Time": 0.45,
                      "Actual Total Time": 75.987,
                      "Actual Rows": 464544,
                      "Actual Loops": 4,
                      "Filter": "(company_id > 1461)",
                      "Rows Removed by Filter": 187738
                    },
                    {
                      "Node Type": "Hash",
                      "Parent Relationship": "Inner",
                      "Parallel Aware": true,
                      "Startup Cost": 66554.8,
                      "Total Cost": 66554.8,
                      "Plan Rows": 543022,
                      "Plan Width": 8,
                      "Actual Startup Time": 588.401,
                      "Actual Total Time": 589.358,
                      "Actual Rows": 341261,
                      "Actual Loops": 4,
                      "Hash Buckets": 2097152,
                      "Original Hash Buckets": 2097152,
                      "Hash Batches": 1,
                      "Original Hash Batches": 1,
                      "Peak Memory Usage": 69824,
                      "Plans": [
                        {
                          "Node Type": "Hash Join",
                          "Parent Relationship": "Outer",
                          "Parallel Aware": true,
                          "Join Type": "Inner",
                          "Startup Cost": 51360.24,
                          "Total Cost": 66554.8,
                          "Plan Rows": 543022,
                          "Plan Width": 8,
                          "Actual Startup Time": 363.017,
                          "Actual Total Time": 498.052,
                          "Actual Rows": 341261,
                          "Actual Loops": 4,
                          "Inner Unique": true,
                          "Hash Cond": "(mi_idx.movie_id = t.id)",
                          "Plans": [
                            {
                              "Node Type": "Seq Scan",
                              "Parent Relationship": "Outer",
                              "Parallel Aware": true,
                              "Relation Name": "movie_info_idx",
                              "Alias": "mi_idx",
                              "Startup Cost": 0.0,
                              "Total Cost": 13685.15,
                              "Plan Rows": 575015,
                              "Plan Width": 4,
                              "Actual Startup Time": 0.029,
                              "Actual Total Time": 32.714,
                              "Actual Rows": 345009,
                              "Actual Loops": 4
                            },
                            {
                              "Node Type": "Hash",
                              "Parent Relationship": "Inner",
                              "Parallel Aware": true,
                              "Startup Cost": 43898.92,
                              "Total Cost": 43898.92,
                              "Plan Rows": 596906,
                              "Plan Width": 4,
                              "Actual Startup Time": 356.447,
                              "Actual Total Time": 356.448,
                              "Actual Rows": 597219,
                              "Actual Loops": 4,
                              "Hash Buckets": 4194304,
                              "Original Hash Buckets": 4194304,
                              "Hash Batches": 1,
                              "Original Hash Batches": 1,
                              "Peak Memory Usage": 126272,
                              "Plans": [
                                {
                                  "Node Type": "Seq Scan",
                                  "Parent Relationship": "Outer",
                                  "Parallel Aware": true,
                                  "Relation Name": "title",
                                  "Alias": "t",
                                  "Startup Cost": 0.0,
                                  "Total Cost": 43898.92,
                                  "Plan Rows": 596906,
                                  "Plan Width": 4,
                                  "Actual Startup Time": 0.041,
                                  "Actual Total Time": 121.45,
                                  "Actual Rows": 597219,
                                  "Actual Loops": 4,
                                  "Filter": "(production_year < 2013)",
                                  "Rows Removed by Filter": 34859
                                }
                              ]
                            }
                          ]
                        }
                      ]
                    }
                  ]
                }
              ]
            }
          ]
        }
      ]
    },
    "Planning Time": 1.443,
    "Triggers": [],
    "Execution Time": 912.805
  }
]