[
  {
    "Plan": {
      "Node Type": "Aggregate",
      "Strategy": "Plain",
      "Partial Mode": "Finalize",
      "Parallel Aware": false,
      "Startup Cost": 24918.03,
      "Total Cost": 24918.04,
      "Plan Rows": 1,
      "Plan Width": 8,
      "Actual Startup Time": 53.134,
      "Actual Total Time": 57.545,
      "Actual Rows": 1,
      "Actual Loops": 1,
      "Plans": [
        {
          "Node Type": "Gather",
          "Parent Relationship": "Outer",
          "Parallel Aware": false,
          "Startup Cost": 24917.72,
          "Total Cost": 24918.03,
          "Plan Rows": 3,
          "Plan Width": 8,
          "Actual Startup Time": 52.971,
          "Actual Total Time": 57.538,
          "Actual Rows": 4,
          "Actual Loops": 1,
          "Workers Planned": 3,
          "Workers Launched": 3,
          "Single Copy": false,
          "Plans": [
            {
              "Node Type": "Aggregate",
              "Strategy": "Plain",
              "Partial Mode": "Partial",
              "Parent Relationship": "Outer",
              "Parallel Aware": false,
              "Startup Cost": 23917.72,
              "Total Cost": 23917.73,
              "Plan Rows": 1,
              "Plan Width": 8,
              "Actual Startup Time": 45.116,
              "Actual Total Time": 45.117,
              "Actual Rows": 1,
              "Actual Loops": 4,
              "Plans": [
                {
                  "Node Type": "Bitmap Heap Scan",
                  "Parent Relationship": "Outer",
                  "Parallel Aware": true,
                  "Relation Name": "movie_companies",
                  "Alias": "mc",
                  "Startup Cost": 4191.67,
                  "Total Cost": 23761.71,
                  "Plan Rows": 62403,
                  "Plan Width": 0,
                  "Actual Startup Time": 14.032,
                  "Actual Total Time": 41.229,
                  "Actual Rows": 46984,
                  "Actual Loops": 4,
                  "Recheck Cond": "(company_id > 117407)",
                  "Rows Removed by Index Recheck": 0,
                  "Exact Heap Blocks": 2604,
                  "Lossy Heap Blocks": 0,
                  "Plans": [
                    {
                      "Node Type": "Bitmap Index Scan",
                      "Parent Relationship": "Outer",
                      "Parallel Aware": false,
                      "Index Name": "company_id_movie_companies",
                      "Startup Cost": 0.0,
                      "Total Cost": 4143.31,
                      "Plan Rows": 193450,
                      "Plan Width": 0,
                      "Actual Startup Time": 20.168,
                      "Actual Total Time": 20.169,
                      "Actual Rows": 187938,
                      "Actual Loops": 1,
                      "Index Cond": "(company_id > 117407)"
                    }
                  ]
                }
              ]
            }
          ]
        }
      ]
    },
    "Planning Time": 0.189,
    "Triggers": [],
    "Execution Time": 57.628
  }
]