{
  "Plan": {
    "Node Type": "Aggregate",
    "Strategy": "Plain",
    "Partial Mode": "Finalize",
    "Parallel Aware": false,
    "Startup Cost": 142605.41,
    "Total Cost": 142605.42,
    "Plan Rows": 1,
    "Plan Width": 8,
    "Actual Startup Time": 956.823,
    "Actual Total Time": 979.073,
    "Actual Rows": 1,
    "Actual Loops": 1,
    "Plans": [
      {
        "Node Type": "Gather",
        "Parent Relationship": "Outer",
        "Parallel Aware": false,
        "Startup Cost": 142605.3,
        "Total Cost": 142605.41,
        "Plan Rows": 1,
        "Plan Width": 8,
        "Actual Startup Time": 951.046,
        "Actual Total Time": 979.063,
        "Actual Rows": 2,
        "Actual Loops": 1,
        "Workers Planned": 1,
        "Workers Launched": 1,
        "Single Copy": false,
        "Plans": [
          {
            "Node Type": "Aggregate",
            "Strategy": "Plain",
            "Partial Mode": "Partial",
            "Parent Relationship": "Outer",
            "Parallel Aware": false,
            "Startup Cost": 141605.3,
            "Total Cost": 141605.31,
            "Plan Rows": 1,
            "Plan Width": 8,
            "Actual Startup Time": 937.495,
            "Actual Total Time": 937.501,
            "Actual Rows": 1,
            "Actual Loops": 2,
            "Plans": [
              {
                "Node Type": "Hash Join",
                "Parent Relationship": "Outer",
                "Parallel Aware": true,
                "Join Type": "Inner",
                "Startup Cost": 100779.86,
                "Total Cost": 141327.28,
                "Plan Rows": 111208,
                "Plan Width": 0,
                "Actual Startup Time": 660.563,
                "Actual Total Time": 904.792,
                "Actual Rows": 824234,
                "Actual Loops": 2,
                "Inner Unique": false,
                "Hash Cond": "(mc.movie_id = t.id)",
                "Plans": [
                  {
                    "Node Type": "Seq Scan",
                    "Parent Relationship": "Outer",
                    "Parallel Aware": true,
                    "Relation Name": "movie_companies",
                    "Alias": "mc",
                    "Startup Cost": 0.0,
                    "Total Cost": 34137.82,
                    "Plan Rows": 1534782,
                    "Plan Width": 4,
                    "Actual Startup Time": 0.013,
                    "Actual Total Time": 94.501,
                    "Actual Rows": 1304564,
                    "Actual Loops": 2
                  },
                  {
                    "Node Type": "Hash",
                    "Parent Relationship": "Inner",
                    "Parallel Aware": true,
                    "Startup Cost": 99432.82,
                    "Total Cost": 99432.82,
                    "Plan Rows": 107763,
                    "Plan Width": 8,
                    "Actual Startup Time": 618.357,
                    "Actual Total Time": 618.362,
                    "Actual Rows": 89282,
                    "Actual Loops": 2,
                    "Hash Buckets": 262144,
                    "Original Hash Buckets": 262144,
                    "Hash Batches": 1,
                    "Original Hash Batches": 1,
                    "Peak Memory Usage": 9088,
                    "Plans": [
                      {
                        "Node Type": "Hash Join",
                        "Parent Relationship": "Outer",
                        "Parallel Aware": true,
                        "Join Type": "Inner",
                        "Startup Cost": 73348.91,
                        "Total Cost": 99432.82,
                        "Plan Rows": 107763,
                        "Plan Width": 8,
                        "Actual Startup Time": 530.6,
                        "Actual Total Time": 597.514,
                        "Actual Rows": 89282,
                        "Actual Loops": 2,
                        "Inner Unique": true,
                        "Hash Cond": "(mk.movie_id = t.id)",
                        "Plans": [
                          {
                            "Node Type": "Bitmap Heap Scan",
                            "Parent Relationship": "Outer",
                            "Parallel Aware": true,
                            "Relation Name": "movie_keyword",
                            "Alias": "mk",
                            "Startup Cost": 3888.21,
                            "Total Cost": 29689.25,
                            "Plan Rows": 107763,
                            "Plan Width": 4,
                            "Actual Startup Time": 13.351,
                            "Actual Total Time": 52.823,
                            "Actual Rows": 89282,
                            "Actual Loops": 2,
                            "Recheck Cond": "(keyword_id > 71708)",
                            "Rows Removed by Index Recheck": 0,
                            "Exact Heap Blocks": 11456,
                            "Lossy Heap Blocks": 0,
                            "Plans": [
                              {
                                "Node Type": "Bitmap Index Scan",
                                "Parent Relationship": "Outer",
                                "Parallel Aware": false,
                                "Index Name": "keyword_id_movie_keyword",
                                "Startup Cost": 0.0,
                                "Total Cost": 3842.41,
                                "Plan Rows": 183197,
                                "Plan Width": 0,
                                "Actual Startup Time": 10.435,
                                "Actual Total Time": 10.436,
                                "Actual Rows": 178564,
                                "Actual Loops": 1,
                                "Index Cond": "(keyword_id > 71708)"
                              }
                            ]
                          },
                          {
                            "Node Type": "Hash",
                            "Parent Relationship": "Inner",
                            "Parallel Aware": true,
                            "Startup Cost": 50870.31,
                            "Total Cost": 50870.31,
                            "Plan Rows": 1487231,
                            "Plan Width": 4,
                            "Actual Startup Time": 498.729,
                            "Actual Total Time": 498.731,
                            "Actual Rows": 1264156,
                            "Actual Loops": 2,
                            "Hash Buckets": 4194304,
                            "Original Hash Buckets": 4194304,
                            "Hash Batches": 1,
                            "Original Hash Batches": 1,
                            "Peak Memory Usage": 131680,
                            "Plans": [
                              {
                                "Node Type": "Seq Scan",
                                "Parent Relationship": "Outer",
                                "Parallel Aware": true,
                                "Relation Name": "title",
                                "Alias": "t",
                                "Startup Cost": 0.0,
                                "Total Cost": 50870.31,
                                "Plan Rows": 1487231,
                                "Plan Width": 4,
                                "Actual Startup Time": 0.028,
                                "Actual Total Time": 151.012,
                                "Actual Rows": 1264156,
                                "Actual Loops": 2
                              }
                            ]
                          }
                        ]
                      }
                    ]
                  }
                ]
              }
            ]
          }
        ]
      }
    ]
  },
  "Planning Time": 1.062,
  "Triggers": [],
  "Execution Time": 979.172
}