[
  {
    "Plan": {
      "Node Type": "Aggregate",
      "Strategy": "Plain",
      "Partial Mode": "Finalize",
      "Parallel Aware": false,
      "Startup Cost": 125895.98,
      "Total Cost": 125895.99,
      "Plan Rows": 1,
      "Plan Width": 8,
      "Actual Startup Time": 524.431,
      "Actual Total Time": 547.004,
      "Actual Rows": 1,
      "Actual Loops": 1,
      "Plans": [
        {
          "Node Type": "Gather",
          "Parent Relationship": "Outer",
          "Parallel Aware": false,
          "Startup Cost": 125895.67,
          "Total Cost": 125895.98,
          "Plan Rows": 3,
          "Plan Width": 8,
          "Actual Startup Time": 516.325,
          "Actual Total Time": 546.992,
          "Actual Rows": 4,
          "Actual Loops": 1,
          "Workers Planned": 3,
          "Workers Launched": 3,
          "Single Copy": false,
          "Plans": [
            {
              "Node Type": "Aggregate",
              "Strategy": "Plain",
              "Partial Mode": "Partial",
              "Parent Relationship": "Outer",
              "Parallel Aware": false,
              "Startup Cost": 124895.67,
              "Total Cost": 124895.68,
              "Plan Rows": 1,
              "Plan Width": 8,
              "Actual Startup Time": 504.136,
              "Actual Total Time": 504.142,
              "Actual Rows": 1,
              "Actual Loops": 4,
              "Plans": [
                {
                  "Node Type": "Hash Join",
                  "Parent Relationship": "Outer",
                  "Parallel Aware": true,
                  "Join Type": "Inner",
                  "Startup Cost": 92130.99,
                  "Total Cost": 124816.8,
                  "Plan Rows": 31547,
                  "Plan Width": 0,
                  "Actual Startup Time": 437.153,
                  "Actual Total Time": 503.741,
                  "Actual Rows": 6425,
                  "Actual Loops": 4,
                  "Inner Unique": false,
                  "Hash Cond": "(mc.movie_id = t.id)",
                  "Plans": [
                    {
                      "Node Type": "Seq Scan",
                      "Parent Relationship": "Outer",
                      "Parallel Aware": true,
                      "Relation Name": "movie_companies",
                      "Alias": "mc",
                      "Startup Cost": 0.0,
                      "Total Cost": 31414.82,
                      "Plan Rows": 311793,
                      "Plan Width": 4,
                      "Actual Startup Time": 40.601,
                      "Actual Total Time": 84.972,
                      "Actual Rows": 165562,
                      "Actual Loops": 4,
                      "Filter": "((company_id < 43970) AND (company_type_id > 1))",
                      "Rows Removed by Filter": 486720
                    },
                    {
                      "Node Type": "Hash",
                      "Parent Relationship": "Inner",
                      "Parallel Aware": true,
                      "Startup Cost": 91099.42,
                      "Total Cost": 91099.42,
                      "Plan Rows": 82525,
                      "Plan Width": 8,
                      "Actual Startup Time": 394.052,
                      "Actual Total Time": 394.057,
                      "Actual Rows": 14772,
                      "Actual Loops": 4,
                      "Hash Buckets": 262144,
                      "Original Hash Buckets": 262144,
                      "Hash Batches": 1,
                      "Original Hash Batches": 1,
                      "Peak Memory Usage": 4448,
                      "Plans": [
                        {
                          "Node Type": "Hash Join",
                          "Parent Relationship": "Outer",
                          "Parallel Aware": true,
                          "Join Type": "Inner",
                          "Startup Cost": 47594.42,
                          "Total Cost": 91099.42,
                          "Plan Rows": 82525,
                          "Plan Width": 8,
                          "Actual Startup Time": 218.969,
                          "Actual Total Time": 389.216,
                          "Actual Rows": 14772,
                          "Actual Loops": 4,
                          "Inner Unique": true,
                          "Hash Cond": "(mk.movie_id = t.id)",
                          "Plans": [
                            {
                              "Node Type": "Seq Scan",
                              "Parent Relationship": "Outer",
                              "Parallel Aware": true,
                              "Relation Name": "movie_keyword",
                              "Alias": "mk",
                              "Startup Cost": 0.0,
                              "Total Cost": 42695.65,
                              "Plan Rows": 308323,
                              "Plan Width": 4,
                              "Actual Startup Time": 0.034,
                              "Actual Total Time": 117.032,
                              "Actual Rows": 240246,
                              "Actual Loops": 4,
                              "Filter": "(keyword_id < 903)",
                              "Rows Removed by Filter": 890736
                            },
                            {
                              "Node Type": "Hash",
                              "Parent Relationship": "Inner",
                              "Parallel Aware": true,
                              "Startup Cost": 45479.59,
                              "Total Cost": 45479.59,
                              "Plan Rows": 169187,
                              "Plan Width": 4,
                              "Actual Startup Time": 215.207,
                              "Actual Total Time": 215.208,
                              "Actual Rows": 184920,
                              "Actual Loops": 4,
                              "Hash Buckets": 1048576,
                              "Original Hash Buckets": 1048576,
                              "Hash Batches": 1,
                              "Original Hash Batches": 1,
                              "Peak Memory Usage": 37216,
                              "Plans": [
                                {
                                  "Node Type": "Seq Scan",
                                  "Parent Relationship": "Outer",
                                  "Parallel Aware": true,
                                  "Relation Name": "title",
                                  "Alias": "t",
                                  "Startup Cost": 0.0,
                                  "Total Cost": 45479.59,
                                  "Plan Rows": 169187,
                                  "Plan Width": 4,
                                  "Actual Startup Time": 0.061,
                                  "Actual Total Time": 130.884,
                                  "Actual Rows": 184920,
                                  "Actual Loops": 4,
                                  "Filter": "((production_year > 2004) AND (kind_id = 7))",
                                  "Rows Removed by Filter": 447158
                                }
                              ]
                            }
                          ]
                        }
                      ]
                    }
                  ]
                }
              ]
            }
          ]
        }
      ]
    },
    "Planning Time": 1.457,
    "Triggers": [],
    "Execution Time": 547.11
  }
]