[
  {
    "Plan": {
      "Node Type": "Aggregate",
      "Strategy": "Plain",
      "Partial Mode": "Simple",
      "Parallel Aware": false,
      "Startup Cost": 39190.05,
      "Total Cost": 39190.06,
      "Plan Rows": 1,
      "Plan Width": 8,
      "Actual Startup Time": 44.76,
      "Actual Total Time": 44.761,
      "Actual Rows": 1,
      "Actual Loops": 1,
      "Plans": [
        {
          "Node Type": "Bitmap Heap Scan",
          "Parent Relationship": "Outer",
          "Parallel Aware": false,
          "Relation Name": "title",
          "Alias": "t",
          "Startup Cost": 1727.88,
          "Total Cost": 39178.47,
          "Plan Rows": 4632,
          "Plan Width": 0,
          "Actual Startup Time": 8.007,
          "Actual Total Time": 44.416,
          "Actual Rows": 4138,
          "Actual Loops": 1,
          "Recheck Cond": "(kind_id = 3)",
          "Rows Removed by Index Recheck": 0,
          "Filter": "(production_year = 2007)",
          "Rows Removed by Filter": 96399,
          "Exact Heap Blocks": 12707,
          "Lossy Heap Blocks": 0,
          "Plans": [
            {
              "Node Type": "Bitmap Index Scan",
              "Parent Relationship": "Outer",
              "Parallel Aware": false,
              "Index Name": "kind_id_title",
              "Startup Cost": 0.0,
              "Total Cost": 1726.72,
              "Plan Rows": 96839,
              "Plan Width": 0,
              "Actual Startup Time": 5.749,
              "Actual Total Time": 5.75,
              "Actual Rows": 100537,
              "Actual Loops": 1,
              "Index Cond": "(kind_id = 3)"
            }
          ]
        }
      ]
    },
    "Planning Time": 0.171,
    "Triggers": [],
    "Execution Time": 44.821
  }
]