[
  {
    "Plan": {
      "Node Type": "Aggregate",
      "Strategy": "Plain",
      "Partial Mode": "Finalize",
      "Parallel Aware": false,
      "Startup Cost": 144947.43,
      "Total Cost": 144947.44,
      "Plan Rows": 1,
      "Plan Width": 8,
      "Actual Startup Time": 248.237,
      "Actual Total Time": 262.97,
      "Actual Rows": 1,
      "Actual Loops": 1,
      "Plans": [
        {
          "Node Type": "Gather",
          "Parent Relationship": "Outer",
          "Parallel Aware": false,
          "Startup Cost": 144947.32,
          "Total Cost": 144947.43,
          "Plan Rows": 1,
          "Plan Width": 8,
          "Actual Startup Time": 247.083,
          "Actual Total Time": 262.963,
          "Actual Rows": 2,
          "Actual Loops": 1,
          "Workers Planned": 1,
          "Workers Launched": 1,
          "Single Copy": false,
          "Plans": [
            {
              "Node Type": "Aggregate",
              "Strategy": "Plain",
              "Partial Mode": "Partial",
              "Parent Relationship": "Outer",
              "Parallel Aware": false,
              "Startup Cost": 143947.32,
              "Total Cost": 143947.33,
              "Plan Rows": 1,
              "Plan Width": 8,
              "Actual Startup Time": 241.225,
              "Actual Total Time": 241.399,
              "Actual Rows": 1,
              "Actual Loops": 2,
              "Plans": [
                {
                  "Node Type": "Nested Loop",
                  "Parent Relationship": "Outer",
                  "Parallel Aware": false,
                  "Join Type": "Inner",
                  "Startup Cost": 46174.0,
                  "Total Cost": 143942.2,
                  "Plan Rows": 2046,
                  "Plan Width": 0,
                  "Actual Startup Time": 207.261,
                  "Actual Total Time": 240.857,
                  "Actual Rows": 11084,
                  "Actual Loops": 2,
                  "Inner Unique": false,
                  "Plans": [
                    {
                      "Node Type": "Hash Join",
                      "Parent Relationship": "Outer",
                      "Parallel Aware": true,
                      "Join Type": "Inner",
                      "Startup Cost": 46173.56,
                      "Total Cost": 137837.77,
                      "Plan Rows": 2559,
                      "Plan Width": 8,
                      "Actual Startup Time": 207.162,
                      "Actual Total Time": 220.732,
                      "Actual Rows": 2504,
                      "Actual Loops": 2,
                      "Inner Unique": true,
                      "Hash Cond": "(ci.movie_id = t.id)",
                      "Plans": [
                        {
                          "Node Type": "Index Scan",
                          "Parent Relationship": "Outer",
                          "Parallel Aware": true,
                          "Scan Direction": "Forward",
                          "Index Name": "person_id_cast_info",
                          "Relation Name": "cast_info",
                          "Alias": "ci",
                          "Startup Cost": 0.56,
                          "Total Cost": 91588.22,
                          "Plan Rows": 29160,
                          "Plan Width": 4,
                          "Actual Startup Time": 0.043,
                          "Actual Total Time": 5.882,
                          "Actual Rows": 24602,
                          "Actual Loops": 2,
                          "Index Cond": "(person_id < 6052)",
                          "Rows Removed by Index Recheck": 0
                        },
                        {
                          "Node Type": "Hash",
                          "Parent Relationship": "Inner",
                          "Parallel Aware": true,
                          "Startup Cost": 45479.59,
                          "Total Cost": 45479.59,
                          "Plan Rows": 55473,
                          "Plan Width": 4,
                          "Actual Startup Time": 204.428,
                          "Actual Total Time": 204.428,
                          "Actual Rows": 170934,
                          "Actual Loops": 2,
                          "Hash Buckets": 524288,
                          "Original Hash Buckets": 262144,
                          "Hash Batches": 1,
                          "Original Hash Batches": 1,
                          "Peak Memory Usage": 19552,
                          "Plans": [
                            {
                              "Node Type": "Seq Scan",
                              "Parent Relationship": "Outer",
                              "Parallel Aware": true,
                              "Relation Name": "title",
                              "Alias": "t",
                              "Startup Cost": 0.0,
                              "Total Cost": 45479.59,
                              "Plan Rows": 55473,
                              "Plan Width": 4,
                              "Actual Startup Time": 0.057,
                              "Actual Total Time": 149.841,
                              "Actual Rows": 170934,
                              "Actual Loops": 2,
                              "Filter": "((kind_id < 7) AND (production_year < 1985))",
                              "Rows Removed by Filter": 1093222
                            }
                          ]
                        }
                      ]
                    },
                    {
                      "Node Type": "Index Scan",
                      "Parent Relationship": "Inner",
                      "Parallel Aware": false,
                      "Scan Direction": "Forward",
                      "Index Name": "movie_id_movie_keyword",
                      "Relation Name": "movie_keyword",
                      "Alias": "mk",
                      "Startup Cost": 0.43,
                      "Total Cost": 2.18,
                      "Plan Rows": 21,
                      "Plan Width": 4,
                      "Actual Startup Time": 0.006,
                      "Actual Total Time": 0.008,
                      "Actual Rows": 4,
                      "Actual Loops": 5007,
                      "Index Cond": "(movie_id = t.id)",
                      "Rows Removed by Index Recheck": 0,
                      "Filter": "(keyword_id < 3624)",
                      "Rows Removed by Filter": 6
                    }
                  ]
                }
              ]
            }
          ]
        }
      ]
    },
    "Planning Time": 0.773,
    "Triggers": [],
    "Execution Time": 263.031
  }
]