[
  {
    "Plan": {
      "Node Type": "Aggregate",
      "Strategy": "Plain",
      "Partial Mode": "Finalize",
      "Parallel Aware": false,
      "Startup Cost": 149989.19,
      "Total Cost": 149989.2,
      "Plan Rows": 1,
      "Plan Width": 8,
      "Actual Startup Time": 227.703,
      "Actual Total Time": 243.158,
      "Actual Rows": 1,
      "Actual Loops": 1,
      "Plans": [
        {
          "Node Type": "Gather",
          "Parent Relationship": "Outer",
          "Parallel Aware": false,
          "Startup Cost": 149989.08,
          "Total Cost": 149989.19,
          "Plan Rows": 1,
          "Plan Width": 8,
          "Actual Startup Time": 226.452,
          "Actual Total Time": 243.148,
          "Actual Rows": 2,
          "Actual Loops": 1,
          "Workers Planned": 1,
          "Workers Launched": 1,
          "Single Copy": false,
          "Plans": [
            {
              "Node Type": "Aggregate",
              "Strategy": "Plain",
              "Partial Mode": "Partial",
              "Parent Relationship": "Outer",
              "Parallel Aware": false,
              "Startup Cost": 148989.08,
              "Total Cost": 148989.09,
              "Plan Rows": 1,
              "Plan Width": 8,
              "Actual Startup Time": 220.119,
              "Actual Total Time": 220.126,
              "Actual Rows": 1,
              "Actual Loops": 2,
              "Plans": [
                {
                  "Node Type": "Nested Loop",
                  "Parent Relationship": "Outer",
                  "Parallel Aware": false,
                  "Join Type": "Inner",
                  "Startup Cost": 46187.71,
                  "Total Cost": 148983.83,
                  "Plan Rows": 2102,
                  "Plan Width": 0,
                  "Actual Startup Time": 187.851,
                  "Actual Total Time": 219.597,
                  "Actual Rows": 11084,
                  "Actual Loops": 2,
                  "Inner Unique": false,
                  "Plans": [
                    {
                      "Node Type": "Hash Join",
                      "Parent Relationship": "Outer",
                      "Parallel Aware": true,
                      "Join Type": "Inner",
                      "Startup Cost": 46187.28,
                      "Total Cost": 142822.99,
                      "Plan Rows": 2634,
                      "Plan Width": 8,
                      "Actual Startup Time": 187.789,
                      "Actual Total Time": 198.71,
                      "Actual Rows": 2504,
                      "Actual Loops": 2,
                      "Inner Unique": true,
                      "Hash Cond": "(ci.movie_id = t.id)",
                      "Plans": [
                        {
                          "Node Type": "Index Scan",
                          "Parent Relationship": "Outer",
                          "Parallel Aware": true,
                          "Scan Direction": "Forward",
                          "Index Name": "person_id_cast_info",
                          "Relation Name": "cast_info",
                          "Alias": "ci",
                          "Startup Cost": 0.56,
                          "Total Cost": 96559.08,
                          "Plan Rows": 29409,
                          "Plan Width": 4,
                          "Actual Startup Time": 0.146,
                          "Actual Total Time": 4.542,
                          "Actual Rows": 24602,
                          "Actual Loops": 2,
                          "Index Cond": "(person_id < 6052)",
                          "Rows Removed by Index Recheck": 0
                        },
                        {
                          "Node Type": "Hash",
                          "Parent Relationship": "Inner",
                          "Parallel Aware": true,
                          "Startup Cost": 45479.1,
                          "Total Cost": 45479.1,
                          "Plan Rows": 56609,
                          "Plan Width": 4,
                          "Actual Startup Time": 184.377,
                          "Actual Total Time": 184.378,
                          "Actual Rows": 170934,
                          "Actual Loops": 2,
                          "Hash Buckets": 524288,
                          "Original Hash Buckets": 262144,
                          "Hash Batches": 1,
                          "Original Hash Batches": 1,
                          "Peak Memory Usage": 19552,
                          "Plans": [
                            {
                              "Node Type": "Seq Scan",
                              "Parent Relationship": "Outer",
                              "Parallel Aware": true,
                              "Relation Name": "title",
                              "Alias": "t",
                              "Startup Cost": 0.0,
                              "Total Cost": 45479.1,
                              "Plan Rows": 56609,
                              "Plan Width": 4,
                              "Actual Startup Time": 0.112,
                              "Actual Total Time": 143.04,
                              "Actual Rows": 170934,
                              "Actual Loops": 2,
                              "Filter": "((kind_id < 7) AND (production_year < 1985))",
                              "Rows Removed by Filter": 1093222
                            }
                          ]
                        }
                      ]
                    },
                    {
                      "Node Type": "Index Scan",
                      "Parent Relationship": "Inner",
                      "Parallel Aware": false,
                      "Scan Direction": "Forward",
                      "Index Name": "movie_id_movie_keyword",
                      "Relation Name": "movie_keyword",
                      "Alias": "mk",
                      "Startup Cost": 0.43,
                      "Total Cost": 2.14,
                      "Plan Rows": 20,
                      "Plan Width": 4,
                      "Actual Startup Time": 0.007,
                      "Actual Total Time": 0.008,
                      "Actual Rows": 4,
                      "Actual Loops": 5007,
                      "Index Cond": "(movie_id = t.id)",
                      "Rows Removed by Index Recheck": 0,
                      "Filter": "(keyword_id < 3624)",
                      "Rows Removed by Filter": 6
                    }
                  ]
                }
              ]
            }
          ]
        }
      ]
    },
    "Planning Time": 1.46,
    "Triggers": [],
    "Execution Time": 243.271
  }
]