{
    "Plan": {
        "Node Type": "Aggregate",
        "Strategy": "Plain",
        "Partial Mode": "Finalize",
        "Parallel Aware": false,
        "Startup Cost": 310646.62,
        "Total Cost": 310646.63,
        "Plan Rows": 1,
        "Plan Width": 8,
        "Actual Startup Time": 4031.565,
        "Actual Total Time": 4092.136,
        "Actual Rows": 1,
        "Actual Loops": 1,
        "Output": [
            "count(*)"
        ],
        "Plans": [
            {
                "Node Type": "Gather",
                "Parent Relationship": "Outer",
                "Parallel Aware": false,
                "Startup Cost": 310646.1,
                "Total Cost": 310646.61,
                "Plan Rows": 5,
                "Plan Width": 8,
                "Actual Startup Time": 3983.837,
                "Actual Total Time": 4092.114,
                "Actual Rows": 6,
                "Actual Loops": 1,
                "Output": [
                    "(PARTIAL count(*))"
                ],
                "Workers Planned": 5,
                "Workers Launched": 5,
                "Single Copy": false,
                "Plans": [
                    {
                        "Node Type": "Aggregate",
                        "Strategy": "Plain",
                        "Partial Mode": "Partial",
                        "Parent Relationship": "Outer",
                        "Parallel Aware": false,
                        "Startup Cost": 309646.1,
                        "Total Cost": 309646.11,
                        "Plan Rows": 1,
                        "Plan Width": 8,
                        "Actual Startup Time": 3955.649,
                        "Actual Total Time": 3955.66,
                        "Actual Rows": 1,
                        "Actual Loops": 6,
                        "Output": [
                            "PARTIAL count(*)"
                        ],
                        "Workers": [
                            {
                                "Worker Number": 0,
                                "Actual Startup Time": 3949.644,
                                "Actual Total Time": 3949.651,
                                "Actual Rows": 1,
                                "Actual Loops": 1
                            },
                            {
                                "Worker Number": 1,
                                "Actual Startup Time": 3949.676,
                                "Actual Total Time": 3949.683,
                                "Actual Rows": 1,
                                "Actual Loops": 1
                            },
                            {
                                "Worker Number": 2,
                                "Actual Startup Time": 3950.674,
                                "Actual Total Time": 3950.681,
                                "Actual Rows": 1,
                                "Actual Loops": 1
                            },
                            {
                                "Worker Number": 3,
                                "Actual Startup Time": 3950.642,
                                "Actual Total Time": 3950.649,
                                "Actual Rows": 1,
                                "Actual Loops": 1
                            },
                            {
                                "Worker Number": 4,
                                "Actual Startup Time": 3950.553,
                                "Actual Total Time": 3950.564,
                                "Actual Rows": 1,
                                "Actual Loops": 1
                            }
                        ],
                        "Plans": [
                            {
                                "Node Type": "Hash Join",
                                "Parent Relationship": "Outer",
                                "Parallel Aware": true,
                                "Join Type": "Inner",
                                "Startup Cost": 91154.52,
                                "Total Cost": 302694.21,
                                "Plan Rows": 2780756,
                                "Plan Width": 0,
                                "Actual Startup Time": 979.554,
                                "Actual Total Time": 3462.777,
                                "Actual Rows": 10518036,
                                "Actual Loops": 6,
                                "Inner Unique": false,
                                "Hash Cond": "(mi.movie_id = t.id)",
                                "Workers": [
                                    {
                                        "Worker Number": 0,
                                        "Actual Startup Time": 972.962,
                                        "Actual Total Time": 3510.029,
                                        "Actual Rows": 10773820,
                                        "Actual Loops": 1
                                    },
                                    {
                                        "Worker Number": 1,
                                        "Actual Startup Time": 974.78,
                                        "Actual Total Time": 3509.36,
                                        "Actual Rows": 10797731,
                                        "Actual Loops": 1
                                    },
                                    {
                                        "Worker Number": 2,
                                        "Actual Startup Time": 974.543,
                                        "Actual Total Time": 3453.816,
                                        "Actual Rows": 11190305,
                                        "Actual Loops": 1
                                    },
                                    {
                                        "Worker Number": 3,
                                        "Actual Startup Time": 975.204,
                                        "Actual Total Time": 3430.364,
                                        "Actual Rows": 9580154,
                                        "Actual Loops": 1
                                    },
                                    {
                                        "Worker Number": 4,
                                        "Actual Startup Time": 975.427,
                                        "Actual Total Time": 3453.016,
                                        "Actual Rows": 11205489,
                                        "Actual Loops": 1
                                    }
                                ],
                                "Plans": [
                                    {
                                        "Node Type": "Seq Scan",
                                        "Parent Relationship": "Outer",
                                        "Parallel Aware": true,
                                        "Relation Name": "movie_info",
                                        "Schema": "public",
                                        "Alias": "mi",
                                        "Startup Cost": 0.0,
                                        "Total Cost": 191503.19,
                                        "Plan Rows": 2951019,
                                        "Plan Width": 4,
                                        "Actual Startup Time": 0.056,
                                        "Actual Total Time": 401.906,
                                        "Actual Rows": 2472620,
                                        "Actual Loops": 6,
                                        "Output": [
                                            "mi.id",
                                            "mi.movie_id",
                                            "mi.info_type_id",
                                            "mi.info",
                                            "mi.note"
                                        ],
                                        "Workers": [
                                            {
                                                "Worker Number": 0,
                                                "Actual Startup Time": 0.074,
                                                "Actual Total Time": 457.747,
                                                "Actual Rows": 2397152,
                                                "Actual Loops": 1
                                            },
                                            {
                                                "Worker Number": 1,
                                                "Actual Startup Time": 0.052,
                                                "Actual Total Time": 456.253,
                                                "Actual Rows": 2404801,
                                                "Actual Loops": 1
                                            },
                                            {
                                                "Worker Number": 2,
                                                "Actual Startup Time": 0.065,
                                                "Actual Total Time": 400.474,
                                                "Actual Rows": 2646477,
                                                "Actual Loops": 1
                                            },
                                            {
                                                "Worker Number": 3,
                                                "Actual Startup Time": 0.056,
                                                "Actual Total Time": 404.866,
                                                "Actual Rows": 2333404,
                                                "Actual Loops": 1
                                            },
                                            {
                                                "Worker Number": 4,
                                                "Actual Startup Time": 0.066,
                                                "Actual Total Time": 396.567,
                                                "Actual Rows": 2656261,
                                                "Actual Loops": 1
                                            }
                                        ]
                                    },
                                    {
                                        "Node Type": "Hash",
                                        "Parent Relationship": "Inner",
                                        "Parallel Aware": true,
                                        "Startup Cost": 81547.88,
                                        "Total Cost": 81547.88,
                                        "Plan Rows": 768531,
                                        "Plan Width": 8,
                                        "Actual Startup Time": 968.662,
                                        "Actual Total Time": 968.67,
                                        "Actual Rows": 396949,
                                        "Actual Loops": 6,
                                        "Output": [
                                            "t.id",
                                            "mc.movie_id"
                                        ],
                                        "Hash Buckets": 4194304,
                                        "Original Hash Buckets": 4194304,
                                        "Hash Batches": 1,
                                        "Original Hash Batches": 1,
                                        "Peak Memory Usage": 126048,
                                        "Workers": [
                                            {
                                                "Worker Number": 0,
                                                "Actual Startup Time": 971.799,
                                                "Actual Total Time": 971.805,
                                                "Actual Rows": 359704,
                                                "Actual Loops": 1
                                            },
                                            {
                                                "Worker Number": 1,
                                                "Actual Startup Time": 971.634,
                                                "Actual Total Time": 971.639,
                                                "Actual Rows": 361372,
                                                "Actual Loops": 1
                                            },
                                            {
                                                "Worker Number": 2,
                                                "Actual Startup Time": 973.074,
                                                "Actual Total Time": 973.079,
                                                "Actual Rows": 446027,
                                                "Actual Loops": 1
                                            },
                                            {
                                                "Worker Number": 3,
                                                "Actual Startup Time": 973.078,
                                                "Actual Total Time": 973.083,
                                                "Actual Rows": 371440,
                                                "Actual Loops": 1
                                            },
                                            {
                                                "Worker Number": 4,
                                                "Actual Startup Time": 973.079,
                                                "Actual Total Time": 973.087,
                                                "Actual Rows": 451027,
                                                "Actual Loops": 1
                                            }
                                        ],
                                        "Plans": [
                                            {
                                                "Node Type": "Hash Join",
                                                "Parent Relationship": "Outer",
                                                "Parallel Aware": true,
                                                "Join Type": "Inner",
                                                "Startup Cost": 50219.81,
                                                "Total Cost": 81547.88,
                                                "Plan Rows": 768531,
                                                "Plan Width": 8,
                                                "Actual Startup Time": 403.333,
                                                "Actual Total Time": 720.929,
                                                "Actual Rows": 396949,
                                                "Actual Loops": 6,
                                                "Output": [
                                                    "t.id",
                                                    "mc.movie_id"
                                                ],
                                                "Inner Unique": true,
                                                "Hash Cond": "(mc.movie_id = t.id)",
                                                "Workers": [
                                                    {
                                                        "Worker Number": 0,
                                                        "Actual Startup Time": 403.302,
                                                        "Actual Total Time": 719.086,
                                                        "Actual Rows": 359704,
                                                        "Actual Loops": 1
                                                    },
                                                    {
                                                        "Worker Number": 1,
                                                        "Actual Startup Time": 403.303,
                                                        "Actual Total Time": 721.664,
                                                        "Actual Rows": 361372,
                                                        "Actual Loops": 1
                                                    },
                                                    {
                                                        "Worker Number": 2,
                                                        "Actual Startup Time": 403.287,
                                                        "Actual Total Time": 721.865,
                                                        "Actual Rows": 446027,
                                                        "Actual Loops": 1
                                                    },
                                                    {
                                                        "Worker Number": 3,
                                                        "Actual Startup Time": 403.326,
                                                        "Actual Total Time": 721.804,
                                                        "Actual Rows": 371440,
                                                        "Actual Loops": 1
                                                    },
                                                    {
                                                        "Worker Number": 4,
                                                        "Actual Startup Time": 403.3,
                                                        "Actual Total Time": 721.526,
                                                        "Actual Rows": 451027,
                                                        "Actual Loops": 1
                                                    }
                                                ],
                                                "Plans": [
                                                    {
                                                        "Node Type": "Seq Scan",
                                                        "Parent Relationship": "Outer",
                                                        "Parallel Aware": true,
                                                        "Relation Name": "movie_companies",
                                                        "Schema": "public",
                                                        "Alias": "mc",
                                                        "Startup Cost": 0.0,
                                                        "Total Cost": 29310.68,
                                                        "Plan Rows": 768531,
                                                        "Plan Width": 4,
                                                        "Actual Startup Time": 0.053,
                                                        "Actual Total Time": 80.434,
                                                        "Actual Rows": 396949,
                                                        "Actual Loops": 6,
                                                        "Output": [
                                                            "mc.id",
                                                            "mc.movie_id",
                                                            "mc.company_id",
                                                            "mc.company_type_id",
                                                            "mc.note"
                                                        ],
                                                        "Filter": "(mc.company_id > 82)",
                                                        "Rows Removed by Filter": 37906,
                                                        "Workers": [
                                                            {
                                                                "Worker Number": 0,
                                                                "Actual Startup Time": 0.042,
                                                                "Actual Total Time": 79.094,
                                                                "Actual Rows": 359704,
                                                                "Actual Loops": 1
                                                            },
                                                            {
                                                                "Worker Number": 1,
                                                                "Actual Startup Time": 0.054,
                                                                "Actual Total Time": 78.747,
                                                                "Actual Rows": 361372,
                                                                "Actual Loops": 1
                                                            },
                                                            {
                                                                "Worker Number": 2,
                                                                "Actual Startup Time": 0.125,
                                                                "Actual Total Time": 80.854,
                                                                "Actual Rows": 446027,
                                                                "Actual Loops": 1
                                                            },
                                                            {
                                                                "Worker Number": 3,
                                                                "Actual Startup Time": 0.039,
                                                                "Actual Total Time": 88.384,
                                                                "Actual Rows": 371440,
                                                                "Actual Loops": 1
                                                            },
                                                            {
                                                                "Worker Number": 4,
                                                                "Actual Startup Time": 0.039,
                                                                "Actual Total Time": 80.065,
                                                                "Actual Rows": 451027,
                                                                "Actual Loops": 1
                                                            }
                                                        ]
                                                    },
                                                    {
                                                        "Node Type": "Hash",
                                                        "Parent Relationship": "Inner",
                                                        "Parallel Aware": true,
                                                        "Startup Cost": 42318.81,
                                                        "Total Cost": 42318.81,
                                                        "Plan Rows": 632080,
                                                        "Plan Width": 4,
                                                        "Actual Startup Time": 396.464,
                                                        "Actual Total Time": 396.467,
                                                        "Actual Rows": 421385,
                                                        "Actual Loops": 6,
                                                        "Output": [
                                                            "t.id"
                                                        ],
                                                        "Hash Buckets": 4194304,
                                                        "Original Hash Buckets": 4194304,
                                                        "Hash Batches": 1,
                                                        "Original Hash Batches": 1,
                                                        "Peak Memory Usage": 131776,
                                                        "Workers": [
                                                            {
                                                                "Worker Number": 0,
                                                                "Actual Startup Time": 402.927,
                                                                "Actual Total Time": 402.929,
                                                                "Actual Rows": 369947,
                                                                "Actual Loops": 1
                                                            },
                                                            {
                                                                "Worker Number": 1,
                                                                "Actual Startup Time": 402.865,
                                                                "Actual Total Time": 402.867,
                                                                "Actual Rows": 368747,
                                                                "Actual Loops": 1
                                                            },
                                                            {
                                                                "Worker Number": 2,
                                                                "Actual Startup Time": 403.082,
                                                                "Actual Total Time": 403.085,
                                                                "Actual Rows": 460812,
                                                                "Actual Loops": 1
                                                            },
                                                            {
                                                                "Worker Number": 3,
                                                                "Actual Startup Time": 402.95,
                                                                "Actual Total Time": 402.952,
                                                                "Actual Rows": 393041,
                                                                "Actual Loops": 1
                                                            },
                                                            {
                                                                "Worker Number": 4,
                                                                "Actual Startup Time": 402.951,
                                                                "Actual Total Time": 402.953,
                                                                "Actual Rows": 453060,
                                                                "Actual Loops": 1
                                                            }
                                                        ],
                                                        "Plans": [
                                                            {
                                                                "Node Type": "Seq Scan",
                                                                "Parent Relationship": "Outer",
                                                                "Parallel Aware": true,
                                                                "Relation Name": "title",
                                                                "Schema": "public",
                                                                "Alias": "t",
                                                                "Startup Cost": 0.0,
                                                                "Total Cost": 42318.81,
                                                                "Plan Rows": 632080,
                                                                "Plan Width": 4,
                                                                "Actual Startup Time": 0.086,
                                                                "Actual Total Time": 107.972,
                                                                "Actual Rows": 421385,
                                                                "Actual Loops": 6,
                                                                "Output": [
                                                                    "t.id"
                                                                ],
                                                                "Workers": [
                                                                    {
                                                                        "Worker Number": 0,
                                                                        "Actual Startup Time": 0.102,
                                                                        "Actual Total Time": 107.206,
                                                                        "Actual Rows": 369947,
                                                                        "Actual Loops": 1
                                                                    },
                                                                    {
                                                                        "Worker Number": 1,
                                                                        "Actual Startup Time": 0.104,
                                                                        "Actual Total Time": 107.343,
                                                                        "Actual Rows": 368747,
                                                                        "Actual Loops": 1
                                                                    },
                                                                    {
                                                                        "Worker Number": 2,
                                                                        "Actual Startup Time": 0.095,
                                                                        "Actual Total Time": 111.668,
                                                                        "Actual Rows": 460812,
                                                                        "Actual Loops": 1
                                                                    },
                                                                    {
                                                                        "Worker Number": 3,
                                                                        "Actual Startup Time": 0.095,
                                                                        "Actual Total Time": 115.583,
                                                                        "Actual Rows": 393041,
                                                                        "Actual Loops": 1
                                                                    },
                                                                    {
                                                                        "Worker Number": 4,
                                                                        "Actual Startup Time": 0.095,
                                                                        "Actual Total Time": 111.376,
                                                                        "Actual Rows": 453060,
                                                                        "Actual Loops": 1
                                                                    }
                                                                ]
                                                            }
                                                        ]
                                                    }
                                                ]
                                            }
                                        ]
                                    }
                                ]
                            }
                        ]
                    }
                ]
            }
        ]
    },
    "Planning Time": 1.769,
    "Triggers": [],
    "Execution Time": 4092.282
}