[
  {
    "Plan": {
      "Node Type": "Aggregate",
      "Strategy": "Plain",
      "Partial Mode": "Finalize",
      "Parallel Aware": false,
      "Startup Cost": 28520.4,
      "Total Cost": 28520.41,
      "Plan Rows": 1,
      "Plan Width": 8,
      "Actual Startup Time": 29.81,
      "Actual Total Time": 33.603,
      "Actual Rows": 1,
      "Actual Loops": 1,
      "Plans": [
        {
          "Node Type": "Gather",
          "Parent Relationship": "Outer",
          "Parallel Aware": false,
          "Startup Cost": 28520.18,
          "Total Cost": 28520.39,
          "Plan Rows": 2,
          "Plan Width": 8,
          "Actual Startup Time": 29.622,
          "Actual Total Time": 33.595,
          "Actual Rows": 3,
          "Actual Loops": 1,
          "Workers Planned": 2,
          "Workers Launched": 2,
          "Single Copy": false,
          "Plans": [
            {
              "Node Type": "Aggregate",
              "Strategy": "Plain",
              "Partial Mode": "Partial",
              "Parent Relationship": "Outer",
              "Parallel Aware": false,
              "Startup Cost": 27520.18,
              "Total Cost": 27520.19,
              "Plan Rows": 1,
              "Plan Width": 8,
              "Actual Startup Time": 21.738,
              "Actual Total Time": 21.74,
              "Actual Rows": 1,
              "Actual Loops": 3,
              "Plans": [
                {
                  "Node Type": "Nested Loop",
                  "Parent Relationship": "Outer",
                  "Parallel Aware": false,
                  "Join Type": "Inner",
                  "Startup Cost": 117.3,
                  "Total Cost": 27520.0,
                  "Plan Rows": 75,
                  "Plan Width": 0,
                  "Actual Startup Time": 1.619,
                  "Actual Total Time": 21.708,
                  "Actual Rows": 85,
                  "Actual Loops": 3,
                  "Inner Unique": true,
                  "Plans": [
                    {
                      "Node Type": "Bitmap Heap Scan",
                      "Parent Relationship": "Outer",
                      "Parallel Aware": true,
                      "Relation Name": "movie_companies",
                      "Alias": "mc",
                      "Startup Cost": 116.87,
                      "Total Cost": 11684.07,
                      "Plan Rows": 2174,
                      "Plan Width": 4,
                      "Actual Startup Time": 1.201,
                      "Actual Total Time": 3.61,
                      "Actual Rows": 1722,
                      "Actual Loops": 3,
                      "Recheck Cond": "(company_id = 49)",
                      "Rows Removed by Index Recheck": 0,
                      "Exact Heap Blocks": 758,
                      "Lossy Heap Blocks": 0,
                      "Plans": [
                        {
                          "Node Type": "Bitmap Index Scan",
                          "Parent Relationship": "Outer",
                          "Parallel Aware": false,
                          "Index Name": "company_id_movie_companies",
                          "Startup Cost": 0.0,
                          "Total Cost": 115.56,
                          "Plan Rows": 5218,
                          "Plan Width": 0,
                          "Actual Startup Time": 2.892,
                          "Actual Total Time": 2.892,
                          "Actual Rows": 5166,
                          "Actual Loops": 1,
                          "Index Cond": "(company_id = 49)"
                        }
                      ]
                    },
                    {
                      "Node Type": "Index Scan",
                      "Parent Relationship": "Inner",
                      "Parallel Aware": false,
                      "Scan Direction": "Forward",
                      "Index Name": "title_pkey",
                      "Relation Name": "title",
                      "Alias": "t",
                      "Startup Cost": 0.43,
                      "Total Cost": 7.28,
                      "Plan Rows": 1,
                      "Plan Width": 4,
                      "Actual Startup Time": 0.01,
                      "Actual Total Time": 0.01,
                      "Actual Rows": 0,
                      "Actual Loops": 5166,
                      "Index Cond": "(id = mc.movie_id)",
                      "Rows Removed by Index Recheck": 0,
                      "Filter": "((kind_id = 7) AND (production_year = 2010))",
                      "Rows Removed by Filter": 1
                    }
                  ]
                }
              ]
            }
          ]
        }
      ]
    },
    "Planning Time": 0.658,
    "Triggers": [],
    "Execution Time": 33.693
  }
]