[
    {
        "Bao": {
            "Bao prediction": "NaN",
            "Bao recommended hint": "(no hint)"
        }
    },
    {
        "Plan": {
            "Node Type": "Aggregate",
            "Strategy": "Plain",
            "Partial Mode": "Finalize",
            "Parallel Aware": false,
            "Startup Cost": 77925.65,
            "Total Cost": 77925.66,
            "Plan Rows": 1,
            "Plan Width": 8,
            "Actual Startup Time": 190.174,
            "Actual Total Time": 200.543,
            "Actual Rows": 1,
            "Actual Loops": 1,
            "Output": [
                "count(*)"
            ],
            "Plans": [
                {
                    "Node Type": "Gather",
                    "Parent Relationship": "Outer",
                    "Parallel Aware": false,
                    "Startup Cost": 77925.33,
                    "Total Cost": 77925.64,
                    "Plan Rows": 3,
                    "Plan Width": 8,
                    "Actual Startup Time": 189.728,
                    "Actual Total Time": 200.537,
                    "Actual Rows": 4,
                    "Actual Loops": 1,
                    "Output": [
                        "(PARTIAL count(*))"
                    ],
                    "Workers Planned": 3,
                    "Workers Launched": 3,
                    "Single Copy": false,
                    "Plans": [
                        {
                            "Node Type": "Aggregate",
                            "Strategy": "Plain",
                            "Partial Mode": "Partial",
                            "Parent Relationship": "Outer",
                            "Parallel Aware": false,
                            "Startup Cost": 76925.33,
                            "Total Cost": 76925.34,
                            "Plan Rows": 1,
                            "Plan Width": 8,
                            "Actual Startup Time": 180.755,
                            "Actual Total Time": 180.759,
                            "Actual Rows": 1,
                            "Actual Loops": 4,
                            "Output": [
                                "PARTIAL count(*)"
                            ],
                            "Workers": [
                                {
                                    "Worker Number": 0,
                                    "Actual Startup Time": 177.488,
                                    "Actual Total Time": 177.492,
                                    "Actual Rows": 1,
                                    "Actual Loops": 1
                                },
                                {
                                    "Worker Number": 1,
                                    "Actual Startup Time": 177.893,
                                    "Actual Total Time": 177.897,
                                    "Actual Rows": 1,
                                    "Actual Loops": 1
                                },
                                {
                                    "Worker Number": 2,
                                    "Actual Startup Time": 178.221,
                                    "Actual Total Time": 178.224,
                                    "Actual Rows": 1,
                                    "Actual Loops": 1
                                }
                            ],
                            "Plans": [
                                {
                                    "Node Type": "Nested Loop",
                                    "Parent Relationship": "Outer",
                                    "Parallel Aware": false,
                                    "Join Type": "Inner",
                                    "Startup Cost": 51783.83,
                                    "Total Cost": 76917.4,
                                    "Plan Rows": 3173,
                                    "Plan Width": 0,
                                    "Actual Startup Time": 141.672,
                                    "Actual Total Time": 180.712,
                                    "Actual Rows": 225,
                                    "Actual Loops": 4,
                                    "Inner Unique": false,
                                    "Join Filter": "(t.id = mi.movie_id)",
                                    "Rows Removed by Join Filter": 0,
                                    "Workers": [
                                        {
                                            "Worker Number": 0,
                                            "Actual Startup Time": 137.903,
                                            "Actual Total Time": 177.434,
                                            "Actual Rows": 216,
                                            "Actual Loops": 1
                                        },
                                        {
                                            "Worker Number": 1,
                                            "Actual Startup Time": 140.415,
                                            "Actual Total Time": 177.853,
                                            "Actual Rows": 146,
                                            "Actual Loops": 1
                                        },
                                        {
                                            "Worker Number": 2,
                                            "Actual Startup Time": 138.815,
                                            "Actual Total Time": 178.172,
                                            "Actual Rows": 200,
                                            "Actual Loops": 1
                                        }
                                    ],
                                    "Plans": [
                                        {
                                            "Node Type": "Hash Join",
                                            "Parent Relationship": "Outer",
                                            "Parallel Aware": true,
                                            "Join Type": "Inner",
                                            "Startup Cost": 51783.4,
                                            "Total Cost": 71971.72,
                                            "Plan Rows": 1107,
                                            "Plan Width": 8,
                                            "Actual Startup Time": 141.562,
                                            "Actual Total Time": 177.209,
                                            "Actual Rows": 48,
                                            "Actual Loops": 4,
                                            "Output": [
                                                "t.id",
                                                "mc.movie_id"
                                            ],
                                            "Inner Unique": true,
                                            "Hash Cond": "(mc.movie_id = t.id)",
                                            "Workers": [
                                                {
                                                    "Worker Number": 0,
                                                    "Actual Startup Time": 137.772,
                                                    "Actual Total Time": 173.079,
                                                    "Actual Rows": 46,
                                                    "Actual Loops": 1
                                                },
                                                {
                                                    "Worker Number": 1,
                                                    "Actual Startup Time": 140.234,
                                                    "Actual Total Time": 174.178,
                                                    "Actual Rows": 27,
                                                    "Actual Loops": 1
                                                },
                                                {
                                                    "Worker Number": 2,
                                                    "Actual Startup Time": 138.708,
                                                    "Actual Total Time": 173.642,
                                                    "Actual Rows": 43,
                                                    "Actual Loops": 1
                                                }
                                            ],
                                            "Plans": [
                                                {
                                                    "Node Type": "Bitmap Heap Scan",
                                                    "Parent Relationship": "Outer",
                                                    "Parallel Aware": true,
                                                    "Relation Name": "movie_companies",
                                                    "Schema": "public",
                                                    "Alias": "mc",
                                                    "Startup Cost": 6209.56,
                                                    "Total Cost": 26155.2,
                                                    "Plan Rows": 92451,
                                                    "Plan Width": 4,
                                                    "Actual Startup Time": 32.012,
                                                    "Actual Total Time": 55.433,
                                                    "Actual Rows": 73268,
                                                    "Actual Loops": 4,
                                                    "Output": [
                                                        "mc.id",
                                                        "mc.movie_id",
                                                        "mc.company_id",
                                                        "mc.company_type_id",
                                                        "mc.note"
                                                    ],
                                                    "Recheck Cond": "(mc.company_id > 94785)",
                                                    "Rows Removed by Index Recheck": 0,
                                                    "Exact Heap Blocks": 2307,
                                                    "Lossy Heap Blocks": 0,
                                                    "Workers": [
                                                        {
                                                            "Worker Number": 0,
                                                            "Actual Startup Time": 31.968,
                                                            "Actual Total Time": 55.038,
                                                            "Actual Rows": 55031,
                                                            "Actual Loops": 1
                                                        },
                                                        {
                                                            "Worker Number": 1,
                                                            "Actual Startup Time": 32.203,
                                                            "Actual Total Time": 56.582,
                                                            "Actual Rows": 40243,
                                                            "Actual Loops": 1
                                                        },
                                                        {
                                                            "Worker Number": 2,
                                                            "Actual Startup Time": 32.078,
                                                            "Actual Total Time": 55.061,
                                                            "Actual Rows": 54711,
                                                            "Actual Loops": 1
                                                        }
                                                    ],
                                                    "Plans": [
                                                        {
                                                            "Node Type": "Bitmap Index Scan",
                                                            "Parent Relationship": "Outer",
                                                            "Parallel Aware": false,
                                                            "Index Name": "company_id_movie_companies",
                                                            "Startup Cost": 0.0,
                                                            "Total Cost": 6137.92,
                                                            "Plan Rows": 286598,
                                                            "Plan Width": 0,
                                                            "Actual Startup Time": 31.128,
                                                            "Actual Total Time": 31.129,
                                                            "Actual Rows": 293073,
                                                            "Actual Loops": 1,
                                                            "Index Cond": "(mc.company_id > 94785)"
                                                        }
                                                    ]
                                                },
                                                {
                                                    "Node Type": "Hash",
                                                    "Parent Relationship": "Inner",
                                                    "Parallel Aware": true,
                                                    "Startup Cost": 45479.21,
                                                    "Total Cost": 45479.21,
                                                    "Plan Rows": 7570,
                                                    "Plan Width": 4,
                                                    "Actual Startup Time": 106.874,
                                                    "Actual Total Time": 106.875,
                                                    "Actual Rows": 8792,
                                                    "Actual Loops": 4,
                                                    "Output": [
                                                        "t.id"
                                                    ],
                                                    "Hash Buckets": 65536,
                                                    "Original Hash Buckets": 32768,
                                                    "Hash Batches": 1,
                                                    "Original Hash Batches": 1,
                                                    "Peak Memory Usage": 2240,
                                                    "Workers": [
                                                        {
                                                            "Worker Number": 0,
                                                            "Actual Startup Time": 103.638,
                                                            "Actual Total Time": 103.638,
                                                            "Actual Rows": 6176,
                                                            "Actual Loops": 1
                                                        },
                                                        {
                                                            "Worker Number": 1,
                                                            "Actual Startup Time": 103.995,
                                                            "Actual Total Time": 103.995,
                                                            "Actual Rows": 6545,
                                                            "Actual Loops": 1
                                                        },
                                                        {
                                                            "Worker Number": 2,
                                                            "Actual Startup Time": 104.386,
                                                            "Actual Total Time": 104.387,
                                                            "Actual Rows": 6087,
                                                            "Actual Loops": 1
                                                        }
                                                    ],
                                                    "Plans": [
                                                        {
                                                            "Node Type": "Seq Scan",
                                                            "Parent Relationship": "Outer",
                                                            "Parallel Aware": true,
                                                            "Relation Name": "title",
                                                            "Schema": "public",
                                                            "Alias": "t",
                                                            "Startup Cost": 0.0,
                                                            "Total Cost": 45479.21,
                                                            "Plan Rows": 7570,
                                                            "Plan Width": 4,
                                                            "Actual Startup Time": 0.093,
                                                            "Actual Total Time": 81.542,
                                                            "Actual Rows": 8792,
                                                            "Actual Loops": 4,
                                                            "Output": [
                                                                "t.id"
                                                            ],
                                                            "Filter": "((t.kind_id > 4) AND (t.production_year = 1999))",
                                                            "Rows Removed by Filter": 623286,
                                                            "Workers": [
                                                                {
                                                                    "Worker Number": 0,
                                                                    "Actual Startup Time": 0.234,
                                                                    "Actual Total Time": 97.58,
                                                                    "Actual Rows": 6176,
                                                                    "Actual Loops": 1
                                                                },
                                                                {
                                                                    "Worker Number": 1,
                                                                    "Actual Startup Time": 0.063,
                                                                    "Actual Total Time": 57.353,
                                                                    "Actual Rows": 6545,
                                                                    "Actual Loops": 1
                                                                },
                                                                {
                                                                    "Worker Number": 2,
                                                                    "Actual Startup Time": 0.063,
                                                                    "Actual Total Time": 98.329,
                                                                    "Actual Rows": 6087,
                                                                    "Actual Loops": 1
                                                                }
                                                            ]
                                                        }
                                                    ]
                                                }
                                            ]
                                        },
                                        {
                                            "Node Type": "Index Scan",
                                            "Parent Relationship": "Inner",
                                            "Parallel Aware": false,
                                            "Scan Direction": "Forward",
                                            "Index Name": "movie_id_movie_info",
                                            "Relation Name": "movie_info",
                                            "Schema": "public",
                                            "Alias": "mi",
                                            "Startup Cost": 0.43,
                                            "Total Cost": 4.23,
                                            "Plan Rows": 19,
                                            "Plan Width": 4,
                                            "Actual Startup Time": 0.036,
                                            "Actual Total Time": 0.072,
                                            "Actual Rows": 5,
                                            "Actual Loops": 190,
                                            "Output": [
                                                "mi.id",
                                                "mi.movie_id",
                                                "mi.info_type_id",
                                                "mi.info",
                                                "mi.note"
                                            ],
                                            "Index Cond": "(mi.movie_id = mc.movie_id)",
                                            "Rows Removed by Index Recheck": 0,
                                            "Filter": "(mi.info_type_id < 8)",
                                            "Rows Removed by Filter": 5,
                                            "Workers": [
                                                {
                                                    "Worker Number": 0,
                                                    "Actual Startup Time": 0.042,
                                                    "Actual Total Time": 0.092,
                                                    "Actual Rows": 5,
                                                    "Actual Loops": 46
                                                },
                                                {
                                                    "Worker Number": 1,
                                                    "Actual Startup Time": 0.067,
                                                    "Actual Total Time": 0.133,
                                                    "Actual Rows": 5,
                                                    "Actual Loops": 27
                                                },
                                                {
                                                    "Worker Number": 2,
                                                    "Actual Startup Time": 0.055,
                                                    "Actual Total Time": 0.103,
                                                    "Actual Rows": 5,
                                                    "Actual Loops": 43
                                                }
                                            ]
                                        }
                                    ]
                                }
                            ]
                        }
                    ]
                }
            ]
        },
        "Planning Time": 176.776,
        "Triggers": [],
        "Execution Time": 200.629
    }
]