[
  {
    "Plan": {
      "Node Type": "Aggregate",
      "Strategy": "Plain",
      "Partial Mode": "Finalize",
      "Parallel Aware": false,
      "Startup Cost": 45917.67,
      "Total Cost": 45917.68,
      "Plan Rows": 1,
      "Plan Width": 8,
      "Actual Startup Time": 170.987,
      "Actual Total Time": 181.435,
      "Actual Rows": 1,
      "Actual Loops": 1,
      "Plans": [
        {
          "Node Type": "Gather",
          "Parent Relationship": "Outer",
          "Parallel Aware": false,
          "Startup Cost": 45917.36,
          "Total Cost": 45917.67,
          "Plan Rows": 3,
          "Plan Width": 8,
          "Actual Startup Time": 170.828,
          "Actual Total Time": 181.425,
          "Actual Rows": 4,
          "Actual Loops": 1,
          "Workers Planned": 3,
          "Workers Launched": 3,
          "Single Copy": false,
          "Plans": [
            {
              "Node Type": "Aggregate",
              "Strategy": "Plain",
              "Partial Mode": "Partial",
              "Parent Relationship": "Outer",
              "Parallel Aware": false,
              "Startup Cost": 44917.36,
              "Total Cost": 44917.37,
              "Plan Rows": 1,
              "Plan Width": 8,
              "Actual Startup Time": 162.718,
              "Actual Total Time": 162.719,
              "Actual Rows": 1,
              "Actual Loops": 4,
              "Plans": [
                {
                  "Node Type": "Seq Scan",
                  "Parent Relationship": "Outer",
                  "Parallel Aware": true,
                  "Relation Name": "movie_keyword",
                  "Alias": "mk",
                  "Startup Cost": 0.0,
                  "Total Cost": 42695.65,
                  "Plan Rows": 888681,
                  "Plan Width": 0,
                  "Actual Startup Time": 0.062,
                  "Actual Total Time": 128.019,
                  "Actual Rows": 687323,
                  "Actual Loops": 4,
                  "Filter": "(keyword_id < 7810)",
                  "Rows Removed by Filter": 443660
                }
              ]
            }
          ]
        }
      ]
    },
    "Planning Time": 0.19,
    "Triggers": [],
    "Execution Time": 181.495
  }
]