{
  "Plan": {
    "Node Type": "Aggregate",
    "Strategy": "Plain",
    "Partial Mode": "Finalize",
    "Parallel Aware": false,
    "Startup Cost": 374845.13,
    "Total Cost": 374845.14,
    "Plan Rows": 1,
    "Plan Width": 8,
    "Actual Startup Time": 1895.457,
    "Actual Total Time": 1911.292,
    "Actual Rows": 1,
    "Actual Loops": 1,
    "Plans": [
      {
        "Node Type": "Gather",
        "Parent Relationship": "Outer",
        "Parallel Aware": false,
        "Startup Cost": 374845.02,
        "Total Cost": 374845.13,
        "Plan Rows": 1,
        "Plan Width": 8,
        "Actual Startup Time": 1894.31,
        "Actual Total Time": 1911.284,
        "Actual Rows": 2,
        "Actual Loops": 1,
        "Workers Planned": 1,
        "Workers Launched": 1,
        "Single Copy": false,
        "Plans": [
          {
            "Node Type": "Aggregate",
            "Strategy": "Plain",
            "Partial Mode": "Partial",
            "Parent Relationship": "Outer",
            "Parallel Aware": false,
            "Startup Cost": 373845.02,
            "Total Cost": 373845.03,
            "Plan Rows": 1,
            "Plan Width": 8,
            "Actual Startup Time": 1887.867,
            "Actual Total Time": 1887.875,
            "Actual Rows": 1,
            "Actual Loops": 2,
            "Plans": [
              {
                "Node Type": "Nested Loop",
                "Parent Relationship": "Outer",
                "Parallel Aware": false,
                "Join Type": "Inner",
                "Startup Cost": 93429.57,
                "Total Cost": 373439.91,
                "Plan Rows": 162042,
                "Plan Width": 0,
                "Actual Startup Time": 341.397,
                "Actual Total Time": 1829.909,
                "Actual Rows": 832182,
                "Actual Loops": 2,
                "Inner Unique": false,
                "Join Filter": "(t.id = mc.movie_id)",
                "Rows Removed by Join Filter": 0,
                "Plans": [
                  {
                    "Node Type": "Hash Join",
                    "Parent Relationship": "Outer",
                    "Parallel Aware": true,
                    "Join Type": "Inner",
                    "Startup Cost": 93429.14,
                    "Total Cost": 273722.51,
                    "Plan Rows": 157022,
                    "Plan Width": 8,
                    "Actual Startup Time": 341.298,
                    "Actual Total Time": 776.517,
                    "Actual Rows": 306768,
                    "Actual Loops": 2,
                    "Inner Unique": true,
                    "Hash Cond": "(mi.movie_id = t.id)",
                    "Plans": [
                      {
                        "Node Type": "Bitmap Heap Scan",
                        "Parent Relationship": "Outer",
                        "Parallel Aware": true,
                        "Relation Name": "movie_info",
                        "Alias": "mi",
                        "Startup Cost": 37261.42,
                        "Total Cost": 214378.69,
                        "Plan Rows": 1209942,
                        "Plan Width": 4,
                        "Actual Startup Time": 96.985,
                        "Actual Total Time": 231.936,
                        "Actual Rows": 1045534,
                        "Actual Loops": 2,
                        "Recheck Cond": "(info_type_id < 3)",
                        "Rows Removed by Index Recheck": 0,
                        "Exact Heap Blocks": 6988,
                        "Lossy Heap Blocks": 0,
                        "Plans": [
                          {
                            "Node Type": "Bitmap Index Scan",
                            "Parent Relationship": "Outer",
                            "Parallel Aware": false,
                            "Index Name": "info_type_id_movie_info",
                            "Startup Cost": 0.0,
                            "Total Cost": 36747.19,
                            "Plan Rows": 2056901,
                            "Plan Width": 0,
                            "Actual Startup Time": 93.84,
                            "Actual Total Time": 93.84,
                            "Actual Rows": 2091068,
                            "Actual Loops": 1,
                            "Index Cond": "(info_type_id < 3)"
                          }
                        ]
                      },
                      {
                        "Node Type": "Hash",
                        "Parent Relationship": "Inner",
                        "Parallel Aware": true,
                        "Startup Cost": 53755.14,
                        "Total Cost": 53755.14,
                        "Plan Rows": 193007,
                        "Plan Width": 4,
                        "Actual Startup Time": 189.229,
                        "Actual Total Time": 189.233,
                        "Actual Rows": 205761,
                        "Actual Loops": 2,
                        "Hash Buckets": 524288,
                        "Original Hash Buckets": 524288,
                        "Hash Batches": 1,
                        "Original Hash Batches": 1,
                        "Peak Memory Usage": 20224,
                        "Plans": [
                          {
                            "Node Type": "Bitmap Heap Scan",
                            "Parent Relationship": "Outer",
                            "Parallel Aware": true,
                            "Relation Name": "title",
                            "Alias": "t",
                            "Startup Cost": 11904.88,
                            "Total Cost": 53755.14,
                            "Plan Rows": 193007,
                            "Plan Width": 4,
                            "Actual Startup Time": 39.772,
                            "Actual Total Time": 129.374,
                            "Actual Rows": 205761,
                            "Actual Loops": 2,
                            "Recheck Cond": "(kind_id = 1)",
                            "Rows Removed by Index Recheck": 0,
                            "Filter": "(production_year < 2004)",
                            "Rows Removed by Filter": 125652,
                            "Exact Heap Blocks": 7637,
                            "Lossy Heap Blocks": 0,
                            "Plans": [
                              {
                                "Node Type": "Bitmap Index Scan",
                                "Parent Relationship": "Outer",
                                "Parallel Aware": false,
                                "Index Name": "kind_id_title",
                                "Startup Cost": 0.0,
                                "Total Cost": 11822.85,
                                "Plan Rows": 663256,
                                "Plan Width": 0,
                                "Actual Startup Time": 37.708,
                                "Actual Total Time": 37.709,
                                "Actual Rows": 662825,
                                "Actual Loops": 1,
                                "Index Cond": "(kind_id = 1)"
                              }
                            ]
                          }
                        ]
                      }
                    ]
                  },
                  {
                    "Node Type": "Index Only Scan",
                    "Parent Relationship": "Inner",
                    "Parallel Aware": false,
                    "Scan Direction": "Forward",
                    "Index Name": "movie_id_movie_companies",
                    "Relation Name": "movie_companies",
                    "Alias": "mc",
                    "Startup Cost": 0.43,
                    "Total Cost": 0.57,
                    "Plan Rows": 5,
                    "Plan Width": 4,
                    "Actual Startup Time": 0.002,
                    "Actual Total Time": 0.003,
                    "Actual Rows": 3,
                    "Actual Loops": 613537,
                    "Index Cond": "(movie_id = mi.movie_id)",
                    "Rows Removed by Index Recheck": 0,
                    "Heap Fetches": 1664364
                  }
                ]
              }
            ]
          }
        ]
      }
    ]
  },
  "Planning Time": 1.077,
  "Triggers": [],
  "Execution Time": 1911.408
}