[
  {
    "Plan": {
      "Node Type": "Aggregate",
      "Strategy": "Plain",
      "Partial Mode": "Finalize",
      "Parallel Aware": false,
      "Startup Cost": 281522.15,
      "Total Cost": 281522.16,
      "Plan Rows": 1,
      "Plan Width": 8,
      "Actual Startup Time": 160.31,
      "Actual Total Time": 181.008,
      "Actual Rows": 1,
      "Actual Loops": 1,
      "Plans": [
        {
          "Node Type": "Gather",
          "Parent Relationship": "Outer",
          "Parallel Aware": false,
          "Startup Cost": 281521.63,
          "Total Cost": 281522.14,
          "Plan Rows": 5,
          "Plan Width": 8,
          "Actual Startup Time": 160.047,
          "Actual Total Time": 180.989,
          "Actual Rows": 6,
          "Actual Loops": 1,
          "Workers Planned": 5,
          "Workers Launched": 5,
          "Single Copy": false,
          "Plans": [
            {
              "Node Type": "Aggregate",
              "Strategy": "Plain",
              "Partial Mode": "Partial",
              "Parent Relationship": "Outer",
              "Parallel Aware": false,
              "Startup Cost": 280521.63,
              "Total Cost": 280521.64,
              "Plan Rows": 1,
              "Plan Width": 8,
              "Actual Startup Time": 150.769,
              "Actual Total Time": 150.772,
              "Actual Rows": 1,
              "Actual Loops": 6,
              "Plans": [
                {
                  "Node Type": "Nested Loop",
                  "Parent Relationship": "Outer",
                  "Parallel Aware": false,
                  "Join Type": "Inner",
                  "Startup Cost": 3713.42,
                  "Total Cost": 280513.88,
                  "Plan Rows": 3097,
                  "Plan Width": 0,
                  "Actual Startup Time": 13.709,
                  "Actual Total Time": 149.928,
                  "Actual Rows": 6695,
                  "Actual Loops": 6,
                  "Inner Unique": true,
                  "Plans": [
                    {
                      "Node Type": "Bitmap Heap Scan",
                      "Parent Relationship": "Outer",
                      "Parallel Aware": true,
                      "Relation Name": "cast_info",
                      "Alias": "ci",
                      "Startup Cost": 3712.99,
                      "Total Cost": 241956.78,
                      "Plan Rows": 11862,
                      "Plan Width": 4,
                      "Actual Startup Time": 12.285,
                      "Actual Total Time": 20.966,
                      "Actual Rows": 20227,
                      "Actual Loops": 6,
                      "Recheck Cond": "(person_id < 20664)",
                      "Rows Removed by Index Recheck": 0,
                      "Filter": "(role_id < 2)",
                      "Rows Removed by Filter": 6816,
                      "Exact Heap Blocks": 461,
                      "Lossy Heap Blocks": 0,
                      "Plans": [
                        {
                          "Node Type": "Bitmap Index Scan",
                          "Parent Relationship": "Outer",
                          "Parallel Aware": false,
                          "Index Name": "person_id_cast_info",
                          "Startup Cost": 0.0,
                          "Total Cost": 3698.16,
                          "Plan Rows": 169280,
                          "Plan Width": 0,
                          "Actual Startup Time": 19.66,
                          "Actual Total Time": 19.66,
                          "Actual Rows": 162262,
                          "Actual Loops": 1,
                          "Index Cond": "(person_id < 20664)"
                        }
                      ]
                    },
                    {
                      "Node Type": "Index Scan",
                      "Parent Relationship": "Inner",
                      "Parallel Aware": false,
                      "Scan Direction": "Forward",
                      "Index Name": "title_pkey",
                      "Relation Name": "title",
                      "Alias": "t",
                      "Startup Cost": 0.43,
                      "Total Cost": 3.25,
                      "Plan Rows": 1,
                      "Plan Width": 4,
                      "Actual Startup Time": 0.006,
                      "Actual Total Time": 0.006,
                      "Actual Rows": 0,
                      "Actual Loops": 121363,
                      "Index Cond": "(id = ci.movie_id)",
                      "Rows Removed by Index Recheck": 0,
                      "Filter": "(kind_id = 1)",
                      "Rows Removed by Filter": 1
                    }
                  ]
                }
              ]
            }
          ]
        }
      ]
    },
    "Planning Time": 0.623,
    "Triggers": [],
    "Execution Time": 181.101
  }
]