[
  {
    "Plan": {
      "Node Type": "Aggregate",
      "Strategy": "Plain",
      "Partial Mode": "Finalize",
      "Parallel Aware": false,
      "Startup Cost": 46502.59,
      "Total Cost": 46502.6,
      "Plan Rows": 1,
      "Plan Width": 8,
      "Actual Startup Time": 91.835,
      "Actual Total Time": 104.417,
      "Actual Rows": 1,
      "Actual Loops": 1,
      "Plans": [
        {
          "Node Type": "Gather",
          "Parent Relationship": "Outer",
          "Parallel Aware": false,
          "Startup Cost": 46502.17,
          "Total Cost": 46502.58,
          "Plan Rows": 4,
          "Plan Width": 8,
          "Actual Startup Time": 91.566,
          "Actual Total Time": 104.407,
          "Actual Rows": 5,
          "Actual Loops": 1,
          "Workers Planned": 4,
          "Workers Launched": 4,
          "Single Copy": false,
          "Plans": [
            {
              "Node Type": "Aggregate",
              "Strategy": "Plain",
              "Partial Mode": "Partial",
              "Parent Relationship": "Outer",
              "Parallel Aware": false,
              "Startup Cost": 45502.17,
              "Total Cost": 45502.18,
              "Plan Rows": 1,
              "Plan Width": 8,
              "Actual Startup Time": 84.86,
              "Actual Total Time": 84.863,
              "Actual Rows": 1,
              "Actual Loops": 5,
              "Plans": [
                {
                  "Node Type": "Seq Scan",
                  "Parent Relationship": "Outer",
                  "Parallel Aware": true,
                  "Relation Name": "title",
                  "Alias": "t",
                  "Startup Cost": 0.0,
                  "Total Cost": 45479.59,
                  "Plan Rows": 9032,
                  "Plan Width": 0,
                  "Actual Startup Time": 0.171,
                  "Actual Total Time": 84.424,
                  "Actual Rows": 4366,
                  "Actual Loops": 5,
                  "Filter": "((kind_id < 3) AND (production_year = 2007))",
                  "Rows Removed by Filter": 501296
                }
              ]
            }
          ]
        }
      ]
    },
    "Planning Time": 0.186,
    "Triggers": [],
    "Execution Time": 104.48
  }
]