[
    {
        "Bao": {
            "Bao prediction": "NaN",
            "Bao recommended hint": "(no hint)"
        }
    },
    {
        "Plan": {
            "Node Type": "Aggregate",
            "Strategy": "Plain",
            "Partial Mode": "Finalize",
            "Parallel Aware": false,
            "Startup Cost": 81891.8,
            "Total Cost": 81891.81,
            "Plan Rows": 1,
            "Plan Width": 8,
            "Actual Startup Time": 440.579,
            "Actual Total Time": 450.273,
            "Actual Rows": 1,
            "Actual Loops": 1,
            "Output": [
                "count(*)"
            ],
            "Plans": [
                {
                    "Node Type": "Gather",
                    "Parent Relationship": "Outer",
                    "Parallel Aware": false,
                    "Startup Cost": 81891.48,
                    "Total Cost": 81891.79,
                    "Plan Rows": 3,
                    "Plan Width": 8,
                    "Actual Startup Time": 431.675,
                    "Actual Total Time": 450.264,
                    "Actual Rows": 4,
                    "Actual Loops": 1,
                    "Output": [
                        "(PARTIAL count(*))"
                    ],
                    "Workers Planned": 3,
                    "Workers Launched": 3,
                    "Single Copy": false,
                    "Plans": [
                        {
                            "Node Type": "Aggregate",
                            "Strategy": "Plain",
                            "Partial Mode": "Partial",
                            "Parent Relationship": "Outer",
                            "Parallel Aware": false,
                            "Startup Cost": 80891.48,
                            "Total Cost": 80891.49,
                            "Plan Rows": 1,
                            "Plan Width": 8,
                            "Actual Startup Time": 423.925,
                            "Actual Total Time": 423.928,
                            "Actual Rows": 1,
                            "Actual Loops": 4,
                            "Output": [
                                "PARTIAL count(*)"
                            ],
                            "Workers": [
                                {
                                    "Worker Number": 0,
                                    "Actual Startup Time": 421.764,
                                    "Actual Total Time": 421.767,
                                    "Actual Rows": 1,
                                    "Actual Loops": 1
                                },
                                {
                                    "Worker Number": 1,
                                    "Actual Startup Time": 421.042,
                                    "Actual Total Time": 421.045,
                                    "Actual Rows": 1,
                                    "Actual Loops": 1
                                },
                                {
                                    "Worker Number": 2,
                                    "Actual Startup Time": 421.467,
                                    "Actual Total Time": 421.47,
                                    "Actual Rows": 1,
                                    "Actual Loops": 1
                                }
                            ],
                            "Plans": [
                                {
                                    "Node Type": "Hash Join",
                                    "Parent Relationship": "Outer",
                                    "Parallel Aware": true,
                                    "Join Type": "Inner",
                                    "Startup Cost": 49670.74,
                                    "Total Cost": 80107.82,
                                    "Plan Rows": 313463,
                                    "Plan Width": 0,
                                    "Actual Startup Time": 278.678,
                                    "Actual Total Time": 414.972,
                                    "Actual Rows": 213094,
                                    "Actual Loops": 4,
                                    "Inner Unique": true,
                                    "Hash Cond": "(mc.movie_id = t.id)",
                                    "Workers": [
                                        {
                                            "Worker Number": 0,
                                            "Actual Startup Time": 275.853,
                                            "Actual Total Time": 412.852,
                                            "Actual Rows": 209117,
                                            "Actual Loops": 1
                                        },
                                        {
                                            "Worker Number": 1,
                                            "Actual Startup Time": 276.006,
                                            "Actual Total Time": 412.194,
                                            "Actual Rows": 207542,
                                            "Actual Loops": 1
                                        },
                                        {
                                            "Worker Number": 2,
                                            "Actual Startup Time": 276.442,
                                            "Actual Total Time": 412.231,
                                            "Actual Rows": 212516,
                                            "Actual Loops": 1
                                        }
                                    ],
                                    "Plans": [
                                        {
                                            "Node Type": "Seq Scan",
                                            "Parent Relationship": "Outer",
                                            "Parallel Aware": true,
                                            "Relation Name": "movie_companies",
                                            "Schema": "public",
                                            "Alias": "mc",
                                            "Startup Cost": 0.0,
                                            "Total Cost": 29310.68,
                                            "Plan Rows": 429104,
                                            "Plan Width": 4,
                                            "Actual Startup Time": 26.038,
                                            "Actual Total Time": 61.225,
                                            "Actual Rows": 333721,
                                            "Actual Loops": 4,
                                            "Output": [
                                                "mc.id",
                                                "mc.movie_id",
                                                "mc.company_id",
                                                "mc.company_type_id",
                                                "mc.note"
                                            ],
                                            "Filter": "(mc.company_type_id > 1)",
                                            "Rows Removed by Filter": 318562,
                                            "Workers": [
                                                {
                                                    "Worker Number": 0,
                                                    "Actual Startup Time": 26.062,
                                                    "Actual Total Time": 62.064,
                                                    "Actual Rows": 325334,
                                                    "Actual Loops": 1
                                                },
                                                {
                                                    "Worker Number": 1,
                                                    "Actual Startup Time": 26.023,
                                                    "Actual Total Time": 61.755,
                                                    "Actual Rows": 327012,
                                                    "Actual Loops": 1
                                                },
                                                {
                                                    "Worker Number": 2,
                                                    "Actual Startup Time": 26.019,
                                                    "Actual Total Time": 62.233,
                                                    "Actual Rows": 332575,
                                                    "Actual Loops": 1
                                                }
                                            ]
                                        },
                                        {
                                            "Node Type": "Hash",
                                            "Parent Relationship": "Inner",
                                            "Parallel Aware": true,
                                            "Startup Cost": 43899.01,
                                            "Total Cost": 43899.01,
                                            "Plan Rows": 461739,
                                            "Plan Width": 4,
                                            "Actual Startup Time": 248.176,
                                            "Actual Total Time": 248.178,
                                            "Actual Rows": 463202,
                                            "Actual Loops": 4,
                                            "Output": [
                                                "t.id"
                                            ],
                                            "Hash Buckets": 2097152,
                                            "Original Hash Buckets": 2097152,
                                            "Hash Batches": 1,
                                            "Original Hash Batches": 1,
                                            "Peak Memory Usage": 88928,
                                            "Workers": [
                                                {
                                                    "Worker Number": 0,
                                                    "Actual Startup Time": 249.116,
                                                    "Actual Total Time": 249.118,
                                                    "Actual Rows": 429773,
                                                    "Actual Loops": 1
                                                },
                                                {
                                                    "Worker Number": 1,
                                                    "Actual Startup Time": 249.231,
                                                    "Actual Total Time": 249.232,
                                                    "Actual Rows": 430654,
                                                    "Actual Loops": 1
                                                },
                                                {
                                                    "Worker Number": 2,
                                                    "Actual Startup Time": 249.592,
                                                    "Actual Total Time": 249.593,
                                                    "Actual Rows": 437027,
                                                    "Actual Loops": 1
                                                }
                                            ],
                                            "Plans": [
                                                {
                                                    "Node Type": "Seq Scan",
                                                    "Parent Relationship": "Outer",
                                                    "Parallel Aware": true,
                                                    "Relation Name": "title",
                                                    "Schema": "public",
                                                    "Alias": "t",
                                                    "Startup Cost": 0.0,
                                                    "Total Cost": 43899.01,
                                                    "Plan Rows": 461739,
                                                    "Plan Width": 4,
                                                    "Actual Startup Time": 0.045,
                                                    "Actual Total Time": 99.753,
                                                    "Actual Rows": 463202,
                                                    "Actual Loops": 4,
                                                    "Output": [
                                                        "t.id"
                                                    ],
                                                    "Filter": "(t.production_year > 1985)",
                                                    "Rows Removed by Filter": 168876,
                                                    "Workers": [
                                                        {
                                                            "Worker Number": 0,
                                                            "Actual Startup Time": 0.053,
                                                            "Actual Total Time": 101.942,
                                                            "Actual Rows": 429773,
                                                            "Actual Loops": 1
                                                        },
                                                        {
                                                            "Worker Number": 1,
                                                            "Actual Startup Time": 0.064,
                                                            "Actual Total Time": 101.981,
                                                            "Actual Rows": 430654,
                                                            "Actual Loops": 1
                                                        },
                                                        {
                                                            "Worker Number": 2,
                                                            "Actual Startup Time": 0.052,
                                                            "Actual Total Time": 103.914,
                                                            "Actual Rows": 437027,
                                                            "Actual Loops": 1
                                                        }
                                                    ]
                                                }
                                            ]
                                        }
                                    ]
                                }
                            ]
                        }
                    ]
                }
            ]
        },
        "Planning Time": 179.24,
        "Triggers": [],
        "Execution Time": 450.323
    }
]