{
  "Plan": {
    "Node Type": "Aggregate",
    "Strategy": "Plain",
    "Partial Mode": "Finalize",
    "Parallel Aware": false,
    "Startup Cost": 3732922.4,
    "Total Cost": 3732922.41,
    "Plan Rows": 1,
    "Plan Width": 8,
    "Actual Startup Time": 30023.566,
    "Actual Total Time": 30118.872,
    "Actual Rows": 1,
    "Actual Loops": 1,
    "Plans": [
      {
        "Node Type": "Gather",
        "Parent Relationship": "Outer",
        "Parallel Aware": false,
        "Startup Cost": 3732922.29,
        "Total Cost": 3732922.4,
        "Plan Rows": 1,
        "Plan Width": 8,
        "Actual Startup Time": 29957.975,
        "Actual Total Time": 30118.858,
        "Actual Rows": 2,
        "Actual Loops": 1,
        "Workers Planned": 1,
        "Workers Launched": 1,
        "Single Copy": false,
        "Plans": [
          {
            "Node Type": "Aggregate",
            "Strategy": "Plain",
            "Partial Mode": "Partial",
            "Parent Relationship": "Outer",
            "Parallel Aware": false,
            "Startup Cost": 3731922.29,
            "Total Cost": 3731922.3,
            "Plan Rows": 1,
            "Plan Width": 8,
            "Actual Startup Time": 29951.782,
            "Actual Total Time": 29951.789,
            "Actual Rows": 1,
            "Actual Loops": 2,
            "Plans": [
              {
                "Node Type": "Merge Join",
                "Parent Relationship": "Outer",
                "Parallel Aware": false,
                "Join Type": "Inner",
                "Startup Cost": 1971637.59,
                "Total Cost": 3629012.25,
                "Plan Rows": 41164014,
                "Plan Width": 0,
                "Actual Startup Time": 11954.959,
                "Actual Total Time": 26640.096,
                "Actual Rows": 79942686,
                "Actual Loops": 2,
                "Inner Unique": false,
                "Merge Cond": "(mi.movie_id = t.id)",
                "Plans": [
                  {
                    "Node Type": "Index Only Scan",
                    "Parent Relationship": "Outer",
                    "Parallel Aware": true,
                    "Scan Direction": "Forward",
                    "Index Name": "movie_id_movie_info",
                    "Relation Name": "movie_info",
                    "Alias": "mi",
                    "Startup Cost": 0.43,
                    "Total Cost": 1018223.42,
                    "Plan Rows": 8696274,
                    "Plan Width": 4,
                    "Actual Startup Time": 0.105,
                    "Actual Total Time": 2496.666,
                    "Actual Rows": 7417422,
                    "Actual Loops": 2,
                    "Heap Fetches": 14834844
                  },
                  {
                    "Node Type": "Sort",
                    "Parent Relationship": "Inner",
                    "Parallel Aware": false,
                    "Startup Cost": 1971634.48,
                    "Total Cost": 2001553.81,
                    "Plan Rows": 11967734,
                    "Plan Width": 8,
                    "Actual Startup Time": 11954.763,
                    "Actual Total Time": 16282.007,
                    "Actual Rows": 86206607,
                    "Actual Loops": 2,
                    "Sort Key": [
                      "ci.movie_id"
                    ],
                    "Sort Method": "quicksort",
                    "Sort Space Used": 981249,
                    "Sort Space Type": "Memory",
                    "Workers": [
                      {
                        "Worker Number": 0,
                        "Sort Method": "quicksort",
                        "Sort Space Used": 981249,
                        "Sort Space Type": "Memory"
                      }
                    ],
                    "Plans": [
                      {
                        "Node Type": "Hash Join",
                        "Parent Relationship": "Outer",
                        "Parallel Aware": false,
                        "Join Type": "Inner",
                        "Startup Cost": 97919.05,
                        "Total Cost": 564668.97,
                        "Plan Rows": 11967734,
                        "Plan Width": 8,
                        "Actual Startup Time": 935.116,
                        "Actual Total Time": 8507.241,
                        "Actual Rows": 12544698,
                        "Actual Loops": 2,
                        "Inner Unique": true,
                        "Hash Cond": "(ci.movie_id = t.id)",
                        "Plans": [
                          {
                            "Node Type": "Index Scan",
                            "Parent Relationship": "Outer",
                            "Parallel Aware": false,
                            "Scan Direction": "Forward",
                            "Index Name": "role_id_cast_info",
                            "Relation Name": "cast_info",
                            "Alias": "ci",
                            "Startup Cost": 0.56,
                            "Total Cost": 434001.67,
                            "Plan Rows": 12475720,
                            "Plan Width": 4,
                            "Actual Startup Time": 0.149,
                            "Actual Total Time": 1744.199,
                            "Actual Rows": 12670688,
                            "Actual Loops": 2,
                            "Index Cond": "(role_id < 2)",
                            "Rows Removed by Index Recheck": 0
                          },
                          {
                            "Node Type": "Hash",
                            "Parent Relationship": "Inner",
                            "Parallel Aware": false,
                            "Startup Cost": 67601.66,
                            "Total Cost": 67601.66,
                            "Plan Rows": 2425346,
                            "Plan Width": 4,
                            "Actual Startup Time": 914.905,
                            "Actual Total Time": 914.907,
                            "Actual Rows": 2421168,
                            "Actual Loops": 2,
                            "Hash Buckets": 4194304,
                            "Original Hash Buckets": 4194304,
                            "Hash Batches": 1,
                            "Original Hash Batches": 1,
                            "Peak Memory Usage": 117888,
                            "Plans": [
                              {
                                "Node Type": "Seq Scan",
                                "Parent Relationship": "Outer",
                                "Parallel Aware": false,
                                "Relation Name": "title",
                                "Alias": "t",
                                "Startup Cost": 0.0,
                                "Total Cost": 67601.66,
                                "Plan Rows": 2425346,
                                "Plan Width": 4,
                                "Actual Startup Time": 0.037,
                                "Actual Total Time": 346.762,
                                "Actual Rows": 2421168,
                                "Actual Loops": 2,
                                "Filter": "(production_year > 1911)",
                                "Rows Removed by Filter": 107144
                              }
                            ]
                          }
                        ]
                      }
                    ]
                  }
                ]
              }
            ]
          }
        ]
      }
    ]
  },
  "Planning Time": 0.922,
  "Triggers": [],
  "Execution Time": 30195.278
}