[
  {
    "Plan": {
      "Node Type": "Aggregate",
      "Strategy": "Plain",
      "Partial Mode": "Finalize",
      "Parallel Aware": false,
      "Startup Cost": 46537.01,
      "Total Cost": 46537.02,
      "Plan Rows": 1,
      "Plan Width": 8,
      "Actual Startup Time": 166.038,
      "Actual Total Time": 175.699,
      "Actual Rows": 1,
      "Actual Loops": 1,
      "Plans": [
        {
          "Node Type": "Gather",
          "Parent Relationship": "Outer",
          "Parallel Aware": false,
          "Startup Cost": 46536.69,
          "Total Cost": 46537.0,
          "Plan Rows": 3,
          "Plan Width": 8,
          "Actual Startup Time": 165.941,
          "Actual Total Time": 175.691,
          "Actual Rows": 4,
          "Actual Loops": 1,
          "Workers Planned": 3,
          "Workers Launched": 3,
          "Single Copy": false,
          "Plans": [
            {
              "Node Type": "Aggregate",
              "Strategy": "Plain",
              "Partial Mode": "Partial",
              "Parent Relationship": "Outer",
              "Parallel Aware": false,
              "Startup Cost": 45536.69,
              "Total Cost": 45536.7,
              "Plan Rows": 1,
              "Plan Width": 8,
              "Actual Startup Time": 160.119,
              "Actual Total Time": 160.12,
              "Actual Rows": 1,
              "Actual Loops": 4,
              "Plans": [
                {
                  "Node Type": "Seq Scan",
                  "Parent Relationship": "Outer",
                  "Parallel Aware": true,
                  "Relation Name": "movie_keyword",
                  "Alias": "mk",
                  "Startup Cost": 0.0,
                  "Total Cost": 42695.65,
                  "Plan Rows": 1136414,
                  "Plan Width": 0,
                  "Actual Startup Time": 0.052,
                  "Actual Total Time": 120.69,
                  "Actual Rows": 880992,
                  "Actual Loops": 4,
                  "Filter": "(keyword_id < 18558)",
                  "Rows Removed by Filter": 249991
                }
              ]
            }
          ]
        }
      ]
    },
    "Planning Time": 0.153,
    "Triggers": [],
    "Execution Time": 175.745
  }
]