[
  {
    "Plan": {
      "Node Type": "Aggregate",
      "Strategy": "Plain",
      "Partial Mode": "Finalize",
      "Parallel Aware": false,
      "Startup Cost": 346826.34,
      "Total Cost": 346826.35,
      "Plan Rows": 1,
      "Plan Width": 8,
      "Actual Startup Time": 510.069,
      "Actual Total Time": 542.758,
      "Actual Rows": 1,
      "Actual Loops": 1,
      "Plans": [
        {
          "Node Type": "Gather",
          "Parent Relationship": "Outer",
          "Parallel Aware": false,
          "Startup Cost": 346825.71,
          "Total Cost": 346826.32,
          "Plan Rows": 6,
          "Plan Width": 8,
          "Actual Startup Time": 509.903,
          "Actual Total Time": 542.743,
          "Actual Rows": 7,
          "Actual Loops": 1,
          "Workers Planned": 6,
          "Workers Launched": 6,
          "Single Copy": false,
          "Plans": [
            {
              "Node Type": "Aggregate",
              "Strategy": "Plain",
              "Partial Mode": "Partial",
              "Parent Relationship": "Outer",
              "Parallel Aware": false,
              "Startup Cost": 345825.71,
              "Total Cost": 345825.72,
              "Plan Rows": 1,
              "Plan Width": 8,
              "Actual Startup Time": 501.909,
              "Actual Total Time": 501.911,
              "Actual Rows": 1,
              "Actual Loops": 7,
              "Plans": [
                {
                  "Node Type": "Index Scan",
                  "Parent Relationship": "Outer",
                  "Parallel Aware": true,
                  "Scan Direction": "Forward",
                  "Index Name": "role_id_cast_info",
                  "Relation Name": "cast_info",
                  "Alias": "ci",
                  "Startup Cost": 0.56,
                  "Total Cost": 341155.22,
                  "Plan Rows": 1868198,
                  "Plan Width": 0,
                  "Actual Startup Time": 113.855,
                  "Actual Total Time": 431.093,
                  "Actual Rows": 1353878,
                  "Actual Loops": 7,
                  "Index Cond": "(role_id = 1)",
                  "Rows Removed by Index Recheck": 0,
                  "Filter": "(person_id > 427144)",
                  "Rows Removed by Filter": 456221
                }
              ]
            }
          ]
        }
      ]
    },
    "Planning Time": 0.234,
    "Triggers": [],
    "Execution Time": 542.829
  }
]