[
  {
    "Plan": {
      "Node Type": "Aggregate",
      "Strategy": "Plain",
      "Partial Mode": "Finalize",
      "Parallel Aware": false,
      "Startup Cost": 46396.64,
      "Total Cost": 46396.65,
      "Plan Rows": 1,
      "Plan Width": 8,
      "Actual Startup Time": 189.836,
      "Actual Total Time": 204.712,
      "Actual Rows": 1,
      "Actual Loops": 1,
      "Plans": [
        {
          "Node Type": "Gather",
          "Parent Relationship": "Outer",
          "Parallel Aware": false,
          "Startup Cost": 46396.32,
          "Total Cost": 46396.63,
          "Plan Rows": 3,
          "Plan Width": 8,
          "Actual Startup Time": 189.585,
          "Actual Total Time": 204.693,
          "Actual Rows": 4,
          "Actual Loops": 1,
          "Workers Planned": 3,
          "Workers Launched": 3,
          "Single Copy": false,
          "Plans": [
            {
              "Node Type": "Aggregate",
              "Strategy": "Plain",
              "Partial Mode": "Partial",
              "Parent Relationship": "Outer",
              "Parallel Aware": false,
              "Startup Cost": 45396.32,
              "Total Cost": 45396.33,
              "Plan Rows": 1,
              "Plan Width": 8,
              "Actual Startup Time": 183.837,
              "Actual Total Time": 183.839,
              "Actual Rows": 1,
              "Actual Loops": 4,
              "Plans": [
                {
                  "Node Type": "Seq Scan",
                  "Parent Relationship": "Outer",
                  "Parallel Aware": true,
                  "Relation Name": "movie_keyword",
                  "Alias": "mk",
                  "Startup Cost": 0.0,
                  "Total Cost": 42695.65,
                  "Plan Rows": 1080268,
                  "Plan Width": 0,
                  "Actual Startup Time": 0.134,
                  "Actual Total Time": 140.739,
                  "Actual Rows": 836612,
                  "Actual Loops": 4,
                  "Filter": "(keyword_id > 1389)",
                  "Rows Removed by Filter": 294371
                }
              ]
            }
          ]
        }
      ]
    },
    "Planning Time": 0.135,
    "Triggers": [],
    "Execution Time": 204.757
  }
]