[
  {
    "Plan": {
      "Node Type": "Aggregate",
      "Strategy": "Plain",
      "Partial Mode": "Finalize",
      "Parallel Aware": false,
      "Startup Cost": 44865.58,
      "Total Cost": 44865.59,
      "Plan Rows": 1,
      "Plan Width": 8,
      "Actual Startup Time": 132.248,
      "Actual Total Time": 144.471,
      "Actual Rows": 1,
      "Actual Loops": 1,
      "Plans": [
        {
          "Node Type": "Gather",
          "Parent Relationship": "Outer",
          "Parallel Aware": false,
          "Startup Cost": 44865.26,
          "Total Cost": 44865.57,
          "Plan Rows": 3,
          "Plan Width": 8,
          "Actual Startup Time": 132.103,
          "Actual Total Time": 144.461,
          "Actual Rows": 4,
          "Actual Loops": 1,
          "Workers Planned": 3,
          "Workers Launched": 3,
          "Single Copy": false,
          "Plans": [
            {
              "Node Type": "Aggregate",
              "Strategy": "Plain",
              "Partial Mode": "Partial",
              "Parent Relationship": "Outer",
              "Parallel Aware": false,
              "Startup Cost": 43865.26,
              "Total Cost": 43865.27,
              "Plan Rows": 1,
              "Plan Width": 8,
              "Actual Startup Time": 125.49,
              "Actual Total Time": 125.492,
              "Actual Rows": 1,
              "Actual Loops": 4,
              "Plans": [
                {
                  "Node Type": "Seq Scan",
                  "Parent Relationship": "Outer",
                  "Parallel Aware": true,
                  "Relation Name": "movie_keyword",
                  "Alias": "mk",
                  "Startup Cost": 0.0,
                  "Total Cost": 42695.65,
                  "Plan Rows": 467842,
                  "Plan Width": 0,
                  "Actual Startup Time": 0.052,
                  "Actual Total Time": 107.629,
                  "Actual Rows": 361872,
                  "Actual Loops": 4,
                  "Filter": "(keyword_id < 2035)",
                  "Rows Removed by Filter": 769110
                }
              ]
            }
          ]
        }
      ]
    },
    "Planning Time": 0.097,
    "Triggers": [],
    "Execution Time": 144.502
  }
]