{
  "Plan": {
    "Node Type": "Aggregate",
    "Strategy": "Plain",
    "Partial Mode": "Finalize",
    "Parallel Aware": false,
    "Startup Cost": 97567.02,
    "Total Cost": 97567.03,
    "Plan Rows": 1,
    "Plan Width": 8,
    "Actual Startup Time": 398.263,
    "Actual Total Time": 416.362,
    "Actual Rows": 1,
    "Actual Loops": 1,
    "Plans": [
      {
        "Node Type": "Gather",
        "Parent Relationship": "Outer",
        "Parallel Aware": false,
        "Startup Cost": 97566.91,
        "Total Cost": 97567.02,
        "Plan Rows": 1,
        "Plan Width": 8,
        "Actual Startup Time": 398.082,
        "Actual Total Time": 416.353,
        "Actual Rows": 2,
        "Actual Loops": 1,
        "Workers Planned": 1,
        "Workers Launched": 1,
        "Single Copy": false,
        "Plans": [
          {
            "Node Type": "Aggregate",
            "Strategy": "Plain",
            "Partial Mode": "Partial",
            "Parent Relationship": "Outer",
            "Parallel Aware": false,
            "Startup Cost": 96566.91,
            "Total Cost": 96566.92,
            "Plan Rows": 1,
            "Plan Width": 8,
            "Actual Startup Time": 392.378,
            "Actual Total Time": 392.381,
            "Actual Rows": 1,
            "Actual Loops": 2,
            "Plans": [
              {
                "Node Type": "Hash Join",
                "Parent Relationship": "Outer",
                "Parallel Aware": true,
                "Join Type": "Inner",
                "Startup Cost": 58384.23,
                "Total Cost": 96550.86,
                "Plan Rows": 6419,
                "Plan Width": 0,
                "Actual Startup Time": 149.763,
                "Actual Total Time": 391.745,
                "Actual Rows": 9326,
                "Actual Loops": 2,
                "Inner Unique": true,
                "Hash Cond": "(mc.movie_id = t.id)",
                "Plans": [
                  {
                    "Node Type": "Seq Scan",
                    "Parent Relationship": "Outer",
                    "Parallel Aware": true,
                    "Relation Name": "movie_companies",
                    "Alias": "mc",
                    "Startup Cost": 0.0,
                    "Total Cost": 34137.82,
                    "Plan Rows": 1534782,
                    "Plan Width": 4,
                    "Actual Startup Time": 0.014,
                    "Actual Total Time": 116.419,
                    "Actual Rows": 1304564,
                    "Actual Loops": 2
                  },
                  {
                    "Node Type": "Hash",
                    "Parent Relationship": "Inner",
                    "Parallel Aware": true,
                    "Startup Cost": 58306.47,
                    "Total Cost": 58306.47,
                    "Plan Rows": 6221,
                    "Plan Width": 4,
                    "Actual Startup Time": 148.82,
                    "Actual Total Time": 148.821,
                    "Actual Rows": 5098,
                    "Actual Loops": 2,
                    "Hash Buckets": 16384,
                    "Original Hash Buckets": 16384,
                    "Hash Batches": 1,
                    "Original Hash Batches": 1,
                    "Peak Memory Usage": 576,
                    "Plans": [
                      {
                        "Node Type": "Seq Scan",
                        "Parent Relationship": "Outer",
                        "Parallel Aware": true,
                        "Relation Name": "title",
                        "Alias": "t",
                        "Startup Cost": 0.0,
                        "Total Cost": 58306.47,
                        "Plan Rows": 6221,
                        "Plan Width": 4,
                        "Actual Startup Time": 0.652,
                        "Actual Total Time": 146.881,
                        "Actual Rows": 5098,
                        "Actual Loops": 2,
                        "Filter": "((kind_id < 7) AND (production_year = 1992))",
                        "Rows Removed by Filter": 1259058
                      }
                    ]
                  }
                ]
              }
            ]
          }
        ]
      }
    ]
  },
  "Planning Time": 0.477,
  "Triggers": [],
  "Execution Time": 416.435
}