{
  "Plan": {
    "Node Type": "Aggregate",
    "Strategy": "Plain",
    "Partial Mode": "Finalize",
    "Parallel Aware": false,
    "Startup Cost": 115950.98,
    "Total Cost": 115950.99,
    "Plan Rows": 1,
    "Plan Width": 8,
    "Actual Startup Time": 435.712,
    "Actual Total Time": 470.535,
    "Actual Rows": 1,
    "Actual Loops": 1,
    "Plans": [
      {
        "Node Type": "Gather",
        "Parent Relationship": "Outer",
        "Parallel Aware": false,
        "Startup Cost": 115950.87,
        "Total Cost": 115950.98,
        "Plan Rows": 1,
        "Plan Width": 8,
        "Actual Startup Time": 435.687,
        "Actual Total Time": 470.529,
        "Actual Rows": 2,
        "Actual Loops": 1,
        "Workers Planned": 1,
        "Workers Launched": 1,
        "Single Copy": false,
        "Plans": [
          {
            "Node Type": "Aggregate",
            "Strategy": "Plain",
            "Partial Mode": "Partial",
            "Parent Relationship": "Outer",
            "Parallel Aware": false,
            "Startup Cost": 114950.87,
            "Total Cost": 114950.88,
            "Plan Rows": 1,
            "Plan Width": 8,
            "Actual Startup Time": 429.85,
            "Actual Total Time": 429.853,
            "Actual Rows": 1,
            "Actual Loops": 2,
            "Plans": [
              {
                "Node Type": "Nested Loop",
                "Parent Relationship": "Outer",
                "Parallel Aware": false,
                "Join Type": "Inner",
                "Startup Cost": 55080.85,
                "Total Cost": 114926.23,
                "Plan Rows": 9854,
                "Plan Width": 0,
                "Actual Startup Time": 135.884,
                "Actual Total Time": 427.34,
                "Actual Rows": 50435,
                "Actual Loops": 2,
                "Inner Unique": false,
                "Join Filter": "(t.id = mi.movie_id)",
                "Rows Removed by Join Filter": 0,
                "Plans": [
                  {
                    "Node Type": "Hash Join",
                    "Parent Relationship": "Outer",
                    "Parallel Aware": true,
                    "Join Type": "Inner",
                    "Startup Cost": 55080.41,
                    "Total Cost": 73264.2,
                    "Plan Rows": 21485,
                    "Plan Width": 8,
                    "Actual Startup Time": 135.769,
                    "Actual Total Time": 243.504,
                    "Actual Rows": 22654,
                    "Actual Loops": 2,
                    "Inner Unique": true,
                    "Hash Cond": "(mi_idx.movie_id = t.id)",
                    "Plans": [
                      {
                        "Node Type": "Seq Scan",
                        "Parent Relationship": "Outer",
                        "Parallel Aware": true,
                        "Relation Name": "movie_info_idx",
                        "Alias": "mi_idx",
                        "Startup Cost": 0.0,
                        "Total Cost": 16052.85,
                        "Plan Rows": 811785,
                        "Plan Width": 4,
                        "Actual Startup Time": 0.017,
                        "Actual Total Time": 45.138,
                        "Actual Rows": 690018,
                        "Actual Loops": 2
                      },
                      {
                        "Node Type": "Hash",
                        "Parent Relationship": "Inner",
                        "Parallel Aware": true,
                        "Startup Cost": 54588.39,
                        "Total Cost": 54588.39,
                        "Plan Rows": 39362,
                        "Plan Width": 4,
                        "Actual Startup Time": 134.604,
                        "Actual Total Time": 134.605,
                        "Actual Rows": 33888,
                        "Actual Loops": 2,
                        "Hash Buckets": 131072,
                        "Original Hash Buckets": 131072,
                        "Hash Batches": 1,
                        "Original Hash Batches": 1,
                        "Peak Memory Usage": 3680,
                        "Plans": [
                          {
                            "Node Type": "Seq Scan",
                            "Parent Relationship": "Outer",
                            "Parallel Aware": true,
                            "Relation Name": "title",
                            "Alias": "t",
                            "Startup Cost": 0.0,
                            "Total Cost": 54588.39,
                            "Plan Rows": 39362,
                            "Plan Width": 4,
                            "Actual Startup Time": 0.03,
                            "Actual Total Time": 124.197,
                            "Actual Rows": 33888,
                            "Actual Loops": 2,
                            "Filter": "(production_year = 2003)",
                            "Rows Removed by Filter": 1230268
                          }
                        ]
                      }
                    ]
                  },
                  {
                    "Node Type": "Index Scan",
                    "Parent Relationship": "Inner",
                    "Parallel Aware": false,
                    "Scan Direction": "Forward",
                    "Index Name": "movie_id_movie_info",
                    "Relation Name": "movie_info",
                    "Alias": "mi",
                    "Startup Cost": 0.43,
                    "Total Cost": 1.9,
                    "Plan Rows": 3,
                    "Plan Width": 4,
                    "Actual Startup Time": 0.006,
                    "Actual Total Time": 0.008,
                    "Actual Rows": 2,
                    "Actual Loops": 45309,
                    "Index Cond": "(movie_id = mi_idx.movie_id)",
                    "Rows Removed by Index Recheck": 0,
                    "Filter": "(info_type_id > 64)",
                    "Rows Removed by Filter": 13
                  }
                ]
              }
            ]
          }
        ]
      }
    ]
  },
  "Planning Time": 0.427,
  "Triggers": [],
  "Execution Time": 470.591
}