[
  {
    "Plan": {
      "Node Type": "Aggregate",
      "Strategy": "Plain",
      "Partial Mode": "Finalize",
      "Parallel Aware": false,
      "Startup Cost": 340154.49,
      "Total Cost": 340154.5,
      "Plan Rows": 1,
      "Plan Width": 8,
      "Actual Startup Time": 876.558,
      "Actual Total Time": 921.484,
      "Actual Rows": 1,
      "Actual Loops": 1,
      "Plans": [
        {
          "Node Type": "Gather",
          "Parent Relationship": "Outer",
          "Parallel Aware": false,
          "Startup Cost": 340153.86,
          "Total Cost": 340154.47,
          "Plan Rows": 6,
          "Plan Width": 8,
          "Actual Startup Time": 876.183,
          "Actual Total Time": 921.464,
          "Actual Rows": 7,
          "Actual Loops": 1,
          "Workers Planned": 6,
          "Workers Launched": 6,
          "Single Copy": false,
          "Plans": [
            {
              "Node Type": "Aggregate",
              "Strategy": "Plain",
              "Partial Mode": "Partial",
              "Parent Relationship": "Outer",
              "Parallel Aware": false,
              "Startup Cost": 339153.86,
              "Total Cost": 339153.87,
              "Plan Rows": 1,
              "Plan Width": 8,
              "Actual Startup Time": 869.043,
              "Actual Total Time": 869.046,
              "Actual Rows": 1,
              "Actual Loops": 7,
              "Plans": [
                {
                  "Node Type": "Seq Scan",
                  "Parent Relationship": "Outer",
                  "Parallel Aware": true,
                  "Relation Name": "cast_info",
                  "Alias": "ci",
                  "Startup Cost": 0.0,
                  "Total Cost": 328211.39,
                  "Plan Rows": 4376988,
                  "Plan Width": 0,
                  "Actual Startup Time": 0.046,
                  "Actual Total Time": 680.796,
                  "Actual Rows": 3767617,
                  "Actual Loops": 7,
                  "Filter": "(person_id < 2725113)",
                  "Rows Removed by Filter": 1410146
                }
              ]
            }
          ]
        }
      ]
    },
    "Planning Time": 0.097,
    "Triggers": [],
    "Execution Time": 921.527
  }
]