[
  {
    "Plan": {
      "Node Type": "Aggregate",
      "Strategy": "Plain",
      "Partial Mode": "Finalize",
      "Parallel Aware": false,
      "Startup Cost": 348723.01,
      "Total Cost": 348723.02,
      "Plan Rows": 1,
      "Plan Width": 8,
      "Actual Startup Time": 751.164,
      "Actual Total Time": 796.882,
      "Actual Rows": 1,
      "Actual Loops": 1,
      "Plans": [
        {
          "Node Type": "Gather",
          "Parent Relationship": "Outer",
          "Parallel Aware": false,
          "Startup Cost": 348722.39,
          "Total Cost": 348722.99,
          "Plan Rows": 6,
          "Plan Width": 8,
          "Actual Startup Time": 750.979,
          "Actual Total Time": 796.868,
          "Actual Rows": 7,
          "Actual Loops": 1,
          "Workers Planned": 6,
          "Workers Launched": 6,
          "Single Copy": false,
          "Plans": [
            {
              "Node Type": "Aggregate",
              "Strategy": "Plain",
              "Partial Mode": "Partial",
              "Parent Relationship": "Outer",
              "Parallel Aware": false,
              "Startup Cost": 347722.39,
              "Total Cost": 347722.4,
              "Plan Rows": 1,
              "Plan Width": 8,
              "Actual Startup Time": 743.091,
              "Actual Total Time": 743.095,
              "Actual Rows": 1,
              "Actual Loops": 7,
              "Plans": [
                {
                  "Node Type": "Seq Scan",
                  "Parent Relationship": "Outer",
                  "Parallel Aware": true,
                  "Relation Name": "cast_info",
                  "Alias": "ci",
                  "Startup Cost": 0.0,
                  "Total Cost": 343316.27,
                  "Plan Rows": 1762446,
                  "Plan Width": 0,
                  "Actual Startup Time": 0.058,
                  "Actual Total Time": 657.942,
                  "Actual Rows": 1726932,
                  "Actual Loops": 7,
                  "Filter": "((person_id < 1324856) AND (role_id < 8))",
                  "Rows Removed by Filter": 3450832
                }
              ]
            }
          ]
        }
      ]
    },
    "Planning Time": 0.106,
    "Triggers": [],
    "Execution Time": 796.921
  }
]