[
  {
    "Plan": {
      "Node Type": "Aggregate",
      "Strategy": "Plain",
      "Partial Mode": "Finalize",
      "Parallel Aware": false,
      "Startup Cost": 348704.58,
      "Total Cost": 348704.59,
      "Plan Rows": 1,
      "Plan Width": 8,
      "Actual Startup Time": 769.524,
      "Actual Total Time": 826.853,
      "Actual Rows": 1,
      "Actual Loops": 1,
      "Plans": [
        {
          "Node Type": "Gather",
          "Parent Relationship": "Outer",
          "Parallel Aware": false,
          "Startup Cost": 348703.96,
          "Total Cost": 348704.57,
          "Plan Rows": 6,
          "Plan Width": 8,
          "Actual Startup Time": 769.406,
          "Actual Total Time": 826.843,
          "Actual Rows": 7,
          "Actual Loops": 1,
          "Workers Planned": 6,
          "Workers Launched": 6,
          "Single Copy": false,
          "Plans": [
            {
              "Node Type": "Aggregate",
              "Strategy": "Plain",
              "Partial Mode": "Partial",
              "Parent Relationship": "Outer",
              "Parallel Aware": false,
              "Startup Cost": 347703.96,
              "Total Cost": 347703.97,
              "Plan Rows": 1,
              "Plan Width": 8,
              "Actual Startup Time": 761.639,
              "Actual Total Time": 761.64,
              "Actual Rows": 1,
              "Actual Loops": 7,
              "Plans": [
                {
                  "Node Type": "Seq Scan",
                  "Parent Relationship": "Outer",
                  "Parallel Aware": true,
                  "Relation Name": "cast_info",
                  "Alias": "ci",
                  "Startup Cost": 0.0,
                  "Total Cost": 343257.03,
                  "Plan Rows": 1778772,
                  "Plan Width": 0,
                  "Actual Startup Time": 0.045,
                  "Actual Total Time": 678.669,
                  "Actual Rows": 1726932,
                  "Actual Loops": 7,
                  "Filter": "((person_id < 1324856) AND (role_id < 8))",
                  "Rows Removed by Filter": 3450832
                }
              ]
            }
          ]
        }
      ]
    },
    "Planning Time": 0.167,
    "Triggers": [],
    "Execution Time": 826.917
  }
]