[
  {
    "Plan": {
      "Node Type": "Aggregate",
      "Strategy": "Plain",
      "Partial Mode": "Finalize",
      "Parallel Aware": false,
      "Startup Cost": 201688.51,
      "Total Cost": 201688.52,
      "Plan Rows": 1,
      "Plan Width": 8,
      "Actual Startup Time": 993.661,
      "Actual Total Time": 1066.178,
      "Actual Rows": 1,
      "Actual Loops": 1,
      "Plans": [
        {
          "Node Type": "Gather",
          "Parent Relationship": "Outer",
          "Parallel Aware": false,
          "Startup Cost": 201688.29,
          "Total Cost": 201688.5,
          "Plan Rows": 2,
          "Plan Width": 8,
          "Actual Startup Time": 992.268,
          "Actual Total Time": 1066.17,
          "Actual Rows": 3,
          "Actual Loops": 1,
          "Workers Planned": 2,
          "Workers Launched": 2,
          "Single Copy": false,
          "Plans": [
            {
              "Node Type": "Aggregate",
              "Strategy": "Plain",
              "Partial Mode": "Partial",
              "Parent Relationship": "Outer",
              "Parallel Aware": false,
              "Startup Cost": 200688.29,
              "Total Cost": 200688.3,
              "Plan Rows": 1,
              "Plan Width": 8,
              "Actual Startup Time": 984.251,
              "Actual Total Time": 984.255,
              "Actual Rows": 1,
              "Actual Loops": 3,
              "Plans": [
                {
                  "Node Type": "Nested Loop",
                  "Parent Relationship": "Outer",
                  "Parallel Aware": false,
                  "Join Type": "Inner",
                  "Startup Cost": 45113.36,
                  "Total Cost": 200311.03,
                  "Plan Rows": 150903,
                  "Plan Width": 0,
                  "Actual Startup Time": 168.809,
                  "Actual Total Time": 971.302,
                  "Actual Rows": 212119,
                  "Actual Loops": 3,
                  "Inner Unique": false,
                  "Join Filter": "(t.id = ci.movie_id)",
                  "Rows Removed by Join Filter": 0,
                  "Plans": [
                    {
                      "Node Type": "Hash Join",
                      "Parent Relationship": "Outer",
                      "Parallel Aware": true,
                      "Join Type": "Inner",
                      "Startup Cost": 45112.8,
                      "Total Cost": 60733.59,
                      "Plan Rows": 29142,
                      "Plan Width": 8,
                      "Actual Startup Time": 168.722,
                      "Actual Total Time": 275.37,
                      "Actual Rows": 14613,
                      "Actual Loops": 3,
                      "Inner Unique": true,
                      "Hash Cond": "(mi_idx.movie_id = t.id)",
                      "Plans": [
                        {
                          "Node Type": "Seq Scan",
                          "Parent Relationship": "Outer",
                          "Parallel Aware": true,
                          "Relation Name": "movie_info_idx",
                          "Alias": "mi_idx",
                          "Startup Cost": 0.0,
                          "Total Cost": 15122.68,
                          "Plan Rows": 189755,
                          "Plan Width": 4,
                          "Actual Startup Time": 0.015,
                          "Actual Total Time": 44.896,
                          "Actual Rows": 153308,
                          "Actual Loops": 3,
                          "Filter": "(info_type_id < 100)",
                          "Rows Removed by Filter": 306703
                        },
                        {
                          "Node Type": "Hash",
                          "Parent Relationship": "Inner",
                          "Parallel Aware": true,
                          "Startup Cost": 43899.32,
                          "Total Cost": 43899.32,
                          "Plan Rows": 97078,
                          "Plan Width": 4,
                          "Actual Startup Time": 165.755,
                          "Actual Total Time": 165.756,
                          "Actual Rows": 130555,
                          "Actual Loops": 3,
                          "Hash Buckets": 524288,
                          "Original Hash Buckets": 524288,
                          "Hash Batches": 1,
                          "Original Hash Batches": 1,
                          "Peak Memory Usage": 19456,
                          "Plans": [
                            {
                              "Node Type": "Seq Scan",
                              "Parent Relationship": "Outer",
                              "Parallel Aware": true,
                              "Relation Name": "title",
                              "Alias": "t",
                              "Startup Cost": 0.0,
                              "Total Cost": 43899.32,
                              "Plan Rows": 97078,
                              "Plan Width": 4,
                              "Actual Startup Time": 0.045,
                              "Actual Total Time": 118.732,
                              "Actual Rows": 130555,
                              "Actual Loops": 3,
                              "Filter": "(production_year > 2010)",
                              "Rows Removed by Filter": 712215
                            }
                          ]
                        }
                      ]
                    },
                    {
                      "Node Type": "Index Scan",
                      "Parent Relationship": "Inner",
                      "Parallel Aware": false,
                      "Scan Direction": "Forward",
                      "Index Name": "movie_id_cast_info",
                      "Relation Name": "cast_info",
                      "Alias": "ci",
                      "Startup Cost": 0.56,
                      "Total Cost": 4.63,
                      "Plan Rows": 13,
                      "Plan Width": 4,
                      "Actual Startup Time": 0.024,
                      "Actual Total Time": 0.046,
                      "Actual Rows": 15,
                      "Actual Loops": 43838,
                      "Index Cond": "(movie_id = mi_idx.movie_id)",
                      "Rows Removed by Index Recheck": 0,
                      "Filter": "(person_id > 2385462)",
                      "Rows Removed by Filter": 19
                    }
                  ]
                }
              ]
            }
          ]
        }
      ]
    },
    "Planning Time": 0.853,
    "Triggers": [],
    "Execution Time": 1066.249
  }
]