[
  {
    "Plan": {
      "Node Type": "Aggregate",
      "Strategy": "Plain",
      "Partial Mode": "Finalize",
      "Parallel Aware": false,
      "Startup Cost": 39479.18,
      "Total Cost": 39479.19,
      "Plan Rows": 1,
      "Plan Width": 8,
      "Actual Startup Time": 133.449,
      "Actual Total Time": 141.262,
      "Actual Rows": 1,
      "Actual Loops": 1,
      "Plans": [
        {
          "Node Type": "Gather",
          "Parent Relationship": "Outer",
          "Parallel Aware": false,
          "Startup Cost": 39478.86,
          "Total Cost": 39479.17,
          "Plan Rows": 3,
          "Plan Width": 8,
          "Actual Startup Time": 133.239,
          "Actual Total Time": 141.253,
          "Actual Rows": 4,
          "Actual Loops": 1,
          "Workers Planned": 3,
          "Workers Launched": 3,
          "Single Copy": false,
          "Plans": [
            {
              "Node Type": "Aggregate",
              "Strategy": "Plain",
              "Partial Mode": "Partial",
              "Parent Relationship": "Outer",
              "Parallel Aware": false,
              "Startup Cost": 38478.86,
              "Total Cost": 38478.87,
              "Plan Rows": 1,
              "Plan Width": 8,
              "Actual Startup Time": 126.678,
              "Actual Total Time": 126.679,
              "Actual Rows": 1,
              "Actual Loops": 4,
              "Plans": [
                {
                  "Node Type": "Bitmap Heap Scan",
                  "Parent Relationship": "Outer",
                  "Parallel Aware": true,
                  "Relation Name": "movie_keyword",
                  "Alias": "mk",
                  "Startup Cost": 11420.21,
                  "Total Cost": 38044.75,
                  "Plan Rows": 173643,
                  "Plan Width": 0,
                  "Actual Startup Time": 50.523,
                  "Actual Total Time": 119.546,
                  "Actual Rows": 130004,
                  "Actual Loops": 4,
                  "Recheck Cond": "(keyword_id > 34795)",
                  "Rows Removed by Index Recheck": 0,
                  "Exact Heap Blocks": 10395,
                  "Lossy Heap Blocks": 0,
                  "Plans": [
                    {
                      "Node Type": "Bitmap Index Scan",
                      "Parent Relationship": "Outer",
                      "Parallel Aware": false,
                      "Index Name": "keyword_id_movie_keyword",
                      "Startup Cost": 0.0,
                      "Total Cost": 11285.64,
                      "Plan Rows": 538294,
                      "Plan Width": 0,
                      "Actual Startup Time": 52.815,
                      "Actual Total Time": 52.815,
                      "Actual Rows": 520016,
                      "Actual Loops": 1,
                      "Index Cond": "(keyword_id > 34795)"
                    }
                  ]
                }
              ]
            }
          ]
        }
      ]
    },
    "Planning Time": 0.183,
    "Triggers": [],
    "Execution Time": 141.337
  }
]