[
  {
    "Plan": {
      "Node Type": "Aggregate",
      "Strategy": "Plain",
      "Partial Mode": "Finalize",
      "Parallel Aware": false,
      "Startup Cost": 127058.55,
      "Total Cost": 127058.56,
      "Plan Rows": 1,
      "Plan Width": 8,
      "Actual Startup Time": 490.541,
      "Actual Total Time": 512.709,
      "Actual Rows": 1,
      "Actual Loops": 1,
      "Plans": [
        {
          "Node Type": "Gather",
          "Parent Relationship": "Outer",
          "Parallel Aware": false,
          "Startup Cost": 127058.24,
          "Total Cost": 127058.55,
          "Plan Rows": 3,
          "Plan Width": 8,
          "Actual Startup Time": 489.435,
          "Actual Total Time": 512.697,
          "Actual Rows": 4,
          "Actual Loops": 1,
          "Workers Planned": 3,
          "Workers Launched": 3,
          "Single Copy": false,
          "Plans": [
            {
              "Node Type": "Aggregate",
              "Strategy": "Plain",
              "Partial Mode": "Partial",
              "Parent Relationship": "Outer",
              "Parallel Aware": false,
              "Startup Cost": 126058.24,
              "Total Cost": 126058.25,
              "Plan Rows": 1,
              "Plan Width": 8,
              "Actual Startup Time": 480.382,
              "Actual Total Time": 480.507,
              "Actual Rows": 1,
              "Actual Loops": 4,
              "Plans": [
                {
                  "Node Type": "Hash Join",
                  "Parent Relationship": "Outer",
                  "Parallel Aware": true,
                  "Join Type": "Inner",
                  "Startup Cost": 80618.92,
                  "Total Cost": 125598.48,
                  "Plan Rows": 183901,
                  "Plan Width": 0,
                  "Actual Startup Time": 300.263,
                  "Actual Total Time": 463.177,
                  "Actual Rows": 435886,
                  "Actual Loops": 4,
                  "Inner Unique": false,
                  "Hash Cond": "(mk.movie_id = t.id)",
                  "Plans": [
                    {
                      "Node Type": "Seq Scan",
                      "Parent Relationship": "Outer",
                      "Parallel Aware": true,
                      "Relation Name": "movie_keyword",
                      "Alias": "mk",
                      "Startup Cost": 0.0,
                      "Total Cost": 39047.32,
                      "Plan Rows": 1459332,
                      "Plan Width": 4,
                      "Actual Startup Time": 0.024,
                      "Actual Total Time": 88.418,
                      "Actual Rows": 1130982,
                      "Actual Loops": 4
                    },
                    {
                      "Node Type": "Hash",
                      "Parent Relationship": "Inner",
                      "Parallel Aware": true,
                      "Startup Cost": 79623.27,
                      "Total Cost": 79623.27,
                      "Plan Rows": 79652,
                      "Plan Width": 8,
                      "Actual Startup Time": 256.847,
                      "Actual Total Time": 256.971,
                      "Actual Rows": 26145,
                      "Actual Loops": 4,
                      "Hash Buckets": 524288,
                      "Original Hash Buckets": 524288,
                      "Hash Batches": 1,
                      "Original Hash Batches": 1,
                      "Peak Memory Usage": 8256,
                      "Plans": [
                        {
                          "Node Type": "Hash Join",
                          "Parent Relationship": "Outer",
                          "Parallel Aware": true,
                          "Join Type": "Inner",
                          "Startup Cost": 33227.28,
                          "Total Cost": 79623.27,
                          "Plan Rows": 79652,
                          "Plan Width": 8,
                          "Actual Startup Time": 181.59,
                          "Actual Total Time": 247.812,
                          "Actual Rows": 26145,
                          "Actual Loops": 4,
                          "Inner Unique": false,
                          "Hash Cond": "(t.id = mc.movie_id)",
                          "Plans": [
                            {
                              "Node Type": "Seq Scan",
                              "Parent Relationship": "Outer",
                              "Parallel Aware": true,
                              "Relation Name": "title",
                              "Alias": "t",
                              "Startup Cost": 0.0,
                              "Total Cost": 43898.92,
                              "Plan Rows": 448026,
                              "Plan Width": 4,
                              "Actual Startup Time": 0.014,
                              "Actual Total Time": 91.539,
                              "Actual Rows": 448538,
                              "Actual Loops": 4,
                              "Filter": "(production_year < 2009)",
                              "Rows Removed by Filter": 183540
                            },
                            {
                              "Node Type": "Hash",
                              "Parent Relationship": "Inner",
                              "Parallel Aware": true,
                              "Startup Cost": 31414.82,
                              "Total Cost": 31414.82,
                              "Plan Rows": 144997,
                              "Plan Width": 4,
                              "Actual Startup Time": 93.444,
                              "Actual Total Time": 93.445,
                              "Actual Rows": 33579,
                              "Actual Loops": 4,
                              "Hash Buckets": 524288,
                              "Original Hash Buckets": 524288,
                              "Hash Batches": 1,
                              "Original Hash Batches": 1,
                              "Peak Memory Usage": 9408,
                              "Plans": [
                                {
                                  "Node Type": "Seq Scan",
                                  "Parent Relationship": "Outer",
                                  "Parallel Aware": true,
                                  "Relation Name": "movie_companies",
                                  "Alias": "mc",
                                  "Startup Cost": 0.0,
                                  "Total Cost": 31414.82,
                                  "Plan Rows": 144997,
                                  "Plan Width": 4,
                                  "Actual Startup Time": 24.671,
                                  "Actual Total Time": 76.611,
                                  "Actual Rows": 33579,
                                  "Actual Loops": 4,
                                  "Filter": "((company_id > 19885) AND (company_type_id < 2))",
                                  "Rows Removed by Filter": 618703
                                }
                              ]
                            }
                          ]
                        }
                      ]
                    }
                  ]
                }
              ]
            }
          ]
        }
      ]
    },
    "Planning Time": 1.462,
    "Triggers": [],
    "Execution Time": 512.794
  }
]