{
  "Plan": {
    "Node Type": "Aggregate",
    "Strategy": "Plain",
    "Partial Mode": "Finalize",
    "Parallel Aware": false,
    "Startup Cost": 150250.96,
    "Total Cost": 150250.97,
    "Plan Rows": 1,
    "Plan Width": 8,
    "Actual Startup Time": 813.239,
    "Actual Total Time": 828.538,
    "Actual Rows": 1,
    "Actual Loops": 1,
    "Plans": [
      {
        "Node Type": "Gather",
        "Parent Relationship": "Outer",
        "Parallel Aware": false,
        "Startup Cost": 150250.84,
        "Total Cost": 150250.95,
        "Plan Rows": 1,
        "Plan Width": 8,
        "Actual Startup Time": 812.271,
        "Actual Total Time": 828.531,
        "Actual Rows": 2,
        "Actual Loops": 1,
        "Workers Planned": 1,
        "Workers Launched": 1,
        "Single Copy": false,
        "Plans": [
          {
            "Node Type": "Aggregate",
            "Strategy": "Plain",
            "Partial Mode": "Partial",
            "Parent Relationship": "Outer",
            "Parallel Aware": false,
            "Startup Cost": 149250.84,
            "Total Cost": 149250.85,
            "Plan Rows": 1,
            "Plan Width": 8,
            "Actual Startup Time": 805.9,
            "Actual Total Time": 806.083,
            "Actual Rows": 1,
            "Actual Loops": 2,
            "Plans": [
              {
                "Node Type": "Hash Join",
                "Parent Relationship": "Outer",
                "Parallel Aware": true,
                "Join Type": "Inner",
                "Startup Cost": 86749.4,
                "Total Cost": 148816.35,
                "Plan Rows": 173798,
                "Plan Width": 0,
                "Actual Startup Time": 510.421,
                "Actual Total Time": 780.525,
                "Actual Rows": 652692,
                "Actual Loops": 2,
                "Inner Unique": false,
                "Hash Cond": "(mk.movie_id = t.id)",
                "Plans": [
                  {
                    "Node Type": "Seq Scan",
                    "Parent Relationship": "Outer",
                    "Parallel Aware": true,
                    "Relation Name": "movie_keyword",
                    "Alias": "mk",
                    "Startup Cost": 0.0,
                    "Total Cost": 51065.35,
                    "Plan Rows": 2661135,
                    "Plan Width": 4,
                    "Actual Startup Time": 0.012,
                    "Actual Total Time": 156.371,
                    "Actual Rows": 2261965,
                    "Actual Loops": 2
                  },
                  {
                    "Node Type": "Hash",
                    "Parent Relationship": "Inner",
                    "Parallel Aware": true,
                    "Startup Cost": 85535.26,
                    "Total Cost": 85535.26,
                    "Plan Rows": 97131,
                    "Plan Width": 8,
                    "Actual Startup Time": 398.95,
                    "Actual Total Time": 399.13,
                    "Actual Rows": 80560,
                    "Actual Loops": 2,
                    "Hash Buckets": 262144,
                    "Original Hash Buckets": 262144,
                    "Hash Batches": 1,
                    "Original Hash Batches": 1,
                    "Peak Memory Usage": 8384,
                    "Plans": [
                      {
                        "Node Type": "Hash Join",
                        "Parent Relationship": "Outer",
                        "Parallel Aware": true,
                        "Join Type": "Inner",
                        "Startup Cost": 24798.4,
                        "Total Cost": 85535.26,
                        "Plan Rows": 97131,
                        "Plan Width": 8,
                        "Actual Startup Time": 260.85,
                        "Actual Total Time": 375.022,
                        "Actual Rows": 80560,
                        "Actual Loops": 2,
                        "Inner Unique": false,
                        "Hash Cond": "(t.id = mc.movie_id)",
                        "Plans": [
                          {
                            "Node Type": "Seq Scan",
                            "Parent Relationship": "Outer",
                            "Parallel Aware": true,
                            "Relation Name": "title",
                            "Alias": "t",
                            "Startup Cost": 0.0,
                            "Total Cost": 50870.31,
                            "Plan Rows": 1487231,
                            "Plan Width": 4,
                            "Actual Startup Time": 0.009,
                            "Actual Total Time": 125.822,
                            "Actual Rows": 1264156,
                            "Actual Loops": 2
                          },
                          {
                            "Node Type": "Hash",
                            "Parent Relationship": "Inner",
                            "Parallel Aware": true,
                            "Startup Cost": 23584.26,
                            "Total Cost": 23584.26,
                            "Plan Rows": 97131,
                            "Plan Width": 4,
                            "Actual Startup Time": 68.723,
                            "Actual Total Time": 68.725,
                            "Actual Rows": 80560,
                            "Actual Loops": 2,
                            "Hash Buckets": 262144,
                            "Original Hash Buckets": 262144,
                            "Hash Batches": 1,
                            "Original Hash Batches": 1,
                            "Peak Memory Usage": 8384,
                            "Plans": [
                              {
                                "Node Type": "Bitmap Heap Scan",
                                "Parent Relationship": "Outer",
                                "Parallel Aware": true,
                                "Relation Name": "movie_companies",
                                "Alias": "mc",
                                "Startup Cost": 3580.13,
                                "Total Cost": 23584.26,
                                "Plan Rows": 97131,
                                "Plan Width": 4,
                                "Actual Startup Time": 21.748,
                                "Actual Total Time": 48.305,
                                "Actual Rows": 80560,
                                "Actual Loops": 2,
                                "Recheck Cond": "(company_id > 127324)",
                                "Rows Removed by Index Recheck": 0,
                                "Exact Heap Blocks": 3053,
                                "Lossy Heap Blocks": 0,
                                "Plans": [
                                  {
                                    "Node Type": "Bitmap Index Scan",
                                    "Parent Relationship": "Outer",
                                    "Parallel Aware": false,
                                    "Index Name": "company_id_movie_companies",
                                    "Startup Cost": 0.0,
                                    "Total Cost": 3538.84,
                                    "Plan Rows": 165122,
                                    "Plan Width": 0,
                                    "Actual Startup Time": 21.464,
                                    "Actual Total Time": 21.464,
                                    "Actual Rows": 161120,
                                    "Actual Loops": 1,
                                    "Index Cond": "(company_id > 127324)"
                                  }
                                ]
                              }
                            ]
                          }
                        ]
                      }
                    ]
                  }
                ]
              }
            ]
          }
        ]
      }
    ]
  },
  "Planning Time": 1.029,
  "Triggers": [],
  "Execution Time": 828.639
}