[
  {
    "Plan": {
      "Node Type": "Aggregate",
      "Strategy": "Plain",
      "Partial Mode": "Finalize",
      "Parallel Aware": false,
      "Startup Cost": 249670.51,
      "Total Cost": 249670.52,
      "Plan Rows": 1,
      "Plan Width": 8,
      "Actual Startup Time": 628.183,
      "Actual Total Time": 663.413,
      "Actual Rows": 1,
      "Actual Loops": 1,
      "Plans": [
        {
          "Node Type": "Gather",
          "Parent Relationship": "Outer",
          "Parallel Aware": false,
          "Startup Cost": 249669.99,
          "Total Cost": 249670.5,
          "Plan Rows": 5,
          "Plan Width": 8,
          "Actual Startup Time": 624.891,
          "Actual Total Time": 663.399,
          "Actual Rows": 6,
          "Actual Loops": 1,
          "Workers Planned": 5,
          "Workers Launched": 5,
          "Single Copy": false,
          "Plans": [
            {
              "Node Type": "Aggregate",
              "Strategy": "Plain",
              "Partial Mode": "Partial",
              "Parent Relationship": "Outer",
              "Parallel Aware": false,
              "Startup Cost": 248669.99,
              "Total Cost": 248670.0,
              "Plan Rows": 1,
              "Plan Width": 8,
              "Actual Startup Time": 613.906,
              "Actual Total Time": 613.912,
              "Actual Rows": 1,
              "Actual Loops": 6,
              "Plans": [
                {
                  "Node Type": "Hash Join",
                  "Parent Relationship": "Outer",
                  "Parallel Aware": true,
                  "Join Type": "Inner",
                  "Startup Cost": 47219.35,
                  "Total Cost": 248263.94,
                  "Plan Rows": 162422,
                  "Plan Width": 0,
                  "Actual Startup Time": 180.682,
                  "Actual Total Time": 601.604,
                  "Actual Rows": 255748,
                  "Actual Loops": 6,
                  "Inner Unique": true,
                  "Hash Cond": "(mi.movie_id = t.id)",
                  "Plans": [
                    {
                      "Node Type": "Seq Scan",
                      "Parent Relationship": "Outer",
                      "Parallel Aware": true,
                      "Relation Name": "movie_info",
                      "Alias": "mi",
                      "Startup Cost": 0.0,
                      "Total Cost": 199108.24,
                      "Plan Rows": 737655,
                      "Plan Width": 4,
                      "Actual Startup Time": 33.935,
                      "Actual Total Time": 333.114,
                      "Actual Rows": 604163,
                      "Actual Loops": 6,
                      "Filter": "(info_type_id < 4)",
                      "Rows Removed by Filter": 1868457
                    },
                    {
                      "Node Type": "Hash",
                      "Parent Relationship": "Inner",
                      "Parallel Aware": true,
                      "Startup Cost": 45479.59,
                      "Total Cost": 45479.59,
                      "Plan Rows": 139181,
                      "Plan Width": 4,
                      "Actual Startup Time": 130.146,
                      "Actual Total Time": 130.149,
                      "Actual Rows": 73119,
                      "Actual Loops": 6,
                      "Hash Buckets": 1048576,
                      "Original Hash Buckets": 1048576,
                      "Hash Batches": 1,
                      "Original Hash Batches": 1,
                      "Peak Memory Usage": 25440,
                      "Plans": [
                        {
                          "Node Type": "Seq Scan",
                          "Parent Relationship": "Outer",
                          "Parallel Aware": true,
                          "Relation Name": "title",
                          "Alias": "t",
                          "Startup Cost": 0.0,
                          "Total Cost": 45479.59,
                          "Plan Rows": 139181,
                          "Plan Width": 4,
                          "Actual Startup Time": 50.607,
                          "Actual Total Time": 94.474,
                          "Actual Rows": 73119,
                          "Actual Loops": 6,
                          "Filter": "((production_year > 1967) AND (kind_id = 1))",
                          "Rows Removed by Filter": 348266
                        }
                      ]
                    }
                  ]
                }
              ]
            }
          ]
        }
      ]
    },
    "Planning Time": 0.641,
    "Triggers": [],
    "Execution Time": 663.489
  }
]