[
  {
    "Plan": {
      "Node Type": "Aggregate",
      "Strategy": "Plain",
      "Partial Mode": "Finalize",
      "Parallel Aware": false,
      "Startup Cost": 249462.55,
      "Total Cost": 249462.56,
      "Plan Rows": 1,
      "Plan Width": 8,
      "Actual Startup Time": 587.467,
      "Actual Total Time": 627.789,
      "Actual Rows": 1,
      "Actual Loops": 1,
      "Plans": [
        {
          "Node Type": "Gather",
          "Parent Relationship": "Outer",
          "Parallel Aware": false,
          "Startup Cost": 249462.03,
          "Total Cost": 249462.54,
          "Plan Rows": 5,
          "Plan Width": 8,
          "Actual Startup Time": 582.388,
          "Actual Total Time": 627.774,
          "Actual Rows": 6,
          "Actual Loops": 1,
          "Workers Planned": 5,
          "Workers Launched": 5,
          "Single Copy": false,
          "Plans": [
            {
              "Node Type": "Aggregate",
              "Strategy": "Plain",
              "Partial Mode": "Partial",
              "Parent Relationship": "Outer",
              "Parallel Aware": false,
              "Startup Cost": 248462.03,
              "Total Cost": 248462.04,
              "Plan Rows": 1,
              "Plan Width": 8,
              "Actual Startup Time": 571.212,
              "Actual Total Time": 571.215,
              "Actual Rows": 1,
              "Actual Loops": 6,
              "Plans": [
                {
                  "Node Type": "Hash Join",
                  "Parent Relationship": "Outer",
                  "Parallel Aware": true,
                  "Join Type": "Inner",
                  "Startup Cost": 47226.82,
                  "Total Cost": 248064.75,
                  "Plan Rows": 158911,
                  "Plan Width": 0,
                  "Actual Startup Time": 167.086,
                  "Actual Total Time": 559.7,
                  "Actual Rows": 255748,
                  "Actual Loops": 6,
                  "Inner Unique": true,
                  "Hash Cond": "(mi.movie_id = t.id)",
                  "Plans": [
                    {
                      "Node Type": "Seq Scan",
                      "Parent Relationship": "Outer",
                      "Parallel Aware": true,
                      "Relation Name": "movie_info",
                      "Alias": "mi",
                      "Startup Cost": 0.0,
                      "Total Cost": 198952.16,
                      "Plan Rows": 718388,
                      "Plan Width": 4,
                      "Actual Startup Time": 29.748,
                      "Actual Total Time": 310.426,
                      "Actual Rows": 604163,
                      "Actual Loops": 6,
                      "Filter": "(info_type_id < 4)",
                      "Rows Removed by Filter": 1868457
                    },
                    {
                      "Node Type": "Hash",
                      "Parent Relationship": "Inner",
                      "Parallel Aware": true,
                      "Startup Cost": 45479.1,
                      "Total Cost": 45479.1,
                      "Plan Rows": 139818,
                      "Plan Width": 4,
                      "Actual Startup Time": 121.14,
                      "Actual Total Time": 121.141,
                      "Actual Rows": 73119,
                      "Actual Loops": 6,
                      "Hash Buckets": 1048576,
                      "Original Hash Buckets": 1048576,
                      "Hash Batches": 1,
                      "Original Hash Batches": 1,
                      "Peak Memory Usage": 25440,
                      "Plans": [
                        {
                          "Node Type": "Seq Scan",
                          "Parent Relationship": "Outer",
                          "Parallel Aware": true,
                          "Relation Name": "title",
                          "Alias": "t",
                          "Startup Cost": 0.0,
                          "Total Cost": 45479.1,
                          "Plan Rows": 139818,
                          "Plan Width": 4,
                          "Actual Startup Time": 48.178,
                          "Actual Total Time": 89.425,
                          "Actual Rows": 73119,
                          "Actual Loops": 6,
                          "Filter": "((production_year > 1967) AND (kind_id = 1))",
                          "Rows Removed by Filter": 348266
                        }
                      ]
                    }
                  ]
                }
              ]
            }
          ]
        }
      ]
    },
    "Planning Time": 0.63,
    "Triggers": [],
    "Execution Time": 627.87
  }
]