{
    "Plan": {
        "Node Type": "Aggregate",
        "Strategy": "Plain",
        "Partial Mode": "Simple",
        "Parallel Aware": false,
        "Startup Cost": 100009673181.16,
        "Total Cost": 100009673181.17,
        "Plan Rows": 1,
        "Plan Width": 8,
        "Actual Startup Time": 10250.447,
        "Actual Total Time": 10250.653,
        "Actual Rows": 1,
        "Actual Loops": 1,
        "Output": [
            "count(*)"
        ],
        "Plans": [
            {
                "Node Type": "Hash Join",
                "Parent Relationship": "Outer",
                "Parallel Aware": false,
                "Join Type": "Inner",
                "Startup Cost": 100009673160.81,
                "Total Cost": 100009673181.16,
                "Plan Rows": 1,
                "Plan Width": 0,
                "Actual Startup Time": 10250.443,
                "Actual Total Time": 10250.648,
                "Actual Rows": 0,
                "Actual Loops": 1,
                "Inner Unique": false,
                "Hash Cond": "(ci.person_id = n.id)",
                "Plans": [
                    {
                        "Node Type": "Merge Join",
                        "Parent Relationship": "Outer",
                        "Parallel Aware": false,
                        "Join Type": "Inner",
                        "Startup Cost": 90009554158.97,
                        "Total Cost": 90009554179.3,
                        "Plan Rows": 1,
                        "Plan Width": 12,
                        "Actual Startup Time": 9757.48,
                        "Actual Total Time": 9757.684,
                        "Actual Rows": 15,
                        "Actual Loops": 1,
                        "Output": [
                            "an.person_id",
                            "ci.person_id",
                            "pi.person_id"
                        ],
                        "Inner Unique": false,
                        "Merge Cond": "(t.id = mi.movie_id)",
                        "Plans": [
                            {
                                "Node Type": "Sort",
                                "Parent Relationship": "Outer",
                                "Parallel Aware": false,
                                "Startup Cost": 10000080243.66,
                                "Total Cost": 10000080243.67,
                                "Plan Rows": 3,
                                "Plan Width": 4,
                                "Actual Startup Time": 238.125,
                                "Actual Total Time": 238.128,
                                "Actual Rows": 2,
                                "Actual Loops": 1,
                                "Output": [
                                    "t.id"
                                ],
                                "Sort Key": [
                                    "t.id"
                                ],
                                "Sort Method": "quicksort",
                                "Sort Space Used": 25,
                                "Sort Space Type": "Memory",
                                "Plans": [
                                    {
                                        "Node Type": "Seq Scan",
                                        "Parent Relationship": "Outer",
                                        "Parallel Aware": false,
                                        "Relation Name": "title",
                                        "Schema": "public",
                                        "Alias": "t",
                                        "Startup Cost": 10000000000.0,
                                        "Total Cost": 10000080243.64,
                                        "Plan Rows": 3,
                                        "Plan Width": 4,
                                        "Actual Startup Time": 210.82,
                                        "Actual Total Time": 238.106,
                                        "Actual Rows": 2,
                                        "Actual Loops": 1,
                                        "Output": [
                                            "t.id"
                                        ],
                                        "Filter": "((t.production_year >= 2001) AND (t.production_year <= 2006) AND (t.title = 'Shrek 2'::text))",
                                        "Rows Removed by Filter": 2528310
                                    }
                                ]
                            },
                            {
                                "Node Type": "Materialize",
                                "Parent Relationship": "Inner",
                                "Parallel Aware": false,
                                "Startup Cost": 80009473915.31,
                                "Total Cost": 80009473935.61,
                                "Plan Rows": 1,
                                "Plan Width": 32,
                                "Actual Startup Time": 9519.348,
                                "Actual Total Time": 9519.546,
                                "Actual Rows": 15,
                                "Actual Loops": 1,
                                "Output": [
                                    "an.person_id",
                                    "ci.movie_id",
                                    "ci.person_id",
                                    "cc.movie_id",
                                    "mc.movie_id",
                                    "mi.movie_id",
                                    "mk.movie_id",
                                    "pi.person_id"
                                ],
                                "Plans": [
                                    {
                                        "Node Type": "Merge Join",
                                        "Parent Relationship": "Outer",
                                        "Parallel Aware": false,
                                        "Join Type": "Inner",
                                        "Startup Cost": 80009473915.31,
                                        "Total Cost": 80009473935.61,
                                        "Plan Rows": 1,
                                        "Plan Width": 32,
                                        "Actual Startup Time": 9519.342,
                                        "Actual Total Time": 9519.536,
                                        "Actual Rows": 15,
                                        "Actual Loops": 1,
                                        "Output": [
                                            "an.person_id",
                                            "ci.movie_id",
                                            "ci.person_id",
                                            "cc.movie_id",
                                            "mc.movie_id",
                                            "mi.movie_id",
                                            "mk.movie_id",
                                            "pi.person_id"
                                        ],
                                        "Inner Unique": false,
                                        "Merge Cond": "(mi.movie_id = mc.movie_id)",
                                        "Plans": [
                                            {
                                                "Node Type": "Sort",
                                                "Parent Relationship": "Outer",
                                                "Parallel Aware": false,
                                                "Startup Cost": 961601.16,
                                                "Total Cost": 961611.3,
                                                "Plan Rows": 4059,
                                                "Plan Width": 4,
                                                "Actual Startup Time": 2654.756,
                                                "Actual Total Time": 2666.052,
                                                "Actual Rows": 338809,
                                                "Actual Loops": 1,
                                                "Output": [
                                                    "mi.movie_id"
                                                ],
                                                "Sort Key": [
                                                    "mi.movie_id"
                                                ],
                                                "Sort Method": "quicksort",
                                                "Sort Space Used": 30458,
                                                "Sort Space Type": "Memory",
                                                "Plans": [
                                                    {
                                                        "Node Type": "Merge Join",
                                                        "Parent Relationship": "Outer",
                                                        "Parallel Aware": false,
                                                        "Join Type": "Inner",
                                                        "Startup Cost": 1000.66,
                                                        "Total Cost": 961357.88,
                                                        "Plan Rows": 4059,
                                                        "Plan Width": 4,
                                                        "Actual Startup Time": 533.995,
                                                        "Actual Total Time": 2546.066,
                                                        "Actual Rows": 387620,
                                                        "Actual Loops": 1,
                                                        "Output": [
                                                            "mi.movie_id"
                                                        ],
                                                        "Inner Unique": false,
                                                        "Merge Cond": "(it.id = mi.info_type_id)",
                                                        "Plans": [
                                                            {
                                                                "Node Type": "Index Scan",
                                                                "Parent Relationship": "Outer",
                                                                "Parallel Aware": false,
                                                                "Scan Direction": "Forward",
                                                                "Index Name": "info_type_pkey",
                                                                "Relation Name": "info_type",
                                                                "Schema": "public",
                                                                "Alias": "it",
                                                                "Startup Cost": 0.14,
                                                                "Total Cost": 14.12,
                                                                "Plan Rows": 1,
                                                                "Plan Width": 4,
                                                                "Actual Startup Time": 0.017,
                                                                "Actual Total Time": 0.064,
                                                                "Actual Rows": 1,
                                                                "Actual Loops": 1,
                                                                "Output": [
                                                                    "it.id",
                                                                    "it.info"
                                                                ],
                                                                "Filter": "((it.info)::text = 'release dates'::text)",
                                                                "Rows Removed by Filter": 112
                                                            },
                                                            {
                                                                "Node Type": "Materialize",
                                                                "Parent Relationship": "Inner",
                                                                "Parallel Aware": false,
                                                                "Startup Cost": 1000.51,
                                                                "Total Cost": 960156.37,
                                                                "Plan Rows": 458720,
                                                                "Plan Width": 8,
                                                                "Actual Startup Time": 41.591,
                                                                "Actual Total Time": 2483.368,
                                                                "Actual Rows": 387683,
                                                                "Actual Loops": 1,
                                                                "Output": [
                                                                    "mi.movie_id",
                                                                    "mi.info_type_id"
                                                                ],
                                                                "Plans": [
                                                                    {
                                                                        "Node Type": "Gather Merge",
                                                                        "Parent Relationship": "Outer",
                                                                        "Parallel Aware": false,
                                                                        "Startup Cost": 1000.51,
                                                                        "Total Cost": 959009.57,
                                                                        "Plan Rows": 458720,
                                                                        "Plan Width": 8,
                                                                        "Actual Startup Time": 41.586,
                                                                        "Actual Total Time": 2420.486,
                                                                        "Actual Rows": 387683,
                                                                        "Actual Loops": 1,
                                                                        "Output": [
                                                                            "mi.movie_id",
                                                                            "mi.info_type_id"
                                                                        ],
                                                                        "Workers Planned": 5,
                                                                        "Workers Launched": 5,
                                                                        "Plans": [
                                                                            {
                                                                                "Node Type": "Index Scan",
                                                                                "Parent Relationship": "Outer",
                                                                                "Parallel Aware": true,
                                                                                "Scan Direction": "Forward",
                                                                                "Index Name": "info_type_id_movie_info",
                                                                                "Relation Name": "movie_info",
                                                                                "Schema": "public",
                                                                                "Alias": "mi",
                                                                                "Startup Cost": 0.43,
                                                                                "Total Cost": 902768.22,
                                                                                "Plan Rows": 91744,
                                                                                "Plan Width": 8,
                                                                                "Actual Startup Time": 16.552,
                                                                                "Actual Total Time": 775.761,
                                                                                "Actual Rows": 64614,
                                                                                "Actual Loops": 6,
                                                                                "Output": [
                                                                                    "mi.movie_id",
                                                                                    "mi.info_type_id"
                                                                                ],
                                                                                "Filter": "(mi.info ~~ 'USA:%200%'::text)",
                                                                                "Rows Removed by Filter": 2408006,
                                                                                "Workers": [
                                                                                    {
                                                                                        "Worker Number": 0,
                                                                                        "Actual Startup Time": 11.126,
                                                                                        "Actual Total Time": 526.232,
                                                                                        "Actual Rows": 1694,
                                                                                        "Actual Loops": 1
                                                                                    },
                                                                                    {
                                                                                        "Worker Number": 1,
                                                                                        "Actual Startup Time": 29.722,
                                                                                        "Actual Total Time": 526.98,
                                                                                        "Actual Rows": 2000,
                                                                                        "Actual Loops": 1
                                                                                    },
                                                                                    {
                                                                                        "Worker Number": 2,
                                                                                        "Actual Startup Time": 13.178,
                                                                                        "Actual Total Time": 527.609,
                                                                                        "Actual Rows": 1697,
                                                                                        "Actual Loops": 1
                                                                                    },
                                                                                    {
                                                                                        "Worker Number": 3,
                                                                                        "Actual Startup Time": 22.862,
                                                                                        "Actual Total Time": 526.952,
                                                                                        "Actual Rows": 1657,
                                                                                        "Actual Loops": 1
                                                                                    },
                                                                                    {
                                                                                        "Worker Number": 4,
                                                                                        "Actual Startup Time": 17.557,
                                                                                        "Actual Total Time": 2049.489,
                                                                                        "Actual Rows": 380597,
                                                                                        "Actual Loops": 1
                                                                                    }
                                                                                ]
                                                                            }
                                                                        ]
                                                                    }
                                                                ]
                                                            }
                                                        ]
                                                    }
                                                ]
                                            },
                                            {
                                                "Node Type": "Sort",
                                                "Parent Relationship": "Inner",
                                                "Parallel Aware": false,
                                                "Startup Cost": 80008512314.15,
                                                "Total Cost": 80008512314.16,
                                                "Plan Rows": 1,
                                                "Plan Width": 28,
                                                "Actual Startup Time": 6837.589,
                                                "Actual Total Time": 6837.62,
                                                "Actual Rows": 70,
                                                "Actual Loops": 1,
                                                "Output": [
                                                    "an.person_id",
                                                    "ci.movie_id",
                                                    "ci.person_id",
                                                    "cc.movie_id",
                                                    "mc.movie_id",
                                                    "mk.movie_id",
                                                    "pi.person_id"
                                                ],
                                                "Sort Key": [
                                                    "ci.movie_id"
                                                ],
                                                "Sort Method": "quicksort",
                                                "Sort Space Used": 30,
                                                "Sort Space Type": "Memory",
                                                "Plans": [
                                                    {
                                                        "Node Type": "Hash Join",
                                                        "Parent Relationship": "Outer",
                                                        "Parallel Aware": false,
                                                        "Join Type": "Inner",
                                                        "Startup Cost": 80008507634.22,
                                                        "Total Cost": 80008512314.14,
                                                        "Plan Rows": 1,
                                                        "Plan Width": 28,
                                                        "Actual Startup Time": 6735.766,
                                                        "Actual Total Time": 6837.586,
                                                        "Actual Rows": 70,
                                                        "Actual Loops": 1,
                                                        "Output": [
                                                            "an.person_id",
                                                            "ci.movie_id",
                                                            "ci.person_id",
                                                            "cc.movie_id",
                                                            "mc.movie_id",
                                                            "mk.movie_id",
                                                            "pi.person_id"
                                                        ],
                                                        "Inner Unique": false,
                                                        "Hash Cond": "(ci.person_role_id = chn.id)",
                                                        "Plans": [
                                                            {
                                                                "Node Type": "Merge Join",
                                                                "Parent Relationship": "Outer",
                                                                "Parallel Aware": false,
                                                                "Join Type": "Inner",
                                                                "Startup Cost": 70008431933.37,
                                                                "Total Cost": 70008436613.28,
                                                                "Plan Rows": 1,
                                                                "Plan Width": 32,
                                                                "Actual Startup Time": 6502.6,
                                                                "Actual Total Time": 6604.342,
                                                                "Actual Rows": 1758,
                                                                "Actual Loops": 1,
                                                                "Output": [
                                                                    "an.person_id",
                                                                    "ci.movie_id",
                                                                    "ci.person_id",
                                                                    "ci.person_role_id",
                                                                    "cc.movie_id",
                                                                    "mc.movie_id",
                                                                    "mk.movie_id",
                                                                    "pi.person_id"
                                                                ],
                                                                "Inner Unique": false,
                                                                "Merge Cond": "(ci.movie_id = mc.movie_id)",
                                                                "Plans": [
                                                                    {
                                                                        "Node Type": "Sort",
                                                                        "Parent Relationship": "Outer",
                                                                        "Parallel Aware": false,
                                                                        "Startup Cost": 60001741871.71,
                                                                        "Total Cost": 60001741871.71,
                                                                        "Plan Rows": 1,
                                                                        "Plan Width": 28,
                                                                        "Actual Startup Time": 5329.779,
                                                                        "Actual Total Time": 5329.827,
                                                                        "Actual Rows": 265,
                                                                        "Actual Loops": 1,
                                                                        "Output": [
                                                                            "an.person_id",
                                                                            "ci.movie_id",
                                                                            "ci.person_id",
                                                                            "ci.person_role_id",
                                                                            "cc.movie_id",
                                                                            "mk.movie_id",
                                                                            "pi.person_id"
                                                                        ],
                                                                        "Sort Key": [
                                                                            "ci.movie_id"
                                                                        ],
                                                                        "Sort Method": "quicksort",
                                                                        "Sort Space Used": 45,
                                                                        "Sort Space Type": "Memory",
                                                                        "Plans": [
                                                                            {
                                                                                "Node Type": "Hash Join",
                                                                                "Parent Relationship": "Outer",
                                                                                "Parallel Aware": false,
                                                                                "Join Type": "Inner",
                                                                                "Startup Cost": 60001741859.36,
                                                                                "Total Cost": 60001741871.7,
                                                                                "Plan Rows": 1,
                                                                                "Plan Width": 28,
                                                                                "Actual Startup Time": 5329.217,
                                                                                "Actual Total Time": 5329.74,
                                                                                "Actual Rows": 265,
                                                                                "Actual Loops": 1,
                                                                                "Output": [
                                                                                    "an.person_id",
                                                                                    "ci.movie_id",
                                                                                    "ci.person_id",
                                                                                    "ci.person_role_id",
                                                                                    "cc.movie_id",
                                                                                    "mk.movie_id",
                                                                                    "pi.person_id"
                                                                                ],
                                                                                "Inner Unique": false,
                                                                                "Hash Cond": "(cc.status_id = cct2.id)",
                                                                                "Plans": [
                                                                                    {
                                                                                        "Node Type": "Hash Join",
                                                                                        "Parent Relationship": "Outer",
                                                                                        "Parallel Aware": false,
                                                                                        "Join Type": "Inner",
                                                                                        "Startup Cost": 60001741858.3,
                                                                                        "Total Cost": 60001741870.62,
                                                                                        "Plan Rows": 1,
                                                                                        "Plan Width": 32,
                                                                                        "Actual Startup Time": 5329.173,
                                                                                        "Actual Total Time": 5329.648,
                                                                                        "Actual Rows": 639,
                                                                                        "Actual Loops": 1,
                                                                                        "Output": [
                                                                                            "an.person_id",
                                                                                            "ci.movie_id",
                                                                                            "ci.person_id",
                                                                                            "ci.person_role_id",
                                                                                            "cc.movie_id",
                                                                                            "cc.status_id",
                                                                                            "mk.movie_id",
                                                                                            "pi.person_id"
                                                                                        ],
                                                                                        "Inner Unique": false,
                                                                                        "Hash Cond": "(ci.person_id = pi.person_id)",
                                                                                        "Plans": [
                                                                                            {
                                                                                                "Node Type": "Merge Join",
                                                                                                "Parent Relationship": "Outer",
                                                                                                "Parallel Aware": false,
                                                                                                "Join Type": "Inner",
                                                                                                "Startup Cost": 50001685009.81,
                                                                                                "Total Cost": 50001685022.04,
                                                                                                "Plan Rows": 1,
                                                                                                "Plan Width": 28,
                                                                                                "Actual Startup Time": 5214.012,
                                                                                                "Actual Total Time": 5214.213,
                                                                                                "Actual Rows": 1141,
                                                                                                "Actual Loops": 1,
                                                                                                "Output": [
                                                                                                    "an.person_id",
                                                                                                    "ci.movie_id",
                                                                                                    "ci.person_id",
                                                                                                    "ci.person_role_id",
                                                                                                    "cc.movie_id",
                                                                                                    "cc.status_id",
                                                                                                    "mk.movie_id"
                                                                                                ],
                                                                                                "Inner Unique": true,
                                                                                                "Merge Cond": "(ci.role_id = rt.id)",
                                                                                                "Plans": [
                                                                                                    {
                                                                                                        "Node Type": "Sort",
                                                                                                        "Parent Relationship": "Outer",
                                                                                                        "Parallel Aware": false,
                                                                                                        "Startup Cost": 50001685009.67,
                                                                                                        "Total Cost": 50001685009.68,
                                                                                                        "Plan Rows": 2,
                                                                                                        "Plan Width": 32,
                                                                                                        "Actual Startup Time": 5213.745,
                                                                                                        "Actual Total Time": 5213.895,
                                                                                                        "Actual Rows": 3963,
                                                                                                        "Actual Loops": 1,
                                                                                                        "Output": [
                                                                                                            "an.person_id",
                                                                                                            "ci.movie_id",
                                                                                                            "ci.person_id",
                                                                                                            "ci.role_id",
                                                                                                            "ci.person_role_id",
                                                                                                            "cc.movie_id",
                                                                                                            "cc.status_id",
                                                                                                            "mk.movie_id"
                                                                                                        ],
                                                                                                        "Sort Key": [
                                                                                                            "ci.role_id"
                                                                                                        ],
                                                                                                        "Sort Method": "quicksort",
                                                                                                        "Sort Space Used": 407,
                                                                                                        "Sort Space Type": "Memory",
                                                                                                        "Plans": [
                                                                                                            {
                                                                                                                "Node Type": "Hash Join",
                                                                                                                "Parent Relationship": "Outer",
                                                                                                                "Parallel Aware": false,
                                                                                                                "Join Type": "Inner",
                                                                                                                "Startup Cost": 50001678980.68,
                                                                                                                "Total Cost": 50001685009.66,
                                                                                                                "Plan Rows": 2,
                                                                                                                "Plan Width": 32,
                                                                                                                "Actual Startup Time": 5174.589,
                                                                                                                "Actual Total Time": 5213.191,
                                                                                                                "Actual Rows": 3968,
                                                                                                                "Actual Loops": 1,
                                                                                                                "Output": [
                                                                                                                    "an.person_id",
                                                                                                                    "ci.movie_id",
                                                                                                                    "ci.person_id",
                                                                                                                    "ci.role_id",
                                                                                                                    "ci.person_role_id",
                                                                                                                    "cc.movie_id",
                                                                                                                    "cc.status_id",
                                                                                                                    "mk.movie_id"
                                                                                                                ],
                                                                                                                "Inner Unique": false,
                                                                                                                "Hash Cond": "(ci.person_id = an.person_id)",
                                                                                                                "Plans": [
                                                                                                                    {
                                                                                                                        "Node Type": "Merge Join",
                                                                                                                        "Parent Relationship": "Outer",
                                                                                                                        "Parallel Aware": false,
                                                                                                                        "Join Type": "Inner",
                                                                                                                        "Startup Cost": 40001647304.46,
                                                                                                                        "Total Cost": 40001653333.24,
                                                                                                                        "Plan Rows": 1,
                                                                                                                        "Plan Width": 28,
                                                                                                                        "Actual Startup Time": 4951.923,
                                                                                                                        "Actual Total Time": 4989.091,
                                                                                                                        "Actual Rows": 2067,
                                                                                                                        "Actual Loops": 1,
                                                                                                                        "Output": [
                                                                                                                            "cc.movie_id",
                                                                                                                            "cc.status_id",
                                                                                                                            "ci.movie_id",
                                                                                                                            "ci.person_id",
                                                                                                                            "ci.role_id",
                                                                                                                            "ci.person_role_id",
                                                                                                                            "mk.movie_id"
                                                                                                                        ],
                                                                                                                        "Inner Unique": false,
                                                                                                                        "Merge Cond": "(k.id = mk.keyword_id)",
                                                                                                                        "Plans": [
                                                                                                                            {
                                                                                                                                "Node Type": "Index Scan",
                                                                                                                                "Parent Relationship": "Outer",
                                                                                                                                "Parallel Aware": false,
                                                                                                                                "Scan Direction": "Forward",
                                                                                                                                "Index Name": "keyword_pkey",
                                                                                                                                "Relation Name": "keyword",
                                                                                                                                "Schema": "public",
                                                                                                                                "Alias": "k",
                                                                                                                                "Startup Cost": 0.42,
                                                                                                                                "Total Cost": 5342.92,
                                                                                                                                "Plan Rows": 1,
                                                                                                                                "Plan Width": 4,
                                                                                                                                "Actual Startup Time": 2.077,
                                                                                                                                "Actual Total Time": 38.8,
                                                                                                                                "Actual Rows": 1,
                                                                                                                                "Actual Loops": 1,
                                                                                                                                "Output": [
                                                                                                                                    "k.id",
                                                                                                                                    "k.keyword",
                                                                                                                                    "k.phonetic_code"
                                                                                                                                ],
                                                                                                                                "Filter": "(k.keyword = 'computer-animation'::text)",
                                                                                                                                "Rows Removed by Filter": 134169
                                                                                                                            },
                                                                                                                            {
                                                                                                                                "Node Type": "Sort",
                                                                                                                                "Parent Relationship": "Inner",
                                                                                                                                "Parallel Aware": false,
                                                                                                                                "Startup Cost": 40001647304.04,
                                                                                                                                "Total Cost": 40001647647.17,
                                                                                                                                "Plan Rows": 137252,
                                                                                                                                "Plan Width": 32,
                                                                                                                                "Actual Startup Time": 4853.685,
                                                                                                                                "Actual Total Time": 4902.252,
                                                                                                                                "Actual Rows": 567992,
                                                                                                                                "Actual Loops": 1,
                                                                                                                                "Output": [
                                                                                                                                    "cc.movie_id",
                                                                                                                                    "cc.status_id",
                                                                                                                                    "ci.movie_id",
                                                                                                                                    "ci.person_id",
                                                                                                                                    "ci.role_id",
                                                                                                                                    "ci.person_role_id",
                                                                                                                                    "mk.movie_id",
                                                                                                                                    "mk.keyword_id"
                                                                                                                                ],
                                                                                                                                "Sort Key": [
                                                                                                                                    "mk.keyword_id"
                                                                                                                                ],
                                                                                                                                "Sort Method": "quicksort",
                                                                                                                                "Sort Space Used": 133417,
                                                                                                                                "Sort Space Type": "Memory",
                                                                                                                                "Plans": [
                                                                                                                                    {
                                                                                                                                        "Node Type": "Hash Join",
                                                                                                                                        "Parent Relationship": "Outer",
                                                                                                                                        "Parallel Aware": false,
                                                                                                                                        "Join Type": "Inner",
                                                                                                                                        "Startup Cost": 40000761164.37,
                                                                                                                                        "Total Cost": 40001635592.0,
                                                                                                                                        "Plan Rows": 137252,
                                                                                                                                        "Plan Width": 32,
                                                                                                                                        "Actual Startup Time": 3162.805,
                                                                                                                                        "Actual Total Time": 4632.708,
                                                                                                                                        "Actual Rows": 1078581,
                                                                                                                                        "Actual Loops": 1,
                                                                                                                                        "Output": [
                                                                                                                                            "cc.movie_id",
                                                                                                                                            "cc.status_id",
                                                                                                                                            "ci.movie_id",
                                                                                                                                            "ci.person_id",
                                                                                                                                            "ci.role_id",
                                                                                                                                            "ci.person_role_id",
                                                                                                                                            "mk.movie_id",
                                                                                                                                            "mk.keyword_id"
                                                                                                                                        ],
                                                                                                                                        "Inner Unique": false,
                                                                                                                                        "Hash Cond": "(mk.movie_id = ci.movie_id)",
                                                                                                                                        "Plans": [
                                                                                                                                            {
                                                                                                                                                "Node Type": "Nested Loop",
                                                                                                                                                "Parent Relationship": "Outer",
                                                                                                                                                "Parallel Aware": false,
                                                                                                                                                "Join Type": "Inner",
                                                                                                                                                "Startup Cost": 30000000001.97,
                                                                                                                                                "Total Cost": 30000784570.03,
                                                                                                                                                "Plan Rows": 1536657,
                                                                                                                                                "Plan Width": 16,
                                                                                                                                                "Actual Startup Time": 0.09,
                                                                                                                                                "Actual Total Time": 1262.993,
                                                                                                                                                "Actual Rows": 1436647,
                                                                                                                                                "Actual Loops": 1,
                                                                                                                                                "Output": [
                                                                                                                                                    "cc.movie_id",
                                                                                                                                                    "cc.status_id",
                                                                                                                                                    "mk.movie_id",
                                                                                                                                                    "mk.keyword_id"
                                                                                                                                                ],
                                                                                                                                                "Inner Unique": false,
                                                                                                                                                "Plans": [
                                                                                                                                                    {
                                                                                                                                                        "Node Type": "Nested Loop",
                                                                                                                                                        "Parent Relationship": "Outer",
                                                                                                                                                        "Parallel Aware": false,
                                                                                                                                                        "Join Type": "Inner",
                                                                                                                                                        "Startup Cost": 20000000000.56,
                                                                                                                                                        "Total Cost": 20000566682.59,
                                                                                                                                                        "Plan Rows": 33772,
                                                                                                                                                        "Plan Width": 8,
                                                                                                                                                        "Actual Startup Time": 0.07,
                                                                                                                                                        "Actual Total Time": 557.317,
                                                                                                                                                        "Actual Rows": 85941,
                                                                                                                                                        "Actual Loops": 1,
                                                                                                                                                        "Output": [
                                                                                                                                                            "cc.movie_id",
                                                                                                                                                            "cc.status_id"
                                                                                                                                                        ],
                                                                                                                                                        "Inner Unique": true,
                                                                                                                                                        "Plans": [
                                                                                                                                                            {
                                                                                                                                                                "Node Type": "Index Scan",
                                                                                                                                                                "Parent Relationship": "Outer",
                                                                                                                                                                "Parallel Aware": false,
                                                                                                                                                                "Scan Direction": "Forward",
                                                                                                                                                                "Index Name": "status_id_complete_cast",
                                                                                                                                                                "Relation Name": "complete_cast",
                                                                                                                                                                "Schema": "public",
                                                                                                                                                                "Alias": "cc",
                                                                                                                                                                "Startup Cost": 10000000000.42,
                                                                                                                                                                "Total Cost": 10000005358.48,
                                                                                                                                                                "Plan Rows": 135086,
                                                                                                                                                                "Plan Width": 12,
                                                                                                                                                                "Actual Startup Time": 0.045,
                                                                                                                                                                "Actual Total Time": 48.016,
                                                                                                                                                                "Actual Rows": 135086,
                                                                                                                                                                "Actual Loops": 1,
                                                                                                                                                                "Output": [
                                                                                                                                                                    "cc.id",
                                                                                                                                                                    "cc.movie_id",
                                                                                                                                                                    "cc.subject_id",
                                                                                                                                                                    "cc.status_id"
                                                                                                                                                                ]
                                                                                                                                                            },
                                                                                                                                                            {
                                                                                                                                                                "Node Type": "Bitmap Heap Scan",
                                                                                                                                                                "Parent Relationship": "Inner",
                                                                                                                                                                "Parallel Aware": false,
                                                                                                                                                                "Relation Name": "comp_cast_type",
                                                                                                                                                                "Schema": "public",
                                                                                                                                                                "Alias": "cct1",
                                                                                                                                                                "Startup Cost": 0.14,
                                                                                                                                                                "Total Cost": 4.15,
                                                                                                                                                                "Plan Rows": 1,
                                                                                                                                                                "Plan Width": 4,
                                                                                                                                                                "Actual Startup Time": 0.002,
                                                                                                                                                                "Actual Total Time": 0.002,
                                                                                                                                                                "Actual Rows": 1,
                                                                                                                                                                "Actual Loops": 135086,
                                                                                                                                                                "Output": [
                                                                                                                                                                    "cct1.id",
                                                                                                                                                                    "cct1.kind"
                                                                                                                                                                ],
                                                                                                                                                                "Recheck Cond": "(cct1.id = cc.subject_id)",
                                                                                                                                                                "Rows Removed by Index Recheck": 0,
                                                                                                                                                                "Filter": "((cct1.kind)::text = 'cast'::text)",
                                                                                                                                                                "Rows Removed by Filter": 0,
                                                                                                                                                                "Exact Heap Blocks": 135086,
                                                                                                                                                                "Lossy Heap Blocks": 0,
                                                                                                                                                                "Plans": [
                                                                                                                                                                    {
                                                                                                                                                                        "Node Type": "Bitmap Index Scan",
                                                                                                                                                                        "Parent Relationship": "Outer",
                                                                                                                                                                        "Parallel Aware": false,
                                                                                                                                                                        "Index Name": "comp_cast_type_pkey",
                                                                                                                                                                        "Startup Cost": 0.0,
                                                                                                                                                                        "Total Cost": 0.14,
                                                                                                                                                                        "Plan Rows": 1,
                                                                                                                                                                        "Plan Width": 0,
                                                                                                                                                                        "Actual Startup Time": 0.001,
                                                                                                                                                                        "Actual Total Time": 0.001,
                                                                                                                                                                        "Actual Rows": 1,
                                                                                                                                                                        "Actual Loops": 135086,
                                                                                                                                                                        "Index Cond": "(cct1.id = cc.subject_id)"
                                                                                                                                                                    }
                                                                                                                                                                ]
                                                                                                                                                            }
                                                                                                                                                        ]
                                                                                                                                                    },
                                                                                                                                                    {
                                                                                                                                                        "Node Type": "Bitmap Heap Scan",
                                                                                                                                                        "Parent Relationship": "Inner",
                                                                                                                                                        "Parallel Aware": false,
                                                                                                                                                        "Relation Name": "movie_keyword",
                                                                                                                                                        "Schema": "public",
                                                                                                                                                        "Alias": "mk",
                                                                                                                                                        "Startup Cost": 1.42,
                                                                                                                                                        "Total Cost": 5.99,
                                                                                                                                                        "Plan Rows": 46,
                                                                                                                                                        "Plan Width": 8,
                                                                                                                                                        "Actual Startup Time": 0.004,
                                                                                                                                                        "Actual Total Time": 0.005,
                                                                                                                                                        "Actual Rows": 17,
                                                                                                                                                        "Actual Loops": 85941,
                                                                                                                                                        "Output": [
                                                                                                                                                            "mk.id",
                                                                                                                                                            "mk.movie_id",
                                                                                                                                                            "mk.keyword_id"
                                                                                                                                                        ],
                                                                                                                                                        "Recheck Cond": "(mk.movie_id = cc.movie_id)",
                                                                                                                                                        "Rows Removed by Index Recheck": 0,
                                                                                                                                                        "Exact Heap Blocks": 58855,
                                                                                                                                                        "Lossy Heap Blocks": 0,
                                                                                                                                                        "Plans": [
                                                                                                                                                            {
                                                                                                                                                                "Node Type": "Bitmap Index Scan",
                                                                                                                                                                "Parent Relationship": "Outer",
                                                                                                                                                                "Parallel Aware": false,
                                                                                                                                                                "Index Name": "movie_id_movie_keyword",
                                                                                                                                                                "Startup Cost": 0.0,
                                                                                                                                                                "Total Cost": 1.41,
                                                                                                                                                                "Plan Rows": 46,
                                                                                                                                                                "Plan Width": 0,
                                                                                                                                                                "Actual Startup Time": 0.003,
                                                                                                                                                                "Actual Total Time": 0.003,
                                                                                                                                                                "Actual Rows": 17,
                                                                                                                                                                "Actual Loops": 85941,
                                                                                                                                                                "Index Cond": "(mk.movie_id = cc.movie_id)"
                                                                                                                                                            }
                                                                                                                                                        ]
                                                                                                                                                    }
                                                                                                                                                ]
                                                                                                                                            },
                                                                                                                                            {
                                                                                                                                                "Node Type": "Hash",
                                                                                                                                                "Parent Relationship": "Inner",
                                                                                                                                                "Parallel Aware": false,
                                                                                                                                                "Startup Cost": 10000751162.67,
                                                                                                                                                "Total Cost": 10000751162.67,
                                                                                                                                                "Plan Rows": 799978,
                                                                                                                                                "Plan Width": 16,
                                                                                                                                                "Actual Startup Time": 3161.425,
                                                                                                                                                "Actual Total Time": 3161.426,
                                                                                                                                                "Actual Rows": 836701,
                                                                                                                                                "Actual Loops": 1,
                                                                                                                                                "Output": [
                                                                                                                                                    "ci.movie_id",
                                                                                                                                                    "ci.person_id",
                                                                                                                                                    "ci.role_id",
                                                                                                                                                    "ci.person_role_id"
                                                                                                                                                ],
                                                                                                                                                "Hash Buckets": 1048576,
                                                                                                                                                "Original Hash Buckets": 1048576,
                                                                                                                                                "Hash Batches": 1,
                                                                                                                                                "Original Hash Batches": 1,
                                                                                                                                                "Peak Memory Usage": 47155,
                                                                                                                                                "Plans": [
                                                                                                                                                    {
                                                                                                                                                        "Node Type": "Seq Scan",
                                                                                                                                                        "Parent Relationship": "Outer",
                                                                                                                                                        "Parallel Aware": false,
                                                                                                                                                        "Relation Name": "cast_info",
                                                                                                                                                        "Schema": "public",
                                                                                                                                                        "Alias": "ci",
                                                                                                                                                        "Startup Cost": 10000000000.0,
                                                                                                                                                        "Total Cost": 10000751162.67,
                                                                                                                                                        "Plan Rows": 799978,
                                                                                                                                                        "Plan Width": 16,
                                                                                                                                                        "Actual Startup Time": 0.022,
                                                                                                                                                        "Actual Total Time": 2987.364,
                                                                                                                                                        "Actual Rows": 836701,
                                                                                                                                                        "Actual Loops": 1,
                                                                                                                                                        "Output": [
                                                                                                                                                            "ci.movie_id",
                                                                                                                                                            "ci.person_id",
                                                                                                                                                            "ci.role_id",
                                                                                                                                                            "ci.person_role_id"
                                                                                                                                                        ],
                                                                                                                                                        "Filter": "(ci.note = ANY ('{(voice),\"(voice) (uncredited)\",\"(voice: English version)\"}'::text[]))",
                                                                                                                                                        "Rows Removed by Filter": 35407643
                                                                                                                                                    }
                                                                                                                                                ]
                                                                                                                                            }
                                                                                                                                        ]
                                                                                                                                    }
                                                                                                                                ]
                                                                                                                            }
                                                                                                                        ]
                                                                                                                    },
                                                                                                                    {
                                                                                                                        "Node Type": "Hash",
                                                                                                                        "Parent Relationship": "Inner",
                                                                                                                        "Parallel Aware": false,
                                                                                                                        "Startup Cost": 10000020409.43,
                                                                                                                        "Total Cost": 10000020409.43,
                                                                                                                        "Plan Rows": 901343,
                                                                                                                        "Plan Width": 4,
                                                                                                                        "Actual Startup Time": 221.521,
                                                                                                                        "Actual Total Time": 221.522,
                                                                                                                        "Actual Rows": 901343,
                                                                                                                        "Actual Loops": 1,
                                                                                                                        "Output": [
                                                                                                                            "an.person_id"
                                                                                                                        ],
                                                                                                                        "Hash Buckets": 1048576,
                                                                                                                        "Original Hash Buckets": 1048576,
                                                                                                                        "Hash Batches": 1,
                                                                                                                        "Original Hash Batches": 1,
                                                                                                                        "Peak Memory Usage": 39880,
                                                                                                                        "Plans": [
                                                                                                                            {
                                                                                                                                "Node Type": "Seq Scan",
                                                                                                                                "Parent Relationship": "Outer",
                                                                                                                                "Parallel Aware": false,
                                                                                                                                "Relation Name": "aka_name",
                                                                                                                                "Schema": "public",
                                                                                                                                "Alias": "an",
                                                                                                                                "Startup Cost": 10000000000.0,
                                                                                                                                "Total Cost": 10000020409.43,
                                                                                                                                "Plan Rows": 901343,
                                                                                                                                "Plan Width": 4,
                                                                                                                                "Actual Startup Time": 0.014,
                                                                                                                                "Actual Total Time": 106.802,
                                                                                                                                "Actual Rows": 901343,
                                                                                                                                "Actual Loops": 1,
                                                                                                                                "Output": [
                                                                                                                                    "an.person_id"
                                                                                                                                ]
                                                                                                                            }
                                                                                                                        ]
                                                                                                                    }
                                                                                                                ]
                                                                                                            }
                                                                                                        ]
                                                                                                    },
                                                                                                    {
                                                                                                        "Node Type": "Index Scan",
                                                                                                        "Parent Relationship": "Inner",
                                                                                                        "Parallel Aware": false,
                                                                                                        "Scan Direction": "Forward",
                                                                                                        "Index Name": "role_type_pkey",
                                                                                                        "Relation Name": "role_type",
                                                                                                        "Schema": "public",
                                                                                                        "Alias": "rt",
                                                                                                        "Startup Cost": 0.14,
                                                                                                        "Total Cost": 12.35,
                                                                                                        "Plan Rows": 1,
                                                                                                        "Plan Width": 4,
                                                                                                        "Actual Startup Time": 0.013,
                                                                                                        "Actual Total Time": 0.015,
                                                                                                        "Actual Rows": 1,
                                                                                                        "Actual Loops": 1,
                                                                                                        "Output": [
                                                                                                            "rt.id",
                                                                                                            "rt.role"
                                                                                                        ],
                                                                                                        "Filter": "((rt.role)::text = 'actress'::text)",
                                                                                                        "Rows Removed by Filter": 11
                                                                                                    }
                                                                                                ]
                                                                                            },
                                                                                            {
                                                                                                "Node Type": "Hash",
                                                                                                "Parent Relationship": "Inner",
                                                                                                "Parallel Aware": false,
                                                                                                "Startup Cost": 10000056520.67,
                                                                                                "Total Cost": 10000056520.67,
                                                                                                "Plan Rows": 26226,
                                                                                                "Plan Width": 4,
                                                                                                "Actual Startup Time": 115.125,
                                                                                                "Actual Total Time": 115.128,
                                                                                                "Actual Rows": 142345,
                                                                                                "Actual Loops": 1,
                                                                                                "Output": [
                                                                                                    "pi.person_id"
                                                                                                ],
                                                                                                "Hash Buckets": 262144,
                                                                                                "Original Hash Buckets": 32768,
                                                                                                "Hash Batches": 1,
                                                                                                "Original Hash Batches": 1,
                                                                                                "Peak Memory Usage": 7053,
                                                                                                "Plans": [
                                                                                                    {
                                                                                                        "Node Type": "Nested Loop",
                                                                                                        "Parent Relationship": "Outer",
                                                                                                        "Parallel Aware": false,
                                                                                                        "Join Type": "Inner",
                                                                                                        "Startup Cost": 10000002436.39,
                                                                                                        "Total Cost": 10000056520.67,
                                                                                                        "Plan Rows": 26226,
                                                                                                        "Plan Width": 4,
                                                                                                        "Actual Startup Time": 14.134,
                                                                                                        "Actual Total Time": 99.095,
                                                                                                        "Actual Rows": 142345,
                                                                                                        "Actual Loops": 1,
                                                                                                        "Output": [
                                                                                                            "pi.person_id"
                                                                                                        ],
                                                                                                        "Inner Unique": false,
                                                                                                        "Plans": [
                                                                                                            {
                                                                                                                "Node Type": "Seq Scan",
                                                                                                                "Parent Relationship": "Outer",
                                                                                                                "Parallel Aware": false,
                                                                                                                "Relation Name": "info_type",
                                                                                                                "Schema": "public",
                                                                                                                "Alias": "it3",
                                                                                                                "Startup Cost": 0.0,
                                                                                                                "Total Cost": 2.41,
                                                                                                                "Plan Rows": 1,
                                                                                                                "Plan Width": 4,
                                                                                                                "Actual Startup Time": 0.01,
                                                                                                                "Actual Total Time": 0.018,
                                                                                                                "Actual Rows": 1,
                                                                                                                "Actual Loops": 1,
                                                                                                                "Output": [
                                                                                                                    "it3.id",
                                                                                                                    "it3.info"
                                                                                                                ],
                                                                                                                "Filter": "((it3.info)::text = 'height'::text)",
                                                                                                                "Rows Removed by Filter": 112
                                                                                                            },
                                                                                                            {
                                                                                                                "Node Type": "Bitmap Heap Scan",
                                                                                                                "Parent Relationship": "Inner",
                                                                                                                "Parallel Aware": false,
                                                                                                                "Relation Name": "person_info",
                                                                                                                "Schema": "public",
                                                                                                                "Alias": "pi",
                                                                                                                "Startup Cost": 2436.39,
                                                                                                                "Total Cost": 55171.21,
                                                                                                                "Plan Rows": 134705,
                                                                                                                "Plan Width": 8,
                                                                                                                "Actual Startup Time": 14.114,
                                                                                                                "Actual Total Time": 87.997,
                                                                                                                "Actual Rows": 142345,
                                                                                                                "Actual Loops": 1,
                                                                                                                "Output": [
                                                                                                                    "pi.id",
                                                                                                                    "pi.person_id",
                                                                                                                    "pi.info_type_id",
                                                                                                                    "pi.info",
                                                                                                                    "pi.note"
                                                                                                                ],
                                                                                                                "Recheck Cond": "(pi.info_type_id = it3.id)",
                                                                                                                "Rows Removed by Index Recheck": 0,
                                                                                                                "Exact Heap Blocks": 43791,
                                                                                                                "Lossy Heap Blocks": 0,
                                                                                                                "Plans": [
                                                                                                                    {
                                                                                                                        "Node Type": "Bitmap Index Scan",
                                                                                                                        "Parent Relationship": "Outer",
                                                                                                                        "Parallel Aware": false,
                                                                                                                        "Index Name": "info_type_id_person_info",
                                                                                                                        "Startup Cost": 0.0,
                                                                                                                        "Total Cost": 2402.72,
                                                                                                                        "Plan Rows": 134705,
                                                                                                                        "Plan Width": 0,
                                                                                                                        "Actual Startup Time": 8.259,
                                                                                                                        "Actual Total Time": 8.26,
                                                                                                                        "Actual Rows": 142345,
                                                                                                                        "Actual Loops": 1,
                                                                                                                        "Index Cond": "(pi.info_type_id = it3.id)"
                                                                                                                    }
                                                                                                                ]
                                                                                                            }
                                                                                                        ]
                                                                                                    }
                                                                                                ]
                                                                                            }
                                                                                        ]
                                                                                    },
                                                                                    {
                                                                                        "Node Type": "Hash",
                                                                                        "Parent Relationship": "Inner",
                                                                                        "Parallel Aware": false,
                                                                                        "Startup Cost": 1.05,
                                                                                        "Total Cost": 1.05,
                                                                                        "Plan Rows": 1,
                                                                                        "Plan Width": 4,
                                                                                        "Actual Startup Time": 0.019,
                                                                                        "Actual Total Time": 0.02,
                                                                                        "Actual Rows": 1,
                                                                                        "Actual Loops": 1,
                                                                                        "Output": [
                                                                                            "cct2.id"
                                                                                        ],
                                                                                        "Hash Buckets": 1024,
                                                                                        "Original Hash Buckets": 1024,
                                                                                        "Hash Batches": 1,
                                                                                        "Original Hash Batches": 1,
                                                                                        "Peak Memory Usage": 9,
                                                                                        "Plans": [
                                                                                            {
                                                                                                "Node Type": "Seq Scan",
                                                                                                "Parent Relationship": "Outer",
                                                                                                "Parallel Aware": false,
                                                                                                "Relation Name": "comp_cast_type",
                                                                                                "Schema": "public",
                                                                                                "Alias": "cct2",
                                                                                                "Startup Cost": 0.0,
                                                                                                "Total Cost": 1.05,
                                                                                                "Plan Rows": 1,
                                                                                                "Plan Width": 4,
                                                                                                "Actual Startup Time": 0.015,
                                                                                                "Actual Total Time": 0.016,
                                                                                                "Actual Rows": 1,
                                                                                                "Actual Loops": 1,
                                                                                                "Output": [
                                                                                                    "cct2.id"
                                                                                                ],
                                                                                                "Filter": "((cct2.kind)::text = 'complete+verified'::text)",
                                                                                                "Rows Removed by Filter": 3
                                                                                            }
                                                                                        ]
                                                                                    }
                                                                                ]
                                                                            }
                                                                        ]
                                                                    },
                                                                    {
                                                                        "Node Type": "Sort",
                                                                        "Parent Relationship": "Inner",
                                                                        "Parallel Aware": false,
                                                                        "Startup Cost": 10006690061.66,
                                                                        "Total Cost": 10006692401.61,
                                                                        "Plan Rows": 935979,
                                                                        "Plan Width": 4,
                                                                        "Actual Startup Time": 1119.246,
                                                                        "Actual Total Time": 1217.499,
                                                                        "Actual Rows": 1102741,
                                                                        "Actual Loops": 1,
                                                                        "Output": [
                                                                            "mc.movie_id"
                                                                        ],
                                                                        "Sort Key": [
                                                                            "mc.movie_id"
                                                                        ],
                                                                        "Sort Method": "quicksort",
                                                                        "Sort Space Used": 103237,
                                                                        "Sort Space Type": "Memory",
                                                                        "Plans": [
                                                                            {
                                                                                "Node Type": "Hash Join",
                                                                                "Parent Relationship": "Outer",
                                                                                "Parallel Aware": false,
                                                                                "Join Type": "Inner",
                                                                                "Startup Cost": 10000077495.82,
                                                                                "Total Cost": 10006597230.71,
                                                                                "Plan Rows": 935979,
                                                                                "Plan Width": 4,
                                                                                "Actual Startup Time": 590.213,
                                                                                "Actual Total Time": 899.137,
                                                                                "Actual Rows": 1153798,
                                                                                "Actual Loops": 1,
                                                                                "Output": [
                                                                                    "mc.movie_id"
                                                                                ],
                                                                                "Inner Unique": false,
                                                                                "Hash Cond": "(cn.id = mc.company_id)",
                                                                                "Plans": [
                                                                                    {
                                                                                        "Node Type": "Index Scan",
                                                                                        "Parent Relationship": "Outer",
                                                                                        "Parallel Aware": false,
                                                                                        "Scan Direction": "Forward",
                                                                                        "Index Name": "company_name_pkey",
                                                                                        "Relation Name": "company_name",
                                                                                        "Schema": "public",
                                                                                        "Alias": "cn",
                                                                                        "Startup Cost": 10000000000.42,
                                                                                        "Total Cost": 10000012454.44,
                                                                                        "Plan Rows": 84301,
                                                                                        "Plan Width": 4,
                                                                                        "Actual Startup Time": 0.031,
                                                                                        "Actual Total Time": 111.985,
                                                                                        "Actual Rows": 84843,
                                                                                        "Actual Loops": 1,
                                                                                        "Output": [
                                                                                            "cn.id",
                                                                                            "cn.name",
                                                                                            "cn.country_code",
                                                                                            "cn.imdb_id",
                                                                                            "cn.name_pcode_nf",
                                                                                            "cn.name_pcode_sf",
                                                                                            "cn.md5sum"
                                                                                        ],
                                                                                        "Filter": "((cn.country_code)::text = '[us]'::text)",
                                                                                        "Rows Removed by Filter": 150154
                                                                                    },
                                                                                    {
                                                                                        "Node Type": "Hash",
                                                                                        "Parent Relationship": "Inner",
                                                                                        "Parallel Aware": false,
                                                                                        "Startup Cost": 44881.29,
                                                                                        "Total Cost": 44881.29,
                                                                                        "Plan Rows": 2609129,
                                                                                        "Plan Width": 8,
                                                                                        "Actual Startup Time": 585.224,
                                                                                        "Actual Total Time": 585.225,
                                                                                        "Actual Rows": 2609129,
                                                                                        "Actual Loops": 1,
                                                                                        "Output": [
                                                                                            "mc.movie_id",
                                                                                            "mc.company_id"
                                                                                        ],
                                                                                        "Hash Buckets": 4194304,
                                                                                        "Original Hash Buckets": 4194304,
                                                                                        "Hash Batches": 1,
                                                                                        "Original Hash Batches": 1,
                                                                                        "Peak Memory Usage": 134688,
                                                                                        "Plans": [
                                                                                            {
                                                                                                "Node Type": "Seq Scan",
                                                                                                "Parent Relationship": "Outer",
                                                                                                "Parallel Aware": false,
                                                                                                "Relation Name": "movie_companies",
                                                                                                "Schema": "public",
                                                                                                "Alias": "mc",
                                                                                                "Startup Cost": 0.0,
                                                                                                "Total Cost": 44881.29,
                                                                                                "Plan Rows": 2609129,
                                                                                                "Plan Width": 8,
                                                                                                "Actual Startup Time": 0.017,
                                                                                                "Actual Total Time": 268.012,
                                                                                                "Actual Rows": 2609129,
                                                                                                "Actual Loops": 1,
                                                                                                "Output": [
                                                                                                    "mc.movie_id",
                                                                                                    "mc.company_id"
                                                                                                ]
                                                                                            }
                                                                                        ]
                                                                                    }
                                                                                ]
                                                                            }
                                                                        ]
                                                                    }
                                                                ]
                                                            },
                                                            {
                                                                "Node Type": "Hash",
                                                                "Parent Relationship": "Inner",
                                                                "Parallel Aware": false,
                                                                "Startup Cost": 10000075700.84,
                                                                "Total Cost": 10000075700.84,
                                                                "Plan Rows": 1,
                                                                "Plan Width": 4,
                                                                "Actual Startup Time": 233.118,
                                                                "Actual Total Time": 233.119,
                                                                "Actual Rows": 1,
                                                                "Actual Loops": 1,
                                                                "Output": [
                                                                    "chn.id"
                                                                ],
                                                                "Hash Buckets": 1024,
                                                                "Original Hash Buckets": 1024,
                                                                "Hash Batches": 1,
                                                                "Original Hash Batches": 1,
                                                                "Peak Memory Usage": 9,
                                                                "Plans": [
                                                                    {
                                                                        "Node Type": "Seq Scan",
                                                                        "Parent Relationship": "Outer",
                                                                        "Parallel Aware": false,
                                                                        "Relation Name": "char_name",
                                                                        "Schema": "public",
                                                                        "Alias": "chn",
                                                                        "Startup Cost": 10000000000.0,
                                                                        "Total Cost": 10000075700.84,
                                                                        "Plan Rows": 1,
                                                                        "Plan Width": 4,
                                                                        "Actual Startup Time": 15.0,
                                                                        "Actual Total Time": 233.109,
                                                                        "Actual Rows": 1,
                                                                        "Actual Loops": 1,
                                                                        "Output": [
                                                                            "chn.id"
                                                                        ],
                                                                        "Filter": "(chn.name = 'Queen'::text)",
                                                                        "Rows Removed by Filter": 3140338
                                                                    }
                                                                ]
                                                            }
                                                        ]
                                                    }
                                                ]
                                            }
                                        ]
                                    }
                                ]
                            }
                        ]
                    },
                    {
                        "Node Type": "Hash",
                        "Parent Relationship": "Inner",
                        "Parallel Aware": false,
                        "Startup Cost": 10000118126.24,
                        "Total Cost": 10000118126.24,
                        "Plan Rows": 70049,
                        "Plan Width": 4,
                        "Actual Startup Time": 492.784,
                        "Actual Total Time": 492.785,
                        "Actual Rows": 55990,
                        "Actual Loops": 1,
                        "Output": [
                            "n.id"
                        ],
                        "Hash Buckets": 131072,
                        "Original Hash Buckets": 131072,
                        "Hash Batches": 1,
                        "Original Hash Batches": 1,
                        "Peak Memory Usage": 2993,
                        "Plans": [
                            {
                                "Node Type": "Seq Scan",
                                "Parent Relationship": "Outer",
                                "Parallel Aware": false,
                                "Relation Name": "name",
                                "Schema": "public",
                                "Alias": "n",
                                "Startup Cost": 10000000000.0,
                                "Total Cost": 10000118126.24,
                                "Plan Rows": 70049,
                                "Plan Width": 4,
                                "Actual Startup Time": 0.021,
                                "Actual Total Time": 483.066,
                                "Actual Rows": 55990,
                                "Actual Loops": 1,
                                "Output": [
                                    "n.id"
                                ],
                                "Filter": "((n.name ~~ '%An%'::text) AND ((n.gender)::text = 'm'::text))",
                                "Rows Removed by Filter": 4111501
                            }
                        ]
                    }
                ]
            }
        ]
    },
    "Planning Time": 2118.924,
    "Triggers": [],
    "Execution Time": 10255.049
}