{
  "Plan": {
    "Node Type": "Aggregate",
    "Strategy": "Plain",
    "Partial Mode": "Finalize",
    "Parallel Aware": false,
    "Startup Cost": 116311.34,
    "Total Cost": 116311.35,
    "Plan Rows": 1,
    "Plan Width": 8,
    "Actual Startup Time": 652.884,
    "Actual Total Time": 662.53,
    "Actual Rows": 1,
    "Actual Loops": 1,
    "Plans": [
      {
        "Node Type": "Gather",
        "Parent Relationship": "Outer",
        "Parallel Aware": false,
        "Startup Cost": 116311.22,
        "Total Cost": 116311.33,
        "Plan Rows": 1,
        "Plan Width": 8,
        "Actual Startup Time": 651.607,
        "Actual Total Time": 662.522,
        "Actual Rows": 2,
        "Actual Loops": 1,
        "Workers Planned": 1,
        "Workers Launched": 1,
        "Single Copy": false,
        "Plans": [
          {
            "Node Type": "Aggregate",
            "Strategy": "Plain",
            "Partial Mode": "Partial",
            "Parent Relationship": "Outer",
            "Parallel Aware": false,
            "Startup Cost": 115311.22,
            "Total Cost": 115311.23,
            "Plan Rows": 1,
            "Plan Width": 8,
            "Actual Startup Time": 645.625,
            "Actual Total Time": 645.634,
            "Actual Rows": 1,
            "Actual Loops": 2,
            "Plans": [
              {
                "Node Type": "Hash Join",
                "Parent Relationship": "Outer",
                "Parallel Aware": true,
                "Join Type": "Inner",
                "Startup Cost": 56338.05,
                "Total Cost": 114388.89,
                "Plan Rows": 368932,
                "Plan Width": 0,
                "Actual Startup Time": 243.476,
                "Actual Total Time": 603.555,
                "Actual Rows": 1054404,
                "Actual Loops": 2,
                "Inner Unique": true,
                "Hash Cond": "(mk.movie_id = t.id)",
                "Plans": [
                  {
                    "Node Type": "Seq Scan",
                    "Parent Relationship": "Outer",
                    "Parallel Aware": true,
                    "Relation Name": "movie_keyword",
                    "Alias": "mk",
                    "Startup Cost": 0.0,
                    "Total Cost": 51065.35,
                    "Plan Rows": 2661135,
                    "Plan Width": 4,
                    "Actual Startup Time": 0.014,
                    "Actual Total Time": 158.986,
                    "Actual Rows": 2261965,
                    "Actual Loops": 2
                  },
                  {
                    "Node Type": "Hash",
                    "Parent Relationship": "Inner",
                    "Parallel Aware": true,
                    "Startup Cost": 53760.74,
                    "Total Cost": 53760.74,
                    "Plan Rows": 206185,
                    "Plan Width": 4,
                    "Actual Startup Time": 168.235,
                    "Actual Total Time": 168.237,
                    "Actual Rows": 212286,
                    "Actual Loops": 2,
                    "Hash Buckets": 524288,
                    "Original Hash Buckets": 524288,
                    "Hash Batches": 1,
                    "Original Hash Batches": 1,
                    "Peak Memory Usage": 20736,
                    "Plans": [
                      {
                        "Node Type": "Bitmap Heap Scan",
                        "Parent Relationship": "Outer",
                        "Parallel Aware": true,
                        "Relation Name": "title",
                        "Alias": "t",
                        "Startup Cost": 11910.48,
                        "Total Cost": 53760.74,
                        "Plan Rows": 206185,
                        "Plan Width": 4,
                        "Actual Startup Time": 34.317,
                        "Actual Total Time": 108.89,
                        "Actual Rows": 212286,
                        "Actual Loops": 2,
                        "Recheck Cond": "(kind_id = 1)",
                        "Rows Removed by Index Recheck": 0,
                        "Filter": "(production_year < 2005)",
                        "Rows Removed by Filter": 119126,
                        "Exact Heap Blocks": 8048,
                        "Lossy Heap Blocks": 0,
                        "Plans": [
                          {
                            "Node Type": "Bitmap Index Scan",
                            "Parent Relationship": "Outer",
                            "Parallel Aware": false,
                            "Index Name": "kind_id_title",
                            "Startup Cost": 0.0,
                            "Total Cost": 11822.85,
                            "Plan Rows": 663256,
                            "Plan Width": 0,
                            "Actual Startup Time": 32.912,
                            "Actual Total Time": 32.912,
                            "Actual Rows": 662825,
                            "Actual Loops": 1,
                            "Index Cond": "(kind_id = 1)"
                          }
                        ]
                      }
                    ]
                  }
                ]
              }
            ]
          }
        ]
      }
    ]
  },
  "Planning Time": 0.741,
  "Triggers": [],
  "Execution Time": 662.626
}