{
  "Plan": {
    "Node Type": "Aggregate",
    "Strategy": "Plain",
    "Partial Mode": "Finalize",
    "Parallel Aware": false,
    "Startup Cost": 128175.08,
    "Total Cost": 128175.09,
    "Plan Rows": 1,
    "Plan Width": 8,
    "Actual Startup Time": 704.087,
    "Actual Total Time": 723.585,
    "Actual Rows": 1,
    "Actual Loops": 1,
    "Plans": [
      {
        "Node Type": "Gather",
        "Parent Relationship": "Outer",
        "Parallel Aware": false,
        "Startup Cost": 128174.97,
        "Total Cost": 128175.08,
        "Plan Rows": 1,
        "Plan Width": 8,
        "Actual Startup Time": 701.03,
        "Actual Total Time": 723.577,
        "Actual Rows": 2,
        "Actual Loops": 1,
        "Workers Planned": 1,
        "Workers Launched": 1,
        "Single Copy": false,
        "Plans": [
          {
            "Node Type": "Aggregate",
            "Strategy": "Plain",
            "Partial Mode": "Partial",
            "Parent Relationship": "Outer",
            "Parallel Aware": false,
            "Startup Cost": 127174.97,
            "Total Cost": 127174.98,
            "Plan Rows": 1,
            "Plan Width": 8,
            "Actual Startup Time": 695.636,
            "Actual Total Time": 695.64,
            "Actual Rows": 1,
            "Actual Loops": 2,
            "Plans": [
              {
                "Node Type": "Hash Join",
                "Parent Relationship": "Outer",
                "Parallel Aware": true,
                "Join Type": "Inner",
                "Startup Cost": 64798.89,
                "Total Cost": 126012.41,
                "Plan Rows": 465024,
                "Plan Width": 0,
                "Actual Startup Time": 322.018,
                "Actual Total Time": 687.068,
                "Actual Rows": 173770,
                "Actual Loops": 2,
                "Inner Unique": true,
                "Hash Cond": "(mk.movie_id = t.id)",
                "Plans": [
                  {
                    "Node Type": "Seq Scan",
                    "Parent Relationship": "Outer",
                    "Parallel Aware": true,
                    "Relation Name": "movie_keyword",
                    "Alias": "mk",
                    "Startup Cost": 0.0,
                    "Total Cost": 57718.19,
                    "Plan Rows": 1331549,
                    "Plan Width": 4,
                    "Actual Startup Time": 0.469,
                    "Actual Total Time": 216.757,
                    "Actual Rows": 1129356,
                    "Actual Loops": 2,
                    "Filter": "(keyword_id > 4720)",
                    "Rows Removed by Filter": 1132609
                  },
                  {
                    "Node Type": "Hash",
                    "Parent Relationship": "Inner",
                    "Parallel Aware": true,
                    "Startup Cost": 58306.47,
                    "Total Cost": 58306.47,
                    "Plan Rows": 519394,
                    "Plan Width": 4,
                    "Actual Startup Time": 314.631,
                    "Actual Total Time": 314.632,
                    "Actual Rows": 485066,
                    "Actual Loops": 2,
                    "Hash Buckets": 1048576,
                    "Original Hash Buckets": 1048576,
                    "Hash Batches": 1,
                    "Original Hash Batches": 1,
                    "Peak Memory Usage": 46176,
                    "Plans": [
                      {
                        "Node Type": "Seq Scan",
                        "Parent Relationship": "Outer",
                        "Parallel Aware": true,
                        "Relation Name": "title",
                        "Alias": "t",
                        "Startup Cost": 0.0,
                        "Total Cost": 58306.47,
                        "Plan Rows": 519394,
                        "Plan Width": 4,
                        "Actual Startup Time": 0.039,
                        "Actual Total Time": 187.469,
                        "Actual Rows": 485066,
                        "Actual Loops": 2,
                        "Filter": "((kind_id > 3) AND (production_year > 2001))",
                        "Rows Removed by Filter": 779090
                      }
                    ]
                  }
                ]
              }
            ]
          }
        ]
      }
    ]
  },
  "Planning Time": 0.392,
  "Triggers": [],
  "Execution Time": 723.631
}