[
  {
    "Plan": {
      "Node Type": "Aggregate",
      "Strategy": "Plain",
      "Partial Mode": "Simple",
      "Parallel Aware": false,
      "Startup Cost": 1059.67,
      "Total Cost": 1059.68,
      "Plan Rows": 1,
      "Plan Width": 8,
      "Actual Startup Time": 13.537,
      "Actual Total Time": 13.538,
      "Actual Rows": 1,
      "Actual Loops": 1,
      "Plans": [
        {
          "Node Type": "Index Only Scan",
          "Parent Relationship": "Outer",
          "Parallel Aware": false,
          "Scan Direction": "Forward",
          "Index Name": "person_id_cast_info",
          "Relation Name": "cast_info",
          "Alias": "ci",
          "Startup Cost": 0.56,
          "Total Cost": 1058.43,
          "Plan Rows": 497,
          "Plan Width": 0,
          "Actual Startup Time": 11.849,
          "Actual Total Time": 13.308,
          "Actual Rows": 1160,
          "Actual Loops": 1,
          "Index Cond": "(person_id = 1502694)",
          "Rows Removed by Index Recheck": 0,
          "Heap Fetches": 1160
        }
      ]
    },
    "Planning Time": 0.205,
    "Triggers": [],
    "Execution Time": 13.589
  }
]