{
  "Plan": {
    "Node Type": "Aggregate",
    "Strategy": "Plain",
    "Partial Mode": "Finalize",
    "Parallel Aware": false,
    "Startup Cost": 1268427.59,
    "Total Cost": 1268427.6,
    "Plan Rows": 1,
    "Plan Width": 8,
    "Actual Startup Time": 6098.342,
    "Actual Total Time": 6100.172,
    "Actual Rows": 1,
    "Actual Loops": 1,
    "Plans": [
      {
        "Node Type": "Gather",
        "Parent Relationship": "Outer",
        "Parallel Aware": false,
        "Startup Cost": 1268427.48,
        "Total Cost": 1268427.59,
        "Plan Rows": 1,
        "Plan Width": 8,
        "Actual Startup Time": 6098.331,
        "Actual Total Time": 6100.165,
        "Actual Rows": 2,
        "Actual Loops": 1,
        "Workers Planned": 1,
        "Workers Launched": 1,
        "Single Copy": false,
        "Plans": [
          {
            "Node Type": "Aggregate",
            "Strategy": "Plain",
            "Partial Mode": "Partial",
            "Parent Relationship": "Outer",
            "Parallel Aware": false,
            "Startup Cost": 1267427.48,
            "Total Cost": 1267427.49,
            "Plan Rows": 1,
            "Plan Width": 8,
            "Actual Startup Time": 5934.105,
            "Actual Total Time": 5934.11,
            "Actual Rows": 1,
            "Actual Loops": 2,
            "Plans": [
              {
                "Node Type": "Merge Join",
                "Parent Relationship": "Outer",
                "Parallel Aware": false,
                "Join Type": "Inner",
                "Startup Cost": 1215603.13,
                "Total Cost": 1263128.2,
                "Plan Rows": 1719713,
                "Plan Width": 0,
                "Actual Startup Time": 3294.703,
                "Actual Total Time": 5466.533,
                "Actual Rows": 12365888,
                "Actual Loops": 2,
                "Inner Unique": false,
                "Merge Cond": "(ci.movie_id = t.id)",
                "Plans": [
                  {
                    "Node Type": "Sort",
                    "Parent Relationship": "Outer",
                    "Parallel Aware": false,
                    "Startup Cost": 949516.47,
                    "Total Cost": 960383.7,
                    "Plan Rows": 4346891,
                    "Plan Width": 4,
                    "Actual Startup Time": 1709.799,
                    "Actual Total Time": 2165.398,
                    "Actual Rows": 3795614,
                    "Actual Loops": 2,
                    "Sort Key": [
                      "ci.movie_id"
                    ],
                    "Sort Method": "quicksort",
                    "Sort Space Used": 287492,
                    "Sort Space Type": "Memory",
                    "Workers": [
                      {
                        "Worker Number": 0,
                        "Sort Method": "quicksort",
                        "Sort Space Used": 264956,
                        "Sort Space Type": "Memory"
                      }
                    ],
                    "Plans": [
                      {
                        "Node Type": "Bitmap Heap Scan",
                        "Parent Relationship": "Outer",
                        "Parallel Aware": true,
                        "Relation Name": "cast_info",
                        "Alias": "ci",
                        "Startup Cost": 163214.86,
                        "Total Cost": 470238.0,
                        "Plan Rows": 4346891,
                        "Plan Width": 4,
                        "Actual Startup Time": 285.517,
                        "Actual Total Time": 772.909,
                        "Actual Rows": 3795614,
                        "Actual Loops": 2,
                        "Recheck Cond": "(person_id < 736140)",
                        "Rows Removed by Index Recheck": 0,
                        "Exact Heap Blocks": 43140,
                        "Lossy Heap Blocks": 0,
                        "Plans": [
                          {
                            "Node Type": "Bitmap Index Scan",
                            "Parent Relationship": "Outer",
                            "Parallel Aware": false,
                            "Index Name": "person_id_cast_info",
                            "Startup Cost": 0.0,
                            "Total Cost": 161367.43,
                            "Plan Rows": 7389715,
                            "Plan Width": 0,
                            "Actual Startup Time": 277.151,
                            "Actual Total Time": 277.152,
                            "Actual Rows": 7591229,
                            "Actual Loops": 1,
                            "Index Cond": "(person_id < 736140)"
                          }
                        ]
                      }
                    ]
                  },
                  {
                    "Node Type": "Sort",
                    "Parent Relationship": "Inner",
                    "Parallel Aware": false,
                    "Startup Cost": 266086.2,
                    "Total Cost": 268586.8,
                    "Plan Rows": 1000241,
                    "Plan Width": 8,
                    "Actual Startup Time": 1578.913,
                    "Actual Total Time": 2006.478,
                    "Actual Rows": 12761211,
                    "Actual Loops": 2,
                    "Sort Key": [
                      "t.id"
                    ],
                    "Sort Method": "quicksort",
                    "Sort Space Used": 199594,
                    "Sort Space Type": "Memory",
                    "Workers": [
                      {
                        "Worker Number": 0,
                        "Sort Method": "quicksort",
                        "Sort Space Used": 199594,
                        "Sort Space Type": "Memory"
                      }
                    ],
                    "Plans": [
                      {
                        "Node Type": "Hash Join",
                        "Parent Relationship": "Outer",
                        "Parallel Aware": false,
                        "Join Type": "Inner",
                        "Startup Cost": 78703.7,
                        "Total Cost": 166402.6,
                        "Plan Rows": 1000241,
                        "Plan Width": 8,
                        "Actual Startup Time": 383.438,
                        "Actual Total Time": 1157.68,
                        "Actual Rows": 2160839,
                        "Actual Loops": 2,
                        "Inner Unique": true,
                        "Hash Cond": "(mk.movie_id = t.id)",
                        "Plans": [
                          {
                            "Node Type": "Seq Scan",
                            "Parent Relationship": "Outer",
                            "Parallel Aware": false,
                            "Relation Name": "movie_keyword",
                            "Alias": "mk",
                            "Startup Cost": 0.0,
                            "Total Cost": 81003.12,
                            "Plan Rows": 2550768,
                            "Plan Width": 4,
                            "Actual Startup Time": 0.578,
                            "Actual Total Time": 370.864,
                            "Actual Rows": 2541599,
                            "Actual Loops": 2,
                            "Filter": "(keyword_id > 3501)",
                            "Rows Removed by Filter": 1982331
                          },
                          {
                            "Node Type": "Hash",
                            "Parent Relationship": "Inner",
                            "Parallel Aware": false,
                            "Startup Cost": 66310.85,
                            "Total Cost": 66310.85,
                            "Plan Rows": 991428,
                            "Plan Width": 4,
                            "Actual Startup Time": 378.67,
                            "Actual Total Time": 378.671,
                            "Actual Rows": 985048,
                            "Actual Loops": 2,
                            "Hash Buckets": 1048576,
                            "Original Hash Buckets": 1048576,
                            "Hash Batches": 1,
                            "Original Hash Batches": 1,
                            "Peak Memory Usage": 42823,
                            "Plans": [
                              {
                                "Node Type": "Bitmap Heap Scan",
                                "Parent Relationship": "Outer",
                                "Parallel Aware": false,
                                "Relation Name": "title",
                                "Alias": "t",
                                "Startup Cost": 17920.0,
                                "Total Cost": 66310.85,
                                "Plan Rows": 991428,
                                "Plan Width": 4,
                                "Actual Startup Time": 37.737,
                                "Actual Total Time": 191.004,
                                "Actual Rows": 985048,
                                "Actual Loops": 2,
                                "Recheck Cond": "(kind_id < 7)",
                                "Rows Removed by Index Recheck": 0,
                                "Exact Heap Blocks": 35472,
                                "Lossy Heap Blocks": 0,
                                "Plans": [
                                  {
                                    "Node Type": "Bitmap Index Scan",
                                    "Parent Relationship": "Outer",
                                    "Parallel Aware": false,
                                    "Index Name": "kind_id_title",
                                    "Startup Cost": 0.0,
                                    "Total Cost": 17672.14,
                                    "Plan Rows": 991428,
                                    "Plan Width": 0,
                                    "Actual Startup Time": 32.912,
                                    "Actual Total Time": 32.912,
                                    "Actual Rows": 985048,
                                    "Actual Loops": 2,
                                    "Index Cond": "(kind_id < 7)"
                                  }
                                ]
                              }
                            ]
                          }
                        ]
                      }
                    ]
                  }
                ]
              }
            ]
          }
        ]
      }
    ]
  },
  "Planning Time": 1.029,
  "Triggers": [],
  "Execution Time": 6124.528
}