[
  {
    "Plan": {
      "Node Type": "Aggregate",
      "Strategy": "Plain",
      "Partial Mode": "Finalize",
      "Parallel Aware": false,
      "Startup Cost": 425243.7,
      "Total Cost": 425243.71,
      "Plan Rows": 1,
      "Plan Width": 8,
      "Actual Startup Time": 1729.11,
      "Actual Total Time": 1795.611,
      "Actual Rows": 1,
      "Actual Loops": 1,
      "Plans": [
        {
          "Node Type": "Gather",
          "Parent Relationship": "Outer",
          "Parallel Aware": false,
          "Startup Cost": 425243.07,
          "Total Cost": 425243.68,
          "Plan Rows": 6,
          "Plan Width": 8,
          "Actual Startup Time": 1719.533,
          "Actual Total Time": 1795.6,
          "Actual Rows": 7,
          "Actual Loops": 1,
          "Workers Planned": 6,
          "Workers Launched": 6,
          "Single Copy": false,
          "Plans": [
            {
              "Node Type": "Aggregate",
              "Strategy": "Plain",
              "Partial Mode": "Partial",
              "Parent Relationship": "Outer",
              "Parallel Aware": false,
              "Startup Cost": 424243.07,
              "Total Cost": 424243.08,
              "Plan Rows": 1,
              "Plan Width": 8,
              "Actual Startup Time": 1706.807,
              "Actual Total Time": 1706.812,
              "Actual Rows": 1,
              "Actual Loops": 7,
              "Plans": [
                {
                  "Node Type": "Hash Join",
                  "Parent Relationship": "Outer",
                  "Parallel Aware": true,
                  "Join Type": "Inner",
                  "Startup Cost": 81373.03,
                  "Total Cost": 422010.42,
                  "Plan Rows": 893061,
                  "Plan Width": 0,
                  "Actual Startup Time": 665.689,
                  "Actual Total Time": 1640.345,
                  "Actual Rows": 1522960,
                  "Actual Loops": 7,
                  "Inner Unique": false,
                  "Hash Cond": "(ci.movie_id = t.id)",
                  "Plans": [
                    {
                      "Node Type": "Seq Scan",
                      "Parent Relationship": "Outer",
                      "Parallel Aware": true,
                      "Relation Name": "cast_info",
                      "Alias": "ci",
                      "Startup Cost": 0.0,
                      "Total Cost": 328162.03,
                      "Plan Rows": 2731391,
                      "Plan Width": 4,
                      "Actual Startup Time": 321.713,
                      "Actual Total Time": 650.37,
                      "Actual Rows": 2303098,
                      "Actual Loops": 7,
                      "Filter": "(role_id > 2)",
                      "Rows Removed by Filter": 2874666
                    },
                    {
                      "Node Type": "Hash",
                      "Parent Relationship": "Inner",
                      "Parallel Aware": true,
                      "Startup Cost": 78789.73,
                      "Total Cost": 78789.73,
                      "Plan Rows": 206664,
                      "Plan Width": 8,
                      "Actual Startup Time": 340.897,
                      "Actual Total Time": 340.901,
                      "Actual Rows": 119978,
                      "Actual Loops": 7,
                      "Hash Buckets": 1048576,
                      "Original Hash Buckets": 1048576,
                      "Hash Batches": 1,
                      "Original Hash Batches": 1,
                      "Peak Memory Usage": 41152,
                      "Plans": [
                        {
                          "Node Type": "Hash Join",
                          "Parent Relationship": "Outer",
                          "Parallel Aware": true,
                          "Join Type": "Inner",
                          "Startup Cost": 32643.97,
                          "Total Cost": 78789.73,
                          "Plan Rows": 206664,
                          "Plan Width": 8,
                          "Actual Startup Time": 119.349,
                          "Actual Total Time": 289.979,
                          "Actual Rows": 119978,
                          "Actual Loops": 7,
                          "Inner Unique": false,
                          "Hash Cond": "(t.id = mc.movie_id)",
                          "Plans": [
                            {
                              "Node Type": "Seq Scan",
                              "Parent Relationship": "Outer",
                              "Parallel Aware": true,
                              "Relation Name": "title",
                              "Alias": "t",
                              "Startup Cost": 0.0,
                              "Total Cost": 42318.73,
                              "Plan Rows": 632073,
                              "Plan Width": 4,
                              "Actual Startup Time": 0.012,
                              "Actual Total Time": 54.327,
                              "Actual Rows": 361187,
                              "Actual Loops": 7
                            },
                            {
                              "Node Type": "Hash",
                              "Parent Relationship": "Inner",
                              "Parallel Aware": true,
                              "Startup Cost": 29310.68,
                              "Total Cost": 29310.68,
                              "Plan Rows": 266663,
                              "Plan Width": 4,
                              "Actual Startup Time": 117.625,
                              "Actual Total Time": 117.626,
                              "Actual Rows": 119978,
                              "Actual Loops": 7,
                              "Hash Buckets": 1048576,
                              "Original Hash Buckets": 1048576,
                              "Hash Batches": 1,
                              "Original Hash Batches": 1,
                              "Peak Memory Usage": 41120,
                              "Plans": [
                                {
                                  "Node Type": "Seq Scan",
                                  "Parent Relationship": "Outer",
                                  "Parallel Aware": true,
                                  "Relation Name": "movie_companies",
                                  "Alias": "mc",
                                  "Startup Cost": 0.0,
                                  "Total Cost": 29310.68,
                                  "Plan Rows": 266663,
                                  "Plan Width": 4,
                                  "Actual Startup Time": 20.279,
                                  "Actual Total Time": 64.291,
                                  "Actual Rows": 119978,
                                  "Actual Loops": 7,
                                  "Filter": "(company_id > 26260)",
                                  "Rows Removed by Filter": 252755
                                }
                              ]
                            }
                          ]
                        }
                      ]
                    }
                  ]
                }
              ]
            }
          ]
        }
      ]
    },
    "Planning Time": 1.324,
    "Triggers": [],
    "Execution Time": 1795.703
  }
]