[
  {
    "Plan": {
      "Node Type": "Aggregate",
      "Strategy": "Plain",
      "Partial Mode": "Finalize",
      "Parallel Aware": false,
      "Startup Cost": 258571.6,
      "Total Cost": 258571.61,
      "Plan Rows": 1,
      "Plan Width": 8,
      "Actual Startup Time": 1807.655,
      "Actual Total Time": 1864.154,
      "Actual Rows": 1,
      "Actual Loops": 1,
      "Plans": [
        {
          "Node Type": "Gather",
          "Parent Relationship": "Outer",
          "Parallel Aware": false,
          "Startup Cost": 258571.28,
          "Total Cost": 258571.59,
          "Plan Rows": 3,
          "Plan Width": 8,
          "Actual Startup Time": 1794.737,
          "Actual Total Time": 1864.144,
          "Actual Rows": 4,
          "Actual Loops": 1,
          "Workers Planned": 3,
          "Workers Launched": 3,
          "Single Copy": false,
          "Plans": [
            {
              "Node Type": "Aggregate",
              "Strategy": "Plain",
              "Partial Mode": "Partial",
              "Parent Relationship": "Outer",
              "Parallel Aware": false,
              "Startup Cost": 257571.28,
              "Total Cost": 257571.29,
              "Plan Rows": 1,
              "Plan Width": 8,
              "Actual Startup Time": 1780.384,
              "Actual Total Time": 1780.387,
              "Actual Rows": 1,
              "Actual Loops": 4,
              "Plans": [
                {
                  "Node Type": "Nested Loop",
                  "Parent Relationship": "Outer",
                  "Parallel Aware": false,
                  "Join Type": "Inner",
                  "Startup Cost": 56151.75,
                  "Total Cost": 256252.61,
                  "Plan Rows": 527469,
                  "Plan Width": 0,
                  "Actual Startup Time": 346.453,
                  "Actual Total Time": 1654.256,
                  "Actual Rows": 3040300,
                  "Actual Loops": 4,
                  "Inner Unique": false,
                  "Plans": [
                    {
                      "Node Type": "Hash Join",
                      "Parent Relationship": "Outer",
                      "Parallel Aware": true,
                      "Join Type": "Inner",
                      "Startup Cost": 56151.31,
                      "Total Cost": 81969.7,
                      "Plan Rows": 90207,
                      "Plan Width": 8,
                      "Actual Startup Time": 346.362,
                      "Actual Total Time": 430.493,
                      "Actual Rows": 73576,
                      "Actual Loops": 4,
                      "Inner Unique": true,
                      "Hash Cond": "(mk.movie_id = t.id)",
                      "Plans": [
                        {
                          "Node Type": "Bitmap Heap Scan",
                          "Parent Relationship": "Outer",
                          "Parallel Aware": true,
                          "Relation Name": "movie_keyword",
                          "Alias": "mk",
                          "Startup Cost": 5931.67,
                          "Total Cost": 31513.26,
                          "Plan Rows": 90207,
                          "Plan Width": 4,
                          "Actual Startup Time": 17.881,
                          "Actual Total Time": 56.572,
                          "Actual Rows": 73576,
                          "Actual Loops": 4,
                          "Recheck Cond": "(keyword_id < 240)",
                          "Rows Removed by Index Recheck": 0,
                          "Exact Heap Blocks": 6982,
                          "Lossy Heap Blocks": 0,
                          "Plans": [
                            {
                              "Node Type": "Bitmap Index Scan",
                              "Parent Relationship": "Outer",
                              "Parallel Aware": false,
                              "Index Name": "keyword_id_movie_keyword",
                              "Startup Cost": 0.0,
                              "Total Cost": 5861.76,
                              "Plan Rows": 279643,
                              "Plan Width": 0,
                              "Actual Startup Time": 14.296,
                              "Actual Total Time": 14.297,
                              "Actual Rows": 294304,
                              "Actual Loops": 1,
                              "Index Cond": "(keyword_id < 240)"
                            }
                          ]
                        },
                        {
                          "Node Type": "Hash",
                          "Parent Relationship": "Inner",
                          "Parallel Aware": true,
                          "Startup Cost": 42318.73,
                          "Total Cost": 42318.73,
                          "Plan Rows": 632073,
                          "Plan Width": 4,
                          "Actual Startup Time": 319.185,
                          "Actual Total Time": 319.186,
                          "Actual Rows": 632078,
                          "Actual Loops": 4,
                          "Hash Buckets": 4194304,
                          "Original Hash Buckets": 4194304,
                          "Hash Batches": 1,
                          "Original Hash Batches": 1,
                          "Peak Memory Usage": 131712,
                          "Plans": [
                            {
                              "Node Type": "Seq Scan",
                              "Parent Relationship": "Outer",
                              "Parallel Aware": true,
                              "Relation Name": "title",
                              "Alias": "t",
                              "Startup Cost": 0.0,
                              "Total Cost": 42318.73,
                              "Plan Rows": 632073,
                              "Plan Width": 4,
                              "Actual Startup Time": 0.035,
                              "Actual Total Time": 93.107,
                              "Actual Rows": 632078,
                              "Actual Loops": 4
                            }
                          ]
                        }
                      ]
                    },
                    {
                      "Node Type": "Index Only Scan",
                      "Parent Relationship": "Inner",
                      "Parallel Aware": false,
                      "Scan Direction": "Forward",
                      "Index Name": "movie_id_movie_info",
                      "Relation Name": "movie_info",
                      "Alias": "mi",
                      "Startup Cost": 0.43,
                      "Total Cost": 1.51,
                      "Plan Rows": 42,
                      "Plan Width": 4,
                      "Actual Startup Time": 0.003,
                      "Actual Total Time": 0.014,
                      "Actual Rows": 41,
                      "Actual Loops": 294304,
                      "Index Cond": "(movie_id = t.id)",
                      "Rows Removed by Index Recheck": 0,
                      "Heap Fetches": 12161201
                    }
                  ]
                }
              ]
            }
          ]
        }
      ]
    },
    "Planning Time": 0.808,
    "Triggers": [],
    "Execution Time": 1864.242
  }
]