[
    {
        "Bao": {
            "Bao prediction": "NaN",
            "Bao recommended hint": "(no hint)"
        }
    },
    {
        "Plan": {
            "Node Type": "Aggregate",
            "Strategy": "Plain",
            "Partial Mode": "Finalize",
            "Parallel Aware": false,
            "Startup Cost": 33332.09,
            "Total Cost": 33332.1,
            "Plan Rows": 1,
            "Plan Width": 8,
            "Actual Startup Time": 100.455,
            "Actual Total Time": 105.522,
            "Actual Rows": 1,
            "Actual Loops": 1,
            "Output": [
                "count(*)"
            ],
            "Plans": [
                {
                    "Node Type": "Gather",
                    "Parent Relationship": "Outer",
                    "Parallel Aware": false,
                    "Startup Cost": 33331.77,
                    "Total Cost": 33332.08,
                    "Plan Rows": 3,
                    "Plan Width": 8,
                    "Actual Startup Time": 100.373,
                    "Actual Total Time": 105.516,
                    "Actual Rows": 4,
                    "Actual Loops": 1,
                    "Output": [
                        "(PARTIAL count(*))"
                    ],
                    "Workers Planned": 3,
                    "Workers Launched": 3,
                    "Single Copy": false,
                    "Plans": [
                        {
                            "Node Type": "Aggregate",
                            "Strategy": "Plain",
                            "Partial Mode": "Partial",
                            "Parent Relationship": "Outer",
                            "Parallel Aware": false,
                            "Startup Cost": 32331.77,
                            "Total Cost": 32331.78,
                            "Plan Rows": 1,
                            "Plan Width": 8,
                            "Actual Startup Time": 92.153,
                            "Actual Total Time": 92.154,
                            "Actual Rows": 1,
                            "Actual Loops": 4,
                            "Output": [
                                "PARTIAL count(*)"
                            ],
                            "Workers": [
                                {
                                    "Worker Number": 0,
                                    "Actual Startup Time": 89.252,
                                    "Actual Total Time": 89.253,
                                    "Actual Rows": 1,
                                    "Actual Loops": 1
                                },
                                {
                                    "Worker Number": 1,
                                    "Actual Startup Time": 89.595,
                                    "Actual Total Time": 89.595,
                                    "Actual Rows": 1,
                                    "Actual Loops": 1
                                },
                                {
                                    "Worker Number": 2,
                                    "Actual Startup Time": 89.939,
                                    "Actual Total Time": 89.94,
                                    "Actual Rows": 1,
                                    "Actual Loops": 1
                                }
                            ],
                            "Plans": [
                                {
                                    "Node Type": "Seq Scan",
                                    "Parent Relationship": "Outer",
                                    "Parallel Aware": true,
                                    "Relation Name": "movie_companies",
                                    "Schema": "public",
                                    "Alias": "mc",
                                    "Startup Cost": 0.0,
                                    "Total Cost": 31414.82,
                                    "Plan Rows": 366781,
                                    "Plan Width": 0,
                                    "Actual Startup Time": 41.233,
                                    "Actual Total Time": 78.449,
                                    "Actual Rows": 312070,
                                    "Actual Loops": 4,
                                    "Output": [
                                        "id",
                                        "movie_id",
                                        "company_id",
                                        "company_type_id",
                                        "note"
                                    ],
                                    "Filter": "((mc.company_id > 219) AND (mc.company_type_id = 2))",
                                    "Rows Removed by Filter": 340212,
                                    "Workers": [
                                        {
                                            "Worker Number": 0,
                                            "Actual Startup Time": 38.335,
                                            "Actual Total Time": 75.777,
                                            "Actual Rows": 206108,
                                            "Actual Loops": 1
                                        },
                                        {
                                            "Worker Number": 1,
                                            "Actual Startup Time": 38.666,
                                            "Actual Total Time": 76.511,
                                            "Actual Rows": 324178,
                                            "Actual Loops": 1
                                        },
                                        {
                                            "Worker Number": 2,
                                            "Actual Startup Time": 39.029,
                                            "Actual Total Time": 76.496,
                                            "Actual Rows": 335090,
                                            "Actual Loops": 1
                                        }
                                    ]
                                }
                            ]
                        }
                    ]
                }
            ]
        },
        "Planning Time": 193.835,
        "Triggers": [],
        "Execution Time": 105.599
    }
]