[
  {
    "Plan": {
      "Node Type": "Aggregate",
      "Strategy": "Plain",
      "Partial Mode": "Finalize",
      "Parallel Aware": false,
      "Startup Cost": 73796.58,
      "Total Cost": 73796.59,
      "Plan Rows": 1,
      "Plan Width": 8,
      "Actual Startup Time": 247.579,
      "Actual Total Time": 258.977,
      "Actual Rows": 1,
      "Actual Loops": 1,
      "Plans": [
        {
          "Node Type": "Gather",
          "Parent Relationship": "Outer",
          "Parallel Aware": false,
          "Startup Cost": 73796.26,
          "Total Cost": 73796.57,
          "Plan Rows": 3,
          "Plan Width": 8,
          "Actual Startup Time": 242.663,
          "Actual Total Time": 258.969,
          "Actual Rows": 4,
          "Actual Loops": 1,
          "Workers Planned": 3,
          "Workers Launched": 3,
          "Single Copy": false,
          "Plans": [
            {
              "Node Type": "Aggregate",
              "Strategy": "Plain",
              "Partial Mode": "Partial",
              "Parent Relationship": "Outer",
              "Parallel Aware": false,
              "Startup Cost": 72796.26,
              "Total Cost": 72796.27,
              "Plan Rows": 1,
              "Plan Width": 8,
              "Actual Startup Time": 235.887,
              "Actual Total Time": 235.891,
              "Actual Rows": 1,
              "Actual Loops": 4,
              "Plans": [
                {
                  "Node Type": "Hash Join",
                  "Parent Relationship": "Outer",
                  "Parallel Aware": true,
                  "Join Type": "Inner",
                  "Startup Cost": 52592.18,
                  "Total Cost": 72754.4,
                  "Plan Rows": 16744,
                  "Plan Width": 0,
                  "Actual Startup Time": 191.684,
                  "Actual Total Time": 233.016,
                  "Actual Rows": 63902,
                  "Actual Loops": 4,
                  "Inner Unique": true,
                  "Hash Cond": "(mc.movie_id = t.id)",
                  "Plans": [
                    {
                      "Node Type": "Bitmap Heap Scan",
                      "Parent Relationship": "Outer",
                      "Parallel Aware": true,
                      "Relation Name": "movie_companies",
                      "Alias": "mc",
                      "Startup Cost": 5610.03,
                      "Total Cost": 25659.6,
                      "Plan Rows": 42915,
                      "Plan Width": 4,
                      "Actual Startup Time": 10.341,
                      "Actual Total Time": 26.001,
                      "Actual Rows": 63902,
                      "Actual Loops": 4,
                      "Recheck Cond": "(company_id > 100195)",
                      "Rows Removed by Index Recheck": 0,
                      "Filter": "(company_type_id = 2)",
                      "Rows Removed by Filter": 0,
                      "Exact Heap Blocks": 1364,
                      "Lossy Heap Blocks": 0,
                      "Plans": [
                        {
                          "Node Type": "Bitmap Index Scan",
                          "Parent Relationship": "Outer",
                          "Parallel Aware": false,
                          "Index Name": "company_id_movie_companies",
                          "Startup Cost": 0.0,
                          "Total Cost": 5576.77,
                          "Plan Rows": 260312,
                          "Plan Width": 0,
                          "Actual Startup Time": 9.676,
                          "Actual Total Time": 9.676,
                          "Actual Rows": 255608,
                          "Actual Loops": 1,
                          "Index Cond": "(company_id > 100195)"
                        }
                      ]
                    },
                    {
                      "Node Type": "Hash",
                      "Parent Relationship": "Inner",
                      "Parallel Aware": true,
                      "Startup Cost": 43899.32,
                      "Total Cost": 43899.32,
                      "Plan Rows": 246626,
                      "Plan Width": 4,
                      "Actual Startup Time": 176.891,
                      "Actual Total Time": 176.892,
                      "Actual Rows": 246262,
                      "Actual Loops": 4,
                      "Hash Buckets": 1048576,
                      "Original Hash Buckets": 1048576,
                      "Hash Batches": 1,
                      "Original Hash Batches": 1,
                      "Peak Memory Usage": 46784,
                      "Plans": [
                        {
                          "Node Type": "Seq Scan",
                          "Parent Relationship": "Outer",
                          "Parallel Aware": true,
                          "Relation Name": "title",
                          "Alias": "t",
                          "Startup Cost": 0.0,
                          "Total Cost": 43899.32,
                          "Plan Rows": 246626,
                          "Plan Width": 4,
                          "Actual Startup Time": 0.026,
                          "Actual Total Time": 95.505,
                          "Actual Rows": 246262,
                          "Actual Loops": 4,
                          "Filter": "(kind_id < 7)",
                          "Rows Removed by Filter": 385816
                        }
                      ]
                    }
                  ]
                }
              ]
            }
          ]
        }
      ]
    },
    "Planning Time": 0.488,
    "Triggers": [],
    "Execution Time": 259.042
  }
]