[
  {
    "Plan": {
      "Node Type": "Aggregate",
      "Strategy": "Plain",
      "Partial Mode": "Simple",
      "Parallel Aware": false,
      "Startup Cost": 20105.34,
      "Total Cost": 20105.35,
      "Plan Rows": 1,
      "Plan Width": 8,
      "Actual Startup Time": 7.236,
      "Actual Total Time": 7.237,
      "Actual Rows": 1,
      "Actual Loops": 1,
      "Plans": [
        {
          "Node Type": "Bitmap Heap Scan",
          "Parent Relationship": "Outer",
          "Parallel Aware": false,
          "Relation Name": "movie_keyword",
          "Alias": "mk",
          "Startup Cost": 238.64,
          "Total Cost": 20077.53,
          "Plan Rows": 11123,
          "Plan Width": 0,
          "Actual Startup Time": 1.211,
          "Actual Total Time": 6.593,
          "Actual Rows": 9735,
          "Actual Loops": 1,
          "Recheck Cond": "(keyword_id > 125320)",
          "Rows Removed by Index Recheck": 0,
          "Exact Heap Blocks": 3049,
          "Lossy Heap Blocks": 0,
          "Plans": [
            {
              "Node Type": "Bitmap Index Scan",
              "Parent Relationship": "Outer",
              "Parallel Aware": false,
              "Index Name": "keyword_id_movie_keyword",
              "Startup Cost": 0.0,
              "Total Cost": 235.86,
              "Plan Rows": 11123,
              "Plan Width": 0,
              "Actual Startup Time": 0.788,
              "Actual Total Time": 0.788,
              "Actual Rows": 9735,
              "Actual Loops": 1,
              "Index Cond": "(keyword_id > 125320)"
            }
          ]
        }
      ]
    },
    "Planning Time": 0.088,
    "Triggers": [],
    "Execution Time": 7.26
  }
]