[
  {
    "Plan": {
      "Node Type": "Aggregate",
      "Strategy": "Plain",
      "Partial Mode": "Finalize",
      "Parallel Aware": false,
      "Startup Cost": 409775.9,
      "Total Cost": 409775.91,
      "Plan Rows": 1,
      "Plan Width": 8,
      "Actual Startup Time": 1336.965,
      "Actual Total Time": 1405.639,
      "Actual Rows": 1,
      "Actual Loops": 1,
      "Plans": [
        {
          "Node Type": "Gather",
          "Parent Relationship": "Outer",
          "Parallel Aware": false,
          "Startup Cost": 409775.28,
          "Total Cost": 409775.89,
          "Plan Rows": 6,
          "Plan Width": 8,
          "Actual Startup Time": 1329.194,
          "Actual Total Time": 1405.609,
          "Actual Rows": 7,
          "Actual Loops": 1,
          "Workers Planned": 6,
          "Workers Launched": 6,
          "Single Copy": false,
          "Plans": [
            {
              "Node Type": "Aggregate",
              "Strategy": "Plain",
              "Partial Mode": "Partial",
              "Parent Relationship": "Outer",
              "Parallel Aware": false,
              "Startup Cost": 408775.28,
              "Total Cost": 408775.29,
              "Plan Rows": 1,
              "Plan Width": 8,
              "Actual Startup Time": 1317.861,
              "Actual Total Time": 1318.137,
              "Actual Rows": 1,
              "Actual Loops": 7,
              "Plans": [
                {
                  "Node Type": "Hash Join",
                  "Parent Relationship": "Outer",
                  "Parallel Aware": true,
                  "Join Type": "Inner",
                  "Startup Cost": 69335.22,
                  "Total Cost": 407262.23,
                  "Plan Rows": 605218,
                  "Plan Width": 0,
                  "Actual Startup Time": 303.103,
                  "Actual Total Time": 1282.73,
                  "Actual Rows": 668857,
                  "Actual Loops": 7,
                  "Inner Unique": false,
                  "Hash Cond": "(ci.movie_id = t.id)",
                  "Plans": [
                    {
                      "Node Type": "Seq Scan",
                      "Parent Relationship": "Outer",
                      "Parallel Aware": true,
                      "Relation Name": "cast_info",
                      "Alias": "ci",
                      "Startup Cost": 0.0,
                      "Total Cost": 328162.03,
                      "Plan Rows": 1931532,
                      "Plan Width": 4,
                      "Actual Startup Time": 0.026,
                      "Actual Total Time": 628.218,
                      "Actual Rows": 1654899,
                      "Actual Loops": 7,
                      "Filter": "(person_id < 1139603)",
                      "Rows Removed by Filter": 3522864
                    },
                    {
                      "Node Type": "Hash",
                      "Parent Relationship": "Inner",
                      "Parallel Aware": true,
                      "Startup Cost": 65209.16,
                      "Total Cost": 65209.16,
                      "Plan Rows": 330085,
                      "Plan Width": 8,
                      "Actual Startup Time": 299.631,
                      "Actual Total Time": 299.905,
                      "Actual Rows": 59614,
                      "Actual Loops": 7,
                      "Hash Buckets": 1048576,
                      "Original Hash Buckets": 1048576,
                      "Hash Batches": 1,
                      "Original Hash Batches": 1,
                      "Peak Memory Usage": 24640,
                      "Plans": [
                        {
                          "Node Type": "Hash Join",
                          "Parent Relationship": "Outer",
                          "Parallel Aware": true,
                          "Join Type": "Inner",
                          "Startup Cost": 50014.6,
                          "Total Cost": 65209.16,
                          "Plan Rows": 330085,
                          "Plan Width": 8,
                          "Actual Startup Time": 204.349,
                          "Actual Total Time": 274.891,
                          "Actual Rows": 59614,
                          "Actual Loops": 7,
                          "Inner Unique": true,
                          "Hash Cond": "(mi_idx.movie_id = t.id)",
                          "Plans": [
                            {
                              "Node Type": "Seq Scan",
                              "Parent Relationship": "Outer",
                              "Parallel Aware": true,
                              "Relation Name": "movie_info_idx",
                              "Alias": "mi_idx",
                              "Startup Cost": 0.0,
                              "Total Cost": 13685.15,
                              "Plan Rows": 575015,
                              "Plan Width": 4,
                              "Actual Startup Time": 0.036,
                              "Actual Total Time": 22.036,
                              "Actual Rows": 197148,
                              "Actual Loops": 7
                            },
                            {
                              "Node Type": "Hash",
                              "Parent Relationship": "Inner",
                              "Parallel Aware": true,
                              "Startup Cost": 45479.1,
                              "Total Cost": 45479.1,
                              "Plan Rows": 362840,
                              "Plan Width": 4,
                              "Actual Startup Time": 201.444,
                              "Actual Total Time": 201.445,
                              "Actual Rows": 205455,
                              "Actual Loops": 7,
                              "Hash Buckets": 2097152,
                              "Original Hash Buckets": 2097152,
                              "Hash Batches": 1,
                              "Original Hash Batches": 1,
                              "Peak Memory Usage": 72768,
                              "Plans": [
                                {
                                  "Node Type": "Seq Scan",
                                  "Parent Relationship": "Outer",
                                  "Parallel Aware": true,
                                  "Relation Name": "title",
                                  "Alias": "t",
                                  "Startup Cost": 0.0,
                                  "Total Cost": 45479.1,
                                  "Plan Rows": 362840,
                                  "Plan Width": 4,
                                  "Actual Startup Time": 0.051,
                                  "Actual Total Time": 88.002,
                                  "Actual Rows": 205455,
                                  "Actual Loops": 7,
                                  "Filter": "((production_year < 2013) AND (kind_id = 7))",
                                  "Rows Removed by Filter": 155733
                                }
                              ]
                            }
                          ]
                        }
                      ]
                    }
                  ]
                }
              ]
            }
          ]
        }
      ]
    },
    "Planning Time": 1.274,
    "Triggers": [],
    "Execution Time": 1405.739
  }
]