[
    {
        "Bao": {
            "Bao prediction": "NaN",
            "Bao recommended hint": "(no hint)"
        }
    },
    {
        "Plan": {
            "Node Type": "Aggregate",
            "Strategy": "Plain",
            "Partial Mode": "Finalize",
            "Parallel Aware": false,
            "Startup Cost": 32628.27,
            "Total Cost": 32628.28,
            "Plan Rows": 1,
            "Plan Width": 8,
            "Actual Startup Time": 73.911,
            "Actual Total Time": 77.233,
            "Actual Rows": 1,
            "Actual Loops": 1,
            "Output": [
                "count(*)"
            ],
            "Plans": [
                {
                    "Node Type": "Gather",
                    "Parent Relationship": "Outer",
                    "Parallel Aware": false,
                    "Startup Cost": 32627.96,
                    "Total Cost": 32628.27,
                    "Plan Rows": 3,
                    "Plan Width": 8,
                    "Actual Startup Time": 73.68,
                    "Actual Total Time": 77.224,
                    "Actual Rows": 4,
                    "Actual Loops": 1,
                    "Output": [
                        "(PARTIAL count(*))"
                    ],
                    "Workers Planned": 3,
                    "Workers Launched": 3,
                    "Single Copy": false,
                    "Plans": [
                        {
                            "Node Type": "Aggregate",
                            "Strategy": "Plain",
                            "Partial Mode": "Partial",
                            "Parent Relationship": "Outer",
                            "Parallel Aware": false,
                            "Startup Cost": 31627.96,
                            "Total Cost": 31627.97,
                            "Plan Rows": 1,
                            "Plan Width": 8,
                            "Actual Startup Time": 65.487,
                            "Actual Total Time": 65.488,
                            "Actual Rows": 1,
                            "Actual Loops": 4,
                            "Output": [
                                "PARTIAL count(*)"
                            ],
                            "Workers": [
                                {
                                    "Worker Number": 0,
                                    "Actual Startup Time": 62.891,
                                    "Actual Total Time": 62.893,
                                    "Actual Rows": 1,
                                    "Actual Loops": 1
                                },
                                {
                                    "Worker Number": 1,
                                    "Actual Startup Time": 62.978,
                                    "Actual Total Time": 62.979,
                                    "Actual Rows": 1,
                                    "Actual Loops": 1
                                },
                                {
                                    "Worker Number": 2,
                                    "Actual Startup Time": 62.638,
                                    "Actual Total Time": 62.639,
                                    "Actual Rows": 1,
                                    "Actual Loops": 1
                                }
                            ],
                            "Plans": [
                                {
                                    "Node Type": "Seq Scan",
                                    "Parent Relationship": "Outer",
                                    "Parallel Aware": true,
                                    "Relation Name": "movie_companies",
                                    "Schema": "public",
                                    "Alias": "mc",
                                    "Startup Cost": 0.0,
                                    "Total Cost": 31414.82,
                                    "Plan Rows": 85255,
                                    "Plan Width": 0,
                                    "Actual Startup Time": 38.973,
                                    "Actual Total Time": 64.0,
                                    "Actual Rows": 34238,
                                    "Actual Loops": 4,
                                    "Output": [
                                        "id",
                                        "movie_id",
                                        "company_id",
                                        "company_type_id",
                                        "note"
                                    ],
                                    "Filter": "((mc.company_id < 474) AND (mc.company_type_id > 1))",
                                    "Rows Removed by Filter": 618044,
                                    "Workers": [
                                        {
                                            "Worker Number": 0,
                                            "Actual Startup Time": 36.381,
                                            "Actual Total Time": 61.408,
                                            "Actual Rows": 32835,
                                            "Actual Loops": 1
                                        },
                                        {
                                            "Worker Number": 1,
                                            "Actual Startup Time": 36.455,
                                            "Actual Total Time": 61.547,
                                            "Actual Rows": 31347,
                                            "Actual Loops": 1
                                        },
                                        {
                                            "Worker Number": 2,
                                            "Actual Startup Time": 36.123,
                                            "Actual Total Time": 61.142,
                                            "Actual Rows": 33824,
                                            "Actual Loops": 1
                                        }
                                    ]
                                }
                            ]
                        }
                    ]
                }
            ]
        },
        "Planning Time": 191.935,
        "Triggers": [],
        "Execution Time": 77.273
    }
]