{
  "Plan": {
    "Node Type": "Aggregate",
    "Strategy": "Plain",
    "Partial Mode": "Finalize",
    "Parallel Aware": false,
    "Startup Cost": 159994.27,
    "Total Cost": 159994.28,
    "Plan Rows": 1,
    "Plan Width": 8,
    "Actual Startup Time": 899.965,
    "Actual Total Time": 920.397,
    "Actual Rows": 1,
    "Actual Loops": 1,
    "Plans": [
      {
        "Node Type": "Gather",
        "Parent Relationship": "Outer",
        "Parallel Aware": false,
        "Startup Cost": 159994.16,
        "Total Cost": 159994.27,
        "Plan Rows": 1,
        "Plan Width": 8,
        "Actual Startup Time": 899.088,
        "Actual Total Time": 920.387,
        "Actual Rows": 2,
        "Actual Loops": 1,
        "Workers Planned": 1,
        "Workers Launched": 1,
        "Single Copy": false,
        "Plans": [
          {
            "Node Type": "Aggregate",
            "Strategy": "Plain",
            "Partial Mode": "Partial",
            "Parent Relationship": "Outer",
            "Parallel Aware": false,
            "Startup Cost": 158994.16,
            "Total Cost": 158994.17,
            "Plan Rows": 1,
            "Plan Width": 8,
            "Actual Startup Time": 895.09,
            "Actual Total Time": 895.411,
            "Actual Rows": 1,
            "Actual Loops": 2,
            "Plans": [
              {
                "Node Type": "Hash Join",
                "Parent Relationship": "Outer",
                "Parallel Aware": true,
                "Join Type": "Inner",
                "Startup Cost": 118361.66,
                "Total Cost": 158773.68,
                "Plan Rows": 88191,
                "Plan Width": 0,
                "Actual Startup Time": 562.259,
                "Actual Total Time": 870.599,
                "Actual Rows": 469338,
                "Actual Loops": 2,
                "Inner Unique": false,
                "Hash Cond": "(mc.movie_id = t.id)",
                "Plans": [
                  {
                    "Node Type": "Seq Scan",
                    "Parent Relationship": "Outer",
                    "Parallel Aware": true,
                    "Relation Name": "movie_companies",
                    "Alias": "mc",
                    "Startup Cost": 0.0,
                    "Total Cost": 34137.82,
                    "Plan Rows": 1534782,
                    "Plan Width": 4,
                    "Actual Startup Time": 0.021,
                    "Actual Total Time": 125.498,
                    "Actual Rows": 1304564,
                    "Actual Loops": 2
                  },
                  {
                    "Node Type": "Hash",
                    "Parent Relationship": "Inner",
                    "Parallel Aware": true,
                    "Startup Cost": 117293.44,
                    "Total Cost": 117293.44,
                    "Plan Rows": 85458,
                    "Plan Width": 8,
                    "Actual Startup Time": 558.252,
                    "Actual Total Time": 558.572,
                    "Actual Rows": 50816,
                    "Actual Loops": 2,
                    "Hash Buckets": 262144,
                    "Original Hash Buckets": 262144,
                    "Hash Batches": 1,
                    "Original Hash Batches": 1,
                    "Peak Memory Usage": 6080,
                    "Plans": [
                      {
                        "Node Type": "Hash Join",
                        "Parent Relationship": "Outer",
                        "Parallel Aware": true,
                        "Join Type": "Inner",
                        "Startup Cost": 55651.14,
                        "Total Cost": 117293.44,
                        "Plan Rows": 85458,
                        "Plan Width": 8,
                        "Actual Startup Time": 185.762,
                        "Actual Total Time": 546.556,
                        "Actual Rows": 50816,
                        "Actual Loops": 2,
                        "Inner Unique": true,
                        "Hash Cond": "(mk.movie_id = t.id)",
                        "Plans": [
                          {
                            "Node Type": "Seq Scan",
                            "Parent Relationship": "Outer",
                            "Parallel Aware": true,
                            "Relation Name": "movie_keyword",
                            "Alias": "mk",
                            "Startup Cost": 0.0,
                            "Total Cost": 57718.19,
                            "Plan Rows": 1494894,
                            "Plan Width": 4,
                            "Actual Startup Time": 0.438,
                            "Actual Total Time": 238.306,
                            "Actual Rows": 1265640,
                            "Actual Loops": 2,
                            "Filter": "(keyword_id > 3518)",
                            "Rows Removed by Filter": 996326
                          },
                          {
                            "Node Type": "Hash",
                            "Parent Relationship": "Inner",
                            "Parallel Aware": true,
                            "Startup Cost": 54588.39,
                            "Total Cost": 54588.39,
                            "Plan Rows": 85020,
                            "Plan Width": 4,
                            "Actual Startup Time": 183.339,
                            "Actual Total Time": 183.34,
                            "Actual Rows": 70852,
                            "Actual Loops": 2,
                            "Hash Buckets": 262144,
                            "Original Hash Buckets": 262144,
                            "Hash Batches": 1,
                            "Original Hash Batches": 1,
                            "Peak Memory Usage": 7616,
                            "Plans": [
                              {
                                "Node Type": "Seq Scan",
                                "Parent Relationship": "Outer",
                                "Parallel Aware": true,
                                "Relation Name": "title",
                                "Alias": "t",
                                "Startup Cost": 0.0,
                                "Total Cost": 54588.39,
                                "Plan Rows": 85020,
                                "Plan Width": 4,
                                "Actual Startup Time": 0.04,
                                "Actual Total Time": 162.041,
                                "Actual Rows": 70852,
                                "Actual Loops": 2,
                                "Filter": "(production_year = 2010)",
                                "Rows Removed by Filter": 1193304
                              }
                            ]
                          }
                        ]
                      }
                    ]
                  }
                ]
              }
            ]
          }
        ]
      }
    ]
  },
  "Planning Time": 0.79,
  "Triggers": [],
  "Execution Time": 920.476
}