[
    {
        "Bao": {
            "Bao prediction": 332.42,
            "Bao recommended hint": "(no hint)"
        }
    },
    {
        "Plan": {
            "Node Type": "Aggregate",
            "Strategy": "Plain",
            "Partial Mode": "Simple",
            "Parallel Aware": false,
            "Startup Cost": 42747.35,
            "Total Cost": 42747.36,
            "Plan Rows": 1,
            "Plan Width": 64,
            "Actual Startup Time": 673.78,
            "Actual Total Time": 750.022,
            "Actual Rows": 1,
            "Actual Loops": 1,
            "Output": [
                "min(chn.name)",
                "min(t.title)"
            ],
            "Plans": [
                {
                    "Node Type": "Nested Loop",
                    "Parent Relationship": "Outer",
                    "Parallel Aware": false,
                    "Join Type": "Inner",
                    "Startup Cost": 5741.71,
                    "Total Cost": 42747.34,
                    "Plan Rows": 1,
                    "Plan Width": 33,
                    "Actual Startup Time": 673.643,
                    "Actual Total Time": 750.006,
                    "Actual Rows": 4,
                    "Actual Loops": 1,
                    "Output": [
                        "chn.name",
                        "t.title"
                    ],
                    "Inner Unique": true,
                    "Plans": [
                        {
                            "Node Type": "Nested Loop",
                            "Parent Relationship": "Outer",
                            "Parallel Aware": false,
                            "Join Type": "Inner",
                            "Startup Cost": 5741.58,
                            "Total Cost": 42747.19,
                            "Plan Rows": 1,
                            "Plan Width": 37,
                            "Actual Startup Time": 673.615,
                            "Actual Total Time": 749.969,
                            "Actual Rows": 4,
                            "Actual Loops": 1,
                            "Output": [
                                "chn.name",
                                "mc.company_type_id",
                                "t.title"
                            ],
                            "Inner Unique": true,
                            "Plans": [
                                {
                                    "Node Type": "Gather",
                                    "Parent Relationship": "Outer",
                                    "Parallel Aware": false,
                                    "Startup Cost": 5741.15,
                                    "Total Cost": 42738.84,
                                    "Plan Rows": 1,
                                    "Plan Width": 25,
                                    "Actual Startup Time": 673.554,
                                    "Actual Total Time": 749.792,
                                    "Actual Rows": 4,
                                    "Actual Loops": 1,
                                    "Output": [
                                        "ci.person_role_id",
                                        "mc.company_type_id",
                                        "t.title"
                                    ],
                                    "Workers Planned": 3,
                                    "Workers Launched": 3,
                                    "Single Copy": false,
                                    "Plans": [
                                        {
                                            "Node Type": "Nested Loop",
                                            "Parent Relationship": "Outer",
                                            "Parallel Aware": false,
                                            "Join Type": "Inner",
                                            "Startup Cost": 4741.15,
                                            "Total Cost": 41738.74,
                                            "Plan Rows": 1,
                                            "Plan Width": 25,
                                            "Actual Startup Time": 503.743,
                                            "Actual Total Time": 662.822,
                                            "Actual Rows": 1,
                                            "Actual Loops": 4,
                                            "Output": [
                                                "ci.person_role_id",
                                                "mc.company_type_id",
                                                "t.title"
                                            ],
                                            "Inner Unique": true,
                                            "Workers": [
                                                {
                                                    "Worker Number": 0,
                                                    "Actual Startup Time": 659.498,
                                                    "Actual Total Time": 659.503,
                                                    "Actual Rows": 0,
                                                    "Actual Loops": 1
                                                },
                                                {
                                                    "Worker Number": 1,
                                                    "Actual Startup Time": 23.542,
                                                    "Actual Total Time": 659.844,
                                                    "Actual Rows": 4,
                                                    "Actual Loops": 1
                                                },
                                                {
                                                    "Worker Number": 2,
                                                    "Actual Startup Time": 659.881,
                                                    "Actual Total Time": 659.885,
                                                    "Actual Rows": 0,
                                                    "Actual Loops": 1
                                                }
                                            ],
                                            "Plans": [
                                                {
                                                    "Node Type": "Nested Loop",
                                                    "Parent Relationship": "Outer",
                                                    "Parallel Aware": false,
                                                    "Join Type": "Inner",
                                                    "Startup Cost": 4741.01,
                                                    "Total Cost": 41738.51,
                                                    "Plan Rows": 1,
                                                    "Plan Width": 29,
                                                    "Actual Startup Time": 503.725,
                                                    "Actual Total Time": 662.8,
                                                    "Actual Rows": 1,
                                                    "Actual Loops": 4,
                                                    "Output": [
                                                        "ci.person_role_id",
                                                        "ci.role_id",
                                                        "mc.company_type_id",
                                                        "t.title"
                                                    ],
                                                    "Inner Unique": false,
                                                    "Join Filter": "(t.id = ci.movie_id)",
                                                    "Rows Removed by Join Filter": 0,
                                                    "Workers": [
                                                        {
                                                            "Worker Number": 0,
                                                            "Actual Startup Time": 659.497,
                                                            "Actual Total Time": 659.501,
                                                            "Actual Rows": 0,
                                                            "Actual Loops": 1
                                                        },
                                                        {
                                                            "Worker Number": 1,
                                                            "Actual Startup Time": 23.476,
                                                            "Actual Total Time": 659.764,
                                                            "Actual Rows": 4,
                                                            "Actual Loops": 1
                                                        },
                                                        {
                                                            "Worker Number": 2,
                                                            "Actual Startup Time": 659.88,
                                                            "Actual Total Time": 659.883,
                                                            "Actual Rows": 0,
                                                            "Actual Loops": 1
                                                        }
                                                    ],
                                                    "Plans": [
                                                        {
                                                            "Node Type": "Nested Loop",
                                                            "Parent Relationship": "Outer",
                                                            "Parallel Aware": false,
                                                            "Join Type": "Inner",
                                                            "Startup Cost": 4740.45,
                                                            "Total Cost": 38479.66,
                                                            "Plan Rows": 1748,
                                                            "Plan Width": 29,
                                                            "Actual Startup Time": 24.074,
                                                            "Actual Total Time": 279.042,
                                                            "Actual Rows": 3083,
                                                            "Actual Loops": 4,
                                                            "Output": [
                                                                "mc.movie_id",
                                                                "mc.company_type_id",
                                                                "t.title",
                                                                "t.id"
                                                            ],
                                                            "Inner Unique": true,
                                                            "Workers": [
                                                                {
                                                                    "Worker Number": 0,
                                                                    "Actual Startup Time": 20.667,
                                                                    "Actual Total Time": 277.299,
                                                                    "Actual Rows": 3028,
                                                                    "Actual Loops": 1
                                                                },
                                                                {
                                                                    "Worker Number": 1,
                                                                    "Actual Startup Time": 20.732,
                                                                    "Actual Total Time": 267.148,
                                                                    "Actual Rows": 3201,
                                                                    "Actual Loops": 1
                                                                },
                                                                {
                                                                    "Worker Number": 2,
                                                                    "Actual Startup Time": 20.82,
                                                                    "Actual Total Time": 280.667,
                                                                    "Actual Rows": 3049,
                                                                    "Actual Loops": 1
                                                                }
                                                            ],
                                                            "Plans": [
                                                                {
                                                                    "Node Type": "Hash Join",
                                                                    "Parent Relationship": "Outer",
                                                                    "Parallel Aware": true,
                                                                    "Join Type": "Inner",
                                                                    "Startup Cost": 4740.02,
                                                                    "Total Cost": 34155.95,
                                                                    "Plan Rows": 8331,
                                                                    "Plan Width": 8,
                                                                    "Actual Startup Time": 23.595,
                                                                    "Actual Total Time": 191.655,
                                                                    "Actual Rows": 14102,
                                                                    "Actual Loops": 4,
                                                                    "Output": [
                                                                        "mc.movie_id",
                                                                        "mc.company_type_id"
                                                                    ],
                                                                    "Inner Unique": true,
                                                                    "Hash Cond": "(mc.company_id = cn.id)",
                                                                    "Workers": [
                                                                        {
                                                                            "Worker Number": 0,
                                                                            "Actual Startup Time": 20.257,
                                                                            "Actual Total Time": 186.929,
                                                                            "Actual Rows": 14080,
                                                                            "Actual Loops": 1
                                                                        },
                                                                        {
                                                                            "Worker Number": 1,
                                                                            "Actual Startup Time": 20.619,
                                                                            "Actual Total Time": 183.778,
                                                                            "Actual Rows": 13575,
                                                                            "Actual Loops": 1
                                                                        },
                                                                        {
                                                                            "Worker Number": 2,
                                                                            "Actual Startup Time": 20.669,
                                                                            "Actual Total Time": 193.132,
                                                                            "Actual Rows": 14490,
                                                                            "Actual Loops": 1
                                                                        }
                                                                    ],
                                                                    "Plans": [
                                                                        {
                                                                            "Node Type": "Seq Scan",
                                                                            "Parent Relationship": "Outer",
                                                                            "Parallel Aware": true,
                                                                            "Relation Name": "movie_companies",
                                                                            "Schema": "public",
                                                                            "Alias": "mc",
                                                                            "Startup Cost": 0.0,
                                                                            "Total Cost": 27206.55,
                                                                            "Plan Rows": 841655,
                                                                            "Plan Width": 12,
                                                                            "Actual Startup Time": 0.025,
                                                                            "Actual Total Time": 79.47,
                                                                            "Actual Rows": 652282,
                                                                            "Actual Loops": 4,
                                                                            "Output": [
                                                                                "mc.id",
                                                                                "mc.movie_id",
                                                                                "mc.company_id",
                                                                                "mc.company_type_id",
                                                                                "mc.note"
                                                                            ],
                                                                            "Workers": [
                                                                                {
                                                                                    "Worker Number": 0,
                                                                                    "Actual Startup Time": 0.027,
                                                                                    "Actual Total Time": 80.051,
                                                                                    "Actual Rows": 644858,
                                                                                    "Actual Loops": 1
                                                                                },
                                                                                {
                                                                                    "Worker Number": 1,
                                                                                    "Actual Startup Time": 0.03,
                                                                                    "Actual Total Time": 77.54,
                                                                                    "Actual Rows": 624179,
                                                                                    "Actual Loops": 1
                                                                                },
                                                                                {
                                                                                    "Worker Number": 2,
                                                                                    "Actual Startup Time": 0.036,
                                                                                    "Actual Total Time": 81.327,
                                                                                    "Actual Rows": 681468,
                                                                                    "Actual Loops": 1
                                                                                }
                                                                            ]
                                                                        },
                                                                        {
                                                                            "Node Type": "Hash",
                                                                            "Parent Relationship": "Inner",
                                                                            "Parallel Aware": true,
                                                                            "Startup Cost": 4722.92,
                                                                            "Total Cost": 4722.92,
                                                                            "Plan Rows": 1368,
                                                                            "Plan Width": 4,
                                                                            "Actual Startup Time": 22.268,
                                                                            "Actual Total Time": 22.269,
                                                                            "Actual Rows": 585,
                                                                            "Actual Loops": 4,
                                                                            "Output": [
                                                                                "cn.id"
                                                                            ],
                                                                            "Hash Buckets": 4096,
                                                                            "Original Hash Buckets": 4096,
                                                                            "Hash Batches": 1,
                                                                            "Original Hash Batches": 1,
                                                                            "Peak Memory Usage": 192,
                                                                            "Workers": [
                                                                                {
                                                                                    "Worker Number": 0,
                                                                                    "Actual Startup Time": 19.786,
                                                                                    "Actual Total Time": 19.787,
                                                                                    "Actual Rows": 429,
                                                                                    "Actual Loops": 1
                                                                                },
                                                                                {
                                                                                    "Worker Number": 1,
                                                                                    "Actual Startup Time": 20.069,
                                                                                    "Actual Total Time": 20.07,
                                                                                    "Actual Rows": 433,
                                                                                    "Actual Loops": 1
                                                                                },
                                                                                {
                                                                                    "Worker Number": 2,
                                                                                    "Actual Startup Time": 20.074,
                                                                                    "Actual Total Time": 20.075,
                                                                                    "Actual Rows": 495,
                                                                                    "Actual Loops": 1
                                                                                }
                                                                            ],
                                                                            "Plans": [
                                                                                {
                                                                                    "Node Type": "Seq Scan",
                                                                                    "Parent Relationship": "Outer",
                                                                                    "Parallel Aware": true,
                                                                                    "Relation Name": "company_name",
                                                                                    "Schema": "public",
                                                                                    "Alias": "cn",
                                                                                    "Startup Cost": 0.0,
                                                                                    "Total Cost": 4722.92,
                                                                                    "Plan Rows": 1368,
                                                                                    "Plan Width": 4,
                                                                                    "Actual Startup Time": 0.083,
                                                                                    "Actual Total Time": 21.576,
                                                                                    "Actual Rows": 585,
                                                                                    "Actual Loops": 4,
                                                                                    "Output": [
                                                                                        "cn.id"
                                                                                    ],
                                                                                    "Filter": "((cn.country_code)::text = '[nl]'::text)",
                                                                                    "Rows Removed by Filter": 58164,
                                                                                    "Workers": [
                                                                                        {
                                                                                            "Worker Number": 0,
                                                                                            "Actual Startup Time": 0.113,
                                                                                            "Actual Total Time": 19.191,
                                                                                            "Actual Rows": 429,
                                                                                            "Actual Loops": 1
                                                                                        },
                                                                                        {
                                                                                            "Worker Number": 1,
                                                                                            "Actual Startup Time": 0.096,
                                                                                            "Actual Total Time": 19.464,
                                                                                            "Actual Rows": 433,
                                                                                            "Actual Loops": 1
                                                                                        },
                                                                                        {
                                                                                            "Worker Number": 2,
                                                                                            "Actual Startup Time": 0.066,
                                                                                            "Actual Total Time": 19.453,
                                                                                            "Actual Rows": 495,
                                                                                            "Actual Loops": 1
                                                                                        }
                                                                                    ]
                                                                                }
                                                                            ]
                                                                        }
                                                                    ]
                                                                },
                                                                {
                                                                    "Node Type": "Index Scan",
                                                                    "Parent Relationship": "Inner",
                                                                    "Parallel Aware": false,
                                                                    "Scan Direction": "Forward",
                                                                    "Index Name": "title_pkey",
                                                                    "Relation Name": "title",
                                                                    "Schema": "public",
                                                                    "Alias": "t",
                                                                    "Startup Cost": 0.43,
                                                                    "Total Cost": 0.52,
                                                                    "Plan Rows": 1,
                                                                    "Plan Width": 21,
                                                                    "Actual Startup Time": 0.006,
                                                                    "Actual Total Time": 0.006,
                                                                    "Actual Rows": 0,
                                                                    "Actual Loops": 56410,
                                                                    "Output": [
                                                                        "t.id",
                                                                        "t.title",
                                                                        "t.imdb_index",
                                                                        "t.kind_id",
                                                                        "t.production_year",
                                                                        "t.imdb_id",
                                                                        "t.phonetic_code",
                                                                        "t.episode_of_id",
                                                                        "t.season_nr",
                                                                        "t.episode_nr",
                                                                        "t.series_years",
                                                                        "t.md5sum"
                                                                    ],
                                                                    "Index Cond": "(t.id = mc.movie_id)",
                                                                    "Rows Removed by Index Recheck": 0,
                                                                    "Filter": "(t.production_year > 2009)",
                                                                    "Rows Removed by Filter": 1,
                                                                    "Workers": [
                                                                        {
                                                                            "Worker Number": 0,
                                                                            "Actual Startup Time": 0.006,
                                                                            "Actual Total Time": 0.006,
                                                                            "Actual Rows": 0,
                                                                            "Actual Loops": 14080
                                                                        },
                                                                        {
                                                                            "Worker Number": 1,
                                                                            "Actual Startup Time": 0.006,
                                                                            "Actual Total Time": 0.006,
                                                                            "Actual Rows": 0,
                                                                            "Actual Loops": 13575
                                                                        },
                                                                        {
                                                                            "Worker Number": 2,
                                                                            "Actual Startup Time": 0.006,
                                                                            "Actual Total Time": 0.006,
                                                                            "Actual Rows": 0,
                                                                            "Actual Loops": 14490
                                                                        }
                                                                    ]
                                                                }
                                                            ]
                                                        },
                                                        {
                                                            "Node Type": "Index Scan",
                                                            "Parent Relationship": "Inner",
                                                            "Parallel Aware": false,
                                                            "Scan Direction": "Forward",
                                                            "Index Name": "movie_id_cast_info",
                                                            "Relation Name": "cast_info",
                                                            "Schema": "public",
                                                            "Alias": "ci",
                                                            "Startup Cost": 0.56,
                                                            "Total Cost": 1.85,
                                                            "Plan Rows": 1,
                                                            "Plan Width": 12,
                                                            "Actual Startup Time": 0.124,
                                                            "Actual Total Time": 0.124,
                                                            "Actual Rows": 0,
                                                            "Actual Loops": 12332,
                                                            "Output": [
                                                                "ci.id",
                                                                "ci.person_id",
                                                                "ci.movie_id",
                                                                "ci.person_role_id",
                                                                "ci.note",
                                                                "ci.nr_order",
                                                                "ci.role_id"
                                                            ],
                                                            "Index Cond": "(ci.movie_id = mc.movie_id)",
                                                            "Rows Removed by Index Recheck": 0,
                                                            "Filter": "(ci.note ~~ '%Marcy%'::text)",
                                                            "Rows Removed by Filter": 65,
                                                            "Workers": [
                                                                {
                                                                    "Worker Number": 0,
                                                                    "Actual Startup Time": 0.126,
                                                                    "Actual Total Time": 0.126,
                                                                    "Actual Rows": 0,
                                                                    "Actual Loops": 3028
                                                                },
                                                                {
                                                                    "Worker Number": 1,
                                                                    "Actual Startup Time": 0.122,
                                                                    "Actual Total Time": 0.122,
                                                                    "Actual Rows": 0,
                                                                    "Actual Loops": 3201
                                                                },
                                                                {
                                                                    "Worker Number": 2,
                                                                    "Actual Startup Time": 0.124,
                                                                    "Actual Total Time": 0.124,
                                                                    "Actual Rows": 0,
                                                                    "Actual Loops": 3049
                                                                }
                                                            ]
                                                        }
                                                    ]
                                                },
                                                {
                                                    "Node Type": "Index Scan",
                                                    "Parent Relationship": "Inner",
                                                    "Parallel Aware": false,
                                                    "Scan Direction": "Forward",
                                                    "Index Name": "role_type_pkey",
                                                    "Relation Name": "role_type",
                                                    "Schema": "public",
                                                    "Alias": "rt",
                                                    "Startup Cost": 0.14,
                                                    "Total Cost": 0.18,
                                                    "Plan Rows": 1,
                                                    "Plan Width": 4,
                                                    "Actual Startup Time": 0.018,
                                                    "Actual Total Time": 0.018,
                                                    "Actual Rows": 1,
                                                    "Actual Loops": 4,
                                                    "Output": [
                                                        "rt.id",
                                                        "rt.role"
                                                    ],
                                                    "Index Cond": "(rt.id = ci.role_id)",
                                                    "Rows Removed by Index Recheck": 0,
                                                    "Filter": "((rt.role)::text = 'actress'::text)",
                                                    "Rows Removed by Filter": 0,
                                                    "Workers": [
                                                        {
                                                            "Worker Number": 1,
                                                            "Actual Startup Time": 0.018,
                                                            "Actual Total Time": 0.018,
                                                            "Actual Rows": 1,
                                                            "Actual Loops": 4
                                                        }
                                                    ]
                                                }
                                            ]
                                        }
                                    ]
                                },
                                {
                                    "Node Type": "Index Scan",
                                    "Parent Relationship": "Inner",
                                    "Parallel Aware": false,
                                    "Scan Direction": "Forward",
                                    "Index Name": "char_name_pkey",
                                    "Relation Name": "char_name",
                                    "Schema": "public",
                                    "Alias": "chn",
                                    "Startup Cost": 0.43,
                                    "Total Cost": 8.35,
                                    "Plan Rows": 1,
                                    "Plan Width": 20,
                                    "Actual Startup Time": 0.041,
                                    "Actual Total Time": 0.041,
                                    "Actual Rows": 1,
                                    "Actual Loops": 4,
                                    "Output": [
                                        "chn.id",
                                        "chn.name",
                                        "chn.imdb_index",
                                        "chn.imdb_id",
                                        "chn.name_pcode_nf",
                                        "chn.surname_pcode",
                                        "chn.md5sum"
                                    ],
                                    "Index Cond": "(chn.id = ci.person_role_id)",
                                    "Rows Removed by Index Recheck": 0
                                }
                            ]
                        },
                        {
                            "Node Type": "Index Only Scan",
                            "Parent Relationship": "Inner",
                            "Parallel Aware": false,
                            "Scan Direction": "Forward",
                            "Index Name": "company_type_pkey",
                            "Relation Name": "company_type",
                            "Schema": "public",
                            "Alias": "ct",
                            "Startup Cost": 0.13,
                            "Total Cost": 0.15,
                            "Plan Rows": 1,
                            "Plan Width": 4,
                            "Actual Startup Time": 0.007,
                            "Actual Total Time": 0.007,
                            "Actual Rows": 1,
                            "Actual Loops": 4,
                            "Output": [
                                "ct.id"
                            ],
                            "Index Cond": "(ct.id = mc.company_type_id)",
                            "Rows Removed by Index Recheck": 0,
                            "Heap Fetches": 4
                        }
                    ]
                }
            ]
        },
        "Planning Time": 2508.373,
        "Triggers": [],
        "Execution Time": 750.792
    }
]