[
  {
    "Plan": {
      "Node Type": "Aggregate",
      "Strategy": "Plain",
      "Partial Mode": "Finalize",
      "Parallel Aware": false,
      "Startup Cost": 30762.16,
      "Total Cost": 30762.17,
      "Plan Rows": 1,
      "Plan Width": 8,
      "Actual Startup Time": 99.038,
      "Actual Total Time": 107.081,
      "Actual Rows": 1,
      "Actual Loops": 1,
      "Plans": [
        {
          "Node Type": "Gather",
          "Parent Relationship": "Outer",
          "Parallel Aware": false,
          "Startup Cost": 30761.84,
          "Total Cost": 30762.15,
          "Plan Rows": 3,
          "Plan Width": 8,
          "Actual Startup Time": 98.955,
          "Actual Total Time": 107.072,
          "Actual Rows": 4,
          "Actual Loops": 1,
          "Workers Planned": 3,
          "Workers Launched": 3,
          "Single Copy": false,
          "Plans": [
            {
              "Node Type": "Aggregate",
              "Strategy": "Plain",
              "Partial Mode": "Partial",
              "Parent Relationship": "Outer",
              "Parallel Aware": false,
              "Startup Cost": 29761.84,
              "Total Cost": 29761.85,
              "Plan Rows": 1,
              "Plan Width": 8,
              "Actual Startup Time": 90.236,
              "Actual Total Time": 90.237,
              "Actual Rows": 1,
              "Actual Loops": 4,
              "Plans": [
                {
                  "Node Type": "Seq Scan",
                  "Parent Relationship": "Outer",
                  "Parallel Aware": true,
                  "Relation Name": "movie_companies",
                  "Alias": "mc",
                  "Startup Cost": 0.0,
                  "Total Cost": 29310.68,
                  "Plan Rows": 180463,
                  "Plan Width": 0,
                  "Actual Startup Time": 0.102,
                  "Actual Total Time": 79.948,
                  "Actual Rows": 138216,
                  "Actual Loops": 4,
                  "Filter": "(company_id < 575)",
                  "Rows Removed by Filter": 514067
                }
              ]
            }
          ]
        }
      ]
    },
    "Planning Time": 0.222,
    "Triggers": [],
    "Execution Time": 107.17
  }
]