[
  {
    "Plan": {
      "Node Type": "Aggregate",
      "Strategy": "Plain",
      "Partial Mode": "Finalize",
      "Parallel Aware": false,
      "Startup Cost": 396541.49,
      "Total Cost": 396541.5,
      "Plan Rows": 1,
      "Plan Width": 8,
      "Actual Startup Time": 956.271,
      "Actual Total Time": 1010.682,
      "Actual Rows": 1,
      "Actual Loops": 1,
      "Plans": [
        {
          "Node Type": "Gather",
          "Parent Relationship": "Outer",
          "Parallel Aware": false,
          "Startup Cost": 396540.87,
          "Total Cost": 396541.48,
          "Plan Rows": 6,
          "Plan Width": 8,
          "Actual Startup Time": 953.166,
          "Actual Total Time": 1010.669,
          "Actual Rows": 7,
          "Actual Loops": 1,
          "Workers Planned": 6,
          "Workers Launched": 6,
          "Single Copy": false,
          "Plans": [
            {
              "Node Type": "Aggregate",
              "Strategy": "Plain",
              "Partial Mode": "Partial",
              "Parent Relationship": "Outer",
              "Parallel Aware": false,
              "Startup Cost": 395540.87,
              "Total Cost": 395540.88,
              "Plan Rows": 1,
              "Plan Width": 8,
              "Actual Startup Time": 945.524,
              "Actual Total Time": 945.528,
              "Actual Rows": 1,
              "Actual Loops": 7,
              "Plans": [
                {
                  "Node Type": "Hash Join",
                  "Parent Relationship": "Outer",
                  "Parallel Aware": true,
                  "Join Type": "Inner",
                  "Startup Cost": 46026.34,
                  "Total Cost": 395157.64,
                  "Plan Rows": 153290,
                  "Plan Width": 0,
                  "Actual Startup Time": 326.852,
                  "Actual Total Time": 939.002,
                  "Actual Rows": 136754,
                  "Actual Loops": 7,
                  "Inner Unique": true,
                  "Hash Cond": "(ci.movie_id = t.id)",
                  "Plans": [
                    {
                      "Node Type": "Seq Scan",
                      "Parent Relationship": "Outer",
                      "Parallel Aware": true,
                      "Relation Name": "cast_info",
                      "Alias": "ci",
                      "Startup Cost": 0.0,
                      "Total Cost": 343316.27,
                      "Plan Rows": 2215248,
                      "Plan Width": 4,
                      "Actual Startup Time": 227.287,
                      "Actual Total Time": 620.424,
                      "Actual Rows": 1565229,
                      "Actual Loops": 7,
                      "Filter": "((person_id > 1978784) AND (role_id < 8))",
                      "Rows Removed by Filter": 3612535
                    },
                    {
                      "Node Type": "Hash",
                      "Parent Relationship": "Inner",
                      "Parallel Aware": true,
                      "Startup Cost": 45479.59,
                      "Total Cost": 45479.59,
                      "Plan Rows": 43740,
                      "Plan Width": 4,
                      "Actual Startup Time": 98.122,
                      "Actual Total Time": 98.124,
                      "Actual Rows": 41175,
                      "Actual Loops": 7,
                      "Hash Buckets": 524288,
                      "Original Hash Buckets": 262144,
                      "Hash Batches": 1,
                      "Original Hash Batches": 1,
                      "Peak Memory Usage": 17504,
                      "Plans": [
                        {
                          "Node Type": "Seq Scan",
                          "Parent Relationship": "Outer",
                          "Parallel Aware": true,
                          "Relation Name": "title",
                          "Alias": "t",
                          "Startup Cost": 0.0,
                          "Total Cost": 45479.59,
                          "Plan Rows": 43740,
                          "Plan Width": 4,
                          "Actual Startup Time": 0.11,
                          "Actual Total Time": 71.647,
                          "Actual Rows": 41175,
                          "Actual Loops": 7,
                          "Filter": "((kind_id < 7) AND (production_year < 1977))",
                          "Rows Removed by Filter": 320013
                        }
                      ]
                    }
                  ]
                }
              ]
            }
          ]
        }
      ]
    },
    "Planning Time": 0.452,
    "Triggers": [],
    "Execution Time": 1010.739
  }
]