[
  {
    "Plan": {
      "Node Type": "Aggregate",
      "Strategy": "Plain",
      "Partial Mode": "Finalize",
      "Parallel Aware": false,
      "Startup Cost": 341788.72,
      "Total Cost": 341788.73,
      "Plan Rows": 1,
      "Plan Width": 8,
      "Actual Startup Time": 956.824,
      "Actual Total Time": 1002.699,
      "Actual Rows": 1,
      "Actual Loops": 1,
      "Plans": [
        {
          "Node Type": "Gather",
          "Parent Relationship": "Outer",
          "Parallel Aware": false,
          "Startup Cost": 341788.09,
          "Total Cost": 341788.7,
          "Plan Rows": 6,
          "Plan Width": 8,
          "Actual Startup Time": 956.53,
          "Actual Total Time": 1002.684,
          "Actual Rows": 7,
          "Actual Loops": 1,
          "Workers Planned": 6,
          "Workers Launched": 6,
          "Single Copy": false,
          "Plans": [
            {
              "Node Type": "Aggregate",
              "Strategy": "Plain",
              "Partial Mode": "Partial",
              "Parent Relationship": "Outer",
              "Parallel Aware": false,
              "Startup Cost": 340788.09,
              "Total Cost": 340788.1,
              "Plan Rows": 1,
              "Plan Width": 8,
              "Actual Startup Time": 947.361,
              "Actual Total Time": 947.363,
              "Actual Rows": 1,
              "Actual Loops": 7,
              "Plans": [
                {
                  "Node Type": "Seq Scan",
                  "Parent Relationship": "Outer",
                  "Parallel Aware": true,
                  "Relation Name": "cast_info",
                  "Alias": "ci",
                  "Startup Cost": 0.0,
                  "Total Cost": 328211.39,
                  "Plan Rows": 5030680,
                  "Plan Width": 0,
                  "Actual Startup Time": 90.718,
                  "Actual Total Time": 712.991,
                  "Actual Rows": 4284260,
                  "Actual Loops": 7,
                  "Filter": "(person_id > 602258)",
                  "Rows Removed by Filter": 893503
                }
              ]
            }
          ]
        }
      ]
    },
    "Planning Time": 0.201,
    "Triggers": [],
    "Execution Time": 1002.768
  }
]