[
  {
    "Plan": {
      "Node Type": "Aggregate",
      "Strategy": "Plain",
      "Partial Mode": "Finalize",
      "Parallel Aware": false,
      "Startup Cost": 28993.79,
      "Total Cost": 28993.8,
      "Plan Rows": 1,
      "Plan Width": 8,
      "Actual Startup Time": 46.828,
      "Actual Total Time": 50.82,
      "Actual Rows": 1,
      "Actual Loops": 1,
      "Plans": [
        {
          "Node Type": "Gather",
          "Parent Relationship": "Outer",
          "Parallel Aware": false,
          "Startup Cost": 28993.47,
          "Total Cost": 28993.78,
          "Plan Rows": 3,
          "Plan Width": 8,
          "Actual Startup Time": 46.703,
          "Actual Total Time": 50.813,
          "Actual Rows": 4,
          "Actual Loops": 1,
          "Workers Planned": 3,
          "Workers Launched": 3,
          "Single Copy": false,
          "Plans": [
            {
              "Node Type": "Aggregate",
              "Strategy": "Plain",
              "Partial Mode": "Partial",
              "Parent Relationship": "Outer",
              "Parallel Aware": false,
              "Startup Cost": 27993.47,
              "Total Cost": 27993.48,
              "Plan Rows": 1,
              "Plan Width": 8,
              "Actual Startup Time": 41.577,
              "Actual Total Time": 41.578,
              "Actual Rows": 1,
              "Actual Loops": 4,
              "Plans": [
                {
                  "Node Type": "Bitmap Heap Scan",
                  "Parent Relationship": "Outer",
                  "Parallel Aware": true,
                  "Relation Name": "movie_companies",
                  "Alias": "mc",
                  "Startup Cost": 7523.38,
                  "Total Cost": 27713.45,
                  "Plan Rows": 112006,
                  "Plan Width": 0,
                  "Actual Startup Time": 10.295,
                  "Actual Total Time": 36.541,
                  "Actual Rows": 86492,
                  "Actual Loops": 4,
                  "Recheck Cond": "(company_id > 88686)",
                  "Rows Removed by Index Recheck": 0,
                  "Exact Heap Blocks": 2499,
                  "Lossy Heap Blocks": 0,
                  "Plans": [
                    {
                      "Node Type": "Bitmap Index Scan",
                      "Parent Relationship": "Outer",
                      "Parallel Aware": false,
                      "Index Name": "company_id_movie_companies",
                      "Startup Cost": 0.0,
                      "Total Cost": 7436.57,
                      "Plan Rows": 347219,
                      "Plan Width": 0,
                      "Actual Startup Time": 14.349,
                      "Actual Total Time": 14.349,
                      "Actual Rows": 345966,
                      "Actual Loops": 1,
                      "Index Cond": "(company_id > 88686)"
                    }
                  ]
                }
              ]
            }
          ]
        }
      ]
    },
    "Planning Time": 0.078,
    "Triggers": [],
    "Execution Time": 50.852
  }
]