{
    "Plan": {
        "Node Type": "Aggregate",
        "Strategy": "Plain",
        "Partial Mode": "Finalize",
        "Parallel Aware": false,
        "Startup Cost": 65718.94,
        "Total Cost": 65718.95,
        "Plan Rows": 1,
        "Plan Width": 8,
        "Actual Startup Time": 160.078,
        "Actual Total Time": 173.274,
        "Actual Rows": 1,
        "Actual Loops": 1,
        "Output": [
            "count(*)"
        ],
        "Plans": [
            {
                "Node Type": "Gather",
                "Parent Relationship": "Outer",
                "Parallel Aware": false,
                "Startup Cost": 65718.63,
                "Total Cost": 65718.94,
                "Plan Rows": 3,
                "Plan Width": 8,
                "Actual Startup Time": 159.862,
                "Actual Total Time": 173.265,
                "Actual Rows": 4,
                "Actual Loops": 1,
                "Output": [
                    "(PARTIAL count(*))"
                ],
                "Workers Planned": 3,
                "Workers Launched": 3,
                "Single Copy": false,
                "Plans": [
                    {
                        "Node Type": "Aggregate",
                        "Strategy": "Plain",
                        "Partial Mode": "Partial",
                        "Parent Relationship": "Outer",
                        "Parallel Aware": false,
                        "Startup Cost": 64718.63,
                        "Total Cost": 64718.64,
                        "Plan Rows": 1,
                        "Plan Width": 8,
                        "Actual Startup Time": 150.68,
                        "Actual Total Time": 150.683,
                        "Actual Rows": 1,
                        "Actual Loops": 4,
                        "Output": [
                            "PARTIAL count(*)"
                        ],
                        "Workers": [
                            {
                                "Worker Number": 0,
                                "Actual Startup Time": 147.246,
                                "Actual Total Time": 147.25,
                                "Actual Rows": 1,
                                "Actual Loops": 1
                            },
                            {
                                "Worker Number": 1,
                                "Actual Startup Time": 147.975,
                                "Actual Total Time": 147.978,
                                "Actual Rows": 1,
                                "Actual Loops": 1
                            },
                            {
                                "Worker Number": 2,
                                "Actual Startup Time": 148.319,
                                "Actual Total Time": 148.321,
                                "Actual Rows": 1,
                                "Actual Loops": 1
                            }
                        ],
                        "Plans": [
                            {
                                "Node Type": "Hash Join",
                                "Parent Relationship": "Outer",
                                "Parallel Aware": false,
                                "Join Type": "Inner",
                                "Startup Cost": 35296.08,
                                "Total Cost": 64711.97,
                                "Plan Rows": 2664,
                                "Plan Width": 0,
                                "Actual Startup Time": 63.887,
                                "Actual Total Time": 150.346,
                                "Actual Rows": 6139,
                                "Actual Loops": 4,
                                "Inner Unique": true,
                                "Hash Cond": "(mc.movie_id = t.id)",
                                "Workers": [
                                    {
                                        "Worker Number": 0,
                                        "Actual Startup Time": 60.467,
                                        "Actual Total Time": 146.913,
                                        "Actual Rows": 5768,
                                        "Actual Loops": 1
                                    },
                                    {
                                        "Worker Number": 1,
                                        "Actual Startup Time": 61.197,
                                        "Actual Total Time": 147.638,
                                        "Actual Rows": 5775,
                                        "Actual Loops": 1
                                    },
                                    {
                                        "Worker Number": 2,
                                        "Actual Startup Time": 61.541,
                                        "Actual Total Time": 147.958,
                                        "Actual Rows": 6155,
                                        "Actual Loops": 1
                                    }
                                ],
                                "Plans": [
                                    {
                                        "Node Type": "Seq Scan",
                                        "Parent Relationship": "Outer",
                                        "Parallel Aware": true,
                                        "Relation Name": "movie_companies",
                                        "Schema": "public",
                                        "Alias": "mc",
                                        "Startup Cost": 0.0,
                                        "Total Cost": 27206.55,
                                        "Plan Rows": 841655,
                                        "Plan Width": 4,
                                        "Actual Startup Time": 0.038,
                                        "Actual Total Time": 53.832,
                                        "Actual Rows": 652282,
                                        "Actual Loops": 4,
                                        "Output": [
                                            "mc.id",
                                            "mc.movie_id",
                                            "mc.company_id",
                                            "mc.company_type_id",
                                            "mc.note"
                                        ],
                                        "Workers": [
                                            {
                                                "Worker Number": 0,
                                                "Actual Startup Time": 0.046,
                                                "Actual Total Time": 50.635,
                                                "Actual Rows": 563929,
                                                "Actual Loops": 1
                                            },
                                            {
                                                "Worker Number": 1,
                                                "Actual Startup Time": 0.044,
                                                "Actual Total Time": 49.095,
                                                "Actual Rows": 579953,
                                                "Actual Loops": 1
                                            },
                                            {
                                                "Worker Number": 2,
                                                "Actual Startup Time": 0.046,
                                                "Actual Total Time": 49.126,
                                                "Actual Rows": 583982,
                                                "Actual Loops": 1
                                            }
                                        ]
                                    },
                                    {
                                        "Node Type": "Hash",
                                        "Parent Relationship": "Inner",
                                        "Parallel Aware": false,
                                        "Startup Cost": 35196.05,
                                        "Total Cost": 35196.05,
                                        "Plan Rows": 8002,
                                        "Plan Width": 4,
                                        "Actual Startup Time": 45.913,
                                        "Actual Total Time": 45.914,
                                        "Actual Rows": 10177,
                                        "Actual Loops": 4,
                                        "Output": [
                                            "t.id"
                                        ],
                                        "Hash Buckets": 16384,
                                        "Original Hash Buckets": 8192,
                                        "Hash Batches": 1,
                                        "Original Hash Batches": 1,
                                        "Peak Memory Usage": 486,
                                        "Workers": [
                                            {
                                                "Worker Number": 0,
                                                "Actual Startup Time": 51.853,
                                                "Actual Total Time": 51.854,
                                                "Actual Rows": 10177,
                                                "Actual Loops": 1
                                            },
                                            {
                                                "Worker Number": 1,
                                                "Actual Startup Time": 52.755,
                                                "Actual Total Time": 52.756,
                                                "Actual Rows": 10177,
                                                "Actual Loops": 1
                                            },
                                            {
                                                "Worker Number": 2,
                                                "Actual Startup Time": 53.079,
                                                "Actual Total Time": 53.08,
                                                "Actual Rows": 10177,
                                                "Actual Loops": 1
                                            }
                                        ],
                                        "Plans": [
                                            {
                                                "Node Type": "Index Scan",
                                                "Parent Relationship": "Outer",
                                                "Parallel Aware": false,
                                                "Scan Direction": "Forward",
                                                "Index Name": "kind_id_title",
                                                "Relation Name": "title",
                                                "Schema": "public",
                                                "Alias": "t",
                                                "Startup Cost": 0.43,
                                                "Total Cost": 35196.05,
                                                "Plan Rows": 8002,
                                                "Plan Width": 4,
                                                "Actual Startup Time": 0.223,
                                                "Actual Total Time": 41.916,
                                                "Actual Rows": 10177,
                                                "Actual Loops": 4,
                                                "Output": [
                                                    "t.id"
                                                ],
                                                "Index Cond": "(t.kind_id = 6)",
                                                "Rows Removed by Index Recheck": 0,
                                                "Filter": "(t.production_year < 2008)",
                                                "Rows Removed by Filter": 2423,
                                                "Workers": [
                                                    {
                                                        "Worker Number": 0,
                                                        "Actual Startup Time": 0.258,
                                                        "Actual Total Time": 47.798,
                                                        "Actual Rows": 10177,
                                                        "Actual Loops": 1
                                                    },
                                                    {
                                                        "Worker Number": 1,
                                                        "Actual Startup Time": 0.232,
                                                        "Actual Total Time": 48.683,
                                                        "Actual Rows": 10177,
                                                        "Actual Loops": 1
                                                    },
                                                    {
                                                        "Worker Number": 2,
                                                        "Actual Startup Time": 0.267,
                                                        "Actual Total Time": 49.013,
                                                        "Actual Rows": 10177,
                                                        "Actual Loops": 1
                                                    }
                                                ]
                                            }
                                        ]
                                    }
                                ]
                            }
                        ]
                    }
                ]
            }
        ]
    },
    "Planning Time": 0.754,
    "Triggers": [],
    "Execution Time": 173.355
}