{
  "Plan": {
    "Node Type": "Aggregate",
    "Strategy": "Plain",
    "Partial Mode": "Finalize",
    "Parallel Aware": false,
    "Startup Cost": 593654.25,
    "Total Cost": 593654.26,
    "Plan Rows": 1,
    "Plan Width": 8,
    "Actual Startup Time": 5238.017,
    "Actual Total Time": 5291.233,
    "Actual Rows": 1,
    "Actual Loops": 1,
    "Plans": [
      {
        "Node Type": "Gather",
        "Parent Relationship": "Outer",
        "Parallel Aware": false,
        "Startup Cost": 593654.14,
        "Total Cost": 593654.25,
        "Plan Rows": 1,
        "Plan Width": 8,
        "Actual Startup Time": 5236.373,
        "Actual Total Time": 5291.223,
        "Actual Rows": 2,
        "Actual Loops": 1,
        "Workers Planned": 1,
        "Workers Launched": 1,
        "Single Copy": false,
        "Plans": [
          {
            "Node Type": "Aggregate",
            "Strategy": "Plain",
            "Partial Mode": "Partial",
            "Parent Relationship": "Outer",
            "Parallel Aware": false,
            "Startup Cost": 592654.14,
            "Total Cost": 592654.15,
            "Plan Rows": 1,
            "Plan Width": 8,
            "Actual Startup Time": 5230.466,
            "Actual Total Time": 5230.47,
            "Actual Rows": 1,
            "Actual Loops": 2,
            "Plans": [
              {
                "Node Type": "Hash Join",
                "Parent Relationship": "Outer",
                "Parallel Aware": true,
                "Join Type": "Inner",
                "Startup Cost": 58246.18,
                "Total Cost": 579979.53,
                "Plan Rows": 5069842,
                "Plan Width": 0,
                "Actual Startup Time": 185.25,
                "Actual Total Time": 5050.018,
                "Actual Rows": 4426160,
                "Actual Loops": 2,
                "Inner Unique": true,
                "Hash Cond": "(ci.movie_id = t.id)",
                "Plans": [
                  {
                    "Node Type": "Seq Scan",
                    "Parent Relationship": "Outer",
                    "Parallel Aware": true,
                    "Relation Name": "cast_info",
                    "Alias": "ci",
                    "Startup Cost": 0.0,
                    "Total Cost": 465792.95,
                    "Plan Rows": 21310595,
                    "Plan Width": 4,
                    "Actual Startup Time": 0.017,
                    "Actual Total Time": 1394.207,
                    "Actual Rows": 18122172,
                    "Actual Loops": 2
                  },
                  {
                    "Node Type": "Hash",
                    "Parent Relationship": "Inner",
                    "Parallel Aware": true,
                    "Startup Cost": 53823.48,
                    "Total Cost": 53823.48,
                    "Plan Rows": 353816,
                    "Plan Width": 4,
                    "Actual Startup Time": 176.051,
                    "Actual Total Time": 176.053,
                    "Actual Rows": 246242,
                    "Actual Loops": 2,
                    "Hash Buckets": 1048576,
                    "Original Hash Buckets": 1048576,
                    "Hash Batches": 1,
                    "Original Hash Batches": 1,
                    "Peak Memory Usage": 27520,
                    "Plans": [
                      {
                        "Node Type": "Bitmap Heap Scan",
                        "Parent Relationship": "Outer",
                        "Parallel Aware": true,
                        "Relation Name": "title",
                        "Alias": "t",
                        "Startup Cost": 11973.22,
                        "Total Cost": 53823.48,
                        "Plan Rows": 353816,
                        "Plan Width": 4,
                        "Actual Startup Time": 30.528,
                        "Actual Total Time": 101.843,
                        "Actual Rows": 246242,
                        "Actual Loops": 2,
                        "Recheck Cond": "(kind_id < 2)",
                        "Rows Removed by Index Recheck": 0,
                        "Filter": "(production_year > 1950)",
                        "Rows Removed by Filter": 85171,
                        "Exact Heap Blocks": 7935,
                        "Lossy Heap Blocks": 0,
                        "Plans": [
                          {
                            "Node Type": "Bitmap Index Scan",
                            "Parent Relationship": "Outer",
                            "Parallel Aware": false,
                            "Index Name": "kind_id_title",
                            "Startup Cost": 0.0,
                            "Total Cost": 11822.85,
                            "Plan Rows": 663256,
                            "Plan Width": 0,
                            "Actual Startup Time": 28.69,
                            "Actual Total Time": 28.69,
                            "Actual Rows": 662825,
                            "Actual Loops": 1,
                            "Index Cond": "(kind_id < 2)"
                          }
                        ]
                      }
                    ]
                  }
                ]
              }
            ]
          }
        ]
      }
    ]
  },
  "Planning Time": 0.465,
  "Triggers": [],
  "Execution Time": 5291.338
}