{
  "Plan": {
    "Node Type": "Aggregate",
    "Strategy": "Plain",
    "Partial Mode": "Finalize",
    "Parallel Aware": false,
    "Startup Cost": 596201.42,
    "Total Cost": 596201.43,
    "Plan Rows": 1,
    "Plan Width": 8,
    "Actual Startup Time": 2016.201,
    "Actual Total Time": 2066.766,
    "Actual Rows": 1,
    "Actual Loops": 1,
    "Plans": [
      {
        "Node Type": "Gather",
        "Parent Relationship": "Outer",
        "Parallel Aware": false,
        "Startup Cost": 596201.31,
        "Total Cost": 596201.42,
        "Plan Rows": 1,
        "Plan Width": 8,
        "Actual Startup Time": 2016.066,
        "Actual Total Time": 2066.758,
        "Actual Rows": 2,
        "Actual Loops": 1,
        "Workers Planned": 1,
        "Workers Launched": 1,
        "Single Copy": false,
        "Plans": [
          {
            "Node Type": "Aggregate",
            "Strategy": "Plain",
            "Partial Mode": "Partial",
            "Parent Relationship": "Outer",
            "Parallel Aware": false,
            "Startup Cost": 595201.31,
            "Total Cost": 595201.32,
            "Plan Rows": 1,
            "Plan Width": 8,
            "Actual Startup Time": 2013.537,
            "Actual Total Time": 2013.54,
            "Actual Rows": 1,
            "Actual Loops": 2,
            "Plans": [
              {
                "Node Type": "Hash Join",
                "Parent Relationship": "Outer",
                "Parallel Aware": true,
                "Join Type": "Inner",
                "Startup Cost": 54700.55,
                "Total Cost": 595078.87,
                "Plan Rows": 48976,
                "Plan Width": 0,
                "Actual Startup Time": 633.152,
                "Actual Total Time": 2011.703,
                "Actual Rows": 30816,
                "Actual Loops": 2,
                "Inner Unique": true,
                "Hash Cond": "(ci.movie_id = t.id)",
                "Plans": [
                  {
                    "Node Type": "Seq Scan",
                    "Parent Relationship": "Outer",
                    "Parallel Aware": true,
                    "Relation Name": "cast_info",
                    "Alias": "ci",
                    "Startup Cost": 0.0,
                    "Total Cost": 519069.44,
                    "Plan Rows": 8117654,
                    "Plan Width": 4,
                    "Actual Startup Time": 512.945,
                    "Actual Total Time": 1316.514,
                    "Actual Rows": 6887230,
                    "Actual Loops": 2,
                    "Filter": "(person_id > 2291894)",
                    "Rows Removed by Filter": 11234942
                  },
                  {
                    "Node Type": "Hash",
                    "Parent Relationship": "Inner",
                    "Parallel Aware": true,
                    "Startup Cost": 54588.39,
                    "Total Cost": 54588.39,
                    "Plan Rows": 8973,
                    "Plan Width": 4,
                    "Actual Startup Time": 119.713,
                    "Actual Total Time": 119.714,
                    "Actual Rows": 6997,
                    "Actual Loops": 2,
                    "Hash Buckets": 16384,
                    "Original Hash Buckets": 16384,
                    "Hash Batches": 1,
                    "Original Hash Batches": 1,
                    "Peak Memory Usage": 704,
                    "Plans": [
                      {
                        "Node Type": "Seq Scan",
                        "Parent Relationship": "Outer",
                        "Parallel Aware": true,
                        "Relation Name": "title",
                        "Alias": "t",
                        "Startup Cost": 0.0,
                        "Total Cost": 54588.39,
                        "Plan Rows": 8973,
                        "Plan Width": 4,
                        "Actual Startup Time": 0.053,
                        "Actual Total Time": 117.429,
                        "Actual Rows": 6997,
                        "Actual Loops": 2,
                        "Filter": "(production_year = 1976)",
                        "Rows Removed by Filter": 1257159
                      }
                    ]
                  }
                ]
              }
            ]
          }
        ]
      }
    ]
  },
  "Planning Time": 0.194,
  "Triggers": [],
  "Execution Time": 2066.813
}