{
  "Plan": {
    "Node Type": "Aggregate",
    "Strategy": "Plain",
    "Partial Mode": "Finalize",
    "Parallel Aware": false,
    "Startup Cost": 233651.52,
    "Total Cost": 233651.53,
    "Plan Rows": 1,
    "Plan Width": 8,
    "Actual Startup Time": 1408.914,
    "Actual Total Time": 1470.08,
    "Actual Rows": 1,
    "Actual Loops": 1,
    "Plans": [
      {
        "Node Type": "Gather",
        "Parent Relationship": "Outer",
        "Parallel Aware": false,
        "Startup Cost": 233651.41,
        "Total Cost": 233651.52,
        "Plan Rows": 1,
        "Plan Width": 8,
        "Actual Startup Time": 1407.568,
        "Actual Total Time": 1470.069,
        "Actual Rows": 2,
        "Actual Loops": 1,
        "Workers Planned": 1,
        "Workers Launched": 1,
        "Single Copy": false,
        "Plans": [
          {
            "Node Type": "Aggregate",
            "Strategy": "Plain",
            "Partial Mode": "Partial",
            "Parent Relationship": "Outer",
            "Parallel Aware": false,
            "Startup Cost": 232651.41,
            "Total Cost": 232651.42,
            "Plan Rows": 1,
            "Plan Width": 8,
            "Actual Startup Time": 1401.828,
            "Actual Total Time": 1401.993,
            "Actual Rows": 1,
            "Actual Loops": 2,
            "Plans": [
              {
                "Node Type": "Nested Loop",
                "Parent Relationship": "Outer",
                "Parallel Aware": false,
                "Join Type": "Inner",
                "Startup Cost": 60088.42,
                "Total Cost": 232628.59,
                "Plan Rows": 9126,
                "Plan Width": 0,
                "Actual Startup Time": 235.321,
                "Actual Total Time": 1396.871,
                "Actual Rows": 95542,
                "Actual Loops": 2,
                "Inner Unique": false,
                "Join Filter": "(t.id = mi.movie_id)",
                "Rows Removed by Join Filter": 0,
                "Plans": [
                  {
                    "Node Type": "Hash Join",
                    "Parent Relationship": "Outer",
                    "Parallel Aware": true,
                    "Join Type": "Inner",
                    "Startup Cost": 60087.98,
                    "Total Cost": 103607.6,
                    "Plan Rows": 62349,
                    "Plan Width": 8,
                    "Actual Startup Time": 235.198,
                    "Actual Total Time": 466.472,
                    "Actual Rows": 159417,
                    "Actual Loops": 2,
                    "Inner Unique": true,
                    "Hash Cond": "(mc.movie_id = t.id)",
                    "Plans": [
                      {
                        "Node Type": "Seq Scan",
                        "Parent Relationship": "Outer",
                        "Parallel Aware": true,
                        "Relation Name": "movie_companies",
                        "Alias": "mc",
                        "Startup Cost": 0.0,
                        "Total Cost": 41811.73,
                        "Plan Rows": 650626,
                        "Plan Width": 4,
                        "Actual Startup Time": 49.022,
                        "Actual Total Time": 120.315,
                        "Actual Rows": 616674,
                        "Actual Loops": 2,
                        "Filter": "((company_id > 302) AND (company_type_id = 2))",
                        "Rows Removed by Filter": 687891
                      },
                      {
                        "Node Type": "Hash",
                        "Parent Relationship": "Inner",
                        "Parallel Aware": true,
                        "Startup Cost": 58306.47,
                        "Total Cost": 58306.47,
                        "Plan Rows": 142521,
                        "Plan Width": 4,
                        "Actual Startup Time": 184.241,
                        "Actual Total Time": 184.242,
                        "Actual Rows": 178748,
                        "Actual Loops": 2,
                        "Hash Buckets": 524288,
                        "Original Hash Buckets": 262144,
                        "Hash Batches": 1,
                        "Original Hash Batches": 1,
                        "Peak Memory Usage": 20160,
                        "Plans": [
                          {
                            "Node Type": "Seq Scan",
                            "Parent Relationship": "Outer",
                            "Parallel Aware": true,
                            "Relation Name": "title",
                            "Alias": "t",
                            "Startup Cost": 0.0,
                            "Total Cost": 58306.47,
                            "Plan Rows": 142521,
                            "Plan Width": 4,
                            "Actual Startup Time": 0.098,
                            "Actual Total Time": 142.588,
                            "Actual Rows": 178748,
                            "Actual Loops": 2,
                            "Filter": "((kind_id < 7) AND (production_year < 1987))",
                            "Rows Removed by Filter": 1085408
                          }
                        ]
                      }
                    ]
                  },
                  {
                    "Node Type": "Index Scan",
                    "Parent Relationship": "Inner",
                    "Parallel Aware": false,
                    "Scan Direction": "Forward",
                    "Index Name": "movie_id_movie_info",
                    "Relation Name": "movie_info",
                    "Alias": "mi",
                    "Startup Cost": 0.43,
                    "Total Cost": 2.06,
                    "Plan Rows": 1,
                    "Plan Width": 4,
                    "Actual Startup Time": 0.005,
                    "Actual Total Time": 0.006,
                    "Actual Rows": 1,
                    "Actual Loops": 318834,
                    "Index Cond": "(movie_id = mc.movie_id)",
                    "Rows Removed by Index Recheck": 0,
                    "Filter": "(info_type_id = 17)",
                    "Rows Removed by Filter": 14
                  }
                ]
              }
            ]
          }
        ]
      }
    ]
  },
  "Planning Time": 0.656,
  "Triggers": [],
  "Execution Time": 1470.161
}