[
  {
    "Plan": {
      "Node Type": "Aggregate",
      "Strategy": "Plain",
      "Partial Mode": "Finalize",
      "Parallel Aware": false,
      "Startup Cost": 39920.64,
      "Total Cost": 39920.65,
      "Plan Rows": 1,
      "Plan Width": 8,
      "Actual Startup Time": 157.54,
      "Actual Total Time": 166.932,
      "Actual Rows": 1,
      "Actual Loops": 1,
      "Plans": [
        {
          "Node Type": "Gather",
          "Parent Relationship": "Outer",
          "Parallel Aware": false,
          "Startup Cost": 39920.33,
          "Total Cost": 39920.64,
          "Plan Rows": 3,
          "Plan Width": 8,
          "Actual Startup Time": 157.221,
          "Actual Total Time": 166.922,
          "Actual Rows": 4,
          "Actual Loops": 1,
          "Workers Planned": 3,
          "Workers Launched": 3,
          "Single Copy": false,
          "Plans": [
            {
              "Node Type": "Aggregate",
              "Strategy": "Plain",
              "Partial Mode": "Partial",
              "Parent Relationship": "Outer",
              "Parallel Aware": false,
              "Startup Cost": 38920.33,
              "Total Cost": 38920.34,
              "Plan Rows": 1,
              "Plan Width": 8,
              "Actual Startup Time": 149.9,
              "Actual Total Time": 149.902,
              "Actual Rows": 1,
              "Actual Loops": 4,
              "Plans": [
                {
                  "Node Type": "Bitmap Heap Scan",
                  "Parent Relationship": "Outer",
                  "Parallel Aware": true,
                  "Relation Name": "movie_keyword",
                  "Alias": "mk",
                  "Startup Cost": 11779.63,
                  "Total Cost": 38472.54,
                  "Plan Rows": 179113,
                  "Plan Width": 0,
                  "Actual Startup Time": 60.185,
                  "Actual Total Time": 140.017,
                  "Actual Rows": 135740,
                  "Actual Loops": 4,
                  "Recheck Cond": "(keyword_id > 33827)",
                  "Rows Removed by Index Recheck": 0,
                  "Exact Heap Blocks": 8674,
                  "Lossy Heap Blocks": 0,
                  "Plans": [
                    {
                      "Node Type": "Bitmap Index Scan",
                      "Parent Relationship": "Outer",
                      "Parallel Aware": false,
                      "Index Name": "keyword_id_movie_keyword",
                      "Startup Cost": 0.0,
                      "Total Cost": 11640.82,
                      "Plan Rows": 555251,
                      "Plan Width": 0,
                      "Actual Startup Time": 60.97,
                      "Actual Total Time": 60.971,
                      "Actual Rows": 542961,
                      "Actual Loops": 1,
                      "Index Cond": "(keyword_id > 33827)"
                    }
                  ]
                }
              ]
            }
          ]
        }
      ]
    },
    "Planning Time": 0.186,
    "Triggers": [],
    "Execution Time": 167.019
  }
]