[
  {
    "Plan": {
      "Node Type": "Aggregate",
      "Strategy": "Plain",
      "Partial Mode": "Finalize",
      "Parallel Aware": false,
      "Startup Cost": 45791.27,
      "Total Cost": 45791.28,
      "Plan Rows": 1,
      "Plan Width": 8,
      "Actual Startup Time": 156.593,
      "Actual Total Time": 166.902,
      "Actual Rows": 1,
      "Actual Loops": 1,
      "Plans": [
        {
          "Node Type": "Gather",
          "Parent Relationship": "Outer",
          "Parallel Aware": false,
          "Startup Cost": 45790.96,
          "Total Cost": 45791.27,
          "Plan Rows": 3,
          "Plan Width": 8,
          "Actual Startup Time": 156.452,
          "Actual Total Time": 166.895,
          "Actual Rows": 4,
          "Actual Loops": 1,
          "Workers Planned": 3,
          "Workers Launched": 3,
          "Single Copy": false,
          "Plans": [
            {
              "Node Type": "Aggregate",
              "Strategy": "Plain",
              "Partial Mode": "Partial",
              "Parent Relationship": "Outer",
              "Parallel Aware": false,
              "Startup Cost": 44790.96,
              "Total Cost": 44790.97,
              "Plan Rows": 1,
              "Plan Width": 8,
              "Actual Startup Time": 151.573,
              "Actual Total Time": 151.574,
              "Actual Rows": 1,
              "Actual Loops": 4,
              "Plans": [
                {
                  "Node Type": "Seq Scan",
                  "Parent Relationship": "Outer",
                  "Parallel Aware": true,
                  "Relation Name": "movie_keyword",
                  "Alias": "mk",
                  "Startup Cost": 0.0,
                  "Total Cost": 42695.65,
                  "Plan Rows": 838121,
                  "Plan Width": 0,
                  "Actual Startup Time": 0.04,
                  "Actual Total Time": 121.013,
                  "Actual Rows": 648402,
                  "Actual Loops": 4,
                  "Filter": "(keyword_id < 6926)",
                  "Rows Removed by Filter": 482580
                }
              ]
            }
          ]
        }
      ]
    },
    "Planning Time": 0.121,
    "Triggers": [],
    "Execution Time": 166.941
  }
]