[
  {
    "Plan": {
      "Node Type": "Aggregate",
      "Strategy": "Plain",
      "Partial Mode": "Finalize",
      "Parallel Aware": false,
      "Startup Cost": 136373.72,
      "Total Cost": 136373.73,
      "Plan Rows": 1,
      "Plan Width": 8,
      "Actual Startup Time": 977.426,
      "Actual Total Time": 1006.795,
      "Actual Rows": 1,
      "Actual Loops": 1,
      "Plans": [
        {
          "Node Type": "Gather",
          "Parent Relationship": "Outer",
          "Parallel Aware": false,
          "Startup Cost": 136373.4,
          "Total Cost": 136373.71,
          "Plan Rows": 3,
          "Plan Width": 8,
          "Actual Startup Time": 956.499,
          "Actual Total Time": 1006.779,
          "Actual Rows": 4,
          "Actual Loops": 1,
          "Workers Planned": 3,
          "Workers Launched": 3,
          "Single Copy": false,
          "Plans": [
            {
              "Node Type": "Aggregate",
              "Strategy": "Plain",
              "Partial Mode": "Partial",
              "Parent Relationship": "Outer",
              "Parallel Aware": false,
              "Startup Cost": 135373.4,
              "Total Cost": 135373.41,
              "Plan Rows": 1,
              "Plan Width": 8,
              "Actual Startup Time": 944.77,
              "Actual Total Time": 945.433,
              "Actual Rows": 1,
              "Actual Loops": 4,
              "Plans": [
                {
                  "Node Type": "Hash Join",
                  "Parent Relationship": "Outer",
                  "Parallel Aware": true,
                  "Join Type": "Inner",
                  "Startup Cost": 87482.27,
                  "Total Cost": 134420.89,
                  "Plan Rows": 381006,
                  "Plan Width": 0,
                  "Actual Startup Time": 657.2,
                  "Actual Total Time": 907.366,
                  "Actual Rows": 872654,
                  "Actual Loops": 4,
                  "Inner Unique": false,
                  "Hash Cond": "(mk.movie_id = t.id)",
                  "Plans": [
                    {
                      "Node Type": "Seq Scan",
                      "Parent Relationship": "Outer",
                      "Parallel Aware": true,
                      "Relation Name": "movie_keyword",
                      "Alias": "mk",
                      "Startup Cost": 0.0,
                      "Total Cost": 42695.65,
                      "Plan Rows": 803710,
                      "Plan Width": 4,
                      "Actual Startup Time": 0.034,
                      "Actual Total Time": 112.307,
                      "Actual Rows": 623599,
                      "Actual Loops": 4,
                      "Filter": "(keyword_id < 6081)",
                      "Rows Removed by Filter": 507384
                    },
                    {
                      "Node Type": "Hash",
                      "Parent Relationship": "Inner",
                      "Parallel Aware": true,
                      "Startup Cost": 82649.37,
                      "Total Cost": 82649.37,
                      "Plan Rows": 386632,
                      "Plan Width": 8,
                      "Actual Startup Time": 649.527,
                      "Actual Total Time": 650.188,
                      "Actual Rows": 272202,
                      "Actual Loops": 4,
                      "Hash Buckets": 2097152,
                      "Original Hash Buckets": 2097152,
                      "Hash Batches": 1,
                      "Original Hash Batches": 1,
                      "Peak Memory Usage": 59040,
                      "Plans": [
                        {
                          "Node Type": "Hash Join",
                          "Parent Relationship": "Outer",
                          "Parallel Aware": true,
                          "Join Type": "Inner",
                          "Startup Cost": 50219.64,
                          "Total Cost": 82649.37,
                          "Plan Rows": 386632,
                          "Plan Width": 8,
                          "Actual Startup Time": 390.401,
                          "Actual Total Time": 550.925,
                          "Actual Rows": 272202,
                          "Actual Loops": 4,
                          "Inner Unique": true,
                          "Hash Cond": "(mc.movie_id = t.id)",
                          "Plans": [
                            {
                              "Node Type": "Seq Scan",
                              "Parent Relationship": "Outer",
                              "Parallel Aware": true,
                              "Relation Name": "movie_companies",
                              "Alias": "mc",
                              "Startup Cost": 0.0,
                              "Total Cost": 31414.82,
                              "Plan Rows": 386632,
                              "Plan Width": 4,
                              "Actual Startup Time": 32.872,
                              "Actual Total Time": 77.396,
                              "Actual Rows": 272202,
                              "Actual Loops": 4,
                              "Filter": "((company_id < 101846) AND (company_type_id > 1))",
                              "Rows Removed by Filter": 380080
                            },
                            {
                              "Node Type": "Hash",
                              "Parent Relationship": "Inner",
                              "Parallel Aware": true,
                              "Startup Cost": 42318.73,
                              "Total Cost": 42318.73,
                              "Plan Rows": 632073,
                              "Plan Width": 4,
                              "Actual Startup Time": 351.177,
                              "Actual Total Time": 351.178,
                              "Actual Rows": 632078,
                              "Actual Loops": 4,
                              "Hash Buckets": 4194304,
                              "Original Hash Buckets": 4194304,
                              "Hash Batches": 1,
                              "Original Hash Batches": 1,
                              "Peak Memory Usage": 131744,
                              "Plans": [
                                {
                                  "Node Type": "Seq Scan",
                                  "Parent Relationship": "Outer",
                                  "Parallel Aware": true,
                                  "Relation Name": "title",
                                  "Alias": "t",
                                  "Startup Cost": 0.0,
                                  "Total Cost": 42318.73,
                                  "Plan Rows": 632073,
                                  "Plan Width": 4,
                                  "Actual Startup Time": 0.035,
                                  "Actual Total Time": 102.684,
                                  "Actual Rows": 632078,
                                  "Actual Loops": 4
                                }
                              ]
                            }
                          ]
                        }
                      ]
                    }
                  ]
                }
              ]
            }
          ]
        }
      ]
    },
    "Planning Time": 1.417,
    "Triggers": [],
    "Execution Time": 1006.872
  }
]