[
  {
    "Plan": {
      "Node Type": "Aggregate",
      "Strategy": "Plain",
      "Partial Mode": "Finalize",
      "Parallel Aware": false,
      "Startup Cost": 33034.54,
      "Total Cost": 33034.55,
      "Plan Rows": 1,
      "Plan Width": 8,
      "Actual Startup Time": 78.715,
      "Actual Total Time": 84.636,
      "Actual Rows": 1,
      "Actual Loops": 1,
      "Plans": [
        {
          "Node Type": "Gather",
          "Parent Relationship": "Outer",
          "Parallel Aware": false,
          "Startup Cost": 33034.22,
          "Total Cost": 33034.53,
          "Plan Rows": 3,
          "Plan Width": 8,
          "Actual Startup Time": 78.657,
          "Actual Total Time": 84.631,
          "Actual Rows": 4,
          "Actual Loops": 1,
          "Workers Planned": 3,
          "Workers Launched": 3,
          "Single Copy": false,
          "Plans": [
            {
              "Node Type": "Aggregate",
              "Strategy": "Plain",
              "Partial Mode": "Partial",
              "Parent Relationship": "Outer",
              "Parallel Aware": false,
              "Startup Cost": 32034.22,
              "Total Cost": 32034.23,
              "Plan Rows": 1,
              "Plan Width": 8,
              "Actual Startup Time": 75.806,
              "Actual Total Time": 75.807,
              "Actual Rows": 1,
              "Actual Loops": 4,
              "Plans": [
                {
                  "Node Type": "Seq Scan",
                  "Parent Relationship": "Outer",
                  "Parallel Aware": true,
                  "Relation Name": "movie_companies",
                  "Alias": "mc",
                  "Startup Cost": 0.0,
                  "Total Cost": 31414.82,
                  "Plan Rows": 247761,
                  "Plan Width": 0,
                  "Actual Startup Time": 0.021,
                  "Actual Total Time": 64.328,
                  "Actual Rows": 265616,
                  "Actual Loops": 4,
                  "Filter": "((company_id < 15099) AND (company_type_id = 1))",
                  "Rows Removed by Filter": 386666
                }
              ]
            }
          ]
        }
      ]
    },
    "Planning Time": 0.084,
    "Triggers": [],
    "Execution Time": 84.661
  }
]