{
    "Plan": {
        "Node Type": "Aggregate",
        "Strategy": "Plain",
        "Partial Mode": "Simple",
        "Parallel Aware": false,
        "Startup Cost": 90000909243.43,
        "Total Cost": 90000909243.44,
        "Plan Rows": 1,
        "Plan Width": 96,
        "Actual Startup Time": 6688.559,
        "Actual Total Time": 6688.581,
        "Actual Rows": 1,
        "Actual Loops": 1,
        "Output": [
            "min(chn.name)",
            "min(n.name)",
            "min(t.title)"
        ],
        "Plans": [
            {
                "Node Type": "Nested Loop",
                "Parent Relationship": "Outer",
                "Parallel Aware": false,
                "Join Type": "Inner",
                "Startup Cost": 90000909235.37,
                "Total Cost": 90000909243.42,
                "Plan Rows": 1,
                "Plan Width": 48,
                "Actual Startup Time": 6688.528,
                "Actual Total Time": 6688.569,
                "Actual Rows": 5,
                "Actual Loops": 1,
                "Output": [
                    "chn.name",
                    "n.name",
                    "t.title"
                ],
                "Inner Unique": true,
                "Plans": [
                    {
                        "Node Type": "Merge Join",
                        "Parent Relationship": "Outer",
                        "Parallel Aware": false,
                        "Join Type": "Inner",
                        "Startup Cost": 80000909235.22,
                        "Total Cost": 80000909235.24,
                        "Plan Rows": 1,
                        "Plan Width": 52,
                        "Actual Startup Time": 6688.483,
                        "Actual Total Time": 6688.506,
                        "Actual Rows": 5,
                        "Actual Loops": 1,
                        "Output": [
                            "chn.name",
                            "mi.info_type_id",
                            "n.name",
                            "t.title"
                        ],
                        "Inner Unique": false,
                        "Merge Cond": "(rt.id = ci.role_id)",
                        "Plans": [
                            {
                                "Node Type": "Sort",
                                "Parent Relationship": "Outer",
                                "Parallel Aware": false,
                                "Startup Cost": 10000000001.16,
                                "Total Cost": 10000000001.16,
                                "Plan Rows": 1,
                                "Plan Width": 4,
                                "Actual Startup Time": 0.024,
                                "Actual Total Time": 0.026,
                                "Actual Rows": 1,
                                "Actual Loops": 1,
                                "Output": [
                                    "rt.id"
                                ],
                                "Sort Key": [
                                    "rt.id"
                                ],
                                "Sort Method": "quicksort",
                                "Sort Space Used": 25,
                                "Sort Space Type": "Memory",
                                "Plans": [
                                    {
                                        "Node Type": "Seq Scan",
                                        "Parent Relationship": "Outer",
                                        "Parallel Aware": false,
                                        "Relation Name": "role_type",
                                        "Schema": "public",
                                        "Alias": "rt",
                                        "Startup Cost": 10000000000.0,
                                        "Total Cost": 10000000001.15,
                                        "Plan Rows": 1,
                                        "Plan Width": 4,
                                        "Actual Startup Time": 0.015,
                                        "Actual Total Time": 0.017,
                                        "Actual Rows": 1,
                                        "Actual Loops": 1,
                                        "Output": [
                                            "rt.id"
                                        ],
                                        "Filter": "((rt.role)::text = 'actress'::text)",
                                        "Rows Removed by Filter": 11
                                    }
                                ]
                            },
                            {
                                "Node Type": "Sort",
                                "Parent Relationship": "Inner",
                                "Parallel Aware": false,
                                "Startup Cost": 70000909234.06,
                                "Total Cost": 70000909234.06,
                                "Plan Rows": 1,
                                "Plan Width": 56,
                                "Actual Startup Time": 6688.455,
                                "Actual Total Time": 6688.475,
                                "Actual Rows": 5,
                                "Actual Loops": 1,
                                "Output": [
                                    "ci.role_id",
                                    "chn.name",
                                    "mi.info_type_id",
                                    "n.name",
                                    "t.title"
                                ],
                                "Sort Key": [
                                    "ci.role_id"
                                ],
                                "Sort Method": "quicksort",
                                "Sort Space Used": 25,
                                "Sort Space Type": "Memory",
                                "Plans": [
                                    {
                                        "Node Type": "Hash Join",
                                        "Parent Relationship": "Outer",
                                        "Parallel Aware": false,
                                        "Join Type": "Inner",
                                        "Startup Cost": 70000909234.01,
                                        "Total Cost": 70000909234.05,
                                        "Plan Rows": 1,
                                        "Plan Width": 56,
                                        "Actual Startup Time": 6688.44,
                                        "Actual Total Time": 6688.47,
                                        "Actual Rows": 5,
                                        "Actual Loops": 1,
                                        "Output": [
                                            "ci.role_id",
                                            "chn.name",
                                            "mi.info_type_id",
                                            "n.name",
                                            "t.title"
                                        ],
                                        "Inner Unique": true,
                                        "Hash Cond": "(ci.person_role_id = chn.id)",
                                        "Plans": [
                                            {
                                                "Node Type": "Merge Join",
                                                "Parent Relationship": "Outer",
                                                "Parallel Aware": false,
                                                "Join Type": "Inner",
                                                "Startup Cost": 70000741265.53,
                                                "Total Cost": 70000741265.57,
                                                "Plan Rows": 1,
                                                "Plan Width": 44,
                                                "Actual Startup Time": 3837.532,
                                                "Actual Total Time": 3837.56,
                                                "Actual Rows": 5,
                                                "Actual Loops": 1,
                                                "Output": [
                                                    "ci.role_id",
                                                    "ci.person_role_id",
                                                    "mi.info_type_id",
                                                    "n.name",
                                                    "t.title"
                                                ],
                                                "Inner Unique": false,
                                                "Merge Cond": "(k.id = mk.keyword_id)",
                                                "Plans": [
                                                    {
                                                        "Node Type": "Sort",
                                                        "Parent Relationship": "Outer",
                                                        "Parallel Aware": false,
                                                        "Startup Cost": 10000002961.59,
                                                        "Total Cost": 10000002961.6,
                                                        "Plan Rows": 4,
                                                        "Plan Width": 4,
                                                        "Actual Startup Time": 14.469,
                                                        "Actual Total Time": 14.471,
                                                        "Actual Rows": 4,
                                                        "Actual Loops": 1,
                                                        "Output": [
                                                            "k.id"
                                                        ],
                                                        "Sort Key": [
                                                            "k.id"
                                                        ],
                                                        "Sort Method": "quicksort",
                                                        "Sort Space Used": 25,
                                                        "Sort Space Type": "Memory",
                                                        "Plans": [
                                                            {
                                                                "Node Type": "Seq Scan",
                                                                "Parent Relationship": "Outer",
                                                                "Parallel Aware": false,
                                                                "Relation Name": "keyword",
                                                                "Schema": "public",
                                                                "Alias": "k",
                                                                "Startup Cost": 10000000000.0,
                                                                "Total Cost": 10000002961.55,
                                                                "Plan Rows": 4,
                                                                "Plan Width": 4,
                                                                "Actual Startup Time": 0.026,
                                                                "Actual Total Time": 14.448,
                                                                "Actual Rows": 4,
                                                                "Actual Loops": 1,
                                                                "Output": [
                                                                    "k.id"
                                                                ],
                                                                "Filter": "(k.keyword = ANY ('{fight,marvel-comics,sequel,cooking}'::text[]))",
                                                                "Rows Removed by Filter": 134166
                                                            }
                                                        ]
                                                    },
                                                    {
                                                        "Node Type": "Sort",
                                                        "Parent Relationship": "Inner",
                                                        "Parallel Aware": false,
                                                        "Startup Cost": 60000738303.94,
                                                        "Total Cost": 60000738303.95,
                                                        "Plan Rows": 1,
                                                        "Plan Width": 48,
                                                        "Actual Startup Time": 3823.055,
                                                        "Actual Total Time": 3823.074,
                                                        "Actual Rows": 106,
                                                        "Actual Loops": 1,
                                                        "Output": [
                                                            "ci.role_id",
                                                            "ci.person_role_id",
                                                            "mi.info_type_id",
                                                            "mk.keyword_id",
                                                            "n.name",
                                                            "t.title"
                                                        ],
                                                        "Sort Key": [
                                                            "mk.keyword_id"
                                                        ],
                                                        "Sort Method": "quicksort",
                                                        "Sort Space Used": 49,
                                                        "Sort Space Type": "Memory",
                                                        "Plans": [
                                                            {
                                                                "Node Type": "Merge Join",
                                                                "Parent Relationship": "Outer",
                                                                "Parallel Aware": false,
                                                                "Join Type": "Inner",
                                                                "Startup Cost": 60000736771.3,
                                                                "Total Cost": 60000738303.93,
                                                                "Plan Rows": 1,
                                                                "Plan Width": 48,
                                                                "Actual Startup Time": 3822.977,
                                                                "Actual Total Time": 3823.023,
                                                                "Actual Rows": 175,
                                                                "Actual Loops": 1,
                                                                "Output": [
                                                                    "ci.role_id",
                                                                    "ci.person_role_id",
                                                                    "mi.info_type_id",
                                                                    "mk.keyword_id",
                                                                    "n.name",
                                                                    "t.title"
                                                                ],
                                                                "Inner Unique": false,
                                                                "Merge Cond": "(mi.movie_id = t.id)",
                                                                "Plans": [
                                                                    {
                                                                        "Node Type": "Sort",
                                                                        "Parent Relationship": "Outer",
                                                                        "Parallel Aware": false,
                                                                        "Startup Cost": 10000411255.36,
                                                                        "Total Cost": 10000412021.74,
                                                                        "Plan Rows": 306554,
                                                                        "Plan Width": 8,
                                                                        "Actual Startup Time": 1834.051,
                                                                        "Actual Total Time": 1842.308,
                                                                        "Actual Rows": 251980,
                                                                        "Actual Loops": 1,
                                                                        "Output": [
                                                                            "mi.movie_id",
                                                                            "mi.info_type_id"
                                                                        ],
                                                                        "Sort Key": [
                                                                            "mi.movie_id"
                                                                        ],
                                                                        "Sort Method": "quicksort",
                                                                        "Sort Space Used": 26409,
                                                                        "Sort Space Type": "Memory",
                                                                        "Plans": [
                                                                            {
                                                                                "Node Type": "Seq Scan",
                                                                                "Parent Relationship": "Outer",
                                                                                "Parallel Aware": false,
                                                                                "Relation Name": "movie_info",
                                                                                "Schema": "public",
                                                                                "Alias": "mi",
                                                                                "Startup Cost": 10000000000.0,
                                                                                "Total Cost": 10000383319.42,
                                                                                "Plan Rows": 306554,
                                                                                "Plan Width": 8,
                                                                                "Actual Startup Time": 207.299,
                                                                                "Actual Total Time": 1783.257,
                                                                                "Actual Rows": 301247,
                                                                                "Actual Loops": 1,
                                                                                "Output": [
                                                                                    "mi.movie_id",
                                                                                    "mi.info_type_id"
                                                                                ],
                                                                                "Filter": "((mi.info IS NOT NULL) AND ((mi.info ~~ 'Japan:%201%'::text) OR (mi.info ~~ 'USA:%201%'::text)))",
                                                                                "Rows Removed by Filter": 14534473
                                                                            }
                                                                        ]
                                                                    },
                                                                    {
                                                                        "Node Type": "Sort",
                                                                        "Parent Relationship": "Inner",
                                                                        "Parallel Aware": false,
                                                                        "Startup Cost": 50000325515.79,
                                                                        "Total Cost": 50000325515.8,
                                                                        "Plan Rows": 1,
                                                                        "Plan Width": 60,
                                                                        "Actual Startup Time": 1968.919,
                                                                        "Actual Total Time": 1968.942,
                                                                        "Actual Rows": 175,
                                                                        "Actual Loops": 1,
                                                                        "Output": [
                                                                            "ci.movie_id",
                                                                            "ci.role_id",
                                                                            "ci.person_role_id",
                                                                            "mc.movie_id",
                                                                            "mk.movie_id",
                                                                            "mk.keyword_id",
                                                                            "n.name",
                                                                            "t.title",
                                                                            "t.id"
                                                                        ],
                                                                        "Sort Key": [
                                                                            "ci.movie_id"
                                                                        ],
                                                                        "Sort Method": "quicksort",
                                                                        "Sort Space Used": 49,
                                                                        "Sort Space Type": "Memory",
                                                                        "Plans": [
                                                                            {
                                                                                "Node Type": "Merge Join",
                                                                                "Parent Relationship": "Outer",
                                                                                "Parallel Aware": false,
                                                                                "Join Type": "Inner",
                                                                                "Startup Cost": 50000321009.95,
                                                                                "Total Cost": 50000325515.78,
                                                                                "Plan Rows": 1,
                                                                                "Plan Width": 60,
                                                                                "Actual Startup Time": 1968.834,
                                                                                "Actual Total Time": 1968.88,
                                                                                "Actual Rows": 175,
                                                                                "Actual Loops": 1,
                                                                                "Output": [
                                                                                    "ci.movie_id",
                                                                                    "ci.role_id",
                                                                                    "ci.person_role_id",
                                                                                    "mc.movie_id",
                                                                                    "mk.movie_id",
                                                                                    "mk.keyword_id",
                                                                                    "n.name",
                                                                                    "t.title",
                                                                                    "t.id"
                                                                                ],
                                                                                "Inner Unique": false,
                                                                                "Merge Cond": "(n.id = an.person_id)",
                                                                                "Plans": [
                                                                                    {
                                                                                        "Node Type": "Sort",
                                                                                        "Parent Relationship": "Outer",
                                                                                        "Parallel Aware": false,
                                                                                        "Startup Cost": 50000211449.51,
                                                                                        "Total Cost": 50000211449.51,
                                                                                        "Plan Rows": 1,
                                                                                        "Plan Width": 68,
                                                                                        "Actual Startup Time": 1620.083,
                                                                                        "Actual Total Time": 1620.098,
                                                                                        "Actual Rows": 35,
                                                                                        "Actual Loops": 1,
                                                                                        "Output": [
                                                                                            "ci.movie_id",
                                                                                            "ci.person_id",
                                                                                            "ci.role_id",
                                                                                            "ci.person_role_id",
                                                                                            "mc.movie_id",
                                                                                            "mk.movie_id",
                                                                                            "mk.keyword_id",
                                                                                            "n.name",
                                                                                            "n.id",
                                                                                            "t.title",
                                                                                            "t.id"
                                                                                        ],
                                                                                        "Sort Key": [
                                                                                            "ci.person_id"
                                                                                        ],
                                                                                        "Sort Method": "quicksort",
                                                                                        "Sort Space Used": 29,
                                                                                        "Sort Space Type": "Memory",
                                                                                        "Plans": [
                                                                                            {
                                                                                                "Node Type": "Nested Loop",
                                                                                                "Parent Relationship": "Outer",
                                                                                                "Parallel Aware": false,
                                                                                                "Join Type": "Inner",
                                                                                                "Startup Cost": 50000124787.42,
                                                                                                "Total Cost": 50000211449.5,
                                                                                                "Plan Rows": 1,
                                                                                                "Plan Width": 68,
                                                                                                "Actual Startup Time": 1344.568,
                                                                                                "Actual Total Time": 1620.063,
                                                                                                "Actual Rows": 35,
                                                                                                "Actual Loops": 1,
                                                                                                "Output": [
                                                                                                    "ci.movie_id",
                                                                                                    "ci.person_id",
                                                                                                    "ci.role_id",
                                                                                                    "ci.person_role_id",
                                                                                                    "mc.movie_id",
                                                                                                    "mk.movie_id",
                                                                                                    "mk.keyword_id",
                                                                                                    "n.name",
                                                                                                    "n.id",
                                                                                                    "t.title",
                                                                                                    "t.id"
                                                                                                ],
                                                                                                "Inner Unique": true,
                                                                                                "Plans": [
                                                                                                    {
                                                                                                        "Node Type": "Hash Join",
                                                                                                        "Parent Relationship": "Outer",
                                                                                                        "Parallel Aware": false,
                                                                                                        "Join Type": "Inner",
                                                                                                        "Startup Cost": 40000124786.91,
                                                                                                        "Total Cost": 40000211444.97,
                                                                                                        "Plan Rows": 1,
                                                                                                        "Plan Width": 49,
                                                                                                        "Actual Startup Time": 1344.521,
                                                                                                        "Actual Total Time": 1616.214,
                                                                                                        "Actual Rows": 770,
                                                                                                        "Actual Loops": 1,
                                                                                                        "Output": [
                                                                                                            "ci.movie_id",
                                                                                                            "ci.person_id",
                                                                                                            "ci.role_id",
                                                                                                            "ci.person_role_id",
                                                                                                            "mc.movie_id",
                                                                                                            "mk.movie_id",
                                                                                                            "mk.keyword_id",
                                                                                                            "t.title",
                                                                                                            "t.id"
                                                                                                        ],
                                                                                                        "Inner Unique": false,
                                                                                                        "Hash Cond": "(mk.movie_id = t.id)",
                                                                                                        "Plans": [
                                                                                                            {
                                                                                                                "Node Type": "Seq Scan",
                                                                                                                "Parent Relationship": "Outer",
                                                                                                                "Parallel Aware": false,
                                                                                                                "Relation Name": "movie_keyword",
                                                                                                                "Schema": "public",
                                                                                                                "Alias": "mk",
                                                                                                                "Startup Cost": 0.0,
                                                                                                                "Total Cost": 69693.3,
                                                                                                                "Plan Rows": 4523930,
                                                                                                                "Plan Width": 8,
                                                                                                                "Actual Startup Time": 0.016,
                                                                                                                "Actual Total Time": 290.69,
                                                                                                                "Actual Rows": 4523930,
                                                                                                                "Actual Loops": 1,
                                                                                                                "Output": [
                                                                                                                    "mk.id",
                                                                                                                    "mk.movie_id",
                                                                                                                    "mk.keyword_id"
                                                                                                                ]
                                                                                                            },
                                                                                                            {
                                                                                                                "Node Type": "Hash",
                                                                                                                "Parent Relationship": "Inner",
                                                                                                                "Parallel Aware": false,
                                                                                                                "Startup Cost": 40000124786.9,
                                                                                                                "Total Cost": 40000124786.9,
                                                                                                                "Plan Rows": 1,
                                                                                                                "Plan Width": 41,
                                                                                                                "Actual Startup Time": 1061.053,
                                                                                                                "Actual Total Time": 1061.06,
                                                                                                                "Actual Rows": 22,
                                                                                                                "Actual Loops": 1,
                                                                                                                "Output": [
                                                                                                                    "ci.movie_id",
                                                                                                                    "ci.person_id",
                                                                                                                    "ci.role_id",
                                                                                                                    "ci.person_role_id",
                                                                                                                    "mc.movie_id",
                                                                                                                    "t.title",
                                                                                                                    "t.id"
                                                                                                                ],
                                                                                                                "Hash Buckets": 1024,
                                                                                                                "Original Hash Buckets": 1024,
                                                                                                                "Hash Batches": 1,
                                                                                                                "Original Hash Batches": 1,
                                                                                                                "Peak Memory Usage": 10,
                                                                                                                "Plans": [
                                                                                                                    {
                                                                                                                        "Node Type": "Nested Loop",
                                                                                                                        "Parent Relationship": "Outer",
                                                                                                                        "Parallel Aware": false,
                                                                                                                        "Join Type": "Inner",
                                                                                                                        "Startup Cost": 40000000006.38,
                                                                                                                        "Total Cost": 40000124786.9,
                                                                                                                        "Plan Rows": 1,
                                                                                                                        "Plan Width": 41,
                                                                                                                        "Actual Startup Time": 859.887,
                                                                                                                        "Actual Total Time": 1061.05,
                                                                                                                        "Actual Rows": 22,
                                                                                                                        "Actual Loops": 1,
                                                                                                                        "Output": [
                                                                                                                            "ci.movie_id",
                                                                                                                            "ci.person_id",
                                                                                                                            "ci.role_id",
                                                                                                                            "ci.person_role_id",
                                                                                                                            "mc.movie_id",
                                                                                                                            "t.title",
                                                                                                                            "t.id"
                                                                                                                        ],
                                                                                                                        "Inner Unique": false,
                                                                                                                        "Join Filter": "(t.id = ci.movie_id)",
                                                                                                                        "Rows Removed by Join Filter": 0,
                                                                                                                        "Plans": [
                                                                                                                            {
                                                                                                                                "Node Type": "Nested Loop",
                                                                                                                                "Parent Relationship": "Outer",
                                                                                                                                "Parallel Aware": false,
                                                                                                                                "Join Type": "Inner",
                                                                                                                                "Startup Cost": 30000000005.33,
                                                                                                                                "Total Cost": 30000124781.17,
                                                                                                                                "Plan Rows": 1,
                                                                                                                                "Plan Width": 25,
                                                                                                                                "Actual Startup Time": 859.848,
                                                                                                                                "Actual Total Time": 1060.795,
                                                                                                                                "Actual Rows": 1,
                                                                                                                                "Actual Loops": 1,
                                                                                                                                "Output": [
                                                                                                                                    "mc.movie_id",
                                                                                                                                    "t.title",
                                                                                                                                    "t.id"
                                                                                                                                ],
                                                                                                                                "Inner Unique": true,
                                                                                                                                "Plans": [
                                                                                                                                    {
                                                                                                                                        "Node Type": "Nested Loop",
                                                                                                                                        "Parent Relationship": "Outer",
                                                                                                                                        "Parallel Aware": false,
                                                                                                                                        "Join Type": "Inner",
                                                                                                                                        "Startup Cost": 20000000004.9,
                                                                                                                                        "Total Cost": 20000124492.57,
                                                                                                                                        "Plan Rows": 64,
                                                                                                                                        "Plan Width": 29,
                                                                                                                                        "Actual Startup Time": 312.205,
                                                                                                                                        "Actual Total Time": 1060.481,
                                                                                                                                        "Actual Rows": 38,
                                                                                                                                        "Actual Loops": 1,
                                                                                                                                        "Output": [
                                                                                                                                            "mc.movie_id",
                                                                                                                                            "mc.company_id",
                                                                                                                                            "t.title",
                                                                                                                                            "t.id"
                                                                                                                                        ],
                                                                                                                                        "Inner Unique": false,
                                                                                                                                        "Plans": [
                                                                                                                                            {
                                                                                                                                                "Node Type": "Index Scan",
                                                                                                                                                "Parent Relationship": "Outer",
                                                                                                                                                "Parallel Aware": false,
                                                                                                                                                "Scan Direction": "Forward",
                                                                                                                                                "Index Name": "title_pkey",
                                                                                                                                                "Relation Name": "title",
                                                                                                                                                "Schema": "public",
                                                                                                                                                "Alias": "t",
                                                                                                                                                "Startup Cost": 10000000000.43,
                                                                                                                                                "Total Cost": 10000122983.71,
                                                                                                                                                "Plan Rows": 62,
                                                                                                                                                "Plan Width": 21,
                                                                                                                                                "Actual Startup Time": 252.2,
                                                                                                                                                "Actual Total Time": 1060.267,
                                                                                                                                                "Actual Rows": 9,
                                                                                                                                                "Actual Loops": 1,
                                                                                                                                                "Output": [
                                                                                                                                                    "t.id",
                                                                                                                                                    "t.title",
                                                                                                                                                    "t.imdb_index",
                                                                                                                                                    "t.kind_id",
                                                                                                                                                    "t.production_year",
                                                                                                                                                    "t.imdb_id",
                                                                                                                                                    "t.phonetic_code",
                                                                                                                                                    "t.episode_of_id",
                                                                                                                                                    "t.season_nr",
                                                                                                                                                    "t.episode_nr",
                                                                                                                                                    "t.series_years",
                                                                                                                                                    "t.md5sum"
                                                                                                                                                ],
                                                                                                                                                "Filter": "((t.title ~~ 'Kung Fu Panda%'::text) AND (t.production_year > 2008))",
                                                                                                                                                "Rows Removed by Filter": 2528303
                                                                                                                                            },
                                                                                                                                            {
                                                                                                                                                "Node Type": "Bitmap Heap Scan",
                                                                                                                                                "Parent Relationship": "Inner",
                                                                                                                                                "Parallel Aware": false,
                                                                                                                                                "Relation Name": "movie_companies",
                                                                                                                                                "Schema": "public",
                                                                                                                                                "Alias": "mc",
                                                                                                                                                "Startup Cost": 4.47,
                                                                                                                                                "Total Cost": 24.29,
                                                                                                                                                "Plan Rows": 5,
                                                                                                                                                "Plan Width": 8,
                                                                                                                                                "Actual Startup Time": 0.013,
                                                                                                                                                "Actual Total Time": 0.014,
                                                                                                                                                "Actual Rows": 4,
                                                                                                                                                "Actual Loops": 9,
                                                                                                                                                "Output": [
                                                                                                                                                    "mc.id",
                                                                                                                                                    "mc.movie_id",
                                                                                                                                                    "mc.company_id",
                                                                                                                                                    "mc.company_type_id",
                                                                                                                                                    "mc.note"
                                                                                                                                                ],
                                                                                                                                                "Recheck Cond": "(mc.movie_id = t.id)",
                                                                                                                                                "Rows Removed by Index Recheck": 0,
                                                                                                                                                "Exact Heap Blocks": 12,
                                                                                                                                                "Lossy Heap Blocks": 0,
                                                                                                                                                "Plans": [
                                                                                                                                                    {
                                                                                                                                                        "Node Type": "Bitmap Index Scan",
                                                                                                                                                        "Parent Relationship": "Outer",
                                                                                                                                                        "Parallel Aware": false,
                                                                                                                                                        "Index Name": "movie_id_movie_companies",
                                                                                                                                                        "Startup Cost": 0.0,
                                                                                                                                                        "Total Cost": 4.47,
                                                                                                                                                        "Plan Rows": 5,
                                                                                                                                                        "Plan Width": 0,
                                                                                                                                                        "Actual Startup Time": 0.01,
                                                                                                                                                        "Actual Total Time": 0.01,
                                                                                                                                                        "Actual Rows": 4,
                                                                                                                                                        "Actual Loops": 9,
                                                                                                                                                        "Index Cond": "(mc.movie_id = t.id)"
                                                                                                                                                    }
                                                                                                                                                ]
                                                                                                                                            }
                                                                                                                                        ]
                                                                                                                                    },
                                                                                                                                    {
                                                                                                                                        "Node Type": "Bitmap Heap Scan",
                                                                                                                                        "Parent Relationship": "Inner",
                                                                                                                                        "Parallel Aware": false,
                                                                                                                                        "Relation Name": "company_name",
                                                                                                                                        "Schema": "public",
                                                                                                                                        "Alias": "cn",
                                                                                                                                        "Startup Cost": 0.43,
                                                                                                                                        "Total Cost": 4.45,
                                                                                                                                        "Plan Rows": 1,
                                                                                                                                        "Plan Width": 4,
                                                                                                                                        "Actual Startup Time": 0.006,
                                                                                                                                        "Actual Total Time": 0.006,
                                                                                                                                        "Actual Rows": 0,
                                                                                                                                        "Actual Loops": 38,
                                                                                                                                        "Output": [
                                                                                                                                            "cn.id",
                                                                                                                                            "cn.name",
                                                                                                                                            "cn.country_code",
                                                                                                                                            "cn.imdb_id",
                                                                                                                                            "cn.name_pcode_nf",
                                                                                                                                            "cn.name_pcode_sf",
                                                                                                                                            "cn.md5sum"
                                                                                                                                        ],
                                                                                                                                        "Recheck Cond": "(cn.id = mc.company_id)",
                                                                                                                                        "Rows Removed by Index Recheck": 0,
                                                                                                                                        "Filter": "(((cn.country_code)::text = '[us]'::text) AND (cn.name = 'NBC Universal Television'::text))",
                                                                                                                                        "Rows Removed by Filter": 1,
                                                                                                                                        "Exact Heap Blocks": 38,
                                                                                                                                        "Lossy Heap Blocks": 0,
                                                                                                                                        "Plans": [
                                                                                                                                            {
                                                                                                                                                "Node Type": "Bitmap Index Scan",
                                                                                                                                                "Parent Relationship": "Outer",
                                                                                                                                                "Parallel Aware": false,
                                                                                                                                                "Index Name": "company_name_pkey",
                                                                                                                                                "Startup Cost": 0.0,
                                                                                                                                                "Total Cost": 0.43,
                                                                                                                                                "Plan Rows": 1,
                                                                                                                                                "Plan Width": 0,
                                                                                                                                                "Actual Startup Time": 0.004,
                                                                                                                                                "Actual Total Time": 0.004,
                                                                                                                                                "Actual Rows": 1,
                                                                                                                                                "Actual Loops": 38,
                                                                                                                                                "Index Cond": "(cn.id = mc.company_id)"
                                                                                                                                            }
                                                                                                                                        ]
                                                                                                                                    }
                                                                                                                                ]
                                                                                                                            },
                                                                                                                            {
                                                                                                                                "Node Type": "Bitmap Heap Scan",
                                                                                                                                "Parent Relationship": "Inner",
                                                                                                                                "Parallel Aware": false,
                                                                                                                                "Relation Name": "cast_info",
                                                                                                                                "Schema": "public",
                                                                                                                                "Alias": "ci",
                                                                                                                                "Startup Cost": 1.05,
                                                                                                                                "Total Cost": 5.71,
                                                                                                                                "Plan Rows": 1,
                                                                                                                                "Plan Width": 16,
                                                                                                                                "Actual Startup Time": 0.032,
                                                                                                                                "Actual Total Time": 0.243,
                                                                                                                                "Actual Rows": 22,
                                                                                                                                "Actual Loops": 1,
                                                                                                                                "Output": [
                                                                                                                                    "ci.id",
                                                                                                                                    "ci.person_id",
                                                                                                                                    "ci.movie_id",
                                                                                                                                    "ci.person_role_id",
                                                                                                                                    "ci.note",
                                                                                                                                    "ci.nr_order",
                                                                                                                                    "ci.role_id"
                                                                                                                                ],
                                                                                                                                "Recheck Cond": "(ci.movie_id = mc.movie_id)",
                                                                                                                                "Rows Removed by Index Recheck": 0,
                                                                                                                                "Filter": "(ci.note = ANY ('{(voice),\"(voice: Japanese version)\",\"(voice) (uncredited)\",\"(voice: English version)\"}'::text[]))",
                                                                                                                                "Rows Removed by Filter": 47,
                                                                                                                                "Exact Heap Blocks": 64,
                                                                                                                                "Lossy Heap Blocks": 0,
                                                                                                                                "Plans": [
                                                                                                                                    {
                                                                                                                                        "Node Type": "Bitmap Index Scan",
                                                                                                                                        "Parent Relationship": "Outer",
                                                                                                                                        "Parallel Aware": false,
                                                                                                                                        "Index Name": "movie_id_cast_info",
                                                                                                                                        "Startup Cost": 0.0,
                                                                                                                                        "Total Cost": 1.05,
                                                                                                                                        "Plan Rows": 38,
                                                                                                                                        "Plan Width": 0,
                                                                                                                                        "Actual Startup Time": 0.019,
                                                                                                                                        "Actual Total Time": 0.02,
                                                                                                                                        "Actual Rows": 69,
                                                                                                                                        "Actual Loops": 1,
                                                                                                                                        "Index Cond": "(ci.movie_id = mc.movie_id)"
                                                                                                                                    }
                                                                                                                                ]
                                                                                                                            }
                                                                                                                        ]
                                                                                                                    }
                                                                                                                ]
                                                                                                            }
                                                                                                        ]
                                                                                                    },
                                                                                                    {
                                                                                                        "Node Type": "Bitmap Heap Scan",
                                                                                                        "Parent Relationship": "Inner",
                                                                                                        "Parallel Aware": false,
                                                                                                        "Relation Name": "name",
                                                                                                        "Schema": "public",
                                                                                                        "Alias": "n",
                                                                                                        "Startup Cost": 0.51,
                                                                                                        "Total Cost": 4.53,
                                                                                                        "Plan Rows": 1,
                                                                                                        "Plan Width": 19,
                                                                                                        "Actual Startup Time": 0.003,
                                                                                                        "Actual Total Time": 0.003,
                                                                                                        "Actual Rows": 0,
                                                                                                        "Actual Loops": 770,
                                                                                                        "Output": [
                                                                                                            "n.id",
                                                                                                            "n.name",
                                                                                                            "n.imdb_index",
                                                                                                            "n.imdb_id",
                                                                                                            "n.gender",
                                                                                                            "n.name_pcode_cf",
                                                                                                            "n.name_pcode_nf",
                                                                                                            "n.surname_pcode",
                                                                                                            "n.md5sum"
                                                                                                        ],
                                                                                                        "Recheck Cond": "(n.id = ci.person_id)",
                                                                                                        "Rows Removed by Index Recheck": 0,
                                                                                                        "Filter": "((n.name ~~ '%An%'::text) AND ((n.gender)::text = 'f'::text))",
                                                                                                        "Rows Removed by Filter": 1,
                                                                                                        "Exact Heap Blocks": 770,
                                                                                                        "Lossy Heap Blocks": 0,
                                                                                                        "Plans": [
                                                                                                            {
                                                                                                                "Node Type": "Bitmap Index Scan",
                                                                                                                "Parent Relationship": "Outer",
                                                                                                                "Parallel Aware": false,
                                                                                                                "Index Name": "name_pkey",
                                                                                                                "Startup Cost": 0.0,
                                                                                                                "Total Cost": 0.51,
                                                                                                                "Plan Rows": 1,
                                                                                                                "Plan Width": 0,
                                                                                                                "Actual Startup Time": 0.002,
                                                                                                                "Actual Total Time": 0.002,
                                                                                                                "Actual Rows": 1,
                                                                                                                "Actual Loops": 770,
                                                                                                                "Index Cond": "(n.id = ci.person_id)"
                                                                                                            }
                                                                                                        ]
                                                                                                    }
                                                                                                ]
                                                                                            }
                                                                                        ]
                                                                                    },
                                                                                    {
                                                                                        "Node Type": "Sort",
                                                                                        "Parent Relationship": "Inner",
                                                                                        "Parallel Aware": false,
                                                                                        "Startup Cost": 109559.99,
                                                                                        "Total Cost": 111813.35,
                                                                                        "Plan Rows": 901343,
                                                                                        "Plan Width": 4,
                                                                                        "Actual Startup Time": 304.661,
                                                                                        "Actual Total Time": 325.438,
                                                                                        "Actual Rows": 469229,
                                                                                        "Actual Loops": 1,
                                                                                        "Output": [
                                                                                            "an.person_id"
                                                                                        ],
                                                                                        "Sort Key": [
                                                                                            "an.person_id"
                                                                                        ],
                                                                                        "Sort Method": "quicksort",
                                                                                        "Sort Space Used": 66827,
                                                                                        "Sort Space Type": "Memory",
                                                                                        "Plans": [
                                                                                            {
                                                                                                "Node Type": "Seq Scan",
                                                                                                "Parent Relationship": "Outer",
                                                                                                "Parallel Aware": false,
                                                                                                "Relation Name": "aka_name",
                                                                                                "Schema": "public",
                                                                                                "Alias": "an",
                                                                                                "Startup Cost": 0.0,
                                                                                                "Total Cost": 20409.43,
                                                                                                "Plan Rows": 901343,
                                                                                                "Plan Width": 4,
                                                                                                "Actual Startup Time": 0.014,
                                                                                                "Actual Total Time": 108.099,
                                                                                                "Actual Rows": 901343,
                                                                                                "Actual Loops": 1,
                                                                                                "Output": [
                                                                                                    "an.person_id"
                                                                                                ]
                                                                                            }
                                                                                        ]
                                                                                    }
                                                                                ]
                                                                            }
                                                                        ]
                                                                    }
                                                                ]
                                                            }
                                                        ]
                                                    }
                                                ]
                                            },
                                            {
                                                "Node Type": "Hash",
                                                "Parent Relationship": "Inner",
                                                "Parallel Aware": false,
                                                "Startup Cost": 128715.63,
                                                "Total Cost": 128715.63,
                                                "Plan Rows": 3140227,
                                                "Plan Width": 20,
                                                "Actual Startup Time": 2845.782,
                                                "Actual Total Time": 2845.783,
                                                "Actual Rows": 3140339,
                                                "Actual Loops": 1,
                                                "Output": [
                                                    "chn.name",
                                                    "chn.id"
                                                ],
                                                "Hash Buckets": 4194304,
                                                "Original Hash Buckets": 4194304,
                                                "Hash Batches": 1,
                                                "Original Hash Batches": 1,
                                                "Peak Memory Usage": 198037,
                                                "Plans": [
                                                    {
                                                        "Node Type": "Index Scan",
                                                        "Parent Relationship": "Outer",
                                                        "Parallel Aware": false,
                                                        "Scan Direction": "Forward",
                                                        "Index Name": "char_name_pkey",
                                                        "Relation Name": "char_name",
                                                        "Schema": "public",
                                                        "Alias": "chn",
                                                        "Startup Cost": 0.43,
                                                        "Total Cost": 128715.63,
                                                        "Plan Rows": 3140227,
                                                        "Plan Width": 20,
                                                        "Actual Startup Time": 0.036,
                                                        "Actual Total Time": 1798.844,
                                                        "Actual Rows": 3140339,
                                                        "Actual Loops": 1,
                                                        "Output": [
                                                            "chn.name",
                                                            "chn.id"
                                                        ]
                                                    }
                                                ]
                                            }
                                        ]
                                    }
                                ]
                            }
                        ]
                    },
                    {
                        "Node Type": "Bitmap Heap Scan",
                        "Parent Relationship": "Inner",
                        "Parallel Aware": false,
                        "Relation Name": "info_type",
                        "Schema": "public",
                        "Alias": "it",
                        "Startup Cost": 0.15,
                        "Total Cost": 4.17,
                        "Plan Rows": 1,
                        "Plan Width": 4,
                        "Actual Startup Time": 0.007,
                        "Actual Total Time": 0.007,
                        "Actual Rows": 1,
                        "Actual Loops": 5,
                        "Output": [
                            "it.id",
                            "it.info"
                        ],
                        "Recheck Cond": "(it.id = mi.info_type_id)",
                        "Rows Removed by Index Recheck": 0,
                        "Filter": "((it.info)::text = 'release dates'::text)",
                        "Rows Removed by Filter": 0,
                        "Exact Heap Blocks": 5,
                        "Lossy Heap Blocks": 0,
                        "Plans": [
                            {
                                "Node Type": "Bitmap Index Scan",
                                "Parent Relationship": "Outer",
                                "Parallel Aware": false,
                                "Index Name": "info_type_pkey",
                                "Startup Cost": 0.0,
                                "Total Cost": 0.15,
                                "Plan Rows": 1,
                                "Plan Width": 0,
                                "Actual Startup Time": 0.003,
                                "Actual Total Time": 0.003,
                                "Actual Rows": 1,
                                "Actual Loops": 5,
                                "Index Cond": "(it.id = mi.info_type_id)"
                            }
                        ]
                    }
                ]
            }
        ]
    },
    "Planning Time": 58.416,
    "Triggers": [],
    "Execution Time": 6694.848
}