[
    {
        "Bao": {
            "Bao prediction": 507.805,
            "Bao recommended hint": "(no hint)"
        }
    },
    {
        "Plan": {
            "Node Type": "Aggregate",
            "Strategy": "Plain",
            "Partial Mode": "Finalize",
            "Parallel Aware": false,
            "Startup Cost": 338325.93,
            "Total Cost": 338325.94,
            "Plan Rows": 1,
            "Plan Width": 8,
            "Actual Startup Time": 998.692,
            "Actual Total Time": 1031.174,
            "Actual Rows": 1,
            "Actual Loops": 1,
            "Output": [
                "count(*)"
            ],
            "Plans": [
                {
                    "Node Type": "Gather",
                    "Parent Relationship": "Outer",
                    "Parallel Aware": false,
                    "Startup Cost": 338325.3,
                    "Total Cost": 338325.91,
                    "Plan Rows": 6,
                    "Plan Width": 8,
                    "Actual Startup Time": 998.617,
                    "Actual Total Time": 1031.167,
                    "Actual Rows": 7,
                    "Actual Loops": 1,
                    "Output": [
                        "(PARTIAL count(*))"
                    ],
                    "Workers Planned": 6,
                    "Workers Launched": 6,
                    "Single Copy": false,
                    "Plans": [
                        {
                            "Node Type": "Aggregate",
                            "Strategy": "Plain",
                            "Partial Mode": "Partial",
                            "Parent Relationship": "Outer",
                            "Parallel Aware": false,
                            "Startup Cost": 337325.3,
                            "Total Cost": 337325.31,
                            "Plan Rows": 1,
                            "Plan Width": 8,
                            "Actual Startup Time": 989.145,
                            "Actual Total Time": 989.146,
                            "Actual Rows": 1,
                            "Actual Loops": 7,
                            "Output": [
                                "PARTIAL count(*)"
                            ],
                            "Workers": [
                                {
                                    "Worker Number": 0,
                                    "Actual Startup Time": 987.299,
                                    "Actual Total Time": 987.3,
                                    "Actual Rows": 1,
                                    "Actual Loops": 1
                                },
                                {
                                    "Worker Number": 1,
                                    "Actual Startup Time": 987.278,
                                    "Actual Total Time": 987.279,
                                    "Actual Rows": 1,
                                    "Actual Loops": 1
                                },
                                {
                                    "Worker Number": 2,
                                    "Actual Startup Time": 987.912,
                                    "Actual Total Time": 987.913,
                                    "Actual Rows": 1,
                                    "Actual Loops": 1
                                },
                                {
                                    "Worker Number": 3,
                                    "Actual Startup Time": 987.824,
                                    "Actual Total Time": 987.825,
                                    "Actual Rows": 1,
                                    "Actual Loops": 1
                                },
                                {
                                    "Worker Number": 4,
                                    "Actual Startup Time": 987.955,
                                    "Actual Total Time": 987.956,
                                    "Actual Rows": 1,
                                    "Actual Loops": 1
                                },
                                {
                                    "Worker Number": 5,
                                    "Actual Startup Time": 987.939,
                                    "Actual Total Time": 987.94,
                                    "Actual Rows": 1,
                                    "Actual Loops": 1
                                }
                            ],
                            "Plans": [
                                {
                                    "Node Type": "Seq Scan",
                                    "Parent Relationship": "Outer",
                                    "Parallel Aware": true,
                                    "Relation Name": "cast_info",
                                    "Schema": "public",
                                    "Alias": "ci",
                                    "Startup Cost": 0.0,
                                    "Total Cost": 328213.62,
                                    "Plan Rows": 3644675,
                                    "Plan Width": 0,
                                    "Actual Startup Time": 203.032,
                                    "Actual Total Time": 786.199,
                                    "Actual Rows": 3123518,
                                    "Actual Loops": 7,
                                    "Output": [
                                        "id",
                                        "person_id",
                                        "movie_id",
                                        "person_role_id",
                                        "note",
                                        "nr_order",
                                        "role_id"
                                    ],
                                    "Filter": "(ci.person_id > 1415867)",
                                    "Rows Removed by Filter": 2054246,
                                    "Workers": [
                                        {
                                            "Worker Number": 0,
                                            "Actual Startup Time": 201.182,
                                            "Actual Total Time": 789.362,
                                            "Actual Rows": 3011738,
                                            "Actual Loops": 1
                                        },
                                        {
                                            "Worker Number": 1,
                                            "Actual Startup Time": 201.169,
                                            "Actual Total Time": 788.783,
                                            "Actual Rows": 3016921,
                                            "Actual Loops": 1
                                        },
                                        {
                                            "Worker Number": 2,
                                            "Actual Startup Time": 201.799,
                                            "Actual Total Time": 790.055,
                                            "Actual Rows": 3007540,
                                            "Actual Loops": 1
                                        },
                                        {
                                            "Worker Number": 3,
                                            "Actual Startup Time": 201.712,
                                            "Actual Total Time": 788.742,
                                            "Actual Rows": 3015859,
                                            "Actual Loops": 1
                                        },
                                        {
                                            "Worker Number": 4,
                                            "Actual Startup Time": 201.839,
                                            "Actual Total Time": 790.315,
                                            "Actual Rows": 3001118,
                                            "Actual Loops": 1
                                        },
                                        {
                                            "Worker Number": 5,
                                            "Actual Startup Time": 201.84,
                                            "Actual Total Time": 790.603,
                                            "Actual Rows": 2967412,
                                            "Actual Loops": 1
                                        }
                                    ]
                                }
                            ]
                        }
                    ]
                }
            ]
        },
        "Planning Time": 1271.629,
        "Triggers": [],
        "Execution Time": 1031.288
    }
]