{
  "Plan": {
    "Node Type": "Aggregate",
    "Strategy": "Plain",
    "Partial Mode": "Finalize",
    "Parallel Aware": false,
    "Startup Cost": 151182.24,
    "Total Cost": 151182.25,
    "Plan Rows": 1,
    "Plan Width": 8,
    "Actual Startup Time": 829.158,
    "Actual Total Time": 900.372,
    "Actual Rows": 1,
    "Actual Loops": 1,
    "Plans": [
      {
        "Node Type": "Gather",
        "Parent Relationship": "Outer",
        "Parallel Aware": false,
        "Startup Cost": 151182.12,
        "Total Cost": 151182.23,
        "Plan Rows": 1,
        "Plan Width": 8,
        "Actual Startup Time": 828.123,
        "Actual Total Time": 900.358,
        "Actual Rows": 2,
        "Actual Loops": 1,
        "Workers Planned": 1,
        "Workers Launched": 1,
        "Single Copy": false,
        "Plans": [
          {
            "Node Type": "Aggregate",
            "Strategy": "Plain",
            "Partial Mode": "Partial",
            "Parent Relationship": "Outer",
            "Parallel Aware": false,
            "Startup Cost": 150182.12,
            "Total Cost": 150182.13,
            "Plan Rows": 1,
            "Plan Width": 8,
            "Actual Startup Time": 821.331,
            "Actual Total Time": 821.338,
            "Actual Rows": 1,
            "Actual Loops": 2,
            "Plans": [
              {
                "Node Type": "Nested Loop",
                "Parent Relationship": "Outer",
                "Parallel Aware": false,
                "Join Type": "Inner",
                "Startup Cost": 76944.99,
                "Total Cost": 150171.32,
                "Plan Rows": 4322,
                "Plan Width": 0,
                "Actual Startup Time": 338.833,
                "Actual Total Time": 817.562,
                "Actual Rows": 27841,
                "Actual Loops": 2,
                "Inner Unique": false,
                "Join Filter": "(t.id = mi.movie_id)",
                "Rows Removed by Join Filter": 0,
                "Plans": [
                  {
                    "Node Type": "Hash Join",
                    "Parent Relationship": "Outer",
                    "Parallel Aware": true,
                    "Join Type": "Inner",
                    "Startup Cost": 76944.56,
                    "Total Cost": 108937.44,
                    "Plan Rows": 17769,
                    "Plan Width": 8,
                    "Actual Startup Time": 333.308,
                    "Actual Total Time": 560.18,
                    "Actual Rows": 10265,
                    "Actual Loops": 2,
                    "Inner Unique": true,
                    "Hash Cond": "(mk.movie_id = t.id)",
                    "Plans": [
                      {
                        "Node Type": "Bitmap Heap Scan",
                        "Parent Relationship": "Outer",
                        "Parallel Aware": true,
                        "Relation Name": "movie_keyword",
                        "Alias": "mk",
                        "Startup Cost": 17975.36,
                        "Total Cost": 48659.85,
                        "Plan Rows": 498439,
                        "Plan Width": 4,
                        "Actual Startup Time": 89.698,
                        "Actual Total Time": 228.493,
                        "Actual Rows": 427088,
                        "Actual Loops": 2,
                        "Recheck Cond": "(keyword_id < 816)",
                        "Rows Removed by Index Recheck": 0,
                        "Exact Heap Blocks": 15099,
                        "Lossy Heap Blocks": 0,
                        "Plans": [
                          {
                            "Node Type": "Bitmap Index Scan",
                            "Parent Relationship": "Outer",
                            "Parallel Aware": false,
                            "Index Name": "keyword_id_movie_keyword",
                            "Startup Cost": 0.0,
                            "Total Cost": 17763.53,
                            "Plan Rows": 847346,
                            "Plan Width": 0,
                            "Actual Startup Time": 83.728,
                            "Actual Total Time": 83.729,
                            "Actual Rows": 854176,
                            "Actual Loops": 1,
                            "Index Cond": "(keyword_id < 816)"
                          }
                        ]
                      },
                      {
                        "Node Type": "Hash",
                        "Parent Relationship": "Inner",
                        "Parallel Aware": true,
                        "Startup Cost": 58306.47,
                        "Total Cost": 58306.47,
                        "Plan Rows": 53018,
                        "Plan Width": 4,
                        "Actual Startup Time": 241.613,
                        "Actual Total Time": 241.615,
                        "Actual Rows": 40495,
                        "Actual Loops": 2,
                        "Hash Buckets": 131072,
                        "Original Hash Buckets": 131072,
                        "Hash Batches": 1,
                        "Original Hash Batches": 1,
                        "Peak Memory Usage": 4224,
                        "Plans": [
                          {
                            "Node Type": "Seq Scan",
                            "Parent Relationship": "Outer",
                            "Parallel Aware": true,
                            "Relation Name": "title",
                            "Alias": "t",
                            "Startup Cost": 0.0,
                            "Total Cost": 58306.47,
                            "Plan Rows": 53018,
                            "Plan Width": 4,
                            "Actual Startup Time": 0.331,
                            "Actual Total Time": 224.182,
                            "Actual Rows": 40495,
                            "Actual Loops": 2,
                            "Filter": "((kind_id < 7) AND (production_year > 2011))",
                            "Rows Removed by Filter": 1223661
                          }
                        ]
                      }
                    ]
                  },
                  {
                    "Node Type": "Index Scan",
                    "Parent Relationship": "Inner",
                    "Parallel Aware": false,
                    "Scan Direction": "Forward",
                    "Index Name": "movie_id_movie_info",
                    "Relation Name": "movie_info",
                    "Alias": "mi",
                    "Startup Cost": 0.43,
                    "Total Cost": 2.3,
                    "Plan Rows": 2,
                    "Plan Width": 4,
                    "Actual Startup Time": 0.021,
                    "Actual Total Time": 0.024,
                    "Actual Rows": 3,
                    "Actual Loops": 20530,
                    "Index Cond": "(movie_id = mk.movie_id)",
                    "Rows Removed by Index Recheck": 0,
                    "Filter": "(info_type_id = 15)",
                    "Rows Removed by Filter": 30
                  }
                ]
              }
            ]
          }
        ]
      }
    ]
  },
  "Planning Time": 0.847,
  "Triggers": [],
  "Execution Time": 900.542
}