[
  {
    "Plan": {
      "Node Type": "Aggregate",
      "Strategy": "Plain",
      "Partial Mode": "Finalize",
      "Parallel Aware": false,
      "Startup Cost": 91269.48,
      "Total Cost": 91269.49,
      "Plan Rows": 1,
      "Plan Width": 8,
      "Actual Startup Time": 244.655,
      "Actual Total Time": 260.89,
      "Actual Rows": 1,
      "Actual Loops": 1,
      "Plans": [
        {
          "Node Type": "Gather",
          "Parent Relationship": "Outer",
          "Parallel Aware": false,
          "Startup Cost": 91269.16,
          "Total Cost": 91269.47,
          "Plan Rows": 3,
          "Plan Width": 8,
          "Actual Startup Time": 243.818,
          "Actual Total Time": 260.868,
          "Actual Rows": 4,
          "Actual Loops": 1,
          "Workers Planned": 3,
          "Workers Launched": 3,
          "Single Copy": false,
          "Plans": [
            {
              "Node Type": "Aggregate",
              "Strategy": "Plain",
              "Partial Mode": "Partial",
              "Parent Relationship": "Outer",
              "Parallel Aware": false,
              "Startup Cost": 90269.16,
              "Total Cost": 90269.17,
              "Plan Rows": 1,
              "Plan Width": 8,
              "Actual Startup Time": 240.801,
              "Actual Total Time": 240.865,
              "Actual Rows": 1,
              "Actual Loops": 4,
              "Plans": [
                {
                  "Node Type": "Hash Join",
                  "Parent Relationship": "Outer",
                  "Parallel Aware": true,
                  "Join Type": "Inner",
                  "Startup Cost": 45800.15,
                  "Total Cost": 90203.19,
                  "Plan Rows": 26389,
                  "Plan Width": 0,
                  "Actual Startup Time": 121.215,
                  "Actual Total Time": 236.612,
                  "Actual Rows": 104944,
                  "Actual Loops": 4,
                  "Inner Unique": true,
                  "Hash Cond": "(mk.movie_id = t.id)",
                  "Plans": [
                    {
                      "Node Type": "Seq Scan",
                      "Parent Relationship": "Outer",
                      "Parallel Aware": true,
                      "Relation Name": "movie_keyword",
                      "Alias": "mk",
                      "Startup Cost": 0.0,
                      "Total Cost": 42695.65,
                      "Plan Rows": 650433,
                      "Plan Width": 4,
                      "Actual Startup Time": 0.336,
                      "Actual Total Time": 91.114,
                      "Actual Rows": 500904,
                      "Actual Loops": 4,
                      "Filter": "(keyword_id > 6243)",
                      "Rows Removed by Filter": 630078
                    },
                    {
                      "Node Type": "Hash",
                      "Parent Relationship": "Inner",
                      "Parallel Aware": true,
                      "Startup Cost": 45479.59,
                      "Total Cost": 45479.59,
                      "Plan Rows": 25645,
                      "Plan Width": 4,
                      "Actual Startup Time": 95.238,
                      "Actual Total Time": 95.239,
                      "Actual Rows": 59975,
                      "Actual Loops": 4,
                      "Hash Buckets": 262144,
                      "Original Hash Buckets": 131072,
                      "Hash Batches": 1,
                      "Original Hash Batches": 1,
                      "Peak Memory Usage": 12512,
                      "Plans": [
                        {
                          "Node Type": "Seq Scan",
                          "Parent Relationship": "Outer",
                          "Parallel Aware": true,
                          "Relation Name": "title",
                          "Alias": "t",
                          "Startup Cost": 0.0,
                          "Total Cost": 45479.59,
                          "Plan Rows": 25645,
                          "Plan Width": 4,
                          "Actual Startup Time": 43.679,
                          "Actual Total Time": 78.035,
                          "Actual Rows": 59975,
                          "Actual Loops": 4,
                          "Filter": "((production_year < 1973) AND (kind_id = 1))",
                          "Rows Removed by Filter": 572103
                        }
                      ]
                    }
                  ]
                }
              ]
            }
          ]
        }
      ]
    },
    "Planning Time": 0.33,
    "Triggers": [],
    "Execution Time": 260.93
  }
]