[
  {
    "Plan": {
      "Node Type": "Aggregate",
      "Strategy": "Plain",
      "Partial Mode": "Finalize",
      "Parallel Aware": false,
      "Startup Cost": 182331.23,
      "Total Cost": 182331.24,
      "Plan Rows": 1,
      "Plan Width": 8,
      "Actual Startup Time": 157.183,
      "Actual Total Time": 169.282,
      "Actual Rows": 1,
      "Actual Loops": 1,
      "Plans": [
        {
          "Node Type": "Gather",
          "Parent Relationship": "Outer",
          "Parallel Aware": false,
          "Startup Cost": 182330.71,
          "Total Cost": 182331.22,
          "Plan Rows": 5,
          "Plan Width": 8,
          "Actual Startup Time": 156.294,
          "Actual Total Time": 169.268,
          "Actual Rows": 6,
          "Actual Loops": 1,
          "Workers Planned": 5,
          "Workers Launched": 5,
          "Single Copy": false,
          "Plans": [
            {
              "Node Type": "Aggregate",
              "Strategy": "Plain",
              "Partial Mode": "Partial",
              "Parent Relationship": "Outer",
              "Parallel Aware": false,
              "Startup Cost": 181330.71,
              "Total Cost": 181330.72,
              "Plan Rows": 1,
              "Plan Width": 8,
              "Actual Startup Time": 147.522,
              "Actual Total Time": 147.525,
              "Actual Rows": 1,
              "Actual Loops": 6,
              "Plans": [
                {
                  "Node Type": "Bitmap Heap Scan",
                  "Parent Relationship": "Outer",
                  "Parallel Aware": true,
                  "Relation Name": "movie_info",
                  "Alias": "mi",
                  "Startup Cost": 16584.61,
                  "Total Cost": 180871.86,
                  "Plan Rows": 183540,
                  "Plan Width": 0,
                  "Actual Startup Time": 45.027,
                  "Actual Total Time": 136.106,
                  "Actual Rows": 150057,
                  "Actual Loops": 6,
                  "Recheck Cond": "(info_type_id > 94)",
                  "Rows Removed by Index Recheck": 0,
                  "Exact Heap Blocks": 10732,
                  "Lossy Heap Blocks": 0,
                  "Plans": [
                    {
                      "Node Type": "Bitmap Index Scan",
                      "Parent Relationship": "Outer",
                      "Parallel Aware": false,
                      "Index Name": "info_type_id_movie_info",
                      "Startup Cost": 0.0,
                      "Total Cost": 16355.18,
                      "Plan Rows": 917700,
                      "Plan Width": 0,
                      "Actual Startup Time": 47.303,
                      "Actual Total Time": 47.303,
                      "Actual Rows": 900340,
                      "Actual Loops": 1,
                      "Index Cond": "(info_type_id > 94)"
                    }
                  ]
                }
              ]
            }
          ]
        }
      ]
    },
    "Planning Time": 0.136,
    "Triggers": [],
    "Execution Time": 169.362
  }
]