{
  "Plan": {
    "Node Type": "Aggregate",
    "Strategy": "Plain",
    "Partial Mode": "Finalize",
    "Parallel Aware": false,
    "Startup Cost": 303844.71,
    "Total Cost": 303844.72,
    "Plan Rows": 1,
    "Plan Width": 8,
    "Actual Startup Time": 373.473,
    "Actual Total Time": 411.698,
    "Actual Rows": 1,
    "Actual Loops": 1,
    "Plans": [
      {
        "Node Type": "Gather",
        "Parent Relationship": "Outer",
        "Parallel Aware": false,
        "Startup Cost": 303844.6,
        "Total Cost": 303844.71,
        "Plan Rows": 1,
        "Plan Width": 8,
        "Actual Startup Time": 373.006,
        "Actual Total Time": 411.689,
        "Actual Rows": 2,
        "Actual Loops": 1,
        "Workers Planned": 1,
        "Workers Launched": 1,
        "Single Copy": false,
        "Plans": [
          {
            "Node Type": "Aggregate",
            "Strategy": "Plain",
            "Partial Mode": "Partial",
            "Parent Relationship": "Outer",
            "Parallel Aware": false,
            "Startup Cost": 302844.6,
            "Total Cost": 302844.61,
            "Plan Rows": 1,
            "Plan Width": 8,
            "Actual Startup Time": 366.795,
            "Actual Total Time": 366.797,
            "Actual Rows": 1,
            "Actual Loops": 2,
            "Plans": [
              {
                "Node Type": "Nested Loop",
                "Parent Relationship": "Outer",
                "Parallel Aware": false,
                "Join Type": "Inner",
                "Startup Cost": 13440.72,
                "Total Cost": 302674.63,
                "Plan Rows": 67990,
                "Plan Width": 0,
                "Actual Startup Time": 64.762,
                "Actual Total Time": 355.258,
                "Actual Rows": 226945,
                "Actual Loops": 2,
                "Inner Unique": false,
                "Join Filter": "(t.id = mi.movie_id)",
                "Rows Removed by Join Filter": 0,
                "Plans": [
                  {
                    "Node Type": "Nested Loop",
                    "Parent Relationship": "Outer",
                    "Parallel Aware": false,
                    "Join Type": "Inner",
                    "Startup Cost": 13440.28,
                    "Total Cost": 282353.32,
                    "Plan Rows": 11628,
                    "Plan Width": 8,
                    "Actual Startup Time": 64.628,
                    "Actual Total Time": 227.264,
                    "Actual Rows": 10742,
                    "Actual Loops": 2,
                    "Inner Unique": false,
                    "Plans": [
                      {
                        "Node Type": "Bitmap Heap Scan",
                        "Parent Relationship": "Outer",
                        "Parallel Aware": true,
                        "Relation Name": "title",
                        "Alias": "t",
                        "Startup Cost": 13439.72,
                        "Total Cost": 56090.1,
                        "Plan Rows": 1789,
                        "Plan Width": 4,
                        "Actual Startup Time": 63.949,
                        "Actual Total Time": 141.685,
                        "Actual Rows": 1896,
                        "Actual Loops": 2,
                        "Recheck Cond": "(kind_id < 3)",
                        "Rows Removed by Index Recheck": 0,
                        "Filter": "(production_year = 1963)",
                        "Rows Removed by Filter": 374942,
                        "Exact Heap Blocks": 24970,
                        "Lossy Heap Blocks": 0,
                        "Plans": [
                          {
                            "Node Type": "Bitmap Index Scan",
                            "Parent Relationship": "Outer",
                            "Parallel Aware": false,
                            "Index Name": "kind_id_title",
                            "Startup Cost": 0.0,
                            "Total Cost": 13438.96,
                            "Plan Rows": 753937,
                            "Plan Width": 0,
                            "Actual Startup Time": 58.899,
                            "Actual Total Time": 58.9,
                            "Actual Rows": 753677,
                            "Actual Loops": 1,
                            "Index Cond": "(kind_id < 3)"
                          }
                        ]
                      },
                      {
                        "Node Type": "Index Scan",
                        "Parent Relationship": "Inner",
                        "Parallel Aware": false,
                        "Scan Direction": "Forward",
                        "Index Name": "movie_id_cast_info",
                        "Relation Name": "cast_info",
                        "Alias": "ci",
                        "Startup Cost": 0.56,
                        "Total Cost": 126.3,
                        "Plan Rows": 17,
                        "Plan Width": 4,
                        "Actual Startup Time": 0.027,
                        "Actual Total Time": 0.044,
                        "Actual Rows": 6,
                        "Actual Loops": 3793,
                        "Index Cond": "(movie_id = t.id)",
                        "Rows Removed by Index Recheck": 0,
                        "Filter": "(person_id > 1991713)",
                        "Rows Removed by Filter": 9
                      }
                    ]
                  },
                  {
                    "Node Type": "Index Only Scan",
                    "Parent Relationship": "Inner",
                    "Parallel Aware": false,
                    "Scan Direction": "Forward",
                    "Index Name": "movie_id_movie_info",
                    "Relation Name": "movie_info",
                    "Alias": "mi",
                    "Startup Cost": 0.43,
                    "Total Cost": 1.22,
                    "Plan Rows": 42,
                    "Plan Width": 4,
                    "Actual Startup Time": 0.003,
                    "Actual Total Time": 0.01,
                    "Actual Rows": 21,
                    "Actual Loops": 21484,
                    "Index Cond": "(movie_id = ci.movie_id)",
                    "Rows Removed by Index Recheck": 0,
                    "Heap Fetches": 453890
                  }
                ]
              }
            ]
          }
        ]
      }
    ]
  },
  "Planning Time": 1.003,
  "Triggers": [],
  "Execution Time": 411.811
}