[
  {
    "Plan": {
      "Node Type": "Aggregate",
      "Strategy": "Plain",
      "Partial Mode": "Finalize",
      "Parallel Aware": false,
      "Startup Cost": 27230.09,
      "Total Cost": 27230.1,
      "Plan Rows": 1,
      "Plan Width": 8,
      "Actual Startup Time": 70.386,
      "Actual Total Time": 74.329,
      "Actual Rows": 1,
      "Actual Loops": 1,
      "Plans": [
        {
          "Node Type": "Gather",
          "Parent Relationship": "Outer",
          "Parallel Aware": false,
          "Startup Cost": 27229.77,
          "Total Cost": 27230.08,
          "Plan Rows": 3,
          "Plan Width": 8,
          "Actual Startup Time": 70.135,
          "Actual Total Time": 74.322,
          "Actual Rows": 4,
          "Actual Loops": 1,
          "Workers Planned": 3,
          "Workers Launched": 3,
          "Single Copy": false,
          "Plans": [
            {
              "Node Type": "Aggregate",
              "Strategy": "Plain",
              "Partial Mode": "Partial",
              "Parent Relationship": "Outer",
              "Parallel Aware": false,
              "Startup Cost": 26229.77,
              "Total Cost": 26229.78,
              "Plan Rows": 1,
              "Plan Width": 8,
              "Actual Startup Time": 62.086,
              "Actual Total Time": 62.087,
              "Actual Rows": 1,
              "Actual Loops": 4,
              "Plans": [
                {
                  "Node Type": "Bitmap Heap Scan",
                  "Parent Relationship": "Outer",
                  "Parallel Aware": true,
                  "Relation Name": "movie_companies",
                  "Alias": "mc",
                  "Startup Cost": 5982.38,
                  "Total Cost": 26116.06,
                  "Plan Rows": 45482,
                  "Plan Width": 0,
                  "Actual Startup Time": 24.333,
                  "Actual Total Time": 57.009,
                  "Actual Rows": 68924,
                  "Actual Loops": 4,
                  "Recheck Cond": "(company_id > 96537)",
                  "Rows Removed by Index Recheck": 0,
                  "Filter": "(company_type_id = 2)",
                  "Rows Removed by Filter": 0,
                  "Exact Heap Blocks": 2541,
                  "Lossy Heap Blocks": 0,
                  "Plans": [
                    {
                      "Node Type": "Bitmap Index Scan",
                      "Parent Relationship": "Outer",
                      "Parallel Aware": false,
                      "Index Name": "company_id_movie_companies",
                      "Startup Cost": 0.0,
                      "Total Cost": 5947.14,
                      "Plan Rows": 277694,
                      "Plan Width": 0,
                      "Actual Startup Time": 30.328,
                      "Actual Total Time": 30.328,
                      "Actual Rows": 275697,
                      "Actual Loops": 1,
                      "Index Cond": "(company_id > 96537)"
                    }
                  ]
                }
              ]
            }
          ]
        }
      ]
    },
    "Planning Time": 0.217,
    "Triggers": [],
    "Execution Time": 74.403
  }
]