[
  {
    "Plan": {
      "Node Type": "Aggregate",
      "Strategy": "Plain",
      "Partial Mode": "Simple",
      "Parallel Aware": false,
      "Startup Cost": 274.1,
      "Total Cost": 274.11,
      "Plan Rows": 1,
      "Plan Width": 8,
      "Actual Startup Time": 0.661,
      "Actual Total Time": 0.662,
      "Actual Rows": 1,
      "Actual Loops": 1,
      "Plans": [
        {
          "Node Type": "Index Only Scan",
          "Parent Relationship": "Outer",
          "Parallel Aware": false,
          "Scan Direction": "Forward",
          "Index Name": "company_id_movie_companies",
          "Relation Name": "movie_companies",
          "Alias": "mc",
          "Startup Cost": 0.43,
          "Total Cost": 273.84,
          "Plan Rows": 102,
          "Plan Width": 0,
          "Actual Startup Time": 0.055,
          "Actual Total Time": 0.614,
          "Actual Rows": 299,
          "Actual Loops": 1,
          "Index Cond": "(company_id = 5808)",
          "Rows Removed by Index Recheck": 0,
          "Heap Fetches": 299
        }
      ]
    },
    "Planning Time": 0.13,
    "Triggers": [],
    "Execution Time": 0.695
  }
]