[
    {
        "Bao": {
            "Bao prediction": "NaN",
            "Bao recommended hint": "(no hint)"
        }
    },
    {
        "Plan": {
            "Node Type": "Aggregate",
            "Strategy": "Plain",
            "Partial Mode": "Simple",
            "Parallel Aware": false,
            "Startup Cost": 27065.39,
            "Total Cost": 27065.4,
            "Plan Rows": 1,
            "Plan Width": 8,
            "Actual Startup Time": 36.61,
            "Actual Total Time": 36.611,
            "Actual Rows": 1,
            "Actual Loops": 1,
            "Output": [
                "count(*)"
            ],
            "Plans": [
                {
                    "Node Type": "Bitmap Heap Scan",
                    "Parent Relationship": "Outer",
                    "Parallel Aware": false,
                    "Relation Name": "movie_keyword",
                    "Schema": "public",
                    "Alias": "mk",
                    "Startup Cost": 1530.76,
                    "Total Cost": 26885.28,
                    "Plan Rows": 72042,
                    "Plan Width": 0,
                    "Actual Startup Time": 7.526,
                    "Actual Total Time": 33.542,
                    "Actual Rows": 68436,
                    "Actual Loops": 1,
                    "Recheck Cond": "(mk.keyword_id > 91826)",
                    "Rows Removed by Index Recheck": 0,
                    "Exact Heap Blocks": 14683,
                    "Lossy Heap Blocks": 0,
                    "Plans": [
                        {
                            "Node Type": "Bitmap Index Scan",
                            "Parent Relationship": "Outer",
                            "Parallel Aware": false,
                            "Index Name": "keyword_id_movie_keyword",
                            "Startup Cost": 0.0,
                            "Total Cost": 1512.75,
                            "Plan Rows": 72042,
                            "Plan Width": 0,
                            "Actual Startup Time": 5.223,
                            "Actual Total Time": 5.224,
                            "Actual Rows": 68436,
                            "Actual Loops": 1,
                            "Index Cond": "(mk.keyword_id > 91826)"
                        }
                    ]
                }
            ]
        },
        "Planning Time": 183.665,
        "Triggers": [],
        "Execution Time": 36.652
    }
]