[
  {
    "Plan": {
      "Node Type": "Aggregate",
      "Strategy": "Plain",
      "Partial Mode": "Finalize",
      "Parallel Aware": false,
      "Startup Cost": 47230.06,
      "Total Cost": 47230.07,
      "Plan Rows": 1,
      "Plan Width": 8,
      "Actual Startup Time": 175.515,
      "Actual Total Time": 185.192,
      "Actual Rows": 1,
      "Actual Loops": 1,
      "Plans": [
        {
          "Node Type": "Gather",
          "Parent Relationship": "Outer",
          "Parallel Aware": false,
          "Startup Cost": 47229.74,
          "Total Cost": 47230.05,
          "Plan Rows": 3,
          "Plan Width": 8,
          "Actual Startup Time": 175.385,
          "Actual Total Time": 185.182,
          "Actual Rows": 4,
          "Actual Loops": 1,
          "Workers Planned": 3,
          "Workers Launched": 3,
          "Single Copy": false,
          "Plans": [
            {
              "Node Type": "Aggregate",
              "Strategy": "Plain",
              "Partial Mode": "Partial",
              "Parent Relationship": "Outer",
              "Parallel Aware": false,
              "Startup Cost": 46229.74,
              "Total Cost": 46229.75,
              "Plan Rows": 1,
              "Plan Width": 8,
              "Actual Startup Time": 169.123,
              "Actual Total Time": 169.124,
              "Actual Rows": 1,
              "Actual Loops": 4,
              "Plans": [
                {
                  "Node Type": "Seq Scan",
                  "Parent Relationship": "Outer",
                  "Parallel Aware": true,
                  "Relation Name": "movie_keyword",
                  "Alias": "mk",
                  "Startup Cost": 0.0,
                  "Total Cost": 42695.65,
                  "Plan Rows": 1413635,
                  "Plan Width": 0,
                  "Actual Startup Time": 0.048,
                  "Actual Total Time": 122.498,
                  "Actual Rows": 1096260,
                  "Actual Loops": 4,
                  "Filter": "(keyword_id < 75164)",
                  "Rows Removed by Filter": 34723
                }
              ]
            }
          ]
        }
      ]
    },
    "Planning Time": 0.115,
    "Triggers": [],
    "Execution Time": 185.229
  }
]