[
    {
        "Bao": {
            "Bao prediction": "NaN",
            "Bao recommended hint": "(no hint)"
        }
    },
    {
        "Plan": {
            "Node Type": "Aggregate",
            "Strategy": "Plain",
            "Partial Mode": "Finalize",
            "Parallel Aware": false,
            "Startup Cost": 158947.63,
            "Total Cost": 158947.64,
            "Plan Rows": 1,
            "Plan Width": 8,
            "Actual Startup Time": 313.312,
            "Actual Total Time": 324.05,
            "Actual Rows": 1,
            "Actual Loops": 1,
            "Output": [
                "count(*)"
            ],
            "Plans": [
                {
                    "Node Type": "Gather",
                    "Parent Relationship": "Outer",
                    "Parallel Aware": false,
                    "Startup Cost": 158947.1,
                    "Total Cost": 158947.61,
                    "Plan Rows": 5,
                    "Plan Width": 8,
                    "Actual Startup Time": 311.066,
                    "Actual Total Time": 324.041,
                    "Actual Rows": 6,
                    "Actual Loops": 1,
                    "Output": [
                        "(PARTIAL count(*))"
                    ],
                    "Workers Planned": 5,
                    "Workers Launched": 5,
                    "Single Copy": false,
                    "Plans": [
                        {
                            "Node Type": "Aggregate",
                            "Strategy": "Plain",
                            "Partial Mode": "Partial",
                            "Parent Relationship": "Outer",
                            "Parallel Aware": false,
                            "Startup Cost": 157947.1,
                            "Total Cost": 157947.11,
                            "Plan Rows": 1,
                            "Plan Width": 8,
                            "Actual Startup Time": 301.128,
                            "Actual Total Time": 301.131,
                            "Actual Rows": 1,
                            "Actual Loops": 6,
                            "Output": [
                                "PARTIAL count(*)"
                            ],
                            "Workers": [
                                {
                                    "Worker Number": 0,
                                    "Actual Startup Time": 298.279,
                                    "Actual Total Time": 298.282,
                                    "Actual Rows": 1,
                                    "Actual Loops": 1
                                },
                                {
                                    "Worker Number": 1,
                                    "Actual Startup Time": 298.973,
                                    "Actual Total Time": 298.976,
                                    "Actual Rows": 1,
                                    "Actual Loops": 1
                                },
                                {
                                    "Worker Number": 2,
                                    "Actual Startup Time": 299.87,
                                    "Actual Total Time": 299.873,
                                    "Actual Rows": 1,
                                    "Actual Loops": 1
                                },
                                {
                                    "Worker Number": 3,
                                    "Actual Startup Time": 299.408,
                                    "Actual Total Time": 299.411,
                                    "Actual Rows": 1,
                                    "Actual Loops": 1
                                },
                                {
                                    "Worker Number": 4,
                                    "Actual Startup Time": 299.502,
                                    "Actual Total Time": 299.506,
                                    "Actual Rows": 1,
                                    "Actual Loops": 1
                                }
                            ],
                            "Plans": [
                                {
                                    "Node Type": "Hash Join",
                                    "Parent Relationship": "Outer",
                                    "Parallel Aware": true,
                                    "Join Type": "Inner",
                                    "Startup Cost": 47680.09,
                                    "Total Cost": 157724.3,
                                    "Plan Rows": 89122,
                                    "Plan Width": 0,
                                    "Actual Startup Time": 123.648,
                                    "Actual Total Time": 299.199,
                                    "Actual Rows": 41272,
                                    "Actual Loops": 6,
                                    "Inner Unique": true,
                                    "Hash Cond": "(ci.movie_id = t.id)",
                                    "Workers": [
                                        {
                                            "Worker Number": 0,
                                            "Actual Startup Time": 120.843,
                                            "Actual Total Time": 296.457,
                                            "Actual Rows": 38637,
                                            "Actual Loops": 1
                                        },
                                        {
                                            "Worker Number": 1,
                                            "Actual Startup Time": 121.425,
                                            "Actual Total Time": 296.942,
                                            "Actual Rows": 43562,
                                            "Actual Loops": 1
                                        },
                                        {
                                            "Worker Number": 2,
                                            "Actual Startup Time": 122.05,
                                            "Actual Total Time": 297.908,
                                            "Actual Rows": 42073,
                                            "Actual Loops": 1
                                        },
                                        {
                                            "Worker Number": 3,
                                            "Actual Startup Time": 122.119,
                                            "Actual Total Time": 297.511,
                                            "Actual Rows": 40269,
                                            "Actual Loops": 1
                                        },
                                        {
                                            "Worker Number": 4,
                                            "Actual Startup Time": 122.231,
                                            "Actual Total Time": 297.743,
                                            "Actual Rows": 37095,
                                            "Actual Loops": 1
                                        }
                                    ],
                                    "Plans": [
                                        {
                                            "Node Type": "Index Scan",
                                            "Parent Relationship": "Outer",
                                            "Parallel Aware": true,
                                            "Scan Direction": "Forward",
                                            "Index Name": "role_id_cast_info",
                                            "Relation Name": "cast_info",
                                            "Schema": "public",
                                            "Alias": "ci",
                                            "Startup Cost": 0.56,
                                            "Total Cost": 109204.72,
                                            "Plan Rows": 320024,
                                            "Plan Width": 4,
                                            "Actual Startup Time": 0.182,
                                            "Actual Total Time": 113.748,
                                            "Actual Rows": 183416,
                                            "Actual Loops": 6,
                                            "Output": [
                                                "ci.id",
                                                "ci.person_id",
                                                "ci.movie_id",
                                                "ci.person_role_id",
                                                "ci.note",
                                                "ci.nr_order",
                                                "ci.role_id"
                                            ],
                                            "Index Cond": "(ci.role_id = 3)",
                                            "Rows Removed by Index Recheck": 0,
                                            "Filter": "(ci.person_id < 1424802)",
                                            "Rows Removed by Filter": 484590,
                                            "Workers": [
                                                {
                                                    "Worker Number": 0,
                                                    "Actual Startup Time": 0.215,
                                                    "Actual Total Time": 111.59,
                                                    "Actual Rows": 165756,
                                                    "Actual Loops": 1
                                                },
                                                {
                                                    "Worker Number": 1,
                                                    "Actual Startup Time": 0.093,
                                                    "Actual Total Time": 116.978,
                                                    "Actual Rows": 188073,
                                                    "Actual Loops": 1
                                                },
                                                {
                                                    "Worker Number": 2,
                                                    "Actual Startup Time": 0.314,
                                                    "Actual Total Time": 116.076,
                                                    "Actual Rows": 185734,
                                                    "Actual Loops": 1
                                                },
                                                {
                                                    "Worker Number": 3,
                                                    "Actual Startup Time": 0.224,
                                                    "Actual Total Time": 115.82,
                                                    "Actual Rows": 187111,
                                                    "Actual Loops": 1
                                                },
                                                {
                                                    "Worker Number": 4,
                                                    "Actual Startup Time": 0.146,
                                                    "Actual Total Time": 111.061,
                                                    "Actual Rows": 164453,
                                                    "Actual Loops": 1
                                                }
                                            ]
                                        },
                                        {
                                            "Node Type": "Hash",
                                            "Parent Relationship": "Inner",
                                            "Parallel Aware": true,
                                            "Startup Cost": 45479.21,
                                            "Total Cost": 45479.21,
                                            "Plan Rows": 176025,
                                            "Plan Width": 4,
                                            "Actual Startup Time": 121.242,
                                            "Actual Total Time": 121.243,
                                            "Actual Rows": 124988,
                                            "Actual Loops": 6,
                                            "Output": [
                                                "t.id"
                                            ],
                                            "Hash Buckets": 1048576,
                                            "Original Hash Buckets": 1048576,
                                            "Hash Batches": 1,
                                            "Original Hash Batches": 1,
                                            "Peak Memory Usage": 37632,
                                            "Workers": [
                                                {
                                                    "Worker Number": 0,
                                                    "Actual Startup Time": 120.151,
                                                    "Actual Total Time": 120.152,
                                                    "Actual Rows": 109509,
                                                    "Actual Loops": 1
                                                },
                                                {
                                                    "Worker Number": 1,
                                                    "Actual Startup Time": 120.93,
                                                    "Actual Total Time": 120.931,
                                                    "Actual Rows": 124532,
                                                    "Actual Loops": 1
                                                },
                                                {
                                                    "Worker Number": 2,
                                                    "Actual Startup Time": 121.166,
                                                    "Actual Total Time": 121.167,
                                                    "Actual Rows": 123310,
                                                    "Actual Loops": 1
                                                },
                                                {
                                                    "Worker Number": 3,
                                                    "Actual Startup Time": 121.293,
                                                    "Actual Total Time": 121.294,
                                                    "Actual Rows": 121902,
                                                    "Actual Loops": 1
                                                },
                                                {
                                                    "Worker Number": 4,
                                                    "Actual Startup Time": 121.301,
                                                    "Actual Total Time": 121.302,
                                                    "Actual Rows": 109627,
                                                    "Actual Loops": 1
                                                }
                                            ],
                                            "Plans": [
                                                {
                                                    "Node Type": "Seq Scan",
                                                    "Parent Relationship": "Outer",
                                                    "Parallel Aware": true,
                                                    "Relation Name": "title",
                                                    "Schema": "public",
                                                    "Alias": "t",
                                                    "Startup Cost": 0.0,
                                                    "Total Cost": 45479.21,
                                                    "Plan Rows": 176025,
                                                    "Plan Width": 4,
                                                    "Actual Startup Time": 0.043,
                                                    "Actual Total Time": 74.914,
                                                    "Actual Rows": 124988,
                                                    "Actual Loops": 6,
                                                    "Output": [
                                                        "t.id"
                                                    ],
                                                    "Filter": "((t.kind_id < 7) AND (t.production_year < 2009))",
                                                    "Rows Removed by Filter": 296397,
                                                    "Workers": [
                                                        {
                                                            "Worker Number": 0,
                                                            "Actual Startup Time": 0.061,
                                                            "Actual Total Time": 73.507,
                                                            "Actual Rows": 109509,
                                                            "Actual Loops": 1
                                                        },
                                                        {
                                                            "Worker Number": 1,
                                                            "Actual Startup Time": 0.042,
                                                            "Actual Total Time": 76.197,
                                                            "Actual Rows": 124532,
                                                            "Actual Loops": 1
                                                        },
                                                        {
                                                            "Worker Number": 2,
                                                            "Actual Startup Time": 0.051,
                                                            "Actual Total Time": 75.486,
                                                            "Actual Rows": 123310,
                                                            "Actual Loops": 1
                                                        },
                                                        {
                                                            "Worker Number": 3,
                                                            "Actual Startup Time": 0.036,
                                                            "Actual Total Time": 75.599,
                                                            "Actual Rows": 121902,
                                                            "Actual Loops": 1
                                                        },
                                                        {
                                                            "Worker Number": 4,
                                                            "Actual Startup Time": 0.054,
                                                            "Actual Total Time": 75.659,
                                                            "Actual Rows": 109627,
                                                            "Actual Loops": 1
                                                        }
                                                    ]
                                                }
                                            ]
                                        }
                                    ]
                                }
                            ]
                        }
                    ]
                }
            ]
        },
        "Planning Time": 188.587,
        "Triggers": [],
        "Execution Time": 324.105
    }
]