[
  {
    "Plan": {
      "Node Type": "Aggregate",
      "Strategy": "Plain",
      "Partial Mode": "Finalize",
      "Parallel Aware": false,
      "Startup Cost": 96713.6,
      "Total Cost": 96713.61,
      "Plan Rows": 1,
      "Plan Width": 8,
      "Actual Startup Time": 573.361,
      "Actual Total Time": 639.246,
      "Actual Rows": 1,
      "Actual Loops": 1,
      "Plans": [
        {
          "Node Type": "Gather",
          "Parent Relationship": "Outer",
          "Parallel Aware": false,
          "Startup Cost": 96713.39,
          "Total Cost": 96713.6,
          "Plan Rows": 2,
          "Plan Width": 8,
          "Actual Startup Time": 572.416,
          "Actual Total Time": 639.237,
          "Actual Rows": 3,
          "Actual Loops": 1,
          "Workers Planned": 2,
          "Workers Launched": 2,
          "Single Copy": false,
          "Plans": [
            {
              "Node Type": "Aggregate",
              "Strategy": "Plain",
              "Partial Mode": "Partial",
              "Parent Relationship": "Outer",
              "Parallel Aware": false,
              "Startup Cost": 95713.39,
              "Total Cost": 95713.4,
              "Plan Rows": 1,
              "Plan Width": 8,
              "Actual Startup Time": 569.112,
              "Actual Total Time": 569.116,
              "Actual Rows": 1,
              "Actual Loops": 3,
              "Plans": [
                {
                  "Node Type": "Nested Loop",
                  "Parent Relationship": "Outer",
                  "Parallel Aware": false,
                  "Join Type": "Inner",
                  "Startup Cost": 45653.71,
                  "Total Cost": 95260.64,
                  "Plan Rows": 181098,
                  "Plan Width": 0,
                  "Actual Startup Time": 102.691,
                  "Actual Total Time": 552.127,
                  "Actual Rows": 359188,
                  "Actual Loops": 3,
                  "Inner Unique": false,
                  "Join Filter": "(t.id = ci.movie_id)",
                  "Rows Removed by Join Filter": 0,
                  "Plans": [
                    {
                      "Node Type": "Hash Join",
                      "Parent Relationship": "Outer",
                      "Parallel Aware": true,
                      "Join Type": "Inner",
                      "Startup Cost": 45653.15,
                      "Total Cost": 60847.71,
                      "Plan Rows": 12631,
                      "Plan Width": 8,
                      "Actual Startup Time": 102.616,
                      "Actual Total Time": 181.953,
                      "Actual Rows": 13127,
                      "Actual Loops": 3,
                      "Inner Unique": true,
                      "Hash Cond": "(mi_idx.movie_id = t.id)",
                      "Plans": [
                        {
                          "Node Type": "Seq Scan",
                          "Parent Relationship": "Outer",
                          "Parallel Aware": true,
                          "Relation Name": "movie_info_idx",
                          "Alias": "mi_idx",
                          "Startup Cost": 0.0,
                          "Total Cost": 13685.15,
                          "Plan Rows": 575015,
                          "Plan Width": 4,
                          "Actual Startup Time": 0.01,
                          "Actual Total Time": 34.192,
                          "Actual Rows": 460012,
                          "Actual Loops": 3
                        },
                        {
                          "Node Type": "Hash",
                          "Parent Relationship": "Inner",
                          "Parallel Aware": true,
                          "Startup Cost": 45479.59,
                          "Total Cost": 45479.59,
                          "Plan Rows": 13885,
                          "Plan Width": 4,
                          "Actual Startup Time": 101.424,
                          "Actual Total Time": 101.425,
                          "Actual Rows": 16358,
                          "Actual Loops": 3,
                          "Hash Buckets": 65536,
                          "Original Hash Buckets": 65536,
                          "Hash Batches": 1,
                          "Original Hash Batches": 1,
                          "Peak Memory Usage": 2464,
                          "Plans": [
                            {
                              "Node Type": "Seq Scan",
                              "Parent Relationship": "Outer",
                              "Parallel Aware": true,
                              "Relation Name": "title",
                              "Alias": "t",
                              "Startup Cost": 0.0,
                              "Total Cost": 45479.59,
                              "Plan Rows": 13885,
                              "Plan Width": 4,
                              "Actual Startup Time": 0.086,
                              "Actual Total Time": 96.737,
                              "Actual Rows": 16358,
                              "Actual Loops": 3,
                              "Filter": "((kind_id < 7) AND (production_year = 2010))",
                              "Rows Removed by Filter": 826412
                            }
                          ]
                        }
                      ]
                    },
                    {
                      "Node Type": "Index Only Scan",
                      "Parent Relationship": "Inner",
                      "Parallel Aware": false,
                      "Scan Direction": "Forward",
                      "Index Name": "movie_id_cast_info",
                      "Relation Name": "cast_info",
                      "Alias": "ci",
                      "Startup Cost": 0.56,
                      "Total Cost": 2.29,
                      "Plan Rows": 35,
                      "Plan Width": 4,
                      "Actual Startup Time": 0.004,
                      "Actual Total Time": 0.026,
                      "Actual Rows": 27,
                      "Actual Loops": 39380,
                      "Index Cond": "(movie_id = mi_idx.movie_id)",
                      "Rows Removed by Index Recheck": 0,
                      "Heap Fetches": 1077565
                    }
                  ]
                }
              ]
            }
          ]
        }
      ]
    },
    "Planning Time": 1.318,
    "Triggers": [],
    "Execution Time": 639.353
  }
]