[
  {
    "Plan": {
      "Node Type": "Aggregate",
      "Strategy": "Plain",
      "Partial Mode": "Finalize",
      "Parallel Aware": false,
      "Startup Cost": 83365.85,
      "Total Cost": 83365.86,
      "Plan Rows": 1,
      "Plan Width": 8,
      "Actual Startup Time": 447.022,
      "Actual Total Time": 468.013,
      "Actual Rows": 1,
      "Actual Loops": 1,
      "Plans": [
        {
          "Node Type": "Gather",
          "Parent Relationship": "Outer",
          "Parallel Aware": false,
          "Startup Cost": 83365.53,
          "Total Cost": 83365.84,
          "Plan Rows": 3,
          "Plan Width": 8,
          "Actual Startup Time": 439.951,
          "Actual Total Time": 468.0,
          "Actual Rows": 4,
          "Actual Loops": 1,
          "Workers Planned": 3,
          "Workers Launched": 3,
          "Single Copy": false,
          "Plans": [
            {
              "Node Type": "Aggregate",
              "Strategy": "Plain",
              "Partial Mode": "Partial",
              "Parent Relationship": "Outer",
              "Parallel Aware": false,
              "Startup Cost": 82365.53,
              "Total Cost": 82365.54,
              "Plan Rows": 1,
              "Plan Width": 8,
              "Actual Startup Time": 427.317,
              "Actual Total Time": 427.324,
              "Actual Rows": 1,
              "Actual Loops": 4,
              "Plans": [
                {
                  "Node Type": "Hash Join",
                  "Parent Relationship": "Outer",
                  "Parallel Aware": true,
                  "Join Type": "Inner",
                  "Startup Cost": 49789.25,
                  "Total Cost": 81968.46,
                  "Plan Rows": 158830,
                  "Plan Width": 0,
                  "Actual Startup Time": 322.162,
                  "Actual Total Time": 423.98,
                  "Actual Rows": 62940,
                  "Actual Loops": 4,
                  "Inner Unique": true,
                  "Hash Cond": "(mc.movie_id = t.id)",
                  "Plans": [
                    {
                      "Node Type": "Seq Scan",
                      "Parent Relationship": "Outer",
                      "Parallel Aware": true,
                      "Relation Name": "movie_companies",
                      "Alias": "mc",
                      "Startup Cost": 0.0,
                      "Total Cost": 31414.82,
                      "Plan Rows": 291197,
                      "Plan Width": 4,
                      "Actual Startup Time": 36.208,
                      "Actual Total Time": 76.981,
                      "Actual Rows": 146943,
                      "Actual Loops": 4,
                      "Filter": "((company_id < 27052) AND (company_type_id > 1))",
                      "Rows Removed by Filter": 505339
                    },
                    {
                      "Node Type": "Hash",
                      "Parent Relationship": "Inner",
                      "Parallel Aware": true,
                      "Startup Cost": 45479.59,
                      "Total Cost": 45479.59,
                      "Plan Rows": 344773,
                      "Plan Width": 4,
                      "Actual Startup Time": 277.935,
                      "Actual Total Time": 277.936,
                      "Actual Rows": 373234,
                      "Actual Loops": 4,
                      "Hash Buckets": 2097152,
                      "Original Hash Buckets": 2097152,
                      "Hash Batches": 1,
                      "Original Hash Batches": 1,
                      "Peak Memory Usage": 74848,
                      "Plans": [
                        {
                          "Node Type": "Seq Scan",
                          "Parent Relationship": "Outer",
                          "Parallel Aware": true,
                          "Relation Name": "title",
                          "Alias": "t",
                          "Startup Cost": 0.0,
                          "Total Cost": 45479.59,
                          "Plan Rows": 344773,
                          "Plan Width": 4,
                          "Actual Startup Time": 0.051,
                          "Actual Total Time": 127.412,
                          "Actual Rows": 373234,
                          "Actual Loops": 4,
                          "Filter": "((kind_id > 1) AND (production_year > 1985))",
                          "Rows Removed by Filter": 258844
                        }
                      ]
                    }
                  ]
                }
              ]
            }
          ]
        }
      ]
    },
    "Planning Time": 0.631,
    "Triggers": [],
    "Execution Time": 468.085
  }
]