{
  "Plan": {
    "Node Type": "Aggregate",
    "Strategy": "Plain",
    "Partial Mode": "Finalize",
    "Parallel Aware": false,
    "Startup Cost": 585871.34,
    "Total Cost": 585871.35,
    "Plan Rows": 1,
    "Plan Width": 8,
    "Actual Startup Time": 3848.387,
    "Actual Total Time": 3883.894,
    "Actual Rows": 1,
    "Actual Loops": 1,
    "Plans": [
      {
        "Node Type": "Gather",
        "Parent Relationship": "Outer",
        "Parallel Aware": false,
        "Startup Cost": 585871.23,
        "Total Cost": 585871.34,
        "Plan Rows": 1,
        "Plan Width": 8,
        "Actual Startup Time": 3840.176,
        "Actual Total Time": 3883.884,
        "Actual Rows": 2,
        "Actual Loops": 1,
        "Workers Planned": 1,
        "Workers Launched": 1,
        "Single Copy": false,
        "Plans": [
          {
            "Node Type": "Aggregate",
            "Strategy": "Plain",
            "Partial Mode": "Partial",
            "Parent Relationship": "Outer",
            "Parallel Aware": false,
            "Startup Cost": 584871.23,
            "Total Cost": 584871.24,
            "Plan Rows": 1,
            "Plan Width": 8,
            "Actual Startup Time": 3828.007,
            "Actual Total Time": 3829.616,
            "Actual Rows": 1,
            "Actual Loops": 2,
            "Plans": [
              {
                "Node Type": "Hash Join",
                "Parent Relationship": "Outer",
                "Parallel Aware": true,
                "Join Type": "Inner",
                "Startup Cost": 253393.08,
                "Total Cost": 577777.84,
                "Plan Rows": 2837356,
                "Plan Width": 0,
                "Actual Startup Time": 1845.18,
                "Actual Total Time": 3597.34,
                "Actual Rows": 5568386,
                "Actual Loops": 2,
                "Inner Unique": false,
                "Hash Cond": "(ci.movie_id = t.id)",
                "Plans": [
                  {
                    "Node Type": "Bitmap Heap Scan",
                    "Parent Relationship": "Outer",
                    "Parallel Aware": true,
                    "Relation Name": "cast_info",
                    "Alias": "ci",
                    "Startup Cost": 127102.9,
                    "Total Cost": 422103.31,
                    "Plan Rows": 3385073,
                    "Plan Width": 4,
                    "Actual Startup Time": 334.138,
                    "Actual Total Time": 631.298,
                    "Actual Rows": 2949430,
                    "Actual Loops": 2,
                    "Recheck Cond": "(person_id < 571186)",
                    "Rows Removed by Index Recheck": 0,
                    "Exact Heap Blocks": 31431,
                    "Lossy Heap Blocks": 0,
                    "Plans": [
                      {
                        "Node Type": "Bitmap Index Scan",
                        "Parent Relationship": "Outer",
                        "Parallel Aware": false,
                        "Index Name": "person_id_cast_info",
                        "Startup Cost": 0.0,
                        "Total Cost": 125664.24,
                        "Plan Rows": 5754624,
                        "Plan Width": 0,
                        "Actual Startup Time": 317.364,
                        "Actual Total Time": 317.365,
                        "Actual Rows": 5898860,
                        "Actual Loops": 1,
                        "Index Cond": "(person_id < 571186)"
                      }
                    ]
                  },
                  {
                    "Node Type": "Hash",
                    "Parent Relationship": "Inner",
                    "Parallel Aware": true,
                    "Startup Cost": 110707.78,
                    "Total Cost": 110707.78,
                    "Plan Rows": 1246592,
                    "Plan Width": 8,
                    "Actual Startup Time": 1489.523,
                    "Actual Total Time": 1491.13,
                    "Actual Rows": 1055556,
                    "Actual Loops": 2,
                    "Hash Buckets": 4194304,
                    "Original Hash Buckets": 4194304,
                    "Hash Batches": 1,
                    "Original Hash Batches": 1,
                    "Peak Memory Usage": 115360,
                    "Plans": [
                      {
                        "Node Type": "Hash Join",
                        "Parent Relationship": "Outer",
                        "Parallel Aware": true,
                        "Join Type": "Inner",
                        "Startup Cost": 69460.7,
                        "Total Cost": 110707.78,
                        "Plan Rows": 1246592,
                        "Plan Width": 8,
                        "Actual Startup Time": 600.155,
                        "Actual Total Time": 1168.972,
                        "Actual Rows": 1055556,
                        "Actual Loops": 2,
                        "Inner Unique": true,
                        "Hash Cond": "(mc.movie_id = t.id)",
                        "Plans": [
                          {
                            "Node Type": "Seq Scan",
                            "Parent Relationship": "Outer",
                            "Parallel Aware": true,
                            "Relation Name": "movie_companies",
                            "Alias": "mc",
                            "Startup Cost": 0.0,
                            "Total Cost": 37974.77,
                            "Plan Rows": 1246592,
                            "Plan Width": 4,
                            "Actual Startup Time": 0.022,
                            "Actual Total Time": 168.03,
                            "Actual Rows": 1055556,
                            "Actual Loops": 2,
                            "Filter": "(company_id < 74343)",
                            "Rows Removed by Filter": 249008
                          },
                          {
                            "Node Type": "Hash",
                            "Parent Relationship": "Inner",
                            "Parallel Aware": true,
                            "Startup Cost": 50870.31,
                            "Total Cost": 50870.31,
                            "Plan Rows": 1487231,
                            "Plan Width": 4,
                            "Actual Startup Time": 587.77,
                            "Actual Total Time": 587.771,
                            "Actual Rows": 1264156,
                            "Actual Loops": 2,
                            "Hash Buckets": 4194304,
                            "Original Hash Buckets": 4194304,
                            "Hash Batches": 1,
                            "Original Hash Batches": 1,
                            "Peak Memory Usage": 131712,
                            "Plans": [
                              {
                                "Node Type": "Seq Scan",
                                "Parent Relationship": "Outer",
                                "Parallel Aware": true,
                                "Relation Name": "title",
                                "Alias": "t",
                                "Startup Cost": 0.0,
                                "Total Cost": 50870.31,
                                "Plan Rows": 1487231,
                                "Plan Width": 4,
                                "Actual Startup Time": 0.037,
                                "Actual Total Time": 176.806,
                                "Actual Rows": 1264156,
                                "Actual Loops": 2
                              }
                            ]
                          }
                        ]
                      }
                    ]
                  }
                ]
              }
            ]
          }
        ]
      }
    ]
  },
  "Planning Time": 0.965,
  "Triggers": [],
  "Execution Time": 3884.004
}