[
  {
    "Plan": {
      "Node Type": "Aggregate",
      "Strategy": "Plain",
      "Partial Mode": "Finalize",
      "Parallel Aware": false,
      "Startup Cost": 462814.81,
      "Total Cost": 462814.82,
      "Plan Rows": 1,
      "Plan Width": 8,
      "Actual Startup Time": 2228.714,
      "Actual Total Time": 2294.281,
      "Actual Rows": 1,
      "Actual Loops": 1,
      "Plans": [
        {
          "Node Type": "Gather",
          "Parent Relationship": "Outer",
          "Parallel Aware": false,
          "Startup Cost": 462814.18,
          "Total Cost": 462814.79,
          "Plan Rows": 6,
          "Plan Width": 8,
          "Actual Startup Time": 2219.473,
          "Actual Total Time": 2294.233,
          "Actual Rows": 7,
          "Actual Loops": 1,
          "Workers Planned": 6,
          "Workers Launched": 6,
          "Single Copy": false,
          "Plans": [
            {
              "Node Type": "Aggregate",
              "Strategy": "Plain",
              "Partial Mode": "Partial",
              "Parent Relationship": "Outer",
              "Parallel Aware": false,
              "Startup Cost": 461814.18,
              "Total Cost": 461814.19,
              "Plan Rows": 1,
              "Plan Width": 8,
              "Actual Startup Time": 2209.025,
              "Actual Total Time": 2209.228,
              "Actual Rows": 1,
              "Actual Loops": 7,
              "Plans": [
                {
                  "Node Type": "Hash Join",
                  "Parent Relationship": "Outer",
                  "Parallel Aware": true,
                  "Join Type": "Inner",
                  "Startup Cost": 102087.35,
                  "Total Cost": 451351.45,
                  "Plan Rows": 4185092,
                  "Plan Width": 0,
                  "Actual Startup Time": 389.756,
                  "Actual Total Time": 2081.182,
                  "Actual Rows": 2477905,
                  "Actual Loops": 7,
                  "Inner Unique": false,
                  "Hash Cond": "(ci.movie_id = t.id)",
                  "Plans": [
                    {
                      "Node Type": "Seq Scan",
                      "Parent Relationship": "Outer",
                      "Parallel Aware": true,
                      "Relation Name": "cast_info",
                      "Alias": "ci",
                      "Startup Cost": 0.0,
                      "Total Cost": 313106.51,
                      "Plan Rows": 6041951,
                      "Plan Width": 4,
                      "Actual Startup Time": 0.015,
                      "Actual Total Time": 613.762,
                      "Actual Rows": 5177763,
                      "Actual Loops": 7
                    },
                    {
                      "Node Type": "Hash",
                      "Parent Relationship": "Inner",
                      "Parallel Aware": true,
                      "Startup Cost": 95025.38,
                      "Total Cost": 95025.38,
                      "Plan Rows": 564957,
                      "Plan Width": 8,
                      "Actual Startup Time": 386.169,
                      "Actual Total Time": 386.37,
                      "Actual Rows": 64205,
                      "Actual Loops": 7,
                      "Hash Buckets": 2097152,
                      "Original Hash Buckets": 2097152,
                      "Hash Batches": 1,
                      "Original Hash Batches": 1,
                      "Peak Memory Usage": 34080,
                      "Plans": [
                        {
                          "Node Type": "Hash Join",
                          "Parent Relationship": "Outer",
                          "Parallel Aware": true,
                          "Join Type": "Inner",
                          "Startup Cost": 48789.34,
                          "Total Cost": 95025.38,
                          "Plan Rows": 564957,
                          "Plan Width": 8,
                          "Actual Startup Time": 193.047,
                          "Actual Total Time": 354.29,
                          "Actual Rows": 64205,
                          "Actual Loops": 7,
                          "Inner Unique": true,
                          "Hash Cond": "(mk.movie_id = t.id)",
                          "Plans": [
                            {
                              "Node Type": "Seq Scan",
                              "Parent Relationship": "Outer",
                              "Parallel Aware": true,
                              "Relation Name": "movie_keyword",
                              "Alias": "mk",
                              "Startup Cost": 0.0,
                              "Total Cost": 42695.65,
                              "Plan Rows": 1348717,
                              "Plan Width": 4,
                              "Actual Startup Time": 0.036,
                              "Actual Total Time": 88.218,
                              "Actual Rows": 597322,
                              "Actual Loops": 7,
                              "Filter": "(keyword_id < 48505)",
                              "Rows Removed by Filter": 48954
                            },
                            {
                              "Node Type": "Hash",
                              "Parent Relationship": "Inner",
                              "Parallel Aware": true,
                              "Startup Cost": 45479.59,
                              "Total Cost": 45479.59,
                              "Plan Rows": 264780,
                              "Plan Width": 4,
                              "Actual Startup Time": 190.325,
                              "Actual Total Time": 190.327,
                              "Actual Rows": 164135,
                              "Actual Loops": 7,
                              "Hash Buckets": 2097152,
                              "Original Hash Buckets": 2097152,
                              "Hash Batches": 1,
                              "Original Hash Batches": 1,
                              "Peak Memory Usage": 61440,
                              "Plans": [
                                {
                                  "Node Type": "Seq Scan",
                                  "Parent Relationship": "Outer",
                                  "Parallel Aware": true,
                                  "Relation Name": "title",
                                  "Alias": "t",
                                  "Startup Cost": 0.0,
                                  "Total Cost": 45479.59,
                                  "Plan Rows": 264780,
                                  "Plan Width": 4,
                                  "Actual Startup Time": 0.081,
                                  "Actual Total Time": 89.915,
                                  "Actual Rows": 164135,
                                  "Actual Loops": 7,
                                  "Filter": "((production_year > 1991) AND (kind_id = 7))",
                                  "Rows Removed by Filter": 197052
                                }
                              ]
                            }
                          ]
                        }
                      ]
                    }
                  ]
                }
              ]
            }
          ]
        }
      ]
    },
    "Planning Time": 0.61,
    "Triggers": [],
    "Execution Time": 2294.349
  }
]