[
  {
    "Plan": {
      "Node Type": "Aggregate",
      "Strategy": "Plain",
      "Partial Mode": "Finalize",
      "Parallel Aware": false,
      "Startup Cost": 345647.89,
      "Total Cost": 345647.9,
      "Plan Rows": 1,
      "Plan Width": 8,
      "Actual Startup Time": 450.801,
      "Actual Total Time": 485.43,
      "Actual Rows": 1,
      "Actual Loops": 1,
      "Plans": [
        {
          "Node Type": "Gather",
          "Parent Relationship": "Outer",
          "Parallel Aware": false,
          "Startup Cost": 345647.27,
          "Total Cost": 345647.88,
          "Plan Rows": 6,
          "Plan Width": 8,
          "Actual Startup Time": 450.507,
          "Actual Total Time": 485.418,
          "Actual Rows": 7,
          "Actual Loops": 1,
          "Workers Planned": 6,
          "Workers Launched": 6,
          "Single Copy": false,
          "Plans": [
            {
              "Node Type": "Aggregate",
              "Strategy": "Plain",
              "Partial Mode": "Partial",
              "Parent Relationship": "Outer",
              "Parallel Aware": false,
              "Startup Cost": 344647.27,
              "Total Cost": 344647.28,
              "Plan Rows": 1,
              "Plan Width": 8,
              "Actual Startup Time": 442.669,
              "Actual Total Time": 442.67,
              "Actual Rows": 1,
              "Actual Loops": 7,
              "Plans": [
                {
                  "Node Type": "Index Scan",
                  "Parent Relationship": "Outer",
                  "Parallel Aware": true,
                  "Scan Direction": "Forward",
                  "Index Name": "role_id_cast_info",
                  "Relation Name": "cast_info",
                  "Alias": "ci",
                  "Startup Cost": 0.56,
                  "Total Cost": 341155.22,
                  "Plan Rows": 1396820,
                  "Plan Width": 0,
                  "Actual Startup Time": 290.372,
                  "Actual Total Time": 414.193,
                  "Actual Rows": 525181,
                  "Actual Loops": 7,
                  "Index Cond": "(role_id = 1)",
                  "Rows Removed by Index Recheck": 0,
                  "Filter": "(person_id > 1227365)",
                  "Rows Removed by Filter": 1284917
                }
              ]
            }
          ]
        }
      ]
    },
    "Planning Time": 0.121,
    "Triggers": [],
    "Execution Time": 485.471
  }
]