[
  {
    "Plan": {
      "Node Type": "Aggregate",
      "Strategy": "Plain",
      "Partial Mode": "Finalize",
      "Parallel Aware": false,
      "Startup Cost": 321923.87,
      "Total Cost": 321923.88,
      "Plan Rows": 1,
      "Plan Width": 8,
      "Actual Startup Time": 254.871,
      "Actual Total Time": 301.872,
      "Actual Rows": 1,
      "Actual Loops": 1,
      "Plans": [
        {
          "Node Type": "Gather",
          "Parent Relationship": "Outer",
          "Parallel Aware": false,
          "Startup Cost": 321923.45,
          "Total Cost": 321923.86,
          "Plan Rows": 4,
          "Plan Width": 8,
          "Actual Startup Time": 254.753,
          "Actual Total Time": 301.864,
          "Actual Rows": 5,
          "Actual Loops": 1,
          "Workers Planned": 4,
          "Workers Launched": 4,
          "Single Copy": false,
          "Plans": [
            {
              "Node Type": "Aggregate",
              "Strategy": "Plain",
              "Partial Mode": "Partial",
              "Parent Relationship": "Outer",
              "Parallel Aware": false,
              "Startup Cost": 320923.45,
              "Total Cost": 320923.46,
              "Plan Rows": 1,
              "Plan Width": 8,
              "Actual Startup Time": 244.753,
              "Actual Total Time": 244.754,
              "Actual Rows": 1,
              "Actual Loops": 5,
              "Plans": [
                {
                  "Node Type": "Nested Loop",
                  "Parent Relationship": "Outer",
                  "Parallel Aware": false,
                  "Join Type": "Inner",
                  "Startup Cost": 0.56,
                  "Total Cost": 320869.31,
                  "Plan Rows": 21655,
                  "Plan Width": 0,
                  "Actual Startup Time": 58.419,
                  "Actual Total Time": 243.467,
                  "Actual Rows": 13323,
                  "Actual Loops": 5,
                  "Inner Unique": false,
                  "Plans": [
                    {
                      "Node Type": "Seq Scan",
                      "Parent Relationship": "Outer",
                      "Parallel Aware": true,
                      "Relation Name": "title",
                      "Alias": "t",
                      "Startup Cost": 0.0,
                      "Total Cost": 45479.1,
                      "Plan Rows": 4388,
                      "Plan Width": 4,
                      "Actual Startup Time": 58.329,
                      "Actual Total Time": 83.674,
                      "Actual Rows": 2156,
                      "Actual Loops": 5,
                      "Filter": "((kind_id < 2) AND (production_year = 2003))",
                      "Rows Removed by Filter": 503506
                    },
                    {
                      "Node Type": "Index Scan",
                      "Parent Relationship": "Inner",
                      "Parallel Aware": false,
                      "Scan Direction": "Forward",
                      "Index Name": "movie_id_cast_info",
                      "Relation Name": "cast_info",
                      "Alias": "ci",
                      "Startup Cost": 0.56,
                      "Total Cost": 62.63,
                      "Plan Rows": 13,
                      "Plan Width": 4,
                      "Actual Startup Time": 0.014,
                      "Actual Total Time": 0.073,
                      "Actual Rows": 6,
                      "Actual Loops": 10782,
                      "Index Cond": "(movie_id = t.id)",
                      "Rows Removed by Index Recheck": 0,
                      "Filter": "(role_id < 2)",
                      "Rows Removed by Filter": 13
                    }
                  ]
                }
              ]
            }
          ]
        }
      ]
    },
    "Planning Time": 0.576,
    "Triggers": [],
    "Execution Time": 301.959
  }
]