{
  "Plan": {
    "Node Type": "Aggregate",
    "Strategy": "Plain",
    "Partial Mode": "Finalize",
    "Parallel Aware": false,
    "Startup Cost": 1411605.36,
    "Total Cost": 1411605.37,
    "Plan Rows": 1,
    "Plan Width": 8,
    "Actual Startup Time": 4284.74,
    "Actual Total Time": 4319.408,
    "Actual Rows": 1,
    "Actual Loops": 1,
    "Plans": [
      {
        "Node Type": "Gather",
        "Parent Relationship": "Outer",
        "Parallel Aware": false,
        "Startup Cost": 1411605.25,
        "Total Cost": 1411605.36,
        "Plan Rows": 1,
        "Plan Width": 8,
        "Actual Startup Time": 4282.479,
        "Actual Total Time": 4319.399,
        "Actual Rows": 2,
        "Actual Loops": 1,
        "Workers Planned": 1,
        "Workers Launched": 1,
        "Single Copy": false,
        "Plans": [
          {
            "Node Type": "Aggregate",
            "Strategy": "Plain",
            "Partial Mode": "Partial",
            "Parent Relationship": "Outer",
            "Parallel Aware": false,
            "Startup Cost": 1410605.25,
            "Total Cost": 1410605.26,
            "Plan Rows": 1,
            "Plan Width": 8,
            "Actual Startup Time": 4277.278,
            "Actual Total Time": 4277.281,
            "Actual Rows": 1,
            "Actual Loops": 2,
            "Plans": [
              {
                "Node Type": "Merge Join",
                "Parent Relationship": "Outer",
                "Parallel Aware": false,
                "Join Type": "Inner",
                "Startup Cost": 9.81,
                "Total Cost": 1398594.49,
                "Plan Rows": 4804303,
                "Plan Width": 0,
                "Actual Startup Time": 6.457,
                "Actual Total Time": 4154.306,
                "Actual Rows": 2922462,
                "Actual Loops": 2,
                "Inner Unique": false,
                "Merge Cond": "(mi.movie_id = t.id)",
                "Plans": [
                  {
                    "Node Type": "Index Only Scan",
                    "Parent Relationship": "Outer",
                    "Parallel Aware": true,
                    "Scan Direction": "Forward",
                    "Index Name": "movie_id_movie_info",
                    "Relation Name": "movie_info",
                    "Alias": "mi",
                    "Startup Cost": 0.43,
                    "Total Cost": 1018223.42,
                    "Plan Rows": 8696274,
                    "Plan Width": 4,
                    "Actual Startup Time": 0.118,
                    "Actual Total Time": 865.397,
                    "Actual Rows": 2366103,
                    "Actual Loops": 2,
                    "Heap Fetches": 4732206
                  },
                  {
                    "Node Type": "Materialize",
                    "Parent Relationship": "Inner",
                    "Parallel Aware": false,
                    "Startup Cost": 3.38,
                    "Total Cost": 290279.23,
                    "Plan Rows": 1396769,
                    "Plan Width": 8,
                    "Actual Startup Time": 0.855,
                    "Actual Total Time": 2857.742,
                    "Actual Rows": 3245196,
                    "Actual Loops": 2,
                    "Plans": [
                      {
                        "Node Type": "Merge Join",
                        "Parent Relationship": "Outer",
                        "Parallel Aware": false,
                        "Join Type": "Inner",
                        "Startup Cost": 3.38,
                        "Total Cost": 286787.31,
                        "Plan Rows": 1396769,
                        "Plan Width": 8,
                        "Actual Startup Time": 0.846,
                        "Actual Total Time": 2667.955,
                        "Actual Rows": 645461,
                        "Actual Loops": 2,
                        "Inner Unique": true,
                        "Merge Cond": "(mc.movie_id = t.id)",
                        "Plans": [
                          {
                            "Node Type": "Index Only Scan",
                            "Parent Relationship": "Outer",
                            "Parallel Aware": false,
                            "Scan Direction": "Forward",
                            "Index Name": "movie_id_movie_companies",
                            "Relation Name": "movie_companies",
                            "Alias": "mc",
                            "Startup Cost": 0.43,
                            "Total Cost": 140059.44,
                            "Plan Rows": 2609129,
                            "Plan Width": 4,
                            "Actual Startup Time": 0.145,
                            "Actual Total Time": 749.4,
                            "Actual Rows": 2609129,
                            "Actual Loops": 2,
                            "Heap Fetches": 5218258
                          },
                          {
                            "Node Type": "Index Scan",
                            "Parent Relationship": "Inner",
                            "Parallel Aware": false,
                            "Scan Direction": "Forward",
                            "Index Name": "title_pkey",
                            "Relation Name": "title",
                            "Alias": "t",
                            "Startup Cost": 0.43,
                            "Total Cost": 122981.43,
                            "Plan Rows": 1353494,
                            "Plan Width": 4,
                            "Actual Startup Time": 0.134,
                            "Actual Total Time": 1678.676,
                            "Actual Rows": 1327776,
                            "Actual Loops": 2,
                            "Filter": "((production_year < 2012) AND (kind_id = 7))",
                            "Rows Removed by Filter": 1198046
                          }
                        ]
                      }
                    ]
                  }
                ]
              }
            ]
          }
        ]
      }
    ]
  },
  "Planning Time": 1.026,
  "Triggers": [],
  "Execution Time": 4319.538
}