{
  "Plan": {
    "Node Type": "Aggregate",
    "Strategy": "Plain",
    "Partial Mode": "Finalize",
    "Parallel Aware": false,
    "Startup Cost": 338547.36,
    "Total Cost": 338547.37,
    "Plan Rows": 1,
    "Plan Width": 8,
    "Actual Startup Time": 2535.144,
    "Actual Total Time": 2585.061,
    "Actual Rows": 1,
    "Actual Loops": 1,
    "Plans": [
      {
        "Node Type": "Gather",
        "Parent Relationship": "Outer",
        "Parallel Aware": false,
        "Startup Cost": 338547.25,
        "Total Cost": 338547.36,
        "Plan Rows": 1,
        "Plan Width": 8,
        "Actual Startup Time": 2533.544,
        "Actual Total Time": 2585.053,
        "Actual Rows": 2,
        "Actual Loops": 1,
        "Workers Planned": 1,
        "Workers Launched": 1,
        "Single Copy": false,
        "Plans": [
          {
            "Node Type": "Aggregate",
            "Strategy": "Plain",
            "Partial Mode": "Partial",
            "Parent Relationship": "Outer",
            "Parallel Aware": false,
            "Startup Cost": 337547.25,
            "Total Cost": 337547.26,
            "Plan Rows": 1,
            "Plan Width": 8,
            "Actual Startup Time": 2527.813,
            "Actual Total Time": 2527.816,
            "Actual Rows": 1,
            "Actual Loops": 2,
            "Plans": [
              {
                "Node Type": "Hash Join",
                "Parent Relationship": "Outer",
                "Parallel Aware": true,
                "Join Type": "Inner",
                "Startup Cost": 59739.61,
                "Total Cost": 331523.1,
                "Plan Rows": 2409658,
                "Plan Width": 0,
                "Actual Startup Time": 252.704,
                "Actual Total Time": 2404.223,
                "Actual Rows": 2843345,
                "Actual Loops": 2,
                "Inner Unique": true,
                "Hash Cond": "(mi.movie_id = t.id)",
                "Plans": [
                  {
                    "Node Type": "Seq Scan",
                    "Parent Relationship": "Outer",
                    "Parallel Aware": true,
                    "Relation Name": "movie_info",
                    "Alias": "mi",
                    "Startup Cost": 0.0,
                    "Total Cost": 248955.74,
                    "Plan Rows": 8696274,
                    "Plan Width": 4,
                    "Actual Startup Time": 0.009,
                    "Actual Total Time": 668.365,
                    "Actual Rows": 7417860,
                    "Actual Loops": 2
                  },
                  {
                    "Node Type": "Hash",
                    "Parent Relationship": "Inner",
                    "Parallel Aware": true,
                    "Startup Cost": 54588.39,
                    "Total Cost": 54588.39,
                    "Plan Rows": 412098,
                    "Plan Width": 4,
                    "Actual Startup Time": 243.177,
                    "Actual Total Time": 243.178,
                    "Actual Rows": 353593,
                    "Actual Loops": 2,
                    "Hash Buckets": 1048576,
                    "Original Hash Buckets": 1048576,
                    "Hash Batches": 1,
                    "Original Hash Batches": 1,
                    "Peak Memory Usage": 35904,
                    "Plans": [
                      {
                        "Node Type": "Seq Scan",
                        "Parent Relationship": "Outer",
                        "Parallel Aware": true,
                        "Relation Name": "title",
                        "Alias": "t",
                        "Startup Cost": 0.0,
                        "Total Cost": 54588.39,
                        "Plan Rows": 412098,
                        "Plan Width": 4,
                        "Actual Startup Time": 0.041,
                        "Actual Total Time": 151.584,
                        "Actual Rows": 353593,
                        "Actual Loops": 2,
                        "Filter": "(production_year < 1991)",
                        "Rows Removed by Filter": 910563
                      }
                    ]
                  }
                ]
              }
            ]
          }
        ]
      }
    ]
  },
  "Planning Time": 0.561,
  "Triggers": [],
  "Execution Time": 2585.136
}