[
  {
    "Plan": {
      "Node Type": "Aggregate",
      "Strategy": "Plain",
      "Partial Mode": "Finalize",
      "Parallel Aware": false,
      "Startup Cost": 44401.82,
      "Total Cost": 44401.83,
      "Plan Rows": 1,
      "Plan Width": 8,
      "Actual Startup Time": 124.159,
      "Actual Total Time": 133.961,
      "Actual Rows": 1,
      "Actual Loops": 1,
      "Plans": [
        {
          "Node Type": "Gather",
          "Parent Relationship": "Outer",
          "Parallel Aware": false,
          "Startup Cost": 44401.5,
          "Total Cost": 44401.81,
          "Plan Rows": 3,
          "Plan Width": 8,
          "Actual Startup Time": 124.027,
          "Actual Total Time": 133.952,
          "Actual Rows": 4,
          "Actual Loops": 1,
          "Workers Planned": 3,
          "Workers Launched": 3,
          "Single Copy": false,
          "Plans": [
            {
              "Node Type": "Aggregate",
              "Strategy": "Plain",
              "Partial Mode": "Partial",
              "Parent Relationship": "Outer",
              "Parallel Aware": false,
              "Startup Cost": 43401.5,
              "Total Cost": 43401.51,
              "Plan Rows": 1,
              "Plan Width": 8,
              "Actual Startup Time": 115.584,
              "Actual Total Time": 115.585,
              "Actual Rows": 1,
              "Actual Loops": 4,
              "Plans": [
                {
                  "Node Type": "Seq Scan",
                  "Parent Relationship": "Outer",
                  "Parallel Aware": true,
                  "Relation Name": "movie_keyword",
                  "Alias": "mk",
                  "Startup Cost": 0.0,
                  "Total Cost": 42695.65,
                  "Plan Rows": 282339,
                  "Plan Width": 0,
                  "Actual Startup Time": 4.625,
                  "Actual Total Time": 104.418,
                  "Actual Rows": 218351,
                  "Actual Loops": 4,
                  "Filter": "(keyword_id > 21144)",
                  "Rows Removed by Filter": 912632
                }
              ]
            }
          ]
        }
      ]
    },
    "Planning Time": 0.157,
    "Triggers": [],
    "Execution Time": 134.011
  }
]