{
  "Plan": {
    "Node Type": "Aggregate",
    "Strategy": "Plain",
    "Partial Mode": "Finalize",
    "Parallel Aware": false,
    "Startup Cost": 567518.17,
    "Total Cost": 567518.18,
    "Plan Rows": 1,
    "Plan Width": 8,
    "Actual Startup Time": 1676.611,
    "Actual Total Time": 1710.98,
    "Actual Rows": 1,
    "Actual Loops": 1,
    "Plans": [
      {
        "Node Type": "Gather",
        "Parent Relationship": "Outer",
        "Parallel Aware": false,
        "Startup Cost": 567518.06,
        "Total Cost": 567518.17,
        "Plan Rows": 1,
        "Plan Width": 8,
        "Actual Startup Time": 1675.783,
        "Actual Total Time": 1710.968,
        "Actual Rows": 2,
        "Actual Loops": 1,
        "Workers Planned": 1,
        "Workers Launched": 1,
        "Single Copy": false,
        "Plans": [
          {
            "Node Type": "Aggregate",
            "Strategy": "Plain",
            "Partial Mode": "Partial",
            "Parent Relationship": "Outer",
            "Parallel Aware": false,
            "Startup Cost": 566518.06,
            "Total Cost": 566518.07,
            "Plan Rows": 1,
            "Plan Width": 8,
            "Actual Startup Time": 1669.721,
            "Actual Total Time": 1669.726,
            "Actual Rows": 1,
            "Actual Loops": 2,
            "Plans": [
              {
                "Node Type": "Hash Join",
                "Parent Relationship": "Outer",
                "Parallel Aware": true,
                "Join Type": "Inner",
                "Startup Cost": 239195.9,
                "Total Cost": 565819.43,
                "Plan Rows": 279451,
                "Plan Width": 0,
                "Actual Startup Time": 665.526,
                "Actual Total Time": 1659.362,
                "Actual Rows": 233208,
                "Actual Loops": 2,
                "Inner Unique": true,
                "Hash Cond": "(ci.movie_id = t.id)",
                "Plans": [
                  {
                    "Node Type": "Bitmap Heap Scan",
                    "Parent Relationship": "Outer",
                    "Parallel Aware": true,
                    "Relation Name": "cast_info",
                    "Alias": "ci",
                    "Startup Cost": 183544.76,
                    "Total Cost": 497336.31,
                    "Plan Rows": 4888364,
                    "Plan Width": 4,
                    "Actual Startup Time": 500.576,
                    "Actual Total Time": 960.492,
                    "Actual Rows": 4227876,
                    "Actual Loops": 2,
                    "Recheck Cond": "(person_id < 829467)",
                    "Rows Removed by Index Recheck": 0,
                    "Exact Heap Blocks": 48518,
                    "Lossy Heap Blocks": 0,
                    "Plans": [
                      {
                        "Node Type": "Bitmap Index Scan",
                        "Parent Relationship": "Outer",
                        "Parallel Aware": false,
                        "Index Name": "person_id_cast_info",
                        "Startup Cost": 0.0,
                        "Total Cost": 181467.21,
                        "Plan Rows": 8310219,
                        "Plan Width": 0,
                        "Actual Startup Time": 485.063,
                        "Actual Total Time": 485.063,
                        "Actual Rows": 8455752,
                        "Actual Loops": 1,
                        "Index Cond": "(person_id < 829467)"
                      }
                    ]
                  },
                  {
                    "Node Type": "Hash",
                    "Parent Relationship": "Inner",
                    "Parallel Aware": true,
                    "Startup Cost": 54588.39,
                    "Total Cost": 54588.39,
                    "Plan Rows": 85020,
                    "Plan Width": 4,
                    "Actual Startup Time": 161.87,
                    "Actual Total Time": 161.87,
                    "Actual Rows": 70852,
                    "Actual Loops": 2,
                    "Hash Buckets": 262144,
                    "Original Hash Buckets": 262144,
                    "Hash Batches": 1,
                    "Original Hash Batches": 1,
                    "Peak Memory Usage": 7616,
                    "Plans": [
                      {
                        "Node Type": "Seq Scan",
                        "Parent Relationship": "Outer",
                        "Parallel Aware": true,
                        "Relation Name": "title",
                        "Alias": "t",
                        "Startup Cost": 0.0,
                        "Total Cost": 54588.39,
                        "Plan Rows": 85020,
                        "Plan Width": 4,
                        "Actual Startup Time": 0.032,
                        "Actual Total Time": 141.775,
                        "Actual Rows": 70852,
                        "Actual Loops": 2,
                        "Filter": "(production_year = 2010)",
                        "Rows Removed by Filter": 1193304
                      }
                    ]
                  }
                ]
              }
            ]
          }
        ]
      }
    ]
  },
  "Planning Time": 0.594,
  "Triggers": [],
  "Execution Time": 1711.089
}