[
  {
    "Plan": {
      "Node Type": "Aggregate",
      "Strategy": "Plain",
      "Partial Mode": "Finalize",
      "Parallel Aware": false,
      "Startup Cost": 236231.9,
      "Total Cost": 236231.91,
      "Plan Rows": 1,
      "Plan Width": 8,
      "Actual Startup Time": 423.454,
      "Actual Total Time": 478.115,
      "Actual Rows": 1,
      "Actual Loops": 1,
      "Plans": [
        {
          "Node Type": "Gather",
          "Parent Relationship": "Outer",
          "Parallel Aware": false,
          "Startup Cost": 236231.38,
          "Total Cost": 236231.89,
          "Plan Rows": 5,
          "Plan Width": 8,
          "Actual Startup Time": 422.524,
          "Actual Total Time": 478.105,
          "Actual Rows": 6,
          "Actual Loops": 1,
          "Workers Planned": 5,
          "Workers Launched": 5,
          "Single Copy": false,
          "Plans": [
            {
              "Node Type": "Aggregate",
              "Strategy": "Plain",
              "Partial Mode": "Partial",
              "Parent Relationship": "Outer",
              "Parallel Aware": false,
              "Startup Cost": 235231.38,
              "Total Cost": 235231.39,
              "Plan Rows": 1,
              "Plan Width": 8,
              "Actual Startup Time": 414.448,
              "Actual Total Time": 414.452,
              "Actual Rows": 1,
              "Actual Loops": 6,
              "Plans": [
                {
                  "Node Type": "Nested Loop",
                  "Parent Relationship": "Outer",
                  "Parallel Aware": false,
                  "Join Type": "Inner",
                  "Startup Cost": 63926.89,
                  "Total Cost": 235230.74,
                  "Plan Rows": 258,
                  "Plan Width": 0,
                  "Actual Startup Time": 138.444,
                  "Actual Total Time": 414.353,
                  "Actual Rows": 712,
                  "Actual Loops": 6,
                  "Inner Unique": false,
                  "Join Filter": "(t.id = ci.movie_id)",
                  "Rows Removed by Join Filter": 0,
                  "Plans": [
                    {
                      "Node Type": "Hash Join",
                      "Parent Relationship": "Outer",
                      "Parallel Aware": true,
                      "Join Type": "Inner",
                      "Startup Cost": 63926.32,
                      "Total Cost": 228992.67,
                      "Plan Rows": 2172,
                      "Plan Width": 8,
                      "Actual Startup Time": 132.139,
                      "Actual Total Time": 194.188,
                      "Actual Rows": 3356,
                      "Actual Loops": 6,
                      "Inner Unique": true,
                      "Hash Cond": "(mi.movie_id = t.id)",
                      "Plans": [
                        {
                          "Node Type": "Bitmap Heap Scan",
                          "Parent Relationship": "Outer",
                          "Parallel Aware": true,
                          "Relation Name": "movie_info",
                          "Alias": "mi",
                          "Startup Cost": 18362.29,
                          "Total Cost": 182895.24,
                          "Plan Rows": 203196,
                          "Plan Width": 4,
                          "Actual Startup Time": 41.312,
                          "Actual Total Time": 96.344,
                          "Actual Rows": 168862,
                          "Actual Loops": 6,
                          "Recheck Cond": "(info_type_id > 86)",
                          "Rows Removed by Index Recheck": 0,
                          "Exact Heap Blocks": 9655,
                          "Lossy Heap Blocks": 0,
                          "Plans": [
                            {
                              "Node Type": "Bitmap Index Scan",
                              "Parent Relationship": "Outer",
                              "Parallel Aware": false,
                              "Index Name": "info_type_id_movie_info",
                              "Startup Cost": 0.0,
                              "Total Cost": 18108.29,
                              "Plan Rows": 1015981,
                              "Plan Width": 0,
                              "Actual Startup Time": 35.671,
                              "Actual Total Time": 35.671,
                              "Actual Rows": 1013173,
                              "Actual Loops": 1,
                              "Index Cond": "(info_type_id > 86)"
                            }
                          ]
                        },
                        {
                          "Node Type": "Hash",
                          "Parent Relationship": "Inner",
                          "Parallel Aware": true,
                          "Startup Cost": 45479.59,
                          "Total Cost": 45479.59,
                          "Plan Rows": 6756,
                          "Plan Width": 4,
                          "Actual Startup Time": 72.271,
                          "Actual Total Time": 72.272,
                          "Actual Rows": 4514,
                          "Actual Loops": 6,
                          "Hash Buckets": 32768,
                          "Original Hash Buckets": 32768,
                          "Hash Batches": 1,
                          "Original Hash Batches": 1,
                          "Peak Memory Usage": 1408,
                          "Plans": [
                            {
                              "Node Type": "Seq Scan",
                              "Parent Relationship": "Outer",
                              "Parallel Aware": true,
                              "Relation Name": "title",
                              "Alias": "t",
                              "Startup Cost": 0.0,
                              "Total Cost": 45479.59,
                              "Plan Rows": 6756,
                              "Plan Width": 4,
                              "Actual Startup Time": 0.19,
                              "Actual Total Time": 70.225,
                              "Actual Rows": 4514,
                              "Actual Loops": 6,
                              "Filter": "((kind_id < 7) AND (production_year > 2012))",
                              "Rows Removed by Filter": 416871
                            }
                          ]
                        }
                      ]
                    },
                    {
                      "Node Type": "Index Scan",
                      "Parent Relationship": "Inner",
                      "Parallel Aware": false,
                      "Scan Direction": "Forward",
                      "Index Name": "movie_id_cast_info",
                      "Relation Name": "cast_info",
                      "Alias": "ci",
                      "Startup Cost": 0.56,
                      "Total Cost": 2.86,
                      "Plan Rows": 1,
                      "Plan Width": 4,
                      "Actual Startup Time": 0.061,
                      "Actual Total Time": 0.065,
                      "Actual Rows": 0,
                      "Actual Loops": 20135,
                      "Index Cond": "(movie_id = mi.movie_id)",
                      "Rows Removed by Index Recheck": 0,
                      "Filter": "((person_id < 120737) AND (role_id > 4))",
                      "Rows Removed by Filter": 32
                    }
                  ]
                }
              ]
            }
          ]
        }
      ]
    },
    "Planning Time": 0.539,
    "Triggers": [],
    "Execution Time": 478.201
  }
]