[
  {
    "Plan": {
      "Node Type": "Aggregate",
      "Strategy": "Plain",
      "Partial Mode": "Finalize",
      "Parallel Aware": false,
      "Startup Cost": 237587.25,
      "Total Cost": 237587.26,
      "Plan Rows": 1,
      "Plan Width": 8,
      "Actual Startup Time": 460.907,
      "Actual Total Time": 522.207,
      "Actual Rows": 1,
      "Actual Loops": 1,
      "Plans": [
        {
          "Node Type": "Gather",
          "Parent Relationship": "Outer",
          "Parallel Aware": false,
          "Startup Cost": 237586.73,
          "Total Cost": 237587.24,
          "Plan Rows": 5,
          "Plan Width": 8,
          "Actual Startup Time": 459.938,
          "Actual Total Time": 522.196,
          "Actual Rows": 6,
          "Actual Loops": 1,
          "Workers Planned": 5,
          "Workers Launched": 5,
          "Single Copy": false,
          "Plans": [
            {
              "Node Type": "Aggregate",
              "Strategy": "Plain",
              "Partial Mode": "Partial",
              "Parent Relationship": "Outer",
              "Parallel Aware": false,
              "Startup Cost": 236586.73,
              "Total Cost": 236586.74,
              "Plan Rows": 1,
              "Plan Width": 8,
              "Actual Startup Time": 448.855,
              "Actual Total Time": 448.86,
              "Actual Rows": 1,
              "Actual Loops": 6,
              "Plans": [
                {
                  "Node Type": "Nested Loop",
                  "Parent Relationship": "Outer",
                  "Parallel Aware": false,
                  "Join Type": "Inner",
                  "Startup Cost": 64885.04,
                  "Total Cost": 236586.03,
                  "Plan Rows": 278,
                  "Plan Width": 0,
                  "Actual Startup Time": 169.77,
                  "Actual Total Time": 448.764,
                  "Actual Rows": 712,
                  "Actual Loops": 6,
                  "Inner Unique": false,
                  "Join Filter": "(t.id = ci.movie_id)",
                  "Rows Removed by Join Filter": 0,
                  "Plans": [
                    {
                      "Node Type": "Hash Join",
                      "Parent Relationship": "Outer",
                      "Parallel Aware": true,
                      "Join Type": "Inner",
                      "Startup Cost": 64884.47,
                      "Total Cost": 230103.31,
                      "Plan Rows": 2278,
                      "Plan Width": 8,
                      "Actual Startup Time": 161.887,
                      "Actual Total Time": 225.313,
                      "Actual Rows": 3356,
                      "Actual Loops": 6,
                      "Inner Unique": true,
                      "Hash Cond": "(mi.movie_id = t.id)",
                      "Plans": [
                        {
                          "Node Type": "Bitmap Heap Scan",
                          "Parent Relationship": "Outer",
                          "Parallel Aware": true,
                          "Relation Name": "movie_info",
                          "Alias": "mi",
                          "Startup Cost": 19321.0,
                          "Total Cost": 183979.98,
                          "Plan Rows": 213279,
                          "Plan Width": 4,
                          "Actual Startup Time": 60.567,
                          "Actual Total Time": 118.584,
                          "Actual Rows": 168862,
                          "Actual Loops": 6,
                          "Recheck Cond": "(info_type_id > 86)",
                          "Rows Removed by Index Recheck": 0,
                          "Exact Heap Blocks": 11034,
                          "Lossy Heap Blocks": 0,
                          "Plans": [
                            {
                              "Node Type": "Bitmap Index Scan",
                              "Parent Relationship": "Outer",
                              "Parallel Aware": false,
                              "Index Name": "info_type_id_movie_info",
                              "Startup Cost": 0.0,
                              "Total Cost": 19054.4,
                              "Plan Rows": 1066395,
                              "Plan Width": 0,
                              "Actual Startup Time": 54.837,
                              "Actual Total Time": 54.837,
                              "Actual Rows": 1013173,
                              "Actual Loops": 1,
                              "Index Cond": "(info_type_id > 86)"
                            }
                          ]
                        },
                        {
                          "Node Type": "Hash",
                          "Parent Relationship": "Inner",
                          "Parallel Aware": true,
                          "Startup Cost": 45479.1,
                          "Total Cost": 45479.1,
                          "Plan Rows": 6750,
                          "Plan Width": 4,
                          "Actual Startup Time": 79.694,
                          "Actual Total Time": 79.695,
                          "Actual Rows": 4514,
                          "Actual Loops": 6,
                          "Hash Buckets": 32768,
                          "Original Hash Buckets": 32768,
                          "Hash Batches": 1,
                          "Original Hash Batches": 1,
                          "Peak Memory Usage": 1408,
                          "Plans": [
                            {
                              "Node Type": "Seq Scan",
                              "Parent Relationship": "Outer",
                              "Parallel Aware": true,
                              "Relation Name": "title",
                              "Alias": "t",
                              "Startup Cost": 0.0,
                              "Total Cost": 45479.1,
                              "Plan Rows": 6750,
                              "Plan Width": 4,
                              "Actual Startup Time": 0.482,
                              "Actual Total Time": 77.517,
                              "Actual Rows": 4514,
                              "Actual Loops": 6,
                              "Filter": "((kind_id < 7) AND (production_year > 2012))",
                              "Rows Removed by Filter": 416871
                            }
                          ]
                        }
                      ]
                    },
                    {
                      "Node Type": "Index Scan",
                      "Parent Relationship": "Inner",
                      "Parallel Aware": false,
                      "Scan Direction": "Forward",
                      "Index Name": "movie_id_cast_info",
                      "Relation Name": "cast_info",
                      "Alias": "ci",
                      "Startup Cost": 0.56,
                      "Total Cost": 2.83,
                      "Plan Rows": 1,
                      "Plan Width": 4,
                      "Actual Startup Time": 0.062,
                      "Actual Total Time": 0.066,
                      "Actual Rows": 0,
                      "Actual Loops": 20135,
                      "Index Cond": "(movie_id = mi.movie_id)",
                      "Rows Removed by Index Recheck": 0,
                      "Filter": "((person_id < 120737) AND (role_id > 4))",
                      "Rows Removed by Filter": 32
                    }
                  ]
                }
              ]
            }
          ]
        }
      ]
    },
    "Planning Time": 1.359,
    "Triggers": [],
    "Execution Time": 522.34
  }
]