[
  {
    "Plan": {
      "Node Type": "Aggregate",
      "Strategy": "Plain",
      "Partial Mode": "Finalize",
      "Parallel Aware": false,
      "Startup Cost": 350794.9,
      "Total Cost": 350794.91,
      "Plan Rows": 1,
      "Plan Width": 8,
      "Actual Startup Time": 975.305,
      "Actual Total Time": 1023.138,
      "Actual Rows": 1,
      "Actual Loops": 1,
      "Plans": [
        {
          "Node Type": "Gather",
          "Parent Relationship": "Outer",
          "Parallel Aware": false,
          "Startup Cost": 350794.28,
          "Total Cost": 350794.89,
          "Plan Rows": 6,
          "Plan Width": 8,
          "Actual Startup Time": 975.136,
          "Actual Total Time": 1023.125,
          "Actual Rows": 7,
          "Actual Loops": 1,
          "Workers Planned": 6,
          "Workers Launched": 6,
          "Single Copy": false,
          "Plans": [
            {
              "Node Type": "Aggregate",
              "Strategy": "Plain",
              "Partial Mode": "Partial",
              "Parent Relationship": "Outer",
              "Parallel Aware": false,
              "Startup Cost": 349794.28,
              "Total Cost": 349794.29,
              "Plan Rows": 1,
              "Plan Width": 8,
              "Actual Startup Time": 966.431,
              "Actual Total Time": 966.432,
              "Actual Rows": 1,
              "Actual Loops": 7,
              "Plans": [
                {
                  "Node Type": "Seq Scan",
                  "Parent Relationship": "Outer",
                  "Parallel Aware": true,
                  "Relation Name": "cast_info",
                  "Alias": "ci",
                  "Startup Cost": 0.0,
                  "Total Cost": 343316.27,
                  "Plan Rows": 2591203,
                  "Plan Width": 0,
                  "Actual Startup Time": 435.806,
                  "Actual Total Time": 831.757,
                  "Actual Rows": 2258630,
                  "Actual Loops": 7,
                  "Filter": "((person_id > 116238) AND (role_id > 2))",
                  "Rows Removed by Filter": 2919134
                }
              ]
            }
          ]
        }
      ]
    },
    "Planning Time": 0.08,
    "Triggers": [],
    "Execution Time": 1023.177
  }
]