[
  {
    "Plan": {
      "Node Type": "Aggregate",
      "Strategy": "Plain",
      "Partial Mode": "Finalize",
      "Parallel Aware": false,
      "Startup Cost": 205864.88,
      "Total Cost": 205864.89,
      "Plan Rows": 1,
      "Plan Width": 8,
      "Actual Startup Time": 316.38,
      "Actual Total Time": 333.913,
      "Actual Rows": 1,
      "Actual Loops": 1,
      "Plans": [
        {
          "Node Type": "Gather",
          "Parent Relationship": "Outer",
          "Parallel Aware": false,
          "Startup Cost": 205864.26,
          "Total Cost": 205864.87,
          "Plan Rows": 6,
          "Plan Width": 8,
          "Actual Startup Time": 316.228,
          "Actual Total Time": 333.902,
          "Actual Rows": 7,
          "Actual Loops": 1,
          "Workers Planned": 6,
          "Workers Launched": 6,
          "Single Copy": false,
          "Plans": [
            {
              "Node Type": "Aggregate",
              "Strategy": "Plain",
              "Partial Mode": "Partial",
              "Parent Relationship": "Outer",
              "Parallel Aware": false,
              "Startup Cost": 204864.26,
              "Total Cost": 204864.27,
              "Plan Rows": 1,
              "Plan Width": 8,
              "Actual Startup Time": 307.722,
              "Actual Total Time": 307.723,
              "Actual Rows": 1,
              "Actual Loops": 7,
              "Plans": [
                {
                  "Node Type": "Index Scan",
                  "Parent Relationship": "Outer",
                  "Parallel Aware": true,
                  "Scan Direction": "Forward",
                  "Index Name": "role_id_cast_info",
                  "Relation Name": "cast_info",
                  "Alias": "ci",
                  "Startup Cost": 0.56,
                  "Total Cost": 201884.69,
                  "Plan Rows": 1191826,
                  "Plan Width": 0,
                  "Actual Startup Time": 0.147,
                  "Actual Total Time": 255.99,
                  "Actual Rows": 1064535,
                  "Actual Loops": 7,
                  "Index Cond": "(role_id = 2)",
                  "Rows Removed by Index Recheck": 0,
                  "Filter": "(person_id > 179002)",
                  "Rows Removed by Filter": 33
                }
              ]
            }
          ]
        }
      ]
    },
    "Planning Time": 0.133,
    "Triggers": [],
    "Execution Time": 333.953
  }
]