{
    "Plan": {
        "Node Type": "Aggregate",
        "Strategy": "Plain",
        "Partial Mode": "Finalize",
        "Parallel Aware": false,
        "Startup Cost": 78337.89,
        "Total Cost": 78337.9,
        "Plan Rows": 1,
        "Plan Width": 8,
        "Actual Startup Time": 368.778,
        "Actual Total Time": 383.307,
        "Actual Rows": 1,
        "Actual Loops": 1,
        "Output": [
            "count(*)"
        ],
        "Plans": [
            {
                "Node Type": "Gather",
                "Parent Relationship": "Outer",
                "Parallel Aware": false,
                "Startup Cost": 78337.57,
                "Total Cost": 78337.88,
                "Plan Rows": 3,
                "Plan Width": 8,
                "Actual Startup Time": 366.646,
                "Actual Total Time": 383.3,
                "Actual Rows": 4,
                "Actual Loops": 1,
                "Output": [
                    "(PARTIAL count(*))"
                ],
                "Workers Planned": 3,
                "Workers Launched": 3,
                "Single Copy": false,
                "Plans": [
                    {
                        "Node Type": "Aggregate",
                        "Strategy": "Plain",
                        "Partial Mode": "Partial",
                        "Parent Relationship": "Outer",
                        "Parallel Aware": false,
                        "Startup Cost": 77337.57,
                        "Total Cost": 77337.58,
                        "Plan Rows": 1,
                        "Plan Width": 8,
                        "Actual Startup Time": 357.639,
                        "Actual Total Time": 357.642,
                        "Actual Rows": 1,
                        "Actual Loops": 4,
                        "Output": [
                            "PARTIAL count(*)"
                        ],
                        "Workers": [
                            {
                                "Worker Number": 0,
                                "Actual Startup Time": 354.659,
                                "Actual Total Time": 354.661,
                                "Actual Rows": 1,
                                "Actual Loops": 1
                            },
                            {
                                "Worker Number": 1,
                                "Actual Startup Time": 354.65,
                                "Actual Total Time": 354.653,
                                "Actual Rows": 1,
                                "Actual Loops": 1
                            },
                            {
                                "Worker Number": 2,
                                "Actual Startup Time": 355.266,
                                "Actual Total Time": 355.268,
                                "Actual Rows": 1,
                                "Actual Loops": 1
                            }
                        ],
                        "Plans": [
                            {
                                "Node Type": "Hash Join",
                                "Parent Relationship": "Outer",
                                "Parallel Aware": true,
                                "Join Type": "Inner",
                                "Startup Cost": 45464.63,
                                "Total Cost": 76930.79,
                                "Plan Rows": 162713,
                                "Plan Width": 0,
                                "Actual Startup Time": 149.534,
                                "Actual Total Time": 348.812,
                                "Actual Rows": 195820,
                                "Actual Loops": 4,
                                "Inner Unique": true,
                                "Hash Cond": "(mc.movie_id = t.id)",
                                "Workers": [
                                    {
                                        "Worker Number": 0,
                                        "Actual Startup Time": 146.567,
                                        "Actual Total Time": 346.238,
                                        "Actual Rows": 215556,
                                        "Actual Loops": 1
                                    },
                                    {
                                        "Worker Number": 1,
                                        "Actual Startup Time": 146.65,
                                        "Actual Total Time": 346.92,
                                        "Actual Rows": 186637,
                                        "Actual Loops": 1
                                    },
                                    {
                                        "Worker Number": 2,
                                        "Actual Startup Time": 147.172,
                                        "Actual Total Time": 345.825,
                                        "Actual Rows": 147233,
                                        "Actual Loops": 1
                                    }
                                ],
                                "Plans": [
                                    {
                                        "Node Type": "Seq Scan",
                                        "Parent Relationship": "Outer",
                                        "Parallel Aware": true,
                                        "Relation Name": "movie_companies",
                                        "Schema": "public",
                                        "Alias": "mc",
                                        "Startup Cost": 0.0,
                                        "Total Cost": 29310.68,
                                        "Plan Rows": 821135,
                                        "Plan Width": 4,
                                        "Actual Startup Time": 0.024,
                                        "Actual Total Time": 76.986,
                                        "Actual Rows": 635586,
                                        "Actual Loops": 4,
                                        "Output": [
                                            "mc.id",
                                            "mc.movie_id",
                                            "mc.company_id",
                                            "mc.company_type_id",
                                            "mc.note"
                                        ],
                                        "Filter": "(mc.company_id > 6)",
                                        "Rows Removed by Filter": 16697,
                                        "Workers": [
                                            {
                                                "Worker Number": 0,
                                                "Actual Startup Time": 0.026,
                                                "Actual Total Time": 77.539,
                                                "Actual Rows": 698269,
                                                "Actual Loops": 1
                                            },
                                            {
                                                "Worker Number": 1,
                                                "Actual Startup Time": 0.029,
                                                "Actual Total Time": 75.057,
                                                "Actual Rows": 607082,
                                                "Actual Loops": 1
                                            },
                                            {
                                                "Worker Number": 2,
                                                "Actual Startup Time": 0.032,
                                                "Actual Total Time": 82.504,
                                                "Actual Rows": 468056,
                                                "Actual Loops": 1
                                            }
                                        ]
                                    },
                                    {
                                        "Node Type": "Hash",
                                        "Parent Relationship": "Inner",
                                        "Parallel Aware": true,
                                        "Startup Cost": 43899.01,
                                        "Total Cost": 43899.01,
                                        "Plan Rows": 125250,
                                        "Plan Width": 4,
                                        "Actual Startup Time": 145.696,
                                        "Actual Total Time": 145.697,
                                        "Actual Rows": 123507,
                                        "Actual Loops": 4,
                                        "Output": [
                                            "t.id"
                                        ],
                                        "Hash Buckets": 524288,
                                        "Original Hash Buckets": 524288,
                                        "Hash Batches": 1,
                                        "Original Hash Batches": 1,
                                        "Peak Memory Usage": 23456,
                                        "Workers": [
                                            {
                                                "Worker Number": 0,
                                                "Actual Startup Time": 145.694,
                                                "Actual Total Time": 145.695,
                                                "Actual Rows": 128023,
                                                "Actual Loops": 1
                                            },
                                            {
                                                "Worker Number": 1,
                                                "Actual Startup Time": 145.616,
                                                "Actual Total Time": 145.617,
                                                "Actual Rows": 112487,
                                                "Actual Loops": 1
                                            },
                                            {
                                                "Worker Number": 2,
                                                "Actual Startup Time": 146.202,
                                                "Actual Total Time": 146.203,
                                                "Actual Rows": 89922,
                                                "Actual Loops": 1
                                            }
                                        ],
                                        "Plans": [
                                            {
                                                "Node Type": "Seq Scan",
                                                "Parent Relationship": "Outer",
                                                "Parallel Aware": true,
                                                "Relation Name": "title",
                                                "Schema": "public",
                                                "Alias": "t",
                                                "Startup Cost": 0.0,
                                                "Total Cost": 43899.01,
                                                "Plan Rows": 125250,
                                                "Plan Width": 4,
                                                "Actual Startup Time": 0.069,
                                                "Actual Total Time": 103.276,
                                                "Actual Rows": 123507,
                                                "Actual Loops": 4,
                                                "Output": [
                                                    "t.id"
                                                ],
                                                "Filter": "(t.production_year < 1979)",
                                                "Rows Removed by Filter": 508571,
                                                "Workers": [
                                                    {
                                                        "Worker Number": 0,
                                                        "Actual Startup Time": 0.082,
                                                        "Actual Total Time": 105.13,
                                                        "Actual Rows": 128023,
                                                        "Actual Loops": 1
                                                    },
                                                    {
                                                        "Worker Number": 1,
                                                        "Actual Startup Time": 0.094,
                                                        "Actual Total Time": 102.079,
                                                        "Actual Rows": 112487,
                                                        "Actual Loops": 1
                                                    },
                                                    {
                                                        "Worker Number": 2,
                                                        "Actual Startup Time": 0.077,
                                                        "Actual Total Time": 106.335,
                                                        "Actual Rows": 89922,
                                                        "Actual Loops": 1
                                                    }
                                                ]
                                            }
                                        ]
                                    }
                                ]
                            }
                        ]
                    }
                ]
            }
        ]
    },
    "Planning Time": 0.849,
    "Triggers": [],
    "Execution Time": 383.382
}