[
  {
    "Plan": {
      "Node Type": "Aggregate",
      "Strategy": "Plain",
      "Partial Mode": "Finalize",
      "Parallel Aware": false,
      "Startup Cost": 121570.45,
      "Total Cost": 121570.46,
      "Plan Rows": 1,
      "Plan Width": 8,
      "Actual Startup Time": 159.592,
      "Actual Total Time": 171.58,
      "Actual Rows": 1,
      "Actual Loops": 1,
      "Plans": [
        {
          "Node Type": "Gather",
          "Parent Relationship": "Outer",
          "Parallel Aware": false,
          "Startup Cost": 121569.93,
          "Total Cost": 121570.44,
          "Plan Rows": 5,
          "Plan Width": 8,
          "Actual Startup Time": 159.502,
          "Actual Total Time": 171.572,
          "Actual Rows": 6,
          "Actual Loops": 1,
          "Workers Planned": 5,
          "Workers Launched": 5,
          "Single Copy": false,
          "Plans": [
            {
              "Node Type": "Aggregate",
              "Strategy": "Plain",
              "Partial Mode": "Partial",
              "Parent Relationship": "Outer",
              "Parallel Aware": false,
              "Startup Cost": 120569.93,
              "Total Cost": 120569.94,
              "Plan Rows": 1,
              "Plan Width": 8,
              "Actual Startup Time": 149.231,
              "Actual Total Time": 149.233,
              "Actual Rows": 1,
              "Actual Loops": 6,
              "Plans": [
                {
                  "Node Type": "Index Scan",
                  "Parent Relationship": "Outer",
                  "Parallel Aware": true,
                  "Scan Direction": "Forward",
                  "Index Name": "role_id_cast_info",
                  "Relation Name": "cast_info",
                  "Alias": "ci",
                  "Startup Cost": 0.56,
                  "Total Cost": 119623.46,
                  "Plan Rows": 378589,
                  "Plan Width": 0,
                  "Actual Startup Time": 0.274,
                  "Actual Total Time": 144.123,
                  "Actual Rows": 101754,
                  "Actual Loops": 6,
                  "Index Cond": "(role_id = 10)",
                  "Rows Removed by Index Recheck": 0,
                  "Filter": "(person_id < 1539471)",
                  "Rows Removed by Filter": 618750
                }
              ]
            }
          ]
        }
      ]
    },
    "Planning Time": 0.235,
    "Triggers": [],
    "Execution Time": 171.645
  }
]