[
    {
        "Bao": {
            "Bao prediction": 1241.562,
            "Bao recommended hint": "SET enable_nestloop TO off; "
        }
    },
    {
        "Plan": {
            "Node Type": "Aggregate",
            "Strategy": "Plain",
            "Partial Mode": "Finalize",
            "Parallel Aware": false,
            "Startup Cost": 290711.31,
            "Total Cost": 290711.32,
            "Plan Rows": 1,
            "Plan Width": 8,
            "Actual Startup Time": 1626.688,
            "Actual Total Time": 1658.482,
            "Actual Rows": 1,
            "Actual Loops": 1,
            "Output": [
                "count(*)"
            ],
            "Plans": [
                {
                    "Node Type": "Gather",
                    "Parent Relationship": "Outer",
                    "Parallel Aware": false,
                    "Startup Cost": 290710.78,
                    "Total Cost": 290711.29,
                    "Plan Rows": 5,
                    "Plan Width": 8,
                    "Actual Startup Time": 1589.424,
                    "Actual Total Time": 1658.463,
                    "Actual Rows": 6,
                    "Actual Loops": 1,
                    "Output": [
                        "(PARTIAL count(*))"
                    ],
                    "Workers Planned": 5,
                    "Workers Launched": 5,
                    "Single Copy": false,
                    "Plans": [
                        {
                            "Node Type": "Aggregate",
                            "Strategy": "Plain",
                            "Partial Mode": "Partial",
                            "Parent Relationship": "Outer",
                            "Parallel Aware": false,
                            "Startup Cost": 289710.78,
                            "Total Cost": 289710.79,
                            "Plan Rows": 1,
                            "Plan Width": 8,
                            "Actual Startup Time": 1579.223,
                            "Actual Total Time": 1579.229,
                            "Actual Rows": 1,
                            "Actual Loops": 6,
                            "Output": [
                                "PARTIAL count(*)"
                            ],
                            "Workers": [
                                {
                                    "Worker Number": 0,
                                    "Actual Startup Time": 1576.681,
                                    "Actual Total Time": 1576.686,
                                    "Actual Rows": 1,
                                    "Actual Loops": 1
                                },
                                {
                                    "Worker Number": 1,
                                    "Actual Startup Time": 1576.678,
                                    "Actual Total Time": 1576.683,
                                    "Actual Rows": 1,
                                    "Actual Loops": 1
                                },
                                {
                                    "Worker Number": 2,
                                    "Actual Startup Time": 1577.893,
                                    "Actual Total Time": 1577.899,
                                    "Actual Rows": 1,
                                    "Actual Loops": 1
                                },
                                {
                                    "Worker Number": 3,
                                    "Actual Startup Time": 1577.63,
                                    "Actual Total Time": 1577.636,
                                    "Actual Rows": 1,
                                    "Actual Loops": 1
                                },
                                {
                                    "Worker Number": 4,
                                    "Actual Startup Time": 1577.966,
                                    "Actual Total Time": 1577.972,
                                    "Actual Rows": 1,
                                    "Actual Loops": 1
                                }
                            ],
                            "Plans": [
                                {
                                    "Node Type": "Hash Join",
                                    "Parent Relationship": "Outer",
                                    "Parallel Aware": true,
                                    "Join Type": "Inner",
                                    "Startup Cost": 84877.63,
                                    "Total Cost": 288722.43,
                                    "Plan Rows": 395341,
                                    "Plan Width": 0,
                                    "Actual Startup Time": 451.109,
                                    "Actual Total Time": 1425.301,
                                    "Actual Rows": 2501363,
                                    "Actual Loops": 6,
                                    "Inner Unique": false,
                                    "Hash Cond": "(mi.movie_id = t.id)",
                                    "Workers": [
                                        {
                                            "Worker Number": 0,
                                            "Actual Startup Time": 448.634,
                                            "Actual Total Time": 1421.613,
                                            "Actual Rows": 2219902,
                                            "Actual Loops": 1
                                        },
                                        {
                                            "Worker Number": 1,
                                            "Actual Startup Time": 448.564,
                                            "Actual Total Time": 1419.911,
                                            "Actual Rows": 2246158,
                                            "Actual Loops": 1
                                        },
                                        {
                                            "Worker Number": 2,
                                            "Actual Startup Time": 449.455,
                                            "Actual Total Time": 1423.538,
                                            "Actual Rows": 2210678,
                                            "Actual Loops": 1
                                        },
                                        {
                                            "Worker Number": 3,
                                            "Actual Startup Time": 449.684,
                                            "Actual Total Time": 1421.275,
                                            "Actual Rows": 2239711,
                                            "Actual Loops": 1
                                        },
                                        {
                                            "Worker Number": 4,
                                            "Actual Startup Time": 449.9,
                                            "Actual Total Time": 1423.243,
                                            "Actual Rows": 2213285,
                                            "Actual Loops": 1
                                        }
                                    ],
                                    "Plans": [
                                        {
                                            "Node Type": "Seq Scan",
                                            "Parent Relationship": "Outer",
                                            "Parallel Aware": true,
                                            "Relation Name": "movie_info",
                                            "Schema": "public",
                                            "Alias": "mi",
                                            "Startup Cost": 0.0,
                                            "Total Cost": 191503.19,
                                            "Plan Rows": 2951019,
                                            "Plan Width": 4,
                                            "Actual Startup Time": 0.026,
                                            "Actual Total Time": 342.215,
                                            "Actual Rows": 2472620,
                                            "Actual Loops": 6,
                                            "Output": [
                                                "mi.id",
                                                "mi.movie_id",
                                                "mi.info_type_id",
                                                "mi.info",
                                                "mi.note"
                                            ],
                                            "Workers": [
                                                {
                                                    "Worker Number": 0,
                                                    "Actual Startup Time": 0.028,
                                                    "Actual Total Time": 346.178,
                                                    "Actual Rows": 2180071,
                                                    "Actual Loops": 1
                                                },
                                                {
                                                    "Worker Number": 1,
                                                    "Actual Startup Time": 0.028,
                                                    "Actual Total Time": 345.267,
                                                    "Actual Rows": 2197813,
                                                    "Actual Loops": 1
                                                },
                                                {
                                                    "Worker Number": 2,
                                                    "Actual Startup Time": 0.028,
                                                    "Actual Total Time": 356.628,
                                                    "Actual Rows": 2184339,
                                                    "Actual Loops": 1
                                                },
                                                {
                                                    "Worker Number": 3,
                                                    "Actual Startup Time": 0.032,
                                                    "Actual Total Time": 346.272,
                                                    "Actual Rows": 2199669,
                                                    "Actual Loops": 1
                                                },
                                                {
                                                    "Worker Number": 4,
                                                    "Actual Startup Time": 0.032,
                                                    "Actual Total Time": 357.198,
                                                    "Actual Rows": 2201801,
                                                    "Actual Loops": 1
                                                }
                                            ]
                                        },
                                        {
                                            "Node Type": "Hash",
                                            "Parent Relationship": "Inner",
                                            "Parallel Aware": true,
                                            "Startup Cost": 83511.85,
                                            "Total Cost": 83511.85,
                                            "Plan Rows": 109262,
                                            "Plan Width": 8,
                                            "Actual Startup Time": 447.984,
                                            "Actual Total Time": 447.988,
                                            "Actual Rows": 57560,
                                            "Actual Loops": 6,
                                            "Output": [
                                                "t.id",
                                                "mk.movie_id"
                                            ],
                                            "Hash Buckets": 524288,
                                            "Original Hash Buckets": 524288,
                                            "Hash Batches": 1,
                                            "Original Hash Batches": 1,
                                            "Peak Memory Usage": 17664,
                                            "Workers": [
                                                {
                                                    "Worker Number": 0,
                                                    "Actual Startup Time": 447.355,
                                                    "Actual Total Time": 447.358,
                                                    "Actual Rows": 51133,
                                                    "Actual Loops": 1
                                                },
                                                {
                                                    "Worker Number": 1,
                                                    "Actual Startup Time": 447.477,
                                                    "Actual Total Time": 447.48,
                                                    "Actual Rows": 51954,
                                                    "Actual Loops": 1
                                                },
                                                {
                                                    "Worker Number": 2,
                                                    "Actual Startup Time": 448.354,
                                                    "Actual Total Time": 448.358,
                                                    "Actual Rows": 50566,
                                                    "Actual Loops": 1
                                                },
                                                {
                                                    "Worker Number": 3,
                                                    "Actual Startup Time": 448.407,
                                                    "Actual Total Time": 448.41,
                                                    "Actual Rows": 58592,
                                                    "Actual Loops": 1
                                                },
                                                {
                                                    "Worker Number": 4,
                                                    "Actual Startup Time": 448.737,
                                                    "Actual Total Time": 448.741,
                                                    "Actual Rows": 51506,
                                                    "Actual Loops": 1
                                                }
                                            ],
                                            "Plans": [
                                                {
                                                    "Node Type": "Hash Join",
                                                    "Parent Relationship": "Outer",
                                                    "Parallel Aware": true,
                                                    "Join Type": "Inner",
                                                    "Startup Cost": 57405.26,
                                                    "Total Cost": 83511.85,
                                                    "Plan Rows": 109262,
                                                    "Plan Width": 8,
                                                    "Actual Startup Time": 340.308,
                                                    "Actual Total Time": 423.269,
                                                    "Actual Rows": 57560,
                                                    "Actual Loops": 6,
                                                    "Output": [
                                                        "t.id",
                                                        "mk.movie_id"
                                                    ],
                                                    "Inner Unique": true,
                                                    "Hash Cond": "(mk.movie_id = t.id)",
                                                    "Workers": [
                                                        {
                                                            "Worker Number": 0,
                                                            "Actual Startup Time": 340.299,
                                                            "Actual Total Time": 424.781,
                                                            "Actual Rows": 51133,
                                                            "Actual Loops": 1
                                                        },
                                                        {
                                                            "Worker Number": 1,
                                                            "Actual Startup Time": 340.336,
                                                            "Actual Total Time": 423.575,
                                                            "Actual Rows": 51954,
                                                            "Actual Loops": 1
                                                        },
                                                        {
                                                            "Worker Number": 2,
                                                            "Actual Startup Time": 340.312,
                                                            "Actual Total Time": 423.651,
                                                            "Actual Rows": 50566,
                                                            "Actual Loops": 1
                                                        },
                                                        {
                                                            "Worker Number": 3,
                                                            "Actual Startup Time": 340.082,
                                                            "Actual Total Time": 423.126,
                                                            "Actual Rows": 58592,
                                                            "Actual Loops": 1
                                                        },
                                                        {
                                                            "Worker Number": 4,
                                                            "Actual Startup Time": 340.247,
                                                            "Actual Total Time": 423.252,
                                                            "Actual Rows": 51506,
                                                            "Actual Loops": 1
                                                        }
                                                    ],
                                                    "Plans": [
                                                        {
                                                            "Node Type": "Bitmap Heap Scan",
                                                            "Parent Relationship": "Outer",
                                                            "Parallel Aware": true,
                                                            "Relation Name": "movie_keyword",
                                                            "Schema": "public",
                                                            "Alias": "mk",
                                                            "Startup Cost": 7185.46,
                                                            "Total Cost": 33005.24,
                                                            "Plan Rows": 109262,
                                                            "Plan Width": 4,
                                                            "Actual Startup Time": 41.682,
                                                            "Actual Total Time": 89.681,
                                                            "Actual Rows": 57560,
                                                            "Actual Loops": 6,
                                                            "Output": [
                                                                "mk.id",
                                                                "mk.movie_id",
                                                                "mk.keyword_id"
                                                            ],
                                                            "Recheck Cond": "(mk.keyword_id < 287)",
                                                            "Rows Removed by Index Recheck": 0,
                                                            "Exact Heap Blocks": 5877,
                                                            "Lossy Heap Blocks": 0,
                                                            "Workers": [
                                                                {
                                                                    "Worker Number": 0,
                                                                    "Actual Startup Time": 41.609,
                                                                    "Actual Total Time": 90.699,
                                                                    "Actual Rows": 51133,
                                                                    "Actual Loops": 1
                                                                },
                                                                {
                                                                    "Worker Number": 1,
                                                                    "Actual Startup Time": 41.667,
                                                                    "Actual Total Time": 91.194,
                                                                    "Actual Rows": 51954,
                                                                    "Actual Loops": 1
                                                                },
                                                                {
                                                                    "Worker Number": 2,
                                                                    "Actual Startup Time": 41.634,
                                                                    "Actual Total Time": 91.009,
                                                                    "Actual Rows": 50566,
                                                                    "Actual Loops": 1
                                                                },
                                                                {
                                                                    "Worker Number": 3,
                                                                    "Actual Startup Time": 41.61,
                                                                    "Actual Total Time": 91.726,
                                                                    "Actual Rows": 58592,
                                                                    "Actual Loops": 1
                                                                },
                                                                {
                                                                    "Worker Number": 4,
                                                                    "Actual Startup Time": 41.725,
                                                                    "Actual Total Time": 90.438,
                                                                    "Actual Rows": 51506,
                                                                    "Actual Loops": 1
                                                                }
                                                            ],
                                                            "Plans": [
                                                                {
                                                                    "Node Type": "Bitmap Index Scan",
                                                                    "Parent Relationship": "Outer",
                                                                    "Parallel Aware": false,
                                                                    "Index Name": "keyword_id_movie_keyword",
                                                                    "Startup Cost": 0.0,
                                                                    "Total Cost": 7100.78,
                                                                    "Plan Rows": 338713,
                                                                    "Plan Width": 0,
                                                                    "Actual Startup Time": 35.944,
                                                                    "Actual Total Time": 35.944,
                                                                    "Actual Rows": 345359,
                                                                    "Actual Loops": 1,
                                                                    "Index Cond": "(mk.keyword_id < 287)",
                                                                    "Workers": [
                                                                        {
                                                                            "Worker Number": 3,
                                                                            "Actual Startup Time": 35.944,
                                                                            "Actual Total Time": 35.944,
                                                                            "Actual Rows": 345359,
                                                                            "Actual Loops": 1
                                                                        }
                                                                    ]
                                                                }
                                                            ]
                                                        },
                                                        {
                                                            "Node Type": "Hash",
                                                            "Parent Relationship": "Inner",
                                                            "Parallel Aware": true,
                                                            "Startup Cost": 42318.81,
                                                            "Total Cost": 42318.81,
                                                            "Plan Rows": 632080,
                                                            "Plan Width": 4,
                                                            "Actual Startup Time": 292.694,
                                                            "Actual Total Time": 292.694,
                                                            "Actual Rows": 421385,
                                                            "Actual Loops": 6,
                                                            "Output": [
                                                                "t.id"
                                                            ],
                                                            "Hash Buckets": 4194304,
                                                            "Original Hash Buckets": 4194304,
                                                            "Hash Batches": 1,
                                                            "Original Hash Batches": 1,
                                                            "Peak Memory Usage": 131776,
                                                            "Workers": [
                                                                {
                                                                    "Worker Number": 0,
                                                                    "Actual Startup Time": 298.423,
                                                                    "Actual Total Time": 298.424,
                                                                    "Actual Rows": 373493,
                                                                    "Actual Loops": 1
                                                                },
                                                                {
                                                                    "Worker Number": 1,
                                                                    "Actual Startup Time": 298.413,
                                                                    "Actual Total Time": 298.414,
                                                                    "Actual Rows": 378184,
                                                                    "Actual Loops": 1
                                                                },
                                                                {
                                                                    "Worker Number": 2,
                                                                    "Actual Startup Time": 298.43,
                                                                    "Actual Total Time": 298.431,
                                                                    "Actual Rows": 374799,
                                                                    "Actual Loops": 1
                                                                },
                                                                {
                                                                    "Worker Number": 3,
                                                                    "Actual Startup Time": 298.405,
                                                                    "Actual Total Time": 298.407,
                                                                    "Actual Rows": 377366,
                                                                    "Actual Loops": 1
                                                                },
                                                                {
                                                                    "Worker Number": 4,
                                                                    "Actual Startup Time": 298.389,
                                                                    "Actual Total Time": 298.39,
                                                                    "Actual Rows": 375295,
                                                                    "Actual Loops": 1
                                                                }
                                                            ],
                                                            "Plans": [
                                                                {
                                                                    "Node Type": "Seq Scan",
                                                                    "Parent Relationship": "Outer",
                                                                    "Parallel Aware": true,
                                                                    "Relation Name": "title",
                                                                    "Schema": "public",
                                                                    "Alias": "t",
                                                                    "Startup Cost": 0.0,
                                                                    "Total Cost": 42318.81,
                                                                    "Plan Rows": 632080,
                                                                    "Plan Width": 4,
                                                                    "Actual Startup Time": 0.046,
                                                                    "Actual Total Time": 87.009,
                                                                    "Actual Rows": 421385,
                                                                    "Actual Loops": 6,
                                                                    "Output": [
                                                                        "t.id"
                                                                    ],
                                                                    "Workers": [
                                                                        {
                                                                            "Worker Number": 0,
                                                                            "Actual Startup Time": 0.056,
                                                                            "Actual Total Time": 90.306,
                                                                            "Actual Rows": 373493,
                                                                            "Actual Loops": 1
                                                                        },
                                                                        {
                                                                            "Worker Number": 1,
                                                                            "Actual Startup Time": 0.061,
                                                                            "Actual Total Time": 90.49,
                                                                            "Actual Rows": 378184,
                                                                            "Actual Loops": 1
                                                                        },
                                                                        {
                                                                            "Worker Number": 2,
                                                                            "Actual Startup Time": 0.048,
                                                                            "Actual Total Time": 91.217,
                                                                            "Actual Rows": 374799,
                                                                            "Actual Loops": 1
                                                                        },
                                                                        {
                                                                            "Worker Number": 3,
                                                                            "Actual Startup Time": 0.049,
                                                                            "Actual Total Time": 90.695,
                                                                            "Actual Rows": 377366,
                                                                            "Actual Loops": 1
                                                                        },
                                                                        {
                                                                            "Worker Number": 4,
                                                                            "Actual Startup Time": 0.054,
                                                                            "Actual Total Time": 91.084,
                                                                            "Actual Rows": 375295,
                                                                            "Actual Loops": 1
                                                                        }
                                                                    ]
                                                                }
                                                            ]
                                                        }
                                                    ]
                                                }
                                            ]
                                        }
                                    ]
                                }
                            ]
                        }
                    ]
                }
            ]
        },
        "Planning Time": 985.973,
        "Triggers": [],
        "Execution Time": 1658.62
    }
]