[
  {
    "Plan": {
      "Node Type": "Aggregate",
      "Strategy": "Plain",
      "Partial Mode": "Finalize",
      "Parallel Aware": false,
      "Startup Cost": 45511.79,
      "Total Cost": 45511.8,
      "Plan Rows": 1,
      "Plan Width": 8,
      "Actual Startup Time": 141.608,
      "Actual Total Time": 151.378,
      "Actual Rows": 1,
      "Actual Loops": 1,
      "Plans": [
        {
          "Node Type": "Gather",
          "Parent Relationship": "Outer",
          "Parallel Aware": false,
          "Startup Cost": 45511.47,
          "Total Cost": 45511.78,
          "Plan Rows": 3,
          "Plan Width": 8,
          "Actual Startup Time": 141.507,
          "Actual Total Time": 151.371,
          "Actual Rows": 4,
          "Actual Loops": 1,
          "Workers Planned": 3,
          "Workers Launched": 3,
          "Single Copy": false,
          "Plans": [
            {
              "Node Type": "Aggregate",
              "Strategy": "Plain",
              "Partial Mode": "Partial",
              "Parent Relationship": "Outer",
              "Parallel Aware": false,
              "Startup Cost": 44511.47,
              "Total Cost": 44511.48,
              "Plan Rows": 1,
              "Plan Width": 8,
              "Actual Startup Time": 136.273,
              "Actual Total Time": 136.274,
              "Actual Rows": 1,
              "Actual Loops": 4,
              "Plans": [
                {
                  "Node Type": "Seq Scan",
                  "Parent Relationship": "Outer",
                  "Parallel Aware": true,
                  "Relation Name": "movie_keyword",
                  "Alias": "mk",
                  "Startup Cost": 0.0,
                  "Total Cost": 42695.65,
                  "Plan Rows": 726328,
                  "Plan Width": 0,
                  "Actual Startup Time": 0.557,
                  "Actual Total Time": 111.421,
                  "Actual Rows": 562718,
                  "Actual Loops": 4,
                  "Filter": "(keyword_id > 4784)",
                  "Rows Removed by Filter": 568264
                }
              ]
            }
          ]
        }
      ]
    },
    "Planning Time": 0.147,
    "Triggers": [],
    "Execution Time": 151.425
  }
]