[
  {
    "Plan": {
      "Node Type": "Aggregate",
      "Strategy": "Plain",
      "Partial Mode": "Finalize",
      "Parallel Aware": false,
      "Startup Cost": 340958.54,
      "Total Cost": 340958.55,
      "Plan Rows": 1,
      "Plan Width": 8,
      "Actual Startup Time": 836.251,
      "Actual Total Time": 894.523,
      "Actual Rows": 1,
      "Actual Loops": 1,
      "Plans": [
        {
          "Node Type": "Gather",
          "Parent Relationship": "Outer",
          "Parallel Aware": false,
          "Startup Cost": 340957.92,
          "Total Cost": 340958.53,
          "Plan Rows": 6,
          "Plan Width": 8,
          "Actual Startup Time": 836.111,
          "Actual Total Time": 894.513,
          "Actual Rows": 7,
          "Actual Loops": 1,
          "Workers Planned": 6,
          "Workers Launched": 6,
          "Single Copy": false,
          "Plans": [
            {
              "Node Type": "Aggregate",
              "Strategy": "Plain",
              "Partial Mode": "Partial",
              "Parent Relationship": "Outer",
              "Parallel Aware": false,
              "Startup Cost": 339957.92,
              "Total Cost": 339957.93,
              "Plan Rows": 1,
              "Plan Width": 8,
              "Actual Startup Time": 825.894,
              "Actual Total Time": 825.911,
              "Actual Rows": 1,
              "Actual Loops": 7,
              "Plans": [
                {
                  "Node Type": "Seq Scan",
                  "Parent Relationship": "Outer",
                  "Parallel Aware": true,
                  "Relation Name": "cast_info",
                  "Alias": "ci",
                  "Startup Cost": 0.0,
                  "Total Cost": 328162.03,
                  "Plan Rows": 4718357,
                  "Plan Width": 0,
                  "Actual Startup Time": 0.056,
                  "Actual Total Time": 645.367,
                  "Actual Rows": 4057077,
                  "Actual Loops": 7,
                  "Filter": "(person_id < 2893526)",
                  "Rows Removed by Filter": 1120687
                }
              ]
            }
          ]
        }
      ]
    },
    "Planning Time": 0.128,
    "Triggers": [],
    "Execution Time": 894.582
  }
]