[
  {
    "Plan": {
      "Node Type": "Aggregate",
      "Strategy": "Plain",
      "Partial Mode": "Finalize",
      "Parallel Aware": false,
      "Startup Cost": 243722.43,
      "Total Cost": 243722.44,
      "Plan Rows": 1,
      "Plan Width": 8,
      "Actual Startup Time": 183.674,
      "Actual Total Time": 214.055,
      "Actual Rows": 1,
      "Actual Loops": 1,
      "Plans": [
        {
          "Node Type": "Gather",
          "Parent Relationship": "Outer",
          "Parallel Aware": false,
          "Startup Cost": 243722.01,
          "Total Cost": 243722.42,
          "Plan Rows": 4,
          "Plan Width": 8,
          "Actual Startup Time": 183.463,
          "Actual Total Time": 214.037,
          "Actual Rows": 5,
          "Actual Loops": 1,
          "Workers Planned": 4,
          "Workers Launched": 4,
          "Single Copy": false,
          "Plans": [
            {
              "Node Type": "Aggregate",
              "Strategy": "Plain",
              "Partial Mode": "Partial",
              "Parent Relationship": "Outer",
              "Parallel Aware": false,
              "Startup Cost": 242722.01,
              "Total Cost": 242722.02,
              "Plan Rows": 1,
              "Plan Width": 8,
              "Actual Startup Time": 177.589,
              "Actual Total Time": 177.591,
              "Actual Rows": 1,
              "Actual Loops": 5,
              "Plans": [
                {
                  "Node Type": "Nested Loop",
                  "Parent Relationship": "Outer",
                  "Parallel Aware": false,
                  "Join Type": "Inner",
                  "Startup Cost": 0.43,
                  "Total Cost": 242606.12,
                  "Plan Rows": 46354,
                  "Plan Width": 0,
                  "Actual Startup Time": 51.584,
                  "Actual Total Time": 174.361,
                  "Actual Rows": 53740,
                  "Actual Loops": 5,
                  "Inner Unique": false,
                  "Plans": [
                    {
                      "Node Type": "Seq Scan",
                      "Parent Relationship": "Outer",
                      "Parallel Aware": true,
                      "Relation Name": "title",
                      "Alias": "t",
                      "Startup Cost": 0.0,
                      "Total Cost": 45479.59,
                      "Plan Rows": 7894,
                      "Plan Width": 4,
                      "Actual Startup Time": 51.454,
                      "Actual Total Time": 78.785,
                      "Actual Rows": 3554,
                      "Actual Loops": 5,
                      "Filter": "((kind_id < 2) AND (production_year = 2007))",
                      "Rows Removed by Filter": 502108
                    },
                    {
                      "Node Type": "Index Only Scan",
                      "Parent Relationship": "Inner",
                      "Parallel Aware": false,
                      "Scan Direction": "Forward",
                      "Index Name": "movie_id_movie_info",
                      "Relation Name": "movie_info",
                      "Alias": "mi",
                      "Startup Cost": 0.43,
                      "Total Cost": 24.56,
                      "Plan Rows": 41,
                      "Plan Width": 4,
                      "Actual Startup Time": 0.008,
                      "Actual Total Time": 0.025,
                      "Actual Rows": 15,
                      "Actual Loops": 17772,
                      "Index Cond": "(movie_id = t.id)",
                      "Rows Removed by Index Recheck": 0,
                      "Heap Fetches": 268702
                    }
                  ]
                }
              ]
            }
          ]
        }
      ]
    },
    "Planning Time": 0.598,
    "Triggers": [],
    "Execution Time": 214.128
  }
]