[
  {
    "Plan": {
      "Node Type": "Aggregate",
      "Strategy": "Plain",
      "Partial Mode": "Finalize",
      "Parallel Aware": false,
      "Startup Cost": 244590.57,
      "Total Cost": 244590.58,
      "Plan Rows": 1,
      "Plan Width": 8,
      "Actual Startup Time": 203.669,
      "Actual Total Time": 234.858,
      "Actual Rows": 1,
      "Actual Loops": 1,
      "Plans": [
        {
          "Node Type": "Gather",
          "Parent Relationship": "Outer",
          "Parallel Aware": false,
          "Startup Cost": 244590.15,
          "Total Cost": 244590.56,
          "Plan Rows": 4,
          "Plan Width": 8,
          "Actual Startup Time": 203.559,
          "Actual Total Time": 234.851,
          "Actual Rows": 5,
          "Actual Loops": 1,
          "Workers Planned": 4,
          "Workers Launched": 4,
          "Single Copy": false,
          "Plans": [
            {
              "Node Type": "Aggregate",
              "Strategy": "Plain",
              "Partial Mode": "Partial",
              "Parent Relationship": "Outer",
              "Parallel Aware": false,
              "Startup Cost": 243590.15,
              "Total Cost": 243590.16,
              "Plan Rows": 1,
              "Plan Width": 8,
              "Actual Startup Time": 193.678,
              "Actual Total Time": 193.679,
              "Actual Rows": 1,
              "Actual Loops": 5,
              "Plans": [
                {
                  "Node Type": "Nested Loop",
                  "Parent Relationship": "Outer",
                  "Parallel Aware": false,
                  "Join Type": "Inner",
                  "Startup Cost": 0.43,
                  "Total Cost": 243470.97,
                  "Plan Rows": 47670,
                  "Plan Width": 0,
                  "Actual Startup Time": 56.813,
                  "Actual Total Time": 190.244,
                  "Actual Rows": 53740,
                  "Actual Loops": 5,
                  "Inner Unique": false,
                  "Plans": [
                    {
                      "Node Type": "Seq Scan",
                      "Parent Relationship": "Outer",
                      "Parallel Aware": true,
                      "Relation Name": "title",
                      "Alias": "t",
                      "Startup Cost": 0.0,
                      "Total Cost": 45479.1,
                      "Plan Rows": 8152,
                      "Plan Width": 4,
                      "Actual Startup Time": 56.709,
                      "Actual Total Time": 85.324,
                      "Actual Rows": 3554,
                      "Actual Loops": 5,
                      "Filter": "((kind_id < 2) AND (production_year = 2007))",
                      "Rows Removed by Filter": 502108
                    },
                    {
                      "Node Type": "Index Only Scan",
                      "Parent Relationship": "Inner",
                      "Parallel Aware": false,
                      "Scan Direction": "Forward",
                      "Index Name": "movie_id_movie_info",
                      "Relation Name": "movie_info",
                      "Alias": "mi",
                      "Startup Cost": 0.43,
                      "Total Cost": 23.87,
                      "Plan Rows": 42,
                      "Plan Width": 4,
                      "Actual Startup Time": 0.009,
                      "Actual Total Time": 0.028,
                      "Actual Rows": 15,
                      "Actual Loops": 17772,
                      "Index Cond": "(movie_id = t.id)",
                      "Rows Removed by Index Recheck": 0,
                      "Heap Fetches": 268702
                    }
                  ]
                }
              ]
            }
          ]
        }
      ]
    },
    "Planning Time": 0.666,
    "Triggers": [],
    "Execution Time": 234.943
  }
]