{
  "Plan": {
    "Node Type": "Aggregate",
    "Strategy": "Plain",
    "Partial Mode": "Finalize",
    "Parallel Aware": false,
    "Startup Cost": 345408.95,
    "Total Cost": 345408.96,
    "Plan Rows": 1,
    "Plan Width": 8,
    "Actual Startup Time": 4553.043,
    "Actual Total Time": 4579.0,
    "Actual Rows": 1,
    "Actual Loops": 1,
    "Plans": [
      {
        "Node Type": "Gather",
        "Parent Relationship": "Outer",
        "Parallel Aware": false,
        "Startup Cost": 345408.84,
        "Total Cost": 345408.95,
        "Plan Rows": 1,
        "Plan Width": 8,
        "Actual Startup Time": 4546.425,
        "Actual Total Time": 4578.99,
        "Actual Rows": 2,
        "Actual Loops": 1,
        "Workers Planned": 1,
        "Workers Launched": 1,
        "Single Copy": false,
        "Plans": [
          {
            "Node Type": "Aggregate",
            "Strategy": "Plain",
            "Partial Mode": "Partial",
            "Parent Relationship": "Outer",
            "Parallel Aware": false,
            "Startup Cost": 344408.84,
            "Total Cost": 344408.85,
            "Plan Rows": 1,
            "Plan Width": 8,
            "Actual Startup Time": 4538.858,
            "Actual Total Time": 4539.118,
            "Actual Rows": 1,
            "Actual Loops": 2,
            "Plans": [
              {
                "Node Type": "Hash Join",
                "Parent Relationship": "Outer",
                "Parallel Aware": true,
                "Join Type": "Inner",
                "Startup Cost": 272760.02,
                "Total Cost": 341246.18,
                "Plan Rows": 1265063,
                "Plan Width": 0,
                "Actual Startup Time": 1176.944,
                "Actual Total Time": 3392.04,
                "Actual Rows": 27183882,
                "Actual Loops": 2,
                "Inner Unique": false,
                "Hash Cond": "(mk.movie_id = t.id)",
                "Plans": [
                  {
                    "Node Type": "Seq Scan",
                    "Parent Relationship": "Outer",
                    "Parallel Aware": true,
                    "Relation Name": "movie_keyword",
                    "Alias": "mk",
                    "Startup Cost": 0.0,
                    "Total Cost": 51065.35,
                    "Plan Rows": 2661135,
                    "Plan Width": 4,
                    "Actual Startup Time": 0.017,
                    "Actual Total Time": 159.152,
                    "Actual Rows": 2261965,
                    "Actual Loops": 2
                  },
                  {
                    "Node Type": "Hash",
                    "Parent Relationship": "Inner",
                    "Parallel Aware": true,
                    "Startup Cost": 263922.43,
                    "Total Cost": 263922.43,
                    "Plan Rows": 707007,
                    "Plan Width": 8,
                    "Actual Startup Time": 1162.537,
                    "Actual Total Time": 1162.795,
                    "Actual Rows": 579951,
                    "Actual Loops": 2,
                    "Hash Buckets": 2097152,
                    "Original Hash Buckets": 2097152,
                    "Hash Batches": 1,
                    "Original Hash Batches": 1,
                    "Peak Memory Usage": 61792,
                    "Plans": [
                      {
                        "Node Type": "Hash Join",
                        "Parent Relationship": "Outer",
                        "Parallel Aware": true,
                        "Join Type": "Inner",
                        "Startup Cost": 91235.95,
                        "Total Cost": 263922.43,
                        "Plan Rows": 707007,
                        "Plan Width": 8,
                        "Actual Startup Time": 670.201,
                        "Actual Total Time": 996.981,
                        "Actual Rows": 579951,
                        "Actual Loops": 2,
                        "Inner Unique": true,
                        "Hash Cond": "(mi.movie_id = t.id)",
                        "Plans": [
                          {
                            "Node Type": "Bitmap Heap Scan",
                            "Parent Relationship": "Outer",
                            "Parallel Aware": true,
                            "Relation Name": "movie_info",
                            "Alias": "mi",
                            "Startup Cost": 21775.25,
                            "Total Cost": 192605.84,
                            "Plan Rows": 707007,
                            "Plan Width": 4,
                            "Actual Startup Time": 64.832,
                            "Actual Total Time": 175.066,
                            "Actual Rows": 579951,
                            "Actual Loops": 2,
                            "Recheck Cond": "(info_type_id > 47)",
                            "Rows Removed by Index Recheck": 0,
                            "Exact Heap Blocks": 15724,
                            "Lossy Heap Blocks": 0,
                            "Plans": [
                              {
                                "Node Type": "Bitmap Index Scan",
                                "Parent Relationship": "Outer",
                                "Parallel Aware": false,
                                "Index Name": "info_type_id_movie_info",
                                "Startup Cost": 0.0,
                                "Total Cost": 21474.78,
                                "Plan Rows": 1201912,
                                "Plan Width": 0,
                                "Actual Startup Time": 55.937,
                                "Actual Total Time": 55.938,
                                "Actual Rows": 1159902,
                                "Actual Loops": 1,
                                "Index Cond": "(info_type_id > 47)"
                              }
                            ]
                          },
                          {
                            "Node Type": "Hash",
                            "Parent Relationship": "Inner",
                            "Parallel Aware": true,
                            "Startup Cost": 50870.31,
                            "Total Cost": 50870.31,
                            "Plan Rows": 1487231,
                            "Plan Width": 4,
                            "Actual Startup Time": 588.93,
                            "Actual Total Time": 588.931,
                            "Actual Rows": 1264156,
                            "Actual Loops": 2,
                            "Hash Buckets": 4194304,
                            "Original Hash Buckets": 4194304,
                            "Hash Batches": 1,
                            "Original Hash Batches": 1,
                            "Peak Memory Usage": 131712,
                            "Plans": [
                              {
                                "Node Type": "Seq Scan",
                                "Parent Relationship": "Outer",
                                "Parallel Aware": true,
                                "Relation Name": "title",
                                "Alias": "t",
                                "Startup Cost": 0.0,
                                "Total Cost": 50870.31,
                                "Plan Rows": 1487231,
                                "Plan Width": 4,
                                "Actual Startup Time": 0.027,
                                "Actual Total Time": 175.58,
                                "Actual Rows": 1264156,
                                "Actual Loops": 2
                              }
                            ]
                          }
                        ]
                      }
                    ]
                  }
                ]
              }
            ]
          }
        ]
      }
    ]
  },
  "Planning Time": 0.86,
  "Triggers": [],
  "Execution Time": 4579.119
}