[
  {
    "Plan": {
      "Node Type": "Aggregate",
      "Strategy": "Plain",
      "Partial Mode": "Finalize",
      "Parallel Aware": false,
      "Startup Cost": 46489.02,
      "Total Cost": 46489.03,
      "Plan Rows": 1,
      "Plan Width": 8,
      "Actual Startup Time": 91.327,
      "Actual Total Time": 102.792,
      "Actual Rows": 1,
      "Actual Loops": 1,
      "Plans": [
        {
          "Node Type": "Gather",
          "Parent Relationship": "Outer",
          "Parallel Aware": false,
          "Startup Cost": 46488.6,
          "Total Cost": 46489.01,
          "Plan Rows": 4,
          "Plan Width": 8,
          "Actual Startup Time": 91.203,
          "Actual Total Time": 102.784,
          "Actual Rows": 5,
          "Actual Loops": 1,
          "Workers Planned": 4,
          "Workers Launched": 4,
          "Single Copy": false,
          "Plans": [
            {
              "Node Type": "Aggregate",
              "Strategy": "Plain",
              "Partial Mode": "Partial",
              "Parent Relationship": "Outer",
              "Parallel Aware": false,
              "Startup Cost": 45488.6,
              "Total Cost": 45488.61,
              "Plan Rows": 1,
              "Plan Width": 8,
              "Actual Startup Time": 82.384,
              "Actual Total Time": 82.386,
              "Actual Rows": 1,
              "Actual Loops": 5,
              "Plans": [
                {
                  "Node Type": "Seq Scan",
                  "Parent Relationship": "Outer",
                  "Parallel Aware": true,
                  "Relation Name": "title",
                  "Alias": "t",
                  "Startup Cost": 0.0,
                  "Total Cost": 45479.1,
                  "Plan Rows": 3800,
                  "Plan Width": 0,
                  "Actual Startup Time": 0.409,
                  "Actual Total Time": 82.129,
                  "Actual Rows": 2594,
                  "Actual Loops": 5,
                  "Filter": "((kind_id < 7) AND (production_year = 1997))",
                  "Rows Removed by Filter": 503069
                }
              ]
            }
          ]
        }
      ]
    },
    "Planning Time": 0.158,
    "Triggers": [],
    "Execution Time": 102.846
  }
]