{
    "Plan": {
        "Node Type": "Aggregate",
        "Strategy": "Plain",
        "Partial Mode": "Finalize",
        "Parallel Aware": false,
        "Startup Cost": 57508.38,
        "Total Cost": 57508.39,
        "Plan Rows": 1,
        "Plan Width": 8,
        "Actual Startup Time": 230.588,
        "Actual Total Time": 267.224,
        "Actual Rows": 1,
        "Actual Loops": 1,
        "Output": [
            "count(*)"
        ],
        "Plans": [
            {
                "Node Type": "Gather",
                "Parent Relationship": "Outer",
                "Parallel Aware": false,
                "Startup Cost": 57508.06,
                "Total Cost": 57508.37,
                "Plan Rows": 3,
                "Plan Width": 8,
                "Actual Startup Time": 230.372,
                "Actual Total Time": 267.215,
                "Actual Rows": 4,
                "Actual Loops": 1,
                "Output": [
                    "(PARTIAL count(*))"
                ],
                "Workers Planned": 3,
                "Workers Launched": 3,
                "Single Copy": false,
                "Plans": [
                    {
                        "Node Type": "Aggregate",
                        "Strategy": "Plain",
                        "Partial Mode": "Partial",
                        "Parent Relationship": "Outer",
                        "Parallel Aware": false,
                        "Startup Cost": 56508.06,
                        "Total Cost": 56508.07,
                        "Plan Rows": 1,
                        "Plan Width": 8,
                        "Actual Startup Time": 220.901,
                        "Actual Total Time": 220.903,
                        "Actual Rows": 1,
                        "Actual Loops": 4,
                        "Output": [
                            "PARTIAL count(*)"
                        ],
                        "Workers": [
                            {
                                "Worker Number": 0,
                                "Actual Startup Time": 217.677,
                                "Actual Total Time": 217.679,
                                "Actual Rows": 1,
                                "Actual Loops": 1
                            },
                            {
                                "Worker Number": 1,
                                "Actual Startup Time": 218.169,
                                "Actual Total Time": 218.17,
                                "Actual Rows": 1,
                                "Actual Loops": 1
                            },
                            {
                                "Worker Number": 2,
                                "Actual Startup Time": 218.163,
                                "Actual Total Time": 218.165,
                                "Actual Rows": 1,
                                "Actual Loops": 1
                            }
                        ],
                        "Plans": [
                            {
                                "Node Type": "Nested Loop",
                                "Parent Relationship": "Outer",
                                "Parallel Aware": false,
                                "Join Type": "Inner",
                                "Startup Cost": 0.99,
                                "Total Cost": 56503.9,
                                "Plan Rows": 1665,
                                "Plan Width": 0,
                                "Actual Startup Time": 2.923,
                                "Actual Total Time": 220.56,
                                "Actual Rows": 2962,
                                "Actual Loops": 4,
                                "Inner Unique": false,
                                "Workers": [
                                    {
                                        "Worker Number": 0,
                                        "Actual Startup Time": 3.518,
                                        "Actual Total Time": 217.276,
                                        "Actual Rows": 1920,
                                        "Actual Loops": 1
                                    },
                                    {
                                        "Worker Number": 1,
                                        "Actual Startup Time": 1.366,
                                        "Actual Total Time": 217.855,
                                        "Actual Rows": 2196,
                                        "Actual Loops": 1
                                    },
                                    {
                                        "Worker Number": 2,
                                        "Actual Startup Time": 5.166,
                                        "Actual Total Time": 217.869,
                                        "Actual Rows": 2111,
                                        "Actual Loops": 1
                                    }
                                ],
                                "Plans": [
                                    {
                                        "Node Type": "Nested Loop",
                                        "Parent Relationship": "Outer",
                                        "Parallel Aware": false,
                                        "Join Type": "Inner",
                                        "Startup Cost": 0.43,
                                        "Total Cost": 53504.8,
                                        "Plan Rows": 1459,
                                        "Plan Width": 8,
                                        "Actual Startup Time": 1.199,
                                        "Actual Total Time": 111.547,
                                        "Actual Rows": 1169,
                                        "Actual Loops": 4,
                                        "Output": [
                                            "t.id",
                                            "mk.movie_id"
                                        ],
                                        "Inner Unique": true,
                                        "Workers": [
                                            {
                                                "Worker Number": 0,
                                                "Actual Startup Time": 1.213,
                                                "Actual Total Time": 96.064,
                                                "Actual Rows": 659,
                                                "Actual Loops": 1
                                            },
                                            {
                                                "Worker Number": 1,
                                                "Actual Startup Time": 0.983,
                                                "Actual Total Time": 97.73,
                                                "Actual Rows": 855,
                                                "Actual Loops": 1
                                            },
                                            {
                                                "Worker Number": 2,
                                                "Actual Startup Time": 1.014,
                                                "Actual Total Time": 101.985,
                                                "Actual Rows": 942,
                                                "Actual Loops": 1
                                            }
                                        ],
                                        "Plans": [
                                            {
                                                "Node Type": "Seq Scan",
                                                "Parent Relationship": "Outer",
                                                "Parallel Aware": true,
                                                "Relation Name": "movie_keyword",
                                                "Schema": "public",
                                                "Alias": "mk",
                                                "Startup Cost": 0.0,
                                                "Total Cost": 42695.65,
                                                "Plan Rows": 1459,
                                                "Plan Width": 4,
                                                "Actual Startup Time": 1.017,
                                                "Actual Total Time": 98.032,
                                                "Actual Rows": 1169,
                                                "Actual Loops": 4,
                                                "Output": [
                                                    "mk.id",
                                                    "mk.movie_id",
                                                    "mk.keyword_id"
                                                ],
                                                "Filter": "(mk.keyword_id = 2849)",
                                                "Rows Removed by Filter": 1129814,
                                                "Workers": [
                                                    {
                                                        "Worker Number": 0,
                                                        "Actual Startup Time": 0.972,
                                                        "Actual Total Time": 82.068,
                                                        "Actual Rows": 659,
                                                        "Actual Loops": 1
                                                    },
                                                    {
                                                        "Worker Number": 1,
                                                        "Actual Startup Time": 0.75,
                                                        "Actual Total Time": 83.639,
                                                        "Actual Rows": 855,
                                                        "Actual Loops": 1
                                                    },
                                                    {
                                                        "Worker Number": 2,
                                                        "Actual Startup Time": 0.794,
                                                        "Actual Total Time": 86.974,
                                                        "Actual Rows": 942,
                                                        "Actual Loops": 1
                                                    }
                                                ]
                                            },
                                            {
                                                "Node Type": "Index Only Scan",
                                                "Parent Relationship": "Inner",
                                                "Parallel Aware": false,
                                                "Scan Direction": "Forward",
                                                "Index Name": "title_pkey",
                                                "Relation Name": "title",
                                                "Schema": "public",
                                                "Alias": "t",
                                                "Startup Cost": 0.43,
                                                "Total Cost": 7.41,
                                                "Plan Rows": 1,
                                                "Plan Width": 4,
                                                "Actual Startup Time": 0.011,
                                                "Actual Total Time": 0.011,
                                                "Actual Rows": 1,
                                                "Actual Loops": 4676,
                                                "Output": [
                                                    "t.id"
                                                ],
                                                "Index Cond": "(t.id = mk.movie_id)",
                                                "Rows Removed by Index Recheck": 0,
                                                "Heap Fetches": 4676,
                                                "Workers": [
                                                    {
                                                        "Worker Number": 0,
                                                        "Actual Startup Time": 0.02,
                                                        "Actual Total Time": 0.02,
                                                        "Actual Rows": 1,
                                                        "Actual Loops": 659
                                                    },
                                                    {
                                                        "Worker Number": 1,
                                                        "Actual Startup Time": 0.016,
                                                        "Actual Total Time": 0.016,
                                                        "Actual Rows": 1,
                                                        "Actual Loops": 855
                                                    },
                                                    {
                                                        "Worker Number": 2,
                                                        "Actual Startup Time": 0.015,
                                                        "Actual Total Time": 0.015,
                                                        "Actual Rows": 1,
                                                        "Actual Loops": 942
                                                    }
                                                ]
                                            }
                                        ]
                                    },
                                    {
                                        "Node Type": "Index Scan",
                                        "Parent Relationship": "Inner",
                                        "Parallel Aware": false,
                                        "Scan Direction": "Forward",
                                        "Index Name": "movie_id_cast_info",
                                        "Relation Name": "cast_info",
                                        "Schema": "public",
                                        "Alias": "ci",
                                        "Startup Cost": 0.56,
                                        "Total Cost": 2.03,
                                        "Plan Rows": 3,
                                        "Plan Width": 4,
                                        "Actual Startup Time": 0.078,
                                        "Actual Total Time": 0.092,
                                        "Actual Rows": 3,
                                        "Actual Loops": 4676,
                                        "Output": [
                                            "ci.id",
                                            "ci.person_id",
                                            "ci.movie_id",
                                            "ci.person_role_id",
                                            "ci.note",
                                            "ci.nr_order",
                                            "ci.role_id"
                                        ],
                                        "Index Cond": "(ci.movie_id = t.id)",
                                        "Rows Removed by Index Recheck": 0,
                                        "Filter": "((ci.person_id > 3251997) AND (ci.role_id > 1))",
                                        "Rows Removed by Filter": 23,
                                        "Workers": [
                                            {
                                                "Worker Number": 0,
                                                "Actual Startup Time": 0.152,
                                                "Actual Total Time": 0.182,
                                                "Actual Rows": 3,
                                                "Actual Loops": 659
                                            },
                                            {
                                                "Worker Number": 1,
                                                "Actual Startup Time": 0.118,
                                                "Actual Total Time": 0.14,
                                                "Actual Rows": 3,
                                                "Actual Loops": 855
                                            },
                                            {
                                                "Worker Number": 2,
                                                "Actual Startup Time": 0.104,
                                                "Actual Total Time": 0.122,
                                                "Actual Rows": 2,
                                                "Actual Loops": 942
                                            }
                                        ]
                                    }
                                ]
                            }
                        ]
                    }
                ]
            }
        ]
    },
    "Planning Time": 1.524,
    "Triggers": [],
    "Execution Time": 267.32
}