[
  {
    "Plan": {
      "Node Type": "Aggregate",
      "Strategy": "Plain",
      "Partial Mode": "Simple",
      "Parallel Aware": false,
      "Startup Cost": 544455.72,
      "Total Cost": 544455.73,
      "Plan Rows": 1,
      "Plan Width": 64,
      "Actual Startup Time": 3178.466,
      "Actual Total Time": 3335.397,
      "Actual Rows": 1,
      "Actual Loops": 1,
      "Plans": [
        {
          "Node Type": "Hash Join",
          "Parent Relationship": "Outer",
          "Parallel Aware": false,
          "Join Type": "Inner",
          "Startup Cost": 474516.94,
          "Total Cost": 544455.71,
          "Plan Rows": 1,
          "Plan Width": 32,
          "Actual Startup Time": 2884.668,
          "Actual Total Time": 3334.103,
          "Actual Rows": 7591,
          "Actual Loops": 1,
          "Inner Unique": true,
          "Hash Cond": "(t.kind_id = kt.id)",
          "Plans": [
            {
              "Node Type": "Gather",
              "Parent Relationship": "Outer",
              "Parallel Aware": false,
              "Startup Cost": 474515.84,
              "Total Cost": 544454.61,
              "Plan Rows": 1,
              "Plan Width": 36,
              "Actual Startup Time": 2884.6,
              "Actual Total Time": 3332.073,
              "Actual Rows": 7651,
              "Actual Loops": 1,
              "Workers Planned": 4,
              "Workers Launched": 4,
              "Single Copy": false,
              "Plans": [
                {
                  "Node Type": "Hash Join",
                  "Parent Relationship": "Outer",
                  "Parallel Aware": true,
                  "Join Type": "Inner",
                  "Startup Cost": 473515.84,
                  "Total Cost": 543454.51,
                  "Plan Rows": 1,
                  "Plan Width": 36,
                  "Actual Startup Time": 2873.887,
                  "Actual Total Time": 3162.973,
                  "Actual Rows": 1530,
                  "Actual Loops": 5,
                  "Inner Unique": false,
                  "Hash Cond": "(n.id = ci.person_id)",
                  "Plans": [
                    {
                      "Node Type": "Seq Scan",
                      "Parent Relationship": "Outer",
                      "Parallel Aware": true,
                      "Relation Name": "name",
                      "Alias": "n",
                      "Startup Cost": 0.0,
                      "Total Cost": 66031.66,
                      "Plan Rows": 1041866,
                      "Plan Width": 19,
                      "Actual Startup Time": 0.035,
                      "Actual Total Time": 160.045,
                      "Actual Rows": 833498,
                      "Actual Loops": 5
                    },
                    {
                      "Node Type": "Hash",
                      "Parent Relationship": "Inner",
                      "Parallel Aware": true,
                      "Startup Cost": 473515.83,
                      "Total Cost": 473515.83,
                      "Plan Rows": 1,
                      "Plan Width": 25,
                      "Actual Startup Time": 2872.235,
                      "Actual Total Time": 2872.266,
                      "Actual Rows": 1530,
                      "Actual Loops": 5,
                      "Hash Buckets": 8192,
                      "Original Hash Buckets": 1024,
                      "Hash Batches": 1,
                      "Original Hash Batches": 1,
                      "Peak Memory Usage": 664,
                      "Plans": [
                        {
                          "Node Type": "Hash Join",
                          "Parent Relationship": "Outer",
                          "Parallel Aware": true,
                          "Join Type": "Inner",
                          "Startup Cost": 143107.48,
                          "Total Cost": 473515.83,
                          "Plan Rows": 1,
                          "Plan Width": 25,
                          "Actual Startup Time": 715.459,
                          "Actual Total Time": 2587.65,
                          "Actual Rows": 1530,
                          "Actual Loops": 5,
                          "Inner Unique": false,
                          "Hash Cond": "(ci.movie_id = t.id)",
                          "Plans": [
                            {
                              "Node Type": "Hash Join",
                              "Parent Relationship": "Outer",
                              "Parallel Aware": true,
                              "Join Type": "Inner",
                              "Startup Cost": 48814.57,
                              "Total Cost": 377859.89,
                              "Plan Rows": 363471,
                              "Plan Width": 8,
                              "Actual Startup Time": 206.133,
                              "Actual Total Time": 2052.929,
                              "Actual Rows": 124717,
                              "Actual Loops": 5,
                              "Inner Unique": true,
                              "Hash Cond": "(ci.person_role_id = chn.id)",
                              "Plans": [
                                {
                                  "Node Type": "Seq Scan",
                                  "Parent Relationship": "Outer",
                                  "Parallel Aware": true,
                                  "Relation Name": "cast_info",
                                  "Alias": "ci",
                                  "Startup Cost": 0.0,
                                  "Total Cost": 313168.83,
                                  "Plan Rows": 6048183,
                                  "Plan Width": 12,
                                  "Actual Startup Time": 0.033,
                                  "Actual Total Time": 991.055,
                                  "Actual Rows": 7248869,
                                  "Actual Loops": 5
                                },
                                {
                                  "Node Type": "Hash",
                                  "Parent Relationship": "Inner",
                                  "Parallel Aware": true,
                                  "Startup Cost": 48224.8,
                                  "Total Cost": 48224.8,
                                  "Plan Rows": 47182,
                                  "Plan Width": 4,
                                  "Actual Startup Time": 205.257,
                                  "Actual Total Time": 205.258,
                                  "Actual Rows": 36030,
                                  "Actual Loops": 5,
                                  "Hash Buckets": 262144,
                                  "Original Hash Buckets": 262144,
                                  "Hash Batches": 1,
                                  "Original Hash Batches": 1,
                                  "Peak Memory Usage": 9184,
                                  "Plans": [
                                    {
                                      "Node Type": "Seq Scan",
                                      "Parent Relationship": "Outer",
                                      "Parallel Aware": true,
                                      "Relation Name": "char_name",
                                      "Alias": "chn",
                                      "Startup Cost": 0.0,
                                      "Total Cost": 48224.8,
                                      "Plan Rows": 47182,
                                      "Plan Width": 4,
                                      "Actual Startup Time": 0.068,
                                      "Actual Total Time": 186.395,
                                      "Actual Rows": 36030,
                                      "Actual Loops": 5,
                                      "Filter": "((name IS NOT NULL) AND ((name ~~ '%man%'::text) OR (name ~~ '%Man%'::text)))",
                                      "Rows Removed by Filter": 592037
                                    }
                                  ]
                                }
                              ]
                            },
                            {
                              "Node Type": "Hash",
                              "Parent Relationship": "Inner",
                              "Parallel Aware": true,
                              "Startup Cost": 94292.9,
                              "Total Cost": 94292.9,
                              "Plan Rows": 1,
                              "Plan Width": 33,
                              "Actual Startup Time": 507.469,
                              "Actual Total Time": 507.488,
                              "Actual Rows": 438,
                              "Actual Loops": 5,
                              "Hash Buckets": 1024,
                              "Original Hash Buckets": 1024,
                              "Hash Batches": 1,
                              "Original Hash Batches": 1,
                              "Peak Memory Usage": 200,
                              "Plans": [
                                {
                                  "Node Type": "Hash Join",
                                  "Parent Relationship": "Outer",
                                  "Parallel Aware": true,
                                  "Join Type": "Inner",
                                  "Startup Cost": 49949.18,
                                  "Total Cost": 94292.9,
                                  "Plan Rows": 1,
                                  "Plan Width": 33,
                                  "Actual Startup Time": 396.091,
                                  "Actual Total Time": 507.031,
                                  "Actual Rows": 438,
                                  "Actual Loops": 5,
                                  "Inner Unique": false,
                                  "Hash Cond": "(t.id = mk.movie_id)",
                                  "Plans": [
                                    {
                                      "Node Type": "Seq Scan",
                                      "Parent Relationship": "Outer",
                                      "Parallel Aware": true,
                                      "Relation Name": "title",
                                      "Alias": "t",
                                      "Startup Cost": 0.0,
                                      "Total Cost": 43898.97,
                                      "Plan Rows": 118596,
                                      "Plan Width": 25,
                                      "Actual Startup Time": 0.024,
                                      "Actual Total Time": 111.035,
                                      "Actual Rows": 95920,
                                      "Actual Loops": 5,
                                      "Filter": "(production_year < 1978)",
                                      "Rows Removed by Filter": 409742
                                    },
                                    {
                                      "Node Type": "Hash",
                                      "Parent Relationship": "Inner",
                                      "Parallel Aware": true,
                                      "Startup Cost": 49949.07,
                                      "Total Cost": 49949.07,
                                      "Plan Rows": 9,
                                      "Plan Width": 8,
                                      "Actual Startup Time": 379.45,
                                      "Actual Total Time": 379.465,
                                      "Actual Rows": 1279,
                                      "Actual Loops": 5,
                                      "Hash Buckets": 8192,
                                      "Original Hash Buckets": 1024,
                                      "Hash Batches": 1,
                                      "Original Hash Batches": 1,
                                      "Peak Memory Usage": 472,
                                      "Plans": [
                                        {
                                          "Node Type": "Hash Join",
                                          "Parent Relationship": "Outer",
                                          "Parallel Aware": false,
                                          "Join Type": "Inner",
                                          "Startup Cost": 7070.37,
                                          "Total Cost": 49949.07,
                                          "Plan Rows": 9,
                                          "Plan Width": 8,
                                          "Actual Startup Time": 122.994,
                                          "Actual Total Time": 333.566,
                                          "Actual Rows": 1279,
                                          "Actual Loops": 5,
                                          "Inner Unique": false,
                                          "Hash Cond": "(mk.movie_id = cc.movie_id)",
                                          "Plans": [
                                            {
                                              "Node Type": "Hash Join",
                                              "Parent Relationship": "Outer",
                                              "Parallel Aware": false,
                                              "Join Type": "Inner",
                                              "Startup Cost": 3967.95,
                                              "Total Cost": 46846.14,
                                              "Plan Rows": 109,
                                              "Plan Width": 4,
                                              "Actual Startup Time": 39.884,
                                              "Actual Total Time": 249.911,
                                              "Actual Rows": 4818,
                                              "Actual Loops": 5,
                                              "Inner Unique": true,
                                              "Hash Cond": "(mk.keyword_id = k.id)",
                                              "Plans": [
                                                {
                                                  "Node Type": "Seq Scan",
                                                  "Parent Relationship": "Outer",
                                                  "Parallel Aware": true,
                                                  "Relation Name": "movie_keyword",
                                                  "Alias": "mk",
                                                  "Startup Cost": 0.0,
                                                  "Total Cost": 39047.32,
                                                  "Plan Rows": 1459332,
                                                  "Plan Width": 8,
                                                  "Actual Startup Time": 0.025,
                                                  "Actual Total Time": 129.448,
                                                  "Actual Rows": 904786,
                                                  "Actual Loops": 5
                                                },
                                                {
                                                  "Node Type": "Hash",
                                                  "Parent Relationship": "Inner",
                                                  "Parallel Aware": false,
                                                  "Startup Cost": 3967.82,
                                                  "Total Cost": 3967.82,
                                                  "Plan Rows": 10,
                                                  "Plan Width": 4,
                                                  "Actual Startup Time": 39.708,
                                                  "Actual Total Time": 39.71,
                                                  "Actual Rows": 10,
                                                  "Actual Loops": 5,
                                                  "Hash Buckets": 1024,
                                                  "Original Hash Buckets": 1024,
                                                  "Hash Batches": 1,
                                                  "Original Hash Batches": 1,
                                                  "Peak Memory Usage": 9,
                                                  "Plans": [
                                                    {
                                                      "Node Type": "Seq Scan",
                                                      "Parent Relationship": "Outer",
                                                      "Parallel Aware": false,
                                                      "Relation Name": "keyword",
                                                      "Alias": "k",
                                                      "Startup Cost": 0.0,
                                                      "Total Cost": 3967.82,
                                                      "Plan Rows": 10,
                                                      "Plan Width": 4,
                                                      "Actual Startup Time": 0.17,
                                                      "Actual Total Time": 39.693,
                                                      "Actual Rows": 10,
                                                      "Actual Loops": 5,
                                                      "Filter": "(keyword = ANY ('{superhero,marvel-comics,based-on-comic,tv-special,fight,violence,magnet,web,claw,laser}'::text[]))",
                                                      "Rows Removed by Filter": 134160
                                                    }
                                                  ]
                                                }
                                              ]
                                            },
                                            {
                                              "Node Type": "Hash",
                                              "Parent Relationship": "Inner",
                                              "Parallel Aware": false,
                                              "Startup Cost": 2996.88,
                                              "Total Cost": 2996.88,
                                              "Plan Rows": 8443,
                                              "Plan Width": 4,
                                              "Actual Startup Time": 81.032,
                                              "Actual Total Time": 81.04,
                                              "Actual Rows": 85941,
                                              "Actual Loops": 5,
                                              "Hash Buckets": 131072,
                                              "Original Hash Buckets": 16384,
                                              "Hash Batches": 1,
                                              "Original Hash Batches": 1,
                                              "Peak Memory Usage": 4046,
                                              "Plans": [
                                                {
                                                  "Node Type": "Hash Join",
                                                  "Parent Relationship": "Outer",
                                                  "Parallel Aware": false,
                                                  "Join Type": "Inner",
                                                  "Startup Cost": 2.12,
                                                  "Total Cost": 2996.88,
                                                  "Plan Rows": 8443,
                                                  "Plan Width": 4,
                                                  "Actual Startup Time": 0.251,
                                                  "Actual Total Time": 61.69,
                                                  "Actual Rows": 85941,
                                                  "Actual Loops": 5,
                                                  "Inner Unique": true,
                                                  "Hash Cond": "(cc.status_id = cct2.id)",
                                                  "Plans": [
                                                    {
                                                      "Node Type": "Hash Join",
                                                      "Parent Relationship": "Outer",
                                                      "Parallel Aware": false,
                                                      "Join Type": "Inner",
                                                      "Startup Cost": 1.06,
                                                      "Total Cost": 2813.24,
                                                      "Plan Rows": 33772,
                                                      "Plan Width": 8,
                                                      "Actual Startup Time": 0.127,
                                                      "Actual Total Time": 44.104,
                                                      "Actual Rows": 85941,
                                                      "Actual Loops": 5,
                                                      "Inner Unique": true,
                                                      "Hash Cond": "(cc.subject_id = cct1.id)",
                                                      "Plans": [
                                                        {
                                                          "Node Type": "Seq Scan",
                                                          "Parent Relationship": "Outer",
                                                          "Parallel Aware": false,
                                                          "Relation Name": "complete_cast",
                                                          "Alias": "cc",
                                                          "Startup Cost": 0.0,
                                                          "Total Cost": 2081.86,
                                                          "Plan Rows": 135086,
                                                          "Plan Width": 12,
                                                          "Actual Startup Time": 0.049,
                                                          "Actual Total Time": 18.534,
                                                          "Actual Rows": 135086,
                                                          "Actual Loops": 5
                                                        },
                                                        {
                                                          "Node Type": "Hash",
                                                          "Parent Relationship": "Inner",
                                                          "Parallel Aware": false,
                                                          "Startup Cost": 1.05,
                                                          "Total Cost": 1.05,
                                                          "Plan Rows": 1,
                                                          "Plan Width": 4,
                                                          "Actual Startup Time": 0.025,
                                                          "Actual Total Time": 0.027,
                                                          "Actual Rows": 1,
                                                          "Actual Loops": 5,
                                                          "Hash Buckets": 1024,
                                                          "Original Hash Buckets": 1024,
                                                          "Hash Batches": 1,
                                                          "Original Hash Batches": 1,
                                                          "Peak Memory Usage": 9,
                                                          "Plans": [
                                                            {
                                                              "Node Type": "Seq Scan",
                                                              "Parent Relationship": "Outer",
                                                              "Parallel Aware": false,
                                                              "Relation Name": "comp_cast_type",
                                                              "Alias": "cct1",
                                                              "Startup Cost": 0.0,
                                                              "Total Cost": 1.05,
                                                              "Plan Rows": 1,
                                                              "Plan Width": 4,
                                                              "Actual Startup Time": 0.011,
                                                              "Actual Total Time": 0.014,
                                                              "Actual Rows": 1,
                                                              "Actual Loops": 5,
                                                              "Filter": "((kind)::text = 'cast'::text)",
                                                              "Rows Removed by Filter": 3
                                                            }
                                                          ]
                                                        }
                                                      ]
                                                    },
                                                    {
                                                      "Node Type": "Hash",
                                                      "Parent Relationship": "Inner",
                                                      "Parallel Aware": false,
                                                      "Startup Cost": 1.05,
                                                      "Total Cost": 1.05,
                                                      "Plan Rows": 1,
                                                      "Plan Width": 4,
                                                      "Actual Startup Time": 0.082,
                                                      "Actual Total Time": 0.084,
                                                      "Actual Rows": 2,
                                                      "Actual Loops": 5,
                                                      "Hash Buckets": 1024,
                                                      "Original Hash Buckets": 1024,
                                                      "Hash Batches": 1,
                                                      "Original Hash Batches": 1,
                                                      "Peak Memory Usage": 9,
                                                      "Plans": [
                                                        {
                                                          "Node Type": "Seq Scan",
                                                          "Parent Relationship": "Outer",
                                                          "Parallel Aware": false,
                                                          "Relation Name": "comp_cast_type",
                                                          "Alias": "cct2",
                                                          "Startup Cost": 0.0,
                                                          "Total Cost": 1.05,
                                                          "Plan Rows": 1,
                                                          "Plan Width": 4,
                                                          "Actual Startup Time": 0.047,
                                                          "Actual Total Time": 0.051,
                                                          "Actual Rows": 2,
                                                          "Actual Loops": 5,
                                                          "Filter": "((kind)::text ~~ '%complete%'::text)",
                                                          "Rows Removed by Filter": 2
                                                        }
                                                      ]
                                                    }
                                                  ]
                                                }
                                              ]
                                            }
                                          ]
                                        }
                                      ]
                                    }
                                  ]
                                }
                              ]
                            }
                          ]
                        }
                      ]
                    }
                  ]
                }
              ]
            },
            {
              "Node Type": "Hash",
              "Parent Relationship": "Inner",
              "Parallel Aware": false,
              "Startup Cost": 1.09,
              "Total Cost": 1.09,
              "Plan Rows": 1,
              "Plan Width": 4,
              "Actual Startup Time": 0.028,
              "Actual Total Time": 0.031,
              "Actual Rows": 1,
              "Actual Loops": 1,
              "Hash Buckets": 1024,
              "Original Hash Buckets": 1024,
              "Hash Batches": 1,
              "Original Hash Batches": 1,
              "Peak Memory Usage": 9,
              "Plans": [
                {
                  "Node Type": "Seq Scan",
                  "Parent Relationship": "Outer",
                  "Parallel Aware": false,
                  "Relation Name": "kind_type",
                  "Alias": "kt",
                  "Startup Cost": 0.0,
                  "Total Cost": 1.09,
                  "Plan Rows": 1,
                  "Plan Width": 4,
                  "Actual Startup Time": 0.019,
                  "Actual Total Time": 0.022,
                  "Actual Rows": 1,
                  "Actual Loops": 1,
                  "Filter": "((kind)::text = 'movie'::text)",
                  "Rows Removed by Filter": 6
                }
              ]
            }
          ]
        }
      ]
    },
    "Planning Time": 16.351,
    "Triggers": [],
    "Execution Time": 3336.172
  }
]