[
  {
    "Plan": {
      "Node Type": "Aggregate",
      "Strategy": "Plain",
      "Partial Mode": "Finalize",
      "Parallel Aware": false,
      "Startup Cost": 9677.86,
      "Total Cost": 9677.87,
      "Plan Rows": 1,
      "Plan Width": 8,
      "Actual Startup Time": 38.636,
      "Actual Total Time": 41.554,
      "Actual Rows": 1,
      "Actual Loops": 1,
      "Plans": [
        {
          "Node Type": "Gather",
          "Parent Relationship": "Outer",
          "Parallel Aware": false,
          "Startup Cost": 9677.54,
          "Total Cost": 9677.85,
          "Plan Rows": 3,
          "Plan Width": 8,
          "Actual Startup Time": 38.533,
          "Actual Total Time": 41.547,
          "Actual Rows": 4,
          "Actual Loops": 1,
          "Workers Planned": 3,
          "Workers Launched": 3,
          "Single Copy": false,
          "Plans": [
            {
              "Node Type": "Aggregate",
              "Strategy": "Plain",
              "Partial Mode": "Partial",
              "Parent Relationship": "Outer",
              "Parallel Aware": false,
              "Startup Cost": 8677.54,
              "Total Cost": 8677.55,
              "Plan Rows": 1,
              "Plan Width": 8,
              "Actual Startup Time": 29.903,
              "Actual Total Time": 29.904,
              "Actual Rows": 1,
              "Actual Loops": 4,
              "Plans": [
                {
                  "Node Type": "Index Scan",
                  "Parent Relationship": "Outer",
                  "Parallel Aware": true,
                  "Scan Direction": "Forward",
                  "Index Name": "role_id_cast_info",
                  "Relation Name": "cast_info",
                  "Alias": "ci",
                  "Startup Cost": 0.56,
                  "Total Cost": 8600.37,
                  "Plan Rows": 30868,
                  "Plan Width": 0,
                  "Actual Startup Time": 0.232,
                  "Actual Total Time": 28.501,
                  "Actual Rows": 11532,
                  "Actual Loops": 4,
                  "Index Cond": "(role_id > 10)",
                  "Rows Removed by Index Recheck": 0,
                  "Filter": "(person_id < 1142969)",
                  "Rows Removed by Filter": 67497
                }
              ]
            }
          ]
        }
      ]
    },
    "Planning Time": 0.207,
    "Triggers": [],
    "Execution Time": 41.611
  }
]