[
  {
    "Plan": {
      "Node Type": "Aggregate",
      "Strategy": "Plain",
      "Partial Mode": "Finalize",
      "Parallel Aware": false,
      "Startup Cost": 410199.1,
      "Total Cost": 410199.11,
      "Plan Rows": 1,
      "Plan Width": 8,
      "Actual Startup Time": 8027.2,
      "Actual Total Time": 8082.41,
      "Actual Rows": 1,
      "Actual Loops": 1,
      "Plans": [
        {
          "Node Type": "Gather",
          "Parent Relationship": "Outer",
          "Parallel Aware": false,
          "Startup Cost": 410198.78,
          "Total Cost": 410199.09,
          "Plan Rows": 3,
          "Plan Width": 8,
          "Actual Startup Time": 8024.84,
          "Actual Total Time": 8082.402,
          "Actual Rows": 4,
          "Actual Loops": 1,
          "Workers Planned": 3,
          "Workers Launched": 3,
          "Single Copy": false,
          "Plans": [
            {
              "Node Type": "Aggregate",
              "Strategy": "Plain",
              "Partial Mode": "Partial",
              "Parent Relationship": "Outer",
              "Parallel Aware": false,
              "Startup Cost": 409198.78,
              "Total Cost": 409198.79,
              "Plan Rows": 1,
              "Plan Width": 8,
              "Actual Startup Time": 8021.881,
              "Actual Total Time": 8021.883,
              "Actual Rows": 1,
              "Actual Loops": 4,
              "Plans": [
                {
                  "Node Type": "Nested Loop",
                  "Parent Relationship": "Outer",
                  "Parallel Aware": false,
                  "Join Type": "Inner",
                  "Startup Cost": 46413.02,
                  "Total Cost": 403876.88,
                  "Plan Rows": 2128759,
                  "Plan Width": 0,
                  "Actual Startup Time": 111.343,
                  "Actual Total Time": 7442.94,
                  "Actual Rows": 13937246,
                  "Actual Loops": 4,
                  "Inner Unique": false,
                  "Join Filter": "(t.id = ci.movie_id)",
                  "Rows Removed by Join Filter": 0,
                  "Plans": [
                    {
                      "Node Type": "Hash Join",
                      "Parent Relationship": "Outer",
                      "Parallel Aware": true,
                      "Join Type": "Inner",
                      "Startup Cost": 46412.46,
                      "Total Cost": 92407.47,
                      "Plan Rows": 148463,
                      "Plan Width": 8,
                      "Actual Startup Time": 111.269,
                      "Actual Total Time": 348.585,
                      "Actual Rows": 364853,
                      "Actual Loops": 4,
                      "Inner Unique": true,
                      "Hash Cond": "(mk.movie_id = t.id)",
                      "Plans": [
                        {
                          "Node Type": "Seq Scan",
                          "Parent Relationship": "Outer",
                          "Parallel Aware": true,
                          "Relation Name": "movie_keyword",
                          "Alias": "mk",
                          "Startup Cost": 0.0,
                          "Total Cost": 42695.65,
                          "Plan Rows": 1256899,
                          "Plan Width": 4,
                          "Actual Startup Time": 0.029,
                          "Actual Total Time": 109.755,
                          "Actual Rows": 973938,
                          "Actual Loops": 4,
                          "Filter": "(keyword_id > 486)",
                          "Rows Removed by Filter": 157045
                        },
                        {
                          "Node Type": "Hash",
                          "Parent Relationship": "Inner",
                          "Parallel Aware": true,
                          "Startup Cost": 45479.21,
                          "Total Cost": 45479.21,
                          "Plan Rows": 74660,
                          "Plan Width": 4,
                          "Actual Startup Time": 110.005,
                          "Actual Total Time": 110.005,
                          "Actual Rows": 102922,
                          "Actual Loops": 4,
                          "Hash Buckets": 524288,
                          "Original Hash Buckets": 524288,
                          "Hash Batches": 1,
                          "Original Hash Batches": 1,
                          "Peak Memory Usage": 20256,
                          "Plans": [
                            {
                              "Node Type": "Seq Scan",
                              "Parent Relationship": "Outer",
                              "Parallel Aware": true,
                              "Relation Name": "title",
                              "Alias": "t",
                              "Startup Cost": 0.0,
                              "Total Cost": 45479.21,
                              "Plan Rows": 74660,
                              "Plan Width": 4,
                              "Actual Startup Time": 0.023,
                              "Actual Total Time": 79.096,
                              "Actual Rows": 102922,
                              "Actual Loops": 4,
                              "Filter": "((kind_id < 7) AND (production_year < 1993))",
                              "Rows Removed by Filter": 529156
                            }
                          ]
                        }
                      ]
                    },
                    {
                      "Node Type": "Index Only Scan",
                      "Parent Relationship": "Inner",
                      "Parallel Aware": false,
                      "Scan Direction": "Forward",
                      "Index Name": "movie_id_cast_info",
                      "Relation Name": "cast_info",
                      "Alias": "ci",
                      "Startup Cost": 0.56,
                      "Total Cost": 1.62,
                      "Plan Rows": 38,
                      "Plan Width": 4,
                      "Actual Startup Time": 0.003,
                      "Actual Total Time": 0.016,
                      "Actual Rows": 38,
                      "Actual Loops": 1459411,
                      "Index Cond": "(movie_id = mk.movie_id)",
                      "Rows Removed by Index Recheck": 0,
                      "Heap Fetches": 55748986
                    }
                  ]
                }
              ]
            }
          ]
        }
      ]
    },
    "Planning Time": 0.386,
    "Triggers": [],
    "Execution Time": 8082.463
  }
]