[
  {
    "Plan": {
      "Node Type": "Aggregate",
      "Strategy": "Plain",
      "Partial Mode": "Finalize",
      "Parallel Aware": false,
      "Startup Cost": 351358.12,
      "Total Cost": 351358.13,
      "Plan Rows": 1,
      "Plan Width": 8,
      "Actual Startup Time": 733.561,
      "Actual Total Time": 789.781,
      "Actual Rows": 1,
      "Actual Loops": 1,
      "Plans": [
        {
          "Node Type": "Gather",
          "Parent Relationship": "Outer",
          "Parallel Aware": false,
          "Startup Cost": 351357.49,
          "Total Cost": 351358.1,
          "Plan Rows": 6,
          "Plan Width": 8,
          "Actual Startup Time": 733.321,
          "Actual Total Time": 789.772,
          "Actual Rows": 7,
          "Actual Loops": 1,
          "Workers Planned": 6,
          "Workers Launched": 6,
          "Single Copy": false,
          "Plans": [
            {
              "Node Type": "Aggregate",
              "Strategy": "Plain",
              "Partial Mode": "Partial",
              "Parent Relationship": "Outer",
              "Parallel Aware": false,
              "Startup Cost": 350357.49,
              "Total Cost": 350357.5,
              "Plan Rows": 1,
              "Plan Width": 8,
              "Actual Startup Time": 726.992,
              "Actual Total Time": 726.993,
              "Actual Rows": 1,
              "Actual Loops": 7,
              "Plans": [
                {
                  "Node Type": "Seq Scan",
                  "Parent Relationship": "Outer",
                  "Parallel Aware": true,
                  "Relation Name": "cast_info",
                  "Alias": "ci",
                  "Startup Cost": 0.0,
                  "Total Cost": 343257.03,
                  "Plan Rows": 2840185,
                  "Plan Width": 0,
                  "Actual Startup Time": 220.426,
                  "Actual Total Time": 646.74,
                  "Actual Rows": 1917323,
                  "Actual Loops": 7,
                  "Filter": "((person_id < 2700863) AND (role_id > 1))",
                  "Rows Removed by Filter": 3260440
                }
              ]
            }
          ]
        }
      ]
    },
    "Planning Time": 0.226,
    "Triggers": [],
    "Execution Time": 789.853
  }
]