[
  {
    "Plan": {
      "Node Type": "Aggregate",
      "Strategy": "Plain",
      "Partial Mode": "Finalize",
      "Parallel Aware": false,
      "Startup Cost": 95893.26,
      "Total Cost": 95893.27,
      "Plan Rows": 1,
      "Plan Width": 8,
      "Actual Startup Time": 446.714,
      "Actual Total Time": 461.823,
      "Actual Rows": 1,
      "Actual Loops": 1,
      "Plans": [
        {
          "Node Type": "Gather",
          "Parent Relationship": "Outer",
          "Parallel Aware": false,
          "Startup Cost": 95892.94,
          "Total Cost": 95893.25,
          "Plan Rows": 3,
          "Plan Width": 8,
          "Actual Startup Time": 444.072,
          "Actual Total Time": 461.802,
          "Actual Rows": 4,
          "Actual Loops": 1,
          "Workers Planned": 3,
          "Workers Launched": 3,
          "Single Copy": false,
          "Plans": [
            {
              "Node Type": "Aggregate",
              "Strategy": "Plain",
              "Partial Mode": "Partial",
              "Parent Relationship": "Outer",
              "Parallel Aware": false,
              "Startup Cost": 94892.94,
              "Total Cost": 94892.95,
              "Plan Rows": 1,
              "Plan Width": 8,
              "Actual Startup Time": 438.966,
              "Actual Total Time": 438.969,
              "Actual Rows": 1,
              "Actual Loops": 4,
              "Plans": [
                {
                  "Node Type": "Hash Join",
                  "Parent Relationship": "Outer",
                  "Parallel Aware": true,
                  "Join Type": "Inner",
                  "Startup Cost": 47889.04,
                  "Total Cost": 93923.33,
                  "Plan Rows": 387844,
                  "Plan Width": 0,
                  "Actual Startup Time": 165.548,
                  "Actual Total Time": 413.111,
                  "Actual Rows": 588543,
                  "Actual Loops": 4,
                  "Inner Unique": true,
                  "Hash Cond": "(mk.movie_id = t.id)",
                  "Plans": [
                    {
                      "Node Type": "Seq Scan",
                      "Parent Relationship": "Outer",
                      "Parallel Aware": true,
                      "Relation Name": "movie_keyword",
                      "Alias": "mk",
                      "Startup Cost": 0.0,
                      "Total Cost": 42695.65,
                      "Plan Rows": 1271860,
                      "Plan Width": 4,
                      "Actual Startup Time": 0.043,
                      "Actual Total Time": 116.694,
                      "Actual Rows": 983272,
                      "Actual Loops": 4,
                      "Filter": "(keyword_id > 429)",
                      "Rows Removed by Filter": 147710
                    },
                    {
                      "Node Type": "Hash",
                      "Parent Relationship": "Inner",
                      "Parallel Aware": true,
                      "Startup Cost": 45479.59,
                      "Total Cost": 45479.59,
                      "Plan Rows": 192756,
                      "Plan Width": 4,
                      "Actual Startup Time": 162.921,
                      "Actual Total Time": 162.922,
                      "Actual Rows": 169283,
                      "Actual Loops": 4,
                      "Hash Buckets": 1048576,
                      "Original Hash Buckets": 1048576,
                      "Hash Batches": 1,
                      "Original Hash Batches": 1,
                      "Peak Memory Usage": 34752,
                      "Plans": [
                        {
                          "Node Type": "Seq Scan",
                          "Parent Relationship": "Outer",
                          "Parallel Aware": true,
                          "Relation Name": "title",
                          "Alias": "t",
                          "Startup Cost": 0.0,
                          "Total Cost": 45479.59,
                          "Plan Rows": 192756,
                          "Plan Width": 4,
                          "Actual Startup Time": 0.033,
                          "Actual Total Time": 99.716,
                          "Actual Rows": 169283,
                          "Actual Loops": 4,
                          "Filter": "((kind_id < 7) AND (production_year > 1978))",
                          "Rows Removed by Filter": 462795
                        }
                      ]
                    }
                  ]
                }
              ]
            }
          ]
        }
      ]
    },
    "Planning Time": 0.194,
    "Triggers": [],
    "Execution Time": 461.867
  }
]