{
  "Plan": {
    "Node Type": "Aggregate",
    "Strategy": "Plain",
    "Partial Mode": "Finalize",
    "Parallel Aware": false,
    "Startup Cost": 75680.81,
    "Total Cost": 75680.82,
    "Plan Rows": 1,
    "Plan Width": 8,
    "Actual Startup Time": 287.833,
    "Actual Total Time": 294.698,
    "Actual Rows": 1,
    "Actual Loops": 1,
    "Plans": [
      {
        "Node Type": "Gather",
        "Parent Relationship": "Outer",
        "Parallel Aware": false,
        "Startup Cost": 75680.7,
        "Total Cost": 75680.81,
        "Plan Rows": 1,
        "Plan Width": 8,
        "Actual Startup Time": 286.659,
        "Actual Total Time": 294.691,
        "Actual Rows": 2,
        "Actual Loops": 1,
        "Workers Planned": 1,
        "Workers Launched": 1,
        "Single Copy": false,
        "Plans": [
          {
            "Node Type": "Aggregate",
            "Strategy": "Plain",
            "Partial Mode": "Partial",
            "Parent Relationship": "Outer",
            "Parallel Aware": false,
            "Startup Cost": 74680.7,
            "Total Cost": 74680.71,
            "Plan Rows": 1,
            "Plan Width": 8,
            "Actual Startup Time": 274.609,
            "Actual Total Time": 274.613,
            "Actual Rows": 1,
            "Actual Loops": 2,
            "Plans": [
              {
                "Node Type": "Hash Join",
                "Parent Relationship": "Outer",
                "Parallel Aware": true,
                "Join Type": "Inner",
                "Startup Cost": 55805.49,
                "Total Cost": 74604.94,
                "Plan Rows": 30306,
                "Plan Width": 0,
                "Actual Startup Time": 197.232,
                "Actual Total Time": 271.514,
                "Actual Rows": 61654,
                "Actual Loops": 2,
                "Inner Unique": true,
                "Hash Cond": "(mi_idx.movie_id = t.id)",
                "Plans": [
                  {
                    "Node Type": "Seq Scan",
                    "Parent Relationship": "Outer",
                    "Parallel Aware": true,
                    "Relation Name": "movie_info_idx",
                    "Alias": "mi_idx",
                    "Startup Cost": 0.0,
                    "Total Cost": 18082.32,
                    "Plan Rows": 273193,
                    "Plan Width": 4,
                    "Actual Startup Time": 0.023,
                    "Actual Total Time": 63.472,
                    "Actual Rows": 229962,
                    "Actual Loops": 2,
                    "Filter": "(info_type_id = 100)",
                    "Rows Removed by Filter": 460055
                  },
                  {
                    "Node Type": "Hash",
                    "Parent Relationship": "Inner",
                    "Parallel Aware": true,
                    "Startup Cost": 53743.23,
                    "Total Cost": 53743.23,
                    "Plan Rows": 164981,
                    "Plan Width": 4,
                    "Actual Startup Time": 148.273,
                    "Actual Total Time": 148.275,
                    "Actual Rows": 191148,
                    "Actual Loops": 2,
                    "Hash Buckets": 524288,
                    "Original Hash Buckets": 524288,
                    "Hash Batches": 1,
                    "Original Hash Batches": 1,
                    "Peak Memory Usage": 19072,
                    "Plans": [
                      {
                        "Node Type": "Bitmap Heap Scan",
                        "Parent Relationship": "Outer",
                        "Parallel Aware": true,
                        "Relation Name": "title",
                        "Alias": "t",
                        "Startup Cost": 11892.97,
                        "Total Cost": 53743.23,
                        "Plan Rows": 164981,
                        "Plan Width": 4,
                        "Actual Startup Time": 32.553,
                        "Actual Total Time": 104.794,
                        "Actual Rows": 191148,
                        "Actual Loops": 2,
                        "Recheck Cond": "(kind_id = 1)",
                        "Rows Removed by Index Recheck": 0,
                        "Filter": "(production_year < 2001)",
                        "Rows Removed by Filter": 140264,
                        "Exact Heap Blocks": 9022,
                        "Lossy Heap Blocks": 0,
                        "Plans": [
                          {
                            "Node Type": "Bitmap Index Scan",
                            "Parent Relationship": "Outer",
                            "Parallel Aware": false,
                            "Index Name": "kind_id_title",
                            "Startup Cost": 0.0,
                            "Total Cost": 11822.85,
                            "Plan Rows": 663256,
                            "Plan Width": 0,
                            "Actual Startup Time": 37.629,
                            "Actual Total Time": 37.629,
                            "Actual Rows": 662825,
                            "Actual Loops": 1,
                            "Index Cond": "(kind_id = 1)"
                          }
                        ]
                      }
                    ]
                  }
                ]
              }
            ]
          }
        ]
      }
    ]
  },
  "Planning Time": 0.498,
  "Triggers": [],
  "Execution Time": 294.788
}