[
  {
    "Plan": {
      "Node Type": "Aggregate",
      "Strategy": "Plain",
      "Partial Mode": "Finalize",
      "Parallel Aware": false,
      "Startup Cost": 133832.08,
      "Total Cost": 133832.09,
      "Plan Rows": 1,
      "Plan Width": 8,
      "Actual Startup Time": 1468.829,
      "Actual Total Time": 1488.774,
      "Actual Rows": 1,
      "Actual Loops": 1,
      "Plans": [
        {
          "Node Type": "Gather",
          "Parent Relationship": "Outer",
          "Parallel Aware": false,
          "Startup Cost": 133831.76,
          "Total Cost": 133832.07,
          "Plan Rows": 3,
          "Plan Width": 8,
          "Actual Startup Time": 1461.952,
          "Actual Total Time": 1488.764,
          "Actual Rows": 4,
          "Actual Loops": 1,
          "Workers Planned": 3,
          "Workers Launched": 3,
          "Single Copy": false,
          "Plans": [
            {
              "Node Type": "Aggregate",
              "Strategy": "Plain",
              "Partial Mode": "Partial",
              "Parent Relationship": "Outer",
              "Parallel Aware": false,
              "Startup Cost": 132831.76,
              "Total Cost": 132831.77,
              "Plan Rows": 1,
              "Plan Width": 8,
              "Actual Startup Time": 1450.283,
              "Actual Total Time": 1450.687,
              "Actual Rows": 1,
              "Actual Loops": 4,
              "Plans": [
                {
                  "Node Type": "Hash Join",
                  "Parent Relationship": "Outer",
                  "Parallel Aware": true,
                  "Join Type": "Inner",
                  "Startup Cost": 85274.77,
                  "Total Cost": 131313.18,
                  "Plan Rows": 607435,
                  "Plan Width": 0,
                  "Actual Startup Time": 536.398,
                  "Actual Total Time": 1191.731,
                  "Actual Rows": 5934250,
                  "Actual Loops": 4,
                  "Inner Unique": false,
                  "Hash Cond": "(mk.movie_id = t.id)",
                  "Plans": [
                    {
                      "Node Type": "Seq Scan",
                      "Parent Relationship": "Outer",
                      "Parallel Aware": true,
                      "Relation Name": "movie_keyword",
                      "Alias": "mk",
                      "Startup Cost": 0.0,
                      "Total Cost": 39047.32,
                      "Plan Rows": 1459332,
                      "Plan Width": 4,
                      "Actual Startup Time": 0.037,
                      "Actual Total Time": 93.283,
                      "Actual Rows": 1130982,
                      "Actual Loops": 4
                    },
                    {
                      "Node Type": "Hash",
                      "Parent Relationship": "Inner",
                      "Parallel Aware": true,
                      "Startup Cost": 81986.08,
                      "Total Cost": 81986.08,
                      "Plan Rows": 263095,
                      "Plan Width": 8,
                      "Actual Startup Time": 528.194,
                      "Actual Total Time": 528.597,
                      "Actual Rows": 231511,
                      "Actual Loops": 4,
                      "Hash Buckets": 2097152,
                      "Original Hash Buckets": 2097152,
                      "Hash Batches": 1,
                      "Original Hash Batches": 1,
                      "Peak Memory Usage": 52640,
                      "Plans": [
                        {
                          "Node Type": "Hash Join",
                          "Parent Relationship": "Outer",
                          "Parallel Aware": true,
                          "Join Type": "Inner",
                          "Startup Cost": 35658.29,
                          "Total Cost": 81986.08,
                          "Plan Rows": 263095,
                          "Plan Width": 8,
                          "Actual Startup Time": 168.985,
                          "Actual Total Time": 447.475,
                          "Actual Rows": 231511,
                          "Actual Loops": 4,
                          "Inner Unique": false,
                          "Hash Cond": "(t.id = mc.movie_id)",
                          "Plans": [
                            {
                              "Node Type": "Seq Scan",
                              "Parent Relationship": "Outer",
                              "Parallel Aware": true,
                              "Relation Name": "title",
                              "Alias": "t",
                              "Startup Cost": 0.0,
                              "Total Cost": 42318.73,
                              "Plan Rows": 632073,
                              "Plan Width": 4,
                              "Actual Startup Time": 0.011,
                              "Actual Total Time": 81.565,
                              "Actual Rows": 632078,
                              "Actual Loops": 4
                            },
                            {
                              "Node Type": "Hash",
                              "Parent Relationship": "Inner",
                              "Parallel Aware": true,
                              "Startup Cost": 31414.82,
                              "Total Cost": 31414.82,
                              "Plan Rows": 339478,
                              "Plan Width": 4,
                              "Actual Startup Time": 165.263,
                              "Actual Total Time": 165.264,
                              "Actual Rows": 231511,
                              "Actual Loops": 4,
                              "Hash Buckets": 2097152,
                              "Original Hash Buckets": 2097152,
                              "Hash Batches": 1,
                              "Original Hash Batches": 1,
                              "Peak Memory Usage": 52704,
                              "Plans": [
                                {
                                  "Node Type": "Seq Scan",
                                  "Parent Relationship": "Outer",
                                  "Parallel Aware": true,
                                  "Relation Name": "movie_companies",
                                  "Alias": "mc",
                                  "Startup Cost": 0.0,
                                  "Total Cost": 31414.82,
                                  "Plan Rows": 339478,
                                  "Plan Width": 4,
                                  "Actual Startup Time": 0.112,
                                  "Actual Total Time": 85.078,
                                  "Actual Rows": 231511,
                                  "Actual Loops": 4,
                                  "Filter": "((company_id > 401) AND (company_type_id < 2))",
                                  "Rows Removed by Filter": 420772
                                }
                              ]
                            }
                          ]
                        }
                      ]
                    }
                  ]
                }
              ]
            }
          ]
        }
      ]
    },
    "Planning Time": 1.414,
    "Triggers": [],
    "Execution Time": 1488.86
  }
]