{
  "Plan": {
    "Node Type": "Aggregate",
    "Strategy": "Plain",
    "Partial Mode": "Finalize",
    "Parallel Aware": false,
    "Startup Cost": 98678.43,
    "Total Cost": 98678.44,
    "Plan Rows": 1,
    "Plan Width": 8,
    "Actual Startup Time": 518.719,
    "Actual Total Time": 529.107,
    "Actual Rows": 1,
    "Actual Loops": 1,
    "Plans": [
      {
        "Node Type": "Gather",
        "Parent Relationship": "Outer",
        "Parallel Aware": false,
        "Startup Cost": 98678.31,
        "Total Cost": 98678.42,
        "Plan Rows": 1,
        "Plan Width": 8,
        "Actual Startup Time": 517.597,
        "Actual Total Time": 529.098,
        "Actual Rows": 2,
        "Actual Loops": 1,
        "Workers Planned": 1,
        "Workers Launched": 1,
        "Single Copy": false,
        "Plans": [
          {
            "Node Type": "Aggregate",
            "Strategy": "Plain",
            "Partial Mode": "Partial",
            "Parent Relationship": "Outer",
            "Parallel Aware": false,
            "Startup Cost": 97678.31,
            "Total Cost": 97678.32,
            "Plan Rows": 1,
            "Plan Width": 8,
            "Actual Startup Time": 511.716,
            "Actual Total Time": 511.72,
            "Actual Rows": 1,
            "Actual Loops": 2,
            "Plans": [
              {
                "Node Type": "Hash Join",
                "Parent Relationship": "Outer",
                "Parallel Aware": true,
                "Join Type": "Inner",
                "Startup Cost": 35277.68,
                "Total Cost": 97011.7,
                "Plan Rows": 266647,
                "Plan Width": 0,
                "Actual Startup Time": 142.901,
                "Actual Total Time": 502.267,
                "Actual Rows": 230137,
                "Actual Loops": 2,
                "Inner Unique": false,
                "Hash Cond": "(t.id = mc.movie_id)",
                "Plans": [
                  {
                    "Node Type": "Seq Scan",
                    "Parent Relationship": "Outer",
                    "Parallel Aware": true,
                    "Relation Name": "title",
                    "Alias": "t",
                    "Startup Cost": 0.0,
                    "Total Cost": 50870.31,
                    "Plan Rows": 1487231,
                    "Plan Width": 4,
                    "Actual Startup Time": 0.01,
                    "Actual Total Time": 113.817,
                    "Actual Rows": 1264156,
                    "Actual Loops": 2
                  },
                  {
                    "Node Type": "Hash",
                    "Parent Relationship": "Inner",
                    "Parallel Aware": true,
                    "Startup Cost": 31944.59,
                    "Total Cost": 31944.59,
                    "Plan Rows": 266647,
                    "Plan Width": 4,
                    "Actual Startup Time": 128.508,
                    "Actual Total Time": 128.51,
                    "Actual Rows": 230137,
                    "Actual Loops": 2,
                    "Hash Buckets": 524288,
                    "Original Hash Buckets": 524288,
                    "Hash Batches": 1,
                    "Original Hash Batches": 1,
                    "Peak Memory Usage": 22144,
                    "Plans": [
                      {
                        "Node Type": "Bitmap Heap Scan",
                        "Parent Relationship": "Outer",
                        "Parallel Aware": true,
                        "Relation Name": "movie_companies",
                        "Alias": "mc",
                        "Startup Cost": 9821.51,
                        "Total Cost": 31944.59,
                        "Plan Rows": 266647,
                        "Plan Width": 4,
                        "Actual Startup Time": 38.864,
                        "Actual Total Time": 82.394,
                        "Actual Rows": 230137,
                        "Actual Loops": 2,
                        "Recheck Cond": "(company_id > 76572)",
                        "Rows Removed by Index Recheck": 0,
                        "Exact Heap Blocks": 4455,
                        "Lossy Heap Blocks": 0,
                        "Plans": [
                          {
                            "Node Type": "Bitmap Index Scan",
                            "Parent Relationship": "Outer",
                            "Parallel Aware": false,
                            "Index Name": "company_id_movie_companies",
                            "Startup Cost": 0.0,
                            "Total Cost": 9708.18,
                            "Plan Rows": 453300,
                            "Plan Width": 0,
                            "Actual Startup Time": 38.114,
                            "Actual Total Time": 38.114,
                            "Actual Rows": 460274,
                            "Actual Loops": 1,
                            "Index Cond": "(company_id > 76572)"
                          }
                        ]
                      }
                    ]
                  }
                ]
              }
            ]
          }
        ]
      }
    ]
  },
  "Planning Time": 0.661,
  "Triggers": [],
  "Execution Time": 529.216
}