[
  {
    "Plan": {
      "Node Type": "Aggregate",
      "Strategy": "Plain",
      "Partial Mode": "Finalize",
      "Parallel Aware": false,
      "Startup Cost": 46543.65,
      "Total Cost": 46543.66,
      "Plan Rows": 1,
      "Plan Width": 8,
      "Actual Startup Time": 101.253,
      "Actual Total Time": 114.893,
      "Actual Rows": 1,
      "Actual Loops": 1,
      "Plans": [
        {
          "Node Type": "Gather",
          "Parent Relationship": "Outer",
          "Parallel Aware": false,
          "Startup Cost": 46543.23,
          "Total Cost": 46543.64,
          "Plan Rows": 4,
          "Plan Width": 8,
          "Actual Startup Time": 101.091,
          "Actual Total Time": 114.883,
          "Actual Rows": 5,
          "Actual Loops": 1,
          "Workers Planned": 4,
          "Workers Launched": 4,
          "Single Copy": false,
          "Plans": [
            {
              "Node Type": "Aggregate",
              "Strategy": "Plain",
              "Partial Mode": "Partial",
              "Parent Relationship": "Outer",
              "Parallel Aware": false,
              "Startup Cost": 45543.23,
              "Total Cost": 45543.24,
              "Plan Rows": 1,
              "Plan Width": 8,
              "Actual Startup Time": 91.311,
              "Actual Total Time": 91.312,
              "Actual Rows": 1,
              "Actual Loops": 5,
              "Plans": [
                {
                  "Node Type": "Seq Scan",
                  "Parent Relationship": "Outer",
                  "Parallel Aware": true,
                  "Relation Name": "title",
                  "Alias": "t",
                  "Startup Cost": 0.0,
                  "Total Cost": 45479.59,
                  "Plan Rows": 25459,
                  "Plan Width": 0,
                  "Actual Startup Time": 6.835,
                  "Actual Total Time": 91.286,
                  "Actual Rows": 72,
                  "Actual Loops": 5,
                  "Filter": "((kind_id > 1) AND (production_year < 1943))",
                  "Rows Removed by Filter": 505590
                }
              ]
            }
          ]
        }
      ]
    },
    "Planning Time": 0.199,
    "Triggers": [],
    "Execution Time": 114.964
  }
]