[
  {
    "Plan": {
      "Node Type": "Aggregate",
      "Strategy": "Plain",
      "Partial Mode": "Finalize",
      "Parallel Aware": false,
      "Startup Cost": 46547.17,
      "Total Cost": 46547.18,
      "Plan Rows": 1,
      "Plan Width": 8,
      "Actual Startup Time": 90.393,
      "Actual Total Time": 100.002,
      "Actual Rows": 1,
      "Actual Loops": 1,
      "Plans": [
        {
          "Node Type": "Gather",
          "Parent Relationship": "Outer",
          "Parallel Aware": false,
          "Startup Cost": 46546.75,
          "Total Cost": 46547.16,
          "Plan Rows": 4,
          "Plan Width": 8,
          "Actual Startup Time": 90.259,
          "Actual Total Time": 99.993,
          "Actual Rows": 5,
          "Actual Loops": 1,
          "Workers Planned": 4,
          "Workers Launched": 4,
          "Single Copy": false,
          "Plans": [
            {
              "Node Type": "Aggregate",
              "Strategy": "Plain",
              "Partial Mode": "Partial",
              "Parent Relationship": "Outer",
              "Parallel Aware": false,
              "Startup Cost": 45546.75,
              "Total Cost": 45546.76,
              "Plan Rows": 1,
              "Plan Width": 8,
              "Actual Startup Time": 82.472,
              "Actual Total Time": 82.474,
              "Actual Rows": 1,
              "Actual Loops": 5,
              "Plans": [
                {
                  "Node Type": "Seq Scan",
                  "Parent Relationship": "Outer",
                  "Parallel Aware": true,
                  "Relation Name": "title",
                  "Alias": "t",
                  "Startup Cost": 0.0,
                  "Total Cost": 45479.1,
                  "Plan Rows": 27062,
                  "Plan Width": 0,
                  "Actual Startup Time": 4.881,
                  "Actual Total Time": 82.447,
                  "Actual Rows": 72,
                  "Actual Loops": 5,
                  "Filter": "((kind_id > 1) AND (production_year < 1943))",
                  "Rows Removed by Filter": 505590
                }
              ]
            }
          ]
        }
      ]
    },
    "Planning Time": 0.191,
    "Triggers": [],
    "Execution Time": 100.074
  }
]