{
  "Plan": {
    "Node Type": "Aggregate",
    "Strategy": "Plain",
    "Partial Mode": "Finalize",
    "Parallel Aware": false,
    "Startup Cost": 74479.55,
    "Total Cost": 74479.56,
    "Plan Rows": 1,
    "Plan Width": 8,
    "Actual Startup Time": 212.909,
    "Actual Total Time": 225.642,
    "Actual Rows": 1,
    "Actual Loops": 1,
    "Plans": [
      {
        "Node Type": "Gather",
        "Parent Relationship": "Outer",
        "Parallel Aware": false,
        "Startup Cost": 74479.44,
        "Total Cost": 74479.55,
        "Plan Rows": 1,
        "Plan Width": 8,
        "Actual Startup Time": 212.665,
        "Actual Total Time": 225.634,
        "Actual Rows": 2,
        "Actual Loops": 1,
        "Workers Planned": 1,
        "Workers Launched": 1,
        "Single Copy": false,
        "Plans": [
          {
            "Node Type": "Aggregate",
            "Strategy": "Plain",
            "Partial Mode": "Partial",
            "Parent Relationship": "Outer",
            "Parallel Aware": false,
            "Startup Cost": 73479.44,
            "Total Cost": 73479.45,
            "Plan Rows": 1,
            "Plan Width": 8,
            "Actual Startup Time": 207.053,
            "Actual Total Time": 207.056,
            "Actual Rows": 1,
            "Actual Loops": 2,
            "Plans": [
              {
                "Node Type": "Hash Join",
                "Parent Relationship": "Outer",
                "Parallel Aware": true,
                "Join Type": "Inner",
                "Startup Cost": 54691.41,
                "Total Cost": 73475.73,
                "Plan Rows": 1482,
                "Plan Width": 0,
                "Actual Startup Time": 165.108,
                "Actual Total Time": 206.976,
                "Actual Rows": 1087,
                "Actual Loops": 2,
                "Inner Unique": true,
                "Hash Cond": "(mi_idx.movie_id = t.id)",
                "Plans": [
                  {
                    "Node Type": "Seq Scan",
                    "Parent Relationship": "Outer",
                    "Parallel Aware": true,
                    "Relation Name": "movie_info_idx",
                    "Alias": "mi_idx",
                    "Startup Cost": 0.0,
                    "Total Cost": 18082.32,
                    "Plan Rows": 267429,
                    "Plan Width": 4,
                    "Actual Startup Time": 0.019,
                    "Actual Total Time": 49.118,
                    "Actual Rows": 229962,
                    "Actual Loops": 2,
                    "Filter": "(info_type_id = 99)",
                    "Rows Removed by Filter": 460055
                  },
                  {
                    "Node Type": "Hash",
                    "Parent Relationship": "Inner",
                    "Parallel Aware": true,
                    "Startup Cost": 54588.39,
                    "Total Cost": 54588.39,
                    "Plan Rows": 8242,
                    "Plan Width": 4,
                    "Actual Startup Time": 136.518,
                    "Actual Total Time": 136.518,
                    "Actual Rows": 7894,
                    "Actual Loops": 2,
                    "Hash Buckets": 16384,
                    "Original Hash Buckets": 16384,
                    "Hash Batches": 1,
                    "Original Hash Batches": 1,
                    "Peak Memory Usage": 768,
                    "Plans": [
                      {
                        "Node Type": "Seq Scan",
                        "Parent Relationship": "Outer",
                        "Parallel Aware": true,
                        "Relation Name": "title",
                        "Alias": "t",
                        "Startup Cost": 0.0,
                        "Total Cost": 54588.39,
                        "Plan Rows": 8242,
                        "Plan Width": 4,
                        "Actual Startup Time": 75.326,
                        "Actual Total Time": 134.707,
                        "Actual Rows": 7894,
                        "Actual Loops": 2,
                        "Filter": "(production_year < 1906)",
                        "Rows Removed by Filter": 1256262
                      }
                    ]
                  }
                ]
              }
            ]
          }
        ]
      }
    ]
  },
  "Planning Time": 0.484,
  "Triggers": [],
  "Execution Time": 225.712
}