[
  {
    "Plan": {
      "Node Type": "Aggregate",
      "Strategy": "Plain",
      "Partial Mode": "Finalize",
      "Parallel Aware": false,
      "Startup Cost": 248051.4,
      "Total Cost": 248051.41,
      "Plan Rows": 1,
      "Plan Width": 8,
      "Actual Startup Time": 444.704,
      "Actual Total Time": 486.674,
      "Actual Rows": 1,
      "Actual Loops": 1,
      "Plans": [
        {
          "Node Type": "Gather",
          "Parent Relationship": "Outer",
          "Parallel Aware": false,
          "Startup Cost": 248050.88,
          "Total Cost": 248051.39,
          "Plan Rows": 5,
          "Plan Width": 8,
          "Actual Startup Time": 443.115,
          "Actual Total Time": 486.663,
          "Actual Rows": 6,
          "Actual Loops": 1,
          "Workers Planned": 5,
          "Workers Launched": 5,
          "Single Copy": false,
          "Plans": [
            {
              "Node Type": "Aggregate",
              "Strategy": "Plain",
              "Partial Mode": "Partial",
              "Parent Relationship": "Outer",
              "Parallel Aware": false,
              "Startup Cost": 247050.88,
              "Total Cost": 247050.89,
              "Plan Rows": 1,
              "Plan Width": 8,
              "Actual Startup Time": 433.034,
              "Actual Total Time": 433.037,
              "Actual Rows": 1,
              "Actual Loops": 6,
              "Plans": [
                {
                  "Node Type": "Hash Join",
                  "Parent Relationship": "Outer",
                  "Parallel Aware": true,
                  "Join Type": "Inner",
                  "Startup Cost": 46703.32,
                  "Total Cost": 246871.44,
                  "Plan Rows": 71775,
                  "Plan Width": 0,
                  "Actual Startup Time": 124.98,
                  "Actual Total Time": 427.55,
                  "Actual Rows": 134400,
                  "Actual Loops": 6,
                  "Inner Unique": true,
                  "Hash Cond": "(mi.movie_id = t.id)",
                  "Plans": [
                    {
                      "Node Type": "Seq Scan",
                      "Parent Relationship": "Outer",
                      "Parallel Aware": true,
                      "Relation Name": "movie_info",
                      "Alias": "mi",
                      "Startup Cost": 0.0,
                      "Total Cost": 198952.16,
                      "Plan Rows": 463221,
                      "Plan Width": 4,
                      "Actual Startup Time": 15.094,
                      "Actual Total Time": 270.673,
                      "Actual Rows": 372308,
                      "Actual Loops": 6,
                      "Filter": "(info_type_id > 16)",
                      "Rows Removed by Filter": 2100312
                    },
                    {
                      "Node Type": "Hash",
                      "Parent Relationship": "Inner",
                      "Parallel Aware": true,
                      "Startup Cost": 45479.1,
                      "Total Cost": 45479.1,
                      "Plan Rows": 97938,
                      "Plan Width": 4,
                      "Actual Startup Time": 95.991,
                      "Actual Total Time": 95.992,
                      "Actual Rows": 48282,
                      "Actual Loops": 6,
                      "Hash Buckets": 524288,
                      "Original Hash Buckets": 524288,
                      "Hash Batches": 1,
                      "Original Hash Batches": 1,
                      "Peak Memory Usage": 15520,
                      "Plans": [
                        {
                          "Node Type": "Seq Scan",
                          "Parent Relationship": "Outer",
                          "Parallel Aware": true,
                          "Relation Name": "title",
                          "Alias": "t",
                          "Startup Cost": 0.0,
                          "Total Cost": 45479.1,
                          "Plan Rows": 97938,
                          "Plan Width": 4,
                          "Actual Startup Time": 43.618,
                          "Actual Total Time": 80.076,
                          "Actual Rows": 48282,
                          "Actual Loops": 6,
                          "Filter": "((production_year > 1998) AND (kind_id = 1))",
                          "Rows Removed by Filter": 373103
                        }
                      ]
                    }
                  ]
                }
              ]
            }
          ]
        }
      ]
    },
    "Planning Time": 0.63,
    "Triggers": [],
    "Execution Time": 486.751
  }
]