[
  {
    "Plan": {
      "Node Type": "Aggregate",
      "Strategy": "Plain",
      "Partial Mode": "Finalize",
      "Parallel Aware": false,
      "Startup Cost": 82482.84,
      "Total Cost": 82482.85,
      "Plan Rows": 1,
      "Plan Width": 8,
      "Actual Startup Time": 333.504,
      "Actual Total Time": 351.478,
      "Actual Rows": 1,
      "Actual Loops": 1,
      "Plans": [
        {
          "Node Type": "Gather",
          "Parent Relationship": "Outer",
          "Parallel Aware": false,
          "Startup Cost": 82482.42,
          "Total Cost": 82482.83,
          "Plan Rows": 4,
          "Plan Width": 8,
          "Actual Startup Time": 329.741,
          "Actual Total Time": 351.467,
          "Actual Rows": 5,
          "Actual Loops": 1,
          "Workers Planned": 4,
          "Workers Launched": 4,
          "Single Copy": false,
          "Plans": [
            {
              "Node Type": "Aggregate",
              "Strategy": "Plain",
              "Partial Mode": "Partial",
              "Parent Relationship": "Outer",
              "Parallel Aware": false,
              "Startup Cost": 81482.42,
              "Total Cost": 81482.43,
              "Plan Rows": 1,
              "Plan Width": 8,
              "Actual Startup Time": 320.318,
              "Actual Total Time": 320.321,
              "Actual Rows": 1,
              "Actual Loops": 5,
              "Plans": [
                {
                  "Node Type": "Hash Join",
                  "Parent Relationship": "Outer",
                  "Parallel Aware": true,
                  "Join Type": "Inner",
                  "Startup Cost": 34801.17,
                  "Total Cost": 80957.54,
                  "Plan Rows": 209954,
                  "Plan Width": 0,
                  "Actual Startup Time": 128.199,
                  "Actual Total Time": 314.546,
                  "Actual Rows": 127166,
                  "Actual Loops": 5,
                  "Inner Unique": false,
                  "Hash Cond": "(t.id = mc.movie_id)",
                  "Plans": [
                    {
                      "Node Type": "Seq Scan",
                      "Parent Relationship": "Outer",
                      "Parallel Aware": true,
                      "Relation Name": "title",
                      "Alias": "t",
                      "Startup Cost": 0.0,
                      "Total Cost": 42318.73,
                      "Plan Rows": 632073,
                      "Plan Width": 4,
                      "Actual Startup Time": 0.015,
                      "Actual Total Time": 68.999,
                      "Actual Rows": 505662,
                      "Actual Loops": 5
                    },
                    {
                      "Node Type": "Hash",
                      "Parent Relationship": "Inner",
                      "Parallel Aware": true,
                      "Startup Cost": 31414.82,
                      "Total Cost": 31414.82,
                      "Plan Rows": 270908,
                      "Plan Width": 4,
                      "Actual Startup Time": 123.26,
                      "Actual Total Time": 123.261,
                      "Actual Rows": 127166,
                      "Actual Loops": 5,
                      "Hash Buckets": 1048576,
                      "Original Hash Buckets": 1048576,
                      "Hash Batches": 1,
                      "Original Hash Batches": 1,
                      "Peak Memory Usage": 33120,
                      "Plans": [
                        {
                          "Node Type": "Seq Scan",
                          "Parent Relationship": "Outer",
                          "Parallel Aware": true,
                          "Relation Name": "movie_companies",
                          "Alias": "mc",
                          "Startup Cost": 0.0,
                          "Total Cost": 31414.82,
                          "Plan Rows": 270908,
                          "Plan Width": 4,
                          "Actual Startup Time": 2.823,
                          "Actual Total Time": 78.317,
                          "Actual Rows": 127166,
                          "Actual Loops": 5,
                          "Filter": "((company_id > 2880) AND (company_type_id = 1))",
                          "Rows Removed by Filter": 394659
                        }
                      ]
                    }
                  ]
                }
              ]
            }
          ]
        }
      ]
    },
    "Planning Time": 0.646,
    "Triggers": [],
    "Execution Time": 351.547
  }
]