{
    "Plan": {
        "Node Type": "Aggregate",
        "Strategy": "Plain",
        "Partial Mode": "Finalize",
        "Parallel Aware": false,
        "Startup Cost": 33186.14,
        "Total Cost": 33186.15,
        "Plan Rows": 1,
        "Plan Width": 8,
        "Actual Startup Time": 153.844,
        "Actual Total Time": 166.289,
        "Actual Rows": 1,
        "Actual Loops": 1,
        "Output": [
            "count(*)"
        ],
        "Plans": [
            {
                "Node Type": "Gather",
                "Parent Relationship": "Outer",
                "Parallel Aware": false,
                "Startup Cost": 33185.82,
                "Total Cost": 33186.13,
                "Plan Rows": 3,
                "Plan Width": 8,
                "Actual Startup Time": 153.728,
                "Actual Total Time": 166.278,
                "Actual Rows": 4,
                "Actual Loops": 1,
                "Output": [
                    "(PARTIAL count(*))"
                ],
                "Workers Planned": 3,
                "Workers Launched": 3,
                "Single Copy": false,
                "Plans": [
                    {
                        "Node Type": "Aggregate",
                        "Strategy": "Plain",
                        "Partial Mode": "Partial",
                        "Parent Relationship": "Outer",
                        "Parallel Aware": false,
                        "Startup Cost": 32185.82,
                        "Total Cost": 32185.83,
                        "Plan Rows": 1,
                        "Plan Width": 8,
                        "Actual Startup Time": 144.981,
                        "Actual Total Time": 144.982,
                        "Actual Rows": 1,
                        "Actual Loops": 4,
                        "Output": [
                            "PARTIAL count(*)"
                        ],
                        "Workers": [
                            {
                                "Worker Number": 0,
                                "Actual Startup Time": 141.916,
                                "Actual Total Time": 141.918,
                                "Actual Rows": 1,
                                "Actual Loops": 1
                            },
                            {
                                "Worker Number": 1,
                                "Actual Startup Time": 142.264,
                                "Actual Total Time": 142.265,
                                "Actual Rows": 1,
                                "Actual Loops": 1
                            },
                            {
                                "Worker Number": 2,
                                "Actual Startup Time": 142.672,
                                "Actual Total Time": 142.674,
                                "Actual Rows": 1,
                                "Actual Loops": 1
                            }
                        ],
                        "Plans": [
                            {
                                "Node Type": "Seq Scan",
                                "Parent Relationship": "Outer",
                                "Parallel Aware": true,
                                "Relation Name": "movie_companies",
                                "Schema": "public",
                                "Alias": "mc",
                                "Startup Cost": 0.0,
                                "Total Cost": 31414.82,
                                "Plan Rows": 308402,
                                "Plan Width": 0,
                                "Actual Startup Time": 0.061,
                                "Actual Total Time": 123.338,
                                "Actual Rows": 313130,
                                "Actual Loops": 4,
                                "Output": [
                                    "id",
                                    "movie_id",
                                    "company_id",
                                    "company_type_id",
                                    "note"
                                ],
                                "Filter": "((mc.company_id < 53264) AND (mc.company_type_id < 2))",
                                "Rows Removed by Filter": 339152,
                                "Workers": [
                                    {
                                        "Worker Number": 0,
                                        "Actual Startup Time": 0.061,
                                        "Actual Total Time": 120.977,
                                        "Actual Rows": 298398,
                                        "Actual Loops": 1
                                    },
                                    {
                                        "Worker Number": 1,
                                        "Actual Startup Time": 0.067,
                                        "Actual Total Time": 121.359,
                                        "Actual Rows": 300086,
                                        "Actual Loops": 1
                                    },
                                    {
                                        "Worker Number": 2,
                                        "Actual Startup Time": 0.085,
                                        "Actual Total Time": 121.536,
                                        "Actual Rows": 302253,
                                        "Actual Loops": 1
                                    }
                                ]
                            }
                        ]
                    }
                ]
            }
        ]
    },
    "Planning Time": 2.066,
    "Triggers": [],
    "Execution Time": 166.49
}