[
  {
    "Plan": {
      "Node Type": "Aggregate",
      "Strategy": "Plain",
      "Partial Mode": "Finalize",
      "Parallel Aware": false,
      "Startup Cost": 266347.68,
      "Total Cost": 266347.69,
      "Plan Rows": 1,
      "Plan Width": 8,
      "Actual Startup Time": 1505.002,
      "Actual Total Time": 1552.677,
      "Actual Rows": 1,
      "Actual Loops": 1,
      "Plans": [
        {
          "Node Type": "Gather",
          "Parent Relationship": "Outer",
          "Parallel Aware": false,
          "Startup Cost": 266347.47,
          "Total Cost": 266347.68,
          "Plan Rows": 2,
          "Plan Width": 8,
          "Actual Startup Time": 1494.188,
          "Actual Total Time": 1552.666,
          "Actual Rows": 3,
          "Actual Loops": 1,
          "Workers Planned": 2,
          "Workers Launched": 2,
          "Single Copy": false,
          "Plans": [
            {
              "Node Type": "Aggregate",
              "Strategy": "Plain",
              "Partial Mode": "Partial",
              "Parent Relationship": "Outer",
              "Parallel Aware": false,
              "Startup Cost": 265347.47,
              "Total Cost": 265347.48,
              "Plan Rows": 1,
              "Plan Width": 8,
              "Actual Startup Time": 1487.613,
              "Actual Total Time": 1488.503,
              "Actual Rows": 1,
              "Actual Loops": 3,
              "Plans": [
                {
                  "Node Type": "Hash Join",
                  "Parent Relationship": "Outer",
                  "Parallel Aware": true,
                  "Join Type": "Inner",
                  "Startup Cost": 248703.32,
                  "Total Cost": 264901.52,
                  "Plan Rows": 178378,
                  "Plan Width": 0,
                  "Actual Startup Time": 1188.793,
                  "Actual Total Time": 1424.651,
                  "Actual Rows": 1374221,
                  "Actual Loops": 3,
                  "Inner Unique": false,
                  "Hash Cond": "(mi_idx.movie_id = t.id)",
                  "Plans": [
                    {
                      "Node Type": "Seq Scan",
                      "Parent Relationship": "Outer",
                      "Parallel Aware": true,
                      "Relation Name": "movie_info_idx",
                      "Alias": "mi_idx",
                      "Startup Cost": 0.0,
                      "Total Cost": 13685.15,
                      "Plan Rows": 575015,
                      "Plan Width": 4,
                      "Actual Startup Time": 0.031,
                      "Actual Total Time": 39.872,
                      "Actual Rows": 460012,
                      "Actual Loops": 3
                    },
                    {
                      "Node Type": "Hash",
                      "Parent Relationship": "Inner",
                      "Parallel Aware": true,
                      "Startup Cost": 246742.55,
                      "Total Cost": 246742.55,
                      "Plan Rows": 156862,
                      "Plan Width": 8,
                      "Actual Startup Time": 1182.269,
                      "Actual Total Time": 1183.157,
                      "Actual Rows": 590830,
                      "Actual Loops": 3,
                      "Hash Buckets": 2097152,
                      "Original Hash Buckets": 1048576,
                      "Hash Batches": 1,
                      "Original Hash Batches": 1,
                      "Peak Memory Usage": 93952,
                      "Plans": [
                        {
                          "Node Type": "Hash Join",
                          "Parent Relationship": "Outer",
                          "Parallel Aware": true,
                          "Join Type": "Inner",
                          "Startup Cost": 46574.43,
                          "Total Cost": 246742.55,
                          "Plan Rows": 156862,
                          "Plan Width": 8,
                          "Actual Startup Time": 267.583,
                          "Actual Total Time": 986.586,
                          "Actual Rows": 590830,
                          "Actual Loops": 3,
                          "Inner Unique": true,
                          "Hash Cond": "(mi.movie_id = t.id)",
                          "Plans": [
                            {
                              "Node Type": "Seq Scan",
                              "Parent Relationship": "Outer",
                              "Parallel Aware": true,
                              "Relation Name": "movie_info",
                              "Alias": "mi",
                              "Startup Cost": 0.0,
                              "Total Cost": 198952.16,
                              "Plan Rows": 463221,
                              "Plan Width": 4,
                              "Actual Startup Time": 30.208,
                              "Actual Total Time": 520.957,
                              "Actual Rows": 744617,
                              "Actual Loops": 3,
                              "Filter": "(info_type_id > 16)",
                              "Rows Removed by Filter": 4200623
                            },
                            {
                              "Node Type": "Hash",
                              "Parent Relationship": "Inner",
                              "Parallel Aware": true,
                              "Startup Cost": 43898.92,
                              "Total Cost": 43898.92,
                              "Plan Rows": 214041,
                              "Plan Width": 4,
                              "Actual Startup Time": 233.735,
                              "Actual Total Time": 233.736,
                              "Actual Rows": 284738,
                              "Actual Loops": 3,
                              "Hash Buckets": 1048576,
                              "Original Hash Buckets": 1048576,
                              "Hash Batches": 1,
                              "Original Hash Batches": 1,
                              "Peak Memory Usage": 41696,
                              "Plans": [
                                {
                                  "Node Type": "Seq Scan",
                                  "Parent Relationship": "Outer",
                                  "Parallel Aware": true,
                                  "Relation Name": "title",
                                  "Alias": "t",
                                  "Startup Cost": 0.0,
                                  "Total Cost": 43898.92,
                                  "Plan Rows": 214041,
                                  "Plan Width": 4,
                                  "Actual Startup Time": 0.042,
                                  "Actual Total Time": 127.759,
                                  "Actual Rows": 284738,
                                  "Actual Loops": 3,
                                  "Filter": "(kind_id < 4)",
                                  "Rows Removed by Filter": 558033
                                }
                              ]
                            }
                          ]
                        }
                      ]
                    }
                  ]
                }
              ]
            }
          ]
        }
      ]
    },
    "Planning Time": 1.41,
    "Triggers": [],
    "Execution Time": 1552.768
  }
]