{
    "Plan": {
        "Node Type": "Aggregate",
        "Strategy": "Plain",
        "Partial Mode": "Simple",
        "Parallel Aware": false,
        "Startup Cost": 50003219341.87,
        "Total Cost": 50003219341.88,
        "Plan Rows": 1,
        "Plan Width": 96,
        "Actual Startup Time": 9523.75,
        "Actual Total Time": 9524.006,
        "Actual Rows": 1,
        "Actual Loops": 1,
        "Output": [
            "min(chn.name)",
            "min(n.name)",
            "min(t.title)"
        ],
        "Plans": [
            {
                "Node Type": "Nested Loop",
                "Parent Relationship": "Outer",
                "Parallel Aware": false,
                "Join Type": "Inner",
                "Startup Cost": 50003219009.36,
                "Total Cost": 50003219341.86,
                "Plan Rows": 1,
                "Plan Width": 48,
                "Actual Startup Time": 9520.957,
                "Actual Total Time": 9523.992,
                "Actual Rows": 5,
                "Actual Loops": 1,
                "Output": [
                    "chn.name",
                    "n.name",
                    "t.title"
                ],
                "Inner Unique": true,
                "Plans": [
                    {
                        "Node Type": "Hash Join",
                        "Parent Relationship": "Outer",
                        "Parallel Aware": false,
                        "Join Type": "Inner",
                        "Startup Cost": 40003219008.93,
                        "Total Cost": 40003219333.39,
                        "Plan Rows": 1,
                        "Plan Width": 52,
                        "Actual Startup Time": 9520.919,
                        "Actual Total Time": 9523.896,
                        "Actual Rows": 10,
                        "Actual Loops": 1,
                        "Output": [
                            "chn.name",
                            "mc.company_id",
                            "n.name",
                            "t.title"
                        ],
                        "Inner Unique": false,
                        "Hash Cond": "(mc.movie_id = t.id)",
                        "Plans": [
                            {
                                "Node Type": "Merge Join",
                                "Parent Relationship": "Outer",
                                "Parallel Aware": false,
                                "Join Type": "Inner",
                                "Startup Cost": 10002636505.44,
                                "Total Cost": 10002636814.02,
                                "Plan Rows": 4234,
                                "Plan Width": 43,
                                "Actual Startup Time": 7192.368,
                                "Actual Total Time": 7195.191,
                                "Actual Rows": 18345,
                                "Actual Loops": 1,
                                "Output": [
                                    "ci.movie_id",
                                    "chn.name",
                                    "mc.movie_id",
                                    "mc.company_id",
                                    "n.name"
                                ],
                                "Inner Unique": false,
                                "Merge Cond": "(rt.id = ci.role_id)",
                                "Plans": [
                                    {
                                        "Node Type": "Index Scan",
                                        "Parent Relationship": "Outer",
                                        "Parallel Aware": false,
                                        "Scan Direction": "Forward",
                                        "Index Name": "role_type_pkey",
                                        "Relation Name": "role_type",
                                        "Schema": "public",
                                        "Alias": "rt",
                                        "Startup Cost": 0.14,
                                        "Total Cost": 12.35,
                                        "Plan Rows": 1,
                                        "Plan Width": 4,
                                        "Actual Startup Time": 0.013,
                                        "Actual Total Time": 0.018,
                                        "Actual Rows": 1,
                                        "Actual Loops": 1,
                                        "Output": [
                                            "rt.id",
                                            "rt.role"
                                        ],
                                        "Filter": "((rt.role)::text = 'actress'::text)",
                                        "Rows Removed by Filter": 11
                                    },
                                    {
                                        "Node Type": "Sort",
                                        "Parent Relationship": "Inner",
                                        "Parallel Aware": false,
                                        "Startup Cost": 10002636505.31,
                                        "Total Cost": 10002636632.32,
                                        "Plan Rows": 50805,
                                        "Plan Width": 47,
                                        "Actual Startup Time": 7192.347,
                                        "Actual Total Time": 7193.158,
                                        "Actual Rows": 18345,
                                        "Actual Loops": 1,
                                        "Output": [
                                            "ci.movie_id",
                                            "ci.role_id",
                                            "chn.name",
                                            "mc.movie_id",
                                            "mc.company_id",
                                            "n.name"
                                        ],
                                        "Sort Key": [
                                            "ci.role_id"
                                        ],
                                        "Sort Method": "quicksort",
                                        "Sort Space Used": 2520,
                                        "Sort Space Type": "Memory",
                                        "Plans": [
                                            {
                                                "Node Type": "Hash Join",
                                                "Parent Relationship": "Outer",
                                                "Parallel Aware": false,
                                                "Join Type": "Inner",
                                                "Startup Cost": 10002232833.09,
                                                "Total Cost": 10002632534.22,
                                                "Plan Rows": 50805,
                                                "Plan Width": 47,
                                                "Actual Startup Time": 7022.587,
                                                "Actual Total Time": 7187.719,
                                                "Actual Rows": 18345,
                                                "Actual Loops": 1,
                                                "Output": [
                                                    "ci.movie_id",
                                                    "ci.role_id",
                                                    "chn.name",
                                                    "mc.movie_id",
                                                    "mc.company_id",
                                                    "n.name"
                                                ],
                                                "Inner Unique": false,
                                                "Hash Cond": "(n.id = ci.person_id)",
                                                "Plans": [
                                                    {
                                                        "Node Type": "Hash Join",
                                                        "Parent Relationship": "Outer",
                                                        "Parallel Aware": false,
                                                        "Join Type": "Inner",
                                                        "Startup Cost": 10000118598.84,
                                                        "Total Cost": 10000142470.07,
                                                        "Plan Rows": 8177,
                                                        "Plan Width": 23,
                                                        "Actual Startup Time": 491.958,
                                                        "Actual Total Time": 652.957,
                                                        "Actual Rows": 10525,
                                                        "Actual Loops": 1,
                                                        "Output": [
                                                            "an.person_id",
                                                            "n.name",
                                                            "n.id"
                                                        ],
                                                        "Inner Unique": false,
                                                        "Hash Cond": "(an.person_id = n.id)",
                                                        "Plans": [
                                                            {
                                                                "Node Type": "Seq Scan",
                                                                "Parent Relationship": "Outer",
                                                                "Parallel Aware": false,
                                                                "Relation Name": "aka_name",
                                                                "Schema": "public",
                                                                "Alias": "an",
                                                                "Startup Cost": 0.0,
                                                                "Total Cost": 20409.43,
                                                                "Plan Rows": 901343,
                                                                "Plan Width": 4,
                                                                "Actual Startup Time": 0.014,
                                                                "Actual Total Time": 70.909,
                                                                "Actual Rows": 901343,
                                                                "Actual Loops": 1,
                                                                "Output": [
                                                                    "an.id",
                                                                    "an.person_id",
                                                                    "an.name",
                                                                    "an.imdb_index",
                                                                    "an.name_pcode_cf",
                                                                    "an.name_pcode_nf",
                                                                    "an.surname_pcode",
                                                                    "an.md5sum"
                                                                ]
                                                            },
                                                            {
                                                                "Node Type": "Hash",
                                                                "Parent Relationship": "Inner",
                                                                "Parallel Aware": false,
                                                                "Startup Cost": 10000118126.24,
                                                                "Total Cost": 10000118126.24,
                                                                "Plan Rows": 37808,
                                                                "Plan Width": 19,
                                                                "Actual Startup Time": 491.554,
                                                                "Actual Total Time": 491.555,
                                                                "Actual Rows": 50011,
                                                                "Actual Loops": 1,
                                                                "Output": [
                                                                    "n.name",
                                                                    "n.id"
                                                                ],
                                                                "Hash Buckets": 65536,
                                                                "Original Hash Buckets": 65536,
                                                                "Hash Batches": 1,
                                                                "Original Hash Batches": 1,
                                                                "Peak Memory Usage": 3135,
                                                                "Plans": [
                                                                    {
                                                                        "Node Type": "Seq Scan",
                                                                        "Parent Relationship": "Outer",
                                                                        "Parallel Aware": false,
                                                                        "Relation Name": "name",
                                                                        "Schema": "public",
                                                                        "Alias": "n",
                                                                        "Startup Cost": 10000000000.0,
                                                                        "Total Cost": 10000118126.24,
                                                                        "Plan Rows": 37808,
                                                                        "Plan Width": 19,
                                                                        "Actual Startup Time": 200.732,
                                                                        "Actual Total Time": 479.498,
                                                                        "Actual Rows": 50011,
                                                                        "Actual Loops": 1,
                                                                        "Output": [
                                                                            "n.name",
                                                                            "n.id"
                                                                        ],
                                                                        "Filter": "((n.name ~~ '%An%'::text) AND ((n.gender)::text = 'f'::text))",
                                                                        "Rows Removed by Filter": 4117480
                                                                    }
                                                                ]
                                                            }
                                                        ]
                                                    },
                                                    {
                                                        "Node Type": "Hash",
                                                        "Parent Relationship": "Inner",
                                                        "Parallel Aware": false,
                                                        "Startup Cost": 2085166.27,
                                                        "Total Cost": 2085166.27,
                                                        "Plan Rows": 2325439,
                                                        "Plan Width": 36,
                                                        "Actual Startup Time": 6524.324,
                                                        "Actual Total Time": 6524.492,
                                                        "Actual Rows": 1405362,
                                                        "Actual Loops": 1,
                                                        "Output": [
                                                            "chn.name",
                                                            "ci.movie_id",
                                                            "ci.person_id",
                                                            "ci.role_id",
                                                            "mc.movie_id",
                                                            "mc.company_id"
                                                        ],
                                                        "Hash Buckets": 4194304,
                                                        "Original Hash Buckets": 4194304,
                                                        "Hash Batches": 1,
                                                        "Original Hash Batches": 1,
                                                        "Peak Memory Usage": 123187,
                                                        "Plans": [
                                                            {
                                                                "Node Type": "Nested Loop",
                                                                "Parent Relationship": "Outer",
                                                                "Parallel Aware": false,
                                                                "Join Type": "Inner",
                                                                "Startup Cost": 1472985.48,
                                                                "Total Cost": 2085166.27,
                                                                "Plan Rows": 2325439,
                                                                "Plan Width": 36,
                                                                "Actual Startup Time": 3400.696,
                                                                "Actual Total Time": 6223.534,
                                                                "Actual Rows": 1405362,
                                                                "Actual Loops": 1,
                                                                "Output": [
                                                                    "chn.name",
                                                                    "ci.movie_id",
                                                                    "ci.person_id",
                                                                    "ci.role_id",
                                                                    "mc.movie_id",
                                                                    "mc.company_id"
                                                                ],
                                                                "Inner Unique": false,
                                                                "Plans": [
                                                                    {
                                                                        "Node Type": "Merge Join",
                                                                        "Parent Relationship": "Outer",
                                                                        "Parallel Aware": false,
                                                                        "Join Type": "Inner",
                                                                        "Startup Cost": 1472985.05,
                                                                        "Total Cost": 1494622.45,
                                                                        "Plan Rows": 841064,
                                                                        "Plan Width": 28,
                                                                        "Actual Startup Time": 3400.619,
                                                                        "Actual Total Time": 4439.199,
                                                                        "Actual Rows": 801259,
                                                                        "Actual Loops": 1,
                                                                        "Output": [
                                                                            "chn.name",
                                                                            "ci.movie_id",
                                                                            "ci.person_id",
                                                                            "ci.role_id"
                                                                        ],
                                                                        "Inner Unique": false,
                                                                        "Merge Cond": "(chn.id = ci.person_role_id)",
                                                                        "Plans": [
                                                                            {
                                                                                "Node Type": "Sort",
                                                                                "Parent Relationship": "Outer",
                                                                                "Parallel Aware": false,
                                                                                "Startup Cost": 406719.03,
                                                                                "Total Cost": 414569.6,
                                                                                "Plan Rows": 3140227,
                                                                                "Plan Width": 20,
                                                                                "Actual Startup Time": 1720.69,
                                                                                "Actual Total Time": 2209.853,
                                                                                "Actual Rows": 3140192,
                                                                                "Actual Loops": 1,
                                                                                "Output": [
                                                                                    "chn.name",
                                                                                    "chn.id"
                                                                                ],
                                                                                "Sort Key": [
                                                                                    "chn.id"
                                                                                ],
                                                                                "Sort Method": "quicksort",
                                                                                "Sort Space Used": 318840,
                                                                                "Sort Space Type": "Memory",
                                                                                "Plans": [
                                                                                    {
                                                                                        "Node Type": "Seq Scan",
                                                                                        "Parent Relationship": "Outer",
                                                                                        "Parallel Aware": false,
                                                                                        "Relation Name": "char_name",
                                                                                        "Schema": "public",
                                                                                        "Alias": "chn",
                                                                                        "Startup Cost": 0.0,
                                                                                        "Total Cost": 67850.27,
                                                                                        "Plan Rows": 3140227,
                                                                                        "Plan Width": 20,
                                                                                        "Actual Startup Time": 0.018,
                                                                                        "Actual Total Time": 490.832,
                                                                                        "Actual Rows": 3140339,
                                                                                        "Actual Loops": 1,
                                                                                        "Output": [
                                                                                            "chn.name",
                                                                                            "chn.id"
                                                                                        ]
                                                                                    }
                                                                                ]
                                                                            },
                                                                            {
                                                                                "Node Type": "Sort",
                                                                                "Parent Relationship": "Inner",
                                                                                "Parallel Aware": false,
                                                                                "Startup Cost": 1066053.29,
                                                                                "Total Cost": 1068155.95,
                                                                                "Plan Rows": 841064,
                                                                                "Plan Width": 16,
                                                                                "Actual Startup Time": 1679.912,
                                                                                "Actual Total Time": 1794.911,
                                                                                "Actual Rows": 801260,
                                                                                "Actual Loops": 1,
                                                                                "Output": [
                                                                                    "ci.movie_id",
                                                                                    "ci.person_id",
                                                                                    "ci.role_id",
                                                                                    "ci.person_role_id"
                                                                                ],
                                                                                "Sort Key": [
                                                                                    "ci.person_role_id"
                                                                                ],
                                                                                "Sort Method": "quicksort",
                                                                                "Sort Space Used": 65239,
                                                                                "Sort Space Type": "Memory",
                                                                                "Plans": [
                                                                                    {
                                                                                        "Node Type": "Gather",
                                                                                        "Parent Relationship": "Outer",
                                                                                        "Parallel Aware": false,
                                                                                        "Startup Cost": 1000.57,
                                                                                        "Total Cost": 983284.79,
                                                                                        "Plan Rows": 841064,
                                                                                        "Plan Width": 16,
                                                                                        "Actual Startup Time": 0.505,
                                                                                        "Actual Total Time": 1511.879,
                                                                                        "Actual Rows": 867477,
                                                                                        "Actual Loops": 1,
                                                                                        "Output": [
                                                                                            "ci.movie_id",
                                                                                            "ci.person_id",
                                                                                            "ci.role_id",
                                                                                            "ci.person_role_id"
                                                                                        ],
                                                                                        "Workers Planned": 6,
                                                                                        "Workers Launched": 6,
                                                                                        "Single Copy": false,
                                                                                        "Plans": [
                                                                                            {
                                                                                                "Node Type": "Index Scan",
                                                                                                "Parent Relationship": "Outer",
                                                                                                "Parallel Aware": true,
                                                                                                "Scan Direction": "Forward",
                                                                                                "Index Name": "role_id_cast_info",
                                                                                                "Relation Name": "cast_info",
                                                                                                "Schema": "public",
                                                                                                "Alias": "ci",
                                                                                                "Startup Cost": 0.56,
                                                                                                "Total Cost": 898178.39,
                                                                                                "Plan Rows": 140177,
                                                                                                "Plan Width": 16,
                                                                                                "Actual Startup Time": 0.293,
                                                                                                "Actual Total Time": 1502.523,
                                                                                                "Actual Rows": 123925,
                                                                                                "Actual Loops": 7,
                                                                                                "Output": [
                                                                                                    "ci.movie_id",
                                                                                                    "ci.person_id",
                                                                                                    "ci.role_id",
                                                                                                    "ci.person_role_id"
                                                                                                ],
                                                                                                "Filter": "(ci.note = ANY ('{(voice),\"(voice: Japanese version)\",\"(voice) (uncredited)\",\"(voice: English version)\"}'::text[]))",
                                                                                                "Rows Removed by Filter": 5053838,
                                                                                                "Workers": [
                                                                                                    {
                                                                                                        "Worker Number": 0,
                                                                                                        "Actual Startup Time": 0.201,
                                                                                                        "Actual Total Time": 1525.697,
                                                                                                        "Actual Rows": 119619,
                                                                                                        "Actual Loops": 1
                                                                                                    },
                                                                                                    {
                                                                                                        "Worker Number": 1,
                                                                                                        "Actual Startup Time": 0.296,
                                                                                                        "Actual Total Time": 1525.82,
                                                                                                        "Actual Rows": 123582,
                                                                                                        "Actual Loops": 1
                                                                                                    },
                                                                                                    {
                                                                                                        "Worker Number": 2,
                                                                                                        "Actual Startup Time": 0.182,
                                                                                                        "Actual Total Time": 1523.939,
                                                                                                        "Actual Rows": 120615,
                                                                                                        "Actual Loops": 1
                                                                                                    },
                                                                                                    {
                                                                                                        "Worker Number": 3,
                                                                                                        "Actual Startup Time": 0.205,
                                                                                                        "Actual Total Time": 1538.987,
                                                                                                        "Actual Rows": 131586,
                                                                                                        "Actual Loops": 1
                                                                                                    },
                                                                                                    {
                                                                                                        "Worker Number": 4,
                                                                                                        "Actual Startup Time": 0.811,
                                                                                                        "Actual Total Time": 1542.791,
                                                                                                        "Actual Rows": 120162,
                                                                                                        "Actual Loops": 1
                                                                                                    },
                                                                                                    {
                                                                                                        "Worker Number": 5,
                                                                                                        "Actual Startup Time": 0.318,
                                                                                                        "Actual Total Time": 1540.277,
                                                                                                        "Actual Rows": 125965,
                                                                                                        "Actual Loops": 1
                                                                                                    }
                                                                                                ]
                                                                                            }
                                                                                        ]
                                                                                    }
                                                                                ]
                                                                            }
                                                                        ]
                                                                    },
                                                                    {
                                                                        "Node Type": "Index Scan",
                                                                        "Parent Relationship": "Inner",
                                                                        "Parallel Aware": false,
                                                                        "Scan Direction": "Forward",
                                                                        "Index Name": "movie_id_movie_companies",
                                                                        "Relation Name": "movie_companies",
                                                                        "Schema": "public",
                                                                        "Alias": "mc",
                                                                        "Startup Cost": 0.43,
                                                                        "Total Cost": 0.65,
                                                                        "Plan Rows": 5,
                                                                        "Plan Width": 8,
                                                                        "Actual Startup Time": 0.002,
                                                                        "Actual Total Time": 0.002,
                                                                        "Actual Rows": 2,
                                                                        "Actual Loops": 801259,
                                                                        "Output": [
                                                                            "mc.id",
                                                                            "mc.movie_id",
                                                                            "mc.company_id",
                                                                            "mc.company_type_id",
                                                                            "mc.note"
                                                                        ],
                                                                        "Index Cond": "(mc.movie_id = ci.movie_id)",
                                                                        "Rows Removed by Index Recheck": 0
                                                                    }
                                                                ]
                                                            }
                                                        ]
                                                    }
                                                ]
                                            }
                                        ]
                                    }
                                ]
                            },
                            {
                                "Node Type": "Hash",
                                "Parent Relationship": "Inner",
                                "Parallel Aware": false,
                                "Startup Cost": 30000582503.47,
                                "Total Cost": 30000582503.47,
                                "Plan Rows": 1,
                                "Plan Width": 29,
                                "Actual Startup Time": 2327.705,
                                "Actual Total Time": 2327.786,
                                "Actual Rows": 1,
                                "Actual Loops": 1,
                                "Output": [
                                    "mi.movie_id",
                                    "mk.movie_id",
                                    "t.title",
                                    "t.id"
                                ],
                                "Hash Buckets": 1024,
                                "Original Hash Buckets": 1024,
                                "Hash Batches": 1,
                                "Original Hash Batches": 1,
                                "Peak Memory Usage": 9,
                                "Plans": [
                                    {
                                        "Node Type": "Merge Join",
                                        "Parent Relationship": "Outer",
                                        "Parallel Aware": false,
                                        "Join Type": "Inner",
                                        "Startup Cost": 30000582503.43,
                                        "Total Cost": 30000582503.47,
                                        "Plan Rows": 1,
                                        "Plan Width": 29,
                                        "Actual Startup Time": 2327.691,
                                        "Actual Total Time": 2327.775,
                                        "Actual Rows": 1,
                                        "Actual Loops": 1,
                                        "Output": [
                                            "mi.movie_id",
                                            "mk.movie_id",
                                            "t.title",
                                            "t.id"
                                        ],
                                        "Inner Unique": false,
                                        "Merge Cond": "(k.id = mk.keyword_id)",
                                        "Plans": [
                                            {
                                                "Node Type": "Sort",
                                                "Parent Relationship": "Outer",
                                                "Parallel Aware": false,
                                                "Startup Cost": 10000002961.59,
                                                "Total Cost": 10000002961.6,
                                                "Plan Rows": 4,
                                                "Plan Width": 4,
                                                "Actual Startup Time": 14.01,
                                                "Actual Total Time": 14.013,
                                                "Actual Rows": 3,
                                                "Actual Loops": 1,
                                                "Output": [
                                                    "k.id"
                                                ],
                                                "Sort Key": [
                                                    "k.id"
                                                ],
                                                "Sort Method": "quicksort",
                                                "Sort Space Used": 25,
                                                "Sort Space Type": "Memory",
                                                "Plans": [
                                                    {
                                                        "Node Type": "Seq Scan",
                                                        "Parent Relationship": "Outer",
                                                        "Parallel Aware": false,
                                                        "Relation Name": "keyword",
                                                        "Schema": "public",
                                                        "Alias": "k",
                                                        "Startup Cost": 10000000000.0,
                                                        "Total Cost": 10000002961.55,
                                                        "Plan Rows": 4,
                                                        "Plan Width": 4,
                                                        "Actual Startup Time": 0.482,
                                                        "Actual Total Time": 14.001,
                                                        "Actual Rows": 3,
                                                        "Actual Loops": 1,
                                                        "Output": [
                                                            "k.id"
                                                        ],
                                                        "Filter": "(k.keyword = ANY ('{blood,murder-in-title,female-nudity,heroine}'::text[]))",
                                                        "Rows Removed by Filter": 134167
                                                    }
                                                ]
                                            },
                                            {
                                                "Node Type": "Sort",
                                                "Parent Relationship": "Inner",
                                                "Parallel Aware": false,
                                                "Startup Cost": 20000579541.84,
                                                "Total Cost": 20000579541.85,
                                                "Plan Rows": 1,
                                                "Plan Width": 33,
                                                "Actual Startup Time": 2313.664,
                                                "Actual Total Time": 2313.747,
                                                "Actual Rows": 41,
                                                "Actual Loops": 1,
                                                "Output": [
                                                    "mi.movie_id",
                                                    "mk.movie_id",
                                                    "mk.keyword_id",
                                                    "t.title",
                                                    "t.id"
                                                ],
                                                "Sort Key": [
                                                    "mk.keyword_id"
                                                ],
                                                "Sort Method": "quicksort",
                                                "Sort Space Used": 41,
                                                "Sort Space Type": "Memory",
                                                "Plans": [
                                                    {
                                                        "Node Type": "Merge Join",
                                                        "Parent Relationship": "Outer",
                                                        "Parallel Aware": false,
                                                        "Join Type": "Inner",
                                                        "Startup Cost": 20000267584.86,
                                                        "Total Cost": 20000579541.83,
                                                        "Plan Rows": 1,
                                                        "Plan Width": 33,
                                                        "Actual Startup Time": 2114.227,
                                                        "Actual Total Time": 2313.688,
                                                        "Actual Rows": 202,
                                                        "Actual Loops": 1,
                                                        "Output": [
                                                            "mi.movie_id",
                                                            "mk.movie_id",
                                                            "mk.keyword_id",
                                                            "t.title",
                                                            "t.id"
                                                        ],
                                                        "Inner Unique": false,
                                                        "Merge Cond": "(t.id = mi.movie_id)",
                                                        "Plans": [
                                                            {
                                                                "Node Type": "Index Scan",
                                                                "Parent Relationship": "Outer",
                                                                "Parallel Aware": false,
                                                                "Scan Direction": "Forward",
                                                                "Index Name": "title_pkey",
                                                                "Relation Name": "title",
                                                                "Schema": "public",
                                                                "Alias": "t",
                                                                "Startup Cost": 10000000000.43,
                                                                "Total Cost": 10000122983.71,
                                                                "Plan Rows": 62,
                                                                "Plan Width": 21,
                                                                "Actual Startup Time": 246.491,
                                                                "Actual Total Time": 1043.082,
                                                                "Actual Rows": 9,
                                                                "Actual Loops": 1,
                                                                "Output": [
                                                                    "t.id",
                                                                    "t.title",
                                                                    "t.imdb_index",
                                                                    "t.kind_id",
                                                                    "t.production_year",
                                                                    "t.imdb_id",
                                                                    "t.phonetic_code",
                                                                    "t.episode_of_id",
                                                                    "t.season_nr",
                                                                    "t.episode_nr",
                                                                    "t.series_years",
                                                                    "t.md5sum"
                                                                ],
                                                                "Filter": "((t.title ~~ 'Kung Fu Panda%'::text) AND (t.production_year > 2008))",
                                                                "Rows Removed by Filter": 2528303
                                                            },
                                                            {
                                                                "Node Type": "Materialize",
                                                                "Parent Relationship": "Inner",
                                                                "Parallel Aware": false,
                                                                "Startup Cost": 10000267567.1,
                                                                "Total Cost": 10000456476.22,
                                                                "Plan Rows": 32697,
                                                                "Plan Width": 12,
                                                                "Actual Startup Time": 670.592,
                                                                "Actual Total Time": 1235.769,
                                                                "Actual Rows": 495783,
                                                                "Actual Loops": 1,
                                                                "Output": [
                                                                    "mi.movie_id",
                                                                    "mk.movie_id",
                                                                    "mk.keyword_id"
                                                                ],
                                                                "Plans": [
                                                                    {
                                                                        "Node Type": "Merge Join",
                                                                        "Parent Relationship": "Outer",
                                                                        "Parallel Aware": false,
                                                                        "Join Type": "Inner",
                                                                        "Startup Cost": 10000267567.1,
                                                                        "Total Cost": 10000456394.48,
                                                                        "Plan Rows": 32697,
                                                                        "Plan Width": 12,
                                                                        "Actual Startup Time": 670.585,
                                                                        "Actual Total Time": 1158.786,
                                                                        "Actual Rows": 495783,
                                                                        "Actual Loops": 1,
                                                                        "Output": [
                                                                            "mi.movie_id",
                                                                            "mk.movie_id",
                                                                            "mk.keyword_id"
                                                                        ],
                                                                        "Inner Unique": false,
                                                                        "Merge Cond": "(mi.movie_id = mk.movie_id)",
                                                                        "Plans": [
                                                                            {
                                                                                "Node Type": "Sort",
                                                                                "Parent Relationship": "Outer",
                                                                                "Parallel Aware": false,
                                                                                "Startup Cost": 267566.66,
                                                                                "Total Cost": 267573.45,
                                                                                "Plan Rows": 2713,
                                                                                "Plan Width": 4,
                                                                                "Actual Startup Time": 670.543,
                                                                                "Actual Total Time": 681.51,
                                                                                "Actual Rows": 251979,
                                                                                "Actual Loops": 1,
                                                                                "Output": [
                                                                                    "mi.movie_id"
                                                                                ],
                                                                                "Sort Key": [
                                                                                    "mi.movie_id"
                                                                                ],
                                                                                "Sort Method": "quicksort",
                                                                                "Sort Space Used": 26409,
                                                                                "Sort Space Type": "Memory",
                                                                                "Plans": [
                                                                                    {
                                                                                        "Node Type": "Merge Join",
                                                                                        "Parent Relationship": "Outer",
                                                                                        "Parallel Aware": false,
                                                                                        "Join Type": "Inner",
                                                                                        "Startup Cost": 265852.04,
                                                                                        "Total Cost": 267411.95,
                                                                                        "Plan Rows": 2713,
                                                                                        "Plan Width": 4,
                                                                                        "Actual Startup Time": 576.545,
                                                                                        "Actual Total Time": 614.525,
                                                                                        "Actual Rows": 301243,
                                                                                        "Actual Loops": 1,
                                                                                        "Output": [
                                                                                            "mi.movie_id"
                                                                                        ],
                                                                                        "Inner Unique": false,
                                                                                        "Merge Cond": "(it.id = mi.info_type_id)",
                                                                                        "Plans": [
                                                                                            {
                                                                                                "Node Type": "Sort",
                                                                                                "Parent Relationship": "Outer",
                                                                                                "Parallel Aware": false,
                                                                                                "Startup Cost": 2.42,
                                                                                                "Total Cost": 2.43,
                                                                                                "Plan Rows": 1,
                                                                                                "Plan Width": 4,
                                                                                                "Actual Startup Time": 0.029,
                                                                                                "Actual Total Time": 0.031,
                                                                                                "Actual Rows": 1,
                                                                                                "Actual Loops": 1,
                                                                                                "Output": [
                                                                                                    "it.id"
                                                                                                ],
                                                                                                "Sort Key": [
                                                                                                    "it.id"
                                                                                                ],
                                                                                                "Sort Method": "quicksort",
                                                                                                "Sort Space Used": 25,
                                                                                                "Sort Space Type": "Memory",
                                                                                                "Plans": [
                                                                                                    {
                                                                                                        "Node Type": "Seq Scan",
                                                                                                        "Parent Relationship": "Outer",
                                                                                                        "Parallel Aware": false,
                                                                                                        "Relation Name": "info_type",
                                                                                                        "Schema": "public",
                                                                                                        "Alias": "it",
                                                                                                        "Startup Cost": 0.0,
                                                                                                        "Total Cost": 2.41,
                                                                                                        "Plan Rows": 1,
                                                                                                        "Plan Width": 4,
                                                                                                        "Actual Startup Time": 0.019,
                                                                                                        "Actual Total Time": 0.024,
                                                                                                        "Actual Rows": 1,
                                                                                                        "Actual Loops": 1,
                                                                                                        "Output": [
                                                                                                            "it.id"
                                                                                                        ],
                                                                                                        "Filter": "((it.info)::text = 'release dates'::text)",
                                                                                                        "Rows Removed by Filter": 112
                                                                                                    }
                                                                                                ]
                                                                                            },
                                                                                            {
                                                                                                "Node Type": "Sort",
                                                                                                "Parent Relationship": "Inner",
                                                                                                "Parallel Aware": false,
                                                                                                "Startup Cost": 265849.62,
                                                                                                "Total Cost": 266616.0,
                                                                                                "Plan Rows": 306554,
                                                                                                "Plan Width": 8,
                                                                                                "Actual Startup Time": 576.507,
                                                                                                "Actual Total Time": 588.178,
                                                                                                "Actual Rows": 301247,
                                                                                                "Actual Loops": 1,
                                                                                                "Output": [
                                                                                                    "mi.movie_id",
                                                                                                    "mi.info_type_id"
                                                                                                ],
                                                                                                "Sort Key": [
                                                                                                    "mi.info_type_id"
                                                                                                ],
                                                                                                "Sort Method": "quicksort",
                                                                                                "Sort Space Used": 26409,
                                                                                                "Sort Space Type": "Memory",
                                                                                                "Plans": [
                                                                                                    {
                                                                                                        "Node Type": "Gather",
                                                                                                        "Parent Relationship": "Outer",
                                                                                                        "Parallel Aware": false,
                                                                                                        "Startup Cost": 1000.0,
                                                                                                        "Total Cost": 237913.68,
                                                                                                        "Plan Rows": 306554,
                                                                                                        "Plan Width": 8,
                                                                                                        "Actual Startup Time": 99.417,
                                                                                                        "Actual Total Time": 539.183,
                                                                                                        "Actual Rows": 301247,
                                                                                                        "Actual Loops": 1,
                                                                                                        "Output": [
                                                                                                            "mi.movie_id",
                                                                                                            "mi.info_type_id"
                                                                                                        ],
                                                                                                        "Workers Planned": 5,
                                                                                                        "Workers Launched": 5,
                                                                                                        "Single Copy": false,
                                                                                                        "Plans": [
                                                                                                            {
                                                                                                                "Node Type": "Seq Scan",
                                                                                                                "Parent Relationship": "Outer",
                                                                                                                "Parallel Aware": true,
                                                                                                                "Relation Name": "movie_info",
                                                                                                                "Schema": "public",
                                                                                                                "Alias": "mi",
                                                                                                                "Startup Cost": 0.0,
                                                                                                                "Total Cost": 206258.29,
                                                                                                                "Plan Rows": 61311,
                                                                                                                "Plan Width": 8,
                                                                                                                "Actual Startup Time": 100.803,
                                                                                                                "Actual Total Time": 537.457,
                                                                                                                "Actual Rows": 50208,
                                                                                                                "Actual Loops": 6,
                                                                                                                "Output": [
                                                                                                                    "mi.movie_id",
                                                                                                                    "mi.info_type_id"
                                                                                                                ],
                                                                                                                "Filter": "((mi.info IS NOT NULL) AND ((mi.info ~~ 'Japan:%201%'::text) OR (mi.info ~~ 'USA:%201%'::text)))",
                                                                                                                "Rows Removed by Filter": 2422412,
                                                                                                                "Workers": [
                                                                                                                    {
                                                                                                                        "Worker Number": 0,
                                                                                                                        "Actual Startup Time": 143.295,
                                                                                                                        "Actual Total Time": 542.004,
                                                                                                                        "Actual Rows": 50136,
                                                                                                                        "Actual Loops": 1
                                                                                                                    },
                                                                                                                    {
                                                                                                                        "Worker Number": 1,
                                                                                                                        "Actual Startup Time": 143.285,
                                                                                                                        "Actual Total Time": 540.578,
                                                                                                                        "Actual Rows": 50237,
                                                                                                                        "Actual Loops": 1
                                                                                                                    },
                                                                                                                    {
                                                                                                                        "Worker Number": 2,
                                                                                                                        "Actual Startup Time": 71.694,
                                                                                                                        "Actual Total Time": 549.305,
                                                                                                                        "Actual Rows": 54286,
                                                                                                                        "Actual Loops": 1
                                                                                                                    },
                                                                                                                    {
                                                                                                                        "Worker Number": 3,
                                                                                                                        "Actual Startup Time": 74.049,
                                                                                                                        "Actual Total Time": 549.29,
                                                                                                                        "Actual Rows": 55537,
                                                                                                                        "Actual Loops": 1
                                                                                                                    },
                                                                                                                    {
                                                                                                                        "Worker Number": 4,
                                                                                                                        "Actual Startup Time": 73.51,
                                                                                                                        "Actual Total Time": 550.444,
                                                                                                                        "Actual Rows": 51431,
                                                                                                                        "Actual Loops": 1
                                                                                                                    }
                                                                                                                ]
                                                                                                            }
                                                                                                        ]
                                                                                                    }
                                                                                                ]
                                                                                            }
                                                                                        ]
                                                                                    }
                                                                                ]
                                                                            },
                                                                            {
                                                                                "Node Type": "Index Scan",
                                                                                "Parent Relationship": "Inner",
                                                                                "Parallel Aware": false,
                                                                                "Scan Direction": "Forward",
                                                                                "Index Name": "movie_id_movie_keyword",
                                                                                "Relation Name": "movie_keyword",
                                                                                "Schema": "public",
                                                                                "Alias": "mk",
                                                                                "Startup Cost": 10000000000.43,
                                                                                "Total Cost": 10000177177.46,
                                                                                "Plan Rows": 4523930,
                                                                                "Plan Width": 8,
                                                                                "Actual Startup Time": 0.034,
                                                                                "Actual Total Time": 285.191,
                                                                                "Actual Rows": 2615485,
                                                                                "Actual Loops": 1,
                                                                                "Output": [
                                                                                    "mk.id",
                                                                                    "mk.movie_id",
                                                                                    "mk.keyword_id"
                                                                                ]
                                                                            }
                                                                        ]
                                                                    }
                                                                ]
                                                            }
                                                        ]
                                                    }
                                                ]
                                            }
                                        ]
                                    }
                                ]
                            }
                        ]
                    },
                    {
                        "Node Type": "Bitmap Heap Scan",
                        "Parent Relationship": "Inner",
                        "Parallel Aware": false,
                        "Relation Name": "company_name",
                        "Schema": "public",
                        "Alias": "cn",
                        "Startup Cost": 0.43,
                        "Total Cost": 4.45,
                        "Plan Rows": 1,
                        "Plan Width": 4,
                        "Actual Startup Time": 0.006,
                        "Actual Total Time": 0.006,
                        "Actual Rows": 0,
                        "Actual Loops": 10,
                        "Output": [
                            "cn.id",
                            "cn.name",
                            "cn.country_code",
                            "cn.imdb_id",
                            "cn.name_pcode_nf",
                            "cn.name_pcode_sf",
                            "cn.md5sum"
                        ],
                        "Recheck Cond": "(cn.id = mc.company_id)",
                        "Rows Removed by Index Recheck": 0,
                        "Filter": "(((cn.country_code)::text = '[us]'::text) AND (cn.name = 'DreamWorks Animation'::text))",
                        "Rows Removed by Filter": 0,
                        "Exact Heap Blocks": 10,
                        "Lossy Heap Blocks": 0,
                        "Plans": [
                            {
                                "Node Type": "Bitmap Index Scan",
                                "Parent Relationship": "Outer",
                                "Parallel Aware": false,
                                "Index Name": "company_name_pkey",
                                "Startup Cost": 0.0,
                                "Total Cost": 0.43,
                                "Plan Rows": 1,
                                "Plan Width": 0,
                                "Actual Startup Time": 0.004,
                                "Actual Total Time": 0.004,
                                "Actual Rows": 1,
                                "Actual Loops": 10,
                                "Index Cond": "(cn.id = mc.company_id)"
                            }
                        ]
                    }
                ]
            }
        ]
    },
    "Planning Time": 60.852,
    "Triggers": [],
    "Execution Time": 9533.646
}