[
  {
    "Plan": {
      "Node Type": "Aggregate",
      "Strategy": "Plain",
      "Partial Mode": "Finalize",
      "Parallel Aware": false,
      "Startup Cost": 342981.72,
      "Total Cost": 342981.73,
      "Plan Rows": 1,
      "Plan Width": 8,
      "Actual Startup Time": 809.927,
      "Actual Total Time": 876.568,
      "Actual Rows": 1,
      "Actual Loops": 1,
      "Plans": [
        {
          "Node Type": "Gather",
          "Parent Relationship": "Outer",
          "Parallel Aware": false,
          "Startup Cost": 342981.09,
          "Total Cost": 342981.7,
          "Plan Rows": 6,
          "Plan Width": 8,
          "Actual Startup Time": 809.806,
          "Actual Total Time": 876.557,
          "Actual Rows": 7,
          "Actual Loops": 1,
          "Workers Planned": 6,
          "Workers Launched": 6,
          "Single Copy": false,
          "Plans": [
            {
              "Node Type": "Aggregate",
              "Strategy": "Plain",
              "Partial Mode": "Partial",
              "Parent Relationship": "Outer",
              "Parallel Aware": false,
              "Startup Cost": 341981.09,
              "Total Cost": 341981.1,
              "Plan Rows": 1,
              "Plan Width": 8,
              "Actual Startup Time": 800.177,
              "Actual Total Time": 800.178,
              "Actual Rows": 1,
              "Actual Loops": 7,
              "Plans": [
                {
                  "Node Type": "Seq Scan",
                  "Parent Relationship": "Outer",
                  "Parallel Aware": true,
                  "Relation Name": "cast_info",
                  "Alias": "ci",
                  "Startup Cost": 0.0,
                  "Total Cost": 328162.03,
                  "Plan Rows": 5527626,
                  "Plan Width": 0,
                  "Actual Startup Time": 0.047,
                  "Actual Total Time": 614.81,
                  "Actual Rows": 4755438,
                  "Actual Loops": 7,
                  "Filter": "(person_id < 3510540)",
                  "Rows Removed by Filter": 422325
                }
              ]
            }
          ]
        }
      ]
    },
    "Planning Time": 0.194,
    "Triggers": [],
    "Execution Time": 876.638
  }
]