[
  {
    "Plan": {
      "Node Type": "Aggregate",
      "Strategy": "Plain",
      "Partial Mode": "Finalize",
      "Parallel Aware": false,
      "Startup Cost": 461230.5,
      "Total Cost": 461230.51,
      "Plan Rows": 1,
      "Plan Width": 8,
      "Actual Startup Time": 3732.904,
      "Actual Total Time": 3791.362,
      "Actual Rows": 1,
      "Actual Loops": 1,
      "Plans": [
        {
          "Node Type": "Gather",
          "Parent Relationship": "Outer",
          "Parallel Aware": false,
          "Startup Cost": 461229.87,
          "Total Cost": 461230.48,
          "Plan Rows": 6,
          "Plan Width": 8,
          "Actual Startup Time": 3704.397,
          "Actual Total Time": 3791.335,
          "Actual Rows": 7,
          "Actual Loops": 1,
          "Workers Planned": 6,
          "Workers Launched": 6,
          "Single Copy": false,
          "Plans": [
            {
              "Node Type": "Aggregate",
              "Strategy": "Plain",
              "Partial Mode": "Partial",
              "Parent Relationship": "Outer",
              "Parallel Aware": false,
              "Startup Cost": 460229.87,
              "Total Cost": 460229.88,
              "Plan Rows": 1,
              "Plan Width": 8,
              "Actual Startup Time": 3684.51,
              "Actual Total Time": 3685.03,
              "Actual Rows": 1,
              "Actual Loops": 7,
              "Plans": [
                {
                  "Node Type": "Hash Join",
                  "Parent Relationship": "Outer",
                  "Parallel Aware": true,
                  "Join Type": "Inner",
                  "Startup Cost": 88850.55,
                  "Total Cost": 449475.59,
                  "Plan Rows": 4301713,
                  "Plan Width": 0,
                  "Actual Startup Time": 616.889,
                  "Actual Total Time": 3332.034,
                  "Actual Rows": 7618067,
                  "Actual Loops": 7,
                  "Inner Unique": false,
                  "Hash Cond": "(ci.movie_id = t.id)",
                  "Plans": [
                    {
                      "Node Type": "Seq Scan",
                      "Parent Relationship": "Outer",
                      "Parallel Aware": true,
                      "Relation Name": "cast_info",
                      "Alias": "ci",
                      "Startup Cost": 0.0,
                      "Total Cost": 328211.39,
                      "Plan Rows": 4943242,
                      "Plan Width": 4,
                      "Actual Startup Time": 0.044,
                      "Actual Total Time": 654.943,
                      "Actual Rows": 4246981,
                      "Actual Loops": 7,
                      "Filter": "(person_id < 3005462)",
                      "Rows Removed by Filter": 930783
                    },
                    {
                      "Node Type": "Hash",
                      "Parent Relationship": "Inner",
                      "Parallel Aware": true,
                      "Startup Cost": 79978.42,
                      "Total Cost": 79978.42,
                      "Plan Rows": 709770,
                      "Plan Width": 8,
                      "Actual Startup Time": 610.025,
                      "Actual Total Time": 610.543,
                      "Actual Rows": 280691,
                      "Actual Loops": 7,
                      "Hash Buckets": 4194304,
                      "Original Hash Buckets": 4194304,
                      "Hash Batches": 1,
                      "Original Hash Batches": 1,
                      "Peak Memory Usage": 109760,
                      "Plans": [
                        {
                          "Node Type": "Hash Join",
                          "Parent Relationship": "Outer",
                          "Parallel Aware": true,
                          "Join Type": "Inner",
                          "Startup Cost": 50562.53,
                          "Total Cost": 79978.42,
                          "Plan Rows": 709770,
                          "Plan Width": 8,
                          "Actual Startup Time": 282.463,
                          "Actual Total Time": 469.184,
                          "Actual Rows": 280691,
                          "Actual Loops": 7,
                          "Inner Unique": true,
                          "Hash Cond": "(mc.movie_id = t.id)",
                          "Plans": [
                            {
                              "Node Type": "Seq Scan",
                              "Parent Relationship": "Outer",
                              "Parallel Aware": true,
                              "Relation Name": "movie_companies",
                              "Alias": "mc",
                              "Startup Cost": 0.0,
                              "Total Cost": 27206.55,
                              "Plan Rows": 841655,
                              "Plan Width": 4,
                              "Actual Startup Time": 0.015,
                              "Actual Total Time": 43.912,
                              "Actual Rows": 372733,
                              "Actual Loops": 7
                            },
                            {
                              "Node Type": "Hash",
                              "Parent Relationship": "Inner",
                              "Parallel Aware": true,
                              "Startup Cost": 43899.32,
                              "Total Cost": 43899.32,
                              "Plan Rows": 533057,
                              "Plan Width": 4,
                              "Actual Startup Time": 276.839,
                              "Actual Total Time": 276.841,
                              "Actual Rows": 302625,
                              "Actual Loops": 7,
                              "Hash Buckets": 4194304,
                              "Original Hash Buckets": 4194304,
                              "Hash Batches": 1,
                              "Original Hash Batches": 1,
                              "Peak Memory Usage": 115776,
                              "Plans": [
                                {
                                  "Node Type": "Seq Scan",
                                  "Parent Relationship": "Outer",
                                  "Parallel Aware": true,
                                  "Relation Name": "title",
                                  "Alias": "t",
                                  "Startup Cost": 0.0,
                                  "Total Cost": 43899.32,
                                  "Plan Rows": 533057,
                                  "Plan Width": 4,
                                  "Actual Startup Time": 0.071,
                                  "Actual Total Time": 89.747,
                                  "Actual Rows": 302625,
                                  "Actual Loops": 7,
                                  "Filter": "(production_year > 1967)",
                                  "Rows Removed by Filter": 58563
                                }
                              ]
                            }
                          ]
                        }
                      ]
                    }
                  ]
                }
              ]
            }
          ]
        }
      ]
    },
    "Planning Time": 1.071,
    "Triggers": [],
    "Execution Time": 3791.451
  }
]