[
  {
    "Plan": {
      "Node Type": "Aggregate",
      "Strategy": "Plain",
      "Partial Mode": "Finalize",
      "Parallel Aware": false,
      "Startup Cost": 46675.49,
      "Total Cost": 46675.5,
      "Plan Rows": 1,
      "Plan Width": 8,
      "Actual Startup Time": 172.651,
      "Actual Total Time": 181.747,
      "Actual Rows": 1,
      "Actual Loops": 1,
      "Plans": [
        {
          "Node Type": "Gather",
          "Parent Relationship": "Outer",
          "Parallel Aware": false,
          "Startup Cost": 46675.17,
          "Total Cost": 46675.48,
          "Plan Rows": 3,
          "Plan Width": 8,
          "Actual Startup Time": 172.53,
          "Actual Total Time": 181.736,
          "Actual Rows": 4,
          "Actual Loops": 1,
          "Workers Planned": 3,
          "Workers Launched": 3,
          "Single Copy": false,
          "Plans": [
            {
              "Node Type": "Aggregate",
              "Strategy": "Plain",
              "Partial Mode": "Partial",
              "Parent Relationship": "Outer",
              "Parallel Aware": false,
              "Startup Cost": 45675.17,
              "Total Cost": 45675.18,
              "Plan Rows": 1,
              "Plan Width": 8,
              "Actual Startup Time": 165.866,
              "Actual Total Time": 165.867,
              "Actual Rows": 1,
              "Actual Loops": 4,
              "Plans": [
                {
                  "Node Type": "Seq Scan",
                  "Parent Relationship": "Outer",
                  "Parallel Aware": true,
                  "Relation Name": "movie_keyword",
                  "Alias": "mk",
                  "Startup Cost": 0.0,
                  "Total Cost": 42695.65,
                  "Plan Rows": 1191807,
                  "Plan Width": 0,
                  "Actual Startup Time": 0.064,
                  "Actual Total Time": 123.077,
                  "Actual Rows": 923485,
                  "Actual Loops": 4,
                  "Filter": "(keyword_id > 795)",
                  "Rows Removed by Filter": 207498
                }
              ]
            }
          ]
        }
      ]
    },
    "Planning Time": 0.081,
    "Triggers": [],
    "Execution Time": 181.777
  }
]