[
    {
        "Bao": {
            "Bao prediction": "NaN",
            "Bao recommended hint": "(no hint)"
        }
    },
    {
        "Plan": {
            "Node Type": "Aggregate",
            "Strategy": "Plain",
            "Partial Mode": "Simple",
            "Parallel Aware": false,
            "Startup Cost": 28349.13,
            "Total Cost": 28349.14,
            "Plan Rows": 1,
            "Plan Width": 8,
            "Actual Startup Time": 51.116,
            "Actual Total Time": 51.118,
            "Actual Rows": 1,
            "Actual Loops": 1,
            "Output": [
                "count(*)"
            ],
            "Plans": [
                {
                    "Node Type": "Bitmap Heap Scan",
                    "Parent Relationship": "Outer",
                    "Parallel Aware": false,
                    "Relation Name": "movie_keyword",
                    "Schema": "public",
                    "Alias": "mk",
                    "Startup Cost": 2281.92,
                    "Total Cost": 28080.26,
                    "Plan Rows": 107547,
                    "Plan Width": 0,
                    "Actual Startup Time": 10.207,
                    "Actual Total Time": 46.822,
                    "Actual Rows": 102023,
                    "Actual Loops": 1,
                    "Recheck Cond": "(mk.keyword_id > 81804)",
                    "Rows Removed by Index Recheck": 0,
                    "Exact Heap Blocks": 17431,
                    "Lossy Heap Blocks": 0,
                    "Plans": [
                        {
                            "Node Type": "Bitmap Index Scan",
                            "Parent Relationship": "Outer",
                            "Parallel Aware": false,
                            "Index Name": "keyword_id_movie_keyword",
                            "Startup Cost": 0.0,
                            "Total Cost": 2255.03,
                            "Plan Rows": 107547,
                            "Plan Width": 0,
                            "Actual Startup Time": 7.445,
                            "Actual Total Time": 7.446,
                            "Actual Rows": 102023,
                            "Actual Loops": 1,
                            "Index Cond": "(mk.keyword_id > 81804)"
                        }
                    ]
                }
            ]
        },
        "Planning Time": 187.696,
        "Triggers": [],
        "Execution Time": 51.178
    }
]