[
  {
    "Plan": {
      "Node Type": "Aggregate",
      "Strategy": "Plain",
      "Partial Mode": "Finalize",
      "Parallel Aware": false,
      "Startup Cost": 398336.57,
      "Total Cost": 398336.58,
      "Plan Rows": 1,
      "Plan Width": 8,
      "Actual Startup Time": 1343.321,
      "Actual Total Time": 1402.409,
      "Actual Rows": 1,
      "Actual Loops": 1,
      "Plans": [
        {
          "Node Type": "Gather",
          "Parent Relationship": "Outer",
          "Parallel Aware": false,
          "Startup Cost": 398335.94,
          "Total Cost": 398336.55,
          "Plan Rows": 6,
          "Plan Width": 8,
          "Actual Startup Time": 1331.982,
          "Actual Total Time": 1402.396,
          "Actual Rows": 7,
          "Actual Loops": 1,
          "Workers Planned": 6,
          "Workers Launched": 6,
          "Single Copy": false,
          "Plans": [
            {
              "Node Type": "Aggregate",
              "Strategy": "Plain",
              "Partial Mode": "Partial",
              "Parent Relationship": "Outer",
              "Parallel Aware": false,
              "Startup Cost": 397335.94,
              "Total Cost": 397335.95,
              "Plan Rows": 1,
              "Plan Width": 8,
              "Actual Startup Time": 1316.864,
              "Actual Total Time": 1316.867,
              "Actual Rows": 1,
              "Actual Loops": 7,
              "Plans": [
                {
                  "Node Type": "Hash Join",
                  "Parent Relationship": "Outer",
                  "Parallel Aware": true,
                  "Join Type": "Inner",
                  "Startup Cost": 50611.95,
                  "Total Cost": 396010.78,
                  "Plan Rows": 530066,
                  "Plan Width": 0,
                  "Actual Startup Time": 490.564,
                  "Actual Total Time": 1276.635,
                  "Actual Rows": 902663,
                  "Actual Loops": 7,
                  "Inner Unique": true,
                  "Hash Cond": "(ci.movie_id = t.id)",
                  "Plans": [
                    {
                      "Node Type": "Seq Scan",
                      "Parent Relationship": "Outer",
                      "Parallel Aware": true,
                      "Relation Name": "cast_info",
                      "Alias": "ci",
                      "Startup Cost": 0.0,
                      "Total Cost": 343257.03,
                      "Plan Rows": 815923,
                      "Plan Width": 4,
                      "Actual Startup Time": 301.542,
                      "Actual Total Time": 590.606,
                      "Actual Rows": 1460166,
                      "Actual Loops": 7,
                      "Filter": "((person_id > 2637450) AND (role_id > 2))",
                      "Rows Removed by Filter": 3717597
                    },
                    {
                      "Node Type": "Hash",
                      "Parent Relationship": "Inner",
                      "Parallel Aware": true,
                      "Startup Cost": 45479.1,
                      "Total Cost": 45479.1,
                      "Plan Rows": 410628,
                      "Plan Width": 4,
                      "Actual Startup Time": 184.01,
                      "Actual Total Time": 184.011,
                      "Actual Rows": 232834,
                      "Actual Loops": 7,
                      "Hash Buckets": 2097152,
                      "Original Hash Buckets": 2097152,
                      "Hash Batches": 1,
                      "Original Hash Batches": 1,
                      "Peak Memory Usage": 80256,
                      "Plans": [
                        {
                          "Node Type": "Seq Scan",
                          "Parent Relationship": "Outer",
                          "Parallel Aware": true,
                          "Relation Name": "title",
                          "Alias": "t",
                          "Startup Cost": 0.0,
                          "Total Cost": 45479.1,
                          "Plan Rows": 410628,
                          "Plan Width": 4,
                          "Actual Startup Time": 0.04,
                          "Actual Total Time": 78.439,
                          "Actual Rows": 232834,
                          "Actual Loops": 7,
                          "Filter": "((kind_id > 1) AND (production_year < 2012))",
                          "Rows Removed by Filter": 128353
                        }
                      ]
                    }
                  ]
                }
              ]
            }
          ]
        }
      ]
    },
    "Planning Time": 0.686,
    "Triggers": [],
    "Execution Time": 1402.503
  }
]