{
    "Plan": {
        "Node Type": "Aggregate",
        "Strategy": "Plain",
        "Partial Mode": "Finalize",
        "Parallel Aware": false,
        "Startup Cost": 290426.79,
        "Total Cost": 290426.8,
        "Plan Rows": 1,
        "Plan Width": 8,
        "Actual Startup Time": 1210.711,
        "Actual Total Time": 1260.121,
        "Actual Rows": 1,
        "Actual Loops": 1,
        "Output": [
            "count(*)"
        ],
        "Plans": [
            {
                "Node Type": "Gather",
                "Parent Relationship": "Outer",
                "Parallel Aware": false,
                "Startup Cost": 290426.27,
                "Total Cost": 290426.78,
                "Plan Rows": 5,
                "Plan Width": 8,
                "Actual Startup Time": 1180.355,
                "Actual Total Time": 1260.11,
                "Actual Rows": 6,
                "Actual Loops": 1,
                "Output": [
                    "(PARTIAL count(*))"
                ],
                "Workers Planned": 5,
                "Workers Launched": 5,
                "Single Copy": false,
                "Plans": [
                    {
                        "Node Type": "Aggregate",
                        "Strategy": "Plain",
                        "Partial Mode": "Partial",
                        "Parent Relationship": "Outer",
                        "Parallel Aware": false,
                        "Startup Cost": 289426.27,
                        "Total Cost": 289426.28,
                        "Plan Rows": 1,
                        "Plan Width": 8,
                        "Actual Startup Time": 1166.915,
                        "Actual Total Time": 1167.298,
                        "Actual Rows": 1,
                        "Actual Loops": 6,
                        "Output": [
                            "PARTIAL count(*)"
                        ],
                        "Workers": [
                            {
                                "Worker Number": 0,
                                "Actual Startup Time": 1164.626,
                                "Actual Total Time": 1164.632,
                                "Actual Rows": 1,
                                "Actual Loops": 1
                            },
                            {
                                "Worker Number": 1,
                                "Actual Startup Time": 1164.614,
                                "Actual Total Time": 1164.62,
                                "Actual Rows": 1,
                                "Actual Loops": 1
                            },
                            {
                                "Worker Number": 2,
                                "Actual Startup Time": 1166.113,
                                "Actual Total Time": 1166.118,
                                "Actual Rows": 1,
                                "Actual Loops": 1
                            },
                            {
                                "Worker Number": 3,
                                "Actual Startup Time": 1164.481,
                                "Actual Total Time": 1164.486,
                                "Actual Rows": 1,
                                "Actual Loops": 1
                            },
                            {
                                "Worker Number": 4,
                                "Actual Startup Time": 1164.534,
                                "Actual Total Time": 1164.54,
                                "Actual Rows": 1,
                                "Actual Loops": 1
                            }
                        ],
                        "Plans": [
                            {
                                "Node Type": "Hash Join",
                                "Parent Relationship": "Outer",
                                "Parallel Aware": true,
                                "Join Type": "Inner",
                                "Startup Cost": 85770.32,
                                "Total Cost": 288517.7,
                                "Plan Rows": 363429,
                                "Plan Width": 0,
                                "Actual Startup Time": 569.166,
                                "Actual Total Time": 1128.562,
                                "Actual Rows": 691442,
                                "Actual Loops": 6,
                                "Inner Unique": false,
                                "Hash Cond": "(mi.movie_id = t.id)",
                                "Workers": [
                                    {
                                        "Worker Number": 0,
                                        "Actual Startup Time": 567.117,
                                        "Actual Total Time": 1125.363,
                                        "Actual Rows": 638378,
                                        "Actual Loops": 1
                                    },
                                    {
                                        "Worker Number": 1,
                                        "Actual Startup Time": 567.116,
                                        "Actual Total Time": 1124.861,
                                        "Actual Rows": 647138,
                                        "Actual Loops": 1
                                    },
                                    {
                                        "Worker Number": 2,
                                        "Actual Startup Time": 567.155,
                                        "Actual Total Time": 1126.733,
                                        "Actual Rows": 633567,
                                        "Actual Loops": 1
                                    },
                                    {
                                        "Worker Number": 3,
                                        "Actual Startup Time": 566.965,
                                        "Actual Total Time": 1128.731,
                                        "Actual Rows": 580062,
                                        "Actual Loops": 1
                                    },
                                    {
                                        "Worker Number": 4,
                                        "Actual Startup Time": 567.04,
                                        "Actual Total Time": 1125.06,
                                        "Actual Rows": 642852,
                                        "Actual Loops": 1
                                    }
                                ],
                                "Plans": [
                                    {
                                        "Node Type": "Seq Scan",
                                        "Parent Relationship": "Outer",
                                        "Parallel Aware": true,
                                        "Relation Name": "movie_info",
                                        "Schema": "public",
                                        "Alias": "mi",
                                        "Startup Cost": 0.0,
                                        "Total Cost": 198880.74,
                                        "Plan Rows": 718477,
                                        "Plan Width": 4,
                                        "Actual Startup Time": 34.865,
                                        "Actual Total Time": 370.74,
                                        "Actual Rows": 604163,
                                        "Actual Loops": 6,
                                        "Output": [
                                            "mi.id",
                                            "mi.movie_id",
                                            "mi.info_type_id",
                                            "mi.info",
                                            "mi.note"
                                        ],
                                        "Filter": "(mi.info_type_id < 4)",
                                        "Rows Removed by Filter": 1868457,
                                        "Workers": [
                                            {
                                                "Worker Number": 0,
                                                "Actual Startup Time": 34.87,
                                                "Actual Total Time": 374.054,
                                                "Actual Rows": 562384,
                                                "Actual Loops": 1
                                            },
                                            {
                                                "Worker Number": 1,
                                                "Actual Startup Time": 34.812,
                                                "Actual Total Time": 373.382,
                                                "Actual Rows": 558228,
                                                "Actual Loops": 1
                                            },
                                            {
                                                "Worker Number": 2,
                                                "Actual Startup Time": 34.95,
                                                "Actual Total Time": 373.998,
                                                "Actual Rows": 550927,
                                                "Actual Loops": 1
                                            },
                                            {
                                                "Worker Number": 3,
                                                "Actual Startup Time": 34.935,
                                                "Actual Total Time": 372.536,
                                                "Actual Rows": 511928,
                                                "Actual Loops": 1
                                            },
                                            {
                                                "Worker Number": 4,
                                                "Actual Startup Time": 34.81,
                                                "Actual Total Time": 373.433,
                                                "Actual Rows": 559394,
                                                "Actual Loops": 1
                                            }
                                        ]
                                    },
                                    {
                                        "Node Type": "Hash",
                                        "Parent Relationship": "Inner",
                                        "Parallel Aware": true,
                                        "Startup Cost": 80613.43,
                                        "Total Cost": 80613.43,
                                        "Plan Rows": 412551,
                                        "Plan Width": 8,
                                        "Actual Startup Time": 529.296,
                                        "Actual Total Time": 529.678,
                                        "Actual Rows": 212374,
                                        "Actual Loops": 6,
                                        "Output": [
                                            "t.id",
                                            "mc.movie_id"
                                        ],
                                        "Hash Buckets": 2097152,
                                        "Original Hash Buckets": 2097152,
                                        "Hash Batches": 1,
                                        "Original Hash Batches": 1,
                                        "Peak Memory Usage": 66336,
                                        "Workers": [
                                            {
                                                "Worker Number": 0,
                                                "Actual Startup Time": 531.325,
                                                "Actual Total Time": 531.329,
                                                "Actual Rows": 199624,
                                                "Actual Loops": 1
                                            },
                                            {
                                                "Worker Number": 1,
                                                "Actual Startup Time": 531.433,
                                                "Actual Total Time": 531.437,
                                                "Actual Rows": 199568,
                                                "Actual Loops": 1
                                            },
                                            {
                                                "Worker Number": 2,
                                                "Actual Startup Time": 531.434,
                                                "Actual Total Time": 531.438,
                                                "Actual Rows": 196340,
                                                "Actual Loops": 1
                                            },
                                            {
                                                "Worker Number": 3,
                                                "Actual Startup Time": 531.317,
                                                "Actual Total Time": 531.321,
                                                "Actual Rows": 179095,
                                                "Actual Loops": 1
                                            },
                                            {
                                                "Worker Number": 4,
                                                "Actual Startup Time": 531.412,
                                                "Actual Total Time": 531.415,
                                                "Actual Rows": 199015,
                                                "Actual Loops": 1
                                            }
                                        ],
                                        "Plans": [
                                            {
                                                "Node Type": "Hash Join",
                                                "Parent Relationship": "Outer",
                                                "Parallel Aware": true,
                                                "Join Type": "Inner",
                                                "Startup Cost": 50219.81,
                                                "Total Cost": 80613.43,
                                                "Plan Rows": 412551,
                                                "Plan Width": 8,
                                                "Actual Startup Time": 291.68,
                                                "Actual Total Time": 442.661,
                                                "Actual Rows": 212374,
                                                "Actual Loops": 6,
                                                "Output": [
                                                    "t.id",
                                                    "mc.movie_id"
                                                ],
                                                "Inner Unique": true,
                                                "Hash Cond": "(mc.movie_id = t.id)",
                                                "Workers": [
                                                    {
                                                        "Worker Number": 0,
                                                        "Actual Startup Time": 291.685,
                                                        "Actual Total Time": 444.098,
                                                        "Actual Rows": 199624,
                                                        "Actual Loops": 1
                                                    },
                                                    {
                                                        "Worker Number": 1,
                                                        "Actual Startup Time": 291.686,
                                                        "Actual Total Time": 442.145,
                                                        "Actual Rows": 199568,
                                                        "Actual Loops": 1
                                                    },
                                                    {
                                                        "Worker Number": 2,
                                                        "Actual Startup Time": 291.708,
                                                        "Actual Total Time": 442.227,
                                                        "Actual Rows": 196340,
                                                        "Actual Loops": 1
                                                    },
                                                    {
                                                        "Worker Number": 3,
                                                        "Actual Startup Time": 291.538,
                                                        "Actual Total Time": 442.283,
                                                        "Actual Rows": 179095,
                                                        "Actual Loops": 1
                                                    },
                                                    {
                                                        "Worker Number": 4,
                                                        "Actual Startup Time": 291.685,
                                                        "Actual Total Time": 442.169,
                                                        "Actual Rows": 199015,
                                                        "Actual Loops": 1
                                                    }
                                                ],
                                                "Plans": [
                                                    {
                                                        "Node Type": "Seq Scan",
                                                        "Parent Relationship": "Outer",
                                                        "Parallel Aware": true,
                                                        "Relation Name": "movie_companies",
                                                        "Schema": "public",
                                                        "Alias": "mc",
                                                        "Startup Cost": 0.0,
                                                        "Total Cost": 29310.68,
                                                        "Plan Rows": 412551,
                                                        "Plan Width": 4,
                                                        "Actual Startup Time": 0.032,
                                                        "Actual Total Time": 64.348,
                                                        "Actual Rows": 212374,
                                                        "Actual Loops": 6,
                                                        "Output": [
                                                            "mc.id",
                                                            "mc.movie_id",
                                                            "mc.company_id",
                                                            "mc.company_type_id",
                                                            "mc.note"
                                                        ],
                                                        "Filter": "(mc.company_type_id = 1)",
                                                        "Rows Removed by Filter": 222480,
                                                        "Workers": [
                                                            {
                                                                "Worker Number": 0,
                                                                "Actual Startup Time": 0.03,
                                                                "Actual Total Time": 65.994,
                                                                "Actual Rows": 199624,
                                                                "Actual Loops": 1
                                                            },
                                                            {
                                                                "Worker Number": 1,
                                                                "Actual Startup Time": 0.037,
                                                                "Actual Total Time": 65.812,
                                                                "Actual Rows": 199568,
                                                                "Actual Loops": 1
                                                            },
                                                            {
                                                                "Worker Number": 2,
                                                                "Actual Startup Time": 0.038,
                                                                "Actual Total Time": 65.827,
                                                                "Actual Rows": 196340,
                                                                "Actual Loops": 1
                                                            },
                                                            {
                                                                "Worker Number": 3,
                                                                "Actual Startup Time": 0.032,
                                                                "Actual Total Time": 65.171,
                                                                "Actual Rows": 179095,
                                                                "Actual Loops": 1
                                                            },
                                                            {
                                                                "Worker Number": 4,
                                                                "Actual Startup Time": 0.041,
                                                                "Actual Total Time": 65.786,
                                                                "Actual Rows": 199015,
                                                                "Actual Loops": 1
                                                            }
                                                        ]
                                                    },
                                                    {
                                                        "Node Type": "Hash",
                                                        "Parent Relationship": "Inner",
                                                        "Parallel Aware": true,
                                                        "Startup Cost": 42318.81,
                                                        "Total Cost": 42318.81,
                                                        "Plan Rows": 632080,
                                                        "Plan Width": 4,
                                                        "Actual Startup Time": 287.464,
                                                        "Actual Total Time": 287.466,
                                                        "Actual Rows": 421385,
                                                        "Actual Loops": 6,
                                                        "Output": [
                                                            "t.id"
                                                        ],
                                                        "Hash Buckets": 4194304,
                                                        "Original Hash Buckets": 4194304,
                                                        "Hash Batches": 1,
                                                        "Original Hash Batches": 1,
                                                        "Peak Memory Usage": 131776,
                                                        "Workers": [
                                                            {
                                                                "Worker Number": 0,
                                                                "Actual Startup Time": 291.363,
                                                                "Actual Total Time": 291.365,
                                                                "Actual Rows": 378853,
                                                                "Actual Loops": 1
                                                            },
                                                            {
                                                                "Worker Number": 1,
                                                                "Actual Startup Time": 291.393,
                                                                "Actual Total Time": 291.394,
                                                                "Actual Rows": 382619,
                                                                "Actual Loops": 1
                                                            },
                                                            {
                                                                "Worker Number": 2,
                                                                "Actual Startup Time": 291.385,
                                                                "Actual Total Time": 291.386,
                                                                "Actual Rows": 375900,
                                                                "Actual Loops": 1
                                                            },
                                                            {
                                                                "Worker Number": 3,
                                                                "Actual Startup Time": 291.422,
                                                                "Actual Total Time": 291.423,
                                                                "Actual Rows": 337294,
                                                                "Actual Loops": 1
                                                            },
                                                            {
                                                                "Worker Number": 4,
                                                                "Actual Startup Time": 291.37,
                                                                "Actual Total Time": 291.372,
                                                                "Actual Rows": 382197,
                                                                "Actual Loops": 1
                                                            }
                                                        ],
                                                        "Plans": [
                                                            {
                                                                "Node Type": "Seq Scan",
                                                                "Parent Relationship": "Outer",
                                                                "Parallel Aware": true,
                                                                "Relation Name": "title",
                                                                "Schema": "public",
                                                                "Alias": "t",
                                                                "Startup Cost": 0.0,
                                                                "Total Cost": 42318.81,
                                                                "Plan Rows": 632080,
                                                                "Plan Width": 4,
                                                                "Actual Startup Time": 0.059,
                                                                "Actual Total Time": 90.471,
                                                                "Actual Rows": 421385,
                                                                "Actual Loops": 6,
                                                                "Output": [
                                                                    "t.id"
                                                                ],
                                                                "Workers": [
                                                                    {
                                                                        "Worker Number": 0,
                                                                        "Actual Startup Time": 0.065,
                                                                        "Actual Total Time": 94.384,
                                                                        "Actual Rows": 378853,
                                                                        "Actual Loops": 1
                                                                    },
                                                                    {
                                                                        "Worker Number": 1,
                                                                        "Actual Startup Time": 0.062,
                                                                        "Actual Total Time": 94.173,
                                                                        "Actual Rows": 382619,
                                                                        "Actual Loops": 1
                                                                    },
                                                                    {
                                                                        "Worker Number": 2,
                                                                        "Actual Startup Time": 0.077,
                                                                        "Actual Total Time": 94.561,
                                                                        "Actual Rows": 375900,
                                                                        "Actual Loops": 1
                                                                    },
                                                                    {
                                                                        "Worker Number": 3,
                                                                        "Actual Startup Time": 0.072,
                                                                        "Actual Total Time": 92.194,
                                                                        "Actual Rows": 337294,
                                                                        "Actual Loops": 1
                                                                    },
                                                                    {
                                                                        "Worker Number": 4,
                                                                        "Actual Startup Time": 0.065,
                                                                        "Actual Total Time": 94.051,
                                                                        "Actual Rows": 382197,
                                                                        "Actual Loops": 1
                                                                    }
                                                                ]
                                                            }
                                                        ]
                                                    }
                                                ]
                                            }
                                        ]
                                    }
                                ]
                            }
                        ]
                    }
                ]
            }
        ]
    },
    "Planning Time": 1.613,
    "Triggers": [],
    "Execution Time": 1260.215
}