[
  {
    "Plan": {
      "Node Type": "Aggregate",
      "Strategy": "Plain",
      "Partial Mode": "Finalize",
      "Parallel Aware": false,
      "Startup Cost": 341456.67,
      "Total Cost": 341456.68,
      "Plan Rows": 1,
      "Plan Width": 8,
      "Actual Startup Time": 931.528,
      "Actual Total Time": 981.064,
      "Actual Rows": 1,
      "Actual Loops": 1,
      "Plans": [
        {
          "Node Type": "Gather",
          "Parent Relationship": "Outer",
          "Parallel Aware": false,
          "Startup Cost": 341456.04,
          "Total Cost": 341456.65,
          "Plan Rows": 6,
          "Plan Width": 8,
          "Actual Startup Time": 931.35,
          "Actual Total Time": 981.05,
          "Actual Rows": 7,
          "Actual Loops": 1,
          "Workers Planned": 6,
          "Workers Launched": 6,
          "Single Copy": false,
          "Plans": [
            {
              "Node Type": "Aggregate",
              "Strategy": "Plain",
              "Partial Mode": "Partial",
              "Parent Relationship": "Outer",
              "Parallel Aware": false,
              "Startup Cost": 340456.04,
              "Total Cost": 340456.05,
              "Plan Rows": 1,
              "Plan Width": 8,
              "Actual Startup Time": 924.045,
              "Actual Total Time": 924.046,
              "Actual Rows": 1,
              "Actual Loops": 7,
              "Plans": [
                {
                  "Node Type": "Seq Scan",
                  "Parent Relationship": "Outer",
                  "Parallel Aware": true,
                  "Relation Name": "cast_info",
                  "Alias": "ci",
                  "Startup Cost": 0.0,
                  "Total Cost": 328211.39,
                  "Plan Rows": 4897861,
                  "Plan Width": 0,
                  "Actual Startup Time": 0.048,
                  "Actual Total Time": 689.179,
                  "Actual Rows": 4208948,
                  "Actual Loops": 7,
                  "Filter": "(person_id < 2983779)",
                  "Rows Removed by Filter": 968816
                }
              ]
            }
          ]
        }
      ]
    },
    "Planning Time": 0.234,
    "Triggers": [],
    "Execution Time": 981.135
  }
]