[
  {
    "Plan": {
      "Node Type": "Aggregate",
      "Strategy": "Plain",
      "Partial Mode": "Finalize",
      "Parallel Aware": false,
      "Startup Cost": 38365.59,
      "Total Cost": 38365.6,
      "Plan Rows": 1,
      "Plan Width": 8,
      "Actual Startup Time": 17.385,
      "Actual Total Time": 20.374,
      "Actual Rows": 1,
      "Actual Loops": 1,
      "Plans": [
        {
          "Node Type": "Gather",
          "Parent Relationship": "Outer",
          "Parallel Aware": false,
          "Startup Cost": 38365.37,
          "Total Cost": 38365.58,
          "Plan Rows": 2,
          "Plan Width": 8,
          "Actual Startup Time": 17.265,
          "Actual Total Time": 20.369,
          "Actual Rows": 3,
          "Actual Loops": 1,
          "Workers Planned": 2,
          "Workers Launched": 2,
          "Single Copy": false,
          "Plans": [
            {
              "Node Type": "Aggregate",
              "Strategy": "Plain",
              "Partial Mode": "Partial",
              "Parent Relationship": "Outer",
              "Parallel Aware": false,
              "Startup Cost": 37365.37,
              "Total Cost": 37365.38,
              "Plan Rows": 1,
              "Plan Width": 8,
              "Actual Startup Time": 14.231,
              "Actual Total Time": 14.232,
              "Actual Rows": 1,
              "Actual Loops": 3,
              "Plans": [
                {
                  "Node Type": "Nested Loop",
                  "Parent Relationship": "Outer",
                  "Parallel Aware": false,
                  "Join Type": "Inner",
                  "Startup Cost": 110.22,
                  "Total Cost": 37359.28,
                  "Plan Rows": 2438,
                  "Plan Width": 0,
                  "Actual Startup Time": 0.501,
                  "Actual Total Time": 14.022,
                  "Actual Rows": 2205,
                  "Actual Loops": 3,
                  "Inner Unique": true,
                  "Plans": [
                    {
                      "Node Type": "Bitmap Heap Scan",
                      "Parent Relationship": "Outer",
                      "Parallel Aware": true,
                      "Relation Name": "movie_info",
                      "Alias": "mi",
                      "Startup Cost": 109.79,
                      "Total Cost": 19887.18,
                      "Plan Rows": 2438,
                      "Plan Width": 4,
                      "Actual Startup Time": 0.431,
                      "Actual Total Time": 2.486,
                      "Actual Rows": 2205,
                      "Actual Loops": 3,
                      "Recheck Cond": "(info_type_id = 41)",
                      "Rows Removed by Index Recheck": 0,
                      "Exact Heap Blocks": 877,
                      "Lossy Heap Blocks": 0,
                      "Plans": [
                        {
                          "Node Type": "Bitmap Index Scan",
                          "Parent Relationship": "Outer",
                          "Parallel Aware": false,
                          "Index Name": "info_type_id_movie_info",
                          "Startup Cost": 0.0,
                          "Total Cost": 108.33,
                          "Plan Rows": 5852,
                          "Plan Width": 0,
                          "Actual Startup Time": 0.955,
                          "Actual Total Time": 0.955,
                          "Actual Rows": 6614,
                          "Actual Loops": 1,
                          "Index Cond": "(info_type_id = 41)"
                        }
                      ]
                    },
                    {
                      "Node Type": "Index Only Scan",
                      "Parent Relationship": "Inner",
                      "Parallel Aware": false,
                      "Scan Direction": "Forward",
                      "Index Name": "title_pkey",
                      "Relation Name": "title",
                      "Alias": "t",
                      "Startup Cost": 0.43,
                      "Total Cost": 7.17,
                      "Plan Rows": 1,
                      "Plan Width": 4,
                      "Actual Startup Time": 0.005,
                      "Actual Total Time": 0.005,
                      "Actual Rows": 1,
                      "Actual Loops": 6614,
                      "Index Cond": "(id = mi.movie_id)",
                      "Rows Removed by Index Recheck": 0,
                      "Heap Fetches": 6614
                    }
                  ]
                }
              ]
            }
          ]
        }
      ]
    },
    "Planning Time": 0.27,
    "Triggers": [],
    "Execution Time": 20.413
  }
]