[
  {
    "Plan": {
      "Node Type": "Aggregate",
      "Strategy": "Plain",
      "Partial Mode": "Finalize",
      "Parallel Aware": false,
      "Startup Cost": 24216.19,
      "Total Cost": 24216.2,
      "Plan Rows": 1,
      "Plan Width": 8,
      "Actual Startup Time": 34.5,
      "Actual Total Time": 39.713,
      "Actual Rows": 1,
      "Actual Loops": 1,
      "Plans": [
        {
          "Node Type": "Gather",
          "Parent Relationship": "Outer",
          "Parallel Aware": false,
          "Startup Cost": 24215.97,
          "Total Cost": 24216.18,
          "Plan Rows": 2,
          "Plan Width": 8,
          "Actual Startup Time": 34.322,
          "Actual Total Time": 39.706,
          "Actual Rows": 3,
          "Actual Loops": 1,
          "Workers Planned": 2,
          "Workers Launched": 2,
          "Single Copy": false,
          "Plans": [
            {
              "Node Type": "Aggregate",
              "Strategy": "Plain",
              "Partial Mode": "Partial",
              "Parent Relationship": "Outer",
              "Parallel Aware": false,
              "Startup Cost": 23215.97,
              "Total Cost": 23215.98,
              "Plan Rows": 1,
              "Plan Width": 8,
              "Actual Startup Time": 27.279,
              "Actual Total Time": 27.314,
              "Actual Rows": 1,
              "Actual Loops": 3,
              "Plans": [
                {
                  "Node Type": "Nested Loop",
                  "Parent Relationship": "Outer",
                  "Parallel Aware": false,
                  "Join Type": "Inner",
                  "Startup Cost": 63.6,
                  "Total Cost": 23212.38,
                  "Plan Rows": 1438,
                  "Plan Width": 0,
                  "Actual Startup Time": 1.574,
                  "Actual Total Time": 26.906,
                  "Actual Rows": 2205,
                  "Actual Loops": 3,
                  "Inner Unique": true,
                  "Plans": [
                    {
                      "Node Type": "Bitmap Heap Scan",
                      "Parent Relationship": "Outer",
                      "Parallel Aware": true,
                      "Relation Name": "movie_info",
                      "Alias": "mi",
                      "Startup Cost": 63.17,
                      "Total Cost": 12250.29,
                      "Plan Rows": 1438,
                      "Plan Width": 4,
                      "Actual Startup Time": 1.389,
                      "Actual Total Time": 5.256,
                      "Actual Rows": 2205,
                      "Actual Loops": 3,
                      "Recheck Cond": "(info_type_id = 41)",
                      "Rows Removed by Index Recheck": 0,
                      "Exact Heap Blocks": 1012,
                      "Lossy Heap Blocks": 0,
                      "Plans": [
                        {
                          "Node Type": "Bitmap Index Scan",
                          "Parent Relationship": "Outer",
                          "Parallel Aware": false,
                          "Index Name": "info_type_id_movie_info",
                          "Startup Cost": 0.0,
                          "Total Cost": 62.31,
                          "Plan Rows": 3450,
                          "Plan Width": 0,
                          "Actual Startup Time": 3.236,
                          "Actual Total Time": 3.237,
                          "Actual Rows": 6614,
                          "Actual Loops": 1,
                          "Index Cond": "(info_type_id = 41)"
                        }
                      ]
                    },
                    {
                      "Node Type": "Index Only Scan",
                      "Parent Relationship": "Inner",
                      "Parallel Aware": false,
                      "Scan Direction": "Forward",
                      "Index Name": "title_pkey",
                      "Relation Name": "title",
                      "Alias": "t",
                      "Startup Cost": 0.43,
                      "Total Cost": 7.62,
                      "Plan Rows": 1,
                      "Plan Width": 4,
                      "Actual Startup Time": 0.009,
                      "Actual Total Time": 0.009,
                      "Actual Rows": 1,
                      "Actual Loops": 6614,
                      "Index Cond": "(id = mi.movie_id)",
                      "Rows Removed by Index Recheck": 0,
                      "Heap Fetches": 6614
                    }
                  ]
                }
              ]
            }
          ]
        }
      ]
    },
    "Planning Time": 0.598,
    "Triggers": [],
    "Execution Time": 39.823
  }
]