[
  {
    "Plan": {
      "Node Type": "Aggregate",
      "Strategy": "Plain",
      "Partial Mode": "Finalize",
      "Parallel Aware": false,
      "Startup Cost": 349896.44,
      "Total Cost": 349896.45,
      "Plan Rows": 1,
      "Plan Width": 8,
      "Actual Startup Time": 737.675,
      "Actual Total Time": 801.569,
      "Actual Rows": 1,
      "Actual Loops": 1,
      "Plans": [
        {
          "Node Type": "Gather",
          "Parent Relationship": "Outer",
          "Parallel Aware": false,
          "Startup Cost": 349895.81,
          "Total Cost": 349896.42,
          "Plan Rows": 6,
          "Plan Width": 8,
          "Actual Startup Time": 737.54,
          "Actual Total Time": 801.557,
          "Actual Rows": 7,
          "Actual Loops": 1,
          "Workers Planned": 6,
          "Workers Launched": 6,
          "Single Copy": false,
          "Plans": [
            {
              "Node Type": "Aggregate",
              "Strategy": "Plain",
              "Partial Mode": "Partial",
              "Parent Relationship": "Outer",
              "Parallel Aware": false,
              "Startup Cost": 348895.81,
              "Total Cost": 348895.82,
              "Plan Rows": 1,
              "Plan Width": 8,
              "Actual Startup Time": 727.83,
              "Actual Total Time": 727.831,
              "Actual Rows": 1,
              "Actual Loops": 7,
              "Plans": [
                {
                  "Node Type": "Seq Scan",
                  "Parent Relationship": "Outer",
                  "Parallel Aware": true,
                  "Relation Name": "cast_info",
                  "Alias": "ci",
                  "Startup Cost": 0.0,
                  "Total Cost": 343257.03,
                  "Plan Rows": 2255513,
                  "Plan Width": 0,
                  "Actual Startup Time": 195.634,
                  "Actual Total Time": 655.817,
                  "Actual Rows": 1663009,
                  "Actual Loops": 7,
                  "Filter": "((person_id > 1546434) AND (role_id < 4))",
                  "Rows Removed by Filter": 3514754
                }
              ]
            }
          ]
        }
      ]
    },
    "Planning Time": 0.232,
    "Triggers": [],
    "Execution Time": 801.645
  }
]