[
    {
        "Bao": {
            "Bao prediction": "NaN",
            "Bao recommended hint": "(no hint)"
        }
    },
    {
        "Plan": {
            "Node Type": "Aggregate",
            "Strategy": "Plain",
            "Partial Mode": "Finalize",
            "Parallel Aware": false,
            "Startup Cost": 33266.33,
            "Total Cost": 33266.34,
            "Plan Rows": 1,
            "Plan Width": 8,
            "Actual Startup Time": 102.471,
            "Actual Total Time": 108.512,
            "Actual Rows": 1,
            "Actual Loops": 1,
            "Output": [
                "count(*)"
            ],
            "Plans": [
                {
                    "Node Type": "Gather",
                    "Parent Relationship": "Outer",
                    "Parallel Aware": false,
                    "Startup Cost": 33266.01,
                    "Total Cost": 33266.32,
                    "Plan Rows": 3,
                    "Plan Width": 8,
                    "Actual Startup Time": 102.407,
                    "Actual Total Time": 108.507,
                    "Actual Rows": 4,
                    "Actual Loops": 1,
                    "Output": [
                        "(PARTIAL count(*))"
                    ],
                    "Workers Planned": 3,
                    "Workers Launched": 3,
                    "Single Copy": false,
                    "Plans": [
                        {
                            "Node Type": "Aggregate",
                            "Strategy": "Plain",
                            "Partial Mode": "Partial",
                            "Parent Relationship": "Outer",
                            "Parallel Aware": false,
                            "Startup Cost": 32266.01,
                            "Total Cost": 32266.02,
                            "Plan Rows": 1,
                            "Plan Width": 8,
                            "Actual Startup Time": 94.156,
                            "Actual Total Time": 94.157,
                            "Actual Rows": 1,
                            "Actual Loops": 4,
                            "Output": [
                                "PARTIAL count(*)"
                            ],
                            "Workers": [
                                {
                                    "Worker Number": 0,
                                    "Actual Startup Time": 91.161,
                                    "Actual Total Time": 91.162,
                                    "Actual Rows": 1,
                                    "Actual Loops": 1
                                },
                                {
                                    "Worker Number": 1,
                                    "Actual Startup Time": 91.126,
                                    "Actual Total Time": 91.127,
                                    "Actual Rows": 1,
                                    "Actual Loops": 1
                                },
                                {
                                    "Worker Number": 2,
                                    "Actual Startup Time": 92.224,
                                    "Actual Total Time": 92.224,
                                    "Actual Rows": 1,
                                    "Actual Loops": 1
                                }
                            ],
                            "Plans": [
                                {
                                    "Node Type": "Seq Scan",
                                    "Parent Relationship": "Outer",
                                    "Parallel Aware": true,
                                    "Relation Name": "movie_companies",
                                    "Schema": "public",
                                    "Alias": "mc",
                                    "Startup Cost": 0.0,
                                    "Total Cost": 31414.82,
                                    "Plan Rows": 340478,
                                    "Plan Width": 0,
                                    "Actual Startup Time": 43.02,
                                    "Actual Total Time": 81.044,
                                    "Actual Rows": 298529,
                                    "Actual Loops": 4,
                                    "Output": [
                                        "id",
                                        "movie_id",
                                        "company_id",
                                        "company_type_id",
                                        "note"
                                    ],
                                    "Filter": "((mc.company_id > 517) AND (mc.company_type_id = 2))",
                                    "Rows Removed by Filter": 353754,
                                    "Workers": [
                                        {
                                            "Worker Number": 0,
                                            "Actual Startup Time": 40.022,
                                            "Actual Total Time": 78.352,
                                            "Actual Rows": 317020,
                                            "Actual Loops": 1
                                        },
                                        {
                                            "Worker Number": 1,
                                            "Actual Startup Time": 40.002,
                                            "Actual Total Time": 78.36,
                                            "Actual Rows": 313206,
                                            "Actual Loops": 1
                                        },
                                        {
                                            "Worker Number": 2,
                                            "Actual Startup Time": 41.083,
                                            "Actual Total Time": 79.354,
                                            "Actual Rows": 196024,
                                            "Actual Loops": 1
                                        }
                                    ]
                                }
                            ]
                        }
                    ]
                }
            ]
        },
        "Planning Time": 184.492,
        "Triggers": [],
        "Execution Time": 108.556
    }
]