[
  {
    "Plan": {
      "Node Type": "Aggregate",
      "Strategy": "Plain",
      "Partial Mode": "Finalize",
      "Parallel Aware": false,
      "Startup Cost": 121077.67,
      "Total Cost": 121077.68,
      "Plan Rows": 1,
      "Plan Width": 8,
      "Actual Startup Time": 630.35,
      "Actual Total Time": 649.731,
      "Actual Rows": 1,
      "Actual Loops": 1,
      "Plans": [
        {
          "Node Type": "Gather",
          "Parent Relationship": "Outer",
          "Parallel Aware": false,
          "Startup Cost": 121077.35,
          "Total Cost": 121077.66,
          "Plan Rows": 3,
          "Plan Width": 8,
          "Actual Startup Time": 618.861,
          "Actual Total Time": 649.718,
          "Actual Rows": 4,
          "Actual Loops": 1,
          "Workers Planned": 3,
          "Workers Launched": 3,
          "Single Copy": false,
          "Plans": [
            {
              "Node Type": "Aggregate",
              "Strategy": "Plain",
              "Partial Mode": "Partial",
              "Parent Relationship": "Outer",
              "Parallel Aware": false,
              "Startup Cost": 120077.35,
              "Total Cost": 120077.36,
              "Plan Rows": 1,
              "Plan Width": 8,
              "Actual Startup Time": 614.536,
              "Actual Total Time": 614.703,
              "Actual Rows": 1,
              "Actual Loops": 4,
              "Plans": [
                {
                  "Node Type": "Hash Join",
                  "Parent Relationship": "Outer",
                  "Parallel Aware": true,
                  "Join Type": "Inner",
                  "Startup Cost": 75020.53,
                  "Total Cost": 119842.88,
                  "Plan Rows": 93786,
                  "Plan Width": 0,
                  "Actual Startup Time": 408.282,
                  "Actual Total Time": 608.566,
                  "Actual Rows": 134760,
                  "Actual Loops": 4,
                  "Inner Unique": false,
                  "Hash Cond": "(mk.movie_id = t.id)",
                  "Plans": [
                    {
                      "Node Type": "Seq Scan",
                      "Parent Relationship": "Outer",
                      "Parallel Aware": true,
                      "Relation Name": "movie_keyword",
                      "Alias": "mk",
                      "Startup Cost": 0.0,
                      "Total Cost": 39047.32,
                      "Plan Rows": 1459332,
                      "Plan Width": 4,
                      "Actual Startup Time": 0.033,
                      "Actual Total Time": 91.2,
                      "Actual Rows": 1130982,
                      "Actual Loops": 4
                    },
                    {
                      "Node Type": "Hash",
                      "Parent Relationship": "Inner",
                      "Parallel Aware": true,
                      "Startup Cost": 74365.31,
                      "Total Cost": 74365.31,
                      "Plan Rows": 52417,
                      "Plan Width": 8,
                      "Actual Startup Time": 406.357,
                      "Actual Total Time": 406.523,
                      "Actual Rows": 49101,
                      "Actual Loops": 4,
                      "Hash Buckets": 262144,
                      "Original Hash Buckets": 262144,
                      "Hash Batches": 1,
                      "Original Hash Batches": 1,
                      "Peak Memory Usage": 9792,
                      "Plans": [
                        {
                          "Node Type": "Hash Join",
                          "Parent Relationship": "Outer",
                          "Parallel Aware": true,
                          "Join Type": "Inner",
                          "Startup Cost": 54502.36,
                          "Total Cost": 74365.31,
                          "Plan Rows": 52417,
                          "Plan Width": 8,
                          "Actual Startup Time": 323.415,
                          "Actual Total Time": 389.538,
                          "Actual Rows": 49101,
                          "Actual Loops": 4,
                          "Inner Unique": true,
                          "Hash Cond": "(mc.movie_id = t.id)",
                          "Plans": [
                            {
                              "Node Type": "Bitmap Heap Scan",
                              "Parent Relationship": "Outer",
                              "Parallel Aware": true,
                              "Relation Name": "movie_companies",
                              "Alias": "mc",
                              "Startup Cost": 4764.75,
                              "Total Cost": 24441.49,
                              "Plan Rows": 70939,
                              "Plan Width": 4,
                              "Actual Startup Time": 18.575,
                              "Actual Total Time": 48.218,
                              "Actual Rows": 53801,
                              "Actual Loops": 4,
                              "Recheck Cond": "(company_id < 73)",
                              "Rows Removed by Index Recheck": 0,
                              "Exact Heap Blocks": 4702,
                              "Lossy Heap Blocks": 0,
                              "Plans": [
                                {
                                  "Node Type": "Bitmap Index Scan",
                                  "Parent Relationship": "Outer",
                                  "Parallel Aware": false,
                                  "Index Name": "company_id_movie_companies",
                                  "Startup Cost": 0.0,
                                  "Total Cost": 4709.77,
                                  "Plan Rows": 219912,
                                  "Plan Width": 0,
                                  "Actual Startup Time": 16.138,
                                  "Actual Total Time": 16.138,
                                  "Actual Rows": 215203,
                                  "Actual Loops": 1,
                                  "Index Cond": "(company_id < 73)"
                                }
                              ]
                            },
                            {
                              "Node Type": "Hash",
                              "Parent Relationship": "Inner",
                              "Parallel Aware": true,
                              "Startup Cost": 43899.32,
                              "Total Cost": 43899.32,
                              "Plan Rows": 467063,
                              "Plan Width": 4,
                              "Actual Startup Time": 299.112,
                              "Actual Total Time": 299.113,
                              "Actual Rows": 466372,
                              "Actual Loops": 4,
                              "Hash Buckets": 2097152,
                              "Original Hash Buckets": 2097152,
                              "Hash Batches": 1,
                              "Original Hash Batches": 1,
                              "Peak Memory Usage": 89408,
                              "Plans": [
                                {
                                  "Node Type": "Seq Scan",
                                  "Parent Relationship": "Outer",
                                  "Parallel Aware": true,
                                  "Relation Name": "title",
                                  "Alias": "t",
                                  "Startup Cost": 0.0,
                                  "Total Cost": 43899.32,
                                  "Plan Rows": 467063,
                                  "Plan Width": 4,
                                  "Actual Startup Time": 0.04,
                                  "Actual Total Time": 113.775,
                                  "Actual Rows": 466372,
                                  "Actual Loops": 4,
                                  "Filter": "(kind_id > 1)",
                                  "Rows Removed by Filter": 165706
                                }
                              ]
                            }
                          ]
                        }
                      ]
                    }
                  ]
                }
              ]
            }
          ]
        }
      ]
    },
    "Planning Time": 1.308,
    "Triggers": [],
    "Execution Time": 649.82
  }
]