[
  {
    "Plan": {
      "Node Type": "Aggregate",
      "Strategy": "Plain",
      "Partial Mode": "Finalize",
      "Parallel Aware": false,
      "Startup Cost": 118023.44,
      "Total Cost": 118023.45,
      "Plan Rows": 1,
      "Plan Width": 8,
      "Actual Startup Time": 472.672,
      "Actual Total Time": 494.457,
      "Actual Rows": 1,
      "Actual Loops": 1,
      "Plans": [
        {
          "Node Type": "Gather",
          "Parent Relationship": "Outer",
          "Parallel Aware": false,
          "Startup Cost": 118023.12,
          "Total Cost": 118023.43,
          "Plan Rows": 3,
          "Plan Width": 8,
          "Actual Startup Time": 470.578,
          "Actual Total Time": 494.446,
          "Actual Rows": 4,
          "Actual Loops": 1,
          "Workers Planned": 3,
          "Workers Launched": 3,
          "Single Copy": false,
          "Plans": [
            {
              "Node Type": "Aggregate",
              "Strategy": "Plain",
              "Partial Mode": "Partial",
              "Parent Relationship": "Outer",
              "Parallel Aware": false,
              "Startup Cost": 117023.12,
              "Total Cost": 117023.13,
              "Plan Rows": 1,
              "Plan Width": 8,
              "Actual Startup Time": 460.793,
              "Actual Total Time": 460.95,
              "Actual Rows": 1,
              "Actual Loops": 4,
              "Plans": [
                {
                  "Node Type": "Hash Join",
                  "Parent Relationship": "Outer",
                  "Parallel Aware": true,
                  "Join Type": "Inner",
                  "Startup Cost": 72045.04,
                  "Total Cost": 116793.99,
                  "Plan Rows": 91651,
                  "Plan Width": 0,
                  "Actual Startup Time": 269.058,
                  "Actual Total Time": 455.589,
                  "Actual Rows": 134760,
                  "Actual Loops": 4,
                  "Inner Unique": false,
                  "Hash Cond": "(mk.movie_id = t.id)",
                  "Plans": [
                    {
                      "Node Type": "Seq Scan",
                      "Parent Relationship": "Outer",
                      "Parallel Aware": true,
                      "Relation Name": "movie_keyword",
                      "Alias": "mk",
                      "Startup Cost": 0.0,
                      "Total Cost": 39047.32,
                      "Plan Rows": 1459332,
                      "Plan Width": 4,
                      "Actual Startup Time": 0.035,
                      "Actual Total Time": 87.769,
                      "Actual Rows": 1130982,
                      "Actual Loops": 4
                    },
                    {
                      "Node Type": "Hash",
                      "Parent Relationship": "Inner",
                      "Parallel Aware": true,
                      "Startup Cost": 71548.84,
                      "Total Cost": 71548.84,
                      "Plan Rows": 39696,
                      "Plan Width": 8,
                      "Actual Startup Time": 266.643,
                      "Actual Total Time": 266.798,
                      "Actual Rows": 49101,
                      "Actual Loops": 4,
                      "Hash Buckets": 262144,
                      "Original Hash Buckets": 262144,
                      "Hash Batches": 1,
                      "Original Hash Batches": 1,
                      "Peak Memory Usage": 9792,
                      "Plans": [
                        {
                          "Node Type": "Hash Join",
                          "Parent Relationship": "Outer",
                          "Parallel Aware": true,
                          "Join Type": "Inner",
                          "Startup Cost": 25190.58,
                          "Total Cost": 71548.84,
                          "Plan Rows": 39696,
                          "Plan Width": 8,
                          "Actual Startup Time": 84.639,
                          "Actual Total Time": 252.16,
                          "Actual Rows": 49101,
                          "Actual Loops": 4,
                          "Inner Unique": false,
                          "Hash Cond": "(t.id = mc.movie_id)",
                          "Plans": [
                            {
                              "Node Type": "Seq Scan",
                              "Parent Relationship": "Outer",
                              "Parallel Aware": true,
                              "Relation Name": "title",
                              "Alias": "t",
                              "Startup Cost": 0.0,
                              "Total Cost": 43898.92,
                              "Plan Rows": 466259,
                              "Plan Width": 4,
                              "Actual Startup Time": 0.011,
                              "Actual Total Time": 88.154,
                              "Actual Rows": 466372,
                              "Actual Loops": 4,
                              "Filter": "(kind_id > 1)",
                              "Rows Removed by Filter": 165706
                            },
                            {
                              "Node Type": "Hash",
                              "Parent Relationship": "Inner",
                              "Parallel Aware": true,
                              "Startup Cost": 24322.62,
                              "Total Cost": 24322.62,
                              "Plan Rows": 69437,
                              "Plan Width": 4,
                              "Actual Startup Time": 83.556,
                              "Actual Total Time": 83.558,
                              "Actual Rows": 53801,
                              "Actual Loops": 4,
                              "Hash Buckets": 262144,
                              "Original Hash Buckets": 262144,
                              "Hash Batches": 1,
                              "Original Hash Batches": 1,
                              "Peak Memory Usage": 10528,
                              "Plans": [
                                {
                                  "Node Type": "Bitmap Heap Scan",
                                  "Parent Relationship": "Outer",
                                  "Parallel Aware": true,
                                  "Relation Name": "movie_companies",
                                  "Alias": "mc",
                                  "Startup Cost": 4664.66,
                                  "Total Cost": 24322.62,
                                  "Plan Rows": 69437,
                                  "Plan Width": 4,
                                  "Actual Startup Time": 22.682,
                                  "Actual Total Time": 63.627,
                                  "Actual Rows": 53801,
                                  "Actual Loops": 4,
                                  "Recheck Cond": "(company_id < 73)",
                                  "Rows Removed by Index Recheck": 0,
                                  "Exact Heap Blocks": 7934,
                                  "Lossy Heap Blocks": 0,
                                  "Plans": [
                                    {
                                      "Node Type": "Bitmap Index Scan",
                                      "Parent Relationship": "Outer",
                                      "Parallel Aware": false,
                                      "Index Name": "company_id_movie_companies",
                                      "Startup Cost": 0.0,
                                      "Total Cost": 4610.84,
                                      "Plan Rows": 215255,
                                      "Plan Width": 0,
                                      "Actual Startup Time": 19.89,
                                      "Actual Total Time": 19.89,
                                      "Actual Rows": 215203,
                                      "Actual Loops": 1,
                                      "Index Cond": "(company_id < 73)"
                                    }
                                  ]
                                }
                              ]
                            }
                          ]
                        }
                      ]
                    }
                  ]
                }
              ]
            }
          ]
        }
      ]
    },
    "Planning Time": 1.376,
    "Triggers": [],
    "Execution Time": 494.559
  }
]