{
  "Plan": {
    "Node Type": "Aggregate",
    "Strategy": "Plain",
    "Partial Mode": "Finalize",
    "Parallel Aware": false,
    "Startup Cost": 247049.22,
    "Total Cost": 247049.23,
    "Plan Rows": 1,
    "Plan Width": 8,
    "Actual Startup Time": 404.559,
    "Actual Total Time": 456.083,
    "Actual Rows": 1,
    "Actual Loops": 1,
    "Plans": [
      {
        "Node Type": "Gather",
        "Parent Relationship": "Outer",
        "Parallel Aware": false,
        "Startup Cost": 247049.11,
        "Total Cost": 247049.22,
        "Plan Rows": 1,
        "Plan Width": 8,
        "Actual Startup Time": 404.102,
        "Actual Total Time": 456.073,
        "Actual Rows": 2,
        "Actual Loops": 1,
        "Workers Planned": 1,
        "Workers Launched": 1,
        "Single Copy": false,
        "Plans": [
          {
            "Node Type": "Aggregate",
            "Strategy": "Plain",
            "Partial Mode": "Partial",
            "Parent Relationship": "Outer",
            "Parallel Aware": false,
            "Startup Cost": 246049.11,
            "Total Cost": 246049.12,
            "Plan Rows": 1,
            "Plan Width": 8,
            "Actual Startup Time": 397.661,
            "Actual Total Time": 397.666,
            "Actual Rows": 1,
            "Actual Loops": 2,
            "Plans": [
              {
                "Node Type": "Nested Loop",
                "Parent Relationship": "Outer",
                "Parallel Aware": false,
                "Join Type": "Inner",
                "Startup Cost": 62465.86,
                "Total Cost": 246035.42,
                "Plan Rows": 5475,
                "Plan Width": 0,
                "Actual Startup Time": 141.628,
                "Actual Total Time": 396.914,
                "Actual Rows": 10806,
                "Actual Loops": 2,
                "Inner Unique": false,
                "Join Filter": "(t.id = ci.movie_id)",
                "Rows Removed by Join Filter": 0,
                "Plans": [
                  {
                    "Node Type": "Hash Join",
                    "Parent Relationship": "Outer",
                    "Parallel Aware": true,
                    "Join Type": "Inner",
                    "Startup Cost": 62465.29,
                    "Total Cost": 228649.75,
                    "Plan Rows": 3701,
                    "Plan Width": 8,
                    "Actual Startup Time": 141.528,
                    "Actual Total Time": 177.48,
                    "Actual Rows": 3370,
                    "Actual Loops": 2,
                    "Inner Unique": true,
                    "Hash Cond": "(mi.movie_id = t.id)",
                    "Plans": [
                      {
                        "Node Type": "Bitmap Heap Scan",
                        "Parent Relationship": "Outer",
                        "Parallel Aware": true,
                        "Relation Name": "movie_info",
                        "Alias": "mi",
                        "Startup Cost": 8535.51,
                        "Total Cost": 173992.52,
                        "Plan Rows": 277121,
                        "Plan Width": 4,
                        "Actual Startup Time": 23.281,
                        "Actual Total Time": 45.014,
                        "Actual Rows": 237222,
                        "Actual Loops": 2,
                        "Recheck Cond": "(info_type_id = 6)",
                        "Rows Removed by Index Recheck": 0,
                        "Exact Heap Blocks": 2144,
                        "Lossy Heap Blocks": 0,
                        "Plans": [
                          {
                            "Node Type": "Bitmap Index Scan",
                            "Parent Relationship": "Outer",
                            "Parallel Aware": false,
                            "Index Name": "info_type_id_movie_info",
                            "Startup Cost": 0.0,
                            "Total Cost": 8417.73,
                            "Plan Rows": 471106,
                            "Plan Width": 0,
                            "Actual Startup Time": 22.802,
                            "Actual Total Time": 22.803,
                            "Actual Rows": 474443,
                            "Actual Loops": 1,
                            "Index Cond": "(info_type_id = 6)"
                          }
                        ]
                      },
                      {
                        "Node Type": "Hash",
                        "Parent Relationship": "Inner",
                        "Parallel Aware": true,
                        "Startup Cost": 53681.55,
                        "Total Cost": 53681.55,
                        "Plan Rows": 19859,
                        "Plan Width": 4,
                        "Actual Startup Time": 100.223,
                        "Actual Total Time": 100.225,
                        "Actual Rows": 14052,
                        "Actual Loops": 2,
                        "Hash Buckets": 65536,
                        "Original Hash Buckets": 65536,
                        "Hash Batches": 1,
                        "Original Hash Batches": 1,
                        "Peak Memory Usage": 1664,
                        "Plans": [
                          {
                            "Node Type": "Bitmap Heap Scan",
                            "Parent Relationship": "Outer",
                            "Parallel Aware": true,
                            "Relation Name": "title",
                            "Alias": "t",
                            "Startup Cost": 11831.29,
                            "Total Cost": 53681.55,
                            "Plan Rows": 19859,
                            "Plan Width": 4,
                            "Actual Startup Time": 38.495,
                            "Actual Total Time": 96.251,
                            "Actual Rows": 14052,
                            "Actual Loops": 2,
                            "Recheck Cond": "(kind_id < 2)",
                            "Rows Removed by Index Recheck": 0,
                            "Filter": "(production_year = 2009)",
                            "Rows Removed by Filter": 317360,
                            "Exact Heap Blocks": 9232,
                            "Lossy Heap Blocks": 0,
                            "Plans": [
                              {
                                "Node Type": "Bitmap Index Scan",
                                "Parent Relationship": "Outer",
                                "Parallel Aware": false,
                                "Index Name": "kind_id_title",
                                "Startup Cost": 0.0,
                                "Total Cost": 11822.85,
                                "Plan Rows": 663256,
                                "Plan Width": 0,
                                "Actual Startup Time": 41.325,
                                "Actual Total Time": 41.325,
                                "Actual Rows": 662825,
                                "Actual Loops": 1,
                                "Index Cond": "(kind_id < 2)"
                              }
                            ]
                          }
                        ]
                      }
                    ]
                  },
                  {
                    "Node Type": "Index Scan",
                    "Parent Relationship": "Inner",
                    "Parallel Aware": false,
                    "Scan Direction": "Forward",
                    "Index Name": "movie_id_cast_info",
                    "Relation Name": "cast_info",
                    "Alias": "ci",
                    "Startup Cost": 0.56,
                    "Total Cost": 4.65,
                    "Plan Rows": 4,
                    "Plan Width": 4,
                    "Actual Startup Time": 0.04,
                    "Actual Total Time": 0.064,
                    "Actual Rows": 3,
                    "Actual Loops": 6740,
                    "Index Cond": "(movie_id = mi.movie_id)",
                    "Rows Removed by Index Recheck": 0,
                    "Filter": "((person_id > 270142) AND (role_id = 3))",
                    "Rows Removed by Filter": 31
                  }
                ]
              }
            ]
          }
        ]
      }
    ]
  },
  "Planning Time": 1.03,
  "Triggers": [],
  "Execution Time": 456.23
}