[
    {
        "Bao": {
            "Bao prediction": "NaN",
            "Bao recommended hint": "(no hint)"
        }
    },
    {
        "Plan": {
            "Node Type": "Aggregate",
            "Strategy": "Plain",
            "Partial Mode": "Finalize",
            "Parallel Aware": false,
            "Startup Cost": 268513.77,
            "Total Cost": 268513.78,
            "Plan Rows": 1,
            "Plan Width": 8,
            "Actual Startup Time": 686.863,
            "Actual Total Time": 706.162,
            "Actual Rows": 1,
            "Actual Loops": 1,
            "Output": [
                "count(*)"
            ],
            "Plans": [
                {
                    "Node Type": "Gather",
                    "Parent Relationship": "Outer",
                    "Parallel Aware": false,
                    "Startup Cost": 268513.45,
                    "Total Cost": 268513.76,
                    "Plan Rows": 3,
                    "Plan Width": 8,
                    "Actual Startup Time": 679.157,
                    "Actual Total Time": 706.151,
                    "Actual Rows": 4,
                    "Actual Loops": 1,
                    "Output": [
                        "(PARTIAL count(*))"
                    ],
                    "Workers Planned": 3,
                    "Workers Launched": 3,
                    "Single Copy": false,
                    "Plans": [
                        {
                            "Node Type": "Aggregate",
                            "Strategy": "Plain",
                            "Partial Mode": "Partial",
                            "Parent Relationship": "Outer",
                            "Parallel Aware": false,
                            "Startup Cost": 267513.45,
                            "Total Cost": 267513.46,
                            "Plan Rows": 1,
                            "Plan Width": 8,
                            "Actual Startup Time": 665.545,
                            "Actual Total Time": 665.693,
                            "Actual Rows": 1,
                            "Actual Loops": 4,
                            "Output": [
                                "PARTIAL count(*)"
                            ],
                            "Workers": [
                                {
                                    "Worker Number": 0,
                                    "Actual Startup Time": 660.905,
                                    "Actual Total Time": 660.909,
                                    "Actual Rows": 1,
                                    "Actual Loops": 1
                                },
                                {
                                    "Worker Number": 1,
                                    "Actual Startup Time": 661.295,
                                    "Actual Total Time": 661.299,
                                    "Actual Rows": 1,
                                    "Actual Loops": 1
                                },
                                {
                                    "Worker Number": 2,
                                    "Actual Startup Time": 661.112,
                                    "Actual Total Time": 661.117,
                                    "Actual Rows": 1,
                                    "Actual Loops": 1
                                }
                            ],
                            "Plans": [
                                {
                                    "Node Type": "Hash Join",
                                    "Parent Relationship": "Outer",
                                    "Parallel Aware": true,
                                    "Join Type": "Inner",
                                    "Startup Cost": 220827.71,
                                    "Total Cost": 267236.64,
                                    "Plan Rows": 110725,
                                    "Plan Width": 0,
                                    "Actual Startup Time": 414.064,
                                    "Actual Total Time": 636.599,
                                    "Actual Rows": 633343,
                                    "Actual Loops": 4,
                                    "Inner Unique": false,
                                    "Hash Cond": "(mk.movie_id = t.id)",
                                    "Workers": [
                                        {
                                            "Worker Number": 0,
                                            "Actual Startup Time": 409.511,
                                            "Actual Total Time": 632.194,
                                            "Actual Rows": 689801,
                                            "Actual Loops": 1
                                        },
                                        {
                                            "Worker Number": 1,
                                            "Actual Startup Time": 409.584,
                                            "Actual Total Time": 632.693,
                                            "Actual Rows": 688495,
                                            "Actual Loops": 1
                                        },
                                        {
                                            "Worker Number": 2,
                                            "Actual Startup Time": 409.695,
                                            "Actual Total Time": 632.567,
                                            "Actual Rows": 686459,
                                            "Actual Loops": 1
                                        }
                                    ],
                                    "Plans": [
                                        {
                                            "Node Type": "Seq Scan",
                                            "Parent Relationship": "Outer",
                                            "Parallel Aware": true,
                                            "Relation Name": "movie_keyword",
                                            "Schema": "public",
                                            "Alias": "mk",
                                            "Startup Cost": 0.0,
                                            "Total Cost": 42695.65,
                                            "Plan Rows": 931155,
                                            "Plan Width": 4,
                                            "Actual Startup Time": 0.161,
                                            "Actual Total Time": 109.179,
                                            "Actual Rows": 720758,
                                            "Actual Loops": 4,
                                            "Output": [
                                                "mk.id",
                                                "mk.movie_id",
                                                "mk.keyword_id"
                                            ],
                                            "Filter": "(mk.keyword_id > 2488)",
                                            "Rows Removed by Filter": 410225,
                                            "Workers": [
                                                {
                                                    "Worker Number": 0,
                                                    "Actual Startup Time": 0.175,
                                                    "Actual Total Time": 110.316,
                                                    "Actual Rows": 788394,
                                                    "Actual Loops": 1
                                                },
                                                {
                                                    "Worker Number": 1,
                                                    "Actual Startup Time": 0.177,
                                                    "Actual Total Time": 110.355,
                                                    "Actual Rows": 786770,
                                                    "Actual Loops": 1
                                                },
                                                {
                                                    "Worker Number": 2,
                                                    "Actual Startup Time": 0.113,
                                                    "Actual Total Time": 110.258,
                                                    "Actual Rows": 792034,
                                                    "Actual Loops": 1
                                                }
                                            ]
                                        },
                                        {
                                            "Node Type": "Hash",
                                            "Parent Relationship": "Inner",
                                            "Parallel Aware": true,
                                            "Startup Cost": 220076.09,
                                            "Total Cost": 220076.09,
                                            "Plan Rows": 60129,
                                            "Plan Width": 8,
                                            "Actual Startup Time": 412.153,
                                            "Actual Total Time": 412.3,
                                            "Actual Rows": 72933,
                                            "Actual Loops": 4,
                                            "Output": [
                                                "t.id",
                                                "mi.movie_id"
                                            ],
                                            "Hash Buckets": 524288,
                                            "Original Hash Buckets": 524288,
                                            "Hash Batches": 1,
                                            "Original Hash Batches": 1,
                                            "Peak Memory Usage": 15584,
                                            "Workers": [
                                                {
                                                    "Worker Number": 0,
                                                    "Actual Startup Time": 408.845,
                                                    "Actual Total Time": 408.848,
                                                    "Actual Rows": 70997,
                                                    "Actual Loops": 1
                                                },
                                                {
                                                    "Worker Number": 1,
                                                    "Actual Startup Time": 408.892,
                                                    "Actual Total Time": 408.895,
                                                    "Actual Rows": 71391,
                                                    "Actual Loops": 1
                                                },
                                                {
                                                    "Worker Number": 2,
                                                    "Actual Startup Time": 408.901,
                                                    "Actual Total Time": 408.905,
                                                    "Actual Rows": 71172,
                                                    "Actual Loops": 1
                                                }
                                            ],
                                            "Plans": [
                                                {
                                                    "Node Type": "Hash Join",
                                                    "Parent Relationship": "Outer",
                                                    "Parallel Aware": true,
                                                    "Join Type": "Inner",
                                                    "Startup Cost": 57047.58,
                                                    "Total Cost": 220076.09,
                                                    "Plan Rows": 60129,
                                                    "Plan Width": 8,
                                                    "Actual Startup Time": 312.449,
                                                    "Actual Total Time": 387.247,
                                                    "Actual Rows": 72933,
                                                    "Actual Loops": 4,
                                                    "Output": [
                                                        "t.id",
                                                        "mi.movie_id"
                                                    ],
                                                    "Inner Unique": true,
                                                    "Hash Cond": "(mi.movie_id = t.id)",
                                                    "Workers": [
                                                        {
                                                            "Worker Number": 0,
                                                            "Actual Startup Time": 309.09,
                                                            "Actual Total Time": 383.822,
                                                            "Actual Rows": 70997,
                                                            "Actual Loops": 1
                                                        },
                                                        {
                                                            "Worker Number": 1,
                                                            "Actual Startup Time": 309.18,
                                                            "Actual Total Time": 384.185,
                                                            "Actual Rows": 71391,
                                                            "Actual Loops": 1
                                                        },
                                                        {
                                                            "Worker Number": 2,
                                                            "Actual Startup Time": 309.432,
                                                            "Actual Total Time": 385.277,
                                                            "Actual Rows": 71172,
                                                            "Actual Loops": 1
                                                        }
                                                    ],
                                                    "Plans": [
                                                        {
                                                            "Node Type": "Bitmap Heap Scan",
                                                            "Parent Relationship": "Outer",
                                                            "Parallel Aware": true,
                                                            "Relation Name": "movie_info",
                                                            "Schema": "public",
                                                            "Alias": "mi",
                                                            "Startup Cost": 6209.4,
                                                            "Total Cost": 169058.19,
                                                            "Plan Rows": 68464,
                                                            "Plan Width": 4,
                                                            "Actual Startup Time": 17.665,
                                                            "Actual Total Time": 50.639,
                                                            "Actual Rows": 82214,
                                                            "Actual Loops": 4,
                                                            "Output": [
                                                                "mi.id",
                                                                "mi.movie_id",
                                                                "mi.info_type_id",
                                                                "mi.info",
                                                                "mi.note"
                                                            ],
                                                            "Recheck Cond": "(mi.info_type_id = 98)",
                                                            "Rows Removed by Index Recheck": 0,
                                                            "Exact Heap Blocks": 6571,
                                                            "Lossy Heap Blocks": 0,
                                                            "Workers": [
                                                                {
                                                                    "Worker Number": 0,
                                                                    "Actual Startup Time": 17.665,
                                                                    "Actual Total Time": 51.581,
                                                                    "Actual Rows": 80169,
                                                                    "Actual Loops": 1
                                                                },
                                                                {
                                                                    "Worker Number": 1,
                                                                    "Actual Startup Time": 17.665,
                                                                    "Actual Total Time": 51.651,
                                                                    "Actual Rows": 80442,
                                                                    "Actual Loops": 1
                                                                },
                                                                {
                                                                    "Worker Number": 2,
                                                                    "Actual Startup Time": 17.82,
                                                                    "Actual Total Time": 51.758,
                                                                    "Actual Rows": 80364,
                                                                    "Actual Loops": 1
                                                                }
                                                            ],
                                                            "Plans": [
                                                                {
                                                                    "Node Type": "Bitmap Index Scan",
                                                                    "Parent Relationship": "Outer",
                                                                    "Parallel Aware": false,
                                                                    "Index Name": "info_type_id_movie_info",
                                                                    "Startup Cost": 0.0,
                                                                    "Total Cost": 6123.82,
                                                                    "Plan Rows": 342318,
                                                                    "Plan Width": 0,
                                                                    "Actual Startup Time": 13.854,
                                                                    "Actual Total Time": 13.855,
                                                                    "Actual Rows": 328857,
                                                                    "Actual Loops": 1,
                                                                    "Index Cond": "(mi.info_type_id = 98)"
                                                                }
                                                            ]
                                                        },
                                                        {
                                                            "Node Type": "Hash",
                                                            "Parent Relationship": "Inner",
                                                            "Parallel Aware": true,
                                                            "Startup Cost": 43899.01,
                                                            "Total Cost": 43899.01,
                                                            "Plan Rows": 555134,
                                                            "Plan Width": 4,
                                                            "Actual Startup Time": 288.674,
                                                            "Actual Total Time": 288.675,
                                                            "Actual Rows": 556142,
                                                            "Actual Loops": 4,
                                                            "Output": [
                                                                "t.id"
                                                            ],
                                                            "Hash Buckets": 4194304,
                                                            "Original Hash Buckets": 4194304,
                                                            "Hash Batches": 1,
                                                            "Original Hash Batches": 1,
                                                            "Peak Memory Usage": 119840,
                                                            "Workers": [
                                                                {
                                                                    "Worker Number": 0,
                                                                    "Actual Startup Time": 291.355,
                                                                    "Actual Total Time": 291.355,
                                                                    "Actual Rows": 541363,
                                                                    "Actual Loops": 1
                                                                },
                                                                {
                                                                    "Worker Number": 1,
                                                                    "Actual Startup Time": 291.417,
                                                                    "Actual Total Time": 291.418,
                                                                    "Actual Rows": 540557,
                                                                    "Actual Loops": 1
                                                                },
                                                                {
                                                                    "Worker Number": 2,
                                                                    "Actual Startup Time": 291.548,
                                                                    "Actual Total Time": 291.549,
                                                                    "Actual Rows": 535223,
                                                                    "Actual Loops": 1
                                                                }
                                                            ],
                                                            "Plans": [
                                                                {
                                                                    "Node Type": "Seq Scan",
                                                                    "Parent Relationship": "Outer",
                                                                    "Parallel Aware": true,
                                                                    "Relation Name": "title",
                                                                    "Schema": "public",
                                                                    "Alias": "t",
                                                                    "Startup Cost": 0.0,
                                                                    "Total Cost": 43899.01,
                                                                    "Plan Rows": 555134,
                                                                    "Plan Width": 4,
                                                                    "Actual Startup Time": 0.05,
                                                                    "Actual Total Time": 99.291,
                                                                    "Actual Rows": 556142,
                                                                    "Actual Loops": 4,
                                                                    "Output": [
                                                                        "t.id"
                                                                    ],
                                                                    "Filter": "(t.production_year < 2012)",
                                                                    "Rows Removed by Filter": 75936,
                                                                    "Workers": [
                                                                        {
                                                                            "Worker Number": 0,
                                                                            "Actual Startup Time": 0.069,
                                                                            "Actual Total Time": 102.905,
                                                                            "Actual Rows": 541363,
                                                                            "Actual Loops": 1
                                                                        },
                                                                        {
                                                                            "Worker Number": 1,
                                                                            "Actual Startup Time": 0.063,
                                                                            "Actual Total Time": 102.582,
                                                                            "Actual Rows": 540557,
                                                                            "Actual Loops": 1
                                                                        },
                                                                        {
                                                                            "Worker Number": 2,
                                                                            "Actual Startup Time": 0.057,
                                                                            "Actual Total Time": 102.129,
                                                                            "Actual Rows": 535223,
                                                                            "Actual Loops": 1
                                                                        }
                                                                    ]
                                                                }
                                                            ]
                                                        }
                                                    ]
                                                }
                                            ]
                                        }
                                    ]
                                }
                            ]
                        }
                    ]
                }
            ]
        },
        "Planning Time": 192.769,
        "Triggers": [],
        "Execution Time": 706.241
    }
]