[
    {
        "Bao": {
            "Bao prediction": 323.284,
            "Bao recommended hint": "SET enable_nestloop TO off; "
        }
    },
    {
        "Plan": {
            "Node Type": "Aggregate",
            "Strategy": "Plain",
            "Partial Mode": "Simple",
            "Parallel Aware": false,
            "Startup Cost": 27011.89,
            "Total Cost": 27011.9,
            "Plan Rows": 1,
            "Plan Width": 96,
            "Actual Startup Time": 155.782,
            "Actual Total Time": 156.008,
            "Actual Rows": 1,
            "Actual Loops": 1,
            "Output": [
                "min(cn.name)",
                "min(mc.note)",
                "min(t.title)"
            ],
            "Plans": [
                {
                    "Node Type": "Hash Join",
                    "Parent Relationship": "Outer",
                    "Parallel Aware": false,
                    "Join Type": "Inner",
                    "Startup Cost": 23146.56,
                    "Total Cost": 27011.88,
                    "Plan Rows": 1,
                    "Plan Width": 60,
                    "Actual Startup Time": 155.778,
                    "Actual Total Time": 156.003,
                    "Actual Rows": 0,
                    "Actual Loops": 1,
                    "Output": [
                        "cn.name",
                        "mc.note",
                        "t.title"
                    ],
                    "Inner Unique": true,
                    "Hash Cond": "(ml.link_type_id = lt.id)",
                    "Plans": [
                        {
                            "Node Type": "Hash Join",
                            "Parent Relationship": "Outer",
                            "Parallel Aware": false,
                            "Join Type": "Inner",
                            "Startup Cost": 23145.15,
                            "Total Cost": 27010.47,
                            "Plan Rows": 1,
                            "Plan Width": 64,
                            "Actual Startup Time": 155.639,
                            "Actual Total Time": 155.862,
                            "Actual Rows": 0,
                            "Actual Loops": 1,
                            "Output": [
                                "cn.name",
                                "mc.note",
                                "ml.link_type_id",
                                "t.title"
                            ],
                            "Inner Unique": true,
                            "Hash Cond": "(mk.keyword_id = k.id)",
                            "Plans": [
                                {
                                    "Node Type": "Merge Join",
                                    "Parent Relationship": "Outer",
                                    "Parallel Aware": false,
                                    "Join Type": "Inner",
                                    "Startup Cost": 20351.28,
                                    "Total Cost": 24216.33,
                                    "Plan Rows": 102,
                                    "Plan Width": 68,
                                    "Actual Startup Time": 115.725,
                                    "Actual Total Time": 115.976,
                                    "Actual Rows": 171,
                                    "Actual Loops": 1,
                                    "Output": [
                                        "cn.name",
                                        "mc.note",
                                        "mk.keyword_id",
                                        "ml.link_type_id",
                                        "t.title"
                                    ],
                                    "Inner Unique": false,
                                    "Merge Cond": "(mk.movie_id = ml.movie_id)",
                                    "Plans": [
                                        {
                                            "Node Type": "Index Scan",
                                            "Parent Relationship": "Outer",
                                            "Parallel Aware": false,
                                            "Scan Direction": "Forward",
                                            "Index Name": "movie_id_movie_keyword",
                                            "Relation Name": "movie_keyword",
                                            "Schema": "public",
                                            "Alias": "mk",
                                            "Startup Cost": 0.43,
                                            "Total Cost": 177175.68,
                                            "Plan Rows": 4523930,
                                            "Plan Width": 8,
                                            "Actual Startup Time": 0.018,
                                            "Actual Total Time": 4.634,
                                            "Actual Rows": 34384,
                                            "Actual Loops": 1,
                                            "Output": [
                                                "mk.id",
                                                "mk.movie_id",
                                                "mk.keyword_id"
                                            ]
                                        },
                                        {
                                            "Node Type": "Sort",
                                            "Parent Relationship": "Inner",
                                            "Parallel Aware": false,
                                            "Startup Cost": 20350.84,
                                            "Total Cost": 20350.85,
                                            "Plan Rows": 2,
                                            "Plan Width": 76,
                                            "Actual Startup Time": 109.059,
                                            "Actual Total Time": 109.287,
                                            "Actual Rows": 153,
                                            "Actual Loops": 1,
                                            "Output": [
                                                "cn.name",
                                                "mc.note",
                                                "mc.movie_id",
                                                "ml.link_type_id",
                                                "ml.movie_id",
                                                "t.title",
                                                "t.id"
                                            ],
                                            "Sort Key": [
                                                "mc.movie_id"
                                            ],
                                            "Sort Method": "quicksort",
                                            "Sort Space Used": 26,
                                            "Sort Space Type": "Memory",
                                            "Plans": [
                                                {
                                                    "Node Type": "Gather",
                                                    "Parent Relationship": "Outer",
                                                    "Parallel Aware": false,
                                                    "Startup Cost": 6417.5,
                                                    "Total Cost": 20350.83,
                                                    "Plan Rows": 2,
                                                    "Plan Width": 76,
                                                    "Actual Startup Time": 108.988,
                                                    "Actual Total Time": 109.212,
                                                    "Actual Rows": 9,
                                                    "Actual Loops": 1,
                                                    "Output": [
                                                        "cn.name",
                                                        "mc.note",
                                                        "mc.movie_id",
                                                        "ml.link_type_id",
                                                        "ml.movie_id",
                                                        "t.title",
                                                        "t.id"
                                                    ],
                                                    "Workers Planned": 4,
                                                    "Workers Launched": 4,
                                                    "Single Copy": false,
                                                    "Plans": [
                                                        {
                                                            "Node Type": "Hash Join",
                                                            "Parent Relationship": "Outer",
                                                            "Parallel Aware": false,
                                                            "Join Type": "Inner",
                                                            "Startup Cost": 5417.5,
                                                            "Total Cost": 19350.63,
                                                            "Plan Rows": 1,
                                                            "Plan Width": 76,
                                                            "Actual Startup Time": 86.846,
                                                            "Actual Total Time": 94.736,
                                                            "Actual Rows": 2,
                                                            "Actual Loops": 5,
                                                            "Output": [
                                                                "cn.name",
                                                                "mc.note",
                                                                "mc.movie_id",
                                                                "ml.link_type_id",
                                                                "ml.movie_id",
                                                                "t.title",
                                                                "t.id"
                                                            ],
                                                            "Inner Unique": true,
                                                            "Hash Cond": "(mc.company_type_id = ct.id)",
                                                            "Workers": [
                                                                {
                                                                    "Worker Number": 0,
                                                                    "Actual Startup Time": 90.747,
                                                                    "Actual Total Time": 90.752,
                                                                    "Actual Rows": 0,
                                                                    "Actual Loops": 1
                                                                },
                                                                {
                                                                    "Worker Number": 1,
                                                                    "Actual Startup Time": 91.41,
                                                                    "Actual Total Time": 91.415,
                                                                    "Actual Rows": 0,
                                                                    "Actual Loops": 1
                                                                },
                                                                {
                                                                    "Worker Number": 2,
                                                                    "Actual Startup Time": 91.388,
                                                                    "Actual Total Time": 91.393,
                                                                    "Actual Rows": 0,
                                                                    "Actual Loops": 1
                                                                },
                                                                {
                                                                    "Worker Number": 3,
                                                                    "Actual Startup Time": 52.384,
                                                                    "Actual Total Time": 91.817,
                                                                    "Actual Rows": 9,
                                                                    "Actual Loops": 1
                                                                }
                                                            ],
                                                            "Plans": [
                                                                {
                                                                    "Node Type": "Hash Join",
                                                                    "Parent Relationship": "Outer",
                                                                    "Parallel Aware": true,
                                                                    "Join Type": "Inner",
                                                                    "Startup Cost": 5416.42,
                                                                    "Total Cost": 19349.54,
                                                                    "Plan Rows": 1,
                                                                    "Plan Width": 80,
                                                                    "Actual Startup Time": 65.531,
                                                                    "Actual Total Time": 94.202,
                                                                    "Actual Rows": 32,
                                                                    "Actual Loops": 5,
                                                                    "Output": [
                                                                        "cn.name",
                                                                        "mc.note",
                                                                        "mc.movie_id",
                                                                        "mc.company_type_id",
                                                                        "ml.link_type_id",
                                                                        "ml.movie_id",
                                                                        "t.title",
                                                                        "t.id"
                                                                    ],
                                                                    "Inner Unique": true,
                                                                    "Hash Cond": "(mc.company_id = cn.id)",
                                                                    "Workers": [
                                                                        {
                                                                            "Worker Number": 0,
                                                                            "Actual Startup Time": 90.133,
                                                                            "Actual Total Time": 90.137,
                                                                            "Actual Rows": 0,
                                                                            "Actual Loops": 1
                                                                        },
                                                                        {
                                                                            "Worker Number": 1,
                                                                            "Actual Startup Time": 59.349,
                                                                            "Actual Total Time": 90.727,
                                                                            "Actual Rows": 50,
                                                                            "Actual Loops": 1
                                                                        },
                                                                        {
                                                                            "Worker Number": 2,
                                                                            "Actual Startup Time": 90.708,
                                                                            "Actual Total Time": 90.711,
                                                                            "Actual Rows": 0,
                                                                            "Actual Loops": 1
                                                                        },
                                                                        {
                                                                            "Worker Number": 3,
                                                                            "Actual Startup Time": 51.732,
                                                                            "Actual Total Time": 91.166,
                                                                            "Actual Rows": 110,
                                                                            "Actual Loops": 1
                                                                        }
                                                                    ],
                                                                    "Plans": [
                                                                        {
                                                                            "Node Type": "Merge Join",
                                                                            "Parent Relationship": "Outer",
                                                                            "Parallel Aware": false,
                                                                            "Join Type": "Inner",
                                                                            "Startup Cost": 2.02,
                                                                            "Total Cost": 13924.28,
                                                                            "Plan Rows": 4138,
                                                                            "Plan Width": 65,
                                                                            "Actual Startup Time": 5.047,
                                                                            "Actual Total Time": 79.648,
                                                                            "Actual Rows": 1058,
                                                                            "Actual Loops": 5,
                                                                            "Output": [
                                                                                "mc.note",
                                                                                "mc.movie_id",
                                                                                "mc.company_type_id",
                                                                                "mc.company_id",
                                                                                "ml.link_type_id",
                                                                                "ml.movie_id",
                                                                                "t.title",
                                                                                "t.id"
                                                                            ],
                                                                            "Inner Unique": false,
                                                                            "Merge Cond": "(ml.movie_id = mc.movie_id)",
                                                                            "Workers": [
                                                                                {
                                                                                    "Worker Number": 0,
                                                                                    "Actual Startup Time": 4.976,
                                                                                    "Actual Total Time": 78.746,
                                                                                    "Actual Rows": 1030,
                                                                                    "Actual Loops": 1
                                                                                },
                                                                                {
                                                                                    "Worker Number": 1,
                                                                                    "Actual Startup Time": 8.633,
                                                                                    "Actual Total Time": 78.702,
                                                                                    "Actual Rows": 1003,
                                                                                    "Actual Loops": 1
                                                                                },
                                                                                {
                                                                                    "Worker Number": 2,
                                                                                    "Actual Startup Time": 1.538,
                                                                                    "Actual Total Time": 78.833,
                                                                                    "Actual Rows": 564,
                                                                                    "Actual Loops": 1
                                                                                },
                                                                                {
                                                                                    "Worker Number": 3,
                                                                                    "Actual Startup Time": 7.488,
                                                                                    "Actual Total Time": 78.892,
                                                                                    "Actual Rows": 775,
                                                                                    "Actual Loops": 1
                                                                                }
                                                                            ],
                                                                            "Plans": [
                                                                                {
                                                                                    "Node Type": "Merge Join",
                                                                                    "Parent Relationship": "Outer",
                                                                                    "Parallel Aware": false,
                                                                                    "Join Type": "Inner",
                                                                                    "Startup Cost": 1.59,
                                                                                    "Total Cost": 8093.81,
                                                                                    "Plan Rows": 1574,
                                                                                    "Plan Width": 29,
                                                                                    "Actual Startup Time": 3.535,
                                                                                    "Actual Total Time": 45.122,
                                                                                    "Actual Rows": 1333,
                                                                                    "Actual Loops": 5,
                                                                                    "Output": [
                                                                                        "ml.link_type_id",
                                                                                        "ml.movie_id",
                                                                                        "t.title",
                                                                                        "t.id"
                                                                                    ],
                                                                                    "Inner Unique": false,
                                                                                    "Merge Cond": "(t.id = ml.movie_id)",
                                                                                    "Workers": [
                                                                                        {
                                                                                            "Worker Number": 0,
                                                                                            "Actual Startup Time": 4.161,
                                                                                            "Actual Total Time": 41.882,
                                                                                            "Actual Rows": 779,
                                                                                            "Actual Loops": 1
                                                                                        },
                                                                                        {
                                                                                            "Worker Number": 1,
                                                                                            "Actual Startup Time": 4.074,
                                                                                            "Actual Total Time": 42.208,
                                                                                            "Actual Rows": 1773,
                                                                                            "Actual Loops": 1
                                                                                        },
                                                                                        {
                                                                                            "Worker Number": 2,
                                                                                            "Actual Startup Time": 1.381,
                                                                                            "Actual Total Time": 44.918,
                                                                                            "Actual Rows": 520,
                                                                                            "Actual Loops": 1
                                                                                        },
                                                                                        {
                                                                                            "Worker Number": 3,
                                                                                            "Actual Startup Time": 5.955,
                                                                                            "Actual Total Time": 41.527,
                                                                                            "Actual Rows": 646,
                                                                                            "Actual Loops": 1
                                                                                        }
                                                                                    ],
                                                                                    "Plans": [
                                                                                        {
                                                                                            "Node Type": "Index Scan",
                                                                                            "Parent Relationship": "Outer",
                                                                                            "Parallel Aware": true,
                                                                                            "Scan Direction": "Forward",
                                                                                            "Index Name": "title_pkey",
                                                                                            "Relation Name": "title",
                                                                                            "Schema": "public",
                                                                                            "Alias": "t",
                                                                                            "Startup Cost": 0.43,
                                                                                            "Total Cost": 92969.49,
                                                                                            "Plan Rows": 132671,
                                                                                            "Plan Width": 21,
                                                                                            "Actual Startup Time": 0.62,
                                                                                            "Actual Total Time": 35.552,
                                                                                            "Actual Rows": 8841,
                                                                                            "Actual Loops": 5,
                                                                                            "Output": [
                                                                                                "t.id",
                                                                                                "t.title",
                                                                                                "t.imdb_index",
                                                                                                "t.kind_id",
                                                                                                "t.production_year",
                                                                                                "t.imdb_id",
                                                                                                "t.phonetic_code",
                                                                                                "t.episode_of_id",
                                                                                                "t.season_nr",
                                                                                                "t.episode_nr",
                                                                                                "t.series_years",
                                                                                                "t.md5sum"
                                                                                            ],
                                                                                            "Filter": "(t.production_year > 2009)",
                                                                                            "Rows Removed by Filter": 28419,
                                                                                            "Workers": [
                                                                                                {
                                                                                                    "Worker Number": 0,
                                                                                                    "Actual Startup Time": 0.288,
                                                                                                    "Actual Total Time": 31.638,
                                                                                                    "Actual Rows": 6217,
                                                                                                    "Actual Loops": 1
                                                                                                },
                                                                                                {
                                                                                                    "Worker Number": 1,
                                                                                                    "Actual Startup Time": 0.734,
                                                                                                    "Actual Total Time": 31.964,
                                                                                                    "Actual Rows": 7148,
                                                                                                    "Actual Loops": 1
                                                                                                },
                                                                                                {
                                                                                                    "Worker Number": 2,
                                                                                                    "Actual Startup Time": 0.41,
                                                                                                    "Actual Total Time": 35.13,
                                                                                                    "Actual Rows": 6676,
                                                                                                    "Actual Loops": 1
                                                                                                },
                                                                                                {
                                                                                                    "Worker Number": 3,
                                                                                                    "Actual Startup Time": 1.533,
                                                                                                    "Actual Total Time": 31.379,
                                                                                                    "Actual Rows": 5431,
                                                                                                    "Actual Loops": 1
                                                                                                }
                                                                                            ]
                                                                                        },
                                                                                        {
                                                                                            "Node Type": "Index Scan",
                                                                                            "Parent Relationship": "Inner",
                                                                                            "Parallel Aware": false,
                                                                                            "Scan Direction": "Forward",
                                                                                            "Index Name": "movie_id_movie_link",
                                                                                            "Relation Name": "movie_link",
                                                                                            "Schema": "public",
                                                                                            "Alias": "ml",
                                                                                            "Startup Cost": 0.29,
                                                                                            "Total Cost": 1111.51,
                                                                                            "Plan Rows": 29997,
                                                                                            "Plan Width": 8,
                                                                                            "Actual Startup Time": 0.104,
                                                                                            "Actual Total Time": 6.093,
                                                                                            "Actual Rows": 29997,
                                                                                            "Actual Loops": 5,
                                                                                            "Output": [
                                                                                                "ml.id",
                                                                                                "ml.movie_id",
                                                                                                "ml.linked_movie_id",
                                                                                                "ml.link_type_id"
                                                                                            ],
                                                                                            "Workers": [
                                                                                                {
                                                                                                    "Worker Number": 0,
                                                                                                    "Actual Startup Time": 0.141,
                                                                                                    "Actual Total Time": 6.659,
                                                                                                    "Actual Rows": 29997,
                                                                                                    "Actual Loops": 1
                                                                                                },
                                                                                                {
                                                                                                    "Worker Number": 1,
                                                                                                    "Actual Startup Time": 0.116,
                                                                                                    "Actual Total Time": 6.515,
                                                                                                    "Actual Rows": 29997,
                                                                                                    "Actual Loops": 1
                                                                                                },
                                                                                                {
                                                                                                    "Worker Number": 2,
                                                                                                    "Actual Startup Time": 0.139,
                                                                                                    "Actual Total Time": 6.223,
                                                                                                    "Actual Rows": 29997,
                                                                                                    "Actual Loops": 1
                                                                                                },
                                                                                                {
                                                                                                    "Worker Number": 3,
                                                                                                    "Actual Startup Time": 0.107,
                                                                                                    "Actual Total Time": 6.69,
                                                                                                    "Actual Rows": 29997,
                                                                                                    "Actual Loops": 1
                                                                                                }
                                                                                            ]
                                                                                        }
                                                                                    ]
                                                                                },
                                                                                {
                                                                                    "Node Type": "Index Scan",
                                                                                    "Parent Relationship": "Inner",
                                                                                    "Parallel Aware": false,
                                                                                    "Scan Direction": "Forward",
                                                                                    "Index Name": "movie_id_movie_companies",
                                                                                    "Relation Name": "movie_companies",
                                                                                    "Schema": "public",
                                                                                    "Alias": "mc",
                                                                                    "Startup Cost": 0.43,
                                                                                    "Total Cost": 140586.81,
                                                                                    "Plan Rows": 1336309,
                                                                                    "Plan Width": 36,
                                                                                    "Actual Startup Time": 0.082,
                                                                                    "Actual Total Time": 31.171,
                                                                                    "Actual Rows": 44046,
                                                                                    "Actual Loops": 5,
                                                                                    "Output": [
                                                                                        "mc.id",
                                                                                        "mc.movie_id",
                                                                                        "mc.company_id",
                                                                                        "mc.company_type_id",
                                                                                        "mc.note"
                                                                                    ],
                                                                                    "Filter": "(mc.note IS NOT NULL)",
                                                                                    "Rows Removed by Filter": 43660,
                                                                                    "Workers": [
                                                                                        {
                                                                                            "Worker Number": 0,
                                                                                            "Actual Startup Time": 0.094,
                                                                                            "Actual Total Time": 33.418,
                                                                                            "Actual Rows": 42002,
                                                                                            "Actual Loops": 1
                                                                                        },
                                                                                        {
                                                                                            "Worker Number": 1,
                                                                                            "Actual Startup Time": 0.103,
                                                                                            "Actual Total Time": 32.868,
                                                                                            "Actual Rows": 41796,
                                                                                            "Actual Loops": 1
                                                                                        },
                                                                                        {
                                                                                            "Worker Number": 2,
                                                                                            "Actual Startup Time": 0.105,
                                                                                            "Actual Total Time": 30.444,
                                                                                            "Actual Rows": 42572,
                                                                                            "Actual Loops": 1
                                                                                        },
                                                                                        {
                                                                                            "Worker Number": 3,
                                                                                            "Actual Startup Time": 0.094,
                                                                                            "Actual Total Time": 33.975,
                                                                                            "Actual Rows": 41673,
                                                                                            "Actual Loops": 1
                                                                                        }
                                                                                    ]
                                                                                }
                                                                            ]
                                                                        },
                                                                        {
                                                                            "Node Type": "Hash",
                                                                            "Parent Relationship": "Inner",
                                                                            "Parallel Aware": true,
                                                                            "Startup Cost": 5414.09,
                                                                            "Total Cost": 5414.09,
                                                                            "Plan Rows": 25,
                                                                            "Plan Width": 23,
                                                                            "Actual Startup Time": 14.058,
                                                                            "Actual Total Time": 14.059,
                                                                            "Actual Rows": 18,
                                                                            "Actual Loops": 5,
                                                                            "Output": [
                                                                                "cn.name",
                                                                                "cn.id"
                                                                            ],
                                                                            "Hash Buckets": 1024,
                                                                            "Original Hash Buckets": 1024,
                                                                            "Hash Batches": 1,
                                                                            "Original Hash Batches": 1,
                                                                            "Peak Memory Usage": 40,
                                                                            "Workers": [
                                                                                {
                                                                                    "Worker Number": 0,
                                                                                    "Actual Startup Time": 10.938,
                                                                                    "Actual Total Time": 10.939,
                                                                                    "Actual Rows": 0,
                                                                                    "Actual Loops": 1
                                                                                },
                                                                                {
                                                                                    "Worker Number": 1,
                                                                                    "Actual Startup Time": 11.577,
                                                                                    "Actual Total Time": 11.578,
                                                                                    "Actual Rows": 0,
                                                                                    "Actual Loops": 1
                                                                                },
                                                                                {
                                                                                    "Worker Number": 2,
                                                                                    "Actual Startup Time": 11.68,
                                                                                    "Actual Total Time": 11.681,
                                                                                    "Actual Rows": 0,
                                                                                    "Actual Loops": 1
                                                                                },
                                                                                {
                                                                                    "Worker Number": 3,
                                                                                    "Actual Startup Time": 11.809,
                                                                                    "Actual Total Time": 11.81,
                                                                                    "Actual Rows": 0,
                                                                                    "Actual Loops": 1
                                                                                }
                                                                            ],
                                                                            "Plans": [
                                                                                {
                                                                                    "Node Type": "Seq Scan",
                                                                                    "Parent Relationship": "Outer",
                                                                                    "Parallel Aware": true,
                                                                                    "Relation Name": "company_name",
                                                                                    "Schema": "public",
                                                                                    "Alias": "cn",
                                                                                    "Startup Cost": 0.0,
                                                                                    "Total Cost": 5414.09,
                                                                                    "Plan Rows": 25,
                                                                                    "Plan Width": 23,
                                                                                    "Actual Startup Time": 9.155,
                                                                                    "Actual Total Time": 13.925,
                                                                                    "Actual Rows": 18,
                                                                                    "Actual Loops": 5,
                                                                                    "Output": [
                                                                                        "cn.name",
                                                                                        "cn.id"
                                                                                    ],
                                                                                    "Filter": "(((cn.country_code)::text <> '[pl]'::text) AND ((cn.name ~~ '20th Century Fox%'::text) OR (cn.name ~~ 'Twentieth Century Fox%'::text)))",
                                                                                    "Rows Removed by Filter": 46982,
                                                                                    "Workers": [
                                                                                        {
                                                                                            "Worker Number": 0,
                                                                                            "Actual Startup Time": 10.829,
                                                                                            "Actual Total Time": 10.829,
                                                                                            "Actual Rows": 0,
                                                                                            "Actual Loops": 1
                                                                                        },
                                                                                        {
                                                                                            "Worker Number": 1,
                                                                                            "Actual Startup Time": 11.498,
                                                                                            "Actual Total Time": 11.499,
                                                                                            "Actual Rows": 0,
                                                                                            "Actual Loops": 1
                                                                                        },
                                                                                        {
                                                                                            "Worker Number": 2,
                                                                                            "Actual Startup Time": 11.476,
                                                                                            "Actual Total Time": 11.476,
                                                                                            "Actual Rows": 0,
                                                                                            "Actual Loops": 1
                                                                                        },
                                                                                        {
                                                                                            "Worker Number": 3,
                                                                                            "Actual Startup Time": 11.711,
                                                                                            "Actual Total Time": 11.712,
                                                                                            "Actual Rows": 0,
                                                                                            "Actual Loops": 1
                                                                                        }
                                                                                    ]
                                                                                }
                                                                            ]
                                                                        }
                                                                    ]
                                                                },
                                                                {
                                                                    "Node Type": "Hash",
                                                                    "Parent Relationship": "Inner",
                                                                    "Parallel Aware": false,
                                                                    "Startup Cost": 1.05,
                                                                    "Total Cost": 1.05,
                                                                    "Plan Rows": 3,
                                                                    "Plan Width": 4,
                                                                    "Actual Startup Time": 0.088,
                                                                    "Actual Total Time": 0.089,
                                                                    "Actual Rows": 3,
                                                                    "Actual Loops": 5,
                                                                    "Output": [
                                                                        "ct.id"
                                                                    ],
                                                                    "Hash Buckets": 1024,
                                                                    "Original Hash Buckets": 1024,
                                                                    "Hash Batches": 1,
                                                                    "Original Hash Batches": 1,
                                                                    "Peak Memory Usage": 9,
                                                                    "Workers": [
                                                                        {
                                                                            "Worker Number": 0,
                                                                            "Actual Startup Time": 0.099,
                                                                            "Actual Total Time": 0.1,
                                                                            "Actual Rows": 3,
                                                                            "Actual Loops": 1
                                                                        },
                                                                        {
                                                                            "Worker Number": 1,
                                                                            "Actual Startup Time": 0.115,
                                                                            "Actual Total Time": 0.115,
                                                                            "Actual Rows": 3,
                                                                            "Actual Loops": 1
                                                                        },
                                                                        {
                                                                            "Worker Number": 2,
                                                                            "Actual Startup Time": 0.114,
                                                                            "Actual Total Time": 0.116,
                                                                            "Actual Rows": 3,
                                                                            "Actual Loops": 1
                                                                        },
                                                                        {
                                                                            "Worker Number": 3,
                                                                            "Actual Startup Time": 0.098,
                                                                            "Actual Total Time": 0.099,
                                                                            "Actual Rows": 3,
                                                                            "Actual Loops": 1
                                                                        }
                                                                    ],
                                                                    "Plans": [
                                                                        {
                                                                            "Node Type": "Seq Scan",
                                                                            "Parent Relationship": "Outer",
                                                                            "Parallel Aware": false,
                                                                            "Relation Name": "company_type",
                                                                            "Schema": "public",
                                                                            "Alias": "ct",
                                                                            "Startup Cost": 0.0,
                                                                            "Total Cost": 1.05,
                                                                            "Plan Rows": 3,
                                                                            "Plan Width": 4,
                                                                            "Actual Startup Time": 0.062,
                                                                            "Actual Total Time": 0.065,
                                                                            "Actual Rows": 3,
                                                                            "Actual Loops": 5,
                                                                            "Output": [
                                                                                "ct.id"
                                                                            ],
                                                                            "Filter": "((ct.kind IS NOT NULL) AND ((ct.kind)::text <> 'distributors'::text))",
                                                                            "Rows Removed by Filter": 1,
                                                                            "Workers": [
                                                                                {
                                                                                    "Worker Number": 0,
                                                                                    "Actual Startup Time": 0.07,
                                                                                    "Actual Total Time": 0.074,
                                                                                    "Actual Rows": 3,
                                                                                    "Actual Loops": 1
                                                                                },
                                                                                {
                                                                                    "Worker Number": 1,
                                                                                    "Actual Startup Time": 0.081,
                                                                                    "Actual Total Time": 0.085,
                                                                                    "Actual Rows": 3,
                                                                                    "Actual Loops": 1
                                                                                },
                                                                                {
                                                                                    "Worker Number": 2,
                                                                                    "Actual Startup Time": 0.081,
                                                                                    "Actual Total Time": 0.086,
                                                                                    "Actual Rows": 3,
                                                                                    "Actual Loops": 1
                                                                                },
                                                                                {
                                                                                    "Worker Number": 3,
                                                                                    "Actual Startup Time": 0.07,
                                                                                    "Actual Total Time": 0.074,
                                                                                    "Actual Rows": 3,
                                                                                    "Actual Loops": 1
                                                                                }
                                                                            ]
                                                                        }
                                                                    ]
                                                                }
                                                            ]
                                                        }
                                                    ]
                                                }
                                            ]
                                        }
                                    ]
                                },
                                {
                                    "Node Type": "Hash",
                                    "Parent Relationship": "Inner",
                                    "Parallel Aware": false,
                                    "Startup Cost": 2793.84,
                                    "Total Cost": 2793.84,
                                    "Plan Rows": 3,
                                    "Plan Width": 4,
                                    "Actual Startup Time": 39.821,
                                    "Actual Total Time": 39.822,
                                    "Actual Rows": 3,
                                    "Actual Loops": 1,
                                    "Output": [
                                        "k.id"
                                    ],
                                    "Hash Buckets": 1024,
                                    "Original Hash Buckets": 1024,
                                    "Hash Batches": 1,
                                    "Original Hash Batches": 1,
                                    "Peak Memory Usage": 9,
                                    "Plans": [
                                        {
                                            "Node Type": "Seq Scan",
                                            "Parent Relationship": "Outer",
                                            "Parallel Aware": false,
                                            "Relation Name": "keyword",
                                            "Schema": "public",
                                            "Alias": "k",
                                            "Startup Cost": 0.0,
                                            "Total Cost": 2793.84,
                                            "Plan Rows": 3,
                                            "Plan Width": 4,
                                            "Actual Startup Time": 3.077,
                                            "Actual Total Time": 39.797,
                                            "Actual Rows": 3,
                                            "Actual Loops": 1,
                                            "Output": [
                                                "k.id"
                                            ],
                                            "Filter": "(k.keyword = ANY ('{violence,second-part,bleeped-speech}'::text[]))",
                                            "Rows Removed by Filter": 134167
                                        }
                                    ]
                                }
                            ]
                        },
                        {
                            "Node Type": "Hash",
                            "Parent Relationship": "Inner",
                            "Parallel Aware": false,
                            "Startup Cost": 1.18,
                            "Total Cost": 1.18,
                            "Plan Rows": 18,
                            "Plan Width": 4,
                            "Actual Startup Time": 0.062,
                            "Actual Total Time": 0.063,
                            "Actual Rows": 18,
                            "Actual Loops": 1,
                            "Output": [
                                "lt.id"
                            ],
                            "Hash Buckets": 1024,
                            "Original Hash Buckets": 1024,
                            "Hash Batches": 1,
                            "Original Hash Batches": 1,
                            "Peak Memory Usage": 9,
                            "Plans": [
                                {
                                    "Node Type": "Seq Scan",
                                    "Parent Relationship": "Outer",
                                    "Parallel Aware": false,
                                    "Relation Name": "link_type",
                                    "Schema": "public",
                                    "Alias": "lt",
                                    "Startup Cost": 0.0,
                                    "Total Cost": 1.18,
                                    "Plan Rows": 18,
                                    "Plan Width": 4,
                                    "Actual Startup Time": 0.018,
                                    "Actual Total Time": 0.027,
                                    "Actual Rows": 18,
                                    "Actual Loops": 1,
                                    "Output": [
                                        "lt.id"
                                    ]
                                }
                            ]
                        }
                    ]
                }
            ]
        },
        "Planning Time": 1909.846,
        "Triggers": [],
        "Execution Time": 156.92
    }
]