[
  {
    "Plan": {
      "Node Type": "Aggregate",
      "Strategy": "Plain",
      "Partial Mode": "Finalize",
      "Parallel Aware": false,
      "Startup Cost": 73621.85,
      "Total Cost": 73621.86,
      "Plan Rows": 1,
      "Plan Width": 8,
      "Actual Startup Time": 152.085,
      "Actual Total Time": 165.38,
      "Actual Rows": 1,
      "Actual Loops": 1,
      "Plans": [
        {
          "Node Type": "Gather",
          "Parent Relationship": "Outer",
          "Parallel Aware": false,
          "Startup Cost": 73621.54,
          "Total Cost": 73621.85,
          "Plan Rows": 3,
          "Plan Width": 8,
          "Actual Startup Time": 151.555,
          "Actual Total Time": 165.37,
          "Actual Rows": 4,
          "Actual Loops": 1,
          "Workers Planned": 3,
          "Workers Launched": 3,
          "Single Copy": false,
          "Plans": [
            {
              "Node Type": "Aggregate",
              "Strategy": "Plain",
              "Partial Mode": "Partial",
              "Parent Relationship": "Outer",
              "Parallel Aware": false,
              "Startup Cost": 72621.54,
              "Total Cost": 72621.55,
              "Plan Rows": 1,
              "Plan Width": 8,
              "Actual Startup Time": 147.726,
              "Actual Total Time": 147.73,
              "Actual Rows": 1,
              "Actual Loops": 4,
              "Plans": [
                {
                  "Node Type": "Hash Join",
                  "Parent Relationship": "Outer",
                  "Parallel Aware": true,
                  "Join Type": "Inner",
                  "Startup Cost": 52252.83,
                  "Total Cost": 72616.8,
                  "Plan Rows": 1895,
                  "Plan Width": 0,
                  "Actual Startup Time": 124.58,
                  "Actual Total Time": 147.696,
                  "Actual Rows": 236,
                  "Actual Loops": 4,
                  "Inner Unique": true,
                  "Hash Cond": "(mc.movie_id = t.id)",
                  "Plans": [
                    {
                      "Node Type": "Bitmap Heap Scan",
                      "Parent Relationship": "Outer",
                      "Parallel Aware": true,
                      "Relation Name": "movie_companies",
                      "Alias": "mc",
                      "Startup Cost": 6456.41,
                      "Total Cost": 26696.31,
                      "Plan Rows": 47261,
                      "Plan Width": 4,
                      "Actual Startup Time": 15.383,
                      "Actual Total Time": 47.625,
                      "Actual Rows": 56096,
                      "Actual Loops": 4,
                      "Recheck Cond": "(company_id < 160)",
                      "Rows Removed by Index Recheck": 0,
                      "Filter": "(company_type_id = 1)",
                      "Rows Removed by Filter": 17123,
                      "Exact Heap Blocks": 7587,
                      "Lossy Heap Blocks": 0,
                      "Plans": [
                        {
                          "Node Type": "Bitmap Index Scan",
                          "Parent Relationship": "Outer",
                          "Parallel Aware": false,
                          "Index Name": "company_id_movie_companies",
                          "Startup Cost": 0.0,
                          "Total Cost": 6419.78,
                          "Plan Rows": 299647,
                          "Plan Width": 0,
                          "Actual Startup Time": 12.845,
                          "Actual Total Time": 12.846,
                          "Actual Rows": 292877,
                          "Actual Loops": 1,
                          "Index Cond": "(company_id < 160)"
                        }
                      ]
                    },
                    {
                      "Node Type": "Hash",
                      "Parent Relationship": "Inner",
                      "Parallel Aware": true,
                      "Startup Cost": 45479.59,
                      "Total Cost": 45479.59,
                      "Plan Rows": 25347,
                      "Plan Width": 4,
                      "Actual Startup Time": 89.452,
                      "Actual Total Time": 89.453,
                      "Actual Rows": 24748,
                      "Actual Loops": 4,
                      "Hash Buckets": 131072,
                      "Original Hash Buckets": 131072,
                      "Hash Batches": 1,
                      "Original Hash Batches": 1,
                      "Peak Memory Usage": 4960,
                      "Plans": [
                        {
                          "Node Type": "Seq Scan",
                          "Parent Relationship": "Outer",
                          "Parallel Aware": true,
                          "Relation Name": "title",
                          "Alias": "t",
                          "Startup Cost": 0.0,
                          "Total Cost": 45479.59,
                          "Plan Rows": 25347,
                          "Plan Width": 4,
                          "Actual Startup Time": 36.54,
                          "Actual Total Time": 83.109,
                          "Actual Rows": 24748,
                          "Actual Loops": 4,
                          "Filter": "((production_year > 2010) AND (kind_id = 1))",
                          "Rows Removed by Filter": 607330
                        }
                      ]
                    }
                  ]
                }
              ]
            }
          ]
        }
      ]
    },
    "Planning Time": 0.307,
    "Triggers": [],
    "Execution Time": 165.427
  }
]