[
  {
    "Plan": {
      "Node Type": "Aggregate",
      "Strategy": "Plain",
      "Partial Mode": "Finalize",
      "Parallel Aware": false,
      "Startup Cost": 341932.81,
      "Total Cost": 341932.82,
      "Plan Rows": 1,
      "Plan Width": 8,
      "Actual Startup Time": 938.189,
      "Actual Total Time": 1007.277,
      "Actual Rows": 1,
      "Actual Loops": 1,
      "Plans": [
        {
          "Node Type": "Gather",
          "Parent Relationship": "Outer",
          "Parallel Aware": false,
          "Startup Cost": 341932.18,
          "Total Cost": 341932.79,
          "Plan Rows": 6,
          "Plan Width": 8,
          "Actual Startup Time": 938.041,
          "Actual Total Time": 1007.264,
          "Actual Rows": 7,
          "Actual Loops": 1,
          "Workers Planned": 6,
          "Workers Launched": 6,
          "Single Copy": false,
          "Plans": [
            {
              "Node Type": "Aggregate",
              "Strategy": "Plain",
              "Partial Mode": "Partial",
              "Parent Relationship": "Outer",
              "Parallel Aware": false,
              "Startup Cost": 340932.18,
              "Total Cost": 340932.19,
              "Plan Rows": 1,
              "Plan Width": 8,
              "Actual Startup Time": 927.933,
              "Actual Total Time": 927.934,
              "Actual Rows": 1,
              "Actual Loops": 7,
              "Plans": [
                {
                  "Node Type": "Seq Scan",
                  "Parent Relationship": "Outer",
                  "Parallel Aware": true,
                  "Relation Name": "cast_info",
                  "Alias": "ci",
                  "Startup Cost": 0.0,
                  "Total Cost": 328162.03,
                  "Plan Rows": 5108062,
                  "Plan Width": 0,
                  "Actual Startup Time": 0.05,
                  "Actual Total Time": 707.846,
                  "Actual Rows": 4404197,
                  "Actual Loops": 7,
                  "Filter": "(person_id < 3115469)",
                  "Rows Removed by Filter": 773566
                }
              ]
            }
          ]
        }
      ]
    },
    "Planning Time": 0.173,
    "Triggers": [],
    "Execution Time": 1007.344
  }
]