[
  {
    "Plan": {
      "Node Type": "Aggregate",
      "Strategy": "Plain",
      "Partial Mode": "Finalize",
      "Parallel Aware": false,
      "Startup Cost": 256603.13,
      "Total Cost": 256603.14,
      "Plan Rows": 1,
      "Plan Width": 8,
      "Actual Startup Time": 520.109,
      "Actual Total Time": 537.452,
      "Actual Rows": 1,
      "Actual Loops": 1,
      "Plans": [
        {
          "Node Type": "Gather",
          "Parent Relationship": "Outer",
          "Parallel Aware": false,
          "Startup Cost": 256602.81,
          "Total Cost": 256603.12,
          "Plan Rows": 3,
          "Plan Width": 8,
          "Actual Startup Time": 515.46,
          "Actual Total Time": 537.441,
          "Actual Rows": 4,
          "Actual Loops": 1,
          "Workers Planned": 3,
          "Workers Launched": 3,
          "Single Copy": false,
          "Plans": [
            {
              "Node Type": "Aggregate",
              "Strategy": "Plain",
              "Partial Mode": "Partial",
              "Parent Relationship": "Outer",
              "Parallel Aware": false,
              "Startup Cost": 255602.81,
              "Total Cost": 255602.82,
              "Plan Rows": 1,
              "Plan Width": 8,
              "Actual Startup Time": 505.84,
              "Actual Total Time": 506.072,
              "Actual Rows": 1,
              "Actual Loops": 4,
              "Plans": [
                {
                  "Node Type": "Hash Join",
                  "Parent Relationship": "Outer",
                  "Parallel Aware": true,
                  "Join Type": "Inner",
                  "Startup Cost": 224535.24,
                  "Total Cost": 255489.92,
                  "Plan Rows": 45156,
                  "Plan Width": 0,
                  "Actual Startup Time": 345.84,
                  "Actual Total Time": 488.115,
                  "Actual Rows": 455031,
                  "Actual Loops": 4,
                  "Inner Unique": false,
                  "Hash Cond": "(mc.movie_id = t.id)",
                  "Plans": [
                    {
                      "Node Type": "Seq Scan",
                      "Parent Relationship": "Outer",
                      "Parallel Aware": true,
                      "Relation Name": "movie_companies",
                      "Alias": "mc",
                      "Startup Cost": 0.0,
                      "Total Cost": 29310.68,
                      "Plan Rows": 414318,
                      "Plan Width": 4,
                      "Actual Startup Time": 0.017,
                      "Actual Total Time": 63.223,
                      "Actual Rows": 318562,
                      "Actual Loops": 4,
                      "Filter": "(company_type_id = 1)",
                      "Rows Removed by Filter": 333721
                    },
                    {
                      "Node Type": "Hash",
                      "Parent Relationship": "Inner",
                      "Parallel Aware": true,
                      "Startup Cost": 223846.34,
                      "Total Cost": 223846.34,
                      "Plan Rows": 55112,
                      "Plan Width": 8,
                      "Actual Startup Time": 342.499,
                      "Actual Total Time": 342.729,
                      "Actual Rows": 123399,
                      "Actual Loops": 4,
                      "Hash Buckets": 524288,
                      "Original Hash Buckets": 524288,
                      "Hash Batches": 1,
                      "Original Hash Batches": 1,
                      "Peak Memory Usage": 23488,
                      "Plans": [
                        {
                          "Node Type": "Hash Join",
                          "Parent Relationship": "Outer",
                          "Parallel Aware": true,
                          "Join Type": "Inner",
                          "Startup Cost": 59727.62,
                          "Total Cost": 223846.34,
                          "Plan Rows": 55112,
                          "Plan Width": 8,
                          "Actual Startup Time": 221.495,
                          "Actual Total Time": 305.896,
                          "Actual Rows": 123399,
                          "Actual Loops": 4,
                          "Inner Unique": true,
                          "Hash Cond": "(mi.movie_id = t.id)",
                          "Plans": [
                            {
                              "Node Type": "Bitmap Heap Scan",
                              "Parent Relationship": "Outer",
                              "Parallel Aware": true,
                              "Relation Name": "movie_info",
                              "Alias": "mi",
                              "Startup Cost": 12730.49,
                              "Total Cost": 176480.28,
                              "Plan Rows": 140543,
                              "Plan Width": 4,
                              "Actual Startup Time": 28.338,
                              "Actual Total Time": 54.62,
                              "Actual Rows": 165231,
                              "Actual Loops": 4,
                              "Recheck Cond": "(info_type_id = 18)",
                              "Rows Removed by Index Recheck": 0,
                              "Exact Heap Blocks": 1867,
                              "Lossy Heap Blocks": 0,
                              "Plans": [
                                {
                                  "Node Type": "Bitmap Index Scan",
                                  "Parent Relationship": "Outer",
                                  "Parallel Aware": false,
                                  "Index Name": "info_type_id_movie_info",
                                  "Startup Cost": 0.0,
                                  "Total Cost": 12554.81,
                                  "Plan Rows": 702717,
                                  "Plan Width": 0,
                                  "Actual Startup Time": 27.297,
                                  "Actual Total Time": 27.297,
                                  "Actual Rows": 660923,
                                  "Actual Loops": 1,
                                  "Index Cond": "(info_type_id = 18)"
                                }
                              ]
                            },
                            {
                              "Node Type": "Hash",
                              "Parent Relationship": "Inner",
                              "Parallel Aware": true,
                              "Startup Cost": 43898.92,
                              "Total Cost": 43898.92,
                              "Plan Rows": 247857,
                              "Plan Width": 4,
                              "Actual Startup Time": 189.821,
                              "Actual Total Time": 189.822,
                              "Actual Rows": 246262,
                              "Actual Loops": 4,
                              "Hash Buckets": 1048576,
                              "Original Hash Buckets": 1048576,
                              "Hash Batches": 1,
                              "Original Hash Batches": 1,
                              "Peak Memory Usage": 46784,
                              "Plans": [
                                {
                                  "Node Type": "Seq Scan",
                                  "Parent Relationship": "Outer",
                                  "Parallel Aware": true,
                                  "Relation Name": "title",
                                  "Alias": "t",
                                  "Startup Cost": 0.0,
                                  "Total Cost": 43898.92,
                                  "Plan Rows": 247857,
                                  "Plan Width": 4,
                                  "Actual Startup Time": 0.048,
                                  "Actual Total Time": 101.567,
                                  "Actual Rows": 246262,
                                  "Actual Loops": 4,
                                  "Filter": "(kind_id < 7)",
                                  "Rows Removed by Filter": 385816
                                }
                              ]
                            }
                          ]
                        }
                      ]
                    }
                  ]
                }
              ]
            }
          ]
        }
      ]
    },
    "Planning Time": 1.476,
    "Triggers": [],
    "Execution Time": 537.552
  }
]