[
  {
    "Plan": {
      "Node Type": "Aggregate",
      "Strategy": "Plain",
      "Partial Mode": "Finalize",
      "Parallel Aware": false,
      "Startup Cost": 46462.69,
      "Total Cost": 46462.7,
      "Plan Rows": 1,
      "Plan Width": 8,
      "Actual Startup Time": 159.458,
      "Actual Total Time": 174.576,
      "Actual Rows": 1,
      "Actual Loops": 1,
      "Plans": [
        {
          "Node Type": "Gather",
          "Parent Relationship": "Outer",
          "Parallel Aware": false,
          "Startup Cost": 46462.37,
          "Total Cost": 46462.68,
          "Plan Rows": 3,
          "Plan Width": 8,
          "Actual Startup Time": 159.354,
          "Actual Total Time": 174.569,
          "Actual Rows": 4,
          "Actual Loops": 1,
          "Workers Planned": 3,
          "Workers Launched": 3,
          "Single Copy": false,
          "Plans": [
            {
              "Node Type": "Aggregate",
              "Strategy": "Plain",
              "Partial Mode": "Partial",
              "Parent Relationship": "Outer",
              "Parallel Aware": false,
              "Startup Cost": 45462.37,
              "Total Cost": 45462.38,
              "Plan Rows": 1,
              "Plan Width": 8,
              "Actual Startup Time": 154.698,
              "Actual Total Time": 154.699,
              "Actual Rows": 1,
              "Actual Loops": 4,
              "Plans": [
                {
                  "Node Type": "Seq Scan",
                  "Parent Relationship": "Outer",
                  "Parallel Aware": true,
                  "Relation Name": "movie_keyword",
                  "Alias": "mk",
                  "Startup Cost": 0.0,
                  "Total Cost": 42695.65,
                  "Plan Rows": 1106686,
                  "Plan Width": 0,
                  "Actual Startup Time": 0.073,
                  "Actual Total Time": 116.741,
                  "Actual Rows": 856557,
                  "Actual Loops": 4,
                  "Filter": "(keyword_id > 1125)",
                  "Rows Removed by Filter": 274426
                }
              ]
            }
          ]
        }
      ]
    },
    "Planning Time": 0.085,
    "Triggers": [],
    "Execution Time": 174.603
  }
]