[
  {
    "Plan": {
      "Node Type": "Aggregate",
      "Strategy": "Plain",
      "Partial Mode": "Finalize",
      "Parallel Aware": false,
      "Startup Cost": 46470.16,
      "Total Cost": 46470.17,
      "Plan Rows": 1,
      "Plan Width": 8,
      "Actual Startup Time": 161.255,
      "Actual Total Time": 169.839,
      "Actual Rows": 1,
      "Actual Loops": 1,
      "Plans": [
        {
          "Node Type": "Gather",
          "Parent Relationship": "Outer",
          "Parallel Aware": false,
          "Startup Cost": 46469.84,
          "Total Cost": 46470.15,
          "Plan Rows": 3,
          "Plan Width": 8,
          "Actual Startup Time": 161.124,
          "Actual Total Time": 169.83,
          "Actual Rows": 4,
          "Actual Loops": 1,
          "Workers Planned": 3,
          "Workers Launched": 3,
          "Single Copy": false,
          "Plans": [
            {
              "Node Type": "Aggregate",
              "Strategy": "Plain",
              "Partial Mode": "Partial",
              "Parent Relationship": "Outer",
              "Parallel Aware": false,
              "Startup Cost": 45469.84,
              "Total Cost": 45469.85,
              "Plan Rows": 1,
              "Plan Width": 8,
              "Actual Startup Time": 153.843,
              "Actual Total Time": 153.844,
              "Actual Rows": 1,
              "Actual Loops": 4,
              "Plans": [
                {
                  "Node Type": "Seq Scan",
                  "Parent Relationship": "Outer",
                  "Parallel Aware": true,
                  "Relation Name": "movie_keyword",
                  "Alias": "mk",
                  "Startup Cost": 0.0,
                  "Total Cost": 42695.65,
                  "Plan Rows": 1109675,
                  "Plan Width": 0,
                  "Actual Startup Time": 0.166,
                  "Actual Total Time": 116.855,
                  "Actual Rows": 856557,
                  "Actual Loops": 4,
                  "Filter": "(keyword_id > 1125)",
                  "Rows Removed by Filter": 274426
                }
              ]
            }
          ]
        }
      ]
    },
    "Planning Time": 0.181,
    "Triggers": [],
    "Execution Time": 169.895
  }
]