[
  {
    "Plan": {
      "Node Type": "Aggregate",
      "Strategy": "Plain",
      "Partial Mode": "Finalize",
      "Parallel Aware": false,
      "Startup Cost": 101519.99,
      "Total Cost": 101520.0,
      "Plan Rows": 1,
      "Plan Width": 8,
      "Actual Startup Time": 334.521,
      "Actual Total Time": 356.828,
      "Actual Rows": 1,
      "Actual Loops": 1,
      "Plans": [
        {
          "Node Type": "Gather",
          "Parent Relationship": "Outer",
          "Parallel Aware": false,
          "Startup Cost": 101519.67,
          "Total Cost": 101519.98,
          "Plan Rows": 3,
          "Plan Width": 8,
          "Actual Startup Time": 334.181,
          "Actual Total Time": 356.82,
          "Actual Rows": 4,
          "Actual Loops": 1,
          "Workers Planned": 3,
          "Workers Launched": 3,
          "Single Copy": false,
          "Plans": [
            {
              "Node Type": "Aggregate",
              "Strategy": "Plain",
              "Partial Mode": "Partial",
              "Parent Relationship": "Outer",
              "Parallel Aware": false,
              "Startup Cost": 100519.67,
              "Total Cost": 100519.68,
              "Plan Rows": 1,
              "Plan Width": 8,
              "Actual Startup Time": 324.915,
              "Actual Total Time": 324.919,
              "Actual Rows": 1,
              "Actual Loops": 4,
              "Plans": [
                {
                  "Node Type": "Nested Loop",
                  "Parent Relationship": "Outer",
                  "Parallel Aware": false,
                  "Join Type": "Inner",
                  "Startup Cost": 45667.95,
                  "Total Cost": 100477.64,
                  "Plan Rows": 16814,
                  "Plan Width": 0,
                  "Actual Startup Time": 135.687,
                  "Actual Total Time": 320.363,
                  "Actual Rows": 96367,
                  "Actual Loops": 4,
                  "Inner Unique": false,
                  "Join Filter": "(t.id = mc.movie_id)",
                  "Rows Removed by Join Filter": 0,
                  "Plans": [
                    {
                      "Node Type": "Hash Join",
                      "Parent Relationship": "Outer",
                      "Parallel Aware": true,
                      "Join Type": "Inner",
                      "Startup Cost": 45667.52,
                      "Total Cost": 90156.53,
                      "Plan Rows": 16293,
                      "Plan Width": 8,
                      "Actual Startup Time": 135.516,
                      "Actual Total Time": 259.03,
                      "Actual Rows": 10580,
                      "Actual Loops": 4,
                      "Inner Unique": true,
                      "Hash Cond": "(mk.movie_id = t.id)",
                      "Plans": [
                        {
                          "Node Type": "Seq Scan",
                          "Parent Relationship": "Outer",
                          "Parallel Aware": true,
                          "Relation Name": "movie_keyword",
                          "Alias": "mk",
                          "Startup Cost": 0.0,
                          "Total Cost": 42695.65,
                          "Plan Rows": 683181,
                          "Plan Width": 4,
                          "Actual Startup Time": 0.384,
                          "Actual Total Time": 108.854,
                          "Actual Rows": 528316,
                          "Actual Loops": 4,
                          "Filter": "(keyword_id > 5647)",
                          "Rows Removed by Filter": 602667
                        },
                        {
                          "Node Type": "Hash",
                          "Parent Relationship": "Inner",
                          "Parallel Aware": true,
                          "Startup Cost": 45479.1,
                          "Total Cost": 45479.1,
                          "Plan Rows": 15074,
                          "Plan Width": 4,
                          "Actual Startup Time": 104.98,
                          "Actual Total Time": 104.981,
                          "Actual Rows": 15395,
                          "Actual Loops": 4,
                          "Hash Buckets": 65536,
                          "Original Hash Buckets": 65536,
                          "Hash Batches": 1,
                          "Original Hash Batches": 1,
                          "Peak Memory Usage": 2976,
                          "Plans": [
                            {
                              "Node Type": "Seq Scan",
                              "Parent Relationship": "Outer",
                              "Parallel Aware": true,
                              "Relation Name": "title",
                              "Alias": "t",
                              "Startup Cost": 0.0,
                              "Total Cost": 45479.1,
                              "Plan Rows": 15074,
                              "Plan Width": 4,
                              "Actual Startup Time": 48.867,
                              "Actual Total Time": 99.808,
                              "Actual Rows": 15395,
                              "Actual Loops": 4,
                              "Filter": "((production_year > 2011) AND (kind_id = 1))",
                              "Rows Removed by Filter": 616683
                            }
                          ]
                        }
                      ]
                    },
                    {
                      "Node Type": "Index Only Scan",
                      "Parent Relationship": "Inner",
                      "Parallel Aware": false,
                      "Scan Direction": "Forward",
                      "Index Name": "movie_id_movie_companies",
                      "Relation Name": "movie_companies",
                      "Alias": "mc",
                      "Startup Cost": 0.43,
                      "Total Cost": 0.57,
                      "Plan Rows": 5,
                      "Plan Width": 4,
                      "Actual Startup Time": 0.003,
                      "Actual Total Time": 0.005,
                      "Actual Rows": 9,
                      "Actual Loops": 42320,
                      "Index Cond": "(movie_id = mk.movie_id)",
                      "Rows Removed by Index Recheck": 0,
                      "Heap Fetches": 385467
                    }
                  ]
                }
              ]
            }
          ]
        }
      ]
    },
    "Planning Time": 1.552,
    "Triggers": [],
    "Execution Time": 356.917
  }
]