[
    {
        "Bao": {
            "Bao prediction": 445.302,
            "Bao recommended hint": "(no hint)"
        }
    },
    {
        "Plan": {
            "Node Type": "Aggregate",
            "Strategy": "Plain",
            "Partial Mode": "Finalize",
            "Parallel Aware": false,
            "Startup Cost": 46952.22,
            "Total Cost": 46952.23,
            "Plan Rows": 1,
            "Plan Width": 8,
            "Actual Startup Time": 120.314,
            "Actual Total Time": 126.953,
            "Actual Rows": 1,
            "Actual Loops": 1,
            "Output": [
                "count(*)"
            ],
            "Plans": [
                {
                    "Node Type": "Gather",
                    "Parent Relationship": "Outer",
                    "Parallel Aware": false,
                    "Startup Cost": 46951.8,
                    "Total Cost": 46952.21,
                    "Plan Rows": 4,
                    "Plan Width": 8,
                    "Actual Startup Time": 120.204,
                    "Actual Total Time": 126.946,
                    "Actual Rows": 5,
                    "Actual Loops": 1,
                    "Output": [
                        "(PARTIAL count(*))"
                    ],
                    "Workers Planned": 4,
                    "Workers Launched": 4,
                    "Single Copy": false,
                    "Plans": [
                        {
                            "Node Type": "Aggregate",
                            "Strategy": "Plain",
                            "Partial Mode": "Partial",
                            "Parent Relationship": "Outer",
                            "Parallel Aware": false,
                            "Startup Cost": 45951.8,
                            "Total Cost": 45951.81,
                            "Plan Rows": 1,
                            "Plan Width": 8,
                            "Actual Startup Time": 111.866,
                            "Actual Total Time": 111.867,
                            "Actual Rows": 1,
                            "Actual Loops": 5,
                            "Output": [
                                "PARTIAL count(*)"
                            ],
                            "Workers": [
                                {
                                    "Worker Number": 0,
                                    "Actual Startup Time": 109.652,
                                    "Actual Total Time": 109.653,
                                    "Actual Rows": 1,
                                    "Actual Loops": 1
                                },
                                {
                                    "Worker Number": 1,
                                    "Actual Startup Time": 109.944,
                                    "Actual Total Time": 109.945,
                                    "Actual Rows": 1,
                                    "Actual Loops": 1
                                },
                                {
                                    "Worker Number": 2,
                                    "Actual Startup Time": 109.994,
                                    "Actual Total Time": 109.995,
                                    "Actual Rows": 1,
                                    "Actual Loops": 1
                                },
                                {
                                    "Worker Number": 3,
                                    "Actual Startup Time": 110.292,
                                    "Actual Total Time": 110.293,
                                    "Actual Rows": 1,
                                    "Actual Loops": 1
                                }
                            ],
                            "Plans": [
                                {
                                    "Node Type": "Seq Scan",
                                    "Parent Relationship": "Outer",
                                    "Parallel Aware": true,
                                    "Relation Name": "title",
                                    "Schema": "public",
                                    "Alias": "t",
                                    "Startup Cost": 0.0,
                                    "Total Cost": 45479.21,
                                    "Plan Rows": 189036,
                                    "Plan Width": 0,
                                    "Actual Startup Time": 0.044,
                                    "Actual Total Time": 100.469,
                                    "Actual Rows": 158789,
                                    "Actual Loops": 5,
                                    "Output": [
                                        "id",
                                        "title",
                                        "imdb_index",
                                        "kind_id",
                                        "production_year",
                                        "imdb_id",
                                        "phonetic_code",
                                        "episode_of_id",
                                        "season_nr",
                                        "episode_nr",
                                        "series_years",
                                        "md5sum"
                                    ],
                                    "Filter": "((t.kind_id < 7) AND (t.production_year < 2010))",
                                    "Rows Removed by Filter": 346874,
                                    "Workers": [
                                        {
                                            "Worker Number": 0,
                                            "Actual Startup Time": 0.04,
                                            "Actual Total Time": 98.608,
                                            "Actual Rows": 149846,
                                            "Actual Loops": 1
                                        },
                                        {
                                            "Worker Number": 1,
                                            "Actual Startup Time": 0.043,
                                            "Actual Total Time": 98.895,
                                            "Actual Rows": 150362,
                                            "Actual Loops": 1
                                        },
                                        {
                                            "Worker Number": 2,
                                            "Actual Startup Time": 0.065,
                                            "Actual Total Time": 99.002,
                                            "Actual Rows": 148991,
                                            "Actual Loops": 1
                                        },
                                        {
                                            "Worker Number": 3,
                                            "Actual Startup Time": 0.048,
                                            "Actual Total Time": 99.117,
                                            "Actual Rows": 150275,
                                            "Actual Loops": 1
                                        }
                                    ]
                                }
                            ]
                        }
                    ]
                }
            ]
        },
        "Planning Time": 748.482,
        "Triggers": [],
        "Execution Time": 127.057
    }
]