[
    {
        "Bao": {
            "Bao prediction": 705.58,
            "Bao recommended hint": "(no hint)"
        }
    },
    {
        "Plan": {
            "Node Type": "Aggregate",
            "Strategy": "Plain",
            "Partial Mode": "Simple",
            "Parallel Aware": false,
            "Startup Cost": 3858.88,
            "Total Cost": 3858.89,
            "Plan Rows": 1,
            "Plan Width": 96,
            "Actual Startup Time": 397.139,
            "Actual Total Time": 397.185,
            "Actual Rows": 1,
            "Actual Loops": 1,
            "Output": [
                "min(k.keyword)",
                "min(n.name)",
                "min(t.title)"
            ],
            "Plans": [
                {
                    "Node Type": "Nested Loop",
                    "Parent Relationship": "Outer",
                    "Parallel Aware": false,
                    "Join Type": "Inner",
                    "Startup Cost": 12.18,
                    "Total Cost": 3858.87,
                    "Plan Rows": 1,
                    "Plan Width": 48,
                    "Actual Startup Time": 91.785,
                    "Actual Total Time": 396.643,
                    "Actual Rows": 6,
                    "Actual Loops": 1,
                    "Output": [
                        "k.keyword",
                        "n.name",
                        "t.title"
                    ],
                    "Inner Unique": true,
                    "Plans": [
                        {
                            "Node Type": "Nested Loop",
                            "Parent Relationship": "Outer",
                            "Parallel Aware": false,
                            "Join Type": "Inner",
                            "Startup Cost": 11.75,
                            "Total Cost": 3767.32,
                            "Plan Rows": 200,
                            "Plan Width": 37,
                            "Actual Startup Time": 10.86,
                            "Actual Total Time": 196.947,
                            "Actual Rows": 1224,
                            "Actual Loops": 1,
                            "Output": [
                                "ci.person_id",
                                "k.keyword",
                                "t.title"
                            ],
                            "Inner Unique": false,
                            "Join Filter": "(t.id = ci.movie_id)",
                            "Rows Removed by Join Filter": 0,
                            "Plans": [
                                {
                                    "Node Type": "Nested Loop",
                                    "Parent Relationship": "Outer",
                                    "Parallel Aware": false,
                                    "Join Type": "Inner",
                                    "Startup Cost": 11.19,
                                    "Total Cost": 3757.1,
                                    "Plan Rows": 5,
                                    "Plan Width": 41,
                                    "Actual Startup Time": 9.692,
                                    "Actual Total Time": 106.617,
                                    "Actual Rows": 11,
                                    "Actual Loops": 1,
                                    "Output": [
                                        "k.keyword",
                                        "mk.movie_id",
                                        "t.title",
                                        "t.id"
                                    ],
                                    "Inner Unique": true,
                                    "Plans": [
                                        {
                                            "Node Type": "Nested Loop",
                                            "Parent Relationship": "Outer",
                                            "Parallel Aware": false,
                                            "Join Type": "Inner",
                                            "Startup Cost": 10.76,
                                            "Total Cost": 3740.45,
                                            "Plan Rows": 34,
                                            "Plan Width": 20,
                                            "Actual Startup Time": 8.572,
                                            "Actual Total Time": 102.042,
                                            "Actual Rows": 14,
                                            "Actual Loops": 1,
                                            "Output": [
                                                "k.keyword",
                                                "mk.movie_id"
                                            ],
                                            "Inner Unique": false,
                                            "Plans": [
                                                {
                                                    "Node Type": "Seq Scan",
                                                    "Parent Relationship": "Outer",
                                                    "Parallel Aware": false,
                                                    "Relation Name": "keyword",
                                                    "Schema": "public",
                                                    "Alias": "k",
                                                    "Startup Cost": 0.0,
                                                    "Total Cost": 2626.12,
                                                    "Plan Rows": 1,
                                                    "Plan Width": 20,
                                                    "Actual Startup Time": 7.826,
                                                    "Actual Total Time": 99.906,
                                                    "Actual Rows": 1,
                                                    "Actual Loops": 1,
                                                    "Output": [
                                                        "k.id",
                                                        "k.keyword",
                                                        "k.phonetic_code"
                                                    ],
                                                    "Filter": "(k.keyword = 'marvel-cinematic-universe'::text)",
                                                    "Rows Removed by Filter": 134169
                                                },
                                                {
                                                    "Node Type": "Bitmap Heap Scan",
                                                    "Parent Relationship": "Inner",
                                                    "Parallel Aware": false,
                                                    "Relation Name": "movie_keyword",
                                                    "Schema": "public",
                                                    "Alias": "mk",
                                                    "Startup Cost": 10.76,
                                                    "Total Cost": 1111.32,
                                                    "Plan Rows": 300,
                                                    "Plan Width": 8,
                                                    "Actual Startup Time": 0.703,
                                                    "Actual Total Time": 2.045,
                                                    "Actual Rows": 14,
                                                    "Actual Loops": 1,
                                                    "Output": [
                                                        "mk.id",
                                                        "mk.movie_id",
                                                        "mk.keyword_id"
                                                    ],
                                                    "Recheck Cond": "(mk.keyword_id = k.id)",
                                                    "Rows Removed by Index Recheck": 0,
                                                    "Exact Heap Blocks": 12,
                                                    "Lossy Heap Blocks": 0,
                                                    "Plans": [
                                                        {
                                                            "Node Type": "Bitmap Index Scan",
                                                            "Parent Relationship": "Outer",
                                                            "Parallel Aware": false,
                                                            "Index Name": "keyword_id_movie_keyword",
                                                            "Startup Cost": 0.0,
                                                            "Total Cost": 10.68,
                                                            "Plan Rows": 300,
                                                            "Plan Width": 0,
                                                            "Actual Startup Time": 0.574,
                                                            "Actual Total Time": 0.578,
                                                            "Actual Rows": 14,
                                                            "Actual Loops": 1,
                                                            "Index Cond": "(mk.keyword_id = k.id)"
                                                        }
                                                    ]
                                                }
                                            ]
                                        },
                                        {
                                            "Node Type": "Index Scan",
                                            "Parent Relationship": "Inner",
                                            "Parallel Aware": false,
                                            "Scan Direction": "Forward",
                                            "Index Name": "title_pkey",
                                            "Relation Name": "title",
                                            "Schema": "public",
                                            "Alias": "t",
                                            "Startup Cost": 0.43,
                                            "Total Cost": 0.49,
                                            "Plan Rows": 1,
                                            "Plan Width": 21,
                                            "Actual Startup Time": 0.313,
                                            "Actual Total Time": 0.313,
                                            "Actual Rows": 1,
                                            "Actual Loops": 14,
                                            "Output": [
                                                "t.id",
                                                "t.title",
                                                "t.imdb_index",
                                                "t.kind_id",
                                                "t.production_year",
                                                "t.imdb_id",
                                                "t.phonetic_code",
                                                "t.episode_of_id",
                                                "t.season_nr",
                                                "t.episode_nr",
                                                "t.series_years",
                                                "t.md5sum"
                                            ],
                                            "Index Cond": "(t.id = mk.movie_id)",
                                            "Rows Removed by Index Recheck": 0,
                                            "Filter": "(t.production_year > 2010)",
                                            "Rows Removed by Filter": 0
                                        }
                                    ]
                                },
                                {
                                    "Node Type": "Index Scan",
                                    "Parent Relationship": "Inner",
                                    "Parallel Aware": false,
                                    "Scan Direction": "Forward",
                                    "Index Name": "movie_id_cast_info",
                                    "Relation Name": "cast_info",
                                    "Schema": "public",
                                    "Alias": "ci",
                                    "Startup Cost": 0.56,
                                    "Total Cost": 1.57,
                                    "Plan Rows": 38,
                                    "Plan Width": 8,
                                    "Actual Startup Time": 0.468,
                                    "Actual Total Time": 8.155,
                                    "Actual Rows": 111,
                                    "Actual Loops": 11,
                                    "Output": [
                                        "ci.id",
                                        "ci.person_id",
                                        "ci.movie_id",
                                        "ci.person_role_id",
                                        "ci.note",
                                        "ci.nr_order",
                                        "ci.role_id"
                                    ],
                                    "Index Cond": "(ci.movie_id = mk.movie_id)",
                                    "Rows Removed by Index Recheck": 0
                                }
                            ]
                        },
                        {
                            "Node Type": "Index Scan",
                            "Parent Relationship": "Inner",
                            "Parallel Aware": false,
                            "Scan Direction": "Forward",
                            "Index Name": "name_pkey",
                            "Relation Name": "name",
                            "Schema": "public",
                            "Alias": "n",
                            "Startup Cost": 0.43,
                            "Total Cost": 0.46,
                            "Plan Rows": 1,
                            "Plan Width": 19,
                            "Actual Startup Time": 0.162,
                            "Actual Total Time": 0.162,
                            "Actual Rows": 0,
                            "Actual Loops": 1224,
                            "Output": [
                                "n.id",
                                "n.name",
                                "n.imdb_index",
                                "n.imdb_id",
                                "n.gender",
                                "n.name_pcode_cf",
                                "n.name_pcode_nf",
                                "n.surname_pcode",
                                "n.md5sum"
                            ],
                            "Index Cond": "(n.id = ci.person_id)",
                            "Rows Removed by Index Recheck": 0,
                            "Filter": "(n.name ~~ '%Downey%Robert%'::text)",
                            "Rows Removed by Filter": 1
                        }
                    ]
                }
            ]
        },
        "Planning Time": 1088.923,
        "Triggers": [],
        "Execution Time": 408.01
    }
]