[
  {
    "Plan": {
      "Node Type": "Aggregate",
      "Strategy": "Plain",
      "Partial Mode": "Finalize",
      "Parallel Aware": false,
      "Startup Cost": 289881.36,
      "Total Cost": 289881.37,
      "Plan Rows": 1,
      "Plan Width": 8,
      "Actual Startup Time": 1660.664,
      "Actual Total Time": 1703.076,
      "Actual Rows": 1,
      "Actual Loops": 1,
      "Plans": [
        {
          "Node Type": "Gather",
          "Parent Relationship": "Outer",
          "Parallel Aware": false,
          "Startup Cost": 289880.84,
          "Total Cost": 289881.35,
          "Plan Rows": 5,
          "Plan Width": 8,
          "Actual Startup Time": 1650.62,
          "Actual Total Time": 1703.064,
          "Actual Rows": 6,
          "Actual Loops": 1,
          "Workers Planned": 5,
          "Workers Launched": 5,
          "Single Copy": false,
          "Plans": [
            {
              "Node Type": "Aggregate",
              "Strategy": "Plain",
              "Partial Mode": "Partial",
              "Parent Relationship": "Outer",
              "Parallel Aware": false,
              "Startup Cost": 288880.84,
              "Total Cost": 288880.85,
              "Plan Rows": 1,
              "Plan Width": 8,
              "Actual Startup Time": 1642.626,
              "Actual Total Time": 1642.866,
              "Actual Rows": 1,
              "Actual Loops": 6,
              "Plans": [
                {
                  "Node Type": "Hash Join",
                  "Parent Relationship": "Outer",
                  "Parallel Aware": true,
                  "Join Type": "Inner",
                  "Startup Cost": 81162.8,
                  "Total Cost": 287568.97,
                  "Plan Rows": 524748,
                  "Plan Width": 0,
                  "Actual Startup Time": 412.717,
                  "Actual Total Time": 1394.011,
                  "Actual Rows": 6247515,
                  "Actual Loops": 6,
                  "Inner Unique": false,
                  "Hash Cond": "(mi.movie_id = t.id)",
                  "Plans": [
                    {
                      "Node Type": "Seq Scan",
                      "Parent Relationship": "Outer",
                      "Parallel Aware": true,
                      "Relation Name": "movie_info",
                      "Alias": "mi",
                      "Startup Cost": 0.0,
                      "Total Cost": 199108.24,
                      "Plan Rows": 1494718,
                      "Plan Width": 4,
                      "Actual Startup Time": 16.156,
                      "Actual Total Time": 320.476,
                      "Actual Rows": 1258142,
                      "Actual Loops": 6,
                      "Filter": "(info_type_id > 7)",
                      "Rows Removed by Filter": 1214478
                    },
                    {
                      "Node Type": "Hash",
                      "Parent Relationship": "Inner",
                      "Parallel Aware": true,
                      "Startup Cost": 77583.58,
                      "Total Cost": 77583.58,
                      "Plan Rows": 286338,
                      "Plan Width": 8,
                      "Actual Startup Time": 394.435,
                      "Actual Total Time": 394.672,
                      "Actual Rows": 241318,
                      "Actual Loops": 6,
                      "Hash Buckets": 2097152,
                      "Original Hash Buckets": 1048576,
                      "Hash Batches": 1,
                      "Original Hash Batches": 1,
                      "Peak Memory Usage": 81312,
                      "Plans": [
                        {
                          "Node Type": "Hash Join",
                          "Parent Relationship": "Outer",
                          "Parallel Aware": true,
                          "Join Type": "Inner",
                          "Startup Cost": 48167.69,
                          "Total Cost": 77583.58,
                          "Plan Rows": 286338,
                          "Plan Width": 8,
                          "Actual Startup Time": 134.28,
                          "Actual Total Time": 291.887,
                          "Actual Rows": 241318,
                          "Actual Loops": 6,
                          "Inner Unique": true,
                          "Hash Cond": "(mc.movie_id = t.id)",
                          "Plans": [
                            {
                              "Node Type": "Seq Scan",
                              "Parent Relationship": "Outer",
                              "Parallel Aware": true,
                              "Relation Name": "movie_companies",
                              "Alias": "mc",
                              "Startup Cost": 0.0,
                              "Total Cost": 27206.55,
                              "Plan Rows": 841655,
                              "Plan Width": 4,
                              "Actual Startup Time": 0.013,
                              "Actual Total Time": 43.188,
                              "Actual Rows": 434855,
                              "Actual Loops": 6
                            },
                            {
                              "Node Type": "Hash",
                              "Parent Relationship": "Inner",
                              "Parallel Aware": true,
                              "Startup Cost": 45479.59,
                              "Total Cost": 45479.59,
                              "Plan Rows": 215048,
                              "Plan Width": 4,
                              "Actual Startup Time": 132.828,
                              "Actual Total Time": 132.83,
                              "Actual Rows": 129057,
                              "Actual Loops": 6,
                              "Hash Buckets": 1048576,
                              "Original Hash Buckets": 1048576,
                              "Hash Batches": 1,
                              "Original Hash Batches": 1,
                              "Peak Memory Usage": 38560,
                              "Plans": [
                                {
                                  "Node Type": "Seq Scan",
                                  "Parent Relationship": "Outer",
                                  "Parallel Aware": true,
                                  "Relation Name": "title",
                                  "Alias": "t",
                                  "Startup Cost": 0.0,
                                  "Total Cost": 45479.59,
                                  "Plan Rows": 215048,
                                  "Plan Width": 4,
                                  "Actual Startup Time": 0.034,
                                  "Actual Total Time": 80.461,
                                  "Actual Rows": 129057,
                                  "Actual Loops": 6,
                                  "Filter": "((kind_id < 7) AND (production_year > 1961))",
                                  "Rows Removed by Filter": 292328
                                }
                              ]
                            }
                          ]
                        }
                      ]
                    }
                  ]
                }
              ]
            }
          ]
        }
      ]
    },
    "Planning Time": 0.495,
    "Triggers": [],
    "Execution Time": 1703.13
  }
]