[
  {
    "Plan": {
      "Node Type": "Aggregate",
      "Strategy": "Plain",
      "Partial Mode": "Finalize",
      "Parallel Aware": false,
      "Startup Cost": 74241.94,
      "Total Cost": 74241.95,
      "Plan Rows": 1,
      "Plan Width": 8,
      "Actual Startup Time": 151.901,
      "Actual Total Time": 167.167,
      "Actual Rows": 1,
      "Actual Loops": 1,
      "Plans": [
        {
          "Node Type": "Gather",
          "Parent Relationship": "Outer",
          "Parallel Aware": false,
          "Startup Cost": 74241.42,
          "Total Cost": 74241.93,
          "Plan Rows": 5,
          "Plan Width": 8,
          "Actual Startup Time": 151.776,
          "Actual Total Time": 167.155,
          "Actual Rows": 6,
          "Actual Loops": 1,
          "Workers Planned": 5,
          "Workers Launched": 5,
          "Single Copy": false,
          "Plans": [
            {
              "Node Type": "Aggregate",
              "Strategy": "Plain",
              "Partial Mode": "Partial",
              "Parent Relationship": "Outer",
              "Parallel Aware": false,
              "Startup Cost": 73241.42,
              "Total Cost": 73241.43,
              "Plan Rows": 1,
              "Plan Width": 8,
              "Actual Startup Time": 141.385,
              "Actual Total Time": 141.387,
              "Actual Rows": 1,
              "Actual Loops": 6,
              "Plans": [
                {
                  "Node Type": "Index Scan",
                  "Parent Relationship": "Outer",
                  "Parallel Aware": true,
                  "Scan Direction": "Forward",
                  "Index Name": "role_id_cast_info",
                  "Relation Name": "cast_info",
                  "Alias": "ci",
                  "Startup Cost": 0.56,
                  "Total Cost": 72913.16,
                  "Plan Rows": 131304,
                  "Plan Width": 0,
                  "Actual Startup Time": 0.254,
                  "Actual Total Time": 128.814,
                  "Actual Rows": 189978,
                  "Actual Loops": 6,
                  "Index Cond": "(role_id = 4)",
                  "Rows Removed by Index Recheck": 0,
                  "Filter": "(person_id > 2813581)",
                  "Rows Removed by Filter": 264846
                }
              ]
            }
          ]
        }
      ]
    },
    "Planning Time": 0.238,
    "Triggers": [],
    "Execution Time": 167.229
  }
]