[
  {
    "Plan": {
      "Node Type": "Aggregate",
      "Strategy": "Plain",
      "Partial Mode": "Finalize",
      "Parallel Aware": false,
      "Startup Cost": 223015.91,
      "Total Cost": 223015.92,
      "Plan Rows": 1,
      "Plan Width": 8,
      "Actual Startup Time": 570.598,
      "Actual Total Time": 608.007,
      "Actual Rows": 1,
      "Actual Loops": 1,
      "Plans": [
        {
          "Node Type": "Gather",
          "Parent Relationship": "Outer",
          "Parallel Aware": false,
          "Startup Cost": 223015.49,
          "Total Cost": 223015.9,
          "Plan Rows": 4,
          "Plan Width": 8,
          "Actual Startup Time": 570.246,
          "Actual Total Time": 607.997,
          "Actual Rows": 5,
          "Actual Loops": 1,
          "Workers Planned": 4,
          "Workers Launched": 4,
          "Single Copy": false,
          "Plans": [
            {
              "Node Type": "Aggregate",
              "Strategy": "Plain",
              "Partial Mode": "Partial",
              "Parent Relationship": "Outer",
              "Parallel Aware": false,
              "Startup Cost": 222015.49,
              "Total Cost": 222015.5,
              "Plan Rows": 1,
              "Plan Width": 8,
              "Actual Startup Time": 560.806,
              "Actual Total Time": 560.808,
              "Actual Rows": 1,
              "Actual Loops": 5,
              "Plans": [
                {
                  "Node Type": "Nested Loop",
                  "Parent Relationship": "Outer",
                  "Parallel Aware": false,
                  "Join Type": "Inner",
                  "Startup Cost": 1.0,
                  "Total Cost": 221660.08,
                  "Plan Rows": 142164,
                  "Plan Width": 0,
                  "Actual Startup Time": 53.977,
                  "Actual Total Time": 523.478,
                  "Actual Rows": 860366,
                  "Actual Loops": 5,
                  "Inner Unique": false,
                  "Join Filter": "(t.id = ci.movie_id)",
                  "Rows Removed by Join Filter": 0,
                  "Plans": [
                    {
                      "Node Type": "Nested Loop",
                      "Parent Relationship": "Outer",
                      "Parallel Aware": false,
                      "Join Type": "Inner",
                      "Startup Cost": 0.43,
                      "Total Cost": 204013.12,
                      "Plan Rows": 9922,
                      "Plan Width": 8,
                      "Actual Startup Time": 53.177,
                      "Actual Total Time": 107.759,
                      "Actual Rows": 14231,
                      "Actual Loops": 5,
                      "Inner Unique": false,
                      "Plans": [
                        {
                          "Node Type": "Seq Scan",
                          "Parent Relationship": "Outer",
                          "Parallel Aware": true,
                          "Relation Name": "title",
                          "Alias": "t",
                          "Startup Cost": 0.0,
                          "Total Cost": 45479.1,
                          "Plan Rows": 1697,
                          "Plan Width": 4,
                          "Actual Startup Time": 53.083,
                          "Actual Total Time": 73.04,
                          "Actual Rows": 1014,
                          "Actual Loops": 5,
                          "Filter": "((kind_id = 1) AND (production_year = 1993))",
                          "Rows Removed by Filter": 504649
                        },
                        {
                          "Node Type": "Index Only Scan",
                          "Parent Relationship": "Inner",
                          "Parallel Aware": false,
                          "Scan Direction": "Forward",
                          "Index Name": "movie_id_movie_info",
                          "Relation Name": "movie_info",
                          "Alias": "mi",
                          "Startup Cost": 0.43,
                          "Total Cost": 93.0,
                          "Plan Rows": 42,
                          "Plan Width": 4,
                          "Actual Startup Time": 0.012,
                          "Actual Total Time": 0.032,
                          "Actual Rows": 14,
                          "Actual Loops": 5068,
                          "Index Cond": "(movie_id = t.id)",
                          "Rows Removed by Index Recheck": 0,
                          "Heap Fetches": 71153
                        }
                      ]
                    },
                    {
                      "Node Type": "Index Only Scan",
                      "Parent Relationship": "Inner",
                      "Parallel Aware": false,
                      "Scan Direction": "Forward",
                      "Index Name": "movie_id_cast_info",
                      "Relation Name": "cast_info",
                      "Alias": "ci",
                      "Startup Cost": 0.56,
                      "Total Cost": 1.32,
                      "Plan Rows": 37,
                      "Plan Width": 4,
                      "Actual Startup Time": 0.004,
                      "Actual Total Time": 0.024,
                      "Actual Rows": 60,
                      "Actual Loops": 71153,
                      "Index Cond": "(movie_id = mi.movie_id)",
                      "Rows Removed by Index Recheck": 0,
                      "Heap Fetches": 4301830
                    }
                  ]
                }
              ]
            }
          ]
        }
      ]
    },
    "Planning Time": 1.326,
    "Triggers": [],
    "Execution Time": 608.103
  }
]