[
    {
        "Bao": {
            "Bao prediction": "NaN",
            "Bao recommended hint": "(no hint)"
        }
    },
    {
        "Plan": {
            "Node Type": "Aggregate",
            "Strategy": "Plain",
            "Partial Mode": "Finalize",
            "Parallel Aware": false,
            "Startup Cost": 44512.51,
            "Total Cost": 44512.52,
            "Plan Rows": 1,
            "Plan Width": 8,
            "Actual Startup Time": 147.589,
            "Actual Total Time": 154.322,
            "Actual Rows": 1,
            "Actual Loops": 1,
            "Output": [
                "count(*)"
            ],
            "Plans": [
                {
                    "Node Type": "Gather",
                    "Parent Relationship": "Outer",
                    "Parallel Aware": false,
                    "Startup Cost": 44512.19,
                    "Total Cost": 44512.5,
                    "Plan Rows": 3,
                    "Plan Width": 8,
                    "Actual Startup Time": 147.463,
                    "Actual Total Time": 154.315,
                    "Actual Rows": 4,
                    "Actual Loops": 1,
                    "Output": [
                        "(PARTIAL count(*))"
                    ],
                    "Workers Planned": 3,
                    "Workers Launched": 3,
                    "Single Copy": false,
                    "Plans": [
                        {
                            "Node Type": "Aggregate",
                            "Strategy": "Plain",
                            "Partial Mode": "Partial",
                            "Parent Relationship": "Outer",
                            "Parallel Aware": false,
                            "Startup Cost": 43512.19,
                            "Total Cost": 43512.2,
                            "Plan Rows": 1,
                            "Plan Width": 8,
                            "Actual Startup Time": 139.118,
                            "Actual Total Time": 139.119,
                            "Actual Rows": 1,
                            "Actual Loops": 4,
                            "Output": [
                                "PARTIAL count(*)"
                            ],
                            "Workers": [
                                {
                                    "Worker Number": 0,
                                    "Actual Startup Time": 136.251,
                                    "Actual Total Time": 136.252,
                                    "Actual Rows": 1,
                                    "Actual Loops": 1
                                },
                                {
                                    "Worker Number": 1,
                                    "Actual Startup Time": 136.535,
                                    "Actual Total Time": 136.536,
                                    "Actual Rows": 1,
                                    "Actual Loops": 1
                                },
                                {
                                    "Worker Number": 2,
                                    "Actual Startup Time": 136.845,
                                    "Actual Total Time": 136.846,
                                    "Actual Rows": 1,
                                    "Actual Loops": 1
                                }
                            ],
                            "Plans": [
                                {
                                    "Node Type": "Seq Scan",
                                    "Parent Relationship": "Outer",
                                    "Parallel Aware": true,
                                    "Relation Name": "movie_keyword",
                                    "Schema": "public",
                                    "Alias": "mk",
                                    "Startup Cost": 0.0,
                                    "Total Cost": 42695.65,
                                    "Plan Rows": 326615,
                                    "Plan Width": 0,
                                    "Actual Startup Time": 3.683,
                                    "Actual Total Time": 122.105,
                                    "Actual Rows": 247882,
                                    "Actual Loops": 4,
                                    "Output": [
                                        "id",
                                        "movie_id",
                                        "keyword_id"
                                    ],
                                    "Filter": "(mk.keyword_id > 18649)",
                                    "Rows Removed by Filter": 883100,
                                    "Workers": [
                                        {
                                            "Worker Number": 0,
                                            "Actual Startup Time": 0.837,
                                            "Actual Total Time": 119.816,
                                            "Actual Rows": 204087,
                                            "Actual Loops": 1
                                        },
                                        {
                                            "Worker Number": 1,
                                            "Actual Startup Time": 1.093,
                                            "Actual Total Time": 120.181,
                                            "Actual Rows": 204239,
                                            "Actual Loops": 1
                                        },
                                        {
                                            "Worker Number": 2,
                                            "Actual Startup Time": 1.403,
                                            "Actual Total Time": 120.452,
                                            "Actual Rows": 203789,
                                            "Actual Loops": 1
                                        }
                                    ]
                                }
                            ]
                        }
                    ]
                }
            ]
        },
        "Planning Time": 219.136,
        "Triggers": [],
        "Execution Time": 154.407
    }
]