[
  {
    "Plan": {
      "Node Type": "Aggregate",
      "Strategy": "Plain",
      "Partial Mode": "Finalize",
      "Parallel Aware": false,
      "Startup Cost": 45126.48,
      "Total Cost": 45126.49,
      "Plan Rows": 1,
      "Plan Width": 8,
      "Actual Startup Time": 143.648,
      "Actual Total Time": 154.212,
      "Actual Rows": 1,
      "Actual Loops": 1,
      "Plans": [
        {
          "Node Type": "Gather",
          "Parent Relationship": "Outer",
          "Parallel Aware": false,
          "Startup Cost": 45126.16,
          "Total Cost": 45126.47,
          "Plan Rows": 3,
          "Plan Width": 8,
          "Actual Startup Time": 143.474,
          "Actual Total Time": 154.201,
          "Actual Rows": 4,
          "Actual Loops": 1,
          "Workers Planned": 3,
          "Workers Launched": 3,
          "Single Copy": false,
          "Plans": [
            {
              "Node Type": "Aggregate",
              "Strategy": "Plain",
              "Partial Mode": "Partial",
              "Parent Relationship": "Outer",
              "Parallel Aware": false,
              "Startup Cost": 44126.16,
              "Total Cost": 44126.17,
              "Plan Rows": 1,
              "Plan Width": 8,
              "Actual Startup Time": 134.96,
              "Actual Total Time": 134.961,
              "Actual Rows": 1,
              "Actual Loops": 4,
              "Plans": [
                {
                  "Node Type": "Seq Scan",
                  "Parent Relationship": "Outer",
                  "Parallel Aware": true,
                  "Relation Name": "movie_keyword",
                  "Alias": "mk",
                  "Startup Cost": 0.0,
                  "Total Cost": 42695.65,
                  "Plan Rows": 572202,
                  "Plan Width": 0,
                  "Actual Startup Time": 0.058,
                  "Actual Total Time": 112.804,
                  "Actual Rows": 445182,
                  "Actual Loops": 4,
                  "Filter": "(keyword_id < 2883)",
                  "Rows Removed by Filter": 685800
                }
              ]
            }
          ]
        }
      ]
    },
    "Planning Time": 0.064,
    "Triggers": [],
    "Execution Time": 154.234
  }
]