[
  {
    "Bao": {
      "Bao prediction": 2290.042,
      "Bao recommended hint": "SET enable_nestloop TO off; SET enable_mergejoin TO off; SET enable_indexscan TO off; "
    }
  },
  {
    "Plan": {
      "Node Type": "Aggregate",
      "Strategy": "Plain",
      "Partial Mode": "Finalize",
      "Parallel Aware": false,
      "Startup Cost": 767779.96,
      "Total Cost": 767779.97,
      "Plan Rows": 1,
      "Plan Width": 64,
      "Actual Startup Time": 2013.612,
      "Actual Total Time": 2125.001,
      "Actual Rows": 1,
      "Actual Loops": 1,
      "Plans": [
        {
          "Node Type": "Gather",
          "Parent Relationship": "Outer",
          "Parallel Aware": false,
          "Startup Cost": 767779.53,
          "Total Cost": 767779.94,
          "Plan Rows": 4,
          "Plan Width": 64,
          "Actual Startup Time": 2013.296,
          "Actual Total Time": 2124.989,
          "Actual Rows": 5,
          "Actual Loops": 1,
          "Workers Planned": 4,
          "Workers Launched": 4,
          "Single Copy": false,
          "Plans": [
            {
              "Node Type": "Aggregate",
              "Strategy": "Plain",
              "Partial Mode": "Partial",
              "Parent Relationship": "Outer",
              "Parallel Aware": false,
              "Startup Cost": 766779.53,
              "Total Cost": 766779.54,
              "Plan Rows": 1,
              "Plan Width": 64,
              "Actual Startup Time": 2001.182,
              "Actual Total Time": 2001.212,
              "Actual Rows": 1,
              "Actual Loops": 5,
              "Plans": [
                {
                  "Node Type": "Hash Join",
                  "Parent Relationship": "Outer",
                  "Parallel Aware": true,
                  "Join Type": "Inner",
                  "Startup Cost": 720760.34,
                  "Total Cost": 766779.53,
                  "Plan Rows": 1,
                  "Plan Width": 32,
                  "Actual Startup Time": 1947.743,
                  "Actual Total Time": 2001.187,
                  "Actual Rows": 37,
                  "Actual Loops": 5,
                  "Inner Unique": false,
                  "Hash Cond": "(t.id = mi.movie_id)",
                  "Plans": [
                    {
                      "Node Type": "Seq Scan",
                      "Parent Relationship": "Outer",
                      "Parallel Aware": true,
                      "Relation Name": "title",
                      "Alias": "t",
                      "Startup Cost": 0.0,
                      "Total Cost": 45477.29,
                      "Plan Rows": 144502,
                      "Plan Width": 21,
                      "Actual Startup Time": 0.012,
                      "Actual Total Time": 84.485,
                      "Actual Rows": 114911,
                      "Actual Loops": 5,
                      "Filter": "((production_year >= 2005) AND (production_year <= 2009))",
                      "Rows Removed by Filter": 390751
                    },
                    {
                      "Node Type": "Hash",
                      "Parent Relationship": "Inner",
                      "Parallel Aware": true,
                      "Startup Cost": 720760.33,
                      "Total Cost": 720760.33,
                      "Plan Rows": 1,
                      "Plan Width": 27,
                      "Actual Startup Time": 1906.808,
                      "Actual Total Time": 1906.835,
                      "Actual Rows": 62,
                      "Actual Loops": 5,
                      "Hash Buckets": 1024,
                      "Original Hash Buckets": 1024,
                      "Hash Batches": 1,
                      "Original Hash Batches": 1,
                      "Peak Memory Usage": 168,
                      "Plans": [
                        {
                          "Node Type": "Hash Join",
                          "Parent Relationship": "Outer",
                          "Parallel Aware": true,
                          "Join Type": "Inner",
                          "Startup Cost": 715850.68,
                          "Total Cost": 720760.33,
                          "Plan Rows": 1,
                          "Plan Width": 27,
                          "Actual Startup Time": 1897.43,
                          "Actual Total Time": 1906.718,
                          "Actual Rows": 62,
                          "Actual Loops": 5,
                          "Inner Unique": false,
                          "Hash Cond": "(cn.id = mc.company_id)",
                          "Plans": [
                            {
                              "Node Type": "Seq Scan",
                              "Parent Relationship": "Outer",
                              "Parallel Aware": true,
                              "Relation Name": "company_name",
                              "Alias": "cn",
                              "Startup Cost": 0.0,
                              "Total Cost": 4722.92,
                              "Plan Rows": 49792,
                              "Plan Width": 4,
                              "Actual Startup Time": 0.019,
                              "Actual Total Time": 8.576,
                              "Actual Rows": 16969,
                              "Actual Loops": 5,
                              "Filter": "((country_code)::text = '[us]'::text)",
                              "Rows Removed by Filter": 30031
                            },
                            {
                              "Node Type": "Hash",
                              "Parent Relationship": "Inner",
                              "Parallel Aware": true,
                              "Startup Cost": 715850.67,
                              "Total Cost": 715850.67,
                              "Plan Rows": 1,
                              "Plan Width": 31,
                              "Actual Startup Time": 1896.77,
                              "Actual Total Time": 1896.795,
                              "Actual Rows": 64,
                              "Actual Loops": 5,
                              "Hash Buckets": 1024,
                              "Original Hash Buckets": 1024,
                              "Hash Batches": 1,
                              "Original Hash Batches": 1,
                              "Peak Memory Usage": 168,
                              "Plans": [
                                {
                                  "Node Type": "Hash Join",
                                  "Parent Relationship": "Outer",
                                  "Parallel Aware": true,
                                  "Join Type": "Inner",
                                  "Startup Cost": 684076.67,
                                  "Total Cost": 715850.67,
                                  "Plan Rows": 1,
                                  "Plan Width": 31,
                                  "Actual Startup Time": 1820.13,
                                  "Actual Total Time": 1896.715,
                                  "Actual Rows": 64,
                                  "Actual Loops": 5,
                                  "Inner Unique": false,
                                  "Hash Cond": "(mc.movie_id = mi.movie_id)",
                                  "Plans": [
                                    {
                                      "Node Type": "Seq Scan",
                                      "Parent Relationship": "Outer",
                                      "Parallel Aware": true,
                                      "Relation Name": "movie_companies",
                                      "Alias": "mc",
                                      "Startup Cost": 0.0,
                                      "Total Cost": 31414.82,
                                      "Plan Rows": 95778,
                                      "Plan Width": 8,
                                      "Actual Startup Time": 0.02,
                                      "Actual Total Time": 91.04,
                                      "Actual Rows": 118199,
                                      "Actual Loops": 5,
                                      "Filter": "((note IS NOT NULL) AND ((note ~~ '%(USA)%'::text) OR (note ~~ '%(worldwide)%'::text)))",
                                      "Rows Removed by Filter": 403627
                                    },
                                    {
                                      "Node Type": "Hash",
                                      "Parent Relationship": "Inner",
                                      "Parallel Aware": true,
                                      "Startup Cost": 684076.66,
                                      "Total Cost": 684076.66,
                                      "Plan Rows": 1,
                                      "Plan Width": 23,
                                      "Actual Startup Time": 1797.085,
                                      "Actual Total Time": 1797.108,
                                      "Actual Rows": 41,
                                      "Actual Loops": 5,
                                      "Hash Buckets": 1024,
                                      "Original Hash Buckets": 1024,
                                      "Hash Batches": 1,
                                      "Original Hash Batches": 1,
                                      "Peak Memory Usage": 168,
                                      "Plans": [
                                        {
                                          "Node Type": "Hash Join",
                                          "Parent Relationship": "Outer",
                                          "Parallel Aware": true,
                                          "Join Type": "Inner",
                                          "Startup Cost": 636833.75,
                                          "Total Cost": 684076.66,
                                          "Plan Rows": 1,
                                          "Plan Width": 23,
                                          "Actual Startup Time": 1671.944,
                                          "Actual Total Time": 1797.021,
                                          "Actual Rows": 41,
                                          "Actual Loops": 5,
                                          "Inner Unique": false,
                                          "Hash Cond": "(chn.id = ci.person_role_id)",
                                          "Plans": [
                                            {
                                              "Node Type": "Seq Scan",
                                              "Parent Relationship": "Outer",
                                              "Parallel Aware": true,
                                              "Relation Name": "char_name",
                                              "Alias": "chn",
                                              "Startup Cost": 0.0,
                                              "Total Cost": 44298.83,
                                              "Plan Rows": 785084,
                                              "Plan Width": 4,
                                              "Actual Startup Time": 0.013,
                                              "Actual Total Time": 81.084,
                                              "Actual Rows": 628068,
                                              "Actual Loops": 5
                                            },
                                            {
                                              "Node Type": "Hash",
                                              "Parent Relationship": "Inner",
                                              "Parallel Aware": true,
                                              "Startup Cost": 636833.74,
                                              "Total Cost": 636833.74,
                                              "Plan Rows": 1,
                                              "Plan Width": 27,
                                              "Actual Startup Time": 1670.512,
                                              "Actual Total Time": 1670.531,
                                              "Actual Rows": 45,
                                              "Actual Loops": 5,
                                              "Hash Buckets": 1024,
                                              "Original Hash Buckets": 1024,
                                              "Hash Batches": 1,
                                              "Original Hash Batches": 1,
                                              "Peak Memory Usage": 168,
                                              "Plans": [
                                                {
                                                  "Node Type": "Hash Join",
                                                  "Parent Relationship": "Outer",
                                                  "Parallel Aware": true,
                                                  "Join Type": "Inner",
                                                  "Startup Cost": 430173.11,
                                                  "Total Cost": 636833.74,
                                                  "Plan Rows": 1,
                                                  "Plan Width": 27,
                                                  "Actual Startup Time": 1302.082,
                                                  "Actual Total Time": 1670.445,
                                                  "Actual Rows": 45,
                                                  "Actual Loops": 5,
                                                  "Inner Unique": false,
                                                  "Hash Cond": "(mi.movie_id = ci.movie_id)",
                                                  "Plans": [
                                                    {
                                                      "Node Type": "Hash Join",
                                                      "Parent Relationship": "Outer",
                                                      "Parallel Aware": false,
                                                      "Join Type": "Inner",
                                                      "Startup Cost": 2.43,
                                                      "Total Cost": 206660.42,
                                                      "Plan Rows": 700,
                                                      "Plan Width": 4,
                                                      "Actual Startup Time": 119.605,
                                                      "Actual Total Time": 511.246,
                                                      "Actual Rows": 90208,
                                                      "Actual Loops": 5,
                                                      "Inner Unique": true,
                                                      "Hash Cond": "(mi.info_type_id = it.id)",
                                                      "Plans": [
                                                        {
                                                          "Node Type": "Seq Scan",
                                                          "Parent Relationship": "Outer",
                                                          "Parallel Aware": true,
                                                          "Relation Name": "movie_info",
                                                          "Alias": "mi",
                                                          "Startup Cost": 0.0,
                                                          "Total Cost": 206442.71,
                                                          "Plan Rows": 79044,
                                                          "Plan Width": 8,
                                                          "Actual Startup Time": 51.178,
                                                          "Actual Total Time": 497.681,
                                                          "Actual Rows": 90221,
                                                          "Actual Loops": 5,
                                                          "Filter": "((info IS NOT NULL) AND ((info ~~ 'Japan:%200%'::text) OR (info ~~ 'USA:%200%'::text)))",
                                                          "Rows Removed by Filter": 2876923
                                                        },
                                                        {
                                                          "Node Type": "Hash",
                                                          "Parent Relationship": "Inner",
                                                          "Parallel Aware": false,
                                                          "Startup Cost": 2.41,
                                                          "Total Cost": 2.41,
                                                          "Plan Rows": 1,
                                                          "Plan Width": 4,
                                                          "Actual Startup Time": 0.05,
                                                          "Actual Total Time": 0.051,
                                                          "Actual Rows": 1,
                                                          "Actual Loops": 5,
                                                          "Hash Buckets": 1024,
                                                          "Original Hash Buckets": 1024,
                                                          "Hash Batches": 1,
                                                          "Original Hash Batches": 1,
                                                          "Peak Memory Usage": 9,
                                                          "Plans": [
                                                            {
                                                              "Node Type": "Seq Scan",
                                                              "Parent Relationship": "Outer",
                                                              "Parallel Aware": false,
                                                              "Relation Name": "info_type",
                                                              "Alias": "it",
                                                              "Startup Cost": 0.0,
                                                              "Total Cost": 2.41,
                                                              "Plan Rows": 1,
                                                              "Plan Width": 4,
                                                              "Actual Startup Time": 0.037,
                                                              "Actual Total Time": 0.043,
                                                              "Actual Rows": 1,
                                                              "Actual Loops": 5,
                                                              "Filter": "((info)::text = 'release dates'::text)",
                                                              "Rows Removed by Filter": 112
                                                            }
                                                          ]
                                                        }
                                                      ]
                                                    },
                                                    {
                                                      "Node Type": "Hash",
                                                      "Parent Relationship": "Inner",
                                                      "Parallel Aware": true,
                                                      "Startup Cost": 430170.68,
                                                      "Total Cost": 430170.68,
                                                      "Plan Rows": 1,
                                                      "Plan Width": 23,
                                                      "Actual Startup Time": 1151.945,
                                                      "Actual Total Time": 1151.957,
                                                      "Actual Rows": 85,
                                                      "Actual Loops": 5,
                                                      "Hash Buckets": 1024,
                                                      "Original Hash Buckets": 1024,
                                                      "Hash Batches": 1,
                                                      "Original Hash Batches": 1,
                                                      "Peak Memory Usage": 168,
                                                      "Plans": [
                                                        {
                                                          "Node Type": "Hash Join",
                                                          "Parent Relationship": "Outer",
                                                          "Parallel Aware": false,
                                                          "Join Type": "Inner",
                                                          "Startup Cost": 86309.1,
                                                          "Total Cost": 430170.68,
                                                          "Plan Rows": 1,
                                                          "Plan Width": 23,
                                                          "Actual Startup Time": 551.705,
                                                          "Actual Total Time": 1151.814,
                                                          "Actual Rows": 85,
                                                          "Actual Loops": 5,
                                                          "Inner Unique": true,
                                                          "Hash Cond": "(ci.role_id = rt.id)",
                                                          "Plans": [
                                                            {
                                                              "Node Type": "Hash Join",
                                                              "Parent Relationship": "Outer",
                                                              "Parallel Aware": true,
                                                              "Join Type": "Inner",
                                                              "Startup Cost": 86307.93,
                                                              "Total Cost": 430169.48,
                                                              "Plan Rows": 8,
                                                              "Plan Width": 27,
                                                              "Actual Startup Time": 551.572,
                                                              "Actual Total Time": 1151.656,
                                                              "Actual Rows": 85,
                                                              "Actual Loops": 5,
                                                              "Inner Unique": false,
                                                              "Hash Cond": "(ci.person_id = n.id)",
                                                              "Plans": [
                                                                {
                                                                  "Node Type": "Seq Scan",
                                                                  "Parent Relationship": "Outer",
                                                                  "Parallel Aware": true,
                                                                  "Relation Name": "cast_info",
                                                                  "Alias": "ci",
                                                                  "Startup Cost": 0.0,
                                                                  "Total Cost": 343338.78,
                                                                  "Plan Rows": 139402,
                                                                  "Plan Width": 16,
                                                                  "Actual Startup Time": 0.042,
                                                                  "Actual Total Time": 876.962,
                                                                  "Actual Rows": 173495,
                                                                  "Actual Loops": 5,
                                                                  "Filter": "(note = ANY ('{(voice),\"(voice: Japanese version)\",\"(voice) (uncredited)\",\"(voice: English version)\"}'::text[]))",
                                                                  "Rows Removed by Filter": 7075373
                                                                },
                                                                {
                                                                  "Node Type": "Hash",
                                                                  "Parent Relationship": "Inner",
                                                                  "Parallel Aware": true,
                                                                  "Startup Cost": 86307.85,
                                                                  "Total Cost": 86307.85,
                                                                  "Plan Rows": 7,
                                                                  "Plan Width": 23,
                                                                  "Actual Startup Time": 257.276,
                                                                  "Actual Total Time": 257.281,
                                                                  "Actual Rows": 312,
                                                                  "Actual Loops": 5,
                                                                  "Hash Buckets": 1024,
                                                                  "Original Hash Buckets": 1024,
                                                                  "Hash Batches": 1,
                                                                  "Original Hash Batches": 1,
                                                                  "Peak Memory Usage": 168,
                                                                  "Plans": [
                                                                    {
                                                                      "Node Type": "Hash Join",
                                                                      "Parent Relationship": "Outer",
                                                                      "Parallel Aware": true,
                                                                      "Join Type": "Inner",
                                                                      "Startup Cost": 71241.05,
                                                                      "Total Cost": 86307.85,
                                                                      "Plan Rows": 7,
                                                                      "Plan Width": 23,
                                                                      "Actual Startup Time": 208.6,
                                                                      "Actual Total Time": 257.013,
                                                                      "Actual Rows": 312,
                                                                      "Actual Loops": 5,
                                                                      "Inner Unique": true,
                                                                      "Hash Cond": "(an.person_id = n.id)",
                                                                      "Plans": [
                                                                        {
                                                                          "Node Type": "Seq Scan",
                                                                          "Parent Relationship": "Outer",
                                                                          "Parallel Aware": true,
                                                                          "Relation Name": "aka_name",
                                                                          "Alias": "an",
                                                                          "Startup Cost": 0.0,
                                                                          "Total Cost": 14303.56,
                                                                          "Plan Rows": 290756,
                                                                          "Plan Width": 4,
                                                                          "Actual Startup Time": 0.039,
                                                                          "Actual Total Time": 27.297,
                                                                          "Actual Rows": 180269,
                                                                          "Actual Loops": 5
                                                                        },
                                                                        {
                                                                          "Node Type": "Hash",
                                                                          "Parent Relationship": "Inner",
                                                                          "Parallel Aware": true,
                                                                          "Startup Cost": 71240.75,
                                                                          "Total Cost": 71240.75,
                                                                          "Plan Rows": 24,
                                                                          "Plan Width": 19,
                                                                          "Actual Startup Time": 207.641,
                                                                          "Actual Total Time": 207.642,
                                                                          "Actual Rows": 1354,
                                                                          "Actual Loops": 5,
                                                                          "Hash Buckets": 8192,
                                                                          "Original Hash Buckets": 1024,
                                                                          "Hash Batches": 1,
                                                                          "Original Hash Batches": 1,
                                                                          "Peak Memory Usage": 536,
                                                                          "Plans": [
                                                                            {
                                                                              "Node Type": "Seq Scan",
                                                                              "Parent Relationship": "Outer",
                                                                              "Parallel Aware": true,
                                                                              "Relation Name": "name",
                                                                              "Alias": "n",
                                                                              "Startup Cost": 0.0,
                                                                              "Total Cost": 71240.75,
                                                                              "Plan Rows": 24,
                                                                              "Plan Width": 19,
                                                                              "Actual Startup Time": 77.637,
                                                                              "Actual Total Time": 170.963,
                                                                              "Actual Rows": 1354,
                                                                              "Actual Loops": 5,
                                                                              "Filter": "((name ~~ '%Ang%'::text) AND ((gender)::text = 'f'::text))",
                                                                              "Rows Removed by Filter": 832145
                                                                            }
                                                                          ]
                                                                        }
                                                                      ]
                                                                    }
                                                                  ]
                                                                }
                                                              ]
                                                            },
                                                            {
                                                              "Node Type": "Hash",
                                                              "Parent Relationship": "Inner",
                                                              "Parallel Aware": false,
                                                              "Startup Cost": 1.15,
                                                              "Total Cost": 1.15,
                                                              "Plan Rows": 1,
                                                              "Plan Width": 4,
                                                              "Actual Startup Time": 0.079,
                                                              "Actual Total Time": 0.08,
                                                              "Actual Rows": 1,
                                                              "Actual Loops": 5,
                                                              "Hash Buckets": 1024,
                                                              "Original Hash Buckets": 1024,
                                                              "Hash Batches": 1,
                                                              "Original Hash Batches": 1,
                                                              "Peak Memory Usage": 9,
                                                              "Plans": [
                                                                {
                                                                  "Node Type": "Seq Scan",
                                                                  "Parent Relationship": "Outer",
                                                                  "Parallel Aware": false,
                                                                  "Relation Name": "role_type",
                                                                  "Alias": "rt",
                                                                  "Startup Cost": 0.0,
                                                                  "Total Cost": 1.15,
                                                                  "Plan Rows": 1,
                                                                  "Plan Width": 4,
                                                                  "Actual Startup Time": 0.054,
                                                                  "Actual Total Time": 0.058,
                                                                  "Actual Rows": 1,
                                                                  "Actual Loops": 5,
                                                                  "Filter": "((role)::text = 'actress'::text)",
                                                                  "Rows Removed by Filter": 11
                                                                }
                                                              ]
                                                            }
                                                          ]
                                                        }
                                                      ]
                                                    }
                                                  ]
                                                }
                                              ]
                                            }
                                          ]
                                        }
                                      ]
                                    }
                                  ]
                                }
                              ]
                            }
                          ]
                        }
                      ]
                    }
                  ]
                }
              ]
            }
          ]
        }
      ]
    },
    "Planning Time": 694.628,
    "Triggers": [],
    "Execution Time": 2125.564
  }
]