{
  "Plan": {
    "Node Type": "Aggregate",
    "Strategy": "Plain",
    "Partial Mode": "Finalize",
    "Parallel Aware": false,
    "Startup Cost": 140633.92,
    "Total Cost": 140633.93,
    "Plan Rows": 1,
    "Plan Width": 8,
    "Actual Startup Time": 681.685,
    "Actual Total Time": 726.261,
    "Actual Rows": 1,
    "Actual Loops": 1,
    "Plans": [
      {
        "Node Type": "Gather",
        "Parent Relationship": "Outer",
        "Parallel Aware": false,
        "Startup Cost": 140633.8,
        "Total Cost": 140633.91,
        "Plan Rows": 1,
        "Plan Width": 8,
        "Actual Startup Time": 681.555,
        "Actual Total Time": 726.254,
        "Actual Rows": 2,
        "Actual Loops": 1,
        "Workers Planned": 1,
        "Workers Launched": 1,
        "Single Copy": false,
        "Plans": [
          {
            "Node Type": "Aggregate",
            "Strategy": "Plain",
            "Partial Mode": "Partial",
            "Parent Relationship": "Outer",
            "Parallel Aware": false,
            "Startup Cost": 139633.8,
            "Total Cost": 139633.81,
            "Plan Rows": 1,
            "Plan Width": 8,
            "Actual Startup Time": 675.453,
            "Actual Total Time": 675.456,
            "Actual Rows": 1,
            "Actual Loops": 2,
            "Plans": [
              {
                "Node Type": "Nested Loop",
                "Parent Relationship": "Outer",
                "Parallel Aware": false,
                "Join Type": "Inner",
                "Startup Cost": 54680.67,
                "Total Cost": 139163.52,
                "Plan Rows": 188115,
                "Plan Width": 0,
                "Actual Startup Time": 135.195,
                "Actual Total Time": 658.756,
                "Actual Rows": 371232,
                "Actual Loops": 2,
                "Inner Unique": false,
                "Join Filter": "(t.id = ci.movie_id)",
                "Rows Removed by Join Filter": 0,
                "Plans": [
                  {
                    "Node Type": "Hash Join",
                    "Parent Relationship": "Outer",
                    "Parallel Aware": true,
                    "Join Type": "Inner",
                    "Startup Cost": 54680.1,
                    "Total Cost": 112730.95,
                    "Plan Rows": 13128,
                    "Plan Width": 8,
                    "Actual Startup Time": 135.118,
                    "Actual Total Time": 440.233,
                    "Actual Rows": 12188,
                    "Actual Loops": 2,
                    "Inner Unique": true,
                    "Hash Cond": "(mk.movie_id = t.id)",
                    "Plans": [
                      {
                        "Node Type": "Seq Scan",
                        "Parent Relationship": "Outer",
                        "Parallel Aware": true,
                        "Relation Name": "movie_keyword",
                        "Alias": "mk",
                        "Startup Cost": 0.0,
                        "Total Cost": 51065.35,
                        "Plan Rows": 2661135,
                        "Plan Width": 4,
                        "Actual Startup Time": 0.014,
                        "Actual Total Time": 152.63,
                        "Actual Rows": 2261965,
                        "Actual Loops": 2
                      },
                      {
                        "Node Type": "Hash",
                        "Parent Relationship": "Inner",
                        "Parallel Aware": true,
                        "Startup Cost": 54588.39,
                        "Total Cost": 54588.39,
                        "Plan Rows": 7337,
                        "Plan Width": 4,
                        "Actual Startup Time": 133.772,
                        "Actual Total Time": 133.773,
                        "Actual Rows": 6856,
                        "Actual Loops": 2,
                        "Hash Buckets": 16384,
                        "Original Hash Buckets": 16384,
                        "Hash Batches": 1,
                        "Original Hash Batches": 1,
                        "Peak Memory Usage": 672,
                        "Plans": [
                          {
                            "Node Type": "Seq Scan",
                            "Parent Relationship": "Outer",
                            "Parallel Aware": true,
                            "Relation Name": "title",
                            "Alias": "t",
                            "Startup Cost": 0.0,
                            "Total Cost": 54588.39,
                            "Plan Rows": 7337,
                            "Plan Width": 4,
                            "Actual Startup Time": 0.07,
                            "Actual Total Time": 131.35,
                            "Actual Rows": 6856,
                            "Actual Loops": 2,
                            "Filter": "(production_year = 1966)",
                            "Rows Removed by Filter": 1257300
                          }
                        ]
                      }
                    ]
                  },
                  {
                    "Node Type": "Index Only Scan",
                    "Parent Relationship": "Inner",
                    "Parallel Aware": false,
                    "Scan Direction": "Forward",
                    "Index Name": "movie_id_cast_info",
                    "Relation Name": "cast_info",
                    "Alias": "ci",
                    "Startup Cost": 0.56,
                    "Total Cost": 1.55,
                    "Plan Rows": 37,
                    "Plan Width": 4,
                    "Actual Startup Time": 0.003,
                    "Actual Total Time": 0.015,
                    "Actual Rows": 30,
                    "Actual Loops": 24375,
                    "Index Cond": "(movie_id = mk.movie_id)",
                    "Rows Removed by Index Recheck": 0,
                    "Heap Fetches": 742465
                  }
                ]
              }
            ]
          }
        ]
      }
    ]
  },
  "Planning Time": 0.943,
  "Triggers": [],
  "Execution Time": 726.351
}