{
  "Plan": {
    "Node Type": "Aggregate",
    "Strategy": "Plain",
    "Partial Mode": "Finalize",
    "Parallel Aware": false,
    "Startup Cost": 332596.24,
    "Total Cost": 332596.25,
    "Plan Rows": 1,
    "Plan Width": 8,
    "Actual Startup Time": 1262.792,
    "Actual Total Time": 1312.009,
    "Actual Rows": 1,
    "Actual Loops": 1,
    "Plans": [
      {
        "Node Type": "Gather",
        "Parent Relationship": "Outer",
        "Parallel Aware": false,
        "Startup Cost": 332596.12,
        "Total Cost": 332596.23,
        "Plan Rows": 1,
        "Plan Width": 8,
        "Actual Startup Time": 1262.604,
        "Actual Total Time": 1312.0,
        "Actual Rows": 2,
        "Actual Loops": 1,
        "Workers Planned": 1,
        "Workers Launched": 1,
        "Single Copy": false,
        "Plans": [
          {
            "Node Type": "Aggregate",
            "Strategy": "Plain",
            "Partial Mode": "Partial",
            "Parent Relationship": "Outer",
            "Parallel Aware": false,
            "Startup Cost": 331596.12,
            "Total Cost": 331596.13,
            "Plan Rows": 1,
            "Plan Width": 8,
            "Actual Startup Time": 1257.015,
            "Actual Total Time": 1257.018,
            "Actual Rows": 1,
            "Actual Loops": 2,
            "Plans": [
              {
                "Node Type": "Hash Join",
                "Parent Relationship": "Outer",
                "Parallel Aware": true,
                "Join Type": "Inner",
                "Startup Cost": 59000.73,
                "Total Cost": 330784.22,
                "Plan Rows": 324762,
                "Plan Width": 0,
                "Actual Startup Time": 138.576,
                "Actual Total Time": 1256.946,
                "Actual Rows": 903,
                "Actual Loops": 2,
                "Inner Unique": true,
                "Hash Cond": "(mi.movie_id = t.id)",
                "Plans": [
                  {
                    "Node Type": "Seq Scan",
                    "Parent Relationship": "Outer",
                    "Parallel Aware": true,
                    "Relation Name": "movie_info",
                    "Alias": "mi",
                    "Startup Cost": 0.0,
                    "Total Cost": 248955.74,
                    "Plan Rows": 8696274,
                    "Plan Width": 4,
                    "Actual Startup Time": 0.009,
                    "Actual Total Time": 607.015,
                    "Actual Rows": 7417860,
                    "Actual Loops": 2
                  },
                  {
                    "Node Type": "Hash",
                    "Parent Relationship": "Inner",
                    "Parallel Aware": true,
                    "Startup Cost": 58306.47,
                    "Total Cost": 58306.47,
                    "Plan Rows": 55541,
                    "Plan Width": 4,
                    "Actual Startup Time": 131.304,
                    "Actual Total Time": 131.305,
                    "Actual Rows": 388,
                    "Actual Loops": 2,
                    "Hash Buckets": 131072,
                    "Original Hash Buckets": 131072,
                    "Hash Batches": 1,
                    "Original Hash Batches": 1,
                    "Peak Memory Usage": 1088,
                    "Plans": [
                      {
                        "Node Type": "Seq Scan",
                        "Parent Relationship": "Outer",
                        "Parallel Aware": true,
                        "Relation Name": "title",
                        "Alias": "t",
                        "Startup Cost": 0.0,
                        "Total Cost": 58306.47,
                        "Plan Rows": 55541,
                        "Plan Width": 4,
                        "Actual Startup Time": 0.829,
                        "Actual Total Time": 130.919,
                        "Actual Rows": 388,
                        "Actual Loops": 2,
                        "Filter": "((production_year < 1949) AND (kind_id = 7))",
                        "Rows Removed by Filter": 1263768
                      }
                    ]
                  }
                ]
              }
            ]
          }
        ]
      }
    ]
  },
  "Planning Time": 0.455,
  "Triggers": [],
  "Execution Time": 1312.091
}