[
  {
    "Plan": {
      "Node Type": "Aggregate",
      "Strategy": "Plain",
      "Partial Mode": "Finalize",
      "Parallel Aware": false,
      "Startup Cost": 608908.65,
      "Total Cost": 608908.66,
      "Plan Rows": 1,
      "Plan Width": 8,
      "Actual Startup Time": 3145.026,
      "Actual Total Time": 3219.558,
      "Actual Rows": 1,
      "Actual Loops": 1,
      "Plans": [
        {
          "Node Type": "Gather",
          "Parent Relationship": "Outer",
          "Parallel Aware": false,
          "Startup Cost": 608908.03,
          "Total Cost": 608908.64,
          "Plan Rows": 6,
          "Plan Width": 8,
          "Actual Startup Time": 3123.293,
          "Actual Total Time": 3219.547,
          "Actual Rows": 7,
          "Actual Loops": 1,
          "Workers Planned": 6,
          "Workers Launched": 6,
          "Single Copy": false,
          "Plans": [
            {
              "Node Type": "Aggregate",
              "Strategy": "Plain",
              "Partial Mode": "Partial",
              "Parent Relationship": "Outer",
              "Parallel Aware": false,
              "Startup Cost": 607908.03,
              "Total Cost": 607908.04,
              "Plan Rows": 1,
              "Plan Width": 8,
              "Actual Startup Time": 3108.847,
              "Actual Total Time": 3109.217,
              "Actual Rows": 1,
              "Actual Loops": 7,
              "Plans": [
                {
                  "Node Type": "Hash Join",
                  "Parent Relationship": "Outer",
                  "Parallel Aware": true,
                  "Join Type": "Inner",
                  "Startup Cost": 255136.65,
                  "Total Cost": 601474.55,
                  "Plan Rows": 2573391,
                  "Plan Width": 0,
                  "Actual Startup Time": 671.081,
                  "Actual Total Time": 2775.518,
                  "Actual Rows": 8496533,
                  "Actual Loops": 7,
                  "Inner Unique": false,
                  "Hash Cond": "(ci.movie_id = t.id)",
                  "Plans": [
                    {
                      "Node Type": "Seq Scan",
                      "Parent Relationship": "Outer",
                      "Parallel Aware": true,
                      "Relation Name": "cast_info",
                      "Alias": "ci",
                      "Startup Cost": 0.0,
                      "Total Cost": 328162.03,
                      "Plan Rows": 3474426,
                      "Plan Width": 4,
                      "Actual Startup Time": 0.021,
                      "Actual Total Time": 550.28,
                      "Actual Rows": 2985629,
                      "Actual Loops": 7,
                      "Filter": "(person_id < 2106386)",
                      "Rows Removed by Filter": 2192135
                    },
                    {
                      "Node Type": "Hash",
                      "Parent Relationship": "Inner",
                      "Parallel Aware": true,
                      "Startup Cost": 250455.1,
                      "Total Cost": 250455.1,
                      "Plan Rows": 374524,
                      "Plan Width": 8,
                      "Actual Startup Time": 666.344,
                      "Actual Total Time": 666.712,
                      "Actual Rows": 253623,
                      "Actual Loops": 7,
                      "Hash Buckets": 2097152,
                      "Original Hash Buckets": 2097152,
                      "Hash Batches": 1,
                      "Original Hash Batches": 1,
                      "Peak Memory Usage": 85952,
                      "Plans": [
                        {
                          "Node Type": "Hash Join",
                          "Parent Relationship": "Outer",
                          "Parallel Aware": true,
                          "Join Type": "Inner",
                          "Startup Cost": 50286.98,
                          "Total Cost": 250455.1,
                          "Plan Rows": 374524,
                          "Plan Width": 8,
                          "Actual Startup Time": 219.316,
                          "Actual Total Time": 565.376,
                          "Actual Rows": 253623,
                          "Actual Loops": 7,
                          "Inner Unique": true,
                          "Hash Cond": "(mi.movie_id = t.id)",
                          "Plans": [
                            {
                              "Node Type": "Seq Scan",
                              "Parent Relationship": "Outer",
                              "Parallel Aware": true,
                              "Relation Name": "movie_info",
                              "Alias": "mi",
                              "Startup Cost": 0.0,
                              "Total Cost": 198952.16,
                              "Plan Rows": 463221,
                              "Plan Width": 4,
                              "Actual Startup Time": 13.885,
                              "Actual Total Time": 258.879,
                              "Actual Rows": 319121,
                              "Actual Loops": 7,
                              "Filter": "(info_type_id > 16)",
                              "Rows Removed by Filter": 1800267
                            },
                            {
                              "Node Type": "Hash",
                              "Parent Relationship": "Inner",
                              "Parallel Aware": true,
                              "Startup Cost": 43898.92,
                              "Total Cost": 43898.92,
                              "Plan Rows": 511045,
                              "Plan Width": 4,
                              "Actual Startup Time": 203.263,
                              "Actual Total Time": 203.264,
                              "Actual Rows": 290348,
                              "Actual Loops": 7,
                              "Hash Buckets": 2097152,
                              "Original Hash Buckets": 2097152,
                              "Hash Batches": 1,
                              "Original Hash Batches": 1,
                              "Peak Memory Usage": 96000,
                              "Plans": [
                                {
                                  "Node Type": "Seq Scan",
                                  "Parent Relationship": "Outer",
                                  "Parallel Aware": true,
                                  "Relation Name": "title",
                                  "Alias": "t",
                                  "Startup Cost": 0.0,
                                  "Total Cost": 43898.92,
                                  "Plan Rows": 511045,
                                  "Plan Width": 4,
                                  "Actual Startup Time": 0.052,
                                  "Actual Total Time": 77.846,
                                  "Actual Rows": 290348,
                                  "Actual Loops": 7,
                                  "Filter": "(production_year > 1973)",
                                  "Rows Removed by Filter": 70839
                                }
                              ]
                            }
                          ]
                        }
                      ]
                    }
                  ]
                }
              ]
            }
          ]
        }
      ]
    },
    "Planning Time": 1.333,
    "Triggers": [],
    "Execution Time": 3219.656
  }
]