[
  {
    "Plan": {
      "Node Type": "Aggregate",
      "Strategy": "Plain",
      "Partial Mode": "Finalize",
      "Parallel Aware": false,
      "Startup Cost": 350073.99,
      "Total Cost": 350074.0,
      "Plan Rows": 1,
      "Plan Width": 8,
      "Actual Startup Time": 864.549,
      "Actual Total Time": 911.211,
      "Actual Rows": 1,
      "Actual Loops": 1,
      "Plans": [
        {
          "Node Type": "Gather",
          "Parent Relationship": "Outer",
          "Parallel Aware": false,
          "Startup Cost": 350073.36,
          "Total Cost": 350073.97,
          "Plan Rows": 6,
          "Plan Width": 8,
          "Actual Startup Time": 864.275,
          "Actual Total Time": 911.201,
          "Actual Rows": 7,
          "Actual Loops": 1,
          "Workers Planned": 6,
          "Workers Launched": 6,
          "Single Copy": false,
          "Plans": [
            {
              "Node Type": "Aggregate",
              "Strategy": "Plain",
              "Partial Mode": "Partial",
              "Parent Relationship": "Outer",
              "Parallel Aware": false,
              "Startup Cost": 349073.36,
              "Total Cost": 349073.38,
              "Plan Rows": 1,
              "Plan Width": 8,
              "Actual Startup Time": 855.735,
              "Actual Total Time": 855.737,
              "Actual Rows": 1,
              "Actual Loops": 7,
              "Plans": [
                {
                  "Node Type": "Seq Scan",
                  "Parent Relationship": "Outer",
                  "Parallel Aware": true,
                  "Relation Name": "cast_info",
                  "Alias": "ci",
                  "Startup Cost": 0.0,
                  "Total Cost": 343316.27,
                  "Plan Rows": 2302838,
                  "Plan Width": 0,
                  "Actual Startup Time": 225.633,
                  "Actual Total Time": 714.549,
                  "Actual Rows": 2763462,
                  "Actual Loops": 7,
                  "Filter": "((person_id > 1491759) AND (role_id > 1))",
                  "Rows Removed by Filter": 2414302
                }
              ]
            }
          ]
        }
      ]
    },
    "Planning Time": 0.125,
    "Triggers": [],
    "Execution Time": 911.257
  }
]