{
  "Plan": {
    "Node Type": "Aggregate",
    "Strategy": "Plain",
    "Partial Mode": "Simple",
    "Parallel Aware": false,
    "Startup Cost": 55490.48,
    "Total Cost": 55490.49,
    "Plan Rows": 1,
    "Plan Width": 64,
    "Actual Startup Time": 136.582,
    "Actual Total Time": 145.823,
    "Actual Rows": 1,
    "Actual Loops": 1,
    "Plans": [
      {
        "Node Type": "Gather",
        "Parent Relationship": "Outer",
        "Parallel Aware": false,
        "Startup Cost": 54939.44,
        "Total Cost": 55490.48,
        "Plan Rows": 1,
        "Plan Width": 22,
        "Actual Startup Time": 136.577,
        "Actual Total Time": 145.817,
        "Actual Rows": 0,
        "Actual Loops": 1,
        "Workers Planned": 1,
        "Workers Launched": 1,
        "Single Copy": false,
        "Plans": [
          {
            "Node Type": "Nested Loop",
            "Parent Relationship": "Outer",
            "Parallel Aware": false,
            "Join Type": "Inner",
            "Startup Cost": 53939.44,
            "Total Cost": 54490.38,
            "Plan Rows": 1,
            "Plan Width": 22,
            "Actual Startup Time": 128.404,
            "Actual Total Time": 128.407,
            "Actual Rows": 0,
            "Actual Loops": 2,
            "Inner Unique": true,
            "Plans": [
              {
                "Node Type": "Nested Loop",
                "Parent Relationship": "Outer",
                "Parallel Aware": false,
                "Join Type": "Inner",
                "Startup Cost": 53939.3,
                "Total Cost": 54490.19,
                "Plan Rows": 1,
                "Plan Width": 26,
                "Actual Startup Time": 128.403,
                "Actual Total Time": 128.405,
                "Actual Rows": 0,
                "Actual Loops": 2,
                "Inner Unique": true,
                "Plans": [
                  {
                    "Node Type": "Nested Loop",
                    "Parent Relationship": "Outer",
                    "Parallel Aware": false,
                    "Join Type": "Inner",
                    "Startup Cost": 53938.88,
                    "Total Cost": 54448.71,
                    "Plan Rows": 94,
                    "Plan Width": 30,
                    "Actual Startup Time": 123.504,
                    "Actual Total Time": 127.942,
                    "Actual Rows": 56,
                    "Actual Loops": 2,
                    "Inner Unique": false,
                    "Plans": [
                      {
                        "Node Type": "Merge Join",
                        "Parent Relationship": "Outer",
                        "Parallel Aware": false,
                        "Join Type": "Inner",
                        "Startup Cost": 53938.45,
                        "Total Cost": 54081.12,
                        "Plan Rows": 52,
                        "Plan Width": 34,
                        "Actual Startup Time": 123.452,
                        "Actual Total Time": 127.428,
                        "Actual Rows": 22,
                        "Actual Loops": 2,
                        "Inner Unique": true,
                        "Merge Cond": "(mi_idx.movie_id = t.id)",
                        "Plans": [
                          {
                            "Node Type": "Sort",
                            "Parent Relationship": "Outer",
                            "Parallel Aware": false,
                            "Startup Cost": 18446.96,
                            "Total Cost": 18461.54,
                            "Plan Rows": 5830,
                            "Plan Width": 13,
                            "Actual Startup Time": 88.072,
                            "Actual Total Time": 88.277,
                            "Actual Rows": 4161,
                            "Actual Loops": 2,
                            "Sort Key": [
                              "mi_idx.movie_id"
                            ],
                            "Sort Method": "quicksort",
                            "Sort Space Used": 392,
                            "Sort Space Type": "Memory",
                            "Workers": [
                              {
                                "Worker Number": 0,
                                "Sort Method": "quicksort",
                                "Sort Space Used": 386,
                                "Sort Space Type": "Memory"
                              }
                            ],
                            "Plans": [
                              {
                                "Node Type": "Seq Scan",
                                "Parent Relationship": "Outer",
                                "Parallel Aware": true,
                                "Relation Name": "movie_info_idx",
                                "Alias": "mi_idx",
                                "Startup Cost": 0.0,
                                "Total Cost": 18082.32,
                                "Plan Rows": 5830,
                                "Plan Width": 13,
                                "Actual Startup Time": 0.14,
                                "Actual Total Time": 86.542,
                                "Actual Rows": 4161,
                                "Actual Loops": 2,
                                "Filter": "(info > '9.0'::text)",
                                "Rows Removed by Filter": 685856
                              }
                            ]
                          },
                          {
                            "Node Type": "Sort",
                            "Parent Relationship": "Inner",
                            "Parallel Aware": false,
                            "Startup Cost": 35491.48,
                            "Total Cost": 35548.04,
                            "Plan Rows": 22622,
                            "Plan Width": 21,
                            "Actual Startup Time": 34.929,
                            "Actual Total Time": 36.781,
                            "Actual Rows": 24487,
                            "Actual Loops": 2,
                            "Sort Key": [
                              "t.id"
                            ],
                            "Sort Method": "quicksort",
                            "Sort Space Used": 2788,
                            "Sort Space Type": "Memory",
                            "Workers": [
                              {
                                "Worker Number": 0,
                                "Sort Method": "quicksort",
                                "Sort Space Used": 2788,
                                "Sort Space Type": "Memory"
                              }
                            ],
                            "Plans": [
                              {
                                "Node Type": "Bitmap Heap Scan",
                                "Parent Relationship": "Outer",
                                "Parallel Aware": false,
                                "Relation Name": "title",
                                "Alias": "t",
                                "Startup Cost": 427.75,
                                "Total Cost": 33855.3,
                                "Plan Rows": 22622,
                                "Plan Width": 21,
                                "Actual Startup Time": 4.179,
                                "Actual Total Time": 26.193,
                                "Actual Rows": 24508,
                                "Actual Loops": 2,
                                "Recheck Cond": "(production_year < 1910)",
                                "Rows Removed by Index Recheck": 0,
                                "Exact Heap Blocks": 10781,
                                "Lossy Heap Blocks": 0,
                                "Plans": [
                                  {
                                    "Node Type": "Bitmap Index Scan",
                                    "Parent Relationship": "Outer",
                                    "Parallel Aware": false,
                                    "Index Name": "idx_title_production_year",
                                    "Startup Cost": 0.0,
                                    "Total Cost": 422.09,
                                    "Plan Rows": 22622,
                                    "Plan Width": 0,
                                    "Actual Startup Time": 2.586,
                                    "Actual Total Time": 2.586,
                                    "Actual Rows": 24508,
                                    "Actual Loops": 2,
                                    "Index Cond": "(production_year < 1910)"
                                  }
                                ]
                              }
                            ]
                          }
                        ]
                      },
                      {
                        "Node Type": "Index Scan",
                        "Parent Relationship": "Inner",
                        "Parallel Aware": false,
                        "Scan Direction": "Forward",
                        "Index Name": "movie_id_movie_keyword",
                        "Relation Name": "movie_keyword",
                        "Alias": "mk",
                        "Startup Cost": 0.43,
                        "Total Cost": 6.6,
                        "Plan Rows": 47,
                        "Plan Width": 8,
                        "Actual Startup Time": 0.022,
                        "Actual Total Time": 0.023,
                        "Actual Rows": 3,
                        "Actual Loops": 43,
                        "Index Cond": "(movie_id = t.id)",
                        "Rows Removed by Index Recheck": 0
                      }
                    ]
                  },
                  {
                    "Node Type": "Index Scan",
                    "Parent Relationship": "Inner",
                    "Parallel Aware": false,
                    "Scan Direction": "Forward",
                    "Index Name": "keyword_pkey",
                    "Relation Name": "keyword",
                    "Alias": "k",
                    "Startup Cost": 0.42,
                    "Total Cost": 0.44,
                    "Plan Rows": 1,
                    "Plan Width": 4,
                    "Actual Startup Time": 0.008,
                    "Actual Total Time": 0.008,
                    "Actual Rows": 0,
                    "Actual Loops": 113,
                    "Index Cond": "(id = mk.keyword_id)",
                    "Rows Removed by Index Recheck": 0,
                    "Filter": "(keyword ~~ '%sequel%'::text)",
                    "Rows Removed by Filter": 1
                  }
                ]
              },
              {
                "Node Type": "Index Scan",
                "Parent Relationship": "Inner",
                "Parallel Aware": false,
                "Scan Direction": "Forward",
                "Index Name": "info_type_pkey",
                "Relation Name": "info_type",
                "Alias": "it",
                "Startup Cost": 0.14,
                "Total Cost": 0.16,
                "Plan Rows": 1,
                "Plan Width": 4,
                "Actual Startup Time": 0.0,
                "Actual Total Time": 0.0,
                "Actual Rows": 0,
                "Actual Loops": 0,
                "Index Cond": "(id = mi_idx.info_type_id)",
                "Rows Removed by Index Recheck": 0,
                "Filter": "((info)::text = 'rating'::text)",
                "Rows Removed by Filter": 0
              }
            ]
          }
        ]
      }
    ]
  },
  "Planning Time": 1.026,
  "Triggers": [],
  "Execution Time": 145.913
}