[
  {
    "Plan": {
      "Node Type": "Aggregate",
      "Strategy": "Plain",
      "Partial Mode": "Finalize",
      "Parallel Aware": false,
      "Startup Cost": 89844.56,
      "Total Cost": 89844.57,
      "Plan Rows": 1,
      "Plan Width": 8,
      "Actual Startup Time": 327.689,
      "Actual Total Time": 347.78,
      "Actual Rows": 1,
      "Actual Loops": 1,
      "Plans": [
        {
          "Node Type": "Gather",
          "Parent Relationship": "Outer",
          "Parallel Aware": false,
          "Startup Cost": 89844.24,
          "Total Cost": 89844.55,
          "Plan Rows": 3,
          "Plan Width": 8,
          "Actual Startup Time": 327.155,
          "Actual Total Time": 347.769,
          "Actual Rows": 4,
          "Actual Loops": 1,
          "Workers Planned": 3,
          "Workers Launched": 3,
          "Single Copy": false,
          "Plans": [
            {
              "Node Type": "Aggregate",
              "Strategy": "Plain",
              "Partial Mode": "Partial",
              "Parent Relationship": "Outer",
              "Parallel Aware": false,
              "Startup Cost": 88844.24,
              "Total Cost": 88844.25,
              "Plan Rows": 1,
              "Plan Width": 8,
              "Actual Startup Time": 321.282,
              "Actual Total Time": 321.285,
              "Actual Rows": 1,
              "Actual Loops": 4,
              "Plans": [
                {
                  "Node Type": "Hash Join",
                  "Parent Relationship": "Outer",
                  "Parallel Aware": true,
                  "Join Type": "Inner",
                  "Startup Cost": 45812.3,
                  "Total Cost": 88690.38,
                  "Plan Rows": 61545,
                  "Plan Width": 0,
                  "Actual Startup Time": 115.289,
                  "Actual Total Time": 320.484,
                  "Actual Rows": 14646,
                  "Actual Loops": 4,
                  "Inner Unique": true,
                  "Hash Cond": "(mk.movie_id = t.id)",
                  "Plans": [
                    {
                      "Node Type": "Seq Scan",
                      "Parent Relationship": "Outer",
                      "Parallel Aware": true,
                      "Relation Name": "movie_keyword",
                      "Alias": "mk",
                      "Startup Cost": 0.0,
                      "Total Cost": 39047.32,
                      "Plan Rows": 1459332,
                      "Plan Width": 4,
                      "Actual Startup Time": 0.027,
                      "Actual Total Time": 101.799,
                      "Actual Rows": 1130982,
                      "Actual Loops": 4
                    },
                    {
                      "Node Type": "Hash",
                      "Parent Relationship": "Inner",
                      "Parallel Aware": true,
                      "Startup Cost": 45479.1,
                      "Total Cost": 45479.1,
                      "Plan Rows": 26656,
                      "Plan Width": 4,
                      "Actual Startup Time": 113.558,
                      "Actual Total Time": 113.559,
                      "Actual Rows": 28418,
                      "Actual Loops": 4,
                      "Hash Buckets": 131072,
                      "Original Hash Buckets": 131072,
                      "Hash Batches": 1,
                      "Original Hash Batches": 1,
                      "Peak Memory Usage": 5536,
                      "Plans": [
                        {
                          "Node Type": "Seq Scan",
                          "Parent Relationship": "Outer",
                          "Parallel Aware": true,
                          "Relation Name": "title",
                          "Alias": "t",
                          "Startup Cost": 0.0,
                          "Total Cost": 45479.1,
                          "Plan Rows": 26656,
                          "Plan Width": 4,
                          "Actual Startup Time": 0.026,
                          "Actual Total Time": 102.496,
                          "Actual Rows": 28418,
                          "Actual Loops": 4,
                          "Filter": "((kind_id > 3) AND (production_year = 2011))",
                          "Rows Removed by Filter": 603660
                        }
                      ]
                    }
                  ]
                }
              ]
            }
          ]
        }
      ]
    },
    "Planning Time": 0.495,
    "Triggers": [],
    "Execution Time": 347.838
  }
]