[
  {
    "Plan": {
      "Node Type": "Aggregate",
      "Strategy": "Plain",
      "Partial Mode": "Finalize",
      "Parallel Aware": false,
      "Startup Cost": 44611.9,
      "Total Cost": 44611.91,
      "Plan Rows": 1,
      "Plan Width": 8,
      "Actual Startup Time": 155.863,
      "Actual Total Time": 169.274,
      "Actual Rows": 1,
      "Actual Loops": 1,
      "Plans": [
        {
          "Node Type": "Gather",
          "Parent Relationship": "Outer",
          "Parallel Aware": false,
          "Startup Cost": 44611.58,
          "Total Cost": 44611.89,
          "Plan Rows": 3,
          "Plan Width": 8,
          "Actual Startup Time": 155.636,
          "Actual Total Time": 169.265,
          "Actual Rows": 4,
          "Actual Loops": 1,
          "Workers Planned": 3,
          "Workers Launched": 3,
          "Single Copy": false,
          "Plans": [
            {
              "Node Type": "Aggregate",
              "Strategy": "Plain",
              "Partial Mode": "Partial",
              "Parent Relationship": "Outer",
              "Parallel Aware": false,
              "Startup Cost": 43611.58,
              "Total Cost": 43611.59,
              "Plan Rows": 1,
              "Plan Width": 8,
              "Actual Startup Time": 148.853,
              "Actual Total Time": 148.855,
              "Actual Rows": 1,
              "Actual Loops": 4,
              "Plans": [
                {
                  "Node Type": "Seq Scan",
                  "Parent Relationship": "Outer",
                  "Parallel Aware": true,
                  "Relation Name": "movie_keyword",
                  "Alias": "mk",
                  "Startup Cost": 0.0,
                  "Total Cost": 42695.65,
                  "Plan Rows": 366372,
                  "Plan Width": 0,
                  "Actual Startup Time": 0.055,
                  "Actual Total Time": 130.789,
                  "Actual Rows": 286443,
                  "Actual Loops": 4,
                  "Filter": "(keyword_id < 1308)",
                  "Rows Removed by Filter": 844540
                }
              ]
            }
          ]
        }
      ]
    },
    "Planning Time": 0.182,
    "Triggers": [],
    "Execution Time": 169.331
  }
]