{
  "Plan": {
    "Node Type": "Aggregate",
    "Strategy": "Plain",
    "Partial Mode": "Finalize",
    "Parallel Aware": false,
    "Startup Cost": 1127490.18,
    "Total Cost": 1127490.19,
    "Plan Rows": 1,
    "Plan Width": 8,
    "Actual Startup Time": 15044.442,
    "Actual Total Time": 15242.314,
    "Actual Rows": 1,
    "Actual Loops": 1,
    "Plans": [
      {
        "Node Type": "Gather",
        "Parent Relationship": "Outer",
        "Parallel Aware": false,
        "Startup Cost": 1127490.07,
        "Total Cost": 1127490.18,
        "Plan Rows": 1,
        "Plan Width": 8,
        "Actual Startup Time": 15013.954,
        "Actual Total Time": 15242.305,
        "Actual Rows": 2,
        "Actual Loops": 1,
        "Workers Planned": 1,
        "Workers Launched": 1,
        "Single Copy": false,
        "Plans": [
          {
            "Node Type": "Aggregate",
            "Strategy": "Plain",
            "Partial Mode": "Partial",
            "Parent Relationship": "Outer",
            "Parallel Aware": false,
            "Startup Cost": 1126490.07,
            "Total Cost": 1126490.08,
            "Plan Rows": 1,
            "Plan Width": 8,
            "Actual Startup Time": 14967.503,
            "Actual Total Time": 14967.511,
            "Actual Rows": 1,
            "Actual Loops": 2,
            "Plans": [
              {
                "Node Type": "Hash Join",
                "Parent Relationship": "Outer",
                "Parallel Aware": true,
                "Join Type": "Inner",
                "Startup Cost": 853195.45,
                "Total Cost": 1102720.52,
                "Plan Rows": 9507821,
                "Plan Width": 0,
                "Actual Startup Time": 12870.541,
                "Actual Total Time": 14603.382,
                "Actual Rows": 9441813,
                "Actual Loops": 2,
                "Inner Unique": false,
                "Hash Cond": "(mi.movie_id = t.id)",
                "Plans": [
                  {
                    "Node Type": "Bitmap Heap Scan",
                    "Parent Relationship": "Outer",
                    "Parallel Aware": true,
                    "Relation Name": "movie_info",
                    "Alias": "mi",
                    "Startup Cost": 27808.97,
                    "Total Cost": 201089.01,
                    "Plan Rows": 902963,
                    "Plan Width": 4,
                    "Actual Startup Time": 52.878,
                    "Actual Total Time": 123.641,
                    "Actual Rows": 766954,
                    "Actual Loops": 2,
                    "Recheck Cond": "(info_type_id = 3)",
                    "Rows Removed by Index Recheck": 0,
                    "Exact Heap Blocks": 4873,
                    "Lossy Heap Blocks": 0,
                    "Plans": [
                      {
                        "Node Type": "Bitmap Index Scan",
                        "Parent Relationship": "Outer",
                        "Parallel Aware": false,
                        "Index Name": "info_type_id_movie_info",
                        "Startup Cost": 0.0,
                        "Total Cost": 27425.21,
                        "Plan Rows": 1535037,
                        "Plan Width": 0,
                        "Actual Startup Time": 51.429,
                        "Actual Total Time": 51.43,
                        "Actual Rows": 1533909,
                        "Actual Loops": 1,
                        "Index Cond": "(info_type_id = 3)"
                      }
                    ]
                  },
                  {
                    "Node Type": "Hash",
                    "Parent Relationship": "Inner",
                    "Parallel Aware": true,
                    "Startup Cost": 629637.49,
                    "Total Cost": 629637.49,
                    "Plan Rows": 15659919,
                    "Plan Width": 8,
                    "Actual Startup Time": 12720.335,
                    "Actual Total Time": 12720.34,
                    "Actual Rows": 13363842,
                    "Actual Loops": 2,
                    "Hash Buckets": 33554432,
                    "Original Hash Buckets": 33554432,
                    "Hash Batches": 1,
                    "Original Hash Batches": 1,
                    "Peak Memory Usage": 1307744,
                    "Plans": [
                      {
                        "Node Type": "Hash Join",
                        "Parent Relationship": "Outer",
                        "Parallel Aware": true,
                        "Join Type": "Inner",
                        "Startup Cost": 69460.7,
                        "Total Cost": 629637.49,
                        "Plan Rows": 15659919,
                        "Plan Width": 8,
                        "Actual Startup Time": 558.87,
                        "Actual Total Time": 8301.377,
                        "Actual Rows": 13363842,
                        "Actual Loops": 2,
                        "Inner Unique": true,
                        "Hash Cond": "(ci.movie_id = t.id)",
                        "Plans": [
                          {
                            "Node Type": "Seq Scan",
                            "Parent Relationship": "Outer",
                            "Parallel Aware": true,
                            "Relation Name": "cast_info",
                            "Alias": "ci",
                            "Startup Cost": 0.0,
                            "Total Cost": 519069.44,
                            "Plan Rows": 15659919,
                            "Plan Width": 4,
                            "Actual Startup Time": 0.018,
                            "Actual Total Time": 1750.743,
                            "Actual Rows": 13363842,
                            "Actual Loops": 2,
                            "Filter": "(person_id < 2754104)",
                            "Rows Removed by Filter": 4758330
                          },
                          {
                            "Node Type": "Hash",
                            "Parent Relationship": "Inner",
                            "Parallel Aware": true,
                            "Startup Cost": 50870.31,
                            "Total Cost": 50870.31,
                            "Plan Rows": 1487231,
                            "Plan Width": 4,
                            "Actual Startup Time": 548.398,
                            "Actual Total Time": 548.399,
                            "Actual Rows": 1264156,
                            "Actual Loops": 2,
                            "Hash Buckets": 4194304,
                            "Original Hash Buckets": 4194304,
                            "Hash Batches": 1,
                            "Original Hash Batches": 1,
                            "Peak Memory Usage": 131712,
                            "Plans": [
                              {
                                "Node Type": "Seq Scan",
                                "Parent Relationship": "Outer",
                                "Parallel Aware": true,
                                "Relation Name": "title",
                                "Alias": "t",
                                "Startup Cost": 0.0,
                                "Total Cost": 50870.31,
                                "Plan Rows": 1487231,
                                "Plan Width": 4,
                                "Actual Startup Time": 0.04,
                                "Actual Total Time": 181.564,
                                "Actual Rows": 1264156,
                                "Actual Loops": 2
                              }
                            ]
                          }
                        ]
                      }
                    ]
                  }
                ]
              }
            ]
          }
        ]
      }
    ]
  },
  "Planning Time": 0.911,
  "Triggers": [],
  "Execution Time": 15242.432
}