[
  {
    "Plan": {
      "Node Type": "Aggregate",
      "Strategy": "Plain",
      "Partial Mode": "Finalize",
      "Parallel Aware": false,
      "Startup Cost": 32926.13,
      "Total Cost": 32926.14,
      "Plan Rows": 1,
      "Plan Width": 8,
      "Actual Startup Time": 84.337,
      "Actual Total Time": 92.47,
      "Actual Rows": 1,
      "Actual Loops": 1,
      "Plans": [
        {
          "Node Type": "Gather",
          "Parent Relationship": "Outer",
          "Parallel Aware": false,
          "Startup Cost": 32925.81,
          "Total Cost": 32926.12,
          "Plan Rows": 3,
          "Plan Width": 8,
          "Actual Startup Time": 84.189,
          "Actual Total Time": 92.462,
          "Actual Rows": 4,
          "Actual Loops": 1,
          "Workers Planned": 3,
          "Workers Launched": 3,
          "Single Copy": false,
          "Plans": [
            {
              "Node Type": "Aggregate",
              "Strategy": "Plain",
              "Partial Mode": "Partial",
              "Parent Relationship": "Outer",
              "Parallel Aware": false,
              "Startup Cost": 31925.81,
              "Total Cost": 31925.82,
              "Plan Rows": 1,
              "Plan Width": 8,
              "Actual Startup Time": 78.959,
              "Actual Total Time": 78.96,
              "Actual Rows": 1,
              "Actual Loops": 4,
              "Plans": [
                {
                  "Node Type": "Seq Scan",
                  "Parent Relationship": "Outer",
                  "Parallel Aware": true,
                  "Relation Name": "movie_companies",
                  "Alias": "mc",
                  "Startup Cost": 0.0,
                  "Total Cost": 31414.82,
                  "Plan Rows": 204397,
                  "Plan Width": 0,
                  "Actual Startup Time": 44.701,
                  "Actual Total Time": 74.693,
                  "Actual Rows": 102218,
                  "Actual Loops": 4,
                  "Filter": "((company_id < 11156) AND (company_type_id > 1))",
                  "Rows Removed by Filter": 550065
                }
              ]
            }
          ]
        }
      ]
    },
    "Planning Time": 0.217,
    "Triggers": [],
    "Execution Time": 92.535
  }
]