[
  {
    "Plan": {
      "Node Type": "Aggregate",
      "Strategy": "Plain",
      "Partial Mode": "Finalize",
      "Parallel Aware": false,
      "Startup Cost": 34596.64,
      "Total Cost": 34596.65,
      "Plan Rows": 1,
      "Plan Width": 8,
      "Actual Startup Time": 118.323,
      "Actual Total Time": 128.731,
      "Actual Rows": 1,
      "Actual Loops": 1,
      "Plans": [
        {
          "Node Type": "Gather",
          "Parent Relationship": "Outer",
          "Parallel Aware": false,
          "Startup Cost": 34596.33,
          "Total Cost": 34596.64,
          "Plan Rows": 3,
          "Plan Width": 8,
          "Actual Startup Time": 118.009,
          "Actual Total Time": 128.722,
          "Actual Rows": 4,
          "Actual Loops": 1,
          "Workers Planned": 3,
          "Workers Launched": 3,
          "Single Copy": false,
          "Plans": [
            {
              "Node Type": "Aggregate",
              "Strategy": "Plain",
              "Partial Mode": "Partial",
              "Parent Relationship": "Outer",
              "Parallel Aware": false,
              "Startup Cost": 33596.33,
              "Total Cost": 33596.34,
              "Plan Rows": 1,
              "Plan Width": 8,
              "Actual Startup Time": 109.33,
              "Actual Total Time": 109.331,
              "Actual Rows": 1,
              "Actual Loops": 4,
              "Plans": [
                {
                  "Node Type": "Bitmap Heap Scan",
                  "Parent Relationship": "Outer",
                  "Parallel Aware": true,
                  "Relation Name": "movie_keyword",
                  "Alias": "mk",
                  "Startup Cost": 7444.23,
                  "Total Cost": 33313.31,
                  "Plan Rows": 113207,
                  "Plan Width": 0,
                  "Actual Startup Time": 38.719,
                  "Actual Total Time": 103.666,
                  "Actual Rows": 85297,
                  "Actual Loops": 4,
                  "Recheck Cond": "(keyword_id > 48648)",
                  "Rows Removed by Index Recheck": 0,
                  "Exact Heap Blocks": 11966,
                  "Lossy Heap Blocks": 0,
                  "Plans": [
                    {
                      "Node Type": "Bitmap Index Scan",
                      "Parent Relationship": "Outer",
                      "Parallel Aware": false,
                      "Index Name": "keyword_id_movie_keyword",
                      "Startup Cost": 0.0,
                      "Total Cost": 7356.49,
                      "Plan Rows": 350941,
                      "Plan Width": 0,
                      "Actual Startup Time": 42.571,
                      "Actual Total Time": 42.572,
                      "Actual Rows": 341188,
                      "Actual Loops": 1,
                      "Index Cond": "(keyword_id > 48648)"
                    }
                  ]
                }
              ]
            }
          ]
        }
      ]
    },
    "Planning Time": 0.181,
    "Triggers": [],
    "Execution Time": 128.806
  }
]