[
  {
    "Plan": {
      "Node Type": "Aggregate",
      "Strategy": "Plain",
      "Partial Mode": "Finalize",
      "Parallel Aware": false,
      "Startup Cost": 25580.5,
      "Total Cost": 25580.51,
      "Plan Rows": 1,
      "Plan Width": 8,
      "Actual Startup Time": 198.828,
      "Actual Total Time": 243.4,
      "Actual Rows": 1,
      "Actual Loops": 1,
      "Plans": [
        {
          "Node Type": "Gather",
          "Parent Relationship": "Outer",
          "Parallel Aware": false,
          "Startup Cost": 25580.28,
          "Total Cost": 25580.49,
          "Plan Rows": 2,
          "Plan Width": 8,
          "Actual Startup Time": 198.694,
          "Actual Total Time": 243.39,
          "Actual Rows": 3,
          "Actual Loops": 1,
          "Workers Planned": 2,
          "Workers Launched": 2,
          "Single Copy": false,
          "Plans": [
            {
              "Node Type": "Aggregate",
              "Strategy": "Plain",
              "Partial Mode": "Partial",
              "Parent Relationship": "Outer",
              "Parallel Aware": false,
              "Startup Cost": 24580.28,
              "Total Cost": 24580.29,
              "Plan Rows": 1,
              "Plan Width": 8,
              "Actual Startup Time": 195.063,
              "Actual Total Time": 195.065,
              "Actual Rows": 1,
              "Actual Loops": 3,
              "Plans": [
                {
                  "Node Type": "Nested Loop",
                  "Parent Relationship": "Outer",
                  "Parallel Aware": false,
                  "Join Type": "Inner",
                  "Startup Cost": 87.82,
                  "Total Cost": 24575.54,
                  "Plan Rows": 1895,
                  "Plan Width": 0,
                  "Actual Startup Time": 1.822,
                  "Actual Total Time": 194.076,
                  "Actual Rows": 13770,
                  "Actual Loops": 3,
                  "Inner Unique": false,
                  "Plans": [
                    {
                      "Node Type": "Nested Loop",
                      "Parent Relationship": "Outer",
                      "Parallel Aware": false,
                      "Join Type": "Inner",
                      "Startup Cost": 87.25,
                      "Total Cost": 22733.59,
                      "Plan Rows": 638,
                      "Plan Width": 8,
                      "Actual Startup Time": 0.95,
                      "Actual Total Time": 15.744,
                      "Actual Rows": 1336,
                      "Actual Loops": 3,
                      "Inner Unique": true,
                      "Plans": [
                        {
                          "Node Type": "Bitmap Heap Scan",
                          "Parent Relationship": "Outer",
                          "Parallel Aware": true,
                          "Relation Name": "movie_keyword",
                          "Alias": "mk",
                          "Startup Cost": 86.82,
                          "Total Cost": 10431.52,
                          "Plan Rows": 1634,
                          "Plan Width": 4,
                          "Actual Startup Time": 0.856,
                          "Actual Total Time": 5.691,
                          "Actual Rows": 1395,
                          "Actual Loops": 3,
                          "Recheck Cond": "(keyword_id = 230)",
                          "Rows Removed by Index Recheck": 0,
                          "Exact Heap Blocks": 2408,
                          "Lossy Heap Blocks": 0,
                          "Plans": [
                            {
                              "Node Type": "Bitmap Index Scan",
                              "Parent Relationship": "Outer",
                              "Parallel Aware": false,
                              "Index Name": "keyword_id_movie_keyword",
                              "Startup Cost": 0.0,
                              "Total Cost": 85.84,
                              "Plan Rows": 3921,
                              "Plan Width": 0,
                              "Actual Startup Time": 1.529,
                              "Actual Total Time": 1.529,
                              "Actual Rows": 4185,
                              "Actual Loops": 1,
                              "Index Cond": "(keyword_id = 230)"
                            }
                          ]
                        },
                        {
                          "Node Type": "Index Scan",
                          "Parent Relationship": "Inner",
                          "Parallel Aware": false,
                          "Scan Direction": "Forward",
                          "Index Name": "title_pkey",
                          "Relation Name": "title",
                          "Alias": "t",
                          "Startup Cost": 0.43,
                          "Total Cost": 7.53,
                          "Plan Rows": 1,
                          "Plan Width": 4,
                          "Actual Startup Time": 0.007,
                          "Actual Total Time": 0.007,
                          "Actual Rows": 1,
                          "Actual Loops": 4185,
                          "Index Cond": "(id = mk.movie_id)",
                          "Rows Removed by Index Recheck": 0,
                          "Filter": "(kind_id < 7)",
                          "Rows Removed by Filter": 0
                        }
                      ]
                    },
                    {
                      "Node Type": "Index Scan",
                      "Parent Relationship": "Inner",
                      "Parallel Aware": false,
                      "Scan Direction": "Forward",
                      "Index Name": "movie_id_cast_info",
                      "Relation Name": "cast_info",
                      "Alias": "ci",
                      "Startup Cost": 0.56,
                      "Total Cost": 2.82,
                      "Plan Rows": 7,
                      "Plan Width": 4,
                      "Actual Startup Time": 0.055,
                      "Actual Total Time": 0.132,
                      "Actual Rows": 10,
                      "Actual Loops": 4009,
                      "Index Cond": "(movie_id = t.id)",
                      "Rows Removed by Index Recheck": 0,
                      "Filter": "(role_id = 2)",
                      "Rows Removed by Filter": 49
                    }
                  ]
                }
              ]
            }
          ]
        }
      ]
    },
    "Planning Time": 0.521,
    "Triggers": [],
    "Execution Time": 243.47
  }
]