[
    {
        "Bao": {
            "Bao prediction": 454.48,
            "Bao recommended hint": "(no hint)"
        }
    },
    {
        "Plan": {
            "Node Type": "Aggregate",
            "Strategy": "Plain",
            "Partial Mode": "Finalize",
            "Parallel Aware": false,
            "Startup Cost": 330648.42,
            "Total Cost": 330648.43,
            "Plan Rows": 1,
            "Plan Width": 8,
            "Actual Startup Time": 574.91,
            "Actual Total Time": 606.753,
            "Actual Rows": 1,
            "Actual Loops": 1,
            "Output": [
                "count(*)"
            ],
            "Plans": [
                {
                    "Node Type": "Gather",
                    "Parent Relationship": "Outer",
                    "Parallel Aware": false,
                    "Startup Cost": 330647.8,
                    "Total Cost": 330648.41,
                    "Plan Rows": 6,
                    "Plan Width": 8,
                    "Actual Startup Time": 574.773,
                    "Actual Total Time": 606.746,
                    "Actual Rows": 7,
                    "Actual Loops": 1,
                    "Output": [
                        "(PARTIAL count(*))"
                    ],
                    "Workers Planned": 6,
                    "Workers Launched": 6,
                    "Single Copy": false,
                    "Plans": [
                        {
                            "Node Type": "Aggregate",
                            "Strategy": "Plain",
                            "Partial Mode": "Partial",
                            "Parent Relationship": "Outer",
                            "Parallel Aware": false,
                            "Startup Cost": 329647.8,
                            "Total Cost": 329647.81,
                            "Plan Rows": 1,
                            "Plan Width": 8,
                            "Actual Startup Time": 565.437,
                            "Actual Total Time": 565.438,
                            "Actual Rows": 1,
                            "Actual Loops": 7,
                            "Output": [
                                "PARTIAL count(*)"
                            ],
                            "Workers": [
                                {
                                    "Worker Number": 0,
                                    "Actual Startup Time": 563.549,
                                    "Actual Total Time": 563.551,
                                    "Actual Rows": 1,
                                    "Actual Loops": 1
                                },
                                {
                                    "Worker Number": 1,
                                    "Actual Startup Time": 563.717,
                                    "Actual Total Time": 563.717,
                                    "Actual Rows": 1,
                                    "Actual Loops": 1
                                },
                                {
                                    "Worker Number": 2,
                                    "Actual Startup Time": 563.715,
                                    "Actual Total Time": 563.716,
                                    "Actual Rows": 1,
                                    "Actual Loops": 1
                                },
                                {
                                    "Worker Number": 3,
                                    "Actual Startup Time": 564.038,
                                    "Actual Total Time": 564.039,
                                    "Actual Rows": 1,
                                    "Actual Loops": 1
                                },
                                {
                                    "Worker Number": 4,
                                    "Actual Startup Time": 564.051,
                                    "Actual Total Time": 564.052,
                                    "Actual Rows": 1,
                                    "Actual Loops": 1
                                },
                                {
                                    "Worker Number": 5,
                                    "Actual Startup Time": 565.009,
                                    "Actual Total Time": 565.01,
                                    "Actual Rows": 1,
                                    "Actual Loops": 1
                                }
                            ],
                            "Plans": [
                                {
                                    "Node Type": "Seq Scan",
                                    "Parent Relationship": "Outer",
                                    "Parallel Aware": true,
                                    "Relation Name": "cast_info",
                                    "Schema": "public",
                                    "Alias": "ci",
                                    "Startup Cost": 0.0,
                                    "Total Cost": 328213.62,
                                    "Plan Rows": 573673,
                                    "Plan Width": 0,
                                    "Actual Startup Time": 419.936,
                                    "Actual Total Time": 541.149,
                                    "Actual Rows": 497236,
                                    "Actual Loops": 7,
                                    "Output": [
                                        "id",
                                        "person_id",
                                        "movie_id",
                                        "person_role_id",
                                        "note",
                                        "nr_order",
                                        "role_id"
                                    ],
                                    "Filter": "(ci.person_id > 3426810)",
                                    "Rows Removed by Filter": 4680528,
                                    "Workers": [
                                        {
                                            "Worker Number": 0,
                                            "Actual Startup Time": 418.053,
                                            "Actual Total Time": 539.68,
                                            "Actual Rows": 355768,
                                            "Actual Loops": 1
                                        },
                                        {
                                            "Worker Number": 1,
                                            "Actual Startup Time": 418.212,
                                            "Actual Total Time": 539.367,
                                            "Actual Rows": 361450,
                                            "Actual Loops": 1
                                        },
                                        {
                                            "Worker Number": 2,
                                            "Actual Startup Time": 418.213,
                                            "Actual Total Time": 539.279,
                                            "Actual Rows": 363893,
                                            "Actual Loops": 1
                                        },
                                        {
                                            "Worker Number": 3,
                                            "Actual Startup Time": 418.544,
                                            "Actual Total Time": 541.33,
                                            "Actual Rows": 550460,
                                            "Actual Loops": 1
                                        },
                                        {
                                            "Worker Number": 4,
                                            "Actual Startup Time": 418.546,
                                            "Actual Total Time": 541.436,
                                            "Actual Rows": 548492,
                                            "Actual Loops": 1
                                        },
                                        {
                                            "Worker Number": 5,
                                            "Actual Startup Time": 419.502,
                                            "Actual Total Time": 541.507,
                                            "Actual Rows": 554968,
                                            "Actual Loops": 1
                                        }
                                    ]
                                }
                            ]
                        }
                    ]
                }
            ]
        },
        "Planning Time": 661.285,
        "Triggers": [],
        "Execution Time": 606.846
    }
]