[
  {
    "Plan": {
      "Node Type": "Aggregate",
      "Strategy": "Plain",
      "Partial Mode": "Finalize",
      "Parallel Aware": false,
      "Startup Cost": 47183.59,
      "Total Cost": 47183.6,
      "Plan Rows": 1,
      "Plan Width": 8,
      "Actual Startup Time": 147.518,
      "Actual Total Time": 155.003,
      "Actual Rows": 1,
      "Actual Loops": 1,
      "Plans": [
        {
          "Node Type": "Gather",
          "Parent Relationship": "Outer",
          "Parallel Aware": false,
          "Startup Cost": 47183.27,
          "Total Cost": 47183.58,
          "Plan Rows": 3,
          "Plan Width": 8,
          "Actual Startup Time": 147.383,
          "Actual Total Time": 154.995,
          "Actual Rows": 4,
          "Actual Loops": 1,
          "Workers Planned": 3,
          "Workers Launched": 3,
          "Single Copy": false,
          "Plans": [
            {
              "Node Type": "Aggregate",
              "Strategy": "Plain",
              "Partial Mode": "Partial",
              "Parent Relationship": "Outer",
              "Parallel Aware": false,
              "Startup Cost": 46183.27,
              "Total Cost": 46183.28,
              "Plan Rows": 1,
              "Plan Width": 8,
              "Actual Startup Time": 144.663,
              "Actual Total Time": 144.664,
              "Actual Rows": 1,
              "Actual Loops": 4,
              "Plans": [
                {
                  "Node Type": "Seq Scan",
                  "Parent Relationship": "Outer",
                  "Parallel Aware": true,
                  "Relation Name": "movie_keyword",
                  "Alias": "mk",
                  "Startup Cost": 0.0,
                  "Total Cost": 42695.65,
                  "Plan Rows": 1395048,
                  "Plan Width": 0,
                  "Actual Startup Time": 0.02,
                  "Actual Total Time": 102.379,
                  "Actual Rows": 1080404,
                  "Actual Loops": 4,
                  "Filter": "(keyword_id < 68097)",
                  "Rows Removed by Filter": 50578
                }
              ]
            }
          ]
        }
      ]
    },
    "Planning Time": 0.082,
    "Triggers": [],
    "Execution Time": 155.032
  }
]