[
  {
    "Plan": {
      "Node Type": "Aggregate",
      "Strategy": "Plain",
      "Partial Mode": "Finalize",
      "Parallel Aware": false,
      "Startup Cost": 347184.6,
      "Total Cost": 347184.61,
      "Plan Rows": 1,
      "Plan Width": 8,
      "Actual Startup Time": 708.466,
      "Actual Total Time": 764.396,
      "Actual Rows": 1,
      "Actual Loops": 1,
      "Plans": [
        {
          "Node Type": "Gather",
          "Parent Relationship": "Outer",
          "Parallel Aware": false,
          "Startup Cost": 347183.98,
          "Total Cost": 347184.59,
          "Plan Rows": 6,
          "Plan Width": 8,
          "Actual Startup Time": 708.315,
          "Actual Total Time": 764.387,
          "Actual Rows": 7,
          "Actual Loops": 1,
          "Workers Planned": 6,
          "Workers Launched": 6,
          "Single Copy": false,
          "Plans": [
            {
              "Node Type": "Aggregate",
              "Strategy": "Plain",
              "Partial Mode": "Partial",
              "Parent Relationship": "Outer",
              "Parallel Aware": false,
              "Startup Cost": 346183.98,
              "Total Cost": 346183.99,
              "Plan Rows": 1,
              "Plan Width": 8,
              "Actual Startup Time": 697.942,
              "Actual Total Time": 697.943,
              "Actual Rows": 1,
              "Actual Loops": 7,
              "Plans": [
                {
                  "Node Type": "Seq Scan",
                  "Parent Relationship": "Outer",
                  "Parallel Aware": true,
                  "Relation Name": "cast_info",
                  "Alias": "ci",
                  "Startup Cost": 0.0,
                  "Total Cost": 343257.03,
                  "Plan Rows": 1170780,
                  "Plan Width": 0,
                  "Actual Startup Time": 331.646,
                  "Actual Total Time": 633.438,
                  "Actual Rows": 1545615,
                  "Actual Loops": 7,
                  "Filter": "((person_id > 2087819) AND (role_id > 2))",
                  "Rows Removed by Filter": 3632149
                }
              ]
            }
          ]
        }
      ]
    },
    "Planning Time": 0.2,
    "Triggers": [],
    "Execution Time": 764.463
  }
]