[
  {
    "Plan": {
      "Node Type": "Aggregate",
      "Strategy": "Plain",
      "Partial Mode": "Finalize",
      "Parallel Aware": false,
      "Startup Cost": 75099.78,
      "Total Cost": 75099.79,
      "Plan Rows": 1,
      "Plan Width": 8,
      "Actual Startup Time": 105.491,
      "Actual Total Time": 119.884,
      "Actual Rows": 1,
      "Actual Loops": 1,
      "Plans": [
        {
          "Node Type": "Gather",
          "Parent Relationship": "Outer",
          "Parallel Aware": false,
          "Startup Cost": 75099.36,
          "Total Cost": 75099.77,
          "Plan Rows": 4,
          "Plan Width": 8,
          "Actual Startup Time": 105.373,
          "Actual Total Time": 119.877,
          "Actual Rows": 5,
          "Actual Loops": 1,
          "Workers Planned": 4,
          "Workers Launched": 4,
          "Single Copy": false,
          "Plans": [
            {
              "Node Type": "Aggregate",
              "Strategy": "Plain",
              "Partial Mode": "Partial",
              "Parent Relationship": "Outer",
              "Parallel Aware": false,
              "Startup Cost": 74099.36,
              "Total Cost": 74099.37,
              "Plan Rows": 1,
              "Plan Width": 8,
              "Actual Startup Time": 97.373,
              "Actual Total Time": 97.374,
              "Actual Rows": 1,
              "Actual Loops": 5,
              "Plans": [
                {
                  "Node Type": "Nested Loop",
                  "Parent Relationship": "Outer",
                  "Parallel Aware": false,
                  "Join Type": "Inner",
                  "Startup Cost": 0.43,
                  "Total Cost": 74087.0,
                  "Plan Rows": 4945,
                  "Plan Width": 0,
                  "Actual Startup Time": 0.879,
                  "Actual Total Time": 97.108,
                  "Actual Rows": 4474,
                  "Actual Loops": 5,
                  "Inner Unique": false,
                  "Plans": [
                    {
                      "Node Type": "Seq Scan",
                      "Parent Relationship": "Outer",
                      "Parallel Aware": true,
                      "Relation Name": "title",
                      "Alias": "t",
                      "Startup Cost": 0.0,
                      "Total Cost": 43898.92,
                      "Plan Rows": 3982,
                      "Plan Width": 4,
                      "Actual Startup Time": 0.112,
                      "Actual Total Time": 75.578,
                      "Actual Rows": 2808,
                      "Actual Loops": 5,
                      "Filter": "(production_year = 1977)",
                      "Rows Removed by Filter": 502855
                    },
                    {
                      "Node Type": "Index Scan",
                      "Parent Relationship": "Inner",
                      "Parallel Aware": false,
                      "Scan Direction": "Forward",
                      "Index Name": "movie_id_movie_keyword",
                      "Relation Name": "movie_keyword",
                      "Alias": "mk",
                      "Startup Cost": 0.43,
                      "Total Cost": 7.26,
                      "Plan Rows": 32,
                      "Plan Width": 4,
                      "Actual Startup Time": 0.007,
                      "Actual Total Time": 0.007,
                      "Actual Rows": 2,
                      "Actual Loops": 14038,
                      "Index Cond": "(movie_id = t.id)",
                      "Rows Removed by Index Recheck": 0,
                      "Filter": "(keyword_id > 1876)",
                      "Rows Removed by Filter": 1
                    }
                  ]
                }
              ]
            }
          ]
        }
      ]
    },
    "Planning Time": 0.521,
    "Triggers": [],
    "Execution Time": 119.948
  }
]