{
  "Plan": {
    "Node Type": "Aggregate",
    "Strategy": "Plain",
    "Partial Mode": "Finalize",
    "Parallel Aware": false,
    "Startup Cost": 153924.61,
    "Total Cost": 153924.62,
    "Plan Rows": 1,
    "Plan Width": 8,
    "Actual Startup Time": 531.821,
    "Actual Total Time": 548.918,
    "Actual Rows": 1,
    "Actual Loops": 1,
    "Plans": [
      {
        "Node Type": "Gather",
        "Parent Relationship": "Outer",
        "Parallel Aware": false,
        "Startup Cost": 153924.5,
        "Total Cost": 153924.61,
        "Plan Rows": 1,
        "Plan Width": 8,
        "Actual Startup Time": 528.926,
        "Actual Total Time": 548.911,
        "Actual Rows": 2,
        "Actual Loops": 1,
        "Workers Planned": 1,
        "Workers Launched": 1,
        "Single Copy": false,
        "Plans": [
          {
            "Node Type": "Aggregate",
            "Strategy": "Plain",
            "Partial Mode": "Partial",
            "Parent Relationship": "Outer",
            "Parallel Aware": false,
            "Startup Cost": 152924.5,
            "Total Cost": 152924.51,
            "Plan Rows": 1,
            "Plan Width": 8,
            "Actual Startup Time": 522.387,
            "Actual Total Time": 522.393,
            "Actual Rows": 1,
            "Actual Loops": 2,
            "Plans": [
              {
                "Node Type": "Nested Loop",
                "Parent Relationship": "Outer",
                "Parallel Aware": false,
                "Join Type": "Inner",
                "Startup Cost": 73872.65,
                "Total Cost": 152801.57,
                "Plan Rows": 49174,
                "Plan Width": 0,
                "Actual Startup Time": 382.409,
                "Actual Total Time": 521.169,
                "Actual Rows": 24915,
                "Actual Loops": 2,
                "Inner Unique": false,
                "Plans": [
                  {
                    "Node Type": "Hash Join",
                    "Parent Relationship": "Outer",
                    "Parallel Aware": true,
                    "Join Type": "Inner",
                    "Startup Cost": 73872.22,
                    "Total Cost": 101762.16,
                    "Plan Rows": 90088,
                    "Plan Width": 8,
                    "Actual Startup Time": 382.199,
                    "Actual Total Time": 484.144,
                    "Actual Rows": 12508,
                    "Actual Loops": 2,
                    "Inner Unique": true,
                    "Hash Cond": "(mk.movie_id = t.id)",
                    "Plans": [
                      {
                        "Node Type": "Bitmap Heap Scan",
                        "Parent Relationship": "Outer",
                        "Parallel Aware": true,
                        "Relation Name": "movie_keyword",
                        "Alias": "mk",
                        "Startup Cost": 8193.39,
                        "Total Cost": 35487.01,
                        "Plan Rows": 227169,
                        "Plan Width": 4,
                        "Actual Startup Time": 23.757,
                        "Actual Total Time": 89.125,
                        "Actual Rows": 186630,
                        "Actual Loops": 2,
                        "Recheck Cond": "(keyword_id > 45407)",
                        "Rows Removed by Index Recheck": 0,
                        "Exact Heap Blocks": 12501,
                        "Lossy Heap Blocks": 0,
                        "Plans": [
                          {
                            "Node Type": "Bitmap Index Scan",
                            "Parent Relationship": "Outer",
                            "Parallel Aware": false,
                            "Index Name": "keyword_id_movie_keyword",
                            "Startup Cost": 0.0,
                            "Total Cost": 8096.84,
                            "Plan Rows": 386188,
                            "Plan Width": 0,
                            "Actual Startup Time": 20.393,
                            "Actual Total Time": 20.394,
                            "Actual Rows": 373259,
                            "Actual Loops": 1,
                            "Index Cond": "(keyword_id > 45407)"
                          }
                        ]
                      },
                      {
                        "Node Type": "Hash",
                        "Parent Relationship": "Inner",
                        "Parallel Aware": true,
                        "Startup Cost": 58306.47,
                        "Total Cost": 58306.47,
                        "Plan Rows": 589789,
                        "Plan Width": 4,
                        "Actual Startup Time": 351.791,
                        "Actual Total Time": 351.792,
                        "Actual Rows": 549548,
                        "Actual Loops": 2,
                        "Hash Buckets": 2097152,
                        "Original Hash Buckets": 1048576,
                        "Hash Batches": 1,
                        "Original Hash Batches": 1,
                        "Peak Memory Usage": 67584,
                        "Plans": [
                          {
                            "Node Type": "Seq Scan",
                            "Parent Relationship": "Outer",
                            "Parallel Aware": true,
                            "Relation Name": "title",
                            "Alias": "t",
                            "Startup Cost": 0.0,
                            "Total Cost": 58306.47,
                            "Plan Rows": 589789,
                            "Plan Width": 4,
                            "Actual Startup Time": 0.05,
                            "Actual Total Time": 168.123,
                            "Actual Rows": 549548,
                            "Actual Loops": 2,
                            "Filter": "((production_year > 1994) AND (kind_id = 7))",
                            "Rows Removed by Filter": 714608
                          }
                        ]
                      }
                    ]
                  },
                  {
                    "Node Type": "Index Only Scan",
                    "Parent Relationship": "Inner",
                    "Parallel Aware": false,
                    "Scan Direction": "Forward",
                    "Index Name": "movie_id_movie_info_idx",
                    "Relation Name": "movie_info_idx",
                    "Alias": "mi_idx",
                    "Startup Cost": 0.43,
                    "Total Cost": 0.54,
                    "Plan Rows": 3,
                    "Plan Width": 4,
                    "Actual Startup Time": 0.002,
                    "Actual Total Time": 0.003,
                    "Actual Rows": 2,
                    "Actual Loops": 25016,
                    "Index Cond": "(movie_id = t.id)",
                    "Rows Removed by Index Recheck": 0,
                    "Heap Fetches": 49830
                  }
                ]
              }
            ]
          }
        ]
      }
    ]
  },
  "Planning Time": 0.534,
  "Triggers": [],
  "Execution Time": 548.988
}