[
  {
    "Plan": {
      "Node Type": "Aggregate",
      "Strategy": "Plain",
      "Partial Mode": "Finalize",
      "Parallel Aware": false,
      "Startup Cost": 112753.29,
      "Total Cost": 112753.3,
      "Plan Rows": 1,
      "Plan Width": 8,
      "Actual Startup Time": 179.248,
      "Actual Total Time": 189.368,
      "Actual Rows": 1,
      "Actual Loops": 1,
      "Plans": [
        {
          "Node Type": "Gather",
          "Parent Relationship": "Outer",
          "Parallel Aware": false,
          "Startup Cost": 112752.77,
          "Total Cost": 112753.28,
          "Plan Rows": 5,
          "Plan Width": 8,
          "Actual Startup Time": 179.152,
          "Actual Total Time": 189.36,
          "Actual Rows": 6,
          "Actual Loops": 1,
          "Workers Planned": 5,
          "Workers Launched": 5,
          "Single Copy": false,
          "Plans": [
            {
              "Node Type": "Aggregate",
              "Strategy": "Plain",
              "Partial Mode": "Partial",
              "Parent Relationship": "Outer",
              "Parallel Aware": false,
              "Startup Cost": 111752.77,
              "Total Cost": 111752.78,
              "Plan Rows": 1,
              "Plan Width": 8,
              "Actual Startup Time": 170.21,
              "Actual Total Time": 170.212,
              "Actual Rows": 1,
              "Actual Loops": 6,
              "Plans": [
                {
                  "Node Type": "Index Scan",
                  "Parent Relationship": "Outer",
                  "Parallel Aware": true,
                  "Scan Direction": "Forward",
                  "Index Name": "role_id_cast_info",
                  "Relation Name": "cast_info",
                  "Alias": "ci",
                  "Startup Cost": 0.56,
                  "Total Cost": 110428.26,
                  "Plan Rows": 529806,
                  "Plan Width": 0,
                  "Actual Startup Time": 0.153,
                  "Actual Total Time": 145.376,
                  "Actual Rows": 509721,
                  "Actual Loops": 6,
                  "Index Cond": "(role_id = 3)",
                  "Rows Removed by Index Recheck": 0,
                  "Filter": "(person_id > 1232211)",
                  "Rows Removed by Filter": 158285
                }
              ]
            }
          ]
        }
      ]
    },
    "Planning Time": 0.189,
    "Triggers": [],
    "Execution Time": 189.422
  }
]