[
  {
    "Plan": {
      "Node Type": "Aggregate",
      "Strategy": "Plain",
      "Partial Mode": "Finalize",
      "Parallel Aware": false,
      "Startup Cost": 455311.25,
      "Total Cost": 455311.26,
      "Plan Rows": 1,
      "Plan Width": 8,
      "Actual Startup Time": 2545.717,
      "Actual Total Time": 2609.126,
      "Actual Rows": 1,
      "Actual Loops": 1,
      "Plans": [
        {
          "Node Type": "Gather",
          "Parent Relationship": "Outer",
          "Parallel Aware": false,
          "Startup Cost": 455310.62,
          "Total Cost": 455311.23,
          "Plan Rows": 6,
          "Plan Width": 8,
          "Actual Startup Time": 2515.19,
          "Actual Total Time": 2609.113,
          "Actual Rows": 7,
          "Actual Loops": 1,
          "Workers Planned": 6,
          "Workers Launched": 6,
          "Single Copy": false,
          "Plans": [
            {
              "Node Type": "Aggregate",
              "Strategy": "Plain",
              "Partial Mode": "Partial",
              "Parent Relationship": "Outer",
              "Parallel Aware": false,
              "Startup Cost": 454310.62,
              "Total Cost": 454310.63,
              "Plan Rows": 1,
              "Plan Width": 8,
              "Actual Startup Time": 2500.147,
              "Actual Total Time": 2500.707,
              "Actual Rows": 1,
              "Actual Loops": 7,
              "Plans": [
                {
                  "Node Type": "Hash Join",
                  "Parent Relationship": "Outer",
                  "Parallel Aware": true,
                  "Join Type": "Inner",
                  "Startup Cost": 102609.59,
                  "Total Cost": 448704.78,
                  "Plan Rows": 2242336,
                  "Plan Width": 0,
                  "Actual Startup Time": 705.402,
                  "Actual Total Time": 2222.737,
                  "Actual Rows": 6252139,
                  "Actual Loops": 7,
                  "Inner Unique": false,
                  "Hash Cond": "(ci.movie_id = t.id)",
                  "Plans": [
                    {
                      "Node Type": "Seq Scan",
                      "Parent Relationship": "Outer",
                      "Parallel Aware": true,
                      "Relation Name": "cast_info",
                      "Alias": "ci",
                      "Startup Cost": 0.0,
                      "Total Cost": 328162.03,
                      "Plan Rows": 2853287,
                      "Plan Width": 4,
                      "Actual Startup Time": 199.113,
                      "Actual Total Time": 593.622,
                      "Actual Rows": 2435879,
                      "Actual Loops": 7,
                      "Filter": "(person_id > 1917750)",
                      "Rows Removed by Filter": 2741885
                    },
                    {
                      "Node Type": "Hash",
                      "Parent Relationship": "Inner",
                      "Parallel Aware": true,
                      "Startup Cost": 94597.78,
                      "Total Cost": 94597.78,
                      "Plan Rows": 640945,
                      "Plan Width": 8,
                      "Actual Startup Time": 501.481,
                      "Actual Total Time": 502.038,
                      "Actual Rows": 283867,
                      "Actual Loops": 7,
                      "Hash Buckets": 2097152,
                      "Original Hash Buckets": 2097152,
                      "Hash Batches": 1,
                      "Original Hash Batches": 1,
                      "Peak Memory Usage": 94240,
                      "Plans": [
                        {
                          "Node Type": "Hash Join",
                          "Parent Relationship": "Outer",
                          "Parallel Aware": true,
                          "Join Type": "Inner",
                          "Startup Cost": 50219.64,
                          "Total Cost": 94597.78,
                          "Plan Rows": 640945,
                          "Plan Width": 8,
                          "Actual Startup Time": 251.824,
                          "Actual Total Time": 402.639,
                          "Actual Rows": 283867,
                          "Actual Loops": 7,
                          "Inner Unique": true,
                          "Hash Cond": "(mk.movie_id = t.id)",
                          "Plans": [
                            {
                              "Node Type": "Seq Scan",
                              "Parent Relationship": "Outer",
                              "Parallel Aware": true,
                              "Relation Name": "movie_keyword",
                              "Alias": "mk",
                              "Startup Cost": 0.0,
                              "Total Cost": 42695.65,
                              "Plan Rows": 640945,
                              "Plan Width": 4,
                              "Actual Startup Time": 0.311,
                              "Actual Total Time": 78.997,
                              "Actual Rows": 283867,
                              "Actual Loops": 7,
                              "Filter": "(keyword_id > 6340)",
                              "Rows Removed by Filter": 362409
                            },
                            {
                              "Node Type": "Hash",
                              "Parent Relationship": "Inner",
                              "Parallel Aware": true,
                              "Startup Cost": 42318.73,
                              "Total Cost": 42318.73,
                              "Plan Rows": 632073,
                              "Plan Width": 4,
                              "Actual Startup Time": 247.596,
                              "Actual Total Time": 247.597,
                              "Actual Rows": 361187,
                              "Actual Loops": 7,
                              "Hash Buckets": 4194304,
                              "Original Hash Buckets": 4194304,
                              "Hash Batches": 1,
                              "Original Hash Batches": 1,
                              "Peak Memory Usage": 131776,
                              "Plans": [
                                {
                                  "Node Type": "Seq Scan",
                                  "Parent Relationship": "Outer",
                                  "Parallel Aware": true,
                                  "Relation Name": "title",
                                  "Alias": "t",
                                  "Startup Cost": 0.0,
                                  "Total Cost": 42318.73,
                                  "Plan Rows": 632073,
                                  "Plan Width": 4,
                                  "Actual Startup Time": 0.042,
                                  "Actual Total Time": 72.298,
                                  "Actual Rows": 361187,
                                  "Actual Loops": 7
                                }
                              ]
                            }
                          ]
                        }
                      ]
                    }
                  ]
                }
              ]
            }
          ]
        }
      ]
    },
    "Planning Time": 1.284,
    "Triggers": [],
    "Execution Time": 2609.215
  }
]