[
  {
    "Plan": {
      "Node Type": "Aggregate",
      "Strategy": "Plain",
      "Partial Mode": "Finalize",
      "Parallel Aware": false,
      "Startup Cost": 176050.41,
      "Total Cost": 176050.42,
      "Plan Rows": 1,
      "Plan Width": 8,
      "Actual Startup Time": 88.417,
      "Actual Total Time": 92.968,
      "Actual Rows": 1,
      "Actual Loops": 1,
      "Plans": [
        {
          "Node Type": "Gather",
          "Parent Relationship": "Outer",
          "Parallel Aware": false,
          "Startup Cost": 176049.89,
          "Total Cost": 176050.4,
          "Plan Rows": 5,
          "Plan Width": 8,
          "Actual Startup Time": 88.178,
          "Actual Total Time": 92.961,
          "Actual Rows": 6,
          "Actual Loops": 1,
          "Workers Planned": 5,
          "Workers Launched": 5,
          "Single Copy": false,
          "Plans": [
            {
              "Node Type": "Aggregate",
              "Strategy": "Plain",
              "Partial Mode": "Partial",
              "Parent Relationship": "Outer",
              "Parallel Aware": false,
              "Startup Cost": 175049.89,
              "Total Cost": 175049.9,
              "Plan Rows": 1,
              "Plan Width": 8,
              "Actual Startup Time": 79.607,
              "Actual Total Time": 79.608,
              "Actual Rows": 1,
              "Actual Loops": 6,
              "Plans": [
                {
                  "Node Type": "Bitmap Heap Scan",
                  "Parent Relationship": "Outer",
                  "Parallel Aware": true,
                  "Relation Name": "movie_info",
                  "Alias": "mi",
                  "Startup Cost": 11198.16,
                  "Total Cost": 174740.1,
                  "Plan Rows": 123915,
                  "Plan Width": 0,
                  "Actual Startup Time": 36.519,
                  "Actual Total Time": 71.288,
                  "Actual Rows": 110154,
                  "Actual Loops": 6,
                  "Recheck Cond": "(info_type_id = 18)",
                  "Rows Removed by Index Recheck": 0,
                  "Exact Heap Blocks": 3078,
                  "Lossy Heap Blocks": 0,
                  "Plans": [
                    {
                      "Node Type": "Bitmap Index Scan",
                      "Parent Relationship": "Outer",
                      "Parallel Aware": false,
                      "Index Name": "info_type_id_movie_info",
                      "Startup Cost": 0.0,
                      "Total Cost": 11043.26,
                      "Plan Rows": 619577,
                      "Plan Width": 0,
                      "Actual Startup Time": 43.127,
                      "Actual Total Time": 43.127,
                      "Actual Rows": 660923,
                      "Actual Loops": 1,
                      "Index Cond": "(info_type_id = 18)"
                    }
                  ]
                }
              ]
            }
          ]
        }
      ]
    },
    "Planning Time": 0.185,
    "Triggers": [],
    "Execution Time": 93.038
  }
]