{
  "Plan": {
    "Node Type": "Aggregate",
    "Strategy": "Plain",
    "Partial Mode": "Finalize",
    "Parallel Aware": false,
    "Startup Cost": 117683.98,
    "Total Cost": 117683.99,
    "Plan Rows": 1,
    "Plan Width": 8,
    "Actual Startup Time": 387.046,
    "Actual Total Time": 396.483,
    "Actual Rows": 1,
    "Actual Loops": 1,
    "Plans": [
      {
        "Node Type": "Gather",
        "Parent Relationship": "Outer",
        "Parallel Aware": false,
        "Startup Cost": 117683.86,
        "Total Cost": 117683.97,
        "Plan Rows": 1,
        "Plan Width": 8,
        "Actual Startup Time": 386.852,
        "Actual Total Time": 396.475,
        "Actual Rows": 2,
        "Actual Loops": 1,
        "Workers Planned": 1,
        "Workers Launched": 1,
        "Single Copy": false,
        "Plans": [
          {
            "Node Type": "Aggregate",
            "Strategy": "Plain",
            "Partial Mode": "Partial",
            "Parent Relationship": "Outer",
            "Parallel Aware": false,
            "Startup Cost": 116683.86,
            "Total Cost": 116683.87,
            "Plan Rows": 1,
            "Plan Width": 8,
            "Actual Startup Time": 380.736,
            "Actual Total Time": 380.739,
            "Actual Rows": 1,
            "Actual Loops": 2,
            "Plans": [
              {
                "Node Type": "Hash Join",
                "Parent Relationship": "Outer",
                "Parallel Aware": true,
                "Join Type": "Inner",
                "Startup Cost": 53843.38,
                "Total Cost": 116641.01,
                "Plan Rows": 17141,
                "Plan Width": 0,
                "Actual Startup Time": 148.768,
                "Actual Total Time": 379.435,
                "Actual Rows": 30080,
                "Actual Loops": 2,
                "Inner Unique": true,
                "Hash Cond": "(mk.movie_id = t.id)",
                "Plans": [
                  {
                    "Node Type": "Seq Scan",
                    "Parent Relationship": "Outer",
                    "Parallel Aware": true,
                    "Relation Name": "movie_keyword",
                    "Alias": "mk",
                    "Startup Cost": 0.0,
                    "Total Cost": 57718.19,
                    "Plan Rows": 1935019,
                    "Plan Width": 4,
                    "Actual Startup Time": 0.015,
                    "Actual Total Time": 188.078,
                    "Actual Rows": 1641164,
                    "Actual Loops": 2,
                    "Filter": "(keyword_id < 14568)",
                    "Rows Removed by Filter": 620802
                  },
                  {
                    "Node Type": "Hash",
                    "Parent Relationship": "Inner",
                    "Parallel Aware": true,
                    "Startup Cost": 53678.71,
                    "Total Cost": 53678.71,
                    "Plan Rows": 13174,
                    "Plan Width": 4,
                    "Actual Startup Time": 95.705,
                    "Actual Total Time": 95.707,
                    "Actual Rows": 6525,
                    "Actual Loops": 2,
                    "Hash Buckets": 32768,
                    "Original Hash Buckets": 32768,
                    "Hash Batches": 1,
                    "Original Hash Batches": 1,
                    "Peak Memory Usage": 800,
                    "Plans": [
                      {
                        "Node Type": "Bitmap Heap Scan",
                        "Parent Relationship": "Outer",
                        "Parallel Aware": true,
                        "Relation Name": "title",
                        "Alias": "t",
                        "Startup Cost": 11828.45,
                        "Total Cost": 53678.71,
                        "Plan Rows": 13174,
                        "Plan Width": 4,
                        "Actual Startup Time": 39.48,
                        "Actual Total Time": 93.619,
                        "Actual Rows": 6525,
                        "Actual Loops": 2,
                        "Recheck Cond": "(kind_id = 1)",
                        "Rows Removed by Index Recheck": 0,
                        "Filter": "(production_year = 2004)",
                        "Rows Removed by Filter": 324888,
                        "Exact Heap Blocks": 9423,
                        "Lossy Heap Blocks": 0,
                        "Plans": [
                          {
                            "Node Type": "Bitmap Index Scan",
                            "Parent Relationship": "Outer",
                            "Parallel Aware": false,
                            "Index Name": "kind_id_title",
                            "Startup Cost": 0.0,
                            "Total Cost": 11822.85,
                            "Plan Rows": 663256,
                            "Plan Width": 0,
                            "Actual Startup Time": 41.412,
                            "Actual Total Time": 41.412,
                            "Actual Rows": 662825,
                            "Actual Loops": 1,
                            "Index Cond": "(kind_id = 1)"
                          }
                        ]
                      }
                    ]
                  }
                ]
              }
            ]
          }
        ]
      }
    ]
  },
  "Planning Time": 0.475,
  "Triggers": [],
  "Execution Time": 396.575
}