[
  {
    "Plan": {
      "Node Type": "Aggregate",
      "Strategy": "Plain",
      "Partial Mode": "Finalize",
      "Parallel Aware": false,
      "Startup Cost": 31214.69,
      "Total Cost": 31214.7,
      "Plan Rows": 1,
      "Plan Width": 8,
      "Actual Startup Time": 102.069,
      "Actual Total Time": 110.043,
      "Actual Rows": 1,
      "Actual Loops": 1,
      "Plans": [
        {
          "Node Type": "Gather",
          "Parent Relationship": "Outer",
          "Parallel Aware": false,
          "Startup Cost": 31214.38,
          "Total Cost": 31214.69,
          "Plan Rows": 3,
          "Plan Width": 8,
          "Actual Startup Time": 101.967,
          "Actual Total Time": 110.035,
          "Actual Rows": 4,
          "Actual Loops": 1,
          "Workers Planned": 3,
          "Workers Launched": 3,
          "Single Copy": false,
          "Plans": [
            {
              "Node Type": "Aggregate",
              "Strategy": "Plain",
              "Partial Mode": "Partial",
              "Parent Relationship": "Outer",
              "Parallel Aware": false,
              "Startup Cost": 30214.38,
              "Total Cost": 30214.39,
              "Plan Rows": 1,
              "Plan Width": 8,
              "Actual Startup Time": 93.382,
              "Actual Total Time": 93.383,
              "Actual Rows": 1,
              "Actual Loops": 4,
              "Plans": [
                {
                  "Node Type": "Seq Scan",
                  "Parent Relationship": "Outer",
                  "Parallel Aware": true,
                  "Relation Name": "movie_companies",
                  "Alias": "mc",
                  "Startup Cost": 0.0,
                  "Total Cost": 29310.68,
                  "Plan Rows": 361478,
                  "Plan Width": 0,
                  "Actual Startup Time": 23.204,
                  "Actual Total Time": 81.416,
                  "Actual Rows": 280768,
                  "Actual Loops": 4,
                  "Filter": "(company_id > 13643)",
                  "Rows Removed by Filter": 371514
                }
              ]
            }
          ]
        }
      ]
    },
    "Planning Time": 0.193,
    "Triggers": [],
    "Execution Time": 110.099
  }
]