{
    "Plan": {
        "Node Type": "Aggregate",
        "Strategy": "Plain",
        "Partial Mode": "Finalize",
        "Parallel Aware": false,
        "Startup Cost": 336369.29,
        "Total Cost": 336369.3,
        "Plan Rows": 1,
        "Plan Width": 8,
        "Actual Startup Time": 3984.354,
        "Actual Total Time": 4094.203,
        "Actual Rows": 1,
        "Actual Loops": 1,
        "Output": [
            "count(*)"
        ],
        "Plans": [
            {
                "Node Type": "Gather",
                "Parent Relationship": "Outer",
                "Parallel Aware": false,
                "Startup Cost": 336368.77,
                "Total Cost": 336369.28,
                "Plan Rows": 5,
                "Plan Width": 8,
                "Actual Startup Time": 3981.296,
                "Actual Total Time": 4094.176,
                "Actual Rows": 6,
                "Actual Loops": 1,
                "Output": [
                    "(PARTIAL count(*))"
                ],
                "Workers Planned": 5,
                "Workers Launched": 5,
                "Single Copy": false,
                "Plans": [
                    {
                        "Node Type": "Aggregate",
                        "Strategy": "Plain",
                        "Partial Mode": "Partial",
                        "Parent Relationship": "Outer",
                        "Parallel Aware": false,
                        "Startup Cost": 335368.77,
                        "Total Cost": 335368.78,
                        "Plan Rows": 1,
                        "Plan Width": 8,
                        "Actual Startup Time": 3970.481,
                        "Actual Total Time": 3970.486,
                        "Actual Rows": 1,
                        "Actual Loops": 6,
                        "Output": [
                            "PARTIAL count(*)"
                        ],
                        "Workers": [
                            {
                                "Worker Number": 0,
                                "Actual Startup Time": 3967.923,
                                "Actual Total Time": 3967.927,
                                "Actual Rows": 1,
                                "Actual Loops": 1
                            },
                            {
                                "Worker Number": 1,
                                "Actual Startup Time": 3968.141,
                                "Actual Total Time": 3968.145,
                                "Actual Rows": 1,
                                "Actual Loops": 1
                            },
                            {
                                "Worker Number": 2,
                                "Actual Startup Time": 3968.227,
                                "Actual Total Time": 3968.232,
                                "Actual Rows": 1,
                                "Actual Loops": 1
                            },
                            {
                                "Worker Number": 3,
                                "Actual Startup Time": 3969.027,
                                "Actual Total Time": 3969.031,
                                "Actual Rows": 1,
                                "Actual Loops": 1
                            },
                            {
                                "Worker Number": 4,
                                "Actual Startup Time": 3969.204,
                                "Actual Total Time": 3969.207,
                                "Actual Rows": 1,
                                "Actual Loops": 1
                            }
                        ],
                        "Plans": [
                            {
                                "Node Type": "Nested Loop",
                                "Parent Relationship": "Outer",
                                "Parallel Aware": false,
                                "Join Type": "Inner",
                                "Startup Cost": 46521.0,
                                "Total Cost": 334872.57,
                                "Plan Rows": 198480,
                                "Plan Width": 0,
                                "Actual Startup Time": 311.349,
                                "Actual Total Time": 3843.369,
                                "Actual Rows": 2440505,
                                "Actual Loops": 6,
                                "Inner Unique": false,
                                "Join Filter": "(t.id = ci.movie_id)",
                                "Rows Removed by Join Filter": 0,
                                "Workers": [
                                    {
                                        "Worker Number": 0,
                                        "Actual Startup Time": 309.629,
                                        "Actual Total Time": 3843.67,
                                        "Actual Rows": 2943437,
                                        "Actual Loops": 1
                                    },
                                    {
                                        "Worker Number": 1,
                                        "Actual Startup Time": 308.999,
                                        "Actual Total Time": 3838.405,
                                        "Actual Rows": 2335334,
                                        "Actual Loops": 1
                                    },
                                    {
                                        "Worker Number": 2,
                                        "Actual Startup Time": 309.247,
                                        "Actual Total Time": 3860.625,
                                        "Actual Rows": 2463084,
                                        "Actual Loops": 1
                                    },
                                    {
                                        "Worker Number": 3,
                                        "Actual Startup Time": 309.266,
                                        "Actual Total Time": 3834.753,
                                        "Actual Rows": 2125989,
                                        "Actual Loops": 1
                                    },
                                    {
                                        "Worker Number": 4,
                                        "Actual Startup Time": 312.225,
                                        "Actual Total Time": 3858.744,
                                        "Actual Rows": 2418117,
                                        "Actual Loops": 1
                                    }
                                ],
                                "Plans": [
                                    {
                                        "Node Type": "Hash Join",
                                        "Parent Relationship": "Outer",
                                        "Parallel Aware": true,
                                        "Join Type": "Inner",
                                        "Startup Cost": 46520.43,
                                        "Total Cost": 246029.36,
                                        "Plan Rows": 31537,
                                        "Plan Width": 8,
                                        "Actual Startup Time": 310.57,
                                        "Actual Total Time": 486.106,
                                        "Actual Rows": 64564,
                                        "Actual Loops": 6,
                                        "Output": [
                                            "t.id",
                                            "mi.movie_id"
                                        ],
                                        "Inner Unique": true,
                                        "Hash Cond": "(mi.movie_id = t.id)",
                                        "Workers": [
                                            {
                                                "Worker Number": 0,
                                                "Actual Startup Time": 308.689,
                                                "Actual Total Time": 483.968,
                                                "Actual Rows": 73808,
                                                "Actual Loops": 1
                                            },
                                            {
                                                "Worker Number": 1,
                                                "Actual Startup Time": 308.481,
                                                "Actual Total Time": 485.581,
                                                "Actual Rows": 65353,
                                                "Actual Loops": 1
                                            },
                                            {
                                                "Worker Number": 2,
                                                "Actual Startup Time": 308.055,
                                                "Actual Total Time": 483.782,
                                                "Actual Rows": 64731,
                                                "Actual Loops": 1
                                            },
                                            {
                                                "Worker Number": 3,
                                                "Actual Startup Time": 308.939,
                                                "Actual Total Time": 486.966,
                                                "Actual Rows": 58963,
                                                "Actual Loops": 1
                                            },
                                            {
                                                "Worker Number": 4,
                                                "Actual Startup Time": 310.735,
                                                "Actual Total Time": 484.409,
                                                "Actual Rows": 62341,
                                                "Actual Loops": 1
                                            }
                                        ],
                                        "Plans": [
                                            {
                                                "Node Type": "Seq Scan",
                                                "Parent Relationship": "Outer",
                                                "Parallel Aware": true,
                                                "Relation Name": "movie_info",
                                                "Schema": "public",
                                                "Alias": "mi",
                                                "Startup Cost": 0.0,
                                                "Total Cost": 198880.74,
                                                "Plan Rows": 239311,
                                                "Plan Width": 4,
                                                "Actual Startup Time": 192.02,
                                                "Actual Total Time": 320.618,
                                                "Actual Rows": 200785,
                                                "Actual Loops": 6,
                                                "Output": [
                                                    "mi.id",
                                                    "mi.movie_id",
                                                    "mi.info_type_id",
                                                    "mi.info",
                                                    "mi.note"
                                                ],
                                                "Filter": "(mi.info_type_id > 18)",
                                                "Rows Removed by Filter": 2271835,
                                                "Workers": [
                                                    {
                                                        "Worker Number": 0,
                                                        "Actual Startup Time": 191.974,
                                                        "Actual Total Time": 321.694,
                                                        "Actual Rows": 225366,
                                                        "Actual Loops": 1
                                                    },
                                                    {
                                                        "Worker Number": 1,
                                                        "Actual Startup Time": 192.103,
                                                        "Actual Total Time": 322.92,
                                                        "Actual Rows": 199308,
                                                        "Actual Loops": 1
                                                    },
                                                    {
                                                        "Worker Number": 2,
                                                        "Actual Startup Time": 192.04,
                                                        "Actual Total Time": 321.813,
                                                        "Actual Rows": 187961,
                                                        "Actual Loops": 1
                                                    },
                                                    {
                                                        "Worker Number": 3,
                                                        "Actual Startup Time": 192.082,
                                                        "Actual Total Time": 323.93,
                                                        "Actual Rows": 183988,
                                                        "Actual Loops": 1
                                                    },
                                                    {
                                                        "Worker Number": 4,
                                                        "Actual Startup Time": 191.967,
                                                        "Actual Total Time": 322.689,
                                                        "Actual Rows": 181618,
                                                        "Actual Loops": 1
                                                    }
                                                ]
                                            },
                                            {
                                                "Node Type": "Hash",
                                                "Parent Relationship": "Inner",
                                                "Parallel Aware": true,
                                                "Startup Cost": 45479.21,
                                                "Total Cost": 45479.21,
                                                "Plan Rows": 83298,
                                                "Plan Width": 4,
                                                "Actual Startup Time": 105.178,
                                                "Actual Total Time": 105.179,
                                                "Actual Rows": 42595,
                                                "Actual Loops": 6,
                                                "Output": [
                                                    "t.id"
                                                ],
                                                "Hash Buckets": 524288,
                                                "Original Hash Buckets": 524288,
                                                "Hash Batches": 1,
                                                "Original Hash Batches": 1,
                                                "Peak Memory Usage": 14272,
                                                "Workers": [
                                                    {
                                                        "Worker Number": 0,
                                                        "Actual Startup Time": 104.708,
                                                        "Actual Total Time": 104.71,
                                                        "Actual Rows": 57511,
                                                        "Actual Loops": 1
                                                    },
                                                    {
                                                        "Worker Number": 1,
                                                        "Actual Startup Time": 104.881,
                                                        "Actual Total Time": 104.883,
                                                        "Actual Rows": 39304,
                                                        "Actual Loops": 1
                                                    },
                                                    {
                                                        "Worker Number": 2,
                                                        "Actual Startup Time": 104.721,
                                                        "Actual Total Time": 104.722,
                                                        "Actual Rows": 50752,
                                                        "Actual Loops": 1
                                                    },
                                                    {
                                                        "Worker Number": 3,
                                                        "Actual Startup Time": 105.776,
                                                        "Actual Total Time": 105.777,
                                                        "Actual Rows": 39270,
                                                        "Actual Loops": 1
                                                    },
                                                    {
                                                        "Worker Number": 4,
                                                        "Actual Startup Time": 105.911,
                                                        "Actual Total Time": 105.912,
                                                        "Actual Rows": 18016,
                                                        "Actual Loops": 1
                                                    }
                                                ],
                                                "Plans": [
                                                    {
                                                        "Node Type": "Seq Scan",
                                                        "Parent Relationship": "Outer",
                                                        "Parallel Aware": true,
                                                        "Relation Name": "title",
                                                        "Schema": "public",
                                                        "Alias": "t",
                                                        "Startup Cost": 0.0,
                                                        "Total Cost": 45479.21,
                                                        "Plan Rows": 83298,
                                                        "Plan Width": 4,
                                                        "Actual Startup Time": 42.086,
                                                        "Actual Total Time": 84.87,
                                                        "Actual Rows": 42595,
                                                        "Actual Loops": 6,
                                                        "Output": [
                                                            "t.id"
                                                        ],
                                                        "Filter": "((t.kind_id < 2) AND (t.production_year > 2002))",
                                                        "Rows Removed by Filter": 378790,
                                                        "Workers": [
                                                            {
                                                                "Worker Number": 0,
                                                                "Actual Startup Time": 49.067,
                                                                "Actual Total Time": 84.655,
                                                                "Actual Rows": 57511,
                                                                "Actual Loops": 1
                                                            },
                                                            {
                                                                "Worker Number": 1,
                                                                "Actual Startup Time": 49.256,
                                                                "Actual Total Time": 85.558,
                                                                "Actual Rows": 39304,
                                                                "Actual Loops": 1
                                                            },
                                                            {
                                                                "Worker Number": 2,
                                                                "Actual Startup Time": 49.058,
                                                                "Actual Total Time": 83.975,
                                                                "Actual Rows": 50752,
                                                                "Actual Loops": 1
                                                            },
                                                            {
                                                                "Worker Number": 3,
                                                                "Actual Startup Time": 49.077,
                                                                "Actual Total Time": 85.756,
                                                                "Actual Rows": 39270,
                                                                "Actual Loops": 1
                                                            },
                                                            {
                                                                "Worker Number": 4,
                                                                "Actual Startup Time": 49.197,
                                                                "Actual Total Time": 85.101,
                                                                "Actual Rows": 18016,
                                                                "Actual Loops": 1
                                                            }
                                                        ]
                                                    }
                                                ]
                                            }
                                        ]
                                    },
                                    {
                                        "Node Type": "Index Scan",
                                        "Parent Relationship": "Inner",
                                        "Parallel Aware": false,
                                        "Scan Direction": "Forward",
                                        "Index Name": "movie_id_cast_info",
                                        "Relation Name": "cast_info",
                                        "Schema": "public",
                                        "Alias": "ci",
                                        "Startup Cost": 0.56,
                                        "Total Cost": 2.6,
                                        "Plan Rows": 17,
                                        "Plan Width": 4,
                                        "Actual Startup Time": 0.02,
                                        "Actual Total Time": 0.048,
                                        "Actual Rows": 38,
                                        "Actual Loops": 387384,
                                        "Output": [
                                            "ci.id",
                                            "ci.person_id",
                                            "ci.movie_id",
                                            "ci.person_role_id",
                                            "ci.note",
                                            "ci.nr_order",
                                            "ci.role_id"
                                        ],
                                        "Index Cond": "(ci.movie_id = mi.movie_id)",
                                        "Rows Removed by Index Recheck": 0,
                                        "Filter": "(ci.person_id > 2035942)",
                                        "Rows Removed by Filter": 37,
                                        "Workers": [
                                            {
                                                "Worker Number": 0,
                                                "Actual Startup Time": 0.017,
                                                "Actual Total Time": 0.042,
                                                "Actual Rows": 40,
                                                "Actual Loops": 73808
                                            },
                                            {
                                                "Worker Number": 1,
                                                "Actual Startup Time": 0.019,
                                                "Actual Total Time": 0.047,
                                                "Actual Rows": 36,
                                                "Actual Loops": 65353
                                            },
                                            {
                                                "Worker Number": 2,
                                                "Actual Startup Time": 0.02,
                                                "Actual Total Time": 0.048,
                                                "Actual Rows": 38,
                                                "Actual Loops": 64731
                                            },
                                            {
                                                "Worker Number": 3,
                                                "Actual Startup Time": 0.021,
                                                "Actual Total Time": 0.052,
                                                "Actual Rows": 36,
                                                "Actual Loops": 58963
                                            },
                                            {
                                                "Worker Number": 4,
                                                "Actual Startup Time": 0.021,
                                                "Actual Total Time": 0.05,
                                                "Actual Rows": 39,
                                                "Actual Loops": 62341
                                            }
                                        ]
                                    }
                                ]
                            }
                        ]
                    }
                ]
            }
        ]
    },
    "Planning Time": 1.597,
    "Triggers": [],
    "Execution Time": 4094.343
}