[
  {
    "Plan": {
      "Node Type": "Aggregate",
      "Strategy": "Plain",
      "Partial Mode": "Finalize",
      "Parallel Aware": false,
      "Startup Cost": 340035.85,
      "Total Cost": 340035.86,
      "Plan Rows": 1,
      "Plan Width": 8,
      "Actual Startup Time": 735.554,
      "Actual Total Time": 800.92,
      "Actual Rows": 1,
      "Actual Loops": 1,
      "Plans": [
        {
          "Node Type": "Gather",
          "Parent Relationship": "Outer",
          "Parallel Aware": false,
          "Startup Cost": 340035.23,
          "Total Cost": 340035.84,
          "Plan Rows": 6,
          "Plan Width": 8,
          "Actual Startup Time": 735.445,
          "Actual Total Time": 800.911,
          "Actual Rows": 7,
          "Actual Loops": 1,
          "Workers Planned": 6,
          "Workers Launched": 6,
          "Single Copy": false,
          "Plans": [
            {
              "Node Type": "Aggregate",
              "Strategy": "Plain",
              "Partial Mode": "Partial",
              "Parent Relationship": "Outer",
              "Parallel Aware": false,
              "Startup Cost": 339035.23,
              "Total Cost": 339035.24,
              "Plan Rows": 1,
              "Plan Width": 8,
              "Actual Startup Time": 726.66,
              "Actual Total Time": 726.661,
              "Actual Rows": 1,
              "Actual Loops": 7,
              "Plans": [
                {
                  "Node Type": "Seq Scan",
                  "Parent Relationship": "Outer",
                  "Parallel Aware": true,
                  "Relation Name": "cast_info",
                  "Alias": "ci",
                  "Startup Cost": 0.0,
                  "Total Cost": 328162.03,
                  "Plan Rows": 4349281,
                  "Plan Width": 0,
                  "Actual Startup Time": 110.749,
                  "Actual Total Time": 582.58,
                  "Actual Rows": 3721728,
                  "Actual Loops": 7,
                  "Filter": "(person_id > 1002041)",
                  "Rows Removed by Filter": 1456036
                }
              ]
            }
          ]
        }
      ]
    },
    "Planning Time": 0.158,
    "Triggers": [],
    "Execution Time": 800.984
  }
]