[
  {
    "Plan": {
      "Node Type": "Aggregate",
      "Strategy": "Plain",
      "Partial Mode": "Finalize",
      "Parallel Aware": false,
      "Startup Cost": 237164.82,
      "Total Cost": 237164.83,
      "Plan Rows": 1,
      "Plan Width": 8,
      "Actual Startup Time": 516.092,
      "Actual Total Time": 538.518,
      "Actual Rows": 1,
      "Actual Loops": 1,
      "Plans": [
        {
          "Node Type": "Gather",
          "Parent Relationship": "Outer",
          "Parallel Aware": false,
          "Startup Cost": 237164.3,
          "Total Cost": 237164.81,
          "Plan Rows": 5,
          "Plan Width": 8,
          "Actual Startup Time": 489.612,
          "Actual Total Time": 538.507,
          "Actual Rows": 6,
          "Actual Loops": 1,
          "Workers Planned": 5,
          "Workers Launched": 5,
          "Single Copy": false,
          "Plans": [
            {
              "Node Type": "Aggregate",
              "Strategy": "Plain",
              "Partial Mode": "Partial",
              "Parent Relationship": "Outer",
              "Parallel Aware": false,
              "Startup Cost": 236164.3,
              "Total Cost": 236164.31,
              "Plan Rows": 1,
              "Plan Width": 8,
              "Actual Startup Time": 467.506,
              "Actual Total Time": 467.51,
              "Actual Rows": 1,
              "Actual Loops": 6,
              "Plans": [
                {
                  "Node Type": "Hash Join",
                  "Parent Relationship": "Outer",
                  "Parallel Aware": true,
                  "Join Type": "Inner",
                  "Startup Cost": 70269.81,
                  "Total Cost": 235610.89,
                  "Plan Rows": 221361,
                  "Plan Width": 0,
                  "Actual Startup Time": 318.995,
                  "Actual Total Time": 458.447,
                  "Actual Rows": 175481,
                  "Actual Loops": 6,
                  "Inner Unique": true,
                  "Hash Cond": "(mi.movie_id = t.id)",
                  "Plans": [
                    {
                      "Node Type": "Bitmap Heap Scan",
                      "Parent Relationship": "Outer",
                      "Parallel Aware": true,
                      "Relation Name": "movie_info",
                      "Alias": "mi",
                      "Startup Cost": 20050.17,
                      "Total Cost": 184810.18,
                      "Plan Rows": 221361,
                      "Plan Width": 4,
                      "Actual Startup Time": 48.826,
                      "Actual Total Time": 114.587,
                      "Actual Rows": 175481,
                      "Actual Loops": 6,
                      "Recheck Cond": "(info_type_id > 77)",
                      "Rows Removed by Index Recheck": 0,
                      "Exact Heap Blocks": 6821,
                      "Lossy Heap Blocks": 0,
                      "Plans": [
                        {
                          "Node Type": "Bitmap Index Scan",
                          "Parent Relationship": "Outer",
                          "Parallel Aware": false,
                          "Index Name": "info_type_id_movie_info",
                          "Startup Cost": 0.0,
                          "Total Cost": 19773.47,
                          "Plan Rows": 1106804,
                          "Plan Width": 0,
                          "Actual Startup Time": 43.082,
                          "Actual Total Time": 43.082,
                          "Actual Rows": 1052885,
                          "Actual Loops": 1,
                          "Index Cond": "(info_type_id > 77)"
                        }
                      ]
                    },
                    {
                      "Node Type": "Hash",
                      "Parent Relationship": "Inner",
                      "Parallel Aware": true,
                      "Startup Cost": 42318.73,
                      "Total Cost": 42318.73,
                      "Plan Rows": 632073,
                      "Plan Width": 4,
                      "Actual Startup Time": 262.358,
                      "Actual Total Time": 262.359,
                      "Actual Rows": 421385,
                      "Actual Loops": 6,
                      "Hash Buckets": 4194304,
                      "Original Hash Buckets": 4194304,
                      "Hash Batches": 1,
                      "Original Hash Batches": 1,
                      "Peak Memory Usage": 131776,
                      "Plans": [
                        {
                          "Node Type": "Seq Scan",
                          "Parent Relationship": "Outer",
                          "Parallel Aware": true,
                          "Relation Name": "title",
                          "Alias": "t",
                          "Startup Cost": 0.0,
                          "Total Cost": 42318.73,
                          "Plan Rows": 632073,
                          "Plan Width": 4,
                          "Actual Startup Time": 0.037,
                          "Actual Total Time": 77.062,
                          "Actual Rows": 421385,
                          "Actual Loops": 6
                        }
                      ]
                    }
                  ]
                }
              ]
            }
          ]
        }
      ]
    },
    "Planning Time": 0.612,
    "Triggers": [],
    "Execution Time": 538.614
  }
]