{
  "Plan": {
    "Node Type": "Aggregate",
    "Strategy": "Plain",
    "Partial Mode": "Finalize",
    "Parallel Aware": false,
    "Startup Cost": 484754.38,
    "Total Cost": 484754.39,
    "Plan Rows": 1,
    "Plan Width": 8,
    "Actual Startup Time": 3268.838,
    "Actual Total Time": 3301.033,
    "Actual Rows": 1,
    "Actual Loops": 1,
    "Plans": [
      {
        "Node Type": "Gather",
        "Parent Relationship": "Outer",
        "Parallel Aware": false,
        "Startup Cost": 484754.26,
        "Total Cost": 484754.37,
        "Plan Rows": 1,
        "Plan Width": 8,
        "Actual Startup Time": 3266.682,
        "Actual Total Time": 3301.024,
        "Actual Rows": 2,
        "Actual Loops": 1,
        "Workers Planned": 1,
        "Workers Launched": 1,
        "Single Copy": false,
        "Plans": [
          {
            "Node Type": "Aggregate",
            "Strategy": "Plain",
            "Partial Mode": "Partial",
            "Parent Relationship": "Outer",
            "Parallel Aware": false,
            "Startup Cost": 483754.26,
            "Total Cost": 483754.27,
            "Plan Rows": 1,
            "Plan Width": 8,
            "Actual Startup Time": 3260.948,
            "Actual Total Time": 3260.951,
            "Actual Rows": 1,
            "Actual Loops": 2,
            "Plans": [
              {
                "Node Type": "Hash Join",
                "Parent Relationship": "Outer",
                "Parallel Aware": true,
                "Join Type": "Inner",
                "Startup Cost": 63995.4,
                "Total Cost": 479516.08,
                "Plan Rows": 1695273,
                "Plan Width": 0,
                "Actual Startup Time": 302.33,
                "Actual Total Time": 3178.088,
                "Actual Rows": 1951672,
                "Actual Loops": 2,
                "Inner Unique": true,
                "Hash Cond": "(ci.movie_id = t.id)",
                "Plans": [
                  {
                    "Node Type": "Index Scan",
                    "Parent Relationship": "Outer",
                    "Parallel Aware": true,
                    "Scan Direction": "Forward",
                    "Index Name": "role_id_cast_info",
                    "Relation Name": "cast_info",
                    "Alias": "ci",
                    "Startup Cost": 0.56,
                    "Total Cost": 400977.7,
                    "Plan Rows": 5540392,
                    "Plan Width": 4,
                    "Actual Startup Time": 0.082,
                    "Actual Total Time": 1069.471,
                    "Actual Rows": 6335344,
                    "Actual Loops": 2,
                    "Index Cond": "(role_id = 1)",
                    "Rows Removed by Index Recheck": 0,
                    "Filter": "(person_id < 2811461)",
                    "Rows Removed by Filter": 0
                  },
                  {
                    "Node Type": "Hash",
                    "Parent Relationship": "Inner",
                    "Parallel Aware": true,
                    "Startup Cost": 58306.47,
                    "Total Cost": 58306.47,
                    "Plan Rows": 455069,
                    "Plan Width": 4,
                    "Actual Startup Time": 292.734,
                    "Actual Total Time": 292.735,
                    "Actual Rows": 420005,
                    "Actual Loops": 2,
                    "Hash Buckets": 1048576,
                    "Original Hash Buckets": 1048576,
                    "Hash Batches": 1,
                    "Original Hash Batches": 1,
                    "Peak Memory Usage": 41056,
                    "Plans": [
                      {
                        "Node Type": "Seq Scan",
                        "Parent Relationship": "Outer",
                        "Parallel Aware": true,
                        "Relation Name": "title",
                        "Alias": "t",
                        "Startup Cost": 0.0,
                        "Total Cost": 58306.47,
                        "Plan Rows": 455069,
                        "Plan Width": 4,
                        "Actual Startup Time": 0.036,
                        "Actual Total Time": 163.47,
                        "Actual Rows": 420005,
                        "Actual Loops": 2,
                        "Filter": "((production_year > 2002) AND (kind_id = 7))",
                        "Rows Removed by Filter": 844151
                      }
                    ]
                  }
                ]
              }
            ]
          }
        ]
      }
    ]
  },
  "Planning Time": 0.636,
  "Triggers": [],
  "Execution Time": 3301.116
}