{
  "Plan": {
    "Node Type": "Aggregate",
    "Strategy": "Plain",
    "Partial Mode": "Finalize",
    "Parallel Aware": false,
    "Startup Cost": 338707.43,
    "Total Cost": 338707.44,
    "Plan Rows": 1,
    "Plan Width": 8,
    "Actual Startup Time": 1053.048,
    "Actual Total Time": 1096.976,
    "Actual Rows": 1,
    "Actual Loops": 1,
    "Plans": [
      {
        "Node Type": "Gather",
        "Parent Relationship": "Outer",
        "Parallel Aware": false,
        "Startup Cost": 338707.32,
        "Total Cost": 338707.43,
        "Plan Rows": 1,
        "Plan Width": 8,
        "Actual Startup Time": 1052.804,
        "Actual Total Time": 1096.968,
        "Actual Rows": 2,
        "Actual Loops": 1,
        "Workers Planned": 1,
        "Workers Launched": 1,
        "Single Copy": false,
        "Plans": [
          {
            "Node Type": "Aggregate",
            "Strategy": "Plain",
            "Partial Mode": "Partial",
            "Parent Relationship": "Outer",
            "Parallel Aware": false,
            "Startup Cost": 337707.32,
            "Total Cost": 337707.33,
            "Plan Rows": 1,
            "Plan Width": 8,
            "Actual Startup Time": 1046.758,
            "Actual Total Time": 1046.762,
            "Actual Rows": 1,
            "Actual Loops": 2,
            "Plans": [
              {
                "Node Type": "Hash Join",
                "Parent Relationship": "Outer",
                "Parallel Aware": true,
                "Join Type": "Inner",
                "Startup Cost": 53806.57,
                "Total Cost": 337620.58,
                "Plan Rows": 34695,
                "Plan Width": 0,
                "Actual Startup Time": 113.388,
                "Actual Total Time": 1044.652,
                "Actual Rows": 42130,
                "Actual Loops": 2,
                "Inner Unique": true,
                "Hash Cond": "(mi.movie_id = t.id)",
                "Plans": [
                  {
                    "Node Type": "Seq Scan",
                    "Parent Relationship": "Outer",
                    "Parallel Aware": true,
                    "Relation Name": "movie_info",
                    "Alias": "mi",
                    "Startup Cost": 0.0,
                    "Total Cost": 270696.42,
                    "Plan Rows": 4997169,
                    "Plan Width": 4,
                    "Actual Startup Time": 0.012,
                    "Actual Total Time": 682.973,
                    "Actual Rows": 4306113,
                    "Actual Loops": 2,
                    "Filter": "(info_type_id < 9)",
                    "Rows Removed by Filter": 3111747
                  },
                  {
                    "Node Type": "Hash",
                    "Parent Relationship": "Inner",
                    "Parallel Aware": true,
                    "Startup Cost": 53677.5,
                    "Total Cost": 53677.5,
                    "Plan Rows": 10326,
                    "Plan Width": 4,
                    "Actual Startup Time": 95.499,
                    "Actual Total Time": 95.5,
                    "Actual Rows": 5391,
                    "Actual Loops": 2,
                    "Hash Buckets": 32768,
                    "Original Hash Buckets": 32768,
                    "Hash Batches": 1,
                    "Original Hash Batches": 1,
                    "Peak Memory Usage": 704,
                    "Plans": [
                      {
                        "Node Type": "Bitmap Heap Scan",
                        "Parent Relationship": "Outer",
                        "Parallel Aware": true,
                        "Relation Name": "title",
                        "Alias": "t",
                        "Startup Cost": 11827.24,
                        "Total Cost": 53677.5,
                        "Plan Rows": 10326,
                        "Plan Width": 4,
                        "Actual Startup Time": 37.507,
                        "Actual Total Time": 93.724,
                        "Actual Rows": 5391,
                        "Actual Loops": 2,
                        "Recheck Cond": "(kind_id = 1)",
                        "Rows Removed by Index Recheck": 0,
                        "Filter": "(production_year = 2003)",
                        "Rows Removed by Filter": 326022,
                        "Exact Heap Blocks": 9564,
                        "Lossy Heap Blocks": 0,
                        "Plans": [
                          {
                            "Node Type": "Bitmap Index Scan",
                            "Parent Relationship": "Outer",
                            "Parallel Aware": false,
                            "Index Name": "kind_id_title",
                            "Startup Cost": 0.0,
                            "Total Cost": 11822.85,
                            "Plan Rows": 663256,
                            "Plan Width": 0,
                            "Actual Startup Time": 40.242,
                            "Actual Total Time": 40.243,
                            "Actual Rows": 662825,
                            "Actual Loops": 1,
                            "Index Cond": "(kind_id = 1)"
                          }
                        ]
                      }
                    ]
                  }
                ]
              }
            ]
          }
        ]
      }
    ]
  },
  "Planning Time": 0.465,
  "Triggers": [],
  "Execution Time": 1097.081
}