[
  {
    "Plan": {
      "Node Type": "Aggregate",
      "Strategy": "Plain",
      "Partial Mode": "Finalize",
      "Parallel Aware": false,
      "Startup Cost": 46116.35,
      "Total Cost": 46116.36,
      "Plan Rows": 1,
      "Plan Width": 8,
      "Actual Startup Time": 155.759,
      "Actual Total Time": 165.228,
      "Actual Rows": 1,
      "Actual Loops": 1,
      "Plans": [
        {
          "Node Type": "Gather",
          "Parent Relationship": "Outer",
          "Parallel Aware": false,
          "Startup Cost": 46116.03,
          "Total Cost": 46116.34,
          "Plan Rows": 3,
          "Plan Width": 8,
          "Actual Startup Time": 155.654,
          "Actual Total Time": 165.218,
          "Actual Rows": 4,
          "Actual Loops": 1,
          "Workers Planned": 3,
          "Workers Launched": 3,
          "Single Copy": false,
          "Plans": [
            {
              "Node Type": "Aggregate",
              "Strategy": "Plain",
              "Partial Mode": "Partial",
              "Parent Relationship": "Outer",
              "Parallel Aware": false,
              "Startup Cost": 45116.03,
              "Total Cost": 45116.04,
              "Plan Rows": 1,
              "Plan Width": 8,
              "Actual Startup Time": 148.95,
              "Actual Total Time": 148.952,
              "Actual Rows": 1,
              "Actual Loops": 4,
              "Plans": [
                {
                  "Node Type": "Seq Scan",
                  "Parent Relationship": "Outer",
                  "Parallel Aware": true,
                  "Relation Name": "movie_keyword",
                  "Alias": "mk",
                  "Startup Cost": 0.0,
                  "Total Cost": 42695.65,
                  "Plan Rows": 968152,
                  "Plan Width": 0,
                  "Actual Startup Time": 0.048,
                  "Actual Total Time": 116.122,
                  "Actual Rows": 748448,
                  "Actual Loops": 4,
                  "Filter": "(keyword_id < 10474)",
                  "Rows Removed by Filter": 382535
                }
              ]
            }
          ]
        }
      ]
    },
    "Planning Time": 0.228,
    "Triggers": [],
    "Execution Time": 165.284
  }
]