[
    {
        "Bao": {
            "Bao prediction": "NaN",
            "Bao recommended hint": "(no hint)"
        }
    },
    {
        "Plan": {
            "Node Type": "Aggregate",
            "Strategy": "Plain",
            "Partial Mode": "Finalize",
            "Parallel Aware": false,
            "Startup Cost": 292837.46,
            "Total Cost": 292837.47,
            "Plan Rows": 1,
            "Plan Width": 8,
            "Actual Startup Time": 990.28,
            "Actual Total Time": 1017.399,
            "Actual Rows": 1,
            "Actual Loops": 1,
            "Output": [
                "count(*)"
            ],
            "Plans": [
                {
                    "Node Type": "Gather",
                    "Parent Relationship": "Outer",
                    "Parallel Aware": false,
                    "Startup Cost": 292837.14,
                    "Total Cost": 292837.45,
                    "Plan Rows": 3,
                    "Plan Width": 8,
                    "Actual Startup Time": 985.682,
                    "Actual Total Time": 1017.391,
                    "Actual Rows": 4,
                    "Actual Loops": 1,
                    "Output": [
                        "(PARTIAL count(*))"
                    ],
                    "Workers Planned": 3,
                    "Workers Launched": 3,
                    "Single Copy": false,
                    "Plans": [
                        {
                            "Node Type": "Aggregate",
                            "Strategy": "Plain",
                            "Partial Mode": "Partial",
                            "Parent Relationship": "Outer",
                            "Parallel Aware": false,
                            "Startup Cost": 291837.14,
                            "Total Cost": 291837.15,
                            "Plan Rows": 1,
                            "Plan Width": 8,
                            "Actual Startup Time": 977.46,
                            "Actual Total Time": 977.581,
                            "Actual Rows": 1,
                            "Actual Loops": 4,
                            "Output": [
                                "PARTIAL count(*)"
                            ],
                            "Workers": [
                                {
                                    "Worker Number": 0,
                                    "Actual Startup Time": 974.294,
                                    "Actual Total Time": 974.299,
                                    "Actual Rows": 1,
                                    "Actual Loops": 1
                                },
                                {
                                    "Worker Number": 1,
                                    "Actual Startup Time": 975.238,
                                    "Actual Total Time": 975.242,
                                    "Actual Rows": 1,
                                    "Actual Loops": 1
                                },
                                {
                                    "Worker Number": 2,
                                    "Actual Startup Time": 974.924,
                                    "Actual Total Time": 974.929,
                                    "Actual Rows": 1,
                                    "Actual Loops": 1
                                }
                            ],
                            "Plans": [
                                {
                                    "Node Type": "Hash Join",
                                    "Parent Relationship": "Outer",
                                    "Parallel Aware": true,
                                    "Join Type": "Inner",
                                    "Startup Cost": 246771.79,
                                    "Total Cost": 291534.07,
                                    "Plan Rows": 121228,
                                    "Plan Width": 0,
                                    "Actual Startup Time": 702.847,
                                    "Actual Total Time": 936.042,
                                    "Actual Rows": 954090,
                                    "Actual Loops": 4,
                                    "Inner Unique": false,
                                    "Hash Cond": "(mk.movie_id = t.id)",
                                    "Workers": [
                                        {
                                            "Worker Number": 0,
                                            "Actual Startup Time": 699.82,
                                            "Actual Total Time": 933.457,
                                            "Actual Rows": 1056086,
                                            "Actual Loops": 1
                                        },
                                        {
                                            "Worker Number": 1,
                                            "Actual Startup Time": 700.288,
                                            "Actual Total Time": 932.932,
                                            "Actual Rows": 643784,
                                            "Actual Loops": 1
                                        },
                                        {
                                            "Worker Number": 2,
                                            "Actual Startup Time": 700.418,
                                            "Actual Total Time": 934.359,
                                            "Actual Rows": 1035060,
                                            "Actual Loops": 1
                                        }
                                    ],
                                    "Plans": [
                                        {
                                            "Node Type": "Seq Scan",
                                            "Parent Relationship": "Outer",
                                            "Parallel Aware": true,
                                            "Relation Name": "movie_keyword",
                                            "Schema": "public",
                                            "Alias": "mk",
                                            "Startup Cost": 0.0,
                                            "Total Cost": 39047.32,
                                            "Plan Rows": 1459332,
                                            "Plan Width": 4,
                                            "Actual Startup Time": 0.012,
                                            "Actual Total Time": 91.271,
                                            "Actual Rows": 1130982,
                                            "Actual Loops": 4,
                                            "Output": [
                                                "mk.id",
                                                "mk.movie_id",
                                                "mk.keyword_id"
                                            ],
                                            "Workers": [
                                                {
                                                    "Worker Number": 0,
                                                    "Actual Startup Time": 0.009,
                                                    "Actual Total Time": 93.116,
                                                    "Actual Rows": 1244680,
                                                    "Actual Loops": 1
                                                },
                                                {
                                                    "Worker Number": 1,
                                                    "Actual Startup Time": 0.018,
                                                    "Actual Total Time": 93.255,
                                                    "Actual Rows": 746845,
                                                    "Actual Loops": 1
                                                },
                                                {
                                                    "Worker Number": 2,
                                                    "Actual Startup Time": 0.01,
                                                    "Actual Total Time": 93.129,
                                                    "Actual Rows": 1242830,
                                                    "Actual Loops": 1
                                                }
                                            ]
                                        },
                                        {
                                            "Node Type": "Hash",
                                            "Parent Relationship": "Inner",
                                            "Parallel Aware": true,
                                            "Startup Cost": 246246.72,
                                            "Total Cost": 246246.72,
                                            "Plan Rows": 42006,
                                            "Plan Width": 8,
                                            "Actual Startup Time": 661.383,
                                            "Actual Total Time": 661.503,
                                            "Actual Rows": 133312,
                                            "Actual Loops": 4,
                                            "Output": [
                                                "t.id",
                                                "mi.movie_id"
                                            ],
                                            "Hash Buckets": 1048576,
                                            "Original Hash Buckets": 262144,
                                            "Hash Batches": 1,
                                            "Original Hash Batches": 1,
                                            "Peak Memory Usage": 35264,
                                            "Workers": [
                                                {
                                                    "Worker Number": 0,
                                                    "Actual Startup Time": 659.262,
                                                    "Actual Total Time": 659.266,
                                                    "Actual Rows": 144988,
                                                    "Actual Loops": 1
                                                },
                                                {
                                                    "Worker Number": 1,
                                                    "Actual Startup Time": 659.675,
                                                    "Actual Total Time": 659.678,
                                                    "Actual Rows": 101182,
                                                    "Actual Loops": 1
                                                },
                                                {
                                                    "Worker Number": 2,
                                                    "Actual Startup Time": 659.901,
                                                    "Actual Total Time": 659.905,
                                                    "Actual Rows": 141571,
                                                    "Actual Loops": 1
                                                }
                                            ],
                                            "Plans": [
                                                {
                                                    "Node Type": "Hash Join",
                                                    "Parent Relationship": "Outer",
                                                    "Parallel Aware": true,
                                                    "Join Type": "Inner",
                                                    "Startup Cost": 46285.61,
                                                    "Total Cost": 246246.72,
                                                    "Plan Rows": 42006,
                                                    "Plan Width": 8,
                                                    "Actual Startup Time": 180.541,
                                                    "Actual Total Time": 599.545,
                                                    "Actual Rows": 133312,
                                                    "Actual Loops": 4,
                                                    "Output": [
                                                        "t.id",
                                                        "mi.movie_id"
                                                    ],
                                                    "Inner Unique": true,
                                                    "Hash Cond": "(mi.movie_id = t.id)",
                                                    "Workers": [
                                                        {
                                                            "Worker Number": 0,
                                                            "Actual Startup Time": 178.399,
                                                            "Actual Total Time": 597.169,
                                                            "Actual Rows": 144988,
                                                            "Actual Loops": 1
                                                        },
                                                        {
                                                            "Worker Number": 1,
                                                            "Actual Startup Time": 178.793,
                                                            "Actual Total Time": 599.838,
                                                            "Actual Rows": 101182,
                                                            "Actual Loops": 1
                                                        },
                                                        {
                                                            "Worker Number": 2,
                                                            "Actual Startup Time": 178.974,
                                                            "Actual Total Time": 596.414,
                                                            "Actual Rows": 141571,
                                                            "Actual Loops": 1
                                                        }
                                                    ],
                                                    "Plans": [
                                                        {
                                                            "Node Type": "Seq Scan",
                                                            "Parent Relationship": "Outer",
                                                            "Parallel Aware": true,
                                                            "Relation Name": "movie_info",
                                                            "Schema": "public",
                                                            "Alias": "mi",
                                                            "Startup Cost": 0.0,
                                                            "Total Cost": 198880.74,
                                                            "Plan Rows": 411570,
                                                            "Plan Width": 4,
                                                            "Actual Startup Time": 34.919,
                                                            "Actual Total Time": 363.601,
                                                            "Actual Rows": 522767,
                                                            "Actual Loops": 4,
                                                            "Output": [
                                                                "mi.id",
                                                                "mi.movie_id",
                                                                "mi.info_type_id",
                                                                "mi.info",
                                                                "mi.note"
                                                            ],
                                                            "Filter": "(mi.info_type_id < 3)",
                                                            "Rows Removed by Filter": 3186163,
                                                            "Workers": [
                                                                {
                                                                    "Worker Number": 0,
                                                                    "Actual Startup Time": 34.922,
                                                                    "Actual Total Time": 364.515,
                                                                    "Actual Rows": 561870,
                                                                    "Actual Loops": 1
                                                                },
                                                                {
                                                                    "Worker Number": 1,
                                                                    "Actual Startup Time": 34.913,
                                                                    "Actual Total Time": 368.022,
                                                                    "Actual Rows": 395313,
                                                                    "Actual Loops": 1
                                                                },
                                                                {
                                                                    "Worker Number": 2,
                                                                    "Actual Startup Time": 34.912,
                                                                    "Actual Total Time": 361.417,
                                                                    "Actual Rows": 554530,
                                                                    "Actual Loops": 1
                                                                }
                                                            ]
                                                        },
                                                        {
                                                            "Node Type": "Hash",
                                                            "Parent Relationship": "Inner",
                                                            "Parallel Aware": true,
                                                            "Startup Cost": 45479.21,
                                                            "Total Cost": 45479.21,
                                                            "Plan Rows": 64512,
                                                            "Plan Width": 4,
                                                            "Actual Startup Time": 125.579,
                                                            "Actual Total Time": 125.581,
                                                            "Actual Rows": 91654,
                                                            "Actual Loops": 4,
                                                            "Output": [
                                                                "t.id"
                                                            ],
                                                            "Hash Buckets": 524288,
                                                            "Original Hash Buckets": 262144,
                                                            "Hash Batches": 1,
                                                            "Original Hash Batches": 1,
                                                            "Peak Memory Usage": 20544,
                                                            "Workers": [
                                                                {
                                                                    "Worker Number": 0,
                                                                    "Actual Startup Time": 123.85,
                                                                    "Actual Total Time": 123.851,
                                                                    "Actual Rows": 94820,
                                                                    "Actual Loops": 1
                                                                },
                                                                {
                                                                    "Worker Number": 1,
                                                                    "Actual Startup Time": 124.253,
                                                                    "Actual Total Time": 124.254,
                                                                    "Actual Rows": 65114,
                                                                    "Actual Loops": 1
                                                                },
                                                                {
                                                                    "Worker Number": 2,
                                                                    "Actual Startup Time": 124.458,
                                                                    "Actual Total Time": 124.459,
                                                                    "Actual Rows": 96809,
                                                                    "Actual Loops": 1
                                                                }
                                                            ],
                                                            "Plans": [
                                                                {
                                                                    "Node Type": "Seq Scan",
                                                                    "Parent Relationship": "Outer",
                                                                    "Parallel Aware": true,
                                                                    "Relation Name": "title",
                                                                    "Schema": "public",
                                                                    "Alias": "t",
                                                                    "Startup Cost": 0.0,
                                                                    "Total Cost": 45479.21,
                                                                    "Plan Rows": 64512,
                                                                    "Plan Width": 4,
                                                                    "Actual Startup Time": 52.137,
                                                                    "Actual Total Time": 92.45,
                                                                    "Actual Rows": 91654,
                                                                    "Actual Loops": 4,
                                                                    "Output": [
                                                                        "t.id"
                                                                    ],
                                                                    "Filter": "((t.production_year < 1999) AND (t.kind_id = 1))",
                                                                    "Rows Removed by Filter": 540424,
                                                                    "Workers": [
                                                                        {
                                                                            "Worker Number": 0,
                                                                            "Actual Startup Time": 50.467,
                                                                            "Actual Total Time": 91.376,
                                                                            "Actual Rows": 94820,
                                                                            "Actual Loops": 1
                                                                        },
                                                                        {
                                                                            "Worker Number": 1,
                                                                            "Actual Startup Time": 50.805,
                                                                            "Actual Total Time": 93.136,
                                                                            "Actual Rows": 65114,
                                                                            "Actual Loops": 1
                                                                        },
                                                                        {
                                                                            "Worker Number": 2,
                                                                            "Actual Startup Time": 50.971,
                                                                            "Actual Total Time": 91.384,
                                                                            "Actual Rows": 96809,
                                                                            "Actual Loops": 1
                                                                        }
                                                                    ]
                                                                }
                                                            ]
                                                        }
                                                    ]
                                                }
                                            ]
                                        }
                                    ]
                                }
                            ]
                        }
                    ]
                }
            ]
        },
        "Planning Time": 197.847,
        "Triggers": [],
        "Execution Time": 1017.457
    }
]