[
  {
    "Plan": {
      "Node Type": "Aggregate",
      "Strategy": "Plain",
      "Partial Mode": "Finalize",
      "Parallel Aware": false,
      "Startup Cost": 126457.79,
      "Total Cost": 126457.8,
      "Plan Rows": 1,
      "Plan Width": 8,
      "Actual Startup Time": 453.06,
      "Actual Total Time": 475.748,
      "Actual Rows": 1,
      "Actual Loops": 1,
      "Plans": [
        {
          "Node Type": "Gather",
          "Parent Relationship": "Outer",
          "Parallel Aware": false,
          "Startup Cost": 126457.48,
          "Total Cost": 126457.79,
          "Plan Rows": 3,
          "Plan Width": 8,
          "Actual Startup Time": 450.702,
          "Actual Total Time": 475.736,
          "Actual Rows": 4,
          "Actual Loops": 1,
          "Workers Planned": 3,
          "Workers Launched": 3,
          "Single Copy": false,
          "Plans": [
            {
              "Node Type": "Aggregate",
              "Strategy": "Plain",
              "Partial Mode": "Partial",
              "Parent Relationship": "Outer",
              "Parallel Aware": false,
              "Startup Cost": 125457.48,
              "Total Cost": 125457.49,
              "Plan Rows": 1,
              "Plan Width": 8,
              "Actual Startup Time": 444.7,
              "Actual Total Time": 444.803,
              "Actual Rows": 1,
              "Actual Loops": 4,
              "Plans": [
                {
                  "Node Type": "Hash Join",
                  "Parent Relationship": "Outer",
                  "Parallel Aware": true,
                  "Join Type": "Inner",
                  "Startup Cost": 77692.8,
                  "Total Cost": 125242.44,
                  "Plan Rows": 86013,
                  "Plan Width": 0,
                  "Actual Startup Time": 256.763,
                  "Actual Total Time": 443.587,
                  "Actual Rows": 26920,
                  "Actual Loops": 4,
                  "Inner Unique": false,
                  "Hash Cond": "(mk.movie_id = t.id)",
                  "Plans": [
                    {
                      "Node Type": "Seq Scan",
                      "Parent Relationship": "Outer",
                      "Parallel Aware": true,
                      "Relation Name": "movie_keyword",
                      "Alias": "mk",
                      "Startup Cost": 0.0,
                      "Total Cost": 42695.65,
                      "Plan Rows": 1220408,
                      "Plan Width": 4,
                      "Actual Startup Time": 0.036,
                      "Actual Total Time": 117.472,
                      "Actual Rows": 947780,
                      "Actual Loops": 4,
                      "Filter": "(keyword_id < 25676)",
                      "Rows Removed by Filter": 183202
                    },
                    {
                      "Node Type": "Hash",
                      "Parent Relationship": "Inner",
                      "Parallel Aware": true,
                      "Startup Cost": 76974.29,
                      "Total Cost": 76974.29,
                      "Plan Rows": 57481,
                      "Plan Width": 8,
                      "Actual Startup Time": 254.182,
                      "Actual Total Time": 254.283,
                      "Actual Rows": 31359,
                      "Actual Loops": 4,
                      "Hash Buckets": 262144,
                      "Original Hash Buckets": 262144,
                      "Hash Batches": 1,
                      "Original Hash Batches": 1,
                      "Peak Memory Usage": 6976,
                      "Plans": [
                        {
                          "Node Type": "Hash Join",
                          "Parent Relationship": "Outer",
                          "Parallel Aware": true,
                          "Join Type": "Inner",
                          "Startup Cost": 46541.85,
                          "Total Cost": 76974.29,
                          "Plan Rows": 57481,
                          "Plan Width": 8,
                          "Actual Startup Time": 152.556,
                          "Actual Total Time": 245.079,
                          "Actual Rows": 31359,
                          "Actual Loops": 4,
                          "Inner Unique": true,
                          "Hash Cond": "(mc.movie_id = t.id)",
                          "Plans": [
                            {
                              "Node Type": "Seq Scan",
                              "Parent Relationship": "Outer",
                              "Parallel Aware": true,
                              "Relation Name": "movie_companies",
                              "Alias": "mc",
                              "Startup Cost": 0.0,
                              "Total Cost": 29310.68,
                              "Plan Rows": 427336,
                              "Plan Width": 4,
                              "Actual Startup Time": 28.065,
                              "Actual Total Time": 69.503,
                              "Actual Rows": 333721,
                              "Actual Loops": 4,
                              "Filter": "(company_type_id > 1)",
                              "Rows Removed by Filter": 318562
                            },
                            {
                              "Node Type": "Hash",
                              "Parent Relationship": "Inner",
                              "Parallel Aware": true,
                              "Startup Cost": 45479.1,
                              "Total Cost": 45479.1,
                              "Plan Rows": 85020,
                              "Plan Width": 4,
                              "Actual Startup Time": 122.344,
                              "Actual Total Time": 122.345,
                              "Actual Rows": 58478,
                              "Actual Loops": 4,
                              "Hash Buckets": 524288,
                              "Original Hash Buckets": 524288,
                              "Hash Batches": 1,
                              "Original Hash Batches": 1,
                              "Peak Memory Usage": 13312,
                              "Plans": [
                                {
                                  "Node Type": "Seq Scan",
                                  "Parent Relationship": "Outer",
                                  "Parallel Aware": true,
                                  "Relation Name": "title",
                                  "Alias": "t",
                                  "Startup Cost": 0.0,
                                  "Total Cost": 45479.1,
                                  "Plan Rows": 85020,
                                  "Plan Width": 4,
                                  "Actual Startup Time": 0.041,
                                  "Actual Total Time": 94.83,
                                  "Actual Rows": 58478,
                                  "Actual Loops": 4,
                                  "Filter": "((production_year < 1984) AND (kind_id = 7))",
                                  "Rows Removed by Filter": 573600
                                }
                              ]
                            }
                          ]
                        }
                      ]
                    }
                  ]
                }
              ]
            }
          ]
        }
      ]
    },
    "Planning Time": 1.453,
    "Triggers": [],
    "Execution Time": 475.836
  }
]