[
  {
    "Plan": {
      "Node Type": "Aggregate",
      "Strategy": "Plain",
      "Partial Mode": "Finalize",
      "Parallel Aware": false,
      "Startup Cost": 31795.27,
      "Total Cost": 31795.28,
      "Plan Rows": 1,
      "Plan Width": 8,
      "Actual Startup Time": 108.672,
      "Actual Total Time": 116.777,
      "Actual Rows": 1,
      "Actual Loops": 1,
      "Plans": [
        {
          "Node Type": "Gather",
          "Parent Relationship": "Outer",
          "Parallel Aware": false,
          "Startup Cost": 31794.95,
          "Total Cost": 31795.26,
          "Plan Rows": 3,
          "Plan Width": 8,
          "Actual Startup Time": 108.561,
          "Actual Total Time": 116.77,
          "Actual Rows": 4,
          "Actual Loops": 1,
          "Workers Planned": 3,
          "Workers Launched": 3,
          "Single Copy": false,
          "Plans": [
            {
              "Node Type": "Aggregate",
              "Strategy": "Plain",
              "Partial Mode": "Partial",
              "Parent Relationship": "Outer",
              "Parallel Aware": false,
              "Startup Cost": 30794.95,
              "Total Cost": 30794.96,
              "Plan Rows": 1,
              "Plan Width": 8,
              "Actual Startup Time": 102.807,
              "Actual Total Time": 102.808,
              "Actual Rows": 1,
              "Actual Loops": 4,
              "Plans": [
                {
                  "Node Type": "Seq Scan",
                  "Parent Relationship": "Outer",
                  "Parallel Aware": true,
                  "Relation Name": "movie_companies",
                  "Alias": "mc",
                  "Startup Cost": 0.0,
                  "Total Cost": 29310.68,
                  "Plan Rows": 593709,
                  "Plan Width": 0,
                  "Actual Startup Time": 0.04,
                  "Actual Total Time": 79.77,
                  "Actual Rows": 456482,
                  "Actual Loops": 4,
                  "Filter": "(company_id < 32341)",
                  "Rows Removed by Filter": 195801
                }
              ]
            }
          ]
        }
      ]
    },
    "Planning Time": 0.165,
    "Triggers": [],
    "Execution Time": 116.84
  }
]