[
  {
    "Plan": {
      "Node Type": "Aggregate",
      "Strategy": "Plain",
      "Partial Mode": "Finalize",
      "Parallel Aware": false,
      "Startup Cost": 593759.92,
      "Total Cost": 593759.93,
      "Plan Rows": 1,
      "Plan Width": 8,
      "Actual Startup Time": 3408.858,
      "Actual Total Time": 3509.682,
      "Actual Rows": 1,
      "Actual Loops": 1,
      "Plans": [
        {
          "Node Type": "Gather",
          "Parent Relationship": "Outer",
          "Parallel Aware": false,
          "Startup Cost": 593759.4,
          "Total Cost": 593759.91,
          "Plan Rows": 5,
          "Plan Width": 8,
          "Actual Startup Time": 3403.881,
          "Actual Total Time": 3509.67,
          "Actual Rows": 6,
          "Actual Loops": 1,
          "Workers Planned": 5,
          "Workers Launched": 5,
          "Single Copy": false,
          "Plans": [
            {
              "Node Type": "Aggregate",
              "Strategy": "Plain",
              "Partial Mode": "Partial",
              "Parent Relationship": "Outer",
              "Parallel Aware": false,
              "Startup Cost": 592759.4,
              "Total Cost": 592759.41,
              "Plan Rows": 1,
              "Plan Width": 8,
              "Actual Startup Time": 3389.778,
              "Actual Total Time": 3389.819,
              "Actual Rows": 1,
              "Actual Loops": 6,
              "Plans": [
                {
                  "Node Type": "Hash Join",
                  "Parent Relationship": "Outer",
                  "Parallel Aware": true,
                  "Join Type": "Inner",
                  "Startup Cost": 383540.83,
                  "Total Cost": 588817.1,
                  "Plan Rows": 1576918,
                  "Plan Width": 0,
                  "Actual Startup Time": 1495.506,
                  "Actual Total Time": 3115.93,
                  "Actual Rows": 6118274,
                  "Actual Loops": 6,
                  "Inner Unique": false,
                  "Hash Cond": "(mi.movie_id = t.id)",
                  "Plans": [
                    {
                      "Node Type": "Seq Scan",
                      "Parent Relationship": "Outer",
                      "Parallel Aware": true,
                      "Relation Name": "movie_info",
                      "Alias": "mi",
                      "Startup Cost": 0.0,
                      "Total Cost": 191560.33,
                      "Plan Rows": 2956733,
                      "Plan Width": 4,
                      "Actual Startup Time": 0.033,
                      "Actual Total Time": 320.156,
                      "Actual Rows": 2472620,
                      "Actual Loops": 6
                    },
                    {
                      "Node Type": "Hash",
                      "Parent Relationship": "Inner",
                      "Parallel Aware": true,
                      "Startup Cost": 380731.63,
                      "Total Cost": 380731.63,
                      "Plan Rows": 224736,
                      "Plan Width": 8,
                      "Actual Startup Time": 1488.0,
                      "Actual Total Time": 1488.04,
                      "Actual Rows": 243379,
                      "Actual Loops": 6,
                      "Hash Buckets": 2097152,
                      "Original Hash Buckets": 2097152,
                      "Hash Batches": 1,
                      "Original Hash Batches": 1,
                      "Peak Memory Usage": 73632,
                      "Plans": [
                        {
                          "Node Type": "Hash Join",
                          "Parent Relationship": "Outer",
                          "Parallel Aware": true,
                          "Join Type": "Inner",
                          "Startup Cost": 46212.27,
                          "Total Cost": 380731.63,
                          "Plan Rows": 224736,
                          "Plan Width": 8,
                          "Actual Startup Time": 407.068,
                          "Actual Total Time": 1364.21,
                          "Actual Rows": 243379,
                          "Actual Loops": 6,
                          "Inner Unique": true,
                          "Hash Cond": "(ci.movie_id = t.id)",
                          "Plans": [
                            {
                              "Node Type": "Seq Scan",
                              "Parent Relationship": "Outer",
                              "Parallel Aware": true,
                              "Relation Name": "cast_info",
                              "Alias": "ci",
                              "Startup Cost": 0.0,
                              "Total Cost": 328162.03,
                              "Plan Rows": 2421838,
                              "Plan Width": 4,
                              "Actual Startup Time": 296.973,
                              "Actual Total Time": 771.046,
                              "Actual Rows": 2414690,
                              "Actual Loops": 6,
                              "Filter": "(person_id > 2211473)",
                              "Rows Removed by Filter": 3626034
                            },
                            {
                              "Node Type": "Hash",
                              "Parent Relationship": "Inner",
                              "Parallel Aware": true,
                              "Startup Cost": 45479.1,
                              "Total Cost": 45479.1,
                              "Plan Rows": 58654,
                              "Plan Width": 4,
                              "Actual Startup Time": 109.538,
                              "Actual Total Time": 109.54,
                              "Actual Rows": 34694,
                              "Actual Loops": 6,
                              "Hash Buckets": 262144,
                              "Original Hash Buckets": 262144,
                              "Hash Batches": 1,
                              "Original Hash Batches": 1,
                              "Peak Memory Usage": 10272,
                              "Plans": [
                                {
                                  "Node Type": "Seq Scan",
                                  "Parent Relationship": "Outer",
                                  "Parallel Aware": true,
                                  "Relation Name": "title",
                                  "Alias": "t",
                                  "Startup Cost": 0.0,
                                  "Total Cost": 45479.1,
                                  "Plan Rows": 58654,
                                  "Plan Width": 4,
                                  "Actual Startup Time": 0.069,
                                  "Actual Total Time": 92.644,
                                  "Actual Rows": 34694,
                                  "Actual Loops": 6,
                                  "Filter": "((kind_id < 3) AND (production_year > 2007))",
                                  "Rows Removed by Filter": 386692
                                }
                              ]
                            }
                          ]
                        }
                      ]
                    }
                  ]
                }
              ]
            }
          ]
        }
      ]
    },
    "Planning Time": 1.331,
    "Triggers": [],
    "Execution Time": 3509.785
  }
]