[
  {
    "Plan": {
      "Node Type": "Aggregate",
      "Strategy": "Plain",
      "Partial Mode": "Finalize",
      "Parallel Aware": false,
      "Startup Cost": 44385.27,
      "Total Cost": 44385.28,
      "Plan Rows": 1,
      "Plan Width": 8,
      "Actual Startup Time": 104.093,
      "Actual Total Time": 112.637,
      "Actual Rows": 1,
      "Actual Loops": 1,
      "Plans": [
        {
          "Node Type": "Gather",
          "Parent Relationship": "Outer",
          "Parallel Aware": false,
          "Startup Cost": 44384.95,
          "Total Cost": 44385.26,
          "Plan Rows": 3,
          "Plan Width": 8,
          "Actual Startup Time": 103.957,
          "Actual Total Time": 112.63,
          "Actual Rows": 4,
          "Actual Loops": 1,
          "Workers Planned": 3,
          "Workers Launched": 3,
          "Single Copy": false,
          "Plans": [
            {
              "Node Type": "Aggregate",
              "Strategy": "Plain",
              "Partial Mode": "Partial",
              "Parent Relationship": "Outer",
              "Parallel Aware": false,
              "Startup Cost": 43384.95,
              "Total Cost": 43384.96,
              "Plan Rows": 1,
              "Plan Width": 8,
              "Actual Startup Time": 98.974,
              "Actual Total Time": 98.975,
              "Actual Rows": 1,
              "Actual Loops": 4,
              "Plans": [
                {
                  "Node Type": "Seq Scan",
                  "Parent Relationship": "Outer",
                  "Parallel Aware": true,
                  "Relation Name": "movie_keyword",
                  "Alias": "mk",
                  "Startup Cost": 0.0,
                  "Total Cost": 42695.65,
                  "Plan Rows": 275720,
                  "Plan Width": 0,
                  "Actual Startup Time": 0.034,
                  "Actual Total Time": 89.528,
                  "Actual Rows": 212253,
                  "Actual Loops": 4,
                  "Filter": "(keyword_id < 813)",
                  "Rows Removed by Filter": 918730
                }
              ]
            }
          ]
        }
      ]
    },
    "Planning Time": 0.183,
    "Triggers": [],
    "Execution Time": 112.69
  }
]