[
  {
    "Plan": {
      "Node Type": "Aggregate",
      "Strategy": "Plain",
      "Partial Mode": "Finalize",
      "Parallel Aware": false,
      "Startup Cost": 44374.2,
      "Total Cost": 44374.21,
      "Plan Rows": 1,
      "Plan Width": 8,
      "Actual Startup Time": 140.624,
      "Actual Total Time": 151.377,
      "Actual Rows": 1,
      "Actual Loops": 1,
      "Plans": [
        {
          "Node Type": "Gather",
          "Parent Relationship": "Outer",
          "Parallel Aware": false,
          "Startup Cost": 44373.88,
          "Total Cost": 44374.19,
          "Plan Rows": 3,
          "Plan Width": 8,
          "Actual Startup Time": 140.485,
          "Actual Total Time": 151.367,
          "Actual Rows": 4,
          "Actual Loops": 1,
          "Workers Planned": 3,
          "Workers Launched": 3,
          "Single Copy": false,
          "Plans": [
            {
              "Node Type": "Aggregate",
              "Strategy": "Plain",
              "Partial Mode": "Partial",
              "Parent Relationship": "Outer",
              "Parallel Aware": false,
              "Startup Cost": 43373.88,
              "Total Cost": 43373.89,
              "Plan Rows": 1,
              "Plan Width": 8,
              "Actual Startup Time": 132.082,
              "Actual Total Time": 132.083,
              "Actual Rows": 1,
              "Actual Loops": 4,
              "Plans": [
                {
                  "Node Type": "Seq Scan",
                  "Parent Relationship": "Outer",
                  "Parallel Aware": true,
                  "Relation Name": "movie_keyword",
                  "Alias": "mk",
                  "Startup Cost": 0.0,
                  "Total Cost": 42695.65,
                  "Plan Rows": 271290,
                  "Plan Width": 0,
                  "Actual Startup Time": 0.063,
                  "Actual Total Time": 119.226,
                  "Actual Rows": 212253,
                  "Actual Loops": 4,
                  "Filter": "(keyword_id < 813)",
                  "Rows Removed by Filter": 918730
                }
              ]
            }
          ]
        }
      ]
    },
    "Planning Time": 0.186,
    "Triggers": [],
    "Execution Time": 151.439
  }
]