[
  {
    "Plan": {
      "Node Type": "Aggregate",
      "Strategy": "Plain",
      "Partial Mode": "Finalize",
      "Parallel Aware": false,
      "Startup Cost": 339008.76,
      "Total Cost": 339008.77,
      "Plan Rows": 1,
      "Plan Width": 8,
      "Actual Startup Time": 343.737,
      "Actual Total Time": 360.621,
      "Actual Rows": 1,
      "Actual Loops": 1,
      "Plans": [
        {
          "Node Type": "Gather",
          "Parent Relationship": "Outer",
          "Parallel Aware": false,
          "Startup Cost": 339008.14,
          "Total Cost": 339008.75,
          "Plan Rows": 6,
          "Plan Width": 8,
          "Actual Startup Time": 342.548,
          "Actual Total Time": 360.603,
          "Actual Rows": 7,
          "Actual Loops": 1,
          "Workers Planned": 6,
          "Workers Launched": 6,
          "Single Copy": false,
          "Plans": [
            {
              "Node Type": "Aggregate",
              "Strategy": "Plain",
              "Partial Mode": "Partial",
              "Parent Relationship": "Outer",
              "Parallel Aware": false,
              "Startup Cost": 338008.14,
              "Total Cost": 338008.15,
              "Plan Rows": 1,
              "Plan Width": 8,
              "Actual Startup Time": 333.447,
              "Actual Total Time": 333.449,
              "Actual Rows": 1,
              "Actual Loops": 7,
              "Plans": [
                {
                  "Node Type": "Bitmap Heap Scan",
                  "Parent Relationship": "Outer",
                  "Parallel Aware": true,
                  "Relation Name": "cast_info",
                  "Alias": "ci",
                  "Startup Cost": 75513.35,
                  "Total Cost": 336763.74,
                  "Plan Rows": 497761,
                  "Plan Width": 0,
                  "Actual Startup Time": 171.391,
                  "Actual Total Time": 326.683,
                  "Actual Rows": 105951,
                  "Actual Loops": 7,
                  "Recheck Cond": "(person_id > 3445066)",
                  "Rows Removed by Index Recheck": 0,
                  "Filter": "(role_id < 10)",
                  "Rows Removed by Filter": 373775,
                  "Exact Heap Blocks": 14191,
                  "Lossy Heap Blocks": 0,
                  "Plans": [
                    {
                      "Node Type": "Bitmap Index Scan",
                      "Parent Relationship": "Outer",
                      "Parallel Aware": false,
                      "Index Name": "person_id_cast_info",
                      "Startup Cost": 0.0,
                      "Total Cost": 74766.71,
                      "Plan Rows": 3425353,
                      "Plan Width": 0,
                      "Actual Startup Time": 171.378,
                      "Actual Total Time": 171.379,
                      "Actual Rows": 3358081,
                      "Actual Loops": 1,
                      "Index Cond": "(person_id > 3445066)"
                    }
                  ]
                }
              ]
            }
          ]
        }
      ]
    },
    "Planning Time": 0.193,
    "Triggers": [],
    "Execution Time": 360.688
  }
]