[
  {
    "Plan": {
      "Node Type": "Aggregate",
      "Strategy": "Plain",
      "Partial Mode": "Finalize",
      "Parallel Aware": false,
      "Startup Cost": 341289.75,
      "Total Cost": 341289.76,
      "Plan Rows": 1,
      "Plan Width": 8,
      "Actual Startup Time": 335.137,
      "Actual Total Time": 348.8,
      "Actual Rows": 1,
      "Actual Loops": 1,
      "Plans": [
        {
          "Node Type": "Gather",
          "Parent Relationship": "Outer",
          "Parallel Aware": false,
          "Startup Cost": 341289.13,
          "Total Cost": 341289.74,
          "Plan Rows": 6,
          "Plan Width": 8,
          "Actual Startup Time": 333.953,
          "Actual Total Time": 348.792,
          "Actual Rows": 7,
          "Actual Loops": 1,
          "Workers Planned": 6,
          "Workers Launched": 6,
          "Single Copy": false,
          "Plans": [
            {
              "Node Type": "Aggregate",
              "Strategy": "Plain",
              "Partial Mode": "Partial",
              "Parent Relationship": "Outer",
              "Parallel Aware": false,
              "Startup Cost": 340289.13,
              "Total Cost": 340289.14,
              "Plan Rows": 1,
              "Plan Width": 8,
              "Actual Startup Time": 322.934,
              "Actual Total Time": 322.935,
              "Actual Rows": 1,
              "Actual Loops": 7,
              "Plans": [
                {
                  "Node Type": "Bitmap Heap Scan",
                  "Parent Relationship": "Outer",
                  "Parallel Aware": true,
                  "Relation Name": "cast_info",
                  "Alias": "ci",
                  "Startup Cost": 77537.41,
                  "Total Cost": 339013.58,
                  "Plan Rows": 510221,
                  "Plan Width": 0,
                  "Actual Startup Time": 172.312,
                  "Actual Total Time": 316.456,
                  "Actual Rows": 105951,
                  "Actual Loops": 7,
                  "Recheck Cond": "(person_id > 3445066)",
                  "Rows Removed by Index Recheck": 0,
                  "Filter": "(role_id < 10)",
                  "Rows Removed by Filter": 373775,
                  "Exact Heap Blocks": 13323,
                  "Lossy Heap Blocks": 0,
                  "Plans": [
                    {
                      "Node Type": "Bitmap Index Scan",
                      "Parent Relationship": "Outer",
                      "Parallel Aware": false,
                      "Index Name": "person_id_cast_info",
                      "Startup Cost": 0.0,
                      "Total Cost": 76772.07,
                      "Plan Rows": 3515668,
                      "Plan Width": 0,
                      "Actual Startup Time": 173.89,
                      "Actual Total Time": 173.891,
                      "Actual Rows": 3358081,
                      "Actual Loops": 1,
                      "Index Cond": "(person_id > 3445066)"
                    }
                  ]
                }
              ]
            }
          ]
        }
      ]
    },
    "Planning Time": 0.204,
    "Triggers": [],
    "Execution Time": 348.872
  }
]