[
  {
    "Plan": {
      "Node Type": "Aggregate",
      "Strategy": "Plain",
      "Partial Mode": "Finalize",
      "Parallel Aware": false,
      "Startup Cost": 47350.6,
      "Total Cost": 47350.61,
      "Plan Rows": 1,
      "Plan Width": 8,
      "Actual Startup Time": 140.364,
      "Actual Total Time": 155.784,
      "Actual Rows": 1,
      "Actual Loops": 1,
      "Plans": [
        {
          "Node Type": "Gather",
          "Parent Relationship": "Outer",
          "Parallel Aware": false,
          "Startup Cost": 47350.18,
          "Total Cost": 47350.59,
          "Plan Rows": 4,
          "Plan Width": 8,
          "Actual Startup Time": 140.201,
          "Actual Total Time": 155.774,
          "Actual Rows": 5,
          "Actual Loops": 1,
          "Workers Planned": 4,
          "Workers Launched": 4,
          "Single Copy": false,
          "Plans": [
            {
              "Node Type": "Aggregate",
              "Strategy": "Plain",
              "Partial Mode": "Partial",
              "Parent Relationship": "Outer",
              "Parallel Aware": false,
              "Startup Cost": 46350.18,
              "Total Cost": 46350.19,
              "Plan Rows": 1,
              "Plan Width": 8,
              "Actual Startup Time": 131.54,
              "Actual Total Time": 131.541,
              "Actual Rows": 1,
              "Actual Loops": 5,
              "Plans": [
                {
                  "Node Type": "Seq Scan",
                  "Parent Relationship": "Outer",
                  "Parallel Aware": true,
                  "Relation Name": "title",
                  "Alias": "t",
                  "Startup Cost": 0.0,
                  "Total Cost": 45479.1,
                  "Plan Rows": 348434,
                  "Plan Width": 0,
                  "Actual Startup Time": 0.04,
                  "Actual Total Time": 112.05,
                  "Actual Rows": 294885,
                  "Actual Loops": 5,
                  "Filter": "((production_year > 1950) AND (kind_id = 7))",
                  "Rows Removed by Filter": 210777
                }
              ]
            }
          ]
        }
      ]
    },
    "Planning Time": 0.185,
    "Triggers": [],
    "Execution Time": 155.846
  }
]