{
  "Plan": {
    "Node Type": "Aggregate",
    "Strategy": "Plain",
    "Partial Mode": "Finalize",
    "Parallel Aware": false,
    "Startup Cost": 2535823.48,
    "Total Cost": 2535823.49,
    "Plan Rows": 1,
    "Plan Width": 8,
    "Actual Startup Time": 17153.091,
    "Actual Total Time": 17238.204,
    "Actual Rows": 1,
    "Actual Loops": 1,
    "Plans": [
      {
        "Node Type": "Gather",
        "Parent Relationship": "Outer",
        "Parallel Aware": false,
        "Startup Cost": 2535823.37,
        "Total Cost": 2535823.48,
        "Plan Rows": 1,
        "Plan Width": 8,
        "Actual Startup Time": 17114.49,
        "Actual Total Time": 17238.196,
        "Actual Rows": 2,
        "Actual Loops": 1,
        "Workers Planned": 1,
        "Workers Launched": 1,
        "Single Copy": false,
        "Plans": [
          {
            "Node Type": "Aggregate",
            "Strategy": "Plain",
            "Partial Mode": "Partial",
            "Parent Relationship": "Outer",
            "Parallel Aware": false,
            "Startup Cost": 2534823.37,
            "Total Cost": 2534823.38,
            "Plan Rows": 1,
            "Plan Width": 8,
            "Actual Startup Time": 17108.221,
            "Actual Total Time": 17108.227,
            "Actual Rows": 1,
            "Actual Loops": 2,
            "Plans": [
              {
                "Node Type": "Merge Join",
                "Parent Relationship": "Outer",
                "Parallel Aware": false,
                "Join Type": "Inner",
                "Startup Cost": 1104582.02,
                "Total Cost": 2479065.61,
                "Plan Rows": 22303105,
                "Plan Width": 0,
                "Actual Startup Time": 7336.441,
                "Actual Total Time": 15733.108,
                "Actual Rows": 33848518,
                "Actual Loops": 2,
                "Inner Unique": false,
                "Merge Cond": "(mi.movie_id = t.id)",
                "Plans": [
                  {
                    "Node Type": "Index Only Scan",
                    "Parent Relationship": "Outer",
                    "Parallel Aware": true,
                    "Scan Direction": "Forward",
                    "Index Name": "movie_id_movie_info",
                    "Relation Name": "movie_info",
                    "Alias": "mi",
                    "Startup Cost": 0.43,
                    "Total Cost": 1018223.42,
                    "Plan Rows": 8696274,
                    "Plan Width": 4,
                    "Actual Startup Time": 0.104,
                    "Actual Total Time": 2501.129,
                    "Actual Rows": 7417427,
                    "Actual Loops": 2,
                    "Heap Fetches": 14834854
                  },
                  {
                    "Node Type": "Sort",
                    "Parent Relationship": "Inner",
                    "Parallel Aware": false,
                    "Startup Cost": 1104580.13,
                    "Total Cost": 1120790.75,
                    "Plan Rows": 6484247,
                    "Plan Width": 8,
                    "Actual Startup Time": 7336.273,
                    "Actual Total Time": 9393.74,
                    "Actual Rows": 37303235,
                    "Actual Loops": 2,
                    "Sort Key": [
                      "ci.movie_id"
                    ],
                    "Sort Method": "quicksort",
                    "Sort Space Used": 520741,
                    "Sort Space Type": "Memory",
                    "Workers": [
                      {
                        "Worker Number": 0,
                        "Sort Method": "quicksort",
                        "Sort Space Used": 520741,
                        "Sort Space Type": "Memory"
                      }
                    ],
                    "Plans": [
                      {
                        "Node Type": "Hash Join",
                        "Parent Relationship": "Outer",
                        "Parallel Aware": false,
                        "Join Type": "Inner",
                        "Startup Cost": 95430.5,
                        "Total Cost": 370935.97,
                        "Plan Rows": 6484247,
                        "Plan Width": 8,
                        "Actual Startup Time": 888.623,
                        "Actual Total Time": 5428.814,
                        "Actual Rows": 6914835,
                        "Actual Loops": 2,
                        "Inner Unique": true,
                        "Hash Cond": "(ci.movie_id = t.id)",
                        "Plans": [
                          {
                            "Node Type": "Index Scan",
                            "Parent Relationship": "Outer",
                            "Parallel Aware": false,
                            "Scan Direction": "Forward",
                            "Index Name": "role_id_cast_info",
                            "Relation Name": "cast_info",
                            "Alias": "ci",
                            "Startup Cost": 0.56,
                            "Total Cost": 256175.64,
                            "Plan Rows": 7363947,
                            "Plan Width": 4,
                            "Actual Startup Time": 0.173,
                            "Actual Total Time": 1092.945,
                            "Actual Rows": 7451973,
                            "Actual Loops": 2,
                            "Index Cond": "(role_id = 2)",
                            "Rows Removed by Index Recheck": 0
                          },
                          {
                            "Node Type": "Hash",
                            "Parent Relationship": "Inner",
                            "Parallel Aware": false,
                            "Startup Cost": 67601.66,
                            "Total Cost": 67601.66,
                            "Plan Rows": 2226262,
                            "Plan Width": 4,
                            "Actual Startup Time": 870.113,
                            "Actual Total Time": 870.115,
                            "Actual Rows": 2214818,
                            "Actual Loops": 2,
                            "Hash Buckets": 4194304,
                            "Original Hash Buckets": 4194304,
                            "Hash Batches": 1,
                            "Original Hash Batches": 1,
                            "Peak Memory Usage": 110633,
                            "Plans": [
                              {
                                "Node Type": "Seq Scan",
                                "Parent Relationship": "Outer",
                                "Parallel Aware": false,
                                "Relation Name": "title",
                                "Alias": "t",
                                "Startup Cost": 0.0,
                                "Total Cost": 67601.66,
                                "Plan Rows": 2226262,
                                "Plan Width": 4,
                                "Actual Startup Time": 0.038,
                                "Actual Total Time": 325.911,
                                "Actual Rows": 2214818,
                                "Actual Loops": 2,
                                "Filter": "(production_year > 1959)",
                                "Rows Removed by Filter": 313494
                              }
                            ]
                          }
                        ]
                      }
                    ]
                  }
                ]
              }
            ]
          }
        ]
      }
    ]
  },
  "Planning Time": 0.913,
  "Triggers": [],
  "Execution Time": 17292.894
}