{
  "Plan": {
    "Node Type": "Aggregate",
    "Strategy": "Plain",
    "Partial Mode": "Finalize",
    "Parallel Aware": false,
    "Startup Cost": 453576.04,
    "Total Cost": 453576.05,
    "Plan Rows": 1,
    "Plan Width": 8,
    "Actual Startup Time": 6180.222,
    "Actual Total Time": 6235.188,
    "Actual Rows": 1,
    "Actual Loops": 1,
    "Plans": [
      {
        "Node Type": "Gather",
        "Parent Relationship": "Outer",
        "Parallel Aware": false,
        "Startup Cost": 453575.93,
        "Total Cost": 453576.04,
        "Plan Rows": 1,
        "Plan Width": 8,
        "Actual Startup Time": 6172.769,
        "Actual Total Time": 6235.18,
        "Actual Rows": 2,
        "Actual Loops": 1,
        "Workers Planned": 1,
        "Workers Launched": 1,
        "Single Copy": false,
        "Plans": [
          {
            "Node Type": "Aggregate",
            "Strategy": "Plain",
            "Partial Mode": "Partial",
            "Parent Relationship": "Outer",
            "Parallel Aware": false,
            "Startup Cost": 452575.93,
            "Total Cost": 452575.94,
            "Plan Rows": 1,
            "Plan Width": 8,
            "Actual Startup Time": 6164.105,
            "Actual Total Time": 6164.111,
            "Actual Rows": 1,
            "Actual Loops": 2,
            "Plans": [
              {
                "Node Type": "Hash Join",
                "Parent Relationship": "Outer",
                "Parallel Aware": true,
                "Join Type": "Inner",
                "Startup Cost": 137480.7,
                "Total Cost": 442576.21,
                "Plan Rows": 3999888,
                "Plan Width": 0,
                "Actual Startup Time": 975.61,
                "Actual Total Time": 4947.2,
                "Actual Rows": 30470714,
                "Actual Loops": 2,
                "Inner Unique": false,
                "Hash Cond": "(mi.movie_id = t.id)",
                "Plans": [
                  {
                    "Node Type": "Seq Scan",
                    "Parent Relationship": "Outer",
                    "Parallel Aware": true,
                    "Relation Name": "movie_info",
                    "Alias": "mi",
                    "Startup Cost": 0.0,
                    "Total Cost": 248955.74,
                    "Plan Rows": 8696274,
                    "Plan Width": 4,
                    "Actual Startup Time": 0.016,
                    "Actual Total Time": 621.618,
                    "Actual Rows": 7417860,
                    "Actual Loops": 2
                  },
                  {
                    "Node Type": "Hash",
                    "Parent Relationship": "Inner",
                    "Parallel Aware": true,
                    "Startup Cost": 128929.98,
                    "Total Cost": 128929.98,
                    "Plan Rows": 684058,
                    "Plan Width": 8,
                    "Actual Startup Time": 959.545,
                    "Actual Total Time": 959.549,
                    "Actual Rows": 584946,
                    "Actual Loops": 2,
                    "Hash Buckets": 2097152,
                    "Original Hash Buckets": 2097152,
                    "Hash Batches": 1,
                    "Original Hash Batches": 1,
                    "Peak Memory Usage": 62176,
                    "Plans": [
                      {
                        "Node Type": "Hash Join",
                        "Parent Relationship": "Outer",
                        "Parallel Aware": true,
                        "Join Type": "Inner",
                        "Startup Cost": 94129.6,
                        "Total Cost": 128929.98,
                        "Plan Rows": 684058,
                        "Plan Width": 8,
                        "Actual Startup Time": 599.782,
                        "Actual Total Time": 836.79,
                        "Actual Rows": 584946,
                        "Actual Loops": 2,
                        "Inner Unique": true,
                        "Hash Cond": "(mk.movie_id = t.id)",
                        "Plans": [
                          {
                            "Node Type": "Bitmap Heap Scan",
                            "Parent Relationship": "Outer",
                            "Parallel Aware": true,
                            "Relation Name": "movie_keyword",
                            "Alias": "mk",
                            "Startup Cost": 24668.9,
                            "Total Cost": 57673.63,
                            "Plan Rows": 684058,
                            "Plan Width": 4,
                            "Actual Startup Time": 66.757,
                            "Actual Total Time": 164.987,
                            "Actual Rows": 584946,
                            "Actual Loops": 2,
                            "Recheck Cond": "(keyword_id > 15964)",
                            "Rows Removed by Index Recheck": 0,
                            "Exact Heap Blocks": 12976,
                            "Lossy Heap Blocks": 0,
                            "Plans": [
                              {
                                "Node Type": "Bitmap Index Scan",
                                "Parent Relationship": "Outer",
                                "Parallel Aware": false,
                                "Index Name": "keyword_id_movie_keyword",
                                "Startup Cost": 0.0,
                                "Total Cost": 24378.17,
                                "Plan Rows": 1162899,
                                "Plan Width": 0,
                                "Actual Startup Time": 63.294,
                                "Actual Total Time": 63.294,
                                "Actual Rows": 1169891,
                                "Actual Loops": 1,
                                "Index Cond": "(keyword_id > 15964)"
                              }
                            ]
                          },
                          {
                            "Node Type": "Hash",
                            "Parent Relationship": "Inner",
                            "Parallel Aware": true,
                            "Startup Cost": 50870.31,
                            "Total Cost": 50870.31,
                            "Plan Rows": 1487231,
                            "Plan Width": 4,
                            "Actual Startup Time": 518.663,
                            "Actual Total Time": 518.664,
                            "Actual Rows": 1264156,
                            "Actual Loops": 2,
                            "Hash Buckets": 4194304,
                            "Original Hash Buckets": 4194304,
                            "Hash Batches": 1,
                            "Original Hash Batches": 1,
                            "Peak Memory Usage": 131680,
                            "Plans": [
                              {
                                "Node Type": "Seq Scan",
                                "Parent Relationship": "Outer",
                                "Parallel Aware": true,
                                "Relation Name": "title",
                                "Alias": "t",
                                "Startup Cost": 0.0,
                                "Total Cost": 50870.31,
                                "Plan Rows": 1487231,
                                "Plan Width": 4,
                                "Actual Startup Time": 0.032,
                                "Actual Total Time": 153.415,
                                "Actual Rows": 1264156,
                                "Actual Loops": 2
                              }
                            ]
                          }
                        ]
                      }
                    ]
                  }
                ]
              }
            ]
          }
        ]
      }
    ]
  },
  "Planning Time": 0.8,
  "Triggers": [],
  "Execution Time": 6235.291
}