[
  {
    "Plan": {
      "Node Type": "Aggregate",
      "Strategy": "Plain",
      "Partial Mode": "Finalize",
      "Parallel Aware": false,
      "Startup Cost": 80852.9,
      "Total Cost": 80852.91,
      "Plan Rows": 1,
      "Plan Width": 8,
      "Actual Startup Time": 199.96,
      "Actual Total Time": 215.183,
      "Actual Rows": 1,
      "Actual Loops": 1,
      "Plans": [
        {
          "Node Type": "Gather",
          "Parent Relationship": "Outer",
          "Parallel Aware": false,
          "Startup Cost": 80852.48,
          "Total Cost": 80852.89,
          "Plan Rows": 4,
          "Plan Width": 8,
          "Actual Startup Time": 199.271,
          "Actual Total Time": 215.174,
          "Actual Rows": 5,
          "Actual Loops": 1,
          "Workers Planned": 4,
          "Workers Launched": 4,
          "Single Copy": false,
          "Plans": [
            {
              "Node Type": "Aggregate",
              "Strategy": "Plain",
              "Partial Mode": "Partial",
              "Parent Relationship": "Outer",
              "Parallel Aware": false,
              "Startup Cost": 79852.48,
              "Total Cost": 79852.49,
              "Plan Rows": 1,
              "Plan Width": 8,
              "Actual Startup Time": 190.007,
              "Actual Total Time": 190.01,
              "Actual Rows": 1,
              "Actual Loops": 5,
              "Plans": [
                {
                  "Node Type": "Hash Join",
                  "Parent Relationship": "Outer",
                  "Parallel Aware": true,
                  "Join Type": "Inner",
                  "Startup Cost": 32931.88,
                  "Total Cost": 79660.39,
                  "Plan Rows": 76837,
                  "Plan Width": 0,
                  "Actual Startup Time": 149.935,
                  "Actual Total Time": 189.476,
                  "Actual Rows": 10871,
                  "Actual Loops": 5,
                  "Inner Unique": false,
                  "Hash Cond": "(t.id = mc.movie_id)",
                  "Plans": [
                    {
                      "Node Type": "Seq Scan",
                      "Parent Relationship": "Outer",
                      "Parallel Aware": true,
                      "Relation Name": "title",
                      "Alias": "t",
                      "Startup Cost": 0.0,
                      "Total Cost": 43898.92,
                      "Plan Rows": 516346,
                      "Plan Width": 4,
                      "Actual Startup Time": 0.016,
                      "Actual Total Time": 72.733,
                      "Actual Rows": 412910,
                      "Actual Loops": 5,
                      "Filter": "(production_year < 2011)",
                      "Rows Removed by Filter": 92752
                    },
                    {
                      "Node Type": "Hash",
                      "Parent Relationship": "Inner",
                      "Parallel Aware": true,
                      "Startup Cost": 31414.82,
                      "Total Cost": 31414.82,
                      "Plan Rows": 121365,
                      "Plan Width": 4,
                      "Actual Startup Time": 68.524,
                      "Actual Total Time": 68.525,
                      "Actual Rows": 12764,
                      "Actual Loops": 5,
                      "Hash Buckets": 524288,
                      "Original Hash Buckets": 524288,
                      "Hash Batches": 1,
                      "Original Hash Batches": 1,
                      "Peak Memory Usage": 6688,
                      "Plans": [
                        {
                          "Node Type": "Seq Scan",
                          "Parent Relationship": "Outer",
                          "Parallel Aware": true,
                          "Relation Name": "movie_companies",
                          "Alias": "mc",
                          "Startup Cost": 0.0,
                          "Total Cost": 31414.82,
                          "Plan Rows": 121365,
                          "Plan Width": 4,
                          "Actual Startup Time": 24.148,
                          "Actual Total Time": 62.47,
                          "Actual Rows": 12764,
                          "Actual Loops": 5,
                          "Filter": "((company_id > 32794) AND (company_type_id = 1))",
                          "Rows Removed by Filter": 509062
                        }
                      ]
                    }
                  ]
                }
              ]
            }
          ]
        }
      ]
    },
    "Planning Time": 0.618,
    "Triggers": [],
    "Execution Time": 215.252
  }
]