[
  {
    "Plan": {
      "Node Type": "Aggregate",
      "Strategy": "Plain",
      "Partial Mode": "Finalize",
      "Parallel Aware": false,
      "Startup Cost": 32743.92,
      "Total Cost": 32743.93,
      "Plan Rows": 1,
      "Plan Width": 8,
      "Actual Startup Time": 68.31,
      "Actual Total Time": 74.349,
      "Actual Rows": 1,
      "Actual Loops": 1,
      "Plans": [
        {
          "Node Type": "Gather",
          "Parent Relationship": "Outer",
          "Parallel Aware": false,
          "Startup Cost": 32743.6,
          "Total Cost": 32743.91,
          "Plan Rows": 3,
          "Plan Width": 8,
          "Actual Startup Time": 68.198,
          "Actual Total Time": 74.343,
          "Actual Rows": 4,
          "Actual Loops": 1,
          "Workers Planned": 3,
          "Workers Launched": 3,
          "Single Copy": false,
          "Plans": [
            {
              "Node Type": "Aggregate",
              "Strategy": "Plain",
              "Partial Mode": "Partial",
              "Parent Relationship": "Outer",
              "Parallel Aware": false,
              "Startup Cost": 31743.6,
              "Total Cost": 31743.61,
              "Plan Rows": 1,
              "Plan Width": 8,
              "Actual Startup Time": 65.066,
              "Actual Total Time": 65.067,
              "Actual Rows": 1,
              "Actual Loops": 4,
              "Plans": [
                {
                  "Node Type": "Seq Scan",
                  "Parent Relationship": "Outer",
                  "Parallel Aware": true,
                  "Relation Name": "movie_companies",
                  "Alias": "mc",
                  "Startup Cost": 0.0,
                  "Total Cost": 31414.82,
                  "Plan Rows": 131514,
                  "Plan Width": 0,
                  "Actual Startup Time": 33.389,
                  "Actual Total Time": 62.328,
                  "Actual Rows": 57727,
                  "Actual Loops": 4,
                  "Filter": "((company_id < 1727) AND (company_type_id > 1))",
                  "Rows Removed by Filter": 594556
                }
              ]
            }
          ]
        }
      ]
    },
    "Planning Time": 0.085,
    "Triggers": [],
    "Execution Time": 74.375
  }
]