{
  "Plan": {
    "Node Type": "Aggregate",
    "Strategy": "Plain",
    "Partial Mode": "Finalize",
    "Parallel Aware": false,
    "Startup Cost": 176606.22,
    "Total Cost": 176606.23,
    "Plan Rows": 1,
    "Plan Width": 8,
    "Actual Startup Time": 1268.257,
    "Actual Total Time": 1291.522,
    "Actual Rows": 1,
    "Actual Loops": 1,
    "Plans": [
      {
        "Node Type": "Gather",
        "Parent Relationship": "Outer",
        "Parallel Aware": false,
        "Startup Cost": 176606.11,
        "Total Cost": 176606.22,
        "Plan Rows": 1,
        "Plan Width": 8,
        "Actual Startup Time": 1261.63,
        "Actual Total Time": 1291.513,
        "Actual Rows": 2,
        "Actual Loops": 1,
        "Workers Planned": 1,
        "Workers Launched": 1,
        "Single Copy": false,
        "Plans": [
          {
            "Node Type": "Aggregate",
            "Strategy": "Plain",
            "Partial Mode": "Partial",
            "Parent Relationship": "Outer",
            "Parallel Aware": false,
            "Startup Cost": 175606.11,
            "Total Cost": 175606.12,
            "Plan Rows": 1,
            "Plan Width": 8,
            "Actual Startup Time": 1256.534,
            "Actual Total Time": 1258.091,
            "Actual Rows": 1,
            "Actual Loops": 2,
            "Plans": [
              {
                "Node Type": "Hash Join",
                "Parent Relationship": "Outer",
                "Parallel Aware": true,
                "Join Type": "Inner",
                "Startup Cost": 129564.64,
                "Total Cost": 175053.1,
                "Plan Rows": 221205,
                "Plan Width": 0,
                "Actual Startup Time": 897.958,
                "Actual Total Time": 1186.014,
                "Actual Rows": 1845435,
                "Actual Loops": 2,
                "Inner Unique": false,
                "Hash Cond": "(mc.movie_id = t.id)",
                "Plans": [
                  {
                    "Node Type": "Seq Scan",
                    "Parent Relationship": "Outer",
                    "Parallel Aware": true,
                    "Relation Name": "movie_companies",
                    "Alias": "mc",
                    "Startup Cost": 0.0,
                    "Total Cost": 41811.73,
                    "Plan Rows": 633473,
                    "Plan Width": 4,
                    "Actual Startup Time": 48.639,
                    "Actual Total Time": 114.608,
                    "Actual Rows": 601600,
                    "Actual Loops": 2,
                    "Filter": "((company_id > 424) AND (company_type_id = 2))",
                    "Rows Removed by Filter": 702964
                  },
                  {
                    "Node Type": "Hash",
                    "Parent Relationship": "Inner",
                    "Parallel Aware": true,
                    "Startup Cost": 123072.99,
                    "Total Cost": 123072.99,
                    "Plan Rows": 519332,
                    "Plan Width": 8,
                    "Actual Startup Time": 838.923,
                    "Actual Total Time": 840.478,
                    "Actual Rows": 954016,
                    "Actual Loops": 2,
                    "Hash Buckets": 2097152,
                    "Original Hash Buckets": 1048576,
                    "Hash Batches": 1,
                    "Original Hash Batches": 1,
                    "Peak Memory Usage": 99264,
                    "Plans": [
                      {
                        "Node Type": "Hash Join",
                        "Parent Relationship": "Outer",
                        "Parallel Aware": true,
                        "Join Type": "Inner",
                        "Startup Cost": 61878.3,
                        "Total Cost": 123072.99,
                        "Plan Rows": 519332,
                        "Plan Width": 8,
                        "Actual Startup Time": 264.22,
                        "Actual Total Time": 650.244,
                        "Actual Rows": 954016,
                        "Actual Loops": 2,
                        "Inner Unique": true,
                        "Hash Cond": "(mk.movie_id = t.id)",
                        "Plans": [
                          {
                            "Node Type": "Seq Scan",
                            "Parent Relationship": "Outer",
                            "Parallel Aware": true,
                            "Relation Name": "movie_keyword",
                            "Alias": "mk",
                            "Startup Cost": 0.0,
                            "Total Cost": 57718.19,
                            "Plan Rows": 1324375,
                            "Plan Width": 4,
                            "Actual Startup Time": 0.42,
                            "Actual Total Time": 191.98,
                            "Actual Rows": 1125267,
                            "Actual Loops": 2,
                            "Filter": "(keyword_id > 4785)",
                            "Rows Removed by Filter": 1136698
                          },
                          {
                            "Node Type": "Hash",
                            "Parent Relationship": "Inner",
                            "Parallel Aware": true,
                            "Startup Cost": 54588.39,
                            "Total Cost": 54588.39,
                            "Plan Rows": 583193,
                            "Plan Width": 4,
                            "Actual Startup Time": 258.159,
                            "Actual Total Time": 258.16,
                            "Actual Rows": 492524,
                            "Actual Loops": 2,
                            "Hash Buckets": 1048576,
                            "Original Hash Buckets": 1048576,
                            "Hash Batches": 1,
                            "Original Hash Batches": 1,
                            "Peak Memory Usage": 46752,
                            "Plans": [
                              {
                                "Node Type": "Seq Scan",
                                "Parent Relationship": "Outer",
                                "Parallel Aware": true,
                                "Relation Name": "title",
                                "Alias": "t",
                                "Startup Cost": 0.0,
                                "Total Cost": 54588.39,
                                "Plan Rows": 583193,
                                "Plan Width": 4,
                                "Actual Startup Time": 0.035,
                                "Actual Total Time": 148.577,
                                "Actual Rows": 492524,
                                "Actual Loops": 2,
                                "Filter": "(kind_id < 7)",
                                "Rows Removed by Filter": 771632
                              }
                            ]
                          }
                        ]
                      }
                    ]
                  }
                ]
              }
            ]
          }
        ]
      }
    ]
  },
  "Planning Time": 1.041,
  "Triggers": [],
  "Execution Time": 1291.601
}