[
  {
    "Plan": {
      "Node Type": "Aggregate",
      "Strategy": "Plain",
      "Partial Mode": "Finalize",
      "Parallel Aware": false,
      "Startup Cost": 32839.77,
      "Total Cost": 32839.78,
      "Plan Rows": 1,
      "Plan Width": 8,
      "Actual Startup Time": 78.45,
      "Actual Total Time": 85.743,
      "Actual Rows": 1,
      "Actual Loops": 1,
      "Plans": [
        {
          "Node Type": "Gather",
          "Parent Relationship": "Outer",
          "Parallel Aware": false,
          "Startup Cost": 32839.46,
          "Total Cost": 32839.77,
          "Plan Rows": 3,
          "Plan Width": 8,
          "Actual Startup Time": 78.285,
          "Actual Total Time": 85.732,
          "Actual Rows": 4,
          "Actual Loops": 1,
          "Workers Planned": 3,
          "Workers Launched": 3,
          "Single Copy": false,
          "Plans": [
            {
              "Node Type": "Aggregate",
              "Strategy": "Plain",
              "Partial Mode": "Partial",
              "Parent Relationship": "Outer",
              "Parallel Aware": false,
              "Startup Cost": 31839.46,
              "Total Cost": 31839.47,
              "Plan Rows": 1,
              "Plan Width": 8,
              "Actual Startup Time": 73.143,
              "Actual Total Time": 73.144,
              "Actual Rows": 1,
              "Actual Loops": 4,
              "Plans": [
                {
                  "Node Type": "Seq Scan",
                  "Parent Relationship": "Outer",
                  "Parallel Aware": true,
                  "Relation Name": "movie_companies",
                  "Alias": "mc",
                  "Startup Cost": 0.0,
                  "Total Cost": 31414.82,
                  "Plan Rows": 169855,
                  "Plan Width": 0,
                  "Actual Startup Time": 16.687,
                  "Actual Total Time": 70.142,
                  "Actual Rows": 57010,
                  "Actual Loops": 4,
                  "Filter": "((company_id > 14540) AND (company_type_id = 1))",
                  "Rows Removed by Filter": 595273
                }
              ]
            }
          ]
        }
      ]
    },
    "Planning Time": 0.189,
    "Triggers": [],
    "Execution Time": 85.789
  }
]