[
  {
    "Plan": {
      "Node Type": "Aggregate",
      "Strategy": "Plain",
      "Partial Mode": "Finalize",
      "Parallel Aware": false,
      "Startup Cost": 96353.29,
      "Total Cost": 96353.3,
      "Plan Rows": 1,
      "Plan Width": 8,
      "Actual Startup Time": 489.855,
      "Actual Total Time": 507.242,
      "Actual Rows": 1,
      "Actual Loops": 1,
      "Plans": [
        {
          "Node Type": "Gather",
          "Parent Relationship": "Outer",
          "Parallel Aware": false,
          "Startup Cost": 96352.98,
          "Total Cost": 96353.29,
          "Plan Rows": 3,
          "Plan Width": 8,
          "Actual Startup Time": 484.364,
          "Actual Total Time": 507.224,
          "Actual Rows": 4,
          "Actual Loops": 1,
          "Workers Planned": 3,
          "Workers Launched": 3,
          "Single Copy": false,
          "Plans": [
            {
              "Node Type": "Aggregate",
              "Strategy": "Plain",
              "Partial Mode": "Partial",
              "Parent Relationship": "Outer",
              "Parallel Aware": false,
              "Startup Cost": 95352.98,
              "Total Cost": 95352.99,
              "Plan Rows": 1,
              "Plan Width": 8,
              "Actual Startup Time": 476.813,
              "Actual Total Time": 476.817,
              "Actual Rows": 1,
              "Actual Loops": 4,
              "Plans": [
                {
                  "Node Type": "Hash Join",
                  "Parent Relationship": "Outer",
                  "Parallel Aware": true,
                  "Join Type": "Inner",
                  "Startup Cost": 49754.77,
                  "Total Cost": 94365.91,
                  "Plan Rows": 394825,
                  "Plan Width": 0,
                  "Actual Startup Time": 272.606,
                  "Actual Total Time": 473.191,
                  "Actual Rows": 78016,
                  "Actual Loops": 4,
                  "Inner Unique": true,
                  "Hash Cond": "(mk.movie_id = t.id)",
                  "Plans": [
                    {
                      "Node Type": "Seq Scan",
                      "Parent Relationship": "Outer",
                      "Parallel Aware": true,
                      "Relation Name": "movie_keyword",
                      "Alias": "mk",
                      "Startup Cost": 0.0,
                      "Total Cost": 42695.65,
                      "Plan Rows": 729709,
                      "Plan Width": 4,
                      "Actual Startup Time": 0.033,
                      "Actual Total Time": 116.295,
                      "Actual Rows": 568692,
                      "Actual Loops": 4,
                      "Filter": "(keyword_id < 4801)",
                      "Rows Removed by Filter": 562290
                    },
                    {
                      "Node Type": "Hash",
                      "Parent Relationship": "Inner",
                      "Parallel Aware": true,
                      "Startup Cost": 45479.59,
                      "Total Cost": 45479.59,
                      "Plan Rows": 342015,
                      "Plan Width": 4,
                      "Actual Startup Time": 267.348,
                      "Actual Total Time": 267.349,
                      "Actual Rows": 334922,
                      "Actual Loops": 4,
                      "Hash Buckets": 2097152,
                      "Original Hash Buckets": 2097152,
                      "Hash Batches": 1,
                      "Original Hash Batches": 1,
                      "Peak Memory Usage": 68864,
                      "Plans": [
                        {
                          "Node Type": "Seq Scan",
                          "Parent Relationship": "Outer",
                          "Parallel Aware": true,
                          "Relation Name": "title",
                          "Alias": "t",
                          "Startup Cost": 0.0,
                          "Total Cost": 45479.59,
                          "Plan Rows": 342015,
                          "Plan Width": 4,
                          "Actual Startup Time": 0.028,
                          "Actual Total Time": 123.823,
                          "Actual Rows": 334922,
                          "Actual Loops": 4,
                          "Filter": "((kind_id > 4) AND (production_year < 2012))",
                          "Rows Removed by Filter": 297156
                        }
                      ]
                    }
                  ]
                }
              ]
            }
          ]
        }
      ]
    },
    "Planning Time": 0.28,
    "Triggers": [],
    "Execution Time": 507.284
  }
]