{
  "Plan": {
    "Node Type": "Aggregate",
    "Strategy": "Plain",
    "Partial Mode": "Finalize",
    "Parallel Aware": false,
    "Startup Cost": 940002.78,
    "Total Cost": 940002.79,
    "Plan Rows": 1,
    "Plan Width": 8,
    "Actual Startup Time": 6110.457,
    "Actual Total Time": 6214.993,
    "Actual Rows": 1,
    "Actual Loops": 1,
    "Plans": [
      {
        "Node Type": "Gather",
        "Parent Relationship": "Outer",
        "Parallel Aware": false,
        "Startup Cost": 940002.67,
        "Total Cost": 940002.78,
        "Plan Rows": 1,
        "Plan Width": 8,
        "Actual Startup Time": 6107.468,
        "Actual Total Time": 6214.984,
        "Actual Rows": 2,
        "Actual Loops": 1,
        "Workers Planned": 1,
        "Workers Launched": 1,
        "Single Copy": false,
        "Plans": [
          {
            "Node Type": "Aggregate",
            "Strategy": "Plain",
            "Partial Mode": "Partial",
            "Parent Relationship": "Outer",
            "Parallel Aware": false,
            "Startup Cost": 939002.67,
            "Total Cost": 939002.68,
            "Plan Rows": 1,
            "Plan Width": 8,
            "Actual Startup Time": 6099.481,
            "Actual Total Time": 6099.487,
            "Actual Rows": 1,
            "Actual Loops": 2,
            "Plans": [
              {
                "Node Type": "Hash Join",
                "Parent Relationship": "Outer",
                "Parallel Aware": true,
                "Join Type": "Inner",
                "Startup Cost": 605121.13,
                "Total Cost": 929884.07,
                "Plan Rows": 3647437,
                "Plan Width": 0,
                "Actual Startup Time": 2673.757,
                "Actual Total Time": 5721.552,
                "Actual Rows": 9017612,
                "Actual Loops": 2,
                "Inner Unique": false,
                "Hash Cond": "(mi.movie_id = t.id)",
                "Plans": [
                  {
                    "Node Type": "Seq Scan",
                    "Parent Relationship": "Outer",
                    "Parallel Aware": true,
                    "Relation Name": "movie_info",
                    "Alias": "mi",
                    "Startup Cost": 0.0,
                    "Total Cost": 248955.74,
                    "Plan Rows": 8696274,
                    "Plan Width": 4,
                    "Actual Startup Time": 0.01,
                    "Actual Total Time": 648.678,
                    "Actual Rows": 7417860,
                    "Actual Loops": 2
                  },
                  {
                    "Node Type": "Hash",
                    "Parent Relationship": "Inner",
                    "Parallel Aware": true,
                    "Startup Cost": 597323.85,
                    "Total Cost": 597323.85,
                    "Plan Rows": 623782,
                    "Plan Width": 8,
                    "Actual Startup Time": 2657.417,
                    "Actual Total Time": 2657.421,
                    "Actual Rows": 518643,
                    "Actual Loops": 2,
                    "Hash Buckets": 2097152,
                    "Original Hash Buckets": 2097152,
                    "Hash Batches": 1,
                    "Original Hash Batches": 1,
                    "Peak Memory Usage": 56992,
                    "Plans": [
                      {
                        "Node Type": "Hash Join",
                        "Parent Relationship": "Outer",
                        "Parallel Aware": true,
                        "Join Type": "Inner",
                        "Startup Cost": 59971.43,
                        "Total Cost": 597323.85,
                        "Plan Rows": 623782,
                        "Plan Width": 8,
                        "Actual Startup Time": 765.021,
                        "Actual Total Time": 2486.734,
                        "Actual Rows": 518643,
                        "Actual Loops": 2,
                        "Inner Unique": true,
                        "Hash Cond": "(ci.movie_id = t.id)",
                        "Plans": [
                          {
                            "Node Type": "Seq Scan",
                            "Parent Relationship": "Outer",
                            "Parallel Aware": true,
                            "Relation Name": "cast_info",
                            "Alias": "ci",
                            "Startup Cost": 0.0,
                            "Total Cost": 519069.44,
                            "Plan Rows": 6964932,
                            "Plan Width": 4,
                            "Actual Startup Time": 580.082,
                            "Actual Total Time": 1344.526,
                            "Actual Rows": 5894377,
                            "Actual Loops": 2,
                            "Filter": "(person_id > 2512697)",
                            "Rows Removed by Filter": 12227795
                          },
                          {
                            "Node Type": "Hash",
                            "Parent Relationship": "Inner",
                            "Parallel Aware": true,
                            "Startup Cost": 58306.47,
                            "Total Cost": 58306.47,
                            "Plan Rows": 133197,
                            "Plan Width": 4,
                            "Actual Startup Time": 183.649,
                            "Actual Total Time": 183.65,
                            "Actual Rows": 170934,
                            "Actual Loops": 2,
                            "Hash Buckets": 524288,
                            "Original Hash Buckets": 262144,
                            "Hash Batches": 1,
                            "Original Hash Batches": 1,
                            "Peak Memory Usage": 19552,
                            "Plans": [
                              {
                                "Node Type": "Seq Scan",
                                "Parent Relationship": "Outer",
                                "Parallel Aware": true,
                                "Relation Name": "title",
                                "Alias": "t",
                                "Startup Cost": 0.0,
                                "Total Cost": 58306.47,
                                "Plan Rows": 133197,
                                "Plan Width": 4,
                                "Actual Startup Time": 0.092,
                                "Actual Total Time": 141.173,
                                "Actual Rows": 170934,
                                "Actual Loops": 2,
                                "Filter": "((kind_id < 7) AND (production_year < 1985))",
                                "Rows Removed by Filter": 1093222
                              }
                            ]
                          }
                        ]
                      }
                    ]
                  }
                ]
              }
            ]
          }
        ]
      }
    ]
  },
  "Planning Time": 0.999,
  "Triggers": [],
  "Execution Time": 6215.096
}