[
    {
        "Bao": {
            "Bao prediction": "NaN",
            "Bao recommended hint": "(no hint)"
        }
    },
    {
        "Plan": {
            "Node Type": "Aggregate",
            "Strategy": "Plain",
            "Partial Mode": "Finalize",
            "Parallel Aware": false,
            "Startup Cost": 34751.12,
            "Total Cost": 34751.13,
            "Plan Rows": 1,
            "Plan Width": 8,
            "Actual Startup Time": 92.743,
            "Actual Total Time": 97.703,
            "Actual Rows": 1,
            "Actual Loops": 1,
            "Output": [
                "count(*)"
            ],
            "Plans": [
                {
                    "Node Type": "Gather",
                    "Parent Relationship": "Outer",
                    "Parallel Aware": false,
                    "Startup Cost": 34750.8,
                    "Total Cost": 34751.11,
                    "Plan Rows": 3,
                    "Plan Width": 8,
                    "Actual Startup Time": 92.513,
                    "Actual Total Time": 97.695,
                    "Actual Rows": 4,
                    "Actual Loops": 1,
                    "Output": [
                        "(PARTIAL count(*))"
                    ],
                    "Workers Planned": 3,
                    "Workers Launched": 3,
                    "Single Copy": false,
                    "Plans": [
                        {
                            "Node Type": "Aggregate",
                            "Strategy": "Plain",
                            "Partial Mode": "Partial",
                            "Parent Relationship": "Outer",
                            "Parallel Aware": false,
                            "Startup Cost": 33750.8,
                            "Total Cost": 33750.81,
                            "Plan Rows": 1,
                            "Plan Width": 8,
                            "Actual Startup Time": 84.129,
                            "Actual Total Time": 84.13,
                            "Actual Rows": 1,
                            "Actual Loops": 4,
                            "Output": [
                                "PARTIAL count(*)"
                            ],
                            "Workers": [
                                {
                                    "Worker Number": 0,
                                    "Actual Startup Time": 81.248,
                                    "Actual Total Time": 81.25,
                                    "Actual Rows": 1,
                                    "Actual Loops": 1
                                },
                                {
                                    "Worker Number": 1,
                                    "Actual Startup Time": 81.35,
                                    "Actual Total Time": 81.352,
                                    "Actual Rows": 1,
                                    "Actual Loops": 1
                                },
                                {
                                    "Worker Number": 2,
                                    "Actual Startup Time": 81.64,
                                    "Actual Total Time": 81.641,
                                    "Actual Rows": 1,
                                    "Actual Loops": 1
                                }
                            ],
                            "Plans": [
                                {
                                    "Node Type": "Bitmap Heap Scan",
                                    "Parent Relationship": "Outer",
                                    "Parallel Aware": true,
                                    "Relation Name": "movie_keyword",
                                    "Schema": "public",
                                    "Alias": "mk",
                                    "Startup Cost": 7570.07,
                                    "Total Cost": 33463.01,
                                    "Plan Rows": 115115,
                                    "Plan Width": 0,
                                    "Actual Startup Time": 17.67,
                                    "Actual Total Time": 78.697,
                                    "Actual Rows": 88674,
                                    "Actual Loops": 4,
                                    "Recheck Cond": "(mk.keyword_id > 47090)",
                                    "Rows Removed by Index Recheck": 0,
                                    "Exact Heap Blocks": 10348,
                                    "Lossy Heap Blocks": 0,
                                    "Workers": [
                                        {
                                            "Worker Number": 0,
                                            "Actual Startup Time": 14.929,
                                            "Actual Total Time": 76.171,
                                            "Actual Rows": 52896,
                                            "Actual Loops": 1
                                        },
                                        {
                                            "Worker Number": 1,
                                            "Actual Startup Time": 15.066,
                                            "Actual Total Time": 76.481,
                                            "Actual Rows": 68055,
                                            "Actual Loops": 1
                                        },
                                        {
                                            "Worker Number": 2,
                                            "Actual Startup Time": 15.176,
                                            "Actual Total Time": 76.681,
                                            "Actual Rows": 68794,
                                            "Actual Loops": 1
                                        }
                                    ],
                                    "Plans": [
                                        {
                                            "Node Type": "Bitmap Index Scan",
                                            "Parent Relationship": "Outer",
                                            "Parallel Aware": false,
                                            "Index Name": "keyword_id_movie_keyword",
                                            "Startup Cost": 0.0,
                                            "Total Cost": 7480.86,
                                            "Plan Rows": 356857,
                                            "Plan Width": 0,
                                            "Actual Startup Time": 22.255,
                                            "Actual Total Time": 22.256,
                                            "Actual Rows": 354698,
                                            "Actual Loops": 1,
                                            "Index Cond": "(mk.keyword_id > 47090)"
                                        }
                                    ]
                                }
                            ]
                        }
                    ]
                }
            ]
        },
        "Planning Time": 179.15,
        "Triggers": [],
        "Execution Time": 97.755
    }
]