{
  "Plan": {
    "Node Type": "Aggregate",
    "Strategy": "Plain",
    "Partial Mode": "Finalize",
    "Parallel Aware": false,
    "Startup Cost": 186698.06,
    "Total Cost": 186698.07,
    "Plan Rows": 1,
    "Plan Width": 64,
    "Actual Startup Time": 1119.498,
    "Actual Total Time": 1185.857,
    "Actual Rows": 1,
    "Actual Loops": 1,
    "Plans": [
      {
        "Node Type": "Gather",
        "Parent Relationship": "Outer",
        "Parallel Aware": false,
        "Startup Cost": 186697.94,
        "Total Cost": 186698.05,
        "Plan Rows": 1,
        "Plan Width": 64,
        "Actual Startup Time": 1118.602,
        "Actual Total Time": 1185.844,
        "Actual Rows": 2,
        "Actual Loops": 1,
        "Workers Planned": 1,
        "Workers Launched": 1,
        "Single Copy": false,
        "Plans": [
          {
            "Node Type": "Aggregate",
            "Strategy": "Plain",
            "Partial Mode": "Partial",
            "Parent Relationship": "Outer",
            "Parallel Aware": false,
            "Startup Cost": 185697.94,
            "Total Cost": 185697.95,
            "Plan Rows": 1,
            "Plan Width": 64,
            "Actual Startup Time": 1111.8,
            "Actual Total Time": 1111.805,
            "Actual Rows": 1,
            "Actual Loops": 2,
            "Plans": [
              {
                "Node Type": "Nested Loop",
                "Parent Relationship": "Outer",
                "Parallel Aware": false,
                "Join Type": "Inner",
                "Startup Cost": 19495.06,
                "Total Cost": 185665.39,
                "Plan Rows": 6511,
                "Plan Width": 23,
                "Actual Startup Time": 118.386,
                "Actual Total Time": 1106.74,
                "Actual Rows": 40028,
                "Actual Loops": 2,
                "Inner Unique": false,
                "Plans": [
                  {
                    "Node Type": "Nested Loop",
                    "Parent Relationship": "Outer",
                    "Parallel Aware": false,
                    "Join Type": "Inner",
                    "Startup Cost": 19494.63,
                    "Total Cost": 181400.05,
                    "Plan Rows": 6309,
                    "Plan Width": 35,
                    "Actual Startup Time": 118.32,
                    "Actual Total Time": 1040.921,
                    "Actual Rows": 7980,
                    "Actual Loops": 2,
                    "Inner Unique": false,
                    "Plans": [
                      {
                        "Node Type": "Hash Join",
                        "Parent Relationship": "Outer",
                        "Parallel Aware": true,
                        "Join Type": "Inner",
                        "Startup Cost": 19494.19,
                        "Total Cost": 81141.56,
                        "Plan Rows": 46597,
                        "Plan Width": 31,
                        "Actual Startup Time": 117.539,
                        "Actual Total Time": 465.198,
                        "Actual Rows": 41134,
                        "Actual Loops": 2,
                        "Inner Unique": false,
                        "Hash Cond": "(t.id = mi_idx.movie_id)",
                        "Plans": [
                          {
                            "Node Type": "Seq Scan",
                            "Parent Relationship": "Outer",
                            "Parallel Aware": true,
                            "Relation Name": "title",
                            "Alias": "t",
                            "Startup Cost": 0.0,
                            "Total Cost": 58305.62,
                            "Plan Rows": 613529,
                            "Plan Width": 21,
                            "Actual Startup Time": 0.017,
                            "Actual Total Time": 183.49,
                            "Actual Rows": 521400,
                            "Actual Loops": 2,
                            "Filter": "((production_year >= 2000) AND (production_year <= 2010))",
                            "Rows Removed by Filter": 742756
                          },
                          {
                            "Node Type": "Hash",
                            "Parent Relationship": "Inner",
                            "Parallel Aware": true,
                            "Startup Cost": 18082.32,
                            "Total Cost": 18082.32,
                            "Plan Rows": 112950,
                            "Plan Width": 10,
                            "Actual Startup Time": 113.703,
                            "Actual Total Time": 113.704,
                            "Actual Rows": 96420,
                            "Actual Loops": 2,
                            "Hash Buckets": 262144,
                            "Original Hash Buckets": 262144,
                            "Hash Batches": 1,
                            "Original Hash Batches": 1,
                            "Peak Memory Usage": 9632,
                            "Plans": [
                              {
                                "Node Type": "Seq Scan",
                                "Parent Relationship": "Outer",
                                "Parallel Aware": true,
                                "Relation Name": "movie_info_idx",
                                "Alias": "mi_idx",
                                "Startup Cost": 0.0,
                                "Total Cost": 18082.32,
                                "Plan Rows": 112950,
                                "Plan Width": 10,
                                "Actual Startup Time": 0.049,
                                "Actual Total Time": 87.453,
                                "Actual Rows": 96420,
                                "Actual Loops": 2,
                                "Filter": "(info > '7.0'::text)",
                                "Rows Removed by Filter": 593598
                              }
                            ]
                          }
                        ]
                      },
                      {
                        "Node Type": "Index Scan",
                        "Parent Relationship": "Inner",
                        "Parallel Aware": false,
                        "Scan Direction": "Forward",
                        "Index Name": "movie_id_movie_info",
                        "Relation Name": "movie_info",
                        "Alias": "mi",
                        "Startup Cost": 0.43,
                        "Total Cost": 2.14,
                        "Plan Rows": 1,
                        "Plan Width": 4,
                        "Actual Startup Time": 0.014,
                        "Actual Total Time": 0.014,
                        "Actual Rows": 0,
                        "Actual Loops": 82267,
                        "Index Cond": "(movie_id = t.id)",
                        "Rows Removed by Index Recheck": 0,
                        "Filter": "(info = ANY ('{Drama,Horror,Western,Family}'::text[]))",
                        "Rows Removed by Filter": 15
                      }
                    ]
                  },
                  {
                    "Node Type": "Index Only Scan",
                    "Parent Relationship": "Inner",
                    "Parallel Aware": false,
                    "Scan Direction": "Forward",
                    "Index Name": "movie_id_movie_companies",
                    "Relation Name": "movie_companies",
                    "Alias": "mc",
                    "Startup Cost": 0.43,
                    "Total Cost": 0.63,
                    "Plan Rows": 5,
                    "Plan Width": 4,
                    "Actual Startup Time": 0.006,
                    "Actual Total Time": 0.007,
                    "Actual Rows": 5,
                    "Actual Loops": 15961,
                    "Index Cond": "(movie_id = t.id)",
                    "Rows Removed by Index Recheck": 0,
                    "Heap Fetches": 80057
                  }
                ]
              }
            ]
          }
        ]
      }
    ]
  },
  "Planning Time": 1.262,
  "Triggers": [],
  "Execution Time": 1186.001
}