[
  {
    "Plan": {
      "Node Type": "Aggregate",
      "Strategy": "Plain",
      "Partial Mode": "Finalize",
      "Parallel Aware": false,
      "Startup Cost": 80302.28,
      "Total Cost": 80302.29,
      "Plan Rows": 1,
      "Plan Width": 8,
      "Actual Startup Time": 348.606,
      "Actual Total Time": 365.195,
      "Actual Rows": 1,
      "Actual Loops": 1,
      "Plans": [
        {
          "Node Type": "Gather",
          "Parent Relationship": "Outer",
          "Parallel Aware": false,
          "Startup Cost": 80301.86,
          "Total Cost": 80302.27,
          "Plan Rows": 4,
          "Plan Width": 8,
          "Actual Startup Time": 345.437,
          "Actual Total Time": 365.185,
          "Actual Rows": 5,
          "Actual Loops": 1,
          "Workers Planned": 4,
          "Workers Launched": 4,
          "Single Copy": false,
          "Plans": [
            {
              "Node Type": "Aggregate",
              "Strategy": "Plain",
              "Partial Mode": "Partial",
              "Parent Relationship": "Outer",
              "Parallel Aware": false,
              "Startup Cost": 79301.86,
              "Total Cost": 79301.87,
              "Plan Rows": 1,
              "Plan Width": 8,
              "Actual Startup Time": 336.172,
              "Actual Total Time": 336.175,
              "Actual Rows": 1,
              "Actual Loops": 5,
              "Plans": [
                {
                  "Node Type": "Hash Join",
                  "Parent Relationship": "Outer",
                  "Parallel Aware": true,
                  "Join Type": "Inner",
                  "Startup Cost": 32640.63,
                  "Total Cost": 78785.72,
                  "Plan Rows": 206457,
                  "Plan Width": 0,
                  "Actual Startup Time": 126.997,
                  "Actual Total Time": 329.149,
                  "Actual Rows": 167815,
                  "Actual Loops": 5,
                  "Inner Unique": false,
                  "Hash Cond": "(t.id = mc.movie_id)",
                  "Plans": [
                    {
                      "Node Type": "Seq Scan",
                      "Parent Relationship": "Outer",
                      "Parallel Aware": true,
                      "Relation Name": "title",
                      "Alias": "t",
                      "Startup Cost": 0.0,
                      "Total Cost": 42318.73,
                      "Plan Rows": 632073,
                      "Plan Width": 4,
                      "Actual Startup Time": 0.01,
                      "Actual Total Time": 60.789,
                      "Actual Rows": 505662,
                      "Actual Loops": 5
                    },
                    {
                      "Node Type": "Hash",
                      "Parent Relationship": "Inner",
                      "Parallel Aware": true,
                      "Startup Cost": 29310.68,
                      "Total Cost": 29310.68,
                      "Plan Rows": 266396,
                      "Plan Width": 4,
                      "Actual Startup Time": 122.743,
                      "Actual Total Time": 122.744,
                      "Actual Rows": 167815,
                      "Actual Loops": 5,
                      "Hash Buckets": 1048576,
                      "Original Hash Buckets": 1048576,
                      "Hash Batches": 1,
                      "Original Hash Batches": 1,
                      "Peak Memory Usage": 41088,
                      "Plans": [
                        {
                          "Node Type": "Seq Scan",
                          "Parent Relationship": "Outer",
                          "Parallel Aware": true,
                          "Relation Name": "movie_companies",
                          "Alias": "mc",
                          "Startup Cost": 0.0,
                          "Total Cost": 29310.68,
                          "Plan Rows": 266396,
                          "Plan Width": 4,
                          "Actual Startup Time": 23.081,
                          "Actual Total Time": 71.128,
                          "Actual Rows": 167815,
                          "Actual Loops": 5,
                          "Filter": "(company_id > 26342)",
                          "Rows Removed by Filter": 354011
                        }
                      ]
                    }
                  ]
                }
              ]
            }
          ]
        }
      ]
    },
    "Planning Time": 0.603,
    "Triggers": [],
    "Execution Time": 365.26
  }
]