[
  {
    "Plan": {
      "Node Type": "Aggregate",
      "Strategy": "Plain",
      "Partial Mode": "Finalize",
      "Parallel Aware": false,
      "Startup Cost": 338892.1,
      "Total Cost": 338892.11,
      "Plan Rows": 1,
      "Plan Width": 8,
      "Actual Startup Time": 820.054,
      "Actual Total Time": 873.047,
      "Actual Rows": 1,
      "Actual Loops": 1,
      "Plans": [
        {
          "Node Type": "Gather",
          "Parent Relationship": "Outer",
          "Parallel Aware": false,
          "Startup Cost": 338891.48,
          "Total Cost": 338892.09,
          "Plan Rows": 6,
          "Plan Width": 8,
          "Actual Startup Time": 819.906,
          "Actual Total Time": 873.033,
          "Actual Rows": 7,
          "Actual Loops": 1,
          "Workers Planned": 6,
          "Workers Launched": 6,
          "Single Copy": false,
          "Plans": [
            {
              "Node Type": "Aggregate",
              "Strategy": "Plain",
              "Partial Mode": "Partial",
              "Parent Relationship": "Outer",
              "Parallel Aware": false,
              "Startup Cost": 337891.48,
              "Total Cost": 337891.49,
              "Plan Rows": 1,
              "Plan Width": 8,
              "Actual Startup Time": 813.069,
              "Actual Total Time": 813.071,
              "Actual Rows": 1,
              "Actual Loops": 7,
              "Plans": [
                {
                  "Node Type": "Seq Scan",
                  "Parent Relationship": "Outer",
                  "Parallel Aware": true,
                  "Relation Name": "cast_info",
                  "Alias": "ci",
                  "Startup Cost": 0.0,
                  "Total Cost": 328211.39,
                  "Plan Rows": 3872034,
                  "Plan Width": 0,
                  "Actual Startup Time": 160.37,
                  "Actual Total Time": 644.042,
                  "Actual Rows": 3305428,
                  "Actual Loops": 7,
                  "Filter": "(person_id > 1293848)",
                  "Rows Removed by Filter": 1872335
                }
              ]
            }
          ]
        }
      ]
    },
    "Planning Time": 0.116,
    "Triggers": [],
    "Execution Time": 873.098
  }
]