[
  {
    "Plan": {
      "Node Type": "Aggregate",
      "Strategy": "Plain",
      "Partial Mode": "Finalize",
      "Parallel Aware": false,
      "Startup Cost": 338798.46,
      "Total Cost": 338798.47,
      "Plan Rows": 1,
      "Plan Width": 8,
      "Actual Startup Time": 813.009,
      "Actual Total Time": 867.553,
      "Actual Rows": 1,
      "Actual Loops": 1,
      "Plans": [
        {
          "Node Type": "Gather",
          "Parent Relationship": "Outer",
          "Parallel Aware": false,
          "Startup Cost": 338797.83,
          "Total Cost": 338798.44,
          "Plan Rows": 6,
          "Plan Width": 8,
          "Actual Startup Time": 812.887,
          "Actual Total Time": 867.543,
          "Actual Rows": 7,
          "Actual Loops": 1,
          "Workers Planned": 6,
          "Workers Launched": 6,
          "Single Copy": false,
          "Plans": [
            {
              "Node Type": "Aggregate",
              "Strategy": "Plain",
              "Partial Mode": "Partial",
              "Parent Relationship": "Outer",
              "Parallel Aware": false,
              "Startup Cost": 337797.83,
              "Total Cost": 337797.84,
              "Plan Rows": 1,
              "Plan Width": 8,
              "Actual Startup Time": 804.026,
              "Actual Total Time": 804.027,
              "Actual Rows": 1,
              "Actual Loops": 7,
              "Plans": [
                {
                  "Node Type": "Seq Scan",
                  "Parent Relationship": "Outer",
                  "Parallel Aware": true,
                  "Relation Name": "cast_info",
                  "Alias": "ci",
                  "Startup Cost": 0.0,
                  "Total Cost": 328162.03,
                  "Plan Rows": 3854323,
                  "Plan Width": 0,
                  "Actual Startup Time": 156.023,
                  "Actual Total Time": 650.963,
                  "Actual Rows": 3305428,
                  "Actual Loops": 7,
                  "Filter": "(person_id > 1293848)",
                  "Rows Removed by Filter": 1872335
                }
              ]
            }
          ]
        }
      ]
    },
    "Planning Time": 0.207,
    "Triggers": [],
    "Execution Time": 867.629
  }
]