[
    {
        "Bao": {
            "Bao prediction": "NaN",
            "Bao recommended hint": "(no hint)"
        }
    },
    {
        "Plan": {
            "Node Type": "Aggregate",
            "Strategy": "Plain",
            "Partial Mode": "Simple",
            "Parallel Aware": false,
            "Startup Cost": 7272.96,
            "Total Cost": 7272.97,
            "Plan Rows": 1,
            "Plan Width": 8,
            "Actual Startup Time": 3.649,
            "Actual Total Time": 3.65,
            "Actual Rows": 1,
            "Actual Loops": 1,
            "Output": [
                "count(*)"
            ],
            "Plans": [
                {
                    "Node Type": "Index Scan",
                    "Parent Relationship": "Outer",
                    "Parallel Aware": false,
                    "Scan Direction": "Forward",
                    "Index Name": "company_id_movie_companies",
                    "Relation Name": "movie_companies",
                    "Schema": "public",
                    "Alias": "mc",
                    "Startup Cost": 0.43,
                    "Total Cost": 7269.34,
                    "Plan Rows": 1449,
                    "Plan Width": 0,
                    "Actual Startup Time": 0.126,
                    "Actual Total Time": 3.502,
                    "Actual Rows": 1369,
                    "Actual Loops": 1,
                    "Output": [
                        "id",
                        "movie_id",
                        "company_id",
                        "company_type_id",
                        "note"
                    ],
                    "Index Cond": "(mc.company_id = 401)",
                    "Rows Removed by Index Recheck": 0,
                    "Filter": "(mc.company_type_id < 2)",
                    "Rows Removed by Filter": 1993
                }
            ]
        },
        "Planning Time": 212.321,
        "Triggers": [],
        "Execution Time": 3.704
    }
]