[
  {
    "Plan": {
      "Node Type": "Aggregate",
      "Strategy": "Plain",
      "Partial Mode": "Simple",
      "Parallel Aware": false,
      "Startup Cost": 3385.35,
      "Total Cost": 3385.36,
      "Plan Rows": 1,
      "Plan Width": 8,
      "Actual Startup Time": 84.188,
      "Actual Total Time": 84.189,
      "Actual Rows": 1,
      "Actual Loops": 1,
      "Plans": [
        {
          "Node Type": "Nested Loop",
          "Parent Relationship": "Outer",
          "Parallel Aware": false,
          "Join Type": "Inner",
          "Startup Cost": 7.35,
          "Total Cost": 3380.32,
          "Plan Rows": 2015,
          "Plan Width": 0,
          "Actual Startup Time": 1.244,
          "Actual Total Time": 81.611,
          "Actual Rows": 41295,
          "Actual Loops": 1,
          "Inner Unique": false,
          "Plans": [
            {
              "Node Type": "Nested Loop",
              "Parent Relationship": "Outer",
              "Parallel Aware": false,
              "Join Type": "Inner",
              "Startup Cost": 6.78,
              "Total Cost": 3006.58,
              "Plan Rows": 141,
              "Plan Width": 8,
              "Actual Startup Time": 1.216,
              "Actual Total Time": 10.871,
              "Actual Rows": 1111,
              "Actual Loops": 1,
              "Inner Unique": true,
              "Plans": [
                {
                  "Node Type": "Bitmap Heap Scan",
                  "Parent Relationship": "Outer",
                  "Parallel Aware": false,
                  "Relation Name": "movie_keyword",
                  "Alias": "mk",
                  "Startup Cost": 6.35,
                  "Total Cost": 922.98,
                  "Plan Rows": 248,
                  "Plan Width": 4,
                  "Actual Startup Time": 1.185,
                  "Actual Total Time": 3.618,
                  "Actual Rows": 1293,
                  "Actual Loops": 1,
                  "Recheck Cond": "(keyword_id = 3534)",
                  "Rows Removed by Index Recheck": 0,
                  "Exact Heap Blocks": 1217,
                  "Lossy Heap Blocks": 0,
                  "Plans": [
                    {
                      "Node Type": "Bitmap Index Scan",
                      "Parent Relationship": "Outer",
                      "Parallel Aware": false,
                      "Index Name": "keyword_id_movie_keyword",
                      "Startup Cost": 0.0,
                      "Total Cost": 6.29,
                      "Plan Rows": 248,
                      "Plan Width": 0,
                      "Actual Startup Time": 0.713,
                      "Actual Total Time": 0.714,
                      "Actual Rows": 1293,
                      "Actual Loops": 1,
                      "Index Cond": "(keyword_id = 3534)"
                    }
                  ]
                },
                {
                  "Node Type": "Index Scan",
                  "Parent Relationship": "Inner",
                  "Parallel Aware": false,
                  "Scan Direction": "Forward",
                  "Index Name": "title_pkey",
                  "Relation Name": "title",
                  "Alias": "t",
                  "Startup Cost": 0.43,
                  "Total Cost": 8.4,
                  "Plan Rows": 1,
                  "Plan Width": 4,
                  "Actual Startup Time": 0.005,
                  "Actual Total Time": 0.005,
                  "Actual Rows": 1,
                  "Actual Loops": 1293,
                  "Index Cond": "(id = mk.movie_id)",
                  "Rows Removed by Index Recheck": 0,
                  "Filter": "(production_year < 2006)",
                  "Rows Removed by Filter": 0
                }
              ]
            },
            {
              "Node Type": "Index Only Scan",
              "Parent Relationship": "Inner",
              "Parallel Aware": false,
              "Scan Direction": "Forward",
              "Index Name": "movie_id_cast_info",
              "Relation Name": "cast_info",
              "Alias": "ci",
              "Startup Cost": 0.56,
              "Total Cost": 2.28,
              "Plan Rows": 37,
              "Plan Width": 4,
              "Actual Startup Time": 0.008,
              "Actual Total Time": 0.06,
              "Actual Rows": 37,
              "Actual Loops": 1111,
              "Index Cond": "(movie_id = t.id)",
              "Rows Removed by Index Recheck": 0,
              "Heap Fetches": 41295
            }
          ]
        }
      ]
    },
    "Planning Time": 1.284,
    "Triggers": [],
    "Execution Time": 84.277
  }
]