{
  "Plan": {
    "Node Type": "Aggregate",
    "Strategy": "Plain",
    "Partial Mode": "Finalize",
    "Parallel Aware": false,
    "Startup Cost": 148602.51,
    "Total Cost": 148602.52,
    "Plan Rows": 1,
    "Plan Width": 8,
    "Actual Startup Time": 1186.85,
    "Actual Total Time": 1213.677,
    "Actual Rows": 1,
    "Actual Loops": 1,
    "Plans": [
      {
        "Node Type": "Gather",
        "Parent Relationship": "Outer",
        "Parallel Aware": false,
        "Startup Cost": 148602.4,
        "Total Cost": 148602.51,
        "Plan Rows": 1,
        "Plan Width": 8,
        "Actual Startup Time": 1181.5,
        "Actual Total Time": 1213.666,
        "Actual Rows": 2,
        "Actual Loops": 1,
        "Workers Planned": 1,
        "Workers Launched": 1,
        "Single Copy": false,
        "Plans": [
          {
            "Node Type": "Aggregate",
            "Strategy": "Plain",
            "Partial Mode": "Partial",
            "Parent Relationship": "Outer",
            "Parallel Aware": false,
            "Startup Cost": 147602.4,
            "Total Cost": 147602.41,
            "Plan Rows": 1,
            "Plan Width": 8,
            "Actual Startup Time": 1174.973,
            "Actual Total Time": 1174.983,
            "Actual Rows": 1,
            "Actual Loops": 2,
            "Plans": [
              {
                "Node Type": "Hash Join",
                "Parent Relationship": "Outer",
                "Parallel Aware": true,
                "Join Type": "Inner",
                "Startup Cost": 125959.62,
                "Total Cost": 147145.15,
                "Plan Rows": 182899,
                "Plan Width": 0,
                "Actual Startup Time": 974.07,
                "Actual Total Time": 1151.072,
                "Actual Rows": 608132,
                "Actual Loops": 2,
                "Inner Unique": false,
                "Hash Cond": "(mi_idx.movie_id = t.id)",
                "Plans": [
                  {
                    "Node Type": "Seq Scan",
                    "Parent Relationship": "Outer",
                    "Parallel Aware": true,
                    "Relation Name": "movie_info_idx",
                    "Alias": "mi_idx",
                    "Startup Cost": 0.0,
                    "Total Cost": 18082.32,
                    "Plan Rows": 540622,
                    "Plan Width": 4,
                    "Actual Startup Time": 0.032,
                    "Actual Total Time": 59.79,
                    "Actual Rows": 459925,
                    "Actual Loops": 2,
                    "Filter": "(info_type_id < 101)",
                    "Rows Removed by Filter": 230092
                  },
                  {
                    "Node Type": "Hash",
                    "Parent Relationship": "Inner",
                    "Parallel Aware": true,
                    "Startup Cost": 119670.26,
                    "Total Cost": 119670.26,
                    "Plan Rows": 503149,
                    "Plan Width": 8,
                    "Actual Startup Time": 964.675,
                    "Actual Total Time": 964.682,
                    "Actual Rows": 430663,
                    "Actual Loops": 2,
                    "Hash Buckets": 1048576,
                    "Original Hash Buckets": 1048576,
                    "Hash Batches": 1,
                    "Original Hash Batches": 1,
                    "Peak Memory Usage": 41920,
                    "Plans": [
                      {
                        "Node Type": "Hash Join",
                        "Parent Relationship": "Outer",
                        "Parallel Aware": true,
                        "Join Type": "Inner",
                        "Startup Cost": 87606.13,
                        "Total Cost": 119670.26,
                        "Plan Rows": 503149,
                        "Plan Width": 8,
                        "Actual Startup Time": 625.805,
                        "Actual Total Time": 859.196,
                        "Actual Rows": 430663,
                        "Actual Loops": 2,
                        "Inner Unique": true,
                        "Hash Cond": "(mk.movie_id = t.id)",
                        "Plans": [
                          {
                            "Node Type": "Bitmap Heap Scan",
                            "Parent Relationship": "Outer",
                            "Parallel Aware": true,
                            "Relation Name": "movie_keyword",
                            "Alias": "mk",
                            "Startup Cost": 18145.43,
                            "Total Cost": 48888.79,
                            "Plan Rows": 503149,
                            "Plan Width": 4,
                            "Actual Startup Time": 47.869,
                            "Actual Total Time": 148.314,
                            "Actual Rows": 430663,
                            "Actual Loops": 2,
                            "Recheck Cond": "(keyword_id < 820)",
                            "Rows Removed by Index Recheck": 0,
                            "Exact Heap Blocks": 13157,
                            "Lossy Heap Blocks": 0,
                            "Plans": [
                              {
                                "Node Type": "Bitmap Index Scan",
                                "Parent Relationship": "Outer",
                                "Parallel Aware": false,
                                "Index Name": "keyword_id_movie_keyword",
                                "Startup Cost": 0.0,
                                "Total Cost": 17931.59,
                                "Plan Rows": 855354,
                                "Plan Width": 0,
                                "Actual Startup Time": 44.278,
                                "Actual Total Time": 44.279,
                                "Actual Rows": 861326,
                                "Actual Loops": 1,
                                "Index Cond": "(keyword_id < 820)"
                              }
                            ]
                          },
                          {
                            "Node Type": "Hash",
                            "Parent Relationship": "Inner",
                            "Parallel Aware": true,
                            "Startup Cost": 50870.31,
                            "Total Cost": 50870.31,
                            "Plan Rows": 1487231,
                            "Plan Width": 4,
                            "Actual Startup Time": 562.612,
                            "Actual Total Time": 562.613,
                            "Actual Rows": 1264156,
                            "Actual Loops": 2,
                            "Hash Buckets": 4194304,
                            "Original Hash Buckets": 4194304,
                            "Hash Batches": 1,
                            "Original Hash Batches": 1,
                            "Peak Memory Usage": 131712,
                            "Plans": [
                              {
                                "Node Type": "Seq Scan",
                                "Parent Relationship": "Outer",
                                "Parallel Aware": true,
                                "Relation Name": "title",
                                "Alias": "t",
                                "Startup Cost": 0.0,
                                "Total Cost": 50870.31,
                                "Plan Rows": 1487231,
                                "Plan Width": 4,
                                "Actual Startup Time": 0.044,
                                "Actual Total Time": 157.552,
                                "Actual Rows": 1264156,
                                "Actual Loops": 2
                              }
                            ]
                          }
                        ]
                      }
                    ]
                  }
                ]
              }
            ]
          }
        ]
      }
    ]
  },
  "Planning Time": 0.989,
  "Triggers": [],
  "Execution Time": 1213.78
}