[
  {
    "Plan": {
      "Node Type": "Aggregate",
      "Strategy": "Plain",
      "Partial Mode": "Finalize",
      "Parallel Aware": false,
      "Startup Cost": 239672.54,
      "Total Cost": 239672.55,
      "Plan Rows": 1,
      "Plan Width": 8,
      "Actual Startup Time": 1127.921,
      "Actual Total Time": 1173.72,
      "Actual Rows": 1,
      "Actual Loops": 1,
      "Plans": [
        {
          "Node Type": "Gather",
          "Parent Relationship": "Outer",
          "Parallel Aware": false,
          "Startup Cost": 239672.22,
          "Total Cost": 239672.53,
          "Plan Rows": 3,
          "Plan Width": 8,
          "Actual Startup Time": 1123.899,
          "Actual Total Time": 1173.707,
          "Actual Rows": 4,
          "Actual Loops": 1,
          "Workers Planned": 3,
          "Workers Launched": 3,
          "Single Copy": false,
          "Plans": [
            {
              "Node Type": "Aggregate",
              "Strategy": "Plain",
              "Partial Mode": "Partial",
              "Parent Relationship": "Outer",
              "Parallel Aware": false,
              "Startup Cost": 238672.22,
              "Total Cost": 238672.23,
              "Plan Rows": 1,
              "Plan Width": 8,
              "Actual Startup Time": 1114.48,
              "Actual Total Time": 1114.484,
              "Actual Rows": 1,
              "Actual Loops": 4,
              "Plans": [
                {
                  "Node Type": "Nested Loop",
                  "Parent Relationship": "Outer",
                  "Parallel Aware": false,
                  "Join Type": "Inner",
                  "Startup Cost": 48155.76,
                  "Total Cost": 238568.76,
                  "Plan Rows": 41386,
                  "Plan Width": 0,
                  "Actual Startup Time": 191.761,
                  "Actual Total Time": 1106.77,
                  "Actual Rows": 126035,
                  "Actual Loops": 4,
                  "Inner Unique": false,
                  "Plans": [
                    {
                      "Node Type": "Hash Join",
                      "Parent Relationship": "Outer",
                      "Parallel Aware": true,
                      "Join Type": "Inner",
                      "Startup Cost": 48155.32,
                      "Total Cost": 80098.4,
                      "Plan Rows": 68166,
                      "Plan Width": 8,
                      "Actual Startup Time": 191.542,
                      "Actual Total Time": 291.391,
                      "Actual Rows": 68779,
                      "Actual Loops": 4,
                      "Inner Unique": true,
                      "Hash Cond": "(mc.movie_id = t.id)",
                      "Plans": [
                        {
                          "Node Type": "Seq Scan",
                          "Parent Relationship": "Outer",
                          "Parallel Aware": true,
                          "Relation Name": "movie_companies",
                          "Alias": "mc",
                          "Startup Cost": 0.0,
                          "Total Cost": 31414.82,
                          "Plan Rows": 201243,
                          "Plan Width": 4,
                          "Actual Startup Time": 9.676,
                          "Actual Total Time": 64.736,
                          "Actual Rows": 92678,
                          "Actual Loops": 4,
                          "Filter": "((company_id > 11460) AND (company_type_id = 1))",
                          "Rows Removed by Filter": 559604
                        },
                        {
                          "Node Type": "Hash",
                          "Parent Relationship": "Inner",
                          "Parallel Aware": true,
                          "Startup Cost": 45479.1,
                          "Total Cost": 45479.1,
                          "Plan Rows": 214098,
                          "Plan Width": 4,
                          "Actual Startup Time": 176.534,
                          "Actual Total Time": 176.536,
                          "Actual Rows": 191340,
                          "Actual Loops": 4,
                          "Hash Buckets": 1048576,
                          "Original Hash Buckets": 1048576,
                          "Hash Batches": 1,
                          "Original Hash Batches": 1,
                          "Peak Memory Usage": 38176,
                          "Plans": [
                            {
                              "Node Type": "Seq Scan",
                              "Parent Relationship": "Outer",
                              "Parallel Aware": true,
                              "Relation Name": "title",
                              "Alias": "t",
                              "Startup Cost": 0.0,
                              "Total Cost": 45479.1,
                              "Plan Rows": 214098,
                              "Plan Width": 4,
                              "Actual Startup Time": 0.047,
                              "Actual Total Time": 106.043,
                              "Actual Rows": 191340,
                              "Actual Loops": 4,
                              "Filter": "((kind_id < 7) AND (production_year > 1963))",
                              "Rows Removed by Filter": 440738
                            }
                          ]
                        }
                      ]
                    },
                    {
                      "Node Type": "Index Scan",
                      "Parent Relationship": "Inner",
                      "Parallel Aware": false,
                      "Scan Direction": "Forward",
                      "Index Name": "movie_id_movie_info",
                      "Relation Name": "movie_info",
                      "Alias": "mi",
                      "Startup Cost": 0.43,
                      "Total Cost": 2.28,
                      "Plan Rows": 4,
                      "Plan Width": 4,
                      "Actual Startup Time": 0.011,
                      "Actual Total Time": 0.012,
                      "Actual Rows": 2,
                      "Actual Loops": 275115,
                      "Index Cond": "(movie_id = t.id)",
                      "Rows Removed by Index Recheck": 0,
                      "Filter": "(info_type_id = 3)",
                      "Rows Removed by Filter": 44
                    }
                  ]
                }
              ]
            }
          ]
        }
      ]
    },
    "Planning Time": 1.538,
    "Triggers": [],
    "Execution Time": 1173.836
  }
]