{
  "Plan": {
    "Node Type": "Aggregate",
    "Strategy": "Plain",
    "Partial Mode": "Finalize",
    "Parallel Aware": false,
    "Startup Cost": 110611.48,
    "Total Cost": 110611.49,
    "Plan Rows": 1,
    "Plan Width": 8,
    "Actual Startup Time": 767.306,
    "Actual Total Time": 788.694,
    "Actual Rows": 1,
    "Actual Loops": 1,
    "Plans": [
      {
        "Node Type": "Gather",
        "Parent Relationship": "Outer",
        "Parallel Aware": false,
        "Startup Cost": 110611.37,
        "Total Cost": 110611.48,
        "Plan Rows": 1,
        "Plan Width": 8,
        "Actual Startup Time": 760.917,
        "Actual Total Time": 788.685,
        "Actual Rows": 2,
        "Actual Loops": 1,
        "Workers Planned": 1,
        "Workers Launched": 1,
        "Single Copy": false,
        "Plans": [
          {
            "Node Type": "Aggregate",
            "Strategy": "Plain",
            "Partial Mode": "Partial",
            "Parent Relationship": "Outer",
            "Parallel Aware": false,
            "Startup Cost": 109611.37,
            "Total Cost": 109611.38,
            "Plan Rows": 1,
            "Plan Width": 8,
            "Actual Startup Time": 748.309,
            "Actual Total Time": 748.313,
            "Actual Rows": 1,
            "Actual Loops": 2,
            "Plans": [
              {
                "Node Type": "Hash Join",
                "Parent Relationship": "Outer",
                "Parallel Aware": true,
                "Join Type": "Inner",
                "Startup Cost": 80004.78,
                "Total Cost": 108880.5,
                "Plan Rows": 292345,
                "Plan Width": 0,
                "Actual Startup Time": 582.063,
                "Actual Total Time": 736.811,
                "Actual Rows": 253484,
                "Actual Loops": 2,
                "Inner Unique": true,
                "Hash Cond": "(mk.movie_id = t.id)",
                "Plans": [
                  {
                    "Node Type": "Bitmap Heap Scan",
                    "Parent Relationship": "Outer",
                    "Parallel Aware": true,
                    "Relation Name": "movie_keyword",
                    "Alias": "mk",
                    "Startup Cost": 10544.08,
                    "Total Cost": 38652.4,
                    "Plan Rows": 292345,
                    "Plan Width": 4,
                    "Actual Startup Time": 28.165,
                    "Actual Total Time": 97.04,
                    "Actual Rows": 253484,
                    "Actual Loops": 2,
                    "Recheck Cond": "(keyword_id < 370)",
                    "Rows Removed by Index Recheck": 0,
                    "Exact Heap Blocks": 13453,
                    "Lossy Heap Blocks": 0,
                    "Plans": [
                      {
                        "Node Type": "Bitmap Index Scan",
                        "Parent Relationship": "Outer",
                        "Parallel Aware": false,
                        "Index Name": "keyword_id_movie_keyword",
                        "Startup Cost": 0.0,
                        "Total Cost": 10419.84,
                        "Plan Rows": 496987,
                        "Plan Width": 0,
                        "Actual Startup Time": 24.644,
                        "Actual Total Time": 24.644,
                        "Actual Rows": 506969,
                        "Actual Loops": 1,
                        "Index Cond": "(keyword_id < 370)"
                      }
                    ]
                  },
                  {
                    "Node Type": "Hash",
                    "Parent Relationship": "Inner",
                    "Parallel Aware": true,
                    "Startup Cost": 50870.31,
                    "Total Cost": 50870.31,
                    "Plan Rows": 1487231,
                    "Plan Width": 4,
                    "Actual Startup Time": 531.038,
                    "Actual Total Time": 531.039,
                    "Actual Rows": 1264156,
                    "Actual Loops": 2,
                    "Hash Buckets": 4194304,
                    "Original Hash Buckets": 4194304,
                    "Hash Batches": 1,
                    "Original Hash Batches": 1,
                    "Peak Memory Usage": 131680,
                    "Plans": [
                      {
                        "Node Type": "Seq Scan",
                        "Parent Relationship": "Outer",
                        "Parallel Aware": true,
                        "Relation Name": "title",
                        "Alias": "t",
                        "Startup Cost": 0.0,
                        "Total Cost": 50870.31,
                        "Plan Rows": 1487231,
                        "Plan Width": 4,
                        "Actual Startup Time": 0.026,
                        "Actual Total Time": 165.116,
                        "Actual Rows": 1264156,
                        "Actual Loops": 2
                      }
                    ]
                  }
                ]
              }
            ]
          }
        ]
      }
    ]
  },
  "Planning Time": 0.671,
  "Triggers": [],
  "Execution Time": 788.779
}