{
  "Plan": {
    "Node Type": "Aggregate",
    "Strategy": "Plain",
    "Partial Mode": "Finalize",
    "Parallel Aware": false,
    "Startup Cost": 709428.97,
    "Total Cost": 709428.98,
    "Plan Rows": 1,
    "Plan Width": 8,
    "Actual Startup Time": 3837.839,
    "Actual Total Time": 3896.514,
    "Actual Rows": 1,
    "Actual Loops": 1,
    "Plans": [
      {
        "Node Type": "Gather",
        "Parent Relationship": "Outer",
        "Parallel Aware": false,
        "Startup Cost": 709428.86,
        "Total Cost": 709428.97,
        "Plan Rows": 1,
        "Plan Width": 8,
        "Actual Startup Time": 3835.255,
        "Actual Total Time": 3896.503,
        "Actual Rows": 2,
        "Actual Loops": 1,
        "Workers Planned": 1,
        "Workers Launched": 1,
        "Single Copy": false,
        "Plans": [
          {
            "Node Type": "Aggregate",
            "Strategy": "Plain",
            "Partial Mode": "Partial",
            "Parent Relationship": "Outer",
            "Parallel Aware": false,
            "Startup Cost": 708428.86,
            "Total Cost": 708428.87,
            "Plan Rows": 1,
            "Plan Width": 8,
            "Actual Startup Time": 3830.643,
            "Actual Total Time": 3830.929,
            "Actual Rows": 1,
            "Actual Loops": 2,
            "Plans": [
              {
                "Node Type": "Hash Join",
                "Parent Relationship": "Outer",
                "Parallel Aware": true,
                "Join Type": "Inner",
                "Startup Cost": 128346.0,
                "Total Cost": 698176.62,
                "Plan Rows": 4100895,
                "Plan Width": 0,
                "Actual Startup Time": 587.238,
                "Actual Total Time": 3767.72,
                "Actual Rows": 1498762,
                "Actual Loops": 2,
                "Inner Unique": false,
                "Hash Cond": "(ci.movie_id = t.id)",
                "Plans": [
                  {
                    "Node Type": "Seq Scan",
                    "Parent Relationship": "Outer",
                    "Parallel Aware": true,
                    "Relation Name": "cast_info",
                    "Alias": "ci",
                    "Startup Cost": 0.0,
                    "Total Cost": 465792.95,
                    "Plan Rows": 21310595,
                    "Plan Width": 4,
                    "Actual Startup Time": 0.016,
                    "Actual Total Time": 1287.351,
                    "Actual Rows": 18122172,
                    "Actual Loops": 2
                  },
                  {
                    "Node Type": "Hash",
                    "Parent Relationship": "Inner",
                    "Parallel Aware": true,
                    "Startup Cost": 124768.56,
                    "Total Cost": 124768.56,
                    "Plan Rows": 286195,
                    "Plan Width": 8,
                    "Actual Startup Time": 582.912,
                    "Actual Total Time": 583.196,
                    "Actual Rows": 51338,
                    "Actual Loops": 2,
                    "Hash Buckets": 524288,
                    "Original Hash Buckets": 524288,
                    "Hash Batches": 1,
                    "Original Hash Batches": 1,
                    "Peak Memory Usage": 8128,
                    "Plans": [
                      {
                        "Node Type": "Hash Join",
                        "Parent Relationship": "Outer",
                        "Parallel Aware": true,
                        "Join Type": "Inner",
                        "Startup Cost": 90268.11,
                        "Total Cost": 124768.56,
                        "Plan Rows": 286195,
                        "Plan Width": 8,
                        "Actual Startup Time": 380.381,
                        "Actual Total Time": 570.579,
                        "Actual Rows": 51338,
                        "Actual Loops": 2,
                        "Inner Unique": true,
                        "Hash Cond": "(mk.movie_id = t.id)",
                        "Plans": [
                          {
                            "Node Type": "Bitmap Heap Scan",
                            "Parent Relationship": "Outer",
                            "Parallel Aware": true,
                            "Relation Name": "movie_keyword",
                            "Alias": "mk",
                            "Startup Cost": 23951.64,
                            "Total Cost": 56708.49,
                            "Plan Rows": 664228,
                            "Plan Width": 4,
                            "Actual Startup Time": 63.916,
                            "Actual Total Time": 158.567,
                            "Actual Rows": 568949,
                            "Actual Loops": 2,
                            "Recheck Cond": "(keyword_id < 1276)",
                            "Rows Removed by Index Recheck": 0,
                            "Exact Heap Blocks": 13551,
                            "Lossy Heap Blocks": 0,
                            "Plans": [
                              {
                                "Node Type": "Bitmap Index Scan",
                                "Parent Relationship": "Outer",
                                "Parallel Aware": false,
                                "Index Name": "keyword_id_movie_keyword",
                                "Startup Cost": 0.0,
                                "Total Cost": 23669.34,
                                "Plan Rows": 1129188,
                                "Plan Width": 0,
                                "Actual Startup Time": 60.199,
                                "Actual Total Time": 60.199,
                                "Actual Rows": 1137898,
                                "Actual Loops": 1,
                                "Index Cond": "(keyword_id < 1276)"
                              }
                            ]
                          },
                          {
                            "Node Type": "Hash",
                            "Parent Relationship": "Inner",
                            "Parallel Aware": true,
                            "Startup Cost": 58306.47,
                            "Total Cost": 58306.47,
                            "Plan Rows": 640800,
                            "Plan Width": 4,
                            "Actual Startup Time": 306.366,
                            "Actual Total Time": 306.367,
                            "Actual Rows": 522111,
                            "Actual Loops": 2,
                            "Hash Buckets": 2097152,
                            "Original Hash Buckets": 2097152,
                            "Hash Batches": 1,
                            "Original Hash Batches": 1,
                            "Peak Memory Usage": 57248,
                            "Plans": [
                              {
                                "Node Type": "Seq Scan",
                                "Parent Relationship": "Outer",
                                "Parallel Aware": true,
                                "Relation Name": "title",
                                "Alias": "t",
                                "Startup Cost": 0.0,
                                "Total Cost": 58306.47,
                                "Plan Rows": 640800,
                                "Plan Width": 4,
                                "Actual Startup Time": 0.032,
                                "Actual Total Time": 154.699,
                                "Actual Rows": 522111,
                                "Actual Loops": 2,
                                "Filter": "((production_year < 2009) AND (kind_id = 7))",
                                "Rows Removed by Filter": 742045
                              }
                            ]
                          }
                        ]
                      }
                    ]
                  }
                ]
              }
            ]
          }
        ]
      }
    ]
  },
  "Planning Time": 0.647,
  "Triggers": [],
  "Execution Time": 3896.603
}