[
  {
    "Plan": {
      "Node Type": "Aggregate",
      "Strategy": "Plain",
      "Partial Mode": "Finalize",
      "Parallel Aware": false,
      "Startup Cost": 201644.0,
      "Total Cost": 201644.01,
      "Plan Rows": 1,
      "Plan Width": 8,
      "Actual Startup Time": 2267.429,
      "Actual Total Time": 2352.793,
      "Actual Rows": 1,
      "Actual Loops": 1,
      "Plans": [
        {
          "Node Type": "Gather",
          "Parent Relationship": "Outer",
          "Parallel Aware": false,
          "Startup Cost": 201643.69,
          "Total Cost": 201644.0,
          "Plan Rows": 3,
          "Plan Width": 8,
          "Actual Startup Time": 2267.337,
          "Actual Total Time": 2352.783,
          "Actual Rows": 4,
          "Actual Loops": 1,
          "Workers Planned": 3,
          "Workers Launched": 3,
          "Single Copy": false,
          "Plans": [
            {
              "Node Type": "Aggregate",
              "Strategy": "Plain",
              "Partial Mode": "Partial",
              "Parent Relationship": "Outer",
              "Parallel Aware": false,
              "Startup Cost": 200643.69,
              "Total Cost": 200643.7,
              "Plan Rows": 1,
              "Plan Width": 8,
              "Actual Startup Time": 2262.152,
              "Actual Total Time": 2262.156,
              "Actual Rows": 1,
              "Actual Loops": 4,
              "Plans": [
                {
                  "Node Type": "Nested Loop",
                  "Parent Relationship": "Outer",
                  "Parallel Aware": false,
                  "Join Type": "Inner",
                  "Startup Cost": 46117.85,
                  "Total Cost": 198826.24,
                  "Plan Rows": 726980,
                  "Plan Width": 0,
                  "Actual Startup Time": 144.653,
                  "Actual Total Time": 2148.688,
                  "Actual Rows": 2335736,
                  "Actual Loops": 4,
                  "Inner Unique": false,
                  "Join Filter": "(t.id = ci.movie_id)",
                  "Rows Removed by Join Filter": 0,
                  "Plans": [
                    {
                      "Node Type": "Hash Join",
                      "Parent Relationship": "Outer",
                      "Parallel Aware": true,
                      "Join Type": "Inner",
                      "Startup Cost": 46117.29,
                      "Total Cost": 77077.11,
                      "Plan Rows": 50704,
                      "Plan Width": 8,
                      "Actual Startup Time": 144.525,
                      "Actual Total Time": 296.586,
                      "Actual Rows": 41195,
                      "Actual Loops": 4,
                      "Inner Unique": true,
                      "Hash Cond": "(mc.movie_id = t.id)",
                      "Plans": [
                        {
                          "Node Type": "Seq Scan",
                          "Parent Relationship": "Outer",
                          "Parallel Aware": true,
                          "Relation Name": "movie_companies",
                          "Alias": "mc",
                          "Startup Cost": 0.0,
                          "Total Cost": 29310.68,
                          "Plan Rows": 628246,
                          "Plan Width": 4,
                          "Actual Startup Time": 0.01,
                          "Actual Total Time": 78.056,
                          "Actual Rows": 488532,
                          "Actual Loops": 4,
                          "Filter": "(company_id < 53642)",
                          "Rows Removed by Filter": 163750
                        },
                        {
                          "Node Type": "Hash",
                          "Parent Relationship": "Inner",
                          "Parallel Aware": true,
                          "Startup Cost": 45479.59,
                          "Total Cost": 45479.59,
                          "Plan Rows": 51016,
                          "Plan Width": 4,
                          "Actual Startup Time": 114.254,
                          "Actual Total Time": 114.255,
                          "Actual Rows": 45598,
                          "Actual Loops": 4,
                          "Hash Buckets": 262144,
                          "Original Hash Buckets": 262144,
                          "Hash Batches": 1,
                          "Original Hash Batches": 1,
                          "Peak Memory Usage": 9280,
                          "Plans": [
                            {
                              "Node Type": "Seq Scan",
                              "Parent Relationship": "Outer",
                              "Parallel Aware": true,
                              "Relation Name": "title",
                              "Alias": "t",
                              "Startup Cost": 0.0,
                              "Total Cost": 45479.59,
                              "Plan Rows": 51016,
                              "Plan Width": 4,
                              "Actual Startup Time": 44.58,
                              "Actual Total Time": 98.68,
                              "Actual Rows": 45598,
                              "Actual Loops": 4,
                              "Filter": "((production_year > 2007) AND (kind_id = 1))",
                              "Rows Removed by Filter": 586480
                            }
                          ]
                        }
                      ]
                    },
                    {
                      "Node Type": "Index Only Scan",
                      "Parent Relationship": "Inner",
                      "Parallel Aware": false,
                      "Scan Direction": "Forward",
                      "Index Name": "movie_id_cast_info",
                      "Relation Name": "cast_info",
                      "Alias": "ci",
                      "Startup Cost": 0.56,
                      "Total Cost": 1.96,
                      "Plan Rows": 35,
                      "Plan Width": 4,
                      "Actual Startup Time": 0.006,
                      "Actual Total Time": 0.039,
                      "Actual Rows": 57,
                      "Actual Loops": 164779,
                      "Index Cond": "(movie_id = mc.movie_id)",
                      "Rows Removed by Index Recheck": 0,
                      "Heap Fetches": 9342942
                    }
                  ]
                }
              ]
            }
          ]
        }
      ]
    },
    "Planning Time": 1.17,
    "Triggers": [],
    "Execution Time": 2352.886
  }
]