[
  {
    "Plan": {
      "Node Type": "Aggregate",
      "Strategy": "Plain",
      "Partial Mode": "Finalize",
      "Parallel Aware": false,
      "Startup Cost": 86658.64,
      "Total Cost": 86658.65,
      "Plan Rows": 1,
      "Plan Width": 8,
      "Actual Startup Time": 273.806,
      "Actual Total Time": 293.727,
      "Actual Rows": 1,
      "Actual Loops": 1,
      "Plans": [
        {
          "Node Type": "Gather",
          "Parent Relationship": "Outer",
          "Parallel Aware": false,
          "Startup Cost": 86658.32,
          "Total Cost": 86658.63,
          "Plan Rows": 3,
          "Plan Width": 8,
          "Actual Startup Time": 273.575,
          "Actual Total Time": 293.718,
          "Actual Rows": 4,
          "Actual Loops": 1,
          "Workers Planned": 3,
          "Workers Launched": 3,
          "Single Copy": false,
          "Plans": [
            {
              "Node Type": "Aggregate",
              "Strategy": "Plain",
              "Partial Mode": "Partial",
              "Parent Relationship": "Outer",
              "Parallel Aware": false,
              "Startup Cost": 85658.32,
              "Total Cost": 85658.33,
              "Plan Rows": 1,
              "Plan Width": 8,
              "Actual Startup Time": 264.256,
              "Actual Total Time": 264.26,
              "Actual Rows": 1,
              "Actual Loops": 4,
              "Plans": [
                {
                  "Node Type": "Nested Loop",
                  "Parent Relationship": "Outer",
                  "Parallel Aware": false,
                  "Join Type": "Inner",
                  "Startup Cost": 45579.86,
                  "Total Cost": 85643.09,
                  "Plan Rows": 6094,
                  "Plan Width": 0,
                  "Actual Startup Time": 117.908,
                  "Actual Total Time": 257.544,
                  "Actual Rows": 170250,
                  "Actual Loops": 4,
                  "Inner Unique": false,
                  "Join Filter": "(t.id = mk.movie_id)",
                  "Rows Removed by Join Filter": 0,
                  "Plans": [
                    {
                      "Node Type": "Hash Join",
                      "Parent Relationship": "Outer",
                      "Parallel Aware": true,
                      "Join Type": "Inner",
                      "Startup Cost": 45579.42,
                      "Total Cost": 75977.69,
                      "Plan Rows": 5261,
                      "Plan Width": 8,
                      "Actual Startup Time": 117.778,
                      "Actual Total Time": 184.435,
                      "Actual Rows": 5490,
                      "Actual Loops": 4,
                      "Inner Unique": true,
                      "Hash Cond": "(mc.movie_id = t.id)",
                      "Plans": [
                        {
                          "Node Type": "Seq Scan",
                          "Parent Relationship": "Outer",
                          "Parallel Aware": true,
                          "Relation Name": "movie_companies",
                          "Alias": "mc",
                          "Startup Cost": 0.0,
                          "Total Cost": 29310.68,
                          "Plan Rows": 414318,
                          "Plan Width": 4,
                          "Actual Startup Time": 0.018,
                          "Actual Total Time": 61.098,
                          "Actual Rows": 318562,
                          "Actual Loops": 4,
                          "Filter": "(company_type_id = 1)",
                          "Rows Removed by Filter": 333721
                        },
                        {
                          "Node Type": "Hash",
                          "Parent Relationship": "Inner",
                          "Parallel Aware": true,
                          "Startup Cost": 45479.1,
                          "Total Cost": 45479.1,
                          "Plan Rows": 8026,
                          "Plan Width": 4,
                          "Actual Startup Time": 95.643,
                          "Actual Total Time": 95.644,
                          "Actual Rows": 5527,
                          "Actual Loops": 4,
                          "Hash Buckets": 32768,
                          "Original Hash Buckets": 32768,
                          "Hash Batches": 1,
                          "Original Hash Batches": 1,
                          "Peak Memory Usage": 1184,
                          "Plans": [
                            {
                              "Node Type": "Seq Scan",
                              "Parent Relationship": "Outer",
                              "Parallel Aware": true,
                              "Relation Name": "title",
                              "Alias": "t",
                              "Startup Cost": 0.0,
                              "Total Cost": 45479.1,
                              "Plan Rows": 8026,
                              "Plan Width": 4,
                              "Actual Startup Time": 61.349,
                              "Actual Total Time": 93.563,
                              "Actual Rows": 5527,
                              "Actual Loops": 4,
                              "Filter": "((kind_id = 1) AND (production_year = 2008))",
                              "Rows Removed by Filter": 626551
                            }
                          ]
                        }
                      ]
                    },
                    {
                      "Node Type": "Index Scan",
                      "Parent Relationship": "Inner",
                      "Parallel Aware": false,
                      "Scan Direction": "Forward",
                      "Index Name": "movie_id_movie_keyword",
                      "Relation Name": "movie_keyword",
                      "Alias": "mk",
                      "Startup Cost": 0.43,
                      "Total Cost": 1.47,
                      "Plan Rows": 29,
                      "Plan Width": 4,
                      "Actual Startup Time": 0.004,
                      "Actual Total Time": 0.011,
                      "Actual Rows": 31,
                      "Actual Loops": 21960,
                      "Index Cond": "(movie_id = mc.movie_id)",
                      "Rows Removed by Index Recheck": 0,
                      "Filter": "(keyword_id < 9584)",
                      "Rows Removed by Filter": 19
                    }
                  ]
                }
              ]
            }
          ]
        }
      ]
    },
    "Planning Time": 1.52,
    "Triggers": [],
    "Execution Time": 293.82
  }
]