[
  {
    "Plan": {
      "Node Type": "Aggregate",
      "Strategy": "Plain",
      "Partial Mode": "Finalize",
      "Parallel Aware": false,
      "Startup Cost": 109064.26,
      "Total Cost": 109064.27,
      "Plan Rows": 1,
      "Plan Width": 8,
      "Actual Startup Time": 626.589,
      "Actual Total Time": 643.787,
      "Actual Rows": 1,
      "Actual Loops": 1,
      "Plans": [
        {
          "Node Type": "Gather",
          "Parent Relationship": "Outer",
          "Parallel Aware": false,
          "Startup Cost": 109064.05,
          "Total Cost": 109064.26,
          "Plan Rows": 2,
          "Plan Width": 8,
          "Actual Startup Time": 621.631,
          "Actual Total Time": 643.777,
          "Actual Rows": 3,
          "Actual Loops": 1,
          "Workers Planned": 2,
          "Workers Launched": 2,
          "Single Copy": false,
          "Plans": [
            {
              "Node Type": "Aggregate",
              "Strategy": "Plain",
              "Partial Mode": "Partial",
              "Parent Relationship": "Outer",
              "Parallel Aware": false,
              "Startup Cost": 108064.05,
              "Total Cost": 108064.06,
              "Plan Rows": 1,
              "Plan Width": 8,
              "Actual Startup Time": 613.847,
              "Actual Total Time": 614.261,
              "Actual Rows": 1,
              "Actual Loops": 3,
              "Plans": [
                {
                  "Node Type": "Hash Join",
                  "Parent Relationship": "Outer",
                  "Parallel Aware": true,
                  "Join Type": "Inner",
                  "Startup Cost": 91965.02,
                  "Total Cost": 107951.59,
                  "Plan Rows": 44984,
                  "Plan Width": 0,
                  "Actual Startup Time": 459.69,
                  "Actual Total Time": 591.157,
                  "Actual Rows": 568841,
                  "Actual Loops": 3,
                  "Inner Unique": false,
                  "Hash Cond": "(mi_idx.movie_id = t.id)",
                  "Plans": [
                    {
                      "Node Type": "Seq Scan",
                      "Parent Relationship": "Outer",
                      "Parallel Aware": true,
                      "Relation Name": "movie_info_idx",
                      "Alias": "mi_idx",
                      "Startup Cost": 0.0,
                      "Total Cost": 13685.15,
                      "Plan Rows": 575015,
                      "Plan Width": 4,
                      "Actual Startup Time": 0.029,
                      "Actual Total Time": 36.547,
                      "Actual Rows": 460012,
                      "Actual Loops": 3
                    },
                    {
                      "Node Type": "Hash",
                      "Parent Relationship": "Inner",
                      "Parallel Aware": true,
                      "Startup Cost": 91167.47,
                      "Total Cost": 91167.47,
                      "Plan Rows": 63804,
                      "Plan Width": 8,
                      "Actual Startup Time": 456.285,
                      "Actual Total Time": 456.697,
                      "Actual Rows": 222985,
                      "Actual Loops": 3,
                      "Hash Buckets": 1048576,
                      "Original Hash Buckets": 262144,
                      "Hash Batches": 1,
                      "Original Hash Batches": 1,
                      "Peak Memory Usage": 40544,
                      "Plans": [
                        {
                          "Node Type": "Hash Join",
                          "Parent Relationship": "Outer",
                          "Parallel Aware": true,
                          "Join Type": "Inner",
                          "Startup Cost": 46018.49,
                          "Total Cost": 91167.47,
                          "Plan Rows": 63804,
                          "Plan Width": 8,
                          "Actual Startup Time": 149.945,
                          "Actual Total Time": 395.611,
                          "Actual Rows": 222985,
                          "Actual Loops": 3,
                          "Inner Unique": true,
                          "Hash Cond": "(mk.movie_id = t.id)",
                          "Plans": [
                            {
                              "Node Type": "Seq Scan",
                              "Parent Relationship": "Outer",
                              "Parallel Aware": true,
                              "Relation Name": "movie_keyword",
                              "Alias": "mk",
                              "Startup Cost": 0.0,
                              "Total Cost": 42695.65,
                              "Plan Rows": 934604,
                              "Plan Width": 4,
                              "Actual Startup Time": 0.195,
                              "Actual Total Time": 143.35,
                              "Actual Rows": 961010,
                              "Actual Loops": 3,
                              "Filter": "(keyword_id > 2488)",
                              "Rows Removed by Filter": 546966
                            },
                            {
                              "Node Type": "Hash",
                              "Parent Relationship": "Inner",
                              "Parallel Aware": true,
                              "Startup Cost": 45479.1,
                              "Total Cost": 45479.1,
                              "Plan Rows": 43151,
                              "Plan Width": 4,
                              "Actual Startup Time": 148.372,
                              "Actual Total Time": 148.373,
                              "Actual Rows": 94008,
                              "Actual Loops": 3,
                              "Hash Buckets": 524288,
                              "Original Hash Buckets": 262144,
                              "Hash Batches": 1,
                              "Original Hash Batches": 1,
                              "Peak Memory Usage": 17248,
                              "Plans": [
                                {
                                  "Node Type": "Seq Scan",
                                  "Parent Relationship": "Outer",
                                  "Parallel Aware": true,
                                  "Relation Name": "title",
                                  "Alias": "t",
                                  "Startup Cost": 0.0,
                                  "Total Cost": 45479.1,
                                  "Plan Rows": 43151,
                                  "Plan Width": 4,
                                  "Actual Startup Time": 0.101,
                                  "Actual Total Time": 113.681,
                                  "Actual Rows": 94008,
                                  "Actual Loops": 3,
                                  "Filter": "((kind_id < 7) AND (production_year < 1976))",
                                  "Rows Removed by Filter": 748762
                                }
                              ]
                            }
                          ]
                        }
                      ]
                    }
                  ]
                }
              ]
            }
          ]
        }
      ]
    },
    "Planning Time": 2.846,
    "Triggers": [],
    "Execution Time": 643.875
  }
]