[
  {
    "Plan": {
      "Node Type": "Aggregate",
      "Strategy": "Plain",
      "Partial Mode": "Finalize",
      "Parallel Aware": false,
      "Startup Cost": 350372.66,
      "Total Cost": 350372.67,
      "Plan Rows": 1,
      "Plan Width": 8,
      "Actual Startup Time": 851.679,
      "Actual Total Time": 908.085,
      "Actual Rows": 1,
      "Actual Loops": 1,
      "Plans": [
        {
          "Node Type": "Gather",
          "Parent Relationship": "Outer",
          "Parallel Aware": false,
          "Startup Cost": 350372.04,
          "Total Cost": 350372.65,
          "Plan Rows": 6,
          "Plan Width": 8,
          "Actual Startup Time": 851.473,
          "Actual Total Time": 908.07,
          "Actual Rows": 7,
          "Actual Loops": 1,
          "Workers Planned": 6,
          "Workers Launched": 6,
          "Single Copy": false,
          "Plans": [
            {
              "Node Type": "Aggregate",
              "Strategy": "Plain",
              "Partial Mode": "Partial",
              "Parent Relationship": "Outer",
              "Parallel Aware": false,
              "Startup Cost": 349372.04,
              "Total Cost": 349372.05,
              "Plan Rows": 1,
              "Plan Width": 8,
              "Actual Startup Time": 842.133,
              "Actual Total Time": 842.136,
              "Actual Rows": 1,
              "Actual Loops": 7,
              "Plans": [
                {
                  "Node Type": "Seq Scan",
                  "Parent Relationship": "Outer",
                  "Parallel Aware": true,
                  "Relation Name": "cast_info",
                  "Alias": "ci",
                  "Startup Cost": 0.0,
                  "Total Cost": 343316.27,
                  "Plan Rows": 2422306,
                  "Plan Width": 0,
                  "Actual Startup Time": 0.063,
                  "Actual Total Time": 705.609,
                  "Actual Rows": 2874666,
                  "Actual Loops": 7,
                  "Filter": "((person_id < 2707599) AND (role_id < 3))",
                  "Rows Removed by Filter": 2303098
                }
              ]
            }
          ]
        }
      ]
    },
    "Planning Time": 0.237,
    "Triggers": [],
    "Execution Time": 908.16
  }
]