[
  {
    "Plan": {
      "Node Type": "Aggregate",
      "Strategy": "Plain",
      "Partial Mode": "Finalize",
      "Parallel Aware": false,
      "Startup Cost": 34386.48,
      "Total Cost": 34386.49,
      "Plan Rows": 1,
      "Plan Width": 8,
      "Actual Startup Time": 152.087,
      "Actual Total Time": 163.486,
      "Actual Rows": 1,
      "Actual Loops": 1,
      "Plans": [
        {
          "Node Type": "Gather",
          "Parent Relationship": "Outer",
          "Parallel Aware": false,
          "Startup Cost": 34386.16,
          "Total Cost": 34386.47,
          "Plan Rows": 3,
          "Plan Width": 8,
          "Actual Startup Time": 151.715,
          "Actual Total Time": 163.471,
          "Actual Rows": 4,
          "Actual Loops": 1,
          "Workers Planned": 3,
          "Workers Launched": 3,
          "Single Copy": false,
          "Plans": [
            {
              "Node Type": "Aggregate",
              "Strategy": "Plain",
              "Partial Mode": "Partial",
              "Parent Relationship": "Outer",
              "Parallel Aware": false,
              "Startup Cost": 33386.16,
              "Total Cost": 33386.17,
              "Plan Rows": 1,
              "Plan Width": 8,
              "Actual Startup Time": 146.263,
              "Actual Total Time": 146.266,
              "Actual Rows": 1,
              "Actual Loops": 4,
              "Plans": [
                {
                  "Node Type": "Bitmap Heap Scan",
                  "Parent Relationship": "Outer",
                  "Parallel Aware": true,
                  "Relation Name": "movie_keyword",
                  "Alias": "mk",
                  "Startup Cost": 7273.33,
                  "Total Cost": 33109.69,
                  "Plan Rows": 110589,
                  "Plan Width": 0,
                  "Actual Startup Time": 44.897,
                  "Actual Total Time": 139.21,
                  "Actual Rows": 85699,
                  "Actual Loops": 4,
                  "Recheck Cond": "(keyword_id > 48487)",
                  "Rows Removed by Index Recheck": 0,
                  "Exact Heap Blocks": 7672,
                  "Lossy Heap Blocks": 0,
                  "Plans": [
                    {
                      "Node Type": "Bitmap Index Scan",
                      "Parent Relationship": "Outer",
                      "Parallel Aware": false,
                      "Index Name": "keyword_id_movie_keyword",
                      "Startup Cost": 0.0,
                      "Total Cost": 7187.62,
                      "Plan Rows": 342825,
                      "Plan Width": 0,
                      "Actual Startup Time": 43.947,
                      "Actual Total Time": 43.948,
                      "Actual Rows": 342795,
                      "Actual Loops": 1,
                      "Index Cond": "(keyword_id > 48487)"
                    }
                  ]
                }
              ]
            }
          ]
        }
      ]
    },
    "Planning Time": 0.191,
    "Triggers": [],
    "Execution Time": 163.58
  }
]