[
  {
    "Plan": {
      "Node Type": "Aggregate",
      "Strategy": "Plain",
      "Partial Mode": "Simple",
      "Parallel Aware": false,
      "Startup Cost": 10204.55,
      "Total Cost": 10204.56,
      "Plan Rows": 1,
      "Plan Width": 96,
      "Actual Startup Time": 826.749,
      "Actual Total Time": 826.759,
      "Actual Rows": 1,
      "Actual Loops": 1,
      "Plans": [
        {
          "Node Type": "Nested Loop",
          "Parent Relationship": "Outer",
          "Parallel Aware": false,
          "Join Type": "Inner",
          "Startup Cost": 14.58,
          "Total Cost": 10204.54,
          "Plan Rows": 1,
          "Plan Width": 41,
          "Actual Startup Time": 11.811,
          "Actual Total Time": 825.861,
          "Actual Rows": 4803,
          "Actual Loops": 1,
          "Inner Unique": true,
          "Plans": [
            {
              "Node Type": "Nested Loop",
              "Parent Relationship": "Outer",
              "Parallel Aware": false,
              "Join Type": "Inner",
              "Startup Cost": 14.45,
              "Total Cost": 10204.38,
              "Plan Rows": 1,
              "Plan Width": 45,
              "Actual Startup Time": 11.799,
              "Actual Total Time": 820.876,
              "Actual Rows": 4979,
              "Actual Loops": 1,
              "Inner Unique": true,
              "Plans": [
                {
                  "Node Type": "Nested Loop",
                  "Parent Relationship": "Outer",
                  "Parallel Aware": false,
                  "Join Type": "Inner",
                  "Startup Cost": 14.3,
                  "Total Cost": 10204.2,
                  "Plan Rows": 1,
                  "Plan Width": 49,
                  "Actual Startup Time": 11.787,
                  "Actual Total Time": 814.915,
                  "Actual Rows": 5542,
                  "Actual Loops": 1,
                  "Inner Unique": false,
                  "Join Filter": "(t.id = mi.movie_id)",
                  "Rows Removed by Join Filter": 0,
                  "Plans": [
                    {
                      "Node Type": "Nested Loop",
                      "Parent Relationship": "Outer",
                      "Parallel Aware": false,
                      "Join Type": "Inner",
                      "Startup Cost": 13.87,
                      "Total Cost": 10202.28,
                      "Plan Rows": 1,
                      "Plan Width": 65,
                      "Actual Startup Time": 11.484,
                      "Actual Total Time": 518.822,
                      "Actual Rows": 4558,
                      "Actual Loops": 1,
                      "Inner Unique": true,
                      "Plans": [
                        {
                          "Node Type": "Nested Loop",
                          "Parent Relationship": "Outer",
                          "Parallel Aware": false,
                          "Join Type": "Inner",
                          "Startup Cost": 13.44,
                          "Total Cost": 10201.79,
                          "Plan Rows": 1,
                          "Plan Width": 40,
                          "Actual Startup Time": 6.304,
                          "Actual Total Time": 491.584,
                          "Actual Rows": 8934,
                          "Actual Loops": 1,
                          "Inner Unique": true,
                          "Plans": [
                            {
                              "Node Type": "Nested Loop",
                              "Parent Relationship": "Outer",
                              "Parallel Aware": false,
                              "Join Type": "Inner",
                              "Startup Cost": 13.31,
                              "Total Cost": 10201.64,
                              "Plan Rows": 1,
                              "Plan Width": 44,
                              "Actual Startup Time": 6.263,
                              "Actual Total Time": 482.345,
                              "Actual Rows": 8934,
                              "Actual Loops": 1,
                              "Inner Unique": true,
                              "Plans": [
                                {
                                  "Node Type": "Nested Loop",
                                  "Parent Relationship": "Outer",
                                  "Parallel Aware": false,
                                  "Join Type": "Inner",
                                  "Startup Cost": 12.89,
                                  "Total Cost": 10201.1,
                                  "Plan Rows": 1,
                                  "Plan Width": 29,
                                  "Actual Startup Time": 6.208,
                                  "Actual Total Time": 457.649,
                                  "Actual Rows": 9535,
                                  "Actual Loops": 1,
                                  "Inner Unique": false,
                                  "Plans": [
                                    {
                                      "Node Type": "Nested Loop",
                                      "Parent Relationship": "Outer",
                                      "Parallel Aware": false,
                                      "Join Type": "Inner",
                                      "Startup Cost": 12.46,
                                      "Total Cost": 10200.52,
                                      "Plan Rows": 1,
                                      "Plan Width": 17,
                                      "Actual Startup Time": 5.444,
                                      "Actual Total Time": 400.959,
                                      "Actual Rows": 3662,
                                      "Actual Loops": 1,
                                      "Inner Unique": true,
                                      "Plans": [
                                        {
                                          "Node Type": "Nested Loop",
                                          "Parent Relationship": "Outer",
                                          "Parallel Aware": false,
                                          "Join Type": "Inner",
                                          "Startup Cost": 12.33,
                                          "Total Cost": 10200.36,
                                          "Plan Rows": 1,
                                          "Plan Width": 21,
                                          "Actual Startup Time": 5.434,
                                          "Actual Total Time": 395.277,
                                          "Actual Rows": 5973,
                                          "Actual Loops": 1,
                                          "Inner Unique": true,
                                          "Plans": [
                                            {
                                              "Node Type": "Nested Loop",
                                              "Parent Relationship": "Outer",
                                              "Parallel Aware": false,
                                              "Join Type": "Inner",
                                              "Startup Cost": 12.2,
                                              "Total Cost": 10200.19,
                                              "Plan Rows": 1,
                                              "Plan Width": 25,
                                              "Actual Startup Time": 5.205,
                                              "Actual Total Time": 374.96,
                                              "Actual Rows": 19344,
                                              "Actual Loops": 1,
                                              "Inner Unique": false,
                                              "Plans": [
                                                {
                                                  "Node Type": "Nested Loop",
                                                  "Parent Relationship": "Outer",
                                                  "Parallel Aware": false,
                                                  "Join Type": "Inner",
                                                  "Startup Cost": 11.78,
                                                  "Total Cost": 10198.76,
                                                  "Plan Rows": 3,
                                                  "Plan Width": 13,
                                                  "Actual Startup Time": 4.929,
                                                  "Actual Total Time": 309.072,
                                                  "Actual Rows": 31800,
                                                  "Actual Loops": 1,
                                                  "Inner Unique": false,
                                                  "Join Filter": "(mi_idx.info_type_id = it2.id)",
                                                  "Rows Removed by Join Filter": 62093,
                                                  "Plans": [
                                                    {
                                                      "Node Type": "Index Scan",
                                                      "Parent Relationship": "Outer",
                                                      "Parallel Aware": false,
                                                      "Scan Direction": "Forward",
                                                      "Index Name": "info_type_pkey",
                                                      "Relation Name": "info_type",
                                                      "Alias": "it2",
                                                      "Startup Cost": 0.14,
                                                      "Total Cost": 14.12,
                                                      "Plan Rows": 1,
                                                      "Plan Width": 4,
                                                      "Actual Startup Time": 0.036,
                                                      "Actual Total Time": 0.04,
                                                      "Actual Rows": 1,
                                                      "Actual Loops": 1,
                                                      "Filter": "((info)::text = 'rating'::text)",
                                                      "Rows Removed by Filter": 112
                                                    },
                                                    {
                                                      "Node Type": "Nested Loop",
                                                      "Parent Relationship": "Inner",
                                                      "Parallel Aware": false,
                                                      "Join Type": "Inner",
                                                      "Startup Cost": 11.64,
                                                      "Total Cost": 10179.82,
                                                      "Plan Rows": 386,
                                                      "Plan Width": 17,
                                                      "Actual Startup Time": 4.889,
                                                      "Actual Total Time": 301.666,
                                                      "Actual Rows": 93893,
                                                      "Actual Loops": 1,
                                                      "Inner Unique": false,
                                                      "Plans": [
                                                        {
                                                          "Node Type": "Nested Loop",
                                                          "Parent Relationship": "Outer",
                                                          "Parallel Aware": false,
                                                          "Join Type": "Inner",
                                                          "Startup Cost": 11.21,
                                                          "Total Cost": 10108.26,
                                                          "Plan Rows": 135,
                                                          "Plan Width": 4,
                                                          "Actual Startup Time": 4.804,
                                                          "Actual Total Time": 153.091,
                                                          "Actual Rows": 37091,
                                                          "Actual Loops": 1,
                                                          "Inner Unique": false,
                                                          "Plans": [
                                                            {
                                                              "Node Type": "Index Scan",
                                                              "Parent Relationship": "Outer",
                                                              "Parallel Aware": false,
                                                              "Scan Direction": "Forward",
                                                              "Index Name": "keyword_pkey",
                                                              "Relation Name": "keyword",
                                                              "Alias": "k",
                                                              "Startup Cost": 0.42,
                                                              "Total Cost": 5678.52,
                                                              "Plan Rows": 4,
                                                              "Plan Width": 4,
                                                              "Actual Startup Time": 0.695,
                                                              "Actual Total Time": 45.918,
                                                              "Actual Rows": 3,
                                                              "Actual Loops": 1,
                                                              "Filter": "(keyword = ANY ('{murder,murder-in-title,blood,violence}'::text[]))",
                                                              "Rows Removed by Filter": 134167
                                                            },
                                                            {
                                                              "Node Type": "Bitmap Heap Scan",
                                                              "Parent Relationship": "Inner",
                                                              "Parallel Aware": false,
                                                              "Relation Name": "movie_keyword",
                                                              "Alias": "mk",
                                                              "Startup Cost": 10.79,
                                                              "Total Cost": 1104.4,
                                                              "Plan Rows": 304,
                                                              "Plan Width": 8,
                                                              "Actual Startup Time": 2.662,
                                                              "Actual Total Time": 34.149,
                                                              "Actual Rows": 12364,
                                                              "Actual Loops": 3,
                                                              "Recheck Cond": "(keyword_id = k.id)",
                                                              "Rows Removed by Index Recheck": 0,
                                                              "Exact Heap Blocks": 26312,
                                                              "Lossy Heap Blocks": 0,
                                                              "Plans": [
                                                                {
                                                                  "Node Type": "Bitmap Index Scan",
                                                                  "Parent Relationship": "Outer",
                                                                  "Parallel Aware": false,
                                                                  "Index Name": "keyword_id_movie_keyword",
                                                                  "Startup Cost": 0.0,
                                                                  "Total Cost": 10.71,
                                                                  "Plan Rows": 304,
                                                                  "Plan Width": 0,
                                                                  "Actual Startup Time": 1.69,
                                                                  "Actual Total Time": 1.69,
                                                                  "Actual Rows": 12364,
                                                                  "Actual Loops": 3,
                                                                  "Index Cond": "(keyword_id = k.id)"
                                                                }
                                                              ]
                                                            }
                                                          ]
                                                        },
                                                        {
                                                          "Node Type": "Index Scan",
                                                          "Parent Relationship": "Inner",
                                                          "Parallel Aware": false,
                                                          "Scan Direction": "Forward",
                                                          "Index Name": "movie_id_movie_info_idx",
                                                          "Relation Name": "movie_info_idx",
                                                          "Alias": "mi_idx",
                                                          "Startup Cost": 0.43,
                                                          "Total Cost": 0.5,
                                                          "Plan Rows": 3,
                                                          "Plan Width": 13,
                                                          "Actual Startup Time": 0.003,
                                                          "Actual Total Time": 0.004,
                                                          "Actual Rows": 3,
                                                          "Actual Loops": 37091,
                                                          "Index Cond": "(movie_id = mk.movie_id)",
                                                          "Rows Removed by Index Recheck": 0,
                                                          "Filter": "(info < '8.5'::text)",
                                                          "Rows Removed by Filter": 0
                                                        }
                                                      ]
                                                    }
                                                  ]
                                                },
                                                {
                                                  "Node Type": "Index Scan",
                                                  "Parent Relationship": "Inner",
                                                  "Parallel Aware": false,
                                                  "Scan Direction": "Forward",
                                                  "Index Name": "movie_id_complete_cast",
                                                  "Relation Name": "complete_cast",
                                                  "Alias": "cc",
                                                  "Startup Cost": 0.42,
                                                  "Total Cost": 0.46,
                                                  "Plan Rows": 2,
                                                  "Plan Width": 12,
                                                  "Actual Startup Time": 0.002,
                                                  "Actual Total Time": 0.002,
                                                  "Actual Rows": 1,
                                                  "Actual Loops": 31800,
                                                  "Index Cond": "(movie_id = mk.movie_id)",
                                                  "Rows Removed by Index Recheck": 0
                                                }
                                              ]
                                            },
                                            {
                                              "Node Type": "Index Scan",
                                              "Parent Relationship": "Inner",
                                              "Parallel Aware": false,
                                              "Scan Direction": "Forward",
                                              "Index Name": "comp_cast_type_pkey",
                                              "Relation Name": "comp_cast_type",
                                              "Alias": "cct1",
                                              "Startup Cost": 0.13,
                                              "Total Cost": 0.15,
                                              "Plan Rows": 1,
                                              "Plan Width": 4,
                                              "Actual Startup Time": 0.001,
                                              "Actual Total Time": 0.001,
                                              "Actual Rows": 0,
                                              "Actual Loops": 19344,
                                              "Index Cond": "(id = cc.subject_id)",
                                              "Rows Removed by Index Recheck": 0,
                                              "Filter": "((kind)::text = 'crew'::text)",
                                              "Rows Removed by Filter": 1
                                            }
                                          ]
                                        },
                                        {
                                          "Node Type": "Index Scan",
                                          "Parent Relationship": "Inner",
                                          "Parallel Aware": false,
                                          "Scan Direction": "Forward",
                                          "Index Name": "comp_cast_type_pkey",
                                          "Relation Name": "comp_cast_type",
                                          "Alias": "cct2",
                                          "Startup Cost": 0.13,
                                          "Total Cost": 0.15,
                                          "Plan Rows": 1,
                                          "Plan Width": 4,
                                          "Actual Startup Time": 0.001,
                                          "Actual Total Time": 0.001,
                                          "Actual Rows": 1,
                                          "Actual Loops": 5973,
                                          "Index Cond": "(id = cc.status_id)",
                                          "Rows Removed by Index Recheck": 0,
                                          "Filter": "((kind)::text <> 'complete+verified'::text)",
                                          "Rows Removed by Filter": 0
                                        }
                                      ]
                                    },
                                    {
                                      "Node Type": "Index Scan",
                                      "Parent Relationship": "Inner",
                                      "Parallel Aware": false,
                                      "Scan Direction": "Forward",
                                      "Index Name": "movie_id_movie_companies",
                                      "Relation Name": "movie_companies",
                                      "Alias": "mc",
                                      "Startup Cost": 0.43,
                                      "Total Cost": 0.57,
                                      "Plan Rows": 1,
                                      "Plan Width": 12,
                                      "Actual Startup Time": 0.011,
                                      "Actual Total Time": 0.015,
                                      "Actual Rows": 3,
                                      "Actual Loops": 3662,
                                      "Index Cond": "(movie_id = mk.movie_id)",
                                      "Rows Removed by Index Recheck": 0,
                                      "Filter": "((note !~~ '%(USA)%'::text) AND (note ~~ '%(200%)%'::text))",
                                      "Rows Removed by Filter": 9
                                    }
                                  ]
                                },
                                {
                                  "Node Type": "Index Scan",
                                  "Parent Relationship": "Inner",
                                  "Parallel Aware": false,
                                  "Scan Direction": "Forward",
                                  "Index Name": "company_name_pkey",
                                  "Relation Name": "company_name",
                                  "Alias": "cn",
                                  "Startup Cost": 0.42,
                                  "Total Cost": 0.54,
                                  "Plan Rows": 1,
                                  "Plan Width": 23,
                                  "Actual Startup Time": 0.002,
                                  "Actual Total Time": 0.002,
                                  "Actual Rows": 1,
                                  "Actual Loops": 9535,
                                  "Index Cond": "(id = mc.company_id)",
                                  "Rows Removed by Index Recheck": 0,
                                  "Filter": "((country_code)::text <> '[us]'::text)",
                                  "Rows Removed by Filter": 0
                                }
                              ]
                            },
                            {
                              "Node Type": "Index Only Scan",
                              "Parent Relationship": "Inner",
                              "Parallel Aware": false,
                              "Scan Direction": "Forward",
                              "Index Name": "company_type_pkey",
                              "Relation Name": "company_type",
                              "Alias": "ct",
                              "Startup Cost": 0.13,
                              "Total Cost": 0.15,
                              "Plan Rows": 1,
                              "Plan Width": 4,
                              "Actual Startup Time": 0.001,
                              "Actual Total Time": 0.001,
                              "Actual Rows": 1,
                              "Actual Loops": 8934,
                              "Index Cond": "(id = mc.company_type_id)",
                              "Rows Removed by Index Recheck": 0,
                              "Heap Fetches": 8934
                            }
                          ]
                        },
                        {
                          "Node Type": "Index Scan",
                          "Parent Relationship": "Inner",
                          "Parallel Aware": false,
                          "Scan Direction": "Forward",
                          "Index Name": "title_pkey",
                          "Relation Name": "title",
                          "Alias": "t",
                          "Startup Cost": 0.43,
                          "Total Cost": 0.49,
                          "Plan Rows": 1,
                          "Plan Width": 25,
                          "Actual Startup Time": 0.003,
                          "Actual Total Time": 0.003,
                          "Actual Rows": 1,
                          "Actual Loops": 8934,
                          "Index Cond": "(id = mk.movie_id)",
                          "Rows Removed by Index Recheck": 0,
                          "Filter": "(production_year > 2000)",
                          "Rows Removed by Filter": 0
                        }
                      ]
                    },
                    {
                      "Node Type": "Index Scan",
                      "Parent Relationship": "Inner",
                      "Parallel Aware": false,
                      "Scan Direction": "Forward",
                      "Index Name": "movie_id_movie_info",
                      "Relation Name": "movie_info",
                      "Alias": "mi",
                      "Startup Cost": 0.43,
                      "Total Cost": 1.89,
                      "Plan Rows": 2,
                      "Plan Width": 8,
                      "Actual Startup Time": 0.057,
                      "Actual Total Time": 0.065,
                      "Actual Rows": 1,
                      "Actual Loops": 4558,
                      "Index Cond": "(movie_id = mk.movie_id)",
                      "Rows Removed by Index Recheck": 0,
                      "Filter": "(info = ANY ('{Sweden,Norway,Germany,Denmark,Swedish,Danish,Norwegian,German,USA,American}'::text[]))",
                      "Rows Removed by Filter": 240
                    }
                  ]
                },
                {
                  "Node Type": "Index Scan",
                  "Parent Relationship": "Inner",
                  "Parallel Aware": false,
                  "Scan Direction": "Forward",
                  "Index Name": "info_type_pkey",
                  "Relation Name": "info_type",
                  "Alias": "it1",
                  "Startup Cost": 0.14,
                  "Total Cost": 0.16,
                  "Plan Rows": 1,
                  "Plan Width": 4,
                  "Actual Startup Time": 0.001,
                  "Actual Total Time": 0.001,
                  "Actual Rows": 1,
                  "Actual Loops": 5542,
                  "Index Cond": "(id = mi.info_type_id)",
                  "Rows Removed by Index Recheck": 0,
                  "Filter": "((info)::text = 'countries'::text)",
                  "Rows Removed by Filter": 0
                }
              ]
            },
            {
              "Node Type": "Index Scan",
              "Parent Relationship": "Inner",
              "Parallel Aware": false,
              "Scan Direction": "Forward",
              "Index Name": "kind_type_pkey",
              "Relation Name": "kind_type",
              "Alias": "kt",
              "Startup Cost": 0.13,
              "Total Cost": 0.15,
              "Plan Rows": 1,
              "Plan Width": 4,
              "Actual Startup Time": 0.001,
              "Actual Total Time": 0.001,
              "Actual Rows": 1,
              "Actual Loops": 4979,
              "Index Cond": "(id = t.kind_id)",
              "Rows Removed by Index Recheck": 0,
              "Filter": "((kind)::text = ANY ('{movie,episode}'::text[]))",
              "Rows Removed by Filter": 0
            }
          ]
        }
      ]
    },
    "Planning Time": 165.719,
    "Triggers": [],
    "Execution Time": 827.139
  }
]