[
  {
    "Plan": {
      "Node Type": "Aggregate",
      "Strategy": "Plain",
      "Partial Mode": "Finalize",
      "Parallel Aware": false,
      "Startup Cost": 100502.13,
      "Total Cost": 100502.14,
      "Plan Rows": 1,
      "Plan Width": 8,
      "Actual Startup Time": 872.579,
      "Actual Total Time": 892.288,
      "Actual Rows": 1,
      "Actual Loops": 1,
      "Plans": [
        {
          "Node Type": "Gather",
          "Parent Relationship": "Outer",
          "Parallel Aware": false,
          "Startup Cost": 100501.92,
          "Total Cost": 100502.13,
          "Plan Rows": 2,
          "Plan Width": 8,
          "Actual Startup Time": 861.551,
          "Actual Total Time": 892.279,
          "Actual Rows": 3,
          "Actual Loops": 1,
          "Workers Planned": 2,
          "Workers Launched": 2,
          "Single Copy": false,
          "Plans": [
            {
              "Node Type": "Aggregate",
              "Strategy": "Plain",
              "Partial Mode": "Partial",
              "Parent Relationship": "Outer",
              "Parallel Aware": false,
              "Startup Cost": 99501.92,
              "Total Cost": 99501.93,
              "Plan Rows": 1,
              "Plan Width": 8,
              "Actual Startup Time": 854.406,
              "Actual Total Time": 854.412,
              "Actual Rows": 1,
              "Actual Loops": 3,
              "Plans": [
                {
                  "Node Type": "Hash Join",
                  "Parent Relationship": "Outer",
                  "Parallel Aware": true,
                  "Join Type": "Inner",
                  "Startup Cost": 82763.7,
                  "Total Cost": 99110.38,
                  "Plan Rows": 156617,
                  "Plan Width": 0,
                  "Actual Startup Time": 694.415,
                  "Actual Total Time": 837.476,
                  "Actual Rows": 352447,
                  "Actual Loops": 3,
                  "Inner Unique": false,
                  "Hash Cond": "(mi_idx.movie_id = t.id)",
                  "Plans": [
                    {
                      "Node Type": "Seq Scan",
                      "Parent Relationship": "Outer",
                      "Parallel Aware": true,
                      "Relation Name": "movie_info_idx",
                      "Alias": "mi_idx",
                      "Startup Cost": 0.0,
                      "Total Cost": 13685.15,
                      "Plan Rows": 575015,
                      "Plan Width": 4,
                      "Actual Startup Time": 0.04,
                      "Actual Total Time": 41.995,
                      "Actual Rows": 460012,
                      "Actual Loops": 3
                    },
                    {
                      "Node Type": "Hash",
                      "Parent Relationship": "Inner",
                      "Parallel Aware": true,
                      "Startup Cost": 79986.82,
                      "Total Cost": 79986.82,
                      "Plan Rows": 222151,
                      "Plan Width": 8,
                      "Actual Startup Time": 687.693,
                      "Actual Total Time": 687.697,
                      "Actual Rows": 235722,
                      "Actual Loops": 3,
                      "Hash Buckets": 1048576,
                      "Original Hash Buckets": 1048576,
                      "Hash Batches": 1,
                      "Original Hash Batches": 1,
                      "Peak Memory Usage": 35904,
                      "Plans": [
                        {
                          "Node Type": "Hash Join",
                          "Parent Relationship": "Outer",
                          "Parallel Aware": true,
                          "Join Type": "Inner",
                          "Startup Cost": 49909.5,
                          "Total Cost": 79986.82,
                          "Plan Rows": 222151,
                          "Plan Width": 8,
                          "Actual Startup Time": 409.215,
                          "Actual Total Time": 609.2,
                          "Actual Rows": 235722,
                          "Actual Loops": 3,
                          "Inner Unique": true,
                          "Hash Cond": "(mc.movie_id = t.id)",
                          "Plans": [
                            {
                              "Node Type": "Seq Scan",
                              "Parent Relationship": "Outer",
                              "Parallel Aware": true,
                              "Relation Name": "movie_companies",
                              "Alias": "mc",
                              "Startup Cost": 0.0,
                              "Total Cost": 29310.68,
                              "Plan Rows": 292053,
                              "Plan Width": 4,
                              "Actual Startup Time": 14.502,
                              "Actual Total Time": 91.353,
                              "Actual Rows": 298960,
                              "Actual Loops": 3,
                              "Filter": "(company_id > 21587)",
                              "Rows Removed by Filter": 570750
                            },
                            {
                              "Node Type": "Hash",
                              "Parent Relationship": "Inner",
                              "Parallel Aware": true,
                              "Startup Cost": 43899.32,
                              "Total Cost": 43899.32,
                              "Plan Rows": 480814,
                              "Plan Width": 4,
                              "Actual Startup Time": 387.827,
                              "Actual Total Time": 387.828,
                              "Actual Rows": 640950,
                              "Actual Loops": 3,
                              "Hash Buckets": 2097152,
                              "Original Hash Buckets": 2097152,
                              "Hash Batches": 1,
                              "Original Hash Batches": 1,
                              "Peak Memory Usage": 91648,
                              "Plans": [
                                {
                                  "Node Type": "Seq Scan",
                                  "Parent Relationship": "Outer",
                                  "Parallel Aware": true,
                                  "Relation Name": "title",
                                  "Alias": "t",
                                  "Startup Cost": 0.0,
                                  "Total Cost": 43899.32,
                                  "Plan Rows": 480814,
                                  "Plan Width": 4,
                                  "Actual Startup Time": 0.055,
                                  "Actual Total Time": 150.193,
                                  "Actual Rows": 640950,
                                  "Actual Loops": 3,
                                  "Filter": "(production_year < 2010)",
                                  "Rows Removed by Filter": 201821
                                }
                              ]
                            }
                          ]
                        }
                      ]
                    }
                  ]
                }
              ]
            }
          ]
        }
      ]
    },
    "Planning Time": 1.072,
    "Triggers": [],
    "Execution Time": 892.354
  }
]