[
  {
    "Plan": {
      "Node Type": "Aggregate",
      "Strategy": "Plain",
      "Partial Mode": "Finalize",
      "Parallel Aware": false,
      "Startup Cost": 31430.4,
      "Total Cost": 31430.41,
      "Plan Rows": 1,
      "Plan Width": 8,
      "Actual Startup Time": 113.011,
      "Actual Total Time": 120.873,
      "Actual Rows": 1,
      "Actual Loops": 1,
      "Plans": [
        {
          "Node Type": "Gather",
          "Parent Relationship": "Outer",
          "Parallel Aware": false,
          "Startup Cost": 31430.08,
          "Total Cost": 31430.39,
          "Plan Rows": 3,
          "Plan Width": 8,
          "Actual Startup Time": 112.902,
          "Actual Total Time": 120.865,
          "Actual Rows": 4,
          "Actual Loops": 1,
          "Workers Planned": 3,
          "Workers Launched": 3,
          "Single Copy": false,
          "Plans": [
            {
              "Node Type": "Aggregate",
              "Strategy": "Plain",
              "Partial Mode": "Partial",
              "Parent Relationship": "Outer",
              "Parallel Aware": false,
              "Startup Cost": 30430.08,
              "Total Cost": 30430.09,
              "Plan Rows": 1,
              "Plan Width": 8,
              "Actual Startup Time": 106.121,
              "Actual Total Time": 106.123,
              "Actual Rows": 1,
              "Actual Loops": 4,
              "Plans": [
                {
                  "Node Type": "Seq Scan",
                  "Parent Relationship": "Outer",
                  "Parallel Aware": true,
                  "Relation Name": "movie_companies",
                  "Alias": "mc",
                  "Startup Cost": 0.0,
                  "Total Cost": 29310.68,
                  "Plan Rows": 447759,
                  "Plan Width": 0,
                  "Actual Startup Time": 0.037,
                  "Actual Total Time": 85.275,
                  "Actual Rows": 346380,
                  "Actual Loops": 4,
                  "Filter": "(company_id < 11972)",
                  "Rows Removed by Filter": 305902
                }
              ]
            }
          ]
        }
      ]
    },
    "Planning Time": 0.159,
    "Triggers": [],
    "Execution Time": 120.92
  }
]