[
  {
    "Plan": {
      "Node Type": "Aggregate",
      "Strategy": "Plain",
      "Partial Mode": "Finalize",
      "Parallel Aware": false,
      "Startup Cost": 113295.04,
      "Total Cost": 113295.05,
      "Plan Rows": 1,
      "Plan Width": 8,
      "Actual Startup Time": 215.792,
      "Actual Total Time": 226.27,
      "Actual Rows": 1,
      "Actual Loops": 1,
      "Plans": [
        {
          "Node Type": "Gather",
          "Parent Relationship": "Outer",
          "Parallel Aware": false,
          "Startup Cost": 113294.52,
          "Total Cost": 113295.03,
          "Plan Rows": 5,
          "Plan Width": 8,
          "Actual Startup Time": 215.772,
          "Actual Total Time": 226.262,
          "Actual Rows": 6,
          "Actual Loops": 1,
          "Workers Planned": 5,
          "Workers Launched": 5,
          "Single Copy": false,
          "Plans": [
            {
              "Node Type": "Aggregate",
              "Strategy": "Plain",
              "Partial Mode": "Partial",
              "Parent Relationship": "Outer",
              "Parallel Aware": false,
              "Startup Cost": 112294.52,
              "Total Cost": 112294.53,
              "Plan Rows": 1,
              "Plan Width": 8,
              "Actual Startup Time": 206.26,
              "Actual Total Time": 206.262,
              "Actual Rows": 1,
              "Actual Loops": 6,
              "Plans": [
                {
                  "Node Type": "Index Scan",
                  "Parent Relationship": "Outer",
                  "Parallel Aware": true,
                  "Scan Direction": "Forward",
                  "Index Name": "role_id_cast_info",
                  "Relation Name": "cast_info",
                  "Alias": "ci",
                  "Startup Cost": 0.56,
                  "Total Cost": 110428.26,
                  "Plan Rows": 746505,
                  "Plan Width": 0,
                  "Actual Startup Time": 0.171,
                  "Actual Total Time": 172.239,
                  "Actual Rows": 668006,
                  "Actual Loops": 6,
                  "Index Cond": "(role_id = 3)",
                  "Rows Removed by Index Recheck": 0,
                  "Filter": "(person_id < 3544999)",
                  "Rows Removed by Filter": 0
                }
              ]
            }
          ]
        }
      ]
    },
    "Planning Time": 0.221,
    "Triggers": [],
    "Execution Time": 226.325
  }
]