[
  {
    "Plan": {
      "Node Type": "Aggregate",
      "Strategy": "Plain",
      "Partial Mode": "Finalize",
      "Parallel Aware": false,
      "Startup Cost": 215839.31,
      "Total Cost": 215839.32,
      "Plan Rows": 1,
      "Plan Width": 8,
      "Actual Startup Time": 145.711,
      "Actual Total Time": 167.855,
      "Actual Rows": 1,
      "Actual Loops": 1,
      "Plans": [
        {
          "Node Type": "Gather",
          "Parent Relationship": "Outer",
          "Parallel Aware": false,
          "Startup Cost": 215838.89,
          "Total Cost": 215839.3,
          "Plan Rows": 4,
          "Plan Width": 8,
          "Actual Startup Time": 145.569,
          "Actual Total Time": 167.847,
          "Actual Rows": 5,
          "Actual Loops": 1,
          "Workers Planned": 4,
          "Workers Launched": 4,
          "Single Copy": false,
          "Plans": [
            {
              "Node Type": "Aggregate",
              "Strategy": "Plain",
              "Partial Mode": "Partial",
              "Parent Relationship": "Outer",
              "Parallel Aware": false,
              "Startup Cost": 214838.89,
              "Total Cost": 214838.9,
              "Plan Rows": 1,
              "Plan Width": 8,
              "Actual Startup Time": 137.548,
              "Actual Total Time": 137.549,
              "Actual Rows": 1,
              "Actual Loops": 5,
              "Plans": [
                {
                  "Node Type": "Nested Loop",
                  "Parent Relationship": "Outer",
                  "Parallel Aware": false,
                  "Join Type": "Inner",
                  "Startup Cost": 0.43,
                  "Total Cost": 214818.76,
                  "Plan Rows": 8051,
                  "Plan Width": 0,
                  "Actual Startup Time": 0.646,
                  "Actual Total Time": 136.612,
                  "Actual Rows": 10020,
                  "Actual Loops": 5,
                  "Inner Unique": false,
                  "Plans": [
                    {
                      "Node Type": "Seq Scan",
                      "Parent Relationship": "Outer",
                      "Parallel Aware": true,
                      "Relation Name": "title",
                      "Alias": "t",
                      "Startup Cost": 0.0,
                      "Total Cost": 43899.32,
                      "Plan Rows": 2065,
                      "Plan Width": 4,
                      "Actual Startup Time": 0.439,
                      "Actual Total Time": 79.577,
                      "Actual Rows": 1726,
                      "Actual Loops": 5,
                      "Filter": "(production_year = 1956)",
                      "Rows Removed by Filter": 503937
                    },
                    {
                      "Node Type": "Index Scan",
                      "Parent Relationship": "Inner",
                      "Parallel Aware": false,
                      "Scan Direction": "Forward",
                      "Index Name": "movie_id_movie_info",
                      "Relation Name": "movie_info",
                      "Alias": "mi",
                      "Startup Cost": 0.43,
                      "Total Cost": 82.5,
                      "Plan Rows": 27,
                      "Plan Width": 4,
                      "Actual Startup Time": 0.016,
                      "Actual Total Time": 0.032,
                      "Actual Rows": 6,
                      "Actual Loops": 8628,
                      "Index Cond": "(movie_id = t.id)",
                      "Rows Removed by Index Recheck": 0,
                      "Filter": "(info_type_id > 4)",
                      "Rows Removed by Filter": 3
                    }
                  ]
                }
              ]
            }
          ]
        }
      ]
    },
    "Planning Time": 0.438,
    "Triggers": [],
    "Execution Time": 167.907
  }
]