[
  {
    "Plan": {
      "Node Type": "Aggregate",
      "Strategy": "Plain",
      "Partial Mode": "Finalize",
      "Parallel Aware": false,
      "Startup Cost": 43056.79,
      "Total Cost": 43056.8,
      "Plan Rows": 1,
      "Plan Width": 8,
      "Actual Startup Time": 159.122,
      "Actual Total Time": 169.538,
      "Actual Rows": 1,
      "Actual Loops": 1,
      "Plans": [
        {
          "Node Type": "Gather",
          "Parent Relationship": "Outer",
          "Parallel Aware": false,
          "Startup Cost": 43056.47,
          "Total Cost": 43056.78,
          "Plan Rows": 3,
          "Plan Width": 8,
          "Actual Startup Time": 158.615,
          "Actual Total Time": 169.531,
          "Actual Rows": 4,
          "Actual Loops": 1,
          "Workers Planned": 3,
          "Workers Launched": 3,
          "Single Copy": false,
          "Plans": [
            {
              "Node Type": "Aggregate",
              "Strategy": "Plain",
              "Partial Mode": "Partial",
              "Parent Relationship": "Outer",
              "Parallel Aware": false,
              "Startup Cost": 42056.47,
              "Total Cost": 42056.48,
              "Plan Rows": 1,
              "Plan Width": 8,
              "Actual Startup Time": 149.345,
              "Actual Total Time": 149.348,
              "Actual Rows": 1,
              "Actual Loops": 4,
              "Plans": [
                {
                  "Node Type": "Bitmap Heap Scan",
                  "Parent Relationship": "Outer",
                  "Parallel Aware": true,
                  "Relation Name": "movie_keyword",
                  "Alias": "mk",
                  "Startup Cost": 14333.01,
                  "Total Cost": 41511.56,
                  "Plan Rows": 217964,
                  "Plan Width": 0,
                  "Actual Startup Time": 53.708,
                  "Actual Total Time": 138.689,
                  "Actual Rows": 168838,
                  "Actual Loops": 4,
                  "Recheck Cond": "(keyword_id > 27755)",
                  "Rows Removed by Index Recheck": 0,
                  "Exact Heap Blocks": 10634,
                  "Lossy Heap Blocks": 0,
                  "Plans": [
                    {
                      "Node Type": "Bitmap Index Scan",
                      "Parent Relationship": "Outer",
                      "Parallel Aware": false,
                      "Index Name": "keyword_id_movie_keyword",
                      "Startup Cost": 0.0,
                      "Total Cost": 14164.09,
                      "Plan Rows": 675688,
                      "Plan Width": 0,
                      "Actual Startup Time": 58.291,
                      "Actual Total Time": 58.292,
                      "Actual Rows": 675353,
                      "Actual Loops": 1,
                      "Index Cond": "(keyword_id > 27755)"
                    }
                  ]
                }
              ]
            }
          ]
        }
      ]
    },
    "Planning Time": 0.152,
    "Triggers": [],
    "Execution Time": 169.611
  }
]