[
    {
        "Bao": {
            "Bao prediction": "NaN",
            "Bao recommended hint": "(no hint)"
        }
    },
    {
        "Plan": {
            "Node Type": "Aggregate",
            "Strategy": "Plain",
            "Partial Mode": "Finalize",
            "Parallel Aware": false,
            "Startup Cost": 33203.67,
            "Total Cost": 33203.68,
            "Plan Rows": 1,
            "Plan Width": 8,
            "Actual Startup Time": 116.874,
            "Actual Total Time": 122.524,
            "Actual Rows": 1,
            "Actual Loops": 1,
            "Output": [
                "count(*)"
            ],
            "Plans": [
                {
                    "Node Type": "Gather",
                    "Parent Relationship": "Outer",
                    "Parallel Aware": false,
                    "Startup Cost": 33203.35,
                    "Total Cost": 33203.66,
                    "Plan Rows": 3,
                    "Plan Width": 8,
                    "Actual Startup Time": 116.76,
                    "Actual Total Time": 122.516,
                    "Actual Rows": 4,
                    "Actual Loops": 1,
                    "Output": [
                        "(PARTIAL count(*))"
                    ],
                    "Workers Planned": 3,
                    "Workers Launched": 3,
                    "Single Copy": false,
                    "Plans": [
                        {
                            "Node Type": "Aggregate",
                            "Strategy": "Plain",
                            "Partial Mode": "Partial",
                            "Parent Relationship": "Outer",
                            "Parallel Aware": false,
                            "Startup Cost": 32203.35,
                            "Total Cost": 32203.36,
                            "Plan Rows": 1,
                            "Plan Width": 8,
                            "Actual Startup Time": 108.862,
                            "Actual Total Time": 108.864,
                            "Actual Rows": 1,
                            "Actual Loops": 4,
                            "Output": [
                                "PARTIAL count(*)"
                            ],
                            "Workers": [
                                {
                                    "Worker Number": 0,
                                    "Actual Startup Time": 106.093,
                                    "Actual Total Time": 106.095,
                                    "Actual Rows": 1,
                                    "Actual Loops": 1
                                },
                                {
                                    "Worker Number": 1,
                                    "Actual Startup Time": 106.252,
                                    "Actual Total Time": 106.254,
                                    "Actual Rows": 1,
                                    "Actual Loops": 1
                                },
                                {
                                    "Worker Number": 2,
                                    "Actual Startup Time": 106.641,
                                    "Actual Total Time": 106.642,
                                    "Actual Rows": 1,
                                    "Actual Loops": 1
                                }
                            ],
                            "Plans": [
                                {
                                    "Node Type": "Seq Scan",
                                    "Parent Relationship": "Outer",
                                    "Parallel Aware": true,
                                    "Relation Name": "movie_companies",
                                    "Schema": "public",
                                    "Alias": "mc",
                                    "Startup Cost": 0.0,
                                    "Total Cost": 31414.82,
                                    "Plan Rows": 315412,
                                    "Plan Width": 0,
                                    "Actual Startup Time": 47.308,
                                    "Actual Total Time": 93.043,
                                    "Actual Rows": 284186,
                                    "Actual Loops": 4,
                                    "Output": [
                                        "id",
                                        "movie_id",
                                        "company_id",
                                        "company_type_id",
                                        "note"
                                    ],
                                    "Filter": "((mc.company_id > 1270) AND (mc.company_type_id = 2))",
                                    "Rows Removed by Filter": 368097,
                                    "Workers": [
                                        {
                                            "Worker Number": 0,
                                            "Actual Startup Time": 44.54,
                                            "Actual Total Time": 90.704,
                                            "Actual Rows": 382651,
                                            "Actual Loops": 1
                                        },
                                        {
                                            "Worker Number": 1,
                                            "Actual Startup Time": 44.694,
                                            "Actual Total Time": 90.706,
                                            "Actual Rows": 236281,
                                            "Actual Loops": 1
                                        },
                                        {
                                            "Worker Number": 2,
                                            "Actual Startup Time": 45.078,
                                            "Actual Total Time": 91.149,
                                            "Actual Rows": 237013,
                                            "Actual Loops": 1
                                        }
                                    ]
                                }
                            ]
                        }
                    ]
                }
            ]
        },
        "Planning Time": 296.336,
        "Triggers": [],
        "Execution Time": 122.578
    }
]