[
  {
    "Plan": {
      "Node Type": "Aggregate",
      "Strategy": "Plain",
      "Partial Mode": "Finalize",
      "Parallel Aware": false,
      "Startup Cost": 571331.42,
      "Total Cost": 571331.43,
      "Plan Rows": 1,
      "Plan Width": 8,
      "Actual Startup Time": 5607.535,
      "Actual Total Time": 5663.203,
      "Actual Rows": 1,
      "Actual Loops": 1,
      "Plans": [
        {
          "Node Type": "Gather",
          "Parent Relationship": "Outer",
          "Parallel Aware": false,
          "Startup Cost": 571330.79,
          "Total Cost": 571331.4,
          "Plan Rows": 6,
          "Plan Width": 8,
          "Actual Startup Time": 5604.625,
          "Actual Total Time": 5663.195,
          "Actual Rows": 7,
          "Actual Loops": 1,
          "Workers Planned": 6,
          "Workers Launched": 6,
          "Single Copy": false,
          "Plans": [
            {
              "Node Type": "Aggregate",
              "Strategy": "Plain",
              "Partial Mode": "Partial",
              "Parent Relationship": "Outer",
              "Parallel Aware": false,
              "Startup Cost": 570330.79,
              "Total Cost": 570330.8,
              "Plan Rows": 1,
              "Plan Width": 8,
              "Actual Startup Time": 5590.985,
              "Actual Total Time": 5590.989,
              "Actual Rows": 1,
              "Actual Loops": 7,
              "Plans": [
                {
                  "Node Type": "Nested Loop",
                  "Parent Relationship": "Outer",
                  "Parallel Aware": false,
                  "Join Type": "Inner",
                  "Startup Cost": 109506.25,
                  "Total Cost": 569100.04,
                  "Plan Rows": 492299,
                  "Plan Width": 0,
                  "Actual Startup Time": 232.106,
                  "Actual Total Time": 5229.559,
                  "Actual Rows": 8162822,
                  "Actual Loops": 7,
                  "Inner Unique": false,
                  "Join Filter": "(t.id = mi.movie_id)",
                  "Rows Removed by Join Filter": 0,
                  "Plans": [
                    {
                      "Node Type": "Hash Join",
                      "Parent Relationship": "Outer",
                      "Parallel Aware": true,
                      "Join Type": "Inner",
                      "Startup Cost": 109505.81,
                      "Total Cost": 369875.77,
                      "Plan Rows": 84193,
                      "Plan Width": 8,
                      "Actual Startup Time": 231.875,
                      "Actual Total Time": 561.205,
                      "Actual Rows": 138281,
                      "Actual Loops": 7,
                      "Inner Unique": true,
                      "Hash Cond": "(ci.movie_id = t.id)",
                      "Plans": [
                        {
                          "Node Type": "Bitmap Heap Scan",
                          "Parent Relationship": "Outer",
                          "Parallel Aware": true,
                          "Relation Name": "cast_info",
                          "Alias": "ci",
                          "Startup Cost": 62508.69,
                          "Total Cost": 322315.04,
                          "Plan Rows": 214704,
                          "Plan Width": 4,
                          "Actual Startup Time": 90.413,
                          "Actual Total Time": 177.531,
                          "Actual Rows": 390340,
                          "Actual Loops": 7,
                          "Recheck Cond": "(person_id > 3539589)",
                          "Rows Removed by Index Recheck": 0,
                          "Filter": "(role_id > 2)",
                          "Rows Removed by Filter": 0,
                          "Exact Heap Blocks": 6285,
                          "Lossy Heap Blocks": 0,
                          "Plans": [
                            {
                              "Node Type": "Bitmap Index Scan",
                              "Parent Relationship": "Outer",
                              "Parallel Aware": false,
                              "Index Name": "person_id_cast_info",
                              "Startup Cost": 0.0,
                              "Total Cost": 62186.63,
                              "Plan Rows": 2847742,
                              "Plan Width": 0,
                              "Actual Startup Time": 83.742,
                              "Actual Total Time": 83.743,
                              "Actual Rows": 2732379,
                              "Actual Loops": 1,
                              "Index Cond": "(person_id > 3539589)"
                            }
                          ]
                        },
                        {
                          "Node Type": "Hash",
                          "Parent Relationship": "Inner",
                          "Parallel Aware": true,
                          "Startup Cost": 43898.92,
                          "Total Cost": 43898.92,
                          "Plan Rows": 247857,
                          "Plan Width": 4,
                          "Actual Startup Time": 138.159,
                          "Actual Total Time": 138.16,
                          "Actual Rows": 140721,
                          "Actual Loops": 7,
                          "Hash Buckets": 1048576,
                          "Original Hash Buckets": 1048576,
                          "Hash Batches": 1,
                          "Original Hash Batches": 1,
                          "Peak Memory Usage": 46880,
                          "Plans": [
                            {
                              "Node Type": "Seq Scan",
                              "Parent Relationship": "Outer",
                              "Parallel Aware": true,
                              "Relation Name": "title",
                              "Alias": "t",
                              "Startup Cost": 0.0,
                              "Total Cost": 43898.92,
                              "Plan Rows": 247857,
                              "Plan Width": 4,
                              "Actual Startup Time": 0.044,
                              "Actual Total Time": 77.513,
                              "Actual Rows": 140721,
                              "Actual Loops": 7,
                              "Filter": "(kind_id < 7)",
                              "Rows Removed by Filter": 220466
                            }
                          ]
                        }
                      ]
                    },
                    {
                      "Node Type": "Index Only Scan",
                      "Parent Relationship": "Inner",
                      "Parallel Aware": false,
                      "Scan Direction": "Forward",
                      "Index Name": "movie_id_movie_info",
                      "Relation Name": "movie_info",
                      "Alias": "mi",
                      "Startup Cost": 0.43,
                      "Total Cost": 1.84,
                      "Plan Rows": 42,
                      "Plan Width": 4,
                      "Actual Startup Time": 0.007,
                      "Actual Total Time": 0.029,
                      "Actual Rows": 59,
                      "Actual Loops": 967968,
                      "Index Cond": "(movie_id = ci.movie_id)",
                      "Rows Removed by Index Recheck": 0,
                      "Heap Fetches": 57139756
                    }
                  ]
                }
              ]
            }
          ]
        }
      ]
    },
    "Planning Time": 1.33,
    "Triggers": [],
    "Execution Time": 5663.333
  }
]