[
  {
    "Plan": {
      "Node Type": "Aggregate",
      "Strategy": "Plain",
      "Partial Mode": "Finalize",
      "Parallel Aware": false,
      "Startup Cost": 218281.42,
      "Total Cost": 218281.43,
      "Plan Rows": 1,
      "Plan Width": 8,
      "Actual Startup Time": 6014.181,
      "Actual Total Time": 6151.329,
      "Actual Rows": 1,
      "Actual Loops": 1,
      "Plans": [
        {
          "Node Type": "Gather",
          "Parent Relationship": "Outer",
          "Parallel Aware": false,
          "Startup Cost": 218280.89,
          "Total Cost": 218281.4,
          "Plan Rows": 5,
          "Plan Width": 8,
          "Actual Startup Time": 6014.042,
          "Actual Total Time": 6151.314,
          "Actual Rows": 6,
          "Actual Loops": 1,
          "Workers Planned": 5,
          "Workers Launched": 5,
          "Single Copy": false,
          "Plans": [
            {
              "Node Type": "Aggregate",
              "Strategy": "Plain",
              "Partial Mode": "Partial",
              "Parent Relationship": "Outer",
              "Parallel Aware": false,
              "Startup Cost": 217280.89,
              "Total Cost": 217280.9,
              "Plan Rows": 1,
              "Plan Width": 8,
              "Actual Startup Time": 6000.532,
              "Actual Total Time": 6000.542,
              "Actual Rows": 1,
              "Actual Loops": 6,
              "Plans": [
                {
                  "Node Type": "Nested Loop",
                  "Parent Relationship": "Outer",
                  "Parallel Aware": false,
                  "Join Type": "Inner",
                  "Startup Cost": 6.73,
                  "Total Cost": 217280.87,
                  "Plan Rows": 9,
                  "Plan Width": 0,
                  "Actual Startup Time": 868.062,
                  "Actual Total Time": 5998.722,
                  "Actual Rows": 11870,
                  "Actual Loops": 6,
                  "Inner Unique": true,
                  "Plans": [
                    {
                      "Node Type": "Hash Join",
                      "Parent Relationship": "Outer",
                      "Parallel Aware": false,
                      "Join Type": "Inner",
                      "Startup Cost": 6.3,
                      "Total Cost": 217140.64,
                      "Plan Rows": 308,
                      "Plan Width": 8,
                      "Actual Startup Time": 867.955,
                      "Actual Total Time": 5903.328,
                      "Actual Rows": 11870,
                      "Actual Loops": 6,
                      "Inner Unique": true,
                      "Hash Cond": "(pi.info_type_id = it2.id)",
                      "Plans": [
                        {
                          "Node Type": "Nested Loop",
                          "Parent Relationship": "Outer",
                          "Parallel Aware": false,
                          "Join Type": "Inner",
                          "Startup Cost": 3.86,
                          "Total Cost": 217090.84,
                          "Plan Rows": 17389,
                          "Plan Width": 12,
                          "Actual Startup Time": 863.489,
                          "Actual Total Time": 5892.749,
                          "Actual Rows": 76253,
                          "Actual Loops": 6,
                          "Inner Unique": false,
                          "Plans": [
                            {
                              "Node Type": "Nested Loop",
                              "Parent Relationship": "Outer",
                              "Parallel Aware": false,
                              "Join Type": "Inner",
                              "Startup Cost": 3.43,
                              "Total Cost": 201754.99,
                              "Plan Rows": 10524,
                              "Plan Width": 4,
                              "Actual Startup Time": 863.054,
                              "Actual Total Time": 1779.278,
                              "Actual Rows": 175508,
                              "Actual Loops": 6,
                              "Inner Unique": false,
                              "Plans": [
                                {
                                  "Node Type": "Nested Loop",
                                  "Parent Relationship": "Outer",
                                  "Parallel Aware": false,
                                  "Join Type": "Inner",
                                  "Startup Cost": 2.87,
                                  "Total Cost": 200189.32,
                                  "Plan Rows": 734,
                                  "Plan Width": 8,
                                  "Actual Startup Time": 862.947,
                                  "Actual Total Time": 1341.952,
                                  "Actual Rows": 10340,
                                  "Actual Loops": 6,
                                  "Inner Unique": true,
                                  "Plans": [
                                    {
                                      "Node Type": "Hash Join",
                                      "Parent Relationship": "Outer",
                                      "Parallel Aware": false,
                                      "Join Type": "Inner",
                                      "Startup Cost": 2.44,
                                      "Total Cost": 199223.61,
                                      "Plan Rows": 734,
                                      "Plan Width": 4,
                                      "Actual Startup Time": 862.806,
                                      "Actual Total Time": 1293.609,
                                      "Actual Rows": 10340,
                                      "Actual Loops": 6,
                                      "Inner Unique": true,
                                      "Hash Cond": "(mi.info_type_id = it1.id)",
                                      "Plans": [
                                        {
                                          "Node Type": "Seq Scan",
                                          "Parent Relationship": "Outer",
                                          "Parallel Aware": true,
                                          "Relation Name": "movie_info",
                                          "Alias": "mi",
                                          "Startup Cost": 0.0,
                                          "Total Cost": 199108.24,
                                          "Plan Rows": 41467,
                                          "Plan Width": 8,
                                          "Actual Startup Time": 78.498,
                                          "Actual Total Time": 1286.097,
                                          "Actual Rows": 42854,
                                          "Actual Loops": 6,
                                          "Filter": "(info ~~* '%france%'::text)",
                                          "Rows Removed by Filter": 2429766
                                        },
                                        {
                                          "Node Type": "Hash",
                                          "Parent Relationship": "Inner",
                                          "Parallel Aware": false,
                                          "Startup Cost": 2.41,
                                          "Total Cost": 2.41,
                                          "Plan Rows": 2,
                                          "Plan Width": 4,
                                          "Actual Startup Time": 0.077,
                                          "Actual Total Time": 0.077,
                                          "Actual Rows": 3,
                                          "Actual Loops": 6,
                                          "Hash Buckets": 1024,
                                          "Original Hash Buckets": 1024,
                                          "Hash Batches": 1,
                                          "Original Hash Batches": 1,
                                          "Peak Memory Usage": 9,
                                          "Plans": [
                                            {
                                              "Node Type": "Seq Scan",
                                              "Parent Relationship": "Outer",
                                              "Parallel Aware": false,
                                              "Relation Name": "info_type",
                                              "Alias": "it1",
                                              "Startup Cost": 0.0,
                                              "Total Cost": 2.41,
                                              "Plan Rows": 2,
                                              "Plan Width": 4,
                                              "Actual Startup Time": 0.016,
                                              "Actual Total Time": 0.064,
                                              "Actual Rows": 3,
                                              "Actual Loops": 6,
                                              "Filter": "((info)::text ~~* '%count%'::text)",
                                              "Rows Removed by Filter": 110
                                            }
                                          ]
                                        }
                                      ]
                                    },
                                    {
                                      "Node Type": "Index Only Scan",
                                      "Parent Relationship": "Inner",
                                      "Parallel Aware": false,
                                      "Scan Direction": "Forward",
                                      "Index Name": "title_pkey",
                                      "Relation Name": "title",
                                      "Alias": "t",
                                      "Startup Cost": 0.43,
                                      "Total Cost": 1.32,
                                      "Plan Rows": 1,
                                      "Plan Width": 4,
                                      "Actual Startup Time": 0.004,
                                      "Actual Total Time": 0.004,
                                      "Actual Rows": 1,
                                      "Actual Loops": 62041,
                                      "Index Cond": "(id = mi.movie_id)",
                                      "Rows Removed by Index Recheck": 0,
                                      "Heap Fetches": 62041
                                    }
                                  ]
                                },
                                {
                                  "Node Type": "Index Scan",
                                  "Parent Relationship": "Inner",
                                  "Parallel Aware": false,
                                  "Scan Direction": "Forward",
                                  "Index Name": "movie_id_cast_info",
                                  "Relation Name": "cast_info",
                                  "Alias": "ci",
                                  "Startup Cost": 0.56,
                                  "Total Cost": 1.78,
                                  "Plan Rows": 35,
                                  "Plan Width": 8,
                                  "Actual Startup Time": 0.007,
                                  "Actual Total Time": 0.04,
                                  "Actual Rows": 17,
                                  "Actual Loops": 62041,
                                  "Index Cond": "(movie_id = t.id)",
                                  "Rows Removed by Index Recheck": 0
                                }
                              ]
                            },
                            {
                              "Node Type": "Index Scan",
                              "Parent Relationship": "Inner",
                              "Parallel Aware": false,
                              "Scan Direction": "Forward",
                              "Index Name": "person_id_person_info",
                              "Relation Name": "person_info",
                              "Alias": "pi",
                              "Startup Cost": 0.43,
                              "Total Cost": 1.44,
                              "Plan Rows": 2,
                              "Plan Width": 8,
                              "Actual Startup Time": 0.012,
                              "Actual Total Time": 0.023,
                              "Actual Rows": 0,
                              "Actual Loops": 1053048,
                              "Index Cond": "(person_id = ci.person_id)",
                              "Rows Removed by Index Recheck": 0,
                              "Filter": "((info ~~* '%uk%'::text) OR (info ~~* '%spain%'::text) OR (info ~~* '%germany%'::text) OR (info ~~* '%italy%'::text) OR (info ~~* '%croatia%'::text) OR (info ~~* '%algeria%'::text) OR (info ~~* '%south%'::text) OR (info ~~* '%austria%'::text) OR (info ~~* '%hungary%'::text))",
                              "Rows Removed by Filter": 4
                            }
                          ]
                        },
                        {
                          "Node Type": "Hash",
                          "Parent Relationship": "Inner",
                          "Parallel Aware": false,
                          "Startup Cost": 2.41,
                          "Total Cost": 2.41,
                          "Plan Rows": 2,
                          "Plan Width": 4,
                          "Actual Startup Time": 0.2,
                          "Actual Total Time": 0.201,
                          "Actual Rows": 3,
                          "Actual Loops": 6,
                          "Hash Buckets": 1024,
                          "Original Hash Buckets": 1024,
                          "Hash Batches": 1,
                          "Original Hash Batches": 1,
                          "Peak Memory Usage": 9,
                          "Plans": [
                            {
                              "Node Type": "Seq Scan",
                              "Parent Relationship": "Outer",
                              "Parallel Aware": false,
                              "Relation Name": "info_type",
                              "Alias": "it2",
                              "Startup Cost": 0.0,
                              "Total Cost": 2.41,
                              "Plan Rows": 2,
                              "Plan Width": 4,
                              "Actual Startup Time": 0.089,
                              "Actual Total Time": 0.178,
                              "Actual Rows": 3,
                              "Actual Loops": 6,
                              "Filter": "((info)::text ~~* '%birth%'::text)",
                              "Rows Removed by Filter": 110
                            }
                          ]
                        }
                      ]
                    },
                    {
                      "Node Type": "Index Only Scan",
                      "Parent Relationship": "Inner",
                      "Parallel Aware": false,
                      "Scan Direction": "Forward",
                      "Index Name": "name_pkey",
                      "Relation Name": "name",
                      "Alias": "n",
                      "Startup Cost": 0.43,
                      "Total Cost": 0.46,
                      "Plan Rows": 1,
                      "Plan Width": 4,
                      "Actual Startup Time": 0.008,
                      "Actual Total Time": 0.008,
                      "Actual Rows": 1,
                      "Actual Loops": 71221,
                      "Index Cond": "(id = ci.person_id)",
                      "Rows Removed by Index Recheck": 0,
                      "Heap Fetches": 71221
                    }
                  ]
                }
              ]
            }
          ]
        }
      ]
    },
    "Planning Time": 13.156,
    "Triggers": [],
    "Execution Time": 6151.876
  }
]