[
  {
    "Plan": {
      "Node Type": "Aggregate",
      "Strategy": "Plain",
      "Partial Mode": "Finalize",
      "Parallel Aware": false,
      "Startup Cost": 283416.61,
      "Total Cost": 283416.62,
      "Plan Rows": 1,
      "Plan Width": 8,
      "Actual Startup Time": 1319.242,
      "Actual Total Time": 1368.052,
      "Actual Rows": 1,
      "Actual Loops": 1,
      "Plans": [
        {
          "Node Type": "Gather",
          "Parent Relationship": "Outer",
          "Parallel Aware": false,
          "Startup Cost": 283416.09,
          "Total Cost": 283416.6,
          "Plan Rows": 5,
          "Plan Width": 8,
          "Actual Startup Time": 1312.952,
          "Actual Total Time": 1368.036,
          "Actual Rows": 6,
          "Actual Loops": 1,
          "Workers Planned": 5,
          "Workers Launched": 5,
          "Single Copy": false,
          "Plans": [
            {
              "Node Type": "Aggregate",
              "Strategy": "Plain",
              "Partial Mode": "Partial",
              "Parent Relationship": "Outer",
              "Parallel Aware": false,
              "Startup Cost": 282416.09,
              "Total Cost": 282416.1,
              "Plan Rows": 1,
              "Plan Width": 8,
              "Actual Startup Time": 1304.169,
              "Actual Total Time": 1304.224,
              "Actual Rows": 1,
              "Actual Loops": 6,
              "Plans": [
                {
                  "Node Type": "Hash Join",
                  "Parent Relationship": "Outer",
                  "Parallel Aware": true,
                  "Join Type": "Inner",
                  "Startup Cost": 77303.29,
                  "Total Cost": 281414.9,
                  "Plan Rows": 400473,
                  "Plan Width": 0,
                  "Actual Startup Time": 261.484,
                  "Actual Total Time": 1153.264,
                  "Actual Rows": 3494552,
                  "Actual Loops": 6,
                  "Inner Unique": false,
                  "Hash Cond": "(mi.movie_id = t.id)",
                  "Plans": [
                    {
                      "Node Type": "Seq Scan",
                      "Parent Relationship": "Outer",
                      "Parallel Aware": true,
                      "Relation Name": "movie_info",
                      "Alias": "mi",
                      "Startup Cost": 0.0,
                      "Total Cost": 191685.19,
                      "Plan Rows": 2969219,
                      "Plan Width": 4,
                      "Actual Startup Time": 0.019,
                      "Actual Total Time": 306.881,
                      "Actual Rows": 2472620,
                      "Actual Loops": 6
                    },
                    {
                      "Node Type": "Hash",
                      "Parent Relationship": "Inner",
                      "Parallel Aware": true,
                      "Startup Cost": 75928.2,
                      "Total Cost": 75928.2,
                      "Plan Rows": 110007,
                      "Plan Width": 8,
                      "Actual Startup Time": 246.987,
                      "Actual Total Time": 247.04,
                      "Actual Rows": 73223,
                      "Actual Loops": 6,
                      "Hash Buckets": 524288,
                      "Original Hash Buckets": 524288,
                      "Hash Batches": 1,
                      "Original Hash Batches": 1,
                      "Peak Memory Usage": 21344,
                      "Plans": [
                        {
                          "Node Type": "Hash Join",
                          "Parent Relationship": "Outer",
                          "Parallel Aware": true,
                          "Join Type": "Inner",
                          "Startup Cost": 46512.31,
                          "Total Cost": 75928.2,
                          "Plan Rows": 110007,
                          "Plan Width": 8,
                          "Actual Startup Time": 126.825,
                          "Actual Total Time": 221.861,
                          "Actual Rows": 73223,
                          "Actual Loops": 6,
                          "Inner Unique": true,
                          "Hash Cond": "(mc.movie_id = t.id)",
                          "Plans": [
                            {
                              "Node Type": "Seq Scan",
                              "Parent Relationship": "Outer",
                              "Parallel Aware": true,
                              "Relation Name": "movie_companies",
                              "Alias": "mc",
                              "Startup Cost": 0.0,
                              "Total Cost": 27206.55,
                              "Plan Rows": 841655,
                              "Plan Width": 4,
                              "Actual Startup Time": 0.019,
                              "Actual Total Time": 46.911,
                              "Actual Rows": 434855,
                              "Actual Loops": 6
                            },
                            {
                              "Node Type": "Hash",
                              "Parent Relationship": "Inner",
                              "Parallel Aware": true,
                              "Startup Cost": 45479.59,
                              "Total Cost": 45479.59,
                              "Plan Rows": 82618,
                              "Plan Width": 4,
                              "Actual Startup Time": 106.048,
                              "Actual Total Time": 106.05,
                              "Actual Rows": 42595,
                              "Actual Loops": 6,
                              "Hash Buckets": 524288,
                              "Original Hash Buckets": 524288,
                              "Hash Batches": 1,
                              "Original Hash Batches": 1,
                              "Peak Memory Usage": 14176,
                              "Plans": [
                                {
                                  "Node Type": "Seq Scan",
                                  "Parent Relationship": "Outer",
                                  "Parallel Aware": true,
                                  "Relation Name": "title",
                                  "Alias": "t",
                                  "Startup Cost": 0.0,
                                  "Total Cost": 45479.59,
                                  "Plan Rows": 82618,
                                  "Plan Width": 4,
                                  "Actual Startup Time": 45.936,
                                  "Actual Total Time": 85.966,
                                  "Actual Rows": 42595,
                                  "Actual Loops": 6,
                                  "Filter": "((production_year > 2002) AND (kind_id = 1))",
                                  "Rows Removed by Filter": 378790
                                }
                              ]
                            }
                          ]
                        }
                      ]
                    }
                  ]
                }
              ]
            }
          ]
        }
      ]
    },
    "Planning Time": 0.691,
    "Triggers": [],
    "Execution Time": 1368.122
  }
]