[
  {
    "Plan": {
      "Node Type": "Aggregate",
      "Strategy": "Plain",
      "Partial Mode": "Finalize",
      "Parallel Aware": false,
      "Startup Cost": 189007.66,
      "Total Cost": 189007.67,
      "Plan Rows": 1,
      "Plan Width": 8,
      "Actual Startup Time": 409.011,
      "Actual Total Time": 422.903,
      "Actual Rows": 1,
      "Actual Loops": 1,
      "Plans": [
        {
          "Node Type": "Gather",
          "Parent Relationship": "Outer",
          "Parallel Aware": false,
          "Startup Cost": 189007.14,
          "Total Cost": 189007.65,
          "Plan Rows": 5,
          "Plan Width": 8,
          "Actual Startup Time": 407.32,
          "Actual Total Time": 422.894,
          "Actual Rows": 6,
          "Actual Loops": 1,
          "Workers Planned": 5,
          "Workers Launched": 5,
          "Single Copy": false,
          "Plans": [
            {
              "Node Type": "Aggregate",
              "Strategy": "Plain",
              "Partial Mode": "Partial",
              "Parent Relationship": "Outer",
              "Parallel Aware": false,
              "Startup Cost": 188007.14,
              "Total Cost": 188007.15,
              "Plan Rows": 1,
              "Plan Width": 8,
              "Actual Startup Time": 397.465,
              "Actual Total Time": 397.57,
              "Actual Rows": 1,
              "Actual Loops": 6,
              "Plans": [
                {
                  "Node Type": "Hash Join",
                  "Parent Relationship": "Outer",
                  "Parallel Aware": true,
                  "Join Type": "Inner",
                  "Startup Cost": 77521.21,
                  "Total Cost": 187884.49,
                  "Plan Rows": 49059,
                  "Plan Width": 0,
                  "Actual Startup Time": 183.182,
                  "Actual Total Time": 396.193,
                  "Actual Rows": 25964,
                  "Actual Loops": 6,
                  "Inner Unique": false,
                  "Hash Cond": "(ci.movie_id = t.id)",
                  "Plans": [
                    {
                      "Node Type": "Index Scan",
                      "Parent Relationship": "Outer",
                      "Parallel Aware": true,
                      "Scan Direction": "Forward",
                      "Index Name": "role_id_cast_info",
                      "Relation Name": "cast_info",
                      "Alias": "ci",
                      "Startup Cost": 0.56,
                      "Total Cost": 107202.96,
                      "Plan Rows": 800703,
                      "Plan Width": 4,
                      "Actual Startup Time": 0.173,
                      "Actual Total Time": 117.711,
                      "Actual Rows": 668006,
                      "Actual Loops": 6,
                      "Index Cond": "(role_id = 3)",
                      "Rows Removed by Index Recheck": 0
                    },
                    {
                      "Node Type": "Hash",
                      "Parent Relationship": "Inner",
                      "Parallel Aware": true,
                      "Startup Cost": 76896.01,
                      "Total Cost": 76896.01,
                      "Plan Rows": 49971,
                      "Plan Width": 8,
                      "Actual Startup Time": 180.044,
                      "Actual Total Time": 180.148,
                      "Actual Rows": 19743,
                      "Actual Loops": 6,
                      "Hash Buckets": 262144,
                      "Original Hash Buckets": 262144,
                      "Hash Batches": 1,
                      "Original Hash Batches": 1,
                      "Peak Memory Usage": 6784,
                      "Plans": [
                        {
                          "Node Type": "Hash Join",
                          "Parent Relationship": "Outer",
                          "Parallel Aware": true,
                          "Join Type": "Inner",
                          "Startup Cost": 46262.95,
                          "Total Cost": 76896.01,
                          "Plan Rows": 49971,
                          "Plan Width": 8,
                          "Actual Startup Time": 89.947,
                          "Actual Total Time": 173.261,
                          "Actual Rows": 19743,
                          "Actual Loops": 6,
                          "Inner Unique": true,
                          "Hash Cond": "(mc.movie_id = t.id)",
                          "Plans": [
                            {
                              "Node Type": "Seq Scan",
                              "Parent Relationship": "Outer",
                              "Parallel Aware": true,
                              "Relation Name": "movie_companies",
                              "Alias": "mc",
                              "Startup Cost": 0.0,
                              "Total Cost": 29310.68,
                              "Plan Rows": 503765,
                              "Plan Width": 4,
                              "Actual Startup Time": 0.024,
                              "Actual Total Time": 50.374,
                              "Actual Rows": 259535,
                              "Actual Loops": 6,
                              "Filter": "(company_id < 14916)",
                              "Rows Removed by Filter": 175320
                            },
                            {
                              "Node Type": "Hash",
                              "Parent Relationship": "Inner",
                              "Parallel Aware": true,
                              "Startup Cost": 45479.21,
                              "Total Cost": 45479.21,
                              "Plan Rows": 62699,
                              "Plan Width": 4,
                              "Actual Startup Time": 88.719,
                              "Actual Total Time": 88.72,
                              "Actual Rows": 24243,
                              "Actual Loops": 6,
                              "Hash Buckets": 262144,
                              "Original Hash Buckets": 262144,
                              "Hash Batches": 1,
                              "Original Hash Batches": 1,
                              "Peak Memory Usage": 7872,
                              "Plans": [
                                {
                                  "Node Type": "Seq Scan",
                                  "Parent Relationship": "Outer",
                                  "Parallel Aware": true,
                                  "Relation Name": "title",
                                  "Alias": "t",
                                  "Startup Cost": 0.0,
                                  "Total Cost": 45479.21,
                                  "Plan Rows": 62699,
                                  "Plan Width": 4,
                                  "Actual Startup Time": 0.049,
                                  "Actual Total Time": 77.359,
                                  "Actual Rows": 24243,
                                  "Actual Loops": 6,
                                  "Filter": "((production_year < 1973) AND (kind_id = 7))",
                                  "Rows Removed by Filter": 397142
                                }
                              ]
                            }
                          ]
                        }
                      ]
                    }
                  ]
                }
              ]
            }
          ]
        }
      ]
    },
    "Planning Time": 1.391,
    "Triggers": [],
    "Execution Time": 422.984
  }
]