{
  "Plan": {
    "Node Type": "Aggregate",
    "Strategy": "Plain",
    "Partial Mode": "Finalize",
    "Parallel Aware": false,
    "Startup Cost": 110900.8,
    "Total Cost": 110900.81,
    "Plan Rows": 1,
    "Plan Width": 8,
    "Actual Startup Time": 552.332,
    "Actual Total Time": 568.005,
    "Actual Rows": 1,
    "Actual Loops": 1,
    "Plans": [
      {
        "Node Type": "Gather",
        "Parent Relationship": "Outer",
        "Parallel Aware": false,
        "Startup Cost": 110900.69,
        "Total Cost": 110900.8,
        "Plan Rows": 1,
        "Plan Width": 8,
        "Actual Startup Time": 550.983,
        "Actual Total Time": 567.994,
        "Actual Rows": 2,
        "Actual Loops": 1,
        "Workers Planned": 1,
        "Workers Launched": 1,
        "Single Copy": false,
        "Plans": [
          {
            "Node Type": "Aggregate",
            "Strategy": "Plain",
            "Partial Mode": "Partial",
            "Parent Relationship": "Outer",
            "Parallel Aware": false,
            "Startup Cost": 109900.69,
            "Total Cost": 109900.7,
            "Plan Rows": 1,
            "Plan Width": 8,
            "Actual Startup Time": 545.205,
            "Actual Total Time": 545.208,
            "Actual Rows": 1,
            "Actual Loops": 2,
            "Plans": [
              {
                "Node Type": "Hash Join",
                "Parent Relationship": "Outer",
                "Parallel Aware": true,
                "Join Type": "Inner",
                "Startup Cost": 46554.64,
                "Total Cost": 108952.1,
                "Plan Rows": 379433,
                "Plan Width": 0,
                "Actual Startup Time": 180.263,
                "Actual Total Time": 536.229,
                "Actual Rows": 205086,
                "Actual Loops": 2,
                "Inner Unique": false,
                "Hash Cond": "(t.id = mc.movie_id)",
                "Plans": [
                  {
                    "Node Type": "Seq Scan",
                    "Parent Relationship": "Outer",
                    "Parallel Aware": true,
                    "Relation Name": "title",
                    "Alias": "t",
                    "Startup Cost": 0.0,
                    "Total Cost": 50870.31,
                    "Plan Rows": 1487231,
                    "Plan Width": 4,
                    "Actual Startup Time": 0.009,
                    "Actual Total Time": 121.596,
                    "Actual Rows": 1264156,
                    "Actual Loops": 2
                  },
                  {
                    "Node Type": "Hash",
                    "Parent Relationship": "Inner",
                    "Parallel Aware": true,
                    "Startup Cost": 41811.73,
                    "Total Cost": 41811.73,
                    "Plan Rows": 379433,
                    "Plan Width": 4,
                    "Actual Startup Time": 171.037,
                    "Actual Total Time": 171.037,
                    "Actual Rows": 205086,
                    "Actual Loops": 2,
                    "Hash Buckets": 1048576,
                    "Original Hash Buckets": 1048576,
                    "Hash Batches": 1,
                    "Original Hash Batches": 1,
                    "Peak Memory Usage": 24256,
                    "Plans": [
                      {
                        "Node Type": "Seq Scan",
                        "Parent Relationship": "Outer",
                        "Parallel Aware": true,
                        "Relation Name": "movie_companies",
                        "Alias": "mc",
                        "Startup Cost": 0.0,
                        "Total Cost": 41811.73,
                        "Plan Rows": 379433,
                        "Plan Width": 4,
                        "Actual Startup Time": 67.643,
                        "Actual Total Time": 124.33,
                        "Actual Rows": 205086,
                        "Actual Loops": 2,
                        "Filter": "((company_id < 11203) AND (company_type_id = 2))",
                        "Rows Removed by Filter": 1099479
                      }
                    ]
                  }
                ]
              }
            ]
          }
        ]
      }
    ]
  },
  "Planning Time": 0.717,
  "Triggers": [],
  "Execution Time": 568.077
}