{
  "Plan": {
    "Node Type": "Aggregate",
    "Strategy": "Plain",
    "Partial Mode": "Finalize",
    "Parallel Aware": false,
    "Startup Cost": 129617.71,
    "Total Cost": 129617.72,
    "Plan Rows": 1,
    "Plan Width": 8,
    "Actual Startup Time": 646.603,
    "Actual Total Time": 663.6,
    "Actual Rows": 1,
    "Actual Loops": 1,
    "Plans": [
      {
        "Node Type": "Gather",
        "Parent Relationship": "Outer",
        "Parallel Aware": false,
        "Startup Cost": 129617.6,
        "Total Cost": 129617.71,
        "Plan Rows": 1,
        "Plan Width": 8,
        "Actual Startup Time": 643.99,
        "Actual Total Time": 663.593,
        "Actual Rows": 2,
        "Actual Loops": 1,
        "Workers Planned": 1,
        "Workers Launched": 1,
        "Single Copy": false,
        "Plans": [
          {
            "Node Type": "Aggregate",
            "Strategy": "Plain",
            "Partial Mode": "Partial",
            "Parent Relationship": "Outer",
            "Parallel Aware": false,
            "Startup Cost": 128617.6,
            "Total Cost": 128617.61,
            "Plan Rows": 1,
            "Plan Width": 8,
            "Actual Startup Time": 636.135,
            "Actual Total Time": 636.138,
            "Actual Rows": 1,
            "Actual Loops": 2,
            "Plans": [
              {
                "Node Type": "Hash Join",
                "Parent Relationship": "Outer",
                "Parallel Aware": true,
                "Join Type": "Inner",
                "Startup Cost": 66043.46,
                "Total Cost": 127239.22,
                "Plan Rows": 551352,
                "Plan Width": 0,
                "Actual Startup Time": 333.314,
                "Actual Total Time": 631.757,
                "Actual Rows": 113314,
                "Actual Loops": 2,
                "Inner Unique": true,
                "Hash Cond": "(mk.movie_id = t.id)",
                "Plans": [
                  {
                    "Node Type": "Seq Scan",
                    "Parent Relationship": "Outer",
                    "Parallel Aware": true,
                    "Relation Name": "movie_keyword",
                    "Alias": "mk",
                    "Startup Cost": 0.0,
                    "Total Cost": 57718.19,
                    "Plan Rows": 1324785,
                    "Plan Width": 4,
                    "Actual Startup Time": 0.014,
                    "Actual Total Time": 176.776,
                    "Actual Rows": 1130140,
                    "Actual Loops": 2,
                    "Filter": "(keyword_id < 4689)",
                    "Rows Removed by Filter": 1131824
                  },
                  {
                    "Node Type": "Hash",
                    "Parent Relationship": "Inner",
                    "Parallel Aware": true,
                    "Startup Cost": 58306.47,
                    "Total Cost": 58306.47,
                    "Plan Rows": 618959,
                    "Plan Width": 4,
                    "Actual Startup Time": 317.959,
                    "Actual Total Time": 317.961,
                    "Actual Rows": 574474,
                    "Actual Loops": 2,
                    "Hash Buckets": 2097152,
                    "Original Hash Buckets": 2097152,
                    "Hash Batches": 1,
                    "Original Hash Batches": 1,
                    "Peak Memory Usage": 61344,
                    "Plans": [
                      {
                        "Node Type": "Seq Scan",
                        "Parent Relationship": "Outer",
                        "Parallel Aware": true,
                        "Relation Name": "title",
                        "Alias": "t",
                        "Startup Cost": 0.0,
                        "Total Cost": 58306.47,
                        "Plan Rows": 618959,
                        "Plan Width": 4,
                        "Actual Startup Time": 0.03,
                        "Actual Total Time": 163.567,
                        "Actual Rows": 574474,
                        "Actual Loops": 2,
                        "Filter": "((production_year > 1991) AND (kind_id = 7))",
                        "Rows Removed by Filter": 689682
                      }
                    ]
                  }
                ]
              }
            ]
          }
        ]
      }
    ]
  },
  "Planning Time": 0.647,
  "Triggers": [],
  "Execution Time": 663.662
}