{
  "Plan": {
    "Node Type": "Aggregate",
    "Strategy": "Plain",
    "Partial Mode": "Finalize",
    "Parallel Aware": false,
    "Startup Cost": 596474.53,
    "Total Cost": 596474.54,
    "Plan Rows": 1,
    "Plan Width": 8,
    "Actual Startup Time": 6200.454,
    "Actual Total Time": 6267.803,
    "Actual Rows": 1,
    "Actual Loops": 1,
    "Plans": [
      {
        "Node Type": "Gather",
        "Parent Relationship": "Outer",
        "Parallel Aware": false,
        "Startup Cost": 596474.42,
        "Total Cost": 596474.53,
        "Plan Rows": 1,
        "Plan Width": 8,
        "Actual Startup Time": 6187.97,
        "Actual Total Time": 6267.795,
        "Actual Rows": 2,
        "Actual Loops": 1,
        "Workers Planned": 1,
        "Workers Launched": 1,
        "Single Copy": false,
        "Plans": [
          {
            "Node Type": "Aggregate",
            "Strategy": "Plain",
            "Partial Mode": "Partial",
            "Parent Relationship": "Outer",
            "Parallel Aware": false,
            "Startup Cost": 595474.42,
            "Total Cost": 595474.43,
            "Plan Rows": 1,
            "Plan Width": 8,
            "Actual Startup Time": 6159.94,
            "Actual Total Time": 6159.946,
            "Actual Rows": 1,
            "Actual Loops": 2,
            "Plans": [
              {
                "Node Type": "Hash Join",
                "Parent Relationship": "Outer",
                "Parallel Aware": true,
                "Join Type": "Inner",
                "Startup Cost": 420836.31,
                "Total Cost": 568362.72,
                "Plan Rows": 10844682,
                "Plan Width": 0,
                "Actual Startup Time": 4467.523,
                "Actual Total Time": 5705.144,
                "Actual Rows": 11632158,
                "Actual Loops": 2,
                "Inner Unique": false,
                "Hash Cond": "(mk.movie_id = t.id)",
                "Plans": [
                  {
                    "Node Type": "Seq Scan",
                    "Parent Relationship": "Outer",
                    "Parallel Aware": true,
                    "Relation Name": "movie_keyword",
                    "Alias": "mk",
                    "Startup Cost": 0.0,
                    "Total Cost": 57718.19,
                    "Plan Rows": 2601598,
                    "Plan Width": 4,
                    "Actual Startup Time": 0.021,
                    "Actual Total Time": 205.175,
                    "Actual Rows": 2203892,
                    "Actual Loops": 2,
                    "Filter": "(keyword_id > 110)",
                    "Rows Removed by Filter": 58073
                  },
                  {
                    "Node Type": "Hash",
                    "Parent Relationship": "Inner",
                    "Parallel Aware": true,
                    "Startup Cost": 343342.84,
                    "Total Cost": 343342.84,
                    "Plan Rows": 6199477,
                    "Plan Width": 8,
                    "Actual Startup Time": 4412.322,
                    "Actual Total Time": 4412.326,
                    "Actual Rows": 3252528,
                    "Actual Loops": 2,
                    "Hash Buckets": 16777216,
                    "Original Hash Buckets": 16777216,
                    "Hash Batches": 1,
                    "Original Hash Batches": 1,
                    "Peak Memory Usage": 385568,
                    "Plans": [
                      {
                        "Node Type": "Hash Join",
                        "Parent Relationship": "Outer",
                        "Parallel Aware": true,
                        "Join Type": "Inner",
                        "Startup Cost": 71559.36,
                        "Total Cost": 343342.84,
                        "Plan Rows": 6199477,
                        "Plan Width": 8,
                        "Actual Startup Time": 402.508,
                        "Actual Total Time": 3318.488,
                        "Actual Rows": 3252528,
                        "Actual Loops": 2,
                        "Inner Unique": true,
                        "Hash Cond": "(mi.movie_id = t.id)",
                        "Plans": [
                          {
                            "Node Type": "Seq Scan",
                            "Parent Relationship": "Outer",
                            "Parallel Aware": true,
                            "Relation Name": "movie_info",
                            "Alias": "mi",
                            "Startup Cost": 0.0,
                            "Total Cost": 248955.74,
                            "Plan Rows": 8696274,
                            "Plan Width": 4,
                            "Actual Startup Time": 0.009,
                            "Actual Total Time": 676.176,
                            "Actual Rows": 7417860,
                            "Actual Loops": 2
                          },
                          {
                            "Node Type": "Hash",
                            "Parent Relationship": "Inner",
                            "Parallel Aware": true,
                            "Startup Cost": 58306.47,
                            "Total Cost": 58306.47,
                            "Plan Rows": 1060231,
                            "Plan Width": 4,
                            "Actual Startup Time": 396.997,
                            "Actual Total Time": 396.998,
                            "Actual Rows": 899953,
                            "Actual Loops": 2,
                            "Hash Buckets": 2097152,
                            "Original Hash Buckets": 2097152,
                            "Hash Batches": 1,
                            "Original Hash Batches": 1,
                            "Peak Memory Usage": 86848,
                            "Plans": [
                              {
                                "Node Type": "Seq Scan",
                                "Parent Relationship": "Outer",
                                "Parallel Aware": true,
                                "Relation Name": "title",
                                "Alias": "t",
                                "Startup Cost": 0.0,
                                "Total Cost": 58306.47,
                                "Plan Rows": 1060231,
                                "Plan Width": 4,
                                "Actual Startup Time": 0.029,
                                "Actual Total Time": 175.319,
                                "Actual Rows": 899953,
                                "Actual Loops": 2,
                                "Filter": "((kind_id > 1) AND (production_year > 1905))",
                                "Rows Removed by Filter": 364203
                              }
                            ]
                          }
                        ]
                      }
                    ]
                  }
                ]
              }
            ]
          }
        ]
      }
    ]
  },
  "Planning Time": 1.083,
  "Triggers": [],
  "Execution Time": 6267.892
}