{
  "Plan": {
    "Node Type": "Aggregate",
    "Strategy": "Plain",
    "Partial Mode": "Finalize",
    "Parallel Aware": false,
    "Startup Cost": 116350.43,
    "Total Cost": 116350.44,
    "Plan Rows": 1,
    "Plan Width": 8,
    "Actual Startup Time": 670.89,
    "Actual Total Time": 689.718,
    "Actual Rows": 1,
    "Actual Loops": 1,
    "Plans": [
      {
        "Node Type": "Gather",
        "Parent Relationship": "Outer",
        "Parallel Aware": false,
        "Startup Cost": 116350.32,
        "Total Cost": 116350.43,
        "Plan Rows": 1,
        "Plan Width": 8,
        "Actual Startup Time": 667.987,
        "Actual Total Time": 689.711,
        "Actual Rows": 2,
        "Actual Loops": 1,
        "Workers Planned": 1,
        "Workers Launched": 1,
        "Single Copy": false,
        "Plans": [
          {
            "Node Type": "Aggregate",
            "Strategy": "Plain",
            "Partial Mode": "Partial",
            "Parent Relationship": "Outer",
            "Parallel Aware": false,
            "Startup Cost": 115350.32,
            "Total Cost": 115350.33,
            "Plan Rows": 1,
            "Plan Width": 8,
            "Actual Startup Time": 655.079,
            "Actual Total Time": 655.083,
            "Actual Rows": 1,
            "Actual Loops": 2,
            "Plans": [
              {
                "Node Type": "Nested Loop",
                "Parent Relationship": "Outer",
                "Parallel Aware": false,
                "Join Type": "Inner",
                "Startup Cost": 72613.61,
                "Total Cost": 115331.19,
                "Plan Rows": 7651,
                "Plan Width": 0,
                "Actual Startup Time": 533.185,
                "Actual Total Time": 654.079,
                "Actual Rows": 14360,
                "Actual Loops": 2,
                "Inner Unique": false,
                "Plans": [
                  {
                    "Node Type": "Hash Join",
                    "Parent Relationship": "Outer",
                    "Parallel Aware": true,
                    "Join Type": "Inner",
                    "Startup Cost": 72613.18,
                    "Total Cost": 97570.78,
                    "Plan Rows": 30128,
                    "Plan Width": 8,
                    "Actual Startup Time": 533.118,
                    "Actual Total Time": 574.069,
                    "Actual Rows": 22902,
                    "Actual Loops": 2,
                    "Inner Unique": true,
                    "Hash Cond": "(mk.movie_id = t.id)",
                    "Plans": [
                      {
                        "Node Type": "Bitmap Heap Scan",
                        "Parent Relationship": "Outer",
                        "Parallel Aware": true,
                        "Relation Name": "movie_keyword",
                        "Alias": "mk",
                        "Startup Cost": 1203.11,
                        "Total Cost": 26073.3,
                        "Plan Rows": 33296,
                        "Plan Width": 4,
                        "Actual Startup Time": 10.491,
                        "Actual Total Time": 33.137,
                        "Actual Rows": 25849,
                        "Actual Loops": 2,
                        "Recheck Cond": "(keyword_id < 52)",
                        "Rows Removed by Index Recheck": 0,
                        "Exact Heap Blocks": 9732,
                        "Lossy Heap Blocks": 0,
                        "Plans": [
                          {
                            "Node Type": "Bitmap Index Scan",
                            "Parent Relationship": "Outer",
                            "Parallel Aware": false,
                            "Index Name": "keyword_id_movie_keyword",
                            "Startup Cost": 0.0,
                            "Total Cost": 1188.95,
                            "Plan Rows": 56603,
                            "Plan Width": 0,
                            "Actual Startup Time": 8.192,
                            "Actual Total Time": 8.193,
                            "Actual Rows": 51698,
                            "Actual Loops": 1,
                            "Index Cond": "(keyword_id < 52)"
                          }
                        ]
                      },
                      {
                        "Node Type": "Hash",
                        "Parent Relationship": "Inner",
                        "Parallel Aware": true,
                        "Startup Cost": 54588.39,
                        "Total Cost": 54588.39,
                        "Plan Rows": 1345735,
                        "Plan Width": 4,
                        "Actual Startup Time": 500.91,
                        "Actual Total Time": 500.911,
                        "Actual Rows": 1140804,
                        "Actual Loops": 2,
                        "Hash Buckets": 4194304,
                        "Original Hash Buckets": 4194304,
                        "Hash Batches": 1,
                        "Original Hash Batches": 1,
                        "Peak Memory Usage": 122080,
                        "Plans": [
                          {
                            "Node Type": "Seq Scan",
                            "Parent Relationship": "Outer",
                            "Parallel Aware": true,
                            "Relation Name": "title",
                            "Alias": "t",
                            "Startup Cost": 0.0,
                            "Total Cost": 54588.39,
                            "Plan Rows": 1345735,
                            "Plan Width": 4,
                            "Actual Startup Time": 0.028,
                            "Actual Total Time": 175.551,
                            "Actual Rows": 1140804,
                            "Actual Loops": 2,
                            "Filter": "(production_year > 1951)",
                            "Rows Removed by Filter": 123352
                          }
                        ]
                      }
                    ]
                  },
                  {
                    "Node Type": "Index Scan",
                    "Parent Relationship": "Inner",
                    "Parallel Aware": false,
                    "Scan Direction": "Forward",
                    "Index Name": "movie_id_movie_companies",
                    "Relation Name": "movie_companies",
                    "Alias": "mc",
                    "Startup Cost": 0.43,
                    "Total Cost": 0.58,
                    "Plan Rows": 1,
                    "Plan Width": 4,
                    "Actual Startup Time": 0.003,
                    "Actual Total Time": 0.003,
                    "Actual Rows": 1,
                    "Actual Loops": 45804,
                    "Index Cond": "(movie_id = t.id)",
                    "Rows Removed by Index Recheck": 0,
                    "Filter": "(company_id > 53676)",
                    "Rows Removed by Filter": 3
                  }
                ]
              }
            ]
          }
        ]
      }
    ]
  },
  "Planning Time": 1.261,
  "Triggers": [],
  "Execution Time": 689.825
}