{
  "Plan": {
    "Node Type": "Aggregate",
    "Strategy": "Plain",
    "Partial Mode": "Finalize",
    "Parallel Aware": false,
    "Startup Cost": 111739.51,
    "Total Cost": 111739.52,
    "Plan Rows": 1,
    "Plan Width": 8,
    "Actual Startup Time": 654.299,
    "Actual Total Time": 673.181,
    "Actual Rows": 1,
    "Actual Loops": 1,
    "Plans": [
      {
        "Node Type": "Gather",
        "Parent Relationship": "Outer",
        "Parallel Aware": false,
        "Startup Cost": 111739.4,
        "Total Cost": 111739.51,
        "Plan Rows": 1,
        "Plan Width": 8,
        "Actual Startup Time": 651.084,
        "Actual Total Time": 673.165,
        "Actual Rows": 2,
        "Actual Loops": 1,
        "Workers Planned": 1,
        "Workers Launched": 1,
        "Single Copy": false,
        "Plans": [
          {
            "Node Type": "Aggregate",
            "Strategy": "Plain",
            "Partial Mode": "Partial",
            "Parent Relationship": "Outer",
            "Parallel Aware": false,
            "Startup Cost": 110739.4,
            "Total Cost": 110739.41,
            "Plan Rows": 1,
            "Plan Width": 8,
            "Actual Startup Time": 645.734,
            "Actual Total Time": 645.741,
            "Actual Rows": 1,
            "Actual Loops": 2,
            "Plans": [
              {
                "Node Type": "Hash Join",
                "Parent Relationship": "Outer",
                "Parallel Aware": true,
                "Join Type": "Inner",
                "Startup Cost": 78750.6,
                "Total Cost": 110280.76,
                "Plan Rows": 183458,
                "Plan Width": 0,
                "Actual Startup Time": 392.87,
                "Actual Total Time": 627.32,
                "Actual Rows": 353148,
                "Actual Loops": 2,
                "Inner Unique": true,
                "Hash Cond": "(mk.movie_id = t.id)",
                "Plans": [
                  {
                    "Node Type": "Bitmap Heap Scan",
                    "Parent Relationship": "Outer",
                    "Parallel Aware": true,
                    "Relation Name": "movie_keyword",
                    "Alias": "mk",
                    "Startup Cost": 16872.29,
                    "Total Cost": 47174.36,
                    "Plan Rows": 467845,
                    "Plan Width": 4,
                    "Actual Startup Time": 43.0,
                    "Actual Total Time": 148.971,
                    "Actual Rows": 402144,
                    "Actual Loops": 2,
                    "Recheck Cond": "(keyword_id < 782)",
                    "Rows Removed by Index Recheck": 0,
                    "Exact Heap Blocks": 14963,
                    "Lossy Heap Blocks": 0,
                    "Plans": [
                      {
                        "Node Type": "Bitmap Index Scan",
                        "Parent Relationship": "Outer",
                        "Parallel Aware": false,
                        "Index Name": "keyword_id_movie_keyword",
                        "Startup Cost": 0.0,
                        "Total Cost": 16673.46,
                        "Plan Rows": 795337,
                        "Plan Width": 0,
                        "Actual Startup Time": 39.326,
                        "Actual Total Time": 39.328,
                        "Actual Rows": 804289,
                        "Actual Loops": 1,
                        "Index Cond": "(keyword_id < 782)"
                      }
                    ]
                  },
                  {
                    "Node Type": "Hash",
                    "Parent Relationship": "Inner",
                    "Parallel Aware": true,
                    "Startup Cost": 54588.39,
                    "Total Cost": 54588.39,
                    "Plan Rows": 583193,
                    "Plan Width": 4,
                    "Actual Startup Time": 341.821,
                    "Actual Total Time": 341.823,
                    "Actual Rows": 492524,
                    "Actual Loops": 2,
                    "Hash Buckets": 1048576,
                    "Original Hash Buckets": 1048576,
                    "Hash Batches": 1,
                    "Original Hash Batches": 1,
                    "Peak Memory Usage": 46784,
                    "Plans": [
                      {
                        "Node Type": "Seq Scan",
                        "Parent Relationship": "Outer",
                        "Parallel Aware": true,
                        "Relation Name": "title",
                        "Alias": "t",
                        "Startup Cost": 0.0,
                        "Total Cost": 54588.39,
                        "Plan Rows": 583193,
                        "Plan Width": 4,
                        "Actual Startup Time": 0.035,
                        "Actual Total Time": 179.736,
                        "Actual Rows": 492524,
                        "Actual Loops": 2,
                        "Filter": "(kind_id < 7)",
                        "Rows Removed by Filter": 771632
                      }
                    ]
                  }
                ]
              }
            ]
          }
        ]
      }
    ]
  },
  "Planning Time": 0.375,
  "Triggers": [],
  "Execution Time": 673.253
}