[
    {
        "Bao": {
            "Bao prediction": "NaN",
            "Bao recommended hint": "(no hint)"
        }
    },
    {
        "Plan": {
            "Node Type": "Aggregate",
            "Strategy": "Plain",
            "Partial Mode": "Finalize",
            "Parallel Aware": false,
            "Startup Cost": 396523.24,
            "Total Cost": 396523.25,
            "Plan Rows": 1,
            "Plan Width": 8,
            "Actual Startup Time": 918.617,
            "Actual Total Time": 952.254,
            "Actual Rows": 1,
            "Actual Loops": 1,
            "Output": [
                "count(*)"
            ],
            "Plans": [
                {
                    "Node Type": "Gather",
                    "Parent Relationship": "Outer",
                    "Parallel Aware": false,
                    "Startup Cost": 396522.61,
                    "Total Cost": 396523.22,
                    "Plan Rows": 6,
                    "Plan Width": 8,
                    "Actual Startup Time": 913.976,
                    "Actual Total Time": 952.244,
                    "Actual Rows": 7,
                    "Actual Loops": 1,
                    "Output": [
                        "(PARTIAL count(*))"
                    ],
                    "Workers Planned": 6,
                    "Workers Launched": 6,
                    "Single Copy": false,
                    "Plans": [
                        {
                            "Node Type": "Aggregate",
                            "Strategy": "Plain",
                            "Partial Mode": "Partial",
                            "Parent Relationship": "Outer",
                            "Parallel Aware": false,
                            "Startup Cost": 395522.61,
                            "Total Cost": 395522.62,
                            "Plan Rows": 1,
                            "Plan Width": 8,
                            "Actual Startup Time": 903.81,
                            "Actual Total Time": 903.813,
                            "Actual Rows": 1,
                            "Actual Loops": 7,
                            "Output": [
                                "PARTIAL count(*)"
                            ],
                            "Workers": [
                                {
                                    "Worker Number": 0,
                                    "Actual Startup Time": 901.51,
                                    "Actual Total Time": 901.512,
                                    "Actual Rows": 1,
                                    "Actual Loops": 1
                                },
                                {
                                    "Worker Number": 1,
                                    "Actual Startup Time": 901.744,
                                    "Actual Total Time": 901.747,
                                    "Actual Rows": 1,
                                    "Actual Loops": 1
                                },
                                {
                                    "Worker Number": 2,
                                    "Actual Startup Time": 902.163,
                                    "Actual Total Time": 902.165,
                                    "Actual Rows": 1,
                                    "Actual Loops": 1
                                },
                                {
                                    "Worker Number": 3,
                                    "Actual Startup Time": 902.619,
                                    "Actual Total Time": 902.622,
                                    "Actual Rows": 1,
                                    "Actual Loops": 1
                                },
                                {
                                    "Worker Number": 4,
                                    "Actual Startup Time": 902.368,
                                    "Actual Total Time": 902.371,
                                    "Actual Rows": 1,
                                    "Actual Loops": 1
                                },
                                {
                                    "Worker Number": 5,
                                    "Actual Startup Time": 902.778,
                                    "Actual Total Time": 902.781,
                                    "Actual Rows": 1,
                                    "Actual Loops": 1
                                }
                            ],
                            "Plans": [
                                {
                                    "Node Type": "Hash Join",
                                    "Parent Relationship": "Outer",
                                    "Parallel Aware": true,
                                    "Join Type": "Inner",
                                    "Startup Cost": 46059.8,
                                    "Total Cost": 395120.76,
                                    "Plan Rows": 160740,
                                    "Plan Width": 0,
                                    "Actual Startup Time": 310.83,
                                    "Actual Total Time": 897.03,
                                    "Actual Rows": 136754,
                                    "Actual Loops": 7,
                                    "Inner Unique": true,
                                    "Hash Cond": "(ci.movie_id = t.id)",
                                    "Workers": [
                                        {
                                            "Worker Number": 0,
                                            "Actual Startup Time": 308.427,
                                            "Actual Total Time": 894.775,
                                            "Actual Rows": 142085,
                                            "Actual Loops": 1
                                        },
                                        {
                                            "Worker Number": 1,
                                            "Actual Startup Time": 308.661,
                                            "Actual Total Time": 895.111,
                                            "Actual Rows": 138654,
                                            "Actual Loops": 1
                                        },
                                        {
                                            "Worker Number": 2,
                                            "Actual Startup Time": 309.127,
                                            "Actual Total Time": 895.086,
                                            "Actual Rows": 91278,
                                            "Actual Loops": 1
                                        },
                                        {
                                            "Worker Number": 3,
                                            "Actual Startup Time": 309.507,
                                            "Actual Total Time": 895.708,
                                            "Actual Rows": 143833,
                                            "Actual Loops": 1
                                        },
                                        {
                                            "Worker Number": 4,
                                            "Actual Startup Time": 309.42,
                                            "Actual Total Time": 895.619,
                                            "Actual Rows": 140593,
                                            "Actual Loops": 1
                                        },
                                        {
                                            "Worker Number": 5,
                                            "Actual Startup Time": 309.767,
                                            "Actual Total Time": 896.203,
                                            "Actual Rows": 137856,
                                            "Actual Loops": 1
                                        }
                                    ],
                                    "Plans": [
                                        {
                                            "Node Type": "Seq Scan",
                                            "Parent Relationship": "Outer",
                                            "Parallel Aware": true,
                                            "Relation Name": "cast_info",
                                            "Schema": "public",
                                            "Alias": "ci",
                                            "Startup Cost": 0.0,
                                            "Total Cost": 343318.94,
                                            "Plan Rows": 2187434,
                                            "Plan Width": 4,
                                            "Actual Startup Time": 213.719,
                                            "Actual Total Time": 587.317,
                                            "Actual Rows": 1565229,
                                            "Actual Loops": 7,
                                            "Output": [
                                                "ci.id",
                                                "ci.person_id",
                                                "ci.movie_id",
                                                "ci.person_role_id",
                                                "ci.note",
                                                "ci.nr_order",
                                                "ci.role_id"
                                            ],
                                            "Filter": "((ci.person_id > 1978784) AND (ci.role_id < 8))",
                                            "Rows Removed by Filter": 3612535,
                                            "Workers": [
                                                {
                                                    "Worker Number": 0,
                                                    "Actual Startup Time": 213.706,
                                                    "Actual Total Time": 590.08,
                                                    "Actual Rows": 1591750,
                                                    "Actual Loops": 1
                                                },
                                                {
                                                    "Worker Number": 1,
                                                    "Actual Startup Time": 213.711,
                                                    "Actual Total Time": 586.876,
                                                    "Actual Rows": 1614336,
                                                    "Actual Loops": 1
                                                },
                                                {
                                                    "Worker Number": 2,
                                                    "Actual Startup Time": 213.722,
                                                    "Actual Total Time": 595.599,
                                                    "Actual Rows": 1053467,
                                                    "Actual Loops": 1
                                                },
                                                {
                                                    "Worker Number": 3,
                                                    "Actual Startup Time": 213.735,
                                                    "Actual Total Time": 587.101,
                                                    "Actual Rows": 1609338,
                                                    "Actual Loops": 1
                                                },
                                                {
                                                    "Worker Number": 4,
                                                    "Actual Startup Time": 213.726,
                                                    "Actual Total Time": 583.684,
                                                    "Actual Rows": 1597065,
                                                    "Actual Loops": 1
                                                },
                                                {
                                                    "Worker Number": 5,
                                                    "Actual Startup Time": 213.712,
                                                    "Actual Total Time": 591.36,
                                                    "Actual Rows": 1585360,
                                                    "Actual Loops": 1
                                                }
                                            ]
                                        },
                                        {
                                            "Node Type": "Hash",
                                            "Parent Relationship": "Inner",
                                            "Parallel Aware": true,
                                            "Startup Cost": 45479.21,
                                            "Total Cost": 45479.21,
                                            "Plan Rows": 46447,
                                            "Plan Width": 4,
                                            "Actual Startup Time": 95.416,
                                            "Actual Total Time": 95.417,
                                            "Actual Rows": 41175,
                                            "Actual Loops": 7,
                                            "Output": [
                                                "t.id"
                                            ],
                                            "Hash Buckets": 524288,
                                            "Original Hash Buckets": 262144,
                                            "Hash Batches": 1,
                                            "Original Hash Batches": 1,
                                            "Peak Memory Usage": 17536,
                                            "Workers": [
                                                {
                                                    "Worker Number": 0,
                                                    "Actual Startup Time": 94.004,
                                                    "Actual Total Time": 94.005,
                                                    "Actual Rows": 39587,
                                                    "Actual Loops": 1
                                                },
                                                {
                                                    "Worker Number": 1,
                                                    "Actual Startup Time": 94.178,
                                                    "Actual Total Time": 94.179,
                                                    "Actual Rows": 40554,
                                                    "Actual Loops": 1
                                                },
                                                {
                                                    "Worker Number": 2,
                                                    "Actual Startup Time": 94.67,
                                                    "Actual Total Time": 94.671,
                                                    "Actual Rows": 28230,
                                                    "Actual Loops": 1
                                                },
                                                {
                                                    "Worker Number": 3,
                                                    "Actual Startup Time": 94.714,
                                                    "Actual Total Time": 94.715,
                                                    "Actual Rows": 40546,
                                                    "Actual Loops": 1
                                                },
                                                {
                                                    "Worker Number": 4,
                                                    "Actual Startup Time": 94.719,
                                                    "Actual Total Time": 94.72,
                                                    "Actual Rows": 40518,
                                                    "Actual Loops": 1
                                                },
                                                {
                                                    "Worker Number": 5,
                                                    "Actual Startup Time": 95.266,
                                                    "Actual Total Time": 95.266,
                                                    "Actual Rows": 40354,
                                                    "Actual Loops": 1
                                                }
                                            ],
                                            "Plans": [
                                                {
                                                    "Node Type": "Seq Scan",
                                                    "Parent Relationship": "Outer",
                                                    "Parallel Aware": true,
                                                    "Relation Name": "title",
                                                    "Schema": "public",
                                                    "Alias": "t",
                                                    "Startup Cost": 0.0,
                                                    "Total Cost": 45479.21,
                                                    "Plan Rows": 46447,
                                                    "Plan Width": 4,
                                                    "Actual Startup Time": 0.154,
                                                    "Actual Total Time": 71.058,
                                                    "Actual Rows": 41175,
                                                    "Actual Loops": 7,
                                                    "Output": [
                                                        "t.id"
                                                    ],
                                                    "Filter": "((t.kind_id < 7) AND (t.production_year < 1977))",
                                                    "Rows Removed by Filter": 320013,
                                                    "Workers": [
                                                        {
                                                            "Worker Number": 0,
                                                            "Actual Startup Time": 0.188,
                                                            "Actual Total Time": 69.928,
                                                            "Actual Rows": 39587,
                                                            "Actual Loops": 1
                                                        },
                                                        {
                                                            "Worker Number": 1,
                                                            "Actual Startup Time": 0.154,
                                                            "Actual Total Time": 69.777,
                                                            "Actual Rows": 40554,
                                                            "Actual Loops": 1
                                                        },
                                                        {
                                                            "Worker Number": 2,
                                                            "Actual Startup Time": 0.052,
                                                            "Actual Total Time": 71.348,
                                                            "Actual Rows": 28230,
                                                            "Actual Loops": 1
                                                        },
                                                        {
                                                            "Worker Number": 3,
                                                            "Actual Startup Time": 0.051,
                                                            "Actual Total Time": 70.617,
                                                            "Actual Rows": 40546,
                                                            "Actual Loops": 1
                                                        },
                                                        {
                                                            "Worker Number": 4,
                                                            "Actual Startup Time": 0.353,
                                                            "Actual Total Time": 70.723,
                                                            "Actual Rows": 40518,
                                                            "Actual Loops": 1
                                                        },
                                                        {
                                                            "Worker Number": 5,
                                                            "Actual Startup Time": 0.226,
                                                            "Actual Total Time": 71.333,
                                                            "Actual Rows": 40354,
                                                            "Actual Loops": 1
                                                        }
                                                    ]
                                                }
                                            ]
                                        }
                                    ]
                                }
                            ]
                        }
                    ]
                }
            ]
        },
        "Planning Time": 202.483,
        "Triggers": [],
        "Execution Time": 952.334
    }
]