{
  "Plan": {
    "Node Type": "Aggregate",
    "Strategy": "Plain",
    "Partial Mode": "Finalize",
    "Parallel Aware": false,
    "Startup Cost": 391600.82,
    "Total Cost": 391600.83,
    "Plan Rows": 1,
    "Plan Width": 8,
    "Actual Startup Time": 2435.434,
    "Actual Total Time": 2487.311,
    "Actual Rows": 1,
    "Actual Loops": 1,
    "Plans": [
      {
        "Node Type": "Gather",
        "Parent Relationship": "Outer",
        "Parallel Aware": false,
        "Startup Cost": 391600.7,
        "Total Cost": 391600.81,
        "Plan Rows": 1,
        "Plan Width": 8,
        "Actual Startup Time": 2432.687,
        "Actual Total Time": 2487.301,
        "Actual Rows": 2,
        "Actual Loops": 1,
        "Workers Planned": 1,
        "Workers Launched": 1,
        "Single Copy": false,
        "Plans": [
          {
            "Node Type": "Aggregate",
            "Strategy": "Plain",
            "Partial Mode": "Partial",
            "Parent Relationship": "Outer",
            "Parallel Aware": false,
            "Startup Cost": 390600.7,
            "Total Cost": 390600.71,
            "Plan Rows": 1,
            "Plan Width": 8,
            "Actual Startup Time": 2426.785,
            "Actual Total Time": 2427.091,
            "Actual Rows": 1,
            "Actual Loops": 2,
            "Plans": [
              {
                "Node Type": "Hash Join",
                "Parent Relationship": "Outer",
                "Parallel Aware": true,
                "Join Type": "Inner",
                "Startup Cost": 83344.77,
                "Total Cost": 388142.81,
                "Plan Rows": 983159,
                "Plan Width": 0,
                "Actual Startup Time": 443.573,
                "Actual Total Time": 2286.754,
                "Actual Rows": 3486196,
                "Actual Loops": 2,
                "Inner Unique": false,
                "Hash Cond": "(mi.movie_id = t.id)",
                "Plans": [
                  {
                    "Node Type": "Seq Scan",
                    "Parent Relationship": "Outer",
                    "Parallel Aware": true,
                    "Relation Name": "movie_info",
                    "Alias": "mi",
                    "Startup Cost": 0.0,
                    "Total Cost": 270696.42,
                    "Plan Rows": 7551554,
                    "Plan Width": 4,
                    "Actual Startup Time": 0.018,
                    "Actual Total Time": 784.098,
                    "Actual Rows": 6485044,
                    "Actual Loops": 2,
                    "Filter": "(info_type_id < 18)",
                    "Rows Removed by Filter": 932816
                  },
                  {
                    "Node Type": "Hash",
                    "Parent Relationship": "Inner",
                    "Parallel Aware": true,
                    "Startup Cost": 80924.43,
                    "Total Cost": 80924.43,
                    "Plan Rows": 193627,
                    "Plan Width": 8,
                    "Actual Startup Time": 436.285,
                    "Actual Total Time": 436.589,
                    "Actual Rows": 250314,
                    "Actual Loops": 2,
                    "Hash Buckets": 524288,
                    "Original Hash Buckets": 524288,
                    "Hash Batches": 1,
                    "Original Hash Batches": 1,
                    "Peak Memory Usage": 23712,
                    "Plans": [
                      {
                        "Node Type": "Hash Join",
                        "Parent Relationship": "Outer",
                        "Parallel Aware": true,
                        "Join Type": "Inner",
                        "Startup Cost": 62740.64,
                        "Total Cost": 80924.43,
                        "Plan Rows": 193627,
                        "Plan Width": 8,
                        "Actual Startup Time": 230.995,
                        "Actual Total Time": 389.201,
                        "Actual Rows": 250314,
                        "Actual Loops": 2,
                        "Inner Unique": true,
                        "Hash Cond": "(mi_idx.movie_id = t.id)",
                        "Plans": [
                          {
                            "Node Type": "Seq Scan",
                            "Parent Relationship": "Outer",
                            "Parallel Aware": true,
                            "Relation Name": "movie_info_idx",
                            "Alias": "mi_idx",
                            "Startup Cost": 0.0,
                            "Total Cost": 16052.85,
                            "Plan Rows": 811785,
                            "Plan Width": 4,
                            "Actual Startup Time": 0.019,
                            "Actual Total Time": 50.507,
                            "Actual Rows": 690018,
                            "Actual Loops": 2
                          },
                          {
                            "Node Type": "Hash",
                            "Parent Relationship": "Inner",
                            "Parallel Aware": true,
                            "Startup Cost": 58306.47,
                            "Total Cost": 58306.47,
                            "Plan Rows": 354734,
                            "Plan Width": 4,
                            "Actual Startup Time": 224.684,
                            "Actual Total Time": 224.685,
                            "Actual Rows": 253704,
                            "Actual Loops": 2,
                            "Hash Buckets": 1048576,
                            "Original Hash Buckets": 1048576,
                            "Hash Batches": 1,
                            "Original Hash Batches": 1,
                            "Peak Memory Usage": 28096,
                            "Plans": [
                              {
                                "Node Type": "Seq Scan",
                                "Parent Relationship": "Outer",
                                "Parallel Aware": true,
                                "Relation Name": "title",
                                "Alias": "t",
                                "Startup Cost": 0.0,
                                "Total Cost": 58306.47,
                                "Plan Rows": 354734,
                                "Plan Width": 4,
                                "Actual Startup Time": 0.055,
                                "Actual Total Time": 153.63,
                                "Actual Rows": 253704,
                                "Actual Loops": 2,
                                "Filter": "((kind_id < 7) AND (production_year > 1997))",
                                "Rows Removed by Filter": 1010452
                              }
                            ]
                          }
                        ]
                      }
                    ]
                  }
                ]
              }
            ]
          }
        ]
      }
    ]
  },
  "Planning Time": 1.002,
  "Triggers": [],
  "Execution Time": 2487.409
}