{
  "Plan": {
    "Node Type": "Aggregate",
    "Strategy": "Plain",
    "Partial Mode": "Simple",
    "Parallel Aware": false,
    "Startup Cost": 719.43,
    "Total Cost": 719.44,
    "Plan Rows": 1,
    "Plan Width": 8,
    "Actual Startup Time": 5.251,
    "Actual Total Time": 5.254,
    "Actual Rows": 1,
    "Actual Loops": 1,
    "Plans": [
      {
        "Node Type": "Nested Loop",
        "Parent Relationship": "Outer",
        "Parallel Aware": false,
        "Join Type": "Inner",
        "Startup Cost": 1.29,
        "Total Cost": 719.38,
        "Plan Rows": 23,
        "Plan Width": 0,
        "Actual Startup Time": 0.203,
        "Actual Total Time": 5.198,
        "Actual Rows": 190,
        "Actual Loops": 1,
        "Inner Unique": false,
        "Plans": [
          {
            "Node Type": "Nested Loop",
            "Parent Relationship": "Outer",
            "Parallel Aware": false,
            "Join Type": "Inner",
            "Startup Cost": 0.86,
            "Total Cost": 696.33,
            "Plan Rows": 43,
            "Plan Width": 8,
            "Actual Startup Time": 0.181,
            "Actual Total Time": 4.167,
            "Actual Rows": 66,
            "Actual Loops": 1,
            "Inner Unique": true,
            "Plans": [
              {
                "Node Type": "Index Scan",
                "Parent Relationship": "Outer",
                "Parallel Aware": false,
                "Scan Direction": "Forward",
                "Index Name": "company_id_movie_companies",
                "Relation Name": "movie_companies",
                "Alias": "mc",
                "Startup Cost": 0.43,
                "Total Cost": 273.83,
                "Plan Rows": 50,
                "Plan Width": 4,
                "Actual Startup Time": 0.158,
                "Actual Total Time": 2.079,
                "Actual Rows": 140,
                "Actual Loops": 1,
                "Index Cond": "(company_id = 12673)",
                "Rows Removed by Index Recheck": 0,
                "Filter": "(company_type_id < 2)",
                "Rows Removed by Filter": 1204
              },
              {
                "Node Type": "Index Scan",
                "Parent Relationship": "Inner",
                "Parallel Aware": false,
                "Scan Direction": "Forward",
                "Index Name": "title_pkey",
                "Relation Name": "title",
                "Alias": "t",
                "Startup Cost": 0.43,
                "Total Cost": 8.45,
                "Plan Rows": 1,
                "Plan Width": 4,
                "Actual Startup Time": 0.014,
                "Actual Total Time": 0.014,
                "Actual Rows": 0,
                "Actual Loops": 140,
                "Index Cond": "(id = mc.movie_id)",
                "Rows Removed by Index Recheck": 0,
                "Filter": "(production_year > 1963)",
                "Rows Removed by Filter": 1
              }
            ]
          },
          {
            "Node Type": "Index Only Scan",
            "Parent Relationship": "Inner",
            "Parallel Aware": false,
            "Scan Direction": "Forward",
            "Index Name": "movie_id_movie_info_idx",
            "Relation Name": "movie_info_idx",
            "Alias": "mi_idx",
            "Startup Cost": 0.43,
            "Total Cost": 0.51,
            "Plan Rows": 3,
            "Plan Width": 4,
            "Actual Startup Time": 0.011,
            "Actual Total Time": 0.013,
            "Actual Rows": 3,
            "Actual Loops": 66,
            "Index Cond": "(movie_id = t.id)",
            "Rows Removed by Index Recheck": 0,
            "Heap Fetches": 190
          }
        ]
      }
    ]
  },
  "Planning Time": 1.014,
  "Triggers": [],
  "Execution Time": 5.329
}