[
  {
    "Plan": {
      "Node Type": "Aggregate",
      "Strategy": "Plain",
      "Partial Mode": "Finalize",
      "Parallel Aware": false,
      "Startup Cost": 391993.04,
      "Total Cost": 391993.05,
      "Plan Rows": 1,
      "Plan Width": 64,
      "Actual Startup Time": 2167.649,
      "Actual Total Time": 2238.168,
      "Actual Rows": 1,
      "Actual Loops": 1,
      "Plans": [
        {
          "Node Type": "Gather",
          "Parent Relationship": "Outer",
          "Parallel Aware": false,
          "Startup Cost": 391992.72,
          "Total Cost": 391993.03,
          "Plan Rows": 3,
          "Plan Width": 64,
          "Actual Startup Time": 2133.89,
          "Actual Total Time": 2238.15,
          "Actual Rows": 4,
          "Actual Loops": 1,
          "Workers Planned": 3,
          "Workers Launched": 3,
          "Single Copy": false,
          "Plans": [
            {
              "Node Type": "Aggregate",
              "Strategy": "Plain",
              "Partial Mode": "Partial",
              "Parent Relationship": "Outer",
              "Parallel Aware": false,
              "Startup Cost": 390992.72,
              "Total Cost": 390992.73,
              "Plan Rows": 1,
              "Plan Width": 64,
              "Actual Startup Time": 2118.114,
              "Actual Total Time": 2120.323,
              "Actual Rows": 1,
              "Actual Loops": 4,
              "Plans": [
                {
                  "Node Type": "Hash Join",
                  "Parent Relationship": "Outer",
                  "Parallel Aware": true,
                  "Join Type": "Inner",
                  "Startup Cost": 363788.51,
                  "Total Cost": 379692.6,
                  "Plan Rows": 2260023,
                  "Plan Width": 33,
                  "Actual Startup Time": 2004.481,
                  "Actual Total Time": 2111.079,
                  "Actual Rows": 80751,
                  "Actual Loops": 4,
                  "Inner Unique": false,
                  "Hash Cond": "(an1.person_id = n1.id)",
                  "Plans": [
                    {
                      "Node Type": "Seq Scan",
                      "Parent Relationship": "Outer",
                      "Parallel Aware": true,
                      "Relation Name": "aka_name",
                      "Alias": "an1",
                      "Startup Cost": 0.0,
                      "Total Cost": 14303.56,
                      "Plan Rows": 290756,
                      "Plan Width": 20,
                      "Actual Startup Time": 0.032,
                      "Actual Total Time": 37.285,
                      "Actual Rows": 225336,
                      "Actual Loops": 4
                    },
                    {
                      "Node Type": "Hash",
                      "Parent Relationship": "Inner",
                      "Parallel Aware": true,
                      "Startup Cost": 354647.58,
                      "Total Cost": 354647.58,
                      "Plan Rows": 731274,
                      "Plan Width": 25,
                      "Actual Startup Time": 1993.921,
                      "Actual Total Time": 1996.127,
                      "Actual Rows": 71384,
                      "Actual Loops": 4,
                      "Hash Buckets": 4194304,
                      "Original Hash Buckets": 4194304,
                      "Hash Batches": 1,
                      "Original Hash Batches": 1,
                      "Peak Memory Usage": 49792,
                      "Plans": [
                        {
                          "Node Type": "Hash Join",
                          "Parent Relationship": "Outer",
                          "Parallel Aware": true,
                          "Join Type": "Inner",
                          "Startup Cost": 302987.8,
                          "Total Cost": 354647.58,
                          "Plan Rows": 731274,
                          "Plan Width": 25,
                          "Actual Startup Time": 1392.765,
                          "Actual Total Time": 1907.896,
                          "Actual Rows": 71384,
                          "Actual Loops": 4,
                          "Inner Unique": true,
                          "Hash Cond": "(ci.person_id = n1.id)",
                          "Plans": [
                            {
                              "Node Type": "Hash Join",
                              "Parent Relationship": "Outer",
                              "Parallel Aware": false,
                              "Join Type": "Inner",
                              "Startup Cost": 223933.06,
                              "Total Cost": 273673.25,
                              "Plan Rows": 731274,
                              "Plan Width": 21,
                              "Actual Startup Time": 663.262,
                              "Actual Total Time": 1143.374,
                              "Actual Rows": 71384,
                              "Actual Loops": 4,
                              "Inner Unique": false,
                              "Hash Cond": "(t.id = ci.movie_id)",
                              "Plans": [
                                {
                                  "Node Type": "Hash Join",
                                  "Parent Relationship": "Outer",
                                  "Parallel Aware": true,
                                  "Join Type": "Inner",
                                  "Startup Cost": 38565.5,
                                  "Total Cost": 84014.81,
                                  "Plan Rows": 235735,
                                  "Plan Width": 25,
                                  "Actual Startup Time": 430.484,
                                  "Actual Total Time": 840.084,
                                  "Actual Rows": 288450,
                                  "Actual Loops": 4,
                                  "Inner Unique": false,
                                  "Hash Cond": "(t.id = mc.movie_id)",
                                  "Plans": [
                                    {
                                      "Node Type": "Seq Scan",
                                      "Parent Relationship": "Outer",
                                      "Parallel Aware": true,
                                      "Relation Name": "title",
                                      "Alias": "t",
                                      "Startup Cost": 0.0,
                                      "Total Cost": 42318.63,
                                      "Plan Rows": 632063,
                                      "Plan Width": 21,
                                      "Actual Startup Time": 0.026,
                                      "Actual Total Time": 118.946,
                                      "Actual Rows": 632078,
                                      "Actual Loops": 4
                                    },
                                    {
                                      "Node Type": "Hash",
                                      "Parent Relationship": "Inner",
                                      "Parallel Aware": true,
                                      "Startup Cost": 34763.33,
                                      "Total Cost": 34763.33,
                                      "Plan Rows": 304174,
                                      "Plan Width": 4,
                                      "Actual Startup Time": 428.807,
                                      "Actual Total Time": 431.004,
                                      "Actual Rows": 288450,
                                      "Actual Loops": 4,
                                      "Hash Buckets": 2097152,
                                      "Original Hash Buckets": 1048576,
                                      "Hash Batches": 1,
                                      "Original Hash Batches": 1,
                                      "Peak Memory Usage": 69760,
                                      "Plans": [
                                        {
                                          "Node Type": "Hash Join",
                                          "Parent Relationship": "Outer",
                                          "Parallel Aware": true,
                                          "Join Type": "Inner",
                                          "Startup Cost": 5347.39,
                                          "Total Cost": 34763.33,
                                          "Plan Rows": 304174,
                                          "Plan Width": 4,
                                          "Actual Startup Time": 24.187,
                                          "Actual Total Time": 261.954,
                                          "Actual Rows": 288450,
                                          "Actual Loops": 4,
                                          "Inner Unique": true,
                                          "Hash Cond": "(mc.company_id = cn.id)",
                                          "Plans": [
                                            {
                                              "Node Type": "Seq Scan",
                                              "Parent Relationship": "Outer",
                                              "Parallel Aware": true,
                                              "Relation Name": "movie_companies",
                                              "Alias": "mc",
                                              "Startup Cost": 0.0,
                                              "Total Cost": 27206.55,
                                              "Plan Rows": 841655,
                                              "Plan Width": 8,
                                              "Actual Startup Time": 0.022,
                                              "Actual Total Time": 96.519,
                                              "Actual Rows": 652282,
                                              "Actual Loops": 4
                                            },
                                            {
                                              "Node Type": "Hash",
                                              "Parent Relationship": "Inner",
                                              "Parallel Aware": true,
                                              "Startup Cost": 4722.92,
                                              "Total Cost": 4722.92,
                                              "Plan Rows": 49958,
                                              "Plan Width": 4,
                                              "Actual Startup Time": 23.835,
                                              "Actual Total Time": 23.836,
                                              "Actual Rows": 21211,
                                              "Actual Loops": 4,
                                              "Hash Buckets": 131072,
                                              "Original Hash Buckets": 131072,
                                              "Hash Batches": 1,
                                              "Original Hash Batches": 1,
                                              "Peak Memory Usage": 4384,
                                              "Plans": [
                                                {
                                                  "Node Type": "Seq Scan",
                                                  "Parent Relationship": "Outer",
                                                  "Parallel Aware": true,
                                                  "Relation Name": "company_name",
                                                  "Alias": "cn",
                                                  "Startup Cost": 0.0,
                                                  "Total Cost": 4722.92,
                                                  "Plan Rows": 49958,
                                                  "Plan Width": 4,
                                                  "Actual Startup Time": 0.03,
                                                  "Actual Total Time": 16.168,
                                                  "Actual Rows": 21211,
                                                  "Actual Loops": 4,
                                                  "Filter": "((country_code)::text = '[us]'::text)",
                                                  "Rows Removed by Filter": 37538
                                                }
                                              ]
                                            }
                                          ]
                                        }
                                      ]
                                    }
                                  ]
                                },
                                {
                                  "Node Type": "Hash",
                                  "Parent Relationship": "Inner",
                                  "Parallel Aware": false,
                                  "Startup Cost": 147594.96,
                                  "Total Cost": 147594.96,
                                  "Plan Rows": 3021808,
                                  "Plan Width": 8,
                                  "Actual Startup Time": 191.859,
                                  "Actual Total Time": 191.862,
                                  "Actual Rows": 276403,
                                  "Actual Loops": 4,
                                  "Hash Buckets": 4194304,
                                  "Original Hash Buckets": 4194304,
                                  "Hash Batches": 1,
                                  "Original Hash Batches": 1,
                                  "Peak Memory Usage": 43565,
                                  "Plans": [
                                    {
                                      "Node Type": "Nested Loop",
                                      "Parent Relationship": "Outer",
                                      "Parallel Aware": false,
                                      "Join Type": "Inner",
                                      "Startup Cost": 0.56,
                                      "Total Cost": 147594.96,
                                      "Plan Rows": 3021808,
                                      "Plan Width": 8,
                                      "Actual Startup Time": 0.173,
                                      "Actual Total Time": 97.638,
                                      "Actual Rows": 276403,
                                      "Actual Loops": 4,
                                      "Inner Unique": false,
                                      "Plans": [
                                        {
                                          "Node Type": "Seq Scan",
                                          "Parent Relationship": "Outer",
                                          "Parallel Aware": false,
                                          "Relation Name": "role_type",
                                          "Alias": "rt",
                                          "Startup Cost": 0.0,
                                          "Total Cost": 1.15,
                                          "Plan Rows": 1,
                                          "Plan Width": 4,
                                          "Actual Startup Time": 0.065,
                                          "Actual Total Time": 0.071,
                                          "Actual Rows": 1,
                                          "Actual Loops": 4,
                                          "Filter": "((role)::text = 'costume designer'::text)",
                                          "Rows Removed by Filter": 11
                                        },
                                        {
                                          "Node Type": "Index Scan",
                                          "Parent Relationship": "Inner",
                                          "Parallel Aware": false,
                                          "Scan Direction": "Forward",
                                          "Index Name": "role_id_cast_info",
                                          "Relation Name": "cast_info",
                                          "Alias": "ci",
                                          "Startup Cost": 0.56,
                                          "Total Cost": 114628.63,
                                          "Plan Rows": 3296518,
                                          "Plan Width": 12,
                                          "Actual Startup Time": 0.1,
                                          "Actual Total Time": 62.051,
                                          "Actual Rows": 276403,
                                          "Actual Loops": 4,
                                          "Index Cond": "(role_id = rt.id)",
                                          "Rows Removed by Index Recheck": 0
                                        }
                                      ]
                                    }
                                  ]
                                }
                              ]
                            },
                            {
                              "Node Type": "Hash",
                              "Parent Relationship": "Inner",
                              "Parallel Aware": true,
                              "Startup Cost": 66031.55,
                              "Total Cost": 66031.55,
                              "Plan Rows": 1041855,
                              "Plan Width": 4,
                              "Actual Startup Time": 719.373,
                              "Actual Total Time": 719.374,
                              "Actual Rows": 1041873,
                              "Actual Loops": 4,
                              "Hash Buckets": 4194304,
                              "Original Hash Buckets": 4194304,
                              "Hash Batches": 1,
                              "Original Hash Batches": 1,
                              "Peak Memory Usage": 195840,
                              "Plans": [
                                {
                                  "Node Type": "Seq Scan",
                                  "Parent Relationship": "Outer",
                                  "Parallel Aware": true,
                                  "Relation Name": "name",
                                  "Alias": "n1",
                                  "Startup Cost": 0.0,
                                  "Total Cost": 66031.55,
                                  "Plan Rows": 1041855,
                                  "Plan Width": 4,
                                  "Actual Startup Time": 0.082,
                                  "Actual Total Time": 221.427,
                                  "Actual Rows": 1041873,
                                  "Actual Loops": 4
                                }
                              ]
                            }
                          ]
                        }
                      ]
                    }
                  ]
                }
              ]
            }
          ]
        }
      ]
    },
    "Planning Time": 12.989,
    "Triggers": [],
    "Execution Time": 2241.695
  }
]