[
  {
    "Plan": {
      "Node Type": "Aggregate",
      "Strategy": "Plain",
      "Partial Mode": "Finalize",
      "Parallel Aware": false,
      "Startup Cost": 44662.95,
      "Total Cost": 44662.96,
      "Plan Rows": 1,
      "Plan Width": 8,
      "Actual Startup Time": 128.119,
      "Actual Total Time": 137.331,
      "Actual Rows": 1,
      "Actual Loops": 1,
      "Plans": [
        {
          "Node Type": "Gather",
          "Parent Relationship": "Outer",
          "Parallel Aware": false,
          "Startup Cost": 44662.64,
          "Total Cost": 44662.95,
          "Plan Rows": 3,
          "Plan Width": 8,
          "Actual Startup Time": 128.025,
          "Actual Total Time": 137.322,
          "Actual Rows": 4,
          "Actual Loops": 1,
          "Workers Planned": 3,
          "Workers Launched": 3,
          "Single Copy": false,
          "Plans": [
            {
              "Node Type": "Aggregate",
              "Strategy": "Plain",
              "Partial Mode": "Partial",
              "Parent Relationship": "Outer",
              "Parallel Aware": false,
              "Startup Cost": 43662.64,
              "Total Cost": 43662.65,
              "Plan Rows": 1,
              "Plan Width": 8,
              "Actual Startup Time": 121.584,
              "Actual Total Time": 121.585,
              "Actual Rows": 1,
              "Actual Loops": 4,
              "Plans": [
                {
                  "Node Type": "Seq Scan",
                  "Parent Relationship": "Outer",
                  "Parallel Aware": true,
                  "Relation Name": "movie_keyword",
                  "Alias": "mk",
                  "Startup Cost": 0.0,
                  "Total Cost": 42695.65,
                  "Plan Rows": 386793,
                  "Plan Width": 0,
                  "Actual Startup Time": 2.993,
                  "Actual Total Time": 106.627,
                  "Actual Rows": 300583,
                  "Actual Loops": 4,
                  "Filter": "(keyword_id > 15267)",
                  "Rows Removed by Filter": 830399
                }
              ]
            }
          ]
        }
      ]
    },
    "Planning Time": 0.179,
    "Triggers": [],
    "Execution Time": 137.386
  }
]