[
  {
    "Plan": {
      "Node Type": "Aggregate",
      "Strategy": "Plain",
      "Partial Mode": "Finalize",
      "Parallel Aware": false,
      "Startup Cost": 353048.84,
      "Total Cost": 353048.85,
      "Plan Rows": 1,
      "Plan Width": 8,
      "Actual Startup Time": 923.695,
      "Actual Total Time": 985.577,
      "Actual Rows": 1,
      "Actual Loops": 1,
      "Plans": [
        {
          "Node Type": "Gather",
          "Parent Relationship": "Outer",
          "Parallel Aware": false,
          "Startup Cost": 353048.22,
          "Total Cost": 353048.83,
          "Plan Rows": 6,
          "Plan Width": 8,
          "Actual Startup Time": 923.548,
          "Actual Total Time": 985.564,
          "Actual Rows": 7,
          "Actual Loops": 1,
          "Workers Planned": 6,
          "Workers Launched": 6,
          "Single Copy": false,
          "Plans": [
            {
              "Node Type": "Aggregate",
              "Strategy": "Plain",
              "Partial Mode": "Partial",
              "Parent Relationship": "Outer",
              "Parallel Aware": false,
              "Startup Cost": 352048.22,
              "Total Cost": 352048.23,
              "Plan Rows": 1,
              "Plan Width": 8,
              "Actual Startup Time": 913.548,
              "Actual Total Time": 913.549,
              "Actual Rows": 1,
              "Actual Loops": 7,
              "Plans": [
                {
                  "Node Type": "Seq Scan",
                  "Parent Relationship": "Outer",
                  "Parallel Aware": true,
                  "Relation Name": "cast_info",
                  "Alias": "ci",
                  "Startup Cost": 0.0,
                  "Total Cost": 343257.03,
                  "Plan Rows": 3516476,
                  "Plan Width": 0,
                  "Actual Startup Time": 239.887,
                  "Actual Total Time": 762.582,
                  "Actual Rows": 3201740,
                  "Actual Loops": 7,
                  "Filter": "((person_id > 402039) AND (role_id > 1))",
                  "Rows Removed by Filter": 1976024
                }
              ]
            }
          ]
        }
      ]
    },
    "Planning Time": 0.228,
    "Triggers": [],
    "Execution Time": 985.652
  }
]