[
  {
    "Plan": {
      "Node Type": "Aggregate",
      "Strategy": "Plain",
      "Partial Mode": "Finalize",
      "Parallel Aware": false,
      "Startup Cost": 46412.42,
      "Total Cost": 46412.43,
      "Plan Rows": 1,
      "Plan Width": 8,
      "Actual Startup Time": 124.583,
      "Actual Total Time": 136.668,
      "Actual Rows": 1,
      "Actual Loops": 1,
      "Plans": [
        {
          "Node Type": "Gather",
          "Parent Relationship": "Outer",
          "Parallel Aware": false,
          "Startup Cost": 46412.0,
          "Total Cost": 46412.41,
          "Plan Rows": 4,
          "Plan Width": 8,
          "Actual Startup Time": 124.4,
          "Actual Total Time": 136.658,
          "Actual Rows": 5,
          "Actual Loops": 1,
          "Workers Planned": 4,
          "Workers Launched": 4,
          "Single Copy": false,
          "Plans": [
            {
              "Node Type": "Aggregate",
              "Strategy": "Plain",
              "Partial Mode": "Partial",
              "Parent Relationship": "Outer",
              "Parallel Aware": false,
              "Startup Cost": 45412.0,
              "Total Cost": 45412.01,
              "Plan Rows": 1,
              "Plan Width": 8,
              "Actual Startup Time": 119.283,
              "Actual Total Time": 119.284,
              "Actual Rows": 1,
              "Actual Loops": 5,
              "Plans": [
                {
                  "Node Type": "Seq Scan",
                  "Parent Relationship": "Outer",
                  "Parallel Aware": true,
                  "Relation Name": "title",
                  "Alias": "t",
                  "Startup Cost": 0.0,
                  "Total Cost": 43899.32,
                  "Plan Rows": 605071,
                  "Plan Width": 0,
                  "Actual Startup Time": 0.032,
                  "Actual Total Time": 95.036,
                  "Actual Rows": 484234,
                  "Actual Loops": 5,
                  "Filter": "(production_year > 1911)",
                  "Rows Removed by Filter": 21429
                }
              ]
            }
          ]
        }
      ]
    },
    "Planning Time": 0.156,
    "Triggers": [],
    "Execution Time": 136.735
  }
]