[
  {
    "Plan": {
      "Node Type": "Aggregate",
      "Strategy": "Plain",
      "Partial Mode": "Finalize",
      "Parallel Aware": false,
      "Startup Cost": 45393.63,
      "Total Cost": 45393.64,
      "Plan Rows": 1,
      "Plan Width": 8,
      "Actual Startup Time": 139.11,
      "Actual Total Time": 148.631,
      "Actual Rows": 1,
      "Actual Loops": 1,
      "Plans": [
        {
          "Node Type": "Gather",
          "Parent Relationship": "Outer",
          "Parallel Aware": false,
          "Startup Cost": 45393.32,
          "Total Cost": 45393.63,
          "Plan Rows": 3,
          "Plan Width": 8,
          "Actual Startup Time": 138.988,
          "Actual Total Time": 148.621,
          "Actual Rows": 4,
          "Actual Loops": 1,
          "Workers Planned": 3,
          "Workers Launched": 3,
          "Single Copy": false,
          "Plans": [
            {
              "Node Type": "Aggregate",
              "Strategy": "Plain",
              "Partial Mode": "Partial",
              "Parent Relationship": "Outer",
              "Parallel Aware": false,
              "Startup Cost": 44393.32,
              "Total Cost": 44393.33,
              "Plan Rows": 1,
              "Plan Width": 8,
              "Actual Startup Time": 135.378,
              "Actual Total Time": 135.379,
              "Actual Rows": 1,
              "Actual Loops": 4,
              "Plans": [
                {
                  "Node Type": "Seq Scan",
                  "Parent Relationship": "Outer",
                  "Parallel Aware": true,
                  "Relation Name": "movie_keyword",
                  "Alias": "mk",
                  "Startup Cost": 0.0,
                  "Total Cost": 42695.65,
                  "Plan Rows": 679065,
                  "Plan Width": 0,
                  "Actual Startup Time": 0.301,
                  "Actual Total Time": 111.331,
                  "Actual Rows": 522149,
                  "Actual Loops": 4,
                  "Filter": "(keyword_id > 5776)",
                  "Rows Removed by Filter": 608834
                }
              ]
            }
          ]
        }
      ]
    },
    "Planning Time": 0.185,
    "Triggers": [],
    "Execution Time": 148.687
  }
]