[
  {
    "Plan": {
      "Node Type": "Aggregate",
      "Strategy": "Plain",
      "Partial Mode": "Finalize",
      "Parallel Aware": false,
      "Startup Cost": 47215.77,
      "Total Cost": 47215.78,
      "Plan Rows": 1,
      "Plan Width": 8,
      "Actual Startup Time": 183.904,
      "Actual Total Time": 193.554,
      "Actual Rows": 1,
      "Actual Loops": 1,
      "Plans": [
        {
          "Node Type": "Gather",
          "Parent Relationship": "Outer",
          "Parallel Aware": false,
          "Startup Cost": 47215.45,
          "Total Cost": 47215.76,
          "Plan Rows": 3,
          "Plan Width": 8,
          "Actual Startup Time": 183.787,
          "Actual Total Time": 193.545,
          "Actual Rows": 4,
          "Actual Loops": 1,
          "Workers Planned": 3,
          "Workers Launched": 3,
          "Single Copy": false,
          "Plans": [
            {
              "Node Type": "Aggregate",
              "Strategy": "Plain",
              "Partial Mode": "Partial",
              "Parent Relationship": "Outer",
              "Parallel Aware": false,
              "Startup Cost": 46215.45,
              "Total Cost": 46215.46,
              "Plan Rows": 1,
              "Plan Width": 8,
              "Actual Startup Time": 176.898,
              "Actual Total Time": 176.899,
              "Actual Rows": 1,
              "Actual Loops": 4,
              "Plans": [
                {
                  "Node Type": "Seq Scan",
                  "Parent Relationship": "Outer",
                  "Parallel Aware": true,
                  "Relation Name": "movie_keyword",
                  "Alias": "mk",
                  "Startup Cost": 0.0,
                  "Total Cost": 42695.65,
                  "Plan Rows": 1407919,
                  "Plan Width": 0,
                  "Actual Startup Time": 0.063,
                  "Actual Total Time": 125.874,
                  "Actual Rows": 1091702,
                  "Actual Loops": 4,
                  "Filter": "(keyword_id < 73123)",
                  "Rows Removed by Filter": 39280
                }
              ]
            }
          ]
        }
      ]
    },
    "Planning Time": 0.185,
    "Triggers": [],
    "Execution Time": 193.642
  }
]