[
  {
    "Plan": {
      "Node Type": "Aggregate",
      "Strategy": "Plain",
      "Partial Mode": "Finalize",
      "Parallel Aware": false,
      "Startup Cost": 47211.61,
      "Total Cost": 47211.62,
      "Plan Rows": 1,
      "Plan Width": 8,
      "Actual Startup Time": 175.142,
      "Actual Total Time": 184.173,
      "Actual Rows": 1,
      "Actual Loops": 1,
      "Plans": [
        {
          "Node Type": "Gather",
          "Parent Relationship": "Outer",
          "Parallel Aware": false,
          "Startup Cost": 47211.29,
          "Total Cost": 47211.6,
          "Plan Rows": 3,
          "Plan Width": 8,
          "Actual Startup Time": 175.027,
          "Actual Total Time": 184.165,
          "Actual Rows": 4,
          "Actual Loops": 1,
          "Workers Planned": 3,
          "Workers Launched": 3,
          "Single Copy": false,
          "Plans": [
            {
              "Node Type": "Aggregate",
              "Strategy": "Plain",
              "Partial Mode": "Partial",
              "Parent Relationship": "Outer",
              "Parallel Aware": false,
              "Startup Cost": 46211.29,
              "Total Cost": 46211.3,
              "Plan Rows": 1,
              "Plan Width": 8,
              "Actual Startup Time": 169.238,
              "Actual Total Time": 169.239,
              "Actual Rows": 1,
              "Actual Loops": 4,
              "Plans": [
                {
                  "Node Type": "Seq Scan",
                  "Parent Relationship": "Outer",
                  "Parallel Aware": true,
                  "Relation Name": "movie_keyword",
                  "Alias": "mk",
                  "Startup Cost": 0.0,
                  "Total Cost": 42695.65,
                  "Plan Rows": 1406256,
                  "Plan Width": 0,
                  "Actual Startup Time": 0.044,
                  "Actual Total Time": 122.991,
                  "Actual Rows": 1091702,
                  "Actual Loops": 4,
                  "Filter": "(keyword_id < 73123)",
                  "Rows Removed by Filter": 39280
                }
              ]
            }
          ]
        }
      ]
    },
    "Planning Time": 0.185,
    "Triggers": [],
    "Execution Time": 184.23
  }
]