[
  {
    "Plan": {
      "Node Type": "Aggregate",
      "Strategy": "Plain",
      "Partial Mode": "Finalize",
      "Parallel Aware": false,
      "Startup Cost": 70241.05,
      "Total Cost": 70241.06,
      "Plan Rows": 1,
      "Plan Width": 8,
      "Actual Startup Time": 156.499,
      "Actual Total Time": 169.26,
      "Actual Rows": 1,
      "Actual Loops": 1,
      "Plans": [
        {
          "Node Type": "Gather",
          "Parent Relationship": "Outer",
          "Parallel Aware": false,
          "Startup Cost": 70240.73,
          "Total Cost": 70241.04,
          "Plan Rows": 3,
          "Plan Width": 8,
          "Actual Startup Time": 155.753,
          "Actual Total Time": 169.245,
          "Actual Rows": 4,
          "Actual Loops": 1,
          "Workers Planned": 3,
          "Workers Launched": 3,
          "Single Copy": false,
          "Plans": [
            {
              "Node Type": "Aggregate",
              "Strategy": "Plain",
              "Partial Mode": "Partial",
              "Parent Relationship": "Outer",
              "Parallel Aware": false,
              "Startup Cost": 69240.73,
              "Total Cost": 69240.74,
              "Plan Rows": 1,
              "Plan Width": 8,
              "Actual Startup Time": 147.105,
              "Actual Total Time": 147.109,
              "Actual Rows": 1,
              "Actual Loops": 4,
              "Plans": [
                {
                  "Node Type": "Hash Join",
                  "Parent Relationship": "Outer",
                  "Parallel Aware": true,
                  "Join Type": "Inner",
                  "Startup Cost": 49320.89,
                  "Total Cost": 69230.16,
                  "Plan Rows": 4230,
                  "Plan Width": 0,
                  "Actual Startup Time": 120.507,
                  "Actual Total Time": 146.887,
                  "Actual Rows": 3090,
                  "Actual Loops": 4,
                  "Inner Unique": true,
                  "Hash Cond": "(mc.movie_id = t.id)",
                  "Plans": [
                    {
                      "Node Type": "Bitmap Heap Scan",
                      "Parent Relationship": "Outer",
                      "Parallel Aware": true,
                      "Relation Name": "movie_companies",
                      "Alias": "mc",
                      "Startup Cost": 4970.3,
                      "Total Cost": 24685.32,
                      "Plan Rows": 74001,
                      "Plan Width": 4,
                      "Actual Startup Time": 9.914,
                      "Actual Total Time": 24.499,
                      "Actual Rows": 56722,
                      "Actual Loops": 4,
                      "Recheck Cond": "(company_id > 106189)",
                      "Rows Removed by Index Recheck": 0,
                      "Exact Heap Blocks": 1437,
                      "Lossy Heap Blocks": 0,
                      "Plans": [
                        {
                          "Node Type": "Bitmap Index Scan",
                          "Parent Relationship": "Outer",
                          "Parallel Aware": false,
                          "Index Name": "company_id_movie_companies",
                          "Startup Cost": 0.0,
                          "Total Cost": 4912.95,
                          "Plan Rows": 229403,
                          "Plan Width": 0,
                          "Actual Startup Time": 9.276,
                          "Actual Total Time": 9.276,
                          "Actual Rows": 226890,
                          "Actual Loops": 1,
                          "Index Cond": "(company_id > 106189)"
                        }
                      ]
                    },
                    {
                      "Node Type": "Hash",
                      "Parent Relationship": "Inner",
                      "Parallel Aware": true,
                      "Startup Cost": 43898.92,
                      "Total Cost": 43898.92,
                      "Plan Rows": 36134,
                      "Plan Width": 4,
                      "Actual Startup Time": 108.288,
                      "Actual Total Time": 108.289,
                      "Actual Rows": 35426,
                      "Actual Loops": 4,
                      "Hash Buckets": 262144,
                      "Original Hash Buckets": 262144,
                      "Hash Batches": 1,
                      "Original Hash Batches": 1,
                      "Peak Memory Usage": 7648,
                      "Plans": [
                        {
                          "Node Type": "Seq Scan",
                          "Parent Relationship": "Outer",
                          "Parallel Aware": true,
                          "Relation Name": "title",
                          "Alias": "t",
                          "Startup Cost": 0.0,
                          "Total Cost": 43898.92,
                          "Plan Rows": 36134,
                          "Plan Width": 4,
                          "Actual Startup Time": 0.035,
                          "Actual Total Time": 94.614,
                          "Actual Rows": 35426,
                          "Actual Loops": 4,
                          "Filter": "(production_year = 2010)",
                          "Rows Removed by Filter": 596652
                        }
                      ]
                    }
                  ]
                }
              ]
            }
          ]
        }
      ]
    },
    "Planning Time": 0.611,
    "Triggers": [],
    "Execution Time": 169.345
  }
]