{
  "Plan": {
    "Node Type": "Aggregate",
    "Strategy": "Plain",
    "Partial Mode": "Finalize",
    "Parallel Aware": false,
    "Startup Cost": 134229.54,
    "Total Cost": 134229.55,
    "Plan Rows": 1,
    "Plan Width": 8,
    "Actual Startup Time": 1017.335,
    "Actual Total Time": 1040.224,
    "Actual Rows": 1,
    "Actual Loops": 1,
    "Plans": [
      {
        "Node Type": "Gather",
        "Parent Relationship": "Outer",
        "Parallel Aware": false,
        "Startup Cost": 134229.43,
        "Total Cost": 134229.54,
        "Plan Rows": 1,
        "Plan Width": 8,
        "Actual Startup Time": 1012.729,
        "Actual Total Time": 1040.217,
        "Actual Rows": 2,
        "Actual Loops": 1,
        "Workers Planned": 1,
        "Workers Launched": 1,
        "Single Copy": false,
        "Plans": [
          {
            "Node Type": "Aggregate",
            "Strategy": "Plain",
            "Partial Mode": "Partial",
            "Parent Relationship": "Outer",
            "Parallel Aware": false,
            "Startup Cost": 133229.43,
            "Total Cost": 133229.44,
            "Plan Rows": 1,
            "Plan Width": 8,
            "Actual Startup Time": 1006.103,
            "Actual Total Time": 1006.11,
            "Actual Rows": 1,
            "Actual Loops": 2,
            "Plans": [
              {
                "Node Type": "Hash Join",
                "Parent Relationship": "Outer",
                "Parallel Aware": true,
                "Join Type": "Inner",
                "Startup Cost": 112777.45,
                "Total Cost": 132825.32,
                "Plan Rows": 161642,
                "Plan Width": 0,
                "Actual Startup Time": 832.469,
                "Actual Total Time": 983.62,
                "Actual Rows": 576629,
                "Actual Loops": 2,
                "Inner Unique": false,
                "Hash Cond": "(mi_idx.movie_id = t.id)",
                "Plans": [
                  {
                    "Node Type": "Seq Scan",
                    "Parent Relationship": "Outer",
                    "Parallel Aware": true,
                    "Relation Name": "movie_info_idx",
                    "Alias": "mi_idx",
                    "Startup Cost": 0.0,
                    "Total Cost": 16052.85,
                    "Plan Rows": 811785,
                    "Plan Width": 4,
                    "Actual Startup Time": 0.023,
                    "Actual Total Time": 48.709,
                    "Actual Rows": 690018,
                    "Actual Loops": 2
                  },
                  {
                    "Node Type": "Hash",
                    "Parent Relationship": "Inner",
                    "Parallel Aware": true,
                    "Startup Cost": 109075.76,
                    "Total Cost": 109075.76,
                    "Plan Rows": 296135,
                    "Plan Width": 8,
                    "Actual Startup Time": 811.505,
                    "Actual Total Time": 811.51,
                    "Actual Rows": 245392,
                    "Actual Loops": 2,
                    "Hash Buckets": 524288,
                    "Original Hash Buckets": 524288,
                    "Hash Batches": 1,
                    "Original Hash Batches": 1,
                    "Peak Memory Usage": 23328,
                    "Plans": [
                      {
                        "Node Type": "Hash Join",
                        "Parent Relationship": "Outer",
                        "Parallel Aware": true,
                        "Join Type": "Inner",
                        "Startup Cost": 80142.71,
                        "Total Cost": 109075.76,
                        "Plan Rows": 296135,
                        "Plan Width": 8,
                        "Actual Startup Time": 613.272,
                        "Actual Total Time": 758.897,
                        "Actual Rows": 245392,
                        "Actual Loops": 2,
                        "Inner Unique": true,
                        "Hash Cond": "(mk.movie_id = t.id)",
                        "Plans": [
                          {
                            "Node Type": "Bitmap Heap Scan",
                            "Parent Relationship": "Outer",
                            "Parallel Aware": true,
                            "Relation Name": "movie_keyword",
                            "Alias": "mk",
                            "Startup Cost": 10682.02,
                            "Total Cost": 38837.71,
                            "Plan Rows": 296135,
                            "Plan Width": 4,
                            "Actual Startup Time": 32.794,
                            "Actual Total Time": 106.493,
                            "Actual Rows": 245392,
                            "Actual Loops": 2,
                            "Recheck Cond": "(keyword_id > 36668)",
                            "Rows Removed by Index Recheck": 0,
                            "Exact Heap Blocks": 11011,
                            "Lossy Heap Blocks": 0,
                            "Plans": [
                              {
                                "Node Type": "Bitmap Index Scan",
                                "Parent Relationship": "Outer",
                                "Parallel Aware": false,
                                "Index Name": "keyword_id_movie_keyword",
                                "Startup Cost": 0.0,
                                "Total Cost": 10556.16,
                                "Plan Rows": 503430,
                                "Plan Width": 0,
                                "Actual Startup Time": 29.422,
                                "Actual Total Time": 29.422,
                                "Actual Rows": 490785,
                                "Actual Loops": 1,
                                "Index Cond": "(keyword_id > 36668)"
                              }
                            ]
                          },
                          {
                            "Node Type": "Hash",
                            "Parent Relationship": "Inner",
                            "Parallel Aware": true,
                            "Startup Cost": 50870.31,
                            "Total Cost": 50870.31,
                            "Plan Rows": 1487231,
                            "Plan Width": 4,
                            "Actual Startup Time": 562.764,
                            "Actual Total Time": 562.765,
                            "Actual Rows": 1264156,
                            "Actual Loops": 2,
                            "Hash Buckets": 4194304,
                            "Original Hash Buckets": 4194304,
                            "Hash Batches": 1,
                            "Original Hash Batches": 1,
                            "Peak Memory Usage": 131712,
                            "Plans": [
                              {
                                "Node Type": "Seq Scan",
                                "Parent Relationship": "Outer",
                                "Parallel Aware": true,
                                "Relation Name": "title",
                                "Alias": "t",
                                "Startup Cost": 0.0,
                                "Total Cost": 50870.31,
                                "Plan Rows": 1487231,
                                "Plan Width": 4,
                                "Actual Startup Time": 0.033,
                                "Actual Total Time": 158.041,
                                "Actual Rows": 1264156,
                                "Actual Loops": 2
                              }
                            ]
                          }
                        ]
                      }
                    ]
                  }
                ]
              }
            ]
          }
        ]
      }
    ]
  },
  "Planning Time": 1.015,
  "Triggers": [],
  "Execution Time": 1040.329
}