[
  {
    "Plan": {
      "Node Type": "Aggregate",
      "Strategy": "Plain",
      "Partial Mode": "Finalize",
      "Parallel Aware": false,
      "Startup Cost": 89769.03,
      "Total Cost": 89769.04,
      "Plan Rows": 1,
      "Plan Width": 8,
      "Actual Startup Time": 267.106,
      "Actual Total Time": 286.381,
      "Actual Rows": 1,
      "Actual Loops": 1,
      "Plans": [
        {
          "Node Type": "Gather",
          "Parent Relationship": "Outer",
          "Parallel Aware": false,
          "Startup Cost": 89768.71,
          "Total Cost": 89769.02,
          "Plan Rows": 3,
          "Plan Width": 8,
          "Actual Startup Time": 265.925,
          "Actual Total Time": 286.373,
          "Actual Rows": 4,
          "Actual Loops": 1,
          "Workers Planned": 3,
          "Workers Launched": 3,
          "Single Copy": false,
          "Plans": [
            {
              "Node Type": "Aggregate",
              "Strategy": "Plain",
              "Partial Mode": "Partial",
              "Parent Relationship": "Outer",
              "Parallel Aware": false,
              "Startup Cost": 88768.71,
              "Total Cost": 88768.72,
              "Plan Rows": 1,
              "Plan Width": 8,
              "Actual Startup Time": 257.378,
              "Actual Total Time": 257.382,
              "Actual Rows": 1,
              "Actual Loops": 4,
              "Plans": [
                {
                  "Node Type": "Hash Join",
                  "Parent Relationship": "Outer",
                  "Parallel Aware": true,
                  "Join Type": "Inner",
                  "Startup Cost": 44964.38,
                  "Total Cost": 88642.53,
                  "Plan Rows": 50474,
                  "Plan Width": 0,
                  "Actual Startup Time": 129.038,
                  "Actual Total Time": 254.935,
                  "Actual Rows": 57612,
                  "Actual Loops": 4,
                  "Inner Unique": true,
                  "Hash Cond": "(mk.movie_id = t.id)",
                  "Plans": [
                    {
                      "Node Type": "Seq Scan",
                      "Parent Relationship": "Outer",
                      "Parallel Aware": true,
                      "Relation Name": "movie_keyword",
                      "Alias": "mk",
                      "Startup Cost": 0.0,
                      "Total Cost": 42695.65,
                      "Plan Rows": 374285,
                      "Plan Width": 4,
                      "Actual Startup Time": 1.138,
                      "Actual Total Time": 90.539,
                      "Actual Rows": 292196,
                      "Actual Loops": 4,
                      "Filter": "(keyword_id > 16006)",
                      "Rows Removed by Filter": 838787
                    },
                    {
                      "Node Type": "Hash",
                      "Parent Relationship": "Inner",
                      "Parallel Aware": true,
                      "Startup Cost": 43898.92,
                      "Total Cost": 43898.92,
                      "Plan Rows": 85237,
                      "Plan Width": 4,
                      "Actual Startup Time": 124.171,
                      "Actual Total Time": 124.172,
                      "Actual Rows": 88020,
                      "Actual Loops": 4,
                      "Hash Buckets": 524288,
                      "Original Hash Buckets": 524288,
                      "Hash Batches": 1,
                      "Original Hash Batches": 1,
                      "Peak Memory Usage": 17920,
                      "Plans": [
                        {
                          "Node Type": "Seq Scan",
                          "Parent Relationship": "Outer",
                          "Parallel Aware": true,
                          "Relation Name": "title",
                          "Alias": "t",
                          "Startup Cost": 0.0,
                          "Total Cost": 43898.92,
                          "Plan Rows": 85237,
                          "Plan Width": 4,
                          "Actual Startup Time": 0.045,
                          "Actual Total Time": 94.946,
                          "Actual Rows": 88020,
                          "Actual Loops": 4,
                          "Filter": "(production_year < 1969)",
                          "Rows Removed by Filter": 544058
                        }
                      ]
                    }
                  ]
                }
              ]
            }
          ]
        }
      ]
    },
    "Planning Time": 0.528,
    "Triggers": [],
    "Execution Time": 286.442
  }
]