[
  {
    "Plan": {
      "Node Type": "Aggregate",
      "Strategy": "Plain",
      "Partial Mode": "Finalize",
      "Parallel Aware": false,
      "Startup Cost": 304368.97,
      "Total Cost": 304368.98,
      "Plan Rows": 1,
      "Plan Width": 8,
      "Actual Startup Time": 178.55,
      "Actual Total Time": 191.497,
      "Actual Rows": 1,
      "Actual Loops": 1,
      "Plans": [
        {
          "Node Type": "Gather",
          "Parent Relationship": "Outer",
          "Parallel Aware": false,
          "Startup Cost": 304368.35,
          "Total Cost": 304368.96,
          "Plan Rows": 6,
          "Plan Width": 8,
          "Actual Startup Time": 177.385,
          "Actual Total Time": 191.479,
          "Actual Rows": 7,
          "Actual Loops": 1,
          "Workers Planned": 6,
          "Workers Launched": 6,
          "Single Copy": false,
          "Plans": [
            {
              "Node Type": "Aggregate",
              "Strategy": "Plain",
              "Partial Mode": "Partial",
              "Parent Relationship": "Outer",
              "Parallel Aware": false,
              "Startup Cost": 303368.35,
              "Total Cost": 303368.36,
              "Plan Rows": 1,
              "Plan Width": 8,
              "Actual Startup Time": 169.85,
              "Actual Total Time": 169.854,
              "Actual Rows": 1,
              "Actual Loops": 7,
              "Plans": [
                {
                  "Node Type": "Bitmap Heap Scan",
                  "Parent Relationship": "Outer",
                  "Parallel Aware": true,
                  "Relation Name": "cast_info",
                  "Alias": "ci",
                  "Startup Cost": 45526.03,
                  "Total Cost": 302509.13,
                  "Plan Rows": 343688,
                  "Plan Width": 0,
                  "Actual Startup Time": 62.818,
                  "Actual Total Time": 154.449,
                  "Actual Rows": 283997,
                  "Actual Loops": 7,
                  "Recheck Cond": "(person_id > 3671182)",
                  "Rows Removed by Index Recheck": 0,
                  "Exact Heap Blocks": 7697,
                  "Lossy Heap Blocks": 0,
                  "Plans": [
                    {
                      "Node Type": "Bitmap Index Scan",
                      "Parent Relationship": "Outer",
                      "Parallel Aware": false,
                      "Index Name": "person_id_cast_info",
                      "Startup Cost": 0.0,
                      "Total Cost": 45010.5,
                      "Plan Rows": 2062125,
                      "Plan Width": 0,
                      "Actual Startup Time": 64.997,
                      "Actual Total Time": 64.998,
                      "Actual Rows": 1987982,
                      "Actual Loops": 1,
                      "Index Cond": "(person_id > 3671182)"
                    }
                  ]
                }
              ]
            }
          ]
        }
      ]
    },
    "Planning Time": 0.157,
    "Triggers": [],
    "Execution Time": 191.566
  }
]