[
    {
        "Bao": {
            "Bao prediction": "NaN",
            "Bao recommended hint": "(no hint)"
        }
    },
    {
        "Plan": {
            "Node Type": "Aggregate",
            "Strategy": "Plain",
            "Partial Mode": "Simple",
            "Parallel Aware": false,
            "Startup Cost": 15737.71,
            "Total Cost": 15737.72,
            "Plan Rows": 1,
            "Plan Width": 8,
            "Actual Startup Time": 18.893,
            "Actual Total Time": 18.894,
            "Actual Rows": 1,
            "Actual Loops": 1,
            "Output": [
                "count(*)"
            ],
            "Plans": [
                {
                    "Node Type": "Bitmap Heap Scan",
                    "Parent Relationship": "Outer",
                    "Parallel Aware": false,
                    "Relation Name": "movie_companies",
                    "Schema": "public",
                    "Alias": "mc",
                    "Startup Cost": 192.09,
                    "Total Cost": 15726.4,
                    "Plan Rows": 4523,
                    "Plan Width": 0,
                    "Actual Startup Time": 12.911,
                    "Actual Total Time": 18.423,
                    "Actual Rows": 4155,
                    "Actual Loops": 1,
                    "Recheck Cond": "(mc.company_id = 846)",
                    "Rows Removed by Index Recheck": 0,
                    "Filter": "(mc.company_type_id = 2)",
                    "Rows Removed by Filter": 6008,
                    "Exact Heap Blocks": 5689,
                    "Lossy Heap Blocks": 0,
                    "Plans": [
                        {
                            "Node Type": "Bitmap Index Scan",
                            "Parent Relationship": "Outer",
                            "Parallel Aware": false,
                            "Index Name": "company_id_movie_companies",
                            "Startup Cost": 0.0,
                            "Total Cost": 190.96,
                            "Plan Rows": 8871,
                            "Plan Width": 0,
                            "Actual Startup Time": 3.122,
                            "Actual Total Time": 3.122,
                            "Actual Rows": 10163,
                            "Actual Loops": 1,
                            "Index Cond": "(mc.company_id = 846)"
                        }
                    ]
                }
            ]
        },
        "Planning Time": 298.901,
        "Triggers": [],
        "Execution Time": 18.969
    }
]