{
  "Plan": {
    "Node Type": "Aggregate",
    "Strategy": "Plain",
    "Partial Mode": "Finalize",
    "Parallel Aware": false,
    "Startup Cost": 332033.92,
    "Total Cost": 332033.93,
    "Plan Rows": 1,
    "Plan Width": 8,
    "Actual Startup Time": 1484.325,
    "Actual Total Time": 1522.344,
    "Actual Rows": 1,
    "Actual Loops": 1,
    "Plans": [
      {
        "Node Type": "Gather",
        "Parent Relationship": "Outer",
        "Parallel Aware": false,
        "Startup Cost": 332033.81,
        "Total Cost": 332033.92,
        "Plan Rows": 1,
        "Plan Width": 8,
        "Actual Startup Time": 1484.12,
        "Actual Total Time": 1522.337,
        "Actual Rows": 2,
        "Actual Loops": 1,
        "Workers Planned": 1,
        "Workers Launched": 1,
        "Single Copy": false,
        "Plans": [
          {
            "Node Type": "Aggregate",
            "Strategy": "Plain",
            "Partial Mode": "Partial",
            "Parent Relationship": "Outer",
            "Parallel Aware": false,
            "Startup Cost": 331033.81,
            "Total Cost": 331033.82,
            "Plan Rows": 1,
            "Plan Width": 8,
            "Actual Startup Time": 1478.9,
            "Actual Total Time": 1478.903,
            "Actual Rows": 1,
            "Actual Loops": 2,
            "Plans": [
              {
                "Node Type": "Hash Join",
                "Parent Relationship": "Outer",
                "Parallel Aware": true,
                "Join Type": "Inner",
                "Startup Cost": 58741.53,
                "Total Cost": 330525.02,
                "Plan Rows": 203516,
                "Plan Width": 0,
                "Actual Startup Time": 135.612,
                "Actual Total Time": 1475.545,
                "Actual Rows": 72940,
                "Actual Loops": 2,
                "Inner Unique": true,
                "Hash Cond": "(mi.movie_id = t.id)",
                "Plans": [
                  {
                    "Node Type": "Seq Scan",
                    "Parent Relationship": "Outer",
                    "Parallel Aware": true,
                    "Relation Name": "movie_info",
                    "Alias": "mi",
                    "Startup Cost": 0.0,
                    "Total Cost": 248955.74,
                    "Plan Rows": 8696274,
                    "Plan Width": 4,
                    "Actual Startup Time": 0.009,
                    "Actual Total Time": 616.025,
                    "Actual Rows": 7417860,
                    "Actual Loops": 2
                  },
                  {
                    "Node Type": "Hash",
                    "Parent Relationship": "Inner",
                    "Parallel Aware": true,
                    "Startup Cost": 58306.47,
                    "Total Cost": 58306.47,
                    "Plan Rows": 34805,
                    "Plan Width": 4,
                    "Actual Startup Time": 134.106,
                    "Actual Total Time": 134.107,
                    "Actual Rows": 31376,
                    "Actual Loops": 2,
                    "Hash Buckets": 65536,
                    "Original Hash Buckets": 65536,
                    "Hash Batches": 1,
                    "Original Hash Batches": 1,
                    "Peak Memory Usage": 2976,
                    "Plans": [
                      {
                        "Node Type": "Seq Scan",
                        "Parent Relationship": "Outer",
                        "Parallel Aware": true,
                        "Relation Name": "title",
                        "Alias": "t",
                        "Startup Cost": 0.0,
                        "Total Cost": 58306.47,
                        "Plan Rows": 34805,
                        "Plan Width": 4,
                        "Actual Startup Time": 0.031,
                        "Actual Total Time": 126.051,
                        "Actual Rows": 31376,
                        "Actual Loops": 2,
                        "Filter": "((kind_id = 7) AND (production_year = 2005))",
                        "Rows Removed by Filter": 1232780
                      }
                    ]
                  }
                ]
              }
            ]
          }
        ]
      }
    ]
  },
  "Planning Time": 0.186,
  "Triggers": [],
  "Execution Time": 1522.388
}