[
  {
    "Plan": {
      "Node Type": "Aggregate",
      "Strategy": "Plain",
      "Partial Mode": "Finalize",
      "Parallel Aware": false,
      "Startup Cost": 169713.92,
      "Total Cost": 169713.93,
      "Plan Rows": 1,
      "Plan Width": 8,
      "Actual Startup Time": 141.039,
      "Actual Total Time": 164.698,
      "Actual Rows": 1,
      "Actual Loops": 1,
      "Plans": [
        {
          "Node Type": "Gather",
          "Parent Relationship": "Outer",
          "Parallel Aware": false,
          "Startup Cost": 169713.5,
          "Total Cost": 169713.91,
          "Plan Rows": 4,
          "Plan Width": 8,
          "Actual Startup Time": 140.91,
          "Actual Total Time": 164.69,
          "Actual Rows": 5,
          "Actual Loops": 1,
          "Workers Planned": 4,
          "Workers Launched": 4,
          "Single Copy": false,
          "Plans": [
            {
              "Node Type": "Aggregate",
              "Strategy": "Plain",
              "Partial Mode": "Partial",
              "Parent Relationship": "Outer",
              "Parallel Aware": false,
              "Startup Cost": 168713.5,
              "Total Cost": 168713.51,
              "Plan Rows": 1,
              "Plan Width": 8,
              "Actual Startup Time": 130.829,
              "Actual Total Time": 130.831,
              "Actual Rows": 1,
              "Actual Loops": 5,
              "Plans": [
                {
                  "Node Type": "Nested Loop",
                  "Parent Relationship": "Outer",
                  "Parallel Aware": false,
                  "Join Type": "Inner",
                  "Startup Cost": 0.56,
                  "Total Cost": 168705.83,
                  "Plan Rows": 3068,
                  "Plan Width": 0,
                  "Actual Startup Time": 0.991,
                  "Actual Total Time": 130.569,
                  "Actual Rows": 2399,
                  "Actual Loops": 5,
                  "Inner Unique": false,
                  "Plans": [
                    {
                      "Node Type": "Seq Scan",
                      "Parent Relationship": "Outer",
                      "Parallel Aware": true,
                      "Relation Name": "title",
                      "Alias": "t",
                      "Startup Cost": 0.0,
                      "Total Cost": 43898.92,
                      "Plan Rows": 1054,
                      "Plan Width": 4,
                      "Actual Startup Time": 0.457,
                      "Actual Total Time": 71.353,
                      "Actual Rows": 953,
                      "Actual Loops": 5,
                      "Filter": "(production_year = 1950)",
                      "Rows Removed by Filter": 504710
                    },
                    {
                      "Node Type": "Index Scan",
                      "Parent Relationship": "Inner",
                      "Parallel Aware": false,
                      "Scan Direction": "Forward",
                      "Index Name": "movie_id_cast_info",
                      "Relation Name": "cast_info",
                      "Alias": "ci",
                      "Startup Cost": 0.56,
                      "Total Cost": 118.34,
                      "Plan Rows": 7,
                      "Plan Width": 4,
                      "Actual Startup Time": 0.04,
                      "Actual Total Time": 0.061,
                      "Actual Rows": 3,
                      "Actual Loops": 4763,
                      "Index Cond": "(movie_id = t.id)",
                      "Rows Removed by Index Recheck": 0,
                      "Filter": "(role_id = 2)",
                      "Rows Removed by Filter": 11
                    }
                  ]
                }
              ]
            }
          ]
        }
      ]
    },
    "Planning Time": 0.656,
    "Triggers": [],
    "Execution Time": 164.78
  }
]