{
  "Plan": {
    "Node Type": "Aggregate",
    "Strategy": "Plain",
    "Partial Mode": "Finalize",
    "Parallel Aware": false,
    "Startup Cost": 98853.01,
    "Total Cost": 98853.02,
    "Plan Rows": 1,
    "Plan Width": 8,
    "Actual Startup Time": 281.134,
    "Actual Total Time": 295.821,
    "Actual Rows": 1,
    "Actual Loops": 1,
    "Plans": [
      {
        "Node Type": "Gather",
        "Parent Relationship": "Outer",
        "Parallel Aware": false,
        "Startup Cost": 98852.9,
        "Total Cost": 98853.01,
        "Plan Rows": 1,
        "Plan Width": 8,
        "Actual Startup Time": 280.963,
        "Actual Total Time": 295.812,
        "Actual Rows": 2,
        "Actual Loops": 1,
        "Workers Planned": 1,
        "Workers Launched": 1,
        "Single Copy": false,
        "Plans": [
          {
            "Node Type": "Aggregate",
            "Strategy": "Plain",
            "Partial Mode": "Partial",
            "Parent Relationship": "Outer",
            "Parallel Aware": false,
            "Startup Cost": 97852.9,
            "Total Cost": 97852.91,
            "Plan Rows": 1,
            "Plan Width": 8,
            "Actual Startup Time": 275.12,
            "Actual Total Time": 275.123,
            "Actual Rows": 1,
            "Actual Loops": 2,
            "Plans": [
              {
                "Node Type": "Hash Join",
                "Parent Relationship": "Outer",
                "Parallel Aware": true,
                "Join Type": "Inner",
                "Startup Cost": 54709.04,
                "Total Cost": 97843.29,
                "Plan Rows": 3844,
                "Plan Width": 0,
                "Actual Startup Time": 136.646,
                "Actual Total Time": 274.954,
                "Actual Rows": 2434,
                "Actual Loops": 2,
                "Inner Unique": true,
                "Hash Cond": "(mc.movie_id = t.id)",
                "Plans": [
                  {
                    "Node Type": "Index Scan",
                    "Parent Relationship": "Outer",
                    "Parallel Aware": true,
                    "Scan Direction": "Forward",
                    "Index Name": "company_type_id_movie_companies",
                    "Relation Name": "movie_companies",
                    "Alias": "mc",
                    "Startup Cost": 0.43,
                    "Total Cost": 41574.35,
                    "Plan Rows": 594408,
                    "Plan Width": 4,
                    "Actual Startup Time": 0.474,
                    "Actual Total Time": 105.061,
                    "Actual Rows": 433814,
                    "Actual Loops": 2,
                    "Index Cond": "(company_type_id < 2)",
                    "Rows Removed by Index Recheck": 0,
                    "Filter": "(company_id > 561)",
                    "Rows Removed by Filter": 203310
                  },
                  {
                    "Node Type": "Hash",
                    "Parent Relationship": "Inner",
                    "Parallel Aware": true,
                    "Startup Cost": 54588.39,
                    "Total Cost": 54588.39,
                    "Plan Rows": 9618,
                    "Plan Width": 4,
                    "Actual Startup Time": 134.366,
                    "Actual Total Time": 134.367,
                    "Actual Rows": 7118,
                    "Actual Loops": 2,
                    "Hash Buckets": 16384,
                    "Original Hash Buckets": 16384,
                    "Hash Batches": 1,
                    "Original Hash Batches": 1,
                    "Peak Memory Usage": 736,
                    "Plans": [
                      {
                        "Node Type": "Seq Scan",
                        "Parent Relationship": "Outer",
                        "Parallel Aware": true,
                        "Relation Name": "title",
                        "Alias": "t",
                        "Startup Cost": 0.0,
                        "Total Cost": 54588.39,
                        "Plan Rows": 9618,
                        "Plan Width": 4,
                        "Actual Startup Time": 0.132,
                        "Actual Total Time": 131.857,
                        "Actual Rows": 7118,
                        "Actual Loops": 2,
                        "Filter": "(production_year = 1968)",
                        "Rows Removed by Filter": 1257038
                      }
                    ]
                  }
                ]
              }
            ]
          }
        ]
      }
    ]
  },
  "Planning Time": 0.476,
  "Triggers": [],
  "Execution Time": 295.899
}