{
  "Plan": {
    "Node Type": "Aggregate",
    "Strategy": "Plain",
    "Partial Mode": "Finalize",
    "Parallel Aware": false,
    "Startup Cost": 99551.4,
    "Total Cost": 99551.41,
    "Plan Rows": 1,
    "Plan Width": 8,
    "Actual Startup Time": 173.43,
    "Actual Total Time": 187.548,
    "Actual Rows": 1,
    "Actual Loops": 1,
    "Plans": [
      {
        "Node Type": "Gather",
        "Parent Relationship": "Outer",
        "Parallel Aware": false,
        "Startup Cost": 99551.28,
        "Total Cost": 99551.39,
        "Plan Rows": 1,
        "Plan Width": 8,
        "Actual Startup Time": 173.313,
        "Actual Total Time": 187.54,
        "Actual Rows": 2,
        "Actual Loops": 1,
        "Workers Planned": 1,
        "Workers Launched": 1,
        "Single Copy": false,
        "Plans": [
          {
            "Node Type": "Aggregate",
            "Strategy": "Plain",
            "Partial Mode": "Partial",
            "Parent Relationship": "Outer",
            "Parallel Aware": false,
            "Startup Cost": 98551.28,
            "Total Cost": 98551.29,
            "Plan Rows": 1,
            "Plan Width": 8,
            "Actual Startup Time": 167.375,
            "Actual Total Time": 167.377,
            "Actual Rows": 1,
            "Actual Loops": 2,
            "Plans": [
              {
                "Node Type": "Nested Loop",
                "Parent Relationship": "Outer",
                "Parallel Aware": false,
                "Join Type": "Inner",
                "Startup Cost": 0.43,
                "Total Cost": 98548.15,
                "Plan Rows": 1253,
                "Plan Width": 0,
                "Actual Startup Time": 1.696,
                "Actual Total Time": 167.17,
                "Actual Rows": 2508,
                "Actual Loops": 2,
                "Inner Unique": false,
                "Plans": [
                  {
                    "Node Type": "Seq Scan",
                    "Parent Relationship": "Outer",
                    "Parallel Aware": true,
                    "Relation Name": "title",
                    "Alias": "t",
                    "Startup Cost": 0.0,
                    "Total Cost": 58306.47,
                    "Plan Rows": 2877,
                    "Plan Width": 4,
                    "Actual Startup Time": 1.537,
                    "Actual Total Time": 142.345,
                    "Actual Rows": 2646,
                    "Actual Loops": 2,
                    "Filter": "((kind_id < 7) AND (production_year = 1966))",
                    "Rows Removed by Filter": 1261510
                  },
                  {
                    "Node Type": "Index Scan",
                    "Parent Relationship": "Inner",
                    "Parallel Aware": false,
                    "Scan Direction": "Forward",
                    "Index Name": "movie_id_movie_companies",
                    "Relation Name": "movie_companies",
                    "Alias": "mc",
                    "Startup Cost": 0.43,
                    "Total Cost": 13.97,
                    "Plan Rows": 2,
                    "Plan Width": 4,
                    "Actual Startup Time": 0.008,
                    "Actual Total Time": 0.009,
                    "Actual Rows": 1,
                    "Actual Loops": 5291,
                    "Index Cond": "(movie_id = t.id)",
                    "Rows Removed by Index Recheck": 0,
                    "Filter": "((company_id < 84781) AND (company_type_id < 2))",
                    "Rows Removed by Filter": 1
                  }
                ]
              }
            ]
          }
        ]
      }
    ]
  },
  "Planning Time": 0.568,
  "Triggers": [],
  "Execution Time": 187.626
}