[
  {
    "Plan": {
      "Node Type": "Aggregate",
      "Strategy": "Plain",
      "Partial Mode": "Finalize",
      "Parallel Aware": false,
      "Startup Cost": 31592.83,
      "Total Cost": 31592.84,
      "Plan Rows": 1,
      "Plan Width": 8,
      "Actual Startup Time": 122.053,
      "Actual Total Time": 129.682,
      "Actual Rows": 1,
      "Actual Loops": 1,
      "Plans": [
        {
          "Node Type": "Gather",
          "Parent Relationship": "Outer",
          "Parallel Aware": false,
          "Startup Cost": 31592.51,
          "Total Cost": 31592.82,
          "Plan Rows": 3,
          "Plan Width": 8,
          "Actual Startup Time": 121.905,
          "Actual Total Time": 129.668,
          "Actual Rows": 4,
          "Actual Loops": 1,
          "Workers Planned": 3,
          "Workers Launched": 3,
          "Single Copy": false,
          "Plans": [
            {
              "Node Type": "Aggregate",
              "Strategy": "Plain",
              "Partial Mode": "Partial",
              "Parent Relationship": "Outer",
              "Parallel Aware": false,
              "Startup Cost": 30592.51,
              "Total Cost": 30592.52,
              "Plan Rows": 1,
              "Plan Width": 8,
              "Actual Startup Time": 114.805,
              "Actual Total Time": 114.806,
              "Actual Rows": 1,
              "Actual Loops": 4,
              "Plans": [
                {
                  "Node Type": "Seq Scan",
                  "Parent Relationship": "Outer",
                  "Parallel Aware": true,
                  "Relation Name": "movie_companies",
                  "Alias": "mc",
                  "Startup Cost": 0.0,
                  "Total Cost": 29310.68,
                  "Plan Rows": 512733,
                  "Plan Width": 0,
                  "Actual Startup Time": 0.033,
                  "Actual Total Time": 90.763,
                  "Actual Rows": 398434,
                  "Actual Loops": 4,
                  "Filter": "(company_id < 16191)",
                  "Rows Removed by Filter": 253848
                }
              ]
            }
          ]
        }
      ]
    },
    "Planning Time": 0.083,
    "Triggers": [],
    "Execution Time": 129.712
  }
]