[
  {
    "Plan": {
      "Node Type": "Aggregate",
      "Strategy": "Plain",
      "Partial Mode": "Finalize",
      "Parallel Aware": false,
      "Startup Cost": 297426.51,
      "Total Cost": 297426.52,
      "Plan Rows": 1,
      "Plan Width": 8,
      "Actual Startup Time": 1378.963,
      "Actual Total Time": 1428.75,
      "Actual Rows": 1,
      "Actual Loops": 1,
      "Plans": [
        {
          "Node Type": "Gather",
          "Parent Relationship": "Outer",
          "Parallel Aware": false,
          "Startup Cost": 297425.98,
          "Total Cost": 297426.49,
          "Plan Rows": 5,
          "Plan Width": 8,
          "Actual Startup Time": 1350.975,
          "Actual Total Time": 1428.74,
          "Actual Rows": 6,
          "Actual Loops": 1,
          "Workers Planned": 5,
          "Workers Launched": 5,
          "Single Copy": false,
          "Plans": [
            {
              "Node Type": "Aggregate",
              "Strategy": "Plain",
              "Partial Mode": "Partial",
              "Parent Relationship": "Outer",
              "Parallel Aware": false,
              "Startup Cost": 296425.98,
              "Total Cost": 296425.99,
              "Plan Rows": 1,
              "Plan Width": 8,
              "Actual Startup Time": 1336.52,
              "Actual Total Time": 1336.528,
              "Actual Rows": 1,
              "Actual Loops": 6,
              "Plans": [
                {
                  "Node Type": "Hash Join",
                  "Parent Relationship": "Outer",
                  "Parallel Aware": true,
                  "Join Type": "Inner",
                  "Startup Cost": 85689.95,
                  "Total Cost": 295507.84,
                  "Plan Rows": 367258,
                  "Plan Width": 0,
                  "Actual Startup Time": 413.105,
                  "Actual Total Time": 1225.628,
                  "Actual Rows": 2550669,
                  "Actual Loops": 6,
                  "Inner Unique": false,
                  "Hash Cond": "(mi.movie_id = t.id)",
                  "Plans": [
                    {
                      "Node Type": "Seq Scan",
                      "Parent Relationship": "Outer",
                      "Parallel Aware": true,
                      "Relation Name": "movie_info",
                      "Alias": "mi",
                      "Startup Cost": 0.0,
                      "Total Cost": 199108.24,
                      "Plan Rows": 2539986,
                      "Plan Width": 4,
                      "Actual Startup Time": 0.053,
                      "Actual Total Time": 357.992,
                      "Actual Rows": 2124109,
                      "Actual Loops": 6,
                      "Filter": "(info_type_id > 2)",
                      "Rows Removed by Filter": 348511
                    },
                    {
                      "Node Type": "Hash",
                      "Parent Relationship": "Inner",
                      "Parallel Aware": true,
                      "Startup Cost": 84215.81,
                      "Total Cost": 84215.81,
                      "Plan Rows": 117931,
                      "Plan Width": 8,
                      "Actual Startup Time": 410.449,
                      "Actual Total Time": 410.455,
                      "Actual Rows": 60615,
                      "Actual Loops": 6,
                      "Hash Buckets": 524288,
                      "Original Hash Buckets": 524288,
                      "Hash Batches": 1,
                      "Original Hash Batches": 1,
                      "Peak Memory Usage": 18432,
                      "Plans": [
                        {
                          "Node Type": "Hash Join",
                          "Parent Relationship": "Outer",
                          "Parallel Aware": true,
                          "Join Type": "Inner",
                          "Startup Cost": 57978.11,
                          "Total Cost": 84215.81,
                          "Plan Rows": 117931,
                          "Plan Width": 8,
                          "Actual Startup Time": 311.205,
                          "Actual Total Time": 385.802,
                          "Actual Rows": 60615,
                          "Actual Loops": 6,
                          "Inner Unique": true,
                          "Hash Cond": "(mk.movie_id = t.id)",
                          "Plans": [
                            {
                              "Node Type": "Bitmap Heap Scan",
                              "Parent Relationship": "Outer",
                              "Parallel Aware": true,
                              "Relation Name": "movie_keyword",
                              "Alias": "mk",
                              "Startup Cost": 7757.72,
                              "Total Cost": 33685.86,
                              "Plan Rows": 117931,
                              "Plan Width": 4,
                              "Actual Startup Time": 22.643,
                              "Actual Total Time": 64.872,
                              "Actual Rows": 60615,
                              "Actual Loops": 6,
                              "Recheck Cond": "(keyword_id < 335)",
                              "Rows Removed by Index Recheck": 0,
                              "Exact Heap Blocks": 5178,
                              "Lossy Heap Blocks": 0,
                              "Plans": [
                                {
                                  "Node Type": "Bitmap Index Scan",
                                  "Parent Relationship": "Outer",
                                  "Parallel Aware": false,
                                  "Index Name": "keyword_id_movie_keyword",
                                  "Startup Cost": 0.0,
                                  "Total Cost": 7666.33,
                                  "Plan Rows": 365586,
                                  "Plan Width": 0,
                                  "Actual Startup Time": 19.139,
                                  "Actual Total Time": 19.141,
                                  "Actual Rows": 363692,
                                  "Actual Loops": 1,
                                  "Index Cond": "(keyword_id < 335)"
                                }
                              ]
                            },
                            {
                              "Node Type": "Hash",
                              "Parent Relationship": "Inner",
                              "Parallel Aware": true,
                              "Startup Cost": 42319.06,
                              "Total Cost": 42319.06,
                              "Plan Rows": 632106,
                              "Plan Width": 4,
                              "Actual Startup Time": 283.462,
                              "Actual Total Time": 283.463,
                              "Actual Rows": 421385,
                              "Actual Loops": 6,
                              "Hash Buckets": 4194304,
                              "Original Hash Buckets": 4194304,
                              "Hash Batches": 1,
                              "Original Hash Batches": 1,
                              "Peak Memory Usage": 131776,
                              "Plans": [
                                {
                                  "Node Type": "Seq Scan",
                                  "Parent Relationship": "Outer",
                                  "Parallel Aware": true,
                                  "Relation Name": "title",
                                  "Alias": "t",
                                  "Startup Cost": 0.0,
                                  "Total Cost": 42319.06,
                                  "Plan Rows": 632106,
                                  "Plan Width": 4,
                                  "Actual Startup Time": 0.048,
                                  "Actual Total Time": 81.881,
                                  "Actual Rows": 421385,
                                  "Actual Loops": 6
                                }
                              ]
                            }
                          ]
                        }
                      ]
                    }
                  ]
                }
              ]
            }
          ]
        }
      ]
    },
    "Planning Time": 0.48,
    "Triggers": [],
    "Execution Time": 1428.817
  }
]