{
  "Plan": {
    "Node Type": "Aggregate",
    "Strategy": "Plain",
    "Partial Mode": "Finalize",
    "Parallel Aware": false,
    "Startup Cost": 374311.49,
    "Total Cost": 374311.5,
    "Plan Rows": 1,
    "Plan Width": 8,
    "Actual Startup Time": 927.399,
    "Actual Total Time": 944.35,
    "Actual Rows": 1,
    "Actual Loops": 1,
    "Plans": [
      {
        "Node Type": "Gather",
        "Parent Relationship": "Outer",
        "Parallel Aware": false,
        "Startup Cost": 374311.37,
        "Total Cost": 374311.48,
        "Plan Rows": 1,
        "Plan Width": 8,
        "Actual Startup Time": 922.537,
        "Actual Total Time": 944.34,
        "Actual Rows": 2,
        "Actual Loops": 1,
        "Workers Planned": 1,
        "Workers Launched": 1,
        "Single Copy": false,
        "Plans": [
          {
            "Node Type": "Aggregate",
            "Strategy": "Plain",
            "Partial Mode": "Partial",
            "Parent Relationship": "Outer",
            "Parallel Aware": false,
            "Startup Cost": 373311.37,
            "Total Cost": 373311.38,
            "Plan Rows": 1,
            "Plan Width": 8,
            "Actual Startup Time": 914.719,
            "Actual Total Time": 914.723,
            "Actual Rows": 1,
            "Actual Loops": 2,
            "Plans": [
              {
                "Node Type": "Hash Join",
                "Parent Relationship": "Outer",
                "Parallel Aware": true,
                "Join Type": "Inner",
                "Startup Cost": 104338.75,
                "Total Cost": 371541.49,
                "Plan Rows": 707952,
                "Plan Width": 0,
                "Actual Startup Time": 486.068,
                "Actual Total Time": 889.046,
                "Actual Rows": 600296,
                "Actual Loops": 2,
                "Inner Unique": true,
                "Hash Cond": "(ci.movie_id = t.id)",
                "Plans": [
                  {
                    "Node Type": "Bitmap Heap Scan",
                    "Parent Relationship": "Outer",
                    "Parallel Aware": true,
                    "Relation Name": "cast_info",
                    "Alias": "ci",
                    "Startup Cost": 36036.85,
                    "Total Cost": 300720.33,
                    "Plan Rows": 959718,
                    "Plan Width": 4,
                    "Actual Startup Time": 56.551,
                    "Actual Total Time": 148.809,
                    "Actual Rows": 792946,
                    "Actual Loops": 2,
                    "Recheck Cond": "(person_id > 3748017)",
                    "Rows Removed by Index Recheck": 0,
                    "Exact Heap Blocks": 11996,
                    "Lossy Heap Blocks": 0,
                    "Plans": [
                      {
                        "Node Type": "Bitmap Index Scan",
                        "Parent Relationship": "Outer",
                        "Parallel Aware": false,
                        "Index Name": "person_id_cast_info",
                        "Startup Cost": 0.0,
                        "Total Cost": 35628.97,
                        "Plan Rows": 1631521,
                        "Plan Width": 0,
                        "Actual Startup Time": 53.07,
                        "Actual Total Time": 53.07,
                        "Actual Rows": 1585891,
                        "Actual Loops": 1,
                        "Index Cond": "(person_id > 3748017)"
                      }
                    ]
                  },
                  {
                    "Node Type": "Hash",
                    "Parent Relationship": "Inner",
                    "Parallel Aware": true,
                    "Startup Cost": 54588.39,
                    "Total Cost": 54588.39,
                    "Plan Rows": 1097081,
                    "Plan Width": 4,
                    "Actual Startup Time": 414.725,
                    "Actual Total Time": 414.726,
                    "Actual Rows": 932744,
                    "Actual Loops": 2,
                    "Hash Buckets": 2097152,
                    "Original Hash Buckets": 2097152,
                    "Hash Batches": 1,
                    "Original Hash Batches": 1,
                    "Peak Memory Usage": 89408,
                    "Plans": [
                      {
                        "Node Type": "Seq Scan",
                        "Parent Relationship": "Outer",
                        "Parallel Aware": true,
                        "Relation Name": "title",
                        "Alias": "t",
                        "Startup Cost": 0.0,
                        "Total Cost": 54588.39,
                        "Plan Rows": 1097081,
                        "Plan Width": 4,
                        "Actual Startup Time": 0.03,
                        "Actual Total Time": 166.018,
                        "Actual Rows": 932744,
                        "Actual Loops": 2,
                        "Filter": "(kind_id > 1)",
                        "Rows Removed by Filter": 331412
                      }
                    ]
                  }
                ]
              }
            ]
          }
        ]
      }
    ]
  },
  "Planning Time": 0.683,
  "Triggers": [],
  "Execution Time": 944.445
}