[
    {
        "Bao": {
            "Bao prediction": 633.792,
            "Bao recommended hint": "(no hint)"
        }
    },
    {
        "Plan": {
            "Node Type": "Aggregate",
            "Strategy": "Plain",
            "Partial Mode": "Finalize",
            "Parallel Aware": false,
            "Startup Cost": 377391.81,
            "Total Cost": 377391.82,
            "Plan Rows": 1,
            "Plan Width": 8,
            "Actual Startup Time": 663.807,
            "Actual Total Time": 686.18,
            "Actual Rows": 1,
            "Actual Loops": 1,
            "Output": [
                "count(*)"
            ],
            "Plans": [
                {
                    "Node Type": "Gather",
                    "Parent Relationship": "Outer",
                    "Parallel Aware": false,
                    "Startup Cost": 377391.18,
                    "Total Cost": 377391.79,
                    "Plan Rows": 6,
                    "Plan Width": 8,
                    "Actual Startup Time": 657.911,
                    "Actual Total Time": 686.168,
                    "Actual Rows": 7,
                    "Actual Loops": 1,
                    "Output": [
                        "(PARTIAL count(*))"
                    ],
                    "Workers Planned": 6,
                    "Workers Launched": 6,
                    "Single Copy": false,
                    "Plans": [
                        {
                            "Node Type": "Aggregate",
                            "Strategy": "Plain",
                            "Partial Mode": "Partial",
                            "Parent Relationship": "Outer",
                            "Parallel Aware": false,
                            "Startup Cost": 376391.18,
                            "Total Cost": 376391.19,
                            "Plan Rows": 1,
                            "Plan Width": 8,
                            "Actual Startup Time": 647.053,
                            "Actual Total Time": 647.059,
                            "Actual Rows": 1,
                            "Actual Loops": 7,
                            "Output": [
                                "PARTIAL count(*)"
                            ],
                            "Workers": [
                                {
                                    "Worker Number": 0,
                                    "Actual Startup Time": 645.166,
                                    "Actual Total Time": 645.169,
                                    "Actual Rows": 1,
                                    "Actual Loops": 1
                                },
                                {
                                    "Worker Number": 1,
                                    "Actual Startup Time": 645.153,
                                    "Actual Total Time": 645.157,
                                    "Actual Rows": 1,
                                    "Actual Loops": 1
                                },
                                {
                                    "Worker Number": 2,
                                    "Actual Startup Time": 645.189,
                                    "Actual Total Time": 645.192,
                                    "Actual Rows": 1,
                                    "Actual Loops": 1
                                },
                                {
                                    "Worker Number": 3,
                                    "Actual Startup Time": 645.285,
                                    "Actual Total Time": 645.288,
                                    "Actual Rows": 1,
                                    "Actual Loops": 1
                                },
                                {
                                    "Worker Number": 4,
                                    "Actual Startup Time": 646.14,
                                    "Actual Total Time": 646.144,
                                    "Actual Rows": 1,
                                    "Actual Loops": 1
                                },
                                {
                                    "Worker Number": 5,
                                    "Actual Startup Time": 645.486,
                                    "Actual Total Time": 645.5,
                                    "Actual Rows": 1,
                                    "Actual Loops": 1
                                }
                            ],
                            "Plans": [
                                {
                                    "Node Type": "Hash Join",
                                    "Parent Relationship": "Outer",
                                    "Parallel Aware": true,
                                    "Join Type": "Inner",
                                    "Startup Cost": 115391.16,
                                    "Total Cost": 375894.59,
                                    "Plan Rows": 198638,
                                    "Plan Width": 0,
                                    "Actual Startup Time": 358.469,
                                    "Actual Total Time": 638.066,
                                    "Actual Rows": 111022,
                                    "Actual Loops": 7,
                                    "Inner Unique": true,
                                    "Hash Cond": "(ci.movie_id = t.id)",
                                    "Workers": [
                                        {
                                            "Worker Number": 0,
                                            "Actual Startup Time": 356.735,
                                            "Actual Total Time": 635.813,
                                            "Actual Rows": 111854,
                                            "Actual Loops": 1
                                        },
                                        {
                                            "Worker Number": 1,
                                            "Actual Startup Time": 356.746,
                                            "Actual Total Time": 635.776,
                                            "Actual Rows": 112157,
                                            "Actual Loops": 1
                                        },
                                        {
                                            "Worker Number": 2,
                                            "Actual Startup Time": 357.041,
                                            "Actual Total Time": 635.985,
                                            "Actual Rows": 111383,
                                            "Actual Loops": 1
                                        },
                                        {
                                            "Worker Number": 3,
                                            "Actual Startup Time": 356.532,
                                            "Actual Total Time": 637.537,
                                            "Actual Rows": 91276,
                                            "Actual Loops": 1
                                        },
                                        {
                                            "Worker Number": 4,
                                            "Actual Startup Time": 356.552,
                                            "Actual Total Time": 637.017,
                                            "Actual Rows": 115379,
                                            "Actual Loops": 1
                                        },
                                        {
                                            "Worker Number": 5,
                                            "Actual Startup Time": 356.987,
                                            "Actual Total Time": 636.329,
                                            "Actual Rows": 109562,
                                            "Actual Loops": 1
                                        }
                                    ],
                                    "Plans": [
                                        {
                                            "Node Type": "Bitmap Heap Scan",
                                            "Parent Relationship": "Outer",
                                            "Parallel Aware": true,
                                            "Relation Name": "cast_info",
                                            "Schema": "public",
                                            "Alias": "ci",
                                            "Startup Cost": 68455.24,
                                            "Total Cost": 327602.1,
                                            "Plan Rows": 516789,
                                            "Plan Width": 4,
                                            "Actual Startup Time": 194.393,
                                            "Actual Total Time": 310.64,
                                            "Actual Rows": 452641,
                                            "Actual Loops": 7,
                                            "Output": [
                                                "ci.id",
                                                "ci.person_id",
                                                "ci.movie_id",
                                                "ci.person_role_id",
                                                "ci.note",
                                                "ci.nr_order",
                                                "ci.role_id"
                                            ],
                                            "Recheck Cond": "(ci.person_id > 3478320)",
                                            "Rows Removed by Index Recheck": 0,
                                            "Exact Heap Blocks": 7288,
                                            "Lossy Heap Blocks": 0,
                                            "Workers": [
                                                {
                                                    "Worker Number": 0,
                                                    "Actual Startup Time": 194.612,
                                                    "Actual Total Time": 312.341,
                                                    "Actual Rows": 450710,
                                                    "Actual Loops": 1
                                                },
                                                {
                                                    "Worker Number": 1,
                                                    "Actual Startup Time": 194.309,
                                                    "Actual Total Time": 312.198,
                                                    "Actual Rows": 452217,
                                                    "Actual Loops": 1
                                                },
                                                {
                                                    "Worker Number": 2,
                                                    "Actual Startup Time": 194.403,
                                                    "Actual Total Time": 312.649,
                                                    "Actual Rows": 454231,
                                                    "Actual Loops": 1
                                                },
                                                {
                                                    "Worker Number": 3,
                                                    "Actual Startup Time": 194.324,
                                                    "Actual Total Time": 316.484,
                                                    "Actual Rows": 380496,
                                                    "Actual Loops": 1
                                                },
                                                {
                                                    "Worker Number": 4,
                                                    "Actual Startup Time": 194.147,
                                                    "Actual Total Time": 312.172,
                                                    "Actual Rows": 467441,
                                                    "Actual Loops": 1
                                                },
                                                {
                                                    "Worker Number": 5,
                                                    "Actual Startup Time": 194.369,
                                                    "Actual Total Time": 312.192,
                                                    "Actual Rows": 454548,
                                                    "Actual Loops": 1
                                                }
                                            ],
                                            "Plans": [
                                                {
                                                    "Node Type": "Bitmap Index Scan",
                                                    "Parent Relationship": "Outer",
                                                    "Parallel Aware": false,
                                                    "Index Name": "person_id_cast_info",
                                                    "Startup Cost": 0.0,
                                                    "Total Cost": 67680.05,
                                                    "Plan Rows": 3100732,
                                                    "Plan Width": 0,
                                                    "Actual Startup Time": 182.663,
                                                    "Actual Total Time": 182.663,
                                                    "Actual Rows": 3168487,
                                                    "Actual Loops": 1,
                                                    "Index Cond": "(ci.person_id > 3478320)",
                                                    "Workers": [
                                                        {
                                                            "Worker Number": 4,
                                                            "Actual Startup Time": 182.663,
                                                            "Actual Total Time": 182.663,
                                                            "Actual Rows": 3168487,
                                                            "Actual Loops": 1
                                                        }
                                                    ]
                                                }
                                            ]
                                        },
                                        {
                                            "Node Type": "Hash",
                                            "Parent Relationship": "Inner",
                                            "Parallel Aware": true,
                                            "Startup Cost": 43899.01,
                                            "Total Cost": 43899.01,
                                            "Plan Rows": 242953,
                                            "Plan Width": 4,
                                            "Actual Startup Time": 160.58,
                                            "Actual Total Time": 160.582,
                                            "Actual Rows": 138741,
                                            "Actual Loops": 7,
                                            "Output": [
                                                "t.id"
                                            ],
                                            "Hash Buckets": 1048576,
                                            "Original Hash Buckets": 1048576,
                                            "Hash Batches": 1,
                                            "Original Hash Batches": 1,
                                            "Peak Memory Usage": 46304,
                                            "Workers": [
                                                {
                                                    "Worker Number": 0,
                                                    "Actual Startup Time": 161.583,
                                                    "Actual Total Time": 161.584,
                                                    "Actual Rows": 132228,
                                                    "Actual Loops": 1
                                                },
                                                {
                                                    "Worker Number": 1,
                                                    "Actual Startup Time": 161.586,
                                                    "Actual Total Time": 161.587,
                                                    "Actual Rows": 132100,
                                                    "Actual Loops": 1
                                                },
                                                {
                                                    "Worker Number": 2,
                                                    "Actual Startup Time": 161.579,
                                                    "Actual Total Time": 161.581,
                                                    "Actual Rows": 132534,
                                                    "Actual Loops": 1
                                                },
                                                {
                                                    "Worker Number": 3,
                                                    "Actual Startup Time": 161.754,
                                                    "Actual Total Time": 161.755,
                                                    "Actual Rows": 121373,
                                                    "Actual Loops": 1
                                                },
                                                {
                                                    "Worker Number": 4,
                                                    "Actual Startup Time": 161.983,
                                                    "Actual Total Time": 161.984,
                                                    "Actual Rows": 129347,
                                                    "Actual Loops": 1
                                                },
                                                {
                                                    "Worker Number": 5,
                                                    "Actual Startup Time": 161.998,
                                                    "Actual Total Time": 162.009,
                                                    "Actual Rows": 130799,
                                                    "Actual Loops": 1
                                                }
                                            ],
                                            "Plans": [
                                                {
                                                    "Node Type": "Seq Scan",
                                                    "Parent Relationship": "Outer",
                                                    "Parallel Aware": true,
                                                    "Relation Name": "title",
                                                    "Schema": "public",
                                                    "Alias": "t",
                                                    "Startup Cost": 0.0,
                                                    "Total Cost": 43899.01,
                                                    "Plan Rows": 242953,
                                                    "Plan Width": 4,
                                                    "Actual Startup Time": 0.037,
                                                    "Actual Total Time": 89.837,
                                                    "Actual Rows": 138741,
                                                    "Actual Loops": 7,
                                                    "Output": [
                                                        "t.id"
                                                    ],
                                                    "Filter": "(t.production_year < 1999)",
                                                    "Rows Removed by Filter": 222446,
                                                    "Workers": [
                                                        {
                                                            "Worker Number": 0,
                                                            "Actual Startup Time": 0.027,
                                                            "Actual Total Time": 91.404,
                                                            "Actual Rows": 132228,
                                                            "Actual Loops": 1
                                                        },
                                                        {
                                                            "Worker Number": 1,
                                                            "Actual Startup Time": 0.039,
                                                            "Actual Total Time": 91.946,
                                                            "Actual Rows": 132100,
                                                            "Actual Loops": 1
                                                        },
                                                        {
                                                            "Worker Number": 2,
                                                            "Actual Startup Time": 0.052,
                                                            "Actual Total Time": 92.536,
                                                            "Actual Rows": 132534,
                                                            "Actual Loops": 1
                                                        },
                                                        {
                                                            "Worker Number": 3,
                                                            "Actual Startup Time": 0.031,
                                                            "Actual Total Time": 89.437,
                                                            "Actual Rows": 121373,
                                                            "Actual Loops": 1
                                                        },
                                                        {
                                                            "Worker Number": 4,
                                                            "Actual Startup Time": 0.046,
                                                            "Actual Total Time": 92.272,
                                                            "Actual Rows": 129347,
                                                            "Actual Loops": 1
                                                        },
                                                        {
                                                            "Worker Number": 5,
                                                            "Actual Startup Time": 0.047,
                                                            "Actual Total Time": 90.957,
                                                            "Actual Rows": 130799,
                                                            "Actual Loops": 1
                                                        }
                                                    ]
                                                }
                                            ]
                                        }
                                    ]
                                }
                            ]
                        }
                    ]
                }
            ]
        },
        "Planning Time": 1185.256,
        "Triggers": [],
        "Execution Time": 686.323
    }
]