{
    "Plan": {
        "Node Type": "Aggregate",
        "Strategy": "Plain",
        "Partial Mode": "Simple",
        "Parallel Aware": false,
        "Startup Cost": 10001061254.51,
        "Total Cost": 10001061254.52,
        "Plan Rows": 1,
        "Plan Width": 8,
        "Actual Startup Time": 12049.21,
        "Actual Total Time": 12049.213,
        "Actual Rows": 1,
        "Actual Loops": 1,
        "Output": [
            "count(*)"
        ],
        "Plans": [
            {
                "Node Type": "Hash Join",
                "Parent Relationship": "Outer",
                "Parallel Aware": false,
                "Join Type": "Inner",
                "Startup Cost": 10000512630.84,
                "Total Cost": 10001019277.69,
                "Plan Rows": 16790729,
                "Plan Width": 0,
                "Actual Startup Time": 2960.612,
                "Actual Total Time": 11394.722,
                "Actual Rows": 16737604,
                "Actual Loops": 1,
                "Inner Unique": true,
                "Hash Cond": "(ci.movie_id = t.id)",
                "Plans": [
                    {
                        "Node Type": "Bitmap Heap Scan",
                        "Parent Relationship": "Outer",
                        "Parallel Aware": false,
                        "Relation Name": "cast_info",
                        "Schema": "public",
                        "Alias": "ci",
                        "Startup Cost": 370684.71,
                        "Total Cost": 833255.83,
                        "Plan Rows": 16790729,
                        "Plan Width": 4,
                        "Actual Startup Time": 652.608,
                        "Actual Total Time": 2517.465,
                        "Actual Rows": 16737604,
                        "Actual Loops": 1,
                        "Output": [
                            "ci.id",
                            "ci.person_id",
                            "ci.movie_id",
                            "ci.person_role_id",
                            "ci.note",
                            "ci.nr_order",
                            "ci.role_id"
                        ],
                        "Recheck Cond": "(ci.person_id < 1656401)",
                        "Rows Removed by Index Recheck": 0,
                        "Exact Heap Blocks": 177031,
                        "Lossy Heap Blocks": 0,
                        "Plans": [
                            {
                                "Node Type": "Bitmap Index Scan",
                                "Parent Relationship": "Outer",
                                "Parallel Aware": false,
                                "Index Name": "person_id_cast_info",
                                "Startup Cost": 0.0,
                                "Total Cost": 366487.03,
                                "Plan Rows": 16790729,
                                "Plan Width": 0,
                                "Actual Startup Time": 621.238,
                                "Actual Total Time": 621.239,
                                "Actual Rows": 16737604,
                                "Actual Loops": 1,
                                "Index Cond": "(ci.person_id < 1656401)"
                            }
                        ]
                    },
                    {
                        "Node Type": "Hash",
                        "Parent Relationship": "Inner",
                        "Parallel Aware": false,
                        "Startup Cost": 10000110342.1,
                        "Total Cost": 10000110342.1,
                        "Plan Rows": 2528322,
                        "Plan Width": 4,
                        "Actual Startup Time": 2292.847,
                        "Actual Total Time": 2292.848,
                        "Actual Rows": 2528312,
                        "Actual Loops": 1,
                        "Output": [
                            "t.id"
                        ],
                        "Hash Buckets": 4194304,
                        "Original Hash Buckets": 4194304,
                        "Hash Batches": 1,
                        "Original Hash Batches": 1,
                        "Peak Memory Usage": 121654,
                        "Plans": [
                            {
                                "Node Type": "Index Scan",
                                "Parent Relationship": "Outer",
                                "Parallel Aware": false,
                                "Scan Direction": "Forward",
                                "Index Name": "title_pkey",
                                "Relation Name": "title",
                                "Schema": "public",
                                "Alias": "t",
                                "Startup Cost": 10000000000.43,
                                "Total Cost": 10000110342.1,
                                "Plan Rows": 2528322,
                                "Plan Width": 4,
                                "Actual Startup Time": 0.036,
                                "Actual Total Time": 1586.724,
                                "Actual Rows": 2528312,
                                "Actual Loops": 1,
                                "Output": [
                                    "t.id"
                                ]
                            }
                        ]
                    }
                ]
            }
        ]
    },
    "Planning Time": 2.951,
    "Triggers": [],
    "Execution Time": 12053.035
}