[
  {
    "Plan": {
      "Node Type": "Aggregate",
      "Strategy": "Plain",
      "Partial Mode": "Finalize",
      "Parallel Aware": false,
      "Startup Cost": 44285.31,
      "Total Cost": 44285.32,
      "Plan Rows": 1,
      "Plan Width": 8,
      "Actual Startup Time": 114.652,
      "Actual Total Time": 122.337,
      "Actual Rows": 1,
      "Actual Loops": 1,
      "Plans": [
        {
          "Node Type": "Gather",
          "Parent Relationship": "Outer",
          "Parallel Aware": false,
          "Startup Cost": 44284.99,
          "Total Cost": 44285.3,
          "Plan Rows": 3,
          "Plan Width": 8,
          "Actual Startup Time": 114.545,
          "Actual Total Time": 122.33,
          "Actual Rows": 4,
          "Actual Loops": 1,
          "Workers Planned": 3,
          "Workers Launched": 3,
          "Single Copy": false,
          "Plans": [
            {
              "Node Type": "Aggregate",
              "Strategy": "Plain",
              "Partial Mode": "Partial",
              "Parent Relationship": "Outer",
              "Parallel Aware": false,
              "Startup Cost": 43284.99,
              "Total Cost": 43285.0,
              "Plan Rows": 1,
              "Plan Width": 8,
              "Actual Startup Time": 108.48,
              "Actual Total Time": 108.481,
              "Actual Rows": 1,
              "Actual Loops": 4,
              "Plans": [
                {
                  "Node Type": "Seq Scan",
                  "Parent Relationship": "Outer",
                  "Parallel Aware": true,
                  "Relation Name": "movie_keyword",
                  "Alias": "mk",
                  "Startup Cost": 0.0,
                  "Total Cost": 42695.65,
                  "Plan Rows": 235736,
                  "Plan Width": 0,
                  "Actual Startup Time": 0.052,
                  "Actual Total Time": 98.812,
                  "Actual Rows": 184874,
                  "Actual Loops": 4,
                  "Filter": "(keyword_id < 667)",
                  "Rows Removed by Filter": 946108
                }
              ]
            }
          ]
        }
      ]
    },
    "Planning Time": 0.191,
    "Triggers": [],
    "Execution Time": 122.441
  }
]