[
  {
    "Plan": {
      "Node Type": "Aggregate",
      "Strategy": "Plain",
      "Partial Mode": "Finalize",
      "Parallel Aware": false,
      "Startup Cost": 80438.51,
      "Total Cost": 80438.52,
      "Plan Rows": 1,
      "Plan Width": 8,
      "Actual Startup Time": 278.894,
      "Actual Total Time": 295.355,
      "Actual Rows": 1,
      "Actual Loops": 1,
      "Plans": [
        {
          "Node Type": "Gather",
          "Parent Relationship": "Outer",
          "Parallel Aware": false,
          "Startup Cost": 80438.19,
          "Total Cost": 80438.5,
          "Plan Rows": 3,
          "Plan Width": 8,
          "Actual Startup Time": 276.994,
          "Actual Total Time": 295.343,
          "Actual Rows": 4,
          "Actual Loops": 1,
          "Workers Planned": 3,
          "Workers Launched": 3,
          "Single Copy": false,
          "Plans": [
            {
              "Node Type": "Aggregate",
              "Strategy": "Plain",
              "Partial Mode": "Partial",
              "Parent Relationship": "Outer",
              "Parallel Aware": false,
              "Startup Cost": 79438.19,
              "Total Cost": 79438.2,
              "Plan Rows": 1,
              "Plan Width": 8,
              "Actual Startup Time": 273.493,
              "Actual Total Time": 273.497,
              "Actual Rows": 1,
              "Actual Loops": 4,
              "Plans": [
                {
                  "Node Type": "Hash Join",
                  "Parent Relationship": "Outer",
                  "Parallel Aware": true,
                  "Join Type": "Inner",
                  "Startup Cost": 47048.84,
                  "Total Cost": 79283.18,
                  "Plan Rows": 62005,
                  "Plan Width": 0,
                  "Actual Startup Time": 170.481,
                  "Actual Total Time": 267.557,
                  "Actual Rows": 147149,
                  "Actual Loops": 4,
                  "Inner Unique": true,
                  "Hash Cond": "(mc.movie_id = t.id)",
                  "Plans": [
                    {
                      "Node Type": "Seq Scan",
                      "Parent Relationship": "Outer",
                      "Parallel Aware": true,
                      "Relation Name": "movie_companies",
                      "Alias": "mc",
                      "Startup Cost": 0.0,
                      "Total Cost": 31414.82,
                      "Plan Rows": 312199,
                      "Plan Width": 4,
                      "Actual Startup Time": 0.01,
                      "Actual Total Time": 69.758,
                      "Actual Rows": 315756,
                      "Actual Loops": 4,
                      "Filter": "((company_id < 61069) AND (company_type_id < 2))",
                      "Rows Removed by Filter": 336526
                    },
                    {
                      "Node Type": "Hash",
                      "Parent Relationship": "Inner",
                      "Parallel Aware": true,
                      "Startup Cost": 45479.59,
                      "Total Cost": 45479.59,
                      "Plan Rows": 125540,
                      "Plan Width": 4,
                      "Actual Startup Time": 135.754,
                      "Actual Total Time": 135.755,
                      "Actual Rows": 131032,
                      "Actual Loops": 4,
                      "Hash Buckets": 524288,
                      "Original Hash Buckets": 524288,
                      "Hash Batches": 1,
                      "Original Hash Batches": 1,
                      "Peak Memory Usage": 24672,
                      "Plans": [
                        {
                          "Node Type": "Seq Scan",
                          "Parent Relationship": "Outer",
                          "Parallel Aware": true,
                          "Relation Name": "title",
                          "Alias": "t",
                          "Startup Cost": 0.0,
                          "Total Cost": 45479.59,
                          "Plan Rows": 125540,
                          "Plan Width": 4,
                          "Actual Startup Time": 51.108,
                          "Actual Total Time": 96.599,
                          "Actual Rows": 131032,
                          "Actual Loops": 4,
                          "Filter": "((production_year < 2010) AND (kind_id = 1))",
                          "Rows Removed by Filter": 501046
                        }
                      ]
                    }
                  ]
                }
              ]
            }
          ]
        }
      ]
    },
    "Planning Time": 0.305,
    "Triggers": [],
    "Execution Time": 295.392
  }
]