[
  {
    "Plan": {
      "Node Type": "Aggregate",
      "Strategy": "Plain",
      "Partial Mode": "Finalize",
      "Parallel Aware": false,
      "Startup Cost": 80459.57,
      "Total Cost": 80459.58,
      "Plan Rows": 1,
      "Plan Width": 8,
      "Actual Startup Time": 325.168,
      "Actual Total Time": 341.102,
      "Actual Rows": 1,
      "Actual Loops": 1,
      "Plans": [
        {
          "Node Type": "Gather",
          "Parent Relationship": "Outer",
          "Parallel Aware": false,
          "Startup Cost": 80459.25,
          "Total Cost": 80459.56,
          "Plan Rows": 3,
          "Plan Width": 8,
          "Actual Startup Time": 322.682,
          "Actual Total Time": 341.093,
          "Actual Rows": 4,
          "Actual Loops": 1,
          "Workers Planned": 3,
          "Workers Launched": 3,
          "Single Copy": false,
          "Plans": [
            {
              "Node Type": "Aggregate",
              "Strategy": "Plain",
              "Partial Mode": "Partial",
              "Parent Relationship": "Outer",
              "Parallel Aware": false,
              "Startup Cost": 79459.25,
              "Total Cost": 79459.26,
              "Plan Rows": 1,
              "Plan Width": 8,
              "Actual Startup Time": 313.317,
              "Actual Total Time": 313.321,
              "Actual Rows": 1,
              "Actual Loops": 4,
              "Plans": [
                {
                  "Node Type": "Hash Join",
                  "Parent Relationship": "Outer",
                  "Parallel Aware": true,
                  "Join Type": "Inner",
                  "Startup Cost": 47053.77,
                  "Total Cost": 79301.21,
                  "Plan Rows": 63216,
                  "Plan Width": 0,
                  "Actual Startup Time": 194.254,
                  "Actual Total Time": 306.172,
                  "Actual Rows": 147149,
                  "Actual Loops": 4,
                  "Inner Unique": true,
                  "Hash Cond": "(mc.movie_id = t.id)",
                  "Plans": [
                    {
                      "Node Type": "Seq Scan",
                      "Parent Relationship": "Outer",
                      "Parallel Aware": true,
                      "Relation Name": "movie_companies",
                      "Alias": "mc",
                      "Startup Cost": 0.0,
                      "Total Cost": 31414.82,
                      "Plan Rows": 317189,
                      "Plan Width": 4,
                      "Actual Startup Time": 0.02,
                      "Actual Total Time": 76.903,
                      "Actual Rows": 315756,
                      "Actual Loops": 4,
                      "Filter": "((company_id < 61069) AND (company_type_id < 2))",
                      "Rows Removed by Filter": 336526
                    },
                    {
                      "Node Type": "Hash",
                      "Parent Relationship": "Inner",
                      "Parallel Aware": true,
                      "Startup Cost": 45479.1,
                      "Total Cost": 45479.1,
                      "Plan Rows": 125974,
                      "Plan Width": 4,
                      "Actual Startup Time": 152.77,
                      "Actual Total Time": 152.771,
                      "Actual Rows": 131032,
                      "Actual Loops": 4,
                      "Hash Buckets": 524288,
                      "Original Hash Buckets": 524288,
                      "Hash Batches": 1,
                      "Original Hash Batches": 1,
                      "Peak Memory Usage": 24640,
                      "Plans": [
                        {
                          "Node Type": "Seq Scan",
                          "Parent Relationship": "Outer",
                          "Parallel Aware": true,
                          "Relation Name": "title",
                          "Alias": "t",
                          "Startup Cost": 0.0,
                          "Total Cost": 45479.1,
                          "Plan Rows": 125974,
                          "Plan Width": 4,
                          "Actual Startup Time": 65.212,
                          "Actual Total Time": 111.665,
                          "Actual Rows": 131032,
                          "Actual Loops": 4,
                          "Filter": "((production_year < 2010) AND (kind_id = 1))",
                          "Rows Removed by Filter": 501046
                        }
                      ]
                    }
                  ]
                }
              ]
            }
          ]
        }
      ]
    },
    "Planning Time": 0.716,
    "Triggers": [],
    "Execution Time": 341.177
  }
]