[
  {
    "Plan": {
      "Node Type": "Aggregate",
      "Strategy": "Plain",
      "Partial Mode": "Finalize",
      "Parallel Aware": false,
      "Startup Cost": 117340.55,
      "Total Cost": 117340.56,
      "Plan Rows": 1,
      "Plan Width": 8,
      "Actual Startup Time": 708.989,
      "Actual Total Time": 734.633,
      "Actual Rows": 1,
      "Actual Loops": 1,
      "Plans": [
        {
          "Node Type": "Gather",
          "Parent Relationship": "Outer",
          "Parallel Aware": false,
          "Startup Cost": 117340.23,
          "Total Cost": 117340.54,
          "Plan Rows": 3,
          "Plan Width": 8,
          "Actual Startup Time": 681.732,
          "Actual Total Time": 734.622,
          "Actual Rows": 4,
          "Actual Loops": 1,
          "Workers Planned": 3,
          "Workers Launched": 3,
          "Single Copy": false,
          "Plans": [
            {
              "Node Type": "Aggregate",
              "Strategy": "Plain",
              "Partial Mode": "Partial",
              "Parent Relationship": "Outer",
              "Parallel Aware": false,
              "Startup Cost": 116340.23,
              "Total Cost": 116340.24,
              "Plan Rows": 1,
              "Plan Width": 8,
              "Actual Startup Time": 668.42,
              "Actual Total Time": 668.429,
              "Actual Rows": 1,
              "Actual Loops": 4,
              "Plans": [
                {
                  "Node Type": "Hash Join",
                  "Parent Relationship": "Outer",
                  "Parallel Aware": true,
                  "Join Type": "Inner",
                  "Startup Cost": 71546.71,
                  "Total Cost": 116220.73,
                  "Plan Rows": 47802,
                  "Plan Width": 0,
                  "Actual Startup Time": 453.566,
                  "Actual Total Time": 664.549,
                  "Actual Rows": 71798,
                  "Actual Loops": 4,
                  "Inner Unique": false,
                  "Hash Cond": "(mk.movie_id = t.id)",
                  "Plans": [
                    {
                      "Node Type": "Seq Scan",
                      "Parent Relationship": "Outer",
                      "Parallel Aware": true,
                      "Relation Name": "movie_keyword",
                      "Alias": "mk",
                      "Startup Cost": 0.0,
                      "Total Cost": 39047.32,
                      "Plan Rows": 1459332,
                      "Plan Width": 4,
                      "Actual Startup Time": 0.036,
                      "Actual Total Time": 103.761,
                      "Actual Rows": 1130982,
                      "Actual Loops": 4
                    },
                    {
                      "Node Type": "Hash",
                      "Parent Relationship": "Inner",
                      "Parallel Aware": true,
                      "Startup Cost": 71212.76,
                      "Total Cost": 71212.76,
                      "Plan Rows": 26716,
                      "Plan Width": 8,
                      "Actual Startup Time": 452.681,
                      "Actual Total Time": 452.687,
                      "Actual Rows": 21018,
                      "Actual Loops": 4,
                      "Hash Buckets": 131072,
                      "Original Hash Buckets": 131072,
                      "Hash Batches": 1,
                      "Original Hash Batches": 1,
                      "Peak Memory Usage": 4384,
                      "Plans": [
                        {
                          "Node Type": "Hash Join",
                          "Parent Relationship": "Outer",
                          "Parallel Aware": true,
                          "Join Type": "Inner",
                          "Startup Cost": 52018.68,
                          "Total Cost": 71212.76,
                          "Plan Rows": 26716,
                          "Plan Width": 8,
                          "Actual Startup Time": 410.499,
                          "Actual Total Time": 445.029,
                          "Actual Rows": 21018,
                          "Actual Loops": 4,
                          "Inner Unique": true,
                          "Hash Cond": "(mc.movie_id = t.id)",
                          "Plans": [
                            {
                              "Node Type": "Bitmap Heap Scan",
                              "Parent Relationship": "Outer",
                              "Parallel Aware": true,
                              "Relation Name": "movie_companies",
                              "Alias": "mc",
                              "Startup Cost": 1798.29,
                              "Total Cost": 20922.25,
                              "Plan Rows": 26716,
                              "Plan Width": 4,
                              "Actual Startup Time": 5.562,
                              "Actual Total Time": 20.259,
                              "Actual Rows": 21018,
                              "Actual Loops": 4,
                              "Recheck Cond": "(company_id < 19)",
                              "Rows Removed by Index Recheck": 0,
                              "Exact Heap Blocks": 3647,
                              "Lossy Heap Blocks": 0,
                              "Plans": [
                                {
                                  "Node Type": "Bitmap Index Scan",
                                  "Parent Relationship": "Outer",
                                  "Parallel Aware": false,
                                  "Index Name": "company_id_movie_companies",
                                  "Startup Cost": 0.0,
                                  "Total Cost": 1777.59,
                                  "Plan Rows": 82821,
                                  "Plan Width": 0,
                                  "Actual Startup Time": 4.362,
                                  "Actual Total Time": 4.363,
                                  "Actual Rows": 84071,
                                  "Actual Loops": 1,
                                  "Index Cond": "(company_id < 19)"
                                }
                              ]
                            },
                            {
                              "Node Type": "Hash",
                              "Parent Relationship": "Inner",
                              "Parallel Aware": true,
                              "Startup Cost": 42319.06,
                              "Total Cost": 42319.06,
                              "Plan Rows": 632106,
                              "Plan Width": 4,
                              "Actual Startup Time": 396.732,
                              "Actual Total Time": 396.734,
                              "Actual Rows": 632078,
                              "Actual Loops": 4,
                              "Hash Buckets": 4194304,
                              "Original Hash Buckets": 4194304,
                              "Hash Batches": 1,
                              "Original Hash Batches": 1,
                              "Peak Memory Usage": 131776,
                              "Plans": [
                                {
                                  "Node Type": "Seq Scan",
                                  "Parent Relationship": "Outer",
                                  "Parallel Aware": true,
                                  "Relation Name": "title",
                                  "Alias": "t",
                                  "Startup Cost": 0.0,
                                  "Total Cost": 42319.06,
                                  "Plan Rows": 632106,
                                  "Plan Width": 4,
                                  "Actual Startup Time": 0.055,
                                  "Actual Total Time": 118.449,
                                  "Actual Rows": 632078,
                                  "Actual Loops": 4
                                }
                              ]
                            }
                          ]
                        }
                      ]
                    }
                  ]
                }
              ]
            }
          ]
        }
      ]
    },
    "Planning Time": 0.546,
    "Triggers": [],
    "Execution Time": 734.693
  }
]