{
  "Plan": {
    "Node Type": "Aggregate",
    "Strategy": "Plain",
    "Partial Mode": "Finalize",
    "Parallel Aware": false,
    "Startup Cost": 981058.54,
    "Total Cost": 981058.55,
    "Plan Rows": 1,
    "Plan Width": 64,
    "Actual Startup Time": 4176.072,
    "Actual Total Time": 4250.073,
    "Actual Rows": 1,
    "Actual Loops": 1,
    "Plans": [
      {
        "Node Type": "Gather",
        "Parent Relationship": "Outer",
        "Parallel Aware": false,
        "Startup Cost": 981058.42,
        "Total Cost": 981058.53,
        "Plan Rows": 1,
        "Plan Width": 64,
        "Actual Startup Time": 4169.792,
        "Actual Total Time": 4250.059,
        "Actual Rows": 2,
        "Actual Loops": 1,
        "Workers Planned": 1,
        "Workers Launched": 1,
        "Single Copy": false,
        "Plans": [
          {
            "Node Type": "Aggregate",
            "Strategy": "Plain",
            "Partial Mode": "Partial",
            "Parent Relationship": "Outer",
            "Parallel Aware": false,
            "Startup Cost": 980058.42,
            "Total Cost": 980058.43,
            "Plan Rows": 1,
            "Plan Width": 64,
            "Actual Startup Time": 4161.781,
            "Actual Total Time": 4161.797,
            "Actual Rows": 1,
            "Actual Loops": 2,
            "Plans": [
              {
                "Node Type": "Hash Join",
                "Parent Relationship": "Outer",
                "Parallel Aware": false,
                "Join Type": "Inner",
                "Startup Cost": 918310.26,
                "Total Cost": 980057.86,
                "Plan Rows": 112,
                "Plan Width": 112,
                "Actual Startup Time": 3798.608,
                "Actual Total Time": 4060.7,
                "Actual Rows": 34092,
                "Actual Loops": 2,
                "Inner Unique": true,
                "Hash Cond": "(ml.link_type_id = lt.id)",
                "Plans": [
                  {
                    "Node Type": "Hash Join",
                    "Parent Relationship": "Outer",
                    "Parallel Aware": true,
                    "Join Type": "Inner",
                    "Startup Cost": 918308.94,
                    "Total Cost": 980054.91,
                    "Plan Rows": 502,
                    "Plan Width": 116,
                    "Actual Startup Time": 3798.155,
                    "Actual Total Time": 4055.238,
                    "Actual Rows": 38826,
                    "Actual Loops": 2,
                    "Inner Unique": false,
                    "Hash Cond": "(t.id = ci.movie_id)",
                    "Plans": [
                      {
                        "Node Type": "Seq Scan",
                        "Parent Relationship": "Outer",
                        "Parallel Aware": true,
                        "Relation Name": "title",
                        "Alias": "t",
                        "Startup Cost": 0.0,
                        "Total Cost": 58308.37,
                        "Plan Rows": 915907,
                        "Plan Width": 4,
                        "Actual Startup Time": 0.012,
                        "Actual Total Time": 147.143,
                        "Actual Rows": 777798,
                        "Actual Loops": 2,
                        "Filter": "((production_year >= 1980) AND (production_year <= 2010))",
                        "Rows Removed by Filter": 486358
                      },
                      {
                        "Node Type": "Hash",
                        "Parent Relationship": "Inner",
                        "Parallel Aware": true,
                        "Startup Cost": 918298.75,
                        "Total Cost": 918298.75,
                        "Plan Rows": 815,
                        "Plan Width": 124,
                        "Actual Startup Time": 3796.72,
                        "Actual Total Time": 3796.734,
                        "Actual Rows": 63514,
                        "Actual Loops": 2,
                        "Hash Buckets": 131072,
                        "Original Hash Buckets": 2048,
                        "Hash Batches": 1,
                        "Original Hash Batches": 1,
                        "Peak Memory Usage": 92720,
                        "Plans": [
                          {
                            "Node Type": "Hash Join",
                            "Parent Relationship": "Outer",
                            "Parallel Aware": false,
                            "Join Type": "Inner",
                            "Startup Cost": 207842.45,
                            "Total Cost": 918298.75,
                            "Plan Rows": 815,
                            "Plan Width": 124,
                            "Actual Startup Time": 896.336,
                            "Actual Total Time": 3701.232,
                            "Actual Rows": 63514,
                            "Actual Loops": 2,
                            "Inner Unique": false,
                            "Hash Cond": "(ci.movie_id = ml.linked_movie_id)",
                            "Plans": [
                              {
                                "Node Type": "Hash Join",
                                "Parent Relationship": "Outer",
                                "Parallel Aware": true,
                                "Join Type": "Inner",
                                "Startup Cost": 207004.52,
                                "Total Cost": 913069.31,
                                "Plan Rows": 26366,
                                "Plan Width": 116,
                                "Actual Startup Time": 876.994,
                                "Actual Total Time": 3589.222,
                                "Actual Rows": 809152,
                                "Actual Loops": 2,
                                "Inner Unique": false,
                                "Hash Cond": "(ci.person_id = pi.person_id)",
                                "Plans": [
                                  {
                                    "Node Type": "Seq Scan",
                                    "Parent Relationship": "Outer",
                                    "Parallel Aware": true,
                                    "Relation Name": "cast_info",
                                    "Alias": "ci",
                                    "Startup Cost": 0.0,
                                    "Total Cost": 465968.32,
                                    "Plan Rows": 21328132,
                                    "Plan Width": 8,
                                    "Actual Startup Time": 0.013,
                                    "Actual Total Time": 1300.887,
                                    "Actual Rows": 18122172,
                                    "Actual Loops": 2
                                  },
                                  {
                                    "Node Type": "Hash",
                                    "Parent Relationship": "Inner",
                                    "Parallel Aware": true,
                                    "Startup Cost": 207003.43,
                                    "Total Cost": 207003.43,
                                    "Plan Rows": 87,
                                    "Plan Width": 124,
                                    "Actual Startup Time": 876.663,
                                    "Actual Total Time": 876.673,
                                    "Actual Rows": 6298,
                                    "Actual Loops": 2,
                                    "Hash Buckets": 16384,
                                    "Original Hash Buckets": 1024,
                                    "Hash Batches": 1,
                                    "Original Hash Batches": 1,
                                    "Peak Memory Usage": 10872,
                                    "Plans": [
                                      {
                                        "Node Type": "Hash Join",
                                        "Parent Relationship": "Outer",
                                        "Parallel Aware": true,
                                        "Join Type": "Inner",
                                        "Startup Cost": 138309.15,
                                        "Total Cost": 207003.43,
                                        "Plan Rows": 87,
                                        "Plan Width": 124,
                                        "Actual Startup Time": 597.021,
                                        "Actual Total Time": 866.204,
                                        "Actual Rows": 6298,
                                        "Actual Loops": 2,
                                        "Inner Unique": true,
                                        "Hash Cond": "(pi.person_id = n.id)",
                                        "Plans": [
                                          {
                                            "Node Type": "Hash Join",
                                            "Parent Relationship": "Outer",
                                            "Parallel Aware": true,
                                            "Join Type": "Inner",
                                            "Startup Cost": 24045.63,
                                            "Total Cost": 92737.9,
                                            "Plan Rows": 764,
                                            "Plan Width": 105,
                                            "Actual Startup Time": 180.892,
                                            "Actual Total Time": 434.884,
                                            "Actual Rows": 36490,
                                            "Actual Loops": 2,
                                            "Inner Unique": false,
                                            "Hash Cond": "(pi.person_id = an.person_id)",
                                            "Plans": [
                                              {
                                                "Node Type": "Hash Join",
                                                "Parent Relationship": "Outer",
                                                "Parallel Aware": false,
                                                "Join Type": "Inner",
                                                "Startup Cost": 2.43,
                                                "Total Cost": 68639.25,
                                                "Plan Rows": 453,
                                                "Plan Width": 101,
                                                "Actual Startup Time": 0.086,
                                                "Actual Total Time": 227.931,
                                                "Actual Rows": 42092,
                                                "Actual Loops": 2,
                                                "Inner Unique": true,
                                                "Hash Cond": "(pi.info_type_id = it.id)",
                                                "Plans": [
                                                  {
                                                    "Node Type": "Seq Scan",
                                                    "Parent Relationship": "Outer",
                                                    "Parallel Aware": true,
                                                    "Relation Name": "person_info",
                                                    "Alias": "pi",
                                                    "Startup Cost": 0.0,
                                                    "Total Cost": 68497.45,
                                                    "Plan Rows": 51176,
                                                    "Plan Width": 105,
                                                    "Actual Startup Time": 0.016,
                                                    "Actual Total Time": 219.497,
                                                    "Actual Rows": 42092,
                                                    "Actual Loops": 2,
                                                    "Filter": "(note IS NOT NULL)",
                                                    "Rows Removed by Filter": 1439740
                                                  },
                                                  {
                                                    "Node Type": "Hash",
                                                    "Parent Relationship": "Inner",
                                                    "Parallel Aware": false,
                                                    "Startup Cost": 2.41,
                                                    "Total Cost": 2.41,
                                                    "Plan Rows": 1,
                                                    "Plan Width": 4,
                                                    "Actual Startup Time": 0.037,
                                                    "Actual Total Time": 0.038,
                                                    "Actual Rows": 1,
                                                    "Actual Loops": 2,
                                                    "Hash Buckets": 1024,
                                                    "Original Hash Buckets": 1024,
                                                    "Hash Batches": 1,
                                                    "Original Hash Batches": 1,
                                                    "Peak Memory Usage": 9,
                                                    "Plans": [
                                                      {
                                                        "Node Type": "Seq Scan",
                                                        "Parent Relationship": "Outer",
                                                        "Parallel Aware": false,
                                                        "Relation Name": "info_type",
                                                        "Alias": "it",
                                                        "Startup Cost": 0.0,
                                                        "Total Cost": 2.41,
                                                        "Plan Rows": 1,
                                                        "Plan Width": 4,
                                                        "Actual Startup Time": 0.025,
                                                        "Actual Total Time": 0.031,
                                                        "Actual Rows": 1,
                                                        "Actual Loops": 2,
                                                        "Filter": "((info)::text = 'mini biography'::text)",
                                                        "Rows Removed by Filter": 112
                                                      }
                                                    ]
                                                  }
                                                ]
                                              },
                                              {
                                                "Node Type": "Hash",
                                                "Parent Relationship": "Inner",
                                                "Parallel Aware": true,
                                                "Startup Cost": 19349.03,
                                                "Total Cost": 19349.03,
                                                "Plan Rows": 375534,
                                                "Plan Width": 4,
                                                "Actual Startup Time": 176.332,
                                                "Actual Total Time": 176.333,
                                                "Actual Rows": 343048,
                                                "Actual Loops": 2,
                                                "Hash Buckets": 1048576,
                                                "Original Hash Buckets": 1048576,
                                                "Hash Batches": 1,
                                                "Original Hash Batches": 1,
                                                "Peak Memory Usage": 35072,
                                                "Plans": [
                                                  {
                                                    "Node Type": "Seq Scan",
                                                    "Parent Relationship": "Outer",
                                                    "Parallel Aware": true,
                                                    "Relation Name": "aka_name",
                                                    "Alias": "an",
                                                    "Startup Cost": 0.0,
                                                    "Total Cost": 19349.03,
                                                    "Plan Rows": 375534,
                                                    "Plan Width": 4,
                                                    "Actual Startup Time": 0.019,
                                                    "Actual Total Time": 90.335,
                                                    "Actual Rows": 343048,
                                                    "Actual Loops": 2,
                                                    "Filter": "((name IS NOT NULL) AND ((name ~~ '%a%'::text) OR (name ~~ 'A%'::text)))",
                                                    "Rows Removed by Filter": 107624
                                                  }
                                                ]
                                              }
                                            ]
                                          },
                                          {
                                            "Node Type": "Hash",
                                            "Parent Relationship": "Inner",
                                            "Parallel Aware": true,
                                            "Startup Cost": 110769.46,
                                            "Total Cost": 110769.46,
                                            "Plan Rows": 279525,
                                            "Plan Width": 19,
                                            "Actual Startup Time": 413.456,
                                            "Actual Total Time": 413.457,
                                            "Actual Rows": 253810,
                                            "Actual Loops": 2,
                                            "Hash Buckets": 524288,
                                            "Original Hash Buckets": 524288,
                                            "Hash Batches": 1,
                                            "Original Hash Batches": 1,
                                            "Peak Memory Usage": 31616,
                                            "Plans": [
                                              {
                                                "Node Type": "Seq Scan",
                                                "Parent Relationship": "Outer",
                                                "Parallel Aware": true,
                                                "Relation Name": "name",
                                                "Alias": "n",
                                                "Startup Cost": 0.0,
                                                "Total Cost": 110769.46,
                                                "Plan Rows": 279525,
                                                "Plan Width": 19,
                                                "Actual Startup Time": 0.027,
                                                "Actual Total Time": 331.804,
                                                "Actual Rows": 253810,
                                                "Actual Loops": 2,
                                                "Filter": "(((name_pcode_cf)::text >= 'A'::text) AND ((name_pcode_cf)::text <= 'F'::text) AND (((gender)::text = 'm'::text) OR (((gender)::text = 'f'::text) AND (name ~~ 'A%'::text))))",
                                                "Rows Removed by Filter": 1829935
                                              }
                                            ]
                                          }
                                        ]
                                      }
                                    ]
                                  }
                                ]
                              },
                              {
                                "Node Type": "Hash",
                                "Parent Relationship": "Inner",
                                "Parallel Aware": false,
                                "Startup Cost": 462.97,
                                "Total Cost": 462.97,
                                "Plan Rows": 29997,
                                "Plan Width": 8,
                                "Actual Startup Time": 19.084,
                                "Actual Total Time": 19.085,
                                "Actual Rows": 29997,
                                "Actual Loops": 2,
                                "Hash Buckets": 32768,
                                "Original Hash Buckets": 32768,
                                "Hash Batches": 1,
                                "Original Hash Batches": 1,
                                "Peak Memory Usage": 1428,
                                "Plans": [
                                  {
                                    "Node Type": "Seq Scan",
                                    "Parent Relationship": "Outer",
                                    "Parallel Aware": false,
                                    "Relation Name": "movie_link",
                                    "Alias": "ml",
                                    "Startup Cost": 0.0,
                                    "Total Cost": 462.97,
                                    "Plan Rows": 29997,
                                    "Plan Width": 8,
                                    "Actual Startup Time": 0.043,
                                    "Actual Total Time": 9.216,
                                    "Actual Rows": 29997,
                                    "Actual Loops": 2
                                  }
                                ]
                              }
                            ]
                          }
                        ]
                      }
                    ]
                  },
                  {
                    "Node Type": "Hash",
                    "Parent Relationship": "Inner",
                    "Parallel Aware": false,
                    "Startup Cost": 1.27,
                    "Total Cost": 1.27,
                    "Plan Rows": 4,
                    "Plan Width": 4,
                    "Actual Startup Time": 0.08,
                    "Actual Total Time": 0.08,
                    "Actual Rows": 4,
                    "Actual Loops": 2,
                    "Hash Buckets": 1024,
                    "Original Hash Buckets": 1024,
                    "Hash Batches": 1,
                    "Original Hash Batches": 1,
                    "Peak Memory Usage": 9,
                    "Plans": [
                      {
                        "Node Type": "Seq Scan",
                        "Parent Relationship": "Outer",
                        "Parallel Aware": false,
                        "Relation Name": "link_type",
                        "Alias": "lt",
                        "Startup Cost": 0.0,
                        "Total Cost": 1.27,
                        "Plan Rows": 4,
                        "Plan Width": 4,
                        "Actual Startup Time": 0.05,
                        "Actual Total Time": 0.059,
                        "Actual Rows": 4,
                        "Actual Loops": 2,
                        "Filter": "((link)::text = ANY ('{references,\"referenced in\",features,\"featured in\"}'::text[]))",
                        "Rows Removed by Filter": 14
                      }
                    ]
                  }
                ]
              }
            ]
          }
        ]
      }
    ]
  },
  "Planning Time": 2.001,
  "Triggers": [],
  "Execution Time": 4250.276
}