[
  {
    "Plan": {
      "Node Type": "Aggregate",
      "Strategy": "Plain",
      "Partial Mode": "Simple",
      "Parallel Aware": false,
      "Startup Cost": 13512.79,
      "Total Cost": 13512.8,
      "Plan Rows": 1,
      "Plan Width": 8,
      "Actual Startup Time": 8.408,
      "Actual Total Time": 8.41,
      "Actual Rows": 1,
      "Actual Loops": 1,
      "Plans": [
        {
          "Node Type": "Bitmap Heap Scan",
          "Parent Relationship": "Outer",
          "Parallel Aware": false,
          "Relation Name": "movie_companies",
          "Alias": "mc",
          "Startup Cost": 142.84,
          "Total Cost": 13504.4,
          "Plan Rows": 3356,
          "Plan Width": 0,
          "Actual Startup Time": 7.657,
          "Actual Total Time": 8.335,
          "Actual Rows": 478,
          "Actual Loops": 1,
          "Recheck Cond": "(company_id = 93)",
          "Rows Removed by Index Recheck": 0,
          "Filter": "(company_type_id > 1)",
          "Rows Removed by Filter": 5589,
          "Exact Heap Blocks": 2144,
          "Lossy Heap Blocks": 0,
          "Plans": [
            {
              "Node Type": "Bitmap Index Scan",
              "Parent Relationship": "Outer",
              "Parallel Aware": false,
              "Index Name": "company_id_movie_companies",
              "Startup Cost": 0.0,
              "Total Cost": 142.0,
              "Plan Rows": 6610,
              "Plan Width": 0,
              "Actual Startup Time": 0.853,
              "Actual Total Time": 0.854,
              "Actual Rows": 6067,
              "Actual Loops": 1,
              "Index Cond": "(company_id = 93)"
            }
          ]
        }
      ]
    },
    "Planning Time": 0.136,
    "Triggers": [],
    "Execution Time": 8.459
  }
]