[
    {
        "Bao": {
            "Bao prediction": "NaN",
            "Bao recommended hint": "(no hint)"
        }
    },
    {
        "Plan": {
            "Node Type": "Aggregate",
            "Strategy": "Plain",
            "Partial Mode": "Finalize",
            "Parallel Aware": false,
            "Startup Cost": 217822.48,
            "Total Cost": 217822.49,
            "Plan Rows": 1,
            "Plan Width": 8,
            "Actual Startup Time": 135.762,
            "Actual Total Time": 144.362,
            "Actual Rows": 1,
            "Actual Loops": 1,
            "Output": [
                "count(*)"
            ],
            "Plans": [
                {
                    "Node Type": "Gather",
                    "Parent Relationship": "Outer",
                    "Parallel Aware": false,
                    "Startup Cost": 217821.96,
                    "Total Cost": 217822.47,
                    "Plan Rows": 5,
                    "Plan Width": 8,
                    "Actual Startup Time": 135.087,
                    "Actual Total Time": 144.353,
                    "Actual Rows": 6,
                    "Actual Loops": 1,
                    "Output": [
                        "(PARTIAL count(*))"
                    ],
                    "Workers Planned": 5,
                    "Workers Launched": 5,
                    "Single Copy": false,
                    "Plans": [
                        {
                            "Node Type": "Aggregate",
                            "Strategy": "Plain",
                            "Partial Mode": "Partial",
                            "Parent Relationship": "Outer",
                            "Parallel Aware": false,
                            "Startup Cost": 216821.96,
                            "Total Cost": 216821.97,
                            "Plan Rows": 1,
                            "Plan Width": 8,
                            "Actual Startup Time": 124.436,
                            "Actual Total Time": 124.44,
                            "Actual Rows": 1,
                            "Actual Loops": 6,
                            "Output": [
                                "PARTIAL count(*)"
                            ],
                            "Workers": [
                                {
                                    "Worker Number": 0,
                                    "Actual Startup Time": 122.274,
                                    "Actual Total Time": 122.278,
                                    "Actual Rows": 1,
                                    "Actual Loops": 1
                                },
                                {
                                    "Worker Number": 1,
                                    "Actual Startup Time": 121.465,
                                    "Actual Total Time": 121.468,
                                    "Actual Rows": 1,
                                    "Actual Loops": 1
                                },
                                {
                                    "Worker Number": 2,
                                    "Actual Startup Time": 121.817,
                                    "Actual Total Time": 121.82,
                                    "Actual Rows": 1,
                                    "Actual Loops": 1
                                },
                                {
                                    "Worker Number": 3,
                                    "Actual Startup Time": 123.1,
                                    "Actual Total Time": 123.104,
                                    "Actual Rows": 1,
                                    "Actual Loops": 1
                                },
                                {
                                    "Worker Number": 4,
                                    "Actual Startup Time": 123.481,
                                    "Actual Total Time": 123.485,
                                    "Actual Rows": 1,
                                    "Actual Loops": 1
                                }
                            ],
                            "Plans": [
                                {
                                    "Node Type": "Hash Join",
                                    "Parent Relationship": "Outer",
                                    "Parallel Aware": true,
                                    "Join Type": "Inner",
                                    "Startup Cost": 53510.22,
                                    "Total Cost": 216817.94,
                                    "Plan Rows": 1609,
                                    "Plan Width": 0,
                                    "Actual Startup Time": 118.644,
                                    "Actual Total Time": 124.423,
                                    "Actual Rows": 114,
                                    "Actual Loops": 6,
                                    "Inner Unique": true,
                                    "Hash Cond": "(mi.movie_id = t.id)",
                                    "Workers": [
                                        {
                                            "Worker Number": 0,
                                            "Actual Startup Time": 112.642,
                                            "Actual Total Time": 122.261,
                                            "Actual Rows": 109,
                                            "Actual Loops": 1
                                        },
                                        {
                                            "Worker Number": 1,
                                            "Actual Startup Time": 109.173,
                                            "Actual Total Time": 121.449,
                                            "Actual Rows": 128,
                                            "Actual Loops": 1
                                        },
                                        {
                                            "Worker Number": 2,
                                            "Actual Startup Time": 118.749,
                                            "Actual Total Time": 121.801,
                                            "Actual Rows": 96,
                                            "Actual Loops": 1
                                        },
                                        {
                                            "Worker Number": 3,
                                            "Actual Startup Time": 118.834,
                                            "Actual Total Time": 123.087,
                                            "Actual Rows": 101,
                                            "Actual Loops": 1
                                        },
                                        {
                                            "Worker Number": 4,
                                            "Actual Startup Time": 121.038,
                                            "Actual Total Time": 123.468,
                                            "Actual Rows": 104,
                                            "Actual Loops": 1
                                        }
                                    ],
                                    "Plans": [
                                        {
                                            "Node Type": "Bitmap Heap Scan",
                                            "Parent Relationship": "Outer",
                                            "Parallel Aware": true,
                                            "Relation Name": "movie_info",
                                            "Schema": "public",
                                            "Alias": "mi",
                                            "Startup Cost": 7884.72,
                                            "Total Cost": 170964.26,
                                            "Plan Rows": 86923,
                                            "Plan Width": 4,
                                            "Actual Startup Time": 19.489,
                                            "Actual Total Time": 36.899,
                                            "Actual Rows": 77606,
                                            "Actual Loops": 6,
                                            "Output": [
                                                "mi.id",
                                                "mi.movie_id",
                                                "mi.info_type_id",
                                                "mi.info",
                                                "mi.note"
                                            ],
                                            "Recheck Cond": "(mi.info_type_id > 103)",
                                            "Rows Removed by Index Recheck": 0,
                                            "Exact Heap Blocks": 1086,
                                            "Lossy Heap Blocks": 0,
                                            "Workers": [
                                                {
                                                    "Worker Number": 0,
                                                    "Actual Startup Time": 19.664,
                                                    "Actual Total Time": 37.246,
                                                    "Actual Rows": 70254,
                                                    "Actual Loops": 1
                                                },
                                                {
                                                    "Worker Number": 1,
                                                    "Actual Startup Time": 19.404,
                                                    "Actual Total Time": 36.822,
                                                    "Actual Rows": 102537,
                                                    "Actual Loops": 1
                                                },
                                                {
                                                    "Worker Number": 2,
                                                    "Actual Startup Time": 19.474,
                                                    "Actual Total Time": 37.354,
                                                    "Actual Rows": 61150,
                                                    "Actual Loops": 1
                                                },
                                                {
                                                    "Worker Number": 3,
                                                    "Actual Startup Time": 19.439,
                                                    "Actual Total Time": 36.942,
                                                    "Actual Rows": 73052,
                                                    "Actual Loops": 1
                                                },
                                                {
                                                    "Worker Number": 4,
                                                    "Actual Startup Time": 19.423,
                                                    "Actual Total Time": 36.937,
                                                    "Actual Rows": 74767,
                                                    "Actual Loops": 1
                                                }
                                            ],
                                            "Plans": [
                                                {
                                                    "Node Type": "Bitmap Index Scan",
                                                    "Parent Relationship": "Outer",
                                                    "Parallel Aware": false,
                                                    "Index Name": "info_type_id_movie_info",
                                                    "Startup Cost": 0.0,
                                                    "Total Cost": 7776.06,
                                                    "Plan Rows": 434617,
                                                    "Plan Width": 0,
                                                    "Actual Startup Time": 18.644,
                                                    "Actual Total Time": 18.644,
                                                    "Actual Rows": 465636,
                                                    "Actual Loops": 1,
                                                    "Index Cond": "(mi.info_type_id > 103)",
                                                    "Workers": [
                                                        {
                                                            "Worker Number": 1,
                                                            "Actual Startup Time": 18.644,
                                                            "Actual Total Time": 18.644,
                                                            "Actual Rows": 465636,
                                                            "Actual Loops": 1
                                                        }
                                                    ]
                                                }
                                            ]
                                        },
                                        {
                                            "Node Type": "Hash",
                                            "Parent Relationship": "Inner",
                                            "Parallel Aware": true,
                                            "Startup Cost": 45479.21,
                                            "Total Cost": 45479.21,
                                            "Plan Rows": 11704,
                                            "Plan Width": 4,
                                            "Actual Startup Time": 77.09,
                                            "Actual Total Time": 77.091,
                                            "Actual Rows": 7168,
                                            "Actual Loops": 6,
                                            "Output": [
                                                "t.id"
                                            ],
                                            "Hash Buckets": 65536,
                                            "Original Hash Buckets": 65536,
                                            "Hash Batches": 1,
                                            "Original Hash Batches": 1,
                                            "Peak Memory Usage": 2272,
                                            "Workers": [
                                                {
                                                    "Worker Number": 0,
                                                    "Actual Startup Time": 74.982,
                                                    "Actual Total Time": 74.983,
                                                    "Actual Rows": 5365,
                                                    "Actual Loops": 1
                                                },
                                                {
                                                    "Worker Number": 1,
                                                    "Actual Startup Time": 74.206,
                                                    "Actual Total Time": 74.207,
                                                    "Actual Rows": 5229,
                                                    "Actual Loops": 1
                                                },
                                                {
                                                    "Worker Number": 2,
                                                    "Actual Startup Time": 74.313,
                                                    "Actual Total Time": 74.314,
                                                    "Actual Rows": 3952,
                                                    "Actual Loops": 1
                                                },
                                                {
                                                    "Worker Number": 3,
                                                    "Actual Startup Time": 75.815,
                                                    "Actual Total Time": 75.816,
                                                    "Actual Rows": 5229,
                                                    "Actual Loops": 1
                                                },
                                                {
                                                    "Worker Number": 4,
                                                    "Actual Startup Time": 76.195,
                                                    "Actual Total Time": 76.196,
                                                    "Actual Rows": 5388,
                                                    "Actual Loops": 1
                                                }
                                            ],
                                            "Plans": [
                                                {
                                                    "Node Type": "Seq Scan",
                                                    "Parent Relationship": "Outer",
                                                    "Parallel Aware": true,
                                                    "Relation Name": "title",
                                                    "Schema": "public",
                                                    "Alias": "t",
                                                    "Startup Cost": 0.0,
                                                    "Total Cost": 45479.21,
                                                    "Plan Rows": 11704,
                                                    "Plan Width": 4,
                                                    "Actual Startup Time": 0.081,
                                                    "Actual Total Time": 73.377,
                                                    "Actual Rows": 7168,
                                                    "Actual Loops": 6,
                                                    "Output": [
                                                        "t.id"
                                                    ],
                                                    "Filter": "((t.kind_id > 2) AND (t.production_year > 2012))",
                                                    "Rows Removed by Filter": 414217,
                                                    "Workers": [
                                                        {
                                                            "Worker Number": 0,
                                                            "Actual Startup Time": 0.056,
                                                            "Actual Total Time": 71.7,
                                                            "Actual Rows": 5365,
                                                            "Actual Loops": 1
                                                        },
                                                        {
                                                            "Worker Number": 1,
                                                            "Actual Startup Time": 0.07,
                                                            "Actual Total Time": 70.737,
                                                            "Actual Rows": 5229,
                                                            "Actual Loops": 1
                                                        },
                                                        {
                                                            "Worker Number": 2,
                                                            "Actual Startup Time": 0.153,
                                                            "Actual Total Time": 70.75,
                                                            "Actual Rows": 3952,
                                                            "Actual Loops": 1
                                                        },
                                                        {
                                                            "Worker Number": 3,
                                                            "Actual Startup Time": 0.103,
                                                            "Actual Total Time": 72.401,
                                                            "Actual Rows": 5229,
                                                            "Actual Loops": 1
                                                        },
                                                        {
                                                            "Worker Number": 4,
                                                            "Actual Startup Time": 0.071,
                                                            "Actual Total Time": 72.785,
                                                            "Actual Rows": 5388,
                                                            "Actual Loops": 1
                                                        }
                                                    ]
                                                }
                                            ]
                                        }
                                    ]
                                }
                            ]
                        }
                    ]
                }
            ]
        },
        "Planning Time": 185.226,
        "Triggers": [],
        "Execution Time": 144.491
    }
]