[
  {
    "Plan": {
      "Node Type": "Aggregate",
      "Strategy": "Plain",
      "Partial Mode": "Finalize",
      "Parallel Aware": false,
      "Startup Cost": 76771.86,
      "Total Cost": 76771.87,
      "Plan Rows": 1,
      "Plan Width": 8,
      "Actual Startup Time": 438.297,
      "Actual Total Time": 455.904,
      "Actual Rows": 1,
      "Actual Loops": 1,
      "Plans": [
        {
          "Node Type": "Gather",
          "Parent Relationship": "Outer",
          "Parallel Aware": false,
          "Startup Cost": 76771.54,
          "Total Cost": 76771.85,
          "Plan Rows": 3,
          "Plan Width": 8,
          "Actual Startup Time": 428.999,
          "Actual Total Time": 455.89,
          "Actual Rows": 4,
          "Actual Loops": 1,
          "Workers Planned": 3,
          "Workers Launched": 3,
          "Single Copy": false,
          "Plans": [
            {
              "Node Type": "Aggregate",
              "Strategy": "Plain",
              "Partial Mode": "Partial",
              "Parent Relationship": "Outer",
              "Parallel Aware": false,
              "Startup Cost": 75771.54,
              "Total Cost": 75771.55,
              "Plan Rows": 1,
              "Plan Width": 8,
              "Actual Startup Time": 412.574,
              "Actual Total Time": 412.579,
              "Actual Rows": 1,
              "Actual Loops": 4,
              "Plans": [
                {
                  "Node Type": "Hash Join",
                  "Parent Relationship": "Outer",
                  "Parallel Aware": true,
                  "Join Type": "Inner",
                  "Startup Cost": 55711.33,
                  "Total Cost": 75689.78,
                  "Plan Rows": 32702,
                  "Plan Width": 0,
                  "Actual Startup Time": 365.39,
                  "Actual Total Time": 409.973,
                  "Actual Rows": 49128,
                  "Actual Loops": 4,
                  "Inner Unique": true,
                  "Hash Cond": "(mc.movie_id = t.id)",
                  "Plans": [
                    {
                      "Node Type": "Bitmap Heap Scan",
                      "Parent Relationship": "Outer",
                      "Parallel Aware": true,
                      "Relation Name": "movie_companies",
                      "Alias": "mc",
                      "Startup Cost": 4860.11,
                      "Total Cost": 24741.0,
                      "Plan Rows": 37168,
                      "Plan Width": 4,
                      "Actual Startup Time": 15.164,
                      "Actual Total Time": 31.404,
                      "Actual Rows": 55706,
                      "Actual Loops": 4,
                      "Recheck Cond": "(company_id > 107217)",
                      "Rows Removed by Index Recheck": 0,
                      "Filter": "(company_type_id > 1)",
                      "Rows Removed by Filter": 0,
                      "Exact Heap Blocks": 1105,
                      "Lossy Heap Blocks": 0,
                      "Plans": [
                        {
                          "Node Type": "Bitmap Index Scan",
                          "Parent Relationship": "Outer",
                          "Parallel Aware": false,
                          "Index Name": "company_id_movie_companies",
                          "Startup Cost": 0.0,
                          "Total Cost": 4831.31,
                          "Plan Rows": 225450,
                          "Plan Width": 0,
                          "Actual Startup Time": 14.057,
                          "Actual Total Time": 14.058,
                          "Actual Rows": 222826,
                          "Actual Loops": 1,
                          "Index Cond": "(company_id > 107217)"
                        }
                      ]
                    },
                    {
                      "Node Type": "Hash",
                      "Parent Relationship": "Inner",
                      "Parallel Aware": true,
                      "Startup Cost": 43899.32,
                      "Total Cost": 43899.32,
                      "Plan Rows": 556152,
                      "Plan Width": 4,
                      "Actual Startup Time": 340.12,
                      "Actual Total Time": 340.121,
                      "Actual Rows": 556142,
                      "Actual Loops": 4,
                      "Hash Buckets": 4194304,
                      "Original Hash Buckets": 4194304,
                      "Hash Batches": 1,
                      "Original Hash Batches": 1,
                      "Peak Memory Usage": 119840,
                      "Plans": [
                        {
                          "Node Type": "Seq Scan",
                          "Parent Relationship": "Outer",
                          "Parallel Aware": true,
                          "Relation Name": "title",
                          "Alias": "t",
                          "Startup Cost": 0.0,
                          "Total Cost": 43899.32,
                          "Plan Rows": 556152,
                          "Plan Width": 4,
                          "Actual Startup Time": 0.05,
                          "Actual Total Time": 117.178,
                          "Actual Rows": 556142,
                          "Actual Loops": 4,
                          "Filter": "(production_year < 2012)",
                          "Rows Removed by Filter": 75936
                        }
                      ]
                    }
                  ]
                }
              ]
            }
          ]
        }
      ]
    },
    "Planning Time": 0.411,
    "Triggers": [],
    "Execution Time": 455.97
  }
]