[
    {
        "Bao": {
            "Bao prediction": 498.545,
            "Bao recommended hint": "(no hint)"
        }
    },
    {
        "Plan": {
            "Node Type": "Aggregate",
            "Strategy": "Plain",
            "Partial Mode": "Finalize",
            "Parallel Aware": false,
            "Startup Cost": 335981.05,
            "Total Cost": 335981.06,
            "Plan Rows": 1,
            "Plan Width": 8,
            "Actual Startup Time": 851.103,
            "Actual Total Time": 880.9,
            "Actual Rows": 1,
            "Actual Loops": 1,
            "Output": [
                "count(*)"
            ],
            "Plans": [
                {
                    "Node Type": "Gather",
                    "Parent Relationship": "Outer",
                    "Parallel Aware": false,
                    "Startup Cost": 335980.42,
                    "Total Cost": 335981.03,
                    "Plan Rows": 6,
                    "Plan Width": 8,
                    "Actual Startup Time": 851.017,
                    "Actual Total Time": 880.892,
                    "Actual Rows": 7,
                    "Actual Loops": 1,
                    "Output": [
                        "(PARTIAL count(*))"
                    ],
                    "Workers Planned": 6,
                    "Workers Launched": 6,
                    "Single Copy": false,
                    "Plans": [
                        {
                            "Node Type": "Aggregate",
                            "Strategy": "Plain",
                            "Partial Mode": "Partial",
                            "Parent Relationship": "Outer",
                            "Parallel Aware": false,
                            "Startup Cost": 334980.42,
                            "Total Cost": 334980.43,
                            "Plan Rows": 1,
                            "Plan Width": 8,
                            "Actual Startup Time": 840.931,
                            "Actual Total Time": 840.932,
                            "Actual Rows": 1,
                            "Actual Loops": 7,
                            "Output": [
                                "PARTIAL count(*)"
                            ],
                            "Workers": [
                                {
                                    "Worker Number": 0,
                                    "Actual Startup Time": 837.798,
                                    "Actual Total Time": 837.799,
                                    "Actual Rows": 1,
                                    "Actual Loops": 1
                                },
                                {
                                    "Worker Number": 1,
                                    "Actual Startup Time": 839.825,
                                    "Actual Total Time": 839.827,
                                    "Actual Rows": 1,
                                    "Actual Loops": 1
                                },
                                {
                                    "Worker Number": 2,
                                    "Actual Startup Time": 840.133,
                                    "Actual Total Time": 840.134,
                                    "Actual Rows": 1,
                                    "Actual Loops": 1
                                },
                                {
                                    "Worker Number": 3,
                                    "Actual Startup Time": 840.331,
                                    "Actual Total Time": 840.332,
                                    "Actual Rows": 1,
                                    "Actual Loops": 1
                                },
                                {
                                    "Worker Number": 4,
                                    "Actual Startup Time": 840.134,
                                    "Actual Total Time": 840.135,
                                    "Actual Rows": 1,
                                    "Actual Loops": 1
                                },
                                {
                                    "Worker Number": 5,
                                    "Actual Startup Time": 838.146,
                                    "Actual Total Time": 838.147,
                                    "Actual Rows": 1,
                                    "Actual Loops": 1
                                }
                            ],
                            "Plans": [
                                {
                                    "Node Type": "Seq Scan",
                                    "Parent Relationship": "Outer",
                                    "Parallel Aware": true,
                                    "Relation Name": "cast_info",
                                    "Schema": "public",
                                    "Alias": "ci",
                                    "Startup Cost": 0.0,
                                    "Total Cost": 328213.62,
                                    "Plan Rows": 2706722,
                                    "Plan Width": 0,
                                    "Actual Startup Time": 246.288,
                                    "Actual Total Time": 689.377,
                                    "Actual Rows": 2330795,
                                    "Actual Loops": 7,
                                    "Output": [
                                        "id",
                                        "person_id",
                                        "movie_id",
                                        "person_role_id",
                                        "note",
                                        "nr_order",
                                        "role_id"
                                    ],
                                    "Filter": "(ci.person_id > 2001453)",
                                    "Rows Removed by Filter": 2846969,
                                    "Workers": [
                                        {
                                            "Worker Number": 0,
                                            "Actual Startup Time": 243.154,
                                            "Actual Total Time": 688.383,
                                            "Actual Rows": 2265404,
                                            "Actual Loops": 1
                                        },
                                        {
                                            "Worker Number": 1,
                                            "Actual Startup Time": 245.187,
                                            "Actual Total Time": 689.737,
                                            "Actual Rows": 2259329,
                                            "Actual Loops": 1
                                        },
                                        {
                                            "Worker Number": 2,
                                            "Actual Startup Time": 245.482,
                                            "Actual Total Time": 691.068,
                                            "Actual Rows": 2251409,
                                            "Actual Loops": 1
                                        },
                                        {
                                            "Worker Number": 3,
                                            "Actual Startup Time": 245.702,
                                            "Actual Total Time": 690.748,
                                            "Actual Rows": 2261456,
                                            "Actual Loops": 1
                                        },
                                        {
                                            "Worker Number": 4,
                                            "Actual Startup Time": 245.477,
                                            "Actual Total Time": 690.12,
                                            "Actual Rows": 2275231,
                                            "Actual Loops": 1
                                        },
                                        {
                                            "Worker Number": 5,
                                            "Actual Startup Time": 243.515,
                                            "Actual Total Time": 688.434,
                                            "Actual Rows": 2270022,
                                            "Actual Loops": 1
                                        }
                                    ]
                                }
                            ]
                        }
                    ]
                }
            ]
        },
        "Planning Time": 1396.323,
        "Triggers": [],
        "Execution Time": 880.995
    }
]