[
  {
    "Plan": {
      "Node Type": "Aggregate",
      "Strategy": "Plain",
      "Partial Mode": "Finalize",
      "Parallel Aware": false,
      "Startup Cost": 27473.89,
      "Total Cost": 27473.9,
      "Plan Rows": 1,
      "Plan Width": 8,
      "Actual Startup Time": 86.242,
      "Actual Total Time": 92.38,
      "Actual Rows": 1,
      "Actual Loops": 1,
      "Plans": [
        {
          "Node Type": "Gather",
          "Parent Relationship": "Outer",
          "Parallel Aware": false,
          "Startup Cost": 27473.57,
          "Total Cost": 27473.88,
          "Plan Rows": 3,
          "Plan Width": 8,
          "Actual Startup Time": 86.0,
          "Actual Total Time": 92.374,
          "Actual Rows": 4,
          "Actual Loops": 1,
          "Workers Planned": 3,
          "Workers Launched": 3,
          "Single Copy": false,
          "Plans": [
            {
              "Node Type": "Aggregate",
              "Strategy": "Plain",
              "Partial Mode": "Partial",
              "Parent Relationship": "Outer",
              "Parallel Aware": false,
              "Startup Cost": 26473.57,
              "Total Cost": 26473.58,
              "Plan Rows": 1,
              "Plan Width": 8,
              "Actual Startup Time": 76.967,
              "Actual Total Time": 76.97,
              "Actual Rows": 1,
              "Actual Loops": 4,
              "Plans": [
                {
                  "Node Type": "Bitmap Heap Scan",
                  "Parent Relationship": "Outer",
                  "Parallel Aware": true,
                  "Relation Name": "movie_companies",
                  "Alias": "mc",
                  "Startup Cost": 6178.98,
                  "Total Cost": 26356.18,
                  "Plan Rows": 46955,
                  "Plan Width": 0,
                  "Actual Startup Time": 63.229,
                  "Actual Total Time": 76.026,
                  "Actual Rows": 16327,
                  "Actual Loops": 4,
                  "Recheck Cond": "(company_id < 159)",
                  "Rows Removed by Index Recheck": 0,
                  "Filter": "(company_type_id = 2)",
                  "Rows Removed by Filter": 55002,
                  "Exact Heap Blocks": 10501,
                  "Lossy Heap Blocks": 0,
                  "Plans": [
                    {
                      "Node Type": "Bitmap Index Scan",
                      "Parent Relationship": "Outer",
                      "Parallel Aware": false,
                      "Index Name": "company_id_movie_companies",
                      "Startup Cost": 0.0,
                      "Total Cost": 6142.59,
                      "Plan Rows": 286688,
                      "Plan Width": 0,
                      "Actual Startup Time": 33.097,
                      "Actual Total Time": 33.098,
                      "Actual Rows": 285317,
                      "Actual Loops": 1,
                      "Index Cond": "(company_id < 159)"
                    }
                  ]
                }
              ]
            }
          ]
        }
      ]
    },
    "Planning Time": 0.201,
    "Triggers": [],
    "Execution Time": 92.452
  }
]