[
  {
    "Plan": {
      "Node Type": "Aggregate",
      "Strategy": "Plain",
      "Partial Mode": "Finalize",
      "Parallel Aware": false,
      "Startup Cost": 30818.7,
      "Total Cost": 30818.71,
      "Plan Rows": 1,
      "Plan Width": 8,
      "Actual Startup Time": 87.273,
      "Actual Total Time": 95.014,
      "Actual Rows": 1,
      "Actual Loops": 1,
      "Plans": [
        {
          "Node Type": "Gather",
          "Parent Relationship": "Outer",
          "Parallel Aware": false,
          "Startup Cost": 30818.38,
          "Total Cost": 30818.69,
          "Plan Rows": 3,
          "Plan Width": 8,
          "Actual Startup Time": 87.181,
          "Actual Total Time": 95.005,
          "Actual Rows": 4,
          "Actual Loops": 1,
          "Workers Planned": 3,
          "Workers Launched": 3,
          "Single Copy": false,
          "Plans": [
            {
              "Node Type": "Aggregate",
              "Strategy": "Plain",
              "Partial Mode": "Partial",
              "Parent Relationship": "Outer",
              "Parallel Aware": false,
              "Startup Cost": 29818.38,
              "Total Cost": 29818.39,
              "Plan Rows": 1,
              "Plan Width": 8,
              "Actual Startup Time": 81.367,
              "Actual Total Time": 81.368,
              "Actual Rows": 1,
              "Actual Loops": 4,
              "Plans": [
                {
                  "Node Type": "Seq Scan",
                  "Parent Relationship": "Outer",
                  "Parallel Aware": true,
                  "Relation Name": "movie_companies",
                  "Alias": "mc",
                  "Startup Cost": 0.0,
                  "Total Cost": 29310.68,
                  "Plan Rows": 203081,
                  "Plan Width": 0,
                  "Actual Startup Time": 35.72,
                  "Actual Total Time": 74.819,
                  "Actual Rows": 160417,
                  "Actual Loops": 4,
                  "Filter": "(company_id > 56699)",
                  "Rows Removed by Filter": 491866
                }
              ]
            }
          ]
        }
      ]
    },
    "Planning Time": 0.176,
    "Triggers": [],
    "Execution Time": 95.08
  }
]