[
  {
    "Plan": {
      "Node Type": "Aggregate",
      "Strategy": "Plain",
      "Partial Mode": "Finalize",
      "Parallel Aware": false,
      "Startup Cost": 339701.14,
      "Total Cost": 339701.15,
      "Plan Rows": 1,
      "Plan Width": 8,
      "Actual Startup Time": 383.617,
      "Actual Total Time": 404.88,
      "Actual Rows": 1,
      "Actual Loops": 1,
      "Plans": [
        {
          "Node Type": "Gather",
          "Parent Relationship": "Outer",
          "Parallel Aware": false,
          "Startup Cost": 339700.52,
          "Total Cost": 339701.13,
          "Plan Rows": 6,
          "Plan Width": 8,
          "Actual Startup Time": 383.54,
          "Actual Total Time": 404.87,
          "Actual Rows": 7,
          "Actual Loops": 1,
          "Workers Planned": 6,
          "Workers Launched": 6,
          "Single Copy": false,
          "Plans": [
            {
              "Node Type": "Aggregate",
              "Strategy": "Plain",
              "Partial Mode": "Partial",
              "Parent Relationship": "Outer",
              "Parallel Aware": false,
              "Startup Cost": 338700.52,
              "Total Cost": 338700.53,
              "Plan Rows": 1,
              "Plan Width": 8,
              "Actual Startup Time": 372.812,
              "Actual Total Time": 372.813,
              "Actual Rows": 1,
              "Actual Loops": 7,
              "Plans": [
                {
                  "Node Type": "Index Scan",
                  "Parent Relationship": "Outer",
                  "Parallel Aware": true,
                  "Scan Direction": "Forward",
                  "Index Name": "role_id_cast_info",
                  "Relation Name": "cast_info",
                  "Alias": "ci",
                  "Startup Cost": 0.56,
                  "Total Cost": 335235.55,
                  "Plan Rows": 1385987,
                  "Plan Width": 0,
                  "Actual Startup Time": 238.871,
                  "Actual Total Time": 348.559,
                  "Actual Rows": 566798,
                  "Actual Loops": 7,
                  "Index Cond": "(role_id < 2)",
                  "Rows Removed by Index Recheck": 0,
                  "Filter": "(person_id > 1187339)",
                  "Rows Removed by Filter": 1243300
                }
              ]
            }
          ]
        }
      ]
    },
    "Planning Time": 0.216,
    "Triggers": [],
    "Execution Time": 404.956
  }
]