[
  {
    "Plan": {
      "Node Type": "Aggregate",
      "Strategy": "Plain",
      "Partial Mode": "Finalize",
      "Parallel Aware": false,
      "Startup Cost": 87259.21,
      "Total Cost": 87259.22,
      "Plan Rows": 1,
      "Plan Width": 8,
      "Actual Startup Time": 294.46,
      "Actual Total Time": 340.52,
      "Actual Rows": 1,
      "Actual Loops": 1,
      "Plans": [
        {
          "Node Type": "Gather",
          "Parent Relationship": "Outer",
          "Parallel Aware": false,
          "Startup Cost": 87258.89,
          "Total Cost": 87259.2,
          "Plan Rows": 3,
          "Plan Width": 8,
          "Actual Startup Time": 293.849,
          "Actual Total Time": 340.51,
          "Actual Rows": 4,
          "Actual Loops": 1,
          "Workers Planned": 3,
          "Workers Launched": 3,
          "Single Copy": false,
          "Plans": [
            {
              "Node Type": "Aggregate",
              "Strategy": "Plain",
              "Partial Mode": "Partial",
              "Parent Relationship": "Outer",
              "Parallel Aware": false,
              "Startup Cost": 86258.89,
              "Total Cost": 86258.9,
              "Plan Rows": 1,
              "Plan Width": 8,
              "Actual Startup Time": 285.707,
              "Actual Total Time": 285.712,
              "Actual Rows": 1,
              "Actual Loops": 4,
              "Plans": [
                {
                  "Node Type": "Nested Loop",
                  "Parent Relationship": "Outer",
                  "Parallel Aware": false,
                  "Join Type": "Inner",
                  "Startup Cost": 44013.78,
                  "Total Cost": 86189.1,
                  "Plan Rows": 27914,
                  "Plan Width": 0,
                  "Actual Startup Time": 150.219,
                  "Actual Total Time": 283.111,
                  "Actual Rows": 26860,
                  "Actual Loops": 4,
                  "Inner Unique": false,
                  "Join Filter": "(t.id = ci.movie_id)",
                  "Rows Removed by Join Filter": 0,
                  "Plans": [
                    {
                      "Node Type": "Hash Join",
                      "Parent Relationship": "Outer",
                      "Parallel Aware": true,
                      "Join Type": "Inner",
                      "Startup Cost": 44013.22,
                      "Total Cost": 75781.53,
                      "Plan Rows": 1948,
                      "Plan Width": 8,
                      "Actual Startup Time": 150.084,
                      "Actual Total Time": 191.389,
                      "Actual Rows": 975,
                      "Actual Loops": 4,
                      "Inner Unique": true,
                      "Hash Cond": "(mc.movie_id = t.id)",
                      "Plans": [
                        {
                          "Node Type": "Seq Scan",
                          "Parent Relationship": "Outer",
                          "Parallel Aware": true,
                          "Relation Name": "movie_companies",
                          "Alias": "mc",
                          "Startup Cost": 0.0,
                          "Total Cost": 31414.82,
                          "Plan Rows": 134665,
                          "Plan Width": 4,
                          "Actual Startup Time": 37.651,
                          "Actual Total Time": 69.423,
                          "Actual Rows": 59316,
                          "Actual Loops": 4,
                          "Filter": "((company_id < 1909) AND (company_type_id > 1))",
                          "Rows Removed by Filter": 592966
                        },
                        {
                          "Node Type": "Hash",
                          "Parent Relationship": "Inner",
                          "Parallel Aware": true,
                          "Startup Cost": 43898.92,
                          "Total Cost": 43898.92,
                          "Plan Rows": 9144,
                          "Plan Width": 4,
                          "Actual Startup Time": 110.689,
                          "Actual Total Time": 110.69,
                          "Actual Rows": 9127,
                          "Actual Loops": 4,
                          "Hash Buckets": 65536,
                          "Original Hash Buckets": 65536,
                          "Hash Batches": 1,
                          "Original Hash Batches": 1,
                          "Peak Memory Usage": 1984,
                          "Plans": [
                            {
                              "Node Type": "Seq Scan",
                              "Parent Relationship": "Outer",
                              "Parallel Aware": true,
                              "Relation Name": "title",
                              "Alias": "t",
                              "Startup Cost": 0.0,
                              "Total Cost": 43898.92,
                              "Plan Rows": 9144,
                              "Plan Width": 4,
                              "Actual Startup Time": 0.062,
                              "Actual Total Time": 105.162,
                              "Actual Rows": 9127,
                              "Actual Loops": 4,
                              "Filter": "(production_year = 1996)",
                              "Rows Removed by Filter": 622951
                            }
                          ]
                        }
                      ]
                    },
                    {
                      "Node Type": "Index Only Scan",
                      "Parent Relationship": "Inner",
                      "Parallel Aware": false,
                      "Scan Direction": "Forward",
                      "Index Name": "movie_id_cast_info",
                      "Relation Name": "cast_info",
                      "Alias": "ci",
                      "Startup Cost": 0.56,
                      "Total Cost": 4.88,
                      "Plan Rows": 37,
                      "Plan Width": 4,
                      "Actual Startup Time": 0.013,
                      "Actual Total Time": 0.089,
                      "Actual Rows": 28,
                      "Actual Loops": 3900,
                      "Index Cond": "(movie_id = mc.movie_id)",
                      "Rows Removed by Index Recheck": 0,
                      "Heap Fetches": 107439
                    }
                  ]
                }
              ]
            }
          ]
        }
      ]
    },
    "Planning Time": 1.471,
    "Triggers": [],
    "Execution Time": 340.683
  }
]