{
  "Plan": {
    "Node Type": "Aggregate",
    "Strategy": "Plain",
    "Partial Mode": "Finalize",
    "Parallel Aware": false,
    "Startup Cost": 88529.26,
    "Total Cost": 88529.27,
    "Plan Rows": 1,
    "Plan Width": 8,
    "Actual Startup Time": 337.636,
    "Actual Total Time": 349.728,
    "Actual Rows": 1,
    "Actual Loops": 1,
    "Plans": [
      {
        "Node Type": "Gather",
        "Parent Relationship": "Outer",
        "Parallel Aware": false,
        "Startup Cost": 88529.15,
        "Total Cost": 88529.26,
        "Plan Rows": 1,
        "Plan Width": 8,
        "Actual Startup Time": 336.301,
        "Actual Total Time": 349.72,
        "Actual Rows": 2,
        "Actual Loops": 1,
        "Workers Planned": 1,
        "Workers Launched": 1,
        "Single Copy": false,
        "Plans": [
          {
            "Node Type": "Aggregate",
            "Strategy": "Plain",
            "Partial Mode": "Partial",
            "Parent Relationship": "Outer",
            "Parallel Aware": false,
            "Startup Cost": 87529.15,
            "Total Cost": 87529.16,
            "Plan Rows": 1,
            "Plan Width": 8,
            "Actual Startup Time": 330.312,
            "Actual Total Time": 330.466,
            "Actual Rows": 1,
            "Actual Loops": 2,
            "Plans": [
              {
                "Node Type": "Hash Join",
                "Parent Relationship": "Outer",
                "Parallel Aware": true,
                "Join Type": "Inner",
                "Startup Cost": 31275.5,
                "Total Cost": 87484.57,
                "Plan Rows": 17830,
                "Plan Width": 0,
                "Actual Startup Time": 188.353,
                "Actual Total Time": 327.674,
                "Actual Rows": 49875,
                "Actual Loops": 2,
                "Inner Unique": false,
                "Hash Cond": "(t.id = mc.movie_id)",
                "Plans": [
                  {
                    "Node Type": "Seq Scan",
                    "Parent Relationship": "Outer",
                    "Parallel Aware": true,
                    "Relation Name": "title",
                    "Alias": "t",
                    "Startup Cost": 0.0,
                    "Total Cost": 54588.39,
                    "Plan Rows": 242528,
                    "Plan Width": 4,
                    "Actual Startup Time": 0.013,
                    "Actual Total Time": 140.519,
                    "Actual Rows": 211890,
                    "Actual Loops": 2,
                    "Filter": "(production_year < 1974)",
                    "Rows Removed by Filter": 1052266
                  },
                  {
                    "Node Type": "Hash",
                    "Parent Relationship": "Inner",
                    "Parallel Aware": true,
                    "Startup Cost": 29908.76,
                    "Total Cost": 29908.76,
                    "Plan Rows": 109339,
                    "Plan Width": 4,
                    "Actual Startup Time": 119.388,
                    "Actual Total Time": 119.39,
                    "Actual Rows": 184068,
                    "Actual Loops": 2,
                    "Hash Buckets": 524288,
                    "Original Hash Buckets": 262144,
                    "Hash Batches": 1,
                    "Original Hash Batches": 1,
                    "Peak Memory Usage": 20576,
                    "Plans": [
                      {
                        "Node Type": "Bitmap Heap Scan",
                        "Parent Relationship": "Outer",
                        "Parallel Aware": true,
                        "Relation Name": "movie_companies",
                        "Alias": "mc",
                        "Startup Cost": 7888.57,
                        "Total Cost": 29908.76,
                        "Plan Rows": 109339,
                        "Plan Width": 4,
                        "Actual Startup Time": 29.595,
                        "Actual Total Time": 74.499,
                        "Actual Rows": 184068,
                        "Actual Loops": 2,
                        "Recheck Cond": "(company_id > 85819)",
                        "Rows Removed by Index Recheck": 0,
                        "Filter": "(company_type_id > 1)",
                        "Rows Removed by Filter": 0,
                        "Exact Heap Blocks": 4108,
                        "Lossy Heap Blocks": 0,
                        "Plans": [
                          {
                            "Node Type": "Bitmap Index Scan",
                            "Parent Relationship": "Outer",
                            "Parallel Aware": false,
                            "Index Name": "company_id_movie_companies",
                            "Startup Cost": 0.0,
                            "Total Cost": 7842.1,
                            "Plan Rows": 366089,
                            "Plan Width": 0,
                            "Actual Startup Time": 31.665,
                            "Actual Total Time": 31.666,
                            "Actual Rows": 368137,
                            "Actual Loops": 1,
                            "Index Cond": "(company_id > 85819)"
                          }
                        ]
                      }
                    ]
                  }
                ]
              }
            ]
          }
        ]
      }
    ]
  },
  "Planning Time": 0.48,
  "Triggers": [],
  "Execution Time": 349.849
}