[
  {
    "Plan": {
      "Node Type": "Aggregate",
      "Strategy": "Plain",
      "Partial Mode": "Finalize",
      "Parallel Aware": false,
      "Startup Cost": 32903.32,
      "Total Cost": 32903.33,
      "Plan Rows": 1,
      "Plan Width": 8,
      "Actual Startup Time": 94.203,
      "Actual Total Time": 100.651,
      "Actual Rows": 1,
      "Actual Loops": 1,
      "Plans": [
        {
          "Node Type": "Gather",
          "Parent Relationship": "Outer",
          "Parallel Aware": false,
          "Startup Cost": 32903.0,
          "Total Cost": 32903.31,
          "Plan Rows": 3,
          "Plan Width": 8,
          "Actual Startup Time": 94.074,
          "Actual Total Time": 100.643,
          "Actual Rows": 4,
          "Actual Loops": 1,
          "Workers Planned": 3,
          "Workers Launched": 3,
          "Single Copy": false,
          "Plans": [
            {
              "Node Type": "Aggregate",
              "Strategy": "Plain",
              "Partial Mode": "Partial",
              "Parent Relationship": "Outer",
              "Parallel Aware": false,
              "Startup Cost": 31903.0,
              "Total Cost": 31903.01,
              "Plan Rows": 1,
              "Plan Width": 8,
              "Actual Startup Time": 87.833,
              "Actual Total Time": 87.834,
              "Actual Rows": 1,
              "Actual Loops": 4,
              "Plans": [
                {
                  "Node Type": "Seq Scan",
                  "Parent Relationship": "Outer",
                  "Parallel Aware": true,
                  "Relation Name": "movie_companies",
                  "Alias": "mc",
                  "Startup Cost": 0.0,
                  "Total Cost": 31414.82,
                  "Plan Rows": 195272,
                  "Plan Width": 0,
                  "Actual Startup Time": 0.047,
                  "Actual Total Time": 75.158,
                  "Actual Rows": 204970,
                  "Actual Loops": 4,
                  "Filter": "((company_id < 11138) AND (company_type_id = 1))",
                  "Rows Removed by Filter": 447313
                }
              ]
            }
          ]
        }
      ]
    },
    "Planning Time": 0.167,
    "Triggers": [],
    "Execution Time": 100.696
  }
]