[
    {
        "Bao": {
            "Bao prediction": "NaN",
            "Bao recommended hint": "(no hint)"
        }
    },
    {
        "Plan": {
            "Node Type": "Aggregate",
            "Strategy": "Plain",
            "Partial Mode": "Finalize",
            "Parallel Aware": false,
            "Startup Cost": 42236.22,
            "Total Cost": 42236.23,
            "Plan Rows": 1,
            "Plan Width": 8,
            "Actual Startup Time": 128.886,
            "Actual Total Time": 135.545,
            "Actual Rows": 1,
            "Actual Loops": 1,
            "Output": [
                "count(*)"
            ],
            "Plans": [
                {
                    "Node Type": "Gather",
                    "Parent Relationship": "Outer",
                    "Parallel Aware": false,
                    "Startup Cost": 42235.9,
                    "Total Cost": 42236.21,
                    "Plan Rows": 3,
                    "Plan Width": 8,
                    "Actual Startup Time": 128.668,
                    "Actual Total Time": 135.537,
                    "Actual Rows": 4,
                    "Actual Loops": 1,
                    "Output": [
                        "(PARTIAL count(*))"
                    ],
                    "Workers Planned": 3,
                    "Workers Launched": 3,
                    "Single Copy": false,
                    "Plans": [
                        {
                            "Node Type": "Aggregate",
                            "Strategy": "Plain",
                            "Partial Mode": "Partial",
                            "Parent Relationship": "Outer",
                            "Parallel Aware": false,
                            "Startup Cost": 41235.9,
                            "Total Cost": 41235.91,
                            "Plan Rows": 1,
                            "Plan Width": 8,
                            "Actual Startup Time": 120.585,
                            "Actual Total Time": 120.586,
                            "Actual Rows": 1,
                            "Actual Loops": 4,
                            "Output": [
                                "PARTIAL count(*)"
                            ],
                            "Workers": [
                                {
                                    "Worker Number": 0,
                                    "Actual Startup Time": 117.901,
                                    "Actual Total Time": 117.902,
                                    "Actual Rows": 1,
                                    "Actual Loops": 1
                                },
                                {
                                    "Worker Number": 1,
                                    "Actual Startup Time": 117.786,
                                    "Actual Total Time": 117.787,
                                    "Actual Rows": 1,
                                    "Actual Loops": 1
                                },
                                {
                                    "Worker Number": 2,
                                    "Actual Startup Time": 118.238,
                                    "Actual Total Time": 118.24,
                                    "Actual Rows": 1,
                                    "Actual Loops": 1
                                }
                            ],
                            "Plans": [
                                {
                                    "Node Type": "Bitmap Heap Scan",
                                    "Parent Relationship": "Outer",
                                    "Parallel Aware": true,
                                    "Relation Name": "movie_keyword",
                                    "Schema": "public",
                                    "Alias": "mk",
                                    "Startup Cost": 13664.87,
                                    "Total Cost": 40716.4,
                                    "Plan Rows": 207802,
                                    "Plan Width": 0,
                                    "Actual Startup Time": 34.12,
                                    "Actual Total Time": 111.509,
                                    "Actual Rows": 157626,
                                    "Actual Loops": 4,
                                    "Recheck Cond": "(mk.keyword_id > 29097)",
                                    "Rows Removed by Index Recheck": 0,
                                    "Exact Heap Blocks": 10079,
                                    "Lossy Heap Blocks": 0,
                                    "Workers": [
                                        {
                                            "Worker Number": 0,
                                            "Actual Startup Time": 31.752,
                                            "Actual Total Time": 109.295,
                                            "Actual Rows": 97781,
                                            "Actual Loops": 1
                                        },
                                        {
                                            "Worker Number": 1,
                                            "Actual Startup Time": 31.257,
                                            "Actual Total Time": 109.197,
                                            "Actual Rows": 130527,
                                            "Actual Loops": 1
                                        },
                                        {
                                            "Worker Number": 2,
                                            "Actual Startup Time": 31.862,
                                            "Actual Total Time": 109.673,
                                            "Actual Rows": 132071,
                                            "Actual Loops": 1
                                        }
                                    ],
                                    "Plans": [
                                        {
                                            "Node Type": "Bitmap Index Scan",
                                            "Parent Relationship": "Outer",
                                            "Parallel Aware": false,
                                            "Index Name": "keyword_id_movie_keyword",
                                            "Startup Cost": 0.0,
                                            "Total Cost": 13503.83,
                                            "Plan Rows": 644186,
                                            "Plan Width": 0,
                                            "Actual Startup Time": 38.232,
                                            "Actual Total Time": 38.232,
                                            "Actual Rows": 630505,
                                            "Actual Loops": 1,
                                            "Index Cond": "(mk.keyword_id > 29097)"
                                        }
                                    ]
                                }
                            ]
                        }
                    ]
                }
            ]
        },
        "Planning Time": 208.389,
        "Triggers": [],
        "Execution Time": 135.618
    }
]