{
  "Plan": {
    "Node Type": "Aggregate",
    "Strategy": "Plain",
    "Partial Mode": "Finalize",
    "Parallel Aware": false,
    "Startup Cost": 44196.51,
    "Total Cost": 44196.52,
    "Plan Rows": 1,
    "Plan Width": 8,
    "Actual Startup Time": 44.977,
    "Actual Total Time": 51.368,
    "Actual Rows": 1,
    "Actual Loops": 1,
    "Plans": [
      {
        "Node Type": "Gather",
        "Parent Relationship": "Outer",
        "Parallel Aware": false,
        "Startup Cost": 44196.4,
        "Total Cost": 44196.51,
        "Plan Rows": 1,
        "Plan Width": 8,
        "Actual Startup Time": 44.839,
        "Actual Total Time": 51.361,
        "Actual Rows": 2,
        "Actual Loops": 1,
        "Workers Planned": 1,
        "Workers Launched": 1,
        "Single Copy": false,
        "Plans": [
          {
            "Node Type": "Aggregate",
            "Strategy": "Plain",
            "Partial Mode": "Partial",
            "Parent Relationship": "Outer",
            "Parallel Aware": false,
            "Startup Cost": 43196.4,
            "Total Cost": 43196.41,
            "Plan Rows": 1,
            "Plan Width": 8,
            "Actual Startup Time": 38.85,
            "Actual Total Time": 38.851,
            "Actual Rows": 1,
            "Actual Loops": 2,
            "Plans": [
              {
                "Node Type": "Nested Loop",
                "Parent Relationship": "Outer",
                "Parallel Aware": false,
                "Join Type": "Inner",
                "Startup Cost": 145.45,
                "Total Cost": 43186.42,
                "Plan Rows": 3992,
                "Plan Width": 0,
                "Actual Startup Time": 3.667,
                "Actual Total Time": 38.419,
                "Actual Rows": 2936,
                "Actual Loops": 2,
                "Inner Unique": true,
                "Plans": [
                  {
                    "Node Type": "Bitmap Heap Scan",
                    "Parent Relationship": "Outer",
                    "Parallel Aware": true,
                    "Relation Name": "movie_keyword",
                    "Alias": "mk",
                    "Startup Cost": 145.02,
                    "Total Cost": 15207.87,
                    "Plan Rows": 3992,
                    "Plan Width": 4,
                    "Actual Startup Time": 3.522,
                    "Actual Total Time": 12.983,
                    "Actual Rows": 2936,
                    "Actual Loops": 2,
                    "Recheck Cond": "(keyword_id = 2860)",
                    "Rows Removed by Index Recheck": 0,
                    "Exact Heap Blocks": 3676,
                    "Lossy Heap Blocks": 0,
                    "Plans": [
                      {
                        "Node Type": "Bitmap Index Scan",
                        "Parent Relationship": "Outer",
                        "Parallel Aware": false,
                        "Index Name": "keyword_id_movie_keyword",
                        "Startup Cost": 0.0,
                        "Total Cost": 143.33,
                        "Plan Rows": 6786,
                        "Plan Width": 0,
                        "Actual Startup Time": 4.532,
                        "Actual Total Time": 4.532,
                        "Actual Rows": 5871,
                        "Actual Loops": 1,
                        "Index Cond": "(keyword_id = 2860)"
                      }
                    ]
                  },
                  {
                    "Node Type": "Index Only Scan",
                    "Parent Relationship": "Inner",
                    "Parallel Aware": false,
                    "Scan Direction": "Forward",
                    "Index Name": "title_pkey",
                    "Relation Name": "title",
                    "Alias": "t",
                    "Startup Cost": 0.43,
                    "Total Cost": 7.01,
                    "Plan Rows": 1,
                    "Plan Width": 4,
                    "Actual Startup Time": 0.008,
                    "Actual Total Time": 0.008,
                    "Actual Rows": 1,
                    "Actual Loops": 5871,
                    "Index Cond": "(id = mk.movie_id)",
                    "Rows Removed by Index Recheck": 0,
                    "Heap Fetches": 5871
                  }
                ]
              }
            ]
          }
        ]
      }
    ]
  },
  "Planning Time": 0.583,
  "Triggers": [],
  "Execution Time": 51.45
}