{
  "Plan": {
    "Node Type": "Aggregate",
    "Strategy": "Plain",
    "Partial Mode": "Finalize",
    "Parallel Aware": false,
    "Startup Cost": 85584.64,
    "Total Cost": 85584.65,
    "Plan Rows": 1,
    "Plan Width": 8,
    "Actual Startup Time": 82.059,
    "Actual Total Time": 94.2,
    "Actual Rows": 1,
    "Actual Loops": 1,
    "Plans": [
      {
        "Node Type": "Gather",
        "Parent Relationship": "Outer",
        "Parallel Aware": false,
        "Startup Cost": 85584.53,
        "Total Cost": 85584.64,
        "Plan Rows": 1,
        "Plan Width": 8,
        "Actual Startup Time": 81.894,
        "Actual Total Time": 94.193,
        "Actual Rows": 2,
        "Actual Loops": 1,
        "Workers Planned": 1,
        "Workers Launched": 1,
        "Single Copy": false,
        "Plans": [
          {
            "Node Type": "Aggregate",
            "Strategy": "Plain",
            "Partial Mode": "Partial",
            "Parent Relationship": "Outer",
            "Parallel Aware": false,
            "Startup Cost": 84584.53,
            "Total Cost": 84584.54,
            "Plan Rows": 1,
            "Plan Width": 8,
            "Actual Startup Time": 75.814,
            "Actual Total Time": 75.815,
            "Actual Rows": 1,
            "Actual Loops": 2,
            "Plans": [
              {
                "Node Type": "Nested Loop",
                "Parent Relationship": "Outer",
                "Parallel Aware": false,
                "Join Type": "Inner",
                "Startup Cost": 390.28,
                "Total Cost": 84562.08,
                "Plan Rows": 8981,
                "Plan Width": 0,
                "Actual Startup Time": 9.196,
                "Actual Total Time": 74.774,
                "Actual Rows": 9826,
                "Actual Loops": 2,
                "Inner Unique": true,
                "Plans": [
                  {
                    "Node Type": "Bitmap Heap Scan",
                    "Parent Relationship": "Outer",
                    "Parallel Aware": true,
                    "Relation Name": "movie_keyword",
                    "Alias": "mk",
                    "Startup Cost": 389.85,
                    "Total Cost": 24291.7,
                    "Plan Rows": 10734,
                    "Plan Width": 4,
                    "Actual Startup Time": 9.074,
                    "Actual Total Time": 28.07,
                    "Actual Rows": 10261,
                    "Actual Loops": 2,
                    "Recheck Cond": "(keyword_id = 382)",
                    "Rows Removed by Index Recheck": 0,
                    "Exact Heap Blocks": 9273,
                    "Lossy Heap Blocks": 0,
                    "Plans": [
                      {
                        "Node Type": "Bitmap Index Scan",
                        "Parent Relationship": "Outer",
                        "Parallel Aware": false,
                        "Index Name": "keyword_id_movie_keyword",
                        "Startup Cost": 0.0,
                        "Total Cost": 385.28,
                        "Plan Rows": 18247,
                        "Plan Width": 0,
                        "Actual Startup Time": 8.951,
                        "Actual Total Time": 8.952,
                        "Actual Rows": 20522,
                        "Actual Loops": 1,
                        "Index Cond": "(keyword_id = 382)"
                      }
                    ]
                  },
                  {
                    "Node Type": "Index Scan",
                    "Parent Relationship": "Inner",
                    "Parallel Aware": false,
                    "Scan Direction": "Forward",
                    "Index Name": "title_pkey",
                    "Relation Name": "title",
                    "Alias": "t",
                    "Startup Cost": 0.43,
                    "Total Cost": 5.61,
                    "Plan Rows": 1,
                    "Plan Width": 4,
                    "Actual Startup Time": 0.004,
                    "Actual Total Time": 0.004,
                    "Actual Rows": 1,
                    "Actual Loops": 20522,
                    "Index Cond": "(id = mk.movie_id)",
                    "Rows Removed by Index Recheck": 0,
                    "Filter": "(production_year > 1968)",
                    "Rows Removed by Filter": 0
                  }
                ]
              }
            ]
          }
        ]
      }
    ]
  },
  "Planning Time": 0.601,
  "Triggers": [],
  "Execution Time": 94.297
}