{
    "Plan": {
        "Node Type": "Aggregate",
        "Strategy": "Plain",
        "Partial Mode": "Simple",
        "Parallel Aware": false,
        "Startup Cost": 10000028954.9,
        "Total Cost": 10000028954.91,
        "Plan Rows": 1,
        "Plan Width": 8,
        "Actual Startup Time": 246.632,
        "Actual Total Time": 246.636,
        "Actual Rows": 1,
        "Actual Loops": 1,
        "Output": [
            "count(*)"
        ],
        "Plans": [
            {
                "Node Type": "Hash Join",
                "Parent Relationship": "Outer",
                "Parallel Aware": false,
                "Join Type": "Inner",
                "Startup Cost": 10000027709.8,
                "Total Cost": 10000028954.85,
                "Plan Rows": 19,
                "Plan Width": 0,
                "Actual Startup Time": 245.69,
                "Actual Total Time": 246.626,
                "Actual Rows": 10,
                "Actual Loops": 1,
                "Inner Unique": false,
                "Hash Cond": "(t.id = mi_idx.movie_id)",
                "Plans": [
                    {
                        "Node Type": "Nested Loop",
                        "Parent Relationship": "Outer",
                        "Parallel Aware": false,
                        "Join Type": "Inner",
                        "Startup Cost": 10000000009.66,
                        "Total Cost": 10000001253.88,
                        "Plan Rows": 102,
                        "Plan Width": 8,
                        "Actual Startup Time": 0.328,
                        "Actual Total Time": 1.247,
                        "Actual Rows": 15,
                        "Actual Loops": 1,
                        "Output": [
                            "t.id",
                            "mc.movie_id"
                        ],
                        "Inner Unique": true,
                        "Plans": [
                            {
                                "Node Type": "Bitmap Heap Scan",
                                "Parent Relationship": "Outer",
                                "Parallel Aware": false,
                                "Relation Name": "movie_companies",
                                "Schema": "public",
                                "Alias": "mc",
                                "Startup Cost": 5.22,
                                "Total Cost": 391.95,
                                "Plan Rows": 102,
                                "Plan Width": 4,
                                "Actual Startup Time": 0.239,
                                "Actual Total Time": 0.529,
                                "Actual Rows": 15,
                                "Actual Loops": 1,
                                "Output": [
                                    "mc.id",
                                    "mc.movie_id",
                                    "mc.company_id",
                                    "mc.company_type_id",
                                    "mc.note"
                                ],
                                "Recheck Cond": "(mc.company_id = 4209)",
                                "Rows Removed by Index Recheck": 0,
                                "Exact Heap Blocks": 14,
                                "Lossy Heap Blocks": 0,
                                "Plans": [
                                    {
                                        "Node Type": "Bitmap Index Scan",
                                        "Parent Relationship": "Outer",
                                        "Parallel Aware": false,
                                        "Index Name": "company_id_movie_companies",
                                        "Startup Cost": 0.0,
                                        "Total Cost": 5.19,
                                        "Plan Rows": 102,
                                        "Plan Width": 0,
                                        "Actual Startup Time": 0.21,
                                        "Actual Total Time": 0.211,
                                        "Actual Rows": 15,
                                        "Actual Loops": 1,
                                        "Index Cond": "(mc.company_id = 4209)"
                                    }
                                ]
                            },
                            {
                                "Node Type": "Bitmap Heap Scan",
                                "Parent Relationship": "Inner",
                                "Parallel Aware": false,
                                "Relation Name": "title",
                                "Schema": "public",
                                "Alias": "t",
                                "Startup Cost": 4.44,
                                "Total Cost": 8.45,
                                "Plan Rows": 1,
                                "Plan Width": 4,
                                "Actual Startup Time": 0.044,
                                "Actual Total Time": 0.044,
                                "Actual Rows": 1,
                                "Actual Loops": 15,
                                "Output": [
                                    "t.id",
                                    "t.title",
                                    "t.imdb_index",
                                    "t.kind_id",
                                    "t.production_year",
                                    "t.imdb_id",
                                    "t.phonetic_code",
                                    "t.episode_of_id",
                                    "t.season_nr",
                                    "t.episode_nr",
                                    "t.series_years",
                                    "t.md5sum"
                                ],
                                "Recheck Cond": "(t.id = mc.movie_id)",
                                "Rows Removed by Index Recheck": 0,
                                "Exact Heap Blocks": 15,
                                "Lossy Heap Blocks": 0,
                                "Plans": [
                                    {
                                        "Node Type": "Bitmap Index Scan",
                                        "Parent Relationship": "Outer",
                                        "Parallel Aware": false,
                                        "Index Name": "title_pkey",
                                        "Startup Cost": 0.0,
                                        "Total Cost": 4.44,
                                        "Plan Rows": 1,
                                        "Plan Width": 0,
                                        "Actual Startup Time": 0.026,
                                        "Actual Total Time": 0.026,
                                        "Actual Rows": 1,
                                        "Actual Loops": 15,
                                        "Index Cond": "(t.id = mc.movie_id)"
                                    }
                                ]
                            }
                        ]
                    },
                    {
                        "Node Type": "Hash",
                        "Parent Relationship": "Inner",
                        "Parallel Aware": false,
                        "Startup Cost": 21965.52,
                        "Total Cost": 21965.52,
                        "Plan Rows": 458770,
                        "Plan Width": 4,
                        "Actual Startup Time": 239.919,
                        "Actual Total Time": 239.92,
                        "Actual Rows": 459925,
                        "Actual Loops": 1,
                        "Output": [
                            "mi_idx.movie_id"
                        ],
                        "Hash Buckets": 524288,
                        "Original Hash Buckets": 524288,
                        "Hash Batches": 1,
                        "Original Hash Batches": 1,
                        "Peak Memory Usage": 20266,
                        "Plans": [
                            {
                                "Node Type": "Bitmap Heap Scan",
                                "Parent Relationship": "Outer",
                                "Parallel Aware": false,
                                "Relation Name": "movie_info_idx",
                                "Schema": "public",
                                "Alias": "mi_idx",
                                "Startup Cost": 8295.89,
                                "Total Cost": 21965.52,
                                "Plan Rows": 458770,
                                "Plan Width": 4,
                                "Actual Startup Time": 33.606,
                                "Actual Total Time": 127.749,
                                "Actual Rows": 459925,
                                "Actual Loops": 1,
                                "Output": [
                                    "mi_idx.movie_id"
                                ],
                                "Recheck Cond": "(mi_idx.info_type_id = 99)",
                                "Rows Removed by Index Recheck": 0,
                                "Exact Heap Blocks": 7934,
                                "Lossy Heap Blocks": 0,
                                "Plans": [
                                    {
                                        "Node Type": "Bitmap Index Scan",
                                        "Parent Relationship": "Outer",
                                        "Parallel Aware": false,
                                        "Index Name": "info_type_id_movie_info_idx",
                                        "Startup Cost": 0.0,
                                        "Total Cost": 8181.2,
                                        "Plan Rows": 458770,
                                        "Plan Width": 0,
                                        "Actual Startup Time": 32.122,
                                        "Actual Total Time": 32.123,
                                        "Actual Rows": 459925,
                                        "Actual Loops": 1,
                                        "Index Cond": "(mi_idx.info_type_id = 99)"
                                    }
                                ]
                            }
                        ]
                    }
                ]
            }
        ]
    },
    "Planning Time": 3.736,
    "Triggers": [],
    "Execution Time": 248.196
}