[
  {
    "Plan": {
      "Node Type": "Aggregate",
      "Strategy": "Plain",
      "Partial Mode": "Finalize",
      "Parallel Aware": false,
      "Startup Cost": 257590.02,
      "Total Cost": 257590.03,
      "Plan Rows": 1,
      "Plan Width": 8,
      "Actual Startup Time": 1060.424,
      "Actual Total Time": 1087.319,
      "Actual Rows": 1,
      "Actual Loops": 1,
      "Plans": [
        {
          "Node Type": "Gather",
          "Parent Relationship": "Outer",
          "Parallel Aware": false,
          "Startup Cost": 257589.81,
          "Total Cost": 257590.02,
          "Plan Rows": 2,
          "Plan Width": 8,
          "Actual Startup Time": 1045.521,
          "Actual Total Time": 1087.308,
          "Actual Rows": 3,
          "Actual Loops": 1,
          "Workers Planned": 2,
          "Workers Launched": 2,
          "Single Copy": false,
          "Plans": [
            {
              "Node Type": "Aggregate",
              "Strategy": "Plain",
              "Partial Mode": "Partial",
              "Parent Relationship": "Outer",
              "Parallel Aware": false,
              "Startup Cost": 256589.81,
              "Total Cost": 256589.82,
              "Plan Rows": 1,
              "Plan Width": 8,
              "Actual Startup Time": 1037.297,
              "Actual Total Time": 1037.492,
              "Actual Rows": 1,
              "Actual Loops": 3,
              "Plans": [
                {
                  "Node Type": "Hash Join",
                  "Parent Relationship": "Outer",
                  "Parallel Aware": true,
                  "Join Type": "Inner",
                  "Startup Cost": 239562.34,
                  "Total Cost": 255930.91,
                  "Plan Rows": 263559,
                  "Plan Width": 0,
                  "Actual Startup Time": 831.119,
                  "Actual Total Time": 1000.27,
                  "Actual Rows": 881773,
                  "Actual Loops": 3,
                  "Inner Unique": false,
                  "Hash Cond": "(mi_idx.movie_id = t.id)",
                  "Plans": [
                    {
                      "Node Type": "Seq Scan",
                      "Parent Relationship": "Outer",
                      "Parallel Aware": true,
                      "Relation Name": "movie_info_idx",
                      "Alias": "mi_idx",
                      "Startup Cost": 0.0,
                      "Total Cost": 13685.15,
                      "Plan Rows": 575015,
                      "Plan Width": 4,
                      "Actual Startup Time": 0.016,
                      "Actual Total Time": 36.023,
                      "Actual Rows": 460012,
                      "Actual Loops": 3
                    },
                    {
                      "Node Type": "Hash",
                      "Parent Relationship": "Inner",
                      "Parallel Aware": true,
                      "Startup Cost": 236665.06,
                      "Total Cost": 236665.06,
                      "Plan Rows": 231782,
                      "Plan Width": 8,
                      "Actual Startup Time": 822.236,
                      "Actual Total Time": 822.429,
                      "Actual Rows": 382572,
                      "Actual Loops": 3,
                      "Hash Buckets": 2097152,
                      "Original Hash Buckets": 2097152,
                      "Hash Batches": 1,
                      "Original Hash Batches": 1,
                      "Peak Memory Usage": 61344,
                      "Plans": [
                        {
                          "Node Type": "Hash Join",
                          "Parent Relationship": "Outer",
                          "Parallel Aware": true,
                          "Join Type": "Inner",
                          "Startup Cost": 71166.36,
                          "Total Cost": 236665.06,
                          "Plan Rows": 231782,
                          "Plan Width": 8,
                          "Actual Startup Time": 476.734,
                          "Actual Total Time": 704.004,
                          "Actual Rows": 382572,
                          "Actual Loops": 3,
                          "Inner Unique": true,
                          "Hash Cond": "(mi.movie_id = t.id)",
                          "Plans": [
                            {
                              "Node Type": "Bitmap Heap Scan",
                              "Parent Relationship": "Outer",
                              "Parallel Aware": true,
                              "Relation Name": "movie_info",
                              "Alias": "mi",
                              "Startup Cost": 20945.98,
                              "Total Cost": 185836.25,
                              "Plan Rows": 231782,
                              "Plan Width": 4,
                              "Actual Startup Time": 42.69,
                              "Actual Total Time": 130.121,
                              "Actual Rows": 382572,
                              "Actual Loops": 3,
                              "Recheck Cond": "(info_type_id > 51)",
                              "Rows Removed by Index Recheck": 0,
                              "Exact Heap Blocks": 13021,
                              "Lossy Heap Blocks": 0,
                              "Plans": [
                                {
                                  "Node Type": "Bitmap Index Scan",
                                  "Parent Relationship": "Outer",
                                  "Parallel Aware": false,
                                  "Index Name": "info_type_id_movie_info",
                                  "Startup Cost": 0.0,
                                  "Total Cost": 20656.25,
                                  "Plan Rows": 1158909,
                                  "Plan Width": 0,
                                  "Actual Startup Time": 37.243,
                                  "Actual Total Time": 37.243,
                                  "Actual Rows": 1147717,
                                  "Actual Loops": 1,
                                  "Index Cond": "(info_type_id > 51)"
                                }
                              ]
                            },
                            {
                              "Node Type": "Hash",
                              "Parent Relationship": "Inner",
                              "Parallel Aware": true,
                              "Startup Cost": 42319.06,
                              "Total Cost": 42319.06,
                              "Plan Rows": 632106,
                              "Plan Width": 4,
                              "Actual Startup Time": 423.481,
                              "Actual Total Time": 423.482,
                              "Actual Rows": 842771,
                              "Actual Loops": 3,
                              "Hash Buckets": 4194304,
                              "Original Hash Buckets": 4194304,
                              "Hash Batches": 1,
                              "Original Hash Batches": 1,
                              "Peak Memory Usage": 131744,
                              "Plans": [
                                {
                                  "Node Type": "Seq Scan",
                                  "Parent Relationship": "Outer",
                                  "Parallel Aware": true,
                                  "Relation Name": "title",
                                  "Alias": "t",
                                  "Startup Cost": 0.0,
                                  "Total Cost": 42319.06,
                                  "Plan Rows": 632106,
                                  "Plan Width": 4,
                                  "Actual Startup Time": 0.049,
                                  "Actual Total Time": 119.168,
                                  "Actual Rows": 842771,
                                  "Actual Loops": 3
                                }
                              ]
                            }
                          ]
                        }
                      ]
                    }
                  ]
                }
              ]
            }
          ]
        }
      ]
    },
    "Planning Time": 0.912,
    "Triggers": [],
    "Execution Time": 1087.389
  }
]