{
  "Plan": {
    "Node Type": "Aggregate",
    "Strategy": "Plain",
    "Partial Mode": "Finalize",
    "Parallel Aware": false,
    "Startup Cost": 594898.49,
    "Total Cost": 594898.5,
    "Plan Rows": 1,
    "Plan Width": 8,
    "Actual Startup Time": 5931.432,
    "Actual Total Time": 5981.645,
    "Actual Rows": 1,
    "Actual Loops": 1,
    "Plans": [
      {
        "Node Type": "Gather",
        "Parent Relationship": "Outer",
        "Parallel Aware": false,
        "Startup Cost": 594898.38,
        "Total Cost": 594898.49,
        "Plan Rows": 1,
        "Plan Width": 8,
        "Actual Startup Time": 5930.244,
        "Actual Total Time": 5981.634,
        "Actual Rows": 2,
        "Actual Loops": 1,
        "Workers Planned": 1,
        "Workers Launched": 1,
        "Single Copy": false,
        "Plans": [
          {
            "Node Type": "Aggregate",
            "Strategy": "Plain",
            "Partial Mode": "Partial",
            "Parent Relationship": "Outer",
            "Parallel Aware": false,
            "Startup Cost": 593898.38,
            "Total Cost": 593898.39,
            "Plan Rows": 1,
            "Plan Width": 8,
            "Actual Startup Time": 5924.354,
            "Actual Total Time": 5924.358,
            "Actual Rows": 1,
            "Actual Loops": 2,
            "Plans": [
              {
                "Node Type": "Hash Join",
                "Parent Relationship": "Outer",
                "Parallel Aware": true,
                "Join Type": "Inner",
                "Startup Cost": 58576.08,
                "Total Cost": 580309.43,
                "Plan Rows": 5435578,
                "Plan Width": 0,
                "Actual Startup Time": 185.719,
                "Actual Total Time": 5709.064,
                "Actual Rows": 5178134,
                "Actual Loops": 2,
                "Inner Unique": true,
                "Hash Cond": "(ci.movie_id = t.id)",
                "Plans": [
                  {
                    "Node Type": "Seq Scan",
                    "Parent Relationship": "Outer",
                    "Parallel Aware": true,
                    "Relation Name": "cast_info",
                    "Alias": "ci",
                    "Startup Cost": 0.0,
                    "Total Cost": 465792.95,
                    "Plan Rows": 21310595,
                    "Plan Width": 4,
                    "Actual Startup Time": 0.014,
                    "Actual Total Time": 1321.405,
                    "Actual Rows": 18122172,
                    "Actual Loops": 2
                  },
                  {
                    "Node Type": "Hash",
                    "Parent Relationship": "Inner",
                    "Parallel Aware": true,
                    "Startup Cost": 53834.33,
                    "Total Cost": 53834.33,
                    "Plan Rows": 379340,
                    "Plan Width": 4,
                    "Actual Startup Time": 176.748,
                    "Actual Total Time": 176.75,
                    "Actual Rows": 328156,
                    "Actual Loops": 2,
                    "Hash Buckets": 1048576,
                    "Original Hash Buckets": 1048576,
                    "Hash Batches": 1,
                    "Original Hash Batches": 1,
                    "Peak Memory Usage": 33888,
                    "Plans": [
                      {
                        "Node Type": "Bitmap Heap Scan",
                        "Parent Relationship": "Outer",
                        "Parallel Aware": true,
                        "Relation Name": "title",
                        "Alias": "t",
                        "Startup Cost": 11984.07,
                        "Total Cost": 53834.33,
                        "Plan Rows": 379340,
                        "Plan Width": 4,
                        "Actual Startup Time": 31.907,
                        "Actual Total Time": 99.463,
                        "Actual Rows": 328156,
                        "Actual Loops": 2,
                        "Recheck Cond": "(kind_id = 1)",
                        "Rows Removed by Index Recheck": 0,
                        "Filter": "(production_year > 0)",
                        "Rows Removed by Filter": 3257,
                        "Exact Heap Blocks": 7578,
                        "Lossy Heap Blocks": 0,
                        "Plans": [
                          {
                            "Node Type": "Bitmap Index Scan",
                            "Parent Relationship": "Outer",
                            "Parallel Aware": false,
                            "Index Name": "kind_id_title",
                            "Startup Cost": 0.0,
                            "Total Cost": 11822.85,
                            "Plan Rows": 663256,
                            "Plan Width": 0,
                            "Actual Startup Time": 30.05,
                            "Actual Total Time": 30.05,
                            "Actual Rows": 662825,
                            "Actual Loops": 1,
                            "Index Cond": "(kind_id = 1)"
                          }
                        ]
                      }
                    ]
                  }
                ]
              }
            ]
          }
        ]
      }
    ]
  },
  "Planning Time": 0.46,
  "Triggers": [],
  "Execution Time": 5981.753
}