[
  {
    "Plan": {
      "Node Type": "Aggregate",
      "Strategy": "Plain",
      "Partial Mode": "Finalize",
      "Parallel Aware": false,
      "Startup Cost": 90957.25,
      "Total Cost": 90957.26,
      "Plan Rows": 1,
      "Plan Width": 8,
      "Actual Startup Time": 251.807,
      "Actual Total Time": 270.338,
      "Actual Rows": 1,
      "Actual Loops": 1,
      "Plans": [
        {
          "Node Type": "Gather",
          "Parent Relationship": "Outer",
          "Parallel Aware": false,
          "Startup Cost": 90956.93,
          "Total Cost": 90957.24,
          "Plan Rows": 3,
          "Plan Width": 8,
          "Actual Startup Time": 251.335,
          "Actual Total Time": 270.328,
          "Actual Rows": 4,
          "Actual Loops": 1,
          "Workers Planned": 3,
          "Workers Launched": 3,
          "Single Copy": false,
          "Plans": [
            {
              "Node Type": "Aggregate",
              "Strategy": "Plain",
              "Partial Mode": "Partial",
              "Parent Relationship": "Outer",
              "Parallel Aware": false,
              "Startup Cost": 89956.93,
              "Total Cost": 89956.94,
              "Plan Rows": 1,
              "Plan Width": 8,
              "Actual Startup Time": 242.602,
              "Actual Total Time": 242.605,
              "Actual Rows": 1,
              "Actual Loops": 4,
              "Plans": [
                {
                  "Node Type": "Hash Join",
                  "Parent Relationship": "Outer",
                  "Parallel Aware": true,
                  "Join Type": "Inner",
                  "Startup Cost": 45812.27,
                  "Total Cost": 89900.98,
                  "Plan Rows": 22379,
                  "Plan Width": 0,
                  "Actual Startup Time": 110.951,
                  "Actual Total Time": 242.189,
                  "Actual Rows": 8224,
                  "Actual Loops": 4,
                  "Inner Unique": true,
                  "Hash Cond": "(mk.movie_id = t.id)",
                  "Plans": [
                    {
                      "Node Type": "Seq Scan",
                      "Parent Relationship": "Outer",
                      "Parallel Aware": true,
                      "Relation Name": "movie_keyword",
                      "Alias": "mk",
                      "Startup Cost": 0.0,
                      "Total Cost": 42695.65,
                      "Plan Rows": 530688,
                      "Plan Width": 4,
                      "Actual Startup Time": 0.542,
                      "Actual Total Time": 96.348,
                      "Actual Rows": 412064,
                      "Actual Loops": 4,
                      "Filter": "(keyword_id > 8916)",
                      "Rows Removed by Filter": 718919
                    },
                    {
                      "Node Type": "Hash",
                      "Parent Relationship": "Inner",
                      "Parallel Aware": true,
                      "Startup Cost": 45479.1,
                      "Total Cost": 45479.1,
                      "Plan Rows": 26654,
                      "Plan Width": 4,
                      "Actual Startup Time": 108.245,
                      "Actual Total Time": 108.246,
                      "Actual Rows": 27128,
                      "Actual Loops": 4,
                      "Hash Buckets": 131072,
                      "Original Hash Buckets": 131072,
                      "Hash Batches": 1,
                      "Original Hash Batches": 1,
                      "Peak Memory Usage": 5312,
                      "Plans": [
                        {
                          "Node Type": "Seq Scan",
                          "Parent Relationship": "Outer",
                          "Parallel Aware": true,
                          "Relation Name": "title",
                          "Alias": "t",
                          "Startup Cost": 0.0,
                          "Total Cost": 45479.1,
                          "Plan Rows": 26654,
                          "Plan Width": 4,
                          "Actual Startup Time": 0.045,
                          "Actual Total Time": 96.762,
                          "Actual Rows": 27128,
                          "Actual Loops": 4,
                          "Filter": "((kind_id > 1) AND (production_year = 2010))",
                          "Rows Removed by Filter": 604950
                        }
                      ]
                    }
                  ]
                }
              ]
            }
          ]
        }
      ]
    },
    "Planning Time": 0.608,
    "Triggers": [],
    "Execution Time": 270.406
  }
]