{
  "Plan": {
    "Node Type": "Aggregate",
    "Strategy": "Plain",
    "Partial Mode": "Finalize",
    "Parallel Aware": false,
    "Startup Cost": 126561.54,
    "Total Cost": 126561.55,
    "Plan Rows": 1,
    "Plan Width": 8,
    "Actual Startup Time": 311.375,
    "Actual Total Time": 334.706,
    "Actual Rows": 1,
    "Actual Loops": 1,
    "Plans": [
      {
        "Node Type": "Gather",
        "Parent Relationship": "Outer",
        "Parallel Aware": false,
        "Startup Cost": 126561.43,
        "Total Cost": 126561.54,
        "Plan Rows": 1,
        "Plan Width": 8,
        "Actual Startup Time": 310.592,
        "Actual Total Time": 334.699,
        "Actual Rows": 2,
        "Actual Loops": 1,
        "Workers Planned": 1,
        "Workers Launched": 1,
        "Single Copy": false,
        "Plans": [
          {
            "Node Type": "Aggregate",
            "Strategy": "Plain",
            "Partial Mode": "Partial",
            "Parent Relationship": "Outer",
            "Parallel Aware": false,
            "Startup Cost": 125561.43,
            "Total Cost": 125561.44,
            "Plan Rows": 1,
            "Plan Width": 8,
            "Actual Startup Time": 304.267,
            "Actual Total Time": 304.271,
            "Actual Rows": 1,
            "Actual Loops": 2,
            "Plans": [
              {
                "Node Type": "Nested Loop",
                "Parent Relationship": "Outer",
                "Parallel Aware": false,
                "Join Type": "Inner",
                "Startup Cost": 66197.72,
                "Total Cost": 125537.25,
                "Plan Rows": 9671,
                "Plan Width": 0,
                "Actual Startup Time": 193.512,
                "Actual Total Time": 302.913,
                "Actual Rows": 28845,
                "Actual Loops": 2,
                "Inner Unique": false,
                "Plans": [
                  {
                    "Node Type": "Hash Join",
                    "Parent Relationship": "Outer",
                    "Parallel Aware": true,
                    "Join Type": "Inner",
                    "Startup Cost": 66197.28,
                    "Total Cost": 87294.62,
                    "Plan Rows": 18615,
                    "Plan Width": 8,
                    "Actual Startup Time": 193.326,
                    "Actual Total Time": 253.584,
                    "Actual Rows": 8009,
                    "Actual Loops": 2,
                    "Inner Unique": true,
                    "Hash Cond": "(mc.movie_id = t.id)",
                    "Plans": [
                      {
                        "Node Type": "Bitmap Heap Scan",
                        "Parent Relationship": "Outer",
                        "Parallel Aware": true,
                        "Relation Name": "movie_companies",
                        "Alias": "mc",
                        "Startup Cost": 5622.29,
                        "Total Cost": 26319.18,
                        "Plan Rows": 152551,
                        "Plan Width": 4,
                        "Actual Startup Time": 12.67,
                        "Actual Total Time": 47.499,
                        "Actual Rows": 129452,
                        "Actual Loops": 2,
                        "Recheck Cond": "(company_id < 129)",
                        "Rows Removed by Index Recheck": 0,
                        "Exact Heap Blocks": 10991,
                        "Lossy Heap Blocks": 0,
                        "Plans": [
                          {
                            "Node Type": "Bitmap Index Scan",
                            "Parent Relationship": "Outer",
                            "Parallel Aware": false,
                            "Index Name": "company_id_movie_companies",
                            "Startup Cost": 0.0,
                            "Total Cost": 5557.46,
                            "Plan Rows": 259337,
                            "Plan Width": 0,
                            "Actual Startup Time": 10.053,
                            "Actual Total Time": 10.054,
                            "Actual Rows": 258903,
                            "Actual Loops": 1,
                            "Index Cond": "(company_id < 129)"
                          }
                        ]
                      },
                      {
                        "Node Type": "Hash",
                        "Parent Relationship": "Inner",
                        "Parallel Aware": true,
                        "Startup Cost": 58306.47,
                        "Total Cost": 58306.47,
                        "Plan Rows": 181482,
                        "Plan Width": 4,
                        "Actual Startup Time": 175.28,
                        "Actual Total Time": 175.28,
                        "Actual Rows": 133300,
                        "Actual Loops": 2,
                        "Hash Buckets": 524288,
                        "Original Hash Buckets": 524288,
                        "Hash Batches": 1,
                        "Original Hash Batches": 1,
                        "Peak Memory Usage": 14560,
                        "Plans": [
                          {
                            "Node Type": "Seq Scan",
                            "Parent Relationship": "Outer",
                            "Parallel Aware": true,
                            "Relation Name": "title",
                            "Alias": "t",
                            "Startup Cost": 0.0,
                            "Total Cost": 58306.47,
                            "Plan Rows": 181482,
                            "Plan Width": 4,
                            "Actual Startup Time": 0.048,
                            "Actual Total Time": 143.132,
                            "Actual Rows": 133300,
                            "Actual Loops": 2,
                            "Filter": "((kind_id < 7) AND (production_year > 2007))",
                            "Rows Removed by Filter": 1130856
                          }
                        ]
                      }
                    ]
                  },
                  {
                    "Node Type": "Index Scan",
                    "Parent Relationship": "Inner",
                    "Parallel Aware": false,
                    "Scan Direction": "Forward",
                    "Index Name": "movie_id_movie_keyword",
                    "Relation Name": "movie_keyword",
                    "Alias": "mk",
                    "Startup Cost": 0.43,
                    "Total Cost": 1.92,
                    "Plan Rows": 13,
                    "Plan Width": 4,
                    "Actual Startup Time": 0.004,
                    "Actual Total Time": 0.006,
                    "Actual Rows": 4,
                    "Actual Loops": 16018,
                    "Index Cond": "(movie_id = t.id)",
                    "Rows Removed by Index Recheck": 0,
                    "Filter": "(keyword_id < 1733)",
                    "Rows Removed by Filter": 11
                  }
                ]
              }
            ]
          }
        ]
      }
    ]
  },
  "Planning Time": 1.048,
  "Triggers": [],
  "Execution Time": 334.81
}