[
  {
    "Plan": {
      "Node Type": "Aggregate",
      "Strategy": "Plain",
      "Partial Mode": "Finalize",
      "Parallel Aware": false,
      "Startup Cost": 89898.99,
      "Total Cost": 89899.0,
      "Plan Rows": 1,
      "Plan Width": 8,
      "Actual Startup Time": 396.916,
      "Actual Total Time": 430.728,
      "Actual Rows": 1,
      "Actual Loops": 1,
      "Plans": [
        {
          "Node Type": "Gather",
          "Parent Relationship": "Outer",
          "Parallel Aware": false,
          "Startup Cost": 89898.67,
          "Total Cost": 89898.98,
          "Plan Rows": 3,
          "Plan Width": 8,
          "Actual Startup Time": 396.406,
          "Actual Total Time": 430.711,
          "Actual Rows": 4,
          "Actual Loops": 1,
          "Workers Planned": 3,
          "Workers Launched": 3,
          "Single Copy": false,
          "Plans": [
            {
              "Node Type": "Aggregate",
              "Strategy": "Plain",
              "Partial Mode": "Partial",
              "Parent Relationship": "Outer",
              "Parallel Aware": false,
              "Startup Cost": 88898.67,
              "Total Cost": 88898.68,
              "Plan Rows": 1,
              "Plan Width": 8,
              "Actual Startup Time": 388.895,
              "Actual Total Time": 388.902,
              "Actual Rows": 1,
              "Actual Loops": 4,
              "Plans": [
                {
                  "Node Type": "Hash Join",
                  "Parent Relationship": "Outer",
                  "Parallel Aware": true,
                  "Join Type": "Inner",
                  "Startup Cost": 45849.7,
                  "Total Cost": 88727.78,
                  "Plan Rows": 68358,
                  "Plan Width": 0,
                  "Actual Startup Time": 130.557,
                  "Actual Total Time": 388.77,
                  "Actual Rows": 1182,
                  "Actual Loops": 4,
                  "Inner Unique": true,
                  "Hash Cond": "(mk.movie_id = t.id)",
                  "Plans": [
                    {
                      "Node Type": "Seq Scan",
                      "Parent Relationship": "Outer",
                      "Parallel Aware": true,
                      "Relation Name": "movie_keyword",
                      "Alias": "mk",
                      "Startup Cost": 0.0,
                      "Total Cost": 39047.32,
                      "Plan Rows": 1459332,
                      "Plan Width": 4,
                      "Actual Startup Time": 0.04,
                      "Actual Total Time": 141.737,
                      "Actual Rows": 1130982,
                      "Actual Loops": 4
                    },
                    {
                      "Node Type": "Hash",
                      "Parent Relationship": "Inner",
                      "Parallel Aware": true,
                      "Startup Cost": 45479.59,
                      "Total Cost": 45479.59,
                      "Plan Rows": 29609,
                      "Plan Width": 4,
                      "Actual Startup Time": 128.202,
                      "Actual Total Time": 128.204,
                      "Actual Rows": 2079,
                      "Actual Loops": 4,
                      "Hash Buckets": 131072,
                      "Original Hash Buckets": 131072,
                      "Hash Batches": 1,
                      "Original Hash Batches": 1,
                      "Peak Memory Usage": 1440,
                      "Plans": [
                        {
                          "Node Type": "Seq Scan",
                          "Parent Relationship": "Outer",
                          "Parallel Aware": true,
                          "Relation Name": "title",
                          "Alias": "t",
                          "Startup Cost": 0.0,
                          "Total Cost": 45479.59,
                          "Plan Rows": 29609,
                          "Plan Width": 4,
                          "Actual Startup Time": 0.216,
                          "Actual Total Time": 126.332,
                          "Actual Rows": 2079,
                          "Actual Loops": 4,
                          "Filter": "((kind_id > 1) AND (production_year < 1952))",
                          "Rows Removed by Filter": 629999
                        }
                      ]
                    }
                  ]
                }
              ]
            }
          ]
        }
      ]
    },
    "Planning Time": 0.529,
    "Triggers": [],
    "Execution Time": 430.802
  }
]