[
    {
        "Bao": {
            "Bao prediction": "NaN",
            "Bao recommended hint": "(no hint)"
        }
    },
    {
        "Plan": {
            "Node Type": "Aggregate",
            "Strategy": "Plain",
            "Partial Mode": "Simple",
            "Parallel Aware": false,
            "Startup Cost": 26934.78,
            "Total Cost": 26934.79,
            "Plan Rows": 1,
            "Plan Width": 8,
            "Actual Startup Time": 36.071,
            "Actual Total Time": 36.073,
            "Actual Rows": 1,
            "Actual Loops": 1,
            "Output": [
                "count(*)"
            ],
            "Plans": [
                {
                    "Node Type": "Bitmap Heap Scan",
                    "Parent Relationship": "Outer",
                    "Parallel Aware": false,
                    "Relation Name": "movie_keyword",
                    "Schema": "public",
                    "Alias": "mk",
                    "Startup Cost": 1454.62,
                    "Total Cost": 26763.76,
                    "Plan Rows": 68411,
                    "Plan Width": 0,
                    "Actual Startup Time": 7.575,
                    "Actual Total Time": 33.086,
                    "Actual Rows": 64081,
                    "Actual Loops": 1,
                    "Recheck Cond": "(mk.keyword_id > 93486)",
                    "Rows Removed by Index Recheck": 0,
                    "Exact Heap Blocks": 14181,
                    "Lossy Heap Blocks": 0,
                    "Plans": [
                        {
                            "Node Type": "Bitmap Index Scan",
                            "Parent Relationship": "Outer",
                            "Parallel Aware": false,
                            "Index Name": "keyword_id_movie_keyword",
                            "Startup Cost": 0.0,
                            "Total Cost": 1437.51,
                            "Plan Rows": 68411,
                            "Plan Width": 0,
                            "Actual Startup Time": 5.47,
                            "Actual Total Time": 5.47,
                            "Actual Rows": 64081,
                            "Actual Loops": 1,
                            "Index Cond": "(mk.keyword_id > 93486)"
                        }
                    ]
                }
            ]
        },
        "Planning Time": 177.331,
        "Triggers": [],
        "Execution Time": 36.115
    }
]