{
    "Plan": {
        "Node Type": "Aggregate",
        "Strategy": "Plain",
        "Partial Mode": "Simple",
        "Parallel Aware": false,
        "Startup Cost": 10016559446.63,
        "Total Cost": 10016559446.64,
        "Plan Rows": 1,
        "Plan Width": 8,
        "Actual Startup Time": 10075.961,
        "Actual Total Time": 10075.965,
        "Actual Rows": 1,
        "Actual Loops": 1,
        "Output": [
            "count(*)"
        ],
        "Plans": [
            {
                "Node Type": "Hash Join",
                "Parent Relationship": "Outer",
                "Parallel Aware": false,
                "Join Type": "Inner",
                "Startup Cost": 10000450300.96,
                "Total Cost": 10016554227.75,
                "Plan Rows": 2087553,
                "Plan Width": 0,
                "Actual Startup Time": 4369.462,
                "Actual Total Time": 8271.931,
                "Actual Rows": 47837759,
                "Actual Loops": 1,
                "Inner Unique": false,
                "Hash Cond": "(t.id = mi.movie_id)",
                "Plans": [
                    {
                        "Node Type": "Hash Join",
                        "Parent Relationship": "Outer",
                        "Parallel Aware": false,
                        "Join Type": "Inner",
                        "Startup Cost": 10000192182.28,
                        "Total Cost": 10000252459.57,
                        "Plan Rows": 2368481,
                        "Plan Width": 8,
                        "Actual Startup Time": 2970.731,
                        "Actual Total Time": 3666.721,
                        "Actual Rows": 2364076,
                        "Actual Loops": 1,
                        "Output": [
                            "t.id",
                            "mk.movie_id"
                        ],
                        "Inner Unique": true,
                        "Hash Cond": "(mk.movie_id = t.id)",
                        "Plans": [
                            {
                                "Node Type": "Bitmap Heap Scan",
                                "Parent Relationship": "Outer",
                                "Parallel Aware": false,
                                "Relation Name": "movie_keyword",
                                "Schema": "public",
                                "Alias": "mk",
                                "Startup Cost": 50236.16,
                                "Total Cost": 104296.17,
                                "Plan Rows": 2368481,
                                "Plan Width": 4,
                                "Actual Startup Time": 198.681,
                                "Actual Total Time": 477.96,
                                "Actual Rows": 2364076,
                                "Actual Loops": 1,
                                "Output": [
                                    "mk.id",
                                    "mk.movie_id",
                                    "mk.keyword_id"
                                ],
                                "Recheck Cond": "(mk.keyword_id > 4107)",
                                "Rows Removed by Index Recheck": 0,
                                "Exact Heap Blocks": 24387,
                                "Lossy Heap Blocks": 0,
                                "Plans": [
                                    {
                                        "Node Type": "Bitmap Index Scan",
                                        "Parent Relationship": "Outer",
                                        "Parallel Aware": false,
                                        "Index Name": "keyword_id_movie_keyword",
                                        "Startup Cost": 0.0,
                                        "Total Cost": 49644.04,
                                        "Plan Rows": 2368481,
                                        "Plan Width": 0,
                                        "Actual Startup Time": 193.936,
                                        "Actual Total Time": 193.936,
                                        "Actual Rows": 2364076,
                                        "Actual Loops": 1,
                                        "Index Cond": "(mk.keyword_id > 4107)"
                                    }
                                ]
                            },
                            {
                                "Node Type": "Hash",
                                "Parent Relationship": "Inner",
                                "Parallel Aware": false,
                                "Startup Cost": 10000110342.1,
                                "Total Cost": 10000110342.1,
                                "Plan Rows": 2528322,
                                "Plan Width": 4,
                                "Actual Startup Time": 2750.373,
                                "Actual Total Time": 2750.374,
                                "Actual Rows": 2528312,
                                "Actual Loops": 1,
                                "Output": [
                                    "t.id"
                                ],
                                "Hash Buckets": 4194304,
                                "Original Hash Buckets": 4194304,
                                "Hash Batches": 1,
                                "Original Hash Batches": 1,
                                "Peak Memory Usage": 121654,
                                "Plans": [
                                    {
                                        "Node Type": "Index Scan",
                                        "Parent Relationship": "Outer",
                                        "Parallel Aware": false,
                                        "Scan Direction": "Forward",
                                        "Index Name": "title_pkey",
                                        "Relation Name": "title",
                                        "Schema": "public",
                                        "Alias": "t",
                                        "Startup Cost": 10000000000.43,
                                        "Total Cost": 10000110342.1,
                                        "Plan Rows": 2528322,
                                        "Plan Width": 4,
                                        "Actual Startup Time": 0.038,
                                        "Actual Total Time": 1921.125,
                                        "Actual Rows": 2528312,
                                        "Actual Loops": 1,
                                        "Output": [
                                            "t.id"
                                        ]
                                    }
                                ]
                            }
                        ]
                    },
                    {
                        "Node Type": "Hash",
                        "Parent Relationship": "Inner",
                        "Parallel Aware": false,
                        "Startup Cost": 230263.24,
                        "Total Cost": 230263.24,
                        "Plan Rows": 2228435,
                        "Plan Width": 4,
                        "Actual Startup Time": 1368.367,
                        "Actual Total Time": 1368.368,
                        "Actual Rows": 2233850,
                        "Actual Loops": 1,
                        "Output": [
                            "mi.movie_id"
                        ],
                        "Hash Buckets": 4194304,
                        "Original Hash Buckets": 4194304,
                        "Hash Batches": 1,
                        "Original Hash Batches": 1,
                        "Peak Memory Usage": 111302,
                        "Plans": [
                            {
                                "Node Type": "Bitmap Heap Scan",
                                "Parent Relationship": "Outer",
                                "Parallel Aware": false,
                                "Relation Name": "movie_info",
                                "Schema": "public",
                                "Alias": "mi",
                                "Startup Cost": 40414.81,
                                "Total Cost": 230263.24,
                                "Plan Rows": 2228435,
                                "Plan Width": 4,
                                "Actual Startup Time": 131.794,
                                "Actual Total Time": 784.761,
                                "Actual Rows": 2233850,
                                "Actual Loops": 1,
                                "Output": [
                                    "mi.movie_id"
                                ],
                                "Recheck Cond": "(mi.info_type_id > 16)",
                                "Rows Removed by Index Recheck": 0,
                                "Exact Heap Blocks": 51002,
                                "Lossy Heap Blocks": 0,
                                "Plans": [
                                    {
                                        "Node Type": "Bitmap Index Scan",
                                        "Parent Relationship": "Outer",
                                        "Parallel Aware": false,
                                        "Index Name": "info_type_id_movie_info",
                                        "Startup Cost": 0.0,
                                        "Total Cost": 39857.7,
                                        "Plan Rows": 2228435,
                                        "Plan Width": 0,
                                        "Actual Startup Time": 120.573,
                                        "Actual Total Time": 120.573,
                                        "Actual Rows": 2233850,
                                        "Actual Loops": 1,
                                        "Index Cond": "(mi.info_type_id > 16)"
                                    }
                                ]
                            }
                        ]
                    }
                ]
            }
        ]
    },
    "Planning Time": 3.715,
    "Triggers": [],
    "Execution Time": 10081.998
}