[
  {
    "Plan": {
      "Node Type": "Aggregate",
      "Strategy": "Plain",
      "Partial Mode": "Finalize",
      "Parallel Aware": false,
      "Startup Cost": 269001.11,
      "Total Cost": 269001.12,
      "Plan Rows": 1,
      "Plan Width": 8,
      "Actual Startup Time": 470.033,
      "Actual Total Time": 478.284,
      "Actual Rows": 1,
      "Actual Loops": 1,
      "Plans": [
        {
          "Node Type": "Gather",
          "Parent Relationship": "Outer",
          "Parallel Aware": false,
          "Startup Cost": 269000.79,
          "Total Cost": 269001.1,
          "Plan Rows": 3,
          "Plan Width": 8,
          "Actual Startup Time": 465.409,
          "Actual Total Time": 478.276,
          "Actual Rows": 4,
          "Actual Loops": 1,
          "Workers Planned": 3,
          "Workers Launched": 3,
          "Single Copy": false,
          "Plans": [
            {
              "Node Type": "Aggregate",
              "Strategy": "Plain",
              "Partial Mode": "Partial",
              "Parent Relationship": "Outer",
              "Parallel Aware": false,
              "Startup Cost": 268000.79,
              "Total Cost": 268000.8,
              "Plan Rows": 1,
              "Plan Width": 8,
              "Actual Startup Time": 457.786,
              "Actual Total Time": 457.882,
              "Actual Rows": 1,
              "Actual Loops": 4,
              "Plans": [
                {
                  "Node Type": "Hash Join",
                  "Parent Relationship": "Outer",
                  "Parallel Aware": true,
                  "Join Type": "Inner",
                  "Startup Cost": 223070.99,
                  "Total Cost": 267901.35,
                  "Plan Rows": 39774,
                  "Plan Width": 0,
                  "Actual Startup Time": 269.914,
                  "Actual Total Time": 427.758,
                  "Actual Rows": 749294,
                  "Actual Loops": 4,
                  "Inner Unique": false,
                  "Hash Cond": "(mk.movie_id = t.id)",
                  "Plans": [
                    {
                      "Node Type": "Seq Scan",
                      "Parent Relationship": "Outer",
                      "Parallel Aware": true,
                      "Relation Name": "movie_keyword",
                      "Alias": "mk",
                      "Startup Cost": 0.0,
                      "Total Cost": 42695.65,
                      "Plan Rows": 548043,
                      "Plan Width": 4,
                      "Actual Startup Time": 0.017,
                      "Actual Total Time": 89.883,
                      "Actual Rows": 425588,
                      "Actual Loops": 4,
                      "Filter": "(keyword_id < 2658)",
                      "Rows Removed by Filter": 705395
                    },
                    {
                      "Node Type": "Hash",
                      "Parent Relationship": "Inner",
                      "Parallel Aware": true,
                      "Startup Cost": 222612.26,
                      "Total Cost": 222612.26,
                      "Plan Rows": 36698,
                      "Plan Width": 8,
                      "Actual Startup Time": 244.456,
                      "Actual Total Time": 244.551,
                      "Actual Rows": 90888,
                      "Actual Loops": 4,
                      "Hash Buckets": 524288,
                      "Original Hash Buckets": 262144,
                      "Hash Batches": 1,
                      "Original Hash Batches": 1,
                      "Peak Memory Usage": 20416,
                      "Plans": [
                        {
                          "Node Type": "Hash Join",
                          "Parent Relationship": "Outer",
                          "Parallel Aware": true,
                          "Join Type": "Inner",
                          "Startup Cost": 58528.9,
                          "Total Cost": 222612.26,
                          "Plan Rows": 36698,
                          "Plan Width": 8,
                          "Actual Startup Time": 176.618,
                          "Actual Total Time": 218.312,
                          "Actual Rows": 90888,
                          "Actual Loops": 4,
                          "Inner Unique": true,
                          "Hash Cond": "(mi.movie_id = t.id)",
                          "Plans": [
                            {
                              "Node Type": "Bitmap Heap Scan",
                              "Parent Relationship": "Outer",
                              "Parallel Aware": true,
                              "Relation Name": "movie_info",
                              "Alias": "mi",
                              "Startup Cost": 12531.92,
                              "Total Cost": 176252.49,
                              "Plan Rows": 138206,
                              "Plan Width": 4,
                              "Actual Startup Time": 20.119,
                              "Actual Total Time": 42.763,
                              "Actual Rows": 165231,
                              "Actual Loops": 4,
                              "Recheck Cond": "(info_type_id = 18)",
                              "Rows Removed by Index Recheck": 0,
                              "Exact Heap Blocks": 2105,
                              "Lossy Heap Blocks": 0,
                              "Plans": [
                                {
                                  "Node Type": "Bitmap Index Scan",
                                  "Parent Relationship": "Outer",
                                  "Parallel Aware": false,
                                  "Index Name": "info_type_id_movie_info",
                                  "Startup Cost": 0.0,
                                  "Total Cost": 12359.16,
                                  "Plan Rows": 691030,
                                  "Plan Width": 0,
                                  "Actual Startup Time": 19.135,
                                  "Actual Total Time": 19.135,
                                  "Actual Rows": 660923,
                                  "Actual Loops": 1,
                                  "Index Cond": "(info_type_id = 18)"
                                }
                              ]
                            },
                            {
                              "Node Type": "Hash",
                              "Parent Relationship": "Inner",
                              "Parallel Aware": true,
                              "Startup Cost": 43899.01,
                              "Total Cost": 43899.01,
                              "Plan Rows": 167838,
                              "Plan Width": 4,
                              "Actual Startup Time": 132.112,
                              "Actual Total Time": 132.113,
                              "Actual Rows": 165706,
                              "Actual Loops": 4,
                              "Hash Buckets": 1048576,
                              "Original Hash Buckets": 1048576,
                              "Hash Batches": 1,
                              "Original Hash Batches": 1,
                              "Peak Memory Usage": 34208,
                              "Plans": [
                                {
                                  "Node Type": "Seq Scan",
                                  "Parent Relationship": "Outer",
                                  "Parallel Aware": true,
                                  "Relation Name": "title",
                                  "Alias": "t",
                                  "Startup Cost": 0.0,
                                  "Total Cost": 43899.01,
                                  "Plan Rows": 167838,
                                  "Plan Width": 4,
                                  "Actual Startup Time": 37.148,
                                  "Actual Total Time": 85.472,
                                  "Actual Rows": 165706,
                                  "Actual Loops": 4,
                                  "Filter": "(kind_id = 1)",
                                  "Rows Removed by Filter": 466372
                                }
                              ]
                            }
                          ]
                        }
                      ]
                    }
                  ]
                }
              ]
            }
          ]
        }
      ]
    },
    "Planning Time": 0.34,
    "Triggers": [],
    "Execution Time": 478.318
  }
]