[
  {
    "Plan": {
      "Node Type": "Aggregate",
      "Strategy": "Plain",
      "Partial Mode": "Finalize",
      "Parallel Aware": false,
      "Startup Cost": 44768.58,
      "Total Cost": 44768.59,
      "Plan Rows": 1,
      "Plan Width": 8,
      "Actual Startup Time": 125.674,
      "Actual Total Time": 133.488,
      "Actual Rows": 1,
      "Actual Loops": 1,
      "Plans": [
        {
          "Node Type": "Gather",
          "Parent Relationship": "Outer",
          "Parallel Aware": false,
          "Startup Cost": 44768.27,
          "Total Cost": 44768.58,
          "Plan Rows": 3,
          "Plan Width": 8,
          "Actual Startup Time": 125.547,
          "Actual Total Time": 133.479,
          "Actual Rows": 4,
          "Actual Loops": 1,
          "Workers Planned": 3,
          "Workers Launched": 3,
          "Single Copy": false,
          "Plans": [
            {
              "Node Type": "Aggregate",
              "Strategy": "Plain",
              "Partial Mode": "Partial",
              "Parent Relationship": "Outer",
              "Parallel Aware": false,
              "Startup Cost": 43768.27,
              "Total Cost": 43768.28,
              "Plan Rows": 1,
              "Plan Width": 8,
              "Actual Startup Time": 120.063,
              "Actual Total Time": 120.064,
              "Actual Rows": 1,
              "Actual Loops": 4,
              "Plans": [
                {
                  "Node Type": "Seq Scan",
                  "Parent Relationship": "Outer",
                  "Parallel Aware": true,
                  "Relation Name": "movie_keyword",
                  "Alias": "mk",
                  "Startup Cost": 0.0,
                  "Total Cost": 42695.65,
                  "Plan Rows": 429045,
                  "Plan Width": 0,
                  "Actual Startup Time": 1.514,
                  "Actual Total Time": 103.836,
                  "Actual Rows": 334555,
                  "Actual Loops": 4,
                  "Filter": "(keyword_id > 12835)",
                  "Rows Removed by Filter": 796428
                }
              ]
            }
          ]
        }
      ]
    },
    "Planning Time": 0.168,
    "Triggers": [],
    "Execution Time": 133.549
  }
]