{
  "Plan": {
    "Node Type": "Aggregate",
    "Strategy": "Plain",
    "Partial Mode": "Finalize",
    "Parallel Aware": false,
    "Startup Cost": 328215.88,
    "Total Cost": 328215.89,
    "Plan Rows": 1,
    "Plan Width": 8,
    "Actual Startup Time": 1383.955,
    "Actual Total Time": 1416.055,
    "Actual Rows": 1,
    "Actual Loops": 1,
    "Plans": [
      {
        "Node Type": "Gather",
        "Parent Relationship": "Outer",
        "Parallel Aware": false,
        "Startup Cost": 328215.77,
        "Total Cost": 328215.88,
        "Plan Rows": 1,
        "Plan Width": 8,
        "Actual Startup Time": 1379.021,
        "Actual Total Time": 1416.048,
        "Actual Rows": 2,
        "Actual Loops": 1,
        "Workers Planned": 1,
        "Workers Launched": 1,
        "Single Copy": false,
        "Plans": [
          {
            "Node Type": "Aggregate",
            "Strategy": "Plain",
            "Partial Mode": "Partial",
            "Parent Relationship": "Outer",
            "Parallel Aware": false,
            "Startup Cost": 327215.77,
            "Total Cost": 327215.78,
            "Plan Rows": 1,
            "Plan Width": 8,
            "Actual Startup Time": 1372.894,
            "Actual Total Time": 1372.898,
            "Actual Rows": 1,
            "Actual Loops": 2,
            "Plans": [
              {
                "Node Type": "Merge Join",
                "Parent Relationship": "Outer",
                "Parallel Aware": false,
                "Join Type": "Inner",
                "Startup Cost": 152030.08,
                "Total Cost": 326487.61,
                "Plan Rows": 291263,
                "Plan Width": 0,
                "Actual Startup Time": 835.507,
                "Actual Total Time": 1354.915,
                "Actual Rows": 442950,
                "Actual Loops": 2,
                "Inner Unique": false,
                "Merge Cond": "(mk.movie_id = t.id)",
                "Plans": [
                  {
                    "Node Type": "Index Scan",
                    "Parent Relationship": "Outer",
                    "Parallel Aware": true,
                    "Scan Direction": "Forward",
                    "Index Name": "movie_id_movie_keyword",
                    "Relation Name": "movie_keyword",
                    "Alias": "mk",
                    "Startup Cost": 0.43,
                    "Total Cost": 165212.95,
                    "Plan Rows": 1630894,
                    "Plan Width": 4,
                    "Actual Startup Time": 1.505,
                    "Actual Total Time": 371.888,
                    "Actual Rows": 1381083,
                    "Actual Loops": 2,
                    "Filter": "(keyword_id > 2862)",
                    "Rows Removed by Filter": 880855
                  },
                  {
                    "Node Type": "Sort",
                    "Parent Relationship": "Inner",
                    "Parallel Aware": false,
                    "Startup Cost": 152029.4,
                    "Total Cost": 153158.23,
                    "Plan Rows": 451530,
                    "Plan Width": 8,
                    "Actual Startup Time": 833.796,
                    "Actual Total Time": 860.69,
                    "Actual Rows": 744500,
                    "Actual Loops": 2,
                    "Sort Key": [
                      "mi_idx.movie_id"
                    ],
                    "Sort Method": "quicksort",
                    "Sort Space Used": 29624,
                    "Sort Space Type": "Memory",
                    "Workers": [
                      {
                        "Worker Number": 0,
                        "Sort Method": "quicksort",
                        "Sort Space Used": 29624,
                        "Sort Space Type": "Memory"
                      }
                    ],
                    "Plans": [
                      {
                        "Node Type": "Hash Join",
                        "Parent Relationship": "Outer",
                        "Parallel Aware": false,
                        "Join Type": "Inner",
                        "Startup Cost": 84262.71,
                        "Total Cost": 109620.66,
                        "Plan Rows": 451530,
                        "Plan Width": 8,
                        "Actual Startup Time": 444.026,
                        "Actual Total Time": 760.22,
                        "Actual Rows": 369825,
                        "Actual Loops": 2,
                        "Inner Unique": true,
                        "Hash Cond": "(mi_idx.movie_id = t.id)",
                        "Plans": [
                          {
                            "Node Type": "Seq Scan",
                            "Parent Relationship": "Outer",
                            "Parallel Aware": false,
                            "Relation Name": "movie_info_idx",
                            "Alias": "mi_idx",
                            "Startup Cost": 0.0,
                            "Total Cost": 21735.35,
                            "Plan Rows": 1380035,
                            "Plan Width": 4,
                            "Actual Startup Time": 0.09,
                            "Actual Total Time": 93.125,
                            "Actual Rows": 1380035,
                            "Actual Loops": 2
                          },
                          {
                            "Node Type": "Hash",
                            "Parent Relationship": "Inner",
                            "Parallel Aware": false,
                            "Startup Cost": 73922.39,
                            "Total Cost": 73922.39,
                            "Plan Rows": 827225,
                            "Plan Width": 4,
                            "Actual Startup Time": 437.768,
                            "Actual Total Time": 437.769,
                            "Actual Rows": 742319,
                            "Actual Loops": 2,
                            "Hash Buckets": 1048576,
                            "Original Hash Buckets": 1048576,
                            "Hash Batches": 1,
                            "Original Hash Batches": 1,
                            "Peak Memory Usage": 34290,
                            "Plans": [
                              {
                                "Node Type": "Seq Scan",
                                "Parent Relationship": "Outer",
                                "Parallel Aware": false,
                                "Relation Name": "title",
                                "Alias": "t",
                                "Startup Cost": 0.0,
                                "Total Cost": 73922.39,
                                "Plan Rows": 827225,
                                "Plan Width": 4,
                                "Actual Startup Time": 0.041,
                                "Actual Total Time": 277.737,
                                "Actual Rows": 742319,
                                "Actual Loops": 2,
                                "Filter": "((kind_id > 1) AND (production_year < 2002))",
                                "Rows Removed by Filter": 1785993
                              }
                            ]
                          }
                        ]
                      }
                    ]
                  }
                ]
              }
            ]
          }
        ]
      }
    ]
  },
  "Planning Time": 1.09,
  "Triggers": [],
  "Execution Time": 1416.476
}