[
  {
    "Plan": {
      "Node Type": "Aggregate",
      "Strategy": "Plain",
      "Partial Mode": "Finalize",
      "Parallel Aware": false,
      "Startup Cost": 354164.87,
      "Total Cost": 354164.88,
      "Plan Rows": 1,
      "Plan Width": 8,
      "Actual Startup Time": 370.655,
      "Actual Total Time": 389.319,
      "Actual Rows": 1,
      "Actual Loops": 1,
      "Plans": [
        {
          "Node Type": "Gather",
          "Parent Relationship": "Outer",
          "Parallel Aware": false,
          "Startup Cost": 354164.25,
          "Total Cost": 354164.86,
          "Plan Rows": 6,
          "Plan Width": 8,
          "Actual Startup Time": 365.673,
          "Actual Total Time": 389.306,
          "Actual Rows": 7,
          "Actual Loops": 1,
          "Workers Planned": 6,
          "Workers Launched": 6,
          "Single Copy": false,
          "Plans": [
            {
              "Node Type": "Aggregate",
              "Strategy": "Plain",
              "Partial Mode": "Partial",
              "Parent Relationship": "Outer",
              "Parallel Aware": false,
              "Startup Cost": 353164.25,
              "Total Cost": 353164.26,
              "Plan Rows": 1,
              "Plan Width": 8,
              "Actual Startup Time": 355.246,
              "Actual Total Time": 355.25,
              "Actual Rows": 1,
              "Actual Loops": 7,
              "Plans": [
                {
                  "Node Type": "Hash Join",
                  "Parent Relationship": "Outer",
                  "Parallel Aware": true,
                  "Join Type": "Inner",
                  "Startup Cost": 94376.05,
                  "Total Cost": 353014.25,
                  "Plan Rows": 59999,
                  "Plan Width": 0,
                  "Actual Startup Time": 197.672,
                  "Actual Total Time": 351.52,
                  "Actual Rows": 58451,
                  "Actual Loops": 7,
                  "Inner Unique": true,
                  "Hash Cond": "(ci.movie_id = t.id)",
                  "Plans": [
                    {
                      "Node Type": "Bitmap Heap Scan",
                      "Parent Relationship": "Outer",
                      "Parallel Aware": true,
                      "Relation Name": "cast_info",
                      "Alias": "ci",
                      "Startup Cost": 46893.39,
                      "Total Cost": 304910.32,
                      "Plan Rows": 236673,
                      "Plan Width": 4,
                      "Actual Startup Time": 79.186,
                      "Actual Total Time": 165.29,
                      "Actual Rows": 248543,
                      "Actual Loops": 7,
                      "Recheck Cond": "(person_id < 214216)",
                      "Rows Removed by Index Recheck": 0,
                      "Filter": "(role_id < 4)",
                      "Rows Removed by Filter": 64757,
                      "Exact Heap Blocks": 4795,
                      "Lossy Heap Blocks": 0,
                      "Plans": [
                        {
                          "Node Type": "Bitmap Index Scan",
                          "Parent Relationship": "Outer",
                          "Parallel Aware": false,
                          "Index Name": "person_id_cast_info",
                          "Startup Cost": 0.0,
                          "Total Cost": 46538.38,
                          "Plan Rows": 2131975,
                          "Plan Width": 0,
                          "Actual Startup Time": 75.507,
                          "Actual Total Time": 75.508,
                          "Actual Rows": 2193102,
                          "Actual Loops": 1,
                          "Index Cond": "(person_id < 214216)"
                        }
                      ]
                    },
                    {
                      "Node Type": "Hash",
                      "Parent Relationship": "Inner",
                      "Parallel Aware": true,
                      "Startup Cost": 45479.59,
                      "Total Cost": 45479.59,
                      "Plan Rows": 160246,
                      "Plan Width": 4,
                      "Actual Startup Time": 116.199,
                      "Actual Total Time": 116.2,
                      "Actual Rows": 73609,
                      "Actual Loops": 7,
                      "Hash Buckets": 1048576,
                      "Original Hash Buckets": 1048576,
                      "Hash Batches": 1,
                      "Original Hash Batches": 1,
                      "Peak Memory Usage": 28480,
                      "Plans": [
                        {
                          "Node Type": "Seq Scan",
                          "Parent Relationship": "Outer",
                          "Parallel Aware": true,
                          "Relation Name": "title",
                          "Alias": "t",
                          "Startup Cost": 0.0,
                          "Total Cost": 45479.59,
                          "Plan Rows": 160246,
                          "Plan Width": 4,
                          "Actual Startup Time": 0.044,
                          "Actual Total Time": 79.722,
                          "Actual Rows": 73609,
                          "Actual Loops": 7,
                          "Filter": "((kind_id < 4) AND (production_year > 1983))",
                          "Rows Removed by Filter": 287579
                        }
                      ]
                    }
                  ]
                }
              ]
            }
          ]
        }
      ]
    },
    "Planning Time": 0.246,
    "Triggers": [],
    "Execution Time": 389.371
  }
]