[
  {
    "Plan": {
      "Node Type": "Aggregate",
      "Strategy": "Plain",
      "Partial Mode": "Finalize",
      "Parallel Aware": false,
      "Startup Cost": 355754.67,
      "Total Cost": 355754.68,
      "Plan Rows": 1,
      "Plan Width": 8,
      "Actual Startup Time": 362.076,
      "Actual Total Time": 376.671,
      "Actual Rows": 1,
      "Actual Loops": 1,
      "Plans": [
        {
          "Node Type": "Gather",
          "Parent Relationship": "Outer",
          "Parallel Aware": false,
          "Startup Cost": 355754.04,
          "Total Cost": 355754.65,
          "Plan Rows": 6,
          "Plan Width": 8,
          "Actual Startup Time": 355.804,
          "Actual Total Time": 376.663,
          "Actual Rows": 7,
          "Actual Loops": 1,
          "Workers Planned": 6,
          "Workers Launched": 6,
          "Single Copy": false,
          "Plans": [
            {
              "Node Type": "Aggregate",
              "Strategy": "Plain",
              "Partial Mode": "Partial",
              "Parent Relationship": "Outer",
              "Parallel Aware": false,
              "Startup Cost": 354754.04,
              "Total Cost": 354754.05,
              "Plan Rows": 1,
              "Plan Width": 8,
              "Actual Startup Time": 344.241,
              "Actual Total Time": 344.246,
              "Actual Rows": 1,
              "Actual Loops": 7,
              "Plans": [
                {
                  "Node Type": "Hash Join",
                  "Parent Relationship": "Outer",
                  "Parallel Aware": true,
                  "Join Type": "Inner",
                  "Startup Cost": 95791.61,
                  "Total Cost": 354600.79,
                  "Plan Rows": 61301,
                  "Plan Width": 0,
                  "Actual Startup Time": 205.555,
                  "Actual Total Time": 341.12,
                  "Actual Rows": 58451,
                  "Actual Loops": 7,
                  "Inner Unique": true,
                  "Hash Cond": "(ci.movie_id = t.id)",
                  "Plans": [
                    {
                      "Node Type": "Bitmap Heap Scan",
                      "Parent Relationship": "Outer",
                      "Parallel Aware": true,
                      "Relation Name": "cast_info",
                      "Alias": "ci",
                      "Startup Cost": 48305.04,
                      "Total Cost": 306480.89,
                      "Plan Rows": 241266,
                      "Plan Width": 4,
                      "Actual Startup Time": 86.414,
                      "Actual Total Time": 159.86,
                      "Actual Rows": 248543,
                      "Actual Loops": 7,
                      "Recheck Cond": "(person_id < 214216)",
                      "Rows Removed by Index Recheck": 0,
                      "Filter": "(role_id < 4)",
                      "Rows Removed by Filter": 64757,
                      "Exact Heap Blocks": 4541,
                      "Lossy Heap Blocks": 0,
                      "Plans": [
                        {
                          "Node Type": "Bitmap Index Scan",
                          "Parent Relationship": "Outer",
                          "Parallel Aware": false,
                          "Index Name": "person_id_cast_info",
                          "Startup Cost": 0.0,
                          "Total Cost": 47943.14,
                          "Plan Rows": 2195543,
                          "Plan Width": 0,
                          "Actual Startup Time": 82.5,
                          "Actual Total Time": 82.501,
                          "Actual Rows": 2193102,
                          "Actual Loops": 1,
                          "Index Cond": "(person_id < 214216)"
                        }
                      ]
                    },
                    {
                      "Node Type": "Hash",
                      "Parent Relationship": "Inner",
                      "Parallel Aware": true,
                      "Startup Cost": 45479.1,
                      "Total Cost": 45479.1,
                      "Plan Rows": 160598,
                      "Plan Width": 4,
                      "Actual Startup Time": 115.922,
                      "Actual Total Time": 115.923,
                      "Actual Rows": 73609,
                      "Actual Loops": 7,
                      "Hash Buckets": 1048576,
                      "Original Hash Buckets": 1048576,
                      "Hash Batches": 1,
                      "Original Hash Batches": 1,
                      "Peak Memory Usage": 28448,
                      "Plans": [
                        {
                          "Node Type": "Seq Scan",
                          "Parent Relationship": "Outer",
                          "Parallel Aware": true,
                          "Relation Name": "title",
                          "Alias": "t",
                          "Startup Cost": 0.0,
                          "Total Cost": 45479.1,
                          "Plan Rows": 160598,
                          "Plan Width": 4,
                          "Actual Startup Time": 0.041,
                          "Actual Total Time": 77.929,
                          "Actual Rows": 73609,
                          "Actual Loops": 7,
                          "Filter": "((kind_id < 4) AND (production_year > 1983))",
                          "Rows Removed by Filter": 287579
                        }
                      ]
                    }
                  ]
                }
              ]
            }
          ]
        }
      ]
    },
    "Planning Time": 0.633,
    "Triggers": [],
    "Execution Time": 376.763
  }
]