[
  {
    "Plan": {
      "Node Type": "Aggregate",
      "Strategy": "Plain",
      "Partial Mode": "Finalize",
      "Parallel Aware": false,
      "Startup Cost": 143238.15,
      "Total Cost": 143238.16,
      "Plan Rows": 1,
      "Plan Width": 8,
      "Actual Startup Time": 2078.458,
      "Actual Total Time": 2111.46,
      "Actual Rows": 1,
      "Actual Loops": 1,
      "Plans": [
        {
          "Node Type": "Gather",
          "Parent Relationship": "Outer",
          "Parallel Aware": false,
          "Startup Cost": 143237.83,
          "Total Cost": 143238.14,
          "Plan Rows": 3,
          "Plan Width": 8,
          "Actual Startup Time": 2051.176,
          "Actual Total Time": 2111.447,
          "Actual Rows": 4,
          "Actual Loops": 1,
          "Workers Planned": 3,
          "Workers Launched": 3,
          "Single Copy": false,
          "Plans": [
            {
              "Node Type": "Aggregate",
              "Strategy": "Plain",
              "Partial Mode": "Partial",
              "Parent Relationship": "Outer",
              "Parallel Aware": false,
              "Startup Cost": 142237.83,
              "Total Cost": 142237.84,
              "Plan Rows": 1,
              "Plan Width": 8,
              "Actual Startup Time": 2039.141,
              "Actual Total Time": 2041.027,
              "Actual Rows": 1,
              "Actual Loops": 4,
              "Plans": [
                {
                  "Node Type": "Hash Join",
                  "Parent Relationship": "Outer",
                  "Parallel Aware": true,
                  "Join Type": "Inner",
                  "Startup Cost": 90840.9,
                  "Total Cost": 139235.15,
                  "Plan Rows": 1201072,
                  "Plan Width": 0,
                  "Actual Startup Time": 861.085,
                  "Actual Total Time": 1682.239,
                  "Actual Rows": 8035349,
                  "Actual Loops": 4,
                  "Inner Unique": false,
                  "Hash Cond": "(mk.movie_id = t.id)",
                  "Plans": [
                    {
                      "Node Type": "Seq Scan",
                      "Parent Relationship": "Outer",
                      "Parallel Aware": true,
                      "Relation Name": "movie_keyword",
                      "Alias": "mk",
                      "Startup Cost": 0.0,
                      "Total Cost": 39047.32,
                      "Plan Rows": 1459332,
                      "Plan Width": 4,
                      "Actual Startup Time": 0.036,
                      "Actual Total Time": 92.645,
                      "Actual Rows": 1130982,
                      "Actual Loops": 4
                    },
                    {
                      "Node Type": "Hash",
                      "Parent Relationship": "Inner",
                      "Parallel Aware": true,
                      "Startup Cost": 82449.92,
                      "Total Cost": 82449.92,
                      "Plan Rows": 671279,
                      "Plan Width": 8,
                      "Actual Startup Time": 853.426,
                      "Actual Total Time": 855.31,
                      "Actual Rows": 501333,
                      "Actual Loops": 4,
                      "Hash Buckets": 2097152,
                      "Original Hash Buckets": 2097152,
                      "Hash Batches": 1,
                      "Original Hash Batches": 1,
                      "Peak Memory Usage": 94912,
                      "Plans": [
                        {
                          "Node Type": "Hash Join",
                          "Parent Relationship": "Outer",
                          "Parallel Aware": true,
                          "Join Type": "Inner",
                          "Startup Cost": 51243.43,
                          "Total Cost": 82449.92,
                          "Plan Rows": 671279,
                          "Plan Width": 8,
                          "Actual Startup Time": 388.285,
                          "Actual Total Time": 678.999,
                          "Actual Rows": 501333,
                          "Actual Loops": 4,
                          "Inner Unique": true,
                          "Hash Cond": "(mc.movie_id = t.id)",
                          "Plans": [
                            {
                              "Node Type": "Seq Scan",
                              "Parent Relationship": "Outer",
                              "Parallel Aware": true,
                              "Relation Name": "movie_companies",
                              "Alias": "mc",
                              "Startup Cost": 0.0,
                              "Total Cost": 29310.68,
                              "Plan Rows": 722210,
                              "Plan Width": 4,
                              "Actual Startup Time": 0.048,
                              "Actual Total Time": 88.847,
                              "Actual Rows": 560435,
                              "Actual Loops": 4,
                              "Filter": "(company_id > 192)",
                              "Rows Removed by Filter": 91847
                            },
                            {
                              "Node Type": "Hash",
                              "Parent Relationship": "Inner",
                              "Parallel Aware": true,
                              "Startup Cost": 43899.32,
                              "Total Cost": 43899.32,
                              "Plan Rows": 587529,
                              "Plan Width": 4,
                              "Actual Startup Time": 380.88,
                              "Actual Total Time": 380.881,
                              "Actual Rows": 585926,
                              "Actual Loops": 4,
                              "Hash Buckets": 4194304,
                              "Original Hash Buckets": 4194304,
                              "Hash Batches": 1,
                              "Original Hash Batches": 1,
                              "Peak Memory Usage": 124512,
                              "Plans": [
                                {
                                  "Node Type": "Seq Scan",
                                  "Parent Relationship": "Outer",
                                  "Parallel Aware": true,
                                  "Relation Name": "title",
                                  "Alias": "t",
                                  "Startup Cost": 0.0,
                                  "Total Cost": 43899.32,
                                  "Plan Rows": 587529,
                                  "Plan Width": 4,
                                  "Actual Startup Time": 0.059,
                                  "Actual Total Time": 126.344,
                                  "Actual Rows": 585926,
                                  "Actual Loops": 4,
                                  "Filter": "(production_year > 1928)",
                                  "Rows Removed by Filter": 46152
                                }
                              ]
                            }
                          ]
                        }
                      ]
                    }
                  ]
                }
              ]
            }
          ]
        }
      ]
    },
    "Planning Time": 1.601,
    "Triggers": [],
    "Execution Time": 2111.542
  }
]