[
    {
        "Bao": {
            "Bao prediction": 545.858,
            "Bao recommended hint": "(no hint)"
        }
    },
    {
        "Plan": {
            "Node Type": "Aggregate",
            "Strategy": "Plain",
            "Partial Mode": "Finalize",
            "Parallel Aware": false,
            "Startup Cost": 248423.02,
            "Total Cost": 248423.03,
            "Plan Rows": 1,
            "Plan Width": 8,
            "Actual Startup Time": 645.33,
            "Actual Total Time": 671.201,
            "Actual Rows": 1,
            "Actual Loops": 1,
            "Output": [
                "count(*)"
            ],
            "Plans": [
                {
                    "Node Type": "Gather",
                    "Parent Relationship": "Outer",
                    "Parallel Aware": false,
                    "Startup Cost": 248422.4,
                    "Total Cost": 248423.01,
                    "Plan Rows": 6,
                    "Plan Width": 8,
                    "Actual Startup Time": 615.278,
                    "Actual Total Time": 671.19,
                    "Actual Rows": 7,
                    "Actual Loops": 1,
                    "Output": [
                        "(PARTIAL count(*))"
                    ],
                    "Workers Planned": 6,
                    "Workers Launched": 6,
                    "Single Copy": false,
                    "Plans": [
                        {
                            "Node Type": "Aggregate",
                            "Strategy": "Plain",
                            "Partial Mode": "Partial",
                            "Parent Relationship": "Outer",
                            "Parallel Aware": false,
                            "Startup Cost": 247422.4,
                            "Total Cost": 247422.41,
                            "Plan Rows": 1,
                            "Plan Width": 8,
                            "Actual Startup Time": 593.341,
                            "Actual Total Time": 593.345,
                            "Actual Rows": 1,
                            "Actual Loops": 7,
                            "Output": [
                                "PARTIAL count(*)"
                            ],
                            "Workers": [
                                {
                                    "Worker Number": 0,
                                    "Actual Startup Time": 589.36,
                                    "Actual Total Time": 589.363,
                                    "Actual Rows": 1,
                                    "Actual Loops": 1
                                },
                                {
                                    "Worker Number": 1,
                                    "Actual Startup Time": 589.358,
                                    "Actual Total Time": 589.361,
                                    "Actual Rows": 1,
                                    "Actual Loops": 1
                                },
                                {
                                    "Worker Number": 2,
                                    "Actual Startup Time": 591.438,
                                    "Actual Total Time": 591.443,
                                    "Actual Rows": 1,
                                    "Actual Loops": 1
                                },
                                {
                                    "Worker Number": 3,
                                    "Actual Startup Time": 589.617,
                                    "Actual Total Time": 589.62,
                                    "Actual Rows": 1,
                                    "Actual Loops": 1
                                },
                                {
                                    "Worker Number": 4,
                                    "Actual Startup Time": 589.578,
                                    "Actual Total Time": 589.581,
                                    "Actual Rows": 1,
                                    "Actual Loops": 1
                                },
                                {
                                    "Worker Number": 5,
                                    "Actual Startup Time": 589.653,
                                    "Actual Total Time": 589.656,
                                    "Actual Rows": 1,
                                    "Actual Loops": 1
                                }
                            ],
                            "Plans": [
                                {
                                    "Node Type": "Hash Join",
                                    "Parent Relationship": "Outer",
                                    "Parallel Aware": true,
                                    "Join Type": "Inner",
                                    "Startup Cost": 50220.37,
                                    "Total Cost": 247016.3,
                                    "Plan Rows": 162440,
                                    "Plan Width": 0,
                                    "Actual Startup Time": 282.709,
                                    "Actual Total Time": 587.989,
                                    "Actual Rows": 71739,
                                    "Actual Loops": 7,
                                    "Inner Unique": true,
                                    "Hash Cond": "(ci.movie_id = t.id)",
                                    "Workers": [
                                        {
                                            "Worker Number": 0,
                                            "Actual Startup Time": 279.091,
                                            "Actual Total Time": 584.134,
                                            "Actual Rows": 69453,
                                            "Actual Loops": 1
                                        },
                                        {
                                            "Worker Number": 1,
                                            "Actual Startup Time": 279.01,
                                            "Actual Total Time": 584.182,
                                            "Actual Rows": 67945,
                                            "Actual Loops": 1
                                        },
                                        {
                                            "Worker Number": 2,
                                            "Actual Startup Time": 279.109,
                                            "Actual Total Time": 585.957,
                                            "Actual Rows": 70234,
                                            "Actual Loops": 1
                                        },
                                        {
                                            "Worker Number": 3,
                                            "Actual Startup Time": 279.169,
                                            "Actual Total Time": 584.129,
                                            "Actual Rows": 72492,
                                            "Actual Loops": 1
                                        },
                                        {
                                            "Worker Number": 4,
                                            "Actual Startup Time": 279.292,
                                            "Actual Total Time": 584.22,
                                            "Actual Rows": 71412,
                                            "Actual Loops": 1
                                        },
                                        {
                                            "Worker Number": 5,
                                            "Actual Startup Time": 279.276,
                                            "Actual Total Time": 584.212,
                                            "Actual Rows": 71775,
                                            "Actual Loops": 1
                                        }
                                    ],
                                    "Plans": [
                                        {
                                            "Node Type": "Index Scan",
                                            "Parent Relationship": "Outer",
                                            "Parallel Aware": true,
                                            "Scan Direction": "Forward",
                                            "Index Name": "role_id_cast_info",
                                            "Relation Name": "cast_info",
                                            "Schema": "public",
                                            "Alias": "ci",
                                            "Startup Cost": 0.56,
                                            "Total Cost": 196370.09,
                                            "Plan Rows": 162440,
                                            "Plan Width": 4,
                                            "Actual Startup Time": 0.17,
                                            "Actual Total Time": 256.162,
                                            "Actual Rows": 71739,
                                            "Actual Loops": 7,
                                            "Output": [
                                                "ci.id",
                                                "ci.person_id",
                                                "ci.movie_id",
                                                "ci.person_role_id",
                                                "ci.note",
                                                "ci.nr_order",
                                                "ci.role_id"
                                            ],
                                            "Index Cond": "(ci.role_id > 7)",
                                            "Rows Removed by Index Recheck": 0,
                                            "Filter": "(ci.person_id < 479129)",
                                            "Rows Removed by Filter": 990580,
                                            "Workers": [
                                                {
                                                    "Worker Number": 0,
                                                    "Actual Startup Time": 0.315,
                                                    "Actual Total Time": 256.673,
                                                    "Actual Rows": 69453,
                                                    "Actual Loops": 1
                                                },
                                                {
                                                    "Worker Number": 1,
                                                    "Actual Startup Time": 0.124,
                                                    "Actual Total Time": 256.835,
                                                    "Actual Rows": 67945,
                                                    "Actual Loops": 1
                                                },
                                                {
                                                    "Worker Number": 2,
                                                    "Actual Startup Time": 0.132,
                                                    "Actual Total Time": 257.719,
                                                    "Actual Rows": 70234,
                                                    "Actual Loops": 1
                                                },
                                                {
                                                    "Worker Number": 3,
                                                    "Actual Startup Time": 0.143,
                                                    "Actual Total Time": 256.676,
                                                    "Actual Rows": 72492,
                                                    "Actual Loops": 1
                                                },
                                                {
                                                    "Worker Number": 4,
                                                    "Actual Startup Time": 0.171,
                                                    "Actual Total Time": 257.293,
                                                    "Actual Rows": 71412,
                                                    "Actual Loops": 1
                                                },
                                                {
                                                    "Worker Number": 5,
                                                    "Actual Startup Time": 0.062,
                                                    "Actual Total Time": 256.919,
                                                    "Actual Rows": 71775,
                                                    "Actual Loops": 1
                                                }
                                            ]
                                        },
                                        {
                                            "Node Type": "Hash",
                                            "Parent Relationship": "Inner",
                                            "Parallel Aware": true,
                                            "Startup Cost": 42318.81,
                                            "Total Cost": 42318.81,
                                            "Plan Rows": 632080,
                                            "Plan Width": 4,
                                            "Actual Startup Time": 275.325,
                                            "Actual Total Time": 275.326,
                                            "Actual Rows": 361187,
                                            "Actual Loops": 7,
                                            "Output": [
                                                "t.id"
                                            ],
                                            "Hash Buckets": 4194304,
                                            "Original Hash Buckets": 4194304,
                                            "Hash Batches": 1,
                                            "Original Hash Batches": 1,
                                            "Peak Memory Usage": 131744,
                                            "Workers": [
                                                {
                                                    "Worker Number": 0,
                                                    "Actual Startup Time": 278.299,
                                                    "Actual Total Time": 278.3,
                                                    "Actual Rows": 344902,
                                                    "Actual Loops": 1
                                                },
                                                {
                                                    "Worker Number": 1,
                                                    "Actual Startup Time": 278.289,
                                                    "Actual Total Time": 278.29,
                                                    "Actual Rows": 336120,
                                                    "Actual Loops": 1
                                                },
                                                {
                                                    "Worker Number": 2,
                                                    "Actual Startup Time": 278.493,
                                                    "Actual Total Time": 278.495,
                                                    "Actual Rows": 343029,
                                                    "Actual Loops": 1
                                                },
                                                {
                                                    "Worker Number": 3,
                                                    "Actual Startup Time": 278.539,
                                                    "Actual Total Time": 278.54,
                                                    "Actual Rows": 354889,
                                                    "Actual Loops": 1
                                                },
                                                {
                                                    "Worker Number": 4,
                                                    "Actual Startup Time": 278.504,
                                                    "Actual Total Time": 278.505,
                                                    "Actual Rows": 355771,
                                                    "Actual Loops": 1
                                                },
                                                {
                                                    "Worker Number": 5,
                                                    "Actual Startup Time": 278.548,
                                                    "Actual Total Time": 278.549,
                                                    "Actual Rows": 352322,
                                                    "Actual Loops": 1
                                                }
                                            ],
                                            "Plans": [
                                                {
                                                    "Node Type": "Seq Scan",
                                                    "Parent Relationship": "Outer",
                                                    "Parallel Aware": true,
                                                    "Relation Name": "title",
                                                    "Schema": "public",
                                                    "Alias": "t",
                                                    "Startup Cost": 0.0,
                                                    "Total Cost": 42318.81,
                                                    "Plan Rows": 632080,
                                                    "Plan Width": 4,
                                                    "Actual Startup Time": 0.041,
                                                    "Actual Total Time": 83.375,
                                                    "Actual Rows": 361187,
                                                    "Actual Loops": 7,
                                                    "Output": [
                                                        "t.id"
                                                    ],
                                                    "Workers": [
                                                        {
                                                            "Worker Number": 0,
                                                            "Actual Startup Time": 0.044,
                                                            "Actual Total Time": 85.608,
                                                            "Actual Rows": 344902,
                                                            "Actual Loops": 1
                                                        },
                                                        {
                                                            "Worker Number": 1,
                                                            "Actual Startup Time": 0.044,
                                                            "Actual Total Time": 85.18,
                                                            "Actual Rows": 336120,
                                                            "Actual Loops": 1
                                                        },
                                                        {
                                                            "Worker Number": 2,
                                                            "Actual Startup Time": 0.025,
                                                            "Actual Total Time": 87.736,
                                                            "Actual Rows": 343029,
                                                            "Actual Loops": 1
                                                        },
                                                        {
                                                            "Worker Number": 3,
                                                            "Actual Startup Time": 0.058,
                                                            "Actual Total Time": 85.804,
                                                            "Actual Rows": 354889,
                                                            "Actual Loops": 1
                                                        },
                                                        {
                                                            "Worker Number": 4,
                                                            "Actual Startup Time": 0.058,
                                                            "Actual Total Time": 85.474,
                                                            "Actual Rows": 355771,
                                                            "Actual Loops": 1
                                                        },
                                                        {
                                                            "Worker Number": 5,
                                                            "Actual Startup Time": 0.045,
                                                            "Actual Total Time": 86.737,
                                                            "Actual Rows": 352322,
                                                            "Actual Loops": 1
                                                        }
                                                    ]
                                                }
                                            ]
                                        }
                                    ]
                                }
                            ]
                        }
                    ]
                }
            ]
        },
        "Planning Time": 1340.087,
        "Triggers": [],
        "Execution Time": 671.325
    }
]