[
  {
    "Plan": {
      "Node Type": "Aggregate",
      "Strategy": "Plain",
      "Partial Mode": "Finalize",
      "Parallel Aware": false,
      "Startup Cost": 46475.41,
      "Total Cost": 46475.42,
      "Plan Rows": 1,
      "Plan Width": 8,
      "Actual Startup Time": 163.232,
      "Actual Total Time": 170.532,
      "Actual Rows": 1,
      "Actual Loops": 1,
      "Plans": [
        {
          "Node Type": "Gather",
          "Parent Relationship": "Outer",
          "Parallel Aware": false,
          "Startup Cost": 46475.09,
          "Total Cost": 46475.4,
          "Plan Rows": 3,
          "Plan Width": 8,
          "Actual Startup Time": 163.126,
          "Actual Total Time": 170.525,
          "Actual Rows": 4,
          "Actual Loops": 1,
          "Workers Planned": 3,
          "Workers Launched": 3,
          "Single Copy": false,
          "Plans": [
            {
              "Node Type": "Aggregate",
              "Strategy": "Plain",
              "Partial Mode": "Partial",
              "Parent Relationship": "Outer",
              "Parallel Aware": false,
              "Startup Cost": 45475.09,
              "Total Cost": 45475.1,
              "Plan Rows": 1,
              "Plan Width": 8,
              "Actual Startup Time": 154.895,
              "Actual Total Time": 154.896,
              "Actual Rows": 1,
              "Actual Loops": 4,
              "Plans": [
                {
                  "Node Type": "Seq Scan",
                  "Parent Relationship": "Outer",
                  "Parallel Aware": true,
                  "Relation Name": "movie_keyword",
                  "Alias": "mk",
                  "Startup Cost": 0.0,
                  "Total Cost": 42695.65,
                  "Plan Rows": 1111775,
                  "Plan Width": 0,
                  "Actual Startup Time": 0.059,
                  "Actual Total Time": 117.475,
                  "Actual Rows": 861782,
                  "Actual Loops": 4,
                  "Filter": "(keyword_id < 16414)",
                  "Rows Removed by Filter": 269200
                }
              ]
            }
          ]
        }
      ]
    },
    "Planning Time": 0.119,
    "Triggers": [],
    "Execution Time": 170.572
  }
]