[
  {
    "Plan": {
      "Node Type": "Aggregate",
      "Strategy": "Plain",
      "Partial Mode": "Finalize",
      "Parallel Aware": false,
      "Startup Cost": 379619.69,
      "Total Cost": 379619.7,
      "Plan Rows": 1,
      "Plan Width": 8,
      "Actual Startup Time": 1052.554,
      "Actual Total Time": 1111.205,
      "Actual Rows": 1,
      "Actual Loops": 1,
      "Plans": [
        {
          "Node Type": "Gather",
          "Parent Relationship": "Outer",
          "Parallel Aware": false,
          "Startup Cost": 379619.06,
          "Total Cost": 379619.67,
          "Plan Rows": 6,
          "Plan Width": 8,
          "Actual Startup Time": 1043.888,
          "Actual Total Time": 1111.191,
          "Actual Rows": 7,
          "Actual Loops": 1,
          "Workers Planned": 6,
          "Workers Launched": 6,
          "Single Copy": false,
          "Plans": [
            {
              "Node Type": "Aggregate",
              "Strategy": "Plain",
              "Partial Mode": "Partial",
              "Parent Relationship": "Outer",
              "Parallel Aware": false,
              "Startup Cost": 378619.06,
              "Total Cost": 378619.07,
              "Plan Rows": 1,
              "Plan Width": 8,
              "Actual Startup Time": 1034.844,
              "Actual Total Time": 1034.848,
              "Actual Rows": 1,
              "Actual Loops": 7,
              "Plans": [
                {
                  "Node Type": "Hash Join",
                  "Parent Relationship": "Outer",
                  "Parallel Aware": true,
                  "Join Type": "Inner",
                  "Startup Cost": 46500.12,
                  "Total Cost": 377686.46,
                  "Plan Rows": 373041,
                  "Plan Width": 0,
                  "Actual Startup Time": 498.055,
                  "Actual Total Time": 1021.22,
                  "Actual Rows": 249395,
                  "Actual Loops": 7,
                  "Inner Unique": true,
                  "Hash Cond": "(ci.movie_id = t.id)",
                  "Plans": [
                    {
                      "Node Type": "Seq Scan",
                      "Parent Relationship": "Outer",
                      "Parallel Aware": true,
                      "Relation Name": "cast_info",
                      "Alias": "ci",
                      "Startup Cost": 0.0,
                      "Total Cost": 328211.39,
                      "Plan Rows": 1133312,
                      "Plan Width": 4,
                      "Actual Startup Time": 360.498,
                      "Actual Total Time": 595.571,
                      "Actual Rows": 959840,
                      "Actual Loops": 7,
                      "Filter": "(person_id > 2989021)",
                      "Rows Removed by Filter": 4217924
                    },
                    {
                      "Node Type": "Hash",
                      "Parent Relationship": "Inner",
                      "Parallel Aware": true,
                      "Startup Cost": 43899.32,
                      "Total Cost": 43899.32,
                      "Plan Rows": 208064,
                      "Plan Width": 4,
                      "Actual Startup Time": 135.184,
                      "Actual Total Time": 135.185,
                      "Actual Rows": 121306,
                      "Actual Loops": 7,
                      "Hash Buckets": 1048576,
                      "Original Hash Buckets": 1048576,
                      "Hash Batches": 1,
                      "Original Hash Batches": 1,
                      "Peak Memory Usage": 41536,
                      "Plans": [
                        {
                          "Node Type": "Seq Scan",
                          "Parent Relationship": "Outer",
                          "Parallel Aware": true,
                          "Relation Name": "title",
                          "Alias": "t",
                          "Startup Cost": 0.0,
                          "Total Cost": 43899.32,
                          "Plan Rows": 208064,
                          "Plan Width": 4,
                          "Actual Startup Time": 0.039,
                          "Actual Total Time": 79.898,
                          "Actual Rows": 121306,
                          "Actual Loops": 7,
                          "Filter": "(production_year < 1996)",
                          "Rows Removed by Filter": 239882
                        }
                      ]
                    }
                  ]
                }
              ]
            }
          ]
        }
      ]
    },
    "Planning Time": 0.2,
    "Triggers": [],
    "Execution Time": 1111.26
  }
]