{
    "Plan": {
        "Node Type": "Aggregate",
        "Strategy": "Plain",
        "Partial Mode": "Simple",
        "Parallel Aware": false,
        "Startup Cost": 30002118018.98,
        "Total Cost": 30002118018.99,
        "Plan Rows": 1,
        "Plan Width": 8,
        "Actual Startup Time": 4092.422,
        "Actual Total Time": 4118.511,
        "Actual Rows": 1,
        "Actual Loops": 1,
        "Output": [
            "count(*)"
        ],
        "Plans": [
            {
                "Node Type": "Hash Join",
                "Parent Relationship": "Outer",
                "Parallel Aware": false,
                "Join Type": "Inner",
                "Startup Cost": 30002118004.99,
                "Total Cost": 30002118018.98,
                "Plan Rows": 1,
                "Plan Width": 0,
                "Actual Startup Time": 4092.417,
                "Actual Total Time": 4118.506,
                "Actual Rows": 0,
                "Actual Loops": 1,
                "Inner Unique": false,
                "Hash Cond": "(it.id = mi.info_type_id)",
                "Plans": [
                    {
                        "Node Type": "Index Scan",
                        "Parent Relationship": "Outer",
                        "Parallel Aware": false,
                        "Scan Direction": "Forward",
                        "Index Name": "info_type_pkey",
                        "Relation Name": "info_type",
                        "Schema": "public",
                        "Alias": "it",
                        "Startup Cost": 0.14,
                        "Total Cost": 14.12,
                        "Plan Rows": 1,
                        "Plan Width": 4,
                        "Actual Startup Time": 0.021,
                        "Actual Total Time": 0.022,
                        "Actual Rows": 1,
                        "Actual Loops": 1,
                        "Output": [
                            "it.id",
                            "it.info"
                        ],
                        "Filter": "((it.info)::text = 'release dates'::text)",
                        "Rows Removed by Filter": 15
                    },
                    {
                        "Node Type": "Hash",
                        "Parent Relationship": "Inner",
                        "Parallel Aware": false,
                        "Startup Cost": 30002118004.83,
                        "Total Cost": 30002118004.83,
                        "Plan Rows": 1,
                        "Plan Width": 4,
                        "Actual Startup Time": 4092.391,
                        "Actual Total Time": 4118.478,
                        "Actual Rows": 0,
                        "Actual Loops": 1,
                        "Output": [
                            "mi.info_type_id"
                        ],
                        "Hash Buckets": 1024,
                        "Original Hash Buckets": 1024,
                        "Hash Batches": 1,
                        "Original Hash Batches": 1,
                        "Peak Memory Usage": 8,
                        "Plans": [
                            {
                                "Node Type": "Nested Loop",
                                "Parent Relationship": "Outer",
                                "Parallel Aware": false,
                                "Join Type": "Inner",
                                "Startup Cost": 30002118004.77,
                                "Total Cost": 30002118004.83,
                                "Plan Rows": 1,
                                "Plan Width": 4,
                                "Actual Startup Time": 4092.391,
                                "Actual Total Time": 4118.477,
                                "Actual Rows": 0,
                                "Actual Loops": 1,
                                "Output": [
                                    "mi.info_type_id"
                                ],
                                "Inner Unique": true,
                                "Plans": [
                                    {
                                        "Node Type": "Merge Join",
                                        "Parent Relationship": "Outer",
                                        "Parallel Aware": false,
                                        "Join Type": "Inner",
                                        "Startup Cost": 30002118004.62,
                                        "Total Cost": 30002118004.65,
                                        "Plan Rows": 1,
                                        "Plan Width": 8,
                                        "Actual Startup Time": 4092.39,
                                        "Actual Total Time": 4118.474,
                                        "Actual Rows": 0,
                                        "Actual Loops": 1,
                                        "Output": [
                                            "mi.info_type_id",
                                            "pi.info_type_id"
                                        ],
                                        "Inner Unique": false,
                                        "Merge Cond": "(k.id = mk.keyword_id)",
                                        "Plans": [
                                            {
                                                "Node Type": "Sort",
                                                "Parent Relationship": "Outer",
                                                "Parallel Aware": false,
                                                "Startup Cost": 2626.14,
                                                "Total Cost": 2626.14,
                                                "Plan Rows": 1,
                                                "Plan Width": 4,
                                                "Actual Startup Time": 8.392,
                                                "Actual Total Time": 8.393,
                                                "Actual Rows": 1,
                                                "Actual Loops": 1,
                                                "Output": [
                                                    "k.id"
                                                ],
                                                "Sort Key": [
                                                    "k.id"
                                                ],
                                                "Sort Method": "quicksort",
                                                "Sort Space Used": 25,
                                                "Sort Space Type": "Memory",
                                                "Plans": [
                                                    {
                                                        "Node Type": "Seq Scan",
                                                        "Parent Relationship": "Outer",
                                                        "Parallel Aware": false,
                                                        "Relation Name": "keyword",
                                                        "Schema": "public",
                                                        "Alias": "k",
                                                        "Startup Cost": 0.0,
                                                        "Total Cost": 2626.12,
                                                        "Plan Rows": 1,
                                                        "Plan Width": 4,
                                                        "Actual Startup Time": 0.055,
                                                        "Actual Total Time": 8.385,
                                                        "Actual Rows": 1,
                                                        "Actual Loops": 1,
                                                        "Output": [
                                                            "k.id"
                                                        ],
                                                        "Filter": "(k.keyword = 'computer-animation'::text)",
                                                        "Rows Removed by Filter": 134169
                                                    }
                                                ]
                                            },
                                            {
                                                "Node Type": "Sort",
                                                "Parent Relationship": "Inner",
                                                "Parallel Aware": false,
                                                "Startup Cost": 30002115378.49,
                                                "Total Cost": 30002115378.49,
                                                "Plan Rows": 1,
                                                "Plan Width": 12,
                                                "Actual Startup Time": 4083.995,
                                                "Actual Total Time": 4110.078,
                                                "Actual Rows": 0,
                                                "Actual Loops": 1,
                                                "Output": [
                                                    "mi.info_type_id",
                                                    "mk.keyword_id",
                                                    "pi.info_type_id"
                                                ],
                                                "Sort Key": [
                                                    "mk.keyword_id"
                                                ],
                                                "Sort Method": "quicksort",
                                                "Sort Space Used": 25,
                                                "Sort Space Type": "Memory",
                                                "Plans": [
                                                    {
                                                        "Node Type": "Hash Join",
                                                        "Parent Relationship": "Outer",
                                                        "Parallel Aware": false,
                                                        "Join Type": "Inner",
                                                        "Startup Cost": 30002113082.5,
                                                        "Total Cost": 30002115378.48,
                                                        "Plan Rows": 1,
                                                        "Plan Width": 12,
                                                        "Actual Startup Time": 4083.991,
                                                        "Actual Total Time": 4110.073,
                                                        "Actual Rows": 0,
                                                        "Actual Loops": 1,
                                                        "Output": [
                                                            "mi.info_type_id",
                                                            "mk.keyword_id",
                                                            "pi.info_type_id"
                                                        ],
                                                        "Inner Unique": false,
                                                        "Hash Cond": "(n.id = pi.person_id)",
                                                        "Plans": [
                                                            {
                                                                "Node Type": "Merge Join",
                                                                "Parent Relationship": "Outer",
                                                                "Parallel Aware": false,
                                                                "Join Type": "Inner",
                                                                "Startup Cost": 30001798444.48,
                                                                "Total Cost": 30001800738.09,
                                                                "Plan Rows": 1,
                                                                "Plan Width": 20,
                                                                "Actual Startup Time": 2359.971,
                                                                "Actual Total Time": 2386.051,
                                                                "Actual Rows": 0,
                                                                "Actual Loops": 1,
                                                                "Output": [
                                                                    "an.person_id",
                                                                    "ci.person_id",
                                                                    "mi.info_type_id",
                                                                    "mk.keyword_id",
                                                                    "n.id"
                                                                ],
                                                                "Inner Unique": false,
                                                                "Merge Cond": "(t.id = mi.movie_id)",
                                                                "Plans": [
                                                                    {
                                                                        "Node Type": "Sort",
                                                                        "Parent Relationship": "Outer",
                                                                        "Parallel Aware": false,
                                                                        "Startup Cost": 30000796298.59,
                                                                        "Total Cost": 30000796298.59,
                                                                        "Plan Rows": 1,
                                                                        "Plan Width": 36,
                                                                        "Actual Startup Time": 2359.97,
                                                                        "Actual Total Time": 2386.049,
                                                                        "Actual Rows": 0,
                                                                        "Actual Loops": 1,
                                                                        "Output": [
                                                                            "an.person_id",
                                                                            "ci.movie_id",
                                                                            "ci.person_id",
                                                                            "cc.movie_id",
                                                                            "mc.movie_id",
                                                                            "mk.movie_id",
                                                                            "mk.keyword_id",
                                                                            "n.id",
                                                                            "t.id"
                                                                        ],
                                                                        "Sort Key": [
                                                                            "ci.movie_id"
                                                                        ],
                                                                        "Sort Method": "quicksort",
                                                                        "Sort Space Used": 25,
                                                                        "Sort Space Type": "Memory",
                                                                        "Plans": [
                                                                            {
                                                                                "Node Type": "Merge Join",
                                                                                "Parent Relationship": "Outer",
                                                                                "Parallel Aware": false,
                                                                                "Join Type": "Inner",
                                                                                "Startup Cost": 30000796298.55,
                                                                                "Total Cost": 30000796298.58,
                                                                                "Plan Rows": 1,
                                                                                "Plan Width": 36,
                                                                                "Actual Startup Time": 2359.961,
                                                                                "Actual Total Time": 2386.04,
                                                                                "Actual Rows": 0,
                                                                                "Actual Loops": 1,
                                                                                "Output": [
                                                                                    "an.person_id",
                                                                                    "ci.movie_id",
                                                                                    "ci.person_id",
                                                                                    "cc.movie_id",
                                                                                    "mc.movie_id",
                                                                                    "mk.movie_id",
                                                                                    "mk.keyword_id",
                                                                                    "n.id",
                                                                                    "t.id"
                                                                                ],
                                                                                "Inner Unique": false,
                                                                                "Merge Cond": "(ci.role_id = rt.id)",
                                                                                "Plans": [
                                                                                    {
                                                                                        "Node Type": "Sort",
                                                                                        "Parent Relationship": "Outer",
                                                                                        "Parallel Aware": false,
                                                                                        "Startup Cost": 30000796297.39,
                                                                                        "Total Cost": 30000796297.4,
                                                                                        "Plan Rows": 1,
                                                                                        "Plan Width": 40,
                                                                                        "Actual Startup Time": 2359.961,
                                                                                        "Actual Total Time": 2386.038,
                                                                                        "Actual Rows": 0,
                                                                                        "Actual Loops": 1,
                                                                                        "Output": [
                                                                                            "an.person_id",
                                                                                            "ci.movie_id",
                                                                                            "ci.person_id",
                                                                                            "ci.role_id",
                                                                                            "cc.movie_id",
                                                                                            "mc.movie_id",
                                                                                            "mk.movie_id",
                                                                                            "mk.keyword_id",
                                                                                            "n.id",
                                                                                            "t.id"
                                                                                        ],
                                                                                        "Sort Key": [
                                                                                            "ci.role_id"
                                                                                        ],
                                                                                        "Sort Method": "quicksort",
                                                                                        "Sort Space Used": 25,
                                                                                        "Sort Space Type": "Memory",
                                                                                        "Plans": [
                                                                                            {
                                                                                                "Node Type": "Hash Join",
                                                                                                "Parent Relationship": "Outer",
                                                                                                "Parallel Aware": false,
                                                                                                "Join Type": "Inner",
                                                                                                "Startup Cost": 30000709639.33,
                                                                                                "Total Cost": 30000796297.38,
                                                                                                "Plan Rows": 1,
                                                                                                "Plan Width": 40,
                                                                                                "Actual Startup Time": 2359.957,
                                                                                                "Actual Total Time": 2386.034,
                                                                                                "Actual Rows": 0,
                                                                                                "Actual Loops": 1,
                                                                                                "Output": [
                                                                                                    "an.person_id",
                                                                                                    "ci.movie_id",
                                                                                                    "ci.person_id",
                                                                                                    "ci.role_id",
                                                                                                    "cc.movie_id",
                                                                                                    "mc.movie_id",
                                                                                                    "mk.movie_id",
                                                                                                    "mk.keyword_id",
                                                                                                    "n.id",
                                                                                                    "t.id"
                                                                                                ],
                                                                                                "Inner Unique": false,
                                                                                                "Hash Cond": "(mk.movie_id = t.id)",
                                                                                                "Plans": [
                                                                                                    {
                                                                                                        "Node Type": "Seq Scan",
                                                                                                        "Parent Relationship": "Outer",
                                                                                                        "Parallel Aware": false,
                                                                                                        "Relation Name": "movie_keyword",
                                                                                                        "Schema": "public",
                                                                                                        "Alias": "mk",
                                                                                                        "Startup Cost": 0.0,
                                                                                                        "Total Cost": 69693.3,
                                                                                                        "Plan Rows": 4523930,
                                                                                                        "Plan Width": 8,
                                                                                                        "Actual Startup Time": 0.024,
                                                                                                        "Actual Total Time": 0.024,
                                                                                                        "Actual Rows": 1,
                                                                                                        "Actual Loops": 1,
                                                                                                        "Output": [
                                                                                                            "mk.id",
                                                                                                            "mk.movie_id",
                                                                                                            "mk.keyword_id"
                                                                                                        ]
                                                                                                    },
                                                                                                    {
                                                                                                        "Node Type": "Hash",
                                                                                                        "Parent Relationship": "Inner",
                                                                                                        "Parallel Aware": false,
                                                                                                        "Startup Cost": 30000709639.31,
                                                                                                        "Total Cost": 30000709639.31,
                                                                                                        "Plan Rows": 1,
                                                                                                        "Plan Width": 32,
                                                                                                        "Actual Startup Time": 2359.925,
                                                                                                        "Actual Total Time": 2386.0,
                                                                                                        "Actual Rows": 0,
                                                                                                        "Actual Loops": 1,
                                                                                                        "Output": [
                                                                                                            "an.person_id",
                                                                                                            "ci.movie_id",
                                                                                                            "ci.person_id",
                                                                                                            "ci.role_id",
                                                                                                            "cc.movie_id",
                                                                                                            "mc.movie_id",
                                                                                                            "n.id",
                                                                                                            "t.id"
                                                                                                        ],
                                                                                                        "Hash Buckets": 1024,
                                                                                                        "Original Hash Buckets": 1024,
                                                                                                        "Hash Batches": 1,
                                                                                                        "Original Hash Batches": 1,
                                                                                                        "Peak Memory Usage": 8,
                                                                                                        "Plans": [
                                                                                                            {
                                                                                                                "Node Type": "Merge Join",
                                                                                                                "Parent Relationship": "Outer",
                                                                                                                "Parallel Aware": false,
                                                                                                                "Join Type": "Inner",
                                                                                                                "Startup Cost": 30000696984.59,
                                                                                                                "Total Cost": 30000709639.31,
                                                                                                                "Plan Rows": 1,
                                                                                                                "Plan Width": 32,
                                                                                                                "Actual Startup Time": 2359.924,
                                                                                                                "Actual Total Time": 2385.998,
                                                                                                                "Actual Rows": 0,
                                                                                                                "Actual Loops": 1,
                                                                                                                "Output": [
                                                                                                                    "an.person_id",
                                                                                                                    "ci.movie_id",
                                                                                                                    "ci.person_id",
                                                                                                                    "ci.role_id",
                                                                                                                    "cc.movie_id",
                                                                                                                    "mc.movie_id",
                                                                                                                    "n.id",
                                                                                                                    "t.id"
                                                                                                                ],
                                                                                                                "Inner Unique": true,
                                                                                                                "Merge Cond": "(mc.company_id = cn.id)",
                                                                                                                "Plans": [
                                                                                                                    {
                                                                                                                        "Node Type": "Sort",
                                                                                                                        "Parent Relationship": "Outer",
                                                                                                                        "Parallel Aware": false,
                                                                                                                        "Startup Cost": 30000696984.17,
                                                                                                                        "Total Cost": 30000696984.17,
                                                                                                                        "Plan Rows": 1,
                                                                                                                        "Plan Width": 36,
                                                                                                                        "Actual Startup Time": 2359.923,
                                                                                                                        "Actual Total Time": 2385.996,
                                                                                                                        "Actual Rows": 0,
                                                                                                                        "Actual Loops": 1,
                                                                                                                        "Output": [
                                                                                                                            "an.person_id",
                                                                                                                            "ci.movie_id",
                                                                                                                            "ci.person_id",
                                                                                                                            "ci.role_id",
                                                                                                                            "cc.movie_id",
                                                                                                                            "mc.movie_id",
                                                                                                                            "mc.company_id",
                                                                                                                            "n.id",
                                                                                                                            "t.id"
                                                                                                                        ],
                                                                                                                        "Sort Key": [
                                                                                                                            "mc.company_id"
                                                                                                                        ],
                                                                                                                        "Sort Method": "quicksort",
                                                                                                                        "Sort Space Used": 25,
                                                                                                                        "Sort Space Type": "Memory",
                                                                                                                        "Plans": [
                                                                                                                            {
                                                                                                                                "Node Type": "Nested Loop",
                                                                                                                                "Parent Relationship": "Outer",
                                                                                                                                "Parallel Aware": false,
                                                                                                                                "Join Type": "Inner",
                                                                                                                                "Startup Cost": 30000540898.43,
                                                                                                                                "Total Cost": 30000696984.16,
                                                                                                                                "Plan Rows": 1,
                                                                                                                                "Plan Width": 36,
                                                                                                                                "Actual Startup Time": 2359.918,
                                                                                                                                "Actual Total Time": 2385.99,
                                                                                                                                "Actual Rows": 0,
                                                                                                                                "Actual Loops": 1,
                                                                                                                                "Output": [
                                                                                                                                    "an.person_id",
                                                                                                                                    "ci.movie_id",
                                                                                                                                    "ci.person_id",
                                                                                                                                    "ci.role_id",
                                                                                                                                    "cc.movie_id",
                                                                                                                                    "mc.movie_id",
                                                                                                                                    "mc.company_id",
                                                                                                                                    "n.id",
                                                                                                                                    "t.id"
                                                                                                                                ],
                                                                                                                                "Inner Unique": false,
                                                                                                                                "Join Filter": "(t.id = mc.movie_id)",
                                                                                                                                "Rows Removed by Join Filter": 0,
                                                                                                                                "Plans": [
                                                                                                                                    {
                                                                                                                                        "Node Type": "Nested Loop",
                                                                                                                                        "Parent Relationship": "Outer",
                                                                                                                                        "Parallel Aware": false,
                                                                                                                                        "Join Type": "Inner",
                                                                                                                                        "Startup Cost": 20000540897.91,
                                                                                                                                        "Total Cost": 20000696979.52,
                                                                                                                                        "Plan Rows": 1,
                                                                                                                                        "Plan Width": 28,
                                                                                                                                        "Actual Startup Time": 2359.917,
                                                                                                                                        "Actual Total Time": 2385.988,
                                                                                                                                        "Actual Rows": 0,
                                                                                                                                        "Actual Loops": 1,
                                                                                                                                        "Output": [
                                                                                                                                            "an.person_id",
                                                                                                                                            "ci.movie_id",
                                                                                                                                            "ci.person_id",
                                                                                                                                            "ci.role_id",
                                                                                                                                            "cc.movie_id",
                                                                                                                                            "n.id",
                                                                                                                                            "t.id"
                                                                                                                                        ],
                                                                                                                                        "Inner Unique": false,
                                                                                                                                        "Join Filter": "(n.id = an.person_id)",
                                                                                                                                        "Rows Removed by Join Filter": 0,
                                                                                                                                        "Plans": [
                                                                                                                                            {
                                                                                                                                                "Node Type": "Nested Loop",
                                                                                                                                                "Parent Relationship": "Outer",
                                                                                                                                                "Parallel Aware": false,
                                                                                                                                                "Join Type": "Inner",
                                                                                                                                                "Startup Cost": 20000540897.49,
                                                                                                                                                "Total Cost": 20000696978.96,
                                                                                                                                                "Plan Rows": 1,
                                                                                                                                                "Plan Width": 24,
                                                                                                                                                "Actual Startup Time": 2359.916,
                                                                                                                                                "Actual Total Time": 2385.987,
                                                                                                                                                "Actual Rows": 0,
                                                                                                                                                "Actual Loops": 1,
                                                                                                                                                "Output": [
                                                                                                                                                    "cc.movie_id",
                                                                                                                                                    "ci.movie_id",
                                                                                                                                                    "ci.person_id",
                                                                                                                                                    "ci.role_id",
                                                                                                                                                    "n.id",
                                                                                                                                                    "t.id"
                                                                                                                                                ],
                                                                                                                                                "Inner Unique": true,
                                                                                                                                                "Plans": [
                                                                                                                                                    {
                                                                                                                                                        "Node Type": "Merge Join",
                                                                                                                                                        "Parent Relationship": "Outer",
                                                                                                                                                        "Parallel Aware": false,
                                                                                                                                                        "Join Type": "Inner",
                                                                                                                                                        "Startup Cost": 20000540897.06,
                                                                                                                                                        "Total Cost": 20000696978.19,
                                                                                                                                                        "Plan Rows": 1,
                                                                                                                                                        "Plan Width": 20,
                                                                                                                                                        "Actual Startup Time": 2359.915,
                                                                                                                                                        "Actual Total Time": 2385.984,
                                                                                                                                                        "Actual Rows": 0,
                                                                                                                                                        "Actual Loops": 1,
                                                                                                                                                        "Output": [
                                                                                                                                                            "cc.movie_id",
                                                                                                                                                            "ci.movie_id",
                                                                                                                                                            "ci.person_id",
                                                                                                                                                            "ci.role_id",
                                                                                                                                                            "n.id"
                                                                                                                                                        ],
                                                                                                                                                        "Inner Unique": true,
                                                                                                                                                        "Merge Cond": "(ci.person_id = n.id)",
                                                                                                                                                        "Plans": [
                                                                                                                                                            {
                                                                                                                                                                "Node Type": "Sort",
                                                                                                                                                                "Parent Relationship": "Outer",
                                                                                                                                                                "Parallel Aware": false,
                                                                                                                                                                "Startup Cost": 20000539896.57,
                                                                                                                                                                "Total Cost": 20000539896.58,
                                                                                                                                                                "Plan Rows": 1,
                                                                                                                                                                "Plan Width": 16,
                                                                                                                                                                "Actual Startup Time": 1676.002,
                                                                                                                                                                "Actual Total Time": 1676.225,
                                                                                                                                                                "Actual Rows": 1,
                                                                                                                                                                "Actual Loops": 1,
                                                                                                                                                                "Output": [
                                                                                                                                                                    "cc.movie_id",
                                                                                                                                                                    "ci.movie_id",
                                                                                                                                                                    "ci.person_id",
                                                                                                                                                                    "ci.role_id"
                                                                                                                                                                ],
                                                                                                                                                                "Sort Key": [
                                                                                                                                                                    "ci.person_id"
                                                                                                                                                                ],
                                                                                                                                                                "Sort Method": "quicksort",
                                                                                                                                                                "Sort Space Used": 25,
                                                                                                                                                                "Sort Space Type": "Memory",
                                                                                                                                                                "Plans": [
                                                                                                                                                                    {
                                                                                                                                                                        "Node Type": "Merge Join",
                                                                                                                                                                        "Parent Relationship": "Outer",
                                                                                                                                                                        "Parallel Aware": false,
                                                                                                                                                                        "Join Type": "Inner",
                                                                                                                                                                        "Startup Cost": 20000432754.65,
                                                                                                                                                                        "Total Cost": 20000539896.56,
                                                                                                                                                                        "Plan Rows": 1,
                                                                                                                                                                        "Plan Width": 16,
                                                                                                                                                                        "Actual Startup Time": 1675.992,
                                                                                                                                                                        "Actual Total Time": 1676.215,
                                                                                                                                                                        "Actual Rows": 4,
                                                                                                                                                                        "Actual Loops": 1,
                                                                                                                                                                        "Output": [
                                                                                                                                                                            "cc.movie_id",
                                                                                                                                                                            "ci.movie_id",
                                                                                                                                                                            "ci.person_id",
                                                                                                                                                                            "ci.role_id"
                                                                                                                                                                        ],
                                                                                                                                                                        "Inner Unique": true,
                                                                                                                                                                        "Merge Cond": "(ci.person_role_id = chn.id)",
                                                                                                                                                                        "Plans": [
                                                                                                                                                                            {
                                                                                                                                                                                "Node Type": "Sort",
                                                                                                                                                                                "Parent Relationship": "Outer",
                                                                                                                                                                                "Parallel Aware": false,
                                                                                                                                                                                "Startup Cost": 20000431752.36,
                                                                                                                                                                                "Total Cost": 20000431770.25,
                                                                                                                                                                                "Plan Rows": 7157,
                                                                                                                                                                                "Plan Width": 20,
                                                                                                                                                                                "Actual Startup Time": 932.152,
                                                                                                                                                                                "Actual Total Time": 932.626,
                                                                                                                                                                                "Actual Rows": 2918,
                                                                                                                                                                                "Actual Loops": 1,
                                                                                                                                                                                "Output": [
                                                                                                                                                                                    "cc.movie_id",
                                                                                                                                                                                    "ci.movie_id",
                                                                                                                                                                                    "ci.person_id",
                                                                                                                                                                                    "ci.role_id",
                                                                                                                                                                                    "ci.person_role_id"
                                                                                                                                                                                ],
                                                                                                                                                                                "Sort Key": [
                                                                                                                                                                                    "ci.person_role_id"
                                                                                                                                                                                ],
                                                                                                                                                                                "Sort Method": "quicksort",
                                                                                                                                                                                "Sort Space Used": 728,
                                                                                                                                                                                "Sort Space Type": "Memory",
                                                                                                                                                                                "Plans": [
                                                                                                                                                                                    {
                                                                                                                                                                                        "Node Type": "Hash Join",
                                                                                                                                                                                        "Parent Relationship": "Outer",
                                                                                                                                                                                        "Parallel Aware": false,
                                                                                                                                                                                        "Join Type": "Inner",
                                                                                                                                                                                        "Startup Cost": 20000430676.88,
                                                                                                                                                                                        "Total Cost": 20000431294.13,
                                                                                                                                                                                        "Plan Rows": 7157,
                                                                                                                                                                                        "Plan Width": 20,
                                                                                                                                                                                        "Actual Startup Time": 921.903,
                                                                                                                                                                                        "Actual Total Time": 930.944,
                                                                                                                                                                                        "Actual Rows": 7127,
                                                                                                                                                                                        "Actual Loops": 1,
                                                                                                                                                                                        "Output": [
                                                                                                                                                                                            "cc.movie_id",
                                                                                                                                                                                            "ci.movie_id",
                                                                                                                                                                                            "ci.person_id",
                                                                                                                                                                                            "ci.role_id",
                                                                                                                                                                                            "ci.person_role_id"
                                                                                                                                                                                        ],
                                                                                                                                                                                        "Inner Unique": false,
                                                                                                                                                                                        "Hash Cond": "(cc.movie_id = ci.movie_id)",
                                                                                                                                                                                        "Plans": [
                                                                                                                                                                                            {
                                                                                                                                                                                                "Node Type": "Hash Join",
                                                                                                                                                                                                "Parent Relationship": "Outer",
                                                                                                                                                                                                "Parallel Aware": false,
                                                                                                                                                                                                "Join Type": "Inner",
                                                                                                                                                                                                "Startup Cost": 20000003913.08,
                                                                                                                                                                                                "Total Cost": 20000004036.6,
                                                                                                                                                                                                "Plan Rows": 8443,
                                                                                                                                                                                                "Plan Width": 4,
                                                                                                                                                                                                "Actual Startup Time": 10.055,
                                                                                                                                                                                                "Actual Total Time": 11.337,
                                                                                                                                                                                                "Actual Rows": 17879,
                                                                                                                                                                                                "Actual Loops": 1,
                                                                                                                                                                                                "Output": [
                                                                                                                                                                                                    "cc.movie_id"
                                                                                                                                                                                                ],
                                                                                                                                                                                                "Inner Unique": false,
                                                                                                                                                                                                "Hash Cond": "(cct1.id = cc.subject_id)",
                                                                                                                                                                                                "Plans": [
                                                                                                                                                                                                    {
                                                                                                                                                                                                        "Node Type": "Index Scan",
                                                                                                                                                                                                        "Parent Relationship": "Outer",
                                                                                                                                                                                                        "Parallel Aware": false,
                                                                                                                                                                                                        "Scan Direction": "Forward",
                                                                                                                                                                                                        "Index Name": "comp_cast_type_pkey",
                                                                                                                                                                                                        "Relation Name": "comp_cast_type",
                                                                                                                                                                                                        "Schema": "public",
                                                                                                                                                                                                        "Alias": "cct1",
                                                                                                                                                                                                        "Startup Cost": 10000000000.13,
                                                                                                                                                                                                        "Total Cost": 10000000012.2,
                                                                                                                                                                                                        "Plan Rows": 1,
                                                                                                                                                                                                        "Plan Width": 4,
                                                                                                                                                                                                        "Actual Startup Time": 0.056,
                                                                                                                                                                                                        "Actual Total Time": 0.061,
                                                                                                                                                                                                        "Actual Rows": 1,
                                                                                                                                                                                                        "Actual Loops": 1,
                                                                                                                                                                                                        "Output": [
                                                                                                                                                                                                            "cct1.id",
                                                                                                                                                                                                            "cct1.kind"
                                                                                                                                                                                                        ],
                                                                                                                                                                                                        "Filter": "((cct1.kind)::text = 'cast'::text)",
                                                                                                                                                                                                        "Rows Removed by Filter": 3
                                                                                                                                                                                                    },
                                                                                                                                                                                                    {
                                                                                                                                                                                                        "Node Type": "Hash",
                                                                                                                                                                                                        "Parent Relationship": "Inner",
                                                                                                                                                                                                        "Parallel Aware": false,
                                                                                                                                                                                                        "Startup Cost": 10000003490.8,
                                                                                                                                                                                                        "Total Cost": 10000003490.8,
                                                                                                                                                                                                        "Plan Rows": 33772,
                                                                                                                                                                                                        "Plan Width": 8,
                                                                                                                                                                                                        "Actual Startup Time": 9.91,
                                                                                                                                                                                                        "Actual Total Time": 9.913,
                                                                                                                                                                                                        "Actual Rows": 24592,
                                                                                                                                                                                                        "Actual Loops": 1,
                                                                                                                                                                                                        "Output": [
                                                                                                                                                                                                            "cc.movie_id",
                                                                                                                                                                                                            "cc.subject_id"
                                                                                                                                                                                                        ],
                                                                                                                                                                                                        "Hash Buckets": 65536,
                                                                                                                                                                                                        "Original Hash Buckets": 65536,
                                                                                                                                                                                                        "Hash Batches": 1,
                                                                                                                                                                                                        "Original Hash Batches": 1,
                                                                                                                                                                                                        "Peak Memory Usage": 1473,
                                                                                                                                                                                                        "Plans": [
                                                                                                                                                                                                            {
                                                                                                                                                                                                                "Node Type": "Nested Loop",
                                                                                                                                                                                                                "Parent Relationship": "Outer",
                                                                                                                                                                                                                "Parallel Aware": false,
                                                                                                                                                                                                                "Join Type": "Inner",
                                                                                                                                                                                                                "Startup Cost": 10000001228.01,
                                                                                                                                                                                                                "Total Cost": 10000003490.8,
                                                                                                                                                                                                                "Plan Rows": 33772,
                                                                                                                                                                                                                "Plan Width": 8,
                                                                                                                                                                                                                "Actual Startup Time": 1.728,
                                                                                                                                                                                                                "Actual Total Time": 7.615,
                                                                                                                                                                                                                "Actual Rows": 24592,
                                                                                                                                                                                                                "Actual Loops": 1,
                                                                                                                                                                                                                "Output": [
                                                                                                                                                                                                                    "cc.movie_id",
                                                                                                                                                                                                                    "cc.subject_id"
                                                                                                                                                                                                                ],
                                                                                                                                                                                                                "Inner Unique": false,
                                                                                                                                                                                                                "Plans": [
                                                                                                                                                                                                                    {
                                                                                                                                                                                                                        "Node Type": "Index Scan",
                                                                                                                                                                                                                        "Parent Relationship": "Outer",
                                                                                                                                                                                                                        "Parallel Aware": false,
                                                                                                                                                                                                                        "Scan Direction": "Forward",
                                                                                                                                                                                                                        "Index Name": "comp_cast_type_pkey",
                                                                                                                                                                                                                        "Relation Name": "comp_cast_type",
                                                                                                                                                                                                                        "Schema": "public",
                                                                                                                                                                                                                        "Alias": "cct2",
                                                                                                                                                                                                                        "Startup Cost": 0.13,
                                                                                                                                                                                                                        "Total Cost": 12.2,
                                                                                                                                                                                                                        "Plan Rows": 1,
                                                                                                                                                                                                                        "Plan Width": 4,
                                                                                                                                                                                                                        "Actual Startup Time": 0.004,
                                                                                                                                                                                                                        "Actual Total Time": 0.007,
                                                                                                                                                                                                                        "Actual Rows": 1,
                                                                                                                                                                                                                        "Actual Loops": 1,
                                                                                                                                                                                                                        "Output": [
                                                                                                                                                                                                                            "cct2.id",
                                                                                                                                                                                                                            "cct2.kind"
                                                                                                                                                                                                                        ],
                                                                                                                                                                                                                        "Filter": "((cct2.kind)::text = 'complete+verified'::text)",
                                                                                                                                                                                                                        "Rows Removed by Filter": 3
                                                                                                                                                                                                                    },
                                                                                                                                                                                                                    {
                                                                                                                                                                                                                        "Node Type": "Bitmap Heap Scan",
                                                                                                                                                                                                                        "Parent Relationship": "Inner",
                                                                                                                                                                                                                        "Parallel Aware": false,
                                                                                                                                                                                                                        "Relation Name": "complete_cast",
                                                                                                                                                                                                                        "Schema": "public",
                                                                                                                                                                                                                        "Alias": "cc",
                                                                                                                                                                                                                        "Startup Cost": 1227.88,
                                                                                                                                                                                                                        "Total Cost": 2803.17,
                                                                                                                                                                                                                        "Plan Rows": 67543,
                                                                                                                                                                                                                        "Plan Width": 12,
                                                                                                                                                                                                                        "Actual Startup Time": 1.716,
                                                                                                                                                                                                                        "Actual Total Time": 5.607,
                                                                                                                                                                                                                        "Actual Rows": 24592,
                                                                                                                                                                                                                        "Actual Loops": 1,
                                                                                                                                                                                                                        "Output": [
                                                                                                                                                                                                                            "cc.id",
                                                                                                                                                                                                                            "cc.movie_id",
                                                                                                                                                                                                                            "cc.subject_id",
                                                                                                                                                                                                                            "cc.status_id"
                                                                                                                                                                                                                        ],
                                                                                                                                                                                                                        "Recheck Cond": "(cc.status_id = cct2.id)",
                                                                                                                                                                                                                        "Rows Removed by Index Recheck": 0,
                                                                                                                                                                                                                        "Exact Heap Blocks": 706,
                                                                                                                                                                                                                        "Lossy Heap Blocks": 0,
                                                                                                                                                                                                                        "Plans": [
                                                                                                                                                                                                                            {
                                                                                                                                                                                                                                "Node Type": "Bitmap Index Scan",
                                                                                                                                                                                                                                "Parent Relationship": "Outer",
                                                                                                                                                                                                                                "Parallel Aware": false,
                                                                                                                                                                                                                                "Index Name": "status_id_complete_cast",
                                                                                                                                                                                                                                "Startup Cost": 0.0,
                                                                                                                                                                                                                                "Total Cost": 1210.99,
                                                                                                                                                                                                                                "Plan Rows": 67543,
                                                                                                                                                                                                                                "Plan Width": 0,
                                                                                                                                                                                                                                "Actual Startup Time": 1.651,
                                                                                                                                                                                                                                "Actual Total Time": 1.652,
                                                                                                                                                                                                                                "Actual Rows": 24592,
                                                                                                                                                                                                                                "Actual Loops": 1,
                                                                                                                                                                                                                                "Index Cond": "(cc.status_id = cct2.id)"
                                                                                                                                                                                                                            }
                                                                                                                                                                                                                        ]
                                                                                                                                                                                                                    }
                                                                                                                                                                                                                ]
                                                                                                                                                                                                            }
                                                                                                                                                                                                        ]
                                                                                                                                                                                                    }
                                                                                                                                                                                                ]
                                                                                                                                                                                            },
                                                                                                                                                                                            {
                                                                                                                                                                                                "Node Type": "Hash",
                                                                                                                                                                                                "Parent Relationship": "Inner",
                                                                                                                                                                                                "Parallel Aware": false,
                                                                                                                                                                                                "Startup Cost": 416764.08,
                                                                                                                                                                                                "Total Cost": 416764.08,
                                                                                                                                                                                                "Plan Rows": 799978,
                                                                                                                                                                                                "Plan Width": 16,
                                                                                                                                                                                                "Actual Startup Time": 910.945,
                                                                                                                                                                                                "Actual Total Time": 911.097,
                                                                                                                                                                                                "Actual Rows": 836701,
                                                                                                                                                                                                "Actual Loops": 1,
                                                                                                                                                                                                "Output": [
                                                                                                                                                                                                    "ci.movie_id",
                                                                                                                                                                                                    "ci.person_id",
                                                                                                                                                                                                    "ci.role_id",
                                                                                                                                                                                                    "ci.person_role_id"
                                                                                                                                                                                                ],
                                                                                                                                                                                                "Hash Buckets": 1048576,
                                                                                                                                                                                                "Original Hash Buckets": 1048576,
                                                                                                                                                                                                "Hash Batches": 1,
                                                                                                                                                                                                "Original Hash Batches": 1,
                                                                                                                                                                                                "Peak Memory Usage": 47155,
                                                                                                                                                                                                "Plans": [
                                                                                                                                                                                                    {
                                                                                                                                                                                                        "Node Type": "Gather",
                                                                                                                                                                                                        "Parent Relationship": "Outer",
                                                                                                                                                                                                        "Parallel Aware": false,
                                                                                                                                                                                                        "Startup Cost": 1000.0,
                                                                                                                                                                                                        "Total Cost": 416764.08,
                                                                                                                                                                                                        "Plan Rows": 799978,
                                                                                                                                                                                                        "Plan Width": 16,
                                                                                                                                                                                                        "Actual Startup Time": 0.463,
                                                                                                                                                                                                        "Actual Total Time": 780.914,
                                                                                                                                                                                                        "Actual Rows": 836701,
                                                                                                                                                                                                        "Actual Loops": 1,
                                                                                                                                                                                                        "Output": [
                                                                                                                                                                                                            "ci.movie_id",
                                                                                                                                                                                                            "ci.person_id",
                                                                                                                                                                                                            "ci.role_id",
                                                                                                                                                                                                            "ci.person_role_id"
                                                                                                                                                                                                        ],
                                                                                                                                                                                                        "Workers Planned": 6,
                                                                                                                                                                                                        "Workers Launched": 6,
                                                                                                                                                                                                        "Single Copy": false,
                                                                                                                                                                                                        "Plans": [
                                                                                                                                                                                                            {
                                                                                                                                                                                                                "Node Type": "Seq Scan",
                                                                                                                                                                                                                "Parent Relationship": "Outer",
                                                                                                                                                                                                                "Parallel Aware": true,
                                                                                                                                                                                                                "Relation Name": "cast_info",
                                                                                                                                                                                                                "Schema": "public",
                                                                                                                                                                                                                "Alias": "ci",
                                                                                                                                                                                                                "Startup Cost": 0.0,
                                                                                                                                                                                                                "Total Cost": 335766.28,
                                                                                                                                                                                                                "Plan Rows": 133330,
                                                                                                                                                                                                                "Plan Width": 16,
                                                                                                                                                                                                                "Actual Startup Time": 0.132,
                                                                                                                                                                                                                "Actual Total Time": 830.57,
                                                                                                                                                                                                                "Actual Rows": 119529,
                                                                                                                                                                                                                "Actual Loops": 7,
                                                                                                                                                                                                                "Output": [
                                                                                                                                                                                                                    "ci.movie_id",
                                                                                                                                                                                                                    "ci.person_id",
                                                                                                                                                                                                                    "ci.role_id",
                                                                                                                                                                                                                    "ci.person_role_id"
                                                                                                                                                                                                                ],
                                                                                                                                                                                                                "Filter": "(ci.note = ANY ('{(voice),\"(voice) (uncredited)\",\"(voice: English version)\"}'::text[]))",
                                                                                                                                                                                                                "Rows Removed by Filter": 5058235,
                                                                                                                                                                                                                "Workers": [
                                                                                                                                                                                                                    {
                                                                                                                                                                                                                        "Worker Number": 0,
                                                                                                                                                                                                                        "Actual Startup Time": 0.108,
                                                                                                                                                                                                                        "Actual Total Time": 859.48,
                                                                                                                                                                                                                        "Actual Rows": 124935,
                                                                                                                                                                                                                        "Actual Loops": 1
                                                                                                                                                                                                                    },
                                                                                                                                                                                                                    {
                                                                                                                                                                                                                        "Worker Number": 1,
                                                                                                                                                                                                                        "Actual Startup Time": 0.091,
                                                                                                                                                                                                                        "Actual Total Time": 859.762,
                                                                                                                                                                                                                        "Actual Rows": 124901,
                                                                                                                                                                                                                        "Actual Loops": 1
                                                                                                                                                                                                                    },
                                                                                                                                                                                                                    {
                                                                                                                                                                                                                        "Worker Number": 2,
                                                                                                                                                                                                                        "Actual Startup Time": 0.168,
                                                                                                                                                                                                                        "Actual Total Time": 859.72,
                                                                                                                                                                                                                        "Actual Rows": 125311,
                                                                                                                                                                                                                        "Actual Loops": 1
                                                                                                                                                                                                                    },
                                                                                                                                                                                                                    {
                                                                                                                                                                                                                        "Worker Number": 3,
                                                                                                                                                                                                                        "Actual Startup Time": 0.091,
                                                                                                                                                                                                                        "Actual Total Time": 851.03,
                                                                                                                                                                                                                        "Actual Rows": 112117,
                                                                                                                                                                                                                        "Actual Loops": 1
                                                                                                                                                                                                                    },
                                                                                                                                                                                                                    {
                                                                                                                                                                                                                        "Worker Number": 4,
                                                                                                                                                                                                                        "Actual Startup Time": 0.126,
                                                                                                                                                                                                                        "Actual Total Time": 847.82,
                                                                                                                                                                                                                        "Actual Rows": 116199,
                                                                                                                                                                                                                        "Actual Loops": 1
                                                                                                                                                                                                                    },
                                                                                                                                                                                                                    {
                                                                                                                                                                                                                        "Worker Number": 5,
                                                                                                                                                                                                                        "Actual Startup Time": 0.323,
                                                                                                                                                                                                                        "Actual Total Time": 860.289,
                                                                                                                                                                                                                        "Actual Rows": 126133,
                                                                                                                                                                                                                        "Actual Loops": 1
                                                                                                                                                                                                                    }
                                                                                                                                                                                                                ]
                                                                                                                                                                                                            }
                                                                                                                                                                                                        ]
                                                                                                                                                                                                    }
                                                                                                                                                                                                ]
                                                                                                                                                                                            }
                                                                                                                                                                                        ]
                                                                                                                                                                                    }
                                                                                                                                                                                ]
                                                                                                                                                                            },
                                                                                                                                                                            {
                                                                                                                                                                                "Node Type": "Gather Merge",
                                                                                                                                                                                "Parent Relationship": "Inner",
                                                                                                                                                                                "Parallel Aware": false,
                                                                                                                                                                                "Startup Cost": 1000.49,
                                                                                                                                                                                "Total Cost": 108126.75,
                                                                                                                                                                                "Plan Rows": 1,
                                                                                                                                                                                "Plan Width": 4,
                                                                                                                                                                                "Actual Startup Time": 743.304,
                                                                                                                                                                                "Actual Total Time": 743.359,
                                                                                                                                                                                "Actual Rows": 1,
                                                                                                                                                                                "Actual Loops": 1,
                                                                                                                                                                                "Output": [
                                                                                                                                                                                    "chn.id"
                                                                                                                                                                                ],
                                                                                                                                                                                "Workers Planned": 4,
                                                                                                                                                                                "Workers Launched": 1,
                                                                                                                                                                                "Plans": [
                                                                                                                                                                                    {
                                                                                                                                                                                        "Node Type": "Index Scan",
                                                                                                                                                                                        "Parent Relationship": "Outer",
                                                                                                                                                                                        "Parallel Aware": true,
                                                                                                                                                                                        "Scan Direction": "Forward",
                                                                                                                                                                                        "Index Name": "char_name_pkey",
                                                                                                                                                                                        "Relation Name": "char_name",
                                                                                                                                                                                        "Schema": "public",
                                                                                                                                                                                        "Alias": "chn",
                                                                                                                                                                                        "Startup Cost": 0.43,
                                                                                                                                                                                        "Total Cost": 107126.57,
                                                                                                                                                                                        "Plan Rows": 1,
                                                                                                                                                                                        "Plan Width": 4,
                                                                                                                                                                                        "Actual Startup Time": 387.637,
                                                                                                                                                                                        "Actual Total Time": 737.75,
                                                                                                                                                                                        "Actual Rows": 0,
                                                                                                                                                                                        "Actual Loops": 2,
                                                                                                                                                                                        "Output": [
                                                                                                                                                                                            "chn.id"
                                                                                                                                                                                        ],
                                                                                                                                                                                        "Filter": "(chn.name = 'Queen'::text)",
                                                                                                                                                                                        "Rows Removed by Filter": 1570169,
                                                                                                                                                                                        "Workers": [
                                                                                                                                                                                            {
                                                                                                                                                                                                "Worker Number": 0,
                                                                                                                                                                                                "Actual Startup Time": 32.302,
                                                                                                                                                                                                "Actual Total Time": 732.528,
                                                                                                                                                                                                "Actual Rows": 1,
                                                                                                                                                                                                "Actual Loops": 1
                                                                                                                                                                                            }
                                                                                                                                                                                        ]
                                                                                                                                                                                    }
                                                                                                                                                                                ]
                                                                                                                                                                            }
                                                                                                                                                                        ]
                                                                                                                                                                    }
                                                                                                                                                                ]
                                                                                                                                                            },
                                                                                                                                                            {
                                                                                                                                                                "Node Type": "Gather Merge",
                                                                                                                                                                "Parent Relationship": "Inner",
                                                                                                                                                                "Parallel Aware": false,
                                                                                                                                                                "Startup Cost": 1000.49,
                                                                                                                                                                "Total Cost": 161470.19,
                                                                                                                                                                "Plan Rows": 70049,
                                                                                                                                                                "Plan Width": 4,
                                                                                                                                                                "Actual Startup Time": 12.577,
                                                                                                                                                                "Actual Total Time": 706.316,
                                                                                                                                                                "Actual Rows": 55990,
                                                                                                                                                                "Actual Loops": 1,
                                                                                                                                                                "Output": [
                                                                                                                                                                    "n.id"
                                                                                                                                                                ],
                                                                                                                                                                "Workers Planned": 4,
                                                                                                                                                                "Workers Launched": 4,
                                                                                                                                                                "Plans": [
                                                                                                                                                                    {
                                                                                                                                                                        "Node Type": "Index Scan",
                                                                                                                                                                        "Parent Relationship": "Outer",
                                                                                                                                                                        "Parallel Aware": true,
                                                                                                                                                                        "Scan Direction": "Forward",
                                                                                                                                                                        "Index Name": "name_pkey",
                                                                                                                                                                        "Relation Name": "name",
                                                                                                                                                                        "Schema": "public",
                                                                                                                                                                        "Alias": "n",
                                                                                                                                                                        "Startup Cost": 0.43,
                                                                                                                                                                        "Total Cost": 152126.62,
                                                                                                                                                                        "Plan Rows": 17512,
                                                                                                                                                                        "Plan Width": 4,
                                                                                                                                                                        "Actual Startup Time": 0.61,
                                                                                                                                                                        "Actual Total Time": 607.878,
                                                                                                                                                                        "Actual Rows": 11198,
                                                                                                                                                                        "Actual Loops": 5,
                                                                                                                                                                        "Output": [
                                                                                                                                                                            "n.id"
                                                                                                                                                                        ],
                                                                                                                                                                        "Filter": "((n.name ~~ '%An%'::text) AND ((n.gender)::text = 'm'::text))",
                                                                                                                                                                        "Rows Removed by Filter": 822300,
                                                                                                                                                                        "Workers": [
                                                                                                                                                                            {
                                                                                                                                                                                "Worker Number": 0,
                                                                                                                                                                                "Actual Startup Time": 0.988,
                                                                                                                                                                                "Actual Total Time": 647.216,
                                                                                                                                                                                "Actual Rows": 12648,
                                                                                                                                                                                "Actual Loops": 1
                                                                                                                                                                            },
                                                                                                                                                                            {
                                                                                                                                                                                "Worker Number": 1,
                                                                                                                                                                                "Actual Startup Time": 0.868,
                                                                                                                                                                                "Actual Total Time": 647.613,
                                                                                                                                                                                "Actual Rows": 12464,
                                                                                                                                                                                "Actual Loops": 1
                                                                                                                                                                            },
                                                                                                                                                                            {
                                                                                                                                                                                "Worker Number": 2,
                                                                                                                                                                                "Actual Startup Time": 0.447,
                                                                                                                                                                                "Actual Total Time": 651.594,
                                                                                                                                                                                "Actual Rows": 10210,
                                                                                                                                                                                "Actual Loops": 1
                                                                                                                                                                            },
                                                                                                                                                                            {
                                                                                                                                                                                "Worker Number": 3,
                                                                                                                                                                                "Actual Startup Time": 0.712,
                                                                                                                                                                                "Actual Total Time": 647.714,
                                                                                                                                                                                "Actual Rows": 13304,
                                                                                                                                                                                "Actual Loops": 1
                                                                                                                                                                            }
                                                                                                                                                                        ]
                                                                                                                                                                    }
                                                                                                                                                                ]
                                                                                                                                                            }
                                                                                                                                                        ]
                                                                                                                                                    },
                                                                                                                                                    {
                                                                                                                                                        "Node Type": "Index Scan",
                                                                                                                                                        "Parent Relationship": "Inner",
                                                                                                                                                        "Parallel Aware": false,
                                                                                                                                                        "Scan Direction": "Forward",
                                                                                                                                                        "Index Name": "title_pkey",
                                                                                                                                                        "Relation Name": "title",
                                                                                                                                                        "Schema": "public",
                                                                                                                                                        "Alias": "t",
                                                                                                                                                        "Startup Cost": 0.43,
                                                                                                                                                        "Total Cost": 0.68,
                                                                                                                                                        "Plan Rows": 1,
                                                                                                                                                        "Plan Width": 4,
                                                                                                                                                        "Actual Startup Time": 0.0,
                                                                                                                                                        "Actual Total Time": 0.0,
                                                                                                                                                        "Actual Rows": 0,
                                                                                                                                                        "Actual Loops": 0,
                                                                                                                                                        "Output": [
                                                                                                                                                            "t.id",
                                                                                                                                                            "t.title",
                                                                                                                                                            "t.imdb_index",
                                                                                                                                                            "t.kind_id",
                                                                                                                                                            "t.production_year",
                                                                                                                                                            "t.imdb_id",
                                                                                                                                                            "t.phonetic_code",
                                                                                                                                                            "t.episode_of_id",
                                                                                                                                                            "t.season_nr",
                                                                                                                                                            "t.episode_nr",
                                                                                                                                                            "t.series_years",
                                                                                                                                                            "t.md5sum"
                                                                                                                                                        ],
                                                                                                                                                        "Index Cond": "(t.id = ci.movie_id)",
                                                                                                                                                        "Rows Removed by Index Recheck": 0,
                                                                                                                                                        "Filter": "((t.production_year >= 1996) AND (t.production_year <= 2007) AND (t.title = 'Shrek 2'::text))",
                                                                                                                                                        "Rows Removed by Filter": 0
                                                                                                                                                    }
                                                                                                                                                ]
                                                                                                                                            },
                                                                                                                                            {
                                                                                                                                                "Node Type": "Index Scan",
                                                                                                                                                "Parent Relationship": "Inner",
                                                                                                                                                "Parallel Aware": false,
                                                                                                                                                "Scan Direction": "Forward",
                                                                                                                                                "Index Name": "person_id_aka_name",
                                                                                                                                                "Relation Name": "aka_name",
                                                                                                                                                "Schema": "public",
                                                                                                                                                "Alias": "an",
                                                                                                                                                "Startup Cost": 0.42,
                                                                                                                                                "Total Cost": 0.53,
                                                                                                                                                "Plan Rows": 2,
                                                                                                                                                "Plan Width": 4,
                                                                                                                                                "Actual Startup Time": 0.0,
                                                                                                                                                "Actual Total Time": 0.0,
                                                                                                                                                "Actual Rows": 0,
                                                                                                                                                "Actual Loops": 0,
                                                                                                                                                "Output": [
                                                                                                                                                    "an.id",
                                                                                                                                                    "an.person_id",
                                                                                                                                                    "an.name",
                                                                                                                                                    "an.imdb_index",
                                                                                                                                                    "an.name_pcode_cf",
                                                                                                                                                    "an.name_pcode_nf",
                                                                                                                                                    "an.surname_pcode",
                                                                                                                                                    "an.md5sum"
                                                                                                                                                ],
                                                                                                                                                "Index Cond": "(an.person_id = ci.person_id)",
                                                                                                                                                "Rows Removed by Index Recheck": 0
                                                                                                                                            }
                                                                                                                                        ]
                                                                                                                                    },
                                                                                                                                    {
                                                                                                                                        "Node Type": "Bitmap Heap Scan",
                                                                                                                                        "Parent Relationship": "Inner",
                                                                                                                                        "Parallel Aware": false,
                                                                                                                                        "Relation Name": "movie_companies",
                                                                                                                                        "Schema": "public",
                                                                                                                                        "Alias": "mc",
                                                                                                                                        "Startup Cost": 0.52,
                                                                                                                                        "Total Cost": 4.58,
                                                                                                                                        "Plan Rows": 5,
                                                                                                                                        "Plan Width": 8,
                                                                                                                                        "Actual Startup Time": 0.0,
                                                                                                                                        "Actual Total Time": 0.0,
                                                                                                                                        "Actual Rows": 0,
                                                                                                                                        "Actual Loops": 0,
                                                                                                                                        "Output": [
                                                                                                                                            "mc.id",
                                                                                                                                            "mc.movie_id",
                                                                                                                                            "mc.company_id",
                                                                                                                                            "mc.company_type_id",
                                                                                                                                            "mc.note"
                                                                                                                                        ],
                                                                                                                                        "Recheck Cond": "(mc.movie_id = ci.movie_id)",
                                                                                                                                        "Rows Removed by Index Recheck": 0,
                                                                                                                                        "Exact Heap Blocks": 0,
                                                                                                                                        "Lossy Heap Blocks": 0,
                                                                                                                                        "Plans": [
                                                                                                                                            {
                                                                                                                                                "Node Type": "Bitmap Index Scan",
                                                                                                                                                "Parent Relationship": "Outer",
                                                                                                                                                "Parallel Aware": false,
                                                                                                                                                "Index Name": "movie_id_movie_companies",
                                                                                                                                                "Startup Cost": 0.0,
                                                                                                                                                "Total Cost": 0.52,
                                                                                                                                                "Plan Rows": 5,
                                                                                                                                                "Plan Width": 0,
                                                                                                                                                "Actual Startup Time": 0.0,
                                                                                                                                                "Actual Total Time": 0.0,
                                                                                                                                                "Actual Rows": 0,
                                                                                                                                                "Actual Loops": 0,
                                                                                                                                                "Index Cond": "(mc.movie_id = ci.movie_id)"
                                                                                                                                            }
                                                                                                                                        ]
                                                                                                                                    }
                                                                                                                                ]
                                                                                                                            }
                                                                                                                        ]
                                                                                                                    },
                                                                                                                    {
                                                                                                                        "Node Type": "Index Scan",
                                                                                                                        "Parent Relationship": "Inner",
                                                                                                                        "Parallel Aware": false,
                                                                                                                        "Scan Direction": "Forward",
                                                                                                                        "Index Name": "company_name_pkey",
                                                                                                                        "Relation Name": "company_name",
                                                                                                                        "Schema": "public",
                                                                                                                        "Alias": "cn",
                                                                                                                        "Startup Cost": 0.42,
                                                                                                                        "Total Cost": 12454.44,
                                                                                                                        "Plan Rows": 84301,
                                                                                                                        "Plan Width": 4,
                                                                                                                        "Actual Startup Time": 0.0,
                                                                                                                        "Actual Total Time": 0.0,
                                                                                                                        "Actual Rows": 0,
                                                                                                                        "Actual Loops": 0,
                                                                                                                        "Output": [
                                                                                                                            "cn.id",
                                                                                                                            "cn.name",
                                                                                                                            "cn.country_code",
                                                                                                                            "cn.imdb_id",
                                                                                                                            "cn.name_pcode_nf",
                                                                                                                            "cn.name_pcode_sf",
                                                                                                                            "cn.md5sum"
                                                                                                                        ],
                                                                                                                        "Filter": "((cn.country_code)::text = '[us]'::text)",
                                                                                                                        "Rows Removed by Filter": 0
                                                                                                                    }
                                                                                                                ]
                                                                                                            }
                                                                                                        ]
                                                                                                    }
                                                                                                ]
                                                                                            }
                                                                                        ]
                                                                                    },
                                                                                    {
                                                                                        "Node Type": "Sort",
                                                                                        "Parent Relationship": "Inner",
                                                                                        "Parallel Aware": false,
                                                                                        "Startup Cost": 1.16,
                                                                                        "Total Cost": 1.16,
                                                                                        "Plan Rows": 1,
                                                                                        "Plan Width": 4,
                                                                                        "Actual Startup Time": 0.0,
                                                                                        "Actual Total Time": 0.0,
                                                                                        "Actual Rows": 0,
                                                                                        "Actual Loops": 0,
                                                                                        "Output": [
                                                                                            "rt.id"
                                                                                        ],
                                                                                        "Sort Key": [
                                                                                            "rt.id"
                                                                                        ],
                                                                                        "Plans": [
                                                                                            {
                                                                                                "Node Type": "Seq Scan",
                                                                                                "Parent Relationship": "Outer",
                                                                                                "Parallel Aware": false,
                                                                                                "Relation Name": "role_type",
                                                                                                "Schema": "public",
                                                                                                "Alias": "rt",
                                                                                                "Startup Cost": 0.0,
                                                                                                "Total Cost": 1.15,
                                                                                                "Plan Rows": 1,
                                                                                                "Plan Width": 4,
                                                                                                "Actual Startup Time": 0.0,
                                                                                                "Actual Total Time": 0.0,
                                                                                                "Actual Rows": 0,
                                                                                                "Actual Loops": 0,
                                                                                                "Output": [
                                                                                                    "rt.id"
                                                                                                ],
                                                                                                "Filter": "((rt.role)::text = 'actress'::text)",
                                                                                                "Rows Removed by Filter": 0
                                                                                            }
                                                                                        ]
                                                                                    }
                                                                                ]
                                                                            }
                                                                        ]
                                                                    },
                                                                    {
                                                                        "Node Type": "Sort",
                                                                        "Parent Relationship": "Inner",
                                                                        "Parallel Aware": false,
                                                                        "Startup Cost": 1002145.89,
                                                                        "Total Cost": 1003292.69,
                                                                        "Plan Rows": 458720,
                                                                        "Plan Width": 8,
                                                                        "Actual Startup Time": 0.0,
                                                                        "Actual Total Time": 0.0,
                                                                        "Actual Rows": 0,
                                                                        "Actual Loops": 0,
                                                                        "Output": [
                                                                            "mi.movie_id",
                                                                            "mi.info_type_id"
                                                                        ],
                                                                        "Sort Key": [
                                                                            "mi.movie_id"
                                                                        ],
                                                                        "Plans": [
                                                                            {
                                                                                "Node Type": "Gather Merge",
                                                                                "Parent Relationship": "Outer",
                                                                                "Parallel Aware": false,
                                                                                "Startup Cost": 1000.51,
                                                                                "Total Cost": 959009.57,
                                                                                "Plan Rows": 458720,
                                                                                "Plan Width": 8,
                                                                                "Actual Startup Time": 0.0,
                                                                                "Actual Total Time": 0.0,
                                                                                "Actual Rows": 0,
                                                                                "Actual Loops": 0,
                                                                                "Output": [
                                                                                    "mi.movie_id",
                                                                                    "mi.info_type_id"
                                                                                ],
                                                                                "Workers Planned": 5,
                                                                                "Workers Launched": 0,
                                                                                "Plans": [
                                                                                    {
                                                                                        "Node Type": "Index Scan",
                                                                                        "Parent Relationship": "Outer",
                                                                                        "Parallel Aware": true,
                                                                                        "Scan Direction": "Forward",
                                                                                        "Index Name": "info_type_id_movie_info",
                                                                                        "Relation Name": "movie_info",
                                                                                        "Schema": "public",
                                                                                        "Alias": "mi",
                                                                                        "Startup Cost": 0.43,
                                                                                        "Total Cost": 902768.22,
                                                                                        "Plan Rows": 91744,
                                                                                        "Plan Width": 8,
                                                                                        "Actual Startup Time": 0.0,
                                                                                        "Actual Total Time": 0.0,
                                                                                        "Actual Rows": 0,
                                                                                        "Actual Loops": 0,
                                                                                        "Output": [
                                                                                            "mi.movie_id",
                                                                                            "mi.info_type_id"
                                                                                        ],
                                                                                        "Filter": "(mi.info ~~ 'USA:%200%'::text)",
                                                                                        "Rows Removed by Filter": 0
                                                                                    }
                                                                                ]
                                                                            }
                                                                        ]
                                                                    }
                                                                ]
                                                            },
                                                            {
                                                                "Node Type": "Hash",
                                                                "Parent Relationship": "Inner",
                                                                "Parallel Aware": false,
                                                                "Startup Cost": 277594.04,
                                                                "Total Cost": 277594.04,
                                                                "Plan Rows": 2963519,
                                                                "Plan Width": 8,
                                                                "Actual Startup Time": 1720.274,
                                                                "Actual Total Time": 1720.275,
                                                                "Actual Rows": 2963664,
                                                                "Actual Loops": 1,
                                                                "Output": [
                                                                    "pi.person_id",
                                                                    "pi.info_type_id"
                                                                ],
                                                                "Hash Buckets": 4194304,
                                                                "Original Hash Buckets": 4194304,
                                                                "Hash Batches": 1,
                                                                "Original Hash Batches": 1,
                                                                "Peak Memory Usage": 148537,
                                                                "Plans": [
                                                                    {
                                                                        "Node Type": "Index Scan",
                                                                        "Parent Relationship": "Outer",
                                                                        "Parallel Aware": false,
                                                                        "Scan Direction": "Forward",
                                                                        "Index Name": "info_type_id_person_info",
                                                                        "Relation Name": "person_info",
                                                                        "Schema": "public",
                                                                        "Alias": "pi",
                                                                        "Startup Cost": 0.43,
                                                                        "Total Cost": 277594.04,
                                                                        "Plan Rows": 2963519,
                                                                        "Plan Width": 8,
                                                                        "Actual Startup Time": 0.038,
                                                                        "Actual Total Time": 1149.623,
                                                                        "Actual Rows": 2963664,
                                                                        "Actual Loops": 1,
                                                                        "Output": [
                                                                            "pi.person_id",
                                                                            "pi.info_type_id"
                                                                        ]
                                                                    }
                                                                ]
                                                            }
                                                        ]
                                                    }
                                                ]
                                            }
                                        ]
                                    },
                                    {
                                        "Node Type": "Index Scan",
                                        "Parent Relationship": "Inner",
                                        "Parallel Aware": false,
                                        "Scan Direction": "Forward",
                                        "Index Name": "info_type_pkey",
                                        "Relation Name": "info_type",
                                        "Schema": "public",
                                        "Alias": "it3",
                                        "Startup Cost": 0.14,
                                        "Total Cost": 0.16,
                                        "Plan Rows": 1,
                                        "Plan Width": 4,
                                        "Actual Startup Time": 0.0,
                                        "Actual Total Time": 0.0,
                                        "Actual Rows": 0,
                                        "Actual Loops": 0,
                                        "Output": [
                                            "it3.id",
                                            "it3.info"
                                        ],
                                        "Index Cond": "(it3.id = pi.info_type_id)",
                                        "Rows Removed by Index Recheck": 0,
                                        "Filter": "((it3.info)::text = 'height'::text)",
                                        "Rows Removed by Filter": 0
                                    }
                                ]
                            }
                        ]
                    }
                ]
            }
        ]
    },
    "Planning Time": 2058.927,
    "Triggers": [],
    "Execution Time": 4120.263
}