[
  {
    "Plan": {
      "Node Type": "Aggregate",
      "Strategy": "Plain",
      "Partial Mode": "Finalize",
      "Parallel Aware": false,
      "Startup Cost": 44411.77,
      "Total Cost": 44411.78,
      "Plan Rows": 1,
      "Plan Width": 8,
      "Actual Startup Time": 132.308,
      "Actual Total Time": 140.34,
      "Actual Rows": 1,
      "Actual Loops": 1,
      "Plans": [
        {
          "Node Type": "Gather",
          "Parent Relationship": "Outer",
          "Parallel Aware": false,
          "Startup Cost": 44411.45,
          "Total Cost": 44411.76,
          "Plan Rows": 3,
          "Plan Width": 8,
          "Actual Startup Time": 132.191,
          "Actual Total Time": 140.33,
          "Actual Rows": 4,
          "Actual Loops": 1,
          "Workers Planned": 3,
          "Workers Launched": 3,
          "Single Copy": false,
          "Plans": [
            {
              "Node Type": "Aggregate",
              "Strategy": "Plain",
              "Partial Mode": "Partial",
              "Parent Relationship": "Outer",
              "Parallel Aware": false,
              "Startup Cost": 43411.45,
              "Total Cost": 43411.46,
              "Plan Rows": 1,
              "Plan Width": 8,
              "Actual Startup Time": 125.81,
              "Actual Total Time": 125.811,
              "Actual Rows": 1,
              "Actual Loops": 4,
              "Plans": [
                {
                  "Node Type": "Seq Scan",
                  "Parent Relationship": "Outer",
                  "Parallel Aware": true,
                  "Relation Name": "movie_keyword",
                  "Alias": "mk",
                  "Startup Cost": 0.0,
                  "Total Cost": 42695.65,
                  "Plan Rows": 286320,
                  "Plan Width": 0,
                  "Actual Startup Time": 4.616,
                  "Actual Total Time": 113.248,
                  "Actual Rows": 221294,
                  "Actual Loops": 4,
                  "Filter": "(keyword_id > 20833)",
                  "Rows Removed by Filter": 909688
                }
              ]
            }
          ]
        }
      ]
    },
    "Planning Time": 0.185,
    "Triggers": [],
    "Execution Time": 140.395
  }
]