[
  {
    "Plan": {
      "Node Type": "Aggregate",
      "Strategy": "Plain",
      "Partial Mode": "Finalize",
      "Parallel Aware": false,
      "Startup Cost": 121040.5,
      "Total Cost": 121040.51,
      "Plan Rows": 1,
      "Plan Width": 8,
      "Actual Startup Time": 61.65,
      "Actual Total Time": 67.157,
      "Actual Rows": 1,
      "Actual Loops": 1,
      "Plans": [
        {
          "Node Type": "Gather",
          "Parent Relationship": "Outer",
          "Parallel Aware": false,
          "Startup Cost": 121040.19,
          "Total Cost": 121040.5,
          "Plan Rows": 3,
          "Plan Width": 8,
          "Actual Startup Time": 61.374,
          "Actual Total Time": 67.151,
          "Actual Rows": 4,
          "Actual Loops": 1,
          "Workers Planned": 3,
          "Workers Launched": 3,
          "Single Copy": false,
          "Plans": [
            {
              "Node Type": "Aggregate",
              "Strategy": "Plain",
              "Partial Mode": "Partial",
              "Parent Relationship": "Outer",
              "Parallel Aware": false,
              "Startup Cost": 120040.19,
              "Total Cost": 120040.2,
              "Plan Rows": 1,
              "Plan Width": 8,
              "Actual Startup Time": 52.109,
              "Actual Total Time": 52.11,
              "Actual Rows": 1,
              "Actual Loops": 4,
              "Plans": [
                {
                  "Node Type": "Nested Loop",
                  "Parent Relationship": "Outer",
                  "Parallel Aware": false,
                  "Join Type": "Inner",
                  "Startup Cost": 545.83,
                  "Total Cost": 120037.33,
                  "Plan Rows": 1141,
                  "Plan Width": 0,
                  "Actual Startup Time": 3.19,
                  "Actual Total Time": 51.988,
                  "Actual Rows": 451,
                  "Actual Loops": 4,
                  "Inner Unique": true,
                  "Plans": [
                    {
                      "Node Type": "Bitmap Heap Scan",
                      "Parent Relationship": "Outer",
                      "Parallel Aware": true,
                      "Relation Name": "movie_info",
                      "Alias": "mi",
                      "Startup Cost": 545.4,
                      "Total Cost": 76692.13,
                      "Plan Rows": 9697,
                      "Plan Width": 4,
                      "Actual Startup Time": 2.735,
                      "Actual Total Time": 9.386,
                      "Actual Rows": 7545,
                      "Actual Loops": 4,
                      "Recheck Cond": "(info_type_id = 110)",
                      "Rows Removed by Index Recheck": 0,
                      "Exact Heap Blocks": 1636,
                      "Lossy Heap Blocks": 0,
                      "Plans": [
                        {
                          "Node Type": "Bitmap Index Scan",
                          "Parent Relationship": "Outer",
                          "Parallel Aware": false,
                          "Index Name": "info_type_id_movie_info",
                          "Startup Cost": 0.0,
                          "Total Cost": 537.88,
                          "Plan Rows": 30060,
                          "Plan Width": 0,
                          "Actual Startup Time": 8.41,
                          "Actual Total Time": 8.411,
                          "Actual Rows": 30180,
                          "Actual Loops": 1,
                          "Index Cond": "(info_type_id = 110)"
                        }
                      ]
                    },
                    {
                      "Node Type": "Index Scan",
                      "Parent Relationship": "Inner",
                      "Parallel Aware": false,
                      "Scan Direction": "Forward",
                      "Index Name": "title_pkey",
                      "Relation Name": "title",
                      "Alias": "t",
                      "Startup Cost": 0.43,
                      "Total Cost": 4.47,
                      "Plan Rows": 1,
                      "Plan Width": 4,
                      "Actual Startup Time": 0.005,
                      "Actual Total Time": 0.005,
                      "Actual Rows": 0,
                      "Actual Loops": 30180,
                      "Index Cond": "(id = mi.movie_id)",
                      "Rows Removed by Index Recheck": 0,
                      "Filter": "(production_year < 1966)",
                      "Rows Removed by Filter": 1
                    }
                  ]
                }
              ]
            }
          ]
        }
      ]
    },
    "Planning Time": 0.614,
    "Triggers": [],
    "Execution Time": 67.241
  }
]