{
  "Plan": {
    "Node Type": "Aggregate",
    "Strategy": "Plain",
    "Partial Mode": "Finalize",
    "Parallel Aware": false,
    "Startup Cost": 182133.07,
    "Total Cost": 182133.08,
    "Plan Rows": 1,
    "Plan Width": 8,
    "Actual Startup Time": 2174.367,
    "Actual Total Time": 2198.456,
    "Actual Rows": 1,
    "Actual Loops": 1,
    "Plans": [
      {
        "Node Type": "Gather",
        "Parent Relationship": "Outer",
        "Parallel Aware": false,
        "Startup Cost": 182132.96,
        "Total Cost": 182133.07,
        "Plan Rows": 1,
        "Plan Width": 8,
        "Actual Startup Time": 2166.812,
        "Actual Total Time": 2198.45,
        "Actual Rows": 2,
        "Actual Loops": 1,
        "Workers Planned": 1,
        "Workers Launched": 1,
        "Single Copy": false,
        "Plans": [
          {
            "Node Type": "Aggregate",
            "Strategy": "Plain",
            "Partial Mode": "Partial",
            "Parent Relationship": "Outer",
            "Parallel Aware": false,
            "Startup Cost": 181132.96,
            "Total Cost": 181132.97,
            "Plan Rows": 1,
            "Plan Width": 8,
            "Actual Startup Time": 2156.831,
            "Actual Total Time": 2156.837,
            "Actual Rows": 1,
            "Actual Loops": 2,
            "Plans": [
              {
                "Node Type": "Hash Join",
                "Parent Relationship": "Outer",
                "Parallel Aware": true,
                "Join Type": "Inner",
                "Startup Cost": 134252.59,
                "Total Cost": 180287.26,
                "Plan Rows": 338280,
                "Plan Width": 0,
                "Actual Startup Time": 1063.691,
                "Actual Total Time": 1826.245,
                "Actual Rows": 8756582,
                "Actual Loops": 2,
                "Inner Unique": false,
                "Hash Cond": "(mc.movie_id = t.id)",
                "Plans": [
                  {
                    "Node Type": "Index Scan",
                    "Parent Relationship": "Outer",
                    "Parallel Aware": true,
                    "Scan Direction": "Forward",
                    "Index Name": "company_type_id_movie_companies",
                    "Relation Name": "movie_companies",
                    "Alias": "mc",
                    "Startup Cost": 0.43,
                    "Total Cost": 41574.35,
                    "Plan Rows": 658898,
                    "Plan Width": 4,
                    "Actual Startup Time": 0.123,
                    "Actual Total Time": 106.375,
                    "Actual Rows": 507172,
                    "Actual Loops": 2,
                    "Index Cond": "(company_type_id < 2)",
                    "Rows Removed by Index Recheck": 0,
                    "Filter": "(company_id > 160)",
                    "Rows Removed by Filter": 129950
                  },
                  {
                    "Node Type": "Hash",
                    "Parent Relationship": "Inner",
                    "Parallel Aware": true,
                    "Startup Cost": 124707.81,
                    "Total Cost": 124707.81,
                    "Plan Rows": 763548,
                    "Plan Width": 8,
                    "Actual Startup Time": 1048.724,
                    "Actual Total Time": 1048.728,
                    "Actual Rows": 1424594,
                    "Actual Loops": 2,
                    "Hash Buckets": 4194304,
                    "Original Hash Buckets": 2097152,
                    "Hash Batches": 1,
                    "Original Hash Batches": 1,
                    "Peak Memory Usage": 160672,
                    "Plans": [
                      {
                        "Node Type": "Hash Join",
                        "Parent Relationship": "Outer",
                        "Parallel Aware": true,
                        "Join Type": "Inner",
                        "Startup Cost": 61878.3,
                        "Total Cost": 124707.81,
                        "Plan Rows": 763548,
                        "Plan Width": 8,
                        "Actual Startup Time": 266.749,
                        "Actual Total Time": 752.119,
                        "Actual Rows": 1424594,
                        "Actual Loops": 2,
                        "Inner Unique": true,
                        "Hash Cond": "(mk.movie_id = t.id)",
                        "Plans": [
                          {
                            "Node Type": "Seq Scan",
                            "Parent Relationship": "Outer",
                            "Parallel Aware": true,
                            "Relation Name": "movie_keyword",
                            "Alias": "mk",
                            "Startup Cost": 0.0,
                            "Total Cost": 57718.19,
                            "Plan Rows": 1947163,
                            "Plan Width": 4,
                            "Actual Startup Time": 0.015,
                            "Actual Total Time": 209.682,
                            "Actual Rows": 1652280,
                            "Actual Loops": 2,
                            "Filter": "(keyword_id < 14952)",
                            "Rows Removed by Filter": 609685
                          },
                          {
                            "Node Type": "Hash",
                            "Parent Relationship": "Inner",
                            "Parallel Aware": true,
                            "Startup Cost": 54588.39,
                            "Total Cost": 54588.39,
                            "Plan Rows": 583193,
                            "Plan Width": 4,
                            "Actual Startup Time": 262.496,
                            "Actual Total Time": 262.497,
                            "Actual Rows": 492524,
                            "Actual Loops": 2,
                            "Hash Buckets": 1048576,
                            "Original Hash Buckets": 1048576,
                            "Hash Batches": 1,
                            "Original Hash Batches": 1,
                            "Peak Memory Usage": 46752,
                            "Plans": [
                              {
                                "Node Type": "Seq Scan",
                                "Parent Relationship": "Outer",
                                "Parallel Aware": true,
                                "Relation Name": "title",
                                "Alias": "t",
                                "Startup Cost": 0.0,
                                "Total Cost": 54588.39,
                                "Plan Rows": 583193,
                                "Plan Width": 4,
                                "Actual Startup Time": 0.029,
                                "Actual Total Time": 148.172,
                                "Actual Rows": 492524,
                                "Actual Loops": 2,
                                "Filter": "(kind_id < 7)",
                                "Rows Removed by Filter": 771632
                              }
                            ]
                          }
                        ]
                      }
                    ]
                  }
                ]
              }
            ]
          }
        ]
      }
    ]
  },
  "Planning Time": 1.004,
  "Triggers": [],
  "Execution Time": 2198.544
}