[
    {
        "Bao": {
            "Bao prediction": "NaN",
            "Bao recommended hint": "(no hint)"
        }
    },
    {
        "Plan": {
            "Node Type": "Aggregate",
            "Strategy": "Plain",
            "Partial Mode": "Finalize",
            "Parallel Aware": false,
            "Startup Cost": 75281.81,
            "Total Cost": 75281.82,
            "Plan Rows": 1,
            "Plan Width": 8,
            "Actual Startup Time": 198.347,
            "Actual Total Time": 205.429,
            "Actual Rows": 1,
            "Actual Loops": 1,
            "Output": [
                "count(*)"
            ],
            "Plans": [
                {
                    "Node Type": "Gather",
                    "Parent Relationship": "Outer",
                    "Parallel Aware": false,
                    "Startup Cost": 75281.5,
                    "Total Cost": 75281.81,
                    "Plan Rows": 3,
                    "Plan Width": 8,
                    "Actual Startup Time": 194.401,
                    "Actual Total Time": 205.421,
                    "Actual Rows": 4,
                    "Actual Loops": 1,
                    "Output": [
                        "(PARTIAL count(*))"
                    ],
                    "Workers Planned": 3,
                    "Workers Launched": 3,
                    "Single Copy": false,
                    "Plans": [
                        {
                            "Node Type": "Aggregate",
                            "Strategy": "Plain",
                            "Partial Mode": "Partial",
                            "Parent Relationship": "Outer",
                            "Parallel Aware": false,
                            "Startup Cost": 74281.5,
                            "Total Cost": 74281.51,
                            "Plan Rows": 1,
                            "Plan Width": 8,
                            "Actual Startup Time": 185.516,
                            "Actual Total Time": 185.519,
                            "Actual Rows": 1,
                            "Actual Loops": 4,
                            "Output": [
                                "PARTIAL count(*)"
                            ],
                            "Workers": [
                                {
                                    "Worker Number": 0,
                                    "Actual Startup Time": 181.976,
                                    "Actual Total Time": 181.979,
                                    "Actual Rows": 1,
                                    "Actual Loops": 1
                                },
                                {
                                    "Worker Number": 1,
                                    "Actual Startup Time": 182.822,
                                    "Actual Total Time": 182.825,
                                    "Actual Rows": 1,
                                    "Actual Loops": 1
                                },
                                {
                                    "Worker Number": 2,
                                    "Actual Startup Time": 183.299,
                                    "Actual Total Time": 183.302,
                                    "Actual Rows": 1,
                                    "Actual Loops": 1
                                }
                            ],
                            "Plans": [
                                {
                                    "Node Type": "Hash Join",
                                    "Parent Relationship": "Outer",
                                    "Parallel Aware": true,
                                    "Join Type": "Inner",
                                    "Startup Cost": 49051.39,
                                    "Total Cost": 74269.62,
                                    "Plan Rows": 4750,
                                    "Plan Width": 0,
                                    "Actual Startup Time": 164.278,
                                    "Actual Total Time": 185.156,
                                    "Actual Rows": 5393,
                                    "Actual Loops": 4,
                                    "Inner Unique": true,
                                    "Hash Cond": "(mk.movie_id = t.id)",
                                    "Workers": [
                                        {
                                            "Worker Number": 0,
                                            "Actual Startup Time": 161.091,
                                            "Actual Total Time": 181.687,
                                            "Actual Rows": 3544,
                                            "Actual Loops": 1
                                        },
                                        {
                                            "Worker Number": 1,
                                            "Actual Startup Time": 161.589,
                                            "Actual Total Time": 182.476,
                                            "Actual Rows": 4528,
                                            "Actual Loops": 1
                                        },
                                        {
                                            "Worker Number": 2,
                                            "Actual Startup Time": 161.706,
                                            "Actual Total Time": 182.951,
                                            "Actual Rows": 4459,
                                            "Actual Loops": 1
                                        }
                                    ],
                                    "Plans": [
                                        {
                                            "Node Type": "Bitmap Heap Scan",
                                            "Parent Relationship": "Outer",
                                            "Parallel Aware": true,
                                            "Relation Name": "movie_keyword",
                                            "Schema": "public",
                                            "Alias": "mk",
                                            "Startup Cost": 938.86,
                                            "Total Cost": 26119.67,
                                            "Plan Rows": 14253,
                                            "Plan Width": 4,
                                            "Actual Startup Time": 4.078,
                                            "Actual Total Time": 19.09,
                                            "Actual Rows": 10460,
                                            "Actual Loops": 4,
                                            "Output": [
                                                "mk.id",
                                                "mk.movie_id",
                                                "mk.keyword_id"
                                            ],
                                            "Recheck Cond": "(mk.keyword_id = 117)",
                                            "Rows Removed by Index Recheck": 0,
                                            "Exact Heap Blocks": 5018,
                                            "Lossy Heap Blocks": 0,
                                            "Workers": [
                                                {
                                                    "Worker Number": 0,
                                                    "Actual Startup Time": 4.297,
                                                    "Actual Total Time": 19.697,
                                                    "Actual Rows": 7317,
                                                    "Actual Loops": 1
                                                },
                                                {
                                                    "Worker Number": 1,
                                                    "Actual Startup Time": 3.975,
                                                    "Actual Total Time": 19.642,
                                                    "Actual Rows": 9051,
                                                    "Actual Loops": 1
                                                },
                                                {
                                                    "Worker Number": 2,
                                                    "Actual Startup Time": 3.949,
                                                    "Actual Total Time": 19.62,
                                                    "Actual Rows": 8906,
                                                    "Actual Loops": 1
                                                }
                                            ],
                                            "Plans": [
                                                {
                                                    "Node Type": "Bitmap Index Scan",
                                                    "Parent Relationship": "Outer",
                                                    "Parallel Aware": false,
                                                    "Index Name": "keyword_id_movie_keyword",
                                                    "Startup Cost": 0.0,
                                                    "Total Cost": 927.81,
                                                    "Plan Rows": 44184,
                                                    "Plan Width": 0,
                                                    "Actual Startup Time": 2.507,
                                                    "Actual Total Time": 2.508,
                                                    "Actual Rows": 41840,
                                                    "Actual Loops": 1,
                                                    "Index Cond": "(mk.keyword_id = 117)"
                                                }
                                            ]
                                        },
                                        {
                                            "Node Type": "Hash",
                                            "Parent Relationship": "Inner",
                                            "Parallel Aware": true,
                                            "Startup Cost": 45479.21,
                                            "Total Cost": 45479.21,
                                            "Plan Rows": 210666,
                                            "Plan Width": 4,
                                            "Actual Startup Time": 156.08,
                                            "Actual Total Time": 156.08,
                                            "Actual Rows": 188790,
                                            "Actual Loops": 4,
                                            "Output": [
                                                "t.id"
                                            ],
                                            "Hash Buckets": 1048576,
                                            "Original Hash Buckets": 1048576,
                                            "Hash Batches": 1,
                                            "Original Hash Batches": 1,
                                            "Peak Memory Usage": 37792,
                                            "Workers": [
                                                {
                                                    "Worker Number": 0,
                                                    "Actual Startup Time": 156.161,
                                                    "Actual Total Time": 156.162,
                                                    "Actual Rows": 154745,
                                                    "Actual Loops": 1
                                                },
                                                {
                                                    "Worker Number": 1,
                                                    "Actual Startup Time": 157.098,
                                                    "Actual Total Time": 157.099,
                                                    "Actual Rows": 187863,
                                                    "Actual Loops": 1
                                                },
                                                {
                                                    "Worker Number": 2,
                                                    "Actual Startup Time": 157.225,
                                                    "Actual Total Time": 157.225,
                                                    "Actual Rows": 186371,
                                                    "Actual Loops": 1
                                                }
                                            ],
                                            "Plans": [
                                                {
                                                    "Node Type": "Seq Scan",
                                                    "Parent Relationship": "Outer",
                                                    "Parallel Aware": true,
                                                    "Relation Name": "title",
                                                    "Schema": "public",
                                                    "Alias": "t",
                                                    "Startup Cost": 0.0,
                                                    "Total Cost": 45479.21,
                                                    "Plan Rows": 210666,
                                                    "Plan Width": 4,
                                                    "Actual Startup Time": 0.042,
                                                    "Actual Total Time": 95.796,
                                                    "Actual Rows": 188790,
                                                    "Actual Loops": 4,
                                                    "Output": [
                                                        "t.id"
                                                    ],
                                                    "Filter": "((t.kind_id < 7) AND (t.production_year > 1965))",
                                                    "Rows Removed by Filter": 443288,
                                                    "Workers": [
                                                        {
                                                            "Worker Number": 0,
                                                            "Actual Startup Time": 0.058,
                                                            "Actual Total Time": 94.639,
                                                            "Actual Rows": 154745,
                                                            "Actual Loops": 1
                                                        },
                                                        {
                                                            "Worker Number": 1,
                                                            "Actual Startup Time": 0.041,
                                                            "Actual Total Time": 97.73,
                                                            "Actual Rows": 187863,
                                                            "Actual Loops": 1
                                                        },
                                                        {
                                                            "Worker Number": 2,
                                                            "Actual Startup Time": 0.05,
                                                            "Actual Total Time": 97.294,
                                                            "Actual Rows": 186371,
                                                            "Actual Loops": 1
                                                        }
                                                    ]
                                                }
                                            ]
                                        }
                                    ]
                                }
                            ]
                        }
                    ]
                }
            ]
        },
        "Planning Time": 218.131,
        "Triggers": [],
        "Execution Time": 205.52
    }
]