[
  {
    "Plan": {
      "Node Type": "Aggregate",
      "Strategy": "Plain",
      "Partial Mode": "Simple",
      "Parallel Aware": false,
      "Startup Cost": 21967.35,
      "Total Cost": 21967.36,
      "Plan Rows": 1,
      "Plan Width": 8,
      "Actual Startup Time": 44.42,
      "Actual Total Time": 44.421,
      "Actual Rows": 1,
      "Actual Loops": 1,
      "Plans": [
        {
          "Node Type": "Bitmap Heap Scan",
          "Parent Relationship": "Outer",
          "Parallel Aware": false,
          "Relation Name": "movie_companies",
          "Alias": "mc",
          "Startup Cost": 1879.16,
          "Total Cost": 21750.99,
          "Plan Rows": 86546,
          "Plan Width": 0,
          "Actual Startup Time": 11.826,
          "Actual Total Time": 36.968,
          "Actual Rows": 86189,
          "Actual Loops": 1,
          "Recheck Cond": "(company_id > 166062)",
          "Rows Removed by Index Recheck": 0,
          "Exact Heap Blocks": 2865,
          "Lossy Heap Blocks": 0,
          "Plans": [
            {
              "Node Type": "Bitmap Index Scan",
              "Parent Relationship": "Outer",
              "Parallel Aware": false,
              "Index Name": "company_id_movie_companies",
              "Startup Cost": 0.0,
              "Total Cost": 1857.53,
              "Plan Rows": 86546,
              "Plan Width": 0,
              "Actual Startup Time": 10.802,
              "Actual Total Time": 10.802,
              "Actual Rows": 86189,
              "Actual Loops": 1,
              "Index Cond": "(company_id > 166062)"
            }
          ]
        }
      ]
    },
    "Planning Time": 0.156,
    "Triggers": [],
    "Execution Time": 44.474
  }
]