[
  {
    "Plan": {
      "Node Type": "Aggregate",
      "Strategy": "Plain",
      "Partial Mode": "Simple",
      "Parallel Aware": false,
      "Startup Cost": 22115.83,
      "Total Cost": 22115.84,
      "Plan Rows": 1,
      "Plan Width": 8,
      "Actual Startup Time": 40.244,
      "Actual Total Time": 40.245,
      "Actual Rows": 1,
      "Actual Loops": 1,
      "Plans": [
        {
          "Node Type": "Bitmap Heap Scan",
          "Parent Relationship": "Outer",
          "Parallel Aware": false,
          "Relation Name": "movie_companies",
          "Alias": "mc",
          "Startup Cost": 1966.67,
          "Total Cost": 21889.3,
          "Plan Rows": 90611,
          "Plan Width": 0,
          "Actual Startup Time": 11.104,
          "Actual Total Time": 33.43,
          "Actual Rows": 86189,
          "Actual Loops": 1,
          "Recheck Cond": "(company_id > 166062)",
          "Rows Removed by Index Recheck": 0,
          "Exact Heap Blocks": 2865,
          "Lossy Heap Blocks": 0,
          "Plans": [
            {
              "Node Type": "Bitmap Index Scan",
              "Parent Relationship": "Outer",
              "Parallel Aware": false,
              "Index Name": "company_id_movie_companies",
              "Startup Cost": 0.0,
              "Total Cost": 1944.01,
              "Plan Rows": 90611,
              "Plan Width": 0,
              "Actual Startup Time": 10.148,
              "Actual Total Time": 10.148,
              "Actual Rows": 86189,
              "Actual Loops": 1,
              "Index Cond": "(company_id > 166062)"
            }
          ]
        }
      ]
    },
    "Planning Time": 0.152,
    "Triggers": [],
    "Execution Time": 40.297
  }
]