[
  {
    "Plan": {
      "Node Type": "Aggregate",
      "Strategy": "Plain",
      "Partial Mode": "Finalize",
      "Parallel Aware": false,
      "Startup Cost": 44899.76,
      "Total Cost": 44899.77,
      "Plan Rows": 1,
      "Plan Width": 8,
      "Actual Startup Time": 80.882,
      "Actual Total Time": 91.258,
      "Actual Rows": 1,
      "Actual Loops": 1,
      "Plans": [
        {
          "Node Type": "Gather",
          "Parent Relationship": "Outer",
          "Parallel Aware": false,
          "Startup Cost": 44899.34,
          "Total Cost": 44899.75,
          "Plan Rows": 4,
          "Plan Width": 8,
          "Actual Startup Time": 80.572,
          "Actual Total Time": 91.248,
          "Actual Rows": 5,
          "Actual Loops": 1,
          "Workers Planned": 4,
          "Workers Launched": 4,
          "Single Copy": false,
          "Plans": [
            {
              "Node Type": "Aggregate",
              "Strategy": "Plain",
              "Partial Mode": "Partial",
              "Parent Relationship": "Outer",
              "Parallel Aware": false,
              "Startup Cost": 43899.34,
              "Total Cost": 43899.35,
              "Plan Rows": 1,
              "Plan Width": 8,
              "Actual Startup Time": 74.493,
              "Actual Total Time": 74.494,
              "Actual Rows": 1,
              "Actual Loops": 5,
              "Plans": [
                {
                  "Node Type": "Seq Scan",
                  "Parent Relationship": "Outer",
                  "Parallel Aware": true,
                  "Relation Name": "title",
                  "Alias": "t",
                  "Startup Cost": 0.0,
                  "Total Cost": 43899.32,
                  "Plan Rows": 6,
                  "Plan Width": 0,
                  "Actual Startup Time": 38.711,
                  "Actual Total Time": 74.474,
                  "Actual Rows": 88,
                  "Actual Loops": 5,
                  "Filter": "(production_year > 2014)",
                  "Rows Removed by Filter": 505575
                }
              ]
            }
          ]
        }
      ]
    },
    "Planning Time": 0.063,
    "Triggers": [],
    "Execution Time": 91.293
  }
]