[
  {
    "Plan": {
      "Node Type": "Aggregate",
      "Strategy": "Plain",
      "Partial Mode": "Finalize",
      "Parallel Aware": false,
      "Startup Cost": 33071.74,
      "Total Cost": 33071.75,
      "Plan Rows": 1,
      "Plan Width": 8,
      "Actual Startup Time": 85.5,
      "Actual Total Time": 94.445,
      "Actual Rows": 1,
      "Actual Loops": 1,
      "Plans": [
        {
          "Node Type": "Gather",
          "Parent Relationship": "Outer",
          "Parallel Aware": false,
          "Startup Cost": 33071.42,
          "Total Cost": 33071.73,
          "Plan Rows": 3,
          "Plan Width": 8,
          "Actual Startup Time": 85.387,
          "Actual Total Time": 94.439,
          "Actual Rows": 4,
          "Actual Loops": 1,
          "Workers Planned": 3,
          "Workers Launched": 3,
          "Single Copy": false,
          "Plans": [
            {
              "Node Type": "Aggregate",
              "Strategy": "Plain",
              "Partial Mode": "Partial",
              "Parent Relationship": "Outer",
              "Parallel Aware": false,
              "Startup Cost": 32071.42,
              "Total Cost": 32071.43,
              "Plan Rows": 1,
              "Plan Width": 8,
              "Actual Startup Time": 81.746,
              "Actual Total Time": 81.747,
              "Actual Rows": 1,
              "Actual Loops": 4,
              "Plans": [
                {
                  "Node Type": "Seq Scan",
                  "Parent Relationship": "Outer",
                  "Parallel Aware": true,
                  "Relation Name": "movie_companies",
                  "Alias": "mc",
                  "Startup Cost": 0.0,
                  "Total Cost": 31414.82,
                  "Plan Rows": 262641,
                  "Plan Width": 0,
                  "Actual Startup Time": 36.245,
                  "Actual Total Time": 71.261,
                  "Actual Rows": 256536,
                  "Actual Loops": 4,
                  "Filter": "((company_id > 5316) AND (company_type_id = 2))",
                  "Rows Removed by Filter": 395746
                }
              ]
            }
          ]
        }
      ]
    },
    "Planning Time": 0.106,
    "Triggers": [],
    "Execution Time": 94.477
  }
]