[
  {
    "Plan": {
      "Node Type": "Aggregate",
      "Strategy": "Plain",
      "Partial Mode": "Finalize",
      "Parallel Aware": false,
      "Startup Cost": 17302.76,
      "Total Cost": 17302.77,
      "Plan Rows": 1,
      "Plan Width": 8,
      "Actual Startup Time": 15.987,
      "Actual Total Time": 18.722,
      "Actual Rows": 1,
      "Actual Loops": 1,
      "Plans": [
        {
          "Node Type": "Gather",
          "Parent Relationship": "Outer",
          "Parallel Aware": false,
          "Startup Cost": 17302.54,
          "Total Cost": 17302.75,
          "Plan Rows": 2,
          "Plan Width": 8,
          "Actual Startup Time": 15.915,
          "Actual Total Time": 18.712,
          "Actual Rows": 3,
          "Actual Loops": 1,
          "Workers Planned": 2,
          "Workers Launched": 2,
          "Single Copy": false,
          "Plans": [
            {
              "Node Type": "Aggregate",
              "Strategy": "Plain",
              "Partial Mode": "Partial",
              "Parent Relationship": "Outer",
              "Parallel Aware": false,
              "Startup Cost": 16302.54,
              "Total Cost": 16302.55,
              "Plan Rows": 1,
              "Plan Width": 8,
              "Actual Startup Time": 12.314,
              "Actual Total Time": 12.315,
              "Actual Rows": 1,
              "Actual Loops": 3,
              "Plans": [
                {
                  "Node Type": "Nested Loop",
                  "Parent Relationship": "Outer",
                  "Parallel Aware": false,
                  "Join Type": "Inner",
                  "Startup Cost": 87.36,
                  "Total Cost": 16300.5,
                  "Plan Rows": 815,
                  "Plan Width": 0,
                  "Actual Startup Time": 1.213,
                  "Actual Total Time": 12.158,
                  "Actual Rows": 839,
                  "Actual Loops": 3,
                  "Inner Unique": true,
                  "Plans": [
                    {
                      "Node Type": "Bitmap Heap Scan",
                      "Parent Relationship": "Outer",
                      "Parallel Aware": true,
                      "Relation Name": "movie_companies",
                      "Alias": "mc",
                      "Startup Cost": 86.93,
                      "Total Cost": 9819.13,
                      "Plan Rows": 815,
                      "Plan Width": 4,
                      "Actual Startup Time": 1.095,
                      "Actual Total Time": 3.13,
                      "Actual Rows": 839,
                      "Actual Loops": 3,
                      "Recheck Cond": "(company_id = 67)",
                      "Rows Removed by Index Recheck": 0,
                      "Filter": "(company_type_id < 2)",
                      "Rows Removed by Filter": 388,
                      "Exact Heap Blocks": 471,
                      "Lossy Heap Blocks": 0,
                      "Plans": [
                        {
                          "Node Type": "Bitmap Index Scan",
                          "Parent Relationship": "Outer",
                          "Parallel Aware": false,
                          "Index Name": "company_id_movie_companies",
                          "Startup Cost": 0.0,
                          "Total Cost": 86.44,
                          "Plan Rows": 4001,
                          "Plan Width": 0,
                          "Actual Startup Time": 2.759,
                          "Actual Total Time": 2.759,
                          "Actual Rows": 3681,
                          "Actual Loops": 1,
                          "Index Cond": "(company_id = 67)"
                        }
                      ]
                    },
                    {
                      "Node Type": "Index Only Scan",
                      "Parent Relationship": "Inner",
                      "Parallel Aware": false,
                      "Scan Direction": "Forward",
                      "Index Name": "title_pkey",
                      "Relation Name": "title",
                      "Alias": "t",
                      "Startup Cost": 0.43,
                      "Total Cost": 7.95,
                      "Plan Rows": 1,
                      "Plan Width": 4,
                      "Actual Startup Time": 0.01,
                      "Actual Total Time": 0.01,
                      "Actual Rows": 1,
                      "Actual Loops": 2517,
                      "Index Cond": "(id = mc.movie_id)",
                      "Rows Removed by Index Recheck": 0,
                      "Heap Fetches": 2517
                    }
                  ]
                }
              ]
            }
          ]
        }
      ]
    },
    "Planning Time": 0.602,
    "Triggers": [],
    "Execution Time": 18.801
  }
]