{
  "Plan": {
    "Node Type": "Aggregate",
    "Strategy": "Plain",
    "Partial Mode": "Finalize",
    "Parallel Aware": false,
    "Startup Cost": 1921924.07,
    "Total Cost": 1921924.08,
    "Plan Rows": 1,
    "Plan Width": 8,
    "Actual Startup Time": 12492.413,
    "Actual Total Time": 12582.648,
    "Actual Rows": 1,
    "Actual Loops": 1,
    "Plans": [
      {
        "Node Type": "Gather",
        "Parent Relationship": "Outer",
        "Parallel Aware": false,
        "Startup Cost": 1921923.96,
        "Total Cost": 1921924.07,
        "Plan Rows": 1,
        "Plan Width": 8,
        "Actual Startup Time": 12479.356,
        "Actual Total Time": 12582.638,
        "Actual Rows": 2,
        "Actual Loops": 1,
        "Workers Planned": 1,
        "Workers Launched": 1,
        "Single Copy": false,
        "Plans": [
          {
            "Node Type": "Aggregate",
            "Strategy": "Plain",
            "Partial Mode": "Partial",
            "Parent Relationship": "Outer",
            "Parallel Aware": false,
            "Startup Cost": 1920923.96,
            "Total Cost": 1920923.97,
            "Plan Rows": 1,
            "Plan Width": 8,
            "Actual Startup Time": 12473.008,
            "Actual Total Time": 12473.014,
            "Actual Rows": 1,
            "Actual Loops": 2,
            "Plans": [
              {
                "Node Type": "Merge Join",
                "Parent Relationship": "Outer",
                "Parallel Aware": false,
                "Join Type": "Inner",
                "Startup Cost": 786468.84,
                "Total Cost": 1907424.25,
                "Plan Rows": 5399881,
                "Plan Width": 0,
                "Actual Startup Time": 4983.949,
                "Actual Total Time": 11255.902,
                "Actual Rows": 31100085,
                "Actual Loops": 2,
                "Inner Unique": false,
                "Merge Cond": "(mi.movie_id = t.id)",
                "Plans": [
                  {
                    "Node Type": "Index Only Scan",
                    "Parent Relationship": "Outer",
                    "Parallel Aware": true,
                    "Scan Direction": "Forward",
                    "Index Name": "movie_id_movie_info",
                    "Relation Name": "movie_info",
                    "Alias": "mi",
                    "Startup Cost": 0.43,
                    "Total Cost": 1018223.42,
                    "Plan Rows": 8696274,
                    "Plan Width": 4,
                    "Actual Startup Time": 0.098,
                    "Actual Total Time": 2399.833,
                    "Actual Rows": 7417403,
                    "Actual Loops": 2,
                    "Heap Fetches": 14834806
                  },
                  {
                    "Node Type": "Sort",
                    "Parent Relationship": "Inner",
                    "Parallel Aware": false,
                    "Startup Cost": 786468.05,
                    "Total Cost": 790392.85,
                    "Plan Rows": 1569923,
                    "Plan Width": 8,
                    "Actual Startup Time": 4154.166,
                    "Actual Total Time": 5557.912,
                    "Actual Rows": 32137548,
                    "Actual Loops": 2,
                    "Sort Key": [
                      "ci.movie_id"
                    ],
                    "Sort Method": "quicksort",
                    "Sort Space Used": 146854,
                    "Sort Space Type": "Memory",
                    "Workers": [
                      {
                        "Worker Number": 0,
                        "Sort Method": "quicksort",
                        "Sort Space Used": 146854,
                        "Sort Space Type": "Memory"
                      }
                    ],
                    "Plans": [
                      {
                        "Node Type": "Hash Join",
                        "Parent Relationship": "Outer",
                        "Parallel Aware": false,
                        "Join Type": "Inner",
                        "Startup Cost": 237324.62,
                        "Total Cost": 624905.21,
                        "Plan Rows": 1569923,
                        "Plan Width": 8,
                        "Actual Startup Time": 588.818,
                        "Actual Total Time": 3598.715,
                        "Actual Rows": 2084300,
                        "Actual Loops": 2,
                        "Inner Unique": true,
                        "Hash Cond": "(ci.movie_id = t.id)",
                        "Plans": [
                          {
                            "Node Type": "Bitmap Heap Scan",
                            "Parent Relationship": "Outer",
                            "Parallel Aware": false,
                            "Relation Name": "cast_info",
                            "Alias": "ci",
                            "Startup Cost": 172107.41,
                            "Total Cost": 541850.48,
                            "Plan Rows": 6795235,
                            "Plan Width": 4,
                            "Actual Startup Time": 300.169,
                            "Actual Total Time": 1335.302,
                            "Actual Rows": 7622868,
                            "Actual Loops": 2,
                            "Recheck Cond": "(person_id < 778686)",
                            "Rows Removed by Index Recheck": 0,
                            "Filter": "(role_id < 10)",
                            "Rows Removed by Filter": 343518,
                            "Exact Heap Blocks": 83827,
                            "Lossy Heap Blocks": 0,
                            "Plans": [
                              {
                                "Node Type": "Bitmap Index Scan",
                                "Parent Relationship": "Outer",
                                "Parallel Aware": false,
                                "Index Name": "person_id_cast_info",
                                "Startup Cost": 0.0,
                                "Total Cost": 170408.6,
                                "Plan Rows": 7803738,
                                "Plan Width": 0,
                                "Actual Startup Time": 287.667,
                                "Actual Total Time": 287.668,
                                "Actual Rows": 7966386,
                                "Actual Loops": 2,
                                "Index Cond": "(person_id < 778686)"
                              }
                            ]
                          },
                          {
                            "Node Type": "Hash",
                            "Parent Relationship": "Inner",
                            "Parallel Aware": false,
                            "Startup Cost": 57915.72,
                            "Total Cost": 57915.72,
                            "Plan Rows": 584119,
                            "Plan Width": 4,
                            "Actual Startup Time": 276.971,
                            "Actual Total Time": 276.974,
                            "Actual Rows": 594730,
                            "Actual Loops": 2,
                            "Hash Buckets": 1048576,
                            "Original Hash Buckets": 1048576,
                            "Hash Batches": 1,
                            "Original Hash Batches": 1,
                            "Peak Memory Usage": 29101,
                            "Plans": [
                              {
                                "Node Type": "Bitmap Heap Scan",
                                "Parent Relationship": "Outer",
                                "Parallel Aware": false,
                                "Relation Name": "title",
                                "Alias": "t",
                                "Startup Cost": 11968.88,
                                "Total Cost": 57915.72,
                                "Plan Rows": 584119,
                                "Plan Width": 4,
                                "Actual Startup Time": 33.866,
                                "Actual Total Time": 148.201,
                                "Actual Rows": 594730,
                                "Actual Loops": 2,
                                "Recheck Cond": "(kind_id = 1)",
                                "Rows Removed by Index Recheck": 0,
                                "Filter": "(production_year < 2012)",
                                "Rows Removed by Filter": 68095,
                                "Exact Heap Blocks": 12863,
                                "Lossy Heap Blocks": 0,
                                "Plans": [
                                  {
                                    "Node Type": "Bitmap Index Scan",
                                    "Parent Relationship": "Outer",
                                    "Parallel Aware": false,
                                    "Index Name": "kind_id_title",
                                    "Startup Cost": 0.0,
                                    "Total Cost": 11822.85,
                                    "Plan Rows": 663256,
                                    "Plan Width": 0,
                                    "Actual Startup Time": 32.387,
                                    "Actual Total Time": 32.388,
                                    "Actual Rows": 662825,
                                    "Actual Loops": 2,
                                    "Index Cond": "(kind_id = 1)"
                                  }
                                ]
                              }
                            ]
                          }
                        ]
                      }
                    ]
                  }
                ]
              }
            ]
          }
        ]
      }
    ]
  },
  "Planning Time": 1.096,
  "Triggers": [],
  "Execution Time": 12602.228
}