{
  "Plan": {
    "Node Type": "Aggregate",
    "Strategy": "Plain",
    "Partial Mode": "Finalize",
    "Parallel Aware": false,
    "Startup Cost": 40436.16,
    "Total Cost": 40436.17,
    "Plan Rows": 1,
    "Plan Width": 8,
    "Actual Startup Time": 47.584,
    "Actual Total Time": 53.574,
    "Actual Rows": 1,
    "Actual Loops": 1,
    "Plans": [
      {
        "Node Type": "Gather",
        "Parent Relationship": "Outer",
        "Parallel Aware": false,
        "Startup Cost": 40436.05,
        "Total Cost": 40436.16,
        "Plan Rows": 1,
        "Plan Width": 8,
        "Actual Startup Time": 47.486,
        "Actual Total Time": 53.569,
        "Actual Rows": 2,
        "Actual Loops": 1,
        "Workers Planned": 1,
        "Workers Launched": 1,
        "Single Copy": false,
        "Plans": [
          {
            "Node Type": "Aggregate",
            "Strategy": "Plain",
            "Partial Mode": "Partial",
            "Parent Relationship": "Outer",
            "Parallel Aware": false,
            "Startup Cost": 39436.05,
            "Total Cost": 39436.06,
            "Plan Rows": 1,
            "Plan Width": 8,
            "Actual Startup Time": 41.419,
            "Actual Total Time": 41.42,
            "Actual Rows": 1,
            "Actual Loops": 2,
            "Plans": [
              {
                "Node Type": "Nested Loop",
                "Parent Relationship": "Outer",
                "Parallel Aware": false,
                "Join Type": "Inner",
                "Startup Cost": 131.61,
                "Total Cost": 39430.65,
                "Plan Rows": 2157,
                "Plan Width": 0,
                "Actual Startup Time": 21.668,
                "Actual Total Time": 41.394,
                "Actual Rows": 75,
                "Actual Loops": 2,
                "Inner Unique": true,
                "Plans": [
                  {
                    "Node Type": "Bitmap Heap Scan",
                    "Parent Relationship": "Outer",
                    "Parallel Aware": true,
                    "Relation Name": "movie_keyword",
                    "Alias": "mk",
                    "Startup Cost": 131.18,
                    "Total Cost": 14106.22,
                    "Plan Rows": 3548,
                    "Plan Width": 4,
                    "Actual Startup Time": 3.791,
                    "Actual Total Time": 14.275,
                    "Actual Rows": 3846,
                    "Actual Loops": 2,
                    "Recheck Cond": "(keyword_id = 186)",
                    "Rows Removed by Index Recheck": 0,
                    "Exact Heap Blocks": 4636,
                    "Lossy Heap Blocks": 0,
                    "Plans": [
                      {
                        "Node Type": "Bitmap Index Scan",
                        "Parent Relationship": "Outer",
                        "Parallel Aware": false,
                        "Index Name": "keyword_id_movie_keyword",
                        "Startup Cost": 0.0,
                        "Total Cost": 129.67,
                        "Plan Rows": 6032,
                        "Plan Width": 0,
                        "Actual Startup Time": 4.534,
                        "Actual Total Time": 4.535,
                        "Actual Rows": 7692,
                        "Actual Loops": 1,
                        "Index Cond": "(keyword_id = 186)"
                      }
                    ]
                  },
                  {
                    "Node Type": "Index Scan",
                    "Parent Relationship": "Inner",
                    "Parallel Aware": false,
                    "Scan Direction": "Forward",
                    "Index Name": "title_pkey",
                    "Relation Name": "title",
                    "Alias": "t",
                    "Startup Cost": 0.43,
                    "Total Cost": 7.14,
                    "Plan Rows": 1,
                    "Plan Width": 4,
                    "Actual Startup Time": 0.007,
                    "Actual Total Time": 0.007,
                    "Actual Rows": 0,
                    "Actual Loops": 7692,
                    "Index Cond": "(id = mk.movie_id)",
                    "Rows Removed by Index Recheck": 0,
                    "Filter": "(kind_id = 7)",
                    "Rows Removed by Filter": 1
                  }
                ]
              }
            ]
          }
        ]
      }
    ]
  },
  "Planning Time": 0.468,
  "Triggers": [],
  "Execution Time": 53.662
}