[
  {
    "Plan": {
      "Node Type": "Aggregate",
      "Strategy": "Plain",
      "Partial Mode": "Finalize",
      "Parallel Aware": false,
      "Startup Cost": 124415.77,
      "Total Cost": 124415.78,
      "Plan Rows": 1,
      "Plan Width": 8,
      "Actual Startup Time": 500.41,
      "Actual Total Time": 524.929,
      "Actual Rows": 1,
      "Actual Loops": 1,
      "Plans": [
        {
          "Node Type": "Gather",
          "Parent Relationship": "Outer",
          "Parallel Aware": false,
          "Startup Cost": 124415.45,
          "Total Cost": 124415.76,
          "Plan Rows": 3,
          "Plan Width": 8,
          "Actual Startup Time": 498.642,
          "Actual Total Time": 524.918,
          "Actual Rows": 4,
          "Actual Loops": 1,
          "Workers Planned": 3,
          "Workers Launched": 3,
          "Single Copy": false,
          "Plans": [
            {
              "Node Type": "Aggregate",
              "Strategy": "Plain",
              "Partial Mode": "Partial",
              "Parent Relationship": "Outer",
              "Parallel Aware": false,
              "Startup Cost": 123415.45,
              "Total Cost": 123415.46,
              "Plan Rows": 1,
              "Plan Width": 8,
              "Actual Startup Time": 489.523,
              "Actual Total Time": 489.673,
              "Actual Rows": 1,
              "Actual Loops": 4,
              "Plans": [
                {
                  "Node Type": "Hash Join",
                  "Parent Relationship": "Outer",
                  "Parallel Aware": true,
                  "Join Type": "Inner",
                  "Startup Cost": 92441.23,
                  "Total Cost": 123148.47,
                  "Plan Rows": 106793,
                  "Plan Width": 0,
                  "Actual Startup Time": 344.171,
                  "Actual Total Time": 486.094,
                  "Actual Rows": 70465,
                  "Actual Loops": 4,
                  "Inner Unique": false,
                  "Hash Cond": "(mc.movie_id = t.id)",
                  "Plans": [
                    {
                      "Node Type": "Seq Scan",
                      "Parent Relationship": "Outer",
                      "Parallel Aware": true,
                      "Relation Name": "movie_companies",
                      "Alias": "mc",
                      "Startup Cost": 0.0,
                      "Total Cost": 27206.55,
                      "Plan Rows": 841655,
                      "Plan Width": 4,
                      "Actual Startup Time": 0.038,
                      "Actual Total Time": 63.424,
                      "Actual Rows": 652282,
                      "Actual Loops": 4
                    },
                    {
                      "Node Type": "Hash",
                      "Parent Relationship": "Inner",
                      "Parallel Aware": true,
                      "Startup Cost": 91147.68,
                      "Total Cost": 91147.68,
                      "Plan Rows": 103484,
                      "Plan Width": 8,
                      "Actual Startup Time": 340.495,
                      "Actual Total Time": 340.643,
                      "Actual Rows": 23722,
                      "Actual Loops": 4,
                      "Hash Buckets": 524288,
                      "Original Hash Buckets": 524288,
                      "Hash Batches": 1,
                      "Original Hash Batches": 1,
                      "Peak Memory Usage": 7840,
                      "Plans": [
                        {
                          "Node Type": "Hash Join",
                          "Parent Relationship": "Outer",
                          "Parallel Aware": true,
                          "Join Type": "Inner",
                          "Startup Cost": 46713.9,
                          "Total Cost": 91147.68,
                          "Plan Rows": 103484,
                          "Plan Width": 8,
                          "Actual Startup Time": 153.681,
                          "Actual Total Time": 333.238,
                          "Actual Rows": 23722,
                          "Actual Loops": 4,
                          "Inner Unique": true,
                          "Hash Cond": "(mk.movie_id = t.id)",
                          "Plans": [
                            {
                              "Node Type": "Seq Scan",
                              "Parent Relationship": "Outer",
                              "Parallel Aware": true,
                              "Relation Name": "movie_keyword",
                              "Alias": "mk",
                              "Startup Cost": 0.0,
                              "Total Cost": 42695.65,
                              "Plan Rows": 662144,
                              "Plan Width": 4,
                              "Actual Startup Time": 0.027,
                              "Actual Total Time": 117.498,
                              "Actual Rows": 511699,
                              "Actual Loops": 4,
                              "Filter": "(keyword_id < 3658)",
                              "Rows Removed by Filter": 619284
                            },
                            {
                              "Node Type": "Hash",
                              "Parent Relationship": "Inner",
                              "Parallel Aware": true,
                              "Startup Cost": 45479.1,
                              "Total Cost": 45479.1,
                              "Plan Rows": 98784,
                              "Plan Width": 4,
                              "Actual Startup Time": 151.749,
                              "Actual Total Time": 151.75,
                              "Actual Rows": 100297,
                              "Actual Loops": 4,
                              "Hash Buckets": 524288,
                              "Original Hash Buckets": 524288,
                              "Hash Batches": 1,
                              "Original Hash Batches": 1,
                              "Peak Memory Usage": 19840,
                              "Plans": [
                                {
                                  "Node Type": "Seq Scan",
                                  "Parent Relationship": "Outer",
                                  "Parallel Aware": true,
                                  "Relation Name": "title",
                                  "Alias": "t",
                                  "Startup Cost": 0.0,
                                  "Total Cost": 45479.1,
                                  "Plan Rows": 98784,
                                  "Plan Width": 4,
                                  "Actual Startup Time": 0.043,
                                  "Actual Total Time": 109.403,
                                  "Actual Rows": 100297,
                                  "Actual Loops": 4,
                                  "Filter": "((kind_id > 1) AND (production_year > 2009))",
                                  "Rows Removed by Filter": 531781
                                }
                              ]
                            }
                          ]
                        }
                      ]
                    }
                  ]
                }
              ]
            }
          ]
        }
      ]
    },
    "Planning Time": 1.383,
    "Triggers": [],
    "Execution Time": 525.01
  }
]