[
  {
    "Plan": {
      "Node Type": "Aggregate",
      "Strategy": "Plain",
      "Partial Mode": "Finalize",
      "Parallel Aware": false,
      "Startup Cost": 330720.63,
      "Total Cost": 330720.64,
      "Plan Rows": 1,
      "Plan Width": 8,
      "Actual Startup Time": 256.269,
      "Actual Total Time": 267.068,
      "Actual Rows": 1,
      "Actual Loops": 1,
      "Plans": [
        {
          "Node Type": "Gather",
          "Parent Relationship": "Outer",
          "Parallel Aware": false,
          "Startup Cost": 330720.01,
          "Total Cost": 330720.62,
          "Plan Rows": 6,
          "Plan Width": 8,
          "Actual Startup Time": 254.955,
          "Actual Total Time": 267.058,
          "Actual Rows": 7,
          "Actual Loops": 1,
          "Workers Planned": 6,
          "Workers Launched": 6,
          "Single Copy": false,
          "Plans": [
            {
              "Node Type": "Aggregate",
              "Strategy": "Plain",
              "Partial Mode": "Partial",
              "Parent Relationship": "Outer",
              "Parallel Aware": false,
              "Startup Cost": 329720.01,
              "Total Cost": 329720.02,
              "Plan Rows": 1,
              "Plan Width": 8,
              "Actual Startup Time": 247.167,
              "Actual Total Time": 247.172,
              "Actual Rows": 1,
              "Actual Loops": 7,
              "Plans": [
                {
                  "Node Type": "Bitmap Heap Scan",
                  "Parent Relationship": "Outer",
                  "Parallel Aware": true,
                  "Relation Name": "cast_info",
                  "Alias": "ci",
                  "Startup Cost": 68734.17,
                  "Total Cost": 329262.14,
                  "Plan Rows": 183148,
                  "Plan Width": 0,
                  "Actual Startup Time": 104.492,
                  "Actual Total Time": 228.801,
                  "Actual Rows": 333068,
                  "Actual Loops": 7,
                  "Recheck Cond": "(person_id < 313165)",
                  "Rows Removed by Index Recheck": 0,
                  "Filter": "(role_id = 1)",
                  "Rows Removed by Filter": 129643,
                  "Exact Heap Blocks": 8121,
                  "Lossy Heap Blocks": 0,
                  "Plans": [
                    {
                      "Node Type": "Bitmap Index Scan",
                      "Parent Relationship": "Outer",
                      "Parallel Aware": false,
                      "Index Name": "person_id_cast_info",
                      "Startup Cost": 0.0,
                      "Total Cost": 68459.45,
                      "Plan Rows": 3136385,
                      "Plan Width": 0,
                      "Actual Startup Time": 106.263,
                      "Actual Total Time": 106.264,
                      "Actual Rows": 3238976,
                      "Actual Loops": 1,
                      "Index Cond": "(person_id < 313165)"
                    }
                  ]
                }
              ]
            }
          ]
        }
      ]
    },
    "Planning Time": 0.107,
    "Triggers": [],
    "Execution Time": 267.109
  }
]