[
  {
    "Plan": {
      "Node Type": "Aggregate",
      "Strategy": "Plain",
      "Partial Mode": "Finalize",
      "Parallel Aware": false,
      "Startup Cost": 331379.77,
      "Total Cost": 331379.78,
      "Plan Rows": 1,
      "Plan Width": 8,
      "Actual Startup Time": 362.471,
      "Actual Total Time": 373.692,
      "Actual Rows": 1,
      "Actual Loops": 1,
      "Plans": [
        {
          "Node Type": "Gather",
          "Parent Relationship": "Outer",
          "Parallel Aware": false,
          "Startup Cost": 331379.15,
          "Total Cost": 331379.76,
          "Plan Rows": 6,
          "Plan Width": 8,
          "Actual Startup Time": 361.6,
          "Actual Total Time": 373.681,
          "Actual Rows": 7,
          "Actual Loops": 1,
          "Workers Planned": 6,
          "Workers Launched": 6,
          "Single Copy": false,
          "Plans": [
            {
              "Node Type": "Aggregate",
              "Strategy": "Plain",
              "Partial Mode": "Partial",
              "Parent Relationship": "Outer",
              "Parallel Aware": false,
              "Startup Cost": 330379.15,
              "Total Cost": 330379.16,
              "Plan Rows": 1,
              "Plan Width": 8,
              "Actual Startup Time": 352.481,
              "Actual Total Time": 352.482,
              "Actual Rows": 1,
              "Actual Loops": 7,
              "Plans": [
                {
                  "Node Type": "Bitmap Heap Scan",
                  "Parent Relationship": "Outer",
                  "Parallel Aware": true,
                  "Relation Name": "cast_info",
                  "Alias": "ci",
                  "Startup Cost": 69331.98,
                  "Total Cost": 329925.36,
                  "Plan Rows": 181513,
                  "Plan Width": 0,
                  "Actual Startup Time": 211.52,
                  "Actual Total Time": 334.987,
                  "Actual Rows": 333068,
                  "Actual Loops": 7,
                  "Recheck Cond": "(person_id < 313165)",
                  "Rows Removed by Index Recheck": 0,
                  "Filter": "(role_id = 1)",
                  "Rows Removed by Filter": 129643,
                  "Exact Heap Blocks": 5121,
                  "Lossy Heap Blocks": 0,
                  "Plans": [
                    {
                      "Node Type": "Bitmap Index Scan",
                      "Parent Relationship": "Outer",
                      "Parallel Aware": false,
                      "Index Name": "person_id_cast_info",
                      "Startup Cost": 0.0,
                      "Total Cost": 69059.71,
                      "Plan Rows": 3162553,
                      "Plan Width": 0,
                      "Actual Startup Time": 210.772,
                      "Actual Total Time": 210.772,
                      "Actual Rows": 3238976,
                      "Actual Loops": 1,
                      "Index Cond": "(person_id < 313165)"
                    }
                  ]
                }
              ]
            }
          ]
        }
      ]
    },
    "Planning Time": 0.208,
    "Triggers": [],
    "Execution Time": 373.757
  }
]