[
  {
    "Plan": {
      "Node Type": "Aggregate",
      "Strategy": "Plain",
      "Partial Mode": "Simple",
      "Parallel Aware": false,
      "Startup Cost": 131167.97,
      "Total Cost": 131167.98,
      "Plan Rows": 1,
      "Plan Width": 8,
      "Actual Startup Time": 42.295,
      "Actual Total Time": 42.296,
      "Actual Rows": 1,
      "Actual Loops": 1,
      "Plans": [
        {
          "Node Type": "Index Only Scan",
          "Parent Relationship": "Outer",
          "Parallel Aware": false,
          "Scan Direction": "Forward",
          "Index Name": "person_id_cast_info",
          "Relation Name": "cast_info",
          "Alias": "ci",
          "Startup Cost": 0.56,
          "Total Cost": 130992.77,
          "Plan Rows": 70083,
          "Plan Width": 0,
          "Actual Startup Time": 0.039,
          "Actual Total Time": 34.067,
          "Actual Rows": 80177,
          "Actual Loops": 1,
          "Index Cond": "(person_id > 4049292)",
          "Rows Removed by Index Recheck": 0,
          "Heap Fetches": 80177
        }
      ]
    },
    "Planning Time": 0.359,
    "Triggers": [],
    "Execution Time": 42.356
  }
]