{
  "Plan": {
    "Node Type": "Aggregate",
    "Strategy": "Plain",
    "Partial Mode": "Finalize",
    "Parallel Aware": false,
    "Startup Cost": 78044.8,
    "Total Cost": 78044.81,
    "Plan Rows": 1,
    "Plan Width": 8,
    "Actual Startup Time": 263.177,
    "Actual Total Time": 276.224,
    "Actual Rows": 1,
    "Actual Loops": 1,
    "Plans": [
      {
        "Node Type": "Gather",
        "Parent Relationship": "Outer",
        "Parallel Aware": false,
        "Startup Cost": 78044.69,
        "Total Cost": 78044.8,
        "Plan Rows": 1,
        "Plan Width": 8,
        "Actual Startup Time": 262.932,
        "Actual Total Time": 276.217,
        "Actual Rows": 2,
        "Actual Loops": 1,
        "Workers Planned": 1,
        "Workers Launched": 1,
        "Single Copy": false,
        "Plans": [
          {
            "Node Type": "Aggregate",
            "Strategy": "Plain",
            "Partial Mode": "Partial",
            "Parent Relationship": "Outer",
            "Parallel Aware": false,
            "Startup Cost": 77044.69,
            "Total Cost": 77044.7,
            "Plan Rows": 1,
            "Plan Width": 8,
            "Actual Startup Time": 257.097,
            "Actual Total Time": 257.1,
            "Actual Rows": 1,
            "Actual Loops": 2,
            "Plans": [
              {
                "Node Type": "Hash Join",
                "Parent Relationship": "Outer",
                "Parallel Aware": true,
                "Join Type": "Inner",
                "Startup Cost": 58806.33,
                "Total Cost": 76990.12,
                "Plan Rows": 21828,
                "Plan Width": 0,
                "Actual Startup Time": 152.706,
                "Actual Total Time": 256.672,
                "Actual Rows": 10107,
                "Actual Loops": 2,
                "Inner Unique": true,
                "Hash Cond": "(mi_idx.movie_id = t.id)",
                "Plans": [
                  {
                    "Node Type": "Seq Scan",
                    "Parent Relationship": "Outer",
                    "Parallel Aware": true,
                    "Relation Name": "movie_info_idx",
                    "Alias": "mi_idx",
                    "Startup Cost": 0.0,
                    "Total Cost": 16052.85,
                    "Plan Rows": 811785,
                    "Plan Width": 4,
                    "Actual Startup Time": 0.018,
                    "Actual Total Time": 47.056,
                    "Actual Rows": 690018,
                    "Actual Loops": 2
                  },
                  {
                    "Node Type": "Hash",
                    "Parent Relationship": "Inner",
                    "Parallel Aware": true,
                    "Startup Cost": 58306.47,
                    "Total Cost": 58306.47,
                    "Plan Rows": 39989,
                    "Plan Width": 4,
                    "Actual Startup Time": 149.939,
                    "Actual Total Time": 149.939,
                    "Actual Rows": 37262,
                    "Actual Loops": 2,
                    "Hash Buckets": 131072,
                    "Original Hash Buckets": 131072,
                    "Hash Batches": 1,
                    "Original Hash Batches": 1,
                    "Peak Memory Usage": 3968,
                    "Plans": [
                      {
                        "Node Type": "Seq Scan",
                        "Parent Relationship": "Outer",
                        "Parallel Aware": true,
                        "Relation Name": "title",
                        "Alias": "t",
                        "Startup Cost": 0.0,
                        "Total Cost": 58306.47,
                        "Plan Rows": 39989,
                        "Plan Width": 4,
                        "Actual Startup Time": 0.041,
                        "Actual Total Time": 139.163,
                        "Actual Rows": 37262,
                        "Actual Loops": 2,
                        "Filter": "((kind_id = 7) AND (production_year = 2006))",
                        "Rows Removed by Filter": 1226894
                      }
                    ]
                  }
                ]
              }
            ]
          }
        ]
      }
    ]
  },
  "Planning Time": 0.43,
  "Triggers": [],
  "Execution Time": 276.322
}