[
  {
    "Plan": {
      "Node Type": "Aggregate",
      "Strategy": "Plain",
      "Partial Mode": "Finalize",
      "Parallel Aware": false,
      "Startup Cost": 220230.31,
      "Total Cost": 220230.32,
      "Plan Rows": 1,
      "Plan Width": 8,
      "Actual Startup Time": 125.499,
      "Actual Total Time": 133.229,
      "Actual Rows": 1,
      "Actual Loops": 1,
      "Plans": [
        {
          "Node Type": "Gather",
          "Parent Relationship": "Outer",
          "Parallel Aware": false,
          "Startup Cost": 220229.78,
          "Total Cost": 220230.29,
          "Plan Rows": 5,
          "Plan Width": 8,
          "Actual Startup Time": 123.345,
          "Actual Total Time": 133.218,
          "Actual Rows": 6,
          "Actual Loops": 1,
          "Workers Planned": 5,
          "Workers Launched": 5,
          "Single Copy": false,
          "Plans": [
            {
              "Node Type": "Aggregate",
              "Strategy": "Plain",
              "Partial Mode": "Partial",
              "Parent Relationship": "Outer",
              "Parallel Aware": false,
              "Startup Cost": 219229.78,
              "Total Cost": 219229.79,
              "Plan Rows": 1,
              "Plan Width": 8,
              "Actual Startup Time": 116.603,
              "Actual Total Time": 116.606,
              "Actual Rows": 1,
              "Actual Loops": 6,
              "Plans": [
                {
                  "Node Type": "Hash Join",
                  "Parent Relationship": "Outer",
                  "Parallel Aware": true,
                  "Join Type": "Inner",
                  "Startup Cost": 49866.22,
                  "Total Cost": 219216.15,
                  "Plan Rows": 5455,
                  "Plan Width": 0,
                  "Actual Startup Time": 100.028,
                  "Actual Total Time": 116.276,
                  "Actual Rows": 5314,
                  "Actual Loops": 6,
                  "Inner Unique": true,
                  "Hash Cond": "(mi.movie_id = t.id)",
                  "Plans": [
                    {
                      "Node Type": "Bitmap Heap Scan",
                      "Parent Relationship": "Outer",
                      "Parallel Aware": true,
                      "Relation Name": "movie_info",
                      "Alias": "mi",
                      "Startup Cost": 3142.16,
                      "Total Cost": 172401.2,
                      "Plan Rows": 34625,
                      "Plan Width": 4,
                      "Actual Startup Time": 8.183,
                      "Actual Total Time": 19.326,
                      "Actual Rows": 30019,
                      "Actual Loops": 6,
                      "Recheck Cond": "(info_type_id = 13)",
                      "Rows Removed by Index Recheck": 0,
                      "Exact Heap Blocks": 1332,
                      "Lossy Heap Blocks": 0,
                      "Plans": [
                        {
                          "Node Type": "Bitmap Index Scan",
                          "Parent Relationship": "Outer",
                          "Parallel Aware": false,
                          "Index Name": "info_type_id_movie_info",
                          "Startup Cost": 0.0,
                          "Total Cost": 3098.88,
                          "Plan Rows": 173126,
                          "Plan Width": 0,
                          "Actual Startup Time": 7.44,
                          "Actual Total Time": 7.441,
                          "Actual Rows": 180112,
                          "Actual Loops": 1,
                          "Index Cond": "(info_type_id = 13)"
                        }
                      ]
                    },
                    {
                      "Node Type": "Hash",
                      "Parent Relationship": "Inner",
                      "Parallel Aware": true,
                      "Startup Cost": 45479.21,
                      "Total Cost": 45479.21,
                      "Plan Rows": 99588,
                      "Plan Width": 4,
                      "Actual Startup Time": 90.121,
                      "Actual Total Time": 90.122,
                      "Actual Rows": 55999,
                      "Actual Loops": 6,
                      "Hash Buckets": 524288,
                      "Original Hash Buckets": 524288,
                      "Hash Batches": 1,
                      "Original Hash Batches": 1,
                      "Peak Memory Usage": 17312,
                      "Plans": [
                        {
                          "Node Type": "Seq Scan",
                          "Parent Relationship": "Outer",
                          "Parallel Aware": true,
                          "Relation Name": "title",
                          "Alias": "t",
                          "Startup Cost": 0.0,
                          "Total Cost": 45479.21,
                          "Plan Rows": 99588,
                          "Plan Width": 4,
                          "Actual Startup Time": 0.046,
                          "Actual Total Time": 69.711,
                          "Actual Rows": 55999,
                          "Actual Loops": 6,
                          "Filter": "((kind_id < 7) AND (production_year > 2005))",
                          "Rows Removed by Filter": 365386
                        }
                      ]
                    }
                  ]
                }
              ]
            }
          ]
        }
      ]
    },
    "Planning Time": 0.18,
    "Triggers": [],
    "Execution Time": 133.262
  }
]