[
  {
    "Plan": {
      "Node Type": "Aggregate",
      "Strategy": "Plain",
      "Partial Mode": "Finalize",
      "Parallel Aware": false,
      "Startup Cost": 46903.03,
      "Total Cost": 46903.04,
      "Plan Rows": 1,
      "Plan Width": 8,
      "Actual Startup Time": 100.977,
      "Actual Total Time": 114.685,
      "Actual Rows": 1,
      "Actual Loops": 1,
      "Plans": [
        {
          "Node Type": "Gather",
          "Parent Relationship": "Outer",
          "Parallel Aware": false,
          "Startup Cost": 46902.61,
          "Total Cost": 46903.02,
          "Plan Rows": 4,
          "Plan Width": 8,
          "Actual Startup Time": 100.784,
          "Actual Total Time": 114.671,
          "Actual Rows": 5,
          "Actual Loops": 1,
          "Workers Planned": 4,
          "Workers Launched": 4,
          "Single Copy": false,
          "Plans": [
            {
              "Node Type": "Aggregate",
              "Strategy": "Plain",
              "Partial Mode": "Partial",
              "Parent Relationship": "Outer",
              "Parallel Aware": false,
              "Startup Cost": 45902.61,
              "Total Cost": 45902.62,
              "Plan Rows": 1,
              "Plan Width": 8,
              "Actual Startup Time": 93.641,
              "Actual Total Time": 93.642,
              "Actual Rows": 1,
              "Actual Loops": 5,
              "Plans": [
                {
                  "Node Type": "Seq Scan",
                  "Parent Relationship": "Outer",
                  "Parallel Aware": true,
                  "Relation Name": "title",
                  "Alias": "t",
                  "Startup Cost": 0.0,
                  "Total Cost": 45479.1,
                  "Plan Rows": 169404,
                  "Plan Width": 0,
                  "Actual Startup Time": 0.04,
                  "Actual Total Time": 88.217,
                  "Actual Rows": 111935,
                  "Actual Loops": 5,
                  "Filter": "((kind_id < 4) AND (production_year > 1976))",
                  "Rows Removed by Filter": 393728
                }
              ]
            }
          ]
        }
      ]
    },
    "Planning Time": 0.187,
    "Triggers": [],
    "Execution Time": 114.754
  }
]