[
  {
    "Plan": {
      "Node Type": "Aggregate",
      "Strategy": "Plain",
      "Partial Mode": "Finalize",
      "Parallel Aware": false,
      "Startup Cost": 33346.49,
      "Total Cost": 33346.5,
      "Plan Rows": 1,
      "Plan Width": 8,
      "Actual Startup Time": 103.068,
      "Actual Total Time": 111.585,
      "Actual Rows": 1,
      "Actual Loops": 1,
      "Plans": [
        {
          "Node Type": "Gather",
          "Parent Relationship": "Outer",
          "Parallel Aware": false,
          "Startup Cost": 33346.17,
          "Total Cost": 33346.48,
          "Plan Rows": 3,
          "Plan Width": 8,
          "Actual Startup Time": 102.952,
          "Actual Total Time": 111.576,
          "Actual Rows": 4,
          "Actual Loops": 1,
          "Workers Planned": 3,
          "Workers Launched": 3,
          "Single Copy": false,
          "Plans": [
            {
              "Node Type": "Aggregate",
              "Strategy": "Plain",
              "Partial Mode": "Partial",
              "Parent Relationship": "Outer",
              "Parallel Aware": false,
              "Startup Cost": 32346.17,
              "Total Cost": 32346.18,
              "Plan Rows": 1,
              "Plan Width": 8,
              "Actual Startup Time": 94.507,
              "Actual Total Time": 94.508,
              "Actual Rows": 1,
              "Actual Loops": 4,
              "Plans": [
                {
                  "Node Type": "Seq Scan",
                  "Parent Relationship": "Outer",
                  "Parallel Aware": true,
                  "Relation Name": "movie_companies",
                  "Alias": "mc",
                  "Startup Cost": 0.0,
                  "Total Cost": 31414.82,
                  "Plan Rows": 372542,
                  "Plan Width": 0,
                  "Actual Startup Time": 49.982,
                  "Actual Total Time": 84.868,
                  "Actual Rows": 249883,
                  "Actual Loops": 4,
                  "Filter": "((company_id < 89830) AND (company_type_id = 2))",
                  "Rows Removed by Filter": 402399
                }
              ]
            }
          ]
        }
      ]
    },
    "Planning Time": 0.267,
    "Triggers": [],
    "Execution Time": 111.646
  }
]