[
  {
    "Plan": {
      "Node Type": "Aggregate",
      "Strategy": "Plain",
      "Partial Mode": "Finalize",
      "Parallel Aware": false,
      "Startup Cost": 96421.41,
      "Total Cost": 96421.42,
      "Plan Rows": 1,
      "Plan Width": 8,
      "Actual Startup Time": 468.466,
      "Actual Total Time": 489.235,
      "Actual Rows": 1,
      "Actual Loops": 1,
      "Plans": [
        {
          "Node Type": "Gather",
          "Parent Relationship": "Outer",
          "Parallel Aware": false,
          "Startup Cost": 96421.09,
          "Total Cost": 96421.4,
          "Plan Rows": 3,
          "Plan Width": 8,
          "Actual Startup Time": 464.107,
          "Actual Total Time": 489.215,
          "Actual Rows": 4,
          "Actual Loops": 1,
          "Workers Planned": 3,
          "Workers Launched": 3,
          "Single Copy": false,
          "Plans": [
            {
              "Node Type": "Aggregate",
              "Strategy": "Plain",
              "Partial Mode": "Partial",
              "Parent Relationship": "Outer",
              "Parallel Aware": false,
              "Startup Cost": 95421.09,
              "Total Cost": 95421.1,
              "Plan Rows": 1,
              "Plan Width": 8,
              "Actual Startup Time": 454.706,
              "Actual Total Time": 454.709,
              "Actual Rows": 1,
              "Actual Loops": 4,
              "Plans": [
                {
                  "Node Type": "Nested Loop",
                  "Parent Relationship": "Outer",
                  "Parallel Aware": false,
                  "Join Type": "Inner",
                  "Startup Cost": 52876.96,
                  "Total Cost": 95388.63,
                  "Plan Rows": 12982,
                  "Plan Width": 0,
                  "Actual Startup Time": 195.43,
                  "Actual Total Time": 449.605,
                  "Actual Rows": 98946,
                  "Actual Loops": 4,
                  "Inner Unique": false,
                  "Plans": [
                    {
                      "Node Type": "Hash Join",
                      "Parent Relationship": "Outer",
                      "Parallel Aware": true,
                      "Join Type": "Inner",
                      "Startup Cost": 52876.53,
                      "Total Cost": 78386.64,
                      "Plan Rows": 24776,
                      "Plan Width": 8,
                      "Actual Startup Time": 195.327,
                      "Actual Total Time": 249.158,
                      "Actual Rows": 42469,
                      "Actual Loops": 4,
                      "Inner Unique": true,
                      "Hash Cond": "(mk.movie_id = t.id)",
                      "Plans": [
                        {
                          "Node Type": "Bitmap Heap Scan",
                          "Parent Relationship": "Outer",
                          "Parallel Aware": true,
                          "Relation Name": "movie_keyword",
                          "Alias": "mk",
                          "Startup Cost": 4593.98,
                          "Total Cost": 29920.8,
                          "Plan Rows": 69825,
                          "Plan Width": 4,
                          "Actual Startup Time": 16.507,
                          "Actual Total Time": 50.308,
                          "Actual Rows": 52414,
                          "Actual Loops": 4,
                          "Recheck Cond": "(keyword_id > 66739)",
                          "Rows Removed by Index Recheck": 0,
                          "Exact Heap Blocks": 5926,
                          "Lossy Heap Blocks": 0,
                          "Plans": [
                            {
                              "Node Type": "Bitmap Index Scan",
                              "Parent Relationship": "Outer",
                              "Parallel Aware": false,
                              "Index Name": "keyword_id_movie_keyword",
                              "Startup Cost": 0.0,
                              "Total Cost": 4539.87,
                              "Plan Rows": 216458,
                              "Plan Width": 0,
                              "Actual Startup Time": 13.445,
                              "Actual Total Time": 13.446,
                              "Actual Rows": 209656,
                              "Actual Loops": 1,
                              "Index Cond": "(keyword_id > 66739)"
                            }
                          ]
                        },
                        {
                          "Node Type": "Hash",
                          "Parent Relationship": "Inner",
                          "Parallel Aware": true,
                          "Startup Cost": 45479.1,
                          "Total Cost": 45479.1,
                          "Plan Rows": 224276,
                          "Plan Width": 4,
                          "Actual Startup Time": 173.986,
                          "Actual Total Time": 173.987,
                          "Actual Rows": 202524,
                          "Actual Loops": 4,
                          "Hash Buckets": 1048576,
                          "Original Hash Buckets": 1048576,
                          "Hash Batches": 1,
                          "Original Hash Batches": 1,
                          "Peak Memory Usage": 39968,
                          "Plans": [
                            {
                              "Node Type": "Seq Scan",
                              "Parent Relationship": "Outer",
                              "Parallel Aware": true,
                              "Relation Name": "title",
                              "Alias": "t",
                              "Startup Cost": 0.0,
                              "Total Cost": 45479.1,
                              "Plan Rows": 224276,
                              "Plan Width": 4,
                              "Actual Startup Time": 0.04,
                              "Actual Total Time": 103.556,
                              "Actual Rows": 202524,
                              "Actual Loops": 4,
                              "Filter": "((kind_id < 7) AND (production_year > 1951))",
                              "Rows Removed by Filter": 429554
                            }
                          ]
                        }
                      ]
                    },
                    {
                      "Node Type": "Index Scan",
                      "Parent Relationship": "Inner",
                      "Parallel Aware": false,
                      "Scan Direction": "Forward",
                      "Index Name": "movie_id_movie_companies",
                      "Relation Name": "movie_companies",
                      "Alias": "mc",
                      "Startup Cost": 0.43,
                      "Total Cost": 0.66,
                      "Plan Rows": 3,
                      "Plan Width": 4,
                      "Actual Startup Time": 0.004,
                      "Actual Total Time": 0.004,
                      "Actual Rows": 2,
                      "Actual Loops": 169875,
                      "Index Cond": "(movie_id = t.id)",
                      "Rows Removed by Index Recheck": 0,
                      "Filter": "(company_type_id = 2)",
                      "Rows Removed by Filter": 7
                    }
                  ]
                }
              ]
            }
          ]
        }
      ]
    },
    "Planning Time": 1.488,
    "Triggers": [],
    "Execution Time": 489.341
  }
]