[
  {
    "Plan": {
      "Node Type": "Aggregate",
      "Strategy": "Plain",
      "Partial Mode": "Finalize",
      "Parallel Aware": false,
      "Startup Cost": 46885.09,
      "Total Cost": 46885.1,
      "Plan Rows": 1,
      "Plan Width": 8,
      "Actual Startup Time": 145.814,
      "Actual Total Time": 163.682,
      "Actual Rows": 1,
      "Actual Loops": 1,
      "Plans": [
        {
          "Node Type": "Gather",
          "Parent Relationship": "Outer",
          "Parallel Aware": false,
          "Startup Cost": 46884.67,
          "Total Cost": 46885.08,
          "Plan Rows": 4,
          "Plan Width": 8,
          "Actual Startup Time": 145.618,
          "Actual Total Time": 163.664,
          "Actual Rows": 5,
          "Actual Loops": 1,
          "Workers Planned": 4,
          "Workers Launched": 4,
          "Single Copy": false,
          "Plans": [
            {
              "Node Type": "Aggregate",
              "Strategy": "Plain",
              "Partial Mode": "Partial",
              "Parent Relationship": "Outer",
              "Parallel Aware": false,
              "Startup Cost": 45884.67,
              "Total Cost": 45884.68,
              "Plan Rows": 1,
              "Plan Width": 8,
              "Actual Startup Time": 138.26,
              "Actual Total Time": 138.262,
              "Actual Rows": 1,
              "Actual Loops": 5,
              "Plans": [
                {
                  "Node Type": "Seq Scan",
                  "Parent Relationship": "Outer",
                  "Parallel Aware": true,
                  "Relation Name": "title",
                  "Alias": "t",
                  "Startup Cost": 0.0,
                  "Total Cost": 45479.59,
                  "Plan Rows": 162034,
                  "Plan Width": 0,
                  "Actual Startup Time": 0.055,
                  "Actual Total Time": 128.54,
                  "Actual Rows": 137211,
                  "Actual Loops": 5,
                  "Filter": "((kind_id < 4) AND (production_year < 2010))",
                  "Rows Removed by Filter": 368452
                }
              ]
            }
          ]
        }
      ]
    },
    "Planning Time": 0.142,
    "Triggers": [],
    "Execution Time": 163.737
  }
]