{
  "Plan": {
    "Node Type": "Aggregate",
    "Strategy": "Plain",
    "Partial Mode": "Finalize",
    "Parallel Aware": false,
    "Startup Cost": 685282.83,
    "Total Cost": 685282.84,
    "Plan Rows": 1,
    "Plan Width": 8,
    "Actual Startup Time": 2662.657,
    "Actual Total Time": 2708.356,
    "Actual Rows": 1,
    "Actual Loops": 1,
    "Plans": [
      {
        "Node Type": "Gather",
        "Parent Relationship": "Outer",
        "Parallel Aware": false,
        "Startup Cost": 685282.72,
        "Total Cost": 685282.83,
        "Plan Rows": 1,
        "Plan Width": 8,
        "Actual Startup Time": 2659.525,
        "Actual Total Time": 2708.349,
        "Actual Rows": 2,
        "Actual Loops": 1,
        "Workers Planned": 1,
        "Workers Launched": 1,
        "Single Copy": false,
        "Plans": [
          {
            "Node Type": "Aggregate",
            "Strategy": "Plain",
            "Partial Mode": "Partial",
            "Parent Relationship": "Outer",
            "Parallel Aware": false,
            "Startup Cost": 684282.72,
            "Total Cost": 684282.73,
            "Plan Rows": 1,
            "Plan Width": 8,
            "Actual Startup Time": 2653.046,
            "Actual Total Time": 2653.05,
            "Actual Rows": 1,
            "Actual Loops": 2,
            "Plans": [
              {
                "Node Type": "Merge Join",
                "Parent Relationship": "Outer",
                "Parallel Aware": false,
                "Join Type": "Inner",
                "Startup Cost": 511885.34,
                "Total Cost": 683256.0,
                "Plan Rows": 410688,
                "Plan Width": 0,
                "Actual Startup Time": 1683.224,
                "Actual Total Time": 2569.601,
                "Actual Rows": 2210432,
                "Actual Loops": 2,
                "Inner Unique": false,
                "Merge Cond": "(mk.movie_id = t.id)",
                "Plans": [
                  {
                    "Node Type": "Index Only Scan",
                    "Parent Relationship": "Outer",
                    "Parallel Aware": true,
                    "Scan Direction": "Forward",
                    "Index Name": "movie_id_movie_keyword",
                    "Relation Name": "movie_keyword",
                    "Alias": "mk",
                    "Startup Cost": 0.43,
                    "Total Cost": 158560.11,
                    "Plan Rows": 2661135,
                    "Plan Width": 4,
                    "Actual Startup Time": 0.126,
                    "Actual Total Time": 428.263,
                    "Actual Rows": 2261906,
                    "Actual Loops": 2,
                    "Heap Fetches": 4523812
                  },
                  {
                    "Node Type": "Sort",
                    "Parent Relationship": "Inner",
                    "Parallel Aware": false,
                    "Startup Cost": 511884.69,
                    "Total Cost": 512860.16,
                    "Plan Rows": 390187,
                    "Plan Width": 8,
                    "Actual Startup Time": 1682.997,
                    "Actual Total Time": 1812.379,
                    "Actual Rows": 2598459,
                    "Actual Loops": 2,
                    "Sort Key": [
                      "ci.movie_id"
                    ],
                    "Sort Method": "quicksort",
                    "Sort Space Used": 35859,
                    "Sort Space Type": "Memory",
                    "Workers": [
                      {
                        "Worker Number": 0,
                        "Sort Method": "quicksort",
                        "Sort Space Used": 35859,
                        "Sort Space Type": "Memory"
                      }
                    ],
                    "Plans": [
                      {
                        "Node Type": "Hash Join",
                        "Parent Relationship": "Outer",
                        "Parallel Aware": false,
                        "Join Type": "Inner",
                        "Startup Cost": 157930.47,
                        "Total Cost": 475648.4,
                        "Plan Rows": 390187,
                        "Plan Width": 8,
                        "Actual Startup Time": 500.619,
                        "Actual Total Time": 1554.896,
                        "Actual Rows": 502836,
                        "Actual Loops": 2,
                        "Inner Unique": true,
                        "Hash Cond": "(ci.movie_id = t.id)",
                        "Plans": [
                          {
                            "Node Type": "Bitmap Heap Scan",
                            "Parent Relationship": "Outer",
                            "Parallel Aware": false,
                            "Relation Name": "cast_info",
                            "Alias": "ci",
                            "Startup Cost": 85517.08,
                            "Total Cost": 396507.73,
                            "Plan Rows": 2562769,
                            "Plan Width": 4,
                            "Actual Startup Time": 161.319,
                            "Actual Total Time": 638.032,
                            "Actual Rows": 3203558,
                            "Actual Loops": 2,
                            "Recheck Cond": "(person_id < 384907)",
                            "Rows Removed by Index Recheck": 0,
                            "Filter": "(role_id < 4)",
                            "Rows Removed by Filter": 810885,
                            "Exact Heap Blocks": 41758,
                            "Lossy Heap Blocks": 0,
                            "Plans": [
                              {
                                "Node Type": "Bitmap Index Scan",
                                "Parent Relationship": "Outer",
                                "Parallel Aware": false,
                                "Index Name": "person_id_cast_info",
                                "Startup Cost": 0.0,
                                "Total Cost": 84876.39,
                                "Plan Rows": 3886910,
                                "Plan Width": 0,
                                "Actual Startup Time": 155.539,
                                "Actual Total Time": 155.54,
                                "Actual Rows": 4014443,
                                "Actual Loops": 2,
                                "Index Cond": "(person_id < 384907)"
                              }
                            ]
                          },
                          {
                            "Node Type": "Hash",
                            "Parent Relationship": "Inner",
                            "Parallel Aware": false,
                            "Startup Cost": 67601.66,
                            "Total Cost": 67601.66,
                            "Plan Rows": 384938,
                            "Plan Width": 4,
                            "Actual Startup Time": 333.36,
                            "Actual Total Time": 333.361,
                            "Actual Rows": 395872,
                            "Actual Loops": 2,
                            "Hash Buckets": 524288,
                            "Original Hash Buckets": 524288,
                            "Hash Batches": 1,
                            "Original Hash Batches": 1,
                            "Peak Memory Usage": 18014,
                            "Plans": [
                              {
                                "Node Type": "Seq Scan",
                                "Parent Relationship": "Outer",
                                "Parallel Aware": false,
                                "Relation Name": "title",
                                "Alias": "t",
                                "Startup Cost": 0.0,
                                "Total Cost": 67601.66,
                                "Plan Rows": 384938,
                                "Plan Width": 4,
                                "Actual Startup Time": 0.045,
                                "Actual Total Time": 246.419,
                                "Actual Rows": 395872,
                                "Actual Loops": 2,
                                "Filter": "(production_year < 1972)",
                                "Rows Removed by Filter": 2132440
                              }
                            ]
                          }
                        ]
                      }
                    ]
                  }
                ]
              }
            ]
          }
        ]
      }
    ]
  },
  "Planning Time": 1.051,
  "Triggers": [],
  "Execution Time": 2717.002
}