{
    "Plan": {
        "Node Type": "Aggregate",
        "Strategy": "Plain",
        "Partial Mode": "Finalize",
        "Parallel Aware": false,
        "Startup Cost": 285517.28,
        "Total Cost": 285517.29,
        "Plan Rows": 1,
        "Plan Width": 8,
        "Actual Startup Time": 1237.698,
        "Actual Total Time": 1281.74,
        "Actual Rows": 1,
        "Actual Loops": 1,
        "Output": [
            "count(*)"
        ],
        "Plans": [
            {
                "Node Type": "Gather",
                "Parent Relationship": "Outer",
                "Parallel Aware": false,
                "Startup Cost": 285516.76,
                "Total Cost": 285517.27,
                "Plan Rows": 5,
                "Plan Width": 8,
                "Actual Startup Time": 1231.541,
                "Actual Total Time": 1281.723,
                "Actual Rows": 6,
                "Actual Loops": 1,
                "Output": [
                    "(PARTIAL count(*))"
                ],
                "Workers Planned": 5,
                "Workers Launched": 5,
                "Single Copy": false,
                "Plans": [
                    {
                        "Node Type": "Aggregate",
                        "Strategy": "Plain",
                        "Partial Mode": "Partial",
                        "Parent Relationship": "Outer",
                        "Parallel Aware": false,
                        "Startup Cost": 284516.76,
                        "Total Cost": 284516.77,
                        "Plan Rows": 1,
                        "Plan Width": 8,
                        "Actual Startup Time": 1218.556,
                        "Actual Total Time": 1218.564,
                        "Actual Rows": 1,
                        "Actual Loops": 6,
                        "Output": [
                            "PARTIAL count(*)"
                        ],
                        "Workers": [
                            {
                                "Worker Number": 0,
                                "Actual Startup Time": 1216.16,
                                "Actual Total Time": 1216.166,
                                "Actual Rows": 1,
                                "Actual Loops": 1
                            },
                            {
                                "Worker Number": 1,
                                "Actual Startup Time": 1216.186,
                                "Actual Total Time": 1216.192,
                                "Actual Rows": 1,
                                "Actual Loops": 1
                            },
                            {
                                "Worker Number": 2,
                                "Actual Startup Time": 1216.196,
                                "Actual Total Time": 1216.203,
                                "Actual Rows": 1,
                                "Actual Loops": 1
                            },
                            {
                                "Worker Number": 3,
                                "Actual Startup Time": 1216.239,
                                "Actual Total Time": 1216.245,
                                "Actual Rows": 1,
                                "Actual Loops": 1
                            },
                            {
                                "Worker Number": 4,
                                "Actual Startup Time": 1216.221,
                                "Actual Total Time": 1216.228,
                                "Actual Rows": 1,
                                "Actual Loops": 1
                            }
                        ],
                        "Plans": [
                            {
                                "Node Type": "Hash Join",
                                "Parent Relationship": "Outer",
                                "Parallel Aware": true,
                                "Join Type": "Inner",
                                "Startup Cost": 79548.75,
                                "Total Cost": 283787.44,
                                "Plan Rows": 291728,
                                "Plan Width": 0,
                                "Actual Startup Time": 436.534,
                                "Actual Total Time": 1155.256,
                                "Actual Rows": 1366820,
                                "Actual Loops": 6,
                                "Inner Unique": false,
                                "Hash Cond": "(mi.movie_id = t.id)",
                                "Workers": [
                                    {
                                        "Worker Number": 0,
                                        "Actual Startup Time": 434.265,
                                        "Actual Total Time": 1155.061,
                                        "Actual Rows": 1401871,
                                        "Actual Loops": 1
                                    },
                                    {
                                        "Worker Number": 1,
                                        "Actual Startup Time": 434.283,
                                        "Actual Total Time": 1155.253,
                                        "Actual Rows": 1401867,
                                        "Actual Loops": 1
                                    },
                                    {
                                        "Worker Number": 2,
                                        "Actual Startup Time": 434.309,
                                        "Actual Total Time": 1154.365,
                                        "Actual Rows": 1421267,
                                        "Actual Loops": 1
                                    },
                                    {
                                        "Worker Number": 3,
                                        "Actual Startup Time": 434.35,
                                        "Actual Total Time": 1150.006,
                                        "Actual Rows": 1046734,
                                        "Actual Loops": 1
                                    },
                                    {
                                        "Worker Number": 4,
                                        "Actual Startup Time": 434.33,
                                        "Actual Total Time": 1154.768,
                                        "Actual Rows": 1415364,
                                        "Actual Loops": 1
                                    }
                                ],
                                "Plans": [
                                    {
                                        "Node Type": "Seq Scan",
                                        "Parent Relationship": "Outer",
                                        "Parallel Aware": true,
                                        "Relation Name": "movie_info",
                                        "Schema": "public",
                                        "Alias": "mi",
                                        "Startup Cost": 0.0,
                                        "Total Cost": 198880.74,
                                        "Plan Rows": 1234303,
                                        "Plan Width": 4,
                                        "Actual Startup Time": 17.456,
                                        "Actual Total Time": 360.385,
                                        "Actual Rows": 1037249,
                                        "Actual Loops": 6,
                                        "Output": [
                                            "mi.id",
                                            "mi.movie_id",
                                            "mi.info_type_id",
                                            "mi.info",
                                            "mi.note"
                                        ],
                                        "Filter": "(mi.info_type_id > 8)",
                                        "Rows Removed by Filter": 1435371,
                                        "Workers": [
                                            {
                                                "Worker Number": 0,
                                                "Actual Startup Time": 17.454,
                                                "Actual Total Time": 365.52,
                                                "Actual Rows": 1064287,
                                                "Actual Loops": 1
                                            },
                                            {
                                                "Worker Number": 1,
                                                "Actual Startup Time": 17.462,
                                                "Actual Total Time": 365.553,
                                                "Actual Rows": 1067065,
                                                "Actual Loops": 1
                                            },
                                            {
                                                "Worker Number": 2,
                                                "Actual Startup Time": 17.402,
                                                "Actual Total Time": 364.726,
                                                "Actual Rows": 1067844,
                                                "Actual Loops": 1
                                            },
                                            {
                                                "Worker Number": 3,
                                                "Actual Startup Time": 17.492,
                                                "Actual Total Time": 376.35,
                                                "Actual Rows": 806462,
                                                "Actual Loops": 1
                                            },
                                            {
                                                "Worker Number": 4,
                                                "Actual Startup Time": 17.464,
                                                "Actual Total Time": 362.98,
                                                "Actual Rows": 1063753,
                                                "Actual Loops": 1
                                            }
                                        ]
                                    },
                                    {
                                        "Node Type": "Hash",
                                        "Parent Relationship": "Inner",
                                        "Parallel Aware": true,
                                        "Startup Cost": 77681.35,
                                        "Total Cost": 77681.35,
                                        "Plan Rows": 149392,
                                        "Plan Width": 8,
                                        "Actual Startup Time": 414.811,
                                        "Actual Total Time": 414.816,
                                        "Actual Rows": 98911,
                                        "Actual Loops": 6,
                                        "Output": [
                                            "t.id",
                                            "mc.movie_id"
                                        ],
                                        "Hash Buckets": 1048576,
                                        "Original Hash Buckets": 1048576,
                                        "Hash Batches": 1,
                                        "Original Hash Batches": 1,
                                        "Peak Memory Usage": 31520,
                                        "Workers": [
                                            {
                                                "Worker Number": 0,
                                                "Actual Startup Time": 416.144,
                                                "Actual Total Time": 416.149,
                                                "Actual Rows": 100026,
                                                "Actual Loops": 1
                                            },
                                            {
                                                "Worker Number": 1,
                                                "Actual Startup Time": 416.152,
                                                "Actual Total Time": 416.156,
                                                "Actual Rows": 99929,
                                                "Actual Loops": 1
                                            },
                                            {
                                                "Worker Number": 2,
                                                "Actual Startup Time": 416.003,
                                                "Actual Total Time": 416.008,
                                                "Actual Rows": 101661,
                                                "Actual Loops": 1
                                            },
                                            {
                                                "Worker Number": 3,
                                                "Actual Startup Time": 416.163,
                                                "Actual Total Time": 416.168,
                                                "Actual Rows": 81370,
                                                "Actual Loops": 1
                                            },
                                            {
                                                "Worker Number": 4,
                                                "Actual Startup Time": 416.115,
                                                "Actual Total Time": 416.119,
                                                "Actual Rows": 100058,
                                                "Actual Loops": 1
                                            }
                                        ],
                                        "Plans": [
                                            {
                                                "Node Type": "Hash Join",
                                                "Parent Relationship": "Outer",
                                                "Parallel Aware": true,
                                                "Join Type": "Inner",
                                                "Startup Cost": 31720.23,
                                                "Total Cost": 77681.35,
                                                "Plan Rows": 149392,
                                                "Plan Width": 8,
                                                "Actual Startup Time": 124.174,
                                                "Actual Total Time": 367.806,
                                                "Actual Rows": 98911,
                                                "Actual Loops": 6,
                                                "Output": [
                                                    "t.id",
                                                    "mc.movie_id"
                                                ],
                                                "Inner Unique": false,
                                                "Hash Cond": "(t.id = mc.movie_id)",
                                                "Workers": [
                                                    {
                                                        "Worker Number": 0,
                                                        "Actual Startup Time": 124.259,
                                                        "Actual Total Time": 367.656,
                                                        "Actual Rows": 100026,
                                                        "Actual Loops": 1
                                                    },
                                                    {
                                                        "Worker Number": 1,
                                                        "Actual Startup Time": 124.125,
                                                        "Actual Total Time": 367.841,
                                                        "Actual Rows": 99929,
                                                        "Actual Loops": 1
                                                    },
                                                    {
                                                        "Worker Number": 2,
                                                        "Actual Startup Time": 124.188,
                                                        "Actual Total Time": 370.59,
                                                        "Actual Rows": 101661,
                                                        "Actual Loops": 1
                                                    },
                                                    {
                                                        "Worker Number": 3,
                                                        "Actual Startup Time": 124.141,
                                                        "Actual Total Time": 366.059,
                                                        "Actual Rows": 81370,
                                                        "Actual Loops": 1
                                                    },
                                                    {
                                                        "Worker Number": 4,
                                                        "Actual Startup Time": 124.103,
                                                        "Actual Total Time": 367.165,
                                                        "Actual Rows": 100058,
                                                        "Actual Loops": 1
                                                    }
                                                ],
                                                "Plans": [
                                                    {
                                                        "Node Type": "Seq Scan",
                                                        "Parent Relationship": "Outer",
                                                        "Parallel Aware": true,
                                                        "Relation Name": "title",
                                                        "Schema": "public",
                                                        "Alias": "t",
                                                        "Startup Cost": 0.0,
                                                        "Total Cost": 42318.81,
                                                        "Plan Rows": 632080,
                                                        "Plan Width": 4,
                                                        "Actual Startup Time": 0.032,
                                                        "Actual Total Time": 72.78,
                                                        "Actual Rows": 421385,
                                                        "Actual Loops": 6,
                                                        "Output": [
                                                            "t.id",
                                                            "t.title",
                                                            "t.imdb_index",
                                                            "t.kind_id",
                                                            "t.production_year",
                                                            "t.imdb_id",
                                                            "t.phonetic_code",
                                                            "t.episode_of_id",
                                                            "t.season_nr",
                                                            "t.episode_nr",
                                                            "t.series_years",
                                                            "t.md5sum"
                                                        ],
                                                        "Workers": [
                                                            {
                                                                "Worker Number": 0,
                                                                "Actual Startup Time": 0.042,
                                                                "Actual Total Time": 74.462,
                                                                "Actual Rows": 423326,
                                                                "Actual Loops": 1
                                                            },
                                                            {
                                                                "Worker Number": 1,
                                                                "Actual Startup Time": 0.037,
                                                                "Actual Total Time": 74.578,
                                                                "Actual Rows": 427956,
                                                                "Actual Loops": 1
                                                            },
                                                            {
                                                                "Worker Number": 2,
                                                                "Actual Startup Time": 0.033,
                                                                "Actual Total Time": 75.627,
                                                                "Actual Rows": 433471,
                                                                "Actual Loops": 1
                                                            },
                                                            {
                                                                "Worker Number": 3,
                                                                "Actual Startup Time": 0.035,
                                                                "Actual Total Time": 77.99,
                                                                "Actual Rows": 345544,
                                                                "Actual Loops": 1
                                                            },
                                                            {
                                                                "Worker Number": 4,
                                                                "Actual Startup Time": 0.033,
                                                                "Actual Total Time": 74.453,
                                                                "Actual Rows": 426114,
                                                                "Actual Loops": 1
                                                            }
                                                        ]
                                                    },
                                                    {
                                                        "Node Type": "Hash",
                                                        "Parent Relationship": "Inner",
                                                        "Parallel Aware": true,
                                                        "Startup Cost": 29310.68,
                                                        "Total Cost": 29310.68,
                                                        "Plan Rows": 192764,
                                                        "Plan Width": 4,
                                                        "Actual Startup Time": 122.18,
                                                        "Actual Total Time": 122.182,
                                                        "Actual Rows": 98911,
                                                        "Actual Loops": 6,
                                                        "Output": [
                                                            "mc.movie_id"
                                                        ],
                                                        "Hash Buckets": 1048576,
                                                        "Original Hash Buckets": 1048576,
                                                        "Hash Batches": 1,
                                                        "Original Hash Batches": 1,
                                                        "Peak Memory Usage": 31488,
                                                        "Workers": [
                                                            {
                                                                "Worker Number": 0,
                                                                "Actual Startup Time": 123.988,
                                                                "Actual Total Time": 123.988,
                                                                "Actual Rows": 90535,
                                                                "Actual Loops": 1
                                                            },
                                                            {
                                                                "Worker Number": 1,
                                                                "Actual Startup Time": 123.945,
                                                                "Actual Total Time": 123.946,
                                                                "Actual Rows": 96228,
                                                                "Actual Loops": 1
                                                            },
                                                            {
                                                                "Worker Number": 2,
                                                                "Actual Startup Time": 123.982,
                                                                "Actual Total Time": 123.984,
                                                                "Actual Rows": 89712,
                                                                "Actual Loops": 1
                                                            },
                                                            {
                                                                "Worker Number": 3,
                                                                "Actual Startup Time": 123.98,
                                                                "Actual Total Time": 123.982,
                                                                "Actual Rows": 75677,
                                                                "Actual Loops": 1
                                                            },
                                                            {
                                                                "Worker Number": 4,
                                                                "Actual Startup Time": 123.96,
                                                                "Actual Total Time": 123.962,
                                                                "Actual Rows": 88971,
                                                                "Actual Loops": 1
                                                            }
                                                        ],
                                                        "Plans": [
                                                            {
                                                                "Node Type": "Seq Scan",
                                                                "Parent Relationship": "Outer",
                                                                "Parallel Aware": true,
                                                                "Relation Name": "movie_companies",
                                                                "Schema": "public",
                                                                "Alias": "mc",
                                                                "Startup Cost": 0.0,
                                                                "Total Cost": 29310.68,
                                                                "Plan Rows": 192764,
                                                                "Plan Width": 4,
                                                                "Actual Startup Time": 0.08,
                                                                "Actual Total Time": 63.069,
                                                                "Actual Rows": 98911,
                                                                "Actual Loops": 6,
                                                                "Output": [
                                                                    "mc.movie_id"
                                                                ],
                                                                "Filter": "(mc.company_id < 686)",
                                                                "Rows Removed by Filter": 335944,
                                                                "Workers": [
                                                                    {
                                                                        "Worker Number": 0,
                                                                        "Actual Startup Time": 0.089,
                                                                        "Actual Total Time": 64.401,
                                                                        "Actual Rows": 90535,
                                                                        "Actual Loops": 1
                                                                    },
                                                                    {
                                                                        "Worker Number": 1,
                                                                        "Actual Startup Time": 0.093,
                                                                        "Actual Total Time": 63.947,
                                                                        "Actual Rows": 96228,
                                                                        "Actual Loops": 1
                                                                    },
                                                                    {
                                                                        "Worker Number": 2,
                                                                        "Actual Startup Time": 0.086,
                                                                        "Actual Total Time": 64.4,
                                                                        "Actual Rows": 89712,
                                                                        "Actual Loops": 1
                                                                    },
                                                                    {
                                                                        "Worker Number": 3,
                                                                        "Actual Startup Time": 0.091,
                                                                        "Actual Total Time": 64.255,
                                                                        "Actual Rows": 75677,
                                                                        "Actual Loops": 1
                                                                    },
                                                                    {
                                                                        "Worker Number": 4,
                                                                        "Actual Startup Time": 0.086,
                                                                        "Actual Total Time": 63.978,
                                                                        "Actual Rows": 88971,
                                                                        "Actual Loops": 1
                                                                    }
                                                                ]
                                                            }
                                                        ]
                                                    }
                                                ]
                                            }
                                        ]
                                    }
                                ]
                            }
                        ]
                    }
                ]
            }
        ]
    },
    "Planning Time": 1.756,
    "Triggers": [],
    "Execution Time": 1281.865
}