[
  {
    "Plan": {
      "Node Type": "Aggregate",
      "Strategy": "Plain",
      "Partial Mode": "Finalize",
      "Parallel Aware": false,
      "Startup Cost": 339333.05,
      "Total Cost": 339333.06,
      "Plan Rows": 1,
      "Plan Width": 8,
      "Actual Startup Time": 370.733,
      "Actual Total Time": 392.207,
      "Actual Rows": 1,
      "Actual Loops": 1,
      "Plans": [
        {
          "Node Type": "Gather",
          "Parent Relationship": "Outer",
          "Parallel Aware": false,
          "Startup Cost": 339332.42,
          "Total Cost": 339333.03,
          "Plan Rows": 6,
          "Plan Width": 8,
          "Actual Startup Time": 370.653,
          "Actual Total Time": 392.2,
          "Actual Rows": 7,
          "Actual Loops": 1,
          "Workers Planned": 6,
          "Workers Launched": 6,
          "Single Copy": false,
          "Plans": [
            {
              "Node Type": "Aggregate",
              "Strategy": "Plain",
              "Partial Mode": "Partial",
              "Parent Relationship": "Outer",
              "Parallel Aware": false,
              "Startup Cost": 338332.42,
              "Total Cost": 338332.43,
              "Plan Rows": 1,
              "Plan Width": 8,
              "Actual Startup Time": 361.713,
              "Actual Total Time": 361.715,
              "Actual Rows": 1,
              "Actual Loops": 7,
              "Plans": [
                {
                  "Node Type": "Index Scan",
                  "Parent Relationship": "Outer",
                  "Parallel Aware": true,
                  "Scan Direction": "Forward",
                  "Index Name": "role_id_cast_info",
                  "Relation Name": "cast_info",
                  "Alias": "ci",
                  "Startup Cost": 0.56,
                  "Total Cost": 335235.55,
                  "Plan Rows": 1238750,
                  "Plan Width": 0,
                  "Actual Startup Time": 289.543,
                  "Actual Total Time": 348.902,
                  "Actual Rows": 300776,
                  "Actual Loops": 7,
                  "Index Cond": "(role_id < 2)",
                  "Rows Removed by Index Recheck": 0,
                  "Filter": "(person_id > 1443468)",
                  "Rows Removed by Filter": 1509323
                }
              ]
            }
          ]
        }
      ]
    },
    "Planning Time": 0.205,
    "Triggers": [],
    "Execution Time": 392.262
  }
]