[
  {
    "Plan": {
      "Node Type": "Aggregate",
      "Strategy": "Plain",
      "Partial Mode": "Finalize",
      "Parallel Aware": false,
      "Startup Cost": 70069.85,
      "Total Cost": 70069.86,
      "Plan Rows": 1,
      "Plan Width": 8,
      "Actual Startup Time": 120.239,
      "Actual Total Time": 136.084,
      "Actual Rows": 1,
      "Actual Loops": 1,
      "Plans": [
        {
          "Node Type": "Gather",
          "Parent Relationship": "Outer",
          "Parallel Aware": false,
          "Startup Cost": 70069.43,
          "Total Cost": 70069.84,
          "Plan Rows": 4,
          "Plan Width": 8,
          "Actual Startup Time": 120.111,
          "Actual Total Time": 136.076,
          "Actual Rows": 5,
          "Actual Loops": 1,
          "Workers Planned": 4,
          "Workers Launched": 4,
          "Single Copy": false,
          "Plans": [
            {
              "Node Type": "Aggregate",
              "Strategy": "Plain",
              "Partial Mode": "Partial",
              "Parent Relationship": "Outer",
              "Parallel Aware": false,
              "Startup Cost": 69069.43,
              "Total Cost": 69069.44,
              "Plan Rows": 1,
              "Plan Width": 8,
              "Actual Startup Time": 110.59,
              "Actual Total Time": 110.592,
              "Actual Rows": 1,
              "Actual Loops": 5,
              "Plans": [
                {
                  "Node Type": "Nested Loop",
                  "Parent Relationship": "Outer",
                  "Parallel Aware": false,
                  "Join Type": "Inner",
                  "Startup Cost": 0.43,
                  "Total Cost": 69066.59,
                  "Plan Rows": 1133,
                  "Plan Width": 0,
                  "Actual Startup Time": 0.729,
                  "Actual Total Time": 110.378,
                  "Actual Rows": 1937,
                  "Actual Loops": 5,
                  "Inner Unique": false,
                  "Plans": [
                    {
                      "Node Type": "Seq Scan",
                      "Parent Relationship": "Outer",
                      "Parallel Aware": true,
                      "Relation Name": "title",
                      "Alias": "t",
                      "Startup Cost": 0.0,
                      "Total Cost": 45479.1,
                      "Plan Rows": 2231,
                      "Plan Width": 4,
                      "Actual Startup Time": 0.536,
                      "Actual Total Time": 87.174,
                      "Actual Rows": 1882,
                      "Actual Loops": 5,
                      "Filter": "((kind_id < 7) AND (production_year = 1990))",
                      "Rows Removed by Filter": 503781
                    },
                    {
                      "Node Type": "Index Scan",
                      "Parent Relationship": "Inner",
                      "Parallel Aware": false,
                      "Scan Direction": "Forward",
                      "Index Name": "movie_id_movie_companies",
                      "Relation Name": "movie_companies",
                      "Alias": "mc",
                      "Startup Cost": 0.43,
                      "Total Cost": 10.54,
                      "Plan Rows": 3,
                      "Plan Width": 4,
                      "Actual Startup Time": 0.01,
                      "Actual Total Time": 0.012,
                      "Actual Rows": 1,
                      "Actual Loops": 9408,
                      "Index Cond": "(movie_id = t.id)",
                      "Rows Removed by Index Recheck": 0,
                      "Filter": "(company_type_id = 1)",
                      "Rows Removed by Filter": 1
                    }
                  ]
                }
              ]
            }
          ]
        }
      ]
    },
    "Planning Time": 0.671,
    "Triggers": [],
    "Execution Time": 136.168
  }
]