{
  "Plan": {
    "Node Type": "Aggregate",
    "Strategy": "Plain",
    "Partial Mode": "Finalize",
    "Parallel Aware": false,
    "Startup Cost": 484433.98,
    "Total Cost": 484433.99,
    "Plan Rows": 1,
    "Plan Width": 8,
    "Actual Startup Time": 229.124,
    "Actual Total Time": 251.495,
    "Actual Rows": 1,
    "Actual Loops": 1,
    "Plans": [
      {
        "Node Type": "Gather",
        "Parent Relationship": "Outer",
        "Parallel Aware": false,
        "Startup Cost": 484433.86,
        "Total Cost": 484433.97,
        "Plan Rows": 1,
        "Plan Width": 8,
        "Actual Startup Time": 228.978,
        "Actual Total Time": 251.487,
        "Actual Rows": 2,
        "Actual Loops": 1,
        "Workers Planned": 1,
        "Workers Launched": 1,
        "Single Copy": false,
        "Plans": [
          {
            "Node Type": "Aggregate",
            "Strategy": "Plain",
            "Partial Mode": "Partial",
            "Parent Relationship": "Outer",
            "Parallel Aware": false,
            "Startup Cost": 483433.86,
            "Total Cost": 483433.87,
            "Plan Rows": 1,
            "Plan Width": 8,
            "Actual Startup Time": 223.017,
            "Actual Total Time": 223.019,
            "Actual Rows": 1,
            "Actual Loops": 2,
            "Plans": [
              {
                "Node Type": "Nested Loop",
                "Parent Relationship": "Outer",
                "Parallel Aware": false,
                "Join Type": "Inner",
                "Startup Cost": 0.56,
                "Total Cost": 483284.69,
                "Plan Rows": 59668,
                "Plan Width": 0,
                "Actual Startup Time": 104.48,
                "Actual Total Time": 221.459,
                "Actual Rows": 20296,
                "Actual Loops": 2,
                "Inner Unique": false,
                "Plans": [
                  {
                    "Node Type": "Seq Scan",
                    "Parent Relationship": "Outer",
                    "Parallel Aware": true,
                    "Relation Name": "title",
                    "Alias": "t",
                    "Startup Cost": 0.0,
                    "Total Cost": 54588.39,
                    "Plan Rows": 4164,
                    "Plan Width": 4,
                    "Actual Startup Time": 104.374,
                    "Actual Total Time": 153.377,
                    "Actual Rows": 4062,
                    "Actual Loops": 2,
                    "Filter": "(production_year = 1914)",
                    "Rows Removed by Filter": 1260094
                  },
                  {
                    "Node Type": "Index Only Scan",
                    "Parent Relationship": "Inner",
                    "Parallel Aware": false,
                    "Scan Direction": "Forward",
                    "Index Name": "movie_id_cast_info",
                    "Relation Name": "cast_info",
                    "Alias": "ci",
                    "Startup Cost": 0.56,
                    "Total Cost": 102.58,
                    "Plan Rows": 37,
                    "Plan Width": 4,
                    "Actual Startup Time": 0.008,
                    "Actual Total Time": 0.016,
                    "Actual Rows": 5,
                    "Actual Loops": 8125,
                    "Index Cond": "(movie_id = t.id)",
                    "Rows Removed by Index Recheck": 0,
                    "Heap Fetches": 40591
                  }
                ]
              }
            ]
          }
        ]
      }
    ]
  },
  "Planning Time": 0.407,
  "Triggers": [],
  "Execution Time": 251.567
}