{
  "Plan": {
    "Node Type": "Aggregate",
    "Strategy": "Plain",
    "Partial Mode": "Finalize",
    "Parallel Aware": false,
    "Startup Cost": 609056.39,
    "Total Cost": 609056.4,
    "Plan Rows": 1,
    "Plan Width": 8,
    "Actual Startup Time": 3226.317,
    "Actual Total Time": 3277.122,
    "Actual Rows": 1,
    "Actual Loops": 1,
    "Plans": [
      {
        "Node Type": "Gather",
        "Parent Relationship": "Outer",
        "Parallel Aware": false,
        "Startup Cost": 609056.28,
        "Total Cost": 609056.39,
        "Plan Rows": 1,
        "Plan Width": 8,
        "Actual Startup Time": 3224.74,
        "Actual Total Time": 3277.113,
        "Actual Rows": 2,
        "Actual Loops": 1,
        "Workers Planned": 1,
        "Workers Launched": 1,
        "Single Copy": false,
        "Plans": [
          {
            "Node Type": "Aggregate",
            "Strategy": "Plain",
            "Partial Mode": "Partial",
            "Parent Relationship": "Outer",
            "Parallel Aware": false,
            "Startup Cost": 608056.28,
            "Total Cost": 608056.29,
            "Plan Rows": 1,
            "Plan Width": 8,
            "Actual Startup Time": 3219.273,
            "Actual Total Time": 3219.276,
            "Actual Rows": 1,
            "Actual Loops": 2,
            "Plans": [
              {
                "Node Type": "Hash Join",
                "Parent Relationship": "Outer",
                "Parallel Aware": true,
                "Join Type": "Inner",
                "Startup Cost": 61719.76,
                "Total Cost": 603997.96,
                "Plan Rows": 1623328,
                "Plan Width": 0,
                "Actual Startup Time": 813.776,
                "Actual Total Time": 3152.962,
                "Actual Rows": 1442080,
                "Actual Loops": 2,
                "Inner Unique": true,
                "Hash Cond": "(ci.movie_id = t.id)",
                "Plans": [
                  {
                    "Node Type": "Seq Scan",
                    "Parent Relationship": "Outer",
                    "Parallel Aware": true,
                    "Relation Name": "cast_info",
                    "Alias": "ci",
                    "Startup Cost": 0.0,
                    "Total Cost": 519069.44,
                    "Plan Rows": 8841421,
                    "Plan Width": 4,
                    "Actual Startup Time": 562.41,
                    "Actual Total Time": 1447.698,
                    "Actual Rows": 7499410,
                    "Actual Loops": 2,
                    "Filter": "(person_id > 2148072)",
                    "Rows Removed by Filter": 10622762
                  },
                  {
                    "Node Type": "Hash",
                    "Parent Relationship": "Inner",
                    "Parallel Aware": true,
                    "Startup Cost": 58306.47,
                    "Total Cost": 58306.47,
                    "Plan Rows": 273063,
                    "Plan Width": 4,
                    "Actual Startup Time": 246.189,
                    "Actual Total Time": 246.19,
                    "Actual Rows": 278746,
                    "Actual Loops": 2,
                    "Hash Buckets": 1048576,
                    "Original Hash Buckets": 524288,
                    "Hash Batches": 1,
                    "Original Hash Batches": 1,
                    "Peak Memory Usage": 34112,
                    "Plans": [
                      {
                        "Node Type": "Seq Scan",
                        "Parent Relationship": "Outer",
                        "Parallel Aware": true,
                        "Relation Name": "title",
                        "Alias": "t",
                        "Startup Cost": 0.0,
                        "Total Cost": 58306.47,
                        "Plan Rows": 273063,
                        "Plan Width": 4,
                        "Actual Startup Time": 0.029,
                        "Actual Total Time": 167.087,
                        "Actual Rows": 278746,
                        "Actual Loops": 2,
                        "Filter": "((kind_id < 7) AND (production_year < 2003))",
                        "Rows Removed by Filter": 985410
                      }
                    ]
                  }
                ]
              }
            ]
          }
        ]
      }
    ]
  },
  "Planning Time": 0.624,
  "Triggers": [],
  "Execution Time": 3277.194
}