[
  {
    "Plan": {
      "Node Type": "Aggregate",
      "Strategy": "Plain",
      "Partial Mode": "Finalize",
      "Parallel Aware": false,
      "Startup Cost": 24466.76,
      "Total Cost": 24466.77,
      "Plan Rows": 1,
      "Plan Width": 8,
      "Actual Startup Time": 10.428,
      "Actual Total Time": 12.187,
      "Actual Rows": 1,
      "Actual Loops": 1,
      "Plans": [
        {
          "Node Type": "Gather",
          "Parent Relationship": "Outer",
          "Parallel Aware": false,
          "Startup Cost": 24466.65,
          "Total Cost": 24466.76,
          "Plan Rows": 1,
          "Plan Width": 8,
          "Actual Startup Time": 10.316,
          "Actual Total Time": 12.18,
          "Actual Rows": 2,
          "Actual Loops": 1,
          "Workers Planned": 1,
          "Workers Launched": 1,
          "Single Copy": false,
          "Plans": [
            {
              "Node Type": "Aggregate",
              "Strategy": "Plain",
              "Partial Mode": "Partial",
              "Parent Relationship": "Outer",
              "Parallel Aware": false,
              "Startup Cost": 23466.65,
              "Total Cost": 23466.66,
              "Plan Rows": 1,
              "Plan Width": 8,
              "Actual Startup Time": 8.153,
              "Actual Total Time": 8.154,
              "Actual Rows": 1,
              "Actual Loops": 2,
              "Plans": [
                {
                  "Node Type": "Nested Loop",
                  "Parent Relationship": "Outer",
                  "Parallel Aware": false,
                  "Join Type": "Inner",
                  "Startup Cost": 74.47,
                  "Total Cost": 23461.79,
                  "Plan Rows": 1944,
                  "Plan Width": 0,
                  "Actual Startup Time": 0.429,
                  "Actual Total Time": 8.001,
                  "Actual Rows": 1124,
                  "Actual Loops": 2,
                  "Inner Unique": true,
                  "Plans": [
                    {
                      "Node Type": "Bitmap Heap Scan",
                      "Parent Relationship": "Outer",
                      "Parallel Aware": true,
                      "Relation Name": "movie_companies",
                      "Alias": "mc",
                      "Startup Cost": 74.04,
                      "Total Cost": 8585.64,
                      "Plan Rows": 1944,
                      "Plan Width": 4,
                      "Actual Startup Time": 0.364,
                      "Actual Total Time": 1.282,
                      "Actual Rows": 1124,
                      "Actual Loops": 2,
                      "Recheck Cond": "(company_id = 21)",
                      "Rows Removed by Index Recheck": 0,
                      "Exact Heap Blocks": 342,
                      "Lossy Heap Blocks": 0,
                      "Plans": [
                        {
                          "Node Type": "Bitmap Index Scan",
                          "Parent Relationship": "Outer",
                          "Parallel Aware": false,
                          "Index Name": "company_id_movie_companies",
                          "Startup Cost": 0.0,
                          "Total Cost": 73.22,
                          "Plan Rows": 3305,
                          "Plan Width": 0,
                          "Actual Startup Time": 0.603,
                          "Actual Total Time": 0.604,
                          "Actual Rows": 2248,
                          "Actual Loops": 1,
                          "Index Cond": "(company_id = 21)"
                        }
                      ]
                    },
                    {
                      "Node Type": "Index Only Scan",
                      "Parent Relationship": "Inner",
                      "Parallel Aware": false,
                      "Scan Direction": "Forward",
                      "Index Name": "title_pkey",
                      "Relation Name": "title",
                      "Alias": "t",
                      "Startup Cost": 0.43,
                      "Total Cost": 7.65,
                      "Plan Rows": 1,
                      "Plan Width": 4,
                      "Actual Startup Time": 0.005,
                      "Actual Total Time": 0.005,
                      "Actual Rows": 1,
                      "Actual Loops": 2248,
                      "Index Cond": "(id = mc.movie_id)",
                      "Rows Removed by Index Recheck": 0,
                      "Heap Fetches": 2248
                    }
                  ]
                }
              ]
            }
          ]
        }
      ]
    },
    "Planning Time": 0.323,
    "Triggers": [],
    "Execution Time": 12.23
  }
]