[
  {
    "Plan": {
      "Node Type": "Aggregate",
      "Strategy": "Plain",
      "Partial Mode": "Finalize",
      "Parallel Aware": false,
      "Startup Cost": 30762.82,
      "Total Cost": 30762.83,
      "Plan Rows": 1,
      "Plan Width": 8,
      "Actual Startup Time": 99.864,
      "Actual Total Time": 107.234,
      "Actual Rows": 1,
      "Actual Loops": 1,
      "Plans": [
        {
          "Node Type": "Gather",
          "Parent Relationship": "Outer",
          "Parallel Aware": false,
          "Startup Cost": 30762.5,
          "Total Cost": 30762.81,
          "Plan Rows": 3,
          "Plan Width": 8,
          "Actual Startup Time": 99.763,
          "Actual Total Time": 107.226,
          "Actual Rows": 4,
          "Actual Loops": 1,
          "Workers Planned": 3,
          "Workers Launched": 3,
          "Single Copy": false,
          "Plans": [
            {
              "Node Type": "Aggregate",
              "Strategy": "Plain",
              "Partial Mode": "Partial",
              "Parent Relationship": "Outer",
              "Parallel Aware": false,
              "Startup Cost": 29762.5,
              "Total Cost": 29762.51,
              "Plan Rows": 1,
              "Plan Width": 8,
              "Actual Startup Time": 91.908,
              "Actual Total Time": 91.909,
              "Actual Rows": 1,
              "Actual Loops": 4,
              "Plans": [
                {
                  "Node Type": "Seq Scan",
                  "Parent Relationship": "Outer",
                  "Parallel Aware": true,
                  "Relation Name": "movie_companies",
                  "Alias": "mc",
                  "Startup Cost": 0.0,
                  "Total Cost": 29310.68,
                  "Plan Rows": 180728,
                  "Plan Width": 0,
                  "Actual Startup Time": 48.741,
                  "Actual Total Time": 84.498,
                  "Actual Rows": 143498,
                  "Actual Loops": 4,
                  "Filter": "(company_id > 71226)",
                  "Rows Removed by Filter": 508784
                }
              ]
            }
          ]
        }
      ]
    },
    "Planning Time": 0.232,
    "Triggers": [],
    "Execution Time": 107.294
  }
]