[
  {
    "Plan": {
      "Node Type": "Aggregate",
      "Strategy": "Plain",
      "Partial Mode": "Finalize",
      "Parallel Aware": false,
      "Startup Cost": 331371.51,
      "Total Cost": 331371.52,
      "Plan Rows": 1,
      "Plan Width": 8,
      "Actual Startup Time": 297.884,
      "Actual Total Time": 315.005,
      "Actual Rows": 1,
      "Actual Loops": 1,
      "Plans": [
        {
          "Node Type": "Gather",
          "Parent Relationship": "Outer",
          "Parallel Aware": false,
          "Startup Cost": 331371.09,
          "Total Cost": 331371.5,
          "Plan Rows": 4,
          "Plan Width": 8,
          "Actual Startup Time": 294.605,
          "Actual Total Time": 314.997,
          "Actual Rows": 5,
          "Actual Loops": 1,
          "Workers Planned": 4,
          "Workers Launched": 4,
          "Single Copy": false,
          "Plans": [
            {
              "Node Type": "Aggregate",
              "Strategy": "Plain",
              "Partial Mode": "Partial",
              "Parent Relationship": "Outer",
              "Parallel Aware": false,
              "Startup Cost": 330371.09,
              "Total Cost": 330371.1,
              "Plan Rows": 1,
              "Plan Width": 8,
              "Actual Startup Time": 288.881,
              "Actual Total Time": 288.885,
              "Actual Rows": 1,
              "Actual Loops": 5,
              "Plans": [
                {
                  "Node Type": "Hash Join",
                  "Parent Relationship": "Outer",
                  "Parallel Aware": true,
                  "Join Type": "Inner",
                  "Startup Cost": 281212.73,
                  "Total Cost": 330060.15,
                  "Plan Rows": 124378,
                  "Plan Width": 0,
                  "Actual Startup Time": 119.375,
                  "Actual Total Time": 285.637,
                  "Actual Rows": 63490,
                  "Actual Loops": 5,
                  "Inner Unique": false,
                  "Hash Cond": "(t.id = ci.movie_id)",
                  "Plans": [
                    {
                      "Node Type": "Seq Scan",
                      "Parent Relationship": "Outer",
                      "Parallel Aware": true,
                      "Relation Name": "title",
                      "Alias": "t",
                      "Startup Cost": 0.0,
                      "Total Cost": 42319.06,
                      "Plan Rows": 632106,
                      "Plan Width": 4,
                      "Actual Startup Time": 0.02,
                      "Actual Total Time": 66.809,
                      "Actual Rows": 505662,
                      "Actual Loops": 5
                    },
                    {
                      "Node Type": "Hash",
                      "Parent Relationship": "Inner",
                      "Parallel Aware": true,
                      "Startup Cost": 280176.24,
                      "Total Cost": 280176.24,
                      "Plan Rows": 82919,
                      "Plan Width": 4,
                      "Actual Startup Time": 117.711,
                      "Actual Total Time": 117.713,
                      "Actual Rows": 63490,
                      "Actual Loops": 5,
                      "Hash Buckets": 524288,
                      "Original Hash Buckets": 524288,
                      "Hash Batches": 1,
                      "Original Hash Batches": 1,
                      "Peak Memory Usage": 16608,
                      "Plans": [
                        {
                          "Node Type": "Bitmap Heap Scan",
                          "Parent Relationship": "Outer",
                          "Parallel Aware": true,
                          "Relation Name": "cast_info",
                          "Alias": "ci",
                          "Startup Cost": 24677.17,
                          "Total Cost": 280176.24,
                          "Plan Rows": 82919,
                          "Plan Width": 4,
                          "Actual Startup Time": 76.684,
                          "Actual Total Time": 96.937,
                          "Actual Rows": 63490,
                          "Actual Loops": 5,
                          "Recheck Cond": "(person_id < 118585)",
                          "Rows Removed by Index Recheck": 0,
                          "Filter": "(role_id > 2)",
                          "Rows Removed by Filter": 168870,
                          "Exact Heap Blocks": 4698,
                          "Lossy Heap Blocks": 0,
                          "Plans": [
                            {
                              "Node Type": "Bitmap Index Scan",
                              "Parent Relationship": "Outer",
                              "Parallel Aware": false,
                              "Index Name": "person_id_cast_info",
                              "Startup Cost": 0.0,
                              "Total Cost": 24552.79,
                              "Plan Rows": 1124830,
                              "Plan Width": 0,
                              "Actual Startup Time": 36.599,
                              "Actual Total Time": 36.6,
                              "Actual Rows": 1161800,
                              "Actual Loops": 1,
                              "Index Cond": "(person_id < 118585)"
                            }
                          ]
                        }
                      ]
                    }
                  ]
                }
              ]
            }
          ]
        }
      ]
    },
    "Planning Time": 0.249,
    "Triggers": [],
    "Execution Time": 315.052
  }
]