[
  {
    "Plan": {
      "Node Type": "Aggregate",
      "Strategy": "Plain",
      "Partial Mode": "Finalize",
      "Parallel Aware": false,
      "Startup Cost": 40369.6,
      "Total Cost": 40369.61,
      "Plan Rows": 1,
      "Plan Width": 8,
      "Actual Startup Time": 142.917,
      "Actual Total Time": 149.636,
      "Actual Rows": 1,
      "Actual Loops": 1,
      "Plans": [
        {
          "Node Type": "Gather",
          "Parent Relationship": "Outer",
          "Parallel Aware": false,
          "Startup Cost": 40369.28,
          "Total Cost": 40369.59,
          "Plan Rows": 3,
          "Plan Width": 8,
          "Actual Startup Time": 142.649,
          "Actual Total Time": 149.623,
          "Actual Rows": 4,
          "Actual Loops": 1,
          "Workers Planned": 3,
          "Workers Launched": 3,
          "Single Copy": false,
          "Plans": [
            {
              "Node Type": "Aggregate",
              "Strategy": "Plain",
              "Partial Mode": "Partial",
              "Parent Relationship": "Outer",
              "Parallel Aware": false,
              "Startup Cost": 39369.28,
              "Total Cost": 39369.29,
              "Plan Rows": 1,
              "Plan Width": 8,
              "Actual Startup Time": 138.987,
              "Actual Total Time": 138.988,
              "Actual Rows": 1,
              "Actual Loops": 4,
              "Plans": [
                {
                  "Node Type": "Bitmap Heap Scan",
                  "Parent Relationship": "Outer",
                  "Parallel Aware": true,
                  "Relation Name": "movie_keyword",
                  "Alias": "mk",
                  "Startup Cost": 12145.19,
                  "Total Cost": 38907.6,
                  "Plan Rows": 184673,
                  "Plan Width": 0,
                  "Actual Startup Time": 53.844,
                  "Actual Total Time": 130.602,
                  "Actual Rows": 145370,
                  "Actual Loops": 4,
                  "Recheck Cond": "(keyword_id < 412)",
                  "Rows Removed by Index Recheck": 0,
                  "Exact Heap Blocks": 9692,
                  "Lossy Heap Blocks": 0,
                  "Plans": [
                    {
                      "Node Type": "Bitmap Index Scan",
                      "Parent Relationship": "Outer",
                      "Parallel Aware": false,
                      "Index Name": "keyword_id_movie_keyword",
                      "Startup Cost": 0.0,
                      "Total Cost": 12002.07,
                      "Plan Rows": 572485,
                      "Plan Width": 0,
                      "Actual Startup Time": 53.235,
                      "Actual Total Time": 53.236,
                      "Actual Rows": 581480,
                      "Actual Loops": 1,
                      "Index Cond": "(keyword_id < 412)"
                    }
                  ]
                }
              ]
            }
          ]
        }
      ]
    },
    "Planning Time": 0.203,
    "Triggers": [],
    "Execution Time": 149.714
  }
]