[
  {
    "Plan": {
      "Node Type": "Aggregate",
      "Strategy": "Plain",
      "Partial Mode": "Finalize",
      "Parallel Aware": false,
      "Startup Cost": 40239.96,
      "Total Cost": 40239.97,
      "Plan Rows": 1,
      "Plan Width": 8,
      "Actual Startup Time": 148.39,
      "Actual Total Time": 160.381,
      "Actual Rows": 1,
      "Actual Loops": 1,
      "Plans": [
        {
          "Node Type": "Gather",
          "Parent Relationship": "Outer",
          "Parallel Aware": false,
          "Startup Cost": 40239.65,
          "Total Cost": 40239.96,
          "Plan Rows": 3,
          "Plan Width": 8,
          "Actual Startup Time": 148.048,
          "Actual Total Time": 160.372,
          "Actual Rows": 4,
          "Actual Loops": 1,
          "Workers Planned": 3,
          "Workers Launched": 3,
          "Single Copy": false,
          "Plans": [
            {
              "Node Type": "Aggregate",
              "Strategy": "Plain",
              "Partial Mode": "Partial",
              "Parent Relationship": "Outer",
              "Parallel Aware": false,
              "Startup Cost": 39239.65,
              "Total Cost": 39239.66,
              "Plan Rows": 1,
              "Plan Width": 8,
              "Actual Startup Time": 139.513,
              "Actual Total Time": 139.518,
              "Actual Rows": 1,
              "Actual Loops": 4,
              "Plans": [
                {
                  "Node Type": "Bitmap Heap Scan",
                  "Parent Relationship": "Outer",
                  "Parallel Aware": true,
                  "Relation Name": "movie_keyword",
                  "Alias": "mk",
                  "Startup Cost": 12039.25,
                  "Total Cost": 38781.91,
                  "Plan Rows": 183093,
                  "Plan Width": 0,
                  "Actual Startup Time": 45.886,
                  "Actual Total Time": 130.013,
                  "Actual Rows": 145370,
                  "Actual Loops": 4,
                  "Recheck Cond": "(keyword_id < 412)",
                  "Rows Removed by Index Recheck": 0,
                  "Exact Heap Blocks": 11801,
                  "Lossy Heap Blocks": 0,
                  "Plans": [
                    {
                      "Node Type": "Bitmap Index Scan",
                      "Parent Relationship": "Outer",
                      "Parallel Aware": false,
                      "Index Name": "keyword_id_movie_keyword",
                      "Startup Cost": 0.0,
                      "Total Cost": 11897.35,
                      "Plan Rows": 567589,
                      "Plan Width": 0,
                      "Actual Startup Time": 48.335,
                      "Actual Total Time": 48.336,
                      "Actual Rows": 581480,
                      "Actual Loops": 1,
                      "Index Cond": "(keyword_id < 412)"
                    }
                  ]
                }
              ]
            }
          ]
        }
      ]
    },
    "Planning Time": 0.183,
    "Triggers": [],
    "Execution Time": 160.457
  }
]