[
  {
    "Plan": {
      "Node Type": "Aggregate",
      "Strategy": "Plain",
      "Partial Mode": "Simple",
      "Parallel Aware": false,
      "Startup Cost": 178895.81,
      "Total Cost": 178895.82,
      "Plan Rows": 1,
      "Plan Width": 64,
      "Actual Startup Time": 923.91,
      "Actual Total Time": 923.916,
      "Actual Rows": 1,
      "Actual Loops": 1,
      "Plans": [
        {
          "Node Type": "Nested Loop",
          "Parent Relationship": "Outer",
          "Parallel Aware": false,
          "Join Type": "Inner",
          "Startup Cost": 3840.05,
          "Total Cost": 178895.09,
          "Plan Rows": 143,
          "Plan Width": 60,
          "Actual Startup Time": 196.775,
          "Actual Total Time": 923.47,
          "Actual Rows": 1917,
          "Actual Loops": 1,
          "Inner Unique": false,
          "Join Filter": "(t.id = at.movie_id)",
          "Rows Removed by Join Filter": 0,
          "Plans": [
            {
              "Node Type": "Nested Loop",
              "Parent Relationship": "Outer",
              "Parallel Aware": false,
              "Join Type": "Inner",
              "Startup Cost": 3839.63,
              "Total Cost": 178863.95,
              "Plan Rows": 60,
              "Plan Width": 76,
              "Actual Startup Time": 194.181,
              "Actual Total Time": 907.752,
              "Actual Rows": 7736,
              "Actual Loops": 1,
              "Inner Unique": true,
              "Plans": [
                {
                  "Node Type": "Nested Loop",
                  "Parent Relationship": "Outer",
                  "Parallel Aware": false,
                  "Join Type": "Inner",
                  "Startup Cost": 3839.21,
                  "Total Cost": 178837.62,
                  "Plan Rows": 60,
                  "Plan Width": 80,
                  "Actual Startup Time": 194.139,
                  "Actual Total Time": 881.673,
                  "Actual Rows": 7736,
                  "Actual Loops": 1,
                  "Inner Unique": false,
                  "Plans": [
                    {
                      "Node Type": "Nested Loop",
                      "Parent Relationship": "Outer",
                      "Parallel Aware": false,
                      "Join Type": "Inner",
                      "Startup Cost": 3838.77,
                      "Total Cost": 178828.49,
                      "Plan Rows": 5,
                      "Plan Width": 72,
                      "Actual Startup Time": 194.119,
                      "Actual Total Time": 856.398,
                      "Actual Rows": 2617,
                      "Actual Loops": 1,
                      "Inner Unique": true,
                      "Plans": [
                        {
                          "Node Type": "Nested Loop",
                          "Parent Relationship": "Outer",
                          "Parallel Aware": false,
                          "Join Type": "Inner",
                          "Startup Cost": 3838.64,
                          "Total Cost": 178827.76,
                          "Plan Rows": 5,
                          "Plan Width": 76,
                          "Actual Startup Time": 194.104,
                          "Actual Total Time": 851.056,
                          "Actual Rows": 2617,
                          "Actual Loops": 1,
                          "Inner Unique": true,
                          "Plans": [
                            {
                              "Node Type": "Nested Loop",
                              "Parent Relationship": "Outer",
                              "Parallel Aware": false,
                              "Join Type": "Inner",
                              "Startup Cost": 3838.22,
                              "Total Cost": 178822.41,
                              "Plan Rows": 12,
                              "Plan Width": 80,
                              "Actual Startup Time": 194.082,
                              "Actual Total Time": 825.569,
                              "Actual Rows": 2847,
                              "Actual Loops": 1,
                              "Inner Unique": false,
                              "Plans": [
                                {
                                  "Node Type": "Nested Loop",
                                  "Parent Relationship": "Outer",
                                  "Parallel Aware": false,
                                  "Join Type": "Inner",
                                  "Startup Cost": 3837.79,
                                  "Total Cost": 178821.12,
                                  "Plan Rows": 2,
                                  "Plan Width": 68,
                                  "Actual Startup Time": 194.052,
                                  "Actual Total Time": 794.883,
                                  "Actual Rows": 1763,
                                  "Actual Loops": 1,
                                  "Inner Unique": true,
                                  "Plans": [
                                    {
                                      "Node Type": "Nested Loop",
                                      "Parent Relationship": "Outer",
                                      "Parallel Aware": false,
                                      "Join Type": "Inner",
                                      "Startup Cost": 3837.36,
                                      "Total Cost": 178787.83,
                                      "Plan Rows": 4,
                                      "Plan Width": 47,
                                      "Actual Startup Time": 193.996,
                                      "Actual Total Time": 760.249,
                                      "Actual Rows": 1783,
                                      "Actual Loops": 1,
                                      "Inner Unique": false,
                                      "Plans": [
                                        {
                                          "Node Type": "Seq Scan",
                                          "Parent Relationship": "Outer",
                                          "Parallel Aware": false,
                                          "Relation Name": "info_type",
                                          "Alias": "it1",
                                          "Startup Cost": 0.0,
                                          "Total Cost": 2.41,
                                          "Plan Rows": 1,
                                          "Plan Width": 4,
                                          "Actual Startup Time": 0.013,
                                          "Actual Total Time": 0.025,
                                          "Actual Rows": 1,
                                          "Actual Loops": 1,
                                          "Filter": "((info)::text = 'release dates'::text)",
                                          "Rows Removed by Filter": 112
                                        },
                                        {
                                          "Node Type": "Bitmap Heap Scan",
                                          "Parent Relationship": "Inner",
                                          "Parallel Aware": false,
                                          "Relation Name": "movie_info",
                                          "Alias": "mi",
                                          "Startup Cost": 3837.36,
                                          "Total Cost": 178785.34,
                                          "Plan Rows": 7,
                                          "Plan Width": 51,
                                          "Actual Startup Time": 193.977,
                                          "Actual Total Time": 759.701,
                                          "Actual Rows": 1783,
                                          "Actual Loops": 1,
                                          "Recheck Cond": "(info_type_id = it1.id)",
                                          "Rows Removed by Index Recheck": 0,
                                          "Filter": "((info IS NOT NULL) AND (note ~~ '%internet%'::text) AND ((info ~~ 'USA:% 199%'::text) OR (info ~~ 'USA:% 200%'::text)))",
                                          "Rows Removed by Filter": 3034936,
                                          "Exact Heap Blocks": 25448,
                                          "Lossy Heap Blocks": 0,
                                          "Plans": [
                                            {
                                              "Node Type": "Bitmap Index Scan",
                                              "Parent Relationship": "Outer",
                                              "Parallel Aware": false,
                                              "Index Name": "info_type_id_movie_info",
                                              "Startup Cost": 0.0,
                                              "Total Cost": 3837.36,
                                              "Plan Rows": 215057,
                                              "Plan Width": 0,
                                              "Actual Startup Time": 188.176,
                                              "Actual Total Time": 188.177,
                                              "Actual Rows": 3036719,
                                              "Actual Loops": 1,
                                              "Index Cond": "(info_type_id = it1.id)"
                                            }
                                          ]
                                        }
                                      ]
                                    },
                                    {
                                      "Node Type": "Index Scan",
                                      "Parent Relationship": "Inner",
                                      "Parallel Aware": false,
                                      "Scan Direction": "Forward",
                                      "Index Name": "title_pkey",
                                      "Relation Name": "title",
                                      "Alias": "t",
                                      "Startup Cost": 0.43,
                                      "Total Cost": 8.32,
                                      "Plan Rows": 1,
                                      "Plan Width": 21,
                                      "Actual Startup Time": 0.018,
                                      "Actual Total Time": 0.018,
                                      "Actual Rows": 1,
                                      "Actual Loops": 1783,
                                      "Index Cond": "(id = mi.movie_id)",
                                      "Rows Removed by Index Recheck": 0,
                                      "Filter": "(production_year > 1999)",
                                      "Rows Removed by Filter": 0
                                    }
                                  ]
                                },
                                {
                                  "Node Type": "Index Scan",
                                  "Parent Relationship": "Inner",
                                  "Parallel Aware": false,
                                  "Scan Direction": "Forward",
                                  "Index Name": "movie_id_movie_companies",
                                  "Relation Name": "movie_companies",
                                  "Alias": "mc",
                                  "Startup Cost": 0.43,
                                  "Total Cost": 0.6,
                                  "Plan Rows": 5,
                                  "Plan Width": 12,
                                  "Actual Startup Time": 0.013,
                                  "Actual Total Time": 0.016,
                                  "Actual Rows": 2,
                                  "Actual Loops": 1763,
                                  "Index Cond": "(movie_id = t.id)",
                                  "Rows Removed by Index Recheck": 0
                                }
                              ]
                            },
                            {
                              "Node Type": "Index Scan",
                              "Parent Relationship": "Inner",
                              "Parallel Aware": false,
                              "Scan Direction": "Forward",
                              "Index Name": "company_name_pkey",
                              "Relation Name": "company_name",
                              "Alias": "cn",
                              "Startup Cost": 0.42,
                              "Total Cost": 0.45,
                              "Plan Rows": 1,
                              "Plan Width": 4,
                              "Actual Startup Time": 0.008,
                              "Actual Total Time": 0.008,
                              "Actual Rows": 1,
                              "Actual Loops": 2847,
                              "Index Cond": "(id = mc.company_id)",
                              "Rows Removed by Index Recheck": 0,
                              "Filter": "((country_code)::text = '[us]'::text)",
                              "Rows Removed by Filter": 0
                            }
                          ]
                        },
                        {
                          "Node Type": "Index Scan",
                          "Parent Relationship": "Inner",
                          "Parallel Aware": false,
                          "Scan Direction": "Forward",
                          "Index Name": "company_type_pkey",
                          "Relation Name": "company_type",
                          "Alias": "ct",
                          "Startup Cost": 0.13,
                          "Total Cost": 0.15,
                          "Plan Rows": 1,
                          "Plan Width": 4,
                          "Actual Startup Time": 0.001,
                          "Actual Total Time": 0.001,
                          "Actual Rows": 1,
                          "Actual Loops": 2617,
                          "Index Cond": "(id = mc.company_type_id)",
                          "Rows Removed by Index Recheck": 0
                        }
                      ]
                    },
                    {
                      "Node Type": "Index Scan",
                      "Parent Relationship": "Inner",
                      "Parallel Aware": false,
                      "Scan Direction": "Forward",
                      "Index Name": "movie_id_movie_keyword",
                      "Relation Name": "movie_keyword",
                      "Alias": "mk",
                      "Startup Cost": 0.43,
                      "Total Cost": 1.37,
                      "Plan Rows": 46,
                      "Plan Width": 8,
                      "Actual Startup Time": 0.008,
                      "Actual Total Time": 0.009,
                      "Actual Rows": 3,
                      "Actual Loops": 2617,
                      "Index Cond": "(movie_id = t.id)",
                      "Rows Removed by Index Recheck": 0
                    }
                  ]
                },
                {
                  "Node Type": "Index Scan",
                  "Parent Relationship": "Inner",
                  "Parallel Aware": false,
                  "Scan Direction": "Forward",
                  "Index Name": "keyword_pkey",
                  "Relation Name": "keyword",
                  "Alias": "k",
                  "Startup Cost": 0.42,
                  "Total Cost": 0.44,
                  "Plan Rows": 1,
                  "Plan Width": 4,
                  "Actual Startup Time": 0.003,
                  "Actual Total Time": 0.003,
                  "Actual Rows": 1,
                  "Actual Loops": 7736,
                  "Index Cond": "(id = mk.keyword_id)",
                  "Rows Removed by Index Recheck": 0
                }
              ]
            },
            {
              "Node Type": "Index Scan",
              "Parent Relationship": "Inner",
              "Parallel Aware": false,
              "Scan Direction": "Forward",
              "Index Name": "movie_id_aka_title",
              "Relation Name": "aka_title",
              "Alias": "at",
              "Startup Cost": 0.42,
              "Total Cost": 0.48,
              "Plan Rows": 3,
              "Plan Width": 4,
              "Actual Startup Time": 0.002,
              "Actual Total Time": 0.002,
              "Actual Rows": 0,
              "Actual Loops": 7736,
              "Index Cond": "(movie_id = mk.movie_id)",
              "Rows Removed by Index Recheck": 0
            }
          ]
        }
      ]
    },
    "Planning Time": 31.214,
    "Triggers": [],
    "Execution Time": 924.563
  }
]