[
  {
    "Plan": {
      "Node Type": "Aggregate",
      "Strategy": "Plain",
      "Partial Mode": "Finalize",
      "Parallel Aware": false,
      "Startup Cost": 334752.79,
      "Total Cost": 334752.8,
      "Plan Rows": 1,
      "Plan Width": 8,
      "Actual Startup Time": 716.716,
      "Actual Total Time": 773.835,
      "Actual Rows": 1,
      "Actual Loops": 1,
      "Plans": [
        {
          "Node Type": "Gather",
          "Parent Relationship": "Outer",
          "Parallel Aware": false,
          "Startup Cost": 334752.17,
          "Total Cost": 334752.78,
          "Plan Rows": 6,
          "Plan Width": 8,
          "Actual Startup Time": 716.591,
          "Actual Total Time": 773.824,
          "Actual Rows": 7,
          "Actual Loops": 1,
          "Workers Planned": 6,
          "Workers Launched": 6,
          "Single Copy": false,
          "Plans": [
            {
              "Node Type": "Aggregate",
              "Strategy": "Plain",
              "Partial Mode": "Partial",
              "Parent Relationship": "Outer",
              "Parallel Aware": false,
              "Startup Cost": 333752.17,
              "Total Cost": 333752.18,
              "Plan Rows": 1,
              "Plan Width": 8,
              "Actual Startup Time": 707.925,
              "Actual Total Time": 707.926,
              "Actual Rows": 1,
              "Actual Loops": 7,
              "Plans": [
                {
                  "Node Type": "Seq Scan",
                  "Parent Relationship": "Outer",
                  "Parallel Aware": true,
                  "Relation Name": "cast_info",
                  "Alias": "ci",
                  "Startup Cost": 0.0,
                  "Total Cost": 328162.03,
                  "Plan Rows": 2236057,
                  "Plan Width": 0,
                  "Actual Startup Time": 0.044,
                  "Actual Total Time": 614.556,
                  "Actual Rows": 1916935,
                  "Actual Loops": 7,
                  "Filter": "(person_id < 1322901)",
                  "Rows Removed by Filter": 3260828
                }
              ]
            }
          ]
        }
      ]
    },
    "Planning Time": 0.164,
    "Triggers": [],
    "Execution Time": 773.899
  }
]