[
  {
    "Plan": {
      "Node Type": "Aggregate",
      "Strategy": "Plain",
      "Partial Mode": "Finalize",
      "Parallel Aware": false,
      "Startup Cost": 32133.09,
      "Total Cost": 32133.1,
      "Plan Rows": 1,
      "Plan Width": 8,
      "Actual Startup Time": 96.121,
      "Actual Total Time": 103.819,
      "Actual Rows": 1,
      "Actual Loops": 1,
      "Plans": [
        {
          "Node Type": "Gather",
          "Parent Relationship": "Outer",
          "Parallel Aware": false,
          "Startup Cost": 32132.77,
          "Total Cost": 32133.08,
          "Plan Rows": 3,
          "Plan Width": 8,
          "Actual Startup Time": 95.828,
          "Actual Total Time": 103.81,
          "Actual Rows": 4,
          "Actual Loops": 1,
          "Workers Planned": 3,
          "Workers Launched": 3,
          "Single Copy": false,
          "Plans": [
            {
              "Node Type": "Aggregate",
              "Strategy": "Plain",
              "Partial Mode": "Partial",
              "Parent Relationship": "Outer",
              "Parallel Aware": false,
              "Startup Cost": 31132.77,
              "Total Cost": 31132.78,
              "Plan Rows": 1,
              "Plan Width": 8,
              "Actual Startup Time": 90.923,
              "Actual Total Time": 90.925,
              "Actual Rows": 1,
              "Actual Loops": 4,
              "Plans": [
                {
                  "Node Type": "Bitmap Heap Scan",
                  "Parent Relationship": "Outer",
                  "Parallel Aware": true,
                  "Relation Name": "movie_keyword",
                  "Alias": "mk",
                  "Startup Cost": 5438.66,
                  "Total Cost": 30926.08,
                  "Plan Rows": 82674,
                  "Plan Width": 0,
                  "Actual Startup Time": 32.531,
                  "Actual Total Time": 87.022,
                  "Actual Rows": 61513,
                  "Actual Loops": 4,
                  "Recheck Cond": "(keyword_id > 61037)",
                  "Rows Removed by Index Recheck": 0,
                  "Exact Heap Blocks": 11146,
                  "Lossy Heap Blocks": 0,
                  "Plans": [
                    {
                      "Node Type": "Bitmap Index Scan",
                      "Parent Relationship": "Outer",
                      "Parallel Aware": false,
                      "Index Name": "keyword_id_movie_keyword",
                      "Startup Cost": 0.0,
                      "Total Cost": 5374.59,
                      "Plan Rows": 256288,
                      "Plan Width": 0,
                      "Actual Startup Time": 32.382,
                      "Actual Total Time": 32.383,
                      "Actual Rows": 246052,
                      "Actual Loops": 1,
                      "Index Cond": "(keyword_id > 61037)"
                    }
                  ]
                }
              ]
            }
          ]
        }
      ]
    },
    "Planning Time": 0.149,
    "Triggers": [],
    "Execution Time": 103.882
  }
]