[
  {
    "Plan": {
      "Node Type": "Aggregate",
      "Strategy": "Plain",
      "Partial Mode": "Finalize",
      "Parallel Aware": false,
      "Startup Cost": 310730.29,
      "Total Cost": 310730.3,
      "Plan Rows": 1,
      "Plan Width": 8,
      "Actual Startup Time": 217.861,
      "Actual Total Time": 230.547,
      "Actual Rows": 1,
      "Actual Loops": 1,
      "Plans": [
        {
          "Node Type": "Gather",
          "Parent Relationship": "Outer",
          "Parallel Aware": false,
          "Startup Cost": 310729.66,
          "Total Cost": 310730.27,
          "Plan Rows": 6,
          "Plan Width": 8,
          "Actual Startup Time": 217.226,
          "Actual Total Time": 230.534,
          "Actual Rows": 7,
          "Actual Loops": 1,
          "Workers Planned": 6,
          "Workers Launched": 6,
          "Single Copy": false,
          "Plans": [
            {
              "Node Type": "Aggregate",
              "Strategy": "Plain",
              "Partial Mode": "Partial",
              "Parent Relationship": "Outer",
              "Parallel Aware": false,
              "Startup Cost": 309729.66,
              "Total Cost": 309729.67,
              "Plan Rows": 1,
              "Plan Width": 8,
              "Actual Startup Time": 209.827,
              "Actual Total Time": 209.829,
              "Actual Rows": 1,
              "Actual Loops": 7,
              "Plans": [
                {
                  "Node Type": "Bitmap Heap Scan",
                  "Parent Relationship": "Outer",
                  "Parallel Aware": true,
                  "Relation Name": "cast_info",
                  "Alias": "ci",
                  "Startup Cost": 50646.69,
                  "Total Cost": 309090.58,
                  "Plan Rows": 255632,
                  "Plan Width": 0,
                  "Actual Startup Time": 89.241,
                  "Actual Total Time": 193.516,
                  "Actual Rows": 269093,
                  "Actual Loops": 7,
                  "Recheck Cond": "(person_id < 230725)",
                  "Rows Removed by Index Recheck": 0,
                  "Filter": "(role_id < 4)",
                  "Rows Removed by Filter": 69613,
                  "Exact Heap Blocks": 6010,
                  "Lossy Heap Blocks": 0,
                  "Plans": [
                    {
                      "Node Type": "Bitmap Index Scan",
                      "Parent Relationship": "Outer",
                      "Parallel Aware": false,
                      "Index Name": "person_id_cast_info",
                      "Startup Cost": 0.0,
                      "Total Cost": 50263.24,
                      "Plan Rows": 2302757,
                      "Plan Width": 0,
                      "Actual Startup Time": 92.058,
                      "Actual Total Time": 92.058,
                      "Actual Rows": 2370941,
                      "Actual Loops": 1,
                      "Index Cond": "(person_id < 230725)"
                    }
                  ]
                }
              ]
            }
          ]
        }
      ]
    },
    "Planning Time": 0.162,
    "Triggers": [],
    "Execution Time": 230.616
  }
]