[
  {
    "Plan": {
      "Node Type": "Aggregate",
      "Strategy": "Plain",
      "Partial Mode": "Finalize",
      "Parallel Aware": false,
      "Startup Cost": 636709.19,
      "Total Cost": 636709.2,
      "Plan Rows": 1,
      "Plan Width": 8,
      "Actual Startup Time": 6483.527,
      "Actual Total Time": 6579.732,
      "Actual Rows": 1,
      "Actual Loops": 1,
      "Plans": [
        {
          "Node Type": "Gather",
          "Parent Relationship": "Outer",
          "Parallel Aware": false,
          "Startup Cost": 636708.67,
          "Total Cost": 636709.18,
          "Plan Rows": 5,
          "Plan Width": 8,
          "Actual Startup Time": 6449.289,
          "Actual Total Time": 6579.717,
          "Actual Rows": 6,
          "Actual Loops": 1,
          "Workers Planned": 5,
          "Workers Launched": 5,
          "Single Copy": false,
          "Plans": [
            {
              "Node Type": "Aggregate",
              "Strategy": "Plain",
              "Partial Mode": "Partial",
              "Parent Relationship": "Outer",
              "Parallel Aware": false,
              "Startup Cost": 635708.67,
              "Total Cost": 635708.68,
              "Plan Rows": 1,
              "Plan Width": 8,
              "Actual Startup Time": 6418.213,
              "Actual Total Time": 6419.033,
              "Actual Rows": 1,
              "Actual Loops": 6,
              "Plans": [
                {
                  "Node Type": "Hash Join",
                  "Parent Relationship": "Outer",
                  "Parallel Aware": true,
                  "Join Type": "Inner",
                  "Startup Cost": 408782.02,
                  "Total Cost": 621141.53,
                  "Plan Rows": 5826857,
                  "Plan Width": 0,
                  "Actual Startup Time": 1962.954,
                  "Actual Total Time": 5547.949,
                  "Actual Rows": 21999690,
                  "Actual Loops": 6,
                  "Inner Unique": false,
                  "Hash Cond": "(mi.movie_id = t.id)",
                  "Plans": [
                    {
                      "Node Type": "Seq Scan",
                      "Parent Relationship": "Outer",
                      "Parallel Aware": true,
                      "Relation Name": "movie_info",
                      "Alias": "mi",
                      "Startup Cost": 0.0,
                      "Total Cost": 191560.33,
                      "Plan Rows": 2956733,
                      "Plan Width": 4,
                      "Actual Startup Time": 0.029,
                      "Actual Total Time": 312.913,
                      "Actual Rows": 2472620,
                      "Actual Loops": 6
                    },
                    {
                      "Node Type": "Hash",
                      "Parent Relationship": "Inner",
                      "Parallel Aware": true,
                      "Startup Cost": 398401.76,
                      "Total Cost": 398401.76,
                      "Plan Rows": 830421,
                      "Plan Width": 8,
                      "Actual Startup Time": 1949.328,
                      "Actual Total Time": 1950.146,
                      "Actual Rows": 872544,
                      "Actual Loops": 6,
                      "Hash Buckets": 8388608,
                      "Original Hash Buckets": 8388608,
                      "Hash Batches": 1,
                      "Original Hash Batches": 1,
                      "Peak Memory Usage": 270400,
                      "Plans": [
                        {
                          "Node Type": "Hash Join",
                          "Parent Relationship": "Outer",
                          "Parallel Aware": true,
                          "Join Type": "Inner",
                          "Startup Cost": 47835.39,
                          "Total Cost": 398401.76,
                          "Plan Rows": 830421,
                          "Plan Width": 8,
                          "Actual Startup Time": 211.541,
                          "Actual Total Time": 1573.74,
                          "Actual Rows": 872544,
                          "Actual Loops": 6,
                          "Inner Unique": true,
                          "Hash Cond": "(ci.movie_id = t.id)",
                          "Plans": [
                            {
                              "Node Type": "Seq Scan",
                              "Parent Relationship": "Outer",
                              "Parallel Aware": true,
                              "Relation Name": "cast_info",
                              "Alias": "ci",
                              "Startup Cost": 0.0,
                              "Total Cost": 343257.03,
                              "Plan Rows": 2784506,
                              "Plan Width": 4,
                              "Actual Startup Time": 73.666,
                              "Actual Total Time": 772.609,
                              "Actual Rows": 2646698,
                              "Actual Loops": 6,
                              "Filter": "((person_id > 567625) AND (role_id < 3))",
                              "Rows Removed by Filter": 3394026
                            },
                            {
                              "Node Type": "Hash",
                              "Parent Relationship": "Inner",
                              "Parallel Aware": true,
                              "Startup Cost": 45479.1,
                              "Total Cost": 45479.1,
                              "Plan Rows": 188503,
                              "Plan Width": 4,
                              "Actual Startup Time": 136.709,
                              "Actual Total Time": 136.71,
                              "Actual Rows": 128883,
                              "Actual Loops": 6,
                              "Hash Buckets": 1048576,
                              "Original Hash Buckets": 1048576,
                              "Hash Batches": 1,
                              "Original Hash Batches": 1,
                              "Peak Memory Usage": 38560,
                              "Plans": [
                                {
                                  "Node Type": "Seq Scan",
                                  "Parent Relationship": "Outer",
                                  "Parallel Aware": true,
                                  "Relation Name": "title",
                                  "Alias": "t",
                                  "Startup Cost": 0.0,
                                  "Total Cost": 45479.1,
                                  "Plan Rows": 188503,
                                  "Plan Width": 4,
                                  "Actual Startup Time": 0.054,
                                  "Actual Total Time": 85.113,
                                  "Actual Rows": 128883,
                                  "Actual Loops": 6,
                                  "Filter": "((kind_id < 4) AND (production_year < 2012))",
                                  "Rows Removed by Filter": 292502
                                }
                              ]
                            }
                          ]
                        }
                      ]
                    }
                  ]
                }
              ]
            }
          ]
        }
      ]
    },
    "Planning Time": 1.286,
    "Triggers": [],
    "Execution Time": 6579.835
  }
]