{
  "Plan": {
    "Node Type": "Aggregate",
    "Strategy": "Plain",
    "Partial Mode": "Finalize",
    "Parallel Aware": false,
    "Startup Cost": 419289.04,
    "Total Cost": 419289.05,
    "Plan Rows": 1,
    "Plan Width": 8,
    "Actual Startup Time": 3774.507,
    "Actual Total Time": 3830.088,
    "Actual Rows": 1,
    "Actual Loops": 1,
    "Plans": [
      {
        "Node Type": "Gather",
        "Parent Relationship": "Outer",
        "Parallel Aware": false,
        "Startup Cost": 419288.93,
        "Total Cost": 419289.04,
        "Plan Rows": 1,
        "Plan Width": 8,
        "Actual Startup Time": 3766.719,
        "Actual Total Time": 3830.081,
        "Actual Rows": 2,
        "Actual Loops": 1,
        "Workers Planned": 1,
        "Workers Launched": 1,
        "Single Copy": false,
        "Plans": [
          {
            "Node Type": "Aggregate",
            "Strategy": "Plain",
            "Partial Mode": "Partial",
            "Parent Relationship": "Outer",
            "Parallel Aware": false,
            "Startup Cost": 418288.93,
            "Total Cost": 418288.94,
            "Plan Rows": 1,
            "Plan Width": 8,
            "Actual Startup Time": 3759.536,
            "Actual Total Time": 3760.944,
            "Actual Rows": 1,
            "Actual Loops": 2,
            "Plans": [
              {
                "Node Type": "Hash Join",
                "Parent Relationship": "Outer",
                "Parallel Aware": true,
                "Join Type": "Inner",
                "Startup Cost": 336958.55,
                "Total Cost": 415508.99,
                "Plan Rows": 1111976,
                "Plan Width": 0,
                "Actual Startup Time": 2249.851,
                "Actual Total Time": 3339.926,
                "Actual Rows": 10392590,
                "Actual Loops": 2,
                "Inner Unique": false,
                "Hash Cond": "(mk.movie_id = t.id)",
                "Plans": [
                  {
                    "Node Type": "Seq Scan",
                    "Parent Relationship": "Outer",
                    "Parallel Aware": true,
                    "Relation Name": "movie_keyword",
                    "Alias": "mk",
                    "Startup Cost": 0.0,
                    "Total Cost": 57718.19,
                    "Plan Rows": 2286593,
                    "Plan Width": 4,
                    "Actual Startup Time": 0.043,
                    "Actual Total Time": 202.023,
                    "Actual Rows": 1937939,
                    "Actual Loops": 2,
                    "Filter": "(keyword_id > 498)",
                    "Rows Removed by Filter": 324026
                  },
                  {
                    "Node Type": "Hash",
                    "Parent Relationship": "Inner",
                    "Parallel Aware": true,
                    "Startup Cost": 327917.99,
                    "Total Cost": 327917.99,
                    "Plan Rows": 723245,
                    "Plan Width": 8,
                    "Actual Startup Time": 2235.096,
                    "Actual Total Time": 2236.504,
                    "Actual Rows": 1211005,
                    "Actual Loops": 2,
                    "Hash Buckets": 4194304,
                    "Original Hash Buckets": 2097152,
                    "Hash Batches": 1,
                    "Original Hash Batches": 1,
                    "Peak Memory Usage": 143936,
                    "Plans": [
                      {
                        "Node Type": "Hash Join",
                        "Parent Relationship": "Outer",
                        "Parallel Aware": true,
                        "Join Type": "Inner",
                        "Startup Cost": 56134.5,
                        "Total Cost": 327917.99,
                        "Plan Rows": 723245,
                        "Plan Width": 8,
                        "Actual Startup Time": 167.884,
                        "Actual Total Time": 1874.802,
                        "Actual Rows": 1211005,
                        "Actual Loops": 2,
                        "Inner Unique": true,
                        "Hash Cond": "(mi.movie_id = t.id)",
                        "Plans": [
                          {
                            "Node Type": "Seq Scan",
                            "Parent Relationship": "Outer",
                            "Parallel Aware": true,
                            "Relation Name": "movie_info",
                            "Alias": "mi",
                            "Startup Cost": 0.0,
                            "Total Cost": 248955.74,
                            "Plan Rows": 8696274,
                            "Plan Width": 4,
                            "Actual Startup Time": 0.009,
                            "Actual Total Time": 635.611,
                            "Actual Rows": 7417860,
                            "Actual Loops": 2
                          },
                          {
                            "Node Type": "Hash",
                            "Parent Relationship": "Inner",
                            "Parallel Aware": true,
                            "Startup Cost": 54588.39,
                            "Total Cost": 54588.39,
                            "Plan Rows": 123689,
                            "Plan Width": 4,
                            "Actual Startup Time": 165.275,
                            "Actual Total Time": 165.276,
                            "Actual Rows": 110558,
                            "Actual Loops": 2,
                            "Hash Buckets": 262144,
                            "Original Hash Buckets": 262144,
                            "Hash Batches": 1,
                            "Original Hash Batches": 1,
                            "Peak Memory Usage": 10752,
                            "Plans": [
                              {
                                "Node Type": "Seq Scan",
                                "Parent Relationship": "Outer",
                                "Parallel Aware": true,
                                "Relation Name": "title",
                                "Alias": "t",
                                "Startup Cost": 0.0,
                                "Total Cost": 54588.39,
                                "Plan Rows": 123689,
                                "Plan Width": 4,
                                "Actual Startup Time": 0.075,
                                "Actual Total Time": 138.36,
                                "Actual Rows": 110558,
                                "Actual Loops": 2,
                                "Filter": "(production_year < 1958)",
                                "Rows Removed by Filter": 1153598
                              }
                            ]
                          }
                        ]
                      }
                    ]
                  }
                ]
              }
            ]
          }
        ]
      }
    ]
  },
  "Planning Time": 0.888,
  "Triggers": [],
  "Execution Time": 3830.168
}