{
  "Plan": {
    "Node Type": "Aggregate",
    "Strategy": "Plain",
    "Partial Mode": "Finalize",
    "Parallel Aware": false,
    "Startup Cost": 70604.87,
    "Total Cost": 70604.88,
    "Plan Rows": 1,
    "Plan Width": 8,
    "Actual Startup Time": 146.708,
    "Actual Total Time": 158.63,
    "Actual Rows": 1,
    "Actual Loops": 1,
    "Plans": [
      {
        "Node Type": "Gather",
        "Parent Relationship": "Outer",
        "Parallel Aware": false,
        "Startup Cost": 70604.76,
        "Total Cost": 70604.87,
        "Plan Rows": 1,
        "Plan Width": 8,
        "Actual Startup Time": 146.602,
        "Actual Total Time": 158.623,
        "Actual Rows": 2,
        "Actual Loops": 1,
        "Workers Planned": 1,
        "Workers Launched": 1,
        "Single Copy": false,
        "Plans": [
          {
            "Node Type": "Aggregate",
            "Strategy": "Plain",
            "Partial Mode": "Partial",
            "Parent Relationship": "Outer",
            "Parallel Aware": false,
            "Startup Cost": 69604.76,
            "Total Cost": 69604.77,
            "Plan Rows": 1,
            "Plan Width": 8,
            "Actual Startup Time": 140.891,
            "Actual Total Time": 140.893,
            "Actual Rows": 1,
            "Actual Loops": 2,
            "Plans": [
              {
                "Node Type": "Nested Loop",
                "Parent Relationship": "Outer",
                "Parallel Aware": false,
                "Join Type": "Inner",
                "Startup Cost": 0.43,
                "Total Cost": 69599.37,
                "Plan Rows": 2156,
                "Plan Width": 0,
                "Actual Startup Time": 85.61,
                "Actual Total Time": 140.88,
                "Actual Rows": 22,
                "Actual Loops": 2,
                "Inner Unique": false,
                "Plans": [
                  {
                    "Node Type": "Seq Scan",
                    "Parent Relationship": "Outer",
                    "Parallel Aware": true,
                    "Relation Name": "title",
                    "Alias": "t",
                    "Startup Cost": 0.0,
                    "Total Cost": 58306.47,
                    "Plan Rows": 1205,
                    "Plan Width": 4,
                    "Actual Startup Time": 3.01,
                    "Actual Total Time": 139.315,
                    "Actual Rows": 106,
                    "Actual Loops": 2,
                    "Filter": "((kind_id > 2) AND (production_year > 2013))",
                    "Rows Removed by Filter": 1264050
                  },
                  {
                    "Node Type": "Index Only Scan",
                    "Parent Relationship": "Inner",
                    "Parallel Aware": false,
                    "Scan Direction": "Forward",
                    "Index Name": "movie_id_movie_keyword",
                    "Relation Name": "movie_keyword",
                    "Alias": "mk",
                    "Startup Cost": 0.43,
                    "Total Cost": 8.92,
                    "Plan Rows": 45,
                    "Plan Width": 4,
                    "Actual Startup Time": 0.014,
                    "Actual Total Time": 0.014,
                    "Actual Rows": 0,
                    "Actual Loops": 212,
                    "Index Cond": "(movie_id = t.id)",
                    "Rows Removed by Index Recheck": 0,
                    "Heap Fetches": 45
                  }
                ]
              }
            ]
          }
        ]
      }
    ]
  },
  "Planning Time": 0.441,
  "Triggers": [],
  "Execution Time": 158.695
}