[
  {
    "Plan": {
      "Node Type": "Aggregate",
      "Strategy": "Plain",
      "Partial Mode": "Finalize",
      "Parallel Aware": false,
      "Startup Cost": 47133.59,
      "Total Cost": 47133.6,
      "Plan Rows": 1,
      "Plan Width": 8,
      "Actual Startup Time": 171.922,
      "Actual Total Time": 182.26,
      "Actual Rows": 1,
      "Actual Loops": 1,
      "Plans": [
        {
          "Node Type": "Gather",
          "Parent Relationship": "Outer",
          "Parallel Aware": false,
          "Startup Cost": 47133.28,
          "Total Cost": 47133.59,
          "Plan Rows": 3,
          "Plan Width": 8,
          "Actual Startup Time": 171.803,
          "Actual Total Time": 182.242,
          "Actual Rows": 4,
          "Actual Loops": 1,
          "Workers Planned": 3,
          "Workers Launched": 3,
          "Single Copy": false,
          "Plans": [
            {
              "Node Type": "Aggregate",
              "Strategy": "Plain",
              "Partial Mode": "Partial",
              "Parent Relationship": "Outer",
              "Parallel Aware": false,
              "Startup Cost": 46133.28,
              "Total Cost": 46133.29,
              "Plan Rows": 1,
              "Plan Width": 8,
              "Actual Startup Time": 166.784,
              "Actual Total Time": 166.785,
              "Actual Rows": 1,
              "Actual Loops": 4,
              "Plans": [
                {
                  "Node Type": "Seq Scan",
                  "Parent Relationship": "Outer",
                  "Parallel Aware": true,
                  "Relation Name": "movie_keyword",
                  "Alias": "mk",
                  "Startup Cost": 0.0,
                  "Total Cost": 42695.65,
                  "Plan Rows": 1375049,
                  "Plan Width": 0,
                  "Actual Startup Time": 0.037,
                  "Actual Total Time": 120.552,
                  "Actual Rows": 1064127,
                  "Actual Loops": 4,
                  "Filter": "(keyword_id < 58693)",
                  "Rows Removed by Filter": 66856
                }
              ]
            }
          ]
        }
      ]
    },
    "Planning Time": 0.098,
    "Triggers": [],
    "Execution Time": 182.293
  }
]