[
  {
    "Plan": {
      "Node Type": "Aggregate",
      "Strategy": "Plain",
      "Partial Mode": "Finalize",
      "Parallel Aware": false,
      "Startup Cost": 77148.21,
      "Total Cost": 77148.22,
      "Plan Rows": 1,
      "Plan Width": 8,
      "Actual Startup Time": 222.362,
      "Actual Total Time": 242.839,
      "Actual Rows": 1,
      "Actual Loops": 1,
      "Plans": [
        {
          "Node Type": "Gather",
          "Parent Relationship": "Outer",
          "Parallel Aware": false,
          "Startup Cost": 77147.89,
          "Total Cost": 77148.2,
          "Plan Rows": 3,
          "Plan Width": 8,
          "Actual Startup Time": 221.951,
          "Actual Total Time": 242.829,
          "Actual Rows": 4,
          "Actual Loops": 1,
          "Workers Planned": 3,
          "Workers Launched": 3,
          "Single Copy": false,
          "Plans": [
            {
              "Node Type": "Aggregate",
              "Strategy": "Plain",
              "Partial Mode": "Partial",
              "Parent Relationship": "Outer",
              "Parallel Aware": false,
              "Startup Cost": 76147.89,
              "Total Cost": 76147.9,
              "Plan Rows": 1,
              "Plan Width": 8,
              "Actual Startup Time": 212.66,
              "Actual Total Time": 212.664,
              "Actual Rows": 1,
              "Actual Loops": 4,
              "Plans": [
                {
                  "Node Type": "Hash Join",
                  "Parent Relationship": "Outer",
                  "Parallel Aware": true,
                  "Join Type": "Inner",
                  "Startup Cost": 44117.66,
                  "Total Cost": 76132.11,
                  "Plan Rows": 6312,
                  "Plan Width": 0,
                  "Actual Startup Time": 147.726,
                  "Actual Total Time": 212.323,
                  "Actual Rows": 5699,
                  "Actual Loops": 4,
                  "Inner Unique": true,
                  "Hash Cond": "(mc.movie_id = t.id)",
                  "Plans": [
                    {
                      "Node Type": "Seq Scan",
                      "Parent Relationship": "Outer",
                      "Parallel Aware": true,
                      "Relation Name": "movie_companies",
                      "Alias": "mc",
                      "Startup Cost": 0.0,
                      "Total Cost": 31414.82,
                      "Plan Rows": 228432,
                      "Plan Width": 4,
                      "Actual Startup Time": 33.935,
                      "Actual Total Time": 71.774,
                      "Actual Rows": 233326,
                      "Actual Loops": 4,
                      "Filter": "((company_id > 11141) AND (company_type_id = 2))",
                      "Rows Removed by Filter": 418956
                    },
                    {
                      "Node Type": "Hash",
                      "Parent Relationship": "Inner",
                      "Parallel Aware": true,
                      "Startup Cost": 43899.32,
                      "Total Cost": 43899.32,
                      "Plan Rows": 17467,
                      "Plan Width": 4,
                      "Actual Startup Time": 111.552,
                      "Actual Total Time": 111.552,
                      "Actual Rows": 16944,
                      "Actual Loops": 4,
                      "Hash Buckets": 131072,
                      "Original Hash Buckets": 131072,
                      "Hash Batches": 1,
                      "Original Hash Batches": 1,
                      "Peak Memory Usage": 3712,
                      "Plans": [
                        {
                          "Node Type": "Seq Scan",
                          "Parent Relationship": "Outer",
                          "Parallel Aware": true,
                          "Relation Name": "title",
                          "Alias": "t",
                          "Startup Cost": 0.0,
                          "Total Cost": 43899.32,
                          "Plan Rows": 17467,
                          "Plan Width": 4,
                          "Actual Startup Time": 0.06,
                          "Actual Total Time": 102.998,
                          "Actual Rows": 16944,
                          "Actual Loops": 4,
                          "Filter": "(production_year = 2003)",
                          "Rows Removed by Filter": 615134
                        }
                      ]
                    }
                  ]
                }
              ]
            }
          ]
        }
      ]
    },
    "Planning Time": 0.687,
    "Triggers": [],
    "Execution Time": 242.911
  }
]