[
  {
    "Plan": {
      "Node Type": "Aggregate",
      "Strategy": "Plain",
      "Partial Mode": "Finalize",
      "Parallel Aware": false,
      "Startup Cost": 330885.46,
      "Total Cost": 330885.47,
      "Plan Rows": 1,
      "Plan Width": 8,
      "Actual Startup Time": 610.575,
      "Actual Total Time": 672.508,
      "Actual Rows": 1,
      "Actual Loops": 1,
      "Plans": [
        {
          "Node Type": "Gather",
          "Parent Relationship": "Outer",
          "Parallel Aware": false,
          "Startup Cost": 330884.83,
          "Total Cost": 330885.44,
          "Plan Rows": 6,
          "Plan Width": 8,
          "Actual Startup Time": 610.248,
          "Actual Total Time": 672.496,
          "Actual Rows": 7,
          "Actual Loops": 1,
          "Workers Planned": 6,
          "Workers Launched": 6,
          "Single Copy": false,
          "Plans": [
            {
              "Node Type": "Aggregate",
              "Strategy": "Plain",
              "Partial Mode": "Partial",
              "Parent Relationship": "Outer",
              "Parallel Aware": false,
              "Startup Cost": 329884.83,
              "Total Cost": 329884.84,
              "Plan Rows": 1,
              "Plan Width": 8,
              "Actual Startup Time": 602.675,
              "Actual Total Time": 602.676,
              "Actual Rows": 1,
              "Actual Loops": 7,
              "Plans": [
                {
                  "Node Type": "Seq Scan",
                  "Parent Relationship": "Outer",
                  "Parallel Aware": true,
                  "Relation Name": "cast_info",
                  "Alias": "ci",
                  "Startup Cost": 0.0,
                  "Total Cost": 328211.39,
                  "Plan Rows": 669377,
                  "Plan Width": 0,
                  "Actual Startup Time": 429.276,
                  "Actual Total Time": 575.37,
                  "Actual Rows": 569165,
                  "Actual Loops": 7,
                  "Filter": "(person_id > 3328519)",
                  "Rows Removed by Filter": 4608599
                }
              ]
            }
          ]
        }
      ]
    },
    "Planning Time": 0.123,
    "Triggers": [],
    "Execution Time": 672.56
  }
]