[
  {
    "Plan": {
      "Node Type": "Aggregate",
      "Strategy": "Plain",
      "Partial Mode": "Finalize",
      "Parallel Aware": false,
      "Startup Cost": 97238.17,
      "Total Cost": 97238.18,
      "Plan Rows": 1,
      "Plan Width": 8,
      "Actual Startup Time": 652.424,
      "Actual Total Time": 670.686,
      "Actual Rows": 1,
      "Actual Loops": 1,
      "Plans": [
        {
          "Node Type": "Gather",
          "Parent Relationship": "Outer",
          "Parallel Aware": false,
          "Startup Cost": 97237.86,
          "Total Cost": 97238.17,
          "Plan Rows": 3,
          "Plan Width": 8,
          "Actual Startup Time": 640.916,
          "Actual Total Time": 670.677,
          "Actual Rows": 4,
          "Actual Loops": 1,
          "Workers Planned": 3,
          "Workers Launched": 3,
          "Single Copy": false,
          "Plans": [
            {
              "Node Type": "Aggregate",
              "Strategy": "Plain",
              "Partial Mode": "Partial",
              "Parent Relationship": "Outer",
              "Parallel Aware": false,
              "Startup Cost": 96237.86,
              "Total Cost": 96237.87,
              "Plan Rows": 1,
              "Plan Width": 8,
              "Actual Startup Time": 633.705,
              "Actual Total Time": 633.709,
              "Actual Rows": 1,
              "Actual Loops": 4,
              "Plans": [
                {
                  "Node Type": "Hash Join",
                  "Parent Relationship": "Outer",
                  "Parallel Aware": true,
                  "Join Type": "Inner",
                  "Startup Cost": 49538.07,
                  "Total Cost": 94617.62,
                  "Plan Rows": 648096,
                  "Plan Width": 0,
                  "Actual Startup Time": 325.876,
                  "Actual Total Time": 608.606,
                  "Actual Rows": 443242,
                  "Actual Loops": 4,
                  "Inner Unique": true,
                  "Hash Cond": "(mk.movie_id = t.id)",
                  "Plans": [
                    {
                      "Node Type": "Seq Scan",
                      "Parent Relationship": "Outer",
                      "Parallel Aware": true,
                      "Relation Name": "movie_keyword",
                      "Alias": "mk",
                      "Startup Cost": 0.0,
                      "Total Cost": 42695.65,
                      "Plan Rows": 908149,
                      "Plan Width": 4,
                      "Actual Startup Time": 0.039,
                      "Actual Total Time": 141.217,
                      "Actual Rows": 706498,
                      "Actual Loops": 4,
                      "Filter": "(keyword_id < 8481)",
                      "Rows Removed by Filter": 424484
                    },
                    {
                      "Node Type": "Hash",
                      "Parent Relationship": "Inner",
                      "Parallel Aware": true,
                      "Startup Cost": 43899.32,
                      "Total Cost": 43899.32,
                      "Plan Rows": 451100,
                      "Plan Width": 4,
                      "Actual Startup Time": 321.021,
                      "Actual Total Time": 321.022,
                      "Actual Rows": 448346,
                      "Actual Loops": 4,
                      "Hash Buckets": 2097152,
                      "Original Hash Buckets": 2097152,
                      "Hash Batches": 1,
                      "Original Hash Batches": 1,
                      "Peak Memory Usage": 86592,
                      "Plans": [
                        {
                          "Node Type": "Seq Scan",
                          "Parent Relationship": "Outer",
                          "Parallel Aware": true,
                          "Relation Name": "title",
                          "Alias": "t",
                          "Startup Cost": 0.0,
                          "Total Cost": 43899.32,
                          "Plan Rows": 451100,
                          "Plan Width": 4,
                          "Actual Startup Time": 0.04,
                          "Actual Total Time": 137.502,
                          "Actual Rows": 448346,
                          "Actual Loops": 4,
                          "Filter": "(production_year > 1988)",
                          "Rows Removed by Filter": 183732
                        }
                      ]
                    }
                  ]
                }
              ]
            }
          ]
        }
      ]
    },
    "Planning Time": 0.209,
    "Triggers": [],
    "Execution Time": 670.719
  }
]