[
  {
    "Plan": {
      "Node Type": "Aggregate",
      "Strategy": "Plain",
      "Partial Mode": "Finalize",
      "Parallel Aware": false,
      "Startup Cost": 97239.11,
      "Total Cost": 97239.12,
      "Plan Rows": 1,
      "Plan Width": 8,
      "Actual Startup Time": 511.099,
      "Actual Total Time": 527.016,
      "Actual Rows": 1,
      "Actual Loops": 1,
      "Plans": [
        {
          "Node Type": "Gather",
          "Parent Relationship": "Outer",
          "Parallel Aware": false,
          "Startup Cost": 97238.79,
          "Total Cost": 97239.1,
          "Plan Rows": 3,
          "Plan Width": 8,
          "Actual Startup Time": 505.485,
          "Actual Total Time": 526.991,
          "Actual Rows": 4,
          "Actual Loops": 1,
          "Workers Planned": 3,
          "Workers Launched": 3,
          "Single Copy": false,
          "Plans": [
            {
              "Node Type": "Aggregate",
              "Strategy": "Plain",
              "Partial Mode": "Partial",
              "Parent Relationship": "Outer",
              "Parallel Aware": false,
              "Startup Cost": 96238.79,
              "Total Cost": 96238.8,
              "Plan Rows": 1,
              "Plan Width": 8,
              "Actual Startup Time": 491.918,
              "Actual Total Time": 491.921,
              "Actual Rows": 1,
              "Actual Loops": 4,
              "Plans": [
                {
                  "Node Type": "Hash Join",
                  "Parent Relationship": "Outer",
                  "Parallel Aware": true,
                  "Join Type": "Inner",
                  "Startup Cost": 49522.2,
                  "Total Cost": 94614.36,
                  "Plan Rows": 649773,
                  "Plan Width": 0,
                  "Actual Startup Time": 265.082,
                  "Actual Total Time": 474.429,
                  "Actual Rows": 443242,
                  "Actual Loops": 4,
                  "Inner Unique": true,
                  "Hash Cond": "(mk.movie_id = t.id)",
                  "Plans": [
                    {
                      "Node Type": "Seq Scan",
                      "Parent Relationship": "Outer",
                      "Parallel Aware": true,
                      "Relation Name": "movie_keyword",
                      "Alias": "mk",
                      "Startup Cost": 0.0,
                      "Total Cost": 42695.65,
                      "Plan Rows": 912954,
                      "Plan Width": 4,
                      "Actual Startup Time": 0.025,
                      "Actual Total Time": 103.953,
                      "Actual Rows": 706498,
                      "Actual Loops": 4,
                      "Filter": "(keyword_id < 8481)",
                      "Rows Removed by Filter": 424484
                    },
                    {
                      "Node Type": "Hash",
                      "Parent Relationship": "Inner",
                      "Parallel Aware": true,
                      "Startup Cost": 43898.92,
                      "Total Cost": 43898.92,
                      "Plan Rows": 449863,
                      "Plan Width": 4,
                      "Actual Startup Time": 256.903,
                      "Actual Total Time": 256.904,
                      "Actual Rows": 448346,
                      "Actual Loops": 4,
                      "Hash Buckets": 2097152,
                      "Original Hash Buckets": 2097152,
                      "Hash Batches": 1,
                      "Original Hash Batches": 1,
                      "Peak Memory Usage": 86592,
                      "Plans": [
                        {
                          "Node Type": "Seq Scan",
                          "Parent Relationship": "Outer",
                          "Parallel Aware": true,
                          "Relation Name": "title",
                          "Alias": "t",
                          "Startup Cost": 0.0,
                          "Total Cost": 43898.92,
                          "Plan Rows": 449863,
                          "Plan Width": 4,
                          "Actual Startup Time": 0.038,
                          "Actual Total Time": 106.434,
                          "Actual Rows": 448346,
                          "Actual Loops": 4,
                          "Filter": "(production_year > 1988)",
                          "Rows Removed by Filter": 183732
                        }
                      ]
                    }
                  ]
                }
              ]
            }
          ]
        }
      ]
    },
    "Planning Time": 0.482,
    "Triggers": [],
    "Execution Time": 527.119
  }
]