{
  "Plan": {
    "Node Type": "Aggregate",
    "Strategy": "Plain",
    "Partial Mode": "Finalize",
    "Parallel Aware": false,
    "Startup Cost": 337081.3,
    "Total Cost": 337081.31,
    "Plan Rows": 1,
    "Plan Width": 8,
    "Actual Startup Time": 1928.497,
    "Actual Total Time": 1977.901,
    "Actual Rows": 1,
    "Actual Loops": 1,
    "Plans": [
      {
        "Node Type": "Gather",
        "Parent Relationship": "Outer",
        "Parallel Aware": false,
        "Startup Cost": 337081.19,
        "Total Cost": 337081.3,
        "Plan Rows": 1,
        "Plan Width": 8,
        "Actual Startup Time": 1927.685,
        "Actual Total Time": 1977.894,
        "Actual Rows": 2,
        "Actual Loops": 1,
        "Workers Planned": 1,
        "Workers Launched": 1,
        "Single Copy": false,
        "Plans": [
          {
            "Node Type": "Aggregate",
            "Strategy": "Plain",
            "Partial Mode": "Partial",
            "Parent Relationship": "Outer",
            "Parallel Aware": false,
            "Startup Cost": 336081.19,
            "Total Cost": 336081.2,
            "Plan Rows": 1,
            "Plan Width": 8,
            "Actual Startup Time": 1922.078,
            "Actual Total Time": 1922.081,
            "Actual Rows": 1,
            "Actual Loops": 2,
            "Plans": [
              {
                "Node Type": "Hash Join",
                "Parent Relationship": "Outer",
                "Parallel Aware": true,
                "Join Type": "Inner",
                "Startup Cost": 61068.09,
                "Total Cost": 332851.58,
                "Plan Rows": 1291842,
                "Plan Width": 0,
                "Actual Startup Time": 200.347,
                "Actual Total Time": 1894.867,
                "Actual Rows": 565521,
                "Actual Loops": 2,
                "Inner Unique": true,
                "Hash Cond": "(mi.movie_id = t.id)",
                "Plans": [
                  {
                    "Node Type": "Seq Scan",
                    "Parent Relationship": "Outer",
                    "Parallel Aware": true,
                    "Relation Name": "movie_info",
                    "Alias": "mi",
                    "Startup Cost": 0.0,
                    "Total Cost": 248955.74,
                    "Plan Rows": 8696274,
                    "Plan Width": 4,
                    "Actual Startup Time": 0.011,
                    "Actual Total Time": 672.188,
                    "Actual Rows": 7417860,
                    "Actual Loops": 2
                  },
                  {
                    "Node Type": "Hash",
                    "Parent Relationship": "Inner",
                    "Parallel Aware": true,
                    "Startup Cost": 58306.47,
                    "Total Cost": 58306.47,
                    "Plan Rows": 220930,
                    "Plan Width": 4,
                    "Actual Startup Time": 195.161,
                    "Actual Total Time": 195.162,
                    "Actual Rows": 132677,
                    "Actual Loops": 2,
                    "Hash Buckets": 524288,
                    "Original Hash Buckets": 524288,
                    "Hash Batches": 1,
                    "Original Hash Batches": 1,
                    "Peak Memory Usage": 14496,
                    "Plans": [
                      {
                        "Node Type": "Seq Scan",
                        "Parent Relationship": "Outer",
                        "Parallel Aware": true,
                        "Relation Name": "title",
                        "Alias": "t",
                        "Startup Cost": 0.0,
                        "Total Cost": 58306.47,
                        "Plan Rows": 220930,
                        "Plan Width": 4,
                        "Actual Startup Time": 0.029,
                        "Actual Total Time": 156.317,
                        "Actual Rows": 132677,
                        "Actual Loops": 2,
                        "Filter": "((production_year < 1987) AND (kind_id = 7))",
                        "Rows Removed by Filter": 1131479
                      }
                    ]
                  }
                ]
              }
            ]
          }
        ]
      }
    ]
  },
  "Planning Time": 0.372,
  "Triggers": [],
  "Execution Time": 1977.96
}