{
  "Plan": {
    "Node Type": "Aggregate",
    "Strategy": "Plain",
    "Partial Mode": "Finalize",
    "Parallel Aware": false,
    "Startup Cost": 672575.64,
    "Total Cost": 672575.65,
    "Plan Rows": 1,
    "Plan Width": 8,
    "Actual Startup Time": 8315.818,
    "Actual Total Time": 8383.276,
    "Actual Rows": 1,
    "Actual Loops": 1,
    "Plans": [
      {
        "Node Type": "Gather",
        "Parent Relationship": "Outer",
        "Parallel Aware": false,
        "Startup Cost": 672575.52,
        "Total Cost": 672575.63,
        "Plan Rows": 1,
        "Plan Width": 8,
        "Actual Startup Time": 8309.857,
        "Actual Total Time": 8383.265,
        "Actual Rows": 2,
        "Actual Loops": 1,
        "Workers Planned": 1,
        "Workers Launched": 1,
        "Single Copy": false,
        "Plans": [
          {
            "Node Type": "Aggregate",
            "Strategy": "Plain",
            "Partial Mode": "Partial",
            "Parent Relationship": "Outer",
            "Parallel Aware": false,
            "Startup Cost": 671575.52,
            "Total Cost": 671575.53,
            "Plan Rows": 1,
            "Plan Width": 8,
            "Actual Startup Time": 8298.45,
            "Actual Total Time": 8298.454,
            "Actual Rows": 1,
            "Actual Loops": 2,
            "Plans": [
              {
                "Node Type": "Hash Join",
                "Parent Relationship": "Outer",
                "Parallel Aware": true,
                "Join Type": "Inner",
                "Startup Cost": 71923.0,
                "Total Cost": 633673.1,
                "Plan Rows": 15160968,
                "Plan Width": 0,
                "Actual Startup Time": 543.438,
                "Actual Total Time": 7766.817,
                "Actual Rows": 13536911,
                "Actual Loops": 2,
                "Inner Unique": true,
                "Hash Cond": "(ci.movie_id = t.id)",
                "Plans": [
                  {
                    "Node Type": "Seq Scan",
                    "Parent Relationship": "Outer",
                    "Parallel Aware": true,
                    "Relation Name": "cast_info",
                    "Alias": "ci",
                    "Startup Cost": 0.0,
                    "Total Cost": 519069.44,
                    "Plan Rows": 16259274,
                    "Plan Width": 4,
                    "Actual Startup Time": 0.014,
                    "Actual Total Time": 1845.772,
                    "Actual Rows": 13879015,
                    "Actual Loops": 2,
                    "Filter": "(role_id < 6)",
                    "Rows Removed by Filter": 4243157
                  },
                  {
                    "Node Type": "Hash",
                    "Parent Relationship": "Inner",
                    "Parallel Aware": true,
                    "Startup Cost": 54588.39,
                    "Total Cost": 54588.39,
                    "Plan Rows": 1386769,
                    "Plan Width": 4,
                    "Actual Startup Time": 521.665,
                    "Actual Total Time": 521.666,
                    "Actual Rows": 1177512,
                    "Actual Loops": 2,
                    "Hash Buckets": 4194304,
                    "Original Hash Buckets": 4194304,
                    "Hash Batches": 1,
                    "Original Hash Batches": 1,
                    "Peak Memory Usage": 124928,
                    "Plans": [
                      {
                        "Node Type": "Seq Scan",
                        "Parent Relationship": "Outer",
                        "Parallel Aware": true,
                        "Relation Name": "title",
                        "Alias": "t",
                        "Startup Cost": 0.0,
                        "Total Cost": 54588.39,
                        "Plan Rows": 1386769,
                        "Plan Width": 4,
                        "Actual Startup Time": 0.027,
                        "Actual Total Time": 184.448,
                        "Actual Rows": 1177512,
                        "Actual Loops": 2,
                        "Filter": "(production_year > 1924)",
                        "Rows Removed by Filter": 86644
                      }
                    ]
                  }
                ]
              }
            ]
          }
        ]
      }
    ]
  },
  "Planning Time": 0.664,
  "Triggers": [],
  "Execution Time": 8383.36
}