[
  {
    "Plan": {
      "Node Type": "Aggregate",
      "Strategy": "Plain",
      "Partial Mode": "Finalize",
      "Parallel Aware": false,
      "Startup Cost": 32690.91,
      "Total Cost": 32690.92,
      "Plan Rows": 1,
      "Plan Width": 8,
      "Actual Startup Time": 81.926,
      "Actual Total Time": 89.484,
      "Actual Rows": 1,
      "Actual Loops": 1,
      "Plans": [
        {
          "Node Type": "Gather",
          "Parent Relationship": "Outer",
          "Parallel Aware": false,
          "Startup Cost": 32690.59,
          "Total Cost": 32690.9,
          "Plan Rows": 3,
          "Plan Width": 8,
          "Actual Startup Time": 81.791,
          "Actual Total Time": 89.476,
          "Actual Rows": 4,
          "Actual Loops": 1,
          "Workers Planned": 3,
          "Workers Launched": 3,
          "Single Copy": false,
          "Plans": [
            {
              "Node Type": "Aggregate",
              "Strategy": "Plain",
              "Partial Mode": "Partial",
              "Parent Relationship": "Outer",
              "Parallel Aware": false,
              "Startup Cost": 31690.59,
              "Total Cost": 31690.6,
              "Plan Rows": 1,
              "Plan Width": 8,
              "Actual Startup Time": 74.668,
              "Actual Total Time": 74.669,
              "Actual Rows": 1,
              "Actual Loops": 4,
              "Plans": [
                {
                  "Node Type": "Seq Scan",
                  "Parent Relationship": "Outer",
                  "Parallel Aware": true,
                  "Relation Name": "movie_companies",
                  "Alias": "mc",
                  "Startup Cost": 0.0,
                  "Total Cost": 31414.82,
                  "Plan Rows": 110310,
                  "Plan Width": 0,
                  "Actual Startup Time": 30.756,
                  "Actual Total Time": 74.185,
                  "Actual Rows": 8026,
                  "Actual Loops": 4,
                  "Filter": "((company_id > 46528) AND (company_type_id = 1))",
                  "Rows Removed by Filter": 644256
                }
              ]
            }
          ]
        }
      ]
    },
    "Planning Time": 0.226,
    "Triggers": [],
    "Execution Time": 89.547
  }
]