[
  {
    "Plan": {
      "Node Type": "Aggregate",
      "Strategy": "Plain",
      "Partial Mode": "Finalize",
      "Parallel Aware": false,
      "Startup Cost": 61443.09,
      "Total Cost": 61443.1,
      "Plan Rows": 1,
      "Plan Width": 8,
      "Actual Startup Time": 108.223,
      "Actual Total Time": 122.23,
      "Actual Rows": 1,
      "Actual Loops": 1,
      "Plans": [
        {
          "Node Type": "Gather",
          "Parent Relationship": "Outer",
          "Parallel Aware": false,
          "Startup Cost": 61442.67,
          "Total Cost": 61443.08,
          "Plan Rows": 4,
          "Plan Width": 8,
          "Actual Startup Time": 107.831,
          "Actual Total Time": 122.222,
          "Actual Rows": 5,
          "Actual Loops": 1,
          "Workers Planned": 4,
          "Workers Launched": 4,
          "Single Copy": false,
          "Plans": [
            {
              "Node Type": "Aggregate",
              "Strategy": "Plain",
              "Partial Mode": "Partial",
              "Parent Relationship": "Outer",
              "Parallel Aware": false,
              "Startup Cost": 60442.67,
              "Total Cost": 60442.68,
              "Plan Rows": 1,
              "Plan Width": 8,
              "Actual Startup Time": 98.144,
              "Actual Total Time": 98.146,
              "Actual Rows": 1,
              "Actual Loops": 5,
              "Plans": [
                {
                  "Node Type": "Nested Loop",
                  "Parent Relationship": "Outer",
                  "Parallel Aware": false,
                  "Join Type": "Inner",
                  "Startup Cost": 0.86,
                  "Total Cost": 60436.04,
                  "Plan Rows": 2654,
                  "Plan Width": 0,
                  "Actual Startup Time": 4.699,
                  "Actual Total Time": 97.7,
                  "Actual Rows": 8936,
                  "Actual Loops": 5,
                  "Inner Unique": false,
                  "Join Filter": "(t.id = mk.movie_id)",
                  "Rows Removed by Join Filter": 0,
                  "Plans": [
                    {
                      "Node Type": "Nested Loop",
                      "Parent Relationship": "Outer",
                      "Parallel Aware": false,
                      "Join Type": "Inner",
                      "Startup Cost": 0.43,
                      "Total Cost": 57549.92,
                      "Plan Rows": 1484,
                      "Plan Width": 8,
                      "Actual Startup Time": 1.633,
                      "Actual Total Time": 88.348,
                      "Actual Rows": 1406,
                      "Actual Loops": 5,
                      "Inner Unique": false,
                      "Plans": [
                        {
                          "Node Type": "Seq Scan",
                          "Parent Relationship": "Outer",
                          "Parallel Aware": true,
                          "Relation Name": "title",
                          "Alias": "t",
                          "Startup Cost": 0.0,
                          "Total Cost": 43899.32,
                          "Plan Rows": 2718,
                          "Plan Width": 4,
                          "Actual Startup Time": 0.082,
                          "Actual Total Time": 75.056,
                          "Actual Rows": 2224,
                          "Actual Loops": 5,
                          "Filter": "(production_year = 1960)",
                          "Rows Removed by Filter": 503438
                        },
                        {
                          "Node Type": "Index Only Scan",
                          "Parent Relationship": "Inner",
                          "Parallel Aware": false,
                          "Scan Direction": "Forward",
                          "Index Name": "movie_id_movie_info_idx",
                          "Relation Name": "movie_info_idx",
                          "Alias": "mi_idx",
                          "Startup Cost": 0.43,
                          "Total Cost": 4.99,
                          "Plan Rows": 3,
                          "Plan Width": 4,
                          "Actual Startup Time": 0.005,
                          "Actual Total Time": 0.005,
                          "Actual Rows": 1,
                          "Actual Loops": 11121,
                          "Index Cond": "(movie_id = t.id)",
                          "Rows Removed by Index Recheck": 0,
                          "Heap Fetches": 7031
                        }
                      ]
                    },
                    {
                      "Node Type": "Index Only Scan",
                      "Parent Relationship": "Inner",
                      "Parallel Aware": false,
                      "Scan Direction": "Forward",
                      "Index Name": "movie_id_movie_keyword",
                      "Relation Name": "movie_keyword",
                      "Alias": "mk",
                      "Startup Cost": 0.43,
                      "Total Cost": 1.37,
                      "Plan Rows": 46,
                      "Plan Width": 4,
                      "Actual Startup Time": 0.005,
                      "Actual Total Time": 0.006,
                      "Actual Rows": 6,
                      "Actual Loops": 7031,
                      "Index Cond": "(movie_id = mi_idx.movie_id)",
                      "Rows Removed by Index Recheck": 0,
                      "Heap Fetches": 44681
                    }
                  ]
                }
              ]
            }
          ]
        }
      ]
    },
    "Planning Time": 0.362,
    "Triggers": [],
    "Execution Time": 122.267
  }
]