[
    {
        "Bao": {
            "Bao prediction": "NaN",
            "Bao recommended hint": "(no hint)"
        }
    },
    {
        "Plan": {
            "Node Type": "Aggregate",
            "Strategy": "Plain",
            "Partial Mode": "Finalize",
            "Parallel Aware": false,
            "Startup Cost": 33138.58,
            "Total Cost": 33138.59,
            "Plan Rows": 1,
            "Plan Width": 8,
            "Actual Startup Time": 80.376,
            "Actual Total Time": 84.651,
            "Actual Rows": 1,
            "Actual Loops": 1,
            "Output": [
                "count(*)"
            ],
            "Plans": [
                {
                    "Node Type": "Gather",
                    "Parent Relationship": "Outer",
                    "Parallel Aware": false,
                    "Startup Cost": 33138.26,
                    "Total Cost": 33138.57,
                    "Plan Rows": 3,
                    "Plan Width": 8,
                    "Actual Startup Time": 80.189,
                    "Actual Total Time": 84.643,
                    "Actual Rows": 4,
                    "Actual Loops": 1,
                    "Output": [
                        "(PARTIAL count(*))"
                    ],
                    "Workers Planned": 3,
                    "Workers Launched": 3,
                    "Single Copy": false,
                    "Plans": [
                        {
                            "Node Type": "Aggregate",
                            "Strategy": "Plain",
                            "Partial Mode": "Partial",
                            "Parent Relationship": "Outer",
                            "Parallel Aware": false,
                            "Startup Cost": 32138.26,
                            "Total Cost": 32138.27,
                            "Plan Rows": 1,
                            "Plan Width": 8,
                            "Actual Startup Time": 71.87,
                            "Actual Total Time": 71.889,
                            "Actual Rows": 1,
                            "Actual Loops": 4,
                            "Output": [
                                "PARTIAL count(*)"
                            ],
                            "Workers": [
                                {
                                    "Worker Number": 0,
                                    "Actual Startup Time": 69.099,
                                    "Actual Total Time": 69.1,
                                    "Actual Rows": 1,
                                    "Actual Loops": 1
                                },
                                {
                                    "Worker Number": 1,
                                    "Actual Startup Time": 69.158,
                                    "Actual Total Time": 69.159,
                                    "Actual Rows": 1,
                                    "Actual Loops": 1
                                },
                                {
                                    "Worker Number": 2,
                                    "Actual Startup Time": 69.275,
                                    "Actual Total Time": 69.276,
                                    "Actual Rows": 1,
                                    "Actual Loops": 1
                                }
                            ],
                            "Plans": [
                                {
                                    "Node Type": "Bitmap Heap Scan",
                                    "Parent Relationship": "Outer",
                                    "Parallel Aware": true,
                                    "Relation Name": "movie_keyword",
                                    "Schema": "public",
                                    "Alias": "mk",
                                    "Startup Cost": 6257.55,
                                    "Total Cost": 31900.48,
                                    "Plan Rows": 95114,
                                    "Plan Width": 0,
                                    "Actual Startup Time": 14.116,
                                    "Actual Total Time": 67.361,
                                    "Actual Rows": 73576,
                                    "Actual Loops": 4,
                                    "Recheck Cond": "(mk.keyword_id < 240)",
                                    "Rows Removed by Index Recheck": 0,
                                    "Exact Heap Blocks": 12297,
                                    "Lossy Heap Blocks": 0,
                                    "Workers": [
                                        {
                                            "Worker Number": 0,
                                            "Actual Startup Time": 11.481,
                                            "Actual Total Time": 65.176,
                                            "Actual Rows": 46616,
                                            "Actual Loops": 1
                                        },
                                        {
                                            "Worker Number": 1,
                                            "Actual Startup Time": 11.448,
                                            "Actual Total Time": 65.17,
                                            "Actual Rows": 46906,
                                            "Actual Loops": 1
                                        },
                                        {
                                            "Worker Number": 2,
                                            "Actual Startup Time": 11.534,
                                            "Actual Total Time": 65.325,
                                            "Actual Rows": 46082,
                                            "Actual Loops": 1
                                        }
                                    ],
                                    "Plans": [
                                        {
                                            "Node Type": "Bitmap Index Scan",
                                            "Parent Relationship": "Outer",
                                            "Parallel Aware": false,
                                            "Index Name": "keyword_id_movie_keyword",
                                            "Startup Cost": 0.0,
                                            "Total Cost": 6183.84,
                                            "Plan Rows": 294854,
                                            "Plan Width": 0,
                                            "Actual Startup Time": 18.506,
                                            "Actual Total Time": 18.576,
                                            "Actual Rows": 294304,
                                            "Actual Loops": 1,
                                            "Index Cond": "(mk.keyword_id < 240)"
                                        }
                                    ]
                                }
                            ]
                        }
                    ]
                }
            ]
        },
        "Planning Time": 181.917,
        "Triggers": [],
        "Execution Time": 84.699
    }
]