[
  {
    "Plan": {
      "Node Type": "Aggregate",
      "Strategy": "Plain",
      "Partial Mode": "Finalize",
      "Parallel Aware": false,
      "Startup Cost": 79860.3,
      "Total Cost": 79860.31,
      "Plan Rows": 1,
      "Plan Width": 8,
      "Actual Startup Time": 459.189,
      "Actual Total Time": 475.789,
      "Actual Rows": 1,
      "Actual Loops": 1,
      "Plans": [
        {
          "Node Type": "Gather",
          "Parent Relationship": "Outer",
          "Parallel Aware": false,
          "Startup Cost": 79859.98,
          "Total Cost": 79860.29,
          "Plan Rows": 3,
          "Plan Width": 8,
          "Actual Startup Time": 449.649,
          "Actual Total Time": 475.777,
          "Actual Rows": 4,
          "Actual Loops": 1,
          "Workers Planned": 3,
          "Workers Launched": 3,
          "Single Copy": false,
          "Plans": [
            {
              "Node Type": "Aggregate",
              "Strategy": "Plain",
              "Partial Mode": "Partial",
              "Parent Relationship": "Outer",
              "Parallel Aware": false,
              "Startup Cost": 78859.98,
              "Total Cost": 78859.99,
              "Plan Rows": 1,
              "Plan Width": 8,
              "Actual Startup Time": 437.963,
              "Actual Total Time": 437.966,
              "Actual Rows": 1,
              "Actual Loops": 4,
              "Plans": [
                {
                  "Node Type": "Hash Join",
                  "Parent Relationship": "Outer",
                  "Parallel Aware": true,
                  "Join Type": "Inner",
                  "Startup Cost": 48747.52,
                  "Total Cost": 78564.26,
                  "Plan Rows": 118290,
                  "Plan Width": 0,
                  "Actual Startup Time": 333.217,
                  "Actual Total Time": 433.053,
                  "Actual Rows": 95127,
                  "Actual Loops": 4,
                  "Inner Unique": true,
                  "Hash Cond": "(mc.movie_id = t.id)",
                  "Plans": [
                    {
                      "Node Type": "Seq Scan",
                      "Parent Relationship": "Outer",
                      "Parallel Aware": true,
                      "Relation Name": "movie_companies",
                      "Alias": "mc",
                      "Startup Cost": 0.0,
                      "Total Cost": 29310.68,
                      "Plan Rows": 192782,
                      "Plan Width": 4,
                      "Actual Startup Time": 32.297,
                      "Actual Total Time": 70.545,
                      "Actual Rows": 148631,
                      "Actual Loops": 4,
                      "Filter": "(company_id > 69299)",
                      "Rows Removed by Filter": 503651
                    },
                    {
                      "Node Type": "Hash",
                      "Parent Relationship": "Inner",
                      "Parallel Aware": true,
                      "Startup Cost": 43899.32,
                      "Total Cost": 43899.32,
                      "Plan Rows": 387856,
                      "Plan Width": 4,
                      "Actual Startup Time": 293.03,
                      "Actual Total Time": 293.031,
                      "Actual Rows": 387932,
                      "Actual Loops": 4,
                      "Hash Buckets": 2097152,
                      "Original Hash Buckets": 2097152,
                      "Hash Batches": 1,
                      "Original Hash Batches": 1,
                      "Peak Memory Usage": 77152,
                      "Plans": [
                        {
                          "Node Type": "Seq Scan",
                          "Parent Relationship": "Outer",
                          "Parallel Aware": true,
                          "Relation Name": "title",
                          "Alias": "t",
                          "Startup Cost": 0.0,
                          "Total Cost": 43899.32,
                          "Plan Rows": 387856,
                          "Plan Width": 4,
                          "Actual Startup Time": 0.047,
                          "Actual Total Time": 126.049,
                          "Actual Rows": 387932,
                          "Actual Loops": 4,
                          "Filter": "(production_year < 2007)",
                          "Rows Removed by Filter": 244146
                        }
                      ]
                    }
                  ]
                }
              ]
            }
          ]
        }
      ]
    },
    "Planning Time": 0.66,
    "Triggers": [],
    "Execution Time": 475.861
  }
]