[
    {
        "Bao": {
            "Bao prediction": "NaN",
            "Bao recommended hint": "(no hint)"
        }
    },
    {
        "Plan": {
            "Node Type": "Aggregate",
            "Strategy": "Plain",
            "Partial Mode": "Finalize",
            "Parallel Aware": false,
            "Startup Cost": 375804.81,
            "Total Cost": 375804.82,
            "Plan Rows": 1,
            "Plan Width": 8,
            "Actual Startup Time": 1320.9,
            "Actual Total Time": 1344.279,
            "Actual Rows": 1,
            "Actual Loops": 1,
            "Output": [
                "count(*)"
            ],
            "Plans": [
                {
                    "Node Type": "Gather",
                    "Parent Relationship": "Outer",
                    "Parallel Aware": false,
                    "Startup Cost": 375804.6,
                    "Total Cost": 375804.81,
                    "Plan Rows": 2,
                    "Plan Width": 8,
                    "Actual Startup Time": 1309.34,
                    "Actual Total Time": 1344.269,
                    "Actual Rows": 3,
                    "Actual Loops": 1,
                    "Output": [
                        "(PARTIAL count(*))"
                    ],
                    "Workers Planned": 2,
                    "Workers Launched": 2,
                    "Single Copy": false,
                    "Plans": [
                        {
                            "Node Type": "Aggregate",
                            "Strategy": "Plain",
                            "Partial Mode": "Partial",
                            "Parent Relationship": "Outer",
                            "Parallel Aware": false,
                            "Startup Cost": 374804.6,
                            "Total Cost": 374804.61,
                            "Plan Rows": 1,
                            "Plan Width": 8,
                            "Actual Startup Time": 1302.007,
                            "Actual Total Time": 1302.781,
                            "Actual Rows": 1,
                            "Actual Loops": 3,
                            "Output": [
                                "PARTIAL count(*)"
                            ],
                            "Workers": [
                                {
                                    "Worker Number": 0,
                                    "Actual Startup Time": 1299.066,
                                    "Actual Total Time": 1299.072,
                                    "Actual Rows": 1,
                                    "Actual Loops": 1
                                },
                                {
                                    "Worker Number": 1,
                                    "Actual Startup Time": 1297.942,
                                    "Actual Total Time": 1297.949,
                                    "Actual Rows": 1,
                                    "Actual Loops": 1
                                }
                            ],
                            "Plans": [
                                {
                                    "Node Type": "Hash Join",
                                    "Parent Relationship": "Outer",
                                    "Parallel Aware": true,
                                    "Join Type": "Inner",
                                    "Startup Cost": 357873.84,
                                    "Total Cost": 374151.02,
                                    "Plan Rows": 261432,
                                    "Plan Width": 0,
                                    "Actual Startup Time": 1131.787,
                                    "Actual Total Time": 1287.728,
                                    "Actual Rows": 276865,
                                    "Actual Loops": 3,
                                    "Inner Unique": false,
                                    "Hash Cond": "(mi_idx.movie_id = t.id)",
                                    "Workers": [
                                        {
                                            "Worker Number": 0,
                                            "Actual Startup Time": 1128.029,
                                            "Actual Total Time": 1283.665,
                                            "Actual Rows": 230066,
                                            "Actual Loops": 1
                                        },
                                        {
                                            "Worker Number": 1,
                                            "Actual Startup Time": 1128.171,
                                            "Actual Total Time": 1282.154,
                                            "Actual Rows": 236937,
                                            "Actual Loops": 1
                                        }
                                    ],
                                    "Plans": [
                                        {
                                            "Node Type": "Seq Scan",
                                            "Parent Relationship": "Outer",
                                            "Parallel Aware": true,
                                            "Relation Name": "movie_info_idx",
                                            "Schema": "public",
                                            "Alias": "mi_idx",
                                            "Startup Cost": 0.0,
                                            "Total Cost": 13685.15,
                                            "Plan Rows": 575015,
                                            "Plan Width": 4,
                                            "Actual Startup Time": 0.043,
                                            "Actual Total Time": 44.789,
                                            "Actual Rows": 460012,
                                            "Actual Loops": 3,
                                            "Output": [
                                                "mi_idx.id",
                                                "mi_idx.movie_id",
                                                "mi_idx.info_type_id",
                                                "mi_idx.info",
                                                "mi_idx.note"
                                            ],
                                            "Workers": [
                                                {
                                                    "Worker Number": 0,
                                                    "Actual Startup Time": 0.082,
                                                    "Actual Total Time": 47.382,
                                                    "Actual Rows": 377520,
                                                    "Actual Loops": 1
                                                },
                                                {
                                                    "Worker Number": 1,
                                                    "Actual Startup Time": 0.037,
                                                    "Actual Total Time": 47.121,
                                                    "Actual Rows": 388706,
                                                    "Actual Loops": 1
                                                }
                                            ]
                                        },
                                        {
                                            "Node Type": "Hash",
                                            "Parent Relationship": "Inner",
                                            "Parallel Aware": true,
                                            "Startup Cost": 355479.03,
                                            "Total Cost": 355479.03,
                                            "Plan Rows": 191585,
                                            "Plan Width": 8,
                                            "Actual Startup Time": 1125.358,
                                            "Actual Total Time": 1126.13,
                                            "Actual Rows": 374156,
                                            "Actual Loops": 3,
                                            "Output": [
                                                "t.id",
                                                "ci.movie_id"
                                            ],
                                            "Hash Buckets": 2097152,
                                            "Original Hash Buckets": 2097152,
                                            "Hash Batches": 1,
                                            "Original Hash Batches": 1,
                                            "Peak Memory Usage": 60320,
                                            "Workers": [
                                                {
                                                    "Worker Number": 0,
                                                    "Actual Startup Time": 1127.477,
                                                    "Actual Total Time": 1127.481,
                                                    "Actual Rows": 330268,
                                                    "Actual Loops": 1
                                                },
                                                {
                                                    "Worker Number": 1,
                                                    "Actual Startup Time": 1127.441,
                                                    "Actual Total Time": 1127.446,
                                                    "Actual Rows": 341613,
                                                    "Actual Loops": 1
                                                }
                                            ],
                                            "Plans": [
                                                {
                                                    "Node Type": "Hash Join",
                                                    "Parent Relationship": "Outer",
                                                    "Parallel Aware": true,
                                                    "Join Type": "Inner",
                                                    "Startup Cost": 97349.91,
                                                    "Total Cost": 355479.03,
                                                    "Plan Rows": 191585,
                                                    "Plan Width": 8,
                                                    "Actual Startup Time": 563.886,
                                                    "Actual Total Time": 985.268,
                                                    "Actual Rows": 374156,
                                                    "Actual Loops": 3,
                                                    "Output": [
                                                        "t.id",
                                                        "ci.movie_id"
                                                    ],
                                                    "Inner Unique": true,
                                                    "Hash Cond": "(ci.movie_id = t.id)",
                                                    "Workers": [
                                                        {
                                                            "Worker Number": 0,
                                                            "Actual Startup Time": 563.882,
                                                            "Actual Total Time": 981.901,
                                                            "Actual Rows": 330268,
                                                            "Actual Loops": 1
                                                        },
                                                        {
                                                            "Worker Number": 1,
                                                            "Actual Startup Time": 563.721,
                                                            "Actual Total Time": 984.859,
                                                            "Actual Rows": 341613,
                                                            "Actual Loops": 1
                                                        }
                                                    ],
                                                    "Plans": [
                                                        {
                                                            "Node Type": "Bitmap Heap Scan",
                                                            "Parent Relationship": "Outer",
                                                            "Parallel Aware": true,
                                                            "Relation Name": "cast_info",
                                                            "Schema": "public",
                                                            "Alias": "ci",
                                                            "Startup Cost": 47663.71,
                                                            "Total Cost": 304848.34,
                                                            "Plan Rows": 359810,
                                                            "Plan Width": 4,
                                                            "Actual Startup Time": 270.474,
                                                            "Actual Total Time": 374.296,
                                                            "Actual Rows": 719557,
                                                            "Actual Loops": 3,
                                                            "Output": [
                                                                "ci.id",
                                                                "ci.person_id",
                                                                "ci.movie_id",
                                                                "ci.person_role_id",
                                                                "ci.note",
                                                                "ci.nr_order",
                                                                "ci.role_id"
                                                            ],
                                                            "Recheck Cond": "(ci.person_id < 211945)",
                                                            "Rows Removed by Index Recheck": 0,
                                                            "Exact Heap Blocks": 9668,
                                                            "Lossy Heap Blocks": 0,
                                                            "Workers": [
                                                                {
                                                                    "Worker Number": 0,
                                                                    "Actual Startup Time": 270.559,
                                                                    "Actual Total Time": 380.471,
                                                                    "Actual Rows": 620946,
                                                                    "Actual Loops": 1
                                                                },
                                                                {
                                                                    "Worker Number": 1,
                                                                    "Actual Startup Time": 270.307,
                                                                    "Actual Total Time": 379.996,
                                                                    "Actual Rows": 654194,
                                                                    "Actual Loops": 1
                                                                }
                                                            ],
                                                            "Plans": [
                                                                {
                                                                    "Node Type": "Bitmap Index Scan",
                                                                    "Parent Relationship": "Outer",
                                                                    "Parallel Aware": false,
                                                                    "Index Name": "person_id_cast_info",
                                                                    "Startup Cost": 0.0,
                                                                    "Total Cost": 47124.0,
                                                                    "Plan Rows": 2158858,
                                                                    "Plan Width": 0,
                                                                    "Actual Startup Time": 264.845,
                                                                    "Actual Total Time": 264.846,
                                                                    "Actual Rows": 2158672,
                                                                    "Actual Loops": 1,
                                                                    "Index Cond": "(ci.person_id < 211945)",
                                                                    "Workers": [
                                                                        {
                                                                            "Worker Number": 1,
                                                                            "Actual Startup Time": 264.845,
                                                                            "Actual Total Time": 264.846,
                                                                            "Actual Rows": 2158672,
                                                                            "Actual Loops": 1
                                                                        }
                                                                    ]
                                                                }
                                                            ]
                                                        },
                                                        {
                                                            "Node Type": "Hash",
                                                            "Parent Relationship": "Inner",
                                                            "Parallel Aware": true,
                                                            "Startup Cost": 45479.21,
                                                            "Total Cost": 45479.21,
                                                            "Plan Rows": 336559,
                                                            "Plan Width": 4,
                                                            "Actual Startup Time": 289.238,
                                                            "Actual Total Time": 289.239,
                                                            "Actual Rows": 442594,
                                                            "Actual Loops": 3,
                                                            "Output": [
                                                                "t.id"
                                                            ],
                                                            "Hash Buckets": 2097152,
                                                            "Original Hash Buckets": 2097152,
                                                            "Hash Batches": 1,
                                                            "Original Hash Batches": 1,
                                                            "Peak Memory Usage": 68384,
                                                            "Workers": [
                                                                {
                                                                    "Worker Number": 0,
                                                                    "Actual Startup Time": 293.245,
                                                                    "Actual Total Time": 293.246,
                                                                    "Actual Rows": 357517,
                                                                    "Actual Loops": 1
                                                                },
                                                                {
                                                                    "Worker Number": 1,
                                                                    "Actual Startup Time": 293.267,
                                                                    "Actual Total Time": 293.269,
                                                                    "Actual Rows": 359565,
                                                                    "Actual Loops": 1
                                                                }
                                                            ],
                                                            "Plans": [
                                                                {
                                                                    "Node Type": "Seq Scan",
                                                                    "Parent Relationship": "Outer",
                                                                    "Parallel Aware": true,
                                                                    "Relation Name": "title",
                                                                    "Schema": "public",
                                                                    "Alias": "t",
                                                                    "Startup Cost": 0.0,
                                                                    "Total Cost": 45479.21,
                                                                    "Plan Rows": 336559,
                                                                    "Plan Width": 4,
                                                                    "Actual Startup Time": 0.04,
                                                                    "Actual Total Time": 140.852,
                                                                    "Actual Rows": 442594,
                                                                    "Actual Loops": 3,
                                                                    "Output": [
                                                                        "t.id"
                                                                    ],
                                                                    "Filter": "((t.production_year < 2012) AND (t.kind_id = 7))",
                                                                    "Rows Removed by Filter": 400177,
                                                                    "Workers": [
                                                                        {
                                                                            "Worker Number": 0,
                                                                            "Actual Startup Time": 0.053,
                                                                            "Actual Total Time": 145.373,
                                                                            "Actual Rows": 357517,
                                                                            "Actual Loops": 1
                                                                        },
                                                                        {
                                                                            "Worker Number": 1,
                                                                            "Actual Startup Time": 0.053,
                                                                            "Actual Total Time": 145.56,
                                                                            "Actual Rows": 359565,
                                                                            "Actual Loops": 1
                                                                        }
                                                                    ]
                                                                }
                                                            ]
                                                        }
                                                    ]
                                                }
                                            ]
                                        }
                                    ]
                                }
                            ]
                        }
                    ]
                }
            ]
        },
        "Planning Time": 202.173,
        "Triggers": [],
        "Execution Time": 1344.362
    }
]