[
  {
    "Plan": {
      "Node Type": "Aggregate",
      "Strategy": "Plain",
      "Partial Mode": "Finalize",
      "Parallel Aware": false,
      "Startup Cost": 31585.63,
      "Total Cost": 31585.64,
      "Plan Rows": 1,
      "Plan Width": 8,
      "Actual Startup Time": 94.256,
      "Actual Total Time": 101.563,
      "Actual Rows": 1,
      "Actual Loops": 1,
      "Plans": [
        {
          "Node Type": "Gather",
          "Parent Relationship": "Outer",
          "Parallel Aware": false,
          "Startup Cost": 31585.31,
          "Total Cost": 31585.62,
          "Plan Rows": 3,
          "Plan Width": 8,
          "Actual Startup Time": 94.107,
          "Actual Total Time": 101.555,
          "Actual Rows": 4,
          "Actual Loops": 1,
          "Workers Planned": 3,
          "Workers Launched": 3,
          "Single Copy": false,
          "Plans": [
            {
              "Node Type": "Aggregate",
              "Strategy": "Plain",
              "Partial Mode": "Partial",
              "Parent Relationship": "Outer",
              "Parallel Aware": false,
              "Startup Cost": 30585.31,
              "Total Cost": 30585.32,
              "Plan Rows": 1,
              "Plan Width": 8,
              "Actual Startup Time": 89.003,
              "Actual Total Time": 89.004,
              "Actual Rows": 1,
              "Actual Loops": 4,
              "Plans": [
                {
                  "Node Type": "Seq Scan",
                  "Parent Relationship": "Outer",
                  "Parallel Aware": true,
                  "Relation Name": "movie_companies",
                  "Alias": "mc",
                  "Startup Cost": 0.0,
                  "Total Cost": 29310.68,
                  "Plan Rows": 509851,
                  "Plan Width": 0,
                  "Actual Startup Time": 3.428,
                  "Actual Total Time": 72.221,
                  "Actual Rows": 394279,
                  "Actual Loops": 4,
                  "Filter": "(company_id > 5750)",
                  "Rows Removed by Filter": 258004
                }
              ]
            }
          ]
        }
      ]
    },
    "Planning Time": 0.187,
    "Triggers": [],
    "Execution Time": 101.615
  }
]