[
  {
    "Plan": {
      "Node Type": "Aggregate",
      "Strategy": "Plain",
      "Partial Mode": "Finalize",
      "Parallel Aware": false,
      "Startup Cost": 287106.58,
      "Total Cost": 287106.59,
      "Plan Rows": 1,
      "Plan Width": 8,
      "Actual Startup Time": 4214.505,
      "Actual Total Time": 4307.957,
      "Actual Rows": 1,
      "Actual Loops": 1,
      "Plans": [
        {
          "Node Type": "Gather",
          "Parent Relationship": "Outer",
          "Parallel Aware": false,
          "Startup Cost": 287106.27,
          "Total Cost": 287106.58,
          "Plan Rows": 3,
          "Plan Width": 8,
          "Actual Startup Time": 4211.426,
          "Actual Total Time": 4307.946,
          "Actual Rows": 4,
          "Actual Loops": 1,
          "Workers Planned": 3,
          "Workers Launched": 3,
          "Single Copy": false,
          "Plans": [
            {
              "Node Type": "Aggregate",
              "Strategy": "Plain",
              "Partial Mode": "Partial",
              "Parent Relationship": "Outer",
              "Parallel Aware": false,
              "Startup Cost": 286106.27,
              "Total Cost": 286106.28,
              "Plan Rows": 1,
              "Plan Width": 8,
              "Actual Startup Time": 4202.299,
              "Actual Total Time": 4202.303,
              "Actual Rows": 1,
              "Actual Loops": 4,
              "Plans": [
                {
                  "Node Type": "Nested Loop",
                  "Parent Relationship": "Outer",
                  "Parallel Aware": false,
                  "Join Type": "Inner",
                  "Startup Cost": 46562.64,
                  "Total Cost": 284503.1,
                  "Plan Rows": 641266,
                  "Plan Width": 0,
                  "Actual Startup Time": 203.97,
                  "Actual Total Time": 4076.391,
                  "Actual Rows": 2591925,
                  "Actual Loops": 4,
                  "Inner Unique": false,
                  "Plans": [
                    {
                      "Node Type": "Hash Join",
                      "Parent Relationship": "Outer",
                      "Parallel Aware": true,
                      "Join Type": "Inner",
                      "Startup Cost": 46562.07,
                      "Total Cost": 78461.48,
                      "Plan Rows": 62212,
                      "Plan Width": 8,
                      "Actual Startup Time": 203.827,
                      "Actual Total Time": 366.4,
                      "Actual Rows": 149618,
                      "Actual Loops": 4,
                      "Inner Unique": true,
                      "Hash Cond": "(mc.movie_id = t.id)",
                      "Plans": [
                        {
                          "Node Type": "Seq Scan",
                          "Parent Relationship": "Outer",
                          "Parallel Aware": true,
                          "Relation Name": "movie_companies",
                          "Alias": "mc",
                          "Startup Cost": 0.0,
                          "Total Cost": 31414.82,
                          "Plan Rows": 184606,
                          "Plan Width": 4,
                          "Actual Startup Time": 32.333,
                          "Actual Total Time": 76.551,
                          "Actual Rows": 214432,
                          "Actual Loops": 4,
                          "Filter": "((company_id > 13874) AND (company_type_id = 2))",
                          "Rows Removed by Filter": 437850
                        },
                        {
                          "Node Type": "Hash",
                          "Parent Relationship": "Inner",
                          "Parallel Aware": true,
                          "Startup Cost": 43899.32,
                          "Total Cost": 43899.32,
                          "Plan Rows": 213020,
                          "Plan Width": 4,
                          "Actual Startup Time": 168.775,
                          "Actual Total Time": 168.777,
                          "Actual Rows": 213554,
                          "Actual Loops": 4,
                          "Hash Buckets": 1048576,
                          "Original Hash Buckets": 1048576,
                          "Hash Batches": 1,
                          "Original Hash Batches": 1,
                          "Peak Memory Usage": 41696,
                          "Plans": [
                            {
                              "Node Type": "Seq Scan",
                              "Parent Relationship": "Outer",
                              "Parallel Aware": true,
                              "Relation Name": "title",
                              "Alias": "t",
                              "Startup Cost": 0.0,
                              "Total Cost": 43899.32,
                              "Plan Rows": 213020,
                              "Plan Width": 4,
                              "Actual Startup Time": 0.053,
                              "Actual Total Time": 99.968,
                              "Actual Rows": 213554,
                              "Actual Loops": 4,
                              "Filter": "(kind_id < 4)",
                              "Rows Removed by Filter": 418524
                            }
                          ]
                        }
                      ]
                    },
                    {
                      "Node Type": "Index Scan",
                      "Parent Relationship": "Inner",
                      "Parallel Aware": false,
                      "Scan Direction": "Forward",
                      "Index Name": "movie_id_cast_info",
                      "Relation Name": "cast_info",
                      "Alias": "ci",
                      "Startup Cost": 0.56,
                      "Total Cost": 3.06,
                      "Plan Rows": 25,
                      "Plan Width": 4,
                      "Actual Startup Time": 0.004,
                      "Actual Total Time": 0.023,
                      "Actual Rows": 17,
                      "Actual Loops": 598470,
                      "Index Cond": "(movie_id = t.id)",
                      "Rows Removed by Index Recheck": 0,
                      "Filter": "(person_id < 2707805)",
                      "Rows Removed by Filter": 7
                    }
                  ]
                }
              ]
            }
          ]
        }
      ]
    },
    "Planning Time": 0.438,
    "Triggers": [],
    "Execution Time": 4308.022
  }
]