[
  {
    "Plan": {
      "Node Type": "Aggregate",
      "Strategy": "Plain",
      "Partial Mode": "Finalize",
      "Parallel Aware": false,
      "Startup Cost": 343603.34,
      "Total Cost": 343603.35,
      "Plan Rows": 1,
      "Plan Width": 8,
      "Actual Startup Time": 467.242,
      "Actual Total Time": 497.743,
      "Actual Rows": 1,
      "Actual Loops": 1,
      "Plans": [
        {
          "Node Type": "Gather",
          "Parent Relationship": "Outer",
          "Parallel Aware": false,
          "Startup Cost": 343602.71,
          "Total Cost": 343603.32,
          "Plan Rows": 6,
          "Plan Width": 8,
          "Actual Startup Time": 467.127,
          "Actual Total Time": 497.728,
          "Actual Rows": 7,
          "Actual Loops": 1,
          "Workers Planned": 6,
          "Workers Launched": 6,
          "Single Copy": false,
          "Plans": [
            {
              "Node Type": "Aggregate",
              "Strategy": "Plain",
              "Partial Mode": "Partial",
              "Parent Relationship": "Outer",
              "Parallel Aware": false,
              "Startup Cost": 342602.71,
              "Total Cost": 342602.72,
              "Plan Rows": 1,
              "Plan Width": 8,
              "Actual Startup Time": 458.567,
              "Actual Total Time": 458.569,
              "Actual Rows": 1,
              "Actual Loops": 7,
              "Plans": [
                {
                  "Node Type": "Index Scan",
                  "Parent Relationship": "Outer",
                  "Parallel Aware": true,
                  "Scan Direction": "Forward",
                  "Index Name": "role_id_cast_info",
                  "Relation Name": "cast_info",
                  "Alias": "ci",
                  "Startup Cost": 0.56,
                  "Total Cost": 341155.22,
                  "Plan Rows": 578998,
                  "Plan Width": 0,
                  "Actual Startup Time": 0.161,
                  "Actual Total Time": 407.779,
                  "Actual Rows": 1024215,
                  "Actual Loops": 7,
                  "Index Cond": "(role_id < 2)",
                  "Rows Removed by Index Recheck": 0,
                  "Filter": "(person_id < 980963)",
                  "Rows Removed by Filter": 785884
                }
              ]
            }
          ]
        }
      ]
    },
    "Planning Time": 0.204,
    "Triggers": [],
    "Execution Time": 497.811
  }
]