[
  {
    "Plan": {
      "Node Type": "Aggregate",
      "Strategy": "Plain",
      "Partial Mode": "Finalize",
      "Parallel Aware": false,
      "Startup Cost": 337657.87,
      "Total Cost": 337657.88,
      "Plan Rows": 1,
      "Plan Width": 8,
      "Actual Startup Time": 447.693,
      "Actual Total Time": 468.896,
      "Actual Rows": 1,
      "Actual Loops": 1,
      "Plans": [
        {
          "Node Type": "Gather",
          "Parent Relationship": "Outer",
          "Parallel Aware": false,
          "Startup Cost": 337657.25,
          "Total Cost": 337657.86,
          "Plan Rows": 6,
          "Plan Width": 8,
          "Actual Startup Time": 447.594,
          "Actual Total Time": 468.887,
          "Actual Rows": 7,
          "Actual Loops": 1,
          "Workers Planned": 6,
          "Workers Launched": 6,
          "Single Copy": false,
          "Plans": [
            {
              "Node Type": "Aggregate",
              "Strategy": "Plain",
              "Partial Mode": "Partial",
              "Parent Relationship": "Outer",
              "Parallel Aware": false,
              "Startup Cost": 336657.25,
              "Total Cost": 336657.26,
              "Plan Rows": 1,
              "Plan Width": 8,
              "Actual Startup Time": 437.873,
              "Actual Total Time": 437.874,
              "Actual Rows": 1,
              "Actual Loops": 7,
              "Plans": [
                {
                  "Node Type": "Index Scan",
                  "Parent Relationship": "Outer",
                  "Parallel Aware": true,
                  "Scan Direction": "Forward",
                  "Index Name": "role_id_cast_info",
                  "Relation Name": "cast_info",
                  "Alias": "ci",
                  "Startup Cost": 0.56,
                  "Total Cost": 335235.55,
                  "Plan Rows": 568680,
                  "Plan Width": 0,
                  "Actual Startup Time": 0.173,
                  "Actual Total Time": 388.339,
                  "Actual Rows": 1024215,
                  "Actual Loops": 7,
                  "Index Cond": "(role_id < 2)",
                  "Rows Removed by Index Recheck": 0,
                  "Filter": "(person_id < 980963)",
                  "Rows Removed by Filter": 785884
                }
              ]
            }
          ]
        }
      ]
    },
    "Planning Time": 0.218,
    "Triggers": [],
    "Execution Time": 468.958
  }
]