{
  "Plan": {
    "Node Type": "Aggregate",
    "Strategy": "Plain",
    "Partial Mode": "Finalize",
    "Parallel Aware": false,
    "Startup Cost": 366435.77,
    "Total Cost": 366435.78,
    "Plan Rows": 1,
    "Plan Width": 8,
    "Actual Startup Time": 184.798,
    "Actual Total Time": 206.899,
    "Actual Rows": 1,
    "Actual Loops": 1,
    "Plans": [
      {
        "Node Type": "Gather",
        "Parent Relationship": "Outer",
        "Parallel Aware": false,
        "Startup Cost": 366435.65,
        "Total Cost": 366435.76,
        "Plan Rows": 1,
        "Plan Width": 8,
        "Actual Startup Time": 184.676,
        "Actual Total Time": 206.889,
        "Actual Rows": 2,
        "Actual Loops": 1,
        "Workers Planned": 1,
        "Workers Launched": 1,
        "Single Copy": false,
        "Plans": [
          {
            "Node Type": "Aggregate",
            "Strategy": "Plain",
            "Partial Mode": "Partial",
            "Parent Relationship": "Outer",
            "Parallel Aware": false,
            "Startup Cost": 365435.65,
            "Total Cost": 365435.66,
            "Plan Rows": 1,
            "Plan Width": 8,
            "Actual Startup Time": 178.668,
            "Actual Total Time": 178.669,
            "Actual Rows": 1,
            "Actual Loops": 2,
            "Plans": [
              {
                "Node Type": "Nested Loop",
                "Parent Relationship": "Outer",
                "Parallel Aware": false,
                "Join Type": "Inner",
                "Startup Cost": 0.56,
                "Total Cost": 365341.73,
                "Plan Rows": 37568,
                "Plan Width": 0,
                "Actual Startup Time": 0.98,
                "Actual Total Time": 177.502,
                "Actual Rows": 16888,
                "Actual Loops": 2,
                "Inner Unique": false,
                "Plans": [
                  {
                    "Node Type": "Seq Scan",
                    "Parent Relationship": "Outer",
                    "Parallel Aware": true,
                    "Relation Name": "title",
                    "Alias": "t",
                    "Startup Cost": 0.0,
                    "Total Cost": 58306.47,
                    "Plan Rows": 2622,
                    "Plan Width": 4,
                    "Actual Startup Time": 0.792,
                    "Actual Total Time": 133.025,
                    "Actual Rows": 2010,
                    "Actual Loops": 2,
                    "Filter": "((kind_id = 7) AND (production_year = 1954))",
                    "Rows Removed by Filter": 1262146
                  },
                  {
                    "Node Type": "Index Only Scan",
                    "Parent Relationship": "Inner",
                    "Parallel Aware": false,
                    "Scan Direction": "Forward",
                    "Index Name": "movie_id_cast_info",
                    "Relation Name": "cast_info",
                    "Alias": "ci",
                    "Startup Cost": 0.56,
                    "Total Cost": 116.73,
                    "Plan Rows": 37,
                    "Plan Width": 4,
                    "Actual Startup Time": 0.007,
                    "Actual Total Time": 0.021,
                    "Actual Rows": 8,
                    "Actual Loops": 4021,
                    "Index Cond": "(movie_id = t.id)",
                    "Rows Removed by Index Recheck": 0,
                    "Heap Fetches": 33776
                  }
                ]
              }
            ]
          }
        ]
      }
    ]
  },
  "Planning Time": 0.464,
  "Triggers": [],
  "Execution Time": 206.976
}