[
  {
    "Plan": {
      "Node Type": "Aggregate",
      "Strategy": "Plain",
      "Partial Mode": "Finalize",
      "Parallel Aware": false,
      "Startup Cost": 126312.44,
      "Total Cost": 126312.45,
      "Plan Rows": 1,
      "Plan Width": 8,
      "Actual Startup Time": 483.652,
      "Actual Total Time": 506.315,
      "Actual Rows": 1,
      "Actual Loops": 1,
      "Plans": [
        {
          "Node Type": "Gather",
          "Parent Relationship": "Outer",
          "Parallel Aware": false,
          "Startup Cost": 126312.12,
          "Total Cost": 126312.43,
          "Plan Rows": 3,
          "Plan Width": 8,
          "Actual Startup Time": 480.774,
          "Actual Total Time": 506.303,
          "Actual Rows": 4,
          "Actual Loops": 1,
          "Workers Planned": 3,
          "Workers Launched": 3,
          "Single Copy": false,
          "Plans": [
            {
              "Node Type": "Aggregate",
              "Strategy": "Plain",
              "Partial Mode": "Partial",
              "Parent Relationship": "Outer",
              "Parallel Aware": false,
              "Startup Cost": 125312.12,
              "Total Cost": 125312.13,
              "Plan Rows": 1,
              "Plan Width": 8,
              "Actual Startup Time": 473.914,
              "Actual Total Time": 474.026,
              "Actual Rows": 1,
              "Actual Loops": 4,
              "Plans": [
                {
                  "Node Type": "Hash Join",
                  "Parent Relationship": "Outer",
                  "Parallel Aware": true,
                  "Join Type": "Inner",
                  "Startup Cost": 78430.75,
                  "Total Cost": 124887.82,
                  "Plan Rows": 169722,
                  "Plan Width": 0,
                  "Actual Startup Time": 310.203,
                  "Actual Total Time": 471.743,
                  "Actual Rows": 56683,
                  "Actual Loops": 4,
                  "Inner Unique": false,
                  "Hash Cond": "(mk.movie_id = t.id)",
                  "Plans": [
                    {
                      "Node Type": "Seq Scan",
                      "Parent Relationship": "Outer",
                      "Parallel Aware": true,
                      "Relation Name": "movie_keyword",
                      "Alias": "mk",
                      "Startup Cost": 0.0,
                      "Total Cost": 42695.65,
                      "Plan Rows": 857046,
                      "Plan Width": 4,
                      "Actual Startup Time": 0.034,
                      "Actual Total Time": 101.364,
                      "Actual Rows": 667072,
                      "Actual Loops": 4,
                      "Filter": "(keyword_id < 7455)",
                      "Rows Removed by Filter": 463911
                    },
                    {
                      "Node Type": "Hash",
                      "Parent Relationship": "Inner",
                      "Parallel Aware": true,
                      "Startup Cost": 76411.78,
                      "Total Cost": 76411.78,
                      "Plan Rows": 161518,
                      "Plan Width": 8,
                      "Actual Startup Time": 308.194,
                      "Actual Total Time": 308.305,
                      "Actual Rows": 75697,
                      "Actual Loops": 4,
                      "Hash Buckets": 524288,
                      "Original Hash Buckets": 524288,
                      "Hash Batches": 1,
                      "Original Hash Batches": 1,
                      "Peak Memory Usage": 16032,
                      "Plans": [
                        {
                          "Node Type": "Hash Join",
                          "Parent Relationship": "Outer",
                          "Parallel Aware": true,
                          "Join Type": "Inner",
                          "Startup Cost": 46995.89,
                          "Total Cost": 76411.78,
                          "Plan Rows": 161518,
                          "Plan Width": 8,
                          "Actual Startup Time": 125.068,
                          "Actual Total Time": 284.895,
                          "Actual Rows": 75697,
                          "Actual Loops": 4,
                          "Inner Unique": true,
                          "Hash Cond": "(mc.movie_id = t.id)",
                          "Plans": [
                            {
                              "Node Type": "Seq Scan",
                              "Parent Relationship": "Outer",
                              "Parallel Aware": true,
                              "Relation Name": "movie_companies",
                              "Alias": "mc",
                              "Startup Cost": 0.0,
                              "Total Cost": 27206.55,
                              "Plan Rows": 841655,
                              "Plan Width": 4,
                              "Actual Startup Time": 0.009,
                              "Actual Total Time": 56.058,
                              "Actual Rows": 652282,
                              "Actual Loops": 4
                            },
                            {
                              "Node Type": "Hash",
                              "Parent Relationship": "Inner",
                              "Parallel Aware": true,
                              "Startup Cost": 45479.59,
                              "Total Cost": 45479.59,
                              "Plan Rows": 121304,
                              "Plan Width": 4,
                              "Actual Startup Time": 123.98,
                              "Actual Total Time": 123.981,
                              "Actual Rows": 94836,
                              "Actual Loops": 4,
                              "Hash Buckets": 524288,
                              "Original Hash Buckets": 524288,
                              "Hash Batches": 1,
                              "Original Hash Batches": 1,
                              "Peak Memory Usage": 18976,
                              "Plans": [
                                {
                                  "Node Type": "Seq Scan",
                                  "Parent Relationship": "Outer",
                                  "Parallel Aware": true,
                                  "Relation Name": "title",
                                  "Alias": "t",
                                  "Startup Cost": 0.0,
                                  "Total Cost": 45479.59,
                                  "Plan Rows": 121304,
                                  "Plan Width": 4,
                                  "Actual Startup Time": 0.036,
                                  "Actual Total Time": 92.649,
                                  "Actual Rows": 94836,
                                  "Actual Loops": 4,
                                  "Filter": "((production_year < 1995) AND (kind_id = 7))",
                                  "Rows Removed by Filter": 537242
                                }
                              ]
                            }
                          ]
                        }
                      ]
                    }
                  ]
                }
              ]
            }
          ]
        }
      ]
    },
    "Planning Time": 0.458,
    "Triggers": [],
    "Execution Time": 506.355
  }
]