[
  {
    "Plan": {
      "Node Type": "Aggregate",
      "Strategy": "Plain",
      "Partial Mode": "Finalize",
      "Parallel Aware": false,
      "Startup Cost": 28731.67,
      "Total Cost": 28731.68,
      "Plan Rows": 1,
      "Plan Width": 8,
      "Actual Startup Time": 96.101,
      "Actual Total Time": 102.34,
      "Actual Rows": 1,
      "Actual Loops": 1,
      "Plans": [
        {
          "Node Type": "Gather",
          "Parent Relationship": "Outer",
          "Parallel Aware": false,
          "Startup Cost": 28731.35,
          "Total Cost": 28731.66,
          "Plan Rows": 3,
          "Plan Width": 8,
          "Actual Startup Time": 95.847,
          "Actual Total Time": 102.331,
          "Actual Rows": 4,
          "Actual Loops": 1,
          "Workers Planned": 3,
          "Workers Launched": 3,
          "Single Copy": false,
          "Plans": [
            {
              "Node Type": "Aggregate",
              "Strategy": "Plain",
              "Partial Mode": "Partial",
              "Parent Relationship": "Outer",
              "Parallel Aware": false,
              "Startup Cost": 27731.35,
              "Total Cost": 27731.36,
              "Plan Rows": 1,
              "Plan Width": 8,
              "Actual Startup Time": 89.357,
              "Actual Total Time": 89.358,
              "Actual Rows": 1,
              "Actual Loops": 4,
              "Plans": [
                {
                  "Node Type": "Bitmap Heap Scan",
                  "Parent Relationship": "Outer",
                  "Parallel Aware": true,
                  "Relation Name": "movie_companies",
                  "Alias": "mc",
                  "Startup Cost": 7193.41,
                  "Total Cost": 27598.82,
                  "Plan Rows": 53014,
                  "Plan Width": 0,
                  "Actual Startup Time": 33.315,
                  "Actual Total Time": 84.631,
                  "Actual Rows": 64975,
                  "Actual Loops": 4,
                  "Recheck Cond": "(company_id < 161)",
                  "Rows Removed by Index Recheck": 0,
                  "Filter": "(company_type_id < 2)",
                  "Rows Removed by Filter": 17278,
                  "Exact Heap Blocks": 9524,
                  "Lossy Heap Blocks": 0,
                  "Plans": [
                    {
                      "Node Type": "Bitmap Index Scan",
                      "Parent Relationship": "Outer",
                      "Parallel Aware": false,
                      "Index Name": "company_id_movie_companies",
                      "Startup Cost": 0.0,
                      "Total Cost": 7152.32,
                      "Plan Rows": 333852,
                      "Plan Width": 0,
                      "Actual Startup Time": 35.638,
                      "Actual Total Time": 35.639,
                      "Actual Rows": 329013,
                      "Actual Loops": 1,
                      "Index Cond": "(company_id < 161)"
                    }
                  ]
                }
              ]
            }
          ]
        }
      ]
    },
    "Planning Time": 0.193,
    "Triggers": [],
    "Execution Time": 102.407
  }
]