[
    {
        "Bao": {
            "Bao prediction": "NaN",
            "Bao recommended hint": "(no hint)"
        }
    },
    {
        "Plan": {
            "Node Type": "Aggregate",
            "Strategy": "Plain",
            "Partial Mode": "Finalize",
            "Parallel Aware": false,
            "Startup Cost": 466946.33,
            "Total Cost": 466946.34,
            "Plan Rows": 1,
            "Plan Width": 8,
            "Actual Startup Time": 2889.284,
            "Actual Total Time": 2922.088,
            "Actual Rows": 1,
            "Actual Loops": 1,
            "Output": [
                "count(*)"
            ],
            "Plans": [
                {
                    "Node Type": "Gather",
                    "Parent Relationship": "Outer",
                    "Parallel Aware": false,
                    "Startup Cost": 466945.81,
                    "Total Cost": 466946.32,
                    "Plan Rows": 5,
                    "Plan Width": 8,
                    "Actual Startup Time": 2869.059,
                    "Actual Total Time": 2922.078,
                    "Actual Rows": 6,
                    "Actual Loops": 1,
                    "Output": [
                        "(PARTIAL count(*))"
                    ],
                    "Workers Planned": 5,
                    "Workers Launched": 5,
                    "Single Copy": false,
                    "Plans": [
                        {
                            "Node Type": "Aggregate",
                            "Strategy": "Plain",
                            "Partial Mode": "Partial",
                            "Parent Relationship": "Outer",
                            "Parallel Aware": false,
                            "Startup Cost": 465945.81,
                            "Total Cost": 465945.82,
                            "Plan Rows": 1,
                            "Plan Width": 8,
                            "Actual Startup Time": 2853.784,
                            "Actual Total Time": 2854.345,
                            "Actual Rows": 1,
                            "Actual Loops": 6,
                            "Output": [
                                "PARTIAL count(*)"
                            ],
                            "Workers": [
                                {
                                    "Worker Number": 0,
                                    "Actual Startup Time": 2850.34,
                                    "Actual Total Time": 2850.346,
                                    "Actual Rows": 1,
                                    "Actual Loops": 1
                                },
                                {
                                    "Worker Number": 1,
                                    "Actual Startup Time": 2850.334,
                                    "Actual Total Time": 2850.338,
                                    "Actual Rows": 1,
                                    "Actual Loops": 1
                                },
                                {
                                    "Worker Number": 2,
                                    "Actual Startup Time": 2850.668,
                                    "Actual Total Time": 2850.674,
                                    "Actual Rows": 1,
                                    "Actual Loops": 1
                                },
                                {
                                    "Worker Number": 3,
                                    "Actual Startup Time": 2850.662,
                                    "Actual Total Time": 2850.676,
                                    "Actual Rows": 1,
                                    "Actual Loops": 1
                                },
                                {
                                    "Worker Number": 4,
                                    "Actual Startup Time": 2852.609,
                                    "Actual Total Time": 2852.615,
                                    "Actual Rows": 1,
                                    "Actual Loops": 1
                                }
                            ],
                            "Plans": [
                                {
                                    "Node Type": "Hash Join",
                                    "Parent Relationship": "Outer",
                                    "Parallel Aware": true,
                                    "Join Type": "Inner",
                                    "Startup Cost": 253990.02,
                                    "Total Cost": 460314.04,
                                    "Plan Rows": 2252708,
                                    "Plan Width": 0,
                                    "Actual Startup Time": 828.136,
                                    "Actual Total Time": 2560.807,
                                    "Actual Rows": 7088007,
                                    "Actual Loops": 6,
                                    "Inner Unique": false,
                                    "Hash Cond": "(mi.movie_id = t.id)",
                                    "Workers": [
                                        {
                                            "Worker Number": 0,
                                            "Actual Startup Time": 824.925,
                                            "Actual Total Time": 2558.349,
                                            "Actual Rows": 7528678,
                                            "Actual Loops": 1
                                        },
                                        {
                                            "Worker Number": 1,
                                            "Actual Startup Time": 825.049,
                                            "Actual Total Time": 2562.215,
                                            "Actual Rows": 7437642,
                                            "Actual Loops": 1
                                        },
                                        {
                                            "Worker Number": 2,
                                            "Actual Startup Time": 825.371,
                                            "Actual Total Time": 2571.373,
                                            "Actual Rows": 6995981,
                                            "Actual Loops": 1
                                        },
                                        {
                                            "Worker Number": 3,
                                            "Actual Startup Time": 825.285,
                                            "Actual Total Time": 2558.004,
                                            "Actual Rows": 7550521,
                                            "Actual Loops": 1
                                        },
                                        {
                                            "Worker Number": 4,
                                            "Actual Startup Time": 825.509,
                                            "Actual Total Time": 2575.891,
                                            "Actual Rows": 7011604,
                                            "Actual Loops": 1
                                        }
                                    ],
                                    "Plans": [
                                        {
                                            "Node Type": "Seq Scan",
                                            "Parent Relationship": "Outer",
                                            "Parallel Aware": true,
                                            "Relation Name": "movie_info",
                                            "Schema": "public",
                                            "Alias": "mi",
                                            "Startup Cost": 0.0,
                                            "Total Cost": 191503.19,
                                            "Plan Rows": 2951019,
                                            "Plan Width": 4,
                                            "Actual Startup Time": 0.027,
                                            "Actual Total Time": 269.978,
                                            "Actual Rows": 2472620,
                                            "Actual Loops": 6,
                                            "Output": [
                                                "mi.id",
                                                "mi.movie_id",
                                                "mi.info_type_id",
                                                "mi.info",
                                                "mi.note"
                                            ],
                                            "Workers": [
                                                {
                                                    "Worker Number": 0,
                                                    "Actual Startup Time": 0.029,
                                                    "Actual Total Time": 284.273,
                                                    "Actual Rows": 2613394,
                                                    "Actual Loops": 1
                                                },
                                                {
                                                    "Worker Number": 1,
                                                    "Actual Startup Time": 0.034,
                                                    "Actual Total Time": 282.867,
                                                    "Actual Rows": 2574820,
                                                    "Actual Loops": 1
                                                },
                                                {
                                                    "Worker Number": 2,
                                                    "Actual Startup Time": 0.03,
                                                    "Actual Total Time": 272.18,
                                                    "Actual Rows": 2389845,
                                                    "Actual Loops": 1
                                                },
                                                {
                                                    "Worker Number": 3,
                                                    "Actual Startup Time": 0.025,
                                                    "Actual Total Time": 286.037,
                                                    "Actual Rows": 2625905,
                                                    "Actual Loops": 1
                                                },
                                                {
                                                    "Worker Number": 4,
                                                    "Actual Startup Time": 0.029,
                                                    "Actual Total Time": 271.074,
                                                    "Actual Rows": 2375768,
                                                    "Actual Loops": 1
                                                }
                                            ]
                                        },
                                        {
                                            "Node Type": "Hash",
                                            "Parent Relationship": "Inner",
                                            "Parallel Aware": true,
                                            "Startup Cost": 249969.12,
                                            "Total Cost": 249969.12,
                                            "Plan Rows": 321672,
                                            "Plan Width": 8,
                                            "Actual Startup Time": 820.035,
                                            "Actual Total Time": 820.594,
                                            "Actual Rows": 333320,
                                            "Actual Loops": 6,
                                            "Output": [
                                                "t.id",
                                                "ci.movie_id"
                                            ],
                                            "Hash Buckets": 2097152,
                                            "Original Hash Buckets": 2097152,
                                            "Hash Batches": 1,
                                            "Original Hash Batches": 1,
                                            "Peak Memory Usage": 94752,
                                            "Workers": [
                                                {
                                                    "Worker Number": 0,
                                                    "Actual Startup Time": 821.9,
                                                    "Actual Total Time": 821.904,
                                                    "Actual Rows": 355191,
                                                    "Actual Loops": 1
                                                },
                                                {
                                                    "Worker Number": 1,
                                                    "Actual Startup Time": 821.882,
                                                    "Actual Total Time": 821.886,
                                                    "Actual Rows": 351344,
                                                    "Actual Loops": 1
                                                },
                                                {
                                                    "Worker Number": 2,
                                                    "Actual Startup Time": 822.321,
                                                    "Actual Total Time": 822.325,
                                                    "Actual Rows": 329960,
                                                    "Actual Loops": 1
                                                },
                                                {
                                                    "Worker Number": 3,
                                                    "Actual Startup Time": 822.371,
                                                    "Actual Total Time": 822.384,
                                                    "Actual Rows": 362421,
                                                    "Actual Loops": 1
                                                },
                                                {
                                                    "Worker Number": 4,
                                                    "Actual Startup Time": 822.272,
                                                    "Actual Total Time": 822.276,
                                                    "Actual Rows": 328532,
                                                    "Actual Loops": 1
                                                }
                                            ],
                                            "Plans": [
                                                {
                                                    "Node Type": "Hash Join",
                                                    "Parent Relationship": "Outer",
                                                    "Parallel Aware": true,
                                                    "Join Type": "Inner",
                                                    "Startup Cost": 47010.46,
                                                    "Total Cost": 249969.12,
                                                    "Plan Rows": 321672,
                                                    "Plan Width": 8,
                                                    "Actual Startup Time": 151.776,
                                                    "Actual Total Time": 683.562,
                                                    "Actual Rows": 333320,
                                                    "Actual Loops": 6,
                                                    "Output": [
                                                        "t.id",
                                                        "ci.movie_id"
                                                    ],
                                                    "Inner Unique": true,
                                                    "Hash Cond": "(ci.movie_id = t.id)",
                                                    "Workers": [
                                                        {
                                                            "Worker Number": 0,
                                                            "Actual Startup Time": 151.774,
                                                            "Actual Total Time": 683.481,
                                                            "Actual Rows": 355191,
                                                            "Actual Loops": 1
                                                        },
                                                        {
                                                            "Worker Number": 1,
                                                            "Actual Startup Time": 151.745,
                                                            "Actual Total Time": 685.303,
                                                            "Actual Rows": 351344,
                                                            "Actual Loops": 1
                                                        },
                                                        {
                                                            "Worker Number": 2,
                                                            "Actual Startup Time": 151.719,
                                                            "Actual Total Time": 680.603,
                                                            "Actual Rows": 329960,
                                                            "Actual Loops": 1
                                                        },
                                                        {
                                                            "Worker Number": 3,
                                                            "Actual Startup Time": 151.741,
                                                            "Actual Total Time": 683.214,
                                                            "Actual Rows": 362421,
                                                            "Actual Loops": 1
                                                        },
                                                        {
                                                            "Worker Number": 4,
                                                            "Actual Startup Time": 151.57,
                                                            "Actual Total Time": 681.156,
                                                            "Actual Rows": 328532,
                                                            "Actual Loops": 1
                                                        }
                                                    ],
                                                    "Plans": [
                                                        {
                                                            "Node Type": "Index Scan",
                                                            "Parent Relationship": "Outer",
                                                            "Parallel Aware": true,
                                                            "Scan Direction": "Forward",
                                                            "Index Name": "role_id_cast_info",
                                                            "Relation Name": "cast_info",
                                                            "Schema": "public",
                                                            "Alias": "ci",
                                                            "Startup Cost": 0.56,
                                                            "Total Cost": 200814.65,
                                                            "Plan Rows": 816980,
                                                            "Plan Width": 4,
                                                            "Actual Startup Time": 0.082,
                                                            "Actual Total Time": 237.305,
                                                            "Actual Rows": 875963,
                                                            "Actual Loops": 6,
                                                            "Output": [
                                                                "ci.id",
                                                                "ci.person_id",
                                                                "ci.movie_id",
                                                                "ci.person_role_id",
                                                                "ci.note",
                                                                "ci.nr_order",
                                                                "ci.role_id"
                                                            ],
                                                            "Index Cond": "(ci.role_id = 2)",
                                                            "Rows Removed by Index Recheck": 0,
                                                            "Filter": "(ci.person_id < 2415129)",
                                                            "Rows Removed by Filter": 366033,
                                                            "Workers": [
                                                                {
                                                                    "Worker Number": 0,
                                                                    "Actual Startup Time": 0.06,
                                                                    "Actual Total Time": 240.228,
                                                                    "Actual Rows": 938839,
                                                                    "Actual Loops": 1
                                                                },
                                                                {
                                                                    "Worker Number": 1,
                                                                    "Actual Startup Time": 0.105,
                                                                    "Actual Total Time": 239.454,
                                                                    "Actual Rows": 934321,
                                                                    "Actual Loops": 1
                                                                },
                                                                {
                                                                    "Worker Number": 2,
                                                                    "Actual Startup Time": 0.098,
                                                                    "Actual Total Time": 230.028,
                                                                    "Actual Rows": 865854,
                                                                    "Actual Loops": 1
                                                                },
                                                                {
                                                                    "Worker Number": 3,
                                                                    "Actual Startup Time": 0.053,
                                                                    "Actual Total Time": 241.491,
                                                                    "Actual Rows": 948983,
                                                                    "Actual Loops": 1
                                                                },
                                                                {
                                                                    "Worker Number": 4,
                                                                    "Actual Startup Time": 0.099,
                                                                    "Actual Total Time": 228.965,
                                                                    "Actual Rows": 857730,
                                                                    "Actual Loops": 1
                                                                }
                                                            ]
                                                        },
                                                        {
                                                            "Node Type": "Hash",
                                                            "Parent Relationship": "Inner",
                                                            "Parallel Aware": true,
                                                            "Startup Cost": 43899.01,
                                                            "Total Cost": 43899.01,
                                                            "Plan Rows": 248871,
                                                            "Plan Width": 4,
                                                            "Actual Startup Time": 150.156,
                                                            "Actual Total Time": 150.157,
                                                            "Actual Rows": 164175,
                                                            "Actual Loops": 6,
                                                            "Output": [
                                                                "t.id"
                                                            ],
                                                            "Hash Buckets": 1048576,
                                                            "Original Hash Buckets": 1048576,
                                                            "Hash Batches": 1,
                                                            "Original Hash Batches": 1,
                                                            "Peak Memory Usage": 46784,
                                                            "Workers": [
                                                                {
                                                                    "Worker Number": 0,
                                                                    "Actual Startup Time": 151.407,
                                                                    "Actual Total Time": 151.408,
                                                                    "Actual Rows": 169981,
                                                                    "Actual Loops": 1
                                                                },
                                                                {
                                                                    "Worker Number": 1,
                                                                    "Actual Startup Time": 151.382,
                                                                    "Actual Total Time": 151.383,
                                                                    "Actual Rows": 172517,
                                                                    "Actual Loops": 1
                                                                },
                                                                {
                                                                    "Worker Number": 2,
                                                                    "Actual Startup Time": 151.433,
                                                                    "Actual Total Time": 151.434,
                                                                    "Actual Rows": 156740,
                                                                    "Actual Loops": 1
                                                                },
                                                                {
                                                                    "Worker Number": 3,
                                                                    "Actual Startup Time": 151.393,
                                                                    "Actual Total Time": 151.394,
                                                                    "Actual Rows": 173394,
                                                                    "Actual Loops": 1
                                                                },
                                                                {
                                                                    "Worker Number": 4,
                                                                    "Actual Startup Time": 151.405,
                                                                    "Actual Total Time": 151.407,
                                                                    "Actual Rows": 156370,
                                                                    "Actual Loops": 1
                                                                }
                                                            ],
                                                            "Plans": [
                                                                {
                                                                    "Node Type": "Seq Scan",
                                                                    "Parent Relationship": "Outer",
                                                                    "Parallel Aware": true,
                                                                    "Relation Name": "title",
                                                                    "Schema": "public",
                                                                    "Alias": "t",
                                                                    "Startup Cost": 0.0,
                                                                    "Total Cost": 43899.01,
                                                                    "Plan Rows": 248871,
                                                                    "Plan Width": 4,
                                                                    "Actual Startup Time": 0.06,
                                                                    "Actual Total Time": 82.487,
                                                                    "Actual Rows": 164175,
                                                                    "Actual Loops": 6,
                                                                    "Output": [
                                                                        "t.id"
                                                                    ],
                                                                    "Filter": "(t.kind_id < 7)",
                                                                    "Rows Removed by Filter": 257211,
                                                                    "Workers": [
                                                                        {
                                                                            "Worker Number": 0,
                                                                            "Actual Startup Time": 0.071,
                                                                            "Actual Total Time": 82.87,
                                                                            "Actual Rows": 169981,
                                                                            "Actual Loops": 1
                                                                        },
                                                                        {
                                                                            "Worker Number": 1,
                                                                            "Actual Startup Time": 0.068,
                                                                            "Actual Total Time": 83.567,
                                                                            "Actual Rows": 172517,
                                                                            "Actual Loops": 1
                                                                        },
                                                                        {
                                                                            "Worker Number": 2,
                                                                            "Actual Startup Time": 0.07,
                                                                            "Actual Total Time": 82.098,
                                                                            "Actual Rows": 156740,
                                                                            "Actual Loops": 1
                                                                        },
                                                                        {
                                                                            "Worker Number": 3,
                                                                            "Actual Startup Time": 0.069,
                                                                            "Actual Total Time": 84.565,
                                                                            "Actual Rows": 173394,
                                                                            "Actual Loops": 1
                                                                        },
                                                                        {
                                                                            "Worker Number": 4,
                                                                            "Actual Startup Time": 0.067,
                                                                            "Actual Total Time": 81.525,
                                                                            "Actual Rows": 156370,
                                                                            "Actual Loops": 1
                                                                        }
                                                                    ]
                                                                }
                                                            ]
                                                        }
                                                    ]
                                                }
                                            ]
                                        }
                                    ]
                                }
                            ]
                        }
                    ]
                }
            ]
        },
        "Planning Time": 268.407,
        "Triggers": [],
        "Execution Time": 2922.212
    }
]