[
    {
        "Bao": {
            "Bao prediction": "NaN",
            "Bao recommended hint": "(no hint)"
        }
    },
    {
        "Plan": {
            "Node Type": "Aggregate",
            "Strategy": "Plain",
            "Partial Mode": "Finalize",
            "Parallel Aware": false,
            "Startup Cost": 32990.25,
            "Total Cost": 32990.26,
            "Plan Rows": 1,
            "Plan Width": 8,
            "Actual Startup Time": 90.971,
            "Actual Total Time": 94.418,
            "Actual Rows": 1,
            "Actual Loops": 1,
            "Output": [
                "count(*)"
            ],
            "Plans": [
                {
                    "Node Type": "Gather",
                    "Parent Relationship": "Outer",
                    "Parallel Aware": false,
                    "Startup Cost": 32989.93,
                    "Total Cost": 32990.24,
                    "Plan Rows": 3,
                    "Plan Width": 8,
                    "Actual Startup Time": 90.864,
                    "Actual Total Time": 94.411,
                    "Actual Rows": 4,
                    "Actual Loops": 1,
                    "Output": [
                        "(PARTIAL count(*))"
                    ],
                    "Workers Planned": 3,
                    "Workers Launched": 3,
                    "Single Copy": false,
                    "Plans": [
                        {
                            "Node Type": "Aggregate",
                            "Strategy": "Plain",
                            "Partial Mode": "Partial",
                            "Parent Relationship": "Outer",
                            "Parallel Aware": false,
                            "Startup Cost": 31989.93,
                            "Total Cost": 31989.94,
                            "Plan Rows": 1,
                            "Plan Width": 8,
                            "Actual Startup Time": 83.121,
                            "Actual Total Time": 83.122,
                            "Actual Rows": 1,
                            "Actual Loops": 4,
                            "Output": [
                                "PARTIAL count(*)"
                            ],
                            "Workers": [
                                {
                                    "Worker Number": 0,
                                    "Actual Startup Time": 80.428,
                                    "Actual Total Time": 80.428,
                                    "Actual Rows": 1,
                                    "Actual Loops": 1
                                },
                                {
                                    "Worker Number": 1,
                                    "Actual Startup Time": 80.608,
                                    "Actual Total Time": 80.61,
                                    "Actual Rows": 1,
                                    "Actual Loops": 1
                                },
                                {
                                    "Worker Number": 2,
                                    "Actual Startup Time": 80.862,
                                    "Actual Total Time": 80.864,
                                    "Actual Rows": 1,
                                    "Actual Loops": 1
                                }
                            ],
                            "Plans": [
                                {
                                    "Node Type": "Seq Scan",
                                    "Parent Relationship": "Outer",
                                    "Parallel Aware": true,
                                    "Relation Name": "movie_companies",
                                    "Schema": "public",
                                    "Alias": "mc",
                                    "Startup Cost": 0.0,
                                    "Total Cost": 31414.82,
                                    "Plan Rows": 230045,
                                    "Plan Width": 0,
                                    "Actual Startup Time": 41.698,
                                    "Actual Total Time": 73.568,
                                    "Actual Rows": 234209,
                                    "Actual Loops": 4,
                                    "Output": [
                                        "id",
                                        "movie_id",
                                        "company_id",
                                        "company_type_id",
                                        "note"
                                    ],
                                    "Filter": "((mc.company_id > 10922) AND (mc.company_type_id > 1))",
                                    "Rows Removed by Filter": 418074,
                                    "Workers": [
                                        {
                                            "Worker Number": 0,
                                            "Actual Startup Time": 38.998,
                                            "Actual Total Time": 71.118,
                                            "Actual Rows": 226824,
                                            "Actual Loops": 1
                                        },
                                        {
                                            "Worker Number": 1,
                                            "Actual Startup Time": 39.191,
                                            "Actual Total Time": 71.33,
                                            "Actual Rows": 227241,
                                            "Actual Loops": 1
                                        },
                                        {
                                            "Worker Number": 2,
                                            "Actual Startup Time": 39.438,
                                            "Actual Total Time": 71.529,
                                            "Actual Rows": 227861,
                                            "Actual Loops": 1
                                        }
                                    ]
                                }
                            ]
                        }
                    ]
                }
            ]
        },
        "Planning Time": 186.125,
        "Triggers": [],
        "Execution Time": 94.461
    }
]