[
  {
    "Plan": {
      "Node Type": "Aggregate",
      "Strategy": "Plain",
      "Partial Mode": "Finalize",
      "Parallel Aware": false,
      "Startup Cost": 45540.67,
      "Total Cost": 45540.68,
      "Plan Rows": 1,
      "Plan Width": 8,
      "Actual Startup Time": 176.669,
      "Actual Total Time": 184.93,
      "Actual Rows": 1,
      "Actual Loops": 1,
      "Plans": [
        {
          "Node Type": "Gather",
          "Parent Relationship": "Outer",
          "Parallel Aware": false,
          "Startup Cost": 45540.35,
          "Total Cost": 45540.66,
          "Plan Rows": 3,
          "Plan Width": 8,
          "Actual Startup Time": 176.505,
          "Actual Total Time": 184.92,
          "Actual Rows": 4,
          "Actual Loops": 1,
          "Workers Planned": 3,
          "Workers Launched": 3,
          "Single Copy": false,
          "Plans": [
            {
              "Node Type": "Aggregate",
              "Strategy": "Plain",
              "Partial Mode": "Partial",
              "Parent Relationship": "Outer",
              "Parallel Aware": false,
              "Startup Cost": 44540.35,
              "Total Cost": 44540.36,
              "Plan Rows": 1,
              "Plan Width": 8,
              "Actual Startup Time": 171.477,
              "Actual Total Time": 171.478,
              "Actual Rows": 1,
              "Actual Loops": 4,
              "Plans": [
                {
                  "Node Type": "Seq Scan",
                  "Parent Relationship": "Outer",
                  "Parallel Aware": true,
                  "Relation Name": "movie_keyword",
                  "Alias": "mk",
                  "Startup Cost": 0.0,
                  "Total Cost": 42695.65,
                  "Plan Rows": 737879,
                  "Plan Width": 0,
                  "Actual Startup Time": 0.312,
                  "Actual Total Time": 137.943,
                  "Actual Rows": 566001,
                  "Actual Loops": 4,
                  "Filter": "(keyword_id > 4683)",
                  "Rows Removed by Filter": 564982
                }
              ]
            }
          ]
        }
      ]
    },
    "Planning Time": 0.103,
    "Triggers": [],
    "Execution Time": 184.965
  }
]