[
  {
    "Plan": {
      "Node Type": "Aggregate",
      "Strategy": "Plain",
      "Partial Mode": "Finalize",
      "Parallel Aware": false,
      "Startup Cost": 45529.1,
      "Total Cost": 45529.11,
      "Plan Rows": 1,
      "Plan Width": 8,
      "Actual Startup Time": 169.942,
      "Actual Total Time": 179.579,
      "Actual Rows": 1,
      "Actual Loops": 1,
      "Plans": [
        {
          "Node Type": "Gather",
          "Parent Relationship": "Outer",
          "Parallel Aware": false,
          "Startup Cost": 45528.78,
          "Total Cost": 45529.09,
          "Plan Rows": 3,
          "Plan Width": 8,
          "Actual Startup Time": 169.784,
          "Actual Total Time": 179.568,
          "Actual Rows": 4,
          "Actual Loops": 1,
          "Workers Planned": 3,
          "Workers Launched": 3,
          "Single Copy": false,
          "Plans": [
            {
              "Node Type": "Aggregate",
              "Strategy": "Plain",
              "Partial Mode": "Partial",
              "Parent Relationship": "Outer",
              "Parallel Aware": false,
              "Startup Cost": 44528.78,
              "Total Cost": 44528.79,
              "Plan Rows": 1,
              "Plan Width": 8,
              "Actual Startup Time": 163.151,
              "Actual Total Time": 163.152,
              "Actual Rows": 1,
              "Actual Loops": 4,
              "Plans": [
                {
                  "Node Type": "Seq Scan",
                  "Parent Relationship": "Outer",
                  "Parallel Aware": true,
                  "Relation Name": "movie_keyword",
                  "Alias": "mk",
                  "Startup Cost": 0.0,
                  "Total Cost": 42695.65,
                  "Plan Rows": 733251,
                  "Plan Width": 0,
                  "Actual Startup Time": 0.717,
                  "Actual Total Time": 131.948,
                  "Actual Rows": 566001,
                  "Actual Loops": 4,
                  "Filter": "(keyword_id > 4683)",
                  "Rows Removed by Filter": 564982
                }
              ]
            }
          ]
        }
      ]
    },
    "Planning Time": 0.186,
    "Triggers": [],
    "Execution Time": 179.636
  }
]