[
  {
    "Plan": {
      "Node Type": "Aggregate",
      "Strategy": "Plain",
      "Partial Mode": "Finalize",
      "Parallel Aware": false,
      "Startup Cost": 32982.0,
      "Total Cost": 32982.01,
      "Plan Rows": 1,
      "Plan Width": 8,
      "Actual Startup Time": 95.773,
      "Actual Total Time": 100.957,
      "Actual Rows": 1,
      "Actual Loops": 1,
      "Plans": [
        {
          "Node Type": "Gather",
          "Parent Relationship": "Outer",
          "Parallel Aware": false,
          "Startup Cost": 32981.68,
          "Total Cost": 32981.99,
          "Plan Rows": 3,
          "Plan Width": 8,
          "Actual Startup Time": 95.48,
          "Actual Total Time": 100.95,
          "Actual Rows": 4,
          "Actual Loops": 1,
          "Workers Planned": 3,
          "Workers Launched": 3,
          "Single Copy": false,
          "Plans": [
            {
              "Node Type": "Aggregate",
              "Strategy": "Plain",
              "Partial Mode": "Partial",
              "Parent Relationship": "Outer",
              "Parallel Aware": false,
              "Startup Cost": 31981.68,
              "Total Cost": 31981.69,
              "Plan Rows": 1,
              "Plan Width": 8,
              "Actual Startup Time": 88.969,
              "Actual Total Time": 88.97,
              "Actual Rows": 1,
              "Actual Loops": 4,
              "Plans": [
                {
                  "Node Type": "Seq Scan",
                  "Parent Relationship": "Outer",
                  "Parallel Aware": true,
                  "Relation Name": "movie_companies",
                  "Alias": "mc",
                  "Startup Cost": 0.0,
                  "Total Cost": 31414.82,
                  "Plan Rows": 226745,
                  "Plan Width": 0,
                  "Actual Startup Time": 0.035,
                  "Actual Total Time": 75.144,
                  "Actual Rows": 242513,
                  "Actual Loops": 4,
                  "Filter": "((company_id < 12591) AND (company_type_id < 2))",
                  "Rows Removed by Filter": 409769
                }
              ]
            }
          ]
        }
      ]
    },
    "Planning Time": 0.142,
    "Triggers": [],
    "Execution Time": 100.996
  }
]