[
  {
    "Plan": {
      "Node Type": "Aggregate",
      "Strategy": "Plain",
      "Partial Mode": "Finalize",
      "Parallel Aware": false,
      "Startup Cost": 745032.62,
      "Total Cost": 745032.63,
      "Plan Rows": 1,
      "Plan Width": 8,
      "Actual Startup Time": 11711.058,
      "Actual Total Time": 11809.77,
      "Actual Rows": 1,
      "Actual Loops": 1,
      "Plans": [
        {
          "Node Type": "Gather",
          "Parent Relationship": "Outer",
          "Parallel Aware": false,
          "Startup Cost": 745032.0,
          "Total Cost": 745032.61,
          "Plan Rows": 6,
          "Plan Width": 8,
          "Actual Startup Time": 11604.294,
          "Actual Total Time": 11809.755,
          "Actual Rows": 7,
          "Actual Loops": 1,
          "Workers Planned": 6,
          "Workers Launched": 6,
          "Single Copy": false,
          "Plans": [
            {
              "Node Type": "Aggregate",
              "Strategy": "Plain",
              "Partial Mode": "Partial",
              "Parent Relationship": "Outer",
              "Parallel Aware": false,
              "Startup Cost": 744032.0,
              "Total Cost": 744032.01,
              "Plan Rows": 1,
              "Plan Width": 8,
              "Actual Startup Time": 11565.501,
              "Actual Total Time": 11567.548,
              "Actual Rows": 1,
              "Actual Loops": 7,
              "Plans": [
                {
                  "Node Type": "Hash Join",
                  "Parent Relationship": "Outer",
                  "Parallel Aware": true,
                  "Join Type": "Inner",
                  "Startup Cost": 284821.94,
                  "Total Cost": 692807.86,
                  "Plan Rows": 20489655,
                  "Plan Width": 0,
                  "Actual Startup Time": 2504.583,
                  "Actual Total Time": 9889.856,
                  "Actual Rows": 41098037,
                  "Actual Loops": 7,
                  "Inner Unique": false,
                  "Hash Cond": "(ci.movie_id = t.id)",
                  "Plans": [
                    {
                      "Node Type": "Seq Scan",
                      "Parent Relationship": "Outer",
                      "Parallel Aware": true,
                      "Relation Name": "cast_info",
                      "Alias": "ci",
                      "Startup Cost": 0.0,
                      "Total Cost": 343316.27,
                      "Plan Rows": 3790453,
                      "Plan Width": 4,
                      "Actual Startup Time": 215.093,
                      "Actual Total Time": 734.079,
                      "Actual Rows": 3316415,
                      "Actual Loops": 7,
                      "Filter": "((person_id > 129204) AND (role_id > 1))",
                      "Rows Removed by Filter": 1861348
                    },
                    {
                      "Node Type": "Hash",
                      "Parent Relationship": "Inner",
                      "Parallel Aware": true,
                      "Startup Cost": 250652.85,
                      "Total Cost": 250652.85,
                      "Plan Rows": 2733527,
                      "Plan Width": 8,
                      "Actual Startup Time": 2273.712,
                      "Actual Total Time": 2275.757,
                      "Actual Rows": 1894358,
                      "Actual Loops": 7,
                      "Hash Buckets": 16777216,
                      "Original Hash Buckets": 16777216,
                      "Hash Batches": 1,
                      "Original Hash Batches": 1,
                      "Peak Memory Usage": 649920,
                      "Plans": [
                        {
                          "Node Type": "Hash Join",
                          "Parent Relationship": "Outer",
                          "Parallel Aware": true,
                          "Join Type": "Inner",
                          "Startup Cost": 51173.45,
                          "Total Cost": 250652.85,
                          "Plan Rows": 2733527,
                          "Plan Width": 8,
                          "Actual Startup Time": 278.668,
                          "Actual Total Time": 1369.979,
                          "Actual Rows": 1894358,
                          "Actual Loops": 7,
                          "Inner Unique": true,
                          "Hash Cond": "(mi.movie_id = t.id)",
                          "Plans": [
                            {
                              "Node Type": "Seq Scan",
                              "Parent Relationship": "Outer",
                              "Parallel Aware": true,
                              "Relation Name": "movie_info",
                              "Alias": "mi",
                              "Startup Cost": 0.0,
                              "Total Cost": 191685.19,
                              "Plan Rows": 2969219,
                              "Plan Width": 4,
                              "Actual Startup Time": 0.031,
                              "Actual Total Time": 303.542,
                              "Actual Rows": 2119389,
                              "Actual Loops": 7
                            },
                            {
                              "Node Type": "Hash",
                              "Parent Relationship": "Inner",
                              "Parallel Aware": true,
                              "Startup Cost": 43899.32,
                              "Total Cost": 43899.32,
                              "Plan Rows": 581930,
                              "Plan Width": 4,
                              "Actual Startup Time": 274.797,
                              "Actual Total Time": 274.798,
                              "Actual Rows": 331471,
                              "Actual Loops": 7,
                              "Hash Buckets": 4194304,
                              "Original Hash Buckets": 4194304,
                              "Hash Batches": 1,
                              "Original Hash Batches": 1,
                              "Peak Memory Usage": 123712,
                              "Plans": [
                                {
                                  "Node Type": "Seq Scan",
                                  "Parent Relationship": "Outer",
                                  "Parallel Aware": true,
                                  "Relation Name": "title",
                                  "Alias": "t",
                                  "Startup Cost": 0.0,
                                  "Total Cost": 43899.32,
                                  "Plan Rows": 581930,
                                  "Plan Width": 4,
                                  "Actual Startup Time": 0.069,
                                  "Actual Total Time": 87.588,
                                  "Actual Rows": 331471,
                                  "Actual Loops": 7,
                                  "Filter": "(production_year > 1937)",
                                  "Rows Removed by Filter": 29716
                                }
                              ]
                            }
                          ]
                        }
                      ]
                    }
                  ]
                }
              ]
            }
          ]
        }
      ]
    },
    "Planning Time": 0.535,
    "Triggers": [],
    "Execution Time": 11809.829
  }
]