[
  {
    "Plan": {
      "Node Type": "Aggregate",
      "Strategy": "Plain",
      "Partial Mode": "Finalize",
      "Parallel Aware": false,
      "Startup Cost": 744954.19,
      "Total Cost": 744954.2,
      "Plan Rows": 1,
      "Plan Width": 8,
      "Actual Startup Time": 12943.373,
      "Actual Total Time": 13033.305,
      "Actual Rows": 1,
      "Actual Loops": 1,
      "Plans": [
        {
          "Node Type": "Gather",
          "Parent Relationship": "Outer",
          "Parallel Aware": false,
          "Startup Cost": 744953.57,
          "Total Cost": 744954.18,
          "Plan Rows": 6,
          "Plan Width": 8,
          "Actual Startup Time": 12878.957,
          "Actual Total Time": 13033.29,
          "Actual Rows": 7,
          "Actual Loops": 1,
          "Workers Planned": 6,
          "Workers Launched": 6,
          "Single Copy": false,
          "Plans": [
            {
              "Node Type": "Aggregate",
              "Strategy": "Plain",
              "Partial Mode": "Partial",
              "Parent Relationship": "Outer",
              "Parallel Aware": false,
              "Startup Cost": 743953.57,
              "Total Cost": 743953.58,
              "Plan Rows": 1,
              "Plan Width": 8,
              "Actual Startup Time": 12793.153,
              "Actual Total Time": 12795.138,
              "Actual Rows": 1,
              "Actual Loops": 7,
              "Plans": [
                {
                  "Node Type": "Hash Join",
                  "Parent Relationship": "Outer",
                  "Parallel Aware": true,
                  "Join Type": "Inner",
                  "Startup Cost": 284433.54,
                  "Total Cost": 692632.05,
                  "Plan Rows": 20528606,
                  "Plan Width": 0,
                  "Actual Startup Time": 3318.317,
                  "Actual Total Time": 10983.163,
                  "Actual Rows": 41098037,
                  "Actual Loops": 7,
                  "Inner Unique": false,
                  "Hash Cond": "(ci.movie_id = t.id)",
                  "Plans": [
                    {
                      "Node Type": "Seq Scan",
                      "Parent Relationship": "Outer",
                      "Parallel Aware": true,
                      "Relation Name": "cast_info",
                      "Alias": "ci",
                      "Startup Cost": 0.0,
                      "Total Cost": 343257.03,
                      "Plan Rows": 3821483,
                      "Plan Width": 4,
                      "Actual Startup Time": 257.545,
                      "Actual Total Time": 803.819,
                      "Actual Rows": 3316415,
                      "Actual Loops": 7,
                      "Filter": "((person_id > 129204) AND (role_id > 1))",
                      "Rows Removed by Filter": 1861348
                    },
                    {
                      "Node Type": "Hash",
                      "Parent Relationship": "Inner",
                      "Parallel Aware": true,
                      "Startup Cost": 250479.23,
                      "Total Cost": 250479.23,
                      "Plan Rows": 2716345,
                      "Plan Width": 8,
                      "Actual Startup Time": 3037.952,
                      "Actual Total Time": 3039.935,
                      "Actual Rows": 1894358,
                      "Actual Loops": 7,
                      "Hash Buckets": 16777216,
                      "Original Hash Buckets": 16777216,
                      "Hash Batches": 1,
                      "Original Hash Batches": 1,
                      "Peak Memory Usage": 649888,
                      "Plans": [
                        {
                          "Node Type": "Hash Join",
                          "Parent Relationship": "Outer",
                          "Parallel Aware": true,
                          "Join Type": "Inner",
                          "Startup Cost": 51157.47,
                          "Total Cost": 250479.23,
                          "Plan Rows": 2716345,
                          "Plan Width": 8,
                          "Actual Startup Time": 427.649,
                          "Actual Total Time": 1680.63,
                          "Actual Rows": 1894358,
                          "Actual Loops": 7,
                          "Inner Unique": true,
                          "Hash Cond": "(mi.movie_id = t.id)",
                          "Plans": [
                            {
                              "Node Type": "Seq Scan",
                              "Parent Relationship": "Outer",
                              "Parallel Aware": true,
                              "Relation Name": "movie_info",
                              "Alias": "mi",
                              "Startup Cost": 0.0,
                              "Total Cost": 191560.33,
                              "Plan Rows": 2956733,
                              "Plan Width": 4,
                              "Actual Startup Time": 0.041,
                              "Actual Total Time": 357.828,
                              "Actual Rows": 2119389,
                              "Actual Loops": 7
                            },
                            {
                              "Node Type": "Hash",
                              "Parent Relationship": "Inner",
                              "Parallel Aware": true,
                              "Startup Cost": 43898.92,
                              "Total Cost": 43898.92,
                              "Plan Rows": 580684,
                              "Plan Width": 4,
                              "Actual Startup Time": 421.472,
                              "Actual Total Time": 421.473,
                              "Actual Rows": 331471,
                              "Actual Loops": 7,
                              "Hash Buckets": 4194304,
                              "Original Hash Buckets": 4194304,
                              "Hash Batches": 1,
                              "Original Hash Batches": 1,
                              "Peak Memory Usage": 123648,
                              "Plans": [
                                {
                                  "Node Type": "Seq Scan",
                                  "Parent Relationship": "Outer",
                                  "Parallel Aware": true,
                                  "Relation Name": "title",
                                  "Alias": "t",
                                  "Startup Cost": 0.0,
                                  "Total Cost": 43898.92,
                                  "Plan Rows": 580684,
                                  "Plan Width": 4,
                                  "Actual Startup Time": 0.054,
                                  "Actual Total Time": 108.42,
                                  "Actual Rows": 331471,
                                  "Actual Loops": 7,
                                  "Filter": "(production_year > 1937)",
                                  "Rows Removed by Filter": 29716
                                }
                              ]
                            }
                          ]
                        }
                      ]
                    }
                  ]
                }
              ]
            }
          ]
        }
      ]
    },
    "Planning Time": 1.413,
    "Triggers": [],
    "Execution Time": 13033.401
  }
]