{
  "Plan": {
    "Node Type": "Aggregate",
    "Strategy": "Plain",
    "Partial Mode": "Finalize",
    "Parallel Aware": false,
    "Startup Cost": 662752.8,
    "Total Cost": 662752.81,
    "Plan Rows": 1,
    "Plan Width": 8,
    "Actual Startup Time": 3931.956,
    "Actual Total Time": 4000.62,
    "Actual Rows": 1,
    "Actual Loops": 1,
    "Plans": [
      {
        "Node Type": "Gather",
        "Parent Relationship": "Outer",
        "Parallel Aware": false,
        "Startup Cost": 662752.69,
        "Total Cost": 662752.8,
        "Plan Rows": 1,
        "Plan Width": 8,
        "Actual Startup Time": 3927.991,
        "Actual Total Time": 4000.612,
        "Actual Rows": 2,
        "Actual Loops": 1,
        "Workers Planned": 1,
        "Workers Launched": 1,
        "Single Copy": false,
        "Plans": [
          {
            "Node Type": "Aggregate",
            "Strategy": "Plain",
            "Partial Mode": "Partial",
            "Parent Relationship": "Outer",
            "Parallel Aware": false,
            "Startup Cost": 661752.69,
            "Total Cost": 661752.7,
            "Plan Rows": 1,
            "Plan Width": 8,
            "Actual Startup Time": 3923.528,
            "Actual Total Time": 3923.836,
            "Actual Rows": 1,
            "Actual Loops": 2,
            "Plans": [
              {
                "Node Type": "Hash Join",
                "Parent Relationship": "Outer",
                "Parallel Aware": true,
                "Join Type": "Inner",
                "Startup Cost": 110398.71,
                "Total Cost": 658107.53,
                "Plan Rows": 1458066,
                "Plan Width": 0,
                "Actual Startup Time": 813.549,
                "Actual Total Time": 3726.765,
                "Actual Rows": 4818119,
                "Actual Loops": 2,
                "Inner Unique": false,
                "Hash Cond": "(ci.movie_id = t.id)",
                "Plans": [
                  {
                    "Node Type": "Seq Scan",
                    "Parent Relationship": "Outer",
                    "Parallel Aware": true,
                    "Relation Name": "cast_info",
                    "Alias": "ci",
                    "Startup Cost": 0.0,
                    "Total Cost": 519069.44,
                    "Plan Rows": 5350001,
                    "Plan Width": 4,
                    "Actual Startup Time": 0.019,
                    "Actual Total Time": 1360.772,
                    "Actual Rows": 4620504,
                    "Actual Loops": 2,
                    "Filter": "(person_id < 909363)",
                    "Rows Removed by Filter": 13501668
                  },
                  {
                    "Node Type": "Hash",
                    "Parent Relationship": "Inner",
                    "Parallel Aware": true,
                    "Startup Cost": 105332.16,
                    "Total Cost": 105332.16,
                    "Plan Rows": 405324,
                    "Plan Width": 8,
                    "Actual Startup Time": 806.492,
                    "Actual Total Time": 806.798,
                    "Actual Rows": 503330,
                    "Actual Loops": 2,
                    "Hash Buckets": 1048576,
                    "Original Hash Buckets": 1048576,
                    "Hash Batches": 1,
                    "Original Hash Batches": 1,
                    "Peak Memory Usage": 47616,
                    "Plans": [
                      {
                        "Node Type": "Hash Join",
                        "Parent Relationship": "Outer",
                        "Parallel Aware": true,
                        "Join Type": "Inner",
                        "Startup Cost": 63668.62,
                        "Total Cost": 105332.16,
                        "Plan Rows": 405324,
                        "Plan Width": 8,
                        "Actual Startup Time": 257.173,
                        "Actual Total Time": 676.062,
                        "Actual Rows": 503330,
                        "Actual Loops": 2,
                        "Inner Unique": true,
                        "Hash Cond": "(mc.movie_id = t.id)",
                        "Plans": [
                          {
                            "Node Type": "Seq Scan",
                            "Parent Relationship": "Outer",
                            "Parallel Aware": true,
                            "Relation Name": "movie_companies",
                            "Alias": "mc",
                            "Startup Cost": 0.0,
                            "Total Cost": 37974.77,
                            "Plan Rows": 1405242,
                            "Plan Width": 4,
                            "Actual Startup Time": 0.014,
                            "Actual Total Time": 144.995,
                            "Actual Rows": 1195912,
                            "Actual Loops": 2,
                            "Filter": "(company_id < 108658)",
                            "Rows Removed by Filter": 108653
                          },
                          {
                            "Node Type": "Hash",
                            "Parent Relationship": "Inner",
                            "Parallel Aware": true,
                            "Startup Cost": 58306.47,
                            "Total Cost": 58306.47,
                            "Plan Rows": 428972,
                            "Plan Width": 4,
                            "Actual Startup Time": 252.657,
                            "Actual Total Time": 252.658,
                            "Actual Rows": 314066,
                            "Actual Loops": 2,
                            "Hash Buckets": 1048576,
                            "Original Hash Buckets": 1048576,
                            "Hash Batches": 1,
                            "Original Hash Batches": 1,
                            "Peak Memory Usage": 32800,
                            "Plans": [
                              {
                                "Node Type": "Seq Scan",
                                "Parent Relationship": "Outer",
                                "Parallel Aware": true,
                                "Relation Name": "title",
                                "Alias": "t",
                                "Startup Cost": 0.0,
                                "Total Cost": 58306.47,
                                "Plan Rows": 428972,
                                "Plan Width": 4,
                                "Actual Startup Time": 0.04,
                                "Actual Total Time": 156.661,
                                "Actual Rows": 314066,
                                "Actual Loops": 2,
                                "Filter": "((kind_id < 7) AND (production_year > 1985))",
                                "Rows Removed by Filter": 950090
                              }
                            ]
                          }
                        ]
                      }
                    ]
                  }
                ]
              }
            ]
          }
        ]
      }
    ]
  },
  "Planning Time": 0.789,
  "Triggers": [],
  "Execution Time": 4000.692
}