[
  {
    "Plan": {
      "Node Type": "Aggregate",
      "Strategy": "Plain",
      "Partial Mode": "Finalize",
      "Parallel Aware": false,
      "Startup Cost": 714643.3,
      "Total Cost": 714643.31,
      "Plan Rows": 1,
      "Plan Width": 8,
      "Actual Startup Time": 11196.218,
      "Actual Total Time": 11290.612,
      "Actual Rows": 1,
      "Actual Loops": 1,
      "Plans": [
        {
          "Node Type": "Gather",
          "Parent Relationship": "Outer",
          "Parallel Aware": false,
          "Startup Cost": 714642.67,
          "Total Cost": 714643.28,
          "Plan Rows": 6,
          "Plan Width": 8,
          "Actual Startup Time": 11098.41,
          "Actual Total Time": 11290.597,
          "Actual Rows": 7,
          "Actual Loops": 1,
          "Workers Planned": 6,
          "Workers Launched": 6,
          "Single Copy": false,
          "Plans": [
            {
              "Node Type": "Aggregate",
              "Strategy": "Plain",
              "Partial Mode": "Partial",
              "Parent Relationship": "Outer",
              "Parallel Aware": false,
              "Startup Cost": 713642.67,
              "Total Cost": 713642.68,
              "Plan Rows": 1,
              "Plan Width": 8,
              "Actual Startup Time": 11054.949,
              "Actual Total Time": 11057.228,
              "Actual Rows": 1,
              "Actual Loops": 7,
              "Plans": [
                {
                  "Node Type": "Hash Join",
                  "Parent Relationship": "Outer",
                  "Parallel Aware": true,
                  "Join Type": "Inner",
                  "Startup Cost": 276872.3,
                  "Total Cost": 661725.2,
                  "Plan Rows": 20766988,
                  "Plan Width": 0,
                  "Actual Startup Time": 1432.768,
                  "Actual Total Time": 9133.728,
                  "Actual Rows": 47529287,
                  "Actual Loops": 7,
                  "Inner Unique": false,
                  "Hash Cond": "(ci.movie_id = t.id)",
                  "Plans": [
                    {
                      "Node Type": "Seq Scan",
                      "Parent Relationship": "Outer",
                      "Parallel Aware": true,
                      "Relation Name": "cast_info",
                      "Alias": "ci",
                      "Startup Cost": 0.0,
                      "Total Cost": 313108.29,
                      "Plan Rows": 6042129,
                      "Plan Width": 4,
                      "Actual Startup Time": 0.024,
                      "Actual Total Time": 466.98,
                      "Actual Rows": 5177763,
                      "Actual Loops": 7
                    },
                    {
                      "Node Type": "Hash",
                      "Parent Relationship": "Inner",
                      "Parallel Aware": true,
                      "Startup Cost": 255147.5,
                      "Total Cost": 255147.5,
                      "Plan Rows": 1737984,
                      "Plan Width": 8,
                      "Actual Startup Time": 1416.639,
                      "Actual Total Time": 1418.916,
                      "Actual Rows": 1273796,
                      "Actual Loops": 7,
                      "Hash Buckets": 16777216,
                      "Original Hash Buckets": 16777216,
                      "Hash Batches": 1,
                      "Original Hash Batches": 1,
                      "Peak Memory Usage": 480032,
                      "Plans": [
                        {
                          "Node Type": "Hash Join",
                          "Parent Relationship": "Outer",
                          "Parallel Aware": true,
                          "Join Type": "Inner",
                          "Startup Cost": 51564.18,
                          "Total Cost": 255147.5,
                          "Plan Rows": 1737984,
                          "Plan Width": 8,
                          "Actual Startup Time": 251.04,
                          "Actual Total Time": 957.452,
                          "Actual Rows": 1273796,
                          "Actual Loops": 7,
                          "Inner Unique": true,
                          "Hash Cond": "(mi.movie_id = t.id)",
                          "Plans": [
                            {
                              "Node Type": "Seq Scan",
                              "Parent Relationship": "Outer",
                              "Parallel Aware": true,
                              "Relation Name": "movie_info",
                              "Alias": "mi",
                              "Startup Cost": 0.0,
                              "Total Cost": 198880.74,
                              "Plan Rows": 1791457,
                              "Plan Width": 4,
                              "Actual Startup Time": 13.471,
                              "Actual Total Time": 296.176,
                              "Actual Rows": 1278680,
                              "Actual Loops": 7,
                              "Filter": "(info_type_id > 6)",
                              "Rows Removed by Filter": 840709
                            },
                            {
                              "Node Type": "Hash",
                              "Parent Relationship": "Inner",
                              "Parallel Aware": true,
                              "Startup Cost": 43899.01,
                              "Total Cost": 43899.01,
                              "Plan Rows": 613214,
                              "Plan Width": 4,
                              "Actual Startup Time": 234.129,
                              "Actual Total Time": 234.13,
                              "Actual Rows": 350553,
                              "Actual Loops": 7,
                              "Hash Buckets": 4194304,
                              "Original Hash Buckets": 4194304,
                              "Hash Batches": 1,
                              "Original Hash Batches": 1,
                              "Peak Memory Usage": 128864,
                              "Plans": [
                                {
                                  "Node Type": "Seq Scan",
                                  "Parent Relationship": "Outer",
                                  "Parallel Aware": true,
                                  "Relation Name": "title",
                                  "Alias": "t",
                                  "Startup Cost": 0.0,
                                  "Total Cost": 43899.01,
                                  "Plan Rows": 613214,
                                  "Plan Width": 4,
                                  "Actual Startup Time": 0.054,
                                  "Actual Total Time": 74.139,
                                  "Actual Rows": 350553,
                                  "Actual Loops": 7,
                                  "Filter": "(production_year > 1897)",
                                  "Rows Removed by Filter": 10634
                                }
                              ]
                            }
                          ]
                        }
                      ]
                    }
                  ]
                }
              ]
            }
          ]
        }
      ]
    },
    "Planning Time": 1.34,
    "Triggers": [],
    "Execution Time": 11290.694
  }
]