[
  {
    "Plan": {
      "Node Type": "Aggregate",
      "Strategy": "Plain",
      "Partial Mode": "Finalize",
      "Parallel Aware": false,
      "Startup Cost": 31850.3,
      "Total Cost": 31850.31,
      "Plan Rows": 1,
      "Plan Width": 8,
      "Actual Startup Time": 132.17,
      "Actual Total Time": 139.944,
      "Actual Rows": 1,
      "Actual Loops": 1,
      "Plans": [
        {
          "Node Type": "Gather",
          "Parent Relationship": "Outer",
          "Parallel Aware": false,
          "Startup Cost": 31849.98,
          "Total Cost": 31850.29,
          "Plan Rows": 3,
          "Plan Width": 8,
          "Actual Startup Time": 132.063,
          "Actual Total Time": 139.933,
          "Actual Rows": 4,
          "Actual Loops": 1,
          "Workers Planned": 3,
          "Workers Launched": 3,
          "Single Copy": false,
          "Plans": [
            {
              "Node Type": "Aggregate",
              "Strategy": "Plain",
              "Partial Mode": "Partial",
              "Parent Relationship": "Outer",
              "Parallel Aware": false,
              "Startup Cost": 30849.98,
              "Total Cost": 30849.99,
              "Plan Rows": 1,
              "Plan Width": 8,
              "Actual Startup Time": 123.644,
              "Actual Total Time": 123.646,
              "Actual Rows": 1,
              "Actual Loops": 4,
              "Plans": [
                {
                  "Node Type": "Seq Scan",
                  "Parent Relationship": "Outer",
                  "Parallel Aware": true,
                  "Relation Name": "movie_companies",
                  "Alias": "mc",
                  "Startup Cost": 0.0,
                  "Total Cost": 29310.68,
                  "Plan Rows": 615720,
                  "Plan Width": 0,
                  "Actual Startup Time": 0.037,
                  "Actual Total Time": 94.631,
                  "Actual Rows": 478580,
                  "Actual Loops": 4,
                  "Filter": "(company_id < 46388)",
                  "Rows Removed by Filter": 173702
                }
              ]
            }
          ]
        }
      ]
    },
    "Planning Time": 0.167,
    "Triggers": [],
    "Execution Time": 140.003
  }
]