[
  {
    "Plan": {
      "Node Type": "Aggregate",
      "Strategy": "Plain",
      "Partial Mode": "Finalize",
      "Parallel Aware": false,
      "Startup Cost": 201288.63,
      "Total Cost": 201288.64,
      "Plan Rows": 1,
      "Plan Width": 8,
      "Actual Startup Time": 603.144,
      "Actual Total Time": 637.548,
      "Actual Rows": 1,
      "Actual Loops": 1,
      "Plans": [
        {
          "Node Type": "Gather",
          "Parent Relationship": "Outer",
          "Parallel Aware": false,
          "Startup Cost": 201288.31,
          "Total Cost": 201288.62,
          "Plan Rows": 3,
          "Plan Width": 8,
          "Actual Startup Time": 601.519,
          "Actual Total Time": 637.52,
          "Actual Rows": 4,
          "Actual Loops": 1,
          "Workers Planned": 3,
          "Workers Launched": 3,
          "Single Copy": false,
          "Plans": [
            {
              "Node Type": "Aggregate",
              "Strategy": "Plain",
              "Partial Mode": "Partial",
              "Parent Relationship": "Outer",
              "Parallel Aware": false,
              "Startup Cost": 200288.31,
              "Total Cost": 200288.32,
              "Plan Rows": 1,
              "Plan Width": 8,
              "Actual Startup Time": 596.907,
              "Actual Total Time": 596.981,
              "Actual Rows": 1,
              "Actual Loops": 4,
              "Plans": [
                {
                  "Node Type": "Hash Join",
                  "Parent Relationship": "Outer",
                  "Parallel Aware": true,
                  "Join Type": "Inner",
                  "Startup Cost": 154873.11,
                  "Total Cost": 200164.72,
                  "Plan Rows": 49437,
                  "Plan Width": 0,
                  "Actual Startup Time": 441.401,
                  "Actual Total Time": 596.563,
                  "Actual Rows": 8584,
                  "Actual Loops": 4,
                  "Inner Unique": false,
                  "Hash Cond": "(mk.movie_id = t.id)",
                  "Plans": [
                    {
                      "Node Type": "Seq Scan",
                      "Parent Relationship": "Outer",
                      "Parallel Aware": true,
                      "Relation Name": "movie_keyword",
                      "Alias": "mk",
                      "Startup Cost": 0.0,
                      "Total Cost": 42695.65,
                      "Plan Rows": 665889,
                      "Plan Width": 4,
                      "Actual Startup Time": 0.353,
                      "Actual Total Time": 111.944,
                      "Actual Rows": 511864,
                      "Actual Loops": 4,
                      "Filter": "(keyword_id > 5988)",
                      "Rows Removed by Filter": 619118
                    },
                    {
                      "Node Type": "Hash",
                      "Parent Relationship": "Inner",
                      "Parallel Aware": true,
                      "Startup Cost": 154403.82,
                      "Total Cost": 154403.82,
                      "Plan Rows": 37543,
                      "Plan Width": 8,
                      "Actual Startup Time": 439.634,
                      "Actual Total Time": 439.705,
                      "Actual Rows": 14466,
                      "Actual Loops": 4,
                      "Hash Buckets": 262144,
                      "Original Hash Buckets": 262144,
                      "Hash Batches": 1,
                      "Original Hash Batches": 1,
                      "Peak Memory Usage": 4352,
                      "Plans": [
                        {
                          "Node Type": "Hash Join",
                          "Parent Relationship": "Outer",
                          "Parallel Aware": true,
                          "Join Type": "Inner",
                          "Startup Cost": 46356.73,
                          "Total Cost": 154403.82,
                          "Plan Rows": 37543,
                          "Plan Width": 8,
                          "Actual Startup Time": 121.483,
                          "Actual Total Time": 433.676,
                          "Actual Rows": 14466,
                          "Actual Loops": 4,
                          "Inner Unique": true,
                          "Hash Cond": "(ci.movie_id = t.id)",
                          "Plans": [
                            {
                              "Node Type": "Index Scan",
                              "Parent Relationship": "Outer",
                              "Parallel Aware": true,
                              "Scan Direction": "Forward",
                              "Index Name": "role_id_cast_info",
                              "Relation Name": "cast_info",
                              "Alias": "ci",
                              "Startup Cost": 0.56,
                              "Total Cost": 107159.34,
                              "Plan Rows": 338410,
                              "Plan Width": 4,
                              "Actual Startup Time": 0.362,
                              "Actual Total Time": 208.975,
                              "Actual Rows": 631130,
                              "Actual Loops": 4,
                              "Index Cond": "(role_id = 3)",
                              "Rows Removed by Index Recheck": 0,
                              "Filter": "(person_id > 2109926)",
                              "Rows Removed by Filter": 370879
                            },
                            {
                              "Node Type": "Hash",
                              "Parent Relationship": "Inner",
                              "Parallel Aware": true,
                              "Startup Cost": 45479.59,
                              "Total Cost": 45479.59,
                              "Plan Rows": 70126,
                              "Plan Width": 4,
                              "Actual Startup Time": 118.991,
                              "Actual Total Time": 118.992,
                              "Actual Rows": 40056,
                              "Actual Loops": 4,
                              "Hash Buckets": 524288,
                              "Original Hash Buckets": 524288,
                              "Hash Batches": 1,
                              "Original Hash Batches": 1,
                              "Peak Memory Usage": 10432,
                              "Plans": [
                                {
                                  "Node Type": "Seq Scan",
                                  "Parent Relationship": "Outer",
                                  "Parallel Aware": true,
                                  "Relation Name": "title",
                                  "Alias": "t",
                                  "Startup Cost": 0.0,
                                  "Total Cost": 45479.59,
                                  "Plan Rows": 70126,
                                  "Plan Width": 4,
                                  "Actual Startup Time": 0.034,
                                  "Actual Total Time": 99.863,
                                  "Actual Rows": 40056,
                                  "Actual Loops": 4,
                                  "Filter": "((kind_id > 1) AND (production_year < 1972))",
                                  "Rows Removed by Filter": 592022
                                }
                              ]
                            }
                          ]
                        }
                      ]
                    }
                  ]
                }
              ]
            }
          ]
        }
      ]
    },
    "Planning Time": 0.682,
    "Triggers": [],
    "Execution Time": 637.62
  }
]