[
  {
    "Plan": {
      "Node Type": "Aggregate",
      "Strategy": "Plain",
      "Partial Mode": "Finalize",
      "Parallel Aware": false,
      "Startup Cost": 32719.42,
      "Total Cost": 32719.43,
      "Plan Rows": 1,
      "Plan Width": 8,
      "Actual Startup Time": 83.026,
      "Actual Total Time": 91.919,
      "Actual Rows": 1,
      "Actual Loops": 1,
      "Plans": [
        {
          "Node Type": "Gather",
          "Parent Relationship": "Outer",
          "Parallel Aware": false,
          "Startup Cost": 32719.1,
          "Total Cost": 32719.41,
          "Plan Rows": 3,
          "Plan Width": 8,
          "Actual Startup Time": 82.918,
          "Actual Total Time": 91.912,
          "Actual Rows": 4,
          "Actual Loops": 1,
          "Workers Planned": 3,
          "Workers Launched": 3,
          "Single Copy": false,
          "Plans": [
            {
              "Node Type": "Aggregate",
              "Strategy": "Plain",
              "Partial Mode": "Partial",
              "Parent Relationship": "Outer",
              "Parallel Aware": false,
              "Startup Cost": 31719.1,
              "Total Cost": 31719.11,
              "Plan Rows": 1,
              "Plan Width": 8,
              "Actual Startup Time": 77.343,
              "Actual Total Time": 77.344,
              "Actual Rows": 1,
              "Actual Loops": 4,
              "Plans": [
                {
                  "Node Type": "Seq Scan",
                  "Parent Relationship": "Outer",
                  "Parallel Aware": true,
                  "Relation Name": "movie_companies",
                  "Alias": "mc",
                  "Startup Cost": 0.0,
                  "Total Cost": 31414.82,
                  "Plan Rows": 121713,
                  "Plan Width": 0,
                  "Actual Startup Time": 45.556,
                  "Actual Total Time": 74.86,
                  "Actual Rows": 54546,
                  "Actual Loops": 4,
                  "Filter": "((company_id < 1451) AND (company_type_id = 2))",
                  "Rows Removed by Filter": 597736
                }
              ]
            }
          ]
        }
      ]
    },
    "Planning Time": 0.216,
    "Triggers": [],
    "Execution Time": 91.975
  }
]