[
  {
    "Plan": {
      "Node Type": "Aggregate",
      "Strategy": "Plain",
      "Partial Mode": "Finalize",
      "Parallel Aware": false,
      "Startup Cost": 45182.96,
      "Total Cost": 45182.97,
      "Plan Rows": 1,
      "Plan Width": 8,
      "Actual Startup Time": 138.745,
      "Actual Total Time": 148.273,
      "Actual Rows": 1,
      "Actual Loops": 1,
      "Plans": [
        {
          "Node Type": "Gather",
          "Parent Relationship": "Outer",
          "Parallel Aware": false,
          "Startup Cost": 45182.64,
          "Total Cost": 45182.95,
          "Plan Rows": 3,
          "Plan Width": 8,
          "Actual Startup Time": 138.615,
          "Actual Total Time": 148.265,
          "Actual Rows": 4,
          "Actual Loops": 1,
          "Workers Planned": 3,
          "Workers Launched": 3,
          "Single Copy": false,
          "Plans": [
            {
              "Node Type": "Aggregate",
              "Strategy": "Plain",
              "Partial Mode": "Partial",
              "Parent Relationship": "Outer",
              "Parallel Aware": false,
              "Startup Cost": 44182.64,
              "Total Cost": 44182.65,
              "Plan Rows": 1,
              "Plan Width": 8,
              "Actual Startup Time": 131.846,
              "Actual Total Time": 131.847,
              "Actual Rows": 1,
              "Actual Loops": 4,
              "Plans": [
                {
                  "Node Type": "Seq Scan",
                  "Parent Relationship": "Outer",
                  "Parallel Aware": true,
                  "Relation Name": "movie_keyword",
                  "Alias": "mk",
                  "Startup Cost": 0.0,
                  "Total Cost": 42695.65,
                  "Plan Rows": 594795,
                  "Plan Width": 0,
                  "Actual Startup Time": 0.053,
                  "Actual Total Time": 110.428,
                  "Actual Rows": 462446,
                  "Actual Loops": 4,
                  "Filter": "(keyword_id < 3078)",
                  "Rows Removed by Filter": 668536
                }
              ]
            }
          ]
        }
      ]
    },
    "Planning Time": 0.187,
    "Triggers": [],
    "Execution Time": 148.33
  }
]