[
  {
    "Plan": {
      "Node Type": "Aggregate",
      "Strategy": "Plain",
      "Partial Mode": "Finalize",
      "Parallel Aware": false,
      "Startup Cost": 294624.12,
      "Total Cost": 294624.13,
      "Plan Rows": 1,
      "Plan Width": 8,
      "Actual Startup Time": 153.818,
      "Actual Total Time": 163.134,
      "Actual Rows": 1,
      "Actual Loops": 1,
      "Plans": [
        {
          "Node Type": "Gather",
          "Parent Relationship": "Outer",
          "Parallel Aware": false,
          "Startup Cost": 294623.5,
          "Total Cost": 294624.11,
          "Plan Rows": 6,
          "Plan Width": 8,
          "Actual Startup Time": 153.108,
          "Actual Total Time": 163.124,
          "Actual Rows": 7,
          "Actual Loops": 1,
          "Workers Planned": 6,
          "Workers Launched": 6,
          "Single Copy": false,
          "Plans": [
            {
              "Node Type": "Aggregate",
              "Strategy": "Plain",
              "Partial Mode": "Partial",
              "Parent Relationship": "Outer",
              "Parallel Aware": false,
              "Startup Cost": 293623.5,
              "Total Cost": 293623.51,
              "Plan Rows": 1,
              "Plan Width": 8,
              "Actual Startup Time": 144.784,
              "Actual Total Time": 144.787,
              "Actual Rows": 1,
              "Actual Loops": 7,
              "Plans": [
                {
                  "Node Type": "Bitmap Heap Scan",
                  "Parent Relationship": "Outer",
                  "Parallel Aware": true,
                  "Relation Name": "cast_info",
                  "Alias": "ci",
                  "Startup Cost": 36356.02,
                  "Total Cost": 293176.01,
                  "Plan Rows": 178995,
                  "Plan Width": 0,
                  "Actual Startup Time": 116.539,
                  "Actual Total Time": 141.582,
                  "Actual Rows": 69033,
                  "Actual Loops": 7,
                  "Recheck Cond": "(person_id < 169682)",
                  "Rows Removed by Index Recheck": 0,
                  "Filter": "(role_id > 1)",
                  "Rows Removed by Filter": 175082,
                  "Exact Heap Blocks": 4531,
                  "Lossy Heap Blocks": 0,
                  "Plans": [
                    {
                      "Node Type": "Bitmap Index Scan",
                      "Parent Relationship": "Outer",
                      "Parallel Aware": false,
                      "Index Name": "person_id_cast_info",
                      "Startup Cost": 0.0,
                      "Total Cost": 36087.53,
                      "Plan Rows": 1653195,
                      "Plan Width": 0,
                      "Actual Startup Time": 72.415,
                      "Actual Total Time": 72.416,
                      "Actual Rows": 1708799,
                      "Actual Loops": 1,
                      "Index Cond": "(person_id < 169682)"
                    }
                  ]
                }
              ]
            }
          ]
        }
      ]
    },
    "Planning Time": 0.128,
    "Triggers": [],
    "Execution Time": 163.177
  }
]