[
  {
    "Plan": {
      "Node Type": "Aggregate",
      "Strategy": "Plain",
      "Partial Mode": "Finalize",
      "Parallel Aware": false,
      "Startup Cost": 67015.61,
      "Total Cost": 67015.62,
      "Plan Rows": 1,
      "Plan Width": 8,
      "Actual Startup Time": 102.358,
      "Actual Total Time": 115.373,
      "Actual Rows": 1,
      "Actual Loops": 1,
      "Plans": [
        {
          "Node Type": "Gather",
          "Parent Relationship": "Outer",
          "Parallel Aware": false,
          "Startup Cost": 67015.19,
          "Total Cost": 67015.6,
          "Plan Rows": 4,
          "Plan Width": 8,
          "Actual Startup Time": 102.239,
          "Actual Total Time": 115.366,
          "Actual Rows": 5,
          "Actual Loops": 1,
          "Workers Planned": 4,
          "Workers Launched": 4,
          "Single Copy": false,
          "Plans": [
            {
              "Node Type": "Aggregate",
              "Strategy": "Plain",
              "Partial Mode": "Partial",
              "Parent Relationship": "Outer",
              "Parallel Aware": false,
              "Startup Cost": 66015.19,
              "Total Cost": 66015.2,
              "Plan Rows": 1,
              "Plan Width": 8,
              "Actual Startup Time": 94.767,
              "Actual Total Time": 94.768,
              "Actual Rows": 1,
              "Actual Loops": 5,
              "Plans": [
                {
                  "Node Type": "Nested Loop",
                  "Parent Relationship": "Outer",
                  "Parallel Aware": false,
                  "Join Type": "Inner",
                  "Startup Cost": 0.43,
                  "Total Cost": 66003.03,
                  "Plan Rows": 4864,
                  "Plan Width": 0,
                  "Actual Startup Time": 1.389,
                  "Actual Total Time": 94.528,
                  "Actual Rows": 4013,
                  "Actual Loops": 5,
                  "Inner Unique": false,
                  "Plans": [
                    {
                      "Node Type": "Seq Scan",
                      "Parent Relationship": "Outer",
                      "Parallel Aware": true,
                      "Relation Name": "title",
                      "Alias": "t",
                      "Startup Cost": 0.0,
                      "Total Cost": 43898.92,
                      "Plan Rows": 2718,
                      "Plan Width": 4,
                      "Actual Startup Time": 0.079,
                      "Actual Total Time": 76.412,
                      "Actual Rows": 2283,
                      "Actual Loops": 5,
                      "Filter": "(production_year = 1964)",
                      "Rows Removed by Filter": 503379
                    },
                    {
                      "Node Type": "Index Only Scan",
                      "Parent Relationship": "Inner",
                      "Parallel Aware": false,
                      "Scan Direction": "Forward",
                      "Index Name": "movie_id_movie_keyword",
                      "Relation Name": "movie_keyword",
                      "Alias": "mk",
                      "Startup Cost": 0.43,
                      "Total Cost": 7.68,
                      "Plan Rows": 45,
                      "Plan Width": 4,
                      "Actual Startup Time": 0.007,
                      "Actual Total Time": 0.007,
                      "Actual Rows": 2,
                      "Actual Loops": 11416,
                      "Index Cond": "(movie_id = t.id)",
                      "Rows Removed by Index Recheck": 0,
                      "Heap Fetches": 20063
                    }
                  ]
                }
              ]
            }
          ]
        }
      ]
    },
    "Planning Time": 0.356,
    "Triggers": [],
    "Execution Time": 115.421
  }
]