[
  {
    "Plan": {
      "Node Type": "Aggregate",
      "Strategy": "Plain",
      "Partial Mode": "Finalize",
      "Parallel Aware": false,
      "Startup Cost": 388480.17,
      "Total Cost": 388480.18,
      "Plan Rows": 1,
      "Plan Width": 64,
      "Actual Startup Time": 4809.787,
      "Actual Total Time": 4874.656,
      "Actual Rows": 1,
      "Actual Loops": 1,
      "Plans": [
        {
          "Node Type": "Gather",
          "Parent Relationship": "Outer",
          "Parallel Aware": false,
          "Startup Cost": 388479.84,
          "Total Cost": 388480.15,
          "Plan Rows": 3,
          "Plan Width": 64,
          "Actual Startup Time": 4740.749,
          "Actual Total Time": 4874.638,
          "Actual Rows": 4,
          "Actual Loops": 1,
          "Workers Planned": 3,
          "Workers Launched": 3,
          "Single Copy": false,
          "Plans": [
            {
              "Node Type": "Aggregate",
              "Strategy": "Plain",
              "Partial Mode": "Partial",
              "Parent Relationship": "Outer",
              "Parallel Aware": false,
              "Startup Cost": 387479.84,
              "Total Cost": 387479.85,
              "Plan Rows": 1,
              "Plan Width": 64,
              "Actual Startup Time": 4731.525,
              "Actual Total Time": 4734.591,
              "Actual Rows": 1,
              "Actual Loops": 4,
              "Plans": [
                {
                  "Node Type": "Hash Join",
                  "Parent Relationship": "Outer",
                  "Parallel Aware": true,
                  "Join Type": "Inner",
                  "Startup Cost": 332324.23,
                  "Total Cost": 376793.88,
                  "Plan Rows": 2137193,
                  "Plan Width": 33,
                  "Actual Startup Time": 3853.419,
                  "Actual Total Time": 4658.192,
                  "Actual Rows": 920382,
                  "Actual Loops": 4,
                  "Inner Unique": false,
                  "Hash Cond": "(ci.person_id = a1.person_id)",
                  "Plans": [
                    {
                      "Node Type": "Hash Join",
                      "Parent Relationship": "Outer",
                      "Parallel Aware": false,
                      "Join Type": "Inner",
                      "Startup Cost": 240903.59,
                      "Total Cost": 276690.13,
                      "Plan Rows": 890697,
                      "Plan Width": 21,
                      "Actual Startup Time": 3041.337,
                      "Actual Total Time": 3605.879,
                      "Actual Rows": 966640,
                      "Actual Loops": 4,
                      "Inner Unique": false,
                      "Hash Cond": "(t.id = ci.movie_id)",
                      "Plans": [
                        {
                          "Node Type": "Hash Join",
                          "Parent Relationship": "Outer",
                          "Parallel Aware": true,
                          "Join Type": "Inner",
                          "Startup Cost": 55571.4,
                          "Total Cost": 85790.43,
                          "Plan Rows": 305940,
                          "Plan Width": 25,
                          "Actual Startup Time": 529.201,
                          "Actual Total Time": 851.201,
                          "Actual Rows": 288450,
                          "Actual Loops": 4,
                          "Inner Unique": true,
                          "Hash Cond": "(mc.movie_id = t.id)",
                          "Plans": [
                            {
                              "Node Type": "Hash Join",
                              "Parent Relationship": "Outer",
                              "Parallel Aware": true,
                              "Join Type": "Inner",
                              "Startup Cost": 5351.02,
                              "Total Cost": 34766.95,
                              "Plan Rows": 305940,
                              "Plan Width": 4,
                              "Actual Startup Time": 18.125,
                              "Actual Total Time": 190.681,
                              "Actual Rows": 288450,
                              "Actual Loops": 4,
                              "Inner Unique": true,
                              "Hash Cond": "(mc.company_id = cn.id)",
                              "Plans": [
                                {
                                  "Node Type": "Seq Scan",
                                  "Parent Relationship": "Outer",
                                  "Parallel Aware": true,
                                  "Relation Name": "movie_companies",
                                  "Alias": "mc",
                                  "Startup Cost": 0.0,
                                  "Total Cost": 27206.55,
                                  "Plan Rows": 841655,
                                  "Plan Width": 8,
                                  "Actual Startup Time": 0.019,
                                  "Actual Total Time": 61.241,
                                  "Actual Rows": 652282,
                                  "Actual Loops": 4
                                },
                                {
                                  "Node Type": "Hash",
                                  "Parent Relationship": "Inner",
                                  "Parallel Aware": true,
                                  "Startup Cost": 4722.92,
                                  "Total Cost": 4722.92,
                                  "Plan Rows": 50248,
                                  "Plan Width": 4,
                                  "Actual Startup Time": 17.753,
                                  "Actual Total Time": 17.755,
                                  "Actual Rows": 21211,
                                  "Actual Loops": 4,
                                  "Hash Buckets": 131072,
                                  "Original Hash Buckets": 131072,
                                  "Hash Batches": 1,
                                  "Original Hash Batches": 1,
                                  "Peak Memory Usage": 4384,
                                  "Plans": [
                                    {
                                      "Node Type": "Seq Scan",
                                      "Parent Relationship": "Outer",
                                      "Parallel Aware": true,
                                      "Relation Name": "company_name",
                                      "Alias": "cn",
                                      "Startup Cost": 0.0,
                                      "Total Cost": 4722.92,
                                      "Plan Rows": 50248,
                                      "Plan Width": 4,
                                      "Actual Startup Time": 0.033,
                                      "Actual Total Time": 10.798,
                                      "Actual Rows": 21211,
                                      "Actual Loops": 4,
                                      "Filter": "((country_code)::text = '[us]'::text)",
                                      "Rows Removed by Filter": 37538
                                    }
                                  ]
                                }
                              ]
                            },
                            {
                              "Node Type": "Hash",
                              "Parent Relationship": "Inner",
                              "Parallel Aware": true,
                              "Startup Cost": 42319.06,
                              "Total Cost": 42319.06,
                              "Plan Rows": 632106,
                              "Plan Width": 21,
                              "Actual Startup Time": 501.768,
                              "Actual Total Time": 501.769,
                              "Actual Rows": 632078,
                              "Actual Loops": 4,
                              "Hash Buckets": 4194304,
                              "Original Hash Buckets": 4194304,
                              "Hash Batches": 1,
                              "Original Hash Batches": 1,
                              "Peak Memory Usage": 174784,
                              "Plans": [
                                {
                                  "Node Type": "Seq Scan",
                                  "Parent Relationship": "Outer",
                                  "Parallel Aware": true,
                                  "Relation Name": "title",
                                  "Alias": "t",
                                  "Startup Cost": 0.0,
                                  "Total Cost": 42319.06,
                                  "Plan Rows": 632106,
                                  "Plan Width": 21,
                                  "Actual Startup Time": 0.05,
                                  "Actual Total Time": 122.243,
                                  "Actual Rows": 632078,
                                  "Actual Loops": 4
                                }
                              ]
                            }
                          ]
                        },
                        {
                          "Node Type": "Hash",
                          "Parent Relationship": "Inner",
                          "Parallel Aware": false,
                          "Startup Cost": 147569.99,
                          "Total Cost": 147569.99,
                          "Plan Rows": 3020976,
                          "Plan Width": 8,
                          "Actual Startup Time": 2478.303,
                          "Actual Total Time": 2478.305,
                          "Actual Rows": 4008037,
                          "Actual Loops": 4,
                          "Hash Buckets": 4194304,
                          "Original Hash Buckets": 4194304,
                          "Hash Batches": 1,
                          "Original Hash Batches": 1,
                          "Peak Memory Usage": 189332,
                          "Plans": [
                            {
                              "Node Type": "Nested Loop",
                              "Parent Relationship": "Outer",
                              "Parallel Aware": false,
                              "Join Type": "Inner",
                              "Startup Cost": 0.56,
                              "Total Cost": 147569.99,
                              "Plan Rows": 3020976,
                              "Plan Width": 8,
                              "Actual Startup Time": 0.351,
                              "Actual Total Time": 1278.005,
                              "Actual Rows": 4008037,
                              "Actual Loops": 4,
                              "Inner Unique": false,
                              "Plans": [
                                {
                                  "Node Type": "Seq Scan",
                                  "Parent Relationship": "Outer",
                                  "Parallel Aware": false,
                                  "Relation Name": "role_type",
                                  "Alias": "rt",
                                  "Startup Cost": 0.0,
                                  "Total Cost": 1.15,
                                  "Plan Rows": 1,
                                  "Plan Width": 4,
                                  "Actual Startup Time": 0.044,
                                  "Actual Total Time": 0.051,
                                  "Actual Rows": 1,
                                  "Actual Loops": 4,
                                  "Filter": "((role)::text = 'producer'::text)",
                                  "Rows Removed by Filter": 11
                                },
                                {
                                  "Node Type": "Index Scan",
                                  "Parent Relationship": "Inner",
                                  "Parallel Aware": false,
                                  "Scan Direction": "Forward",
                                  "Index Name": "role_id_cast_info",
                                  "Relation Name": "cast_info",
                                  "Alias": "ci",
                                  "Startup Cost": 0.56,
                                  "Total Cost": 114612.74,
                                  "Plan Rows": 3295610,
                                  "Plan Width": 12,
                                  "Actual Startup Time": 0.299,
                                  "Actual Total Time": 831.508,
                                  "Actual Rows": 4008037,
                                  "Actual Loops": 4,
                                  "Index Cond": "(role_id = rt.id)",
                                  "Rows Removed by Index Recheck": 0
                                }
                              ]
                            }
                          ]
                        }
                      ]
                    },
                    {
                      "Node Type": "Hash",
                      "Parent Relationship": "Inner",
                      "Parallel Aware": true,
                      "Startup Cost": 88603.94,
                      "Total Cost": 88603.94,
                      "Plan Rows": 225336,
                      "Plan Width": 24,
                      "Actual Startup Time": 808.481,
                      "Actual Total Time": 808.491,
                      "Actual Rows": 225336,
                      "Actual Loops": 4,
                      "Hash Buckets": 1048576,
                      "Original Hash Buckets": 1048576,
                      "Hash Batches": 1,
                      "Original Hash Batches": 1,
                      "Peak Memory Usage": 61088,
                      "Plans": [
                        {
                          "Node Type": "Hash Join",
                          "Parent Relationship": "Outer",
                          "Parallel Aware": true,
                          "Join Type": "Inner",
                          "Startup Cost": 17938.01,
                          "Total Cost": 88603.94,
                          "Plan Rows": 225336,
                          "Plan Width": 24,
                          "Actual Startup Time": 165.329,
                          "Actual Total Time": 700.388,
                          "Actual Rows": 225336,
                          "Actual Loops": 4,
                          "Inner Unique": false,
                          "Hash Cond": "(n1.id = a1.person_id)",
                          "Plans": [
                            {
                              "Node Type": "Seq Scan",
                              "Parent Relationship": "Outer",
                              "Parallel Aware": true,
                              "Relation Name": "name",
                              "Alias": "n1",
                              "Startup Cost": 0.0,
                              "Total Cost": 66031.94,
                              "Plan Rows": 1041894,
                              "Plan Width": 4,
                              "Actual Startup Time": 0.031,
                              "Actual Total Time": 155.349,
                              "Actual Rows": 1041873,
                              "Actual Loops": 4
                            },
                            {
                              "Node Type": "Hash",
                              "Parent Relationship": "Inner",
                              "Parallel Aware": true,
                              "Startup Cost": 14303.56,
                              "Total Cost": 14303.56,
                              "Plan Rows": 290756,
                              "Plan Width": 20,
                              "Actual Startup Time": 163.01,
                              "Actual Total Time": 163.011,
                              "Actual Rows": 225336,
                              "Actual Loops": 4,
                              "Hash Buckets": 1048576,
                              "Original Hash Buckets": 1048576,
                              "Hash Batches": 1,
                              "Original Hash Batches": 1,
                              "Peak Memory Usage": 58112,
                              "Plans": [
                                {
                                  "Node Type": "Seq Scan",
                                  "Parent Relationship": "Outer",
                                  "Parallel Aware": true,
                                  "Relation Name": "aka_name",
                                  "Alias": "a1",
                                  "Startup Cost": 0.0,
                                  "Total Cost": 14303.56,
                                  "Plan Rows": 290756,
                                  "Plan Width": 20,
                                  "Actual Startup Time": 0.049,
                                  "Actual Total Time": 53.481,
                                  "Actual Rows": 225336,
                                  "Actual Loops": 4
                                }
                              ]
                            }
                          ]
                        }
                      ]
                    }
                  ]
                }
              ]
            }
          ]
        }
      ]
    },
    "Planning Time": 12.53,
    "Triggers": [],
    "Execution Time": 4878.281
  }
]