[
  {
    "Plan": {
      "Node Type": "Aggregate",
      "Strategy": "Plain",
      "Partial Mode": "Finalize",
      "Parallel Aware": false,
      "Startup Cost": 41740.2,
      "Total Cost": 41740.21,
      "Plan Rows": 1,
      "Plan Width": 8,
      "Actual Startup Time": 72.877,
      "Actual Total Time": 81.084,
      "Actual Rows": 1,
      "Actual Loops": 1,
      "Plans": [
        {
          "Node Type": "Gather",
          "Parent Relationship": "Outer",
          "Parallel Aware": false,
          "Startup Cost": 41739.78,
          "Total Cost": 41740.19,
          "Plan Rows": 4,
          "Plan Width": 8,
          "Actual Startup Time": 72.314,
          "Actual Total Time": 81.076,
          "Actual Rows": 5,
          "Actual Loops": 1,
          "Workers Planned": 4,
          "Workers Launched": 4,
          "Single Copy": false,
          "Plans": [
            {
              "Node Type": "Aggregate",
              "Strategy": "Plain",
              "Partial Mode": "Partial",
              "Parent Relationship": "Outer",
              "Parallel Aware": false,
              "Startup Cost": 40739.78,
              "Total Cost": 40739.79,
              "Plan Rows": 1,
              "Plan Width": 8,
              "Actual Startup Time": 62.323,
              "Actual Total Time": 62.324,
              "Actual Rows": 1,
              "Actual Loops": 5,
              "Plans": [
                {
                  "Node Type": "Nested Loop",
                  "Parent Relationship": "Outer",
                  "Parallel Aware": false,
                  "Join Type": "Inner",
                  "Startup Cost": 1698.01,
                  "Total Cost": 40739.43,
                  "Plan Rows": 138,
                  "Plan Width": 0,
                  "Actual Startup Time": 12.409,
                  "Actual Total Time": 62.259,
                  "Actual Rows": 310,
                  "Actual Loops": 5,
                  "Inner Unique": false,
                  "Plans": [
                    {
                      "Node Type": "Bitmap Heap Scan",
                      "Parent Relationship": "Outer",
                      "Parallel Aware": true,
                      "Relation Name": "title",
                      "Alias": "t",
                      "Startup Cost": 1697.58,
                      "Total Cost": 38052.09,
                      "Plan Rows": 134,
                      "Plan Width": 4,
                      "Actual Startup Time": 12.215,
                      "Actual Total Time": 58.89,
                      "Actual Rows": 165,
                      "Actual Loops": 5,
                      "Recheck Cond": "(kind_id = 2)",
                      "Rows Removed by Index Recheck": 0,
                      "Filter": "(production_year = 1982)",
                      "Rows Removed by Filter": 18005,
                      "Exact Heap Blocks": 12567,
                      "Lossy Heap Blocks": 0,
                      "Plans": [
                        {
                          "Node Type": "Bitmap Index Scan",
                          "Parent Relationship": "Outer",
                          "Parallel Aware": false,
                          "Index Name": "kind_id_title",
                          "Startup Cost": 0.0,
                          "Total Cost": 1697.45,
                          "Plan Rows": 95069,
                          "Plan Width": 0,
                          "Actual Startup Time": 14.322,
                          "Actual Total Time": 14.322,
                          "Actual Rows": 90852,
                          "Actual Loops": 1,
                          "Index Cond": "(kind_id = 2)"
                        }
                      ]
                    },
                    {
                      "Node Type": "Index Only Scan",
                      "Parent Relationship": "Inner",
                      "Parallel Aware": false,
                      "Scan Direction": "Forward",
                      "Index Name": "movie_id_movie_companies",
                      "Relation Name": "movie_companies",
                      "Alias": "mc",
                      "Startup Cost": 0.43,
                      "Total Cost": 20.0,
                      "Plan Rows": 5,
                      "Plan Width": 4,
                      "Actual Startup Time": 0.016,
                      "Actual Total Time": 0.019,
                      "Actual Rows": 2,
                      "Actual Loops": 826,
                      "Index Cond": "(movie_id = t.id)",
                      "Rows Removed by Index Recheck": 0,
                      "Heap Fetches": 1549
                    }
                  ]
                }
              ]
            }
          ]
        }
      ]
    },
    "Planning Time": 0.566,
    "Triggers": [],
    "Execution Time": 81.166
  }
]