[
  {
    "Plan": {
      "Node Type": "Aggregate",
      "Strategy": "Plain",
      "Partial Mode": "Finalize",
      "Parallel Aware": false,
      "Startup Cost": 349610.96,
      "Total Cost": 349610.97,
      "Plan Rows": 1,
      "Plan Width": 8,
      "Actual Startup Time": 993.175,
      "Actual Total Time": 1043.74,
      "Actual Rows": 1,
      "Actual Loops": 1,
      "Plans": [
        {
          "Node Type": "Gather",
          "Parent Relationship": "Outer",
          "Parallel Aware": false,
          "Startup Cost": 349610.34,
          "Total Cost": 349610.95,
          "Plan Rows": 6,
          "Plan Width": 8,
          "Actual Startup Time": 992.966,
          "Actual Total Time": 1043.727,
          "Actual Rows": 7,
          "Actual Loops": 1,
          "Workers Planned": 6,
          "Workers Launched": 6,
          "Single Copy": false,
          "Plans": [
            {
              "Node Type": "Aggregate",
              "Strategy": "Plain",
              "Partial Mode": "Partial",
              "Parent Relationship": "Outer",
              "Parallel Aware": false,
              "Startup Cost": 348610.34,
              "Total Cost": 348610.35,
              "Plan Rows": 1,
              "Plan Width": 8,
              "Actual Startup Time": 984.179,
              "Actual Total Time": 984.181,
              "Actual Rows": 1,
              "Actual Loops": 7,
              "Plans": [
                {
                  "Node Type": "Seq Scan",
                  "Parent Relationship": "Outer",
                  "Parallel Aware": true,
                  "Relation Name": "cast_info",
                  "Alias": "ci",
                  "Startup Cost": 0.0,
                  "Total Cost": 343316.27,
                  "Plan Rows": 2117626,
                  "Plan Width": 0,
                  "Actual Startup Time": 260.926,
                  "Actual Total Time": 822.439,
                  "Actual Rows": 2693974,
                  "Actual Loops": 7,
                  "Filter": "((person_id > 1669396) AND (role_id > 1))",
                  "Rows Removed by Filter": 2483790
                }
              ]
            }
          ]
        }
      ]
    },
    "Planning Time": 0.152,
    "Triggers": [],
    "Execution Time": 1043.801
  }
]