{
  "Plan": {
    "Node Type": "Aggregate",
    "Strategy": "Plain",
    "Partial Mode": "Finalize",
    "Parallel Aware": false,
    "Startup Cost": 82529.78,
    "Total Cost": 82529.79,
    "Plan Rows": 1,
    "Plan Width": 8,
    "Actual Startup Time": 234.572,
    "Actual Total Time": 247.055,
    "Actual Rows": 1,
    "Actual Loops": 1,
    "Plans": [
      {
        "Node Type": "Gather",
        "Parent Relationship": "Outer",
        "Parallel Aware": false,
        "Startup Cost": 82529.67,
        "Total Cost": 82529.78,
        "Plan Rows": 1,
        "Plan Width": 8,
        "Actual Startup Time": 234.38,
        "Actual Total Time": 247.048,
        "Actual Rows": 2,
        "Actual Loops": 1,
        "Workers Planned": 1,
        "Workers Launched": 1,
        "Single Copy": false,
        "Plans": [
          {
            "Node Type": "Aggregate",
            "Strategy": "Plain",
            "Partial Mode": "Partial",
            "Parent Relationship": "Outer",
            "Parallel Aware": false,
            "Startup Cost": 81529.67,
            "Total Cost": 81529.68,
            "Plan Rows": 1,
            "Plan Width": 8,
            "Actual Startup Time": 228.554,
            "Actual Total Time": 228.558,
            "Actual Rows": 1,
            "Actual Loops": 2,
            "Plans": [
              {
                "Node Type": "Hash Join",
                "Parent Relationship": "Outer",
                "Parallel Aware": true,
                "Join Type": "Inner",
                "Startup Cost": 20403.62,
                "Total Cost": 81505.18,
                "Plan Rows": 9796,
                "Plan Width": 0,
                "Actual Startup Time": 45.236,
                "Actual Total Time": 228.528,
                "Actual Rows": 110,
                "Actual Loops": 2,
                "Inner Unique": false,
                "Hash Cond": "(t.id = mc.movie_id)",
                "Plans": [
                  {
                    "Node Type": "Seq Scan",
                    "Parent Relationship": "Outer",
                    "Parallel Aware": true,
                    "Relation Name": "title",
                    "Alias": "t",
                    "Startup Cost": 0.0,
                    "Total Cost": 54588.39,
                    "Plan Rows": 1032888,
                    "Plan Width": 4,
                    "Actual Startup Time": 0.013,
                    "Actual Total Time": 144.928,
                    "Actual Rows": 874516,
                    "Actual Loops": 2,
                    "Filter": "(production_year > 1990)",
                    "Rows Removed by Filter": 389640
                  },
                  {
                    "Node Type": "Hash",
                    "Parent Relationship": "Inner",
                    "Parallel Aware": true,
                    "Startup Cost": 20227.3,
                    "Total Cost": 20227.3,
                    "Plan Rows": 14105,
                    "Plan Width": 4,
                    "Actual Startup Time": 23.152,
                    "Actual Total Time": 23.153,
                    "Actual Rows": 2594,
                    "Actual Loops": 2,
                    "Hash Buckets": 32768,
                    "Original Hash Buckets": 32768,
                    "Hash Batches": 1,
                    "Original Hash Batches": 1,
                    "Peak Memory Usage": 512,
                    "Plans": [
                      {
                        "Node Type": "Bitmap Heap Scan",
                        "Parent Relationship": "Outer",
                        "Parallel Aware": true,
                        "Relation Name": "movie_companies",
                        "Alias": "mc",
                        "Startup Cost": 1020.61,
                        "Total Cost": 20227.3,
                        "Plan Rows": 14105,
                        "Plan Width": 4,
                        "Actual Startup Time": 20.348,
                        "Actual Total Time": 22.32,
                        "Actual Rows": 2594,
                        "Actual Loops": 2,
                        "Recheck Cond": "(company_id = 19)",
                        "Rows Removed by Index Recheck": 0,
                        "Filter": "(company_type_id = 2)",
                        "Rows Removed by Filter": 21032,
                        "Exact Heap Blocks": 4295,
                        "Lossy Heap Blocks": 0,
                        "Plans": [
                          {
                            "Node Type": "Bitmap Index Scan",
                            "Parent Relationship": "Outer",
                            "Parallel Aware": false,
                            "Index Name": "company_id_movie_companies",
                            "Startup Cost": 0.0,
                            "Total Cost": 1014.62,
                            "Plan Rows": 47225,
                            "Plan Width": 0,
                            "Actual Startup Time": 7.849,
                            "Actual Total Time": 7.849,
                            "Actual Rows": 47252,
                            "Actual Loops": 1,
                            "Index Cond": "(company_id = 19)"
                          }
                        ]
                      }
                    ]
                  }
                ]
              }
            ]
          }
        ]
      }
    ]
  },
  "Planning Time": 0.689,
  "Triggers": [],
  "Execution Time": 247.144
}