[
  {
    "Plan": {
      "Node Type": "Aggregate",
      "Strategy": "Plain",
      "Partial Mode": "Finalize",
      "Parallel Aware": false,
      "Startup Cost": 423154.58,
      "Total Cost": 423154.59,
      "Plan Rows": 1,
      "Plan Width": 8,
      "Actual Startup Time": 1483.681,
      "Actual Total Time": 1548.223,
      "Actual Rows": 1,
      "Actual Loops": 1,
      "Plans": [
        {
          "Node Type": "Gather",
          "Parent Relationship": "Outer",
          "Parallel Aware": false,
          "Startup Cost": 423153.95,
          "Total Cost": 423154.56,
          "Plan Rows": 6,
          "Plan Width": 8,
          "Actual Startup Time": 1445.147,
          "Actual Total Time": 1548.21,
          "Actual Rows": 7,
          "Actual Loops": 1,
          "Workers Planned": 6,
          "Workers Launched": 6,
          "Single Copy": false,
          "Plans": [
            {
              "Node Type": "Aggregate",
              "Strategy": "Plain",
              "Partial Mode": "Partial",
              "Parent Relationship": "Outer",
              "Parallel Aware": false,
              "Startup Cost": 422153.95,
              "Total Cost": 422153.96,
              "Plan Rows": 1,
              "Plan Width": 8,
              "Actual Startup Time": 1430.388,
              "Actual Total Time": 1431.077,
              "Actual Rows": 1,
              "Actual Loops": 7,
              "Plans": [
                {
                  "Node Type": "Hash Join",
                  "Parent Relationship": "Outer",
                  "Parallel Aware": true,
                  "Join Type": "Inner",
                  "Startup Cost": 88098.96,
                  "Total Cost": 420829.62,
                  "Plan Rows": 529733,
                  "Plan Width": 0,
                  "Actual Startup Time": 887.852,
                  "Actual Total Time": 1372.105,
                  "Actual Rows": 1259743,
                  "Actual Loops": 7,
                  "Inner Unique": false,
                  "Hash Cond": "(ci.movie_id = t.id)",
                  "Plans": [
                    {
                      "Node Type": "Seq Scan",
                      "Parent Relationship": "Outer",
                      "Parallel Aware": true,
                      "Relation Name": "cast_info",
                      "Alias": "ci",
                      "Startup Cost": 0.0,
                      "Total Cost": 328162.03,
                      "Plan Rows": 762618,
                      "Plan Width": 4,
                      "Actual Startup Time": 375.647,
                      "Actual Total Time": 519.636,
                      "Actual Rows": 625873,
                      "Actual Loops": 7,
                      "Filter": "(person_id > 3260517)",
                      "Rows Removed by Filter": 4551891
                    },
                    {
                      "Node Type": "Hash",
                      "Parent Relationship": "Inner",
                      "Parallel Aware": true,
                      "Startup Cost": 81017.44,
                      "Total Cost": 81017.44,
                      "Plan Rows": 566521,
                      "Plan Width": 8,
                      "Actual Startup Time": 507.194,
                      "Actual Total Time": 507.881,
                      "Actual Rows": 251546,
                      "Actual Loops": 7,
                      "Hash Buckets": 2097152,
                      "Original Hash Buckets": 2097152,
                      "Hash Batches": 1,
                      "Original Hash Batches": 1,
                      "Peak Memory Usage": 85312,
                      "Plans": [
                        {
                          "Node Type": "Hash Join",
                          "Parent Relationship": "Outer",
                          "Parallel Aware": true,
                          "Join Type": "Inner",
                          "Startup Cost": 50219.64,
                          "Total Cost": 81017.44,
                          "Plan Rows": 566521,
                          "Plan Width": 8,
                          "Actual Startup Time": 255.026,
                          "Actual Total Time": 405.441,
                          "Actual Rows": 251546,
                          "Actual Loops": 7,
                          "Inner Unique": true,
                          "Hash Cond": "(mc.movie_id = t.id)",
                          "Plans": [
                            {
                              "Node Type": "Seq Scan",
                              "Parent Relationship": "Outer",
                              "Parallel Aware": true,
                              "Relation Name": "movie_companies",
                              "Alias": "mc",
                              "Startup Cost": 0.0,
                              "Total Cost": 29310.68,
                              "Plan Rows": 566521,
                              "Plan Width": 4,
                              "Actual Startup Time": 0.537,
                              "Actual Total Time": 50.575,
                              "Actual Rows": 251546,
                              "Actual Loops": 7,
                              "Filter": "(company_id > 2316)",
                              "Rows Removed by Filter": 121186
                            },
                            {
                              "Node Type": "Hash",
                              "Parent Relationship": "Inner",
                              "Parallel Aware": true,
                              "Startup Cost": 42318.73,
                              "Total Cost": 42318.73,
                              "Plan Rows": 632073,
                              "Plan Width": 4,
                              "Actual Startup Time": 250.597,
                              "Actual Total Time": 250.598,
                              "Actual Rows": 361187,
                              "Actual Loops": 7,
                              "Hash Buckets": 4194304,
                              "Original Hash Buckets": 4194304,
                              "Hash Batches": 1,
                              "Original Hash Batches": 1,
                              "Peak Memory Usage": 131744,
                              "Plans": [
                                {
                                  "Node Type": "Seq Scan",
                                  "Parent Relationship": "Outer",
                                  "Parallel Aware": true,
                                  "Relation Name": "title",
                                  "Alias": "t",
                                  "Startup Cost": 0.0,
                                  "Total Cost": 42318.73,
                                  "Plan Rows": 632073,
                                  "Plan Width": 4,
                                  "Actual Startup Time": 0.044,
                                  "Actual Total Time": 72.095,
                                  "Actual Rows": 361187,
                                  "Actual Loops": 7
                                }
                              ]
                            }
                          ]
                        }
                      ]
                    }
                  ]
                }
              ]
            }
          ]
        }
      ]
    },
    "Planning Time": 1.372,
    "Triggers": [],
    "Execution Time": 1548.314
  }
]