[
  {
    "Plan": {
      "Node Type": "Aggregate",
      "Strategy": "Plain",
      "Partial Mode": "Finalize",
      "Parallel Aware": false,
      "Startup Cost": 392223.65,
      "Total Cost": 392223.66,
      "Plan Rows": 1,
      "Plan Width": 8,
      "Actual Startup Time": 1395.969,
      "Actual Total Time": 1456.401,
      "Actual Rows": 1,
      "Actual Loops": 1,
      "Plans": [
        {
          "Node Type": "Gather",
          "Parent Relationship": "Outer",
          "Parallel Aware": false,
          "Startup Cost": 392223.02,
          "Total Cost": 392223.63,
          "Plan Rows": 6,
          "Plan Width": 8,
          "Actual Startup Time": 1394.882,
          "Actual Total Time": 1456.389,
          "Actual Rows": 7,
          "Actual Loops": 1,
          "Workers Planned": 6,
          "Workers Launched": 6,
          "Single Copy": false,
          "Plans": [
            {
              "Node Type": "Aggregate",
              "Strategy": "Plain",
              "Partial Mode": "Partial",
              "Parent Relationship": "Outer",
              "Parallel Aware": false,
              "Startup Cost": 391223.02,
              "Total Cost": 391223.03,
              "Plan Rows": 1,
              "Plan Width": 8,
              "Actual Startup Time": 1384.814,
              "Actual Total Time": 1384.816,
              "Actual Rows": 1,
              "Actual Loops": 7,
              "Plans": [
                {
                  "Node Type": "Hash Join",
                  "Parent Relationship": "Outer",
                  "Parallel Aware": true,
                  "Join Type": "Inner",
                  "Startup Cost": 46297.75,
                  "Total Cost": 389717.38,
                  "Plan Rows": 602255,
                  "Plan Width": 0,
                  "Actual Startup Time": 84.243,
                  "Actual Total Time": 1374.623,
                  "Actual Rows": 200737,
                  "Actual Loops": 7,
                  "Inner Unique": true,
                  "Hash Cond": "(ci.movie_id = t.id)",
                  "Plans": [
                    {
                      "Node Type": "Seq Scan",
                      "Parent Relationship": "Outer",
                      "Parallel Aware": true,
                      "Relation Name": "cast_info",
                      "Alias": "ci",
                      "Startup Cost": 0.0,
                      "Total Cost": 328162.03,
                      "Plan Rows": 5812414,
                      "Plan Width": 4,
                      "Actual Startup Time": 0.024,
                      "Actual Total Time": 641.339,
                      "Actual Rows": 4986347,
                      "Actual Loops": 7,
                      "Filter": "(person_id < 3802242)",
                      "Rows Removed by Filter": 191416
                    },
                    {
                      "Node Type": "Hash",
                      "Parent Relationship": "Inner",
                      "Parallel Aware": true,
                      "Startup Cost": 45479.1,
                      "Total Cost": 45479.1,
                      "Plan Rows": 65492,
                      "Plan Width": 4,
                      "Actual Startup Time": 82.316,
                      "Actual Total Time": 82.316,
                      "Actual Rows": 19996,
                      "Actual Loops": 7,
                      "Hash Buckets": 262144,
                      "Original Hash Buckets": 262144,
                      "Hash Batches": 1,
                      "Original Hash Batches": 1,
                      "Peak Memory Usage": 7680,
                      "Plans": [
                        {
                          "Node Type": "Seq Scan",
                          "Parent Relationship": "Outer",
                          "Parallel Aware": true,
                          "Relation Name": "title",
                          "Alias": "t",
                          "Startup Cost": 0.0,
                          "Total Cost": 45479.1,
                          "Plan Rows": 65492,
                          "Plan Width": 4,
                          "Actual Startup Time": 0.036,
                          "Actual Total Time": 73.092,
                          "Actual Rows": 19996,
                          "Actual Loops": 7,
                          "Filter": "((kind_id > 1) AND (production_year < 1970))",
                          "Rows Removed by Filter": 341191
                        }
                      ]
                    }
                  ]
                }
              ]
            }
          ]
        }
      ]
    },
    "Planning Time": 0.619,
    "Triggers": [],
    "Execution Time": 1456.488
  }
]