[
  {
    "Plan": {
      "Node Type": "Aggregate",
      "Strategy": "Plain",
      "Partial Mode": "Finalize",
      "Parallel Aware": false,
      "Startup Cost": 30709.47,
      "Total Cost": 30709.48,
      "Plan Rows": 1,
      "Plan Width": 8,
      "Actual Startup Time": 64.995,
      "Actual Total Time": 69.965,
      "Actual Rows": 1,
      "Actual Loops": 1,
      "Plans": [
        {
          "Node Type": "Gather",
          "Parent Relationship": "Outer",
          "Parallel Aware": false,
          "Startup Cost": 30709.16,
          "Total Cost": 30709.47,
          "Plan Rows": 3,
          "Plan Width": 8,
          "Actual Startup Time": 64.91,
          "Actual Total Time": 69.959,
          "Actual Rows": 4,
          "Actual Loops": 1,
          "Workers Planned": 3,
          "Workers Launched": 3,
          "Single Copy": false,
          "Plans": [
            {
              "Node Type": "Aggregate",
              "Strategy": "Plain",
              "Partial Mode": "Partial",
              "Parent Relationship": "Outer",
              "Parallel Aware": false,
              "Startup Cost": 29709.16,
              "Total Cost": 29709.17,
              "Plan Rows": 1,
              "Plan Width": 8,
              "Actual Startup Time": 62.12,
              "Actual Total Time": 62.12,
              "Actual Rows": 1,
              "Actual Loops": 4,
              "Plans": [
                {
                  "Node Type": "Seq Scan",
                  "Parent Relationship": "Outer",
                  "Parallel Aware": true,
                  "Relation Name": "movie_companies",
                  "Alias": "mc",
                  "Startup Cost": 0.0,
                  "Total Cost": 29310.68,
                  "Plan Rows": 159390,
                  "Plan Width": 0,
                  "Actual Startup Time": 29.194,
                  "Actual Total Time": 56.86,
                  "Actual Rows": 123673,
                  "Actual Loops": 4,
                  "Filter": "(company_id > 74453)",
                  "Rows Removed by Filter": 528609
                }
              ]
            }
          ]
        }
      ]
    },
    "Planning Time": 0.074,
    "Triggers": [],
    "Execution Time": 69.987
  }
]