[
    {
        "Bao": {
            "Bao prediction": "NaN",
            "Bao recommended hint": "(no hint)"
        }
    },
    {
        "Plan": {
            "Node Type": "Aggregate",
            "Strategy": "Plain",
            "Partial Mode": "Finalize",
            "Parallel Aware": false,
            "Startup Cost": 348948.91,
            "Total Cost": 348948.92,
            "Plan Rows": 1,
            "Plan Width": 8,
            "Actual Startup Time": 775.872,
            "Actual Total Time": 810.583,
            "Actual Rows": 1,
            "Actual Loops": 1,
            "Output": [
                "count(*)"
            ],
            "Plans": [
                {
                    "Node Type": "Gather",
                    "Parent Relationship": "Outer",
                    "Parallel Aware": false,
                    "Startup Cost": 348948.28,
                    "Total Cost": 348948.89,
                    "Plan Rows": 6,
                    "Plan Width": 8,
                    "Actual Startup Time": 775.769,
                    "Actual Total Time": 810.571,
                    "Actual Rows": 7,
                    "Actual Loops": 1,
                    "Output": [
                        "(PARTIAL count(*))"
                    ],
                    "Workers Planned": 6,
                    "Workers Launched": 6,
                    "Single Copy": false,
                    "Plans": [
                        {
                            "Node Type": "Aggregate",
                            "Strategy": "Plain",
                            "Partial Mode": "Partial",
                            "Parent Relationship": "Outer",
                            "Parallel Aware": false,
                            "Startup Cost": 347948.28,
                            "Total Cost": 347948.29,
                            "Plan Rows": 1,
                            "Plan Width": 8,
                            "Actual Startup Time": 765.666,
                            "Actual Total Time": 765.667,
                            "Actual Rows": 1,
                            "Actual Loops": 7,
                            "Output": [
                                "PARTIAL count(*)"
                            ],
                            "Workers": [
                                {
                                    "Worker Number": 0,
                                    "Actual Startup Time": 763.416,
                                    "Actual Total Time": 763.417,
                                    "Actual Rows": 1,
                                    "Actual Loops": 1
                                },
                                {
                                    "Worker Number": 1,
                                    "Actual Startup Time": 763.4,
                                    "Actual Total Time": 763.401,
                                    "Actual Rows": 1,
                                    "Actual Loops": 1
                                },
                                {
                                    "Worker Number": 2,
                                    "Actual Startup Time": 763.39,
                                    "Actual Total Time": 763.391,
                                    "Actual Rows": 1,
                                    "Actual Loops": 1
                                },
                                {
                                    "Worker Number": 3,
                                    "Actual Startup Time": 764.566,
                                    "Actual Total Time": 764.567,
                                    "Actual Rows": 1,
                                    "Actual Loops": 1
                                },
                                {
                                    "Worker Number": 4,
                                    "Actual Startup Time": 764.626,
                                    "Actual Total Time": 764.627,
                                    "Actual Rows": 1,
                                    "Actual Loops": 1
                                },
                                {
                                    "Worker Number": 5,
                                    "Actual Startup Time": 764.924,
                                    "Actual Total Time": 764.925,
                                    "Actual Rows": 1,
                                    "Actual Loops": 1
                                }
                            ],
                            "Plans": [
                                {
                                    "Node Type": "Seq Scan",
                                    "Parent Relationship": "Outer",
                                    "Parallel Aware": true,
                                    "Relation Name": "cast_info",
                                    "Schema": "public",
                                    "Alias": "ci",
                                    "Startup Cost": 0.0,
                                    "Total Cost": 343318.94,
                                    "Plan Rows": 1851737,
                                    "Plan Width": 0,
                                    "Actual Startup Time": 229.498,
                                    "Actual Total Time": 651.567,
                                    "Actual Rows": 2462011,
                                    "Actual Loops": 7,
                                    "Output": [
                                        "id",
                                        "person_id",
                                        "movie_id",
                                        "person_role_id",
                                        "note",
                                        "nr_order",
                                        "role_id"
                                    ],
                                    "Filter": "((ci.person_id > 1897839) AND (ci.role_id > 1))",
                                    "Rows Removed by Filter": 2715753,
                                    "Workers": [
                                        {
                                            "Worker Number": 0,
                                            "Actual Startup Time": 227.271,
                                            "Actual Total Time": 654.139,
                                            "Actual Rows": 2643373,
                                            "Actual Loops": 1
                                        },
                                        {
                                            "Worker Number": 1,
                                            "Actual Startup Time": 227.242,
                                            "Actual Total Time": 651.857,
                                            "Actual Rows": 2667150,
                                            "Actual Loops": 1
                                        },
                                        {
                                            "Worker Number": 2,
                                            "Actual Startup Time": 227.223,
                                            "Actual Total Time": 652.026,
                                            "Actual Rows": 2686147,
                                            "Actual Loops": 1
                                        },
                                        {
                                            "Worker Number": 3,
                                            "Actual Startup Time": 228.369,
                                            "Actual Total Time": 650.81,
                                            "Actual Rows": 1711312,
                                            "Actual Loops": 1
                                        },
                                        {
                                            "Worker Number": 4,
                                            "Actual Startup Time": 228.451,
                                            "Actual Total Time": 652.686,
                                            "Actual Rows": 2695566,
                                            "Actual Loops": 1
                                        },
                                        {
                                            "Worker Number": 5,
                                            "Actual Startup Time": 228.748,
                                            "Actual Total Time": 655.888,
                                            "Actual Rows": 2657284,
                                            "Actual Loops": 1
                                        }
                                    ]
                                }
                            ]
                        }
                    ]
                }
            ]
        },
        "Planning Time": 286.105,
        "Triggers": [],
        "Execution Time": 810.644
    }
]