[
  {
    "Plan": {
      "Node Type": "Aggregate",
      "Strategy": "Plain",
      "Partial Mode": "Finalize",
      "Parallel Aware": false,
      "Startup Cost": 111289.69,
      "Total Cost": 111289.7,
      "Plan Rows": 1,
      "Plan Width": 8,
      "Actual Startup Time": 704.557,
      "Actual Total Time": 722.838,
      "Actual Rows": 1,
      "Actual Loops": 1,
      "Plans": [
        {
          "Node Type": "Gather",
          "Parent Relationship": "Outer",
          "Parallel Aware": false,
          "Startup Cost": 111289.37,
          "Total Cost": 111289.68,
          "Plan Rows": 3,
          "Plan Width": 8,
          "Actual Startup Time": 699.978,
          "Actual Total Time": 722.827,
          "Actual Rows": 4,
          "Actual Loops": 1,
          "Workers Planned": 3,
          "Workers Launched": 3,
          "Single Copy": false,
          "Plans": [
            {
              "Node Type": "Aggregate",
              "Strategy": "Plain",
              "Partial Mode": "Partial",
              "Parent Relationship": "Outer",
              "Parallel Aware": false,
              "Startup Cost": 110289.37,
              "Total Cost": 110289.38,
              "Plan Rows": 1,
              "Plan Width": 8,
              "Actual Startup Time": 690.911,
              "Actual Total Time": 691.017,
              "Actual Rows": 1,
              "Actual Loops": 4,
              "Plans": [
                {
                  "Node Type": "Hash Join",
                  "Parent Relationship": "Outer",
                  "Parallel Aware": true,
                  "Join Type": "Inner",
                  "Startup Cost": 64442.96,
                  "Total Cost": 109791.9,
                  "Plan Rows": 198989,
                  "Plan Width": 0,
                  "Actual Startup Time": 334.072,
                  "Actual Total Time": 614.285,
                  "Actual Rows": 1882310,
                  "Actual Loops": 4,
                  "Inner Unique": false,
                  "Hash Cond": "(mk.movie_id = t.id)",
                  "Plans": [
                    {
                      "Node Type": "Seq Scan",
                      "Parent Relationship": "Outer",
                      "Parallel Aware": true,
                      "Relation Name": "movie_keyword",
                      "Alias": "mk",
                      "Startup Cost": 0.0,
                      "Total Cost": 39047.32,
                      "Plan Rows": 1459332,
                      "Plan Width": 4,
                      "Actual Startup Time": 0.042,
                      "Actual Total Time": 87.016,
                      "Actual Rows": 1130982,
                      "Actual Loops": 4
                    },
                    {
                      "Node Type": "Hash",
                      "Parent Relationship": "Inner",
                      "Parallel Aware": true,
                      "Startup Cost": 62647.4,
                      "Total Cost": 62647.4,
                      "Plan Rows": 143645,
                      "Plan Width": 8,
                      "Actual Startup Time": 296.181,
                      "Actual Total Time": 296.286,
                      "Actual Rows": 154433,
                      "Actual Loops": 4,
                      "Hash Buckets": 1048576,
                      "Original Hash Buckets": 524288,
                      "Hash Batches": 1,
                      "Original Hash Batches": 1,
                      "Peak Memory Usage": 36512,
                      "Plans": [
                        {
                          "Node Type": "Hash Join",
                          "Parent Relationship": "Outer",
                          "Parallel Aware": true,
                          "Join Type": "Inner",
                          "Startup Cost": 47452.84,
                          "Total Cost": 62647.4,
                          "Plan Rows": 143645,
                          "Plan Width": 8,
                          "Actual Startup Time": 191.25,
                          "Actual Total Time": 252.541,
                          "Actual Rows": 154433,
                          "Actual Loops": 4,
                          "Inner Unique": true,
                          "Hash Cond": "(mi_idx.movie_id = t.id)",
                          "Plans": [
                            {
                              "Node Type": "Seq Scan",
                              "Parent Relationship": "Outer",
                              "Parallel Aware": true,
                              "Relation Name": "movie_info_idx",
                              "Alias": "mi_idx",
                              "Startup Cost": 0.0,
                              "Total Cost": 13685.15,
                              "Plan Rows": 575015,
                              "Plan Width": 4,
                              "Actual Startup Time": 0.032,
                              "Actual Total Time": 28.196,
                              "Actual Rows": 345009,
                              "Actual Loops": 4
                            },
                            {
                              "Node Type": "Hash",
                              "Parent Relationship": "Inner",
                              "Parallel Aware": true,
                              "Startup Cost": 45479.1,
                              "Total Cost": 45479.1,
                              "Plan Rows": 157899,
                              "Plan Width": 4,
                              "Actual Startup Time": 160.172,
                              "Actual Total Time": 160.173,
                              "Actual Rows": 151148,
                              "Actual Loops": 4,
                              "Hash Buckets": 1048576,
                              "Original Hash Buckets": 1048576,
                              "Hash Batches": 1,
                              "Original Hash Batches": 1,
                              "Peak Memory Usage": 31904,
                              "Plans": [
                                {
                                  "Node Type": "Seq Scan",
                                  "Parent Relationship": "Outer",
                                  "Parallel Aware": true,
                                  "Relation Name": "title",
                                  "Alias": "t",
                                  "Startup Cost": 0.0,
                                  "Total Cost": 45479.1,
                                  "Plan Rows": 157899,
                                  "Plan Width": 4,
                                  "Actual Startup Time": 48.724,
                                  "Actual Total Time": 105.157,
                                  "Actual Rows": 151148,
                                  "Actual Loops": 4,
                                  "Filter": "((production_year > 1913) AND (kind_id = 1))",
                                  "Rows Removed by Filter": 480930
                                }
                              ]
                            }
                          ]
                        }
                      ]
                    }
                  ]
                }
              ]
            }
          ]
        }
      ]
    },
    "Planning Time": 1.301,
    "Triggers": [],
    "Execution Time": 722.916
  }
]