[
  {
    "Plan": {
      "Node Type": "Aggregate",
      "Strategy": "Plain",
      "Partial Mode": "Finalize",
      "Parallel Aware": false,
      "Startup Cost": 31060.44,
      "Total Cost": 31060.45,
      "Plan Rows": 1,
      "Plan Width": 8,
      "Actual Startup Time": 98.595,
      "Actual Total Time": 106.219,
      "Actual Rows": 1,
      "Actual Loops": 1,
      "Plans": [
        {
          "Node Type": "Gather",
          "Parent Relationship": "Outer",
          "Parallel Aware": false,
          "Startup Cost": 31060.13,
          "Total Cost": 31060.44,
          "Plan Rows": 3,
          "Plan Width": 8,
          "Actual Startup Time": 98.471,
          "Actual Total Time": 106.135,
          "Actual Rows": 4,
          "Actual Loops": 1,
          "Workers Planned": 3,
          "Workers Launched": 3,
          "Single Copy": false,
          "Plans": [
            {
              "Node Type": "Aggregate",
              "Strategy": "Plain",
              "Partial Mode": "Partial",
              "Parent Relationship": "Outer",
              "Parallel Aware": false,
              "Startup Cost": 30060.13,
              "Total Cost": 30060.14,
              "Plan Rows": 1,
              "Plan Width": 8,
              "Actual Startup Time": 90.871,
              "Actual Total Time": 90.872,
              "Actual Rows": 1,
              "Actual Loops": 4,
              "Plans": [
                {
                  "Node Type": "Seq Scan",
                  "Parent Relationship": "Outer",
                  "Parallel Aware": true,
                  "Relation Name": "movie_companies",
                  "Alias": "mc",
                  "Startup Cost": 0.0,
                  "Total Cost": 29310.68,
                  "Plan Rows": 299778,
                  "Plan Width": 0,
                  "Actual Startup Time": 25.233,
                  "Actual Total Time": 80.961,
                  "Actual Rows": 235234,
                  "Actual Loops": 4,
                  "Filter": "(company_id > 18979)",
                  "Rows Removed by Filter": 417048
                }
              ]
            }
          ]
        }
      ]
    },
    "Planning Time": 0.252,
    "Triggers": [],
    "Execution Time": 106.273
  }
]