{
  "Plan": {
    "Node Type": "Aggregate",
    "Strategy": "Plain",
    "Partial Mode": "Finalize",
    "Parallel Aware": false,
    "Startup Cost": 82614.07,
    "Total Cost": 82614.08,
    "Plan Rows": 1,
    "Plan Width": 8,
    "Actual Startup Time": 305.797,
    "Actual Total Time": 315.922,
    "Actual Rows": 1,
    "Actual Loops": 1,
    "Plans": [
      {
        "Node Type": "Gather",
        "Parent Relationship": "Outer",
        "Parallel Aware": false,
        "Startup Cost": 82613.95,
        "Total Cost": 82614.06,
        "Plan Rows": 1,
        "Plan Width": 8,
        "Actual Startup Time": 305.568,
        "Actual Total Time": 315.914,
        "Actual Rows": 2,
        "Actual Loops": 1,
        "Workers Planned": 1,
        "Workers Launched": 1,
        "Single Copy": false,
        "Plans": [
          {
            "Node Type": "Aggregate",
            "Strategy": "Plain",
            "Partial Mode": "Partial",
            "Parent Relationship": "Outer",
            "Parallel Aware": false,
            "Startup Cost": 81613.95,
            "Total Cost": 81613.96,
            "Plan Rows": 1,
            "Plan Width": 8,
            "Actual Startup Time": 299.42,
            "Actual Total Time": 299.425,
            "Actual Rows": 1,
            "Actual Loops": 2,
            "Plans": [
              {
                "Node Type": "Hash Join",
                "Parent Relationship": "Outer",
                "Parallel Aware": true,
                "Join Type": "Inner",
                "Startup Cost": 21131.21,
                "Total Cost": 81519.34,
                "Plan Rows": 37846,
                "Plan Width": 0,
                "Actual Startup Time": 208.296,
                "Actual Total Time": 298.156,
                "Actual Rows": 30808,
                "Actual Loops": 2,
                "Inner Unique": false,
                "Hash Cond": "(t.id = mc.movie_id)",
                "Plans": [
                  {
                    "Node Type": "Seq Scan",
                    "Parent Relationship": "Outer",
                    "Parallel Aware": true,
                    "Relation Name": "title",
                    "Alias": "t",
                    "Startup Cost": 0.0,
                    "Total Cost": 50870.31,
                    "Plan Rows": 1487231,
                    "Plan Width": 4,
                    "Actual Startup Time": 0.016,
                    "Actual Total Time": 116.383,
                    "Actual Rows": 1264156,
                    "Actual Loops": 2
                  },
                  {
                    "Node Type": "Hash",
                    "Parent Relationship": "Inner",
                    "Parallel Aware": true,
                    "Startup Cost": 20658.14,
                    "Total Cost": 20658.14,
                    "Plan Rows": 37846,
                    "Plan Width": 4,
                    "Actual Startup Time": 32.858,
                    "Actual Total Time": 32.86,
                    "Actual Rows": 30808,
                    "Actual Loops": 2,
                    "Hash Buckets": 65536,
                    "Original Hash Buckets": 65536,
                    "Hash Batches": 1,
                    "Original Hash Batches": 1,
                    "Peak Memory Usage": 2976,
                    "Plans": [
                      {
                        "Node Type": "Bitmap Heap Scan",
                        "Parent Relationship": "Outer",
                        "Parallel Aware": true,
                        "Relation Name": "movie_companies",
                        "Alias": "mc",
                        "Startup Cost": 1395.06,
                        "Total Cost": 20658.14,
                        "Plan Rows": 37846,
                        "Plan Width": 4,
                        "Actual Startup Time": 5.065,
                        "Actual Total Time": 21.929,
                        "Actual Rows": 30808,
                        "Actual Loops": 2,
                        "Recheck Cond": "(company_id > 182633)",
                        "Rows Removed by Index Recheck": 0,
                        "Exact Heap Blocks": 1534,
                        "Lossy Heap Blocks": 0,
                        "Plans": [
                          {
                            "Node Type": "Bitmap Index Scan",
                            "Parent Relationship": "Outer",
                            "Parallel Aware": false,
                            "Index Name": "company_id_movie_companies",
                            "Startup Cost": 0.0,
                            "Total Cost": 1378.97,
                            "Plan Rows": 64339,
                            "Plan Width": 0,
                            "Actual Startup Time": 8.65,
                            "Actual Total Time": 8.651,
                            "Actual Rows": 61617,
                            "Actual Loops": 1,
                            "Index Cond": "(company_id > 182633)"
                          }
                        ]
                      }
                    ]
                  }
                ]
              }
            ]
          }
        ]
      }
    ]
  },
  "Planning Time": 0.649,
  "Triggers": [],
  "Execution Time": 316.072
}