{
  "Plan": {
    "Node Type": "Aggregate",
    "Strategy": "Plain",
    "Partial Mode": "Finalize",
    "Parallel Aware": false,
    "Startup Cost": 103782.84,
    "Total Cost": 103782.85,
    "Plan Rows": 1,
    "Plan Width": 8,
    "Actual Startup Time": 440.713,
    "Actual Total Time": 456.056,
    "Actual Rows": 1,
    "Actual Loops": 1,
    "Plans": [
      {
        "Node Type": "Gather",
        "Parent Relationship": "Outer",
        "Parallel Aware": false,
        "Startup Cost": 103782.73,
        "Total Cost": 103782.84,
        "Plan Rows": 1,
        "Plan Width": 8,
        "Actual Startup Time": 439.315,
        "Actual Total Time": 456.047,
        "Actual Rows": 2,
        "Actual Loops": 1,
        "Workers Planned": 1,
        "Workers Launched": 1,
        "Single Copy": false,
        "Plans": [
          {
            "Node Type": "Aggregate",
            "Strategy": "Plain",
            "Partial Mode": "Partial",
            "Parent Relationship": "Outer",
            "Parallel Aware": false,
            "Startup Cost": 102782.73,
            "Total Cost": 102782.74,
            "Plan Rows": 1,
            "Plan Width": 8,
            "Actual Startup Time": 435.886,
            "Actual Total Time": 435.89,
            "Actual Rows": 1,
            "Actual Loops": 2,
            "Plans": [
              {
                "Node Type": "Hash Join",
                "Parent Relationship": "Outer",
                "Parallel Aware": true,
                "Join Type": "Inner",
                "Startup Cost": 41646.34,
                "Total Cost": 102656.64,
                "Plan Rows": 50435,
                "Plan Width": 0,
                "Actual Startup Time": 190.965,
                "Actual Total Time": 431.816,
                "Actual Rows": 84590,
                "Actual Loops": 2,
                "Inner Unique": false,
                "Hash Cond": "(t.id = mc.movie_id)",
                "Plans": [
                  {
                    "Node Type": "Seq Scan",
                    "Parent Relationship": "Outer",
                    "Parallel Aware": true,
                    "Relation Name": "title",
                    "Alias": "t",
                    "Startup Cost": 0.0,
                    "Total Cost": 58306.47,
                    "Plan Rows": 385145,
                    "Plan Width": 4,
                    "Actual Startup Time": 0.015,
                    "Actual Total Time": 143.212,
                    "Actual Rows": 355590,
                    "Actual Loops": 2,
                    "Filter": "((kind_id < 7) AND (production_year < 2008))",
                    "Rows Removed by Filter": 908566
                  },
                  {
                    "Node Type": "Hash",
                    "Parent Relationship": "Inner",
                    "Parallel Aware": true,
                    "Startup Cost": 39211.9,
                    "Total Cost": 39211.9,
                    "Plan Rows": 194755,
                    "Plan Width": 4,
                    "Actual Startup Time": 185.793,
                    "Actual Total Time": 185.795,
                    "Actual Rows": 239052,
                    "Actual Loops": 2,
                    "Hash Buckets": 524288,
                    "Original Hash Buckets": 524288,
                    "Hash Batches": 1,
                    "Original Hash Batches": 1,
                    "Peak Memory Usage": 22848,
                    "Plans": [
                      {
                        "Node Type": "Bitmap Heap Scan",
                        "Parent Relationship": "Outer",
                        "Parallel Aware": true,
                        "Relation Name": "movie_companies",
                        "Alias": "mc",
                        "Startup Cost": 14487.47,
                        "Total Cost": 39211.9,
                        "Plan Rows": 194755,
                        "Plan Width": 4,
                        "Actual Startup Time": 43.527,
                        "Actual Total Time": 126.291,
                        "Actual Rows": 239052,
                        "Actual Loops": 2,
                        "Recheck Cond": "(company_id < 1031)",
                        "Rows Removed by Index Recheck": 0,
                        "Filter": "(company_type_id < 2)",
                        "Rows Removed by Filter": 94584,
                        "Exact Heap Blocks": 11917,
                        "Lossy Heap Blocks": 0,
                        "Plans": [
                          {
                            "Node Type": "Bitmap Index Scan",
                            "Parent Relationship": "Outer",
                            "Parallel Aware": false,
                            "Index Name": "company_id_movie_companies",
                            "Startup Cost": 0.0,
                            "Total Cost": 14404.7,
                            "Plan Rows": 672569,
                            "Plan Width": 0,
                            "Actual Startup Time": 40.778,
                            "Actual Total Time": 40.778,
                            "Actual Rows": 667273,
                            "Actual Loops": 1,
                            "Index Cond": "(company_id < 1031)"
                          }
                        ]
                      }
                    ]
                  }
                ]
              }
            ]
          }
        ]
      }
    ]
  },
  "Planning Time": 0.621,
  "Triggers": [],
  "Execution Time": 456.134
}