{
  "Plan": {
    "Node Type": "Aggregate",
    "Strategy": "Plain",
    "Partial Mode": "Finalize",
    "Parallel Aware": false,
    "Startup Cost": 852827.19,
    "Total Cost": 852827.2,
    "Plan Rows": 1,
    "Plan Width": 8,
    "Actual Startup Time": 7825.644,
    "Actual Total Time": 7890.497,
    "Actual Rows": 1,
    "Actual Loops": 1,
    "Plans": [
      {
        "Node Type": "Gather",
        "Parent Relationship": "Outer",
        "Parallel Aware": false,
        "Startup Cost": 852827.08,
        "Total Cost": 852827.19,
        "Plan Rows": 1,
        "Plan Width": 8,
        "Actual Startup Time": 7817.252,
        "Actual Total Time": 7890.489,
        "Actual Rows": 2,
        "Actual Loops": 1,
        "Workers Planned": 1,
        "Workers Launched": 1,
        "Single Copy": false,
        "Plans": [
          {
            "Node Type": "Aggregate",
            "Strategy": "Plain",
            "Partial Mode": "Partial",
            "Parent Relationship": "Outer",
            "Parallel Aware": false,
            "Startup Cost": 851827.08,
            "Total Cost": 851827.09,
            "Plan Rows": 1,
            "Plan Width": 8,
            "Actual Startup Time": 7803.104,
            "Actual Total Time": 7803.116,
            "Actual Rows": 1,
            "Actual Loops": 2,
            "Plans": [
              {
                "Node Type": "Hash Join",
                "Parent Relationship": "Outer",
                "Parallel Aware": true,
                "Join Type": "Inner",
                "Startup Cost": 501038.89,
                "Total Cost": 831182.09,
                "Plan Rows": 8257995,
                "Plan Width": 0,
                "Actual Startup Time": 2624.067,
                "Actual Total Time": 7018.584,
                "Actual Rows": 19995822,
                "Actual Loops": 2,
                "Inner Unique": false,
                "Hash Cond": "(mi.movie_id = t.id)",
                "Plans": [
                  {
                    "Node Type": "Seq Scan",
                    "Parent Relationship": "Outer",
                    "Parallel Aware": true,
                    "Relation Name": "movie_info",
                    "Alias": "mi",
                    "Startup Cost": 0.0,
                    "Total Cost": 248955.74,
                    "Plan Rows": 8696274,
                    "Plan Width": 4,
                    "Actual Startup Time": 0.016,
                    "Actual Total Time": 676.012,
                    "Actual Rows": 7417860,
                    "Actual Loops": 2
                  },
                  {
                    "Node Type": "Hash",
                    "Parent Relationship": "Inner",
                    "Parallel Aware": true,
                    "Startup Cost": 483385.42,
                    "Total Cost": 483385.42,
                    "Plan Rows": 1412277,
                    "Plan Width": 8,
                    "Actual Startup Time": 2598.578,
                    "Actual Total Time": 2598.588,
                    "Actual Rows": 1419442,
                    "Actual Loops": 2,
                    "Hash Buckets": 4194304,
                    "Original Hash Buckets": 4194304,
                    "Hash Batches": 1,
                    "Original Hash Batches": 1,
                    "Peak Memory Usage": 143872,
                    "Plans": [
                      {
                        "Node Type": "Hash Join",
                        "Parent Relationship": "Outer",
                        "Parallel Aware": true,
                        "Join Type": "Inner",
                        "Startup Cost": 182493.12,
                        "Total Cost": 483385.42,
                        "Plan Rows": 1412277,
                        "Plan Width": 8,
                        "Actual Startup Time": 744.623,
                        "Actual Total Time": 2113.153,
                        "Actual Rows": 1419442,
                        "Actual Loops": 2,
                        "Inner Unique": true,
                        "Hash Cond": "(ci.movie_id = t.id)",
                        "Plans": [
                          {
                            "Node Type": "Bitmap Heap Scan",
                            "Parent Relationship": "Outer",
                            "Parallel Aware": true,
                            "Relation Name": "cast_info",
                            "Alias": "ci",
                            "Startup Cost": 119666.96,
                            "Total Cost": 412193.05,
                            "Plan Rows": 3187127,
                            "Plan Width": 4,
                            "Actual Startup Time": 339.285,
                            "Actual Total Time": 703.516,
                            "Actual Rows": 2636144,
                            "Actual Loops": 2,
                            "Recheck Cond": "(person_id > 3134155)",
                            "Rows Removed by Index Recheck": 0,
                            "Exact Heap Blocks": 32459,
                            "Lossy Heap Blocks": 0,
                            "Plans": [
                              {
                                "Node Type": "Bitmap Index Scan",
                                "Parent Relationship": "Outer",
                                "Parallel Aware": false,
                                "Index Name": "person_id_cast_info",
                                "Startup Cost": 0.0,
                                "Total Cost": 118312.43,
                                "Plan Rows": 5418116,
                                "Plan Width": 0,
                                "Actual Startup Time": 314.511,
                                "Actual Total Time": 314.511,
                                "Actual Rows": 5272289,
                                "Actual Loops": 1,
                                "Index Cond": "(person_id > 3134155)"
                              }
                            ]
                          },
                          {
                            "Node Type": "Hash",
                            "Parent Relationship": "Inner",
                            "Parallel Aware": true,
                            "Startup Cost": 54588.39,
                            "Total Cost": 54588.39,
                            "Plan Rows": 659021,
                            "Plan Width": 4,
                            "Actual Startup Time": 395.668,
                            "Actual Total Time": 395.668,
                            "Actual Rows": 553962,
                            "Actual Loops": 2,
                            "Hash Buckets": 2097152,
                            "Original Hash Buckets": 2097152,
                            "Hash Batches": 1,
                            "Original Hash Batches": 1,
                            "Peak Memory Usage": 59776,
                            "Plans": [
                              {
                                "Node Type": "Seq Scan",
                                "Parent Relationship": "Outer",
                                "Parallel Aware": true,
                                "Relation Name": "title",
                                "Alias": "t",
                                "Startup Cost": 0.0,
                                "Total Cost": 54588.39,
                                "Plan Rows": 659021,
                                "Plan Width": 4,
                                "Actual Startup Time": 0.061,
                                "Actual Total Time": 202.553,
                                "Actual Rows": 553962,
                                "Actual Loops": 2,
                                "Filter": "(production_year > 2004)",
                                "Rows Removed by Filter": 710194
                              }
                            ]
                          }
                        ]
                      }
                    ]
                  }
                ]
              }
            ]
          }
        ]
      }
    ]
  },
  "Planning Time": 0.983,
  "Triggers": [],
  "Execution Time": 7890.604
}