[
  {
    "Plan": {
      "Node Type": "Aggregate",
      "Strategy": "Plain",
      "Partial Mode": "Simple",
      "Parallel Aware": false,
      "Startup Cost": 26840.66,
      "Total Cost": 26840.67,
      "Plan Rows": 1,
      "Plan Width": 8,
      "Actual Startup Time": 44.552,
      "Actual Total Time": 44.553,
      "Actual Rows": 1,
      "Actual Loops": 1,
      "Plans": [
        {
          "Node Type": "Bitmap Heap Scan",
          "Parent Relationship": "Outer",
          "Parallel Aware": false,
          "Relation Name": "movie_keyword",
          "Alias": "mk",
          "Startup Cost": 855.95,
          "Total Cost": 26740.17,
          "Plan Rows": 40196,
          "Plan Width": 0,
          "Actual Startup Time": 12.283,
          "Actual Total Time": 41.415,
          "Actual Rows": 33199,
          "Actual Loops": 1,
          "Recheck Cond": "(keyword_id < 41)",
          "Rows Removed by Index Recheck": 0,
          "Exact Heap Blocks": 12124,
          "Lossy Heap Blocks": 0,
          "Plans": [
            {
              "Node Type": "Bitmap Index Scan",
              "Parent Relationship": "Outer",
              "Parallel Aware": false,
              "Index Name": "keyword_id_movie_keyword",
              "Startup Cost": 0.0,
              "Total Cost": 845.9,
              "Plan Rows": 40196,
              "Plan Width": 0,
              "Actual Startup Time": 7.168,
              "Actual Total Time": 7.168,
              "Actual Rows": 33199,
              "Actual Loops": 1,
              "Index Cond": "(keyword_id < 41)"
            }
          ]
        }
      ]
    },
    "Planning Time": 0.248,
    "Triggers": [],
    "Execution Time": 44.612
  }
]