[
  {
    "Plan": {
      "Node Type": "Aggregate",
      "Strategy": "Plain",
      "Partial Mode": "Finalize",
      "Parallel Aware": false,
      "Startup Cost": 341117.73,
      "Total Cost": 341117.74,
      "Plan Rows": 1,
      "Plan Width": 8,
      "Actual Startup Time": 988.76,
      "Actual Total Time": 1060.602,
      "Actual Rows": 1,
      "Actual Loops": 1,
      "Plans": [
        {
          "Node Type": "Gather",
          "Parent Relationship": "Outer",
          "Parallel Aware": false,
          "Startup Cost": 341117.1,
          "Total Cost": 341117.71,
          "Plan Rows": 6,
          "Plan Width": 8,
          "Actual Startup Time": 988.419,
          "Actual Total Time": 1060.585,
          "Actual Rows": 7,
          "Actual Loops": 1,
          "Workers Planned": 6,
          "Workers Launched": 6,
          "Single Copy": false,
          "Plans": [
            {
              "Node Type": "Aggregate",
              "Strategy": "Plain",
              "Partial Mode": "Partial",
              "Parent Relationship": "Outer",
              "Parallel Aware": false,
              "Startup Cost": 340117.1,
              "Total Cost": 340117.11,
              "Plan Rows": 1,
              "Plan Width": 8,
              "Actual Startup Time": 979.681,
              "Actual Total Time": 979.683,
              "Actual Rows": 1,
              "Actual Loops": 7,
              "Plans": [
                {
                  "Node Type": "Seq Scan",
                  "Parent Relationship": "Outer",
                  "Parallel Aware": true,
                  "Relation Name": "cast_info",
                  "Alias": "ci",
                  "Startup Cost": 0.0,
                  "Total Cost": 328211.39,
                  "Plan Rows": 4762285,
                  "Plan Width": 0,
                  "Actual Startup Time": 0.055,
                  "Actual Total Time": 756.637,
                  "Actual Rows": 4087566,
                  "Actual Loops": 7,
                  "Filter": "(person_id < 2912175)",
                  "Rows Removed by Filter": 1090197
                }
              ]
            }
          ]
        }
      ]
    },
    "Planning Time": 0.127,
    "Triggers": [],
    "Execution Time": 1060.66
  }
]