[
  {
    "Plan": {
      "Node Type": "Aggregate",
      "Strategy": "Plain",
      "Partial Mode": "Finalize",
      "Parallel Aware": false,
      "Startup Cost": 35724.78,
      "Total Cost": 35724.79,
      "Plan Rows": 1,
      "Plan Width": 8,
      "Actual Startup Time": 129.915,
      "Actual Total Time": 138.726,
      "Actual Rows": 1,
      "Actual Loops": 1,
      "Plans": [
        {
          "Node Type": "Gather",
          "Parent Relationship": "Outer",
          "Parallel Aware": false,
          "Startup Cost": 35724.46,
          "Total Cost": 35724.77,
          "Plan Rows": 3,
          "Plan Width": 8,
          "Actual Startup Time": 129.44,
          "Actual Total Time": 138.714,
          "Actual Rows": 4,
          "Actual Loops": 1,
          "Workers Planned": 3,
          "Workers Launched": 3,
          "Single Copy": false,
          "Plans": [
            {
              "Node Type": "Aggregate",
              "Strategy": "Plain",
              "Partial Mode": "Partial",
              "Parent Relationship": "Outer",
              "Parallel Aware": false,
              "Startup Cost": 34724.46,
              "Total Cost": 34724.47,
              "Plan Rows": 1,
              "Plan Width": 8,
              "Actual Startup Time": 120.602,
              "Actual Total Time": 120.604,
              "Actual Rows": 1,
              "Actual Loops": 4,
              "Plans": [
                {
                  "Node Type": "Bitmap Heap Scan",
                  "Parent Relationship": "Outer",
                  "Parallel Aware": true,
                  "Relation Name": "movie_keyword",
                  "Alias": "mk",
                  "Startup Cost": 8363.21,
                  "Total Cost": 34406.59,
                  "Plan Rows": 127150,
                  "Plan Width": 0,
                  "Actual Startup Time": 41.855,
                  "Actual Total Time": 113.31,
                  "Actual Rows": 95868,
                  "Actual Loops": 4,
                  "Recheck Cond": "(keyword_id > 44729)",
                  "Rows Removed by Index Recheck": 0,
                  "Exact Heap Blocks": 9129,
                  "Lossy Heap Blocks": 0,
                  "Plans": [
                    {
                      "Node Type": "Bitmap Index Scan",
                      "Parent Relationship": "Outer",
                      "Parallel Aware": false,
                      "Index Name": "keyword_id_movie_keyword",
                      "Startup Cost": 0.0,
                      "Total Cost": 8264.67,
                      "Plan Rows": 394165,
                      "Plan Width": 0,
                      "Actual Startup Time": 44.521,
                      "Actual Total Time": 44.522,
                      "Actual Rows": 383473,
                      "Actual Loops": 1,
                      "Index Cond": "(keyword_id > 44729)"
                    }
                  ]
                }
              ]
            }
          ]
        }
      ]
    },
    "Planning Time": 0.157,
    "Triggers": [],
    "Execution Time": 138.805
  }
]