[
  {
    "Plan": {
      "Node Type": "Aggregate",
      "Strategy": "Plain",
      "Partial Mode": "Finalize",
      "Parallel Aware": false,
      "Startup Cost": 79784.23,
      "Total Cost": 79784.24,
      "Plan Rows": 1,
      "Plan Width": 8,
      "Actual Startup Time": 227.244,
      "Actual Total Time": 238.933,
      "Actual Rows": 1,
      "Actual Loops": 1,
      "Plans": [
        {
          "Node Type": "Gather",
          "Parent Relationship": "Outer",
          "Parallel Aware": false,
          "Startup Cost": 79783.91,
          "Total Cost": 79784.22,
          "Plan Rows": 3,
          "Plan Width": 8,
          "Actual Startup Time": 224.807,
          "Actual Total Time": 238.926,
          "Actual Rows": 4,
          "Actual Loops": 1,
          "Workers Planned": 3,
          "Workers Launched": 3,
          "Single Copy": false,
          "Plans": [
            {
              "Node Type": "Aggregate",
              "Strategy": "Plain",
              "Partial Mode": "Partial",
              "Parent Relationship": "Outer",
              "Parallel Aware": false,
              "Startup Cost": 78783.91,
              "Total Cost": 78783.92,
              "Plan Rows": 1,
              "Plan Width": 8,
              "Actual Startup Time": 217.881,
              "Actual Total Time": 217.884,
              "Actual Rows": 1,
              "Actual Loops": 4,
              "Plans": [
                {
                  "Node Type": "Hash Join",
                  "Parent Relationship": "Outer",
                  "Parallel Aware": true,
                  "Join Type": "Inner",
                  "Startup Cost": 57495.87,
                  "Total Cost": 78735.35,
                  "Plan Rows": 19424,
                  "Plan Width": 0,
                  "Actual Startup Time": 206.983,
                  "Actual Total Time": 217.674,
                  "Actual Rows": 3348,
                  "Actual Loops": 4,
                  "Inner Unique": true,
                  "Hash Cond": "(mc.movie_id = t.id)",
                  "Plans": [
                    {
                      "Node Type": "Bitmap Heap Scan",
                      "Parent Relationship": "Outer",
                      "Parallel Aware": true,
                      "Relation Name": "movie_companies",
                      "Alias": "mc",
                      "Startup Cost": 10012.81,
                      "Total Cost": 31051.2,
                      "Plan Rows": 76605,
                      "Plan Width": 4,
                      "Actual Startup Time": 50.315,
                      "Actual Total Time": 63.113,
                      "Actual Rows": 28343,
                      "Actual Loops": 4,
                      "Recheck Cond": "(company_id < 394)",
                      "Rows Removed by Index Recheck": 0,
                      "Filter": "(company_type_id > 1)",
                      "Rows Removed by Filter": 86177,
                      "Exact Heap Blocks": 6350,
                      "Lossy Heap Blocks": 0,
                      "Plans": [
                        {
                          "Node Type": "Bitmap Index Scan",
                          "Parent Relationship": "Outer",
                          "Parallel Aware": false,
                          "Index Name": "company_id_movie_companies",
                          "Startup Cost": 0.0,
                          "Total Cost": 9953.44,
                          "Plan Rows": 464668,
                          "Plan Width": 0,
                          "Actual Startup Time": 21.827,
                          "Actual Total Time": 21.828,
                          "Actual Rows": 458080,
                          "Actual Loops": 1,
                          "Index Cond": "(company_id < 394)"
                        }
                      ]
                    },
                    {
                      "Node Type": "Hash",
                      "Parent Relationship": "Inner",
                      "Parallel Aware": true,
                      "Startup Cost": 45479.59,
                      "Total Cost": 45479.59,
                      "Plan Rows": 160278,
                      "Plan Width": 4,
                      "Actual Startup Time": 141.946,
                      "Actual Total Time": 141.947,
                      "Actual Rows": 164078,
                      "Actual Loops": 4,
                      "Hash Buckets": 1048576,
                      "Original Hash Buckets": 1048576,
                      "Hash Batches": 1,
                      "Original Hash Batches": 1,
                      "Peak Memory Usage": 33920,
                      "Plans": [
                        {
                          "Node Type": "Seq Scan",
                          "Parent Relationship": "Outer",
                          "Parallel Aware": true,
                          "Relation Name": "title",
                          "Alias": "t",
                          "Startup Cost": 0.0,
                          "Total Cost": 45479.59,
                          "Plan Rows": 160278,
                          "Plan Width": 4,
                          "Actual Startup Time": 40.926,
                          "Actual Total Time": 97.883,
                          "Actual Rows": 164078,
                          "Actual Loops": 4,
                          "Filter": "((production_year > 0) AND (kind_id = 1))",
                          "Rows Removed by Filter": 468000
                        }
                      ]
                    }
                  ]
                }
              ]
            }
          ]
        }
      ]
    },
    "Planning Time": 0.266,
    "Triggers": [],
    "Execution Time": 238.975
  }
]