[
  {
    "Plan": {
      "Node Type": "Aggregate",
      "Strategy": "Plain",
      "Partial Mode": "Finalize",
      "Parallel Aware": false,
      "Startup Cost": 338121.74,
      "Total Cost": 338121.76,
      "Plan Rows": 1,
      "Plan Width": 8,
      "Actual Startup Time": 744.661,
      "Actual Total Time": 800.648,
      "Actual Rows": 1,
      "Actual Loops": 1,
      "Plans": [
        {
          "Node Type": "Gather",
          "Parent Relationship": "Outer",
          "Parallel Aware": false,
          "Startup Cost": 338121.12,
          "Total Cost": 338121.73,
          "Plan Rows": 6,
          "Plan Width": 8,
          "Actual Startup Time": 744.525,
          "Actual Total Time": 800.639,
          "Actual Rows": 7,
          "Actual Loops": 1,
          "Workers Planned": 6,
          "Workers Launched": 6,
          "Single Copy": false,
          "Plans": [
            {
              "Node Type": "Aggregate",
              "Strategy": "Plain",
              "Partial Mode": "Partial",
              "Parent Relationship": "Outer",
              "Parallel Aware": false,
              "Startup Cost": 337121.12,
              "Total Cost": 337121.13,
              "Plan Rows": 1,
              "Plan Width": 8,
              "Actual Startup Time": 736.347,
              "Actual Total Time": 736.348,
              "Actual Rows": 1,
              "Actual Loops": 7,
              "Plans": [
                {
                  "Node Type": "Seq Scan",
                  "Parent Relationship": "Outer",
                  "Parallel Aware": true,
                  "Relation Name": "cast_info",
                  "Alias": "ci",
                  "Startup Cost": 0.0,
                  "Total Cost": 328162.03,
                  "Plan Rows": 3583638,
                  "Plan Width": 0,
                  "Actual Startup Time": 160.122,
                  "Actual Total Time": 601.311,
                  "Actual Rows": 3074983,
                  "Actual Loops": 7,
                  "Filter": "(person_id > 1451495)",
                  "Rows Removed by Filter": 2102780
                }
              ]
            }
          ]
        }
      ]
    },
    "Planning Time": 0.199,
    "Triggers": [],
    "Execution Time": 800.72
  }
]