[
  {
    "Plan": {
      "Node Type": "Aggregate",
      "Strategy": "Plain",
      "Partial Mode": "Finalize",
      "Parallel Aware": false,
      "Startup Cost": 349273.73,
      "Total Cost": 349273.74,
      "Plan Rows": 1,
      "Plan Width": 8,
      "Actual Startup Time": 656.043,
      "Actual Total Time": 718.309,
      "Actual Rows": 1,
      "Actual Loops": 1,
      "Plans": [
        {
          "Node Type": "Gather",
          "Parent Relationship": "Outer",
          "Parallel Aware": false,
          "Startup Cost": 349273.1,
          "Total Cost": 349273.71,
          "Plan Rows": 6,
          "Plan Width": 8,
          "Actual Startup Time": 655.888,
          "Actual Total Time": 718.3,
          "Actual Rows": 7,
          "Actual Loops": 1,
          "Workers Planned": 6,
          "Workers Launched": 6,
          "Single Copy": false,
          "Plans": [
            {
              "Node Type": "Aggregate",
              "Strategy": "Plain",
              "Partial Mode": "Partial",
              "Parent Relationship": "Outer",
              "Parallel Aware": false,
              "Startup Cost": 348273.1,
              "Total Cost": 348273.11,
              "Plan Rows": 1,
              "Plan Width": 8,
              "Actual Startup Time": 646.02,
              "Actual Total Time": 646.021,
              "Actual Rows": 1,
              "Actual Loops": 7,
              "Plans": [
                {
                  "Node Type": "Seq Scan",
                  "Parent Relationship": "Outer",
                  "Parallel Aware": true,
                  "Relation Name": "cast_info",
                  "Alias": "ci",
                  "Startup Cost": 0.0,
                  "Total Cost": 343257.03,
                  "Plan Rows": 2006430,
                  "Plan Width": 0,
                  "Actual Startup Time": 338.665,
                  "Actual Total Time": 608.522,
                  "Actual Rows": 942408,
                  "Actual Loops": 7,
                  "Filter": "((person_id < 2753325) AND (role_id > 2))",
                  "Rows Removed by Filter": 4235356
                }
              ]
            }
          ]
        }
      ]
    },
    "Planning Time": 0.22,
    "Triggers": [],
    "Execution Time": 718.435
  }
]