[
  {
    "Plan": {
      "Node Type": "Aggregate",
      "Strategy": "Plain",
      "Partial Mode": "Finalize",
      "Parallel Aware": false,
      "Startup Cost": 44996.42,
      "Total Cost": 44996.43,
      "Plan Rows": 1,
      "Plan Width": 8,
      "Actual Startup Time": 95.614,
      "Actual Total Time": 108.895,
      "Actual Rows": 1,
      "Actual Loops": 1,
      "Plans": [
        {
          "Node Type": "Gather",
          "Parent Relationship": "Outer",
          "Parallel Aware": false,
          "Startup Cost": 44996.0,
          "Total Cost": 44996.41,
          "Plan Rows": 4,
          "Plan Width": 8,
          "Actual Startup Time": 95.364,
          "Actual Total Time": 108.887,
          "Actual Rows": 5,
          "Actual Loops": 1,
          "Workers Planned": 4,
          "Workers Launched": 4,
          "Single Copy": false,
          "Plans": [
            {
              "Node Type": "Aggregate",
              "Strategy": "Plain",
              "Partial Mode": "Partial",
              "Parent Relationship": "Outer",
              "Parallel Aware": false,
              "Startup Cost": 43996.0,
              "Total Cost": 43996.01,
              "Plan Rows": 1,
              "Plan Width": 8,
              "Actual Startup Time": 87.257,
              "Actual Total Time": 87.258,
              "Actual Rows": 1,
              "Actual Loops": 5,
              "Plans": [
                {
                  "Node Type": "Seq Scan",
                  "Parent Relationship": "Outer",
                  "Parallel Aware": true,
                  "Relation Name": "title",
                  "Alias": "t",
                  "Startup Cost": 0.0,
                  "Total Cost": 43898.92,
                  "Plan Rows": 38832,
                  "Plan Width": 0,
                  "Actual Startup Time": 1.179,
                  "Actual Total Time": 85.665,
                  "Actual Rows": 32067,
                  "Actual Loops": 5,
                  "Filter": "(production_year < 1949)",
                  "Rows Removed by Filter": 473595
                }
              ]
            }
          ]
        }
      ]
    },
    "Planning Time": 0.159,
    "Triggers": [],
    "Execution Time": 108.952
  }
]