[
  {
    "Plan": {
      "Node Type": "Aggregate",
      "Strategy": "Plain",
      "Partial Mode": "Finalize",
      "Parallel Aware": false,
      "Startup Cost": 346249.86,
      "Total Cost": 346249.87,
      "Plan Rows": 1,
      "Plan Width": 8,
      "Actual Startup Time": 426.595,
      "Actual Total Time": 462.299,
      "Actual Rows": 1,
      "Actual Loops": 1,
      "Plans": [
        {
          "Node Type": "Gather",
          "Parent Relationship": "Outer",
          "Parallel Aware": false,
          "Startup Cost": 346249.23,
          "Total Cost": 346249.84,
          "Plan Rows": 6,
          "Plan Width": 8,
          "Actual Startup Time": 426.415,
          "Actual Total Time": 462.284,
          "Actual Rows": 7,
          "Actual Loops": 1,
          "Workers Planned": 6,
          "Workers Launched": 6,
          "Single Copy": false,
          "Plans": [
            {
              "Node Type": "Aggregate",
              "Strategy": "Plain",
              "Partial Mode": "Partial",
              "Parent Relationship": "Outer",
              "Parallel Aware": false,
              "Startup Cost": 345249.23,
              "Total Cost": 345249.24,
              "Plan Rows": 1,
              "Plan Width": 8,
              "Actual Startup Time": 420.34,
              "Actual Total Time": 420.342,
              "Actual Rows": 1,
              "Actual Loops": 7,
              "Plans": [
                {
                  "Node Type": "Index Scan",
                  "Parent Relationship": "Outer",
                  "Parallel Aware": true,
                  "Scan Direction": "Forward",
                  "Index Name": "role_id_cast_info",
                  "Relation Name": "cast_info",
                  "Alias": "ci",
                  "Startup Cost": 0.56,
                  "Total Cost": 341155.22,
                  "Plan Rows": 1637606,
                  "Plan Width": 0,
                  "Actual Startup Time": 175.726,
                  "Actual Total Time": 375.5,
                  "Actual Rows": 952873,
                  "Actual Loops": 7,
                  "Index Cond": "(role_id < 2)",
                  "Rows Removed by Index Recheck": 0,
                  "Filter": "(person_id > 813922)",
                  "Rows Removed by Filter": 857225
                }
              ]
            }
          ]
        }
      ]
    },
    "Planning Time": 0.101,
    "Triggers": [],
    "Execution Time": 462.342
  }
]