[
  {
    "Plan": {
      "Node Type": "Aggregate",
      "Strategy": "Plain",
      "Partial Mode": "Finalize",
      "Parallel Aware": false,
      "Startup Cost": 617094.33,
      "Total Cost": 617094.34,
      "Plan Rows": 1,
      "Plan Width": 8,
      "Actual Startup Time": 3042.945,
      "Actual Total Time": 3132.349,
      "Actual Rows": 1,
      "Actual Loops": 1,
      "Plans": [
        {
          "Node Type": "Gather",
          "Parent Relationship": "Outer",
          "Parallel Aware": false,
          "Startup Cost": 617093.7,
          "Total Cost": 617094.31,
          "Plan Rows": 6,
          "Plan Width": 8,
          "Actual Startup Time": 3028.385,
          "Actual Total Time": 3132.336,
          "Actual Rows": 7,
          "Actual Loops": 1,
          "Workers Planned": 6,
          "Workers Launched": 6,
          "Single Copy": false,
          "Plans": [
            {
              "Node Type": "Aggregate",
              "Strategy": "Plain",
              "Partial Mode": "Partial",
              "Parent Relationship": "Outer",
              "Parallel Aware": false,
              "Startup Cost": 616093.7,
              "Total Cost": 616093.71,
              "Plan Rows": 1,
              "Plan Width": 8,
              "Actual Startup Time": 3005.99,
              "Actual Total Time": 3006.144,
              "Actual Rows": 1,
              "Actual Loops": 7,
              "Plans": [
                {
                  "Node Type": "Hash Join",
                  "Parent Relationship": "Outer",
                  "Parallel Aware": true,
                  "Join Type": "Inner",
                  "Startup Cost": 256854.48,
                  "Total Cost": 603021.64,
                  "Plan Rows": 5228824,
                  "Plan Width": 0,
                  "Actual Startup Time": 762.083,
                  "Actual Total Time": 2850.746,
                  "Actual Rows": 3474460,
                  "Actual Loops": 7,
                  "Inner Unique": false,
                  "Hash Cond": "(ci.movie_id = t.id)",
                  "Plans": [
                    {
                      "Node Type": "Seq Scan",
                      "Parent Relationship": "Outer",
                      "Parallel Aware": true,
                      "Relation Name": "cast_info",
                      "Alias": "ci",
                      "Startup Cost": 0.0,
                      "Total Cost": 313067.02,
                      "Plan Rows": 6038002,
                      "Plan Width": 4,
                      "Actual Startup Time": 0.035,
                      "Actual Total Time": 553.081,
                      "Actual Rows": 5177763,
                      "Actual Loops": 7
                    },
                    {
                      "Node Type": "Hash",
                      "Parent Relationship": "Inner",
                      "Parallel Aware": true,
                      "Startup Cost": 251380.81,
                      "Total Cost": 251380.81,
                      "Plan Rows": 437893,
                      "Plan Width": 8,
                      "Actual Startup Time": 755.004,
                      "Actual Total Time": 755.157,
                      "Actual Rows": 179977,
                      "Actual Loops": 7,
                      "Hash Buckets": 4194304,
                      "Original Hash Buckets": 4194304,
                      "Hash Batches": 1,
                      "Original Hash Batches": 1,
                      "Peak Memory Usage": 82176,
                      "Plans": [
                        {
                          "Node Type": "Hash Join",
                          "Parent Relationship": "Outer",
                          "Parallel Aware": true,
                          "Join Type": "Inner",
                          "Startup Cost": 47224.09,
                          "Total Cost": 251380.81,
                          "Plan Rows": 437893,
                          "Plan Width": 8,
                          "Actual Startup Time": 134.964,
                          "Actual Total Time": 665.886,
                          "Actual Rows": 179977,
                          "Actual Loops": 7,
                          "Inner Unique": true,
                          "Hash Cond": "(mi.movie_id = t.id)",
                          "Plans": [
                            {
                              "Node Type": "Seq Scan",
                              "Parent Relationship": "Outer",
                              "Parallel Aware": true,
                              "Relation Name": "movie_info",
                              "Alias": "mi",
                              "Startup Cost": 0.0,
                              "Total Cost": 198952.16,
                              "Plan Rows": 1982687,
                              "Plan Width": 4,
                              "Actual Startup Time": 15.533,
                              "Actual Total Time": 316.892,
                              "Actual Rows": 1415965,
                              "Actual Loops": 7,
                              "Filter": "(info_type_id > 4)",
                              "Rows Removed by Filter": 703424
                            },
                            {
                              "Node Type": "Hash",
                              "Parent Relationship": "Inner",
                              "Parallel Aware": true,
                              "Startup Cost": 45479.1,
                              "Total Cost": 45479.1,
                              "Plan Rows": 139599,
                              "Plan Width": 4,
                              "Actual Startup Time": 118.143,
                              "Actual Total Time": 118.144,
                              "Actual Rows": 64891,
                              "Actual Loops": 7,
                              "Hash Buckets": 1048576,
                              "Original Hash Buckets": 1048576,
                              "Hash Batches": 1,
                              "Original Hash Batches": 1,
                              "Peak Memory Usage": 26080,
                              "Plans": [
                                {
                                  "Node Type": "Seq Scan",
                                  "Parent Relationship": "Outer",
                                  "Parallel Aware": true,
                                  "Relation Name": "title",
                                  "Alias": "t",
                                  "Startup Cost": 0.0,
                                  "Total Cost": 45479.1,
                                  "Plan Rows": 139599,
                                  "Plan Width": 4,
                                  "Actual Startup Time": 0.046,
                                  "Actual Total Time": 79.798,
                                  "Actual Rows": 64891,
                                  "Actual Loops": 7,
                                  "Filter": "((production_year < 1998) AND (kind_id = 7))",
                                  "Rows Removed by Filter": 296297
                                }
                              ]
                            }
                          ]
                        }
                      ]
                    }
                  ]
                }
              ]
            }
          ]
        }
      ]
    },
    "Planning Time": 1.422,
    "Triggers": [],
    "Execution Time": 3132.461
  }
]