[
    {
        "Bao": {
            "Bao prediction": "NaN",
            "Bao recommended hint": "(no hint)"
        }
    },
    {
        "Plan": {
            "Node Type": "Aggregate",
            "Strategy": "Plain",
            "Partial Mode": "Finalize",
            "Parallel Aware": false,
            "Startup Cost": 23543.6,
            "Total Cost": 23543.61,
            "Plan Rows": 1,
            "Plan Width": 8,
            "Actual Startup Time": 34.4,
            "Actual Total Time": 38.0,
            "Actual Rows": 1,
            "Actual Loops": 1,
            "Output": [
                "count(*)"
            ],
            "Plans": [
                {
                    "Node Type": "Gather",
                    "Parent Relationship": "Outer",
                    "Parallel Aware": false,
                    "Startup Cost": 23543.28,
                    "Total Cost": 23543.59,
                    "Plan Rows": 3,
                    "Plan Width": 8,
                    "Actual Startup Time": 34.264,
                    "Actual Total Time": 37.994,
                    "Actual Rows": 4,
                    "Actual Loops": 1,
                    "Output": [
                        "(PARTIAL count(*))"
                    ],
                    "Workers Planned": 3,
                    "Workers Launched": 3,
                    "Single Copy": false,
                    "Plans": [
                        {
                            "Node Type": "Aggregate",
                            "Strategy": "Plain",
                            "Partial Mode": "Partial",
                            "Parent Relationship": "Outer",
                            "Parallel Aware": false,
                            "Startup Cost": 22543.28,
                            "Total Cost": 22543.29,
                            "Plan Rows": 1,
                            "Plan Width": 8,
                            "Actual Startup Time": 22.813,
                            "Actual Total Time": 22.814,
                            "Actual Rows": 1,
                            "Actual Loops": 4,
                            "Output": [
                                "PARTIAL count(*)"
                            ],
                            "Workers": [
                                {
                                    "Worker Number": 0,
                                    "Actual Startup Time": 18.854,
                                    "Actual Total Time": 18.855,
                                    "Actual Rows": 1,
                                    "Actual Loops": 1
                                },
                                {
                                    "Worker Number": 1,
                                    "Actual Startup Time": 18.967,
                                    "Actual Total Time": 18.968,
                                    "Actual Rows": 1,
                                    "Actual Loops": 1
                                },
                                {
                                    "Worker Number": 2,
                                    "Actual Startup Time": 19.418,
                                    "Actual Total Time": 19.419,
                                    "Actual Rows": 1,
                                    "Actual Loops": 1
                                }
                            ],
                            "Plans": [
                                {
                                    "Node Type": "Bitmap Heap Scan",
                                    "Parent Relationship": "Outer",
                                    "Parallel Aware": true,
                                    "Relation Name": "movie_companies",
                                    "Schema": "public",
                                    "Alias": "mc",
                                    "Startup Cost": 3068.78,
                                    "Total Cost": 22429.2,
                                    "Plan Rows": 45634,
                                    "Plan Width": 0,
                                    "Actual Startup Time": 2.616,
                                    "Actual Total Time": 20.459,
                                    "Actual Rows": 36051,
                                    "Actual Loops": 4,
                                    "Recheck Cond": "(mc.company_id > 134550)",
                                    "Rows Removed by Index Recheck": 0,
                                    "Exact Heap Blocks": 2768,
                                    "Lossy Heap Blocks": 0,
                                    "Workers": [
                                        {
                                            "Worker Number": 0,
                                            "Actual Startup Time": 0.175,
                                            "Actual Total Time": 17.208,
                                            "Actual Rows": 13177,
                                            "Actual Loops": 1
                                        },
                                        {
                                            "Worker Number": 1,
                                            "Actual Startup Time": 0.17,
                                            "Actual Total Time": 17.337,
                                            "Actual Rows": 13156,
                                            "Actual Loops": 1
                                        },
                                        {
                                            "Worker Number": 2,
                                            "Actual Startup Time": 0.141,
                                            "Actual Total Time": 17.754,
                                            "Actual Rows": 14868,
                                            "Actual Loops": 1
                                        }
                                    ],
                                    "Plans": [
                                        {
                                            "Node Type": "Bitmap Index Scan",
                                            "Parent Relationship": "Outer",
                                            "Parallel Aware": false,
                                            "Index Name": "company_id_movie_companies",
                                            "Startup Cost": 0.0,
                                            "Total Cost": 3033.41,
                                            "Plan Rows": 141464,
                                            "Plan Width": 0,
                                            "Actual Startup Time": 9.396,
                                            "Actual Total Time": 9.396,
                                            "Actual Rows": 144203,
                                            "Actual Loops": 1,
                                            "Index Cond": "(mc.company_id > 134550)"
                                        }
                                    ]
                                }
                            ]
                        }
                    ]
                }
            ]
        },
        "Planning Time": 175.895,
        "Triggers": [],
        "Execution Time": 38.048
    }
]