[
  {
    "Plan": {
      "Node Type": "Aggregate",
      "Strategy": "Plain",
      "Partial Mode": "Finalize",
      "Parallel Aware": false,
      "Startup Cost": 379685.45,
      "Total Cost": 379685.46,
      "Plan Rows": 1,
      "Plan Width": 8,
      "Actual Startup Time": 605.401,
      "Actual Total Time": 626.341,
      "Actual Rows": 1,
      "Actual Loops": 1,
      "Plans": [
        {
          "Node Type": "Gather",
          "Parent Relationship": "Outer",
          "Parallel Aware": false,
          "Startup Cost": 379685.13,
          "Total Cost": 379685.44,
          "Plan Rows": 3,
          "Plan Width": 8,
          "Actual Startup Time": 599.754,
          "Actual Total Time": 626.334,
          "Actual Rows": 4,
          "Actual Loops": 1,
          "Workers Planned": 3,
          "Workers Launched": 3,
          "Single Copy": false,
          "Plans": [
            {
              "Node Type": "Aggregate",
              "Strategy": "Plain",
              "Partial Mode": "Partial",
              "Parent Relationship": "Outer",
              "Parallel Aware": false,
              "Startup Cost": 378685.13,
              "Total Cost": 378685.14,
              "Plan Rows": 1,
              "Plan Width": 8,
              "Actual Startup Time": 593.972,
              "Actual Total Time": 594.154,
              "Actual Rows": 1,
              "Actual Loops": 4,
              "Plans": [
                {
                  "Node Type": "Hash Join",
                  "Parent Relationship": "Outer",
                  "Parallel Aware": true,
                  "Join Type": "Inner",
                  "Startup Cost": 334367.77,
                  "Total Cost": 378488.16,
                  "Plan Rows": 78786,
                  "Plan Width": 0,
                  "Actual Startup Time": 460.425,
                  "Actual Total Time": 589.698,
                  "Actual Rows": 106423,
                  "Actual Loops": 4,
                  "Inner Unique": false,
                  "Hash Cond": "(mk.movie_id = t.id)",
                  "Plans": [
                    {
                      "Node Type": "Seq Scan",
                      "Parent Relationship": "Outer",
                      "Parallel Aware": true,
                      "Relation Name": "movie_keyword",
                      "Alias": "mk",
                      "Startup Cost": 0.0,
                      "Total Cost": 42695.65,
                      "Plan Rows": 344914,
                      "Plan Width": 4,
                      "Actual Startup Time": 0.019,
                      "Actual Total Time": 82.21,
                      "Actual Rows": 269793,
                      "Actual Loops": 4,
                      "Filter": "(keyword_id < 1084)",
                      "Rows Removed by Filter": 861189
                    },
                    {
                      "Node Type": "Hash",
                      "Parent Relationship": "Inner",
                      "Parallel Aware": true,
                      "Startup Cost": 333164.55,
                      "Total Cost": 333164.55,
                      "Plan Rows": 96258,
                      "Plan Width": 8,
                      "Actual Startup Time": 457.764,
                      "Actual Total Time": 457.945,
                      "Actual Rows": 180687,
                      "Actual Loops": 4,
                      "Hash Buckets": 1048576,
                      "Original Hash Buckets": 1048576,
                      "Hash Batches": 1,
                      "Original Hash Batches": 1,
                      "Peak Memory Usage": 36544,
                      "Plans": [
                        {
                          "Node Type": "Hash Join",
                          "Parent Relationship": "Outer",
                          "Parallel Aware": true,
                          "Join Type": "Inner",
                          "Startup Cost": 77257.09,
                          "Total Cost": 333164.55,
                          "Plan Rows": 96258,
                          "Plan Width": 8,
                          "Actual Startup Time": 238.291,
                          "Actual Total Time": 403.78,
                          "Actual Rows": 180687,
                          "Actual Loops": 4,
                          "Inner Unique": true,
                          "Hash Cond": "(ci.movie_id = t.id)",
                          "Plans": [
                            {
                              "Node Type": "Bitmap Heap Scan",
                              "Parent Relationship": "Outer",
                              "Parallel Aware": true,
                              "Relation Name": "cast_info",
                              "Alias": "ci",
                              "Startup Cost": 28205.47,
                              "Total Cost": 283554.0,
                              "Plan Rows": 212923,
                              "Plan Width": 4,
                              "Actual Startup Time": 38.412,
                              "Actual Total Time": 94.535,
                              "Actual Rows": 302615,
                              "Actual Loops": 4,
                              "Recheck Cond": "(person_id > 3827166)",
                              "Rows Removed by Index Recheck": 0,
                              "Exact Heap Blocks": 5062,
                              "Lossy Heap Blocks": 0,
                              "Plans": [
                                {
                                  "Node Type": "Bitmap Index Scan",
                                  "Parent Relationship": "Outer",
                                  "Parallel Aware": false,
                                  "Index Name": "person_id_cast_info",
                                  "Startup Cost": 0.0,
                                  "Total Cost": 27886.08,
                                  "Plan Rows": 1277536,
                                  "Plan Width": 0,
                                  "Actual Startup Time": 35.842,
                                  "Actual Total Time": 35.843,
                                  "Actual Rows": 1210460,
                                  "Actual Loops": 1,
                                  "Index Cond": "(person_id > 3827166)"
                                }
                              ]
                            },
                            {
                              "Node Type": "Hash",
                              "Parent Relationship": "Inner",
                              "Parallel Aware": true,
                              "Startup Cost": 45479.59,
                              "Total Cost": 45479.59,
                              "Plan Rows": 285763,
                              "Plan Width": 4,
                              "Actual Startup Time": 196.608,
                              "Actual Total Time": 196.609,
                              "Actual Rows": 308711,
                              "Actual Loops": 4,
                              "Hash Buckets": 2097152,
                              "Original Hash Buckets": 2097152,
                              "Hash Batches": 1,
                              "Original Hash Batches": 1,
                              "Peak Memory Usage": 64736,
                              "Plans": [
                                {
                                  "Node Type": "Seq Scan",
                                  "Parent Relationship": "Outer",
                                  "Parallel Aware": true,
                                  "Relation Name": "title",
                                  "Alias": "t",
                                  "Startup Cost": 0.0,
                                  "Total Cost": 45479.59,
                                  "Plan Rows": 285763,
                                  "Plan Width": 4,
                                  "Actual Startup Time": 0.038,
                                  "Actual Total Time": 98.089,
                                  "Actual Rows": 308711,
                                  "Actual Loops": 4,
                                  "Filter": "((kind_id > 1) AND (production_year > 1997))",
                                  "Rows Removed by Filter": 323367
                                }
                              ]
                            }
                          ]
                        }
                      ]
                    }
                  ]
                }
              ]
            }
          ]
        }
      ]
    },
    "Planning Time": 0.418,
    "Triggers": [],
    "Execution Time": 626.4
  }
]