[
  {
    "Plan": {
      "Node Type": "Aggregate",
      "Strategy": "Plain",
      "Partial Mode": "Finalize",
      "Parallel Aware": false,
      "Startup Cost": 588512.58,
      "Total Cost": 588512.59,
      "Plan Rows": 1,
      "Plan Width": 8,
      "Actual Startup Time": 2227.317,
      "Actual Total Time": 2317.015,
      "Actual Rows": 1,
      "Actual Loops": 1,
      "Plans": [
        {
          "Node Type": "Gather",
          "Parent Relationship": "Outer",
          "Parallel Aware": false,
          "Startup Cost": 588512.06,
          "Total Cost": 588512.57,
          "Plan Rows": 5,
          "Plan Width": 8,
          "Actual Startup Time": 2217.494,
          "Actual Total Time": 2317.0,
          "Actual Rows": 6,
          "Actual Loops": 1,
          "Workers Planned": 5,
          "Workers Launched": 5,
          "Single Copy": false,
          "Plans": [
            {
              "Node Type": "Aggregate",
              "Strategy": "Plain",
              "Partial Mode": "Partial",
              "Parent Relationship": "Outer",
              "Parallel Aware": false,
              "Startup Cost": 587512.06,
              "Total Cost": 587512.07,
              "Plan Rows": 1,
              "Plan Width": 8,
              "Actual Startup Time": 2206.352,
              "Actual Total Time": 2206.457,
              "Actual Rows": 1,
              "Actual Loops": 6,
              "Plans": [
                {
                  "Node Type": "Hash Join",
                  "Parent Relationship": "Outer",
                  "Parallel Aware": true,
                  "Join Type": "Inner",
                  "Startup Cost": 378800.81,
                  "Total Cost": 583977.17,
                  "Plan Rows": 1413955,
                  "Plan Width": 0,
                  "Actual Startup Time": 1107.607,
                  "Actual Total Time": 2110.672,
                  "Actual Rows": 1868072,
                  "Actual Loops": 6,
                  "Inner Unique": false,
                  "Hash Cond": "(mi.movie_id = t.id)",
                  "Plans": [
                    {
                      "Node Type": "Seq Scan",
                      "Parent Relationship": "Outer",
                      "Parallel Aware": true,
                      "Relation Name": "movie_info",
                      "Alias": "mi",
                      "Startup Cost": 0.0,
                      "Total Cost": 191685.19,
                      "Plan Rows": 2969219,
                      "Plan Width": 4,
                      "Actual Startup Time": 0.026,
                      "Actual Total Time": 306.229,
                      "Actual Rows": 2472620,
                      "Actual Loops": 6
                    },
                    {
                      "Node Type": "Hash",
                      "Parent Relationship": "Inner",
                      "Parallel Aware": true,
                      "Startup Cost": 376292.39,
                      "Total Cost": 376292.39,
                      "Plan Rows": 200674,
                      "Plan Width": 8,
                      "Actual Startup Time": 1101.61,
                      "Actual Total Time": 1101.714,
                      "Actual Rows": 139003,
                      "Actual Loops": 6,
                      "Hash Buckets": 2097152,
                      "Original Hash Buckets": 2097152,
                      "Hash Batches": 1,
                      "Original Hash Batches": 1,
                      "Peak Memory Usage": 49088,
                      "Plans": [
                        {
                          "Node Type": "Hash Join",
                          "Parent Relationship": "Outer",
                          "Parallel Aware": true,
                          "Join Type": "Inner",
                          "Startup Cost": 45532.52,
                          "Total Cost": 376292.39,
                          "Plan Rows": 200674,
                          "Plan Width": 8,
                          "Actual Startup Time": 546.03,
                          "Actual Total Time": 1021.421,
                          "Actual Rows": 139003,
                          "Actual Loops": 6,
                          "Inner Unique": true,
                          "Hash Cond": "(ci.movie_id = t.id)",
                          "Plans": [
                            {
                              "Node Type": "Seq Scan",
                              "Parent Relationship": "Outer",
                              "Parallel Aware": true,
                              "Relation Name": "cast_info",
                              "Alias": "ci",
                              "Startup Cost": 0.0,
                              "Total Cost": 328211.39,
                              "Plan Rows": 970848,
                              "Plan Width": 4,
                              "Actual Startup Time": 402.989,
                              "Actual Total Time": 641.343,
                              "Actual Rows": 958672,
                              "Actual Loops": 6,
                              "Filter": "(person_id > 3071373)",
                              "Rows Removed by Filter": 5082052
                            },
                            {
                              "Node Type": "Hash",
                              "Parent Relationship": "Inner",
                              "Parallel Aware": true,
                              "Startup Cost": 43899.32,
                              "Total Cost": 43899.32,
                              "Plan Rows": 130656,
                              "Plan Width": 4,
                              "Actual Startup Time": 142.277,
                              "Actual Total Time": 142.278,
                              "Actual Rows": 89698,
                              "Actual Loops": 6,
                              "Hash Buckets": 1048576,
                              "Original Hash Buckets": 524288,
                              "Hash Batches": 1,
                              "Original Hash Batches": 1,
                              "Peak Memory Usage": 33440,
                              "Plans": [
                                {
                                  "Node Type": "Seq Scan",
                                  "Parent Relationship": "Outer",
                                  "Parallel Aware": true,
                                  "Relation Name": "title",
                                  "Alias": "t",
                                  "Startup Cost": 0.0,
                                  "Total Cost": 43899.32,
                                  "Plan Rows": 130656,
                                  "Plan Width": 4,
                                  "Actual Startup Time": 0.038,
                                  "Actual Total Time": 86.989,
                                  "Actual Rows": 89698,
                                  "Actual Loops": 6,
                                  "Filter": "(production_year < 1982)",
                                  "Rows Removed by Filter": 331687
                                }
                              ]
                            }
                          ]
                        }
                      ]
                    }
                  ]
                }
              ]
            }
          ]
        }
      ]
    },
    "Planning Time": 0.677,
    "Triggers": [],
    "Execution Time": 2317.074
  }
]