[
  {
    "Plan": {
      "Node Type": "Aggregate",
      "Strategy": "Plain",
      "Partial Mode": "Finalize",
      "Parallel Aware": false,
      "Startup Cost": 32901.25,
      "Total Cost": 32901.26,
      "Plan Rows": 1,
      "Plan Width": 8,
      "Actual Startup Time": 93.21,
      "Actual Total Time": 99.466,
      "Actual Rows": 1,
      "Actual Loops": 1,
      "Plans": [
        {
          "Node Type": "Gather",
          "Parent Relationship": "Outer",
          "Parallel Aware": false,
          "Startup Cost": 32900.93,
          "Total Cost": 32901.24,
          "Plan Rows": 3,
          "Plan Width": 8,
          "Actual Startup Time": 93.091,
          "Actual Total Time": 99.457,
          "Actual Rows": 4,
          "Actual Loops": 1,
          "Workers Planned": 3,
          "Workers Launched": 3,
          "Single Copy": false,
          "Plans": [
            {
              "Node Type": "Aggregate",
              "Strategy": "Plain",
              "Partial Mode": "Partial",
              "Parent Relationship": "Outer",
              "Parallel Aware": false,
              "Startup Cost": 31900.93,
              "Total Cost": 31900.94,
              "Plan Rows": 1,
              "Plan Width": 8,
              "Actual Startup Time": 86.229,
              "Actual Total Time": 86.23,
              "Actual Rows": 1,
              "Actual Loops": 4,
              "Plans": [
                {
                  "Node Type": "Seq Scan",
                  "Parent Relationship": "Outer",
                  "Parallel Aware": true,
                  "Relation Name": "movie_companies",
                  "Alias": "mc",
                  "Startup Cost": 0.0,
                  "Total Cost": 31414.82,
                  "Plan Rows": 194444,
                  "Plan Width": 0,
                  "Actual Startup Time": 46.089,
                  "Actual Total Time": 77.879,
                  "Actual Rows": 219944,
                  "Actual Loops": 4,
                  "Filter": "((company_id > 12494) AND (company_type_id = 2))",
                  "Rows Removed by Filter": 432338
                }
              ]
            }
          ]
        }
      ]
    },
    "Planning Time": 0.217,
    "Triggers": [],
    "Execution Time": 99.52
  }
]