[
    {
        "Bao": {
            "Bao prediction": 1318.983,
            "Bao recommended hint": "SET enable_mergejoin TO off; SET enable_indexscan TO off; "
        }
    },
    {
        "Plan": {
            "Node Type": "Aggregate",
            "Strategy": "Plain",
            "Partial Mode": "Finalize",
            "Parallel Aware": false,
            "Startup Cost": 635167.44,
            "Total Cost": 635167.45,
            "Plan Rows": 1,
            "Plan Width": 8,
            "Actual Startup Time": 3018.289,
            "Actual Total Time": 3063.182,
            "Actual Rows": 1,
            "Actual Loops": 1,
            "Output": [
                "count(*)"
            ],
            "Plans": [
                {
                    "Node Type": "Gather",
                    "Parent Relationship": "Outer",
                    "Parallel Aware": false,
                    "Startup Cost": 635166.92,
                    "Total Cost": 635167.43,
                    "Plan Rows": 5,
                    "Plan Width": 8,
                    "Actual Startup Time": 2982.926,
                    "Actual Total Time": 3063.169,
                    "Actual Rows": 6,
                    "Actual Loops": 1,
                    "Output": [
                        "(PARTIAL count(*))"
                    ],
                    "Workers Planned": 5,
                    "Workers Launched": 5,
                    "Single Copy": false,
                    "Plans": [
                        {
                            "Node Type": "Aggregate",
                            "Strategy": "Plain",
                            "Partial Mode": "Partial",
                            "Parent Relationship": "Outer",
                            "Parallel Aware": false,
                            "Startup Cost": 634166.92,
                            "Total Cost": 634166.93,
                            "Plan Rows": 1,
                            "Plan Width": 8,
                            "Actual Startup Time": 2953.914,
                            "Actual Total Time": 2954.77,
                            "Actual Rows": 1,
                            "Actual Loops": 6,
                            "Output": [
                                "PARTIAL count(*)"
                            ],
                            "Workers": [
                                {
                                    "Worker Number": 0,
                                    "Actual Startup Time": 2947.722,
                                    "Actual Total Time": 2947.734,
                                    "Actual Rows": 1,
                                    "Actual Loops": 1
                                },
                                {
                                    "Worker Number": 1,
                                    "Actual Startup Time": 2947.732,
                                    "Actual Total Time": 2947.737,
                                    "Actual Rows": 1,
                                    "Actual Loops": 1
                                },
                                {
                                    "Worker Number": 2,
                                    "Actual Startup Time": 2947.743,
                                    "Actual Total Time": 2947.748,
                                    "Actual Rows": 1,
                                    "Actual Loops": 1
                                },
                                {
                                    "Worker Number": 3,
                                    "Actual Startup Time": 2950.259,
                                    "Actual Total Time": 2950.264,
                                    "Actual Rows": 1,
                                    "Actual Loops": 1
                                },
                                {
                                    "Worker Number": 4,
                                    "Actual Startup Time": 2947.953,
                                    "Actual Total Time": 2947.958,
                                    "Actual Rows": 1,
                                    "Actual Loops": 1
                                }
                            ],
                            "Plans": [
                                {
                                    "Node Type": "Hash Join",
                                    "Parent Relationship": "Outer",
                                    "Parallel Aware": true,
                                    "Join Type": "Inner",
                                    "Startup Cost": 409672.69,
                                    "Total Cost": 622829.6,
                                    "Plan Rows": 4534929,
                                    "Plan Width": 0,
                                    "Actual Startup Time": 1347.437,
                                    "Actual Total Time": 2635.937,
                                    "Actual Rows": 7069090,
                                    "Actual Loops": 6,
                                    "Inner Unique": false,
                                    "Hash Cond": "(mi.movie_id = t.id)",
                                    "Workers": [
                                        {
                                            "Worker Number": 0,
                                            "Actual Startup Time": 1341.644,
                                            "Actual Total Time": 2646.747,
                                            "Actual Rows": 7653796,
                                            "Actual Loops": 1
                                        },
                                        {
                                            "Worker Number": 1,
                                            "Actual Startup Time": 1341.646,
                                            "Actual Total Time": 2631.58,
                                            "Actual Rows": 7298969,
                                            "Actual Loops": 1
                                        },
                                        {
                                            "Worker Number": 2,
                                            "Actual Startup Time": 1341.659,
                                            "Actual Total Time": 2629.23,
                                            "Actual Rows": 7312299,
                                            "Actual Loops": 1
                                        },
                                        {
                                            "Worker Number": 3,
                                            "Actual Startup Time": 1341.802,
                                            "Actual Total Time": 2631.427,
                                            "Actual Rows": 7317280,
                                            "Actual Loops": 1
                                        },
                                        {
                                            "Worker Number": 4,
                                            "Actual Startup Time": 1341.878,
                                            "Actual Total Time": 2620.482,
                                            "Actual Rows": 5229356,
                                            "Actual Loops": 1
                                        }
                                    ],
                                    "Plans": [
                                        {
                                            "Node Type": "Seq Scan",
                                            "Parent Relationship": "Outer",
                                            "Parallel Aware": true,
                                            "Relation Name": "movie_info",
                                            "Schema": "public",
                                            "Alias": "mi",
                                            "Startup Cost": 0.0,
                                            "Total Cost": 198880.74,
                                            "Plan Rows": 1791457,
                                            "Plan Width": 4,
                                            "Actual Startup Time": 14.295,
                                            "Actual Total Time": 302.951,
                                            "Actual Rows": 1491793,
                                            "Actual Loops": 6,
                                            "Output": [
                                                "mi.id",
                                                "mi.movie_id",
                                                "mi.info_type_id",
                                                "mi.info",
                                                "mi.note"
                                            ],
                                            "Filter": "(mi.info_type_id > 6)",
                                            "Rows Removed by Filter": 980827,
                                            "Workers": [
                                                {
                                                    "Worker Number": 0,
                                                    "Actual Startup Time": 14.311,
                                                    "Actual Total Time": 313.654,
                                                    "Actual Rows": 1564219,
                                                    "Actual Loops": 1
                                                },
                                                {
                                                    "Worker Number": 1,
                                                    "Actual Startup Time": 14.301,
                                                    "Actual Total Time": 308.257,
                                                    "Actual Rows": 1574317,
                                                    "Actual Loops": 1
                                                },
                                                {
                                                    "Worker Number": 2,
                                                    "Actual Startup Time": 14.309,
                                                    "Actual Total Time": 307.913,
                                                    "Actual Rows": 1559283,
                                                    "Actual Loops": 1
                                                },
                                                {
                                                    "Worker Number": 3,
                                                    "Actual Startup Time": 14.306,
                                                    "Actual Total Time": 306.011,
                                                    "Actual Rows": 1547436,
                                                    "Actual Loops": 1
                                                },
                                                {
                                                    "Worker Number": 4,
                                                    "Actual Startup Time": 14.235,
                                                    "Actual Total Time": 324.869,
                                                    "Actual Rows": 1083482,
                                                    "Actual Loops": 1
                                                }
                                            ]
                                        },
                                        {
                                            "Node Type": "Hash",
                                            "Parent Relationship": "Inner",
                                            "Parallel Aware": true,
                                            "Startup Cost": 396338.85,
                                            "Total Cost": 396338.85,
                                            "Plan Rows": 1066707,
                                            "Plan Width": 8,
                                            "Actual Startup Time": 1321.774,
                                            "Actual Total Time": 1322.628,
                                            "Actual Rows": 514103,
                                            "Actual Loops": 6,
                                            "Output": [
                                                "t.id",
                                                "ci.movie_id"
                                            ],
                                            "Hash Buckets": 8388608,
                                            "Original Hash Buckets": 8388608,
                                            "Hash Batches": 1,
                                            "Original Hash Batches": 1,
                                            "Peak Memory Usage": 186272,
                                            "Workers": [
                                                {
                                                    "Worker Number": 0,
                                                    "Actual Startup Time": 1326.559,
                                                    "Actual Total Time": 1326.57,
                                                    "Actual Rows": 506511,
                                                    "Actual Loops": 1
                                                },
                                                {
                                                    "Worker Number": 1,
                                                    "Actual Startup Time": 1326.634,
                                                    "Actual Total Time": 1326.637,
                                                    "Actual Rows": 541209,
                                                    "Actual Loops": 1
                                                },
                                                {
                                                    "Worker Number": 2,
                                                    "Actual Startup Time": 1326.595,
                                                    "Actual Total Time": 1326.598,
                                                    "Actual Rows": 541394,
                                                    "Actual Loops": 1
                                                },
                                                {
                                                    "Worker Number": 3,
                                                    "Actual Startup Time": 1326.756,
                                                    "Actual Total Time": 1326.76,
                                                    "Actual Rows": 536462,
                                                    "Actual Loops": 1
                                                },
                                                {
                                                    "Worker Number": 4,
                                                    "Actual Startup Time": 1326.705,
                                                    "Actual Total Time": 1326.708,
                                                    "Actual Rows": 381681,
                                                    "Actual Loops": 1
                                                }
                                            ],
                                            "Plans": [
                                                {
                                                    "Node Type": "Hash Join",
                                                    "Parent Relationship": "Outer",
                                                    "Parallel Aware": true,
                                                    "Join Type": "Inner",
                                                    "Startup Cost": 50219.81,
                                                    "Total Cost": 396338.85,
                                                    "Plan Rows": 1066707,
                                                    "Plan Width": 8,
                                                    "Actual Startup Time": 713.279,
                                                    "Actual Total Time": 1107.233,
                                                    "Actual Rows": 514103,
                                                    "Actual Loops": 6,
                                                    "Output": [
                                                        "t.id",
                                                        "ci.movie_id"
                                                    ],
                                                    "Inner Unique": true,
                                                    "Hash Cond": "(ci.movie_id = t.id)",
                                                    "Workers": [
                                                        {
                                                            "Worker Number": 0,
                                                            "Actual Startup Time": 713.276,
                                                            "Actual Total Time": 1108.911,
                                                            "Actual Rows": 506511,
                                                            "Actual Loops": 1
                                                        },
                                                        {
                                                            "Worker Number": 1,
                                                            "Actual Startup Time": 713.265,
                                                            "Actual Total Time": 1104.697,
                                                            "Actual Rows": 541209,
                                                            "Actual Loops": 1
                                                        },
                                                        {
                                                            "Worker Number": 2,
                                                            "Actual Startup Time": 713.256,
                                                            "Actual Total Time": 1105.335,
                                                            "Actual Rows": 541394,
                                                            "Actual Loops": 1
                                                        },
                                                        {
                                                            "Worker Number": 3,
                                                            "Actual Startup Time": 713.249,
                                                            "Actual Total Time": 1105.64,
                                                            "Actual Rows": 536462,
                                                            "Actual Loops": 1
                                                        },
                                                        {
                                                            "Worker Number": 4,
                                                            "Actual Startup Time": 713.268,
                                                            "Actual Total Time": 1111.226,
                                                            "Actual Rows": 381681,
                                                            "Actual Loops": 1
                                                        }
                                                    ],
                                                    "Plans": [
                                                        {
                                                            "Node Type": "Seq Scan",
                                                            "Parent Relationship": "Outer",
                                                            "Parallel Aware": true,
                                                            "Relation Name": "cast_info",
                                                            "Schema": "public",
                                                            "Alias": "ci",
                                                            "Startup Cost": 0.0,
                                                            "Total Cost": 343318.94,
                                                            "Plan Rows": 1066707,
                                                            "Plan Width": 4,
                                                            "Actual Startup Time": 469.242,
                                                            "Actual Total Time": 625.35,
                                                            "Actual Rows": 514103,
                                                            "Actual Loops": 6,
                                                            "Output": [
                                                                "ci.id",
                                                                "ci.person_id",
                                                                "ci.movie_id",
                                                                "ci.person_role_id",
                                                                "ci.note",
                                                                "ci.nr_order",
                                                                "ci.role_id"
                                                            ],
                                                            "Filter": "((ci.person_id < 2821522) AND (ci.role_id > 5))",
                                                            "Rows Removed by Filter": 5526621,
                                                            "Workers": [
                                                                {
                                                                    "Worker Number": 0,
                                                                    "Actual Startup Time": 469.341,
                                                                    "Actual Total Time": 622.722,
                                                                    "Actual Rows": 506511,
                                                                    "Actual Loops": 1
                                                                },
                                                                {
                                                                    "Worker Number": 1,
                                                                    "Actual Startup Time": 469.158,
                                                                    "Actual Total Time": 626.663,
                                                                    "Actual Rows": 541209,
                                                                    "Actual Loops": 1
                                                                },
                                                                {
                                                                    "Worker Number": 2,
                                                                    "Actual Startup Time": 469.171,
                                                                    "Actual Total Time": 626.206,
                                                                    "Actual Rows": 541394,
                                                                    "Actual Loops": 1
                                                                },
                                                                {
                                                                    "Worker Number": 3,
                                                                    "Actual Startup Time": 469.15,
                                                                    "Actual Total Time": 626.73,
                                                                    "Actual Rows": 536462,
                                                                    "Actual Loops": 1
                                                                },
                                                                {
                                                                    "Worker Number": 4,
                                                                    "Actual Startup Time": 469.322,
                                                                    "Actual Total Time": 639.132,
                                                                    "Actual Rows": 381681,
                                                                    "Actual Loops": 1
                                                                }
                                                            ]
                                                        },
                                                        {
                                                            "Node Type": "Hash",
                                                            "Parent Relationship": "Inner",
                                                            "Parallel Aware": true,
                                                            "Startup Cost": 42318.81,
                                                            "Total Cost": 42318.81,
                                                            "Plan Rows": 632080,
                                                            "Plan Width": 4,
                                                            "Actual Startup Time": 240.233,
                                                            "Actual Total Time": 240.235,
                                                            "Actual Rows": 421385,
                                                            "Actual Loops": 6,
                                                            "Output": [
                                                                "t.id"
                                                            ],
                                                            "Hash Buckets": 4194304,
                                                            "Original Hash Buckets": 4194304,
                                                            "Hash Batches": 1,
                                                            "Original Hash Batches": 1,
                                                            "Peak Memory Usage": 131744,
                                                            "Workers": [
                                                                {
                                                                    "Worker Number": 0,
                                                                    "Actual Startup Time": 243.877,
                                                                    "Actual Total Time": 243.878,
                                                                    "Actual Rows": 396730,
                                                                    "Actual Loops": 1
                                                                },
                                                                {
                                                                    "Worker Number": 1,
                                                                    "Actual Startup Time": 243.851,
                                                                    "Actual Total Time": 243.852,
                                                                    "Actual Rows": 425464,
                                                                    "Actual Loops": 1
                                                                },
                                                                {
                                                                    "Worker Number": 2,
                                                                    "Actual Startup Time": 243.814,
                                                                    "Actual Total Time": 243.815,
                                                                    "Actual Rows": 425057,
                                                                    "Actual Loops": 1
                                                                },
                                                                {
                                                                    "Worker Number": 3,
                                                                    "Actual Startup Time": 243.854,
                                                                    "Actual Total Time": 243.855,
                                                                    "Actual Rows": 415919,
                                                                    "Actual Loops": 1
                                                                },
                                                                {
                                                                    "Worker Number": 4,
                                                                    "Actual Startup Time": 243.817,
                                                                    "Actual Total Time": 243.818,
                                                                    "Actual Rows": 297530,
                                                                    "Actual Loops": 1
                                                                }
                                                            ],
                                                            "Plans": [
                                                                {
                                                                    "Node Type": "Seq Scan",
                                                                    "Parent Relationship": "Outer",
                                                                    "Parallel Aware": true,
                                                                    "Relation Name": "title",
                                                                    "Schema": "public",
                                                                    "Alias": "t",
                                                                    "Startup Cost": 0.0,
                                                                    "Total Cost": 42318.81,
                                                                    "Plan Rows": 632080,
                                                                    "Plan Width": 4,
                                                                    "Actual Startup Time": 0.04,
                                                                    "Actual Total Time": 70.528,
                                                                    "Actual Rows": 421385,
                                                                    "Actual Loops": 6,
                                                                    "Output": [
                                                                        "t.id"
                                                                    ],
                                                                    "Workers": [
                                                                        {
                                                                            "Worker Number": 0,
                                                                            "Actual Startup Time": 0.046,
                                                                            "Actual Total Time": 70.83,
                                                                            "Actual Rows": 396730,
                                                                            "Actual Loops": 1
                                                                        },
                                                                        {
                                                                            "Worker Number": 1,
                                                                            "Actual Startup Time": 0.046,
                                                                            "Actual Total Time": 72.639,
                                                                            "Actual Rows": 425464,
                                                                            "Actual Loops": 1
                                                                        },
                                                                        {
                                                                            "Worker Number": 2,
                                                                            "Actual Startup Time": 0.026,
                                                                            "Actual Total Time": 72.338,
                                                                            "Actual Rows": 425057,
                                                                            "Actual Loops": 1
                                                                        },
                                                                        {
                                                                            "Worker Number": 3,
                                                                            "Actual Startup Time": 0.059,
                                                                            "Actual Total Time": 72.963,
                                                                            "Actual Rows": 415919,
                                                                            "Actual Loops": 1
                                                                        },
                                                                        {
                                                                            "Worker Number": 4,
                                                                            "Actual Startup Time": 0.048,
                                                                            "Actual Total Time": 76.09,
                                                                            "Actual Rows": 297530,
                                                                            "Actual Loops": 1
                                                                        }
                                                                    ]
                                                                }
                                                            ]
                                                        }
                                                    ]
                                                }
                                            ]
                                        }
                                    ]
                                }
                            ]
                        }
                    ]
                }
            ]
        },
        "Planning Time": 313.016,
        "Triggers": [],
        "Execution Time": 3063.294
    }
]