[
  {
    "Plan": {
      "Node Type": "Aggregate",
      "Strategy": "Plain",
      "Partial Mode": "Finalize",
      "Parallel Aware": false,
      "Startup Cost": 350610.2,
      "Total Cost": 350610.21,
      "Plan Rows": 1,
      "Plan Width": 8,
      "Actual Startup Time": 872.264,
      "Actual Total Time": 935.445,
      "Actual Rows": 1,
      "Actual Loops": 1,
      "Plans": [
        {
          "Node Type": "Gather",
          "Parent Relationship": "Outer",
          "Parallel Aware": false,
          "Startup Cost": 350609.57,
          "Total Cost": 350610.18,
          "Plan Rows": 6,
          "Plan Width": 8,
          "Actual Startup Time": 872.098,
          "Actual Total Time": 935.434,
          "Actual Rows": 7,
          "Actual Loops": 1,
          "Workers Planned": 6,
          "Workers Launched": 6,
          "Single Copy": false,
          "Plans": [
            {
              "Node Type": "Aggregate",
              "Strategy": "Plain",
              "Partial Mode": "Partial",
              "Parent Relationship": "Outer",
              "Parallel Aware": false,
              "Startup Cost": 349609.57,
              "Total Cost": 349609.58,
              "Plan Rows": 1,
              "Plan Width": 8,
              "Actual Startup Time": 863.434,
              "Actual Total Time": 863.435,
              "Actual Rows": 1,
              "Actual Loops": 7,
              "Plans": [
                {
                  "Node Type": "Seq Scan",
                  "Parent Relationship": "Outer",
                  "Parallel Aware": true,
                  "Relation Name": "cast_info",
                  "Alias": "ci",
                  "Startup Cost": 0.0,
                  "Total Cost": 343316.27,
                  "Plan Rows": 2517320,
                  "Plan Width": 0,
                  "Actual Startup Time": 380.568,
                  "Actual Total Time": 748.033,
                  "Actual Rows": 2215532,
                  "Actual Loops": 7,
                  "Filter": "((person_id > 211398) AND (role_id > 2))",
                  "Rows Removed by Filter": 2962231
                }
              ]
            }
          ]
        }
      ]
    },
    "Planning Time": 0.122,
    "Triggers": [],
    "Execution Time": 935.495
  }
]