[
  {
    "Plan": {
      "Node Type": "Aggregate",
      "Strategy": "Plain",
      "Partial Mode": "Finalize",
      "Parallel Aware": false,
      "Startup Cost": 261459.95,
      "Total Cost": 261459.96,
      "Plan Rows": 1,
      "Plan Width": 8,
      "Actual Startup Time": 507.592,
      "Actual Total Time": 561.192,
      "Actual Rows": 1,
      "Actual Loops": 1,
      "Plans": [
        {
          "Node Type": "Gather",
          "Parent Relationship": "Outer",
          "Parallel Aware": false,
          "Startup Cost": 261459.53,
          "Total Cost": 261459.94,
          "Plan Rows": 4,
          "Plan Width": 8,
          "Actual Startup Time": 507.283,
          "Actual Total Time": 561.182,
          "Actual Rows": 5,
          "Actual Loops": 1,
          "Workers Planned": 4,
          "Workers Launched": 4,
          "Single Copy": false,
          "Plans": [
            {
              "Node Type": "Aggregate",
              "Strategy": "Plain",
              "Partial Mode": "Partial",
              "Parent Relationship": "Outer",
              "Parallel Aware": false,
              "Startup Cost": 260459.53,
              "Total Cost": 260459.54,
              "Plan Rows": 1,
              "Plan Width": 8,
              "Actual Startup Time": 500.265,
              "Actual Total Time": 500.268,
              "Actual Rows": 1,
              "Actual Loops": 5,
              "Plans": [
                {
                  "Node Type": "Nested Loop",
                  "Parent Relationship": "Outer",
                  "Parallel Aware": false,
                  "Join Type": "Inner",
                  "Startup Cost": 1.0,
                  "Total Cost": 259687.91,
                  "Plan Rows": 308648,
                  "Plan Width": 0,
                  "Actual Startup Time": 0.506,
                  "Actual Total Time": 477.068,
                  "Actual Rows": 468958,
                  "Actual Loops": 5,
                  "Inner Unique": false,
                  "Join Filter": "(t.id = ci.movie_id)",
                  "Rows Removed by Join Filter": 0,
                  "Plans": [
                    {
                      "Node Type": "Nested Loop",
                      "Parent Relationship": "Outer",
                      "Parallel Aware": false,
                      "Join Type": "Inner",
                      "Startup Cost": 0.43,
                      "Total Cost": 222701.66,
                      "Plan Rows": 21527,
                      "Plan Width": 8,
                      "Actual Startup Time": 0.323,
                      "Actual Total Time": 116.533,
                      "Actual Rows": 18522,
                      "Actual Loops": 5,
                      "Inner Unique": false,
                      "Plans": [
                        {
                          "Node Type": "Seq Scan",
                          "Parent Relationship": "Outer",
                          "Parallel Aware": true,
                          "Relation Name": "title",
                          "Alias": "t",
                          "Startup Cost": 0.0,
                          "Total Cost": 43899.32,
                          "Plan Rows": 3666,
                          "Plan Width": 4,
                          "Actual Startup Time": 0.145,
                          "Actual Total Time": 56.134,
                          "Actual Rows": 2799,
                          "Actual Loops": 5,
                          "Filter": "(production_year = 1976)",
                          "Rows Removed by Filter": 502864
                        },
                        {
                          "Node Type": "Index Only Scan",
                          "Parent Relationship": "Inner",
                          "Parallel Aware": false,
                          "Scan Direction": "Forward",
                          "Index Name": "movie_id_movie_info",
                          "Relation Name": "movie_info",
                          "Alias": "mi",
                          "Startup Cost": 0.43,
                          "Total Cost": 48.36,
                          "Plan Rows": 41,
                          "Plan Width": 4,
                          "Actual Startup Time": 0.009,
                          "Actual Total Time": 0.02,
                          "Actual Rows": 7,
                          "Actual Loops": 13994,
                          "Index Cond": "(movie_id = t.id)",
                          "Rows Removed by Index Recheck": 0,
                          "Heap Fetches": 92611
                        }
                      ]
                    },
                    {
                      "Node Type": "Index Only Scan",
                      "Parent Relationship": "Inner",
                      "Parallel Aware": false,
                      "Scan Direction": "Forward",
                      "Index Name": "movie_id_cast_info",
                      "Relation Name": "cast_info",
                      "Alias": "ci",
                      "Startup Cost": 0.56,
                      "Total Cost": 1.28,
                      "Plan Rows": 35,
                      "Plan Width": 4,
                      "Actual Startup Time": 0.004,
                      "Actual Total Time": 0.017,
                      "Actual Rows": 25,
                      "Actual Loops": 92611,
                      "Index Cond": "(movie_id = mi.movie_id)",
                      "Rows Removed by Index Recheck": 0,
                      "Heap Fetches": 2344789
                    }
                  ]
                }
              ]
            }
          ]
        }
      ]
    },
    "Planning Time": 0.79,
    "Triggers": [],
    "Execution Time": 561.268
  }
]