[
  {
    "Plan": {
      "Node Type": "Aggregate",
      "Strategy": "Plain",
      "Partial Mode": "Finalize",
      "Parallel Aware": false,
      "Startup Cost": 172447.67,
      "Total Cost": 172447.68,
      "Plan Rows": 1,
      "Plan Width": 8,
      "Actual Startup Time": 286.609,
      "Actual Total Time": 302.866,
      "Actual Rows": 1,
      "Actual Loops": 1,
      "Plans": [
        {
          "Node Type": "Gather",
          "Parent Relationship": "Outer",
          "Parallel Aware": false,
          "Startup Cost": 172447.25,
          "Total Cost": 172447.66,
          "Plan Rows": 4,
          "Plan Width": 8,
          "Actual Startup Time": 278.763,
          "Actual Total Time": 302.842,
          "Actual Rows": 5,
          "Actual Loops": 1,
          "Workers Planned": 4,
          "Workers Launched": 4,
          "Single Copy": false,
          "Plans": [
            {
              "Node Type": "Aggregate",
              "Strategy": "Plain",
              "Partial Mode": "Partial",
              "Parent Relationship": "Outer",
              "Parallel Aware": false,
              "Startup Cost": 171447.25,
              "Total Cost": 171447.26,
              "Plan Rows": 1,
              "Plan Width": 8,
              "Actual Startup Time": 264.434,
              "Actual Total Time": 264.437,
              "Actual Rows": 1,
              "Actual Loops": 5,
              "Plans": [
                {
                  "Node Type": "Nested Loop",
                  "Parent Relationship": "Outer",
                  "Parallel Aware": false,
                  "Join Type": "Inner",
                  "Startup Cost": 22026.37,
                  "Total Cost": 171425.56,
                  "Plan Rows": 8675,
                  "Plan Width": 0,
                  "Actual Startup Time": 149.793,
                  "Actual Total Time": 262.603,
                  "Actual Rows": 25551,
                  "Actual Loops": 5,
                  "Inner Unique": true,
                  "Join Filter": "(mi.movie_id = t.id)",
                  "Rows Removed by Join Filter": 0,
                  "Plans": [
                    {
                      "Node Type": "Hash Join",
                      "Parent Relationship": "Outer",
                      "Parallel Aware": true,
                      "Join Type": "Inner",
                      "Startup Cost": 22025.94,
                      "Total Cost": 143736.55,
                      "Plan Rows": 46896,
                      "Plan Width": 8,
                      "Actual Startup Time": 149.644,
                      "Actual Total Time": 171.089,
                      "Actual Rows": 25551,
                      "Actual Loops": 5,
                      "Inner Unique": false,
                      "Hash Cond": "(mi.movie_id = mi_idx.movie_id)",
                      "Plans": [
                        {
                          "Node Type": "Bitmap Heap Scan",
                          "Parent Relationship": "Outer",
                          "Parallel Aware": true,
                          "Relation Name": "movie_info",
                          "Alias": "mi",
                          "Startup Cost": 1153.1,
                          "Total Cost": 122608.74,
                          "Plan Rows": 15892,
                          "Plan Width": 4,
                          "Actual Startup Time": 3.597,
                          "Actual Total Time": 11.579,
                          "Actual Rows": 12226,
                          "Actual Loops": 5,
                          "Recheck Cond": "(info_type_id = 103)",
                          "Rows Removed by Index Recheck": 0,
                          "Exact Heap Blocks": 1097,
                          "Lossy Heap Blocks": 0,
                          "Plans": [
                            {
                              "Node Type": "Bitmap Index Scan",
                              "Parent Relationship": "Outer",
                              "Parallel Aware": false,
                              "Index Name": "info_type_id_movie_info",
                              "Startup Cost": 0.0,
                              "Total Cost": 1137.21,
                              "Plan Rows": 63570,
                              "Plan Width": 0,
                              "Actual Startup Time": 2.817,
                              "Actual Total Time": 2.817,
                              "Actual Rows": 61128,
                              "Actual Loops": 1,
                              "Index Cond": "(info_type_id = 103)"
                            }
                          ]
                        },
                        {
                          "Node Type": "Hash",
                          "Parent Relationship": "Inner",
                          "Parallel Aware": true,
                          "Startup Cost": 13685.15,
                          "Total Cost": 13685.15,
                          "Plan Rows": 575015,
                          "Plan Width": 4,
                          "Actual Startup Time": 139.818,
                          "Actual Total Time": 139.819,
                          "Actual Rows": 276007,
                          "Actual Loops": 5,
                          "Hash Buckets": 2097152,
                          "Original Hash Buckets": 2097152,
                          "Hash Batches": 1,
                          "Original Hash Batches": 1,
                          "Peak Memory Usage": 70432,
                          "Plans": [
                            {
                              "Node Type": "Seq Scan",
                              "Parent Relationship": "Outer",
                              "Parallel Aware": true,
                              "Relation Name": "movie_info_idx",
                              "Alias": "mi_idx",
                              "Startup Cost": 0.0,
                              "Total Cost": 13685.15,
                              "Plan Rows": 575015,
                              "Plan Width": 4,
                              "Actual Startup Time": 0.067,
                              "Actual Total Time": 44.414,
                              "Actual Rows": 276007,
                              "Actual Loops": 5
                            }
                          ]
                        }
                      ]
                    },
                    {
                      "Node Type": "Index Only Scan",
                      "Parent Relationship": "Inner",
                      "Parallel Aware": false,
                      "Scan Direction": "Forward",
                      "Index Name": "title_pkey",
                      "Relation Name": "title",
                      "Alias": "t",
                      "Startup Cost": 0.43,
                      "Total Cost": 0.58,
                      "Plan Rows": 1,
                      "Plan Width": 4,
                      "Actual Startup Time": 0.003,
                      "Actual Total Time": 0.003,
                      "Actual Rows": 1,
                      "Actual Loops": 127757,
                      "Index Cond": "(id = mi_idx.movie_id)",
                      "Rows Removed by Index Recheck": 0,
                      "Heap Fetches": 127757
                    }
                  ]
                }
              ]
            }
          ]
        }
      ]
    },
    "Planning Time": 1.41,
    "Triggers": [],
    "Execution Time": 302.986
  }
]