{
  "Plan": {
    "Node Type": "Aggregate",
    "Strategy": "Plain",
    "Partial Mode": "Finalize",
    "Parallel Aware": false,
    "Startup Cost": 51441.47,
    "Total Cost": 51441.48,
    "Plan Rows": 1,
    "Plan Width": 8,
    "Actual Startup Time": 148.038,
    "Actual Total Time": 156.063,
    "Actual Rows": 1,
    "Actual Loops": 1,
    "Plans": [
      {
        "Node Type": "Gather",
        "Parent Relationship": "Outer",
        "Parallel Aware": false,
        "Startup Cost": 51441.36,
        "Total Cost": 51441.47,
        "Plan Rows": 1,
        "Plan Width": 8,
        "Actual Startup Time": 147.898,
        "Actual Total Time": 156.049,
        "Actual Rows": 2,
        "Actual Loops": 1,
        "Workers Planned": 1,
        "Workers Launched": 1,
        "Single Copy": false,
        "Plans": [
          {
            "Node Type": "Aggregate",
            "Strategy": "Plain",
            "Partial Mode": "Partial",
            "Parent Relationship": "Outer",
            "Parallel Aware": false,
            "Startup Cost": 50441.36,
            "Total Cost": 50441.37,
            "Plan Rows": 1,
            "Plan Width": 8,
            "Actual Startup Time": 141.809,
            "Actual Total Time": 141.814,
            "Actual Rows": 1,
            "Actual Loops": 2,
            "Plans": [
              {
                "Node Type": "Hash Join",
                "Parent Relationship": "Outer",
                "Parallel Aware": true,
                "Join Type": "Inner",
                "Startup Cost": 31332.14,
                "Total Cost": 50437.73,
                "Plan Rows": 1452,
                "Plan Width": 0,
                "Actual Startup Time": 34.366,
                "Actual Total Time": 141.704,
                "Actual Rows": 1356,
                "Actual Loops": 2,
                "Inner Unique": false,
                "Hash Cond": "(mi_idx.movie_id = t.id)",
                "Plans": [
                  {
                    "Node Type": "Seq Scan",
                    "Parent Relationship": "Outer",
                    "Parallel Aware": true,
                    "Relation Name": "movie_info_idx",
                    "Alias": "mi_idx",
                    "Startup Cost": 0.0,
                    "Total Cost": 16052.85,
                    "Plan Rows": 811785,
                    "Plan Width": 4,
                    "Actual Startup Time": 0.015,
                    "Actual Total Time": 56.153,
                    "Actual Rows": 690018,
                    "Actual Loops": 2
                  },
                  {
                    "Node Type": "Hash",
                    "Parent Relationship": "Inner",
                    "Parallel Aware": true,
                    "Startup Cost": 31298.88,
                    "Total Cost": 31298.88,
                    "Plan Rows": 2661,
                    "Plan Width": 8,
                    "Actual Startup Time": 28.294,
                    "Actual Total Time": 28.297,
                    "Actual Rows": 2270,
                    "Actual Loops": 2,
                    "Hash Buckets": 8192,
                    "Original Hash Buckets": 8192,
                    "Hash Batches": 1,
                    "Original Hash Batches": 1,
                    "Peak Memory Usage": 256,
                    "Plans": [
                      {
                        "Node Type": "Nested Loop",
                        "Parent Relationship": "Outer",
                        "Parallel Aware": false,
                        "Join Type": "Inner",
                        "Startup Cost": 99.92,
                        "Total Cost": 31298.88,
                        "Plan Rows": 2661,
                        "Plan Width": 8,
                        "Actual Startup Time": 1.927,
                        "Actual Total Time": 27.107,
                        "Actual Rows": 2270,
                        "Actual Loops": 2,
                        "Inner Unique": true,
                        "Plans": [
                          {
                            "Node Type": "Bitmap Heap Scan",
                            "Parent Relationship": "Outer",
                            "Parallel Aware": true,
                            "Relation Name": "movie_keyword",
                            "Alias": "mk",
                            "Startup Cost": 99.49,
                            "Total Cost": 11584.6,
                            "Plan Rows": 2661,
                            "Plan Width": 4,
                            "Actual Startup Time": 1.789,
                            "Actual Total Time": 8.17,
                            "Actual Rows": 2270,
                            "Actual Loops": 2,
                            "Recheck Cond": "(keyword_id = 2762)",
                            "Rows Removed by Index Recheck": 0,
                            "Exact Heap Blocks": 2503,
                            "Lossy Heap Blocks": 0,
                            "Plans": [
                              {
                                "Node Type": "Bitmap Index Scan",
                                "Parent Relationship": "Outer",
                                "Parallel Aware": false,
                                "Index Name": "keyword_id_movie_keyword",
                                "Startup Cost": 0.0,
                                "Total Cost": 98.36,
                                "Plan Rows": 4524,
                                "Plan Width": 0,
                                "Actual Startup Time": 2.104,
                                "Actual Total Time": 2.105,
                                "Actual Rows": 4540,
                                "Actual Loops": 1,
                                "Index Cond": "(keyword_id = 2762)"
                              }
                            ]
                          },
                          {
                            "Node Type": "Index Only Scan",
                            "Parent Relationship": "Inner",
                            "Parallel Aware": false,
                            "Scan Direction": "Forward",
                            "Index Name": "title_pkey",
                            "Relation Name": "title",
                            "Alias": "t",
                            "Startup Cost": 0.43,
                            "Total Cost": 7.41,
                            "Plan Rows": 1,
                            "Plan Width": 4,
                            "Actual Startup Time": 0.008,
                            "Actual Total Time": 0.008,
                            "Actual Rows": 1,
                            "Actual Loops": 4540,
                            "Index Cond": "(id = mk.movie_id)",
                            "Rows Removed by Index Recheck": 0,
                            "Heap Fetches": 4540
                          }
                        ]
                      }
                    ]
                  }
                ]
              }
            ]
          }
        ]
      }
    ]
  },
  "Planning Time": 1.047,
  "Triggers": [],
  "Execution Time": 156.169
}