[
  {
    "Plan": {
      "Node Type": "Aggregate",
      "Strategy": "Plain",
      "Partial Mode": "Finalize",
      "Parallel Aware": false,
      "Startup Cost": 248460.43,
      "Total Cost": 248460.44,
      "Plan Rows": 1,
      "Plan Width": 8,
      "Actual Startup Time": 361.703,
      "Actual Total Time": 389.027,
      "Actual Rows": 1,
      "Actual Loops": 1,
      "Plans": [
        {
          "Node Type": "Gather",
          "Parent Relationship": "Outer",
          "Parallel Aware": false,
          "Startup Cost": 248460.01,
          "Total Cost": 248460.42,
          "Plan Rows": 4,
          "Plan Width": 8,
          "Actual Startup Time": 361.046,
          "Actual Total Time": 389.018,
          "Actual Rows": 5,
          "Actual Loops": 1,
          "Workers Planned": 4,
          "Workers Launched": 4,
          "Single Copy": false,
          "Plans": [
            {
              "Node Type": "Aggregate",
              "Strategy": "Plain",
              "Partial Mode": "Partial",
              "Parent Relationship": "Outer",
              "Parallel Aware": false,
              "Startup Cost": 247460.01,
              "Total Cost": 247460.02,
              "Plan Rows": 1,
              "Plan Width": 8,
              "Actual Startup Time": 351.246,
              "Actual Total Time": 351.249,
              "Actual Rows": 1,
              "Actual Loops": 5,
              "Plans": [
                {
                  "Node Type": "Hash Join",
                  "Parent Relationship": "Outer",
                  "Parallel Aware": true,
                  "Join Type": "Inner",
                  "Startup Cost": 198506.27,
                  "Total Cost": 247271.45,
                  "Plan Rows": 75426,
                  "Plan Width": 0,
                  "Actual Startup Time": 237.951,
                  "Actual Total Time": 351.229,
                  "Actual Rows": 34,
                  "Actual Loops": 5,
                  "Inner Unique": false,
                  "Hash Cond": "(t.id = ci.movie_id)",
                  "Plans": [
                    {
                      "Node Type": "Seq Scan",
                      "Parent Relationship": "Outer",
                      "Parallel Aware": true,
                      "Relation Name": "title",
                      "Alias": "t",
                      "Startup Cost": 0.0,
                      "Total Cost": 42318.73,
                      "Plan Rows": 632073,
                      "Plan Width": 4,
                      "Actual Startup Time": 0.014,
                      "Actual Total Time": 64.702,
                      "Actual Rows": 505662,
                      "Actual Loops": 5
                    },
                    {
                      "Node Type": "Hash",
                      "Parent Relationship": "Inner",
                      "Parallel Aware": true,
                      "Startup Cost": 197877.72,
                      "Total Cost": 197877.72,
                      "Plan Rows": 50284,
                      "Plan Width": 4,
                      "Actual Startup Time": 234.169,
                      "Actual Total Time": 234.17,
                      "Actual Rows": 34,
                      "Actual Loops": 5,
                      "Hash Buckets": 524288,
                      "Original Hash Buckets": 524288,
                      "Hash Batches": 1,
                      "Original Hash Batches": 1,
                      "Peak Memory Usage": 4256,
                      "Plans": [
                        {
                          "Node Type": "Index Scan",
                          "Parent Relationship": "Outer",
                          "Parallel Aware": true,
                          "Scan Direction": "Forward",
                          "Index Name": "role_id_cast_info",
                          "Relation Name": "cast_info",
                          "Alias": "ci",
                          "Startup Cost": 0.56,
                          "Total Cost": 197877.72,
                          "Plan Rows": 50284,
                          "Plan Width": 4,
                          "Actual Startup Time": 10.913,
                          "Actual Total Time": 233.72,
                          "Actual Rows": 34,
                          "Actual Loops": 5,
                          "Index Cond": "(role_id = 2)",
                          "Rows Removed by Index Recheck": 0,
                          "Filter": "(person_id < 153592)",
                          "Rows Removed by Filter": 1490360
                        }
                      ]
                    }
                  ]
                }
              ]
            }
          ]
        }
      ]
    },
    "Planning Time": 0.66,
    "Triggers": [],
    "Execution Time": 389.107
  }
]