[
  {
    "Plan": {
      "Node Type": "Aggregate",
      "Strategy": "Plain",
      "Partial Mode": "Finalize",
      "Parallel Aware": false,
      "Startup Cost": 32541.37,
      "Total Cost": 32541.38,
      "Plan Rows": 1,
      "Plan Width": 8,
      "Actual Startup Time": 87.02,
      "Actual Total Time": 91.008,
      "Actual Rows": 1,
      "Actual Loops": 1,
      "Plans": [
        {
          "Node Type": "Gather",
          "Parent Relationship": "Outer",
          "Parallel Aware": false,
          "Startup Cost": 32541.05,
          "Total Cost": 32541.36,
          "Plan Rows": 3,
          "Plan Width": 8,
          "Actual Startup Time": 86.797,
          "Actual Total Time": 91.002,
          "Actual Rows": 4,
          "Actual Loops": 1,
          "Workers Planned": 3,
          "Workers Launched": 3,
          "Single Copy": false,
          "Plans": [
            {
              "Node Type": "Aggregate",
              "Strategy": "Plain",
              "Partial Mode": "Partial",
              "Parent Relationship": "Outer",
              "Parallel Aware": false,
              "Startup Cost": 31541.05,
              "Total Cost": 31541.06,
              "Plan Rows": 1,
              "Plan Width": 8,
              "Actual Startup Time": 80.23,
              "Actual Total Time": 80.232,
              "Actual Rows": 1,
              "Actual Loops": 4,
              "Plans": [
                {
                  "Node Type": "Bitmap Heap Scan",
                  "Parent Relationship": "Outer",
                  "Parallel Aware": true,
                  "Relation Name": "movie_companies",
                  "Alias": "mc",
                  "Startup Cost": 10253.71,
                  "Total Cost": 31346.21,
                  "Plan Rows": 77937,
                  "Plan Width": 0,
                  "Actual Startup Time": 30.101,
                  "Actual Total Time": 72.831,
                  "Actual Rows": 120564,
                  "Actual Loops": 4,
                  "Recheck Cond": "(company_id > 75112)",
                  "Rows Removed by Index Recheck": 0,
                  "Filter": "(company_type_id = 2)",
                  "Rows Removed by Filter": 0,
                  "Exact Heap Blocks": 3653,
                  "Lossy Heap Blocks": 0,
                  "Plans": [
                    {
                      "Node Type": "Bitmap Index Scan",
                      "Parent Relationship": "Outer",
                      "Parallel Aware": false,
                      "Index Name": "company_id_movie_companies",
                      "Startup Cost": 0.0,
                      "Total Cost": 10193.31,
                      "Plan Rows": 475850,
                      "Plan Width": 0,
                      "Actual Startup Time": 34.91,
                      "Actual Total Time": 34.911,
                      "Actual Rows": 482256,
                      "Actual Loops": 1,
                      "Index Cond": "(company_id > 75112)"
                    }
                  ]
                }
              ]
            }
          ]
        }
      ]
    },
    "Planning Time": 0.144,
    "Triggers": [],
    "Execution Time": 91.058
  }
]