[
  {
    "Plan": {
      "Node Type": "Aggregate",
      "Strategy": "Plain",
      "Partial Mode": "Finalize",
      "Parallel Aware": false,
      "Startup Cost": 71292.17,
      "Total Cost": 71292.18,
      "Plan Rows": 1,
      "Plan Width": 8,
      "Actual Startup Time": 104.245,
      "Actual Total Time": 116.131,
      "Actual Rows": 1,
      "Actual Loops": 1,
      "Plans": [
        {
          "Node Type": "Gather",
          "Parent Relationship": "Outer",
          "Parallel Aware": false,
          "Startup Cost": 71291.75,
          "Total Cost": 71292.16,
          "Plan Rows": 4,
          "Plan Width": 8,
          "Actual Startup Time": 104.068,
          "Actual Total Time": 116.123,
          "Actual Rows": 5,
          "Actual Loops": 1,
          "Workers Planned": 4,
          "Workers Launched": 4,
          "Single Copy": false,
          "Plans": [
            {
              "Node Type": "Aggregate",
              "Strategy": "Plain",
              "Partial Mode": "Partial",
              "Parent Relationship": "Outer",
              "Parallel Aware": false,
              "Startup Cost": 70291.75,
              "Total Cost": 70291.76,
              "Plan Rows": 1,
              "Plan Width": 8,
              "Actual Startup Time": 95.985,
              "Actual Total Time": 95.987,
              "Actual Rows": 1,
              "Actual Loops": 5,
              "Plans": [
                {
                  "Node Type": "Nested Loop",
                  "Parent Relationship": "Outer",
                  "Parallel Aware": false,
                  "Join Type": "Inner",
                  "Startup Cost": 0.43,
                  "Total Cost": 70290.66,
                  "Plan Rows": 438,
                  "Plan Width": 0,
                  "Actual Startup Time": 0.975,
                  "Actual Total Time": 95.89,
                  "Actual Rows": 509,
                  "Actual Loops": 5,
                  "Inner Unique": false,
                  "Plans": [
                    {
                      "Node Type": "Seq Scan",
                      "Parent Relationship": "Outer",
                      "Parallel Aware": true,
                      "Relation Name": "title",
                      "Alias": "t",
                      "Startup Cost": 0.0,
                      "Total Cost": 45479.59,
                      "Plan Rows": 2631,
                      "Plan Width": 4,
                      "Actual Startup Time": 0.232,
                      "Actual Total Time": 80.675,
                      "Actual Rows": 1971,
                      "Actual Loops": 5,
                      "Filter": "((kind_id > 1) AND (production_year = 1971))",
                      "Rows Removed by Filter": 503691
                    },
                    {
                      "Node Type": "Index Scan",
                      "Parent Relationship": "Inner",
                      "Parallel Aware": false,
                      "Scan Direction": "Forward",
                      "Index Name": "movie_id_movie_companies",
                      "Relation Name": "movie_companies",
                      "Alias": "mc",
                      "Startup Cost": 0.43,
                      "Total Cost": 9.42,
                      "Plan Rows": 1,
                      "Plan Width": 4,
                      "Actual Startup Time": 0.007,
                      "Actual Total Time": 0.007,
                      "Actual Rows": 0,
                      "Actual Loops": 9857,
                      "Index Cond": "(movie_id = t.id)",
                      "Rows Removed by Index Recheck": 0,
                      "Filter": "((company_id < 2020) AND (company_type_id = 2))",
                      "Rows Removed by Filter": 1
                    }
                  ]
                }
              ]
            }
          ]
        }
      ]
    },
    "Planning Time": 0.279,
    "Triggers": [],
    "Execution Time": 116.167
  }
]