[
  {
    "Plan": {
      "Node Type": "Aggregate",
      "Strategy": "Plain",
      "Partial Mode": "Finalize",
      "Parallel Aware": false,
      "Startup Cost": 42597.65,
      "Total Cost": 42597.66,
      "Plan Rows": 1,
      "Plan Width": 8,
      "Actual Startup Time": 128.555,
      "Actual Total Time": 137.402,
      "Actual Rows": 1,
      "Actual Loops": 1,
      "Plans": [
        {
          "Node Type": "Gather",
          "Parent Relationship": "Outer",
          "Parallel Aware": false,
          "Startup Cost": 42597.34,
          "Total Cost": 42597.65,
          "Plan Rows": 3,
          "Plan Width": 8,
          "Actual Startup Time": 128.286,
          "Actual Total Time": 137.394,
          "Actual Rows": 4,
          "Actual Loops": 1,
          "Workers Planned": 3,
          "Workers Launched": 3,
          "Single Copy": false,
          "Plans": [
            {
              "Node Type": "Aggregate",
              "Strategy": "Plain",
              "Partial Mode": "Partial",
              "Parent Relationship": "Outer",
              "Parallel Aware": false,
              "Startup Cost": 41597.34,
              "Total Cost": 41597.35,
              "Plan Rows": 1,
              "Plan Width": 8,
              "Actual Startup Time": 122.471,
              "Actual Total Time": 122.472,
              "Actual Rows": 1,
              "Actual Loops": 4,
              "Plans": [
                {
                  "Node Type": "Bitmap Heap Scan",
                  "Parent Relationship": "Outer",
                  "Parallel Aware": true,
                  "Relation Name": "movie_keyword",
                  "Alias": "mk",
                  "Startup Cost": 13959.65,
                  "Total Cost": 41066.72,
                  "Plan Rows": 212246,
                  "Plan Width": 0,
                  "Actual Startup Time": 41.117,
                  "Actual Total Time": 113.679,
                  "Actual Rows": 161178,
                  "Actual Loops": 4,
                  "Recheck Cond": "(keyword_id > 29028)",
                  "Rows Removed by Index Recheck": 0,
                  "Exact Heap Blocks": 10306,
                  "Lossy Heap Blocks": 0,
                  "Plans": [
                    {
                      "Node Type": "Bitmap Index Scan",
                      "Parent Relationship": "Outer",
                      "Parallel Aware": false,
                      "Index Name": "keyword_id_movie_keyword",
                      "Startup Cost": 0.0,
                      "Total Cost": 13795.16,
                      "Plan Rows": 657963,
                      "Plan Width": 0,
                      "Actual Startup Time": 42.808,
                      "Actual Total Time": 42.808,
                      "Actual Rows": 644711,
                      "Actual Loops": 1,
                      "Index Cond": "(keyword_id > 29028)"
                    }
                  ]
                }
              ]
            }
          ]
        }
      ]
    },
    "Planning Time": 0.096,
    "Triggers": [],
    "Execution Time": 137.457
  }
]