[
  {
    "Plan": {
      "Node Type": "Aggregate",
      "Strategy": "Plain",
      "Partial Mode": "Finalize",
      "Parallel Aware": false,
      "Startup Cost": 635810.34,
      "Total Cost": 635810.35,
      "Plan Rows": 1,
      "Plan Width": 8,
      "Actual Startup Time": 3038.2,
      "Actual Total Time": 3128.318,
      "Actual Rows": 1,
      "Actual Loops": 1,
      "Plans": [
        {
          "Node Type": "Gather",
          "Parent Relationship": "Outer",
          "Parallel Aware": false,
          "Startup Cost": 635809.71,
          "Total Cost": 635810.32,
          "Plan Rows": 6,
          "Plan Width": 8,
          "Actual Startup Time": 3012.924,
          "Actual Total Time": 3128.308,
          "Actual Rows": 7,
          "Actual Loops": 1,
          "Workers Planned": 6,
          "Workers Launched": 6,
          "Single Copy": false,
          "Plans": [
            {
              "Node Type": "Aggregate",
              "Strategy": "Plain",
              "Partial Mode": "Partial",
              "Parent Relationship": "Outer",
              "Parallel Aware": false,
              "Startup Cost": 634809.71,
              "Total Cost": 634809.72,
              "Plan Rows": 1,
              "Plan Width": 8,
              "Actual Startup Time": 2991.129,
              "Actual Total Time": 2991.135,
              "Actual Rows": 1,
              "Actual Loops": 7,
              "Plans": [
                {
                  "Node Type": "Hash Join",
                  "Parent Relationship": "Outer",
                  "Parallel Aware": true,
                  "Join Type": "Inner",
                  "Startup Cost": 260957.81,
                  "Total Cost": 619616.5,
                  "Plan Rows": 6077283,
                  "Plan Width": 0,
                  "Actual Startup Time": 940.847,
                  "Actual Total Time": 2836.094,
                  "Actual Rows": 3491106,
                  "Actual Loops": 7,
                  "Inner Unique": false,
                  "Hash Cond": "(ci.movie_id = t.id)",
                  "Plans": [
                    {
                      "Node Type": "Seq Scan",
                      "Parent Relationship": "Outer",
                      "Parallel Aware": true,
                      "Relation Name": "cast_info",
                      "Alias": "ci",
                      "Startup Cost": 0.0,
                      "Total Cost": 328162.03,
                      "Plan Rows": 4891227,
                      "Plan Width": 4,
                      "Actual Startup Time": 79.272,
                      "Actual Total Time": 656.995,
                      "Actual Rows": 4168751,
                      "Actual Loops": 7,
                      "Filter": "(person_id > 682231)",
                      "Rows Removed by Filter": 1009013
                    },
                    {
                      "Node Type": "Hash",
                      "Parent Relationship": "Inner",
                      "Parallel Aware": true,
                      "Startup Cost": 253104.38,
                      "Total Cost": 253104.38,
                      "Plan Rows": 628274,
                      "Plan Width": 8,
                      "Actual Startup Time": 854.863,
                      "Actual Total Time": 854.867,
                      "Actual Rows": 243257,
                      "Actual Loops": 7,
                      "Hash Buckets": 4194304,
                      "Original Hash Buckets": 4194304,
                      "Hash Batches": 1,
                      "Original Hash Batches": 1,
                      "Peak Memory Usage": 99488,
                      "Plans": [
                        {
                          "Node Type": "Hash Join",
                          "Parent Relationship": "Outer",
                          "Parallel Aware": true,
                          "Join Type": "Inner",
                          "Startup Cost": 47412.45,
                          "Total Cost": 253104.38,
                          "Plan Rows": 628274,
                          "Plan Width": 8,
                          "Actual Startup Time": 121.962,
                          "Actual Total Time": 743.723,
                          "Actual Rows": 243257,
                          "Actual Loops": 7,
                          "Inner Unique": true,
                          "Hash Cond": "(mi.movie_id = t.id)",
                          "Plans": [
                            {
                              "Node Type": "Seq Scan",
                              "Parent Relationship": "Outer",
                              "Parallel Aware": true,
                              "Relation Name": "movie_info",
                              "Alias": "mi",
                              "Startup Cost": 0.0,
                              "Total Cost": 198952.16,
                              "Plan Rows": 2567528,
                              "Plan Width": 4,
                              "Actual Startup Time": 0.04,
                              "Actual Total Time": 330.072,
                              "Actual Rows": 1852870,
                              "Actual Loops": 7,
                              "Filter": "(info_type_id < 18)",
                              "Rows Removed by Filter": 266519
                            },
                            {
                              "Node Type": "Hash",
                              "Parent Relationship": "Inner",
                              "Parallel Aware": true,
                              "Startup Cost": 45479.1,
                              "Total Cost": 45479.1,
                              "Plan Rows": 154668,
                              "Plan Width": 4,
                              "Actual Startup Time": 120.535,
                              "Actual Total Time": 120.536,
                              "Actual Rows": 74449,
                              "Actual Loops": 7,
                              "Hash Buckets": 1048576,
                              "Original Hash Buckets": 1048576,
                              "Hash Batches": 1,
                              "Original Hash Batches": 1,
                              "Peak Memory Usage": 28672,
                              "Plans": [
                                {
                                  "Node Type": "Seq Scan",
                                  "Parent Relationship": "Outer",
                                  "Parallel Aware": true,
                                  "Relation Name": "title",
                                  "Alias": "t",
                                  "Startup Cost": 0.0,
                                  "Total Cost": 45479.1,
                                  "Plan Rows": 154668,
                                  "Plan Width": 4,
                                  "Actual Startup Time": 0.047,
                                  "Actual Total Time": 80.212,
                                  "Actual Rows": 74449,
                                  "Actual Loops": 7,
                                  "Filter": "((production_year < 2000) AND (kind_id = 7))",
                                  "Rows Removed by Filter": 286739
                                }
                              ]
                            }
                          ]
                        }
                      ]
                    }
                  ]
                }
              ]
            }
          ]
        }
      ]
    },
    "Planning Time": 1.343,
    "Triggers": [],
    "Execution Time": 3128.424
  }
]