{
  "Plan": {
    "Node Type": "Aggregate",
    "Strategy": "Plain",
    "Partial Mode": "Finalize",
    "Parallel Aware": false,
    "Startup Cost": 21640.65,
    "Total Cost": 21640.66,
    "Plan Rows": 1,
    "Plan Width": 8,
    "Actual Startup Time": 25.856,
    "Actual Total Time": 29.514,
    "Actual Rows": 1,
    "Actual Loops": 1,
    "Plans": [
      {
        "Node Type": "Gather",
        "Parent Relationship": "Outer",
        "Parallel Aware": false,
        "Startup Cost": 21640.53,
        "Total Cost": 21640.64,
        "Plan Rows": 1,
        "Plan Width": 8,
        "Actual Startup Time": 25.575,
        "Actual Total Time": 29.504,
        "Actual Rows": 2,
        "Actual Loops": 1,
        "Workers Planned": 1,
        "Workers Launched": 1,
        "Single Copy": false,
        "Plans": [
          {
            "Node Type": "Aggregate",
            "Strategy": "Plain",
            "Partial Mode": "Partial",
            "Parent Relationship": "Outer",
            "Parallel Aware": false,
            "Startup Cost": 20640.53,
            "Total Cost": 20640.54,
            "Plan Rows": 1,
            "Plan Width": 8,
            "Actual Startup Time": 19.459,
            "Actual Total Time": 19.462,
            "Actual Rows": 1,
            "Actual Loops": 2,
            "Plans": [
              {
                "Node Type": "Nested Loop",
                "Parent Relationship": "Outer",
                "Parallel Aware": false,
                "Join Type": "Inner",
                "Startup Cost": 62.86,
                "Total Cost": 20639.95,
                "Plan Rows": 234,
                "Plan Width": 0,
                "Actual Startup Time": 2.091,
                "Actual Total Time": 19.329,
                "Actual Rows": 591,
                "Actual Loops": 2,
                "Inner Unique": false,
                "Plans": [
                  {
                    "Node Type": "Nested Loop",
                    "Parent Relationship": "Outer",
                    "Parallel Aware": false,
                    "Join Type": "Inner",
                    "Startup Cost": 62.43,
                    "Total Cost": 20277.42,
                    "Plan Rows": 642,
                    "Plan Width": 8,
                    "Actual Startup Time": 1.924,
                    "Actual Total Time": 13.584,
                    "Actual Rows": 348,
                    "Actual Loops": 2,
                    "Inner Unique": true,
                    "Plans": [
                      {
                        "Node Type": "Bitmap Heap Scan",
                        "Parent Relationship": "Outer",
                        "Parallel Aware": true,
                        "Relation Name": "movie_companies",
                        "Alias": "mc",
                        "Startup Cost": 62.0,
                        "Total Cost": 7562.37,
                        "Plan Rows": 1637,
                        "Plan Width": 4,
                        "Actual Startup Time": 1.148,
                        "Actual Total Time": 2.934,
                        "Actual Rows": 1223,
                        "Actual Loops": 2,
                        "Recheck Cond": "(company_id = 686)",
                        "Rows Removed by Index Recheck": 0,
                        "Exact Heap Blocks": 401,
                        "Lossy Heap Blocks": 0,
                        "Plans": [
                          {
                            "Node Type": "Bitmap Index Scan",
                            "Parent Relationship": "Outer",
                            "Parallel Aware": false,
                            "Index Name": "company_id_movie_companies",
                            "Startup Cost": 0.0,
                            "Total Cost": 61.3,
                            "Plan Rows": 2783,
                            "Plan Width": 0,
                            "Actual Startup Time": 1.914,
                            "Actual Total Time": 1.915,
                            "Actual Rows": 2446,
                            "Actual Loops": 1,
                            "Index Cond": "(company_id = 686)"
                          }
                        ]
                      },
                      {
                        "Node Type": "Index Scan",
                        "Parent Relationship": "Inner",
                        "Parallel Aware": false,
                        "Scan Direction": "Forward",
                        "Index Name": "title_pkey",
                        "Relation Name": "title",
                        "Alias": "t",
                        "Startup Cost": 0.43,
                        "Total Cost": 7.77,
                        "Plan Rows": 1,
                        "Plan Width": 4,
                        "Actual Startup Time": 0.008,
                        "Actual Total Time": 0.008,
                        "Actual Rows": 0,
                        "Actual Loops": 2446,
                        "Index Cond": "(id = mc.movie_id)",
                        "Rows Removed by Index Recheck": 0,
                        "Filter": "(kind_id < 7)",
                        "Rows Removed by Filter": 1
                      }
                    ]
                  },
                  {
                    "Node Type": "Index Scan",
                    "Parent Relationship": "Inner",
                    "Parallel Aware": false,
                    "Scan Direction": "Forward",
                    "Index Name": "movie_id_movie_info_idx",
                    "Relation Name": "movie_info_idx",
                    "Alias": "mi_idx",
                    "Startup Cost": 0.43,
                    "Total Cost": 0.54,
                    "Plan Rows": 2,
                    "Plan Width": 4,
                    "Actual Startup Time": 0.014,
                    "Actual Total Time": 0.016,
                    "Actual Rows": 2,
                    "Actual Loops": 696,
                    "Index Cond": "(movie_id = t.id)",
                    "Rows Removed by Index Recheck": 0,
                    "Filter": "(info_type_id < 101)",
                    "Rows Removed by Filter": 1
                  }
                ]
              }
            ]
          }
        ]
      }
    ]
  },
  "Planning Time": 1.015,
  "Triggers": [],
  "Execution Time": 29.615
}