[
  {
    "Plan": {
      "Node Type": "Aggregate",
      "Strategy": "Plain",
      "Partial Mode": "Finalize",
      "Parallel Aware": false,
      "Startup Cost": 88082.22,
      "Total Cost": 88082.23,
      "Plan Rows": 1,
      "Plan Width": 8,
      "Actual Startup Time": 212.626,
      "Actual Total Time": 230.768,
      "Actual Rows": 1,
      "Actual Loops": 1,
      "Plans": [
        {
          "Node Type": "Gather",
          "Parent Relationship": "Outer",
          "Parallel Aware": false,
          "Startup Cost": 88081.9,
          "Total Cost": 88082.21,
          "Plan Rows": 3,
          "Plan Width": 8,
          "Actual Startup Time": 211.016,
          "Actual Total Time": 230.763,
          "Actual Rows": 4,
          "Actual Loops": 1,
          "Workers Planned": 3,
          "Workers Launched": 3,
          "Single Copy": false,
          "Plans": [
            {
              "Node Type": "Aggregate",
              "Strategy": "Plain",
              "Partial Mode": "Partial",
              "Parent Relationship": "Outer",
              "Parallel Aware": false,
              "Startup Cost": 87081.9,
              "Total Cost": 87081.91,
              "Plan Rows": 1,
              "Plan Width": 8,
              "Actual Startup Time": 206.181,
              "Actual Total Time": 206.185,
              "Actual Rows": 1,
              "Actual Loops": 4,
              "Plans": [
                {
                  "Node Type": "Nested Loop",
                  "Parent Relationship": "Outer",
                  "Parallel Aware": false,
                  "Join Type": "Inner",
                  "Startup Cost": 54322.57,
                  "Total Cost": 87055.79,
                  "Plan Rows": 10444,
                  "Plan Width": 0,
                  "Actual Startup Time": 146.294,
                  "Actual Total Time": 205.969,
                  "Actual Rows": 2576,
                  "Actual Loops": 4,
                  "Inner Unique": false,
                  "Plans": [
                    {
                      "Node Type": "Hash Join",
                      "Parent Relationship": "Outer",
                      "Parallel Aware": true,
                      "Join Type": "Inner",
                      "Startup Cost": 54322.15,
                      "Total Cost": 74797.77,
                      "Plan Rows": 19135,
                      "Plan Width": 8,
                      "Actual Startup Time": 146.104,
                      "Actual Total Time": 194.561,
                      "Actual Rows": 2070,
                      "Actual Loops": 4,
                      "Inner Unique": true,
                      "Hash Cond": "(mc.movie_id = t.id)",
                      "Plans": [
                        {
                          "Node Type": "Bitmap Heap Scan",
                          "Parent Relationship": "Outer",
                          "Parallel Aware": true,
                          "Relation Name": "movie_companies",
                          "Alias": "mc",
                          "Startup Cost": 7485.92,
                          "Total Cost": 27669.0,
                          "Plan Rows": 111446,
                          "Plan Width": 4,
                          "Actual Startup Time": 14.068,
                          "Actual Total Time": 40.91,
                          "Actual Rows": 85986,
                          "Actual Loops": 4,
                          "Recheck Cond": "(company_id > 88883)",
                          "Rows Removed by Index Recheck": 0,
                          "Exact Heap Blocks": 1875,
                          "Lossy Heap Blocks": 0,
                          "Plans": [
                            {
                              "Node Type": "Bitmap Index Scan",
                              "Parent Relationship": "Outer",
                              "Parallel Aware": false,
                              "Index Name": "company_id_movie_companies",
                              "Startup Cost": 0.0,
                              "Total Cost": 7399.55,
                              "Plan Rows": 345483,
                              "Plan Width": 0,
                              "Actual Startup Time": 13.324,
                              "Actual Total Time": 13.325,
                              "Actual Rows": 343942,
                              "Actual Loops": 1,
                              "Index Cond": "(company_id > 88883)"
                            }
                          ]
                        },
                        {
                          "Node Type": "Hash",
                          "Parent Relationship": "Inner",
                          "Parallel Aware": true,
                          "Startup Cost": 45479.59,
                          "Total Cost": 45479.59,
                          "Plan Rows": 108531,
                          "Plan Width": 4,
                          "Actual Startup Time": 130.515,
                          "Actual Total Time": 130.516,
                          "Actual Rows": 76742,
                          "Actual Loops": 4,
                          "Hash Buckets": 524288,
                          "Original Hash Buckets": 524288,
                          "Hash Batches": 1,
                          "Original Hash Batches": 1,
                          "Peak Memory Usage": 16192,
                          "Plans": [
                            {
                              "Node Type": "Seq Scan",
                              "Parent Relationship": "Outer",
                              "Parallel Aware": true,
                              "Relation Name": "title",
                              "Alias": "t",
                              "Startup Cost": 0.0,
                              "Total Cost": 45479.59,
                              "Plan Rows": 108531,
                              "Plan Width": 4,
                              "Actual Startup Time": 0.023,
                              "Actual Total Time": 103.041,
                              "Actual Rows": 76742,
                              "Actual Loops": 4,
                              "Filter": "((kind_id > 1) AND (production_year < 1986))",
                              "Rows Removed by Filter": 555336
                            }
                          ]
                        }
                      ]
                    },
                    {
                      "Node Type": "Index Only Scan",
                      "Parent Relationship": "Inner",
                      "Parallel Aware": false,
                      "Scan Direction": "Forward",
                      "Index Name": "movie_id_movie_info_idx",
                      "Relation Name": "movie_info_idx",
                      "Alias": "mi_idx",
                      "Startup Cost": 0.43,
                      "Total Cost": 0.61,
                      "Plan Rows": 3,
                      "Plan Width": 4,
                      "Actual Startup Time": 0.005,
                      "Actual Total Time": 0.005,
                      "Actual Rows": 1,
                      "Actual Loops": 8280,
                      "Index Cond": "(movie_id = t.id)",
                      "Rows Removed by Index Recheck": 0,
                      "Heap Fetches": 10302
                    }
                  ]
                }
              ]
            }
          ]
        }
      ]
    },
    "Planning Time": 0.449,
    "Triggers": [],
    "Execution Time": 230.824
  }
]