[
  {
    "Plan": {
      "Node Type": "Aggregate",
      "Strategy": "Plain",
      "Partial Mode": "Finalize",
      "Parallel Aware": false,
      "Startup Cost": 440198.7,
      "Total Cost": 440198.71,
      "Plan Rows": 1,
      "Plan Width": 8,
      "Actual Startup Time": 3361.205,
      "Actual Total Time": 3422.252,
      "Actual Rows": 1,
      "Actual Loops": 1,
      "Plans": [
        {
          "Node Type": "Gather",
          "Parent Relationship": "Outer",
          "Parallel Aware": false,
          "Startup Cost": 440198.08,
          "Total Cost": 440198.69,
          "Plan Rows": 6,
          "Plan Width": 8,
          "Actual Startup Time": 3352.256,
          "Actual Total Time": 3422.235,
          "Actual Rows": 7,
          "Actual Loops": 1,
          "Workers Planned": 6,
          "Workers Launched": 6,
          "Single Copy": false,
          "Plans": [
            {
              "Node Type": "Aggregate",
              "Strategy": "Plain",
              "Partial Mode": "Partial",
              "Parent Relationship": "Outer",
              "Parallel Aware": false,
              "Startup Cost": 439198.08,
              "Total Cost": 439198.09,
              "Plan Rows": 1,
              "Plan Width": 8,
              "Actual Startup Time": 3341.898,
              "Actual Total Time": 3342.128,
              "Actual Rows": 1,
              "Actual Loops": 7,
              "Plans": [
                {
                  "Node Type": "Hash Join",
                  "Parent Relationship": "Outer",
                  "Parallel Aware": true,
                  "Join Type": "Inner",
                  "Startup Cost": 92834.49,
                  "Total Cost": 434570.01,
                  "Plan Rows": 1851226,
                  "Plan Width": 0,
                  "Actual Startup Time": 386.17,
                  "Actual Total Time": 2847.89,
                  "Actual Rows": 10092705,
                  "Actual Loops": 7,
                  "Inner Unique": false,
                  "Hash Cond": "(ci.movie_id = t.id)",
                  "Plans": [
                    {
                      "Node Type": "Seq Scan",
                      "Parent Relationship": "Outer",
                      "Parallel Aware": true,
                      "Relation Name": "cast_info",
                      "Alias": "ci",
                      "Startup Cost": 0.0,
                      "Total Cost": 313106.51,
                      "Plan Rows": 6041951,
                      "Plan Width": 4,
                      "Actual Startup Time": 0.05,
                      "Actual Total Time": 597.401,
                      "Actual Rows": 5177763,
                      "Actual Loops": 7
                    },
                    {
                      "Node Type": "Hash",
                      "Parent Relationship": "Inner",
                      "Parallel Aware": true,
                      "Startup Cost": 89710.72,
                      "Total Cost": 89710.72,
                      "Plan Rows": 249902,
                      "Plan Width": 8,
                      "Actual Startup Time": 382.646,
                      "Actual Total Time": 382.874,
                      "Actual Rows": 159872,
                      "Actual Loops": 7,
                      "Hash Buckets": 2097152,
                      "Original Hash Buckets": 1048576,
                      "Hash Batches": 1,
                      "Original Hash Batches": 1,
                      "Peak Memory Usage": 68512,
                      "Plans": [
                        {
                          "Node Type": "Hash Join",
                          "Parent Relationship": "Outer",
                          "Parallel Aware": true,
                          "Join Type": "Inner",
                          "Startup Cost": 46832.64,
                          "Total Cost": 89710.72,
                          "Plan Rows": 249902,
                          "Plan Width": 8,
                          "Actual Startup Time": 119.462,
                          "Actual Total Time": 283.428,
                          "Actual Rows": 159872,
                          "Actual Loops": 7,
                          "Inner Unique": true,
                          "Hash Cond": "(mk.movie_id = t.id)",
                          "Plans": [
                            {
                              "Node Type": "Seq Scan",
                              "Parent Relationship": "Outer",
                              "Parallel Aware": true,
                              "Relation Name": "movie_keyword",
                              "Alias": "mk",
                              "Startup Cost": 0.0,
                              "Total Cost": 39047.32,
                              "Plan Rows": 1459332,
                              "Plan Width": 4,
                              "Actual Startup Time": 0.036,
                              "Actual Total Time": 70.321,
                              "Actual Rows": 646276,
                              "Actual Loops": 7
                            },
                            {
                              "Node Type": "Hash",
                              "Parent Relationship": "Inner",
                              "Parallel Aware": true,
                              "Startup Cost": 45479.59,
                              "Total Cost": 45479.59,
                              "Plan Rows": 108244,
                              "Plan Width": 4,
                              "Actual Startup Time": 118.431,
                              "Actual Total Time": 118.433,
                              "Actual Rows": 52607,
                              "Actual Loops": 7,
                              "Hash Buckets": 524288,
                              "Original Hash Buckets": 524288,
                              "Hash Batches": 1,
                              "Original Hash Batches": 1,
                              "Peak Memory Usage": 18624,
                              "Plans": [
                                {
                                  "Node Type": "Seq Scan",
                                  "Parent Relationship": "Outer",
                                  "Parallel Aware": true,
                                  "Relation Name": "title",
                                  "Alias": "t",
                                  "Startup Cost": 0.0,
                                  "Total Cost": 45479.59,
                                  "Plan Rows": 108244,
                                  "Plan Width": 4,
                                  "Actual Startup Time": 0.074,
                                  "Actual Total Time": 86.92,
                                  "Actual Rows": 52607,
                                  "Actual Loops": 7,
                                  "Filter": "((kind_id < 7) AND (production_year > 2004))",
                                  "Rows Removed by Filter": 308581
                                }
                              ]
                            }
                          ]
                        }
                      ]
                    }
                  ]
                }
              ]
            }
          ]
        }
      ]
    },
    "Planning Time": 1.134,
    "Triggers": [],
    "Execution Time": 3422.343
  }
]