[
  {
    "Plan": {
      "Node Type": "Aggregate",
      "Strategy": "Plain",
      "Partial Mode": "Finalize",
      "Parallel Aware": false,
      "Startup Cost": 33689.51,
      "Total Cost": 33689.52,
      "Plan Rows": 1,
      "Plan Width": 8,
      "Actual Startup Time": 103.793,
      "Actual Total Time": 111.507,
      "Actual Rows": 1,
      "Actual Loops": 1,
      "Plans": [
        {
          "Node Type": "Gather",
          "Parent Relationship": "Outer",
          "Parallel Aware": false,
          "Startup Cost": 33689.19,
          "Total Cost": 33689.5,
          "Plan Rows": 3,
          "Plan Width": 8,
          "Actual Startup Time": 103.544,
          "Actual Total Time": 111.5,
          "Actual Rows": 4,
          "Actual Loops": 1,
          "Workers Planned": 3,
          "Workers Launched": 3,
          "Single Copy": false,
          "Plans": [
            {
              "Node Type": "Aggregate",
              "Strategy": "Plain",
              "Partial Mode": "Partial",
              "Parent Relationship": "Outer",
              "Parallel Aware": false,
              "Startup Cost": 32689.19,
              "Total Cost": 32689.2,
              "Plan Rows": 1,
              "Plan Width": 8,
              "Actual Startup Time": 96.884,
              "Actual Total Time": 96.885,
              "Actual Rows": 1,
              "Actual Loops": 4,
              "Plans": [
                {
                  "Node Type": "Bitmap Heap Scan",
                  "Parent Relationship": "Outer",
                  "Parallel Aware": true,
                  "Relation Name": "movie_keyword",
                  "Alias": "mk",
                  "Startup Cost": 6705.88,
                  "Total Cost": 32434.31,
                  "Plan Rows": 101954,
                  "Plan Width": 0,
                  "Actual Startup Time": 31.72,
                  "Actual Total Time": 92.021,
                  "Actual Rows": 77707,
                  "Actual Loops": 4,
                  "Recheck Cond": "(keyword_id > 52520)",
                  "Rows Removed by Index Recheck": 0,
                  "Exact Heap Blocks": 10802,
                  "Lossy Heap Blocks": 0,
                  "Plans": [
                    {
                      "Node Type": "Bitmap Index Scan",
                      "Parent Relationship": "Outer",
                      "Parallel Aware": false,
                      "Index Name": "keyword_id_movie_keyword",
                      "Startup Cost": 0.0,
                      "Total Cost": 6626.87,
                      "Plan Rows": 316058,
                      "Plan Width": 0,
                      "Actual Startup Time": 34.449,
                      "Actual Total Time": 34.45,
                      "Actual Rows": 310828,
                      "Actual Loops": 1,
                      "Index Cond": "(keyword_id > 52520)"
                    }
                  ]
                }
              ]
            }
          ]
        }
      ]
    },
    "Planning Time": 0.117,
    "Triggers": [],
    "Execution Time": 111.557
  }
]