[
  {
    "Plan": {
      "Node Type": "Aggregate",
      "Strategy": "Plain",
      "Partial Mode": "Finalize",
      "Parallel Aware": false,
      "Startup Cost": 46561.26,
      "Total Cost": 46561.27,
      "Plan Rows": 1,
      "Plan Width": 8,
      "Actual Startup Time": 160.69,
      "Actual Total Time": 175.048,
      "Actual Rows": 1,
      "Actual Loops": 1,
      "Plans": [
        {
          "Node Type": "Gather",
          "Parent Relationship": "Outer",
          "Parallel Aware": false,
          "Startup Cost": 46560.94,
          "Total Cost": 46561.25,
          "Plan Rows": 3,
          "Plan Width": 8,
          "Actual Startup Time": 160.455,
          "Actual Total Time": 175.039,
          "Actual Rows": 4,
          "Actual Loops": 1,
          "Workers Planned": 3,
          "Workers Launched": 3,
          "Single Copy": false,
          "Plans": [
            {
              "Node Type": "Aggregate",
              "Strategy": "Plain",
              "Partial Mode": "Partial",
              "Parent Relationship": "Outer",
              "Parallel Aware": false,
              "Startup Cost": 45560.94,
              "Total Cost": 45560.95,
              "Plan Rows": 1,
              "Plan Width": 8,
              "Actual Startup Time": 154.884,
              "Actual Total Time": 154.885,
              "Actual Rows": 1,
              "Actual Loops": 4,
              "Plans": [
                {
                  "Node Type": "Seq Scan",
                  "Parent Relationship": "Outer",
                  "Parallel Aware": true,
                  "Relation Name": "movie_keyword",
                  "Alias": "mk",
                  "Startup Cost": 0.0,
                  "Total Cost": 42695.65,
                  "Plan Rows": 1146116,
                  "Plan Width": 0,
                  "Actual Startup Time": 0.068,
                  "Actual Total Time": 115.346,
                  "Actual Rows": 887179,
                  "Actual Loops": 4,
                  "Filter": "(keyword_id > 915)",
                  "Rows Removed by Filter": 243804
                }
              ]
            }
          ]
        }
      ]
    },
    "Planning Time": 0.05,
    "Triggers": [],
    "Execution Time": 175.07
  }
]