[
  {
    "Plan": {
      "Node Type": "Aggregate",
      "Strategy": "Plain",
      "Partial Mode": "Finalize",
      "Parallel Aware": false,
      "Startup Cost": 45455.52,
      "Total Cost": 45455.53,
      "Plan Rows": 1,
      "Plan Width": 8,
      "Actual Startup Time": 153.424,
      "Actual Total Time": 163.269,
      "Actual Rows": 1,
      "Actual Loops": 1,
      "Plans": [
        {
          "Node Type": "Gather",
          "Parent Relationship": "Outer",
          "Parallel Aware": false,
          "Startup Cost": 45455.2,
          "Total Cost": 45455.51,
          "Plan Rows": 3,
          "Plan Width": 8,
          "Actual Startup Time": 153.32,
          "Actual Total Time": 163.261,
          "Actual Rows": 4,
          "Actual Loops": 1,
          "Workers Planned": 3,
          "Workers Launched": 3,
          "Single Copy": false,
          "Plans": [
            {
              "Node Type": "Aggregate",
              "Strategy": "Plain",
              "Partial Mode": "Partial",
              "Parent Relationship": "Outer",
              "Parallel Aware": false,
              "Startup Cost": 44455.2,
              "Total Cost": 44455.21,
              "Plan Rows": 1,
              "Plan Width": 8,
              "Actual Startup Time": 146.176,
              "Actual Total Time": 146.177,
              "Actual Rows": 1,
              "Actual Loops": 4,
              "Plans": [
                {
                  "Node Type": "Seq Scan",
                  "Parent Relationship": "Outer",
                  "Parallel Aware": true,
                  "Relation Name": "movie_keyword",
                  "Alias": "mk",
                  "Startup Cost": 0.0,
                  "Total Cost": 42695.65,
                  "Plan Rows": 703818,
                  "Plan Width": 0,
                  "Actual Startup Time": 0.054,
                  "Actual Total Time": 119.989,
                  "Actual Rows": 546064,
                  "Actual Loops": 4,
                  "Filter": "(keyword_id < 4333)",
                  "Rows Removed by Filter": 584918
                }
              ]
            }
          ]
        }
      ]
    },
    "Planning Time": 0.161,
    "Triggers": [],
    "Execution Time": 163.319
  }
]