[
  {
    "Plan": {
      "Node Type": "Aggregate",
      "Strategy": "Plain",
      "Partial Mode": "Finalize",
      "Parallel Aware": false,
      "Startup Cost": 326241.57,
      "Total Cost": 326241.58,
      "Plan Rows": 1,
      "Plan Width": 8,
      "Actual Startup Time": 329.944,
      "Actual Total Time": 344.633,
      "Actual Rows": 1,
      "Actual Loops": 1,
      "Plans": [
        {
          "Node Type": "Gather",
          "Parent Relationship": "Outer",
          "Parallel Aware": false,
          "Startup Cost": 326240.95,
          "Total Cost": 326241.56,
          "Plan Rows": 6,
          "Plan Width": 8,
          "Actual Startup Time": 328.778,
          "Actual Total Time": 344.62,
          "Actual Rows": 7,
          "Actual Loops": 1,
          "Workers Planned": 6,
          "Workers Launched": 6,
          "Single Copy": false,
          "Plans": [
            {
              "Node Type": "Aggregate",
              "Strategy": "Plain",
              "Partial Mode": "Partial",
              "Parent Relationship": "Outer",
              "Parallel Aware": false,
              "Startup Cost": 325240.95,
              "Total Cost": 325240.96,
              "Plan Rows": 1,
              "Plan Width": 8,
              "Actual Startup Time": 317.935,
              "Actual Total Time": 317.937,
              "Actual Rows": 1,
              "Actual Loops": 7,
              "Plans": [
                {
                  "Node Type": "Bitmap Heap Scan",
                  "Parent Relationship": "Outer",
                  "Parallel Aware": true,
                  "Relation Name": "cast_info",
                  "Alias": "ci",
                  "Startup Cost": 65174.1,
                  "Total Cost": 324010.97,
                  "Plan Rows": 491990,
                  "Plan Width": 0,
                  "Actual Startup Time": 160.43,
                  "Actual Total Time": 292.761,
                  "Actual Rows": 410173,
                  "Actual Loops": 7,
                  "Recheck Cond": "(person_id > 3521389)",
                  "Rows Removed by Index Recheck": 0,
                  "Exact Heap Blocks": 10259,
                  "Lossy Heap Blocks": 0,
                  "Plans": [
                    {
                      "Node Type": "Bitmap Index Scan",
                      "Parent Relationship": "Outer",
                      "Parallel Aware": false,
                      "Index Name": "person_id_cast_info",
                      "Startup Cost": 0.0,
                      "Total Cost": 64436.12,
                      "Plan Rows": 2951940,
                      "Plan Width": 0,
                      "Actual Startup Time": 163.601,
                      "Actual Total Time": 163.601,
                      "Actual Rows": 2871212,
                      "Actual Loops": 1,
                      "Index Cond": "(person_id > 3521389)"
                    }
                  ]
                }
              ]
            }
          ]
        }
      ]
    },
    "Planning Time": 0.213,
    "Triggers": [],
    "Execution Time": 344.714
  }
]