{
  "Plan": {
    "Node Type": "Aggregate",
    "Strategy": "Plain",
    "Partial Mode": "Finalize",
    "Parallel Aware": false,
    "Startup Cost": 111859.48,
    "Total Cost": 111859.49,
    "Plan Rows": 1,
    "Plan Width": 8,
    "Actual Startup Time": 773.381,
    "Actual Total Time": 786.207,
    "Actual Rows": 1,
    "Actual Loops": 1,
    "Plans": [
      {
        "Node Type": "Gather",
        "Parent Relationship": "Outer",
        "Parallel Aware": false,
        "Startup Cost": 111859.37,
        "Total Cost": 111859.48,
        "Plan Rows": 1,
        "Plan Width": 8,
        "Actual Startup Time": 771.8,
        "Actual Total Time": 786.2,
        "Actual Rows": 2,
        "Actual Loops": 1,
        "Workers Planned": 1,
        "Workers Launched": 1,
        "Single Copy": false,
        "Plans": [
          {
            "Node Type": "Aggregate",
            "Strategy": "Plain",
            "Partial Mode": "Partial",
            "Parent Relationship": "Outer",
            "Parallel Aware": false,
            "Startup Cost": 110859.37,
            "Total Cost": 110859.38,
            "Plan Rows": 1,
            "Plan Width": 8,
            "Actual Startup Time": 765.934,
            "Actual Total Time": 765.937,
            "Actual Rows": 1,
            "Actual Loops": 2,
            "Plans": [
              {
                "Node Type": "Hash Join",
                "Parent Relationship": "Outer",
                "Parallel Aware": true,
                "Join Type": "Inner",
                "Startup Cost": 47128.5,
                "Total Cost": 109796.02,
                "Plan Rows": 425342,
                "Plan Width": 0,
                "Actual Startup Time": 242.849,
                "Actual Total Time": 746.954,
                "Actual Rows": 471316,
                "Actual Loops": 2,
                "Inner Unique": false,
                "Hash Cond": "(t.id = mc.movie_id)",
                "Plans": [
                  {
                    "Node Type": "Seq Scan",
                    "Parent Relationship": "Outer",
                    "Parallel Aware": true,
                    "Relation Name": "title",
                    "Alias": "t",
                    "Startup Cost": 0.0,
                    "Total Cost": 50870.31,
                    "Plan Rows": 1487231,
                    "Plan Width": 4,
                    "Actual Startup Time": 0.01,
                    "Actual Total Time": 113.504,
                    "Actual Rows": 1264156,
                    "Actual Loops": 2
                  },
                  {
                    "Node Type": "Hash",
                    "Parent Relationship": "Inner",
                    "Parallel Aware": true,
                    "Startup Cost": 41811.73,
                    "Total Cost": 41811.73,
                    "Plan Rows": 425342,
                    "Plan Width": 4,
                    "Actual Startup Time": 233.639,
                    "Actual Total Time": 233.64,
                    "Actual Rows": 471316,
                    "Actual Loops": 2,
                    "Hash Buckets": 1048576,
                    "Original Hash Buckets": 1048576,
                    "Hash Batches": 1,
                    "Original Hash Batches": 1,
                    "Peak Memory Usage": 45088,
                    "Plans": [
                      {
                        "Node Type": "Seq Scan",
                        "Parent Relationship": "Outer",
                        "Parallel Aware": true,
                        "Relation Name": "movie_companies",
                        "Alias": "mc",
                        "Startup Cost": 0.0,
                        "Total Cost": 41811.73,
                        "Plan Rows": 425342,
                        "Plan Width": 4,
                        "Actual Startup Time": 63.491,
                        "Actual Total Time": 134.296,
                        "Actual Rows": 471316,
                        "Actual Loops": 2,
                        "Filter": "((company_id > 10321) AND (company_type_id = 2))",
                        "Rows Removed by Filter": 833248
                      }
                    ]
                  }
                ]
              }
            ]
          }
        ]
      }
    ]
  },
  "Planning Time": 0.77,
  "Triggers": [],
  "Execution Time": 786.278
}