{
  "Plan": {
    "Node Type": "Aggregate",
    "Strategy": "Plain",
    "Partial Mode": "Finalize",
    "Parallel Aware": false,
    "Startup Cost": 587416.54,
    "Total Cost": 587416.55,
    "Plan Rows": 1,
    "Plan Width": 8,
    "Actual Startup Time": 4514.969,
    "Actual Total Time": 4569.822,
    "Actual Rows": 1,
    "Actual Loops": 1,
    "Plans": [
      {
        "Node Type": "Gather",
        "Parent Relationship": "Outer",
        "Parallel Aware": false,
        "Startup Cost": 587416.42,
        "Total Cost": 587416.53,
        "Plan Rows": 1,
        "Plan Width": 8,
        "Actual Startup Time": 4514.2,
        "Actual Total Time": 4569.814,
        "Actual Rows": 2,
        "Actual Loops": 1,
        "Workers Planned": 1,
        "Workers Launched": 1,
        "Single Copy": false,
        "Plans": [
          {
            "Node Type": "Aggregate",
            "Strategy": "Plain",
            "Partial Mode": "Partial",
            "Parent Relationship": "Outer",
            "Parallel Aware": false,
            "Startup Cost": 586416.42,
            "Total Cost": 586416.43,
            "Plan Rows": 1,
            "Plan Width": 8,
            "Actual Startup Time": 4511.932,
            "Actual Total Time": 4511.935,
            "Actual Rows": 1,
            "Actual Loops": 2,
            "Plans": [
              {
                "Node Type": "Hash Join",
                "Parent Relationship": "Outer",
                "Parallel Aware": true,
                "Join Type": "Inner",
                "Startup Cost": 57199.66,
                "Total Cost": 578933.02,
                "Plan Rows": 2993362,
                "Plan Width": 0,
                "Actual Startup Time": 178.531,
                "Actual Total Time": 4429.623,
                "Actual Rows": 1993339,
                "Actual Loops": 2,
                "Inner Unique": true,
                "Hash Cond": "(ci.movie_id = t.id)",
                "Plans": [
                  {
                    "Node Type": "Seq Scan",
                    "Parent Relationship": "Outer",
                    "Parallel Aware": true,
                    "Relation Name": "cast_info",
                    "Alias": "ci",
                    "Startup Cost": 0.0,
                    "Total Cost": 465792.95,
                    "Plan Rows": 21310595,
                    "Plan Width": 4,
                    "Actual Startup Time": 0.013,
                    "Actual Total Time": 1306.798,
                    "Actual Rows": 18122172,
                    "Actual Loops": 2
                  },
                  {
                    "Node Type": "Hash",
                    "Parent Relationship": "Inner",
                    "Parallel Aware": true,
                    "Startup Cost": 54588.39,
                    "Total Cost": 54588.39,
                    "Plan Rows": 208902,
                    "Plan Width": 4,
                    "Actual Startup Time": 175.634,
                    "Actual Total Time": 175.635,
                    "Actual Rows": 183215,
                    "Actual Loops": 2,
                    "Hash Buckets": 524288,
                    "Original Hash Buckets": 524288,
                    "Hash Batches": 1,
                    "Original Hash Batches": 1,
                    "Peak Memory Usage": 18464,
                    "Plans": [
                      {
                        "Node Type": "Seq Scan",
                        "Parent Relationship": "Outer",
                        "Parallel Aware": true,
                        "Relation Name": "title",
                        "Alias": "t",
                        "Startup Cost": 0.0,
                        "Total Cost": 54588.39,
                        "Plan Rows": 208902,
                        "Plan Width": 4,
                        "Actual Startup Time": 0.016,
                        "Actual Total Time": 129.407,
                        "Actual Rows": 183215,
                        "Actual Loops": 2,
                        "Filter": "(production_year < 1970)",
                        "Rows Removed by Filter": 1080941
                      }
                    ]
                  }
                ]
              }
            ]
          }
        ]
      }
    ]
  },
  "Planning Time": 0.273,
  "Triggers": [],
  "Execution Time": 4569.879
}