[
  {
    "Plan": {
      "Node Type": "Aggregate",
      "Strategy": "Plain",
      "Partial Mode": "Finalize",
      "Parallel Aware": false,
      "Startup Cost": 510649.15,
      "Total Cost": 510649.16,
      "Plan Rows": 1,
      "Plan Width": 8,
      "Actual Startup Time": 6182.479,
      "Actual Total Time": 6292.382,
      "Actual Rows": 1,
      "Actual Loops": 1,
      "Plans": [
        {
          "Node Type": "Gather",
          "Parent Relationship": "Outer",
          "Parallel Aware": false,
          "Startup Cost": 510648.62,
          "Total Cost": 510649.13,
          "Plan Rows": 5,
          "Plan Width": 8,
          "Actual Startup Time": 6181.535,
          "Actual Total Time": 6292.37,
          "Actual Rows": 6,
          "Actual Loops": 1,
          "Workers Planned": 5,
          "Workers Launched": 5,
          "Single Copy": false,
          "Plans": [
            {
              "Node Type": "Aggregate",
              "Strategy": "Plain",
              "Partial Mode": "Partial",
              "Parent Relationship": "Outer",
              "Parallel Aware": false,
              "Startup Cost": 509648.62,
              "Total Cost": 509648.63,
              "Plan Rows": 1,
              "Plan Width": 8,
              "Actual Startup Time": 6171.872,
              "Actual Total Time": 6171.876,
              "Actual Rows": 1,
              "Actual Loops": 6,
              "Plans": [
                {
                  "Node Type": "Nested Loop",
                  "Parent Relationship": "Outer",
                  "Parallel Aware": false,
                  "Join Type": "Inner",
                  "Startup Cost": 45953.6,
                  "Total Cost": 508441.67,
                  "Plan Rows": 482783,
                  "Plan Width": 0,
                  "Actual Startup Time": 99.58,
                  "Actual Total Time": 6095.571,
                  "Actual Rows": 1560532,
                  "Actual Loops": 6,
                  "Inner Unique": false,
                  "Join Filter": "(t.id = ci.movie_id)",
                  "Rows Removed by Join Filter": 0,
                  "Plans": [
                    {
                      "Node Type": "Hash Join",
                      "Parent Relationship": "Outer",
                      "Parallel Aware": true,
                      "Join Type": "Inner",
                      "Startup Cost": 45953.04,
                      "Total Cost": 252748.86,
                      "Plan Rows": 175485,
                      "Plan Width": 8,
                      "Actual Startup Time": 99.305,
                      "Actual Total Time": 889.916,
                      "Actual Rows": 210260,
                      "Actual Loops": 6,
                      "Inner Unique": true,
                      "Hash Cond": "(mi.movie_id = t.id)",
                      "Plans": [
                        {
                          "Node Type": "Seq Scan",
                          "Parent Relationship": "Outer",
                          "Parallel Aware": true,
                          "Relation Name": "movie_info",
                          "Alias": "mi",
                          "Startup Cost": 0.0,
                          "Total Cost": 199108.24,
                          "Plan Rows": 2928598,
                          "Plan Width": 4,
                          "Actual Startup Time": 0.032,
                          "Actual Total Time": 348.009,
                          "Actual Rows": 2439661,
                          "Actual Loops": 6,
                          "Filter": "(info_type_id < 107)",
                          "Rows Removed by Filter": 32959
                        },
                        {
                          "Node Type": "Hash",
                          "Parent Relationship": "Inner",
                          "Parallel Aware": true,
                          "Startup Cost": 45479.59,
                          "Total Cost": 45479.59,
                          "Plan Rows": 37876,
                          "Plan Width": 4,
                          "Actual Startup Time": 96.872,
                          "Actual Total Time": 96.873,
                          "Actual Rows": 22460,
                          "Actual Loops": 6,
                          "Hash Buckets": 262144,
                          "Original Hash Buckets": 262144,
                          "Hash Batches": 1,
                          "Original Hash Batches": 1,
                          "Peak Memory Usage": 7392,
                          "Plans": [
                            {
                              "Node Type": "Seq Scan",
                              "Parent Relationship": "Outer",
                              "Parallel Aware": true,
                              "Relation Name": "title",
                              "Alias": "t",
                              "Startup Cost": 0.0,
                              "Total Cost": 45479.59,
                              "Plan Rows": 37876,
                              "Plan Width": 4,
                              "Actual Startup Time": 0.119,
                              "Actual Total Time": 85.828,
                              "Actual Rows": 22460,
                              "Actual Loops": 6,
                              "Filter": "((kind_id < 7) AND (production_year > 2010))",
                              "Rows Removed by Filter": 398925
                            }
                          ]
                        }
                      ]
                    },
                    {
                      "Node Type": "Index Scan",
                      "Parent Relationship": "Inner",
                      "Parallel Aware": false,
                      "Scan Direction": "Forward",
                      "Index Name": "movie_id_cast_info",
                      "Relation Name": "cast_info",
                      "Alias": "ci",
                      "Startup Cost": 0.56,
                      "Total Cost": 1.37,
                      "Plan Rows": 7,
                      "Plan Width": 4,
                      "Actual Startup Time": 0.017,
                      "Actual Total Time": 0.024,
                      "Actual Rows": 7,
                      "Actual Loops": 1261557,
                      "Index Cond": "(movie_id = mi.movie_id)",
                      "Rows Removed by Index Recheck": 0,
                      "Filter": "(person_id > 2976132)",
                      "Rows Removed by Filter": 21
                    }
                  ]
                }
              ]
            }
          ]
        }
      ]
    },
    "Planning Time": 0.866,
    "Triggers": [],
    "Execution Time": 6292.464
  }
]