[
  {
    "Plan": {
      "Node Type": "Aggregate",
      "Strategy": "Plain",
      "Partial Mode": "Finalize",
      "Parallel Aware": false,
      "Startup Cost": 46927.04,
      "Total Cost": 46927.05,
      "Plan Rows": 1,
      "Plan Width": 8,
      "Actual Startup Time": 170.21,
      "Actual Total Time": 181.419,
      "Actual Rows": 1,
      "Actual Loops": 1,
      "Plans": [
        {
          "Node Type": "Gather",
          "Parent Relationship": "Outer",
          "Parallel Aware": false,
          "Startup Cost": 46926.72,
          "Total Cost": 46927.03,
          "Plan Rows": 3,
          "Plan Width": 8,
          "Actual Startup Time": 169.943,
          "Actual Total Time": 181.408,
          "Actual Rows": 4,
          "Actual Loops": 1,
          "Workers Planned": 3,
          "Workers Launched": 3,
          "Single Copy": false,
          "Plans": [
            {
              "Node Type": "Aggregate",
              "Strategy": "Plain",
              "Partial Mode": "Partial",
              "Parent Relationship": "Outer",
              "Parallel Aware": false,
              "Startup Cost": 45926.72,
              "Total Cost": 45926.73,
              "Plan Rows": 1,
              "Plan Width": 8,
              "Actual Startup Time": 163.079,
              "Actual Total Time": 163.081,
              "Actual Rows": 1,
              "Actual Loops": 4,
              "Plans": [
                {
                  "Node Type": "Seq Scan",
                  "Parent Relationship": "Outer",
                  "Parallel Aware": true,
                  "Relation Name": "movie_keyword",
                  "Alias": "mk",
                  "Startup Cost": 0.0,
                  "Total Cost": 42695.65,
                  "Plan Rows": 1292426,
                  "Plan Width": 0,
                  "Actual Startup Time": 0.073,
                  "Actual Total Time": 119.052,
                  "Actual Rows": 1001433,
                  "Actual Loops": 4,
                  "Filter": "(keyword_id > 377)",
                  "Rows Removed by Filter": 129550
                }
              ]
            }
          ]
        }
      ]
    },
    "Planning Time": 0.194,
    "Triggers": [],
    "Execution Time": 181.476
  }
]