{
  "Plan": {
    "Node Type": "Aggregate",
    "Strategy": "Plain",
    "Partial Mode": "Finalize",
    "Parallel Aware": false,
    "Startup Cost": 723461.79,
    "Total Cost": 723461.8,
    "Plan Rows": 1,
    "Plan Width": 8,
    "Actual Startup Time": 9809.786,
    "Actual Total Time": 9875.231,
    "Actual Rows": 1,
    "Actual Loops": 1,
    "Plans": [
      {
        "Node Type": "Gather",
        "Parent Relationship": "Outer",
        "Parallel Aware": false,
        "Startup Cost": 723461.68,
        "Total Cost": 723461.79,
        "Plan Rows": 1,
        "Plan Width": 8,
        "Actual Startup Time": 9796.637,
        "Actual Total Time": 9875.221,
        "Actual Rows": 2,
        "Actual Loops": 1,
        "Workers Planned": 1,
        "Workers Launched": 1,
        "Single Copy": false,
        "Plans": [
          {
            "Node Type": "Aggregate",
            "Strategy": "Plain",
            "Partial Mode": "Partial",
            "Parent Relationship": "Outer",
            "Parallel Aware": false,
            "Startup Cost": 722461.68,
            "Total Cost": 722461.69,
            "Plan Rows": 1,
            "Plan Width": 8,
            "Actual Startup Time": 9785.909,
            "Actual Total Time": 9788.361,
            "Actual Rows": 1,
            "Actual Loops": 2,
            "Plans": [
              {
                "Node Type": "Hash Join",
                "Parent Relationship": "Outer",
                "Parallel Aware": true,
                "Join Type": "Inner",
                "Startup Cost": 335144.73,
                "Total Cost": 694164.19,
                "Plan Rows": 11318997,
                "Plan Width": 0,
                "Actual Startup Time": 3245.277,
                "Actual Total Time": 8635.719,
                "Actual Rows": 26975261,
                "Actual Loops": 2,
                "Inner Unique": false,
                "Hash Cond": "(mi.movie_id = t.id)",
                "Plans": [
                  {
                    "Node Type": "Seq Scan",
                    "Parent Relationship": "Outer",
                    "Parallel Aware": true,
                    "Relation Name": "movie_info",
                    "Alias": "mi",
                    "Startup Cost": 0.0,
                    "Total Cost": 248955.74,
                    "Plan Rows": 8696274,
                    "Plan Width": 4,
                    "Actual Startup Time": 0.017,
                    "Actual Total Time": 644.576,
                    "Actual Rows": 7417860,
                    "Actual Loops": 2
                  },
                  {
                    "Node Type": "Hash",
                    "Parent Relationship": "Inner",
                    "Parallel Aware": true,
                    "Startup Cost": 310947.63,
                    "Total Cost": 310947.63,
                    "Plan Rows": 1935768,
                    "Plan Width": 8,
                    "Actual Startup Time": 3224.089,
                    "Actual Total Time": 3226.54,
                    "Actual Rows": 2263548,
                    "Actual Loops": 2,
                    "Hash Buckets": 8388608,
                    "Original Hash Buckets": 4194304,
                    "Hash Batches": 1,
                    "Original Hash Batches": 1,
                    "Peak Memory Usage": 275424,
                    "Plans": [
                      {
                        "Node Type": "Hash Join",
                        "Parent Relationship": "Outer",
                        "Parallel Aware": true,
                        "Join Type": "Inner",
                        "Startup Cost": 65951.98,
                        "Total Cost": 310947.63,
                        "Plan Rows": 1935768,
                        "Plan Width": 8,
                        "Actual Startup Time": 371.098,
                        "Actual Total Time": 2437.057,
                        "Actual Rows": 2263548,
                        "Actual Loops": 2,
                        "Inner Unique": true,
                        "Hash Cond": "(ci.movie_id = t.id)",
                        "Plans": [
                          {
                            "Node Type": "Index Scan",
                            "Parent Relationship": "Outer",
                            "Parallel Aware": true,
                            "Scan Direction": "Forward",
                            "Index Name": "role_id_cast_info",
                            "Relation Name": "cast_info",
                            "Alias": "ci",
                            "Startup Cost": 0.56,
                            "Total Cost": 236682.84,
                            "Plan Rows": 3166998,
                            "Plan Width": 4,
                            "Actual Startup Time": 0.054,
                            "Actual Total Time": 683.358,
                            "Actual Rows": 3725156,
                            "Actual Loops": 2,
                            "Index Cond": "(role_id = 2)",
                            "Rows Removed by Index Recheck": 0,
                            "Filter": "(person_id > 965535)",
                            "Rows Removed by Filter": 831
                          },
                          {
                            "Node Type": "Hash",
                            "Parent Relationship": "Inner",
                            "Parallel Aware": true,
                            "Startup Cost": 54588.39,
                            "Total Cost": 54588.39,
                            "Plan Rows": 909042,
                            "Plan Width": 4,
                            "Actual Startup Time": 364.84,
                            "Actual Total Time": 364.84,
                            "Actual Rows": 775864,
                            "Actual Loops": 2,
                            "Hash Buckets": 2097152,
                            "Original Hash Buckets": 2097152,
                            "Hash Batches": 1,
                            "Original Hash Batches": 1,
                            "Peak Memory Usage": 77088,
                            "Plans": [
                              {
                                "Node Type": "Seq Scan",
                                "Parent Relationship": "Outer",
                                "Parallel Aware": true,
                                "Relation Name": "title",
                                "Alias": "t",
                                "Startup Cost": 0.0,
                                "Total Cost": 54588.39,
                                "Plan Rows": 909042,
                                "Plan Width": 4,
                                "Actual Startup Time": 0.031,
                                "Actual Total Time": 168.8,
                                "Actual Rows": 775864,
                                "Actual Loops": 2,
                                "Filter": "(production_year < 2007)",
                                "Rows Removed by Filter": 488292
                              }
                            ]
                          }
                        ]
                      }
                    ]
                  }
                ]
              }
            ]
          }
        ]
      }
    ]
  },
  "Planning Time": 0.985,
  "Triggers": [],
  "Execution Time": 9875.328
}