[
  {
    "Plan": {
      "Node Type": "Aggregate",
      "Strategy": "Plain",
      "Partial Mode": "Finalize",
      "Parallel Aware": false,
      "Startup Cost": 32945.9,
      "Total Cost": 32945.91,
      "Plan Rows": 1,
      "Plan Width": 8,
      "Actual Startup Time": 102.95,
      "Actual Total Time": 110.954,
      "Actual Rows": 1,
      "Actual Loops": 1,
      "Plans": [
        {
          "Node Type": "Gather",
          "Parent Relationship": "Outer",
          "Parallel Aware": false,
          "Startup Cost": 32945.58,
          "Total Cost": 32945.89,
          "Plan Rows": 3,
          "Plan Width": 8,
          "Actual Startup Time": 102.846,
          "Actual Total Time": 110.946,
          "Actual Rows": 4,
          "Actual Loops": 1,
          "Workers Planned": 3,
          "Workers Launched": 3,
          "Single Copy": false,
          "Plans": [
            {
              "Node Type": "Aggregate",
              "Strategy": "Plain",
              "Partial Mode": "Partial",
              "Parent Relationship": "Outer",
              "Parallel Aware": false,
              "Startup Cost": 31945.58,
              "Total Cost": 31945.59,
              "Plan Rows": 1,
              "Plan Width": 8,
              "Actual Startup Time": 95.112,
              "Actual Total Time": 95.113,
              "Actual Rows": 1,
              "Actual Loops": 4,
              "Plans": [
                {
                  "Node Type": "Seq Scan",
                  "Parent Relationship": "Outer",
                  "Parallel Aware": true,
                  "Relation Name": "movie_companies",
                  "Alias": "mc",
                  "Startup Cost": 0.0,
                  "Total Cost": 31414.82,
                  "Plan Rows": 212306,
                  "Plan Width": 0,
                  "Actual Startup Time": 48.645,
                  "Actual Total Time": 85.172,
                  "Actual Rows": 224617,
                  "Actual Loops": 4,
                  "Filter": "((company_id > 11402) AND (company_type_id = 2))",
                  "Rows Removed by Filter": 427665
                }
              ]
            }
          ]
        }
      ]
    },
    "Planning Time": 0.231,
    "Triggers": [],
    "Execution Time": 111.012
  }
]