[
  {
    "Plan": {
      "Node Type": "Aggregate",
      "Strategy": "Plain",
      "Partial Mode": "Finalize",
      "Parallel Aware": false,
      "Startup Cost": 39619.86,
      "Total Cost": 39619.87,
      "Plan Rows": 1,
      "Plan Width": 8,
      "Actual Startup Time": 132.685,
      "Actual Total Time": 141.194,
      "Actual Rows": 1,
      "Actual Loops": 1,
      "Plans": [
        {
          "Node Type": "Gather",
          "Parent Relationship": "Outer",
          "Parallel Aware": false,
          "Startup Cost": 39619.54,
          "Total Cost": 39619.85,
          "Plan Rows": 3,
          "Plan Width": 8,
          "Actual Startup Time": 132.361,
          "Actual Total Time": 141.185,
          "Actual Rows": 4,
          "Actual Loops": 1,
          "Workers Planned": 3,
          "Workers Launched": 3,
          "Single Copy": false,
          "Plans": [
            {
              "Node Type": "Aggregate",
              "Strategy": "Plain",
              "Partial Mode": "Partial",
              "Parent Relationship": "Outer",
              "Parallel Aware": false,
              "Startup Cost": 38619.54,
              "Total Cost": 38619.55,
              "Plan Rows": 1,
              "Plan Width": 8,
              "Actual Startup Time": 126.404,
              "Actual Total Time": 126.405,
              "Actual Rows": 1,
              "Actual Loops": 4,
              "Plans": [
                {
                  "Node Type": "Bitmap Heap Scan",
                  "Parent Relationship": "Outer",
                  "Parallel Aware": true,
                  "Relation Name": "movie_keyword",
                  "Alias": "mk",
                  "Startup Cost": 11534.5,
                  "Total Cost": 38181.04,
                  "Plan Rows": 175403,
                  "Plan Width": 0,
                  "Actual Startup Time": 44.421,
                  "Actual Total Time": 118.697,
                  "Actual Rows": 135903,
                  "Actual Loops": 4,
                  "Recheck Cond": "(keyword_id > 33791)",
                  "Rows Removed by Index Recheck": 0,
                  "Exact Heap Blocks": 10802,
                  "Lossy Heap Blocks": 0,
                  "Plans": [
                    {
                      "Node Type": "Bitmap Index Scan",
                      "Parent Relationship": "Outer",
                      "Parallel Aware": false,
                      "Index Name": "keyword_id_movie_keyword",
                      "Startup Cost": 0.0,
                      "Total Cost": 11398.56,
                      "Plan Rows": 543750,
                      "Plan Width": 0,
                      "Actual Startup Time": 46.361,
                      "Actual Total Time": 46.361,
                      "Actual Rows": 543611,
                      "Actual Loops": 1,
                      "Index Cond": "(keyword_id > 33791)"
                    }
                  ]
                }
              ]
            }
          ]
        }
      ]
    },
    "Planning Time": 0.141,
    "Triggers": [],
    "Execution Time": 141.257
  }
]