{
  "Plan": {
    "Node Type": "Aggregate",
    "Strategy": "Plain",
    "Partial Mode": "Simple",
    "Parallel Aware": false,
    "Startup Cost": 459799.46,
    "Total Cost": 459799.47,
    "Plan Rows": 1,
    "Plan Width": 128,
    "Actual Startup Time": 2849.52,
    "Actual Total Time": 2863.954,
    "Actual Rows": 1,
    "Actual Loops": 1,
    "Plans": [
      {
        "Node Type": "Nested Loop",
        "Parent Relationship": "Outer",
        "Parallel Aware": false,
        "Join Type": "Inner",
        "Startup Cost": 345542.03,
        "Total Cost": 459799.45,
        "Plan Rows": 1,
        "Plan Width": 81,
        "Actual Startup Time": 2122.923,
        "Actual Total Time": 2863.927,
        "Actual Rows": 14,
        "Actual Loops": 1,
        "Inner Unique": true,
        "Plans": [
          {
            "Node Type": "Hash Join",
            "Parent Relationship": "Outer",
            "Parallel Aware": false,
            "Join Type": "Inner",
            "Startup Cost": 345541.89,
            "Total Cost": 459799.27,
            "Plan Rows": 1,
            "Plan Width": 85,
            "Actual Startup Time": 2122.903,
            "Actual Total Time": 2863.805,
            "Actual Rows": 42,
            "Actual Loops": 1,
            "Inner Unique": false,
            "Hash Cond": "(n.id = ci.person_id)",
            "Plans": [
              {
                "Node Type": "Seq Scan",
                "Parent Relationship": "Outer",
                "Parallel Aware": false,
                "Relation Name": "name",
                "Alias": "n",
                "Startup Cost": 0.0,
                "Total Cost": 107705.21,
                "Plan Rows": 1747242,
                "Plan Width": 19,
                "Actual Startup Time": 0.069,
                "Actual Total Time": 701.101,
                "Actual Rows": 1739579,
                "Actual Loops": 1,
                "Filter": "((gender)::text = 'm'::text)",
                "Rows Removed by Filter": 2427912
              },
              {
                "Node Type": "Hash",
                "Parent Relationship": "Inner",
                "Parallel Aware": false,
                "Startup Cost": 345541.88,
                "Total Cost": 345541.88,
                "Plan Rows": 1,
                "Plan Width": 74,
                "Actual Startup Time": 2024.329,
                "Actual Total Time": 2038.758,
                "Actual Rows": 63,
                "Actual Loops": 1,
                "Hash Buckets": 1024,
                "Original Hash Buckets": 1024,
                "Hash Batches": 1,
                "Original Hash Batches": 1,
                "Peak Memory Usage": 13,
                "Plans": [
                  {
                    "Node Type": "Nested Loop",
                    "Parent Relationship": "Outer",
                    "Parallel Aware": false,
                    "Join Type": "Inner",
                    "Startup Cost": 345537.55,
                    "Total Cost": 345541.88,
                    "Plan Rows": 1,
                    "Plan Width": 74,
                    "Actual Startup Time": 2014.442,
                    "Actual Total Time": 2038.72,
                    "Actual Rows": 63,
                    "Actual Loops": 1,
                    "Inner Unique": false,
                    "Join Filter": "(t.id = ci.movie_id)",
                    "Rows Removed by Join Filter": 0,
                    "Plans": [
                      {
                        "Node Type": "Nested Loop",
                        "Parent Relationship": "Outer",
                        "Parallel Aware": false,
                        "Join Type": "Inner",
                        "Startup Cost": 345536.99,
                        "Total Cost": 345540.08,
                        "Plan Rows": 1,
                        "Plan Width": 86,
                        "Actual Startup Time": 2012.997,
                        "Actual Total Time": 2027.517,
                        "Actual Rows": 72,
                        "Actual Loops": 1,
                        "Inner Unique": false,
                        "Join Filter": "(mi.info_type_id = it1.id)",
                        "Rows Removed by Join Filter": 0,
                        "Plans": [
                          {
                            "Node Type": "Seq Scan",
                            "Parent Relationship": "Outer",
                            "Parallel Aware": false,
                            "Relation Name": "info_type",
                            "Alias": "it1",
                            "Startup Cost": 0.0,
                            "Total Cost": 2.41,
                            "Plan Rows": 1,
                            "Plan Width": 4,
                            "Actual Startup Time": 0.013,
                            "Actual Total Time": 0.024,
                            "Actual Rows": 1,
                            "Actual Loops": 1,
                            "Filter": "((info)::text = 'genres'::text)",
                            "Rows Removed by Filter": 112
                          },
                          {
                            "Node Type": "Merge Join",
                            "Parent Relationship": "Inner",
                            "Parallel Aware": false,
                            "Join Type": "Inner",
                            "Startup Cost": 345536.99,
                            "Total Cost": 345537.66,
                            "Plan Rows": 1,
                            "Plan Width": 90,
                            "Actual Startup Time": 2012.979,
                            "Actual Total Time": 2027.473,
                            "Actual Rows": 72,
                            "Actual Loops": 1,
                            "Inner Unique": false,
                            "Merge Cond": "(t.id = mi.movie_id)",
                            "Plans": [
                              {
                                "Node Type": "Sort",
                                "Parent Relationship": "Outer",
                                "Parallel Aware": false,
                                "Startup Cost": 46491.69,
                                "Total Cost": 46491.91,
                                "Plan Rows": 89,
                                "Plan Width": 21,
                                "Actual Startup Time": 203.051,
                                "Actual Total Time": 203.171,
                                "Actual Rows": 62,
                                "Actual Loops": 1,
                                "Sort Key": [
                                  "t.id"
                                ],
                                "Sort Method": "quicksort",
                                "Sort Space Used": 29,
                                "Sort Space Type": "Memory",
                                "Plans": [
                                  {
                                    "Node Type": "Gather",
                                    "Parent Relationship": "Outer",
                                    "Parallel Aware": false,
                                    "Startup Cost": 1000.0,
                                    "Total Cost": 46488.81,
                                    "Plan Rows": 89,
                                    "Plan Width": 21,
                                    "Actual Startup Time": 60.099,
                                    "Actual Total Time": 203.03,
                                    "Actual Rows": 62,
                                    "Actual Loops": 1,
                                    "Workers Planned": 4,
                                    "Workers Launched": 4,
                                    "Single Copy": false,
                                    "Plans": [
                                      {
                                        "Node Type": "Seq Scan",
                                        "Parent Relationship": "Outer",
                                        "Parallel Aware": true,
                                        "Relation Name": "title",
                                        "Alias": "t",
                                        "Startup Cost": 0.0,
                                        "Total Cost": 45479.91,
                                        "Plan Rows": 22,
                                        "Plan Width": 21,
                                        "Actual Startup Time": 61.635,
                                        "Actual Total Time": 186.932,
                                        "Actual Rows": 12,
                                        "Actual Loops": 5,
                                        "Filter": "((production_year < 1999) AND (title ~~ 'Vampire%'::text))",
                                        "Rows Removed by Filter": 505650
                                      }
                                    ]
                                  }
                                ]
                              },
                              {
                                "Node Type": "Sort",
                                "Parent Relationship": "Inner",
                                "Parallel Aware": false,
                                "Startup Cost": 299045.3,
                                "Total Cost": 299045.41,
                                "Plan Rows": 43,
                                "Plan Width": 69,
                                "Actual Startup Time": 1803.342,
                                "Actual Total Time": 1820.469,
                                "Actual Rows": 34957,
                                "Actual Loops": 1,
                                "Sort Key": [
                                  "mk.movie_id"
                                ],
                                "Sort Method": "quicksort",
                                "Sort Space Used": 4416,
                                "Sort Space Type": "Memory",
                                "Plans": [
                                  {
                                    "Node Type": "Gather",
                                    "Parent Relationship": "Outer",
                                    "Parallel Aware": false,
                                    "Startup Cost": 99852.87,
                                    "Total Cost": 299044.13,
                                    "Plan Rows": 43,
                                    "Plan Width": 69,
                                    "Actual Startup Time": 1556.521,
                                    "Actual Total Time": 1806.047,
                                    "Actual Rows": 36852,
                                    "Actual Loops": 1,
                                    "Workers Planned": 5,
                                    "Workers Launched": 3,
                                    "Single Copy": false,
                                    "Plans": [
                                      {
                                        "Node Type": "Hash Join",
                                        "Parent Relationship": "Outer",
                                        "Parallel Aware": true,
                                        "Join Type": "Inner",
                                        "Startup Cost": 98852.87,
                                        "Total Cost": 298039.83,
                                        "Plan Rows": 9,
                                        "Plan Width": 69,
                                        "Actual Startup Time": 1546.561,
                                        "Actual Total Time": 1777.866,
                                        "Actual Rows": 9213,
                                        "Actual Loops": 4,
                                        "Inner Unique": false,
                                        "Hash Cond": "(mi.movie_id = mi_idx.movie_id)",
                                        "Plans": [
                                          {
                                            "Node Type": "Seq Scan",
                                            "Parent Relationship": "Outer",
                                            "Parallel Aware": true,
                                            "Relation Name": "movie_info",
                                            "Alias": "mi",
                                            "Startup Cost": 0.0,
                                            "Total Cost": 199164.27,
                                            "Plan Rows": 6047,
                                            "Plan Width": 51,
                                            "Actual Startup Time": 418.64,
                                            "Actual Total Time": 645.108,
                                            "Actual Rows": 7700,
                                            "Actual Loops": 4,
                                            "Filter": "(info = 'Horror'::text)",
                                            "Rows Removed by Filter": 3701230
                                          },
                                          {
                                            "Node Type": "Hash",
                                            "Parent Relationship": "Inner",
                                            "Parallel Aware": true,
                                            "Startup Cost": 98850.78,
                                            "Total Cost": 98850.78,
                                            "Plan Rows": 167,
                                            "Plan Width": 18,
                                            "Actual Startup Time": 1126.644,
                                            "Actual Total Time": 1126.653,
                                            "Actual Rows": 38180,
                                            "Actual Loops": 4,
                                            "Hash Buckets": 262144,
                                            "Original Hash Buckets": 1024,
                                            "Hash Batches": 1,
                                            "Original Hash Batches": 1,
                                            "Peak Memory Usage": 11832,
                                            "Plans": [
                                              {
                                                "Node Type": "Hash Join",
                                                "Parent Relationship": "Outer",
                                                "Parallel Aware": false,
                                                "Join Type": "Inner",
                                                "Startup Cost": 24002.16,
                                                "Total Cost": 98850.78,
                                                "Plan Rows": 167,
                                                "Plan Width": 18,
                                                "Actual Startup Time": 237.163,
                                                "Actual Total Time": 988.279,
                                                "Actual Rows": 38180,
                                                "Actual Loops": 4,
                                                "Inner Unique": true,
                                                "Hash Cond": "(mk.keyword_id = k.id)",
                                                "Plans": [
                                                  {
                                                    "Node Type": "Hash Join",
                                                    "Parent Relationship": "Outer",
                                                    "Parallel Aware": true,
                                                    "Join Type": "Inner",
                                                    "Startup Cost": 20872.83,
                                                    "Total Cost": 83999.06,
                                                    "Plan Rows": 4465535,
                                                    "Plan Width": 22,
                                                    "Actual Startup Time": 203.599,
                                                    "Actual Total Time": 792.024,
                                                    "Actual Rows": 2606156,
                                                    "Actual Loops": 4,
                                                    "Inner Unique": false,
                                                    "Hash Cond": "(mk.movie_id = mi_idx.movie_id)",
                                                    "Plans": [
                                                      {
                                                        "Node Type": "Seq Scan",
                                                        "Parent Relationship": "Outer",
                                                        "Parallel Aware": true,
                                                        "Relation Name": "movie_keyword",
                                                        "Alias": "mk",
                                                        "Startup Cost": 0.0,
                                                        "Total Cost": 39047.32,
                                                        "Plan Rows": 1459332,
                                                        "Plan Width": 8,
                                                        "Actual Startup Time": 0.044,
                                                        "Actual Total Time": 122.941,
                                                        "Actual Rows": 1130982,
                                                        "Actual Loops": 4
                                                      },
                                                      {
                                                        "Node Type": "Hash",
                                                        "Parent Relationship": "Inner",
                                                        "Parallel Aware": true,
                                                        "Startup Cost": 13685.15,
                                                        "Total Cost": 13685.15,
                                                        "Plan Rows": 575015,
                                                        "Plan Width": 14,
                                                        "Actual Startup Time": 197.614,
                                                        "Actual Total Time": 197.615,
                                                        "Actual Rows": 345009,
                                                        "Actual Loops": 4,
                                                        "Hash Buckets": 2097152,
                                                        "Original Hash Buckets": 2097152,
                                                        "Hash Batches": 1,
                                                        "Original Hash Batches": 1,
                                                        "Peak Memory Usage": 84800,
                                                        "Plans": [
                                                          {
                                                            "Node Type": "Seq Scan",
                                                            "Parent Relationship": "Outer",
                                                            "Parallel Aware": true,
                                                            "Relation Name": "movie_info_idx",
                                                            "Alias": "mi_idx",
                                                            "Startup Cost": 0.0,
                                                            "Total Cost": 13685.15,
                                                            "Plan Rows": 575015,
                                                            "Plan Width": 14,
                                                            "Actual Startup Time": 0.053,
                                                            "Actual Total Time": 62.371,
                                                            "Actual Rows": 345009,
                                                            "Actual Loops": 4
                                                          }
                                                        ]
                                                      }
                                                    ]
                                                  },
                                                  {
                                                    "Node Type": "Hash",
                                                    "Parent Relationship": "Inner",
                                                    "Parallel Aware": false,
                                                    "Startup Cost": 3129.26,
                                                    "Total Cost": 3129.26,
                                                    "Plan Rows": 5,
                                                    "Plan Width": 4,
                                                    "Actual Startup Time": 33.283,
                                                    "Actual Total Time": 33.284,
                                                    "Actual Rows": 5,
                                                    "Actual Loops": 4,
                                                    "Hash Buckets": 1024,
                                                    "Original Hash Buckets": 1024,
                                                    "Hash Batches": 1,
                                                    "Original Hash Batches": 1,
                                                    "Peak Memory Usage": 9,
                                                    "Plans": [
                                                      {
                                                        "Node Type": "Seq Scan",
                                                        "Parent Relationship": "Outer",
                                                        "Parallel Aware": false,
                                                        "Relation Name": "keyword",
                                                        "Alias": "k",
                                                        "Startup Cost": 0.0,
                                                        "Total Cost": 3129.26,
                                                        "Plan Rows": 5,
                                                        "Plan Width": 4,
                                                        "Actual Startup Time": 1.577,
                                                        "Actual Total Time": 33.256,
                                                        "Actual Rows": 5,
                                                        "Actual Loops": 4,
                                                        "Filter": "(keyword = ANY ('{murder,blood,gore,death,female-nudity}'::text[]))",
                                                        "Rows Removed by Filter": 134165
                                                      }
                                                    ]
                                                  }
                                                ]
                                              }
                                            ]
                                          }
                                        ]
                                      }
                                    ]
                                  }
                                ]
                              }
                            ]
                          }
                        ]
                      },
                      {
                        "Node Type": "Index Scan",
                        "Parent Relationship": "Inner",
                        "Parallel Aware": false,
                        "Scan Direction": "Forward",
                        "Index Name": "movie_id_cast_info",
                        "Relation Name": "cast_info",
                        "Alias": "ci",
                        "Startup Cost": 0.56,
                        "Total Cost": 1.78,
                        "Plan Rows": 1,
                        "Plan Width": 8,
                        "Actual Startup Time": 0.129,
                        "Actual Total Time": 0.155,
                        "Actual Rows": 1,
                        "Actual Loops": 72,
                        "Index Cond": "(movie_id = mk.movie_id)",
                        "Rows Removed by Index Recheck": 0,
                        "Filter": "(note = ANY ('{(writer),\"(head writer)\",\"(written by)\",(story),\"(story editor)\"}'::text[]))",
                        "Rows Removed by Filter": 53
                      }
                    ]
                  }
                ]
              }
            ]
          },
          {
            "Node Type": "Index Scan",
            "Parent Relationship": "Inner",
            "Parallel Aware": false,
            "Scan Direction": "Forward",
            "Index Name": "info_type_pkey",
            "Relation Name": "info_type",
            "Alias": "it2",
            "Startup Cost": 0.14,
            "Total Cost": 0.16,
            "Plan Rows": 1,
            "Plan Width": 4,
            "Actual Startup Time": 0.002,
            "Actual Total Time": 0.002,
            "Actual Rows": 0,
            "Actual Loops": 42,
            "Index Cond": "(id = mi_idx.info_type_id)",
            "Rows Removed by Index Recheck": 0,
            "Filter": "((info)::text = 'votes'::text)",
            "Rows Removed by Filter": 1
          }
        ]
      }
    ]
  },
  "Planning Time": 23.651,
  "Triggers": [],
  "Execution Time": 2864.916
}