{
  "Plan": {
    "Node Type": "Aggregate",
    "Strategy": "Plain",
    "Partial Mode": "Finalize",
    "Parallel Aware": false,
    "Startup Cost": 1314900.13,
    "Total Cost": 1314900.14,
    "Plan Rows": 1,
    "Plan Width": 8,
    "Actual Startup Time": 20877.997,
    "Actual Total Time": 20983.169,
    "Actual Rows": 1,
    "Actual Loops": 1,
    "Plans": [
      {
        "Node Type": "Gather",
        "Parent Relationship": "Outer",
        "Parallel Aware": false,
        "Startup Cost": 1314900.02,
        "Total Cost": 1314900.13,
        "Plan Rows": 1,
        "Plan Width": 8,
        "Actual Startup Time": 20859.643,
        "Actual Total Time": 20983.161,
        "Actual Rows": 2,
        "Actual Loops": 1,
        "Workers Planned": 1,
        "Workers Launched": 1,
        "Single Copy": false,
        "Plans": [
          {
            "Node Type": "Aggregate",
            "Strategy": "Plain",
            "Partial Mode": "Partial",
            "Parent Relationship": "Outer",
            "Parallel Aware": false,
            "Startup Cost": 1313900.02,
            "Total Cost": 1313900.03,
            "Plan Rows": 1,
            "Plan Width": 8,
            "Actual Startup Time": 20831.547,
            "Actual Total Time": 20831.554,
            "Actual Rows": 1,
            "Actual Loops": 2,
            "Plans": [
              {
                "Node Type": "Hash Join",
                "Parent Relationship": "Outer",
                "Parallel Aware": true,
                "Join Type": "Inner",
                "Startup Cost": 445724.34,
                "Total Cost": 1244536.74,
                "Plan Rows": 27745309,
                "Plan Width": 0,
                "Actual Startup Time": 6035.246,
                "Actual Total Time": 18377.13,
                "Actual Rows": 60502189,
                "Actual Loops": 2,
                "Inner Unique": false,
                "Hash Cond": "(ci.movie_id = t.id)",
                "Plans": [
                  {
                    "Node Type": "Seq Scan",
                    "Parent Relationship": "Outer",
                    "Parallel Aware": true,
                    "Relation Name": "cast_info",
                    "Alias": "ci",
                    "Startup Cost": 0.0,
                    "Total Cost": 572345.93,
                    "Plan Rows": 5060702,
                    "Plan Width": 4,
                    "Actual Startup Time": 0.021,
                    "Actual Total Time": 1679.373,
                    "Actual Rows": 4879069,
                    "Actual Loops": 2,
                    "Filter": "((person_id < 1065602) AND (role_id < 8))",
                    "Rows Removed by Filter": 13243103
                  },
                  {
                    "Node Type": "Hash",
                    "Parent Relationship": "Inner",
                    "Parallel Aware": true,
                    "Startup Cost": 343802.49,
                    "Total Cost": 343802.49,
                    "Plan Rows": 8153748,
                    "Plan Width": 8,
                    "Actual Startup Time": 5982.067,
                    "Actual Total Time": 5982.071,
                    "Actual Rows": 6904672,
                    "Actual Loops": 2,
                    "Hash Buckets": 16777216,
                    "Original Hash Buckets": 16777216,
                    "Hash Batches": 1,
                    "Original Hash Batches": 1,
                    "Peak Memory Usage": 671296,
                    "Plans": [
                      {
                        "Node Type": "Hash Join",
                        "Parent Relationship": "Outer",
                        "Parallel Aware": true,
                        "Join Type": "Inner",
                        "Startup Cost": 72019.0,
                        "Total Cost": 343802.49,
                        "Plan Rows": 8153748,
                        "Plan Width": 8,
                        "Actual Startup Time": 610.196,
                        "Actual Total Time": 3942.176,
                        "Actual Rows": 6904672,
                        "Actual Loops": 2,
                        "Inner Unique": true,
                        "Hash Cond": "(mi.movie_id = t.id)",
                        "Plans": [
                          {
                            "Node Type": "Seq Scan",
                            "Parent Relationship": "Outer",
                            "Parallel Aware": true,
                            "Relation Name": "movie_info",
                            "Alias": "mi",
                            "Startup Cost": 0.0,
                            "Total Cost": 248955.74,
                            "Plan Rows": 8696274,
                            "Plan Width": 4,
                            "Actual Startup Time": 0.022,
                            "Actual Total Time": 729.215,
                            "Actual Rows": 7417860,
                            "Actual Loops": 2
                          },
                          {
                            "Node Type": "Hash",
                            "Parent Relationship": "Inner",
                            "Parallel Aware": true,
                            "Startup Cost": 54588.39,
                            "Total Cost": 54588.39,
                            "Plan Rows": 1394449,
                            "Plan Width": 4,
                            "Actual Startup Time": 598.869,
                            "Actual Total Time": 598.87,
                            "Actual Rows": 1183473,
                            "Actual Loops": 2,
                            "Hash Buckets": 4194304,
                            "Original Hash Buckets": 4194304,
                            "Hash Batches": 1,
                            "Original Hash Batches": 1,
                            "Peak Memory Usage": 125408,
                            "Plans": [
                              {
                                "Node Type": "Seq Scan",
                                "Parent Relationship": "Outer",
                                "Parallel Aware": true,
                                "Relation Name": "title",
                                "Alias": "t",
                                "Startup Cost": 0.0,
                                "Total Cost": 54588.39,
                                "Plan Rows": 1394449,
                                "Plan Width": 4,
                                "Actual Startup Time": 0.039,
                                "Actual Total Time": 217.778,
                                "Actual Rows": 1183473,
                                "Actual Loops": 2,
                                "Filter": "(production_year > 1920)",
                                "Rows Removed by Filter": 80683
                              }
                            ]
                          }
                        ]
                      }
                    ]
                  }
                ]
              }
            ]
          }
        ]
      }
    ]
  },
  "Planning Time": 0.416,
  "Triggers": [],
  "Execution Time": 20983.222
}