{
  "Plan": {
    "Node Type": "Aggregate",
    "Strategy": "Plain",
    "Partial Mode": "Finalize",
    "Parallel Aware": false,
    "Startup Cost": 98392.73,
    "Total Cost": 98392.74,
    "Plan Rows": 1,
    "Plan Width": 8,
    "Actual Startup Time": 157.539,
    "Actual Total Time": 170.269,
    "Actual Rows": 1,
    "Actual Loops": 1,
    "Plans": [
      {
        "Node Type": "Gather",
        "Parent Relationship": "Outer",
        "Parallel Aware": false,
        "Startup Cost": 98392.62,
        "Total Cost": 98392.73,
        "Plan Rows": 1,
        "Plan Width": 8,
        "Actual Startup Time": 157.415,
        "Actual Total Time": 170.261,
        "Actual Rows": 2,
        "Actual Loops": 1,
        "Workers Planned": 1,
        "Workers Launched": 1,
        "Single Copy": false,
        "Plans": [
          {
            "Node Type": "Aggregate",
            "Strategy": "Plain",
            "Partial Mode": "Partial",
            "Parent Relationship": "Outer",
            "Parallel Aware": false,
            "Startup Cost": 97392.62,
            "Total Cost": 97392.63,
            "Plan Rows": 1,
            "Plan Width": 8,
            "Actual Startup Time": 153.057,
            "Actual Total Time": 153.059,
            "Actual Rows": 1,
            "Actual Loops": 2,
            "Plans": [
              {
                "Node Type": "Nested Loop",
                "Parent Relationship": "Outer",
                "Parallel Aware": false,
                "Join Type": "Inner",
                "Startup Cost": 0.43,
                "Total Cost": 97380.58,
                "Plan Rows": 4814,
                "Plan Width": 0,
                "Actual Startup Time": 0.833,
                "Actual Total Time": 152.961,
                "Actual Rows": 1019,
                "Actual Loops": 2,
                "Inner Unique": false,
                "Plans": [
                  {
                    "Node Type": "Seq Scan",
                    "Parent Relationship": "Outer",
                    "Parallel Aware": true,
                    "Relation Name": "title",
                    "Alias": "t",
                    "Startup Cost": 0.0,
                    "Total Cost": 58306.47,
                    "Plan Rows": 4641,
                    "Plan Width": 4,
                    "Actual Startup Time": 0.2,
                    "Actual Total Time": 139.928,
                    "Actual Rows": 3929,
                    "Actual Loops": 2,
                    "Filter": "((kind_id = 7) AND (production_year = 1975))",
                    "Rows Removed by Filter": 1260227
                  },
                  {
                    "Node Type": "Index Scan",
                    "Parent Relationship": "Inner",
                    "Parallel Aware": false,
                    "Scan Direction": "Forward",
                    "Index Name": "movie_id_movie_keyword",
                    "Relation Name": "movie_keyword",
                    "Alias": "mk",
                    "Startup Cost": 0.43,
                    "Total Cost": 8.16,
                    "Plan Rows": 26,
                    "Plan Width": 4,
                    "Actual Startup Time": 0.003,
                    "Actual Total Time": 0.003,
                    "Actual Rows": 0,
                    "Actual Loops": 7858,
                    "Index Cond": "(movie_id = t.id)",
                    "Rows Removed by Index Recheck": 0,
                    "Filter": "(keyword_id < 7088)",
                    "Rows Removed by Filter": 0
                  }
                ]
              }
            ]
          }
        ]
      }
    ]
  },
  "Planning Time": 0.544,
  "Triggers": [],
  "Execution Time": 170.345
}