[
  {
    "Plan": {
      "Node Type": "Aggregate",
      "Strategy": "Plain",
      "Partial Mode": "Finalize",
      "Parallel Aware": false,
      "Startup Cost": 33074.33,
      "Total Cost": 33074.34,
      "Plan Rows": 1,
      "Plan Width": 8,
      "Actual Startup Time": 109.698,
      "Actual Total Time": 118.196,
      "Actual Rows": 1,
      "Actual Loops": 1,
      "Plans": [
        {
          "Node Type": "Gather",
          "Parent Relationship": "Outer",
          "Parallel Aware": false,
          "Startup Cost": 33074.01,
          "Total Cost": 33074.32,
          "Plan Rows": 3,
          "Plan Width": 8,
          "Actual Startup Time": 109.586,
          "Actual Total Time": 118.188,
          "Actual Rows": 4,
          "Actual Loops": 1,
          "Workers Planned": 3,
          "Workers Launched": 3,
          "Single Copy": false,
          "Plans": [
            {
              "Node Type": "Aggregate",
              "Strategy": "Plain",
              "Partial Mode": "Partial",
              "Parent Relationship": "Outer",
              "Parallel Aware": false,
              "Startup Cost": 32074.01,
              "Total Cost": 32074.02,
              "Plan Rows": 1,
              "Plan Width": 8,
              "Actual Startup Time": 102.734,
              "Actual Total Time": 102.735,
              "Actual Rows": 1,
              "Actual Loops": 4,
              "Plans": [
                {
                  "Node Type": "Seq Scan",
                  "Parent Relationship": "Outer",
                  "Parallel Aware": true,
                  "Relation Name": "movie_companies",
                  "Alias": "mc",
                  "Startup Cost": 0.0,
                  "Total Cost": 31414.82,
                  "Plan Rows": 263676,
                  "Plan Width": 0,
                  "Actual Startup Time": 0.05,
                  "Actual Total Time": 85.669,
                  "Actual Rows": 279208,
                  "Actual Loops": 4,
                  "Filter": "((company_id < 18106) AND (company_type_id < 2))",
                  "Rows Removed by Filter": 373074
                }
              ]
            }
          ]
        }
      ]
    },
    "Planning Time": 0.274,
    "Triggers": [],
    "Execution Time": 118.283
  }
]