[
  {
    "Plan": {
      "Node Type": "Aggregate",
      "Strategy": "Plain",
      "Partial Mode": "Finalize",
      "Parallel Aware": false,
      "Startup Cost": 45681.75,
      "Total Cost": 45681.76,
      "Plan Rows": 1,
      "Plan Width": 8,
      "Actual Startup Time": 173.777,
      "Actual Total Time": 187.93,
      "Actual Rows": 1,
      "Actual Loops": 1,
      "Plans": [
        {
          "Node Type": "Gather",
          "Parent Relationship": "Outer",
          "Parallel Aware": false,
          "Startup Cost": 45681.43,
          "Total Cost": 45681.74,
          "Plan Rows": 3,
          "Plan Width": 8,
          "Actual Startup Time": 173.505,
          "Actual Total Time": 187.917,
          "Actual Rows": 4,
          "Actual Loops": 1,
          "Workers Planned": 3,
          "Workers Launched": 3,
          "Single Copy": false,
          "Plans": [
            {
              "Node Type": "Aggregate",
              "Strategy": "Plain",
              "Partial Mode": "Partial",
              "Parent Relationship": "Outer",
              "Parallel Aware": false,
              "Startup Cost": 44681.43,
              "Total Cost": 44681.44,
              "Plan Rows": 1,
              "Plan Width": 8,
              "Actual Startup Time": 169.185,
              "Actual Total Time": 169.191,
              "Actual Rows": 1,
              "Actual Loops": 4,
              "Plans": [
                {
                  "Node Type": "Seq Scan",
                  "Parent Relationship": "Outer",
                  "Parallel Aware": true,
                  "Relation Name": "movie_keyword",
                  "Alias": "mk",
                  "Startup Cost": 0.0,
                  "Total Cost": 42695.65,
                  "Plan Rows": 794310,
                  "Plan Width": 0,
                  "Actual Startup Time": 0.269,
                  "Actual Total Time": 135.31,
                  "Actual Rows": 613492,
                  "Actual Loops": 4,
                  "Filter": "(keyword_id > 3664)",
                  "Rows Removed by Filter": 517491
                }
              ]
            }
          ]
        }
      ]
    },
    "Planning Time": 0.158,
    "Triggers": [],
    "Execution Time": 187.98
  }
]