{
  "Plan": {
    "Node Type": "Aggregate",
    "Strategy": "Plain",
    "Partial Mode": "Finalize",
    "Parallel Aware": false,
    "Startup Cost": 43396.11,
    "Total Cost": 43396.12,
    "Plan Rows": 1,
    "Plan Width": 8,
    "Actual Startup Time": 63.724,
    "Actual Total Time": 74.243,
    "Actual Rows": 1,
    "Actual Loops": 1,
    "Plans": [
      {
        "Node Type": "Gather",
        "Parent Relationship": "Outer",
        "Parallel Aware": false,
        "Startup Cost": 43396.0,
        "Total Cost": 43396.11,
        "Plan Rows": 1,
        "Plan Width": 8,
        "Actual Startup Time": 63.592,
        "Actual Total Time": 74.238,
        "Actual Rows": 2,
        "Actual Loops": 1,
        "Workers Planned": 1,
        "Workers Launched": 1,
        "Single Copy": false,
        "Plans": [
          {
            "Node Type": "Aggregate",
            "Strategy": "Plain",
            "Partial Mode": "Partial",
            "Parent Relationship": "Outer",
            "Parallel Aware": false,
            "Startup Cost": 42396.0,
            "Total Cost": 42396.01,
            "Plan Rows": 1,
            "Plan Width": 8,
            "Actual Startup Time": 57.215,
            "Actual Total Time": 57.217,
            "Actual Rows": 1,
            "Actual Loops": 2,
            "Plans": [
              {
                "Node Type": "Nested Loop",
                "Parent Relationship": "Outer",
                "Parallel Aware": false,
                "Join Type": "Inner",
                "Startup Cost": 133.21,
                "Total Cost": 42391.41,
                "Plan Rows": 1836,
                "Plan Width": 0,
                "Actual Startup Time": 3.858,
                "Actual Total Time": 56.479,
                "Actual Rows": 9542,
                "Actual Loops": 2,
                "Inner Unique": false,
                "Plans": [
                  {
                    "Node Type": "Nested Loop",
                    "Parent Relationship": "Outer",
                    "Parallel Aware": false,
                    "Join Type": "Inner",
                    "Startup Cost": 132.78,
                    "Total Cost": 40191.79,
                    "Plan Rows": 3637,
                    "Plan Width": 8,
                    "Actual Startup Time": 3.448,
                    "Actual Total Time": 29.848,
                    "Actual Rows": 2618,
                    "Actual Loops": 2,
                    "Inner Unique": true,
                    "Plans": [
                      {
                        "Node Type": "Bitmap Heap Scan",
                        "Parent Relationship": "Outer",
                        "Parallel Aware": true,
                        "Relation Name": "movie_keyword",
                        "Alias": "mk",
                        "Startup Cost": 132.35,
                        "Total Cost": 14334.04,
                        "Plan Rows": 3637,
                        "Plan Width": 4,
                        "Actual Startup Time": 3.303,
                        "Actual Total Time": 11.194,
                        "Actual Rows": 2618,
                        "Actual Loops": 2,
                        "Recheck Cond": "(keyword_id = 816)",
                        "Rows Removed by Index Recheck": 0,
                        "Exact Heap Blocks": 3523,
                        "Lossy Heap Blocks": 0,
                        "Plans": [
                          {
                            "Node Type": "Bitmap Index Scan",
                            "Parent Relationship": "Outer",
                            "Parallel Aware": false,
                            "Index Name": "keyword_id_movie_keyword",
                            "Startup Cost": 0.0,
                            "Total Cost": 130.81,
                            "Plan Rows": 6183,
                            "Plan Width": 0,
                            "Actual Startup Time": 4.085,
                            "Actual Total Time": 4.086,
                            "Actual Rows": 5235,
                            "Actual Loops": 1,
                            "Index Cond": "(keyword_id = 816)"
                          }
                        ]
                      },
                      {
                        "Node Type": "Index Only Scan",
                        "Parent Relationship": "Inner",
                        "Parallel Aware": false,
                        "Scan Direction": "Forward",
                        "Index Name": "title_pkey",
                        "Relation Name": "title",
                        "Alias": "t",
                        "Startup Cost": 0.43,
                        "Total Cost": 7.11,
                        "Plan Rows": 1,
                        "Plan Width": 4,
                        "Actual Startup Time": 0.007,
                        "Actual Total Time": 0.007,
                        "Actual Rows": 1,
                        "Actual Loops": 5235,
                        "Index Cond": "(id = mk.movie_id)",
                        "Rows Removed by Index Recheck": 0,
                        "Heap Fetches": 5235
                      }
                    ]
                  },
                  {
                    "Node Type": "Index Scan",
                    "Parent Relationship": "Inner",
                    "Parallel Aware": false,
                    "Scan Direction": "Forward",
                    "Index Name": "movie_id_movie_companies",
                    "Relation Name": "movie_companies",
                    "Alias": "mc",
                    "Startup Cost": 0.43,
                    "Total Cost": 0.57,
                    "Plan Rows": 3,
                    "Plan Width": 4,
                    "Actual Startup Time": 0.007,
                    "Actual Total Time": 0.009,
                    "Actual Rows": 4,
                    "Actual Loops": 5235,
                    "Index Cond": "(movie_id = t.id)",
                    "Rows Removed by Index Recheck": 0,
                    "Filter": "(company_id > 11393)",
                    "Rows Removed by Filter": 4
                  }
                ]
              }
            ]
          }
        ]
      }
    ]
  },
  "Planning Time": 0.994,
  "Triggers": [],
  "Execution Time": 74.333
}