[
    {
        "Bao": {
            "Bao prediction": "NaN",
            "Bao recommended hint": "(no hint)"
        }
    },
    {
        "Plan": {
            "Node Type": "Aggregate",
            "Strategy": "Plain",
            "Partial Mode": "Finalize",
            "Parallel Aware": false,
            "Startup Cost": 36223.26,
            "Total Cost": 36223.27,
            "Plan Rows": 1,
            "Plan Width": 8,
            "Actual Startup Time": 24.522,
            "Actual Total Time": 28.39,
            "Actual Rows": 1,
            "Actual Loops": 1,
            "Output": [
                "count(*)"
            ],
            "Plans": [
                {
                    "Node Type": "Gather",
                    "Parent Relationship": "Outer",
                    "Parallel Aware": false,
                    "Startup Cost": 36223.04,
                    "Total Cost": 36223.25,
                    "Plan Rows": 2,
                    "Plan Width": 8,
                    "Actual Startup Time": 23.944,
                    "Actual Total Time": 28.383,
                    "Actual Rows": 3,
                    "Actual Loops": 1,
                    "Output": [
                        "(PARTIAL count(*))"
                    ],
                    "Workers Planned": 2,
                    "Workers Launched": 2,
                    "Single Copy": false,
                    "Plans": [
                        {
                            "Node Type": "Aggregate",
                            "Strategy": "Plain",
                            "Partial Mode": "Partial",
                            "Parent Relationship": "Outer",
                            "Parallel Aware": false,
                            "Startup Cost": 35223.04,
                            "Total Cost": 35223.05,
                            "Plan Rows": 1,
                            "Plan Width": 8,
                            "Actual Startup Time": 16.256,
                            "Actual Total Time": 16.259,
                            "Actual Rows": 1,
                            "Actual Loops": 3,
                            "Output": [
                                "PARTIAL count(*)"
                            ],
                            "Workers": [
                                {
                                    "Worker Number": 0,
                                    "Actual Startup Time": 12.305,
                                    "Actual Total Time": 12.308,
                                    "Actual Rows": 1,
                                    "Actual Loops": 1
                                },
                                {
                                    "Worker Number": 1,
                                    "Actual Startup Time": 12.869,
                                    "Actual Total Time": 12.871,
                                    "Actual Rows": 1,
                                    "Actual Loops": 1
                                }
                            ],
                            "Plans": [
                                {
                                    "Node Type": "Nested Loop",
                                    "Parent Relationship": "Outer",
                                    "Parallel Aware": false,
                                    "Join Type": "Inner",
                                    "Startup Cost": 103.54,
                                    "Total Cost": 35222.99,
                                    "Plan Rows": 22,
                                    "Plan Width": 0,
                                    "Actual Startup Time": 6.63,
                                    "Actual Total Time": 16.216,
                                    "Actual Rows": 358,
                                    "Actual Loops": 3,
                                    "Inner Unique": false,
                                    "Join Filter": "(t.id = ci.movie_id)",
                                    "Rows Removed by Join Filter": 0,
                                    "Workers": [
                                        {
                                            "Worker Number": 0,
                                            "Actual Startup Time": 6.463,
                                            "Actual Total Time": 12.276,
                                            "Actual Rows": 69,
                                            "Actual Loops": 1
                                        },
                                        {
                                            "Worker Number": 1,
                                            "Actual Startup Time": 10.84,
                                            "Actual Total Time": 12.832,
                                            "Actual Rows": 71,
                                            "Actual Loops": 1
                                        }
                                    ],
                                    "Plans": [
                                        {
                                            "Node Type": "Nested Loop",
                                            "Parent Relationship": "Outer",
                                            "Parallel Aware": false,
                                            "Join Type": "Inner",
                                            "Startup Cost": 102.98,
                                            "Total Cost": 34995.83,
                                            "Plan Rows": 2,
                                            "Plan Width": 8,
                                            "Actual Startup Time": 6.244,
                                            "Actual Total Time": 14.108,
                                            "Actual Rows": 14,
                                            "Actual Loops": 3,
                                            "Output": [
                                                "t.id",
                                                "mi.movie_id"
                                            ],
                                            "Inner Unique": true,
                                            "Workers": [
                                                {
                                                    "Worker Number": 0,
                                                    "Actual Startup Time": 6.012,
                                                    "Actual Total Time": 10.465,
                                                    "Actual Rows": 3,
                                                    "Actual Loops": 1
                                                },
                                                {
                                                    "Worker Number": 1,
                                                    "Actual Startup Time": 10.176,
                                                    "Actual Total Time": 10.179,
                                                    "Actual Rows": 1,
                                                    "Actual Loops": 1
                                                }
                                            ],
                                            "Plans": [
                                                {
                                                    "Node Type": "Bitmap Heap Scan",
                                                    "Parent Relationship": "Outer",
                                                    "Parallel Aware": true,
                                                    "Relation Name": "movie_info",
                                                    "Schema": "public",
                                                    "Alias": "mi",
                                                    "Startup Cost": 102.55,
                                                    "Total Cost": 18598.16,
                                                    "Plan Rows": 2264,
                                                    "Plan Width": 4,
                                                    "Actual Startup Time": 0.434,
                                                    "Actual Total Time": 2.359,
                                                    "Actual Rows": 2204,
                                                    "Actual Loops": 3,
                                                    "Output": [
                                                        "mi.id",
                                                        "mi.movie_id",
                                                        "mi.info_type_id",
                                                        "mi.info",
                                                        "mi.note"
                                                    ],
                                                    "Recheck Cond": "(mi.info_type_id = 62)",
                                                    "Rows Removed by Index Recheck": 0,
                                                    "Exact Heap Blocks": 1221,
                                                    "Lossy Heap Blocks": 0,
                                                    "Workers": [
                                                        {
                                                            "Worker Number": 0,
                                                            "Actual Startup Time": 0.144,
                                                            "Actual Total Time": 1.542,
                                                            "Actual Rows": 243,
                                                            "Actual Loops": 1
                                                        },
                                                        {
                                                            "Worker Number": 1,
                                                            "Actual Startup Time": 0.146,
                                                            "Actual Total Time": 1.558,
                                                            "Actual Rows": 226,
                                                            "Actual Loops": 1
                                                        }
                                                    ],
                                                    "Plans": [
                                                        {
                                                            "Node Type": "Bitmap Index Scan",
                                                            "Parent Relationship": "Outer",
                                                            "Parallel Aware": false,
                                                            "Index Name": "info_type_id_movie_info",
                                                            "Startup Cost": 0.0,
                                                            "Total Cost": 101.19,
                                                            "Plan Rows": 5434,
                                                            "Plan Width": 0,
                                                            "Actual Startup Time": 0.796,
                                                            "Actual Total Time": 0.797,
                                                            "Actual Rows": 6613,
                                                            "Actual Loops": 1,
                                                            "Index Cond": "(mi.info_type_id = 62)"
                                                        }
                                                    ]
                                                },
                                                {
                                                    "Node Type": "Index Scan",
                                                    "Parent Relationship": "Inner",
                                                    "Parallel Aware": false,
                                                    "Scan Direction": "Forward",
                                                    "Index Name": "title_pkey",
                                                    "Relation Name": "title",
                                                    "Schema": "public",
                                                    "Alias": "t",
                                                    "Startup Cost": 0.43,
                                                    "Total Cost": 7.24,
                                                    "Plan Rows": 1,
                                                    "Plan Width": 4,
                                                    "Actual Startup Time": 0.005,
                                                    "Actual Total Time": 0.005,
                                                    "Actual Rows": 0,
                                                    "Actual Loops": 6613,
                                                    "Output": [
                                                        "t.id",
                                                        "t.title",
                                                        "t.imdb_index",
                                                        "t.kind_id",
                                                        "t.production_year",
                                                        "t.imdb_id",
                                                        "t.phonetic_code",
                                                        "t.episode_of_id",
                                                        "t.season_nr",
                                                        "t.episode_nr",
                                                        "t.series_years",
                                                        "t.md5sum"
                                                    ],
                                                    "Index Cond": "(t.id = mi.movie_id)",
                                                    "Rows Removed by Index Recheck": 0,
                                                    "Filter": "(t.production_year = 1935)",
                                                    "Rows Removed by Filter": 1,
                                                    "Workers": [
                                                        {
                                                            "Worker Number": 0,
                                                            "Actual Startup Time": 0.035,
                                                            "Actual Total Time": 0.035,
                                                            "Actual Rows": 0,
                                                            "Actual Loops": 243
                                                        },
                                                        {
                                                            "Worker Number": 1,
                                                            "Actual Startup Time": 0.037,
                                                            "Actual Total Time": 0.037,
                                                            "Actual Rows": 0,
                                                            "Actual Loops": 226
                                                        }
                                                    ]
                                                }
                                            ]
                                        },
                                        {
                                            "Node Type": "Index Scan",
                                            "Parent Relationship": "Inner",
                                            "Parallel Aware": false,
                                            "Scan Direction": "Forward",
                                            "Index Name": "movie_id_cast_info",
                                            "Relation Name": "cast_info",
                                            "Schema": "public",
                                            "Alias": "ci",
                                            "Startup Cost": 0.56,
                                            "Total Cost": 113.15,
                                            "Plan Rows": 34,
                                            "Plan Width": 4,
                                            "Actual Startup Time": 0.041,
                                            "Actual Total Time": 0.142,
                                            "Actual Rows": 25,
                                            "Actual Loops": 43,
                                            "Output": [
                                                "ci.id",
                                                "ci.person_id",
                                                "ci.movie_id",
                                                "ci.person_role_id",
                                                "ci.note",
                                                "ci.nr_order",
                                                "ci.role_id"
                                            ],
                                            "Index Cond": "(ci.movie_id = mi.movie_id)",
                                            "Rows Removed by Index Recheck": 0,
                                            "Filter": "(ci.person_id > 454040)",
                                            "Rows Removed by Filter": 7,
                                            "Workers": [
                                                {
                                                    "Worker Number": 0,
                                                    "Actual Startup Time": 0.196,
                                                    "Actual Total Time": 0.589,
                                                    "Actual Rows": 23,
                                                    "Actual Loops": 3
                                                },
                                                {
                                                    "Worker Number": 1,
                                                    "Actual Startup Time": 0.659,
                                                    "Actual Total Time": 2.603,
                                                    "Actual Rows": 71,
                                                    "Actual Loops": 1
                                                }
                                            ]
                                        }
                                    ]
                                }
                            ]
                        }
                    ]
                }
            ]
        },
        "Planning Time": 187.353,
        "Triggers": [],
        "Execution Time": 28.484
    }
]