[
    {
        "Bao": {
            "Bao prediction": 643.205,
            "Bao recommended hint": "SET enable_nestloop TO off; "
        }
    },
    {
        "Plan": {
            "Node Type": "Aggregate",
            "Strategy": "Plain",
            "Partial Mode": "Finalize",
            "Parallel Aware": false,
            "Startup Cost": 89437.2,
            "Total Cost": 89437.21,
            "Plan Rows": 1,
            "Plan Width": 8,
            "Actual Startup Time": 326.042,
            "Actual Total Time": 338.377,
            "Actual Rows": 1,
            "Actual Loops": 1,
            "Output": [
                "count(*)"
            ],
            "Plans": [
                {
                    "Node Type": "Gather",
                    "Parent Relationship": "Outer",
                    "Parallel Aware": false,
                    "Startup Cost": 89436.88,
                    "Total Cost": 89437.19,
                    "Plan Rows": 3,
                    "Plan Width": 8,
                    "Actual Startup Time": 325.759,
                    "Actual Total Time": 338.368,
                    "Actual Rows": 4,
                    "Actual Loops": 1,
                    "Output": [
                        "(PARTIAL count(*))"
                    ],
                    "Workers Planned": 3,
                    "Workers Launched": 3,
                    "Single Copy": false,
                    "Plans": [
                        {
                            "Node Type": "Aggregate",
                            "Strategy": "Plain",
                            "Partial Mode": "Partial",
                            "Parent Relationship": "Outer",
                            "Parallel Aware": false,
                            "Startup Cost": 88436.88,
                            "Total Cost": 88436.89,
                            "Plan Rows": 1,
                            "Plan Width": 8,
                            "Actual Startup Time": 317.816,
                            "Actual Total Time": 317.819,
                            "Actual Rows": 1,
                            "Actual Loops": 4,
                            "Output": [
                                "PARTIAL count(*)"
                            ],
                            "Workers": [
                                {
                                    "Worker Number": 0,
                                    "Actual Startup Time": 315.171,
                                    "Actual Total Time": 315.174,
                                    "Actual Rows": 1,
                                    "Actual Loops": 1
                                },
                                {
                                    "Worker Number": 1,
                                    "Actual Startup Time": 315.23,
                                    "Actual Total Time": 315.233,
                                    "Actual Rows": 1,
                                    "Actual Loops": 1
                                },
                                {
                                    "Worker Number": 2,
                                    "Actual Startup Time": 315.749,
                                    "Actual Total Time": 315.752,
                                    "Actual Rows": 1,
                                    "Actual Loops": 1
                                }
                            ],
                            "Plans": [
                                {
                                    "Node Type": "Hash Join",
                                    "Parent Relationship": "Outer",
                                    "Parallel Aware": true,
                                    "Join Type": "Inner",
                                    "Startup Cost": 45533.66,
                                    "Total Cost": 88411.74,
                                    "Plan Rows": 10056,
                                    "Plan Width": 0,
                                    "Actual Startup Time": 107.699,
                                    "Actual Total Time": 317.678,
                                    "Actual Rows": 2350,
                                    "Actual Loops": 4,
                                    "Inner Unique": true,
                                    "Hash Cond": "(mk.movie_id = t.id)",
                                    "Workers": [
                                        {
                                            "Worker Number": 0,
                                            "Actual Startup Time": 104.521,
                                            "Actual Total Time": 315.047,
                                            "Actual Rows": 1718,
                                            "Actual Loops": 1
                                        },
                                        {
                                            "Worker Number": 1,
                                            "Actual Startup Time": 105.057,
                                            "Actual Total Time": 315.092,
                                            "Actual Rows": 1963,
                                            "Actual Loops": 1
                                        },
                                        {
                                            "Worker Number": 2,
                                            "Actual Startup Time": 106.535,
                                            "Actual Total Time": 315.609,
                                            "Actual Rows": 1977,
                                            "Actual Loops": 1
                                        }
                                    ],
                                    "Plans": [
                                        {
                                            "Node Type": "Seq Scan",
                                            "Parent Relationship": "Outer",
                                            "Parallel Aware": true,
                                            "Relation Name": "movie_keyword",
                                            "Schema": "public",
                                            "Alias": "mk",
                                            "Startup Cost": 0.0,
                                            "Total Cost": 39047.32,
                                            "Plan Rows": 1459332,
                                            "Plan Width": 4,
                                            "Actual Startup Time": 0.013,
                                            "Actual Total Time": 107.904,
                                            "Actual Rows": 1130982,
                                            "Actual Loops": 4,
                                            "Output": [
                                                "mk.id",
                                                "mk.movie_id",
                                                "mk.keyword_id"
                                            ],
                                            "Workers": [
                                                {
                                                    "Worker Number": 0,
                                                    "Actual Startup Time": 0.014,
                                                    "Actual Total Time": 108.475,
                                                    "Actual Rows": 961815,
                                                    "Actual Loops": 1
                                                },
                                                {
                                                    "Worker Number": 1,
                                                    "Actual Startup Time": 0.012,
                                                    "Actual Total Time": 108.504,
                                                    "Actual Rows": 963295,
                                                    "Actual Loops": 1
                                                },
                                                {
                                                    "Worker Number": 2,
                                                    "Actual Startup Time": 0.019,
                                                    "Actual Total Time": 107.924,
                                                    "Actual Rows": 961445,
                                                    "Actual Loops": 1
                                                }
                                            ]
                                        },
                                        {
                                            "Node Type": "Hash",
                                            "Parent Relationship": "Inner",
                                            "Parallel Aware": true,
                                            "Startup Cost": 45479.21,
                                            "Total Cost": 45479.21,
                                            "Plan Rows": 4356,
                                            "Plan Width": 4,
                                            "Actual Startup Time": 105.358,
                                            "Actual Total Time": 105.358,
                                            "Actual Rows": 4722,
                                            "Actual Loops": 4,
                                            "Output": [
                                                "t.id"
                                            ],
                                            "Hash Buckets": 32768,
                                            "Original Hash Buckets": 32768,
                                            "Hash Batches": 1,
                                            "Original Hash Batches": 1,
                                            "Peak Memory Usage": 1056,
                                            "Workers": [
                                                {
                                                    "Worker Number": 0,
                                                    "Actual Startup Time": 103.349,
                                                    "Actual Total Time": 103.35,
                                                    "Actual Rows": 3723,
                                                    "Actual Loops": 1
                                                },
                                                {
                                                    "Worker Number": 1,
                                                    "Actual Startup Time": 103.415,
                                                    "Actual Total Time": 103.416,
                                                    "Actual Rows": 3698,
                                                    "Actual Loops": 1
                                                },
                                                {
                                                    "Worker Number": 2,
                                                    "Actual Startup Time": 103.968,
                                                    "Actual Total Time": 103.969,
                                                    "Actual Rows": 3654,
                                                    "Actual Loops": 1
                                                }
                                            ],
                                            "Plans": [
                                                {
                                                    "Node Type": "Seq Scan",
                                                    "Parent Relationship": "Outer",
                                                    "Parallel Aware": true,
                                                    "Relation Name": "title",
                                                    "Schema": "public",
                                                    "Alias": "t",
                                                    "Startup Cost": 0.0,
                                                    "Total Cost": 45479.21,
                                                    "Plan Rows": 4356,
                                                    "Plan Width": 4,
                                                    "Actual Startup Time": 0.062,
                                                    "Actual Total Time": 102.575,
                                                    "Actual Rows": 4722,
                                                    "Actual Loops": 4,
                                                    "Output": [
                                                        "t.id"
                                                    ],
                                                    "Filter": "((t.kind_id = 7) AND (t.production_year = 1994))",
                                                    "Rows Removed by Filter": 627356,
                                                    "Workers": [
                                                        {
                                                            "Worker Number": 0,
                                                            "Actual Startup Time": 0.048,
                                                            "Actual Total Time": 100.652,
                                                            "Actual Rows": 3723,
                                                            "Actual Loops": 1
                                                        },
                                                        {
                                                            "Worker Number": 1,
                                                            "Actual Startup Time": 0.1,
                                                            "Actual Total Time": 100.304,
                                                            "Actual Rows": 3698,
                                                            "Actual Loops": 1
                                                        },
                                                        {
                                                            "Worker Number": 2,
                                                            "Actual Startup Time": 0.071,
                                                            "Actual Total Time": 101.162,
                                                            "Actual Rows": 3654,
                                                            "Actual Loops": 1
                                                        }
                                                    ]
                                                }
                                            ]
                                        }
                                    ]
                                }
                            ]
                        }
                    ]
                }
            ]
        },
        "Planning Time": 437.878,
        "Triggers": [],
        "Execution Time": 338.466
    }
]