[
    {
        "Bao": {
            "Bao prediction": "NaN",
            "Bao recommended hint": "(no hint)"
        }
    },
    {
        "Plan": {
            "Node Type": "Aggregate",
            "Strategy": "Plain",
            "Partial Mode": "Finalize",
            "Parallel Aware": false,
            "Startup Cost": 349017.69,
            "Total Cost": 349017.7,
            "Plan Rows": 1,
            "Plan Width": 8,
            "Actual Startup Time": 937.947,
            "Actual Total Time": 971.603,
            "Actual Rows": 1,
            "Actual Loops": 1,
            "Output": [
                "count(*)"
            ],
            "Plans": [
                {
                    "Node Type": "Gather",
                    "Parent Relationship": "Outer",
                    "Parallel Aware": false,
                    "Startup Cost": 349017.06,
                    "Total Cost": 349017.67,
                    "Plan Rows": 6,
                    "Plan Width": 8,
                    "Actual Startup Time": 937.824,
                    "Actual Total Time": 971.592,
                    "Actual Rows": 7,
                    "Actual Loops": 1,
                    "Output": [
                        "(PARTIAL count(*))"
                    ],
                    "Workers Planned": 6,
                    "Workers Launched": 6,
                    "Single Copy": false,
                    "Plans": [
                        {
                            "Node Type": "Aggregate",
                            "Strategy": "Plain",
                            "Partial Mode": "Partial",
                            "Parent Relationship": "Outer",
                            "Parallel Aware": false,
                            "Startup Cost": 348017.06,
                            "Total Cost": 348017.07,
                            "Plan Rows": 1,
                            "Plan Width": 8,
                            "Actual Startup Time": 928.536,
                            "Actual Total Time": 928.537,
                            "Actual Rows": 1,
                            "Actual Loops": 7,
                            "Output": [
                                "PARTIAL count(*)"
                            ],
                            "Workers": [
                                {
                                    "Worker Number": 0,
                                    "Actual Startup Time": 927.757,
                                    "Actual Total Time": 927.758,
                                    "Actual Rows": 1,
                                    "Actual Loops": 1
                                },
                                {
                                    "Worker Number": 1,
                                    "Actual Startup Time": 927.474,
                                    "Actual Total Time": 927.476,
                                    "Actual Rows": 1,
                                    "Actual Loops": 1
                                },
                                {
                                    "Worker Number": 2,
                                    "Actual Startup Time": 927.518,
                                    "Actual Total Time": 927.519,
                                    "Actual Rows": 1,
                                    "Actual Loops": 1
                                },
                                {
                                    "Worker Number": 3,
                                    "Actual Startup Time": 926.968,
                                    "Actual Total Time": 926.97,
                                    "Actual Rows": 1,
                                    "Actual Loops": 1
                                },
                                {
                                    "Worker Number": 4,
                                    "Actual Startup Time": 926.951,
                                    "Actual Total Time": 926.953,
                                    "Actual Rows": 1,
                                    "Actual Loops": 1
                                },
                                {
                                    "Worker Number": 5,
                                    "Actual Startup Time": 926.962,
                                    "Actual Total Time": 926.963,
                                    "Actual Rows": 1,
                                    "Actual Loops": 1
                                }
                            ],
                            "Plans": [
                                {
                                    "Node Type": "Seq Scan",
                                    "Parent Relationship": "Outer",
                                    "Parallel Aware": true,
                                    "Relation Name": "cast_info",
                                    "Schema": "public",
                                    "Alias": "ci",
                                    "Startup Cost": 0.0,
                                    "Total Cost": 343318.94,
                                    "Plan Rows": 1879249,
                                    "Plan Width": 0,
                                    "Actual Startup Time": 380.889,
                                    "Actual Total Time": 840.823,
                                    "Actual Rows": 1336694,
                                    "Actual Loops": 7,
                                    "Output": [
                                        "id",
                                        "person_id",
                                        "movie_id",
                                        "person_role_id",
                                        "note",
                                        "nr_order",
                                        "role_id"
                                    ],
                                    "Filter": "((ci.person_id > 2374252) AND (ci.role_id < 10))",
                                    "Rows Removed by Filter": 3841069,
                                    "Workers": [
                                        {
                                            "Worker Number": 0,
                                            "Actual Startup Time": 380.103,
                                            "Actual Total Time": 842.011,
                                            "Actual Rows": 1290121,
                                            "Actual Loops": 1
                                        },
                                        {
                                            "Worker Number": 1,
                                            "Actual Startup Time": 379.833,
                                            "Actual Total Time": 841.923,
                                            "Actual Rows": 1274659,
                                            "Actual Loops": 1
                                        },
                                        {
                                            "Worker Number": 2,
                                            "Actual Startup Time": 379.874,
                                            "Actual Total Time": 841.285,
                                            "Actual Rows": 1293267,
                                            "Actual Loops": 1
                                        },
                                        {
                                            "Worker Number": 3,
                                            "Actual Startup Time": 379.33,
                                            "Actual Total Time": 840.132,
                                            "Actual Rows": 1301787,
                                            "Actual Loops": 1
                                        },
                                        {
                                            "Worker Number": 4,
                                            "Actual Startup Time": 379.301,
                                            "Actual Total Time": 840.633,
                                            "Actual Rows": 1298512,
                                            "Actual Loops": 1
                                        },
                                        {
                                            "Worker Number": 5,
                                            "Actual Startup Time": 379.315,
                                            "Actual Total Time": 840.512,
                                            "Actual Rows": 1301776,
                                            "Actual Loops": 1
                                        }
                                    ]
                                }
                            ]
                        }
                    ]
                }
            ]
        },
        "Planning Time": 304.722,
        "Triggers": [],
        "Execution Time": 971.694
    }
]