[
  {
    "Plan": {
      "Node Type": "Aggregate",
      "Strategy": "Plain",
      "Partial Mode": "Finalize",
      "Parallel Aware": false,
      "Startup Cost": 392240.76,
      "Total Cost": 392240.77,
      "Plan Rows": 1,
      "Plan Width": 8,
      "Actual Startup Time": 943.233,
      "Actual Total Time": 1006.066,
      "Actual Rows": 1,
      "Actual Loops": 1,
      "Plans": [
        {
          "Node Type": "Gather",
          "Parent Relationship": "Outer",
          "Parallel Aware": false,
          "Startup Cost": 392240.14,
          "Total Cost": 392240.75,
          "Plan Rows": 6,
          "Plan Width": 8,
          "Actual Startup Time": 938.175,
          "Actual Total Time": 1006.054,
          "Actual Rows": 7,
          "Actual Loops": 1,
          "Workers Planned": 6,
          "Workers Launched": 6,
          "Single Copy": false,
          "Plans": [
            {
              "Node Type": "Aggregate",
              "Strategy": "Plain",
              "Partial Mode": "Partial",
              "Parent Relationship": "Outer",
              "Parallel Aware": false,
              "Startup Cost": 391240.14,
              "Total Cost": 391240.15,
              "Plan Rows": 1,
              "Plan Width": 8,
              "Actual Startup Time": 927.416,
              "Actual Total Time": 927.419,
              "Actual Rows": 1,
              "Actual Loops": 7,
              "Plans": [
                {
                  "Node Type": "Hash Join",
                  "Parent Relationship": "Outer",
                  "Parallel Aware": true,
                  "Join Type": "Inner",
                  "Startup Cost": 45887.25,
                  "Total Cost": 390834.93,
                  "Plan Rows": 162082,
                  "Plan Width": 0,
                  "Actual Startup Time": 519.937,
                  "Actual Total Time": 920.128,
                  "Actual Rows": 151220,
                  "Actual Loops": 7,
                  "Inner Unique": true,
                  "Hash Cond": "(ci.movie_id = t.id)",
                  "Plans": [
                    {
                      "Node Type": "Seq Scan",
                      "Parent Relationship": "Outer",
                      "Parallel Aware": true,
                      "Relation Name": "cast_info",
                      "Alias": "ci",
                      "Startup Cost": 0.0,
                      "Total Cost": 343257.03,
                      "Plan Rows": 644057,
                      "Plan Width": 4,
                      "Actual Startup Time": 387.49,
                      "Actual Total Time": 604.369,
                      "Actual Rows": 814730,
                      "Actual Loops": 7,
                      "Filter": "((person_id > 3078001) AND (role_id > 1))",
                      "Rows Removed by Filter": 4363033
                    },
                    {
                      "Node Type": "Hash",
                      "Parent Relationship": "Inner",
                      "Parallel Aware": true,
                      "Startup Cost": 43898.92,
                      "Total Cost": 43898.92,
                      "Plan Rows": 159067,
                      "Plan Width": 4,
                      "Actual Startup Time": 128.939,
                      "Actual Total Time": 128.939,
                      "Actual Rows": 91853,
                      "Actual Loops": 7,
                      "Hash Buckets": 1048576,
                      "Original Hash Buckets": 1048576,
                      "Hash Batches": 1,
                      "Original Hash Batches": 1,
                      "Peak Memory Usage": 33472,
                      "Plans": [
                        {
                          "Node Type": "Seq Scan",
                          "Parent Relationship": "Outer",
                          "Parallel Aware": true,
                          "Relation Name": "title",
                          "Alias": "t",
                          "Startup Cost": 0.0,
                          "Total Cost": 43898.92,
                          "Plan Rows": 159067,
                          "Plan Width": 4,
                          "Actual Startup Time": 0.042,
                          "Actual Total Time": 80.579,
                          "Actual Rows": 91853,
                          "Actual Loops": 7,
                          "Filter": "(production_year < 1988)",
                          "Rows Removed by Filter": 269334
                        }
                      ]
                    }
                  ]
                }
              ]
            }
          ]
        }
      ]
    },
    "Planning Time": 0.583,
    "Triggers": [],
    "Execution Time": 1006.152
  }
]