[
  {
    "Plan": {
      "Node Type": "Aggregate",
      "Strategy": "Plain",
      "Partial Mode": "Finalize",
      "Parallel Aware": false,
      "Startup Cost": 448935.71,
      "Total Cost": 448935.72,
      "Plan Rows": 1,
      "Plan Width": 8,
      "Actual Startup Time": 1802.645,
      "Actual Total Time": 1862.991,
      "Actual Rows": 1,
      "Actual Loops": 1,
      "Plans": [
        {
          "Node Type": "Gather",
          "Parent Relationship": "Outer",
          "Parallel Aware": false,
          "Startup Cost": 448935.09,
          "Total Cost": 448935.7,
          "Plan Rows": 6,
          "Plan Width": 8,
          "Actual Startup Time": 1773.68,
          "Actual Total Time": 1862.97,
          "Actual Rows": 7,
          "Actual Loops": 1,
          "Workers Planned": 6,
          "Workers Launched": 6,
          "Single Copy": false,
          "Plans": [
            {
              "Node Type": "Aggregate",
              "Strategy": "Plain",
              "Partial Mode": "Partial",
              "Parent Relationship": "Outer",
              "Parallel Aware": false,
              "Startup Cost": 447935.09,
              "Total Cost": 447935.1,
              "Plan Rows": 1,
              "Plan Width": 8,
              "Actual Startup Time": 1761.328,
              "Actual Total Time": 1761.938,
              "Actual Rows": 1,
              "Actual Loops": 7,
              "Plans": [
                {
                  "Node Type": "Hash Join",
                  "Parent Relationship": "Outer",
                  "Parallel Aware": true,
                  "Join Type": "Inner",
                  "Startup Cost": 88991.77,
                  "Total Cost": 444254.88,
                  "Plan Rows": 1472083,
                  "Plan Width": 0,
                  "Actual Startup Time": 831.274,
                  "Actual Total Time": 1694.144,
                  "Actual Rows": 1384358,
                  "Actual Loops": 7,
                  "Inner Unique": false,
                  "Hash Cond": "(ci.movie_id = t.id)",
                  "Plans": [
                    {
                      "Node Type": "Seq Scan",
                      "Parent Relationship": "Outer",
                      "Parallel Aware": true,
                      "Relation Name": "cast_info",
                      "Alias": "ci",
                      "Startup Cost": 0.0,
                      "Total Cost": 343316.27,
                      "Plan Rows": 1919518,
                      "Plan Width": 4,
                      "Actual Startup Time": 232.259,
                      "Actual Total Time": 657.739,
                      "Actual Rows": 743136,
                      "Actual Loops": 7,
                      "Filter": "((person_id < 1771361) AND (role_id > 1))",
                      "Rows Removed by Filter": 4434627
                    },
                    {
                      "Node Type": "Hash",
                      "Parent Relationship": "Inner",
                      "Parallel Aware": true,
                      "Startup Cost": 81173.0,
                      "Total Cost": 81173.0,
                      "Plan Rows": 625501,
                      "Plan Width": 8,
                      "Actual Startup Time": 594.99,
                      "Actual Total Time": 595.598,
                      "Actual Rows": 277887,
                      "Actual Loops": 7,
                      "Hash Buckets": 2097152,
                      "Original Hash Buckets": 2097152,
                      "Hash Batches": 1,
                      "Original Hash Batches": 1,
                      "Peak Memory Usage": 92576,
                      "Plans": [
                        {
                          "Node Type": "Hash Join",
                          "Parent Relationship": "Outer",
                          "Parallel Aware": true,
                          "Join Type": "Inner",
                          "Startup Cost": 50220.38,
                          "Total Cost": 81173.0,
                          "Plan Rows": 625501,
                          "Plan Width": 8,
                          "Actual Startup Time": 297.156,
                          "Actual Total Time": 474.834,
                          "Actual Rows": 277887,
                          "Actual Loops": 7,
                          "Inner Unique": true,
                          "Hash Cond": "(mc.movie_id = t.id)",
                          "Plans": [
                            {
                              "Node Type": "Seq Scan",
                              "Parent Relationship": "Outer",
                              "Parallel Aware": true,
                              "Relation Name": "movie_companies",
                              "Alias": "mc",
                              "Startup Cost": 0.0,
                              "Total Cost": 29310.68,
                              "Plan Rows": 625501,
                              "Plan Width": 4,
                              "Actual Startup Time": 0.018,
                              "Actual Total Time": 56.592,
                              "Actual Rows": 277887,
                              "Actual Loops": 7,
                              "Filter": "(company_id < 51787)",
                              "Rows Removed by Filter": 94845
                            },
                            {
                              "Node Type": "Hash",
                              "Parent Relationship": "Inner",
                              "Parallel Aware": true,
                              "Startup Cost": 42319.06,
                              "Total Cost": 42319.06,
                              "Plan Rows": 632106,
                              "Plan Width": 4,
                              "Actual Startup Time": 291.71,
                              "Actual Total Time": 291.726,
                              "Actual Rows": 361187,
                              "Actual Loops": 7,
                              "Hash Buckets": 4194304,
                              "Original Hash Buckets": 4194304,
                              "Hash Batches": 1,
                              "Original Hash Batches": 1,
                              "Peak Memory Usage": 131776,
                              "Plans": [
                                {
                                  "Node Type": "Seq Scan",
                                  "Parent Relationship": "Outer",
                                  "Parallel Aware": true,
                                  "Relation Name": "title",
                                  "Alias": "t",
                                  "Startup Cost": 0.0,
                                  "Total Cost": 42319.06,
                                  "Plan Rows": 632106,
                                  "Plan Width": 4,
                                  "Actual Startup Time": 0.064,
                                  "Actual Total Time": 81.027,
                                  "Actual Rows": 361187,
                                  "Actual Loops": 7
                                }
                              ]
                            }
                          ]
                        }
                      ]
                    }
                  ]
                }
              ]
            }
          ]
        }
      ]
    },
    "Planning Time": 0.909,
    "Triggers": [],
    "Execution Time": 1863.057
  }
]