{
  "Plan": {
    "Node Type": "Aggregate",
    "Strategy": "Plain",
    "Partial Mode": "Finalize",
    "Parallel Aware": false,
    "Startup Cost": 142313.2,
    "Total Cost": 142313.21,
    "Plan Rows": 1,
    "Plan Width": 8,
    "Actual Startup Time": 1231.479,
    "Actual Total Time": 1247.367,
    "Actual Rows": 1,
    "Actual Loops": 1,
    "Plans": [
      {
        "Node Type": "Gather",
        "Parent Relationship": "Outer",
        "Parallel Aware": false,
        "Startup Cost": 142313.09,
        "Total Cost": 142313.2,
        "Plan Rows": 1,
        "Plan Width": 8,
        "Actual Startup Time": 1226.663,
        "Actual Total Time": 1247.361,
        "Actual Rows": 2,
        "Actual Loops": 1,
        "Workers Planned": 1,
        "Workers Launched": 1,
        "Single Copy": false,
        "Plans": [
          {
            "Node Type": "Aggregate",
            "Strategy": "Plain",
            "Partial Mode": "Partial",
            "Parent Relationship": "Outer",
            "Parallel Aware": false,
            "Startup Cost": 141313.09,
            "Total Cost": 141313.1,
            "Plan Rows": 1,
            "Plan Width": 8,
            "Actual Startup Time": 1220.09,
            "Actual Total Time": 1220.095,
            "Actual Rows": 1,
            "Actual Loops": 2,
            "Plans": [
              {
                "Node Type": "Hash Join",
                "Parent Relationship": "Outer",
                "Parallel Aware": true,
                "Join Type": "Inner",
                "Startup Cost": 119431.78,
                "Total Cost": 140788.88,
                "Plan Rows": 209685,
                "Plan Width": 0,
                "Actual Startup Time": 988.523,
                "Actual Total Time": 1188.382,
                "Actual Rows": 766814,
                "Actual Loops": 2,
                "Inner Unique": false,
                "Hash Cond": "(mi_idx.movie_id = t.id)",
                "Plans": [
                  {
                    "Node Type": "Seq Scan",
                    "Parent Relationship": "Outer",
                    "Parallel Aware": true,
                    "Relation Name": "movie_info_idx",
                    "Alias": "mi_idx",
                    "Startup Cost": 0.0,
                    "Total Cost": 18082.32,
                    "Plan Rows": 544356,
                    "Plan Width": 4,
                    "Actual Startup Time": 0.019,
                    "Actual Total Time": 58.815,
                    "Actual Rows": 460055,
                    "Actual Loops": 2,
                    "Filter": "(info_type_id > 99)",
                    "Rows Removed by Filter": 229962
                  },
                  {
                    "Node Type": "Hash",
                    "Parent Relationship": "Inner",
                    "Parallel Aware": true,
                    "Startup Cost": 112270.76,
                    "Total Cost": 112270.76,
                    "Plan Rows": 572881,
                    "Plan Width": 8,
                    "Actual Startup Time": 978.227,
                    "Actual Total Time": 978.23,
                    "Actual Rows": 628500,
                    "Actual Loops": 2,
                    "Hash Buckets": 2097152,
                    "Original Hash Buckets": 1048576,
                    "Hash Batches": 1,
                    "Original Hash Batches": 1,
                    "Peak Memory Usage": 73792,
                    "Plans": [
                      {
                        "Node Type": "Hash Join",
                        "Parent Relationship": "Outer",
                        "Parallel Aware": true,
                        "Join Type": "Inner",
                        "Startup Cost": 48735.37,
                        "Total Cost": 112270.76,
                        "Plan Rows": 572881,
                        "Plan Width": 8,
                        "Actual Startup Time": 287.264,
                        "Actual Total Time": 814.308,
                        "Actual Rows": 628500,
                        "Actual Loops": 2,
                        "Inner Unique": false,
                        "Hash Cond": "(t.id = mc.movie_id)",
                        "Plans": [
                          {
                            "Node Type": "Seq Scan",
                            "Parent Relationship": "Outer",
                            "Parallel Aware": true,
                            "Relation Name": "title",
                            "Alias": "t",
                            "Startup Cost": 0.0,
                            "Total Cost": 50870.31,
                            "Plan Rows": 1487231,
                            "Plan Width": 4,
                            "Actual Startup Time": 0.01,
                            "Actual Total Time": 116.698,
                            "Actual Rows": 1264156,
                            "Actual Loops": 2
                          },
                          {
                            "Node Type": "Hash",
                            "Parent Relationship": "Inner",
                            "Parallel Aware": true,
                            "Startup Cost": 41574.35,
                            "Total Cost": 41574.35,
                            "Plan Rows": 572881,
                            "Plan Width": 4,
                            "Actual Startup Time": 281.729,
                            "Actual Total Time": 281.73,
                            "Actual Rows": 628500,
                            "Actual Loops": 2,
                            "Hash Buckets": 2097152,
                            "Original Hash Buckets": 1048576,
                            "Hash Batches": 1,
                            "Original Hash Batches": 1,
                            "Peak Memory Usage": 73792,
                            "Plans": [
                              {
                                "Node Type": "Index Scan",
                                "Parent Relationship": "Outer",
                                "Parallel Aware": true,
                                "Scan Direction": "Forward",
                                "Index Name": "company_type_id_movie_companies",
                                "Relation Name": "movie_companies",
                                "Alias": "mc",
                                "Startup Cost": 0.43,
                                "Total Cost": 41574.35,
                                "Plan Rows": 572881,
                                "Plan Width": 4,
                                "Actual Startup Time": 0.084,
                                "Actual Total Time": 127.735,
                                "Actual Rows": 628500,
                                "Actual Loops": 2,
                                "Index Cond": "(company_type_id < 2)",
                                "Rows Removed by Index Recheck": 0,
                                "Filter": "(company_id < 56429)",
                                "Rows Removed by Filter": 8623
                              }
                            ]
                          }
                        ]
                      }
                    ]
                  }
                ]
              }
            ]
          }
        ]
      }
    ]
  },
  "Planning Time": 0.933,
  "Triggers": [],
  "Execution Time": 1247.496
}