[
  {
    "Plan": {
      "Node Type": "Aggregate",
      "Strategy": "Plain",
      "Partial Mode": "Finalize",
      "Parallel Aware": false,
      "Startup Cost": 47040.14,
      "Total Cost": 47040.15,
      "Plan Rows": 1,
      "Plan Width": 8,
      "Actual Startup Time": 178.152,
      "Actual Total Time": 187.629,
      "Actual Rows": 1,
      "Actual Loops": 1,
      "Plans": [
        {
          "Node Type": "Gather",
          "Parent Relationship": "Outer",
          "Parallel Aware": false,
          "Startup Cost": 47039.82,
          "Total Cost": 47040.13,
          "Plan Rows": 3,
          "Plan Width": 8,
          "Actual Startup Time": 178.018,
          "Actual Total Time": 187.621,
          "Actual Rows": 4,
          "Actual Loops": 1,
          "Workers Planned": 3,
          "Workers Launched": 3,
          "Single Copy": false,
          "Plans": [
            {
              "Node Type": "Aggregate",
              "Strategy": "Plain",
              "Partial Mode": "Partial",
              "Parent Relationship": "Outer",
              "Parallel Aware": false,
              "Startup Cost": 46039.82,
              "Total Cost": 46039.83,
              "Plan Rows": 1,
              "Plan Width": 8,
              "Actual Startup Time": 169.552,
              "Actual Total Time": 169.553,
              "Actual Rows": 1,
              "Actual Loops": 4,
              "Plans": [
                {
                  "Node Type": "Seq Scan",
                  "Parent Relationship": "Outer",
                  "Parallel Aware": true,
                  "Relation Name": "movie_keyword",
                  "Alias": "mk",
                  "Startup Cost": 0.0,
                  "Total Cost": 42695.65,
                  "Plan Rows": 1337666,
                  "Plan Width": 0,
                  "Actual Startup Time": 0.058,
                  "Actual Total Time": 123.248,
                  "Actual Rows": 1040786,
                  "Actual Loops": 4,
                  "Filter": "(keyword_id < 46195)",
                  "Rows Removed by Filter": 90197
                }
              ]
            }
          ]
        }
      ]
    },
    "Planning Time": 0.158,
    "Triggers": [],
    "Execution Time": 187.679
  }
]