[
  {
    "Plan": {
      "Node Type": "Aggregate",
      "Strategy": "Plain",
      "Partial Mode": "Finalize",
      "Parallel Aware": false,
      "Startup Cost": 46534.32,
      "Total Cost": 46534.33,
      "Plan Rows": 1,
      "Plan Width": 8,
      "Actual Startup Time": 90.535,
      "Actual Total Time": 102.559,
      "Actual Rows": 1,
      "Actual Loops": 1,
      "Plans": [
        {
          "Node Type": "Gather",
          "Parent Relationship": "Outer",
          "Parallel Aware": false,
          "Startup Cost": 46533.9,
          "Total Cost": 46534.31,
          "Plan Rows": 4,
          "Plan Width": 8,
          "Actual Startup Time": 90.257,
          "Actual Total Time": 102.546,
          "Actual Rows": 5,
          "Actual Loops": 1,
          "Workers Planned": 4,
          "Workers Launched": 4,
          "Single Copy": false,
          "Plans": [
            {
              "Node Type": "Aggregate",
              "Strategy": "Plain",
              "Partial Mode": "Partial",
              "Parent Relationship": "Outer",
              "Parallel Aware": false,
              "Startup Cost": 45533.9,
              "Total Cost": 45533.91,
              "Plan Rows": 1,
              "Plan Width": 8,
              "Actual Startup Time": 81.16,
              "Actual Total Time": 81.161,
              "Actual Rows": 1,
              "Actual Loops": 5,
              "Plans": [
                {
                  "Node Type": "Seq Scan",
                  "Parent Relationship": "Outer",
                  "Parallel Aware": true,
                  "Relation Name": "title",
                  "Alias": "t",
                  "Startup Cost": 0.0,
                  "Total Cost": 45479.59,
                  "Plan Rows": 21727,
                  "Plan Width": 0,
                  "Actual Startup Time": 29.496,
                  "Actual Total Time": 81.146,
                  "Actual Rows": 11,
                  "Actual Loops": 5,
                  "Filter": "((production_year < 1946) AND (kind_id = 7))",
                  "Rows Removed by Filter": 505651
                }
              ]
            }
          ]
        }
      ]
    },
    "Planning Time": 0.093,
    "Triggers": [],
    "Execution Time": 102.586
  }
]