{
  "Plan": {
    "Node Type": "Aggregate",
    "Strategy": "Plain",
    "Partial Mode": "Finalize",
    "Parallel Aware": false,
    "Startup Cost": 100329.3,
    "Total Cost": 100329.31,
    "Plan Rows": 1,
    "Plan Width": 8,
    "Actual Startup Time": 618.579,
    "Actual Total Time": 638.713,
    "Actual Rows": 1,
    "Actual Loops": 1,
    "Plans": [
      {
        "Node Type": "Gather",
        "Parent Relationship": "Outer",
        "Parallel Aware": false,
        "Startup Cost": 100329.19,
        "Total Cost": 100329.3,
        "Plan Rows": 1,
        "Plan Width": 8,
        "Actual Startup Time": 612.18,
        "Actual Total Time": 638.705,
        "Actual Rows": 2,
        "Actual Loops": 1,
        "Workers Planned": 1,
        "Workers Launched": 1,
        "Single Copy": false,
        "Plans": [
          {
            "Node Type": "Aggregate",
            "Strategy": "Plain",
            "Partial Mode": "Partial",
            "Parent Relationship": "Outer",
            "Parallel Aware": false,
            "Startup Cost": 99329.19,
            "Total Cost": 99329.2,
            "Plan Rows": 1,
            "Plan Width": 8,
            "Actual Startup Time": 602.389,
            "Actual Total Time": 602.393,
            "Actual Rows": 1,
            "Actual Loops": 2,
            "Plans": [
              {
                "Node Type": "Hash Join",
                "Parent Relationship": "Outer",
                "Parallel Aware": true,
                "Join Type": "Inner",
                "Startup Cost": 73097.78,
                "Total Cost": 99077.07,
                "Plan Rows": 100846,
                "Plan Width": 0,
                "Actual Startup Time": 537.736,
                "Actual Total Time": 598.807,
                "Actual Rows": 81400,
                "Actual Loops": 2,
                "Inner Unique": true,
                "Hash Cond": "(mk.movie_id = t.id)",
                "Plans": [
                  {
                    "Node Type": "Bitmap Heap Scan",
                    "Parent Relationship": "Outer",
                    "Parallel Aware": true,
                    "Relation Name": "movie_keyword",
                    "Alias": "mk",
                    "Startup Cost": 3637.08,
                    "Total Cost": 29351.65,
                    "Plan Rows": 100846,
                    "Plan Width": 4,
                    "Actual Startup Time": 12.887,
                    "Actual Total Time": 49.607,
                    "Actual Rows": 81400,
                    "Actual Loops": 2,
                    "Recheck Cond": "(keyword_id > 72607)",
                    "Rows Removed by Index Recheck": 0,
                    "Exact Heap Blocks": 11082,
                    "Lossy Heap Blocks": 0,
                    "Plans": [
                      {
                        "Node Type": "Bitmap Index Scan",
                        "Parent Relationship": "Outer",
                        "Parallel Aware": false,
                        "Index Name": "keyword_id_movie_keyword",
                        "Startup Cost": 0.0,
                        "Total Cost": 3594.22,
                        "Plan Rows": 171438,
                        "Plan Width": 0,
                        "Actual Startup Time": 9.965,
                        "Actual Total Time": 9.966,
                        "Actual Rows": 162799,
                        "Actual Loops": 1,
                        "Index Cond": "(keyword_id > 72607)"
                      }
                    ]
                  },
                  {
                    "Node Type": "Hash",
                    "Parent Relationship": "Inner",
                    "Parallel Aware": true,
                    "Startup Cost": 50870.31,
                    "Total Cost": 50870.31,
                    "Plan Rows": 1487231,
                    "Plan Width": 4,
                    "Actual Startup Time": 505.705,
                    "Actual Total Time": 505.706,
                    "Actual Rows": 1264156,
                    "Actual Loops": 2,
                    "Hash Buckets": 4194304,
                    "Original Hash Buckets": 4194304,
                    "Hash Batches": 1,
                    "Original Hash Batches": 1,
                    "Peak Memory Usage": 131712,
                    "Plans": [
                      {
                        "Node Type": "Seq Scan",
                        "Parent Relationship": "Outer",
                        "Parallel Aware": true,
                        "Relation Name": "title",
                        "Alias": "t",
                        "Startup Cost": 0.0,
                        "Total Cost": 50870.31,
                        "Plan Rows": 1487231,
                        "Plan Width": 4,
                        "Actual Startup Time": 0.023,
                        "Actual Total Time": 150.522,
                        "Actual Rows": 1264156,
                        "Actual Loops": 2
                      }
                    ]
                  }
                ]
              }
            ]
          }
        ]
      }
    ]
  },
  "Planning Time": 0.497,
  "Triggers": [],
  "Execution Time": 638.79
}