{
  "Plan": {
    "Node Type": "Aggregate",
    "Strategy": "Plain",
    "Partial Mode": "Finalize",
    "Parallel Aware": false,
    "Startup Cost": 126418.9,
    "Total Cost": 126418.91,
    "Plan Rows": 1,
    "Plan Width": 8,
    "Actual Startup Time": 629.661,
    "Actual Total Time": 647.685,
    "Actual Rows": 1,
    "Actual Loops": 1,
    "Plans": [
      {
        "Node Type": "Gather",
        "Parent Relationship": "Outer",
        "Parallel Aware": false,
        "Startup Cost": 126418.79,
        "Total Cost": 126418.9,
        "Plan Rows": 1,
        "Plan Width": 8,
        "Actual Startup Time": 627.369,
        "Actual Total Time": 647.671,
        "Actual Rows": 2,
        "Actual Loops": 1,
        "Workers Planned": 1,
        "Workers Launched": 1,
        "Single Copy": false,
        "Plans": [
          {
            "Node Type": "Aggregate",
            "Strategy": "Plain",
            "Partial Mode": "Partial",
            "Parent Relationship": "Outer",
            "Parallel Aware": false,
            "Startup Cost": 125418.79,
            "Total Cost": 125418.8,
            "Plan Rows": 1,
            "Plan Width": 8,
            "Actual Startup Time": 619.053,
            "Actual Total Time": 619.589,
            "Actual Rows": 1,
            "Actual Loops": 2,
            "Plans": [
              {
                "Node Type": "Hash Join",
                "Parent Relationship": "Outer",
                "Parallel Aware": true,
                "Join Type": "Inner",
                "Startup Cost": 104962.53,
                "Total Cost": 125315.41,
                "Plan Rows": 41349,
                "Plan Width": 0,
                "Actual Startup Time": 512.346,
                "Actual Total Time": 617.191,
                "Actual Rows": 60828,
                "Actual Loops": 2,
                "Inner Unique": false,
                "Hash Cond": "(mi_idx.movie_id = t.id)",
                "Plans": [
                  {
                    "Node Type": "Seq Scan",
                    "Parent Relationship": "Outer",
                    "Parallel Aware": true,
                    "Relation Name": "movie_info_idx",
                    "Alias": "mi_idx",
                    "Startup Cost": 0.0,
                    "Total Cost": 18082.32,
                    "Plan Rows": 540622,
                    "Plan Width": 4,
                    "Actual Startup Time": 0.031,
                    "Actual Total Time": 58.728,
                    "Actual Rows": 459925,
                    "Actual Loops": 2,
                    "Filter": "(info_type_id < 101)",
                    "Rows Removed by Filter": 230092
                  },
                  {
                    "Node Type": "Hash",
                    "Parent Relationship": "Inner",
                    "Parallel Aware": true,
                    "Startup Cost": 103540.65,
                    "Total Cost": 103540.65,
                    "Plan Rows": 113751,
                    "Plan Width": 8,
                    "Actual Startup Time": 508.614,
                    "Actual Total Time": 509.146,
                    "Actual Rows": 53598,
                    "Actual Loops": 2,
                    "Hash Buckets": 262144,
                    "Original Hash Buckets": 262144,
                    "Hash Batches": 1,
                    "Original Hash Batches": 1,
                    "Peak Memory Usage": 6272,
                    "Plans": [
                      {
                        "Node Type": "Hash Join",
                        "Parent Relationship": "Outer",
                        "Parallel Aware": true,
                        "Join Type": "Inner",
                        "Startup Cost": 73557.87,
                        "Total Cost": 103540.65,
                        "Plan Rows": 113751,
                        "Plan Width": 8,
                        "Actual Startup Time": 332.056,
                        "Actual Total Time": 495.408,
                        "Actual Rows": 53598,
                        "Actual Loops": 2,
                        "Inner Unique": true,
                        "Hash Cond": "(mk.movie_id = t.id)",
                        "Plans": [
                          {
                            "Node Type": "Bitmap Heap Scan",
                            "Parent Relationship": "Outer",
                            "Parallel Aware": true,
                            "Relation Name": "movie_keyword",
                            "Alias": "mk",
                            "Startup Cost": 13184.41,
                            "Total Cost": 42207.64,
                            "Plan Rows": 365539,
                            "Plan Width": 4,
                            "Actual Startup Time": 36.043,
                            "Actual Total Time": 123.441,
                            "Actual Rows": 316424,
                            "Actual Loops": 2,
                            "Recheck Cond": "(keyword_id < 495)",
                            "Rows Removed by Index Recheck": 0,
                            "Exact Heap Blocks": 12557,
                            "Lossy Heap Blocks": 0,
                            "Plans": [
                              {
                                "Node Type": "Bitmap Index Scan",
                                "Parent Relationship": "Outer",
                                "Parallel Aware": false,
                                "Index Name": "keyword_id_movie_keyword",
                                "Startup Cost": 0.0,
                                "Total Cost": 13029.05,
                                "Plan Rows": 621416,
                                "Plan Width": 0,
                                "Actual Startup Time": 32.41,
                                "Actual Total Time": 32.411,
                                "Actual Rows": 632848,
                                "Actual Loops": 1,
                                "Index Cond": "(keyword_id < 495)"
                              }
                            ]
                          },
                          {
                            "Node Type": "Hash",
                            "Parent Relationship": "Inner",
                            "Parallel Aware": true,
                            "Startup Cost": 54588.39,
                            "Total Cost": 54588.39,
                            "Plan Rows": 462806,
                            "Plan Width": 4,
                            "Actual Startup Time": 288.058,
                            "Actual Total Time": 288.059,
                            "Actual Rows": 392463,
                            "Actual Loops": 2,
                            "Hash Buckets": 1048576,
                            "Original Hash Buckets": 1048576,
                            "Hash Batches": 1,
                            "Original Hash Batches": 1,
                            "Peak Memory Usage": 38912,
                            "Plans": [
                              {
                                "Node Type": "Seq Scan",
                                "Parent Relationship": "Outer",
                                "Parallel Aware": true,
                                "Relation Name": "title",
                                "Alias": "t",
                                "Startup Cost": 0.0,
                                "Total Cost": 54588.39,
                                "Plan Rows": 462806,
                                "Plan Width": 4,
                                "Actual Startup Time": 0.039,
                                "Actual Total Time": 162.937,
                                "Actual Rows": 392463,
                                "Actual Loops": 2,
                                "Filter": "(production_year > 2007)",
                                "Rows Removed by Filter": 871693
                              }
                            ]
                          }
                        ]
                      }
                    ]
                  }
                ]
              }
            ]
          }
        ]
      }
    ]
  },
  "Planning Time": 0.982,
  "Triggers": [],
  "Execution Time": 647.811
}