{
  "Plan": {
    "Node Type": "Aggregate",
    "Strategy": "Plain",
    "Partial Mode": "Simple",
    "Parallel Aware": false,
    "Startup Cost": 855094.59,
    "Total Cost": 855094.6,
    "Plan Rows": 1,
    "Plan Width": 128,
    "Actual Startup Time": 4211.266,
    "Actual Total Time": 4243.042,
    "Actual Rows": 1,
    "Actual Loops": 1,
    "Plans": [
      {
        "Node Type": "Nested Loop",
        "Parent Relationship": "Outer",
        "Parallel Aware": false,
        "Join Type": "Inner",
        "Startup Cost": 368259.51,
        "Total Cost": 855094.58,
        "Plan Rows": 1,
        "Plan Width": 81,
        "Actual Startup Time": 3746.971,
        "Actual Total Time": 4243.007,
        "Actual Rows": 19,
        "Actual Loops": 1,
        "Inner Unique": true,
        "Plans": [
          {
            "Node Type": "Hash Join",
            "Parent Relationship": "Outer",
            "Parallel Aware": false,
            "Join Type": "Inner",
            "Startup Cost": 368259.08,
            "Total Cost": 855093.91,
            "Plan Rows": 1,
            "Plan Width": 70,
            "Actual Startup Time": 3745.453,
            "Actual Total Time": 4242.763,
            "Actual Rows": 33,
            "Actual Loops": 1,
            "Inner Unique": false,
            "Hash Cond": "(ci.movie_id = t.id)",
            "Plans": [
              {
                "Node Type": "Gather",
                "Parent Relationship": "Outer",
                "Parallel Aware": false,
                "Startup Cost": 1000.0,
                "Total Cost": 482921.36,
                "Plan Rows": 1310256,
                "Plan Width": 8,
                "Actual Startup Time": 50.47,
                "Actual Total Time": 519.896,
                "Actual Rows": 1244716,
                "Actual Loops": 1,
                "Workers Planned": 6,
                "Workers Launched": 6,
                "Single Copy": false,
                "Plans": [
                  {
                    "Node Type": "Seq Scan",
                    "Parent Relationship": "Outer",
                    "Parallel Aware": true,
                    "Relation Name": "cast_info",
                    "Alias": "ci",
                    "Startup Cost": 0.0,
                    "Total Cost": 350895.76,
                    "Plan Rows": 218376,
                    "Plan Width": 8,
                    "Actual Startup Time": 144.742,
                    "Actual Total Time": 1198.341,
                    "Actual Rows": 177817,
                    "Actual Loops": 7,
                    "Filter": "(note = ANY ('{(writer),\"(head writer)\",\"(written by)\",(story),\"(story editor)\"}'::text[]))",
                    "Rows Removed by Filter": 4999947
                  }
                ]
              },
              {
                "Node Type": "Hash",
                "Parent Relationship": "Inner",
                "Parallel Aware": false,
                "Startup Cost": 367259.07,
                "Total Cost": 367259.07,
                "Plan Rows": 1,
                "Plan Width": 82,
                "Actual Startup Time": 3648.883,
                "Actual Total Time": 3649.198,
                "Actual Rows": 44,
                "Actual Loops": 1,
                "Hash Buckets": 1024,
                "Original Hash Buckets": 1024,
                "Hash Batches": 1,
                "Original Hash Batches": 1,
                "Peak Memory Usage": 12,
                "Plans": [
                  {
                    "Node Type": "Nested Loop",
                    "Parent Relationship": "Outer",
                    "Parallel Aware": false,
                    "Join Type": "Inner",
                    "Startup Cost": 46490.56,
                    "Total Cost": 367259.07,
                    "Plan Rows": 1,
                    "Plan Width": 82,
                    "Actual Startup Time": 3533.277,
                    "Actual Total Time": 3649.166,
                    "Actual Rows": 44,
                    "Actual Loops": 1,
                    "Inner Unique": false,
                    "Join Filter": "(mi.info_type_id = it1.id)",
                    "Rows Removed by Join Filter": 0,
                    "Plans": [
                      {
                        "Node Type": "Seq Scan",
                        "Parent Relationship": "Outer",
                        "Parallel Aware": false,
                        "Relation Name": "info_type",
                        "Alias": "it1",
                        "Startup Cost": 0.0,
                        "Total Cost": 2.41,
                        "Plan Rows": 1,
                        "Plan Width": 4,
                        "Actual Startup Time": 0.015,
                        "Actual Total Time": 0.029,
                        "Actual Rows": 1,
                        "Actual Loops": 1,
                        "Filter": "((info)::text = 'genres'::text)",
                        "Rows Removed by Filter": 112
                      },
                      {
                        "Node Type": "Nested Loop",
                        "Parent Relationship": "Inner",
                        "Parallel Aware": false,
                        "Join Type": "Inner",
                        "Startup Cost": 46490.56,
                        "Total Cost": 367256.65,
                        "Plan Rows": 1,
                        "Plan Width": 86,
                        "Actual Startup Time": 3533.255,
                        "Actual Total Time": 3649.121,
                        "Actual Rows": 44,
                        "Actual Loops": 1,
                        "Inner Unique": false,
                        "Join Filter": "(t.id = mi.movie_id)",
                        "Rows Removed by Join Filter": 0,
                        "Plans": [
                          {
                            "Node Type": "Gather",
                            "Parent Relationship": "Outer",
                            "Parallel Aware": false,
                            "Startup Cost": 46490.13,
                            "Total Cost": 367255.21,
                            "Plan Rows": 1,
                            "Plan Width": 35,
                            "Actual Startup Time": 407.209,
                            "Actual Total Time": 3648.322,
                            "Actual Rows": 48,
                            "Actual Loops": 1,
                            "Workers Planned": 2,
                            "Workers Launched": 1,
                            "Single Copy": false,
                            "Plans": [
                              {
                                "Node Type": "Nested Loop",
                                "Parent Relationship": "Outer",
                                "Parallel Aware": false,
                                "Join Type": "Inner",
                                "Startup Cost": 45490.13,
                                "Total Cost": 366255.11,
                                "Plan Rows": 1,
                                "Plan Width": 35,
                                "Actual Startup Time": 1965.486,
                                "Actual Total Time": 3643.517,
                                "Actual Rows": 24,
                                "Actual Loops": 2,
                                "Inner Unique": true,
                                "Plans": [
                                  {
                                    "Node Type": "Hash Join",
                                    "Parent Relationship": "Outer",
                                    "Parallel Aware": false,
                                    "Join Type": "Inner",
                                    "Startup Cost": 45489.71,
                                    "Total Cost": 366253.76,
                                    "Plan Rows": 3,
                                    "Plan Width": 39,
                                    "Actual Startup Time": 449.37,
                                    "Actual Total Time": 3641.258,
                                    "Actual Rows": 479,
                                    "Actual Loops": 2,
                                    "Inner Unique": true,
                                    "Hash Cond": "(mi_idx.info_type_id = it2.id)",
                                    "Plans": [
                                      {
                                        "Node Type": "Hash Join",
                                        "Parent Relationship": "Outer",
                                        "Parallel Aware": true,
                                        "Join Type": "Inner",
                                        "Startup Cost": 45487.28,
                                        "Total Cost": 366250.29,
                                        "Plan Rows": 386,
                                        "Plan Width": 43,
                                        "Actual Startup Time": 449.118,
                                        "Actual Total Time": 3640.852,
                                        "Actual Rows": 1437,
                                        "Actual Loops": 2,
                                        "Inner Unique": true,
                                        "Hash Cond": "(mi_idx.movie_id = t.id)",
                                        "Plans": [
                                          {
                                            "Node Type": "Merge Join",
                                            "Parent Relationship": "Outer",
                                            "Parallel Aware": false,
                                            "Join Type": "Inner",
                                            "Startup Cost": 7.56,
                                            "Total Cost": 306374.77,
                                            "Plan Rows": 5484107,
                                            "Plan Width": 22,
                                            "Actual Startup Time": 0.174,
                                            "Actual Total Time": 2959.803,
                                            "Actual Rows": 5212313,
                                            "Actual Loops": 2,
                                            "Inner Unique": false,
                                            "Merge Cond": "(mi_idx.movie_id = mk.movie_id)",
                                            "Plans": [
                                              {
                                                "Node Type": "Index Scan",
                                                "Parent Relationship": "Outer",
                                                "Parallel Aware": true,
                                                "Scan Direction": "Forward",
                                                "Index Name": "movie_id_movie_info_idx",
                                                "Relation Name": "movie_info_idx",
                                                "Alias": "mi_idx",
                                                "Startup Cost": 0.43,
                                                "Total Cost": 45571.34,
                                                "Plan Rows": 575015,
                                                "Plan Width": 14,
                                                "Actual Startup Time": 0.055,
                                                "Actual Total Time": 132.9,
                                                "Actual Rows": 690018,
                                                "Actual Loops": 2
                                              },
                                              {
                                                "Node Type": "Materialize",
                                                "Parent Relationship": "Inner",
                                                "Parallel Aware": false,
                                                "Startup Cost": 0.43,
                                                "Total Cost": 188466.64,
                                                "Plan Rows": 4523930,
                                                "Plan Width": 8,
                                                "Actual Startup Time": 0.057,
                                                "Actual Total Time": 1729.162,
                                                "Actual Rows": 8005230,
                                                "Actual Loops": 2,
                                                "Plans": [
                                                  {
                                                    "Node Type": "Index Scan",
                                                    "Parent Relationship": "Outer",
                                                    "Parallel Aware": false,
                                                    "Scan Direction": "Forward",
                                                    "Index Name": "movie_id_movie_keyword",
                                                    "Relation Name": "movie_keyword",
                                                    "Alias": "mk",
                                                    "Startup Cost": 0.43,
                                                    "Total Cost": 177156.82,
                                                    "Plan Rows": 4523930,
                                                    "Plan Width": 8,
                                                    "Actual Startup Time": 0.04,
                                                    "Actual Total Time": 857.054,
                                                    "Actual Rows": 4523812,
                                                    "Actual Loops": 2
                                                  }
                                                ]
                                              }
                                            ]
                                          },
                                          {
                                            "Node Type": "Hash",
                                            "Parent Relationship": "Inner",
                                            "Parallel Aware": true,
                                            "Startup Cost": 45479.17,
                                            "Total Cost": 45479.17,
                                            "Plan Rows": 44,
                                            "Plan Width": 21,
                                            "Actual Startup Time": 304.287,
                                            "Actual Total Time": 304.288,
                                            "Actual Rows": 78,
                                            "Actual Loops": 2,
                                            "Hash Buckets": 1024,
                                            "Original Hash Buckets": 1024,
                                            "Hash Batches": 1,
                                            "Original Hash Batches": 1,
                                            "Peak Memory Usage": 72,
                                            "Plans": [
                                              {
                                                "Node Type": "Seq Scan",
                                                "Parent Relationship": "Outer",
                                                "Parallel Aware": true,
                                                "Relation Name": "title",
                                                "Alias": "t",
                                                "Startup Cost": 0.0,
                                                "Total Cost": 45479.17,
                                                "Plan Rows": 44,
                                                "Plan Width": 21,
                                                "Actual Startup Time": 14.665,
                                                "Actual Total Time": 304.101,
                                                "Actual Rows": 78,
                                                "Actual Loops": 2,
                                                "Filter": "((production_year < 2010) AND (title ~~ 'Vampire%'::text))",
                                                "Rows Removed by Filter": 1264078
                                              }
                                            ]
                                          }
                                        ]
                                      },
                                      {
                                        "Node Type": "Hash",
                                        "Parent Relationship": "Inner",
                                        "Parallel Aware": false,
                                        "Startup Cost": 2.41,
                                        "Total Cost": 2.41,
                                        "Plan Rows": 1,
                                        "Plan Width": 4,
                                        "Actual Startup Time": 0.062,
                                        "Actual Total Time": 0.062,
                                        "Actual Rows": 1,
                                        "Actual Loops": 2,
                                        "Hash Buckets": 1024,
                                        "Original Hash Buckets": 1024,
                                        "Hash Batches": 1,
                                        "Original Hash Batches": 1,
                                        "Peak Memory Usage": 9,
                                        "Plans": [
                                          {
                                            "Node Type": "Seq Scan",
                                            "Parent Relationship": "Outer",
                                            "Parallel Aware": false,
                                            "Relation Name": "info_type",
                                            "Alias": "it2",
                                            "Startup Cost": 0.0,
                                            "Total Cost": 2.41,
                                            "Plan Rows": 1,
                                            "Plan Width": 4,
                                            "Actual Startup Time": 0.048,
                                            "Actual Total Time": 0.051,
                                            "Actual Rows": 1,
                                            "Actual Loops": 2,
                                            "Filter": "((info)::text = 'votes'::text)",
                                            "Rows Removed by Filter": 112
                                          }
                                        ]
                                      }
                                    ]
                                  },
                                  {
                                    "Node Type": "Index Scan",
                                    "Parent Relationship": "Inner",
                                    "Parallel Aware": false,
                                    "Scan Direction": "Forward",
                                    "Index Name": "keyword_pkey",
                                    "Relation Name": "keyword",
                                    "Alias": "k",
                                    "Startup Cost": 0.42,
                                    "Total Cost": 0.45,
                                    "Plan Rows": 1,
                                    "Plan Width": 4,
                                    "Actual Startup Time": 0.004,
                                    "Actual Total Time": 0.004,
                                    "Actual Rows": 0,
                                    "Actual Loops": 958,
                                    "Index Cond": "(id = mk.keyword_id)",
                                    "Rows Removed by Index Recheck": 0,
                                    "Filter": "(keyword = ANY ('{murder,blood,gore,death,female-nudity}'::text[]))",
                                    "Rows Removed by Filter": 1
                                  }
                                ]
                              }
                            ]
                          },
                          {
                            "Node Type": "Index Scan",
                            "Parent Relationship": "Inner",
                            "Parallel Aware": false,
                            "Scan Direction": "Forward",
                            "Index Name": "movie_id_movie_info",
                            "Relation Name": "movie_info",
                            "Alias": "mi",
                            "Startup Cost": 0.43,
                            "Total Cost": 1.43,
                            "Plan Rows": 1,
                            "Plan Width": 51,
                            "Actual Startup Time": 0.016,
                            "Actual Total Time": 0.016,
                            "Actual Rows": 1,
                            "Actual Loops": 48,
                            "Index Cond": "(movie_id = mk.movie_id)",
                            "Rows Removed by Index Recheck": 0,
                            "Filter": "(info = 'Horror'::text)",
                            "Rows Removed by Filter": 48
                          }
                        ]
                      }
                    ]
                  }
                ]
              }
            ]
          },
          {
            "Node Type": "Index Scan",
            "Parent Relationship": "Inner",
            "Parallel Aware": false,
            "Scan Direction": "Forward",
            "Index Name": "name_pkey",
            "Relation Name": "name",
            "Alias": "n",
            "Startup Cost": 0.43,
            "Total Cost": 0.67,
            "Plan Rows": 1,
            "Plan Width": 19,
            "Actual Startup Time": 0.006,
            "Actual Total Time": 0.006,
            "Actual Rows": 1,
            "Actual Loops": 33,
            "Index Cond": "(id = ci.person_id)",
            "Rows Removed by Index Recheck": 0,
            "Filter": "((gender)::text = 'm'::text)",
            "Rows Removed by Filter": 0
          }
        ]
      }
    ]
  },
  "Planning Time": 4.712,
  "Triggers": [],
  "Execution Time": 4332.477
}