[
  {
    "Plan": {
      "Node Type": "Aggregate",
      "Strategy": "Plain",
      "Partial Mode": "Finalize",
      "Parallel Aware": false,
      "Startup Cost": 31890.7,
      "Total Cost": 31890.71,
      "Plan Rows": 1,
      "Plan Width": 8,
      "Actual Startup Time": 106.802,
      "Actual Total Time": 114.157,
      "Actual Rows": 1,
      "Actual Loops": 1,
      "Plans": [
        {
          "Node Type": "Gather",
          "Parent Relationship": "Outer",
          "Parallel Aware": false,
          "Startup Cost": 31890.38,
          "Total Cost": 31890.69,
          "Plan Rows": 3,
          "Plan Width": 8,
          "Actual Startup Time": 106.694,
          "Actual Total Time": 114.148,
          "Actual Rows": 4,
          "Actual Loops": 1,
          "Workers Planned": 3,
          "Workers Launched": 3,
          "Single Copy": false,
          "Plans": [
            {
              "Node Type": "Aggregate",
              "Strategy": "Plain",
              "Partial Mode": "Partial",
              "Parent Relationship": "Outer",
              "Parallel Aware": false,
              "Startup Cost": 30890.38,
              "Total Cost": 30890.39,
              "Plan Rows": 1,
              "Plan Width": 8,
              "Actual Startup Time": 100.112,
              "Actual Total Time": 100.113,
              "Actual Rows": 1,
              "Actual Loops": 4,
              "Plans": [
                {
                  "Node Type": "Seq Scan",
                  "Parent Relationship": "Outer",
                  "Parallel Aware": true,
                  "Relation Name": "movie_companies",
                  "Alias": "mc",
                  "Startup Cost": 0.0,
                  "Total Cost": 29310.68,
                  "Plan Rows": 631879,
                  "Plan Width": 0,
                  "Actual Startup Time": 0.202,
                  "Actual Total Time": 78.356,
                  "Actual Rows": 491725,
                  "Actual Loops": 4,
                  "Filter": "(company_id > 846)",
                  "Rows Removed by Filter": 160558
                }
              ]
            }
          ]
        }
      ]
    },
    "Planning Time": 0.094,
    "Triggers": [],
    "Execution Time": 114.189
  }
]