[
  {
    "Plan": {
      "Node Type": "Aggregate",
      "Strategy": "Plain",
      "Partial Mode": "Finalize",
      "Parallel Aware": false,
      "Startup Cost": 31894.48,
      "Total Cost": 31894.49,
      "Plan Rows": 1,
      "Plan Width": 8,
      "Actual Startup Time": 119.987,
      "Actual Total Time": 128.39,
      "Actual Rows": 1,
      "Actual Loops": 1,
      "Plans": [
        {
          "Node Type": "Gather",
          "Parent Relationship": "Outer",
          "Parallel Aware": false,
          "Startup Cost": 31894.16,
          "Total Cost": 31894.47,
          "Plan Rows": 3,
          "Plan Width": 8,
          "Actual Startup Time": 119.861,
          "Actual Total Time": 128.382,
          "Actual Rows": 4,
          "Actual Loops": 1,
          "Workers Planned": 3,
          "Workers Launched": 3,
          "Single Copy": false,
          "Plans": [
            {
              "Node Type": "Aggregate",
              "Strategy": "Plain",
              "Partial Mode": "Partial",
              "Parent Relationship": "Outer",
              "Parallel Aware": false,
              "Startup Cost": 30894.16,
              "Total Cost": 30894.17,
              "Plan Rows": 1,
              "Plan Width": 8,
              "Actual Startup Time": 113.167,
              "Actual Total Time": 113.168,
              "Actual Rows": 1,
              "Actual Loops": 4,
              "Plans": [
                {
                  "Node Type": "Seq Scan",
                  "Parent Relationship": "Outer",
                  "Parallel Aware": true,
                  "Relation Name": "movie_companies",
                  "Alias": "mc",
                  "Startup Cost": 0.0,
                  "Total Cost": 29310.68,
                  "Plan Rows": 633393,
                  "Plan Width": 0,
                  "Actual Startup Time": 0.617,
                  "Actual Total Time": 89.621,
                  "Actual Rows": 491725,
                  "Actual Loops": 4,
                  "Filter": "(company_id > 846)",
                  "Rows Removed by Filter": 160558
                }
              ]
            }
          ]
        }
      ]
    },
    "Planning Time": 0.158,
    "Triggers": [],
    "Execution Time": 128.438
  }
]