[
  {
    "Plan": {
      "Node Type": "Aggregate",
      "Strategy": "Plain",
      "Partial Mode": "Finalize",
      "Parallel Aware": false,
      "Startup Cost": 47006.65,
      "Total Cost": 47006.66,
      "Plan Rows": 1,
      "Plan Width": 8,
      "Actual Startup Time": 172.411,
      "Actual Total Time": 177.907,
      "Actual Rows": 1,
      "Actual Loops": 1,
      "Plans": [
        {
          "Node Type": "Gather",
          "Parent Relationship": "Outer",
          "Parallel Aware": false,
          "Startup Cost": 47006.33,
          "Total Cost": 47006.64,
          "Plan Rows": 3,
          "Plan Width": 8,
          "Actual Startup Time": 172.337,
          "Actual Total Time": 177.9,
          "Actual Rows": 4,
          "Actual Loops": 1,
          "Workers Planned": 3,
          "Workers Launched": 3,
          "Single Copy": false,
          "Plans": [
            {
              "Node Type": "Aggregate",
              "Strategy": "Plain",
              "Partial Mode": "Partial",
              "Parent Relationship": "Outer",
              "Parallel Aware": false,
              "Startup Cost": 46006.33,
              "Total Cost": 46006.34,
              "Plan Rows": 1,
              "Plan Width": 8,
              "Actual Startup Time": 165.209,
              "Actual Total Time": 165.21,
              "Actual Rows": 1,
              "Actual Loops": 4,
              "Plans": [
                {
                  "Node Type": "Seq Scan",
                  "Parent Relationship": "Outer",
                  "Parallel Aware": true,
                  "Relation Name": "movie_keyword",
                  "Alias": "mk",
                  "Startup Cost": 0.0,
                  "Total Cost": 42695.65,
                  "Plan Rows": 1324271,
                  "Plan Width": 0,
                  "Actual Startup Time": 0.04,
                  "Actual Total Time": 116.859,
                  "Actual Rows": 1028992,
                  "Actual Loops": 4,
                  "Filter": "(keyword_id < 42395)",
                  "Rows Removed by Filter": 101991
                }
              ]
            }
          ]
        }
      ]
    },
    "Planning Time": 0.169,
    "Triggers": [],
    "Execution Time": 177.956
  }
]