[
  {
    "Plan": {
      "Node Type": "Aggregate",
      "Strategy": "Plain",
      "Partial Mode": "Finalize",
      "Parallel Aware": false,
      "Startup Cost": 339272.87,
      "Total Cost": 339272.88,
      "Plan Rows": 1,
      "Plan Width": 8,
      "Actual Startup Time": 934.815,
      "Actual Total Time": 982.79,
      "Actual Rows": 1,
      "Actual Loops": 1,
      "Plans": [
        {
          "Node Type": "Gather",
          "Parent Relationship": "Outer",
          "Parallel Aware": false,
          "Startup Cost": 339272.25,
          "Total Cost": 339272.86,
          "Plan Rows": 6,
          "Plan Width": 8,
          "Actual Startup Time": 934.595,
          "Actual Total Time": 982.764,
          "Actual Rows": 7,
          "Actual Loops": 1,
          "Workers Planned": 6,
          "Workers Launched": 6,
          "Single Copy": false,
          "Plans": [
            {
              "Node Type": "Aggregate",
              "Strategy": "Plain",
              "Partial Mode": "Partial",
              "Parent Relationship": "Outer",
              "Parallel Aware": false,
              "Startup Cost": 338272.25,
              "Total Cost": 338272.26,
              "Plan Rows": 1,
              "Plan Width": 8,
              "Actual Startup Time": 925.341,
              "Actual Total Time": 925.343,
              "Actual Rows": 1,
              "Actual Loops": 7,
              "Plans": [
                {
                  "Node Type": "Seq Scan",
                  "Parent Relationship": "Outer",
                  "Parallel Aware": true,
                  "Relation Name": "cast_info",
                  "Alias": "ci",
                  "Startup Cost": 0.0,
                  "Total Cost": 328211.39,
                  "Plan Rows": 4024342,
                  "Plan Width": 0,
                  "Actual Startup Time": 0.058,
                  "Actual Total Time": 741.655,
                  "Actual Rows": 3447243,
                  "Actual Loops": 7,
                  "Filter": "(role_id < 4)",
                  "Rows Removed by Filter": 1730521
                }
              ]
            }
          ]
        }
      ]
    },
    "Planning Time": 0.127,
    "Triggers": [],
    "Execution Time": 982.842
  }
]