{
  "Plan": {
    "Node Type": "Aggregate",
    "Strategy": "Plain",
    "Partial Mode": "Finalize",
    "Parallel Aware": false,
    "Startup Cost": 331251.91,
    "Total Cost": 331251.92,
    "Plan Rows": 1,
    "Plan Width": 8,
    "Actual Startup Time": 1375.546,
    "Actual Total Time": 1414.777,
    "Actual Rows": 1,
    "Actual Loops": 1,
    "Plans": [
      {
        "Node Type": "Gather",
        "Parent Relationship": "Outer",
        "Parallel Aware": false,
        "Startup Cost": 331251.8,
        "Total Cost": 331251.91,
        "Plan Rows": 1,
        "Plan Width": 8,
        "Actual Startup Time": 1375.378,
        "Actual Total Time": 1414.769,
        "Actual Rows": 2,
        "Actual Loops": 1,
        "Workers Planned": 1,
        "Workers Launched": 1,
        "Single Copy": false,
        "Plans": [
          {
            "Node Type": "Aggregate",
            "Strategy": "Plain",
            "Partial Mode": "Partial",
            "Parent Relationship": "Outer",
            "Parallel Aware": false,
            "Startup Cost": 330251.8,
            "Total Cost": 330251.81,
            "Plan Rows": 1,
            "Plan Width": 8,
            "Actual Startup Time": 1369.751,
            "Actual Total Time": 1369.755,
            "Actual Rows": 1,
            "Actual Loops": 2,
            "Plans": [
              {
                "Node Type": "Hash Join",
                "Parent Relationship": "Outer",
                "Parallel Aware": true,
                "Join Type": "Inner",
                "Startup Cost": 58381.07,
                "Total Cost": 330164.56,
                "Plan Rows": 34898,
                "Plan Width": 0,
                "Actual Startup Time": 146.478,
                "Actual Total Time": 1366.824,
                "Actual Rows": 57877,
                "Actual Loops": 2,
                "Inner Unique": true,
                "Hash Cond": "(mi.movie_id = t.id)",
                "Plans": [
                  {
                    "Node Type": "Seq Scan",
                    "Parent Relationship": "Outer",
                    "Parallel Aware": true,
                    "Relation Name": "movie_info",
                    "Alias": "mi",
                    "Startup Cost": 0.0,
                    "Total Cost": 248955.74,
                    "Plan Rows": 8696274,
                    "Plan Width": 4,
                    "Actual Startup Time": 0.009,
                    "Actual Total Time": 640.829,
                    "Actual Rows": 7417860,
                    "Actual Loops": 2
                  },
                  {
                    "Node Type": "Hash",
                    "Parent Relationship": "Inner",
                    "Parallel Aware": true,
                    "Startup Cost": 58306.47,
                    "Total Cost": 58306.47,
                    "Plan Rows": 5968,
                    "Plan Width": 4,
                    "Actual Startup Time": 144.339,
                    "Actual Total Time": 144.34,
                    "Actual Rows": 5264,
                    "Actual Loops": 2,
                    "Hash Buckets": 16384,
                    "Original Hash Buckets": 16384,
                    "Hash Batches": 1,
                    "Original Hash Batches": 1,
                    "Peak Memory Usage": 576,
                    "Plans": [
                      {
                        "Node Type": "Seq Scan",
                        "Parent Relationship": "Outer",
                        "Parallel Aware": true,
                        "Relation Name": "title",
                        "Alias": "t",
                        "Startup Cost": 0.0,
                        "Total Cost": 58306.47,
                        "Plan Rows": 5968,
                        "Plan Width": 4,
                        "Actual Startup Time": 1.795,
                        "Actual Total Time": 142.269,
                        "Actual Rows": 5264,
                        "Actual Loops": 2,
                        "Filter": "((kind_id < 7) AND (production_year = 1993))",
                        "Rows Removed by Filter": 1258892
                      }
                    ]
                  }
                ]
              }
            ]
          }
        ]
      }
    ]
  },
  "Planning Time": 0.467,
  "Triggers": [],
  "Execution Time": 1414.854
}