{
    "Plan": {
        "Node Type": "Aggregate",
        "Strategy": "Plain",
        "Partial Mode": "Simple",
        "Parallel Aware": false,
        "Startup Cost": 20001224655.62,
        "Total Cost": 20001224655.63,
        "Plan Rows": 1,
        "Plan Width": 32,
        "Actual Startup Time": 13705.921,
        "Actual Total Time": 13705.927,
        "Actual Rows": 1,
        "Actual Loops": 1,
        "Output": [
            "min(t.title)"
        ],
        "Plans": [
            {
                "Node Type": "Nested Loop",
                "Parent Relationship": "Outer",
                "Parallel Aware": false,
                "Join Type": "Inner",
                "Startup Cost": 20000605608.28,
                "Total Cost": 20001224655.62,
                "Plan Rows": 1,
                "Plan Width": 17,
                "Actual Startup Time": 9448.58,
                "Actual Total Time": 13705.913,
                "Actual Rows": 3,
                "Actual Loops": 1,
                "Output": [
                    "t.title"
                ],
                "Inner Unique": true,
                "Plans": [
                    {
                        "Node Type": "Hash Join",
                        "Parent Relationship": "Outer",
                        "Parallel Aware": false,
                        "Join Type": "Inner",
                        "Startup Cost": 10000605607.85,
                        "Total Cost": 10001223842.01,
                        "Plan Rows": 183,
                        "Plan Width": 21,
                        "Actual Startup Time": 5135.875,
                        "Actual Total Time": 12856.35,
                        "Actual Rows": 148552,
                        "Actual Loops": 1,
                        "Output": [
                            "mc.company_id",
                            "t.title"
                        ],
                        "Inner Unique": true,
                        "Hash Cond": "(mk.keyword_id = k.id)",
                        "Plans": [
                            {
                                "Node Type": "Merge Join",
                                "Parent Relationship": "Outer",
                                "Parallel Aware": false,
                                "Join Type": "Inner",
                                "Startup Cost": 600264.91,
                                "Total Cost": 1154485.2,
                                "Plan Rows": 24385467,
                                "Plan Width": 25,
                                "Actual Startup Time": 5082.431,
                                "Actual Total Time": 11022.4,
                                "Actual Rows": 34863638,
                                "Actual Loops": 1,
                                "Output": [
                                    "mc.company_id",
                                    "mk.keyword_id",
                                    "t.title"
                                ],
                                "Inner Unique": false,
                                "Merge Cond": "(mk.movie_id = mc.movie_id)",
                                "Plans": [
                                    {
                                        "Node Type": "Index Scan",
                                        "Parent Relationship": "Outer",
                                        "Parallel Aware": false,
                                        "Scan Direction": "Forward",
                                        "Index Name": "movie_id_movie_keyword",
                                        "Relation Name": "movie_keyword",
                                        "Schema": "public",
                                        "Alias": "mk",
                                        "Startup Cost": 0.43,
                                        "Total Cost": 177177.46,
                                        "Plan Rows": 4523930,
                                        "Plan Width": 8,
                                        "Actual Startup Time": 0.023,
                                        "Actual Total Time": 583.964,
                                        "Actual Rows": 4523914,
                                        "Actual Loops": 1,
                                        "Output": [
                                            "mk.id",
                                            "mk.movie_id",
                                            "mk.keyword_id"
                                        ]
                                    },
                                    {
                                        "Node Type": "Sort",
                                        "Parent Relationship": "Inner",
                                        "Parallel Aware": false,
                                        "Startup Cost": 600256.23,
                                        "Total Cost": 606779.05,
                                        "Plan Rows": 2609129,
                                        "Plan Width": 29,
                                        "Actual Startup Time": 5082.397,
                                        "Actual Total Time": 6332.505,
                                        "Actual Rows": 36211384,
                                        "Actual Loops": 1,
                                        "Output": [
                                            "mc.company_id",
                                            "mc.movie_id",
                                            "t.title",
                                            "t.id"
                                        ],
                                        "Sort Key": [
                                            "mc.movie_id"
                                        ],
                                        "Sort Method": "quicksort",
                                        "Sort Space Used": 312648,
                                        "Sort Space Type": "Memory",
                                        "Plans": [
                                            {
                                                "Node Type": "Hash Join",
                                                "Parent Relationship": "Outer",
                                                "Parallel Aware": false,
                                                "Join Type": "Inner",
                                                "Startup Cost": 163630.75,
                                                "Total Cost": 322186.52,
                                                "Plan Rows": 2609129,
                                                "Plan Width": 29,
                                                "Actual Startup Time": 1980.438,
                                                "Actual Total Time": 4626.914,
                                                "Actual Rows": 2609129,
                                                "Actual Loops": 1,
                                                "Output": [
                                                    "mc.company_id",
                                                    "mc.movie_id",
                                                    "t.title",
                                                    "t.id"
                                                ],
                                                "Inner Unique": false,
                                                "Hash Cond": "(t.id = mc.movie_id)",
                                                "Plans": [
                                                    {
                                                        "Node Type": "Index Scan",
                                                        "Parent Relationship": "Outer",
                                                        "Parallel Aware": false,
                                                        "Scan Direction": "Forward",
                                                        "Index Name": "title_pkey",
                                                        "Relation Name": "title",
                                                        "Schema": "public",
                                                        "Alias": "t",
                                                        "Startup Cost": 0.43,
                                                        "Total Cost": 110342.1,
                                                        "Plan Rows": 2528322,
                                                        "Plan Width": 21,
                                                        "Actual Startup Time": 0.023,
                                                        "Actual Total Time": 1248.748,
                                                        "Actual Rows": 2528312,
                                                        "Actual Loops": 1,
                                                        "Output": [
                                                            "t.id",
                                                            "t.title",
                                                            "t.imdb_index",
                                                            "t.kind_id",
                                                            "t.production_year",
                                                            "t.imdb_id",
                                                            "t.phonetic_code",
                                                            "t.episode_of_id",
                                                            "t.season_nr",
                                                            "t.episode_nr",
                                                            "t.series_years",
                                                            "t.md5sum"
                                                        ]
                                                    },
                                                    {
                                                        "Node Type": "Hash",
                                                        "Parent Relationship": "Inner",
                                                        "Parallel Aware": false,
                                                        "Startup Cost": 131016.21,
                                                        "Total Cost": 131016.21,
                                                        "Plan Rows": 2609129,
                                                        "Plan Width": 8,
                                                        "Actual Startup Time": 1971.859,
                                                        "Actual Total Time": 1971.86,
                                                        "Actual Rows": 2609129,
                                                        "Actual Loops": 1,
                                                        "Output": [
                                                            "mc.company_id",
                                                            "mc.movie_id"
                                                        ],
                                                        "Hash Buckets": 4194304,
                                                        "Original Hash Buckets": 4194304,
                                                        "Hash Batches": 1,
                                                        "Original Hash Batches": 1,
                                                        "Peak Memory Usage": 134688,
                                                        "Plans": [
                                                            {
                                                                "Node Type": "Index Scan",
                                                                "Parent Relationship": "Outer",
                                                                "Parallel Aware": false,
                                                                "Scan Direction": "Forward",
                                                                "Index Name": "company_id_movie_companies",
                                                                "Relation Name": "movie_companies",
                                                                "Schema": "public",
                                                                "Alias": "mc",
                                                                "Startup Cost": 0.43,
                                                                "Total Cost": 131016.21,
                                                                "Plan Rows": 2609129,
                                                                "Plan Width": 8,
                                                                "Actual Startup Time": 0.036,
                                                                "Actual Total Time": 1380.14,
                                                                "Actual Rows": 2609129,
                                                                "Actual Loops": 1,
                                                                "Output": [
                                                                    "mc.company_id",
                                                                    "mc.movie_id"
                                                                ]
                                                            }
                                                        ]
                                                    }
                                                ]
                                            }
                                        ]
                                    }
                                ]
                            },
                            {
                                "Node Type": "Hash",
                                "Parent Relationship": "Inner",
                                "Parallel Aware": false,
                                "Startup Cost": 10000005342.92,
                                "Total Cost": 10000005342.92,
                                "Plan Rows": 1,
                                "Plan Width": 4,
                                "Actual Startup Time": 52.529,
                                "Actual Total Time": 52.53,
                                "Actual Rows": 1,
                                "Actual Loops": 1,
                                "Output": [
                                    "k.id"
                                ],
                                "Hash Buckets": 1024,
                                "Original Hash Buckets": 1024,
                                "Hash Batches": 1,
                                "Original Hash Batches": 1,
                                "Peak Memory Usage": 9,
                                "Plans": [
                                    {
                                        "Node Type": "Index Scan",
                                        "Parent Relationship": "Outer",
                                        "Parallel Aware": false,
                                        "Scan Direction": "Forward",
                                        "Index Name": "keyword_pkey",
                                        "Relation Name": "keyword",
                                        "Schema": "public",
                                        "Alias": "k",
                                        "Startup Cost": 10000000000.42,
                                        "Total Cost": 10000005342.92,
                                        "Plan Rows": 1,
                                        "Plan Width": 4,
                                        "Actual Startup Time": 0.154,
                                        "Actual Total Time": 52.525,
                                        "Actual Rows": 1,
                                        "Actual Loops": 1,
                                        "Output": [
                                            "k.id"
                                        ],
                                        "Filter": "(k.keyword = 'character-name-in-title'::text)",
                                        "Rows Removed by Filter": 134169
                                    }
                                ]
                            }
                        ]
                    },
                    {
                        "Node Type": "Bitmap Heap Scan",
                        "Parent Relationship": "Inner",
                        "Parallel Aware": false,
                        "Relation Name": "company_name",
                        "Schema": "public",
                        "Alias": "cn",
                        "Startup Cost": 0.43,
                        "Total Cost": 4.44,
                        "Plan Rows": 1,
                        "Plan Width": 4,
                        "Actual Startup Time": 0.004,
                        "Actual Total Time": 0.004,
                        "Actual Rows": 0,
                        "Actual Loops": 148552,
                        "Output": [
                            "cn.id",
                            "cn.name",
                            "cn.country_code",
                            "cn.imdb_id",
                            "cn.name_pcode_nf",
                            "cn.name_pcode_sf",
                            "cn.md5sum"
                        ],
                        "Recheck Cond": "(cn.id = mc.company_id)",
                        "Rows Removed by Index Recheck": 0,
                        "Filter": "((cn.country_code)::text = '[kg]'::text)",
                        "Rows Removed by Filter": 1,
                        "Exact Heap Blocks": 148552,
                        "Lossy Heap Blocks": 0,
                        "Plans": [
                            {
                                "Node Type": "Bitmap Index Scan",
                                "Parent Relationship": "Outer",
                                "Parallel Aware": false,
                                "Index Name": "company_name_pkey",
                                "Startup Cost": 0.0,
                                "Total Cost": 0.43,
                                "Plan Rows": 1,
                                "Plan Width": 0,
                                "Actual Startup Time": 0.002,
                                "Actual Total Time": 0.002,
                                "Actual Rows": 1,
                                "Actual Loops": 148552,
                                "Index Cond": "(cn.id = mc.company_id)"
                            }
                        ]
                    }
                ]
            }
        ]
    },
    "Planning Time": 2.293,
    "Triggers": [],
    "Execution Time": 13706.982
}