[
  {
    "Plan": {
      "Node Type": "Aggregate",
      "Strategy": "Plain",
      "Partial Mode": "Finalize",
      "Parallel Aware": false,
      "Startup Cost": 78212.94,
      "Total Cost": 78212.95,
      "Plan Rows": 1,
      "Plan Width": 8,
      "Actual Startup Time": 249.758,
      "Actual Total Time": 266.238,
      "Actual Rows": 1,
      "Actual Loops": 1,
      "Plans": [
        {
          "Node Type": "Gather",
          "Parent Relationship": "Outer",
          "Parallel Aware": false,
          "Startup Cost": 78212.63,
          "Total Cost": 78212.94,
          "Plan Rows": 3,
          "Plan Width": 8,
          "Actual Startup Time": 247.152,
          "Actual Total Time": 266.229,
          "Actual Rows": 4,
          "Actual Loops": 1,
          "Workers Planned": 3,
          "Workers Launched": 3,
          "Single Copy": false,
          "Plans": [
            {
              "Node Type": "Aggregate",
              "Strategy": "Plain",
              "Partial Mode": "Partial",
              "Parent Relationship": "Outer",
              "Parallel Aware": false,
              "Startup Cost": 77212.63,
              "Total Cost": 77212.64,
              "Plan Rows": 1,
              "Plan Width": 8,
              "Actual Startup Time": 238.039,
              "Actual Total Time": 238.043,
              "Actual Rows": 1,
              "Actual Loops": 4,
              "Plans": [
                {
                  "Node Type": "Hash Join",
                  "Parent Relationship": "Outer",
                  "Parallel Aware": true,
                  "Join Type": "Inner",
                  "Startup Cost": 51690.94,
                  "Total Cost": 77175.32,
                  "Plan Rows": 14923,
                  "Plan Width": 0,
                  "Actual Startup Time": 179.303,
                  "Actual Total Time": 237.877,
                  "Actual Rows": 2132,
                  "Actual Loops": 4,
                  "Inner Unique": true,
                  "Hash Cond": "(mk.movie_id = t.id)",
                  "Plans": [
                    {
                      "Node Type": "Bitmap Heap Scan",
                      "Parent Relationship": "Outer",
                      "Parallel Aware": true,
                      "Relation Name": "movie_keyword",
                      "Alias": "mk",
                      "Startup Cost": 4481.12,
                      "Total Cost": 29786.67,
                      "Plan Rows": 68124,
                      "Plan Width": 4,
                      "Actual Startup Time": 17.151,
                      "Actual Total Time": 59.13,
                      "Actual Rows": 55424,
                      "Actual Loops": 4,
                      "Recheck Cond": "(keyword_id < 174)",
                      "Rows Removed by Index Recheck": 0,
                      "Exact Heap Blocks": 8783,
                      "Lossy Heap Blocks": 0,
                      "Plans": [
                        {
                          "Node Type": "Bitmap Index Scan",
                          "Parent Relationship": "Outer",
                          "Parallel Aware": false,
                          "Index Name": "keyword_id_movie_keyword",
                          "Startup Cost": 0.0,
                          "Total Cost": 4428.32,
                          "Plan Rows": 211185,
                          "Plan Width": 0,
                          "Actual Startup Time": 13.548,
                          "Actual Total Time": 13.549,
                          "Actual Rows": 221698,
                          "Actual Loops": 1,
                          "Index Cond": "(keyword_id < 174)"
                        }
                      ]
                    },
                    {
                      "Node Type": "Hash",
                      "Parent Relationship": "Inner",
                      "Parallel Aware": true,
                      "Startup Cost": 45479.1,
                      "Total Cost": 45479.1,
                      "Plan Rows": 138458,
                      "Plan Width": 4,
                      "Actual Startup Time": 157.08,
                      "Actual Total Time": 157.081,
                      "Actual Rows": 150601,
                      "Actual Loops": 4,
                      "Hash Buckets": 1048576,
                      "Original Hash Buckets": 1048576,
                      "Hash Batches": 1,
                      "Original Hash Batches": 1,
                      "Peak Memory Usage": 31808,
                      "Plans": [
                        {
                          "Node Type": "Seq Scan",
                          "Parent Relationship": "Outer",
                          "Parallel Aware": true,
                          "Relation Name": "title",
                          "Alias": "t",
                          "Startup Cost": 0.0,
                          "Total Cost": 45479.1,
                          "Plan Rows": 138458,
                          "Plan Width": 4,
                          "Actual Startup Time": 0.04,
                          "Actual Total Time": 101.327,
                          "Actual Rows": 150601,
                          "Actual Loops": 4,
                          "Filter": "((production_year > 2006) AND (kind_id = 7))",
                          "Rows Removed by Filter": 481477
                        }
                      ]
                    }
                  ]
                }
              ]
            }
          ]
        }
      ]
    },
    "Planning Time": 0.674,
    "Triggers": [],
    "Execution Time": 266.334
  }
]