[
  {
    "Plan": {
      "Node Type": "Aggregate",
      "Strategy": "Plain",
      "Partial Mode": "Finalize",
      "Parallel Aware": false,
      "Startup Cost": 80355.62,
      "Total Cost": 80355.63,
      "Plan Rows": 1,
      "Plan Width": 8,
      "Actual Startup Time": 501.846,
      "Actual Total Time": 513.98,
      "Actual Rows": 1,
      "Actual Loops": 1,
      "Plans": [
        {
          "Node Type": "Gather",
          "Parent Relationship": "Outer",
          "Parallel Aware": false,
          "Startup Cost": 80355.3,
          "Total Cost": 80355.61,
          "Plan Rows": 3,
          "Plan Width": 8,
          "Actual Startup Time": 497.081,
          "Actual Total Time": 513.97,
          "Actual Rows": 4,
          "Actual Loops": 1,
          "Workers Planned": 3,
          "Workers Launched": 3,
          "Single Copy": false,
          "Plans": [
            {
              "Node Type": "Aggregate",
              "Strategy": "Plain",
              "Partial Mode": "Partial",
              "Parent Relationship": "Outer",
              "Parallel Aware": false,
              "Startup Cost": 79355.3,
              "Total Cost": 79355.31,
              "Plan Rows": 1,
              "Plan Width": 8,
              "Actual Startup Time": 483.875,
              "Actual Total Time": 483.878,
              "Actual Rows": 1,
              "Actual Loops": 4,
              "Plans": [
                {
                  "Node Type": "Hash Join",
                  "Parent Relationship": "Outer",
                  "Parallel Aware": true,
                  "Join Type": "Inner",
                  "Startup Cost": 49001.37,
                  "Total Cost": 78417.26,
                  "Plan Rows": 375215,
                  "Plan Width": 0,
                  "Actual Startup Time": 250.213,
                  "Actual Total Time": 477.551,
                  "Actual Rows": 119144,
                  "Actual Loops": 4,
                  "Inner Unique": true,
                  "Hash Cond": "(mc.movie_id = t.id)",
                  "Plans": [
                    {
                      "Node Type": "Seq Scan",
                      "Parent Relationship": "Outer",
                      "Parallel Aware": true,
                      "Relation Name": "movie_companies",
                      "Alias": "mc",
                      "Startup Cost": 0.0,
                      "Total Cost": 27206.55,
                      "Plan Rows": 841655,
                      "Plan Width": 4,
                      "Actual Startup Time": 0.016,
                      "Actual Total Time": 63.697,
                      "Actual Rows": 652282,
                      "Actual Loops": 4
                    },
                    {
                      "Node Type": "Hash",
                      "Parent Relationship": "Inner",
                      "Parallel Aware": true,
                      "Startup Cost": 45479.1,
                      "Total Cost": 45479.1,
                      "Plan Rows": 281782,
                      "Plan Width": 4,
                      "Actual Startup Time": 242.297,
                      "Actual Total Time": 242.298,
                      "Actual Rows": 305706,
                      "Actual Loops": 4,
                      "Hash Buckets": 2097152,
                      "Original Hash Buckets": 2097152,
                      "Hash Batches": 1,
                      "Original Hash Batches": 1,
                      "Peak Memory Usage": 64288,
                      "Plans": [
                        {
                          "Node Type": "Seq Scan",
                          "Parent Relationship": "Outer",
                          "Parallel Aware": true,
                          "Relation Name": "title",
                          "Alias": "t",
                          "Startup Cost": 0.0,
                          "Total Cost": 45479.1,
                          "Plan Rows": 281782,
                          "Plan Width": 4,
                          "Actual Startup Time": 0.046,
                          "Actual Total Time": 115.288,
                          "Actual Rows": 305706,
                          "Actual Loops": 4,
                          "Filter": "((kind_id > 4) AND (production_year > 1986))",
                          "Rows Removed by Filter": 326372
                        }
                      ]
                    }
                  ]
                }
              ]
            }
          ]
        }
      ]
    },
    "Planning Time": 0.706,
    "Triggers": [],
    "Execution Time": 514.056
  }
]