[
  {
    "Plan": {
      "Node Type": "Aggregate",
      "Strategy": "Plain",
      "Partial Mode": "Simple",
      "Parallel Aware": false,
      "Startup Cost": 713.31,
      "Total Cost": 713.32,
      "Plan Rows": 1,
      "Plan Width": 8,
      "Actual Startup Time": 1.698,
      "Actual Total Time": 1.7,
      "Actual Rows": 1,
      "Actual Loops": 1,
      "Plans": [
        {
          "Node Type": "Nested Loop",
          "Parent Relationship": "Outer",
          "Parallel Aware": false,
          "Join Type": "Inner",
          "Startup Cost": 0.86,
          "Total Cost": 713.23,
          "Plan Rows": 32,
          "Plan Width": 0,
          "Actual Startup Time": 0.881,
          "Actual Total Time": 1.672,
          "Actual Rows": 78,
          "Actual Loops": 1,
          "Inner Unique": true,
          "Plans": [
            {
              "Node Type": "Index Scan",
              "Parent Relationship": "Outer",
              "Parallel Aware": false,
              "Scan Direction": "Forward",
              "Index Name": "company_id_movie_companies",
              "Relation Name": "movie_companies",
              "Alias": "mc",
              "Startup Cost": 0.43,
              "Total Cost": 273.83,
              "Plan Rows": 52,
              "Plan Width": 4,
              "Actual Startup Time": 0.825,
              "Actual Total Time": 0.917,
              "Actual Rows": 92,
              "Actual Loops": 1,
              "Index Cond": "(company_id = 10646)",
              "Rows Removed by Index Recheck": 0,
              "Filter": "(company_type_id > 1)",
              "Rows Removed by Filter": 1
            },
            {
              "Node Type": "Index Scan",
              "Parent Relationship": "Inner",
              "Parallel Aware": false,
              "Scan Direction": "Forward",
              "Index Name": "title_pkey",
              "Relation Name": "title",
              "Alias": "t",
              "Startup Cost": 0.43,
              "Total Cost": 8.45,
              "Plan Rows": 1,
              "Plan Width": 4,
              "Actual Startup Time": 0.007,
              "Actual Total Time": 0.007,
              "Actual Rows": 1,
              "Actual Loops": 92,
              "Index Cond": "(id = mc.movie_id)",
              "Rows Removed by Index Recheck": 0,
              "Filter": "(kind_id = 7)",
              "Rows Removed by Filter": 0
            }
          ]
        }
      ]
    },
    "Planning Time": 0.712,
    "Triggers": [],
    "Execution Time": 1.762
  }
]