[
  {
    "Plan": {
      "Node Type": "Aggregate",
      "Strategy": "Plain",
      "Partial Mode": "Finalize",
      "Parallel Aware": false,
      "Startup Cost": 47253.2,
      "Total Cost": 47253.21,
      "Plan Rows": 1,
      "Plan Width": 8,
      "Actual Startup Time": 118.073,
      "Actual Total Time": 129.858,
      "Actual Rows": 1,
      "Actual Loops": 1,
      "Plans": [
        {
          "Node Type": "Gather",
          "Parent Relationship": "Outer",
          "Parallel Aware": false,
          "Startup Cost": 47252.78,
          "Total Cost": 47253.19,
          "Plan Rows": 4,
          "Plan Width": 8,
          "Actual Startup Time": 117.924,
          "Actual Total Time": 129.849,
          "Actual Rows": 5,
          "Actual Loops": 1,
          "Workers Planned": 4,
          "Workers Launched": 4,
          "Single Copy": false,
          "Plans": [
            {
              "Node Type": "Aggregate",
              "Strategy": "Plain",
              "Partial Mode": "Partial",
              "Parent Relationship": "Outer",
              "Parallel Aware": false,
              "Startup Cost": 46252.78,
              "Total Cost": 46252.79,
              "Plan Rows": 1,
              "Plan Width": 8,
              "Actual Startup Time": 110.215,
              "Actual Total Time": 110.216,
              "Actual Rows": 1,
              "Actual Loops": 5,
              "Plans": [
                {
                  "Node Type": "Seq Scan",
                  "Parent Relationship": "Outer",
                  "Parallel Aware": true,
                  "Relation Name": "title",
                  "Alias": "t",
                  "Startup Cost": 0.0,
                  "Total Cost": 45479.1,
                  "Plan Rows": 309474,
                  "Plan Width": 0,
                  "Actual Startup Time": 0.036,
                  "Actual Total Time": 95.404,
                  "Actual Rows": 270704,
                  "Actual Loops": 5,
                  "Filter": "((kind_id > 1) AND (production_year > 1993))",
                  "Rows Removed by Filter": 234958
                }
              ]
            }
          ]
        }
      ]
    },
    "Planning Time": 0.161,
    "Triggers": [],
    "Execution Time": 129.913
  }
]