[
  {
    "Plan": {
      "Node Type": "Aggregate",
      "Strategy": "Plain",
      "Partial Mode": "Finalize",
      "Parallel Aware": false,
      "Startup Cost": 44946.85,
      "Total Cost": 44946.86,
      "Plan Rows": 1,
      "Plan Width": 8,
      "Actual Startup Time": 116.609,
      "Actual Total Time": 123.346,
      "Actual Rows": 1,
      "Actual Loops": 1,
      "Plans": [
        {
          "Node Type": "Gather",
          "Parent Relationship": "Outer",
          "Parallel Aware": false,
          "Startup Cost": 44946.53,
          "Total Cost": 44946.84,
          "Plan Rows": 3,
          "Plan Width": 8,
          "Actual Startup Time": 116.536,
          "Actual Total Time": 123.341,
          "Actual Rows": 4,
          "Actual Loops": 1,
          "Workers Planned": 3,
          "Workers Launched": 3,
          "Single Copy": false,
          "Plans": [
            {
              "Node Type": "Aggregate",
              "Strategy": "Plain",
              "Partial Mode": "Partial",
              "Parent Relationship": "Outer",
              "Parallel Aware": false,
              "Startup Cost": 43946.53,
              "Total Cost": 43946.54,
              "Plan Rows": 1,
              "Plan Width": 8,
              "Actual Startup Time": 113.801,
              "Actual Total Time": 113.801,
              "Actual Rows": 1,
              "Actual Loops": 4,
              "Plans": [
                {
                  "Node Type": "Seq Scan",
                  "Parent Relationship": "Outer",
                  "Parallel Aware": true,
                  "Relation Name": "movie_keyword",
                  "Alias": "mk",
                  "Startup Cost": 0.0,
                  "Total Cost": 42695.65,
                  "Plan Rows": 500350,
                  "Plan Width": 0,
                  "Actual Startup Time": 0.016,
                  "Actual Total Time": 95.636,
                  "Actual Rows": 388562,
                  "Actual Loops": 4,
                  "Filter": "(keyword_id < 2300)",
                  "Rows Removed by Filter": 742420
                }
              ]
            }
          ]
        }
      ]
    },
    "Planning Time": 0.072,
    "Triggers": [],
    "Execution Time": 123.368
  }
]