[
  {
    "Plan": {
      "Node Type": "Aggregate",
      "Strategy": "Plain",
      "Partial Mode": "Finalize",
      "Parallel Aware": false,
      "Startup Cost": 44935.26,
      "Total Cost": 44935.27,
      "Plan Rows": 1,
      "Plan Width": 8,
      "Actual Startup Time": 146.162,
      "Actual Total Time": 154.271,
      "Actual Rows": 1,
      "Actual Loops": 1,
      "Plans": [
        {
          "Node Type": "Gather",
          "Parent Relationship": "Outer",
          "Parallel Aware": false,
          "Startup Cost": 44934.95,
          "Total Cost": 44935.26,
          "Plan Rows": 3,
          "Plan Width": 8,
          "Actual Startup Time": 146.03,
          "Actual Total Time": 154.261,
          "Actual Rows": 4,
          "Actual Loops": 1,
          "Workers Planned": 3,
          "Workers Launched": 3,
          "Single Copy": false,
          "Plans": [
            {
              "Node Type": "Aggregate",
              "Strategy": "Plain",
              "Partial Mode": "Partial",
              "Parent Relationship": "Outer",
              "Parallel Aware": false,
              "Startup Cost": 43934.95,
              "Total Cost": 43934.96,
              "Plan Rows": 1,
              "Plan Width": 8,
              "Actual Startup Time": 137.801,
              "Actual Total Time": 137.802,
              "Actual Rows": 1,
              "Actual Loops": 4,
              "Plans": [
                {
                  "Node Type": "Seq Scan",
                  "Parent Relationship": "Outer",
                  "Parallel Aware": true,
                  "Relation Name": "movie_keyword",
                  "Alias": "mk",
                  "Startup Cost": 0.0,
                  "Total Cost": 42695.65,
                  "Plan Rows": 495717,
                  "Plan Width": 0,
                  "Actual Startup Time": 0.065,
                  "Actual Total Time": 117.278,
                  "Actual Rows": 388562,
                  "Actual Loops": 4,
                  "Filter": "(keyword_id < 2300)",
                  "Rows Removed by Filter": 742420
                }
              ]
            }
          ]
        }
      ]
    },
    "Planning Time": 0.163,
    "Triggers": [],
    "Execution Time": 154.332
  }
]