{
    "Plan": {
        "Node Type": "Aggregate",
        "Strategy": "Plain",
        "Partial Mode": "Finalize",
        "Parallel Aware": false,
        "Startup Cost": 78938.09,
        "Total Cost": 78938.1,
        "Plan Rows": 1,
        "Plan Width": 8,
        "Actual Startup Time": 205.667,
        "Actual Total Time": 223.159,
        "Actual Rows": 1,
        "Actual Loops": 1,
        "Output": [
            "count(*)"
        ],
        "Plans": [
            {
                "Node Type": "Gather",
                "Parent Relationship": "Outer",
                "Parallel Aware": false,
                "Startup Cost": 78937.67,
                "Total Cost": 78938.08,
                "Plan Rows": 4,
                "Plan Width": 8,
                "Actual Startup Time": 181.162,
                "Actual Total Time": 223.148,
                "Actual Rows": 5,
                "Actual Loops": 1,
                "Output": [
                    "(PARTIAL count(*))"
                ],
                "Workers Planned": 4,
                "Workers Launched": 4,
                "Single Copy": false,
                "Plans": [
                    {
                        "Node Type": "Aggregate",
                        "Strategy": "Plain",
                        "Partial Mode": "Partial",
                        "Parent Relationship": "Outer",
                        "Parallel Aware": false,
                        "Startup Cost": 77937.67,
                        "Total Cost": 77937.68,
                        "Plan Rows": 1,
                        "Plan Width": 8,
                        "Actual Startup Time": 176.881,
                        "Actual Total Time": 176.883,
                        "Actual Rows": 1,
                        "Actual Loops": 5,
                        "Output": [
                            "PARTIAL count(*)"
                        ],
                        "Workers": [
                            {
                                "Worker Number": 0,
                                "Actual Startup Time": 173.72,
                                "Actual Total Time": 173.721,
                                "Actual Rows": 1,
                                "Actual Loops": 1
                            },
                            {
                                "Worker Number": 1,
                                "Actual Startup Time": 168.117,
                                "Actual Total Time": 168.118,
                                "Actual Rows": 1,
                                "Actual Loops": 1
                            },
                            {
                                "Worker Number": 2,
                                "Actual Startup Time": 168.814,
                                "Actual Total Time": 168.816,
                                "Actual Rows": 1,
                                "Actual Loops": 1
                            },
                            {
                                "Worker Number": 3,
                                "Actual Startup Time": 193.437,
                                "Actual Total Time": 193.438,
                                "Actual Rows": 1,
                                "Actual Loops": 1
                            }
                        ],
                        "Plans": [
                            {
                                "Node Type": "Nested Loop",
                                "Parent Relationship": "Outer",
                                "Parallel Aware": false,
                                "Join Type": "Inner",
                                "Startup Cost": 0.87,
                                "Total Cost": 77893.83,
                                "Plan Rows": 17536,
                                "Plan Width": 0,
                                "Actual Startup Time": 3.664,
                                "Actual Total Time": 169.542,
                                "Actual Rows": 170614,
                                "Actual Loops": 5,
                                "Inner Unique": false,
                                "Join Filter": "(t.id = mi.movie_id)",
                                "Rows Removed by Join Filter": 0,
                                "Workers": [
                                    {
                                        "Worker Number": 0,
                                        "Actual Startup Time": 5.872,
                                        "Actual Total Time": 167.322,
                                        "Actual Rows": 149603,
                                        "Actual Loops": 1
                                    },
                                    {
                                        "Worker Number": 1,
                                        "Actual Startup Time": 2.339,
                                        "Actual Total Time": 161.81,
                                        "Actual Rows": 143703,
                                        "Actual Loops": 1
                                    },
                                    {
                                        "Worker Number": 2,
                                        "Actual Startup Time": 7.804,
                                        "Actual Total Time": 164.101,
                                        "Actual Rows": 100703,
                                        "Actual Loops": 1
                                    },
                                    {
                                        "Worker Number": 3,
                                        "Actual Startup Time": 1.217,
                                        "Actual Total Time": 182.512,
                                        "Actual Rows": 254480,
                                        "Actual Loops": 1
                                    }
                                ],
                                "Plans": [
                                    {
                                        "Node Type": "Nested Loop",
                                        "Parent Relationship": "Outer",
                                        "Parallel Aware": false,
                                        "Join Type": "Inner",
                                        "Startup Cost": 0.43,
                                        "Total Cost": 71816.82,
                                        "Plan Rows": 3005,
                                        "Plan Width": 8,
                                        "Actual Startup Time": 3.406,
                                        "Actual Total Time": 97.853,
                                        "Actual Rows": 3027,
                                        "Actual Loops": 5,
                                        "Output": [
                                            "t.id",
                                            "mk.movie_id"
                                        ],
                                        "Inner Unique": false,
                                        "Workers": [
                                            {
                                                "Worker Number": 0,
                                                "Actual Startup Time": 5.574,
                                                "Actual Total Time": 99.057,
                                                "Actual Rows": 2754,
                                                "Actual Loops": 1
                                            },
                                            {
                                                "Worker Number": 1,
                                                "Actual Startup Time": 1.986,
                                                "Actual Total Time": 93.744,
                                                "Actual Rows": 2861,
                                                "Actual Loops": 1
                                            },
                                            {
                                                "Worker Number": 2,
                                                "Actual Startup Time": 7.571,
                                                "Actual Total Time": 102.262,
                                                "Actual Rows": 3052,
                                                "Actual Loops": 1
                                            },
                                            {
                                                "Worker Number": 3,
                                                "Actual Startup Time": 0.888,
                                                "Actual Total Time": 92.306,
                                                "Actual Rows": 2155,
                                                "Actual Loops": 1
                                            }
                                        ],
                                        "Plans": [
                                            {
                                                "Node Type": "Seq Scan",
                                                "Parent Relationship": "Outer",
                                                "Parallel Aware": true,
                                                "Relation Name": "title",
                                                "Schema": "public",
                                                "Alias": "t",
                                                "Startup Cost": 0.0,
                                                "Total Cost": 43899.01,
                                                "Plan Rows": 3666,
                                                "Plan Width": 4,
                                                "Actual Startup Time": 0.14,
                                                "Actual Total Time": 76.195,
                                                "Actual Rows": 2808,
                                                "Actual Loops": 5,
                                                "Output": [
                                                    "t.id",
                                                    "t.title",
                                                    "t.imdb_index",
                                                    "t.kind_id",
                                                    "t.production_year",
                                                    "t.imdb_id",
                                                    "t.phonetic_code",
                                                    "t.episode_of_id",
                                                    "t.season_nr",
                                                    "t.episode_nr",
                                                    "t.series_years",
                                                    "t.md5sum"
                                                ],
                                                "Filter": "(t.production_year = 1977)",
                                                "Rows Removed by Filter": 502855,
                                                "Workers": [
                                                    {
                                                        "Worker Number": 0,
                                                        "Actual Startup Time": 0.264,
                                                        "Actual Total Time": 74.759,
                                                        "Actual Rows": 2562,
                                                        "Actual Loops": 1
                                                    },
                                                    {
                                                        "Worker Number": 1,
                                                        "Actual Startup Time": 0.245,
                                                        "Actual Total Time": 71.158,
                                                        "Actual Rows": 2302,
                                                        "Actual Loops": 1
                                                    },
                                                    {
                                                        "Worker Number": 2,
                                                        "Actual Startup Time": 0.077,
                                                        "Actual Total Time": 77.129,
                                                        "Actual Rows": 2522,
                                                        "Actual Loops": 1
                                                    },
                                                    {
                                                        "Worker Number": 3,
                                                        "Actual Startup Time": 0.088,
                                                        "Actual Total Time": 71.03,
                                                        "Actual Rows": 2222,
                                                        "Actual Loops": 1
                                                    }
                                                ]
                                            },
                                            {
                                                "Node Type": "Index Scan",
                                                "Parent Relationship": "Inner",
                                                "Parallel Aware": false,
                                                "Scan Direction": "Forward",
                                                "Index Name": "movie_id_movie_keyword",
                                                "Relation Name": "movie_keyword",
                                                "Schema": "public",
                                                "Alias": "mk",
                                                "Startup Cost": 0.43,
                                                "Total Cost": 7.41,
                                                "Plan Rows": 21,
                                                "Plan Width": 4,
                                                "Actual Startup Time": 0.007,
                                                "Actual Total Time": 0.007,
                                                "Actual Rows": 1,
                                                "Actual Loops": 14038,
                                                "Output": [
                                                    "mk.id",
                                                    "mk.movie_id",
                                                    "mk.keyword_id"
                                                ],
                                                "Index Cond": "(mk.movie_id = t.id)",
                                                "Rows Removed by Index Recheck": 0,
                                                "Filter": "(mk.keyword_id > 5926)",
                                                "Rows Removed by Filter": 1,
                                                "Workers": [
                                                    {
                                                        "Worker Number": 0,
                                                        "Actual Startup Time": 0.008,
                                                        "Actual Total Time": 0.009,
                                                        "Actual Rows": 1,
                                                        "Actual Loops": 2562
                                                    },
                                                    {
                                                        "Worker Number": 1,
                                                        "Actual Startup Time": 0.009,
                                                        "Actual Total Time": 0.009,
                                                        "Actual Rows": 1,
                                                        "Actual Loops": 2302
                                                    },
                                                    {
                                                        "Worker Number": 2,
                                                        "Actual Startup Time": 0.009,
                                                        "Actual Total Time": 0.009,
                                                        "Actual Rows": 1,
                                                        "Actual Loops": 2522
                                                    },
                                                    {
                                                        "Worker Number": 3,
                                                        "Actual Startup Time": 0.009,
                                                        "Actual Total Time": 0.009,
                                                        "Actual Rows": 1,
                                                        "Actual Loops": 2222
                                                    }
                                                ]
                                            }
                                        ]
                                    },
                                    {
                                        "Node Type": "Index Only Scan",
                                        "Parent Relationship": "Inner",
                                        "Parallel Aware": false,
                                        "Scan Direction": "Forward",
                                        "Index Name": "movie_id_movie_info",
                                        "Relation Name": "movie_info",
                                        "Schema": "public",
                                        "Alias": "mi",
                                        "Startup Cost": 0.43,
                                        "Total Cost": 1.53,
                                        "Plan Rows": 39,
                                        "Plan Width": 4,
                                        "Actual Startup Time": 0.005,
                                        "Actual Total Time": 0.019,
                                        "Actual Rows": 56,
                                        "Actual Loops": 15135,
                                        "Output": [
                                            "mi.movie_id"
                                        ],
                                        "Index Cond": "(mi.movie_id = mk.movie_id)",
                                        "Rows Removed by Index Recheck": 0,
                                        "Heap Fetches": 853069,
                                        "Workers": [
                                            {
                                                "Worker Number": 0,
                                                "Actual Startup Time": 0.005,
                                                "Actual Total Time": 0.02,
                                                "Actual Rows": 54,
                                                "Actual Loops": 2754
                                            },
                                            {
                                                "Worker Number": 1,
                                                "Actual Startup Time": 0.005,
                                                "Actual Total Time": 0.019,
                                                "Actual Rows": 50,
                                                "Actual Loops": 2861
                                            },
                                            {
                                                "Worker Number": 2,
                                                "Actual Startup Time": 0.005,
                                                "Actual Total Time": 0.017,
                                                "Actual Rows": 33,
                                                "Actual Loops": 3052
                                            },
                                            {
                                                "Worker Number": 3,
                                                "Actual Startup Time": 0.006,
                                                "Actual Total Time": 0.032,
                                                "Actual Rows": 118,
                                                "Actual Loops": 2155
                                            }
                                        ]
                                    }
                                ]
                            }
                        ]
                    }
                ]
            }
        ]
    },
    "Planning Time": 1.496,
    "Triggers": [],
    "Execution Time": 223.256
}