[
  {
    "Plan": {
      "Node Type": "Aggregate",
      "Strategy": "Plain",
      "Partial Mode": "Finalize",
      "Parallel Aware": false,
      "Startup Cost": 416481.99,
      "Total Cost": 416482.0,
      "Plan Rows": 1,
      "Plan Width": 8,
      "Actual Startup Time": 5990.58,
      "Actual Total Time": 6082.842,
      "Actual Rows": 1,
      "Actual Loops": 1,
      "Plans": [
        {
          "Node Type": "Gather",
          "Parent Relationship": "Outer",
          "Parallel Aware": false,
          "Startup Cost": 416481.67,
          "Total Cost": 416481.98,
          "Plan Rows": 3,
          "Plan Width": 8,
          "Actual Startup Time": 5988.541,
          "Actual Total Time": 6082.832,
          "Actual Rows": 4,
          "Actual Loops": 1,
          "Workers Planned": 3,
          "Workers Launched": 3,
          "Single Copy": false,
          "Plans": [
            {
              "Node Type": "Aggregate",
              "Strategy": "Plain",
              "Partial Mode": "Partial",
              "Parent Relationship": "Outer",
              "Parallel Aware": false,
              "Startup Cost": 415481.67,
              "Total Cost": 415481.68,
              "Plan Rows": 1,
              "Plan Width": 8,
              "Actual Startup Time": 5979.526,
              "Actual Total Time": 5979.53,
              "Actual Rows": 1,
              "Actual Loops": 4,
              "Plans": [
                {
                  "Node Type": "Nested Loop",
                  "Parent Relationship": "Outer",
                  "Parallel Aware": false,
                  "Join Type": "Inner",
                  "Startup Cost": 47309.63,
                  "Total Cost": 414611.83,
                  "Plan Rows": 347936,
                  "Plan Width": 0,
                  "Actual Startup Time": 148.865,
                  "Actual Total Time": 5808.145,
                  "Actual Rows": 3917135,
                  "Actual Loops": 4,
                  "Inner Unique": false,
                  "Join Filter": "(t.id = ci.movie_id)",
                  "Rows Removed by Join Filter": 0,
                  "Plans": [
                    {
                      "Node Type": "Hash Join",
                      "Parent Relationship": "Outer",
                      "Parallel Aware": true,
                      "Join Type": "Inner",
                      "Startup Cost": 47309.06,
                      "Total Cost": 91610.3,
                      "Plan Rows": 141667,
                      "Plan Width": 8,
                      "Actual Startup Time": 148.646,
                      "Actual Total Time": 330.846,
                      "Actual Rows": 184440,
                      "Actual Loops": 4,
                      "Inner Unique": true,
                      "Hash Cond": "(mk.movie_id = t.id)",
                      "Plans": [
                        {
                          "Node Type": "Seq Scan",
                          "Parent Relationship": "Outer",
                          "Parallel Aware": true,
                          "Relation Name": "movie_keyword",
                          "Alias": "mk",
                          "Startup Cost": 0.0,
                          "Total Cost": 42695.65,
                          "Plan Rows": 611650,
                          "Plan Width": 4,
                          "Actual Startup Time": 0.417,
                          "Actual Total Time": 100.699,
                          "Actual Rows": 474081,
                          "Actual Loops": 4,
                          "Filter": "(keyword_id > 7137)",
                          "Rows Removed by Filter": 656902
                        },
                        {
                          "Node Type": "Hash",
                          "Parent Relationship": "Inner",
                          "Parallel Aware": true,
                          "Startup Cost": 45479.1,
                          "Total Cost": 45479.1,
                          "Plan Rows": 146397,
                          "Plan Width": 4,
                          "Actual Startup Time": 143.405,
                          "Actual Total Time": 143.405,
                          "Actual Rows": 123240,
                          "Actual Loops": 4,
                          "Hash Buckets": 1048576,
                          "Original Hash Buckets": 1048576,
                          "Hash Batches": 1,
                          "Original Hash Batches": 1,
                          "Peak Memory Usage": 27552,
                          "Plans": [
                            {
                              "Node Type": "Seq Scan",
                              "Parent Relationship": "Outer",
                              "Parallel Aware": true,
                              "Relation Name": "title",
                              "Alias": "t",
                              "Startup Cost": 0.0,
                              "Total Cost": 45479.1,
                              "Plan Rows": 146397,
                              "Plan Width": 4,
                              "Actual Startup Time": 0.043,
                              "Actual Total Time": 98.302,
                              "Actual Rows": 123240,
                              "Actual Loops": 4,
                              "Filter": "((kind_id < 7) AND (production_year > 1998))",
                              "Rows Removed by Filter": 508838
                            }
                          ]
                        }
                      ]
                    },
                    {
                      "Node Type": "Index Scan",
                      "Parent Relationship": "Inner",
                      "Parallel Aware": false,
                      "Scan Direction": "Forward",
                      "Index Name": "movie_id_cast_info",
                      "Relation Name": "cast_info",
                      "Alias": "ci",
                      "Startup Cost": 0.56,
                      "Total Cost": 2.21,
                      "Plan Rows": 6,
                      "Plan Width": 4,
                      "Actual Startup Time": 0.015,
                      "Actual Total Time": 0.028,
                      "Actual Rows": 21,
                      "Actual Loops": 737759,
                      "Index Cond": "(movie_id = mk.movie_id)",
                      "Rows Removed by Index Recheck": 0,
                      "Filter": "((person_id > 2765228) AND (role_id > 1))",
                      "Rows Removed by Filter": 42
                    }
                  ]
                }
              ]
            }
          ]
        }
      ]
    },
    "Planning Time": 1.416,
    "Triggers": [],
    "Execution Time": 6082.951
  }
]