[
  {
    "Plan": {
      "Node Type": "Aggregate",
      "Strategy": "Plain",
      "Partial Mode": "Finalize",
      "Parallel Aware": false,
      "Startup Cost": 356107.63,
      "Total Cost": 356107.64,
      "Plan Rows": 1,
      "Plan Width": 8,
      "Actual Startup Time": 1048.841,
      "Actual Total Time": 1094.279,
      "Actual Rows": 1,
      "Actual Loops": 1,
      "Plans": [
        {
          "Node Type": "Gather",
          "Parent Relationship": "Outer",
          "Parallel Aware": false,
          "Startup Cost": 356107.01,
          "Total Cost": 356107.61,
          "Plan Rows": 6,
          "Plan Width": 8,
          "Actual Startup Time": 1048.66,
          "Actual Total Time": 1094.262,
          "Actual Rows": 7,
          "Actual Loops": 1,
          "Workers Planned": 6,
          "Workers Launched": 6,
          "Single Copy": false,
          "Plans": [
            {
              "Node Type": "Aggregate",
              "Strategy": "Plain",
              "Partial Mode": "Partial",
              "Parent Relationship": "Outer",
              "Parallel Aware": false,
              "Startup Cost": 355107.01,
              "Total Cost": 355107.02,
              "Plan Rows": 1,
              "Plan Width": 8,
              "Actual Startup Time": 1041.613,
              "Actual Total Time": 1041.614,
              "Actual Rows": 1,
              "Actual Loops": 7,
              "Plans": [
                {
                  "Node Type": "Seq Scan",
                  "Parent Relationship": "Outer",
                  "Parallel Aware": true,
                  "Relation Name": "cast_info",
                  "Alias": "ci",
                  "Startup Cost": 0.0,
                  "Total Cost": 343316.27,
                  "Plan Rows": 4716294,
                  "Plan Width": 0,
                  "Actual Startup Time": 52.343,
                  "Actual Total Time": 823.036,
                  "Actual Rows": 3986754,
                  "Actual Loops": 7,
                  "Filter": "((person_id > 265071) AND (role_id < 9))",
                  "Rows Removed by Filter": 1191010
                }
              ]
            }
          ]
        }
      ]
    },
    "Planning Time": 0.118,
    "Triggers": [],
    "Execution Time": 1094.326
  }
]