{
    "Plan": {
        "Node Type": "Aggregate",
        "Strategy": "Plain",
        "Partial Mode": "Finalize",
        "Parallel Aware": false,
        "Startup Cost": 844792.04,
        "Total Cost": 844792.05,
        "Plan Rows": 1,
        "Plan Width": 8,
        "Actual Startup Time": 4924.649,
        "Actual Total Time": 5055.833,
        "Actual Rows": 1,
        "Actual Loops": 1,
        "Output": [
            "count(*)"
        ],
        "Plans": [
            {
                "Node Type": "Gather",
                "Parent Relationship": "Outer",
                "Parallel Aware": false,
                "Startup Cost": 844791.62,
                "Total Cost": 844792.03,
                "Plan Rows": 4,
                "Plan Width": 8,
                "Actual Startup Time": 4824.864,
                "Actual Total Time": 5055.815,
                "Actual Rows": 5,
                "Actual Loops": 1,
                "Output": [
                    "(PARTIAL count(*))"
                ],
                "Workers Planned": 4,
                "Workers Launched": 4,
                "Single Copy": false,
                "Plans": [
                    {
                        "Node Type": "Aggregate",
                        "Strategy": "Plain",
                        "Partial Mode": "Partial",
                        "Parent Relationship": "Outer",
                        "Parallel Aware": false,
                        "Startup Cost": 843791.62,
                        "Total Cost": 843791.63,
                        "Plan Rows": 1,
                        "Plan Width": 8,
                        "Actual Startup Time": 4765.718,
                        "Actual Total Time": 4765.725,
                        "Actual Rows": 1,
                        "Actual Loops": 5,
                        "Output": [
                            "PARTIAL count(*)"
                        ],
                        "Workers": [
                            {
                                "Worker Number": 0,
                                "Actual Startup Time": 4747.826,
                                "Actual Total Time": 4747.831,
                                "Actual Rows": 1,
                                "Actual Loops": 1
                            },
                            {
                                "Worker Number": 1,
                                "Actual Startup Time": 4761.637,
                                "Actual Total Time": 4761.643,
                                "Actual Rows": 1,
                                "Actual Loops": 1
                            },
                            {
                                "Worker Number": 2,
                                "Actual Startup Time": 4747.843,
                                "Actual Total Time": 4747.849,
                                "Actual Rows": 1,
                                "Actual Loops": 1
                            },
                            {
                                "Worker Number": 3,
                                "Actual Startup Time": 4747.854,
                                "Actual Total Time": 4747.86,
                                "Actual Rows": 1,
                                "Actual Loops": 1
                            }
                        ],
                        "Plans": [
                            {
                                "Node Type": "Hash Join",
                                "Parent Relationship": "Outer",
                                "Parallel Aware": true,
                                "Join Type": "Inner",
                                "Startup Cost": 803754.01,
                                "Total Cost": 843263.08,
                                "Plan Rows": 211416,
                                "Plan Width": 0,
                                "Actual Startup Time": 4337.357,
                                "Actual Total Time": 4731.067,
                                "Actual Rows": 657469,
                                "Actual Loops": 5,
                                "Inner Unique": false,
                                "Hash Cond": "(t.id = ci.movie_id)",
                                "Workers": [
                                    {
                                        "Worker Number": 0,
                                        "Actual Startup Time": 4322.278,
                                        "Actual Total Time": 4708.105,
                                        "Actual Rows": 630951,
                                        "Actual Loops": 1
                                    },
                                    {
                                        "Worker Number": 1,
                                        "Actual Startup Time": 4322.095,
                                        "Actual Total Time": 4722.151,
                                        "Actual Rows": 639867,
                                        "Actual Loops": 1
                                    },
                                    {
                                        "Worker Number": 2,
                                        "Actual Startup Time": 4322.252,
                                        "Actual Total Time": 4714.774,
                                        "Actual Rows": 530530,
                                        "Actual Loops": 1
                                    },
                                    {
                                        "Worker Number": 3,
                                        "Actual Startup Time": 4322.262,
                                        "Actual Total Time": 4719.375,
                                        "Actual Rows": 674783,
                                        "Actual Loops": 1
                                    }
                                ],
                                "Plans": [
                                    {
                                        "Node Type": "Hash Join",
                                        "Parent Relationship": "Outer",
                                        "Parallel Aware": true,
                                        "Join Type": "Inner",
                                        "Startup Cost": 33142.67,
                                        "Total Cost": 71994.9,
                                        "Plan Rows": 30446,
                                        "Plan Width": 8,
                                        "Actual Startup Time": 111.06,
                                        "Actual Total Time": 215.056,
                                        "Actual Rows": 41976,
                                        "Actual Loops": 5,
                                        "Output": [
                                            "t.id",
                                            "mi_idx.movie_id"
                                        ],
                                        "Inner Unique": false,
                                        "Hash Cond": "(t.id = mi_idx.movie_id)",
                                        "Workers": [
                                            {
                                                "Worker Number": 0,
                                                "Actual Startup Time": 111.061,
                                                "Actual Total Time": 216.232,
                                                "Actual Rows": 40464,
                                                "Actual Loops": 1
                                            },
                                            {
                                                "Worker Number": 1,
                                                "Actual Startup Time": 110.954,
                                                "Actual Total Time": 217.186,
                                                "Actual Rows": 40733,
                                                "Actual Loops": 1
                                            },
                                            {
                                                "Worker Number": 2,
                                                "Actual Startup Time": 111.015,
                                                "Actual Total Time": 214.597,
                                                "Actual Rows": 34039,
                                                "Actual Loops": 1
                                            },
                                            {
                                                "Worker Number": 3,
                                                "Actual Startup Time": 111.103,
                                                "Actual Total Time": 214.424,
                                                "Actual Rows": 42859,
                                                "Actual Loops": 1
                                            }
                                        ],
                                        "Plans": [
                                            {
                                                "Node Type": "Bitmap Heap Scan",
                                                "Parent Relationship": "Outer",
                                                "Parallel Aware": true,
                                                "Relation Name": "title",
                                                "Schema": "public",
                                                "Alias": "t",
                                                "Startup Cost": 12135.42,
                                                "Total Cost": 50231.4,
                                                "Plan Rows": 167838,
                                                "Plan Width": 4,
                                                "Actual Startup Time": 33.998,
                                                "Actual Total Time": 73.836,
                                                "Actual Rows": 132565,
                                                "Actual Loops": 5,
                                                "Output": [
                                                    "t.id",
                                                    "t.title",
                                                    "t.imdb_index",
                                                    "t.kind_id",
                                                    "t.production_year",
                                                    "t.imdb_id",
                                                    "t.phonetic_code",
                                                    "t.episode_of_id",
                                                    "t.season_nr",
                                                    "t.episode_nr",
                                                    "t.series_years",
                                                    "t.md5sum"
                                                ],
                                                "Recheck Cond": "(t.kind_id = 1)",
                                                "Rows Removed by Index Recheck": 0,
                                                "Exact Heap Blocks": 3105,
                                                "Lossy Heap Blocks": 0,
                                                "Workers": [
                                                    {
                                                        "Worker Number": 0,
                                                        "Actual Startup Time": 34.039,
                                                        "Actual Total Time": 75.915,
                                                        "Actual Rows": 127711,
                                                        "Actual Loops": 1
                                                    },
                                                    {
                                                        "Worker Number": 1,
                                                        "Actual Startup Time": 33.912,
                                                        "Actual Total Time": 75.876,
                                                        "Actual Rows": 129479,
                                                        "Actual Loops": 1
                                                    },
                                                    {
                                                        "Worker Number": 2,
                                                        "Actual Startup Time": 34.108,
                                                        "Actual Total Time": 74.052,
                                                        "Actual Rows": 108309,
                                                        "Actual Loops": 1
                                                    },
                                                    {
                                                        "Worker Number": 3,
                                                        "Actual Startup Time": 34.041,
                                                        "Actual Total Time": 71.823,
                                                        "Actual Rows": 135508,
                                                        "Actual Loops": 1
                                                    }
                                                ],
                                                "Plans": [
                                                    {
                                                        "Node Type": "Bitmap Index Scan",
                                                        "Parent Relationship": "Outer",
                                                        "Parallel Aware": false,
                                                        "Index Name": "kind_id_title",
                                                        "Startup Cost": 0.0,
                                                        "Total Cost": 11967.58,
                                                        "Plan Rows": 671354,
                                                        "Plan Width": 0,
                                                        "Actual Startup Time": 31.045,
                                                        "Actual Total Time": 31.046,
                                                        "Actual Rows": 662825,
                                                        "Actual Loops": 1,
                                                        "Index Cond": "(t.kind_id = 1)",
                                                        "Workers": [
                                                            {
                                                                "Worker Number": 1,
                                                                "Actual Startup Time": 31.045,
                                                                "Actual Total Time": 31.046,
                                                                "Actual Rows": 662825,
                                                                "Actual Loops": 1
                                                            }
                                                        ]
                                                    }
                                                ]
                                            },
                                            {
                                                "Node Type": "Hash",
                                                "Parent Relationship": "Inner",
                                                "Parallel Aware": true,
                                                "Startup Cost": 18618.53,
                                                "Total Cost": 18618.53,
                                                "Plan Rows": 191097,
                                                "Plan Width": 4,
                                                "Actual Startup Time": 76.479,
                                                "Actual Total Time": 76.48,
                                                "Actual Rows": 91985,
                                                "Actual Loops": 5,
                                                "Output": [
                                                    "mi_idx.movie_id"
                                                ],
                                                "Hash Buckets": 524288,
                                                "Original Hash Buckets": 524288,
                                                "Hash Batches": 1,
                                                "Original Hash Batches": 1,
                                                "Peak Memory Usage": 22176,
                                                "Workers": [
                                                    {
                                                        "Worker Number": 0,
                                                        "Actual Startup Time": 76.769,
                                                        "Actual Total Time": 76.77,
                                                        "Actual Rows": 84466,
                                                        "Actual Loops": 1
                                                    },
                                                    {
                                                        "Worker Number": 1,
                                                        "Actual Startup Time": 76.872,
                                                        "Actual Total Time": 76.874,
                                                        "Actual Rows": 84370,
                                                        "Actual Loops": 1
                                                    },
                                                    {
                                                        "Worker Number": 2,
                                                        "Actual Startup Time": 76.764,
                                                        "Actual Total Time": 76.765,
                                                        "Actual Rows": 75373,
                                                        "Actual Loops": 1
                                                    },
                                                    {
                                                        "Worker Number": 3,
                                                        "Actual Startup Time": 76.887,
                                                        "Actual Total Time": 76.888,
                                                        "Actual Rows": 90608,
                                                        "Actual Loops": 1
                                                    }
                                                ],
                                                "Plans": [
                                                    {
                                                        "Node Type": "Bitmap Heap Scan",
                                                        "Parent Relationship": "Outer",
                                                        "Parallel Aware": true,
                                                        "Relation Name": "movie_info_idx",
                                                        "Schema": "public",
                                                        "Alias": "mi_idx",
                                                        "Startup Cost": 8294.83,
                                                        "Total Cost": 18618.53,
                                                        "Plan Rows": 191097,
                                                        "Plan Width": 4,
                                                        "Actual Startup Time": 20.578,
                                                        "Actual Total Time": 47.396,
                                                        "Actual Rows": 91985,
                                                        "Actual Loops": 5,
                                                        "Output": [
                                                            "mi_idx.movie_id"
                                                        ],
                                                        "Recheck Cond": "(mi_idx.info_type_id = 101)",
                                                        "Rows Removed by Index Recheck": 0,
                                                        "Exact Heap Blocks": 2158,
                                                        "Lossy Heap Blocks": 0,
                                                        "Workers": [
                                                            {
                                                                "Worker Number": 0,
                                                                "Actual Startup Time": 20.613,
                                                                "Actual Total Time": 47.518,
                                                                "Actual Rows": 84466,
                                                                "Actual Loops": 1
                                                            },
                                                            {
                                                                "Worker Number": 1,
                                                                "Actual Startup Time": 20.608,
                                                                "Actual Total Time": 47.76,
                                                                "Actual Rows": 84370,
                                                                "Actual Loops": 1
                                                            },
                                                            {
                                                                "Worker Number": 2,
                                                                "Actual Startup Time": 20.649,
                                                                "Actual Total Time": 47.851,
                                                                "Actual Rows": 75373,
                                                                "Actual Loops": 1
                                                            },
                                                            {
                                                                "Worker Number": 3,
                                                                "Actual Startup Time": 20.551,
                                                                "Actual Total Time": 47.456,
                                                                "Actual Rows": 90608,
                                                                "Actual Loops": 1
                                                            }
                                                        ],
                                                        "Plans": [
                                                            {
                                                                "Node Type": "Bitmap Index Scan",
                                                                "Parent Relationship": "Outer",
                                                                "Parallel Aware": false,
                                                                "Index Name": "info_type_id_movie_info_idx",
                                                                "Startup Cost": 0.0,
                                                                "Total Cost": 8180.17,
                                                                "Plan Rows": 458632,
                                                                "Plan Width": 0,
                                                                "Actual Startup Time": 19.338,
                                                                "Actual Total Time": 19.338,
                                                                "Actual Rows": 459925,
                                                                "Actual Loops": 1,
                                                                "Index Cond": "(mi_idx.info_type_id = 101)"
                                                            }
                                                        ]
                                                    }
                                                ]
                                            }
                                        ]
                                    },
                                    {
                                        "Node Type": "Hash",
                                        "Parent Relationship": "Inner",
                                        "Parallel Aware": true,
                                        "Startup Cost": 734034.59,
                                        "Total Cost": 734034.59,
                                        "Plan Rows": 2926140,
                                        "Plan Width": 4,
                                        "Actual Startup Time": 4188.543,
                                        "Actual Total Time": 4188.544,
                                        "Actual Rows": 4196679,
                                        "Actual Loops": 5,
                                        "Output": [
                                            "ci.movie_id"
                                        ],
                                        "Hash Buckets": 33554432,
                                        "Original Hash Buckets": 33554432,
                                        "Hash Batches": 1,
                                        "Original Hash Batches": 1,
                                        "Peak Memory Usage": 1083104,
                                        "Workers": [
                                            {
                                                "Worker Number": 0,
                                                "Actual Startup Time": 4210.541,
                                                "Actual Total Time": 4210.541,
                                                "Actual Rows": 3820397,
                                                "Actual Loops": 1
                                            },
                                            {
                                                "Worker Number": 1,
                                                "Actual Startup Time": 4210.7,
                                                "Actual Total Time": 4210.701,
                                                "Actual Rows": 3828101,
                                                "Actual Loops": 1
                                            },
                                            {
                                                "Worker Number": 2,
                                                "Actual Startup Time": 4210.623,
                                                "Actual Total Time": 4210.623,
                                                "Actual Rows": 3527485,
                                                "Actual Loops": 1
                                            },
                                            {
                                                "Worker Number": 3,
                                                "Actual Startup Time": 4210.658,
                                                "Actual Total Time": 4210.659,
                                                "Actual Rows": 4551598,
                                                "Actual Loops": 1
                                            }
                                        ],
                                        "Plans": [
                                            {
                                                "Node Type": "Bitmap Heap Scan",
                                                "Parent Relationship": "Outer",
                                                "Parallel Aware": true,
                                                "Relation Name": "cast_info",
                                                "Schema": "public",
                                                "Alias": "ci",
                                                "Startup Cost": 422624.14,
                                                "Total Cost": 734034.59,
                                                "Plan Rows": 2926140,
                                                "Plan Width": 4,
                                                "Actual Startup Time": 836.806,
                                                "Actual Total Time": 1935.963,
                                                "Actual Rows": 4196679,
                                                "Actual Loops": 5,
                                                "Output": [
                                                    "ci.movie_id"
                                                ],
                                                "Recheck Cond": "(ci.role_id > 1)",
                                                "Rows Removed by Index Recheck": 0,
                                                "Filter": "(ci.person_id > 906550)",
                                                "Rows Removed by Filter": 518052,
                                                "Exact Heap Blocks": 42244,
                                                "Lossy Heap Blocks": 0,
                                                "Workers": [
                                                    {
                                                        "Worker Number": 0,
                                                        "Actual Startup Time": 836.798,
                                                        "Actual Total Time": 1975.624,
                                                        "Actual Rows": 3820397,
                                                        "Actual Loops": 1
                                                    },
                                                    {
                                                        "Worker Number": 1,
                                                        "Actual Startup Time": 836.876,
                                                        "Actual Total Time": 1968.67,
                                                        "Actual Rows": 3828101,
                                                        "Actual Loops": 1
                                                    },
                                                    {
                                                        "Worker Number": 2,
                                                        "Actual Startup Time": 836.907,
                                                        "Actual Total Time": 1940.609,
                                                        "Actual Rows": 3527485,
                                                        "Actual Loops": 1
                                                    },
                                                    {
                                                        "Worker Number": 3,
                                                        "Actual Startup Time": 836.789,
                                                        "Actual Total Time": 1889.267,
                                                        "Actual Rows": 4551598,
                                                        "Actual Loops": 1
                                                    }
                                                ],
                                                "Plans": [
                                                    {
                                                        "Node Type": "Bitmap Index Scan",
                                                        "Parent Relationship": "Outer",
                                                        "Parallel Aware": false,
                                                        "Index Name": "role_id_cast_info",
                                                        "Startup Cost": 0.0,
                                                        "Total Cost": 418234.93,
                                                        "Plan Rows": 23489382,
                                                        "Plan Width": 0,
                                                        "Actual Startup Time": 804.062,
                                                        "Actual Total Time": 804.063,
                                                        "Actual Rows": 23573656,
                                                        "Actual Loops": 1,
                                                        "Index Cond": "(ci.role_id > 1)"
                                                    }
                                                ]
                                            }
                                        ]
                                    }
                                ]
                            }
                        ]
                    }
                ]
            }
        ]
    },
    "Planning Time": 4.162,
    "Triggers": [],
    "Execution Time": 5056.454
}