[
  {
    "Plan": {
      "Node Type": "Aggregate",
      "Strategy": "Plain",
      "Partial Mode": "Simple",
      "Parallel Aware": false,
      "Startup Cost": 17663.04,
      "Total Cost": 17663.05,
      "Plan Rows": 1,
      "Plan Width": 8,
      "Actual Startup Time": 21.379,
      "Actual Total Time": 21.382,
      "Actual Rows": 1,
      "Actual Loops": 1,
      "Plans": [
        {
          "Node Type": "Bitmap Heap Scan",
          "Parent Relationship": "Outer",
          "Parallel Aware": false,
          "Relation Name": "movie_companies",
          "Alias": "mc",
          "Startup Cost": 253.26,
          "Total Cost": 17648.8,
          "Plan Rows": 5698,
          "Plan Width": 0,
          "Actual Startup Time": 4.504,
          "Actual Total Time": 19.469,
          "Actual Rows": 12787,
          "Actual Loops": 1,
          "Recheck Cond": "(company_id = 34)",
          "Rows Removed by Index Recheck": 0,
          "Filter": "(company_type_id < 2)",
          "Rows Removed by Filter": 107,
          "Exact Heap Blocks": 3822,
          "Lossy Heap Blocks": 0,
          "Plans": [
            {
              "Node Type": "Bitmap Index Scan",
              "Parent Relationship": "Outer",
              "Parallel Aware": false,
              "Index Name": "company_id_movie_companies",
              "Startup Cost": 0.0,
              "Total Cost": 251.84,
              "Plan Rows": 11654,
              "Plan Width": 0,
              "Actual Startup Time": 2.745,
              "Actual Total Time": 2.746,
              "Actual Rows": 12894,
              "Actual Loops": 1,
              "Index Cond": "(company_id = 34)"
            }
          ]
        }
      ]
    },
    "Planning Time": 0.223,
    "Triggers": [],
    "Execution Time": 21.452
  }
]