{
    "Plan": {
        "Node Type": "Aggregate",
        "Strategy": "Plain",
        "Partial Mode": "Finalize",
        "Parallel Aware": false,
        "Startup Cost": 482697.19,
        "Total Cost": 482697.2,
        "Plan Rows": 1,
        "Plan Width": 8,
        "Actual Startup Time": 1448.953,
        "Actual Total Time": 1480.928,
        "Actual Rows": 1,
        "Actual Loops": 1,
        "Output": [
            "count(*)"
        ],
        "Plans": [
            {
                "Node Type": "Gather",
                "Parent Relationship": "Outer",
                "Parallel Aware": false,
                "Startup Cost": 482696.57,
                "Total Cost": 482697.18,
                "Plan Rows": 6,
                "Plan Width": 8,
                "Actual Startup Time": 1433.619,
                "Actual Total Time": 1480.918,
                "Actual Rows": 7,
                "Actual Loops": 1,
                "Output": [
                    "(PARTIAL count(*))"
                ],
                "Workers Planned": 6,
                "Workers Launched": 6,
                "Single Copy": false,
                "Plans": [
                    {
                        "Node Type": "Aggregate",
                        "Strategy": "Plain",
                        "Partial Mode": "Partial",
                        "Parent Relationship": "Outer",
                        "Parallel Aware": false,
                        "Startup Cost": 481696.57,
                        "Total Cost": 481696.58,
                        "Plan Rows": 1,
                        "Plan Width": 8,
                        "Actual Startup Time": 1418.428,
                        "Actual Total Time": 1418.432,
                        "Actual Rows": 1,
                        "Actual Loops": 7,
                        "Output": [
                            "PARTIAL count(*)"
                        ],
                        "Workers": [
                            {
                                "Worker Number": 0,
                                "Actual Startup Time": 1416.072,
                                "Actual Total Time": 1416.077,
                                "Actual Rows": 1,
                                "Actual Loops": 1
                            },
                            {
                                "Worker Number": 1,
                                "Actual Startup Time": 1415.945,
                                "Actual Total Time": 1415.948,
                                "Actual Rows": 1,
                                "Actual Loops": 1
                            },
                            {
                                "Worker Number": 2,
                                "Actual Startup Time": 1416.091,
                                "Actual Total Time": 1416.096,
                                "Actual Rows": 1,
                                "Actual Loops": 1
                            },
                            {
                                "Worker Number": 3,
                                "Actual Startup Time": 1416.1,
                                "Actual Total Time": 1416.103,
                                "Actual Rows": 1,
                                "Actual Loops": 1
                            },
                            {
                                "Worker Number": 4,
                                "Actual Startup Time": 1416.153,
                                "Actual Total Time": 1416.157,
                                "Actual Rows": 1,
                                "Actual Loops": 1
                            },
                            {
                                "Worker Number": 5,
                                "Actual Startup Time": 1416.189,
                                "Actual Total Time": 1416.192,
                                "Actual Rows": 1,
                                "Actual Loops": 1
                            }
                        ],
                        "Plans": [
                            {
                                "Node Type": "Hash Join",
                                "Parent Relationship": "Outer",
                                "Parallel Aware": true,
                                "Join Type": "Inner",
                                "Startup Cost": 208273.83,
                                "Total Cost": 479807.91,
                                "Plan Rows": 755462,
                                "Plan Width": 0,
                                "Actual Startup Time": 661.352,
                                "Actual Total Time": 1378.429,
                                "Actual Rows": 657390,
                                "Actual Loops": 7,
                                "Inner Unique": true,
                                "Hash Cond": "(ci.movie_id = t.id)",
                                "Workers": [
                                    {
                                        "Worker Number": 0,
                                        "Actual Startup Time": 660.26,
                                        "Actual Total Time": 1376.909,
                                        "Actual Rows": 606532,
                                        "Actual Loops": 1
                                    },
                                    {
                                        "Worker Number": 1,
                                        "Actual Startup Time": 658.645,
                                        "Actual Total Time": 1381.656,
                                        "Actual Rows": 864261,
                                        "Actual Loops": 1
                                    },
                                    {
                                        "Worker Number": 2,
                                        "Actual Startup Time": 658.673,
                                        "Actual Total Time": 1376.765,
                                        "Actual Rows": 610155,
                                        "Actual Loops": 1
                                    },
                                    {
                                        "Worker Number": 3,
                                        "Actual Startup Time": 658.394,
                                        "Actual Total Time": 1376.713,
                                        "Actual Rows": 617032,
                                        "Actual Loops": 1
                                    },
                                    {
                                        "Worker Number": 4,
                                        "Actual Startup Time": 659.769,
                                        "Actual Total Time": 1376.694,
                                        "Actual Rows": 591350,
                                        "Actual Loops": 1
                                    },
                                    {
                                        "Worker Number": 5,
                                        "Actual Startup Time": 658.7,
                                        "Actual Total Time": 1373.501,
                                        "Actual Rows": 661219,
                                        "Actual Loops": 1
                                    }
                                ],
                                "Plans": [
                                    {
                                        "Node Type": "Bitmap Heap Scan",
                                        "Parent Relationship": "Outer",
                                        "Parallel Aware": true,
                                        "Relation Name": "cast_info",
                                        "Schema": "public",
                                        "Alias": "ci",
                                        "Startup Cost": 134991.68,
                                        "Total Cost": 403254.79,
                                        "Plan Rows": 1246088,
                                        "Plan Width": 4,
                                        "Actual Startup Time": 361.217,
                                        "Actual Total Time": 577.523,
                                        "Actual Rows": 1064568,
                                        "Actual Loops": 7,
                                        "Output": [
                                            "ci.id",
                                            "ci.person_id",
                                            "ci.movie_id",
                                            "ci.person_role_id",
                                            "ci.note",
                                            "ci.nr_order",
                                            "ci.role_id"
                                        ],
                                        "Recheck Cond": "(ci.role_id = 2)",
                                        "Rows Removed by Index Recheck": 0,
                                        "Exact Heap Blocks": 6948,
                                        "Lossy Heap Blocks": 0,
                                        "Workers": [
                                            {
                                                "Worker Number": 0,
                                                "Actual Startup Time": 361.968,
                                                "Actual Total Time": 576.527,
                                                "Actual Rows": 980495,
                                                "Actual Loops": 1
                                            },
                                            {
                                                "Worker Number": 1,
                                                "Actual Startup Time": 360.846,
                                                "Actual Total Time": 572.056,
                                                "Actual Rows": 1400407,
                                                "Actual Loops": 1
                                            },
                                            {
                                                "Worker Number": 2,
                                                "Actual Startup Time": 360.718,
                                                "Actual Total Time": 575.875,
                                                "Actual Rows": 989879,
                                                "Actual Loops": 1
                                            },
                                            {
                                                "Worker Number": 3,
                                                "Actual Startup Time": 360.562,
                                                "Actual Total Time": 576.067,
                                                "Actual Rows": 999503,
                                                "Actual Loops": 1
                                            },
                                            {
                                                "Worker Number": 4,
                                                "Actual Startup Time": 361.781,
                                                "Actual Total Time": 577.996,
                                                "Actual Rows": 954287,
                                                "Actual Loops": 1
                                            },
                                            {
                                                "Worker Number": 5,
                                                "Actual Startup Time": 360.777,
                                                "Actual Total Time": 582.448,
                                                "Actual Rows": 1072988,
                                                "Actual Loops": 1
                                            }
                                        ],
                                        "Plans": [
                                            {
                                                "Node Type": "Bitmap Index Scan",
                                                "Parent Relationship": "Outer",
                                                "Parallel Aware": false,
                                                "Index Name": "role_id_cast_info",
                                                "Startup Cost": 0.0,
                                                "Total Cost": 133122.55,
                                                "Plan Rows": 7476531,
                                                "Plan Width": 0,
                                                "Actual Startup Time": 348.092,
                                                "Actual Total Time": 348.092,
                                                "Actual Rows": 7451973,
                                                "Actual Loops": 1,
                                                "Index Cond": "(ci.role_id = 2)",
                                                "Workers": [
                                                    {
                                                        "Worker Number": 3,
                                                        "Actual Startup Time": 348.092,
                                                        "Actual Total Time": 348.092,
                                                        "Actual Rows": 7451973,
                                                        "Actual Loops": 1
                                                    }
                                                ]
                                            }
                                        ]
                                    },
                                    {
                                        "Node Type": "Hash",
                                        "Parent Relationship": "Inner",
                                        "Parallel Aware": true,
                                        "Startup Cost": 68492.03,
                                        "Total Cost": 68492.03,
                                        "Plan Rows": 383209,
                                        "Plan Width": 4,
                                        "Actual Startup Time": 295.998,
                                        "Actual Total Time": 296.0,
                                        "Actual Rows": 220466,
                                        "Actual Loops": 7,
                                        "Output": [
                                            "t.id"
                                        ],
                                        "Hash Buckets": 2097152,
                                        "Original Hash Buckets": 2097152,
                                        "Hash Batches": 1,
                                        "Original Hash Batches": 1,
                                        "Peak Memory Usage": 76864,
                                        "Workers": [
                                            {
                                                "Worker Number": 0,
                                                "Actual Startup Time": 297.302,
                                                "Actual Total Time": 297.303,
                                                "Actual Rows": 197929,
                                                "Actual Loops": 1
                                            },
                                            {
                                                "Worker Number": 1,
                                                "Actual Startup Time": 297.133,
                                                "Actual Total Time": 297.134,
                                                "Actual Rows": 209114,
                                                "Actual Loops": 1
                                            },
                                            {
                                                "Worker Number": 2,
                                                "Actual Startup Time": 297.292,
                                                "Actual Total Time": 297.294,
                                                "Actual Rows": 197799,
                                                "Actual Loops": 1
                                            },
                                            {
                                                "Worker Number": 3,
                                                "Actual Startup Time": 297.426,
                                                "Actual Total Time": 297.427,
                                                "Actual Rows": 198068,
                                                "Actual Loops": 1
                                            },
                                            {
                                                "Worker Number": 4,
                                                "Actual Startup Time": 297.353,
                                                "Actual Total Time": 297.354,
                                                "Actual Rows": 277546,
                                                "Actual Loops": 1
                                            },
                                            {
                                                "Worker Number": 5,
                                                "Actual Startup Time": 297.488,
                                                "Actual Total Time": 297.489,
                                                "Actual Rows": 213865,
                                                "Actual Loops": 1
                                            }
                                        ],
                                        "Plans": [
                                            {
                                                "Node Type": "Bitmap Heap Scan",
                                                "Parent Relationship": "Outer",
                                                "Parallel Aware": true,
                                                "Relation Name": "title",
                                                "Schema": "public",
                                                "Alias": "t",
                                                "Startup Cost": 27703.92,
                                                "Total Cost": 68492.03,
                                                "Plan Rows": 383209,
                                                "Plan Width": 4,
                                                "Actual Startup Time": 86.602,
                                                "Actual Total Time": 175.023,
                                                "Actual Rows": 220466,
                                                "Actual Loops": 7,
                                                "Output": [
                                                    "t.id"
                                                ],
                                                "Recheck Cond": "(t.kind_id = 7)",
                                                "Rows Removed by Index Recheck": 0,
                                                "Exact Heap Blocks": 3974,
                                                "Lossy Heap Blocks": 0,
                                                "Workers": [
                                                    {
                                                        "Worker Number": 0,
                                                        "Actual Startup Time": 86.739,
                                                        "Actual Total Time": 175.421,
                                                        "Actual Rows": 197929,
                                                        "Actual Loops": 1
                                                    },
                                                    {
                                                        "Worker Number": 1,
                                                        "Actual Startup Time": 86.528,
                                                        "Actual Total Time": 175.549,
                                                        "Actual Rows": 209114,
                                                        "Actual Loops": 1
                                                    },
                                                    {
                                                        "Worker Number": 2,
                                                        "Actual Startup Time": 86.587,
                                                        "Actual Total Time": 175.31,
                                                        "Actual Rows": 197799,
                                                        "Actual Loops": 1
                                                    },
                                                    {
                                                        "Worker Number": 3,
                                                        "Actual Startup Time": 86.941,
                                                        "Actual Total Time": 175.706,
                                                        "Actual Rows": 198068,
                                                        "Actual Loops": 1
                                                    },
                                                    {
                                                        "Worker Number": 4,
                                                        "Actual Startup Time": 86.666,
                                                        "Actual Total Time": 172.912,
                                                        "Actual Rows": 277546,
                                                        "Actual Loops": 1
                                                    },
                                                    {
                                                        "Worker Number": 5,
                                                        "Actual Startup Time": 86.467,
                                                        "Actual Total Time": 176.228,
                                                        "Actual Rows": 213865,
                                                        "Actual Loops": 1
                                                    }
                                                ],
                                                "Plans": [
                                                    {
                                                        "Node Type": "Bitmap Index Scan",
                                                        "Parent Relationship": "Outer",
                                                        "Parallel Aware": false,
                                                        "Index Name": "kind_id_title",
                                                        "Startup Cost": 0.0,
                                                        "Total Cost": 27320.71,
                                                        "Plan Rows": 1532837,
                                                        "Plan Width": 0,
                                                        "Actual Startup Time": 80.443,
                                                        "Actual Total Time": 80.444,
                                                        "Actual Rows": 1543264,
                                                        "Actual Loops": 1,
                                                        "Index Cond": "(t.kind_id = 7)"
                                                    }
                                                ]
                                            }
                                        ]
                                    }
                                ]
                            }
                        ]
                    }
                ]
            }
        ]
    },
    "Planning Time": 2.551,
    "Triggers": [],
    "Execution Time": 1481.344
}