{
  "Plan": {
    "Node Type": "Aggregate",
    "Strategy": "Plain",
    "Partial Mode": "Finalize",
    "Parallel Aware": false,
    "Startup Cost": 2789698.96,
    "Total Cost": 2789698.97,
    "Plan Rows": 1,
    "Plan Width": 8,
    "Actual Startup Time": 29071.056,
    "Actual Total Time": 29190.121,
    "Actual Rows": 1,
    "Actual Loops": 1,
    "Plans": [
      {
        "Node Type": "Gather",
        "Parent Relationship": "Outer",
        "Parallel Aware": false,
        "Startup Cost": 2789698.84,
        "Total Cost": 2789698.95,
        "Plan Rows": 1,
        "Plan Width": 8,
        "Actual Startup Time": 29070.996,
        "Actual Total Time": 29190.113,
        "Actual Rows": 2,
        "Actual Loops": 1,
        "Workers Planned": 1,
        "Workers Launched": 1,
        "Single Copy": false,
        "Plans": [
          {
            "Node Type": "Aggregate",
            "Strategy": "Plain",
            "Partial Mode": "Partial",
            "Parent Relationship": "Outer",
            "Parallel Aware": false,
            "Startup Cost": 2788698.84,
            "Total Cost": 2788698.85,
            "Plan Rows": 1,
            "Plan Width": 8,
            "Actual Startup Time": 29064.953,
            "Actual Total Time": 29064.955,
            "Actual Rows": 1,
            "Actual Loops": 2,
            "Plans": [
              {
                "Node Type": "Merge Join",
                "Parent Relationship": "Outer",
                "Parallel Aware": false,
                "Join Type": "Inner",
                "Startup Cost": 57.56,
                "Total Cost": 2728575.89,
                "Plan Rows": 24049183,
                "Plan Width": 0,
                "Actual Startup Time": 4.735,
                "Actual Total Time": 26354.665,
                "Actual Rows": 68407036,
                "Actual Loops": 2,
                "Inner Unique": false,
                "Merge Cond": "(ci.movie_id = t.id)",
                "Plans": [
                  {
                    "Node Type": "Index Scan",
                    "Parent Relationship": "Outer",
                    "Parallel Aware": true,
                    "Scan Direction": "Forward",
                    "Index Name": "movie_id_cast_info",
                    "Relation Name": "cast_info",
                    "Alias": "ci",
                    "Startup Cost": 0.56,
                    "Total Cost": 1978621.64,
                    "Plan Rows": 13971936,
                    "Plan Width": 4,
                    "Actual Startup Time": 0.346,
                    "Actual Total Time": 13879.104,
                    "Actual Rows": 11786822,
                    "Actual Loops": 2,
                    "Filter": "(role_id > 1)",
                    "Rows Removed by Filter": 6335344
                  },
                  {
                    "Node Type": "Materialize",
                    "Parent Relationship": "Inner",
                    "Parallel Aware": false,
                    "Startup Cost": 14.34,
                    "Total Cost": 365513.74,
                    "Plan Rows": 4351822,
                    "Plan Width": 8,
                    "Actual Startup Time": 0.216,
                    "Actual Total Time": 5817.184,
                    "Actual Rows": 70694488,
                    "Actual Loops": 2,
                    "Plans": [
                      {
                        "Node Type": "Merge Join",
                        "Parent Relationship": "Outer",
                        "Parallel Aware": false,
                        "Join Type": "Inner",
                        "Startup Cost": 14.34,
                        "Total Cost": 354634.19,
                        "Plan Rows": 4351822,
                        "Plan Width": 8,
                        "Actual Startup Time": 0.207,
                        "Actual Total Time": 2981.6,
                        "Actual Rows": 4491604,
                        "Actual Loops": 2,
                        "Inner Unique": true,
                        "Merge Cond": "(mk.movie_id = t.id)",
                        "Plans": [
                          {
                            "Node Type": "Index Only Scan",
                            "Parent Relationship": "Outer",
                            "Parallel Aware": false,
                            "Scan Direction": "Forward",
                            "Index Name": "movie_id_movie_keyword",
                            "Relation Name": "movie_keyword",
                            "Alias": "mk",
                            "Startup Cost": 0.43,
                            "Total Cost": 177188.06,
                            "Plan Rows": 4523930,
                            "Plan Width": 4,
                            "Actual Startup Time": 0.11,
                            "Actual Total Time": 850.467,
                            "Actual Rows": 4523929,
                            "Actual Loops": 2,
                            "Heap Fetches": 9047858
                          },
                          {
                            "Node Type": "Index Scan",
                            "Parent Relationship": "Inner",
                            "Parallel Aware": false,
                            "Scan Direction": "Forward",
                            "Index Name": "title_pkey",
                            "Relation Name": "title",
                            "Alias": "t",
                            "Startup Cost": 0.43,
                            "Total Cost": 116660.7,
                            "Plan Rows": 2432107,
                            "Plan Width": 4,
                            "Actual Startup Time": 0.077,
                            "Actual Total Time": 1535.488,
                            "Actual Rows": 2425972,
                            "Actual Loops": 2,
                            "Filter": "(production_year > 1910)",
                            "Rows Removed by Filter": 99999
                          }
                        ]
                      }
                    ]
                  }
                ]
              }
            ]
          }
        ]
      }
    ]
  },
  "Planning Time": 0.99,
  "Triggers": [],
  "Execution Time": 29190.237
}