{
  "Plan": {
    "Node Type": "Aggregate",
    "Strategy": "Plain",
    "Partial Mode": "Finalize",
    "Parallel Aware": false,
    "Startup Cost": 669751.13,
    "Total Cost": 669751.14,
    "Plan Rows": 1,
    "Plan Width": 8,
    "Actual Startup Time": 5259.599,
    "Actual Total Time": 5329.329,
    "Actual Rows": 1,
    "Actual Loops": 1,
    "Plans": [
      {
        "Node Type": "Gather",
        "Parent Relationship": "Outer",
        "Parallel Aware": false,
        "Startup Cost": 669751.01,
        "Total Cost": 669751.12,
        "Plan Rows": 1,
        "Plan Width": 8,
        "Actual Startup Time": 5242.791,
        "Actual Total Time": 5329.319,
        "Actual Rows": 2,
        "Actual Loops": 1,
        "Workers Planned": 1,
        "Workers Launched": 1,
        "Single Copy": false,
        "Plans": [
          {
            "Node Type": "Aggregate",
            "Strategy": "Plain",
            "Partial Mode": "Partial",
            "Parent Relationship": "Outer",
            "Parallel Aware": false,
            "Startup Cost": 668751.01,
            "Total Cost": 668751.02,
            "Plan Rows": 1,
            "Plan Width": 8,
            "Actual Startup Time": 5224.546,
            "Actual Total Time": 5225.638,
            "Actual Rows": 1,
            "Actual Loops": 2,
            "Plans": [
              {
                "Node Type": "Hash Join",
                "Parent Relationship": "Outer",
                "Parallel Aware": true,
                "Join Type": "Inner",
                "Startup Cost": 576773.1,
                "Total Cost": 661129.14,
                "Plan Rows": 3048750,
                "Plan Width": 0,
                "Actual Startup Time": 3725.53,
                "Actual Total Time": 4829.645,
                "Actual Rows": 9969786,
                "Actual Loops": 2,
                "Inner Unique": false,
                "Hash Cond": "(mk.movie_id = t.id)",
                "Plans": [
                  {
                    "Node Type": "Seq Scan",
                    "Parent Relationship": "Outer",
                    "Parallel Aware": true,
                    "Relation Name": "movie_keyword",
                    "Alias": "mk",
                    "Startup Cost": 0.0,
                    "Total Cost": 57718.19,
                    "Plan Rows": 1160537,
                    "Plan Width": 4,
                    "Actual Startup Time": 0.019,
                    "Actual Total Time": 179.338,
                    "Actual Rows": 990934,
                    "Actual Loops": 2,
                    "Filter": "(keyword_id < 3501)",
                    "Rows Removed by Filter": 1271032
                  },
                  {
                    "Node Type": "Hash",
                    "Parent Relationship": "Inner",
                    "Parallel Aware": true,
                    "Startup Cost": 527935.84,
                    "Total Cost": 527935.84,
                    "Plan Rows": 3906981,
                    "Plan Width": 8,
                    "Actual Startup Time": 3691.567,
                    "Actual Total Time": 3692.656,
                    "Actual Rows": 3241798,
                    "Actual Loops": 2,
                    "Hash Buckets": 8388608,
                    "Original Hash Buckets": 8388608,
                    "Hash Batches": 1,
                    "Original Hash Batches": 1,
                    "Peak Memory Usage": 319200,
                    "Plans": [
                      {
                        "Node Type": "Hash Join",
                        "Parent Relationship": "Outer",
                        "Parallel Aware": true,
                        "Join Type": "Inner",
                        "Startup Cost": 216155.73,
                        "Total Cost": 527935.84,
                        "Plan Rows": 3906981,
                        "Plan Width": 8,
                        "Actual Startup Time": 799.886,
                        "Actual Total Time": 2690.671,
                        "Actual Rows": 3241798,
                        "Actual Loops": 2,
                        "Inner Unique": true,
                        "Hash Cond": "(ci.movie_id = t.id)",
                        "Plans": [
                          {
                            "Node Type": "Bitmap Heap Scan",
                            "Parent Relationship": "Outer",
                            "Parallel Aware": true,
                            "Relation Name": "cast_info",
                            "Alias": "ci",
                            "Startup Cost": 146695.03,
                            "Total Cost": 448219.29,
                            "Plan Rows": 3906981,
                            "Plan Width": 4,
                            "Actual Startup Time": 271.352,
                            "Actual Total Time": 645.527,
                            "Actual Rows": 3241798,
                            "Actual Loops": 2,
                            "Recheck Cond": "(person_id > 3008403)",
                            "Rows Removed by Index Recheck": 0,
                            "Exact Heap Blocks": 42530,
                            "Lossy Heap Blocks": 0,
                            "Plans": [
                              {
                                "Node Type": "Bitmap Index Scan",
                                "Parent Relationship": "Outer",
                                "Parallel Aware": false,
                                "Index Name": "person_id_cast_info",
                                "Startup Cost": 0.0,
                                "Total Cost": 145034.57,
                                "Plan Rows": 6641867,
                                "Plan Width": 0,
                                "Actual Startup Time": 256.877,
                                "Actual Total Time": 256.877,
                                "Actual Rows": 6483595,
                                "Actual Loops": 1,
                                "Index Cond": "(person_id > 3008403)"
                              }
                            ]
                          },
                          {
                            "Node Type": "Hash",
                            "Parent Relationship": "Inner",
                            "Parallel Aware": true,
                            "Startup Cost": 50870.31,
                            "Total Cost": 50870.31,
                            "Plan Rows": 1487231,
                            "Plan Width": 4,
                            "Actual Startup Time": 516.364,
                            "Actual Total Time": 516.365,
                            "Actual Rows": 1264156,
                            "Actual Loops": 2,
                            "Hash Buckets": 4194304,
                            "Original Hash Buckets": 4194304,
                            "Hash Batches": 1,
                            "Original Hash Batches": 1,
                            "Peak Memory Usage": 131712,
                            "Plans": [
                              {
                                "Node Type": "Seq Scan",
                                "Parent Relationship": "Outer",
                                "Parallel Aware": true,
                                "Relation Name": "title",
                                "Alias": "t",
                                "Startup Cost": 0.0,
                                "Total Cost": 50870.31,
                                "Plan Rows": 1487231,
                                "Plan Width": 4,
                                "Actual Startup Time": 0.027,
                                "Actual Total Time": 151.241,
                                "Actual Rows": 1264156,
                                "Actual Loops": 2
                              }
                            ]
                          }
                        ]
                      }
                    ]
                  }
                ]
              }
            ]
          }
        ]
      }
    ]
  },
  "Planning Time": 1.061,
  "Triggers": [],
  "Execution Time": 5329.437
}