{
  "Plan": {
    "Node Type": "Aggregate",
    "Strategy": "Plain",
    "Partial Mode": "Simple",
    "Parallel Aware": false,
    "Startup Cost": 3192.37,
    "Total Cost": 3192.38,
    "Plan Rows": 1,
    "Plan Width": 8,
    "Actual Startup Time": 2.203,
    "Actual Total Time": 2.207,
    "Actual Rows": 1,
    "Actual Loops": 1,
    "Plans": [
      {
        "Node Type": "Nested Loop",
        "Parent Relationship": "Outer",
        "Parallel Aware": false,
        "Join Type": "Inner",
        "Startup Cost": 7.22,
        "Total Cost": 3191.76,
        "Plan Rows": 244,
        "Plan Width": 0,
        "Actual Startup Time": 0.293,
        "Actual Total Time": 2.115,
        "Actual Rows": 445,
        "Actual Loops": 1,
        "Inner Unique": false,
        "Plans": [
          {
            "Node Type": "Nested Loop",
            "Parent Relationship": "Outer",
            "Parallel Aware": false,
            "Join Type": "Inner",
            "Startup Cost": 6.78,
            "Total Cost": 3006.58,
            "Plan Rows": 65,
            "Plan Width": 8,
            "Actual Startup Time": 0.256,
            "Actual Total Time": 0.508,
            "Actual Rows": 13,
            "Actual Loops": 1,
            "Inner Unique": true,
            "Plans": [
              {
                "Node Type": "Bitmap Heap Scan",
                "Parent Relationship": "Outer",
                "Parallel Aware": false,
                "Relation Name": "movie_keyword",
                "Alias": "mk",
                "Startup Cost": 6.35,
                "Total Cost": 922.98,
                "Plan Rows": 248,
                "Plan Width": 4,
                "Actual Startup Time": 0.085,
                "Actual Total Time": 0.185,
                "Actual Rows": 21,
                "Actual Loops": 1,
                "Recheck Cond": "(keyword_id = 44359)",
                "Rows Removed by Index Recheck": 0,
                "Exact Heap Blocks": 20,
                "Lossy Heap Blocks": 0,
                "Plans": [
                  {
                    "Node Type": "Bitmap Index Scan",
                    "Parent Relationship": "Outer",
                    "Parallel Aware": false,
                    "Index Name": "keyword_id_movie_keyword",
                    "Startup Cost": 0.0,
                    "Total Cost": 6.29,
                    "Plan Rows": 248,
                    "Plan Width": 0,
                    "Actual Startup Time": 0.068,
                    "Actual Total Time": 0.069,
                    "Actual Rows": 21,
                    "Actual Loops": 1,
                    "Index Cond": "(keyword_id = 44359)"
                  }
                ]
              },
              {
                "Node Type": "Index Scan",
                "Parent Relationship": "Inner",
                "Parallel Aware": false,
                "Scan Direction": "Forward",
                "Index Name": "title_pkey",
                "Relation Name": "title",
                "Alias": "t",
                "Startup Cost": 0.43,
                "Total Cost": 8.4,
                "Plan Rows": 1,
                "Plan Width": 4,
                "Actual Startup Time": 0.014,
                "Actual Total Time": 0.014,
                "Actual Rows": 1,
                "Actual Loops": 21,
                "Index Cond": "(id = mk.movie_id)",
                "Rows Removed by Index Recheck": 0,
                "Filter": "(kind_id = 1)",
                "Rows Removed by Filter": 0
              }
            ]
          },
          {
            "Node Type": "Index Scan",
            "Parent Relationship": "Inner",
            "Parallel Aware": false,
            "Scan Direction": "Forward",
            "Index Name": "movie_id_movie_info",
            "Relation Name": "movie_info",
            "Alias": "mi",
            "Startup Cost": 0.43,
            "Total Cost": 2.58,
            "Plan Rows": 27,
            "Plan Width": 4,
            "Actual Startup Time": 0.026,
            "Actual Total Time": 0.112,
            "Actual Rows": 34,
            "Actual Loops": 13,
            "Index Cond": "(movie_id = t.id)",
            "Rows Removed by Index Recheck": 0,
            "Filter": "(info_type_id < 16)",
            "Rows Removed by Filter": 49
          }
        ]
      }
    ]
  },
  "Planning Time": 1.035,
  "Triggers": [],
  "Execution Time": 2.302
}