[
  {
    "Plan": {
      "Node Type": "Aggregate",
      "Strategy": "Plain",
      "Partial Mode": "Simple",
      "Parallel Aware": false,
      "Startup Cost": 15880.62,
      "Total Cost": 15880.63,
      "Plan Rows": 1,
      "Plan Width": 8,
      "Actual Startup Time": 16.672,
      "Actual Total Time": 16.674,
      "Actual Rows": 1,
      "Actual Loops": 1,
      "Plans": [
        {
          "Node Type": "Bitmap Heap Scan",
          "Parent Relationship": "Outer",
          "Parallel Aware": false,
          "Relation Name": "movie_keyword",
          "Alias": "mk",
          "Startup Cost": 156.53,
          "Total Cost": 15862.52,
          "Plan Rows": 7238,
          "Plan Width": 0,
          "Actual Startup Time": 4.037,
          "Actual Total Time": 15.838,
          "Actual Rows": 5403,
          "Actual Loops": 1,
          "Recheck Cond": "(keyword_id = 107)",
          "Rows Removed by Index Recheck": 0,
          "Exact Heap Blocks": 4769,
          "Lossy Heap Blocks": 0,
          "Plans": [
            {
              "Node Type": "Bitmap Index Scan",
              "Parent Relationship": "Outer",
              "Parallel Aware": false,
              "Index Name": "keyword_id_movie_keyword",
              "Startup Cost": 0.0,
              "Total Cost": 154.72,
              "Plan Rows": 7238,
              "Plan Width": 0,
              "Actual Startup Time": 1.892,
              "Actual Total Time": 1.892,
              "Actual Rows": 5403,
              "Actual Loops": 1,
              "Index Cond": "(keyword_id = 107)"
            }
          ]
        }
      ]
    },
    "Planning Time": 0.146,
    "Triggers": [],
    "Execution Time": 16.733
  }
]