[
  {
    "Plan": {
      "Node Type": "Aggregate",
      "Strategy": "Plain",
      "Partial Mode": "Finalize",
      "Parallel Aware": false,
      "Startup Cost": 45485.42,
      "Total Cost": 45485.43,
      "Plan Rows": 1,
      "Plan Width": 8,
      "Actual Startup Time": 135.229,
      "Actual Total Time": 143.106,
      "Actual Rows": 1,
      "Actual Loops": 1,
      "Plans": [
        {
          "Node Type": "Gather",
          "Parent Relationship": "Outer",
          "Parallel Aware": false,
          "Startup Cost": 45485.1,
          "Total Cost": 45485.41,
          "Plan Rows": 3,
          "Plan Width": 8,
          "Actual Startup Time": 135.103,
          "Actual Total Time": 143.097,
          "Actual Rows": 4,
          "Actual Loops": 1,
          "Workers Planned": 3,
          "Workers Launched": 3,
          "Single Copy": false,
          "Plans": [
            {
              "Node Type": "Aggregate",
              "Strategy": "Plain",
              "Partial Mode": "Partial",
              "Parent Relationship": "Outer",
              "Parallel Aware": false,
              "Startup Cost": 44485.1,
              "Total Cost": 44485.11,
              "Plan Rows": 1,
              "Plan Width": 8,
              "Actual Startup Time": 131.684,
              "Actual Total Time": 131.686,
              "Actual Rows": 1,
              "Actual Loops": 4,
              "Plans": [
                {
                  "Node Type": "Seq Scan",
                  "Parent Relationship": "Outer",
                  "Parallel Aware": true,
                  "Relation Name": "movie_keyword",
                  "Alias": "mk",
                  "Startup Cost": 0.0,
                  "Total Cost": 42695.65,
                  "Plan Rows": 715780,
                  "Plan Width": 0,
                  "Actual Startup Time": 0.034,
                  "Actual Total Time": 106.364,
                  "Actual Rows": 558902,
                  "Actual Loops": 4,
                  "Filter": "(keyword_id < 4606)",
                  "Rows Removed by Filter": 572080
                }
              ]
            }
          ]
        }
      ]
    },
    "Planning Time": 0.169,
    "Triggers": [],
    "Execution Time": 143.164
  }
]