[
  {
    "Plan": {
      "Node Type": "Aggregate",
      "Strategy": "Plain",
      "Partial Mode": "Finalize",
      "Parallel Aware": false,
      "Startup Cost": 294388.7,
      "Total Cost": 294388.71,
      "Plan Rows": 1,
      "Plan Width": 8,
      "Actual Startup Time": 1129.982,
      "Actual Total Time": 1179.129,
      "Actual Rows": 1,
      "Actual Loops": 1,
      "Plans": [
        {
          "Node Type": "Gather",
          "Parent Relationship": "Outer",
          "Parallel Aware": false,
          "Startup Cost": 294388.18,
          "Total Cost": 294388.69,
          "Plan Rows": 5,
          "Plan Width": 8,
          "Actual Startup Time": 1100.542,
          "Actual Total Time": 1179.117,
          "Actual Rows": 6,
          "Actual Loops": 1,
          "Workers Planned": 5,
          "Workers Launched": 5,
          "Single Copy": false,
          "Plans": [
            {
              "Node Type": "Aggregate",
              "Strategy": "Plain",
              "Partial Mode": "Partial",
              "Parent Relationship": "Outer",
              "Parallel Aware": false,
              "Startup Cost": 293388.18,
              "Total Cost": 293388.19,
              "Plan Rows": 1,
              "Plan Width": 8,
              "Actual Startup Time": 1089.497,
              "Actual Total Time": 1089.504,
              "Actual Rows": 1,
              "Actual Loops": 6,
              "Plans": [
                {
                  "Node Type": "Hash Join",
                  "Parent Relationship": "Outer",
                  "Parallel Aware": true,
                  "Join Type": "Inner",
                  "Startup Cost": 88420.08,
                  "Total Cost": 292820.76,
                  "Plan Rows": 226969,
                  "Plan Width": 0,
                  "Actual Startup Time": 429.718,
                  "Actual Total Time": 1008.387,
                  "Actual Rows": 2089424,
                  "Actual Loops": 6,
                  "Inner Unique": false,
                  "Hash Cond": "(mi.movie_id = t.id)",
                  "Plans": [
                    {
                      "Node Type": "Seq Scan",
                      "Parent Relationship": "Outer",
                      "Parallel Aware": true,
                      "Relation Name": "movie_info",
                      "Alias": "mi",
                      "Startup Cost": 0.0,
                      "Total Cost": 198952.16,
                      "Plan Rows": 1257696,
                      "Plan Width": 4,
                      "Actual Startup Time": 15.228,
                      "Actual Total Time": 299.28,
                      "Actual Rows": 1037249,
                      "Actual Loops": 6,
                      "Filter": "(info_type_id > 8)",
                      "Rows Removed by Filter": 1435371
                    },
                    {
                      "Node Type": "Hash",
                      "Parent Relationship": "Inner",
                      "Parallel Aware": true,
                      "Startup Cost": 86580.29,
                      "Total Cost": 86580.29,
                      "Plan Rows": 147183,
                      "Plan Width": 8,
                      "Actual Startup Time": 412.025,
                      "Actual Total Time": 412.029,
                      "Actual Rows": 78758,
                      "Actual Loops": 6,
                      "Hash Buckets": 524288,
                      "Original Hash Buckets": 524288,
                      "Hash Batches": 1,
                      "Original Hash Batches": 1,
                      "Peak Memory Usage": 22720,
                      "Plans": [
                        {
                          "Node Type": "Hash Join",
                          "Parent Relationship": "Outer",
                          "Parallel Aware": true,
                          "Join Type": "Inner",
                          "Startup Cost": 59900.15,
                          "Total Cost": 86580.29,
                          "Plan Rows": 147183,
                          "Plan Width": 8,
                          "Actual Startup Time": 300.746,
                          "Actual Total Time": 382.79,
                          "Actual Rows": 78758,
                          "Actual Loops": 6,
                          "Inner Unique": true,
                          "Hash Cond": "(mk.movie_id = t.id)",
                          "Plans": [
                            {
                              "Node Type": "Bitmap Heap Scan",
                              "Parent Relationship": "Outer",
                              "Parallel Aware": true,
                              "Relation Name": "movie_keyword",
                              "Alias": "mk",
                              "Startup Cost": 9680.5,
                              "Total Cost": 35974.29,
                              "Plan Rows": 147183,
                              "Plan Width": 4,
                              "Actual Startup Time": 31.314,
                              "Actual Total Time": 75.659,
                              "Actual Rows": 78758,
                              "Actual Loops": 6,
                              "Recheck Cond": "(keyword_id < 359)",
                              "Rows Removed by Index Recheck": 0,
                              "Exact Heap Blocks": 5067,
                              "Lossy Heap Blocks": 0,
                              "Plans": [
                                {
                                  "Node Type": "Bitmap Index Scan",
                                  "Parent Relationship": "Outer",
                                  "Parallel Aware": false,
                                  "Index Name": "keyword_id_movie_keyword",
                                  "Startup Cost": 0.0,
                                  "Total Cost": 9566.44,
                                  "Plan Rows": 456267,
                                  "Plan Width": 0,
                                  "Actual Startup Time": 27.412,
                                  "Actual Total Time": 27.412,
                                  "Actual Rows": 472545,
                                  "Actual Loops": 1,
                                  "Index Cond": "(keyword_id < 359)"
                                }
                              ]
                            },
                            {
                              "Node Type": "Hash",
                              "Parent Relationship": "Inner",
                              "Parallel Aware": true,
                              "Startup Cost": 42318.73,
                              "Total Cost": 42318.73,
                              "Plan Rows": 632073,
                              "Plan Width": 4,
                              "Actual Startup Time": 263.761,
                              "Actual Total Time": 263.762,
                              "Actual Rows": 421385,
                              "Actual Loops": 6,
                              "Hash Buckets": 4194304,
                              "Original Hash Buckets": 4194304,
                              "Hash Batches": 1,
                              "Original Hash Batches": 1,
                              "Peak Memory Usage": 131744,
                              "Plans": [
                                {
                                  "Node Type": "Seq Scan",
                                  "Parent Relationship": "Outer",
                                  "Parallel Aware": true,
                                  "Relation Name": "title",
                                  "Alias": "t",
                                  "Startup Cost": 0.0,
                                  "Total Cost": 42318.73,
                                  "Plan Rows": 632073,
                                  "Plan Width": 4,
                                  "Actual Startup Time": 0.046,
                                  "Actual Total Time": 74.468,
                                  "Actual Rows": 421385,
                                  "Actual Loops": 6
                                }
                              ]
                            }
                          ]
                        }
                      ]
                    }
                  ]
                }
              ]
            }
          ]
        }
      ]
    },
    "Planning Time": 1.36,
    "Triggers": [],
    "Execution Time": 1179.259
  }
]