[
  {
    "Plan": {
      "Node Type": "Aggregate",
      "Strategy": "Plain",
      "Partial Mode": "Finalize",
      "Parallel Aware": false,
      "Startup Cost": 349267.99,
      "Total Cost": 349268.0,
      "Plan Rows": 1,
      "Plan Width": 8,
      "Actual Startup Time": 743.327,
      "Actual Total Time": 798.281,
      "Actual Rows": 1,
      "Actual Loops": 1,
      "Plans": [
        {
          "Node Type": "Gather",
          "Parent Relationship": "Outer",
          "Parallel Aware": false,
          "Startup Cost": 349267.37,
          "Total Cost": 349267.98,
          "Plan Rows": 6,
          "Plan Width": 8,
          "Actual Startup Time": 743.185,
          "Actual Total Time": 798.27,
          "Actual Rows": 7,
          "Actual Loops": 1,
          "Workers Planned": 6,
          "Workers Launched": 6,
          "Single Copy": false,
          "Plans": [
            {
              "Node Type": "Aggregate",
              "Strategy": "Plain",
              "Partial Mode": "Partial",
              "Parent Relationship": "Outer",
              "Parallel Aware": false,
              "Startup Cost": 348267.37,
              "Total Cost": 348267.38,
              "Plan Rows": 1,
              "Plan Width": 8,
              "Actual Startup Time": 735.609,
              "Actual Total Time": 735.61,
              "Actual Rows": 1,
              "Actual Loops": 7,
              "Plans": [
                {
                  "Node Type": "Seq Scan",
                  "Parent Relationship": "Outer",
                  "Parallel Aware": true,
                  "Relation Name": "cast_info",
                  "Alias": "ci",
                  "Startup Cost": 0.0,
                  "Total Cost": 343257.03,
                  "Plan Rows": 2004135,
                  "Plan Width": 0,
                  "Actual Startup Time": 0.041,
                  "Actual Total Time": 652.121,
                  "Actual Rows": 1892699,
                  "Actual Loops": 7,
                  "Filter": "((person_id < 1362800) AND (role_id < 10))",
                  "Rows Removed by Filter": 3285064
                }
              ]
            }
          ]
        }
      ]
    },
    "Planning Time": 0.184,
    "Triggers": [],
    "Execution Time": 798.339
  }
]