[
  {
    "Plan": {
      "Node Type": "Aggregate",
      "Strategy": "Plain",
      "Partial Mode": "Finalize",
      "Parallel Aware": false,
      "Startup Cost": 59299.04,
      "Total Cost": 59299.05,
      "Plan Rows": 1,
      "Plan Width": 8,
      "Actual Startup Time": 102.726,
      "Actual Total Time": 118.022,
      "Actual Rows": 1,
      "Actual Loops": 1,
      "Plans": [
        {
          "Node Type": "Gather",
          "Parent Relationship": "Outer",
          "Parallel Aware": false,
          "Startup Cost": 59298.62,
          "Total Cost": 59299.03,
          "Plan Rows": 4,
          "Plan Width": 8,
          "Actual Startup Time": 102.6,
          "Actual Total Time": 118.016,
          "Actual Rows": 5,
          "Actual Loops": 1,
          "Workers Planned": 4,
          "Workers Launched": 4,
          "Single Copy": false,
          "Plans": [
            {
              "Node Type": "Aggregate",
              "Strategy": "Plain",
              "Partial Mode": "Partial",
              "Parent Relationship": "Outer",
              "Parallel Aware": false,
              "Startup Cost": 58298.62,
              "Total Cost": 58298.63,
              "Plan Rows": 1,
              "Plan Width": 8,
              "Actual Startup Time": 92.871,
              "Actual Total Time": 92.872,
              "Actual Rows": 1,
              "Actual Loops": 5,
              "Plans": [
                {
                  "Node Type": "Nested Loop",
                  "Parent Relationship": "Outer",
                  "Parallel Aware": false,
                  "Join Type": "Inner",
                  "Startup Cost": 0.43,
                  "Total Cost": 58297.97,
                  "Plan Rows": 262,
                  "Plan Width": 0,
                  "Actual Startup Time": 58.08,
                  "Actual Total Time": 92.821,
                  "Actual Rows": 483,
                  "Actual Loops": 5,
                  "Inner Unique": false,
                  "Plans": [
                    {
                      "Node Type": "Seq Scan",
                      "Parent Relationship": "Outer",
                      "Parallel Aware": true,
                      "Relation Name": "title",
                      "Alias": "t",
                      "Startup Cost": 0.0,
                      "Total Cost": 45479.1,
                      "Plan Rows": 818,
                      "Plan Width": 4,
                      "Actual Startup Time": 57.041,
                      "Actual Total Time": 83.134,
                      "Actual Rows": 758,
                      "Actual Loops": 5,
                      "Filter": "((kind_id = 1) AND (production_year = 1966))",
                      "Rows Removed by Filter": 504904
                    },
                    {
                      "Node Type": "Index Scan",
                      "Parent Relationship": "Inner",
                      "Parallel Aware": false,
                      "Scan Direction": "Forward",
                      "Index Name": "movie_id_movie_companies",
                      "Relation Name": "movie_companies",
                      "Alias": "mc",
                      "Startup Cost": 0.43,
                      "Total Cost": 15.65,
                      "Plan Rows": 2,
                      "Plan Width": 4,
                      "Actual Startup Time": 0.011,
                      "Actual Total Time": 0.012,
                      "Actual Rows": 1,
                      "Actual Loops": 3792,
                      "Index Cond": "(movie_id = t.id)",
                      "Rows Removed by Index Recheck": 0,
                      "Filter": "((company_id > 3928) AND (company_type_id < 2))",
                      "Rows Removed by Filter": 1
                    }
                  ]
                }
              ]
            }
          ]
        }
      ]
    },
    "Planning Time": 0.723,
    "Triggers": [],
    "Execution Time": 118.096
  }
]