[
  {
    "Plan": {
      "Node Type": "Aggregate",
      "Strategy": "Plain",
      "Partial Mode": "Finalize",
      "Parallel Aware": false,
      "Startup Cost": 279561.19,
      "Total Cost": 279561.2,
      "Plan Rows": 1,
      "Plan Width": 8,
      "Actual Startup Time": 124.6,
      "Actual Total Time": 133.495,
      "Actual Rows": 1,
      "Actual Loops": 1,
      "Plans": [
        {
          "Node Type": "Gather",
          "Parent Relationship": "Outer",
          "Parallel Aware": false,
          "Startup Cost": 279560.56,
          "Total Cost": 279561.17,
          "Plan Rows": 6,
          "Plan Width": 8,
          "Actual Startup Time": 124.183,
          "Actual Total Time": 133.484,
          "Actual Rows": 7,
          "Actual Loops": 1,
          "Workers Planned": 6,
          "Workers Launched": 6,
          "Single Copy": false,
          "Plans": [
            {
              "Node Type": "Aggregate",
              "Strategy": "Plain",
              "Partial Mode": "Partial",
              "Parent Relationship": "Outer",
              "Parallel Aware": false,
              "Startup Cost": 278560.56,
              "Total Cost": 278560.57,
              "Plan Rows": 1,
              "Plan Width": 8,
              "Actual Startup Time": 113.124,
              "Actual Total Time": 113.127,
              "Actual Rows": 1,
              "Actual Loops": 7,
              "Plans": [
                {
                  "Node Type": "Bitmap Heap Scan",
                  "Parent Relationship": "Outer",
                  "Parallel Aware": true,
                  "Relation Name": "cast_info",
                  "Alias": "ci",
                  "Startup Cost": 23242.1,
                  "Total Cost": 278121.98,
                  "Plan Rows": 175431,
                  "Plan Width": 0,
                  "Actual Startup Time": 48.243,
                  "Actual Total Time": 103.519,
                  "Actual Rows": 143786,
                  "Actual Loops": 7,
                  "Recheck Cond": "(person_id > 3867922)",
                  "Rows Removed by Index Recheck": 0,
                  "Exact Heap Blocks": 4684,
                  "Lossy Heap Blocks": 0,
                  "Plans": [
                    {
                      "Node Type": "Bitmap Index Scan",
                      "Parent Relationship": "Outer",
                      "Parallel Aware": false,
                      "Index Name": "person_id_cast_info",
                      "Startup Cost": 0.0,
                      "Total Cost": 22978.95,
                      "Plan Rows": 1052585,
                      "Plan Width": 0,
                      "Actual Startup Time": 55.979,
                      "Actual Total Time": 55.98,
                      "Actual Rows": 1006505,
                      "Actual Loops": 1,
                      "Index Cond": "(person_id > 3867922)"
                    }
                  ]
                }
              ]
            }
          ]
        }
      ]
    },
    "Planning Time": 0.204,
    "Triggers": [],
    "Execution Time": 133.57
  }
]