{
  "Plan": {
    "Node Type": "Aggregate",
    "Strategy": "Plain",
    "Partial Mode": "Finalize",
    "Parallel Aware": false,
    "Startup Cost": 101383.51,
    "Total Cost": 101383.52,
    "Plan Rows": 1,
    "Plan Width": 8,
    "Actual Startup Time": 424.563,
    "Actual Total Time": 439.089,
    "Actual Rows": 1,
    "Actual Loops": 1,
    "Plans": [
      {
        "Node Type": "Gather",
        "Parent Relationship": "Outer",
        "Parallel Aware": false,
        "Startup Cost": 101383.4,
        "Total Cost": 101383.51,
        "Plan Rows": 1,
        "Plan Width": 8,
        "Actual Startup Time": 424.299,
        "Actual Total Time": 439.082,
        "Actual Rows": 2,
        "Actual Loops": 1,
        "Workers Planned": 1,
        "Workers Launched": 1,
        "Single Copy": false,
        "Plans": [
          {
            "Node Type": "Aggregate",
            "Strategy": "Plain",
            "Partial Mode": "Partial",
            "Parent Relationship": "Outer",
            "Parallel Aware": false,
            "Startup Cost": 100383.4,
            "Total Cost": 100383.41,
            "Plan Rows": 1,
            "Plan Width": 8,
            "Actual Startup Time": 418.861,
            "Actual Total Time": 418.864,
            "Actual Rows": 1,
            "Actual Loops": 2,
            "Plans": [
              {
                "Node Type": "Hash Join",
                "Parent Relationship": "Outer",
                "Parallel Aware": true,
                "Join Type": "Inner",
                "Startup Cost": 58584.86,
                "Total Cost": 100329.63,
                "Plan Rows": 21506,
                "Plan Width": 0,
                "Actual Startup Time": 158.602,
                "Actual Total Time": 418.0,
                "Actual Rows": 13171,
                "Actual Loops": 2,
                "Inner Unique": true,
                "Hash Cond": "(mc.movie_id = t.id)",
                "Plans": [
                  {
                    "Node Type": "Seq Scan",
                    "Parent Relationship": "Outer",
                    "Parallel Aware": true,
                    "Relation Name": "movie_companies",
                    "Alias": "mc",
                    "Startup Cost": 0.0,
                    "Total Cost": 37974.77,
                    "Plan Rows": 1436189,
                    "Plan Width": 4,
                    "Actual Startup Time": 0.016,
                    "Actual Total Time": 142.805,
                    "Actual Rows": 1222873,
                    "Actual Loops": 2,
                    "Filter": "(company_id < 126431)",
                    "Rows Removed by Filter": 81692
                  },
                  {
                    "Node Type": "Hash",
                    "Parent Relationship": "Inner",
                    "Parallel Aware": true,
                    "Startup Cost": 58306.47,
                    "Total Cost": 58306.47,
                    "Plan Rows": 22271,
                    "Plan Width": 4,
                    "Actual Startup Time": 157.621,
                    "Actual Total Time": 157.622,
                    "Actual Rows": 22456,
                    "Actual Loops": 2,
                    "Hash Buckets": 65536,
                    "Original Hash Buckets": 65536,
                    "Hash Batches": 1,
                    "Original Hash Batches": 1,
                    "Peak Memory Usage": 2304,
                    "Plans": [
                      {
                        "Node Type": "Seq Scan",
                        "Parent Relationship": "Outer",
                        "Parallel Aware": true,
                        "Relation Name": "title",
                        "Alias": "t",
                        "Startup Cost": 0.0,
                        "Total Cost": 58306.47,
                        "Plan Rows": 22271,
                        "Plan Width": 4,
                        "Actual Startup Time": 0.039,
                        "Actual Total Time": 149.789,
                        "Actual Rows": 22456,
                        "Actual Loops": 2,
                        "Filter": "((kind_id > 1) AND (production_year = 2000))",
                        "Rows Removed by Filter": 1241700
                      }
                    ]
                  }
                ]
              }
            ]
          }
        ]
      }
    ]
  },
  "Planning Time": 0.3,
  "Triggers": [],
  "Execution Time": 439.143
}