[
  {
    "Plan": {
      "Node Type": "Aggregate",
      "Strategy": "Plain",
      "Partial Mode": "Finalize",
      "Parallel Aware": false,
      "Startup Cost": 48441.98,
      "Total Cost": 48441.99,
      "Plan Rows": 1,
      "Plan Width": 8,
      "Actual Startup Time": 213.855,
      "Actual Total Time": 237.427,
      "Actual Rows": 1,
      "Actual Loops": 1,
      "Plans": [
        {
          "Node Type": "Gather",
          "Parent Relationship": "Outer",
          "Parallel Aware": false,
          "Startup Cost": 48441.56,
          "Total Cost": 48441.97,
          "Plan Rows": 4,
          "Plan Width": 8,
          "Actual Startup Time": 213.472,
          "Actual Total Time": 237.415,
          "Actual Rows": 5,
          "Actual Loops": 1,
          "Workers Planned": 4,
          "Workers Launched": 4,
          "Single Copy": false,
          "Plans": [
            {
              "Node Type": "Aggregate",
              "Strategy": "Plain",
              "Partial Mode": "Partial",
              "Parent Relationship": "Outer",
              "Parallel Aware": false,
              "Startup Cost": 47441.56,
              "Total Cost": 47441.57,
              "Plan Rows": 1,
              "Plan Width": 8,
              "Actual Startup Time": 203.315,
              "Actual Total Time": 203.317,
              "Actual Rows": 1,
              "Actual Loops": 5,
              "Plans": [
                {
                  "Node Type": "Nested Loop",
                  "Parent Relationship": "Outer",
                  "Parallel Aware": false,
                  "Join Type": "Inner",
                  "Startup Cost": 1.0,
                  "Total Cost": 47432.07,
                  "Plan Rows": 3797,
                  "Plan Width": 0,
                  "Actual Startup Time": 14.65,
                  "Actual Total Time": 195.665,
                  "Actual Rows": 143850,
                  "Actual Loops": 5,
                  "Inner Unique": false,
                  "Join Filter": "(t.id = ci.movie_id)",
                  "Rows Removed by Join Filter": 0,
                  "Plans": [
                    {
                      "Node Type": "Nested Loop",
                      "Parent Relationship": "Outer",
                      "Parallel Aware": false,
                      "Join Type": "Inner",
                      "Startup Cost": 0.43,
                      "Total Cost": 46914.41,
                      "Plan Rows": 265,
                      "Plan Width": 8,
                      "Actual Startup Time": 6.128,
                      "Actual Total Time": 93.364,
                      "Actual Rows": 3730,
                      "Actual Loops": 5,
                      "Inner Unique": false,
                      "Plans": [
                        {
                          "Node Type": "Seq Scan",
                          "Parent Relationship": "Outer",
                          "Parallel Aware": true,
                          "Relation Name": "title",
                          "Alias": "t",
                          "Startup Cost": 0.0,
                          "Total Cost": 45479.59,
                          "Plan Rows": 148,
                          "Plan Width": 4,
                          "Actual Startup Time": 5.898,
                          "Actual Total Time": 86.0,
                          "Actual Rows": 417,
                          "Actual Loops": 5,
                          "Filter": "((kind_id < 7) AND (production_year = 1947))",
                          "Rows Removed by Filter": 505245
                        },
                        {
                          "Node Type": "Index Only Scan",
                          "Parent Relationship": "Inner",
                          "Parallel Aware": false,
                          "Scan Direction": "Forward",
                          "Index Name": "movie_id_movie_keyword",
                          "Relation Name": "movie_keyword",
                          "Alias": "mk",
                          "Startup Cost": 0.43,
                          "Total Cost": 9.23,
                          "Plan Rows": 46,
                          "Plan Width": 4,
                          "Actual Startup Time": 0.014,
                          "Actual Total Time": 0.016,
                          "Actual Rows": 9,
                          "Actual Loops": 2087,
                          "Index Cond": "(movie_id = t.id)",
                          "Rows Removed by Index Recheck": 0,
                          "Heap Fetches": 18650
                        }
                      ]
                    },
                    {
                      "Node Type": "Index Only Scan",
                      "Parent Relationship": "Inner",
                      "Parallel Aware": false,
                      "Scan Direction": "Forward",
                      "Index Name": "movie_id_cast_info",
                      "Relation Name": "cast_info",
                      "Alias": "ci",
                      "Startup Cost": 0.56,
                      "Total Cost": 1.52,
                      "Plan Rows": 35,
                      "Plan Width": 4,
                      "Actual Startup Time": 0.004,
                      "Actual Total Time": 0.023,
                      "Actual Rows": 39,
                      "Actual Loops": 18650,
                      "Index Cond": "(movie_id = mk.movie_id)",
                      "Rows Removed by Index Recheck": 0,
                      "Heap Fetches": 719248
                    }
                  ]
                }
              ]
            }
          ]
        }
      ]
    },
    "Planning Time": 1.219,
    "Triggers": [],
    "Execution Time": 237.508
  }
]