[
  {
    "Plan": {
      "Node Type": "Aggregate",
      "Strategy": "Plain",
      "Partial Mode": "Finalize",
      "Parallel Aware": false,
      "Startup Cost": 97147.53,
      "Total Cost": 97147.54,
      "Plan Rows": 1,
      "Plan Width": 8,
      "Actual Startup Time": 733.063,
      "Actual Total Time": 748.912,
      "Actual Rows": 1,
      "Actual Loops": 1,
      "Plans": [
        {
          "Node Type": "Gather",
          "Parent Relationship": "Outer",
          "Parallel Aware": false,
          "Startup Cost": 97147.32,
          "Total Cost": 97147.53,
          "Plan Rows": 2,
          "Plan Width": 8,
          "Actual Startup Time": 727.825,
          "Actual Total Time": 748.904,
          "Actual Rows": 3,
          "Actual Loops": 1,
          "Workers Planned": 2,
          "Workers Launched": 2,
          "Single Copy": false,
          "Plans": [
            {
              "Node Type": "Aggregate",
              "Strategy": "Plain",
              "Partial Mode": "Partial",
              "Parent Relationship": "Outer",
              "Parallel Aware": false,
              "Startup Cost": 96147.32,
              "Total Cost": 96147.33,
              "Plan Rows": 1,
              "Plan Width": 8,
              "Actual Startup Time": 719.579,
              "Actual Total Time": 719.585,
              "Actual Rows": 1,
              "Actual Loops": 3,
              "Plans": [
                {
                  "Node Type": "Hash Join",
                  "Parent Relationship": "Outer",
                  "Parallel Aware": true,
                  "Join Type": "Inner",
                  "Startup Cost": 79879.54,
                  "Total Cost": 95934.15,
                  "Plan Rows": 85265,
                  "Plan Width": 0,
                  "Actual Startup Time": 578.961,
                  "Actual Total Time": 706.636,
                  "Actual Rows": 322575,
                  "Actual Loops": 3,
                  "Inner Unique": false,
                  "Hash Cond": "(mi_idx.movie_id = t.id)",
                  "Plans": [
                    {
                      "Node Type": "Seq Scan",
                      "Parent Relationship": "Outer",
                      "Parallel Aware": true,
                      "Relation Name": "movie_info_idx",
                      "Alias": "mi_idx",
                      "Startup Cost": 0.0,
                      "Total Cost": 13685.15,
                      "Plan Rows": 575015,
                      "Plan Width": 4,
                      "Actual Startup Time": 0.026,
                      "Actual Total Time": 35.538,
                      "Actual Rows": 460012,
                      "Actual Loops": 3
                    },
                    {
                      "Node Type": "Hash",
                      "Parent Relationship": "Inner",
                      "Parallel Aware": true,
                      "Startup Cost": 78707.97,
                      "Total Cost": 78707.97,
                      "Plan Rows": 93726,
                      "Plan Width": 8,
                      "Actual Startup Time": 574.322,
                      "Actual Total Time": 574.326,
                      "Actual Rows": 233292,
                      "Actual Loops": 3,
                      "Hash Buckets": 1048576,
                      "Original Hash Buckets": 524288,
                      "Hash Batches": 1,
                      "Original Hash Batches": 1,
                      "Peak Memory Usage": 39712,
                      "Plans": [
                        {
                          "Node Type": "Hash Join",
                          "Parent Relationship": "Outer",
                          "Parallel Aware": true,
                          "Join Type": "Inner",
                          "Startup Cost": 32926.53,
                          "Total Cost": 78707.97,
                          "Plan Rows": 93726,
                          "Plan Width": 8,
                          "Actual Startup Time": 173.741,
                          "Actual Total Time": 493.8,
                          "Actual Rows": 233292,
                          "Actual Loops": 3,
                          "Inner Unique": false,
                          "Hash Cond": "(t.id = mc.movie_id)",
                          "Plans": [
                            {
                              "Node Type": "Seq Scan",
                              "Parent Relationship": "Outer",
                              "Parallel Aware": true,
                              "Relation Name": "title",
                              "Alias": "t",
                              "Startup Cost": 0.0,
                              "Total Cost": 42318.73,
                              "Plan Rows": 632073,
                              "Plan Width": 4,
                              "Actual Startup Time": 0.011,
                              "Actual Total Time": 91.532,
                              "Actual Rows": 842771,
                              "Actual Loops": 3
                            },
                            {
                              "Node Type": "Hash",
                              "Parent Relationship": "Inner",
                              "Parallel Aware": true,
                              "Startup Cost": 31414.82,
                              "Total Cost": 31414.82,
                              "Plan Rows": 120937,
                              "Plan Width": 4,
                              "Actual Startup Time": 171.136,
                              "Actual Total Time": 171.137,
                              "Actual Rows": 233292,
                              "Actual Loops": 3,
                              "Hash Buckets": 1048576,
                              "Original Hash Buckets": 524288,
                              "Hash Batches": 1,
                              "Original Hash Batches": 1,
                              "Peak Memory Usage": 39712,
                              "Plans": [
                                {
                                  "Node Type": "Seq Scan",
                                  "Parent Relationship": "Outer",
                                  "Parallel Aware": true,
                                  "Relation Name": "movie_companies",
                                  "Alias": "mc",
                                  "Startup Cost": 0.0,
                                  "Total Cost": 31414.82,
                                  "Plan Rows": 120937,
                                  "Plan Width": 4,
                                  "Actual Startup Time": 52.995,
                                  "Actual Total Time": 99.857,
                                  "Actual Rows": 233292,
                                  "Actual Loops": 3,
                                  "Filter": "((company_id > 36533) AND (company_type_id = 2))",
                                  "Rows Removed by Filter": 636418
                                }
                              ]
                            }
                          ]
                        }
                      ]
                    }
                  ]
                }
              ]
            }
          ]
        }
      ]
    },
    "Planning Time": 1.441,
    "Triggers": [],
    "Execution Time": 749.003
  }
]