[
  {
    "Plan": {
      "Node Type": "Aggregate",
      "Strategy": "Plain",
      "Partial Mode": "Finalize",
      "Parallel Aware": false,
      "Startup Cost": 98925.16,
      "Total Cost": 98925.17,
      "Plan Rows": 1,
      "Plan Width": 8,
      "Actual Startup Time": 673.85,
      "Actual Total Time": 699.267,
      "Actual Rows": 1,
      "Actual Loops": 1,
      "Plans": [
        {
          "Node Type": "Gather",
          "Parent Relationship": "Outer",
          "Parallel Aware": false,
          "Startup Cost": 98924.85,
          "Total Cost": 98925.16,
          "Plan Rows": 3,
          "Plan Width": 8,
          "Actual Startup Time": 669.284,
          "Actual Total Time": 699.256,
          "Actual Rows": 4,
          "Actual Loops": 1,
          "Workers Planned": 3,
          "Workers Launched": 3,
          "Single Copy": false,
          "Plans": [
            {
              "Node Type": "Aggregate",
              "Strategy": "Plain",
              "Partial Mode": "Partial",
              "Parent Relationship": "Outer",
              "Parallel Aware": false,
              "Startup Cost": 97924.85,
              "Total Cost": 97924.86,
              "Plan Rows": 1,
              "Plan Width": 8,
              "Actual Startup Time": 662.439,
              "Actual Total Time": 662.444,
              "Actual Rows": 1,
              "Actual Loops": 4,
              "Plans": [
                {
                  "Node Type": "Nested Loop",
                  "Parent Relationship": "Outer",
                  "Parallel Aware": false,
                  "Join Type": "Inner",
                  "Startup Cost": 53651.93,
                  "Total Cost": 97859.8,
                  "Plan Rows": 26018,
                  "Plan Width": 0,
                  "Actual Startup Time": 208.898,
                  "Actual Total Time": 635.852,
                  "Actual Rows": 484704,
                  "Actual Loops": 4,
                  "Inner Unique": false,
                  "Plans": [
                    {
                      "Node Type": "Hash Join",
                      "Parent Relationship": "Outer",
                      "Parallel Aware": true,
                      "Join Type": "Inner",
                      "Startup Cost": 53651.5,
                      "Total Cost": 79480.35,
                      "Plan Rows": 25213,
                      "Plan Width": 8,
                      "Actual Startup Time": 208.817,
                      "Actual Total Time": 279.013,
                      "Actual Rows": 55822,
                      "Actual Loops": 4,
                      "Inner Unique": true,
                      "Hash Cond": "(mk.movie_id = t.id)",
                      "Plans": [
                        {
                          "Node Type": "Bitmap Heap Scan",
                          "Parent Relationship": "Outer",
                          "Parallel Aware": true,
                          "Relation Name": "movie_keyword",
                          "Alias": "mk",
                          "Startup Cost": 5980.29,
                          "Total Cost": 31570.53,
                          "Plan Rows": 90899,
                          "Plan Width": 4,
                          "Actual Startup Time": 20.16,
                          "Actual Total Time": 61.714,
                          "Actual Rows": 71578,
                          "Actual Loops": 4,
                          "Recheck Cond": "(keyword_id > 55819)",
                          "Rows Removed by Index Recheck": 0,
                          "Exact Heap Blocks": 5089,
                          "Lossy Heap Blocks": 0,
                          "Plans": [
                            {
                              "Node Type": "Bitmap Index Scan",
                              "Parent Relationship": "Outer",
                              "Parallel Aware": false,
                              "Index Name": "keyword_id_movie_keyword",
                              "Startup Cost": 0.0,
                              "Total Cost": 5909.84,
                              "Plan Rows": 281788,
                              "Plan Width": 0,
                              "Actual Startup Time": 17.01,
                              "Actual Total Time": 17.01,
                              "Actual Rows": 286310,
                              "Actual Loops": 1,
                              "Index Cond": "(keyword_id > 55819)"
                            }
                          ]
                        },
                        {
                          "Node Type": "Hash",
                          "Parent Relationship": "Inner",
                          "Parallel Aware": true,
                          "Startup Cost": 45479.59,
                          "Total Cost": 45479.59,
                          "Plan Rows": 175330,
                          "Plan Width": 4,
                          "Actual Startup Time": 184.395,
                          "Actual Total Time": 184.396,
                          "Actual Rows": 187483,
                          "Actual Loops": 4,
                          "Hash Buckets": 1048576,
                          "Original Hash Buckets": 1048576,
                          "Hash Batches": 1,
                          "Original Hash Batches": 1,
                          "Peak Memory Usage": 37600,
                          "Plans": [
                            {
                              "Node Type": "Seq Scan",
                              "Parent Relationship": "Outer",
                              "Parallel Aware": true,
                              "Relation Name": "title",
                              "Alias": "t",
                              "Startup Cost": 0.0,
                              "Total Cost": 45479.59,
                              "Plan Rows": 175330,
                              "Plan Width": 4,
                              "Actual Startup Time": 0.023,
                              "Actual Total Time": 109.329,
                              "Actual Rows": 187483,
                              "Actual Loops": 4,
                              "Filter": "((kind_id < 7) AND (production_year < 2009))",
                              "Rows Removed by Filter": 444595
                            }
                          ]
                        }
                      ]
                    },
                    {
                      "Node Type": "Index Only Scan",
                      "Parent Relationship": "Inner",
                      "Parallel Aware": false,
                      "Scan Direction": "Forward",
                      "Index Name": "movie_id_movie_companies",
                      "Relation Name": "movie_companies",
                      "Alias": "mc",
                      "Startup Cost": 0.43,
                      "Total Cost": 0.68,
                      "Plan Rows": 5,
                      "Plan Width": 4,
                      "Actual Startup Time": 0.003,
                      "Actual Total Time": 0.005,
                      "Actual Rows": 9,
                      "Actual Loops": 223287,
                      "Index Cond": "(movie_id = t.id)",
                      "Rows Removed by Index Recheck": 0,
                      "Heap Fetches": 1938815
                    }
                  ]
                }
              ]
            }
          ]
        }
      ]
    },
    "Planning Time": 1.177,
    "Triggers": [],
    "Execution Time": 699.359
  }
]