[
  {
    "Plan": {
      "Node Type": "Aggregate",
      "Strategy": "Plain",
      "Partial Mode": "Finalize",
      "Parallel Aware": false,
      "Startup Cost": 202944.97,
      "Total Cost": 202944.98,
      "Plan Rows": 1,
      "Plan Width": 8,
      "Actual Startup Time": 180.418,
      "Actual Total Time": 216.527,
      "Actual Rows": 1,
      "Actual Loops": 1,
      "Plans": [
        {
          "Node Type": "Gather",
          "Parent Relationship": "Outer",
          "Parallel Aware": false,
          "Startup Cost": 202944.55,
          "Total Cost": 202944.96,
          "Plan Rows": 4,
          "Plan Width": 8,
          "Actual Startup Time": 180.236,
          "Actual Total Time": 216.515,
          "Actual Rows": 5,
          "Actual Loops": 1,
          "Workers Planned": 4,
          "Workers Launched": 4,
          "Single Copy": false,
          "Plans": [
            {
              "Node Type": "Aggregate",
              "Strategy": "Plain",
              "Partial Mode": "Partial",
              "Parent Relationship": "Outer",
              "Parallel Aware": false,
              "Startup Cost": 201944.55,
              "Total Cost": 201944.56,
              "Plan Rows": 1,
              "Plan Width": 8,
              "Actual Startup Time": 173.607,
              "Actual Total Time": 173.609,
              "Actual Rows": 1,
              "Actual Loops": 5,
              "Plans": [
                {
                  "Node Type": "Nested Loop",
                  "Parent Relationship": "Outer",
                  "Parallel Aware": false,
                  "Join Type": "Inner",
                  "Startup Cost": 0.56,
                  "Total Cost": 201926.57,
                  "Plan Rows": 7191,
                  "Plan Width": 0,
                  "Actual Startup Time": 54.797,
                  "Actual Total Time": 172.856,
                  "Actual Rows": 7196,
                  "Actual Loops": 5,
                  "Inner Unique": false,
                  "Plans": [
                    {
                      "Node Type": "Seq Scan",
                      "Parent Relationship": "Outer",
                      "Parallel Aware": true,
                      "Relation Name": "title",
                      "Alias": "t",
                      "Startup Cost": 0.0,
                      "Total Cost": 45479.59,
                      "Plan Rows": 1502,
                      "Plan Width": 4,
                      "Actual Startup Time": 54.505,
                      "Actual Total Time": 80.609,
                      "Actual Rows": 1038,
                      "Actual Loops": 5,
                      "Filter": "((kind_id = 1) AND (production_year = 1992))",
                      "Rows Removed by Filter": 504624
                    },
                    {
                      "Node Type": "Index Scan",
                      "Parent Relationship": "Inner",
                      "Parallel Aware": false,
                      "Scan Direction": "Forward",
                      "Index Name": "movie_id_cast_info",
                      "Relation Name": "cast_info",
                      "Alias": "ci",
                      "Startup Cost": 0.56,
                      "Total Cost": 104.04,
                      "Plan Rows": 12,
                      "Plan Width": 4,
                      "Actual Startup Time": 0.062,
                      "Actual Total Time": 0.088,
                      "Actual Rows": 7,
                      "Actual Loops": 5190,
                      "Index Cond": "(movie_id = t.id)",
                      "Rows Removed by Index Recheck": 0,
                      "Filter": "(role_id > 3)",
                      "Rows Removed by Filter": 12
                    }
                  ]
                }
              ]
            }
          ]
        }
      ]
    },
    "Planning Time": 0.439,
    "Triggers": [],
    "Execution Time": 216.586
  }
]