[
  {
    "Plan": {
      "Node Type": "Aggregate",
      "Strategy": "Plain",
      "Partial Mode": "Simple",
      "Parallel Aware": false,
      "Startup Cost": 7418.58,
      "Total Cost": 7418.59,
      "Plan Rows": 1,
      "Plan Width": 64,
      "Actual Startup Time": 127.522,
      "Actual Total Time": 127.531,
      "Actual Rows": 1,
      "Actual Loops": 1,
      "Output": [
        "min((kt.kind)::text)",
        "min(t.title)"
      ],
      "Plans": [
        {
          "Node Type": "Nested Loop",
          "Parent Relationship": "Outer",
          "Parallel Aware": false,
          "Join Type": "Inner",
          "Startup Cost": 12.89,
          "Total Cost": 7418.57,
          "Plan Rows": 1,
          "Plan Width": 27,
          "Actual Startup Time": 42.71,
          "Actual Total Time": 127.505,
          "Actual Rows": 16,
          "Actual Loops": 1,
          "Output": [
            "kt.kind",
            "t.title"
          ],
          "Inner Unique": true,
          "Join Filter": "(mi.info_type_id = it1.id)",
          "Rows Removed by Join Filter": 0,
          "Plans": [
            {
              "Node Type": "Nested Loop",
              "Parent Relationship": "Outer",
              "Parallel Aware": false,
              "Join Type": "Inner",
              "Startup Cost": 12.89,
              "Total Cost": 7416.15,
              "Plan Rows": 1,
              "Plan Width": 31,
              "Actual Startup Time": 42.699,
              "Actual Total Time": 127.381,
              "Actual Rows": 16,
              "Actual Loops": 1,
              "Output": [
                "mi.info_type_id",
                "t.title",
                "kt.kind"
              ],
              "Inner Unique": false,
              "Join Filter": "(t.id = mi.movie_id)",
              "Rows Removed by Join Filter": 0,
              "Plans": [
                {
                  "Node Type": "Nested Loop",
                  "Parent Relationship": "Outer",
                  "Parallel Aware": false,
                  "Join Type": "Inner",
                  "Startup Cost": 12.46,
                  "Total Cost": 7414.63,
                  "Plan Rows": 1,
                  "Plan Width": 43,
                  "Actual Startup Time": 9.402,
                  "Actual Total Time": 97.441,
                  "Actual Rows": 315,
                  "Actual Loops": 1,
                  "Output": [
                    "cc.movie_id",
                    "mc.movie_id",
                    "mk.movie_id",
                    "t.title",
                    "t.id",
                    "kt.kind"
                  ],
                  "Inner Unique": true,
                  "Join Filter": "(mc.company_type_id = ct.id)",
                  "Rows Removed by Join Filter": 140,
                  "Plans": [
                    {
                      "Node Type": "Nested Loop",
                      "Parent Relationship": "Outer",
                      "Parallel Aware": false,
                      "Join Type": "Inner",
                      "Startup Cost": 12.46,
                      "Total Cost": 7413.54,
                      "Plan Rows": 1,
                      "Plan Width": 47,
                      "Actual Startup Time": 9.393,
                      "Actual Total Time": 96.043,
                      "Actual Rows": 315,
                      "Actual Loops": 1,
                      "Output": [
                        "cc.movie_id",
                        "mc.movie_id",
                        "mc.company_type_id",
                        "mk.movie_id",
                        "t.title",
                        "t.id",
                        "kt.kind"
                      ],
                      "Inner Unique": true,
                      "Plans": [
                        {
                          "Node Type": "Nested Loop",
                          "Parent Relationship": "Outer",
                          "Parallel Aware": false,
                          "Join Type": "Inner",
                          "Startup Cost": 12.04,
                          "Total Cost": 7411.76,
                          "Plan Rows": 4,
                          "Plan Width": 51,
                          "Actual Startup Time": 9.1,
                          "Actual Total Time": 80.978,
                          "Actual Rows": 1218,
                          "Actual Loops": 1,
                          "Output": [
                            "cc.movie_id",
                            "mc.movie_id",
                            "mc.company_id",
                            "mc.company_type_id",
                            "mk.movie_id",
                            "t.title",
                            "t.id",
                            "kt.kind"
                          ],
                          "Inner Unique": false,
                          "Join Filter": "(t.id = mc.movie_id)",
                          "Rows Removed by Join Filter": 0,
                          "Plans": [
                            {
                              "Node Type": "Nested Loop",
                              "Parent Relationship": "Outer",
                              "Parallel Aware": false,
                              "Join Type": "Inner",
                              "Startup Cost": 11.61,
                              "Total Cost": 7409.34,
                              "Plan Rows": 4,
                              "Plan Width": 39,
                              "Actual Startup Time": 9.024,
                              "Actual Total Time": 77.576,
                              "Actual Rows": 60,
                              "Actual Loops": 1,
                              "Output": [
                                "cc.movie_id",
                                "mk.movie_id",
                                "t.title",
                                "t.id",
                                "kt.kind"
                              ],
                              "Inner Unique": false,
                              "Join Filter": "(cc.status_id = cct1.id)",
                              "Rows Removed by Join Filter": 81,
                              "Plans": [
                                {
                                  "Node Type": "Seq Scan",
                                  "Parent Relationship": "Outer",
                                  "Parallel Aware": false,
                                  "Relation Name": "comp_cast_type",
                                  "Schema": "public",
                                  "Alias": "cct1",
                                  "Startup Cost": 0.0,
                                  "Total Cost": 1.05,
                                  "Plan Rows": 1,
                                  "Plan Width": 4,
                                  "Actual Startup Time": 0.01,
                                  "Actual Total Time": 0.012,
                                  "Actual Rows": 1,
                                  "Actual Loops": 1,
                                  "Output": [
                                    "cct1.id",
                                    "cct1.kind"
                                  ],
                                  "Filter": "((cct1.kind)::text = 'complete+verified'::text)",
                                  "Rows Removed by Filter": 3
                                },
                                {
                                  "Node Type": "Nested Loop",
                                  "Parent Relationship": "Inner",
                                  "Parallel Aware": false,
                                  "Join Type": "Inner",
                                  "Startup Cost": 11.61,
                                  "Total Cost": 7408.11,
                                  "Plan Rows": 14,
                                  "Plan Width": 43,
                                  "Actual Startup Time": 8.986,
                                  "Actual Total Time": 77.521,
                                  "Actual Rows": 141,
                                  "Actual Loops": 1,
                                  "Output": [
                                    "cc.movie_id",
                                    "cc.status_id",
                                    "mk.movie_id",
                                    "t.title",
                                    "t.id",
                                    "kt.kind"
                                  ],
                                  "Inner Unique": false,
                                  "Plans": [
                                    {
                                      "Node Type": "Nested Loop",
                                      "Parent Relationship": "Outer",
                                      "Parallel Aware": false,
                                      "Join Type": "Inner",
                                      "Startup Cost": 11.19,
                                      "Total Cost": 7402.85,
                                      "Plan Rows": 11,
                                      "Plan Width": 35,
                                      "Actual Startup Time": 8.402,
                                      "Actual Total Time": 71.945,
                                      "Actual Rows": 401,
                                      "Actual Loops": 1,
                                      "Output": [
                                        "mk.movie_id",
                                        "t.title",
                                        "t.id",
                                        "kt.kind"
                                      ],
                                      "Inner Unique": false,
                                      "Join Filter": "(t.kind_id = kt.id)",
                                      "Rows Removed by Join Filter": 156,
                                      "Plans": [
                                        {
                                          "Node Type": "Seq Scan",
                                          "Parent Relationship": "Outer",
                                          "Parallel Aware": false,
                                          "Relation Name": "kind_type",
                                          "Schema": "public",
                                          "Alias": "kt",
                                          "Startup Cost": 0.0,
                                          "Total Cost": 1.09,
                                          "Plan Rows": 1,
                                          "Plan Width": 14,
                                          "Actual Startup Time": 0.009,
                                          "Actual Total Time": 0.011,
                                          "Actual Rows": 1,
                                          "Actual Loops": 1,
                                          "Output": [
                                            "kt.id",
                                            "kt.kind"
                                          ],
                                          "Filter": "((kt.kind)::text = 'movie'::text)",
                                          "Rows Removed by Filter": 6
                                        },
                                        {
                                          "Node Type": "Nested Loop",
                                          "Parent Relationship": "Inner",
                                          "Parallel Aware": false,
                                          "Join Type": "Inner",
                                          "Startup Cost": 11.19,
                                          "Total Cost": 7400.84,
                                          "Plan Rows": 74,
                                          "Plan Width": 29,
                                          "Actual Startup Time": 1.226,
                                          "Actual Total Time": 71.78,
                                          "Actual Rows": 557,
                                          "Actual Loops": 1,
                                          "Output": [
                                            "mk.movie_id",
                                            "t.title",
                                            "t.kind_id",
                                            "t.id"
                                          ],
                                          "Inner Unique": true,
                                          "Plans": [
                                            {
                                              "Node Type": "Nested Loop",
                                              "Parent Relationship": "Outer",
                                              "Parallel Aware": false,
                                              "Join Type": "Inner",
                                              "Startup Cost": 10.76,
                                              "Total Cost": 7334.72,
                                              "Plan Rows": 135,
                                              "Plan Width": 4,
                                              "Actual Startup Time": 1.174,
                                              "Actual Total Time": 42.295,
                                              "Actual Rows": 1133,
                                              "Actual Loops": 1,
                                              "Output": [
                                                "mk.movie_id"
                                              ],
                                              "Inner Unique": false,
                                              "Plans": [
                                                {
                                                  "Node Type": "Seq Scan",
                                                  "Parent Relationship": "Outer",
                                                  "Parallel Aware": false,
                                                  "Relation Name": "keyword",
                                                  "Schema": "public",
                                                  "Alias": "k",
                                                  "Startup Cost": 0.0,
                                                  "Total Cost": 2961.55,
                                                  "Plan Rows": 4,
                                                  "Plan Width": 4,
                                                  "Actual Startup Time": 0.878,
                                                  "Actual Total Time": 27.87,
                                                  "Actual Rows": 4,
                                                  "Actual Loops": 1,
                                                  "Output": [
                                                    "k.id",
                                                    "k.keyword",
                                                    "k.phonetic_code"
                                                  ],
                                                  "Filter": "(k.keyword = ANY ('{nerd,loner,alienation,dignity}'::text[]))",
                                                  "Rows Removed by Filter": 134166
                                                },
                                                {
                                                  "Node Type": "Bitmap Heap Scan",
                                                  "Parent Relationship": "Inner",
                                                  "Parallel Aware": false,
                                                  "Relation Name": "movie_keyword",
                                                  "Schema": "public",
                                                  "Alias": "mk",
                                                  "Startup Cost": 10.76,
                                                  "Total Cost": 1090.29,
                                                  "Plan Rows": 300,
                                                  "Plan Width": 8,
                                                  "Actual Startup Time": 0.131,
                                                  "Actual Total Time": 3.484,
                                                  "Actual Rows": 283,
                                                  "Actual Loops": 4,
                                                  "Output": [
                                                    "mk.id",
                                                    "mk.movie_id",
                                                    "mk.keyword_id"
                                                  ],
                                                  "Recheck Cond": "(mk.keyword_id = k.id)",
                                                  "Rows Removed by Index Recheck": 0,
                                                  "Exact Heap Blocks": 1083,
                                                  "Lossy Heap Blocks": 0,
                                                  "Plans": [
                                                    {
                                                      "Node Type": "Bitmap Index Scan",
                                                      "Parent Relationship": "Outer",
                                                      "Parallel Aware": false,
                                                      "Index Name": "keyword_id_movie_keyword",
                                                      "Startup Cost": 0.0,
                                                      "Total Cost": 10.68,
                                                      "Plan Rows": 300,
                                                      "Plan Width": 0,
                                                      "Actual Startup Time": 0.077,
                                                      "Actual Total Time": 0.077,
                                                      "Actual Rows": 283,
                                                      "Actual Loops": 4,
                                                      "Index Cond": "(mk.keyword_id = k.id)"
                                                    }
                                                  ]
                                                }
                                              ]
                                            },
                                            {
                                              "Node Type": "Index Scan",
                                              "Parent Relationship": "Inner",
                                              "Parallel Aware": false,
                                              "Scan Direction": "Forward",
                                              "Index Name": "title_pkey",
                                              "Relation Name": "title",
                                              "Schema": "public",
                                              "Alias": "t",
                                              "Startup Cost": 0.43,
                                              "Total Cost": 0.49,
                                              "Plan Rows": 1,
                                              "Plan Width": 25,
                                              "Actual Startup Time": 0.025,
                                              "Actual Total Time": 0.025,
                                              "Actual Rows": 0,
                                              "Actual Loops": 1133,
                                              "Output": [
                                                "t.id",
                                                "t.title",
                                                "t.imdb_index",
                                                "t.kind_id",
                                                "t.production_year",
                                                "t.imdb_id",
                                                "t.phonetic_code",
                                                "t.episode_of_id",
                                                "t.season_nr",
                                                "t.episode_nr",
                                                "t.series_years",
                                                "t.md5sum"
                                              ],
                                              "Index Cond": "(t.id = mk.movie_id)",
                                              "Rows Removed by Index Recheck": 0,
                                              "Filter": "(t.production_year > 2000)",
                                              "Rows Removed by Filter": 1
                                            }
                                          ]
                                        }
                                      ]
                                    },
                                    {
                                      "Node Type": "Index Scan",
                                      "Parent Relationship": "Inner",
                                      "Parallel Aware": false,
                                      "Scan Direction": "Forward",
                                      "Index Name": "movie_id_complete_cast",
                                      "Relation Name": "complete_cast",
                                      "Schema": "public",
                                      "Alias": "cc",
                                      "Startup Cost": 0.42,
                                      "Total Cost": 0.46,
                                      "Plan Rows": 2,
                                      "Plan Width": 8,
                                      "Actual Startup Time": 0.012,
                                      "Actual Total Time": 0.013,
                                      "Actual Rows": 0,
                                      "Actual Loops": 401,
                                      "Output": [
                                        "cc.id",
                                        "cc.movie_id",
                                        "cc.subject_id",
                                        "cc.status_id"
                                      ],
                                      "Index Cond": "(cc.movie_id = t.id)",
                                      "Rows Removed by Index Recheck": 0
                                    }
                                  ]
                                }
                              ]
                            },
                            {
                              "Node Type": "Index Scan",
                              "Parent Relationship": "Inner",
                              "Parallel Aware": false,
                              "Scan Direction": "Forward",
                              "Index Name": "movie_id_movie_companies",
                              "Relation Name": "movie_companies",
                              "Schema": "public",
                              "Alias": "mc",
                              "Startup Cost": 0.43,
                              "Total Cost": 0.54,
                              "Plan Rows": 5,
                              "Plan Width": 12,
                              "Actual Startup Time": 0.035,
                              "Actual Total Time": 0.05,
                              "Actual Rows": 20,
                              "Actual Loops": 60,
                              "Output": [
                                "mc.id",
                                "mc.movie_id",
                                "mc.company_id",
                                "mc.company_type_id",
                                "mc.note"
                              ],
                              "Index Cond": "(mc.movie_id = mk.movie_id)",
                              "Rows Removed by Index Recheck": 0
                            }
                          ]
                        },
                        {
                          "Node Type": "Index Scan",
                          "Parent Relationship": "Inner",
                          "Parallel Aware": false,
                          "Scan Direction": "Forward",
                          "Index Name": "company_name_pkey",
                          "Relation Name": "company_name",
                          "Schema": "public",
                          "Alias": "cn",
                          "Startup Cost": 0.42,
                          "Total Cost": 0.45,
                          "Plan Rows": 1,
                          "Plan Width": 4,
                          "Actual Startup Time": 0.012,
                          "Actual Total Time": 0.012,
                          "Actual Rows": 0,
                          "Actual Loops": 1218,
                          "Output": [
                            "cn.id",
                            "cn.name",
                            "cn.country_code",
                            "cn.imdb_id",
                            "cn.name_pcode_nf",
                            "cn.name_pcode_sf",
                            "cn.md5sum"
                          ],
                          "Index Cond": "(cn.id = mc.company_id)",
                          "Rows Removed by Index Recheck": 0,
                          "Filter": "((cn.country_code)::text = '[us]'::text)",
                          "Rows Removed by Filter": 1
                        }
                      ]
                    },
                    {
                      "Node Type": "Seq Scan",
                      "Parent Relationship": "Inner",
                      "Parallel Aware": false,
                      "Relation Name": "company_type",
                      "Schema": "public",
                      "Alias": "ct",
                      "Startup Cost": 0.0,
                      "Total Cost": 1.04,
                      "Plan Rows": 4,
                      "Plan Width": 4,
                      "Actual Startup Time": 0.001,
                      "Actual Total Time": 0.001,
                      "Actual Rows": 1,
                      "Actual Loops": 315,
                      "Output": [
                        "ct.id",
                        "ct.kind"
                      ]
                    }
                  ]
                },
                {
                  "Node Type": "Index Scan",
                  "Parent Relationship": "Inner",
                  "Parallel Aware": false,
                  "Scan Direction": "Forward",
                  "Index Name": "movie_id_movie_info",
                  "Relation Name": "movie_info",
                  "Schema": "public",
                  "Alias": "mi",
                  "Startup Cost": 0.43,
                  "Total Cost": 1.5,
                  "Plan Rows": 1,
                  "Plan Width": 8,
                  "Actual Startup Time": 0.093,
                  "Actual Total Time": 0.094,
                  "Actual Rows": 0,
                  "Actual Loops": 315,
                  "Output": [
                    "mi.id",
                    "mi.movie_id",
                    "mi.info_type_id",
                    "mi.info",
                    "mi.note"
                  ],
                  "Index Cond": "(mi.movie_id = mk.movie_id)",
                  "Rows Removed by Index Recheck": 0,
                  "Filter": "((mi.note ~~ '%internet%'::text) AND (mi.info ~~ 'USA:% 200%'::text))",
                  "Rows Removed by Filter": 268
                }
              ]
            },
            {
              "Node Type": "Seq Scan",
              "Parent Relationship": "Inner",
              "Parallel Aware": false,
              "Relation Name": "info_type",
              "Schema": "public",
              "Alias": "it1",
              "Startup Cost": 0.0,
              "Total Cost": 2.41,
              "Plan Rows": 1,
              "Plan Width": 4,
              "Actual Startup Time": 0.005,
              "Actual Total Time": 0.005,
              "Actual Rows": 1,
              "Actual Loops": 16,
              "Output": [
                "it1.id",
                "it1.info"
              ],
              "Filter": "((it1.info)::text = 'release dates'::text)",
              "Rows Removed by Filter": 15
            }
          ]
        }
      ]
    },
    "Planning Time": 48.223,
    "Triggers": [],
    "Execution Time": 127.883
  }
]