[
  {
    "Plan": {
      "Node Type": "Aggregate",
      "Strategy": "Plain",
      "Partial Mode": "Finalize",
      "Parallel Aware": false,
      "Startup Cost": 373356.92,
      "Total Cost": 373356.93,
      "Plan Rows": 1,
      "Plan Width": 8,
      "Actual Startup Time": 728.034,
      "Actual Total Time": 747.367,
      "Actual Rows": 1,
      "Actual Loops": 1,
      "Plans": [
        {
          "Node Type": "Gather",
          "Parent Relationship": "Outer",
          "Parallel Aware": false,
          "Startup Cost": 373356.29,
          "Total Cost": 373356.9,
          "Plan Rows": 6,
          "Plan Width": 8,
          "Actual Startup Time": 718.445,
          "Actual Total Time": 747.353,
          "Actual Rows": 7,
          "Actual Loops": 1,
          "Workers Planned": 6,
          "Workers Launched": 6,
          "Single Copy": false,
          "Plans": [
            {
              "Node Type": "Aggregate",
              "Strategy": "Plain",
              "Partial Mode": "Partial",
              "Parent Relationship": "Outer",
              "Parallel Aware": false,
              "Startup Cost": 372356.29,
              "Total Cost": 372356.3,
              "Plan Rows": 1,
              "Plan Width": 8,
              "Actual Startup Time": 696.757,
              "Actual Total Time": 696.761,
              "Actual Rows": 1,
              "Actual Loops": 7,
              "Plans": [
                {
                  "Node Type": "Hash Join",
                  "Parent Relationship": "Outer",
                  "Parallel Aware": true,
                  "Join Type": "Inner",
                  "Startup Cost": 111516.83,
                  "Total Cost": 371199.92,
                  "Plan Rows": 462551,
                  "Plan Width": 0,
                  "Actual Startup Time": 399.38,
                  "Actual Total Time": 676.837,
                  "Actual Rows": 378702,
                  "Actual Loops": 7,
                  "Inner Unique": true,
                  "Hash Cond": "(ci.movie_id = t.id)",
                  "Plans": [
                    {
                      "Node Type": "Bitmap Heap Scan",
                      "Parent Relationship": "Outer",
                      "Parallel Aware": true,
                      "Relation Name": "cast_info",
                      "Alias": "ci",
                      "Startup Cost": 61297.19,
                      "Total Cost": 319766.07,
                      "Plan Rows": 462551,
                      "Plan Width": 4,
                      "Actual Startup Time": 134.887,
                      "Actual Total Time": 224.539,
                      "Actual Rows": 378702,
                      "Actual Loops": 7,
                      "Recheck Cond": "(person_id > 3550524)",
                      "Rows Removed by Index Recheck": 0,
                      "Exact Heap Blocks": 5226,
                      "Lossy Heap Blocks": 0,
                      "Plans": [
                        {
                          "Node Type": "Bitmap Index Scan",
                          "Parent Relationship": "Outer",
                          "Parallel Aware": false,
                          "Index Name": "person_id_cast_info",
                          "Startup Cost": 0.0,
                          "Total Cost": 60603.36,
                          "Plan Rows": 2775306,
                          "Plan Width": 0,
                          "Actual Startup Time": 128.518,
                          "Actual Total Time": 128.519,
                          "Actual Rows": 2650911,
                          "Actual Loops": 1,
                          "Index Cond": "(person_id > 3550524)"
                        }
                      ]
                    },
                    {
                      "Node Type": "Hash",
                      "Parent Relationship": "Inner",
                      "Parallel Aware": true,
                      "Startup Cost": 42318.73,
                      "Total Cost": 42318.73,
                      "Plan Rows": 632073,
                      "Plan Width": 4,
                      "Actual Startup Time": 257.415,
                      "Actual Total Time": 257.416,
                      "Actual Rows": 361187,
                      "Actual Loops": 7,
                      "Hash Buckets": 4194304,
                      "Original Hash Buckets": 4194304,
                      "Hash Batches": 1,
                      "Original Hash Batches": 1,
                      "Peak Memory Usage": 131808,
                      "Plans": [
                        {
                          "Node Type": "Seq Scan",
                          "Parent Relationship": "Outer",
                          "Parallel Aware": true,
                          "Relation Name": "title",
                          "Alias": "t",
                          "Startup Cost": 0.0,
                          "Total Cost": 42318.73,
                          "Plan Rows": 632073,
                          "Plan Width": 4,
                          "Actual Startup Time": 0.034,
                          "Actual Total Time": 77.265,
                          "Actual Rows": 361187,
                          "Actual Loops": 7
                        }
                      ]
                    }
                  ]
                }
              ]
            }
          ]
        }
      ]
    },
    "Planning Time": 0.483,
    "Triggers": [],
    "Execution Time": 747.446
  }
]