[
  {
    "Plan": {
      "Node Type": "Aggregate",
      "Strategy": "Plain",
      "Partial Mode": "Finalize",
      "Parallel Aware": false,
      "Startup Cost": 348575.25,
      "Total Cost": 348575.26,
      "Plan Rows": 1,
      "Plan Width": 8,
      "Actual Startup Time": 732.768,
      "Actual Total Time": 789.464,
      "Actual Rows": 1,
      "Actual Loops": 1,
      "Plans": [
        {
          "Node Type": "Gather",
          "Parent Relationship": "Outer",
          "Parallel Aware": false,
          "Startup Cost": 348574.62,
          "Total Cost": 348575.23,
          "Plan Rows": 6,
          "Plan Width": 8,
          "Actual Startup Time": 732.515,
          "Actual Total Time": 789.449,
          "Actual Rows": 7,
          "Actual Loops": 1,
          "Workers Planned": 6,
          "Workers Launched": 6,
          "Single Copy": false,
          "Plans": [
            {
              "Node Type": "Aggregate",
              "Strategy": "Plain",
              "Partial Mode": "Partial",
              "Parent Relationship": "Outer",
              "Parallel Aware": false,
              "Startup Cost": 347574.62,
              "Total Cost": 347574.64,
              "Plan Rows": 1,
              "Plan Width": 8,
              "Actual Startup Time": 723.11,
              "Actual Total Time": 723.112,
              "Actual Rows": 1,
              "Actual Loops": 7,
              "Plans": [
                {
                  "Node Type": "Seq Scan",
                  "Parent Relationship": "Outer",
                  "Parallel Aware": true,
                  "Relation Name": "cast_info",
                  "Alias": "ci",
                  "Startup Cost": 0.0,
                  "Total Cost": 343316.27,
                  "Plan Rows": 1703342,
                  "Plan Width": 0,
                  "Actual Startup Time": 255.909,
                  "Actual Total Time": 629.119,
                  "Actual Rows": 2204584,
                  "Actual Loops": 7,
                  "Filter": "((person_id > 2096975) AND (role_id > 1))",
                  "Rows Removed by Filter": 2973180
                }
              ]
            }
          ]
        }
      ]
    },
    "Planning Time": 0.228,
    "Triggers": [],
    "Execution Time": 789.535
  }
]