[
  {
    "Plan": {
      "Node Type": "Aggregate",
      "Strategy": "Plain",
      "Partial Mode": "Finalize",
      "Parallel Aware": false,
      "Startup Cost": 549317.5,
      "Total Cost": 549317.51,
      "Plan Rows": 1,
      "Plan Width": 64,
      "Actual Startup Time": 3161.261,
      "Actual Total Time": 3299.617,
      "Actual Rows": 1,
      "Actual Loops": 1,
      "Plans": [
        {
          "Node Type": "Gather",
          "Parent Relationship": "Outer",
          "Parallel Aware": false,
          "Startup Cost": 549317.17,
          "Total Cost": 549317.48,
          "Plan Rows": 3,
          "Plan Width": 64,
          "Actual Startup Time": 3158.848,
          "Actual Total Time": 3299.603,
          "Actual Rows": 4,
          "Actual Loops": 1,
          "Workers Planned": 3,
          "Workers Launched": 3,
          "Single Copy": false,
          "Plans": [
            {
              "Node Type": "Aggregate",
              "Strategy": "Plain",
              "Partial Mode": "Partial",
              "Parent Relationship": "Outer",
              "Parallel Aware": false,
              "Startup Cost": 548317.17,
              "Total Cost": 548317.18,
              "Plan Rows": 1,
              "Plan Width": 64,
              "Actual Startup Time": 3148.983,
              "Actual Total Time": 3149.236,
              "Actual Rows": 1,
              "Actual Loops": 4,
              "Plans": [
                {
                  "Node Type": "Hash Join",
                  "Parent Relationship": "Outer",
                  "Parallel Aware": true,
                  "Join Type": "Inner",
                  "Startup Cost": 532922.18,
                  "Total Cost": 548316.12,
                  "Plan Rows": 211,
                  "Plan Width": 33,
                  "Actual Startup Time": 3070.25,
                  "Actual Total Time": 3143.648,
                  "Actual Rows": 66599,
                  "Actual Loops": 4,
                  "Inner Unique": false,
                  "Hash Cond": "(an.person_id = n.id)",
                  "Plans": [
                    {
                      "Node Type": "Seq Scan",
                      "Parent Relationship": "Outer",
                      "Parallel Aware": true,
                      "Relation Name": "aka_name",
                      "Alias": "an",
                      "Startup Cost": 0.0,
                      "Total Cost": 14303.56,
                      "Plan Rows": 290756,
                      "Plan Width": 20,
                      "Actual Startup Time": 0.035,
                      "Actual Total Time": 34.663,
                      "Actual Rows": 225336,
                      "Actual Loops": 4
                    },
                    {
                      "Node Type": "Hash",
                      "Parent Relationship": "Inner",
                      "Parallel Aware": true,
                      "Startup Cost": 532921.3,
                      "Total Cost": 532921.3,
                      "Plan Rows": 70,
                      "Plan Width": 25,
                      "Actual Startup Time": 3068.885,
                      "Actual Total Time": 3069.137,
                      "Actual Rows": 45411,
                      "Actual Loops": 4,
                      "Hash Buckets": 262144,
                      "Original Hash Buckets": 1024,
                      "Hash Batches": 1,
                      "Original Hash Batches": 1,
                      "Peak Memory Usage": 15992,
                      "Plans": [
                        {
                          "Node Type": "Hash Join",
                          "Parent Relationship": "Outer",
                          "Parallel Aware": true,
                          "Join Type": "Inner",
                          "Startup Cost": 462983.34,
                          "Total Cost": 532921.3,
                          "Plan Rows": 70,
                          "Plan Width": 25,
                          "Actual Startup Time": 2756.01,
                          "Actual Total Time": 3034.031,
                          "Actual Rows": 45411,
                          "Actual Loops": 4,
                          "Inner Unique": false,
                          "Hash Cond": "(n.id = ci.person_id)",
                          "Plans": [
                            {
                              "Node Type": "Seq Scan",
                              "Parent Relationship": "Outer",
                              "Parallel Aware": true,
                              "Relation Name": "name",
                              "Alias": "n",
                              "Startup Cost": 0.0,
                              "Total Cost": 66031.07,
                              "Plan Rows": 1041807,
                              "Plan Width": 4,
                              "Actual Startup Time": 0.017,
                              "Actual Total Time": 134.308,
                              "Actual Rows": 1041873,
                              "Actual Loops": 4
                            },
                            {
                              "Node Type": "Hash",
                              "Parent Relationship": "Inner",
                              "Parallel Aware": true,
                              "Startup Cost": 462982.76,
                              "Total Cost": 462982.76,
                              "Plan Rows": 46,
                              "Plan Width": 21,
                              "Actual Startup Time": 2755.813,
                              "Actual Total Time": 2756.062,
                              "Actual Rows": 45411,
                              "Actual Loops": 4,
                              "Hash Buckets": 262144,
                              "Original Hash Buckets": 1024,
                              "Hash Batches": 1,
                              "Original Hash Batches": 1,
                              "Peak Memory Usage": 15320,
                              "Plans": [
                                {
                                  "Node Type": "Hash Join",
                                  "Parent Relationship": "Outer",
                                  "Parallel Aware": true,
                                  "Join Type": "Inner",
                                  "Startup Cost": 127270.83,
                                  "Total Cost": 462982.76,
                                  "Plan Rows": 46,
                                  "Plan Width": 21,
                                  "Actual Startup Time": 788.563,
                                  "Actual Total Time": 2654.395,
                                  "Actual Rows": 45411,
                                  "Actual Loops": 4,
                                  "Inner Unique": false,
                                  "Hash Cond": "(ci.movie_id = t.id)",
                                  "Plans": [
                                    {
                                      "Node Type": "Seq Scan",
                                      "Parent Relationship": "Outer",
                                      "Parallel Aware": true,
                                      "Relation Name": "cast_info",
                                      "Alias": "ci",
                                      "Startup Cost": 0.0,
                                      "Total Cost": 313068.58,
                                      "Plan Rows": 6038158,
                                      "Plan Width": 8,
                                      "Actual Startup Time": 0.029,
                                      "Actual Total Time": 933.708,
                                      "Actual Rows": 9061086,
                                      "Actual Loops": 4
                                    },
                                    {
                                      "Node Type": "Hash",
                                      "Parent Relationship": "Inner",
                                      "Parallel Aware": true,
                                      "Startup Cost": 127270.69,
                                      "Total Cost": 127270.69,
                                      "Plan Rows": 11,
                                      "Plan Width": 29,
                                      "Actual Startup Time": 788.146,
                                      "Actual Total Time": 788.393,
                                      "Actual Rows": 1798,
                                      "Actual Loops": 4,
                                      "Hash Buckets": 8192,
                                      "Original Hash Buckets": 1024,
                                      "Hash Batches": 1,
                                      "Original Hash Batches": 1,
                                      "Peak Memory Usage": 728,
                                      "Plans": [
                                        {
                                          "Node Type": "Hash Join",
                                          "Parent Relationship": "Outer",
                                          "Parallel Aware": true,
                                          "Join Type": "Inner",
                                          "Startup Cost": 121983.7,
                                          "Total Cost": 127270.69,
                                          "Plan Rows": 11,
                                          "Plan Width": 29,
                                          "Actual Startup Time": 756.147,
                                          "Actual Total Time": 776.532,
                                          "Actual Rows": 1798,
                                          "Actual Loops": 4,
                                          "Inner Unique": false,
                                          "Hash Cond": "(cn.id = mc.company_id)",
                                          "Plans": [
                                            {
                                              "Node Type": "Seq Scan",
                                              "Parent Relationship": "Outer",
                                              "Parallel Aware": true,
                                              "Relation Name": "company_name",
                                              "Alias": "cn",
                                              "Startup Cost": 0.0,
                                              "Total Cost": 4722.92,
                                              "Plan Rows": 50137,
                                              "Plan Width": 4,
                                              "Actual Startup Time": 0.023,
                                              "Actual Total Time": 15.853,
                                              "Actual Rows": 21211,
                                              "Actual Loops": 4,
                                              "Filter": "((country_code)::text = '[us]'::text)",
                                              "Rows Removed by Filter": 37538
                                            },
                                            {
                                              "Node Type": "Hash",
                                              "Parent Relationship": "Inner",
                                              "Parallel Aware": true,
                                              "Startup Cost": 121983.5,
                                              "Total Cost": 121983.5,
                                              "Plan Rows": 16,
                                              "Plan Width": 33,
                                              "Actual Startup Time": 755.827,
                                              "Actual Total Time": 756.072,
                                              "Actual Rows": 2314,
                                              "Actual Loops": 4,
                                              "Hash Buckets": 16384,
                                              "Original Hash Buckets": 1024,
                                              "Hash Batches": 1,
                                              "Original Hash Batches": 1,
                                              "Peak Memory Usage": 1016,
                                              "Plans": [
                                                {
                                                  "Node Type": "Hash Join",
                                                  "Parent Relationship": "Outer",
                                                  "Parallel Aware": true,
                                                  "Join Type": "Inner",
                                                  "Startup Cost": 91620.74,
                                                  "Total Cost": 121983.5,
                                                  "Plan Rows": 16,
                                                  "Plan Width": 33,
                                                  "Actual Startup Time": 530.988,
                                                  "Actual Total Time": 687.13,
                                                  "Actual Rows": 2314,
                                                  "Actual Loops": 4,
                                                  "Inner Unique": false,
                                                  "Hash Cond": "(mc.movie_id = t.id)",
                                                  "Plans": [
                                                    {
                                                      "Node Type": "Seq Scan",
                                                      "Parent Relationship": "Outer",
                                                      "Parallel Aware": true,
                                                      "Relation Name": "movie_companies",
                                                      "Alias": "mc",
                                                      "Startup Cost": 0.0,
                                                      "Total Cost": 27206.55,
                                                      "Plan Rows": 841655,
                                                      "Plan Width": 8,
                                                      "Actual Startup Time": 0.037,
                                                      "Actual Total Time": 83.215,
                                                      "Actual Rows": 652282,
                                                      "Actual Loops": 4
                                                    },
                                                    {
                                                      "Node Type": "Hash",
                                                      "Parent Relationship": "Inner",
                                                      "Parallel Aware": true,
                                                      "Startup Cost": 91620.72,
                                                      "Total Cost": 91620.72,
                                                      "Plan Rows": 2,
                                                      "Plan Width": 25,
                                                      "Actual Startup Time": 530.367,
                                                      "Actual Total Time": 530.609,
                                                      "Actual Rows": 1399,
                                                      "Actual Loops": 4,
                                                      "Hash Buckets": 8192,
                                                      "Original Hash Buckets": 1024,
                                                      "Hash Batches": 1,
                                                      "Original Hash Batches": 1,
                                                      "Peak Memory Usage": 568,
                                                      "Plans": [
                                                        {
                                                          "Node Type": "Hash Join",
                                                          "Parent Relationship": "Outer",
                                                          "Parallel Aware": true,
                                                          "Join Type": "Inner",
                                                          "Startup Cost": 45504.47,
                                                          "Total Cost": 91620.72,
                                                          "Plan Rows": 2,
                                                          "Plan Width": 25,
                                                          "Actual Startup Time": 267.868,
                                                          "Actual Total Time": 430.188,
                                                          "Actual Rows": 1399,
                                                          "Actual Loops": 4,
                                                          "Inner Unique": false,
                                                          "Hash Cond": "(t.id = mk.movie_id)",
                                                          "Plans": [
                                                            {
                                                              "Node Type": "Seq Scan",
                                                              "Parent Relationship": "Outer",
                                                              "Parallel Aware": true,
                                                              "Relation Name": "title",
                                                              "Alias": "t",
                                                              "Startup Cost": 0.0,
                                                              "Total Cost": 45478.74,
                                                              "Plan Rows": 170000,
                                                              "Plan Width": 21,
                                                              "Actual Startup Time": 0.029,
                                                              "Actual Total Time": 133.667,
                                                              "Actual Rows": 170060,
                                                              "Actual Loops": 4,
                                                              "Filter": "((episode_nr >= 4) AND (episode_nr <= 48))",
                                                              "Rows Removed by Filter": 462018
                                                            },
                                                            {
                                                              "Node Type": "Hash",
                                                              "Parent Relationship": "Inner",
                                                              "Parallel Aware": true,
                                                              "Startup Cost": 45504.33,
                                                              "Total Cost": 45504.33,
                                                              "Plan Rows": 11,
                                                              "Plan Width": 4,
                                                              "Actual Startup Time": 267.668,
                                                              "Actual Total Time": 267.671,
                                                              "Actual Rows": 10460,
                                                              "Actual Loops": 4,
                                                              "Hash Buckets": 65536,
                                                              "Original Hash Buckets": 1024,
                                                              "Hash Batches": 1,
                                                              "Original Hash Batches": 1,
                                                              "Peak Memory Usage": 2712,
                                                              "Plans": [
                                                                {
                                                                  "Node Type": "Hash Join",
                                                                  "Parent Relationship": "Outer",
                                                                  "Parallel Aware": false,
                                                                  "Join Type": "Inner",
                                                                  "Startup Cost": 2626.14,
                                                                  "Total Cost": 45504.33,
                                                                  "Plan Rows": 11,
                                                                  "Plan Width": 4,
                                                                  "Actual Startup Time": 25.445,
                                                                  "Actual Total Time": 234.629,
                                                                  "Actual Rows": 10460,
                                                                  "Actual Loops": 4,
                                                                  "Inner Unique": true,
                                                                  "Hash Cond": "(mk.keyword_id = k.id)",
                                                                  "Plans": [
                                                                    {
                                                                      "Node Type": "Seq Scan",
                                                                      "Parent Relationship": "Outer",
                                                                      "Parallel Aware": true,
                                                                      "Relation Name": "movie_keyword",
                                                                      "Alias": "mk",
                                                                      "Startup Cost": 0.0,
                                                                      "Total Cost": 39047.32,
                                                                      "Plan Rows": 1459332,
                                                                      "Plan Width": 8,
                                                                      "Actual Startup Time": 0.057,
                                                                      "Actual Total Time": 124.354,
                                                                      "Actual Rows": 1130982,
                                                                      "Actual Loops": 4
                                                                    },
                                                                    {
                                                                      "Node Type": "Hash",
                                                                      "Parent Relationship": "Inner",
                                                                      "Parallel Aware": false,
                                                                      "Startup Cost": 2626.12,
                                                                      "Total Cost": 2626.12,
                                                                      "Plan Rows": 1,
                                                                      "Plan Width": 4,
                                                                      "Actual Startup Time": 25.319,
                                                                      "Actual Total Time": 25.321,
                                                                      "Actual Rows": 1,
                                                                      "Actual Loops": 4,
                                                                      "Hash Buckets": 1024,
                                                                      "Original Hash Buckets": 1024,
                                                                      "Hash Batches": 1,
                                                                      "Original Hash Batches": 1,
                                                                      "Peak Memory Usage": 9,
                                                                      "Plans": [
                                                                        {
                                                                          "Node Type": "Seq Scan",
                                                                          "Parent Relationship": "Outer",
                                                                          "Parallel Aware": false,
                                                                          "Relation Name": "keyword",
                                                                          "Alias": "k",
                                                                          "Startup Cost": 0.0,
                                                                          "Total Cost": 2626.12,
                                                                          "Plan Rows": 1,
                                                                          "Plan Width": 4,
                                                                          "Actual Startup Time": 2.045,
                                                                          "Actual Total Time": 25.299,
                                                                          "Actual Rows": 1,
                                                                          "Actual Loops": 4,
                                                                          "Filter": "(keyword = 'character-name-in-title'::text)",
                                                                          "Rows Removed by Filter": 134169
                                                                        }
                                                                      ]
                                                                    }
                                                                  ]
                                                                }
                                                              ]
                                                            }
                                                          ]
                                                        }
                                                      ]
                                                    }
                                                  ]
                                                }
                                              ]
                                            }
                                          ]
                                        }
                                      ]
                                    }
                                  ]
                                }
                              ]
                            }
                          ]
                        }
                      ]
                    }
                  ]
                }
              ]
            }
          ]
        }
      ]
    },
    "Planning Time": 18.646,
    "Triggers": [],
    "Execution Time": 3300.087
  }
]