{
  "Plan": {
    "Node Type": "Aggregate",
    "Strategy": "Plain",
    "Partial Mode": "Finalize",
    "Parallel Aware": false,
    "Startup Cost": 400806.69,
    "Total Cost": 400806.7,
    "Plan Rows": 1,
    "Plan Width": 8,
    "Actual Startup Time": 1546.357,
    "Actual Total Time": 1600.312,
    "Actual Rows": 1,
    "Actual Loops": 1,
    "Plans": [
      {
        "Node Type": "Gather",
        "Parent Relationship": "Outer",
        "Parallel Aware": false,
        "Startup Cost": 400806.57,
        "Total Cost": 400806.68,
        "Plan Rows": 1,
        "Plan Width": 8,
        "Actual Startup Time": 1543.617,
        "Actual Total Time": 1600.301,
        "Actual Rows": 2,
        "Actual Loops": 1,
        "Workers Planned": 1,
        "Workers Launched": 1,
        "Single Copy": false,
        "Plans": [
          {
            "Node Type": "Aggregate",
            "Strategy": "Plain",
            "Partial Mode": "Partial",
            "Parent Relationship": "Outer",
            "Parallel Aware": false,
            "Startup Cost": 399806.57,
            "Total Cost": 399806.58,
            "Plan Rows": 1,
            "Plan Width": 8,
            "Actual Startup Time": 1537.937,
            "Actual Total Time": 1538.865,
            "Actual Rows": 1,
            "Actual Loops": 2,
            "Plans": [
              {
                "Node Type": "Hash Join",
                "Parent Relationship": "Outer",
                "Parallel Aware": true,
                "Join Type": "Inner",
                "Startup Cost": 110681.93,
                "Total Cost": 398447.59,
                "Plan Rows": 543593,
                "Plan Width": 0,
                "Actual Startup Time": 580.571,
                "Actual Total Time": 1519.718,
                "Actual Rows": 462595,
                "Actual Loops": 2,
                "Inner Unique": false,
                "Hash Cond": "(mi.movie_id = t.id)",
                "Plans": [
                  {
                    "Node Type": "Seq Scan",
                    "Parent Relationship": "Outer",
                    "Parallel Aware": true,
                    "Relation Name": "movie_info",
                    "Alias": "mi",
                    "Startup Cost": 0.0,
                    "Total Cost": 270696.42,
                    "Plan Rows": 3699105,
                    "Plan Width": 4,
                    "Actual Startup Time": 34.305,
                    "Actual Total Time": 642.971,
                    "Actual Rows": 3111747,
                    "Actual Loops": 2,
                    "Filter": "(info_type_id > 8)",
                    "Rows Removed by Filter": 4306113
                  },
                  {
                    "Node Type": "Hash",
                    "Parent Relationship": "Inner",
                    "Parallel Aware": true,
                    "Startup Cost": 107950.03,
                    "Total Cost": 107950.03,
                    "Plan Rows": 218552,
                    "Plan Width": 8,
                    "Actual Startup Time": 540.4,
                    "Actual Total Time": 541.327,
                    "Actual Rows": 120742,
                    "Actual Loops": 2,
                    "Hash Buckets": 524288,
                    "Original Hash Buckets": 524288,
                    "Hash Batches": 1,
                    "Original Hash Batches": 1,
                    "Peak Memory Usage": 13568,
                    "Plans": [
                      {
                        "Node Type": "Hash Join",
                        "Parent Relationship": "Outer",
                        "Parallel Aware": true,
                        "Join Type": "Inner",
                        "Startup Cost": 64383.19,
                        "Total Cost": 107950.03,
                        "Plan Rows": 218552,
                        "Plan Width": 8,
                        "Actual Startup Time": 326.464,
                        "Actual Total Time": 512.882,
                        "Actual Rows": 120742,
                        "Actual Loops": 2,
                        "Inner Unique": true,
                        "Hash Cond": "(mc.movie_id = t.id)",
                        "Plans": [
                          {
                            "Node Type": "Seq Scan",
                            "Parent Relationship": "Outer",
                            "Parallel Aware": true,
                            "Relation Name": "movie_companies",
                            "Alias": "mc",
                            "Startup Cost": 0.0,
                            "Total Cost": 41811.73,
                            "Plan Rows": 668613,
                            "Plan Width": 4,
                            "Actual Startup Time": 51.733,
                            "Actual Total Time": 119.125,
                            "Actual Rows": 480639,
                            "Actual Loops": 2,
                            "Filter": "((company_id < 85125) AND (company_type_id = 2))",
                            "Rows Removed by Filter": 823926
                          },
                          {
                            "Node Type": "Hash",
                            "Parent Relationship": "Inner",
                            "Parallel Aware": true,
                            "Startup Cost": 58306.47,
                            "Total Cost": 58306.47,
                            "Plan Rows": 486138,
                            "Plan Width": 4,
                            "Actual Startup Time": 268.05,
                            "Actual Total Time": 268.051,
                            "Actual Rows": 438093,
                            "Actual Loops": 2,
                            "Hash Buckets": 1048576,
                            "Original Hash Buckets": 1048576,
                            "Hash Batches": 1,
                            "Original Hash Batches": 1,
                            "Peak Memory Usage": 42496,
                            "Plans": [
                              {
                                "Node Type": "Seq Scan",
                                "Parent Relationship": "Outer",
                                "Parallel Aware": true,
                                "Relation Name": "title",
                                "Alias": "t",
                                "Startup Cost": 0.0,
                                "Total Cost": 58306.47,
                                "Plan Rows": 486138,
                                "Plan Width": 4,
                                "Actual Startup Time": 0.054,
                                "Actual Total Time": 163.392,
                                "Actual Rows": 438093,
                                "Actual Loops": 2,
                                "Filter": "((kind_id > 1) AND (production_year > 2004))",
                                "Rows Removed by Filter": 826063
                              }
                            ]
                          }
                        ]
                      }
                    ]
                  }
                ]
              }
            ]
          }
        ]
      }
    ]
  },
  "Planning Time": 1.032,
  "Triggers": [],
  "Execution Time": 1600.433
}