[
  {
    "Plan": {
      "Node Type": "Aggregate",
      "Strategy": "Plain",
      "Partial Mode": "Finalize",
      "Parallel Aware": false,
      "Startup Cost": 72667.84,
      "Total Cost": 72667.85,
      "Plan Rows": 1,
      "Plan Width": 8,
      "Actual Startup Time": 152.671,
      "Actual Total Time": 169.011,
      "Actual Rows": 1,
      "Actual Loops": 1,
      "Plans": [
        {
          "Node Type": "Gather",
          "Parent Relationship": "Outer",
          "Parallel Aware": false,
          "Startup Cost": 72667.52,
          "Total Cost": 72667.83,
          "Plan Rows": 3,
          "Plan Width": 8,
          "Actual Startup Time": 151.965,
          "Actual Total Time": 169.005,
          "Actual Rows": 4,
          "Actual Loops": 1,
          "Workers Planned": 3,
          "Workers Launched": 3,
          "Single Copy": false,
          "Plans": [
            {
              "Node Type": "Aggregate",
              "Strategy": "Plain",
              "Partial Mode": "Partial",
              "Parent Relationship": "Outer",
              "Parallel Aware": false,
              "Startup Cost": 71667.52,
              "Total Cost": 71667.53,
              "Plan Rows": 1,
              "Plan Width": 8,
              "Actual Startup Time": 146.222,
              "Actual Total Time": 146.226,
              "Actual Rows": 1,
              "Actual Loops": 4,
              "Plans": [
                {
                  "Node Type": "Hash Join",
                  "Parent Relationship": "Outer",
                  "Parallel Aware": true,
                  "Join Type": "Inner",
                  "Startup Cost": 51451.57,
                  "Total Cost": 71665.39,
                  "Plan Rows": 853,
                  "Plan Width": 0,
                  "Actual Startup Time": 131.965,
                  "Actual Total Time": 146.19,
                  "Actual Rows": 235,
                  "Actual Loops": 4,
                  "Inner Unique": true,
                  "Hash Cond": "(mc.movie_id = t.id)",
                  "Plans": [
                    {
                      "Node Type": "Bitmap Heap Scan",
                      "Parent Relationship": "Outer",
                      "Parallel Aware": true,
                      "Relation Name": "movie_companies",
                      "Alias": "mc",
                      "Startup Cost": 5820.68,
                      "Total Cost": 25917.61,
                      "Plan Rows": 44529,
                      "Plan Width": 4,
                      "Actual Startup Time": 34.958,
                      "Actual Total Time": 46.024,
                      "Actual Rows": 15621,
                      "Actual Loops": 4,
                      "Recheck Cond": "(company_id < 139)",
                      "Rows Removed by Index Recheck": 0,
                      "Filter": "(company_type_id = 2)",
                      "Rows Removed by Filter": 50962,
                      "Exact Heap Blocks": 8458,
                      "Lossy Heap Blocks": 0,
                      "Plans": [
                        {
                          "Node Type": "Bitmap Index Scan",
                          "Parent Relationship": "Outer",
                          "Parallel Aware": false,
                          "Index Name": "company_id_movie_companies",
                          "Startup Cost": 0.0,
                          "Total Cost": 5786.17,
                          "Plan Rows": 270099,
                          "Plan Width": 0,
                          "Actual Startup Time": 10.75,
                          "Actual Total Time": 10.75,
                          "Actual Rows": 266330,
                          "Actual Loops": 1,
                          "Index Cond": "(company_id < 139)"
                        }
                      ]
                    },
                    {
                      "Node Type": "Hash",
                      "Parent Relationship": "Inner",
                      "Parallel Aware": true,
                      "Startup Cost": 45479.59,
                      "Total Cost": 45479.59,
                      "Plan Rows": 12104,
                      "Plan Width": 4,
                      "Actual Startup Time": 96.396,
                      "Actual Total Time": 96.397,
                      "Actual Rows": 10896,
                      "Actual Loops": 4,
                      "Hash Buckets": 65536,
                      "Original Hash Buckets": 65536,
                      "Hash Batches": 1,
                      "Original Hash Batches": 1,
                      "Peak Memory Usage": 2272,
                      "Plans": [
                        {
                          "Node Type": "Seq Scan",
                          "Parent Relationship": "Outer",
                          "Parallel Aware": true,
                          "Relation Name": "title",
                          "Alias": "t",
                          "Startup Cost": 0.0,
                          "Total Cost": 45479.59,
                          "Plan Rows": 12104,
                          "Plan Width": 4,
                          "Actual Startup Time": 0.15,
                          "Actual Total Time": 92.243,
                          "Actual Rows": 10896,
                          "Actual Loops": 4,
                          "Filter": "((kind_id < 6) AND (production_year = 2009))",
                          "Rows Removed by Filter": 621182
                        }
                      ]
                    }
                  ]
                }
              ]
            }
          ]
        }
      ]
    },
    "Planning Time": 0.262,
    "Triggers": [],
    "Execution Time": 169.056
  }
]