[
  {
    "Plan": {
      "Node Type": "Aggregate",
      "Strategy": "Plain",
      "Partial Mode": "Finalize",
      "Parallel Aware": false,
      "Startup Cost": 156783.88,
      "Total Cost": 156783.89,
      "Plan Rows": 1,
      "Plan Width": 8,
      "Actual Startup Time": 104.357,
      "Actual Total Time": 121.749,
      "Actual Rows": 1,
      "Actual Loops": 1,
      "Plans": [
        {
          "Node Type": "Gather",
          "Parent Relationship": "Outer",
          "Parallel Aware": false,
          "Startup Cost": 156783.46,
          "Total Cost": 156783.87,
          "Plan Rows": 4,
          "Plan Width": 8,
          "Actual Startup Time": 104.217,
          "Actual Total Time": 121.742,
          "Actual Rows": 5,
          "Actual Loops": 1,
          "Workers Planned": 4,
          "Workers Launched": 4,
          "Single Copy": false,
          "Plans": [
            {
              "Node Type": "Aggregate",
              "Strategy": "Plain",
              "Partial Mode": "Partial",
              "Parent Relationship": "Outer",
              "Parallel Aware": false,
              "Startup Cost": 155783.46,
              "Total Cost": 155783.47,
              "Plan Rows": 1,
              "Plan Width": 8,
              "Actual Startup Time": 99.016,
              "Actual Total Time": 99.018,
              "Actual Rows": 1,
              "Actual Loops": 5,
              "Plans": [
                {
                  "Node Type": "Nested Loop",
                  "Parent Relationship": "Outer",
                  "Parallel Aware": false,
                  "Join Type": "Inner",
                  "Startup Cost": 0.43,
                  "Total Cost": 155780.56,
                  "Plan Rows": 1161,
                  "Plan Width": 0,
                  "Actual Startup Time": 47.786,
                  "Actual Total Time": 98.923,
                  "Actual Rows": 1131,
                  "Actual Loops": 5,
                  "Inner Unique": false,
                  "Plans": [
                    {
                      "Node Type": "Seq Scan",
                      "Parent Relationship": "Outer",
                      "Parallel Aware": true,
                      "Relation Name": "title",
                      "Alias": "t",
                      "Startup Cost": 0.0,
                      "Total Cost": 45479.59,
                      "Plan Rows": 968,
                      "Plan Width": 4,
                      "Actual Startup Time": 47.551,
                      "Actual Total Time": 70.445,
                      "Actual Rows": 911,
                      "Actual Loops": 5,
                      "Filter": "((kind_id = 1) AND (production_year = 1968))",
                      "Rows Removed by Filter": 504751
                    },
                    {
                      "Node Type": "Index Scan",
                      "Parent Relationship": "Inner",
                      "Parallel Aware": false,
                      "Scan Direction": "Forward",
                      "Index Name": "movie_id_movie_info",
                      "Relation Name": "movie_info",
                      "Alias": "mi",
                      "Startup Cost": 0.43,
                      "Total Cost": 113.87,
                      "Plan Rows": 8,
                      "Plan Width": 4,
                      "Actual Startup Time": 0.022,
                      "Actual Total Time": 0.031,
                      "Actual Rows": 1,
                      "Actual Loops": 4557,
                      "Index Cond": "(movie_id = t.id)",
                      "Rows Removed by Index Recheck": 0,
                      "Filter": "(info_type_id = 16)",
                      "Rows Removed by Filter": 10
                    }
                  ]
                }
              ]
            }
          ]
        }
      ]
    },
    "Planning Time": 0.27,
    "Triggers": [],
    "Execution Time": 121.788
  }
]