{
  "Plan": {
    "Node Type": "Aggregate",
    "Strategy": "Plain",
    "Partial Mode": "Finalize",
    "Parallel Aware": false,
    "Startup Cost": 349754.5,
    "Total Cost": 349754.51,
    "Plan Rows": 1,
    "Plan Width": 8,
    "Actual Startup Time": 1891.045,
    "Actual Total Time": 1930.459,
    "Actual Rows": 1,
    "Actual Loops": 1,
    "Plans": [
      {
        "Node Type": "Gather",
        "Parent Relationship": "Outer",
        "Parallel Aware": false,
        "Startup Cost": 349754.39,
        "Total Cost": 349754.5,
        "Plan Rows": 1,
        "Plan Width": 8,
        "Actual Startup Time": 1889.199,
        "Actual Total Time": 1930.449,
        "Actual Rows": 2,
        "Actual Loops": 1,
        "Workers Planned": 1,
        "Workers Launched": 1,
        "Single Copy": false,
        "Plans": [
          {
            "Node Type": "Aggregate",
            "Strategy": "Plain",
            "Partial Mode": "Partial",
            "Parent Relationship": "Outer",
            "Parallel Aware": false,
            "Startup Cost": 348754.39,
            "Total Cost": 348754.4,
            "Plan Rows": 1,
            "Plan Width": 8,
            "Actual Startup Time": 1881.747,
            "Actual Total Time": 1881.75,
            "Actual Rows": 1,
            "Actual Loops": 2,
            "Plans": [
              {
                "Node Type": "Hash Join",
                "Parent Relationship": "Outer",
                "Parallel Aware": true,
                "Join Type": "Inner",
                "Startup Cost": 63297.58,
                "Total Cost": 345748.77,
                "Plan Rows": 1202245,
                "Plan Width": 0,
                "Actual Startup Time": 301.304,
                "Actual Total Time": 1804.455,
                "Actual Rows": 1577832,
                "Actual Loops": 2,
                "Inner Unique": true,
                "Hash Cond": "(mi.movie_id = t.id)",
                "Plans": [
                  {
                    "Node Type": "Seq Scan",
                    "Parent Relationship": "Outer",
                    "Parallel Aware": true,
                    "Relation Name": "movie_info",
                    "Alias": "mi",
                    "Startup Cost": 0.0,
                    "Total Cost": 270696.42,
                    "Plan Rows": 4478001,
                    "Plan Width": 4,
                    "Actual Startup Time": 38.037,
                    "Actual Total Time": 776.968,
                    "Actual Rows": 3774428,
                    "Actual Loops": 2,
                    "Filter": "(info_type_id > 7)",
                    "Rows Removed by Filter": 3643432
                  },
                  {
                    "Node Type": "Hash",
                    "Parent Relationship": "Inner",
                    "Parallel Aware": true,
                    "Startup Cost": 58306.47,
                    "Total Cost": 58306.47,
                    "Plan Rows": 399289,
                    "Plan Width": 4,
                    "Actual Startup Time": 255.446,
                    "Actual Total Time": 255.447,
                    "Actual Rows": 288142,
                    "Actual Loops": 2,
                    "Hash Buckets": 1048576,
                    "Original Hash Buckets": 1048576,
                    "Hash Batches": 1,
                    "Original Hash Batches": 1,
                    "Peak Memory Usage": 30784,
                    "Plans": [
                      {
                        "Node Type": "Seq Scan",
                        "Parent Relationship": "Outer",
                        "Parallel Aware": true,
                        "Relation Name": "title",
                        "Alias": "t",
                        "Startup Cost": 0.0,
                        "Total Cost": 58306.47,
                        "Plan Rows": 399289,
                        "Plan Width": 4,
                        "Actual Startup Time": 0.029,
                        "Actual Total Time": 169.084,
                        "Actual Rows": 288142,
                        "Actual Loops": 2,
                        "Filter": "((kind_id < 7) AND (production_year > 1991))",
                        "Rows Removed by Filter": 976014
                      }
                    ]
                  }
                ]
              }
            ]
          }
        ]
      }
    ]
  },
  "Planning Time": 0.489,
  "Triggers": [],
  "Execution Time": 1930.523
}