[
  {
    "Plan": {
      "Node Type": "Aggregate",
      "Strategy": "Plain",
      "Partial Mode": "Finalize",
      "Parallel Aware": false,
      "Startup Cost": 47032.24,
      "Total Cost": 47032.25,
      "Plan Rows": 1,
      "Plan Width": 8,
      "Actual Startup Time": 113.045,
      "Actual Total Time": 126.144,
      "Actual Rows": 1,
      "Actual Loops": 1,
      "Plans": [
        {
          "Node Type": "Gather",
          "Parent Relationship": "Outer",
          "Parallel Aware": false,
          "Startup Cost": 47031.82,
          "Total Cost": 47032.23,
          "Plan Rows": 4,
          "Plan Width": 8,
          "Actual Startup Time": 112.759,
          "Actual Total Time": 126.134,
          "Actual Rows": 5,
          "Actual Loops": 1,
          "Workers Planned": 4,
          "Workers Launched": 4,
          "Single Copy": false,
          "Plans": [
            {
              "Node Type": "Aggregate",
              "Strategy": "Plain",
              "Partial Mode": "Partial",
              "Parent Relationship": "Outer",
              "Parallel Aware": false,
              "Startup Cost": 46031.82,
              "Total Cost": 46031.83,
              "Plan Rows": 1,
              "Plan Width": 8,
              "Actual Startup Time": 106.295,
              "Actual Total Time": 106.298,
              "Actual Rows": 1,
              "Actual Loops": 5,
              "Plans": [
                {
                  "Node Type": "Seq Scan",
                  "Parent Relationship": "Outer",
                  "Parallel Aware": true,
                  "Relation Name": "title",
                  "Alias": "t",
                  "Startup Cost": 0.0,
                  "Total Cost": 45479.59,
                  "Plan Rows": 220894,
                  "Plan Width": 0,
                  "Actual Startup Time": 0.039,
                  "Actual Total Time": 95.246,
                  "Actual Rows": 189546,
                  "Actual Loops": 5,
                  "Filter": "((kind_id > 1) AND (production_year > 2003))",
                  "Rows Removed by Filter": 316117
                }
              ]
            }
          ]
        }
      ]
    },
    "Planning Time": 0.097,
    "Triggers": [],
    "Execution Time": 126.177
  }
]