{
  "Plan": {
    "Node Type": "Aggregate",
    "Strategy": "Plain",
    "Partial Mode": "Finalize",
    "Parallel Aware": false,
    "Startup Cost": 132577.43,
    "Total Cost": 132577.44,
    "Plan Rows": 1,
    "Plan Width": 8,
    "Actual Startup Time": 823.449,
    "Actual Total Time": 839.025,
    "Actual Rows": 1,
    "Actual Loops": 1,
    "Plans": [
      {
        "Node Type": "Gather",
        "Parent Relationship": "Outer",
        "Parallel Aware": false,
        "Startup Cost": 132577.32,
        "Total Cost": 132577.43,
        "Plan Rows": 1,
        "Plan Width": 8,
        "Actual Startup Time": 819.492,
        "Actual Total Time": 839.015,
        "Actual Rows": 2,
        "Actual Loops": 1,
        "Workers Planned": 1,
        "Workers Launched": 1,
        "Single Copy": false,
        "Plans": [
          {
            "Node Type": "Aggregate",
            "Strategy": "Plain",
            "Partial Mode": "Partial",
            "Parent Relationship": "Outer",
            "Parallel Aware": false,
            "Startup Cost": 131577.32,
            "Total Cost": 131577.33,
            "Plan Rows": 1,
            "Plan Width": 8,
            "Actual Startup Time": 814.242,
            "Actual Total Time": 814.791,
            "Actual Rows": 1,
            "Actual Loops": 2,
            "Plans": [
              {
                "Node Type": "Hash Join",
                "Parent Relationship": "Outer",
                "Parallel Aware": true,
                "Join Type": "Inner",
                "Startup Cost": 65517.12,
                "Total Cost": 129327.04,
                "Plan Rows": 900112,
                "Plan Width": 0,
                "Actual Startup Time": 370.42,
                "Actual Total Time": 804.908,
                "Actual Rows": 192778,
                "Actual Loops": 2,
                "Inner Unique": true,
                "Hash Cond": "(mk.movie_id = t.id)",
                "Plans": [
                  {
                    "Node Type": "Seq Scan",
                    "Parent Relationship": "Outer",
                    "Parallel Aware": true,
                    "Relation Name": "movie_keyword",
                    "Alias": "mk",
                    "Startup Cost": 0.0,
                    "Total Cost": 57718.19,
                    "Plan Rows": 2320656,
                    "Plan Width": 4,
                    "Actual Startup Time": 0.014,
                    "Actual Total Time": 232.521,
                    "Actual Rows": 1978296,
                    "Actual Loops": 2,
                    "Filter": "(keyword_id < 32360)",
                    "Rows Removed by Filter": 283669
                  },
                  {
                    "Node Type": "Hash",
                    "Parent Relationship": "Inner",
                    "Parallel Aware": true,
                    "Startup Cost": 58306.47,
                    "Total Cost": 58306.47,
                    "Plan Rows": 576852,
                    "Plan Width": 4,
                    "Actual Startup Time": 360.968,
                    "Actual Total Time": 360.969,
                    "Actual Rows": 537246,
                    "Actual Loops": 2,
                    "Hash Buckets": 2097152,
                    "Original Hash Buckets": 1048576,
                    "Hash Batches": 1,
                    "Original Hash Batches": 1,
                    "Peak Memory Usage": 66656,
                    "Plans": [
                      {
                        "Node Type": "Seq Scan",
                        "Parent Relationship": "Outer",
                        "Parallel Aware": true,
                        "Relation Name": "title",
                        "Alias": "t",
                        "Startup Cost": 0.0,
                        "Total Cost": 58306.47,
                        "Plan Rows": 576852,
                        "Plan Width": 4,
                        "Actual Startup Time": 0.037,
                        "Actual Total Time": 188.266,
                        "Actual Rows": 537246,
                        "Actual Loops": 2,
                        "Filter": "((production_year > 1995) AND (kind_id = 7))",
                        "Rows Removed by Filter": 726910
                      }
                    ]
                  }
                ]
              }
            ]
          }
        ]
      }
    ]
  },
  "Planning Time": 0.615,
  "Triggers": [],
  "Execution Time": 839.093
}