[
  {
    "Plan": {
      "Node Type": "Aggregate",
      "Strategy": "Plain",
      "Partial Mode": "Finalize",
      "Parallel Aware": false,
      "Startup Cost": 46506.17,
      "Total Cost": 46506.18,
      "Plan Rows": 1,
      "Plan Width": 8,
      "Actual Startup Time": 81.438,
      "Actual Total Time": 91.306,
      "Actual Rows": 1,
      "Actual Loops": 1,
      "Plans": [
        {
          "Node Type": "Gather",
          "Parent Relationship": "Outer",
          "Parallel Aware": false,
          "Startup Cost": 46505.75,
          "Total Cost": 46506.16,
          "Plan Rows": 4,
          "Plan Width": 8,
          "Actual Startup Time": 81.291,
          "Actual Total Time": 91.295,
          "Actual Rows": 5,
          "Actual Loops": 1,
          "Workers Planned": 4,
          "Workers Launched": 4,
          "Single Copy": false,
          "Plans": [
            {
              "Node Type": "Aggregate",
              "Strategy": "Plain",
              "Partial Mode": "Partial",
              "Parent Relationship": "Outer",
              "Parallel Aware": false,
              "Startup Cost": 45505.75,
              "Total Cost": 45505.76,
              "Plan Rows": 1,
              "Plan Width": 8,
              "Actual Startup Time": 77.383,
              "Actual Total Time": 77.386,
              "Actual Rows": 1,
              "Actual Loops": 5,
              "Plans": [
                {
                  "Node Type": "Seq Scan",
                  "Parent Relationship": "Outer",
                  "Parallel Aware": true,
                  "Relation Name": "title",
                  "Alias": "t",
                  "Startup Cost": 0.0,
                  "Total Cost": 45479.59,
                  "Plan Rows": 10464,
                  "Plan Width": 0,
                  "Actual Startup Time": 48.063,
                  "Actual Total Time": 76.276,
                  "Actual Rows": 23062,
                  "Actual Loops": 5,
                  "Filter": "((kind_id < 7) AND (production_year < 1930))",
                  "Rows Removed by Filter": 482600
                }
              ]
            }
          ]
        }
      ]
    },
    "Planning Time": 0.165,
    "Triggers": [],
    "Execution Time": 91.36
  }
]