[
  {
    "Plan": {
      "Node Type": "Aggregate",
      "Strategy": "Plain",
      "Partial Mode": "Finalize",
      "Parallel Aware": false,
      "Startup Cost": 46507.07,
      "Total Cost": 46507.08,
      "Plan Rows": 1,
      "Plan Width": 8,
      "Actual Startup Time": 102.22,
      "Actual Total Time": 114.627,
      "Actual Rows": 1,
      "Actual Loops": 1,
      "Plans": [
        {
          "Node Type": "Gather",
          "Parent Relationship": "Outer",
          "Parallel Aware": false,
          "Startup Cost": 46506.65,
          "Total Cost": 46507.06,
          "Plan Rows": 4,
          "Plan Width": 8,
          "Actual Startup Time": 101.96,
          "Actual Total Time": 114.619,
          "Actual Rows": 5,
          "Actual Loops": 1,
          "Workers Planned": 4,
          "Workers Launched": 4,
          "Single Copy": false,
          "Plans": [
            {
              "Node Type": "Aggregate",
              "Strategy": "Plain",
              "Partial Mode": "Partial",
              "Parent Relationship": "Outer",
              "Parallel Aware": false,
              "Startup Cost": 45506.65,
              "Total Cost": 45506.66,
              "Plan Rows": 1,
              "Plan Width": 8,
              "Actual Startup Time": 93.929,
              "Actual Total Time": 93.93,
              "Actual Rows": 1,
              "Actual Loops": 5,
              "Plans": [
                {
                  "Node Type": "Seq Scan",
                  "Parent Relationship": "Outer",
                  "Parallel Aware": true,
                  "Relation Name": "title",
                  "Alias": "t",
                  "Startup Cost": 0.0,
                  "Total Cost": 45479.1,
                  "Plan Rows": 11020,
                  "Plan Width": 0,
                  "Actual Startup Time": 60.666,
                  "Actual Total Time": 92.547,
                  "Actual Rows": 23062,
                  "Actual Loops": 5,
                  "Filter": "((kind_id < 7) AND (production_year < 1930))",
                  "Rows Removed by Filter": 482600
                }
              ]
            }
          ]
        }
      ]
    },
    "Planning Time": 0.188,
    "Triggers": [],
    "Execution Time": 114.685
  }
]