[
  {
    "Plan": {
      "Node Type": "Aggregate",
      "Strategy": "Plain",
      "Partial Mode": "Finalize",
      "Parallel Aware": false,
      "Startup Cost": 338276.06,
      "Total Cost": 338276.07,
      "Plan Rows": 1,
      "Plan Width": 8,
      "Actual Startup Time": 447.487,
      "Actual Total Time": 469.76,
      "Actual Rows": 1,
      "Actual Loops": 1,
      "Plans": [
        {
          "Node Type": "Gather",
          "Parent Relationship": "Outer",
          "Parallel Aware": false,
          "Startup Cost": 338275.44,
          "Total Cost": 338276.05,
          "Plan Rows": 6,
          "Plan Width": 8,
          "Actual Startup Time": 447.39,
          "Actual Total Time": 469.747,
          "Actual Rows": 7,
          "Actual Loops": 1,
          "Workers Planned": 6,
          "Workers Launched": 6,
          "Single Copy": false,
          "Plans": [
            {
              "Node Type": "Aggregate",
              "Strategy": "Plain",
              "Partial Mode": "Partial",
              "Parent Relationship": "Outer",
              "Parallel Aware": false,
              "Startup Cost": 337275.44,
              "Total Cost": 337275.45,
              "Plan Rows": 1,
              "Plan Width": 8,
              "Actual Startup Time": 438.267,
              "Actual Total Time": 438.268,
              "Actual Rows": 1,
              "Actual Loops": 7,
              "Plans": [
                {
                  "Node Type": "Index Scan",
                  "Parent Relationship": "Outer",
                  "Parallel Aware": true,
                  "Scan Direction": "Forward",
                  "Index Name": "role_id_cast_info",
                  "Relation Name": "cast_info",
                  "Alias": "ci",
                  "Startup Cost": 0.56,
                  "Total Cost": 335235.55,
                  "Plan Rows": 815955,
                  "Plan Width": 0,
                  "Actual Startup Time": 0.21,
                  "Actual Total Time": 372.699,
                  "Actual Rows": 1465869,
                  "Actual Loops": 7,
                  "Index Cond": "(role_id < 2)",
                  "Rows Removed by Index Recheck": 0,
                  "Filter": "(person_id < 1399335)",
                  "Rows Removed by Filter": 344230
                }
              ]
            }
          ]
        }
      ]
    },
    "Planning Time": 0.233,
    "Triggers": [],
    "Execution Time": 469.827
  }
]