[
  {
    "Plan": {
      "Node Type": "Aggregate",
      "Strategy": "Plain",
      "Partial Mode": "Finalize",
      "Parallel Aware": false,
      "Startup Cost": 142351.46,
      "Total Cost": 142351.47,
      "Plan Rows": 1,
      "Plan Width": 8,
      "Actual Startup Time": 322.253,
      "Actual Total Time": 353.431,
      "Actual Rows": 1,
      "Actual Loops": 1,
      "Plans": [
        {
          "Node Type": "Gather",
          "Parent Relationship": "Outer",
          "Parallel Aware": false,
          "Startup Cost": 142351.14,
          "Total Cost": 142351.45,
          "Plan Rows": 3,
          "Plan Width": 8,
          "Actual Startup Time": 321.357,
          "Actual Total Time": 353.42,
          "Actual Rows": 4,
          "Actual Loops": 1,
          "Workers Planned": 3,
          "Workers Launched": 3,
          "Single Copy": false,
          "Plans": [
            {
              "Node Type": "Aggregate",
              "Strategy": "Plain",
              "Partial Mode": "Partial",
              "Parent Relationship": "Outer",
              "Parallel Aware": false,
              "Startup Cost": 141351.14,
              "Total Cost": 141351.15,
              "Plan Rows": 1,
              "Plan Width": 8,
              "Actual Startup Time": 311.871,
              "Actual Total Time": 311.876,
              "Actual Rows": 1,
              "Actual Loops": 4,
              "Plans": [
                {
                  "Node Type": "Nested Loop",
                  "Parent Relationship": "Outer",
                  "Parallel Aware": false,
                  "Join Type": "Inner",
                  "Startup Cost": 55431.47,
                  "Total Cost": 141324.41,
                  "Plan Rows": 10695,
                  "Plan Width": 0,
                  "Actual Startup Time": 163.439,
                  "Actual Total Time": 311.704,
                  "Actual Rows": 1136,
                  "Actual Loops": 4,
                  "Inner Unique": false,
                  "Join Filter": "(t.id = ci.movie_id)",
                  "Rows Removed by Join Filter": 0,
                  "Plans": [
                    {
                      "Node Type": "Hash Join",
                      "Parent Relationship": "Outer",
                      "Parallel Aware": true,
                      "Join Type": "Inner",
                      "Startup Cost": 55430.9,
                      "Total Cost": 82018.31,
                      "Plan Rows": 12044,
                      "Plan Width": 8,
                      "Actual Startup Time": 162.741,
                      "Actual Total Time": 242.228,
                      "Actual Rows": 1746,
                      "Actual Loops": 4,
                      "Inner Unique": true,
                      "Hash Cond": "(mk.movie_id = t.id)",
                      "Plans": [
                        {
                          "Node Type": "Bitmap Heap Scan",
                          "Parent Relationship": "Outer",
                          "Parallel Aware": true,
                          "Relation Name": "movie_keyword",
                          "Alias": "mk",
                          "Startup Cost": 9277.21,
                          "Total Cost": 35494.35,
                          "Plan Rows": 141052,
                          "Plan Width": 4,
                          "Actual Startup Time": 40.682,
                          "Actual Total Time": 98.588,
                          "Actual Rows": 113332,
                          "Actual Loops": 4,
                          "Recheck Cond": "(keyword_id < 348)",
                          "Rows Removed by Index Recheck": 0,
                          "Exact Heap Blocks": 7844,
                          "Lossy Heap Blocks": 0,
                          "Plans": [
                            {
                              "Node Type": "Bitmap Index Scan",
                              "Parent Relationship": "Outer",
                              "Parallel Aware": false,
                              "Index Name": "keyword_id_movie_keyword",
                              "Startup Cost": 0.0,
                              "Total Cost": 9167.89,
                              "Plan Rows": 437261,
                              "Plan Width": 0,
                              "Actual Startup Time": 34.786,
                              "Actual Total Time": 34.787,
                              "Actual Rows": 453330,
                              "Actual Loops": 1,
                              "Index Cond": "(keyword_id < 348)"
                            }
                          ]
                        },
                        {
                          "Node Type": "Hash",
                          "Parent Relationship": "Inner",
                          "Parallel Aware": true,
                          "Startup Cost": 45479.1,
                          "Total Cost": 45479.1,
                          "Plan Rows": 53968,
                          "Plan Width": 4,
                          "Actual Startup Time": 118.719,
                          "Actual Total Time": 118.72,
                          "Actual Rows": 30197,
                          "Actual Loops": 4,
                          "Hash Buckets": 262144,
                          "Original Hash Buckets": 262144,
                          "Hash Batches": 1,
                          "Original Hash Batches": 1,
                          "Peak Memory Usage": 6848,
                          "Plans": [
                            {
                              "Node Type": "Seq Scan",
                              "Parent Relationship": "Outer",
                              "Parallel Aware": true,
                              "Relation Name": "title",
                              "Alias": "t",
                              "Startup Cost": 0.0,
                              "Total Cost": 45479.1,
                              "Plan Rows": 53968,
                              "Plan Width": 4,
                              "Actual Startup Time": 0.048,
                              "Actual Total Time": 106.026,
                              "Actual Rows": 30197,
                              "Actual Loops": 4,
                              "Filter": "((production_year < 1970) AND (kind_id = 7))",
                              "Rows Removed by Filter": 601881
                            }
                          ]
                        }
                      ]
                    },
                    {
                      "Node Type": "Index Scan",
                      "Parent Relationship": "Inner",
                      "Parallel Aware": false,
                      "Scan Direction": "Forward",
                      "Index Name": "movie_id_cast_info",
                      "Relation Name": "cast_info",
                      "Alias": "ci",
                      "Startup Cost": 0.56,
                      "Total Cost": 4.9,
                      "Plan Rows": 2,
                      "Plan Width": 4,
                      "Actual Startup Time": 0.036,
                      "Actual Total Time": 0.039,
                      "Actual Rows": 1,
                      "Actual Loops": 6986,
                      "Index Cond": "(movie_id = mk.movie_id)",
                      "Rows Removed by Index Recheck": 0,
                      "Filter": "((person_id < 656479) AND (role_id > 3))",
                      "Rows Removed by Filter": 15
                    }
                  ]
                }
              ]
            }
          ]
        }
      ]
    },
    "Planning Time": 1.409,
    "Triggers": [],
    "Execution Time": 353.542
  }
]