{
  "Plan": {
    "Node Type": "Aggregate",
    "Strategy": "Plain",
    "Partial Mode": "Finalize",
    "Parallel Aware": false,
    "Startup Cost": 42524.89,
    "Total Cost": 42524.9,
    "Plan Rows": 1,
    "Plan Width": 8,
    "Actual Startup Time": 40.831,
    "Actual Total Time": 46.992,
    "Actual Rows": 1,
    "Actual Loops": 1,
    "Plans": [
      {
        "Node Type": "Gather",
        "Parent Relationship": "Outer",
        "Parallel Aware": false,
        "Startup Cost": 42524.78,
        "Total Cost": 42524.89,
        "Plan Rows": 1,
        "Plan Width": 8,
        "Actual Startup Time": 40.698,
        "Actual Total Time": 46.986,
        "Actual Rows": 2,
        "Actual Loops": 1,
        "Workers Planned": 1,
        "Workers Launched": 1,
        "Single Copy": false,
        "Plans": [
          {
            "Node Type": "Aggregate",
            "Strategy": "Plain",
            "Partial Mode": "Partial",
            "Parent Relationship": "Outer",
            "Parallel Aware": false,
            "Startup Cost": 41524.78,
            "Total Cost": 41524.79,
            "Plan Rows": 1,
            "Plan Width": 8,
            "Actual Startup Time": 34.432,
            "Actual Total Time": 34.434,
            "Actual Rows": 1,
            "Actual Loops": 2,
            "Plans": [
              {
                "Node Type": "Nested Loop",
                "Parent Relationship": "Outer",
                "Parallel Aware": false,
                "Join Type": "Inner",
                "Startup Cost": 144.52,
                "Total Cost": 41523.67,
                "Plan Rows": 443,
                "Plan Width": 0,
                "Actual Startup Time": 9.381,
                "Actual Total Time": 34.387,
                "Actual Rows": 296,
                "Actual Loops": 2,
                "Inner Unique": false,
                "Plans": [
                  {
                    "Node Type": "Nested Loop",
                    "Parent Relationship": "Outer",
                    "Parallel Aware": false,
                    "Join Type": "Inner",
                    "Startup Cost": 144.09,
                    "Total Cost": 40828.6,
                    "Plan Rows": 248,
                    "Plan Width": 8,
                    "Actual Startup Time": 3.173,
                    "Actual Total Time": 33.42,
                    "Actual Rows": 86,
                    "Actual Loops": 2,
                    "Inner Unique": true,
                    "Plans": [
                      {
                        "Node Type": "Bitmap Heap Scan",
                        "Parent Relationship": "Outer",
                        "Parallel Aware": true,
                        "Relation Name": "movie_companies",
                        "Alias": "mc",
                        "Startup Cost": 143.66,
                        "Total Cost": 13454.67,
                        "Plan Rows": 3888,
                        "Plan Width": 4,
                        "Actual Startup Time": 2.337,
                        "Actual Total Time": 7.661,
                        "Actual Rows": 3034,
                        "Actual Loops": 2,
                        "Recheck Cond": "(company_id = 93)",
                        "Rows Removed by Index Recheck": 0,
                        "Exact Heap Blocks": 1887,
                        "Lossy Heap Blocks": 0,
                        "Plans": [
                          {
                            "Node Type": "Bitmap Index Scan",
                            "Parent Relationship": "Outer",
                            "Parallel Aware": false,
                            "Index Name": "company_id_movie_companies",
                            "Startup Cost": 0.0,
                            "Total Cost": 142.0,
                            "Plan Rows": 6610,
                            "Plan Width": 0,
                            "Actual Startup Time": 3.485,
                            "Actual Total Time": 3.485,
                            "Actual Rows": 6067,
                            "Actual Loops": 1,
                            "Index Cond": "(company_id = 93)"
                          }
                        ]
                      },
                      {
                        "Node Type": "Index Scan",
                        "Parent Relationship": "Inner",
                        "Parallel Aware": false,
                        "Scan Direction": "Forward",
                        "Index Name": "title_pkey",
                        "Relation Name": "title",
                        "Alias": "t",
                        "Startup Cost": 0.43,
                        "Total Cost": 7.04,
                        "Plan Rows": 1,
                        "Plan Width": 4,
                        "Actual Startup Time": 0.008,
                        "Actual Total Time": 0.008,
                        "Actual Rows": 0,
                        "Actual Loops": 6067,
                        "Index Cond": "(id = mc.movie_id)",
                        "Rows Removed by Index Recheck": 0,
                        "Filter": "(production_year = 2011)",
                        "Rows Removed by Filter": 1
                      }
                    ]
                  },
                  {
                    "Node Type": "Index Only Scan",
                    "Parent Relationship": "Inner",
                    "Parallel Aware": false,
                    "Scan Direction": "Forward",
                    "Index Name": "movie_id_movie_keyword",
                    "Relation Name": "movie_keyword",
                    "Alias": "mk",
                    "Startup Cost": 0.43,
                    "Total Cost": 2.35,
                    "Plan Rows": 45,
                    "Plan Width": 4,
                    "Actual Startup Time": 0.008,
                    "Actual Total Time": 0.01,
                    "Actual Rows": 3,
                    "Actual Loops": 171,
                    "Index Cond": "(movie_id = t.id)",
                    "Rows Removed by Index Recheck": 0,
                    "Heap Fetches": 592
                  }
                ]
              }
            ]
          }
        ]
      }
    ]
  },
  "Planning Time": 1.067,
  "Triggers": [],
  "Execution Time": 47.091
}