[
  {
    "Plan": {
      "Node Type": "Aggregate",
      "Strategy": "Plain",
      "Partial Mode": "Finalize",
      "Parallel Aware": false,
      "Startup Cost": 62224.35,
      "Total Cost": 62224.36,
      "Plan Rows": 1,
      "Plan Width": 8,
      "Actual Startup Time": 189.562,
      "Actual Total Time": 204.823,
      "Actual Rows": 1,
      "Actual Loops": 1,
      "Plans": [
        {
          "Node Type": "Gather",
          "Parent Relationship": "Outer",
          "Parallel Aware": false,
          "Startup Cost": 62224.14,
          "Total Cost": 62224.35,
          "Plan Rows": 2,
          "Plan Width": 8,
          "Actual Startup Time": 189.27,
          "Actual Total Time": 204.816,
          "Actual Rows": 3,
          "Actual Loops": 1,
          "Workers Planned": 2,
          "Workers Launched": 2,
          "Single Copy": false,
          "Plans": [
            {
              "Node Type": "Aggregate",
              "Strategy": "Plain",
              "Partial Mode": "Partial",
              "Parent Relationship": "Outer",
              "Parallel Aware": false,
              "Startup Cost": 61224.14,
              "Total Cost": 61224.15,
              "Plan Rows": 1,
              "Plan Width": 8,
              "Actual Startup Time": 181.664,
              "Actual Total Time": 181.668,
              "Actual Rows": 1,
              "Actual Loops": 3,
              "Plans": [
                {
                  "Node Type": "Hash Join",
                  "Parent Relationship": "Outer",
                  "Parallel Aware": true,
                  "Join Type": "Inner",
                  "Startup Cost": 45596.34,
                  "Total Cost": 61217.13,
                  "Plan Rows": 2804,
                  "Plan Width": 0,
                  "Actual Startup Time": 119.974,
                  "Actual Total Time": 181.382,
                  "Actual Rows": 3358,
                  "Actual Loops": 3,
                  "Inner Unique": true,
                  "Hash Cond": "(mi_idx.movie_id = t.id)",
                  "Plans": [
                    {
                      "Node Type": "Seq Scan",
                      "Parent Relationship": "Outer",
                      "Parallel Aware": true,
                      "Relation Name": "movie_info_idx",
                      "Alias": "mi_idx",
                      "Startup Cost": 0.0,
                      "Total Cost": 15122.68,
                      "Plan Rows": 189755,
                      "Plan Width": 4,
                      "Actual Startup Time": 0.014,
                      "Actual Total Time": 44.408,
                      "Actual Rows": 153308,
                      "Actual Loops": 3,
                      "Filter": "(info_type_id < 100)",
                      "Rows Removed by Filter": 306703
                    },
                    {
                      "Node Type": "Hash",
                      "Parent Relationship": "Inner",
                      "Parallel Aware": true,
                      "Startup Cost": 45479.59,
                      "Total Cost": 45479.59,
                      "Plan Rows": 9340,
                      "Plan Width": 4,
                      "Actual Startup Time": 119.183,
                      "Actual Total Time": 119.184,
                      "Actual Rows": 8713,
                      "Actual Loops": 3,
                      "Hash Buckets": 65536,
                      "Original Hash Buckets": 65536,
                      "Hash Batches": 1,
                      "Original Hash Batches": 1,
                      "Peak Memory Usage": 1600,
                      "Plans": [
                        {
                          "Node Type": "Seq Scan",
                          "Parent Relationship": "Outer",
                          "Parallel Aware": true,
                          "Relation Name": "title",
                          "Alias": "t",
                          "Startup Cost": 0.0,
                          "Total Cost": 45479.59,
                          "Plan Rows": 9340,
                          "Plan Width": 4,
                          "Actual Startup Time": 0.119,
                          "Actual Total Time": 115.456,
                          "Actual Rows": 8713,
                          "Actual Loops": 3,
                          "Filter": "((kind_id < 3) AND (production_year = 2008))",
                          "Rows Removed by Filter": 834058
                        }
                      ]
                    }
                  ]
                }
              ]
            }
          ]
        }
      ]
    },
    "Planning Time": 0.238,
    "Triggers": [],
    "Execution Time": 204.863
  }
]