[
  {
    "Plan": {
      "Node Type": "Aggregate",
      "Strategy": "Plain",
      "Partial Mode": "Finalize",
      "Parallel Aware": false,
      "Startup Cost": 62220.12,
      "Total Cost": 62220.13,
      "Plan Rows": 1,
      "Plan Width": 8,
      "Actual Startup Time": 172.13,
      "Actual Total Time": 185.594,
      "Actual Rows": 1,
      "Actual Loops": 1,
      "Plans": [
        {
          "Node Type": "Gather",
          "Parent Relationship": "Outer",
          "Parallel Aware": false,
          "Startup Cost": 62219.9,
          "Total Cost": 62220.11,
          "Plan Rows": 2,
          "Plan Width": 8,
          "Actual Startup Time": 171.854,
          "Actual Total Time": 185.587,
          "Actual Rows": 3,
          "Actual Loops": 1,
          "Workers Planned": 2,
          "Workers Launched": 2,
          "Single Copy": false,
          "Plans": [
            {
              "Node Type": "Aggregate",
              "Strategy": "Plain",
              "Partial Mode": "Partial",
              "Parent Relationship": "Outer",
              "Parallel Aware": false,
              "Startup Cost": 61219.9,
              "Total Cost": 61219.91,
              "Plan Rows": 1,
              "Plan Width": 8,
              "Actual Startup Time": 164.307,
              "Actual Total Time": 164.31,
              "Actual Rows": 1,
              "Actual Loops": 3,
              "Plans": [
                {
                  "Node Type": "Hash Join",
                  "Parent Relationship": "Outer",
                  "Parallel Aware": true,
                  "Join Type": "Inner",
                  "Startup Cost": 45593.14,
                  "Total Cost": 61213.07,
                  "Plan Rows": 2734,
                  "Plan Width": 0,
                  "Actual Startup Time": 113.367,
                  "Actual Total Time": 164.109,
                  "Actual Rows": 3358,
                  "Actual Loops": 3,
                  "Inner Unique": true,
                  "Hash Cond": "(mi_idx.movie_id = t.id)",
                  "Plans": [
                    {
                      "Node Type": "Seq Scan",
                      "Parent Relationship": "Outer",
                      "Parallel Aware": true,
                      "Relation Name": "movie_info_idx",
                      "Alias": "mi_idx",
                      "Startup Cost": 0.0,
                      "Total Cost": 15122.68,
                      "Plan Rows": 189429,
                      "Plan Width": 4,
                      "Actual Startup Time": 0.022,
                      "Actual Total Time": 36.157,
                      "Actual Rows": 153308,
                      "Actual Loops": 3,
                      "Filter": "(info_type_id < 100)",
                      "Rows Removed by Filter": 306703
                    },
                    {
                      "Node Type": "Hash",
                      "Parent Relationship": "Inner",
                      "Parallel Aware": true,
                      "Startup Cost": 45479.1,
                      "Total Cost": 45479.1,
                      "Plan Rows": 9123,
                      "Plan Width": 4,
                      "Actual Startup Time": 111.974,
                      "Actual Total Time": 111.975,
                      "Actual Rows": 8713,
                      "Actual Loops": 3,
                      "Hash Buckets": 65536,
                      "Original Hash Buckets": 65536,
                      "Hash Batches": 1,
                      "Original Hash Batches": 1,
                      "Peak Memory Usage": 1568,
                      "Plans": [
                        {
                          "Node Type": "Seq Scan",
                          "Parent Relationship": "Outer",
                          "Parallel Aware": true,
                          "Relation Name": "title",
                          "Alias": "t",
                          "Startup Cost": 0.0,
                          "Total Cost": 45479.1,
                          "Plan Rows": 9123,
                          "Plan Width": 4,
                          "Actual Startup Time": 0.172,
                          "Actual Total Time": 108.688,
                          "Actual Rows": 8713,
                          "Actual Loops": 3,
                          "Filter": "((kind_id < 3) AND (production_year = 2008))",
                          "Rows Removed by Filter": 834058
                        }
                      ]
                    }
                  ]
                }
              ]
            }
          ]
        }
      ]
    },
    "Planning Time": 0.684,
    "Triggers": [],
    "Execution Time": 185.663
  }
]