[
  {
    "Plan": {
      "Node Type": "Aggregate",
      "Strategy": "Plain",
      "Partial Mode": "Finalize",
      "Parallel Aware": false,
      "Startup Cost": 92046.91,
      "Total Cost": 92046.92,
      "Plan Rows": 1,
      "Plan Width": 8,
      "Actual Startup Time": 296.374,
      "Actual Total Time": 314.683,
      "Actual Rows": 1,
      "Actual Loops": 1,
      "Plans": [
        {
          "Node Type": "Gather",
          "Parent Relationship": "Outer",
          "Parallel Aware": false,
          "Startup Cost": 92046.59,
          "Total Cost": 92046.9,
          "Plan Rows": 3,
          "Plan Width": 8,
          "Actual Startup Time": 294.255,
          "Actual Total Time": 314.66,
          "Actual Rows": 4,
          "Actual Loops": 1,
          "Workers Planned": 3,
          "Workers Launched": 3,
          "Single Copy": false,
          "Plans": [
            {
              "Node Type": "Aggregate",
              "Strategy": "Plain",
              "Partial Mode": "Partial",
              "Parent Relationship": "Outer",
              "Parallel Aware": false,
              "Startup Cost": 91046.59,
              "Total Cost": 91046.6,
              "Plan Rows": 1,
              "Plan Width": 8,
              "Actual Startup Time": 290.073,
              "Actual Total Time": 290.076,
              "Actual Rows": 1,
              "Actual Loops": 4,
              "Plans": [
                {
                  "Node Type": "Hash Join",
                  "Parent Relationship": "Outer",
                  "Parallel Aware": true,
                  "Join Type": "Inner",
                  "Startup Cost": 46376.22,
                  "Total Cost": 90853.99,
                  "Plan Rows": 77041,
                  "Plan Width": 0,
                  "Actual Startup Time": 131.424,
                  "Actual Total Time": 289.234,
                  "Actual Rows": 16724,
                  "Actual Loops": 4,
                  "Inner Unique": true,
                  "Hash Cond": "(mk.movie_id = t.id)",
                  "Plans": [
                    {
                      "Node Type": "Seq Scan",
                      "Parent Relationship": "Outer",
                      "Parallel Aware": true,
                      "Relation Name": "movie_keyword",
                      "Alias": "mk",
                      "Startup Cost": 0.0,
                      "Total Cost": 42695.65,
                      "Plan Rows": 678901,
                      "Plan Width": 4,
                      "Actual Startup Time": 0.382,
                      "Actual Total Time": 107.803,
                      "Actual Rows": 522067,
                      "Actual Loops": 4,
                      "Filter": "(keyword_id > 5779)",
                      "Rows Removed by Filter": 608916
                    },
                    {
                      "Node Type": "Hash",
                      "Parent Relationship": "Inner",
                      "Parallel Aware": true,
                      "Startup Cost": 45479.59,
                      "Total Cost": 45479.59,
                      "Plan Rows": 71731,
                      "Plan Width": 4,
                      "Actual Startup Time": 128.729,
                      "Actual Total Time": 128.73,
                      "Actual Rows": 73168,
                      "Actual Loops": 4,
                      "Hash Buckets": 524288,
                      "Original Hash Buckets": 524288,
                      "Hash Batches": 1,
                      "Original Hash Batches": 1,
                      "Peak Memory Usage": 15648,
                      "Plans": [
                        {
                          "Node Type": "Seq Scan",
                          "Parent Relationship": "Outer",
                          "Parallel Aware": true,
                          "Relation Name": "title",
                          "Alias": "t",
                          "Startup Cost": 0.0,
                          "Total Cost": 45479.59,
                          "Plan Rows": 71731,
                          "Plan Width": 4,
                          "Actual Startup Time": 0.017,
                          "Actual Total Time": 100.09,
                          "Actual Rows": 73168,
                          "Actual Loops": 4,
                          "Filter": "((kind_id > 1) AND (production_year > 2010))",
                          "Rows Removed by Filter": 558910
                        }
                      ]
                    }
                  ]
                }
              ]
            }
          ]
        }
      ]
    },
    "Planning Time": 0.482,
    "Triggers": [],
    "Execution Time": 314.733
  }
]