{
  "Plan": {
    "Node Type": "Aggregate",
    "Strategy": "Plain",
    "Partial Mode": "Finalize",
    "Parallel Aware": false,
    "Startup Cost": 502052.93,
    "Total Cost": 502052.94,
    "Plan Rows": 1,
    "Plan Width": 8,
    "Actual Startup Time": 948.817,
    "Actual Total Time": 1010.441,
    "Actual Rows": 1,
    "Actual Loops": 1,
    "Plans": [
      {
        "Node Type": "Gather",
        "Parent Relationship": "Outer",
        "Parallel Aware": false,
        "Startup Cost": 502052.82,
        "Total Cost": 502052.93,
        "Plan Rows": 1,
        "Plan Width": 8,
        "Actual Startup Time": 948.585,
        "Actual Total Time": 1010.434,
        "Actual Rows": 2,
        "Actual Loops": 1,
        "Workers Planned": 1,
        "Workers Launched": 1,
        "Single Copy": false,
        "Plans": [
          {
            "Node Type": "Aggregate",
            "Strategy": "Plain",
            "Partial Mode": "Partial",
            "Parent Relationship": "Outer",
            "Parallel Aware": false,
            "Startup Cost": 501052.82,
            "Total Cost": 501052.83,
            "Plan Rows": 1,
            "Plan Width": 8,
            "Actual Startup Time": 942.71,
            "Actual Total Time": 942.712,
            "Actual Rows": 1,
            "Actual Loops": 2,
            "Plans": [
              {
                "Node Type": "Nested Loop",
                "Parent Relationship": "Outer",
                "Parallel Aware": false,
                "Join Type": "Inner",
                "Startup Cost": 1.0,
                "Total Cost": 500368.73,
                "Plan Rows": 273636,
                "Plan Width": 0,
                "Actual Startup Time": 2.731,
                "Actual Total Time": 883.329,
                "Actual Rows": 1168608,
                "Actual Loops": 2,
                "Inner Unique": false,
                "Join Filter": "(t.id = mi.movie_id)",
                "Rows Removed by Join Filter": 0,
                "Plans": [
                  {
                    "Node Type": "Nested Loop",
                    "Parent Relationship": "Outer",
                    "Parallel Aware": false,
                    "Join Type": "Inner",
                    "Startup Cost": 0.56,
                    "Total Cost": 419930.78,
                    "Plan Rows": 46797,
                    "Plan Width": 8,
                    "Actual Startup Time": 2.622,
                    "Actual Total Time": 319.123,
                    "Actual Rows": 53238,
                    "Actual Loops": 2,
                    "Inner Unique": false,
                    "Plans": [
                      {
                        "Node Type": "Seq Scan",
                        "Parent Relationship": "Outer",
                        "Parallel Aware": true,
                        "Relation Name": "title",
                        "Alias": "t",
                        "Startup Cost": 0.0,
                        "Total Cost": 58306.47,
                        "Plan Rows": 3266,
                        "Plan Width": 4,
                        "Actual Startup Time": 2.434,
                        "Actual Total Time": 137.619,
                        "Actual Rows": 3274,
                        "Actual Loops": 2,
                        "Filter": "((kind_id < 7) AND (production_year = 1979))",
                        "Rows Removed by Filter": 1260882
                      },
                      {
                        "Node Type": "Index Only Scan",
                        "Parent Relationship": "Inner",
                        "Parallel Aware": false,
                        "Scan Direction": "Forward",
                        "Index Name": "movie_id_cast_info",
                        "Relation Name": "cast_info",
                        "Alias": "ci",
                        "Startup Cost": 0.56,
                        "Total Cost": 110.35,
                        "Plan Rows": 37,
                        "Plan Width": 4,
                        "Actual Startup Time": 0.011,
                        "Actual Total Time": 0.053,
                        "Actual Rows": 16,
                        "Actual Loops": 6548,
                        "Index Cond": "(movie_id = t.id)",
                        "Rows Removed by Index Recheck": 0,
                        "Heap Fetches": 106475
                      }
                    ]
                  },
                  {
                    "Node Type": "Index Only Scan",
                    "Parent Relationship": "Inner",
                    "Parallel Aware": false,
                    "Scan Direction": "Forward",
                    "Index Name": "movie_id_movie_info",
                    "Relation Name": "movie_info",
                    "Alias": "mi",
                    "Startup Cost": 0.43,
                    "Total Cost": 1.19,
                    "Plan Rows": 42,
                    "Plan Width": 4,
                    "Actual Startup Time": 0.003,
                    "Actual Total Time": 0.008,
                    "Actual Rows": 22,
                    "Actual Loops": 106475,
                    "Index Cond": "(movie_id = ci.movie_id)",
                    "Rows Removed by Index Recheck": 0,
                    "Heap Fetches": 2337217
                  }
                ]
              }
            ]
          }
        ]
      }
    ]
  },
  "Planning Time": 0.993,
  "Triggers": [],
  "Execution Time": 1010.544
}