[
  {
    "Plan": {
      "Node Type": "Aggregate",
      "Strategy": "Plain",
      "Partial Mode": "Finalize",
      "Parallel Aware": false,
      "Startup Cost": 89469.31,
      "Total Cost": 89469.32,
      "Plan Rows": 1,
      "Plan Width": 8,
      "Actual Startup Time": 224.121,
      "Actual Total Time": 239.986,
      "Actual Rows": 1,
      "Actual Loops": 1,
      "Plans": [
        {
          "Node Type": "Gather",
          "Parent Relationship": "Outer",
          "Parallel Aware": false,
          "Startup Cost": 89468.99,
          "Total Cost": 89469.3,
          "Plan Rows": 3,
          "Plan Width": 8,
          "Actual Startup Time": 223.765,
          "Actual Total Time": 239.976,
          "Actual Rows": 4,
          "Actual Loops": 1,
          "Workers Planned": 3,
          "Workers Launched": 3,
          "Single Copy": false,
          "Plans": [
            {
              "Node Type": "Aggregate",
              "Strategy": "Plain",
              "Partial Mode": "Partial",
              "Parent Relationship": "Outer",
              "Parallel Aware": false,
              "Startup Cost": 88468.99,
              "Total Cost": 88469.0,
              "Plan Rows": 1,
              "Plan Width": 8,
              "Actual Startup Time": 214.765,
              "Actual Total Time": 214.768,
              "Actual Rows": 1,
              "Actual Loops": 4,
              "Plans": [
                {
                  "Node Type": "Hash Join",
                  "Parent Relationship": "Outer",
                  "Parallel Aware": true,
                  "Join Type": "Inner",
                  "Startup Cost": 60568.69,
                  "Total Cost": 88458.05,
                  "Plan Rows": 4379,
                  "Plan Width": 0,
                  "Actual Startup Time": 132.232,
                  "Actual Total Time": 214.289,
                  "Actual Rows": 6298,
                  "Actual Loops": 4,
                  "Inner Unique": true,
                  "Hash Cond": "(mk.movie_id = t.id)",
                  "Plans": [
                    {
                      "Node Type": "Bitmap Heap Scan",
                      "Parent Relationship": "Outer",
                      "Parallel Aware": true,
                      "Relation Name": "movie_keyword",
                      "Alias": "mk",
                      "Startup Cost": 14937.26,
                      "Total Cost": 42230.4,
                      "Plan Rows": 227131,
                      "Plan Width": 4,
                      "Actual Startup Time": 38.941,
                      "Actual Total Time": 98.872,
                      "Actual Rows": 177914,
                      "Actual Loops": 4,
                      "Recheck Cond": "(keyword_id < 613)",
                      "Rows Removed by Index Recheck": 0,
                      "Exact Heap Blocks": 8771,
                      "Lossy Heap Blocks": 0,
                      "Plans": [
                        {
                          "Node Type": "Bitmap Index Scan",
                          "Parent Relationship": "Outer",
                          "Parallel Aware": false,
                          "Index Name": "keyword_id_movie_keyword",
                          "Startup Cost": 0.0,
                          "Total Cost": 14761.24,
                          "Plan Rows": 704107,
                          "Plan Width": 0,
                          "Actual Startup Time": 35.251,
                          "Actual Total Time": 35.251,
                          "Actual Rows": 711658,
                          "Actual Loops": 1,
                          "Index Cond": "(keyword_id < 613)"
                        }
                      ]
                    },
                    {
                      "Node Type": "Hash",
                      "Parent Relationship": "Inner",
                      "Parallel Aware": true,
                      "Startup Cost": 45479.1,
                      "Total Cost": 45479.1,
                      "Plan Rows": 12186,
                      "Plan Width": 4,
                      "Actual Startup Time": 91.864,
                      "Actual Total Time": 91.865,
                      "Actual Rows": 8872,
                      "Actual Loops": 4,
                      "Hash Buckets": 65536,
                      "Original Hash Buckets": 65536,
                      "Hash Batches": 1,
                      "Original Hash Batches": 1,
                      "Peak Memory Usage": 1952,
                      "Plans": [
                        {
                          "Node Type": "Seq Scan",
                          "Parent Relationship": "Outer",
                          "Parallel Aware": true,
                          "Relation Name": "title",
                          "Alias": "t",
                          "Startup Cost": 0.0,
                          "Total Cost": 45479.1,
                          "Plan Rows": 12186,
                          "Plan Width": 4,
                          "Actual Startup Time": 0.087,
                          "Actual Total Time": 88.257,
                          "Actual Rows": 8872,
                          "Actual Loops": 4,
                          "Filter": "((kind_id < 7) AND (production_year = 2007))",
                          "Rows Removed by Filter": 623206
                        }
                      ]
                    }
                  ]
                }
              ]
            }
          ]
        }
      ]
    },
    "Planning Time": 0.662,
    "Triggers": [],
    "Execution Time": 240.077
  }
]