{
  "Plan": {
    "Node Type": "Aggregate",
    "Strategy": "Plain",
    "Partial Mode": "Finalize",
    "Parallel Aware": false,
    "Startup Cost": 206338.19,
    "Total Cost": 206338.2,
    "Plan Rows": 1,
    "Plan Width": 8,
    "Actual Startup Time": 171.779,
    "Actual Total Time": 186.013,
    "Actual Rows": 1,
    "Actual Loops": 1,
    "Plans": [
      {
        "Node Type": "Gather",
        "Parent Relationship": "Outer",
        "Parallel Aware": false,
        "Startup Cost": 206338.07,
        "Total Cost": 206338.18,
        "Plan Rows": 1,
        "Plan Width": 8,
        "Actual Startup Time": 171.615,
        "Actual Total Time": 186.007,
        "Actual Rows": 2,
        "Actual Loops": 1,
        "Workers Planned": 1,
        "Workers Launched": 1,
        "Single Copy": false,
        "Plans": [
          {
            "Node Type": "Aggregate",
            "Strategy": "Plain",
            "Partial Mode": "Partial",
            "Parent Relationship": "Outer",
            "Parallel Aware": false,
            "Startup Cost": 205338.07,
            "Total Cost": 205338.08,
            "Plan Rows": 1,
            "Plan Width": 8,
            "Actual Startup Time": 165.795,
            "Actual Total Time": 165.798,
            "Actual Rows": 1,
            "Actual Loops": 2,
            "Plans": [
              {
                "Node Type": "Nested Loop",
                "Parent Relationship": "Outer",
                "Parallel Aware": false,
                "Join Type": "Inner",
                "Startup Cost": 11823.75,
                "Total Cost": 205327.89,
                "Plan Rows": 4074,
                "Plan Width": 0,
                "Actual Startup Time": 36.294,
                "Actual Total Time": 163.938,
                "Actual Rows": 32062,
                "Actual Loops": 2,
                "Inner Unique": false,
                "Plans": [
                  {
                    "Node Type": "Bitmap Heap Scan",
                    "Parent Relationship": "Outer",
                    "Parallel Aware": true,
                    "Relation Name": "title",
                    "Alias": "t",
                    "Startup Cost": 11823.31,
                    "Total Cost": 53673.57,
                    "Plan Rows": 1092,
                    "Plan Width": 4,
                    "Actual Startup Time": 36.133,
                    "Actual Total Time": 86.145,
                    "Actual Rows": 4062,
                    "Actual Loops": 2,
                    "Recheck Cond": "(kind_id = 1)",
                    "Rows Removed by Index Recheck": 0,
                    "Filter": "(production_year = 1914)",
                    "Rows Removed by Filter": 327350,
                    "Exact Heap Blocks": 9191,
                    "Lossy Heap Blocks": 0,
                    "Plans": [
                      {
                        "Node Type": "Bitmap Index Scan",
                        "Parent Relationship": "Outer",
                        "Parallel Aware": false,
                        "Index Name": "kind_id_title",
                        "Startup Cost": 0.0,
                        "Total Cost": 11822.85,
                        "Plan Rows": 663256,
                        "Plan Width": 0,
                        "Actual Startup Time": 39.049,
                        "Actual Total Time": 39.05,
                        "Actual Rows": 662825,
                        "Actual Loops": 1,
                        "Index Cond": "(kind_id = 1)"
                      }
                    ]
                  },
                  {
                    "Node Type": "Index Scan",
                    "Parent Relationship": "Inner",
                    "Parallel Aware": false,
                    "Scan Direction": "Forward",
                    "Index Name": "movie_id_movie_info",
                    "Relation Name": "movie_info",
                    "Alias": "mi",
                    "Startup Cost": 0.43,
                    "Total Cost": 138.61,
                    "Plan Rows": 27,
                    "Plan Width": 4,
                    "Actual Startup Time": 0.008,
                    "Actual Total Time": 0.018,
                    "Actual Rows": 8,
                    "Actual Loops": 8125,
                    "Index Cond": "(movie_id = t.id)",
                    "Rows Removed by Index Recheck": 0,
                    "Filter": "(info_type_id > 5)",
                    "Rows Removed by Filter": 4
                  }
                ]
              }
            ]
          }
        ]
      }
    ]
  },
  "Planning Time": 0.311,
  "Triggers": [],
  "Execution Time": 186.079
}