[
  {
    "Plan": {
      "Node Type": "Aggregate",
      "Strategy": "Plain",
      "Partial Mode": "Finalize",
      "Parallel Aware": false,
      "Startup Cost": 93530.8,
      "Total Cost": 93530.81,
      "Plan Rows": 1,
      "Plan Width": 8,
      "Actual Startup Time": 432.324,
      "Actual Total Time": 445.856,
      "Actual Rows": 1,
      "Actual Loops": 1,
      "Plans": [
        {
          "Node Type": "Gather",
          "Parent Relationship": "Outer",
          "Parallel Aware": false,
          "Startup Cost": 93530.48,
          "Total Cost": 93530.79,
          "Plan Rows": 3,
          "Plan Width": 8,
          "Actual Startup Time": 428.878,
          "Actual Total Time": 445.849,
          "Actual Rows": 4,
          "Actual Loops": 1,
          "Workers Planned": 3,
          "Workers Launched": 3,
          "Single Copy": false,
          "Plans": [
            {
              "Node Type": "Aggregate",
              "Strategy": "Plain",
              "Partial Mode": "Partial",
              "Parent Relationship": "Outer",
              "Parallel Aware": false,
              "Startup Cost": 92530.48,
              "Total Cost": 92530.49,
              "Plan Rows": 1,
              "Plan Width": 8,
              "Actual Startup Time": 420.442,
              "Actual Total Time": 420.445,
              "Actual Rows": 1,
              "Actual Loops": 4,
              "Plans": [
                {
                  "Node Type": "Hash Join",
                  "Parent Relationship": "Outer",
                  "Parallel Aware": true,
                  "Join Type": "Inner",
                  "Startup Cost": 46746.12,
                  "Total Cost": 91741.28,
                  "Plan Rows": 315681,
                  "Plan Width": 0,
                  "Actual Startup Time": 203.186,
                  "Actual Total Time": 413.272,
                  "Actual Rows": 155247,
                  "Actual Loops": 4,
                  "Inner Unique": true,
                  "Hash Cond": "(mk.movie_id = t.id)",
                  "Plans": [
                    {
                      "Node Type": "Seq Scan",
                      "Parent Relationship": "Outer",
                      "Parallel Aware": true,
                      "Relation Name": "movie_keyword",
                      "Alias": "mk",
                      "Startup Cost": 0.0,
                      "Total Cost": 42695.65,
                      "Plan Rows": 876005,
                      "Plan Width": 4,
                      "Actual Startup Time": 0.029,
                      "Actual Total Time": 116.425,
                      "Actual Rows": 677292,
                      "Actual Loops": 4,
                      "Filter": "(keyword_id < 7651)",
                      "Rows Removed by Filter": 453691
                    },
                    {
                      "Node Type": "Hash",
                      "Parent Relationship": "Inner",
                      "Parallel Aware": true,
                      "Startup Cost": 43898.92,
                      "Total Cost": 43898.92,
                      "Plan Rows": 227776,
                      "Plan Width": 4,
                      "Actual Startup Time": 198.088,
                      "Actual Total Time": 198.089,
                      "Actual Rows": 226123,
                      "Actual Loops": 4,
                      "Hash Buckets": 1048576,
                      "Original Hash Buckets": 1048576,
                      "Hash Batches": 1,
                      "Original Hash Batches": 1,
                      "Peak Memory Usage": 43616,
                      "Plans": [
                        {
                          "Node Type": "Seq Scan",
                          "Parent Relationship": "Outer",
                          "Parallel Aware": true,
                          "Relation Name": "title",
                          "Alias": "t",
                          "Startup Cost": 0.0,
                          "Total Cost": 43898.92,
                          "Plan Rows": 227776,
                          "Plan Width": 4,
                          "Actual Startup Time": 0.033,
                          "Actual Total Time": 108.26,
                          "Actual Rows": 226123,
                          "Actual Loops": 4,
                          "Filter": "(production_year > 2006)",
                          "Rows Removed by Filter": 405955
                        }
                      ]
                    }
                  ]
                }
              ]
            }
          ]
        }
      ]
    },
    "Planning Time": 0.6,
    "Triggers": [],
    "Execution Time": 445.95
  }
]