[
  {
    "Plan": {
      "Node Type": "Aggregate",
      "Strategy": "Plain",
      "Partial Mode": "Finalize",
      "Parallel Aware": false,
      "Startup Cost": 337442.53,
      "Total Cost": 337442.54,
      "Plan Rows": 1,
      "Plan Width": 8,
      "Actual Startup Time": 741.71,
      "Actual Total Time": 784.072,
      "Actual Rows": 1,
      "Actual Loops": 1,
      "Plans": [
        {
          "Node Type": "Gather",
          "Parent Relationship": "Outer",
          "Parallel Aware": false,
          "Startup Cost": 337441.9,
          "Total Cost": 337442.51,
          "Plan Rows": 6,
          "Plan Width": 8,
          "Actual Startup Time": 741.401,
          "Actual Total Time": 784.058,
          "Actual Rows": 7,
          "Actual Loops": 1,
          "Workers Planned": 6,
          "Workers Launched": 6,
          "Single Copy": false,
          "Plans": [
            {
              "Node Type": "Aggregate",
              "Strategy": "Plain",
              "Partial Mode": "Partial",
              "Parent Relationship": "Outer",
              "Parallel Aware": false,
              "Startup Cost": 336441.9,
              "Total Cost": 336441.91,
              "Plan Rows": 1,
              "Plan Width": 8,
              "Actual Startup Time": 734.151,
              "Actual Total Time": 734.152,
              "Actual Rows": 1,
              "Actual Loops": 7,
              "Plans": [
                {
                  "Node Type": "Seq Scan",
                  "Parent Relationship": "Outer",
                  "Parallel Aware": true,
                  "Relation Name": "cast_info",
                  "Alias": "ci",
                  "Startup Cost": 0.0,
                  "Total Cost": 328211.39,
                  "Plan Rows": 3292204,
                  "Plan Width": 0,
                  "Actual Startup Time": 0.043,
                  "Actual Total Time": 595.017,
                  "Actual Rows": 2855668,
                  "Actual Loops": 7,
                  "Filter": "(person_id < 2007831)",
                  "Rows Removed by Filter": 2322095
                }
              ]
            }
          ]
        }
      ]
    },
    "Planning Time": 0.142,
    "Triggers": [],
    "Execution Time": 784.119
  }
]