{
  "Plan": {
    "Node Type": "Aggregate",
    "Strategy": "Plain",
    "Partial Mode": "Finalize",
    "Parallel Aware": false,
    "Startup Cost": 842268.46,
    "Total Cost": 842268.47,
    "Plan Rows": 1,
    "Plan Width": 8,
    "Actual Startup Time": 5311.93,
    "Actual Total Time": 5350.213,
    "Actual Rows": 1,
    "Actual Loops": 1,
    "Plans": [
      {
        "Node Type": "Gather",
        "Parent Relationship": "Outer",
        "Parallel Aware": false,
        "Startup Cost": 842268.35,
        "Total Cost": 842268.46,
        "Plan Rows": 1,
        "Plan Width": 8,
        "Actual Startup Time": 5299.482,
        "Actual Total Time": 5350.206,
        "Actual Rows": 2,
        "Actual Loops": 1,
        "Workers Planned": 1,
        "Workers Launched": 1,
        "Single Copy": false,
        "Plans": [
          {
            "Node Type": "Aggregate",
            "Strategy": "Plain",
            "Partial Mode": "Partial",
            "Parent Relationship": "Outer",
            "Parallel Aware": false,
            "Startup Cost": 841268.35,
            "Total Cost": 841268.36,
            "Plan Rows": 1,
            "Plan Width": 8,
            "Actual Startup Time": 5292.931,
            "Actual Total Time": 5292.937,
            "Actual Rows": 1,
            "Actual Loops": 2,
            "Plans": [
              {
                "Node Type": "Merge Join",
                "Parent Relationship": "Outer",
                "Parallel Aware": false,
                "Join Type": "Inner",
                "Startup Cost": 692257.93,
                "Total Cost": 839355.74,
                "Plan Rows": 765042,
                "Plan Width": 0,
                "Actual Startup Time": 3667.473,
                "Actual Total Time": 5084.721,
                "Actual Rows": 5279009,
                "Actual Loops": 2,
                "Inner Unique": false,
                "Merge Cond": "(mc.movie_id = t.id)",
                "Plans": [
                  {
                    "Node Type": "Index Only Scan",
                    "Parent Relationship": "Outer",
                    "Parallel Aware": true,
                    "Scan Direction": "Forward",
                    "Index Name": "movie_id_movie_companies",
                    "Relation Name": "movie_companies",
                    "Alias": "mc",
                    "Startup Cost": 0.43,
                    "Total Cost": 129315.97,
                    "Plan Rows": 1534782,
                    "Plan Width": 4,
                    "Actual Startup Time": 0.083,
                    "Actual Total Time": 321.602,
                    "Actual Rows": 1304564,
                    "Actual Loops": 2,
                    "Heap Fetches": 2609129
                  },
                  {
                    "Node Type": "Sort",
                    "Parent Relationship": "Inner",
                    "Parallel Aware": false,
                    "Startup Cost": 692257.37,
                    "Total Cost": 695408.07,
                    "Plan Rows": 1260278,
                    "Plan Width": 8,
                    "Actual Startup Time": 3635.427,
                    "Actual Total Time": 4112.128,
                    "Actual Rows": 6424275,
                    "Actual Loops": 2,
                    "Sort Key": [
                      "t.id"
                    ],
                    "Sort Method": "quicksort",
                    "Sort Space Used": 143129,
                    "Sort Space Type": "Memory",
                    "Workers": [
                      {
                        "Worker Number": 0,
                        "Sort Method": "quicksort",
                        "Sort Space Used": 143129,
                        "Sort Space Type": "Memory"
                      }
                    ],
                    "Plans": [
                      {
                        "Node Type": "Hash Join",
                        "Parent Relationship": "Outer",
                        "Parallel Aware": false,
                        "Join Type": "Inner",
                        "Startup Cost": 211240.96,
                        "Total Cost": 564557.75,
                        "Plan Rows": 1260278,
                        "Plan Width": 8,
                        "Actual Startup Time": 721.186,
                        "Actual Total Time": 3100.519,
                        "Actual Rows": 2004840,
                        "Actual Loops": 2,
                        "Inner Unique": true,
                        "Hash Cond": "(ci.movie_id = t.id)",
                        "Plans": [
                          {
                            "Node Type": "Bitmap Heap Scan",
                            "Parent Relationship": "Outer",
                            "Parallel Aware": false,
                            "Relation Name": "cast_info",
                            "Alias": "ci",
                            "Startup Cost": 132403.14,
                            "Total Cost": 475362.43,
                            "Plan Rows": 3945702,
                            "Plan Width": 4,
                            "Actual Startup Time": 263.886,
                            "Actual Total Time": 1114.6,
                            "Actual Rows": 5814451,
                            "Actual Loops": 2,
                            "Recheck Cond": "(person_id > 3062752)",
                            "Rows Removed by Index Recheck": 0,
                            "Filter": "(role_id > 1)",
                            "Rows Removed by Filter": 0,
                            "Exact Heap Blocks": 79211,
                            "Lossy Heap Blocks": 0,
                            "Plans": [
                              {
                                "Node Type": "Bitmap Index Scan",
                                "Parent Relationship": "Outer",
                                "Parallel Aware": false,
                                "Index Name": "person_id_cast_info",
                                "Startup Cost": 0.0,
                                "Total Cost": 131416.71,
                                "Plan Rows": 6018153,
                                "Plan Width": 0,
                                "Actual Startup Time": 248.586,
                                "Actual Total Time": 248.587,
                                "Actual Rows": 5814451,
                                "Actual Loops": 2,
                                "Index Cond": "(person_id > 3062752)"
                              }
                            ]
                          },
                          {
                            "Node Type": "Hash",
                            "Parent Relationship": "Inner",
                            "Parallel Aware": false,
                            "Startup Cost": 68743.45,
                            "Total Cost": 68743.45,
                            "Plan Rows": 807550,
                            "Plan Width": 4,
                            "Actual Startup Time": 445.728,
                            "Actual Total Time": 445.73,
                            "Actual Rows": 713741,
                            "Actual Loops": 2,
                            "Hash Buckets": 1048576,
                            "Original Hash Buckets": 1048576,
                            "Hash Batches": 1,
                            "Original Hash Batches": 1,
                            "Peak Memory Usage": 33285,
                            "Plans": [
                              {
                                "Node Type": "Bitmap Heap Scan",
                                "Parent Relationship": "Outer",
                                "Parallel Aware": false,
                                "Relation Name": "title",
                                "Alias": "t",
                                "Startup Cost": 17874.03,
                                "Total Cost": 68743.45,
                                "Plan Rows": 807550,
                                "Plan Width": 4,
                                "Actual Startup Time": 59.188,
                                "Actual Total Time": 273.707,
                                "Actual Rows": 713741,
                                "Actual Loops": 2,
                                "Recheck Cond": "(kind_id < 7)",
                                "Rows Removed by Index Recheck": 0,
                                "Filter": "(production_year > 1972)",
                                "Rows Removed by Filter": 271307,
                                "Exact Heap Blocks": 35472,
                                "Lossy Heap Blocks": 0,
                                "Plans": [
                                  {
                                    "Node Type": "Bitmap Index Scan",
                                    "Parent Relationship": "Outer",
                                    "Parallel Aware": false,
                                    "Index Name": "kind_id_title",
                                    "Startup Cost": 0.0,
                                    "Total Cost": 17672.14,
                                    "Plan Rows": 991428,
                                    "Plan Width": 0,
                                    "Actual Startup Time": 52.879,
                                    "Actual Total Time": 52.879,
                                    "Actual Rows": 985048,
                                    "Actual Loops": 2,
                                    "Index Cond": "(kind_id < 7)"
                                  }
                                ]
                              }
                            ]
                          }
                        ]
                      }
                    ]
                  }
                ]
              }
            ]
          }
        ]
      }
    ]
  },
  "Planning Time": 1.135,
  "Triggers": [],
  "Execution Time": 5369.164
}