{
  "Plan": {
    "Node Type": "Aggregate",
    "Strategy": "Plain",
    "Partial Mode": "Simple",
    "Parallel Aware": false,
    "Startup Cost": 3800.39,
    "Total Cost": 3800.4,
    "Plan Rows": 1,
    "Plan Width": 96,
    "Actual Startup Time": 805.652,
    "Actual Total Time": 805.666,
    "Actual Rows": 1,
    "Actual Loops": 1,
    "Plans": [
      {
        "Node Type": "Nested Loop",
        "Parent Relationship": "Outer",
        "Parallel Aware": false,
        "Join Type": "Inner",
        "Startup Cost": 15.51,
        "Total Cost": 3800.38,
        "Plan Rows": 1,
        "Plan Width": 48,
        "Actual Startup Time": 218.298,
        "Actual Total Time": 804.616,
        "Actual Rows": 3780,
        "Actual Loops": 1,
        "Inner Unique": true,
        "Plans": [
          {
            "Node Type": "Nested Loop",
            "Parent Relationship": "Outer",
            "Parallel Aware": false,
            "Join Type": "Inner",
            "Startup Cost": 15.38,
            "Total Cost": 3800.2,
            "Plan Rows": 1,
            "Plan Width": 52,
            "Actual Startup Time": 218.29,
            "Actual Total Time": 801.229,
            "Actual Rows": 3780,
            "Actual Loops": 1,
            "Inner Unique": true,
            "Plans": [
              {
                "Node Type": "Nested Loop",
                "Parent Relationship": "Outer",
                "Parallel Aware": false,
                "Join Type": "Inner",
                "Startup Cost": 14.96,
                "Total Cost": 3799.76,
                "Plan Rows": 1,
                "Plan Width": 56,
                "Actual Startup Time": 46.08,
                "Actual Total Time": 770.847,
                "Actual Rows": 21840,
                "Actual Loops": 1,
                "Inner Unique": true,
                "Plans": [
                  {
                    "Node Type": "Nested Loop",
                    "Parent Relationship": "Outer",
                    "Parallel Aware": false,
                    "Join Type": "Inner",
                    "Startup Cost": 14.53,
                    "Total Cost": 3799.09,
                    "Plan Rows": 1,
                    "Plan Width": 44,
                    "Actual Startup Time": 46.066,
                    "Actual Total Time": 739.072,
                    "Actual Rows": 22200,
                    "Actual Loops": 1,
                    "Inner Unique": true,
                    "Plans": [
                      {
                        "Node Type": "Nested Loop",
                        "Parent Relationship": "Outer",
                        "Parallel Aware": false,
                        "Join Type": "Inner",
                        "Startup Cost": 14.38,
                        "Total Cost": 3798.91,
                        "Plan Rows": 1,
                        "Plan Width": 48,
                        "Actual Startup Time": 31.959,
                        "Actual Total Time": 667.313,
                        "Actual Rows": 86412,
                        "Actual Loops": 1,
                        "Inner Unique": false,
                        "Join Filter": "(n.id = an.person_id)",
                        "Rows Removed by Join Filter": 0,
                        "Plans": [
                          {
                            "Node Type": "Nested Loop",
                            "Parent Relationship": "Outer",
                            "Parallel Aware": false,
                            "Join Type": "Inner",
                            "Startup Cost": 13.96,
                            "Total Cost": 3798.41,
                            "Plan Rows": 1,
                            "Plan Width": 60,
                            "Actual Startup Time": 31.938,
                            "Actual Total Time": 575.229,
                            "Actual Rows": 28804,
                            "Actual Loops": 1,
                            "Inner Unique": true,
                            "Join Filter": "(mi.info_type_id = it.id)",
                            "Rows Removed by Join Filter": 0,
                            "Plans": [
                              {
                                "Node Type": "Nested Loop",
                                "Parent Relationship": "Outer",
                                "Parallel Aware": false,
                                "Join Type": "Inner",
                                "Startup Cost": 13.96,
                                "Total Cost": 3795.98,
                                "Plan Rows": 1,
                                "Plan Width": 64,
                                "Actual Startup Time": 31.925,
                                "Actual Total Time": 447.287,
                                "Actual Rows": 28804,
                                "Actual Loops": 1,
                                "Inner Unique": false,
                                "Join Filter": "(t.id = mi.movie_id)",
                                "Rows Removed by Join Filter": 0,
                                "Plans": [
                                  {
                                    "Node Type": "Nested Loop",
                                    "Parent Relationship": "Outer",
                                    "Parallel Aware": false,
                                    "Join Type": "Inner",
                                    "Startup Cost": 13.52,
                                    "Total Cost": 3794.45,
                                    "Plan Rows": 1,
                                    "Plan Width": 80,
                                    "Actual Startup Time": 31.871,
                                    "Actual Total Time": 64.132,
                                    "Actual Rows": 7429,
                                    "Actual Loops": 1,
                                    "Inner Unique": false,
                                    "Join Filter": "(n.id = pi.person_id)",
                                    "Rows Removed by Join Filter": 0,
                                    "Plans": [
                                      {
                                        "Node Type": "Nested Loop",
                                        "Parent Relationship": "Outer",
                                        "Parallel Aware": false,
                                        "Join Type": "Inner",
                                        "Startup Cost": 13.09,
                                        "Total Cost": 3793.01,
                                        "Plan Rows": 1,
                                        "Plan Width": 72,
                                        "Actual Startup Time": 31.834,
                                        "Actual Total Time": 60.351,
                                        "Actual Rows": 88,
                                        "Actual Loops": 1,
                                        "Inner Unique": true,
                                        "Plans": [
                                          {
                                            "Node Type": "Nested Loop",
                                            "Parent Relationship": "Outer",
                                            "Parallel Aware": false,
                                            "Join Type": "Inner",
                                            "Startup Cost": 12.66,
                                            "Total Cost": 3792.23,
                                            "Plan Rows": 1,
                                            "Plan Width": 53,
                                            "Actual Startup Time": 2.815,
                                            "Actual Total Time": 41.677,
                                            "Actual Rows": 6630,
                                            "Actual Loops": 1,
                                            "Inner Unique": false,
                                            "Join Filter": "(t.id = ci.movie_id)",
                                            "Rows Removed by Join Filter": 0,
                                            "Plans": [
                                              {
                                                "Node Type": "Nested Loop",
                                                "Parent Relationship": "Outer",
                                                "Parallel Aware": false,
                                                "Join Type": "Inner",
                                                "Startup Cost": 12.1,
                                                "Total Cost": 3790.55,
                                                "Plan Rows": 1,
                                                "Plan Width": 37,
                                                "Actual Startup Time": 2.705,
                                                "Actual Total Time": 18.021,
                                                "Actual Rows": 163,
                                                "Actual Loops": 1,
                                                "Inner Unique": true,
                                                "Join Filter": "(cc.subject_id = cct1.id)",
                                                "Rows Removed by Join Filter": 0,
                                                "Plans": [
                                                  {
                                                    "Node Type": "Nested Loop",
                                                    "Parent Relationship": "Outer",
                                                    "Parallel Aware": false,
                                                    "Join Type": "Inner",
                                                    "Startup Cost": 12.1,
                                                    "Total Cost": 3789.49,
                                                    "Plan Rows": 1,
                                                    "Plan Width": 41,
                                                    "Actual Startup Time": 2.695,
                                                    "Actual Total Time": 17.371,
                                                    "Actual Rows": 163,
                                                    "Actual Loops": 1,
                                                    "Inner Unique": true,
                                                    "Join Filter": "(cc.status_id = cct2.id)",
                                                    "Rows Removed by Join Filter": 502,
                                                    "Plans": [
                                                      {
                                                        "Node Type": "Nested Loop",
                                                        "Parent Relationship": "Outer",
                                                        "Parallel Aware": false,
                                                        "Join Type": "Inner",
                                                        "Startup Cost": 12.1,
                                                        "Total Cost": 3788.43,
                                                        "Plan Rows": 1,
                                                        "Plan Width": 45,
                                                        "Actual Startup Time": 2.132,
                                                        "Actual Total Time": 14.965,
                                                        "Actual Rows": 665,
                                                        "Actual Loops": 1,
                                                        "Inner Unique": false,
                                                        "Join Filter": "(t.id = mc.movie_id)",
                                                        "Rows Removed by Join Filter": 0,
                                                        "Plans": [
                                                          {
                                                            "Node Type": "Nested Loop",
                                                            "Parent Relationship": "Outer",
                                                            "Parallel Aware": false,
                                                            "Join Type": "Inner",
                                                            "Startup Cost": 11.67,
                                                            "Total Cost": 3787.82,
                                                            "Plan Rows": 1,
                                                            "Plan Width": 37,
                                                            "Actual Startup Time": 2.113,
                                                            "Actual Total Time": 14.181,
                                                            "Actual Rows": 26,
                                                            "Actual Loops": 1,
                                                            "Inner Unique": false,
                                                            "Join Filter": "(t.id = cc.movie_id)",
                                                            "Rows Removed by Join Filter": 0,
                                                            "Plans": [
                                                              {
                                                                "Node Type": "Nested Loop",
                                                                "Parent Relationship": "Outer",
                                                                "Parallel Aware": false,
                                                                "Join Type": "Inner",
                                                                "Startup Cost": 11.25,
                                                                "Total Cost": 3785.42,
                                                                "Plan Rows": 5,
                                                                "Plan Width": 25,
                                                                "Actual Startup Time": 0.56,
                                                                "Actual Total Time": 13.774,
                                                                "Actual Rows": 65,
                                                                "Actual Loops": 1,
                                                                "Inner Unique": true,
                                                                "Plans": [
                                                                  {
                                                                    "Node Type": "Nested Loop",
                                                                    "Parent Relationship": "Outer",
                                                                    "Parallel Aware": false,
                                                                    "Join Type": "Inner",
                                                                    "Startup Cost": 10.82,
                                                                    "Total Cost": 3768.68,
                                                                    "Plan Rows": 34,
                                                                    "Plan Width": 4,
                                                                    "Actual Startup Time": 0.376,
                                                                    "Actual Total Time": 10.665,
                                                                    "Actual Rows": 414,
                                                                    "Actual Loops": 1,
                                                                    "Inner Unique": false,
                                                                    "Plans": [
                                                                      {
                                                                        "Node Type": "Seq Scan",
                                                                        "Parent Relationship": "Outer",
                                                                        "Parallel Aware": false,
                                                                        "Relation Name": "keyword",
                                                                        "Alias": "k",
                                                                        "Startup Cost": 0.0,
                                                                        "Total Cost": 2626.12,
                                                                        "Plan Rows": 1,
                                                                        "Plan Width": 4,
                                                                        "Actual Startup Time": 0.111,
                                                                        "Actual Total Time": 9.281,
                                                                        "Actual Rows": 1,
                                                                        "Actual Loops": 1,
                                                                        "Filter": "(keyword = 'computer-animation'::text)",
                                                                        "Rows Removed by Filter": 134169
                                                                      },
                                                                      {
                                                                        "Node Type": "Bitmap Heap Scan",
                                                                        "Parent Relationship": "Inner",
                                                                        "Parallel Aware": false,
                                                                        "Relation Name": "movie_keyword",
                                                                        "Alias": "mk",
                                                                        "Startup Cost": 10.82,
                                                                        "Total Cost": 1139.48,
                                                                        "Plan Rows": 308,
                                                                        "Plan Width": 8,
                                                                        "Actual Startup Time": 0.252,
                                                                        "Actual Total Time": 1.303,
                                                                        "Actual Rows": 414,
                                                                        "Actual Loops": 1,
                                                                        "Recheck Cond": "(keyword_id = k.id)",
                                                                        "Rows Removed by Index Recheck": 0,
                                                                        "Exact Heap Blocks": 358,
                                                                        "Lossy Heap Blocks": 0,
                                                                        "Plans": [
                                                                          {
                                                                            "Node Type": "Bitmap Index Scan",
                                                                            "Parent Relationship": "Outer",
                                                                            "Parallel Aware": false,
                                                                            "Index Name": "keyword_id_movie_keyword",
                                                                            "Startup Cost": 0.0,
                                                                            "Total Cost": 10.74,
                                                                            "Plan Rows": 308,
                                                                            "Plan Width": 0,
                                                                            "Actual Startup Time": 0.127,
                                                                            "Actual Total Time": 0.127,
                                                                            "Actual Rows": 414,
                                                                            "Actual Loops": 1,
                                                                            "Index Cond": "(keyword_id = k.id)"
                                                                          }
                                                                        ]
                                                                      }
                                                                    ]
                                                                  },
                                                                  {
                                                                    "Node Type": "Index Scan",
                                                                    "Parent Relationship": "Inner",
                                                                    "Parallel Aware": false,
                                                                    "Scan Direction": "Forward",
                                                                    "Index Name": "title_pkey",
                                                                    "Relation Name": "title",
                                                                    "Alias": "t",
                                                                    "Startup Cost": 0.43,
                                                                    "Total Cost": 0.49,
                                                                    "Plan Rows": 1,
                                                                    "Plan Width": 21,
                                                                    "Actual Startup Time": 0.007,
                                                                    "Actual Total Time": 0.007,
                                                                    "Actual Rows": 0,
                                                                    "Actual Loops": 414,
                                                                    "Index Cond": "(id = mk.movie_id)",
                                                                    "Rows Removed by Index Recheck": 0,
                                                                    "Filter": "((production_year >= 2006) AND (production_year <= 2008))",
                                                                    "Rows Removed by Filter": 1
                                                                  }
                                                                ]
                                                              },
                                                              {
                                                                "Node Type": "Index Scan",
                                                                "Parent Relationship": "Inner",
                                                                "Parallel Aware": false,
                                                                "Scan Direction": "Forward",
                                                                "Index Name": "movie_id_complete_cast",
                                                                "Relation Name": "complete_cast",
                                                                "Alias": "cc",
                                                                "Startup Cost": 0.42,
                                                                "Total Cost": 0.46,
                                                                "Plan Rows": 2,
                                                                "Plan Width": 12,
                                                                "Actual Startup Time": 0.006,
                                                                "Actual Total Time": 0.006,
                                                                "Actual Rows": 0,
                                                                "Actual Loops": 65,
                                                                "Index Cond": "(movie_id = mk.movie_id)",
                                                                "Rows Removed by Index Recheck": 0
                                                              }
                                                            ]
                                                          },
                                                          {
                                                            "Node Type": "Index Scan",
                                                            "Parent Relationship": "Inner",
                                                            "Parallel Aware": false,
                                                            "Scan Direction": "Forward",
                                                            "Index Name": "movie_id_movie_companies",
                                                            "Relation Name": "movie_companies",
                                                            "Alias": "mc",
                                                            "Startup Cost": 0.43,
                                                            "Total Cost": 0.54,
                                                            "Plan Rows": 5,
                                                            "Plan Width": 8,
                                                            "Actual Startup Time": 0.009,
                                                            "Actual Total Time": 0.024,
                                                            "Actual Rows": 26,
                                                            "Actual Loops": 26,
                                                            "Index Cond": "(movie_id = mk.movie_id)",
                                                            "Rows Removed by Index Recheck": 0
                                                          }
                                                        ]
                                                      },
                                                      {
                                                        "Node Type": "Seq Scan",
                                                        "Parent Relationship": "Inner",
                                                        "Parallel Aware": false,
                                                        "Relation Name": "comp_cast_type",
                                                        "Alias": "cct2",
                                                        "Startup Cost": 0.0,
                                                        "Total Cost": 1.05,
                                                        "Plan Rows": 1,
                                                        "Plan Width": 4,
                                                        "Actual Startup Time": 0.002,
                                                        "Actual Total Time": 0.002,
                                                        "Actual Rows": 1,
                                                        "Actual Loops": 665,
                                                        "Filter": "((kind)::text = 'complete+verified'::text)",
                                                        "Rows Removed by Filter": 3
                                                      }
                                                    ]
                                                  },
                                                  {
                                                    "Node Type": "Seq Scan",
                                                    "Parent Relationship": "Inner",
                                                    "Parallel Aware": false,
                                                    "Relation Name": "comp_cast_type",
                                                    "Alias": "cct1",
                                                    "Startup Cost": 0.0,
                                                    "Total Cost": 1.05,
                                                    "Plan Rows": 1,
                                                    "Plan Width": 4,
                                                    "Actual Startup Time": 0.001,
                                                    "Actual Total Time": 0.001,
                                                    "Actual Rows": 1,
                                                    "Actual Loops": 163,
                                                    "Filter": "((kind)::text = 'cast'::text)",
                                                    "Rows Removed by Filter": 0
                                                  }
                                                ]
                                              },
                                              {
                                                "Node Type": "Index Scan",
                                                "Parent Relationship": "Inner",
                                                "Parallel Aware": false,
                                                "Scan Direction": "Forward",
                                                "Index Name": "movie_id_cast_info",
                                                "Relation Name": "cast_info",
                                                "Alias": "ci",
                                                "Startup Cost": 0.56,
                                                "Total Cost": 1.67,
                                                "Plan Rows": 1,
                                                "Plan Width": 16,
                                                "Actual Startup Time": 0.01,
                                                "Actual Total Time": 0.137,
                                                "Actual Rows": 41,
                                                "Actual Loops": 163,
                                                "Index Cond": "(movie_id = mk.movie_id)",
                                                "Rows Removed by Index Recheck": 0,
                                                "Filter": "(note = ANY ('{(voice),\"(voice: Japanese version)\",\"(voice) (uncredited)\",\"(voice: English version)\"}'::text[]))",
                                                "Rows Removed by Filter": 129
                                              }
                                            ]
                                          },
                                          {
                                            "Node Type": "Index Scan",
                                            "Parent Relationship": "Inner",
                                            "Parallel Aware": false,
                                            "Scan Direction": "Forward",
                                            "Index Name": "name_pkey",
                                            "Relation Name": "name",
                                            "Alias": "n",
                                            "Startup Cost": 0.43,
                                            "Total Cost": 0.77,
                                            "Plan Rows": 1,
                                            "Plan Width": 19,
                                            "Actual Startup Time": 0.003,
                                            "Actual Total Time": 0.003,
                                            "Actual Rows": 0,
                                            "Actual Loops": 6630,
                                            "Index Cond": "(id = ci.person_id)",
                                            "Rows Removed by Index Recheck": 0,
                                            "Filter": "((name ~~ '%Wi%'::text) AND ((gender)::text = 'f'::text))",
                                            "Rows Removed by Filter": 1
                                          }
                                        ]
                                      },
                                      {
                                        "Node Type": "Index Scan",
                                        "Parent Relationship": "Inner",
                                        "Parallel Aware": false,
                                        "Scan Direction": "Forward",
                                        "Index Name": "person_id_person_info",
                                        "Relation Name": "person_info",
                                        "Alias": "pi",
                                        "Startup Cost": 0.43,
                                        "Total Cost": 1.15,
                                        "Plan Rows": 24,
                                        "Plan Width": 8,
                                        "Actual Startup Time": 0.003,
                                        "Actual Total Time": 0.024,
                                        "Actual Rows": 84,
                                        "Actual Loops": 88,
                                        "Index Cond": "(person_id = ci.person_id)",
                                        "Rows Removed by Index Recheck": 0
                                      }
                                    ]
                                  },
                                  {
                                    "Node Type": "Index Scan",
                                    "Parent Relationship": "Inner",
                                    "Parallel Aware": false,
                                    "Scan Direction": "Forward",
                                    "Index Name": "movie_id_movie_info",
                                    "Relation Name": "movie_info",
                                    "Alias": "mi",
                                    "Startup Cost": 0.43,
                                    "Total Cost": 1.5,
                                    "Plan Rows": 2,
                                    "Plan Width": 8,
                                    "Actual Startup Time": 0.009,
                                    "Actual Total Time": 0.051,
                                    "Actual Rows": 4,
                                    "Actual Loops": 7429,
                                    "Index Cond": "(movie_id = mk.movie_id)",
                                    "Rows Removed by Index Recheck": 0,
                                    "Filter": "((info IS NOT NULL) AND ((info ~~ 'Japan:%200%'::text) OR (info ~~ 'USA:%200%'::text)))",
                                    "Rows Removed by Filter": 276
                                  }
                                ]
                              },
                              {
                                "Node Type": "Seq Scan",
                                "Parent Relationship": "Inner",
                                "Parallel Aware": false,
                                "Relation Name": "info_type",
                                "Alias": "it",
                                "Startup Cost": 0.0,
                                "Total Cost": 2.41,
                                "Plan Rows": 1,
                                "Plan Width": 4,
                                "Actual Startup Time": 0.003,
                                "Actual Total Time": 0.003,
                                "Actual Rows": 1,
                                "Actual Loops": 28804,
                                "Filter": "((info)::text = 'release dates'::text)",
                                "Rows Removed by Filter": 15
                              }
                            ]
                          },
                          {
                            "Node Type": "Index Only Scan",
                            "Parent Relationship": "Inner",
                            "Parallel Aware": false,
                            "Scan Direction": "Forward",
                            "Index Name": "person_id_aka_name",
                            "Relation Name": "aka_name",
                            "Alias": "an",
                            "Startup Cost": 0.42,
                            "Total Cost": 0.48,
                            "Plan Rows": 2,
                            "Plan Width": 4,
                            "Actual Startup Time": 0.002,
                            "Actual Total Time": 0.002,
                            "Actual Rows": 3,
                            "Actual Loops": 28804,
                            "Index Cond": "(person_id = pi.person_id)",
                            "Rows Removed by Index Recheck": 0,
                            "Heap Fetches": 86412
                          }
                        ]
                      },
                      {
                        "Node Type": "Index Scan",
                        "Parent Relationship": "Inner",
                        "Parallel Aware": false,
                        "Scan Direction": "Forward",
                        "Index Name": "info_type_pkey",
                        "Relation Name": "info_type",
                        "Alias": "it3",
                        "Startup Cost": 0.14,
                        "Total Cost": 0.16,
                        "Plan Rows": 1,
                        "Plan Width": 4,
                        "Actual Startup Time": 0.001,
                        "Actual Total Time": 0.001,
                        "Actual Rows": 0,
                        "Actual Loops": 86412,
                        "Index Cond": "(id = pi.info_type_id)",
                        "Rows Removed by Index Recheck": 0,
                        "Filter": "((info)::text = 'trivia'::text)",
                        "Rows Removed by Filter": 1
                      }
                    ]
                  },
                  {
                    "Node Type": "Index Scan",
                    "Parent Relationship": "Inner",
                    "Parallel Aware": false,
                    "Scan Direction": "Forward",
                    "Index Name": "char_name_pkey",
                    "Relation Name": "char_name",
                    "Alias": "chn",
                    "Startup Cost": 0.43,
                    "Total Cost": 0.66,
                    "Plan Rows": 1,
                    "Plan Width": 20,
                    "Actual Startup Time": 0.001,
                    "Actual Total Time": 0.001,
                    "Actual Rows": 1,
                    "Actual Loops": 22200,
                    "Index Cond": "(id = ci.person_role_id)",
                    "Rows Removed by Index Recheck": 0
                  }
                ]
              },
              {
                "Node Type": "Index Scan",
                "Parent Relationship": "Inner",
                "Parallel Aware": false,
                "Scan Direction": "Forward",
                "Index Name": "company_name_pkey",
                "Relation Name": "company_name",
                "Alias": "cn",
                "Startup Cost": 0.42,
                "Total Cost": 0.45,
                "Plan Rows": 1,
                "Plan Width": 4,
                "Actual Startup Time": 0.001,
                "Actual Total Time": 0.001,
                "Actual Rows": 0,
                "Actual Loops": 21840,
                "Index Cond": "(id = mc.company_id)",
                "Rows Removed by Index Recheck": 0,
                "Filter": "((country_code)::text = '[us]'::text)",
                "Rows Removed by Filter": 1
              }
            ]
          },
          {
            "Node Type": "Index Scan",
            "Parent Relationship": "Inner",
            "Parallel Aware": false,
            "Scan Direction": "Forward",
            "Index Name": "role_type_pkey",
            "Relation Name": "role_type",
            "Alias": "rt",
            "Startup Cost": 0.14,
            "Total Cost": 0.16,
            "Plan Rows": 1,
            "Plan Width": 4,
            "Actual Startup Time": 0.001,
            "Actual Total Time": 0.001,
            "Actual Rows": 1,
            "Actual Loops": 3780,
            "Index Cond": "(id = ci.role_id)",
            "Rows Removed by Index Recheck": 0,
            "Filter": "((role)::text = 'actress'::text)",
            "Rows Removed by Filter": 0
          }
        ]
      }
    ]
  },
  "Planning Time": 6.537,
  "Triggers": [],
  "Execution Time": 805.961
}