{
  "Plan": {
    "Node Type": "Aggregate",
    "Strategy": "Plain",
    "Partial Mode": "Finalize",
    "Parallel Aware": false,
    "Startup Cost": 362814.94,
    "Total Cost": 362814.95,
    "Plan Rows": 1,
    "Plan Width": 8,
    "Actual Startup Time": 1582.761,
    "Actual Total Time": 1602.385,
    "Actual Rows": 1,
    "Actual Loops": 1,
    "Plans": [
      {
        "Node Type": "Gather",
        "Parent Relationship": "Outer",
        "Parallel Aware": false,
        "Startup Cost": 362814.83,
        "Total Cost": 362814.94,
        "Plan Rows": 1,
        "Plan Width": 8,
        "Actual Startup Time": 1580.864,
        "Actual Total Time": 1602.378,
        "Actual Rows": 2,
        "Actual Loops": 1,
        "Workers Planned": 1,
        "Workers Launched": 1,
        "Single Copy": false,
        "Plans": [
          {
            "Node Type": "Aggregate",
            "Strategy": "Plain",
            "Partial Mode": "Partial",
            "Parent Relationship": "Outer",
            "Parallel Aware": false,
            "Startup Cost": 361814.83,
            "Total Cost": 361814.84,
            "Plan Rows": 1,
            "Plan Width": 8,
            "Actual Startup Time": 1574.417,
            "Actual Total Time": 1574.422,
            "Actual Rows": 1,
            "Actual Loops": 2,
            "Plans": [
              {
                "Node Type": "Hash Join",
                "Parent Relationship": "Outer",
                "Parallel Aware": true,
                "Join Type": "Inner",
                "Startup Cost": 190684.25,
                "Total Cost": 361359.87,
                "Plan Rows": 181982,
                "Plan Width": 0,
                "Actual Startup Time": 1397.17,
                "Actual Total Time": 1558.464,
                "Actual Rows": 305470,
                "Actual Loops": 2,
                "Inner Unique": false,
                "Hash Cond": "(mi.movie_id = t.id)",
                "Plans": [
                  {
                    "Node Type": "Bitmap Heap Scan",
                    "Parent Relationship": "Outer",
                    "Parallel Aware": true,
                    "Relation Name": "movie_info",
                    "Alias": "mi",
                    "Startup Cost": 14428.12,
                    "Total Cost": 182276.62,
                    "Plan Rows": 468439,
                    "Plan Width": 4,
                    "Actual Startup Time": 25.311,
                    "Actual Total Time": 65.354,
                    "Actual Rows": 401070,
                    "Actual Loops": 2,
                    "Recheck Cond": "(info_type_id = 1)",
                    "Rows Removed by Index Recheck": 0,
                    "Exact Heap Blocks": 2940,
                    "Lossy Heap Blocks": 0,
                    "Plans": [
                      {
                        "Node Type": "Bitmap Index Scan",
                        "Parent Relationship": "Outer",
                        "Parallel Aware": false,
                        "Index Name": "info_type_id_movie_info",
                        "Startup Cost": 0.0,
                        "Total Cost": 14229.04,
                        "Plan Rows": 796347,
                        "Plan Width": 0,
                        "Actual Startup Time": 24.635,
                        "Actual Total Time": 24.636,
                        "Actual Rows": 802140,
                        "Actual Loops": 1,
                        "Index Cond": "(info_type_id = 1)"
                      }
                    ]
                  },
                  {
                    "Node Type": "Hash",
                    "Parent Relationship": "Inner",
                    "Parallel Aware": true,
                    "Startup Cost": 169034.03,
                    "Total Cost": 169034.03,
                    "Plan Rows": 577768,
                    "Plan Width": 8,
                    "Actual Startup Time": 1363.064,
                    "Actual Total Time": 1363.066,
                    "Actual Rows": 472287,
                    "Actual Loops": 2,
                    "Hash Buckets": 1048576,
                    "Original Hash Buckets": 1048576,
                    "Hash Batches": 1,
                    "Original Hash Batches": 1,
                    "Peak Memory Usage": 45152,
                    "Plans": [
                      {
                        "Node Type": "Merge Join",
                        "Parent Relationship": "Outer",
                        "Parallel Aware": false,
                        "Join Type": "Inner",
                        "Startup Cost": 2.97,
                        "Total Cost": 169034.03,
                        "Plan Rows": 577768,
                        "Plan Width": 8,
                        "Actual Startup Time": 0.31,
                        "Actual Total Time": 1240.949,
                        "Actual Rows": 472287,
                        "Actual Loops": 2,
                        "Inner Unique": false,
                        "Merge Cond": "(t.id = mi_idx.movie_id)",
                        "Plans": [
                          {
                            "Node Type": "Index Scan",
                            "Parent Relationship": "Outer",
                            "Parallel Aware": true,
                            "Scan Direction": "Forward",
                            "Index Name": "title_pkey",
                            "Relation Name": "title",
                            "Alias": "t",
                            "Startup Cost": 0.43,
                            "Total Cost": 103647.43,
                            "Plan Rows": 1058501,
                            "Plan Width": 4,
                            "Actual Startup Time": 0.086,
                            "Actual Total Time": 748.703,
                            "Actual Rows": 896381,
                            "Actual Loops": 2,
                            "Filter": "(production_year > 1988)",
                            "Rows Removed by Filter": 366571
                          },
                          {
                            "Node Type": "Index Only Scan",
                            "Parent Relationship": "Inner",
                            "Parallel Aware": false,
                            "Scan Direction": "Forward",
                            "Index Name": "movie_id_movie_info_idx",
                            "Relation Name": "movie_info_idx",
                            "Alias": "mi_idx",
                            "Startup Cost": 0.43,
                            "Total Cost": 53620.22,
                            "Plan Rows": 1380035,
                            "Plan Width": 4,
                            "Actual Startup Time": 0.126,
                            "Actual Total Time": 318.132,
                            "Actual Rows": 1380035,
                            "Actual Loops": 2,
                            "Heap Fetches": 2760070
                          }
                        ]
                      }
                    ]
                  }
                ]
              }
            ]
          }
        ]
      }
    ]
  },
  "Planning Time": 0.784,
  "Triggers": [],
  "Execution Time": 1602.491
}