[
  {
    "Plan": {
      "Node Type": "Aggregate",
      "Strategy": "Plain",
      "Partial Mode": "Finalize",
      "Parallel Aware": false,
      "Startup Cost": 92595.23,
      "Total Cost": 92595.24,
      "Plan Rows": 1,
      "Plan Width": 8,
      "Actual Startup Time": 397.985,
      "Actual Total Time": 417.661,
      "Actual Rows": 1,
      "Actual Loops": 1,
      "Plans": [
        {
          "Node Type": "Gather",
          "Parent Relationship": "Outer",
          "Parallel Aware": false,
          "Startup Cost": 92594.92,
          "Total Cost": 92595.23,
          "Plan Rows": 3,
          "Plan Width": 8,
          "Actual Startup Time": 396.004,
          "Actual Total Time": 417.651,
          "Actual Rows": 4,
          "Actual Loops": 1,
          "Workers Planned": 3,
          "Workers Launched": 3,
          "Single Copy": false,
          "Plans": [
            {
              "Node Type": "Aggregate",
              "Strategy": "Plain",
              "Partial Mode": "Partial",
              "Parent Relationship": "Outer",
              "Parallel Aware": false,
              "Startup Cost": 91594.92,
              "Total Cost": 91594.93,
              "Plan Rows": 1,
              "Plan Width": 8,
              "Actual Startup Time": 387.221,
              "Actual Total Time": 387.224,
              "Actual Rows": 1,
              "Actual Loops": 4,
              "Plans": [
                {
                  "Node Type": "Hash Join",
                  "Parent Relationship": "Outer",
                  "Parallel Aware": true,
                  "Join Type": "Inner",
                  "Startup Cost": 44828.23,
                  "Total Cost": 91184.82,
                  "Plan Rows": 164038,
                  "Plan Width": 0,
                  "Actual Startup Time": 138.145,
                  "Actual Total Time": 376.771,
                  "Actual Rows": 195798,
                  "Actual Loops": 4,
                  "Inner Unique": true,
                  "Hash Cond": "(mk.movie_id = t.id)",
                  "Plans": [
                    {
                      "Node Type": "Seq Scan",
                      "Parent Relationship": "Outer",
                      "Parallel Aware": true,
                      "Relation Name": "movie_keyword",
                      "Alias": "mk",
                      "Startup Cost": 0.0,
                      "Total Cost": 42695.65,
                      "Plan Rows": 1394640,
                      "Plan Width": 4,
                      "Actual Startup Time": 0.036,
                      "Actual Total Time": 131.733,
                      "Actual Rows": 1077978,
                      "Actual Loops": 4,
                      "Filter": "(keyword_id > 140)",
                      "Rows Removed by Filter": 53004
                    },
                    {
                      "Node Type": "Hash",
                      "Parent Relationship": "Inner",
                      "Parallel Aware": true,
                      "Startup Cost": 43898.92,
                      "Total Cost": 43898.92,
                      "Plan Rows": 74345,
                      "Plan Width": 4,
                      "Actual Startup Time": 134.224,
                      "Actual Total Time": 134.225,
                      "Actual Rows": 77384,
                      "Actual Loops": 4,
                      "Hash Buckets": 524288,
                      "Original Hash Buckets": 524288,
                      "Hash Batches": 1,
                      "Original Hash Batches": 1,
                      "Peak Memory Usage": 16288,
                      "Plans": [
                        {
                          "Node Type": "Seq Scan",
                          "Parent Relationship": "Outer",
                          "Parallel Aware": true,
                          "Relation Name": "title",
                          "Alias": "t",
                          "Startup Cost": 0.0,
                          "Total Cost": 43898.92,
                          "Plan Rows": 74345,
                          "Plan Width": 4,
                          "Actual Startup Time": 0.041,
                          "Actual Total Time": 104.221,
                          "Actual Rows": 77384,
                          "Actual Loops": 4,
                          "Filter": "(production_year < 1966)",
                          "Rows Removed by Filter": 554694
                        }
                      ]
                    }
                  ]
                }
              ]
            }
          ]
        }
      ]
    },
    "Planning Time": 0.643,
    "Triggers": [],
    "Execution Time": 417.726
  }
]