[
  {
    "Plan": {
      "Node Type": "Aggregate",
      "Strategy": "Plain",
      "Partial Mode": "Finalize",
      "Parallel Aware": false,
      "Startup Cost": 338974.9,
      "Total Cost": 338974.91,
      "Plan Rows": 1,
      "Plan Width": 8,
      "Actual Startup Time": 350.059,
      "Actual Total Time": 372.203,
      "Actual Rows": 1,
      "Actual Loops": 1,
      "Plans": [
        {
          "Node Type": "Gather",
          "Parent Relationship": "Outer",
          "Parallel Aware": false,
          "Startup Cost": 338974.27,
          "Total Cost": 338974.88,
          "Plan Rows": 6,
          "Plan Width": 8,
          "Actual Startup Time": 349.972,
          "Actual Total Time": 372.194,
          "Actual Rows": 7,
          "Actual Loops": 1,
          "Workers Planned": 6,
          "Workers Launched": 6,
          "Single Copy": false,
          "Plans": [
            {
              "Node Type": "Aggregate",
              "Strategy": "Plain",
              "Partial Mode": "Partial",
              "Parent Relationship": "Outer",
              "Parallel Aware": false,
              "Startup Cost": 337974.27,
              "Total Cost": 337974.28,
              "Plan Rows": 1,
              "Plan Width": 8,
              "Actual Startup Time": 339.645,
              "Actual Total Time": 339.646,
              "Actual Rows": 1,
              "Actual Loops": 7,
              "Plans": [
                {
                  "Node Type": "Index Scan",
                  "Parent Relationship": "Outer",
                  "Parallel Aware": true,
                  "Scan Direction": "Forward",
                  "Index Name": "role_id_cast_info",
                  "Relation Name": "cast_info",
                  "Alias": "ci",
                  "Startup Cost": 0.56,
                  "Total Cost": 335235.55,
                  "Plan Rows": 1095490,
                  "Plan Width": 0,
                  "Actual Startup Time": 331.045,
                  "Actual Total Time": 338.085,
                  "Actual Rows": 38124,
                  "Actual Loops": 7,
                  "Index Cond": "(role_id = 1)",
                  "Rows Removed by Index Recheck": 0,
                  "Filter": "(person_id > 1700464)",
                  "Rows Removed by Filter": 1771975
                }
              ]
            }
          ]
        }
      ]
    },
    "Planning Time": 0.234,
    "Triggers": [],
    "Execution Time": 372.277
  }
]