[
  {
    "Plan": {
      "Node Type": "Aggregate",
      "Strategy": "Plain",
      "Partial Mode": "Finalize",
      "Parallel Aware": false,
      "Startup Cost": 234399.28,
      "Total Cost": 234399.29,
      "Plan Rows": 1,
      "Plan Width": 8,
      "Actual Startup Time": 182.542,
      "Actual Total Time": 211.275,
      "Actual Rows": 1,
      "Actual Loops": 1,
      "Plans": [
        {
          "Node Type": "Gather",
          "Parent Relationship": "Outer",
          "Parallel Aware": false,
          "Startup Cost": 234398.86,
          "Total Cost": 234399.27,
          "Plan Rows": 4,
          "Plan Width": 8,
          "Actual Startup Time": 182.419,
          "Actual Total Time": 211.267,
          "Actual Rows": 5,
          "Actual Loops": 1,
          "Workers Planned": 4,
          "Workers Launched": 4,
          "Single Copy": false,
          "Plans": [
            {
              "Node Type": "Aggregate",
              "Strategy": "Plain",
              "Partial Mode": "Partial",
              "Parent Relationship": "Outer",
              "Parallel Aware": false,
              "Startup Cost": 233398.86,
              "Total Cost": 233398.87,
              "Plan Rows": 1,
              "Plan Width": 8,
              "Actual Startup Time": 172.506,
              "Actual Total Time": 172.507,
              "Actual Rows": 1,
              "Actual Loops": 5,
              "Plans": [
                {
                  "Node Type": "Nested Loop",
                  "Parent Relationship": "Outer",
                  "Parallel Aware": false,
                  "Join Type": "Inner",
                  "Startup Cost": 0.43,
                  "Total Cost": 233326.95,
                  "Plan Rows": 28764,
                  "Plan Width": 0,
                  "Actual Startup Time": 0.394,
                  "Actual Total Time": 169.922,
                  "Actual Rows": 38195,
                  "Actual Loops": 5,
                  "Inner Unique": false,
                  "Plans": [
                    {
                      "Node Type": "Seq Scan",
                      "Parent Relationship": "Outer",
                      "Parallel Aware": true,
                      "Relation Name": "title",
                      "Alias": "t",
                      "Startup Cost": 0.0,
                      "Total Cost": 45479.1,
                      "Plan Rows": 5665,
                      "Plan Width": 4,
                      "Actual Startup Time": 0.207,
                      "Actual Total Time": 70.878,
                      "Actual Rows": 3442,
                      "Actual Loops": 5,
                      "Filter": "((kind_id < 4) AND (production_year = 2003))",
                      "Rows Removed by Filter": 502221
                    },
                    {
                      "Node Type": "Index Scan",
                      "Parent Relationship": "Inner",
                      "Parallel Aware": false,
                      "Scan Direction": "Forward",
                      "Index Name": "movie_id_movie_info",
                      "Relation Name": "movie_info",
                      "Alias": "mi",
                      "Startup Cost": 0.43,
                      "Total Cost": 32.8,
                      "Plan Rows": 36,
                      "Plan Width": 4,
                      "Actual Startup Time": 0.009,
                      "Actual Total Time": 0.027,
                      "Actual Rows": 11,
                      "Actual Loops": 17208,
                      "Index Cond": "(movie_id = t.id)",
                      "Rows Removed by Index Recheck": 0,
                      "Filter": "(info_type_id < 18)",
                      "Rows Removed by Filter": 3
                    }
                  ]
                }
              ]
            }
          ]
        }
      ]
    },
    "Planning Time": 0.593,
    "Triggers": [],
    "Execution Time": 211.348
  }
]