{
  "Plan": {
    "Node Type": "Aggregate",
    "Strategy": "Plain",
    "Partial Mode": "Simple",
    "Parallel Aware": false,
    "Startup Cost": 1913.12,
    "Total Cost": 1913.13,
    "Plan Rows": 1,
    "Plan Width": 8,
    "Actual Startup Time": 2.831,
    "Actual Total Time": 2.834,
    "Actual Rows": 1,
    "Actual Loops": 1,
    "Plans": [
      {
        "Node Type": "Nested Loop",
        "Parent Relationship": "Outer",
        "Parallel Aware": false,
        "Join Type": "Inner",
        "Startup Cost": 0.99,
        "Total Cost": 1912.87,
        "Plan Rows": 101,
        "Plan Width": 0,
        "Actual Startup Time": 1.182,
        "Actual Total Time": 2.797,
        "Actual Rows": 139,
        "Actual Loops": 1,
        "Inner Unique": true,
        "Plans": [
          {
            "Node Type": "Index Scan",
            "Parent Relationship": "Outer",
            "Parallel Aware": false,
            "Scan Direction": "Forward",
            "Index Name": "person_id_cast_info",
            "Relation Name": "cast_info",
            "Alias": "ci",
            "Startup Cost": 0.56,
            "Total Cost": 1059.67,
            "Plan Rows": 101,
            "Plan Width": 4,
            "Actual Startup Time": 1.151,
            "Actual Total Time": 1.273,
            "Actual Rows": 139,
            "Actual Loops": 1,
            "Index Cond": "(person_id = 2261472)",
            "Rows Removed by Index Recheck": 0,
            "Filter": "(role_id = 2)",
            "Rows Removed by Filter": 0
          },
          {
            "Node Type": "Index Only Scan",
            "Parent Relationship": "Inner",
            "Parallel Aware": false,
            "Scan Direction": "Forward",
            "Index Name": "title_pkey",
            "Relation Name": "title",
            "Alias": "t",
            "Startup Cost": 0.43,
            "Total Cost": 8.45,
            "Plan Rows": 1,
            "Plan Width": 4,
            "Actual Startup Time": 0.01,
            "Actual Total Time": 0.01,
            "Actual Rows": 1,
            "Actual Loops": 139,
            "Index Cond": "(id = ci.movie_id)",
            "Rows Removed by Index Recheck": 0,
            "Heap Fetches": 139
          }
        ]
      }
    ]
  },
  "Planning Time": 0.688,
  "Triggers": [],
  "Execution Time": 2.901
}