[
  {
    "Plan": {
      "Node Type": "Aggregate",
      "Strategy": "Plain",
      "Partial Mode": "Finalize",
      "Parallel Aware": false,
      "Startup Cost": 84167.79,
      "Total Cost": 84167.8,
      "Plan Rows": 1,
      "Plan Width": 8,
      "Actual Startup Time": 520.262,
      "Actual Total Time": 537.111,
      "Actual Rows": 1,
      "Actual Loops": 1,
      "Plans": [
        {
          "Node Type": "Gather",
          "Parent Relationship": "Outer",
          "Parallel Aware": false,
          "Startup Cost": 84167.47,
          "Total Cost": 84167.78,
          "Plan Rows": 3,
          "Plan Width": 8,
          "Actual Startup Time": 505.907,
          "Actual Total Time": 537.1,
          "Actual Rows": 4,
          "Actual Loops": 1,
          "Workers Planned": 3,
          "Workers Launched": 3,
          "Single Copy": false,
          "Plans": [
            {
              "Node Type": "Aggregate",
              "Strategy": "Plain",
              "Partial Mode": "Partial",
              "Parent Relationship": "Outer",
              "Parallel Aware": false,
              "Startup Cost": 83167.47,
              "Total Cost": 83167.48,
              "Plan Rows": 1,
              "Plan Width": 8,
              "Actual Startup Time": 498.061,
              "Actual Total Time": 498.065,
              "Actual Rows": 1,
              "Actual Loops": 4,
              "Plans": [
                {
                  "Node Type": "Hash Join",
                  "Parent Relationship": "Outer",
                  "Parallel Aware": true,
                  "Join Type": "Inner",
                  "Startup Cost": 50354.42,
                  "Total Cost": 82555.62,
                  "Plan Rows": 244741,
                  "Plan Width": 0,
                  "Actual Startup Time": 371.434,
                  "Actual Total Time": 490.693,
                  "Actual Rows": 135680,
                  "Actual Loops": 4,
                  "Inner Unique": true,
                  "Hash Cond": "(mc.movie_id = t.id)",
                  "Plans": [
                    {
                      "Node Type": "Seq Scan",
                      "Parent Relationship": "Outer",
                      "Parallel Aware": true,
                      "Relation Name": "movie_companies",
                      "Alias": "mc",
                      "Startup Cost": 0.0,
                      "Total Cost": 31414.82,
                      "Plan Rows": 299574,
                      "Plan Width": 4,
                      "Actual Startup Time": 36.469,
                      "Actual Total Time": 78.521,
                      "Actual Rows": 154398,
                      "Actual Loops": 4,
                      "Filter": "((company_id < 32380) AND (company_type_id > 1))",
                      "Rows Removed by Filter": 497884
                    },
                    {
                      "Node Type": "Hash",
                      "Parent Relationship": "Inner",
                      "Parallel Aware": true,
                      "Startup Cost": 43899.32,
                      "Total Cost": 43899.32,
                      "Plan Rows": 516408,
                      "Plan Width": 4,
                      "Actual Startup Time": 330.084,
                      "Actual Total Time": 330.085,
                      "Actual Rows": 516138,
                      "Actual Loops": 4,
                      "Hash Buckets": 2097152,
                      "Original Hash Buckets": 2097152,
                      "Hash Batches": 1,
                      "Original Hash Batches": 1,
                      "Peak Memory Usage": 97216,
                      "Plans": [
                        {
                          "Node Type": "Seq Scan",
                          "Parent Relationship": "Outer",
                          "Parallel Aware": true,
                          "Relation Name": "title",
                          "Alias": "t",
                          "Startup Cost": 0.0,
                          "Total Cost": 43899.32,
                          "Plan Rows": 516408,
                          "Plan Width": 4,
                          "Actual Startup Time": 0.041,
                          "Actual Total Time": 130.43,
                          "Actual Rows": 516138,
                          "Actual Loops": 4,
                          "Filter": "(production_year < 2011)",
                          "Rows Removed by Filter": 115940
                        }
                      ]
                    }
                  ]
                }
              ]
            }
          ]
        }
      ]
    },
    "Planning Time": 0.227,
    "Triggers": [],
    "Execution Time": 537.146
  }
]