[
  {
    "Plan": {
      "Node Type": "Aggregate",
      "Strategy": "Plain",
      "Partial Mode": "Finalize",
      "Parallel Aware": false,
      "Startup Cost": 83757.66,
      "Total Cost": 83757.67,
      "Plan Rows": 1,
      "Plan Width": 8,
      "Actual Startup Time": 339.001,
      "Actual Total Time": 355.641,
      "Actual Rows": 1,
      "Actual Loops": 1,
      "Plans": [
        {
          "Node Type": "Gather",
          "Parent Relationship": "Outer",
          "Parallel Aware": false,
          "Startup Cost": 83757.24,
          "Total Cost": 83757.65,
          "Plan Rows": 4,
          "Plan Width": 8,
          "Actual Startup Time": 334.505,
          "Actual Total Time": 355.631,
          "Actual Rows": 5,
          "Actual Loops": 1,
          "Workers Planned": 4,
          "Workers Launched": 4,
          "Single Copy": false,
          "Plans": [
            {
              "Node Type": "Aggregate",
              "Strategy": "Plain",
              "Partial Mode": "Partial",
              "Parent Relationship": "Outer",
              "Parallel Aware": false,
              "Startup Cost": 82757.24,
              "Total Cost": 82757.25,
              "Plan Rows": 1,
              "Plan Width": 8,
              "Actual Startup Time": 325.26,
              "Actual Total Time": 325.263,
              "Actual Rows": 1,
              "Actual Loops": 5,
              "Plans": [
                {
                  "Node Type": "Hash Join",
                  "Parent Relationship": "Outer",
                  "Parallel Aware": true,
                  "Join Type": "Inner",
                  "Startup Cost": 35183.63,
                  "Total Cost": 82280.03,
                  "Plan Rows": 190884,
                  "Plan Width": 0,
                  "Actual Startup Time": 124.442,
                  "Actual Total Time": 320.249,
                  "Actual Rows": 108544,
                  "Actual Loops": 5,
                  "Inner Unique": false,
                  "Hash Cond": "(t.id = mc.movie_id)",
                  "Plans": [
                    {
                      "Node Type": "Seq Scan",
                      "Parent Relationship": "Outer",
                      "Parallel Aware": true,
                      "Relation Name": "title",
                      "Alias": "t",
                      "Startup Cost": 0.0,
                      "Total Cost": 43898.92,
                      "Plan Rows": 516346,
                      "Plan Width": 4,
                      "Actual Startup Time": 0.012,
                      "Actual Total Time": 82.787,
                      "Actual Rows": 412910,
                      "Actual Loops": 5,
                      "Filter": "(production_year < 2011)",
                      "Rows Removed by Filter": 92752
                    },
                    {
                      "Node Type": "Hash",
                      "Parent Relationship": "Inner",
                      "Parallel Aware": true,
                      "Startup Cost": 31414.82,
                      "Total Cost": 31414.82,
                      "Plan Rows": 301505,
                      "Plan Width": 4,
                      "Actual Startup Time": 120.152,
                      "Actual Total Time": 120.153,
                      "Actual Rows": 123519,
                      "Actual Loops": 5,
                      "Hash Buckets": 1048576,
                      "Original Hash Buckets": 1048576,
                      "Hash Batches": 1,
                      "Original Hash Batches": 1,
                      "Peak Memory Usage": 32448,
                      "Plans": [
                        {
                          "Node Type": "Seq Scan",
                          "Parent Relationship": "Outer",
                          "Parallel Aware": true,
                          "Relation Name": "movie_companies",
                          "Alias": "mc",
                          "Startup Cost": 0.0,
                          "Total Cost": 31414.82,
                          "Plan Rows": 301505,
                          "Plan Width": 4,
                          "Actual Startup Time": 46.075,
                          "Actual Total Time": 78.13,
                          "Actual Rows": 123519,
                          "Actual Loops": 5,
                          "Filter": "((company_id < 32380) AND (company_type_id > 1))",
                          "Rows Removed by Filter": 398307
                        }
                      ]
                    }
                  ]
                }
              ]
            }
          ]
        }
      ]
    },
    "Planning Time": 0.648,
    "Triggers": [],
    "Execution Time": 355.711
  }
]