[
    {
        "Bao": {
            "Bao prediction": "NaN",
            "Bao recommended hint": "(no hint)"
        }
    },
    {
        "Plan": {
            "Node Type": "Aggregate",
            "Strategy": "Plain",
            "Partial Mode": "Finalize",
            "Parallel Aware": false,
            "Startup Cost": 67383.54,
            "Total Cost": 67383.55,
            "Plan Rows": 1,
            "Plan Width": 8,
            "Actual Startup Time": 117.727,
            "Actual Total Time": 124.937,
            "Actual Rows": 1,
            "Actual Loops": 1,
            "Output": [
                "count(*)"
            ],
            "Plans": [
                {
                    "Node Type": "Gather",
                    "Parent Relationship": "Outer",
                    "Parallel Aware": false,
                    "Startup Cost": 67383.22,
                    "Total Cost": 67383.53,
                    "Plan Rows": 3,
                    "Plan Width": 8,
                    "Actual Startup Time": 117.501,
                    "Actual Total Time": 124.932,
                    "Actual Rows": 4,
                    "Actual Loops": 1,
                    "Output": [
                        "(PARTIAL count(*))"
                    ],
                    "Workers Planned": 3,
                    "Workers Launched": 3,
                    "Single Copy": false,
                    "Plans": [
                        {
                            "Node Type": "Aggregate",
                            "Strategy": "Plain",
                            "Partial Mode": "Partial",
                            "Parent Relationship": "Outer",
                            "Parallel Aware": false,
                            "Startup Cost": 66383.22,
                            "Total Cost": 66383.23,
                            "Plan Rows": 1,
                            "Plan Width": 8,
                            "Actual Startup Time": 108.183,
                            "Actual Total Time": 108.187,
                            "Actual Rows": 1,
                            "Actual Loops": 4,
                            "Output": [
                                "PARTIAL count(*)"
                            ],
                            "Workers": [
                                {
                                    "Worker Number": 0,
                                    "Actual Startup Time": 105.049,
                                    "Actual Total Time": 105.053,
                                    "Actual Rows": 1,
                                    "Actual Loops": 1
                                },
                                {
                                    "Worker Number": 1,
                                    "Actual Startup Time": 105.364,
                                    "Actual Total Time": 105.367,
                                    "Actual Rows": 1,
                                    "Actual Loops": 1
                                },
                                {
                                    "Worker Number": 2,
                                    "Actual Startup Time": 105.441,
                                    "Actual Total Time": 105.444,
                                    "Actual Rows": 1,
                                    "Actual Loops": 1
                                }
                            ],
                            "Plans": [
                                {
                                    "Node Type": "Nested Loop",
                                    "Parent Relationship": "Outer",
                                    "Parallel Aware": false,
                                    "Join Type": "Inner",
                                    "Startup Cost": 45641.63,
                                    "Total Cost": 66382.12,
                                    "Plan Rows": 439,
                                    "Plan Width": 0,
                                    "Actual Startup Time": 104.011,
                                    "Actual Total Time": 108.16,
                                    "Actual Rows": 303,
                                    "Actual Loops": 4,
                                    "Inner Unique": false,
                                    "Join Filter": "(t.id = mi.movie_id)",
                                    "Rows Removed by Join Filter": 0,
                                    "Workers": [
                                        {
                                            "Worker Number": 0,
                                            "Actual Startup Time": 101.503,
                                            "Actual Total Time": 105.018,
                                            "Actual Rows": 365,
                                            "Actual Loops": 1
                                        },
                                        {
                                            "Worker Number": 1,
                                            "Actual Startup Time": 100.876,
                                            "Actual Total Time": 105.344,
                                            "Actual Rows": 174,
                                            "Actual Loops": 1
                                        },
                                        {
                                            "Worker Number": 2,
                                            "Actual Startup Time": 101.332,
                                            "Actual Total Time": 105.428,
                                            "Actual Rows": 73,
                                            "Actual Loops": 1
                                        }
                                    ],
                                    "Plans": [
                                        {
                                            "Node Type": "Hash Join",
                                            "Parent Relationship": "Outer",
                                            "Parallel Aware": true,
                                            "Join Type": "Inner",
                                            "Startup Cost": 45641.19,
                                            "Total Cost": 64845.73,
                                            "Plan Rows": 75,
                                            "Plan Width": 8,
                                            "Actual Startup Time": 103.942,
                                            "Actual Total Time": 107.254,
                                            "Actual Rows": 24,
                                            "Actual Loops": 4,
                                            "Output": [
                                                "t.id",
                                                "mc.movie_id"
                                            ],
                                            "Inner Unique": true,
                                            "Hash Cond": "(mc.movie_id = t.id)",
                                            "Workers": [
                                                {
                                                    "Worker Number": 0,
                                                    "Actual Startup Time": 101.428,
                                                    "Actual Total Time": 103.82,
                                                    "Actual Rows": 27,
                                                    "Actual Loops": 1
                                                },
                                                {
                                                    "Worker Number": 1,
                                                    "Actual Startup Time": 100.787,
                                                    "Actual Total Time": 104.312,
                                                    "Actual Rows": 15,
                                                    "Actual Loops": 1
                                                },
                                                {
                                                    "Worker Number": 2,
                                                    "Actual Startup Time": 101.243,
                                                    "Actual Total Time": 104.699,
                                                    "Actual Rows": 7,
                                                    "Actual Loops": 1
                                                }
                                            ],
                                            "Plans": [
                                                {
                                                    "Node Type": "Bitmap Heap Scan",
                                                    "Parent Relationship": "Outer",
                                                    "Parallel Aware": true,
                                                    "Relation Name": "movie_companies",
                                                    "Schema": "public",
                                                    "Alias": "mc",
                                                    "Startup Cost": 1696.36,
                                                    "Total Cost": 20866.94,
                                                    "Plan Rows": 12935,
                                                    "Plan Width": 4,
                                                    "Actual Startup Time": 14.891,
                                                    "Actual Total Time": 17.741,
                                                    "Actual Rows": 4388,
                                                    "Actual Loops": 4,
                                                    "Output": [
                                                        "mc.id",
                                                        "mc.movie_id",
                                                        "mc.company_id",
                                                        "mc.company_type_id",
                                                        "mc.note"
                                                    ],
                                                    "Recheck Cond": "(mc.company_id < 19)",
                                                    "Rows Removed by Index Recheck": 0,
                                                    "Filter": "(mc.company_type_id = 2)",
                                                    "Rows Removed by Filter": 16630,
                                                    "Exact Heap Blocks": 3862,
                                                    "Lossy Heap Blocks": 0,
                                                    "Workers": [
                                                        {
                                                            "Worker Number": 0,
                                                            "Actual Startup Time": 14.877,
                                                            "Actual Total Time": 17.526,
                                                            "Actual Rows": 3290,
                                                            "Actual Loops": 1
                                                        },
                                                        {
                                                            "Worker Number": 1,
                                                            "Actual Startup Time": 14.881,
                                                            "Actual Total Time": 17.767,
                                                            "Actual Rows": 3425,
                                                            "Actual Loops": 1
                                                        },
                                                        {
                                                            "Worker Number": 2,
                                                            "Actual Startup Time": 14.889,
                                                            "Actual Total Time": 17.936,
                                                            "Actual Rows": 3845,
                                                            "Actual Loops": 1
                                                        }
                                                    ],
                                                    "Plans": [
                                                        {
                                                            "Node Type": "Bitmap Index Scan",
                                                            "Parent Relationship": "Outer",
                                                            "Parallel Aware": false,
                                                            "Index Name": "company_id_movie_companies",
                                                            "Startup Cost": 0.0,
                                                            "Total Cost": 1686.34,
                                                            "Plan Rows": 78654,
                                                            "Plan Width": 0,
                                                            "Actual Startup Time": 4.494,
                                                            "Actual Total Time": 4.495,
                                                            "Actual Rows": 84071,
                                                            "Actual Loops": 1,
                                                            "Index Cond": "(mc.company_id < 19)"
                                                        }
                                                    ]
                                                },
                                                {
                                                    "Node Type": "Hash",
                                                    "Parent Relationship": "Inner",
                                                    "Parallel Aware": true,
                                                    "Startup Cost": 43899.01,
                                                    "Total Cost": 43899.01,
                                                    "Plan Rows": 3666,
                                                    "Plan Width": 4,
                                                    "Actual Startup Time": 87.746,
                                                    "Actual Total Time": 87.746,
                                                    "Actual Rows": 3510,
                                                    "Actual Loops": 4,
                                                    "Output": [
                                                        "t.id"
                                                    ],
                                                    "Hash Buckets": 16384,
                                                    "Original Hash Buckets": 16384,
                                                    "Hash Batches": 1,
                                                    "Original Hash Batches": 1,
                                                    "Peak Memory Usage": 736,
                                                    "Workers": [
                                                        {
                                                            "Worker Number": 0,
                                                            "Actual Startup Time": 85.048,
                                                            "Actual Total Time": 85.049,
                                                            "Actual Rows": 3027,
                                                            "Actual Loops": 1
                                                        },
                                                        {
                                                            "Worker Number": 1,
                                                            "Actual Startup Time": 85.352,
                                                            "Actual Total Time": 85.353,
                                                            "Actual Rows": 3024,
                                                            "Actual Loops": 1
                                                        },
                                                        {
                                                            "Worker Number": 2,
                                                            "Actual Startup Time": 85.421,
                                                            "Actual Total Time": 85.422,
                                                            "Actual Rows": 3050,
                                                            "Actual Loops": 1
                                                        }
                                                    ],
                                                    "Plans": [
                                                        {
                                                            "Node Type": "Seq Scan",
                                                            "Parent Relationship": "Outer",
                                                            "Parallel Aware": true,
                                                            "Relation Name": "title",
                                                            "Schema": "public",
                                                            "Alias": "t",
                                                            "Startup Cost": 0.0,
                                                            "Total Cost": 43899.01,
                                                            "Plan Rows": 3666,
                                                            "Plan Width": 4,
                                                            "Actual Startup Time": 0.134,
                                                            "Actual Total Time": 85.82,
                                                            "Actual Rows": 3510,
                                                            "Actual Loops": 4,
                                                            "Output": [
                                                                "t.id"
                                                            ],
                                                            "Filter": "(t.production_year = 1977)",
                                                            "Rows Removed by Filter": 628568,
                                                            "Workers": [
                                                                {
                                                                    "Worker Number": 0,
                                                                    "Actual Startup Time": 0.3,
                                                                    "Actual Total Time": 83.07,
                                                                    "Actual Rows": 3027,
                                                                    "Actual Loops": 1
                                                                },
                                                                {
                                                                    "Worker Number": 1,
                                                                    "Actual Startup Time": 0.112,
                                                                    "Actual Total Time": 83.396,
                                                                    "Actual Rows": 3024,
                                                                    "Actual Loops": 1
                                                                },
                                                                {
                                                                    "Worker Number": 2,
                                                                    "Actual Startup Time": 0.099,
                                                                    "Actual Total Time": 83.397,
                                                                    "Actual Rows": 3050,
                                                                    "Actual Loops": 1
                                                                }
                                                            ]
                                                        }
                                                    ]
                                                }
                                            ]
                                        },
                                        {
                                            "Node Type": "Index Only Scan",
                                            "Parent Relationship": "Inner",
                                            "Parallel Aware": false,
                                            "Scan Direction": "Forward",
                                            "Index Name": "movie_id_movie_info",
                                            "Relation Name": "movie_info",
                                            "Schema": "public",
                                            "Alias": "mi",
                                            "Startup Cost": 0.43,
                                            "Total Cost": 20.0,
                                            "Plan Rows": 39,
                                            "Plan Width": 4,
                                            "Actual Startup Time": 0.012,
                                            "Actual Total Time": 0.035,
                                            "Actual Rows": 12,
                                            "Actual Loops": 98,
                                            "Output": [
                                                "mi.movie_id"
                                            ],
                                            "Index Cond": "(mi.movie_id = mc.movie_id)",
                                            "Rows Removed by Index Recheck": 0,
                                            "Heap Fetches": 1213,
                                            "Workers": [
                                                {
                                                    "Worker Number": 0,
                                                    "Actual Startup Time": 0.013,
                                                    "Actual Total Time": 0.042,
                                                    "Actual Rows": 14,
                                                    "Actual Loops": 27
                                                },
                                                {
                                                    "Worker Number": 1,
                                                    "Actual Startup Time": 0.025,
                                                    "Actual Total Time": 0.066,
                                                    "Actual Rows": 12,
                                                    "Actual Loops": 15
                                                },
                                                {
                                                    "Worker Number": 2,
                                                    "Actual Startup Time": 0.036,
                                                    "Actual Total Time": 0.101,
                                                    "Actual Rows": 10,
                                                    "Actual Loops": 7
                                                }
                                            ]
                                        }
                                    ]
                                }
                            ]
                        }
                    ]
                }
            ]
        },
        "Planning Time": 193.993,
        "Triggers": [],
        "Execution Time": 125.055
    }
]