[
    {
        "Bao": {
            "Bao prediction": "NaN",
            "Bao recommended hint": "(no hint)"
        }
    },
    {
        "Plan": {
            "Node Type": "Aggregate",
            "Strategy": "Plain",
            "Partial Mode": "Finalize",
            "Parallel Aware": false,
            "Startup Cost": 33394.2,
            "Total Cost": 33394.21,
            "Plan Rows": 1,
            "Plan Width": 8,
            "Actual Startup Time": 99.689,
            "Actual Total Time": 104.903,
            "Actual Rows": 1,
            "Actual Loops": 1,
            "Output": [
                "count(*)"
            ],
            "Plans": [
                {
                    "Node Type": "Gather",
                    "Parent Relationship": "Outer",
                    "Parallel Aware": false,
                    "Startup Cost": 33393.88,
                    "Total Cost": 33394.19,
                    "Plan Rows": 3,
                    "Plan Width": 8,
                    "Actual Startup Time": 99.598,
                    "Actual Total Time": 104.895,
                    "Actual Rows": 4,
                    "Actual Loops": 1,
                    "Output": [
                        "(PARTIAL count(*))"
                    ],
                    "Workers Planned": 3,
                    "Workers Launched": 3,
                    "Single Copy": false,
                    "Plans": [
                        {
                            "Node Type": "Aggregate",
                            "Strategy": "Plain",
                            "Partial Mode": "Partial",
                            "Parent Relationship": "Outer",
                            "Parallel Aware": false,
                            "Startup Cost": 32393.88,
                            "Total Cost": 32393.89,
                            "Plan Rows": 1,
                            "Plan Width": 8,
                            "Actual Startup Time": 91.651,
                            "Actual Total Time": 91.652,
                            "Actual Rows": 1,
                            "Actual Loops": 4,
                            "Output": [
                                "PARTIAL count(*)"
                            ],
                            "Workers": [
                                {
                                    "Worker Number": 0,
                                    "Actual Startup Time": 88.722,
                                    "Actual Total Time": 88.723,
                                    "Actual Rows": 1,
                                    "Actual Loops": 1
                                },
                                {
                                    "Worker Number": 1,
                                    "Actual Startup Time": 89.157,
                                    "Actual Total Time": 89.158,
                                    "Actual Rows": 1,
                                    "Actual Loops": 1
                                },
                                {
                                    "Worker Number": 2,
                                    "Actual Startup Time": 89.531,
                                    "Actual Total Time": 89.532,
                                    "Actual Rows": 1,
                                    "Actual Loops": 1
                                }
                            ],
                            "Plans": [
                                {
                                    "Node Type": "Seq Scan",
                                    "Parent Relationship": "Outer",
                                    "Parallel Aware": true,
                                    "Relation Name": "movie_companies",
                                    "Schema": "public",
                                    "Alias": "mc",
                                    "Startup Cost": 0.0,
                                    "Total Cost": 31414.82,
                                    "Plan Rows": 391626,
                                    "Plan Width": 0,
                                    "Actual Startup Time": 45.624,
                                    "Actual Total Time": 80.324,
                                    "Actual Rows": 275804,
                                    "Actual Loops": 4,
                                    "Output": [
                                        "id",
                                        "movie_id",
                                        "company_id",
                                        "company_type_id",
                                        "note"
                                    ],
                                    "Filter": "((mc.company_id < 105019) AND (mc.company_type_id > 1))",
                                    "Rows Removed by Filter": 376478,
                                    "Workers": [
                                        {
                                            "Worker Number": 0,
                                            "Actual Startup Time": 42.697,
                                            "Actual Total Time": 77.916,
                                            "Actual Rows": 266962,
                                            "Actual Loops": 1
                                        },
                                        {
                                            "Worker Number": 1,
                                            "Actual Startup Time": 43.135,
                                            "Actual Total Time": 77.972,
                                            "Actual Rows": 263766,
                                            "Actual Loops": 1
                                        },
                                        {
                                            "Worker Number": 2,
                                            "Actual Startup Time": 43.495,
                                            "Actual Total Time": 78.324,
                                            "Actual Rows": 264788,
                                            "Actual Loops": 1
                                        }
                                    ]
                                }
                            ]
                        }
                    ]
                }
            ]
        },
        "Planning Time": 217.049,
        "Triggers": [],
        "Execution Time": 104.963
    }
]