[
  {
    "Plan": {
      "Node Type": "Aggregate",
      "Strategy": "Plain",
      "Partial Mode": "Finalize",
      "Parallel Aware": false,
      "Startup Cost": 32791.53,
      "Total Cost": 32791.54,
      "Plan Rows": 1,
      "Plan Width": 8,
      "Actual Startup Time": 77.491,
      "Actual Total Time": 85.733,
      "Actual Rows": 1,
      "Actual Loops": 1,
      "Plans": [
        {
          "Node Type": "Gather",
          "Parent Relationship": "Outer",
          "Parallel Aware": false,
          "Startup Cost": 32791.21,
          "Total Cost": 32791.52,
          "Plan Rows": 3,
          "Plan Width": 8,
          "Actual Startup Time": 77.382,
          "Actual Total Time": 85.725,
          "Actual Rows": 4,
          "Actual Loops": 1,
          "Workers Planned": 3,
          "Workers Launched": 3,
          "Single Copy": false,
          "Plans": [
            {
              "Node Type": "Aggregate",
              "Strategy": "Plain",
              "Partial Mode": "Partial",
              "Parent Relationship": "Outer",
              "Parallel Aware": false,
              "Startup Cost": 31791.21,
              "Total Cost": 31791.22,
              "Plan Rows": 1,
              "Plan Width": 8,
              "Actual Startup Time": 74.285,
              "Actual Total Time": 74.286,
              "Actual Rows": 1,
              "Actual Loops": 4,
              "Plans": [
                {
                  "Node Type": "Seq Scan",
                  "Parent Relationship": "Outer",
                  "Parallel Aware": true,
                  "Relation Name": "movie_companies",
                  "Alias": "mc",
                  "Startup Cost": 0.0,
                  "Total Cost": 31414.82,
                  "Plan Rows": 150558,
                  "Plan Width": 0,
                  "Actual Startup Time": 33.564,
                  "Actual Total Time": 66.397,
                  "Actual Rows": 195383,
                  "Actual Loops": 4,
                  "Filter": "((company_id > 21107) AND (company_type_id = 2))",
                  "Rows Removed by Filter": 456899
                }
              ]
            }
          ]
        }
      ]
    },
    "Planning Time": 0.098,
    "Triggers": [],
    "Execution Time": 85.761
  }
]