{
  "Plan": {
    "Node Type": "Aggregate",
    "Strategy": "Plain",
    "Partial Mode": "Finalize",
    "Parallel Aware": false,
    "Startup Cost": 510752.19,
    "Total Cost": 510752.2,
    "Plan Rows": 1,
    "Plan Width": 8,
    "Actual Startup Time": 2721.016,
    "Actual Total Time": 2746.441,
    "Actual Rows": 1,
    "Actual Loops": 1,
    "Plans": [
      {
        "Node Type": "Gather",
        "Parent Relationship": "Outer",
        "Parallel Aware": false,
        "Startup Cost": 510752.08,
        "Total Cost": 510752.19,
        "Plan Rows": 1,
        "Plan Width": 8,
        "Actual Startup Time": 2716.973,
        "Actual Total Time": 2746.43,
        "Actual Rows": 2,
        "Actual Loops": 1,
        "Workers Planned": 1,
        "Workers Launched": 1,
        "Single Copy": false,
        "Plans": [
          {
            "Node Type": "Aggregate",
            "Strategy": "Plain",
            "Partial Mode": "Partial",
            "Parent Relationship": "Outer",
            "Parallel Aware": false,
            "Startup Cost": 509752.08,
            "Total Cost": 509752.09,
            "Plan Rows": 1,
            "Plan Width": 8,
            "Actual Startup Time": 2710.219,
            "Actual Total Time": 2710.225,
            "Actual Rows": 1,
            "Actual Loops": 2,
            "Plans": [
              {
                "Node Type": "Hash Join",
                "Parent Relationship": "Outer",
                "Parallel Aware": true,
                "Join Type": "Inner",
                "Startup Cost": 197438.37,
                "Total Cost": 509177.51,
                "Plan Rows": 229825,
                "Plan Width": 0,
                "Actual Startup Time": 835.328,
                "Actual Total Time": 2691.906,
                "Actual Rows": 421686,
                "Actual Loops": 2,
                "Inner Unique": false,
                "Hash Cond": "(t.id = mc.movie_id)",
                "Plans": [
                  {
                    "Node Type": "Hash Join",
                    "Parent Relationship": "Outer",
                    "Parallel Aware": true,
                    "Join Type": "Inner",
                    "Startup Cost": 170818.19,
                    "Total Cost": 464334.01,
                    "Plan Rows": 2699425,
                    "Plan Width": 8,
                    "Actual Startup Time": 733.46,
                    "Actual Total Time": 2171.198,
                    "Actual Rows": 2354376,
                    "Actual Loops": 2,
                    "Inner Unique": true,
                    "Hash Cond": "(ci.movie_id = t.id)",
                    "Plans": [
                      {
                        "Node Type": "Bitmap Heap Scan",
                        "Parent Relationship": "Outer",
                        "Parallel Aware": true,
                        "Relation Name": "cast_info",
                        "Alias": "ci",
                        "Startup Cost": 101357.49,
                        "Total Cost": 387787.31,
                        "Plan Rows": 2699425,
                        "Plan Width": 4,
                        "Actual Startup Time": 163.898,
                        "Actual Total Time": 420.959,
                        "Actual Rows": 2354376,
                        "Actual Loops": 2,
                        "Recheck Cond": "(person_id < 456817)",
                        "Rows Removed by Index Recheck": 0,
                        "Exact Heap Blocks": 24249,
                        "Lossy Heap Blocks": 0,
                        "Plans": [
                          {
                            "Node Type": "Bitmap Index Scan",
                            "Parent Relationship": "Outer",
                            "Parallel Aware": false,
                            "Index Name": "person_id_cast_info",
                            "Startup Cost": 0.0,
                            "Total Cost": 100210.24,
                            "Plan Rows": 4589023,
                            "Plan Width": 0,
                            "Actual Startup Time": 156.064,
                            "Actual Total Time": 156.065,
                            "Actual Rows": 4708751,
                            "Actual Loops": 1,
                            "Index Cond": "(person_id < 456817)"
                          }
                        ]
                      },
                      {
                        "Node Type": "Hash",
                        "Parent Relationship": "Inner",
                        "Parallel Aware": true,
                        "Startup Cost": 50870.31,
                        "Total Cost": 50870.31,
                        "Plan Rows": 1487231,
                        "Plan Width": 4,
                        "Actual Startup Time": 556.463,
                        "Actual Total Time": 556.464,
                        "Actual Rows": 1264156,
                        "Actual Loops": 2,
                        "Hash Buckets": 4194304,
                        "Original Hash Buckets": 4194304,
                        "Hash Batches": 1,
                        "Original Hash Batches": 1,
                        "Peak Memory Usage": 131712,
                        "Plans": [
                          {
                            "Node Type": "Seq Scan",
                            "Parent Relationship": "Outer",
                            "Parallel Aware": true,
                            "Relation Name": "title",
                            "Alias": "t",
                            "Startup Cost": 0.0,
                            "Total Cost": 50870.31,
                            "Plan Rows": 1487231,
                            "Plan Width": 4,
                            "Actual Startup Time": 0.018,
                            "Actual Total Time": 152.77,
                            "Actual Rows": 1264156,
                            "Actual Loops": 2
                          }
                        ]
                      }
                    ]
                  },
                  {
                    "Node Type": "Hash",
                    "Parent Relationship": "Inner",
                    "Parallel Aware": true,
                    "Startup Cost": 25037.41,
                    "Total Cost": 25037.41,
                    "Plan Rows": 126621,
                    "Plan Width": 4,
                    "Actual Startup Time": 98.237,
                    "Actual Total Time": 98.238,
                    "Actual Rows": 107602,
                    "Actual Loops": 2,
                    "Hash Buckets": 262144,
                    "Original Hash Buckets": 262144,
                    "Hash Batches": 1,
                    "Original Hash Batches": 1,
                    "Peak Memory Usage": 10528,
                    "Plans": [
                      {
                        "Node Type": "Bitmap Heap Scan",
                        "Parent Relationship": "Outer",
                        "Parallel Aware": true,
                        "Relation Name": "movie_companies",
                        "Alias": "mc",
                        "Startup Cost": 4664.66,
                        "Total Cost": 25037.41,
                        "Plan Rows": 126621,
                        "Plan Width": 4,
                        "Actual Startup Time": 22.941,
                        "Actual Total Time": 70.031,
                        "Actual Rows": 107602,
                        "Actual Loops": 2,
                        "Recheck Cond": "(company_id < 73)",
                        "Rows Removed by Index Recheck": 0,
                        "Exact Heap Blocks": 11035,
                        "Lossy Heap Blocks": 0,
                        "Plans": [
                          {
                            "Node Type": "Bitmap Index Scan",
                            "Parent Relationship": "Outer",
                            "Parallel Aware": false,
                            "Index Name": "company_id_movie_companies",
                            "Startup Cost": 0.0,
                            "Total Cost": 4610.84,
                            "Plan Rows": 215255,
                            "Plan Width": 0,
                            "Actual Startup Time": 21.719,
                            "Actual Total Time": 21.719,
                            "Actual Rows": 215203,
                            "Actual Loops": 1,
                            "Index Cond": "(company_id < 73)"
                          }
                        ]
                      }
                    ]
                  }
                ]
              }
            ]
          }
        ]
      }
    ]
  },
  "Planning Time": 1.114,
  "Triggers": [],
  "Execution Time": 2746.58
}