[
  {
    "Plan": {
      "Node Type": "Aggregate",
      "Strategy": "Plain",
      "Partial Mode": "Finalize",
      "Parallel Aware": false,
      "Startup Cost": 123793.21,
      "Total Cost": 123793.22,
      "Plan Rows": 1,
      "Plan Width": 8,
      "Actual Startup Time": 278.685,
      "Actual Total Time": 301.15,
      "Actual Rows": 1,
      "Actual Loops": 1,
      "Plans": [
        {
          "Node Type": "Gather",
          "Parent Relationship": "Outer",
          "Parallel Aware": false,
          "Startup Cost": 123792.9,
          "Total Cost": 123793.21,
          "Plan Rows": 3,
          "Plan Width": 8,
          "Actual Startup Time": 277.644,
          "Actual Total Time": 301.14,
          "Actual Rows": 4,
          "Actual Loops": 1,
          "Workers Planned": 3,
          "Workers Launched": 3,
          "Single Copy": false,
          "Plans": [
            {
              "Node Type": "Aggregate",
              "Strategy": "Plain",
              "Partial Mode": "Partial",
              "Parent Relationship": "Outer",
              "Parallel Aware": false,
              "Startup Cost": 122792.9,
              "Total Cost": 122792.91,
              "Plan Rows": 1,
              "Plan Width": 8,
              "Actual Startup Time": 268.093,
              "Actual Total Time": 268.098,
              "Actual Rows": 1,
              "Actual Loops": 4,
              "Plans": [
                {
                  "Node Type": "Nested Loop",
                  "Parent Relationship": "Outer",
                  "Parallel Aware": false,
                  "Join Type": "Inner",
                  "Startup Cost": 59794.81,
                  "Total Cost": 122622.41,
                  "Plan Rows": 68193,
                  "Plan Width": 0,
                  "Actual Startup Time": 157.385,
                  "Actual Total Time": 267.645,
                  "Actual Rows": 5032,
                  "Actual Loops": 4,
                  "Inner Unique": false,
                  "Join Filter": "(t.id = mi.movie_id)",
                  "Rows Removed by Join Filter": 0,
                  "Plans": [
                    {
                      "Node Type": "Hash Join",
                      "Parent Relationship": "Outer",
                      "Parallel Aware": true,
                      "Join Type": "Inner",
                      "Startup Cost": 59794.37,
                      "Total Cost": 87440.35,
                      "Plan Rows": 11662,
                      "Plan Width": 8,
                      "Actual Startup Time": 157.256,
                      "Actual Total Time": 254.598,
                      "Actual Rows": 843,
                      "Actual Loops": 4,
                      "Inner Unique": true,
                      "Hash Cond": "(mk.movie_id = t.id)",
                      "Plans": [
                        {
                          "Node Type": "Bitmap Heap Scan",
                          "Parent Relationship": "Outer",
                          "Parallel Aware": true,
                          "Relation Name": "movie_keyword",
                          "Alias": "mk",
                          "Startup Cost": 13878.66,
                          "Total Cost": 40970.66,
                          "Plan Rows": 211040,
                          "Plan Width": 4,
                          "Actual Startup Time": 37.524,
                          "Actual Total Time": 106.614,
                          "Actual Rows": 166454,
                          "Actual Loops": 4,
                          "Recheck Cond": "(keyword_id < 520)",
                          "Rows Removed by Index Recheck": 0,
                          "Exact Heap Blocks": 9818,
                          "Lossy Heap Blocks": 0,
                          "Plans": [
                            {
                              "Node Type": "Bitmap Index Scan",
                              "Parent Relationship": "Outer",
                              "Parallel Aware": false,
                              "Index Name": "keyword_id_movie_keyword",
                              "Startup Cost": 0.0,
                              "Total Cost": 13715.11,
                              "Plan Rows": 654223,
                              "Plan Width": 0,
                              "Actual Startup Time": 33.301,
                              "Actual Total Time": 33.302,
                              "Actual Rows": 665815,
                              "Actual Loops": 1,
                              "Index Cond": "(keyword_id < 520)"
                            }
                          ]
                        },
                        {
                          "Node Type": "Hash",
                          "Parent Relationship": "Inner",
                          "Parallel Aware": true,
                          "Startup Cost": 45479.1,
                          "Total Cost": 45479.1,
                          "Plan Rows": 34929,
                          "Plan Width": 4,
                          "Actual Startup Time": 116.925,
                          "Actual Total Time": 116.926,
                          "Actual Rows": 37665,
                          "Actual Loops": 4,
                          "Hash Buckets": 262144,
                          "Original Hash Buckets": 262144,
                          "Hash Batches": 1,
                          "Original Hash Batches": 1,
                          "Peak Memory Usage": 8000,
                          "Plans": [
                            {
                              "Node Type": "Seq Scan",
                              "Parent Relationship": "Outer",
                              "Parallel Aware": true,
                              "Relation Name": "title",
                              "Alias": "t",
                              "Startup Cost": 0.0,
                              "Total Cost": 45479.1,
                              "Plan Rows": 34929,
                              "Plan Width": 4,
                              "Actual Startup Time": 0.042,
                              "Actual Total Time": 101.119,
                              "Actual Rows": 37665,
                              "Actual Loops": 4,
                              "Filter": "((production_year > 2011) AND (kind_id = 7))",
                              "Rows Removed by Filter": 594413
                            }
                          ]
                        }
                      ]
                    },
                    {
                      "Node Type": "Index Only Scan",
                      "Parent Relationship": "Inner",
                      "Parallel Aware": false,
                      "Scan Direction": "Forward",
                      "Index Name": "movie_id_movie_info",
                      "Relation Name": "movie_info",
                      "Alias": "mi",
                      "Startup Cost": 0.43,
                      "Total Cost": 2.49,
                      "Plan Rows": 42,
                      "Plan Width": 4,
                      "Actual Startup Time": 0.007,
                      "Actual Total Time": 0.014,
                      "Actual Rows": 6,
                      "Actual Loops": 3372,
                      "Index Cond": "(movie_id = mk.movie_id)",
                      "Rows Removed by Index Recheck": 0,
                      "Heap Fetches": 20126
                    }
                  ]
                }
              ]
            }
          ]
        }
      ]
    },
    "Planning Time": 1.435,
    "Triggers": [],
    "Execution Time": 301.26
  }
]