[
  {
    "Plan": {
      "Node Type": "Aggregate",
      "Strategy": "Plain",
      "Partial Mode": "Finalize",
      "Parallel Aware": false,
      "Startup Cost": 23499.09,
      "Total Cost": 23499.1,
      "Plan Rows": 1,
      "Plan Width": 8,
      "Actual Startup Time": 37.328,
      "Actual Total Time": 40.681,
      "Actual Rows": 1,
      "Actual Loops": 1,
      "Plans": [
        {
          "Node Type": "Gather",
          "Parent Relationship": "Outer",
          "Parallel Aware": false,
          "Startup Cost": 23498.77,
          "Total Cost": 23499.08,
          "Plan Rows": 3,
          "Plan Width": 8,
          "Actual Startup Time": 37.151,
          "Actual Total Time": 40.675,
          "Actual Rows": 4,
          "Actual Loops": 1,
          "Workers Planned": 3,
          "Workers Launched": 3,
          "Single Copy": false,
          "Plans": [
            {
              "Node Type": "Aggregate",
              "Strategy": "Plain",
              "Partial Mode": "Partial",
              "Parent Relationship": "Outer",
              "Parallel Aware": false,
              "Startup Cost": 22498.77,
              "Total Cost": 22498.78,
              "Plan Rows": 1,
              "Plan Width": 8,
              "Actual Startup Time": 30.541,
              "Actual Total Time": 30.543,
              "Actual Rows": 1,
              "Actual Loops": 4,
              "Plans": [
                {
                  "Node Type": "Bitmap Heap Scan",
                  "Parent Relationship": "Outer",
                  "Parallel Aware": true,
                  "Relation Name": "movie_companies",
                  "Alias": "mc",
                  "Startup Cost": 3032.15,
                  "Total Cost": 22386.0,
                  "Plan Rows": 45108,
                  "Plan Width": 0,
                  "Actual Startup Time": 8.147,
                  "Actual Total Time": 27.9,
                  "Actual Rows": 34236,
                  "Actual Loops": 4,
                  "Recheck Cond": "(company_id > 137801)",
                  "Rows Removed by Index Recheck": 0,
                  "Exact Heap Blocks": 1793,
                  "Lossy Heap Blocks": 0,
                  "Plans": [
                    {
                      "Node Type": "Bitmap Index Scan",
                      "Parent Relationship": "Outer",
                      "Parallel Aware": false,
                      "Index Name": "company_id_movie_companies",
                      "Startup Cost": 0.0,
                      "Total Cost": 2997.19,
                      "Plan Rows": 139835,
                      "Plan Width": 0,
                      "Actual Startup Time": 13.029,
                      "Actual Total Time": 13.029,
                      "Actual Rows": 136943,
                      "Actual Loops": 1,
                      "Index Cond": "(company_id > 137801)"
                    }
                  ]
                }
              ]
            }
          ]
        }
      ]
    },
    "Planning Time": 0.111,
    "Triggers": [],
    "Execution Time": 40.726
  }
]