[
  {
    "Plan": {
      "Node Type": "Aggregate",
      "Strategy": "Plain",
      "Partial Mode": "Finalize",
      "Parallel Aware": false,
      "Startup Cost": 23500.61,
      "Total Cost": 23500.62,
      "Plan Rows": 1,
      "Plan Width": 8,
      "Actual Startup Time": 51.463,
      "Actual Total Time": 55.387,
      "Actual Rows": 1,
      "Actual Loops": 1,
      "Plans": [
        {
          "Node Type": "Gather",
          "Parent Relationship": "Outer",
          "Parallel Aware": false,
          "Startup Cost": 23500.3,
          "Total Cost": 23500.61,
          "Plan Rows": 3,
          "Plan Width": 8,
          "Actual Startup Time": 51.255,
          "Actual Total Time": 55.377,
          "Actual Rows": 4,
          "Actual Loops": 1,
          "Workers Planned": 3,
          "Workers Launched": 3,
          "Single Copy": false,
          "Plans": [
            {
              "Node Type": "Aggregate",
              "Strategy": "Plain",
              "Partial Mode": "Partial",
              "Parent Relationship": "Outer",
              "Parallel Aware": false,
              "Startup Cost": 22500.3,
              "Total Cost": 22500.31,
              "Plan Rows": 1,
              "Plan Width": 8,
              "Actual Startup Time": 45.439,
              "Actual Total Time": 45.441,
              "Actual Rows": 1,
              "Actual Loops": 4,
              "Plans": [
                {
                  "Node Type": "Bitmap Heap Scan",
                  "Parent Relationship": "Outer",
                  "Parallel Aware": true,
                  "Relation Name": "movie_companies",
                  "Alias": "mc",
                  "Startup Cost": 3033.09,
                  "Total Cost": 22387.43,
                  "Plan Rows": 45147,
                  "Plan Width": 0,
                  "Actual Startup Time": 15.545,
                  "Actual Total Time": 41.675,
                  "Actual Rows": 34236,
                  "Actual Loops": 4,
                  "Recheck Cond": "(company_id > 137801)",
                  "Rows Removed by Index Recheck": 0,
                  "Exact Heap Blocks": 1999,
                  "Lossy Heap Blocks": 0,
                  "Plans": [
                    {
                      "Node Type": "Bitmap Index Scan",
                      "Parent Relationship": "Outer",
                      "Parallel Aware": false,
                      "Index Name": "company_id_movie_companies",
                      "Startup Cost": 0.0,
                      "Total Cost": 2998.1,
                      "Plan Rows": 139956,
                      "Plan Width": 0,
                      "Actual Startup Time": 19.259,
                      "Actual Total Time": 19.26,
                      "Actual Rows": 136943,
                      "Actual Loops": 1,
                      "Index Cond": "(company_id > 137801)"
                    }
                  ]
                }
              ]
            }
          ]
        }
      ]
    },
    "Planning Time": 0.234,
    "Triggers": [],
    "Execution Time": 55.466
  }
]