[
  {
    "Plan": {
      "Node Type": "Aggregate",
      "Strategy": "Plain",
      "Partial Mode": "Finalize",
      "Parallel Aware": false,
      "Startup Cost": 46911.22,
      "Total Cost": 46911.23,
      "Plan Rows": 1,
      "Plan Width": 8,
      "Actual Startup Time": 157.715,
      "Actual Total Time": 164.603,
      "Actual Rows": 1,
      "Actual Loops": 1,
      "Plans": [
        {
          "Node Type": "Gather",
          "Parent Relationship": "Outer",
          "Parallel Aware": false,
          "Startup Cost": 46910.9,
          "Total Cost": 46911.21,
          "Plan Rows": 3,
          "Plan Width": 8,
          "Actual Startup Time": 157.616,
          "Actual Total Time": 164.597,
          "Actual Rows": 4,
          "Actual Loops": 1,
          "Workers Planned": 3,
          "Workers Launched": 3,
          "Single Copy": false,
          "Plans": [
            {
              "Node Type": "Aggregate",
              "Strategy": "Plain",
              "Partial Mode": "Partial",
              "Parent Relationship": "Outer",
              "Parallel Aware": false,
              "Startup Cost": 45910.9,
              "Total Cost": 45910.91,
              "Plan Rows": 1,
              "Plan Width": 8,
              "Actual Startup Time": 152.997,
              "Actual Total Time": 152.998,
              "Actual Rows": 1,
              "Actual Loops": 4,
              "Plans": [
                {
                  "Node Type": "Seq Scan",
                  "Parent Relationship": "Outer",
                  "Parallel Aware": true,
                  "Relation Name": "movie_keyword",
                  "Alias": "mk",
                  "Startup Cost": 0.0,
                  "Total Cost": 42695.65,
                  "Plan Rows": 1286100,
                  "Plan Width": 0,
                  "Actual Startup Time": 0.03,
                  "Actual Total Time": 109.008,
                  "Actual Rows": 999151,
                  "Actual Loops": 4,
                  "Filter": "(keyword_id < 34490)",
                  "Rows Removed by Filter": 131832
                }
              ]
            }
          ]
        }
      ]
    },
    "Planning Time": 0.064,
    "Triggers": [],
    "Execution Time": 164.629
  }
]