{
  "Plan": {
    "Node Type": "Aggregate",
    "Strategy": "Plain",
    "Partial Mode": "Finalize",
    "Parallel Aware": false,
    "Startup Cost": 406310.75,
    "Total Cost": 406310.76,
    "Plan Rows": 1,
    "Plan Width": 8,
    "Actual Startup Time": 2616.324,
    "Actual Total Time": 2670.958,
    "Actual Rows": 1,
    "Actual Loops": 1,
    "Plans": [
      {
        "Node Type": "Gather",
        "Parent Relationship": "Outer",
        "Parallel Aware": false,
        "Startup Cost": 406310.64,
        "Total Cost": 406310.75,
        "Plan Rows": 1,
        "Plan Width": 8,
        "Actual Startup Time": 2609.269,
        "Actual Total Time": 2670.94,
        "Actual Rows": 2,
        "Actual Loops": 1,
        "Workers Planned": 1,
        "Workers Launched": 1,
        "Single Copy": false,
        "Plans": [
          {
            "Node Type": "Aggregate",
            "Strategy": "Plain",
            "Partial Mode": "Partial",
            "Parent Relationship": "Outer",
            "Parallel Aware": false,
            "Startup Cost": 405310.64,
            "Total Cost": 405310.65,
            "Plan Rows": 1,
            "Plan Width": 8,
            "Actual Startup Time": 2603.295,
            "Actual Total Time": 2603.603,
            "Actual Rows": 1,
            "Actual Loops": 2,
            "Plans": [
              {
                "Node Type": "Hash Join",
                "Parent Relationship": "Outer",
                "Parallel Aware": true,
                "Join Type": "Inner",
                "Startup Cost": 114126.45,
                "Total Cost": 403337.41,
                "Plan Rows": 789293,
                "Plan Width": 0,
                "Actual Startup Time": 807.774,
                "Actual Total Time": 2319.252,
                "Actual Rows": 7285293,
                "Actual Loops": 2,
                "Inner Unique": false,
                "Hash Cond": "(mi.movie_id = t.id)",
                "Plans": [
                  {
                    "Node Type": "Seq Scan",
                    "Parent Relationship": "Outer",
                    "Parallel Aware": true,
                    "Relation Name": "movie_info",
                    "Alias": "mi",
                    "Startup Cost": 0.0,
                    "Total Cost": 270696.42,
                    "Plan Rows": 3699105,
                    "Plan Width": 4,
                    "Actual Startup Time": 33.267,
                    "Actual Total Time": 663.882,
                    "Actual Rows": 3111747,
                    "Actual Loops": 2,
                    "Filter": "(info_type_id > 8)",
                    "Rows Removed by Filter": 4306113
                  },
                  {
                    "Node Type": "Hash",
                    "Parent Relationship": "Inner",
                    "Parallel Aware": true,
                    "Startup Cost": 110159.75,
                    "Total Cost": 110159.75,
                    "Plan Rows": 317336,
                    "Plan Width": 8,
                    "Actual Startup Time": 765.465,
                    "Actual Total Time": 765.767,
                    "Actual Rows": 277863,
                    "Actual Loops": 2,
                    "Hash Buckets": 1048576,
                    "Original Hash Buckets": 1048576,
                    "Hash Batches": 1,
                    "Original Hash Batches": 1,
                    "Peak Memory Usage": 29952,
                    "Plans": [
                      {
                        "Node Type": "Hash Join",
                        "Parent Relationship": "Outer",
                        "Parallel Aware": true,
                        "Join Type": "Inner",
                        "Startup Cost": 80906.04,
                        "Total Cost": 110159.75,
                        "Plan Rows": 317336,
                        "Plan Width": 8,
                        "Actual Startup Time": 544.296,
                        "Actual Total Time": 704.417,
                        "Actual Rows": 277863,
                        "Actual Loops": 2,
                        "Inner Unique": true,
                        "Hash Cond": "(mk.movie_id = t.id)",
                        "Plans": [
                          {
                            "Node Type": "Bitmap Heap Scan",
                            "Parent Relationship": "Outer",
                            "Parallel Aware": true,
                            "Relation Name": "movie_keyword",
                            "Alias": "mk",
                            "Startup Cost": 11445.34,
                            "Total Cost": 39866.05,
                            "Plan Rows": 317336,
                            "Plan Width": 4,
                            "Actual Startup Time": 28.762,
                            "Actual Total Time": 97.377,
                            "Actual Rows": 277863,
                            "Actual Loops": 2,
                            "Recheck Cond": "(keyword_id < 398)",
                            "Rows Removed by Index Recheck": 0,
                            "Exact Heap Blocks": 13074,
                            "Lossy Heap Blocks": 0,
                            "Plans": [
                              {
                                "Node Type": "Bitmap Index Scan",
                                "Parent Relationship": "Outer",
                                "Parallel Aware": false,
                                "Index Name": "keyword_id_movie_keyword",
                                "Startup Cost": 0.0,
                                "Total Cost": 11310.47,
                                "Plan Rows": 539472,
                                "Plan Width": 0,
                                "Actual Startup Time": 25.228,
                                "Actual Total Time": 25.229,
                                "Actual Rows": 555726,
                                "Actual Loops": 1,
                                "Index Cond": "(keyword_id < 398)"
                              }
                            ]
                          },
                          {
                            "Node Type": "Hash",
                            "Parent Relationship": "Inner",
                            "Parallel Aware": true,
                            "Startup Cost": 50870.31,
                            "Total Cost": 50870.31,
                            "Plan Rows": 1487231,
                            "Plan Width": 4,
                            "Actual Startup Time": 499.284,
                            "Actual Total Time": 499.285,
                            "Actual Rows": 1264156,
                            "Actual Loops": 2,
                            "Hash Buckets": 4194304,
                            "Original Hash Buckets": 4194304,
                            "Hash Batches": 1,
                            "Original Hash Batches": 1,
                            "Peak Memory Usage": 131712,
                            "Plans": [
                              {
                                "Node Type": "Seq Scan",
                                "Parent Relationship": "Outer",
                                "Parallel Aware": true,
                                "Relation Name": "title",
                                "Alias": "t",
                                "Startup Cost": 0.0,
                                "Total Cost": 50870.31,
                                "Plan Rows": 1487231,
                                "Plan Width": 4,
                                "Actual Startup Time": 0.036,
                                "Actual Total Time": 150.699,
                                "Actual Rows": 1264156,
                                "Actual Loops": 2
                              }
                            ]
                          }
                        ]
                      }
                    ]
                  }
                ]
              }
            ]
          }
        ]
      }
    ]
  },
  "Planning Time": 0.936,
  "Triggers": [],
  "Execution Time": 2671.08
}