[
  {
    "Plan": {
      "Node Type": "Aggregate",
      "Strategy": "Plain",
      "Partial Mode": "Simple",
      "Parallel Aware": false,
      "Startup Cost": 3137.61,
      "Total Cost": 3137.62,
      "Plan Rows": 1,
      "Plan Width": 8,
      "Actual Startup Time": 0.741,
      "Actual Total Time": 0.743,
      "Actual Rows": 1,
      "Actual Loops": 1,
      "Plans": [
        {
          "Node Type": "Nested Loop",
          "Parent Relationship": "Outer",
          "Parallel Aware": false,
          "Join Type": "Inner",
          "Startup Cost": 7.21,
          "Total Cost": 3137.38,
          "Plan Rows": 90,
          "Plan Width": 0,
          "Actual Startup Time": 0.172,
          "Actual Total Time": 0.729,
          "Actual Rows": 26,
          "Actual Loops": 1,
          "Inner Unique": false,
          "Plans": [
            {
              "Node Type": "Nested Loop",
              "Parent Relationship": "Outer",
              "Parallel Aware": false,
              "Join Type": "Inner",
              "Startup Cost": 6.78,
              "Total Cost": 3005.96,
              "Plan Rows": 248,
              "Plan Width": 8,
              "Actual Startup Time": 0.074,
              "Actual Total Time": 0.397,
              "Actual Rows": 14,
              "Actual Loops": 1,
              "Inner Unique": true,
              "Plans": [
                {
                  "Node Type": "Bitmap Heap Scan",
                  "Parent Relationship": "Outer",
                  "Parallel Aware": false,
                  "Relation Name": "movie_keyword",
                  "Alias": "mk",
                  "Startup Cost": 6.35,
                  "Total Cost": 922.98,
                  "Plan Rows": 248,
                  "Plan Width": 4,
                  "Actual Startup Time": 0.046,
                  "Actual Total Time": 0.106,
                  "Actual Rows": 14,
                  "Actual Loops": 1,
                  "Recheck Cond": "(keyword_id = 49387)",
                  "Rows Removed by Index Recheck": 0,
                  "Exact Heap Blocks": 14,
                  "Lossy Heap Blocks": 0,
                  "Plans": [
                    {
                      "Node Type": "Bitmap Index Scan",
                      "Parent Relationship": "Outer",
                      "Parallel Aware": false,
                      "Index Name": "keyword_id_movie_keyword",
                      "Startup Cost": 0.0,
                      "Total Cost": 6.29,
                      "Plan Rows": 248,
                      "Plan Width": 0,
                      "Actual Startup Time": 0.031,
                      "Actual Total Time": 0.031,
                      "Actual Rows": 14,
                      "Actual Loops": 1,
                      "Index Cond": "(keyword_id = 49387)"
                    }
                  ]
                },
                {
                  "Node Type": "Index Only Scan",
                  "Parent Relationship": "Inner",
                  "Parallel Aware": false,
                  "Scan Direction": "Forward",
                  "Index Name": "title_pkey",
                  "Relation Name": "title",
                  "Alias": "t",
                  "Startup Cost": 0.43,
                  "Total Cost": 8.4,
                  "Plan Rows": 1,
                  "Plan Width": 4,
                  "Actual Startup Time": 0.019,
                  "Actual Total Time": 0.019,
                  "Actual Rows": 1,
                  "Actual Loops": 14,
                  "Index Cond": "(id = mk.movie_id)",
                  "Rows Removed by Index Recheck": 0,
                  "Heap Fetches": 14
                }
              ]
            },
            {
              "Node Type": "Index Scan",
              "Parent Relationship": "Inner",
              "Parallel Aware": false,
              "Scan Direction": "Forward",
              "Index Name": "movie_id_movie_info_idx",
              "Relation Name": "movie_info_idx",
              "Alias": "mi_idx",
              "Startup Cost": 0.43,
              "Total Cost": 0.51,
              "Plan Rows": 2,
              "Plan Width": 4,
              "Actual Startup Time": 0.021,
              "Actual Total Time": 0.022,
              "Actual Rows": 2,
              "Actual Loops": 14,
              "Index Cond": "(movie_id = t.id)",
              "Rows Removed by Index Recheck": 0,
              "Filter": "(info_type_id < 101)",
              "Rows Removed by Filter": 1
            }
          ]
        }
      ]
    },
    "Planning Time": 1.353,
    "Triggers": [],
    "Execution Time": 0.834
  }
]