[
    {
        "Bao": {
            "Bao prediction": "NaN",
            "Bao recommended hint": "(no hint)"
        }
    },
    {
        "Plan": {
            "Node Type": "Aggregate",
            "Strategy": "Plain",
            "Partial Mode": "Finalize",
            "Parallel Aware": false,
            "Startup Cost": 33284.45,
            "Total Cost": 33284.46,
            "Plan Rows": 1,
            "Plan Width": 8,
            "Actual Startup Time": 112.255,
            "Actual Total Time": 117.422,
            "Actual Rows": 1,
            "Actual Loops": 1,
            "Output": [
                "count(*)"
            ],
            "Plans": [
                {
                    "Node Type": "Gather",
                    "Parent Relationship": "Outer",
                    "Parallel Aware": false,
                    "Startup Cost": 33284.13,
                    "Total Cost": 33284.44,
                    "Plan Rows": 3,
                    "Plan Width": 8,
                    "Actual Startup Time": 112.127,
                    "Actual Total Time": 117.415,
                    "Actual Rows": 4,
                    "Actual Loops": 1,
                    "Output": [
                        "(PARTIAL count(*))"
                    ],
                    "Workers Planned": 3,
                    "Workers Launched": 3,
                    "Single Copy": false,
                    "Plans": [
                        {
                            "Node Type": "Aggregate",
                            "Strategy": "Plain",
                            "Partial Mode": "Partial",
                            "Parent Relationship": "Outer",
                            "Parallel Aware": false,
                            "Startup Cost": 32284.13,
                            "Total Cost": 32284.14,
                            "Plan Rows": 1,
                            "Plan Width": 8,
                            "Actual Startup Time": 104.262,
                            "Actual Total Time": 104.263,
                            "Actual Rows": 1,
                            "Actual Loops": 4,
                            "Output": [
                                "PARTIAL count(*)"
                            ],
                            "Workers": [
                                {
                                    "Worker Number": 0,
                                    "Actual Startup Time": 101.47,
                                    "Actual Total Time": 101.472,
                                    "Actual Rows": 1,
                                    "Actual Loops": 1
                                },
                                {
                                    "Worker Number": 1,
                                    "Actual Startup Time": 101.734,
                                    "Actual Total Time": 101.734,
                                    "Actual Rows": 1,
                                    "Actual Loops": 1
                                },
                                {
                                    "Worker Number": 2,
                                    "Actual Startup Time": 101.984,
                                    "Actual Total Time": 101.985,
                                    "Actual Rows": 1,
                                    "Actual Loops": 1
                                }
                            ],
                            "Plans": [
                                {
                                    "Node Type": "Seq Scan",
                                    "Parent Relationship": "Outer",
                                    "Parallel Aware": true,
                                    "Relation Name": "movie_companies",
                                    "Schema": "public",
                                    "Alias": "mc",
                                    "Startup Cost": 0.0,
                                    "Total Cost": 31414.82,
                                    "Plan Rows": 347725,
                                    "Plan Width": 0,
                                    "Actual Startup Time": 41.854,
                                    "Actual Total Time": 87.821,
                                    "Actual Rows": 300800,
                                    "Actual Loops": 4,
                                    "Output": [
                                        "id",
                                        "movie_id",
                                        "company_id",
                                        "company_type_id",
                                        "note"
                                    ],
                                    "Filter": "((mc.company_id > 424) AND (mc.company_type_id > 1))",
                                    "Rows Removed by Filter": 351482,
                                    "Workers": [
                                        {
                                            "Worker Number": 0,
                                            "Actual Startup Time": 39.074,
                                            "Actual Total Time": 85.239,
                                            "Actual Rows": 247823,
                                            "Actual Loops": 1
                                        },
                                        {
                                            "Worker Number": 1,
                                            "Actual Startup Time": 39.319,
                                            "Actual Total Time": 85.46,
                                            "Actual Rows": 248501,
                                            "Actual Loops": 1
                                        },
                                        {
                                            "Worker Number": 2,
                                            "Actual Startup Time": 39.566,
                                            "Actual Total Time": 85.772,
                                            "Actual Rows": 247869,
                                            "Actual Loops": 1
                                        }
                                    ]
                                }
                            ]
                        }
                    ]
                }
            ]
        },
        "Planning Time": 191.286,
        "Triggers": [],
        "Execution Time": 117.47
    }
]