[
  {
    "Plan": {
      "Node Type": "Aggregate",
      "Strategy": "Plain",
      "Partial Mode": "Finalize",
      "Parallel Aware": false,
      "Startup Cost": 247050.62,
      "Total Cost": 247050.63,
      "Plan Rows": 1,
      "Plan Width": 8,
      "Actual Startup Time": 531.893,
      "Actual Total Time": 574.487,
      "Actual Rows": 1,
      "Actual Loops": 1,
      "Plans": [
        {
          "Node Type": "Gather",
          "Parent Relationship": "Outer",
          "Parallel Aware": false,
          "Startup Cost": 247050.1,
          "Total Cost": 247050.61,
          "Plan Rows": 5,
          "Plan Width": 8,
          "Actual Startup Time": 525.959,
          "Actual Total Time": 574.471,
          "Actual Rows": 6,
          "Actual Loops": 1,
          "Workers Planned": 5,
          "Workers Launched": 5,
          "Single Copy": false,
          "Plans": [
            {
              "Node Type": "Aggregate",
              "Strategy": "Plain",
              "Partial Mode": "Partial",
              "Parent Relationship": "Outer",
              "Parallel Aware": false,
              "Startup Cost": 246050.1,
              "Total Cost": 246050.11,
              "Plan Rows": 1,
              "Plan Width": 8,
              "Actual Startup Time": 520.326,
              "Actual Total Time": 520.33,
              "Actual Rows": 1,
              "Actual Loops": 6,
              "Plans": [
                {
                  "Node Type": "Hash Join",
                  "Parent Relationship": "Outer",
                  "Parallel Aware": true,
                  "Join Type": "Inner",
                  "Startup Cost": 45557.71,
                  "Total Cost": 245819.51,
                  "Plan Rows": 92235,
                  "Plan Width": 0,
                  "Actual Startup Time": 137.86,
                  "Actual Total Time": 517.349,
                  "Actual Rows": 58303,
                  "Actual Loops": 6,
                  "Inner Unique": true,
                  "Hash Cond": "(mi.movie_id = t.id)",
                  "Plans": [
                    {
                      "Node Type": "Seq Scan",
                      "Parent Relationship": "Outer",
                      "Parallel Aware": true,
                      "Relation Name": "movie_info",
                      "Alias": "mi",
                      "Startup Cost": 0.0,
                      "Total Cost": 199108.24,
                      "Plan Rows": 439450,
                      "Plan Width": 4,
                      "Actual Startup Time": 16.747,
                      "Actual Total Time": 327.636,
                      "Actual Rows": 372308,
                      "Actual Loops": 6,
                      "Filter": "(info_type_id > 16)",
                      "Rows Removed by Filter": 2100312
                    },
                    {
                      "Node Type": "Hash",
                      "Parent Relationship": "Inner",
                      "Parallel Aware": true,
                      "Startup Cost": 43899.32,
                      "Total Cost": 43899.32,
                      "Plan Rows": 132671,
                      "Plan Width": 4,
                      "Actual Startup Time": 118.984,
                      "Actual Total Time": 118.985,
                      "Actual Rows": 88895,
                      "Actual Loops": 6,
                      "Hash Buckets": 1048576,
                      "Original Hash Buckets": 1048576,
                      "Hash Batches": 1,
                      "Original Hash Batches": 1,
                      "Peak Memory Usage": 29152,
                      "Plans": [
                        {
                          "Node Type": "Seq Scan",
                          "Parent Relationship": "Outer",
                          "Parallel Aware": true,
                          "Relation Name": "title",
                          "Alias": "t",
                          "Startup Cost": 0.0,
                          "Total Cost": 43899.32,
                          "Plan Rows": 132671,
                          "Plan Width": 4,
                          "Actual Startup Time": 0.036,
                          "Actual Total Time": 77.827,
                          "Actual Rows": 88895,
                          "Actual Loops": 6,
                          "Filter": "(production_year > 2009)",
                          "Rows Removed by Filter": 332490
                        }
                      ]
                    }
                  ]
                }
              ]
            }
          ]
        }
      ]
    },
    "Planning Time": 0.257,
    "Triggers": [],
    "Execution Time": 574.53
  }
]