[
  {
    "Plan": {
      "Node Type": "Aggregate",
      "Strategy": "Plain",
      "Partial Mode": "Finalize",
      "Parallel Aware": false,
      "Startup Cost": 360125.29,
      "Total Cost": 360125.3,
      "Plan Rows": 1,
      "Plan Width": 8,
      "Actual Startup Time": 418.669,
      "Actual Total Time": 482.721,
      "Actual Rows": 1,
      "Actual Loops": 1,
      "Plans": [
        {
          "Node Type": "Gather",
          "Parent Relationship": "Outer",
          "Parallel Aware": false,
          "Startup Cost": 360124.87,
          "Total Cost": 360125.28,
          "Plan Rows": 4,
          "Plan Width": 8,
          "Actual Startup Time": 418.526,
          "Actual Total Time": 482.711,
          "Actual Rows": 5,
          "Actual Loops": 1,
          "Workers Planned": 4,
          "Workers Launched": 4,
          "Single Copy": false,
          "Plans": [
            {
              "Node Type": "Aggregate",
              "Strategy": "Plain",
              "Partial Mode": "Partial",
              "Parent Relationship": "Outer",
              "Parallel Aware": false,
              "Startup Cost": 359124.87,
              "Total Cost": 359124.88,
              "Plan Rows": 1,
              "Plan Width": 8,
              "Actual Startup Time": 411.441,
              "Actual Total Time": 411.442,
              "Actual Rows": 1,
              "Actual Loops": 5,
              "Plans": [
                {
                  "Node Type": "Nested Loop",
                  "Parent Relationship": "Outer",
                  "Parallel Aware": false,
                  "Join Type": "Inner",
                  "Startup Cost": 0.56,
                  "Total Cost": 358765.62,
                  "Plan Rows": 143700,
                  "Plan Width": 0,
                  "Actual Startup Time": 0.369,
                  "Actual Total Time": 404.486,
                  "Actual Rows": 94518,
                  "Actual Loops": 5,
                  "Inner Unique": false,
                  "Plans": [
                    {
                      "Node Type": "Seq Scan",
                      "Parent Relationship": "Outer",
                      "Parallel Aware": true,
                      "Relation Name": "title",
                      "Alias": "t",
                      "Startup Cost": 0.0,
                      "Total Cost": 45479.1,
                      "Plan Rows": 12186,
                      "Plan Width": 4,
                      "Actual Startup Time": 0.198,
                      "Actual Total Time": 69.813,
                      "Actual Rows": 7098,
                      "Actual Loops": 5,
                      "Filter": "((kind_id < 7) AND (production_year = 2007))",
                      "Rows Removed by Filter": 498565
                    },
                    {
                      "Node Type": "Index Scan",
                      "Parent Relationship": "Inner",
                      "Parallel Aware": false,
                      "Scan Direction": "Forward",
                      "Index Name": "movie_id_cast_info",
                      "Relation Name": "cast_info",
                      "Alias": "ci",
                      "Startup Cost": 0.56,
                      "Total Cost": 25.41,
                      "Plan Rows": 30,
                      "Plan Width": 4,
                      "Actual Startup Time": 0.01,
                      "Actual Total Time": 0.046,
                      "Actual Rows": 13,
                      "Actual Loops": 35489,
                      "Index Cond": "(movie_id = t.id)",
                      "Rows Removed by Index Recheck": 0,
                      "Filter": "(person_id < 3027461)",
                      "Rows Removed by Filter": 3
                    }
                  ]
                }
              ]
            }
          ]
        }
      ]
    },
    "Planning Time": 0.675,
    "Triggers": [],
    "Execution Time": 482.817
  }
]