[
    {
        "Bao": {
            "Bao prediction": 1254.841,
            "Bao recommended hint": "SET enable_mergejoin TO off; "
        }
    },
    {
        "Plan": {
            "Node Type": "Aggregate",
            "Strategy": "Plain",
            "Partial Mode": "Finalize",
            "Parallel Aware": false,
            "Startup Cost": 412834.01,
            "Total Cost": 412834.02,
            "Plan Rows": 1,
            "Plan Width": 8,
            "Actual Startup Time": 1789.25,
            "Actual Total Time": 1830.185,
            "Actual Rows": 1,
            "Actual Loops": 1,
            "Output": [
                "count(*)"
            ],
            "Plans": [
                {
                    "Node Type": "Gather",
                    "Parent Relationship": "Outer",
                    "Parallel Aware": false,
                    "Startup Cost": 412833.38,
                    "Total Cost": 412833.99,
                    "Plan Rows": 6,
                    "Plan Width": 8,
                    "Actual Startup Time": 1764.332,
                    "Actual Total Time": 1830.173,
                    "Actual Rows": 7,
                    "Actual Loops": 1,
                    "Output": [
                        "(PARTIAL count(*))"
                    ],
                    "Workers Planned": 6,
                    "Workers Launched": 6,
                    "Single Copy": false,
                    "Plans": [
                        {
                            "Node Type": "Aggregate",
                            "Strategy": "Plain",
                            "Partial Mode": "Partial",
                            "Parent Relationship": "Outer",
                            "Parallel Aware": false,
                            "Startup Cost": 411833.38,
                            "Total Cost": 411833.39,
                            "Plan Rows": 1,
                            "Plan Width": 8,
                            "Actual Startup Time": 1749.962,
                            "Actual Total Time": 1750.713,
                            "Actual Rows": 1,
                            "Actual Loops": 7,
                            "Output": [
                                "PARTIAL count(*)"
                            ],
                            "Workers": [
                                {
                                    "Worker Number": 0,
                                    "Actual Startup Time": 1747.282,
                                    "Actual Total Time": 1747.287,
                                    "Actual Rows": 1,
                                    "Actual Loops": 1
                                },
                                {
                                    "Worker Number": 1,
                                    "Actual Startup Time": 1747.31,
                                    "Actual Total Time": 1747.316,
                                    "Actual Rows": 1,
                                    "Actual Loops": 1
                                },
                                {
                                    "Worker Number": 2,
                                    "Actual Startup Time": 1747.404,
                                    "Actual Total Time": 1747.41,
                                    "Actual Rows": 1,
                                    "Actual Loops": 1
                                },
                                {
                                    "Worker Number": 3,
                                    "Actual Startup Time": 1747.329,
                                    "Actual Total Time": 1747.335,
                                    "Actual Rows": 1,
                                    "Actual Loops": 1
                                },
                                {
                                    "Worker Number": 4,
                                    "Actual Startup Time": 1747.32,
                                    "Actual Total Time": 1747.325,
                                    "Actual Rows": 1,
                                    "Actual Loops": 1
                                },
                                {
                                    "Worker Number": 5,
                                    "Actual Startup Time": 1749.862,
                                    "Actual Total Time": 1749.867,
                                    "Actual Rows": 1,
                                    "Actual Loops": 1
                                }
                            ],
                            "Plans": [
                                {
                                    "Node Type": "Hash Join",
                                    "Parent Relationship": "Outer",
                                    "Parallel Aware": true,
                                    "Join Type": "Inner",
                                    "Startup Cost": 73744.05,
                                    "Total Cost": 410036.81,
                                    "Plan Rows": 718630,
                                    "Plan Width": 0,
                                    "Actual Startup Time": 893.196,
                                    "Actual Total Time": 1663.439,
                                    "Actual Rows": 1373252,
                                    "Actual Loops": 7,
                                    "Inner Unique": false,
                                    "Hash Cond": "(ci.movie_id = t.id)",
                                    "Workers": [
                                        {
                                            "Worker Number": 0,
                                            "Actual Startup Time": 890.868,
                                            "Actual Total Time": 1660.225,
                                            "Actual Rows": 1361126,
                                            "Actual Loops": 1
                                        },
                                        {
                                            "Worker Number": 1,
                                            "Actual Startup Time": 890.869,
                                            "Actual Total Time": 1659.912,
                                            "Actual Rows": 1357637,
                                            "Actual Loops": 1
                                        },
                                        {
                                            "Worker Number": 2,
                                            "Actual Startup Time": 890.918,
                                            "Actual Total Time": 1661.858,
                                            "Actual Rows": 1340422,
                                            "Actual Loops": 1
                                        },
                                        {
                                            "Worker Number": 3,
                                            "Actual Startup Time": 890.933,
                                            "Actual Total Time": 1661.791,
                                            "Actual Rows": 1340253,
                                            "Actual Loops": 1
                                        },
                                        {
                                            "Worker Number": 4,
                                            "Actual Startup Time": 890.923,
                                            "Actual Total Time": 1661.907,
                                            "Actual Rows": 1337485,
                                            "Actual Loops": 1
                                        },
                                        {
                                            "Worker Number": 5,
                                            "Actual Startup Time": 891.089,
                                            "Actual Total Time": 1662.388,
                                            "Actual Rows": 1370244,
                                            "Actual Loops": 1
                                        }
                                    ],
                                    "Plans": [
                                        {
                                            "Node Type": "Seq Scan",
                                            "Parent Relationship": "Outer",
                                            "Parallel Aware": true,
                                            "Relation Name": "cast_info",
                                            "Schema": "public",
                                            "Alias": "ci",
                                            "Startup Cost": 0.0,
                                            "Total Cost": 328213.62,
                                            "Plan Rows": 1355959,
                                            "Plan Width": 4,
                                            "Actual Startup Time": 405.887,
                                            "Actual Total Time": 698.858,
                                            "Actual Rows": 1159837,
                                            "Actual Loops": 7,
                                            "Output": [
                                                "ci.id",
                                                "ci.person_id",
                                                "ci.movie_id",
                                                "ci.person_role_id",
                                                "ci.note",
                                                "ci.nr_order",
                                                "ci.role_id"
                                            ],
                                            "Filter": "(ci.person_id > 2869322)",
                                            "Rows Removed by Filter": 4017927,
                                            "Workers": [
                                                {
                                                    "Worker Number": 0,
                                                    "Actual Startup Time": 405.877,
                                                    "Actual Total Time": 704.209,
                                                    "Actual Rows": 1157072,
                                                    "Actual Loops": 1
                                                },
                                                {
                                                    "Worker Number": 1,
                                                    "Actual Startup Time": 405.902,
                                                    "Actual Total Time": 702.854,
                                                    "Actual Rows": 1143971,
                                                    "Actual Loops": 1
                                                },
                                                {
                                                    "Worker Number": 2,
                                                    "Actual Startup Time": 405.906,
                                                    "Actual Total Time": 706.44,
                                                    "Actual Rows": 1130072,
                                                    "Actual Loops": 1
                                                },
                                                {
                                                    "Worker Number": 3,
                                                    "Actual Startup Time": 405.89,
                                                    "Actual Total Time": 705.574,
                                                    "Actual Rows": 1116768,
                                                    "Actual Loops": 1
                                                },
                                                {
                                                    "Worker Number": 4,
                                                    "Actual Startup Time": 405.889,
                                                    "Actual Total Time": 706.975,
                                                    "Actual Rows": 1137691,
                                                    "Actual Loops": 1
                                                },
                                                {
                                                    "Worker Number": 5,
                                                    "Actual Startup Time": 405.842,
                                                    "Actual Total Time": 703.517,
                                                    "Actual Rows": 1156222,
                                                    "Actual Loops": 1
                                                }
                                            ]
                                        },
                                        {
                                            "Node Type": "Hash",
                                            "Parent Relationship": "Inner",
                                            "Parallel Aware": true,
                                            "Startup Cost": 66765.12,
                                            "Total Cost": 66765.12,
                                            "Plan Rows": 558315,
                                            "Plan Width": 8,
                                            "Actual Startup Time": 482.304,
                                            "Actual Total Time": 483.053,
                                            "Actual Rows": 197122,
                                            "Actual Loops": 7,
                                            "Output": [
                                                "t.id",
                                                "mi_idx.movie_id"
                                            ],
                                            "Hash Buckets": 2097152,
                                            "Original Hash Buckets": 2097152,
                                            "Hash Batches": 1,
                                            "Original Hash Batches": 1,
                                            "Peak Memory Usage": 70432,
                                            "Workers": [
                                                {
                                                    "Worker Number": 0,
                                                    "Actual Startup Time": 484.165,
                                                    "Actual Total Time": 484.168,
                                                    "Actual Rows": 196973,
                                                    "Actual Loops": 1
                                                },
                                                {
                                                    "Worker Number": 1,
                                                    "Actual Startup Time": 484.172,
                                                    "Actual Total Time": 484.176,
                                                    "Actual Rows": 195456,
                                                    "Actual Loops": 1
                                                },
                                                {
                                                    "Worker Number": 2,
                                                    "Actual Startup Time": 484.118,
                                                    "Actual Total Time": 484.122,
                                                    "Actual Rows": 191972,
                                                    "Actual Loops": 1
                                                },
                                                {
                                                    "Worker Number": 3,
                                                    "Actual Startup Time": 484.288,
                                                    "Actual Total Time": 484.293,
                                                    "Actual Rows": 192340,
                                                    "Actual Loops": 1
                                                },
                                                {
                                                    "Worker Number": 4,
                                                    "Actual Startup Time": 484.137,
                                                    "Actual Total Time": 484.14,
                                                    "Actual Rows": 193017,
                                                    "Actual Loops": 1
                                                },
                                                {
                                                    "Worker Number": 5,
                                                    "Actual Startup Time": 484.356,
                                                    "Actual Total Time": 484.359,
                                                    "Actual Rows": 197753,
                                                    "Actual Loops": 1
                                                }
                                            ],
                                            "Plans": [
                                                {
                                                    "Node Type": "Hash Join",
                                                    "Parent Relationship": "Outer",
                                                    "Parallel Aware": true,
                                                    "Join Type": "Inner",
                                                    "Startup Cost": 51570.56,
                                                    "Total Cost": 66765.12,
                                                    "Plan Rows": 558315,
                                                    "Plan Width": 8,
                                                    "Actual Startup Time": 300.107,
                                                    "Actual Total Time": 401.383,
                                                    "Actual Rows": 197122,
                                                    "Actual Loops": 7,
                                                    "Output": [
                                                        "t.id",
                                                        "mi_idx.movie_id"
                                                    ],
                                                    "Inner Unique": true,
                                                    "Hash Cond": "(mi_idx.movie_id = t.id)",
                                                    "Workers": [
                                                        {
                                                            "Worker Number": 0,
                                                            "Actual Startup Time": 300.174,
                                                            "Actual Total Time": 400.402,
                                                            "Actual Rows": 196973,
                                                            "Actual Loops": 1
                                                        },
                                                        {
                                                            "Worker Number": 1,
                                                            "Actual Startup Time": 300.145,
                                                            "Actual Total Time": 400.462,
                                                            "Actual Rows": 195456,
                                                            "Actual Loops": 1
                                                        },
                                                        {
                                                            "Worker Number": 2,
                                                            "Actual Startup Time": 300.144,
                                                            "Actual Total Time": 400.34,
                                                            "Actual Rows": 191972,
                                                            "Actual Loops": 1
                                                        },
                                                        {
                                                            "Worker Number": 3,
                                                            "Actual Startup Time": 300.107,
                                                            "Actual Total Time": 400.836,
                                                            "Actual Rows": 192340,
                                                            "Actual Loops": 1
                                                        },
                                                        {
                                                            "Worker Number": 4,
                                                            "Actual Startup Time": 300.042,
                                                            "Actual Total Time": 400.627,
                                                            "Actual Rows": 193017,
                                                            "Actual Loops": 1
                                                        },
                                                        {
                                                            "Worker Number": 5,
                                                            "Actual Startup Time": 300.019,
                                                            "Actual Total Time": 402.094,
                                                            "Actual Rows": 197753,
                                                            "Actual Loops": 1
                                                        }
                                                    ],
                                                    "Plans": [
                                                        {
                                                            "Node Type": "Seq Scan",
                                                            "Parent Relationship": "Outer",
                                                            "Parallel Aware": true,
                                                            "Relation Name": "movie_info_idx",
                                                            "Schema": "public",
                                                            "Alias": "mi_idx",
                                                            "Startup Cost": 0.0,
                                                            "Total Cost": 13685.15,
                                                            "Plan Rows": 575015,
                                                            "Plan Width": 4,
                                                            "Actual Startup Time": 0.029,
                                                            "Actual Total Time": 26.464,
                                                            "Actual Rows": 197148,
                                                            "Actual Loops": 7,
                                                            "Output": [
                                                                "mi_idx.id",
                                                                "mi_idx.movie_id",
                                                                "mi_idx.info_type_id",
                                                                "mi_idx.info",
                                                                "mi_idx.note"
                                                            ],
                                                            "Workers": [
                                                                {
                                                                    "Worker Number": 0,
                                                                    "Actual Startup Time": 0.031,
                                                                    "Actual Total Time": 27.302,
                                                                    "Actual Rows": 196988,
                                                                    "Actual Loops": 1
                                                                },
                                                                {
                                                                    "Worker Number": 1,
                                                                    "Actual Startup Time": 0.032,
                                                                    "Actual Total Time": 27.416,
                                                                    "Actual Rows": 195477,
                                                                    "Actual Loops": 1
                                                                },
                                                                {
                                                                    "Worker Number": 2,
                                                                    "Actual Startup Time": 0.034,
                                                                    "Actual Total Time": 26.925,
                                                                    "Actual Rows": 192005,
                                                                    "Actual Loops": 1
                                                                },
                                                                {
                                                                    "Worker Number": 3,
                                                                    "Actual Startup Time": 0.032,
                                                                    "Actual Total Time": 27.082,
                                                                    "Actual Rows": 192364,
                                                                    "Actual Loops": 1
                                                                },
                                                                {
                                                                    "Worker Number": 4,
                                                                    "Actual Startup Time": 0.039,
                                                                    "Actual Total Time": 27.078,
                                                                    "Actual Rows": 193059,
                                                                    "Actual Loops": 1
                                                                },
                                                                {
                                                                    "Worker Number": 5,
                                                                    "Actual Startup Time": 0.024,
                                                                    "Actual Total Time": 27.452,
                                                                    "Actual Rows": 197765,
                                                                    "Actual Loops": 1
                                                                }
                                                            ]
                                                        },
                                                        {
                                                            "Node Type": "Hash",
                                                            "Parent Relationship": "Inner",
                                                            "Parallel Aware": true,
                                                            "Startup Cost": 43899.01,
                                                            "Total Cost": 43899.01,
                                                            "Plan Rows": 613724,
                                                            "Plan Width": 4,
                                                            "Actual Startup Time": 295.26,
                                                            "Actual Total Time": 295.262,
                                                            "Actual Rows": 350888,
                                                            "Actual Loops": 7,
                                                            "Output": [
                                                                "t.id"
                                                            ],
                                                            "Hash Buckets": 4194304,
                                                            "Original Hash Buckets": 4194304,
                                                            "Hash Batches": 1,
                                                            "Original Hash Batches": 1,
                                                            "Peak Memory Usage": 128992,
                                                            "Workers": [
                                                                {
                                                                    "Worker Number": 0,
                                                                    "Actual Startup Time": 299.834,
                                                                    "Actual Total Time": 299.835,
                                                                    "Actual Rows": 341720,
                                                                    "Actual Loops": 1
                                                                },
                                                                {
                                                                    "Worker Number": 1,
                                                                    "Actual Startup Time": 299.792,
                                                                    "Actual Total Time": 299.794,
                                                                    "Actual Rows": 339668,
                                                                    "Actual Loops": 1
                                                                },
                                                                {
                                                                    "Worker Number": 2,
                                                                    "Actual Startup Time": 299.808,
                                                                    "Actual Total Time": 299.809,
                                                                    "Actual Rows": 331594,
                                                                    "Actual Loops": 1
                                                                },
                                                                {
                                                                    "Worker Number": 3,
                                                                    "Actual Startup Time": 299.766,
                                                                    "Actual Total Time": 299.768,
                                                                    "Actual Rows": 332349,
                                                                    "Actual Loops": 1
                                                                },
                                                                {
                                                                    "Worker Number": 4,
                                                                    "Actual Startup Time": 299.913,
                                                                    "Actual Total Time": 299.914,
                                                                    "Actual Rows": 332133,
                                                                    "Actual Loops": 1
                                                                },
                                                                {
                                                                    "Worker Number": 5,
                                                                    "Actual Startup Time": 299.771,
                                                                    "Actual Total Time": 299.773,
                                                                    "Actual Rows": 335527,
                                                                    "Actual Loops": 1
                                                                }
                                                            ],
                                                            "Plans": [
                                                                {
                                                                    "Node Type": "Seq Scan",
                                                                    "Parent Relationship": "Outer",
                                                                    "Parallel Aware": true,
                                                                    "Relation Name": "title",
                                                                    "Schema": "public",
                                                                    "Alias": "t",
                                                                    "Startup Cost": 0.0,
                                                                    "Total Cost": 43899.01,
                                                                    "Plan Rows": 613724,
                                                                    "Plan Width": 4,
                                                                    "Actual Startup Time": 0.044,
                                                                    "Actual Total Time": 96.88,
                                                                    "Actual Rows": 350888,
                                                                    "Actual Loops": 7,
                                                                    "Output": [
                                                                        "t.id"
                                                                    ],
                                                                    "Filter": "(t.production_year > 0)",
                                                                    "Rows Removed by Filter": 10299,
                                                                    "Workers": [
                                                                        {
                                                                            "Worker Number": 0,
                                                                            "Actual Startup Time": 0.052,
                                                                            "Actual Total Time": 99.708,
                                                                            "Actual Rows": 341720,
                                                                            "Actual Loops": 1
                                                                        },
                                                                        {
                                                                            "Worker Number": 1,
                                                                            "Actual Startup Time": 0.052,
                                                                            "Actual Total Time": 100.166,
                                                                            "Actual Rows": 339668,
                                                                            "Actual Loops": 1
                                                                        },
                                                                        {
                                                                            "Worker Number": 2,
                                                                            "Actual Startup Time": 0.046,
                                                                            "Actual Total Time": 98.611,
                                                                            "Actual Rows": 331594,
                                                                            "Actual Loops": 1
                                                                        },
                                                                        {
                                                                            "Worker Number": 3,
                                                                            "Actual Startup Time": 0.06,
                                                                            "Actual Total Time": 97.927,
                                                                            "Actual Rows": 332349,
                                                                            "Actual Loops": 1
                                                                        },
                                                                        {
                                                                            "Worker Number": 4,
                                                                            "Actual Startup Time": 0.049,
                                                                            "Actual Total Time": 99.056,
                                                                            "Actual Rows": 332133,
                                                                            "Actual Loops": 1
                                                                        },
                                                                        {
                                                                            "Worker Number": 5,
                                                                            "Actual Startup Time": 0.03,
                                                                            "Actual Total Time": 98.558,
                                                                            "Actual Rows": 335527,
                                                                            "Actual Loops": 1
                                                                        }
                                                                    ]
                                                                }
                                                            ]
                                                        }
                                                    ]
                                                }
                                            ]
                                        }
                                    ]
                                }
                            ]
                        }
                    ]
                }
            ]
        },
        "Planning Time": 458.74,
        "Triggers": [],
        "Execution Time": 1830.364
    }
]