[
  {
    "Plan": {
      "Node Type": "Aggregate",
      "Strategy": "Plain",
      "Partial Mode": "Finalize",
      "Parallel Aware": false,
      "Startup Cost": 246481.93,
      "Total Cost": 246481.94,
      "Plan Rows": 1,
      "Plan Width": 8,
      "Actual Startup Time": 700.242,
      "Actual Total Time": 753.832,
      "Actual Rows": 1,
      "Actual Loops": 1,
      "Plans": [
        {
          "Node Type": "Gather",
          "Parent Relationship": "Outer",
          "Parallel Aware": false,
          "Startup Cost": 246481.41,
          "Total Cost": 246481.92,
          "Plan Rows": 5,
          "Plan Width": 8,
          "Actual Startup Time": 699.822,
          "Actual Total Time": 753.821,
          "Actual Rows": 6,
          "Actual Loops": 1,
          "Workers Planned": 5,
          "Workers Launched": 5,
          "Single Copy": false,
          "Plans": [
            {
              "Node Type": "Aggregate",
              "Strategy": "Plain",
              "Partial Mode": "Partial",
              "Parent Relationship": "Outer",
              "Parallel Aware": false,
              "Startup Cost": 245481.41,
              "Total Cost": 245481.42,
              "Plan Rows": 1,
              "Plan Width": 8,
              "Actual Startup Time": 693.709,
              "Actual Total Time": 693.713,
              "Actual Rows": 1,
              "Actual Loops": 6,
              "Plans": [
                {
                  "Node Type": "Hash Join",
                  "Parent Relationship": "Outer",
                  "Parallel Aware": true,
                  "Join Type": "Inner",
                  "Startup Cost": 45748.95,
                  "Total Cost": 245228.35,
                  "Plan Rows": 101222,
                  "Plan Width": 0,
                  "Actual Startup Time": 356.907,
                  "Actual Total Time": 693.7,
                  "Actual Rows": 5,
                  "Actual Loops": 6,
                  "Inner Unique": true,
                  "Hash Cond": "(mi.movie_id = t.id)",
                  "Plans": [
                    {
                      "Node Type": "Seq Scan",
                      "Parent Relationship": "Outer",
                      "Parallel Aware": true,
                      "Relation Name": "movie_info",
                      "Alias": "mi",
                      "Startup Cost": 0.0,
                      "Total Cost": 191685.19,
                      "Plan Rows": 2969219,
                      "Plan Width": 4,
                      "Actual Startup Time": 0.04,
                      "Actual Total Time": 358.069,
                      "Actual Rows": 2472620,
                      "Actual Loops": 6
                    },
                    {
                      "Node Type": "Hash",
                      "Parent Relationship": "Inner",
                      "Parallel Aware": true,
                      "Startup Cost": 45479.59,
                      "Total Cost": 45479.59,
                      "Plan Rows": 21549,
                      "Plan Width": 4,
                      "Actual Startup Time": 82.747,
                      "Actual Total Time": 82.748,
                      "Actual Rows": 5,
                      "Actual Loops": 6,
                      "Hash Buckets": 131072,
                      "Original Hash Buckets": 131072,
                      "Hash Batches": 1,
                      "Original Hash Batches": 1,
                      "Peak Memory Usage": 1216,
                      "Plans": [
                        {
                          "Node Type": "Seq Scan",
                          "Parent Relationship": "Outer",
                          "Parallel Aware": true,
                          "Relation Name": "title",
                          "Alias": "t",
                          "Startup Cost": 0.0,
                          "Total Cost": 45479.59,
                          "Plan Rows": 21549,
                          "Plan Width": 4,
                          "Actual Startup Time": 22.062,
                          "Actual Total Time": 82.613,
                          "Actual Rows": 5,
                          "Actual Loops": 6,
                          "Filter": "((kind_id > 3) AND (production_year < 1939))",
                          "Rows Removed by Filter": 421380
                        }
                      ]
                    }
                  ]
                }
              ]
            }
          ]
        }
      ]
    },
    "Planning Time": 0.323,
    "Triggers": [],
    "Execution Time": 753.892
  }
]