[
  {
    "Plan": {
      "Node Type": "Aggregate",
      "Strategy": "Plain",
      "Partial Mode": "Finalize",
      "Parallel Aware": false,
      "Startup Cost": 32925.87,
      "Total Cost": 32925.88,
      "Plan Rows": 1,
      "Plan Width": 8,
      "Actual Startup Time": 95.886,
      "Actual Total Time": 101.554,
      "Actual Rows": 1,
      "Actual Loops": 1,
      "Plans": [
        {
          "Node Type": "Gather",
          "Parent Relationship": "Outer",
          "Parallel Aware": false,
          "Startup Cost": 32925.55,
          "Total Cost": 32925.86,
          "Plan Rows": 3,
          "Plan Width": 8,
          "Actual Startup Time": 95.784,
          "Actual Total Time": 101.547,
          "Actual Rows": 4,
          "Actual Loops": 1,
          "Workers Planned": 3,
          "Workers Launched": 3,
          "Single Copy": false,
          "Plans": [
            {
              "Node Type": "Aggregate",
              "Strategy": "Plain",
              "Partial Mode": "Partial",
              "Parent Relationship": "Outer",
              "Parallel Aware": false,
              "Startup Cost": 31925.55,
              "Total Cost": 31925.56,
              "Plan Rows": 1,
              "Plan Width": 8,
              "Actual Startup Time": 88.582,
              "Actual Total Time": 88.583,
              "Actual Rows": 1,
              "Actual Loops": 4,
              "Plans": [
                {
                  "Node Type": "Seq Scan",
                  "Parent Relationship": "Outer",
                  "Parallel Aware": true,
                  "Relation Name": "movie_companies",
                  "Alias": "mc",
                  "Startup Cost": 0.0,
                  "Total Cost": 31414.82,
                  "Plan Rows": 204294,
                  "Plan Width": 0,
                  "Actual Startup Time": 46.886,
                  "Actual Total Time": 79.782,
                  "Actual Rows": 223509,
                  "Actual Loops": 4,
                  "Filter": "((company_id > 11652) AND (company_type_id > 1))",
                  "Rows Removed by Filter": 428773
                }
              ]
            }
          ]
        }
      ]
    },
    "Planning Time": 0.224,
    "Triggers": [],
    "Execution Time": 101.613
  }
]