[
  {
    "Plan": {
      "Node Type": "Aggregate",
      "Strategy": "Plain",
      "Partial Mode": "Finalize",
      "Parallel Aware": false,
      "Startup Cost": 96902.49,
      "Total Cost": 96902.5,
      "Plan Rows": 1,
      "Plan Width": 8,
      "Actual Startup Time": 632.623,
      "Actual Total Time": 656.092,
      "Actual Rows": 1,
      "Actual Loops": 1,
      "Plans": [
        {
          "Node Type": "Gather",
          "Parent Relationship": "Outer",
          "Parallel Aware": false,
          "Startup Cost": 96902.17,
          "Total Cost": 96902.48,
          "Plan Rows": 3,
          "Plan Width": 8,
          "Actual Startup Time": 620.869,
          "Actual Total Time": 656.059,
          "Actual Rows": 4,
          "Actual Loops": 1,
          "Workers Planned": 3,
          "Workers Launched": 3,
          "Single Copy": false,
          "Plans": [
            {
              "Node Type": "Aggregate",
              "Strategy": "Plain",
              "Partial Mode": "Partial",
              "Parent Relationship": "Outer",
              "Parallel Aware": false,
              "Startup Cost": 95902.17,
              "Total Cost": 95902.18,
              "Plan Rows": 1,
              "Plan Width": 8,
              "Actual Startup Time": 602.411,
              "Actual Total Time": 602.415,
              "Actual Rows": 1,
              "Actual Loops": 4,
              "Plans": [
                {
                  "Node Type": "Hash Join",
                  "Parent Relationship": "Outer",
                  "Parallel Aware": true,
                  "Join Type": "Inner",
                  "Startup Cost": 51572.51,
                  "Total Cost": 95117.05,
                  "Plan Rows": 314049,
                  "Plan Width": 0,
                  "Actual Startup Time": 416.938,
                  "Actual Total Time": 589.583,
                  "Actual Rows": 249970,
                  "Actual Loops": 4,
                  "Inner Unique": true,
                  "Hash Cond": "(mk.movie_id = t.id)",
                  "Plans": [
                    {
                      "Node Type": "Seq Scan",
                      "Parent Relationship": "Outer",
                      "Parallel Aware": true,
                      "Relation Name": "movie_keyword",
                      "Alias": "mk",
                      "Startup Cost": 0.0,
                      "Total Cost": 42695.65,
                      "Plan Rows": 323386,
                      "Plan Width": 4,
                      "Actual Startup Time": 1.557,
                      "Actual Total Time": 104.654,
                      "Actual Rows": 251274,
                      "Actual Loops": 4,
                      "Filter": "(keyword_id > 18354)",
                      "Rows Removed by Filter": 879708
                    },
                    {
                      "Node Type": "Hash",
                      "Parent Relationship": "Inner",
                      "Parallel Aware": true,
                      "Startup Cost": 43899.32,
                      "Total Cost": 43899.32,
                      "Plan Rows": 613855,
                      "Plan Width": 4,
                      "Actual Startup Time": 403.453,
                      "Actual Total Time": 403.454,
                      "Actual Rows": 614054,
                      "Actual Loops": 4,
                      "Hash Buckets": 4194304,
                      "Original Hash Buckets": 4194304,
                      "Hash Batches": 1,
                      "Original Hash Batches": 1,
                      "Peak Memory Usage": 128896,
                      "Plans": [
                        {
                          "Node Type": "Seq Scan",
                          "Parent Relationship": "Outer",
                          "Parallel Aware": true,
                          "Relation Name": "title",
                          "Alias": "t",
                          "Startup Cost": 0.0,
                          "Total Cost": 43899.32,
                          "Plan Rows": 613855,
                          "Plan Width": 4,
                          "Actual Startup Time": 0.047,
                          "Actual Total Time": 136.105,
                          "Actual Rows": 614054,
                          "Actual Loops": 4,
                          "Filter": "(production_year > 0)",
                          "Rows Removed by Filter": 18024
                        }
                      ]
                    }
                  ]
                }
              ]
            }
          ]
        }
      ]
    },
    "Planning Time": 0.677,
    "Triggers": [],
    "Execution Time": 656.16
  }
]