[
  {
    "Plan": {
      "Node Type": "Aggregate",
      "Strategy": "Plain",
      "Partial Mode": "Finalize",
      "Parallel Aware": false,
      "Startup Cost": 45454.29,
      "Total Cost": 45454.3,
      "Plan Rows": 1,
      "Plan Width": 8,
      "Actual Startup Time": 135.75,
      "Actual Total Time": 145.705,
      "Actual Rows": 1,
      "Actual Loops": 1,
      "Plans": [
        {
          "Node Type": "Gather",
          "Parent Relationship": "Outer",
          "Parallel Aware": false,
          "Startup Cost": 45453.97,
          "Total Cost": 45454.28,
          "Plan Rows": 3,
          "Plan Width": 8,
          "Actual Startup Time": 135.632,
          "Actual Total Time": 145.692,
          "Actual Rows": 4,
          "Actual Loops": 1,
          "Workers Planned": 3,
          "Workers Launched": 3,
          "Single Copy": false,
          "Plans": [
            {
              "Node Type": "Aggregate",
              "Strategy": "Plain",
              "Partial Mode": "Partial",
              "Parent Relationship": "Outer",
              "Parallel Aware": false,
              "Startup Cost": 44453.97,
              "Total Cost": 44453.98,
              "Plan Rows": 1,
              "Plan Width": 8,
              "Actual Startup Time": 131.005,
              "Actual Total Time": 131.007,
              "Actual Rows": 1,
              "Actual Loops": 4,
              "Plans": [
                {
                  "Node Type": "Seq Scan",
                  "Parent Relationship": "Outer",
                  "Parallel Aware": true,
                  "Relation Name": "movie_keyword",
                  "Alias": "mk",
                  "Startup Cost": 0.0,
                  "Total Cost": 42695.65,
                  "Plan Rows": 703327,
                  "Plan Width": 0,
                  "Actual Startup Time": 0.265,
                  "Actual Total Time": 106.863,
                  "Actual Rows": 541546,
                  "Actual Loops": 4,
                  "Filter": "(keyword_id > 5297)",
                  "Rows Removed by Filter": 589436
                }
              ]
            }
          ]
        }
      ]
    },
    "Planning Time": 0.084,
    "Triggers": [],
    "Execution Time": 145.743
  }
]