[
  {
    "Plan": {
      "Node Type": "Aggregate",
      "Strategy": "Plain",
      "Partial Mode": "Finalize",
      "Parallel Aware": false,
      "Startup Cost": 253174.79,
      "Total Cost": 253174.8,
      "Plan Rows": 1,
      "Plan Width": 8,
      "Actual Startup Time": 190.402,
      "Actual Total Time": 221.405,
      "Actual Rows": 1,
      "Actual Loops": 1,
      "Plans": [
        {
          "Node Type": "Gather",
          "Parent Relationship": "Outer",
          "Parallel Aware": false,
          "Startup Cost": 253174.37,
          "Total Cost": 253174.78,
          "Plan Rows": 4,
          "Plan Width": 8,
          "Actual Startup Time": 190.249,
          "Actual Total Time": 221.396,
          "Actual Rows": 5,
          "Actual Loops": 1,
          "Workers Planned": 4,
          "Workers Launched": 4,
          "Single Copy": false,
          "Plans": [
            {
              "Node Type": "Aggregate",
              "Strategy": "Plain",
              "Partial Mode": "Partial",
              "Parent Relationship": "Outer",
              "Parallel Aware": false,
              "Startup Cost": 252174.37,
              "Total Cost": 252174.38,
              "Plan Rows": 1,
              "Plan Width": 8,
              "Actual Startup Time": 171.947,
              "Actual Total Time": 171.949,
              "Actual Rows": 1,
              "Actual Loops": 5,
              "Plans": [
                {
                  "Node Type": "Nested Loop",
                  "Parent Relationship": "Outer",
                  "Parallel Aware": false,
                  "Join Type": "Inner",
                  "Startup Cost": 0.56,
                  "Total Cost": 252096.64,
                  "Plan Rows": 31094,
                  "Plan Width": 0,
                  "Actual Startup Time": 0.491,
                  "Actual Total Time": 169.599,
                  "Actual Rows": 21777,
                  "Actual Loops": 5,
                  "Inner Unique": false,
                  "Plans": [
                    {
                      "Node Type": "Seq Scan",
                      "Parent Relationship": "Outer",
                      "Parallel Aware": true,
                      "Relation Name": "title",
                      "Alias": "t",
                      "Startup Cost": 0.0,
                      "Total Cost": 43898.92,
                      "Plan Rows": 2170,
                      "Plan Width": 4,
                      "Actual Startup Time": 0.248,
                      "Actual Total Time": 69.942,
                      "Actual Rows": 1726,
                      "Actual Loops": 5,
                      "Filter": "(production_year = 1956)",
                      "Rows Removed by Filter": 503937
                    },
                    {
                      "Node Type": "Index Only Scan",
                      "Parent Relationship": "Inner",
                      "Parallel Aware": false,
                      "Scan Direction": "Forward",
                      "Index Name": "movie_id_cast_info",
                      "Relation Name": "cast_info",
                      "Alias": "ci",
                      "Startup Cost": 0.56,
                      "Total Cost": 95.57,
                      "Plan Rows": 37,
                      "Plan Width": 4,
                      "Actual Startup Time": 0.012,
                      "Actual Total Time": 0.056,
                      "Actual Rows": 13,
                      "Actual Loops": 8628,
                      "Index Cond": "(movie_id = t.id)",
                      "Rows Removed by Index Recheck": 0,
                      "Heap Fetches": 108886
                    }
                  ]
                }
              ]
            }
          ]
        }
      ]
    },
    "Planning Time": 0.523,
    "Triggers": [],
    "Execution Time": 221.486
  }
]