[
    {
        "Bao": {
            "Bao prediction": "NaN",
            "Bao recommended hint": "(no hint)"
        }
    },
    {
        "Plan": {
            "Node Type": "Aggregate",
            "Strategy": "Plain",
            "Partial Mode": "Finalize",
            "Parallel Aware": false,
            "Startup Cost": 32703.15,
            "Total Cost": 32703.16,
            "Plan Rows": 1,
            "Plan Width": 8,
            "Actual Startup Time": 76.456,
            "Actual Total Time": 82.551,
            "Actual Rows": 1,
            "Actual Loops": 1,
            "Output": [
                "count(*)"
            ],
            "Plans": [
                {
                    "Node Type": "Gather",
                    "Parent Relationship": "Outer",
                    "Parallel Aware": false,
                    "Startup Cost": 32702.83,
                    "Total Cost": 32703.14,
                    "Plan Rows": 3,
                    "Plan Width": 8,
                    "Actual Startup Time": 76.372,
                    "Actual Total Time": 82.543,
                    "Actual Rows": 4,
                    "Actual Loops": 1,
                    "Output": [
                        "(PARTIAL count(*))"
                    ],
                    "Workers Planned": 3,
                    "Workers Launched": 3,
                    "Single Copy": false,
                    "Plans": [
                        {
                            "Node Type": "Aggregate",
                            "Strategy": "Plain",
                            "Partial Mode": "Partial",
                            "Parent Relationship": "Outer",
                            "Parallel Aware": false,
                            "Startup Cost": 31702.83,
                            "Total Cost": 31702.84,
                            "Plan Rows": 1,
                            "Plan Width": 8,
                            "Actual Startup Time": 68.316,
                            "Actual Total Time": 68.317,
                            "Actual Rows": 1,
                            "Actual Loops": 4,
                            "Output": [
                                "PARTIAL count(*)"
                            ],
                            "Workers": [
                                {
                                    "Worker Number": 0,
                                    "Actual Startup Time": 65.255,
                                    "Actual Total Time": 65.255,
                                    "Actual Rows": 1,
                                    "Actual Loops": 1
                                },
                                {
                                    "Worker Number": 1,
                                    "Actual Startup Time": 65.865,
                                    "Actual Total Time": 65.866,
                                    "Actual Rows": 1,
                                    "Actual Loops": 1
                                },
                                {
                                    "Worker Number": 2,
                                    "Actual Startup Time": 66.065,
                                    "Actual Total Time": 66.066,
                                    "Actual Rows": 1,
                                    "Actual Loops": 1
                                }
                            ],
                            "Plans": [
                                {
                                    "Node Type": "Seq Scan",
                                    "Parent Relationship": "Outer",
                                    "Parallel Aware": true,
                                    "Relation Name": "movie_companies",
                                    "Schema": "public",
                                    "Alias": "mc",
                                    "Startup Cost": 0.0,
                                    "Total Cost": 31414.82,
                                    "Plan Rows": 115205,
                                    "Plan Width": 0,
                                    "Actual Startup Time": 25.316,
                                    "Actual Total Time": 67.699,
                                    "Actual Rows": 10866,
                                    "Actual Loops": 4,
                                    "Output": [
                                        "id",
                                        "movie_id",
                                        "company_id",
                                        "company_type_id",
                                        "note"
                                    ],
                                    "Filter": "((mc.company_id > 40741) AND (mc.company_type_id = 1))",
                                    "Rows Removed by Filter": 641416,
                                    "Workers": [
                                        {
                                            "Worker Number": 0,
                                            "Actual Startup Time": 22.262,
                                            "Actual Total Time": 64.653,
                                            "Actual Rows": 8556,
                                            "Actual Loops": 1
                                        },
                                        {
                                            "Worker Number": 1,
                                            "Actual Startup Time": 22.872,
                                            "Actual Total Time": 65.271,
                                            "Actual Rows": 9308,
                                            "Actual Loops": 1
                                        },
                                        {
                                            "Worker Number": 2,
                                            "Actual Startup Time": 23.057,
                                            "Actual Total Time": 65.49,
                                            "Actual Rows": 9272,
                                            "Actual Loops": 1
                                        }
                                    ]
                                }
                            ]
                        }
                    ]
                }
            ]
        },
        "Planning Time": 208.025,
        "Triggers": [],
        "Execution Time": 82.603
    }
]