[
  {
    "Plan": {
      "Node Type": "Aggregate",
      "Strategy": "Plain",
      "Partial Mode": "Finalize",
      "Parallel Aware": false,
      "Startup Cost": 30704.45,
      "Total Cost": 30704.46,
      "Plan Rows": 1,
      "Plan Width": 8,
      "Actual Startup Time": 75.351,
      "Actual Total Time": 82.902,
      "Actual Rows": 1,
      "Actual Loops": 1,
      "Plans": [
        {
          "Node Type": "Gather",
          "Parent Relationship": "Outer",
          "Parallel Aware": false,
          "Startup Cost": 30704.14,
          "Total Cost": 30704.45,
          "Plan Rows": 3,
          "Plan Width": 8,
          "Actual Startup Time": 75.196,
          "Actual Total Time": 82.895,
          "Actual Rows": 4,
          "Actual Loops": 1,
          "Workers Planned": 3,
          "Workers Launched": 3,
          "Single Copy": false,
          "Plans": [
            {
              "Node Type": "Aggregate",
              "Strategy": "Plain",
              "Partial Mode": "Partial",
              "Parent Relationship": "Outer",
              "Parallel Aware": false,
              "Startup Cost": 29704.14,
              "Total Cost": 29704.15,
              "Plan Rows": 1,
              "Plan Width": 8,
              "Actual Startup Time": 71.783,
              "Actual Total Time": 71.784,
              "Actual Rows": 1,
              "Actual Loops": 4,
              "Plans": [
                {
                  "Node Type": "Seq Scan",
                  "Parent Relationship": "Outer",
                  "Parallel Aware": true,
                  "Relation Name": "movie_companies",
                  "Alias": "mc",
                  "Startup Cost": 0.0,
                  "Total Cost": 29310.68,
                  "Plan Rows": 157382,
                  "Plan Width": 0,
                  "Actual Startup Time": 34.733,
                  "Actual Total Time": 65.9,
                  "Actual Rows": 121462,
                  "Actual Loops": 4,
                  "Filter": "(company_id > 74927)",
                  "Rows Removed by Filter": 530820
                }
              ]
            }
          ]
        }
      ]
    },
    "Planning Time": 0.092,
    "Triggers": [],
    "Execution Time": 82.931
  }
]