[
    {
        "Bao": {
            "Bao prediction": "NaN",
            "Bao recommended hint": "(no hint)"
        }
    },
    {
        "Plan": {
            "Node Type": "Aggregate",
            "Strategy": "Plain",
            "Partial Mode": "Finalize",
            "Parallel Aware": false,
            "Startup Cost": 86929.15,
            "Total Cost": 86929.16,
            "Plan Rows": 1,
            "Plan Width": 8,
            "Actual Startup Time": 280.244,
            "Actual Total Time": 291.563,
            "Actual Rows": 1,
            "Actual Loops": 1,
            "Output": [
                "count(*)"
            ],
            "Plans": [
                {
                    "Node Type": "Gather",
                    "Parent Relationship": "Outer",
                    "Parallel Aware": false,
                    "Startup Cost": 86928.83,
                    "Total Cost": 86929.14,
                    "Plan Rows": 3,
                    "Plan Width": 8,
                    "Actual Startup Time": 278.637,
                    "Actual Total Time": 291.555,
                    "Actual Rows": 4,
                    "Actual Loops": 1,
                    "Output": [
                        "(PARTIAL count(*))"
                    ],
                    "Workers Planned": 3,
                    "Workers Launched": 3,
                    "Single Copy": false,
                    "Plans": [
                        {
                            "Node Type": "Aggregate",
                            "Strategy": "Plain",
                            "Partial Mode": "Partial",
                            "Parent Relationship": "Outer",
                            "Parallel Aware": false,
                            "Startup Cost": 85928.83,
                            "Total Cost": 85928.84,
                            "Plan Rows": 1,
                            "Plan Width": 8,
                            "Actual Startup Time": 269.986,
                            "Actual Total Time": 269.989,
                            "Actual Rows": 1,
                            "Actual Loops": 4,
                            "Output": [
                                "PARTIAL count(*)"
                            ],
                            "Workers": [
                                {
                                    "Worker Number": 0,
                                    "Actual Startup Time": 266.957,
                                    "Actual Total Time": 266.96,
                                    "Actual Rows": 1,
                                    "Actual Loops": 1
                                },
                                {
                                    "Worker Number": 1,
                                    "Actual Startup Time": 267.163,
                                    "Actual Total Time": 267.165,
                                    "Actual Rows": 1,
                                    "Actual Loops": 1
                                },
                                {
                                    "Worker Number": 2,
                                    "Actual Startup Time": 267.646,
                                    "Actual Total Time": 267.648,
                                    "Actual Rows": 1,
                                    "Actual Loops": 1
                                }
                            ],
                            "Plans": [
                                {
                                    "Node Type": "Hash Join",
                                    "Parent Relationship": "Outer",
                                    "Parallel Aware": true,
                                    "Join Type": "Inner",
                                    "Startup Cost": 58729.19,
                                    "Total Cost": 85833.02,
                                    "Plan Rows": 38327,
                                    "Plan Width": 0,
                                    "Actual Startup Time": 184.399,
                                    "Actual Total Time": 266.876,
                                    "Actual Rows": 53746,
                                    "Actual Loops": 4,
                                    "Inner Unique": true,
                                    "Hash Cond": "(mk.movie_id = t.id)",
                                    "Workers": [
                                        {
                                            "Worker Number": 0,
                                            "Actual Startup Time": 181.428,
                                            "Actual Total Time": 263.907,
                                            "Actual Rows": 46942,
                                            "Actual Loops": 1
                                        },
                                        {
                                            "Worker Number": 1,
                                            "Actual Startup Time": 182.298,
                                            "Actual Total Time": 264.149,
                                            "Actual Rows": 46565,
                                            "Actual Loops": 1
                                        },
                                        {
                                            "Worker Number": 2,
                                            "Actual Startup Time": 181.399,
                                            "Actual Total Time": 264.688,
                                            "Actual Rows": 62156,
                                            "Actual Loops": 1
                                        }
                                    ],
                                    "Plans": [
                                        {
                                            "Node Type": "Bitmap Heap Scan",
                                            "Parent Relationship": "Outer",
                                            "Parallel Aware": true,
                                            "Relation Name": "movie_keyword",
                                            "Schema": "public",
                                            "Alias": "mk",
                                            "Startup Cost": 11521.5,
                                            "Total Cost": 38165.45,
                                            "Plan Rows": 175195,
                                            "Plan Width": 4,
                                            "Actual Startup Time": 55.373,
                                            "Actual Total Time": 108.162,
                                            "Actual Rows": 134692,
                                            "Actual Loops": 4,
                                            "Output": [
                                                "mk.id",
                                                "mk.movie_id",
                                                "mk.keyword_id"
                                            ],
                                            "Recheck Cond": "(mk.keyword_id > 34121)",
                                            "Rows Removed by Index Recheck": 0,
                                            "Exact Heap Blocks": 6203,
                                            "Lossy Heap Blocks": 0,
                                            "Workers": [
                                                {
                                                    "Worker Number": 0,
                                                    "Actual Startup Time": 55.428,
                                                    "Actual Total Time": 109.506,
                                                    "Actual Rows": 113754,
                                                    "Actual Loops": 1
                                                },
                                                {
                                                    "Worker Number": 1,
                                                    "Actual Startup Time": 55.537,
                                                    "Actual Total Time": 110.01,
                                                    "Actual Rows": 112432,
                                                    "Actual Loops": 1
                                                },
                                                {
                                                    "Worker Number": 2,
                                                    "Actual Startup Time": 55.114,
                                                    "Actual Total Time": 108.975,
                                                    "Actual Rows": 169116,
                                                    "Actual Loops": 1
                                                }
                                            ],
                                            "Plans": [
                                                {
                                                    "Node Type": "Bitmap Index Scan",
                                                    "Parent Relationship": "Outer",
                                                    "Parallel Aware": false,
                                                    "Index Name": "keyword_id_movie_keyword",
                                                    "Startup Cost": 0.0,
                                                    "Total Cost": 11385.73,
                                                    "Plan Rows": 543106,
                                                    "Plan Width": 0,
                                                    "Actual Startup Time": 51.758,
                                                    "Actual Total Time": 51.759,
                                                    "Actual Rows": 538768,
                                                    "Actual Loops": 1,
                                                    "Index Cond": "(mk.keyword_id > 34121)",
                                                    "Workers": [
                                                        {
                                                            "Worker Number": 2,
                                                            "Actual Startup Time": 51.758,
                                                            "Actual Total Time": 51.759,
                                                            "Actual Rows": 538768,
                                                            "Actual Loops": 1
                                                        }
                                                    ]
                                                }
                                            ]
                                        },
                                        {
                                            "Node Type": "Hash",
                                            "Parent Relationship": "Inner",
                                            "Parallel Aware": true,
                                            "Startup Cost": 45479.21,
                                            "Total Cost": 45479.21,
                                            "Plan Rows": 138278,
                                            "Plan Width": 4,
                                            "Actual Startup Time": 124.474,
                                            "Actual Total Time": 124.474,
                                            "Actual Rows": 106406,
                                            "Actual Loops": 4,
                                            "Output": [
                                                "t.id"
                                            ],
                                            "Hash Buckets": 1048576,
                                            "Original Hash Buckets": 1048576,
                                            "Hash Batches": 1,
                                            "Original Hash Batches": 1,
                                            "Peak Memory Usage": 24928,
                                            "Workers": [
                                                {
                                                    "Worker Number": 0,
                                                    "Actual Startup Time": 125.379,
                                                    "Actual Total Time": 125.38,
                                                    "Actual Rows": 99058,
                                                    "Actual Loops": 1
                                                },
                                                {
                                                    "Worker Number": 1,
                                                    "Actual Startup Time": 125.575,
                                                    "Actual Total Time": 125.575,
                                                    "Actual Rows": 100104,
                                                    "Actual Loops": 1
                                                },
                                                {
                                                    "Worker Number": 2,
                                                    "Actual Startup Time": 125.899,
                                                    "Actual Total Time": 125.9,
                                                    "Actual Rows": 99451,
                                                    "Actual Loops": 1
                                                }
                                            ],
                                            "Plans": [
                                                {
                                                    "Node Type": "Seq Scan",
                                                    "Parent Relationship": "Outer",
                                                    "Parallel Aware": true,
                                                    "Relation Name": "title",
                                                    "Schema": "public",
                                                    "Alias": "t",
                                                    "Startup Cost": 0.0,
                                                    "Total Cost": 45479.21,
                                                    "Plan Rows": 138278,
                                                    "Plan Width": 4,
                                                    "Actual Startup Time": 0.042,
                                                    "Actual Total Time": 88.497,
                                                    "Actual Rows": 106406,
                                                    "Actual Loops": 4,
                                                    "Output": [
                                                        "t.id"
                                                    ],
                                                    "Filter": "((t.kind_id < 3) AND (t.production_year > 1986))",
                                                    "Rows Removed by Filter": 525672,
                                                    "Workers": [
                                                        {
                                                            "Worker Number": 0,
                                                            "Actual Startup Time": 0.056,
                                                            "Actual Total Time": 88.944,
                                                            "Actual Rows": 99058,
                                                            "Actual Loops": 1
                                                        },
                                                        {
                                                            "Worker Number": 1,
                                                            "Actual Startup Time": 0.043,
                                                            "Actual Total Time": 89.291,
                                                            "Actual Rows": 100104,
                                                            "Actual Loops": 1
                                                        },
                                                        {
                                                            "Worker Number": 2,
                                                            "Actual Startup Time": 0.052,
                                                            "Actual Total Time": 88.618,
                                                            "Actual Rows": 99451,
                                                            "Actual Loops": 1
                                                        }
                                                    ]
                                                }
                                            ]
                                        }
                                    ]
                                }
                            ]
                        }
                    ]
                }
            ]
        },
        "Planning Time": 189.478,
        "Triggers": [],
        "Execution Time": 291.653
    }
]