[
  {
    "Plan": {
      "Node Type": "Aggregate",
      "Strategy": "Plain",
      "Partial Mode": "Finalize",
      "Parallel Aware": false,
      "Startup Cost": 289532.97,
      "Total Cost": 289532.98,
      "Plan Rows": 1,
      "Plan Width": 8,
      "Actual Startup Time": 1470.275,
      "Actual Total Time": 1520.391,
      "Actual Rows": 1,
      "Actual Loops": 1,
      "Plans": [
        {
          "Node Type": "Gather",
          "Parent Relationship": "Outer",
          "Parallel Aware": false,
          "Startup Cost": 289532.45,
          "Total Cost": 289532.96,
          "Plan Rows": 5,
          "Plan Width": 8,
          "Actual Startup Time": 1463.727,
          "Actual Total Time": 1520.38,
          "Actual Rows": 6,
          "Actual Loops": 1,
          "Workers Planned": 5,
          "Workers Launched": 5,
          "Single Copy": false,
          "Plans": [
            {
              "Node Type": "Aggregate",
              "Strategy": "Plain",
              "Partial Mode": "Partial",
              "Parent Relationship": "Outer",
              "Parallel Aware": false,
              "Startup Cost": 288532.45,
              "Total Cost": 288532.46,
              "Plan Rows": 1,
              "Plan Width": 8,
              "Actual Startup Time": 1453.338,
              "Actual Total Time": 1453.404,
              "Actual Rows": 1,
              "Actual Loops": 6,
              "Plans": [
                {
                  "Node Type": "Hash Join",
                  "Parent Relationship": "Outer",
                  "Parallel Aware": true,
                  "Join Type": "Inner",
                  "Startup Cost": 81187.15,
                  "Total Cost": 286183.84,
                  "Plan Rows": 939444,
                  "Plan Width": 0,
                  "Actual Startup Time": 381.961,
                  "Actual Total Time": 1360.013,
                  "Actual Rows": 2181256,
                  "Actual Loops": 6,
                  "Inner Unique": false,
                  "Hash Cond": "(mi.movie_id = t.id)",
                  "Plans": [
                    {
                      "Node Type": "Seq Scan",
                      "Parent Relationship": "Outer",
                      "Parallel Aware": true,
                      "Relation Name": "movie_info",
                      "Alias": "mi",
                      "Startup Cost": 0.0,
                      "Total Cost": 191560.33,
                      "Plan Rows": 2956733,
                      "Plan Width": 4,
                      "Actual Startup Time": 0.023,
                      "Actual Total Time": 302.925,
                      "Actual Rows": 2472620,
                      "Actual Loops": 6
                    },
                    {
                      "Node Type": "Hash",
                      "Parent Relationship": "Inner",
                      "Parallel Aware": true,
                      "Startup Cost": 78676.78,
                      "Total Cost": 78676.78,
                      "Plan Rows": 200829,
                      "Plan Width": 8,
                      "Actual Startup Time": 376.863,
                      "Actual Total Time": 376.926,
                      "Actual Rows": 136423,
                      "Actual Loops": 6,
                      "Hash Buckets": 1048576,
                      "Original Hash Buckets": 1048576,
                      "Hash Batches": 1,
                      "Original Hash Batches": 1,
                      "Peak Memory Usage": 40320,
                      "Plans": [
                        {
                          "Node Type": "Hash Join",
                          "Parent Relationship": "Outer",
                          "Parallel Aware": true,
                          "Join Type": "Inner",
                          "Startup Cost": 32549.86,
                          "Total Cost": 78676.78,
                          "Plan Rows": 200829,
                          "Plan Width": 8,
                          "Actual Startup Time": 123.815,
                          "Actual Total Time": 322.044,
                          "Actual Rows": 136423,
                          "Actual Loops": 6,
                          "Inner Unique": false,
                          "Hash Cond": "(t.id = mc.movie_id)",
                          "Plans": [
                            {
                              "Node Type": "Seq Scan",
                              "Parent Relationship": "Outer",
                              "Parallel Aware": true,
                              "Relation Name": "title",
                              "Alias": "t",
                              "Startup Cost": 0.0,
                              "Total Cost": 42318.73,
                              "Plan Rows": 632073,
                              "Plan Width": 4,
                              "Actual Startup Time": 0.016,
                              "Actual Total Time": 61.018,
                              "Actual Rows": 421385,
                              "Actual Loops": 6
                            },
                            {
                              "Node Type": "Hash",
                              "Parent Relationship": "Inner",
                              "Parallel Aware": true,
                              "Startup Cost": 29310.68,
                              "Total Cost": 29310.68,
                              "Plan Rows": 259134,
                              "Plan Width": 4,
                              "Actual Startup Time": 121.853,
                              "Actual Total Time": 121.855,
                              "Actual Rows": 136423,
                              "Actual Loops": 6,
                              "Hash Buckets": 1048576,
                              "Original Hash Buckets": 1048576,
                              "Hash Batches": 1,
                              "Original Hash Batches": 1,
                              "Peak Memory Usage": 40288,
                              "Plans": [
                                {
                                  "Node Type": "Seq Scan",
                                  "Parent Relationship": "Outer",
                                  "Parallel Aware": true,
                                  "Relation Name": "movie_companies",
                                  "Alias": "mc",
                                  "Startup Cost": 0.0,
                                  "Total Cost": 29310.68,
                                  "Plan Rows": 259134,
                                  "Plan Width": 4,
                                  "Actual Startup Time": 20.512,
                                  "Actual Total Time": 67.07,
                                  "Actual Rows": 136423,
                                  "Actual Loops": 6,
                                  "Filter": "(company_id > 28339)",
                                  "Rows Removed by Filter": 298432
                                }
                              ]
                            }
                          ]
                        }
                      ]
                    }
                  ]
                }
              ]
            }
          ]
        }
      ]
    },
    "Planning Time": 1.401,
    "Triggers": [],
    "Execution Time": 1520.495
  }
]