[
  {
    "Plan": {
      "Node Type": "Aggregate",
      "Strategy": "Plain",
      "Partial Mode": "Finalize",
      "Parallel Aware": false,
      "Startup Cost": 275669.86,
      "Total Cost": 275669.87,
      "Plan Rows": 1,
      "Plan Width": 8,
      "Actual Startup Time": 1173.611,
      "Actual Total Time": 1268.167,
      "Actual Rows": 1,
      "Actual Loops": 1,
      "Plans": [
        {
          "Node Type": "Gather",
          "Parent Relationship": "Outer",
          "Parallel Aware": false,
          "Startup Cost": 275669.34,
          "Total Cost": 275669.85,
          "Plan Rows": 5,
          "Plan Width": 8,
          "Actual Startup Time": 1172.564,
          "Actual Total Time": 1268.15,
          "Actual Rows": 6,
          "Actual Loops": 1,
          "Workers Planned": 5,
          "Workers Launched": 5,
          "Single Copy": false,
          "Plans": [
            {
              "Node Type": "Aggregate",
              "Strategy": "Plain",
              "Partial Mode": "Partial",
              "Parent Relationship": "Outer",
              "Parallel Aware": false,
              "Startup Cost": 274669.34,
              "Total Cost": 274669.35,
              "Plan Rows": 1,
              "Plan Width": 8,
              "Actual Startup Time": 1160.916,
              "Actual Total Time": 1160.919,
              "Actual Rows": 1,
              "Actual Loops": 6,
              "Plans": [
                {
                  "Node Type": "Nested Loop",
                  "Parent Relationship": "Outer",
                  "Parallel Aware": false,
                  "Join Type": "Inner",
                  "Startup Cost": 2522.42,
                  "Total Cost": 274028.22,
                  "Plan Rows": 256449,
                  "Plan Width": 0,
                  "Actual Startup Time": 8.899,
                  "Actual Total Time": 1138.64,
                  "Actual Rows": 296505,
                  "Actual Loops": 6,
                  "Inner Unique": false,
                  "Plans": [
                    {
                      "Node Type": "Nested Loop",
                      "Parent Relationship": "Outer",
                      "Parallel Aware": false,
                      "Join Type": "Inner",
                      "Startup Cost": 2521.85,
                      "Total Cost": 214256.71,
                      "Plan Rows": 27793,
                      "Plan Width": 8,
                      "Actual Startup Time": 8.417,
                      "Actual Total Time": 162.025,
                      "Actual Rows": 20310,
                      "Actual Loops": 6,
                      "Inner Unique": true,
                      "Plans": [
                        {
                          "Node Type": "Bitmap Heap Scan",
                          "Parent Relationship": "Outer",
                          "Parallel Aware": true,
                          "Relation Name": "movie_info",
                          "Alias": "mi",
                          "Startup Cost": 2521.42,
                          "Total Cost": 165818.8,
                          "Plan Rows": 27793,
                          "Plan Width": 4,
                          "Actual Startup Time": 8.216,
                          "Actual Total Time": 17.535,
                          "Actual Rows": 20310,
                          "Actual Loops": 6,
                          "Recheck Cond": "(info_type_id = 105)",
                          "Rows Removed by Index Recheck": 0,
                          "Exact Heap Blocks": 1152,
                          "Lossy Heap Blocks": 0,
                          "Plans": [
                            {
                              "Node Type": "Bitmap Index Scan",
                              "Parent Relationship": "Outer",
                              "Parallel Aware": false,
                              "Index Name": "info_type_id_movie_info",
                              "Startup Cost": 0.0,
                              "Total Cost": 2486.68,
                              "Plan Rows": 138966,
                              "Plan Width": 0,
                              "Actual Startup Time": 16.218,
                              "Actual Total Time": 16.218,
                              "Actual Rows": 121863,
                              "Actual Loops": 1,
                              "Index Cond": "(info_type_id = 105)"
                            }
                          ]
                        },
                        {
                          "Node Type": "Index Only Scan",
                          "Parent Relationship": "Inner",
                          "Parallel Aware": false,
                          "Scan Direction": "Forward",
                          "Index Name": "title_pkey",
                          "Relation Name": "title",
                          "Alias": "t",
                          "Startup Cost": 0.43,
                          "Total Cost": 1.74,
                          "Plan Rows": 1,
                          "Plan Width": 4,
                          "Actual Startup Time": 0.007,
                          "Actual Total Time": 0.007,
                          "Actual Rows": 1,
                          "Actual Loops": 121863,
                          "Index Cond": "(id = mi.movie_id)",
                          "Rows Removed by Index Recheck": 0,
                          "Heap Fetches": 121863
                        }
                      ]
                    },
                    {
                      "Node Type": "Index Scan",
                      "Parent Relationship": "Inner",
                      "Parallel Aware": false,
                      "Scan Direction": "Forward",
                      "Index Name": "movie_id_cast_info",
                      "Relation Name": "cast_info",
                      "Alias": "ci",
                      "Startup Cost": 0.56,
                      "Total Cost": 1.91,
                      "Plan Rows": 24,
                      "Plan Width": 4,
                      "Actual Startup Time": 0.019,
                      "Actual Total Time": 0.046,
                      "Actual Rows": 15,
                      "Actual Loops": 121863,
                      "Index Cond": "(movie_id = t.id)",
                      "Rows Removed by Index Recheck": 0,
                      "Filter": "(person_id > 1273322)",
                      "Rows Removed by Filter": 8
                    }
                  ]
                }
              ]
            }
          ]
        }
      ]
    },
    "Planning Time": 1.398,
    "Triggers": [],
    "Execution Time": 1268.3
  }
]