{
    "Plan": {
        "Node Type": "Aggregate",
        "Strategy": "Plain",
        "Partial Mode": "Finalize",
        "Parallel Aware": false,
        "Startup Cost": 97788.65,
        "Total Cost": 97788.66,
        "Plan Rows": 1,
        "Plan Width": 8,
        "Actual Startup Time": 476.715,
        "Actual Total Time": 494.128,
        "Actual Rows": 1,
        "Actual Loops": 1,
        "Output": [
            "count(*)"
        ],
        "Plans": [
            {
                "Node Type": "Gather",
                "Parent Relationship": "Outer",
                "Parallel Aware": false,
                "Startup Cost": 97788.33,
                "Total Cost": 97788.64,
                "Plan Rows": 3,
                "Plan Width": 8,
                "Actual Startup Time": 471.921,
                "Actual Total Time": 494.118,
                "Actual Rows": 4,
                "Actual Loops": 1,
                "Output": [
                    "(PARTIAL count(*))"
                ],
                "Workers Planned": 3,
                "Workers Launched": 3,
                "Single Copy": false,
                "Plans": [
                    {
                        "Node Type": "Aggregate",
                        "Strategy": "Plain",
                        "Partial Mode": "Partial",
                        "Parent Relationship": "Outer",
                        "Parallel Aware": false,
                        "Startup Cost": 96788.33,
                        "Total Cost": 96788.34,
                        "Plan Rows": 1,
                        "Plan Width": 8,
                        "Actual Startup Time": 462.752,
                        "Actual Total Time": 462.982,
                        "Actual Rows": 1,
                        "Actual Loops": 4,
                        "Output": [
                            "PARTIAL count(*)"
                        ],
                        "Workers": [
                            {
                                "Worker Number": 0,
                                "Actual Startup Time": 460.055,
                                "Actual Total Time": 460.06,
                                "Actual Rows": 1,
                                "Actual Loops": 1
                            },
                            {
                                "Worker Number": 1,
                                "Actual Startup Time": 459.391,
                                "Actual Total Time": 459.398,
                                "Actual Rows": 1,
                                "Actual Loops": 1
                            },
                            {
                                "Worker Number": 2,
                                "Actual Startup Time": 460.405,
                                "Actual Total Time": 460.41,
                                "Actual Rows": 1,
                                "Actual Loops": 1
                            }
                        ],
                        "Plans": [
                            {
                                "Node Type": "Hash Join",
                                "Parent Relationship": "Outer",
                                "Parallel Aware": true,
                                "Join Type": "Inner",
                                "Startup Cost": 65455.08,
                                "Total Cost": 96424.39,
                                "Plan Rows": 145575,
                                "Plan Width": 0,
                                "Actual Startup Time": 314.731,
                                "Actual Total Time": 457.739,
                                "Actual Rows": 119446,
                                "Actual Loops": 4,
                                "Inner Unique": false,
                                "Hash Cond": "(mc.movie_id = t.id)",
                                "Workers": [
                                    {
                                        "Worker Number": 0,
                                        "Actual Startup Time": 311.589,
                                        "Actual Total Time": 454.624,
                                        "Actual Rows": 87699,
                                        "Actual Loops": 1
                                    },
                                    {
                                        "Worker Number": 1,
                                        "Actual Startup Time": 311.613,
                                        "Actual Total Time": 454.798,
                                        "Actual Rows": 119832,
                                        "Actual Loops": 1
                                    },
                                    {
                                        "Worker Number": 2,
                                        "Actual Startup Time": 312.494,
                                        "Actual Total Time": 455.548,
                                        "Actual Rows": 127170,
                                        "Actual Loops": 1
                                    }
                                ],
                                "Plans": [
                                    {
                                        "Node Type": "Seq Scan",
                                        "Parent Relationship": "Outer",
                                        "Parallel Aware": true,
                                        "Relation Name": "movie_companies",
                                        "Schema": "public",
                                        "Alias": "mc",
                                        "Startup Cost": 0.0,
                                        "Total Cost": 27206.55,
                                        "Plan Rows": 841655,
                                        "Plan Width": 4,
                                        "Actual Startup Time": 0.024,
                                        "Actual Total Time": 58.608,
                                        "Actual Rows": 652282,
                                        "Actual Loops": 4,
                                        "Output": [
                                            "mc.id",
                                            "mc.movie_id",
                                            "mc.company_id",
                                            "mc.company_type_id",
                                            "mc.note"
                                        ],
                                        "Workers": [
                                            {
                                                "Worker Number": 0,
                                                "Actual Startup Time": 0.033,
                                                "Actual Total Time": 60.83,
                                                "Actual Rows": 437839,
                                                "Actual Loops": 1
                                            },
                                            {
                                                "Worker Number": 1,
                                                "Actual Startup Time": 0.027,
                                                "Actual Total Time": 59.804,
                                                "Actual Rows": 660992,
                                                "Actual Loops": 1
                                            },
                                            {
                                                "Worker Number": 2,
                                                "Actual Startup Time": 0.028,
                                                "Actual Total Time": 59.543,
                                                "Actual Rows": 708227,
                                                "Actual Loops": 1
                                            }
                                        ]
                                    },
                                    {
                                        "Node Type": "Hash",
                                        "Parent Relationship": "Inner",
                                        "Parallel Aware": true,
                                        "Startup Cost": 63177.44,
                                        "Total Cost": 63177.44,
                                        "Plan Rows": 182211,
                                        "Plan Width": 8,
                                        "Actual Startup Time": 311.118,
                                        "Actual Total Time": 311.346,
                                        "Actual Rows": 53794,
                                        "Actual Loops": 4,
                                        "Output": [
                                            "t.id",
                                            "mi_idx.movie_id"
                                        ],
                                        "Hash Buckets": 524288,
                                        "Original Hash Buckets": 524288,
                                        "Hash Batches": 1,
                                        "Original Hash Batches": 1,
                                        "Peak Memory Usage": 12608,
                                        "Workers": [
                                            {
                                                "Worker Number": 0,
                                                "Actual Startup Time": 311.026,
                                                "Actual Total Time": 311.029,
                                                "Actual Rows": 39325,
                                                "Actual Loops": 1
                                            },
                                            {
                                                "Worker Number": 1,
                                                "Actual Startup Time": 310.752,
                                                "Actual Total Time": 310.757,
                                                "Actual Rows": 53992,
                                                "Actual Loops": 1
                                            },
                                            {
                                                "Worker Number": 2,
                                                "Actual Startup Time": 311.872,
                                                "Actual Total Time": 311.875,
                                                "Actual Rows": 59397,
                                                "Actual Loops": 1
                                            }
                                        ],
                                        "Plans": [
                                            {
                                                "Node Type": "Hash Join",
                                                "Parent Relationship": "Outer",
                                                "Parallel Aware": true,
                                                "Join Type": "Inner",
                                                "Startup Cost": 47982.88,
                                                "Total Cost": 63177.44,
                                                "Plan Rows": 182211,
                                                "Plan Width": 8,
                                                "Actual Startup Time": 201.755,
                                                "Actual Total Time": 295.808,
                                                "Actual Rows": 53794,
                                                "Actual Loops": 4,
                                                "Output": [
                                                    "t.id",
                                                    "mi_idx.movie_id"
                                                ],
                                                "Inner Unique": true,
                                                "Hash Cond": "(mi_idx.movie_id = t.id)",
                                                "Workers": [
                                                    {
                                                        "Worker Number": 0,
                                                        "Actual Startup Time": 201.702,
                                                        "Actual Total Time": 295.38,
                                                        "Actual Rows": 39325,
                                                        "Actual Loops": 1
                                                    },
                                                    {
                                                        "Worker Number": 1,
                                                        "Actual Startup Time": 201.759,
                                                        "Actual Total Time": 296.208,
                                                        "Actual Rows": 53992,
                                                        "Actual Loops": 1
                                                    },
                                                    {
                                                        "Worker Number": 2,
                                                        "Actual Startup Time": 201.845,
                                                        "Actual Total Time": 295.26,
                                                        "Actual Rows": 59397,
                                                        "Actual Loops": 1
                                                    }
                                                ],
                                                "Plans": [
                                                    {
                                                        "Node Type": "Seq Scan",
                                                        "Parent Relationship": "Outer",
                                                        "Parallel Aware": true,
                                                        "Relation Name": "movie_info_idx",
                                                        "Schema": "public",
                                                        "Alias": "mi_idx",
                                                        "Startup Cost": 0.0,
                                                        "Total Cost": 13685.15,
                                                        "Plan Rows": 575015,
                                                        "Plan Width": 4,
                                                        "Actual Startup Time": 0.012,
                                                        "Actual Total Time": 29.867,
                                                        "Actual Rows": 345009,
                                                        "Actual Loops": 4,
                                                        "Output": [
                                                            "mi_idx.id",
                                                            "mi_idx.movie_id",
                                                            "mi_idx.info_type_id",
                                                            "mi_idx.info",
                                                            "mi_idx.note"
                                                        ],
                                                        "Workers": [
                                                            {
                                                                "Worker Number": 0,
                                                                "Actual Startup Time": 0.016,
                                                                "Actual Total Time": 32.152,
                                                                "Actual Rows": 246798,
                                                                "Actual Loops": 1
                                                            },
                                                            {
                                                                "Worker Number": 1,
                                                                "Actual Startup Time": 0.012,
                                                                "Actual Total Time": 29.767,
                                                                "Actual Rows": 345440,
                                                                "Actual Loops": 1
                                                            },
                                                            {
                                                                "Worker Number": 2,
                                                                "Actual Startup Time": 0.012,
                                                                "Actual Total Time": 30.316,
                                                                "Actual Rows": 379954,
                                                                "Actual Loops": 1
                                                            }
                                                        ]
                                                    },
                                                    {
                                                        "Node Type": "Hash",
                                                        "Parent Relationship": "Inner",
                                                        "Parallel Aware": true,
                                                        "Startup Cost": 45479.21,
                                                        "Total Cost": 45479.21,
                                                        "Plan Rows": 200294,
                                                        "Plan Width": 4,
                                                        "Actual Startup Time": 198.457,
                                                        "Actual Total Time": 198.458,
                                                        "Actual Rows": 220486,
                                                        "Actual Loops": 4,
                                                        "Output": [
                                                            "t.id"
                                                        ],
                                                        "Hash Buckets": 1048576,
                                                        "Original Hash Buckets": 1048576,
                                                        "Hash Batches": 1,
                                                        "Original Hash Batches": 1,
                                                        "Peak Memory Usage": 42752,
                                                        "Workers": [
                                                            {
                                                                "Worker Number": 0,
                                                                "Actual Startup Time": 201.403,
                                                                "Actual Total Time": 201.404,
                                                                "Actual Rows": 153861,
                                                                "Actual Loops": 1
                                                            },
                                                            {
                                                                "Worker Number": 1,
                                                                "Actual Startup Time": 201.465,
                                                                "Actual Total Time": 201.466,
                                                                "Actual Rows": 200152,
                                                                "Actual Loops": 1
                                                            },
                                                            {
                                                                "Worker Number": 2,
                                                                "Actual Startup Time": 201.312,
                                                                "Actual Total Time": 201.313,
                                                                "Actual Rows": 217224,
                                                                "Actual Loops": 1
                                                            }
                                                        ],
                                                        "Plans": [
                                                            {
                                                                "Node Type": "Seq Scan",
                                                                "Parent Relationship": "Outer",
                                                                "Parallel Aware": true,
                                                                "Relation Name": "title",
                                                                "Schema": "public",
                                                                "Alias": "t",
                                                                "Startup Cost": 0.0,
                                                                "Total Cost": 45479.21,
                                                                "Plan Rows": 200294,
                                                                "Plan Width": 4,
                                                                "Actual Startup Time": 0.07,
                                                                "Actual Total Time": 110.227,
                                                                "Actual Rows": 220486,
                                                                "Actual Loops": 4,
                                                                "Output": [
                                                                    "t.id"
                                                                ],
                                                                "Filter": "((t.production_year > 2001) AND (t.kind_id = 7))",
                                                                "Rows Removed by Filter": 411592,
                                                                "Workers": [
                                                                    {
                                                                        "Worker Number": 0,
                                                                        "Actual Startup Time": 0.088,
                                                                        "Actual Total Time": 114.949,
                                                                        "Actual Rows": 153861,
                                                                        "Actual Loops": 1
                                                                    },
                                                                    {
                                                                        "Worker Number": 1,
                                                                        "Actual Startup Time": 0.088,
                                                                        "Actual Total Time": 111.316,
                                                                        "Actual Rows": 200152,
                                                                        "Actual Loops": 1
                                                                    },
                                                                    {
                                                                        "Worker Number": 2,
                                                                        "Actual Startup Time": 0.088,
                                                                        "Actual Total Time": 113.269,
                                                                        "Actual Rows": 217224,
                                                                        "Actual Loops": 1
                                                                    }
                                                                ]
                                                            }
                                                        ]
                                                    }
                                                ]
                                            }
                                        ]
                                    }
                                ]
                            }
                        ]
                    }
                ]
            }
        ]
    },
    "Planning Time": 1.594,
    "Triggers": [],
    "Execution Time": 494.21
}