[
  {
    "Plan": {
      "Node Type": "Aggregate",
      "Strategy": "Plain",
      "Partial Mode": "Finalize",
      "Parallel Aware": false,
      "Startup Cost": 337046.39,
      "Total Cost": 337046.4,
      "Plan Rows": 1,
      "Plan Width": 8,
      "Actual Startup Time": 391.388,
      "Actual Total Time": 413.527,
      "Actual Rows": 1,
      "Actual Loops": 1,
      "Plans": [
        {
          "Node Type": "Gather",
          "Parent Relationship": "Outer",
          "Parallel Aware": false,
          "Startup Cost": 337045.77,
          "Total Cost": 337046.38,
          "Plan Rows": 6,
          "Plan Width": 8,
          "Actual Startup Time": 391.303,
          "Actual Total Time": 413.511,
          "Actual Rows": 7,
          "Actual Loops": 1,
          "Workers Planned": 6,
          "Workers Launched": 6,
          "Single Copy": false,
          "Plans": [
            {
              "Node Type": "Aggregate",
              "Strategy": "Plain",
              "Partial Mode": "Partial",
              "Parent Relationship": "Outer",
              "Parallel Aware": false,
              "Startup Cost": 336045.77,
              "Total Cost": 336045.78,
              "Plan Rows": 1,
              "Plan Width": 8,
              "Actual Startup Time": 381.55,
              "Actual Total Time": 381.551,
              "Actual Rows": 1,
              "Actual Loops": 7,
              "Plans": [
                {
                  "Node Type": "Index Scan",
                  "Parent Relationship": "Outer",
                  "Parallel Aware": true,
                  "Scan Direction": "Forward",
                  "Index Name": "role_id_cast_info",
                  "Relation Name": "cast_info",
                  "Alias": "ci",
                  "Startup Cost": 0.56,
                  "Total Cost": 335235.55,
                  "Plan Rows": 324087,
                  "Plan Width": 0,
                  "Actual Startup Time": 0.137,
                  "Actual Total Time": 352.294,
                  "Actual Rows": 597933,
                  "Actual Loops": 7,
                  "Index Cond": "(role_id = 1)",
                  "Rows Removed by Index Recheck": 0,
                  "Filter": "(person_id < 560142)",
                  "Rows Removed by Filter": 1212165
                }
              ]
            }
          ]
        }
      ]
    },
    "Planning Time": 0.227,
    "Triggers": [],
    "Execution Time": 413.592
  }
]