{
  "Plan": {
    "Node Type": "Aggregate",
    "Strategy": "Plain",
    "Partial Mode": "Finalize",
    "Parallel Aware": false,
    "Startup Cost": 41800.28,
    "Total Cost": 41800.29,
    "Plan Rows": 1,
    "Plan Width": 8,
    "Actual Startup Time": 50.736,
    "Actual Total Time": 56.701,
    "Actual Rows": 1,
    "Actual Loops": 1,
    "Plans": [
      {
        "Node Type": "Gather",
        "Parent Relationship": "Outer",
        "Parallel Aware": false,
        "Startup Cost": 41800.17,
        "Total Cost": 41800.28,
        "Plan Rows": 1,
        "Plan Width": 8,
        "Actual Startup Time": 50.605,
        "Actual Total Time": 56.695,
        "Actual Rows": 2,
        "Actual Loops": 1,
        "Workers Planned": 1,
        "Workers Launched": 1,
        "Single Copy": false,
        "Plans": [
          {
            "Node Type": "Aggregate",
            "Strategy": "Plain",
            "Partial Mode": "Partial",
            "Parent Relationship": "Outer",
            "Parallel Aware": false,
            "Startup Cost": 40800.17,
            "Total Cost": 40800.18,
            "Plan Rows": 1,
            "Plan Width": 8,
            "Actual Startup Time": 44.16,
            "Actual Total Time": 44.162,
            "Actual Rows": 1,
            "Actual Loops": 2,
            "Plans": [
              {
                "Node Type": "Nested Loop",
                "Parent Relationship": "Outer",
                "Parallel Aware": false,
                "Join Type": "Inner",
                "Startup Cost": 132.04,
                "Total Cost": 40797.51,
                "Plan Rows": 1064,
                "Plan Width": 0,
                "Actual Startup Time": 22.78,
                "Actual Total Time": 44.118,
                "Actual Rows": 82,
                "Actual Loops": 2,
                "Inner Unique": false,
                "Plans": [
                  {
                    "Node Type": "Nested Loop",
                    "Parent Relationship": "Outer",
                    "Parallel Aware": false,
                    "Join Type": "Inner",
                    "Startup Cost": 131.61,
                    "Total Cost": 39430.65,
                    "Plan Rows": 2157,
                    "Plan Width": 8,
                    "Actual Startup Time": 3.805,
                    "Actual Total Time": 42.989,
                    "Actual Rows": 75,
                    "Actual Loops": 2,
                    "Inner Unique": true,
                    "Plans": [
                      {
                        "Node Type": "Bitmap Heap Scan",
                        "Parent Relationship": "Outer",
                        "Parallel Aware": true,
                        "Relation Name": "movie_keyword",
                        "Alias": "mk",
                        "Startup Cost": 131.18,
                        "Total Cost": 14106.22,
                        "Plan Rows": 3548,
                        "Plan Width": 4,
                        "Actual Startup Time": 3.677,
                        "Actual Total Time": 16.063,
                        "Actual Rows": 3846,
                        "Actual Loops": 2,
                        "Recheck Cond": "(keyword_id = 186)",
                        "Rows Removed by Index Recheck": 0,
                        "Exact Heap Blocks": 4551,
                        "Lossy Heap Blocks": 0,
                        "Plans": [
                          {
                            "Node Type": "Bitmap Index Scan",
                            "Parent Relationship": "Outer",
                            "Parallel Aware": false,
                            "Index Name": "keyword_id_movie_keyword",
                            "Startup Cost": 0.0,
                            "Total Cost": 129.67,
                            "Plan Rows": 6032,
                            "Plan Width": 0,
                            "Actual Startup Time": 4.43,
                            "Actual Total Time": 4.43,
                            "Actual Rows": 7692,
                            "Actual Loops": 1,
                            "Index Cond": "(keyword_id = 186)"
                          }
                        ]
                      },
                      {
                        "Node Type": "Index Scan",
                        "Parent Relationship": "Inner",
                        "Parallel Aware": false,
                        "Scan Direction": "Forward",
                        "Index Name": "title_pkey",
                        "Relation Name": "title",
                        "Alias": "t",
                        "Startup Cost": 0.43,
                        "Total Cost": 7.14,
                        "Plan Rows": 1,
                        "Plan Width": 4,
                        "Actual Startup Time": 0.007,
                        "Actual Total Time": 0.007,
                        "Actual Rows": 0,
                        "Actual Loops": 7692,
                        "Index Cond": "(id = mk.movie_id)",
                        "Rows Removed by Index Recheck": 0,
                        "Filter": "(kind_id = 7)",
                        "Rows Removed by Filter": 1
                      }
                    ]
                  },
                  {
                    "Node Type": "Index Scan",
                    "Parent Relationship": "Inner",
                    "Parallel Aware": false,
                    "Scan Direction": "Forward",
                    "Index Name": "movie_id_movie_companies",
                    "Relation Name": "movie_companies",
                    "Alias": "mc",
                    "Startup Cost": 0.43,
                    "Total Cost": 0.6,
                    "Plan Rows": 3,
                    "Plan Width": 4,
                    "Actual Startup Time": 0.013,
                    "Actual Total Time": 0.014,
                    "Actual Rows": 1,
                    "Actual Loops": 150,
                    "Index Cond": "(movie_id = t.id)",
                    "Rows Removed by Index Recheck": 0,
                    "Filter": "(company_id > 11649)",
                    "Rows Removed by Filter": 3
                  }
                ]
              }
            ]
          }
        ]
      }
    ]
  },
  "Planning Time": 1.159,
  "Triggers": [],
  "Execution Time": 56.798
}