{
  "Plan": {
    "Node Type": "Aggregate",
    "Strategy": "Plain",
    "Partial Mode": "Finalize",
    "Parallel Aware": false,
    "Startup Cost": 76897.78,
    "Total Cost": 76897.79,
    "Plan Rows": 1,
    "Plan Width": 8,
    "Actual Startup Time": 238.136,
    "Actual Total Time": 249.679,
    "Actual Rows": 1,
    "Actual Loops": 1,
    "Plans": [
      {
        "Node Type": "Gather",
        "Parent Relationship": "Outer",
        "Parallel Aware": false,
        "Startup Cost": 76897.67,
        "Total Cost": 76897.78,
        "Plan Rows": 1,
        "Plan Width": 8,
        "Actual Startup Time": 237.81,
        "Actual Total Time": 249.671,
        "Actual Rows": 2,
        "Actual Loops": 1,
        "Workers Planned": 1,
        "Workers Launched": 1,
        "Single Copy": false,
        "Plans": [
          {
            "Node Type": "Aggregate",
            "Strategy": "Plain",
            "Partial Mode": "Partial",
            "Parent Relationship": "Outer",
            "Parallel Aware": false,
            "Startup Cost": 75897.67,
            "Total Cost": 75897.68,
            "Plan Rows": 1,
            "Plan Width": 8,
            "Actual Startup Time": 231.881,
            "Actual Total Time": 231.884,
            "Actual Rows": 1,
            "Actual Loops": 2,
            "Plans": [
              {
                "Node Type": "Hash Join",
                "Parent Relationship": "Outer",
                "Parallel Aware": true,
                "Join Type": "Inner",
                "Startup Cost": 56366.78,
                "Total Cost": 75878.03,
                "Plan Rows": 7856,
                "Plan Width": 0,
                "Actual Startup Time": 143.511,
                "Actual Total Time": 231.401,
                "Actual Rows": 10076,
                "Actual Loops": 2,
                "Inner Unique": true,
                "Hash Cond": "(mi_idx.movie_id = t.id)",
                "Plans": [
                  {
                    "Node Type": "Seq Scan",
                    "Parent Relationship": "Outer",
                    "Parallel Aware": true,
                    "Relation Name": "movie_info_idx",
                    "Alias": "mi_idx",
                    "Startup Cost": 0.0,
                    "Total Cost": 18082.32,
                    "Plan Rows": 544356,
                    "Plan Width": 4,
                    "Actual Startup Time": 0.02,
                    "Actual Total Time": 55.713,
                    "Actual Rows": 460055,
                    "Actual Loops": 2,
                    "Filter": "(info_type_id > 99)",
                    "Rows Removed by Filter": 229962
                  },
                  {
                    "Node Type": "Hash",
                    "Parent Relationship": "Inner",
                    "Parallel Aware": true,
                    "Startup Cost": 56098.47,
                    "Total Cost": 56098.47,
                    "Plan Rows": 21465,
                    "Plan Width": 4,
                    "Actual Startup Time": 142.081,
                    "Actual Total Time": 142.081,
                    "Actual Rows": 13070,
                    "Actual Loops": 2,
                    "Hash Buckets": 65536,
                    "Original Hash Buckets": 65536,
                    "Hash Batches": 1,
                    "Original Hash Batches": 1,
                    "Peak Memory Usage": 1568,
                    "Plans": [
                      {
                        "Node Type": "Bitmap Heap Scan",
                        "Parent Relationship": "Outer",
                        "Parallel Aware": true,
                        "Relation Name": "title",
                        "Alias": "t",
                        "Startup Cost": 13448.08,
                        "Total Cost": 56098.47,
                        "Plan Rows": 21465,
                        "Plan Width": 4,
                        "Actual Startup Time": 52.971,
                        "Actual Total Time": 138.558,
                        "Actual Rows": 13070,
                        "Actual Loops": 2,
                        "Recheck Cond": "(kind_id < 3)",
                        "Rows Removed by Index Recheck": 0,
                        "Filter": "(production_year = 2008)",
                        "Rows Removed by Filter": 363769,
                        "Exact Heap Blocks": 27971,
                        "Lossy Heap Blocks": 0,
                        "Plans": [
                          {
                            "Node Type": "Bitmap Index Scan",
                            "Parent Relationship": "Outer",
                            "Parallel Aware": false,
                            "Index Name": "kind_id_title",
                            "Startup Cost": 0.0,
                            "Total Cost": 13438.96,
                            "Plan Rows": 753937,
                            "Plan Width": 0,
                            "Actual Startup Time": 51.701,
                            "Actual Total Time": 51.701,
                            "Actual Rows": 753677,
                            "Actual Loops": 1,
                            "Index Cond": "(kind_id < 3)"
                          }
                        ]
                      }
                    ]
                  }
                ]
              }
            ]
          }
        ]
      }
    ]
  },
  "Planning Time": 0.491,
  "Triggers": [],
  "Execution Time": 249.77
}