{
  "Plan": {
    "Node Type": "Aggregate",
    "Strategy": "Plain",
    "Partial Mode": "Finalize",
    "Parallel Aware": false,
    "Startup Cost": 80861.5,
    "Total Cost": 80861.51,
    "Plan Rows": 1,
    "Plan Width": 8,
    "Actual Startup Time": 263.55,
    "Actual Total Time": 283.513,
    "Actual Rows": 1,
    "Actual Loops": 1,
    "Plans": [
      {
        "Node Type": "Gather",
        "Parent Relationship": "Outer",
        "Parallel Aware": false,
        "Startup Cost": 80861.39,
        "Total Cost": 80861.5,
        "Plan Rows": 1,
        "Plan Width": 8,
        "Actual Startup Time": 263.417,
        "Actual Total Time": 283.496,
        "Actual Rows": 2,
        "Actual Loops": 1,
        "Workers Planned": 1,
        "Workers Launched": 1,
        "Single Copy": false,
        "Plans": [
          {
            "Node Type": "Aggregate",
            "Strategy": "Plain",
            "Partial Mode": "Partial",
            "Parent Relationship": "Outer",
            "Parallel Aware": false,
            "Startup Cost": 79861.39,
            "Total Cost": 79861.4,
            "Plan Rows": 1,
            "Plan Width": 8,
            "Actual Startup Time": 257.433,
            "Actual Total Time": 257.436,
            "Actual Rows": 1,
            "Actual Loops": 2,
            "Plans": [
              {
                "Node Type": "Nested Loop",
                "Parent Relationship": "Outer",
                "Parallel Aware": false,
                "Join Type": "Inner",
                "Startup Cost": 54657.64,
                "Total Cost": 79817.46,
                "Plan Rows": 17569,
                "Plan Width": 0,
                "Actual Startup Time": 171.705,
                "Actual Total Time": 256.395,
                "Actual Rows": 19824,
                "Actual Loops": 2,
                "Inner Unique": false,
                "Join Filter": "(t.id = mi.movie_id)",
                "Rows Removed by Join Filter": 0,
                "Plans": [
                  {
                    "Node Type": "Hash Join",
                    "Parent Relationship": "Outer",
                    "Parallel Aware": true,
                    "Join Type": "Inner",
                    "Startup Cost": 54657.2,
                    "Total Cost": 72840.99,
                    "Plan Rows": 3005,
                    "Plan Width": 8,
                    "Actual Startup Time": 171.636,
                    "Actual Total Time": 230.377,
                    "Actual Rows": 2319,
                    "Actual Loops": 2,
                    "Inner Unique": true,
                    "Hash Cond": "(mi_idx.movie_id = t.id)",
                    "Plans": [
                      {
                        "Node Type": "Seq Scan",
                        "Parent Relationship": "Outer",
                        "Parallel Aware": true,
                        "Relation Name": "movie_info_idx",
                        "Alias": "mi_idx",
                        "Startup Cost": 0.0,
                        "Total Cost": 16052.85,
                        "Plan Rows": 811785,
                        "Plan Width": 4,
                        "Actual Startup Time": 0.019,
                        "Actual Total Time": 47.934,
                        "Actual Rows": 690018,
                        "Actual Loops": 2
                      },
                      {
                        "Node Type": "Hash",
                        "Parent Relationship": "Inner",
                        "Parallel Aware": true,
                        "Startup Cost": 54588.39,
                        "Total Cost": 54588.39,
                        "Plan Rows": 5505,
                        "Plan Width": 4,
                        "Actual Startup Time": 132.972,
                        "Actual Total Time": 132.973,
                        "Actual Rows": 4718,
                        "Actual Loops": 2,
                        "Hash Buckets": 16384,
                        "Original Hash Buckets": 16384,
                        "Hash Batches": 1,
                        "Original Hash Batches": 1,
                        "Peak Memory Usage": 512,
                        "Plans": [
                          {
                            "Node Type": "Seq Scan",
                            "Parent Relationship": "Outer",
                            "Parallel Aware": true,
                            "Relation Name": "title",
                            "Alias": "t",
                            "Startup Cost": 0.0,
                            "Total Cost": 54588.39,
                            "Plan Rows": 5505,
                            "Plan Width": 4,
                            "Actual Startup Time": 72.502,
                            "Actual Total Time": 131.573,
                            "Actual Rows": 4718,
                            "Actual Loops": 2,
                            "Filter": "(production_year < 1902)",
                            "Rows Removed by Filter": 1259438
                          }
                        ]
                      }
                    ]
                  },
                  {
                    "Node Type": "Index Only Scan",
                    "Parent Relationship": "Inner",
                    "Parallel Aware": false,
                    "Scan Direction": "Forward",
                    "Index Name": "movie_id_movie_info",
                    "Relation Name": "movie_info",
                    "Alias": "mi",
                    "Startup Cost": 0.43,
                    "Total Cost": 1.8,
                    "Plan Rows": 42,
                    "Plan Width": 4,
                    "Actual Startup Time": 0.004,
                    "Actual Total Time": 0.01,
                    "Actual Rows": 9,
                    "Actual Loops": 4638,
                    "Index Cond": "(movie_id = mi_idx.movie_id)",
                    "Rows Removed by Index Recheck": 0,
                    "Heap Fetches": 39648
                  }
                ]
              }
            ]
          }
        ]
      }
    ]
  },
  "Planning Time": 0.86,
  "Triggers": [],
  "Execution Time": 283.593
}