{
  "Plan": {
    "Node Type": "Aggregate",
    "Strategy": "Plain",
    "Partial Mode": "Simple",
    "Parallel Aware": false,
    "Startup Cost": 3247.02,
    "Total Cost": 3247.03,
    "Plan Rows": 1,
    "Plan Width": 8,
    "Actual Startup Time": 18.77,
    "Actual Total Time": 18.773,
    "Actual Rows": 1,
    "Actual Loops": 1,
    "Plans": [
      {
        "Node Type": "Nested Loop",
        "Parent Relationship": "Outer",
        "Parallel Aware": false,
        "Join Type": "Inner",
        "Startup Cost": 7.35,
        "Total Cost": 3245.05,
        "Plan Rows": 788,
        "Plan Width": 0,
        "Actual Startup Time": 1.497,
        "Actual Total Time": 18.622,
        "Actual Rows": 903,
        "Actual Loops": 1,
        "Inner Unique": false,
        "Plans": [
          {
            "Node Type": "Nested Loop",
            "Parent Relationship": "Outer",
            "Parallel Aware": false,
            "Join Type": "Inner",
            "Startup Cost": 6.78,
            "Total Cost": 3007.2,
            "Plan Rows": 55,
            "Plan Width": 8,
            "Actual Startup Time": 1.47,
            "Actual Total Time": 15.651,
            "Actual Rows": 36,
            "Actual Loops": 1,
            "Inner Unique": true,
            "Plans": [
              {
                "Node Type": "Bitmap Heap Scan",
                "Parent Relationship": "Outer",
                "Parallel Aware": false,
                "Relation Name": "movie_keyword",
                "Alias": "mk",
                "Startup Cost": 6.35,
                "Total Cost": 922.98,
                "Plan Rows": 248,
                "Plan Width": 4,
                "Actual Startup Time": 0.836,
                "Actual Total Time": 3.862,
                "Actual Rows": 1519,
                "Actual Loops": 1,
                "Recheck Cond": "(keyword_id = 341)",
                "Rows Removed by Index Recheck": 0,
                "Exact Heap Blocks": 1074,
                "Lossy Heap Blocks": 0,
                "Plans": [
                  {
                    "Node Type": "Bitmap Index Scan",
                    "Parent Relationship": "Outer",
                    "Parallel Aware": false,
                    "Index Name": "keyword_id_movie_keyword",
                    "Startup Cost": 0.0,
                    "Total Cost": 6.29,
                    "Plan Rows": 248,
                    "Plan Width": 0,
                    "Actual Startup Time": 0.411,
                    "Actual Total Time": 0.411,
                    "Actual Rows": 1519,
                    "Actual Loops": 1,
                    "Index Cond": "(keyword_id = 341)"
                  }
                ]
              },
              {
                "Node Type": "Index Scan",
                "Parent Relationship": "Inner",
                "Parallel Aware": false,
                "Scan Direction": "Forward",
                "Index Name": "title_pkey",
                "Relation Name": "title",
                "Alias": "t",
                "Startup Cost": 0.43,
                "Total Cost": 8.4,
                "Plan Rows": 1,
                "Plan Width": 4,
                "Actual Startup Time": 0.007,
                "Actual Total Time": 0.007,
                "Actual Rows": 0,
                "Actual Loops": 1519,
                "Index Cond": "(id = mk.movie_id)",
                "Rows Removed by Index Recheck": 0,
                "Filter": "((production_year < 1998) AND (kind_id = 7))",
                "Rows Removed by Filter": 1
              }
            ]
          },
          {
            "Node Type": "Index Only Scan",
            "Parent Relationship": "Inner",
            "Parallel Aware": false,
            "Scan Direction": "Forward",
            "Index Name": "movie_id_cast_info",
            "Relation Name": "cast_info",
            "Alias": "ci",
            "Startup Cost": 0.56,
            "Total Cost": 3.95,
            "Plan Rows": 37,
            "Plan Width": 4,
            "Actual Startup Time": 0.02,
            "Actual Total Time": 0.075,
            "Actual Rows": 25,
            "Actual Loops": 36,
            "Index Cond": "(movie_id = t.id)",
            "Rows Removed by Index Recheck": 0,
            "Heap Fetches": 903
          }
        ]
      }
    ]
  },
  "Planning Time": 0.952,
  "Triggers": [],
  "Execution Time": 18.858
}