[
  {
    "Plan": {
      "Node Type": "Aggregate",
      "Strategy": "Plain",
      "Partial Mode": "Finalize",
      "Parallel Aware": false,
      "Startup Cost": 392196.5,
      "Total Cost": 392196.51,
      "Plan Rows": 1,
      "Plan Width": 8,
      "Actual Startup Time": 788.455,
      "Actual Total Time": 850.174,
      "Actual Rows": 1,
      "Actual Loops": 1,
      "Plans": [
        {
          "Node Type": "Gather",
          "Parent Relationship": "Outer",
          "Parallel Aware": false,
          "Startup Cost": 392195.88,
          "Total Cost": 392196.49,
          "Plan Rows": 6,
          "Plan Width": 8,
          "Actual Startup Time": 784.947,
          "Actual Total Time": 850.163,
          "Actual Rows": 7,
          "Actual Loops": 1,
          "Workers Planned": 6,
          "Workers Launched": 6,
          "Single Copy": false,
          "Plans": [
            {
              "Node Type": "Aggregate",
              "Strategy": "Plain",
              "Partial Mode": "Partial",
              "Parent Relationship": "Outer",
              "Parallel Aware": false,
              "Startup Cost": 391195.88,
              "Total Cost": 391195.89,
              "Plan Rows": 1,
              "Plan Width": 8,
              "Actual Startup Time": 774.011,
              "Actual Total Time": 774.014,
              "Actual Rows": 1,
              "Actual Loops": 7,
              "Plans": [
                {
                  "Node Type": "Hash Join",
                  "Parent Relationship": "Outer",
                  "Parallel Aware": true,
                  "Join Type": "Inner",
                  "Startup Cost": 46731.82,
                  "Total Cost": 391037.52,
                  "Plan Rows": 63342,
                  "Plan Width": 0,
                  "Actual Startup Time": 438.562,
                  "Actual Total Time": 771.835,
                  "Actual Rows": 44210,
                  "Actual Loops": 7,
                  "Inner Unique": true,
                  "Hash Cond": "(ci.movie_id = t.id)",
                  "Plans": [
                    {
                      "Node Type": "Seq Scan",
                      "Parent Relationship": "Outer",
                      "Parallel Aware": true,
                      "Relation Name": "cast_info",
                      "Alias": "ci",
                      "Startup Cost": 0.0,
                      "Total Cost": 343257.03,
                      "Plan Rows": 399492,
                      "Plan Width": 4,
                      "Actual Startup Time": 329.44,
                      "Actual Total Time": 595.475,
                      "Actual Rows": 216512,
                      "Actual Loops": 7,
                      "Filter": "((person_id < 528075) AND (role_id > 2))",
                      "Rows Removed by Filter": 4961252
                    },
                    {
                      "Node Type": "Hash",
                      "Parent Relationship": "Inner",
                      "Parallel Aware": true,
                      "Startup Cost": 45479.1,
                      "Total Cost": 45479.1,
                      "Plan Rows": 100218,
                      "Plan Width": 4,
                      "Actual Startup Time": 106.761,
                      "Actual Total Time": 106.762,
                      "Actual Rows": 72877,
                      "Actual Loops": 7,
                      "Hash Buckets": 524288,
                      "Original Hash Buckets": 524288,
                      "Hash Batches": 1,
                      "Original Hash Batches": 1,
                      "Peak Memory Usage": 24192,
                      "Plans": [
                        {
                          "Node Type": "Seq Scan",
                          "Parent Relationship": "Outer",
                          "Parallel Aware": true,
                          "Relation Name": "title",
                          "Alias": "t",
                          "Startup Cost": 0.0,
                          "Total Cost": 45479.1,
                          "Plan Rows": 100218,
                          "Plan Width": 4,
                          "Actual Startup Time": 0.045,
                          "Actual Total Time": 77.42,
                          "Actual Rows": 72877,
                          "Actual Loops": 7,
                          "Filter": "((kind_id < 4) AND (production_year < 2003))",
                          "Rows Removed by Filter": 288311
                        }
                      ]
                    }
                  ]
                }
              ]
            }
          ]
        }
      ]
    },
    "Planning Time": 0.619,
    "Triggers": [],
    "Execution Time": 850.261
  }
]