[
  {
    "Plan": {
      "Node Type": "Aggregate",
      "Strategy": "Plain",
      "Partial Mode": "Finalize",
      "Parallel Aware": false,
      "Startup Cost": 127536.49,
      "Total Cost": 127536.5,
      "Plan Rows": 1,
      "Plan Width": 8,
      "Actual Startup Time": 591.583,
      "Actual Total Time": 612.486,
      "Actual Rows": 1,
      "Actual Loops": 1,
      "Plans": [
        {
          "Node Type": "Gather",
          "Parent Relationship": "Outer",
          "Parallel Aware": false,
          "Startup Cost": 127536.17,
          "Total Cost": 127536.48,
          "Plan Rows": 3,
          "Plan Width": 8,
          "Actual Startup Time": 583.012,
          "Actual Total Time": 612.477,
          "Actual Rows": 4,
          "Actual Loops": 1,
          "Workers Planned": 3,
          "Workers Launched": 3,
          "Single Copy": false,
          "Plans": [
            {
              "Node Type": "Aggregate",
              "Strategy": "Plain",
              "Partial Mode": "Partial",
              "Parent Relationship": "Outer",
              "Parallel Aware": false,
              "Startup Cost": 126536.17,
              "Total Cost": 126536.18,
              "Plan Rows": 1,
              "Plan Width": 8,
              "Actual Startup Time": 577.163,
              "Actual Total Time": 577.386,
              "Actual Rows": 1,
              "Actual Loops": 4,
              "Plans": [
                {
                  "Node Type": "Hash Join",
                  "Parent Relationship": "Outer",
                  "Parallel Aware": true,
                  "Join Type": "Inner",
                  "Startup Cost": 81986.63,
                  "Total Cost": 126347.25,
                  "Plan Rows": 75569,
                  "Plan Width": 0,
                  "Actual Startup Time": 427.455,
                  "Actual Total Time": 572.32,
                  "Actual Rows": 108002,
                  "Actual Loops": 4,
                  "Inner Unique": false,
                  "Hash Cond": "(mk.movie_id = t.id)",
                  "Plans": [
                    {
                      "Node Type": "Seq Scan",
                      "Parent Relationship": "Outer",
                      "Parallel Aware": true,
                      "Relation Name": "movie_keyword",
                      "Alias": "mk",
                      "Startup Cost": 0.0,
                      "Total Cost": 42695.65,
                      "Plan Rows": 378984,
                      "Plan Width": 4,
                      "Actual Startup Time": 0.03,
                      "Actual Total Time": 96.892,
                      "Actual Rows": 293890,
                      "Actual Loops": 4,
                      "Filter": "(keyword_id < 1389)",
                      "Rows Removed by Filter": 837092
                    },
                    {
                      "Node Type": "Hash",
                      "Parent Relationship": "Inner",
                      "Parallel Aware": true,
                      "Startup Cost": 79953.7,
                      "Total Cost": 79953.7,
                      "Plan Rows": 162635,
                      "Plan Width": 8,
                      "Actual Startup Time": 425.829,
                      "Actual Total Time": 426.05,
                      "Actual Rows": 74925,
                      "Actual Loops": 4,
                      "Hash Buckets": 524288,
                      "Original Hash Buckets": 524288,
                      "Hash Batches": 1,
                      "Original Hash Batches": 1,
                      "Peak Memory Usage": 15872,
                      "Plans": [
                        {
                          "Node Type": "Hash Join",
                          "Parent Relationship": "Outer",
                          "Parallel Aware": true,
                          "Join Type": "Inner",
                          "Startup Cost": 47636.2,
                          "Total Cost": 79953.7,
                          "Plan Rows": 162635,
                          "Plan Width": 8,
                          "Actual Startup Time": 283.781,
                          "Actual Total Time": 396.621,
                          "Actual Rows": 74925,
                          "Actual Loops": 4,
                          "Inner Unique": true,
                          "Hash Cond": "(mc.movie_id = t.id)",
                          "Plans": [
                            {
                              "Node Type": "Seq Scan",
                              "Parent Relationship": "Outer",
                              "Parallel Aware": true,
                              "Relation Name": "movie_companies",
                              "Alias": "mc",
                              "Startup Cost": 0.0,
                              "Total Cost": 31414.82,
                              "Plan Rows": 343879,
                              "Plan Width": 4,
                              "Actual Startup Time": 33.708,
                              "Actual Total Time": 74.496,
                              "Actual Rows": 203381,
                              "Actual Loops": 4,
                              "Filter": "((company_id < 73273) AND (company_type_id > 1))",
                              "Rows Removed by Filter": 448902
                            },
                            {
                              "Node Type": "Hash",
                              "Parent Relationship": "Inner",
                              "Parallel Aware": true,
                              "Startup Cost": 43899.32,
                              "Total Cost": 43899.32,
                              "Plan Rows": 298950,
                              "Plan Width": 4,
                              "Actual Startup Time": 246.57,
                              "Actual Total Time": 246.572,
                              "Actual Rows": 298130,
                              "Actual Loops": 4,
                              "Hash Buckets": 2097152,
                              "Original Hash Buckets": 2097152,
                              "Hash Batches": 1,
                              "Original Hash Batches": 1,
                              "Peak Memory Usage": 63104,
                              "Plans": [
                                {
                                  "Node Type": "Seq Scan",
                                  "Parent Relationship": "Outer",
                                  "Parallel Aware": true,
                                  "Relation Name": "title",
                                  "Alias": "t",
                                  "Startup Cost": 0.0,
                                  "Total Cost": 43899.32,
                                  "Plan Rows": 298950,
                                  "Plan Width": 4,
                                  "Actual Startup Time": 0.035,
                                  "Actual Total Time": 118.405,
                                  "Actual Rows": 298130,
                                  "Actual Loops": 4,
                                  "Filter": "(production_year > 2003)",
                                  "Rows Removed by Filter": 333948
                                }
                              ]
                            }
                          ]
                        }
                      ]
                    }
                  ]
                }
              ]
            }
          ]
        }
      ]
    },
    "Planning Time": 0.451,
    "Triggers": [],
    "Execution Time": 612.525
  }
]