[
  {
    "Plan": {
      "Node Type": "Aggregate",
      "Strategy": "Plain",
      "Partial Mode": "Finalize",
      "Parallel Aware": false,
      "Startup Cost": 60163.54,
      "Total Cost": 60163.55,
      "Plan Rows": 1,
      "Plan Width": 8,
      "Actual Startup Time": 215.393,
      "Actual Total Time": 229.457,
      "Actual Rows": 1,
      "Actual Loops": 1,
      "Plans": [
        {
          "Node Type": "Gather",
          "Parent Relationship": "Outer",
          "Parallel Aware": false,
          "Startup Cost": 60163.32,
          "Total Cost": 60163.53,
          "Plan Rows": 2,
          "Plan Width": 8,
          "Actual Startup Time": 215.186,
          "Actual Total Time": 229.45,
          "Actual Rows": 3,
          "Actual Loops": 1,
          "Workers Planned": 2,
          "Workers Launched": 2,
          "Single Copy": false,
          "Plans": [
            {
              "Node Type": "Aggregate",
              "Strategy": "Plain",
              "Partial Mode": "Partial",
              "Parent Relationship": "Outer",
              "Parallel Aware": false,
              "Startup Cost": 59163.32,
              "Total Cost": 59163.33,
              "Plan Rows": 1,
              "Plan Width": 8,
              "Actual Startup Time": 212.06,
              "Actual Total Time": 212.064,
              "Actual Rows": 1,
              "Actual Loops": 3,
              "Plans": [
                {
                  "Node Type": "Hash Join",
                  "Parent Relationship": "Outer",
                  "Parallel Aware": true,
                  "Join Type": "Inner",
                  "Startup Cost": 43958.07,
                  "Total Cost": 59152.63,
                  "Plan Rows": 4276,
                  "Plan Width": 0,
                  "Actual Startup Time": 155.701,
                  "Actual Total Time": 211.885,
                  "Actual Rows": 2462,
                  "Actual Loops": 3,
                  "Inner Unique": true,
                  "Hash Cond": "(mi_idx.movie_id = t.id)",
                  "Plans": [
                    {
                      "Node Type": "Seq Scan",
                      "Parent Relationship": "Outer",
                      "Parallel Aware": true,
                      "Relation Name": "movie_info_idx",
                      "Alias": "mi_idx",
                      "Startup Cost": 0.0,
                      "Total Cost": 13685.15,
                      "Plan Rows": 575015,
                      "Plan Width": 4,
                      "Actual Startup Time": 0.015,
                      "Actual Total Time": 45.898,
                      "Actual Rows": 460012,
                      "Actual Loops": 3
                    },
                    {
                      "Node Type": "Hash",
                      "Parent Relationship": "Inner",
                      "Parallel Aware": true,
                      "Startup Cost": 43899.32,
                      "Total Cost": 43899.32,
                      "Plan Rows": 4700,
                      "Plan Width": 4,
                      "Actual Startup Time": 118.4,
                      "Actual Total Time": 118.401,
                      "Actual Rows": 6126,
                      "Actual Loops": 3,
                      "Hash Buckets": 32768,
                      "Original Hash Buckets": 32768,
                      "Hash Batches": 1,
                      "Original Hash Batches": 1,
                      "Peak Memory Usage": 1056,
                      "Plans": [
                        {
                          "Node Type": "Seq Scan",
                          "Parent Relationship": "Outer",
                          "Parallel Aware": true,
                          "Relation Name": "title",
                          "Alias": "t",
                          "Startup Cost": 0.0,
                          "Total Cost": 43899.32,
                          "Plan Rows": 4700,
                          "Plan Width": 4,
                          "Actual Startup Time": 62.923,
                          "Actual Total Time": 115.936,
                          "Actual Rows": 6126,
                          "Actual Loops": 3,
                          "Filter": "(production_year < 1908)",
                          "Rows Removed by Filter": 836644
                        }
                      ]
                    }
                  ]
                }
              ]
            }
          ]
        }
      ]
    },
    "Planning Time": 0.268,
    "Triggers": [],
    "Execution Time": 229.501
  }
]