{
  "Plan": {
    "Node Type": "Aggregate",
    "Strategy": "Plain",
    "Partial Mode": "Finalize",
    "Parallel Aware": false,
    "Startup Cost": 650182.77,
    "Total Cost": 650182.78,
    "Plan Rows": 1,
    "Plan Width": 8,
    "Actual Startup Time": 4452.449,
    "Actual Total Time": 4504.887,
    "Actual Rows": 1,
    "Actual Loops": 1,
    "Plans": [
      {
        "Node Type": "Gather",
        "Parent Relationship": "Outer",
        "Parallel Aware": false,
        "Startup Cost": 650182.65,
        "Total Cost": 650182.76,
        "Plan Rows": 1,
        "Plan Width": 8,
        "Actual Startup Time": 4450.855,
        "Actual Total Time": 4504.879,
        "Actual Rows": 2,
        "Actual Loops": 1,
        "Workers Planned": 1,
        "Workers Launched": 1,
        "Single Copy": false,
        "Plans": [
          {
            "Node Type": "Aggregate",
            "Strategy": "Plain",
            "Partial Mode": "Partial",
            "Parent Relationship": "Outer",
            "Parallel Aware": false,
            "Startup Cost": 649182.65,
            "Total Cost": 649182.66,
            "Plan Rows": 1,
            "Plan Width": 8,
            "Actual Startup Time": 4447.666,
            "Actual Total Time": 4447.671,
            "Actual Rows": 1,
            "Actual Loops": 2,
            "Plans": [
              {
                "Node Type": "Hash Join",
                "Parent Relationship": "Outer",
                "Parallel Aware": true,
                "Join Type": "Inner",
                "Startup Cost": 86317.69,
                "Total Cost": 644065.56,
                "Plan Rows": 2046836,
                "Plan Width": 0,
                "Actual Startup Time": 441.85,
                "Actual Total Time": 4324.273,
                "Actual Rows": 2850089,
                "Actual Loops": 2,
                "Inner Unique": false,
                "Hash Cond": "(ci.movie_id = t.id)",
                "Plans": [
                  {
                    "Node Type": "Seq Scan",
                    "Parent Relationship": "Outer",
                    "Parallel Aware": true,
                    "Relation Name": "cast_info",
                    "Alias": "ci",
                    "Startup Cost": 0.0,
                    "Total Cost": 465792.95,
                    "Plan Rows": 21310595,
                    "Plan Width": 4,
                    "Actual Startup Time": 0.018,
                    "Actual Total Time": 1294.537,
                    "Actual Rows": 18122172,
                    "Actual Loops": 2
                  },
                  {
                    "Node Type": "Hash",
                    "Parent Relationship": "Inner",
                    "Parallel Aware": true,
                    "Startup Cost": 84532.13,
                    "Total Cost": 84532.13,
                    "Plan Rows": 142845,
                    "Plan Width": 8,
                    "Actual Startup Time": 438.802,
                    "Actual Total Time": 438.805,
                    "Actual Rows": 100404,
                    "Actual Loops": 2,
                    "Hash Buckets": 262144,
                    "Original Hash Buckets": 262144,
                    "Hash Batches": 1,
                    "Original Hash Batches": 1,
                    "Peak Memory Usage": 9920,
                    "Plans": [
                      {
                        "Node Type": "Hash Join",
                        "Parent Relationship": "Outer",
                        "Parallel Aware": true,
                        "Join Type": "Inner",
                        "Startup Cost": 21497.23,
                        "Total Cost": 84532.13,
                        "Plan Rows": 142845,
                        "Plan Width": 8,
                        "Actual Startup Time": 114.72,
                        "Actual Total Time": 410.176,
                        "Actual Rows": 100404,
                        "Actual Loops": 2,
                        "Inner Unique": false,
                        "Hash Cond": "(t.id = mi_idx.movie_id)",
                        "Plans": [
                          {
                            "Node Type": "Seq Scan",
                            "Parent Relationship": "Outer",
                            "Parallel Aware": true,
                            "Relation Name": "title",
                            "Alias": "t",
                            "Startup Cost": 0.0,
                            "Total Cost": 58306.47,
                            "Plan Rows": 777632,
                            "Plan Width": 4,
                            "Actual Startup Time": 0.01,
                            "Actual Total Time": 145.578,
                            "Actual Rows": 649064,
                            "Actual Loops": 2,
                            "Filter": "((kind_id > 1) AND (production_year < 2009))",
                            "Rows Removed by Filter": 615092
                          },
                          {
                            "Node Type": "Hash",
                            "Parent Relationship": "Inner",
                            "Parallel Aware": true,
                            "Startup Cost": 18082.32,
                            "Total Cost": 18082.32,
                            "Plan Rows": 273193,
                            "Plan Width": 4,
                            "Actual Startup Time": 111.547,
                            "Actual Total Time": 111.548,
                            "Actual Rows": 229962,
                            "Actual Loops": 2,
                            "Hash Buckets": 524288,
                            "Original Hash Buckets": 524288,
                            "Hash Batches": 1,
                            "Original Hash Batches": 1,
                            "Peak Memory Usage": 22144,
                            "Plans": [
                              {
                                "Node Type": "Seq Scan",
                                "Parent Relationship": "Outer",
                                "Parallel Aware": true,
                                "Relation Name": "movie_info_idx",
                                "Alias": "mi_idx",
                                "Startup Cost": 0.0,
                                "Total Cost": 18082.32,
                                "Plan Rows": 273193,
                                "Plan Width": 4,
                                "Actual Startup Time": 0.032,
                                "Actual Total Time": 61.949,
                                "Actual Rows": 229962,
                                "Actual Loops": 2,
                                "Filter": "(info_type_id = 100)",
                                "Rows Removed by Filter": 460055
                              }
                            ]
                          }
                        ]
                      }
                    ]
                  }
                ]
              }
            ]
          }
        ]
      }
    ]
  },
  "Planning Time": 0.674,
  "Triggers": [],
  "Execution Time": 4504.975
}