[
    {
        "Bao": {
            "Bao prediction": 445.119,
            "Bao recommended hint": "(no hint)"
        }
    },
    {
        "Plan": {
            "Node Type": "Aggregate",
            "Strategy": "Plain",
            "Partial Mode": "Finalize",
            "Parallel Aware": false,
            "Startup Cost": 44332.35,
            "Total Cost": 44332.36,
            "Plan Rows": 1,
            "Plan Width": 8,
            "Actual Startup Time": 137.541,
            "Actual Total Time": 144.026,
            "Actual Rows": 1,
            "Actual Loops": 1,
            "Output": [
                "count(*)"
            ],
            "Plans": [
                {
                    "Node Type": "Gather",
                    "Parent Relationship": "Outer",
                    "Parallel Aware": false,
                    "Startup Cost": 44332.03,
                    "Total Cost": 44332.34,
                    "Plan Rows": 3,
                    "Plan Width": 8,
                    "Actual Startup Time": 137.355,
                    "Actual Total Time": 144.019,
                    "Actual Rows": 4,
                    "Actual Loops": 1,
                    "Output": [
                        "(PARTIAL count(*))"
                    ],
                    "Workers Planned": 3,
                    "Workers Launched": 3,
                    "Single Copy": false,
                    "Plans": [
                        {
                            "Node Type": "Aggregate",
                            "Strategy": "Plain",
                            "Partial Mode": "Partial",
                            "Parent Relationship": "Outer",
                            "Parallel Aware": false,
                            "Startup Cost": 43332.03,
                            "Total Cost": 43332.04,
                            "Plan Rows": 1,
                            "Plan Width": 8,
                            "Actual Startup Time": 129.695,
                            "Actual Total Time": 129.696,
                            "Actual Rows": 1,
                            "Actual Loops": 4,
                            "Output": [
                                "PARTIAL count(*)"
                            ],
                            "Workers": [
                                {
                                    "Worker Number": 0,
                                    "Actual Startup Time": 127.164,
                                    "Actual Total Time": 127.165,
                                    "Actual Rows": 1,
                                    "Actual Loops": 1
                                },
                                {
                                    "Worker Number": 1,
                                    "Actual Startup Time": 127.364,
                                    "Actual Total Time": 127.365,
                                    "Actual Rows": 1,
                                    "Actual Loops": 1
                                },
                                {
                                    "Worker Number": 2,
                                    "Actual Startup Time": 127.496,
                                    "Actual Total Time": 127.497,
                                    "Actual Rows": 1,
                                    "Actual Loops": 1
                                }
                            ],
                            "Plans": [
                                {
                                    "Node Type": "Seq Scan",
                                    "Parent Relationship": "Outer",
                                    "Parallel Aware": true,
                                    "Relation Name": "movie_keyword",
                                    "Schema": "public",
                                    "Alias": "mk",
                                    "Startup Cost": 0.0,
                                    "Total Cost": 42695.65,
                                    "Plan Rows": 254550,
                                    "Plan Width": 0,
                                    "Actual Startup Time": 5.473,
                                    "Actual Total Time": 116.549,
                                    "Actual Rows": 193782,
                                    "Actual Loops": 4,
                                    "Output": [
                                        "id",
                                        "movie_id",
                                        "keyword_id"
                                    ],
                                    "Filter": "(mk.keyword_id > 24327)",
                                    "Rows Removed by Filter": 937200,
                                    "Workers": [
                                        {
                                            "Worker Number": 0,
                                            "Actual Startup Time": 2.94,
                                            "Actual Total Time": 114.379,
                                            "Actual Rows": 160619,
                                            "Actual Loops": 1
                                        },
                                        {
                                            "Worker Number": 1,
                                            "Actual Startup Time": 3.134,
                                            "Actual Total Time": 114.451,
                                            "Actual Rows": 162112,
                                            "Actual Loops": 1
                                        },
                                        {
                                            "Worker Number": 2,
                                            "Actual Startup Time": 3.295,
                                            "Actual Total Time": 114.562,
                                            "Actual Rows": 163922,
                                            "Actual Loops": 1
                                        }
                                    ]
                                }
                            ]
                        }
                    ]
                }
            ]
        },
        "Planning Time": 282.485,
        "Triggers": [],
        "Execution Time": 144.103
    }
]