[
  {
    "Plan": {
      "Node Type": "Aggregate",
      "Strategy": "Plain",
      "Partial Mode": "Finalize",
      "Parallel Aware": false,
      "Startup Cost": 26210.54,
      "Total Cost": 26210.55,
      "Plan Rows": 1,
      "Plan Width": 8,
      "Actual Startup Time": 60.406,
      "Actual Total Time": 64.426,
      "Actual Rows": 1,
      "Actual Loops": 1,
      "Plans": [
        {
          "Node Type": "Gather",
          "Parent Relationship": "Outer",
          "Parallel Aware": false,
          "Startup Cost": 26210.22,
          "Total Cost": 26210.53,
          "Plan Rows": 3,
          "Plan Width": 8,
          "Actual Startup Time": 60.099,
          "Actual Total Time": 64.419,
          "Actual Rows": 4,
          "Actual Loops": 1,
          "Workers Planned": 3,
          "Workers Launched": 3,
          "Single Copy": false,
          "Plans": [
            {
              "Node Type": "Aggregate",
              "Strategy": "Plain",
              "Partial Mode": "Partial",
              "Parent Relationship": "Outer",
              "Parallel Aware": false,
              "Startup Cost": 25210.22,
              "Total Cost": 25210.23,
              "Plan Rows": 1,
              "Plan Width": 8,
              "Actual Startup Time": 54.543,
              "Actual Total Time": 54.546,
              "Actual Rows": 1,
              "Actual Loops": 4,
              "Plans": [
                {
                  "Node Type": "Bitmap Heap Scan",
                  "Parent Relationship": "Outer",
                  "Parallel Aware": true,
                  "Relation Name": "movie_companies",
                  "Alias": "mc",
                  "Startup Cost": 5248.74,
                  "Total Cost": 25014.97,
                  "Plan Rows": 78098,
                  "Plan Width": 0,
                  "Actual Startup Time": 23.192,
                  "Actual Total Time": 50.063,
                  "Actual Rows": 59835,
                  "Actual Loops": 4,
                  "Recheck Cond": "(company_id > 103286)",
                  "Rows Removed by Index Recheck": 0,
                  "Exact Heap Blocks": 2404,
                  "Lossy Heap Blocks": 0,
                  "Plans": [
                    {
                      "Node Type": "Bitmap Index Scan",
                      "Parent Relationship": "Outer",
                      "Parallel Aware": false,
                      "Index Name": "company_id_movie_companies",
                      "Startup Cost": 0.0,
                      "Total Cost": 5188.22,
                      "Plan Rows": 242105,
                      "Plan Width": 0,
                      "Actual Startup Time": 26.804,
                      "Actual Total Time": 26.804,
                      "Actual Rows": 239339,
                      "Actual Loops": 1,
                      "Index Cond": "(company_id > 103286)"
                    }
                  ]
                }
              ]
            }
          ]
        }
      ]
    },
    "Planning Time": 0.154,
    "Triggers": [],
    "Execution Time": 64.492
  }
]