[
  {
    "Plan": {
      "Node Type": "Aggregate",
      "Strategy": "Plain",
      "Partial Mode": "Finalize",
      "Parallel Aware": false,
      "Startup Cost": 26166.28,
      "Total Cost": 26166.29,
      "Plan Rows": 1,
      "Plan Width": 8,
      "Actual Startup Time": 63.915,
      "Actual Total Time": 68.385,
      "Actual Rows": 1,
      "Actual Loops": 1,
      "Plans": [
        {
          "Node Type": "Gather",
          "Parent Relationship": "Outer",
          "Parallel Aware": false,
          "Startup Cost": 26165.96,
          "Total Cost": 26166.27,
          "Plan Rows": 3,
          "Plan Width": 8,
          "Actual Startup Time": 63.72,
          "Actual Total Time": 68.376,
          "Actual Rows": 4,
          "Actual Loops": 1,
          "Workers Planned": 3,
          "Workers Launched": 3,
          "Single Copy": false,
          "Plans": [
            {
              "Node Type": "Aggregate",
              "Strategy": "Plain",
              "Partial Mode": "Partial",
              "Parent Relationship": "Outer",
              "Parallel Aware": false,
              "Startup Cost": 25165.96,
              "Total Cost": 25165.97,
              "Plan Rows": 1,
              "Plan Width": 8,
              "Actual Startup Time": 56.852,
              "Actual Total Time": 56.854,
              "Actual Rows": 1,
              "Actual Loops": 4,
              "Plans": [
                {
                  "Node Type": "Bitmap Heap Scan",
                  "Parent Relationship": "Outer",
                  "Parallel Aware": true,
                  "Relation Name": "movie_companies",
                  "Alias": "mc",
                  "Startup Cost": 5212.27,
                  "Total Cost": 24972.02,
                  "Plan Rows": 77579,
                  "Plan Width": 0,
                  "Actual Startup Time": 23.053,
                  "Actual Total Time": 52.102,
                  "Actual Rows": 59835,
                  "Actual Loops": 4,
                  "Recheck Cond": "(company_id > 103286)",
                  "Rows Removed by Index Recheck": 0,
                  "Exact Heap Blocks": 2693,
                  "Lossy Heap Blocks": 0,
                  "Plans": [
                    {
                      "Node Type": "Bitmap Index Scan",
                      "Parent Relationship": "Outer",
                      "Parallel Aware": false,
                      "Index Name": "company_id_movie_companies",
                      "Startup Cost": 0.0,
                      "Total Cost": 5152.15,
                      "Plan Rows": 240496,
                      "Plan Width": 0,
                      "Actual Startup Time": 27.925,
                      "Actual Total Time": 27.926,
                      "Actual Rows": 239339,
                      "Actual Loops": 1,
                      "Index Cond": "(company_id > 103286)"
                    }
                  ]
                }
              ]
            }
          ]
        }
      ]
    },
    "Planning Time": 0.168,
    "Triggers": [],
    "Execution Time": 68.453
  }
]