[
  {
    "Plan": {
      "Node Type": "Aggregate",
      "Strategy": "Plain",
      "Partial Mode": "Finalize",
      "Parallel Aware": false,
      "Startup Cost": 70972.03,
      "Total Cost": 70972.04,
      "Plan Rows": 1,
      "Plan Width": 8,
      "Actual Startup Time": 233.175,
      "Actual Total Time": 246.967,
      "Actual Rows": 1,
      "Actual Loops": 1,
      "Plans": [
        {
          "Node Type": "Gather",
          "Parent Relationship": "Outer",
          "Parallel Aware": false,
          "Startup Cost": 70971.61,
          "Total Cost": 70972.02,
          "Plan Rows": 4,
          "Plan Width": 8,
          "Actual Startup Time": 231.551,
          "Actual Total Time": 246.956,
          "Actual Rows": 5,
          "Actual Loops": 1,
          "Workers Planned": 4,
          "Workers Launched": 4,
          "Single Copy": false,
          "Plans": [
            {
              "Node Type": "Aggregate",
              "Strategy": "Plain",
              "Partial Mode": "Partial",
              "Parent Relationship": "Outer",
              "Parallel Aware": false,
              "Startup Cost": 69971.61,
              "Total Cost": 69971.62,
              "Plan Rows": 1,
              "Plan Width": 8,
              "Actual Startup Time": 221.464,
              "Actual Total Time": 221.467,
              "Actual Rows": 1,
              "Actual Loops": 5,
              "Plans": [
                {
                  "Node Type": "Hash Join",
                  "Parent Relationship": "Outer",
                  "Parallel Aware": true,
                  "Join Type": "Inner",
                  "Startup Cost": 24230.71,
                  "Total Cost": 69857.3,
                  "Plan Rows": 45722,
                  "Plan Width": 0,
                  "Actual Startup Time": 74.398,
                  "Actual Total Time": 219.493,
                  "Actual Rows": 36484,
                  "Actual Loops": 5,
                  "Inner Unique": false,
                  "Hash Cond": "(t.id = mc.movie_id)",
                  "Plans": [
                    {
                      "Node Type": "Seq Scan",
                      "Parent Relationship": "Outer",
                      "Parallel Aware": true,
                      "Relation Name": "title",
                      "Alias": "t",
                      "Startup Cost": 0.0,
                      "Total Cost": 42318.73,
                      "Plan Rows": 632073,
                      "Plan Width": 4,
                      "Actual Startup Time": 0.011,
                      "Actual Total Time": 65.342,
                      "Actual Rows": 505662,
                      "Actual Loops": 5
                    },
                    {
                      "Node Type": "Hash",
                      "Parent Relationship": "Inner",
                      "Parallel Aware": true,
                      "Startup Cost": 23493.26,
                      "Total Cost": 23493.26,
                      "Plan Rows": 58996,
                      "Plan Width": 4,
                      "Actual Startup Time": 72.413,
                      "Actual Total Time": 72.414,
                      "Actual Rows": 36484,
                      "Actual Loops": 5,
                      "Hash Buckets": 262144,
                      "Original Hash Buckets": 262144,
                      "Hash Batches": 1,
                      "Original Hash Batches": 1,
                      "Peak Memory Usage": 9280,
                      "Plans": [
                        {
                          "Node Type": "Bitmap Heap Scan",
                          "Parent Relationship": "Outer",
                          "Parallel Aware": true,
                          "Relation Name": "movie_companies",
                          "Alias": "mc",
                          "Startup Cost": 3965.81,
                          "Total Cost": 23493.26,
                          "Plan Rows": 58996,
                          "Plan Width": 4,
                          "Actual Startup Time": 21.414,
                          "Actual Total Time": 57.196,
                          "Actual Rows": 36484,
                          "Actual Loops": 5,
                          "Recheck Cond": "(company_id < 46)",
                          "Rows Removed by Index Recheck": 0,
                          "Exact Heap Blocks": 6967,
                          "Lossy Heap Blocks": 0,
                          "Plans": [
                            {
                              "Node Type": "Bitmap Index Scan",
                              "Parent Relationship": "Outer",
                              "Parallel Aware": false,
                              "Index Name": "company_id_movie_companies",
                              "Startup Cost": 0.0,
                              "Total Cost": 3920.09,
                              "Plan Rows": 182888,
                              "Plan Width": 0,
                              "Actual Startup Time": 20.022,
                              "Actual Total Time": 20.023,
                              "Actual Rows": 182418,
                              "Actual Loops": 1,
                              "Index Cond": "(company_id < 46)"
                            }
                          ]
                        }
                      ]
                    }
                  ]
                }
              ]
            }
          ]
        }
      ]
    },
    "Planning Time": 0.748,
    "Triggers": [],
    "Execution Time": 247.063
  }
]