{
  "Plan": {
    "Node Type": "Aggregate",
    "Strategy": "Plain",
    "Partial Mode": "Finalize",
    "Parallel Aware": false,
    "Startup Cost": 300236.82,
    "Total Cost": 300236.83,
    "Plan Rows": 1,
    "Plan Width": 8,
    "Actual Startup Time": 1062.219,
    "Actual Total Time": 1080.202,
    "Actual Rows": 1,
    "Actual Loops": 1,
    "Plans": [
      {
        "Node Type": "Gather",
        "Parent Relationship": "Outer",
        "Parallel Aware": false,
        "Startup Cost": 300236.7,
        "Total Cost": 300236.81,
        "Plan Rows": 1,
        "Plan Width": 8,
        "Actual Startup Time": 1062.21,
        "Actual Total Time": 1080.196,
        "Actual Rows": 2,
        "Actual Loops": 1,
        "Workers Planned": 1,
        "Workers Launched": 1,
        "Single Copy": false,
        "Plans": [
          {
            "Node Type": "Aggregate",
            "Strategy": "Plain",
            "Partial Mode": "Partial",
            "Parent Relationship": "Outer",
            "Parallel Aware": false,
            "Startup Cost": 299236.7,
            "Total Cost": 299236.71,
            "Plan Rows": 1,
            "Plan Width": 8,
            "Actual Startup Time": 1048.259,
            "Actual Total Time": 1048.265,
            "Actual Rows": 1,
            "Actual Loops": 2,
            "Plans": [
              {
                "Node Type": "Merge Join",
                "Parent Relationship": "Outer",
                "Parallel Aware": false,
                "Join Type": "Inner",
                "Startup Cost": 291714.99,
                "Total Cost": 298947.1,
                "Plan Rows": 115841,
                "Plan Width": 0,
                "Actual Startup Time": 968.195,
                "Actual Total Time": 1044.835,
                "Actual Rows": 83234,
                "Actual Loops": 2,
                "Inner Unique": false,
                "Merge Cond": "(t.id = mc.movie_id)",
                "Plans": [
                  {
                    "Node Type": "Sort",
                    "Parent Relationship": "Outer",
                    "Parallel Aware": false,
                    "Startup Cost": 156256.64,
                    "Total Cost": 157085.25,
                    "Plan Rows": 331445,
                    "Plan Width": 8,
                    "Actual Startup Time": 631.492,
                    "Actual Total Time": 635.723,
                    "Actual Rows": 121236,
                    "Actual Loops": 2,
                    "Sort Key": [
                      "mk.movie_id"
                    ],
                    "Sort Method": "quicksort",
                    "Sort Space Used": 12681,
                    "Sort Space Type": "Memory",
                    "Workers": [
                      {
                        "Worker Number": 0,
                        "Sort Method": "quicksort",
                        "Sort Space Used": 7902,
                        "Sort Space Type": "Memory"
                      }
                    ],
                    "Plans": [
                      {
                        "Node Type": "Hash Join",
                        "Parent Relationship": "Outer",
                        "Parallel Aware": true,
                        "Join Type": "Inner",
                        "Startup Cost": 91434.65,
                        "Total Cost": 125865.77,
                        "Plan Rows": 331445,
                        "Plan Width": 8,
                        "Actual Startup Time": 404.018,
                        "Actual Total Time": 604.892,
                        "Actual Rows": 121236,
                        "Actual Loops": 2,
                        "Inner Unique": true,
                        "Hash Cond": "(mk.movie_id = t.id)",
                        "Plans": [
                          {
                            "Node Type": "Bitmap Heap Scan",
                            "Parent Relationship": "Outer",
                            "Parallel Aware": true,
                            "Relation Name": "movie_keyword",
                            "Alias": "mk",
                            "Startup Cost": 23787.24,
                            "Total Cost": 56486.8,
                            "Plan Rows": 659644,
                            "Plan Width": 4,
                            "Actual Startup Time": 60.225,
                            "Actual Total Time": 158.84,
                            "Actual Rows": 565732,
                            "Actual Loops": 2,
                            "Recheck Cond": "(keyword_id < 1238)",
                            "Rows Removed by Index Recheck": 0,
                            "Exact Heap Blocks": 13368,
                            "Lossy Heap Blocks": 0,
                            "Plans": [
                              {
                                "Node Type": "Bitmap Index Scan",
                                "Parent Relationship": "Outer",
                                "Parallel Aware": false,
                                "Index Name": "keyword_id_movie_keyword",
                                "Startup Cost": 0.0,
                                "Total Cost": 23506.9,
                                "Plan Rows": 1121395,
                                "Plan Width": 0,
                                "Actual Startup Time": 56.517,
                                "Actual Total Time": 56.518,
                                "Actual Rows": 1131465,
                                "Actual Loops": 1,
                                "Index Cond": "(keyword_id < 1238)"
                              }
                            ]
                          },
                          {
                            "Node Type": "Hash",
                            "Parent Relationship": "Inner",
                            "Parallel Aware": true,
                            "Startup Cost": 58306.47,
                            "Total Cost": 58306.47,
                            "Plan Rows": 747275,
                            "Plan Width": 4,
                            "Actual Startup Time": 329.167,
                            "Actual Total Time": 329.168,
                            "Actual Rows": 618398,
                            "Actual Loops": 2,
                            "Hash Buckets": 2097152,
                            "Original Hash Buckets": 2097152,
                            "Hash Batches": 1,
                            "Original Hash Batches": 1,
                            "Peak Memory Usage": 64800,
                            "Plans": [
                              {
                                "Node Type": "Seq Scan",
                                "Parent Relationship": "Outer",
                                "Parallel Aware": true,
                                "Relation Name": "title",
                                "Alias": "t",
                                "Startup Cost": 0.0,
                                "Total Cost": 58306.47,
                                "Plan Rows": 747275,
                                "Plan Width": 4,
                                "Actual Startup Time": 0.03,
                                "Actual Total Time": 165.511,
                                "Actual Rows": 618398,
                                "Actual Loops": 2,
                                "Filter": "((kind_id > 3) AND (production_year < 2010))",
                                "Rows Removed by Filter": 645758
                              }
                            ]
                          }
                        ]
                      }
                    ]
                  },
                  {
                    "Node Type": "Sort",
                    "Parent Relationship": "Inner",
                    "Parallel Aware": false,
                    "Startup Cost": 135458.31,
                    "Total Cost": 137667.41,
                    "Plan Rows": 883640,
                    "Plan Width": 4,
                    "Actual Startup Time": 336.387,
                    "Actual Total Time": 361.262,
                    "Actual Rows": 751483,
                    "Actual Loops": 2,
                    "Sort Key": [
                      "mc.movie_id"
                    ],
                    "Sort Method": "quicksort",
                    "Sort Space Used": 57438,
                    "Sort Space Type": "Memory",
                    "Workers": [
                      {
                        "Worker Number": 0,
                        "Sort Method": "quicksort",
                        "Sort Space Used": 57438,
                        "Sort Space Type": "Memory"
                      }
                    ],
                    "Plans": [
                      {
                        "Node Type": "Index Scan",
                        "Parent Relationship": "Outer",
                        "Parallel Aware": false,
                        "Scan Direction": "Forward",
                        "Index Name": "company_type_id_movie_companies",
                        "Relation Name": "movie_companies",
                        "Alias": "mc",
                        "Startup Cost": 0.43,
                        "Total Cost": 48185.17,
                        "Plan Rows": 883640,
                        "Plan Width": 4,
                        "Actual Startup Time": 2.274,
                        "Actual Total Time": 191.782,
                        "Actual Rows": 701045,
                        "Actual Loops": 2,
                        "Index Cond": "(company_type_id = 1)",
                        "Rows Removed by Index Recheck": 0,
                        "Filter": "(company_id > 1828)",
                        "Rows Removed by Filter": 573201
                      }
                    ]
                  }
                ]
              }
            ]
          }
        ]
      }
    ]
  },
  "Planning Time": 1.267,
  "Triggers": [],
  "Execution Time": 1084.539
}