[
  {
    "Plan": {
      "Node Type": "Aggregate",
      "Strategy": "Plain",
      "Partial Mode": "Finalize",
      "Parallel Aware": false,
      "Startup Cost": 46562.08,
      "Total Cost": 46562.09,
      "Plan Rows": 1,
      "Plan Width": 8,
      "Actual Startup Time": 93.019,
      "Actual Total Time": 105.01,
      "Actual Rows": 1,
      "Actual Loops": 1,
      "Plans": [
        {
          "Node Type": "Gather",
          "Parent Relationship": "Outer",
          "Parallel Aware": false,
          "Startup Cost": 46561.66,
          "Total Cost": 46562.07,
          "Plan Rows": 4,
          "Plan Width": 8,
          "Actual Startup Time": 92.833,
          "Actual Total Time": 104.995,
          "Actual Rows": 5,
          "Actual Loops": 1,
          "Workers Planned": 4,
          "Workers Launched": 4,
          "Single Copy": false,
          "Plans": [
            {
              "Node Type": "Aggregate",
              "Strategy": "Plain",
              "Partial Mode": "Partial",
              "Parent Relationship": "Outer",
              "Parallel Aware": false,
              "Startup Cost": 45561.66,
              "Total Cost": 45561.67,
              "Plan Rows": 1,
              "Plan Width": 8,
              "Actual Startup Time": 87.18,
              "Actual Total Time": 87.182,
              "Actual Rows": 1,
              "Actual Loops": 5,
              "Plans": [
                {
                  "Node Type": "Seq Scan",
                  "Parent Relationship": "Outer",
                  "Parallel Aware": true,
                  "Relation Name": "title",
                  "Alias": "t",
                  "Startup Cost": 0.0,
                  "Total Cost": 45479.59,
                  "Plan Rows": 32830,
                  "Plan Width": 0,
                  "Actual Startup Time": 0.151,
                  "Actual Total Time": 84.769,
                  "Actual Rows": 47956,
                  "Actual Loops": 5,
                  "Filter": "((kind_id < 7) AND (production_year < 1969))",
                  "Rows Removed by Filter": 457706
                }
              ]
            }
          ]
        }
      ]
    },
    "Planning Time": 0.184,
    "Triggers": [],
    "Execution Time": 105.067
  }
]