[
  {
    "Plan": {
      "Node Type": "Aggregate",
      "Strategy": "Plain",
      "Partial Mode": "Finalize",
      "Parallel Aware": false,
      "Startup Cost": 120238.62,
      "Total Cost": 120238.63,
      "Plan Rows": 1,
      "Plan Width": 8,
      "Actual Startup Time": 173.353,
      "Actual Total Time": 190.365,
      "Actual Rows": 1,
      "Actual Loops": 1,
      "Plans": [
        {
          "Node Type": "Gather",
          "Parent Relationship": "Outer",
          "Parallel Aware": false,
          "Startup Cost": 120238.1,
          "Total Cost": 120238.61,
          "Plan Rows": 5,
          "Plan Width": 8,
          "Actual Startup Time": 173.218,
          "Actual Total Time": 190.353,
          "Actual Rows": 6,
          "Actual Loops": 1,
          "Workers Planned": 5,
          "Workers Launched": 5,
          "Single Copy": false,
          "Plans": [
            {
              "Node Type": "Aggregate",
              "Strategy": "Plain",
              "Partial Mode": "Partial",
              "Parent Relationship": "Outer",
              "Parallel Aware": false,
              "Startup Cost": 119238.1,
              "Total Cost": 119238.11,
              "Plan Rows": 1,
              "Plan Width": 8,
              "Actual Startup Time": 165.697,
              "Actual Total Time": 165.699,
              "Actual Rows": 1,
              "Actual Loops": 6,
              "Plans": [
                {
                  "Node Type": "Index Scan",
                  "Parent Relationship": "Outer",
                  "Parallel Aware": true,
                  "Scan Direction": "Forward",
                  "Index Name": "role_id_cast_info",
                  "Relation Name": "cast_info",
                  "Alias": "ci",
                  "Startup Cost": 0.56,
                  "Total Cost": 118067.1,
                  "Plan Rows": 468398,
                  "Plan Width": 0,
                  "Actual Startup Time": 0.155,
                  "Actual Total Time": 158.443,
                  "Actual Rows": 127709,
                  "Actual Loops": 6,
                  "Index Cond": "(role_id = 10)",
                  "Rows Removed by Index Recheck": 0,
                  "Filter": "(person_id < 1992456)",
                  "Rows Removed by Filter": 592794
                }
              ]
            }
          ]
        }
      ]
    },
    "Planning Time": 0.153,
    "Triggers": [],
    "Execution Time": 190.413
  }
]