{
  "Plan": {
    "Node Type": "Aggregate",
    "Strategy": "Plain",
    "Partial Mode": "Finalize",
    "Parallel Aware": false,
    "Startup Cost": 122430.36,
    "Total Cost": 122430.37,
    "Plan Rows": 1,
    "Plan Width": 8,
    "Actual Startup Time": 526.759,
    "Actual Total Time": 543.441,
    "Actual Rows": 1,
    "Actual Loops": 1,
    "Plans": [
      {
        "Node Type": "Gather",
        "Parent Relationship": "Outer",
        "Parallel Aware": false,
        "Startup Cost": 122430.25,
        "Total Cost": 122430.36,
        "Plan Rows": 1,
        "Plan Width": 8,
        "Actual Startup Time": 526.365,
        "Actual Total Time": 543.433,
        "Actual Rows": 2,
        "Actual Loops": 1,
        "Workers Planned": 1,
        "Workers Launched": 1,
        "Single Copy": false,
        "Plans": [
          {
            "Node Type": "Aggregate",
            "Strategy": "Plain",
            "Partial Mode": "Partial",
            "Parent Relationship": "Outer",
            "Parallel Aware": false,
            "Startup Cost": 121430.25,
            "Total Cost": 121430.26,
            "Plan Rows": 1,
            "Plan Width": 8,
            "Actual Startup Time": 520.793,
            "Actual Total Time": 520.797,
            "Actual Rows": 1,
            "Actual Loops": 2,
            "Plans": [
              {
                "Node Type": "Hash Join",
                "Parent Relationship": "Outer",
                "Parallel Aware": true,
                "Join Type": "Inner",
                "Startup Cost": 58688.04,
                "Total Cost": 121333.92,
                "Plan Rows": 38531,
                "Plan Width": 0,
                "Actual Startup Time": 171.98,
                "Actual Total Time": 520.432,
                "Actual Rows": 6711,
                "Actual Loops": 2,
                "Inner Unique": true,
                "Hash Cond": "(mk.movie_id = t.id)",
                "Plans": [
                  {
                    "Node Type": "Seq Scan",
                    "Parent Relationship": "Outer",
                    "Parallel Aware": true,
                    "Relation Name": "movie_keyword",
                    "Alias": "mk",
                    "Startup Cost": 0.0,
                    "Total Cost": 57718.19,
                    "Plan Rows": 1877211,
                    "Plan Width": 4,
                    "Actual Startup Time": 0.016,
                    "Actual Total Time": 224.967,
                    "Actual Rows": 1591540,
                    "Actual Loops": 2,
                    "Filter": "(keyword_id < 12788)",
                    "Rows Removed by Filter": 670425
                  },
                  {
                    "Node Type": "Hash",
                    "Parent Relationship": "Inner",
                    "Parallel Aware": true,
                    "Startup Cost": 58306.47,
                    "Total Cost": 58306.47,
                    "Plan Rows": 30526,
                    "Plan Width": 4,
                    "Actual Startup Time": 170.255,
                    "Actual Total Time": 170.256,
                    "Actual Rows": 28240,
                    "Actual Loops": 2,
                    "Hash Buckets": 65536,
                    "Original Hash Buckets": 65536,
                    "Hash Batches": 1,
                    "Original Hash Batches": 1,
                    "Peak Memory Usage": 2752,
                    "Plans": [
                      {
                        "Node Type": "Seq Scan",
                        "Parent Relationship": "Outer",
                        "Parallel Aware": true,
                        "Relation Name": "title",
                        "Alias": "t",
                        "Startup Cost": 0.0,
                        "Total Cost": 58306.47,
                        "Plan Rows": 30526,
                        "Plan Width": 4,
                        "Actual Startup Time": 0.037,
                        "Actual Total Time": 160.766,
                        "Actual Rows": 28240,
                        "Actual Loops": 2,
                        "Filter": "((kind_id = 7) AND (production_year = 2004))",
                        "Rows Removed by Filter": 1235916
                      }
                    ]
                  }
                ]
              }
            ]
          }
        ]
      }
    ]
  },
  "Planning Time": 0.385,
  "Triggers": [],
  "Execution Time": 543.503
}