[
  {
    "Plan": {
      "Node Type": "Aggregate",
      "Strategy": "Plain",
      "Partial Mode": "Finalize",
      "Parallel Aware": false,
      "Startup Cost": 31322.4,
      "Total Cost": 31322.41,
      "Plan Rows": 1,
      "Plan Width": 8,
      "Actual Startup Time": 110.481,
      "Actual Total Time": 119.453,
      "Actual Rows": 1,
      "Actual Loops": 1,
      "Plans": [
        {
          "Node Type": "Gather",
          "Parent Relationship": "Outer",
          "Parallel Aware": false,
          "Startup Cost": 31322.09,
          "Total Cost": 31322.4,
          "Plan Rows": 3,
          "Plan Width": 8,
          "Actual Startup Time": 110.399,
          "Actual Total Time": 119.445,
          "Actual Rows": 4,
          "Actual Loops": 1,
          "Workers Planned": 3,
          "Workers Launched": 3,
          "Single Copy": false,
          "Plans": [
            {
              "Node Type": "Aggregate",
              "Strategy": "Plain",
              "Partial Mode": "Partial",
              "Parent Relationship": "Outer",
              "Parallel Aware": false,
              "Startup Cost": 30322.09,
              "Total Cost": 30322.1,
              "Plan Rows": 1,
              "Plan Width": 8,
              "Actual Startup Time": 104.433,
              "Actual Total Time": 104.434,
              "Actual Rows": 1,
              "Actual Loops": 4,
              "Plans": [
                {
                  "Node Type": "Seq Scan",
                  "Parent Relationship": "Outer",
                  "Parallel Aware": true,
                  "Relation Name": "movie_companies",
                  "Alias": "mc",
                  "Startup Cost": 0.0,
                  "Total Cost": 29310.68,
                  "Plan Rows": 404562,
                  "Plan Width": 0,
                  "Actual Startup Time": 20.795,
                  "Actual Total Time": 87.963,
                  "Actual Rows": 315144,
                  "Actual Loops": 4,
                  "Filter": "(company_id > 11574)",
                  "Rows Removed by Filter": 337138
                }
              ]
            }
          ]
        }
      ]
    },
    "Planning Time": 0.154,
    "Triggers": [],
    "Execution Time": 119.5
  }
]