[
  {
    "Plan": {
      "Node Type": "Aggregate",
      "Strategy": "Plain",
      "Partial Mode": "Finalize",
      "Parallel Aware": false,
      "Startup Cost": 47050.5,
      "Total Cost": 47050.51,
      "Plan Rows": 1,
      "Plan Width": 8,
      "Actual Startup Time": 166.869,
      "Actual Total Time": 176.319,
      "Actual Rows": 1,
      "Actual Loops": 1,
      "Plans": [
        {
          "Node Type": "Gather",
          "Parent Relationship": "Outer",
          "Parallel Aware": false,
          "Startup Cost": 47050.19,
          "Total Cost": 47050.5,
          "Plan Rows": 3,
          "Plan Width": 8,
          "Actual Startup Time": 166.76,
          "Actual Total Time": 176.311,
          "Actual Rows": 4,
          "Actual Loops": 1,
          "Workers Planned": 3,
          "Workers Launched": 3,
          "Single Copy": false,
          "Plans": [
            {
              "Node Type": "Aggregate",
              "Strategy": "Plain",
              "Partial Mode": "Partial",
              "Parent Relationship": "Outer",
              "Parallel Aware": false,
              "Startup Cost": 46050.19,
              "Total Cost": 46050.2,
              "Plan Rows": 1,
              "Plan Width": 8,
              "Actual Startup Time": 163.142,
              "Actual Total Time": 163.144,
              "Actual Rows": 1,
              "Actual Loops": 4,
              "Plans": [
                {
                  "Node Type": "Seq Scan",
                  "Parent Relationship": "Outer",
                  "Parallel Aware": true,
                  "Relation Name": "movie_keyword",
                  "Alias": "mk",
                  "Startup Cost": 0.0,
                  "Total Cost": 42695.65,
                  "Plan Rows": 1341813,
                  "Plan Width": 0,
                  "Actual Startup Time": 0.029,
                  "Actual Total Time": 117.535,
                  "Actual Rows": 1040725,
                  "Actual Loops": 4,
                  "Filter": "(keyword_id < 46185)",
                  "Rows Removed by Filter": 90258
                }
              ]
            }
          ]
        }
      ]
    },
    "Planning Time": 0.181,
    "Triggers": [],
    "Execution Time": 176.373
  }
]