[
  {
    "Plan": {
      "Node Type": "Aggregate",
      "Strategy": "Plain",
      "Partial Mode": "Finalize",
      "Parallel Aware": false,
      "Startup Cost": 400954.83,
      "Total Cost": 400954.84,
      "Plan Rows": 1,
      "Plan Width": 8,
      "Actual Startup Time": 992.474,
      "Actual Total Time": 1021.486,
      "Actual Rows": 1,
      "Actual Loops": 1,
      "Plans": [
        {
          "Node Type": "Gather",
          "Parent Relationship": "Outer",
          "Parallel Aware": false,
          "Startup Cost": 400954.2,
          "Total Cost": 400954.81,
          "Plan Rows": 6,
          "Plan Width": 8,
          "Actual Startup Time": 979.892,
          "Actual Total Time": 1021.477,
          "Actual Rows": 7,
          "Actual Loops": 1,
          "Workers Planned": 6,
          "Workers Launched": 6,
          "Single Copy": false,
          "Plans": [
            {
              "Node Type": "Aggregate",
              "Strategy": "Plain",
              "Partial Mode": "Partial",
              "Parent Relationship": "Outer",
              "Parallel Aware": false,
              "Startup Cost": 399954.2,
              "Total Cost": 399954.21,
              "Plan Rows": 1,
              "Plan Width": 8,
              "Actual Startup Time": 971.395,
              "Actual Total Time": 971.398,
              "Actual Rows": 1,
              "Actual Loops": 7,
              "Plans": [
                {
                  "Node Type": "Hash Join",
                  "Parent Relationship": "Outer",
                  "Parallel Aware": true,
                  "Join Type": "Inner",
                  "Startup Cost": 48689.12,
                  "Total Cost": 397045.57,
                  "Plan Rows": 1163454,
                  "Plan Width": 0,
                  "Actual Startup Time": 362.522,
                  "Actual Total Time": 951.463,
                  "Actual Rows": 413887,
                  "Actual Loops": 7,
                  "Inner Unique": true,
                  "Hash Cond": "(ci.movie_id = t.id)",
                  "Plans": [
                    {
                      "Node Type": "Seq Scan",
                      "Parent Relationship": "Outer",
                      "Parallel Aware": true,
                      "Relation Name": "cast_info",
                      "Alias": "ci",
                      "Startup Cost": 0.0,
                      "Total Cost": 343318.94,
                      "Plan Rows": 1919047,
                      "Plan Width": 4,
                      "Actual Startup Time": 195.909,
                      "Actual Total Time": 551.422,
                      "Actual Rows": 714243,
                      "Actual Loops": 7,
                      "Filter": "((person_id < 1749977) AND (role_id > 1))",
                      "Rows Removed by Filter": 4463520
                    },
                    {
                      "Node Type": "Hash",
                      "Parent Relationship": "Inner",
                      "Parallel Aware": true,
                      "Startup Cost": 43899.01,
                      "Total Cost": 43899.01,
                      "Plan Rows": 383209,
                      "Plan Width": 4,
                      "Actual Startup Time": 163.353,
                      "Actual Total Time": 163.353,
                      "Actual Rows": 220466,
                      "Actual Loops": 7,
                      "Hash Buckets": 2097152,
                      "Original Hash Buckets": 2097152,
                      "Hash Batches": 1,
                      "Original Hash Batches": 1,
                      "Peak Memory Usage": 76896,
                      "Plans": [
                        {
                          "Node Type": "Seq Scan",
                          "Parent Relationship": "Outer",
                          "Parallel Aware": true,
                          "Relation Name": "title",
                          "Alias": "t",
                          "Startup Cost": 0.0,
                          "Total Cost": 43899.01,
                          "Plan Rows": 383209,
                          "Plan Width": 4,
                          "Actual Startup Time": 0.032,
                          "Actual Total Time": 69.095,
                          "Actual Rows": 220466,
                          "Actual Loops": 7,
                          "Filter": "(kind_id = 7)",
                          "Rows Removed by Filter": 140721
                        }
                      ]
                    }
                  ]
                }
              ]
            }
          ]
        }
      ]
    },
    "Planning Time": 0.291,
    "Triggers": [],
    "Execution Time": 1021.527
  }
]