{
  "Plan": {
    "Node Type": "Aggregate",
    "Strategy": "Plain",
    "Partial Mode": "Finalize",
    "Parallel Aware": false,
    "Startup Cost": 110734.45,
    "Total Cost": 110734.46,
    "Plan Rows": 1,
    "Plan Width": 8,
    "Actual Startup Time": 788.434,
    "Actual Total Time": 801.009,
    "Actual Rows": 1,
    "Actual Loops": 1,
    "Plans": [
      {
        "Node Type": "Gather",
        "Parent Relationship": "Outer",
        "Parallel Aware": false,
        "Startup Cost": 110734.34,
        "Total Cost": 110734.45,
        "Plan Rows": 1,
        "Plan Width": 8,
        "Actual Startup Time": 786.39,
        "Actual Total Time": 801.001,
        "Actual Rows": 2,
        "Actual Loops": 1,
        "Workers Planned": 1,
        "Workers Launched": 1,
        "Single Copy": false,
        "Plans": [
          {
            "Node Type": "Aggregate",
            "Strategy": "Plain",
            "Partial Mode": "Partial",
            "Parent Relationship": "Outer",
            "Parallel Aware": false,
            "Startup Cost": 109734.34,
            "Total Cost": 109734.35,
            "Plan Rows": 1,
            "Plan Width": 8,
            "Actual Startup Time": 781.438,
            "Actual Total Time": 781.442,
            "Actual Rows": 1,
            "Actual Loops": 2,
            "Plans": [
              {
                "Node Type": "Hash Join",
                "Parent Relationship": "Outer",
                "Parallel Aware": true,
                "Join Type": "Inner",
                "Startup Cost": 46455.06,
                "Total Cost": 108805.67,
                "Plan Rows": 371467,
                "Plan Width": 0,
                "Actual Startup Time": 254.338,
                "Actual Total Time": 763.283,
                "Actual Rows": 446334,
                "Actual Loops": 2,
                "Inner Unique": false,
                "Hash Cond": "(t.id = mc.movie_id)",
                "Plans": [
                  {
                    "Node Type": "Seq Scan",
                    "Parent Relationship": "Outer",
                    "Parallel Aware": true,
                    "Relation Name": "title",
                    "Alias": "t",
                    "Startup Cost": 0.0,
                    "Total Cost": 50870.31,
                    "Plan Rows": 1487231,
                    "Plan Width": 4,
                    "Actual Startup Time": 0.008,
                    "Actual Total Time": 124.819,
                    "Actual Rows": 1264156,
                    "Actual Loops": 2
                  },
                  {
                    "Node Type": "Hash",
                    "Parent Relationship": "Inner",
                    "Parallel Aware": true,
                    "Startup Cost": 41811.73,
                    "Total Cost": 41811.73,
                    "Plan Rows": 371467,
                    "Plan Width": 4,
                    "Actual Startup Time": 246.427,
                    "Actual Total Time": 246.428,
                    "Actual Rows": 446334,
                    "Actual Loops": 2,
                    "Hash Buckets": 1048576,
                    "Original Hash Buckets": 1048576,
                    "Hash Batches": 1,
                    "Original Hash Batches": 1,
                    "Peak Memory Usage": 43136,
                    "Plans": [
                      {
                        "Node Type": "Seq Scan",
                        "Parent Relationship": "Outer",
                        "Parallel Aware": true,
                        "Relation Name": "movie_companies",
                        "Alias": "mc",
                        "Startup Cost": 0.0,
                        "Total Cost": 41811.73,
                        "Plan Rows": 371467,
                        "Plan Width": 4,
                        "Actual Startup Time": 64.986,
                        "Actual Total Time": 135.225,
                        "Actual Rows": 446334,
                        "Actual Loops": 2,
                        "Filter": "((company_id > 11693) AND (company_type_id > 1))",
                        "Rows Removed by Filter": 858230
                      }
                    ]
                  }
                ]
              }
            ]
          }
        ]
      }
    ]
  },
  "Planning Time": 0.432,
  "Triggers": [],
  "Execution Time": 801.057
}