[
  {
    "Plan": {
      "Node Type": "Aggregate",
      "Strategy": "Plain",
      "Partial Mode": "Finalize",
      "Parallel Aware": false,
      "Startup Cost": 31305.26,
      "Total Cost": 31305.27,
      "Plan Rows": 1,
      "Plan Width": 8,
      "Actual Startup Time": 120.483,
      "Actual Total Time": 129.513,
      "Actual Rows": 1,
      "Actual Loops": 1,
      "Plans": [
        {
          "Node Type": "Gather",
          "Parent Relationship": "Outer",
          "Parallel Aware": false,
          "Startup Cost": 31304.94,
          "Total Cost": 31305.25,
          "Plan Rows": 3,
          "Plan Width": 8,
          "Actual Startup Time": 120.382,
          "Actual Total Time": 129.501,
          "Actual Rows": 4,
          "Actual Loops": 1,
          "Workers Planned": 3,
          "Workers Launched": 3,
          "Single Copy": false,
          "Plans": [
            {
              "Node Type": "Aggregate",
              "Strategy": "Plain",
              "Partial Mode": "Partial",
              "Parent Relationship": "Outer",
              "Parallel Aware": false,
              "Startup Cost": 30304.94,
              "Total Cost": 30304.95,
              "Plan Rows": 1,
              "Plan Width": 8,
              "Actual Startup Time": 112.901,
              "Actual Total Time": 112.902,
              "Actual Rows": 1,
              "Actual Loops": 4,
              "Plans": [
                {
                  "Node Type": "Seq Scan",
                  "Parent Relationship": "Outer",
                  "Parallel Aware": true,
                  "Relation Name": "movie_companies",
                  "Alias": "mc",
                  "Startup Cost": 0.0,
                  "Total Cost": 29310.68,
                  "Plan Rows": 397704,
                  "Plan Width": 0,
                  "Actual Startup Time": 0.034,
                  "Actual Total Time": 91.156,
                  "Actual Rows": 311129,
                  "Actual Loops": 4,
                  "Filter": "(company_id < 11149)",
                  "Rows Removed by Filter": 341154
                }
              ]
            }
          ]
        }
      ]
    },
    "Planning Time": 0.191,
    "Triggers": [],
    "Execution Time": 129.568
  }
]