[
  {
    "Plan": {
      "Node Type": "Aggregate",
      "Strategy": "Plain",
      "Partial Mode": "Finalize",
      "Parallel Aware": false,
      "Startup Cost": 72500.35,
      "Total Cost": 72500.36,
      "Plan Rows": 1,
      "Plan Width": 8,
      "Actual Startup Time": 133.334,
      "Actual Total Time": 156.257,
      "Actual Rows": 1,
      "Actual Loops": 1,
      "Plans": [
        {
          "Node Type": "Gather",
          "Parent Relationship": "Outer",
          "Parallel Aware": false,
          "Startup Cost": 72499.93,
          "Total Cost": 72500.34,
          "Plan Rows": 4,
          "Plan Width": 8,
          "Actual Startup Time": 133.2,
          "Actual Total Time": 156.247,
          "Actual Rows": 5,
          "Actual Loops": 1,
          "Workers Planned": 4,
          "Workers Launched": 4,
          "Single Copy": false,
          "Plans": [
            {
              "Node Type": "Aggregate",
              "Strategy": "Plain",
              "Partial Mode": "Partial",
              "Parent Relationship": "Outer",
              "Parallel Aware": false,
              "Startup Cost": 71499.93,
              "Total Cost": 71499.94,
              "Plan Rows": 1,
              "Plan Width": 8,
              "Actual Startup Time": 123.38,
              "Actual Total Time": 123.381,
              "Actual Rows": 1,
              "Actual Loops": 5,
              "Plans": [
                {
                  "Node Type": "Nested Loop",
                  "Parent Relationship": "Outer",
                  "Parallel Aware": false,
                  "Join Type": "Inner",
                  "Startup Cost": 0.56,
                  "Total Cost": 71498.18,
                  "Plan Rows": 700,
                  "Plan Width": 0,
                  "Actual Startup Time": 47.938,
                  "Actual Total Time": 123.148,
                  "Actual Rows": 2406,
                  "Actual Loops": 5,
                  "Inner Unique": false,
                  "Plans": [
                    {
                      "Node Type": "Seq Scan",
                      "Parent Relationship": "Outer",
                      "Parallel Aware": true,
                      "Relation Name": "title",
                      "Alias": "t",
                      "Startup Cost": 0.0,
                      "Total Cost": 45479.1,
                      "Plan Rows": 178,
                      "Plan Width": 4,
                      "Actual Startup Time": 28.246,
                      "Actual Total Time": 78.019,
                      "Actual Rows": 545,
                      "Actual Loops": 5,
                      "Filter": "((kind_id < 7) AND (production_year = 1938))",
                      "Rows Removed by Filter": 505118
                    },
                    {
                      "Node Type": "Index Scan",
                      "Parent Relationship": "Inner",
                      "Parallel Aware": false,
                      "Scan Direction": "Forward",
                      "Index Name": "movie_id_cast_info",
                      "Relation Name": "cast_info",
                      "Alias": "ci",
                      "Startup Cost": 0.56,
                      "Total Cost": 146.07,
                      "Plan Rows": 10,
                      "Plan Width": 4,
                      "Actual Startup Time": 0.067,
                      "Actual Total Time": 0.082,
                      "Actual Rows": 4,
                      "Actual Loops": 2724,
                      "Index Cond": "(movie_id = t.id)",
                      "Rows Removed by Index Recheck": 0,
                      "Filter": "((person_id > 687811) AND (role_id > 3))",
                      "Rows Removed by Filter": 16
                    }
                  ]
                }
              ]
            }
          ]
        }
      ]
    },
    "Planning Time": 0.583,
    "Triggers": [],
    "Execution Time": 156.332
  }
]