[
  {
    "Plan": {
      "Node Type": "Aggregate",
      "Strategy": "Plain",
      "Partial Mode": "Finalize",
      "Parallel Aware": false,
      "Startup Cost": 83606.48,
      "Total Cost": 83606.49,
      "Plan Rows": 1,
      "Plan Width": 8,
      "Actual Startup Time": 400.916,
      "Actual Total Time": 417.088,
      "Actual Rows": 1,
      "Actual Loops": 1,
      "Plans": [
        {
          "Node Type": "Gather",
          "Parent Relationship": "Outer",
          "Parallel Aware": false,
          "Startup Cost": 83606.16,
          "Total Cost": 83606.47,
          "Plan Rows": 3,
          "Plan Width": 8,
          "Actual Startup Time": 396.441,
          "Actual Total Time": 417.077,
          "Actual Rows": 4,
          "Actual Loops": 1,
          "Workers Planned": 3,
          "Workers Launched": 3,
          "Single Copy": false,
          "Plans": [
            {
              "Node Type": "Aggregate",
              "Strategy": "Plain",
              "Partial Mode": "Partial",
              "Parent Relationship": "Outer",
              "Parallel Aware": false,
              "Startup Cost": 82606.16,
              "Total Cost": 82606.17,
              "Plan Rows": 1,
              "Plan Width": 8,
              "Actual Startup Time": 384.909,
              "Actual Total Time": 384.912,
              "Actual Rows": 1,
              "Actual Loops": 4,
              "Plans": [
                {
                  "Node Type": "Hash Join",
                  "Parent Relationship": "Outer",
                  "Parallel Aware": true,
                  "Join Type": "Inner",
                  "Startup Cost": 49719.09,
                  "Total Cost": 82108.26,
                  "Plan Rows": 199161,
                  "Plan Width": 0,
                  "Actual Startup Time": 276.941,
                  "Actual Total Time": 381.512,
                  "Actual Rows": 83978,
                  "Actual Loops": 4,
                  "Inner Unique": true,
                  "Hash Cond": "(mc.movie_id = t.id)",
                  "Plans": [
                    {
                      "Node Type": "Seq Scan",
                      "Parent Relationship": "Outer",
                      "Parallel Aware": true,
                      "Relation Name": "movie_companies",
                      "Alias": "mc",
                      "Startup Cost": 0.0,
                      "Total Cost": 31414.82,
                      "Plan Rows": 371184,
                      "Plan Width": 4,
                      "Actual Startup Time": 31.155,
                      "Actual Total Time": 66.889,
                      "Actual Rows": 244562,
                      "Actual Loops": 4,
                      "Filter": "((company_id < 87517) AND (company_type_id = 2))",
                      "Rows Removed by Filter": 407720
                    },
                    {
                      "Node Type": "Hash",
                      "Parent Relationship": "Inner",
                      "Parallel Aware": true,
                      "Startup Cost": 45479.59,
                      "Total Cost": 45479.59,
                      "Plan Rows": 339160,
                      "Plan Width": 4,
                      "Actual Startup Time": 237.828,
                      "Actual Total Time": 237.829,
                      "Actual Rows": 331945,
                      "Actual Loops": 4,
                      "Hash Buckets": 2097152,
                      "Original Hash Buckets": 2097152,
                      "Hash Batches": 1,
                      "Original Hash Batches": 1,
                      "Peak Memory Usage": 68384,
                      "Plans": [
                        {
                          "Node Type": "Seq Scan",
                          "Parent Relationship": "Outer",
                          "Parallel Aware": true,
                          "Relation Name": "title",
                          "Alias": "t",
                          "Startup Cost": 0.0,
                          "Total Cost": 45479.59,
                          "Plan Rows": 339160,
                          "Plan Width": 4,
                          "Actual Startup Time": 0.032,
                          "Actual Total Time": 110.01,
                          "Actual Rows": 331945,
                          "Actual Loops": 4,
                          "Filter": "((production_year < 2012) AND (kind_id = 7))",
                          "Rows Removed by Filter": 300133
                        }
                      ]
                    }
                  ]
                }
              ]
            }
          ]
        }
      ]
    },
    "Planning Time": 0.766,
    "Triggers": [],
    "Execution Time": 417.161
  }
]