{
  "Plan": {
    "Node Type": "Aggregate",
    "Strategy": "Plain",
    "Partial Mode": "Finalize",
    "Parallel Aware": false,
    "Startup Cost": 943457.33,
    "Total Cost": 943457.34,
    "Plan Rows": 1,
    "Plan Width": 8,
    "Actual Startup Time": 4624.205,
    "Actual Total Time": 4701.884,
    "Actual Rows": 1,
    "Actual Loops": 1,
    "Plans": [
      {
        "Node Type": "Gather",
        "Parent Relationship": "Outer",
        "Parallel Aware": false,
        "Startup Cost": 943457.22,
        "Total Cost": 943457.33,
        "Plan Rows": 1,
        "Plan Width": 8,
        "Actual Startup Time": 4623.859,
        "Actual Total Time": 4701.876,
        "Actual Rows": 2,
        "Actual Loops": 1,
        "Workers Planned": 1,
        "Workers Launched": 1,
        "Single Copy": false,
        "Plans": [
          {
            "Node Type": "Aggregate",
            "Strategy": "Plain",
            "Partial Mode": "Partial",
            "Parent Relationship": "Outer",
            "Parallel Aware": false,
            "Startup Cost": 942457.22,
            "Total Cost": 942457.23,
            "Plan Rows": 1,
            "Plan Width": 8,
            "Actual Startup Time": 4617.426,
            "Actual Total Time": 4617.431,
            "Actual Rows": 1,
            "Actual Loops": 2,
            "Plans": [
              {
                "Node Type": "Nested Loop",
                "Parent Relationship": "Outer",
                "Parallel Aware": false,
                "Join Type": "Inner",
                "Startup Cost": 38870.42,
                "Total Cost": 939894.09,
                "Plan Rows": 1025250,
                "Plan Width": 0,
                "Actual Startup Time": 76.192,
                "Actual Total Time": 4537.086,
                "Actual Rows": 1872641,
                "Actual Loops": 2,
                "Inner Unique": false,
                "Join Filter": "(t.id = mi.movie_id)",
                "Rows Removed by Join Filter": 0,
                "Plans": [
                  {
                    "Node Type": "Hash Join",
                    "Parent Relationship": "Outer",
                    "Parallel Aware": true,
                    "Join Type": "Inner",
                    "Startup Cost": 38869.99,
                    "Total Cost": 630647.13,
                    "Plan Rows": 175338,
                    "Plan Width": 8,
                    "Actual Startup Time": 76.113,
                    "Actual Total Time": 2792.528,
                    "Actual Rows": 166870,
                    "Actual Loops": 2,
                    "Inner Unique": true,
                    "Hash Cond": "(ci.movie_id = t.id)",
                    "Plans": [
                      {
                        "Node Type": "Seq Scan",
                        "Parent Relationship": "Outer",
                        "Parallel Aware": true,
                        "Relation Name": "cast_info",
                        "Alias": "ci",
                        "Startup Cost": 0.0,
                        "Total Cost": 572345.93,
                        "Plan Rows": 7402355,
                        "Plan Width": 4,
                        "Actual Startup Time": 0.015,
                        "Actual Total Time": 1702.399,
                        "Actual Rows": 8719116,
                        "Actual Loops": 2,
                        "Filter": "((person_id < 2353076) AND (role_id < 3))",
                        "Rows Removed by Filter": 9403056
                      },
                      {
                        "Node Type": "Hash",
                        "Parent Relationship": "Inner",
                        "Parallel Aware": true,
                        "Startup Cost": 38429.64,
                        "Total Cost": 38429.64,
                        "Plan Rows": 35228,
                        "Plan Width": 4,
                        "Actual Startup Time": 74.733,
                        "Actual Total Time": 74.735,
                        "Actual Rows": 32443,
                        "Actual Loops": 2,
                        "Hash Buckets": 65536,
                        "Original Hash Buckets": 65536,
                        "Hash Batches": 1,
                        "Original Hash Batches": 1,
                        "Peak Memory Usage": 3104,
                        "Plans": [
                          {
                            "Node Type": "Bitmap Heap Scan",
                            "Parent Relationship": "Outer",
                            "Parallel Aware": true,
                            "Relation Name": "title",
                            "Alias": "t",
                            "Startup Cost": 1631.51,
                            "Total Cost": 38429.64,
                            "Plan Rows": 35228,
                            "Plan Width": 4,
                            "Actual Startup Time": 22.239,
                            "Actual Total Time": 67.733,
                            "Actual Rows": 32443,
                            "Actual Loops": 2,
                            "Recheck Cond": "(kind_id = 2)",
                            "Rows Removed by Index Recheck": 0,
                            "Filter": "(production_year < 2008)",
                            "Rows Removed by Filter": 12983,
                            "Exact Heap Blocks": 20149,
                            "Lossy Heap Blocks": 0,
                            "Plans": [
                              {
                                "Node Type": "Bitmap Index Scan",
                                "Parent Relationship": "Outer",
                                "Parallel Aware": false,
                                "Index Name": "kind_id_title",
                                "Startup Cost": 0.0,
                                "Total Cost": 1616.54,
                                "Plan Rows": 90681,
                                "Plan Width": 0,
                                "Actual Startup Time": 19.397,
                                "Actual Total Time": 19.397,
                                "Actual Rows": 90852,
                                "Actual Loops": 1,
                                "Index Cond": "(kind_id = 2)"
                              }
                            ]
                          }
                        ]
                      }
                    ]
                  },
                  {
                    "Node Type": "Index Only Scan",
                    "Parent Relationship": "Inner",
                    "Parallel Aware": false,
                    "Scan Direction": "Forward",
                    "Index Name": "movie_id_movie_info",
                    "Relation Name": "movie_info",
                    "Alias": "mi",
                    "Startup Cost": 0.43,
                    "Total Cost": 1.24,
                    "Plan Rows": 42,
                    "Plan Width": 4,
                    "Actual Startup Time": 0.004,
                    "Actual Total Time": 0.009,
                    "Actual Rows": 11,
                    "Actual Loops": 333741,
                    "Index Cond": "(movie_id = ci.movie_id)",
                    "Rows Removed by Index Recheck": 0,
                    "Heap Fetches": 3745282
                  }
                ]
              }
            ]
          }
        ]
      }
    ]
  },
  "Planning Time": 0.991,
  "Triggers": [],
  "Execution Time": 4702.012
}