{
    "Plan": {
        "Node Type": "Aggregate",
        "Strategy": "Plain",
        "Partial Mode": "Finalize",
        "Parallel Aware": false,
        "Startup Cost": 246887.6,
        "Total Cost": 246887.61,
        "Plan Rows": 1,
        "Plan Width": 8,
        "Actual Startup Time": 478.165,
        "Actual Total Time": 516.73,
        "Actual Rows": 1,
        "Actual Loops": 1,
        "Output": [
            "count(*)"
        ],
        "Plans": [
            {
                "Node Type": "Gather",
                "Parent Relationship": "Outer",
                "Parallel Aware": false,
                "Startup Cost": 246887.08,
                "Total Cost": 246887.59,
                "Plan Rows": 5,
                "Plan Width": 8,
                "Actual Startup Time": 474.637,
                "Actual Total Time": 516.72,
                "Actual Rows": 6,
                "Actual Loops": 1,
                "Output": [
                    "(PARTIAL count(*))"
                ],
                "Workers Planned": 5,
                "Workers Launched": 5,
                "Single Copy": false,
                "Plans": [
                    {
                        "Node Type": "Aggregate",
                        "Strategy": "Plain",
                        "Partial Mode": "Partial",
                        "Parent Relationship": "Outer",
                        "Parallel Aware": false,
                        "Startup Cost": 245887.08,
                        "Total Cost": 245887.09,
                        "Plan Rows": 1,
                        "Plan Width": 8,
                        "Actual Startup Time": 464.601,
                        "Actual Total Time": 464.604,
                        "Actual Rows": 1,
                        "Actual Loops": 6,
                        "Output": [
                            "PARTIAL count(*)"
                        ],
                        "Workers": [
                            {
                                "Worker Number": 0,
                                "Actual Startup Time": 462.212,
                                "Actual Total Time": 462.214,
                                "Actual Rows": 1,
                                "Actual Loops": 1
                            },
                            {
                                "Worker Number": 1,
                                "Actual Startup Time": 462.513,
                                "Actual Total Time": 462.516,
                                "Actual Rows": 1,
                                "Actual Loops": 1
                            },
                            {
                                "Worker Number": 2,
                                "Actual Startup Time": 463.115,
                                "Actual Total Time": 463.117,
                                "Actual Rows": 1,
                                "Actual Loops": 1
                            },
                            {
                                "Worker Number": 3,
                                "Actual Startup Time": 462.998,
                                "Actual Total Time": 463.0,
                                "Actual Rows": 1,
                                "Actual Loops": 1
                            },
                            {
                                "Worker Number": 4,
                                "Actual Startup Time": 462.99,
                                "Actual Total Time": 462.991,
                                "Actual Rows": 1,
                                "Actual Loops": 1
                            }
                        ],
                        "Plans": [
                            {
                                "Node Type": "Hash Join",
                                "Parent Relationship": "Outer",
                                "Parallel Aware": true,
                                "Join Type": "Inner",
                                "Startup Cost": 45996.98,
                                "Total Cost": 245683.35,
                                "Plan Rows": 81494,
                                "Plan Width": 0,
                                "Actual Startup Time": 373.411,
                                "Actual Total Time": 456.785,
                                "Actual Rows": 184976,
                                "Actual Loops": 6,
                                "Inner Unique": true,
                                "Hash Cond": "(mi.movie_id = t.id)",
                                "Workers": [
                                    {
                                        "Worker Number": 0,
                                        "Actual Startup Time": 372.15,
                                        "Actual Total Time": 454.407,
                                        "Actual Rows": 186161,
                                        "Actual Loops": 1
                                    },
                                    {
                                        "Worker Number": 1,
                                        "Actual Startup Time": 371.995,
                                        "Actual Total Time": 455.93,
                                        "Actual Rows": 161791,
                                        "Actual Loops": 1
                                    },
                                    {
                                        "Worker Number": 2,
                                        "Actual Startup Time": 373.047,
                                        "Actual Total Time": 455.319,
                                        "Actual Rows": 186953,
                                        "Actual Loops": 1
                                    },
                                    {
                                        "Worker Number": 3,
                                        "Actual Startup Time": 366.663,
                                        "Actual Total Time": 455.255,
                                        "Actual Rows": 185686,
                                        "Actual Loops": 1
                                    },
                                    {
                                        "Worker Number": 4,
                                        "Actual Startup Time": 372.919,
                                        "Actual Total Time": 455.268,
                                        "Actual Rows": 186040,
                                        "Actual Loops": 1
                                    }
                                ],
                                "Plans": [
                                    {
                                        "Node Type": "Seq Scan",
                                        "Parent Relationship": "Outer",
                                        "Parallel Aware": true,
                                        "Relation Name": "movie_info",
                                        "Schema": "public",
                                        "Alias": "mi",
                                        "Startup Cost": 0.0,
                                        "Total Cost": 198880.74,
                                        "Plan Rows": 306906,
                                        "Plan Width": 4,
                                        "Actual Startup Time": 245.562,
                                        "Actual Total Time": 279.05,
                                        "Actual Rows": 255652,
                                        "Actual Loops": 6,
                                        "Output": [
                                            "mi.id",
                                            "mi.movie_id",
                                            "mi.info_type_id",
                                            "mi.info",
                                            "mi.note"
                                        ],
                                        "Filter": "(mi.info_type_id = 3)",
                                        "Rows Removed by Filter": 2216968,
                                        "Workers": [
                                            {
                                                "Worker Number": 0,
                                                "Actual Startup Time": 245.563,
                                                "Actual Total Time": 279.942,
                                                "Actual Rows": 257108,
                                                "Actual Loops": 1
                                            },
                                            {
                                                "Worker Number": 1,
                                                "Actual Startup Time": 245.551,
                                                "Actual Total Time": 277.967,
                                                "Actual Rows": 222499,
                                                "Actual Loops": 1
                                            },
                                            {
                                                "Worker Number": 2,
                                                "Actual Startup Time": 245.575,
                                                "Actual Total Time": 280.035,
                                                "Actual Rows": 258157,
                                                "Actual Loops": 1
                                            },
                                            {
                                                "Worker Number": 3,
                                                "Actual Startup Time": 245.574,
                                                "Actual Total Time": 280.035,
                                                "Actual Rows": 257351,
                                                "Actual Loops": 1
                                            },
                                            {
                                                "Worker Number": 4,
                                                "Actual Startup Time": 245.562,
                                                "Actual Total Time": 279.892,
                                                "Actual Rows": 257246,
                                                "Actual Loops": 1
                                            }
                                        ]
                                    },
                                    {
                                        "Node Type": "Hash",
                                        "Parent Relationship": "Inner",
                                        "Parallel Aware": true,
                                        "Startup Cost": 43899.01,
                                        "Total Cost": 43899.01,
                                        "Plan Rows": 167838,
                                        "Plan Width": 4,
                                        "Actual Startup Time": 116.867,
                                        "Actual Total Time": 116.868,
                                        "Actual Rows": 110471,
                                        "Actual Loops": 6,
                                        "Output": [
                                            "t.id"
                                        ],
                                        "Hash Buckets": 1048576,
                                        "Original Hash Buckets": 1048576,
                                        "Hash Batches": 1,
                                        "Original Hash Batches": 1,
                                        "Peak Memory Usage": 34208,
                                        "Workers": [
                                            {
                                                "Worker Number": 0,
                                                "Actual Startup Time": 117.673,
                                                "Actual Total Time": 117.674,
                                                "Actual Rows": 111216,
                                                "Actual Loops": 1
                                            },
                                            {
                                                "Worker Number": 1,
                                                "Actual Startup Time": 117.455,
                                                "Actual Total Time": 117.456,
                                                "Actual Rows": 90348,
                                                "Actual Loops": 1
                                            },
                                            {
                                                "Worker Number": 2,
                                                "Actual Startup Time": 118.508,
                                                "Actual Total Time": 118.508,
                                                "Actual Rows": 110203,
                                                "Actual Loops": 1
                                            },
                                            {
                                                "Worker Number": 3,
                                                "Actual Startup Time": 118.402,
                                                "Actual Total Time": 118.403,
                                                "Actual Rows": 111062,
                                                "Actual Loops": 1
                                            },
                                            {
                                                "Worker Number": 4,
                                                "Actual Startup Time": 118.423,
                                                "Actual Total Time": 118.424,
                                                "Actual Rows": 110564,
                                                "Actual Loops": 1
                                            }
                                        ],
                                        "Plans": [
                                            {
                                                "Node Type": "Seq Scan",
                                                "Parent Relationship": "Outer",
                                                "Parallel Aware": true,
                                                "Relation Name": "title",
                                                "Schema": "public",
                                                "Alias": "t",
                                                "Startup Cost": 0.0,
                                                "Total Cost": 43899.01,
                                                "Plan Rows": 167838,
                                                "Plan Width": 4,
                                                "Actual Startup Time": 41.512,
                                                "Actual Total Time": 78.164,
                                                "Actual Rows": 110471,
                                                "Actual Loops": 6,
                                                "Output": [
                                                    "t.id"
                                                ],
                                                "Filter": "(t.kind_id = 1)",
                                                "Rows Removed by Filter": 310914,
                                                "Workers": [
                                                    {
                                                        "Worker Number": 0,
                                                        "Actual Startup Time": 48.621,
                                                        "Actual Total Time": 79.006,
                                                        "Actual Rows": 111216,
                                                        "Actual Loops": 1
                                                    },
                                                    {
                                                        "Worker Number": 1,
                                                        "Actual Startup Time": 48.433,
                                                        "Actual Total Time": 76.916,
                                                        "Actual Rows": 90348,
                                                        "Actual Loops": 1
                                                    },
                                                    {
                                                        "Worker Number": 2,
                                                        "Actual Startup Time": 48.529,
                                                        "Actual Total Time": 79.366,
                                                        "Actual Rows": 110203,
                                                        "Actual Loops": 1
                                                    },
                                                    {
                                                        "Worker Number": 3,
                                                        "Actual Startup Time": 48.483,
                                                        "Actual Total Time": 79.038,
                                                        "Actual Rows": 111062,
                                                        "Actual Loops": 1
                                                    },
                                                    {
                                                        "Worker Number": 4,
                                                        "Actual Startup Time": 48.559,
                                                        "Actual Total Time": 78.796,
                                                        "Actual Rows": 110564,
                                                        "Actual Loops": 1
                                                    }
                                                ]
                                            }
                                        ]
                                    }
                                ]
                            }
                        ]
                    }
                ]
            }
        ]
    },
    "Planning Time": 0.759,
    "Triggers": [],
    "Execution Time": 516.811
}