{
  "Plan": {
    "Node Type": "Aggregate",
    "Strategy": "Plain",
    "Partial Mode": "Finalize",
    "Parallel Aware": false,
    "Startup Cost": 701484.29,
    "Total Cost": 701484.3,
    "Plan Rows": 1,
    "Plan Width": 8,
    "Actual Startup Time": 5947.771,
    "Actual Total Time": 6016.997,
    "Actual Rows": 1,
    "Actual Loops": 1,
    "Plans": [
      {
        "Node Type": "Gather",
        "Parent Relationship": "Outer",
        "Parallel Aware": false,
        "Startup Cost": 701484.18,
        "Total Cost": 701484.29,
        "Plan Rows": 1,
        "Plan Width": 8,
        "Actual Startup Time": 5943.82,
        "Actual Total Time": 6016.989,
        "Actual Rows": 2,
        "Actual Loops": 1,
        "Workers Planned": 1,
        "Workers Launched": 1,
        "Single Copy": false,
        "Plans": [
          {
            "Node Type": "Aggregate",
            "Strategy": "Plain",
            "Partial Mode": "Partial",
            "Parent Relationship": "Outer",
            "Parallel Aware": false,
            "Startup Cost": 700484.18,
            "Total Cost": 700484.19,
            "Plan Rows": 1,
            "Plan Width": 8,
            "Actual Startup Time": 5939.527,
            "Actual Total Time": 5939.533,
            "Actual Rows": 1,
            "Actual Loops": 2,
            "Plans": [
              {
                "Node Type": "Hash Join",
                "Parent Relationship": "Outer",
                "Parallel Aware": true,
                "Join Type": "Inner",
                "Startup Cost": 85338.07,
                "Total Cost": 692659.52,
                "Plan Rows": 3129863,
                "Plan Width": 0,
                "Actual Startup Time": 501.817,
                "Actual Total Time": 5594.086,
                "Actual Rows": 8519650,
                "Actual Loops": 2,
                "Inner Unique": false,
                "Hash Cond": "(ci.movie_id = t.id)",
                "Plans": [
                  {
                    "Node Type": "Seq Scan",
                    "Parent Relationship": "Outer",
                    "Parallel Aware": true,
                    "Relation Name": "cast_info",
                    "Alias": "ci",
                    "Startup Cost": 0.0,
                    "Total Cost": 519069.44,
                    "Plan Rows": 18624272,
                    "Plan Width": 4,
                    "Actual Startup Time": 0.021,
                    "Actual Total Time": 1617.556,
                    "Actual Rows": 15936565,
                    "Actual Loops": 2,
                    "Filter": "(person_id < 3262045)",
                    "Rows Removed by Filter": 2185607
                  },
                  {
                    "Node Type": "Hash",
                    "Parent Relationship": "Inner",
                    "Parallel Aware": true,
                    "Startup Cost": 82213.89,
                    "Total Cost": 82213.89,
                    "Plan Rows": 249934,
                    "Plan Width": 8,
                    "Actual Startup Time": 497.47,
                    "Actual Total Time": 497.474,
                    "Actual Rows": 361824,
                    "Actual Loops": 2,
                    "Hash Buckets": 1048576,
                    "Original Hash Buckets": 524288,
                    "Hash Batches": 1,
                    "Original Hash Batches": 1,
                    "Peak Memory Usage": 40640,
                    "Plans": [
                      {
                        "Node Type": "Hash Join",
                        "Parent Relationship": "Outer",
                        "Parallel Aware": true,
                        "Join Type": "Inner",
                        "Startup Cost": 64030.11,
                        "Total Cost": 82213.89,
                        "Plan Rows": 249934,
                        "Plan Width": 8,
                        "Actual Startup Time": 243.98,
                        "Actual Total Time": 419.72,
                        "Actual Rows": 361824,
                        "Actual Loops": 2,
                        "Inner Unique": true,
                        "Hash Cond": "(mi_idx.movie_id = t.id)",
                        "Plans": [
                          {
                            "Node Type": "Seq Scan",
                            "Parent Relationship": "Outer",
                            "Parallel Aware": true,
                            "Relation Name": "movie_info_idx",
                            "Alias": "mi_idx",
                            "Startup Cost": 0.0,
                            "Total Cost": 16052.85,
                            "Plan Rows": 811785,
                            "Plan Width": 4,
                            "Actual Startup Time": 0.018,
                            "Actual Total Time": 49.2,
                            "Actual Rows": 690018,
                            "Actual Loops": 2
                          },
                          {
                            "Node Type": "Hash",
                            "Parent Relationship": "Inner",
                            "Parallel Aware": true,
                            "Startup Cost": 58306.47,
                            "Total Cost": 58306.47,
                            "Plan Rows": 457891,
                            "Plan Width": 4,
                            "Actual Startup Time": 237.868,
                            "Actual Total Time": 237.869,
                            "Actual Rows": 341731,
                            "Actual Loops": 2,
                            "Hash Buckets": 1048576,
                            "Original Hash Buckets": 1048576,
                            "Hash Batches": 1,
                            "Original Hash Batches": 1,
                            "Peak Memory Usage": 34976,
                            "Plans": [
                              {
                                "Node Type": "Seq Scan",
                                "Parent Relationship": "Outer",
                                "Parallel Aware": true,
                                "Relation Name": "title",
                                "Alias": "t",
                                "Startup Cost": 0.0,
                                "Total Cost": 58306.47,
                                "Plan Rows": 457891,
                                "Plan Width": 4,
                                "Actual Startup Time": 0.03,
                                "Actual Total Time": 149.987,
                                "Actual Rows": 341731,
                                "Actual Loops": 2,
                                "Filter": "((kind_id < 7) AND (production_year > 1977))",
                                "Rows Removed by Filter": 922425
                              }
                            ]
                          }
                        ]
                      }
                    ]
                  }
                ]
              }
            ]
          }
        ]
      }
    ]
  },
  "Planning Time": 0.713,
  "Triggers": [],
  "Execution Time": 6017.082
}