[
  {
    "Plan": {
      "Node Type": "Aggregate",
      "Strategy": "Plain",
      "Partial Mode": "Finalize",
      "Parallel Aware": false,
      "Startup Cost": 131584.59,
      "Total Cost": 131584.6,
      "Plan Rows": 1,
      "Plan Width": 8,
      "Actual Startup Time": 869.523,
      "Actual Total Time": 899.966,
      "Actual Rows": 1,
      "Actual Loops": 1,
      "Plans": [
        {
          "Node Type": "Gather",
          "Parent Relationship": "Outer",
          "Parallel Aware": false,
          "Startup Cost": 131584.27,
          "Total Cost": 131584.58,
          "Plan Rows": 3,
          "Plan Width": 8,
          "Actual Startup Time": 854.379,
          "Actual Total Time": 899.949,
          "Actual Rows": 4,
          "Actual Loops": 1,
          "Workers Planned": 3,
          "Workers Launched": 3,
          "Single Copy": false,
          "Plans": [
            {
              "Node Type": "Aggregate",
              "Strategy": "Plain",
              "Partial Mode": "Partial",
              "Parent Relationship": "Outer",
              "Parallel Aware": false,
              "Startup Cost": 130584.27,
              "Total Cost": 130584.28,
              "Plan Rows": 1,
              "Plan Width": 8,
              "Actual Startup Time": 846.376,
              "Actual Total Time": 846.98,
              "Actual Rows": 1,
              "Actual Loops": 4,
              "Plans": [
                {
                  "Node Type": "Hash Join",
                  "Parent Relationship": "Outer",
                  "Parallel Aware": true,
                  "Join Type": "Inner",
                  "Startup Cost": 84833.55,
                  "Total Cost": 130205.98,
                  "Plan Rows": 151317,
                  "Plan Width": 0,
                  "Actual Startup Time": 626.689,
                  "Actual Total Time": 834.731,
                  "Actual Rows": 216476,
                  "Actual Loops": 4,
                  "Inner Unique": false,
                  "Hash Cond": "(mk.movie_id = t.id)",
                  "Plans": [
                    {
                      "Node Type": "Seq Scan",
                      "Parent Relationship": "Outer",
                      "Parallel Aware": true,
                      "Relation Name": "movie_keyword",
                      "Alias": "mk",
                      "Startup Cost": 0.0,
                      "Total Cost": 42695.65,
                      "Plan Rows": 583642,
                      "Plan Width": 4,
                      "Actual Startup Time": 0.057,
                      "Actual Total Time": 125.608,
                      "Actual Rows": 452730,
                      "Actual Loops": 4,
                      "Filter": "(keyword_id < 2941)",
                      "Rows Removed by Filter": 678252
                    },
                    {
                      "Node Type": "Hash",
                      "Parent Relationship": "Inner",
                      "Parallel Aware": true,
                      "Startup Cost": 82190.29,
                      "Total Cost": 82190.29,
                      "Plan Rows": 211461,
                      "Plan Width": 8,
                      "Actual Startup Time": 621.565,
                      "Actual Total Time": 622.167,
                      "Actual Rows": 105969,
                      "Actual Loops": 4,
                      "Hash Buckets": 1048576,
                      "Original Hash Buckets": 1048576,
                      "Hash Batches": 1,
                      "Original Hash Batches": 1,
                      "Peak Memory Usage": 24832,
                      "Plans": [
                        {
                          "Node Type": "Hash Join",
                          "Parent Relationship": "Outer",
                          "Parallel Aware": true,
                          "Join Type": "Inner",
                          "Startup Cost": 50220.38,
                          "Total Cost": 82190.29,
                          "Plan Rows": 211461,
                          "Plan Width": 8,
                          "Actual Startup Time": 462.699,
                          "Actual Total Time": 572.214,
                          "Actual Rows": 105969,
                          "Actual Loops": 4,
                          "Inner Unique": true,
                          "Hash Cond": "(mc.movie_id = t.id)",
                          "Plans": [
                            {
                              "Node Type": "Seq Scan",
                              "Parent Relationship": "Outer",
                              "Parallel Aware": true,
                              "Relation Name": "movie_companies",
                              "Alias": "mc",
                              "Startup Cost": 0.0,
                              "Total Cost": 31414.82,
                              "Plan Rows": 211461,
                              "Plan Width": 4,
                              "Actual Startup Time": 39.458,
                              "Actual Total Time": 81.786,
                              "Actual Rows": 105969,
                              "Actual Loops": 4,
                              "Filter": "((company_id < 11272) AND (company_type_id = 2))",
                              "Rows Removed by Filter": 546313
                            },
                            {
                              "Node Type": "Hash",
                              "Parent Relationship": "Inner",
                              "Parallel Aware": true,
                              "Startup Cost": 42319.06,
                              "Total Cost": 42319.06,
                              "Plan Rows": 632106,
                              "Plan Width": 4,
                              "Actual Startup Time": 415.239,
                              "Actual Total Time": 415.241,
                              "Actual Rows": 632078,
                              "Actual Loops": 4,
                              "Hash Buckets": 4194304,
                              "Original Hash Buckets": 4194304,
                              "Hash Batches": 1,
                              "Original Hash Batches": 1,
                              "Peak Memory Usage": 131744,
                              "Plans": [
                                {
                                  "Node Type": "Seq Scan",
                                  "Parent Relationship": "Outer",
                                  "Parallel Aware": true,
                                  "Relation Name": "title",
                                  "Alias": "t",
                                  "Startup Cost": 0.0,
                                  "Total Cost": 42319.06,
                                  "Plan Rows": 632106,
                                  "Plan Width": 4,
                                  "Actual Startup Time": 0.055,
                                  "Actual Total Time": 121.155,
                                  "Actual Rows": 632078,
                                  "Actual Loops": 4
                                }
                              ]
                            }
                          ]
                        }
                      ]
                    }
                  ]
                }
              ]
            }
          ]
        }
      ]
    },
    "Planning Time": 1.445,
    "Triggers": [],
    "Execution Time": 900.06
  }
]