[
  {
    "Plan": {
      "Node Type": "Aggregate",
      "Strategy": "Plain",
      "Partial Mode": "Finalize",
      "Parallel Aware": false,
      "Startup Cost": 168264.68,
      "Total Cost": 168264.69,
      "Plan Rows": 1,
      "Plan Width": 8,
      "Actual Startup Time": 564.148,
      "Actual Total Time": 615.259,
      "Actual Rows": 1,
      "Actual Loops": 1,
      "Plans": [
        {
          "Node Type": "Gather",
          "Parent Relationship": "Outer",
          "Parallel Aware": false,
          "Startup Cost": 168264.26,
          "Total Cost": 168264.67,
          "Plan Rows": 4,
          "Plan Width": 8,
          "Actual Startup Time": 562.855,
          "Actual Total Time": 615.249,
          "Actual Rows": 5,
          "Actual Loops": 1,
          "Workers Planned": 4,
          "Workers Launched": 4,
          "Single Copy": false,
          "Plans": [
            {
              "Node Type": "Aggregate",
              "Strategy": "Plain",
              "Partial Mode": "Partial",
              "Parent Relationship": "Outer",
              "Parallel Aware": false,
              "Startup Cost": 167264.26,
              "Total Cost": 167264.27,
              "Plan Rows": 1,
              "Plan Width": 8,
              "Actual Startup Time": 552.001,
              "Actual Total Time": 552.006,
              "Actual Rows": 1,
              "Actual Loops": 5,
              "Plans": [
                {
                  "Node Type": "Nested Loop",
                  "Parent Relationship": "Outer",
                  "Parallel Aware": false,
                  "Join Type": "Inner",
                  "Startup Cost": 31594.04,
                  "Total Cost": 166629.47,
                  "Plan Rows": 253917,
                  "Plan Width": 0,
                  "Actual Startup Time": 102.331,
                  "Actual Total Time": 540.163,
                  "Actual Rows": 202910,
                  "Actual Loops": 5,
                  "Inner Unique": false,
                  "Plans": [
                    {
                      "Node Type": "Hash Join",
                      "Parent Relationship": "Outer",
                      "Parallel Aware": true,
                      "Join Type": "Inner",
                      "Startup Cost": 31593.61,
                      "Total Cost": 78033.63,
                      "Plan Rows": 43425,
                      "Plan Width": 8,
                      "Actual Startup Time": 102.237,
                      "Actual Total Time": 251.899,
                      "Actual Rows": 17830,
                      "Actual Loops": 5,
                      "Inner Unique": false,
                      "Hash Cond": "(t.id = mc.movie_id)",
                      "Plans": [
                        {
                          "Node Type": "Seq Scan",
                          "Parent Relationship": "Outer",
                          "Parallel Aware": true,
                          "Relation Name": "title",
                          "Alias": "t",
                          "Startup Cost": 0.0,
                          "Total Cost": 43898.92,
                          "Plan Rows": 480205,
                          "Plan Width": 4,
                          "Actual Startup Time": 0.018,
                          "Actual Total Time": 83.092,
                          "Actual Rows": 384570,
                          "Actual Loops": 5,
                          "Filter": "(production_year < 2010)",
                          "Rows Removed by Filter": 121093
                        },
                        {
                          "Node Type": "Hash",
                          "Parent Relationship": "Inner",
                          "Parallel Aware": true,
                          "Startup Cost": 30671.71,
                          "Total Cost": 30671.71,
                          "Plan Rows": 73752,
                          "Plan Width": 4,
                          "Actual Startup Time": 100.164,
                          "Actual Total Time": 100.166,
                          "Actual Rows": 21697,
                          "Actual Loops": 5,
                          "Hash Buckets": 262144,
                          "Original Hash Buckets": 262144,
                          "Hash Batches": 1,
                          "Original Hash Batches": 1,
                          "Peak Memory Usage": 6368,
                          "Plans": [
                            {
                              "Node Type": "Bitmap Heap Scan",
                              "Parent Relationship": "Outer",
                              "Parallel Aware": true,
                              "Relation Name": "movie_companies",
                              "Alias": "mc",
                              "Startup Cost": 9702.84,
                              "Total Cost": 30671.71,
                              "Plan Rows": 73752,
                              "Plan Width": 4,
                              "Actual Startup Time": 76.549,
                              "Actual Total Time": 91.237,
                              "Actual Rows": 21697,
                              "Actual Loops": 5,
                              "Recheck Cond": "(company_id < 352)",
                              "Rows Removed by Index Recheck": 0,
                              "Filter": "(company_type_id = 2)",
                              "Rows Removed by Filter": 67622,
                              "Exact Heap Blocks": 6755,
                              "Lossy Heap Blocks": 0,
                              "Plans": [
                                {
                                  "Node Type": "Bitmap Index Scan",
                                  "Parent Relationship": "Outer",
                                  "Parallel Aware": false,
                                  "Index Name": "company_id_movie_companies",
                                  "Startup Cost": 0.0,
                                  "Total Cost": 9645.68,
                                  "Plan Rows": 450300,
                                  "Plan Width": 0,
                                  "Actual Startup Time": 34.528,
                                  "Actual Total Time": 34.528,
                                  "Actual Rows": 446597,
                                  "Actual Loops": 1,
                                  "Index Cond": "(company_id < 352)"
                                }
                              ]
                            }
                          ]
                        }
                      ]
                    },
                    {
                      "Node Type": "Index Only Scan",
                      "Parent Relationship": "Inner",
                      "Parallel Aware": false,
                      "Scan Direction": "Forward",
                      "Index Name": "movie_id_movie_info",
                      "Relation Name": "movie_info",
                      "Alias": "mi",
                      "Startup Cost": 0.43,
                      "Total Cost": 1.62,
                      "Plan Rows": 42,
                      "Plan Width": 4,
                      "Actual Startup Time": 0.006,
                      "Actual Total Time": 0.015,
                      "Actual Rows": 11,
                      "Actual Loops": 89148,
                      "Index Cond": "(movie_id = t.id)",
                      "Rows Removed by Index Recheck": 0,
                      "Heap Fetches": 1014551
                    }
                  ]
                }
              ]
            }
          ]
        }
      ]
    },
    "Planning Time": 1.617,
    "Triggers": [],
    "Execution Time": 615.397
  }
]