[
  {
    "Plan": {
      "Node Type": "Aggregate",
      "Strategy": "Plain",
      "Partial Mode": "Finalize",
      "Parallel Aware": false,
      "Startup Cost": 90392.25,
      "Total Cost": 90392.26,
      "Plan Rows": 1,
      "Plan Width": 8,
      "Actual Startup Time": 490.957,
      "Actual Total Time": 514.386,
      "Actual Rows": 1,
      "Actual Loops": 1,
      "Plans": [
        {
          "Node Type": "Gather",
          "Parent Relationship": "Outer",
          "Parallel Aware": false,
          "Startup Cost": 90391.94,
          "Total Cost": 90392.25,
          "Plan Rows": 3,
          "Plan Width": 8,
          "Actual Startup Time": 488.913,
          "Actual Total Time": 514.378,
          "Actual Rows": 4,
          "Actual Loops": 1,
          "Workers Planned": 3,
          "Workers Launched": 3,
          "Single Copy": false,
          "Plans": [
            {
              "Node Type": "Aggregate",
              "Strategy": "Plain",
              "Partial Mode": "Partial",
              "Parent Relationship": "Outer",
              "Parallel Aware": false,
              "Startup Cost": 89391.94,
              "Total Cost": 89391.95,
              "Plan Rows": 1,
              "Plan Width": 8,
              "Actual Startup Time": 480.155,
              "Actual Total Time": 480.218,
              "Actual Rows": 1,
              "Actual Loops": 4,
              "Plans": [
                {
                  "Node Type": "Hash Join",
                  "Parent Relationship": "Outer",
                  "Parallel Aware": true,
                  "Join Type": "Inner",
                  "Startup Cost": 46187.15,
                  "Total Cost": 89065.23,
                  "Plan Rows": 130683,
                  "Plan Width": 0,
                  "Actual Startup Time": 216.031,
                  "Actual Total Time": 456.44,
                  "Actual Rows": 404613,
                  "Actual Loops": 4,
                  "Inner Unique": true,
                  "Hash Cond": "(mk.movie_id = t.id)",
                  "Plans": [
                    {
                      "Node Type": "Seq Scan",
                      "Parent Relationship": "Outer",
                      "Parallel Aware": true,
                      "Relation Name": "movie_keyword",
                      "Alias": "mk",
                      "Startup Cost": 0.0,
                      "Total Cost": 39047.32,
                      "Plan Rows": 1459332,
                      "Plan Width": 4,
                      "Actual Startup Time": 0.017,
                      "Actual Total Time": 122.301,
                      "Actual Rows": 1130982,
                      "Actual Loops": 4
                    },
                    {
                      "Node Type": "Hash",
                      "Parent Relationship": "Inner",
                      "Parallel Aware": true,
                      "Startup Cost": 45479.59,
                      "Total Cost": 45479.59,
                      "Plan Rows": 56605,
                      "Plan Width": 4,
                      "Actual Startup Time": 161.657,
                      "Actual Total Time": 161.658,
                      "Actual Rows": 88269,
                      "Actual Loops": 4,
                      "Hash Buckets": 524288,
                      "Original Hash Buckets": 262144,
                      "Hash Batches": 1,
                      "Original Hash Batches": 1,
                      "Peak Memory Usage": 20032,
                      "Plans": [
                        {
                          "Node Type": "Seq Scan",
                          "Parent Relationship": "Outer",
                          "Parallel Aware": true,
                          "Relation Name": "title",
                          "Alias": "t",
                          "Startup Cost": 0.0,
                          "Total Cost": 45479.59,
                          "Plan Rows": 56605,
                          "Plan Width": 4,
                          "Actual Startup Time": 69.658,
                          "Actual Total Time": 121.964,
                          "Actual Rows": 88269,
                          "Actual Loops": 4,
                          "Filter": "((production_year < 1997) AND (kind_id = 1))",
                          "Rows Removed by Filter": 543809
                        }
                      ]
                    }
                  ]
                }
              ]
            }
          ]
        }
      ]
    },
    "Planning Time": 0.614,
    "Triggers": [],
    "Execution Time": 514.459
  }
]