[
    {
        "Bao": {
            "Bao prediction": "NaN",
            "Bao recommended hint": "(no hint)"
        }
    },
    {
        "Plan": {
            "Node Type": "Aggregate",
            "Strategy": "Plain",
            "Partial Mode": "Finalize",
            "Parallel Aware": false,
            "Startup Cost": 666395.76,
            "Total Cost": 666395.77,
            "Plan Rows": 1,
            "Plan Width": 8,
            "Actual Startup Time": 9575.031,
            "Actual Total Time": 9637.336,
            "Actual Rows": 1,
            "Actual Loops": 1,
            "Output": [
                "count(*)"
            ],
            "Plans": [
                {
                    "Node Type": "Gather",
                    "Parent Relationship": "Outer",
                    "Parallel Aware": false,
                    "Startup Cost": 666395.14,
                    "Total Cost": 666395.75,
                    "Plan Rows": 6,
                    "Plan Width": 8,
                    "Actual Startup Time": 9511.03,
                    "Actual Total Time": 9637.321,
                    "Actual Rows": 7,
                    "Actual Loops": 1,
                    "Output": [
                        "(PARTIAL count(*))"
                    ],
                    "Workers Planned": 6,
                    "Workers Launched": 6,
                    "Single Copy": false,
                    "Plans": [
                        {
                            "Node Type": "Aggregate",
                            "Strategy": "Plain",
                            "Partial Mode": "Partial",
                            "Parent Relationship": "Outer",
                            "Parallel Aware": false,
                            "Startup Cost": 665395.14,
                            "Total Cost": 665395.15,
                            "Plan Rows": 1,
                            "Plan Width": 8,
                            "Actual Startup Time": 9476.016,
                            "Actual Total Time": 9477.538,
                            "Actual Rows": 1,
                            "Actual Loops": 7,
                            "Output": [
                                "PARTIAL count(*)"
                            ],
                            "Workers": [
                                {
                                    "Worker Number": 0,
                                    "Actual Startup Time": 9469.128,
                                    "Actual Total Time": 9469.133,
                                    "Actual Rows": 1,
                                    "Actual Loops": 1
                                },
                                {
                                    "Worker Number": 1,
                                    "Actual Startup Time": 9469.277,
                                    "Actual Total Time": 9469.281,
                                    "Actual Rows": 1,
                                    "Actual Loops": 1
                                },
                                {
                                    "Worker Number": 2,
                                    "Actual Startup Time": 9469.331,
                                    "Actual Total Time": 9469.336,
                                    "Actual Rows": 1,
                                    "Actual Loops": 1
                                },
                                {
                                    "Worker Number": 3,
                                    "Actual Startup Time": 9469.787,
                                    "Actual Total Time": 9469.791,
                                    "Actual Rows": 1,
                                    "Actual Loops": 1
                                },
                                {
                                    "Worker Number": 4,
                                    "Actual Startup Time": 9469.783,
                                    "Actual Total Time": 9469.788,
                                    "Actual Rows": 1,
                                    "Actual Loops": 1
                                },
                                {
                                    "Worker Number": 5,
                                    "Actual Startup Time": 9474.729,
                                    "Actual Total Time": 9474.733,
                                    "Actual Rows": 1,
                                    "Actual Loops": 1
                                }
                            ],
                            "Plans": [
                                {
                                    "Node Type": "Hash Join",
                                    "Parent Relationship": "Outer",
                                    "Parallel Aware": true,
                                    "Join Type": "Inner",
                                    "Startup Cost": 267308.17,
                                    "Total Cost": 630772.53,
                                    "Plan Rows": 13849043,
                                    "Plan Width": 0,
                                    "Actual Startup Time": 1443.659,
                                    "Actual Total Time": 7931.739,
                                    "Actual Rows": 36811509,
                                    "Actual Loops": 7,
                                    "Inner Unique": false,
                                    "Hash Cond": "(ci.movie_id = t.id)",
                                    "Workers": [
                                        {
                                            "Worker Number": 0,
                                            "Actual Startup Time": 1437.532,
                                            "Actual Total Time": 7925.308,
                                            "Actual Rows": 36733677,
                                            "Actual Loops": 1
                                        },
                                        {
                                            "Worker Number": 1,
                                            "Actual Startup Time": 1437.688,
                                            "Actual Total Time": 7911.728,
                                            "Actual Rows": 37465288,
                                            "Actual Loops": 1
                                        },
                                        {
                                            "Worker Number": 2,
                                            "Actual Startup Time": 1437.773,
                                            "Actual Total Time": 7901.444,
                                            "Actual Rows": 35712617,
                                            "Actual Loops": 1
                                        },
                                        {
                                            "Worker Number": 3,
                                            "Actual Startup Time": 1438.025,
                                            "Actual Total Time": 7917.647,
                                            "Actual Rows": 35890254,
                                            "Actual Loops": 1
                                        },
                                        {
                                            "Worker Number": 4,
                                            "Actual Startup Time": 1438.119,
                                            "Actual Total Time": 7981.541,
                                            "Actual Rows": 38644183,
                                            "Actual Loops": 1
                                        },
                                        {
                                            "Worker Number": 5,
                                            "Actual Startup Time": 1438.196,
                                            "Actual Total Time": 7980.322,
                                            "Actual Rows": 38809153,
                                            "Actual Loops": 1
                                        }
                                    ],
                                    "Plans": [
                                        {
                                            "Node Type": "Seq Scan",
                                            "Parent Relationship": "Outer",
                                            "Parallel Aware": true,
                                            "Relation Name": "cast_info",
                                            "Schema": "public",
                                            "Alias": "ci",
                                            "Startup Cost": 0.0,
                                            "Total Cost": 313108.29,
                                            "Plan Rows": 6042129,
                                            "Plan Width": 4,
                                            "Actual Startup Time": 0.028,
                                            "Actual Total Time": 488.47,
                                            "Actual Rows": 5177763,
                                            "Actual Loops": 7,
                                            "Output": [
                                                "ci.id",
                                                "ci.person_id",
                                                "ci.movie_id",
                                                "ci.person_role_id",
                                                "ci.note",
                                                "ci.nr_order",
                                                "ci.role_id"
                                            ],
                                            "Workers": [
                                                {
                                                    "Worker Number": 0,
                                                    "Actual Startup Time": 0.033,
                                                    "Actual Total Time": 497.846,
                                                    "Actual Rows": 5207480,
                                                    "Actual Loops": 1
                                                },
                                                {
                                                    "Worker Number": 1,
                                                    "Actual Startup Time": 0.031,
                                                    "Actual Total Time": 496.848,
                                                    "Actual Rows": 5275236,
                                                    "Actual Loops": 1
                                                },
                                                {
                                                    "Worker Number": 2,
                                                    "Actual Startup Time": 0.031,
                                                    "Actual Total Time": 499.541,
                                                    "Actual Rows": 4987215,
                                                    "Actual Loops": 1
                                                },
                                                {
                                                    "Worker Number": 3,
                                                    "Actual Startup Time": 0.03,
                                                    "Actual Total Time": 517.81,
                                                    "Actual Rows": 5040051,
                                                    "Actual Loops": 1
                                                },
                                                {
                                                    "Worker Number": 4,
                                                    "Actual Startup Time": 0.023,
                                                    "Actual Total Time": 502.432,
                                                    "Actual Rows": 5446677,
                                                    "Actual Loops": 1
                                                },
                                                {
                                                    "Worker Number": 5,
                                                    "Actual Startup Time": 0.032,
                                                    "Actual Total Time": 505.06,
                                                    "Actual Rows": 5509237,
                                                    "Actual Loops": 1
                                                }
                                            ]
                                        },
                                        {
                                            "Node Type": "Hash",
                                            "Parent Relationship": "Inner",
                                            "Parallel Aware": true,
                                            "Startup Cost": 252820.38,
                                            "Total Cost": 252820.38,
                                            "Plan Rows": 1159023,
                                            "Plan Width": 8,
                                            "Actual Startup Time": 1430.674,
                                            "Actual Total Time": 1432.194,
                                            "Actual Rows": 842679,
                                            "Actual Loops": 7,
                                            "Output": [
                                                "t.id",
                                                "mi.movie_id"
                                            ],
                                            "Hash Buckets": 8388608,
                                            "Original Hash Buckets": 8388608,
                                            "Hash Batches": 1,
                                            "Original Hash Batches": 1,
                                            "Peak Memory Usage": 296416,
                                            "Workers": [
                                                {
                                                    "Worker Number": 0,
                                                    "Actual Startup Time": 1436.51,
                                                    "Actual Total Time": 1436.514,
                                                    "Actual Rows": 750733,
                                                    "Actual Loops": 1
                                                },
                                                {
                                                    "Worker Number": 1,
                                                    "Actual Startup Time": 1436.68,
                                                    "Actual Total Time": 1436.683,
                                                    "Actual Rows": 761568,
                                                    "Actual Loops": 1
                                                },
                                                {
                                                    "Worker Number": 2,
                                                    "Actual Startup Time": 1436.751,
                                                    "Actual Total Time": 1436.755,
                                                    "Actual Rows": 743617,
                                                    "Actual Loops": 1
                                                },
                                                {
                                                    "Worker Number": 3,
                                                    "Actual Startup Time": 1437.217,
                                                    "Actual Total Time": 1437.22,
                                                    "Actual Rows": 752247,
                                                    "Actual Loops": 1
                                                },
                                                {
                                                    "Worker Number": 4,
                                                    "Actual Startup Time": 1437.306,
                                                    "Actual Total Time": 1437.31,
                                                    "Actual Rows": 1016354,
                                                    "Actual Loops": 1
                                                },
                                                {
                                                    "Worker Number": 5,
                                                    "Actual Startup Time": 1437.29,
                                                    "Actual Total Time": 1437.293,
                                                    "Actual Rows": 1020729,
                                                    "Actual Loops": 1
                                                }
                                            ],
                                            "Plans": [
                                                {
                                                    "Node Type": "Hash Join",
                                                    "Parent Relationship": "Outer",
                                                    "Parallel Aware": true,
                                                    "Join Type": "Inner",
                                                    "Startup Cost": 49998.79,
                                                    "Total Cost": 252820.38,
                                                    "Plan Rows": 1159023,
                                                    "Plan Width": 8,
                                                    "Actual Startup Time": 277.027,
                                                    "Actual Total Time": 1038.945,
                                                    "Actual Rows": 842679,
                                                    "Actual Loops": 7,
                                                    "Output": [
                                                        "t.id",
                                                        "mi.movie_id"
                                                    ],
                                                    "Inner Unique": true,
                                                    "Hash Cond": "(mi.movie_id = t.id)",
                                                    "Workers": [
                                                        {
                                                            "Worker Number": 0,
                                                            "Actual Startup Time": 276.928,
                                                            "Actual Total Time": 1041.313,
                                                            "Actual Rows": 750733,
                                                            "Actual Loops": 1
                                                        },
                                                        {
                                                            "Worker Number": 1,
                                                            "Actual Startup Time": 277.017,
                                                            "Actual Total Time": 1041.326,
                                                            "Actual Rows": 761568,
                                                            "Actual Loops": 1
                                                        },
                                                        {
                                                            "Worker Number": 2,
                                                            "Actual Startup Time": 276.91,
                                                            "Actual Total Time": 1042.6,
                                                            "Actual Rows": 743617,
                                                            "Actual Loops": 1
                                                        },
                                                        {
                                                            "Worker Number": 3,
                                                            "Actual Startup Time": 277.053,
                                                            "Actual Total Time": 1042.272,
                                                            "Actual Rows": 752247,
                                                            "Actual Loops": 1
                                                        },
                                                        {
                                                            "Worker Number": 4,
                                                            "Actual Startup Time": 277.022,
                                                            "Actual Total Time": 1035.827,
                                                            "Actual Rows": 1016354,
                                                            "Actual Loops": 1
                                                        },
                                                        {
                                                            "Worker Number": 5,
                                                            "Actual Startup Time": 277.03,
                                                            "Actual Total Time": 1038.032,
                                                            "Actual Rows": 1020729,
                                                            "Actual Loops": 1
                                                        }
                                                    ],
                                                    "Plans": [
                                                        {
                                                            "Node Type": "Seq Scan",
                                                            "Parent Relationship": "Outer",
                                                            "Parallel Aware": true,
                                                            "Relation Name": "movie_info",
                                                            "Schema": "public",
                                                            "Alias": "mi",
                                                            "Startup Cost": 0.0,
                                                            "Total Cost": 198880.74,
                                                            "Plan Rows": 1501273,
                                                            "Plan Width": 4,
                                                            "Actual Startup Time": 16.72,
                                                            "Actual Total Time": 354.463,
                                                            "Actual Rows": 1078408,
                                                            "Actual Loops": 7,
                                                            "Output": [
                                                                "mi.id",
                                                                "mi.movie_id",
                                                                "mi.info_type_id",
                                                                "mi.info",
                                                                "mi.note"
                                                            ],
                                                            "Filter": "(mi.info_type_id > 7)",
                                                            "Rows Removed by Filter": 1040981,
                                                            "Workers": [
                                                                {
                                                                    "Worker Number": 0,
                                                                    "Actual Startup Time": 16.635,
                                                                    "Actual Total Time": 367.505,
                                                                    "Actual Rows": 963590,
                                                                    "Actual Loops": 1
                                                                },
                                                                {
                                                                    "Worker Number": 1,
                                                                    "Actual Startup Time": 16.773,
                                                                    "Actual Total Time": 368.303,
                                                                    "Actual Rows": 968800,
                                                                    "Actual Loops": 1
                                                                },
                                                                {
                                                                    "Worker Number": 2,
                                                                    "Actual Startup Time": 16.666,
                                                                    "Actual Total Time": 367.637,
                                                                    "Actual Rows": 952197,
                                                                    "Actual Loops": 1
                                                                },
                                                                {
                                                                    "Worker Number": 3,
                                                                    "Actual Startup Time": 16.781,
                                                                    "Actual Total Time": 370.613,
                                                                    "Actual Rows": 956010,
                                                                    "Actual Loops": 1
                                                                },
                                                                {
                                                                    "Worker Number": 4,
                                                                    "Actual Startup Time": 16.793,
                                                                    "Actual Total Time": 347.808,
                                                                    "Actual Rows": 1301148,
                                                                    "Actual Loops": 1
                                                                },
                                                                {
                                                                    "Worker Number": 5,
                                                                    "Actual Startup Time": 16.766,
                                                                    "Actual Total Time": 349.672,
                                                                    "Actual Rows": 1310269,
                                                                    "Actual Loops": 1
                                                                }
                                                            ]
                                                        },
                                                        {
                                                            "Node Type": "Hash",
                                                            "Parent Relationship": "Inner",
                                                            "Parallel Aware": true,
                                                            "Startup Cost": 43899.01,
                                                            "Total Cost": 43899.01,
                                                            "Plan Rows": 487983,
                                                            "Plan Width": 4,
                                                            "Actual Startup Time": 257.504,
                                                            "Actual Total Time": 257.505,
                                                            "Actual Rows": 280313,
                                                            "Actual Loops": 7,
                                                            "Output": [
                                                                "t.id"
                                                            ],
                                                            "Hash Buckets": 2097152,
                                                            "Original Hash Buckets": 2097152,
                                                            "Hash Batches": 1,
                                                            "Original Hash Batches": 1,
                                                            "Peak Memory Usage": 93280,
                                                            "Workers": [
                                                                {
                                                                    "Worker Number": 0,
                                                                    "Actual Startup Time": 259.99,
                                                                    "Actual Total Time": 259.991,
                                                                    "Actual Rows": 245708,
                                                                    "Actual Loops": 1
                                                                },
                                                                {
                                                                    "Worker Number": 1,
                                                                    "Actual Startup Time": 260.146,
                                                                    "Actual Total Time": 260.147,
                                                                    "Actual Rows": 247177,
                                                                    "Actual Loops": 1
                                                                },
                                                                {
                                                                    "Worker Number": 2,
                                                                    "Actual Startup Time": 259.96,
                                                                    "Actual Total Time": 259.962,
                                                                    "Actual Rows": 245502,
                                                                    "Actual Loops": 1
                                                                },
                                                                {
                                                                    "Worker Number": 3,
                                                                    "Actual Startup Time": 260.117,
                                                                    "Actual Total Time": 260.118,
                                                                    "Actual Rows": 244685,
                                                                    "Actual Loops": 1
                                                                },
                                                                {
                                                                    "Worker Number": 4,
                                                                    "Actual Startup Time": 260.099,
                                                                    "Actual Total Time": 260.1,
                                                                    "Actual Rows": 318795,
                                                                    "Actual Loops": 1
                                                                },
                                                                {
                                                                    "Worker Number": 5,
                                                                    "Actual Startup Time": 260.081,
                                                                    "Actual Total Time": 260.083,
                                                                    "Actual Rows": 325206,
                                                                    "Actual Loops": 1
                                                                }
                                                            ],
                                                            "Plans": [
                                                                {
                                                                    "Node Type": "Seq Scan",
                                                                    "Parent Relationship": "Outer",
                                                                    "Parallel Aware": true,
                                                                    "Relation Name": "title",
                                                                    "Schema": "public",
                                                                    "Alias": "t",
                                                                    "Startup Cost": 0.0,
                                                                    "Total Cost": 43899.01,
                                                                    "Plan Rows": 487983,
                                                                    "Plan Width": 4,
                                                                    "Actual Startup Time": 0.071,
                                                                    "Actual Total Time": 94.762,
                                                                    "Actual Rows": 280313,
                                                                    "Actual Loops": 7,
                                                                    "Output": [
                                                                        "t.id"
                                                                    ],
                                                                    "Filter": "(t.production_year > 1978)",
                                                                    "Rows Removed by Filter": 80875,
                                                                    "Workers": [
                                                                        {
                                                                            "Worker Number": 0,
                                                                            "Actual Startup Time": 0.086,
                                                                            "Actual Total Time": 100.624,
                                                                            "Actual Rows": 245708,
                                                                            "Actual Loops": 1
                                                                        },
                                                                        {
                                                                            "Worker Number": 1,
                                                                            "Actual Startup Time": 0.087,
                                                                            "Actual Total Time": 100.241,
                                                                            "Actual Rows": 247177,
                                                                            "Actual Loops": 1
                                                                        },
                                                                        {
                                                                            "Worker Number": 2,
                                                                            "Actual Startup Time": 0.104,
                                                                            "Actual Total Time": 100.63,
                                                                            "Actual Rows": 245502,
                                                                            "Actual Loops": 1
                                                                        },
                                                                        {
                                                                            "Worker Number": 3,
                                                                            "Actual Startup Time": 0.062,
                                                                            "Actual Total Time": 97.946,
                                                                            "Actual Rows": 244685,
                                                                            "Actual Loops": 1
                                                                        },
                                                                        {
                                                                            "Worker Number": 4,
                                                                            "Actual Startup Time": 0.065,
                                                                            "Actual Total Time": 90.193,
                                                                            "Actual Rows": 318795,
                                                                            "Actual Loops": 1
                                                                        },
                                                                        {
                                                                            "Worker Number": 5,
                                                                            "Actual Startup Time": 0.071,
                                                                            "Actual Total Time": 91.303,
                                                                            "Actual Rows": 325206,
                                                                            "Actual Loops": 1
                                                                        }
                                                                    ]
                                                                }
                                                            ]
                                                        }
                                                    ]
                                                }
                                            ]
                                        }
                                    ]
                                }
                            ]
                        }
                    ]
                }
            ]
        },
        "Planning Time": 288.562,
        "Triggers": [],
        "Execution Time": 9637.462
    }
]