[
  {
    "Plan": {
      "Node Type": "Aggregate",
      "Strategy": "Plain",
      "Partial Mode": "Finalize",
      "Parallel Aware": false,
      "Startup Cost": 46930.14,
      "Total Cost": 46930.15,
      "Plan Rows": 1,
      "Plan Width": 8,
      "Actual Startup Time": 170.646,
      "Actual Total Time": 180.272,
      "Actual Rows": 1,
      "Actual Loops": 1,
      "Plans": [
        {
          "Node Type": "Gather",
          "Parent Relationship": "Outer",
          "Parallel Aware": false,
          "Startup Cost": 46929.82,
          "Total Cost": 46930.13,
          "Plan Rows": 3,
          "Plan Width": 8,
          "Actual Startup Time": 170.546,
          "Actual Total Time": 180.264,
          "Actual Rows": 4,
          "Actual Loops": 1,
          "Workers Planned": 3,
          "Workers Launched": 3,
          "Single Copy": false,
          "Plans": [
            {
              "Node Type": "Aggregate",
              "Strategy": "Plain",
              "Partial Mode": "Partial",
              "Parent Relationship": "Outer",
              "Parallel Aware": false,
              "Startup Cost": 45929.82,
              "Total Cost": 45929.83,
              "Plan Rows": 1,
              "Plan Width": 8,
              "Actual Startup Time": 165.103,
              "Actual Total Time": 165.104,
              "Actual Rows": 1,
              "Actual Loops": 4,
              "Plans": [
                {
                  "Node Type": "Seq Scan",
                  "Parent Relationship": "Outer",
                  "Parallel Aware": true,
                  "Relation Name": "movie_keyword",
                  "Alias": "mk",
                  "Startup Cost": 0.0,
                  "Total Cost": 42695.65,
                  "Plan Rows": 1293667,
                  "Plan Width": 0,
                  "Actual Startup Time": 0.039,
                  "Actual Total Time": 119.564,
                  "Actual Rows": 1002550,
                  "Actual Loops": 4,
                  "Filter": "(keyword_id < 35271)",
                  "Rows Removed by Filter": 128432
                }
              ]
            }
          ]
        }
      ]
    },
    "Planning Time": 0.1,
    "Triggers": [],
    "Execution Time": 180.304
  }
]