[
  {
    "Plan": {
      "Node Type": "Aggregate",
      "Strategy": "Plain",
      "Partial Mode": "Finalize",
      "Parallel Aware": false,
      "Startup Cost": 44951.4,
      "Total Cost": 44951.41,
      "Plan Rows": 1,
      "Plan Width": 8,
      "Actual Startup Time": 153.92,
      "Actual Total Time": 163.945,
      "Actual Rows": 1,
      "Actual Loops": 1,
      "Plans": [
        {
          "Node Type": "Gather",
          "Parent Relationship": "Outer",
          "Parallel Aware": false,
          "Startup Cost": 44951.08,
          "Total Cost": 44951.39,
          "Plan Rows": 3,
          "Plan Width": 8,
          "Actual Startup Time": 153.795,
          "Actual Total Time": 163.936,
          "Actual Rows": 4,
          "Actual Loops": 1,
          "Workers Planned": 3,
          "Workers Launched": 3,
          "Single Copy": false,
          "Plans": [
            {
              "Node Type": "Aggregate",
              "Strategy": "Plain",
              "Partial Mode": "Partial",
              "Parent Relationship": "Outer",
              "Parallel Aware": false,
              "Startup Cost": 43951.08,
              "Total Cost": 43951.09,
              "Plan Rows": 1,
              "Plan Width": 8,
              "Actual Startup Time": 146.842,
              "Actual Total Time": 146.843,
              "Actual Rows": 1,
              "Actual Loops": 4,
              "Plans": [
                {
                  "Node Type": "Seq Scan",
                  "Parent Relationship": "Outer",
                  "Parallel Aware": true,
                  "Relation Name": "movie_keyword",
                  "Alias": "mk",
                  "Startup Cost": 0.0,
                  "Total Cost": 42695.65,
                  "Plan Rows": 502171,
                  "Plan Width": 0,
                  "Actual Startup Time": 1.534,
                  "Actual Total Time": 124.482,
                  "Actual Rows": 390777,
                  "Actual Loops": 4,
                  "Filter": "(keyword_id > 10038)",
                  "Rows Removed by Filter": 740206
                }
              ]
            }
          ]
        }
      ]
    },
    "Planning Time": 0.177,
    "Triggers": [],
    "Execution Time": 163.998
  }
]