[
  {
    "Plan": {
      "Node Type": "Aggregate",
      "Strategy": "Plain",
      "Partial Mode": "Finalize",
      "Parallel Aware": false,
      "Startup Cost": 33046.86,
      "Total Cost": 33046.87,
      "Plan Rows": 1,
      "Plan Width": 8,
      "Actual Startup Time": 101.303,
      "Actual Total Time": 109.505,
      "Actual Rows": 1,
      "Actual Loops": 1,
      "Plans": [
        {
          "Node Type": "Gather",
          "Parent Relationship": "Outer",
          "Parallel Aware": false,
          "Startup Cost": 33046.54,
          "Total Cost": 33046.85,
          "Plan Rows": 3,
          "Plan Width": 8,
          "Actual Startup Time": 101.209,
          "Actual Total Time": 109.497,
          "Actual Rows": 4,
          "Actual Loops": 1,
          "Workers Planned": 3,
          "Workers Launched": 3,
          "Single Copy": false,
          "Plans": [
            {
              "Node Type": "Aggregate",
              "Strategy": "Plain",
              "Partial Mode": "Partial",
              "Parent Relationship": "Outer",
              "Parallel Aware": false,
              "Startup Cost": 32046.54,
              "Total Cost": 32046.55,
              "Plan Rows": 1,
              "Plan Width": 8,
              "Actual Startup Time": 94.748,
              "Actual Total Time": 94.749,
              "Actual Rows": 1,
              "Actual Loops": 4,
              "Plans": [
                {
                  "Node Type": "Seq Scan",
                  "Parent Relationship": "Outer",
                  "Parallel Aware": true,
                  "Relation Name": "movie_companies",
                  "Alias": "mc",
                  "Startup Cost": 0.0,
                  "Total Cost": 31414.82,
                  "Plan Rows": 252688,
                  "Plan Width": 0,
                  "Actual Startup Time": 0.039,
                  "Actual Total Time": 78.884,
                  "Actual Rows": 268696,
                  "Actual Loops": 4,
                  "Filter": "((company_id < 15631) AND (company_type_id = 1))",
                  "Rows Removed by Filter": 383586
                }
              ]
            }
          ]
        }
      ]
    },
    "Planning Time": 0.248,
    "Triggers": [],
    "Execution Time": 109.564
  }
]