[
  {
    "Plan": {
      "Node Type": "Aggregate",
      "Strategy": "Plain",
      "Partial Mode": "Finalize",
      "Parallel Aware": false,
      "Startup Cost": 25236.25,
      "Total Cost": 25236.26,
      "Plan Rows": 1,
      "Plan Width": 8,
      "Actual Startup Time": 38.934,
      "Actual Total Time": 42.404,
      "Actual Rows": 1,
      "Actual Loops": 1,
      "Plans": [
        {
          "Node Type": "Gather",
          "Parent Relationship": "Outer",
          "Parallel Aware": false,
          "Startup Cost": 25235.93,
          "Total Cost": 25236.24,
          "Plan Rows": 3,
          "Plan Width": 8,
          "Actual Startup Time": 38.755,
          "Actual Total Time": 42.398,
          "Actual Rows": 4,
          "Actual Loops": 1,
          "Workers Planned": 3,
          "Workers Launched": 3,
          "Single Copy": false,
          "Plans": [
            {
              "Node Type": "Aggregate",
              "Strategy": "Plain",
              "Partial Mode": "Partial",
              "Parent Relationship": "Outer",
              "Parallel Aware": false,
              "Startup Cost": 24235.93,
              "Total Cost": 24235.94,
              "Plan Rows": 1,
              "Plan Width": 8,
              "Actual Startup Time": 31.756,
              "Actual Total Time": 31.757,
              "Actual Rows": 1,
              "Actual Loops": 4,
              "Plans": [
                {
                  "Node Type": "Bitmap Heap Scan",
                  "Parent Relationship": "Outer",
                  "Parallel Aware": true,
                  "Relation Name": "movie_companies",
                  "Alias": "mc",
                  "Startup Cost": 4378.73,
                  "Total Cost": 24152.17,
                  "Plan Rows": 33507,
                  "Plan Width": 0,
                  "Actual Startup Time": 4.262,
                  "Actual Total Time": 28.568,
                  "Actual Rows": 49922,
                  "Actual Loops": 4,
                  "Recheck Cond": "(company_id > 113532)",
                  "Rows Removed by Index Recheck": 0,
                  "Filter": "(company_type_id > 1)",
                  "Rows Removed by Filter": 0,
                  "Exact Heap Blocks": 2124,
                  "Lossy Heap Blocks": 0,
                  "Plans": [
                    {
                      "Node Type": "Bitmap Index Scan",
                      "Parent Relationship": "Outer",
                      "Parallel Aware": false,
                      "Index Name": "company_id_movie_companies",
                      "Startup Cost": 0.0,
                      "Total Cost": 4352.76,
                      "Plan Rows": 203244,
                      "Plan Width": 0,
                      "Actual Startup Time": 9.512,
                      "Actual Total Time": 9.512,
                      "Actual Rows": 199688,
                      "Actual Loops": 1,
                      "Index Cond": "(company_id > 113532)"
                    }
                  ]
                }
              ]
            }
          ]
        }
      ]
    },
    "Planning Time": 0.1,
    "Triggers": [],
    "Execution Time": 42.437
  }
]