[
  {
    "Plan": {
      "Node Type": "Aggregate",
      "Strategy": "Plain",
      "Partial Mode": "Finalize",
      "Parallel Aware": false,
      "Startup Cost": 25294.32,
      "Total Cost": 25294.33,
      "Plan Rows": 1,
      "Plan Width": 8,
      "Actual Startup Time": 68.258,
      "Actual Total Time": 72.085,
      "Actual Rows": 1,
      "Actual Loops": 1,
      "Plans": [
        {
          "Node Type": "Gather",
          "Parent Relationship": "Outer",
          "Parallel Aware": false,
          "Startup Cost": 25294.0,
          "Total Cost": 25294.31,
          "Plan Rows": 3,
          "Plan Width": 8,
          "Actual Startup Time": 68.064,
          "Actual Total Time": 72.075,
          "Actual Rows": 4,
          "Actual Loops": 1,
          "Workers Planned": 3,
          "Workers Launched": 3,
          "Single Copy": false,
          "Plans": [
            {
              "Node Type": "Aggregate",
              "Strategy": "Plain",
              "Partial Mode": "Partial",
              "Parent Relationship": "Outer",
              "Parallel Aware": false,
              "Startup Cost": 24294.0,
              "Total Cost": 24294.01,
              "Plan Rows": 1,
              "Plan Width": 8,
              "Actual Startup Time": 59.502,
              "Actual Total Time": 59.503,
              "Actual Rows": 1,
              "Actual Loops": 4,
              "Plans": [
                {
                  "Node Type": "Bitmap Heap Scan",
                  "Parent Relationship": "Outer",
                  "Parallel Aware": true,
                  "Relation Name": "movie_companies",
                  "Alias": "mc",
                  "Startup Cost": 4426.42,
                  "Total Cost": 24209.93,
                  "Plan Rows": 33629,
                  "Plan Width": 0,
                  "Actual Startup Time": 22.186,
                  "Actual Total Time": 54.951,
                  "Actual Rows": 49922,
                  "Actual Loops": 4,
                  "Recheck Cond": "(company_id > 113532)",
                  "Rows Removed by Index Recheck": 0,
                  "Filter": "(company_type_id > 1)",
                  "Rows Removed by Filter": 0,
                  "Exact Heap Blocks": 2044,
                  "Lossy Heap Blocks": 0,
                  "Plans": [
                    {
                      "Node Type": "Bitmap Index Scan",
                      "Parent Relationship": "Outer",
                      "Parallel Aware": false,
                      "Index Name": "company_id_movie_companies",
                      "Startup Cost": 0.0,
                      "Total Cost": 4400.36,
                      "Plan Rows": 205324,
                      "Plan Width": 0,
                      "Actual Startup Time": 28.712,
                      "Actual Total Time": 28.712,
                      "Actual Rows": 199688,
                      "Actual Loops": 1,
                      "Index Cond": "(company_id > 113532)"
                    }
                  ]
                }
              ]
            }
          ]
        }
      ]
    },
    "Planning Time": 0.226,
    "Triggers": [],
    "Execution Time": 72.165
  }
]