[
  {
    "Plan": {
      "Node Type": "Aggregate",
      "Strategy": "Plain",
      "Partial Mode": "Finalize",
      "Parallel Aware": false,
      "Startup Cost": 266642.52,
      "Total Cost": 266642.53,
      "Plan Rows": 1,
      "Plan Width": 8,
      "Actual Startup Time": 1425.219,
      "Actual Total Time": 1477.737,
      "Actual Rows": 1,
      "Actual Loops": 1,
      "Plans": [
        {
          "Node Type": "Gather",
          "Parent Relationship": "Outer",
          "Parallel Aware": false,
          "Startup Cost": 266642.21,
          "Total Cost": 266642.52,
          "Plan Rows": 3,
          "Plan Width": 8,
          "Actual Startup Time": 1421.974,
          "Actual Total Time": 1477.671,
          "Actual Rows": 4,
          "Actual Loops": 1,
          "Workers Planned": 3,
          "Workers Launched": 3,
          "Single Copy": false,
          "Plans": [
            {
              "Node Type": "Aggregate",
              "Strategy": "Plain",
              "Partial Mode": "Partial",
              "Parent Relationship": "Outer",
              "Parallel Aware": false,
              "Startup Cost": 265642.21,
              "Total Cost": 265642.22,
              "Plan Rows": 1,
              "Plan Width": 8,
              "Actual Startup Time": 1408.377,
              "Actual Total Time": 1408.381,
              "Actual Rows": 1,
              "Actual Loops": 4,
              "Plans": [
                {
                  "Node Type": "Nested Loop",
                  "Parent Relationship": "Outer",
                  "Parallel Aware": false,
                  "Join Type": "Inner",
                  "Startup Cost": 59424.43,
                  "Total Cost": 265384.5,
                  "Plan Rows": 103084,
                  "Plan Width": 0,
                  "Actual Startup Time": 255.632,
                  "Actual Total Time": 1381.592,
                  "Actual Rows": 598623,
                  "Actual Loops": 4,
                  "Inner Unique": false,
                  "Plans": [
                    {
                      "Node Type": "Hash Join",
                      "Parent Relationship": "Outer",
                      "Parallel Aware": true,
                      "Join Type": "Inner",
                      "Startup Cost": 59423.99,
                      "Total Cost": 86549.86,
                      "Plan Rows": 87390,
                      "Plan Width": 8,
                      "Actual Startup Time": 255.442,
                      "Actual Total Time": 338.672,
                      "Actual Rows": 84600,
                      "Actual Loops": 4,
                      "Inner Unique": true,
                      "Hash Cond": "(mk.movie_id = t.id)",
                      "Plans": [
                        {
                          "Node Type": "Bitmap Heap Scan",
                          "Parent Relationship": "Outer",
                          "Parallel Aware": true,
                          "Relation Name": "movie_keyword",
                          "Alias": "mk",
                          "Startup Cost": 11616.5,
                          "Total Cost": 38278.66,
                          "Plan Rows": 176652,
                          "Plan Width": 4,
                          "Actual Startup Time": 36.492,
                          "Actual Total Time": 76.975,
                          "Actual Rows": 133708,
                          "Actual Loops": 4,
                          "Recheck Cond": "(keyword_id > 34307)",
                          "Rows Removed by Index Recheck": 0,
                          "Exact Heap Blocks": 6724,
                          "Lossy Heap Blocks": 0,
                          "Plans": [
                            {
                              "Node Type": "Bitmap Index Scan",
                              "Parent Relationship": "Outer",
                              "Parallel Aware": false,
                              "Index Name": "keyword_id_movie_keyword",
                              "Startup Cost": 0.0,
                              "Total Cost": 11479.6,
                              "Plan Rows": 547622,
                              "Plan Width": 0,
                              "Actual Startup Time": 33.051,
                              "Actual Total Time": 33.052,
                              "Actual Rows": 534830,
                              "Actual Loops": 1,
                              "Index Cond": "(keyword_id > 34307)"
                            }
                          ]
                        },
                        {
                          "Node Type": "Hash",
                          "Parent Relationship": "Inner",
                          "Parallel Aware": true,
                          "Startup Cost": 43898.92,
                          "Total Cost": 43898.92,
                          "Plan Rows": 312686,
                          "Plan Width": 4,
                          "Actual Startup Time": 211.335,
                          "Actual Total Time": 211.336,
                          "Actual Rows": 315925,
                          "Actual Loops": 4,
                          "Hash Buckets": 2097152,
                          "Original Hash Buckets": 2097152,
                          "Hash Batches": 1,
                          "Original Hash Batches": 1,
                          "Peak Memory Usage": 65888,
                          "Plans": [
                            {
                              "Node Type": "Seq Scan",
                              "Parent Relationship": "Outer",
                              "Parallel Aware": true,
                              "Relation Name": "title",
                              "Alias": "t",
                              "Startup Cost": 0.0,
                              "Total Cost": 43898.92,
                              "Plan Rows": 312686,
                              "Plan Width": 4,
                              "Actual Startup Time": 0.038,
                              "Actual Total Time": 100.945,
                              "Actual Rows": 315925,
                              "Actual Loops": 4,
                              "Filter": "(production_year < 2004)",
                              "Rows Removed by Filter": 316153
                            }
                          ]
                        }
                      ]
                    },
                    {
                      "Node Type": "Index Scan",
                      "Parent Relationship": "Inner",
                      "Parallel Aware": false,
                      "Scan Direction": "Forward",
                      "Index Name": "movie_id_movie_info",
                      "Relation Name": "movie_info",
                      "Alias": "mi",
                      "Startup Cost": 0.43,
                      "Total Cost": 1.97,
                      "Plan Rows": 8,
                      "Plan Width": 4,
                      "Actual Startup Time": 0.005,
                      "Actual Total Time": 0.012,
                      "Actual Rows": 7,
                      "Actual Loops": 338402,
                      "Index Cond": "(movie_id = t.id)",
                      "Rows Removed by Index Recheck": 0,
                      "Filter": "(info_type_id = 16)",
                      "Rows Removed by Filter": 48
                    }
                  ]
                }
              ]
            }
          ]
        }
      ]
    },
    "Planning Time": 1.358,
    "Triggers": [],
    "Execution Time": 1477.867
  }
]