{
  "Plan": {
    "Node Type": "Aggregate",
    "Strategy": "Plain",
    "Partial Mode": "Finalize",
    "Parallel Aware": false,
    "Startup Cost": 98641.38,
    "Total Cost": 98641.39,
    "Plan Rows": 1,
    "Plan Width": 8,
    "Actual Startup Time": 319.423,
    "Actual Total Time": 336.744,
    "Actual Rows": 1,
    "Actual Loops": 1,
    "Plans": [
      {
        "Node Type": "Gather",
        "Parent Relationship": "Outer",
        "Parallel Aware": false,
        "Startup Cost": 98641.27,
        "Total Cost": 98641.38,
        "Plan Rows": 1,
        "Plan Width": 8,
        "Actual Startup Time": 318.986,
        "Actual Total Time": 336.736,
        "Actual Rows": 2,
        "Actual Loops": 1,
        "Workers Planned": 1,
        "Workers Launched": 1,
        "Single Copy": false,
        "Plans": [
          {
            "Node Type": "Aggregate",
            "Strategy": "Plain",
            "Partial Mode": "Partial",
            "Parent Relationship": "Outer",
            "Parallel Aware": false,
            "Startup Cost": 97641.27,
            "Total Cost": 97641.28,
            "Plan Rows": 1,
            "Plan Width": 8,
            "Actual Startup Time": 313.113,
            "Actual Total Time": 313.117,
            "Actual Rows": 1,
            "Actual Loops": 2,
            "Plans": [
              {
                "Node Type": "Hash Join",
                "Parent Relationship": "Outer",
                "Parallel Aware": true,
                "Join Type": "Inner",
                "Startup Cost": 67908.21,
                "Total Cost": 97602.95,
                "Plan Rows": 15326,
                "Plan Width": 0,
                "Actual Startup Time": 195.96,
                "Actual Total Time": 312.431,
                "Actual Rows": 10880,
                "Actual Loops": 2,
                "Inner Unique": true,
                "Hash Cond": "(mk.movie_id = t.id)",
                "Plans": [
                  {
                    "Node Type": "Bitmap Heap Scan",
                    "Parent Relationship": "Outer",
                    "Parallel Aware": true,
                    "Relation Name": "movie_keyword",
                    "Alias": "mk",
                    "Startup Cost": 12497.51,
                    "Total Cost": 41282.7,
                    "Plan Rows": 346495,
                    "Plan Width": 4,
                    "Actual Startup Time": 36.158,
                    "Actual Total Time": 114.865,
                    "Actual Rows": 288730,
                    "Actual Loops": 2,
                    "Recheck Cond": "(keyword_id > 31767)",
                    "Rows Removed by Index Recheck": 0,
                    "Exact Heap Blocks": 13747,
                    "Lossy Heap Blocks": 0,
                    "Plans": [
                      {
                        "Node Type": "Bitmap Index Scan",
                        "Parent Relationship": "Outer",
                        "Parallel Aware": false,
                        "Index Name": "keyword_id_movie_keyword",
                        "Startup Cost": 0.0,
                        "Total Cost": 12350.25,
                        "Plan Rows": 589042,
                        "Plan Width": 0,
                        "Actual Startup Time": 32.67,
                        "Actual Total Time": 32.671,
                        "Actual Rows": 577459,
                        "Actual Loops": 1,
                        "Index Cond": "(keyword_id > 31767)"
                      }
                    ]
                  },
                  {
                    "Node Type": "Hash",
                    "Parent Relationship": "Inner",
                    "Parallel Aware": true,
                    "Startup Cost": 54588.39,
                    "Total Cost": 54588.39,
                    "Plan Rows": 65785,
                    "Plan Width": 4,
                    "Actual Startup Time": 157.895,
                    "Actual Total Time": 157.896,
                    "Actual Rows": 54214,
                    "Actual Loops": 2,
                    "Hash Buckets": 131072,
                    "Original Hash Buckets": 131072,
                    "Hash Batches": 1,
                    "Original Hash Batches": 1,
                    "Peak Memory Usage": 5312,
                    "Plans": [
                      {
                        "Node Type": "Seq Scan",
                        "Parent Relationship": "Outer",
                        "Parallel Aware": true,
                        "Relation Name": "title",
                        "Alias": "t",
                        "Startup Cost": 0.0,
                        "Total Cost": 54588.39,
                        "Plan Rows": 65785,
                        "Plan Width": 4,
                        "Actual Startup Time": 0.036,
                        "Actual Total Time": 142.176,
                        "Actual Rows": 54214,
                        "Actual Loops": 2,
                        "Filter": "(production_year = 2006)",
                        "Rows Removed by Filter": 1209942
                      }
                    ]
                  }
                ]
              }
            ]
          }
        ]
      }
    ]
  },
  "Planning Time": 0.387,
  "Triggers": [],
  "Execution Time": 336.832
}