{
    "Plan": {
        "Node Type": "Aggregate",
        "Strategy": "Plain",
        "Partial Mode": "Finalize",
        "Parallel Aware": false,
        "Startup Cost": 78229.42,
        "Total Cost": 78229.43,
        "Plan Rows": 1,
        "Plan Width": 8,
        "Actual Startup Time": 182.681,
        "Actual Total Time": 197.457,
        "Actual Rows": 1,
        "Actual Loops": 1,
        "Output": [
            "count(*)"
        ],
        "Plans": [
            {
                "Node Type": "Gather",
                "Parent Relationship": "Outer",
                "Parallel Aware": false,
                "Startup Cost": 78229.1,
                "Total Cost": 78229.41,
                "Plan Rows": 3,
                "Plan Width": 8,
                "Actual Startup Time": 182.386,
                "Actual Total Time": 197.448,
                "Actual Rows": 4,
                "Actual Loops": 1,
                "Output": [
                    "(PARTIAL count(*))"
                ],
                "Workers Planned": 3,
                "Workers Launched": 3,
                "Single Copy": false,
                "Plans": [
                    {
                        "Node Type": "Aggregate",
                        "Strategy": "Plain",
                        "Partial Mode": "Partial",
                        "Parent Relationship": "Outer",
                        "Parallel Aware": false,
                        "Startup Cost": 77229.1,
                        "Total Cost": 77229.11,
                        "Plan Rows": 1,
                        "Plan Width": 8,
                        "Actual Startup Time": 173.432,
                        "Actual Total Time": 173.436,
                        "Actual Rows": 1,
                        "Actual Loops": 4,
                        "Output": [
                            "PARTIAL count(*)"
                        ],
                        "Workers": [
                            {
                                "Worker Number": 0,
                                "Actual Startup Time": 170.242,
                                "Actual Total Time": 170.245,
                                "Actual Rows": 1,
                                "Actual Loops": 1
                            },
                            {
                                "Worker Number": 1,
                                "Actual Startup Time": 170.795,
                                "Actual Total Time": 170.798,
                                "Actual Rows": 1,
                                "Actual Loops": 1
                            },
                            {
                                "Worker Number": 2,
                                "Actual Startup Time": 170.993,
                                "Actual Total Time": 170.997,
                                "Actual Rows": 1,
                                "Actual Loops": 1
                            }
                        ],
                        "Plans": [
                            {
                                "Node Type": "Hash Join",
                                "Parent Relationship": "Outer",
                                "Parallel Aware": true,
                                "Join Type": "Inner",
                                "Startup Cost": 45583.03,
                                "Total Cost": 77226.25,
                                "Plan Rows": 1143,
                                "Plan Width": 0,
                                "Actual Startup Time": 129.567,
                                "Actual Total Time": 173.287,
                                "Actual Rows": 2929,
                                "Actual Loops": 4,
                                "Inner Unique": true,
                                "Hash Cond": "(mc.movie_id = t.id)",
                                "Workers": [
                                    {
                                        "Worker Number": 0,
                                        "Actual Startup Time": 126.385,
                                        "Actual Total Time": 170.093,
                                        "Actual Rows": 2844,
                                        "Actual Loops": 1
                                    },
                                    {
                                        "Worker Number": 1,
                                        "Actual Startup Time": 126.892,
                                        "Actual Total Time": 170.651,
                                        "Actual Rows": 2742,
                                        "Actual Loops": 1
                                    },
                                    {
                                        "Worker Number": 2,
                                        "Actual Startup Time": 127.141,
                                        "Actual Total Time": 170.845,
                                        "Actual Rows": 2852,
                                        "Actual Loops": 1
                                    }
                                ],
                                "Plans": [
                                    {
                                        "Node Type": "Seq Scan",
                                        "Parent Relationship": "Outer",
                                        "Parallel Aware": true,
                                        "Relation Name": "movie_companies",
                                        "Schema": "public",
                                        "Alias": "mc",
                                        "Startup Cost": 0.0,
                                        "Total Cost": 31414.82,
                                        "Plan Rows": 87008,
                                        "Plan Width": 4,
                                        "Actual Startup Time": 28.019,
                                        "Actual Total Time": 58.372,
                                        "Actual Rows": 132348,
                                        "Actual Loops": 4,
                                        "Output": [
                                            "mc.id",
                                            "mc.movie_id",
                                            "mc.company_id",
                                            "mc.company_type_id",
                                            "mc.note"
                                        ],
                                        "Filter": "((mc.company_id > 72776) AND (mc.company_type_id > 1))",
                                        "Rows Removed by Filter": 519935,
                                        "Workers": [
                                            {
                                                "Worker Number": 0,
                                                "Actual Startup Time": 28.016,
                                                "Actual Total Time": 58.409,
                                                "Actual Rows": 124959,
                                                "Actual Loops": 1
                                            },
                                            {
                                                "Worker Number": 1,
                                                "Actual Startup Time": 27.95,
                                                "Actual Total Time": 58.417,
                                                "Actual Rows": 127598,
                                                "Actual Loops": 1
                                            },
                                            {
                                                "Worker Number": 2,
                                                "Actual Startup Time": 28.034,
                                                "Actual Total Time": 58.409,
                                                "Actual Rows": 125216,
                                                "Actual Loops": 1
                                            }
                                        ]
                                    },
                                    {
                                        "Node Type": "Hash",
                                        "Parent Relationship": "Inner",
                                        "Parallel Aware": true,
                                        "Startup Cost": 45479.21,
                                        "Total Cost": 45479.21,
                                        "Plan Rows": 8306,
                                        "Plan Width": 4,
                                        "Actual Startup Time": 100.256,
                                        "Actual Total Time": 100.257,
                                        "Actual Rows": 7457,
                                        "Actual Loops": 4,
                                        "Output": [
                                            "t.id"
                                        ],
                                        "Hash Buckets": 65536,
                                        "Original Hash Buckets": 65536,
                                        "Hash Batches": 1,
                                        "Original Hash Batches": 1,
                                        "Peak Memory Usage": 1728,
                                        "Workers": [
                                            {
                                                "Worker Number": 0,
                                                "Actual Startup Time": 97.661,
                                                "Actual Total Time": 97.662,
                                                "Actual Rows": 5984,
                                                "Actual Loops": 1
                                            },
                                            {
                                                "Worker Number": 1,
                                                "Actual Startup Time": 98.082,
                                                "Actual Total Time": 98.083,
                                                "Actual Rows": 6523,
                                                "Actual Loops": 1
                                            },
                                            {
                                                "Worker Number": 2,
                                                "Actual Startup Time": 98.358,
                                                "Actual Total Time": 98.359,
                                                "Actual Rows": 6022,
                                                "Actual Loops": 1
                                            }
                                        ],
                                        "Plans": [
                                            {
                                                "Node Type": "Seq Scan",
                                                "Parent Relationship": "Outer",
                                                "Parallel Aware": true,
                                                "Relation Name": "title",
                                                "Schema": "public",
                                                "Alias": "t",
                                                "Startup Cost": 0.0,
                                                "Total Cost": 45479.21,
                                                "Plan Rows": 8306,
                                                "Plan Width": 4,
                                                "Actual Startup Time": 0.096,
                                                "Actual Total Time": 96.299,
                                                "Actual Rows": 7457,
                                                "Actual Loops": 4,
                                                "Output": [
                                                    "t.id"
                                                ],
                                                "Filter": "((t.production_year > 2006) AND (t.kind_id = 2))",
                                                "Rows Removed by Filter": 624621,
                                                "Workers": [
                                                    {
                                                        "Worker Number": 0,
                                                        "Actual Startup Time": 0.166,
                                                        "Actual Total Time": 93.809,
                                                        "Actual Rows": 5984,
                                                        "Actual Loops": 1
                                                    },
                                                    {
                                                        "Worker Number": 1,
                                                        "Actual Startup Time": 0.077,
                                                        "Actual Total Time": 94.33,
                                                        "Actual Rows": 6523,
                                                        "Actual Loops": 1
                                                    },
                                                    {
                                                        "Worker Number": 2,
                                                        "Actual Startup Time": 0.063,
                                                        "Actual Total Time": 94.189,
                                                        "Actual Rows": 6022,
                                                        "Actual Loops": 1
                                                    }
                                                ]
                                            }
                                        ]
                                    }
                                ]
                            }
                        ]
                    }
                ]
            }
        ]
    },
    "Planning Time": 0.816,
    "Triggers": [],
    "Execution Time": 197.531
}