[
  {
    "Plan": {
      "Node Type": "Aggregate",
      "Strategy": "Plain",
      "Partial Mode": "Simple",
      "Parallel Aware": false,
      "Startup Cost": 9563.91,
      "Total Cost": 9563.92,
      "Plan Rows": 1,
      "Plan Width": 8,
      "Actual Startup Time": 2.565,
      "Actual Total Time": 2.566,
      "Actual Rows": 1,
      "Actual Loops": 1,
      "Plans": [
        {
          "Node Type": "Index Only Scan",
          "Parent Relationship": "Outer",
          "Parallel Aware": false,
          "Scan Direction": "Forward",
          "Index Name": "company_id_movie_companies",
          "Relation Name": "movie_companies",
          "Alias": "mc",
          "Startup Cost": 0.43,
          "Total Cost": 9553.91,
          "Plan Rows": 4001,
          "Plan Width": 0,
          "Actual Startup Time": 0.079,
          "Actual Total Time": 2.311,
          "Actual Rows": 3681,
          "Actual Loops": 1,
          "Index Cond": "(company_id = 67)",
          "Rows Removed by Index Recheck": 0,
          "Heap Fetches": 3681
        }
      ]
    },
    "Planning Time": 0.113,
    "Triggers": [],
    "Execution Time": 2.592
  }
]