[
  {
    "Plan": {
      "Node Type": "Aggregate",
      "Strategy": "Plain",
      "Partial Mode": "Finalize",
      "Parallel Aware": false,
      "Startup Cost": 464129.09,
      "Total Cost": 464129.1,
      "Plan Rows": 1,
      "Plan Width": 8,
      "Actual Startup Time": 1445.636,
      "Actual Total Time": 1504.261,
      "Actual Rows": 1,
      "Actual Loops": 1,
      "Plans": [
        {
          "Node Type": "Gather",
          "Parent Relationship": "Outer",
          "Parallel Aware": false,
          "Startup Cost": 464128.47,
          "Total Cost": 464129.08,
          "Plan Rows": 6,
          "Plan Width": 8,
          "Actual Startup Time": 1421.608,
          "Actual Total Time": 1504.241,
          "Actual Rows": 7,
          "Actual Loops": 1,
          "Workers Planned": 6,
          "Workers Launched": 6,
          "Single Copy": false,
          "Plans": [
            {
              "Node Type": "Aggregate",
              "Strategy": "Plain",
              "Partial Mode": "Partial",
              "Parent Relationship": "Outer",
              "Parallel Aware": false,
              "Startup Cost": 463128.47,
              "Total Cost": 463128.48,
              "Plan Rows": 1,
              "Plan Width": 8,
              "Actual Startup Time": 1411.422,
              "Actual Total Time": 1411.628,
              "Actual Rows": 1,
              "Actual Loops": 7,
              "Plans": [
                {
                  "Node Type": "Hash Join",
                  "Parent Relationship": "Outer",
                  "Parallel Aware": true,
                  "Join Type": "Inner",
                  "Startup Cost": 102669.37,
                  "Total Cost": 459055.52,
                  "Plan Rows": 1629181,
                  "Plan Width": 0,
                  "Actual Startup Time": 623.729,
                  "Actual Total Time": 1369.156,
                  "Actual Rows": 919926,
                  "Actual Loops": 7,
                  "Inner Unique": false,
                  "Hash Cond": "(ci.movie_id = t.id)",
                  "Plans": [
                    {
                      "Node Type": "Seq Scan",
                      "Parent Relationship": "Outer",
                      "Parallel Aware": true,
                      "Relation Name": "cast_info",
                      "Alias": "ci",
                      "Startup Cost": 0.0,
                      "Total Cost": 343316.27,
                      "Plan Rows": 2083856,
                      "Plan Width": 4,
                      "Actual Startup Time": 223.875,
                      "Actual Total Time": 623.934,
                      "Actual Rows": 1392974,
                      "Actual Loops": 7,
                      "Filter": "((person_id > 1958664) AND (role_id < 5))",
                      "Rows Removed by Filter": 3784789
                    },
                    {
                      "Node Type": "Hash",
                      "Parent Relationship": "Inner",
                      "Parallel Aware": true,
                      "Startup Cost": 94698.6,
                      "Total Cost": 94698.6,
                      "Plan Rows": 637661,
                      "Plan Width": 8,
                      "Actual Startup Time": 396.685,
                      "Actual Total Time": 396.888,
                      "Actual Rows": 138330,
                      "Actual Loops": 7,
                      "Hash Buckets": 2097152,
                      "Original Hash Buckets": 2097152,
                      "Hash Batches": 1,
                      "Original Hash Batches": 1,
                      "Peak Memory Usage": 54400,
                      "Plans": [
                        {
                          "Node Type": "Hash Join",
                          "Parent Relationship": "Outer",
                          "Parallel Aware": true,
                          "Join Type": "Inner",
                          "Startup Cost": 49737.61,
                          "Total Cost": 94698.6,
                          "Plan Rows": 637661,
                          "Plan Width": 8,
                          "Actual Startup Time": 214.36,
                          "Actual Total Time": 344.735,
                          "Actual Rows": 138330,
                          "Actual Loops": 7,
                          "Inner Unique": true,
                          "Hash Cond": "(mk.movie_id = t.id)",
                          "Plans": [
                            {
                              "Node Type": "Seq Scan",
                              "Parent Relationship": "Outer",
                              "Parallel Aware": true,
                              "Relation Name": "movie_keyword",
                              "Alias": "mk",
                              "Startup Cost": 0.0,
                              "Total Cost": 42695.65,
                              "Plan Rows": 862987,
                              "Plan Width": 4,
                              "Actual Startup Time": 0.154,
                              "Actual Total Time": 70.251,
                              "Actual Rows": 381539,
                              "Actual Loops": 7,
                              "Filter": "(keyword_id > 3081)",
                              "Rows Removed by Filter": 264736
                            },
                            {
                              "Node Type": "Hash",
                              "Parent Relationship": "Inner",
                              "Parallel Aware": true,
                              "Startup Cost": 43899.32,
                              "Total Cost": 43899.32,
                              "Plan Rows": 467063,
                              "Plan Width": 4,
                              "Actual Startup Time": 212.105,
                              "Actual Total Time": 212.106,
                              "Actual Rows": 266498,
                              "Actual Loops": 7,
                              "Hash Buckets": 2097152,
                              "Original Hash Buckets": 2097152,
                              "Hash Batches": 1,
                              "Original Hash Batches": 1,
                              "Peak Memory Usage": 89472,
                              "Plans": [
                                {
                                  "Node Type": "Seq Scan",
                                  "Parent Relationship": "Outer",
                                  "Parallel Aware": true,
                                  "Relation Name": "title",
                                  "Alias": "t",
                                  "Startup Cost": 0.0,
                                  "Total Cost": 43899.32,
                                  "Plan Rows": 467063,
                                  "Plan Width": 4,
                                  "Actual Startup Time": 0.06,
                                  "Actual Total Time": 82.087,
                                  "Actual Rows": 266498,
                                  "Actual Loops": 7,
                                  "Filter": "(kind_id > 1)",
                                  "Rows Removed by Filter": 94689
                                }
                              ]
                            }
                          ]
                        }
                      ]
                    }
                  ]
                }
              ]
            }
          ]
        }
      ]
    },
    "Planning Time": 0.451,
    "Triggers": [],
    "Execution Time": 1504.315
  }
]