[
  {
    "Plan": {
      "Node Type": "Aggregate",
      "Strategy": "Plain",
      "Partial Mode": "Finalize",
      "Parallel Aware": false,
      "Startup Cost": 347433.54,
      "Total Cost": 347433.55,
      "Plan Rows": 1,
      "Plan Width": 8,
      "Actual Startup Time": 805.346,
      "Actual Total Time": 853.009,
      "Actual Rows": 1,
      "Actual Loops": 1,
      "Plans": [
        {
          "Node Type": "Gather",
          "Parent Relationship": "Outer",
          "Parallel Aware": false,
          "Startup Cost": 347432.91,
          "Total Cost": 347433.52,
          "Plan Rows": 6,
          "Plan Width": 8,
          "Actual Startup Time": 805.123,
          "Actual Total Time": 852.996,
          "Actual Rows": 7,
          "Actual Loops": 1,
          "Workers Planned": 6,
          "Workers Launched": 6,
          "Single Copy": false,
          "Plans": [
            {
              "Node Type": "Aggregate",
              "Strategy": "Plain",
              "Partial Mode": "Partial",
              "Parent Relationship": "Outer",
              "Parallel Aware": false,
              "Startup Cost": 346432.91,
              "Total Cost": 346432.92,
              "Plan Rows": 1,
              "Plan Width": 8,
              "Actual Startup Time": 797.299,
              "Actual Total Time": 797.301,
              "Actual Rows": 1,
              "Actual Loops": 7,
              "Plans": [
                {
                  "Node Type": "Seq Scan",
                  "Parent Relationship": "Outer",
                  "Parallel Aware": true,
                  "Relation Name": "cast_info",
                  "Alias": "ci",
                  "Startup Cost": 0.0,
                  "Total Cost": 343316.27,
                  "Plan Rows": 1246656,
                  "Plan Width": 0,
                  "Actual Startup Time": 345.052,
                  "Actual Total Time": 706.875,
                  "Actual Rows": 1626025,
                  "Actual Loops": 7,
                  "Filter": "((person_id > 2560908) AND (role_id > 1))",
                  "Rows Removed by Filter": 3551739
                }
              ]
            }
          ]
        }
      ]
    },
    "Planning Time": 0.303,
    "Triggers": [],
    "Execution Time": 853.088
  }
]