[
  {
    "Plan": {
      "Node Type": "Aggregate",
      "Strategy": "Plain",
      "Partial Mode": "Finalize",
      "Parallel Aware": false,
      "Startup Cost": 250632.06,
      "Total Cost": 250632.07,
      "Plan Rows": 1,
      "Plan Width": 8,
      "Actual Startup Time": 698.703,
      "Actual Total Time": 742.679,
      "Actual Rows": 1,
      "Actual Loops": 1,
      "Plans": [
        {
          "Node Type": "Gather",
          "Parent Relationship": "Outer",
          "Parallel Aware": false,
          "Startup Cost": 250631.54,
          "Total Cost": 250632.05,
          "Plan Rows": 5,
          "Plan Width": 8,
          "Actual Startup Time": 697.077,
          "Actual Total Time": 742.667,
          "Actual Rows": 6,
          "Actual Loops": 1,
          "Workers Planned": 5,
          "Workers Launched": 5,
          "Single Copy": false,
          "Plans": [
            {
              "Node Type": "Aggregate",
              "Strategy": "Plain",
              "Partial Mode": "Partial",
              "Parent Relationship": "Outer",
              "Parallel Aware": false,
              "Startup Cost": 249631.54,
              "Total Cost": 249631.55,
              "Plan Rows": 1,
              "Plan Width": 8,
              "Actual Startup Time": 687.234,
              "Actual Total Time": 687.237,
              "Actual Rows": 1,
              "Actual Loops": 6,
              "Plans": [
                {
                  "Node Type": "Hash Join",
                  "Parent Relationship": "Outer",
                  "Parallel Aware": true,
                  "Join Type": "Inner",
                  "Startup Cost": 44867.29,
                  "Total Cost": 249024.02,
                  "Plan Rows": 243007,
                  "Plan Width": 0,
                  "Actual Startup Time": 120.688,
                  "Actual Total Time": 671.308,
                  "Actual Rows": 367155,
                  "Actual Loops": 6,
                  "Inner Unique": true,
                  "Hash Cond": "(mi.movie_id = t.id)",
                  "Plans": [
                    {
                      "Node Type": "Seq Scan",
                      "Parent Relationship": "Outer",
                      "Parallel Aware": true,
                      "Relation Name": "movie_info",
                      "Alias": "mi",
                      "Startup Cost": 0.0,
                      "Total Cost": 198952.16,
                      "Plan Rows": 1982687,
                      "Plan Width": 4,
                      "Actual Startup Time": 16.246,
                      "Actual Total Time": 333.712,
                      "Actual Rows": 1651959,
                      "Actual Loops": 6,
                      "Filter": "(info_type_id > 4)",
                      "Rows Removed by Filter": 820661
                    },
                    {
                      "Node Type": "Hash",
                      "Parent Relationship": "Inner",
                      "Parallel Aware": true,
                      "Startup Cost": 43898.92,
                      "Total Cost": 43898.92,
                      "Plan Rows": 77470,
                      "Plan Width": 4,
                      "Actual Startup Time": 101.418,
                      "Actual Total Time": 101.419,
                      "Actual Rows": 53874,
                      "Actual Loops": 6,
                      "Hash Buckets": 524288,
                      "Original Hash Buckets": 524288,
                      "Hash Batches": 1,
                      "Original Hash Batches": 1,
                      "Peak Memory Usage": 16832,
                      "Plans": [
                        {
                          "Node Type": "Seq Scan",
                          "Parent Relationship": "Outer",
                          "Parallel Aware": true,
                          "Relation Name": "title",
                          "Alias": "t",
                          "Startup Cost": 0.0,
                          "Total Cost": 43898.92,
                          "Plan Rows": 77470,
                          "Plan Width": 4,
                          "Actual Startup Time": 0.046,
                          "Actual Total Time": 79.126,
                          "Actual Rows": 53874,
                          "Actual Loops": 6,
                          "Filter": "(production_year < 1967)",
                          "Rows Removed by Filter": 367511
                        }
                      ]
                    }
                  ]
                }
              ]
            }
          ]
        }
      ]
    },
    "Planning Time": 0.642,
    "Triggers": [],
    "Execution Time": 742.759
  }
]