[
  {
    "Plan": {
      "Node Type": "Aggregate",
      "Strategy": "Plain",
      "Partial Mode": "Finalize",
      "Parallel Aware": false,
      "Startup Cost": 352732.22,
      "Total Cost": 352732.23,
      "Plan Rows": 1,
      "Plan Width": 8,
      "Actual Startup Time": 866.795,
      "Actual Total Time": 920.239,
      "Actual Rows": 1,
      "Actual Loops": 1,
      "Plans": [
        {
          "Node Type": "Gather",
          "Parent Relationship": "Outer",
          "Parallel Aware": false,
          "Startup Cost": 352731.6,
          "Total Cost": 352732.21,
          "Plan Rows": 6,
          "Plan Width": 8,
          "Actual Startup Time": 866.668,
          "Actual Total Time": 920.227,
          "Actual Rows": 7,
          "Actual Loops": 1,
          "Workers Planned": 6,
          "Workers Launched": 6,
          "Single Copy": false,
          "Plans": [
            {
              "Node Type": "Aggregate",
              "Strategy": "Plain",
              "Partial Mode": "Partial",
              "Parent Relationship": "Outer",
              "Parallel Aware": false,
              "Startup Cost": 351731.6,
              "Total Cost": 351731.61,
              "Plan Rows": 1,
              "Plan Width": 8,
              "Actual Startup Time": 856.419,
              "Actual Total Time": 856.42,
              "Actual Rows": 1,
              "Actual Loops": 7,
              "Plans": [
                {
                  "Node Type": "Seq Scan",
                  "Parent Relationship": "Outer",
                  "Parallel Aware": true,
                  "Relation Name": "cast_info",
                  "Alias": "ci",
                  "Startup Cost": 0.0,
                  "Total Cost": 343257.03,
                  "Plan Rows": 3389828,
                  "Plan Width": 0,
                  "Actual Startup Time": 0.054,
                  "Actual Total Time": 698.689,
                  "Actual Rows": 3447243,
                  "Actual Loops": 7,
                  "Filter": "((person_id < 3139144) AND (role_id < 4))",
                  "Rows Removed by Filter": 1730521
                }
              ]
            }
          ]
        }
      ]
    },
    "Planning Time": 0.232,
    "Triggers": [],
    "Execution Time": 920.317
  }
]