[
  {
    "Plan": {
      "Node Type": "Aggregate",
      "Strategy": "Plain",
      "Partial Mode": "Finalize",
      "Parallel Aware": false,
      "Startup Cost": 43473.34,
      "Total Cost": 43473.35,
      "Plan Rows": 1,
      "Plan Width": 8,
      "Actual Startup Time": 48.808,
      "Actual Total Time": 54.64,
      "Actual Rows": 1,
      "Actual Loops": 1,
      "Plans": [
        {
          "Node Type": "Gather",
          "Parent Relationship": "Outer",
          "Parallel Aware": false,
          "Startup Cost": 43473.12,
          "Total Cost": 43473.33,
          "Plan Rows": 2,
          "Plan Width": 8,
          "Actual Startup Time": 48.663,
          "Actual Total Time": 54.631,
          "Actual Rows": 3,
          "Actual Loops": 1,
          "Workers Planned": 2,
          "Workers Launched": 2,
          "Single Copy": false,
          "Plans": [
            {
              "Node Type": "Aggregate",
              "Strategy": "Plain",
              "Partial Mode": "Partial",
              "Parent Relationship": "Outer",
              "Parallel Aware": false,
              "Startup Cost": 42473.12,
              "Total Cost": 42473.13,
              "Plan Rows": 1,
              "Plan Width": 8,
              "Actual Startup Time": 39.554,
              "Actual Total Time": 39.556,
              "Actual Rows": 1,
              "Actual Loops": 3,
              "Plans": [
                {
                  "Node Type": "Nested Loop",
                  "Parent Relationship": "Outer",
                  "Parallel Aware": false,
                  "Join Type": "Inner",
                  "Startup Cost": 189.07,
                  "Total Cost": 42472.65,
                  "Plan Rows": 188,
                  "Plan Width": 0,
                  "Actual Startup Time": 5.086,
                  "Actual Total Time": 39.45,
                  "Actual Rows": 438,
                  "Actual Loops": 3,
                  "Inner Unique": false,
                  "Plans": [
                    {
                      "Node Type": "Nested Loop",
                      "Parent Relationship": "Outer",
                      "Parallel Aware": false,
                      "Join Type": "Inner",
                      "Startup Cost": 188.64,
                      "Total Cost": 42100.78,
                      "Plan Rows": 373,
                      "Plan Width": 8,
                      "Actual Startup Time": 4.927,
                      "Actual Total Time": 36.627,
                      "Actual Rows": 230,
                      "Actual Loops": 3,
                      "Inner Unique": true,
                      "Plans": [
                        {
                          "Node Type": "Bitmap Heap Scan",
                          "Parent Relationship": "Outer",
                          "Parallel Aware": true,
                          "Relation Name": "movie_keyword",
                          "Alias": "mk",
                          "Startup Cost": 188.21,
                          "Total Cost": 17652.02,
                          "Plan Rows": 3644,
                          "Plan Width": 4,
                          "Actual Startup Time": 2.555,
                          "Actual Total Time": 11.762,
                          "Actual Rows": 2167,
                          "Actual Loops": 3,
                          "Recheck Cond": "(keyword_id = 355)",
                          "Rows Removed by Index Recheck": 0,
                          "Exact Heap Blocks": 3082,
                          "Lossy Heap Blocks": 0,
                          "Plans": [
                            {
                              "Node Type": "Bitmap Index Scan",
                              "Parent Relationship": "Outer",
                              "Parallel Aware": false,
                              "Index Name": "keyword_id_movie_keyword",
                              "Startup Cost": 0.0,
                              "Total Cost": 186.03,
                              "Plan Rows": 8746,
                              "Plan Width": 0,
                              "Actual Startup Time": 5.119,
                              "Actual Total Time": 5.119,
                              "Actual Rows": 6501,
                              "Actual Loops": 1,
                              "Index Cond": "(keyword_id = 355)"
                            }
                          ]
                        },
                        {
                          "Node Type": "Index Scan",
                          "Parent Relationship": "Inner",
                          "Parallel Aware": false,
                          "Scan Direction": "Forward",
                          "Index Name": "title_pkey",
                          "Relation Name": "title",
                          "Alias": "t",
                          "Startup Cost": 0.43,
                          "Total Cost": 6.71,
                          "Plan Rows": 1,
                          "Plan Width": 4,
                          "Actual Startup Time": 0.011,
                          "Actual Total Time": 0.011,
                          "Actual Rows": 0,
                          "Actual Loops": 6501,
                          "Index Cond": "(id = mk.movie_id)",
                          "Rows Removed by Index Recheck": 0,
                          "Filter": "(production_year < 1963)",
                          "Rows Removed by Filter": 1
                        }
                      ]
                    },
                    {
                      "Node Type": "Index Scan",
                      "Parent Relationship": "Inner",
                      "Parallel Aware": false,
                      "Scan Direction": "Forward",
                      "Index Name": "movie_id_movie_companies",
                      "Relation Name": "movie_companies",
                      "Alias": "mc",
                      "Startup Cost": 0.43,
                      "Total Cost": 0.97,
                      "Plan Rows": 3,
                      "Plan Width": 4,
                      "Actual Startup Time": 0.009,
                      "Actual Total Time": 0.011,
                      "Actual Rows": 2,
                      "Actual Loops": 691,
                      "Index Cond": "(movie_id = t.id)",
                      "Rows Removed by Index Recheck": 0,
                      "Filter": "(company_type_id < 2)",
                      "Rows Removed by Filter": 0
                    }
                  ]
                }
              ]
            }
          ]
        }
      ]
    },
    "Planning Time": 1.367,
    "Triggers": [],
    "Execution Time": 54.749
  }
]