[
  {
    "Plan": {
      "Node Type": "Aggregate",
      "Strategy": "Plain",
      "Partial Mode": "Finalize",
      "Parallel Aware": false,
      "Startup Cost": 32306.76,
      "Total Cost": 32306.77,
      "Plan Rows": 1,
      "Plan Width": 8,
      "Actual Startup Time": 115.119,
      "Actual Total Time": 123.217,
      "Actual Rows": 1,
      "Actual Loops": 1,
      "Plans": [
        {
          "Node Type": "Gather",
          "Parent Relationship": "Outer",
          "Parallel Aware": false,
          "Startup Cost": 32306.44,
          "Total Cost": 32306.75,
          "Plan Rows": 3,
          "Plan Width": 8,
          "Actual Startup Time": 114.998,
          "Actual Total Time": 123.209,
          "Actual Rows": 4,
          "Actual Loops": 1,
          "Workers Planned": 3,
          "Workers Launched": 3,
          "Single Copy": false,
          "Plans": [
            {
              "Node Type": "Aggregate",
              "Strategy": "Plain",
              "Partial Mode": "Partial",
              "Parent Relationship": "Outer",
              "Parallel Aware": false,
              "Startup Cost": 31306.44,
              "Total Cost": 31306.45,
              "Plan Rows": 1,
              "Plan Width": 8,
              "Actual Startup Time": 108.899,
              "Actual Total Time": 108.9,
              "Actual Rows": 1,
              "Actual Loops": 4,
              "Plans": [
                {
                  "Node Type": "Seq Scan",
                  "Parent Relationship": "Outer",
                  "Parallel Aware": true,
                  "Relation Name": "movie_companies",
                  "Alias": "mc",
                  "Startup Cost": 0.0,
                  "Total Cost": 29310.68,
                  "Plan Rows": 798304,
                  "Plan Width": 0,
                  "Actual Startup Time": 0.036,
                  "Actual Total Time": 80.719,
                  "Actual Rows": 619616,
                  "Actual Loops": 4,
                  "Filter": "(company_id < 140950)",
                  "Rows Removed by Filter": 32666
                }
              ]
            }
          ]
        }
      ]
    },
    "Planning Time": 0.187,
    "Triggers": [],
    "Execution Time": 123.315
  }
]