[
  {
    "Plan": {
      "Node Type": "Aggregate",
      "Strategy": "Plain",
      "Partial Mode": "Finalize",
      "Parallel Aware": false,
      "Startup Cost": 46178.31,
      "Total Cost": 46178.32,
      "Plan Rows": 1,
      "Plan Width": 8,
      "Actual Startup Time": 170.86,
      "Actual Total Time": 179.964,
      "Actual Rows": 1,
      "Actual Loops": 1,
      "Plans": [
        {
          "Node Type": "Gather",
          "Parent Relationship": "Outer",
          "Parallel Aware": false,
          "Startup Cost": 46177.99,
          "Total Cost": 46178.3,
          "Plan Rows": 3,
          "Plan Width": 8,
          "Actual Startup Time": 170.768,
          "Actual Total Time": 179.956,
          "Actual Rows": 4,
          "Actual Loops": 1,
          "Workers Planned": 3,
          "Workers Launched": 3,
          "Single Copy": false,
          "Plans": [
            {
              "Node Type": "Aggregate",
              "Strategy": "Plain",
              "Partial Mode": "Partial",
              "Parent Relationship": "Outer",
              "Parallel Aware": false,
              "Startup Cost": 45177.99,
              "Total Cost": 45178.0,
              "Plan Rows": 1,
              "Plan Width": 8,
              "Actual Startup Time": 163.438,
              "Actual Total Time": 163.439,
              "Actual Rows": 1,
              "Actual Loops": 4,
              "Plans": [
                {
                  "Node Type": "Seq Scan",
                  "Parent Relationship": "Outer",
                  "Parallel Aware": true,
                  "Relation Name": "movie_keyword",
                  "Alias": "mk",
                  "Startup Cost": 0.0,
                  "Total Cost": 42695.65,
                  "Plan Rows": 992934,
                  "Plan Width": 0,
                  "Actual Startup Time": 0.055,
                  "Actual Total Time": 126.53,
                  "Actual Rows": 767655,
                  "Actual Loops": 4,
                  "Filter": "(keyword_id < 11490)",
                  "Rows Removed by Filter": 363328
                }
              ]
            }
          ]
        }
      ]
    },
    "Planning Time": 0.13,
    "Triggers": [],
    "Execution Time": 180.006
  }
]