[
  {
    "Plan": {
      "Node Type": "Aggregate",
      "Strategy": "Plain",
      "Partial Mode": "Finalize",
      "Parallel Aware": false,
      "Startup Cost": 45129.82,
      "Total Cost": 45129.83,
      "Plan Rows": 1,
      "Plan Width": 8,
      "Actual Startup Time": 152.341,
      "Actual Total Time": 162.223,
      "Actual Rows": 1,
      "Actual Loops": 1,
      "Plans": [
        {
          "Node Type": "Gather",
          "Parent Relationship": "Outer",
          "Parallel Aware": false,
          "Startup Cost": 45129.5,
          "Total Cost": 45129.81,
          "Plan Rows": 3,
          "Plan Width": 8,
          "Actual Startup Time": 152.215,
          "Actual Total Time": 162.213,
          "Actual Rows": 4,
          "Actual Loops": 1,
          "Workers Planned": 3,
          "Workers Launched": 3,
          "Single Copy": false,
          "Plans": [
            {
              "Node Type": "Aggregate",
              "Strategy": "Plain",
              "Partial Mode": "Partial",
              "Parent Relationship": "Outer",
              "Parallel Aware": false,
              "Startup Cost": 44129.5,
              "Total Cost": 44129.51,
              "Plan Rows": 1,
              "Plan Width": 8,
              "Actual Startup Time": 144.137,
              "Actual Total Time": 144.138,
              "Actual Rows": 1,
              "Actual Loops": 4,
              "Plans": [
                {
                  "Node Type": "Seq Scan",
                  "Parent Relationship": "Outer",
                  "Parallel Aware": true,
                  "Relation Name": "movie_keyword",
                  "Alias": "mk",
                  "Startup Cost": 0.0,
                  "Total Cost": 42695.65,
                  "Plan Rows": 573540,
                  "Plan Width": 0,
                  "Actual Startup Time": 0.058,
                  "Actual Total Time": 120.398,
                  "Actual Rows": 447892,
                  "Actual Loops": 4,
                  "Filter": "(keyword_id < 2894)",
                  "Rows Removed by Filter": 683090
                }
              ]
            }
          ]
        }
      ]
    },
    "Planning Time": 0.117,
    "Triggers": [],
    "Execution Time": 162.266
  }
]