{
  "Plan": {
    "Node Type": "Aggregate",
    "Strategy": "Plain",
    "Partial Mode": "Finalize",
    "Parallel Aware": false,
    "Startup Cost": 120047.47,
    "Total Cost": 120047.48,
    "Plan Rows": 1,
    "Plan Width": 8,
    "Actual Startup Time": 448.341,
    "Actual Total Time": 467.153,
    "Actual Rows": 1,
    "Actual Loops": 1,
    "Plans": [
      {
        "Node Type": "Gather",
        "Parent Relationship": "Outer",
        "Parallel Aware": false,
        "Startup Cost": 120047.36,
        "Total Cost": 120047.47,
        "Plan Rows": 1,
        "Plan Width": 8,
        "Actual Startup Time": 447.801,
        "Actual Total Time": 467.145,
        "Actual Rows": 2,
        "Actual Loops": 1,
        "Workers Planned": 1,
        "Workers Launched": 1,
        "Single Copy": false,
        "Plans": [
          {
            "Node Type": "Aggregate",
            "Strategy": "Plain",
            "Partial Mode": "Partial",
            "Parent Relationship": "Outer",
            "Parallel Aware": false,
            "Startup Cost": 119047.36,
            "Total Cost": 119047.37,
            "Plan Rows": 1,
            "Plan Width": 8,
            "Actual Startup Time": 442.004,
            "Actual Total Time": 442.008,
            "Actual Rows": 1,
            "Actual Loops": 2,
            "Plans": [
              {
                "Node Type": "Hash Join",
                "Parent Relationship": "Outer",
                "Parallel Aware": true,
                "Join Type": "Inner",
                "Startup Cost": 58834.44,
                "Total Cost": 118981.66,
                "Plan Rows": 26280,
                "Plan Width": 0,
                "Actual Startup Time": 173.865,
                "Actual Total Time": 441.087,
                "Actual Rows": 16215,
                "Actual Loops": 2,
                "Inner Unique": true,
                "Hash Cond": "(mk.movie_id = t.id)",
                "Plans": [
                  {
                    "Node Type": "Seq Scan",
                    "Parent Relationship": "Outer",
                    "Parallel Aware": true,
                    "Relation Name": "movie_keyword",
                    "Alias": "mk",
                    "Startup Cost": 0.0,
                    "Total Cost": 57718.19,
                    "Plan Rows": 925342,
                    "Plan Width": 4,
                    "Actual Startup Time": 1.027,
                    "Actual Total Time": 196.664,
                    "Actual Rows": 790211,
                    "Actual Loops": 2,
                    "Filter": "(keyword_id > 9849)",
                    "Rows Removed by Filter": 1471754
                  },
                  {
                    "Node Type": "Hash",
                    "Parent Relationship": "Inner",
                    "Parallel Aware": true,
                    "Startup Cost": 58306.47,
                    "Total Cost": 58306.47,
                    "Plan Rows": 42238,
                    "Plan Width": 4,
                    "Actual Startup Time": 170.27,
                    "Actual Total Time": 170.271,
                    "Actual Rows": 39774,
                    "Actual Loops": 2,
                    "Hash Buckets": 131072,
                    "Original Hash Buckets": 131072,
                    "Hash Batches": 1,
                    "Original Hash Batches": 1,
                    "Peak Memory Usage": 4160,
                    "Plans": [
                      {
                        "Node Type": "Seq Scan",
                        "Parent Relationship": "Outer",
                        "Parallel Aware": true,
                        "Relation Name": "title",
                        "Alias": "t",
                        "Startup Cost": 0.0,
                        "Total Cost": 58306.47,
                        "Plan Rows": 42238,
                        "Plan Width": 4,
                        "Actual Startup Time": 0.033,
                        "Actual Total Time": 157.288,
                        "Actual Rows": 39774,
                        "Actual Loops": 2,
                        "Filter": "((kind_id > 1) AND (production_year = 2005))",
                        "Rows Removed by Filter": 1224382
                      }
                    ]
                  }
                ]
              }
            ]
          }
        ]
      }
    ]
  },
  "Planning Time": 0.514,
  "Triggers": [],
  "Execution Time": 467.225
}