[
  {
    "Plan": {
      "Node Type": "Aggregate",
      "Strategy": "Plain",
      "Partial Mode": "Finalize",
      "Parallel Aware": false,
      "Startup Cost": 385419.49,
      "Total Cost": 385419.5,
      "Plan Rows": 1,
      "Plan Width": 8,
      "Actual Startup Time": 944.389,
      "Actual Total Time": 1030.756,
      "Actual Rows": 1,
      "Actual Loops": 1,
      "Plans": [
        {
          "Node Type": "Gather",
          "Parent Relationship": "Outer",
          "Parallel Aware": false,
          "Startup Cost": 385419.07,
          "Total Cost": 385419.48,
          "Plan Rows": 4,
          "Plan Width": 8,
          "Actual Startup Time": 943.998,
          "Actual Total Time": 1030.737,
          "Actual Rows": 5,
          "Actual Loops": 1,
          "Workers Planned": 4,
          "Workers Launched": 4,
          "Single Copy": false,
          "Plans": [
            {
              "Node Type": "Aggregate",
              "Strategy": "Plain",
              "Partial Mode": "Partial",
              "Parent Relationship": "Outer",
              "Parallel Aware": false,
              "Startup Cost": 384419.07,
              "Total Cost": 384419.08,
              "Plan Rows": 1,
              "Plan Width": 8,
              "Actual Startup Time": 935.757,
              "Actual Total Time": 935.76,
              "Actual Rows": 1,
              "Actual Loops": 5,
              "Plans": [
                {
                  "Node Type": "Nested Loop",
                  "Parent Relationship": "Outer",
                  "Parallel Aware": false,
                  "Join Type": "Inner",
                  "Startup Cost": 0.56,
                  "Total Cost": 384295.54,
                  "Plan Rows": 49413,
                  "Plan Width": 0,
                  "Actual Startup Time": 54.591,
                  "Actual Total Time": 924.231,
                  "Actual Rows": 213293,
                  "Actual Loops": 5,
                  "Inner Unique": false,
                  "Plans": [
                    {
                      "Node Type": "Seq Scan",
                      "Parent Relationship": "Outer",
                      "Parallel Aware": true,
                      "Relation Name": "title",
                      "Alias": "t",
                      "Startup Cost": 0.0,
                      "Total Cost": 45479.59,
                      "Plan Rows": 19126,
                      "Plan Width": 4,
                      "Actual Startup Time": 54.019,
                      "Actual Total Time": 89.824,
                      "Actual Rows": 41950,
                      "Actual Loops": 5,
                      "Filter": "((production_year < 1966) AND (kind_id = 1))",
                      "Rows Removed by Filter": 463712
                    },
                    {
                      "Node Type": "Index Scan",
                      "Parent Relationship": "Inner",
                      "Parallel Aware": false,
                      "Scan Direction": "Forward",
                      "Index Name": "movie_id_cast_info",
                      "Relation Name": "cast_info",
                      "Alias": "ci",
                      "Startup Cost": 0.56,
                      "Total Cost": 17.65,
                      "Plan Rows": 6,
                      "Plan Width": 4,
                      "Actual Startup Time": 0.005,
                      "Actual Total Time": 0.019,
                      "Actual Rows": 5,
                      "Actual Loops": 209752,
                      "Index Cond": "(movie_id = t.id)",
                      "Rows Removed by Index Recheck": 0,
                      "Filter": "((person_id < 1877589) AND (role_id < 2))",
                      "Rows Removed by Filter": 6
                    }
                  ]
                }
              ]
            }
          ]
        }
      ]
    },
    "Planning Time": 0.377,
    "Triggers": [],
    "Execution Time": 1030.818
  }
]