[
  {
    "Plan": {
      "Node Type": "Aggregate",
      "Strategy": "Plain",
      "Partial Mode": "Finalize",
      "Parallel Aware": false,
      "Startup Cost": 46485.66,
      "Total Cost": 46485.67,
      "Plan Rows": 1,
      "Plan Width": 8,
      "Actual Startup Time": 91.979,
      "Actual Total Time": 104.638,
      "Actual Rows": 1,
      "Actual Loops": 1,
      "Plans": [
        {
          "Node Type": "Gather",
          "Parent Relationship": "Outer",
          "Parallel Aware": false,
          "Startup Cost": 46485.24,
          "Total Cost": 46485.65,
          "Plan Rows": 4,
          "Plan Width": 8,
          "Actual Startup Time": 91.697,
          "Actual Total Time": 104.626,
          "Actual Rows": 5,
          "Actual Loops": 1,
          "Workers Planned": 4,
          "Workers Launched": 4,
          "Single Copy": false,
          "Plans": [
            {
              "Node Type": "Aggregate",
              "Strategy": "Plain",
              "Partial Mode": "Partial",
              "Parent Relationship": "Outer",
              "Parallel Aware": false,
              "Startup Cost": 45485.24,
              "Total Cost": 45485.25,
              "Plan Rows": 1,
              "Plan Width": 8,
              "Actual Startup Time": 84.648,
              "Actual Total Time": 84.65,
              "Actual Rows": 1,
              "Actual Loops": 5,
              "Plans": [
                {
                  "Node Type": "Seq Scan",
                  "Parent Relationship": "Outer",
                  "Parallel Aware": true,
                  "Relation Name": "title",
                  "Alias": "t",
                  "Startup Cost": 0.0,
                  "Total Cost": 45479.59,
                  "Plan Rows": 2262,
                  "Plan Width": 0,
                  "Actual Startup Time": 0.312,
                  "Actual Total Time": 84.444,
                  "Actual Rows": 1629,
                  "Actual Loops": 5,
                  "Filter": "((kind_id = 7) AND (production_year = 1968))",
                  "Rows Removed by Filter": 504033
                }
              ]
            }
          ]
        }
      ]
    },
    "Planning Time": 0.188,
    "Triggers": [],
    "Execution Time": 104.697
  }
]