[
  {
    "Plan": {
      "Node Type": "Aggregate",
      "Strategy": "Plain",
      "Partial Mode": "Finalize",
      "Parallel Aware": false,
      "Startup Cost": 46012.26,
      "Total Cost": 46012.27,
      "Plan Rows": 1,
      "Plan Width": 8,
      "Actual Startup Time": 162.762,
      "Actual Total Time": 169.79,
      "Actual Rows": 1,
      "Actual Loops": 1,
      "Plans": [
        {
          "Node Type": "Gather",
          "Parent Relationship": "Outer",
          "Parallel Aware": false,
          "Startup Cost": 46011.94,
          "Total Cost": 46012.25,
          "Plan Rows": 3,
          "Plan Width": 8,
          "Actual Startup Time": 162.642,
          "Actual Total Time": 169.781,
          "Actual Rows": 4,
          "Actual Loops": 1,
          "Workers Planned": 3,
          "Workers Launched": 3,
          "Single Copy": false,
          "Plans": [
            {
              "Node Type": "Aggregate",
              "Strategy": "Plain",
              "Partial Mode": "Partial",
              "Parent Relationship": "Outer",
              "Parallel Aware": false,
              "Startup Cost": 45011.94,
              "Total Cost": 45011.95,
              "Plan Rows": 1,
              "Plan Width": 8,
              "Actual Startup Time": 154.415,
              "Actual Total Time": 154.416,
              "Actual Rows": 1,
              "Actual Loops": 4,
              "Plans": [
                {
                  "Node Type": "Seq Scan",
                  "Parent Relationship": "Outer",
                  "Parallel Aware": true,
                  "Relation Name": "movie_keyword",
                  "Alias": "mk",
                  "Startup Cost": 0.0,
                  "Total Cost": 42695.65,
                  "Plan Rows": 926514,
                  "Plan Width": 0,
                  "Actual Startup Time": 0.073,
                  "Actual Total Time": 121.296,
                  "Actual Rows": 717820,
                  "Actual Loops": 4,
                  "Filter": "(keyword_id < 8853)",
                  "Rows Removed by Filter": 413163
                }
              ]
            }
          ]
        }
      ]
    },
    "Planning Time": 0.173,
    "Triggers": [],
    "Execution Time": 169.846
  }
]