[
  {
    "Plan": {
      "Node Type": "Aggregate",
      "Strategy": "Plain",
      "Partial Mode": "Finalize",
      "Parallel Aware": false,
      "Startup Cost": 82322.88,
      "Total Cost": 82322.89,
      "Plan Rows": 1,
      "Plan Width": 8,
      "Actual Startup Time": 116.307,
      "Actual Total Time": 134.373,
      "Actual Rows": 1,
      "Actual Loops": 1,
      "Plans": [
        {
          "Node Type": "Gather",
          "Parent Relationship": "Outer",
          "Parallel Aware": false,
          "Startup Cost": 82322.46,
          "Total Cost": 82322.87,
          "Plan Rows": 4,
          "Plan Width": 8,
          "Actual Startup Time": 116.13,
          "Actual Total Time": 134.364,
          "Actual Rows": 5,
          "Actual Loops": 1,
          "Workers Planned": 4,
          "Workers Launched": 4,
          "Single Copy": false,
          "Plans": [
            {
              "Node Type": "Aggregate",
              "Strategy": "Plain",
              "Partial Mode": "Partial",
              "Parent Relationship": "Outer",
              "Parallel Aware": false,
              "Startup Cost": 81322.46,
              "Total Cost": 81322.47,
              "Plan Rows": 1,
              "Plan Width": 8,
              "Actual Startup Time": 106.436,
              "Actual Total Time": 106.438,
              "Actual Rows": 1,
              "Actual Loops": 5,
              "Plans": [
                {
                  "Node Type": "Nested Loop",
                  "Parent Relationship": "Outer",
                  "Parallel Aware": false,
                  "Join Type": "Inner",
                  "Startup Cost": 0.43,
                  "Total Cost": 81320.7,
                  "Plan Rows": 707,
                  "Plan Width": 0,
                  "Actual Startup Time": 58.883,
                  "Actual Total Time": 106.189,
                  "Actual Rows": 2506,
                  "Actual Loops": 5,
                  "Inner Unique": false,
                  "Plans": [
                    {
                      "Node Type": "Seq Scan",
                      "Parent Relationship": "Outer",
                      "Parallel Aware": true,
                      "Relation Name": "title",
                      "Alias": "t",
                      "Startup Cost": 0.0,
                      "Total Cost": 45479.59,
                      "Plan Rows": 239,
                      "Plan Width": 4,
                      "Actual Startup Time": 58.713,
                      "Actual Total Time": 82.954,
                      "Actual Rows": 499,
                      "Actual Loops": 5,
                      "Filter": "((kind_id < 3) AND (production_year = 1934))",
                      "Rows Removed by Filter": 505164
                    },
                    {
                      "Node Type": "Index Scan",
                      "Parent Relationship": "Inner",
                      "Parallel Aware": false,
                      "Scan Direction": "Forward",
                      "Index Name": "movie_id_movie_info",
                      "Relation Name": "movie_info",
                      "Alias": "mi",
                      "Startup Cost": 0.43,
                      "Total Cost": 149.75,
                      "Plan Rows": 21,
                      "Plan Width": 4,
                      "Actual Startup Time": 0.026,
                      "Actual Total Time": 0.045,
                      "Actual Rows": 5,
                      "Actual Loops": 2493,
                      "Index Cond": "(movie_id = t.id)",
                      "Rows Removed by Index Recheck": 0,
                      "Filter": "(info_type_id > 7)",
                      "Rows Removed by Filter": 8
                    }
                  ]
                }
              ]
            }
          ]
        }
      ]
    },
    "Planning Time": 0.439,
    "Triggers": [],
    "Execution Time": 134.428
  }
]