{
  "Plan": {
    "Node Type": "Aggregate",
    "Strategy": "Plain",
    "Partial Mode": "Simple",
    "Parallel Aware": false,
    "Startup Cost": 7460.63,
    "Total Cost": 7460.64,
    "Plan Rows": 1,
    "Plan Width": 64,
    "Actual Startup Time": 135.551,
    "Actual Total Time": 135.561,
    "Actual Rows": 1,
    "Actual Loops": 1,
    "Plans": [
      {
        "Node Type": "Nested Loop",
        "Parent Relationship": "Outer",
        "Parallel Aware": false,
        "Join Type": "Inner",
        "Startup Cost": 12.92,
        "Total Cost": 7460.62,
        "Plan Rows": 1,
        "Plan Width": 27,
        "Actual Startup Time": 50.034,
        "Actual Total Time": 135.527,
        "Actual Rows": 16,
        "Actual Loops": 1,
        "Inner Unique": true,
        "Join Filter": "(mi.info_type_id = it1.id)",
        "Rows Removed by Join Filter": 0,
        "Plans": [
          {
            "Node Type": "Nested Loop",
            "Parent Relationship": "Outer",
            "Parallel Aware": false,
            "Join Type": "Inner",
            "Startup Cost": 12.92,
            "Total Cost": 7458.2,
            "Plan Rows": 1,
            "Plan Width": 31,
            "Actual Startup Time": 50.011,
            "Actual Total Time": 135.387,
            "Actual Rows": 16,
            "Actual Loops": 1,
            "Inner Unique": false,
            "Join Filter": "(t.id = mi.movie_id)",
            "Rows Removed by Join Filter": 0,
            "Plans": [
              {
                "Node Type": "Nested Loop",
                "Parent Relationship": "Outer",
                "Parallel Aware": false,
                "Join Type": "Inner",
                "Startup Cost": 12.48,
                "Total Cost": 7456.63,
                "Plan Rows": 1,
                "Plan Width": 43,
                "Actual Startup Time": 12.9,
                "Actual Total Time": 99.534,
                "Actual Rows": 315,
                "Actual Loops": 1,
                "Inner Unique": true,
                "Join Filter": "(mc.company_type_id = ct.id)",
                "Rows Removed by Join Filter": 140,
                "Plans": [
                  {
                    "Node Type": "Nested Loop",
                    "Parent Relationship": "Outer",
                    "Parallel Aware": false,
                    "Join Type": "Inner",
                    "Startup Cost": 12.48,
                    "Total Cost": 7455.54,
                    "Plan Rows": 1,
                    "Plan Width": 47,
                    "Actual Startup Time": 12.885,
                    "Actual Total Time": 98.118,
                    "Actual Rows": 315,
                    "Actual Loops": 1,
                    "Inner Unique": true,
                    "Plans": [
                      {
                        "Node Type": "Nested Loop",
                        "Parent Relationship": "Outer",
                        "Parallel Aware": false,
                        "Join Type": "Inner",
                        "Startup Cost": 12.06,
                        "Total Cost": 7454.21,
                        "Plan Rows": 3,
                        "Plan Width": 51,
                        "Actual Startup Time": 12.645,
                        "Actual Total Time": 84.996,
                        "Actual Rows": 1218,
                        "Actual Loops": 1,
                        "Inner Unique": false,
                        "Join Filter": "(t.id = mc.movie_id)",
                        "Rows Removed by Join Filter": 0,
                        "Plans": [
                          {
                            "Node Type": "Nested Loop",
                            "Parent Relationship": "Outer",
                            "Parallel Aware": false,
                            "Join Type": "Inner",
                            "Startup Cost": 11.63,
                            "Total Cost": 7451.79,
                            "Plan Rows": 4,
                            "Plan Width": 39,
                            "Actual Startup Time": 12.444,
                            "Actual Total Time": 80.385,
                            "Actual Rows": 60,
                            "Actual Loops": 1,
                            "Inner Unique": false,
                            "Join Filter": "(cc.status_id = cct1.id)",
                            "Rows Removed by Join Filter": 81,
                            "Plans": [
                              {
                                "Node Type": "Seq Scan",
                                "Parent Relationship": "Outer",
                                "Parallel Aware": false,
                                "Relation Name": "comp_cast_type",
                                "Alias": "cct1",
                                "Startup Cost": 0.0,
                                "Total Cost": 1.05,
                                "Plan Rows": 1,
                                "Plan Width": 4,
                                "Actual Startup Time": 0.019,
                                "Actual Total Time": 0.021,
                                "Actual Rows": 1,
                                "Actual Loops": 1,
                                "Filter": "((kind)::text = 'complete+verified'::text)",
                                "Rows Removed by Filter": 3
                              },
                              {
                                "Node Type": "Nested Loop",
                                "Parent Relationship": "Inner",
                                "Parallel Aware": false,
                                "Join Type": "Inner",
                                "Startup Cost": 11.63,
                                "Total Cost": 7450.55,
                                "Plan Rows": 15,
                                "Plan Width": 43,
                                "Actual Startup Time": 12.372,
                                "Actual Total Time": 80.319,
                                "Actual Rows": 141,
                                "Actual Loops": 1,
                                "Inner Unique": false,
                                "Plans": [
                                  {
                                    "Node Type": "Nested Loop",
                                    "Parent Relationship": "Outer",
                                    "Parallel Aware": false,
                                    "Join Type": "Inner",
                                    "Startup Cost": 11.21,
                                    "Total Cost": 7445.29,
                                    "Plan Rows": 11,
                                    "Plan Width": 35,
                                    "Actual Startup Time": 11.733,
                                    "Actual Total Time": 75.762,
                                    "Actual Rows": 401,
                                    "Actual Loops": 1,
                                    "Inner Unique": false,
                                    "Join Filter": "(t.kind_id = kt.id)",
                                    "Rows Removed by Join Filter": 156,
                                    "Plans": [
                                      {
                                        "Node Type": "Seq Scan",
                                        "Parent Relationship": "Outer",
                                        "Parallel Aware": false,
                                        "Relation Name": "kind_type",
                                        "Alias": "kt",
                                        "Startup Cost": 0.0,
                                        "Total Cost": 1.09,
                                        "Plan Rows": 1,
                                        "Plan Width": 14,
                                        "Actual Startup Time": 0.011,
                                        "Actual Total Time": 0.014,
                                        "Actual Rows": 1,
                                        "Actual Loops": 1,
                                        "Filter": "((kind)::text = 'movie'::text)",
                                        "Rows Removed by Filter": 6
                                      },
                                      {
                                        "Node Type": "Nested Loop",
                                        "Parent Relationship": "Inner",
                                        "Parallel Aware": false,
                                        "Join Type": "Inner",
                                        "Startup Cost": 11.21,
                                        "Total Cost": 7443.27,
                                        "Plan Rows": 74,
                                        "Plan Width": 29,
                                        "Actual Startup Time": 2.516,
                                        "Actual Total Time": 75.577,
                                        "Actual Rows": 557,
                                        "Actual Loops": 1,
                                        "Inner Unique": true,
                                        "Plans": [
                                          {
                                            "Node Type": "Nested Loop",
                                            "Parent Relationship": "Outer",
                                            "Parallel Aware": false,
                                            "Join Type": "Inner",
                                            "Startup Cost": 10.78,
                                            "Total Cost": 7377.15,
                                            "Plan Rows": 135,
                                            "Plan Width": 4,
                                            "Actual Startup Time": 2.434,
                                            "Actual Total Time": 42.13,
                                            "Actual Rows": 1133,
                                            "Actual Loops": 1,
                                            "Inner Unique": false,
                                            "Plans": [
                                              {
                                                "Node Type": "Seq Scan",
                                                "Parent Relationship": "Outer",
                                                "Parallel Aware": false,
                                                "Relation Name": "keyword",
                                                "Alias": "k",
                                                "Startup Cost": 0.0,
                                                "Total Cost": 2961.55,
                                                "Plan Rows": 4,
                                                "Plan Width": 4,
                                                "Actual Startup Time": 0.981,
                                                "Actual Total Time": 24.964,
                                                "Actual Rows": 4,
                                                "Actual Loops": 1,
                                                "Filter": "(keyword = ANY ('{nerd,loner,alienation,dignity}'::text[]))",
                                                "Rows Removed by Filter": 134166
                                              },
                                              {
                                                "Node Type": "Bitmap Heap Scan",
                                                "Parent Relationship": "Inner",
                                                "Parallel Aware": false,
                                                "Relation Name": "movie_keyword",
                                                "Alias": "mk",
                                                "Startup Cost": 10.78,
                                                "Total Cost": 1100.87,
                                                "Plan Rows": 303,
                                                "Plan Width": 8,
                                                "Actual Startup Time": 0.674,
                                                "Actual Total Time": 4.178,
                                                "Actual Rows": 283,
                                                "Actual Loops": 4,
                                                "Recheck Cond": "(keyword_id = k.id)",
                                                "Rows Removed by Index Recheck": 0,
                                                "Exact Heap Blocks": 1083,
                                                "Lossy Heap Blocks": 0,
                                                "Plans": [
                                                  {
                                                    "Node Type": "Bitmap Index Scan",
                                                    "Parent Relationship": "Outer",
                                                    "Parallel Aware": false,
                                                    "Index Name": "keyword_id_movie_keyword",
                                                    "Startup Cost": 0.0,
                                                    "Total Cost": 10.71,
                                                    "Plan Rows": 303,
                                                    "Plan Width": 0,
                                                    "Actual Startup Time": 0.602,
                                                    "Actual Total Time": 0.602,
                                                    "Actual Rows": 283,
                                                    "Actual Loops": 4,
                                                    "Index Cond": "(keyword_id = k.id)"
                                                  }
                                                ]
                                              }
                                            ]
                                          },
                                          {
                                            "Node Type": "Index Scan",
                                            "Parent Relationship": "Inner",
                                            "Parallel Aware": false,
                                            "Scan Direction": "Forward",
                                            "Index Name": "title_pkey",
                                            "Relation Name": "title",
                                            "Alias": "t",
                                            "Startup Cost": 0.43,
                                            "Total Cost": 0.49,
                                            "Plan Rows": 1,
                                            "Plan Width": 25,
                                            "Actual Startup Time": 0.028,
                                            "Actual Total Time": 0.028,
                                            "Actual Rows": 0,
                                            "Actual Loops": 1133,
                                            "Index Cond": "(id = mk.movie_id)",
                                            "Rows Removed by Index Recheck": 0,
                                            "Filter": "(production_year > 2000)",
                                            "Rows Removed by Filter": 1
                                          }
                                        ]
                                      }
                                    ]
                                  },
                                  {
                                    "Node Type": "Index Scan",
                                    "Parent Relationship": "Inner",
                                    "Parallel Aware": false,
                                    "Scan Direction": "Forward",
                                    "Index Name": "movie_id_complete_cast",
                                    "Relation Name": "complete_cast",
                                    "Alias": "cc",
                                    "Startup Cost": 0.42,
                                    "Total Cost": 0.46,
                                    "Plan Rows": 2,
                                    "Plan Width": 8,
                                    "Actual Startup Time": 0.009,
                                    "Actual Total Time": 0.01,
                                    "Actual Rows": 0,
                                    "Actual Loops": 401,
                                    "Index Cond": "(movie_id = t.id)",
                                    "Rows Removed by Index Recheck": 0
                                  }
                                ]
                              }
                            ]
                          },
                          {
                            "Node Type": "Index Scan",
                            "Parent Relationship": "Inner",
                            "Parallel Aware": false,
                            "Scan Direction": "Forward",
                            "Index Name": "movie_id_movie_companies",
                            "Relation Name": "movie_companies",
                            "Alias": "mc",
                            "Startup Cost": 0.43,
                            "Total Cost": 0.54,
                            "Plan Rows": 5,
                            "Plan Width": 12,
                            "Actual Startup Time": 0.048,
                            "Actual Total Time": 0.07,
                            "Actual Rows": 20,
                            "Actual Loops": 60,
                            "Index Cond": "(movie_id = mk.movie_id)",
                            "Rows Removed by Index Recheck": 0
                          }
                        ]
                      },
                      {
                        "Node Type": "Index Scan",
                        "Parent Relationship": "Inner",
                        "Parallel Aware": false,
                        "Scan Direction": "Forward",
                        "Index Name": "company_name_pkey",
                        "Relation Name": "company_name",
                        "Alias": "cn",
                        "Startup Cost": 0.42,
                        "Total Cost": 0.45,
                        "Plan Rows": 1,
                        "Plan Width": 4,
                        "Actual Startup Time": 0.01,
                        "Actual Total Time": 0.01,
                        "Actual Rows": 0,
                        "Actual Loops": 1218,
                        "Index Cond": "(id = mc.company_id)",
                        "Rows Removed by Index Recheck": 0,
                        "Filter": "((country_code)::text = '[us]'::text)",
                        "Rows Removed by Filter": 1
                      }
                    ]
                  },
                  {
                    "Node Type": "Seq Scan",
                    "Parent Relationship": "Inner",
                    "Parallel Aware": false,
                    "Relation Name": "company_type",
                    "Alias": "ct",
                    "Startup Cost": 0.0,
                    "Total Cost": 1.04,
                    "Plan Rows": 4,
                    "Plan Width": 4,
                    "Actual Startup Time": 0.001,
                    "Actual Total Time": 0.001,
                    "Actual Rows": 1,
                    "Actual Loops": 315
                  }
                ]
              },
              {
                "Node Type": "Index Scan",
                "Parent Relationship": "Inner",
                "Parallel Aware": false,
                "Scan Direction": "Forward",
                "Index Name": "movie_id_movie_info",
                "Relation Name": "movie_info",
                "Alias": "mi",
                "Startup Cost": 0.43,
                "Total Cost": 1.55,
                "Plan Rows": 1,
                "Plan Width": 8,
                "Actual Startup Time": 0.112,
                "Actual Total Time": 0.113,
                "Actual Rows": 0,
                "Actual Loops": 315,
                "Index Cond": "(movie_id = mk.movie_id)",
                "Rows Removed by Index Recheck": 0,
                "Filter": "((note ~~ '%internet%'::text) AND (info ~~ 'USA:% 200%'::text))",
                "Rows Removed by Filter": 268
              }
            ]
          },
          {
            "Node Type": "Seq Scan",
            "Parent Relationship": "Inner",
            "Parallel Aware": false,
            "Relation Name": "info_type",
            "Alias": "it1",
            "Startup Cost": 0.0,
            "Total Cost": 2.41,
            "Plan Rows": 1,
            "Plan Width": 4,
            "Actual Startup Time": 0.006,
            "Actual Total Time": 0.006,
            "Actual Rows": 1,
            "Actual Loops": 16,
            "Filter": "((info)::text = 'release dates'::text)",
            "Rows Removed by Filter": 15
          }
        ]
      }
    ]
  },
  "Planning Time": 69.2,
  "Triggers": [],
  "Execution Time": 136.027
}