[
  {
    "Plan": {
      "Node Type": "Aggregate",
      "Strategy": "Plain",
      "Partial Mode": "Simple",
      "Parallel Aware": false,
      "Startup Cost": 220421.27,
      "Total Cost": 220421.28,
      "Plan Rows": 1,
      "Plan Width": 8,
      "Actual Startup Time": 55.988,
      "Actual Total Time": 55.989,
      "Actual Rows": 1,
      "Actual Loops": 1,
      "Plans": [
        {
          "Node Type": "Index Scan",
          "Parent Relationship": "Outer",
          "Parallel Aware": false,
          "Scan Direction": "Forward",
          "Index Name": "person_id_cast_info",
          "Relation Name": "cast_info",
          "Alias": "ci",
          "Startup Cost": 0.56,
          "Total Cost": 220306.79,
          "Plan Rows": 45789,
          "Plan Width": 0,
          "Actual Startup Time": 0.114,
          "Actual Total Time": 44.301,
          "Actual Rows": 143563,
          "Actual Loops": 1,
          "Index Cond": "(person_id > 4039387)",
          "Rows Removed by Index Recheck": 0,
          "Filter": "(role_id > 3)",
          "Rows Removed by Filter": 0
        }
      ]
    },
    "Planning Time": 0.321,
    "Triggers": [],
    "Execution Time": 56.038
  }
]