[
  {
    "Plan": {
      "Node Type": "Aggregate",
      "Strategy": "Plain",
      "Partial Mode": "Finalize",
      "Parallel Aware": false,
      "Startup Cost": 288078.09,
      "Total Cost": 288078.1,
      "Plan Rows": 1,
      "Plan Width": 8,
      "Actual Startup Time": 3336.397,
      "Actual Total Time": 3411.803,
      "Actual Rows": 1,
      "Actual Loops": 1,
      "Plans": [
        {
          "Node Type": "Gather",
          "Parent Relationship": "Outer",
          "Parallel Aware": false,
          "Startup Cost": 288077.78,
          "Total Cost": 288078.09,
          "Plan Rows": 3,
          "Plan Width": 8,
          "Actual Startup Time": 3335.267,
          "Actual Total Time": 3411.791,
          "Actual Rows": 4,
          "Actual Loops": 1,
          "Workers Planned": 3,
          "Workers Launched": 3,
          "Single Copy": false,
          "Plans": [
            {
              "Node Type": "Aggregate",
              "Strategy": "Plain",
              "Partial Mode": "Partial",
              "Parent Relationship": "Outer",
              "Parallel Aware": false,
              "Startup Cost": 287077.78,
              "Total Cost": 287077.79,
              "Plan Rows": 1,
              "Plan Width": 8,
              "Actual Startup Time": 3325.773,
              "Actual Total Time": 3325.777,
              "Actual Rows": 1,
              "Actual Loops": 4,
              "Plans": [
                {
                  "Node Type": "Nested Loop",
                  "Parent Relationship": "Outer",
                  "Parallel Aware": false,
                  "Join Type": "Inner",
                  "Startup Cost": 44470.26,
                  "Total Cost": 283588.17,
                  "Plan Rows": 1395844,
                  "Plan Width": 0,
                  "Actual Startup Time": 124.815,
                  "Actual Total Time": 3105.238,
                  "Actual Rows": 4722357,
                  "Actual Loops": 4,
                  "Inner Unique": false,
                  "Join Filter": "(t.id = ci.movie_id)",
                  "Rows Removed by Join Filter": 0,
                  "Plans": [
                    {
                      "Node Type": "Hash Join",
                      "Parent Relationship": "Outer",
                      "Parallel Aware": true,
                      "Join Type": "Inner",
                      "Startup Cost": 44469.7,
                      "Total Cost": 90705.53,
                      "Plan Rows": 97355,
                      "Plan Width": 8,
                      "Actual Startup Time": 124.699,
                      "Actual Total Time": 355.914,
                      "Actual Rows": 141489,
                      "Actual Loops": 4,
                      "Inner Unique": true,
                      "Hash Cond": "(mk.movie_id = t.id)",
                      "Plans": [
                        {
                          "Node Type": "Seq Scan",
                          "Parent Relationship": "Outer",
                          "Parallel Aware": true,
                          "Relation Name": "movie_keyword",
                          "Alias": "mk",
                          "Startup Cost": 0.0,
                          "Total Cost": 42695.65,
                          "Plan Rows": 1348636,
                          "Plan Width": 4,
                          "Actual Startup Time": 0.032,
                          "Actual Total Time": 117.176,
                          "Actual Rows": 1045233,
                          "Actual Loops": 4,
                          "Filter": "(keyword_id < 48478)",
                          "Rows Removed by Filter": 85750
                        },
                        {
                          "Node Type": "Hash",
                          "Parent Relationship": "Inner",
                          "Parallel Aware": true,
                          "Startup Cost": 43899.32,
                          "Total Cost": 43899.32,
                          "Plan Rows": 45630,
                          "Plan Width": 4,
                          "Actual Startup Time": 121.768,
                          "Actual Total Time": 121.769,
                          "Actual Rows": 48747,
                          "Actual Loops": 4,
                          "Hash Buckets": 262144,
                          "Original Hash Buckets": 262144,
                          "Hash Batches": 1,
                          "Original Hash Batches": 1,
                          "Peak Memory Usage": 9728,
                          "Plans": [
                            {
                              "Node Type": "Seq Scan",
                              "Parent Relationship": "Outer",
                              "Parallel Aware": true,
                              "Relation Name": "title",
                              "Alias": "t",
                              "Startup Cost": 0.0,
                              "Total Cost": 43899.32,
                              "Plan Rows": 45630,
                              "Plan Width": 4,
                              "Actual Startup Time": 0.082,
                              "Actual Total Time": 103.182,
                              "Actual Rows": 48747,
                              "Actual Loops": 4,
                              "Filter": "(production_year < 1955)",
                              "Rows Removed by Filter": 583331
                            }
                          ]
                        }
                      ]
                    },
                    {
                      "Node Type": "Index Only Scan",
                      "Parent Relationship": "Inner",
                      "Parallel Aware": false,
                      "Scan Direction": "Forward",
                      "Index Name": "movie_id_cast_info",
                      "Relation Name": "cast_info",
                      "Alias": "ci",
                      "Startup Cost": 0.56,
                      "Total Cost": 1.54,
                      "Plan Rows": 35,
                      "Plan Width": 4,
                      "Actual Startup Time": 0.003,
                      "Actual Total Time": 0.016,
                      "Actual Rows": 33,
                      "Actual Loops": 565955,
                      "Index Cond": "(movie_id = mk.movie_id)",
                      "Rows Removed by Index Recheck": 0,
                      "Heap Fetches": 18889428
                    }
                  ]
                }
              ]
            }
          ]
        }
      ]
    },
    "Planning Time": 1.295,
    "Triggers": [],
    "Execution Time": 3411.928
  }
]