[
  {
    "Plan": {
      "Node Type": "Aggregate",
      "Strategy": "Plain",
      "Partial Mode": "Finalize",
      "Parallel Aware": false,
      "Startup Cost": 380161.11,
      "Total Cost": 380161.12,
      "Plan Rows": 1,
      "Plan Width": 8,
      "Actual Startup Time": 908.583,
      "Actual Total Time": 937.79,
      "Actual Rows": 1,
      "Actual Loops": 1,
      "Plans": [
        {
          "Node Type": "Gather",
          "Parent Relationship": "Outer",
          "Parallel Aware": false,
          "Startup Cost": 380160.48,
          "Total Cost": 380161.09,
          "Plan Rows": 6,
          "Plan Width": 8,
          "Actual Startup Time": 900.179,
          "Actual Total Time": 937.781,
          "Actual Rows": 7,
          "Actual Loops": 1,
          "Workers Planned": 6,
          "Workers Launched": 6,
          "Single Copy": false,
          "Plans": [
            {
              "Node Type": "Aggregate",
              "Strategy": "Plain",
              "Partial Mode": "Partial",
              "Parent Relationship": "Outer",
              "Parallel Aware": false,
              "Startup Cost": 379160.48,
              "Total Cost": 379160.49,
              "Plan Rows": 1,
              "Plan Width": 8,
              "Actual Startup Time": 892.842,
              "Actual Total Time": 892.844,
              "Actual Rows": 1,
              "Actual Loops": 7,
              "Plans": [
                {
                  "Node Type": "Hash Join",
                  "Parent Relationship": "Outer",
                  "Parallel Aware": true,
                  "Join Type": "Inner",
                  "Startup Cost": 46935.92,
                  "Total Cost": 378085.66,
                  "Plan Rows": 429928,
                  "Plan Width": 0,
                  "Actual Startup Time": 120.573,
                  "Actual Total Time": 872.909,
                  "Actual Rows": 410466,
                  "Actual Loops": 7,
                  "Inner Unique": true,
                  "Hash Cond": "(ci.movie_id = t.id)",
                  "Plans": [
                    {
                      "Node Type": "Seq Scan",
                      "Parent Relationship": "Outer",
                      "Parallel Aware": true,
                      "Relation Name": "cast_info",
                      "Alias": "ci",
                      "Startup Cost": 0.0,
                      "Total Cost": 328213.62,
                      "Plan Rows": 1118525,
                      "Plan Width": 4,
                      "Actual Startup Time": 0.018,
                      "Actual Total Time": 491.875,
                      "Actual Rows": 988004,
                      "Actual Loops": 7,
                      "Filter": "(person_id < 668628)",
                      "Rows Removed by Filter": 4189760
                    },
                    {
                      "Node Type": "Hash",
                      "Parent Relationship": "Inner",
                      "Parallel Aware": true,
                      "Startup Cost": 43899.01,
                      "Total Cost": 43899.01,
                      "Plan Rows": 242953,
                      "Plan Width": 4,
                      "Actual Startup Time": 118.521,
                      "Actual Total Time": 118.522,
                      "Actual Rows": 138741,
                      "Actual Loops": 7,
                      "Hash Buckets": 1048576,
                      "Original Hash Buckets": 1048576,
                      "Hash Batches": 1,
                      "Original Hash Batches": 1,
                      "Peak Memory Usage": 46272,
                      "Plans": [
                        {
                          "Node Type": "Seq Scan",
                          "Parent Relationship": "Outer",
                          "Parallel Aware": true,
                          "Relation Name": "title",
                          "Alias": "t",
                          "Startup Cost": 0.0,
                          "Total Cost": 43899.01,
                          "Plan Rows": 242953,
                          "Plan Width": 4,
                          "Actual Startup Time": 0.027,
                          "Actual Total Time": 66.321,
                          "Actual Rows": 138741,
                          "Actual Loops": 7,
                          "Filter": "(production_year < 1999)",
                          "Rows Removed by Filter": 222446
                        }
                      ]
                    }
                  ]
                }
              ]
            }
          ]
        }
      ]
    },
    "Planning Time": 0.208,
    "Triggers": [],
    "Execution Time": 937.826
  }
]