{
  "Plan": {
    "Node Type": "Aggregate",
    "Strategy": "Plain",
    "Partial Mode": "Finalize",
    "Parallel Aware": false,
    "Startup Cost": 89150.04,
    "Total Cost": 89150.05,
    "Plan Rows": 1,
    "Plan Width": 8,
    "Actual Startup Time": 244.508,
    "Actual Total Time": 260.522,
    "Actual Rows": 1,
    "Actual Loops": 1,
    "Plans": [
      {
        "Node Type": "Gather",
        "Parent Relationship": "Outer",
        "Parallel Aware": false,
        "Startup Cost": 89149.92,
        "Total Cost": 89150.03,
        "Plan Rows": 1,
        "Plan Width": 8,
        "Actual Startup Time": 243.94,
        "Actual Total Time": 260.514,
        "Actual Rows": 2,
        "Actual Loops": 1,
        "Workers Planned": 1,
        "Workers Launched": 1,
        "Single Copy": false,
        "Plans": [
          {
            "Node Type": "Aggregate",
            "Strategy": "Plain",
            "Partial Mode": "Partial",
            "Parent Relationship": "Outer",
            "Parallel Aware": false,
            "Startup Cost": 88149.92,
            "Total Cost": 88149.93,
            "Plan Rows": 1,
            "Plan Width": 8,
            "Actual Startup Time": 237.898,
            "Actual Total Time": 237.901,
            "Actual Rows": 1,
            "Actual Loops": 2,
            "Plans": [
              {
                "Node Type": "Hash Join",
                "Parent Relationship": "Outer",
                "Parallel Aware": true,
                "Join Type": "Inner",
                "Startup Cost": 66323.28,
                "Total Cost": 88132.14,
                "Plan Rows": 7115,
                "Plan Width": 0,
                "Actual Startup Time": 173.731,
                "Actual Total Time": 237.72,
                "Actual Rows": 2142,
                "Actual Loops": 2,
                "Inner Unique": true,
                "Hash Cond": "(mc.movie_id = t.id)",
                "Plans": [
                  {
                    "Node Type": "Bitmap Heap Scan",
                    "Parent Relationship": "Outer",
                    "Parallel Aware": true,
                    "Relation Name": "movie_companies",
                    "Alias": "mc",
                    "Startup Cost": 7354.08,
                    "Total Cost": 28639.01,
                    "Plan Rows": 199594,
                    "Plan Width": 4,
                    "Actual Startup Time": 18.338,
                    "Actual Total Time": 58.504,
                    "Actual Rows": 167228,
                    "Actual Loops": 2,
                    "Recheck Cond": "(company_id < 166)",
                    "Rows Removed by Index Recheck": 0,
                    "Exact Heap Blocks": 10783,
                    "Lossy Heap Blocks": 0,
                    "Plans": [
                      {
                        "Node Type": "Bitmap Index Scan",
                        "Parent Relationship": "Outer",
                        "Parallel Aware": false,
                        "Index Name": "company_id_movie_companies",
                        "Startup Cost": 0.0,
                        "Total Cost": 7269.26,
                        "Plan Rows": 339310,
                        "Plan Width": 0,
                        "Actual Startup Time": 15.695,
                        "Actual Total Time": 15.696,
                        "Actual Rows": 334457,
                        "Actual Loops": 1,
                        "Index Cond": "(company_id < 166)"
                      }
                    ]
                  },
                  {
                    "Node Type": "Hash",
                    "Parent Relationship": "Inner",
                    "Parallel Aware": true,
                    "Startup Cost": 58306.47,
                    "Total Cost": 58306.47,
                    "Plan Rows": 53018,
                    "Plan Width": 4,
                    "Actual Startup Time": 153.045,
                    "Actual Total Time": 153.045,
                    "Actual Rows": 40495,
                    "Actual Loops": 2,
                    "Hash Buckets": 131072,
                    "Original Hash Buckets": 131072,
                    "Hash Batches": 1,
                    "Original Hash Batches": 1,
                    "Peak Memory Usage": 4224,
                    "Plans": [
                      {
                        "Node Type": "Seq Scan",
                        "Parent Relationship": "Outer",
                        "Parallel Aware": true,
                        "Relation Name": "title",
                        "Alias": "t",
                        "Startup Cost": 0.0,
                        "Total Cost": 58306.47,
                        "Plan Rows": 53018,
                        "Plan Width": 4,
                        "Actual Startup Time": 0.158,
                        "Actual Total Time": 142.639,
                        "Actual Rows": 40495,
                        "Actual Loops": 2,
                        "Filter": "((kind_id < 7) AND (production_year > 2011))",
                        "Rows Removed by Filter": 1223661
                      }
                    ]
                  }
                ]
              }
            ]
          }
        ]
      }
    ]
  },
  "Planning Time": 0.444,
  "Triggers": [],
  "Execution Time": 260.611
}