{
  "Plan": {
    "Node Type": "Aggregate",
    "Strategy": "Plain",
    "Partial Mode": "Finalize",
    "Parallel Aware": false,
    "Startup Cost": 88758.41,
    "Total Cost": 88758.42,
    "Plan Rows": 1,
    "Plan Width": 8,
    "Actual Startup Time": 397.922,
    "Actual Total Time": 409.97,
    "Actual Rows": 1,
    "Actual Loops": 1,
    "Plans": [
      {
        "Node Type": "Gather",
        "Parent Relationship": "Outer",
        "Parallel Aware": false,
        "Startup Cost": 88758.3,
        "Total Cost": 88758.41,
        "Plan Rows": 1,
        "Plan Width": 8,
        "Actual Startup Time": 397.148,
        "Actual Total Time": 409.961,
        "Actual Rows": 2,
        "Actual Loops": 1,
        "Workers Planned": 1,
        "Workers Launched": 1,
        "Single Copy": false,
        "Plans": [
          {
            "Node Type": "Aggregate",
            "Strategy": "Plain",
            "Partial Mode": "Partial",
            "Parent Relationship": "Outer",
            "Parallel Aware": false,
            "Startup Cost": 87758.3,
            "Total Cost": 87758.31,
            "Plan Rows": 1,
            "Plan Width": 8,
            "Actual Startup Time": 393.634,
            "Actual Total Time": 393.784,
            "Actual Rows": 1,
            "Actual Loops": 2,
            "Plans": [
              {
                "Node Type": "Hash Join",
                "Parent Relationship": "Outer",
                "Parallel Aware": true,
                "Join Type": "Inner",
                "Startup Cost": 26990.9,
                "Total Cost": 87578.79,
                "Plan Rows": 71804,
                "Plan Width": 0,
                "Actual Startup Time": 245.313,
                "Actual Total Time": 388.82,
                "Actual Rows": 119556,
                "Actual Loops": 2,
                "Inner Unique": false,
                "Hash Cond": "(t.id = mc.movie_id)",
                "Plans": [
                  {
                    "Node Type": "Seq Scan",
                    "Parent Relationship": "Outer",
                    "Parallel Aware": true,
                    "Relation Name": "title",
                    "Alias": "t",
                    "Startup Cost": 0.0,
                    "Total Cost": 50870.31,
                    "Plan Rows": 1487231,
                    "Plan Width": 4,
                    "Actual Startup Time": 0.01,
                    "Actual Total Time": 117.228,
                    "Actual Rows": 1264156,
                    "Actual Loops": 2
                  },
                  {
                    "Node Type": "Hash",
                    "Parent Relationship": "Inner",
                    "Parallel Aware": true,
                    "Startup Cost": 26093.35,
                    "Total Cost": 26093.35,
                    "Plan Rows": 71804,
                    "Plan Width": 4,
                    "Actual Startup Time": 75.384,
                    "Actual Total Time": 75.385,
                    "Actual Rows": 119556,
                    "Actual Loops": 2,
                    "Hash Buckets": 262144,
                    "Original Hash Buckets": 131072,
                    "Hash Batches": 1,
                    "Original Hash Batches": 1,
                    "Peak Memory Usage": 12480,
                    "Plans": [
                      {
                        "Node Type": "Bitmap Heap Scan",
                        "Parent Relationship": "Outer",
                        "Parallel Aware": true,
                        "Relation Name": "movie_companies",
                        "Alias": "mc",
                        "Startup Cost": 5182.05,
                        "Total Cost": 26093.35,
                        "Plan Rows": 71804,
                        "Plan Width": 4,
                        "Actual Startup Time": 14.817,
                        "Actual Total Time": 47.961,
                        "Actual Rows": 119556,
                        "Actual Loops": 2,
                        "Recheck Cond": "(company_id > 103301)",
                        "Rows Removed by Index Recheck": 0,
                        "Filter": "(company_type_id > 1)",
                        "Rows Removed by Filter": 0,
                        "Exact Heap Blocks": 3040,
                        "Lossy Heap Blocks": 0,
                        "Plans": [
                          {
                            "Node Type": "Bitmap Index Scan",
                            "Parent Relationship": "Outer",
                            "Parallel Aware": false,
                            "Index Name": "company_id_movie_companies",
                            "Startup Cost": 0.0,
                            "Total Cost": 5151.53,
                            "Plan Rows": 240414,
                            "Plan Width": 0,
                            "Actual Startup Time": 16.63,
                            "Actual Total Time": 16.63,
                            "Actual Rows": 239113,
                            "Actual Loops": 1,
                            "Index Cond": "(company_id > 103301)"
                          }
                        ]
                      }
                    ]
                  }
                ]
              }
            ]
          }
        ]
      }
    ]
  },
  "Planning Time": 0.315,
  "Triggers": [],
  "Execution Time": 410.017
}