[
    {
        "Bao": {
            "Bao prediction": "NaN",
            "Bao recommended hint": "(no hint)"
        }
    },
    {
        "Plan": {
            "Node Type": "Aggregate",
            "Strategy": "Plain",
            "Partial Mode": "Finalize",
            "Parallel Aware": false,
            "Startup Cost": 267902.41,
            "Total Cost": 267902.42,
            "Plan Rows": 1,
            "Plan Width": 8,
            "Actual Startup Time": 552.207,
            "Actual Total Time": 569.247,
            "Actual Rows": 1,
            "Actual Loops": 1,
            "Output": [
                "count(*)"
            ],
            "Plans": [
                {
                    "Node Type": "Gather",
                    "Parent Relationship": "Outer",
                    "Parallel Aware": false,
                    "Startup Cost": 267901.89,
                    "Total Cost": 267902.4,
                    "Plan Rows": 5,
                    "Plan Width": 8,
                    "Actual Startup Time": 541.946,
                    "Actual Total Time": 569.239,
                    "Actual Rows": 6,
                    "Actual Loops": 1,
                    "Output": [
                        "(PARTIAL count(*))"
                    ],
                    "Workers Planned": 5,
                    "Workers Launched": 5,
                    "Single Copy": false,
                    "Plans": [
                        {
                            "Node Type": "Aggregate",
                            "Strategy": "Plain",
                            "Partial Mode": "Partial",
                            "Parent Relationship": "Outer",
                            "Parallel Aware": false,
                            "Startup Cost": 266901.89,
                            "Total Cost": 266901.9,
                            "Plan Rows": 1,
                            "Plan Width": 8,
                            "Actual Startup Time": 531.747,
                            "Actual Total Time": 531.846,
                            "Actual Rows": 1,
                            "Actual Loops": 6,
                            "Output": [
                                "PARTIAL count(*)"
                            ],
                            "Workers": [
                                {
                                    "Worker Number": 0,
                                    "Actual Startup Time": 529.382,
                                    "Actual Total Time": 529.389,
                                    "Actual Rows": 1,
                                    "Actual Loops": 1
                                },
                                {
                                    "Worker Number": 1,
                                    "Actual Startup Time": 529.439,
                                    "Actual Total Time": 529.445,
                                    "Actual Rows": 1,
                                    "Actual Loops": 1
                                },
                                {
                                    "Worker Number": 2,
                                    "Actual Startup Time": 529.739,
                                    "Actual Total Time": 529.744,
                                    "Actual Rows": 1,
                                    "Actual Loops": 1
                                },
                                {
                                    "Worker Number": 3,
                                    "Actual Startup Time": 529.86,
                                    "Actual Total Time": 529.867,
                                    "Actual Rows": 1,
                                    "Actual Loops": 1
                                },
                                {
                                    "Worker Number": 4,
                                    "Actual Startup Time": 530.742,
                                    "Actual Total Time": 530.748,
                                    "Actual Rows": 1,
                                    "Actual Loops": 1
                                }
                            ],
                            "Plans": [
                                {
                                    "Node Type": "Hash Join",
                                    "Parent Relationship": "Outer",
                                    "Parallel Aware": true,
                                    "Join Type": "Inner",
                                    "Startup Cost": 101181.43,
                                    "Total Cost": 266770.78,
                                    "Plan Rows": 52443,
                                    "Plan Width": 0,
                                    "Actual Startup Time": 390.849,
                                    "Actual Total Time": 523.339,
                                    "Actual Rows": 102361,
                                    "Actual Loops": 6,
                                    "Inner Unique": false,
                                    "Hash Cond": "(mi.movie_id = t.id)",
                                    "Workers": [
                                        {
                                            "Worker Number": 0,
                                            "Actual Startup Time": 388.014,
                                            "Actual Total Time": 520.584,
                                            "Actual Rows": 113969,
                                            "Actual Loops": 1
                                        },
                                        {
                                            "Worker Number": 1,
                                            "Actual Startup Time": 388.994,
                                            "Actual Total Time": 520.68,
                                            "Actual Rows": 93608,
                                            "Actual Loops": 1
                                        },
                                        {
                                            "Worker Number": 2,
                                            "Actual Startup Time": 388.792,
                                            "Actual Total Time": 521.326,
                                            "Actual Rows": 90486,
                                            "Actual Loops": 1
                                        },
                                        {
                                            "Worker Number": 3,
                                            "Actual Startup Time": 389.989,
                                            "Actual Total Time": 521.299,
                                            "Actual Rows": 89715,
                                            "Actual Loops": 1
                                        },
                                        {
                                            "Worker Number": 4,
                                            "Actual Startup Time": 389.168,
                                            "Actual Total Time": 522.606,
                                            "Actual Rows": 81202,
                                            "Actual Loops": 1
                                        }
                                    ],
                                    "Plans": [
                                        {
                                            "Node Type": "Bitmap Heap Scan",
                                            "Parent Relationship": "Outer",
                                            "Parallel Aware": true,
                                            "Relation Name": "movie_info",
                                            "Schema": "public",
                                            "Alias": "mi",
                                            "Startup Cost": 19335.7,
                                            "Total Cost": 183994.27,
                                            "Plan Rows": 213246,
                                            "Plan Width": 4,
                                            "Actual Startup Time": 80.761,
                                            "Actual Total Time": 155.776,
                                            "Actual Rows": 180528,
                                            "Actual Loops": 6,
                                            "Output": [
                                                "mi.id",
                                                "mi.movie_id",
                                                "mi.info_type_id",
                                                "mi.info",
                                                "mi.note"
                                            ],
                                            "Recheck Cond": "(mi.info_type_id > 70)",
                                            "Rows Removed by Index Recheck": 0,
                                            "Exact Heap Blocks": 10044,
                                            "Lossy Heap Blocks": 0,
                                            "Workers": [
                                                {
                                                    "Worker Number": 0,
                                                    "Actual Startup Time": 80.433,
                                                    "Actual Total Time": 156.999,
                                                    "Actual Rows": 190075,
                                                    "Actual Loops": 1
                                                },
                                                {
                                                    "Worker Number": 1,
                                                    "Actual Startup Time": 81.151,
                                                    "Actual Total Time": 157.255,
                                                    "Actual Rows": 166454,
                                                    "Actual Loops": 1
                                                },
                                                {
                                                    "Worker Number": 2,
                                                    "Actual Startup Time": 80.73,
                                                    "Actual Total Time": 158.781,
                                                    "Actual Rows": 152868,
                                                    "Actual Loops": 1
                                                },
                                                {
                                                    "Worker Number": 3,
                                                    "Actual Startup Time": 80.964,
                                                    "Actual Total Time": 157.367,
                                                    "Actual Rows": 157660,
                                                    "Actual Loops": 1
                                                },
                                                {
                                                    "Worker Number": 4,
                                                    "Actual Startup Time": 80.712,
                                                    "Actual Total Time": 159.196,
                                                    "Actual Rows": 142048,
                                                    "Actual Loops": 1
                                                }
                                            ],
                                            "Plans": [
                                                {
                                                    "Node Type": "Bitmap Index Scan",
                                                    "Parent Relationship": "Outer",
                                                    "Parallel Aware": false,
                                                    "Index Name": "info_type_id_movie_info",
                                                    "Startup Cost": 0.0,
                                                    "Total Cost": 19069.15,
                                                    "Plan Rows": 1066228,
                                                    "Plan Width": 0,
                                                    "Actual Startup Time": 71.751,
                                                    "Actual Total Time": 71.752,
                                                    "Actual Rows": 1083166,
                                                    "Actual Loops": 1,
                                                    "Index Cond": "(mi.info_type_id > 70)",
                                                    "Workers": [
                                                        {
                                                            "Worker Number": 0,
                                                            "Actual Startup Time": 71.751,
                                                            "Actual Total Time": 71.752,
                                                            "Actual Rows": 1083166,
                                                            "Actual Loops": 1
                                                        }
                                                    ]
                                                }
                                            ]
                                        },
                                        {
                                            "Node Type": "Hash",
                                            "Parent Relationship": "Inner",
                                            "Parallel Aware": true,
                                            "Startup Cost": 79902.65,
                                            "Total Cost": 79902.65,
                                            "Plan Rows": 155446,
                                            "Plan Width": 8,
                                            "Actual Startup Time": 307.672,
                                            "Actual Total Time": 307.769,
                                            "Actual Rows": 66549,
                                            "Actual Loops": 6,
                                            "Output": [
                                                "t.id",
                                                "mc.movie_id"
                                            ],
                                            "Hash Buckets": 1048576,
                                            "Original Hash Buckets": 1048576,
                                            "Hash Batches": 1,
                                            "Original Hash Batches": 1,
                                            "Peak Memory Usage": 23904,
                                            "Workers": [
                                                {
                                                    "Worker Number": 0,
                                                    "Actual Startup Time": 307.128,
                                                    "Actual Total Time": 307.133,
                                                    "Actual Rows": 62008,
                                                    "Actual Loops": 1
                                                },
                                                {
                                                    "Worker Number": 1,
                                                    "Actual Startup Time": 307.173,
                                                    "Actual Total Time": 307.177,
                                                    "Actual Rows": 62382,
                                                    "Actual Loops": 1
                                                },
                                                {
                                                    "Worker Number": 2,
                                                    "Actual Startup Time": 307.416,
                                                    "Actual Total Time": 307.42,
                                                    "Actual Rows": 58465,
                                                    "Actual Loops": 1
                                                },
                                                {
                                                    "Worker Number": 3,
                                                    "Actual Startup Time": 307.565,
                                                    "Actual Total Time": 307.57,
                                                    "Actual Rows": 61274,
                                                    "Actual Loops": 1
                                                },
                                                {
                                                    "Worker Number": 4,
                                                    "Actual Startup Time": 307.776,
                                                    "Actual Total Time": 307.779,
                                                    "Actual Rows": 54914,
                                                    "Actual Loops": 1
                                                }
                                            ],
                                            "Plans": [
                                                {
                                                    "Node Type": "Hash Join",
                                                    "Parent Relationship": "Outer",
                                                    "Parallel Aware": true,
                                                    "Join Type": "Inner",
                                                    "Startup Cost": 33922.01,
                                                    "Total Cost": 79902.65,
                                                    "Plan Rows": 155446,
                                                    "Plan Width": 8,
                                                    "Actual Startup Time": 104.026,
                                                    "Actual Total Time": 279.275,
                                                    "Actual Rows": 66549,
                                                    "Actual Loops": 6,
                                                    "Output": [
                                                        "t.id",
                                                        "mc.movie_id"
                                                    ],
                                                    "Inner Unique": false,
                                                    "Hash Cond": "(t.id = mc.movie_id)",
                                                    "Workers": [
                                                        {
                                                            "Worker Number": 0,
                                                            "Actual Startup Time": 103.479,
                                                            "Actual Total Time": 280.246,
                                                            "Actual Rows": 62008,
                                                            "Actual Loops": 1
                                                        },
                                                        {
                                                            "Worker Number": 1,
                                                            "Actual Startup Time": 103.54,
                                                            "Actual Total Time": 279.631,
                                                            "Actual Rows": 62382,
                                                            "Actual Loops": 1
                                                        },
                                                        {
                                                            "Worker Number": 2,
                                                            "Actual Startup Time": 103.641,
                                                            "Actual Total Time": 278.346,
                                                            "Actual Rows": 58465,
                                                            "Actual Loops": 1
                                                        },
                                                        {
                                                            "Worker Number": 3,
                                                            "Actual Startup Time": 103.976,
                                                            "Actual Total Time": 278.585,
                                                            "Actual Rows": 61274,
                                                            "Actual Loops": 1
                                                        },
                                                        {
                                                            "Worker Number": 4,
                                                            "Actual Startup Time": 104.224,
                                                            "Actual Total Time": 280.954,
                                                            "Actual Rows": 54914,
                                                            "Actual Loops": 1
                                                        }
                                                    ],
                                                    "Plans": [
                                                        {
                                                            "Node Type": "Seq Scan",
                                                            "Parent Relationship": "Outer",
                                                            "Parallel Aware": true,
                                                            "Relation Name": "title",
                                                            "Schema": "public",
                                                            "Alias": "t",
                                                            "Startup Cost": 0.0,
                                                            "Total Cost": 42318.81,
                                                            "Plan Rows": 632080,
                                                            "Plan Width": 4,
                                                            "Actual Startup Time": 0.017,
                                                            "Actual Total Time": 69.298,
                                                            "Actual Rows": 421385,
                                                            "Actual Loops": 6,
                                                            "Output": [
                                                                "t.id",
                                                                "t.title",
                                                                "t.imdb_index",
                                                                "t.kind_id",
                                                                "t.production_year",
                                                                "t.imdb_id",
                                                                "t.phonetic_code",
                                                                "t.episode_of_id",
                                                                "t.season_nr",
                                                                "t.episode_nr",
                                                                "t.series_years",
                                                                "t.md5sum"
                                                            ],
                                                            "Workers": [
                                                                {
                                                                    "Worker Number": 0,
                                                                    "Actual Startup Time": 0.028,
                                                                    "Actual Total Time": 72.848,
                                                                    "Actual Rows": 394455,
                                                                    "Actual Loops": 1
                                                                },
                                                                {
                                                                    "Worker Number": 1,
                                                                    "Actual Startup Time": 0.018,
                                                                    "Actual Total Time": 72.64,
                                                                    "Actual Rows": 395539,
                                                                    "Actual Loops": 1
                                                                },
                                                                {
                                                                    "Worker Number": 2,
                                                                    "Actual Startup Time": 0.008,
                                                                    "Actual Total Time": 70.766,
                                                                    "Actual Rows": 369113,
                                                                    "Actual Loops": 1
                                                                },
                                                                {
                                                                    "Worker Number": 3,
                                                                    "Actual Startup Time": 0.024,
                                                                    "Actual Total Time": 71.78,
                                                                    "Actual Rows": 388768,
                                                                    "Actual Loops": 1
                                                                },
                                                                {
                                                                    "Worker Number": 4,
                                                                    "Actual Startup Time": 0.018,
                                                                    "Actual Total Time": 74.851,
                                                                    "Actual Rows": 345794,
                                                                    "Actual Loops": 1
                                                                }
                                                            ]
                                                        },
                                                        {
                                                            "Node Type": "Hash",
                                                            "Parent Relationship": "Inner",
                                                            "Parallel Aware": true,
                                                            "Startup Cost": 31414.82,
                                                            "Total Cost": 31414.82,
                                                            "Plan Rows": 200575,
                                                            "Plan Width": 4,
                                                            "Actual Startup Time": 102.65,
                                                            "Actual Total Time": 102.651,
                                                            "Actual Rows": 66549,
                                                            "Actual Loops": 6,
                                                            "Output": [
                                                                "mc.movie_id"
                                                            ],
                                                            "Hash Buckets": 1048576,
                                                            "Original Hash Buckets": 1048576,
                                                            "Hash Batches": 1,
                                                            "Original Hash Batches": 1,
                                                            "Peak Memory Usage": 23872,
                                                            "Workers": [
                                                                {
                                                                    "Worker Number": 0,
                                                                    "Actual Startup Time": 103.139,
                                                                    "Actual Total Time": 103.141,
                                                                    "Actual Rows": 61242,
                                                                    "Actual Loops": 1
                                                                },
                                                                {
                                                                    "Worker Number": 1,
                                                                    "Actual Startup Time": 103.225,
                                                                    "Actual Total Time": 103.226,
                                                                    "Actual Rows": 62619,
                                                                    "Actual Loops": 1
                                                                },
                                                                {
                                                                    "Worker Number": 2,
                                                                    "Actual Startup Time": 103.538,
                                                                    "Actual Total Time": 103.54,
                                                                    "Actual Rows": 57030,
                                                                    "Actual Loops": 1
                                                                },
                                                                {
                                                                    "Worker Number": 3,
                                                                    "Actual Startup Time": 103.628,
                                                                    "Actual Total Time": 103.63,
                                                                    "Actual Rows": 62163,
                                                                    "Actual Loops": 1
                                                                },
                                                                {
                                                                    "Worker Number": 4,
                                                                    "Actual Startup Time": 104.004,
                                                                    "Actual Total Time": 104.005,
                                                                    "Actual Rows": 51985,
                                                                    "Actual Loops": 1
                                                                }
                                                            ],
                                                            "Plans": [
                                                                {
                                                                    "Node Type": "Seq Scan",
                                                                    "Parent Relationship": "Outer",
                                                                    "Parallel Aware": true,
                                                                    "Relation Name": "movie_companies",
                                                                    "Schema": "public",
                                                                    "Alias": "mc",
                                                                    "Startup Cost": 0.0,
                                                                    "Total Cost": 31414.82,
                                                                    "Plan Rows": 200575,
                                                                    "Plan Width": 4,
                                                                    "Actual Startup Time": 39.713,
                                                                    "Actual Total Time": 71.491,
                                                                    "Actual Rows": 66549,
                                                                    "Actual Loops": 6,
                                                                    "Output": [
                                                                        "mc.movie_id"
                                                                    ],
                                                                    "Filter": "((mc.company_id < 11137) AND (mc.company_type_id > 1))",
                                                                    "Rows Removed by Filter": 368306,
                                                                    "Workers": [
                                                                        {
                                                                            "Worker Number": 0,
                                                                            "Actual Startup Time": 39.716,
                                                                            "Actual Total Time": 72.118,
                                                                            "Actual Rows": 61242,
                                                                            "Actual Loops": 1
                                                                        },
                                                                        {
                                                                            "Worker Number": 1,
                                                                            "Actual Startup Time": 39.715,
                                                                            "Actual Total Time": 72.575,
                                                                            "Actual Rows": 62619,
                                                                            "Actual Loops": 1
                                                                        },
                                                                        {
                                                                            "Worker Number": 2,
                                                                            "Actual Startup Time": 39.613,
                                                                            "Actual Total Time": 71.042,
                                                                            "Actual Rows": 57030,
                                                                            "Actual Loops": 1
                                                                        },
                                                                        {
                                                                            "Worker Number": 3,
                                                                            "Actual Startup Time": 39.733,
                                                                            "Actual Total Time": 72.112,
                                                                            "Actual Rows": 62163,
                                                                            "Actual Loops": 1
                                                                        },
                                                                        {
                                                                            "Worker Number": 4,
                                                                            "Actual Startup Time": 39.664,
                                                                            "Actual Total Time": 72.312,
                                                                            "Actual Rows": 51985,
                                                                            "Actual Loops": 1
                                                                        }
                                                                    ]
                                                                }
                                                            ]
                                                        }
                                                    ]
                                                }
                                            ]
                                        }
                                    ]
                                }
                            ]
                        }
                    ]
                }
            ]
        },
        "Planning Time": 200.922,
        "Triggers": [],
        "Execution Time": 569.37
    }
]