[
  {
    "Plan": {
      "Node Type": "Aggregate",
      "Strategy": "Plain",
      "Partial Mode": "Finalize",
      "Parallel Aware": false,
      "Startup Cost": 73436.84,
      "Total Cost": 73436.85,
      "Plan Rows": 1,
      "Plan Width": 8,
      "Actual Startup Time": 168.992,
      "Actual Total Time": 184.462,
      "Actual Rows": 1,
      "Actual Loops": 1,
      "Plans": [
        {
          "Node Type": "Gather",
          "Parent Relationship": "Outer",
          "Parallel Aware": false,
          "Startup Cost": 73436.52,
          "Total Cost": 73436.83,
          "Plan Rows": 3,
          "Plan Width": 8,
          "Actual Startup Time": 167.882,
          "Actual Total Time": 184.445,
          "Actual Rows": 4,
          "Actual Loops": 1,
          "Workers Planned": 3,
          "Workers Launched": 3,
          "Single Copy": false,
          "Plans": [
            {
              "Node Type": "Aggregate",
              "Strategy": "Plain",
              "Partial Mode": "Partial",
              "Parent Relationship": "Outer",
              "Parallel Aware": false,
              "Startup Cost": 72436.52,
              "Total Cost": 72436.53,
              "Plan Rows": 1,
              "Plan Width": 8,
              "Actual Startup Time": 158.763,
              "Actual Total Time": 158.855,
              "Actual Rows": 1,
              "Actual Loops": 4,
              "Plans": [
                {
                  "Node Type": "Hash Join",
                  "Parent Relationship": "Outer",
                  "Parallel Aware": true,
                  "Join Type": "Inner",
                  "Startup Cost": 47542.24,
                  "Total Cost": 72435.11,
                  "Plan Rows": 564,
                  "Plan Width": 0,
                  "Actual Startup Time": 125.88,
                  "Actual Total Time": 158.555,
                  "Actual Rows": 3533,
                  "Actual Loops": 4,
                  "Inner Unique": true,
                  "Hash Cond": "(mk.movie_id = t.id)",
                  "Plans": [
                    {
                      "Node Type": "Bitmap Heap Scan",
                      "Parent Relationship": "Outer",
                      "Parallel Aware": true,
                      "Relation Name": "movie_keyword",
                      "Alias": "mk",
                      "Startup Cost": 1909.55,
                      "Total Cost": 26726.26,
                      "Plan Rows": 29016,
                      "Plan Width": 4,
                      "Actual Startup Time": 9.106,
                      "Actual Total Time": 36.587,
                      "Actual Rows": 22016,
                      "Actual Loops": 4,
                      "Recheck Cond": "(keyword_id > 85457)",
                      "Rows Removed by Index Recheck": 0,
                      "Exact Heap Blocks": 5288,
                      "Lossy Heap Blocks": 0,
                      "Plans": [
                        {
                          "Node Type": "Bitmap Index Scan",
                          "Parent Relationship": "Outer",
                          "Parallel Aware": false,
                          "Index Name": "keyword_id_movie_keyword",
                          "Startup Cost": 0.0,
                          "Total Cost": 1887.06,
                          "Plan Rows": 89951,
                          "Plan Width": 0,
                          "Actual Startup Time": 6.703,
                          "Actual Total Time": 6.704,
                          "Actual Rows": 88065,
                          "Actual Loops": 1,
                          "Index Cond": "(keyword_id > 85457)"
                        }
                      ]
                    },
                    {
                      "Node Type": "Hash",
                      "Parent Relationship": "Inner",
                      "Parallel Aware": true,
                      "Startup Cost": 45479.1,
                      "Total Cost": 45479.1,
                      "Plan Rows": 12287,
                      "Plan Width": 4,
                      "Actual Startup Time": 115.425,
                      "Actual Total Time": 115.426,
                      "Actual Rows": 43600,
                      "Actual Loops": 4,
                      "Hash Buckets": 262144,
                      "Original Hash Buckets": 65536,
                      "Hash Batches": 1,
                      "Original Hash Batches": 1,
                      "Peak Memory Usage": 10496,
                      "Plans": [
                        {
                          "Node Type": "Seq Scan",
                          "Parent Relationship": "Outer",
                          "Parallel Aware": true,
                          "Relation Name": "title",
                          "Alias": "t",
                          "Startup Cost": 0.0,
                          "Total Cost": 45479.1,
                          "Plan Rows": 12287,
                          "Plan Width": 4,
                          "Actual Startup Time": 60.359,
                          "Actual Total Time": 98.198,
                          "Actual Rows": 43600,
                          "Actual Loops": 4,
                          "Filter": "((production_year < 1955) AND (kind_id = 1))",
                          "Rows Removed by Filter": 588478
                        }
                      ]
                    }
                  ]
                }
              ]
            }
          ]
        }
      ]
    },
    "Planning Time": 0.685,
    "Triggers": [],
    "Execution Time": 184.555
  }
]