[
  {
    "Plan": {
      "Node Type": "Aggregate",
      "Strategy": "Plain",
      "Partial Mode": "Finalize",
      "Parallel Aware": false,
      "Startup Cost": 213950.94,
      "Total Cost": 213950.95,
      "Plan Rows": 1,
      "Plan Width": 8,
      "Actual Startup Time": 658.478,
      "Actual Total Time": 703.492,
      "Actual Rows": 1,
      "Actual Loops": 1,
      "Plans": [
        {
          "Node Type": "Gather",
          "Parent Relationship": "Outer",
          "Parallel Aware": false,
          "Startup Cost": 213950.62,
          "Total Cost": 213950.93,
          "Plan Rows": 3,
          "Plan Width": 8,
          "Actual Startup Time": 654.807,
          "Actual Total Time": 703.484,
          "Actual Rows": 4,
          "Actual Loops": 1,
          "Workers Planned": 3,
          "Workers Launched": 3,
          "Single Copy": false,
          "Plans": [
            {
              "Node Type": "Aggregate",
              "Strategy": "Plain",
              "Partial Mode": "Partial",
              "Parent Relationship": "Outer",
              "Parallel Aware": false,
              "Startup Cost": 212950.62,
              "Total Cost": 212950.63,
              "Plan Rows": 1,
              "Plan Width": 8,
              "Actual Startup Time": 645.166,
              "Actual Total Time": 645.169,
              "Actual Rows": 1,
              "Actual Loops": 4,
              "Plans": [
                {
                  "Node Type": "Nested Loop",
                  "Parent Relationship": "Outer",
                  "Parallel Aware": false,
                  "Join Type": "Inner",
                  "Startup Cost": 45972.03,
                  "Total Cost": 212271.59,
                  "Plan Rows": 271610,
                  "Plan Width": 0,
                  "Actual Startup Time": 233.959,
                  "Actual Total Time": 617.608,
                  "Actual Rows": 526744,
                  "Actual Loops": 4,
                  "Inner Unique": false,
                  "Plans": [
                    {
                      "Node Type": "Hash Join",
                      "Parent Relationship": "Outer",
                      "Parallel Aware": true,
                      "Join Type": "Inner",
                      "Startup Cost": 45971.59,
                      "Total Cost": 77851.21,
                      "Plan Rows": 46451,
                      "Plan Width": 8,
                      "Actual Startup Time": 233.86,
                      "Actual Total Time": 271.161,
                      "Actual Rows": 14982,
                      "Actual Loops": 4,
                      "Inner Unique": true,
                      "Hash Cond": "(mc.movie_id = t.id)",
                      "Plans": [
                        {
                          "Node Type": "Seq Scan",
                          "Parent Relationship": "Outer",
                          "Parallel Aware": true,
                          "Relation Name": "movie_companies",
                          "Alias": "mc",
                          "Startup Cost": 0.0,
                          "Total Cost": 31414.82,
                          "Plan Rows": 177068,
                          "Plan Width": 4,
                          "Actual Startup Time": 34.273,
                          "Actual Total Time": 69.997,
                          "Actual Rows": 84707,
                          "Actual Loops": 4,
                          "Filter": "((company_id < 6926) AND (company_type_id = 2))",
                          "Rows Removed by Filter": 567575
                        },
                        {
                          "Node Type": "Hash",
                          "Parent Relationship": "Inner",
                          "Parallel Aware": true,
                          "Startup Cost": 43898.92,
                          "Total Cost": 43898.92,
                          "Plan Rows": 165814,
                          "Plan Width": 4,
                          "Actual Startup Time": 164.132,
                          "Actual Total Time": 164.133,
                          "Actual Rows": 165706,
                          "Actual Loops": 4,
                          "Hash Buckets": 1048576,
                          "Original Hash Buckets": 1048576,
                          "Hash Batches": 1,
                          "Original Hash Batches": 1,
                          "Peak Memory Usage": 34176,
                          "Plans": [
                            {
                              "Node Type": "Seq Scan",
                              "Parent Relationship": "Outer",
                              "Parallel Aware": true,
                              "Relation Name": "title",
                              "Alias": "t",
                              "Startup Cost": 0.0,
                              "Total Cost": 43898.92,
                              "Plan Rows": 165814,
                              "Plan Width": 4,
                              "Actual Startup Time": 46.624,
                              "Actual Total Time": 106.385,
                              "Actual Rows": 165706,
                              "Actual Loops": 4,
                              "Filter": "(kind_id = 1)",
                              "Rows Removed by Filter": 466372
                            }
                          ]
                        }
                      ]
                    },
                    {
                      "Node Type": "Index Only Scan",
                      "Parent Relationship": "Inner",
                      "Parallel Aware": false,
                      "Scan Direction": "Forward",
                      "Index Name": "movie_id_movie_info",
                      "Relation Name": "movie_info",
                      "Alias": "mi",
                      "Startup Cost": 0.43,
                      "Total Cost": 2.47,
                      "Plan Rows": 42,
                      "Plan Width": 4,
                      "Actual Startup Time": 0.006,
                      "Actual Total Time": 0.02,
                      "Actual Rows": 35,
                      "Actual Loops": 59930,
                      "Index Cond": "(movie_id = t.id)",
                      "Rows Removed by Index Recheck": 0,
                      "Heap Fetches": 2106975
                    }
                  ]
                }
              ]
            }
          ]
        }
      ]
    },
    "Planning Time": 1.448,
    "Triggers": [],
    "Execution Time": 703.582
  }
]