[
  {
    "Plan": {
      "Node Type": "Aggregate",
      "Strategy": "Plain",
      "Partial Mode": "Finalize",
      "Parallel Aware": false,
      "Startup Cost": 32803.68,
      "Total Cost": 32803.69,
      "Plan Rows": 1,
      "Plan Width": 8,
      "Actual Startup Time": 106.198,
      "Actual Total Time": 115.012,
      "Actual Rows": 1,
      "Actual Loops": 1,
      "Plans": [
        {
          "Node Type": "Gather",
          "Parent Relationship": "Outer",
          "Parallel Aware": false,
          "Startup Cost": 32803.37,
          "Total Cost": 32803.68,
          "Plan Rows": 3,
          "Plan Width": 8,
          "Actual Startup Time": 106.085,
          "Actual Total Time": 115.003,
          "Actual Rows": 4,
          "Actual Loops": 1,
          "Workers Planned": 3,
          "Workers Launched": 3,
          "Single Copy": false,
          "Plans": [
            {
              "Node Type": "Aggregate",
              "Strategy": "Plain",
              "Partial Mode": "Partial",
              "Parent Relationship": "Outer",
              "Parallel Aware": false,
              "Startup Cost": 31803.37,
              "Total Cost": 31803.38,
              "Plan Rows": 1,
              "Plan Width": 8,
              "Actual Startup Time": 100.75,
              "Actual Total Time": 100.751,
              "Actual Rows": 1,
              "Actual Loops": 4,
              "Plans": [
                {
                  "Node Type": "Seq Scan",
                  "Parent Relationship": "Outer",
                  "Parallel Aware": true,
                  "Relation Name": "movie_companies",
                  "Alias": "mc",
                  "Startup Cost": 0.0,
                  "Total Cost": 31414.82,
                  "Plan Rows": 155419,
                  "Plan Width": 0,
                  "Actual Startup Time": 0.023,
                  "Actual Total Time": 88.85,
                  "Actual Rows": 173376,
                  "Actual Loops": 4,
                  "Filter": "((company_id < 4569) AND (company_type_id < 2))",
                  "Rows Removed by Filter": 478906
                }
              ]
            }
          ]
        }
      ]
    },
    "Planning Time": 0.096,
    "Triggers": [],
    "Execution Time": 115.043
  }
]