[
  {
    "Plan": {
      "Node Type": "Aggregate",
      "Strategy": "Plain",
      "Partial Mode": "Finalize",
      "Parallel Aware": false,
      "Startup Cost": 403155.45,
      "Total Cost": 403155.46,
      "Plan Rows": 1,
      "Plan Width": 8,
      "Actual Startup Time": 2050.676,
      "Actual Total Time": 2115.989,
      "Actual Rows": 1,
      "Actual Loops": 1,
      "Plans": [
        {
          "Node Type": "Gather",
          "Parent Relationship": "Outer",
          "Parallel Aware": false,
          "Startup Cost": 403154.83,
          "Total Cost": 403155.44,
          "Plan Rows": 6,
          "Plan Width": 8,
          "Actual Startup Time": 2035.723,
          "Actual Total Time": 2115.98,
          "Actual Rows": 7,
          "Actual Loops": 1,
          "Workers Planned": 6,
          "Workers Launched": 6,
          "Single Copy": false,
          "Plans": [
            {
              "Node Type": "Aggregate",
              "Strategy": "Plain",
              "Partial Mode": "Partial",
              "Parent Relationship": "Outer",
              "Parallel Aware": false,
              "Startup Cost": 402154.83,
              "Total Cost": 402154.84,
              "Plan Rows": 1,
              "Plan Width": 8,
              "Actual Startup Time": 2013.536,
              "Actual Total Time": 2013.539,
              "Actual Rows": 1,
              "Actual Loops": 7,
              "Plans": [
                {
                  "Node Type": "Hash Join",
                  "Parent Relationship": "Outer",
                  "Parallel Aware": true,
                  "Join Type": "Inner",
                  "Startup Cost": 49727.15,
                  "Total Cost": 398370.64,
                  "Plan Rows": 1513676,
                  "Plan Width": 0,
                  "Actual Startup Time": 407.144,
                  "Actual Total Time": 1925.591,
                  "Actual Rows": 1947279,
                  "Actual Loops": 7,
                  "Inner Unique": true,
                  "Hash Cond": "(ci.movie_id = t.id)",
                  "Plans": [
                    {
                      "Node Type": "Seq Scan",
                      "Parent Relationship": "Outer",
                      "Parallel Aware": true,
                      "Relation Name": "cast_info",
                      "Alias": "ci",
                      "Startup Cost": 0.0,
                      "Total Cost": 343257.03,
                      "Plan Rows": 2051979,
                      "Plan Width": 4,
                      "Actual Startup Time": 203.969,
                      "Actual Total Time": 683.577,
                      "Actual Rows": 2669111,
                      "Actual Loops": 7,
                      "Filter": "((person_id > 1732360) AND (role_id > 1))",
                      "Rows Removed by Filter": 2508652
                    },
                    {
                      "Node Type": "Hash",
                      "Parent Relationship": "Inner",
                      "Parallel Aware": true,
                      "Startup Cost": 43898.92,
                      "Total Cost": 43898.92,
                      "Plan Rows": 466259,
                      "Plan Width": 4,
                      "Actual Startup Time": 197.594,
                      "Actual Total Time": 197.595,
                      "Actual Rows": 266498,
                      "Actual Loops": 7,
                      "Hash Buckets": 2097152,
                      "Original Hash Buckets": 2097152,
                      "Hash Batches": 1,
                      "Original Hash Batches": 1,
                      "Peak Memory Usage": 89472,
                      "Plans": [
                        {
                          "Node Type": "Seq Scan",
                          "Parent Relationship": "Outer",
                          "Parallel Aware": true,
                          "Relation Name": "title",
                          "Alias": "t",
                          "Startup Cost": 0.0,
                          "Total Cost": 43898.92,
                          "Plan Rows": 466259,
                          "Plan Width": 4,
                          "Actual Startup Time": 0.039,
                          "Actual Total Time": 79.785,
                          "Actual Rows": 266498,
                          "Actual Loops": 7,
                          "Filter": "(kind_id > 1)",
                          "Rows Removed by Filter": 94689
                        }
                      ]
                    }
                  ]
                }
              ]
            }
          ]
        }
      ]
    },
    "Planning Time": 0.65,
    "Triggers": [],
    "Execution Time": 2116.076
  }
]