{
  "Plan": {
    "Node Type": "Aggregate",
    "Strategy": "Plain",
    "Partial Mode": "Finalize",
    "Parallel Aware": false,
    "Startup Cost": 495301.19,
    "Total Cost": 495301.2,
    "Plan Rows": 1,
    "Plan Width": 8,
    "Actual Startup Time": 3484.122,
    "Actual Total Time": 3513.543,
    "Actual Rows": 1,
    "Actual Loops": 1,
    "Plans": [
      {
        "Node Type": "Gather",
        "Parent Relationship": "Outer",
        "Parallel Aware": false,
        "Startup Cost": 495301.08,
        "Total Cost": 495301.19,
        "Plan Rows": 1,
        "Plan Width": 8,
        "Actual Startup Time": 3476.777,
        "Actual Total Time": 3513.534,
        "Actual Rows": 2,
        "Actual Loops": 1,
        "Workers Planned": 1,
        "Workers Launched": 1,
        "Single Copy": false,
        "Plans": [
          {
            "Node Type": "Aggregate",
            "Strategy": "Plain",
            "Partial Mode": "Partial",
            "Parent Relationship": "Outer",
            "Parallel Aware": false,
            "Startup Cost": 494301.08,
            "Total Cost": 494301.09,
            "Plan Rows": 1,
            "Plan Width": 8,
            "Actual Startup Time": 3469.405,
            "Actual Total Time": 3471.142,
            "Actual Rows": 1,
            "Actual Loops": 2,
            "Plans": [
              {
                "Node Type": "Hash Join",
                "Parent Relationship": "Outer",
                "Parallel Aware": true,
                "Join Type": "Inner",
                "Startup Cost": 201461.98,
                "Total Cost": 490824.97,
                "Plan Rows": 1390444,
                "Plan Width": 0,
                "Actual Startup Time": 1479.436,
                "Actual Total Time": 2969.389,
                "Actual Rows": 8761856,
                "Actual Loops": 2,
                "Inner Unique": false,
                "Hash Cond": "(ci.movie_id = t.id)",
                "Plans": [
                  {
                    "Node Type": "Bitmap Heap Scan",
                    "Parent Relationship": "Outer",
                    "Parallel Aware": true,
                    "Relation Name": "cast_info",
                    "Alias": "ci",
                    "Startup Cost": 65844.98,
                    "Total Cost": 340452.68,
                    "Plan Rows": 1753656,
                    "Plan Width": 4,
                    "Actual Startup Time": 173.291,
                    "Actual Total Time": 407.031,
                    "Actual Rows": 1434028,
                    "Actual Loops": 2,
                    "Recheck Cond": "(person_id > 3521739)",
                    "Rows Removed by Index Recheck": 0,
                    "Exact Heap Blocks": 22264,
                    "Lossy Heap Blocks": 0,
                    "Plans": [
                      {
                        "Node Type": "Bitmap Index Scan",
                        "Parent Relationship": "Outer",
                        "Parallel Aware": false,
                        "Index Name": "person_id_cast_info",
                        "Startup Cost": 0.0,
                        "Total Cost": 65099.68,
                        "Plan Rows": 2981215,
                        "Plan Width": 0,
                        "Actual Startup Time": 162.837,
                        "Actual Total Time": 162.838,
                        "Actual Rows": 2868056,
                        "Actual Loops": 1,
                        "Index Cond": "(person_id > 3521739)"
                      }
                    ]
                  },
                  {
                    "Node Type": "Hash",
                    "Parent Relationship": "Inner",
                    "Parallel Aware": true,
                    "Startup Cost": 120877.0,
                    "Total Cost": 120877.0,
                    "Plan Rows": 1179200,
                    "Plan Width": 8,
                    "Actual Startup Time": 1292.014,
                    "Actual Total Time": 1293.749,
                    "Actual Rows": 714145,
                    "Actual Loops": 2,
                    "Hash Buckets": 2097152,
                    "Original Hash Buckets": 2097152,
                    "Hash Batches": 1,
                    "Original Hash Batches": 1,
                    "Peak Memory Usage": 72288,
                    "Plans": [
                      {
                        "Node Type": "Hash Join",
                        "Parent Relationship": "Outer",
                        "Parallel Aware": true,
                        "Join Type": "Inner",
                        "Startup Cost": 62826.15,
                        "Total Cost": 120877.0,
                        "Plan Rows": 1179200,
                        "Plan Width": 8,
                        "Actual Startup Time": 457.253,
                        "Actual Total Time": 1103.711,
                        "Actual Rows": 714145,
                        "Actual Loops": 2,
                        "Inner Unique": true,
                        "Hash Cond": "(mk.movie_id = t.id)",
                        "Plans": [
                          {
                            "Node Type": "Seq Scan",
                            "Parent Relationship": "Outer",
                            "Parallel Aware": true,
                            "Relation Name": "movie_keyword",
                            "Alias": "mk",
                            "Startup Cost": 0.0,
                            "Total Cost": 51065.35,
                            "Plan Rows": 2661135,
                            "Plan Width": 4,
                            "Actual Startup Time": 0.016,
                            "Actual Total Time": 235.672,
                            "Actual Rows": 2261965,
                            "Actual Loops": 2
                          },
                          {
                            "Node Type": "Hash",
                            "Parent Relationship": "Inner",
                            "Parallel Aware": true,
                            "Startup Cost": 54588.39,
                            "Total Cost": 54588.39,
                            "Plan Rows": 659021,
                            "Plan Width": 4,
                            "Actual Startup Time": 448.45,
                            "Actual Total Time": 448.452,
                            "Actual Rows": 553962,
                            "Actual Loops": 2,
                            "Hash Buckets": 2097152,
                            "Original Hash Buckets": 2097152,
                            "Hash Batches": 1,
                            "Original Hash Batches": 1,
                            "Peak Memory Usage": 59744,
                            "Plans": [
                              {
                                "Node Type": "Seq Scan",
                                "Parent Relationship": "Outer",
                                "Parallel Aware": true,
                                "Relation Name": "title",
                                "Alias": "t",
                                "Startup Cost": 0.0,
                                "Total Cost": 54588.39,
                                "Plan Rows": 659021,
                                "Plan Width": 4,
                                "Actual Startup Time": 0.032,
                                "Actual Total Time": 232.669,
                                "Actual Rows": 553962,
                                "Actual Loops": 2,
                                "Filter": "(production_year > 2004)",
                                "Rows Removed by Filter": 710194
                              }
                            ]
                          }
                        ]
                      }
                    ]
                  }
                ]
              }
            ]
          }
        ]
      }
    ]
  },
  "Planning Time": 0.906,
  "Triggers": [],
  "Execution Time": 3513.643
}