[
  {
    "Plan": {
      "Node Type": "Aggregate",
      "Strategy": "Plain",
      "Partial Mode": "Finalize",
      "Parallel Aware": false,
      "Startup Cost": 44465.41,
      "Total Cost": 44465.42,
      "Plan Rows": 1,
      "Plan Width": 8,
      "Actual Startup Time": 135.829,
      "Actual Total Time": 144.047,
      "Actual Rows": 1,
      "Actual Loops": 1,
      "Plans": [
        {
          "Node Type": "Gather",
          "Parent Relationship": "Outer",
          "Parallel Aware": false,
          "Startup Cost": 44465.09,
          "Total Cost": 44465.4,
          "Plan Rows": 3,
          "Plan Width": 8,
          "Actual Startup Time": 135.688,
          "Actual Total Time": 144.039,
          "Actual Rows": 4,
          "Actual Loops": 1,
          "Workers Planned": 3,
          "Workers Launched": 3,
          "Single Copy": false,
          "Plans": [
            {
              "Node Type": "Aggregate",
              "Strategy": "Plain",
              "Partial Mode": "Partial",
              "Parent Relationship": "Outer",
              "Parallel Aware": false,
              "Startup Cost": 43465.09,
              "Total Cost": 43465.1,
              "Plan Rows": 1,
              "Plan Width": 8,
              "Actual Startup Time": 130.153,
              "Actual Total Time": 130.155,
              "Actual Rows": 1,
              "Actual Loops": 4,
              "Plans": [
                {
                  "Node Type": "Seq Scan",
                  "Parent Relationship": "Outer",
                  "Parallel Aware": true,
                  "Relation Name": "movie_keyword",
                  "Alias": "mk",
                  "Startup Cost": 0.0,
                  "Total Cost": 42695.65,
                  "Plan Rows": 307776,
                  "Plan Width": 0,
                  "Actual Startup Time": 0.221,
                  "Actual Total Time": 116.167,
                  "Actual Rows": 239671,
                  "Actual Loops": 4,
                  "Filter": "(keyword_id < 900)",
                  "Rows Removed by Filter": 891311
                }
              ]
            }
          ]
        }
      ]
    },
    "Planning Time": 0.096,
    "Triggers": [],
    "Execution Time": 144.089
  }
]