[
  {
    "Plan": {
      "Node Type": "Aggregate",
      "Strategy": "Plain",
      "Partial Mode": "Finalize",
      "Parallel Aware": false,
      "Startup Cost": 81187.39,
      "Total Cost": 81187.4,
      "Plan Rows": 1,
      "Plan Width": 8,
      "Actual Startup Time": 305.713,
      "Actual Total Time": 322.429,
      "Actual Rows": 1,
      "Actual Loops": 1,
      "Plans": [
        {
          "Node Type": "Gather",
          "Parent Relationship": "Outer",
          "Parallel Aware": false,
          "Startup Cost": 81187.08,
          "Total Cost": 81187.39,
          "Plan Rows": 3,
          "Plan Width": 8,
          "Actual Startup Time": 300.692,
          "Actual Total Time": 322.421,
          "Actual Rows": 4,
          "Actual Loops": 1,
          "Workers Planned": 3,
          "Workers Launched": 3,
          "Single Copy": false,
          "Plans": [
            {
              "Node Type": "Aggregate",
              "Strategy": "Plain",
              "Partial Mode": "Partial",
              "Parent Relationship": "Outer",
              "Parallel Aware": false,
              "Startup Cost": 80187.08,
              "Total Cost": 80187.09,
              "Plan Rows": 1,
              "Plan Width": 8,
              "Actual Startup Time": 294.519,
              "Actual Total Time": 294.523,
              "Actual Rows": 1,
              "Actual Loops": 4,
              "Plans": [
                {
                  "Node Type": "Hash Join",
                  "Parent Relationship": "Outer",
                  "Parallel Aware": true,
                  "Join Type": "Inner",
                  "Startup Cost": 47483.06,
                  "Total Cost": 79936.31,
                  "Plan Rows": 100307,
                  "Plan Width": 0,
                  "Actual Startup Time": 226.238,
                  "Actual Total Time": 289.493,
                  "Actual Rows": 115044,
                  "Actual Loops": 4,
                  "Inner Unique": true,
                  "Hash Cond": "(mc.movie_id = t.id)",
                  "Plans": [
                    {
                      "Node Type": "Seq Scan",
                      "Parent Relationship": "Outer",
                      "Parallel Aware": true,
                      "Relation Name": "movie_companies",
                      "Alias": "mc",
                      "Startup Cost": 0.0,
                      "Total Cost": 31414.82,
                      "Plan Rows": 395592,
                      "Plan Width": 4,
                      "Actual Startup Time": 31.996,
                      "Actual Total Time": 71.046,
                      "Actual Rows": 282188,
                      "Actual Loops": 4,
                      "Filter": "((company_id < 111685) AND (company_type_id > 1))",
                      "Rows Removed by Filter": 370094
                    },
                    {
                      "Node Type": "Hash",
                      "Parent Relationship": "Inner",
                      "Parallel Aware": true,
                      "Startup Cost": 45479.59,
                      "Total Cost": 45479.59,
                      "Plan Rows": 160278,
                      "Plan Width": 4,
                      "Actual Startup Time": 150.823,
                      "Actual Total Time": 150.824,
                      "Actual Rows": 164078,
                      "Actual Loops": 4,
                      "Hash Buckets": 1048576,
                      "Original Hash Buckets": 1048576,
                      "Hash Batches": 1,
                      "Original Hash Batches": 1,
                      "Peak Memory Usage": 33920,
                      "Plans": [
                        {
                          "Node Type": "Seq Scan",
                          "Parent Relationship": "Outer",
                          "Parallel Aware": true,
                          "Relation Name": "title",
                          "Alias": "t",
                          "Startup Cost": 0.0,
                          "Total Cost": 45479.59,
                          "Plan Rows": 160278,
                          "Plan Width": 4,
                          "Actual Startup Time": 41.026,
                          "Actual Total Time": 98.947,
                          "Actual Rows": 164078,
                          "Actual Loops": 4,
                          "Filter": "((production_year > 0) AND (kind_id = 1))",
                          "Rows Removed by Filter": 468000
                        }
                      ]
                    }
                  ]
                }
              ]
            }
          ]
        }
      ]
    },
    "Planning Time": 0.42,
    "Triggers": [],
    "Execution Time": 322.479
  }
]