[
    {
        "Bao": {
            "Bao prediction": "NaN",
            "Bao recommended hint": "(no hint)"
        }
    },
    {
        "Plan": {
            "Node Type": "Aggregate",
            "Strategy": "Plain",
            "Partial Mode": "Finalize",
            "Parallel Aware": false,
            "Startup Cost": 36886.79,
            "Total Cost": 36886.8,
            "Plan Rows": 1,
            "Plan Width": 8,
            "Actual Startup Time": 111.646,
            "Actual Total Time": 117.934,
            "Actual Rows": 1,
            "Actual Loops": 1,
            "Output": [
                "count(*)"
            ],
            "Plans": [
                {
                    "Node Type": "Gather",
                    "Parent Relationship": "Outer",
                    "Parallel Aware": false,
                    "Startup Cost": 36886.47,
                    "Total Cost": 36886.78,
                    "Plan Rows": 3,
                    "Plan Width": 8,
                    "Actual Startup Time": 111.379,
                    "Actual Total Time": 117.926,
                    "Actual Rows": 4,
                    "Actual Loops": 1,
                    "Output": [
                        "(PARTIAL count(*))"
                    ],
                    "Workers Planned": 3,
                    "Workers Launched": 3,
                    "Single Copy": false,
                    "Plans": [
                        {
                            "Node Type": "Aggregate",
                            "Strategy": "Plain",
                            "Partial Mode": "Partial",
                            "Parent Relationship": "Outer",
                            "Parallel Aware": false,
                            "Startup Cost": 35886.47,
                            "Total Cost": 35886.48,
                            "Plan Rows": 1,
                            "Plan Width": 8,
                            "Actual Startup Time": 102.451,
                            "Actual Total Time": 102.452,
                            "Actual Rows": 1,
                            "Actual Loops": 4,
                            "Output": [
                                "PARTIAL count(*)"
                            ],
                            "Workers": [
                                {
                                    "Worker Number": 0,
                                    "Actual Startup Time": 99.38,
                                    "Actual Total Time": 99.381,
                                    "Actual Rows": 1,
                                    "Actual Loops": 1
                                },
                                {
                                    "Worker Number": 1,
                                    "Actual Startup Time": 99.381,
                                    "Actual Total Time": 99.383,
                                    "Actual Rows": 1,
                                    "Actual Loops": 1
                                },
                                {
                                    "Worker Number": 2,
                                    "Actual Startup Time": 99.991,
                                    "Actual Total Time": 99.993,
                                    "Actual Rows": 1,
                                    "Actual Loops": 1
                                }
                            ],
                            "Plans": [
                                {
                                    "Node Type": "Bitmap Heap Scan",
                                    "Parent Relationship": "Outer",
                                    "Parallel Aware": true,
                                    "Relation Name": "movie_keyword",
                                    "Schema": "public",
                                    "Alias": "mk",
                                    "Startup Cost": 9309.2,
                                    "Total Cost": 35532.59,
                                    "Plan Rows": 141551,
                                    "Plan Width": 0,
                                    "Actual Startup Time": 26.291,
                                    "Actual Total Time": 95.956,
                                    "Actual Rows": 109405,
                                    "Actual Loops": 4,
                                    "Recheck Cond": "(mk.keyword_id < 338)",
                                    "Rows Removed by Index Recheck": 0,
                                    "Exact Heap Blocks": 11325,
                                    "Lossy Heap Blocks": 0,
                                    "Workers": [
                                        {
                                            "Worker Number": 0,
                                            "Actual Startup Time": 23.396,
                                            "Actual Total Time": 93.568,
                                            "Actual Rows": 86768,
                                            "Actual Loops": 1
                                        },
                                        {
                                            "Worker Number": 1,
                                            "Actual Startup Time": 23.253,
                                            "Actual Total Time": 93.507,
                                            "Actual Rows": 63011,
                                            "Actual Loops": 1
                                        },
                                        {
                                            "Worker Number": 2,
                                            "Actual Startup Time": 23.853,
                                            "Actual Total Time": 94.407,
                                            "Actual Rows": 83277,
                                            "Actual Loops": 1
                                        }
                                    ],
                                    "Plans": [
                                        {
                                            "Node Type": "Bitmap Index Scan",
                                            "Parent Relationship": "Outer",
                                            "Parallel Aware": false,
                                            "Index Name": "keyword_id_movie_keyword",
                                            "Startup Cost": 0.0,
                                            "Total Cost": 9199.5,
                                            "Plan Rows": 438809,
                                            "Plan Width": 0,
                                            "Actual Startup Time": 31.045,
                                            "Actual Total Time": 31.046,
                                            "Actual Rows": 437621,
                                            "Actual Loops": 1,
                                            "Index Cond": "(mk.keyword_id < 338)"
                                        }
                                    ]
                                }
                            ]
                        }
                    ]
                }
            ]
        },
        "Planning Time": 190.865,
        "Triggers": [],
        "Execution Time": 117.994
    }
]