{
  "Plan": {
    "Node Type": "Aggregate",
    "Strategy": "Plain",
    "Partial Mode": "Finalize",
    "Parallel Aware": false,
    "Startup Cost": 494311.97,
    "Total Cost": 494311.98,
    "Plan Rows": 1,
    "Plan Width": 8,
    "Actual Startup Time": 5946.791,
    "Actual Total Time": 5989.058,
    "Actual Rows": 1,
    "Actual Loops": 1,
    "Plans": [
      {
        "Node Type": "Gather",
        "Parent Relationship": "Outer",
        "Parallel Aware": false,
        "Startup Cost": 494311.85,
        "Total Cost": 494311.96,
        "Plan Rows": 1,
        "Plan Width": 8,
        "Actual Startup Time": 5946.783,
        "Actual Total Time": 5989.051,
        "Actual Rows": 2,
        "Actual Loops": 1,
        "Workers Planned": 1,
        "Workers Launched": 1,
        "Single Copy": false,
        "Plans": [
          {
            "Node Type": "Aggregate",
            "Strategy": "Plain",
            "Partial Mode": "Partial",
            "Parent Relationship": "Outer",
            "Parallel Aware": false,
            "Startup Cost": 493311.85,
            "Total Cost": 493311.86,
            "Plan Rows": 1,
            "Plan Width": 8,
            "Actual Startup Time": 5940.362,
            "Actual Total Time": 5940.363,
            "Actual Rows": 1,
            "Actual Loops": 2,
            "Plans": [
              {
                "Node Type": "Merge Join",
                "Parent Relationship": "Outer",
                "Parallel Aware": false,
                "Join Type": "Inner",
                "Startup Cost": 33.38,
                "Total Cost": 488427.5,
                "Plan Rows": 1953743,
                "Plan Width": 0,
                "Actual Startup Time": 3.641,
                "Actual Total Time": 5412.162,
                "Actual Rows": 12782392,
                "Actual Loops": 2,
                "Inner Unique": false,
                "Merge Cond": "(t.id = mk.movie_id)",
                "Plans": [
                  {
                    "Node Type": "Merge Join",
                    "Parent Relationship": "Outer",
                    "Parallel Aware": false,
                    "Join Type": "Inner",
                    "Startup Cost": 3.01,
                    "Total Cost": 268658.8,
                    "Plan Rows": 1492257,
                    "Plan Width": 8,
                    "Actual Startup Time": 2.926,
                    "Actual Total Time": 1587.25,
                    "Actual Rows": 1292276,
                    "Actual Loops": 2,
                    "Inner Unique": false,
                    "Merge Cond": "(t.id = mc.movie_id)",
                    "Plans": [
                      {
                        "Node Type": "Index Scan",
                        "Parent Relationship": "Outer",
                        "Parallel Aware": true,
                        "Scan Direction": "Forward",
                        "Index Name": "title_pkey",
                        "Relation Name": "title",
                        "Alias": "t",
                        "Startup Cost": 0.43,
                        "Total Cost": 103647.43,
                        "Plan Rows": 1446024,
                        "Plan Width": 4,
                        "Actual Startup Time": 0.062,
                        "Actual Total Time": 694.18,
                        "Actual Rows": 1227516,
                        "Actual Loops": 2,
                        "Filter": "(production_year > 0)",
                        "Rows Removed by Filter": 35412
                      },
                      {
                        "Node Type": "Index Only Scan",
                        "Parent Relationship": "Inner",
                        "Parallel Aware": false,
                        "Scan Direction": "Forward",
                        "Index Name": "movie_id_movie_companies",
                        "Relation Name": "movie_companies",
                        "Alias": "mc",
                        "Startup Cost": 0.43,
                        "Total Cost": 140059.44,
                        "Plan Rows": 2609129,
                        "Plan Width": 4,
                        "Actual Startup Time": 0.135,
                        "Actual Total Time": 633.252,
                        "Actual Rows": 2609129,
                        "Actual Loops": 2,
                        "Heap Fetches": 5218258
                      }
                    ]
                  },
                  {
                    "Node Type": "Index Scan",
                    "Parent Relationship": "Inner",
                    "Parallel Aware": false,
                    "Scan Direction": "Forward",
                    "Index Name": "movie_id_movie_keyword",
                    "Relation Name": "movie_keyword",
                    "Alias": "mk",
                    "Startup Cost": 0.43,
                    "Total Cost": 188497.89,
                    "Plan Rows": 3310177,
                    "Plan Width": 4,
                    "Actual Startup Time": 0.082,
                    "Actual Total Time": 2636.097,
                    "Actual Rows": 14604605,
                    "Actual Loops": 2,
                    "Filter": "(keyword_id < 14952)",
                    "Rows Removed by Filter": 5340931
                  }
                ]
              }
            ]
          }
        ]
      }
    ]
  },
  "Planning Time": 1.046,
  "Triggers": [],
  "Execution Time": 5989.153
}