[
  {
    "Plan": {
      "Node Type": "Aggregate",
      "Strategy": "Plain",
      "Partial Mode": "Finalize",
      "Parallel Aware": false,
      "Startup Cost": 72351.93,
      "Total Cost": 72351.94,
      "Plan Rows": 1,
      "Plan Width": 8,
      "Actual Startup Time": 250.86,
      "Actual Total Time": 265.959,
      "Actual Rows": 1,
      "Actual Loops": 1,
      "Plans": [
        {
          "Node Type": "Gather",
          "Parent Relationship": "Outer",
          "Parallel Aware": false,
          "Startup Cost": 72351.51,
          "Total Cost": 72351.92,
          "Plan Rows": 4,
          "Plan Width": 8,
          "Actual Startup Time": 249.203,
          "Actual Total Time": 265.949,
          "Actual Rows": 5,
          "Actual Loops": 1,
          "Workers Planned": 4,
          "Workers Launched": 4,
          "Single Copy": false,
          "Plans": [
            {
              "Node Type": "Aggregate",
              "Strategy": "Plain",
              "Partial Mode": "Partial",
              "Parent Relationship": "Outer",
              "Parallel Aware": false,
              "Startup Cost": 71351.51,
              "Total Cost": 71351.52,
              "Plan Rows": 1,
              "Plan Width": 8,
              "Actual Startup Time": 239.057,
              "Actual Total Time": 239.06,
              "Actual Rows": 1,
              "Actual Loops": 5,
              "Plans": [
                {
                  "Node Type": "Hash Join",
                  "Parent Relationship": "Outer",
                  "Parallel Aware": true,
                  "Join Type": "Inner",
                  "Startup Cost": 25547.21,
                  "Total Cost": 71209.52,
                  "Plan Rows": 56796,
                  "Plan Width": 0,
                  "Actual Startup Time": 87.894,
                  "Actual Total Time": 236.905,
                  "Actual Rows": 45487,
                  "Actual Loops": 5,
                  "Inner Unique": false,
                  "Hash Cond": "(t.id = mc.movie_id)",
                  "Plans": [
                    {
                      "Node Type": "Seq Scan",
                      "Parent Relationship": "Outer",
                      "Parallel Aware": true,
                      "Relation Name": "title",
                      "Alias": "t",
                      "Startup Cost": 0.0,
                      "Total Cost": 42318.73,
                      "Plan Rows": 632073,
                      "Plan Width": 4,
                      "Actual Startup Time": 0.01,
                      "Actual Total Time": 63.989,
                      "Actual Rows": 505662,
                      "Actual Loops": 5
                    },
                    {
                      "Node Type": "Hash",
                      "Parent Relationship": "Inner",
                      "Parallel Aware": true,
                      "Startup Cost": 24631.15,
                      "Total Cost": 24631.15,
                      "Plan Rows": 73285,
                      "Plan Width": 4,
                      "Actual Startup Time": 85.983,
                      "Actual Total Time": 85.984,
                      "Actual Rows": 45487,
                      "Actual Loops": 5,
                      "Hash Buckets": 262144,
                      "Original Hash Buckets": 262144,
                      "Hash Batches": 1,
                      "Original Hash Batches": 1,
                      "Peak Memory Usage": 11008,
                      "Plans": [
                        {
                          "Node Type": "Bitmap Heap Scan",
                          "Parent Relationship": "Outer",
                          "Parallel Aware": true,
                          "Relation Name": "movie_companies",
                          "Alias": "mc",
                          "Startup Cost": 4925.09,
                          "Total Cost": 24631.15,
                          "Plan Rows": 73285,
                          "Plan Width": 4,
                          "Actual Startup Time": 26.446,
                          "Actual Total Time": 66.877,
                          "Actual Rows": 45487,
                          "Actual Loops": 5,
                          "Recheck Cond": "(company_id < 84)",
                          "Rows Removed by Index Recheck": 0,
                          "Exact Heap Blocks": 7222,
                          "Lossy Heap Blocks": 0,
                          "Plans": [
                            {
                              "Node Type": "Bitmap Index Scan",
                              "Parent Relationship": "Outer",
                              "Parallel Aware": false,
                              "Index Name": "company_id_movie_companies",
                              "Startup Cost": 0.0,
                              "Total Cost": 4868.3,
                              "Plan Rows": 227182,
                              "Plan Width": 0,
                              "Actual Startup Time": 25.6,
                              "Actual Total Time": 25.6,
                              "Actual Rows": 227437,
                              "Actual Loops": 1,
                              "Index Cond": "(company_id < 84)"
                            }
                          ]
                        }
                      ]
                    }
                  ]
                }
              ]
            }
          ]
        }
      ]
    },
    "Planning Time": 0.617,
    "Triggers": [],
    "Execution Time": 266.053
  }
]