{
  "Plan": {
    "Node Type": "Aggregate",
    "Strategy": "Plain",
    "Partial Mode": "Finalize",
    "Parallel Aware": false,
    "Startup Cost": 586394.22,
    "Total Cost": 586394.23,
    "Plan Rows": 1,
    "Plan Width": 8,
    "Actual Startup Time": 3384.312,
    "Actual Total Time": 3452.075,
    "Actual Rows": 1,
    "Actual Loops": 1,
    "Plans": [
      {
        "Node Type": "Gather",
        "Parent Relationship": "Outer",
        "Parallel Aware": false,
        "Startup Cost": 586394.11,
        "Total Cost": 586394.22,
        "Plan Rows": 1,
        "Plan Width": 8,
        "Actual Startup Time": 3383.998,
        "Actual Total Time": 3452.068,
        "Actual Rows": 2,
        "Actual Loops": 1,
        "Workers Planned": 1,
        "Workers Launched": 1,
        "Single Copy": false,
        "Plans": [
          {
            "Node Type": "Aggregate",
            "Strategy": "Plain",
            "Partial Mode": "Partial",
            "Parent Relationship": "Outer",
            "Parallel Aware": false,
            "Startup Cost": 585394.11,
            "Total Cost": 585394.12,
            "Plan Rows": 1,
            "Plan Width": 8,
            "Actual Startup Time": 3378.104,
            "Actual Total Time": 3378.107,
            "Actual Rows": 1,
            "Actual Loops": 2,
            "Plans": [
              {
                "Node Type": "Hash Join",
                "Parent Relationship": "Outer",
                "Parallel Aware": true,
                "Join Type": "Inner",
                "Startup Cost": 59691.51,
                "Total Cost": 581424.86,
                "Plan Rows": 1587700,
                "Plan Width": 0,
                "Actual Startup Time": 154.722,
                "Actual Total Time": 3357.634,
                "Actual Rows": 474448,
                "Actual Loops": 2,
                "Inner Unique": true,
                "Hash Cond": "(ci.movie_id = t.id)",
                "Plans": [
                  {
                    "Node Type": "Seq Scan",
                    "Parent Relationship": "Outer",
                    "Parallel Aware": true,
                    "Relation Name": "cast_info",
                    "Alias": "ci",
                    "Startup Cost": 0.0,
                    "Total Cost": 465792.95,
                    "Plan Rows": 21310595,
                    "Plan Width": 4,
                    "Actual Startup Time": 0.025,
                    "Actual Total Time": 1316.438,
                    "Actual Rows": 18122172,
                    "Actual Loops": 2
                  },
                  {
                    "Node Type": "Hash",
                    "Parent Relationship": "Inner",
                    "Parallel Aware": true,
                    "Startup Cost": 58306.47,
                    "Total Cost": 58306.47,
                    "Plan Rows": 110803,
                    "Plan Width": 4,
                    "Actual Startup Time": 151.289,
                    "Actual Total Time": 151.29,
                    "Actual Rows": 47668,
                    "Actual Loops": 2,
                    "Hash Buckets": 262144,
                    "Original Hash Buckets": 262144,
                    "Hash Batches": 1,
                    "Original Hash Batches": 1,
                    "Peak Memory Usage": 5792,
                    "Plans": [
                      {
                        "Node Type": "Seq Scan",
                        "Parent Relationship": "Outer",
                        "Parallel Aware": true,
                        "Relation Name": "title",
                        "Alias": "t",
                        "Startup Cost": 0.0,
                        "Total Cost": 58306.47,
                        "Plan Rows": 110803,
                        "Plan Width": 4,
                        "Actual Startup Time": 0.05,
                        "Actual Total Time": 137.549,
                        "Actual Rows": 47668,
                        "Actual Loops": 2,
                        "Filter": "((production_year < 1967) AND (kind_id = 7))",
                        "Rows Removed by Filter": 1216488
                      }
                    ]
                  }
                ]
              }
            ]
          }
        ]
      }
    ]
  },
  "Planning Time": 0.455,
  "Triggers": [],
  "Execution Time": 3452.205
}