{
  "Plan": {
    "Node Type": "Aggregate",
    "Strategy": "Plain",
    "Partial Mode": "Finalize",
    "Parallel Aware": false,
    "Startup Cost": 395232.28,
    "Total Cost": 395232.29,
    "Plan Rows": 1,
    "Plan Width": 8,
    "Actual Startup Time": 2920.118,
    "Actual Total Time": 2976.818,
    "Actual Rows": 1,
    "Actual Loops": 1,
    "Plans": [
      {
        "Node Type": "Gather",
        "Parent Relationship": "Outer",
        "Parallel Aware": false,
        "Startup Cost": 395232.17,
        "Total Cost": 395232.28,
        "Plan Rows": 1,
        "Plan Width": 8,
        "Actual Startup Time": 2915.928,
        "Actual Total Time": 2976.81,
        "Actual Rows": 2,
        "Actual Loops": 1,
        "Workers Planned": 1,
        "Workers Launched": 1,
        "Single Copy": false,
        "Plans": [
          {
            "Node Type": "Aggregate",
            "Strategy": "Plain",
            "Partial Mode": "Partial",
            "Parent Relationship": "Outer",
            "Parallel Aware": false,
            "Startup Cost": 394232.17,
            "Total Cost": 394232.18,
            "Plan Rows": 1,
            "Plan Width": 8,
            "Actual Startup Time": 2905.905,
            "Actual Total Time": 2905.912,
            "Actual Rows": 1,
            "Actual Loops": 2,
            "Plans": [
              {
                "Node Type": "Hash Join",
                "Parent Relationship": "Outer",
                "Parallel Aware": true,
                "Join Type": "Inner",
                "Startup Cost": 105213.0,
                "Total Cost": 392009.52,
                "Plan Rows": 889060,
                "Plan Width": 0,
                "Actual Startup Time": 606.996,
                "Actual Total Time": 2632.67,
                "Actual Rows": 6846304,
                "Actual Loops": 2,
                "Inner Unique": false,
                "Hash Cond": "(mi.movie_id = t.id)",
                "Plans": [
                  {
                    "Node Type": "Seq Scan",
                    "Parent Relationship": "Outer",
                    "Parallel Aware": true,
                    "Relation Name": "movie_info",
                    "Alias": "mi",
                    "Startup Cost": 0.0,
                    "Total Cost": 248955.74,
                    "Plan Rows": 8696274,
                    "Plan Width": 4,
                    "Actual Startup Time": 0.016,
                    "Actual Total Time": 619.591,
                    "Actual Rows": 7417860,
                    "Actual Loops": 2
                  },
                  {
                    "Node Type": "Hash",
                    "Parent Relationship": "Inner",
                    "Parallel Aware": true,
                    "Startup Cost": 103312.43,
                    "Total Cost": 103312.43,
                    "Plan Rows": 152046,
                    "Plan Width": 8,
                    "Actual Startup Time": 602.374,
                    "Actual Total Time": 602.378,
                    "Actual Rows": 173018,
                    "Actual Loops": 2,
                    "Hash Buckets": 524288,
                    "Original Hash Buckets": 262144,
                    "Hash Batches": 1,
                    "Original Hash Batches": 1,
                    "Peak Memory Usage": 19712,
                    "Plans": [
                      {
                        "Node Type": "Hash Join",
                        "Parent Relationship": "Outer",
                        "Parallel Aware": true,
                        "Join Type": "Inner",
                        "Startup Cost": 74802.42,
                        "Total Cost": 103312.43,
                        "Plan Rows": 152046,
                        "Plan Width": 8,
                        "Actual Startup Time": 416.957,
                        "Actual Total Time": 560.957,
                        "Actual Rows": 173018,
                        "Actual Loops": 2,
                        "Inner Unique": true,
                        "Hash Cond": "(mk.movie_id = t.id)",
                        "Plans": [
                          {
                            "Node Type": "Bitmap Heap Scan",
                            "Parent Relationship": "Outer",
                            "Parallel Aware": true,
                            "Relation Name": "movie_keyword",
                            "Alias": "mk",
                            "Startup Cost": 9673.52,
                            "Total Cost": 37479.59,
                            "Plan Rows": 268166,
                            "Plan Width": 4,
                            "Actual Startup Time": 35.901,
                            "Actual Total Time": 102.442,
                            "Actual Rows": 236025,
                            "Actual Loops": 2,
                            "Recheck Cond": "(keyword_id < 358)",
                            "Rows Removed by Index Recheck": 0,
                            "Exact Heap Blocks": 12391,
                            "Lossy Heap Blocks": 0,
                            "Plans": [
                              {
                                "Node Type": "Bitmap Index Scan",
                                "Parent Relationship": "Outer",
                                "Parallel Aware": false,
                                "Index Name": "keyword_id_movie_keyword",
                                "Startup Cost": 0.0,
                                "Total Cost": 9559.55,
                                "Plan Rows": 455882,
                                "Plan Width": 0,
                                "Actual Startup Time": 32.245,
                                "Actual Total Time": 32.245,
                                "Actual Rows": 472050,
                                "Actual Loops": 1,
                                "Index Cond": "(keyword_id < 358)"
                              }
                            ]
                          },
                          {
                            "Node Type": "Hash",
                            "Parent Relationship": "Inner",
                            "Parallel Aware": true,
                            "Startup Cost": 54588.39,
                            "Total Cost": 54588.39,
                            "Plan Rows": 843241,
                            "Plan Width": 4,
                            "Actual Startup Time": 368.821,
                            "Actual Total Time": 368.822,
                            "Actual Rows": 721649,
                            "Actual Loops": 2,
                            "Hash Buckets": 2097152,
                            "Original Hash Buckets": 2097152,
                            "Hash Batches": 1,
                            "Original Hash Batches": 1,
                            "Peak Memory Usage": 72896,
                            "Plans": [
                              {
                                "Node Type": "Seq Scan",
                                "Parent Relationship": "Outer",
                                "Parallel Aware": true,
                                "Relation Name": "title",
                                "Alias": "t",
                                "Startup Cost": 0.0,
                                "Total Cost": 54588.39,
                                "Plan Rows": 843241,
                                "Plan Width": 4,
                                "Actual Startup Time": 0.029,
                                "Actual Total Time": 172.458,
                                "Actual Rows": 721649,
                                "Actual Loops": 2,
                                "Filter": "(production_year < 2006)",
                                "Rows Removed by Filter": 542507
                              }
                            ]
                          }
                        ]
                      }
                    ]
                  }
                ]
              }
            ]
          }
        ]
      }
    ]
  },
  "Planning Time": 0.988,
  "Triggers": [],
  "Execution Time": 2976.933
}