[
  {
    "Plan": {
      "Node Type": "Aggregate",
      "Strategy": "Plain",
      "Partial Mode": "Finalize",
      "Parallel Aware": false,
      "Startup Cost": 33335.92,
      "Total Cost": 33335.93,
      "Plan Rows": 1,
      "Plan Width": 8,
      "Actual Startup Time": 123.052,
      "Actual Total Time": 131.227,
      "Actual Rows": 1,
      "Actual Loops": 1,
      "Plans": [
        {
          "Node Type": "Gather",
          "Parent Relationship": "Outer",
          "Parallel Aware": false,
          "Startup Cost": 33335.61,
          "Total Cost": 33335.92,
          "Plan Rows": 3,
          "Plan Width": 8,
          "Actual Startup Time": 122.941,
          "Actual Total Time": 131.217,
          "Actual Rows": 4,
          "Actual Loops": 1,
          "Workers Planned": 3,
          "Workers Launched": 3,
          "Single Copy": false,
          "Plans": [
            {
              "Node Type": "Aggregate",
              "Strategy": "Plain",
              "Partial Mode": "Partial",
              "Parent Relationship": "Outer",
              "Parallel Aware": false,
              "Startup Cost": 32335.61,
              "Total Cost": 32335.62,
              "Plan Rows": 1,
              "Plan Width": 8,
              "Actual Startup Time": 116.316,
              "Actual Total Time": 116.317,
              "Actual Rows": 1,
              "Actual Loops": 4,
              "Plans": [
                {
                  "Node Type": "Seq Scan",
                  "Parent Relationship": "Outer",
                  "Parallel Aware": true,
                  "Relation Name": "movie_companies",
                  "Alias": "mc",
                  "Startup Cost": 0.0,
                  "Total Cost": 31414.82,
                  "Plan Rows": 368315,
                  "Plan Width": 0,
                  "Actual Startup Time": 51.514,
                  "Actual Total Time": 101.413,
                  "Actual Rows": 243322,
                  "Actual Loops": 4,
                  "Filter": "((company_id < 86766) AND (company_type_id = 2))",
                  "Rows Removed by Filter": 408960
                }
              ]
            }
          ]
        }
      ]
    },
    "Planning Time": 0.213,
    "Triggers": [],
    "Execution Time": 131.283
  }
]