[
  {
    "Plan": {
      "Node Type": "Aggregate",
      "Strategy": "Plain",
      "Partial Mode": "Finalize",
      "Parallel Aware": false,
      "Startup Cost": 76103.06,
      "Total Cost": 76103.07,
      "Plan Rows": 1,
      "Plan Width": 8,
      "Actual Startup Time": 259.004,
      "Actual Total Time": 273.181,
      "Actual Rows": 1,
      "Actual Loops": 1,
      "Plans": [
        {
          "Node Type": "Gather",
          "Parent Relationship": "Outer",
          "Parallel Aware": false,
          "Startup Cost": 76102.74,
          "Total Cost": 76103.05,
          "Plan Rows": 3,
          "Plan Width": 8,
          "Actual Startup Time": 258.182,
          "Actual Total Time": 273.17,
          "Actual Rows": 4,
          "Actual Loops": 1,
          "Workers Planned": 3,
          "Workers Launched": 3,
          "Single Copy": false,
          "Plans": [
            {
              "Node Type": "Aggregate",
              "Strategy": "Plain",
              "Partial Mode": "Partial",
              "Parent Relationship": "Outer",
              "Parallel Aware": false,
              "Startup Cost": 75102.74,
              "Total Cost": 75102.75,
              "Plan Rows": 1,
              "Plan Width": 8,
              "Actual Startup Time": 253.612,
              "Actual Total Time": 253.683,
              "Actual Rows": 1,
              "Actual Loops": 4,
              "Plans": [
                {
                  "Node Type": "Hash Join",
                  "Parent Relationship": "Outer",
                  "Parallel Aware": true,
                  "Join Type": "Inner",
                  "Startup Cost": 45643.26,
                  "Total Cost": 75059.15,
                  "Plan Rows": 17435,
                  "Plan Width": 0,
                  "Actual Startup Time": 121.36,
                  "Actual Total Time": 249.243,
                  "Actual Rows": 96821,
                  "Actual Loops": 4,
                  "Inner Unique": true,
                  "Hash Cond": "(mc.movie_id = t.id)",
                  "Plans": [
                    {
                      "Node Type": "Seq Scan",
                      "Parent Relationship": "Outer",
                      "Parallel Aware": true,
                      "Relation Name": "movie_companies",
                      "Alias": "mc",
                      "Startup Cost": 0.0,
                      "Total Cost": 27206.55,
                      "Plan Rows": 841655,
                      "Plan Width": 4,
                      "Actual Startup Time": 0.007,
                      "Actual Total Time": 56.493,
                      "Actual Rows": 652282,
                      "Actual Loops": 4
                    },
                    {
                      "Node Type": "Hash",
                      "Parent Relationship": "Inner",
                      "Parallel Aware": true,
                      "Startup Cost": 45479.59,
                      "Total Cost": 45479.59,
                      "Plan Rows": 13094,
                      "Plan Width": 4,
                      "Actual Startup Time": 97.7,
                      "Actual Total Time": 97.7,
                      "Actual Rows": 45032,
                      "Actual Loops": 4,
                      "Hash Buckets": 262144,
                      "Original Hash Buckets": 65536,
                      "Hash Batches": 1,
                      "Original Hash Batches": 1,
                      "Peak Memory Usage": 10720,
                      "Plans": [
                        {
                          "Node Type": "Seq Scan",
                          "Parent Relationship": "Outer",
                          "Parallel Aware": true,
                          "Relation Name": "title",
                          "Alias": "t",
                          "Startup Cost": 0.0,
                          "Total Cost": 45479.59,
                          "Plan Rows": 13094,
                          "Plan Width": 4,
                          "Actual Startup Time": 46.755,
                          "Actual Total Time": 81.649,
                          "Actual Rows": 45032,
                          "Actual Loops": 4,
                          "Filter": "((production_year < 1957) AND (kind_id = 1))",
                          "Rows Removed by Filter": 587046
                        }
                      ]
                    }
                  ]
                }
              ]
            }
          ]
        }
      ]
    },
    "Planning Time": 0.251,
    "Triggers": [],
    "Execution Time": 273.215
  }
]