[
  {
    "Plan": {
      "Node Type": "Aggregate",
      "Strategy": "Plain",
      "Partial Mode": "Finalize",
      "Parallel Aware": false,
      "Startup Cost": 340440.22,
      "Total Cost": 340440.23,
      "Plan Rows": 1,
      "Plan Width": 8,
      "Actual Startup Time": 9364.311,
      "Actual Total Time": 9448.599,
      "Actual Rows": 1,
      "Actual Loops": 1,
      "Plans": [
        {
          "Node Type": "Gather",
          "Parent Relationship": "Outer",
          "Parallel Aware": false,
          "Startup Cost": 340439.9,
          "Total Cost": 340440.21,
          "Plan Rows": 3,
          "Plan Width": 8,
          "Actual Startup Time": 9363.971,
          "Actual Total Time": 9448.59,
          "Actual Rows": 4,
          "Actual Loops": 1,
          "Workers Planned": 3,
          "Workers Launched": 3,
          "Single Copy": false,
          "Plans": [
            {
              "Node Type": "Aggregate",
              "Strategy": "Plain",
              "Partial Mode": "Partial",
              "Parent Relationship": "Outer",
              "Parallel Aware": false,
              "Startup Cost": 339439.9,
              "Total Cost": 339439.91,
              "Plan Rows": 1,
              "Plan Width": 8,
              "Actual Startup Time": 9354.324,
              "Actual Total Time": 9354.327,
              "Actual Rows": 1,
              "Actual Loops": 4,
              "Plans": [
                {
                  "Node Type": "Nested Loop",
                  "Parent Relationship": "Outer",
                  "Parallel Aware": false,
                  "Join Type": "Inner",
                  "Startup Cost": 46141.26,
                  "Total Cost": 335062.37,
                  "Plan Rows": 1751013,
                  "Plan Width": 0,
                  "Actual Startup Time": 168.574,
                  "Actual Total Time": 8673.996,
                  "Actual Rows": 15856463,
                  "Actual Loops": 4,
                  "Inner Unique": false,
                  "Join Filter": "(t.id = ci.movie_id)",
                  "Rows Removed by Join Filter": 0,
                  "Plans": [
                    {
                      "Node Type": "Hash Join",
                      "Parent Relationship": "Outer",
                      "Parallel Aware": true,
                      "Join Type": "Inner",
                      "Startup Cost": 46140.7,
                      "Total Cost": 89018.78,
                      "Plan Rows": 122200,
                      "Plan Width": 8,
                      "Actual Startup Time": 168.485,
                      "Actual Total Time": 385.071,
                      "Actual Rows": 384206,
                      "Actual Loops": 4,
                      "Inner Unique": true,
                      "Hash Cond": "(mk.movie_id = t.id)",
                      "Plans": [
                        {
                          "Node Type": "Seq Scan",
                          "Parent Relationship": "Outer",
                          "Parallel Aware": true,
                          "Relation Name": "movie_keyword",
                          "Alias": "mk",
                          "Startup Cost": 0.0,
                          "Total Cost": 39047.32,
                          "Plan Rows": 1459332,
                          "Plan Width": 4,
                          "Actual Startup Time": 0.022,
                          "Actual Total Time": 93.286,
                          "Actual Rows": 1130982,
                          "Actual Loops": 4
                        },
                        {
                          "Node Type": "Hash",
                          "Parent Relationship": "Inner",
                          "Parallel Aware": true,
                          "Startup Cost": 45479.1,
                          "Total Cost": 45479.1,
                          "Plan Rows": 52928,
                          "Plan Width": 4,
                          "Actual Startup Time": 130.988,
                          "Actual Total Time": 130.989,
                          "Actual Rows": 85406,
                          "Actual Loops": 4,
                          "Hash Buckets": 524288,
                          "Original Hash Buckets": 262144,
                          "Hash Batches": 1,
                          "Original Hash Batches": 1,
                          "Peak Memory Usage": 19584,
                          "Plans": [
                            {
                              "Node Type": "Seq Scan",
                              "Parent Relationship": "Outer",
                              "Parallel Aware": true,
                              "Relation Name": "title",
                              "Alias": "t",
                              "Startup Cost": 0.0,
                              "Total Cost": 45479.1,
                              "Plan Rows": 52928,
                              "Plan Width": 4,
                              "Actual Startup Time": 59.486,
                              "Actual Total Time": 99.25,
                              "Actual Rows": 85406,
                              "Actual Loops": 4,
                              "Filter": "((production_year < 1995) AND (kind_id = 1))",
                              "Rows Removed by Filter": 546672
                            }
                          ]
                        }
                      ]
                    },
                    {
                      "Node Type": "Index Only Scan",
                      "Parent Relationship": "Inner",
                      "Parallel Aware": false,
                      "Scan Direction": "Forward",
                      "Index Name": "movie_id_cast_info",
                      "Relation Name": "cast_info",
                      "Alias": "ci",
                      "Startup Cost": 0.56,
                      "Total Cost": 1.55,
                      "Plan Rows": 37,
                      "Plan Width": 4,
                      "Actual Startup Time": 0.003,
                      "Actual Total Time": 0.018,
                      "Actual Rows": 41,
                      "Actual Loops": 1536826,
                      "Index Cond": "(movie_id = mk.movie_id)",
                      "Rows Removed by Index Recheck": 0,
                      "Heap Fetches": 63425853
                    }
                  ]
                }
              ]
            }
          ]
        }
      ]
    },
    "Planning Time": 1.186,
    "Triggers": [],
    "Execution Time": 9448.721
  }
]