[
  {
    "Plan": {
      "Node Type": "Aggregate",
      "Strategy": "Plain",
      "Partial Mode": "Finalize",
      "Parallel Aware": false,
      "Startup Cost": 32706.52,
      "Total Cost": 32706.53,
      "Plan Rows": 1,
      "Plan Width": 8,
      "Actual Startup Time": 101.086,
      "Actual Total Time": 109.403,
      "Actual Rows": 1,
      "Actual Loops": 1,
      "Plans": [
        {
          "Node Type": "Gather",
          "Parent Relationship": "Outer",
          "Parallel Aware": false,
          "Startup Cost": 32706.2,
          "Total Cost": 32706.51,
          "Plan Rows": 3,
          "Plan Width": 8,
          "Actual Startup Time": 100.79,
          "Actual Total Time": 109.395,
          "Actual Rows": 4,
          "Actual Loops": 1,
          "Workers Planned": 3,
          "Workers Launched": 3,
          "Single Copy": false,
          "Plans": [
            {
              "Node Type": "Aggregate",
              "Strategy": "Plain",
              "Partial Mode": "Partial",
              "Parent Relationship": "Outer",
              "Parallel Aware": false,
              "Startup Cost": 31706.2,
              "Total Cost": 31706.21,
              "Plan Rows": 1,
              "Plan Width": 8,
              "Actual Startup Time": 94.303,
              "Actual Total Time": 94.304,
              "Actual Rows": 1,
              "Actual Loops": 4,
              "Plans": [
                {
                  "Node Type": "Seq Scan",
                  "Parent Relationship": "Outer",
                  "Parallel Aware": true,
                  "Relation Name": "movie_companies",
                  "Alias": "mc",
                  "Startup Cost": 0.0,
                  "Total Cost": 31414.82,
                  "Plan Rows": 116552,
                  "Plan Width": 0,
                  "Actual Startup Time": 47.531,
                  "Actual Total Time": 86.005,
                  "Actual Rows": 170964,
                  "Actual Loops": 4,
                  "Filter": "((company_id > 41254) AND (company_type_id = 2))",
                  "Rows Removed by Filter": 481318
                }
              ]
            }
          ]
        }
      ]
    },
    "Planning Time": 0.218,
    "Triggers": [],
    "Execution Time": 109.457
  }
]