[
  {
    "Plan": {
      "Node Type": "Aggregate",
      "Strategy": "Plain",
      "Partial Mode": "Finalize",
      "Parallel Aware": false,
      "Startup Cost": 32710.14,
      "Total Cost": 32710.15,
      "Plan Rows": 1,
      "Plan Width": 8,
      "Actual Startup Time": 79.77,
      "Actual Total Time": 86.76,
      "Actual Rows": 1,
      "Actual Loops": 1,
      "Plans": [
        {
          "Node Type": "Gather",
          "Parent Relationship": "Outer",
          "Parallel Aware": false,
          "Startup Cost": 32709.83,
          "Total Cost": 32710.14,
          "Plan Rows": 3,
          "Plan Width": 8,
          "Actual Startup Time": 79.683,
          "Actual Total Time": 86.752,
          "Actual Rows": 4,
          "Actual Loops": 1,
          "Workers Planned": 3,
          "Workers Launched": 3,
          "Single Copy": false,
          "Plans": [
            {
              "Node Type": "Aggregate",
              "Strategy": "Plain",
              "Partial Mode": "Partial",
              "Parent Relationship": "Outer",
              "Parallel Aware": false,
              "Startup Cost": 31709.83,
              "Total Cost": 31709.84,
              "Plan Rows": 1,
              "Plan Width": 8,
              "Actual Startup Time": 73.158,
              "Actual Total Time": 73.159,
              "Actual Rows": 1,
              "Actual Loops": 4,
              "Plans": [
                {
                  "Node Type": "Seq Scan",
                  "Parent Relationship": "Outer",
                  "Parallel Aware": true,
                  "Relation Name": "movie_companies",
                  "Alias": "mc",
                  "Startup Cost": 0.0,
                  "Total Cost": 31414.82,
                  "Plan Rows": 118003,
                  "Plan Width": 0,
                  "Actual Startup Time": 22.085,
                  "Actual Total Time": 72.362,
                  "Actual Rows": 12176,
                  "Actual Loops": 4,
                  "Filter": "((company_id > 38382) AND (company_type_id = 1))",
                  "Rows Removed by Filter": 640106
                }
              ]
            }
          ]
        }
      ]
    },
    "Planning Time": 0.116,
    "Triggers": [],
    "Execution Time": 86.795
  }
]