[
  {
    "Plan": {
      "Node Type": "Aggregate",
      "Strategy": "Plain",
      "Partial Mode": "Finalize",
      "Parallel Aware": false,
      "Startup Cost": 32704.07,
      "Total Cost": 32704.08,
      "Plan Rows": 1,
      "Plan Width": 8,
      "Actual Startup Time": 90.181,
      "Actual Total Time": 97.955,
      "Actual Rows": 1,
      "Actual Loops": 1,
      "Plans": [
        {
          "Node Type": "Gather",
          "Parent Relationship": "Outer",
          "Parallel Aware": false,
          "Startup Cost": 32703.75,
          "Total Cost": 32704.06,
          "Plan Rows": 3,
          "Plan Width": 8,
          "Actual Startup Time": 90.095,
          "Actual Total Time": 97.945,
          "Actual Rows": 4,
          "Actual Loops": 1,
          "Workers Planned": 3,
          "Workers Launched": 3,
          "Single Copy": false,
          "Plans": [
            {
              "Node Type": "Aggregate",
              "Strategy": "Plain",
              "Partial Mode": "Partial",
              "Parent Relationship": "Outer",
              "Parallel Aware": false,
              "Startup Cost": 31703.75,
              "Total Cost": 31703.76,
              "Plan Rows": 1,
              "Plan Width": 8,
              "Actual Startup Time": 82.548,
              "Actual Total Time": 82.549,
              "Actual Rows": 1,
              "Actual Loops": 4,
              "Plans": [
                {
                  "Node Type": "Seq Scan",
                  "Parent Relationship": "Outer",
                  "Parallel Aware": true,
                  "Relation Name": "movie_companies",
                  "Alias": "mc",
                  "Startup Cost": 0.0,
                  "Total Cost": 31414.82,
                  "Plan Rows": 115572,
                  "Plan Width": 0,
                  "Actual Startup Time": 30.192,
                  "Actual Total Time": 81.793,
                  "Actual Rows": 12176,
                  "Actual Loops": 4,
                  "Filter": "((company_id > 38382) AND (company_type_id = 1))",
                  "Rows Removed by Filter": 640106
                }
              ]
            }
          ]
        }
      ]
    },
    "Planning Time": 0.23,
    "Triggers": [],
    "Execution Time": 98.024
  }
]