[
    {
        "Bao": {
            "Bao prediction": 683.571,
            "Bao recommended hint": "(no hint)"
        }
    },
    {
        "Plan": {
            "Node Type": "Aggregate",
            "Strategy": "Plain",
            "Partial Mode": "Finalize",
            "Parallel Aware": false,
            "Startup Cost": 344961.45,
            "Total Cost": 344961.46,
            "Plan Rows": 1,
            "Plan Width": 8,
            "Actual Startup Time": 381.412,
            "Actual Total Time": 390.674,
            "Actual Rows": 1,
            "Actual Loops": 1,
            "Output": [
                "count(*)"
            ],
            "Plans": [
                {
                    "Node Type": "Gather",
                    "Parent Relationship": "Outer",
                    "Parallel Aware": false,
                    "Startup Cost": 344960.83,
                    "Total Cost": 344961.44,
                    "Plan Rows": 6,
                    "Plan Width": 8,
                    "Actual Startup Time": 380.329,
                    "Actual Total Time": 390.665,
                    "Actual Rows": 7,
                    "Actual Loops": 1,
                    "Output": [
                        "(PARTIAL count(*))"
                    ],
                    "Workers Planned": 6,
                    "Workers Launched": 6,
                    "Single Copy": false,
                    "Plans": [
                        {
                            "Node Type": "Aggregate",
                            "Strategy": "Plain",
                            "Partial Mode": "Partial",
                            "Parent Relationship": "Outer",
                            "Parallel Aware": false,
                            "Startup Cost": 343960.83,
                            "Total Cost": 343960.84,
                            "Plan Rows": 1,
                            "Plan Width": 8,
                            "Actual Startup Time": 370.225,
                            "Actual Total Time": 370.229,
                            "Actual Rows": 1,
                            "Actual Loops": 7,
                            "Output": [
                                "PARTIAL count(*)"
                            ],
                            "Workers": [
                                {
                                    "Worker Number": 0,
                                    "Actual Startup Time": 368.013,
                                    "Actual Total Time": 368.015,
                                    "Actual Rows": 1,
                                    "Actual Loops": 1
                                },
                                {
                                    "Worker Number": 1,
                                    "Actual Startup Time": 368.53,
                                    "Actual Total Time": 368.531,
                                    "Actual Rows": 1,
                                    "Actual Loops": 1
                                },
                                {
                                    "Worker Number": 2,
                                    "Actual Startup Time": 368.71,
                                    "Actual Total Time": 368.711,
                                    "Actual Rows": 1,
                                    "Actual Loops": 1
                                },
                                {
                                    "Worker Number": 3,
                                    "Actual Startup Time": 368.659,
                                    "Actual Total Time": 368.661,
                                    "Actual Rows": 1,
                                    "Actual Loops": 1
                                },
                                {
                                    "Worker Number": 4,
                                    "Actual Startup Time": 368.747,
                                    "Actual Total Time": 368.748,
                                    "Actual Rows": 1,
                                    "Actual Loops": 1
                                },
                                {
                                    "Worker Number": 5,
                                    "Actual Startup Time": 369.375,
                                    "Actual Total Time": 369.376,
                                    "Actual Rows": 1,
                                    "Actual Loops": 1
                                }
                            ],
                            "Plans": [
                                {
                                    "Node Type": "Bitmap Heap Scan",
                                    "Parent Relationship": "Outer",
                                    "Parallel Aware": true,
                                    "Relation Name": "cast_info",
                                    "Schema": "public",
                                    "Alias": "ci",
                                    "Startup Cost": 80817.12,
                                    "Total Cost": 342671.84,
                                    "Plan Rows": 515593,
                                    "Plan Width": 0,
                                    "Actual Startup Time": 159.951,
                                    "Actual Total Time": 337.914,
                                    "Actual Rows": 501356,
                                    "Actual Loops": 7,
                                    "Recheck Cond": "(ci.person_id < 356575)",
                                    "Rows Removed by Index Recheck": 0,
                                    "Filter": "(ci.role_id < 9)",
                                    "Rows Removed by Filter": 29585,
                                    "Exact Heap Blocks": 10243,
                                    "Lossy Heap Blocks": 0,
                                    "Workers": [
                                        {
                                            "Worker Number": 0,
                                            "Actual Startup Time": 157.7,
                                            "Actual Total Time": 336.3,
                                            "Actual Rows": 423837,
                                            "Actual Loops": 1
                                        },
                                        {
                                            "Worker Number": 1,
                                            "Actual Startup Time": 158.193,
                                            "Actual Total Time": 336.229,
                                            "Actual Rows": 432538,
                                            "Actual Loops": 1
                                        },
                                        {
                                            "Worker Number": 2,
                                            "Actual Startup Time": 158.711,
                                            "Actual Total Time": 336.415,
                                            "Actual Rows": 437202,
                                            "Actual Loops": 1
                                        },
                                        {
                                            "Worker Number": 3,
                                            "Actual Startup Time": 158.381,
                                            "Actual Total Time": 336.885,
                                            "Actual Rows": 432388,
                                            "Actual Loops": 1
                                        },
                                        {
                                            "Worker Number": 4,
                                            "Actual Startup Time": 158.462,
                                            "Actual Total Time": 336.953,
                                            "Actual Rows": 432413,
                                            "Actual Loops": 1
                                        },
                                        {
                                            "Worker Number": 5,
                                            "Actual Startup Time": 159.301,
                                            "Actual Total Time": 336.999,
                                            "Actual Rows": 438530,
                                            "Actual Loops": 1
                                        }
                                    ],
                                    "Plans": [
                                        {
                                            "Node Type": "Bitmap Index Scan",
                                            "Parent Relationship": "Outer",
                                            "Parallel Aware": false,
                                            "Index Name": "person_id_cast_info",
                                            "Startup Cost": 0.0,
                                            "Total Cost": 80043.73,
                                            "Plan Rows": 3667089,
                                            "Plan Width": 0,
                                            "Actual Startup Time": 162.823,
                                            "Actual Total Time": 162.824,
                                            "Actual Rows": 3716586,
                                            "Actual Loops": 1,
                                            "Index Cond": "(ci.person_id < 356575)"
                                        }
                                    ]
                                }
                            ]
                        }
                    ]
                }
            ]
        },
        "Planning Time": 1459.853,
        "Triggers": [],
        "Execution Time": 390.772
    }
]