[
  {
    "Plan": {
      "Node Type": "Aggregate",
      "Strategy": "Plain",
      "Partial Mode": "Finalize",
      "Parallel Aware": false,
      "Startup Cost": 96102.97,
      "Total Cost": 96102.98,
      "Plan Rows": 1,
      "Plan Width": 8,
      "Actual Startup Time": 493.118,
      "Actual Total Time": 509.028,
      "Actual Rows": 1,
      "Actual Loops": 1,
      "Plans": [
        {
          "Node Type": "Gather",
          "Parent Relationship": "Outer",
          "Parallel Aware": false,
          "Startup Cost": 96102.65,
          "Total Cost": 96102.96,
          "Plan Rows": 3,
          "Plan Width": 8,
          "Actual Startup Time": 483.697,
          "Actual Total Time": 509.018,
          "Actual Rows": 4,
          "Actual Loops": 1,
          "Workers Planned": 3,
          "Workers Launched": 3,
          "Single Copy": false,
          "Plans": [
            {
              "Node Type": "Aggregate",
              "Strategy": "Plain",
              "Partial Mode": "Partial",
              "Parent Relationship": "Outer",
              "Parallel Aware": false,
              "Startup Cost": 95102.65,
              "Total Cost": 95102.66,
              "Plan Rows": 1,
              "Plan Width": 8,
              "Actual Startup Time": 471.577,
              "Actual Total Time": 471.58,
              "Actual Rows": 1,
              "Actual Loops": 4,
              "Plans": [
                {
                  "Node Type": "Hash Join",
                  "Parent Relationship": "Outer",
                  "Parallel Aware": true,
                  "Join Type": "Inner",
                  "Startup Cost": 49827.08,
                  "Total Cost": 94027.42,
                  "Plan Rows": 430091,
                  "Plan Width": 0,
                  "Actual Startup Time": 276.697,
                  "Actual Total Time": 459.062,
                  "Actual Rows": 305930,
                  "Actual Loops": 4,
                  "Inner Unique": true,
                  "Hash Cond": "(mk.movie_id = t.id)",
                  "Plans": [
                    {
                      "Node Type": "Seq Scan",
                      "Parent Relationship": "Outer",
                      "Parallel Aware": true,
                      "Relation Name": "movie_keyword",
                      "Alias": "mk",
                      "Startup Cost": 0.0,
                      "Total Cost": 42695.65,
                      "Plan Rows": 573215,
                      "Plan Width": 4,
                      "Actual Startup Time": 0.029,
                      "Actual Total Time": 97.351,
                      "Actual Rows": 446379,
                      "Actual Loops": 4,
                      "Filter": "(keyword_id < 2891)",
                      "Rows Removed by Filter": 684604
                    },
                    {
                      "Node Type": "Hash",
                      "Parent Relationship": "Inner",
                      "Parallel Aware": true,
                      "Startup Cost": 43898.92,
                      "Total Cost": 43898.92,
                      "Plan Rows": 474253,
                      "Plan Width": 4,
                      "Actual Startup Time": 268.776,
                      "Actual Total Time": 268.777,
                      "Actual Rows": 471942,
                      "Actual Loops": 4,
                      "Hash Buckets": 2097152,
                      "Original Hash Buckets": 2097152,
                      "Hash Batches": 1,
                      "Original Hash Batches": 1,
                      "Peak Memory Usage": 90272,
                      "Plans": [
                        {
                          "Node Type": "Seq Scan",
                          "Parent Relationship": "Outer",
                          "Parallel Aware": true,
                          "Relation Name": "title",
                          "Alias": "t",
                          "Startup Cost": 0.0,
                          "Total Cost": 43898.92,
                          "Plan Rows": 474253,
                          "Plan Width": 4,
                          "Actual Startup Time": 0.04,
                          "Actual Total Time": 107.409,
                          "Actual Rows": 471942,
                          "Actual Loops": 4,
                          "Filter": "(production_year > 1983)",
                          "Rows Removed by Filter": 160136
                        }
                      ]
                    }
                  ]
                }
              ]
            }
          ]
        }
      ]
    },
    "Planning Time": 0.597,
    "Triggers": [],
    "Execution Time": 509.094
  }
]