[
  {
    "Plan": {
      "Node Type": "Aggregate",
      "Strategy": "Plain",
      "Partial Mode": "Finalize",
      "Parallel Aware": false,
      "Startup Cost": 47525.24,
      "Total Cost": 47525.25,
      "Plan Rows": 1,
      "Plan Width": 8,
      "Actual Startup Time": 144.798,
      "Actual Total Time": 157.791,
      "Actual Rows": 1,
      "Actual Loops": 1,
      "Plans": [
        {
          "Node Type": "Gather",
          "Parent Relationship": "Outer",
          "Parallel Aware": false,
          "Startup Cost": 47524.82,
          "Total Cost": 47525.23,
          "Plan Rows": 4,
          "Plan Width": 8,
          "Actual Startup Time": 144.639,
          "Actual Total Time": 157.779,
          "Actual Rows": 5,
          "Actual Loops": 1,
          "Workers Planned": 4,
          "Workers Launched": 4,
          "Single Copy": false,
          "Plans": [
            {
              "Node Type": "Aggregate",
              "Strategy": "Plain",
              "Partial Mode": "Partial",
              "Parent Relationship": "Outer",
              "Parallel Aware": false,
              "Startup Cost": 46524.82,
              "Total Cost": 46524.83,
              "Plan Rows": 1,
              "Plan Width": 8,
              "Actual Startup Time": 137.693,
              "Actual Total Time": 137.694,
              "Actual Rows": 1,
              "Actual Loops": 5,
              "Plans": [
                {
                  "Node Type": "Seq Scan",
                  "Parent Relationship": "Outer",
                  "Parallel Aware": true,
                  "Relation Name": "title",
                  "Alias": "t",
                  "Startup Cost": 0.0,
                  "Total Cost": 45479.59,
                  "Plan Rows": 418094,
                  "Plan Width": 0,
                  "Actual Startup Time": 0.043,
                  "Actual Total Time": 114.444,
                  "Actual Rows": 333248,
                  "Actual Loops": 5,
                  "Filter": "((kind_id > 2) AND (production_year < 2013))",
                  "Rows Removed by Filter": 172414
                }
              ]
            }
          ]
        }
      ]
    },
    "Planning Time": 0.109,
    "Triggers": [],
    "Execution Time": 157.833
  }
]