[
  {
    "Plan": {
      "Node Type": "Aggregate",
      "Strategy": "Plain",
      "Partial Mode": "Finalize",
      "Parallel Aware": false,
      "Startup Cost": 339581.83,
      "Total Cost": 339581.84,
      "Plan Rows": 1,
      "Plan Width": 8,
      "Actual Startup Time": 368.391,
      "Actual Total Time": 389.736,
      "Actual Rows": 1,
      "Actual Loops": 1,
      "Plans": [
        {
          "Node Type": "Gather",
          "Parent Relationship": "Outer",
          "Parallel Aware": false,
          "Startup Cost": 339581.2,
          "Total Cost": 339581.81,
          "Plan Rows": 6,
          "Plan Width": 8,
          "Actual Startup Time": 368.25,
          "Actual Total Time": 389.727,
          "Actual Rows": 7,
          "Actual Loops": 1,
          "Workers Planned": 6,
          "Workers Launched": 6,
          "Single Copy": false,
          "Plans": [
            {
              "Node Type": "Aggregate",
              "Strategy": "Plain",
              "Partial Mode": "Partial",
              "Parent Relationship": "Outer",
              "Parallel Aware": false,
              "Startup Cost": 338581.2,
              "Total Cost": 338581.21,
              "Plan Rows": 1,
              "Plan Width": 8,
              "Actual Startup Time": 358.016,
              "Actual Total Time": 358.017,
              "Actual Rows": 1,
              "Actual Loops": 7,
              "Plans": [
                {
                  "Node Type": "Index Scan",
                  "Parent Relationship": "Outer",
                  "Parallel Aware": true,
                  "Scan Direction": "Forward",
                  "Index Name": "role_id_cast_info",
                  "Relation Name": "cast_info",
                  "Alias": "ci",
                  "Startup Cost": 0.56,
                  "Total Cost": 335235.55,
                  "Plan Rows": 1338261,
                  "Plan Width": 0,
                  "Actual Startup Time": 249.396,
                  "Actual Total Time": 338.416,
                  "Actual Rows": 477575,
                  "Actual Loops": 7,
                  "Index Cond": "(role_id < 2)",
                  "Rows Removed by Index Recheck": 0,
                  "Filter": "(person_id > 1274510)",
                  "Rows Removed by Filter": 1332524
                }
              ]
            }
          ]
        }
      ]
    },
    "Planning Time": 0.234,
    "Triggers": [],
    "Execution Time": 389.799
  }
]