[
  {
    "Plan": {
      "Node Type": "Aggregate",
      "Strategy": "Plain",
      "Partial Mode": "Finalize",
      "Parallel Aware": false,
      "Startup Cost": 345270.61,
      "Total Cost": 345270.62,
      "Plan Rows": 1,
      "Plan Width": 8,
      "Actual Startup Time": 767.677,
      "Actual Total Time": 832.798,
      "Actual Rows": 1,
      "Actual Loops": 1,
      "Plans": [
        {
          "Node Type": "Gather",
          "Parent Relationship": "Outer",
          "Parallel Aware": false,
          "Startup Cost": 345269.99,
          "Total Cost": 345270.6,
          "Plan Rows": 6,
          "Plan Width": 8,
          "Actual Startup Time": 767.415,
          "Actual Total Time": 832.783,
          "Actual Rows": 7,
          "Actual Loops": 1,
          "Workers Planned": 6,
          "Workers Launched": 6,
          "Single Copy": false,
          "Plans": [
            {
              "Node Type": "Aggregate",
              "Strategy": "Plain",
              "Partial Mode": "Partial",
              "Parent Relationship": "Outer",
              "Parallel Aware": false,
              "Startup Cost": 344269.99,
              "Total Cost": 344270.0,
              "Plan Rows": 1,
              "Plan Width": 8,
              "Actual Startup Time": 756.852,
              "Actual Total Time": 756.854,
              "Actual Rows": 1,
              "Actual Loops": 7,
              "Plans": [
                {
                  "Node Type": "Seq Scan",
                  "Parent Relationship": "Outer",
                  "Parallel Aware": true,
                  "Relation Name": "cast_info",
                  "Alias": "ci",
                  "Startup Cost": 0.0,
                  "Total Cost": 343316.27,
                  "Plan Rows": 381488,
                  "Plan Width": 0,
                  "Actual Startup Time": 425.884,
                  "Actual Total Time": 745.187,
                  "Actual Rows": 211365,
                  "Actual Loops": 7,
                  "Filter": "((person_id < 516125) AND (role_id > 2))",
                  "Rows Removed by Filter": 4966399
                }
              ]
            }
          ]
        }
      ]
    },
    "Planning Time": 0.234,
    "Triggers": [],
    "Execution Time": 832.874
  }
]