{
  "Plan": {
    "Node Type": "Aggregate",
    "Strategy": "Plain",
    "Partial Mode": "Finalize",
    "Parallel Aware": false,
    "Startup Cost": 436426.04,
    "Total Cost": 436426.05,
    "Plan Rows": 1,
    "Plan Width": 8,
    "Actual Startup Time": 10830.917,
    "Actual Total Time": 10880.584,
    "Actual Rows": 1,
    "Actual Loops": 1,
    "Plans": [
      {
        "Node Type": "Gather",
        "Parent Relationship": "Outer",
        "Parallel Aware": false,
        "Startup Cost": 436425.93,
        "Total Cost": 436426.04,
        "Plan Rows": 1,
        "Plan Width": 8,
        "Actual Startup Time": 10823.153,
        "Actual Total Time": 10880.574,
        "Actual Rows": 2,
        "Actual Loops": 1,
        "Workers Planned": 1,
        "Workers Launched": 1,
        "Single Copy": false,
        "Plans": [
          {
            "Node Type": "Aggregate",
            "Strategy": "Plain",
            "Partial Mode": "Partial",
            "Parent Relationship": "Outer",
            "Parallel Aware": false,
            "Startup Cost": 435425.93,
            "Total Cost": 435425.94,
            "Plan Rows": 1,
            "Plan Width": 8,
            "Actual Startup Time": 10815.326,
            "Actual Total Time": 10815.672,
            "Actual Rows": 1,
            "Actual Loops": 2,
            "Plans": [
              {
                "Node Type": "Hash Join",
                "Parent Relationship": "Outer",
                "Parallel Aware": true,
                "Join Type": "Inner",
                "Startup Cost": 124182.95,
                "Total Cost": 429536.4,
                "Plan Rows": 2355813,
                "Plan Width": 0,
                "Actual Startup Time": 923.709,
                "Actual Total Time": 7703.732,
                "Actual Rows": 80648995,
                "Actual Loops": 2,
                "Inner Unique": false,
                "Hash Cond": "(mi.movie_id = t.id)",
                "Plans": [
                  {
                    "Node Type": "Seq Scan",
                    "Parent Relationship": "Outer",
                    "Parallel Aware": true,
                    "Relation Name": "movie_info",
                    "Alias": "mi",
                    "Startup Cost": 0.0,
                    "Total Cost": 270696.42,
                    "Plan Rows": 5546484,
                    "Plan Width": 4,
                    "Actual Startup Time": 33.873,
                    "Actual Total Time": 718.681,
                    "Actual Rows": 4712600,
                    "Actual Loops": 2,
                    "Filter": "(info_type_id > 5)",
                    "Rows Removed by Filter": 2705260
                  },
                  {
                    "Node Type": "Hash",
                    "Parent Relationship": "Inner",
                    "Parallel Aware": true,
                    "Startup Cost": 116286.88,
                    "Total Cost": 116286.88,
                    "Plan Rows": 631686,
                    "Plan Width": 8,
                    "Actual Startup Time": 845.644,
                    "Actual Total Time": 845.988,
                    "Actual Rows": 1162522,
                    "Actual Loops": 2,
                    "Hash Buckets": 4194304,
                    "Original Hash Buckets": 2097152,
                    "Hash Batches": 1,
                    "Original Hash Batches": 1,
                    "Peak Memory Usage": 140128,
                    "Plans": [
                      {
                        "Node Type": "Hash Join",
                        "Parent Relationship": "Outer",
                        "Parallel Aware": true,
                        "Join Type": "Inner",
                        "Startup Cost": 58236.03,
                        "Total Cost": 116286.88,
                        "Plan Rows": 631686,
                        "Plan Width": 8,
                        "Actual Startup Time": 216.543,
                        "Actual Total Time": 597.848,
                        "Actual Rows": 1162522,
                        "Actual Loops": 2,
                        "Inner Unique": true,
                        "Hash Cond": "(mk.movie_id = t.id)",
                        "Plans": [
                          {
                            "Node Type": "Seq Scan",
                            "Parent Relationship": "Outer",
                            "Parallel Aware": true,
                            "Relation Name": "movie_keyword",
                            "Alias": "mk",
                            "Startup Cost": 0.0,
                            "Total Cost": 51065.35,
                            "Plan Rows": 2661135,
                            "Plan Width": 4,
                            "Actual Startup Time": 0.014,
                            "Actual Total Time": 155.148,
                            "Actual Rows": 2261965,
                            "Actual Loops": 2
                          },
                          {
                            "Node Type": "Hash",
                            "Parent Relationship": "Inner",
                            "Parallel Aware": true,
                            "Startup Cost": 53823.15,
                            "Total Cost": 53823.15,
                            "Plan Rows": 353031,
                            "Plan Width": 4,
                            "Actual Startup Time": 150.109,
                            "Actual Total Time": 150.11,
                            "Actual Rows": 245009,
                            "Actual Loops": 2,
                            "Hash Buckets": 1048576,
                            "Original Hash Buckets": 1048576,
                            "Hash Batches": 1,
                            "Original Hash Batches": 1,
                            "Peak Memory Usage": 27424,
                            "Plans": [
                              {
                                "Node Type": "Bitmap Heap Scan",
                                "Parent Relationship": "Outer",
                                "Parallel Aware": true,
                                "Relation Name": "title",
                                "Alias": "t",
                                "Startup Cost": 11972.89,
                                "Total Cost": 53823.15,
                                "Plan Rows": 353031,
                                "Plan Width": 4,
                                "Actual Startup Time": 23.187,
                                "Actual Total Time": 90.337,
                                "Actual Rows": 245009,
                                "Actual Loops": 2,
                                "Recheck Cond": "(kind_id = 1)",
                                "Rows Removed by Index Recheck": 0,
                                "Filter": "(production_year > 1951)",
                                "Rows Removed by Filter": 86404,
                                "Exact Heap Blocks": 7834,
                                "Lossy Heap Blocks": 0,
                                "Plans": [
                                  {
                                    "Node Type": "Bitmap Index Scan",
                                    "Parent Relationship": "Outer",
                                    "Parallel Aware": false,
                                    "Index Name": "kind_id_title",
                                    "Startup Cost": 0.0,
                                    "Total Cost": 11822.85,
                                    "Plan Rows": 663256,
                                    "Plan Width": 0,
                                    "Actual Startup Time": 21.273,
                                    "Actual Total Time": 21.273,
                                    "Actual Rows": 662825,
                                    "Actual Loops": 1,
                                    "Index Cond": "(kind_id = 1)"
                                  }
                                ]
                              }
                            ]
                          }
                        ]
                      }
                    ]
                  }
                ]
              }
            ]
          }
        ]
      }
    ]
  },
  "Planning Time": 0.951,
  "Triggers": [],
  "Execution Time": 10880.691
}