[
  {
    "Plan": {
      "Node Type": "Aggregate",
      "Strategy": "Plain",
      "Partial Mode": "Finalize",
      "Parallel Aware": false,
      "Startup Cost": 62721.5,
      "Total Cost": 62721.51,
      "Plan Rows": 1,
      "Plan Width": 8,
      "Actual Startup Time": 98.678,
      "Actual Total Time": 114.42,
      "Actual Rows": 1,
      "Actual Loops": 1,
      "Plans": [
        {
          "Node Type": "Gather",
          "Parent Relationship": "Outer",
          "Parallel Aware": false,
          "Startup Cost": 62721.08,
          "Total Cost": 62721.49,
          "Plan Rows": 4,
          "Plan Width": 8,
          "Actual Startup Time": 98.509,
          "Actual Total Time": 114.41,
          "Actual Rows": 5,
          "Actual Loops": 1,
          "Workers Planned": 4,
          "Workers Launched": 4,
          "Single Copy": false,
          "Plans": [
            {
              "Node Type": "Aggregate",
              "Strategy": "Plain",
              "Partial Mode": "Partial",
              "Parent Relationship": "Outer",
              "Parallel Aware": false,
              "Startup Cost": 61721.08,
              "Total Cost": 61721.09,
              "Plan Rows": 1,
              "Plan Width": 8,
              "Actual Startup Time": 93.599,
              "Actual Total Time": 93.601,
              "Actual Rows": 1,
              "Actual Loops": 5,
              "Plans": [
                {
                  "Node Type": "Nested Loop",
                  "Parent Relationship": "Outer",
                  "Parallel Aware": false,
                  "Join Type": "Inner",
                  "Startup Cost": 0.43,
                  "Total Cost": 61719.66,
                  "Plan Rows": 568,
                  "Plan Width": 0,
                  "Actual Startup Time": 47.285,
                  "Actual Total Time": 93.276,
                  "Actual Rows": 3302,
                  "Actual Loops": 5,
                  "Inner Unique": false,
                  "Plans": [
                    {
                      "Node Type": "Seq Scan",
                      "Parent Relationship": "Outer",
                      "Parallel Aware": true,
                      "Relation Name": "title",
                      "Alias": "t",
                      "Startup Cost": 0.0,
                      "Total Cost": 45479.59,
                      "Plan Rows": 1125,
                      "Plan Width": 4,
                      "Actual Startup Time": 47.215,
                      "Actual Total Time": 69.669,
                      "Actual Rows": 3378,
                      "Actual Loops": 5,
                      "Filter": "((production_year < 1907) AND (kind_id = 1))",
                      "Rows Removed by Filter": 502284
                    },
                    {
                      "Node Type": "Index Scan",
                      "Parent Relationship": "Inner",
                      "Parallel Aware": false,
                      "Scan Direction": "Forward",
                      "Index Name": "movie_id_movie_companies",
                      "Relation Name": "movie_companies",
                      "Alias": "mc",
                      "Startup Cost": 0.43,
                      "Total Cost": 14.41,
                      "Plan Rows": 3,
                      "Plan Width": 4,
                      "Actual Startup Time": 0.005,
                      "Actual Total Time": 0.007,
                      "Actual Rows": 1,
                      "Actual Loops": 16891,
                      "Index Cond": "(movie_id = t.id)",
                      "Rows Removed by Index Recheck": 0,
                      "Filter": "(company_type_id < 2)",
                      "Rows Removed by Filter": 1
                    }
                  ]
                }
              ]
            }
          ]
        }
      ]
    },
    "Planning Time": 0.279,
    "Triggers": [],
    "Execution Time": 114.484
  }
]