[
    {
        "Bao": {
            "Bao prediction": 442.423,
            "Bao recommended hint": "(no hint)"
        }
    },
    {
        "Plan": {
            "Node Type": "Aggregate",
            "Strategy": "Plain",
            "Partial Mode": "Finalize",
            "Parallel Aware": false,
            "Startup Cost": 32887.64,
            "Total Cost": 32887.65,
            "Plan Rows": 1,
            "Plan Width": 8,
            "Actual Startup Time": 105.403,
            "Actual Total Time": 110.278,
            "Actual Rows": 1,
            "Actual Loops": 1,
            "Output": [
                "count(*)"
            ],
            "Plans": [
                {
                    "Node Type": "Gather",
                    "Parent Relationship": "Outer",
                    "Parallel Aware": false,
                    "Startup Cost": 32887.32,
                    "Total Cost": 32887.63,
                    "Plan Rows": 3,
                    "Plan Width": 8,
                    "Actual Startup Time": 105.316,
                    "Actual Total Time": 110.27,
                    "Actual Rows": 4,
                    "Actual Loops": 1,
                    "Output": [
                        "(PARTIAL count(*))"
                    ],
                    "Workers Planned": 3,
                    "Workers Launched": 3,
                    "Single Copy": false,
                    "Plans": [
                        {
                            "Node Type": "Aggregate",
                            "Strategy": "Plain",
                            "Partial Mode": "Partial",
                            "Parent Relationship": "Outer",
                            "Parallel Aware": false,
                            "Startup Cost": 31887.32,
                            "Total Cost": 31887.33,
                            "Plan Rows": 1,
                            "Plan Width": 8,
                            "Actual Startup Time": 97.639,
                            "Actual Total Time": 97.64,
                            "Actual Rows": 1,
                            "Actual Loops": 4,
                            "Output": [
                                "PARTIAL count(*)"
                            ],
                            "Workers": [
                                {
                                    "Worker Number": 0,
                                    "Actual Startup Time": 95.212,
                                    "Actual Total Time": 95.213,
                                    "Actual Rows": 1,
                                    "Actual Loops": 1
                                },
                                {
                                    "Worker Number": 1,
                                    "Actual Startup Time": 95.308,
                                    "Actual Total Time": 95.31,
                                    "Actual Rows": 1,
                                    "Actual Loops": 1
                                },
                                {
                                    "Worker Number": 2,
                                    "Actual Startup Time": 95.377,
                                    "Actual Total Time": 95.378,
                                    "Actual Rows": 1,
                                    "Actual Loops": 1
                                }
                            ],
                            "Plans": [
                                {
                                    "Node Type": "Seq Scan",
                                    "Parent Relationship": "Outer",
                                    "Parallel Aware": true,
                                    "Relation Name": "movie_companies",
                                    "Schema": "public",
                                    "Alias": "mc",
                                    "Startup Cost": 0.0,
                                    "Total Cost": 31414.82,
                                    "Plan Rows": 189002,
                                    "Plan Width": 0,
                                    "Actual Startup Time": 22.636,
                                    "Actual Total Time": 92.058,
                                    "Actual Rows": 79974,
                                    "Actual Loops": 4,
                                    "Output": [
                                        "id",
                                        "movie_id",
                                        "company_id",
                                        "company_type_id",
                                        "note"
                                    ],
                                    "Filter": "((mc.company_id > 12296) AND (mc.company_type_id = 1))",
                                    "Rows Removed by Filter": 572308,
                                    "Workers": [
                                        {
                                            "Worker Number": 0,
                                            "Actual Startup Time": 20.21,
                                            "Actual Total Time": 89.924,
                                            "Actual Rows": 75453,
                                            "Actual Loops": 1
                                        },
                                        {
                                            "Worker Number": 1,
                                            "Actual Startup Time": 20.316,
                                            "Actual Total Time": 89.957,
                                            "Actual Rows": 76628,
                                            "Actual Loops": 1
                                        },
                                        {
                                            "Worker Number": 2,
                                            "Actual Startup Time": 20.375,
                                            "Actual Total Time": 90.032,
                                            "Actual Rows": 76468,
                                            "Actual Loops": 1
                                        }
                                    ]
                                }
                            ]
                        }
                    ]
                }
            ]
        },
        "Planning Time": 2160.208,
        "Triggers": [],
        "Execution Time": 110.381
    }
]