{
  "Plan": {
    "Node Type": "Aggregate",
    "Strategy": "Plain",
    "Partial Mode": "Finalize",
    "Parallel Aware": false,
    "Startup Cost": 76600.81,
    "Total Cost": 76600.82,
    "Plan Rows": 1,
    "Plan Width": 8,
    "Actual Startup Time": 263.377,
    "Actual Total Time": 297.99,
    "Actual Rows": 1,
    "Actual Loops": 1,
    "Plans": [
      {
        "Node Type": "Gather",
        "Parent Relationship": "Outer",
        "Parallel Aware": false,
        "Startup Cost": 76600.7,
        "Total Cost": 76600.81,
        "Plan Rows": 1,
        "Plan Width": 8,
        "Actual Startup Time": 263.099,
        "Actual Total Time": 297.981,
        "Actual Rows": 2,
        "Actual Loops": 1,
        "Workers Planned": 1,
        "Workers Launched": 1,
        "Single Copy": false,
        "Plans": [
          {
            "Node Type": "Aggregate",
            "Strategy": "Plain",
            "Partial Mode": "Partial",
            "Parent Relationship": "Outer",
            "Parallel Aware": false,
            "Startup Cost": 75600.7,
            "Total Cost": 75600.71,
            "Plan Rows": 1,
            "Plan Width": 8,
            "Actual Startup Time": 256.317,
            "Actual Total Time": 256.32,
            "Actual Rows": 1,
            "Actual Loops": 2,
            "Plans": [
              {
                "Node Type": "Nested Loop",
                "Parent Relationship": "Outer",
                "Parallel Aware": false,
                "Join Type": "Inner",
                "Startup Cost": 11825.02,
                "Total Cost": 75582.05,
                "Plan Rows": 7460,
                "Plan Width": 0,
                "Actual Startup Time": 44.847,
                "Actual Total Time": 253.358,
                "Actual Rows": 39302,
                "Actual Loops": 2,
                "Inner Unique": false,
                "Join Filter": "(t.id = ci.movie_id)",
                "Rows Removed by Join Filter": 0,
                "Plans": [
                  {
                    "Node Type": "Nested Loop",
                    "Parent Relationship": "Outer",
                    "Parallel Aware": false,
                    "Join Type": "Inner",
                    "Startup Cost": 11824.45,
                    "Total Cost": 71685.65,
                    "Plan Rows": 1512,
                    "Plan Width": 8,
                    "Actual Startup Time": 44.691,
                    "Actual Total Time": 113.586,
                    "Actual Rows": 3008,
                    "Actual Loops": 2,
                    "Inner Unique": false,
                    "Plans": [
                      {
                        "Node Type": "Bitmap Heap Scan",
                        "Parent Relationship": "Outer",
                        "Parallel Aware": true,
                        "Relation Name": "title",
                        "Alias": "t",
                        "Startup Cost": 11824.03,
                        "Total Cost": 53674.29,
                        "Plan Rows": 2770,
                        "Plan Width": 4,
                        "Actual Startup Time": 43.475,
                        "Actual Total Time": 99.286,
                        "Actual Rows": 2257,
                        "Actual Loops": 2,
                        "Recheck Cond": "(kind_id = 1)",
                        "Rows Removed by Index Recheck": 0,
                        "Filter": "(production_year = 1984)",
                        "Rows Removed by Filter": 329156,
                        "Exact Heap Blocks": 8555,
                        "Lossy Heap Blocks": 0,
                        "Plans": [
                          {
                            "Node Type": "Bitmap Index Scan",
                            "Parent Relationship": "Outer",
                            "Parallel Aware": false,
                            "Index Name": "kind_id_title",
                            "Startup Cost": 0.0,
                            "Total Cost": 11822.85,
                            "Plan Rows": 663256,
                            "Plan Width": 0,
                            "Actual Startup Time": 45.856,
                            "Actual Total Time": 45.857,
                            "Actual Rows": 662825,
                            "Actual Loops": 1,
                            "Index Cond": "(kind_id = 1)"
                          }
                        ]
                      },
                      {
                        "Node Type": "Index Only Scan",
                        "Parent Relationship": "Inner",
                        "Parallel Aware": false,
                        "Scan Direction": "Forward",
                        "Index Name": "movie_id_movie_info_idx",
                        "Relation Name": "movie_info_idx",
                        "Alias": "mi_idx",
                        "Startup Cost": 0.43,
                        "Total Cost": 6.47,
                        "Plan Rows": 3,
                        "Plan Width": 4,
                        "Actual Startup Time": 0.005,
                        "Actual Total Time": 0.006,
                        "Actual Rows": 1,
                        "Actual Loops": 4514,
                        "Index Cond": "(movie_id = t.id)",
                        "Rows Removed by Index Recheck": 0,
                        "Heap Fetches": 6016
                      }
                    ]
                  },
                  {
                    "Node Type": "Index Scan",
                    "Parent Relationship": "Inner",
                    "Parallel Aware": false,
                    "Scan Direction": "Forward",
                    "Index Name": "movie_id_cast_info",
                    "Relation Name": "cast_info",
                    "Alias": "ci",
                    "Startup Cost": 0.56,
                    "Total Cost": 2.41,
                    "Plan Rows": 13,
                    "Plan Width": 4,
                    "Actual Startup Time": 0.006,
                    "Actual Total Time": 0.045,
                    "Actual Rows": 13,
                    "Actual Loops": 6016,
                    "Index Cond": "(movie_id = mi_idx.movie_id)",
                    "Rows Removed by Index Recheck": 0,
                    "Filter": "(role_id = 1)",
                    "Rows Removed by Filter": 17
                  }
                ]
              }
            ]
          }
        ]
      }
    ]
  },
  "Planning Time": 0.914,
  "Triggers": [],
  "Execution Time": 298.097
}