[
    {
        "Bao": {
            "Bao prediction": "NaN",
            "Bao recommended hint": "(no hint)"
        }
    },
    {
        "Plan": {
            "Node Type": "Aggregate",
            "Strategy": "Plain",
            "Partial Mode": "Finalize",
            "Parallel Aware": false,
            "Startup Cost": 31305.26,
            "Total Cost": 31305.27,
            "Plan Rows": 1,
            "Plan Width": 8,
            "Actual Startup Time": 105.136,
            "Actual Total Time": 110.253,
            "Actual Rows": 1,
            "Actual Loops": 1,
            "Output": [
                "count(*)"
            ],
            "Plans": [
                {
                    "Node Type": "Gather",
                    "Parent Relationship": "Outer",
                    "Parallel Aware": false,
                    "Startup Cost": 31304.94,
                    "Total Cost": 31305.25,
                    "Plan Rows": 3,
                    "Plan Width": 8,
                    "Actual Startup Time": 105.003,
                    "Actual Total Time": 110.246,
                    "Actual Rows": 4,
                    "Actual Loops": 1,
                    "Output": [
                        "(PARTIAL count(*))"
                    ],
                    "Workers Planned": 3,
                    "Workers Launched": 3,
                    "Single Copy": false,
                    "Plans": [
                        {
                            "Node Type": "Aggregate",
                            "Strategy": "Plain",
                            "Partial Mode": "Partial",
                            "Parent Relationship": "Outer",
                            "Parallel Aware": false,
                            "Startup Cost": 30304.94,
                            "Total Cost": 30304.95,
                            "Plan Rows": 1,
                            "Plan Width": 8,
                            "Actual Startup Time": 96.686,
                            "Actual Total Time": 96.687,
                            "Actual Rows": 1,
                            "Actual Loops": 4,
                            "Output": [
                                "PARTIAL count(*)"
                            ],
                            "Workers": [
                                {
                                    "Worker Number": 0,
                                    "Actual Startup Time": 93.788,
                                    "Actual Total Time": 93.789,
                                    "Actual Rows": 1,
                                    "Actual Loops": 1
                                },
                                {
                                    "Worker Number": 1,
                                    "Actual Startup Time": 93.809,
                                    "Actual Total Time": 93.81,
                                    "Actual Rows": 1,
                                    "Actual Loops": 1
                                },
                                {
                                    "Worker Number": 2,
                                    "Actual Startup Time": 94.397,
                                    "Actual Total Time": 94.399,
                                    "Actual Rows": 1,
                                    "Actual Loops": 1
                                }
                            ],
                            "Plans": [
                                {
                                    "Node Type": "Seq Scan",
                                    "Parent Relationship": "Outer",
                                    "Parallel Aware": true,
                                    "Relation Name": "movie_companies",
                                    "Schema": "public",
                                    "Alias": "mc",
                                    "Startup Cost": 0.0,
                                    "Total Cost": 29310.68,
                                    "Plan Rows": 397705,
                                    "Plan Width": 0,
                                    "Actual Startup Time": 13.552,
                                    "Actual Total Time": 80.218,
                                    "Actual Rows": 309365,
                                    "Actual Loops": 4,
                                    "Output": [
                                        "id",
                                        "movie_id",
                                        "company_id",
                                        "company_type_id",
                                        "note"
                                    ],
                                    "Filter": "(mc.company_id > 11804)",
                                    "Rows Removed by Filter": 342917,
                                    "Workers": [
                                        {
                                            "Worker Number": 0,
                                            "Actual Startup Time": 10.664,
                                            "Actual Total Time": 77.719,
                                            "Actual Rows": 341542,
                                            "Actual Loops": 1
                                        },
                                        {
                                            "Worker Number": 1,
                                            "Actual Startup Time": 10.673,
                                            "Actual Total Time": 77.618,
                                            "Actual Rows": 227544,
                                            "Actual Loops": 1
                                        },
                                        {
                                            "Worker Number": 2,
                                            "Actual Startup Time": 11.269,
                                            "Actual Total Time": 78.605,
                                            "Actual Rows": 220849,
                                            "Actual Loops": 1
                                        }
                                    ]
                                }
                            ]
                        }
                    ]
                }
            ]
        },
        "Planning Time": 188.162,
        "Triggers": [],
        "Execution Time": 110.291
    }
]