[
  {
    "Plan": {
      "Node Type": "Aggregate",
      "Strategy": "Plain",
      "Partial Mode": "Finalize",
      "Parallel Aware": false,
      "Startup Cost": 247679.8,
      "Total Cost": 247679.81,
      "Plan Rows": 1,
      "Plan Width": 8,
      "Actual Startup Time": 880.132,
      "Actual Total Time": 923.193,
      "Actual Rows": 1,
      "Actual Loops": 1,
      "Plans": [
        {
          "Node Type": "Gather",
          "Parent Relationship": "Outer",
          "Parallel Aware": false,
          "Startup Cost": 247679.28,
          "Total Cost": 247679.79,
          "Plan Rows": 5,
          "Plan Width": 8,
          "Actual Startup Time": 875.589,
          "Actual Total Time": 923.184,
          "Actual Rows": 6,
          "Actual Loops": 1,
          "Workers Planned": 5,
          "Workers Launched": 5,
          "Single Copy": false,
          "Plans": [
            {
              "Node Type": "Aggregate",
              "Strategy": "Plain",
              "Partial Mode": "Partial",
              "Parent Relationship": "Outer",
              "Parallel Aware": false,
              "Startup Cost": 246679.28,
              "Total Cost": 246679.29,
              "Plan Rows": 1,
              "Plan Width": 8,
              "Actual Startup Time": 865.344,
              "Actual Total Time": 865.347,
              "Actual Rows": 1,
              "Actual Loops": 6,
              "Plans": [
                {
                  "Node Type": "Hash Join",
                  "Parent Relationship": "Outer",
                  "Parallel Aware": true,
                  "Join Type": "Inner",
                  "Startup Cost": 46449.57,
                  "Total Cost": 245771.34,
                  "Plan Rows": 363175,
                  "Plan Width": 0,
                  "Actual Startup Time": 117.295,
                  "Actual Total Time": 830.451,
                  "Actual Rows": 843655,
                  "Actual Loops": 6,
                  "Inner Unique": true,
                  "Hash Cond": "(mi.movie_id = t.id)",
                  "Plans": [
                    {
                      "Node Type": "Seq Scan",
                      "Parent Relationship": "Outer",
                      "Parallel Aware": true,
                      "Relation Name": "movie_info",
                      "Alias": "mi",
                      "Startup Cost": 0.0,
                      "Total Cost": 191560.33,
                      "Plan Rows": 2956733,
                      "Plan Width": 4,
                      "Actual Startup Time": 0.024,
                      "Actual Total Time": 308.542,
                      "Actual Rows": 2472620,
                      "Actual Loops": 6
                    },
                    {
                      "Node Type": "Hash",
                      "Parent Relationship": "Inner",
                      "Parallel Aware": true,
                      "Startup Cost": 45479.1,
                      "Total Cost": 45479.1,
                      "Plan Rows": 77638,
                      "Plan Width": 4,
                      "Actual Startup Time": 102.812,
                      "Actual Total Time": 102.812,
                      "Actual Rows": 66790,
                      "Actual Loops": 6,
                      "Hash Buckets": 524288,
                      "Original Hash Buckets": 524288,
                      "Hash Batches": 1,
                      "Original Hash Batches": 1,
                      "Peak Memory Usage": 19904,
                      "Plans": [
                        {
                          "Node Type": "Seq Scan",
                          "Parent Relationship": "Outer",
                          "Parallel Aware": true,
                          "Relation Name": "title",
                          "Alias": "t",
                          "Startup Cost": 0.0,
                          "Total Cost": 45479.1,
                          "Plan Rows": 77638,
                          "Plan Width": 4,
                          "Actual Startup Time": 50.302,
                          "Actual Total Time": 81.001,
                          "Actual Rows": 66790,
                          "Actual Loops": 6,
                          "Filter": "((production_year < 2003) AND (kind_id = 1))",
                          "Rows Removed by Filter": 354595
                        }
                      ]
                    }
                  ]
                }
              ]
            }
          ]
        }
      ]
    },
    "Planning Time": 0.568,
    "Triggers": [],
    "Execution Time": 923.268
  }
]