{
  "Plan": {
    "Node Type": "Aggregate",
    "Strategy": "Plain",
    "Partial Mode": "Finalize",
    "Parallel Aware": false,
    "Startup Cost": 723310.76,
    "Total Cost": 723310.77,
    "Plan Rows": 1,
    "Plan Width": 8,
    "Actual Startup Time": 8770.35,
    "Actual Total Time": 8851.764,
    "Actual Rows": 1,
    "Actual Loops": 1,
    "Plans": [
      {
        "Node Type": "Gather",
        "Parent Relationship": "Outer",
        "Parallel Aware": false,
        "Startup Cost": 723310.64,
        "Total Cost": 723310.75,
        "Plan Rows": 1,
        "Plan Width": 8,
        "Actual Startup Time": 8764.442,
        "Actual Total Time": 8851.755,
        "Actual Rows": 2,
        "Actual Loops": 1,
        "Workers Planned": 1,
        "Workers Launched": 1,
        "Single Copy": false,
        "Plans": [
          {
            "Node Type": "Aggregate",
            "Strategy": "Plain",
            "Partial Mode": "Partial",
            "Parent Relationship": "Outer",
            "Parallel Aware": false,
            "Startup Cost": 722310.64,
            "Total Cost": 722310.65,
            "Plan Rows": 1,
            "Plan Width": 8,
            "Actual Startup Time": 8757.523,
            "Actual Total Time": 8757.53,
            "Actual Rows": 1,
            "Actual Loops": 2,
            "Plans": [
              {
                "Node Type": "Hash Join",
                "Parent Relationship": "Outer",
                "Parallel Aware": true,
                "Join Type": "Inner",
                "Startup Cost": 95566.48,
                "Total Cost": 721087.85,
                "Plan Rows": 489116,
                "Plan Width": 0,
                "Actual Startup Time": 671.79,
                "Actual Total Time": 8698.085,
                "Actual Rows": 1241926,
                "Actual Loops": 2,
                "Inner Unique": false,
                "Hash Cond": "(t.id = mc.movie_id)",
                "Plans": [
                  {
                    "Node Type": "Hash Join",
                    "Parent Relationship": "Outer",
                    "Parallel Aware": true,
                    "Join Type": "Inner",
                    "Startup Cost": 69460.7,
                    "Total Cost": 619164.98,
                    "Plan Rows": 11670392,
                    "Plan Width": 8,
                    "Actual Startup Time": 574.18,
                    "Actual Total Time": 6995.989,
                    "Actual Rows": 10061330,
                    "Actual Loops": 2,
                    "Inner Unique": true,
                    "Hash Cond": "(ci.movie_id = t.id)",
                    "Plans": [
                      {
                        "Node Type": "Seq Scan",
                        "Parent Relationship": "Outer",
                        "Parallel Aware": true,
                        "Relation Name": "cast_info",
                        "Alias": "ci",
                        "Startup Cost": 0.0,
                        "Total Cost": 519069.44,
                        "Plan Rows": 11670392,
                        "Plan Width": 4,
                        "Actual Startup Time": 0.015,
                        "Actual Total Time": 1993.355,
                        "Actual Rows": 10061330,
                        "Actual Loops": 2,
                        "Filter": "(role_id < 3)",
                        "Rows Removed by Filter": 8060842
                      },
                      {
                        "Node Type": "Hash",
                        "Parent Relationship": "Inner",
                        "Parallel Aware": true,
                        "Startup Cost": 50870.31,
                        "Total Cost": 50870.31,
                        "Plan Rows": 1487231,
                        "Plan Width": 4,
                        "Actual Startup Time": 561.735,
                        "Actual Total Time": 561.736,
                        "Actual Rows": 1264156,
                        "Actual Loops": 2,
                        "Hash Buckets": 4194304,
                        "Original Hash Buckets": 4194304,
                        "Hash Batches": 1,
                        "Original Hash Batches": 1,
                        "Peak Memory Usage": 131680,
                        "Plans": [
                          {
                            "Node Type": "Seq Scan",
                            "Parent Relationship": "Outer",
                            "Parallel Aware": true,
                            "Relation Name": "title",
                            "Alias": "t",
                            "Startup Cost": 0.0,
                            "Total Cost": 50870.31,
                            "Plan Rows": 1487231,
                            "Plan Width": 4,
                            "Actual Startup Time": 0.02,
                            "Actual Total Time": 173.191,
                            "Actual Rows": 1264156,
                            "Actual Loops": 2
                          }
                        ]
                      }
                    ]
                  },
                  {
                    "Node Type": "Hash",
                    "Parent Relationship": "Inner",
                    "Parallel Aware": true,
                    "Startup Cost": 25326.64,
                    "Total Cost": 25326.64,
                    "Plan Rows": 62331,
                    "Plan Width": 4,
                    "Actual Startup Time": 95.22,
                    "Actual Total Time": 95.221,
                    "Actual Rows": 83524,
                    "Actual Loops": 2,
                    "Hash Buckets": 262144,
                    "Original Hash Buckets": 131072,
                    "Hash Batches": 1,
                    "Original Hash Batches": 1,
                    "Peak Memory Usage": 9632,
                    "Plans": [
                      {
                        "Node Type": "Bitmap Heap Scan",
                        "Parent Relationship": "Outer",
                        "Parallel Aware": true,
                        "Relation Name": "movie_companies",
                        "Alias": "mc",
                        "Startup Cost": 4637.33,
                        "Total Cost": 25326.64,
                        "Plan Rows": 62331,
                        "Plan Width": 4,
                        "Actual Startup Time": 25.06,
                        "Actual Total Time": 72.999,
                        "Actual Rows": 83524,
                        "Actual Loops": 2,
                        "Recheck Cond": "(company_id < 73)",
                        "Rows Removed by Index Recheck": 0,
                        "Filter": "(company_type_id < 2)",
                        "Rows Removed by Filter": 24078,
                        "Exact Heap Blocks": 12844,
                        "Lossy Heap Blocks": 0,
                        "Plans": [
                          {
                            "Node Type": "Bitmap Index Scan",
                            "Parent Relationship": "Outer",
                            "Parallel Aware": false,
                            "Index Name": "company_id_movie_companies",
                            "Startup Cost": 0.0,
                            "Total Cost": 4610.84,
                            "Plan Rows": 215255,
                            "Plan Width": 0,
                            "Actual Startup Time": 24.115,
                            "Actual Total Time": 24.115,
                            "Actual Rows": 215203,
                            "Actual Loops": 1,
                            "Index Cond": "(company_id < 73)"
                          }
                        ]
                      }
                    ]
                  }
                ]
              }
            ]
          }
        ]
      }
    ]
  },
  "Planning Time": 1.076,
  "Triggers": [],
  "Execution Time": 8851.886
}