[
  {
    "Plan": {
      "Node Type": "Aggregate",
      "Strategy": "Plain",
      "Partial Mode": "Finalize",
      "Parallel Aware": false,
      "Startup Cost": 276863.41,
      "Total Cost": 276863.42,
      "Plan Rows": 1,
      "Plan Width": 8,
      "Actual Startup Time": 1466.491,
      "Actual Total Time": 1524.43,
      "Actual Rows": 1,
      "Actual Loops": 1,
      "Plans": [
        {
          "Node Type": "Gather",
          "Parent Relationship": "Outer",
          "Parallel Aware": false,
          "Startup Cost": 276862.99,
          "Total Cost": 276863.4,
          "Plan Rows": 4,
          "Plan Width": 8,
          "Actual Startup Time": 1464.761,
          "Actual Total Time": 1524.42,
          "Actual Rows": 5,
          "Actual Loops": 1,
          "Workers Planned": 4,
          "Workers Launched": 4,
          "Single Copy": false,
          "Plans": [
            {
              "Node Type": "Aggregate",
              "Strategy": "Plain",
              "Partial Mode": "Partial",
              "Parent Relationship": "Outer",
              "Parallel Aware": false,
              "Startup Cost": 275862.99,
              "Total Cost": 275863.0,
              "Plan Rows": 1,
              "Plan Width": 8,
              "Actual Startup Time": 1454.359,
              "Actual Total Time": 1454.363,
              "Actual Rows": 1,
              "Actual Loops": 5,
              "Plans": [
                {
                  "Node Type": "Nested Loop",
                  "Parent Relationship": "Outer",
                  "Parallel Aware": false,
                  "Join Type": "Inner",
                  "Startup Cost": 30956.73,
                  "Total Cost": 274367.88,
                  "Plan Rows": 598045,
                  "Plan Width": 0,
                  "Actual Startup Time": 111.512,
                  "Actual Total Time": 1389.389,
                  "Actual Rows": 1393222,
                  "Actual Loops": 5,
                  "Inner Unique": false,
                  "Plans": [
                    {
                      "Node Type": "Hash Join",
                      "Parent Relationship": "Outer",
                      "Parallel Aware": true,
                      "Join Type": "Inner",
                      "Startup Cost": 30956.3,
                      "Total Cost": 76765.32,
                      "Plan Rows": 102277,
                      "Plan Width": 8,
                      "Actual Startup Time": 111.428,
                      "Actual Total Time": 333.245,
                      "Actual Rows": 82610,
                      "Actual Loops": 5,
                      "Inner Unique": false,
                      "Hash Cond": "(t.id = mc.movie_id)",
                      "Plans": [
                        {
                          "Node Type": "Seq Scan",
                          "Parent Relationship": "Outer",
                          "Parallel Aware": true,
                          "Relation Name": "title",
                          "Alias": "t",
                          "Startup Cost": 0.0,
                          "Total Cost": 42318.73,
                          "Plan Rows": 632073,
                          "Plan Width": 4,
                          "Actual Startup Time": 0.013,
                          "Actual Total Time": 68.248,
                          "Actual Rows": 505662,
                          "Actual Loops": 5
                        },
                        {
                          "Node Type": "Hash",
                          "Parent Relationship": "Inner",
                          "Parallel Aware": true,
                          "Startup Cost": 29306.66,
                          "Total Cost": 29306.66,
                          "Plan Rows": 131971,
                          "Plan Width": 4,
                          "Actual Startup Time": 94.908,
                          "Actual Total Time": 94.909,
                          "Actual Rows": 82610,
                          "Actual Loops": 5,
                          "Hash Buckets": 524288,
                          "Original Hash Buckets": 524288,
                          "Hash Batches": 1,
                          "Original Hash Batches": 1,
                          "Peak Memory Usage": 20320,
                          "Plans": [
                            {
                              "Node Type": "Bitmap Heap Scan",
                              "Parent Relationship": "Outer",
                              "Parallel Aware": true,
                              "Relation Name": "movie_companies",
                              "Alias": "mc",
                              "Startup Cost": 8867.02,
                              "Total Cost": 29306.66,
                              "Plan Rows": 131971,
                              "Plan Width": 4,
                              "Actual Startup Time": 30.72,
                              "Actual Total Time": 63.281,
                              "Actual Rows": 82610,
                              "Actual Loops": 5,
                              "Recheck Cond": "(company_id > 80699)",
                              "Rows Removed by Index Recheck": 0,
                              "Exact Heap Blocks": 2605,
                              "Lossy Heap Blocks": 0,
                              "Plans": [
                                {
                                  "Node Type": "Bitmap Index Scan",
                                  "Parent Relationship": "Outer",
                                  "Parallel Aware": false,
                                  "Index Name": "company_id_movie_companies",
                                  "Startup Cost": 0.0,
                                  "Total Cost": 8764.75,
                                  "Plan Rows": 409109,
                                  "Plan Width": 0,
                                  "Actual Startup Time": 30.423,
                                  "Actual Total Time": 30.424,
                                  "Actual Rows": 413048,
                                  "Actual Loops": 1,
                                  "Index Cond": "(company_id > 80699)"
                                }
                              ]
                            }
                          ]
                        }
                      ]
                    },
                    {
                      "Node Type": "Index Only Scan",
                      "Parent Relationship": "Inner",
                      "Parallel Aware": false,
                      "Scan Direction": "Forward",
                      "Index Name": "movie_id_movie_info",
                      "Relation Name": "movie_info",
                      "Alias": "mi",
                      "Startup Cost": 0.43,
                      "Total Cost": 1.51,
                      "Plan Rows": 42,
                      "Plan Width": 4,
                      "Actual Startup Time": 0.004,
                      "Actual Total Time": 0.011,
                      "Actual Rows": 17,
                      "Actual Loops": 413048,
                      "Index Cond": "(movie_id = t.id)",
                      "Rows Removed by Index Recheck": 0,
                      "Heap Fetches": 6966110
                    }
                  ]
                }
              ]
            }
          ]
        }
      ]
    },
    "Planning Time": 1.5,
    "Triggers": [],
    "Execution Time": 1524.572
  }
]