{
  "Plan": {
    "Node Type": "Aggregate",
    "Strategy": "Plain",
    "Partial Mode": "Finalize",
    "Parallel Aware": false,
    "Startup Cost": 78047.5,
    "Total Cost": 78047.51,
    "Plan Rows": 1,
    "Plan Width": 8,
    "Actual Startup Time": 268.572,
    "Actual Total Time": 281.586,
    "Actual Rows": 1,
    "Actual Loops": 1,
    "Plans": [
      {
        "Node Type": "Gather",
        "Parent Relationship": "Outer",
        "Parallel Aware": false,
        "Startup Cost": 78047.39,
        "Total Cost": 78047.5,
        "Plan Rows": 1,
        "Plan Width": 8,
        "Actual Startup Time": 268.202,
        "Actual Total Time": 281.574,
        "Actual Rows": 2,
        "Actual Loops": 1,
        "Workers Planned": 1,
        "Workers Launched": 1,
        "Single Copy": false,
        "Plans": [
          {
            "Node Type": "Aggregate",
            "Strategy": "Plain",
            "Partial Mode": "Partial",
            "Parent Relationship": "Outer",
            "Parallel Aware": false,
            "Startup Cost": 77047.39,
            "Total Cost": 77047.4,
            "Plan Rows": 1,
            "Plan Width": 8,
            "Actual Startup Time": 262.373,
            "Actual Total Time": 262.377,
            "Actual Rows": 1,
            "Actual Loops": 2,
            "Plans": [
              {
                "Node Type": "Hash Join",
                "Parent Relationship": "Outer",
                "Parallel Aware": true,
                "Join Type": "Inner",
                "Startup Cost": 58808.77,
                "Total Cost": 76992.56,
                "Plan Rows": 21934,
                "Plan Width": 0,
                "Actual Startup Time": 157.53,
                "Actual Total Time": 261.703,
                "Actual Rows": 15466,
                "Actual Loops": 2,
                "Inner Unique": true,
                "Hash Cond": "(mi_idx.movie_id = t.id)",
                "Plans": [
                  {
                    "Node Type": "Seq Scan",
                    "Parent Relationship": "Outer",
                    "Parallel Aware": true,
                    "Relation Name": "movie_info_idx",
                    "Alias": "mi_idx",
                    "Startup Cost": 0.0,
                    "Total Cost": 16052.85,
                    "Plan Rows": 811785,
                    "Plan Width": 4,
                    "Actual Startup Time": 0.024,
                    "Actual Total Time": 46.744,
                    "Actual Rows": 690018,
                    "Actual Loops": 2
                  },
                  {
                    "Node Type": "Hash",
                    "Parent Relationship": "Inner",
                    "Parallel Aware": true,
                    "Startup Cost": 58306.47,
                    "Total Cost": 58306.47,
                    "Plan Rows": 40184,
                    "Plan Width": 4,
                    "Actual Startup Time": 154.699,
                    "Actual Total Time": 154.7,
                    "Actual Rows": 37962,
                    "Actual Loops": 2,
                    "Hash Buckets": 131072,
                    "Original Hash Buckets": 131072,
                    "Hash Batches": 1,
                    "Original Hash Batches": 1,
                    "Peak Memory Usage": 4000,
                    "Plans": [
                      {
                        "Node Type": "Seq Scan",
                        "Parent Relationship": "Outer",
                        "Parallel Aware": true,
                        "Relation Name": "title",
                        "Alias": "t",
                        "Startup Cost": 0.0,
                        "Total Cost": 58306.47,
                        "Plan Rows": 40184,
                        "Plan Width": 4,
                        "Actual Startup Time": 0.038,
                        "Actual Total Time": 142.941,
                        "Actual Rows": 37962,
                        "Actual Loops": 2,
                        "Filter": "((kind_id > 2) AND (production_year = 2005))",
                        "Rows Removed by Filter": 1226194
                      }
                    ]
                  }
                ]
              }
            ]
          }
        ]
      }
    ]
  },
  "Planning Time": 0.398,
  "Triggers": [],
  "Execution Time": 281.651
}