[
  {
    "Plan": {
      "Node Type": "Aggregate",
      "Strategy": "Plain",
      "Partial Mode": "Finalize",
      "Parallel Aware": false,
      "Startup Cost": 314466.55,
      "Total Cost": 314466.56,
      "Plan Rows": 1,
      "Plan Width": 8,
      "Actual Startup Time": 2327.488,
      "Actual Total Time": 2400.092,
      "Actual Rows": 1,
      "Actual Loops": 1,
      "Plans": [
        {
          "Node Type": "Gather",
          "Parent Relationship": "Outer",
          "Parallel Aware": false,
          "Startup Cost": 314466.03,
          "Total Cost": 314466.54,
          "Plan Rows": 5,
          "Plan Width": 8,
          "Actual Startup Time": 2311.738,
          "Actual Total Time": 2400.08,
          "Actual Rows": 6,
          "Actual Loops": 1,
          "Workers Planned": 5,
          "Workers Launched": 5,
          "Single Copy": false,
          "Plans": [
            {
              "Node Type": "Aggregate",
              "Strategy": "Plain",
              "Partial Mode": "Partial",
              "Parent Relationship": "Outer",
              "Parallel Aware": false,
              "Startup Cost": 313466.03,
              "Total Cost": 313466.04,
              "Plan Rows": 1,
              "Plan Width": 8,
              "Actual Startup Time": 2291.422,
              "Actual Total Time": 2291.425,
              "Actual Rows": 1,
              "Actual Loops": 6,
              "Plans": [
                {
                  "Node Type": "Nested Loop",
                  "Parent Relationship": "Outer",
                  "Parallel Aware": false,
                  "Join Type": "Inner",
                  "Startup Cost": 53827.57,
                  "Total Cost": 312039.66,
                  "Plan Rows": 570545,
                  "Plan Width": 0,
                  "Actual Startup Time": 270.744,
                  "Actual Total Time": 2156.208,
                  "Actual Rows": 3006599,
                  "Actual Loops": 6,
                  "Inner Unique": false,
                  "Plans": [
                    {
                      "Node Type": "Hash Join",
                      "Parent Relationship": "Outer",
                      "Parallel Aware": true,
                      "Join Type": "Inner",
                      "Startup Cost": 53827.0,
                      "Total Cost": 224916.25,
                      "Plan Rows": 39817,
                      "Plan Width": 8,
                      "Actual Startup Time": 270.638,
                      "Actual Total Time": 300.333,
                      "Actual Rows": 30019,
                      "Actual Loops": 6,
                      "Inner Unique": true,
                      "Hash Cond": "(mi.movie_id = t.id)",
                      "Plans": [
                        {
                          "Node Type": "Bitmap Heap Scan",
                          "Parent Relationship": "Outer",
                          "Parallel Aware": true,
                          "Relation Name": "movie_info",
                          "Alias": "mi",
                          "Startup Cost": 3607.36,
                          "Total Cost": 174592.08,
                          "Plan Rows": 39817,
                          "Plan Width": 4,
                          "Actual Startup Time": 8.674,
                          "Actual Total Time": 19.127,
                          "Actual Rows": 30019,
                          "Actual Loops": 6,
                          "Recheck Cond": "(info_type_id = 13)",
                          "Rows Removed by Index Recheck": 0,
                          "Exact Heap Blocks": 1181,
                          "Lossy Heap Blocks": 0,
                          "Plans": [
                            {
                              "Node Type": "Bitmap Index Scan",
                              "Parent Relationship": "Outer",
                              "Parallel Aware": false,
                              "Index Name": "info_type_id_movie_info",
                              "Startup Cost": 0.0,
                              "Total Cost": 3557.59,
                              "Plan Rows": 199087,
                              "Plan Width": 0,
                              "Actual Startup Time": 7.93,
                              "Actual Total Time": 7.93,
                              "Actual Rows": 180112,
                              "Actual Loops": 1,
                              "Index Cond": "(info_type_id = 13)"
                            }
                          ]
                        },
                        {
                          "Node Type": "Hash",
                          "Parent Relationship": "Inner",
                          "Parallel Aware": true,
                          "Startup Cost": 42318.73,
                          "Total Cost": 42318.73,
                          "Plan Rows": 632073,
                          "Plan Width": 4,
                          "Actual Startup Time": 254.372,
                          "Actual Total Time": 254.373,
                          "Actual Rows": 421385,
                          "Actual Loops": 6,
                          "Hash Buckets": 4194304,
                          "Original Hash Buckets": 4194304,
                          "Hash Batches": 1,
                          "Original Hash Batches": 1,
                          "Peak Memory Usage": 131776,
                          "Plans": [
                            {
                              "Node Type": "Seq Scan",
                              "Parent Relationship": "Outer",
                              "Parallel Aware": true,
                              "Relation Name": "title",
                              "Alias": "t",
                              "Startup Cost": 0.0,
                              "Total Cost": 42318.73,
                              "Plan Rows": 632073,
                              "Plan Width": 4,
                              "Actual Startup Time": 0.034,
                              "Actual Total Time": 74.286,
                              "Actual Rows": 421385,
                              "Actual Loops": 6
                            }
                          ]
                        }
                      ]
                    },
                    {
                      "Node Type": "Index Only Scan",
                      "Parent Relationship": "Inner",
                      "Parallel Aware": false,
                      "Scan Direction": "Forward",
                      "Index Name": "movie_id_cast_info",
                      "Relation Name": "cast_info",
                      "Alias": "ci",
                      "Startup Cost": 0.56,
                      "Total Cost": 1.82,
                      "Plan Rows": 37,
                      "Plan Width": 4,
                      "Actual Startup Time": 0.006,
                      "Actual Total Time": 0.055,
                      "Actual Rows": 100,
                      "Actual Loops": 180112,
                      "Index Cond": "(movie_id = t.id)",
                      "Rows Removed by Index Recheck": 0,
                      "Heap Fetches": 18039592
                    }
                  ]
                }
              ]
            }
          ]
        }
      ]
    },
    "Planning Time": 1.285,
    "Triggers": [],
    "Execution Time": 2400.219
  }
]