[
  {
    "Plan": {
      "Node Type": "Aggregate",
      "Strategy": "Plain",
      "Partial Mode": "Finalize",
      "Parallel Aware": false,
      "Startup Cost": 412096.93,
      "Total Cost": 412096.94,
      "Plan Rows": 1,
      "Plan Width": 8,
      "Actual Startup Time": 1159.086,
      "Actual Total Time": 1184.907,
      "Actual Rows": 1,
      "Actual Loops": 1,
      "Plans": [
        {
          "Node Type": "Gather",
          "Parent Relationship": "Outer",
          "Parallel Aware": false,
          "Startup Cost": 412096.61,
          "Total Cost": 412096.92,
          "Plan Rows": 3,
          "Plan Width": 8,
          "Actual Startup Time": 1148.982,
          "Actual Total Time": 1184.897,
          "Actual Rows": 4,
          "Actual Loops": 1,
          "Workers Planned": 3,
          "Workers Launched": 3,
          "Single Copy": false,
          "Plans": [
            {
              "Node Type": "Aggregate",
              "Strategy": "Plain",
              "Partial Mode": "Partial",
              "Parent Relationship": "Outer",
              "Parallel Aware": false,
              "Startup Cost": 411096.61,
              "Total Cost": 411096.62,
              "Plan Rows": 1,
              "Plan Width": 8,
              "Actual Startup Time": 1139.459,
              "Actual Total Time": 1139.467,
              "Actual Rows": 1,
              "Actual Loops": 4,
              "Plans": [
                {
                  "Node Type": "Hash Join",
                  "Parent Relationship": "Outer",
                  "Parallel Aware": true,
                  "Join Type": "Inner",
                  "Startup Cost": 364283.14,
                  "Total Cost": 409720.42,
                  "Plan Rows": 550476,
                  "Plan Width": 0,
                  "Actual Startup Time": 902.594,
                  "Actual Total Time": 1127.295,
                  "Actual Rows": 269332,
                  "Actual Loops": 4,
                  "Inner Unique": false,
                  "Hash Cond": "(mk.movie_id = t.id)",
                  "Plans": [
                    {
                      "Node Type": "Seq Scan",
                      "Parent Relationship": "Outer",
                      "Parallel Aware": true,
                      "Relation Name": "movie_keyword",
                      "Alias": "mk",
                      "Startup Cost": 0.0,
                      "Total Cost": 39047.32,
                      "Plan Rows": 1459332,
                      "Plan Width": 4,
                      "Actual Startup Time": 0.025,
                      "Actual Total Time": 90.229,
                      "Actual Rows": 1130982,
                      "Actual Loops": 4
                    },
                    {
                      "Node Type": "Hash",
                      "Parent Relationship": "Inner",
                      "Parallel Aware": true,
                      "Startup Cost": 362296.17,
                      "Total Cost": 362296.17,
                      "Plan Rows": 158958,
                      "Plan Width": 8,
                      "Actual Startup Time": 899.584,
                      "Actual Total Time": 899.591,
                      "Actual Rows": 279096,
                      "Actual Loops": 4,
                      "Hash Buckets": 2097152,
                      "Original Hash Buckets": 1048576,
                      "Hash Batches": 1,
                      "Original Hash Batches": 1,
                      "Peak Memory Usage": 68352,
                      "Plans": [
                        {
                          "Node Type": "Hash Join",
                          "Parent Relationship": "Outer",
                          "Parallel Aware": true,
                          "Join Type": "Inner",
                          "Startup Cost": 102607.36,
                          "Total Cost": 362296.17,
                          "Plan Rows": 158958,
                          "Plan Width": 8,
                          "Actual Startup Time": 398.261,
                          "Actual Total Time": 759.368,
                          "Actual Rows": 279096,
                          "Actual Loops": 4,
                          "Inner Unique": true,
                          "Hash Cond": "(ci.movie_id = t.id)",
                          "Plans": [
                            {
                              "Node Type": "Bitmap Heap Scan",
                              "Parent Relationship": "Outer",
                              "Parallel Aware": true,
                              "Relation Name": "cast_info",
                              "Alias": "ci",
                              "Startup Cost": 53570.9,
                              "Total Cost": 312332.78,
                              "Plan Rows": 353113,
                              "Plan Width": 4,
                              "Actual Startup Time": 152.99,
                              "Actual Total Time": 288.313,
                              "Actual Rows": 600340,
                              "Actual Loops": 4,
                              "Recheck Cond": "(person_id < 243056)",
                              "Rows Removed by Index Recheck": 0,
                              "Filter": "(role_id < 10)",
                              "Rows Removed by Filter": 26513,
                              "Exact Heap Blocks": 6538,
                              "Lossy Heap Blocks": 0,
                              "Plans": [
                                {
                                  "Node Type": "Bitmap Index Scan",
                                  "Parent Relationship": "Outer",
                                  "Parallel Aware": false,
                                  "Index Name": "person_id_cast_info",
                                  "Startup Cost": 0.0,
                                  "Total Cost": 53041.23,
                                  "Plan Rows": 2429955,
                                  "Plan Width": 0,
                                  "Actual Startup Time": 146.627,
                                  "Actual Total Time": 146.629,
                                  "Actual Rows": 2507411,
                                  "Actual Loops": 1,
                                  "Index Cond": "(person_id < 243056)"
                                }
                              ]
                            },
                            {
                              "Node Type": "Hash",
                              "Parent Relationship": "Inner",
                              "Parallel Aware": true,
                              "Startup Cost": 45479.59,
                              "Total Cost": 45479.59,
                              "Plan Rows": 284550,
                              "Plan Width": 4,
                              "Actual Startup Time": 240.937,
                              "Actual Total Time": 240.938,
                              "Actual Rows": 306168,
                              "Actual Loops": 4,
                              "Hash Buckets": 2097152,
                              "Original Hash Buckets": 2097152,
                              "Hash Batches": 1,
                              "Original Hash Batches": 1,
                              "Peak Memory Usage": 64352,
                              "Plans": [
                                {
                                  "Node Type": "Seq Scan",
                                  "Parent Relationship": "Outer",
                                  "Parallel Aware": true,
                                  "Relation Name": "title",
                                  "Alias": "t",
                                  "Startup Cost": 0.0,
                                  "Total Cost": 45479.59,
                                  "Plan Rows": 284550,
                                  "Plan Width": 4,
                                  "Actual Startup Time": 0.057,
                                  "Actual Total Time": 115.86,
                                  "Actual Rows": 306168,
                                  "Actual Loops": 4,
                                  "Filter": "((production_year > 1985) AND (kind_id = 7))",
                                  "Rows Removed by Filter": 325910
                                }
                              ]
                            }
                          ]
                        }
                      ]
                    }
                  ]
                }
              ]
            }
          ]
        }
      ]
    },
    "Planning Time": 0.583,
    "Triggers": [],
    "Execution Time": 1184.984
  }
]