[
  {
    "Plan": {
      "Node Type": "Aggregate",
      "Strategy": "Plain",
      "Partial Mode": "Finalize",
      "Parallel Aware": false,
      "Startup Cost": 413243.51,
      "Total Cost": 413243.52,
      "Plan Rows": 1,
      "Plan Width": 8,
      "Actual Startup Time": 1094.802,
      "Actual Total Time": 1121.436,
      "Actual Rows": 1,
      "Actual Loops": 1,
      "Plans": [
        {
          "Node Type": "Gather",
          "Parent Relationship": "Outer",
          "Parallel Aware": false,
          "Startup Cost": 413243.19,
          "Total Cost": 413243.5,
          "Plan Rows": 3,
          "Plan Width": 8,
          "Actual Startup Time": 1081.468,
          "Actual Total Time": 1121.425,
          "Actual Rows": 4,
          "Actual Loops": 1,
          "Workers Planned": 3,
          "Workers Launched": 3,
          "Single Copy": false,
          "Plans": [
            {
              "Node Type": "Aggregate",
              "Strategy": "Plain",
              "Partial Mode": "Partial",
              "Parent Relationship": "Outer",
              "Parallel Aware": false,
              "Startup Cost": 412243.19,
              "Total Cost": 412243.2,
              "Plan Rows": 1,
              "Plan Width": 8,
              "Actual Startup Time": 1071.499,
              "Actual Total Time": 1072.387,
              "Actual Rows": 1,
              "Actual Loops": 4,
              "Plans": [
                {
                  "Node Type": "Hash Join",
                  "Parent Relationship": "Outer",
                  "Parallel Aware": true,
                  "Join Type": "Inner",
                  "Startup Cost": 365406.54,
                  "Total Cost": 410853.09,
                  "Plan Rows": 556040,
                  "Plan Width": 0,
                  "Actual Startup Time": 839.739,
                  "Actual Total Time": 1060.441,
                  "Actual Rows": 269332,
                  "Actual Loops": 4,
                  "Inner Unique": false,
                  "Hash Cond": "(mk.movie_id = t.id)",
                  "Plans": [
                    {
                      "Node Type": "Seq Scan",
                      "Parent Relationship": "Outer",
                      "Parallel Aware": true,
                      "Relation Name": "movie_keyword",
                      "Alias": "mk",
                      "Startup Cost": 0.0,
                      "Total Cost": 39047.32,
                      "Plan Rows": 1459332,
                      "Plan Width": 4,
                      "Actual Startup Time": 0.036,
                      "Actual Total Time": 92.027,
                      "Actual Rows": 1130982,
                      "Actual Loops": 4
                    },
                    {
                      "Node Type": "Hash",
                      "Parent Relationship": "Inner",
                      "Parallel Aware": true,
                      "Startup Cost": 363399.57,
                      "Total Cost": 363399.57,
                      "Plan Rows": 160557,
                      "Plan Width": 8,
                      "Actual Startup Time": 834.4,
                      "Actual Total Time": 835.288,
                      "Actual Rows": 279096,
                      "Actual Loops": 4,
                      "Hash Buckets": 2097152,
                      "Original Hash Buckets": 1048576,
                      "Hash Batches": 1,
                      "Original Hash Batches": 1,
                      "Peak Memory Usage": 68320,
                      "Plans": [
                        {
                          "Node Type": "Hash Join",
                          "Parent Relationship": "Outer",
                          "Parallel Aware": true,
                          "Join Type": "Inner",
                          "Startup Cost": 103584.22,
                          "Total Cost": 363399.57,
                          "Plan Rows": 160557,
                          "Plan Width": 8,
                          "Actual Startup Time": 380.387,
                          "Actual Total Time": 704.482,
                          "Actual Rows": 279096,
                          "Actual Loops": 4,
                          "Inner Unique": true,
                          "Hash Cond": "(ci.movie_id = t.id)",
                          "Plans": [
                            {
                              "Node Type": "Bitmap Heap Scan",
                              "Parent Relationship": "Outer",
                              "Parallel Aware": true,
                              "Relation Name": "cast_info",
                              "Alias": "ci",
                              "Startup Cost": 54572.44,
                              "Total Cost": 313445.19,
                              "Plan Rows": 359090,
                              "Plan Width": 4,
                              "Actual Startup Time": 149.53,
                              "Actual Total Time": 271.27,
                              "Actual Rows": 600340,
                              "Actual Loops": 4,
                              "Recheck Cond": "(person_id < 243056)",
                              "Rows Removed by Index Recheck": 0,
                              "Filter": "(role_id < 10)",
                              "Rows Removed by Filter": 26513,
                              "Exact Heap Blocks": 8094,
                              "Lossy Heap Blocks": 0,
                              "Plans": [
                                {
                                  "Node Type": "Bitmap Index Scan",
                                  "Parent Relationship": "Outer",
                                  "Parallel Aware": false,
                                  "Index Name": "person_id_cast_info",
                                  "Startup Cost": 0.0,
                                  "Total Cost": 54033.81,
                                  "Plan Rows": 2474299,
                                  "Plan Width": 0,
                                  "Actual Startup Time": 143.201,
                                  "Actual Total Time": 143.201,
                                  "Actual Rows": 2507411,
                                  "Actual Loops": 1,
                                  "Index Cond": "(person_id < 243056)"
                                }
                              ]
                            },
                            {
                              "Node Type": "Hash",
                              "Parent Relationship": "Inner",
                              "Parallel Aware": true,
                              "Startup Cost": 45479.1,
                              "Total Cost": 45479.1,
                              "Plan Rows": 282614,
                              "Plan Width": 4,
                              "Actual Startup Time": 226.146,
                              "Actual Total Time": 226.147,
                              "Actual Rows": 306168,
                              "Actual Loops": 4,
                              "Hash Buckets": 2097152,
                              "Original Hash Buckets": 2097152,
                              "Hash Batches": 1,
                              "Original Hash Batches": 1,
                              "Peak Memory Usage": 64384,
                              "Plans": [
                                {
                                  "Node Type": "Seq Scan",
                                  "Parent Relationship": "Outer",
                                  "Parallel Aware": true,
                                  "Relation Name": "title",
                                  "Alias": "t",
                                  "Startup Cost": 0.0,
                                  "Total Cost": 45479.1,
                                  "Plan Rows": 282614,
                                  "Plan Width": 4,
                                  "Actual Startup Time": 0.041,
                                  "Actual Total Time": 109.456,
                                  "Actual Rows": 306168,
                                  "Actual Loops": 4,
                                  "Filter": "((production_year > 1985) AND (kind_id = 7))",
                                  "Rows Removed by Filter": 325910
                                }
                              ]
                            }
                          ]
                        }
                      ]
                    }
                  ]
                }
              ]
            }
          ]
        }
      ]
    },
    "Planning Time": 1.417,
    "Triggers": [],
    "Execution Time": 1121.545
  }
]