{
    "Plan": {
        "Node Type": "Aggregate",
        "Strategy": "Plain",
        "Partial Mode": "Finalize",
        "Parallel Aware": false,
        "Startup Cost": 266687.63,
        "Total Cost": 266687.64,
        "Plan Rows": 1,
        "Plan Width": 8,
        "Actual Startup Time": 738.004,
        "Actual Total Time": 805.914,
        "Actual Rows": 1,
        "Actual Loops": 1,
        "Output": [
            "count(*)"
        ],
        "Plans": [
            {
                "Node Type": "Gather",
                "Parent Relationship": "Outer",
                "Parallel Aware": false,
                "Startup Cost": 266687.1,
                "Total Cost": 266687.61,
                "Plan Rows": 5,
                "Plan Width": 8,
                "Actual Startup Time": 736.783,
                "Actual Total Time": 805.902,
                "Actual Rows": 6,
                "Actual Loops": 1,
                "Output": [
                    "(PARTIAL count(*))"
                ],
                "Workers Planned": 5,
                "Workers Launched": 5,
                "Single Copy": false,
                "Plans": [
                    {
                        "Node Type": "Aggregate",
                        "Strategy": "Plain",
                        "Partial Mode": "Partial",
                        "Parent Relationship": "Outer",
                        "Parallel Aware": false,
                        "Startup Cost": 265687.1,
                        "Total Cost": 265687.11,
                        "Plan Rows": 1,
                        "Plan Width": 8,
                        "Actual Startup Time": 727.061,
                        "Actual Total Time": 727.066,
                        "Actual Rows": 1,
                        "Actual Loops": 6,
                        "Output": [
                            "PARTIAL count(*)"
                        ],
                        "Workers": [
                            {
                                "Worker Number": 0,
                                "Actual Startup Time": 724.43,
                                "Actual Total Time": 724.435,
                                "Actual Rows": 1,
                                "Actual Loops": 1
                            },
                            {
                                "Worker Number": 1,
                                "Actual Startup Time": 726.076,
                                "Actual Total Time": 726.08,
                                "Actual Rows": 1,
                                "Actual Loops": 1
                            },
                            {
                                "Worker Number": 2,
                                "Actual Startup Time": 726.096,
                                "Actual Total Time": 726.1,
                                "Actual Rows": 1,
                                "Actual Loops": 1
                            },
                            {
                                "Worker Number": 3,
                                "Actual Startup Time": 726.234,
                                "Actual Total Time": 726.239,
                                "Actual Rows": 1,
                                "Actual Loops": 1
                            },
                            {
                                "Worker Number": 4,
                                "Actual Startup Time": 723.627,
                                "Actual Total Time": 723.634,
                                "Actual Rows": 1,
                                "Actual Loops": 1
                            }
                        ],
                        "Plans": [
                            {
                                "Node Type": "Nested Loop",
                                "Parent Relationship": "Outer",
                                "Parallel Aware": false,
                                "Join Type": "Inner",
                                "Startup Cost": 44239.85,
                                "Total Cost": 265500.47,
                                "Plan Rows": 74654,
                                "Plan Width": 0,
                                "Actual Startup Time": 220.73,
                                "Actual Total Time": 708.696,
                                "Actual Rows": 389641,
                                "Actual Loops": 6,
                                "Inner Unique": false,
                                "Join Filter": "(t.id = ci.movie_id)",
                                "Rows Removed by Join Filter": 0,
                                "Workers": [
                                    {
                                        "Worker Number": 0,
                                        "Actual Startup Time": 217.996,
                                        "Actual Total Time": 707.561,
                                        "Actual Rows": 382191,
                                        "Actual Loops": 1
                                    },
                                    {
                                        "Worker Number": 1,
                                        "Actual Startup Time": 219.683,
                                        "Actual Total Time": 709.413,
                                        "Actual Rows": 367372,
                                        "Actual Loops": 1
                                    },
                                    {
                                        "Worker Number": 2,
                                        "Actual Startup Time": 219.697,
                                        "Actual Total Time": 709.149,
                                        "Actual Rows": 373447,
                                        "Actual Loops": 1
                                    },
                                    {
                                        "Worker Number": 3,
                                        "Actual Startup Time": 220.35,
                                        "Actual Total Time": 705.659,
                                        "Actual Rows": 280331,
                                        "Actual Loops": 1
                                    },
                                    {
                                        "Worker Number": 4,
                                        "Actual Startup Time": 217.23,
                                        "Actual Total Time": 706.321,
                                        "Actual Rows": 379259,
                                        "Actual Loops": 1
                                    }
                                ],
                                "Plans": [
                                    {
                                        "Node Type": "Hash Join",
                                        "Parent Relationship": "Outer",
                                        "Parallel Aware": true,
                                        "Join Type": "Inner",
                                        "Startup Cost": 44239.28,
                                        "Total Cost": 243437.36,
                                        "Plan Rows": 5206,
                                        "Plan Width": 8,
                                        "Actual Startup Time": 220.62,
                                        "Actual Total Time": 375.703,
                                        "Actual Rows": 4427,
                                        "Actual Loops": 6,
                                        "Output": [
                                            "t.id",
                                            "mi.movie_id"
                                        ],
                                        "Inner Unique": true,
                                        "Hash Cond": "(mi.movie_id = t.id)",
                                        "Workers": [
                                            {
                                                "Worker Number": 0,
                                                "Actual Startup Time": 217.878,
                                                "Actual Total Time": 370.247,
                                                "Actual Rows": 4200,
                                                "Actual Loops": 1
                                            },
                                            {
                                                "Worker Number": 1,
                                                "Actual Startup Time": 219.575,
                                                "Actual Total Time": 377.035,
                                                "Actual Rows": 4372,
                                                "Actual Loops": 1
                                            },
                                            {
                                                "Worker Number": 2,
                                                "Actual Startup Time": 219.591,
                                                "Actual Total Time": 376.543,
                                                "Actual Rows": 4076,
                                                "Actual Loops": 1
                                            },
                                            {
                                                "Worker Number": 3,
                                                "Actual Startup Time": 220.157,
                                                "Actual Total Time": 369.419,
                                                "Actual Rows": 2945,
                                                "Actual Loops": 1
                                            },
                                            {
                                                "Worker Number": 4,
                                                "Actual Startup Time": 217.123,
                                                "Actual Total Time": 368.814,
                                                "Actual Rows": 4346,
                                                "Actual Loops": 1
                                            }
                                        ],
                                        "Plans": [
                                            {
                                                "Node Type": "Seq Scan",
                                                "Parent Relationship": "Outer",
                                                "Parallel Aware": true,
                                                "Relation Name": "movie_info",
                                                "Schema": "public",
                                                "Alias": "mi",
                                                "Startup Cost": 0.0,
                                                "Total Cost": 198880.74,
                                                "Plan Rows": 120893,
                                                "Plan Width": 4,
                                                "Actual Startup Time": 132.098,
                                                "Actual Total Time": 277.811,
                                                "Actual Rows": 99743,
                                                "Actual Loops": 6,
                                                "Output": [
                                                    "mi.id",
                                                    "mi.movie_id",
                                                    "mi.info_type_id",
                                                    "mi.info",
                                                    "mi.note"
                                                ],
                                                "Filter": "(mi.info_type_id = 15)",
                                                "Rows Removed by Filter": 2372877,
                                                "Workers": [
                                                    {
                                                        "Worker Number": 0,
                                                        "Actual Startup Time": 131.672,
                                                        "Actual Total Time": 276.593,
                                                        "Actual Rows": 91227,
                                                        "Actual Loops": 1
                                                    },
                                                    {
                                                        "Worker Number": 1,
                                                        "Actual Startup Time": 131.775,
                                                        "Actual Total Time": 280.222,
                                                        "Actual Rows": 101898,
                                                        "Actual Loops": 1
                                                    },
                                                    {
                                                        "Worker Number": 2,
                                                        "Actual Startup Time": 131.801,
                                                        "Actual Total Time": 279.65,
                                                        "Actual Rows": 101027,
                                                        "Actual Loops": 1
                                                    },
                                                    {
                                                        "Worker Number": 3,
                                                        "Actual Startup Time": 134.414,
                                                        "Actual Total Time": 274.458,
                                                        "Actual Rows": 56680,
                                                        "Actual Loops": 1
                                                    },
                                                    {
                                                        "Worker Number": 4,
                                                        "Actual Startup Time": 131.767,
                                                        "Actual Total Time": 276.114,
                                                        "Actual Rows": 84616,
                                                        "Actual Loops": 1
                                                    }
                                                ]
                                            },
                                            {
                                                "Node Type": "Hash",
                                                "Parent Relationship": "Inner",
                                                "Parallel Aware": true,
                                                "Startup Cost": 43899.01,
                                                "Total Cost": 43899.01,
                                                "Plan Rows": 27222,
                                                "Plan Width": 4,
                                                "Actual Startup Time": 84.002,
                                                "Actual Total Time": 84.004,
                                                "Actual Rows": 18072,
                                                "Actual Loops": 6,
                                                "Output": [
                                                    "t.id"
                                                ],
                                                "Hash Buckets": 131072,
                                                "Original Hash Buckets": 131072,
                                                "Hash Batches": 1,
                                                "Original Hash Batches": 1,
                                                "Peak Memory Usage": 5344,
                                                "Workers": [
                                                    {
                                                        "Worker Number": 0,
                                                        "Actual Startup Time": 82.32,
                                                        "Actual Total Time": 82.321,
                                                        "Actual Rows": 16196,
                                                        "Actual Loops": 1
                                                    },
                                                    {
                                                        "Worker Number": 1,
                                                        "Actual Startup Time": 84.143,
                                                        "Actual Total Time": 84.145,
                                                        "Actual Rows": 17000,
                                                        "Actual Loops": 1
                                                    },
                                                    {
                                                        "Worker Number": 2,
                                                        "Actual Startup Time": 84.084,
                                                        "Actual Total Time": 84.085,
                                                        "Actual Rows": 16962,
                                                        "Actual Loops": 1
                                                    },
                                                    {
                                                        "Worker Number": 3,
                                                        "Actual Startup Time": 84.05,
                                                        "Actual Total Time": 84.051,
                                                        "Actual Rows": 12515,
                                                        "Actual Loops": 1
                                                    },
                                                    {
                                                        "Worker Number": 4,
                                                        "Actual Startup Time": 81.664,
                                                        "Actual Total Time": 81.666,
                                                        "Actual Rows": 16037,
                                                        "Actual Loops": 1
                                                    }
                                                ],
                                                "Plans": [
                                                    {
                                                        "Node Type": "Seq Scan",
                                                        "Parent Relationship": "Outer",
                                                        "Parallel Aware": true,
                                                        "Relation Name": "title",
                                                        "Schema": "public",
                                                        "Alias": "t",
                                                        "Startup Cost": 0.0,
                                                        "Total Cost": 43899.01,
                                                        "Plan Rows": 27222,
                                                        "Plan Width": 4,
                                                        "Actual Startup Time": 0.067,
                                                        "Actual Total Time": 74.966,
                                                        "Actual Rows": 18072,
                                                        "Actual Loops": 6,
                                                        "Output": [
                                                            "t.id"
                                                        ],
                                                        "Filter": "(t.production_year = 2006)",
                                                        "Rows Removed by Filter": 403314,
                                                        "Workers": [
                                                            {
                                                                "Worker Number": 0,
                                                                "Actual Startup Time": 0.071,
                                                                "Actual Total Time": 73.553,
                                                                "Actual Rows": 16196,
                                                                "Actual Loops": 1
                                                            },
                                                            {
                                                                "Worker Number": 1,
                                                                "Actual Startup Time": 0.065,
                                                                "Actual Total Time": 75.875,
                                                                "Actual Rows": 17000,
                                                                "Actual Loops": 1
                                                            },
                                                            {
                                                                "Worker Number": 2,
                                                                "Actual Startup Time": 0.073,
                                                                "Actual Total Time": 75.128,
                                                                "Actual Rows": 16962,
                                                                "Actual Loops": 1
                                                            },
                                                            {
                                                                "Worker Number": 3,
                                                                "Actual Startup Time": 0.087,
                                                                "Actual Total Time": 74.841,
                                                                "Actual Rows": 12515,
                                                                "Actual Loops": 1
                                                            },
                                                            {
                                                                "Worker Number": 4,
                                                                "Actual Startup Time": 0.074,
                                                                "Actual Total Time": 73.378,
                                                                "Actual Rows": 16037,
                                                                "Actual Loops": 1
                                                            }
                                                        ]
                                                    }
                                                ]
                                            }
                                        ]
                                    },
                                    {
                                        "Node Type": "Index Only Scan",
                                        "Parent Relationship": "Inner",
                                        "Parallel Aware": false,
                                        "Scan Direction": "Forward",
                                        "Index Name": "movie_id_cast_info",
                                        "Relation Name": "cast_info",
                                        "Schema": "public",
                                        "Alias": "ci",
                                        "Startup Cost": 0.56,
                                        "Total Cost": 3.76,
                                        "Plan Rows": 38,
                                        "Plan Width": 4,
                                        "Actual Startup Time": 0.007,
                                        "Actual Total Time": 0.067,
                                        "Actual Rows": 88,
                                        "Actual Loops": 26561,
                                        "Output": [
                                            "ci.movie_id"
                                        ],
                                        "Index Cond": "(ci.movie_id = mi.movie_id)",
                                        "Rows Removed by Index Recheck": 0,
                                        "Heap Fetches": 2337844,
                                        "Workers": [
                                            {
                                                "Worker Number": 0,
                                                "Actual Startup Time": 0.007,
                                                "Actual Total Time": 0.072,
                                                "Actual Rows": 91,
                                                "Actual Loops": 4200
                                            },
                                            {
                                                "Worker Number": 1,
                                                "Actual Startup Time": 0.007,
                                                "Actual Total Time": 0.068,
                                                "Actual Rows": 84,
                                                "Actual Loops": 4372
                                            },
                                            {
                                                "Worker Number": 2,
                                                "Actual Startup Time": 0.007,
                                                "Actual Total Time": 0.073,
                                                "Actual Rows": 92,
                                                "Actual Loops": 4076
                                            },
                                            {
                                                "Worker Number": 3,
                                                "Actual Startup Time": 0.01,
                                                "Actual Total Time": 0.1,
                                                "Actual Rows": 95,
                                                "Actual Loops": 2945
                                            },
                                            {
                                                "Worker Number": 4,
                                                "Actual Startup Time": 0.007,
                                                "Actual Total Time": 0.07,
                                                "Actual Rows": 87,
                                                "Actual Loops": 4346
                                            }
                                        ]
                                    }
                                ]
                            }
                        ]
                    }
                ]
            }
        ]
    },
    "Planning Time": 1.571,
    "Triggers": [],
    "Execution Time": 806.024
}