{
  "Plan": {
    "Node Type": "Aggregate",
    "Strategy": "Plain",
    "Partial Mode": "Finalize",
    "Parallel Aware": false,
    "Startup Cost": 104838.45,
    "Total Cost": 104838.46,
    "Plan Rows": 1,
    "Plan Width": 8,
    "Actual Startup Time": 370.915,
    "Actual Total Time": 390.225,
    "Actual Rows": 1,
    "Actual Loops": 1,
    "Plans": [
      {
        "Node Type": "Gather",
        "Parent Relationship": "Outer",
        "Parallel Aware": false,
        "Startup Cost": 104838.33,
        "Total Cost": 104838.44,
        "Plan Rows": 1,
        "Plan Width": 8,
        "Actual Startup Time": 370.898,
        "Actual Total Time": 390.219,
        "Actual Rows": 2,
        "Actual Loops": 1,
        "Workers Planned": 1,
        "Workers Launched": 1,
        "Single Copy": false,
        "Plans": [
          {
            "Node Type": "Aggregate",
            "Strategy": "Plain",
            "Partial Mode": "Partial",
            "Parent Relationship": "Outer",
            "Parallel Aware": false,
            "Startup Cost": 103838.33,
            "Total Cost": 103838.34,
            "Plan Rows": 1,
            "Plan Width": 8,
            "Actual Startup Time": 364.335,
            "Actual Total Time": 364.339,
            "Actual Rows": 1,
            "Actual Loops": 2,
            "Plans": [
              {
                "Node Type": "Nested Loop",
                "Parent Relationship": "Outer",
                "Parallel Aware": false,
                "Join Type": "Inner",
                "Startup Cost": 58629.35,
                "Total Cost": 103775.35,
                "Plan Rows": 25195,
                "Plan Width": 0,
                "Actual Startup Time": 151.658,
                "Actual Total Time": 357.066,
                "Actual Rows": 171869,
                "Actual Loops": 2,
                "Inner Unique": false,
                "Join Filter": "(t.id = mk.movie_id)",
                "Rows Removed by Join Filter": 0,
                "Plans": [
                  {
                    "Node Type": "Hash Join",
                    "Parent Relationship": "Outer",
                    "Parallel Aware": true,
                    "Join Type": "Inner",
                    "Startup Cost": 58628.92,
                    "Total Cost": 76812.71,
                    "Plan Rows": 14081,
                    "Plan Width": 8,
                    "Actual Startup Time": 151.6,
                    "Actual Total Time": 260.222,
                    "Actual Rows": 20680,
                    "Actual Loops": 2,
                    "Inner Unique": true,
                    "Hash Cond": "(mi_idx.movie_id = t.id)",
                    "Plans": [
                      {
                        "Node Type": "Seq Scan",
                        "Parent Relationship": "Outer",
                        "Parallel Aware": true,
                        "Relation Name": "movie_info_idx",
                        "Alias": "mi_idx",
                        "Startup Cost": 0.0,
                        "Total Cost": 16052.85,
                        "Plan Rows": 811785,
                        "Plan Width": 4,
                        "Actual Startup Time": 0.02,
                        "Actual Total Time": 49.518,
                        "Actual Rows": 690018,
                        "Actual Loops": 2
                      },
                      {
                        "Node Type": "Hash",
                        "Parent Relationship": "Inner",
                        "Parallel Aware": true,
                        "Startup Cost": 58306.47,
                        "Total Cost": 58306.47,
                        "Plan Rows": 25796,
                        "Plan Width": 4,
                        "Actual Startup Time": 150.212,
                        "Actual Total Time": 150.213,
                        "Actual Rows": 16952,
                        "Actual Loops": 2,
                        "Hash Buckets": 65536,
                        "Original Hash Buckets": 65536,
                        "Hash Batches": 1,
                        "Original Hash Batches": 1,
                        "Peak Memory Usage": 1856,
                        "Plans": [
                          {
                            "Node Type": "Seq Scan",
                            "Parent Relationship": "Outer",
                            "Parallel Aware": true,
                            "Relation Name": "title",
                            "Alias": "t",
                            "Startup Cost": 0.0,
                            "Total Cost": 58306.47,
                            "Plan Rows": 25796,
                            "Plan Width": 4,
                            "Actual Startup Time": 0.209,
                            "Actual Total Time": 144.472,
                            "Actual Rows": 16952,
                            "Actual Loops": 2,
                            "Filter": "((kind_id < 7) AND (production_year = 2006))",
                            "Rows Removed by Filter": 1247204
                          }
                        ]
                      }
                    ]
                  },
                  {
                    "Node Type": "Index Only Scan",
                    "Parent Relationship": "Inner",
                    "Parallel Aware": false,
                    "Scan Direction": "Forward",
                    "Index Name": "movie_id_movie_keyword",
                    "Relation Name": "movie_keyword",
                    "Alias": "mk",
                    "Startup Cost": 0.43,
                    "Total Cost": 1.35,
                    "Plan Rows": 45,
                    "Plan Width": 4,
                    "Actual Startup Time": 0.003,
                    "Actual Total Time": 0.004,
                    "Actual Rows": 8,
                    "Actual Loops": 41360,
                    "Index Cond": "(movie_id = mi_idx.movie_id)",
                    "Rows Removed by Index Recheck": 0,
                    "Heap Fetches": 343738
                  }
                ]
              }
            ]
          }
        ]
      }
    ]
  },
  "Planning Time": 0.976,
  "Triggers": [],
  "Execution Time": 390.31
}