[
    {
        "Bao": {
            "Bao prediction": 491.565,
            "Bao recommended hint": "(no hint)"
        }
    },
    {
        "Plan": {
            "Node Type": "Aggregate",
            "Strategy": "Plain",
            "Partial Mode": "Finalize",
            "Parallel Aware": false,
            "Startup Cost": 223214.94,
            "Total Cost": 223214.95,
            "Plan Rows": 1,
            "Plan Width": 8,
            "Actual Startup Time": 205.37,
            "Actual Total Time": 218.538,
            "Actual Rows": 1,
            "Actual Loops": 1,
            "Output": [
                "count(*)"
            ],
            "Plans": [
                {
                    "Node Type": "Gather",
                    "Parent Relationship": "Outer",
                    "Parallel Aware": false,
                    "Startup Cost": 223214.42,
                    "Total Cost": 223214.93,
                    "Plan Rows": 5,
                    "Plan Width": 8,
                    "Actual Startup Time": 204.779,
                    "Actual Total Time": 218.53,
                    "Actual Rows": 6,
                    "Actual Loops": 1,
                    "Output": [
                        "(PARTIAL count(*))"
                    ],
                    "Workers Planned": 5,
                    "Workers Launched": 5,
                    "Single Copy": false,
                    "Plans": [
                        {
                            "Node Type": "Aggregate",
                            "Strategy": "Plain",
                            "Partial Mode": "Partial",
                            "Parent Relationship": "Outer",
                            "Parallel Aware": false,
                            "Startup Cost": 222214.42,
                            "Total Cost": 222214.43,
                            "Plan Rows": 1,
                            "Plan Width": 8,
                            "Actual Startup Time": 193.926,
                            "Actual Total Time": 193.93,
                            "Actual Rows": 1,
                            "Actual Loops": 6,
                            "Output": [
                                "PARTIAL count(*)"
                            ],
                            "Workers": [
                                {
                                    "Worker Number": 0,
                                    "Actual Startup Time": 190.138,
                                    "Actual Total Time": 190.141,
                                    "Actual Rows": 1,
                                    "Actual Loops": 1
                                },
                                {
                                    "Worker Number": 1,
                                    "Actual Startup Time": 192.795,
                                    "Actual Total Time": 192.799,
                                    "Actual Rows": 1,
                                    "Actual Loops": 1
                                },
                                {
                                    "Worker Number": 2,
                                    "Actual Startup Time": 192.803,
                                    "Actual Total Time": 192.807,
                                    "Actual Rows": 1,
                                    "Actual Loops": 1
                                },
                                {
                                    "Worker Number": 3,
                                    "Actual Startup Time": 193.193,
                                    "Actual Total Time": 193.197,
                                    "Actual Rows": 1,
                                    "Actual Loops": 1
                                },
                                {
                                    "Worker Number": 4,
                                    "Actual Startup Time": 190.698,
                                    "Actual Total Time": 190.702,
                                    "Actual Rows": 1,
                                    "Actual Loops": 1
                                }
                            ],
                            "Plans": [
                                {
                                    "Node Type": "Hash Join",
                                    "Parent Relationship": "Outer",
                                    "Parallel Aware": true,
                                    "Join Type": "Inner",
                                    "Startup Cost": 58126.03,
                                    "Total Cost": 222209.39,
                                    "Plan Rows": 2010,
                                    "Plan Width": 0,
                                    "Actual Startup Time": 141.405,
                                    "Actual Total Time": 193.506,
                                    "Actual Rows": 3722,
                                    "Actual Loops": 6,
                                    "Inner Unique": true,
                                    "Hash Cond": "(mi.movie_id = t.id)",
                                    "Workers": [
                                        {
                                            "Worker Number": 0,
                                            "Actual Startup Time": 137.776,
                                            "Actual Total Time": 189.725,
                                            "Actual Rows": 2454,
                                            "Actual Loops": 1
                                        },
                                        {
                                            "Worker Number": 1,
                                            "Actual Startup Time": 140.399,
                                            "Actual Total Time": 192.353,
                                            "Actual Rows": 4067,
                                            "Actual Loops": 1
                                        },
                                        {
                                            "Worker Number": 2,
                                            "Actual Startup Time": 140.035,
                                            "Actual Total Time": 192.371,
                                            "Actual Rows": 4508,
                                            "Actual Loops": 1
                                        },
                                        {
                                            "Worker Number": 3,
                                            "Actual Startup Time": 141.038,
                                            "Actual Total Time": 192.768,
                                            "Actual Rows": 4109,
                                            "Actual Loops": 1
                                        },
                                        {
                                            "Worker Number": 4,
                                            "Actual Startup Time": 138.021,
                                            "Actual Total Time": 190.259,
                                            "Actual Rows": 2447,
                                            "Actual Loops": 1
                                        }
                                    ],
                                    "Plans": [
                                        {
                                            "Node Type": "Bitmap Heap Scan",
                                            "Parent Relationship": "Outer",
                                            "Parallel Aware": true,
                                            "Relation Name": "movie_info",
                                            "Schema": "public",
                                            "Alias": "mi",
                                            "Startup Cost": 12531.92,
                                            "Total Cost": 176252.49,
                                            "Plan Rows": 138206,
                                            "Plan Width": 4,
                                            "Actual Startup Time": 40.582,
                                            "Actual Total Time": 70.368,
                                            "Actual Rows": 110154,
                                            "Actual Loops": 6,
                                            "Output": [
                                                "mi.id",
                                                "mi.movie_id",
                                                "mi.info_type_id",
                                                "mi.info",
                                                "mi.note"
                                            ],
                                            "Recheck Cond": "(mi.info_type_id = 18)",
                                            "Rows Removed by Index Recheck": 0,
                                            "Exact Heap Blocks": 1478,
                                            "Lossy Heap Blocks": 0,
                                            "Workers": [
                                                {
                                                    "Worker Number": 0,
                                                    "Actual Startup Time": 40.545,
                                                    "Actual Total Time": 70.568,
                                                    "Actual Rows": 72420,
                                                    "Actual Loops": 1
                                                },
                                                {
                                                    "Worker Number": 1,
                                                    "Actual Startup Time": 40.607,
                                                    "Actual Total Time": 70.55,
                                                    "Actual Rows": 116089,
                                                    "Actual Loops": 1
                                                },
                                                {
                                                    "Worker Number": 2,
                                                    "Actual Startup Time": 40.484,
                                                    "Actual Total Time": 70.179,
                                                    "Actual Rows": 148034,
                                                    "Actual Loops": 1
                                                },
                                                {
                                                    "Worker Number": 3,
                                                    "Actual Startup Time": 40.7,
                                                    "Actual Total Time": 71.22,
                                                    "Actual Rows": 116797,
                                                    "Actual Loops": 1
                                                },
                                                {
                                                    "Worker Number": 4,
                                                    "Actual Startup Time": 40.549,
                                                    "Actual Total Time": 70.434,
                                                    "Actual Rows": 66630,
                                                    "Actual Loops": 1
                                                }
                                            ],
                                            "Plans": [
                                                {
                                                    "Node Type": "Bitmap Index Scan",
                                                    "Parent Relationship": "Outer",
                                                    "Parallel Aware": false,
                                                    "Index Name": "info_type_id_movie_info",
                                                    "Startup Cost": 0.0,
                                                    "Total Cost": 12359.16,
                                                    "Plan Rows": 691030,
                                                    "Plan Width": 0,
                                                    "Actual Startup Time": 39.018,
                                                    "Actual Total Time": 39.019,
                                                    "Actual Rows": 660923,
                                                    "Actual Loops": 1,
                                                    "Index Cond": "(mi.info_type_id = 18)",
                                                    "Workers": [
                                                        {
                                                            "Worker Number": 2,
                                                            "Actual Startup Time": 39.018,
                                                            "Actual Total Time": 39.019,
                                                            "Actual Rows": 660923,
                                                            "Actual Loops": 1
                                                        }
                                                    ]
                                                }
                                            ]
                                        },
                                        {
                                            "Node Type": "Hash",
                                            "Parent Relationship": "Inner",
                                            "Parallel Aware": true,
                                            "Startup Cost": 45479.21,
                                            "Total Cost": 45479.21,
                                            "Plan Rows": 9192,
                                            "Plan Width": 4,
                                            "Actual Startup Time": 99.352,
                                            "Actual Total Time": 99.353,
                                            "Actual Rows": 5376,
                                            "Actual Loops": 6,
                                            "Output": [
                                                "t.id"
                                            ],
                                            "Hash Buckets": 65536,
                                            "Original Hash Buckets": 65536,
                                            "Hash Batches": 1,
                                            "Original Hash Batches": 1,
                                            "Peak Memory Usage": 1824,
                                            "Workers": [
                                                {
                                                    "Worker Number": 0,
                                                    "Actual Startup Time": 96.287,
                                                    "Actual Total Time": 96.288,
                                                    "Actual Rows": 3268,
                                                    "Actual Loops": 1
                                                },
                                                {
                                                    "Worker Number": 1,
                                                    "Actual Startup Time": 98.816,
                                                    "Actual Total Time": 98.818,
                                                    "Actual Rows": 5691,
                                                    "Actual Loops": 1
                                                },
                                                {
                                                    "Worker Number": 2,
                                                    "Actual Startup Time": 98.88,
                                                    "Actual Total Time": 98.881,
                                                    "Actual Rows": 5794,
                                                    "Actual Loops": 1
                                                },
                                                {
                                                    "Worker Number": 3,
                                                    "Actual Startup Time": 99.293,
                                                    "Actual Total Time": 99.294,
                                                    "Actual Rows": 5618,
                                                    "Actual Loops": 1
                                                },
                                                {
                                                    "Worker Number": 4,
                                                    "Actual Startup Time": 96.794,
                                                    "Actual Total Time": 96.795,
                                                    "Actual Rows": 3264,
                                                    "Actual Loops": 1
                                                }
                                            ],
                                            "Plans": [
                                                {
                                                    "Node Type": "Seq Scan",
                                                    "Parent Relationship": "Outer",
                                                    "Parallel Aware": true,
                                                    "Relation Name": "title",
                                                    "Schema": "public",
                                                    "Alias": "t",
                                                    "Startup Cost": 0.0,
                                                    "Total Cost": 45479.21,
                                                    "Plan Rows": 9192,
                                                    "Plan Width": 4,
                                                    "Actual Startup Time": 0.142,
                                                    "Actual Total Time": 96.026,
                                                    "Actual Rows": 5376,
                                                    "Actual Loops": 6,
                                                    "Output": [
                                                        "t.id"
                                                    ],
                                                    "Filter": "((t.kind_id < 7) AND (t.production_year = 2005))",
                                                    "Rows Removed by Filter": 416010,
                                                    "Workers": [
                                                        {
                                                            "Worker Number": 0,
                                                            "Actual Startup Time": 0.058,
                                                            "Actual Total Time": 93.736,
                                                            "Actual Rows": 3268,
                                                            "Actual Loops": 1
                                                        },
                                                        {
                                                            "Worker Number": 1,
                                                            "Actual Startup Time": 0.108,
                                                            "Actual Total Time": 94.923,
                                                            "Actual Rows": 5691,
                                                            "Actual Loops": 1
                                                        },
                                                        {
                                                            "Worker Number": 2,
                                                            "Actual Startup Time": 0.106,
                                                            "Actual Total Time": 95.036,
                                                            "Actual Rows": 5794,
                                                            "Actual Loops": 1
                                                        },
                                                        {
                                                            "Worker Number": 3,
                                                            "Actual Startup Time": 0.207,
                                                            "Actual Total Time": 96.058,
                                                            "Actual Rows": 5618,
                                                            "Actual Loops": 1
                                                        },
                                                        {
                                                            "Worker Number": 4,
                                                            "Actual Startup Time": 0.308,
                                                            "Actual Total Time": 94.213,
                                                            "Actual Rows": 3264,
                                                            "Actual Loops": 1
                                                        }
                                                    ]
                                                }
                                            ]
                                        }
                                    ]
                                }
                            ]
                        }
                    ]
                }
            ]
        },
        "Planning Time": 1469.361,
        "Triggers": [],
        "Execution Time": 218.679
    }
]