[
  {
    "Plan": {
      "Node Type": "Aggregate",
      "Strategy": "Plain",
      "Partial Mode": "Finalize",
      "Parallel Aware": false,
      "Startup Cost": 340780.68,
      "Total Cost": 340780.69,
      "Plan Rows": 1,
      "Plan Width": 8,
      "Actual Startup Time": 914.431,
      "Actual Total Time": 975.021,
      "Actual Rows": 1,
      "Actual Loops": 1,
      "Plans": [
        {
          "Node Type": "Gather",
          "Parent Relationship": "Outer",
          "Parallel Aware": false,
          "Startup Cost": 340780.05,
          "Total Cost": 340780.66,
          "Plan Rows": 6,
          "Plan Width": 8,
          "Actual Startup Time": 914.303,
          "Actual Total Time": 975.009,
          "Actual Rows": 7,
          "Actual Loops": 1,
          "Workers Planned": 6,
          "Workers Launched": 6,
          "Single Copy": false,
          "Plans": [
            {
              "Node Type": "Aggregate",
              "Strategy": "Plain",
              "Partial Mode": "Partial",
              "Parent Relationship": "Outer",
              "Parallel Aware": false,
              "Startup Cost": 339780.05,
              "Total Cost": 339780.06,
              "Plan Rows": 1,
              "Plan Width": 8,
              "Actual Startup Time": 905.742,
              "Actual Total Time": 905.743,
              "Actual Rows": 1,
              "Actual Loops": 7,
              "Plans": [
                {
                  "Node Type": "Seq Scan",
                  "Parent Relationship": "Outer",
                  "Parallel Aware": true,
                  "Relation Name": "cast_info",
                  "Alias": "ci",
                  "Startup Cost": 0.0,
                  "Total Cost": 328162.03,
                  "Plan Rows": 4647211,
                  "Plan Width": 0,
                  "Actual Startup Time": 0.046,
                  "Actual Total Time": 703.121,
                  "Actual Rows": 3998895,
                  "Actual Loops": 7,
                  "Filter": "(person_id < 2857305)",
                  "Rows Removed by Filter": 1178868
                }
              ]
            }
          ]
        }
      ]
    },
    "Planning Time": 0.127,
    "Triggers": [],
    "Execution Time": 975.08
  }
]