[
  {
    "Plan": {
      "Node Type": "Aggregate",
      "Strategy": "Plain",
      "Partial Mode": "Simple",
      "Parallel Aware": false,
      "Startup Cost": 30347.78,
      "Total Cost": 30347.79,
      "Plan Rows": 1,
      "Plan Width": 96,
      "Actual Startup Time": 4090.865,
      "Actual Total Time": 4090.872,
      "Actual Rows": 1,
      "Actual Loops": 1,
      "Output": [
        "min(cn.name)",
        "min(miidx.info)",
        "min(t.title)"
      ],
      "Plans": [
        {
          "Node Type": "Hash Join",
          "Parent Relationship": "Outer",
          "Parallel Aware": false,
          "Join Type": "Inner",
          "Startup Cost": 3852.55,
          "Total Cost": 30345.99,
          "Plan Rows": 239,
          "Plan Width": 42,
          "Actual Startup Time": 360.834,
          "Actual Total Time": 4023.722,
          "Actual Rows": 670390,
          "Actual Loops": 1,
          "Output": [
            "cn.name",
            "miidx.info",
            "t.title"
          ],
          "Inner Unique": true,
          "Hash Cond": "(mi.info_type_id = it2.id)",
          "Plans": [
            {
              "Node Type": "Nested Loop",
              "Parent Relationship": "Outer",
              "Parallel Aware": false,
              "Join Type": "Inner",
              "Startup Cost": 3850.12,
              "Total Cost": 30270.08,
              "Plan Rows": 26982,
              "Plan Width": 46,
              "Actual Startup Time": 360.778,
              "Actual Total Time": 3736.032,
              "Actual Rows": 4316584,
              "Actual Loops": 1,
              "Output": [
                "cn.name",
                "mi.info_type_id",
                "miidx.info",
                "t.title"
              ],
              "Inner Unique": false,
              "Plans": [
                {
                  "Node Type": "Nested Loop",
                  "Parent Relationship": "Outer",
                  "Parallel Aware": false,
                  "Join Type": "Inner",
                  "Startup Cost": 3849.69,
                  "Total Cost": 28721.19,
                  "Plan Rows": 838,
                  "Plan Width": 54,
                  "Actual Startup Time": 360.764,
                  "Actual Total Time": 2287.474,
                  "Actual Rows": 87293,
                  "Actual Loops": 1,
                  "Output": [
                    "cn.name",
                    "mc.movie_id",
                    "miidx.info",
                    "miidx.movie_id",
                    "t.title",
                    "t.id"
                  ],
                  "Inner Unique": true,
                  "Plans": [
                    {
                      "Node Type": "Hash Join",
                      "Parent Relationship": "Outer",
                      "Parallel Aware": false,
                      "Join Type": "Inner",
                      "Startup Cost": 3849.27,
                      "Total Cost": 27691.45,
                      "Plan Rows": 2311,
                      "Plan Width": 39,
                      "Actual Startup Time": 360.734,
                      "Actual Total Time": 1575.215,
                      "Actual Rows": 302610,
                      "Actual Loops": 1,
                      "Output": [
                        "mc.movie_id",
                        "mc.company_id",
                        "miidx.info",
                        "miidx.movie_id",
                        "t.title",
                        "t.id"
                      ],
                      "Inner Unique": true,
                      "Hash Cond": "(mc.company_type_id = ct.id)",
                      "Plans": [
                        {
                          "Node Type": "Nested Loop",
                          "Parent Relationship": "Outer",
                          "Parallel Aware": false,
                          "Join Type": "Inner",
                          "Startup Cost": 3848.21,
                          "Total Cost": 27640.39,
                          "Plan Rows": 9246,
                          "Plan Width": 43,
                          "Actual Startup Time": 360.713,
                          "Actual Total Time": 1495.605,
                          "Actual Rows": 773084,
                          "Actual Loops": 1,
                          "Output": [
                            "miidx.info",
                            "miidx.movie_id",
                            "mc.movie_id",
                            "mc.company_id",
                            "mc.company_type_id",
                            "t.title",
                            "t.id"
                          ],
                          "Inner Unique": false,
                          "Plans": [
                            {
                              "Node Type": "Hash Join",
                              "Parent Relationship": "Outer",
                              "Parallel Aware": false,
                              "Join Type": "Inner",
                              "Startup Cost": 3847.78,
                              "Total Cost": 26584.04,
                              "Plan Rows": 1745,
                              "Plan Width": 31,
                              "Actual Startup Time": 360.687,
                              "Actual Total Time": 991.958,
                              "Actual Rows": 209880,
                              "Actual Loops": 1,
                              "Output": [
                                "miidx.info",
                                "miidx.movie_id",
                                "t.title",
                                "t.id"
                              ],
                              "Inner Unique": true,
                              "Hash Cond": "(t.kind_id = kt.id)",
                              "Plans": [
                                {
                                  "Node Type": "Nested Loop",
                                  "Parent Relationship": "Outer",
                                  "Parallel Aware": false,
                                  "Join Type": "Inner",
                                  "Startup Cost": 3846.68,
                                  "Total Cost": 26531.47,
                                  "Plan Rows": 12213,
                                  "Plan Width": 35,
                                  "Actual Startup Time": 16.869,
                                  "Actual Total Time": 940.695,
                                  "Actual Rows": 459925,
                                  "Actual Loops": 1,
                                  "Output": [
                                    "miidx.info",
                                    "miidx.movie_id",
                                    "t.title",
                                    "t.id",
                                    "t.kind_id"
                                  ],
                                  "Inner Unique": true,
                                  "Plans": [
                                    {
                                      "Node Type": "Nested Loop",
                                      "Parent Relationship": "Outer",
                                      "Parallel Aware": false,
                                      "Join Type": "Inner",
                                      "Startup Cost": 3846.25,
                                      "Total Cost": 19546.36,
                                      "Plan Rows": 12213,
                                      "Plan Width": 10,
                                      "Actual Startup Time": 16.858,
                                      "Actual Total Time": 119.23,
                                      "Actual Rows": 459925,
                                      "Actual Loops": 1,
                                      "Output": [
                                        "miidx.info",
                                        "miidx.movie_id"
                                      ],
                                      "Inner Unique": false,
                                      "Plans": [
                                        {
                                          "Node Type": "Seq Scan",
                                          "Parent Relationship": "Outer",
                                          "Parallel Aware": false,
                                          "Relation Name": "info_type",
                                          "Schema": "public",
                                          "Alias": "it",
                                          "Startup Cost": 0.0,
                                          "Total Cost": 2.41,
                                          "Plan Rows": 1,
                                          "Plan Width": 4,
                                          "Actual Startup Time": 0.02,
                                          "Actual Total Time": 0.024,
                                          "Actual Rows": 1,
                                          "Actual Loops": 1,
                                          "Output": [
                                            "it.id",
                                            "it.info"
                                          ],
                                          "Filter": "((it.info)::text = 'rating'::text)",
                                          "Rows Removed by Filter": 112
                                        },
                                        {
                                          "Node Type": "Bitmap Heap Scan",
                                          "Parent Relationship": "Inner",
                                          "Parallel Aware": false,
                                          "Relation Name": "movie_info_idx",
                                          "Schema": "public",
                                          "Alias": "miidx",
                                          "Startup Cost": 3846.25,
                                          "Total Cost": 16093.86,
                                          "Plan Rows": 345009,
                                          "Plan Width": 14,
                                          "Actual Startup Time": 16.829,
                                          "Actual Total Time": 75.558,
                                          "Actual Rows": 459925,
                                          "Actual Loops": 1,
                                          "Output": [
                                            "miidx.id",
                                            "miidx.movie_id",
                                            "miidx.info_type_id",
                                            "miidx.info",
                                            "miidx.note"
                                          ],
                                          "Recheck Cond": "(miidx.info_type_id = it.id)",
                                          "Rows Removed by Index Recheck": 0,
                                          "Exact Heap Blocks": 7934,
                                          "Lossy Heap Blocks": 0,
                                          "Plans": [
                                            {
                                              "Node Type": "Bitmap Index Scan",
                                              "Parent Relationship": "Outer",
                                              "Parallel Aware": false,
                                              "Index Name": "info_type_id_movie_info_idx",
                                              "Startup Cost": 0.0,
                                              "Total Cost": 3759.99,
                                              "Plan Rows": 345009,
                                              "Plan Width": 0,
                                              "Actual Startup Time": 15.743,
                                              "Actual Total Time": 15.744,
                                              "Actual Rows": 459925,
                                              "Actual Loops": 1,
                                              "Index Cond": "(miidx.info_type_id = it.id)"
                                            }
                                          ]
                                        }
                                      ]
                                    },
                                    {
                                      "Node Type": "Index Scan",
                                      "Parent Relationship": "Inner",
                                      "Parallel Aware": false,
                                      "Scan Direction": "Forward",
                                      "Index Name": "title_pkey",
                                      "Relation Name": "title",
                                      "Schema": "public",
                                      "Alias": "t",
                                      "Startup Cost": 0.43,
                                      "Total Cost": 0.57,
                                      "Plan Rows": 1,
                                      "Plan Width": 25,
                                      "Actual Startup Time": 0.002,
                                      "Actual Total Time": 0.002,
                                      "Actual Rows": 1,
                                      "Actual Loops": 459925,
                                      "Output": [
                                        "t.id",
                                        "t.title",
                                        "t.imdb_index",
                                        "t.kind_id",
                                        "t.production_year",
                                        "t.imdb_id",
                                        "t.phonetic_code",
                                        "t.episode_of_id",
                                        "t.season_nr",
                                        "t.episode_nr",
                                        "t.series_years",
                                        "t.md5sum"
                                      ],
                                      "Index Cond": "(t.id = miidx.movie_id)",
                                      "Rows Removed by Index Recheck": 0
                                    }
                                  ]
                                },
                                {
                                  "Node Type": "Hash",
                                  "Parent Relationship": "Inner",
                                  "Parallel Aware": false,
                                  "Startup Cost": 1.09,
                                  "Total Cost": 1.09,
                                  "Plan Rows": 1,
                                  "Plan Width": 4,
                                  "Actual Startup Time": 0.013,
                                  "Actual Total Time": 0.014,
                                  "Actual Rows": 1,
                                  "Actual Loops": 1,
                                  "Output": [
                                    "kt.id"
                                  ],
                                  "Hash Buckets": 1024,
                                  "Original Hash Buckets": 1024,
                                  "Hash Batches": 1,
                                  "Original Hash Batches": 1,
                                  "Peak Memory Usage": 9,
                                  "Plans": [
                                    {
                                      "Node Type": "Seq Scan",
                                      "Parent Relationship": "Outer",
                                      "Parallel Aware": false,
                                      "Relation Name": "kind_type",
                                      "Schema": "public",
                                      "Alias": "kt",
                                      "Startup Cost": 0.0,
                                      "Total Cost": 1.09,
                                      "Plan Rows": 1,
                                      "Plan Width": 4,
                                      "Actual Startup Time": 0.009,
                                      "Actual Total Time": 0.011,
                                      "Actual Rows": 1,
                                      "Actual Loops": 1,
                                      "Output": [
                                        "kt.id"
                                      ],
                                      "Filter": "((kt.kind)::text = 'movie'::text)",
                                      "Rows Removed by Filter": 6
                                    }
                                  ]
                                }
                              ]
                            },
                            {
                              "Node Type": "Index Scan",
                              "Parent Relationship": "Inner",
                              "Parallel Aware": false,
                              "Scan Direction": "Forward",
                              "Index Name": "movie_id_movie_companies",
                              "Relation Name": "movie_companies",
                              "Schema": "public",
                              "Alias": "mc",
                              "Startup Cost": 0.43,
                              "Total Cost": 0.56,
                              "Plan Rows": 5,
                              "Plan Width": 12,
                              "Actual Startup Time": 0.001,
                              "Actual Total Time": 0.002,
                              "Actual Rows": 4,
                              "Actual Loops": 209880,
                              "Output": [
                                "mc.id",
                                "mc.movie_id",
                                "mc.company_id",
                                "mc.company_type_id",
                                "mc.note"
                              ],
                              "Index Cond": "(mc.movie_id = t.id)",
                              "Rows Removed by Index Recheck": 0
                            }
                          ]
                        },
                        {
                          "Node Type": "Hash",
                          "Parent Relationship": "Inner",
                          "Parallel Aware": false,
                          "Startup Cost": 1.05,
                          "Total Cost": 1.05,
                          "Plan Rows": 1,
                          "Plan Width": 4,
                          "Actual Startup Time": 0.014,
                          "Actual Total Time": 0.015,
                          "Actual Rows": 1,
                          "Actual Loops": 1,
                          "Output": [
                            "ct.id"
                          ],
                          "Hash Buckets": 1024,
                          "Original Hash Buckets": 1024,
                          "Hash Batches": 1,
                          "Original Hash Batches": 1,
                          "Peak Memory Usage": 9,
                          "Plans": [
                            {
                              "Node Type": "Seq Scan",
                              "Parent Relationship": "Outer",
                              "Parallel Aware": false,
                              "Relation Name": "company_type",
                              "Schema": "public",
                              "Alias": "ct",
                              "Startup Cost": 0.0,
                              "Total Cost": 1.05,
                              "Plan Rows": 1,
                              "Plan Width": 4,
                              "Actual Startup Time": 0.012,
                              "Actual Total Time": 0.012,
                              "Actual Rows": 1,
                              "Actual Loops": 1,
                              "Output": [
                                "ct.id"
                              ],
                              "Filter": "((ct.kind)::text = 'production companies'::text)",
                              "Rows Removed by Filter": 3
                            }
                          ]
                        }
                      ]
                    },
                    {
                      "Node Type": "Index Scan",
                      "Parent Relationship": "Inner",
                      "Parallel Aware": false,
                      "Scan Direction": "Forward",
                      "Index Name": "company_name_pkey",
                      "Relation Name": "company_name",
                      "Schema": "public",
                      "Alias": "cn",
                      "Startup Cost": 0.42,
                      "Total Cost": 0.45,
                      "Plan Rows": 1,
                      "Plan Width": 23,
                      "Actual Startup Time": 0.002,
                      "Actual Total Time": 0.002,
                      "Actual Rows": 0,
                      "Actual Loops": 302610,
                      "Output": [
                        "cn.id",
                        "cn.name",
                        "cn.country_code",
                        "cn.imdb_id",
                        "cn.name_pcode_nf",
                        "cn.name_pcode_sf",
                        "cn.md5sum"
                      ],
                      "Index Cond": "(cn.id = mc.company_id)",
                      "Rows Removed by Index Recheck": 0,
                      "Filter": "((cn.country_code)::text = '[us]'::text)",
                      "Rows Removed by Filter": 1
                    }
                  ]
                },
                {
                  "Node Type": "Index Scan",
                  "Parent Relationship": "Inner",
                  "Parallel Aware": false,
                  "Scan Direction": "Forward",
                  "Index Name": "movie_id_movie_info",
                  "Relation Name": "movie_info",
                  "Schema": "public",
                  "Alias": "mi",
                  "Startup Cost": 0.43,
                  "Total Cost": 1.44,
                  "Plan Rows": 41,
                  "Plan Width": 8,
                  "Actual Startup Time": 0.002,
                  "Actual Total Time": 0.012,
                  "Actual Rows": 49,
                  "Actual Loops": 87293,
                  "Output": [
                    "mi.id",
                    "mi.movie_id",
                    "mi.info_type_id",
                    "mi.info",
                    "mi.note"
                  ],
                  "Index Cond": "(mi.movie_id = t.id)",
                  "Rows Removed by Index Recheck": 0
                }
              ]
            },
            {
              "Node Type": "Hash",
              "Parent Relationship": "Inner",
              "Parallel Aware": false,
              "Startup Cost": 2.41,
              "Total Cost": 2.41,
              "Plan Rows": 1,
              "Plan Width": 4,
              "Actual Startup Time": 0.038,
              "Actual Total Time": 0.038,
              "Actual Rows": 1,
              "Actual Loops": 1,
              "Output": [
                "it2.id"
              ],
              "Hash Buckets": 1024,
              "Original Hash Buckets": 1024,
              "Hash Batches": 1,
              "Original Hash Batches": 1,
              "Peak Memory Usage": 9,
              "Plans": [
                {
                  "Node Type": "Seq Scan",
                  "Parent Relationship": "Outer",
                  "Parallel Aware": false,
                  "Relation Name": "info_type",
                  "Schema": "public",
                  "Alias": "it2",
                  "Startup Cost": 0.0,
                  "Total Cost": 2.41,
                  "Plan Rows": 1,
                  "Plan Width": 4,
                  "Actual Startup Time": 0.022,
                  "Actual Total Time": 0.033,
                  "Actual Rows": 1,
                  "Actual Loops": 1,
                  "Output": [
                    "it2.id"
                  ],
                  "Filter": "((it2.info)::text = 'release dates'::text)",
                  "Rows Removed by Filter": 112
                }
              ]
            }
          ]
        }
      ]
    },
    "Planning Time": 12.289,
    "Triggers": [],
    "Execution Time": 4091.003
  }
]