[
  {
    "Plan": {
      "Node Type": "Aggregate",
      "Strategy": "Plain",
      "Partial Mode": "Simple",
      "Parallel Aware": false,
      "Startup Cost": 1060.35,
      "Total Cost": 1060.36,
      "Plan Rows": 1,
      "Plan Width": 8,
      "Actual Startup Time": 0.805,
      "Actual Total Time": 0.807,
      "Actual Rows": 1,
      "Actual Loops": 1,
      "Plans": [
        {
          "Node Type": "Index Scan",
          "Parent Relationship": "Outer",
          "Parallel Aware": false,
          "Scan Direction": "Forward",
          "Index Name": "person_id_cast_info",
          "Relation Name": "cast_info",
          "Alias": "ci",
          "Startup Cost": 0.56,
          "Total Cost": 1059.67,
          "Plan Rows": 272,
          "Plan Width": 0,
          "Actual Startup Time": 0.656,
          "Actual Total Time": 0.798,
          "Actual Rows": 11,
          "Actual Loops": 1,
          "Index Cond": "(person_id = 376753)",
          "Rows Removed by Index Recheck": 0,
          "Filter": "(role_id < 3)",
          "Rows Removed by Filter": 290
        }
      ]
    },
    "Planning Time": 0.166,
    "Triggers": [],
    "Execution Time": 0.849
  }
]