[
  {
    "Plan": {
      "Node Type": "Aggregate",
      "Strategy": "Plain",
      "Partial Mode": "Finalize",
      "Parallel Aware": false,
      "Startup Cost": 44564.8,
      "Total Cost": 44564.81,
      "Plan Rows": 1,
      "Plan Width": 8,
      "Actual Startup Time": 154.089,
      "Actual Total Time": 166.946,
      "Actual Rows": 1,
      "Actual Loops": 1,
      "Plans": [
        {
          "Node Type": "Gather",
          "Parent Relationship": "Outer",
          "Parallel Aware": false,
          "Startup Cost": 44564.48,
          "Total Cost": 44564.79,
          "Plan Rows": 3,
          "Plan Width": 8,
          "Actual Startup Time": 153.967,
          "Actual Total Time": 166.938,
          "Actual Rows": 4,
          "Actual Loops": 1,
          "Workers Planned": 3,
          "Workers Launched": 3,
          "Single Copy": false,
          "Plans": [
            {
              "Node Type": "Aggregate",
              "Strategy": "Plain",
              "Partial Mode": "Partial",
              "Parent Relationship": "Outer",
              "Parallel Aware": false,
              "Startup Cost": 43564.48,
              "Total Cost": 43564.49,
              "Plan Rows": 1,
              "Plan Width": 8,
              "Actual Startup Time": 146.803,
              "Actual Total Time": 146.804,
              "Actual Rows": 1,
              "Actual Loops": 4,
              "Plans": [
                {
                  "Node Type": "Seq Scan",
                  "Parent Relationship": "Outer",
                  "Parallel Aware": true,
                  "Relation Name": "movie_keyword",
                  "Alias": "mk",
                  "Startup Cost": 0.0,
                  "Total Cost": 42695.65,
                  "Plan Rows": 347530,
                  "Plan Width": 0,
                  "Actual Startup Time": 2.96,
                  "Actual Total Time": 129.543,
                  "Actual Rows": 269298,
                  "Actual Loops": 4,
                  "Filter": "(keyword_id > 16411)",
                  "Rows Removed by Filter": 861684
                }
              ]
            }
          ]
        }
      ]
    },
    "Planning Time": 0.164,
    "Triggers": [],
    "Execution Time": 166.997
  }
]