{
  "Plan": {
    "Node Type": "Aggregate",
    "Strategy": "Plain",
    "Partial Mode": "Simple",
    "Parallel Aware": false,
    "Startup Cost": 3455.96,
    "Total Cost": 3455.97,
    "Plan Rows": 1,
    "Plan Width": 8,
    "Actual Startup Time": 81.819,
    "Actual Total Time": 81.821,
    "Actual Rows": 1,
    "Actual Loops": 1,
    "Plans": [
      {
        "Node Type": "Nested Loop",
        "Parent Relationship": "Outer",
        "Parallel Aware": false,
        "Join Type": "Inner",
        "Startup Cost": 7.35,
        "Total Cost": 3454.87,
        "Plan Rows": 436,
        "Plan Width": 0,
        "Actual Startup Time": 1.204,
        "Actual Total Time": 80.784,
        "Actual Rows": 16170,
        "Actual Loops": 1,
        "Inner Unique": false,
        "Plans": [
          {
            "Node Type": "Nested Loop",
            "Parent Relationship": "Outer",
            "Parallel Aware": false,
            "Join Type": "Inner",
            "Startup Cost": 6.78,
            "Total Cost": 3006.58,
            "Plan Rows": 206,
            "Plan Width": 8,
            "Actual Startup Time": 1.169,
            "Actual Total Time": 14.168,
            "Actual Rows": 1110,
            "Actual Loops": 1,
            "Inner Unique": true,
            "Plans": [
              {
                "Node Type": "Bitmap Heap Scan",
                "Parent Relationship": "Outer",
                "Parallel Aware": false,
                "Relation Name": "movie_keyword",
                "Alias": "mk",
                "Startup Cost": 6.35,
                "Total Cost": 922.98,
                "Plan Rows": 248,
                "Plan Width": 4,
                "Actual Startup Time": 1.15,
                "Actual Total Time": 4.393,
                "Actual Rows": 2305,
                "Actual Loops": 1,
                "Recheck Cond": "(keyword_id = 835)",
                "Rows Removed by Index Recheck": 0,
                "Exact Heap Blocks": 2051,
                "Lossy Heap Blocks": 0,
                "Plans": [
                  {
                    "Node Type": "Bitmap Index Scan",
                    "Parent Relationship": "Outer",
                    "Parallel Aware": false,
                    "Index Name": "keyword_id_movie_keyword",
                    "Startup Cost": 0.0,
                    "Total Cost": 6.29,
                    "Plan Rows": 248,
                    "Plan Width": 0,
                    "Actual Startup Time": 0.631,
                    "Actual Total Time": 0.631,
                    "Actual Rows": 2305,
                    "Actual Loops": 1,
                    "Index Cond": "(keyword_id = 835)"
                  }
                ]
              },
              {
                "Node Type": "Index Scan",
                "Parent Relationship": "Inner",
                "Parallel Aware": false,
                "Scan Direction": "Forward",
                "Index Name": "title_pkey",
                "Relation Name": "title",
                "Alias": "t",
                "Startup Cost": 0.43,
                "Total Cost": 8.4,
                "Plan Rows": 1,
                "Plan Width": 4,
                "Actual Startup Time": 0.004,
                "Actual Total Time": 0.004,
                "Actual Rows": 0,
                "Actual Loops": 2305,
                "Index Cond": "(id = mk.movie_id)",
                "Rows Removed by Index Recheck": 0,
                "Filter": "(production_year > 1969)",
                "Rows Removed by Filter": 1
              }
            ]
          },
          {
            "Node Type": "Index Scan",
            "Parent Relationship": "Inner",
            "Parallel Aware": false,
            "Scan Direction": "Forward",
            "Index Name": "movie_id_cast_info",
            "Relation Name": "cast_info",
            "Alias": "ci",
            "Startup Cost": 0.56,
            "Total Cost": 2.13,
            "Plan Rows": 5,
            "Plan Width": 4,
            "Actual Startup Time": 0.008,
            "Actual Total Time": 0.059,
            "Actual Rows": 15,
            "Actual Loops": 1110,
            "Index Cond": "(movie_id = t.id)",
            "Rows Removed by Index Recheck": 0,
            "Filter": "((person_id < 1528560) AND (role_id = 1))",
            "Rows Removed by Filter": 26
          }
        ]
      }
    ]
  },
  "Planning Time": 0.568,
  "Triggers": [],
  "Execution Time": 81.873
}