{
  "Plan": {
    "Node Type": "Aggregate",
    "Strategy": "Plain",
    "Partial Mode": "Finalize",
    "Parallel Aware": false,
    "Startup Cost": 108495.88,
    "Total Cost": 108495.89,
    "Plan Rows": 1,
    "Plan Width": 8,
    "Actual Startup Time": 556.853,
    "Actual Total Time": 570.464,
    "Actual Rows": 1,
    "Actual Loops": 1,
    "Plans": [
      {
        "Node Type": "Gather",
        "Parent Relationship": "Outer",
        "Parallel Aware": false,
        "Startup Cost": 108495.77,
        "Total Cost": 108495.88,
        "Plan Rows": 1,
        "Plan Width": 8,
        "Actual Startup Time": 554.385,
        "Actual Total Time": 570.454,
        "Actual Rows": 2,
        "Actual Loops": 1,
        "Workers Planned": 1,
        "Workers Launched": 1,
        "Single Copy": false,
        "Plans": [
          {
            "Node Type": "Aggregate",
            "Strategy": "Plain",
            "Partial Mode": "Partial",
            "Parent Relationship": "Outer",
            "Parallel Aware": false,
            "Startup Cost": 107495.77,
            "Total Cost": 107495.78,
            "Plan Rows": 1,
            "Plan Width": 8,
            "Actual Startup Time": 548.667,
            "Actual Total Time": 548.947,
            "Actual Rows": 1,
            "Actual Loops": 2,
            "Plans": [
              {
                "Node Type": "Hash Join",
                "Parent Relationship": "Outer",
                "Parallel Aware": true,
                "Join Type": "Inner",
                "Startup Cost": 43998.25,
                "Total Cost": 107238.71,
                "Plan Rows": 102824,
                "Plan Width": 0,
                "Actual Startup Time": 227.048,
                "Actual Total Time": 544.83,
                "Actual Rows": 71918,
                "Actual Loops": 2,
                "Inner Unique": false,
                "Hash Cond": "(t.id = mc.movie_id)",
                "Plans": [
                  {
                    "Node Type": "Seq Scan",
                    "Parent Relationship": "Outer",
                    "Parallel Aware": true,
                    "Relation Name": "title",
                    "Alias": "t",
                    "Startup Cost": 0.0,
                    "Total Cost": 58306.47,
                    "Plan Rows": 692663,
                    "Plan Width": 4,
                    "Actual Startup Time": 0.013,
                    "Actual Total Time": 162.306,
                    "Actual Rows": 569978,
                    "Actual Loops": 2,
                    "Filter": "((kind_id > 4) AND (production_year < 2010))",
                    "Rows Removed by Filter": 694178
                  },
                  {
                    "Node Type": "Hash",
                    "Parent Relationship": "Inner",
                    "Parallel Aware": true,
                    "Startup Cost": 41238.58,
                    "Total Cost": 41238.58,
                    "Plan Rows": 220774,
                    "Plan Width": 4,
                    "Actual Startup Time": 221.562,
                    "Actual Total Time": 221.563,
                    "Actual Rows": 350200,
                    "Actual Loops": 2,
                    "Hash Buckets": 1048576,
                    "Original Hash Buckets": 524288,
                    "Hash Batches": 1,
                    "Original Hash Batches": 1,
                    "Peak Memory Usage": 39712,
                    "Plans": [
                      {
                        "Node Type": "Bitmap Heap Scan",
                        "Parent Relationship": "Outer",
                        "Parallel Aware": true,
                        "Relation Name": "movie_companies",
                        "Alias": "mc",
                        "Startup Cost": 15926.24,
                        "Total Cost": 41238.58,
                        "Plan Rows": 220774,
                        "Plan Width": 4,
                        "Actual Startup Time": 69.379,
                        "Actual Total Time": 134.255,
                        "Actual Rows": 350200,
                        "Actual Loops": 2,
                        "Recheck Cond": "(company_id > 36392)",
                        "Rows Removed by Index Recheck": 0,
                        "Filter": "(company_type_id > 1)",
                        "Rows Removed by Filter": 26691,
                        "Exact Heap Blocks": 10389,
                        "Lossy Heap Blocks": 0,
                        "Plans": [
                          {
                            "Node Type": "Bitmap Index Scan",
                            "Parent Relationship": "Outer",
                            "Parallel Aware": false,
                            "Index Name": "company_id_movie_companies",
                            "Startup Cost": 0.0,
                            "Total Cost": 15832.42,
                            "Plan Rows": 739198,
                            "Plan Width": 0,
                            "Actual Startup Time": 52.757,
                            "Actual Total Time": 52.758,
                            "Actual Rows": 753781,
                            "Actual Loops": 1,
                            "Index Cond": "(company_id > 36392)"
                          }
                        ]
                      }
                    ]
                  }
                ]
              }
            ]
          }
        ]
      }
    ]
  },
  "Planning Time": 0.749,
  "Triggers": [],
  "Execution Time": 570.555
}