{
  "Plan": {
    "Node Type": "Aggregate",
    "Strategy": "Plain",
    "Partial Mode": "Simple",
    "Parallel Aware": false,
    "Startup Cost": 11476.55,
    "Total Cost": 11476.56,
    "Plan Rows": 1,
    "Plan Width": 128,
    "Actual Startup Time": 5913.998,
    "Actual Total Time": 5914.006,
    "Actual Rows": 1,
    "Actual Loops": 1,
    "Plans": [
      {
        "Node Type": "Nested Loop",
        "Parent Relationship": "Outer",
        "Parallel Aware": false,
        "Join Type": "Inner",
        "Startup Cost": 13.53,
        "Total Cost": 11476.54,
        "Plan Rows": 1,
        "Plan Width": 81,
        "Actual Startup Time": 4.814,
        "Actual Total Time": 5896.045,
        "Actual Rows": 45747,
        "Actual Loops": 1,
        "Inner Unique": true,
        "Plans": [
          {
            "Node Type": "Nested Loop",
            "Parent Relationship": "Outer",
            "Parallel Aware": false,
            "Join Type": "Inner",
            "Startup Cost": 13.1,
            "Total Cost": 11476.02,
            "Plan Rows": 1,
            "Plan Width": 70,
            "Actual Startup Time": 4.787,
            "Actual Total Time": 5563.431,
            "Actual Rows": 60517,
            "Actual Loops": 1,
            "Inner Unique": true,
            "Join Filter": "(mi.info_type_id = it1.id)",
            "Rows Removed by Join Filter": 20622,
            "Plans": [
              {
                "Node Type": "Nested Loop",
                "Parent Relationship": "Outer",
                "Parallel Aware": false,
                "Join Type": "Inner",
                "Startup Cost": 13.1,
                "Total Cost": 11473.59,
                "Plan Rows": 1,
                "Plan Width": 74,
                "Actual Startup Time": 4.766,
                "Actual Total Time": 5154.714,
                "Actual Rows": 81139,
                "Actual Loops": 1,
                "Inner Unique": false,
                "Plans": [
                  {
                    "Node Type": "Nested Loop",
                    "Parent Relationship": "Outer",
                    "Parallel Aware": false,
                    "Join Type": "Inner",
                    "Startup Cost": 12.66,
                    "Total Cost": 11471.98,
                    "Plan Rows": 1,
                    "Plan Width": 47,
                    "Actual Startup Time": 4.655,
                    "Actual Total Time": 1672.906,
                    "Actual Rows": 73103,
                    "Actual Loops": 1,
                    "Inner Unique": false,
                    "Join Filter": "(mi_idx.info_type_id = it2.id)",
                    "Rows Removed by Join Filter": 151266,
                    "Plans": [
                      {
                        "Node Type": "Seq Scan",
                        "Parent Relationship": "Outer",
                        "Parallel Aware": false,
                        "Relation Name": "info_type",
                        "Alias": "it2",
                        "Startup Cost": 0.0,
                        "Total Cost": 2.41,
                        "Plan Rows": 1,
                        "Plan Width": 4,
                        "Actual Startup Time": 0.042,
                        "Actual Total Time": 0.045,
                        "Actual Rows": 1,
                        "Actual Loops": 1,
                        "Filter": "((info)::text = 'votes'::text)",
                        "Rows Removed by Filter": 112
                      },
                      {
                        "Node Type": "Nested Loop",
                        "Parent Relationship": "Inner",
                        "Parallel Aware": false,
                        "Join Type": "Inner",
                        "Startup Cost": 12.66,
                        "Total Cost": 11468.36,
                        "Plan Rows": 97,
                        "Plan Width": 51,
                        "Actual Startup Time": 4.496,
                        "Actual Total Time": 1654.855,
                        "Actual Rows": 224369,
                        "Actual Loops": 1,
                        "Inner Unique": false,
                        "Plans": [
                          {
                            "Node Type": "Nested Loop",
                            "Parent Relationship": "Outer",
                            "Parallel Aware": false,
                            "Join Type": "Inner",
                            "Startup Cost": 12.1,
                            "Total Cost": 11361.55,
                            "Plan Rows": 61,
                            "Plan Width": 43,
                            "Actual Startup Time": 3.019,
                            "Actual Total Time": 266.333,
                            "Actual Rows": 20067,
                            "Actual Loops": 1,
                            "Inner Unique": true,
                            "Plans": [
                              {
                                "Node Type": "Nested Loop",
                                "Parent Relationship": "Outer",
                                "Parallel Aware": false,
                                "Join Type": "Inner",
                                "Startup Cost": 11.67,
                                "Total Cost": 11331.83,
                                "Plan Rows": 61,
                                "Plan Width": 22,
                                "Actual Startup Time": 2.998,
                                "Actual Total Time": 212.137,
                                "Actual Rows": 20067,
                                "Actual Loops": 1,
                                "Inner Unique": false,
                                "Join Filter": "(cc.subject_id = cct1.id)",
                                "Rows Removed by Join Filter": 5470,
                                "Plans": [
                                  {
                                    "Node Type": "Seq Scan",
                                    "Parent Relationship": "Outer",
                                    "Parallel Aware": false,
                                    "Relation Name": "comp_cast_type",
                                    "Alias": "cct1",
                                    "Startup Cost": 0.0,
                                    "Total Cost": 1.05,
                                    "Plan Rows": 1,
                                    "Plan Width": 4,
                                    "Actual Startup Time": 0.012,
                                    "Actual Total Time": 0.014,
                                    "Actual Rows": 1,
                                    "Actual Loops": 1,
                                    "Filter": "((kind)::text = 'cast'::text)",
                                    "Rows Removed by Filter": 3
                                  },
                                  {
                                    "Node Type": "Nested Loop",
                                    "Parent Relationship": "Inner",
                                    "Parallel Aware": false,
                                    "Join Type": "Inner",
                                    "Startup Cost": 11.67,
                                    "Total Cost": 11327.74,
                                    "Plan Rows": 243,
                                    "Plan Width": 26,
                                    "Actual Startup Time": 2.983,
                                    "Actual Total Time": 209.265,
                                    "Actual Rows": 25537,
                                    "Actual Loops": 1,
                                    "Inner Unique": false,
                                    "Plans": [
                                      {
                                        "Node Type": "Nested Loop",
                                        "Parent Relationship": "Outer",
                                        "Parallel Aware": false,
                                        "Join Type": "Inner",
                                        "Startup Cost": 11.24,
                                        "Total Cost": 11285.94,
                                        "Plan Rows": 80,
                                        "Plan Width": 12,
                                        "Actual Startup Time": 2.959,
                                        "Actual Total Time": 165.802,
                                        "Actual Rows": 8385,
                                        "Actual Loops": 1,
                                        "Inner Unique": false,
                                        "Join Filter": "(cc.status_id = cct2.id)",
                                        "Rows Removed by Join Filter": 10365,
                                        "Plans": [
                                          {
                                            "Node Type": "Seq Scan",
                                            "Parent Relationship": "Outer",
                                            "Parallel Aware": false,
                                            "Relation Name": "comp_cast_type",
                                            "Alias": "cct2",
                                            "Startup Cost": 0.0,
                                            "Total Cost": 1.05,
                                            "Plan Rows": 1,
                                            "Plan Width": 4,
                                            "Actual Startup Time": 0.01,
                                            "Actual Total Time": 0.011,
                                            "Actual Rows": 1,
                                            "Actual Loops": 1,
                                            "Filter": "((kind)::text = 'complete+verified'::text)",
                                            "Rows Removed by Filter": 3
                                          },
                                          {
                                            "Node Type": "Nested Loop",
                                            "Parent Relationship": "Inner",
                                            "Parallel Aware": false,
                                            "Join Type": "Inner",
                                            "Startup Cost": 11.24,
                                            "Total Cost": 11280.86,
                                            "Plan Rows": 322,
                                            "Plan Width": 16,
                                            "Actual Startup Time": 2.945,
                                            "Actual Total Time": 164.018,
                                            "Actual Rows": 18750,
                                            "Actual Loops": 1,
                                            "Inner Unique": false,
                                            "Plans": [
                                              {
                                                "Node Type": "Nested Loop",
                                                "Parent Relationship": "Outer",
                                                "Parallel Aware": false,
                                                "Join Type": "Inner",
                                                "Startup Cost": 10.82,
                                                "Total Cost": 11168.51,
                                                "Plan Rows": 236,
                                                "Plan Width": 4,
                                                "Actual Startup Time": 2.602,
                                                "Actual Total Time": 90.244,
                                                "Actual Rows": 44930,
                                                "Actual Loops": 1,
                                                "Inner Unique": false,
                                                "Plans": [
                                                  {
                                                    "Node Type": "Seq Scan",
                                                    "Parent Relationship": "Outer",
                                                    "Parallel Aware": false,
                                                    "Relation Name": "keyword",
                                                    "Alias": "k",
                                                    "Startup Cost": 0.0,
                                                    "Total Cost": 3464.69,
                                                    "Plan Rows": 7,
                                                    "Plan Width": 4,
                                                    "Actual Startup Time": 0.136,
                                                    "Actual Total Time": 18.651,
                                                    "Actual Rows": 6,
                                                    "Actual Loops": 1,
                                                    "Filter": "(keyword = ANY ('{violence,magnet,female-nudity,martial-arts,murder-in-title,blood,falling-from-height}'::text[]))",
                                                    "Rows Removed by Filter": 134164
                                                  },
                                                  {
                                                    "Node Type": "Bitmap Heap Scan",
                                                    "Parent Relationship": "Inner",
                                                    "Parallel Aware": false,
                                                    "Relation Name": "movie_keyword",
                                                    "Alias": "mk",
                                                    "Startup Cost": 10.82,
                                                    "Total Cost": 1097.47,
                                                    "Plan Rows": 308,
                                                    "Plan Width": 8,
                                                    "Actual Startup Time": 1.502,
                                                    "Actual Total Time": 11.238,
                                                    "Actual Rows": 7488,
                                                    "Actual Loops": 6,
                                                    "Recheck Cond": "(keyword_id = k.id)",
                                                    "Rows Removed by Index Recheck": 0,
                                                    "Exact Heap Blocks": 30335,
                                                    "Lossy Heap Blocks": 0,
                                                    "Plans": [
                                                      {
                                                        "Node Type": "Bitmap Index Scan",
                                                        "Parent Relationship": "Outer",
                                                        "Parallel Aware": false,
                                                        "Index Name": "keyword_id_movie_keyword",
                                                        "Startup Cost": 0.0,
                                                        "Total Cost": 10.74,
                                                        "Plan Rows": 308,
                                                        "Plan Width": 0,
                                                        "Actual Startup Time": 0.811,
                                                        "Actual Total Time": 0.811,
                                                        "Actual Rows": 7488,
                                                        "Actual Loops": 6,
                                                        "Index Cond": "(keyword_id = k.id)"
                                                      }
                                                    ]
                                                  }
                                                ]
                                              },
                                              {
                                                "Node Type": "Index Scan",
                                                "Parent Relationship": "Inner",
                                                "Parallel Aware": false,
                                                "Scan Direction": "Forward",
                                                "Index Name": "movie_id_complete_cast",
                                                "Relation Name": "complete_cast",
                                                "Alias": "cc",
                                                "Startup Cost": 0.42,
                                                "Total Cost": 0.46,
                                                "Plan Rows": 2,
                                                "Plan Width": 12,
                                                "Actual Startup Time": 0.001,
                                                "Actual Total Time": 0.001,
                                                "Actual Rows": 0,
                                                "Actual Loops": 44930,
                                                "Index Cond": "(movie_id = mk.movie_id)",
                                                "Rows Removed by Index Recheck": 0
                                              }
                                            ]
                                          }
                                        ]
                                      },
                                      {
                                        "Node Type": "Index Scan",
                                        "Parent Relationship": "Inner",
                                        "Parallel Aware": false,
                                        "Scan Direction": "Forward",
                                        "Index Name": "movie_id_movie_info_idx",
                                        "Relation Name": "movie_info_idx",
                                        "Alias": "mi_idx",
                                        "Startup Cost": 0.43,
                                        "Total Cost": 0.49,
                                        "Plan Rows": 3,
                                        "Plan Width": 14,
                                        "Actual Startup Time": 0.004,
                                        "Actual Total Time": 0.005,
                                        "Actual Rows": 3,
                                        "Actual Loops": 8385,
                                        "Index Cond": "(movie_id = mk.movie_id)",
                                        "Rows Removed by Index Recheck": 0
                                      }
                                    ]
                                  }
                                ]
                              },
                              {
                                "Node Type": "Index Scan",
                                "Parent Relationship": "Inner",
                                "Parallel Aware": false,
                                "Scan Direction": "Forward",
                                "Index Name": "title_pkey",
                                "Relation Name": "title",
                                "Alias": "t",
                                "Startup Cost": 0.43,
                                "Total Cost": 0.49,
                                "Plan Rows": 1,
                                "Plan Width": 21,
                                "Actual Startup Time": 0.002,
                                "Actual Total Time": 0.002,
                                "Actual Rows": 1,
                                "Actual Loops": 20067,
                                "Index Cond": "(id = mk.movie_id)",
                                "Rows Removed by Index Recheck": 0
                              }
                            ]
                          },
                          {
                            "Node Type": "Index Scan",
                            "Parent Relationship": "Inner",
                            "Parallel Aware": false,
                            "Scan Direction": "Forward",
                            "Index Name": "movie_id_cast_info",
                            "Relation Name": "cast_info",
                            "Alias": "ci",
                            "Startup Cost": 0.56,
                            "Total Cost": 1.71,
                            "Plan Rows": 4,
                            "Plan Width": 8,
                            "Actual Startup Time": 0.013,
                            "Actual Total Time": 0.068,
                            "Actual Rows": 11,
                            "Actual Loops": 20067,
                            "Index Cond": "(movie_id = mk.movie_id)",
                            "Rows Removed by Index Recheck": 0,
                            "Filter": "(note = ANY ('{(uncredited),(producer),\"(executive producer)\",(voice),\"(written by)\"}'::text[]))",
                            "Rows Removed by Filter": 74
                          }
                        ]
                      }
                    ]
                  },
                  {
                    "Node Type": "Index Scan",
                    "Parent Relationship": "Inner",
                    "Parallel Aware": false,
                    "Scan Direction": "Forward",
                    "Index Name": "movie_id_movie_info",
                    "Relation Name": "movie_info",
                    "Alias": "mi",
                    "Startup Cost": 0.43,
                    "Total Cost": 1.6,
                    "Plan Rows": 1,
                    "Plan Width": 51,
                    "Actual Startup Time": 0.044,
                    "Actual Total Time": 0.047,
                    "Actual Rows": 1,
                    "Actual Loops": 73103,
                    "Index Cond": "(movie_id = mk.movie_id)",
                    "Rows Removed by Index Recheck": 0,
                    "Filter": "(info = ANY ('{Family,Action,Crime,Horror,War,Action}'::text[]))",
                    "Rows Removed by Filter": 205
                  }
                ]
              },
              {
                "Node Type": "Seq Scan",
                "Parent Relationship": "Inner",
                "Parallel Aware": false,
                "Relation Name": "info_type",
                "Alias": "it1",
                "Startup Cost": 0.0,
                "Total Cost": 2.41,
                "Plan Rows": 1,
                "Plan Width": 4,
                "Actual Startup Time": 0.002,
                "Actual Total Time": 0.003,
                "Actual Rows": 1,
                "Actual Loops": 81139,
                "Filter": "((info)::text = 'genres'::text)",
                "Rows Removed by Filter": 30
              }
            ]
          },
          {
            "Node Type": "Index Scan",
            "Parent Relationship": "Inner",
            "Parallel Aware": false,
            "Scan Direction": "Forward",
            "Index Name": "name_pkey",
            "Relation Name": "name",
            "Alias": "n",
            "Startup Cost": 0.43,
            "Total Cost": 0.52,
            "Plan Rows": 1,
            "Plan Width": 19,
            "Actual Startup Time": 0.005,
            "Actual Total Time": 0.005,
            "Actual Rows": 1,
            "Actual Loops": 60517,
            "Index Cond": "(id = ci.person_id)",
            "Rows Removed by Index Recheck": 0,
            "Filter": "((gender)::text = 'm'::text)",
            "Rows Removed by Filter": 0
          }
        ]
      }
    ]
  },
  "Planning Time": 4.032,
  "Triggers": [],
  "Execution Time": 5914.252
}