{
  "Plan": {
    "Node Type": "Aggregate",
    "Strategy": "Plain",
    "Partial Mode": "Finalize",
    "Parallel Aware": false,
    "Startup Cost": 380600.1,
    "Total Cost": 380600.11,
    "Plan Rows": 1,
    "Plan Width": 8,
    "Actual Startup Time": 680.86,
    "Actual Total Time": 707.628,
    "Actual Rows": 1,
    "Actual Loops": 1,
    "Plans": [
      {
        "Node Type": "Gather",
        "Parent Relationship": "Outer",
        "Parallel Aware": false,
        "Startup Cost": 380599.99,
        "Total Cost": 380600.1,
        "Plan Rows": 1,
        "Plan Width": 8,
        "Actual Startup Time": 678.51,
        "Actual Total Time": 707.614,
        "Actual Rows": 2,
        "Actual Loops": 1,
        "Workers Planned": 1,
        "Workers Launched": 1,
        "Single Copy": false,
        "Plans": [
          {
            "Node Type": "Aggregate",
            "Strategy": "Plain",
            "Partial Mode": "Partial",
            "Parent Relationship": "Outer",
            "Parallel Aware": false,
            "Startup Cost": 379599.99,
            "Total Cost": 379600.0,
            "Plan Rows": 1,
            "Plan Width": 8,
            "Actual Startup Time": 672.075,
            "Actual Total Time": 672.084,
            "Actual Rows": 1,
            "Actual Loops": 2,
            "Plans": [
              {
                "Node Type": "Nested Loop",
                "Parent Relationship": "Outer",
                "Parallel Aware": false,
                "Join Type": "Inner",
                "Startup Cost": 77740.14,
                "Total Cost": 378235.86,
                "Plan Rows": 545649,
                "Plan Width": 0,
                "Actual Startup Time": 346.574,
                "Actual Total Time": 661.233,
                "Actual Rows": 194816,
                "Actual Loops": 2,
                "Inner Unique": false,
                "Join Filter": "(t.id = mi.movie_id)",
                "Rows Removed by Join Filter": 0,
                "Plans": [
                  {
                    "Node Type": "Hash Join",
                    "Parent Relationship": "Outer",
                    "Parallel Aware": true,
                    "Join Type": "Inner",
                    "Startup Cost": 77739.71,
                    "Total Cost": 108636.92,
                    "Plan Rows": 93316,
                    "Plan Width": 8,
                    "Actual Startup Time": 346.434,
                    "Actual Total Time": 510.038,
                    "Actual Rows": 20444,
                    "Actual Loops": 2,
                    "Inner Unique": true,
                    "Hash Cond": "(mk.movie_id = t.id)",
                    "Plans": [
                      {
                        "Node Type": "Bitmap Heap Scan",
                        "Parent Relationship": "Outer",
                        "Parallel Aware": true,
                        "Relation Name": "movie_keyword",
                        "Alias": "mk",
                        "Startup Cost": 15360.95,
                        "Total Cost": 45139.92,
                        "Plan Rows": 425998,
                        "Plan Width": 4,
                        "Actual Startup Time": 49.801,
                        "Actual Total Time": 148.91,
                        "Actual Rows": 357566,
                        "Actual Loops": 2,
                        "Recheck Cond": "(keyword_id > 26334)",
                        "Rows Removed by Index Recheck": 0,
                        "Exact Heap Blocks": 15099,
                        "Lossy Heap Blocks": 0,
                        "Plans": [
                          {
                            "Node Type": "Bitmap Index Scan",
                            "Parent Relationship": "Outer",
                            "Parallel Aware": false,
                            "Index Name": "keyword_id_movie_keyword",
                            "Startup Cost": 0.0,
                            "Total Cost": 15179.9,
                            "Plan Rows": 724196,
                            "Plan Width": 0,
                            "Actual Startup Time": 46.251,
                            "Actual Total Time": 46.253,
                            "Actual Rows": 715132,
                            "Actual Loops": 1,
                            "Index Cond": "(keyword_id > 26334)"
                          }
                        ]
                      },
                      {
                        "Node Type": "Hash",
                        "Parent Relationship": "Inner",
                        "Parallel Aware": true,
                        "Startup Cost": 58306.47,
                        "Total Cost": 58306.47,
                        "Plan Rows": 325783,
                        "Plan Width": 4,
                        "Actual Startup Time": 287.578,
                        "Actual Total Time": 287.58,
                        "Actual Rows": 301202,
                        "Actual Loops": 2,
                        "Hash Buckets": 1048576,
                        "Original Hash Buckets": 1048576,
                        "Hash Batches": 1,
                        "Original Hash Batches": 1,
                        "Peak Memory Usage": 31808,
                        "Plans": [
                          {
                            "Node Type": "Seq Scan",
                            "Parent Relationship": "Outer",
                            "Parallel Aware": true,
                            "Relation Name": "title",
                            "Alias": "t",
                            "Startup Cost": 0.0,
                            "Total Cost": 58306.47,
                            "Plan Rows": 325783,
                            "Plan Width": 4,
                            "Actual Startup Time": 0.034,
                            "Actual Total Time": 183.208,
                            "Actual Rows": 301202,
                            "Actual Loops": 2,
                            "Filter": "((production_year > 2006) AND (kind_id = 7))",
                            "Rows Removed by Filter": 962954
                          }
                        ]
                      }
                    ]
                  },
                  {
                    "Node Type": "Index Only Scan",
                    "Parent Relationship": "Inner",
                    "Parallel Aware": false,
                    "Scan Direction": "Forward",
                    "Index Name": "movie_id_movie_info",
                    "Relation Name": "movie_info",
                    "Alias": "mi",
                    "Startup Cost": 0.43,
                    "Total Cost": 2.36,
                    "Plan Rows": 42,
                    "Plan Width": 4,
                    "Actual Startup Time": 0.003,
                    "Actual Total Time": 0.006,
                    "Actual Rows": 10,
                    "Actual Loops": 40888,
                    "Index Cond": "(movie_id = mk.movie_id)",
                    "Rows Removed by Index Recheck": 0,
                    "Heap Fetches": 389631
                  }
                ]
              }
            ]
          }
        ]
      }
    ]
  },
  "Planning Time": 1.003,
  "Triggers": [],
  "Execution Time": 707.757
}