[
  {
    "Plan": {
      "Node Type": "Aggregate",
      "Strategy": "Plain",
      "Partial Mode": "Finalize",
      "Parallel Aware": false,
      "Startup Cost": 437739.43,
      "Total Cost": 437739.44,
      "Plan Rows": 1,
      "Plan Width": 8,
      "Actual Startup Time": 1165.807,
      "Actual Total Time": 1212.161,
      "Actual Rows": 1,
      "Actual Loops": 1,
      "Plans": [
        {
          "Node Type": "Gather",
          "Parent Relationship": "Outer",
          "Parallel Aware": false,
          "Startup Cost": 437738.81,
          "Total Cost": 437739.42,
          "Plan Rows": 6,
          "Plan Width": 8,
          "Actual Startup Time": 1141.568,
          "Actual Total Time": 1212.144,
          "Actual Rows": 7,
          "Actual Loops": 1,
          "Workers Planned": 6,
          "Workers Launched": 6,
          "Single Copy": false,
          "Plans": [
            {
              "Node Type": "Aggregate",
              "Strategy": "Plain",
              "Partial Mode": "Partial",
              "Parent Relationship": "Outer",
              "Parallel Aware": false,
              "Startup Cost": 436738.81,
              "Total Cost": 436738.82,
              "Plan Rows": 1,
              "Plan Width": 8,
              "Actual Startup Time": 1128.371,
              "Actual Total Time": 1128.666,
              "Actual Rows": 1,
              "Actual Loops": 7,
              "Plans": [
                {
                  "Node Type": "Hash Join",
                  "Parent Relationship": "Outer",
                  "Parallel Aware": true,
                  "Join Type": "Inner",
                  "Startup Cost": 87533.86,
                  "Total Cost": 435255.61,
                  "Plan Rows": 593278,
                  "Plan Width": 0,
                  "Actual Startup Time": 926.601,
                  "Actual Total Time": 1116.461,
                  "Actual Rows": 205962,
                  "Actual Loops": 7,
                  "Inner Unique": false,
                  "Hash Cond": "(ci.movie_id = t.id)",
                  "Plans": [
                    {
                      "Node Type": "Index Scan",
                      "Parent Relationship": "Outer",
                      "Parallel Aware": true,
                      "Scan Direction": "Forward",
                      "Index Name": "role_id_cast_info",
                      "Relation Name": "cast_info",
                      "Alias": "ci",
                      "Startup Cost": 0.56,
                      "Total Cost": 341155.22,
                      "Plan Rows": 1240878,
                      "Plan Width": 4,
                      "Actual Startup Time": 397.094,
                      "Actual Total Time": 469.023,
                      "Actual Rows": 252185,
                      "Actual Loops": 7,
                      "Index Cond": "(role_id = 1)",
                      "Rows Removed by Index Recheck": 0,
                      "Filter": "(person_id > 1493626)",
                      "Rows Removed by Filter": 1557914
                    },
                    {
                      "Node Type": "Hash",
                      "Parent Relationship": "Inner",
                      "Parallel Aware": true,
                      "Startup Cost": 82658.84,
                      "Total Cost": 82658.84,
                      "Plan Rows": 389957,
                      "Plan Width": 8,
                      "Actual Startup Time": 524.974,
                      "Actual Total Time": 525.267,
                      "Actual Rows": 182859,
                      "Actual Loops": 7,
                      "Hash Buckets": 2097152,
                      "Original Hash Buckets": 2097152,
                      "Hash Batches": 1,
                      "Original Hash Batches": 1,
                      "Peak Memory Usage": 66560,
                      "Plans": [
                        {
                          "Node Type": "Hash Join",
                          "Parent Relationship": "Outer",
                          "Parallel Aware": true,
                          "Join Type": "Inner",
                          "Startup Cost": 50220.38,
                          "Total Cost": 82658.84,
                          "Plan Rows": 389957,
                          "Plan Width": 8,
                          "Actual Startup Time": 316.862,
                          "Actual Total Time": 438.308,
                          "Actual Rows": 182859,
                          "Actual Loops": 7,
                          "Inner Unique": true,
                          "Hash Cond": "(mc.movie_id = t.id)",
                          "Plans": [
                            {
                              "Node Type": "Seq Scan",
                              "Parent Relationship": "Outer",
                              "Parallel Aware": true,
                              "Relation Name": "movie_companies",
                              "Alias": "mc",
                              "Startup Cost": 0.0,
                              "Total Cost": 31414.82,
                              "Plan Rows": 389957,
                              "Plan Width": 4,
                              "Actual Startup Time": 26.434,
                              "Actual Total Time": 60.418,
                              "Actual Rows": 182859,
                              "Actual Loops": 7,
                              "Filter": "((company_id > 93) AND (company_type_id = 2))",
                              "Rows Removed by Filter": 189873
                            },
                            {
                              "Node Type": "Hash",
                              "Parent Relationship": "Inner",
                              "Parallel Aware": true,
                              "Startup Cost": 42319.06,
                              "Total Cost": 42319.06,
                              "Plan Rows": 632106,
                              "Plan Width": 4,
                              "Actual Startup Time": 286.148,
                              "Actual Total Time": 286.15,
                              "Actual Rows": 361187,
                              "Actual Loops": 7,
                              "Hash Buckets": 4194304,
                              "Original Hash Buckets": 4194304,
                              "Hash Batches": 1,
                              "Original Hash Batches": 1,
                              "Peak Memory Usage": 131808,
                              "Plans": [
                                {
                                  "Node Type": "Seq Scan",
                                  "Parent Relationship": "Outer",
                                  "Parallel Aware": true,
                                  "Relation Name": "title",
                                  "Alias": "t",
                                  "Startup Cost": 0.0,
                                  "Total Cost": 42319.06,
                                  "Plan Rows": 632106,
                                  "Plan Width": 4,
                                  "Actual Startup Time": 0.055,
                                  "Actual Total Time": 82.939,
                                  "Actual Rows": 361187,
                                  "Actual Loops": 7
                                }
                              ]
                            }
                          ]
                        }
                      ]
                    }
                  ]
                }
              ]
            }
          ]
        }
      ]
    },
    "Planning Time": 0.967,
    "Triggers": [],
    "Execution Time": 1212.243
  }
]