[
  {
    "Plan": {
      "Node Type": "Aggregate",
      "Strategy": "Plain",
      "Partial Mode": "Finalize",
      "Parallel Aware": false,
      "Startup Cost": 33302.33,
      "Total Cost": 33302.34,
      "Plan Rows": 1,
      "Plan Width": 8,
      "Actual Startup Time": 138.702,
      "Actual Total Time": 151.439,
      "Actual Rows": 1,
      "Actual Loops": 1,
      "Plans": [
        {
          "Node Type": "Gather",
          "Parent Relationship": "Outer",
          "Parallel Aware": false,
          "Startup Cost": 33302.01,
          "Total Cost": 33302.32,
          "Plan Rows": 3,
          "Plan Width": 8,
          "Actual Startup Time": 138.556,
          "Actual Total Time": 151.426,
          "Actual Rows": 4,
          "Actual Loops": 1,
          "Workers Planned": 3,
          "Workers Launched": 3,
          "Single Copy": false,
          "Plans": [
            {
              "Node Type": "Aggregate",
              "Strategy": "Plain",
              "Partial Mode": "Partial",
              "Parent Relationship": "Outer",
              "Parallel Aware": false,
              "Startup Cost": 32302.01,
              "Total Cost": 32302.02,
              "Plan Rows": 1,
              "Plan Width": 8,
              "Actual Startup Time": 130.952,
              "Actual Total Time": 130.953,
              "Actual Rows": 1,
              "Actual Loops": 4,
              "Plans": [
                {
                  "Node Type": "Seq Scan",
                  "Parent Relationship": "Outer",
                  "Parallel Aware": true,
                  "Relation Name": "movie_companies",
                  "Alias": "mc",
                  "Startup Cost": 0.0,
                  "Total Cost": 31414.82,
                  "Plan Rows": 354878,
                  "Plan Width": 0,
                  "Actual Startup Time": 54.473,
                  "Actual Total Time": 110.71,
                  "Actual Rows": 306541,
                  "Actual Loops": 4,
                  "Filter": "((company_id > 352) AND (company_type_id > 1))",
                  "Rows Removed by Filter": 345741
                }
              ]
            }
          ]
        }
      ]
    },
    "Planning Time": 0.223,
    "Triggers": [],
    "Execution Time": 151.507
  }
]