[
  {
    "Plan": {
      "Node Type": "Aggregate",
      "Strategy": "Plain",
      "Partial Mode": "Finalize",
      "Parallel Aware": false,
      "Startup Cost": 60146.3,
      "Total Cost": 60146.31,
      "Plan Rows": 1,
      "Plan Width": 8,
      "Actual Startup Time": 186.102,
      "Actual Total Time": 199.401,
      "Actual Rows": 1,
      "Actual Loops": 1,
      "Plans": [
        {
          "Node Type": "Gather",
          "Parent Relationship": "Outer",
          "Parallel Aware": false,
          "Startup Cost": 60146.09,
          "Total Cost": 60146.3,
          "Plan Rows": 2,
          "Plan Width": 8,
          "Actual Startup Time": 185.921,
          "Actual Total Time": 199.393,
          "Actual Rows": 3,
          "Actual Loops": 1,
          "Workers Planned": 2,
          "Workers Launched": 2,
          "Single Copy": false,
          "Plans": [
            {
              "Node Type": "Aggregate",
              "Strategy": "Plain",
              "Partial Mode": "Partial",
              "Parent Relationship": "Outer",
              "Parallel Aware": false,
              "Startup Cost": 59146.09,
              "Total Cost": 59146.1,
              "Plan Rows": 1,
              "Plan Width": 8,
              "Actual Startup Time": 178.503,
              "Actual Total Time": 178.506,
              "Actual Rows": 1,
              "Actual Loops": 3,
              "Plans": [
                {
                  "Node Type": "Hash Join",
                  "Parent Relationship": "Outer",
                  "Parallel Aware": true,
                  "Join Type": "Inner",
                  "Startup Cost": 43943.43,
                  "Total Cost": 59137.99,
                  "Plan Rows": 3239,
                  "Plan Width": 0,
                  "Actual Startup Time": 109.48,
                  "Actual Total Time": 178.304,
                  "Actual Rows": 3569,
                  "Actual Loops": 3,
                  "Inner Unique": true,
                  "Hash Cond": "(mi_idx.movie_id = t.id)",
                  "Plans": [
                    {
                      "Node Type": "Seq Scan",
                      "Parent Relationship": "Outer",
                      "Parallel Aware": true,
                      "Relation Name": "movie_info_idx",
                      "Alias": "mi_idx",
                      "Startup Cost": 0.0,
                      "Total Cost": 13685.15,
                      "Plan Rows": 575015,
                      "Plan Width": 4,
                      "Actual Startup Time": 0.023,
                      "Actual Total Time": 34.334,
                      "Actual Rows": 460012,
                      "Actual Loops": 3
                    },
                    {
                      "Node Type": "Hash",
                      "Parent Relationship": "Inner",
                      "Parallel Aware": true,
                      "Startup Cost": 43898.92,
                      "Total Cost": 43898.92,
                      "Plan Rows": 3561,
                      "Plan Width": 4,
                      "Actual Startup Time": 108.086,
                      "Actual Total Time": 108.087,
                      "Actual Rows": 4819,
                      "Actual Loops": 3,
                      "Hash Buckets": 16384,
                      "Original Hash Buckets": 16384,
                      "Hash Batches": 1,
                      "Original Hash Batches": 1,
                      "Peak Memory Usage": 736,
                      "Plans": [
                        {
                          "Node Type": "Seq Scan",
                          "Parent Relationship": "Outer",
                          "Parallel Aware": true,
                          "Relation Name": "title",
                          "Alias": "t",
                          "Startup Cost": 0.0,
                          "Total Cost": 43898.92,
                          "Plan Rows": 3561,
                          "Plan Width": 4,
                          "Actual Startup Time": 0.174,
                          "Actual Total Time": 105.651,
                          "Actual Rows": 4819,
                          "Actual Loops": 3,
                          "Filter": "(production_year = 1981)",
                          "Rows Removed by Filter": 837952
                        }
                      ]
                    }
                  ]
                }
              ]
            }
          ]
        }
      ]
    },
    "Planning Time": 0.546,
    "Triggers": [],
    "Execution Time": 199.469
  }
]