[
  {
    "Plan": {
      "Node Type": "Aggregate",
      "Strategy": "Plain",
      "Partial Mode": "Finalize",
      "Parallel Aware": false,
      "Startup Cost": 238785.97,
      "Total Cost": 238785.98,
      "Plan Rows": 1,
      "Plan Width": 8,
      "Actual Startup Time": 681.832,
      "Actual Total Time": 721.702,
      "Actual Rows": 1,
      "Actual Loops": 1,
      "Plans": [
        {
          "Node Type": "Gather",
          "Parent Relationship": "Outer",
          "Parallel Aware": false,
          "Startup Cost": 238785.45,
          "Total Cost": 238785.96,
          "Plan Rows": 5,
          "Plan Width": 8,
          "Actual Startup Time": 681.223,
          "Actual Total Time": 721.69,
          "Actual Rows": 6,
          "Actual Loops": 1,
          "Workers Planned": 5,
          "Workers Launched": 5,
          "Single Copy": false,
          "Plans": [
            {
              "Node Type": "Aggregate",
              "Strategy": "Plain",
              "Partial Mode": "Partial",
              "Parent Relationship": "Outer",
              "Parallel Aware": false,
              "Startup Cost": 237785.45,
              "Total Cost": 237785.46,
              "Plan Rows": 1,
              "Plan Width": 8,
              "Actual Startup Time": 670.684,
              "Actual Total Time": 670.687,
              "Actual Rows": 1,
              "Actual Loops": 6,
              "Plans": [
                {
                  "Node Type": "Hash Join",
                  "Parent Relationship": "Outer",
                  "Parallel Aware": true,
                  "Join Type": "Inner",
                  "Startup Cost": 38343.37,
                  "Total Cost": 237665.14,
                  "Plan Rows": 48126,
                  "Plan Width": 0,
                  "Actual Startup Time": 65.041,
                  "Actual Total Time": 666.563,
                  "Actual Rows": 69479,
                  "Actual Loops": 6,
                  "Inner Unique": true,
                  "Hash Cond": "(mi.movie_id = t.id)",
                  "Plans": [
                    {
                      "Node Type": "Seq Scan",
                      "Parent Relationship": "Outer",
                      "Parallel Aware": true,
                      "Relation Name": "movie_info",
                      "Alias": "mi",
                      "Startup Cost": 0.0,
                      "Total Cost": 191560.33,
                      "Plan Rows": 2956733,
                      "Plan Width": 4,
                      "Actual Startup Time": 0.026,
                      "Actual Total Time": 316.442,
                      "Actual Rows": 2472620,
                      "Actual Loops": 6
                    },
                    {
                      "Node Type": "Hash",
                      "Parent Relationship": "Inner",
                      "Parallel Aware": true,
                      "Startup Cost": 38214.77,
                      "Total Cost": 38214.77,
                      "Plan Rows": 10288,
                      "Plan Width": 4,
                      "Actual Startup Time": 53.993,
                      "Actual Total Time": 53.995,
                      "Actual Rows": 8983,
                      "Actual Loops": 6,
                      "Hash Buckets": 65536,
                      "Original Hash Buckets": 65536,
                      "Hash Batches": 1,
                      "Original Hash Batches": 1,
                      "Peak Memory Usage": 2720,
                      "Plans": [
                        {
                          "Node Type": "Bitmap Heap Scan",
                          "Parent Relationship": "Outer",
                          "Parallel Aware": true,
                          "Relation Name": "title",
                          "Alias": "t",
                          "Startup Cost": 1833.42,
                          "Total Cost": 38214.77,
                          "Plan Rows": 10288,
                          "Plan Width": 4,
                          "Actual Startup Time": 13.963,
                          "Actual Total Time": 49.001,
                          "Actual Rows": 8983,
                          "Actual Loops": 6,
                          "Recheck Cond": "(kind_id = 3)",
                          "Rows Removed by Index Recheck": 0,
                          "Filter": "(production_year < 2000)",
                          "Rows Removed by Filter": 7773,
                          "Exact Heap Blocks": 5844,
                          "Lossy Heap Blocks": 0,
                          "Plans": [
                            {
                              "Node Type": "Bitmap Index Scan",
                              "Parent Relationship": "Outer",
                              "Parallel Aware": false,
                              "Index Name": "kind_id_title",
                              "Startup Cost": 0.0,
                              "Total Cost": 1823.13,
                              "Plan Rows": 102227,
                              "Plan Width": 0,
                              "Actual Startup Time": 15.252,
                              "Actual Total Time": 15.252,
                              "Actual Rows": 100537,
                              "Actual Loops": 1,
                              "Index Cond": "(kind_id = 3)"
                            }
                          ]
                        }
                      ]
                    }
                  ]
                }
              ]
            }
          ]
        }
      ]
    },
    "Planning Time": 0.689,
    "Triggers": [],
    "Execution Time": 721.814
  }
]