[
  {
    "Plan": {
      "Node Type": "Aggregate",
      "Strategy": "Plain",
      "Partial Mode": "Finalize",
      "Parallel Aware": false,
      "Startup Cost": 451264.38,
      "Total Cost": 451264.39,
      "Plan Rows": 1,
      "Plan Width": 8,
      "Actual Startup Time": 3349.65,
      "Actual Total Time": 3406.059,
      "Actual Rows": 1,
      "Actual Loops": 1,
      "Plans": [
        {
          "Node Type": "Gather",
          "Parent Relationship": "Outer",
          "Parallel Aware": false,
          "Startup Cost": 451263.76,
          "Total Cost": 451264.37,
          "Plan Rows": 6,
          "Plan Width": 8,
          "Actual Startup Time": 3329.019,
          "Actual Total Time": 3406.049,
          "Actual Rows": 7,
          "Actual Loops": 1,
          "Workers Planned": 6,
          "Workers Launched": 6,
          "Single Copy": false,
          "Plans": [
            {
              "Node Type": "Aggregate",
              "Strategy": "Plain",
              "Partial Mode": "Partial",
              "Parent Relationship": "Outer",
              "Parallel Aware": false,
              "Startup Cost": 450263.76,
              "Total Cost": 450263.77,
              "Plan Rows": 1,
              "Plan Width": 8,
              "Actual Startup Time": 3312.108,
              "Actual Total Time": 3312.114,
              "Actual Rows": 1,
              "Actual Loops": 7,
              "Plans": [
                {
                  "Node Type": "Hash Join",
                  "Parent Relationship": "Outer",
                  "Parallel Aware": true,
                  "Join Type": "Inner",
                  "Startup Cost": 85500.2,
                  "Total Cost": 442119.28,
                  "Plan Rows": 3257793,
                  "Plan Width": 0,
                  "Actual Startup Time": 599.78,
                  "Actual Total Time": 3025.865,
                  "Actual Rows": 6192112,
                  "Actual Loops": 7,
                  "Inner Unique": false,
                  "Hash Cond": "(ci.movie_id = t.id)",
                  "Plans": [
                    {
                      "Node Type": "Seq Scan",
                      "Parent Relationship": "Outer",
                      "Parallel Aware": true,
                      "Relation Name": "cast_info",
                      "Alias": "ci",
                      "Startup Cost": 0.0,
                      "Total Cost": 328211.39,
                      "Plan Rows": 4772980,
                      "Plan Width": 4,
                      "Actual Startup Time": 101.399,
                      "Actual Total Time": 672.236,
                      "Actual Rows": 4071475,
                      "Actual Loops": 7,
                      "Filter": "(person_id > 753282)",
                      "Rows Removed by Filter": 1106288
                    },
                    {
                      "Node Type": "Hash",
                      "Parent Relationship": "Inner",
                      "Parallel Aware": true,
                      "Startup Cost": 78541.44,
                      "Total Cost": 78541.44,
                      "Plan Rows": 556701,
                      "Plan Width": 8,
                      "Actual Startup Time": 493.379,
                      "Actual Total Time": 493.383,
                      "Actual Rows": 279173,
                      "Actual Loops": 7,
                      "Hash Buckets": 2097152,
                      "Original Hash Buckets": 2097152,
                      "Hash Batches": 1,
                      "Original Hash Batches": 1,
                      "Peak Memory Usage": 92960,
                      "Plans": [
                        {
                          "Node Type": "Hash Join",
                          "Parent Relationship": "Outer",
                          "Parallel Aware": true,
                          "Join Type": "Inner",
                          "Startup Cost": 49125.55,
                          "Total Cost": 78541.44,
                          "Plan Rows": 556701,
                          "Plan Width": 8,
                          "Actual Startup Time": 203.78,
                          "Actual Total Time": 375.692,
                          "Actual Rows": 279173,
                          "Actual Loops": 7,
                          "Inner Unique": true,
                          "Hash Cond": "(mc.movie_id = t.id)",
                          "Plans": [
                            {
                              "Node Type": "Seq Scan",
                              "Parent Relationship": "Outer",
                              "Parallel Aware": true,
                              "Relation Name": "movie_companies",
                              "Alias": "mc",
                              "Startup Cost": 0.0,
                              "Total Cost": 27206.55,
                              "Plan Rows": 841655,
                              "Plan Width": 4,
                              "Actual Startup Time": 0.013,
                              "Actual Total Time": 43.262,
                              "Actual Rows": 372733,
                              "Actual Loops": 7
                            },
                            {
                              "Node Type": "Hash",
                              "Parent Relationship": "Inner",
                              "Parallel Aware": true,
                              "Startup Cost": 43899.32,
                              "Total Cost": 43899.32,
                              "Plan Rows": 418098,
                              "Plan Width": 4,
                              "Actual Startup Time": 201.284,
                              "Actual Total Time": 201.286,
                              "Actual Rows": 238756,
                              "Actual Loops": 7,
                              "Hash Buckets": 2097152,
                              "Original Hash Buckets": 2097152,
                              "Hash Batches": 1,
                              "Original Hash Batches": 1,
                              "Peak Memory Usage": 81856,
                              "Plans": [
                                {
                                  "Node Type": "Seq Scan",
                                  "Parent Relationship": "Outer",
                                  "Parallel Aware": true,
                                  "Relation Name": "title",
                                  "Alias": "t",
                                  "Startup Cost": 0.0,
                                  "Total Cost": 43899.32,
                                  "Plan Rows": 418098,
                                  "Plan Width": 4,
                                  "Actual Startup Time": 0.054,
                                  "Actual Total Time": 83.278,
                                  "Actual Rows": 238756,
                                  "Actual Loops": 7,
                                  "Filter": "(production_year < 2008)",
                                  "Rows Removed by Filter": 122431
                                }
                              ]
                            }
                          ]
                        }
                      ]
                    }
                  ]
                }
              ]
            }
          ]
        }
      ]
    },
    "Planning Time": 1.419,
    "Triggers": [],
    "Execution Time": 3406.178
  }
]