{
    "Plan": {
        "Node Type": "Aggregate",
        "Strategy": "Plain",
        "Partial Mode": "Finalize",
        "Parallel Aware": false,
        "Startup Cost": 424258.38,
        "Total Cost": 424258.39,
        "Plan Rows": 1,
        "Plan Width": 8,
        "Actual Startup Time": 1682.497,
        "Actual Total Time": 1733.235,
        "Actual Rows": 1,
        "Actual Loops": 1,
        "Output": [
            "count(*)"
        ],
        "Plans": [
            {
                "Node Type": "Gather",
                "Parent Relationship": "Outer",
                "Parallel Aware": false,
                "Startup Cost": 424257.75,
                "Total Cost": 424258.36,
                "Plan Rows": 6,
                "Plan Width": 8,
                "Actual Startup Time": 1671.023,
                "Actual Total Time": 1733.223,
                "Actual Rows": 7,
                "Actual Loops": 1,
                "Output": [
                    "(PARTIAL count(*))"
                ],
                "Workers Planned": 6,
                "Workers Launched": 6,
                "Single Copy": false,
                "Plans": [
                    {
                        "Node Type": "Aggregate",
                        "Strategy": "Plain",
                        "Partial Mode": "Partial",
                        "Parent Relationship": "Outer",
                        "Parallel Aware": false,
                        "Startup Cost": 423257.75,
                        "Total Cost": 423257.76,
                        "Plan Rows": 1,
                        "Plan Width": 8,
                        "Actual Startup Time": 1659.743,
                        "Actual Total Time": 1659.975,
                        "Actual Rows": 1,
                        "Actual Loops": 7,
                        "Output": [
                            "PARTIAL count(*)"
                        ],
                        "Workers": [
                            {
                                "Worker Number": 0,
                                "Actual Startup Time": 1657.339,
                                "Actual Total Time": 1657.344,
                                "Actual Rows": 1,
                                "Actual Loops": 1
                            },
                            {
                                "Worker Number": 1,
                                "Actual Startup Time": 1657.591,
                                "Actual Total Time": 1657.596,
                                "Actual Rows": 1,
                                "Actual Loops": 1
                            },
                            {
                                "Worker Number": 2,
                                "Actual Startup Time": 1657.902,
                                "Actual Total Time": 1657.907,
                                "Actual Rows": 1,
                                "Actual Loops": 1
                            },
                            {
                                "Worker Number": 3,
                                "Actual Startup Time": 1658.027,
                                "Actual Total Time": 1658.033,
                                "Actual Rows": 1,
                                "Actual Loops": 1
                            },
                            {
                                "Worker Number": 4,
                                "Actual Startup Time": 1659.168,
                                "Actual Total Time": 1659.175,
                                "Actual Rows": 1,
                                "Actual Loops": 1
                            },
                            {
                                "Worker Number": 5,
                                "Actual Startup Time": 1658.144,
                                "Actual Total Time": 1658.15,
                                "Actual Rows": 1,
                                "Actual Loops": 1
                            }
                        ],
                        "Plans": [
                            {
                                "Node Type": "Hash Join",
                                "Parent Relationship": "Outer",
                                "Parallel Aware": true,
                                "Join Type": "Inner",
                                "Startup Cost": 65131.45,
                                "Total Cost": 421704.67,
                                "Plan Rows": 621232,
                                "Plan Width": 0,
                                "Actual Startup Time": 476.283,
                                "Actual Total Time": 1599.091,
                                "Actual Rows": 1257436,
                                "Actual Loops": 7,
                                "Inner Unique": false,
                                "Hash Cond": "(ci.movie_id = t.id)",
                                "Workers": [
                                    {
                                        "Worker Number": 0,
                                        "Actual Startup Time": 474.106,
                                        "Actual Total Time": 1593.636,
                                        "Actual Rows": 982197,
                                        "Actual Loops": 1
                                    },
                                    {
                                        "Worker Number": 1,
                                        "Actual Startup Time": 474.242,
                                        "Actual Total Time": 1594.134,
                                        "Actual Rows": 983699,
                                        "Actual Loops": 1
                                    },
                                    {
                                        "Worker Number": 2,
                                        "Actual Startup Time": 474.542,
                                        "Actual Total Time": 1601.967,
                                        "Actual Rows": 1392742,
                                        "Actual Loops": 1
                                    },
                                    {
                                        "Worker Number": 3,
                                        "Actual Startup Time": 474.726,
                                        "Actual Total Time": 1599.487,
                                        "Actual Rows": 1436729,
                                        "Actual Loops": 1
                                    },
                                    {
                                        "Worker Number": 4,
                                        "Actual Startup Time": 474.824,
                                        "Actual Total Time": 1594.781,
                                        "Actual Rows": 993732,
                                        "Actual Loops": 1
                                    },
                                    {
                                        "Worker Number": 5,
                                        "Actual Startup Time": 474.858,
                                        "Actual Total Time": 1601.797,
                                        "Actual Rows": 1400059,
                                        "Actual Loops": 1
                                    }
                                ],
                                "Plans": [
                                    {
                                        "Node Type": "Seq Scan",
                                        "Parent Relationship": "Outer",
                                        "Parallel Aware": true,
                                        "Relation Name": "cast_info",
                                        "Schema": "public",
                                        "Alias": "ci",
                                        "Startup Cost": 0.0,
                                        "Total Cost": 343318.94,
                                        "Plan Rows": 2844216,
                                        "Plan Width": 4,
                                        "Actual Startup Time": 222.912,
                                        "Actual Total Time": 745.036,
                                        "Actual Rows": 2970499,
                                        "Actual Loops": 7,
                                        "Output": [
                                            "ci.id",
                                            "ci.person_id",
                                            "ci.movie_id",
                                            "ci.person_role_id",
                                            "ci.note",
                                            "ci.nr_order",
                                            "ci.role_id"
                                        ],
                                        "Filter": "((ci.person_id > 975944) AND (ci.role_id > 1))",
                                        "Rows Removed by Filter": 2207265,
                                        "Workers": [
                                            {
                                                "Worker Number": 0,
                                                "Actual Startup Time": 222.926,
                                                "Actual Total Time": 756.86,
                                                "Actual Rows": 2318176,
                                                "Actual Loops": 1
                                            },
                                            {
                                                "Worker Number": 1,
                                                "Actual Startup Time": 222.904,
                                                "Actual Total Time": 756.023,
                                                "Actual Rows": 2330099,
                                                "Actual Loops": 1
                                            },
                                            {
                                                "Worker Number": 2,
                                                "Actual Startup Time": 222.919,
                                                "Actual Total Time": 743.854,
                                                "Actual Rows": 3335018,
                                                "Actual Loops": 1
                                            },
                                            {
                                                "Worker Number": 3,
                                                "Actual Startup Time": 222.928,
                                                "Actual Total Time": 740.072,
                                                "Actual Rows": 3346318,
                                                "Actual Loops": 1
                                            },
                                            {
                                                "Worker Number": 4,
                                                "Actual Startup Time": 222.855,
                                                "Actual Total Time": 759.97,
                                                "Actual Rows": 2310090,
                                                "Actual Loops": 1
                                            },
                                            {
                                                "Worker Number": 5,
                                                "Actual Startup Time": 222.927,
                                                "Actual Total Time": 747.011,
                                                "Actual Rows": 3315598,
                                                "Actual Loops": 1
                                            }
                                        ]
                                    },
                                    {
                                        "Node Type": "Hash",
                                        "Parent Relationship": "Inner",
                                        "Parallel Aware": true,
                                        "Startup Cost": 62255.23,
                                        "Total Cost": 62255.23,
                                        "Plan Rows": 230098,
                                        "Plan Width": 8,
                                        "Actual Startup Time": 249.955,
                                        "Actual Total Time": 250.186,
                                        "Actual Rows": 61535,
                                        "Actual Loops": 7,
                                        "Output": [
                                            "t.id",
                                            "mi_idx.movie_id"
                                        ],
                                        "Hash Buckets": 1048576,
                                        "Original Hash Buckets": 1048576,
                                        "Hash Batches": 1,
                                        "Original Hash Batches": 1,
                                        "Peak Memory Usage": 25120,
                                        "Workers": [
                                            {
                                                "Worker Number": 0,
                                                "Actual Startup Time": 250.405,
                                                "Actual Total Time": 250.409,
                                                "Actual Rows": 50468,
                                                "Actual Loops": 1
                                            },
                                            {
                                                "Worker Number": 1,
                                                "Actual Startup Time": 250.565,
                                                "Actual Total Time": 250.569,
                                                "Actual Rows": 50217,
                                                "Actual Loops": 1
                                            },
                                            {
                                                "Worker Number": 2,
                                                "Actual Startup Time": 250.87,
                                                "Actual Total Time": 250.874,
                                                "Actual Rows": 67777,
                                                "Actual Loops": 1
                                            },
                                            {
                                                "Worker Number": 3,
                                                "Actual Startup Time": 251.068,
                                                "Actual Total Time": 251.072,
                                                "Actual Rows": 70304,
                                                "Actual Loops": 1
                                            },
                                            {
                                                "Worker Number": 4,
                                                "Actual Startup Time": 250.963,
                                                "Actual Total Time": 250.968,
                                                "Actual Rows": 48056,
                                                "Actual Loops": 1
                                            },
                                            {
                                                "Worker Number": 5,
                                                "Actual Startup Time": 251.051,
                                                "Actual Total Time": 251.055,
                                                "Actual Rows": 67138,
                                                "Actual Loops": 1
                                            }
                                        ],
                                        "Plans": [
                                            {
                                                "Node Type": "Hash Join",
                                                "Parent Relationship": "Outer",
                                                "Parallel Aware": true,
                                                "Join Type": "Inner",
                                                "Startup Cost": 47060.67,
                                                "Total Cost": 62255.23,
                                                "Plan Rows": 230098,
                                                "Plan Width": 8,
                                                "Actual Startup Time": 157.54,
                                                "Actual Total Time": 224.725,
                                                "Actual Rows": 61535,
                                                "Actual Loops": 7,
                                                "Output": [
                                                    "t.id",
                                                    "mi_idx.movie_id"
                                                ],
                                                "Inner Unique": true,
                                                "Hash Cond": "(mi_idx.movie_id = t.id)",
                                                "Workers": [
                                                    {
                                                        "Worker Number": 0,
                                                        "Actual Startup Time": 157.551,
                                                        "Actual Total Time": 224.593,
                                                        "Actual Rows": 50468,
                                                        "Actual Loops": 1
                                                    },
                                                    {
                                                        "Worker Number": 1,
                                                        "Actual Startup Time": 157.532,
                                                        "Actual Total Time": 223.679,
                                                        "Actual Rows": 50217,
                                                        "Actual Loops": 1
                                                    },
                                                    {
                                                        "Worker Number": 2,
                                                        "Actual Startup Time": 157.35,
                                                        "Actual Total Time": 224.757,
                                                        "Actual Rows": 67777,
                                                        "Actual Loops": 1
                                                    },
                                                    {
                                                        "Worker Number": 3,
                                                        "Actual Startup Time": 157.465,
                                                        "Actual Total Time": 224.478,
                                                        "Actual Rows": 70304,
                                                        "Actual Loops": 1
                                                    },
                                                    {
                                                        "Worker Number": 4,
                                                        "Actual Startup Time": 157.502,
                                                        "Actual Total Time": 225.573,
                                                        "Actual Rows": 48056,
                                                        "Actual Loops": 1
                                                    },
                                                    {
                                                        "Worker Number": 5,
                                                        "Actual Startup Time": 157.76,
                                                        "Actual Total Time": 224.267,
                                                        "Actual Rows": 67138,
                                                        "Actual Loops": 1
                                                    }
                                                ],
                                                "Plans": [
                                                    {
                                                        "Node Type": "Seq Scan",
                                                        "Parent Relationship": "Outer",
                                                        "Parallel Aware": true,
                                                        "Relation Name": "movie_info_idx",
                                                        "Schema": "public",
                                                        "Alias": "mi_idx",
                                                        "Startup Cost": 0.0,
                                                        "Total Cost": 13685.15,
                                                        "Plan Rows": 575015,
                                                        "Plan Width": 4,
                                                        "Actual Startup Time": 0.026,
                                                        "Actual Total Time": 21.128,
                                                        "Actual Rows": 197148,
                                                        "Actual Loops": 7,
                                                        "Output": [
                                                            "mi_idx.id",
                                                            "mi_idx.movie_id",
                                                            "mi_idx.info_type_id",
                                                            "mi_idx.info",
                                                            "mi_idx.note"
                                                        ],
                                                        "Workers": [
                                                            {
                                                                "Worker Number": 0,
                                                                "Actual Startup Time": 0.046,
                                                                "Actual Total Time": 22.434,
                                                                "Actual Rows": 160364,
                                                                "Actual Loops": 1
                                                            },
                                                            {
                                                                "Worker Number": 1,
                                                                "Actual Startup Time": 0.043,
                                                                "Actual Total Time": 22.203,
                                                                "Actual Rows": 157939,
                                                                "Actual Loops": 1
                                                            },
                                                            {
                                                                "Worker Number": 2,
                                                                "Actual Startup Time": 0.024,
                                                                "Actual Total Time": 21.021,
                                                                "Actual Rows": 219299,
                                                                "Actual Loops": 1
                                                            },
                                                            {
                                                                "Worker Number": 3,
                                                                "Actual Startup Time": 0.028,
                                                                "Actual Total Time": 21.194,
                                                                "Actual Rows": 226801,
                                                                "Actual Loops": 1
                                                            },
                                                            {
                                                                "Worker Number": 4,
                                                                "Actual Startup Time": 0.015,
                                                                "Actual Total Time": 22.502,
                                                                "Actual Rows": 154722,
                                                                "Actual Loops": 1
                                                            },
                                                            {
                                                                "Worker Number": 5,
                                                                "Actual Startup Time": 0.012,
                                                                "Actual Total Time": 20.797,
                                                                "Actual Rows": 214631,
                                                                "Actual Loops": 1
                                                            }
                                                        ]
                                                    },
                                                    {
                                                        "Node Type": "Hash",
                                                        "Parent Relationship": "Inner",
                                                        "Parallel Aware": true,
                                                        "Startup Cost": 43899.01,
                                                        "Total Cost": 43899.01,
                                                        "Plan Rows": 252933,
                                                        "Plan Width": 4,
                                                        "Actual Startup Time": 155.744,
                                                        "Actual Total Time": 155.745,
                                                        "Actual Rows": 144703,
                                                        "Actual Loops": 7,
                                                        "Output": [
                                                            "t.id"
                                                        ],
                                                        "Hash Buckets": 1048576,
                                                        "Original Hash Buckets": 1048576,
                                                        "Hash Batches": 1,
                                                        "Original Hash Batches": 1,
                                                        "Peak Memory Usage": 47904,
                                                        "Workers": [
                                                            {
                                                                "Worker Number": 0,
                                                                "Actual Startup Time": 157.171,
                                                                "Actual Total Time": 157.172,
                                                                "Actual Rows": 113145,
                                                                "Actual Loops": 1
                                                            },
                                                            {
                                                                "Worker Number": 1,
                                                                "Actual Startup Time": 157.179,
                                                                "Actual Total Time": 157.18,
                                                                "Actual Rows": 116433,
                                                                "Actual Loops": 1
                                                            },
                                                            {
                                                                "Worker Number": 2,
                                                                "Actual Startup Time": 157.249,
                                                                "Actual Total Time": 157.25,
                                                                "Actual Rows": 142984,
                                                                "Actual Loops": 1
                                                            },
                                                            {
                                                                "Worker Number": 3,
                                                                "Actual Startup Time": 157.125,
                                                                "Actual Total Time": 157.126,
                                                                "Actual Rows": 144677,
                                                                "Actual Loops": 1
                                                            },
                                                            {
                                                                "Worker Number": 4,
                                                                "Actual Startup Time": 157.171,
                                                                "Actual Total Time": 157.172,
                                                                "Actual Rows": 115102,
                                                                "Actual Loops": 1
                                                            },
                                                            {
                                                                "Worker Number": 5,
                                                                "Actual Startup Time": 157.12,
                                                                "Actual Total Time": 157.121,
                                                                "Actual Rows": 141492,
                                                                "Actual Loops": 1
                                                            }
                                                        ],
                                                        "Plans": [
                                                            {
                                                                "Node Type": "Seq Scan",
                                                                "Parent Relationship": "Outer",
                                                                "Parallel Aware": true,
                                                                "Relation Name": "title",
                                                                "Schema": "public",
                                                                "Alias": "t",
                                                                "Startup Cost": 0.0,
                                                                "Total Cost": 43899.01,
                                                                "Plan Rows": 252933,
                                                                "Plan Width": 4,
                                                                "Actual Startup Time": 0.074,
                                                                "Actual Total Time": 81.95,
                                                                "Actual Rows": 144703,
                                                                "Actual Loops": 7,
                                                                "Output": [
                                                                    "t.id"
                                                                ],
                                                                "Filter": "(t.production_year > 2005)",
                                                                "Rows Removed by Filter": 216485,
                                                                "Workers": [
                                                                    {
                                                                        "Worker Number": 0,
                                                                        "Actual Startup Time": 0.087,
                                                                        "Actual Total Time": 85.05,
                                                                        "Actual Rows": 113145,
                                                                        "Actual Loops": 1
                                                                    },
                                                                    {
                                                                        "Worker Number": 1,
                                                                        "Actual Startup Time": 0.087,
                                                                        "Actual Total Time": 86.301,
                                                                        "Actual Rows": 116433,
                                                                        "Actual Loops": 1
                                                                    },
                                                                    {
                                                                        "Worker Number": 2,
                                                                        "Actual Startup Time": 0.076,
                                                                        "Actual Total Time": 82.681,
                                                                        "Actual Rows": 142984,
                                                                        "Actual Loops": 1
                                                                    },
                                                                    {
                                                                        "Worker Number": 3,
                                                                        "Actual Startup Time": 0.087,
                                                                        "Actual Total Time": 83.052,
                                                                        "Actual Rows": 144677,
                                                                        "Actual Loops": 1
                                                                    },
                                                                    {
                                                                        "Worker Number": 4,
                                                                        "Actual Startup Time": 0.082,
                                                                        "Actual Total Time": 83.931,
                                                                        "Actual Rows": 115102,
                                                                        "Actual Loops": 1
                                                                    },
                                                                    {
                                                                        "Worker Number": 5,
                                                                        "Actual Startup Time": 0.074,
                                                                        "Actual Total Time": 82.398,
                                                                        "Actual Rows": 141492,
                                                                        "Actual Loops": 1
                                                                    }
                                                                ]
                                                            }
                                                        ]
                                                    }
                                                ]
                                            }
                                        ]
                                    }
                                ]
                            }
                        ]
                    }
                ]
            }
        ]
    },
    "Planning Time": 1.473,
    "Triggers": [],
    "Execution Time": 1733.343
}