[
  {
    "Plan": {
      "Node Type": "Aggregate",
      "Strategy": "Plain",
      "Partial Mode": "Finalize",
      "Parallel Aware": false,
      "Startup Cost": 29571.1,
      "Total Cost": 29571.11,
      "Plan Rows": 1,
      "Plan Width": 8,
      "Actual Startup Time": 36.759,
      "Actual Total Time": 44.108,
      "Actual Rows": 1,
      "Actual Loops": 1,
      "Plans": [
        {
          "Node Type": "Gather",
          "Parent Relationship": "Outer",
          "Parallel Aware": false,
          "Startup Cost": 29570.88,
          "Total Cost": 29571.09,
          "Plan Rows": 2,
          "Plan Width": 8,
          "Actual Startup Time": 36.613,
          "Actual Total Time": 44.104,
          "Actual Rows": 3,
          "Actual Loops": 1,
          "Workers Planned": 2,
          "Workers Launched": 2,
          "Single Copy": false,
          "Plans": [
            {
              "Node Type": "Aggregate",
              "Strategy": "Plain",
              "Partial Mode": "Partial",
              "Parent Relationship": "Outer",
              "Parallel Aware": false,
              "Startup Cost": 28570.88,
              "Total Cost": 28570.89,
              "Plan Rows": 1,
              "Plan Width": 8,
              "Actual Startup Time": 32.764,
              "Actual Total Time": 32.765,
              "Actual Rows": 1,
              "Actual Loops": 3,
              "Plans": [
                {
                  "Node Type": "Nested Loop",
                  "Parent Relationship": "Outer",
                  "Parallel Aware": false,
                  "Join Type": "Inner",
                  "Startup Cost": 113.06,
                  "Total Cost": 28567.6,
                  "Plan Rows": 1314,
                  "Plan Width": 0,
                  "Actual Startup Time": 1.095,
                  "Actual Total Time": 32.431,
                  "Actual Rows": 4829,
                  "Actual Loops": 3,
                  "Inner Unique": false,
                  "Plans": [
                    {
                      "Node Type": "Nested Loop",
                      "Parent Relationship": "Outer",
                      "Parallel Aware": false,
                      "Join Type": "Inner",
                      "Startup Cost": 112.63,
                      "Total Cost": 27167.3,
                      "Plan Rows": 734,
                      "Plan Width": 8,
                      "Actual Startup Time": 0.857,
                      "Actual Total Time": 21.875,
                      "Actual Rows": 1073,
                      "Actual Loops": 3,
                      "Inner Unique": true,
                      "Plans": [
                        {
                          "Node Type": "Bitmap Heap Scan",
                          "Parent Relationship": "Outer",
                          "Parallel Aware": true,
                          "Relation Name": "movie_companies",
                          "Alias": "mc",
                          "Startup Cost": 112.2,
                          "Total Cost": 11559.28,
                          "Plan Rows": 2138,
                          "Plan Width": 4,
                          "Actual Startup Time": 0.75,
                          "Actual Total Time": 4.454,
                          "Actual Rows": 2022,
                          "Actual Loops": 3,
                          "Recheck Cond": "(company_id = 93)",
                          "Rows Removed by Index Recheck": 0,
                          "Exact Heap Blocks": 1584,
                          "Lossy Heap Blocks": 0,
                          "Plans": [
                            {
                              "Node Type": "Bitmap Index Scan",
                              "Parent Relationship": "Outer",
                              "Parallel Aware": false,
                              "Index Name": "company_id_movie_companies",
                              "Startup Cost": 0.0,
                              "Total Cost": 110.91,
                              "Plan Rows": 5131,
                              "Plan Width": 0,
                              "Actual Startup Time": 1.692,
                              "Actual Total Time": 1.692,
                              "Actual Rows": 6067,
                              "Actual Loops": 1,
                              "Index Cond": "(company_id = 93)"
                            }
                          ]
                        },
                        {
                          "Node Type": "Index Scan",
                          "Parent Relationship": "Inner",
                          "Parallel Aware": false,
                          "Scan Direction": "Forward",
                          "Index Name": "title_pkey",
                          "Relation Name": "title",
                          "Alias": "t",
                          "Startup Cost": 0.43,
                          "Total Cost": 7.3,
                          "Plan Rows": 1,
                          "Plan Width": 4,
                          "Actual Startup Time": 0.008,
                          "Actual Total Time": 0.008,
                          "Actual Rows": 1,
                          "Actual Loops": 6067,
                          "Index Cond": "(id = mc.movie_id)",
                          "Rows Removed by Index Recheck": 0,
                          "Filter": "((kind_id < 7) AND (production_year > 1959))",
                          "Rows Removed by Filter": 0
                        }
                      ]
                    },
                    {
                      "Node Type": "Index Only Scan",
                      "Parent Relationship": "Inner",
                      "Parallel Aware": false,
                      "Scan Direction": "Forward",
                      "Index Name": "movie_id_movie_keyword",
                      "Relation Name": "movie_keyword",
                      "Alias": "mk",
                      "Startup Cost": 0.43,
                      "Total Cost": 1.45,
                      "Plan Rows": 46,
                      "Plan Width": 4,
                      "Actual Startup Time": 0.008,
                      "Actual Total Time": 0.009,
                      "Actual Rows": 5,
                      "Actual Loops": 3218,
                      "Index Cond": "(movie_id = t.id)",
                      "Rows Removed by Index Recheck": 0,
                      "Heap Fetches": 14488
                    }
                  ]
                }
              ]
            }
          ]
        }
      ]
    },
    "Planning Time": 0.667,
    "Triggers": [],
    "Execution Time": 44.164
  }
]