[
  {
    "Plan": {
      "Node Type": "Aggregate",
      "Strategy": "Plain",
      "Partial Mode": "Finalize",
      "Parallel Aware": false,
      "Startup Cost": 44482.25,
      "Total Cost": 44482.26,
      "Plan Rows": 1,
      "Plan Width": 8,
      "Actual Startup Time": 121.209,
      "Actual Total Time": 130.627,
      "Actual Rows": 1,
      "Actual Loops": 1,
      "Plans": [
        {
          "Node Type": "Gather",
          "Parent Relationship": "Outer",
          "Parallel Aware": false,
          "Startup Cost": 44481.93,
          "Total Cost": 44482.24,
          "Plan Rows": 3,
          "Plan Width": 8,
          "Actual Startup Time": 121.102,
          "Actual Total Time": 130.62,
          "Actual Rows": 4,
          "Actual Loops": 1,
          "Workers Planned": 3,
          "Workers Launched": 3,
          "Single Copy": false,
          "Plans": [
            {
              "Node Type": "Aggregate",
              "Strategy": "Plain",
              "Partial Mode": "Partial",
              "Parent Relationship": "Outer",
              "Parallel Aware": false,
              "Startup Cost": 43481.93,
              "Total Cost": 43481.94,
              "Plan Rows": 1,
              "Plan Width": 8,
              "Actual Startup Time": 115.43,
              "Actual Total Time": 115.431,
              "Actual Rows": 1,
              "Actual Loops": 4,
              "Plans": [
                {
                  "Node Type": "Seq Scan",
                  "Parent Relationship": "Outer",
                  "Parallel Aware": true,
                  "Relation Name": "movie_keyword",
                  "Alias": "mk",
                  "Startup Cost": 0.0,
                  "Total Cost": 42695.65,
                  "Plan Rows": 314510,
                  "Plan Width": 0,
                  "Actual Startup Time": 3.873,
                  "Actual Total Time": 103.386,
                  "Actual Rows": 242461,
                  "Actual Loops": 4,
                  "Filter": "(keyword_id > 19536)",
                  "Rows Removed by Filter": 888522
                }
              ]
            }
          ]
        }
      ]
    },
    "Planning Time": 0.179,
    "Triggers": [],
    "Execution Time": 130.684
  }
]