[
  {
    "Plan": {
      "Node Type": "Aggregate",
      "Strategy": "Plain",
      "Partial Mode": "Finalize",
      "Parallel Aware": false,
      "Startup Cost": 91210.98,
      "Total Cost": 91210.99,
      "Plan Rows": 1,
      "Plan Width": 8,
      "Actual Startup Time": 536.21,
      "Actual Total Time": 551.884,
      "Actual Rows": 1,
      "Actual Loops": 1,
      "Plans": [
        {
          "Node Type": "Gather",
          "Parent Relationship": "Outer",
          "Parallel Aware": false,
          "Startup Cost": 91210.67,
          "Total Cost": 91210.98,
          "Plan Rows": 3,
          "Plan Width": 8,
          "Actual Startup Time": 525.097,
          "Actual Total Time": 551.864,
          "Actual Rows": 4,
          "Actual Loops": 1,
          "Workers Planned": 3,
          "Workers Launched": 3,
          "Single Copy": false,
          "Plans": [
            {
              "Node Type": "Aggregate",
              "Strategy": "Plain",
              "Partial Mode": "Partial",
              "Parent Relationship": "Outer",
              "Parallel Aware": false,
              "Startup Cost": 90210.67,
              "Total Cost": 90210.68,
              "Plan Rows": 1,
              "Plan Width": 8,
              "Actual Startup Time": 515.207,
              "Actual Total Time": 515.213,
              "Actual Rows": 1,
              "Actual Loops": 4,
              "Plans": [
                {
                  "Node Type": "Hash Join",
                  "Parent Relationship": "Outer",
                  "Parallel Aware": true,
                  "Join Type": "Inner",
                  "Startup Cost": 62472.94,
                  "Total Cost": 89744.89,
                  "Plan Rows": 186311,
                  "Plan Width": 0,
                  "Actual Startup Time": 401.834,
                  "Actual Total Time": 507.219,
                  "Actual Rows": 144272,
                  "Actual Loops": 4,
                  "Inner Unique": true,
                  "Hash Cond": "(mk.movie_id = t.id)",
                  "Plans": [
                    {
                      "Node Type": "Bitmap Heap Scan",
                      "Parent Relationship": "Outer",
                      "Parallel Aware": true,
                      "Relation Name": "movie_keyword",
                      "Alias": "mk",
                      "Startup Cost": 12252.55,
                      "Total Cost": 39035.44,
                      "Plan Rows": 186311,
                      "Plan Width": 4,
                      "Actual Startup Time": 62.876,
                      "Actual Total Time": 115.631,
                      "Actual Rows": 144272,
                      "Actual Loops": 4,
                      "Recheck Cond": "(keyword_id > 31798)",
                      "Rows Removed by Index Recheck": 0,
                      "Exact Heap Blocks": 6925,
                      "Lossy Heap Blocks": 0,
                      "Plans": [
                        {
                          "Node Type": "Bitmap Index Scan",
                          "Parent Relationship": "Outer",
                          "Parallel Aware": false,
                          "Index Name": "keyword_id_movie_keyword",
                          "Startup Cost": 0.0,
                          "Total Cost": 12108.16,
                          "Plan Rows": 577564,
                          "Plan Width": 0,
                          "Actual Startup Time": 57.201,
                          "Actual Total Time": 57.202,
                          "Actual Rows": 577087,
                          "Actual Loops": 1,
                          "Index Cond": "(keyword_id > 31798)"
                        }
                      ]
                    },
                    {
                      "Node Type": "Hash",
                      "Parent Relationship": "Inner",
                      "Parallel Aware": true,
                      "Startup Cost": 42319.06,
                      "Total Cost": 42319.06,
                      "Plan Rows": 632106,
                      "Plan Width": 4,
                      "Actual Startup Time": 331.658,
                      "Actual Total Time": 331.659,
                      "Actual Rows": 632078,
                      "Actual Loops": 4,
                      "Hash Buckets": 4194304,
                      "Original Hash Buckets": 4194304,
                      "Hash Batches": 1,
                      "Original Hash Batches": 1,
                      "Peak Memory Usage": 131712,
                      "Plans": [
                        {
                          "Node Type": "Seq Scan",
                          "Parent Relationship": "Outer",
                          "Parallel Aware": true,
                          "Relation Name": "title",
                          "Alias": "t",
                          "Startup Cost": 0.0,
                          "Total Cost": 42319.06,
                          "Plan Rows": 632106,
                          "Plan Width": 4,
                          "Actual Startup Time": 0.03,
                          "Actual Total Time": 100.408,
                          "Actual Rows": 632078,
                          "Actual Loops": 4
                        }
                      ]
                    }
                  ]
                }
              ]
            }
          ]
        }
      ]
    },
    "Planning Time": 0.257,
    "Triggers": [],
    "Execution Time": 551.935
  }
]