[
  {
    "Plan": {
      "Node Type": "Aggregate",
      "Strategy": "Plain",
      "Partial Mode": "Finalize",
      "Parallel Aware": false,
      "Startup Cost": 91504.03,
      "Total Cost": 91504.04,
      "Plan Rows": 1,
      "Plan Width": 8,
      "Actual Startup Time": 582.416,
      "Actual Total Time": 596.395,
      "Actual Rows": 1,
      "Actual Loops": 1,
      "Plans": [
        {
          "Node Type": "Gather",
          "Parent Relationship": "Outer",
          "Parallel Aware": false,
          "Startup Cost": 91503.72,
          "Total Cost": 91504.03,
          "Plan Rows": 3,
          "Plan Width": 8,
          "Actual Startup Time": 571.243,
          "Actual Total Time": 596.387,
          "Actual Rows": 4,
          "Actual Loops": 1,
          "Workers Planned": 3,
          "Workers Launched": 3,
          "Single Copy": false,
          "Plans": [
            {
              "Node Type": "Aggregate",
              "Strategy": "Plain",
              "Partial Mode": "Partial",
              "Parent Relationship": "Outer",
              "Parallel Aware": false,
              "Startup Cost": 90503.72,
              "Total Cost": 90503.73,
              "Plan Rows": 1,
              "Plan Width": 8,
              "Actual Startup Time": 552.164,
              "Actual Total Time": 552.168,
              "Actual Rows": 1,
              "Actual Loops": 4,
              "Plans": [
                {
                  "Node Type": "Hash Join",
                  "Parent Relationship": "Outer",
                  "Parallel Aware": true,
                  "Join Type": "Inner",
                  "Startup Cost": 62704.29,
                  "Total Cost": 90029.19,
                  "Plan Rows": 189811,
                  "Plan Width": 0,
                  "Actual Startup Time": 436.11,
                  "Actual Total Time": 544.184,
                  "Actual Rows": 144272,
                  "Actual Loops": 4,
                  "Inner Unique": true,
                  "Hash Cond": "(mk.movie_id = t.id)",
                  "Plans": [
                    {
                      "Node Type": "Bitmap Heap Scan",
                      "Parent Relationship": "Outer",
                      "Parallel Aware": true,
                      "Relation Name": "movie_keyword",
                      "Alias": "mk",
                      "Startup Cost": 12484.65,
                      "Total Cost": 39311.29,
                      "Plan Rows": 189811,
                      "Plan Width": 4,
                      "Actual Startup Time": 39.308,
                      "Actual Total Time": 98.587,
                      "Actual Rows": 144272,
                      "Actual Loops": 4,
                      "Recheck Cond": "(keyword_id > 31798)",
                      "Rows Removed by Index Recheck": 0,
                      "Exact Heap Blocks": 6674,
                      "Lossy Heap Blocks": 0,
                      "Plans": [
                        {
                          "Node Type": "Bitmap Index Scan",
                          "Parent Relationship": "Outer",
                          "Parallel Aware": false,
                          "Index Name": "keyword_id_movie_keyword",
                          "Startup Cost": 0.0,
                          "Total Cost": 12337.55,
                          "Plan Rows": 588415,
                          "Plan Width": 0,
                          "Actual Startup Time": 35.807,
                          "Actual Total Time": 35.807,
                          "Actual Rows": 577087,
                          "Actual Loops": 1,
                          "Index Cond": "(keyword_id > 31798)"
                        }
                      ]
                    },
                    {
                      "Node Type": "Hash",
                      "Parent Relationship": "Inner",
                      "Parallel Aware": true,
                      "Startup Cost": 42318.73,
                      "Total Cost": 42318.73,
                      "Plan Rows": 632073,
                      "Plan Width": 4,
                      "Actual Startup Time": 385.665,
                      "Actual Total Time": 385.666,
                      "Actual Rows": 632078,
                      "Actual Loops": 4,
                      "Hash Buckets": 4194304,
                      "Original Hash Buckets": 4194304,
                      "Hash Batches": 1,
                      "Original Hash Batches": 1,
                      "Peak Memory Usage": 131744,
                      "Plans": [
                        {
                          "Node Type": "Seq Scan",
                          "Parent Relationship": "Outer",
                          "Parallel Aware": true,
                          "Relation Name": "title",
                          "Alias": "t",
                          "Startup Cost": 0.0,
                          "Total Cost": 42318.73,
                          "Plan Rows": 632073,
                          "Plan Width": 4,
                          "Actual Startup Time": 0.039,
                          "Actual Total Time": 105.547,
                          "Actual Rows": 632078,
                          "Actual Loops": 4
                        }
                      ]
                    }
                  ]
                }
              ]
            }
          ]
        }
      ]
    },
    "Planning Time": 0.605,
    "Triggers": [],
    "Execution Time": 596.488
  }
]