[
  {
    "Plan": {
      "Node Type": "Aggregate",
      "Strategy": "Plain",
      "Partial Mode": "Finalize",
      "Parallel Aware": false,
      "Startup Cost": 340725.28,
      "Total Cost": 340725.29,
      "Plan Rows": 1,
      "Plan Width": 8,
      "Actual Startup Time": 793.731,
      "Actual Total Time": 855.015,
      "Actual Rows": 1,
      "Actual Loops": 1,
      "Plans": [
        {
          "Node Type": "Gather",
          "Parent Relationship": "Outer",
          "Parallel Aware": false,
          "Startup Cost": 340724.66,
          "Total Cost": 340725.27,
          "Plan Rows": 6,
          "Plan Width": 8,
          "Actual Startup Time": 793.572,
          "Actual Total Time": 855.006,
          "Actual Rows": 7,
          "Actual Loops": 1,
          "Workers Planned": 6,
          "Workers Launched": 6,
          "Single Copy": false,
          "Plans": [
            {
              "Node Type": "Aggregate",
              "Strategy": "Plain",
              "Partial Mode": "Partial",
              "Parent Relationship": "Outer",
              "Parallel Aware": false,
              "Startup Cost": 339724.66,
              "Total Cost": 339724.67,
              "Plan Rows": 1,
              "Plan Width": 8,
              "Actual Startup Time": 783.267,
              "Actual Total Time": 783.268,
              "Actual Rows": 1,
              "Actual Loops": 7,
              "Plans": [
                {
                  "Node Type": "Seq Scan",
                  "Parent Relationship": "Outer",
                  "Parallel Aware": true,
                  "Relation Name": "cast_info",
                  "Alias": "ci",
                  "Startup Cost": 0.0,
                  "Total Cost": 328162.03,
                  "Plan Rows": 4625052,
                  "Plan Width": 0,
                  "Actual Startup Time": 0.054,
                  "Actual Total Time": 613.561,
                  "Actual Rows": 3980021,
                  "Actual Loops": 7,
                  "Filter": "(person_id < 2845509)",
                  "Rows Removed by Filter": 1197743
                }
              ]
            }
          ]
        }
      ]
    },
    "Planning Time": 0.169,
    "Triggers": [],
    "Execution Time": 855.081
  }
]