[
  {
    "Plan": {
      "Node Type": "Aggregate",
      "Strategy": "Plain",
      "Partial Mode": "Finalize",
      "Parallel Aware": false,
      "Startup Cost": 34641.47,
      "Total Cost": 34641.48,
      "Plan Rows": 1,
      "Plan Width": 8,
      "Actual Startup Time": 117.412,
      "Actual Total Time": 125.566,
      "Actual Rows": 1,
      "Actual Loops": 1,
      "Plans": [
        {
          "Node Type": "Gather",
          "Parent Relationship": "Outer",
          "Parallel Aware": false,
          "Startup Cost": 34641.15,
          "Total Cost": 34641.46,
          "Plan Rows": 3,
          "Plan Width": 8,
          "Actual Startup Time": 117.067,
          "Actual Total Time": 125.555,
          "Actual Rows": 4,
          "Actual Loops": 1,
          "Workers Planned": 3,
          "Workers Launched": 3,
          "Single Copy": false,
          "Plans": [
            {
              "Node Type": "Aggregate",
              "Strategy": "Plain",
              "Partial Mode": "Partial",
              "Parent Relationship": "Outer",
              "Parallel Aware": false,
              "Startup Cost": 33641.15,
              "Total Cost": 33641.16,
              "Plan Rows": 1,
              "Plan Width": 8,
              "Actual Startup Time": 109.816,
              "Actual Total Time": 109.817,
              "Actual Rows": 1,
              "Actual Loops": 4,
              "Plans": [
                {
                  "Node Type": "Bitmap Heap Scan",
                  "Parent Relationship": "Outer",
                  "Parallel Aware": true,
                  "Relation Name": "movie_keyword",
                  "Alias": "mk",
                  "Startup Cost": 7481.04,
                  "Total Cost": 33356.8,
                  "Plan Rows": 113740,
                  "Plan Width": 0,
                  "Actual Startup Time": 37.789,
                  "Actual Total Time": 104.724,
                  "Actual Rows": 87756,
                  "Actual Loops": 4,
                  "Recheck Cond": "(keyword_id > 47428)",
                  "Rows Removed by Index Recheck": 0,
                  "Exact Heap Blocks": 9474,
                  "Lossy Heap Blocks": 0,
                  "Plans": [
                    {
                      "Node Type": "Bitmap Index Scan",
                      "Parent Relationship": "Outer",
                      "Parallel Aware": false,
                      "Index Name": "keyword_id_movie_keyword",
                      "Startup Cost": 0.0,
                      "Total Cost": 7392.89,
                      "Plan Rows": 352595,
                      "Plan Width": 0,
                      "Actual Startup Time": 40.886,
                      "Actual Total Time": 40.887,
                      "Actual Rows": 351026,
                      "Actual Loops": 1,
                      "Index Cond": "(keyword_id > 47428)"
                    }
                  ]
                }
              ]
            }
          ]
        }
      ]
    },
    "Planning Time": 0.159,
    "Triggers": [],
    "Execution Time": 125.631
  }
]