[
  {
    "Plan": {
      "Node Type": "Aggregate",
      "Strategy": "Plain",
      "Partial Mode": "Finalize",
      "Parallel Aware": false,
      "Startup Cost": 34910.73,
      "Total Cost": 34910.74,
      "Plan Rows": 1,
      "Plan Width": 8,
      "Actual Startup Time": 114.471,
      "Actual Total Time": 121.55,
      "Actual Rows": 1,
      "Actual Loops": 1,
      "Plans": [
        {
          "Node Type": "Gather",
          "Parent Relationship": "Outer",
          "Parallel Aware": false,
          "Startup Cost": 34910.41,
          "Total Cost": 34910.72,
          "Plan Rows": 3,
          "Plan Width": 8,
          "Actual Startup Time": 114.196,
          "Actual Total Time": 121.542,
          "Actual Rows": 4,
          "Actual Loops": 1,
          "Workers Planned": 3,
          "Workers Launched": 3,
          "Single Copy": false,
          "Plans": [
            {
              "Node Type": "Aggregate",
              "Strategy": "Plain",
              "Partial Mode": "Partial",
              "Parent Relationship": "Outer",
              "Parallel Aware": false,
              "Startup Cost": 33910.41,
              "Total Cost": 33910.42,
              "Plan Rows": 1,
              "Plan Width": 8,
              "Actual Startup Time": 107.186,
              "Actual Total Time": 107.187,
              "Actual Rows": 1,
              "Actual Loops": 4,
              "Plans": [
                {
                  "Node Type": "Bitmap Heap Scan",
                  "Parent Relationship": "Outer",
                  "Parallel Aware": true,
                  "Relation Name": "movie_keyword",
                  "Alias": "mk",
                  "Startup Cost": 7700.62,
                  "Total Cost": 33617.78,
                  "Plan Rows": 117053,
                  "Plan Width": 0,
                  "Actual Startup Time": 38.103,
                  "Actual Total Time": 101.855,
                  "Actual Rows": 87756,
                  "Actual Loops": 4,
                  "Recheck Cond": "(keyword_id > 47428)",
                  "Rows Removed by Index Recheck": 0,
                  "Exact Heap Blocks": 9914,
                  "Lossy Heap Blocks": 0,
                  "Plans": [
                    {
                      "Node Type": "Bitmap Index Scan",
                      "Parent Relationship": "Outer",
                      "Parallel Aware": false,
                      "Index Name": "keyword_id_movie_keyword",
                      "Startup Cost": 0.0,
                      "Total Cost": 7609.9,
                      "Plan Rows": 362863,
                      "Plan Width": 0,
                      "Actual Startup Time": 41.053,
                      "Actual Total Time": 41.053,
                      "Actual Rows": 351026,
                      "Actual Loops": 1,
                      "Index Cond": "(keyword_id > 47428)"
                    }
                  ]
                }
              ]
            }
          ]
        }
      ]
    },
    "Planning Time": 0.206,
    "Triggers": [],
    "Execution Time": 121.625
  }
]