[
  {
    "Plan": {
      "Node Type": "Aggregate",
      "Strategy": "Plain",
      "Partial Mode": "Finalize",
      "Parallel Aware": false,
      "Startup Cost": 121396.39,
      "Total Cost": 121396.4,
      "Plan Rows": 1,
      "Plan Width": 8,
      "Actual Startup Time": 609.339,
      "Actual Total Time": 623.68,
      "Actual Rows": 1,
      "Actual Loops": 1,
      "Plans": [
        {
          "Node Type": "Gather",
          "Parent Relationship": "Outer",
          "Parallel Aware": false,
          "Startup Cost": 121396.07,
          "Total Cost": 121396.38,
          "Plan Rows": 3,
          "Plan Width": 8,
          "Actual Startup Time": 603.865,
          "Actual Total Time": 623.672,
          "Actual Rows": 4,
          "Actual Loops": 1,
          "Workers Planned": 3,
          "Workers Launched": 3,
          "Single Copy": false,
          "Plans": [
            {
              "Node Type": "Aggregate",
              "Strategy": "Plain",
              "Partial Mode": "Partial",
              "Parent Relationship": "Outer",
              "Parallel Aware": false,
              "Startup Cost": 120396.07,
              "Total Cost": 120396.08,
              "Plan Rows": 1,
              "Plan Width": 8,
              "Actual Startup Time": 597.728,
              "Actual Total Time": 598.354,
              "Actual Rows": 1,
              "Actual Loops": 4,
              "Plans": [
                {
                  "Node Type": "Hash Join",
                  "Parent Relationship": "Outer",
                  "Parallel Aware": true,
                  "Join Type": "Inner",
                  "Startup Cost": 92791.05,
                  "Total Cost": 120308.47,
                  "Plan Rows": 35043,
                  "Plan Width": 0,
                  "Actual Startup Time": 484.711,
                  "Actual Total Time": 591.11,
                  "Actual Rows": 147466,
                  "Actual Loops": 4,
                  "Inner Unique": false,
                  "Hash Cond": "(mk.movie_id = t.id)",
                  "Plans": [
                    {
                      "Node Type": "Bitmap Heap Scan",
                      "Parent Relationship": "Outer",
                      "Parallel Aware": true,
                      "Relation Name": "movie_keyword",
                      "Alias": "mk",
                      "Startup Cost": 12044.05,
                      "Total Cost": 38787.14,
                      "Plan Rows": 183127,
                      "Plan Width": 4,
                      "Actual Startup Time": 40.949,
                      "Actual Total Time": 96.046,
                      "Actual Rows": 142574,
                      "Actual Loops": 4,
                      "Recheck Cond": "(keyword_id < 405)",
                      "Rows Removed by Index Recheck": 0,
                      "Exact Heap Blocks": 6528,
                      "Lossy Heap Blocks": 0,
                      "Plans": [
                        {
                          "Node Type": "Bitmap Index Scan",
                          "Parent Relationship": "Outer",
                          "Parallel Aware": false,
                          "Index Name": "keyword_id_movie_keyword",
                          "Startup Cost": 0.0,
                          "Total Cost": 11902.13,
                          "Plan Rows": 567693,
                          "Plan Width": 0,
                          "Actual Startup Time": 37.638,
                          "Actual Total Time": 37.638,
                          "Actual Rows": 570298,
                          "Actual Loops": 1,
                          "Index Cond": "(keyword_id < 405)"
                        }
                      ]
                    },
                    {
                      "Node Type": "Hash",
                      "Parent Relationship": "Inner",
                      "Parallel Aware": true,
                      "Startup Cost": 79235.07,
                      "Total Cost": 79235.07,
                      "Plan Rows": 120954,
                      "Plan Width": 8,
                      "Actual Startup Time": 441.759,
                      "Actual Total Time": 442.383,
                      "Actual Rows": 200145,
                      "Actual Loops": 4,
                      "Hash Buckets": 1048576,
                      "Original Hash Buckets": 524288,
                      "Hash Batches": 1,
                      "Original Hash Batches": 1,
                      "Peak Memory Usage": 43680,
                      "Plans": [
                        {
                          "Node Type": "Hash Join",
                          "Parent Relationship": "Outer",
                          "Parallel Aware": true,
                          "Join Type": "Inner",
                          "Startup Cost": 33365.69,
                          "Total Cost": 79235.07,
                          "Plan Rows": 120954,
                          "Plan Width": 8,
                          "Actual Startup Time": 137.612,
                          "Actual Total Time": 373.16,
                          "Actual Rows": 200145,
                          "Actual Loops": 4,
                          "Inner Unique": false,
                          "Hash Cond": "(t.id = mc.movie_id)",
                          "Plans": [
                            {
                              "Node Type": "Seq Scan",
                              "Parent Relationship": "Outer",
                              "Parallel Aware": true,
                              "Relation Name": "title",
                              "Alias": "t",
                              "Startup Cost": 0.0,
                              "Total Cost": 42318.81,
                              "Plan Rows": 632080,
                              "Plan Width": 4,
                              "Actual Startup Time": 0.006,
                              "Actual Total Time": 66.628,
                              "Actual Rows": 632078,
                              "Actual Loops": 4
                            },
                            {
                              "Node Type": "Hash",
                              "Parent Relationship": "Inner",
                              "Parallel Aware": true,
                              "Startup Cost": 31414.82,
                              "Total Cost": 31414.82,
                              "Plan Rows": 156070,
                              "Plan Width": 4,
                              "Actual Startup Time": 136.601,
                              "Actual Total Time": 136.602,
                              "Actual Rows": 200145,
                              "Actual Loops": 4,
                              "Hash Buckets": 1048576,
                              "Original Hash Buckets": 524288,
                              "Hash Batches": 1,
                              "Original Hash Batches": 1,
                              "Peak Memory Usage": 43648,
                              "Plans": [
                                {
                                  "Node Type": "Seq Scan",
                                  "Parent Relationship": "Outer",
                                  "Parallel Aware": true,
                                  "Relation Name": "movie_companies",
                                  "Alias": "mc",
                                  "Startup Cost": 0.0,
                                  "Total Cost": 31414.82,
                                  "Plan Rows": 156070,
                                  "Plan Width": 4,
                                  "Actual Startup Time": 37.501,
                                  "Actual Total Time": 75.126,
                                  "Actual Rows": 200145,
                                  "Actual Loops": 4,
                                  "Filter": "((company_id > 18455) AND (company_type_id > 1))",
                                  "Rows Removed by Filter": 452137
                                }
                              ]
                            }
                          ]
                        }
                      ]
                    }
                  ]
                }
              ]
            }
          ]
        }
      ]
    },
    "Planning Time": 0.573,
    "Triggers": [],
    "Execution Time": 623.73
  }
]