[
  {
    "Plan": {
      "Node Type": "Aggregate",
      "Strategy": "Plain",
      "Partial Mode": "Finalize",
      "Parallel Aware": false,
      "Startup Cost": 121041.76,
      "Total Cost": 121041.77,
      "Plan Rows": 1,
      "Plan Width": 8,
      "Actual Startup Time": 681.321,
      "Actual Total Time": 700.224,
      "Actual Rows": 1,
      "Actual Loops": 1,
      "Plans": [
        {
          "Node Type": "Gather",
          "Parent Relationship": "Outer",
          "Parallel Aware": false,
          "Startup Cost": 121041.45,
          "Total Cost": 121041.76,
          "Plan Rows": 3,
          "Plan Width": 8,
          "Actual Startup Time": 674.017,
          "Actual Total Time": 700.214,
          "Actual Rows": 4,
          "Actual Loops": 1,
          "Workers Planned": 3,
          "Workers Launched": 3,
          "Single Copy": false,
          "Plans": [
            {
              "Node Type": "Aggregate",
              "Strategy": "Plain",
              "Partial Mode": "Partial",
              "Parent Relationship": "Outer",
              "Parallel Aware": false,
              "Startup Cost": 120041.45,
              "Total Cost": 120041.46,
              "Plan Rows": 1,
              "Plan Width": 8,
              "Actual Startup Time": 664.784,
              "Actual Total Time": 665.289,
              "Actual Rows": 1,
              "Actual Loops": 4,
              "Plans": [
                {
                  "Node Type": "Hash Join",
                  "Parent Relationship": "Outer",
                  "Parallel Aware": true,
                  "Join Type": "Inner",
                  "Startup Cost": 92501.35,
                  "Total Cost": 119956.7,
                  "Plan Rows": 33900,
                  "Plan Width": 0,
                  "Actual Startup Time": 550.55,
                  "Actual Total Time": 658.549,
                  "Actual Rows": 147466,
                  "Actual Loops": 4,
                  "Inner Unique": false,
                  "Hash Cond": "(mk.movie_id = t.id)",
                  "Plans": [
                    {
                      "Node Type": "Bitmap Heap Scan",
                      "Parent Relationship": "Outer",
                      "Parallel Aware": true,
                      "Relation Name": "movie_keyword",
                      "Alias": "mk",
                      "Startup Cost": 11804.5,
                      "Total Cost": 38502.03,
                      "Plan Rows": 179483,
                      "Plan Width": 4,
                      "Actual Startup Time": 33.171,
                      "Actual Total Time": 89.712,
                      "Actual Rows": 142574,
                      "Actual Loops": 4,
                      "Recheck Cond": "(keyword_id < 405)",
                      "Rows Removed by Index Recheck": 0,
                      "Exact Heap Blocks": 6949,
                      "Lossy Heap Blocks": 0,
                      "Plans": [
                        {
                          "Node Type": "Bitmap Index Scan",
                          "Parent Relationship": "Outer",
                          "Parallel Aware": false,
                          "Index Name": "keyword_id_movie_keyword",
                          "Startup Cost": 0.0,
                          "Total Cost": 11665.4,
                          "Plan Rows": 556396,
                          "Plan Width": 0,
                          "Actual Startup Time": 29.715,
                          "Actual Total Time": 29.715,
                          "Actual Rows": 570298,
                          "Actual Loops": 1,
                          "Index Cond": "(keyword_id < 405)"
                        }
                      ]
                    },
                    {
                      "Node Type": "Hash",
                      "Parent Relationship": "Inner",
                      "Parallel Aware": true,
                      "Startup Cost": 79204.56,
                      "Total Cost": 79204.56,
                      "Plan Rows": 119383,
                      "Plan Width": 8,
                      "Actual Startup Time": 513.8,
                      "Actual Total Time": 514.302,
                      "Actual Rows": 200145,
                      "Actual Loops": 4,
                      "Hash Buckets": 1048576,
                      "Original Hash Buckets": 524288,
                      "Hash Batches": 1,
                      "Original Hash Batches": 1,
                      "Peak Memory Usage": 43712,
                      "Plans": [
                        {
                          "Node Type": "Hash Join",
                          "Parent Relationship": "Outer",
                          "Parallel Aware": true,
                          "Join Type": "Inner",
                          "Startup Cost": 33340.36,
                          "Total Cost": 79204.56,
                          "Plan Rows": 119383,
                          "Plan Width": 8,
                          "Actual Startup Time": 156.979,
                          "Actual Total Time": 442.226,
                          "Actual Rows": 200145,
                          "Actual Loops": 4,
                          "Inner Unique": false,
                          "Hash Cond": "(t.id = mc.movie_id)",
                          "Plans": [
                            {
                              "Node Type": "Seq Scan",
                              "Parent Relationship": "Outer",
                              "Parallel Aware": true,
                              "Relation Name": "title",
                              "Alias": "t",
                              "Startup Cost": 0.0,
                              "Total Cost": 42318.73,
                              "Plan Rows": 632073,
                              "Plan Width": 4,
                              "Actual Startup Time": 0.009,
                              "Actual Total Time": 77.561,
                              "Actual Rows": 632078,
                              "Actual Loops": 4
                            },
                            {
                              "Node Type": "Hash",
                              "Parent Relationship": "Inner",
                              "Parallel Aware": true,
                              "Startup Cost": 31414.82,
                              "Total Cost": 31414.82,
                              "Plan Rows": 154043,
                              "Plan Width": 4,
                              "Actual Startup Time": 155.171,
                              "Actual Total Time": 155.172,
                              "Actual Rows": 200145,
                              "Actual Loops": 4,
                              "Hash Buckets": 1048576,
                              "Original Hash Buckets": 524288,
                              "Hash Batches": 1,
                              "Original Hash Batches": 1,
                              "Peak Memory Usage": 43680,
                              "Plans": [
                                {
                                  "Node Type": "Seq Scan",
                                  "Parent Relationship": "Outer",
                                  "Parallel Aware": true,
                                  "Relation Name": "movie_companies",
                                  "Alias": "mc",
                                  "Startup Cost": 0.0,
                                  "Total Cost": 31414.82,
                                  "Plan Rows": 154043,
                                  "Plan Width": 4,
                                  "Actual Startup Time": 47.031,
                                  "Actual Total Time": 85.805,
                                  "Actual Rows": 200145,
                                  "Actual Loops": 4,
                                  "Filter": "((company_id > 18455) AND (company_type_id > 1))",
                                  "Rows Removed by Filter": 452137
                                }
                              ]
                            }
                          ]
                        }
                      ]
                    }
                  ]
                }
              ]
            }
          ]
        }
      ]
    },
    "Planning Time": 1.424,
    "Triggers": [],
    "Execution Time": 700.351
  }
]