[
  {
    "Plan": {
      "Node Type": "Aggregate",
      "Strategy": "Plain",
      "Partial Mode": "Finalize",
      "Parallel Aware": false,
      "Startup Cost": 130288.73,
      "Total Cost": 130288.74,
      "Plan Rows": 1,
      "Plan Width": 8,
      "Actual Startup Time": 732.179,
      "Actual Total Time": 749.197,
      "Actual Rows": 1,
      "Actual Loops": 1,
      "Plans": [
        {
          "Node Type": "Gather",
          "Parent Relationship": "Outer",
          "Parallel Aware": false,
          "Startup Cost": 130288.41,
          "Total Cost": 130288.72,
          "Plan Rows": 3,
          "Plan Width": 8,
          "Actual Startup Time": 724.682,
          "Actual Total Time": 749.186,
          "Actual Rows": 4,
          "Actual Loops": 1,
          "Workers Planned": 3,
          "Workers Launched": 3,
          "Single Copy": false,
          "Plans": [
            {
              "Node Type": "Aggregate",
              "Strategy": "Plain",
              "Partial Mode": "Partial",
              "Parent Relationship": "Outer",
              "Parallel Aware": false,
              "Startup Cost": 129288.41,
              "Total Cost": 129288.42,
              "Plan Rows": 1,
              "Plan Width": 8,
              "Actual Startup Time": 715.326,
              "Actual Total Time": 715.636,
              "Actual Rows": 1,
              "Actual Loops": 4,
              "Plans": [
                {
                  "Node Type": "Hash Join",
                  "Parent Relationship": "Outer",
                  "Parallel Aware": true,
                  "Join Type": "Inner",
                  "Startup Cost": 97661.8,
                  "Total Cost": 128656.48,
                  "Plan Rows": 252774,
                  "Plan Width": 0,
                  "Actual Startup Time": 505.83,
                  "Actual Total Time": 706.311,
                  "Actual Rows": 224257,
                  "Actual Loops": 4,
                  "Inner Unique": false,
                  "Hash Cond": "(mc.movie_id = t.id)",
                  "Plans": [
                    {
                      "Node Type": "Seq Scan",
                      "Parent Relationship": "Outer",
                      "Parallel Aware": true,
                      "Relation Name": "movie_companies",
                      "Alias": "mc",
                      "Startup Cost": 0.0,
                      "Total Cost": 27206.55,
                      "Plan Rows": 841655,
                      "Plan Width": 4,
                      "Actual Startup Time": 0.018,
                      "Actual Total Time": 58.011,
                      "Actual Rows": 652282,
                      "Actual Loops": 4
                    },
                    {
                      "Node Type": "Hash",
                      "Parent Relationship": "Inner",
                      "Parallel Aware": true,
                      "Startup Cost": 95288.92,
                      "Total Cost": 95288.92,
                      "Plan Rows": 189830,
                      "Plan Width": 8,
                      "Actual Startup Time": 500.902,
                      "Actual Total Time": 501.211,
                      "Actual Rows": 190854,
                      "Actual Loops": 4,
                      "Hash Buckets": 1048576,
                      "Original Hash Buckets": 1048576,
                      "Hash Batches": 1,
                      "Original Hash Batches": 1,
                      "Peak Memory Usage": 38112,
                      "Plans": [
                        {
                          "Node Type": "Hash Join",
                          "Parent Relationship": "Outer",
                          "Parallel Aware": true,
                          "Join Type": "Inner",
                          "Startup Cost": 47400.53,
                          "Total Cost": 95288.92,
                          "Plan Rows": 189830,
                          "Plan Width": 8,
                          "Actual Startup Time": 218.607,
                          "Actual Total Time": 435.313,
                          "Actual Rows": 190854,
                          "Actual Loops": 4,
                          "Inner Unique": true,
                          "Hash Cond": "(ci.movie_id = t.id)",
                          "Plans": [
                            {
                              "Node Type": "Index Scan",
                              "Parent Relationship": "Outer",
                              "Parallel Aware": true,
                              "Scan Direction": "Forward",
                              "Index Name": "role_id_cast_info",
                              "Relation Name": "cast_info",
                              "Alias": "ci",
                              "Startup Cost": 0.56,
                              "Total Cost": 46764.42,
                              "Plan Rows": 428396,
                              "Plan Width": 4,
                              "Actual Startup Time": 0.166,
                              "Actual Total Time": 67.091,
                              "Actual Rows": 425886,
                              "Actual Loops": 4,
                              "Index Cond": "(role_id = 8)",
                              "Rows Removed by Index Recheck": 0
                            },
                            {
                              "Node Type": "Hash",
                              "Parent Relationship": "Inner",
                              "Parallel Aware": true,
                              "Startup Cost": 43898.92,
                              "Total Cost": 43898.92,
                              "Plan Rows": 280084,
                              "Plan Width": 4,
                              "Actual Startup Time": 213.855,
                              "Actual Total Time": 213.856,
                              "Actual Rows": 276981,
                              "Actual Loops": 4,
                              "Hash Buckets": 2097152,
                              "Original Hash Buckets": 2097152,
                              "Hash Batches": 1,
                              "Original Hash Batches": 1,
                              "Peak Memory Usage": 59776,
                              "Plans": [
                                {
                                  "Node Type": "Seq Scan",
                                  "Parent Relationship": "Outer",
                                  "Parallel Aware": true,
                                  "Relation Name": "title",
                                  "Alias": "t",
                                  "Startup Cost": 0.0,
                                  "Total Cost": 43898.92,
                                  "Plan Rows": 280084,
                                  "Plan Width": 4,
                                  "Actual Startup Time": 0.047,
                                  "Actual Total Time": 104.666,
                                  "Actual Rows": 276981,
                                  "Actual Loops": 4,
                                  "Filter": "(production_year > 2004)",
                                  "Rows Removed by Filter": 355097
                                }
                              ]
                            }
                          ]
                        }
                      ]
                    }
                  ]
                }
              ]
            }
          ]
        }
      ]
    },
    "Planning Time": 1.373,
    "Triggers": [],
    "Execution Time": 749.292
  }
]