[
  {
    "Plan": {
      "Node Type": "Aggregate",
      "Strategy": "Plain",
      "Partial Mode": "Finalize",
      "Parallel Aware": false,
      "Startup Cost": 45983.82,
      "Total Cost": 45983.83,
      "Plan Rows": 1,
      "Plan Width": 8,
      "Actual Startup Time": 156.821,
      "Actual Total Time": 165.516,
      "Actual Rows": 1,
      "Actual Loops": 1,
      "Plans": [
        {
          "Node Type": "Gather",
          "Parent Relationship": "Outer",
          "Parallel Aware": false,
          "Startup Cost": 45983.5,
          "Total Cost": 45983.81,
          "Plan Rows": 3,
          "Plan Width": 8,
          "Actual Startup Time": 156.689,
          "Actual Total Time": 165.509,
          "Actual Rows": 4,
          "Actual Loops": 1,
          "Workers Planned": 3,
          "Workers Launched": 3,
          "Single Copy": false,
          "Plans": [
            {
              "Node Type": "Aggregate",
              "Strategy": "Plain",
              "Partial Mode": "Partial",
              "Parent Relationship": "Outer",
              "Parallel Aware": false,
              "Startup Cost": 44983.5,
              "Total Cost": 44983.51,
              "Plan Rows": 1,
              "Plan Width": 8,
              "Actual Startup Time": 151.067,
              "Actual Total Time": 151.068,
              "Actual Rows": 1,
              "Actual Loops": 4,
              "Plans": [
                {
                  "Node Type": "Seq Scan",
                  "Parent Relationship": "Outer",
                  "Parallel Aware": true,
                  "Relation Name": "movie_keyword",
                  "Alias": "mk",
                  "Startup Cost": 0.0,
                  "Total Cost": 42695.65,
                  "Plan Rows": 915138,
                  "Plan Width": 0,
                  "Actual Startup Time": 0.04,
                  "Actual Total Time": 118.057,
                  "Actual Rows": 711759,
                  "Actual Loops": 4,
                  "Filter": "(keyword_id < 8677)",
                  "Rows Removed by Filter": 419223
                }
              ]
            }
          ]
        }
      ]
    },
    "Planning Time": 0.127,
    "Triggers": [],
    "Execution Time": 165.561
  }
]