[
  {
    "Plan": {
      "Node Type": "Aggregate",
      "Strategy": "Plain",
      "Partial Mode": "Finalize",
      "Parallel Aware": false,
      "Startup Cost": 81707.89,
      "Total Cost": 81707.9,
      "Plan Rows": 1,
      "Plan Width": 8,
      "Actual Startup Time": 107.689,
      "Actual Total Time": 128.403,
      "Actual Rows": 1,
      "Actual Loops": 1,
      "Plans": [
        {
          "Node Type": "Gather",
          "Parent Relationship": "Outer",
          "Parallel Aware": false,
          "Startup Cost": 81707.57,
          "Total Cost": 81707.88,
          "Plan Rows": 3,
          "Plan Width": 8,
          "Actual Startup Time": 107.404,
          "Actual Total Time": 128.393,
          "Actual Rows": 4,
          "Actual Loops": 1,
          "Workers Planned": 3,
          "Workers Launched": 3,
          "Single Copy": false,
          "Plans": [
            {
              "Node Type": "Aggregate",
              "Strategy": "Plain",
              "Partial Mode": "Partial",
              "Parent Relationship": "Outer",
              "Parallel Aware": false,
              "Startup Cost": 80707.57,
              "Total Cost": 80707.58,
              "Plan Rows": 1,
              "Plan Width": 8,
              "Actual Startup Time": 98.067,
              "Actual Total Time": 98.069,
              "Actual Rows": 1,
              "Actual Loops": 4,
              "Plans": [
                {
                  "Node Type": "Nested Loop",
                  "Parent Relationship": "Outer",
                  "Parallel Aware": false,
                  "Join Type": "Inner",
                  "Startup Cost": 272.01,
                  "Total Cost": 80628.32,
                  "Plan Rows": 31700,
                  "Plan Width": 0,
                  "Actual Startup Time": 18.269,
                  "Actual Total Time": 97.211,
                  "Actual Rows": 9926,
                  "Actual Loops": 4,
                  "Inner Unique": false,
                  "Plans": [
                    {
                      "Node Type": "Nested Loop",
                      "Parent Relationship": "Outer",
                      "Parallel Aware": false,
                      "Join Type": "Inner",
                      "Startup Cost": 271.44,
                      "Total Cost": 72804.28,
                      "Plan Rows": 3154,
                      "Plan Width": 8,
                      "Actual Startup Time": 18.166,
                      "Actual Total Time": 47.894,
                      "Actual Rows": 669,
                      "Actual Loops": 4,
                      "Inner Unique": true,
                      "Plans": [
                        {
                          "Node Type": "Bitmap Heap Scan",
                          "Parent Relationship": "Outer",
                          "Parallel Aware": true,
                          "Relation Name": "movie_info",
                          "Alias": "mi",
                          "Startup Cost": 271.01,
                          "Total Cost": 44355.18,
                          "Plan Rows": 4769,
                          "Plan Width": 4,
                          "Actual Startup Time": 2.362,
                          "Actual Total Time": 7.824,
                          "Actual Rows": 4151,
                          "Actual Loops": 4,
                          "Recheck Cond": "(info_type_id = 102)",
                          "Rows Removed by Index Recheck": 0,
                          "Exact Heap Blocks": 2398,
                          "Lossy Heap Blocks": 0,
                          "Plans": [
                            {
                              "Node Type": "Bitmap Index Scan",
                              "Parent Relationship": "Outer",
                              "Parallel Aware": false,
                              "Index Name": "info_type_id_movie_info",
                              "Startup Cost": 0.0,
                              "Total Cost": 267.31,
                              "Plan Rows": 14784,
                              "Plan Width": 0,
                              "Actual Startup Time": 6.964,
                              "Actual Total Time": 6.965,
                              "Actual Rows": 16603,
                              "Actual Loops": 1,
                              "Index Cond": "(info_type_id = 102)"
                            }
                          ]
                        },
                        {
                          "Node Type": "Index Scan",
                          "Parent Relationship": "Inner",
                          "Parallel Aware": false,
                          "Scan Direction": "Forward",
                          "Index Name": "title_pkey",
                          "Relation Name": "title",
                          "Alias": "t",
                          "Startup Cost": 0.43,
                          "Total Cost": 5.97,
                          "Plan Rows": 1,
                          "Plan Width": 4,
                          "Actual Startup Time": 0.009,
                          "Actual Total Time": 0.009,
                          "Actual Rows": 0,
                          "Actual Loops": 16603,
                          "Index Cond": "(id = mi.movie_id)",
                          "Rows Removed by Index Recheck": 0,
                          "Filter": "(kind_id > 3)",
                          "Rows Removed by Filter": 1
                        }
                      ]
                    },
                    {
                      "Node Type": "Index Scan",
                      "Parent Relationship": "Inner",
                      "Parallel Aware": false,
                      "Scan Direction": "Forward",
                      "Index Name": "movie_id_cast_info",
                      "Relation Name": "cast_info",
                      "Alias": "ci",
                      "Startup Cost": 0.56,
                      "Total Cost": 2.22,
                      "Plan Rows": 26,
                      "Plan Width": 4,
                      "Actual Startup Time": 0.012,
                      "Actual Total Time": 0.072,
                      "Actual Rows": 15,
                      "Actual Loops": 2677,
                      "Index Cond": "(movie_id = t.id)",
                      "Rows Removed by Index Recheck": 0,
                      "Filter": "(person_id < 2638075)",
                      "Rows Removed by Filter": 6
                    }
                  ]
                }
              ]
            }
          ]
        }
      ]
    },
    "Planning Time": 1.408,
    "Triggers": [],
    "Execution Time": 128.517
  }
]