[
  {
    "Plan": {
      "Node Type": "Aggregate",
      "Strategy": "Plain",
      "Partial Mode": "Finalize",
      "Parallel Aware": false,
      "Startup Cost": 33018.98,
      "Total Cost": 33018.99,
      "Plan Rows": 1,
      "Plan Width": 8,
      "Actual Startup Time": 97.943,
      "Actual Total Time": 105.775,
      "Actual Rows": 1,
      "Actual Loops": 1,
      "Plans": [
        {
          "Node Type": "Gather",
          "Parent Relationship": "Outer",
          "Parallel Aware": false,
          "Startup Cost": 33018.67,
          "Total Cost": 33018.98,
          "Plan Rows": 3,
          "Plan Width": 8,
          "Actual Startup Time": 97.831,
          "Actual Total Time": 105.768,
          "Actual Rows": 4,
          "Actual Loops": 1,
          "Workers Planned": 3,
          "Workers Launched": 3,
          "Single Copy": false,
          "Plans": [
            {
              "Node Type": "Aggregate",
              "Strategy": "Plain",
              "Partial Mode": "Partial",
              "Parent Relationship": "Outer",
              "Parallel Aware": false,
              "Startup Cost": 32018.67,
              "Total Cost": 32018.68,
              "Plan Rows": 1,
              "Plan Width": 8,
              "Actual Startup Time": 90.738,
              "Actual Total Time": 90.739,
              "Actual Rows": 1,
              "Actual Loops": 4,
              "Plans": [
                {
                  "Node Type": "Seq Scan",
                  "Parent Relationship": "Outer",
                  "Parallel Aware": true,
                  "Relation Name": "movie_companies",
                  "Alias": "mc",
                  "Startup Cost": 0.0,
                  "Total Cost": 31414.82,
                  "Plan Rows": 241539,
                  "Plan Width": 0,
                  "Actual Startup Time": 47.805,
                  "Actual Total Time": 81.459,
                  "Actual Rows": 242058,
                  "Actual Loops": 4,
                  "Filter": "((company_id > 8301) AND (company_type_id = 2))",
                  "Rows Removed by Filter": 410224
                }
              ]
            }
          ]
        }
      ]
    },
    "Planning Time": 0.216,
    "Triggers": [],
    "Execution Time": 105.83
  }
]