[
  {
    "Plan": {
      "Node Type": "Aggregate",
      "Strategy": "Plain",
      "Partial Mode": "Finalize",
      "Parallel Aware": false,
      "Startup Cost": 72894.09,
      "Total Cost": 72894.1,
      "Plan Rows": 1,
      "Plan Width": 8,
      "Actual Startup Time": 110.3,
      "Actual Total Time": 123.403,
      "Actual Rows": 1,
      "Actual Loops": 1,
      "Plans": [
        {
          "Node Type": "Gather",
          "Parent Relationship": "Outer",
          "Parallel Aware": false,
          "Startup Cost": 72893.67,
          "Total Cost": 72894.08,
          "Plan Rows": 4,
          "Plan Width": 8,
          "Actual Startup Time": 110.187,
          "Actual Total Time": 123.396,
          "Actual Rows": 5,
          "Actual Loops": 1,
          "Workers Planned": 4,
          "Workers Launched": 4,
          "Single Copy": false,
          "Plans": [
            {
              "Node Type": "Aggregate",
              "Strategy": "Plain",
              "Partial Mode": "Partial",
              "Parent Relationship": "Outer",
              "Parallel Aware": false,
              "Startup Cost": 71893.67,
              "Total Cost": 71893.68,
              "Plan Rows": 1,
              "Plan Width": 8,
              "Actual Startup Time": 100.574,
              "Actual Total Time": 100.575,
              "Actual Rows": 1,
              "Actual Loops": 5,
              "Plans": [
                {
                  "Node Type": "Nested Loop",
                  "Parent Relationship": "Outer",
                  "Parallel Aware": false,
                  "Join Type": "Inner",
                  "Startup Cost": 0.43,
                  "Total Cost": 71878.69,
                  "Plan Rows": 5994,
                  "Plan Width": 0,
                  "Actual Startup Time": 57.229,
                  "Actual Total Time": 100.031,
                  "Actual Rows": 9831,
                  "Actual Loops": 5,
                  "Inner Unique": false,
                  "Plans": [
                    {
                      "Node Type": "Seq Scan",
                      "Parent Relationship": "Outer",
                      "Parallel Aware": true,
                      "Relation Name": "title",
                      "Alias": "t",
                      "Startup Cost": 0.0,
                      "Total Cost": 45479.59,
                      "Plan Rows": 3350,
                      "Plan Width": 4,
                      "Actual Startup Time": 56.383,
                      "Actual Total Time": 83.839,
                      "Actual Rows": 1415,
                      "Actual Loops": 5,
                      "Filter": "((kind_id = 1) AND (production_year = 1998))",
                      "Rows Removed by Filter": 504247
                    },
                    {
                      "Node Type": "Index Only Scan",
                      "Parent Relationship": "Inner",
                      "Parallel Aware": false,
                      "Scan Direction": "Forward",
                      "Index Name": "movie_id_movie_keyword",
                      "Relation Name": "movie_keyword",
                      "Alias": "mk",
                      "Startup Cost": 0.43,
                      "Total Cost": 7.42,
                      "Plan Rows": 46,
                      "Plan Width": 4,
                      "Actual Startup Time": 0.009,
                      "Actual Total Time": 0.01,
                      "Actual Rows": 7,
                      "Actual Loops": 7075,
                      "Index Cond": "(movie_id = t.id)",
                      "Rows Removed by Index Recheck": 0,
                      "Heap Fetches": 49157
                    }
                  ]
                }
              ]
            }
          ]
        }
      ]
    },
    "Planning Time": 0.663,
    "Triggers": [],
    "Execution Time": 123.479
  }
]