[
  {
    "Plan": {
      "Node Type": "Aggregate",
      "Strategy": "Plain",
      "Partial Mode": "Finalize",
      "Parallel Aware": false,
      "Startup Cost": 353900.81,
      "Total Cost": 353900.82,
      "Plan Rows": 1,
      "Plan Width": 8,
      "Actual Startup Time": 845.313,
      "Actual Total Time": 872.241,
      "Actual Rows": 1,
      "Actual Loops": 1,
      "Plans": [
        {
          "Node Type": "Gather",
          "Parent Relationship": "Outer",
          "Parallel Aware": false,
          "Startup Cost": 353900.18,
          "Total Cost": 353900.79,
          "Plan Rows": 6,
          "Plan Width": 8,
          "Actual Startup Time": 845.215,
          "Actual Total Time": 872.235,
          "Actual Rows": 7,
          "Actual Loops": 1,
          "Workers Planned": 6,
          "Workers Launched": 6,
          "Single Copy": false,
          "Plans": [
            {
              "Node Type": "Aggregate",
              "Strategy": "Plain",
              "Partial Mode": "Partial",
              "Parent Relationship": "Outer",
              "Parallel Aware": false,
              "Startup Cost": 352900.18,
              "Total Cost": 352900.19,
              "Plan Rows": 1,
              "Plan Width": 8,
              "Actual Startup Time": 838.264,
              "Actual Total Time": 838.265,
              "Actual Rows": 1,
              "Actual Loops": 7,
              "Plans": [
                {
                  "Node Type": "Seq Scan",
                  "Parent Relationship": "Outer",
                  "Parallel Aware": true,
                  "Relation Name": "cast_info",
                  "Alias": "ci",
                  "Startup Cost": 0.0,
                  "Total Cost": 343318.94,
                  "Plan Rows": 3832497,
                  "Plan Width": 0,
                  "Actual Startup Time": 0.041,
                  "Actual Total Time": 671.578,
                  "Actual Rows": 3591430,
                  "Actual Loops": 7,
                  "Filter": "((person_id < 2715394) AND (role_id < 10))",
                  "Rows Removed by Filter": 1586334
                }
              ]
            }
          ]
        }
      ]
    },
    "Planning Time": 0.066,
    "Triggers": [],
    "Execution Time": 872.266
  }
]