[
  {
    "Plan": {
      "Node Type": "Aggregate",
      "Strategy": "Plain",
      "Partial Mode": "Finalize",
      "Parallel Aware": false,
      "Startup Cost": 320324.29,
      "Total Cost": 320324.3,
      "Plan Rows": 1,
      "Plan Width": 8,
      "Actual Startup Time": 247.881,
      "Actual Total Time": 256.96,
      "Actual Rows": 1,
      "Actual Loops": 1,
      "Plans": [
        {
          "Node Type": "Gather",
          "Parent Relationship": "Outer",
          "Parallel Aware": false,
          "Startup Cost": 320323.67,
          "Total Cost": 320324.28,
          "Plan Rows": 6,
          "Plan Width": 8,
          "Actual Startup Time": 246.639,
          "Actual Total Time": 256.953,
          "Actual Rows": 7,
          "Actual Loops": 1,
          "Workers Planned": 6,
          "Workers Launched": 6,
          "Single Copy": false,
          "Plans": [
            {
              "Node Type": "Aggregate",
              "Strategy": "Plain",
              "Partial Mode": "Partial",
              "Parent Relationship": "Outer",
              "Parallel Aware": false,
              "Startup Cost": 319323.67,
              "Total Cost": 319323.68,
              "Plan Rows": 1,
              "Plan Width": 8,
              "Actual Startup Time": 235.322,
              "Actual Total Time": 235.324,
              "Actual Rows": 1,
              "Actual Loops": 7,
              "Plans": [
                {
                  "Node Type": "Bitmap Heap Scan",
                  "Parent Relationship": "Outer",
                  "Parallel Aware": true,
                  "Relation Name": "cast_info",
                  "Alias": "ci",
                  "Startup Cost": 59861.03,
                  "Total Cost": 318194.4,
                  "Plan Rows": 451709,
                  "Plan Width": 0,
                  "Actual Startup Time": 120.533,
                  "Actual Total Time": 214.592,
                  "Actual Rows": 397006,
                  "Actual Loops": 7,
                  "Recheck Cond": "(person_id < 267048)",
                  "Rows Removed by Index Recheck": 0,
                  "Exact Heap Blocks": 6568,
                  "Lossy Heap Blocks": 0,
                  "Plans": [
                    {
                      "Node Type": "Bitmap Index Scan",
                      "Parent Relationship": "Outer",
                      "Parallel Aware": false,
                      "Index Name": "person_id_cast_info",
                      "Startup Cost": 0.0,
                      "Total Cost": 59183.47,
                      "Plan Rows": 2710254,
                      "Plan Width": 0,
                      "Actual Startup Time": 123.139,
                      "Actual Total Time": 123.139,
                      "Actual Rows": 2779045,
                      "Actual Loops": 1,
                      "Index Cond": "(person_id < 267048)"
                    }
                  ]
                }
              ]
            }
          ]
        }
      ]
    },
    "Planning Time": 0.171,
    "Triggers": [],
    "Execution Time": 257.031
  }
]