[
  {
    "Plan": {
      "Node Type": "Aggregate",
      "Strategy": "Plain",
      "Partial Mode": "Finalize",
      "Parallel Aware": false,
      "Startup Cost": 92463.14,
      "Total Cost": 92463.15,
      "Plan Rows": 1,
      "Plan Width": 8,
      "Actual Startup Time": 484.339,
      "Actual Total Time": 513.454,
      "Actual Rows": 1,
      "Actual Loops": 1,
      "Plans": [
        {
          "Node Type": "Gather",
          "Parent Relationship": "Outer",
          "Parallel Aware": false,
          "Startup Cost": 92462.82,
          "Total Cost": 92463.13,
          "Plan Rows": 3,
          "Plan Width": 8,
          "Actual Startup Time": 479.14,
          "Actual Total Time": 513.434,
          "Actual Rows": 4,
          "Actual Loops": 1,
          "Workers Planned": 3,
          "Workers Launched": 3,
          "Single Copy": false,
          "Plans": [
            {
              "Node Type": "Aggregate",
              "Strategy": "Plain",
              "Partial Mode": "Partial",
              "Parent Relationship": "Outer",
              "Parallel Aware": false,
              "Startup Cost": 91462.82,
              "Total Cost": 91462.83,
              "Plan Rows": 1,
              "Plan Width": 8,
              "Actual Startup Time": 470.829,
              "Actual Total Time": 470.837,
              "Actual Rows": 1,
              "Actual Loops": 4,
              "Plans": [
                {
                  "Node Type": "Hash Join",
                  "Parent Relationship": "Outer",
                  "Parallel Aware": true,
                  "Join Type": "Inner",
                  "Startup Cost": 47022.81,
                  "Total Cost": 91189.24,
                  "Plan Rows": 109432,
                  "Plan Width": 0,
                  "Actual Startup Time": 197.297,
                  "Actual Total Time": 462.021,
                  "Actual Rows": 131578,
                  "Actual Loops": 4,
                  "Inner Unique": true,
                  "Hash Cond": "(mk.movie_id = t.id)",
                  "Plans": [
                    {
                      "Node Type": "Seq Scan",
                      "Parent Relationship": "Outer",
                      "Parallel Aware": true,
                      "Relation Name": "movie_keyword",
                      "Alias": "mk",
                      "Startup Cost": 0.0,
                      "Total Cost": 42695.65,
                      "Plan Rows": 560297,
                      "Plan Width": 4,
                      "Actual Startup Time": 0.052,
                      "Actual Total Time": 159.22,
                      "Actual Rows": 433182,
                      "Actual Loops": 4,
                      "Filter": "(keyword_id < 2830)",
                      "Rows Removed by Filter": 697801
                    },
                    {
                      "Node Type": "Hash",
                      "Parent Relationship": "Inner",
                      "Parallel Aware": true,
                      "Startup Cost": 45479.59,
                      "Total Cost": 45479.59,
                      "Plan Rows": 123458,
                      "Plan Width": 4,
                      "Actual Startup Time": 193.414,
                      "Actual Total Time": 193.416,
                      "Actual Rows": 105071,
                      "Actual Loops": 4,
                      "Hash Buckets": 524288,
                      "Original Hash Buckets": 524288,
                      "Hash Batches": 1,
                      "Original Hash Batches": 1,
                      "Peak Memory Usage": 20576,
                      "Plans": [
                        {
                          "Node Type": "Seq Scan",
                          "Parent Relationship": "Outer",
                          "Parallel Aware": true,
                          "Relation Name": "title",
                          "Alias": "t",
                          "Startup Cost": 0.0,
                          "Total Cost": 45479.59,
                          "Plan Rows": 123458,
                          "Plan Width": 4,
                          "Actual Startup Time": 0.091,
                          "Actual Total Time": 135.975,
                          "Actual Rows": 105071,
                          "Actual Loops": 4,
                          "Filter": "((kind_id < 7) AND (production_year > 2002))",
                          "Rows Removed by Filter": 527007
                        }
                      ]
                    }
                  ]
                }
              ]
            }
          ]
        }
      ]
    },
    "Planning Time": 0.649,
    "Triggers": [],
    "Execution Time": 513.532
  }
]