{
    "Plan": {
        "Node Type": "Aggregate",
        "Strategy": "Plain",
        "Partial Mode": "Simple",
        "Parallel Aware": false,
        "Startup Cost": 60002733766.56,
        "Total Cost": 60002733766.57,
        "Plan Rows": 1,
        "Plan Width": 96,
        "Actual Startup Time": 4841.726,
        "Actual Total Time": 4884.535,
        "Actual Rows": 1,
        "Actual Loops": 1,
        "Output": [
            "min(cn.name)",
            "min((lt.link)::text)",
            "min(t.title)"
        ],
        "Plans": [
            {
                "Node Type": "Gather",
                "Parent Relationship": "Outer",
                "Parallel Aware": false,
                "Startup Cost": 60002729248.22,
                "Total Cost": 60002733766.55,
                "Plan Rows": 1,
                "Plan Width": 48,
                "Actual Startup Time": 4514.411,
                "Actual Total Time": 4882.581,
                "Actual Rows": 1410,
                "Actual Loops": 1,
                "Output": [
                    "cn.name",
                    "lt.link",
                    "t.title"
                ],
                "Workers Planned": 1,
                "Workers Launched": 1,
                "Single Copy": false,
                "Plans": [
                    {
                        "Node Type": "Nested Loop",
                        "Parent Relationship": "Outer",
                        "Parallel Aware": false,
                        "Join Type": "Inner",
                        "Startup Cost": 60002728248.22,
                        "Total Cost": 60002732766.45,
                        "Plan Rows": 1,
                        "Plan Width": 48,
                        "Actual Startup Time": 4627.141,
                        "Actual Total Time": 4687.393,
                        "Actual Rows": 705,
                        "Actual Loops": 2,
                        "Output": [
                            "cn.name",
                            "lt.link",
                            "t.title"
                        ],
                        "Inner Unique": true,
                        "Workers": [
                            {
                                "Worker Number": 0,
                                "Actual Startup Time": 4740.808,
                                "Actual Total Time": 4800.052,
                                "Actual Rows": 897,
                                "Actual Loops": 1
                            }
                        ],
                        "Plans": [
                            {
                                "Node Type": "Merge Join",
                                "Parent Relationship": "Outer",
                                "Parallel Aware": false,
                                "Join Type": "Inner",
                                "Startup Cost": 50002728247.79,
                                "Total Cost": 50002728359.23,
                                "Plan Rows": 991,
                                "Plan Width": 52,
                                "Actual Startup Time": 4627.033,
                                "Actual Total Time": 4631.507,
                                "Actual Rows": 12406,
                                "Actual Loops": 2,
                                "Output": [
                                    "cn.name",
                                    "mk.keyword_id",
                                    "lt.link",
                                    "t.title"
                                ],
                                "Inner Unique": true,
                                "Merge Cond": "(ml.link_type_id = lt.id)",
                                "Workers": [
                                    {
                                        "Worker Number": 0,
                                        "Actual Startup Time": 4740.625,
                                        "Actual Total Time": 4744.831,
                                        "Actual Rows": 12204,
                                        "Actual Loops": 1
                                    }
                                ],
                                "Plans": [
                                    {
                                        "Node Type": "Sort",
                                        "Parent Relationship": "Outer",
                                        "Parallel Aware": false,
                                        "Startup Cost": 50002728247.66,
                                        "Total Cost": 50002728292.26,
                                        "Plan Rows": 17841,
                                        "Plan Width": 44,
                                        "Actual Startup Time": 4626.995,
                                        "Actual Total Time": 4628.871,
                                        "Actual Rows": 12408,
                                        "Actual Loops": 2,
                                        "Output": [
                                            "cn.name",
                                            "mk.keyword_id",
                                            "ml.link_type_id",
                                            "t.title"
                                        ],
                                        "Sort Key": [
                                            "ml.link_type_id"
                                        ],
                                        "Sort Method": "quicksort",
                                        "Sort Space Used": 1691,
                                        "Sort Space Type": "Memory",
                                        "Workers": [
                                            {
                                                "Worker Number": 0,
                                                "Actual Startup Time": 4740.58,
                                                "Actual Total Time": 4742.268,
                                                "Actual Rows": 12205,
                                                "Actual Loops": 1
                                            }
                                        ],
                                        "Plans": [
                                            {
                                                "Node Type": "Hash Join",
                                                "Parent Relationship": "Outer",
                                                "Parallel Aware": true,
                                                "Join Type": "Inner",
                                                "Startup Cost": 50002724113.64,
                                                "Total Cost": 50002726987.82,
                                                "Plan Rows": 17841,
                                                "Plan Width": 44,
                                                "Actual Startup Time": 4608.81,
                                                "Actual Total Time": 4623.995,
                                                "Actual Rows": 14004,
                                                "Actual Loops": 2,
                                                "Output": [
                                                    "cn.name",
                                                    "mk.keyword_id",
                                                    "ml.link_type_id",
                                                    "t.title"
                                                ],
                                                "Inner Unique": true,
                                                "Hash Cond": "(ml.movie_id = t.id)",
                                                "Workers": [
                                                    {
                                                        "Worker Number": 0,
                                                        "Actual Startup Time": 4718.455,
                                                        "Actual Total Time": 4736.642,
                                                        "Actual Rows": 14588,
                                                        "Actual Loops": 1
                                                    }
                                                ],
                                                "Plans": [
                                                    {
                                                        "Node Type": "Merge Join",
                                                        "Parent Relationship": "Outer",
                                                        "Parallel Aware": false,
                                                        "Join Type": "Inner",
                                                        "Startup Cost": 50002628824.88,
                                                        "Total Cost": 50002631204.83,
                                                        "Plan Rows": 188279,
                                                        "Plan Width": 43,
                                                        "Actual Startup Time": 3979.836,
                                                        "Actual Total Time": 3992.48,
                                                        "Actual Rows": 32190,
                                                        "Actual Loops": 2,
                                                        "Output": [
                                                            "cn.name",
                                                            "mc.movie_id",
                                                            "mi.movie_id",
                                                            "mk.movie_id",
                                                            "mk.keyword_id",
                                                            "ml.link_type_id",
                                                            "ml.movie_id"
                                                        ],
                                                        "Inner Unique": false,
                                                        "Merge Cond": "(ml.movie_id = mk.movie_id)",
                                                        "Workers": [
                                                            {
                                                                "Worker Number": 0,
                                                                "Actual Startup Time": 4095.468,
                                                                "Actual Total Time": 4110.439,
                                                                "Actual Rows": 42160,
                                                                "Actual Loops": 1
                                                            }
                                                        ],
                                                        "Plans": [
                                                            {
                                                                "Node Type": "Sort",
                                                                "Parent Relationship": "Outer",
                                                                "Parallel Aware": false,
                                                                "Startup Cost": 40002059030.39,
                                                                "Total Cost": 40002059040.75,
                                                                "Plan Rows": 4141,
                                                                "Plan Width": 35,
                                                                "Actual Startup Time": 2848.345,
                                                                "Actual Total Time": 2848.536,
                                                                "Actual Rows": 2681,
                                                                "Actual Loops": 2,
                                                                "Output": [
                                                                    "cn.name",
                                                                    "mc.movie_id",
                                                                    "mi.movie_id",
                                                                    "ml.link_type_id",
                                                                    "ml.movie_id"
                                                                ],
                                                                "Sort Key": [
                                                                    "mc.movie_id"
                                                                ],
                                                                "Sort Method": "quicksort",
                                                                "Sort Space Used": 293,
                                                                "Sort Space Type": "Memory",
                                                                "Workers": [
                                                                    {
                                                                        "Worker Number": 0,
                                                                        "Actual Startup Time": 2848.346,
                                                                        "Actual Total Time": 2848.554,
                                                                        "Actual Rows": 2867,
                                                                        "Actual Loops": 1
                                                                    }
                                                                ],
                                                                "Plans": [
                                                                    {
                                                                        "Node Type": "Hash Join",
                                                                        "Parent Relationship": "Outer",
                                                                        "Parallel Aware": true,
                                                                        "Join Type": "Inner",
                                                                        "Startup Cost": 40002027621.81,
                                                                        "Total Cost": 40002058781.61,
                                                                        "Plan Rows": 4141,
                                                                        "Plan Width": 35,
                                                                        "Actual Startup Time": 2784.932,
                                                                        "Actual Total Time": 2847.759,
                                                                        "Actual Rows": 2681,
                                                                        "Actual Loops": 2,
                                                                        "Output": [
                                                                            "cn.name",
                                                                            "mc.movie_id",
                                                                            "mi.movie_id",
                                                                            "ml.link_type_id",
                                                                            "ml.movie_id"
                                                                        ],
                                                                        "Inner Unique": false,
                                                                        "Hash Cond": "(cn.id = mc.company_id)",
                                                                        "Workers": [
                                                                            {
                                                                                "Worker Number": 0,
                                                                                "Actual Startup Time": 2784.745,
                                                                                "Actual Total Time": 2847.593,
                                                                                "Actual Rows": 2867,
                                                                                "Actual Loops": 1
                                                                            }
                                                                        ],
                                                                        "Plans": [
                                                                            {
                                                                                "Node Type": "Index Scan",
                                                                                "Parent Relationship": "Outer",
                                                                                "Parallel Aware": true,
                                                                                "Scan Direction": "Forward",
                                                                                "Index Name": "company_name_pkey",
                                                                                "Relation Name": "company_name",
                                                                                "Schema": "public",
                                                                                "Alias": "cn",
                                                                                "Startup Cost": 10000000000.42,
                                                                                "Total Cost": 10000011936.07,
                                                                                "Plan Rows": 29842,
                                                                                "Plan Width": 23,
                                                                                "Actual Startup Time": 0.174,
                                                                                "Actual Total Time": 59.422,
                                                                                "Actual Rows": 24151,
                                                                                "Actual Loops": 2,
                                                                                "Output": [
                                                                                    "cn.id",
                                                                                    "cn.name",
                                                                                    "cn.country_code",
                                                                                    "cn.imdb_id",
                                                                                    "cn.name_pcode_nf",
                                                                                    "cn.name_pcode_sf",
                                                                                    "cn.md5sum"
                                                                                ],
                                                                                "Filter": "(((cn.country_code)::text <> '[pl]'::text) AND ((cn.name ~~ '%Film%'::text) OR (cn.name ~~ '%Warner%'::text)))",
                                                                                "Rows Removed by Filter": 93348,
                                                                                "Workers": [
                                                                                    {
                                                                                        "Worker Number": 0,
                                                                                        "Actual Startup Time": 0.161,
                                                                                        "Actual Total Time": 59.444,
                                                                                        "Actual Rows": 23704,
                                                                                        "Actual Loops": 1
                                                                                    }
                                                                                ]
                                                                            },
                                                                            {
                                                                                "Node Type": "Hash",
                                                                                "Parent Relationship": "Inner",
                                                                                "Parallel Aware": true,
                                                                                "Startup Cost": 30002027489.91,
                                                                                "Total Cost": 30002027489.91,
                                                                                "Plan Rows": 10519,
                                                                                "Plan Width": 20,
                                                                                "Actual Startup Time": 2784.501,
                                                                                "Actual Total Time": 2784.511,
                                                                                "Actual Rows": 19290,
                                                                                "Actual Loops": 2,
                                                                                "Output": [
                                                                                    "mc.movie_id",
                                                                                    "mc.company_id",
                                                                                    "mi.movie_id",
                                                                                    "ml.link_type_id",
                                                                                    "ml.movie_id"
                                                                                ],
                                                                                "Hash Buckets": 65536,
                                                                                "Original Hash Buckets": 32768,
                                                                                "Hash Batches": 1,
                                                                                "Original Hash Batches": 1,
                                                                                "Peak Memory Usage": 2912,
                                                                                "Workers": [
                                                                                    {
                                                                                        "Worker Number": 0,
                                                                                        "Actual Startup Time": 2784.543,
                                                                                        "Actual Total Time": 2784.55,
                                                                                        "Actual Rows": 19311,
                                                                                        "Actual Loops": 1
                                                                                    }
                                                                                ],
                                                                                "Plans": [
                                                                                    {
                                                                                        "Node Type": "Hash Join",
                                                                                        "Parent Relationship": "Outer",
                                                                                        "Parallel Aware": false,
                                                                                        "Join Type": "Inner",
                                                                                        "Startup Cost": 30000000002.72,
                                                                                        "Total Cost": 30002027489.91,
                                                                                        "Plan Rows": 10519,
                                                                                        "Plan Width": 20,
                                                                                        "Actual Startup Time": 321.042,
                                                                                        "Actual Total Time": 2769.456,
                                                                                        "Actual Rows": 19290,
                                                                                        "Actual Loops": 2,
                                                                                        "Output": [
                                                                                            "mc.movie_id",
                                                                                            "mc.company_id",
                                                                                            "mi.movie_id",
                                                                                            "ml.link_type_id",
                                                                                            "ml.movie_id"
                                                                                        ],
                                                                                        "Inner Unique": false,
                                                                                        "Hash Cond": "(mc.company_type_id = ct.id)",
                                                                                        "Workers": [
                                                                                            {
                                                                                                "Worker Number": 0,
                                                                                                "Actual Startup Time": 320.88,
                                                                                                "Actual Total Time": 2774.998,
                                                                                                "Actual Rows": 19311,
                                                                                                "Actual Loops": 1
                                                                                            }
                                                                                        ],
                                                                                        "Plans": [
                                                                                            {
                                                                                                "Node Type": "Nested Loop",
                                                                                                "Parent Relationship": "Outer",
                                                                                                "Parallel Aware": false,
                                                                                                "Join Type": "Inner",
                                                                                                "Startup Cost": 20000000001.66,
                                                                                                "Total Cost": 20002027225.87,
                                                                                                "Plan Rows": 42075,
                                                                                                "Plan Width": 24,
                                                                                                "Actual Startup Time": 0.408,
                                                                                                "Actual Total Time": 2761.952,
                                                                                                "Actual Rows": 23299,
                                                                                                "Actual Loops": 2,
                                                                                                "Output": [
                                                                                                    "mc.movie_id",
                                                                                                    "mc.company_type_id",
                                                                                                    "mc.company_id",
                                                                                                    "mi.movie_id",
                                                                                                    "ml.link_type_id",
                                                                                                    "ml.movie_id"
                                                                                                ],
                                                                                                "Inner Unique": false,
                                                                                                "Join Filter": "(ml.movie_id = mi.movie_id)",
                                                                                                "Rows Removed by Join Filter": 0,
                                                                                                "Workers": [
                                                                                                    {
                                                                                                        "Worker Number": 0,
                                                                                                        "Actual Startup Time": 0.73,
                                                                                                        "Actual Total Time": 2766.743,
                                                                                                        "Actual Rows": 23000,
                                                                                                        "Actual Loops": 1
                                                                                                    }
                                                                                                ],
                                                                                                "Plans": [
                                                                                                    {
                                                                                                        "Node Type": "Nested Loop",
                                                                                                        "Parent Relationship": "Outer",
                                                                                                        "Parallel Aware": false,
                                                                                                        "Join Type": "Inner",
                                                                                                        "Startup Cost": 10000000000.76,
                                                                                                        "Total Cost": 10001879224.11,
                                                                                                        "Plan Rows": 25297,
                                                                                                        "Plan Width": 20,
                                                                                                        "Actual Startup Time": 0.317,
                                                                                                        "Actual Total Time": 2289.626,
                                                                                                        "Actual Rows": 21513,
                                                                                                        "Actual Loops": 2,
                                                                                                        "Output": [
                                                                                                            "mc.movie_id",
                                                                                                            "mc.company_type_id",
                                                                                                            "mc.company_id",
                                                                                                            "ml.link_type_id",
                                                                                                            "ml.movie_id"
                                                                                                        ],
                                                                                                        "Inner Unique": false,
                                                                                                        "Workers": [
                                                                                                            {
                                                                                                                "Worker Number": 0,
                                                                                                                "Actual Startup Time": 0.584,
                                                                                                                "Actual Total Time": 2296.519,
                                                                                                                "Actual Rows": 25042,
                                                                                                                "Actual Loops": 1
                                                                                                            }
                                                                                                        ],
                                                                                                        "Plans": [
                                                                                                            {
                                                                                                                "Node Type": "Index Scan",
                                                                                                                "Parent Relationship": "Outer",
                                                                                                                "Parallel Aware": true,
                                                                                                                "Scan Direction": "Forward",
                                                                                                                "Index Name": "company_type_id_movie_companies",
                                                                                                                "Relation Name": "movie_companies",
                                                                                                                "Schema": "public",
                                                                                                                "Alias": "mc",
                                                                                                                "Startup Cost": 0.43,
                                                                                                                "Total Cost": 67155.62,
                                                                                                                "Plan Rows": 408203,
                                                                                                                "Plan Width": 12,
                                                                                                                "Actual Startup Time": 0.062,
                                                                                                                "Actual Total Time": 361.238,
                                                                                                                "Actual Rows": 635994,
                                                                                                                "Actual Loops": 2,
                                                                                                                "Output": [
                                                                                                                    "mc.id",
                                                                                                                    "mc.movie_id",
                                                                                                                    "mc.company_id",
                                                                                                                    "mc.company_type_id",
                                                                                                                    "mc.note"
                                                                                                                ],
                                                                                                                "Filter": "(mc.note IS NULL)",
                                                                                                                "Rows Removed by Filter": 668570,
                                                                                                                "Workers": [
                                                                                                                    {
                                                                                                                        "Worker Number": 0,
                                                                                                                        "Actual Startup Time": 0.096,
                                                                                                                        "Actual Total Time": 379.358,
                                                                                                                        "Actual Rows": 634662,
                                                                                                                        "Actual Loops": 1
                                                                                                                    }
                                                                                                                ]
                                                                                                            },
                                                                                                            {
                                                                                                                "Node Type": "Bitmap Heap Scan",
                                                                                                                "Parent Relationship": "Inner",
                                                                                                                "Parallel Aware": false,
                                                                                                                "Relation Name": "movie_link",
                                                                                                                "Schema": "public",
                                                                                                                "Alias": "ml",
                                                                                                                "Startup Cost": 0.33,
                                                                                                                "Total Cost": 4.39,
                                                                                                                "Plan Rows": 5,
                                                                                                                "Plan Width": 8,
                                                                                                                "Actual Startup Time": 0.002,
                                                                                                                "Actual Total Time": 0.002,
                                                                                                                "Actual Rows": 0,
                                                                                                                "Actual Loops": 1271989,
                                                                                                                "Output": [
                                                                                                                    "ml.id",
                                                                                                                    "ml.movie_id",
                                                                                                                    "ml.linked_movie_id",
                                                                                                                    "ml.link_type_id"
                                                                                                                ],
                                                                                                                "Recheck Cond": "(ml.movie_id = mc.movie_id)",
                                                                                                                "Rows Removed by Index Recheck": 0,
                                                                                                                "Exact Heap Blocks": 2506,
                                                                                                                "Lossy Heap Blocks": 0,
                                                                                                                "Workers": [
                                                                                                                    {
                                                                                                                        "Worker Number": 0,
                                                                                                                        "Actual Startup Time": 0.002,
                                                                                                                        "Actual Total Time": 0.002,
                                                                                                                        "Actual Rows": 0,
                                                                                                                        "Actual Loops": 634662
                                                                                                                    }
                                                                                                                ],
                                                                                                                "Plans": [
                                                                                                                    {
                                                                                                                        "Node Type": "Bitmap Index Scan",
                                                                                                                        "Parent Relationship": "Outer",
                                                                                                                        "Parallel Aware": false,
                                                                                                                        "Index Name": "movie_id_movie_link",
                                                                                                                        "Startup Cost": 0.0,
                                                                                                                        "Total Cost": 0.33,
                                                                                                                        "Plan Rows": 5,
                                                                                                                        "Plan Width": 0,
                                                                                                                        "Actual Startup Time": 0.001,
                                                                                                                        "Actual Total Time": 0.001,
                                                                                                                        "Actual Rows": 0,
                                                                                                                        "Actual Loops": 1271989,
                                                                                                                        "Index Cond": "(ml.movie_id = mc.movie_id)",
                                                                                                                        "Workers": [
                                                                                                                            {
                                                                                                                                "Worker Number": 0,
                                                                                                                                "Actual Startup Time": 0.001,
                                                                                                                                "Actual Total Time": 0.001,
                                                                                                                                "Actual Rows": 0,
                                                                                                                                "Actual Loops": 634662
                                                                                                                            }
                                                                                                                        ]
                                                                                                                    }
                                                                                                                ]
                                                                                                            }
                                                                                                        ]
                                                                                                    },
                                                                                                    {
                                                                                                        "Node Type": "Bitmap Heap Scan",
                                                                                                        "Parent Relationship": "Inner",
                                                                                                        "Parallel Aware": false,
                                                                                                        "Relation Name": "movie_info",
                                                                                                        "Schema": "public",
                                                                                                        "Alias": "mi",
                                                                                                        "Startup Cost": 0.9,
                                                                                                        "Total Cost": 5.83,
                                                                                                        "Plan Rows": 2,
                                                                                                        "Plan Width": 4,
                                                                                                        "Actual Startup Time": 0.019,
                                                                                                        "Actual Total Time": 0.02,
                                                                                                        "Actual Rows": 1,
                                                                                                        "Actual Loops": 43026,
                                                                                                        "Output": [
                                                                                                            "mi.id",
                                                                                                            "mi.movie_id",
                                                                                                            "mi.info_type_id",
                                                                                                            "mi.info",
                                                                                                            "mi.note"
                                                                                                        ],
                                                                                                        "Recheck Cond": "(mi.movie_id = mc.movie_id)",
                                                                                                        "Rows Removed by Index Recheck": 0,
                                                                                                        "Filter": "(mi.info = ANY ('{American,English,Norwegian,Swedish,Denmark,Norway,Bulgaria,Germany,Sweden}'::text[]))",
                                                                                                        "Rows Removed by Filter": 55,
                                                                                                        "Exact Heap Blocks": 271113,
                                                                                                        "Lossy Heap Blocks": 0,
                                                                                                        "Workers": [
                                                                                                            {
                                                                                                                "Worker Number": 0,
                                                                                                                "Actual Startup Time": 0.017,
                                                                                                                "Actual Total Time": 0.017,
                                                                                                                "Actual Rows": 1,
                                                                                                                "Actual Loops": 25042
                                                                                                            }
                                                                                                        ],
                                                                                                        "Plans": [
                                                                                                            {
                                                                                                                "Node Type": "Bitmap Index Scan",
                                                                                                                "Parent Relationship": "Outer",
                                                                                                                "Parallel Aware": false,
                                                                                                                "Index Name": "movie_id_movie_info",
                                                                                                                "Startup Cost": 0.0,
                                                                                                                "Total Cost": 0.9,
                                                                                                                "Plan Rows": 39,
                                                                                                                "Plan Width": 0,
                                                                                                                "Actual Startup Time": 0.004,
                                                                                                                "Actual Total Time": 0.004,
                                                                                                                "Actual Rows": 57,
                                                                                                                "Actual Loops": 43026,
                                                                                                                "Index Cond": "(mi.movie_id = mc.movie_id)",
                                                                                                                "Workers": [
                                                                                                                    {
                                                                                                                        "Worker Number": 0,
                                                                                                                        "Actual Startup Time": 0.004,
                                                                                                                        "Actual Total Time": 0.004,
                                                                                                                        "Actual Rows": 42,
                                                                                                                        "Actual Loops": 25042
                                                                                                                    }
                                                                                                                ]
                                                                                                            }
                                                                                                        ]
                                                                                                    }
                                                                                                ]
                                                                                            },
                                                                                            {
                                                                                                "Node Type": "Hash",
                                                                                                "Parent Relationship": "Inner",
                                                                                                "Parallel Aware": false,
                                                                                                "Startup Cost": 10000000001.05,
                                                                                                "Total Cost": 10000000001.05,
                                                                                                "Plan Rows": 1,
                                                                                                "Plan Width": 4,
                                                                                                "Actual Startup Time": 0.072,
                                                                                                "Actual Total Time": 0.073,
                                                                                                "Actual Rows": 1,
                                                                                                "Actual Loops": 2,
                                                                                                "Output": [
                                                                                                    "ct.id"
                                                                                                ],
                                                                                                "Hash Buckets": 1024,
                                                                                                "Original Hash Buckets": 1024,
                                                                                                "Hash Batches": 1,
                                                                                                "Original Hash Batches": 1,
                                                                                                "Peak Memory Usage": 9,
                                                                                                "Workers": [
                                                                                                    {
                                                                                                        "Worker Number": 0,
                                                                                                        "Actual Startup Time": 0.125,
                                                                                                        "Actual Total Time": 0.125,
                                                                                                        "Actual Rows": 1,
                                                                                                        "Actual Loops": 1
                                                                                                    }
                                                                                                ],
                                                                                                "Plans": [
                                                                                                    {
                                                                                                        "Node Type": "Seq Scan",
                                                                                                        "Parent Relationship": "Outer",
                                                                                                        "Parallel Aware": false,
                                                                                                        "Relation Name": "company_type",
                                                                                                        "Schema": "public",
                                                                                                        "Alias": "ct",
                                                                                                        "Startup Cost": 10000000000.0,
                                                                                                        "Total Cost": 10000000001.05,
                                                                                                        "Plan Rows": 1,
                                                                                                        "Plan Width": 4,
                                                                                                        "Actual Startup Time": 0.064,
                                                                                                        "Actual Total Time": 0.065,
                                                                                                        "Actual Rows": 1,
                                                                                                        "Actual Loops": 2,
                                                                                                        "Output": [
                                                                                                            "ct.id"
                                                                                                        ],
                                                                                                        "Filter": "((ct.kind)::text = 'production companies'::text)",
                                                                                                        "Rows Removed by Filter": 3,
                                                                                                        "Workers": [
                                                                                                            {
                                                                                                                "Worker Number": 0,
                                                                                                                "Actual Startup Time": 0.111,
                                                                                                                "Actual Total Time": 0.112,
                                                                                                                "Actual Rows": 1,
                                                                                                                "Actual Loops": 1
                                                                                                            }
                                                                                                        ]
                                                                                                    }
                                                                                                ]
                                                                                            }
                                                                                        ]
                                                                                    }
                                                                                ]
                                                                            }
                                                                        ]
                                                                    }
                                                                ]
                                                            },
                                                            {
                                                                "Node Type": "Sort",
                                                                "Parent Relationship": "Inner",
                                                                "Parallel Aware": false,
                                                                "Startup Cost": 10000569794.43,
                                                                "Total Cost": 10000581104.25,
                                                                "Plan Rows": 4523930,
                                                                "Plan Width": 8,
                                                                "Actual Startup Time": 1131.41,
                                                                "Actual Total Time": 1135.704,
                                                                "Actual Rows": 112688,
                                                                "Actual Loops": 2,
                                                                "Output": [
                                                                    "mk.movie_id",
                                                                    "mk.keyword_id"
                                                                ],
                                                                "Sort Key": [
                                                                    "mk.movie_id"
                                                                ],
                                                                "Sort Method": "quicksort",
                                                                "Sort Space Used": 408668,
                                                                "Sort Space Type": "Memory",
                                                                "Workers": [
                                                                    {
                                                                        "Worker Number": 0,
                                                                        "Actual Startup Time": 1247.107,
                                                                        "Actual Total Time": 1251.944,
                                                                        "Actual Rows": 121793,
                                                                        "Actual Loops": 1
                                                                    }
                                                                ],
                                                                "Plans": [
                                                                    {
                                                                        "Node Type": "Seq Scan",
                                                                        "Parent Relationship": "Outer",
                                                                        "Parallel Aware": false,
                                                                        "Relation Name": "movie_keyword",
                                                                        "Schema": "public",
                                                                        "Alias": "mk",
                                                                        "Startup Cost": 10000000000.0,
                                                                        "Total Cost": 10000069693.3,
                                                                        "Plan Rows": 4523930,
                                                                        "Plan Width": 8,
                                                                        "Actual Startup Time": 0.024,
                                                                        "Actual Total Time": 390.734,
                                                                        "Actual Rows": 4523930,
                                                                        "Actual Loops": 2,
                                                                        "Output": [
                                                                            "mk.movie_id",
                                                                            "mk.keyword_id"
                                                                        ],
                                                                        "Workers": [
                                                                            {
                                                                                "Worker Number": 0,
                                                                                "Actual Startup Time": 0.033,
                                                                                "Actual Total Time": 409.979,
                                                                                "Actual Rows": 4523930,
                                                                                "Actual Loops": 1
                                                                            }
                                                                        ]
                                                                    }
                                                                ]
                                                            }
                                                        ]
                                                    },
                                                    {
                                                        "Node Type": "Hash",
                                                        "Parent Relationship": "Inner",
                                                        "Parallel Aware": true,
                                                        "Startup Cost": 94540.09,
                                                        "Total Cost": 94540.09,
                                                        "Plan Rows": 59894,
                                                        "Plan Width": 21,
                                                        "Actual Startup Time": 625.751,
                                                        "Actual Total Time": 625.752,
                                                        "Actual Rows": 119538,
                                                        "Actual Loops": 2,
                                                        "Output": [
                                                            "t.title",
                                                            "t.id"
                                                        ],
                                                        "Hash Buckets": 262144,
                                                        "Original Hash Buckets": 262144,
                                                        "Hash Batches": 1,
                                                        "Original Hash Batches": 1,
                                                        "Peak Memory Usage": 15424,
                                                        "Workers": [
                                                            {
                                                                "Worker Number": 0,
                                                                "Actual Startup Time": 621.21,
                                                                "Actual Total Time": 621.211,
                                                                "Actual Rows": 116479,
                                                                "Actual Loops": 1
                                                            }
                                                        ],
                                                        "Plans": [
                                                            {
                                                                "Node Type": "Index Scan",
                                                                "Parent Relationship": "Outer",
                                                                "Parallel Aware": true,
                                                                "Scan Direction": "Forward",
                                                                "Index Name": "title_pkey",
                                                                "Relation Name": "title",
                                                                "Schema": "public",
                                                                "Alias": "t",
                                                                "Startup Cost": 0.43,
                                                                "Total Cost": 94540.09,
                                                                "Plan Rows": 59894,
                                                                "Plan Width": 21,
                                                                "Actual Startup Time": 3.112,
                                                                "Actual Total Time": 587.475,
                                                                "Actual Rows": 119538,
                                                                "Actual Loops": 2,
                                                                "Output": [
                                                                    "t.title",
                                                                    "t.id"
                                                                ],
                                                                "Filter": "((t.production_year >= 1994) AND (t.production_year <= 1999))",
                                                                "Rows Removed by Filter": 1144618,
                                                                "Workers": [
                                                                    {
                                                                        "Worker Number": 0,
                                                                        "Actual Startup Time": 6.189,
                                                                        "Actual Total Time": 583.407,
                                                                        "Actual Rows": 116479,
                                                                        "Actual Loops": 1
                                                                    }
                                                                ]
                                                            }
                                                        ]
                                                    }
                                                ]
                                            }
                                        ]
                                    },
                                    {
                                        "Node Type": "Index Scan",
                                        "Parent Relationship": "Inner",
                                        "Parallel Aware": false,
                                        "Scan Direction": "Forward",
                                        "Index Name": "link_type_pkey",
                                        "Relation Name": "link_type",
                                        "Schema": "public",
                                        "Alias": "lt",
                                        "Startup Cost": 0.14,
                                        "Total Cost": 12.45,
                                        "Plan Rows": 1,
                                        "Plan Width": 16,
                                        "Actual Startup Time": 0.034,
                                        "Actual Total Time": 0.042,
                                        "Actual Rows": 2,
                                        "Actual Loops": 2,
                                        "Output": [
                                            "lt.id",
                                            "lt.link"
                                        ],
                                        "Filter": "((lt.link)::text ~~ '%follow%'::text)",
                                        "Rows Removed by Filter": 16,
                                        "Workers": [
                                            {
                                                "Worker Number": 0,
                                                "Actual Startup Time": 0.041,
                                                "Actual Total Time": 0.049,
                                                "Actual Rows": 2,
                                                "Actual Loops": 1
                                            }
                                        ]
                                    }
                                ]
                            },
                            {
                                "Node Type": "Bitmap Heap Scan",
                                "Parent Relationship": "Inner",
                                "Parallel Aware": false,
                                "Relation Name": "keyword",
                                "Schema": "public",
                                "Alias": "k",
                                "Startup Cost": 0.43,
                                "Total Cost": 4.44,
                                "Plan Rows": 1,
                                "Plan Width": 4,
                                "Actual Startup Time": 0.003,
                                "Actual Total Time": 0.003,
                                "Actual Rows": 0,
                                "Actual Loops": 24813,
                                "Output": [
                                    "k.id",
                                    "k.keyword",
                                    "k.phonetic_code"
                                ],
                                "Recheck Cond": "(k.id = mk.keyword_id)",
                                "Rows Removed by Index Recheck": 0,
                                "Filter": "(k.keyword = 'sequel'::text)",
                                "Rows Removed by Filter": 1,
                                "Exact Heap Blocks": 12609,
                                "Lossy Heap Blocks": 0,
                                "Workers": [
                                    {
                                        "Worker Number": 0,
                                        "Actual Startup Time": 0.003,
                                        "Actual Total Time": 0.003,
                                        "Actual Rows": 0,
                                        "Actual Loops": 12204
                                    }
                                ],
                                "Plans": [
                                    {
                                        "Node Type": "Bitmap Index Scan",
                                        "Parent Relationship": "Outer",
                                        "Parallel Aware": false,
                                        "Index Name": "keyword_pkey",
                                        "Startup Cost": 0.0,
                                        "Total Cost": 0.43,
                                        "Plan Rows": 1,
                                        "Plan Width": 0,
                                        "Actual Startup Time": 0.002,
                                        "Actual Total Time": 0.002,
                                        "Actual Rows": 1,
                                        "Actual Loops": 24813,
                                        "Index Cond": "(k.id = mk.keyword_id)",
                                        "Workers": [
                                            {
                                                "Worker Number": 0,
                                                "Actual Startup Time": 0.002,
                                                "Actual Total Time": 0.002,
                                                "Actual Rows": 1,
                                                "Actual Loops": 12204
                                            }
                                        ]
                                    }
                                ]
                            }
                        ]
                    }
                ]
            }
        ]
    },
    "Planning Time": 14.226,
    "Triggers": [],
    "Execution Time": 4884.801
}