{
  "Plan": {
    "Node Type": "Aggregate",
    "Strategy": "Plain",
    "Partial Mode": "Finalize",
    "Parallel Aware": false,
    "Startup Cost": 355886.57,
    "Total Cost": 355886.58,
    "Plan Rows": 1,
    "Plan Width": 8,
    "Actual Startup Time": 2175.462,
    "Actual Total Time": 2224.704,
    "Actual Rows": 1,
    "Actual Loops": 1,
    "Plans": [
      {
        "Node Type": "Gather",
        "Parent Relationship": "Outer",
        "Parallel Aware": false,
        "Startup Cost": 355886.46,
        "Total Cost": 355886.57,
        "Plan Rows": 1,
        "Plan Width": 8,
        "Actual Startup Time": 2173.742,
        "Actual Total Time": 2224.695,
        "Actual Rows": 2,
        "Actual Loops": 1,
        "Workers Planned": 1,
        "Workers Launched": 1,
        "Single Copy": false,
        "Plans": [
          {
            "Node Type": "Aggregate",
            "Strategy": "Plain",
            "Partial Mode": "Partial",
            "Parent Relationship": "Outer",
            "Parallel Aware": false,
            "Startup Cost": 354886.46,
            "Total Cost": 354886.47,
            "Plan Rows": 1,
            "Plan Width": 8,
            "Actual Startup Time": 2167.957,
            "Actual Total Time": 2167.961,
            "Actual Rows": 1,
            "Actual Loops": 2,
            "Plans": [
              {
                "Node Type": "Hash Join",
                "Parent Relationship": "Outer",
                "Parallel Aware": true,
                "Join Type": "Inner",
                "Startup Cost": 64726.58,
                "Total Cost": 350069.29,
                "Plan Rows": 1926868,
                "Plan Width": 0,
                "Actual Startup Time": 271.766,
                "Actual Total Time": 2029.74,
                "Actual Rows": 3527264,
                "Actual Loops": 2,
                "Inner Unique": true,
                "Hash Cond": "(mi.movie_id = t.id)",
                "Plans": [
                  {
                    "Node Type": "Seq Scan",
                    "Parent Relationship": "Outer",
                    "Parallel Aware": true,
                    "Relation Name": "movie_info",
                    "Alias": "mi",
                    "Startup Cost": 0.0,
                    "Total Cost": 270696.42,
                    "Plan Rows": 5579529,
                    "Plan Width": 4,
                    "Actual Startup Time": 0.01,
                    "Actual Total Time": 723.045,
                    "Actual Rows": 4782576,
                    "Actual Loops": 2,
                    "Filter": "(info_type_id < 16)",
                    "Rows Removed by Filter": 2635284
                  },
                  {
                    "Node Type": "Hash",
                    "Parent Relationship": "Inner",
                    "Parallel Aware": true,
                    "Startup Cost": 58306.47,
                    "Total Cost": 58306.47,
                    "Plan Rows": 513609,
                    "Plan Width": 4,
                    "Actual Startup Time": 259.85,
                    "Actual Total Time": 259.851,
                    "Actual Rows": 448394,
                    "Actual Loops": 2,
                    "Hash Buckets": 1048576,
                    "Original Hash Buckets": 1048576,
                    "Hash Batches": 1,
                    "Original Hash Batches": 1,
                    "Peak Memory Usage": 43296,
                    "Plans": [
                      {
                        "Node Type": "Seq Scan",
                        "Parent Relationship": "Outer",
                        "Parallel Aware": true,
                        "Relation Name": "title",
                        "Alias": "t",
                        "Startup Cost": 0.0,
                        "Total Cost": 58306.47,
                        "Plan Rows": 513609,
                        "Plan Width": 4,
                        "Actual Startup Time": 0.039,
                        "Actual Total Time": 157.919,
                        "Actual Rows": 448394,
                        "Actual Loops": 2,
                        "Filter": "((kind_id < 7) AND (production_year < 2012))",
                        "Rows Removed by Filter": 815762
                      }
                    ]
                  }
                ]
              }
            ]
          }
        ]
      }
    ]
  },
  "Planning Time": 0.655,
  "Triggers": [],
  "Execution Time": 2224.786
}