{
  "Plan": {
    "Node Type": "Aggregate",
    "Strategy": "Plain",
    "Partial Mode": "Finalize",
    "Parallel Aware": false,
    "Startup Cost": 111833.02,
    "Total Cost": 111833.03,
    "Plan Rows": 1,
    "Plan Width": 8,
    "Actual Startup Time": 827.436,
    "Actual Total Time": 845.578,
    "Actual Rows": 1,
    "Actual Loops": 1,
    "Plans": [
      {
        "Node Type": "Gather",
        "Parent Relationship": "Outer",
        "Parallel Aware": false,
        "Startup Cost": 111832.91,
        "Total Cost": 111833.02,
        "Plan Rows": 1,
        "Plan Width": 8,
        "Actual Startup Time": 822.48,
        "Actual Total Time": 845.57,
        "Actual Rows": 2,
        "Actual Loops": 1,
        "Workers Planned": 1,
        "Workers Launched": 1,
        "Single Copy": false,
        "Plans": [
          {
            "Node Type": "Aggregate",
            "Strategy": "Plain",
            "Partial Mode": "Partial",
            "Parent Relationship": "Outer",
            "Parallel Aware": false,
            "Startup Cost": 110832.91,
            "Total Cost": 110832.92,
            "Plan Rows": 1,
            "Plan Width": 8,
            "Actual Startup Time": 814.967,
            "Actual Total Time": 814.97,
            "Actual Rows": 1,
            "Actual Loops": 2,
            "Plans": [
              {
                "Node Type": "Hash Join",
                "Parent Relationship": "Outer",
                "Parallel Aware": true,
                "Join Type": "Inner",
                "Startup Cost": 69626.33,
                "Total Cost": 109646.66,
                "Plan Rows": 474499,
                "Plan Width": 0,
                "Actual Startup Time": 523.242,
                "Actual Total Time": 800.298,
                "Actual Rows": 289170,
                "Actual Loops": 2,
                "Inner Unique": true,
                "Hash Cond": "(mc.movie_id = t.id)",
                "Plans": [
                  {
                    "Node Type": "Seq Scan",
                    "Parent Relationship": "Outer",
                    "Parallel Aware": true,
                    "Relation Name": "movie_companies",
                    "Alias": "mc",
                    "Startup Cost": 0.0,
                    "Total Cost": 37974.77,
                    "Plan Rows": 779260,
                    "Plan Width": 4,
                    "Actual Startup Time": 55.646,
                    "Actual Total Time": 135.572,
                    "Actual Rows": 667442,
                    "Actual Loops": 2,
                    "Filter": "(company_type_id > 1)",
                    "Rows Removed by Filter": 637123
                  },
                  {
                    "Node Type": "Hash",
                    "Parent Relationship": "Inner",
                    "Parallel Aware": true,
                    "Startup Cost": 58306.47,
                    "Total Cost": 58306.47,
                    "Plan Rows": 905589,
                    "Plan Width": 4,
                    "Actual Startup Time": 452.55,
                    "Actual Total Time": 452.551,
                    "Actual Rows": 824770,
                    "Actual Loops": 2,
                    "Hash Buckets": 2097152,
                    "Original Hash Buckets": 2097152,
                    "Hash Batches": 1,
                    "Original Hash Batches": 1,
                    "Peak Memory Usage": 80960,
                    "Plans": [
                      {
                        "Node Type": "Seq Scan",
                        "Parent Relationship": "Outer",
                        "Parallel Aware": true,
                        "Relation Name": "title",
                        "Alias": "t",
                        "Startup Cost": 0.0,
                        "Total Cost": 58306.47,
                        "Plan Rows": 905589,
                        "Plan Width": 4,
                        "Actual Startup Time": 0.027,
                        "Actual Total Time": 207.026,
                        "Actual Rows": 824770,
                        "Actual Loops": 2,
                        "Filter": "((kind_id > 1) AND (production_year > 1970))",
                        "Rows Removed by Filter": 439386
                      }
                    ]
                  }
                ]
              }
            ]
          }
        ]
      }
    ]
  },
  "Planning Time": 0.705,
  "Triggers": [],
  "Execution Time": 845.645
}