[
  {
    "Plan": {
      "Node Type": "Aggregate",
      "Strategy": "Plain",
      "Partial Mode": "Finalize",
      "Parallel Aware": false,
      "Startup Cost": 431868.97,
      "Total Cost": 431868.98,
      "Plan Rows": 1,
      "Plan Width": 8,
      "Actual Startup Time": 1555.027,
      "Actual Total Time": 1621.897,
      "Actual Rows": 1,
      "Actual Loops": 1,
      "Plans": [
        {
          "Node Type": "Gather",
          "Parent Relationship": "Outer",
          "Parallel Aware": false,
          "Startup Cost": 431868.35,
          "Total Cost": 431868.96,
          "Plan Rows": 6,
          "Plan Width": 8,
          "Actual Startup Time": 1546.988,
          "Actual Total Time": 1621.878,
          "Actual Rows": 7,
          "Actual Loops": 1,
          "Workers Planned": 6,
          "Workers Launched": 6,
          "Single Copy": false,
          "Plans": [
            {
              "Node Type": "Aggregate",
              "Strategy": "Plain",
              "Partial Mode": "Partial",
              "Parent Relationship": "Outer",
              "Parallel Aware": false,
              "Startup Cost": 430868.35,
              "Total Cost": 430868.36,
              "Plan Rows": 1,
              "Plan Width": 8,
              "Actual Startup Time": 1535.878,
              "Actual Total Time": 1535.946,
              "Actual Rows": 1,
              "Actual Loops": 7,
              "Plans": [
                {
                  "Node Type": "Hash Join",
                  "Parent Relationship": "Outer",
                  "Parallel Aware": true,
                  "Join Type": "Inner",
                  "Startup Cost": 79402.75,
                  "Total Cost": 428036.93,
                  "Plan Rows": 1132567,
                  "Plan Width": 0,
                  "Actual Startup Time": 359.617,
                  "Actual Total Time": 1501.47,
                  "Actual Rows": 743937,
                  "Actual Loops": 7,
                  "Inner Unique": false,
                  "Hash Cond": "(ci.movie_id = t.id)",
                  "Plans": [
                    {
                      "Node Type": "Seq Scan",
                      "Parent Relationship": "Outer",
                      "Parallel Aware": true,
                      "Relation Name": "cast_info",
                      "Alias": "ci",
                      "Startup Cost": 0.0,
                      "Total Cost": 328162.03,
                      "Plan Rows": 4484991,
                      "Plan Width": 4,
                      "Actual Startup Time": 94.864,
                      "Actual Total Time": 632.096,
                      "Actual Rows": 3830933,
                      "Actual Loops": 7,
                      "Filter": "(person_id > 927880)",
                      "Rows Removed by Filter": 1346831
                    },
                    {
                      "Node Type": "Hash",
                      "Parent Relationship": "Inner",
                      "Parallel Aware": true,
                      "Startup Cost": 76828.34,
                      "Total Cost": 76828.34,
                      "Plan Rows": 205953,
                      "Plan Width": 8,
                      "Actual Startup Time": 261.182,
                      "Actual Total Time": 261.248,
                      "Actual Rows": 50139,
                      "Actual Loops": 7,
                      "Hash Buckets": 1048576,
                      "Original Hash Buckets": 1048576,
                      "Hash Batches": 1,
                      "Original Hash Batches": 1,
                      "Peak Memory Usage": 22016,
                      "Plans": [
                        {
                          "Node Type": "Hash Join",
                          "Parent Relationship": "Outer",
                          "Parallel Aware": true,
                          "Join Type": "Inner",
                          "Startup Cost": 47412.45,
                          "Total Cost": 76828.34,
                          "Plan Rows": 205953,
                          "Plan Width": 8,
                          "Actual Startup Time": 123.343,
                          "Actual Total Time": 235.232,
                          "Actual Rows": 50139,
                          "Actual Loops": 7,
                          "Inner Unique": true,
                          "Hash Cond": "(mc.movie_id = t.id)",
                          "Plans": [
                            {
                              "Node Type": "Seq Scan",
                              "Parent Relationship": "Outer",
                              "Parallel Aware": true,
                              "Relation Name": "movie_companies",
                              "Alias": "mc",
                              "Startup Cost": 0.0,
                              "Total Cost": 27206.55,
                              "Plan Rows": 841655,
                              "Plan Width": 4,
                              "Actual Startup Time": 0.024,
                              "Actual Total Time": 40.592,
                              "Actual Rows": 372733,
                              "Actual Loops": 7
                            },
                            {
                              "Node Type": "Hash",
                              "Parent Relationship": "Inner",
                              "Parallel Aware": true,
                              "Startup Cost": 45479.1,
                              "Total Cost": 45479.1,
                              "Plan Rows": 154668,
                              "Plan Width": 4,
                              "Actual Startup Time": 121.473,
                              "Actual Total Time": 121.474,
                              "Actual Rows": 74449,
                              "Actual Loops": 7,
                              "Hash Buckets": 1048576,
                              "Original Hash Buckets": 1048576,
                              "Hash Batches": 1,
                              "Original Hash Batches": 1,
                              "Peak Memory Usage": 28736,
                              "Plans": [
                                {
                                  "Node Type": "Seq Scan",
                                  "Parent Relationship": "Outer",
                                  "Parallel Aware": true,
                                  "Relation Name": "title",
                                  "Alias": "t",
                                  "Startup Cost": 0.0,
                                  "Total Cost": 45479.1,
                                  "Plan Rows": 154668,
                                  "Plan Width": 4,
                                  "Actual Startup Time": 0.048,
                                  "Actual Total Time": 77.964,
                                  "Actual Rows": 74449,
                                  "Actual Loops": 7,
                                  "Filter": "((production_year < 2000) AND (kind_id = 7))",
                                  "Rows Removed by Filter": 286739
                                }
                              ]
                            }
                          ]
                        }
                      ]
                    }
                  ]
                }
              ]
            }
          ]
        }
      ]
    },
    "Planning Time": 1.455,
    "Triggers": [],
    "Execution Time": 1622.0
  }
]