[
  {
    "Plan": {
      "Node Type": "Aggregate",
      "Strategy": "Plain",
      "Partial Mode": "Finalize",
      "Parallel Aware": false,
      "Startup Cost": 354343.8,
      "Total Cost": 354343.82,
      "Plan Rows": 1,
      "Plan Width": 8,
      "Actual Startup Time": 974.731,
      "Actual Total Time": 1018.598,
      "Actual Rows": 1,
      "Actual Loops": 1,
      "Plans": [
        {
          "Node Type": "Gather",
          "Parent Relationship": "Outer",
          "Parallel Aware": false,
          "Startup Cost": 354343.18,
          "Total Cost": 354343.79,
          "Plan Rows": 6,
          "Plan Width": 8,
          "Actual Startup Time": 974.578,
          "Actual Total Time": 1018.585,
          "Actual Rows": 7,
          "Actual Loops": 1,
          "Workers Planned": 6,
          "Workers Launched": 6,
          "Single Copy": false,
          "Plans": [
            {
              "Node Type": "Aggregate",
              "Strategy": "Plain",
              "Partial Mode": "Partial",
              "Parent Relationship": "Outer",
              "Parallel Aware": false,
              "Startup Cost": 353343.18,
              "Total Cost": 353343.19,
              "Plan Rows": 1,
              "Plan Width": 8,
              "Actual Startup Time": 965.773,
              "Actual Total Time": 965.775,
              "Actual Rows": 1,
              "Actual Loops": 7,
              "Plans": [
                {
                  "Node Type": "Seq Scan",
                  "Parent Relationship": "Outer",
                  "Parallel Aware": true,
                  "Relation Name": "cast_info",
                  "Alias": "ci",
                  "Startup Cost": 0.0,
                  "Total Cost": 343316.27,
                  "Plan Rows": 4010764,
                  "Plan Width": 0,
                  "Actual Startup Time": 0.053,
                  "Actual Total Time": 767.783,
                  "Actual Rows": 3762059,
                  "Actual Loops": 7,
                  "Filter": "((person_id < 2831949) AND (role_id < 10))",
                  "Rows Removed by Filter": 1415704
                }
              ]
            }
          ]
        }
      ]
    },
    "Planning Time": 0.232,
    "Triggers": [],
    "Execution Time": 1018.67
  }
]