[
  {
    "Plan": {
      "Node Type": "Aggregate",
      "Strategy": "Plain",
      "Partial Mode": "Finalize",
      "Parallel Aware": false,
      "Startup Cost": 276175.42,
      "Total Cost": 276175.43,
      "Plan Rows": 1,
      "Plan Width": 8,
      "Actual Startup Time": 941.458,
      "Actual Total Time": 989.65,
      "Actual Rows": 1,
      "Actual Loops": 1,
      "Plans": [
        {
          "Node Type": "Gather",
          "Parent Relationship": "Outer",
          "Parallel Aware": false,
          "Startup Cost": 276174.9,
          "Total Cost": 276175.41,
          "Plan Rows": 5,
          "Plan Width": 8,
          "Actual Startup Time": 926.229,
          "Actual Total Time": 989.639,
          "Actual Rows": 6,
          "Actual Loops": 1,
          "Workers Planned": 5,
          "Workers Launched": 5,
          "Single Copy": false,
          "Plans": [
            {
              "Node Type": "Aggregate",
              "Strategy": "Plain",
              "Partial Mode": "Partial",
              "Parent Relationship": "Outer",
              "Parallel Aware": false,
              "Startup Cost": 275174.9,
              "Total Cost": 275174.91,
              "Plan Rows": 1,
              "Plan Width": 8,
              "Actual Startup Time": 915.985,
              "Actual Total Time": 916.082,
              "Actual Rows": 1,
              "Actual Loops": 6,
              "Plans": [
                {
                  "Node Type": "Hash Join",
                  "Parent Relationship": "Outer",
                  "Parallel Aware": true,
                  "Join Type": "Inner",
                  "Startup Cost": 68585.65,
                  "Total Cost": 273696.96,
                  "Plan Rows": 591176,
                  "Plan Width": 0,
                  "Actual Startup Time": 280.244,
                  "Actual Total Time": 898.35,
                  "Actual Rows": 402635,
                  "Actual Loops": 6,
                  "Inner Unique": false,
                  "Hash Cond": "(mi.movie_id = t.id)",
                  "Plans": [
                    {
                      "Node Type": "Seq Scan",
                      "Parent Relationship": "Outer",
                      "Parallel Aware": true,
                      "Relation Name": "movie_info",
                      "Alias": "mi",
                      "Startup Cost": 0.0,
                      "Total Cost": 191560.33,
                      "Plan Rows": 2956733,
                      "Plan Width": 4,
                      "Actual Startup Time": 0.054,
                      "Actual Total Time": 298.07,
                      "Actual Rows": 2472620,
                      "Actual Loops": 6
                    },
                    {
                      "Node Type": "Hash",
                      "Parent Relationship": "Inner",
                      "Parallel Aware": true,
                      "Startup Cost": 65952.77,
                      "Total Cost": 65952.77,
                      "Plan Rows": 210630,
                      "Plan Width": 8,
                      "Actual Startup Time": 276.609,
                      "Actual Total Time": 276.705,
                      "Actual Rows": 47166,
                      "Actual Loops": 6,
                      "Hash Buckets": 524288,
                      "Original Hash Buckets": 524288,
                      "Hash Batches": 1,
                      "Original Hash Batches": 1,
                      "Peak Memory Usage": 15232,
                      "Plans": [
                        {
                          "Node Type": "Hash Join",
                          "Parent Relationship": "Outer",
                          "Parallel Aware": true,
                          "Join Type": "Inner",
                          "Startup Cost": 49824.87,
                          "Total Cost": 65952.77,
                          "Plan Rows": 210630,
                          "Plan Width": 8,
                          "Actual Startup Time": 198.203,
                          "Actual Total Time": 261.478,
                          "Actual Rows": 47166,
                          "Actual Loops": 6,
                          "Inner Unique": true,
                          "Hash Cond": "(mi_idx.movie_id = t.id)",
                          "Plans": [
                            {
                              "Node Type": "Seq Scan",
                              "Parent Relationship": "Outer",
                              "Parallel Aware": true,
                              "Relation Name": "movie_info_idx",
                              "Alias": "mi_idx",
                              "Startup Cost": 0.0,
                              "Total Cost": 15122.68,
                              "Plan Rows": 382940,
                              "Plan Width": 4,
                              "Actual Startup Time": 0.033,
                              "Actual Total Time": 25.247,
                              "Actual Rows": 153308,
                              "Actual Loops": 6,
                              "Filter": "(info_type_id < 101)",
                              "Rows Removed by Filter": 76698
                            },
                            {
                              "Node Type": "Hash",
                              "Parent Relationship": "Inner",
                              "Parallel Aware": true,
                              "Startup Cost": 45479.1,
                              "Total Cost": 45479.1,
                              "Plan Rows": 347662,
                              "Plan Width": 4,
                              "Actual Startup Time": 194.49,
                              "Actual Total Time": 194.492,
                              "Actual Rows": 245252,
                              "Actual Loops": 6,
                              "Hash Buckets": 2097152,
                              "Original Hash Buckets": 2097152,
                              "Hash Batches": 1,
                              "Original Hash Batches": 1,
                              "Peak Memory Usage": 74048,
                              "Plans": [
                                {
                                  "Node Type": "Seq Scan",
                                  "Parent Relationship": "Outer",
                                  "Parallel Aware": true,
                                  "Relation Name": "title",
                                  "Alias": "t",
                                  "Startup Cost": 0.0,
                                  "Total Cost": 45479.1,
                                  "Plan Rows": 347662,
                                  "Plan Width": 4,
                                  "Actual Startup Time": 0.043,
                                  "Actual Total Time": 85.861,
                                  "Actual Rows": 245252,
                                  "Actual Loops": 6,
                                  "Filter": "((production_year > 1951) AND (kind_id = 7))",
                                  "Rows Removed by Filter": 176134
                                }
                              ]
                            }
                          ]
                        }
                      ]
                    }
                  ]
                }
              ]
            }
          ]
        }
      ]
    },
    "Planning Time": 1.402,
    "Triggers": [],
    "Execution Time": 989.745
  }
]