[
    {
        "Bao": {
            "Bao prediction": "NaN",
            "Bao recommended hint": "(no hint)"
        }
    },
    {
        "Plan": {
            "Node Type": "Aggregate",
            "Strategy": "Plain",
            "Partial Mode": "Finalize",
            "Parallel Aware": false,
            "Startup Cost": 38055.72,
            "Total Cost": 38055.73,
            "Plan Rows": 1,
            "Plan Width": 8,
            "Actual Startup Time": 111.471,
            "Actual Total Time": 117.549,
            "Actual Rows": 1,
            "Actual Loops": 1,
            "Output": [
                "count(*)"
            ],
            "Plans": [
                {
                    "Node Type": "Gather",
                    "Parent Relationship": "Outer",
                    "Parallel Aware": false,
                    "Startup Cost": 38055.4,
                    "Total Cost": 38055.71,
                    "Plan Rows": 3,
                    "Plan Width": 8,
                    "Actual Startup Time": 111.231,
                    "Actual Total Time": 117.541,
                    "Actual Rows": 4,
                    "Actual Loops": 1,
                    "Output": [
                        "(PARTIAL count(*))"
                    ],
                    "Workers Planned": 3,
                    "Workers Launched": 3,
                    "Single Copy": false,
                    "Plans": [
                        {
                            "Node Type": "Aggregate",
                            "Strategy": "Plain",
                            "Partial Mode": "Partial",
                            "Parent Relationship": "Outer",
                            "Parallel Aware": false,
                            "Startup Cost": 37055.4,
                            "Total Cost": 37055.41,
                            "Plan Rows": 1,
                            "Plan Width": 8,
                            "Actual Startup Time": 102.654,
                            "Actual Total Time": 102.655,
                            "Actual Rows": 1,
                            "Actual Loops": 4,
                            "Output": [
                                "PARTIAL count(*)"
                            ],
                            "Workers": [
                                {
                                    "Worker Number": 0,
                                    "Actual Startup Time": 99.466,
                                    "Actual Total Time": 99.467,
                                    "Actual Rows": 1,
                                    "Actual Loops": 1
                                },
                                {
                                    "Worker Number": 1,
                                    "Actual Startup Time": 100.063,
                                    "Actual Total Time": 100.065,
                                    "Actual Rows": 1,
                                    "Actual Loops": 1
                                },
                                {
                                    "Worker Number": 2,
                                    "Actual Startup Time": 100.392,
                                    "Actual Total Time": 100.393,
                                    "Actual Rows": 1,
                                    "Actual Loops": 1
                                }
                            ],
                            "Plans": [
                                {
                                    "Node Type": "Bitmap Heap Scan",
                                    "Parent Relationship": "Outer",
                                    "Parallel Aware": true,
                                    "Relation Name": "movie_keyword",
                                    "Schema": "public",
                                    "Alias": "mk",
                                    "Startup Cost": 10260.99,
                                    "Total Cost": 36665.33,
                                    "Plan Rows": 156027,
                                    "Plan Width": 0,
                                    "Actual Startup Time": 27.625,
                                    "Actual Total Time": 95.892,
                                    "Actual Rows": 118550,
                                    "Actual Loops": 4,
                                    "Recheck Cond": "(mk.keyword_id > 37608)",
                                    "Rows Removed by Index Recheck": 0,
                                    "Exact Heap Blocks": 10153,
                                    "Lossy Heap Blocks": 0,
                                    "Workers": [
                                        {
                                            "Worker Number": 0,
                                            "Actual Startup Time": 24.685,
                                            "Actual Total Time": 93.39,
                                            "Actual Rows": 90058,
                                            "Actual Loops": 1
                                        },
                                        {
                                            "Worker Number": 1,
                                            "Actual Startup Time": 25.034,
                                            "Actual Total Time": 94.033,
                                            "Actual Rows": 87307,
                                            "Actual Loops": 1
                                        },
                                        {
                                            "Worker Number": 2,
                                            "Actual Startup Time": 25.523,
                                            "Actual Total Time": 94.356,
                                            "Actual Rows": 86772,
                                            "Actual Loops": 1
                                        }
                                    ],
                                    "Plans": [
                                        {
                                            "Node Type": "Bitmap Index Scan",
                                            "Parent Relationship": "Outer",
                                            "Parallel Aware": false,
                                            "Index Name": "keyword_id_movie_keyword",
                                            "Startup Cost": 0.0,
                                            "Total Cost": 10140.07,
                                            "Plan Rows": 483685,
                                            "Plan Width": 0,
                                            "Actual Startup Time": 31.947,
                                            "Actual Total Time": 31.948,
                                            "Actual Rows": 474199,
                                            "Actual Loops": 1,
                                            "Index Cond": "(mk.keyword_id > 37608)"
                                        }
                                    ]
                                }
                            ]
                        }
                    ]
                }
            ]
        },
        "Planning Time": 180.973,
        "Triggers": [],
        "Execution Time": 117.648
    }
]