[
  {
    "Plan": {
      "Node Type": "Aggregate",
      "Strategy": "Plain",
      "Partial Mode": "Simple",
      "Parallel Aware": false,
      "Startup Cost": 28067.68,
      "Total Cost": 28067.69,
      "Plan Rows": 1,
      "Plan Width": 8,
      "Actual Startup Time": 90.35,
      "Actual Total Time": 90.351,
      "Actual Rows": 1,
      "Actual Loops": 1,
      "Plans": [
        {
          "Node Type": "Bitmap Heap Scan",
          "Parent Relationship": "Outer",
          "Parallel Aware": false,
          "Relation Name": "movie_keyword",
          "Alias": "mk",
          "Startup Cost": 2117.47,
          "Total Cost": 27818.31,
          "Plan Rows": 99747,
          "Plan Width": 0,
          "Actual Startup Time": 26.991,
          "Actual Total Time": 83.567,
          "Actual Rows": 104458,
          "Actual Loops": 1,
          "Recheck Cond": "(keyword_id < 107)",
          "Rows Removed by Index Recheck": 0,
          "Exact Heap Blocks": 21984,
          "Lossy Heap Blocks": 0,
          "Plans": [
            {
              "Node Type": "Bitmap Index Scan",
              "Parent Relationship": "Outer",
              "Parallel Aware": false,
              "Index Name": "keyword_id_movie_keyword",
              "Startup Cost": 0.0,
              "Total Cost": 2092.53,
              "Plan Rows": 99747,
              "Plan Width": 0,
              "Actual Startup Time": 21.038,
              "Actual Total Time": 21.038,
              "Actual Rows": 104458,
              "Actual Loops": 1,
              "Index Cond": "(keyword_id < 107)"
            }
          ]
        }
      ]
    },
    "Planning Time": 0.186,
    "Triggers": [],
    "Execution Time": 90.409
  }
]