[
  {
    "Plan": {
      "Node Type": "Aggregate",
      "Strategy": "Plain",
      "Partial Mode": "Finalize",
      "Parallel Aware": false,
      "Startup Cost": 32724.73,
      "Total Cost": 32724.74,
      "Plan Rows": 1,
      "Plan Width": 8,
      "Actual Startup Time": 99.941,
      "Actual Total Time": 107.981,
      "Actual Rows": 1,
      "Actual Loops": 1,
      "Plans": [
        {
          "Node Type": "Gather",
          "Parent Relationship": "Outer",
          "Parallel Aware": false,
          "Startup Cost": 32724.42,
          "Total Cost": 32724.73,
          "Plan Rows": 3,
          "Plan Width": 8,
          "Actual Startup Time": 99.822,
          "Actual Total Time": 107.973,
          "Actual Rows": 4,
          "Actual Loops": 1,
          "Workers Planned": 3,
          "Workers Launched": 3,
          "Single Copy": false,
          "Plans": [
            {
              "Node Type": "Aggregate",
              "Strategy": "Plain",
              "Partial Mode": "Partial",
              "Parent Relationship": "Outer",
              "Parallel Aware": false,
              "Startup Cost": 31724.42,
              "Total Cost": 31724.43,
              "Plan Rows": 1,
              "Plan Width": 8,
              "Actual Startup Time": 91.109,
              "Actual Total Time": 91.11,
              "Actual Rows": 1,
              "Actual Loops": 4,
              "Plans": [
                {
                  "Node Type": "Seq Scan",
                  "Parent Relationship": "Outer",
                  "Parallel Aware": true,
                  "Relation Name": "movie_companies",
                  "Alias": "mc",
                  "Startup Cost": 0.0,
                  "Total Cost": 31414.82,
                  "Plan Rows": 123839,
                  "Plan Width": 0,
                  "Actual Startup Time": 48.231,
                  "Actual Total Time": 83.432,
                  "Actual Rows": 177589,
                  "Actual Loops": 4,
                  "Filter": "((company_id > 33886) AND (company_type_id = 2))",
                  "Rows Removed by Filter": 474693
                }
              ]
            }
          ]
        }
      ]
    },
    "Planning Time": 0.178,
    "Triggers": [],
    "Execution Time": 108.032
  }
]