[
  {
    "Plan": {
      "Node Type": "Aggregate",
      "Strategy": "Plain",
      "Partial Mode": "Finalize",
      "Parallel Aware": false,
      "Startup Cost": 44904.22,
      "Total Cost": 44904.23,
      "Plan Rows": 1,
      "Plan Width": 8,
      "Actual Startup Time": 95.822,
      "Actual Total Time": 109.461,
      "Actual Rows": 1,
      "Actual Loops": 1,
      "Plans": [
        {
          "Node Type": "Gather",
          "Parent Relationship": "Outer",
          "Parallel Aware": false,
          "Startup Cost": 44903.8,
          "Total Cost": 44904.21,
          "Plan Rows": 4,
          "Plan Width": 8,
          "Actual Startup Time": 95.645,
          "Actual Total Time": 109.45,
          "Actual Rows": 5,
          "Actual Loops": 1,
          "Workers Planned": 4,
          "Workers Launched": 4,
          "Single Copy": false,
          "Plans": [
            {
              "Node Type": "Aggregate",
              "Strategy": "Plain",
              "Partial Mode": "Partial",
              "Parent Relationship": "Outer",
              "Parallel Aware": false,
              "Startup Cost": 43903.8,
              "Total Cost": 43903.81,
              "Plan Rows": 1,
              "Plan Width": 8,
              "Actual Startup Time": 86.233,
              "Actual Total Time": 86.235,
              "Actual Rows": 1,
              "Actual Loops": 5,
              "Plans": [
                {
                  "Node Type": "Seq Scan",
                  "Parent Relationship": "Outer",
                  "Parallel Aware": true,
                  "Relation Name": "title",
                  "Alias": "t",
                  "Startup Cost": 0.0,
                  "Total Cost": 43899.32,
                  "Plan Rows": 1791,
                  "Plan Width": 0,
                  "Actual Startup Time": 0.375,
                  "Actual Total Time": 86.046,
                  "Actual Rows": 1367,
                  "Actual Loops": 5,
                  "Filter": "(production_year = 1953)",
                  "Rows Removed by Filter": 504296
                }
              ]
            }
          ]
        }
      ]
    },
    "Planning Time": 0.086,
    "Triggers": [],
    "Execution Time": 109.501
  }
]