{
  "Plan": {
    "Node Type": "Aggregate",
    "Strategy": "Plain",
    "Partial Mode": "Finalize",
    "Parallel Aware": false,
    "Startup Cost": 100712.78,
    "Total Cost": 100712.79,
    "Plan Rows": 1,
    "Plan Width": 8,
    "Actual Startup Time": 311.82,
    "Actual Total Time": 325.836,
    "Actual Rows": 1,
    "Actual Loops": 1,
    "Plans": [
      {
        "Node Type": "Gather",
        "Parent Relationship": "Outer",
        "Parallel Aware": false,
        "Startup Cost": 100712.67,
        "Total Cost": 100712.78,
        "Plan Rows": 1,
        "Plan Width": 8,
        "Actual Startup Time": 311.448,
        "Actual Total Time": 325.827,
        "Actual Rows": 2,
        "Actual Loops": 1,
        "Workers Planned": 1,
        "Workers Launched": 1,
        "Single Copy": false,
        "Plans": [
          {
            "Node Type": "Aggregate",
            "Strategy": "Plain",
            "Partial Mode": "Partial",
            "Parent Relationship": "Outer",
            "Parallel Aware": false,
            "Startup Cost": 99712.67,
            "Total Cost": 99712.68,
            "Plan Rows": 1,
            "Plan Width": 8,
            "Actual Startup Time": 305.419,
            "Actual Total Time": 305.423,
            "Actual Rows": 1,
            "Actual Loops": 2,
            "Plans": [
              {
                "Node Type": "Hash Join",
                "Parent Relationship": "Outer",
                "Parallel Aware": true,
                "Join Type": "Inner",
                "Startup Cost": 56282.89,
                "Total Cost": 99697.3,
                "Plan Rows": 6148,
                "Plan Width": 0,
                "Actual Startup Time": 195.301,
                "Actual Total Time": 304.967,
                "Actual Rows": 8938,
                "Actual Loops": 2,
                "Inner Unique": true,
                "Hash Cond": "(mc.movie_id = t.id)",
                "Plans": [
                  {
                    "Node Type": "Seq Scan",
                    "Parent Relationship": "Outer",
                    "Parallel Aware": true,
                    "Relation Name": "movie_companies",
                    "Alias": "mc",
                    "Startup Cost": 0.0,
                    "Total Cost": 41811.73,
                    "Plan Rows": 610545,
                    "Plan Width": 4,
                    "Actual Startup Time": 54.632,
                    "Actual Total Time": 120.677,
                    "Actual Rows": 595183,
                    "Actual Loops": 2,
                    "Filter": "((company_id > 588) AND (company_type_id > 1))",
                    "Rows Removed by Filter": 709382
                  },
                  {
                    "Node Type": "Hash",
                    "Parent Relationship": "Inner",
                    "Parallel Aware": true,
                    "Startup Cost": 56095.71,
                    "Total Cost": 56095.71,
                    "Plan Rows": 14975,
                    "Plan Width": 4,
                    "Actual Startup Time": 139.52,
                    "Actual Total Time": 139.522,
                    "Actual Rows": 8160,
                    "Actual Loops": 2,
                    "Hash Buckets": 32768,
                    "Original Hash Buckets": 32768,
                    "Hash Batches": 1,
                    "Original Hash Batches": 1,
                    "Peak Memory Usage": 928,
                    "Plans": [
                      {
                        "Node Type": "Bitmap Heap Scan",
                        "Parent Relationship": "Outer",
                        "Parallel Aware": true,
                        "Relation Name": "title",
                        "Alias": "t",
                        "Startup Cost": 13445.32,
                        "Total Cost": 56095.71,
                        "Plan Rows": 14975,
                        "Plan Width": 4,
                        "Actual Startup Time": 50.493,
                        "Actual Total Time": 137.075,
                        "Actual Rows": 8160,
                        "Actual Loops": 2,
                        "Recheck Cond": "(kind_id < 3)",
                        "Rows Removed by Index Recheck": 0,
                        "Filter": "(production_year = 2004)",
                        "Rows Removed by Filter": 368679,
                        "Exact Heap Blocks": 27709,
                        "Lossy Heap Blocks": 0,
                        "Plans": [
                          {
                            "Node Type": "Bitmap Index Scan",
                            "Parent Relationship": "Outer",
                            "Parallel Aware": false,
                            "Index Name": "kind_id_title",
                            "Startup Cost": 0.0,
                            "Total Cost": 13438.96,
                            "Plan Rows": 753937,
                            "Plan Width": 0,
                            "Actual Startup Time": 49.089,
                            "Actual Total Time": 49.09,
                            "Actual Rows": 753677,
                            "Actual Loops": 1,
                            "Index Cond": "(kind_id < 3)"
                          }
                        ]
                      }
                    ]
                  }
                ]
              }
            ]
          }
        ]
      }
    ]
  },
  "Planning Time": 0.494,
  "Triggers": [],
  "Execution Time": 325.932
}