{
  "Plan": {
    "Node Type": "Aggregate",
    "Strategy": "Plain",
    "Partial Mode": "Finalize",
    "Parallel Aware": false,
    "Startup Cost": 95945.29,
    "Total Cost": 95945.3,
    "Plan Rows": 1,
    "Plan Width": 8,
    "Actual Startup Time": 204.702,
    "Actual Total Time": 213.513,
    "Actual Rows": 1,
    "Actual Loops": 1,
    "Plans": [
      {
        "Node Type": "Gather",
        "Parent Relationship": "Outer",
        "Parallel Aware": false,
        "Startup Cost": 95945.18,
        "Total Cost": 95945.29,
        "Plan Rows": 1,
        "Plan Width": 8,
        "Actual Startup Time": 204.286,
        "Actual Total Time": 213.507,
        "Actual Rows": 2,
        "Actual Loops": 1,
        "Workers Planned": 1,
        "Workers Launched": 1,
        "Single Copy": false,
        "Plans": [
          {
            "Node Type": "Aggregate",
            "Strategy": "Plain",
            "Partial Mode": "Partial",
            "Parent Relationship": "Outer",
            "Parallel Aware": false,
            "Startup Cost": 94945.18,
            "Total Cost": 94945.19,
            "Plan Rows": 1,
            "Plan Width": 8,
            "Actual Startup Time": 200.617,
            "Actual Total Time": 200.621,
            "Actual Rows": 1,
            "Actual Loops": 2,
            "Plans": [
              {
                "Node Type": "Hash Join",
                "Parent Relationship": "Outer",
                "Parallel Aware": true,
                "Join Type": "Inner",
                "Startup Cost": 69260.87,
                "Total Cost": 94941.35,
                "Plan Rows": 1530,
                "Plan Width": 0,
                "Actual Startup Time": 185.334,
                "Actual Total Time": 200.586,
                "Actual Rows": 236,
                "Actual Loops": 2,
                "Inner Unique": true,
                "Hash Cond": "(mc.movie_id = t.id)",
                "Plans": [
                  {
                    "Node Type": "Bitmap Heap Scan",
                    "Parent Relationship": "Outer",
                    "Parallel Aware": true,
                    "Relation Name": "movie_companies",
                    "Alias": "mc",
                    "Startup Cost": 15450.44,
                    "Total Cost": 40568.64,
                    "Plan Rows": 214202,
                    "Plan Width": 4,
                    "Actual Startup Time": 76.837,
                    "Actual Total Time": 99.543,
                    "Actual Rows": 104792,
                    "Actual Loops": 2,
                    "Recheck Cond": "(company_id < 1378)",
                    "Rows Removed by Index Recheck": 0,
                    "Filter": "(company_type_id > 1)",
                    "Rows Removed by Filter": 253194,
                    "Exact Heap Blocks": 9076,
                    "Lossy Heap Blocks": 0,
                    "Plans": [
                      {
                        "Node Type": "Bitmap Index Scan",
                        "Parent Relationship": "Outer",
                        "Parallel Aware": false,
                        "Index Name": "company_id_movie_companies",
                        "Startup Cost": 0.0,
                        "Total Cost": 15359.4,
                        "Plan Rows": 717196,
                        "Plan Width": 0,
                        "Actual Startup Time": 31.477,
                        "Actual Total Time": 31.478,
                        "Actual Rows": 715973,
                        "Actual Loops": 1,
                        "Index Cond": "(company_id < 1378)"
                      }
                    ]
                  },
                  {
                    "Node Type": "Hash",
                    "Parent Relationship": "Inner",
                    "Parallel Aware": true,
                    "Startup Cost": 53677.62,
                    "Total Cost": 53677.62,
                    "Plan Rows": 10625,
                    "Plan Width": 4,
                    "Actual Startup Time": 90.285,
                    "Actual Total Time": 90.286,
                    "Actual Rows": 11010,
                    "Actual Loops": 2,
                    "Hash Buckets": 32768,
                    "Original Hash Buckets": 32768,
                    "Hash Batches": 1,
                    "Original Hash Batches": 1,
                    "Peak Memory Usage": 1152,
                    "Plans": [
                      {
                        "Node Type": "Bitmap Heap Scan",
                        "Parent Relationship": "Outer",
                        "Parallel Aware": true,
                        "Relation Name": "title",
                        "Alias": "t",
                        "Startup Cost": 11827.37,
                        "Total Cost": 53677.62,
                        "Plan Rows": 10625,
                        "Plan Width": 4,
                        "Actual Startup Time": 25.367,
                        "Actual Total Time": 87.031,
                        "Actual Rows": 11010,
                        "Actual Loops": 2,
                        "Recheck Cond": "(kind_id = 1)",
                        "Rows Removed by Index Recheck": 0,
                        "Filter": "(production_year > 2012)",
                        "Rows Removed by Filter": 320402,
                        "Exact Heap Blocks": 10520,
                        "Lossy Heap Blocks": 0,
                        "Plans": [
                          {
                            "Node Type": "Bitmap Index Scan",
                            "Parent Relationship": "Outer",
                            "Parallel Aware": false,
                            "Index Name": "kind_id_title",
                            "Startup Cost": 0.0,
                            "Total Cost": 11822.85,
                            "Plan Rows": 663256,
                            "Plan Width": 0,
                            "Actual Startup Time": 26.508,
                            "Actual Total Time": 26.508,
                            "Actual Rows": 662825,
                            "Actual Loops": 1,
                            "Index Cond": "(kind_id = 1)"
                          }
                        ]
                      }
                    ]
                  }
                ]
              }
            ]
          }
        ]
      }
    ]
  },
  "Planning Time": 0.251,
  "Triggers": [],
  "Execution Time": 213.574
}