[
  {
    "Plan": {
      "Node Type": "Aggregate",
      "Strategy": "Plain",
      "Partial Mode": "Finalize",
      "Parallel Aware": false,
      "Startup Cost": 10189.36,
      "Total Cost": 10189.37,
      "Plan Rows": 1,
      "Plan Width": 8,
      "Actual Startup Time": 30.203,
      "Actual Total Time": 33.577,
      "Actual Rows": 1,
      "Actual Loops": 1,
      "Plans": [
        {
          "Node Type": "Gather",
          "Parent Relationship": "Outer",
          "Parallel Aware": false,
          "Startup Cost": 10189.04,
          "Total Cost": 10189.35,
          "Plan Rows": 3,
          "Plan Width": 8,
          "Actual Startup Time": 30.021,
          "Actual Total Time": 33.57,
          "Actual Rows": 4,
          "Actual Loops": 1,
          "Workers Planned": 3,
          "Workers Launched": 3,
          "Single Copy": false,
          "Plans": [
            {
              "Node Type": "Aggregate",
              "Strategy": "Plain",
              "Partial Mode": "Partial",
              "Parent Relationship": "Outer",
              "Parallel Aware": false,
              "Startup Cost": 9189.04,
              "Total Cost": 9189.05,
              "Plan Rows": 1,
              "Plan Width": 8,
              "Actual Startup Time": 23.161,
              "Actual Total Time": 23.162,
              "Actual Rows": 1,
              "Actual Loops": 4,
              "Plans": [
                {
                  "Node Type": "Index Scan",
                  "Parent Relationship": "Outer",
                  "Parallel Aware": true,
                  "Scan Direction": "Forward",
                  "Index Name": "role_id_cast_info",
                  "Relation Name": "cast_info",
                  "Alias": "ci",
                  "Startup Cost": 0.56,
                  "Total Cost": 9091.72,
                  "Plan Rows": 38927,
                  "Plan Width": 0,
                  "Actual Startup Time": 0.219,
                  "Actual Total Time": 22.124,
                  "Actual Rows": 13408,
                  "Actual Loops": 4,
                  "Index Cond": "(role_id > 10)",
                  "Rows Removed by Index Recheck": 0,
                  "Filter": "(person_id < 1381180)",
                  "Rows Removed by Filter": 65621
                }
              ]
            }
          ]
        }
      ]
    },
    "Planning Time": 0.119,
    "Triggers": [],
    "Execution Time": 33.61
  }
]