[
  {
    "Plan": {
      "Node Type": "Aggregate",
      "Strategy": "Plain",
      "Partial Mode": "Finalize",
      "Parallel Aware": false,
      "Startup Cost": 101462.04,
      "Total Cost": 101462.05,
      "Plan Rows": 1,
      "Plan Width": 8,
      "Actual Startup Time": 689.78,
      "Actual Total Time": 711.569,
      "Actual Rows": 1,
      "Actual Loops": 1,
      "Plans": [
        {
          "Node Type": "Gather",
          "Parent Relationship": "Outer",
          "Parallel Aware": false,
          "Startup Cost": 101461.72,
          "Total Cost": 101462.03,
          "Plan Rows": 3,
          "Plan Width": 8,
          "Actual Startup Time": 674.763,
          "Actual Total Time": 711.56,
          "Actual Rows": 4,
          "Actual Loops": 1,
          "Workers Planned": 3,
          "Workers Launched": 3,
          "Single Copy": false,
          "Plans": [
            {
              "Node Type": "Aggregate",
              "Strategy": "Plain",
              "Partial Mode": "Partial",
              "Parent Relationship": "Outer",
              "Parallel Aware": false,
              "Startup Cost": 100461.72,
              "Total Cost": 100461.73,
              "Plan Rows": 1,
              "Plan Width": 8,
              "Actual Startup Time": 663.213,
              "Actual Total Time": 663.217,
              "Actual Rows": 1,
              "Actual Loops": 4,
              "Plans": [
                {
                  "Node Type": "Hash Join",
                  "Parent Relationship": "Outer",
                  "Parallel Aware": true,
                  "Join Type": "Inner",
                  "Startup Cost": 51351.45,
                  "Total Cost": 97426.36,
                  "Plan Rows": 1214145,
                  "Plan Width": 0,
                  "Actual Startup Time": 354.372,
                  "Actual Total Time": 623.422,
                  "Actual Rows": 982714,
                  "Actual Loops": 4,
                  "Inner Unique": true,
                  "Hash Cond": "(mk.movie_id = t.id)",
                  "Plans": [
                    {
                      "Node Type": "Seq Scan",
                      "Parent Relationship": "Outer",
                      "Parallel Aware": true,
                      "Relation Name": "movie_keyword",
                      "Alias": "mk",
                      "Startup Cost": 0.0,
                      "Total Cost": 42695.65,
                      "Plan Rows": 1287332,
                      "Plan Width": 4,
                      "Actual Startup Time": 0.028,
                      "Actual Total Time": 109.159,
                      "Actual Rows": 997377,
                      "Actual Loops": 4,
                      "Filter": "(keyword_id < 34313)",
                      "Rows Removed by Filter": 133606
                    },
                    {
                      "Node Type": "Hash",
                      "Parent Relationship": "Inner",
                      "Parallel Aware": true,
                      "Startup Cost": 43899.32,
                      "Total Cost": 43899.32,
                      "Plan Rows": 596170,
                      "Plan Width": 4,
                      "Actual Startup Time": 346.326,
                      "Actual Total Time": 346.327,
                      "Actual Rows": 597219,
                      "Actual Loops": 4,
                      "Hash Buckets": 4194304,
                      "Original Hash Buckets": 4194304,
                      "Hash Batches": 1,
                      "Original Hash Batches": 1,
                      "Peak Memory Usage": 126272,
                      "Plans": [
                        {
                          "Node Type": "Seq Scan",
                          "Parent Relationship": "Outer",
                          "Parallel Aware": true,
                          "Relation Name": "title",
                          "Alias": "t",
                          "Startup Cost": 0.0,
                          "Total Cost": 43899.32,
                          "Plan Rows": 596170,
                          "Plan Width": 4,
                          "Actual Startup Time": 0.042,
                          "Actual Total Time": 114.762,
                          "Actual Rows": 597219,
                          "Actual Loops": 4,
                          "Filter": "(production_year < 2013)",
                          "Rows Removed by Filter": 34859
                        }
                      ]
                    }
                  ]
                }
              ]
            }
          ]
        }
      ]
    },
    "Planning Time": 0.547,
    "Triggers": [],
    "Execution Time": 711.605
  }
]