{
  "Plan": {
    "Node Type": "Aggregate",
    "Strategy": "Plain",
    "Partial Mode": "Finalize",
    "Parallel Aware": false,
    "Startup Cost": 375195.32,
    "Total Cost": 375195.33,
    "Plan Rows": 1,
    "Plan Width": 8,
    "Actual Startup Time": 2641.174,
    "Actual Total Time": 2674.429,
    "Actual Rows": 1,
    "Actual Loops": 1,
    "Plans": [
      {
        "Node Type": "Gather",
        "Parent Relationship": "Outer",
        "Parallel Aware": false,
        "Startup Cost": 375195.21,
        "Total Cost": 375195.32,
        "Plan Rows": 1,
        "Plan Width": 8,
        "Actual Startup Time": 2640.934,
        "Actual Total Time": 2674.421,
        "Actual Rows": 2,
        "Actual Loops": 1,
        "Workers Planned": 1,
        "Workers Launched": 1,
        "Single Copy": false,
        "Plans": [
          {
            "Node Type": "Aggregate",
            "Strategy": "Plain",
            "Partial Mode": "Partial",
            "Parent Relationship": "Outer",
            "Parallel Aware": false,
            "Startup Cost": 374195.21,
            "Total Cost": 374195.22,
            "Plan Rows": 1,
            "Plan Width": 8,
            "Actual Startup Time": 2634.711,
            "Actual Total Time": 2634.713,
            "Actual Rows": 1,
            "Actual Loops": 2,
            "Plans": [
              {
                "Node Type": "Merge Join",
                "Parent Relationship": "Outer",
                "Parallel Aware": false,
                "Join Type": "Inner",
                "Startup Cost": 25.41,
                "Total Cost": 372796.52,
                "Plan Rows": 559475,
                "Plan Width": 0,
                "Actual Startup Time": 40.933,
                "Actual Total Time": 2599.236,
                "Actual Rows": 803631,
                "Actual Loops": 2,
                "Inner Unique": false,
                "Merge Cond": "(mk.movie_id = t.id)",
                "Plans": [
                  {
                    "Node Type": "Index Scan",
                    "Parent Relationship": "Outer",
                    "Parallel Aware": true,
                    "Scan Direction": "Forward",
                    "Index Name": "movie_id_movie_keyword",
                    "Relation Name": "movie_keyword",
                    "Alias": "mk",
                    "Startup Cost": 0.43,
                    "Total Cost": 165212.95,
                    "Plan Rows": 1494894,
                    "Plan Width": 4,
                    "Actual Startup Time": 1.899,
                    "Actual Total Time": 340.551,
                    "Actual Rows": 1265638,
                    "Actual Loops": 2,
                    "Filter": "(keyword_id > 3518)",
                    "Rows Removed by Filter": 996325
                  },
                  {
                    "Node Type": "Materialize",
                    "Parent Relationship": "Inner",
                    "Parallel Aware": false,
                    "Startup Cost": 3.43,
                    "Total Cost": 196084.61,
                    "Plan Rows": 946232,
                    "Plan Width": 8,
                    "Actual Startup Time": 0.323,
                    "Actual Total Time": 2054.963,
                    "Actual Rows": 1433408,
                    "Actual Loops": 2,
                    "Plans": [
                      {
                        "Node Type": "Merge Join",
                        "Parent Relationship": "Outer",
                        "Parallel Aware": false,
                        "Join Type": "Inner",
                        "Startup Cost": 3.43,
                        "Total Cost": 193719.03,
                        "Plan Rows": 946232,
                        "Plan Width": 8,
                        "Actual Startup Time": 0.313,
                        "Actual Total Time": 1886.067,
                        "Actual Rows": 749954,
                        "Actual Loops": 2,
                        "Inner Unique": true,
                        "Merge Cond": "(mi_idx.movie_id = t.id)",
                        "Plans": [
                          {
                            "Node Type": "Index Only Scan",
                            "Parent Relationship": "Outer",
                            "Parallel Aware": false,
                            "Scan Direction": "Forward",
                            "Index Name": "movie_id_movie_info_idx",
                            "Relation Name": "movie_info_idx",
                            "Alias": "mi_idx",
                            "Startup Cost": 0.43,
                            "Total Cost": 53620.22,
                            "Plan Rows": 1380035,
                            "Plan Width": 4,
                            "Actual Startup Time": 0.169,
                            "Actual Total Time": 294.164,
                            "Actual Rows": 1380018,
                            "Actual Loops": 2,
                            "Heap Fetches": 2760035
                          },
                          {
                            "Node Type": "Index Scan",
                            "Parent Relationship": "Inner",
                            "Parallel Aware": false,
                            "Scan Direction": "Forward",
                            "Index Name": "title_pkey",
                            "Relation Name": "title",
                            "Alias": "t",
                            "Startup Cost": 0.43,
                            "Total Cost": 122981.43,
                            "Plan Rows": 1733545,
                            "Plan Width": 4,
                            "Actual Startup Time": 0.118,
                            "Actual Total Time": 1331.994,
                            "Actual Rows": 1799672,
                            "Actual Loops": 2,
                            "Filter": "((kind_id > 1) AND (production_year > 1927))",
                            "Rows Removed by Filter": 726064
                          }
                        ]
                      }
                    ]
                  }
                ]
              }
            ]
          }
        ]
      }
    ]
  },
  "Planning Time": 1.061,
  "Triggers": [],
  "Execution Time": 2674.521
}