{
    "Plan": {
        "Node Type": "Aggregate",
        "Strategy": "Plain",
        "Partial Mode": "Finalize",
        "Parallel Aware": false,
        "Startup Cost": 238848.06,
        "Total Cost": 238848.07,
        "Plan Rows": 1,
        "Plan Width": 8,
        "Actual Startup Time": 627.426,
        "Actual Total Time": 652.453,
        "Actual Rows": 1,
        "Actual Loops": 1,
        "Output": [
            "count(*)"
        ],
        "Plans": [
            {
                "Node Type": "Gather",
                "Parent Relationship": "Outer",
                "Parallel Aware": false,
                "Startup Cost": 238847.85,
                "Total Cost": 238848.06,
                "Plan Rows": 2,
                "Plan Width": 8,
                "Actual Startup Time": 623.527,
                "Actual Total Time": 652.44,
                "Actual Rows": 3,
                "Actual Loops": 1,
                "Output": [
                    "(PARTIAL count(*))"
                ],
                "Workers Planned": 2,
                "Workers Launched": 2,
                "Single Copy": false,
                "Plans": [
                    {
                        "Node Type": "Aggregate",
                        "Strategy": "Plain",
                        "Partial Mode": "Partial",
                        "Parent Relationship": "Outer",
                        "Parallel Aware": false,
                        "Startup Cost": 237847.85,
                        "Total Cost": 237847.86,
                        "Plan Rows": 1,
                        "Plan Width": 8,
                        "Actual Startup Time": 615.268,
                        "Actual Total Time": 615.272,
                        "Actual Rows": 1,
                        "Actual Loops": 3,
                        "Output": [
                            "PARTIAL count(*)"
                        ],
                        "Workers": [
                            {
                                "Worker Number": 0,
                                "Actual Startup Time": 611.349,
                                "Actual Total Time": 611.354,
                                "Actual Rows": 1,
                                "Actual Loops": 1
                            },
                            {
                                "Worker Number": 1,
                                "Actual Startup Time": 611.643,
                                "Actual Total Time": 611.647,
                                "Actual Rows": 1,
                                "Actual Loops": 1
                            }
                        ],
                        "Plans": [
                            {
                                "Node Type": "Nested Loop",
                                "Parent Relationship": "Outer",
                                "Parallel Aware": false,
                                "Join Type": "Inner",
                                "Startup Cost": 48416.47,
                                "Total Cost": 237063.97,
                                "Plan Rows": 313550,
                                "Plan Width": 0,
                                "Actual Startup Time": 253.163,
                                "Actual Total Time": 601.694,
                                "Actual Rows": 250011,
                                "Actual Loops": 3,
                                "Inner Unique": false,
                                "Workers": [
                                    {
                                        "Worker Number": 0,
                                        "Actual Startup Time": 248.97,
                                        "Actual Total Time": 599.953,
                                        "Actual Rows": 243058,
                                        "Actual Loops": 1
                                    },
                                    {
                                        "Worker Number": 1,
                                        "Actual Startup Time": 249.678,
                                        "Actual Total Time": 599.101,
                                        "Actual Rows": 271336,
                                        "Actual Loops": 1
                                    }
                                ],
                                "Plans": [
                                    {
                                        "Node Type": "Hash Join",
                                        "Parent Relationship": "Outer",
                                        "Parallel Aware": true,
                                        "Join Type": "Inner",
                                        "Startup Cost": 48416.03,
                                        "Total Cost": 64040.49,
                                        "Plan Rows": 71052,
                                        "Plan Width": 8,
                                        "Actual Startup Time": 253.061,
                                        "Actual Total Time": 361.685,
                                        "Actual Rows": 32238,
                                        "Actual Loops": 3,
                                        "Output": [
                                            "t.id",
                                            "mi_idx.movie_id"
                                        ],
                                        "Inner Unique": true,
                                        "Hash Cond": "(mi_idx.movie_id = t.id)",
                                        "Workers": [
                                            {
                                                "Worker Number": 0,
                                                "Actual Startup Time": 248.823,
                                                "Actual Total Time": 357.561,
                                                "Actual Rows": 31123,
                                                "Actual Loops": 1
                                            },
                                            {
                                                "Worker Number": 1,
                                                "Actual Startup Time": 249.546,
                                                "Actual Total Time": 357.023,
                                                "Actual Rows": 35487,
                                                "Actual Loops": 1
                                            }
                                        ],
                                        "Plans": [
                                            {
                                                "Node Type": "Seq Scan",
                                                "Parent Relationship": "Outer",
                                                "Parallel Aware": true,
                                                "Relation Name": "movie_info_idx",
                                                "Schema": "public",
                                                "Alias": "mi_idx",
                                                "Startup Cost": 0.0,
                                                "Total Cost": 15122.68,
                                                "Plan Rows": 191154,
                                                "Plan Width": 4,
                                                "Actual Startup Time": 0.011,
                                                "Actual Total Time": 42.411,
                                                "Actual Rows": 153395,
                                                "Actual Loops": 3,
                                                "Output": [
                                                    "mi_idx.id",
                                                    "mi_idx.movie_id",
                                                    "mi_idx.info_type_id",
                                                    "mi_idx.info",
                                                    "mi_idx.note"
                                                ],
                                                "Filter": "(mi_idx.info_type_id > 100)",
                                                "Rows Removed by Filter": 306617,
                                                "Workers": [
                                                    {
                                                        "Worker Number": 0,
                                                        "Actual Startup Time": 0.013,
                                                        "Actual Total Time": 40.65,
                                                        "Actual Rows": 151817,
                                                        "Actual Loops": 1
                                                    },
                                                    {
                                                        "Worker Number": 1,
                                                        "Actual Startup Time": 0.011,
                                                        "Actual Total Time": 41.602,
                                                        "Actual Rows": 169735,
                                                        "Actual Loops": 1
                                                    }
                                                ]
                                            },
                                            {
                                                "Node Type": "Hash",
                                                "Parent Relationship": "Inner",
                                                "Parallel Aware": true,
                                                "Startup Cost": 45479.21,
                                                "Total Cost": 45479.21,
                                                "Plan Rows": 234946,
                                                "Plan Width": 4,
                                                "Actual Startup Time": 246.47,
                                                "Actual Total Time": 246.471,
                                                "Actual Rows": 292012,
                                                "Actual Loops": 3,
                                                "Output": [
                                                    "t.id"
                                                ],
                                                "Hash Buckets": 1048576,
                                                "Original Hash Buckets": 1048576,
                                                "Hash Batches": 1,
                                                "Original Hash Batches": 1,
                                                "Peak Memory Usage": 42496,
                                                "Workers": [
                                                    {
                                                        "Worker Number": 0,
                                                        "Actual Startup Time": 248.339,
                                                        "Actual Total Time": 248.341,
                                                        "Actual Rows": 278397,
                                                        "Actual Loops": 1
                                                    },
                                                    {
                                                        "Worker Number": 1,
                                                        "Actual Startup Time": 249.099,
                                                        "Actual Total Time": 249.1,
                                                        "Actual Rows": 308994,
                                                        "Actual Loops": 1
                                                    }
                                                ],
                                                "Plans": [
                                                    {
                                                        "Node Type": "Seq Scan",
                                                        "Parent Relationship": "Outer",
                                                        "Parallel Aware": true,
                                                        "Relation Name": "title",
                                                        "Schema": "public",
                                                        "Alias": "t",
                                                        "Startup Cost": 0.0,
                                                        "Total Cost": 45479.21,
                                                        "Plan Rows": 234946,
                                                        "Plan Width": 4,
                                                        "Actual Startup Time": 0.055,
                                                        "Actual Total Time": 141.062,
                                                        "Actual Rows": 292012,
                                                        "Actual Loops": 3,
                                                        "Output": [
                                                            "t.id"
                                                        ],
                                                        "Filter": "((t.production_year < 2007) AND (t.kind_id = 7))",
                                                        "Rows Removed by Filter": 550758,
                                                        "Workers": [
                                                            {
                                                                "Worker Number": 0,
                                                                "Actual Startup Time": 0.065,
                                                                "Actual Total Time": 143.212,
                                                                "Actual Rows": 278397,
                                                                "Actual Loops": 1
                                                            },
                                                            {
                                                                "Worker Number": 1,
                                                                "Actual Startup Time": 0.081,
                                                                "Actual Total Time": 145.313,
                                                                "Actual Rows": 308994,
                                                                "Actual Loops": 1
                                                            }
                                                        ]
                                                    }
                                                ]
                                            }
                                        ]
                                    },
                                    {
                                        "Node Type": "Index Scan",
                                        "Parent Relationship": "Inner",
                                        "Parallel Aware": false,
                                        "Scan Direction": "Forward",
                                        "Index Name": "movie_id_movie_info",
                                        "Relation Name": "movie_info",
                                        "Schema": "public",
                                        "Alias": "mi",
                                        "Startup Cost": 0.43,
                                        "Total Cost": 2.14,
                                        "Plan Rows": 30,
                                        "Plan Width": 4,
                                        "Actual Startup Time": 0.003,
                                        "Actual Total Time": 0.007,
                                        "Actual Rows": 8,
                                        "Actual Loops": 96715,
                                        "Output": [
                                            "mi.id",
                                            "mi.movie_id",
                                            "mi.info_type_id",
                                            "mi.info",
                                            "mi.note"
                                        ],
                                        "Index Cond": "(mi.movie_id = t.id)",
                                        "Rows Removed by Index Recheck": 0,
                                        "Filter": "(mi.info_type_id > 3)",
                                        "Rows Removed by Filter": 1,
                                        "Workers": [
                                            {
                                                "Worker Number": 0,
                                                "Actual Startup Time": 0.003,
                                                "Actual Total Time": 0.007,
                                                "Actual Rows": 8,
                                                "Actual Loops": 31123
                                            },
                                            {
                                                "Worker Number": 1,
                                                "Actual Startup Time": 0.002,
                                                "Actual Total Time": 0.006,
                                                "Actual Rows": 8,
                                                "Actual Loops": 35487
                                            }
                                        ]
                                    }
                                ]
                            }
                        ]
                    }
                ]
            }
        ]
    },
    "Planning Time": 1.562,
    "Triggers": [],
    "Execution Time": 652.576
}