[
    {
        "Bao": {
            "Bao prediction": "NaN",
            "Bao recommended hint": "(no hint)"
        }
    },
    {
        "Plan": {
            "Node Type": "Aggregate",
            "Strategy": "Plain",
            "Partial Mode": "Finalize",
            "Parallel Aware": false,
            "Startup Cost": 271949.99,
            "Total Cost": 271950.0,
            "Plan Rows": 1,
            "Plan Width": 8,
            "Actual Startup Time": 73.172,
            "Actual Total Time": 76.197,
            "Actual Rows": 1,
            "Actual Loops": 1,
            "Output": [
                "count(*)"
            ],
            "Plans": [
                {
                    "Node Type": "Gather",
                    "Parent Relationship": "Outer",
                    "Parallel Aware": false,
                    "Startup Cost": 271949.36,
                    "Total Cost": 271949.97,
                    "Plan Rows": 6,
                    "Plan Width": 8,
                    "Actual Startup Time": 72.866,
                    "Actual Total Time": 76.19,
                    "Actual Rows": 7,
                    "Actual Loops": 1,
                    "Output": [
                        "(PARTIAL count(*))"
                    ],
                    "Workers Planned": 6,
                    "Workers Launched": 6,
                    "Single Copy": false,
                    "Plans": [
                        {
                            "Node Type": "Aggregate",
                            "Strategy": "Plain",
                            "Partial Mode": "Partial",
                            "Parent Relationship": "Outer",
                            "Parallel Aware": false,
                            "Startup Cost": 270949.36,
                            "Total Cost": 270949.37,
                            "Plan Rows": 1,
                            "Plan Width": 8,
                            "Actual Startup Time": 62.517,
                            "Actual Total Time": 62.518,
                            "Actual Rows": 1,
                            "Actual Loops": 7,
                            "Output": [
                                "PARTIAL count(*)"
                            ],
                            "Workers": [
                                {
                                    "Worker Number": 0,
                                    "Actual Startup Time": 60.351,
                                    "Actual Total Time": 60.352,
                                    "Actual Rows": 1,
                                    "Actual Loops": 1
                                },
                                {
                                    "Worker Number": 1,
                                    "Actual Startup Time": 60.161,
                                    "Actual Total Time": 60.163,
                                    "Actual Rows": 1,
                                    "Actual Loops": 1
                                },
                                {
                                    "Worker Number": 2,
                                    "Actual Startup Time": 60.86,
                                    "Actual Total Time": 60.861,
                                    "Actual Rows": 1,
                                    "Actual Loops": 1
                                },
                                {
                                    "Worker Number": 3,
                                    "Actual Startup Time": 61.057,
                                    "Actual Total Time": 61.059,
                                    "Actual Rows": 1,
                                    "Actual Loops": 1
                                },
                                {
                                    "Worker Number": 4,
                                    "Actual Startup Time": 61.112,
                                    "Actual Total Time": 61.113,
                                    "Actual Rows": 1,
                                    "Actual Loops": 1
                                },
                                {
                                    "Worker Number": 5,
                                    "Actual Startup Time": 61.549,
                                    "Actual Total Time": 61.551,
                                    "Actual Rows": 1,
                                    "Actual Loops": 1
                                }
                            ],
                            "Plans": [
                                {
                                    "Node Type": "Bitmap Heap Scan",
                                    "Parent Relationship": "Outer",
                                    "Parallel Aware": true,
                                    "Relation Name": "cast_info",
                                    "Schema": "public",
                                    "Alias": "ci",
                                    "Startup Cost": 16219.45,
                                    "Total Cost": 270750.25,
                                    "Plan Rows": 79644,
                                    "Plan Width": 0,
                                    "Actual Startup Time": 47.906,
                                    "Actual Total Time": 60.753,
                                    "Actual Rows": 27883,
                                    "Actual Loops": 7,
                                    "Recheck Cond": "(ci.person_id < 80048)",
                                    "Rows Removed by Index Recheck": 0,
                                    "Filter": "(ci.role_id > 1)",
                                    "Rows Removed by Filter": 79719,
                                    "Exact Heap Blocks": 2827,
                                    "Lossy Heap Blocks": 0,
                                    "Workers": [
                                        {
                                            "Worker Number": 0,
                                            "Actual Startup Time": 45.751,
                                            "Actual Total Time": 58.636,
                                            "Actual Rows": 24127,
                                            "Actual Loops": 1
                                        },
                                        {
                                            "Worker Number": 1,
                                            "Actual Startup Time": 45.579,
                                            "Actual Total Time": 58.465,
                                            "Actual Rows": 22344,
                                            "Actual Loops": 1
                                        },
                                        {
                                            "Worker Number": 2,
                                            "Actual Startup Time": 46.232,
                                            "Actual Total Time": 59.155,
                                            "Actual Rows": 24153,
                                            "Actual Loops": 1
                                        },
                                        {
                                            "Worker Number": 3,
                                            "Actual Startup Time": 46.468,
                                            "Actual Total Time": 59.346,
                                            "Actual Rows": 24172,
                                            "Actual Loops": 1
                                        },
                                        {
                                            "Worker Number": 4,
                                            "Actual Startup Time": 46.509,
                                            "Actual Total Time": 59.414,
                                            "Actual Rows": 22516,
                                            "Actual Loops": 1
                                        },
                                        {
                                            "Worker Number": 5,
                                            "Actual Startup Time": 46.933,
                                            "Actual Total Time": 59.853,
                                            "Actual Rows": 23776,
                                            "Actual Loops": 1
                                        }
                                    ],
                                    "Plans": [
                                        {
                                            "Node Type": "Bitmap Index Scan",
                                            "Parent Relationship": "Outer",
                                            "Parallel Aware": false,
                                            "Index Name": "person_id_cast_info",
                                            "Startup Cost": 0.0,
                                            "Total Cost": 16099.98,
                                            "Plan Rows": 737522,
                                            "Plan Width": 0,
                                            "Actual Startup Time": 29.71,
                                            "Actual Total Time": 29.711,
                                            "Actual Rows": 753218,
                                            "Actual Loops": 1,
                                            "Index Cond": "(ci.person_id < 80048)"
                                        }
                                    ]
                                }
                            ]
                        }
                    ]
                }
            ]
        },
        "Planning Time": 180.663,
        "Triggers": [],
        "Execution Time": 76.252
    }
]