[
  {
    "Plan": {
      "Node Type": "Aggregate",
      "Strategy": "Plain",
      "Partial Mode": "Finalize",
      "Parallel Aware": false,
      "Startup Cost": 331825.94,
      "Total Cost": 331825.95,
      "Plan Rows": 1,
      "Plan Width": 8,
      "Actual Startup Time": 352.328,
      "Actual Total Time": 369.33,
      "Actual Rows": 1,
      "Actual Loops": 1,
      "Plans": [
        {
          "Node Type": "Gather",
          "Parent Relationship": "Outer",
          "Parallel Aware": false,
          "Startup Cost": 331825.32,
          "Total Cost": 331825.93,
          "Plan Rows": 6,
          "Plan Width": 8,
          "Actual Startup Time": 350.932,
          "Actual Total Time": 369.323,
          "Actual Rows": 7,
          "Actual Loops": 1,
          "Workers Planned": 6,
          "Workers Launched": 6,
          "Single Copy": false,
          "Plans": [
            {
              "Node Type": "Aggregate",
              "Strategy": "Plain",
              "Partial Mode": "Partial",
              "Parent Relationship": "Outer",
              "Parallel Aware": false,
              "Startup Cost": 330825.32,
              "Total Cost": 330825.33,
              "Plan Rows": 1,
              "Plan Width": 8,
              "Actual Startup Time": 342.276,
              "Actual Total Time": 342.277,
              "Actual Rows": 1,
              "Actual Loops": 7,
              "Plans": [
                {
                  "Node Type": "Bitmap Heap Scan",
                  "Parent Relationship": "Outer",
                  "Parallel Aware": true,
                  "Relation Name": "cast_info",
                  "Alias": "ci",
                  "Startup Cost": 69619.98,
                  "Total Cost": 330240.48,
                  "Plan Rows": 233933,
                  "Plan Width": 0,
                  "Actual Startup Time": 146.996,
                  "Actual Total Time": 315.749,
                  "Actual Rows": 444577,
                  "Actual Loops": 7,
                  "Recheck Cond": "(person_id > 3488396)",
                  "Rows Removed by Index Recheck": 0,
                  "Filter": "(role_id > 2)",
                  "Rows Removed by Filter": 0,
                  "Exact Heap Blocks": 10146,
                  "Lossy Heap Blocks": 0,
                  "Plans": [
                    {
                      "Node Type": "Bitmap Index Scan",
                      "Parent Relationship": "Outer",
                      "Parallel Aware": false,
                      "Index Name": "person_id_cast_info",
                      "Startup Cost": 0.0,
                      "Total Cost": 69269.08,
                      "Plan Rows": 3173402,
                      "Plan Width": 0,
                      "Actual Startup Time": 148.105,
                      "Actual Total Time": 148.106,
                      "Actual Rows": 3112039,
                      "Actual Loops": 1,
                      "Index Cond": "(person_id > 3488396)"
                    }
                  ]
                }
              ]
            }
          ]
        }
      ]
    },
    "Planning Time": 0.09,
    "Triggers": [],
    "Execution Time": 369.373
  }
]