[
  {
    "Plan": {
      "Node Type": "Aggregate",
      "Strategy": "Plain",
      "Partial Mode": "Finalize",
      "Parallel Aware": false,
      "Startup Cost": 333049.85,
      "Total Cost": 333049.86,
      "Plan Rows": 1,
      "Plan Width": 8,
      "Actual Startup Time": 331.529,
      "Actual Total Time": 344.849,
      "Actual Rows": 1,
      "Actual Loops": 1,
      "Plans": [
        {
          "Node Type": "Gather",
          "Parent Relationship": "Outer",
          "Parallel Aware": false,
          "Startup Cost": 333049.23,
          "Total Cost": 333049.84,
          "Plan Rows": 6,
          "Plan Width": 8,
          "Actual Startup Time": 331.114,
          "Actual Total Time": 344.841,
          "Actual Rows": 7,
          "Actual Loops": 1,
          "Workers Planned": 6,
          "Workers Launched": 6,
          "Single Copy": false,
          "Plans": [
            {
              "Node Type": "Aggregate",
              "Strategy": "Plain",
              "Partial Mode": "Partial",
              "Parent Relationship": "Outer",
              "Parallel Aware": false,
              "Startup Cost": 332049.23,
              "Total Cost": 332049.24,
              "Plan Rows": 1,
              "Plan Width": 8,
              "Actual Startup Time": 321.068,
              "Actual Total Time": 321.069,
              "Actual Rows": 1,
              "Actual Loops": 7,
              "Plans": [
                {
                  "Node Type": "Bitmap Heap Scan",
                  "Parent Relationship": "Outer",
                  "Parallel Aware": true,
                  "Relation Name": "cast_info",
                  "Alias": "ci",
                  "Startup Cost": 70702.54,
                  "Total Cost": 331442.11,
                  "Plan Rows": 242848,
                  "Plan Width": 0,
                  "Actual Startup Time": 141.889,
                  "Actual Total Time": 296.641,
                  "Actual Rows": 444577,
                  "Actual Loops": 7,
                  "Recheck Cond": "(person_id > 3488396)",
                  "Rows Removed by Index Recheck": 0,
                  "Filter": "(role_id > 2)",
                  "Rows Removed by Filter": 0,
                  "Exact Heap Blocks": 10769,
                  "Lossy Heap Blocks": 0,
                  "Plans": [
                    {
                      "Node Type": "Bitmap Index Scan",
                      "Parent Relationship": "Outer",
                      "Parallel Aware": false,
                      "Index Name": "person_id_cast_info",
                      "Startup Cost": 0.0,
                      "Total Cost": 70338.27,
                      "Plan Rows": 3221027,
                      "Plan Width": 0,
                      "Actual Startup Time": 143.635,
                      "Actual Total Time": 143.636,
                      "Actual Rows": 3112039,
                      "Actual Loops": 1,
                      "Index Cond": "(person_id > 3488396)"
                    }
                  ]
                }
              ]
            }
          ]
        }
      ]
    },
    "Planning Time": 0.214,
    "Triggers": [],
    "Execution Time": 344.925
  }
]