[
  {
    "Plan": {
      "Node Type": "Aggregate",
      "Strategy": "Plain",
      "Partial Mode": "Finalize",
      "Parallel Aware": false,
      "Startup Cost": 46514.0,
      "Total Cost": 46514.01,
      "Plan Rows": 1,
      "Plan Width": 8,
      "Actual Startup Time": 96.073,
      "Actual Total Time": 109.962,
      "Actual Rows": 1,
      "Actual Loops": 1,
      "Plans": [
        {
          "Node Type": "Gather",
          "Parent Relationship": "Outer",
          "Parallel Aware": false,
          "Startup Cost": 46513.58,
          "Total Cost": 46513.99,
          "Plan Rows": 4,
          "Plan Width": 8,
          "Actual Startup Time": 95.929,
          "Actual Total Time": 109.954,
          "Actual Rows": 5,
          "Actual Loops": 1,
          "Workers Planned": 4,
          "Workers Launched": 4,
          "Single Copy": false,
          "Plans": [
            {
              "Node Type": "Aggregate",
              "Strategy": "Plain",
              "Partial Mode": "Partial",
              "Parent Relationship": "Outer",
              "Parallel Aware": false,
              "Startup Cost": 45513.58,
              "Total Cost": 45513.59,
              "Plan Rows": 1,
              "Plan Width": 8,
              "Actual Startup Time": 88.263,
              "Actual Total Time": 88.264,
              "Actual Rows": 1,
              "Actual Loops": 5,
              "Plans": [
                {
                  "Node Type": "Seq Scan",
                  "Parent Relationship": "Outer",
                  "Parallel Aware": true,
                  "Relation Name": "title",
                  "Alias": "t",
                  "Startup Cost": 0.0,
                  "Total Cost": 45479.59,
                  "Plan Rows": 13597,
                  "Plan Width": 0,
                  "Actual Startup Time": 65.863,
                  "Actual Total Time": 88.256,
                  "Actual Rows": 0,
                  "Actual Loops": 5,
                  "Filter": "((kind_id > 1) AND (production_year < 1918))",
                  "Rows Removed by Filter": 505662
                }
              ]
            }
          ]
        }
      ]
    },
    "Planning Time": 0.083,
    "Triggers": [],
    "Execution Time": 109.992
  }
]