[
  {
    "Plan": {
      "Node Type": "Aggregate",
      "Strategy": "Plain",
      "Partial Mode": "Finalize",
      "Parallel Aware": false,
      "Startup Cost": 18934.31,
      "Total Cost": 18934.32,
      "Plan Rows": 1,
      "Plan Width": 8,
      "Actual Startup Time": 31.235,
      "Actual Total Time": 35.055,
      "Actual Rows": 1,
      "Actual Loops": 1,
      "Plans": [
        {
          "Node Type": "Gather",
          "Parent Relationship": "Outer",
          "Parallel Aware": false,
          "Startup Cost": 18934.09,
          "Total Cost": 18934.3,
          "Plan Rows": 2,
          "Plan Width": 8,
          "Actual Startup Time": 30.983,
          "Actual Total Time": 35.048,
          "Actual Rows": 3,
          "Actual Loops": 1,
          "Workers Planned": 2,
          "Workers Launched": 2,
          "Single Copy": false,
          "Plans": [
            {
              "Node Type": "Aggregate",
              "Strategy": "Plain",
              "Partial Mode": "Partial",
              "Parent Relationship": "Outer",
              "Parallel Aware": false,
              "Startup Cost": 17934.09,
              "Total Cost": 17934.1,
              "Plan Rows": 1,
              "Plan Width": 8,
              "Actual Startup Time": 22.805,
              "Actual Total Time": 22.806,
              "Actual Rows": 1,
              "Actual Loops": 3,
              "Plans": [
                {
                  "Node Type": "Nested Loop",
                  "Parent Relationship": "Outer",
                  "Parallel Aware": false,
                  "Join Type": "Inner",
                  "Startup Cost": 99.33,
                  "Total Cost": 17931.79,
                  "Plan Rows": 921,
                  "Plan Width": 0,
                  "Actual Startup Time": 1.739,
                  "Actual Total Time": 22.52,
                  "Actual Rows": 1378,
                  "Actual Loops": 3,
                  "Inner Unique": true,
                  "Plans": [
                    {
                      "Node Type": "Bitmap Heap Scan",
                      "Parent Relationship": "Outer",
                      "Parallel Aware": true,
                      "Relation Name": "movie_companies",
                      "Alias": "mc",
                      "Startup Cost": 98.9,
                      "Total Cost": 10661.5,
                      "Plan Rows": 921,
                      "Plan Width": 4,
                      "Actual Startup Time": 1.547,
                      "Actual Total Time": 6.945,
                      "Actual Rows": 1378,
                      "Actual Loops": 3,
                      "Recheck Cond": "(company_id = 258)",
                      "Rows Removed by Index Recheck": 0,
                      "Filter": "(company_type_id < 2)",
                      "Rows Removed by Filter": 50,
                      "Exact Heap Blocks": 1556,
                      "Lossy Heap Blocks": 0,
                      "Plans": [
                        {
                          "Node Type": "Bitmap Index Scan",
                          "Parent Relationship": "Outer",
                          "Parallel Aware": false,
                          "Index Name": "company_id_movie_companies",
                          "Startup Cost": 0.0,
                          "Total Cost": 98.34,
                          "Plan Rows": 4522,
                          "Plan Width": 0,
                          "Actual Startup Time": 3.324,
                          "Actual Total Time": 3.325,
                          "Actual Rows": 4285,
                          "Actual Loops": 1,
                          "Index Cond": "(company_id = 258)"
                        }
                      ]
                    },
                    {
                      "Node Type": "Index Only Scan",
                      "Parent Relationship": "Inner",
                      "Parallel Aware": false,
                      "Scan Direction": "Forward",
                      "Index Name": "title_pkey",
                      "Relation Name": "title",
                      "Alias": "t",
                      "Startup Cost": 0.43,
                      "Total Cost": 7.89,
                      "Plan Rows": 1,
                      "Plan Width": 4,
                      "Actual Startup Time": 0.01,
                      "Actual Total Time": 0.01,
                      "Actual Rows": 1,
                      "Actual Loops": 4134,
                      "Index Cond": "(id = mc.movie_id)",
                      "Rows Removed by Index Recheck": 0,
                      "Heap Fetches": 4134
                    }
                  ]
                }
              ]
            }
          ]
        }
      ]
    },
    "Planning Time": 0.658,
    "Triggers": [],
    "Execution Time": 35.14
  }
]