[
    {
        "Bao": {
            "Bao prediction": "NaN",
            "Bao recommended hint": "(no hint)"
        }
    },
    {
        "Plan": {
            "Node Type": "Aggregate",
            "Strategy": "Plain",
            "Partial Mode": "Simple",
            "Parallel Aware": false,
            "Startup Cost": 22855.25,
            "Total Cost": 22855.26,
            "Plan Rows": 1,
            "Plan Width": 8,
            "Actual Startup Time": 50.11,
            "Actual Total Time": 50.112,
            "Actual Rows": 1,
            "Actual Loops": 1,
            "Output": [
                "count(*)"
            ],
            "Plans": [
                {
                    "Node Type": "Bitmap Heap Scan",
                    "Parent Relationship": "Outer",
                    "Parallel Aware": false,
                    "Relation Name": "movie_companies",
                    "Schema": "public",
                    "Alias": "mc",
                    "Startup Cost": 2316.18,
                    "Total Cost": 22718.27,
                    "Plan Rows": 54793,
                    "Plan Width": 0,
                    "Actual Startup Time": 10.194,
                    "Actual Total Time": 42.925,
                    "Actual Rows": 109785,
                    "Actual Loops": 1,
                    "Recheck Cond": "(mc.company_id > 151972)",
                    "Rows Removed by Index Recheck": 0,
                    "Filter": "(mc.company_type_id = 2)",
                    "Rows Removed by Filter": 0,
                    "Exact Heap Blocks": 3331,
                    "Lossy Heap Blocks": 0,
                    "Plans": [
                        {
                            "Node Type": "Bitmap Index Scan",
                            "Parent Relationship": "Outer",
                            "Parallel Aware": false,
                            "Index Name": "company_id_movie_companies",
                            "Startup Cost": 0.0,
                            "Total Cost": 2302.48,
                            "Plan Rows": 107473,
                            "Plan Width": 0,
                            "Actual Startup Time": 9.658,
                            "Actual Total Time": 9.659,
                            "Actual Rows": 109785,
                            "Actual Loops": 1,
                            "Index Cond": "(mc.company_id > 151972)"
                        }
                    ]
                }
            ]
        },
        "Planning Time": 290.707,
        "Triggers": [],
        "Execution Time": 50.176
    }
]