[
    {
        "Bao": {
            "Bao prediction": "NaN",
            "Bao recommended hint": "(no hint)"
        }
    },
    {
        "Plan": {
            "Node Type": "Aggregate",
            "Strategy": "Plain",
            "Partial Mode": "Simple",
            "Parallel Aware": false,
            "Startup Cost": 7071.01,
            "Total Cost": 7071.02,
            "Plan Rows": 1,
            "Plan Width": 8,
            "Actual Startup Time": 4.837,
            "Actual Total Time": 4.839,
            "Actual Rows": 1,
            "Actual Loops": 1,
            "Output": [
                "count(*)"
            ],
            "Plans": [
                {
                    "Node Type": "Index Scan",
                    "Parent Relationship": "Outer",
                    "Parallel Aware": false,
                    "Scan Direction": "Forward",
                    "Index Name": "company_id_movie_companies",
                    "Relation Name": "movie_companies",
                    "Schema": "public",
                    "Alias": "mc",
                    "Startup Cost": 0.43,
                    "Total Cost": 7067.49,
                    "Plan Rows": 1407,
                    "Plan Width": 0,
                    "Actual Startup Time": 0.061,
                    "Actual Total Time": 4.262,
                    "Actual Rows": 3139,
                    "Actual Loops": 1,
                    "Output": [
                        "id",
                        "movie_id",
                        "company_id",
                        "company_type_id",
                        "note"
                    ],
                    "Index Cond": "(mc.company_id = 452)",
                    "Rows Removed by Index Recheck": 0,
                    "Filter": "(mc.company_type_id < 2)",
                    "Rows Removed by Filter": 74
                }
            ]
        },
        "Planning Time": 228.101,
        "Triggers": [],
        "Execution Time": 4.914
    }
]