[
  {
    "Plan": {
      "Node Type": "Aggregate",
      "Strategy": "Plain",
      "Partial Mode": "Finalize",
      "Parallel Aware": false,
      "Startup Cost": 335093.74,
      "Total Cost": 335093.75,
      "Plan Rows": 1,
      "Plan Width": 8,
      "Actual Startup Time": 757.491,
      "Actual Total Time": 821.9,
      "Actual Rows": 1,
      "Actual Loops": 1,
      "Plans": [
        {
          "Node Type": "Gather",
          "Parent Relationship": "Outer",
          "Parallel Aware": false,
          "Startup Cost": 335093.12,
          "Total Cost": 335093.73,
          "Plan Rows": 6,
          "Plan Width": 8,
          "Actual Startup Time": 757.349,
          "Actual Total Time": 821.89,
          "Actual Rows": 7,
          "Actual Loops": 1,
          "Workers Planned": 6,
          "Workers Launched": 6,
          "Single Copy": false,
          "Plans": [
            {
              "Node Type": "Aggregate",
              "Strategy": "Plain",
              "Partial Mode": "Partial",
              "Parent Relationship": "Outer",
              "Parallel Aware": false,
              "Startup Cost": 334093.12,
              "Total Cost": 334093.13,
              "Plan Rows": 1,
              "Plan Width": 8,
              "Actual Startup Time": 749.34,
              "Actual Total Time": 749.341,
              "Actual Rows": 1,
              "Actual Loops": 7,
              "Plans": [
                {
                  "Node Type": "Seq Scan",
                  "Parent Relationship": "Outer",
                  "Parallel Aware": true,
                  "Relation Name": "cast_info",
                  "Alias": "ci",
                  "Startup Cost": 0.0,
                  "Total Cost": 328162.03,
                  "Plan Rows": 2372436,
                  "Plan Width": 0,
                  "Actual Startup Time": 270.24,
                  "Actual Total Time": 648.581,
                  "Actual Rows": 2028576,
                  "Actual Loops": 7,
                  "Filter": "(person_id > 2245098)",
                  "Rows Removed by Filter": 3149187
                }
              ]
            }
          ]
        }
      ]
    },
    "Planning Time": 0.206,
    "Triggers": [],
    "Execution Time": 821.978
  }
]