[
  {
    "Plan": {
      "Node Type": "Aggregate",
      "Strategy": "Plain",
      "Partial Mode": "Finalize",
      "Parallel Aware": false,
      "Startup Cost": 287959.47,
      "Total Cost": 287959.48,
      "Plan Rows": 1,
      "Plan Width": 8,
      "Actual Startup Time": 928.23,
      "Actual Total Time": 974.705,
      "Actual Rows": 1,
      "Actual Loops": 1,
      "Plans": [
        {
          "Node Type": "Gather",
          "Parent Relationship": "Outer",
          "Parallel Aware": false,
          "Startup Cost": 287958.95,
          "Total Cost": 287959.46,
          "Plan Rows": 5,
          "Plan Width": 8,
          "Actual Startup Time": 920.311,
          "Actual Total Time": 974.693,
          "Actual Rows": 6,
          "Actual Loops": 1,
          "Workers Planned": 5,
          "Workers Launched": 5,
          "Single Copy": false,
          "Plans": [
            {
              "Node Type": "Aggregate",
              "Strategy": "Plain",
              "Partial Mode": "Partial",
              "Parent Relationship": "Outer",
              "Parallel Aware": false,
              "Startup Cost": 286958.95,
              "Total Cost": 286958.96,
              "Plan Rows": 1,
              "Plan Width": 8,
              "Actual Startup Time": 910.461,
              "Actual Total Time": 910.608,
              "Actual Rows": 1,
              "Actual Loops": 6,
              "Plans": [
                {
                  "Node Type": "Hash Join",
                  "Parent Relationship": "Outer",
                  "Parallel Aware": true,
                  "Join Type": "Inner",
                  "Startup Cost": 81602.33,
                  "Total Cost": 285776.34,
                  "Plan Rows": 473042,
                  "Plan Width": 0,
                  "Actual Startup Time": 288.305,
                  "Actual Total Time": 892.054,
                  "Actual Rows": 397990,
                  "Actual Loops": 6,
                  "Inner Unique": false,
                  "Hash Cond": "(mi.movie_id = t.id)",
                  "Plans": [
                    {
                      "Node Type": "Seq Scan",
                      "Parent Relationship": "Outer",
                      "Parallel Aware": true,
                      "Relation Name": "movie_info",
                      "Alias": "mi",
                      "Startup Cost": 0.0,
                      "Total Cost": 191560.33,
                      "Plan Rows": 2956733,
                      "Plan Width": 4,
                      "Actual Startup Time": 0.016,
                      "Actual Total Time": 302.844,
                      "Actual Rows": 2472620,
                      "Actual Loops": 6
                    },
                    {
                      "Node Type": "Hash",
                      "Parent Relationship": "Inner",
                      "Parallel Aware": true,
                      "Startup Cost": 79971.29,
                      "Total Cost": 79971.29,
                      "Plan Rows": 130483,
                      "Plan Width": 8,
                      "Actual Startup Time": 285.21,
                      "Actual Total Time": 285.355,
                      "Actual Rows": 30167,
                      "Actual Loops": 6,
                      "Hash Buckets": 524288,
                      "Original Hash Buckets": 524288,
                      "Hash Batches": 1,
                      "Original Hash Batches": 1,
                      "Peak Memory Usage": 11296,
                      "Plans": [
                        {
                          "Node Type": "Hash Join",
                          "Parent Relationship": "Outer",
                          "Parallel Aware": true,
                          "Join Type": "Inner",
                          "Startup Cost": 47876.03,
                          "Total Cost": 79971.29,
                          "Plan Rows": 130483,
                          "Plan Width": 8,
                          "Actual Startup Time": 216.617,
                          "Actual Total Time": 272.93,
                          "Actual Rows": 30167,
                          "Actual Loops": 6,
                          "Inner Unique": true,
                          "Hash Cond": "(mc.movie_id = t.id)",
                          "Plans": [
                            {
                              "Node Type": "Seq Scan",
                              "Parent Relationship": "Outer",
                              "Parallel Aware": true,
                              "Relation Name": "movie_companies",
                              "Alias": "mc",
                              "Startup Cost": 0.0,
                              "Total Cost": 31414.82,
                              "Plan Rows": 259216,
                              "Plan Width": 4,
                              "Actual Startup Time": 23.947,
                              "Actual Total Time": 48.035,
                              "Actual Rows": 83756,
                              "Actual Loops": 6,
                              "Filter": "((company_id < 15308) AND (company_type_id > 1))",
                              "Rows Removed by Filter": 351098
                            },
                            {
                              "Node Type": "Hash",
                              "Parent Relationship": "Inner",
                              "Parallel Aware": true,
                              "Startup Cost": 43898.92,
                              "Total Cost": 43898.92,
                              "Plan Rows": 318169,
                              "Plan Width": 4,
                              "Actual Startup Time": 188.757,
                              "Actual Total Time": 188.758,
                              "Actual Rows": 210049,
                              "Actual Loops": 6,
                              "Hash Buckets": 2097152,
                              "Original Hash Buckets": 2097152,
                              "Hash Batches": 1,
                              "Original Hash Batches": 1,
                              "Peak Memory Usage": 65760,
                              "Plans": [
                                {
                                  "Node Type": "Seq Scan",
                                  "Parent Relationship": "Outer",
                                  "Parallel Aware": true,
                                  "Relation Name": "title",
                                  "Alias": "t",
                                  "Startup Cost": 0.0,
                                  "Total Cost": 43898.92,
                                  "Plan Rows": 318169,
                                  "Plan Width": 4,
                                  "Actual Startup Time": 0.052,
                                  "Actual Total Time": 85.673,
                                  "Actual Rows": 210049,
                                  "Actual Loops": 6,
                                  "Filter": "(production_year > 2002)",
                                  "Rows Removed by Filter": 211336
                                }
                              ]
                            }
                          ]
                        }
                      ]
                    }
                  ]
                }
              ]
            }
          ]
        }
      ]
    },
    "Planning Time": 1.437,
    "Triggers": [],
    "Execution Time": 974.797
  }
]