[
  {
    "Plan": {
      "Node Type": "Aggregate",
      "Strategy": "Plain",
      "Partial Mode": "Finalize",
      "Parallel Aware": false,
      "Startup Cost": 302489.31,
      "Total Cost": 302489.32,
      "Plan Rows": 1,
      "Plan Width": 8,
      "Actual Startup Time": 219.714,
      "Actual Total Time": 227.392,
      "Actual Rows": 1,
      "Actual Loops": 1,
      "Plans": [
        {
          "Node Type": "Gather",
          "Parent Relationship": "Outer",
          "Parallel Aware": false,
          "Startup Cost": 302488.69,
          "Total Cost": 302489.3,
          "Plan Rows": 6,
          "Plan Width": 8,
          "Actual Startup Time": 218.466,
          "Actual Total Time": 227.383,
          "Actual Rows": 7,
          "Actual Loops": 1,
          "Workers Planned": 6,
          "Workers Launched": 6,
          "Single Copy": false,
          "Plans": [
            {
              "Node Type": "Aggregate",
              "Strategy": "Plain",
              "Partial Mode": "Partial",
              "Parent Relationship": "Outer",
              "Parallel Aware": false,
              "Startup Cost": 301488.69,
              "Total Cost": 301488.7,
              "Plan Rows": 1,
              "Plan Width": 8,
              "Actual Startup Time": 207.662,
              "Actual Total Time": 207.664,
              "Actual Rows": 1,
              "Actual Loops": 7,
              "Plans": [
                {
                  "Node Type": "Bitmap Heap Scan",
                  "Parent Relationship": "Outer",
                  "Parallel Aware": true,
                  "Relation Name": "cast_info",
                  "Alias": "ci",
                  "Startup Cost": 43839.46,
                  "Total Cost": 300661.65,
                  "Plan Rows": 330815,
                  "Plan Width": 0,
                  "Actual Startup Time": 111.729,
                  "Actual Total Time": 193.044,
                  "Actual Rows": 273426,
                  "Actual Loops": 7,
                  "Recheck Cond": "(person_id > 3685388)",
                  "Rows Removed by Index Recheck": 0,
                  "Exact Heap Blocks": 6714,
                  "Lossy Heap Blocks": 0,
                  "Plans": [
                    {
                      "Node Type": "Bitmap Index Scan",
                      "Parent Relationship": "Outer",
                      "Parallel Aware": false,
                      "Index Name": "person_id_cast_info",
                      "Startup Cost": 0.0,
                      "Total Cost": 43343.24,
                      "Plan Rows": 1984890,
                      "Plan Width": 0,
                      "Actual Startup Time": 116.63,
                      "Actual Total Time": 116.63,
                      "Actual Rows": 1913981,
                      "Actual Loops": 1,
                      "Index Cond": "(person_id > 3685388)"
                    }
                  ]
                }
              ]
            }
          ]
        }
      ]
    },
    "Planning Time": 0.168,
    "Triggers": [],
    "Execution Time": 227.463
  }
]