{
  "Plan": {
    "Node Type": "Aggregate",
    "Strategy": "Plain",
    "Partial Mode": "Finalize",
    "Parallel Aware": false,
    "Startup Cost": 248038.67,
    "Total Cost": 248038.68,
    "Plan Rows": 1,
    "Plan Width": 8,
    "Actual Startup Time": 406.528,
    "Actual Total Time": 455.56,
    "Actual Rows": 1,
    "Actual Loops": 1,
    "Plans": [
      {
        "Node Type": "Gather",
        "Parent Relationship": "Outer",
        "Parallel Aware": false,
        "Startup Cost": 248038.56,
        "Total Cost": 248038.67,
        "Plan Rows": 1,
        "Plan Width": 8,
        "Actual Startup Time": 405.246,
        "Actual Total Time": 455.551,
        "Actual Rows": 2,
        "Actual Loops": 1,
        "Workers Planned": 1,
        "Workers Launched": 1,
        "Single Copy": false,
        "Plans": [
          {
            "Node Type": "Aggregate",
            "Strategy": "Plain",
            "Partial Mode": "Partial",
            "Parent Relationship": "Outer",
            "Parallel Aware": false,
            "Startup Cost": 247038.56,
            "Total Cost": 247038.57,
            "Plan Rows": 1,
            "Plan Width": 8,
            "Actual Startup Time": 399.498,
            "Actual Total Time": 399.502,
            "Actual Rows": 1,
            "Actual Loops": 2,
            "Plans": [
              {
                "Node Type": "Nested Loop",
                "Parent Relationship": "Outer",
                "Parallel Aware": false,
                "Join Type": "Inner",
                "Startup Cost": 67326.59,
                "Total Cost": 247032.6,
                "Plan Rows": 2385,
                "Plan Width": 0,
                "Actual Startup Time": 174.05,
                "Actual Total Time": 399.091,
                "Actual Rows": 5021,
                "Actual Loops": 2,
                "Inner Unique": false,
                "Join Filter": "(t.id = ci.movie_id)",
                "Rows Removed by Join Filter": 0,
                "Plans": [
                  {
                    "Node Type": "Hash Join",
                    "Parent Relationship": "Outer",
                    "Parallel Aware": true,
                    "Join Type": "Inner",
                    "Startup Cost": 67326.03,
                    "Total Cost": 233655.17,
                    "Plan Rows": 2931,
                    "Plan Width": 8,
                    "Actual Startup Time": 162.831,
                    "Actual Total Time": 199.601,
                    "Actual Rows": 4158,
                    "Actual Loops": 2,
                    "Inner Unique": true,
                    "Hash Cond": "(mi.movie_id = t.id)",
                    "Plans": [
                      {
                        "Node Type": "Bitmap Heap Scan",
                        "Parent Relationship": "Outer",
                        "Parallel Aware": true,
                        "Relation Name": "movie_info",
                        "Alias": "mi",
                        "Startup Cost": 8829.54,
                        "Total Cost": 174406.13,
                        "Plan Rows": 286687,
                        "Plan Width": 4,
                        "Actual Startup Time": 15.824,
                        "Actual Total Time": 40.326,
                        "Actual Rows": 232818,
                        "Actual Loops": 2,
                        "Recheck Cond": "(info_type_id > 103)",
                        "Rows Removed by Index Recheck": 0,
                        "Exact Heap Blocks": 3898,
                        "Lossy Heap Blocks": 0,
                        "Plans": [
                          {
                            "Node Type": "Bitmap Index Scan",
                            "Parent Relationship": "Outer",
                            "Parallel Aware": false,
                            "Index Name": "info_type_id_movie_info",
                            "Startup Cost": 0.0,
                            "Total Cost": 8707.69,
                            "Plan Rows": 487368,
                            "Plan Width": 0,
                            "Actual Startup Time": 15.032,
                            "Actual Total Time": 15.032,
                            "Actual Rows": 465636,
                            "Actual Loops": 1,
                            "Index Cond": "(info_type_id > 103)"
                          }
                        ]
                      },
                      {
                        "Node Type": "Hash",
                        "Parent Relationship": "Inner",
                        "Parallel Aware": true,
                        "Startup Cost": 58306.47,
                        "Total Cost": 58306.47,
                        "Plan Rows": 15202,
                        "Plan Width": 4,
                        "Actual Startup Time": 135.369,
                        "Actual Total Time": 135.369,
                        "Actual Rows": 11854,
                        "Actual Loops": 2,
                        "Hash Buckets": 32768,
                        "Original Hash Buckets": 32768,
                        "Hash Batches": 1,
                        "Original Hash Batches": 1,
                        "Peak Memory Usage": 1216,
                        "Plans": [
                          {
                            "Node Type": "Seq Scan",
                            "Parent Relationship": "Outer",
                            "Parallel Aware": true,
                            "Relation Name": "title",
                            "Alias": "t",
                            "Startup Cost": 0.0,
                            "Total Cost": 58306.47,
                            "Plan Rows": 15202,
                            "Plan Width": 4,
                            "Actual Startup Time": 0.278,
                            "Actual Total Time": 132.062,
                            "Actual Rows": 11854,
                            "Actual Loops": 2,
                            "Filter": "((kind_id < 7) AND (production_year = 2013))",
                            "Rows Removed by Filter": 1252302
                          }
                        ]
                      }
                    ]
                  },
                  {
                    "Node Type": "Index Scan",
                    "Parent Relationship": "Inner",
                    "Parallel Aware": false,
                    "Scan Direction": "Forward",
                    "Index Name": "movie_id_cast_info",
                    "Relation Name": "cast_info",
                    "Alias": "ci",
                    "Startup Cost": 0.56,
                    "Total Cost": 4.54,
                    "Plan Rows": 2,
                    "Plan Width": 4,
                    "Actual Startup Time": 0.037,
                    "Actual Total Time": 0.048,
                    "Actual Rows": 1,
                    "Actual Loops": 8315,
                    "Index Cond": "(movie_id = mi.movie_id)",
                    "Rows Removed by Index Recheck": 0,
                    "Filter": "((person_id > 994742) AND (role_id = 4))",
                    "Rows Removed by Filter": 43
                  }
                ]
              }
            ]
          }
        ]
      }
    ]
  },
  "Planning Time": 1.105,
  "Triggers": [],
  "Execution Time": 455.687
}