{
    "Plan": {
        "Node Type": "Aggregate",
        "Strategy": "Plain",
        "Partial Mode": "Finalize",
        "Parallel Aware": false,
        "Startup Cost": 248380.12,
        "Total Cost": 248380.13,
        "Plan Rows": 1,
        "Plan Width": 8,
        "Actual Startup Time": 485.805,
        "Actual Total Time": 526.823,
        "Actual Rows": 1,
        "Actual Loops": 1,
        "Output": [
            "count(*)"
        ],
        "Plans": [
            {
                "Node Type": "Gather",
                "Parent Relationship": "Outer",
                "Parallel Aware": false,
                "Startup Cost": 248379.6,
                "Total Cost": 248380.11,
                "Plan Rows": 5,
                "Plan Width": 8,
                "Actual Startup Time": 484.094,
                "Actual Total Time": 526.809,
                "Actual Rows": 6,
                "Actual Loops": 1,
                "Output": [
                    "(PARTIAL count(*))"
                ],
                "Workers Planned": 5,
                "Workers Launched": 5,
                "Single Copy": false,
                "Plans": [
                    {
                        "Node Type": "Aggregate",
                        "Strategy": "Plain",
                        "Partial Mode": "Partial",
                        "Parent Relationship": "Outer",
                        "Parallel Aware": false,
                        "Startup Cost": 247379.6,
                        "Total Cost": 247379.61,
                        "Plan Rows": 1,
                        "Plan Width": 8,
                        "Actual Startup Time": 473.316,
                        "Actual Total Time": 473.32,
                        "Actual Rows": 1,
                        "Actual Loops": 6,
                        "Output": [
                            "PARTIAL count(*)"
                        ],
                        "Workers": [
                            {
                                "Worker Number": 0,
                                "Actual Startup Time": 471.065,
                                "Actual Total Time": 471.068,
                                "Actual Rows": 1,
                                "Actual Loops": 1
                            },
                            {
                                "Worker Number": 1,
                                "Actual Startup Time": 471.204,
                                "Actual Total Time": 471.207,
                                "Actual Rows": 1,
                                "Actual Loops": 1
                            },
                            {
                                "Worker Number": 2,
                                "Actual Startup Time": 471.519,
                                "Actual Total Time": 471.522,
                                "Actual Rows": 1,
                                "Actual Loops": 1
                            },
                            {
                                "Worker Number": 3,
                                "Actual Startup Time": 470.525,
                                "Actual Total Time": 470.528,
                                "Actual Rows": 1,
                                "Actual Loops": 1
                            },
                            {
                                "Worker Number": 4,
                                "Actual Startup Time": 472.478,
                                "Actual Total Time": 472.481,
                                "Actual Rows": 1,
                                "Actual Loops": 1
                            }
                        ],
                        "Plans": [
                            {
                                "Node Type": "Hash Join",
                                "Parent Relationship": "Outer",
                                "Parallel Aware": true,
                                "Join Type": "Inner",
                                "Startup Cost": 46692.51,
                                "Total Cost": 247149.13,
                                "Plan Rows": 92189,
                                "Plan Width": 0,
                                "Actual Startup Time": 169.287,
                                "Actual Total Time": 471.336,
                                "Actual Rows": 42292,
                                "Actual Loops": 6,
                                "Inner Unique": true,
                                "Hash Cond": "(mi.movie_id = t.id)",
                                "Workers": [
                                    {
                                        "Worker Number": 0,
                                        "Actual Startup Time": 167.048,
                                        "Actual Total Time": 469.078,
                                        "Actual Rows": 45516,
                                        "Actual Loops": 1
                                    },
                                    {
                                        "Worker Number": 1,
                                        "Actual Startup Time": 167.033,
                                        "Actual Total Time": 469.22,
                                        "Actual Rows": 45483,
                                        "Actual Loops": 1
                                    },
                                    {
                                        "Worker Number": 2,
                                        "Actual Startup Time": 167.422,
                                        "Actual Total Time": 469.407,
                                        "Actual Rows": 29372,
                                        "Actual Loops": 1
                                    },
                                    {
                                        "Worker Number": 3,
                                        "Actual Startup Time": 166.716,
                                        "Actual Total Time": 468.562,
                                        "Actual Rows": 44924,
                                        "Actual Loops": 1
                                    },
                                    {
                                        "Worker Number": 4,
                                        "Actual Startup Time": 168.148,
                                        "Actual Total Time": 470.647,
                                        "Actual Rows": 41396,
                                        "Actual Loops": 1
                                    }
                                ],
                                "Plans": [
                                    {
                                        "Node Type": "Seq Scan",
                                        "Parent Relationship": "Outer",
                                        "Parallel Aware": true,
                                        "Relation Name": "movie_info",
                                        "Schema": "public",
                                        "Alias": "mi",
                                        "Startup Cost": 0.0,
                                        "Total Cost": 198880.74,
                                        "Plan Rows": 600336,
                                        "Plan Width": 4,
                                        "Actual Startup Time": 70.189,
                                        "Actual Total Time": 301.857,
                                        "Actual Rows": 506120,
                                        "Actual Loops": 6,
                                        "Output": [
                                            "mi.id",
                                            "mi.movie_id",
                                            "mi.info_type_id",
                                            "mi.info",
                                            "mi.note"
                                        ],
                                        "Filter": "(mi.info_type_id = 16)",
                                        "Rows Removed by Filter": 1966500,
                                        "Workers": [
                                            {
                                                "Worker Number": 0,
                                                "Actual Startup Time": 70.162,
                                                "Actual Total Time": 302.352,
                                                "Actual Rows": 538948,
                                                "Actual Loops": 1
                                            },
                                            {
                                                "Worker Number": 1,
                                                "Actual Startup Time": 70.151,
                                                "Actual Total Time": 301.98,
                                                "Actual Rows": 531286,
                                                "Actual Loops": 1
                                            },
                                            {
                                                "Worker Number": 2,
                                                "Actual Startup Time": 70.134,
                                                "Actual Total Time": 305.043,
                                                "Actual Rows": 354818,
                                                "Actual Loops": 1
                                            },
                                            {
                                                "Worker Number": 3,
                                                "Actual Startup Time": 70.199,
                                                "Actual Total Time": 302.471,
                                                "Actual Rows": 538497,
                                                "Actual Loops": 1
                                            },
                                            {
                                                "Worker Number": 4,
                                                "Actual Startup Time": 70.297,
                                                "Actual Total Time": 302.352,
                                                "Actual Rows": 485254,
                                                "Actual Loops": 1
                                            }
                                        ]
                                    },
                                    {
                                        "Node Type": "Hash",
                                        "Parent Relationship": "Inner",
                                        "Parallel Aware": true,
                                        "Startup Cost": 45479.21,
                                        "Total Cost": 45479.21,
                                        "Plan Rows": 97064,
                                        "Plan Width": 4,
                                        "Actual Startup Time": 96.067,
                                        "Actual Total Time": 96.068,
                                        "Actual Rows": 41589,
                                        "Actual Loops": 6,
                                        "Output": [
                                            "t.id"
                                        ],
                                        "Hash Buckets": 524288,
                                        "Original Hash Buckets": 524288,
                                        "Hash Batches": 1,
                                        "Original Hash Batches": 1,
                                        "Peak Memory Usage": 13920,
                                        "Workers": [
                                            {
                                                "Worker Number": 0,
                                                "Actual Startup Time": 95.91,
                                                "Actual Total Time": 95.911,
                                                "Actual Rows": 41856,
                                                "Actual Loops": 1
                                            },
                                            {
                                                "Worker Number": 1,
                                                "Actual Startup Time": 96.08,
                                                "Actual Total Time": 96.081,
                                                "Actual Rows": 40728,
                                                "Actual Loops": 1
                                            },
                                            {
                                                "Worker Number": 2,
                                                "Actual Startup Time": 96.258,
                                                "Actual Total Time": 96.259,
                                                "Actual Rows": 31880,
                                                "Actual Loops": 1
                                            },
                                            {
                                                "Worker Number": 3,
                                                "Actual Startup Time": 95.346,
                                                "Actual Total Time": 95.347,
                                                "Actual Rows": 42309,
                                                "Actual Loops": 1
                                            },
                                            {
                                                "Worker Number": 4,
                                                "Actual Startup Time": 97.029,
                                                "Actual Total Time": 97.031,
                                                "Actual Rows": 36755,
                                                "Actual Loops": 1
                                            }
                                        ],
                                        "Plans": [
                                            {
                                                "Node Type": "Seq Scan",
                                                "Parent Relationship": "Outer",
                                                "Parallel Aware": true,
                                                "Relation Name": "title",
                                                "Schema": "public",
                                                "Alias": "t",
                                                "Startup Cost": 0.0,
                                                "Total Cost": 45479.21,
                                                "Plan Rows": 97064,
                                                "Plan Width": 4,
                                                "Actual Startup Time": 0.077,
                                                "Actual Total Time": 77.699,
                                                "Actual Rows": 41589,
                                                "Actual Loops": 6,
                                                "Output": [
                                                    "t.id"
                                                ],
                                                "Filter": "((t.kind_id > 1) AND (t.production_year < 1981))",
                                                "Rows Removed by Filter": 379797,
                                                "Workers": [
                                                    {
                                                        "Worker Number": 0,
                                                        "Actual Startup Time": 0.14,
                                                        "Actual Total Time": 77.603,
                                                        "Actual Rows": 41856,
                                                        "Actual Loops": 1
                                                    },
                                                    {
                                                        "Worker Number": 1,
                                                        "Actual Startup Time": 0.082,
                                                        "Actual Total Time": 77.1,
                                                        "Actual Rows": 40728,
                                                        "Actual Loops": 1
                                                    },
                                                    {
                                                        "Worker Number": 2,
                                                        "Actual Startup Time": 0.085,
                                                        "Actual Total Time": 78.633,
                                                        "Actual Rows": 31880,
                                                        "Actual Loops": 1
                                                    },
                                                    {
                                                        "Worker Number": 3,
                                                        "Actual Startup Time": 0.06,
                                                        "Actual Total Time": 78.252,
                                                        "Actual Rows": 42309,
                                                        "Actual Loops": 1
                                                    },
                                                    {
                                                        "Worker Number": 4,
                                                        "Actual Startup Time": 0.074,
                                                        "Actual Total Time": 79.123,
                                                        "Actual Rows": 36755,
                                                        "Actual Loops": 1
                                                    }
                                                ]
                                            }
                                        ]
                                    }
                                ]
                            }
                        ]
                    }
                ]
            }
        ]
    },
    "Planning Time": 0.757,
    "Triggers": [],
    "Execution Time": 526.916
}