[
  {
    "Plan": {
      "Node Type": "Aggregate",
      "Strategy": "Plain",
      "Partial Mode": "Finalize",
      "Parallel Aware": false,
      "Startup Cost": 331663.85,
      "Total Cost": 331663.86,
      "Plan Rows": 1,
      "Plan Width": 8,
      "Actual Startup Time": 613.579,
      "Actual Total Time": 671.133,
      "Actual Rows": 1,
      "Actual Loops": 1,
      "Plans": [
        {
          "Node Type": "Gather",
          "Parent Relationship": "Outer",
          "Parallel Aware": false,
          "Startup Cost": 331663.23,
          "Total Cost": 331663.84,
          "Plan Rows": 6,
          "Plan Width": 8,
          "Actual Startup Time": 613.447,
          "Actual Total Time": 671.123,
          "Actual Rows": 7,
          "Actual Loops": 1,
          "Workers Planned": 6,
          "Workers Launched": 6,
          "Single Copy": false,
          "Plans": [
            {
              "Node Type": "Aggregate",
              "Strategy": "Plain",
              "Partial Mode": "Partial",
              "Parent Relationship": "Outer",
              "Parallel Aware": false,
              "Startup Cost": 330663.23,
              "Total Cost": 330663.24,
              "Plan Rows": 1,
              "Plan Width": 8,
              "Actual Startup Time": 603.662,
              "Actual Total Time": 603.663,
              "Actual Rows": 1,
              "Actual Loops": 7,
              "Plans": [
                {
                  "Node Type": "Seq Scan",
                  "Parent Relationship": "Outer",
                  "Parallel Aware": true,
                  "Relation Name": "cast_info",
                  "Alias": "ci",
                  "Startup Cost": 0.0,
                  "Total Cost": 328162.03,
                  "Plan Rows": 1000481,
                  "Plan Width": 0,
                  "Actual Startup Time": 365.026,
                  "Actual Total Time": 565.155,
                  "Actual Rows": 828148,
                  "Actual Loops": 7,
                  "Filter": "(person_id > 3064628)",
                  "Rows Removed by Filter": 4349615
                }
              ]
            }
          ]
        }
      ]
    },
    "Planning Time": 0.101,
    "Triggers": [],
    "Execution Time": 671.179
  }
]