[
  {
    "Plan": {
      "Node Type": "Aggregate",
      "Strategy": "Plain",
      "Partial Mode": "Finalize",
      "Parallel Aware": false,
      "Startup Cost": 46683.46,
      "Total Cost": 46683.47,
      "Plan Rows": 1,
      "Plan Width": 8,
      "Actual Startup Time": 147.582,
      "Actual Total Time": 155.466,
      "Actual Rows": 1,
      "Actual Loops": 1,
      "Plans": [
        {
          "Node Type": "Gather",
          "Parent Relationship": "Outer",
          "Parallel Aware": false,
          "Startup Cost": 46683.15,
          "Total Cost": 46683.46,
          "Plan Rows": 3,
          "Plan Width": 8,
          "Actual Startup Time": 147.499,
          "Actual Total Time": 155.461,
          "Actual Rows": 4,
          "Actual Loops": 1,
          "Workers Planned": 3,
          "Workers Launched": 3,
          "Single Copy": false,
          "Plans": [
            {
              "Node Type": "Aggregate",
              "Strategy": "Plain",
              "Partial Mode": "Partial",
              "Parent Relationship": "Outer",
              "Parallel Aware": false,
              "Startup Cost": 45683.15,
              "Total Cost": 45683.16,
              "Plan Rows": 1,
              "Plan Width": 8,
              "Actual Startup Time": 144.868,
              "Actual Total Time": 144.869,
              "Actual Rows": 1,
              "Actual Loops": 4,
              "Plans": [
                {
                  "Node Type": "Seq Scan",
                  "Parent Relationship": "Outer",
                  "Parallel Aware": true,
                  "Relation Name": "movie_keyword",
                  "Alias": "mk",
                  "Startup Cost": 0.0,
                  "Total Cost": 42695.65,
                  "Plan Rows": 1194997,
                  "Plan Width": 0,
                  "Actual Startup Time": 0.015,
                  "Actual Total Time": 105.051,
                  "Actual Rows": 930891,
                  "Actual Loops": 4,
                  "Filter": "(keyword_id < 23107)",
                  "Rows Removed by Filter": 200092
                }
              ]
            }
          ]
        }
      ]
    },
    "Planning Time": 0.081,
    "Triggers": [],
    "Execution Time": 155.493
  }
]