[
    {
        "Bao": {
            "Bao prediction": 451.185,
            "Bao recommended hint": "(no hint)"
        }
    },
    {
        "Plan": {
            "Node Type": "Aggregate",
            "Strategy": "Plain",
            "Partial Mode": "Finalize",
            "Parallel Aware": false,
            "Startup Cost": 44480.92,
            "Total Cost": 44480.93,
            "Plan Rows": 1,
            "Plan Width": 8,
            "Actual Startup Time": 129.622,
            "Actual Total Time": 136.666,
            "Actual Rows": 1,
            "Actual Loops": 1,
            "Output": [
                "count(*)"
            ],
            "Plans": [
                {
                    "Node Type": "Gather",
                    "Parent Relationship": "Outer",
                    "Parallel Aware": false,
                    "Startup Cost": 44480.6,
                    "Total Cost": 44480.91,
                    "Plan Rows": 3,
                    "Plan Width": 8,
                    "Actual Startup Time": 129.543,
                    "Actual Total Time": 136.656,
                    "Actual Rows": 4,
                    "Actual Loops": 1,
                    "Output": [
                        "(PARTIAL count(*))"
                    ],
                    "Workers Planned": 3,
                    "Workers Launched": 3,
                    "Single Copy": false,
                    "Plans": [
                        {
                            "Node Type": "Aggregate",
                            "Strategy": "Plain",
                            "Partial Mode": "Partial",
                            "Parent Relationship": "Outer",
                            "Parallel Aware": false,
                            "Startup Cost": 43480.6,
                            "Total Cost": 43480.61,
                            "Plan Rows": 1,
                            "Plan Width": 8,
                            "Actual Startup Time": 121.791,
                            "Actual Total Time": 121.792,
                            "Actual Rows": 1,
                            "Actual Loops": 4,
                            "Output": [
                                "PARTIAL count(*)"
                            ],
                            "Workers": [
                                {
                                    "Worker Number": 0,
                                    "Actual Startup Time": 119.483,
                                    "Actual Total Time": 119.484,
                                    "Actual Rows": 1,
                                    "Actual Loops": 1
                                },
                                {
                                    "Worker Number": 1,
                                    "Actual Startup Time": 119.432,
                                    "Actual Total Time": 119.432,
                                    "Actual Rows": 1,
                                    "Actual Loops": 1
                                },
                                {
                                    "Worker Number": 2,
                                    "Actual Startup Time": 119.314,
                                    "Actual Total Time": 119.315,
                                    "Actual Rows": 1,
                                    "Actual Loops": 1
                                }
                            ],
                            "Plans": [
                                {
                                    "Node Type": "Seq Scan",
                                    "Parent Relationship": "Outer",
                                    "Parallel Aware": true,
                                    "Relation Name": "movie_keyword",
                                    "Schema": "public",
                                    "Alias": "mk",
                                    "Startup Cost": 0.0,
                                    "Total Cost": 42695.65,
                                    "Plan Rows": 313978,
                                    "Plan Width": 0,
                                    "Actual Startup Time": 4.018,
                                    "Actual Total Time": 107.469,
                                    "Actual Rows": 238245,
                                    "Actual Loops": 4,
                                    "Output": [
                                        "id",
                                        "movie_id",
                                        "keyword_id"
                                    ],
                                    "Filter": "(mk.keyword_id > 19918)",
                                    "Rows Removed by Filter": 892737,
                                    "Workers": [
                                        {
                                            "Worker Number": 0,
                                            "Actual Startup Time": 1.731,
                                            "Actual Total Time": 106.079,
                                            "Actual Rows": 245716,
                                            "Actual Loops": 1
                                        },
                                        {
                                            "Worker Number": 1,
                                            "Actual Startup Time": 1.65,
                                            "Actual Total Time": 105.964,
                                            "Actual Rows": 249504,
                                            "Actual Loops": 1
                                        },
                                        {
                                            "Worker Number": 2,
                                            "Actual Startup Time": 1.541,
                                            "Actual Total Time": 105.943,
                                            "Actual Rows": 242788,
                                            "Actual Loops": 1
                                        }
                                    ]
                                }
                            ]
                        }
                    ]
                }
            ]
        },
        "Planning Time": 535.73,
        "Triggers": [],
        "Execution Time": 136.743
    }
]