[
  {
    "Plan": {
      "Node Type": "Aggregate",
      "Strategy": "Plain",
      "Partial Mode": "Finalize",
      "Parallel Aware": false,
      "Startup Cost": 125744.71,
      "Total Cost": 125744.72,
      "Plan Rows": 1,
      "Plan Width": 8,
      "Actual Startup Time": 960.678,
      "Actual Total Time": 983.397,
      "Actual Rows": 1,
      "Actual Loops": 1,
      "Plans": [
        {
          "Node Type": "Gather",
          "Parent Relationship": "Outer",
          "Parallel Aware": false,
          "Startup Cost": 125744.39,
          "Total Cost": 125744.7,
          "Plan Rows": 3,
          "Plan Width": 8,
          "Actual Startup Time": 956.267,
          "Actual Total Time": 983.375,
          "Actual Rows": 4,
          "Actual Loops": 1,
          "Workers Planned": 3,
          "Workers Launched": 3,
          "Single Copy": false,
          "Plans": [
            {
              "Node Type": "Aggregate",
              "Strategy": "Plain",
              "Partial Mode": "Partial",
              "Parent Relationship": "Outer",
              "Parallel Aware": false,
              "Startup Cost": 124744.39,
              "Total Cost": 124744.4,
              "Plan Rows": 1,
              "Plan Width": 8,
              "Actual Startup Time": 949.362,
              "Actual Total Time": 949.72,
              "Actual Rows": 1,
              "Actual Loops": 4,
              "Plans": [
                {
                  "Node Type": "Hash Join",
                  "Parent Relationship": "Outer",
                  "Parallel Aware": true,
                  "Join Type": "Inner",
                  "Startup Cost": 77069.56,
                  "Total Cost": 124403.52,
                  "Plan Rows": 136347,
                  "Plan Width": 0,
                  "Actual Startup Time": 440.488,
                  "Actual Total Time": 835.273,
                  "Actual Rows": 2606617,
                  "Actual Loops": 4,
                  "Inner Unique": false,
                  "Hash Cond": "(mk.movie_id = t.id)",
                  "Plans": [
                    {
                      "Node Type": "Seq Scan",
                      "Parent Relationship": "Outer",
                      "Parallel Aware": true,
                      "Relation Name": "movie_keyword",
                      "Alias": "mk",
                      "Startup Cost": 0.0,
                      "Total Cost": 42695.65,
                      "Plan Rows": 1119593,
                      "Plan Width": 4,
                      "Actual Startup Time": 0.134,
                      "Actual Total Time": 115.192,
                      "Actual Rows": 865703,
                      "Actual Loops": 4,
                      "Filter": "(keyword_id > 1059)",
                      "Rows Removed by Filter": 265279
                    },
                    {
                      "Node Type": "Hash",
                      "Parent Relationship": "Inner",
                      "Parallel Aware": true,
                      "Startup Cost": 75827.95,
                      "Total Cost": 75827.95,
                      "Plan Rows": 99329,
                      "Plan Width": 8,
                      "Actual Startup Time": 437.943,
                      "Actual Total Time": 438.3,
                      "Actual Rows": 214479,
                      "Actual Loops": 4,
                      "Hash Buckets": 1048576,
                      "Original Hash Buckets": 524288,
                      "Hash Batches": 1,
                      "Original Hash Batches": 1,
                      "Peak Memory Usage": 45888,
                      "Plans": [
                        {
                          "Node Type": "Hash Join",
                          "Parent Relationship": "Outer",
                          "Parallel Aware": true,
                          "Join Type": "Inner",
                          "Startup Cost": 46412.06,
                          "Total Cost": 75827.95,
                          "Plan Rows": 99329,
                          "Plan Width": 8,
                          "Actual Startup Time": 148.736,
                          "Actual Total Time": 350.582,
                          "Actual Rows": 214479,
                          "Actual Loops": 4,
                          "Inner Unique": true,
                          "Hash Cond": "(mc.movie_id = t.id)",
                          "Plans": [
                            {
                              "Node Type": "Seq Scan",
                              "Parent Relationship": "Outer",
                              "Parallel Aware": true,
                              "Relation Name": "movie_companies",
                              "Alias": "mc",
                              "Startup Cost": 0.0,
                              "Total Cost": 27206.55,
                              "Plan Rows": 841655,
                              "Plan Width": 4,
                              "Actual Startup Time": 0.008,
                              "Actual Total Time": 64.57,
                              "Actual Rows": 652282,
                              "Actual Loops": 4
                            },
                            {
                              "Node Type": "Hash",
                              "Parent Relationship": "Inner",
                              "Parallel Aware": true,
                              "Startup Cost": 45479.59,
                              "Total Cost": 45479.59,
                              "Plan Rows": 74598,
                              "Plan Width": 4,
                              "Actual Startup Time": 147.471,
                              "Actual Total Time": 147.472,
                              "Actual Rows": 105554,
                              "Actual Loops": 4,
                              "Hash Buckets": 524288,
                              "Original Hash Buckets": 524288,
                              "Hash Batches": 1,
                              "Original Hash Batches": 1,
                              "Peak Memory Usage": 20672,
                              "Plans": [
                                {
                                  "Node Type": "Seq Scan",
                                  "Parent Relationship": "Outer",
                                  "Parallel Aware": true,
                                  "Relation Name": "title",
                                  "Alias": "t",
                                  "Startup Cost": 0.0,
                                  "Total Cost": 45479.59,
                                  "Plan Rows": 74598,
                                  "Plan Width": 4,
                                  "Actual Startup Time": 0.066,
                                  "Actual Total Time": 108.053,
                                  "Actual Rows": 105554,
                                  "Actual Loops": 4,
                                  "Filter": "((kind_id < 7) AND (production_year < 1994))",
                                  "Rows Removed by Filter": 526524
                                }
                              ]
                            }
                          ]
                        }
                      ]
                    }
                  ]
                }
              ]
            }
          ]
        }
      ]
    },
    "Planning Time": 0.707,
    "Triggers": [],
    "Execution Time": 983.447
  }
]