{
  "Plan": {
    "Node Type": "Aggregate",
    "Strategy": "Plain",
    "Partial Mode": "Finalize",
    "Parallel Aware": false,
    "Startup Cost": 471584.51,
    "Total Cost": 471584.52,
    "Plan Rows": 1,
    "Plan Width": 8,
    "Actual Startup Time": 1963.379,
    "Actual Total Time": 1993.299,
    "Actual Rows": 1,
    "Actual Loops": 1,
    "Plans": [
      {
        "Node Type": "Gather",
        "Parent Relationship": "Outer",
        "Parallel Aware": false,
        "Startup Cost": 471584.39,
        "Total Cost": 471584.5,
        "Plan Rows": 1,
        "Plan Width": 8,
        "Actual Startup Time": 1963.245,
        "Actual Total Time": 1993.291,
        "Actual Rows": 2,
        "Actual Loops": 1,
        "Workers Planned": 1,
        "Workers Launched": 1,
        "Single Copy": false,
        "Plans": [
          {
            "Node Type": "Aggregate",
            "Strategy": "Plain",
            "Partial Mode": "Partial",
            "Parent Relationship": "Outer",
            "Parallel Aware": false,
            "Startup Cost": 470584.39,
            "Total Cost": 470584.4,
            "Plan Rows": 1,
            "Plan Width": 8,
            "Actual Startup Time": 1957.028,
            "Actual Total Time": 1957.032,
            "Actual Rows": 1,
            "Actual Loops": 2,
            "Plans": [
              {
                "Node Type": "Hash Join",
                "Parent Relationship": "Outer",
                "Parallel Aware": true,
                "Join Type": "Inner",
                "Startup Cost": 58417.83,
                "Total Cost": 470521.24,
                "Plan Rows": 25261,
                "Plan Width": 0,
                "Actual Startup Time": 153.795,
                "Actual Total Time": 1954.024,
                "Actual Rows": 37158,
                "Actual Loops": 2,
                "Inner Unique": true,
                "Hash Cond": "(ci.movie_id = t.id)",
                "Plans": [
                  {
                    "Node Type": "Index Scan",
                    "Parent Relationship": "Outer",
                    "Parallel Aware": true,
                    "Scan Direction": "Forward",
                    "Index Name": "role_id_cast_info",
                    "Relation Name": "cast_info",
                    "Alias": "ci",
                    "Startup Cost": 0.56,
                    "Total Cost": 400977.7,
                    "Plan Rows": 4238572,
                    "Plan Width": 4,
                    "Actual Startup Time": 0.048,
                    "Actual Total Time": 1178.291,
                    "Actual Rows": 6335344,
                    "Actual Loops": 2,
                    "Index Cond": "(role_id = 1)",
                    "Rows Removed by Index Recheck": 0,
                    "Filter": "(person_id < 2116132)",
                    "Rows Removed by Filter": 0
                  },
                  {
                    "Node Type": "Hash",
                    "Parent Relationship": "Inner",
                    "Parallel Aware": true,
                    "Startup Cost": 58306.47,
                    "Total Cost": 58306.47,
                    "Plan Rows": 8864,
                    "Plan Width": 4,
                    "Actual Startup Time": 152.509,
                    "Actual Total Time": 152.51,
                    "Actual Rows": 5694,
                    "Actual Loops": 2,
                    "Hash Buckets": 16384,
                    "Original Hash Buckets": 16384,
                    "Hash Batches": 1,
                    "Original Hash Batches": 1,
                    "Peak Memory Usage": 608,
                    "Plans": [
                      {
                        "Node Type": "Seq Scan",
                        "Parent Relationship": "Outer",
                        "Parallel Aware": true,
                        "Relation Name": "title",
                        "Alias": "t",
                        "Startup Cost": 0.0,
                        "Total Cost": 58306.47,
                        "Plan Rows": 8864,
                        "Plan Width": 4,
                        "Actual Startup Time": 0.983,
                        "Actual Total Time": 150.088,
                        "Actual Rows": 5694,
                        "Actual Loops": 2,
                        "Filter": "((kind_id < 4) AND (production_year = 1998))",
                        "Rows Removed by Filter": 1258462
                      }
                    ]
                  }
                ]
              }
            ]
          }
        ]
      }
    ]
  },
  "Planning Time": 0.516,
  "Triggers": [],
  "Execution Time": 1993.389
}