{
  "Plan": {
    "Node Type": "Aggregate",
    "Strategy": "Plain",
    "Partial Mode": "Finalize",
    "Parallel Aware": false,
    "Startup Cost": 67047.81,
    "Total Cost": 67047.82,
    "Plan Rows": 1,
    "Plan Width": 8,
    "Actual Startup Time": 65.228,
    "Actual Total Time": 71.658,
    "Actual Rows": 1,
    "Actual Loops": 1,
    "Plans": [
      {
        "Node Type": "Gather",
        "Parent Relationship": "Outer",
        "Parallel Aware": false,
        "Startup Cost": 67047.7,
        "Total Cost": 67047.81,
        "Plan Rows": 1,
        "Plan Width": 8,
        "Actual Startup Time": 65.164,
        "Actual Total Time": 71.652,
        "Actual Rows": 2,
        "Actual Loops": 1,
        "Workers Planned": 1,
        "Workers Launched": 1,
        "Single Copy": false,
        "Plans": [
          {
            "Node Type": "Aggregate",
            "Strategy": "Plain",
            "Partial Mode": "Partial",
            "Parent Relationship": "Outer",
            "Parallel Aware": false,
            "Startup Cost": 66047.7,
            "Total Cost": 66047.71,
            "Plan Rows": 1,
            "Plan Width": 8,
            "Actual Startup Time": 59.105,
            "Actual Total Time": 59.107,
            "Actual Rows": 1,
            "Actual Loops": 2,
            "Plans": [
              {
                "Node Type": "Nested Loop",
                "Parent Relationship": "Outer",
                "Parallel Aware": false,
                "Join Type": "Inner",
                "Startup Cost": 239.77,
                "Total Cost": 66033.46,
                "Plan Rows": 5694,
                "Plan Width": 0,
                "Actual Startup Time": 2.549,
                "Actual Total Time": 58.446,
                "Actual Rows": 5859,
                "Actual Loops": 2,
                "Inner Unique": false,
                "Plans": [
                  {
                    "Node Type": "Nested Loop",
                    "Parent Relationship": "Outer",
                    "Parallel Aware": false,
                    "Join Type": "Inner",
                    "Startup Cost": 239.34,
                    "Total Cost": 61932.35,
                    "Plan Rows": 6564,
                    "Plan Width": 8,
                    "Actual Startup Time": 2.419,
                    "Actual Total Time": 35.727,
                    "Actual Rows": 4530,
                    "Actual Loops": 2,
                    "Inner Unique": true,
                    "Plans": [
                      {
                        "Node Type": "Bitmap Heap Scan",
                        "Parent Relationship": "Outer",
                        "Parallel Aware": true,
                        "Relation Name": "movie_keyword",
                        "Alias": "mk",
                        "Startup Cost": 238.91,
                        "Total Cost": 20049.77,
                        "Plan Rows": 6564,
                        "Plan Width": 4,
                        "Actual Startup Time": 2.279,
                        "Actual Total Time": 7.396,
                        "Actual Rows": 4530,
                        "Actual Loops": 2,
                        "Recheck Cond": "(keyword_id = 47)",
                        "Rows Removed by Index Recheck": 0,
                        "Exact Heap Blocks": 1672,
                        "Lossy Heap Blocks": 0,
                        "Plans": [
                          {
                            "Node Type": "Bitmap Index Scan",
                            "Parent Relationship": "Outer",
                            "Parallel Aware": false,
                            "Index Name": "keyword_id_movie_keyword",
                            "Startup Cost": 0.0,
                            "Total Cost": 236.12,
                            "Plan Rows": 11159,
                            "Plan Width": 0,
                            "Actual Startup Time": 3.275,
                            "Actual Total Time": 3.275,
                            "Actual Rows": 9060,
                            "Actual Loops": 1,
                            "Index Cond": "(keyword_id = 47)"
                          }
                        ]
                      },
                      {
                        "Node Type": "Index Only Scan",
                        "Parent Relationship": "Inner",
                        "Parallel Aware": false,
                        "Scan Direction": "Forward",
                        "Index Name": "title_pkey",
                        "Relation Name": "title",
                        "Alias": "t",
                        "Startup Cost": 0.43,
                        "Total Cost": 6.38,
                        "Plan Rows": 1,
                        "Plan Width": 4,
                        "Actual Startup Time": 0.006,
                        "Actual Total Time": 0.006,
                        "Actual Rows": 1,
                        "Actual Loops": 9060,
                        "Index Cond": "(id = mk.movie_id)",
                        "Rows Removed by Index Recheck": 0,
                        "Heap Fetches": 9060
                      }
                    ]
                  },
                  {
                    "Node Type": "Index Scan",
                    "Parent Relationship": "Inner",
                    "Parallel Aware": false,
                    "Scan Direction": "Forward",
                    "Index Name": "movie_id_movie_companies",
                    "Relation Name": "movie_companies",
                    "Alias": "mc",
                    "Startup Cost": 0.43,
                    "Total Cost": 0.57,
                    "Plan Rows": 5,
                    "Plan Width": 4,
                    "Actual Startup Time": 0.004,
                    "Actual Total Time": 0.005,
                    "Actual Rows": 1,
                    "Actual Loops": 9060,
                    "Index Cond": "(movie_id = t.id)",
                    "Rows Removed by Index Recheck": 0,
                    "Filter": "(company_id < 79912)",
                    "Rows Removed by Filter": 0
                  }
                ]
              }
            ]
          }
        ]
      }
    ]
  },
  "Planning Time": 0.97,
  "Triggers": [],
  "Execution Time": 71.755
}