[
  {
    "Plan": {
      "Node Type": "Aggregate",
      "Strategy": "Plain",
      "Partial Mode": "Finalize",
      "Parallel Aware": false,
      "Startup Cost": 331037.66,
      "Total Cost": 331037.67,
      "Plan Rows": 1,
      "Plan Width": 8,
      "Actual Startup Time": 6434.557,
      "Actual Total Time": 6501.228,
      "Actual Rows": 1,
      "Actual Loops": 1,
      "Plans": [
        {
          "Node Type": "Gather",
          "Parent Relationship": "Outer",
          "Parallel Aware": false,
          "Startup Cost": 331037.35,
          "Total Cost": 331037.66,
          "Plan Rows": 3,
          "Plan Width": 8,
          "Actual Startup Time": 6411.172,
          "Actual Total Time": 6501.202,
          "Actual Rows": 4,
          "Actual Loops": 1,
          "Workers Planned": 3,
          "Workers Launched": 3,
          "Single Copy": false,
          "Plans": [
            {
              "Node Type": "Aggregate",
              "Strategy": "Plain",
              "Partial Mode": "Partial",
              "Parent Relationship": "Outer",
              "Parallel Aware": false,
              "Startup Cost": 330037.35,
              "Total Cost": 330037.36,
              "Plan Rows": 1,
              "Plan Width": 8,
              "Actual Startup Time": 6384.463,
              "Actual Total Time": 6385.908,
              "Actual Rows": 1,
              "Actual Loops": 4,
              "Plans": [
                {
                  "Node Type": "Hash Join",
                  "Parent Relationship": "Outer",
                  "Parallel Aware": true,
                  "Join Type": "Inner",
                  "Startup Cost": 268194.46,
                  "Total Cost": 322069.55,
                  "Plan Rows": 3187118,
                  "Plan Width": 0,
                  "Actual Startup Time": 2103.79,
                  "Actual Total Time": 4836.03,
                  "Actual Rows": 38830526,
                  "Actual Loops": 4,
                  "Inner Unique": false,
                  "Hash Cond": "(mk.movie_id = t.id)",
                  "Plans": [
                    {
                      "Node Type": "Seq Scan",
                      "Parent Relationship": "Outer",
                      "Parallel Aware": true,
                      "Relation Name": "movie_keyword",
                      "Alias": "mk",
                      "Startup Cost": 0.0,
                      "Total Cost": 42695.65,
                      "Plan Rows": 1281386,
                      "Plan Width": 4,
                      "Actual Startup Time": 0.039,
                      "Actual Total Time": 108.44,
                      "Actual Rows": 989415,
                      "Actual Loops": 4,
                      "Filter": "(keyword_id > 398)",
                      "Rows Removed by Filter": 141568
                    },
                    {
                      "Node Type": "Hash",
                      "Parent Relationship": "Inner",
                      "Parallel Aware": true,
                      "Startup Cost": 252473.26,
                      "Total Cost": 252473.26,
                      "Plan Rows": 1257696,
                      "Plan Width": 8,
                      "Actual Startup Time": 2086.765,
                      "Actual Total Time": 2088.208,
                      "Actual Rows": 1555874,
                      "Actual Loops": 4,
                      "Hash Buckets": 8388608,
                      "Original Hash Buckets": 8388608,
                      "Hash Batches": 1,
                      "Original Hash Batches": 1,
                      "Peak Memory Usage": 309056,
                      "Plans": [
                        {
                          "Node Type": "Hash Join",
                          "Parent Relationship": "Outer",
                          "Parallel Aware": true,
                          "Join Type": "Inner",
                          "Startup Cost": 50219.64,
                          "Total Cost": 252473.26,
                          "Plan Rows": 1257696,
                          "Plan Width": 8,
                          "Actual Startup Time": 366.711,
                          "Actual Total Time": 1327.744,
                          "Actual Rows": 1555874,
                          "Actual Loops": 4,
                          "Inner Unique": true,
                          "Hash Cond": "(mi.movie_id = t.id)",
                          "Plans": [
                            {
                              "Node Type": "Seq Scan",
                              "Parent Relationship": "Outer",
                              "Parallel Aware": true,
                              "Relation Name": "movie_info",
                              "Alias": "mi",
                              "Startup Cost": 0.0,
                              "Total Cost": 198952.16,
                              "Plan Rows": 1257696,
                              "Plan Width": 4,
                              "Actual Startup Time": 20.935,
                              "Actual Total Time": 434.171,
                              "Actual Rows": 1555874,
                              "Actual Loops": 4,
                              "Filter": "(info_type_id > 8)",
                              "Rows Removed by Filter": 2153056
                            },
                            {
                              "Node Type": "Hash",
                              "Parent Relationship": "Inner",
                              "Parallel Aware": true,
                              "Startup Cost": 42318.73,
                              "Total Cost": 42318.73,
                              "Plan Rows": 632073,
                              "Plan Width": 4,
                              "Actual Startup Time": 339.969,
                              "Actual Total Time": 339.97,
                              "Actual Rows": 632078,
                              "Actual Loops": 4,
                              "Hash Buckets": 4194304,
                              "Original Hash Buckets": 4194304,
                              "Hash Batches": 1,
                              "Original Hash Batches": 1,
                              "Peak Memory Usage": 131744,
                              "Plans": [
                                {
                                  "Node Type": "Seq Scan",
                                  "Parent Relationship": "Outer",
                                  "Parallel Aware": true,
                                  "Relation Name": "title",
                                  "Alias": "t",
                                  "Startup Cost": 0.0,
                                  "Total Cost": 42318.73,
                                  "Plan Rows": 632073,
                                  "Plan Width": 4,
                                  "Actual Startup Time": 0.047,
                                  "Actual Total Time": 94.589,
                                  "Actual Rows": 632078,
                                  "Actual Loops": 4
                                }
                              ]
                            }
                          ]
                        }
                      ]
                    }
                  ]
                }
              ]
            }
          ]
        }
      ]
    },
    "Planning Time": 1.415,
    "Triggers": [],
    "Execution Time": 6501.314
  }
]