[
  {
    "Plan": {
      "Node Type": "Aggregate",
      "Strategy": "Plain",
      "Partial Mode": "Finalize",
      "Parallel Aware": false,
      "Startup Cost": 75540.31,
      "Total Cost": 75540.32,
      "Plan Rows": 1,
      "Plan Width": 8,
      "Actual Startup Time": 267.966,
      "Actual Total Time": 284.623,
      "Actual Rows": 1,
      "Actual Loops": 1,
      "Plans": [
        {
          "Node Type": "Gather",
          "Parent Relationship": "Outer",
          "Parallel Aware": false,
          "Startup Cost": 75540.0,
          "Total Cost": 75540.31,
          "Plan Rows": 3,
          "Plan Width": 8,
          "Actual Startup Time": 262.192,
          "Actual Total Time": 284.612,
          "Actual Rows": 4,
          "Actual Loops": 1,
          "Workers Planned": 3,
          "Workers Launched": 3,
          "Single Copy": false,
          "Plans": [
            {
              "Node Type": "Aggregate",
              "Strategy": "Plain",
              "Partial Mode": "Partial",
              "Parent Relationship": "Outer",
              "Parallel Aware": false,
              "Startup Cost": 74540.0,
              "Total Cost": 74540.01,
              "Plan Rows": 1,
              "Plan Width": 8,
              "Actual Startup Time": 252.751,
              "Actual Total Time": 252.756,
              "Actual Rows": 1,
              "Actual Loops": 4,
              "Plans": [
                {
                  "Node Type": "Hash Join",
                  "Parent Relationship": "Outer",
                  "Parallel Aware": true,
                  "Join Type": "Inner",
                  "Startup Cost": 49429.89,
                  "Total Cost": 74503.27,
                  "Plan Rows": 14689,
                  "Plan Width": 0,
                  "Actual Startup Time": 210.932,
                  "Actual Total Time": 251.813,
                  "Actual Rows": 15201,
                  "Actual Loops": 4,
                  "Inner Unique": true,
                  "Hash Cond": "(mk.movie_id = t.id)",
                  "Plans": [
                    {
                      "Node Type": "Bitmap Heap Scan",
                      "Parent Relationship": "Outer",
                      "Parallel Aware": true,
                      "Relation Name": "movie_keyword",
                      "Alias": "mk",
                      "Startup Cost": 2696.27,
                      "Total Cost": 27662.15,
                      "Plan Rows": 40951,
                      "Plan Width": 4,
                      "Actual Startup Time": 9.774,
                      "Actual Total Time": 39.453,
                      "Actual Rows": 31104,
                      "Actual Loops": 4,
                      "Recheck Cond": "(keyword_id > 77266)",
                      "Rows Removed by Index Recheck": 0,
                      "Exact Heap Blocks": 7686,
                      "Lossy Heap Blocks": 0,
                      "Plans": [
                        {
                          "Node Type": "Bitmap Index Scan",
                          "Parent Relationship": "Outer",
                          "Parallel Aware": false,
                          "Index Name": "keyword_id_movie_keyword",
                          "Startup Cost": 0.0,
                          "Total Cost": 2664.53,
                          "Plan Rows": 126947,
                          "Plan Width": 0,
                          "Actual Startup Time": 7.085,
                          "Actual Total Time": 7.086,
                          "Actual Rows": 124414,
                          "Actual Loops": 1,
                          "Index Cond": "(keyword_id > 77266)"
                        }
                      ]
                    },
                    {
                      "Node Type": "Hash",
                      "Parent Relationship": "Inner",
                      "Parallel Aware": true,
                      "Startup Cost": 43899.32,
                      "Total Cost": 43899.32,
                      "Plan Rows": 226744,
                      "Plan Width": 4,
                      "Actual Startup Time": 195.99,
                      "Actual Total Time": 195.991,
                      "Actual Rows": 231151,
                      "Actual Loops": 4,
                      "Hash Buckets": 1048576,
                      "Original Hash Buckets": 1048576,
                      "Hash Batches": 1,
                      "Original Hash Batches": 1,
                      "Peak Memory Usage": 44416,
                      "Plans": [
                        {
                          "Node Type": "Seq Scan",
                          "Parent Relationship": "Outer",
                          "Parallel Aware": true,
                          "Relation Name": "title",
                          "Alias": "t",
                          "Startup Cost": 0.0,
                          "Total Cost": 43899.32,
                          "Plan Rows": 226744,
                          "Plan Width": 4,
                          "Actual Startup Time": 0.043,
                          "Actual Total Time": 109.127,
                          "Actual Rows": 231151,
                          "Actual Loops": 4,
                          "Filter": "(production_year < 1998)",
                          "Rows Removed by Filter": 400927
                        }
                      ]
                    }
                  ]
                }
              ]
            }
          ]
        }
      ]
    },
    "Planning Time": 0.605,
    "Triggers": [],
    "Execution Time": 284.726
  }
]