[
  {
    "Plan": {
      "Node Type": "Aggregate",
      "Strategy": "Plain",
      "Partial Mode": "Finalize",
      "Parallel Aware": false,
      "Startup Cost": 75602.35,
      "Total Cost": 75602.36,
      "Plan Rows": 1,
      "Plan Width": 8,
      "Actual Startup Time": 266.248,
      "Actual Total Time": 280.246,
      "Actual Rows": 1,
      "Actual Loops": 1,
      "Plans": [
        {
          "Node Type": "Gather",
          "Parent Relationship": "Outer",
          "Parallel Aware": false,
          "Startup Cost": 75602.03,
          "Total Cost": 75602.34,
          "Plan Rows": 3,
          "Plan Width": 8,
          "Actual Startup Time": 261.29,
          "Actual Total Time": 280.236,
          "Actual Rows": 4,
          "Actual Loops": 1,
          "Workers Planned": 3,
          "Workers Launched": 3,
          "Single Copy": false,
          "Plans": [
            {
              "Node Type": "Aggregate",
              "Strategy": "Plain",
              "Partial Mode": "Partial",
              "Parent Relationship": "Outer",
              "Parallel Aware": false,
              "Startup Cost": 74602.03,
              "Total Cost": 74602.04,
              "Plan Rows": 1,
              "Plan Width": 8,
              "Actual Startup Time": 253.15,
              "Actual Total Time": 253.154,
              "Actual Rows": 1,
              "Actual Loops": 4,
              "Plans": [
                {
                  "Node Type": "Hash Join",
                  "Parent Relationship": "Outer",
                  "Parallel Aware": true,
                  "Join Type": "Inner",
                  "Startup Cost": 49486.02,
                  "Total Cost": 74564.53,
                  "Plan Rows": 15002,
                  "Plan Width": 0,
                  "Actual Startup Time": 207.49,
                  "Actual Total Time": 252.186,
                  "Actual Rows": 15201,
                  "Actual Loops": 4,
                  "Inner Unique": true,
                  "Hash Cond": "(mk.movie_id = t.id)",
                  "Plans": [
                    {
                      "Node Type": "Bitmap Heap Scan",
                      "Parent Relationship": "Outer",
                      "Parallel Aware": true,
                      "Relation Name": "movie_keyword",
                      "Alias": "mk",
                      "Startup Cost": 2716.42,
                      "Total Cost": 27686.55,
                      "Plan Rows": 41290,
                      "Plan Width": 4,
                      "Actual Startup Time": 11.679,
                      "Actual Total Time": 43.766,
                      "Actual Rows": 31104,
                      "Actual Loops": 4,
                      "Recheck Cond": "(keyword_id > 77266)",
                      "Rows Removed by Index Recheck": 0,
                      "Exact Heap Blocks": 6766,
                      "Lossy Heap Blocks": 0,
                      "Plans": [
                        {
                          "Node Type": "Bitmap Index Scan",
                          "Parent Relationship": "Outer",
                          "Parallel Aware": false,
                          "Index Name": "keyword_id_movie_keyword",
                          "Startup Cost": 0.0,
                          "Total Cost": 2684.42,
                          "Plan Rows": 127999,
                          "Plan Width": 0,
                          "Actual Startup Time": 8.455,
                          "Actual Total Time": 8.456,
                          "Actual Rows": 124414,
                          "Actual Loops": 1,
                          "Index Cond": "(keyword_id > 77266)"
                        }
                      ]
                    },
                    {
                      "Node Type": "Hash",
                      "Parent Relationship": "Inner",
                      "Parallel Aware": true,
                      "Startup Cost": 43898.92,
                      "Total Cost": 43898.92,
                      "Plan Rows": 229654,
                      "Plan Width": 4,
                      "Actual Startup Time": 192.259,
                      "Actual Total Time": 192.26,
                      "Actual Rows": 231151,
                      "Actual Loops": 4,
                      "Hash Buckets": 1048576,
                      "Original Hash Buckets": 1048576,
                      "Hash Batches": 1,
                      "Original Hash Batches": 1,
                      "Peak Memory Usage": 44416,
                      "Plans": [
                        {
                          "Node Type": "Seq Scan",
                          "Parent Relationship": "Outer",
                          "Parallel Aware": true,
                          "Relation Name": "title",
                          "Alias": "t",
                          "Startup Cost": 0.0,
                          "Total Cost": 43898.92,
                          "Plan Rows": 229654,
                          "Plan Width": 4,
                          "Actual Startup Time": 0.039,
                          "Actual Total Time": 106.158,
                          "Actual Rows": 231151,
                          "Actual Loops": 4,
                          "Filter": "(production_year < 1998)",
                          "Rows Removed by Filter": 400927
                        }
                      ]
                    }
                  ]
                }
              ]
            }
          ]
        }
      ]
    },
    "Planning Time": 0.411,
    "Triggers": [],
    "Execution Time": 280.318
  }
]