[
  {
    "Plan": {
      "Node Type": "Aggregate",
      "Strategy": "Plain",
      "Partial Mode": "Finalize",
      "Parallel Aware": false,
      "Startup Cost": 247500.4,
      "Total Cost": 247500.41,
      "Plan Rows": 1,
      "Plan Width": 8,
      "Actual Startup Time": 562.612,
      "Actual Total Time": 583.53,
      "Actual Rows": 1,
      "Actual Loops": 1,
      "Plans": [
        {
          "Node Type": "Gather",
          "Parent Relationship": "Outer",
          "Parallel Aware": false,
          "Startup Cost": 247499.77,
          "Total Cost": 247500.38,
          "Plan Rows": 6,
          "Plan Width": 8,
          "Actual Startup Time": 559.55,
          "Actual Total Time": 583.522,
          "Actual Rows": 7,
          "Actual Loops": 1,
          "Workers Planned": 6,
          "Workers Launched": 6,
          "Single Copy": false,
          "Plans": [
            {
              "Node Type": "Aggregate",
              "Strategy": "Plain",
              "Partial Mode": "Partial",
              "Parent Relationship": "Outer",
              "Parallel Aware": false,
              "Startup Cost": 246499.77,
              "Total Cost": 246499.78,
              "Plan Rows": 1,
              "Plan Width": 8,
              "Actual Startup Time": 548.641,
              "Actual Total Time": 548.679,
              "Actual Rows": 1,
              "Actual Loops": 7,
              "Plans": [
                {
                  "Node Type": "Hash Join",
                  "Parent Relationship": "Outer",
                  "Parallel Aware": true,
                  "Join Type": "Inner",
                  "Startup Cost": 46132.5,
                  "Total Cost": 246318.11,
                  "Plan Rows": 72664,
                  "Plan Width": 0,
                  "Actual Startup Time": 108.625,
                  "Actual Total Time": 542.612,
                  "Actual Rows": 128582,
                  "Actual Loops": 7,
                  "Inner Unique": true,
                  "Hash Cond": "(ci.movie_id = t.id)",
                  "Plans": [
                    {
                      "Node Type": "Index Scan",
                      "Parent Relationship": "Outer",
                      "Parallel Aware": true,
                      "Scan Direction": "Forward",
                      "Index Name": "role_id_cast_info",
                      "Relation Name": "cast_info",
                      "Alias": "ci",
                      "Startup Cost": 0.56,
                      "Total Cost": 197877.72,
                      "Plan Rows": 879410,
                      "Plan Width": 4,
                      "Actual Startup Time": 0.381,
                      "Actual Total Time": 232.103,
                      "Actual Rows": 1064327,
                      "Actual Loops": 7,
                      "Index Cond": "(role_id = 2)",
                      "Rows Removed by Index Recheck": 0,
                      "Filter": "(person_id > 1014747)",
                      "Rows Removed by Filter": 241
                    },
                    {
                      "Node Type": "Hash",
                      "Parent Relationship": "Inner",
                      "Parallel Aware": true,
                      "Startup Cost": 45479.1,
                      "Total Cost": 45479.1,
                      "Plan Rows": 52227,
                      "Plan Width": 4,
                      "Actual Startup Time": 106.503,
                      "Actual Total Time": 106.505,
                      "Actual Rows": 49361,
                      "Actual Loops": 7,
                      "Hash Buckets": 524288,
                      "Original Hash Buckets": 262144,
                      "Hash Batches": 1,
                      "Original Hash Batches": 1,
                      "Peak Memory Usage": 19776,
                      "Plans": [
                        {
                          "Node Type": "Seq Scan",
                          "Parent Relationship": "Outer",
                          "Parallel Aware": true,
                          "Relation Name": "title",
                          "Alias": "t",
                          "Startup Cost": 0.0,
                          "Total Cost": 45479.1,
                          "Plan Rows": 52227,
                          "Plan Width": 4,
                          "Actual Startup Time": 0.068,
                          "Actual Total Time": 77.244,
                          "Actual Rows": 49361,
                          "Actual Loops": 7,
                          "Filter": "((kind_id < 3) AND (production_year < 1991))",
                          "Rows Removed by Filter": 311827
                        }
                      ]
                    }
                  ]
                }
              ]
            }
          ]
        }
      ]
    },
    "Planning Time": 0.643,
    "Triggers": [],
    "Execution Time": 583.617
  }
]