[
  {
    "Plan": {
      "Node Type": "Aggregate",
      "Strategy": "Plain",
      "Partial Mode": "Finalize",
      "Parallel Aware": false,
      "Startup Cost": 28636.77,
      "Total Cost": 28636.78,
      "Plan Rows": 1,
      "Plan Width": 8,
      "Actual Startup Time": 36.908,
      "Actual Total Time": 42.24,
      "Actual Rows": 1,
      "Actual Loops": 1,
      "Plans": [
        {
          "Node Type": "Gather",
          "Parent Relationship": "Outer",
          "Parallel Aware": false,
          "Startup Cost": 28636.45,
          "Total Cost": 28636.76,
          "Plan Rows": 3,
          "Plan Width": 8,
          "Actual Startup Time": 36.612,
          "Actual Total Time": 42.228,
          "Actual Rows": 4,
          "Actual Loops": 1,
          "Workers Planned": 3,
          "Workers Launched": 3,
          "Single Copy": false,
          "Plans": [
            {
              "Node Type": "Aggregate",
              "Strategy": "Plain",
              "Partial Mode": "Partial",
              "Parent Relationship": "Outer",
              "Parallel Aware": false,
              "Startup Cost": 27636.45,
              "Total Cost": 27636.46,
              "Plan Rows": 1,
              "Plan Width": 8,
              "Actual Startup Time": 25.319,
              "Actual Total Time": 25.321,
              "Actual Rows": 1,
              "Actual Loops": 4,
              "Plans": [
                {
                  "Node Type": "Nested Loop",
                  "Parent Relationship": "Outer",
                  "Parallel Aware": false,
                  "Join Type": "Inner",
                  "Startup Cost": 234.77,
                  "Total Cost": 27635.97,
                  "Plan Rows": 193,
                  "Plan Width": 0,
                  "Actual Startup Time": 5.965,
                  "Actual Total Time": 25.157,
                  "Actual Rows": 1097,
                  "Actual Loops": 4,
                  "Inner Unique": false,
                  "Join Filter": "(t.id = mi.movie_id)",
                  "Rows Removed by Join Filter": 0,
                  "Plans": [
                    {
                      "Node Type": "Nested Loop",
                      "Parent Relationship": "Outer",
                      "Parallel Aware": false,
                      "Join Type": "Inner",
                      "Startup Cost": 234.34,
                      "Total Cost": 27519.49,
                      "Plan Rows": 33,
                      "Plan Width": 8,
                      "Actual Startup Time": 5.682,
                      "Actual Total Time": 19.289,
                      "Actual Rows": 74,
                      "Actual Loops": 4,
                      "Inner Unique": false,
                      "Plans": [
                        {
                          "Node Type": "Bitmap Heap Scan",
                          "Parent Relationship": "Outer",
                          "Parallel Aware": true,
                          "Relation Name": "title",
                          "Alias": "t",
                          "Startup Cost": 233.91,
                          "Total Cost": 26050.23,
                          "Plan Rows": 179,
                          "Plan Width": 4,
                          "Actual Startup Time": 4.335,
                          "Actual Total Time": 17.323,
                          "Actual Rows": 112,
                          "Actual Loops": 4,
                          "Recheck Cond": "(kind_id = 6)",
                          "Rows Removed by Index Recheck": 0,
                          "Filter": "(production_year = 2006)",
                          "Rows Removed by Filter": 3038,
                          "Exact Heap Blocks": 6187,
                          "Lossy Heap Blocks": 0,
                          "Plans": [
                            {
                              "Node Type": "Bitmap Index Scan",
                              "Parent Relationship": "Outer",
                              "Parallel Aware": false,
                              "Index Name": "kind_id_title",
                              "Startup Cost": 0.0,
                              "Total Cost": 233.77,
                              "Plan Rows": 12979,
                              "Plan Width": 0,
                              "Actual Startup Time": 8.571,
                              "Actual Total Time": 8.572,
                              "Actual Rows": 12600,
                              "Actual Loops": 1,
                              "Index Cond": "(kind_id = 6)"
                            }
                          ]
                        },
                        {
                          "Node Type": "Index Scan",
                          "Parent Relationship": "Inner",
                          "Parallel Aware": false,
                          "Scan Direction": "Forward",
                          "Index Name": "movie_id_movie_info_idx",
                          "Relation Name": "movie_info_idx",
                          "Alias": "mi_idx",
                          "Startup Cost": 0.43,
                          "Total Cost": 8.2,
                          "Plan Rows": 1,
                          "Plan Width": 4,
                          "Actual Startup Time": 0.016,
                          "Actual Total Time": 0.017,
                          "Actual Rows": 1,
                          "Actual Loops": 447,
                          "Index Cond": "(movie_id = t.id)",
                          "Rows Removed by Index Recheck": 0,
                          "Filter": "(info_type_id = 101)",
                          "Rows Removed by Filter": 1
                        }
                      ]
                    },
                    {
                      "Node Type": "Index Only Scan",
                      "Parent Relationship": "Inner",
                      "Parallel Aware": false,
                      "Scan Direction": "Forward",
                      "Index Name": "movie_id_movie_info",
                      "Relation Name": "movie_info",
                      "Alias": "mi",
                      "Startup Cost": 0.43,
                      "Total Cost": 3.02,
                      "Plan Rows": 41,
                      "Plan Width": 4,
                      "Actual Startup Time": 0.027,
                      "Actual Total Time": 0.075,
                      "Actual Rows": 15,
                      "Actual Loops": 297,
                      "Index Cond": "(movie_id = mi_idx.movie_id)",
                      "Rows Removed by Index Recheck": 0,
                      "Heap Fetches": 4387
                    }
                  ]
                }
              ]
            }
          ]
        }
      ]
    },
    "Planning Time": 1.704,
    "Triggers": [],
    "Execution Time": 42.349
  }
]