[
  {
    "Plan": {
      "Node Type": "Aggregate",
      "Strategy": "Plain",
      "Partial Mode": "Finalize",
      "Parallel Aware": false,
      "Startup Cost": 30958.82,
      "Total Cost": 30958.83,
      "Plan Rows": 1,
      "Plan Width": 8,
      "Actual Startup Time": 73.727,
      "Actual Total Time": 77.929,
      "Actual Rows": 1,
      "Actual Loops": 1,
      "Plans": [
        {
          "Node Type": "Gather",
          "Parent Relationship": "Outer",
          "Parallel Aware": false,
          "Startup Cost": 30958.5,
          "Total Cost": 30958.81,
          "Plan Rows": 3,
          "Plan Width": 8,
          "Actual Startup Time": 73.66,
          "Actual Total Time": 77.924,
          "Actual Rows": 4,
          "Actual Loops": 1,
          "Workers Planned": 3,
          "Workers Launched": 3,
          "Single Copy": false,
          "Plans": [
            {
              "Node Type": "Aggregate",
              "Strategy": "Plain",
              "Partial Mode": "Partial",
              "Parent Relationship": "Outer",
              "Parallel Aware": false,
              "Startup Cost": 29958.5,
              "Total Cost": 29958.51,
              "Plan Rows": 1,
              "Plan Width": 8,
              "Actual Startup Time": 70.596,
              "Actual Total Time": 70.597,
              "Actual Rows": 1,
              "Actual Loops": 4,
              "Plans": [
                {
                  "Node Type": "Seq Scan",
                  "Parent Relationship": "Outer",
                  "Parallel Aware": true,
                  "Relation Name": "movie_companies",
                  "Alias": "mc",
                  "Startup Cost": 0.0,
                  "Total Cost": 29310.68,
                  "Plan Rows": 259128,
                  "Plan Width": 0,
                  "Actual Startup Time": 0.022,
                  "Actual Total Time": 60.694,
                  "Actual Rows": 200954,
                  "Actual Loops": 4,
                  "Filter": "(company_id < 1784)",
                  "Rows Removed by Filter": 451328
                }
              ]
            }
          ]
        }
      ]
    },
    "Planning Time": 0.114,
    "Triggers": [],
    "Execution Time": 77.958
  }
]