[
  {
    "Plan": {
      "Node Type": "Aggregate",
      "Strategy": "Plain",
      "Partial Mode": "Finalize",
      "Parallel Aware": false,
      "Startup Cost": 31676.36,
      "Total Cost": 31676.37,
      "Plan Rows": 1,
      "Plan Width": 8,
      "Actual Startup Time": 111.378,
      "Actual Total Time": 117.497,
      "Actual Rows": 1,
      "Actual Loops": 1,
      "Plans": [
        {
          "Node Type": "Gather",
          "Parent Relationship": "Outer",
          "Parallel Aware": false,
          "Startup Cost": 31676.04,
          "Total Cost": 31676.35,
          "Plan Rows": 3,
          "Plan Width": 8,
          "Actual Startup Time": 111.267,
          "Actual Total Time": 117.487,
          "Actual Rows": 4,
          "Actual Loops": 1,
          "Workers Planned": 3,
          "Workers Launched": 3,
          "Single Copy": false,
          "Plans": [
            {
              "Node Type": "Aggregate",
              "Strategy": "Plain",
              "Partial Mode": "Partial",
              "Parent Relationship": "Outer",
              "Parallel Aware": false,
              "Startup Cost": 30676.04,
              "Total Cost": 30676.05,
              "Plan Rows": 1,
              "Plan Width": 8,
              "Actual Startup Time": 105.041,
              "Actual Total Time": 105.042,
              "Actual Rows": 1,
              "Actual Loops": 4,
              "Plans": [
                {
                  "Node Type": "Seq Scan",
                  "Parent Relationship": "Outer",
                  "Parallel Aware": true,
                  "Relation Name": "movie_companies",
                  "Alias": "mc",
                  "Startup Cost": 0.0,
                  "Total Cost": 29310.68,
                  "Plan Rows": 546145,
                  "Plan Width": 0,
                  "Actual Startup Time": 0.036,
                  "Actual Total Time": 82.172,
                  "Actual Rows": 425321,
                  "Actual Loops": 4,
                  "Filter": "(company_id < 20943)",
                  "Rows Removed by Filter": 226961
                }
              ]
            }
          ]
        }
      ]
    },
    "Planning Time": 0.074,
    "Triggers": [],
    "Execution Time": 117.52
  }
]