[
  {
    "Plan": {
      "Node Type": "Aggregate",
      "Strategy": "Plain",
      "Partial Mode": "Finalize",
      "Parallel Aware": false,
      "Startup Cost": 331445.05,
      "Total Cost": 331445.06,
      "Plan Rows": 1,
      "Plan Width": 8,
      "Actual Startup Time": 557.132,
      "Actual Total Time": 602.754,
      "Actual Rows": 1,
      "Actual Loops": 1,
      "Plans": [
        {
          "Node Type": "Gather",
          "Parent Relationship": "Outer",
          "Parallel Aware": false,
          "Startup Cost": 331444.42,
          "Total Cost": 331445.03,
          "Plan Rows": 6,
          "Plan Width": 8,
          "Actual Startup Time": 556.934,
          "Actual Total Time": 602.739,
          "Actual Rows": 7,
          "Actual Loops": 1,
          "Workers Planned": 6,
          "Workers Launched": 6,
          "Single Copy": false,
          "Plans": [
            {
              "Node Type": "Aggregate",
              "Strategy": "Plain",
              "Partial Mode": "Partial",
              "Parent Relationship": "Outer",
              "Parallel Aware": false,
              "Startup Cost": 330444.42,
              "Total Cost": 330444.43,
              "Plan Rows": 1,
              "Plan Width": 8,
              "Actual Startup Time": 550.967,
              "Actual Total Time": 550.968,
              "Actual Rows": 1,
              "Actual Loops": 7,
              "Plans": [
                {
                  "Node Type": "Seq Scan",
                  "Parent Relationship": "Outer",
                  "Parallel Aware": true,
                  "Relation Name": "cast_info",
                  "Alias": "ci",
                  "Startup Cost": 0.0,
                  "Total Cost": 328211.39,
                  "Plan Rows": 893213,
                  "Plan Width": 0,
                  "Actual Startup Time": 0.037,
                  "Actual Total Time": 514.077,
                  "Actual Rows": 789669,
                  "Actual Loops": 7,
                  "Filter": "(person_id < 533542)",
                  "Rows Removed by Filter": 4388094
                }
              ]
            }
          ]
        }
      ]
    },
    "Planning Time": 0.176,
    "Triggers": [],
    "Execution Time": 602.819
  }
]