[
  {
    "Plan": {
      "Node Type": "Aggregate",
      "Strategy": "Plain",
      "Partial Mode": "Finalize",
      "Parallel Aware": false,
      "Startup Cost": 331397.37,
      "Total Cost": 331397.38,
      "Plan Rows": 1,
      "Plan Width": 8,
      "Actual Startup Time": 585.383,
      "Actual Total Time": 641.492,
      "Actual Rows": 1,
      "Actual Loops": 1,
      "Plans": [
        {
          "Node Type": "Gather",
          "Parent Relationship": "Outer",
          "Parallel Aware": false,
          "Startup Cost": 331396.74,
          "Total Cost": 331397.35,
          "Plan Rows": 6,
          "Plan Width": 8,
          "Actual Startup Time": 585.243,
          "Actual Total Time": 641.482,
          "Actual Rows": 7,
          "Actual Loops": 1,
          "Workers Planned": 6,
          "Workers Launched": 6,
          "Single Copy": false,
          "Plans": [
            {
              "Node Type": "Aggregate",
              "Strategy": "Plain",
              "Partial Mode": "Partial",
              "Parent Relationship": "Outer",
              "Parallel Aware": false,
              "Startup Cost": 330396.74,
              "Total Cost": 330396.75,
              "Plan Rows": 1,
              "Plan Width": 8,
              "Actual Startup Time": 575.058,
              "Actual Total Time": 575.06,
              "Actual Rows": 1,
              "Actual Loops": 7,
              "Plans": [
                {
                  "Node Type": "Seq Scan",
                  "Parent Relationship": "Outer",
                  "Parallel Aware": true,
                  "Relation Name": "cast_info",
                  "Alias": "ci",
                  "Startup Cost": 0.0,
                  "Total Cost": 328162.03,
                  "Plan Rows": 893886,
                  "Plan Width": 0,
                  "Actual Startup Time": 0.053,
                  "Actual Total Time": 537.908,
                  "Actual Rows": 789669,
                  "Actual Loops": 7,
                  "Filter": "(person_id < 533542)",
                  "Rows Removed by Filter": 4388094
                }
              ]
            }
          ]
        }
      ]
    },
    "Planning Time": 0.179,
    "Triggers": [],
    "Execution Time": 641.56
  }
]