{
  "Plan": {
    "Node Type": "Aggregate",
    "Strategy": "Plain",
    "Partial Mode": "Finalize",
    "Parallel Aware": false,
    "Startup Cost": 537562.84,
    "Total Cost": 537562.85,
    "Plan Rows": 1,
    "Plan Width": 8,
    "Actual Startup Time": 1403.228,
    "Actual Total Time": 1427.372,
    "Actual Rows": 1,
    "Actual Loops": 1,
    "Plans": [
      {
        "Node Type": "Gather",
        "Parent Relationship": "Outer",
        "Parallel Aware": false,
        "Startup Cost": 537562.73,
        "Total Cost": 537562.84,
        "Plan Rows": 1,
        "Plan Width": 8,
        "Actual Startup Time": 1401.681,
        "Actual Total Time": 1427.363,
        "Actual Rows": 2,
        "Actual Loops": 1,
        "Workers Planned": 1,
        "Workers Launched": 1,
        "Single Copy": false,
        "Plans": [
          {
            "Node Type": "Aggregate",
            "Strategy": "Plain",
            "Partial Mode": "Partial",
            "Parent Relationship": "Outer",
            "Parallel Aware": false,
            "Startup Cost": 536562.73,
            "Total Cost": 536562.74,
            "Plan Rows": 1,
            "Plan Width": 8,
            "Actual Startup Time": 1395.419,
            "Actual Total Time": 1395.425,
            "Actual Rows": 1,
            "Actual Loops": 2,
            "Plans": [
              {
                "Node Type": "Hash Join",
                "Parent Relationship": "Outer",
                "Parallel Aware": true,
                "Join Type": "Inner",
                "Startup Cost": 228079.83,
                "Total Cost": 536345.58,
                "Plan Rows": 86859,
                "Plan Width": 0,
                "Actual Startup Time": 503.093,
                "Actual Total Time": 1391.787,
                "Actual Rows": 66712,
                "Actual Loops": 2,
                "Inner Unique": false,
                "Hash Cond": "(t.id = mc.movie_id)",
                "Plans": [
                  {
                    "Node Type": "Hash Join",
                    "Parent Relationship": "Outer",
                    "Parallel Aware": true,
                    "Join Type": "Inner",
                    "Startup Cost": 184384.19,
                    "Total Cost": 488334.32,
                    "Plan Rows": 608748,
                    "Plan Width": 8,
                    "Actual Startup Time": 366.418,
                    "Actual Total Time": 1168.477,
                    "Actual Rows": 538862,
                    "Actual Loops": 2,
                    "Inner Unique": true,
                    "Hash Cond": "(ci.movie_id = t.id)",
                    "Plans": [
                      {
                        "Node Type": "Bitmap Heap Scan",
                        "Parent Relationship": "Outer",
                        "Parallel Aware": true,
                        "Relation Name": "cast_info",
                        "Alias": "ci",
                        "Startup Cost": 127258.55,
                        "Total Cost": 422311.77,
                        "Plan Rows": 3389297,
                        "Plan Width": 4,
                        "Actual Startup Time": 251.565,
                        "Actual Total Time": 560.23,
                        "Actual Rows": 2790381,
                        "Actual Loops": 2,
                        "Recheck Cond": "(person_id > 3094253)",
                        "Rows Removed by Index Recheck": 0,
                        "Exact Heap Blocks": 41117,
                        "Lossy Heap Blocks": 0,
                        "Plans": [
                          {
                            "Node Type": "Bitmap Index Scan",
                            "Parent Relationship": "Outer",
                            "Parallel Aware": false,
                            "Index Name": "person_id_cast_info",
                            "Startup Cost": 0.0,
                            "Total Cost": 125818.1,
                            "Plan Rows": 5761805,
                            "Plan Width": 0,
                            "Actual Startup Time": 238.407,
                            "Actual Total Time": 238.408,
                            "Actual Rows": 5580762,
                            "Actual Loops": 1,
                            "Index Cond": "(person_id > 3094253)"
                          }
                        ]
                      },
                      {
                        "Node Type": "Hash",
                        "Parent Relationship": "Inner",
                        "Parallel Aware": true,
                        "Startup Cost": 53786.63,
                        "Total Cost": 53786.63,
                        "Plan Rows": 267120,
                        "Plan Width": 4,
                        "Actual Startup Time": 113.271,
                        "Actual Total Time": 113.273,
                        "Actual Rows": 165140,
                        "Actual Loops": 2,
                        "Hash Buckets": 524288,
                        "Original Hash Buckets": 524288,
                        "Hash Batches": 1,
                        "Original Hash Batches": 1,
                        "Peak Memory Usage": 17056,
                        "Plans": [
                          {
                            "Node Type": "Bitmap Heap Scan",
                            "Parent Relationship": "Outer",
                            "Parallel Aware": true,
                            "Relation Name": "title",
                            "Alias": "t",
                            "Startup Cost": 11936.38,
                            "Total Cost": 53786.63,
                            "Plan Rows": 267120,
                            "Plan Width": 4,
                            "Actual Startup Time": 22.012,
                            "Actual Total Time": 78.033,
                            "Actual Rows": 165140,
                            "Actual Loops": 2,
                            "Recheck Cond": "(kind_id = 1)",
                            "Rows Removed by Index Recheck": 0,
                            "Filter": "(production_year > 1991)",
                            "Rows Removed by Filter": 166273,
                            "Exact Heap Blocks": 7350,
                            "Lossy Heap Blocks": 0,
                            "Plans": [
                              {
                                "Node Type": "Bitmap Index Scan",
                                "Parent Relationship": "Outer",
                                "Parallel Aware": false,
                                "Index Name": "kind_id_title",
                                "Startup Cost": 0.0,
                                "Total Cost": 11822.85,
                                "Plan Rows": 663256,
                                "Plan Width": 0,
                                "Actual Startup Time": 20.223,
                                "Actual Total Time": 20.224,
                                "Actual Rows": 662825,
                                "Actual Loops": 1,
                                "Index Cond": "(kind_id = 1)"
                              }
                            ]
                          }
                        ]
                      }
                    ]
                  },
                  {
                    "Node Type": "Hash",
                    "Parent Relationship": "Inner",
                    "Parallel Aware": true,
                    "Startup Cost": 41043.07,
                    "Total Cost": 41043.07,
                    "Plan Rows": 212206,
                    "Plan Width": 4,
                    "Actual Startup Time": 130.542,
                    "Actual Total Time": 130.543,
                    "Actual Rows": 25417,
                    "Actual Loops": 2,
                    "Hash Buckets": 524288,
                    "Original Hash Buckets": 524288,
                    "Hash Batches": 1,
                    "Original Hash Batches": 1,
                    "Peak Memory Usage": 6112,
                    "Plans": [
                      {
                        "Node Type": "Bitmap Heap Scan",
                        "Parent Relationship": "Outer",
                        "Parallel Aware": true,
                        "Relation Name": "movie_companies",
                        "Alias": "mc",
                        "Startup Cost": 15786.88,
                        "Total Cost": 41043.07,
                        "Plan Rows": 212206,
                        "Plan Width": 4,
                        "Actual Startup Time": 63.693,
                        "Actual Total Time": 124.019,
                        "Actual Rows": 25417,
                        "Actual Loops": 2,
                        "Recheck Cond": "(company_id > 37503)",
                        "Rows Removed by Index Recheck": 0,
                        "Filter": "(company_type_id = 1)",
                        "Rows Removed by Filter": 348215,
                        "Exact Heap Blocks": 9889,
                        "Lossy Heap Blocks": 0,
                        "Plans": [
                          {
                            "Node Type": "Bitmap Index Scan",
                            "Parent Relationship": "Outer",
                            "Parallel Aware": false,
                            "Index Name": "company_id_movie_companies",
                            "Startup Cost": 0.0,
                            "Total Cost": 15696.69,
                            "Plan Rows": 732835,
                            "Plan Width": 0,
                            "Actual Startup Time": 62.047,
                            "Actual Total Time": 62.047,
                            "Actual Rows": 747264,
                            "Actual Loops": 1,
                            "Index Cond": "(company_id > 37503)"
                          }
                        ]
                      }
                    ]
                  }
                ]
              }
            ]
          }
        ]
      }
    ]
  },
  "Planning Time": 1.048,
  "Triggers": [],
  "Execution Time": 1427.51
}