[
  {
    "Plan": {
      "Node Type": "Aggregate",
      "Strategy": "Plain",
      "Partial Mode": "Finalize",
      "Parallel Aware": false,
      "Startup Cost": 183235.2,
      "Total Cost": 183235.21,
      "Plan Rows": 1,
      "Plan Width": 8,
      "Actual Startup Time": 999.979,
      "Actual Total Time": 1055.227,
      "Actual Rows": 1,
      "Actual Loops": 1,
      "Plans": [
        {
          "Node Type": "Gather",
          "Parent Relationship": "Outer",
          "Parallel Aware": false,
          "Startup Cost": 183234.88,
          "Total Cost": 183235.19,
          "Plan Rows": 3,
          "Plan Width": 8,
          "Actual Startup Time": 996.253,
          "Actual Total Time": 1055.216,
          "Actual Rows": 4,
          "Actual Loops": 1,
          "Workers Planned": 3,
          "Workers Launched": 3,
          "Single Copy": false,
          "Plans": [
            {
              "Node Type": "Aggregate",
              "Strategy": "Plain",
              "Partial Mode": "Partial",
              "Parent Relationship": "Outer",
              "Parallel Aware": false,
              "Startup Cost": 182234.88,
              "Total Cost": 182234.89,
              "Plan Rows": 1,
              "Plan Width": 8,
              "Actual Startup Time": 983.488,
              "Actual Total Time": 983.491,
              "Actual Rows": 1,
              "Actual Loops": 4,
              "Plans": [
                {
                  "Node Type": "Nested Loop",
                  "Parent Relationship": "Outer",
                  "Parallel Aware": false,
                  "Join Type": "Inner",
                  "Startup Cost": 54539.99,
                  "Total Cost": 182158.01,
                  "Plan Rows": 30750,
                  "Plan Width": 0,
                  "Actual Startup Time": 238.599,
                  "Actual Total Time": 977.056,
                  "Actual Rows": 107303,
                  "Actual Loops": 4,
                  "Inner Unique": false,
                  "Plans": [
                    {
                      "Node Type": "Hash Join",
                      "Parent Relationship": "Outer",
                      "Parallel Aware": true,
                      "Join Type": "Inner",
                      "Startup Cost": 54539.56,
                      "Total Cost": 80542.02,
                      "Plan Rows": 50646,
                      "Plan Width": 8,
                      "Actual Startup Time": 238.443,
                      "Actual Total Time": 311.209,
                      "Actual Rows": 56838,
                      "Actual Loops": 4,
                      "Inner Unique": true,
                      "Hash Cond": "(mk.movie_id = t.id)",
                      "Plans": [
                        {
                          "Node Type": "Bitmap Heap Scan",
                          "Parent Relationship": "Outer",
                          "Parallel Aware": true,
                          "Relation Name": "movie_keyword",
                          "Alias": "mk",
                          "Startup Cost": 6732.07,
                          "Total Cost": 32465.79,
                          "Plan Rows": 102378,
                          "Plan Width": 4,
                          "Actual Startup Time": 24.03,
                          "Actual Total Time": 60.019,
                          "Actual Rows": 83536,
                          "Actual Loops": 4,
                          "Recheck Cond": "(keyword_id < 275)",
                          "Rows Removed by Index Recheck": 0,
                          "Exact Heap Blocks": 7268,
                          "Lossy Heap Blocks": 0,
                          "Plans": [
                            {
                              "Node Type": "Bitmap Index Scan",
                              "Parent Relationship": "Outer",
                              "Parallel Aware": false,
                              "Index Name": "keyword_id_movie_keyword",
                              "Startup Cost": 0.0,
                              "Total Cost": 6652.72,
                              "Plan Rows": 317372,
                              "Plan Width": 0,
                              "Actual Startup Time": 20.337,
                              "Actual Total Time": 20.337,
                              "Actual Rows": 334142,
                              "Actual Loops": 1,
                              "Index Cond": "(keyword_id < 275)"
                            }
                          ]
                        },
                        {
                          "Node Type": "Hash",
                          "Parent Relationship": "Inner",
                          "Parallel Aware": true,
                          "Startup Cost": 43898.92,
                          "Total Cost": 43898.92,
                          "Plan Rows": 312686,
                          "Plan Width": 4,
                          "Actual Startup Time": 206.894,
                          "Actual Total Time": 206.895,
                          "Actual Rows": 315925,
                          "Actual Loops": 4,
                          "Hash Buckets": 2097152,
                          "Original Hash Buckets": 2097152,
                          "Hash Batches": 1,
                          "Original Hash Batches": 1,
                          "Peak Memory Usage": 65856,
                          "Plans": [
                            {
                              "Node Type": "Seq Scan",
                              "Parent Relationship": "Outer",
                              "Parallel Aware": true,
                              "Relation Name": "title",
                              "Alias": "t",
                              "Startup Cost": 0.0,
                              "Total Cost": 43898.92,
                              "Plan Rows": 312686,
                              "Plan Width": 4,
                              "Actual Startup Time": 0.038,
                              "Actual Total Time": 100.874,
                              "Actual Rows": 315925,
                              "Actual Loops": 4,
                              "Filter": "(production_year < 2004)",
                              "Rows Removed by Filter": 316153
                            }
                          ]
                        }
                      ]
                    },
                    {
                      "Node Type": "Index Scan",
                      "Parent Relationship": "Inner",
                      "Parallel Aware": false,
                      "Scan Direction": "Forward",
                      "Index Name": "movie_id_movie_info",
                      "Relation Name": "movie_info",
                      "Alias": "mi",
                      "Startup Cost": 0.43,
                      "Total Cost": 1.97,
                      "Plan Rows": 4,
                      "Plan Width": 4,
                      "Actual Startup Time": 0.011,
                      "Actual Total Time": 0.011,
                      "Actual Rows": 2,
                      "Actual Loops": 227354,
                      "Index Cond": "(movie_id = t.id)",
                      "Rows Removed by Index Recheck": 0,
                      "Filter": "(info_type_id = 3)",
                      "Rows Removed by Filter": 40
                    }
                  ]
                }
              ]
            }
          ]
        }
      ]
    },
    "Planning Time": 1.451,
    "Triggers": [],
    "Execution Time": 1055.362
  }
]