[
  {
    "Plan": {
      "Node Type": "Aggregate",
      "Strategy": "Plain",
      "Partial Mode": "Finalize",
      "Parallel Aware": false,
      "Startup Cost": 33145.43,
      "Total Cost": 33145.44,
      "Plan Rows": 1,
      "Plan Width": 8,
      "Actual Startup Time": 102.713,
      "Actual Total Time": 110.47,
      "Actual Rows": 1,
      "Actual Loops": 1,
      "Plans": [
        {
          "Node Type": "Gather",
          "Parent Relationship": "Outer",
          "Parallel Aware": false,
          "Startup Cost": 33145.12,
          "Total Cost": 33145.43,
          "Plan Rows": 3,
          "Plan Width": 8,
          "Actual Startup Time": 102.575,
          "Actual Total Time": 110.461,
          "Actual Rows": 4,
          "Actual Loops": 1,
          "Workers Planned": 3,
          "Workers Launched": 3,
          "Single Copy": false,
          "Plans": [
            {
              "Node Type": "Aggregate",
              "Strategy": "Plain",
              "Partial Mode": "Partial",
              "Parent Relationship": "Outer",
              "Parallel Aware": false,
              "Startup Cost": 32145.12,
              "Total Cost": 32145.13,
              "Plan Rows": 1,
              "Plan Width": 8,
              "Actual Startup Time": 95.549,
              "Actual Total Time": 95.55,
              "Actual Rows": 1,
              "Actual Loops": 4,
              "Plans": [
                {
                  "Node Type": "Seq Scan",
                  "Parent Relationship": "Outer",
                  "Parallel Aware": true,
                  "Relation Name": "movie_companies",
                  "Alias": "mc",
                  "Startup Cost": 0.0,
                  "Total Cost": 31414.82,
                  "Plan Rows": 292119,
                  "Plan Width": 0,
                  "Actual Startup Time": 0.041,
                  "Actual Total Time": 79.385,
                  "Actual Rows": 302096,
                  "Actual Loops": 4,
                  "Filter": "((company_id < 32244) AND (company_type_id = 1))",
                  "Rows Removed by Filter": 350186
                }
              ]
            }
          ]
        }
      ]
    },
    "Planning Time": 0.226,
    "Triggers": [],
    "Execution Time": 110.529
  }
]