[
  {
    "Plan": {
      "Node Type": "Aggregate",
      "Strategy": "Plain",
      "Partial Mode": "Finalize",
      "Parallel Aware": false,
      "Startup Cost": 86780.89,
      "Total Cost": 86780.9,
      "Plan Rows": 1,
      "Plan Width": 8,
      "Actual Startup Time": 286.217,
      "Actual Total Time": 316.224,
      "Actual Rows": 1,
      "Actual Loops": 1,
      "Plans": [
        {
          "Node Type": "Gather",
          "Parent Relationship": "Outer",
          "Parallel Aware": false,
          "Startup Cost": 86780.58,
          "Total Cost": 86780.89,
          "Plan Rows": 3,
          "Plan Width": 8,
          "Actual Startup Time": 285.913,
          "Actual Total Time": 316.215,
          "Actual Rows": 4,
          "Actual Loops": 1,
          "Workers Planned": 3,
          "Workers Launched": 3,
          "Single Copy": false,
          "Plans": [
            {
              "Node Type": "Aggregate",
              "Strategy": "Plain",
              "Partial Mode": "Partial",
              "Parent Relationship": "Outer",
              "Parallel Aware": false,
              "Startup Cost": 85780.58,
              "Total Cost": 85780.59,
              "Plan Rows": 1,
              "Plan Width": 8,
              "Actual Startup Time": 276.55,
              "Actual Total Time": 276.556,
              "Actual Rows": 1,
              "Actual Loops": 4,
              "Plans": [
                {
                  "Node Type": "Nested Loop",
                  "Parent Relationship": "Outer",
                  "Parallel Aware": false,
                  "Join Type": "Inner",
                  "Startup Cost": 45555.96,
                  "Total Cost": 85665.55,
                  "Plan Rows": 46010,
                  "Plan Width": 0,
                  "Actual Startup Time": 100.31,
                  "Actual Total Time": 273.605,
                  "Actual Rows": 49075,
                  "Actual Loops": 4,
                  "Inner Unique": false,
                  "Join Filter": "(t.id = ci.movie_id)",
                  "Rows Removed by Join Filter": 0,
                  "Plans": [
                    {
                      "Node Type": "Hash Join",
                      "Parent Relationship": "Outer",
                      "Parallel Aware": true,
                      "Join Type": "Inner",
                      "Startup Cost": 45555.4,
                      "Total Cost": 75744.01,
                      "Plan Rows": 3209,
                      "Plan Width": 8,
                      "Actual Startup Time": 100.214,
                      "Actual Total Time": 188.586,
                      "Actual Rows": 1628,
                      "Actual Loops": 4,
                      "Inner Unique": true,
                      "Hash Cond": "(mc.movie_id = t.id)",
                      "Plans": [
                        {
                          "Node Type": "Seq Scan",
                          "Parent Relationship": "Outer",
                          "Parallel Aware": true,
                          "Relation Name": "movie_companies",
                          "Alias": "mc",
                          "Startup Cost": 0.0,
                          "Total Cost": 29310.68,
                          "Plan Rows": 334450,
                          "Plan Width": 4,
                          "Actual Startup Time": 0.013,
                          "Actual Total Time": 62.554,
                          "Actual Rows": 259886,
                          "Actual Loops": 4,
                          "Filter": "(company_id < 5936)",
                          "Rows Removed by Filter": 392396
                        },
                        {
                          "Node Type": "Hash",
                          "Parent Relationship": "Inner",
                          "Parallel Aware": true,
                          "Startup Cost": 45479.59,
                          "Total Cost": 45479.59,
                          "Plan Rows": 6065,
                          "Plan Width": 4,
                          "Actual Startup Time": 98.531,
                          "Actual Total Time": 98.532,
                          "Actual Rows": 6496,
                          "Actual Loops": 4,
                          "Hash Buckets": 32768,
                          "Original Hash Buckets": 32768,
                          "Hash Batches": 1,
                          "Original Hash Batches": 1,
                          "Peak Memory Usage": 1376,
                          "Plans": [
                            {
                              "Node Type": "Seq Scan",
                              "Parent Relationship": "Outer",
                              "Parallel Aware": true,
                              "Relation Name": "title",
                              "Alias": "t",
                              "Startup Cost": 0.0,
                              "Total Cost": 45479.59,
                              "Plan Rows": 6065,
                              "Plan Width": 4,
                              "Actual Startup Time": 0.069,
                              "Actual Total Time": 95.384,
                              "Actual Rows": 6496,
                              "Actual Loops": 4,
                              "Filter": "((kind_id = 7) AND (production_year = 1997))",
                              "Rows Removed by Filter": 625582
                            }
                          ]
                        }
                      ]
                    },
                    {
                      "Node Type": "Index Only Scan",
                      "Parent Relationship": "Inner",
                      "Parallel Aware": false,
                      "Scan Direction": "Forward",
                      "Index Name": "movie_id_cast_info",
                      "Relation Name": "cast_info",
                      "Alias": "ci",
                      "Startup Cost": 0.56,
                      "Total Cost": 2.65,
                      "Plan Rows": 35,
                      "Plan Width": 4,
                      "Actual Startup Time": 0.007,
                      "Actual Total Time": 0.049,
                      "Actual Rows": 30,
                      "Actual Loops": 6512,
                      "Index Cond": "(movie_id = mc.movie_id)",
                      "Rows Removed by Index Recheck": 0,
                      "Heap Fetches": 196301
                    }
                  ]
                }
              ]
            }
          ]
        }
      ]
    },
    "Planning Time": 1.449,
    "Triggers": [],
    "Execution Time": 316.317
  }
]