[
  {
    "Plan": {
      "Node Type": "Aggregate",
      "Strategy": "Plain",
      "Partial Mode": "Finalize",
      "Parallel Aware": false,
      "Startup Cost": 341374.24,
      "Total Cost": 341374.25,
      "Plan Rows": 1,
      "Plan Width": 8,
      "Actual Startup Time": 987.399,
      "Actual Total Time": 1051.223,
      "Actual Rows": 1,
      "Actual Loops": 1,
      "Plans": [
        {
          "Node Type": "Gather",
          "Parent Relationship": "Outer",
          "Parallel Aware": false,
          "Startup Cost": 341373.61,
          "Total Cost": 341374.22,
          "Plan Rows": 6,
          "Plan Width": 8,
          "Actual Startup Time": 987.074,
          "Actual Total Time": 1051.213,
          "Actual Rows": 7,
          "Actual Loops": 1,
          "Workers Planned": 6,
          "Workers Launched": 6,
          "Single Copy": false,
          "Plans": [
            {
              "Node Type": "Aggregate",
              "Strategy": "Plain",
              "Partial Mode": "Partial",
              "Parent Relationship": "Outer",
              "Parallel Aware": false,
              "Startup Cost": 340373.61,
              "Total Cost": 340373.62,
              "Plan Rows": 1,
              "Plan Width": 8,
              "Actual Startup Time": 976.687,
              "Actual Total Time": 976.689,
              "Actual Rows": 1,
              "Actual Loops": 7,
              "Plans": [
                {
                  "Node Type": "Seq Scan",
                  "Parent Relationship": "Outer",
                  "Parallel Aware": true,
                  "Relation Name": "cast_info",
                  "Alias": "ci",
                  "Startup Cost": 0.0,
                  "Total Cost": 328162.03,
                  "Plan Rows": 4884634,
                  "Plan Width": 0,
                  "Actual Startup Time": 97.332,
                  "Actual Total Time": 758.972,
                  "Actual Rows": 4164042,
                  "Actual Loops": 7,
                  "Filter": "(person_id > 685703)",
                  "Rows Removed by Filter": 1013722
                }
              ]
            }
          ]
        }
      ]
    },
    "Planning Time": 0.193,
    "Triggers": [],
    "Execution Time": 1051.294
  }
]