[
  {
    "Plan": {
      "Node Type": "Aggregate",
      "Strategy": "Plain",
      "Partial Mode": "Finalize",
      "Parallel Aware": false,
      "Startup Cost": 46343.9,
      "Total Cost": 46343.91,
      "Plan Rows": 1,
      "Plan Width": 8,
      "Actual Startup Time": 194.058,
      "Actual Total Time": 206.198,
      "Actual Rows": 1,
      "Actual Loops": 1,
      "Plans": [
        {
          "Node Type": "Gather",
          "Parent Relationship": "Outer",
          "Parallel Aware": false,
          "Startup Cost": 46343.58,
          "Total Cost": 46343.89,
          "Plan Rows": 3,
          "Plan Width": 8,
          "Actual Startup Time": 193.909,
          "Actual Total Time": 206.188,
          "Actual Rows": 4,
          "Actual Loops": 1,
          "Workers Planned": 3,
          "Workers Launched": 3,
          "Single Copy": false,
          "Plans": [
            {
              "Node Type": "Aggregate",
              "Strategy": "Plain",
              "Partial Mode": "Partial",
              "Parent Relationship": "Outer",
              "Parallel Aware": false,
              "Startup Cost": 45343.58,
              "Total Cost": 45343.59,
              "Plan Rows": 1,
              "Plan Width": 8,
              "Actual Startup Time": 186.165,
              "Actual Total Time": 186.166,
              "Actual Rows": 1,
              "Actual Loops": 4,
              "Plans": [
                {
                  "Node Type": "Seq Scan",
                  "Parent Relationship": "Outer",
                  "Parallel Aware": true,
                  "Relation Name": "movie_keyword",
                  "Alias": "mk",
                  "Startup Cost": 0.0,
                  "Total Cost": 42695.65,
                  "Plan Rows": 1059172,
                  "Plan Width": 0,
                  "Actual Startup Time": 0.06,
                  "Actual Total Time": 142.86,
                  "Actual Rows": 819984,
                  "Actual Loops": 4,
                  "Filter": "(keyword_id < 14532)",
                  "Rows Removed by Filter": 310998
                }
              ]
            }
          ]
        }
      ]
    },
    "Planning Time": 0.187,
    "Triggers": [],
    "Execution Time": 206.263
  }
]