[
  {
    "Plan": {
      "Node Type": "Aggregate",
      "Strategy": "Plain",
      "Partial Mode": "Finalize",
      "Parallel Aware": false,
      "Startup Cost": 46347.23,
      "Total Cost": 46347.24,
      "Plan Rows": 1,
      "Plan Width": 8,
      "Actual Startup Time": 171.863,
      "Actual Total Time": 181.562,
      "Actual Rows": 1,
      "Actual Loops": 1,
      "Plans": [
        {
          "Node Type": "Gather",
          "Parent Relationship": "Outer",
          "Parallel Aware": false,
          "Startup Cost": 46346.92,
          "Total Cost": 46347.23,
          "Plan Rows": 3,
          "Plan Width": 8,
          "Actual Startup Time": 171.702,
          "Actual Total Time": 181.55,
          "Actual Rows": 4,
          "Actual Loops": 1,
          "Workers Planned": 3,
          "Workers Launched": 3,
          "Single Copy": false,
          "Plans": [
            {
              "Node Type": "Aggregate",
              "Strategy": "Plain",
              "Partial Mode": "Partial",
              "Parent Relationship": "Outer",
              "Parallel Aware": false,
              "Startup Cost": 45346.92,
              "Total Cost": 45346.93,
              "Plan Rows": 1,
              "Plan Width": 8,
              "Actual Startup Time": 166.29,
              "Actual Total Time": 166.291,
              "Actual Rows": 1,
              "Actual Loops": 4,
              "Plans": [
                {
                  "Node Type": "Seq Scan",
                  "Parent Relationship": "Outer",
                  "Parallel Aware": true,
                  "Relation Name": "movie_keyword",
                  "Alias": "mk",
                  "Startup Cost": 0.0,
                  "Total Cost": 42695.65,
                  "Plan Rows": 1060505,
                  "Plan Width": 0,
                  "Actual Startup Time": 0.039,
                  "Actual Total Time": 126.332,
                  "Actual Rows": 819984,
                  "Actual Loops": 4,
                  "Filter": "(keyword_id < 14532)",
                  "Rows Removed by Filter": 310998
                }
              ]
            }
          ]
        }
      ]
    },
    "Planning Time": 0.182,
    "Triggers": [],
    "Execution Time": 181.625
  }
]