{
  "Plan": {
    "Node Type": "Aggregate",
    "Strategy": "Plain",
    "Partial Mode": "Finalize",
    "Parallel Aware": false,
    "Startup Cost": 141012.21,
    "Total Cost": 141012.22,
    "Plan Rows": 1,
    "Plan Width": 8,
    "Actual Startup Time": 1067.108,
    "Actual Total Time": 1094.407,
    "Actual Rows": 1,
    "Actual Loops": 1,
    "Plans": [
      {
        "Node Type": "Gather",
        "Parent Relationship": "Outer",
        "Parallel Aware": false,
        "Startup Cost": 141012.1,
        "Total Cost": 141012.21,
        "Plan Rows": 1,
        "Plan Width": 8,
        "Actual Startup Time": 1060.803,
        "Actual Total Time": 1094.399,
        "Actual Rows": 2,
        "Actual Loops": 1,
        "Workers Planned": 1,
        "Workers Launched": 1,
        "Single Copy": false,
        "Plans": [
          {
            "Node Type": "Aggregate",
            "Strategy": "Plain",
            "Partial Mode": "Partial",
            "Parent Relationship": "Outer",
            "Parallel Aware": false,
            "Startup Cost": 140012.1,
            "Total Cost": 140012.11,
            "Plan Rows": 1,
            "Plan Width": 8,
            "Actual Startup Time": 1054.149,
            "Actual Total Time": 1054.156,
            "Actual Rows": 1,
            "Actual Loops": 2,
            "Plans": [
              {
                "Node Type": "Hash Join",
                "Parent Relationship": "Outer",
                "Parallel Aware": true,
                "Join Type": "Inner",
                "Startup Cost": 119105.28,
                "Total Cost": 139472.34,
                "Plan Rows": 215902,
                "Plan Width": 0,
                "Actual Startup Time": 852.4,
                "Actual Total Time": 1023.654,
                "Actual Rows": 756402,
                "Actual Loops": 2,
                "Inner Unique": false,
                "Hash Cond": "(mi_idx.movie_id = t.id)",
                "Plans": [
                  {
                    "Node Type": "Seq Scan",
                    "Parent Relationship": "Outer",
                    "Parallel Aware": true,
                    "Relation Name": "movie_info_idx",
                    "Alias": "mi_idx",
                    "Startup Cost": 0.0,
                    "Total Cost": 16052.85,
                    "Plan Rows": 811785,
                    "Plan Width": 4,
                    "Actual Startup Time": 0.03,
                    "Actual Total Time": 48.273,
                    "Actual Rows": 690018,
                    "Actual Loops": 2
                  },
                  {
                    "Node Type": "Hash",
                    "Parent Relationship": "Inner",
                    "Parallel Aware": true,
                    "Startup Cost": 114161.0,
                    "Total Cost": 114161.0,
                    "Plan Rows": 395543,
                    "Plan Width": 8,
                    "Actual Startup Time": 833.684,
                    "Actual Total Time": 833.689,
                    "Actual Rows": 330858,
                    "Actual Loops": 2,
                    "Hash Buckets": 1048576,
                    "Original Hash Buckets": 1048576,
                    "Hash Batches": 1,
                    "Original Hash Batches": 1,
                    "Peak Memory Usage": 34112,
                    "Plans": [
                      {
                        "Node Type": "Hash Join",
                        "Parent Relationship": "Outer",
                        "Parallel Aware": true,
                        "Join Type": "Inner",
                        "Startup Cost": 83724.41,
                        "Total Cost": 114161.0,
                        "Plan Rows": 395543,
                        "Plan Width": 8,
                        "Actual Startup Time": 592.115,
                        "Actual Total Time": 758.237,
                        "Actual Rows": 330858,
                        "Actual Loops": 2,
                        "Inner Unique": true,
                        "Hash Cond": "(mk.movie_id = t.id)",
                        "Plans": [
                          {
                            "Node Type": "Bitmap Heap Scan",
                            "Parent Relationship": "Outer",
                            "Parallel Aware": true,
                            "Relation Name": "movie_keyword",
                            "Alias": "mk",
                            "Startup Cost": 14263.71,
                            "Total Cost": 43662.0,
                            "Plan Rows": 395543,
                            "Plan Width": 4,
                            "Actual Startup Time": 40.053,
                            "Actual Total Time": 118.445,
                            "Actual Rows": 330858,
                            "Actual Loops": 2,
                            "Recheck Cond": "(keyword_id > 28417)",
                            "Rows Removed by Index Recheck": 0,
                            "Exact Heap Blocks": 12846,
                            "Lossy Heap Blocks": 0,
                            "Plans": [
                              {
                                "Node Type": "Bitmap Index Scan",
                                "Parent Relationship": "Outer",
                                "Parallel Aware": false,
                                "Index Name": "keyword_id_movie_keyword",
                                "Startup Cost": 0.0,
                                "Total Cost": 14095.61,
                                "Plan Rows": 672423,
                                "Plan Width": 0,
                                "Actual Startup Time": 36.564,
                                "Actual Total Time": 36.564,
                                "Actual Rows": 661715,
                                "Actual Loops": 1,
                                "Index Cond": "(keyword_id > 28417)"
                              }
                            ]
                          },
                          {
                            "Node Type": "Hash",
                            "Parent Relationship": "Inner",
                            "Parallel Aware": true,
                            "Startup Cost": 50870.31,
                            "Total Cost": 50870.31,
                            "Plan Rows": 1487231,
                            "Plan Width": 4,
                            "Actual Startup Time": 532.458,
                            "Actual Total Time": 532.459,
                            "Actual Rows": 1264156,
                            "Actual Loops": 2,
                            "Hash Buckets": 4194304,
                            "Original Hash Buckets": 4194304,
                            "Hash Batches": 1,
                            "Original Hash Batches": 1,
                            "Peak Memory Usage": 131712,
                            "Plans": [
                              {
                                "Node Type": "Seq Scan",
                                "Parent Relationship": "Outer",
                                "Parallel Aware": true,
                                "Relation Name": "title",
                                "Alias": "t",
                                "Startup Cost": 0.0,
                                "Total Cost": 50870.31,
                                "Plan Rows": 1487231,
                                "Plan Width": 4,
                                "Actual Startup Time": 0.034,
                                "Actual Total Time": 158.312,
                                "Actual Rows": 1264156,
                                "Actual Loops": 2
                              }
                            ]
                          }
                        ]
                      }
                    ]
                  }
                ]
              }
            ]
          }
        ]
      }
    ]
  },
  "Planning Time": 0.999,
  "Triggers": [],
  "Execution Time": 1094.511
}