{
  "Plan": {
    "Node Type": "Aggregate",
    "Strategy": "Plain",
    "Partial Mode": "Finalize",
    "Parallel Aware": false,
    "Startup Cost": 137963.81,
    "Total Cost": 137963.82,
    "Plan Rows": 1,
    "Plan Width": 8,
    "Actual Startup Time": 1061.372,
    "Actual Total Time": 1080.851,
    "Actual Rows": 1,
    "Actual Loops": 1,
    "Plans": [
      {
        "Node Type": "Gather",
        "Parent Relationship": "Outer",
        "Parallel Aware": false,
        "Startup Cost": 137963.69,
        "Total Cost": 137963.8,
        "Plan Rows": 1,
        "Plan Width": 8,
        "Actual Startup Time": 1055.906,
        "Actual Total Time": 1080.842,
        "Actual Rows": 2,
        "Actual Loops": 1,
        "Workers Planned": 1,
        "Workers Launched": 1,
        "Single Copy": false,
        "Plans": [
          {
            "Node Type": "Aggregate",
            "Strategy": "Plain",
            "Partial Mode": "Partial",
            "Parent Relationship": "Outer",
            "Parallel Aware": false,
            "Startup Cost": 136963.69,
            "Total Cost": 136963.7,
            "Plan Rows": 1,
            "Plan Width": 8,
            "Actual Startup Time": 1049.451,
            "Actual Total Time": 1049.496,
            "Actual Rows": 1,
            "Actual Loops": 2,
            "Plans": [
              {
                "Node Type": "Hash Join",
                "Parent Relationship": "Outer",
                "Parallel Aware": true,
                "Join Type": "Inner",
                "Startup Cost": 115399.3,
                "Total Cost": 136534.0,
                "Plan Rows": 171878,
                "Plan Width": 0,
                "Actual Startup Time": 875.516,
                "Actual Total Time": 1036.307,
                "Actual Rows": 249497,
                "Actual Loops": 2,
                "Inner Unique": false,
                "Hash Cond": "(mi_idx.movie_id = t.id)",
                "Plans": [
                  {
                    "Node Type": "Seq Scan",
                    "Parent Relationship": "Outer",
                    "Parallel Aware": true,
                    "Relation Name": "movie_info_idx",
                    "Alias": "mi_idx",
                    "Startup Cost": 0.0,
                    "Total Cost": 18082.32,
                    "Plan Rows": 544356,
                    "Plan Width": 4,
                    "Actual Startup Time": 0.028,
                    "Actual Total Time": 69.313,
                    "Actual Rows": 460055,
                    "Actual Loops": 2,
                    "Filter": "(info_type_id > 99)",
                    "Rows Removed by Filter": 229962
                  },
                  {
                    "Node Type": "Hash",
                    "Parent Relationship": "Inner",
                    "Parallel Aware": true,
                    "Startup Cost": 109529.47,
                    "Total Cost": 109529.47,
                    "Plan Rows": 469586,
                    "Plan Width": 8,
                    "Actual Startup Time": 865.925,
                    "Actual Total Time": 865.968,
                    "Actual Rows": 292440,
                    "Actual Loops": 2,
                    "Hash Buckets": 1048576,
                    "Original Hash Buckets": 1048576,
                    "Hash Batches": 1,
                    "Original Hash Batches": 1,
                    "Peak Memory Usage": 31104,
                    "Plans": [
                      {
                        "Node Type": "Hash Join",
                        "Parent Relationship": "Outer",
                        "Parallel Aware": true,
                        "Join Type": "Inner",
                        "Startup Cost": 69509.14,
                        "Total Cost": 109529.47,
                        "Plan Rows": 469586,
                        "Plan Width": 8,
                        "Actual Startup Time": 500.989,
                        "Actual Total Time": 786.736,
                        "Actual Rows": 292440,
                        "Actual Loops": 2,
                        "Inner Unique": true,
                        "Hash Cond": "(mc.movie_id = t.id)",
                        "Plans": [
                          {
                            "Node Type": "Seq Scan",
                            "Parent Relationship": "Outer",
                            "Parallel Aware": true,
                            "Relation Name": "movie_companies",
                            "Alias": "mc",
                            "Startup Cost": 0.0,
                            "Total Cost": 37974.77,
                            "Plan Rows": 779260,
                            "Plan Width": 4,
                            "Actual Startup Time": 53.647,
                            "Actual Total Time": 135.503,
                            "Actual Rows": 667442,
                            "Actual Loops": 2,
                            "Filter": "(company_type_id > 1)",
                            "Rows Removed by Filter": 637123
                          },
                          {
                            "Node Type": "Hash",
                            "Parent Relationship": "Inner",
                            "Parallel Aware": true,
                            "Startup Cost": 58306.47,
                            "Total Cost": 58306.47,
                            "Plan Rows": 896214,
                            "Plan Width": 4,
                            "Actual Startup Time": 437.061,
                            "Actual Total Time": 437.062,
                            "Actual Rows": 753616,
                            "Actual Loops": 2,
                            "Hash Buckets": 2097152,
                            "Original Hash Buckets": 2097152,
                            "Hash Batches": 1,
                            "Original Hash Batches": 1,
                            "Peak Memory Usage": 75360,
                            "Plans": [
                              {
                                "Node Type": "Seq Scan",
                                "Parent Relationship": "Outer",
                                "Parallel Aware": true,
                                "Relation Name": "title",
                                "Alias": "t",
                                "Startup Cost": 0.0,
                                "Total Cost": 58306.47,
                                "Plan Rows": 896214,
                                "Plan Width": 4,
                                "Actual Startup Time": 0.047,
                                "Actual Total Time": 203.795,
                                "Actual Rows": 753616,
                                "Actual Loops": 2,
                                "Filter": "((kind_id > 1) AND (production_year < 2011))",
                                "Rows Removed by Filter": 510540
                              }
                            ]
                          }
                        ]
                      }
                    ]
                  }
                ]
              }
            ]
          }
        ]
      }
    ]
  },
  "Planning Time": 0.965,
  "Triggers": [],
  "Execution Time": 1080.933
}