[
  {
    "Plan": {
      "Node Type": "Aggregate",
      "Strategy": "Plain",
      "Partial Mode": "Finalize",
      "Parallel Aware": false,
      "Startup Cost": 32945.33,
      "Total Cost": 32945.34,
      "Plan Rows": 1,
      "Plan Width": 8,
      "Actual Startup Time": 100.991,
      "Actual Total Time": 107.158,
      "Actual Rows": 1,
      "Actual Loops": 1,
      "Plans": [
        {
          "Node Type": "Gather",
          "Parent Relationship": "Outer",
          "Parallel Aware": false,
          "Startup Cost": 32945.01,
          "Total Cost": 32945.32,
          "Plan Rows": 3,
          "Plan Width": 8,
          "Actual Startup Time": 100.889,
          "Actual Total Time": 107.15,
          "Actual Rows": 4,
          "Actual Loops": 1,
          "Workers Planned": 3,
          "Workers Launched": 3,
          "Single Copy": false,
          "Plans": [
            {
              "Node Type": "Aggregate",
              "Strategy": "Plain",
              "Partial Mode": "Partial",
              "Parent Relationship": "Outer",
              "Parallel Aware": false,
              "Startup Cost": 31945.01,
              "Total Cost": 31945.02,
              "Plan Rows": 1,
              "Plan Width": 8,
              "Actual Startup Time": 92.462,
              "Actual Total Time": 92.463,
              "Actual Rows": 1,
              "Actual Loops": 4,
              "Plans": [
                {
                  "Node Type": "Seq Scan",
                  "Parent Relationship": "Outer",
                  "Parallel Aware": true,
                  "Relation Name": "movie_companies",
                  "Alias": "mc",
                  "Startup Cost": 0.0,
                  "Total Cost": 31414.82,
                  "Plan Rows": 212077,
                  "Plan Width": 0,
                  "Actual Startup Time": 47.996,
                  "Actual Total Time": 82.955,
                  "Actual Rows": 227016,
                  "Actual Loops": 4,
                  "Filter": "((company_id > 11328) AND (company_type_id = 2))",
                  "Rows Removed by Filter": 425266
                }
              ]
            }
          ]
        }
      ]
    },
    "Planning Time": 0.192,
    "Triggers": [],
    "Execution Time": 107.21
  }
]