[
  {
    "Plan": {
      "Node Type": "Aggregate",
      "Strategy": "Plain",
      "Partial Mode": "Finalize",
      "Parallel Aware": false,
      "Startup Cost": 335940.7,
      "Total Cost": 335940.71,
      "Plan Rows": 1,
      "Plan Width": 8,
      "Actual Startup Time": 733.797,
      "Actual Total Time": 794.015,
      "Actual Rows": 1,
      "Actual Loops": 1,
      "Plans": [
        {
          "Node Type": "Gather",
          "Parent Relationship": "Outer",
          "Parallel Aware": false,
          "Startup Cost": 335940.07,
          "Total Cost": 335940.68,
          "Plan Rows": 6,
          "Plan Width": 8,
          "Actual Startup Time": 733.672,
          "Actual Total Time": 794.004,
          "Actual Rows": 7,
          "Actual Loops": 1,
          "Workers Planned": 6,
          "Workers Launched": 6,
          "Single Copy": false,
          "Plans": [
            {
              "Node Type": "Aggregate",
              "Strategy": "Plain",
              "Partial Mode": "Partial",
              "Parent Relationship": "Outer",
              "Parallel Aware": false,
              "Startup Cost": 334940.07,
              "Total Cost": 334940.08,
              "Plan Rows": 1,
              "Plan Width": 8,
              "Actual Startup Time": 724.595,
              "Actual Total Time": 724.596,
              "Actual Rows": 1,
              "Actual Loops": 7,
              "Plans": [
                {
                  "Node Type": "Seq Scan",
                  "Parent Relationship": "Outer",
                  "Parallel Aware": true,
                  "Relation Name": "cast_info",
                  "Alias": "ci",
                  "Startup Cost": 0.0,
                  "Total Cost": 328162.03,
                  "Plan Rows": 2711218,
                  "Plan Width": 0,
                  "Actual Startup Time": 0.055,
                  "Actual Total Time": 613.066,
                  "Actual Rows": 2323985,
                  "Actual Loops": 7,
                  "Filter": "(person_id < 1610785)",
                  "Rows Removed by Filter": 2853778
                }
              ]
            }
          ]
        }
      ]
    },
    "Planning Time": 0.156,
    "Triggers": [],
    "Execution Time": 794.076
  }
]