[
  {
    "Plan": {
      "Node Type": "Aggregate",
      "Strategy": "Plain",
      "Partial Mode": "Finalize",
      "Parallel Aware": false,
      "Startup Cost": 32861.85,
      "Total Cost": 32861.86,
      "Plan Rows": 1,
      "Plan Width": 8,
      "Actual Startup Time": 82.266,
      "Actual Total Time": 90.167,
      "Actual Rows": 1,
      "Actual Loops": 1,
      "Plans": [
        {
          "Node Type": "Gather",
          "Parent Relationship": "Outer",
          "Parallel Aware": false,
          "Startup Cost": 32861.53,
          "Total Cost": 32861.84,
          "Plan Rows": 3,
          "Plan Width": 8,
          "Actual Startup Time": 82.111,
          "Actual Total Time": 90.155,
          "Actual Rows": 4,
          "Actual Loops": 1,
          "Workers Planned": 3,
          "Workers Launched": 3,
          "Single Copy": false,
          "Plans": [
            {
              "Node Type": "Aggregate",
              "Strategy": "Plain",
              "Partial Mode": "Partial",
              "Parent Relationship": "Outer",
              "Parallel Aware": false,
              "Startup Cost": 31861.53,
              "Total Cost": 31861.54,
              "Plan Rows": 1,
              "Plan Width": 8,
              "Actual Startup Time": 78.802,
              "Actual Total Time": 78.803,
              "Actual Rows": 1,
              "Actual Loops": 4,
              "Plans": [
                {
                  "Node Type": "Seq Scan",
                  "Parent Relationship": "Outer",
                  "Parallel Aware": true,
                  "Relation Name": "movie_companies",
                  "Alias": "mc",
                  "Startup Cost": 0.0,
                  "Total Cost": 31414.82,
                  "Plan Rows": 178684,
                  "Plan Width": 0,
                  "Actual Startup Time": 0.017,
                  "Actual Total Time": 69.803,
                  "Actual Rows": 192386,
                  "Actual Loops": 4,
                  "Filter": "((company_id < 8631) AND (company_type_id < 2))",
                  "Rows Removed by Filter": 459896
                }
              ]
            }
          ]
        }
      ]
    },
    "Planning Time": 0.214,
    "Triggers": [],
    "Execution Time": 90.221
  }
]