[
  {
    "Plan": {
      "Node Type": "Aggregate",
      "Strategy": "Plain",
      "Partial Mode": "Finalize",
      "Parallel Aware": false,
      "Startup Cost": 46978.54,
      "Total Cost": 46978.55,
      "Plan Rows": 1,
      "Plan Width": 8,
      "Actual Startup Time": 156.04,
      "Actual Total Time": 165.381,
      "Actual Rows": 1,
      "Actual Loops": 1,
      "Plans": [
        {
          "Node Type": "Gather",
          "Parent Relationship": "Outer",
          "Parallel Aware": false,
          "Startup Cost": 46978.22,
          "Total Cost": 46978.53,
          "Plan Rows": 3,
          "Plan Width": 8,
          "Actual Startup Time": 155.874,
          "Actual Total Time": 165.366,
          "Actual Rows": 4,
          "Actual Loops": 1,
          "Workers Planned": 3,
          "Workers Launched": 3,
          "Single Copy": false,
          "Plans": [
            {
              "Node Type": "Aggregate",
              "Strategy": "Plain",
              "Partial Mode": "Partial",
              "Parent Relationship": "Outer",
              "Parallel Aware": false,
              "Startup Cost": 45978.22,
              "Total Cost": 45978.23,
              "Plan Rows": 1,
              "Plan Width": 8,
              "Actual Startup Time": 152.522,
              "Actual Total Time": 152.524,
              "Actual Rows": 1,
              "Actual Loops": 4,
              "Plans": [
                {
                  "Node Type": "Seq Scan",
                  "Parent Relationship": "Outer",
                  "Parallel Aware": true,
                  "Relation Name": "movie_keyword",
                  "Alias": "mk",
                  "Startup Cost": 0.0,
                  "Total Cost": 42695.65,
                  "Plan Rows": 1313028,
                  "Plan Width": 0,
                  "Actual Startup Time": 0.026,
                  "Actual Total Time": 111.744,
                  "Actual Rows": 1018342,
                  "Actual Loops": 4,
                  "Filter": "(keyword_id < 39381)",
                  "Rows Removed by Filter": 112640
                }
              ]
            }
          ]
        }
      ]
    },
    "Planning Time": 0.086,
    "Triggers": [],
    "Execution Time": 165.412
  }
]