[
    {
        "Bao": {
            "Bao prediction": 874.866,
            "Bao recommended hint": "SET enable_nestloop TO off; "
        }
    },
    {
        "Plan": {
            "Node Type": "Aggregate",
            "Strategy": "Plain",
            "Partial Mode": "Simple",
            "Parallel Aware": false,
            "Startup Cost": 107370.51,
            "Total Cost": 107370.52,
            "Plan Rows": 1,
            "Plan Width": 64,
            "Actual Startup Time": 479.712,
            "Actual Total Time": 509.147,
            "Actual Rows": 1,
            "Actual Loops": 1,
            "Output": [
                "min(mi_idx.info)",
                "min(t.title)"
            ],
            "Plans": [
                {
                    "Node Type": "Gather",
                    "Parent Relationship": "Outer",
                    "Parallel Aware": false,
                    "Startup Cost": 61916.43,
                    "Total Cost": 107370.51,
                    "Plan Rows": 1,
                    "Plan Width": 22,
                    "Actual Startup Time": 339.481,
                    "Actual Total Time": 508.928,
                    "Actual Rows": 761,
                    "Actual Loops": 1,
                    "Output": [
                        "mi_idx.info",
                        "t.title"
                    ],
                    "Workers Planned": 4,
                    "Workers Launched": 4,
                    "Single Copy": false,
                    "Plans": [
                        {
                            "Node Type": "Hash Join",
                            "Parent Relationship": "Outer",
                            "Parallel Aware": true,
                            "Join Type": "Inner",
                            "Startup Cost": 60916.43,
                            "Total Cost": 106370.41,
                            "Plan Rows": 1,
                            "Plan Width": 22,
                            "Actual Startup Time": 316.932,
                            "Actual Total Time": 468.772,
                            "Actual Rows": 152,
                            "Actual Loops": 5,
                            "Output": [
                                "mi_idx.info",
                                "t.title"
                            ],
                            "Inner Unique": false,
                            "Hash Cond": "(t.id = mi_idx.movie_id)",
                            "Workers": [
                                {
                                    "Worker Number": 0,
                                    "Actual Startup Time": 304.889,
                                    "Actual Total Time": 466.103,
                                    "Actual Rows": 152,
                                    "Actual Loops": 1
                                },
                                {
                                    "Worker Number": 1,
                                    "Actual Startup Time": 317.028,
                                    "Actual Total Time": 466.167,
                                    "Actual Rows": 173,
                                    "Actual Loops": 1
                                },
                                {
                                    "Worker Number": 2,
                                    "Actual Startup Time": 311.622,
                                    "Actual Total Time": 466.745,
                                    "Actual Rows": 165,
                                    "Actual Loops": 1
                                },
                                {
                                    "Worker Number": 3,
                                    "Actual Startup Time": 312.649,
                                    "Actual Total Time": 466.995,
                                    "Actual Rows": 127,
                                    "Actual Loops": 1
                                }
                            ],
                            "Plans": [
                                {
                                    "Node Type": "Seq Scan",
                                    "Parent Relationship": "Outer",
                                    "Parallel Aware": true,
                                    "Relation Name": "title",
                                    "Schema": "public",
                                    "Alias": "t",
                                    "Startup Cost": 0.0,
                                    "Total Cost": 43899.32,
                                    "Plan Rows": 414571,
                                    "Plan Width": 21,
                                    "Actual Startup Time": 0.032,
                                    "Actual Total Time": 118.038,
                                    "Actual Rows": 328703,
                                    "Actual Loops": 5,
                                    "Output": [
                                        "t.id",
                                        "t.title",
                                        "t.imdb_index",
                                        "t.kind_id",
                                        "t.production_year",
                                        "t.imdb_id",
                                        "t.phonetic_code",
                                        "t.episode_of_id",
                                        "t.season_nr",
                                        "t.episode_nr",
                                        "t.series_years",
                                        "t.md5sum"
                                    ],
                                    "Filter": "(t.production_year > 1994)",
                                    "Rows Removed by Filter": 176960,
                                    "Workers": [
                                        {
                                            "Worker Number": 0,
                                            "Actual Startup Time": 0.022,
                                            "Actual Total Time": 118.018,
                                            "Actual Rows": 334219,
                                            "Actual Loops": 1
                                        },
                                        {
                                            "Worker Number": 1,
                                            "Actual Startup Time": 0.046,
                                            "Actual Total Time": 118.762,
                                            "Actual Rows": 327020,
                                            "Actual Loops": 1
                                        },
                                        {
                                            "Worker Number": 2,
                                            "Actual Startup Time": 0.034,
                                            "Actual Total Time": 117.681,
                                            "Actual Rows": 336660,
                                            "Actual Loops": 1
                                        },
                                        {
                                            "Worker Number": 3,
                                            "Actual Startup Time": 0.027,
                                            "Actual Total Time": 117.93,
                                            "Actual Rows": 336225,
                                            "Actual Loops": 1
                                        }
                                    ]
                                },
                                {
                                    "Node Type": "Hash",
                                    "Parent Relationship": "Inner",
                                    "Parallel Aware": true,
                                    "Startup Cost": 60916.42,
                                    "Total Cost": 60916.42,
                                    "Plan Rows": 1,
                                    "Plan Width": 13,
                                    "Actual Startup Time": 305.28,
                                    "Actual Total Time": 305.29,
                                    "Actual Rows": 284,
                                    "Actual Loops": 5,
                                    "Output": [
                                        "mi_idx.info",
                                        "mi_idx.movie_id",
                                        "mk.movie_id"
                                    ],
                                    "Hash Buckets": 1024,
                                    "Original Hash Buckets": 1024,
                                    "Hash Batches": 1,
                                    "Original Hash Batches": 1,
                                    "Peak Memory Usage": 168,
                                    "Workers": [
                                        {
                                            "Worker Number": 0,
                                            "Actual Startup Time": 303.102,
                                            "Actual Total Time": 303.11,
                                            "Actual Rows": 286,
                                            "Actual Loops": 1
                                        },
                                        {
                                            "Worker Number": 1,
                                            "Actual Startup Time": 303.145,
                                            "Actual Total Time": 303.155,
                                            "Actual Rows": 253,
                                            "Actual Loops": 1
                                        },
                                        {
                                            "Worker Number": 2,
                                            "Actual Startup Time": 303.793,
                                            "Actual Total Time": 303.801,
                                            "Actual Rows": 273,
                                            "Actual Loops": 1
                                        },
                                        {
                                            "Worker Number": 3,
                                            "Actual Startup Time": 304.005,
                                            "Actual Total Time": 304.013,
                                            "Actual Rows": 323,
                                            "Actual Loops": 1
                                        }
                                    ],
                                    "Plans": [
                                        {
                                            "Node Type": "Hash Join",
                                            "Parent Relationship": "Outer",
                                            "Parallel Aware": true,
                                            "Join Type": "Inner",
                                            "Startup Cost": 45508.67,
                                            "Total Cost": 60916.42,
                                            "Plan Rows": 1,
                                            "Plan Width": 13,
                                            "Actual Startup Time": 251.895,
                                            "Actual Total Time": 304.904,
                                            "Actual Rows": 284,
                                            "Actual Loops": 5,
                                            "Output": [
                                                "mi_idx.info",
                                                "mi_idx.movie_id",
                                                "mk.movie_id"
                                            ],
                                            "Inner Unique": false,
                                            "Hash Cond": "(mi_idx.movie_id = mk.movie_id)",
                                            "Workers": [
                                                {
                                                    "Worker Number": 0,
                                                    "Actual Startup Time": 248.404,
                                                    "Actual Total Time": 302.835,
                                                    "Actual Rows": 286,
                                                    "Actual Loops": 1
                                                },
                                                {
                                                    "Worker Number": 1,
                                                    "Actual Startup Time": 250.721,
                                                    "Actual Total Time": 302.365,
                                                    "Actual Rows": 253,
                                                    "Actual Loops": 1
                                                },
                                                {
                                                    "Worker Number": 2,
                                                    "Actual Startup Time": 250.344,
                                                    "Actual Total Time": 303.519,
                                                    "Actual Rows": 273,
                                                    "Actual Loops": 1
                                                },
                                                {
                                                    "Worker Number": 3,
                                                    "Actual Startup Time": 252.133,
                                                    "Actual Total Time": 303.72,
                                                    "Actual Rows": 323,
                                                    "Actual Loops": 1
                                                }
                                            ],
                                            "Plans": [
                                                {
                                                    "Node Type": "Hash Join",
                                                    "Parent Relationship": "Outer",
                                                    "Parallel Aware": false,
                                                    "Join Type": "Inner",
                                                    "Startup Cost": 2.43,
                                                    "Total Cost": 15406.74,
                                                    "Plan Rows": 915,
                                                    "Plan Width": 9,
                                                    "Actual Startup Time": 0.145,
                                                    "Actual Total Time": 49.828,
                                                    "Actual Rows": 27162,
                                                    "Actual Loops": 5,
                                                    "Output": [
                                                        "mi_idx.info",
                                                        "mi_idx.movie_id"
                                                    ],
                                                    "Inner Unique": true,
                                                    "Hash Cond": "(mi_idx.info_type_id = it.id)",
                                                    "Workers": [
                                                        {
                                                            "Worker Number": 0,
                                                            "Actual Startup Time": 0.154,
                                                            "Actual Total Time": 49.959,
                                                            "Actual Rows": 26433,
                                                            "Actual Loops": 1
                                                        },
                                                        {
                                                            "Worker Number": 1,
                                                            "Actual Startup Time": 0.158,
                                                            "Actual Total Time": 49.372,
                                                            "Actual Rows": 25768,
                                                            "Actual Loops": 1
                                                        },
                                                        {
                                                            "Worker Number": 2,
                                                            "Actual Startup Time": 0.139,
                                                            "Actual Total Time": 49.891,
                                                            "Actual Rows": 26392,
                                                            "Actual Loops": 1
                                                        },
                                                        {
                                                            "Worker Number": 3,
                                                            "Actual Startup Time": 0.164,
                                                            "Actual Total Time": 49.893,
                                                            "Actual Rows": 26961,
                                                            "Actual Loops": 1
                                                        }
                                                    ],
                                                    "Plans": [
                                                        {
                                                            "Node Type": "Seq Scan",
                                                            "Parent Relationship": "Outer",
                                                            "Parallel Aware": true,
                                                            "Relation Name": "movie_info_idx",
                                                            "Schema": "public",
                                                            "Alias": "mi_idx",
                                                            "Startup Cost": 0.0,
                                                            "Total Cost": 15122.68,
                                                            "Plan Rows": 103410,
                                                            "Plan Width": 13,
                                                            "Actual Startup Time": 0.035,
                                                            "Actual Total Time": 42.31,
                                                            "Actual Rows": 49832,
                                                            "Actual Loops": 5,
                                                            "Output": [
                                                                "mi_idx.id",
                                                                "mi_idx.movie_id",
                                                                "mi_idx.info_type_id",
                                                                "mi_idx.info",
                                                                "mi_idx.note"
                                                            ],
                                                            "Filter": "(mi_idx.info > '6.9'::text)",
                                                            "Rows Removed by Filter": 226175,
                                                            "Workers": [
                                                                {
                                                                    "Worker Number": 0,
                                                                    "Actual Startup Time": 0.039,
                                                                    "Actual Total Time": 42.397,
                                                                    "Actual Rows": 49078,
                                                                    "Actual Loops": 1
                                                                },
                                                                {
                                                                    "Worker Number": 1,
                                                                    "Actual Startup Time": 0.036,
                                                                    "Actual Total Time": 42.051,
                                                                    "Actual Rows": 47193,
                                                                    "Actual Loops": 1
                                                                },
                                                                {
                                                                    "Worker Number": 2,
                                                                    "Actual Startup Time": 0.037,
                                                                    "Actual Total Time": 42.395,
                                                                    "Actual Rows": 48736,
                                                                    "Actual Loops": 1
                                                                },
                                                                {
                                                                    "Worker Number": 3,
                                                                    "Actual Startup Time": 0.045,
                                                                    "Actual Total Time": 42.29,
                                                                    "Actual Rows": 49621,
                                                                    "Actual Loops": 1
                                                                }
                                                            ]
                                                        },
                                                        {
                                                            "Node Type": "Hash",
                                                            "Parent Relationship": "Inner",
                                                            "Parallel Aware": false,
                                                            "Startup Cost": 2.41,
                                                            "Total Cost": 2.41,
                                                            "Plan Rows": 1,
                                                            "Plan Width": 4,
                                                            "Actual Startup Time": 0.06,
                                                            "Actual Total Time": 0.061,
                                                            "Actual Rows": 1,
                                                            "Actual Loops": 5,
                                                            "Output": [
                                                                "it.id"
                                                            ],
                                                            "Hash Buckets": 1024,
                                                            "Original Hash Buckets": 1024,
                                                            "Hash Batches": 1,
                                                            "Original Hash Batches": 1,
                                                            "Peak Memory Usage": 9,
                                                            "Workers": [
                                                                {
                                                                    "Worker Number": 0,
                                                                    "Actual Startup Time": 0.065,
                                                                    "Actual Total Time": 0.066,
                                                                    "Actual Rows": 1,
                                                                    "Actual Loops": 1
                                                                },
                                                                {
                                                                    "Worker Number": 1,
                                                                    "Actual Startup Time": 0.072,
                                                                    "Actual Total Time": 0.074,
                                                                    "Actual Rows": 1,
                                                                    "Actual Loops": 1
                                                                },
                                                                {
                                                                    "Worker Number": 2,
                                                                    "Actual Startup Time": 0.053,
                                                                    "Actual Total Time": 0.054,
                                                                    "Actual Rows": 1,
                                                                    "Actual Loops": 1
                                                                },
                                                                {
                                                                    "Worker Number": 3,
                                                                    "Actual Startup Time": 0.068,
                                                                    "Actual Total Time": 0.069,
                                                                    "Actual Rows": 1,
                                                                    "Actual Loops": 1
                                                                }
                                                            ],
                                                            "Plans": [
                                                                {
                                                                    "Node Type": "Seq Scan",
                                                                    "Parent Relationship": "Outer",
                                                                    "Parallel Aware": false,
                                                                    "Relation Name": "info_type",
                                                                    "Schema": "public",
                                                                    "Alias": "it",
                                                                    "Startup Cost": 0.0,
                                                                    "Total Cost": 2.41,
                                                                    "Plan Rows": 1,
                                                                    "Plan Width": 4,
                                                                    "Actual Startup Time": 0.05,
                                                                    "Actual Total Time": 0.053,
                                                                    "Actual Rows": 1,
                                                                    "Actual Loops": 5,
                                                                    "Output": [
                                                                        "it.id"
                                                                    ],
                                                                    "Filter": "((it.info)::text = 'rating'::text)",
                                                                    "Rows Removed by Filter": 112,
                                                                    "Workers": [
                                                                        {
                                                                            "Worker Number": 0,
                                                                            "Actual Startup Time": 0.056,
                                                                            "Actual Total Time": 0.059,
                                                                            "Actual Rows": 1,
                                                                            "Actual Loops": 1
                                                                        },
                                                                        {
                                                                            "Worker Number": 1,
                                                                            "Actual Startup Time": 0.063,
                                                                            "Actual Total Time": 0.066,
                                                                            "Actual Rows": 1,
                                                                            "Actual Loops": 1
                                                                        },
                                                                        {
                                                                            "Worker Number": 2,
                                                                            "Actual Startup Time": 0.044,
                                                                            "Actual Total Time": 0.047,
                                                                            "Actual Rows": 1,
                                                                            "Actual Loops": 1
                                                                        },
                                                                        {
                                                                            "Worker Number": 3,
                                                                            "Actual Startup Time": 0.061,
                                                                            "Actual Total Time": 0.063,
                                                                            "Actual Rows": 1,
                                                                            "Actual Loops": 1
                                                                        }
                                                                    ]
                                                                }
                                                            ]
                                                        }
                                                    ]
                                                },
                                                {
                                                    "Node Type": "Hash",
                                                    "Parent Relationship": "Inner",
                                                    "Parallel Aware": true,
                                                    "Startup Cost": 45504.48,
                                                    "Total Cost": 45504.48,
                                                    "Plan Rows": 141,
                                                    "Plan Width": 4,
                                                    "Actual Startup Time": 250.048,
                                                    "Actual Total Time": 250.051,
                                                    "Actual Rows": 2590,
                                                    "Actual Loops": 5,
                                                    "Output": [
                                                        "mk.movie_id"
                                                    ],
                                                    "Hash Buckets": 16384,
                                                    "Original Hash Buckets": 1024,
                                                    "Hash Batches": 1,
                                                    "Original Hash Batches": 1,
                                                    "Peak Memory Usage": 888,
                                                    "Workers": [
                                                        {
                                                            "Worker Number": 0,
                                                            "Actual Startup Time": 247.872,
                                                            "Actual Total Time": 247.875,
                                                            "Actual Rows": 2629,
                                                            "Actual Loops": 1
                                                        },
                                                        {
                                                            "Worker Number": 1,
                                                            "Actual Startup Time": 247.916,
                                                            "Actual Total Time": 247.92,
                                                            "Actual Rows": 1756,
                                                            "Actual Loops": 1
                                                        },
                                                        {
                                                            "Worker Number": 2,
                                                            "Actual Startup Time": 248.569,
                                                            "Actual Total Time": 248.572,
                                                            "Actual Rows": 2554,
                                                            "Actual Loops": 1
                                                        },
                                                        {
                                                            "Worker Number": 3,
                                                            "Actual Startup Time": 248.781,
                                                            "Actual Total Time": 248.783,
                                                            "Actual Rows": 2565,
                                                            "Actual Loops": 1
                                                        }
                                                    ],
                                                    "Plans": [
                                                        {
                                                            "Node Type": "Hash Join",
                                                            "Parent Relationship": "Outer",
                                                            "Parallel Aware": false,
                                                            "Join Type": "Inner",
                                                            "Startup Cost": 2626.29,
                                                            "Total Cost": 45504.48,
                                                            "Plan Rows": 141,
                                                            "Plan Width": 4,
                                                            "Actual Startup Time": 35.21,
                                                            "Actual Total Time": 217.497,
                                                            "Actual Rows": 2590,
                                                            "Actual Loops": 5,
                                                            "Output": [
                                                                "mk.movie_id"
                                                            ],
                                                            "Inner Unique": true,
                                                            "Hash Cond": "(mk.keyword_id = k.id)",
                                                            "Workers": [
                                                                {
                                                                    "Worker Number": 0,
                                                                    "Actual Startup Time": 37.988,
                                                                    "Actual Total Time": 232.187,
                                                                    "Actual Rows": 2629,
                                                                    "Actual Loops": 1
                                                                },
                                                                {
                                                                    "Worker Number": 1,
                                                                    "Actual Startup Time": 35.01,
                                                                    "Actual Total Time": 184.026,
                                                                    "Actual Rows": 1756,
                                                                    "Actual Loops": 1
                                                                },
                                                                {
                                                                    "Worker Number": 2,
                                                                    "Actual Startup Time": 36.207,
                                                                    "Actual Total Time": 222.358,
                                                                    "Actual Rows": 2554,
                                                                    "Actual Loops": 1
                                                                },
                                                                {
                                                                    "Worker Number": 3,
                                                                    "Actual Startup Time": 37.01,
                                                                    "Actual Total Time": 227.413,
                                                                    "Actual Rows": 2565,
                                                                    "Actual Loops": 1
                                                                }
                                                            ],
                                                            "Plans": [
                                                                {
                                                                    "Node Type": "Seq Scan",
                                                                    "Parent Relationship": "Outer",
                                                                    "Parallel Aware": true,
                                                                    "Relation Name": "movie_keyword",
                                                                    "Schema": "public",
                                                                    "Alias": "mk",
                                                                    "Startup Cost": 0.0,
                                                                    "Total Cost": 39047.32,
                                                                    "Plan Rows": 1459332,
                                                                    "Plan Width": 8,
                                                                    "Actual Startup Time": 0.056,
                                                                    "Actual Total Time": 99.912,
                                                                    "Actual Rows": 904786,
                                                                    "Actual Loops": 5,
                                                                    "Output": [
                                                                        "mk.id",
                                                                        "mk.movie_id",
                                                                        "mk.keyword_id"
                                                                    ],
                                                                    "Workers": [
                                                                        {
                                                                            "Worker Number": 0,
                                                                            "Actual Startup Time": 0.07,
                                                                            "Actual Total Time": 106.848,
                                                                            "Actual Rows": 900950,
                                                                            "Actual Loops": 1
                                                                        },
                                                                        {
                                                                            "Worker Number": 1,
                                                                            "Actual Startup Time": 0.069,
                                                                            "Actual Total Time": 81.735,
                                                                            "Actual Rows": 595515,
                                                                            "Actual Loops": 1
                                                                        },
                                                                        {
                                                                            "Worker Number": 2,
                                                                            "Actual Startup Time": 0.066,
                                                                            "Actual Total Time": 101.3,
                                                                            "Actual Rows": 854145,
                                                                            "Actual Loops": 1
                                                                        },
                                                                        {
                                                                            "Worker Number": 3,
                                                                            "Actual Startup Time": 0.063,
                                                                            "Actual Total Time": 103.709,
                                                                            "Actual Rows": 875730,
                                                                            "Actual Loops": 1
                                                                        }
                                                                    ]
                                                                },
                                                                {
                                                                    "Node Type": "Hash",
                                                                    "Parent Relationship": "Inner",
                                                                    "Parallel Aware": false,
                                                                    "Startup Cost": 2626.12,
                                                                    "Total Cost": 2626.12,
                                                                    "Plan Rows": 13,
                                                                    "Plan Width": 4,
                                                                    "Actual Startup Time": 34.309,
                                                                    "Actual Total Time": 34.31,
                                                                    "Actual Rows": 30,
                                                                    "Actual Loops": 5,
                                                                    "Output": [
                                                                        "k.id"
                                                                    ],
                                                                    "Hash Buckets": 1024,
                                                                    "Original Hash Buckets": 1024,
                                                                    "Hash Batches": 1,
                                                                    "Original Hash Batches": 1,
                                                                    "Peak Memory Usage": 10,
                                                                    "Workers": [
                                                                        {
                                                                            "Worker Number": 0,
                                                                            "Actual Startup Time": 35.36,
                                                                            "Actual Total Time": 35.361,
                                                                            "Actual Rows": 30,
                                                                            "Actual Loops": 1
                                                                        },
                                                                        {
                                                                            "Worker Number": 1,
                                                                            "Actual Startup Time": 34.877,
                                                                            "Actual Total Time": 34.878,
                                                                            "Actual Rows": 30,
                                                                            "Actual Loops": 1
                                                                        },
                                                                        {
                                                                            "Worker Number": 2,
                                                                            "Actual Startup Time": 35.419,
                                                                            "Actual Total Time": 35.42,
                                                                            "Actual Rows": 30,
                                                                            "Actual Loops": 1
                                                                        },
                                                                        {
                                                                            "Worker Number": 3,
                                                                            "Actual Startup Time": 36.285,
                                                                            "Actual Total Time": 36.286,
                                                                            "Actual Rows": 30,
                                                                            "Actual Loops": 1
                                                                        }
                                                                    ],
                                                                    "Plans": [
                                                                        {
                                                                            "Node Type": "Seq Scan",
                                                                            "Parent Relationship": "Outer",
                                                                            "Parallel Aware": false,
                                                                            "Relation Name": "keyword",
                                                                            "Schema": "public",
                                                                            "Alias": "k",
                                                                            "Startup Cost": 0.0,
                                                                            "Total Cost": 2626.12,
                                                                            "Plan Rows": 13,
                                                                            "Plan Width": 4,
                                                                            "Actual Startup Time": 3.465,
                                                                            "Actual Total Time": 34.254,
                                                                            "Actual Rows": 30,
                                                                            "Actual Loops": 5,
                                                                            "Output": [
                                                                                "k.id"
                                                                            ],
                                                                            "Filter": "(k.keyword ~~ '%sequel%'::text)",
                                                                            "Rows Removed by Filter": 134140,
                                                                            "Workers": [
                                                                                {
                                                                                    "Worker Number": 0,
                                                                                    "Actual Startup Time": 3.864,
                                                                                    "Actual Total Time": 35.293,
                                                                                    "Actual Rows": 30,
                                                                                    "Actual Loops": 1
                                                                                },
                                                                                {
                                                                                    "Worker Number": 1,
                                                                                    "Actual Startup Time": 3.882,
                                                                                    "Actual Total Time": 34.821,
                                                                                    "Actual Rows": 30,
                                                                                    "Actual Loops": 1
                                                                                },
                                                                                {
                                                                                    "Worker Number": 2,
                                                                                    "Actual Startup Time": 3.819,
                                                                                    "Actual Total Time": 35.364,
                                                                                    "Actual Rows": 30,
                                                                                    "Actual Loops": 1
                                                                                },
                                                                                {
                                                                                    "Worker Number": 3,
                                                                                    "Actual Startup Time": 3.506,
                                                                                    "Actual Total Time": 36.222,
                                                                                    "Actual Rows": 30,
                                                                                    "Actual Loops": 1
                                                                                }
                                                                            ]
                                                                        }
                                                                    ]
                                                                }
                                                            ]
                                                        }
                                                    ]
                                                }
                                            ]
                                        }
                                    ]
                                }
                            ]
                        }
                    ]
                }
            ]
        },
        "Planning Time": 226.183,
        "Triggers": [],
        "Execution Time": 509.618
    }
]