[
    {
        "Bao": {
            "Bao prediction": "NaN",
            "Bao recommended hint": "(no hint)"
        }
    },
    {
        "Plan": {
            "Node Type": "Aggregate",
            "Strategy": "Plain",
            "Partial Mode": "Finalize",
            "Parallel Aware": false,
            "Startup Cost": 216248.78,
            "Total Cost": 216248.79,
            "Plan Rows": 1,
            "Plan Width": 8,
            "Actual Startup Time": 186.568,
            "Actual Total Time": 194.611,
            "Actual Rows": 1,
            "Actual Loops": 1,
            "Output": [
                "count(*)"
            ],
            "Plans": [
                {
                    "Node Type": "Gather",
                    "Parent Relationship": "Outer",
                    "Parallel Aware": false,
                    "Startup Cost": 216248.25,
                    "Total Cost": 216248.76,
                    "Plan Rows": 5,
                    "Plan Width": 8,
                    "Actual Startup Time": 178.989,
                    "Actual Total Time": 194.603,
                    "Actual Rows": 6,
                    "Actual Loops": 1,
                    "Output": [
                        "(PARTIAL count(*))"
                    ],
                    "Workers Planned": 5,
                    "Workers Launched": 5,
                    "Single Copy": false,
                    "Plans": [
                        {
                            "Node Type": "Aggregate",
                            "Strategy": "Plain",
                            "Partial Mode": "Partial",
                            "Parent Relationship": "Outer",
                            "Parallel Aware": false,
                            "Startup Cost": 215248.25,
                            "Total Cost": 215248.26,
                            "Plan Rows": 1,
                            "Plan Width": 8,
                            "Actual Startup Time": 168.913,
                            "Actual Total Time": 168.916,
                            "Actual Rows": 1,
                            "Actual Loops": 6,
                            "Output": [
                                "PARTIAL count(*)"
                            ],
                            "Workers": [
                                {
                                    "Worker Number": 0,
                                    "Actual Startup Time": 166.093,
                                    "Actual Total Time": 166.097,
                                    "Actual Rows": 1,
                                    "Actual Loops": 1
                                },
                                {
                                    "Worker Number": 1,
                                    "Actual Startup Time": 166.292,
                                    "Actual Total Time": 166.295,
                                    "Actual Rows": 1,
                                    "Actual Loops": 1
                                },
                                {
                                    "Worker Number": 2,
                                    "Actual Startup Time": 167.087,
                                    "Actual Total Time": 167.091,
                                    "Actual Rows": 1,
                                    "Actual Loops": 1
                                },
                                {
                                    "Worker Number": 3,
                                    "Actual Startup Time": 167.385,
                                    "Actual Total Time": 167.388,
                                    "Actual Rows": 1,
                                    "Actual Loops": 1
                                },
                                {
                                    "Worker Number": 4,
                                    "Actual Startup Time": 168.008,
                                    "Actual Total Time": 168.01,
                                    "Actual Rows": 1,
                                    "Actual Loops": 1
                                }
                            ],
                            "Plans": [
                                {
                                    "Node Type": "Hash Join",
                                    "Parent Relationship": "Outer",
                                    "Parallel Aware": true,
                                    "Join Type": "Inner",
                                    "Startup Cost": 52178.95,
                                    "Total Cost": 215203.0,
                                    "Plan Rows": 18101,
                                    "Plan Width": 0,
                                    "Actual Startup Time": 135.224,
                                    "Actual Total Time": 166.736,
                                    "Actual Rows": 41411,
                                    "Actual Loops": 6,
                                    "Inner Unique": true,
                                    "Hash Cond": "(mi.movie_id = t.id)",
                                    "Workers": [
                                        {
                                            "Worker Number": 0,
                                            "Actual Startup Time": 134.16,
                                            "Actual Total Time": 164.009,
                                            "Actual Rows": 44742,
                                            "Actual Loops": 1
                                        },
                                        {
                                            "Worker Number": 1,
                                            "Actual Startup Time": 134.545,
                                            "Actual Total Time": 164.025,
                                            "Actual Rows": 38060,
                                            "Actual Loops": 1
                                        },
                                        {
                                            "Worker Number": 2,
                                            "Actual Startup Time": 131.774,
                                            "Actual Total Time": 164.94,
                                            "Actual Rows": 39504,
                                            "Actual Loops": 1
                                        },
                                        {
                                            "Worker Number": 3,
                                            "Actual Startup Time": 128.351,
                                            "Actual Total Time": 165.279,
                                            "Actual Rows": 39117,
                                            "Actual Loops": 1
                                        },
                                        {
                                            "Worker Number": 4,
                                            "Actual Startup Time": 135.831,
                                            "Actual Total Time": 165.9,
                                            "Actual Rows": 39106,
                                            "Actual Loops": 1
                                        }
                                    ],
                                    "Plans": [
                                        {
                                            "Node Type": "Bitmap Heap Scan",
                                            "Parent Relationship": "Outer",
                                            "Parallel Aware": true,
                                            "Relation Name": "movie_info",
                                            "Schema": "public",
                                            "Alias": "mi",
                                            "Startup Cost": 6181.97,
                                            "Total Cost": 169027.08,
                                            "Plan Rows": 68169,
                                            "Plan Width": 4,
                                            "Actual Startup Time": 19.329,
                                            "Actual Total Time": 40.18,
                                            "Actual Rows": 61370,
                                            "Actual Loops": 6,
                                            "Output": [
                                                "mi.id",
                                                "mi.movie_id",
                                                "mi.info_type_id",
                                                "mi.info",
                                                "mi.note"
                                            ],
                                            "Recheck Cond": "(mi.info_type_id = 17)",
                                            "Rows Removed by Index Recheck": 0,
                                            "Exact Heap Blocks": 2078,
                                            "Lossy Heap Blocks": 0,
                                            "Workers": [
                                                {
                                                    "Worker Number": 0,
                                                    "Actual Startup Time": 19.136,
                                                    "Actual Total Time": 40.451,
                                                    "Actual Rows": 71904,
                                                    "Actual Loops": 1
                                                },
                                                {
                                                    "Worker Number": 1,
                                                    "Actual Startup Time": 19.356,
                                                    "Actual Total Time": 40.427,
                                                    "Actual Rows": 55134,
                                                    "Actual Loops": 1
                                                },
                                                {
                                                    "Worker Number": 2,
                                                    "Actual Startup Time": 19.327,
                                                    "Actual Total Time": 41.058,
                                                    "Actual Rows": 57058,
                                                    "Actual Loops": 1
                                                },
                                                {
                                                    "Worker Number": 3,
                                                    "Actual Startup Time": 19.289,
                                                    "Actual Total Time": 41.021,
                                                    "Actual Rows": 56894,
                                                    "Actual Loops": 1
                                                },
                                                {
                                                    "Worker Number": 4,
                                                    "Actual Startup Time": 19.283,
                                                    "Actual Total Time": 41.063,
                                                    "Actual Rows": 56897,
                                                    "Actual Loops": 1
                                                }
                                            ],
                                            "Plans": [
                                                {
                                                    "Node Type": "Bitmap Index Scan",
                                                    "Parent Relationship": "Outer",
                                                    "Parallel Aware": false,
                                                    "Index Name": "info_type_id_movie_info",
                                                    "Startup Cost": 0.0,
                                                    "Total Cost": 6096.76,
                                                    "Plan Rows": 340843,
                                                    "Plan Width": 0,
                                                    "Actual Startup Time": 17.614,
                                                    "Actual Total Time": 17.615,
                                                    "Actual Rows": 368218,
                                                    "Actual Loops": 1,
                                                    "Index Cond": "(mi.info_type_id = 17)",
                                                    "Workers": [
                                                        {
                                                            "Worker Number": 0,
                                                            "Actual Startup Time": 17.614,
                                                            "Actual Total Time": 17.615,
                                                            "Actual Rows": 368218,
                                                            "Actual Loops": 1
                                                        }
                                                    ]
                                                }
                                            ]
                                        },
                                        {
                                            "Node Type": "Hash",
                                            "Parent Relationship": "Inner",
                                            "Parallel Aware": true,
                                            "Startup Cost": 43899.01,
                                            "Total Cost": 43899.01,
                                            "Plan Rows": 167838,
                                            "Plan Width": 4,
                                            "Actual Startup Time": 107.582,
                                            "Actual Total Time": 107.583,
                                            "Actual Rows": 110471,
                                            "Actual Loops": 6,
                                            "Output": [
                                                "t.id"
                                            ],
                                            "Hash Buckets": 1048576,
                                            "Original Hash Buckets": 1048576,
                                            "Hash Batches": 1,
                                            "Original Hash Batches": 1,
                                            "Peak Memory Usage": 34208,
                                            "Workers": [
                                                {
                                                    "Worker Number": 0,
                                                    "Actual Startup Time": 106.699,
                                                    "Actual Total Time": 106.7,
                                                    "Actual Rows": 105789,
                                                    "Actual Loops": 1
                                                },
                                                {
                                                    "Worker Number": 1,
                                                    "Actual Startup Time": 106.914,
                                                    "Actual Total Time": 106.915,
                                                    "Actual Rows": 107440,
                                                    "Actual Loops": 1
                                                },
                                                {
                                                    "Worker Number": 2,
                                                    "Actual Startup Time": 107.696,
                                                    "Actual Total Time": 107.697,
                                                    "Actual Rows": 106226,
                                                    "Actual Loops": 1
                                                },
                                                {
                                                    "Worker Number": 3,
                                                    "Actual Startup Time": 108.044,
                                                    "Actual Total Time": 108.044,
                                                    "Actual Rows": 106990,
                                                    "Actual Loops": 1
                                                },
                                                {
                                                    "Worker Number": 4,
                                                    "Actual Startup Time": 108.246,
                                                    "Actual Total Time": 108.247,
                                                    "Actual Rows": 107828,
                                                    "Actual Loops": 1
                                                }
                                            ],
                                            "Plans": [
                                                {
                                                    "Node Type": "Seq Scan",
                                                    "Parent Relationship": "Outer",
                                                    "Parallel Aware": true,
                                                    "Relation Name": "title",
                                                    "Schema": "public",
                                                    "Alias": "t",
                                                    "Startup Cost": 0.0,
                                                    "Total Cost": 43899.01,
                                                    "Plan Rows": 167838,
                                                    "Plan Width": 4,
                                                    "Actual Startup Time": 37.644,
                                                    "Actual Total Time": 73.036,
                                                    "Actual Rows": 110471,
                                                    "Actual Loops": 6,
                                                    "Output": [
                                                        "t.id"
                                                    ],
                                                    "Filter": "(t.kind_id < 2)",
                                                    "Rows Removed by Filter": 310914,
                                                    "Workers": [
                                                        {
                                                            "Worker Number": 0,
                                                            "Actual Startup Time": 3.606,
                                                            "Actual Total Time": 72.827,
                                                            "Actual Rows": 105789,
                                                            "Actual Loops": 1
                                                        },
                                                        {
                                                            "Worker Number": 1,
                                                            "Actual Startup Time": 43.812,
                                                            "Actual Total Time": 73.2,
                                                            "Actual Rows": 107440,
                                                            "Actual Loops": 1
                                                        },
                                                        {
                                                            "Worker Number": 2,
                                                            "Actual Startup Time": 44.551,
                                                            "Actual Total Time": 73.898,
                                                            "Actual Rows": 106226,
                                                            "Actual Loops": 1
                                                        },
                                                        {
                                                            "Worker Number": 3,
                                                            "Actual Startup Time": 44.593,
                                                            "Actual Total Time": 74.005,
                                                            "Actual Rows": 106990,
                                                            "Actual Loops": 1
                                                        },
                                                        {
                                                            "Worker Number": 4,
                                                            "Actual Startup Time": 44.62,
                                                            "Actual Total Time": 74.122,
                                                            "Actual Rows": 107828,
                                                            "Actual Loops": 1
                                                        }
                                                    ]
                                                }
                                            ]
                                        }
                                    ]
                                }
                            ]
                        }
                    ]
                }
            ]
        },
        "Planning Time": 248.482,
        "Triggers": [],
        "Execution Time": 194.674
    }
]