[
  {
    "Plan": {
      "Node Type": "Aggregate",
      "Strategy": "Plain",
      "Partial Mode": "Simple",
      "Parallel Aware": false,
      "Startup Cost": 3788.52,
      "Total Cost": 3788.53,
      "Plan Rows": 1,
      "Plan Width": 96,
      "Actual Startup Time": 97.57,
      "Actual Total Time": 97.576,
      "Actual Rows": 1,
      "Actual Loops": 1,
      "Plans": [
        {
          "Node Type": "Nested Loop",
          "Parent Relationship": "Outer",
          "Parallel Aware": false,
          "Join Type": "Inner",
          "Startup Cost": 12.82,
          "Total Cost": 3788.51,
          "Plan Rows": 1,
          "Plan Width": 48,
          "Actual Startup Time": 6.17,
          "Actual Total Time": 97.55,
          "Actual Rows": 38,
          "Actual Loops": 1,
          "Inner Unique": true,
          "Join Filter": "(ml.movie_id = t.id)",
          "Rows Removed by Join Filter": 0,
          "Plans": [
            {
              "Node Type": "Nested Loop",
              "Parent Relationship": "Outer",
              "Parallel Aware": false,
              "Join Type": "Inner",
              "Startup Cost": 12.39,
              "Total Cost": 3788.01,
              "Plan Rows": 1,
              "Plan Width": 47,
              "Actual Startup Time": 6.096,
              "Actual Total Time": 97.376,
              "Actual Rows": 38,
              "Actual Loops": 1,
              "Inner Unique": true,
              "Join Filter": "(mc.company_type_id = ct.id)",
              "Rows Removed by Join Filter": 0,
              "Plans": [
                {
                  "Node Type": "Nested Loop",
                  "Parent Relationship": "Outer",
                  "Parallel Aware": false,
                  "Join Type": "Inner",
                  "Startup Cost": 12.39,
                  "Total Cost": 3786.95,
                  "Plan Rows": 1,
                  "Plan Width": 51,
                  "Actual Startup Time": 6.09,
                  "Actual Total Time": 97.26,
                  "Actual Rows": 38,
                  "Actual Loops": 1,
                  "Inner Unique": true,
                  "Plans": [
                    {
                      "Node Type": "Nested Loop",
                      "Parent Relationship": "Outer",
                      "Parallel Aware": false,
                      "Join Type": "Inner",
                      "Startup Cost": 11.97,
                      "Total Cost": 3786.49,
                      "Plan Rows": 1,
                      "Plan Width": 36,
                      "Actual Startup Time": 5.981,
                      "Actual Total Time": 96.775,
                      "Actual Rows": 133,
                      "Actual Loops": 1,
                      "Inner Unique": false,
                      "Join Filter": "(ml.movie_id = mc.movie_id)",
                      "Rows Removed by Join Filter": 0,
                      "Plans": [
                        {
                          "Node Type": "Nested Loop",
                          "Parent Relationship": "Outer",
                          "Parallel Aware": false,
                          "Join Type": "Inner",
                          "Startup Cost": 11.54,
                          "Total Cost": 3785.91,
                          "Plan Rows": 1,
                          "Plan Width": 24,
                          "Actual Startup Time": 5.903,
                          "Actual Total Time": 96.598,
                          "Actual Rows": 19,
                          "Actual Loops": 1,
                          "Inner Unique": false,
                          "Join Filter": "(ml.movie_id = mi.movie_id)",
                          "Rows Removed by Join Filter": 0,
                          "Plans": [
                            {
                              "Node Type": "Nested Loop",
                              "Parent Relationship": "Outer",
                              "Parallel Aware": false,
                              "Join Type": "Inner",
                              "Startup Cost": 11.11,
                              "Total Cost": 3784.49,
                              "Plan Rows": 1,
                              "Plan Width": 20,
                              "Actual Startup Time": 3.135,
                              "Actual Total Time": 92.028,
                              "Actual Rows": 199,
                              "Actual Loops": 1,
                              "Inner Unique": false,
                              "Join Filter": "(ml.link_type_id = lt.id)",
                              "Rows Removed by Join Filter": 303,
                              "Plans": [
                                {
                                  "Node Type": "Seq Scan",
                                  "Parent Relationship": "Outer",
                                  "Parallel Aware": false,
                                  "Relation Name": "link_type",
                                  "Alias": "lt",
                                  "Startup Cost": 0.0,
                                  "Total Cost": 1.23,
                                  "Plan Rows": 1,
                                  "Plan Width": 16,
                                  "Actual Startup Time": 0.009,
                                  "Actual Total Time": 0.014,
                                  "Actual Rows": 2,
                                  "Actual Loops": 1,
                                  "Filter": "((link)::text ~~ '%follow%'::text)",
                                  "Rows Removed by Filter": 16
                                },
                                {
                                  "Node Type": "Nested Loop",
                                  "Parent Relationship": "Inner",
                                  "Parallel Aware": false,
                                  "Join Type": "Inner",
                                  "Startup Cost": 11.11,
                                  "Total Cost": 3783.14,
                                  "Plan Rows": 10,
                                  "Plan Width": 12,
                                  "Actual Startup Time": 2.555,
                                  "Actual Total Time": 45.984,
                                  "Actual Rows": 251,
                                  "Actual Loops": 2,
                                  "Inner Unique": false,
                                  "Plans": [
                                    {
                                      "Node Type": "Nested Loop",
                                      "Parent Relationship": "Outer",
                                      "Parallel Aware": false,
                                      "Join Type": "Inner",
                                      "Startup Cost": 10.82,
                                      "Total Cost": 3768.68,
                                      "Plan Rows": 34,
                                      "Plan Width": 4,
                                      "Actual Startup Time": 2.548,
                                      "Actual Total Time": 36.424,
                                      "Actual Rows": 10544,
                                      "Actual Loops": 2,
                                      "Inner Unique": false,
                                      "Plans": [
                                        {
                                          "Node Type": "Seq Scan",
                                          "Parent Relationship": "Outer",
                                          "Parallel Aware": false,
                                          "Relation Name": "keyword",
                                          "Alias": "k",
                                          "Startup Cost": 0.0,
                                          "Total Cost": 2626.12,
                                          "Plan Rows": 1,
                                          "Plan Width": 4,
                                          "Actual Startup Time": 0.803,
                                          "Actual Total Time": 9.526,
                                          "Actual Rows": 1,
                                          "Actual Loops": 2,
                                          "Filter": "(keyword = 'sequel'::text)",
                                          "Rows Removed by Filter": 134169
                                        },
                                        {
                                          "Node Type": "Bitmap Heap Scan",
                                          "Parent Relationship": "Inner",
                                          "Parallel Aware": false,
                                          "Relation Name": "movie_keyword",
                                          "Alias": "mk",
                                          "Startup Cost": 10.82,
                                          "Total Cost": 1139.48,
                                          "Plan Rows": 308,
                                          "Plan Width": 8,
                                          "Actual Startup Time": 1.723,
                                          "Actual Total Time": 25.778,
                                          "Actual Rows": 10544,
                                          "Actual Loops": 2,
                                          "Recheck Cond": "(keyword_id = k.id)",
                                          "Rows Removed by Index Recheck": 0,
                                          "Exact Heap Blocks": 11140,
                                          "Lossy Heap Blocks": 0,
                                          "Plans": [
                                            {
                                              "Node Type": "Bitmap Index Scan",
                                              "Parent Relationship": "Outer",
                                              "Parallel Aware": false,
                                              "Index Name": "keyword_id_movie_keyword",
                                              "Startup Cost": 0.0,
                                              "Total Cost": 10.74,
                                              "Plan Rows": 308,
                                              "Plan Width": 0,
                                              "Actual Startup Time": 1.136,
                                              "Actual Total Time": 1.136,
                                              "Actual Rows": 10544,
                                              "Actual Loops": 2,
                                              "Index Cond": "(keyword_id = k.id)"
                                            }
                                          ]
                                        }
                                      ]
                                    },
                                    {
                                      "Node Type": "Index Scan",
                                      "Parent Relationship": "Inner",
                                      "Parallel Aware": false,
                                      "Scan Direction": "Forward",
                                      "Index Name": "movie_id_movie_link",
                                      "Relation Name": "movie_link",
                                      "Alias": "ml",
                                      "Startup Cost": 0.29,
                                      "Total Cost": 0.38,
                                      "Plan Rows": 5,
                                      "Plan Width": 8,
                                      "Actual Startup Time": 0.001,
                                      "Actual Total Time": 0.001,
                                      "Actual Rows": 0,
                                      "Actual Loops": 21088,
                                      "Index Cond": "(movie_id = mk.movie_id)",
                                      "Rows Removed by Index Recheck": 0
                                    }
                                  ]
                                }
                              ]
                            },
                            {
                              "Node Type": "Index Scan",
                              "Parent Relationship": "Inner",
                              "Parallel Aware": false,
                              "Scan Direction": "Forward",
                              "Index Name": "movie_id_movie_info",
                              "Relation Name": "movie_info",
                              "Alias": "mi",
                              "Startup Cost": 0.43,
                              "Total Cost": 1.41,
                              "Plan Rows": 1,
                              "Plan Width": 4,
                              "Actual Startup Time": 0.021,
                              "Actual Total Time": 0.023,
                              "Actual Rows": 0,
                              "Actual Loops": 199,
                              "Index Cond": "(movie_id = mk.movie_id)",
                              "Rows Removed by Index Recheck": 0,
                              "Filter": "(info = ANY ('{America,\"Vanadislunden, Vasastaden, Stockholm, Stockholms l\u00e4n, Sweden\"}'::text[]))",
                              "Rows Removed by Filter": 20
                            }
                          ]
                        },
                        {
                          "Node Type": "Index Scan",
                          "Parent Relationship": "Inner",
                          "Parallel Aware": false,
                          "Scan Direction": "Forward",
                          "Index Name": "movie_id_movie_companies",
                          "Relation Name": "movie_companies",
                          "Alias": "mc",
                          "Startup Cost": 0.43,
                          "Total Cost": 0.54,
                          "Plan Rows": 3,
                          "Plan Width": 12,
                          "Actual Startup Time": 0.007,
                          "Actual Total Time": 0.008,
                          "Actual Rows": 7,
                          "Actual Loops": 19,
                          "Index Cond": "(movie_id = mk.movie_id)",
                          "Rows Removed by Index Recheck": 0,
                          "Filter": "(note IS NULL)",
                          "Rows Removed by Filter": 6
                        }
                      ]
                    },
                    {
                      "Node Type": "Index Scan",
                      "Parent Relationship": "Inner",
                      "Parallel Aware": false,
                      "Scan Direction": "Forward",
                      "Index Name": "company_name_pkey",
                      "Relation Name": "company_name",
                      "Alias": "cn",
                      "Startup Cost": 0.42,
                      "Total Cost": 0.46,
                      "Plan Rows": 1,
                      "Plan Width": 23,
                      "Actual Startup Time": 0.003,
                      "Actual Total Time": 0.003,
                      "Actual Rows": 0,
                      "Actual Loops": 133,
                      "Index Cond": "(id = mc.company_id)",
                      "Rows Removed by Index Recheck": 0,
                      "Filter": "(((country_code)::text <> '[nl]'::text) AND ((name ~~ '%Film%'::text) OR (name ~~ '%Warner%'::text)))",
                      "Rows Removed by Filter": 1
                    }
                  ]
                },
                {
                  "Node Type": "Seq Scan",
                  "Parent Relationship": "Inner",
                  "Parallel Aware": false,
                  "Relation Name": "company_type",
                  "Alias": "ct",
                  "Startup Cost": 0.0,
                  "Total Cost": 1.05,
                  "Plan Rows": 1,
                  "Plan Width": 4,
                  "Actual Startup Time": 0.001,
                  "Actual Total Time": 0.001,
                  "Actual Rows": 1,
                  "Actual Loops": 38,
                  "Filter": "((kind)::text = 'production companies'::text)",
                  "Rows Removed by Filter": 1
                }
              ]
            },
            {
              "Node Type": "Index Scan",
              "Parent Relationship": "Inner",
              "Parallel Aware": false,
              "Scan Direction": "Forward",
              "Index Name": "title_pkey",
              "Relation Name": "title",
              "Alias": "t",
              "Startup Cost": 0.43,
              "Total Cost": 0.49,
              "Plan Rows": 1,
              "Plan Width": 21,
              "Actual Startup Time": 0.004,
              "Actual Total Time": 0.004,
              "Actual Rows": 1,
              "Actual Loops": 38,
              "Index Cond": "(id = mk.movie_id)",
              "Rows Removed by Index Recheck": 0,
              "Filter": "((production_year >= 1996) AND (production_year <= 2011))",
              "Rows Removed by Filter": 0
            }
          ]
        }
      ]
    },
    "Planning Time": 28.005,
    "Triggers": [],
    "Execution Time": 97.891
  }
]