[
  {
    "Plan": {
      "Node Type": "Aggregate",
      "Strategy": "Plain",
      "Partial Mode": "Finalize",
      "Parallel Aware": false,
      "Startup Cost": 46532.32,
      "Total Cost": 46532.33,
      "Plan Rows": 1,
      "Plan Width": 8,
      "Actual Startup Time": 158.946,
      "Actual Total Time": 169.237,
      "Actual Rows": 1,
      "Actual Loops": 1,
      "Plans": [
        {
          "Node Type": "Gather",
          "Parent Relationship": "Outer",
          "Parallel Aware": false,
          "Startup Cost": 46532.0,
          "Total Cost": 46532.31,
          "Plan Rows": 3,
          "Plan Width": 8,
          "Actual Startup Time": 158.758,
          "Actual Total Time": 169.23,
          "Actual Rows": 4,
          "Actual Loops": 1,
          "Workers Planned": 3,
          "Workers Launched": 3,
          "Single Copy": false,
          "Plans": [
            {
              "Node Type": "Aggregate",
              "Strategy": "Plain",
              "Partial Mode": "Partial",
              "Parent Relationship": "Outer",
              "Parallel Aware": false,
              "Startup Cost": 45532.0,
              "Total Cost": 45532.01,
              "Plan Rows": 1,
              "Plan Width": 8,
              "Actual Startup Time": 153.907,
              "Actual Total Time": 153.909,
              "Actual Rows": 1,
              "Actual Loops": 4,
              "Plans": [
                {
                  "Node Type": "Seq Scan",
                  "Parent Relationship": "Outer",
                  "Parallel Aware": true,
                  "Relation Name": "movie_keyword",
                  "Alias": "mk",
                  "Startup Cost": 0.0,
                  "Total Cost": 42695.65,
                  "Plan Rows": 1134540,
                  "Plan Width": 0,
                  "Actual Startup Time": 0.027,
                  "Actual Total Time": 115.965,
                  "Actual Rows": 878582,
                  "Actual Loops": 4,
                  "Filter": "(keyword_id < 18168)",
                  "Rows Removed by Filter": 252400
                }
              ]
            }
          ]
        }
      ]
    },
    "Planning Time": 0.088,
    "Triggers": [],
    "Execution Time": 169.266
  }
]