[
  {
    "Plan": {
      "Node Type": "Aggregate",
      "Strategy": "Plain",
      "Partial Mode": "Finalize",
      "Parallel Aware": false,
      "Startup Cost": 228897.82,
      "Total Cost": 228897.83,
      "Plan Rows": 1,
      "Plan Width": 8,
      "Actual Startup Time": 235.711,
      "Actual Total Time": 269.547,
      "Actual Rows": 1,
      "Actual Loops": 1,
      "Plans": [
        {
          "Node Type": "Gather",
          "Parent Relationship": "Outer",
          "Parallel Aware": false,
          "Startup Cost": 228897.4,
          "Total Cost": 228897.81,
          "Plan Rows": 4,
          "Plan Width": 8,
          "Actual Startup Time": 235.577,
          "Actual Total Time": 269.455,
          "Actual Rows": 5,
          "Actual Loops": 1,
          "Workers Planned": 4,
          "Workers Launched": 4,
          "Single Copy": false,
          "Plans": [
            {
              "Node Type": "Aggregate",
              "Strategy": "Plain",
              "Partial Mode": "Partial",
              "Parent Relationship": "Outer",
              "Parallel Aware": false,
              "Startup Cost": 227897.4,
              "Total Cost": 227897.41,
              "Plan Rows": 1,
              "Plan Width": 8,
              "Actual Startup Time": 226.095,
              "Actual Total Time": 226.097,
              "Actual Rows": 1,
              "Actual Loops": 5,
              "Plans": [
                {
                  "Node Type": "Nested Loop",
                  "Parent Relationship": "Outer",
                  "Parallel Aware": false,
                  "Join Type": "Inner",
                  "Startup Cost": 0.43,
                  "Total Cost": 227891.33,
                  "Plan Rows": 2426,
                  "Plan Width": 0,
                  "Actual Startup Time": 59.178,
                  "Actual Total Time": 225.352,
                  "Actual Rows": 7091,
                  "Actual Loops": 5,
                  "Inner Unique": false,
                  "Plans": [
                    {
                      "Node Type": "Seq Scan",
                      "Parent Relationship": "Outer",
                      "Parallel Aware": true,
                      "Relation Name": "title",
                      "Alias": "t",
                      "Startup Cost": 0.0,
                      "Total Cost": 45479.1,
                      "Plan Rows": 4798,
                      "Plan Width": 4,
                      "Actual Startup Time": 59.094,
                      "Actual Total Time": 83.07,
                      "Actual Rows": 10344,
                      "Actual Loops": 5,
                      "Filter": "((kind_id < 7) AND (production_year < 1914))",
                      "Rows Removed by Filter": 495318
                    },
                    {
                      "Node Type": "Index Scan",
                      "Parent Relationship": "Inner",
                      "Parallel Aware": false,
                      "Scan Direction": "Forward",
                      "Index Name": "movie_id_movie_info",
                      "Relation Name": "movie_info",
                      "Alias": "mi",
                      "Startup Cost": 0.43,
                      "Total Cost": 37.98,
                      "Plan Rows": 4,
                      "Plan Width": 4,
                      "Actual Startup Time": 0.008,
                      "Actual Total Time": 0.013,
                      "Actual Rows": 1,
                      "Actual Loops": 51721,
                      "Index Cond": "(movie_id = t.id)",
                      "Rows Removed by Index Recheck": 0,
                      "Filter": "(info_type_id = 4)",
                      "Rows Removed by Filter": 10
                    }
                  ]
                }
              ]
            }
          ]
        }
      ]
    },
    "Planning Time": 0.629,
    "Triggers": [],
    "Execution Time": 269.626
  }
]