[
  {
    "Plan": {
      "Node Type": "Aggregate",
      "Strategy": "Plain",
      "Partial Mode": "Finalize",
      "Parallel Aware": false,
      "Startup Cost": 52972.96,
      "Total Cost": 52972.97,
      "Plan Rows": 1,
      "Plan Width": 8,
      "Actual Startup Time": 87.224,
      "Actual Total Time": 97.889,
      "Actual Rows": 1,
      "Actual Loops": 1,
      "Plans": [
        {
          "Node Type": "Gather",
          "Parent Relationship": "Outer",
          "Parallel Aware": false,
          "Startup Cost": 52972.54,
          "Total Cost": 52972.95,
          "Plan Rows": 4,
          "Plan Width": 8,
          "Actual Startup Time": 87.068,
          "Actual Total Time": 97.874,
          "Actual Rows": 5,
          "Actual Loops": 1,
          "Workers Planned": 4,
          "Workers Launched": 4,
          "Single Copy": false,
          "Plans": [
            {
              "Node Type": "Aggregate",
              "Strategy": "Plain",
              "Partial Mode": "Partial",
              "Parent Relationship": "Outer",
              "Parallel Aware": false,
              "Startup Cost": 51972.54,
              "Total Cost": 51972.55,
              "Plan Rows": 1,
              "Plan Width": 8,
              "Actual Startup Time": 78.549,
              "Actual Total Time": 78.554,
              "Actual Rows": 1,
              "Actual Loops": 5,
              "Plans": [
                {
                  "Node Type": "Nested Loop",
                  "Parent Relationship": "Outer",
                  "Parallel Aware": false,
                  "Join Type": "Inner",
                  "Startup Cost": 1.0,
                  "Total Cost": 51969.63,
                  "Plan Rows": 1166,
                  "Plan Width": 0,
                  "Actual Startup Time": 68.695,
                  "Actual Total Time": 78.547,
                  "Actual Rows": 0,
                  "Actual Loops": 5,
                  "Inner Unique": false,
                  "Join Filter": "(t.id = ci.movie_id)",
                  "Rows Removed by Join Filter": 0,
                  "Plans": [
                    {
                      "Node Type": "Nested Loop",
                      "Parent Relationship": "Outer",
                      "Parallel Aware": false,
                      "Join Type": "Inner",
                      "Startup Cost": 0.43,
                      "Total Cost": 50510.34,
                      "Plan Rows": 810,
                      "Plan Width": 8,
                      "Actual Startup Time": 68.548,
                      "Actual Total Time": 78.396,
                      "Actual Rows": 0,
                      "Actual Loops": 5,
                      "Inner Unique": false,
                      "Plans": [
                        {
                          "Node Type": "Seq Scan",
                          "Parent Relationship": "Outer",
                          "Parallel Aware": true,
                          "Relation Name": "title",
                          "Alias": "t",
                          "Startup Cost": 0.0,
                          "Total Cost": 45479.59,
                          "Plan Rows": 534,
                          "Plan Width": 4,
                          "Actual Startup Time": 5.119,
                          "Actual Total Time": 77.948,
                          "Actual Rows": 27,
                          "Actual Loops": 5,
                          "Filter": "((production_year > 2013) AND (kind_id = 7))",
                          "Rows Removed by Filter": 505635
                        },
                        {
                          "Node Type": "Index Scan",
                          "Parent Relationship": "Inner",
                          "Parallel Aware": false,
                          "Scan Direction": "Forward",
                          "Index Name": "movie_id_movie_keyword",
                          "Relation Name": "movie_keyword",
                          "Alias": "mk",
                          "Startup Cost": 0.43,
                          "Total Cost": 9.03,
                          "Plan Rows": 39,
                          "Plan Width": 4,
                          "Actual Startup Time": 0.015,
                          "Actual Total Time": 0.015,
                          "Actual Rows": 0,
                          "Actual Loops": 137,
                          "Index Cond": "(movie_id = t.id)",
                          "Rows Removed by Index Recheck": 0,
                          "Filter": "(keyword_id < 27409)",
                          "Rows Removed by Filter": 0
                        }
                      ]
                    },
                    {
                      "Node Type": "Index Scan",
                      "Parent Relationship": "Inner",
                      "Parallel Aware": false,
                      "Scan Direction": "Forward",
                      "Index Name": "movie_id_cast_info",
                      "Relation Name": "cast_info",
                      "Alias": "ci",
                      "Startup Cost": 0.56,
                      "Total Cost": 1.75,
                      "Plan Rows": 4,
                      "Plan Width": 4,
                      "Actual Startup Time": 0.73,
                      "Actual Total Time": 0.731,
                      "Actual Rows": 1,
                      "Actual Loops": 1,
                      "Index Cond": "(movie_id = mk.movie_id)",
                      "Rows Removed by Index Recheck": 0,
                      "Filter": "((person_id > 575750) AND (role_id = 10))",
                      "Rows Removed by Filter": 26
                    }
                  ]
                }
              ]
            }
          ]
        }
      ]
    },
    "Planning Time": 0.548,
    "Triggers": [],
    "Execution Time": 97.949
  }
]