[
  {
    "Plan": {
      "Node Type": "Aggregate",
      "Strategy": "Plain",
      "Partial Mode": "Finalize",
      "Parallel Aware": false,
      "Startup Cost": 614819.74,
      "Total Cost": 614819.75,
      "Plan Rows": 1,
      "Plan Width": 8,
      "Actual Startup Time": 2373.521,
      "Actual Total Time": 2464.944,
      "Actual Rows": 1,
      "Actual Loops": 1,
      "Plans": [
        {
          "Node Type": "Gather",
          "Parent Relationship": "Outer",
          "Parallel Aware": false,
          "Startup Cost": 614819.12,
          "Total Cost": 614819.73,
          "Plan Rows": 6,
          "Plan Width": 8,
          "Actual Startup Time": 2359.971,
          "Actual Total Time": 2464.934,
          "Actual Rows": 7,
          "Actual Loops": 1,
          "Workers Planned": 6,
          "Workers Launched": 6,
          "Single Copy": false,
          "Plans": [
            {
              "Node Type": "Aggregate",
              "Strategy": "Plain",
              "Partial Mode": "Partial",
              "Parent Relationship": "Outer",
              "Parallel Aware": false,
              "Startup Cost": 613819.12,
              "Total Cost": 613819.13,
              "Plan Rows": 1,
              "Plan Width": 8,
              "Actual Startup Time": 2336.451,
              "Actual Total Time": 2336.456,
              "Actual Rows": 1,
              "Actual Loops": 7,
              "Plans": [
                {
                  "Node Type": "Hash Join",
                  "Parent Relationship": "Outer",
                  "Parallel Aware": true,
                  "Join Type": "Inner",
                  "Startup Cost": 257239.82,
                  "Total Cost": 605266.43,
                  "Plan Rows": 3421076,
                  "Plan Width": 0,
                  "Actual Startup Time": 880.868,
                  "Actual Total Time": 2235.557,
                  "Actual Rows": 2603318,
                  "Actual Loops": 7,
                  "Inner Unique": false,
                  "Hash Cond": "(ci.movie_id = t.id)",
                  "Plans": [
                    {
                      "Node Type": "Seq Scan",
                      "Parent Relationship": "Outer",
                      "Parallel Aware": true,
                      "Relation Name": "cast_info",
                      "Alias": "ci",
                      "Startup Cost": 0.0,
                      "Total Cost": 328162.03,
                      "Plan Rows": 3472648,
                      "Plan Width": 4,
                      "Actual Startup Time": 145.191,
                      "Actual Total Time": 557.453,
                      "Actual Rows": 2984821,
                      "Actual Loops": 7,
                      "Filter": "(person_id > 1512883)",
                      "Rows Removed by Filter": 2192943
                    },
                    {
                      "Node Type": "Hash",
                      "Parent Relationship": "Inner",
                      "Parallel Aware": true,
                      "Startup Cost": 251012.96,
                      "Total Cost": 251012.96,
                      "Plan Rows": 498149,
                      "Plan Width": 8,
                      "Actual Startup Time": 728.903,
                      "Actual Total Time": 728.907,
                      "Actual Rows": 231642,
                      "Actual Loops": 7,
                      "Hash Buckets": 4194304,
                      "Original Hash Buckets": 4194304,
                      "Hash Batches": 1,
                      "Original Hash Batches": 1,
                      "Peak Memory Usage": 96384,
                      "Plans": [
                        {
                          "Node Type": "Hash Join",
                          "Parent Relationship": "Outer",
                          "Parallel Aware": true,
                          "Join Type": "Inner",
                          "Startup Cost": 48064.17,
                          "Total Cost": 251012.96,
                          "Plan Rows": 498149,
                          "Plan Width": 8,
                          "Actual Startup Time": 144.839,
                          "Actual Total Time": 623.372,
                          "Actual Rows": 231642,
                          "Actual Loops": 7,
                          "Inner Unique": true,
                          "Hash Cond": "(mi.movie_id = t.id)",
                          "Plans": [
                            {
                              "Node Type": "Seq Scan",
                              "Parent Relationship": "Outer",
                              "Parallel Aware": true,
                              "Relation Name": "movie_info",
                              "Alias": "mi",
                              "Startup Cost": 0.0,
                              "Total Cost": 198952.16,
                              "Plan Rows": 1522520,
                              "Plan Width": 4,
                              "Actual Startup Time": 13.857,
                              "Actual Total Time": 278.934,
                              "Actual Rows": 1078408,
                              "Actual Loops": 7,
                              "Filter": "(info_type_id > 7)",
                              "Rows Removed by Filter": 1040981
                            },
                            {
                              "Node Type": "Hash",
                              "Parent Relationship": "Inner",
                              "Parallel Aware": true,
                              "Startup Cost": 45479.1,
                              "Total Cost": 45479.1,
                              "Plan Rows": 206806,
                              "Plan Width": 4,
                              "Actual Startup Time": 129.861,
                              "Actual Total Time": 129.862,
                              "Actual Rows": 106046,
                              "Actual Loops": 7,
                              "Hash Buckets": 1048576,
                              "Original Hash Buckets": 1048576,
                              "Hash Batches": 1,
                              "Original Hash Batches": 1,
                              "Peak Memory Usage": 37312,
                              "Plans": [
                                {
                                  "Node Type": "Seq Scan",
                                  "Parent Relationship": "Outer",
                                  "Parallel Aware": true,
                                  "Relation Name": "title",
                                  "Alias": "t",
                                  "Startup Cost": 0.0,
                                  "Total Cost": 45479.1,
                                  "Plan Rows": 206806,
                                  "Plan Width": 4,
                                  "Actual Startup Time": 0.039,
                                  "Actual Total Time": 77.14,
                                  "Actual Rows": 106046,
                                  "Actual Loops": 7,
                                  "Filter": "((kind_id > 1) AND (production_year < 2002))",
                                  "Rows Removed by Filter": 255142
                                }
                              ]
                            }
                          ]
                        }
                      ]
                    }
                  ]
                }
              ]
            }
          ]
        }
      ]
    },
    "Planning Time": 1.323,
    "Triggers": [],
    "Execution Time": 2465.048
  }
]