[
  {
    "Plan": {
      "Node Type": "Aggregate",
      "Strategy": "Plain",
      "Partial Mode": "Finalize",
      "Parallel Aware": false,
      "Startup Cost": 253054.46,
      "Total Cost": 253054.47,
      "Plan Rows": 1,
      "Plan Width": 8,
      "Actual Startup Time": 919.814,
      "Actual Total Time": 978.166,
      "Actual Rows": 1,
      "Actual Loops": 1,
      "Plans": [
        {
          "Node Type": "Gather",
          "Parent Relationship": "Outer",
          "Parallel Aware": false,
          "Startup Cost": 253053.94,
          "Total Cost": 253054.45,
          "Plan Rows": 5,
          "Plan Width": 8,
          "Actual Startup Time": 916.317,
          "Actual Total Time": 978.151,
          "Actual Rows": 6,
          "Actual Loops": 1,
          "Workers Planned": 5,
          "Workers Launched": 5,
          "Single Copy": false,
          "Plans": [
            {
              "Node Type": "Aggregate",
              "Strategy": "Plain",
              "Partial Mode": "Partial",
              "Parent Relationship": "Outer",
              "Parallel Aware": false,
              "Startup Cost": 252053.94,
              "Total Cost": 252053.95,
              "Plan Rows": 1,
              "Plan Width": 8,
              "Actual Startup Time": 906.423,
              "Actual Total Time": 906.428,
              "Actual Rows": 1,
              "Actual Loops": 6,
              "Plans": [
                {
                  "Node Type": "Hash Join",
                  "Parent Relationship": "Outer",
                  "Parallel Aware": true,
                  "Join Type": "Inner",
                  "Startup Cost": 46890.29,
                  "Total Cost": 251173.93,
                  "Plan Rows": 352003,
                  "Plan Width": 0,
                  "Actual Startup Time": 156.929,
                  "Actual Total Time": 895.668,
                  "Actual Rows": 171551,
                  "Actual Loops": 6,
                  "Inner Unique": true,
                  "Hash Cond": "(mi.movie_id = t.id)",
                  "Plans": [
                    {
                      "Node Type": "Seq Scan",
                      "Parent Relationship": "Outer",
                      "Parallel Aware": true,
                      "Relation Name": "movie_info",
                      "Alias": "mi",
                      "Startup Cost": 0.0,
                      "Total Cost": 199108.24,
                      "Plan Rows": 1971577,
                      "Plan Width": 4,
                      "Actual Startup Time": 22.053,
                      "Actual Total Time": 449.885,
                      "Actual Rows": 1651959,
                      "Actual Loops": 6,
                      "Filter": "(info_type_id > 4)",
                      "Rows Removed by Filter": 820661
                    },
                    {
                      "Node Type": "Hash",
                      "Parent Relationship": "Inner",
                      "Parallel Aware": true,
                      "Startup Cost": 45479.59,
                      "Total Cost": 45479.59,
                      "Plan Rows": 112856,
                      "Plan Width": 4,
                      "Actual Startup Time": 131.775,
                      "Actual Total Time": 131.776,
                      "Actual Rows": 57369,
                      "Actual Loops": 6,
                      "Hash Buckets": 524288,
                      "Original Hash Buckets": 524288,
                      "Hash Batches": 1,
                      "Original Hash Batches": 1,
                      "Peak Memory Usage": 17632,
                      "Plans": [
                        {
                          "Node Type": "Seq Scan",
                          "Parent Relationship": "Outer",
                          "Parallel Aware": true,
                          "Relation Name": "title",
                          "Alias": "t",
                          "Startup Cost": 0.0,
                          "Total Cost": 45479.59,
                          "Plan Rows": 112856,
                          "Plan Width": 4,
                          "Actual Startup Time": 0.055,
                          "Actual Total Time": 100.467,
                          "Actual Rows": 57369,
                          "Actual Loops": 6,
                          "Filter": "((production_year < 1993) AND (kind_id = 7))",
                          "Rows Removed by Filter": 364017
                        }
                      ]
                    }
                  ]
                }
              ]
            }
          ]
        }
      ]
    },
    "Planning Time": 0.673,
    "Triggers": [],
    "Execution Time": 978.248
  }
]