[
  {
    "Plan": {
      "Node Type": "Aggregate",
      "Strategy": "Plain",
      "Partial Mode": "Finalize",
      "Parallel Aware": false,
      "Startup Cost": 343254.41,
      "Total Cost": 343254.42,
      "Plan Rows": 1,
      "Plan Width": 8,
      "Actual Startup Time": 817.81,
      "Actual Total Time": 883.662,
      "Actual Rows": 1,
      "Actual Loops": 1,
      "Plans": [
        {
          "Node Type": "Gather",
          "Parent Relationship": "Outer",
          "Parallel Aware": false,
          "Startup Cost": 343253.79,
          "Total Cost": 343254.4,
          "Plan Rows": 6,
          "Plan Width": 8,
          "Actual Startup Time": 817.695,
          "Actual Total Time": 883.651,
          "Actual Rows": 7,
          "Actual Loops": 1,
          "Workers Planned": 6,
          "Workers Launched": 6,
          "Single Copy": false,
          "Plans": [
            {
              "Node Type": "Aggregate",
              "Strategy": "Plain",
              "Partial Mode": "Partial",
              "Parent Relationship": "Outer",
              "Parallel Aware": false,
              "Startup Cost": 342253.79,
              "Total Cost": 342253.8,
              "Plan Rows": 1,
              "Plan Width": 8,
              "Actual Startup Time": 807.279,
              "Actual Total Time": 807.28,
              "Actual Rows": 1,
              "Actual Loops": 7,
              "Plans": [
                {
                  "Node Type": "Seq Scan",
                  "Parent Relationship": "Outer",
                  "Parallel Aware": true,
                  "Relation Name": "cast_info",
                  "Alias": "ci",
                  "Startup Cost": 0.0,
                  "Total Cost": 328162.03,
                  "Plan Rows": 5636704,
                  "Plan Width": 0,
                  "Actual Startup Time": 42.101,
                  "Actual Total Time": 622.489,
                  "Actual Rows": 4830522,
                  "Actual Loops": 7,
                  "Filter": "(person_id > 236085)",
                  "Rows Removed by Filter": 347241
                }
              ]
            }
          ]
        }
      ]
    },
    "Planning Time": 0.175,
    "Triggers": [],
    "Execution Time": 883.735
  }
]