{
  "Plan": {
    "Node Type": "Aggregate",
    "Strategy": "Plain",
    "Partial Mode": "Finalize",
    "Parallel Aware": false,
    "Startup Cost": 117405.58,
    "Total Cost": 117405.59,
    "Plan Rows": 1,
    "Plan Width": 8,
    "Actual Startup Time": 893.339,
    "Actual Total Time": 919.682,
    "Actual Rows": 1,
    "Actual Loops": 1,
    "Plans": [
      {
        "Node Type": "Gather",
        "Parent Relationship": "Outer",
        "Parallel Aware": false,
        "Startup Cost": 117405.47,
        "Total Cost": 117405.58,
        "Plan Rows": 1,
        "Plan Width": 8,
        "Actual Startup Time": 890.109,
        "Actual Total Time": 919.674,
        "Actual Rows": 2,
        "Actual Loops": 1,
        "Workers Planned": 1,
        "Workers Launched": 1,
        "Single Copy": false,
        "Plans": [
          {
            "Node Type": "Aggregate",
            "Strategy": "Plain",
            "Partial Mode": "Partial",
            "Parent Relationship": "Outer",
            "Parallel Aware": false,
            "Startup Cost": 116405.47,
            "Total Cost": 116405.48,
            "Plan Rows": 1,
            "Plan Width": 8,
            "Actual Startup Time": 876.558,
            "Actual Total Time": 876.563,
            "Actual Rows": 1,
            "Actual Loops": 2,
            "Plans": [
              {
                "Node Type": "Hash Join",
                "Parent Relationship": "Outer",
                "Parallel Aware": true,
                "Join Type": "Inner",
                "Startup Cost": 84568.23,
                "Total Cost": 115358.2,
                "Plan Rows": 418907,
                "Plan Width": 0,
                "Actual Startup Time": 668.261,
                "Actual Total Time": 857.064,
                "Actual Rows": 351464,
                "Actual Loops": 2,
                "Inner Unique": true,
                "Hash Cond": "(mk.movie_id = t.id)",
                "Plans": [
                  {
                    "Node Type": "Bitmap Heap Scan",
                    "Parent Relationship": "Outer",
                    "Parallel Aware": true,
                    "Relation Name": "movie_keyword",
                    "Alias": "mk",
                    "Startup Cost": 15107.53,
                    "Total Cost": 44797.87,
                    "Plan Rows": 418907,
                    "Plan Width": 4,
                    "Actual Startup Time": 63.102,
                    "Actual Total Time": 146.483,
                    "Actual Rows": 351464,
                    "Actual Loops": 2,
                    "Recheck Cond": "(keyword_id > 26823)",
                    "Rows Removed by Index Recheck": 0,
                    "Exact Heap Blocks": 10573,
                    "Lossy Heap Blocks": 0,
                    "Plans": [
                      {
                        "Node Type": "Bitmap Index Scan",
                        "Parent Relationship": "Outer",
                        "Parallel Aware": false,
                        "Index Name": "keyword_id_movie_keyword",
                        "Startup Cost": 0.0,
                        "Total Cost": 14929.5,
                        "Plan Rows": 712142,
                        "Plan Width": 0,
                        "Actual Startup Time": 57.505,
                        "Actual Total Time": 57.506,
                        "Actual Rows": 702927,
                        "Actual Loops": 1,
                        "Index Cond": "(keyword_id > 26823)"
                      }
                    ]
                  },
                  {
                    "Node Type": "Hash",
                    "Parent Relationship": "Inner",
                    "Parallel Aware": true,
                    "Startup Cost": 50870.31,
                    "Total Cost": 50870.31,
                    "Plan Rows": 1487231,
                    "Plan Width": 4,
                    "Actual Startup Time": 581.466,
                    "Actual Total Time": 581.466,
                    "Actual Rows": 1264156,
                    "Actual Loops": 2,
                    "Hash Buckets": 4194304,
                    "Original Hash Buckets": 4194304,
                    "Hash Batches": 1,
                    "Original Hash Batches": 1,
                    "Peak Memory Usage": 131712,
                    "Plans": [
                      {
                        "Node Type": "Seq Scan",
                        "Parent Relationship": "Outer",
                        "Parallel Aware": true,
                        "Relation Name": "title",
                        "Alias": "t",
                        "Startup Cost": 0.0,
                        "Total Cost": 50870.31,
                        "Plan Rows": 1487231,
                        "Plan Width": 4,
                        "Actual Startup Time": 0.04,
                        "Actual Total Time": 170.553,
                        "Actual Rows": 1264156,
                        "Actual Loops": 2
                      }
                    ]
                  }
                ]
              }
            ]
          }
        ]
      }
    ]
  },
  "Planning Time": 0.668,
  "Triggers": [],
  "Execution Time": 919.772
}