{
  "Plan": {
    "Node Type": "Aggregate",
    "Strategy": "Plain",
    "Partial Mode": "Finalize",
    "Parallel Aware": false,
    "Startup Cost": 307913.83,
    "Total Cost": 307913.84,
    "Plan Rows": 1,
    "Plan Width": 8,
    "Actual Startup Time": 838.83,
    "Actual Total Time": 855.498,
    "Actual Rows": 1,
    "Actual Loops": 1,
    "Plans": [
      {
        "Node Type": "Gather",
        "Parent Relationship": "Outer",
        "Parallel Aware": false,
        "Startup Cost": 307913.72,
        "Total Cost": 307913.83,
        "Plan Rows": 1,
        "Plan Width": 8,
        "Actual Startup Time": 835.686,
        "Actual Total Time": 855.491,
        "Actual Rows": 2,
        "Actual Loops": 1,
        "Workers Planned": 1,
        "Workers Launched": 1,
        "Single Copy": false,
        "Plans": [
          {
            "Node Type": "Aggregate",
            "Strategy": "Plain",
            "Partial Mode": "Partial",
            "Parent Relationship": "Outer",
            "Parallel Aware": false,
            "Startup Cost": 306913.72,
            "Total Cost": 306913.73,
            "Plan Rows": 1,
            "Plan Width": 8,
            "Actual Startup Time": 829.447,
            "Actual Total Time": 829.451,
            "Actual Rows": 1,
            "Actual Loops": 2,
            "Plans": [
              {
                "Node Type": "Merge Join",
                "Parent Relationship": "Outer",
                "Parallel Aware": false,
                "Join Type": "Inner",
                "Startup Cost": 135816.74,
                "Total Cost": 306072.83,
                "Plan Rows": 336356,
                "Plan Width": 0,
                "Actual Startup Time": 682.888,
                "Actual Total Time": 821.122,
                "Actual Rows": 205836,
                "Actual Loops": 2,
                "Inner Unique": false,
                "Merge Cond": "(mk.movie_id = t.id)",
                "Plans": [
                  {
                    "Node Type": "Index Only Scan",
                    "Parent Relationship": "Outer",
                    "Parallel Aware": true,
                    "Scan Direction": "Forward",
                    "Index Name": "movie_id_movie_keyword",
                    "Relation Name": "movie_keyword",
                    "Alias": "mk",
                    "Startup Cost": 0.43,
                    "Total Cost": 158560.11,
                    "Plan Rows": 2661135,
                    "Plan Width": 4,
                    "Actual Startup Time": 0.099,
                    "Actual Total Time": 79.382,
                    "Actual Rows": 414286,
                    "Actual Loops": 2,
                    "Heap Fetches": 828571
                  },
                  {
                    "Node Type": "Sort",
                    "Parent Relationship": "Inner",
                    "Parallel Aware": false,
                    "Startup Cost": 135816.12,
                    "Total Cost": 136615.04,
                    "Plan Rows": 319566,
                    "Plan Width": 8,
                    "Actual Startup Time": 682.745,
                    "Actual Total Time": 695.092,
                    "Actual Rows": 354196,
                    "Actual Loops": 2,
                    "Sort Key": [
                      "mi_idx.movie_id"
                    ],
                    "Sort Method": "quicksort",
                    "Sort Space Used": 14452,
                    "Sort Space Type": "Memory",
                    "Workers": [
                      {
                        "Worker Number": 0,
                        "Sort Method": "quicksort",
                        "Sort Space Used": 14452,
                        "Sort Space Type": "Memory"
                      }
                    ],
                    "Plans": [
                      {
                        "Node Type": "Hash Join",
                        "Parent Relationship": "Outer",
                        "Parallel Aware": false,
                        "Join Type": "Inner",
                        "Startup Cost": 81240.64,
                        "Total Cost": 106598.6,
                        "Plan Rows": 319566,
                        "Plan Width": 8,
                        "Actual Startup Time": 379.587,
                        "Actual Total Time": 647.464,
                        "Actual Rows": 177228,
                        "Actual Loops": 2,
                        "Inner Unique": true,
                        "Hash Cond": "(mi_idx.movie_id = t.id)",
                        "Plans": [
                          {
                            "Node Type": "Seq Scan",
                            "Parent Relationship": "Outer",
                            "Parallel Aware": false,
                            "Relation Name": "movie_info_idx",
                            "Alias": "mi_idx",
                            "Startup Cost": 0.0,
                            "Total Cost": 21735.35,
                            "Plan Rows": 1380035,
                            "Plan Width": 4,
                            "Actual Startup Time": 0.051,
                            "Actual Total Time": 88.833,
                            "Actual Rows": 1380035,
                            "Actual Loops": 2
                          },
                          {
                            "Node Type": "Hash",
                            "Parent Relationship": "Inner",
                            "Parallel Aware": false,
                            "Startup Cost": 73922.39,
                            "Total Cost": 73922.39,
                            "Plan Rows": 585460,
                            "Plan Width": 4,
                            "Actual Startup Time": 367.804,
                            "Actual Total Time": 367.805,
                            "Actual Rows": 486368,
                            "Actual Loops": 2,
                            "Hash Buckets": 1048576,
                            "Original Hash Buckets": 1048576,
                            "Hash Batches": 1,
                            "Original Hash Batches": 1,
                            "Peak Memory Usage": 25291,
                            "Plans": [
                              {
                                "Node Type": "Seq Scan",
                                "Parent Relationship": "Outer",
                                "Parallel Aware": false,
                                "Relation Name": "title",
                                "Alias": "t",
                                "Startup Cost": 0.0,
                                "Total Cost": 73922.39,
                                "Plan Rows": 585460,
                                "Plan Width": 4,
                                "Actual Startup Time": 0.036,
                                "Actual Total Time": 253.226,
                                "Actual Rows": 486368,
                                "Actual Loops": 2,
                                "Filter": "((production_year < 1999) AND (kind_id = 7))",
                                "Rows Removed by Filter": 2041944
                              }
                            ]
                          }
                        ]
                      }
                    ]
                  }
                ]
              }
            ]
          }
        ]
      }
    ]
  },
  "Planning Time": 1.093,
  "Triggers": [],
  "Execution Time": 855.779
}