{
  "Plan": {
    "Node Type": "Aggregate",
    "Strategy": "Plain",
    "Partial Mode": "Finalize",
    "Parallel Aware": false,
    "Startup Cost": 82316.62,
    "Total Cost": 82316.63,
    "Plan Rows": 1,
    "Plan Width": 8,
    "Actual Startup Time": 354.03,
    "Actual Total Time": 364.683,
    "Actual Rows": 1,
    "Actual Loops": 1,
    "Plans": [
      {
        "Node Type": "Gather",
        "Parent Relationship": "Outer",
        "Parallel Aware": false,
        "Startup Cost": 82316.51,
        "Total Cost": 82316.62,
        "Plan Rows": 1,
        "Plan Width": 8,
        "Actual Startup Time": 353.048,
        "Actual Total Time": 364.677,
        "Actual Rows": 2,
        "Actual Loops": 1,
        "Workers Planned": 1,
        "Workers Launched": 1,
        "Single Copy": false,
        "Plans": [
          {
            "Node Type": "Aggregate",
            "Strategy": "Plain",
            "Partial Mode": "Partial",
            "Parent Relationship": "Outer",
            "Parallel Aware": false,
            "Startup Cost": 81316.51,
            "Total Cost": 81316.52,
            "Plan Rows": 1,
            "Plan Width": 8,
            "Actual Startup Time": 350.353,
            "Actual Total Time": 350.356,
            "Actual Rows": 1,
            "Actual Loops": 2,
            "Plans": [
              {
                "Node Type": "Hash Join",
                "Parent Relationship": "Outer",
                "Parallel Aware": true,
                "Join Type": "Inner",
                "Startup Cost": 62657.71,
                "Total Cost": 80841.49,
                "Plan Rows": 190005,
                "Plan Width": 0,
                "Actual Startup Time": 207.862,
                "Actual Total Time": 345.849,
                "Actual Rows": 106638,
                "Actual Loops": 2,
                "Inner Unique": true,
                "Hash Cond": "(mi_idx.movie_id = t.id)",
                "Plans": [
                  {
                    "Node Type": "Seq Scan",
                    "Parent Relationship": "Outer",
                    "Parallel Aware": true,
                    "Relation Name": "movie_info_idx",
                    "Alias": "mi_idx",
                    "Startup Cost": 0.0,
                    "Total Cost": 16052.85,
                    "Plan Rows": 811785,
                    "Plan Width": 4,
                    "Actual Startup Time": 0.019,
                    "Actual Total Time": 50.381,
                    "Actual Rows": 690018,
                    "Actual Loops": 2
                  },
                  {
                    "Node Type": "Hash",
                    "Parent Relationship": "Inner",
                    "Parallel Aware": true,
                    "Startup Cost": 58306.47,
                    "Total Cost": 58306.47,
                    "Plan Rows": 348099,
                    "Plan Width": 4,
                    "Actual Startup Time": 203.656,
                    "Actual Total Time": 203.656,
                    "Actual Rows": 235307,
                    "Actual Loops": 2,
                    "Hash Buckets": 1048576,
                    "Original Hash Buckets": 1048576,
                    "Hash Batches": 1,
                    "Original Hash Batches": 1,
                    "Peak Memory Usage": 26624,
                    "Plans": [
                      {
                        "Node Type": "Seq Scan",
                        "Parent Relationship": "Outer",
                        "Parallel Aware": true,
                        "Relation Name": "title",
                        "Alias": "t",
                        "Startup Cost": 0.0,
                        "Total Cost": 58306.47,
                        "Plan Rows": 348099,
                        "Plan Width": 4,
                        "Actual Startup Time": 0.015,
                        "Actual Total Time": 141.154,
                        "Actual Rows": 235307,
                        "Actual Loops": 2,
                        "Filter": "((kind_id > 2) AND (production_year < 1996))",
                        "Rows Removed by Filter": 1028849
                      }
                    ]
                  }
                ]
              }
            ]
          }
        ]
      }
    ]
  },
  "Planning Time": 0.179,
  "Triggers": [],
  "Execution Time": 364.717
}