{
  "Plan": {
    "Node Type": "Aggregate",
    "Strategy": "Plain",
    "Partial Mode": "Finalize",
    "Parallel Aware": false,
    "Startup Cost": 2748605.36,
    "Total Cost": 2748605.37,
    "Plan Rows": 1,
    "Plan Width": 8,
    "Actual Startup Time": 29083.924,
    "Actual Total Time": 29343.346,
    "Actual Rows": 1,
    "Actual Loops": 1,
    "Plans": [
      {
        "Node Type": "Gather",
        "Parent Relationship": "Outer",
        "Parallel Aware": false,
        "Startup Cost": 2748605.25,
        "Total Cost": 2748605.36,
        "Plan Rows": 1,
        "Plan Width": 8,
        "Actual Startup Time": 29069.158,
        "Actual Total Time": 29343.336,
        "Actual Rows": 2,
        "Actual Loops": 1,
        "Workers Planned": 1,
        "Workers Launched": 1,
        "Single Copy": false,
        "Plans": [
          {
            "Node Type": "Aggregate",
            "Strategy": "Plain",
            "Partial Mode": "Partial",
            "Parent Relationship": "Outer",
            "Parallel Aware": false,
            "Startup Cost": 2747605.25,
            "Total Cost": 2747605.26,
            "Plan Rows": 1,
            "Plan Width": 8,
            "Actual Startup Time": 28973.647,
            "Actual Total Time": 28973.653,
            "Actual Rows": 1,
            "Actual Loops": 2,
            "Plans": [
              {
                "Node Type": "Hash Join",
                "Parent Relationship": "Outer",
                "Parallel Aware": true,
                "Join Type": "Inner",
                "Startup Cost": 2551305.83,
                "Total Cost": 2714376.72,
                "Plan Rows": 13291411,
                "Plan Width": 0,
                "Actual Startup Time": 24272.275,
                "Actual Total Time": 27355.927,
                "Actual Rows": 40462185,
                "Actual Loops": 2,
                "Inner Unique": false,
                "Hash Cond": "(mk.movie_id = t.id)",
                "Plans": [
                  {
                    "Node Type": "Seq Scan",
                    "Parent Relationship": "Outer",
                    "Parallel Aware": true,
                    "Relation Name": "movie_keyword",
                    "Alias": "mk",
                    "Startup Cost": 0.0,
                    "Total Cost": 57718.19,
                    "Plan Rows": 987926,
                    "Plan Width": 4,
                    "Actual Startup Time": 0.717,
                    "Actual Total Time": 187.8,
                    "Actual Rows": 843251,
                    "Actual Loops": 2,
                    "Filter": "(keyword_id > 8598)",
                    "Rows Removed by Filter": 1418714
                  },
                  {
                    "Node Type": "Hash",
                    "Parent Relationship": "Inner",
                    "Parallel Aware": true,
                    "Startup Cost": 2301193.6,
                    "Total Cost": 2301193.6,
                    "Plan Rows": 20008979,
                    "Plan Width": 8,
                    "Actual Startup Time": 24071.649,
                    "Actual Total Time": 24071.652,
                    "Actual Rows": 17754684,
                    "Actual Loops": 2,
                    "Hash Buckets": 67108864,
                    "Original Hash Buckets": 67108864,
                    "Hash Batches": 1,
                    "Original Hash Batches": 1,
                    "Peak Memory Usage": 1913408,
                    "Plans": [
                      {
                        "Node Type": "Merge Join",
                        "Parent Relationship": "Outer",
                        "Parallel Aware": false,
                        "Join Type": "Inner",
                        "Startup Cost": 42.96,
                        "Total Cost": 2301193.6,
                        "Plan Rows": 20008979,
                        "Plan Width": 8,
                        "Actual Startup Time": 0.319,
                        "Actual Total Time": 20014.833,
                        "Actual Rows": 17754684,
                        "Actual Loops": 2,
                        "Inner Unique": true,
                        "Merge Cond": "(ci.movie_id = t.id)",
                        "Plans": [
                          {
                            "Node Type": "Index Only Scan",
                            "Parent Relationship": "Outer",
                            "Parallel Aware": true,
                            "Scan Direction": "Forward",
                            "Index Name": "movie_id_cast_info",
                            "Relation Name": "cast_info",
                            "Alias": "ci",
                            "Startup Cost": 0.56,
                            "Total Cost": 1925345.15,
                            "Plan Rows": 21310595,
                            "Plan Width": 4,
                            "Actual Startup Time": 0.121,
                            "Actual Total Time": 15927.517,
                            "Actual Rows": 18122172,
                            "Actual Loops": 2,
                            "Heap Fetches": 36244344
                          },
                          {
                            "Node Type": "Index Scan",
                            "Parent Relationship": "Inner",
                            "Parallel Aware": false,
                            "Scan Direction": "Forward",
                            "Index Name": "title_pkey",
                            "Relation Name": "title",
                            "Alias": "t",
                            "Startup Cost": 0.43,
                            "Total Cost": 116660.7,
                            "Plan Rows": 2373869,
                            "Plan Width": 4,
                            "Actual Startup Time": 0.095,
                            "Actual Total Time": 2013.716,
                            "Actual Rows": 2369822,
                            "Actual Loops": 2,
                            "Filter": "(production_year > 1919)",
                            "Rows Removed by Filter": 156142
                          }
                        ]
                      }
                    ]
                  }
                ]
              }
            ]
          }
        ]
      }
    ]
  },
  "Planning Time": 0.678,
  "Triggers": [],
  "Execution Time": 29343.46
}