{
  "Plan": {
    "Node Type": "Aggregate",
    "Strategy": "Plain",
    "Partial Mode": "Finalize",
    "Parallel Aware": false,
    "Startup Cost": 399150.82,
    "Total Cost": 399150.83,
    "Plan Rows": 1,
    "Plan Width": 8,
    "Actual Startup Time": 1231.643,
    "Actual Total Time": 1262.438,
    "Actual Rows": 1,
    "Actual Loops": 1,
    "Plans": [
      {
        "Node Type": "Gather",
        "Parent Relationship": "Outer",
        "Parallel Aware": false,
        "Startup Cost": 399150.7,
        "Total Cost": 399150.81,
        "Plan Rows": 1,
        "Plan Width": 8,
        "Actual Startup Time": 1225.344,
        "Actual Total Time": 1262.43,
        "Actual Rows": 2,
        "Actual Loops": 1,
        "Workers Planned": 1,
        "Workers Launched": 1,
        "Single Copy": false,
        "Plans": [
          {
            "Node Type": "Aggregate",
            "Strategy": "Plain",
            "Partial Mode": "Partial",
            "Parent Relationship": "Outer",
            "Parallel Aware": false,
            "Startup Cost": 398150.7,
            "Total Cost": 398150.71,
            "Plan Rows": 1,
            "Plan Width": 8,
            "Actual Startup Time": 1217.253,
            "Actual Total Time": 1218.378,
            "Actual Rows": 1,
            "Actual Loops": 2,
            "Plans": [
              {
                "Node Type": "Hash Join",
                "Parent Relationship": "Outer",
                "Parallel Aware": true,
                "Join Type": "Inner",
                "Startup Cost": 128280.4,
                "Total Cost": 398034.07,
                "Plan Rows": 46655,
                "Plan Width": 0,
                "Actual Startup Time": 1135.379,
                "Actual Total Time": 1214.208,
                "Actual Rows": 98620,
                "Actual Loops": 2,
                "Inner Unique": false,
                "Hash Cond": "(ci.movie_id = t.id)",
                "Plans": [
                  {
                    "Node Type": "Bitmap Heap Scan",
                    "Parent Relationship": "Outer",
                    "Parallel Aware": true,
                    "Relation Name": "cast_info",
                    "Alias": "ci",
                    "Startup Cost": 7668.56,
                    "Total Cost": 276726.39,
                    "Plan Rows": 112372,
                    "Plan Width": 4,
                    "Actual Startup Time": 12.352,
                    "Actual Total Time": 37.478,
                    "Actual Rows": 129034,
                    "Actual Loops": 2,
                    "Recheck Cond": "(person_id < 40321)",
                    "Rows Removed by Index Recheck": 0,
                    "Filter": "(role_id < 3)",
                    "Rows Removed by Filter": 44096,
                    "Exact Heap Blocks": 2079,
                    "Lossy Heap Blocks": 0,
                    "Plans": [
                      {
                        "Node Type": "Bitmap Index Scan",
                        "Parent Relationship": "Outer",
                        "Parallel Aware": false,
                        "Index Name": "person_id_cast_info",
                        "Startup Cost": 0.0,
                        "Total Cost": 7620.8,
                        "Plan Rows": 348832,
                        "Plan Width": 0,
                        "Actual Startup Time": 11.842,
                        "Actual Total Time": 11.843,
                        "Actual Rows": 346258,
                        "Actual Loops": 1,
                        "Index Cond": "(person_id < 40321)"
                      }
                    ]
                  },
                  {
                    "Node Type": "Hash",
                    "Parent Relationship": "Inner",
                    "Parallel Aware": true,
                    "Startup Cost": 112893.32,
                    "Total Cost": 112893.32,
                    "Plan Rows": 617482,
                    "Plan Width": 8,
                    "Actual Startup Time": 1107.977,
                    "Actual Total Time": 1109.1,
                    "Actual Rows": 596934,
                    "Actual Loops": 2,
                    "Hash Buckets": 2097152,
                    "Original Hash Buckets": 2097152,
                    "Hash Batches": 1,
                    "Original Hash Batches": 1,
                    "Peak Memory Usage": 63136,
                    "Plans": [
                      {
                        "Node Type": "Hash Join",
                        "Parent Relationship": "Outer",
                        "Parallel Aware": true,
                        "Join Type": "Inner",
                        "Startup Cost": 69460.7,
                        "Total Cost": 112893.32,
                        "Plan Rows": 617482,
                        "Plan Width": 8,
                        "Actual Startup Time": 632.999,
                        "Actual Total Time": 938.879,
                        "Actual Rows": 596934,
                        "Actual Loops": 2,
                        "Inner Unique": true,
                        "Hash Cond": "(mc.movie_id = t.id)",
                        "Plans": [
                          {
                            "Node Type": "Seq Scan",
                            "Parent Relationship": "Outer",
                            "Parallel Aware": true,
                            "Relation Name": "movie_companies",
                            "Alias": "mc",
                            "Startup Cost": 0.0,
                            "Total Cost": 41811.73,
                            "Plan Rows": 617482,
                            "Plan Width": 4,
                            "Actual Startup Time": 55.402,
                            "Actual Total Time": 133.26,
                            "Actual Rows": 596934,
                            "Actual Loops": 2,
                            "Filter": "((company_id > 521) AND (company_type_id = 2))",
                            "Rows Removed by Filter": 707630
                          },
                          {
                            "Node Type": "Hash",
                            "Parent Relationship": "Inner",
                            "Parallel Aware": true,
                            "Startup Cost": 50870.31,
                            "Total Cost": 50870.31,
                            "Plan Rows": 1487231,
                            "Plan Width": 4,
                            "Actual Startup Time": 563.269,
                            "Actual Total Time": 563.27,
                            "Actual Rows": 1264156,
                            "Actual Loops": 2,
                            "Hash Buckets": 4194304,
                            "Original Hash Buckets": 4194304,
                            "Hash Batches": 1,
                            "Original Hash Batches": 1,
                            "Peak Memory Usage": 131712,
                            "Plans": [
                              {
                                "Node Type": "Seq Scan",
                                "Parent Relationship": "Outer",
                                "Parallel Aware": true,
                                "Relation Name": "title",
                                "Alias": "t",
                                "Startup Cost": 0.0,
                                "Total Cost": 50870.31,
                                "Plan Rows": 1487231,
                                "Plan Width": 4,
                                "Actual Startup Time": 0.032,
                                "Actual Total Time": 160.027,
                                "Actual Rows": 1264156,
                                "Actual Loops": 2
                              }
                            ]
                          }
                        ]
                      }
                    ]
                  }
                ]
              }
            ]
          }
        ]
      }
    ]
  },
  "Planning Time": 1.269,
  "Triggers": [],
  "Execution Time": 1262.541
}