[
  {
    "Plan": {
      "Node Type": "Aggregate",
      "Strategy": "Plain",
      "Partial Mode": "Finalize",
      "Parallel Aware": false,
      "Startup Cost": 321831.15,
      "Total Cost": 321831.16,
      "Plan Rows": 1,
      "Plan Width": 8,
      "Actual Startup Time": 265.381,
      "Actual Total Time": 307.199,
      "Actual Rows": 1,
      "Actual Loops": 1,
      "Plans": [
        {
          "Node Type": "Gather",
          "Parent Relationship": "Outer",
          "Parallel Aware": false,
          "Startup Cost": 321830.73,
          "Total Cost": 321831.14,
          "Plan Rows": 4,
          "Plan Width": 8,
          "Actual Startup Time": 265.276,
          "Actual Total Time": 307.189,
          "Actual Rows": 5,
          "Actual Loops": 1,
          "Workers Planned": 4,
          "Workers Launched": 4,
          "Single Copy": false,
          "Plans": [
            {
              "Node Type": "Aggregate",
              "Strategy": "Plain",
              "Partial Mode": "Partial",
              "Parent Relationship": "Outer",
              "Parallel Aware": false,
              "Startup Cost": 320830.73,
              "Total Cost": 320830.74,
              "Plan Rows": 1,
              "Plan Width": 8,
              "Actual Startup Time": 255.279,
              "Actual Total Time": 255.28,
              "Actual Rows": 1,
              "Actual Loops": 5,
              "Plans": [
                {
                  "Node Type": "Nested Loop",
                  "Parent Relationship": "Outer",
                  "Parallel Aware": false,
                  "Join Type": "Inner",
                  "Startup Cost": 0.56,
                  "Total Cost": 320809.77,
                  "Plan Rows": 8384,
                  "Plan Width": 0,
                  "Actual Startup Time": 1.866,
                  "Actual Total Time": 254.088,
                  "Actual Rows": 14016,
                  "Actual Loops": 5,
                  "Inner Unique": false,
                  "Plans": [
                    {
                      "Node Type": "Seq Scan",
                      "Parent Relationship": "Outer",
                      "Parallel Aware": true,
                      "Relation Name": "title",
                      "Alias": "t",
                      "Startup Cost": 0.0,
                      "Total Cost": 45479.1,
                      "Plan Rows": 4362,
                      "Plan Width": 4,
                      "Actual Startup Time": 0.603,
                      "Actual Total Time": 65.43,
                      "Actual Rows": 2890,
                      "Actual Loops": 5,
                      "Filter": "((kind_id < 7) AND (production_year = 1998))",
                      "Rows Removed by Filter": 502773
                    },
                    {
                      "Node Type": "Index Scan",
                      "Parent Relationship": "Inner",
                      "Parallel Aware": false,
                      "Scan Direction": "Forward",
                      "Index Name": "movie_id_cast_info",
                      "Relation Name": "cast_info",
                      "Alias": "ci",
                      "Startup Cost": 0.56,
                      "Total Cost": 63.07,
                      "Plan Rows": 5,
                      "Plan Width": 4,
                      "Actual Startup Time": 0.016,
                      "Actual Total Time": 0.064,
                      "Actual Rows": 5,
                      "Actual Loops": 14449,
                      "Index Cond": "(movie_id = t.id)",
                      "Rows Removed by Index Recheck": 0,
                      "Filter": "((person_id < 1389690) AND (role_id = 1))",
                      "Rows Removed by Filter": 13
                    }
                  ]
                }
              ]
            }
          ]
        }
      ]
    },
    "Planning Time": 0.664,
    "Triggers": [],
    "Execution Time": 307.291
  }
]