[
  {
    "Plan": {
      "Node Type": "Aggregate",
      "Strategy": "Plain",
      "Partial Mode": "Finalize",
      "Parallel Aware": false,
      "Startup Cost": 352332.7,
      "Total Cost": 352332.71,
      "Plan Rows": 1,
      "Plan Width": 8,
      "Actual Startup Time": 910.665,
      "Actual Total Time": 954.986,
      "Actual Rows": 1,
      "Actual Loops": 1,
      "Plans": [
        {
          "Node Type": "Gather",
          "Parent Relationship": "Outer",
          "Parallel Aware": false,
          "Startup Cost": 352332.08,
          "Total Cost": 352332.69,
          "Plan Rows": 6,
          "Plan Width": 8,
          "Actual Startup Time": 910.45,
          "Actual Total Time": 954.971,
          "Actual Rows": 7,
          "Actual Loops": 1,
          "Workers Planned": 6,
          "Workers Launched": 6,
          "Single Copy": false,
          "Plans": [
            {
              "Node Type": "Aggregate",
              "Strategy": "Plain",
              "Partial Mode": "Partial",
              "Parent Relationship": "Outer",
              "Parallel Aware": false,
              "Startup Cost": 351332.08,
              "Total Cost": 351332.09,
              "Plan Rows": 1,
              "Plan Width": 8,
              "Actual Startup Time": 904.462,
              "Actual Total Time": 904.464,
              "Actual Rows": 1,
              "Actual Loops": 7,
              "Plans": [
                {
                  "Node Type": "Seq Scan",
                  "Parent Relationship": "Outer",
                  "Parallel Aware": true,
                  "Relation Name": "cast_info",
                  "Alias": "ci",
                  "Startup Cost": 0.0,
                  "Total Cost": 343316.27,
                  "Plan Rows": 3206323,
                  "Plan Width": 0,
                  "Actual Startup Time": 0.04,
                  "Actual Total Time": 739.382,
                  "Actual Rows": 3058395,
                  "Actual Loops": 7,
                  "Filter": "((person_id < 2278296) AND (role_id < 10))",
                  "Rows Removed by Filter": 2119369
                }
              ]
            }
          ]
        }
      ]
    },
    "Planning Time": 0.162,
    "Triggers": [],
    "Execution Time": 955.044
  }
]