[
  {
    "Plan": {
      "Node Type": "Aggregate",
      "Strategy": "Plain",
      "Partial Mode": "Finalize",
      "Parallel Aware": false,
      "Startup Cost": 123190.75,
      "Total Cost": 123190.76,
      "Plan Rows": 1,
      "Plan Width": 8,
      "Actual Startup Time": 349.133,
      "Actual Total Time": 384.278,
      "Actual Rows": 1,
      "Actual Loops": 1,
      "Plans": [
        {
          "Node Type": "Gather",
          "Parent Relationship": "Outer",
          "Parallel Aware": false,
          "Startup Cost": 123190.33,
          "Total Cost": 123190.74,
          "Plan Rows": 4,
          "Plan Width": 8,
          "Actual Startup Time": 348.62,
          "Actual Total Time": 384.27,
          "Actual Rows": 5,
          "Actual Loops": 1,
          "Workers Planned": 4,
          "Workers Launched": 4,
          "Single Copy": false,
          "Plans": [
            {
              "Node Type": "Aggregate",
              "Strategy": "Plain",
              "Partial Mode": "Partial",
              "Parent Relationship": "Outer",
              "Parallel Aware": false,
              "Startup Cost": 122190.33,
              "Total Cost": 122190.34,
              "Plan Rows": 1,
              "Plan Width": 8,
              "Actual Startup Time": 338.187,
              "Actual Total Time": 338.191,
              "Actual Rows": 1,
              "Actual Loops": 5,
              "Plans": [
                {
                  "Node Type": "Nested Loop",
                  "Parent Relationship": "Outer",
                  "Parallel Aware": false,
                  "Join Type": "Inner",
                  "Startup Cost": 24761.09,
                  "Total Cost": 121800.85,
                  "Plan Rows": 155790,
                  "Plan Width": 0,
                  "Actual Startup Time": 66.271,
                  "Actual Total Time": 332.483,
                  "Actual Rows": 100393,
                  "Actual Loops": 5,
                  "Inner Unique": false,
                  "Plans": [
                    {
                      "Node Type": "Hash Join",
                      "Parent Relationship": "Outer",
                      "Parallel Aware": true,
                      "Join Type": "Inner",
                      "Startup Cost": 24760.66,
                      "Total Cost": 70325.69,
                      "Plan Rows": 26643,
                      "Plan Width": 8,
                      "Actual Startup Time": 66.188,
                      "Actual Total Time": 184.344,
                      "Actual Rows": 9118,
                      "Actual Loops": 5,
                      "Inner Unique": false,
                      "Hash Cond": "(t.id = mc.movie_id)",
                      "Plans": [
                        {
                          "Node Type": "Seq Scan",
                          "Parent Relationship": "Outer",
                          "Parallel Aware": true,
                          "Relation Name": "title",
                          "Alias": "t",
                          "Startup Cost": 0.0,
                          "Total Cost": 42318.73,
                          "Plan Rows": 632073,
                          "Plan Width": 4,
                          "Actual Startup Time": 0.011,
                          "Actual Total Time": 60.064,
                          "Actual Rows": 505662,
                          "Actual Loops": 5
                        },
                        {
                          "Node Type": "Hash",
                          "Parent Relationship": "Inner",
                          "Parallel Aware": true,
                          "Startup Cost": 24330.93,
                          "Total Cost": 24330.93,
                          "Plan Rows": 34378,
                          "Plan Width": 4,
                          "Actual Startup Time": 64.653,
                          "Actual Total Time": 64.655,
                          "Actual Rows": 9118,
                          "Actual Loops": 5,
                          "Hash Buckets": 131072,
                          "Original Hash Buckets": 131072,
                          "Hash Batches": 1,
                          "Original Hash Batches": 1,
                          "Peak Memory Usage": 2880,
                          "Plans": [
                            {
                              "Node Type": "Bitmap Heap Scan",
                              "Parent Relationship": "Outer",
                              "Parallel Aware": true,
                              "Relation Name": "movie_companies",
                              "Alias": "mc",
                              "Startup Cost": 4525.3,
                              "Total Cost": 24330.93,
                              "Plan Rows": 34378,
                              "Plan Width": 4,
                              "Actual Startup Time": 51.291,
                              "Actual Total Time": 61.407,
                              "Actual Rows": 9118,
                              "Actual Loops": 5,
                              "Recheck Cond": "(company_id < 69)",
                              "Rows Removed by Index Recheck": 0,
                              "Filter": "(company_type_id > 1)",
                              "Rows Removed by Filter": 32895,
                              "Exact Heap Blocks": 8761,
                              "Lossy Heap Blocks": 0,
                              "Plans": [
                                {
                                  "Node Type": "Bitmap Index Scan",
                                  "Parent Relationship": "Outer",
                                  "Parallel Aware": false,
                                  "Index Name": "company_id_movie_companies",
                                  "Startup Cost": 0.0,
                                  "Total Cost": 4498.66,
                                  "Plan Rows": 209897,
                                  "Plan Width": 0,
                                  "Actual Startup Time": 21.852,
                                  "Actual Total Time": 21.852,
                                  "Actual Rows": 210066,
                                  "Actual Loops": 1,
                                  "Index Cond": "(company_id < 69)"
                                }
                              ]
                            }
                          ]
                        }
                      ]
                    },
                    {
                      "Node Type": "Index Only Scan",
                      "Parent Relationship": "Inner",
                      "Parallel Aware": false,
                      "Scan Direction": "Forward",
                      "Index Name": "movie_id_movie_info",
                      "Relation Name": "movie_info",
                      "Alias": "mi",
                      "Startup Cost": 0.43,
                      "Total Cost": 1.51,
                      "Plan Rows": 42,
                      "Plan Width": 4,
                      "Actual Startup Time": 0.005,
                      "Actual Total Time": 0.015,
                      "Actual Rows": 11,
                      "Actual Loops": 45591,
                      "Index Cond": "(movie_id = t.id)",
                      "Rows Removed by Index Recheck": 0,
                      "Heap Fetches": 501964
                    }
                  ]
                }
              ]
            }
          ]
        }
      ]
    },
    "Planning Time": 1.393,
    "Triggers": [],
    "Execution Time": 384.42
  }
]