[
    {
        "Bao": {
            "Bao prediction": "NaN",
            "Bao recommended hint": "(no hint)"
        }
    },
    {
        "Plan": {
            "Node Type": "Aggregate",
            "Strategy": "Plain",
            "Partial Mode": "Finalize",
            "Parallel Aware": false,
            "Startup Cost": 83949.86,
            "Total Cost": 83949.87,
            "Plan Rows": 1,
            "Plan Width": 8,
            "Actual Startup Time": 186.285,
            "Actual Total Time": 191.89,
            "Actual Rows": 1,
            "Actual Loops": 1,
            "Output": [
                "count(*)"
            ],
            "Plans": [
                {
                    "Node Type": "Gather",
                    "Parent Relationship": "Outer",
                    "Parallel Aware": false,
                    "Startup Cost": 83949.54,
                    "Total Cost": 83949.85,
                    "Plan Rows": 3,
                    "Plan Width": 8,
                    "Actual Startup Time": 185.991,
                    "Actual Total Time": 191.883,
                    "Actual Rows": 4,
                    "Actual Loops": 1,
                    "Output": [
                        "(PARTIAL count(*))"
                    ],
                    "Workers Planned": 3,
                    "Workers Launched": 3,
                    "Single Copy": false,
                    "Plans": [
                        {
                            "Node Type": "Aggregate",
                            "Strategy": "Plain",
                            "Partial Mode": "Partial",
                            "Parent Relationship": "Outer",
                            "Parallel Aware": false,
                            "Startup Cost": 82949.54,
                            "Total Cost": 82949.55,
                            "Plan Rows": 1,
                            "Plan Width": 8,
                            "Actual Startup Time": 177.078,
                            "Actual Total Time": 177.081,
                            "Actual Rows": 1,
                            "Actual Loops": 4,
                            "Output": [
                                "PARTIAL count(*)"
                            ],
                            "Workers": [
                                {
                                    "Worker Number": 0,
                                    "Actual Startup Time": 174.23,
                                    "Actual Total Time": 174.233,
                                    "Actual Rows": 1,
                                    "Actual Loops": 1
                                },
                                {
                                    "Worker Number": 1,
                                    "Actual Startup Time": 174.171,
                                    "Actual Total Time": 174.174,
                                    "Actual Rows": 1,
                                    "Actual Loops": 1
                                },
                                {
                                    "Worker Number": 2,
                                    "Actual Startup Time": 174.419,
                                    "Actual Total Time": 174.421,
                                    "Actual Rows": 1,
                                    "Actual Loops": 1
                                }
                            ],
                            "Plans": [
                                {
                                    "Node Type": "Hash Join",
                                    "Parent Relationship": "Outer",
                                    "Parallel Aware": true,
                                    "Join Type": "Inner",
                                    "Startup Cost": 38345.22,
                                    "Total Cost": 82914.24,
                                    "Plan Rows": 14120,
                                    "Plan Width": 0,
                                    "Actual Startup Time": 69.363,
                                    "Actual Total Time": 176.581,
                                    "Actual Rows": 9997,
                                    "Actual Loops": 4,
                                    "Inner Unique": true,
                                    "Hash Cond": "(mk.movie_id = t.id)",
                                    "Workers": [
                                        {
                                            "Worker Number": 0,
                                            "Actual Startup Time": 66.51,
                                            "Actual Total Time": 173.737,
                                            "Actual Rows": 9127,
                                            "Actual Loops": 1
                                        },
                                        {
                                            "Worker Number": 1,
                                            "Actual Startup Time": 66.509,
                                            "Actual Total Time": 173.651,
                                            "Actual Rows": 9677,
                                            "Actual Loops": 1
                                        },
                                        {
                                            "Worker Number": 2,
                                            "Actual Startup Time": 66.637,
                                            "Actual Total Time": 173.882,
                                            "Actual Rows": 10036,
                                            "Actual Loops": 1
                                        }
                                    ],
                                    "Plans": [
                                        {
                                            "Node Type": "Seq Scan",
                                            "Parent Relationship": "Outer",
                                            "Parallel Aware": true,
                                            "Relation Name": "movie_keyword",
                                            "Schema": "public",
                                            "Alias": "mk",
                                            "Startup Cost": 0.0,
                                            "Total Cost": 42695.65,
                                            "Plan Rows": 713665,
                                            "Plan Width": 4,
                                            "Actual Startup Time": 0.293,
                                            "Actual Total Time": 95.247,
                                            "Actual Rows": 550876,
                                            "Actual Loops": 4,
                                            "Output": [
                                                "mk.id",
                                                "mk.movie_id",
                                                "mk.keyword_id"
                                            ],
                                            "Filter": "(mk.keyword_id > 5059)",
                                            "Rows Removed by Filter": 580107,
                                            "Workers": [
                                                {
                                                    "Worker Number": 0,
                                                    "Actual Startup Time": 0.294,
                                                    "Actual Total Time": 96.014,
                                                    "Actual Rows": 533160,
                                                    "Actual Loops": 1
                                                },
                                                {
                                                    "Worker Number": 1,
                                                    "Actual Startup Time": 0.296,
                                                    "Actual Total Time": 95.872,
                                                    "Actual Rows": 536147,
                                                    "Actual Loops": 1
                                                },
                                                {
                                                    "Worker Number": 2,
                                                    "Actual Startup Time": 0.305,
                                                    "Actual Total Time": 95.836,
                                                    "Actual Rows": 529210,
                                                    "Actual Loops": 1
                                                }
                                            ]
                                        },
                                        {
                                            "Node Type": "Hash",
                                            "Parent Relationship": "Inner",
                                            "Parallel Aware": true,
                                            "Startup Cost": 38188.89,
                                            "Total Cost": 38188.89,
                                            "Plan Rows": 12506,
                                            "Plan Width": 4,
                                            "Actual Startup Time": 43.713,
                                            "Actual Total Time": 43.715,
                                            "Actual Rows": 9461,
                                            "Actual Loops": 4,
                                            "Output": [
                                                "t.id"
                                            ],
                                            "Hash Buckets": 65536,
                                            "Original Hash Buckets": 65536,
                                            "Hash Batches": 1,
                                            "Original Hash Batches": 1,
                                            "Peak Memory Usage": 2080,
                                            "Workers": [
                                                {
                                                    "Worker Number": 0,
                                                    "Actual Startup Time": 41.0,
                                                    "Actual Total Time": 41.001,
                                                    "Actual Rows": 5048,
                                                    "Actual Loops": 1
                                                },
                                                {
                                                    "Worker Number": 1,
                                                    "Actual Startup Time": 40.965,
                                                    "Actual Total Time": 40.967,
                                                    "Actual Rows": 5518,
                                                    "Actual Loops": 1
                                                },
                                                {
                                                    "Worker Number": 2,
                                                    "Actual Startup Time": 41.218,
                                                    "Actual Total Time": 41.219,
                                                    "Actual Rows": 4913,
                                                    "Actual Loops": 1
                                                }
                                            ],
                                            "Plans": [
                                                {
                                                    "Node Type": "Bitmap Heap Scan",
                                                    "Parent Relationship": "Outer",
                                                    "Parallel Aware": true,
                                                    "Relation Name": "title",
                                                    "Schema": "public",
                                                    "Alias": "t",
                                                    "Startup Cost": 1812.91,
                                                    "Total Cost": 38188.89,
                                                    "Plan Rows": 12506,
                                                    "Plan Width": 4,
                                                    "Actual Startup Time": 6.379,
                                                    "Actual Total Time": 38.808,
                                                    "Actual Rows": 9461,
                                                    "Actual Loops": 4,
                                                    "Output": [
                                                        "t.id"
                                                    ],
                                                    "Recheck Cond": "(t.kind_id = 3)",
                                                    "Rows Removed by Index Recheck": 0,
                                                    "Filter": "(t.production_year > 2002)",
                                                    "Rows Removed by Filter": 15673,
                                                    "Exact Heap Blocks": 7552,
                                                    "Lossy Heap Blocks": 0,
                                                    "Workers": [
                                                        {
                                                            "Worker Number": 0,
                                                            "Actual Startup Time": 3.72,
                                                            "Actual Total Time": 36.629,
                                                            "Actual Rows": 5048,
                                                            "Actual Loops": 1
                                                        },
                                                        {
                                                            "Worker Number": 1,
                                                            "Actual Startup Time": 3.645,
                                                            "Actual Total Time": 36.508,
                                                            "Actual Rows": 5518,
                                                            "Actual Loops": 1
                                                        },
                                                        {
                                                            "Worker Number": 2,
                                                            "Actual Startup Time": 3.985,
                                                            "Actual Total Time": 36.714,
                                                            "Actual Rows": 4913,
                                                            "Actual Loops": 1
                                                        }
                                                    ],
                                                    "Plans": [
                                                        {
                                                            "Node Type": "Bitmap Index Scan",
                                                            "Parent Relationship": "Outer",
                                                            "Parallel Aware": false,
                                                            "Index Name": "kind_id_title",
                                                            "Startup Cost": 0.0,
                                                            "Total Cost": 1800.4,
                                                            "Plan Rows": 100796,
                                                            "Plan Width": 0,
                                                            "Actual Startup Time": 10.287,
                                                            "Actual Total Time": 10.287,
                                                            "Actual Rows": 100537,
                                                            "Actual Loops": 1,
                                                            "Index Cond": "(t.kind_id = 3)"
                                                        }
                                                    ]
                                                }
                                            ]
                                        }
                                    ]
                                }
                            ]
                        }
                    ]
                }
            ]
        },
        "Planning Time": 186.58,
        "Triggers": [],
        "Execution Time": 191.974
    }
]