[
  {
    "Plan": {
      "Node Type": "Aggregate",
      "Strategy": "Plain",
      "Partial Mode": "Finalize",
      "Parallel Aware": false,
      "Startup Cost": 258493.69,
      "Total Cost": 258493.7,
      "Plan Rows": 1,
      "Plan Width": 8,
      "Actual Startup Time": 1359.559,
      "Actual Total Time": 1415.153,
      "Actual Rows": 1,
      "Actual Loops": 1,
      "Plans": [
        {
          "Node Type": "Gather",
          "Parent Relationship": "Outer",
          "Parallel Aware": false,
          "Startup Cost": 258493.27,
          "Total Cost": 258493.68,
          "Plan Rows": 4,
          "Plan Width": 8,
          "Actual Startup Time": 1356.055,
          "Actual Total Time": 1415.13,
          "Actual Rows": 5,
          "Actual Loops": 1,
          "Workers Planned": 4,
          "Workers Launched": 4,
          "Single Copy": false,
          "Plans": [
            {
              "Node Type": "Aggregate",
              "Strategy": "Plain",
              "Partial Mode": "Partial",
              "Parent Relationship": "Outer",
              "Parallel Aware": false,
              "Startup Cost": 257493.27,
              "Total Cost": 257493.28,
              "Plan Rows": 1,
              "Plan Width": 8,
              "Actual Startup Time": 1346.033,
              "Actual Total Time": 1346.037,
              "Actual Rows": 1,
              "Actual Loops": 5,
              "Plans": [
                {
                  "Node Type": "Nested Loop",
                  "Parent Relationship": "Outer",
                  "Parallel Aware": false,
                  "Join Type": "Inner",
                  "Startup Cost": 30598.98,
                  "Total Cost": 256789.31,
                  "Plan Rows": 281584,
                  "Plan Width": 0,
                  "Actual Startup Time": 108.976,
                  "Actual Total Time": 1312.476,
                  "Actual Rows": 584621,
                  "Actual Loops": 5,
                  "Inner Unique": false,
                  "Plans": [
                    {
                      "Node Type": "Hash Join",
                      "Parent Relationship": "Outer",
                      "Parallel Aware": true,
                      "Join Type": "Inner",
                      "Startup Cost": 30598.54,
                      "Total Cost": 76397.89,
                      "Plan Rows": 99278,
                      "Plan Width": 8,
                      "Actual Startup Time": 108.9,
                      "Actual Total Time": 335.985,
                      "Actual Rows": 80438,
                      "Actual Loops": 5,
                      "Inner Unique": false,
                      "Hash Cond": "(t.id = mc.movie_id)",
                      "Plans": [
                        {
                          "Node Type": "Seq Scan",
                          "Parent Relationship": "Outer",
                          "Parallel Aware": true,
                          "Relation Name": "title",
                          "Alias": "t",
                          "Startup Cost": 0.0,
                          "Total Cost": 42318.73,
                          "Plan Rows": 632073,
                          "Plan Width": 4,
                          "Actual Startup Time": 0.011,
                          "Actual Total Time": 70.978,
                          "Actual Rows": 505662,
                          "Actual Loops": 5
                        },
                        {
                          "Node Type": "Hash",
                          "Parent Relationship": "Inner",
                          "Parallel Aware": true,
                          "Startup Cost": 28997.29,
                          "Total Cost": 28997.29,
                          "Plan Rows": 128100,
                          "Plan Width": 4,
                          "Actual Startup Time": 95.102,
                          "Actual Total Time": 95.104,
                          "Actual Rows": 80438,
                          "Actual Loops": 5,
                          "Hash Buckets": 524288,
                          "Original Hash Buckets": 524288,
                          "Hash Batches": 1,
                          "Original Hash Batches": 1,
                          "Peak Memory Usage": 19904,
                          "Plans": [
                            {
                              "Node Type": "Bitmap Heap Scan",
                              "Parent Relationship": "Outer",
                              "Parallel Aware": true,
                              "Relation Name": "movie_companies",
                              "Alias": "mc",
                              "Startup Cost": 8606.04,
                              "Total Cost": 28997.29,
                              "Plan Rows": 128100,
                              "Plan Width": 4,
                              "Actual Startup Time": 34.671,
                              "Actual Total Time": 66.318,
                              "Actual Rows": 80438,
                              "Actual Loops": 5,
                              "Recheck Cond": "(company_id > 82003)",
                              "Rows Removed by Index Recheck": 0,
                              "Exact Heap Blocks": 2641,
                              "Lossy Heap Blocks": 0,
                              "Plans": [
                                {
                                  "Node Type": "Bitmap Index Scan",
                                  "Parent Relationship": "Outer",
                                  "Parallel Aware": false,
                                  "Index Name": "company_id_movie_companies",
                                  "Startup Cost": 0.0,
                                  "Total Cost": 8506.76,
                                  "Plan Rows": 397111,
                                  "Plan Width": 0,
                                  "Actual Startup Time": 33.771,
                                  "Actual Total Time": 33.772,
                                  "Actual Rows": 402192,
                                  "Actual Loops": 1,
                                  "Index Cond": "(company_id > 82003)"
                                }
                              ]
                            }
                          ]
                        }
                      ]
                    },
                    {
                      "Node Type": "Index Scan",
                      "Parent Relationship": "Inner",
                      "Parallel Aware": false,
                      "Scan Direction": "Forward",
                      "Index Name": "movie_id_movie_info",
                      "Relation Name": "movie_info",
                      "Alias": "mi",
                      "Startup Cost": 0.43,
                      "Total Cost": 1.62,
                      "Plan Rows": 20,
                      "Plan Width": 4,
                      "Actual Startup Time": 0.004,
                      "Actual Total Time": 0.011,
                      "Actual Rows": 7,
                      "Actual Loops": 402192,
                      "Index Cond": "(movie_id = t.id)",
                      "Rows Removed by Index Recheck": 0,
                      "Filter": "(info_type_id < 8)",
                      "Rows Removed by Filter": 10
                    }
                  ]
                }
              ]
            }
          ]
        }
      ]
    },
    "Planning Time": 1.513,
    "Triggers": [],
    "Execution Time": 1415.288
  }
]