[
  {
    "Plan": {
      "Node Type": "Aggregate",
      "Strategy": "Plain",
      "Partial Mode": "Finalize",
      "Parallel Aware": false,
      "Startup Cost": 347505.27,
      "Total Cost": 347505.28,
      "Plan Rows": 1,
      "Plan Width": 8,
      "Actual Startup Time": 779.473,
      "Actual Total Time": 840.95,
      "Actual Rows": 1,
      "Actual Loops": 1,
      "Plans": [
        {
          "Node Type": "Gather",
          "Parent Relationship": "Outer",
          "Parallel Aware": false,
          "Startup Cost": 347504.64,
          "Total Cost": 347505.25,
          "Plan Rows": 6,
          "Plan Width": 8,
          "Actual Startup Time": 779.309,
          "Actual Total Time": 840.938,
          "Actual Rows": 7,
          "Actual Loops": 1,
          "Workers Planned": 6,
          "Workers Launched": 6,
          "Single Copy": false,
          "Plans": [
            {
              "Node Type": "Aggregate",
              "Strategy": "Plain",
              "Partial Mode": "Partial",
              "Parent Relationship": "Outer",
              "Parallel Aware": false,
              "Startup Cost": 346504.64,
              "Total Cost": 346504.65,
              "Plan Rows": 1,
              "Plan Width": 8,
              "Actual Startup Time": 769.54,
              "Actual Total Time": 769.541,
              "Actual Rows": 1,
              "Actual Loops": 7,
              "Plans": [
                {
                  "Node Type": "Seq Scan",
                  "Parent Relationship": "Outer",
                  "Parallel Aware": true,
                  "Relation Name": "cast_info",
                  "Alias": "ci",
                  "Startup Cost": 0.0,
                  "Total Cost": 343257.03,
                  "Plan Rows": 1299046,
                  "Plan Width": 0,
                  "Actual Startup Time": 270.551,
                  "Actual Total Time": 742.674,
                  "Actual Rows": 472641,
                  "Actual Loops": 7,
                  "Filter": "((person_id < 1168593) AND (role_id > 1))",
                  "Rows Removed by Filter": 4705122
                }
              ]
            }
          ]
        }
      ]
    },
    "Planning Time": 0.213,
    "Triggers": [],
    "Execution Time": 841.012
  }
]