[
  {
    "Plan": {
      "Node Type": "Aggregate",
      "Strategy": "Plain",
      "Partial Mode": "Finalize",
      "Parallel Aware": false,
      "Startup Cost": 96541.07,
      "Total Cost": 96541.08,
      "Plan Rows": 1,
      "Plan Width": 8,
      "Actual Startup Time": 608.576,
      "Actual Total Time": 616.975,
      "Actual Rows": 1,
      "Actual Loops": 1,
      "Plans": [
        {
          "Node Type": "Gather",
          "Parent Relationship": "Outer",
          "Parallel Aware": false,
          "Startup Cost": 96540.85,
          "Total Cost": 96541.06,
          "Plan Rows": 2,
          "Plan Width": 8,
          "Actual Startup Time": 604.245,
          "Actual Total Time": 616.969,
          "Actual Rows": 3,
          "Actual Loops": 1,
          "Workers Planned": 2,
          "Workers Launched": 2,
          "Single Copy": false,
          "Plans": [
            {
              "Node Type": "Aggregate",
              "Strategy": "Plain",
              "Partial Mode": "Partial",
              "Parent Relationship": "Outer",
              "Parallel Aware": false,
              "Startup Cost": 95540.85,
              "Total Cost": 95540.86,
              "Plan Rows": 1,
              "Plan Width": 8,
              "Actual Startup Time": 599.599,
              "Actual Total Time": 599.603,
              "Actual Rows": 1,
              "Actual Loops": 3,
              "Plans": [
                {
                  "Node Type": "Hash Join",
                  "Parent Relationship": "Outer",
                  "Parallel Aware": true,
                  "Join Type": "Inner",
                  "Startup Cost": 79574.12,
                  "Total Cost": 95477.24,
                  "Plan Rows": 25444,
                  "Plan Width": 0,
                  "Actual Startup Time": 512.727,
                  "Actual Total Time": 595.559,
                  "Actual Rows": 97623,
                  "Actual Loops": 3,
                  "Inner Unique": false,
                  "Hash Cond": "(mi_idx.movie_id = t.id)",
                  "Plans": [
                    {
                      "Node Type": "Seq Scan",
                      "Parent Relationship": "Outer",
                      "Parallel Aware": true,
                      "Relation Name": "movie_info_idx",
                      "Alias": "mi_idx",
                      "Startup Cost": 0.0,
                      "Total Cost": 15122.68,
                      "Plan Rows": 191154,
                      "Plan Width": 4,
                      "Actual Startup Time": 0.019,
                      "Actual Total Time": 35.417,
                      "Actual Rows": 153308,
                      "Actual Loops": 3,
                      "Filter": "(info_type_id < 100)",
                      "Rows Removed by Filter": 306703
                    },
                    {
                      "Node Type": "Hash",
                      "Parent Relationship": "Inner",
                      "Parallel Aware": true,
                      "Startup Cost": 78522.44,
                      "Total Cost": 78522.44,
                      "Plan Rows": 84135,
                      "Plan Width": 8,
                      "Actual Startup Time": 508.865,
                      "Actual Total Time": 508.869,
                      "Actual Rows": 211956,
                      "Actual Loops": 3,
                      "Hash Buckets": 1048576,
                      "Original Hash Buckets": 524288,
                      "Hash Batches": 1,
                      "Original Hash Batches": 1,
                      "Peak Memory Usage": 37248,
                      "Plans": [
                        {
                          "Node Type": "Hash Join",
                          "Parent Relationship": "Outer",
                          "Parallel Aware": true,
                          "Join Type": "Inner",
                          "Startup Cost": 32771.83,
                          "Total Cost": 78522.44,
                          "Plan Rows": 84135,
                          "Plan Width": 8,
                          "Actual Startup Time": 160.349,
                          "Actual Total Time": 436.09,
                          "Actual Rows": 211956,
                          "Actual Loops": 3,
                          "Inner Unique": false,
                          "Hash Cond": "(t.id = mc.movie_id)",
                          "Plans": [
                            {
                              "Node Type": "Seq Scan",
                              "Parent Relationship": "Outer",
                              "Parallel Aware": true,
                              "Relation Name": "title",
                              "Alias": "t",
                              "Startup Cost": 0.0,
                              "Total Cost": 42318.81,
                              "Plan Rows": 632080,
                              "Plan Width": 4,
                              "Actual Startup Time": 0.008,
                              "Actual Total Time": 78.591,
                              "Actual Rows": 842771,
                              "Actual Loops": 3
                            },
                            {
                              "Node Type": "Hash",
                              "Parent Relationship": "Inner",
                              "Parallel Aware": true,
                              "Startup Cost": 31414.82,
                              "Total Cost": 31414.82,
                              "Plan Rows": 108561,
                              "Plan Width": 4,
                              "Actual Startup Time": 158.21,
                              "Actual Total Time": 158.211,
                              "Actual Rows": 211956,
                              "Actual Loops": 3,
                              "Hash Buckets": 1048576,
                              "Original Hash Buckets": 524288,
                              "Hash Batches": 1,
                              "Original Hash Batches": 1,
                              "Peak Memory Usage": 37216,
                              "Plans": [
                                {
                                  "Node Type": "Seq Scan",
                                  "Parent Relationship": "Outer",
                                  "Parallel Aware": true,
                                  "Relation Name": "movie_companies",
                                  "Alias": "mc",
                                  "Startup Cost": 0.0,
                                  "Total Cost": 31414.82,
                                  "Plan Rows": 108561,
                                  "Plan Width": 4,
                                  "Actual Startup Time": 48.138,
                                  "Actual Total Time": 91.926,
                                  "Actual Rows": 211956,
                                  "Actual Loops": 3,
                                  "Filter": "((company_id > 52936) AND (company_type_id = 2))",
                                  "Rows Removed by Filter": 657754
                                }
                              ]
                            }
                          ]
                        }
                      ]
                    }
                  ]
                }
              ]
            }
          ]
        }
      ]
    },
    "Planning Time": 1.139,
    "Triggers": [],
    "Execution Time": 617.042
  }
]