[
  {
    "Plan": {
      "Node Type": "Aggregate",
      "Strategy": "Plain",
      "Partial Mode": "Finalize",
      "Parallel Aware": false,
      "Startup Cost": 221882.98,
      "Total Cost": 221882.99,
      "Plan Rows": 1,
      "Plan Width": 8,
      "Actual Startup Time": 222.225,
      "Actual Total Time": 236.981,
      "Actual Rows": 1,
      "Actual Loops": 1,
      "Plans": [
        {
          "Node Type": "Gather",
          "Parent Relationship": "Outer",
          "Parallel Aware": false,
          "Startup Cost": 221882.45,
          "Total Cost": 221882.96,
          "Plan Rows": 5,
          "Plan Width": 8,
          "Actual Startup Time": 219.603,
          "Actual Total Time": 236.972,
          "Actual Rows": 6,
          "Actual Loops": 1,
          "Workers Planned": 5,
          "Workers Launched": 5,
          "Single Copy": false,
          "Plans": [
            {
              "Node Type": "Aggregate",
              "Strategy": "Plain",
              "Partial Mode": "Partial",
              "Parent Relationship": "Outer",
              "Parallel Aware": false,
              "Startup Cost": 220882.45,
              "Total Cost": 220882.46,
              "Plan Rows": 1,
              "Plan Width": 8,
              "Actual Startup Time": 207.989,
              "Actual Total Time": 207.992,
              "Actual Rows": 1,
              "Actual Loops": 6,
              "Plans": [
                {
                  "Node Type": "Nested Loop",
                  "Parent Relationship": "Outer",
                  "Parallel Aware": false,
                  "Join Type": "Inner",
                  "Startup Cost": 47638.16,
                  "Total Cost": 220863.83,
                  "Plan Rows": 7448,
                  "Plan Width": 0,
                  "Actual Startup Time": 118.128,
                  "Actual Total Time": 199.452,
                  "Actual Rows": 174974,
                  "Actual Loops": 6,
                  "Inner Unique": false,
                  "Plans": [
                    {
                      "Node Type": "Hash Join",
                      "Parent Relationship": "Outer",
                      "Parallel Aware": true,
                      "Join Type": "Inner",
                      "Startup Cost": 47637.72,
                      "Total Cost": 211854.14,
                      "Plan Rows": 4163,
                      "Plan Width": 8,
                      "Actual Startup Time": 118.027,
                      "Actual Total Time": 131.084,
                      "Actual Rows": 4720,
                      "Actual Loops": 6,
                      "Inner Unique": true,
                      "Hash Cond": "(mi.movie_id = t.id)",
                      "Plans": [
                        {
                          "Node Type": "Bitmap Heap Scan",
                          "Parent Relationship": "Outer",
                          "Parallel Aware": true,
                          "Relation Name": "movie_info",
                          "Alias": "mi",
                          "Startup Cost": 2584.16,
                          "Total Cost": 166725.81,
                          "Plan Rows": 28483,
                          "Plan Width": 4,
                          "Actual Startup Time": 5.247,
                          "Actual Total Time": 10.078,
                          "Actual Rows": 23344,
                          "Actual Loops": 6,
                          "Recheck Cond": "(info_type_id = 9)",
                          "Rows Removed by Index Recheck": 0,
                          "Exact Heap Blocks": 256,
                          "Lossy Heap Blocks": 0,
                          "Plans": [
                            {
                              "Node Type": "Bitmap Index Scan",
                              "Parent Relationship": "Outer",
                              "Parallel Aware": false,
                              "Index Name": "info_type_id_movie_info",
                              "Startup Cost": 0.0,
                              "Total Cost": 2548.55,
                              "Plan Rows": 142416,
                              "Plan Width": 0,
                              "Actual Startup Time": 4.974,
                              "Actual Total Time": 4.975,
                              "Actual Rows": 140065,
                              "Actual Loops": 1,
                              "Index Cond": "(info_type_id = 9)"
                            }
                          ]
                        },
                        {
                          "Node Type": "Hash",
                          "Parent Relationship": "Inner",
                          "Parallel Aware": true,
                          "Startup Cost": 43898.92,
                          "Total Cost": 43898.92,
                          "Plan Rows": 92372,
                          "Plan Width": 4,
                          "Actual Startup Time": 110.04,
                          "Actual Total Time": 110.041,
                          "Actual Rows": 63572,
                          "Actual Loops": 6,
                          "Hash Buckets": 524288,
                          "Original Hash Buckets": 524288,
                          "Hash Batches": 1,
                          "Original Hash Batches": 1,
                          "Peak Memory Usage": 19104,
                          "Plans": [
                            {
                              "Node Type": "Seq Scan",
                              "Parent Relationship": "Outer",
                              "Parallel Aware": true,
                              "Relation Name": "title",
                              "Alias": "t",
                              "Startup Cost": 0.0,
                              "Total Cost": 43898.92,
                              "Plan Rows": 92372,
                              "Plan Width": 4,
                              "Actual Startup Time": 0.045,
                              "Actual Total Time": 81.983,
                              "Actual Rows": 63572,
                              "Actual Loops": 6,
                              "Filter": "(production_year < 1971)",
                              "Rows Removed by Filter": 357814
                            }
                          ]
                        }
                      ]
                    },
                    {
                      "Node Type": "Index Only Scan",
                      "Parent Relationship": "Inner",
                      "Parallel Aware": false,
                      "Scan Direction": "Forward",
                      "Index Name": "movie_id_movie_keyword",
                      "Relation Name": "movie_keyword",
                      "Alias": "mk",
                      "Startup Cost": 0.43,
                      "Total Cost": 1.71,
                      "Plan Rows": 45,
                      "Plan Width": 4,
                      "Actual Startup Time": 0.006,
                      "Actual Total Time": 0.011,
                      "Actual Rows": 37,
                      "Actual Loops": 28322,
                      "Index Cond": "(movie_id = t.id)",
                      "Rows Removed by Index Recheck": 0,
                      "Heap Fetches": 1049845
                    }
                  ]
                }
              ]
            }
          ]
        }
      ]
    },
    "Planning Time": 1.409,
    "Triggers": [],
    "Execution Time": 237.09
  }
]