[
  {
    "Plan": {
      "Node Type": "Aggregate",
      "Strategy": "Plain",
      "Partial Mode": "Simple",
      "Parallel Aware": false,
      "Startup Cost": 11269.2,
      "Total Cost": 11269.21,
      "Plan Rows": 1,
      "Plan Width": 128,
      "Actual Startup Time": 3959.289,
      "Actual Total Time": 3959.295,
      "Actual Rows": 1,
      "Actual Loops": 1,
      "Plans": [
        {
          "Node Type": "Nested Loop",
          "Parent Relationship": "Outer",
          "Parallel Aware": false,
          "Join Type": "Inner",
          "Startup Cost": 13.08,
          "Total Cost": 11269.19,
          "Plan Rows": 1,
          "Plan Width": 80,
          "Actual Startup Time": 7.365,
          "Actual Total Time": 3955.365,
          "Actual Rows": 8998,
          "Actual Loops": 1,
          "Inner Unique": true,
          "Join Filter": "(mi.movie_id = t.id)",
          "Rows Removed by Join Filter": 0,
          "Plans": [
            {
              "Node Type": "Nested Loop",
              "Parent Relationship": "Outer",
              "Parallel Aware": false,
              "Join Type": "Inner",
              "Startup Cost": 12.65,
              "Total Cost": 11268.69,
              "Plan Rows": 1,
              "Plan Width": 79,
              "Actual Startup Time": 7.313,
              "Actual Total Time": 3905.442,
              "Actual Rows": 8998,
              "Actual Loops": 1,
              "Inner Unique": true,
              "Plans": [
                {
                  "Node Type": "Nested Loop",
                  "Parent Relationship": "Outer",
                  "Parallel Aware": false,
                  "Join Type": "Inner",
                  "Startup Cost": 12.22,
                  "Total Cost": 11268.01,
                  "Plan Rows": 1,
                  "Plan Width": 68,
                  "Actual Startup Time": 7.255,
                  "Actual Total Time": 3784.152,
                  "Actual Rows": 15359,
                  "Actual Loops": 1,
                  "Inner Unique": false,
                  "Join Filter": "(mi.movie_id = ci.movie_id)",
                  "Rows Removed by Join Filter": 0,
                  "Plans": [
                    {
                      "Node Type": "Nested Loop",
                      "Parent Relationship": "Outer",
                      "Parallel Aware": false,
                      "Join Type": "Inner",
                      "Startup Cost": 11.66,
                      "Total Cost": 11266.26,
                      "Plan Rows": 1,
                      "Plan Width": 60,
                      "Actual Startup Time": 5.761,
                      "Actual Total Time": 1443.073,
                      "Actual Rows": 35323,
                      "Actual Loops": 1,
                      "Inner Unique": false,
                      "Join Filter": "(mi.info_type_id = it1.id)",
                      "Rows Removed by Join Filter": 2022,
                      "Plans": [
                        {
                          "Node Type": "Seq Scan",
                          "Parent Relationship": "Outer",
                          "Parallel Aware": false,
                          "Relation Name": "info_type",
                          "Alias": "it1",
                          "Startup Cost": 0.0,
                          "Total Cost": 2.41,
                          "Plan Rows": 1,
                          "Plan Width": 4,
                          "Actual Startup Time": 0.015,
                          "Actual Total Time": 0.023,
                          "Actual Rows": 1,
                          "Actual Loops": 1,
                          "Filter": "((info)::text = 'genres'::text)",
                          "Rows Removed by Filter": 112
                        },
                        {
                          "Node Type": "Nested Loop",
                          "Parent Relationship": "Inner",
                          "Parallel Aware": false,
                          "Join Type": "Inner",
                          "Startup Cost": 11.66,
                          "Total Cost": 11263.69,
                          "Plan Rows": 13,
                          "Plan Width": 64,
                          "Actual Startup Time": 5.743,
                          "Actual Total Time": 1436.87,
                          "Actual Rows": 37345,
                          "Actual Loops": 1,
                          "Inner Unique": false,
                          "Join Filter": "(mi_idx.movie_id = mi.movie_id)",
                          "Rows Removed by Join Filter": 0,
                          "Plans": [
                            {
                              "Node Type": "Nested Loop",
                              "Parent Relationship": "Outer",
                              "Parallel Aware": false,
                              "Join Type": "Inner",
                              "Startup Cost": 11.22,
                              "Total Cost": 11253.63,
                              "Plan Rows": 6,
                              "Plan Width": 13,
                              "Actual Startup Time": 5.539,
                              "Actual Total Time": 303.431,
                              "Actual Rows": 38570,
                              "Actual Loops": 1,
                              "Inner Unique": false,
                              "Join Filter": "(mi_idx.info_type_id = it2.id)",
                              "Rows Removed by Join Filter": 77392,
                              "Plans": [
                                {
                                  "Node Type": "Seq Scan",
                                  "Parent Relationship": "Outer",
                                  "Parallel Aware": false,
                                  "Relation Name": "info_type",
                                  "Alias": "it2",
                                  "Startup Cost": 0.0,
                                  "Total Cost": 2.41,
                                  "Plan Rows": 1,
                                  "Plan Width": 4,
                                  "Actual Startup Time": 0.012,
                                  "Actual Total Time": 0.015,
                                  "Actual Rows": 1,
                                  "Actual Loops": 1,
                                  "Filter": "((info)::text = 'votes'::text)",
                                  "Rows Removed by Filter": 112
                                },
                                {
                                  "Node Type": "Nested Loop",
                                  "Parent Relationship": "Inner",
                                  "Parallel Aware": false,
                                  "Join Type": "Inner",
                                  "Startup Cost": 11.22,
                                  "Total Cost": 11242.1,
                                  "Plan Rows": 729,
                                  "Plan Width": 17,
                                  "Actual Startup Time": 5.524,
                                  "Actual Total Time": 292.363,
                                  "Actual Rows": 115962,
                                  "Actual Loops": 1,
                                  "Inner Unique": false,
                                  "Plans": [
                                    {
                                      "Node Type": "Nested Loop",
                                      "Parent Relationship": "Outer",
                                      "Parallel Aware": false,
                                      "Join Type": "Inner",
                                      "Startup Cost": 10.8,
                                      "Total Cost": 11118.79,
                                      "Plan Rows": 236,
                                      "Plan Width": 4,
                                      "Actual Startup Time": 5.478,
                                      "Actual Total Time": 107.757,
                                      "Actual Rows": 53970,
                                      "Actual Loops": 1,
                                      "Inner Unique": false,
                                      "Plans": [
                                        {
                                          "Node Type": "Seq Scan",
                                          "Parent Relationship": "Outer",
                                          "Parallel Aware": false,
                                          "Relation Name": "keyword",
                                          "Alias": "k",
                                          "Startup Cost": 0.0,
                                          "Total Cost": 3464.69,
                                          "Plan Rows": 7,
                                          "Plan Width": 4,
                                          "Actual Startup Time": 1.002,
                                          "Actual Total Time": 18.713,
                                          "Actual Rows": 6,
                                          "Actual Loops": 1,
                                          "Filter": "(keyword = ANY ('{gore,death,based-on-novel,sequel,marvel-comics,computer-animated-movie,sunshine}'::text[]))",
                                          "Rows Removed by Filter": 134164
                                        },
                                        {
                                          "Node Type": "Bitmap Heap Scan",
                                          "Parent Relationship": "Inner",
                                          "Parallel Aware": false,
                                          "Relation Name": "movie_keyword",
                                          "Alias": "mk",
                                          "Startup Cost": 10.8,
                                          "Total Cost": 1090.39,
                                          "Plan Rows": 305,
                                          "Plan Width": 8,
                                          "Actual Startup Time": 1.757,
                                          "Actual Total Time": 13.704,
                                          "Actual Rows": 8995,
                                          "Actual Loops": 6,
                                          "Recheck Cond": "(keyword_id = k.id)",
                                          "Rows Removed by Index Recheck": 0,
                                          "Exact Heap Blocks": 29150,
                                          "Lossy Heap Blocks": 0,
                                          "Plans": [
                                            {
                                              "Node Type": "Bitmap Index Scan",
                                              "Parent Relationship": "Outer",
                                              "Parallel Aware": false,
                                              "Index Name": "keyword_id_movie_keyword",
                                              "Startup Cost": 0.0,
                                              "Total Cost": 10.72,
                                              "Plan Rows": 305,
                                              "Plan Width": 0,
                                              "Actual Startup Time": 1.122,
                                              "Actual Total Time": 1.123,
                                              "Actual Rows": 8995,
                                              "Actual Loops": 6,
                                              "Index Cond": "(keyword_id = k.id)"
                                            }
                                          ]
                                        }
                                      ]
                                    },
                                    {
                                      "Node Type": "Index Scan",
                                      "Parent Relationship": "Inner",
                                      "Parallel Aware": false,
                                      "Scan Direction": "Forward",
                                      "Index Name": "movie_id_movie_info_idx",
                                      "Relation Name": "movie_info_idx",
                                      "Alias": "mi_idx",
                                      "Startup Cost": 0.43,
                                      "Total Cost": 0.49,
                                      "Plan Rows": 3,
                                      "Plan Width": 13,
                                      "Actual Startup Time": 0.003,
                                      "Actual Total Time": 0.003,
                                      "Actual Rows": 2,
                                      "Actual Loops": 53970,
                                      "Index Cond": "(movie_id = mk.movie_id)",
                                      "Rows Removed by Index Recheck": 0
                                    }
                                  ]
                                }
                              ]
                            },
                            {
                              "Node Type": "Index Scan",
                              "Parent Relationship": "Inner",
                              "Parallel Aware": false,
                              "Scan Direction": "Forward",
                              "Index Name": "movie_id_movie_info",
                              "Relation Name": "movie_info",
                              "Alias": "mi",
                              "Startup Cost": 0.43,
                              "Total Cost": 1.65,
                              "Plan Rows": 2,
                              "Plan Width": 51,
                              "Actual Startup Time": 0.028,
                              "Actual Total Time": 0.029,
                              "Actual Rows": 1,
                              "Actual Loops": 38570,
                              "Index Cond": "(movie_id = mk.movie_id)",
                              "Rows Removed by Index Recheck": 0,
                              "Filter": "(info = ANY ('{War,Drama,Horror,Sci-Fi,Crime,Short}'::text[]))",
                              "Rows Removed by Filter": 47
                            }
                          ]
                        }
                      ]
                    },
                    {
                      "Node Type": "Index Scan",
                      "Parent Relationship": "Inner",
                      "Parallel Aware": false,
                      "Scan Direction": "Forward",
                      "Index Name": "movie_id_cast_info",
                      "Relation Name": "cast_info",
                      "Alias": "ci",
                      "Startup Cost": 0.56,
                      "Total Cost": 1.73,
                      "Plan Rows": 1,
                      "Plan Width": 8,
                      "Actual Startup Time": 0.057,
                      "Actual Total Time": 0.066,
                      "Actual Rows": 0,
                      "Actual Loops": 35323,
                      "Index Cond": "(movie_id = mk.movie_id)",
                      "Rows Removed by Index Recheck": 0,
                      "Filter": "(note = ANY ('{(writer),\"(head writer)\",\"(written by)\",(story),\"(story editor)\"}'::text[]))",
                      "Rows Removed by Filter": 52
                    }
                  ]
                },
                {
                  "Node Type": "Index Scan",
                  "Parent Relationship": "Inner",
                  "Parallel Aware": false,
                  "Scan Direction": "Forward",
                  "Index Name": "name_pkey",
                  "Relation Name": "name",
                  "Alias": "n",
                  "Startup Cost": 0.43,
                  "Total Cost": 0.69,
                  "Plan Rows": 1,
                  "Plan Width": 19,
                  "Actual Startup Time": 0.007,
                  "Actual Total Time": 0.007,
                  "Actual Rows": 1,
                  "Actual Loops": 15359,
                  "Index Cond": "(id = ci.person_id)",
                  "Rows Removed by Index Recheck": 0,
                  "Filter": "((gender)::text = 'm'::text)",
                  "Rows Removed by Filter": 0
                }
              ]
            },
            {
              "Node Type": "Index Scan",
              "Parent Relationship": "Inner",
              "Parallel Aware": false,
              "Scan Direction": "Forward",
              "Index Name": "title_pkey",
              "Relation Name": "title",
              "Alias": "t",
              "Startup Cost": 0.43,
              "Total Cost": 0.49,
              "Plan Rows": 1,
              "Plan Width": 21,
              "Actual Startup Time": 0.005,
              "Actual Total Time": 0.005,
              "Actual Rows": 1,
              "Actual Loops": 8998,
              "Index Cond": "(id = mk.movie_id)",
              "Rows Removed by Index Recheck": 0
            }
          ]
        }
      ]
    },
    "Planning Time": 27.012,
    "Triggers": [],
    "Execution Time": 3959.68
  }
]