[
  {
    "Plan": {
      "Node Type": "Aggregate",
      "Strategy": "Plain",
      "Partial Mode": "Finalize",
      "Parallel Aware": false,
      "Startup Cost": 76770.66,
      "Total Cost": 76770.67,
      "Plan Rows": 1,
      "Plan Width": 8,
      "Actual Startup Time": 316.608,
      "Actual Total Time": 334.367,
      "Actual Rows": 1,
      "Actual Loops": 1,
      "Plans": [
        {
          "Node Type": "Gather",
          "Parent Relationship": "Outer",
          "Parallel Aware": false,
          "Startup Cost": 76770.34,
          "Total Cost": 76770.65,
          "Plan Rows": 3,
          "Plan Width": 8,
          "Actual Startup Time": 315.264,
          "Actual Total Time": 334.358,
          "Actual Rows": 4,
          "Actual Loops": 1,
          "Workers Planned": 3,
          "Workers Launched": 3,
          "Single Copy": false,
          "Plans": [
            {
              "Node Type": "Aggregate",
              "Strategy": "Plain",
              "Partial Mode": "Partial",
              "Parent Relationship": "Outer",
              "Parallel Aware": false,
              "Startup Cost": 75770.34,
              "Total Cost": 75770.35,
              "Plan Rows": 1,
              "Plan Width": 8,
              "Actual Startup Time": 306.85,
              "Actual Total Time": 306.919,
              "Actual Rows": 1,
              "Actual Loops": 4,
              "Plans": [
                {
                  "Node Type": "Hash Join",
                  "Parent Relationship": "Outer",
                  "Parallel Aware": true,
                  "Join Type": "Inner",
                  "Startup Cost": 46170.36,
                  "Total Cost": 75586.25,
                  "Plan Rows": 73637,
                  "Plan Width": 0,
                  "Actual Startup Time": 161.372,
                  "Actual Total Time": 298.712,
                  "Actual Rows": 182381,
                  "Actual Loops": 4,
                  "Inner Unique": true,
                  "Hash Cond": "(mc.movie_id = t.id)",
                  "Plans": [
                    {
                      "Node Type": "Seq Scan",
                      "Parent Relationship": "Outer",
                      "Parallel Aware": true,
                      "Relation Name": "movie_companies",
                      "Alias": "mc",
                      "Startup Cost": 0.0,
                      "Total Cost": 27206.55,
                      "Plan Rows": 841655,
                      "Plan Width": 4,
                      "Actual Startup Time": 0.02,
                      "Actual Total Time": 59.943,
                      "Actual Rows": 652282,
                      "Actual Loops": 4
                    },
                    {
                      "Node Type": "Hash",
                      "Parent Relationship": "Inner",
                      "Parallel Aware": true,
                      "Startup Cost": 45479.1,
                      "Total Cost": 45479.1,
                      "Plan Rows": 55301,
                      "Plan Width": 4,
                      "Actual Startup Time": 132.512,
                      "Actual Total Time": 132.513,
                      "Actual Rows": 86803,
                      "Actual Loops": 4,
                      "Hash Buckets": 524288,
                      "Original Hash Buckets": 262144,
                      "Hash Batches": 1,
                      "Original Hash Batches": 1,
                      "Peak Memory Usage": 19808,
                      "Plans": [
                        {
                          "Node Type": "Seq Scan",
                          "Parent Relationship": "Outer",
                          "Parallel Aware": true,
                          "Relation Name": "title",
                          "Alias": "t",
                          "Startup Cost": 0.0,
                          "Total Cost": 45479.1,
                          "Plan Rows": 55301,
                          "Plan Width": 4,
                          "Actual Startup Time": 61.717,
                          "Actual Total Time": 103.748,
                          "Actual Rows": 86803,
                          "Actual Loops": 4,
                          "Filter": "((production_year < 1996) AND (kind_id = 1))",
                          "Rows Removed by Filter": 545275
                        }
                      ]
                    }
                  ]
                }
              ]
            }
          ]
        }
      ]
    },
    "Planning Time": 0.638,
    "Triggers": [],
    "Execution Time": 334.438
  }
]