[
  {
    "Plan": {
      "Node Type": "Aggregate",
      "Strategy": "Plain",
      "Partial Mode": "Finalize",
      "Parallel Aware": false,
      "Startup Cost": 33469.72,
      "Total Cost": 33469.73,
      "Plan Rows": 1,
      "Plan Width": 8,
      "Actual Startup Time": 92.917,
      "Actual Total Time": 101.341,
      "Actual Rows": 1,
      "Actual Loops": 1,
      "Plans": [
        {
          "Node Type": "Gather",
          "Parent Relationship": "Outer",
          "Parallel Aware": false,
          "Startup Cost": 33469.4,
          "Total Cost": 33469.71,
          "Plan Rows": 3,
          "Plan Width": 8,
          "Actual Startup Time": 92.786,
          "Actual Total Time": 101.334,
          "Actual Rows": 4,
          "Actual Loops": 1,
          "Workers Planned": 3,
          "Workers Launched": 3,
          "Single Copy": false,
          "Plans": [
            {
              "Node Type": "Aggregate",
              "Strategy": "Plain",
              "Partial Mode": "Partial",
              "Parent Relationship": "Outer",
              "Parallel Aware": false,
              "Startup Cost": 32469.4,
              "Total Cost": 32469.41,
              "Plan Rows": 1,
              "Plan Width": 8,
              "Actual Startup Time": 89.024,
              "Actual Total Time": 89.026,
              "Actual Rows": 1,
              "Actual Loops": 4,
              "Plans": [
                {
                  "Node Type": "Seq Scan",
                  "Parent Relationship": "Outer",
                  "Parallel Aware": true,
                  "Relation Name": "movie_companies",
                  "Alias": "mc",
                  "Startup Cost": 0.0,
                  "Total Cost": 31414.82,
                  "Plan Rows": 421834,
                  "Plan Width": 0,
                  "Actual Startup Time": 39.28,
                  "Actual Total Time": 76.092,
                  "Actual Rows": 321307,
                  "Actual Loops": 4,
                  "Filter": "((company_id < 191703) AND (company_type_id > 1))",
                  "Rows Removed by Filter": 330975
                }
              ]
            }
          ]
        }
      ]
    },
    "Planning Time": 0.115,
    "Triggers": [],
    "Execution Time": 101.375
  }
]