[
  {
    "Plan": {
      "Node Type": "Aggregate",
      "Strategy": "Plain",
      "Partial Mode": "Finalize",
      "Parallel Aware": false,
      "Startup Cost": 262787.81,
      "Total Cost": 262787.82,
      "Plan Rows": 1,
      "Plan Width": 8,
      "Actual Startup Time": 646.568,
      "Actual Total Time": 677.958,
      "Actual Rows": 1,
      "Actual Loops": 1,
      "Plans": [
        {
          "Node Type": "Gather",
          "Parent Relationship": "Outer",
          "Parallel Aware": false,
          "Startup Cost": 262787.19,
          "Total Cost": 262787.8,
          "Plan Rows": 6,
          "Plan Width": 8,
          "Actual Startup Time": 645.556,
          "Actual Total Time": 677.949,
          "Actual Rows": 7,
          "Actual Loops": 1,
          "Workers Planned": 6,
          "Workers Launched": 6,
          "Single Copy": false,
          "Plans": [
            {
              "Node Type": "Aggregate",
              "Strategy": "Plain",
              "Partial Mode": "Partial",
              "Parent Relationship": "Outer",
              "Parallel Aware": false,
              "Startup Cost": 261787.19,
              "Total Cost": 261787.2,
              "Plan Rows": 1,
              "Plan Width": 8,
              "Actual Startup Time": 634.344,
              "Actual Total Time": 634.345,
              "Actual Rows": 1,
              "Actual Loops": 7,
              "Plans": [
                {
                  "Node Type": "Nested Loop",
                  "Parent Relationship": "Outer",
                  "Parallel Aware": false,
                  "Join Type": "Inner",
                  "Startup Cost": 1.42,
                  "Total Cost": 261765.15,
                  "Plan Rows": 8815,
                  "Plan Width": 0,
                  "Actual Startup Time": 230.154,
                  "Actual Total Time": 629.272,
                  "Actual Rows": 80232,
                  "Actual Loops": 7,
                  "Inner Unique": true,
                  "Join Filter": "(ci.movie_id = t.id)",
                  "Rows Removed by Join Filter": 0,
                  "Plans": [
                    {
                      "Node Type": "Nested Loop",
                      "Parent Relationship": "Outer",
                      "Parallel Aware": false,
                      "Join Type": "Inner",
                      "Startup Cost": 0.99,
                      "Total Cost": 248436.09,
                      "Plan Rows": 22575,
                      "Plan Width": 8,
                      "Actual Startup Time": 230.086,
                      "Actual Total Time": 407.319,
                      "Actual Rows": 80232,
                      "Actual Loops": 7,
                      "Inner Unique": false,
                      "Plans": [
                        {
                          "Node Type": "Index Scan",
                          "Parent Relationship": "Outer",
                          "Parallel Aware": true,
                          "Scan Direction": "Forward",
                          "Index Name": "role_id_cast_info",
                          "Relation Name": "cast_info",
                          "Alias": "ci",
                          "Startup Cost": 0.56,
                          "Total Cost": 230750.01,
                          "Plan Rows": 16149,
                          "Plan Width": 4,
                          "Actual Startup Time": 229.881,
                          "Actual Total Time": 251.014,
                          "Actual Rows": 56500,
                          "Actual Loops": 7,
                          "Index Cond": "(role_id > 5)",
                          "Rows Removed by Index Recheck": 0,
                          "Filter": "(person_id > 3987966)",
                          "Rows Removed by Filter": 1155830
                        },
                        {
                          "Node Type": "Index Only Scan",
                          "Parent Relationship": "Inner",
                          "Parallel Aware": false,
                          "Scan Direction": "Forward",
                          "Index Name": "movie_id_movie_info_idx",
                          "Relation Name": "movie_info_idx",
                          "Alias": "mi_idx",
                          "Startup Cost": 0.43,
                          "Total Cost": 1.07,
                          "Plan Rows": 3,
                          "Plan Width": 4,
                          "Actual Startup Time": 0.002,
                          "Actual Total Time": 0.002,
                          "Actual Rows": 1,
                          "Actual Loops": 395502,
                          "Index Cond": "(movie_id = ci.movie_id)",
                          "Rows Removed by Index Recheck": 0,
                          "Heap Fetches": 561627
                        }
                      ]
                    },
                    {
                      "Node Type": "Index Only Scan",
                      "Parent Relationship": "Inner",
                      "Parallel Aware": false,
                      "Scan Direction": "Forward",
                      "Index Name": "title_pkey",
                      "Relation Name": "title",
                      "Alias": "t",
                      "Startup Cost": 0.43,
                      "Total Cost": 0.58,
                      "Plan Rows": 1,
                      "Plan Width": 4,
                      "Actual Startup Time": 0.003,
                      "Actual Total Time": 0.003,
                      "Actual Rows": 1,
                      "Actual Loops": 561627,
                      "Index Cond": "(id = mi_idx.movie_id)",
                      "Rows Removed by Index Recheck": 0,
                      "Heap Fetches": 561627
                    }
                  ]
                }
              ]
            }
          ]
        }
      ]
    },
    "Planning Time": 1.194,
    "Triggers": [],
    "Execution Time": 678.041
  }
]