{
  "Plan": {
    "Node Type": "Aggregate",
    "Strategy": "Plain",
    "Partial Mode": "Finalize",
    "Parallel Aware": false,
    "Startup Cost": 347958.44,
    "Total Cost": 347958.45,
    "Plan Rows": 1,
    "Plan Width": 8,
    "Actual Startup Time": 2924.077,
    "Actual Total Time": 2970.79,
    "Actual Rows": 1,
    "Actual Loops": 1,
    "Plans": [
      {
        "Node Type": "Gather",
        "Parent Relationship": "Outer",
        "Parallel Aware": false,
        "Startup Cost": 347958.33,
        "Total Cost": 347958.44,
        "Plan Rows": 1,
        "Plan Width": 8,
        "Actual Startup Time": 2921.991,
        "Actual Total Time": 2970.783,
        "Actual Rows": 2,
        "Actual Loops": 1,
        "Workers Planned": 1,
        "Workers Launched": 1,
        "Single Copy": false,
        "Plans": [
          {
            "Node Type": "Aggregate",
            "Strategy": "Plain",
            "Partial Mode": "Partial",
            "Parent Relationship": "Outer",
            "Parallel Aware": false,
            "Startup Cost": 346958.33,
            "Total Cost": 346958.34,
            "Plan Rows": 1,
            "Plan Width": 8,
            "Actual Startup Time": 2916.516,
            "Actual Total Time": 2916.519,
            "Actual Rows": 1,
            "Actual Loops": 2,
            "Plans": [
              {
                "Node Type": "Hash Join",
                "Parent Relationship": "Outer",
                "Parallel Aware": true,
                "Join Type": "Inner",
                "Startup Cost": 66081.86,
                "Total Cost": 337865.34,
                "Plan Rows": 3637194,
                "Plan Width": 0,
                "Actual Startup Time": 348.844,
                "Actual Total Time": 2811.897,
                "Actual Rows": 2083368,
                "Actual Loops": 2,
                "Inner Unique": true,
                "Hash Cond": "(mi.movie_id = t.id)",
                "Plans": [
                  {
                    "Node Type": "Seq Scan",
                    "Parent Relationship": "Outer",
                    "Parallel Aware": true,
                    "Relation Name": "movie_info",
                    "Alias": "mi",
                    "Startup Cost": 0.0,
                    "Total Cost": 248955.74,
                    "Plan Rows": 8696274,
                    "Plan Width": 4,
                    "Actual Startup Time": 0.01,
                    "Actual Total Time": 740.245,
                    "Actual Rows": 7417860,
                    "Actual Loops": 2
                  },
                  {
                    "Node Type": "Hash",
                    "Parent Relationship": "Inner",
                    "Parallel Aware": true,
                    "Startup Cost": 58306.47,
                    "Total Cost": 58306.47,
                    "Plan Rows": 622031,
                    "Plan Width": 4,
                    "Actual Startup Time": 339.795,
                    "Actual Total Time": 339.796,
                    "Actual Rows": 501634,
                    "Actual Loops": 2,
                    "Hash Buckets": 2097152,
                    "Original Hash Buckets": 2097152,
                    "Hash Batches": 1,
                    "Original Hash Batches": 1,
                    "Peak Memory Usage": 55680,
                    "Plans": [
                      {
                        "Node Type": "Seq Scan",
                        "Parent Relationship": "Outer",
                        "Parallel Aware": true,
                        "Relation Name": "title",
                        "Alias": "t",
                        "Startup Cost": 0.0,
                        "Total Cost": 58306.47,
                        "Plan Rows": 622031,
                        "Plan Width": 4,
                        "Actual Startup Time": 0.035,
                        "Actual Total Time": 188.129,
                        "Actual Rows": 501634,
                        "Actual Loops": 2,
                        "Filter": "((kind_id > 1) AND (production_year < 2006))",
                        "Rows Removed by Filter": 762522
                      }
                    ]
                  }
                ]
              }
            ]
          }
        ]
      }
    ]
  },
  "Planning Time": 0.34,
  "Triggers": [],
  "Execution Time": 2970.84
}