[
    {
        "Bao": {
            "Bao prediction": "NaN",
            "Bao recommended hint": "(no hint)"
        }
    },
    {
        "Plan": {
            "Node Type": "Aggregate",
            "Strategy": "Plain",
            "Partial Mode": "Finalize",
            "Parallel Aware": false,
            "Startup Cost": 275097.51,
            "Total Cost": 275097.52,
            "Plan Rows": 1,
            "Plan Width": 8,
            "Actual Startup Time": 44.155,
            "Actual Total Time": 47.273,
            "Actual Rows": 1,
            "Actual Loops": 1,
            "Output": [
                "count(*)"
            ],
            "Plans": [
                {
                    "Node Type": "Gather",
                    "Parent Relationship": "Outer",
                    "Parallel Aware": false,
                    "Startup Cost": 275096.98,
                    "Total Cost": 275097.49,
                    "Plan Rows": 5,
                    "Plan Width": 8,
                    "Actual Startup Time": 43.971,
                    "Actual Total Time": 47.265,
                    "Actual Rows": 6,
                    "Actual Loops": 1,
                    "Output": [
                        "(PARTIAL count(*))"
                    ],
                    "Workers Planned": 5,
                    "Workers Launched": 5,
                    "Single Copy": false,
                    "Plans": [
                        {
                            "Node Type": "Aggregate",
                            "Strategy": "Plain",
                            "Partial Mode": "Partial",
                            "Parent Relationship": "Outer",
                            "Parallel Aware": false,
                            "Startup Cost": 274096.98,
                            "Total Cost": 274096.99,
                            "Plan Rows": 1,
                            "Plan Width": 8,
                            "Actual Startup Time": 33.964,
                            "Actual Total Time": 33.965,
                            "Actual Rows": 1,
                            "Actual Loops": 6,
                            "Output": [
                                "PARTIAL count(*)"
                            ],
                            "Workers": [
                                {
                                    "Worker Number": 0,
                                    "Actual Startup Time": 31.547,
                                    "Actual Total Time": 31.549,
                                    "Actual Rows": 1,
                                    "Actual Loops": 1
                                },
                                {
                                    "Worker Number": 1,
                                    "Actual Startup Time": 31.582,
                                    "Actual Total Time": 31.583,
                                    "Actual Rows": 1,
                                    "Actual Loops": 1
                                },
                                {
                                    "Worker Number": 2,
                                    "Actual Startup Time": 32.281,
                                    "Actual Total Time": 32.282,
                                    "Actual Rows": 1,
                                    "Actual Loops": 1
                                },
                                {
                                    "Worker Number": 3,
                                    "Actual Startup Time": 32.546,
                                    "Actual Total Time": 32.547,
                                    "Actual Rows": 1,
                                    "Actual Loops": 1
                                },
                                {
                                    "Worker Number": 4,
                                    "Actual Startup Time": 32.654,
                                    "Actual Total Time": 32.655,
                                    "Actual Rows": 1,
                                    "Actual Loops": 1
                                }
                            ],
                            "Plans": [
                                {
                                    "Node Type": "Bitmap Heap Scan",
                                    "Parent Relationship": "Outer",
                                    "Parallel Aware": true,
                                    "Relation Name": "cast_info",
                                    "Schema": "public",
                                    "Alias": "ci",
                                    "Startup Cost": 8510.69,
                                    "Total Cost": 273904.33,
                                    "Plan Rows": 77061,
                                    "Plan Width": 0,
                                    "Actual Startup Time": 6.837,
                                    "Actual Total Time": 28.2,
                                    "Actual Rows": 65257,
                                    "Actual Loops": 6,
                                    "Recheck Cond": "(ci.person_id < 44698)",
                                    "Rows Removed by Index Recheck": 0,
                                    "Exact Heap Blocks": 2074,
                                    "Lossy Heap Blocks": 0,
                                    "Workers": [
                                        {
                                            "Worker Number": 0,
                                            "Actual Startup Time": 4.555,
                                            "Actual Total Time": 26.136,
                                            "Actual Rows": 42027,
                                            "Actual Loops": 1
                                        },
                                        {
                                            "Worker Number": 1,
                                            "Actual Startup Time": 4.442,
                                            "Actual Total Time": 26.437,
                                            "Actual Rows": 37285,
                                            "Actual Loops": 1
                                        },
                                        {
                                            "Worker Number": 2,
                                            "Actual Startup Time": 5.295,
                                            "Actual Total Time": 26.796,
                                            "Actual Rows": 40826,
                                            "Actual Loops": 1
                                        },
                                        {
                                            "Worker Number": 3,
                                            "Actual Startup Time": 5.485,
                                            "Actual Total Time": 26.978,
                                            "Actual Rows": 41033,
                                            "Actual Loops": 1
                                        },
                                        {
                                            "Worker Number": 4,
                                            "Actual Startup Time": 5.456,
                                            "Actual Total Time": 26.982,
                                            "Actual Rows": 42232,
                                            "Actual Loops": 1
                                        }
                                    ],
                                    "Plans": [
                                        {
                                            "Node Type": "Bitmap Index Scan",
                                            "Parent Relationship": "Outer",
                                            "Parallel Aware": false,
                                            "Index Name": "person_id_cast_info",
                                            "Startup Cost": 0.0,
                                            "Total Cost": 8414.37,
                                            "Plan Rows": 385307,
                                            "Plan Width": 0,
                                            "Actual Startup Time": 15.212,
                                            "Actual Total Time": 15.212,
                                            "Actual Rows": 391540,
                                            "Actual Loops": 1,
                                            "Index Cond": "(ci.person_id < 44698)"
                                        }
                                    ]
                                }
                            ]
                        }
                    ]
                }
            ]
        },
        "Planning Time": 176.171,
        "Triggers": [],
        "Execution Time": 47.409
    }
]