[
  {
    "Plan": {
      "Node Type": "Aggregate",
      "Strategy": "Plain",
      "Partial Mode": "Finalize",
      "Parallel Aware": false,
      "Startup Cost": 47889.17,
      "Total Cost": 47889.18,
      "Plan Rows": 1,
      "Plan Width": 8,
      "Actual Startup Time": 93.992,
      "Actual Total Time": 105.823,
      "Actual Rows": 1,
      "Actual Loops": 1,
      "Plans": [
        {
          "Node Type": "Gather",
          "Parent Relationship": "Outer",
          "Parallel Aware": false,
          "Startup Cost": 47888.75,
          "Total Cost": 47889.16,
          "Plan Rows": 4,
          "Plan Width": 8,
          "Actual Startup Time": 93.824,
          "Actual Total Time": 105.814,
          "Actual Rows": 5,
          "Actual Loops": 1,
          "Workers Planned": 4,
          "Workers Launched": 4,
          "Single Copy": false,
          "Plans": [
            {
              "Node Type": "Aggregate",
              "Strategy": "Plain",
              "Partial Mode": "Partial",
              "Parent Relationship": "Outer",
              "Parallel Aware": false,
              "Startup Cost": 46888.75,
              "Total Cost": 46888.76,
              "Plan Rows": 1,
              "Plan Width": 8,
              "Actual Startup Time": 87.085,
              "Actual Total Time": 87.086,
              "Actual Rows": 1,
              "Actual Loops": 5,
              "Plans": [
                {
                  "Node Type": "Nested Loop",
                  "Parent Relationship": "Outer",
                  "Parallel Aware": false,
                  "Join Type": "Inner",
                  "Startup Cost": 0.43,
                  "Total Cost": 46888.51,
                  "Plan Rows": 99,
                  "Plan Width": 0,
                  "Actual Startup Time": 53.015,
                  "Actual Total Time": 86.99,
                  "Actual Rows": 1625,
                  "Actual Loops": 5,
                  "Inner Unique": false,
                  "Plans": [
                    {
                      "Node Type": "Seq Scan",
                      "Parent Relationship": "Outer",
                      "Parallel Aware": true,
                      "Relation Name": "title",
                      "Alias": "t",
                      "Startup Cost": 0.0,
                      "Total Cost": 45479.59,
                      "Plan Rows": 148,
                      "Plan Width": 4,
                      "Actual Startup Time": 52.571,
                      "Actual Total Time": 79.297,
                      "Actual Rows": 440,
                      "Actual Loops": 5,
                      "Filter": "((kind_id < 7) AND (production_year = 1940))",
                      "Rows Removed by Filter": 505222
                    },
                    {
                      "Node Type": "Index Scan",
                      "Parent Relationship": "Inner",
                      "Parallel Aware": false,
                      "Scan Direction": "Forward",
                      "Index Name": "movie_id_movie_keyword",
                      "Relation Name": "movie_keyword",
                      "Alias": "mk",
                      "Startup Cost": 0.43,
                      "Total Cost": 9.35,
                      "Plan Rows": 17,
                      "Plan Width": 4,
                      "Actual Startup Time": 0.015,
                      "Actual Total Time": 0.017,
                      "Actual Rows": 4,
                      "Actual Loops": 2201,
                      "Index Cond": "(movie_id = t.id)",
                      "Rows Removed by Index Recheck": 0,
                      "Filter": "(keyword_id > 8650)",
                      "Rows Removed by Filter": 6
                    }
                  ]
                }
              ]
            }
          ]
        }
      ]
    },
    "Planning Time": 0.625,
    "Triggers": [],
    "Execution Time": 105.89
  }
]