[
  {
    "Plan": {
      "Node Type": "Aggregate",
      "Strategy": "Plain",
      "Partial Mode": "Finalize",
      "Parallel Aware": false,
      "Startup Cost": 345158.61,
      "Total Cost": 345158.62,
      "Plan Rows": 1,
      "Plan Width": 8,
      "Actual Startup Time": 469.657,
      "Actual Total Time": 509.331,
      "Actual Rows": 1,
      "Actual Loops": 1,
      "Plans": [
        {
          "Node Type": "Gather",
          "Parent Relationship": "Outer",
          "Parallel Aware": false,
          "Startup Cost": 345157.99,
          "Total Cost": 345158.6,
          "Plan Rows": 6,
          "Plan Width": 8,
          "Actual Startup Time": 469.376,
          "Actual Total Time": 509.32,
          "Actual Rows": 7,
          "Actual Loops": 1,
          "Workers Planned": 6,
          "Workers Launched": 6,
          "Single Copy": false,
          "Plans": [
            {
              "Node Type": "Aggregate",
              "Strategy": "Plain",
              "Partial Mode": "Partial",
              "Parent Relationship": "Outer",
              "Parallel Aware": false,
              "Startup Cost": 344157.99,
              "Total Cost": 344158.0,
              "Plan Rows": 1,
              "Plan Width": 8,
              "Actual Startup Time": 463.044,
              "Actual Total Time": 463.046,
              "Actual Rows": 1,
              "Actual Loops": 7,
              "Plans": [
                {
                  "Node Type": "Index Scan",
                  "Parent Relationship": "Outer",
                  "Parallel Aware": true,
                  "Scan Direction": "Forward",
                  "Index Name": "role_id_cast_info",
                  "Relation Name": "cast_info",
                  "Alias": "ci",
                  "Startup Cost": 0.56,
                  "Total Cost": 341155.22,
                  "Plan Rows": 1201108,
                  "Plan Width": 0,
                  "Actual Startup Time": 406.732,
                  "Actual Total Time": 452.571,
                  "Actual Rows": 179097,
                  "Actual Loops": 7,
                  "Index Cond": "(role_id = 1)",
                  "Rows Removed by Index Recheck": 0,
                  "Filter": "(person_id > 1566542)",
                  "Rows Removed by Filter": 1631001
                }
              ]
            }
          ]
        }
      ]
    },
    "Planning Time": 0.206,
    "Triggers": [],
    "Execution Time": 509.398
  }
]