[
  {
    "Plan": {
      "Node Type": "Aggregate",
      "Strategy": "Plain",
      "Partial Mode": "Finalize",
      "Parallel Aware": false,
      "Startup Cost": 72430.16,
      "Total Cost": 72430.17,
      "Plan Rows": 1,
      "Plan Width": 8,
      "Actual Startup Time": 147.252,
      "Actual Total Time": 162.303,
      "Actual Rows": 1,
      "Actual Loops": 1,
      "Plans": [
        {
          "Node Type": "Gather",
          "Parent Relationship": "Outer",
          "Parallel Aware": false,
          "Startup Cost": 72429.84,
          "Total Cost": 72430.15,
          "Plan Rows": 3,
          "Plan Width": 8,
          "Actual Startup Time": 146.153,
          "Actual Total Time": 162.295,
          "Actual Rows": 4,
          "Actual Loops": 1,
          "Workers Planned": 3,
          "Workers Launched": 3,
          "Single Copy": false,
          "Plans": [
            {
              "Node Type": "Aggregate",
              "Strategy": "Plain",
              "Partial Mode": "Partial",
              "Parent Relationship": "Outer",
              "Parallel Aware": false,
              "Startup Cost": 71429.84,
              "Total Cost": 71429.85,
              "Plan Rows": 1,
              "Plan Width": 8,
              "Actual Startup Time": 136.841,
              "Actual Total Time": 136.844,
              "Actual Rows": 1,
              "Actual Loops": 4,
              "Plans": [
                {
                  "Node Type": "Nested Loop",
                  "Parent Relationship": "Outer",
                  "Parallel Aware": false,
                  "Join Type": "Inner",
                  "Startup Cost": 45649.42,
                  "Total Cost": 71428.2,
                  "Plan Rows": 658,
                  "Plan Width": 0,
                  "Actual Startup Time": 116.04,
                  "Actual Total Time": 136.831,
                  "Actual Rows": 55,
                  "Actual Loops": 4,
                  "Inner Unique": false,
                  "Plans": [
                    {
                      "Node Type": "Hash Join",
                      "Parent Relationship": "Outer",
                      "Parallel Aware": true,
                      "Join Type": "Inner",
                      "Startup Cost": 45648.99,
                      "Total Cost": 70389.19,
                      "Plan Rows": 1205,
                      "Plan Width": 8,
                      "Actual Startup Time": 114.264,
                      "Actual Total Time": 134.753,
                      "Actual Rows": 322,
                      "Actual Loops": 4,
                      "Inner Unique": true,
                      "Hash Cond": "(mk.movie_id = t.id)",
                      "Plans": [
                        {
                          "Node Type": "Bitmap Heap Scan",
                          "Parent Relationship": "Outer",
                          "Parallel Aware": true,
                          "Relation Name": "movie_keyword",
                          "Alias": "mk",
                          "Startup Cost": 1247.05,
                          "Total Cost": 25937.58,
                          "Plan Rows": 18923,
                          "Plan Width": 4,
                          "Actual Startup Time": 5.366,
                          "Actual Total Time": 21.545,
                          "Actual Rows": 14612,
                          "Actual Loops": 4,
                          "Recheck Cond": "(keyword_id = 16264)",
                          "Rows Removed by Index Recheck": 0,
                          "Exact Heap Blocks": 5319,
                          "Lossy Heap Blocks": 0,
                          "Plans": [
                            {
                              "Node Type": "Bitmap Index Scan",
                              "Parent Relationship": "Outer",
                              "Parallel Aware": false,
                              "Index Name": "keyword_id_movie_keyword",
                              "Startup Cost": 0.0,
                              "Total Cost": 1232.38,
                              "Plan Rows": 58660,
                              "Plan Width": 0,
                              "Actual Startup Time": 3.707,
                              "Actual Total Time": 3.708,
                              "Actual Rows": 58448,
                              "Actual Loops": 1,
                              "Index Cond": "(keyword_id = 16264)"
                            }
                          ]
                        },
                        {
                          "Node Type": "Hash",
                          "Parent Relationship": "Inner",
                          "Parallel Aware": true,
                          "Startup Cost": 43898.92,
                          "Total Cost": 43898.92,
                          "Plan Rows": 40242,
                          "Plan Width": 4,
                          "Actual Startup Time": 106.359,
                          "Actual Total Time": 106.36,
                          "Actual Rows": 41077,
                          "Actual Loops": 4,
                          "Hash Buckets": 262144,
                          "Original Hash Buckets": 262144,
                          "Hash Batches": 1,
                          "Original Hash Batches": 1,
                          "Peak Memory Usage": 8544,
                          "Plans": [
                            {
                              "Node Type": "Seq Scan",
                              "Parent Relationship": "Outer",
                              "Parallel Aware": true,
                              "Relation Name": "title",
                              "Alias": "t",
                              "Startup Cost": 0.0,
                              "Total Cost": 43898.92,
                              "Plan Rows": 40242,
                              "Plan Width": 4,
                              "Actual Startup Time": 0.038,
                              "Actual Total Time": 90.963,
                              "Actual Rows": 41077,
                              "Actual Loops": 4,
                              "Filter": "(production_year = 2012)",
                              "Rows Removed by Filter": 591001
                            }
                          ]
                        }
                      ]
                    },
                    {
                      "Node Type": "Index Only Scan",
                      "Parent Relationship": "Inner",
                      "Parallel Aware": false,
                      "Scan Direction": "Forward",
                      "Index Name": "movie_id_movie_info_idx",
                      "Relation Name": "movie_info_idx",
                      "Alias": "mi_idx",
                      "Startup Cost": 0.43,
                      "Total Cost": 0.83,
                      "Plan Rows": 3,
                      "Plan Width": 4,
                      "Actual Startup Time": 0.006,
                      "Actual Total Time": 0.006,
                      "Actual Rows": 0,
                      "Actual Loops": 1289,
                      "Index Cond": "(movie_id = t.id)",
                      "Rows Removed by Index Recheck": 0,
                      "Heap Fetches": 219
                    }
                  ]
                }
              ]
            }
          ]
        }
      ]
    },
    "Planning Time": 1.272,
    "Triggers": [],
    "Execution Time": 162.396
  }
]