[
  {
    "Plan": {
      "Node Type": "Aggregate",
      "Strategy": "Plain",
      "Partial Mode": "Simple",
      "Parallel Aware": false,
      "Startup Cost": 740.17,
      "Total Cost": 740.18,
      "Plan Rows": 1,
      "Plan Width": 8,
      "Actual Startup Time": 11.398,
      "Actual Total Time": 11.401,
      "Actual Rows": 1,
      "Actual Loops": 1,
      "Plans": [
        {
          "Node Type": "Nested Loop",
          "Parent Relationship": "Outer",
          "Parallel Aware": false,
          "Join Type": "Inner",
          "Startup Cost": 1.29,
          "Total Cost": 740.1,
          "Plan Rows": 27,
          "Plan Width": 0,
          "Actual Startup Time": 8.485,
          "Actual Total Time": 11.187,
          "Actual Rows": 1158,
          "Actual Loops": 1,
          "Inner Unique": false,
          "Plans": [
            {
              "Node Type": "Nested Loop",
              "Parent Relationship": "Outer",
              "Parallel Aware": false,
              "Join Type": "Inner",
              "Startup Cost": 0.86,
              "Total Cost": 695.91,
              "Plan Rows": 25,
              "Plan Width": 8,
              "Actual Startup Time": 8.427,
              "Actual Total Time": 9.056,
              "Actual Rows": 35,
              "Actual Loops": 1,
              "Inner Unique": true,
              "Plans": [
                {
                  "Node Type": "Index Scan",
                  "Parent Relationship": "Outer",
                  "Parallel Aware": false,
                  "Scan Direction": "Forward",
                  "Index Name": "company_id_movie_companies",
                  "Relation Name": "movie_companies",
                  "Alias": "mc",
                  "Startup Cost": 0.43,
                  "Total Cost": 273.41,
                  "Plan Rows": 50,
                  "Plan Width": 4,
                  "Actual Startup Time": 8.392,
                  "Actual Total Time": 8.557,
                  "Actual Rows": 35,
                  "Actual Loops": 1,
                  "Index Cond": "(company_id = 15338)",
                  "Rows Removed by Index Recheck": 0,
                  "Filter": "(company_type_id < 2)",
                  "Rows Removed by Filter": 0
                },
                {
                  "Node Type": "Index Scan",
                  "Parent Relationship": "Inner",
                  "Parallel Aware": false,
                  "Scan Direction": "Forward",
                  "Index Name": "title_pkey",
                  "Relation Name": "title",
                  "Alias": "t",
                  "Startup Cost": 0.43,
                  "Total Cost": 8.45,
                  "Plan Rows": 1,
                  "Plan Width": 4,
                  "Actual Startup Time": 0.013,
                  "Actual Total Time": 0.013,
                  "Actual Rows": 1,
                  "Actual Loops": 35,
                  "Index Cond": "(id = mc.movie_id)",
                  "Rows Removed by Index Recheck": 0,
                  "Filter": "(production_year < 2004)",
                  "Rows Removed by Filter": 0
                }
              ]
            },
            {
              "Node Type": "Index Scan",
              "Parent Relationship": "Inner",
              "Parallel Aware": false,
              "Scan Direction": "Forward",
              "Index Name": "movie_id_movie_keyword",
              "Relation Name": "movie_keyword",
              "Alias": "mk",
              "Startup Cost": 0.43,
              "Total Cost": 1.5,
              "Plan Rows": 27,
              "Plan Width": 4,
              "Actual Startup Time": 0.026,
              "Actual Total Time": 0.051,
              "Actual Rows": 33,
              "Actual Loops": 35,
              "Index Cond": "(movie_id = t.id)",
              "Rows Removed by Index Recheck": 0,
              "Filter": "(keyword_id > 3000)",
              "Rows Removed by Filter": 18
            }
          ]
        }
      ]
    },
    "Planning Time": 1.467,
    "Triggers": [],
    "Execution Time": 11.47
  }
]