{
  "Plan": {
    "Node Type": "Aggregate",
    "Strategy": "Plain",
    "Partial Mode": "Finalize",
    "Parallel Aware": false,
    "Startup Cost": 81161.66,
    "Total Cost": 81161.67,
    "Plan Rows": 1,
    "Plan Width": 8,
    "Actual Startup Time": 316.55,
    "Actual Total Time": 326.508,
    "Actual Rows": 1,
    "Actual Loops": 1,
    "Plans": [
      {
        "Node Type": "Gather",
        "Parent Relationship": "Outer",
        "Parallel Aware": false,
        "Startup Cost": 81161.55,
        "Total Cost": 81161.66,
        "Plan Rows": 1,
        "Plan Width": 8,
        "Actual Startup Time": 316.106,
        "Actual Total Time": 326.5,
        "Actual Rows": 2,
        "Actual Loops": 1,
        "Workers Planned": 1,
        "Workers Launched": 1,
        "Single Copy": false,
        "Plans": [
          {
            "Node Type": "Aggregate",
            "Strategy": "Plain",
            "Partial Mode": "Partial",
            "Parent Relationship": "Outer",
            "Parallel Aware": false,
            "Startup Cost": 80161.55,
            "Total Cost": 80161.56,
            "Plan Rows": 1,
            "Plan Width": 8,
            "Actual Startup Time": 310.263,
            "Actual Total Time": 310.267,
            "Actual Rows": 1,
            "Actual Loops": 2,
            "Plans": [
              {
                "Node Type": "Hash Join",
                "Parent Relationship": "Outer",
                "Parallel Aware": true,
                "Join Type": "Inner",
                "Startup Cost": 39019.22,
                "Total Cost": 80115.75,
                "Plan Rows": 18318,
                "Plan Width": 0,
                "Actual Startup Time": 101.226,
                "Actual Total Time": 308.126,
                "Actual Rows": 38664,
                "Actual Loops": 2,
                "Inner Unique": true,
                "Hash Cond": "(mc.movie_id = t.id)",
                "Plans": [
                  {
                    "Node Type": "Seq Scan",
                    "Parent Relationship": "Outer",
                    "Parallel Aware": true,
                    "Relation Name": "movie_companies",
                    "Alias": "mc",
                    "Startup Cost": 0.0,
                    "Total Cost": 37974.77,
                    "Plan Rows": 1189241,
                    "Plan Width": 4,
                    "Actual Startup Time": 0.014,
                    "Actual Total Time": 143.101,
                    "Actual Rows": 1004119,
                    "Actual Loops": 2,
                    "Filter": "(company_id < 67467)",
                    "Rows Removed by Filter": 300446
                  },
                  {
                    "Node Type": "Hash",
                    "Parent Relationship": "Inner",
                    "Parallel Aware": true,
                    "Startup Cost": 38732.87,
                    "Total Cost": 38732.87,
                    "Plan Rows": 22908,
                    "Plan Width": 4,
                    "Actual Startup Time": 52.981,
                    "Actual Total Time": 52.983,
                    "Actual Rows": 25732,
                    "Actual Loops": 2,
                    "Hash Buckets": 65536,
                    "Original Hash Buckets": 65536,
                    "Hash Batches": 1,
                    "Original Hash Batches": 1,
                    "Peak Memory Usage": 2560,
                    "Plans": [
                      {
                        "Node Type": "Bitmap Heap Scan",
                        "Parent Relationship": "Outer",
                        "Parallel Aware": true,
                        "Relation Name": "title",
                        "Alias": "t",
                        "Startup Cost": 1832.87,
                        "Total Cost": 38732.87,
                        "Plan Rows": 22908,
                        "Plan Width": 4,
                        "Actual Startup Time": 11.424,
                        "Actual Total Time": 45.956,
                        "Actual Rows": 25732,
                        "Actual Loops": 2,
                        "Recheck Cond": "(kind_id = 3)",
                        "Rows Removed by Index Recheck": 0,
                        "Filter": "(production_year < 1999)",
                        "Rows Removed by Filter": 24537,
                        "Exact Heap Blocks": 10707,
                        "Lossy Heap Blocks": 0,
                        "Plans": [
                          {
                            "Node Type": "Bitmap Index Scan",
                            "Parent Relationship": "Outer",
                            "Parallel Aware": false,
                            "Index Name": "kind_id_title",
                            "Startup Cost": 0.0,
                            "Total Cost": 1823.13,
                            "Plan Rows": 102227,
                            "Plan Width": 0,
                            "Actual Startup Time": 12.17,
                            "Actual Total Time": 12.17,
                            "Actual Rows": 100537,
                            "Actual Loops": 1,
                            "Index Cond": "(kind_id = 3)"
                          }
                        ]
                      }
                    ]
                  }
                ]
              }
            ]
          }
        ]
      }
    ]
  },
  "Planning Time": 0.393,
  "Triggers": [],
  "Execution Time": 326.569
}