{
  "Plan": {
    "Node Type": "Aggregate",
    "Strategy": "Plain",
    "Partial Mode": "Finalize",
    "Parallel Aware": false,
    "Startup Cost": 366766.76,
    "Total Cost": 366766.77,
    "Plan Rows": 1,
    "Plan Width": 8,
    "Actual Startup Time": 1141.779,
    "Actual Total Time": 1160.333,
    "Actual Rows": 1,
    "Actual Loops": 1,
    "Plans": [
      {
        "Node Type": "Gather",
        "Parent Relationship": "Outer",
        "Parallel Aware": false,
        "Startup Cost": 366766.65,
        "Total Cost": 366766.76,
        "Plan Rows": 1,
        "Plan Width": 8,
        "Actual Startup Time": 1136.764,
        "Actual Total Time": 1160.325,
        "Actual Rows": 2,
        "Actual Loops": 1,
        "Workers Planned": 1,
        "Workers Launched": 1,
        "Single Copy": false,
        "Plans": [
          {
            "Node Type": "Aggregate",
            "Strategy": "Plain",
            "Partial Mode": "Partial",
            "Parent Relationship": "Outer",
            "Parallel Aware": false,
            "Startup Cost": 365766.65,
            "Total Cost": 365766.66,
            "Plan Rows": 1,
            "Plan Width": 8,
            "Actual Startup Time": 1123.609,
            "Actual Total Time": 1123.614,
            "Actual Rows": 1,
            "Actual Loops": 2,
            "Plans": [
              {
                "Node Type": "Hash Join",
                "Parent Relationship": "Outer",
                "Parallel Aware": true,
                "Join Type": "Inner",
                "Startup Cost": 99253.63,
                "Total Cost": 364863.79,
                "Plan Rows": 361144,
                "Plan Width": 0,
                "Actual Startup Time": 656.538,
                "Actual Total Time": 1090.264,
                "Actual Rows": 672278,
                "Actual Loops": 2,
                "Inner Unique": true,
                "Hash Cond": "(ci.movie_id = t.id)",
                "Plans": [
                  {
                    "Node Type": "Bitmap Heap Scan",
                    "Parent Relationship": "Outer",
                    "Parallel Aware": true,
                    "Relation Name": "cast_info",
                    "Alias": "ci",
                    "Startup Cost": 29792.93,
                    "Total Cost": 294455.08,
                    "Plan Rows": 361144,
                    "Plan Width": 4,
                    "Actual Startup Time": 45.612,
                    "Actual Total Time": 173.671,
                    "Actual Rows": 672278,
                    "Actual Loops": 2,
                    "Recheck Cond": "(person_id > 3801368)",
                    "Rows Removed by Index Recheck": 0,
                    "Filter": "(role_id > 2)",
                    "Rows Removed by Filter": 0,
                    "Exact Heap Blocks": 11578,
                    "Lossy Heap Blocks": 0,
                    "Plans": [
                      {
                        "Node Type": "Bitmap Index Scan",
                        "Parent Relationship": "Outer",
                        "Parallel Aware": false,
                        "Index Name": "person_id_cast_info",
                        "Startup Cost": 0.0,
                        "Total Cost": 29639.44,
                        "Plan Rows": 1357184,
                        "Plan Width": 0,
                        "Actual Startup Time": 42.719,
                        "Actual Total Time": 42.72,
                        "Actual Rows": 1344556,
                        "Actual Loops": 1,
                        "Index Cond": "(person_id > 3801368)"
                      }
                    ]
                  },
                  {
                    "Node Type": "Hash",
                    "Parent Relationship": "Inner",
                    "Parallel Aware": true,
                    "Startup Cost": 50870.31,
                    "Total Cost": 50870.31,
                    "Plan Rows": 1487231,
                    "Plan Width": 4,
                    "Actual Startup Time": 588.666,
                    "Actual Total Time": 588.667,
                    "Actual Rows": 1264156,
                    "Actual Loops": 2,
                    "Hash Buckets": 4194304,
                    "Original Hash Buckets": 4194304,
                    "Hash Batches": 1,
                    "Original Hash Batches": 1,
                    "Peak Memory Usage": 131712,
                    "Plans": [
                      {
                        "Node Type": "Seq Scan",
                        "Parent Relationship": "Outer",
                        "Parallel Aware": true,
                        "Relation Name": "title",
                        "Alias": "t",
                        "Startup Cost": 0.0,
                        "Total Cost": 50870.31,
                        "Plan Rows": 1487231,
                        "Plan Width": 4,
                        "Actual Startup Time": 0.041,
                        "Actual Total Time": 186.473,
                        "Actual Rows": 1264156,
                        "Actual Loops": 2
                      }
                    ]
                  }
                ]
              }
            ]
          }
        ]
      }
    ]
  },
  "Planning Time": 0.749,
  "Triggers": [],
  "Execution Time": 1160.425
}