[
    {
        "Bao": {
            "Bao prediction": "NaN",
            "Bao recommended hint": "(no hint)"
        }
    },
    {
        "Plan": {
            "Node Type": "Aggregate",
            "Strategy": "Plain",
            "Partial Mode": "Simple",
            "Parallel Aware": false,
            "Startup Cost": 12164.39,
            "Total Cost": 12164.4,
            "Plan Rows": 1,
            "Plan Width": 8,
            "Actual Startup Time": 1.173,
            "Actual Total Time": 1.174,
            "Actual Rows": 1,
            "Actual Loops": 1,
            "Output": [
                "count(*)"
            ],
            "Plans": [
                {
                    "Node Type": "Bitmap Heap Scan",
                    "Parent Relationship": "Outer",
                    "Parallel Aware": false,
                    "Relation Name": "movie_keyword",
                    "Schema": "public",
                    "Alias": "mk",
                    "Startup Cost": 105.83,
                    "Total Cost": 12152.32,
                    "Plan Rows": 4826,
                    "Plan Width": 0,
                    "Actual Startup Time": 0.336,
                    "Actual Total Time": 0.982,
                    "Actual Rows": 4343,
                    "Actual Loops": 1,
                    "Recheck Cond": "(mk.keyword_id = 29029)",
                    "Rows Removed by Index Recheck": 0,
                    "Exact Heap Blocks": 155,
                    "Lossy Heap Blocks": 0,
                    "Plans": [
                        {
                            "Node Type": "Bitmap Index Scan",
                            "Parent Relationship": "Outer",
                            "Parallel Aware": false,
                            "Index Name": "keyword_id_movie_keyword",
                            "Startup Cost": 0.0,
                            "Total Cost": 104.63,
                            "Plan Rows": 4826,
                            "Plan Width": 0,
                            "Actual Startup Time": 0.313,
                            "Actual Total Time": 0.314,
                            "Actual Rows": 4343,
                            "Actual Loops": 1,
                            "Index Cond": "(mk.keyword_id = 29029)"
                        }
                    ]
                }
            ]
        },
        "Planning Time": 175.453,
        "Triggers": [],
        "Execution Time": 1.234
    }
]