[
  {
    "Plan": {
      "Node Type": "Aggregate",
      "Strategy": "Plain",
      "Partial Mode": "Finalize",
      "Parallel Aware": false,
      "Startup Cost": 343499.35,
      "Total Cost": 343499.36,
      "Plan Rows": 1,
      "Plan Width": 8,
      "Actual Startup Time": 962.351,
      "Actual Total Time": 1008.259,
      "Actual Rows": 1,
      "Actual Loops": 1,
      "Plans": [
        {
          "Node Type": "Gather",
          "Parent Relationship": "Outer",
          "Parallel Aware": false,
          "Startup Cost": 343498.72,
          "Total Cost": 343499.33,
          "Plan Rows": 6,
          "Plan Width": 8,
          "Actual Startup Time": 962.176,
          "Actual Total Time": 1008.24,
          "Actual Rows": 7,
          "Actual Loops": 1,
          "Workers Planned": 6,
          "Workers Launched": 6,
          "Single Copy": false,
          "Plans": [
            {
              "Node Type": "Aggregate",
              "Strategy": "Plain",
              "Partial Mode": "Partial",
              "Parent Relationship": "Outer",
              "Parallel Aware": false,
              "Startup Cost": 342498.72,
              "Total Cost": 342498.73,
              "Plan Rows": 1,
              "Plan Width": 8,
              "Actual Startup Time": 954.987,
              "Actual Total Time": 954.988,
              "Actual Rows": 1,
              "Actual Loops": 7,
              "Plans": [
                {
                  "Node Type": "Seq Scan",
                  "Parent Relationship": "Outer",
                  "Parallel Aware": true,
                  "Relation Name": "cast_info",
                  "Alias": "ci",
                  "Startup Cost": 0.0,
                  "Total Cost": 328211.39,
                  "Plan Rows": 5714932,
                  "Plan Width": 0,
                  "Actual Startup Time": 0.045,
                  "Actual Total Time": 699.577,
                  "Actual Rows": 4908179,
                  "Actual Loops": 7,
                  "Filter": "(person_id < 3690182)",
                  "Rows Removed by Filter": 269584
                }
              ]
            }
          ]
        }
      ]
    },
    "Planning Time": 0.344,
    "Triggers": [],
    "Execution Time": 1008.312
  }
]