{
  "Plan": {
    "Node Type": "Aggregate",
    "Strategy": "Plain",
    "Partial Mode": "Finalize",
    "Parallel Aware": false,
    "Startup Cost": 399649.87,
    "Total Cost": 399649.88,
    "Plan Rows": 1,
    "Plan Width": 8,
    "Actual Startup Time": 3039.085,
    "Actual Total Time": 3081.192,
    "Actual Rows": 1,
    "Actual Loops": 1,
    "Plans": [
      {
        "Node Type": "Gather",
        "Parent Relationship": "Outer",
        "Parallel Aware": false,
        "Startup Cost": 399649.75,
        "Total Cost": 399649.86,
        "Plan Rows": 1,
        "Plan Width": 8,
        "Actual Startup Time": 3036.817,
        "Actual Total Time": 3081.185,
        "Actual Rows": 2,
        "Actual Loops": 1,
        "Workers Planned": 1,
        "Workers Launched": 1,
        "Single Copy": false,
        "Plans": [
          {
            "Node Type": "Aggregate",
            "Strategy": "Plain",
            "Partial Mode": "Partial",
            "Parent Relationship": "Outer",
            "Parallel Aware": false,
            "Startup Cost": 398649.75,
            "Total Cost": 398649.76,
            "Plan Rows": 1,
            "Plan Width": 8,
            "Actual Startup Time": 3032.092,
            "Actual Total Time": 3032.098,
            "Actual Rows": 1,
            "Actual Loops": 2,
            "Plans": [
              {
                "Node Type": "Hash Join",
                "Parent Relationship": "Outer",
                "Parallel Aware": true,
                "Join Type": "Inner",
                "Startup Cost": 102622.22,
                "Total Cost": 394336.89,
                "Plan Rows": 1725144,
                "Plan Width": 0,
                "Actual Startup Time": 713.464,
                "Actual Total Time": 2858.487,
                "Actual Rows": 4262621,
                "Actual Loops": 2,
                "Inner Unique": false,
                "Hash Cond": "(mi.movie_id = t.id)",
                "Plans": [
                  {
                    "Node Type": "Seq Scan",
                    "Parent Relationship": "Outer",
                    "Parallel Aware": true,
                    "Relation Name": "movie_info",
                    "Alias": "mi",
                    "Startup Cost": 0.0,
                    "Total Cost": 248955.74,
                    "Plan Rows": 8696274,
                    "Plan Width": 4,
                    "Actual Startup Time": 0.035,
                    "Actual Total Time": 671.167,
                    "Actual Rows": 7417860,
                    "Actual Loops": 2
                  },
                  {
                    "Node Type": "Hash",
                    "Parent Relationship": "Inner",
                    "Parallel Aware": true,
                    "Startup Cost": 98934.31,
                    "Total Cost": 98934.31,
                    "Plan Rows": 295033,
                    "Plan Width": 8,
                    "Actual Startup Time": 707.519,
                    "Actual Total Time": 707.523,
                    "Actual Rows": 249420,
                    "Actual Loops": 2,
                    "Hash Buckets": 524288,
                    "Original Hash Buckets": 524288,
                    "Hash Batches": 1,
                    "Original Hash Batches": 1,
                    "Peak Memory Usage": 23648,
                    "Plans": [
                      {
                        "Node Type": "Hash Join",
                        "Parent Relationship": "Outer",
                        "Parallel Aware": true,
                        "Join Type": "Inner",
                        "Startup Cost": 37033.31,
                        "Total Cost": 98934.31,
                        "Plan Rows": 295033,
                        "Plan Width": 8,
                        "Actual Startup Time": 192.547,
                        "Actual Total Time": 639.134,
                        "Actual Rows": 249420,
                        "Actual Loops": 2,
                        "Inner Unique": false,
                        "Hash Cond": "(t.id = mc.movie_id)",
                        "Plans": [
                          {
                            "Node Type": "Seq Scan",
                            "Parent Relationship": "Outer",
                            "Parallel Aware": true,
                            "Relation Name": "title",
                            "Alias": "t",
                            "Startup Cost": 0.0,
                            "Total Cost": 50870.31,
                            "Plan Rows": 1487231,
                            "Plan Width": 4,
                            "Actual Startup Time": 0.013,
                            "Actual Total Time": 128.341,
                            "Actual Rows": 1264156,
                            "Actual Loops": 2
                          },
                          {
                            "Node Type": "Hash",
                            "Parent Relationship": "Inner",
                            "Parallel Aware": true,
                            "Startup Cost": 33345.4,
                            "Total Cost": 33345.4,
                            "Plan Rows": 295033,
                            "Plan Width": 4,
                            "Actual Startup Time": 188.732,
                            "Actual Total Time": 188.733,
                            "Actual Rows": 249420,
                            "Actual Loops": 2,
                            "Hash Buckets": 524288,
                            "Original Hash Buckets": 524288,
                            "Hash Batches": 1,
                            "Original Hash Batches": 1,
                            "Peak Memory Usage": 23648,
                            "Plans": [
                              {
                                "Node Type": "Bitmap Heap Scan",
                                "Parent Relationship": "Outer",
                                "Parallel Aware": true,
                                "Relation Name": "movie_companies",
                                "Alias": "mc",
                                "Startup Cost": 10867.49,
                                "Total Cost": 33345.4,
                                "Plan Rows": 295033,
                                "Plan Width": 4,
                                "Actual Startup Time": 32.15,
                                "Actual Total Time": 115.286,
                                "Actual Rows": 249420,
                                "Actual Loops": 2,
                                "Recheck Cond": "(company_id < 448)",
                                "Rows Removed by Index Recheck": 0,
                                "Exact Heap Blocks": 10179,
                                "Lossy Heap Blocks": 0,
                                "Plans": [
                                  {
                                    "Node Type": "Bitmap Index Scan",
                                    "Parent Relationship": "Outer",
                                    "Parallel Aware": false,
                                    "Index Name": "company_id_movie_companies",
                                    "Startup Cost": 0.0,
                                    "Total Cost": 10742.1,
                                    "Plan Rows": 501556,
                                    "Plan Width": 0,
                                    "Actual Startup Time": 29.247,
                                    "Actual Total Time": 29.247,
                                    "Actual Rows": 498840,
                                    "Actual Loops": 1,
                                    "Index Cond": "(company_id < 448)"
                                  }
                                ]
                              }
                            ]
                          }
                        ]
                      }
                    ]
                  }
                ]
              }
            ]
          }
        ]
      }
    ]
  },
  "Planning Time": 0.698,
  "Triggers": [],
  "Execution Time": 3081.304
}