[
    {
        "Bao": {
            "Bao prediction": "NaN",
            "Bao recommended hint": "(no hint)"
        }
    },
    {
        "Plan": {
            "Node Type": "Aggregate",
            "Strategy": "Plain",
            "Partial Mode": "Finalize",
            "Parallel Aware": false,
            "Startup Cost": 27184.05,
            "Total Cost": 27184.06,
            "Plan Rows": 1,
            "Plan Width": 8,
            "Actual Startup Time": 63.23,
            "Actual Total Time": 67.405,
            "Actual Rows": 1,
            "Actual Loops": 1,
            "Output": [
                "count(*)"
            ],
            "Plans": [
                {
                    "Node Type": "Gather",
                    "Parent Relationship": "Outer",
                    "Parallel Aware": false,
                    "Startup Cost": 27183.73,
                    "Total Cost": 27184.04,
                    "Plan Rows": 3,
                    "Plan Width": 8,
                    "Actual Startup Time": 62.981,
                    "Actual Total Time": 67.398,
                    "Actual Rows": 4,
                    "Actual Loops": 1,
                    "Output": [
                        "(PARTIAL count(*))"
                    ],
                    "Workers Planned": 3,
                    "Workers Launched": 3,
                    "Single Copy": false,
                    "Plans": [
                        {
                            "Node Type": "Aggregate",
                            "Strategy": "Plain",
                            "Partial Mode": "Partial",
                            "Parent Relationship": "Outer",
                            "Parallel Aware": false,
                            "Startup Cost": 26183.73,
                            "Total Cost": 26183.74,
                            "Plan Rows": 1,
                            "Plan Width": 8,
                            "Actual Startup Time": 54.484,
                            "Actual Total Time": 54.485,
                            "Actual Rows": 1,
                            "Actual Loops": 4,
                            "Output": [
                                "PARTIAL count(*)"
                            ],
                            "Workers": [
                                {
                                    "Worker Number": 0,
                                    "Actual Startup Time": 51.306,
                                    "Actual Total Time": 51.308,
                                    "Actual Rows": 1,
                                    "Actual Loops": 1
                                },
                                {
                                    "Worker Number": 1,
                                    "Actual Startup Time": 51.874,
                                    "Actual Total Time": 51.875,
                                    "Actual Rows": 1,
                                    "Actual Loops": 1
                                },
                                {
                                    "Worker Number": 2,
                                    "Actual Startup Time": 52.007,
                                    "Actual Total Time": 52.007,
                                    "Actual Rows": 1,
                                    "Actual Loops": 1
                                }
                            ],
                            "Plans": [
                                {
                                    "Node Type": "Bitmap Heap Scan",
                                    "Parent Relationship": "Outer",
                                    "Parallel Aware": true,
                                    "Relation Name": "movie_companies",
                                    "Schema": "public",
                                    "Alias": "mc",
                                    "Startup Cost": 5945.11,
                                    "Total Cost": 26070.28,
                                    "Plan Rows": 45381,
                                    "Plan Width": 0,
                                    "Actual Startup Time": 40.924,
                                    "Actual Total Time": 53.523,
                                    "Actual Rows": 15972,
                                    "Actual Loops": 4,
                                    "Recheck Cond": "(mc.company_id < 143)",
                                    "Rows Removed by Index Recheck": 0,
                                    "Filter": "(mc.company_type_id > 1)",
                                    "Rows Removed by Filter": 51750,
                                    "Exact Heap Blocks": 10580,
                                    "Lossy Heap Blocks": 0,
                                    "Workers": [
                                        {
                                            "Worker Number": 0,
                                            "Actual Startup Time": 37.755,
                                            "Actual Total Time": 50.451,
                                            "Actual Rows": 10153,
                                            "Actual Loops": 1
                                        },
                                        {
                                            "Worker Number": 1,
                                            "Actual Startup Time": 38.319,
                                            "Actual Total Time": 51.013,
                                            "Actual Rows": 13141,
                                            "Actual Loops": 1
                                        },
                                        {
                                            "Worker Number": 2,
                                            "Actual Startup Time": 38.44,
                                            "Actual Total Time": 51.161,
                                            "Actual Rows": 12788,
                                            "Actual Loops": 1
                                        }
                                    ],
                                    "Plans": [
                                        {
                                            "Node Type": "Bitmap Index Scan",
                                            "Parent Relationship": "Outer",
                                            "Parallel Aware": false,
                                            "Index Name": "company_id_movie_companies",
                                            "Startup Cost": 0.0,
                                            "Total Cost": 5909.94,
                                            "Plan Rows": 275935,
                                            "Plan Width": 0,
                                            "Actual Startup Time": 14.865,
                                            "Actual Total Time": 14.865,
                                            "Actual Rows": 270886,
                                            "Actual Loops": 1,
                                            "Index Cond": "(mc.company_id < 143)"
                                        }
                                    ]
                                }
                            ]
                        }
                    ]
                }
            ]
        },
        "Planning Time": 195.073,
        "Triggers": [],
        "Execution Time": 67.452
    }
]