[
  {
    "Plan": {
      "Node Type": "Aggregate",
      "Strategy": "Plain",
      "Partial Mode": "Finalize",
      "Parallel Aware": false,
      "Startup Cost": 45433.42,
      "Total Cost": 45433.43,
      "Plan Rows": 1,
      "Plan Width": 8,
      "Actual Startup Time": 156.68,
      "Actual Total Time": 166.188,
      "Actual Rows": 1,
      "Actual Loops": 1,
      "Plans": [
        {
          "Node Type": "Gather",
          "Parent Relationship": "Outer",
          "Parallel Aware": false,
          "Startup Cost": 45433.11,
          "Total Cost": 45433.42,
          "Plan Rows": 3,
          "Plan Width": 8,
          "Actual Startup Time": 156.555,
          "Actual Total Time": 166.177,
          "Actual Rows": 4,
          "Actual Loops": 1,
          "Workers Planned": 3,
          "Workers Launched": 3,
          "Single Copy": false,
          "Plans": [
            {
              "Node Type": "Aggregate",
              "Strategy": "Plain",
              "Partial Mode": "Partial",
              "Parent Relationship": "Outer",
              "Parallel Aware": false,
              "Startup Cost": 44433.11,
              "Total Cost": 44433.12,
              "Plan Rows": 1,
              "Plan Width": 8,
              "Actual Startup Time": 147.938,
              "Actual Total Time": 147.939,
              "Actual Rows": 1,
              "Actual Loops": 4,
              "Plans": [
                {
                  "Node Type": "Seq Scan",
                  "Parent Relationship": "Outer",
                  "Parallel Aware": true,
                  "Relation Name": "movie_keyword",
                  "Alias": "mk",
                  "Startup Cost": 0.0,
                  "Total Cost": 42695.65,
                  "Plan Rows": 694981,
                  "Plan Width": 0,
                  "Actual Startup Time": 0.066,
                  "Actual Total Time": 120.64,
                  "Actual Rows": 541936,
                  "Actual Loops": 4,
                  "Filter": "(keyword_id < 4194)",
                  "Rows Removed by Filter": 589046
                }
              ]
            }
          ]
        }
      ]
    },
    "Planning Time": 0.188,
    "Triggers": [],
    "Execution Time": 166.242
  }
]