[
    {
        "Bao": {
            "Bao prediction": "NaN",
            "Bao recommended hint": "(no hint)"
        }
    },
    {
        "Plan": {
            "Node Type": "Aggregate",
            "Strategy": "Plain",
            "Partial Mode": "Finalize",
            "Parallel Aware": false,
            "Startup Cost": 335394.32,
            "Total Cost": 335394.33,
            "Plan Rows": 1,
            "Plan Width": 8,
            "Actual Startup Time": 655.378,
            "Actual Total Time": 697.657,
            "Actual Rows": 1,
            "Actual Loops": 1,
            "Output": [
                "count(*)"
            ],
            "Plans": [
                {
                    "Node Type": "Gather",
                    "Parent Relationship": "Outer",
                    "Parallel Aware": false,
                    "Startup Cost": 335393.7,
                    "Total Cost": 335394.31,
                    "Plan Rows": 6,
                    "Plan Width": 8,
                    "Actual Startup Time": 655.264,
                    "Actual Total Time": 697.648,
                    "Actual Rows": 7,
                    "Actual Loops": 1,
                    "Output": [
                        "(PARTIAL count(*))"
                    ],
                    "Workers Planned": 6,
                    "Workers Launched": 6,
                    "Single Copy": false,
                    "Plans": [
                        {
                            "Node Type": "Aggregate",
                            "Strategy": "Plain",
                            "Partial Mode": "Partial",
                            "Parent Relationship": "Outer",
                            "Parallel Aware": false,
                            "Startup Cost": 334393.7,
                            "Total Cost": 334393.71,
                            "Plan Rows": 1,
                            "Plan Width": 8,
                            "Actual Startup Time": 645.691,
                            "Actual Total Time": 645.692,
                            "Actual Rows": 1,
                            "Actual Loops": 7,
                            "Output": [
                                "PARTIAL count(*)"
                            ],
                            "Workers": [
                                {
                                    "Worker Number": 0,
                                    "Actual Startup Time": 643.469,
                                    "Actual Total Time": 643.47,
                                    "Actual Rows": 1,
                                    "Actual Loops": 1
                                },
                                {
                                    "Worker Number": 1,
                                    "Actual Startup Time": 643.831,
                                    "Actual Total Time": 643.833,
                                    "Actual Rows": 1,
                                    "Actual Loops": 1
                                },
                                {
                                    "Worker Number": 2,
                                    "Actual Startup Time": 643.932,
                                    "Actual Total Time": 643.933,
                                    "Actual Rows": 1,
                                    "Actual Loops": 1
                                },
                                {
                                    "Worker Number": 3,
                                    "Actual Startup Time": 644.392,
                                    "Actual Total Time": 644.393,
                                    "Actual Rows": 1,
                                    "Actual Loops": 1
                                },
                                {
                                    "Worker Number": 4,
                                    "Actual Startup Time": 644.613,
                                    "Actual Total Time": 644.614,
                                    "Actual Rows": 1,
                                    "Actual Loops": 1
                                },
                                {
                                    "Worker Number": 5,
                                    "Actual Startup Time": 644.738,
                                    "Actual Total Time": 644.739,
                                    "Actual Rows": 1,
                                    "Actual Loops": 1
                                }
                            ],
                            "Plans": [
                                {
                                    "Node Type": "Seq Scan",
                                    "Parent Relationship": "Outer",
                                    "Parallel Aware": true,
                                    "Relation Name": "cast_info",
                                    "Schema": "public",
                                    "Alias": "ci",
                                    "Startup Cost": 0.0,
                                    "Total Cost": 328213.62,
                                    "Plan Rows": 2472032,
                                    "Plan Width": 0,
                                    "Actual Startup Time": 223.848,
                                    "Actual Total Time": 549.347,
                                    "Actual Rows": 2131318,
                                    "Actual Loops": 7,
                                    "Output": [
                                        "id",
                                        "person_id",
                                        "movie_id",
                                        "person_role_id",
                                        "note",
                                        "nr_order",
                                        "role_id"
                                    ],
                                    "Filter": "(ci.person_id > 2158310)",
                                    "Rows Removed by Filter": 3046446,
                                    "Workers": [
                                        {
                                            "Worker Number": 0,
                                            "Actual Startup Time": 221.622,
                                            "Actual Total Time": 546.294,
                                            "Actual Rows": 1469345,
                                            "Actual Loops": 1
                                        },
                                        {
                                            "Worker Number": 1,
                                            "Actual Startup Time": 221.967,
                                            "Actual Total Time": 545.745,
                                            "Actual Rows": 1481777,
                                            "Actual Loops": 1
                                        },
                                        {
                                            "Worker Number": 2,
                                            "Actual Startup Time": 222.096,
                                            "Actual Total Time": 550.025,
                                            "Actual Rows": 2272109,
                                            "Actual Loops": 1
                                        },
                                        {
                                            "Worker Number": 3,
                                            "Actual Startup Time": 222.548,
                                            "Actual Total Time": 552.66,
                                            "Actual Rows": 2256640,
                                            "Actual Loops": 1
                                        },
                                        {
                                            "Worker Number": 4,
                                            "Actual Startup Time": 222.768,
                                            "Actual Total Time": 552.777,
                                            "Actual Rows": 2260059,
                                            "Actual Loops": 1
                                        },
                                        {
                                            "Worker Number": 5,
                                            "Actual Startup Time": 222.902,
                                            "Actual Total Time": 551.211,
                                            "Actual Rows": 2249190,
                                            "Actual Loops": 1
                                        }
                                    ]
                                }
                            ]
                        }
                    ]
                }
            ]
        },
        "Planning Time": 194.026,
        "Triggers": [],
        "Execution Time": 697.717
    }
]