[
  {
    "Plan": {
      "Node Type": "Aggregate",
      "Strategy": "Plain",
      "Partial Mode": "Finalize",
      "Parallel Aware": false,
      "Startup Cost": 353984.3,
      "Total Cost": 353984.32,
      "Plan Rows": 1,
      "Plan Width": 8,
      "Actual Startup Time": 853.3,
      "Actual Total Time": 894.884,
      "Actual Rows": 1,
      "Actual Loops": 1,
      "Plans": [
        {
          "Node Type": "Gather",
          "Parent Relationship": "Outer",
          "Parallel Aware": false,
          "Startup Cost": 353983.68,
          "Total Cost": 353984.29,
          "Plan Rows": 6,
          "Plan Width": 8,
          "Actual Startup Time": 853.075,
          "Actual Total Time": 894.863,
          "Actual Rows": 7,
          "Actual Loops": 1,
          "Workers Planned": 6,
          "Workers Launched": 6,
          "Single Copy": false,
          "Plans": [
            {
              "Node Type": "Aggregate",
              "Strategy": "Plain",
              "Partial Mode": "Partial",
              "Parent Relationship": "Outer",
              "Parallel Aware": false,
              "Startup Cost": 352983.68,
              "Total Cost": 352983.69,
              "Plan Rows": 1,
              "Plan Width": 8,
              "Actual Startup Time": 844.91,
              "Actual Total Time": 844.912,
              "Actual Rows": 1,
              "Actual Loops": 7,
              "Plans": [
                {
                  "Node Type": "Seq Scan",
                  "Parent Relationship": "Outer",
                  "Parallel Aware": true,
                  "Relation Name": "cast_info",
                  "Alias": "ci",
                  "Startup Cost": 0.0,
                  "Total Cost": 343316.27,
                  "Plan Rows": 3866964,
                  "Plan Width": 0,
                  "Actual Startup Time": 221.445,
                  "Actual Total Time": 691.749,
                  "Actual Rows": 3297879,
                  "Actual Loops": 7,
                  "Filter": "((person_id < 3968869) AND (role_id > 1))",
                  "Rows Removed by Filter": 1879885
                }
              ]
            }
          ]
        }
      ]
    },
    "Planning Time": 0.095,
    "Triggers": [],
    "Execution Time": 894.924
  }
]