[
  {
    "Plan": {
      "Node Type": "Aggregate",
      "Strategy": "Plain",
      "Partial Mode": "Finalize",
      "Parallel Aware": false,
      "Startup Cost": 142077.38,
      "Total Cost": 142077.39,
      "Plan Rows": 1,
      "Plan Width": 8,
      "Actual Startup Time": 999.173,
      "Actual Total Time": 1041.578,
      "Actual Rows": 1,
      "Actual Loops": 1,
      "Plans": [
        {
          "Node Type": "Gather",
          "Parent Relationship": "Outer",
          "Parallel Aware": false,
          "Startup Cost": 142076.96,
          "Total Cost": 142077.37,
          "Plan Rows": 4,
          "Plan Width": 8,
          "Actual Startup Time": 997.398,
          "Actual Total Time": 1041.571,
          "Actual Rows": 5,
          "Actual Loops": 1,
          "Workers Planned": 4,
          "Workers Launched": 4,
          "Single Copy": false,
          "Plans": [
            {
              "Node Type": "Aggregate",
              "Strategy": "Plain",
              "Partial Mode": "Partial",
              "Parent Relationship": "Outer",
              "Parallel Aware": false,
              "Startup Cost": 141076.96,
              "Total Cost": 141076.97,
              "Plan Rows": 1,
              "Plan Width": 8,
              "Actual Startup Time": 993.0,
              "Actual Total Time": 993.004,
              "Actual Rows": 1,
              "Actual Loops": 5,
              "Plans": [
                {
                  "Node Type": "Nested Loop",
                  "Parent Relationship": "Outer",
                  "Parallel Aware": false,
                  "Join Type": "Inner",
                  "Startup Cost": 29301.45,
                  "Total Cost": 140992.31,
                  "Plan Rows": 33860,
                  "Plan Width": 0,
                  "Actual Startup Time": 117.232,
                  "Actual Total Time": 978.83,
                  "Actual Rows": 283315,
                  "Actual Loops": 5,
                  "Inner Unique": false,
                  "Plans": [
                    {
                      "Node Type": "Hash Join",
                      "Parent Relationship": "Outer",
                      "Parallel Aware": true,
                      "Join Type": "Inner",
                      "Startup Cost": 29301.01,
                      "Total Cost": 75901.52,
                      "Plan Rows": 38416,
                      "Plan Width": 8,
                      "Actual Startup Time": 116.944,
                      "Actual Total Time": 273.828,
                      "Actual Rows": 63037,
                      "Actual Loops": 5,
                      "Inner Unique": false,
                      "Hash Cond": "(t.id = mc.movie_id)",
                      "Plans": [
                        {
                          "Node Type": "Seq Scan",
                          "Parent Relationship": "Outer",
                          "Parallel Aware": true,
                          "Relation Name": "title",
                          "Alias": "t",
                          "Startup Cost": 0.0,
                          "Total Cost": 43899.01,
                          "Plan Rows": 515515,
                          "Plan Width": 4,
                          "Actual Startup Time": 0.011,
                          "Actual Total Time": 72.222,
                          "Actual Rows": 412910,
                          "Actual Loops": 5,
                          "Filter": "(production_year < 2011)",
                          "Rows Removed by Filter": 92752
                        },
                        {
                          "Node Type": "Hash",
                          "Parent Relationship": "Inner",
                          "Parallel Aware": true,
                          "Startup Cost": 28541.3,
                          "Total Cost": 28541.3,
                          "Plan Rows": 60777,
                          "Plan Width": 4,
                          "Actual Startup Time": 90.717,
                          "Actual Total Time": 90.719,
                          "Actual Rows": 74979,
                          "Actual Loops": 5,
                          "Hash Buckets": 524288,
                          "Original Hash Buckets": 262144,
                          "Hash Batches": 1,
                          "Original Hash Batches": 1,
                          "Peak Memory Usage": 20896,
                          "Plans": [
                            {
                              "Node Type": "Bitmap Heap Scan",
                              "Parent Relationship": "Outer",
                              "Parallel Aware": true,
                              "Relation Name": "movie_companies",
                              "Alias": "mc",
                              "Startup Cost": 7963.16,
                              "Total Cost": 28541.3,
                              "Plan Rows": 60777,
                              "Plan Width": 4,
                              "Actual Startup Time": 27.575,
                              "Actual Total Time": 58.861,
                              "Actual Rows": 74979,
                              "Actual Loops": 5,
                              "Recheck Cond": "(company_id > 84989)",
                              "Rows Removed by Index Recheck": 0,
                              "Filter": "(company_type_id = 2)",
                              "Rows Removed by Filter": 0,
                              "Exact Heap Blocks": 2227,
                              "Lossy Heap Blocks": 0,
                              "Plans": [
                                {
                                  "Node Type": "Bitmap Index Scan",
                                  "Parent Relationship": "Outer",
                                  "Parallel Aware": false,
                                  "Index Name": "company_id_movie_companies",
                                  "Startup Cost": 0.0,
                                  "Total Cost": 7916.06,
                                  "Plan Rows": 369550,
                                  "Plan Width": 0,
                                  "Actual Startup Time": 26.692,
                                  "Actual Total Time": 26.692,
                                  "Actual Rows": 374897,
                                  "Actual Loops": 1,
                                  "Index Cond": "(company_id > 84989)"
                                }
                              ]
                            }
                          ]
                        }
                      ]
                    },
                    {
                      "Node Type": "Index Scan",
                      "Parent Relationship": "Inner",
                      "Parallel Aware": false,
                      "Scan Direction": "Forward",
                      "Index Name": "movie_id_movie_info",
                      "Relation Name": "movie_info",
                      "Alias": "mi",
                      "Startup Cost": 0.43,
                      "Total Cost": 1.63,
                      "Plan Rows": 6,
                      "Plan Width": 4,
                      "Actual Startup Time": 0.007,
                      "Actual Total Time": 0.011,
                      "Actual Rows": 4,
                      "Actual Loops": 315183,
                      "Index Cond": "(movie_id = t.id)",
                      "Rows Removed by Index Recheck": 0,
                      "Filter": "(info_type_id > 16)",
                      "Rows Removed by Filter": 14
                    }
                  ]
                }
              ]
            }
          ]
        }
      ]
    },
    "Planning Time": 1.12,
    "Triggers": [],
    "Execution Time": 1041.678
  }
]