{
  "Plan": {
    "Node Type": "Aggregate",
    "Strategy": "Plain",
    "Partial Mode": "Finalize",
    "Parallel Aware": false,
    "Startup Cost": 75199.13,
    "Total Cost": 75199.14,
    "Plan Rows": 1,
    "Plan Width": 8,
    "Actual Startup Time": 232.588,
    "Actual Total Time": 245.519,
    "Actual Rows": 1,
    "Actual Loops": 1,
    "Plans": [
      {
        "Node Type": "Gather",
        "Parent Relationship": "Outer",
        "Parallel Aware": false,
        "Startup Cost": 75199.02,
        "Total Cost": 75199.13,
        "Plan Rows": 1,
        "Plan Width": 8,
        "Actual Startup Time": 232.293,
        "Actual Total Time": 245.512,
        "Actual Rows": 2,
        "Actual Loops": 1,
        "Workers Planned": 1,
        "Workers Launched": 1,
        "Single Copy": false,
        "Plans": [
          {
            "Node Type": "Aggregate",
            "Strategy": "Plain",
            "Partial Mode": "Partial",
            "Parent Relationship": "Outer",
            "Parallel Aware": false,
            "Startup Cost": 74199.02,
            "Total Cost": 74199.03,
            "Plan Rows": 1,
            "Plan Width": 8,
            "Actual Startup Time": 226.548,
            "Actual Total Time": 226.551,
            "Actual Rows": 1,
            "Actual Loops": 2,
            "Plans": [
              {
                "Node Type": "Hash Join",
                "Parent Relationship": "Outer",
                "Parallel Aware": true,
                "Join Type": "Inner",
                "Startup Cost": 55370.83,
                "Total Cost": 74170.28,
                "Plan Rows": 11498,
                "Plan Width": 0,
                "Actual Startup Time": 179.867,
                "Actual Total Time": 226.347,
                "Actual Rows": 3712,
                "Actual Loops": 2,
                "Inner Unique": true,
                "Hash Cond": "(mi_idx.movie_id = t.id)",
                "Plans": [
                  {
                    "Node Type": "Seq Scan",
                    "Parent Relationship": "Outer",
                    "Parallel Aware": true,
                    "Relation Name": "movie_info_idx",
                    "Alias": "mi_idx",
                    "Startup Cost": 0.0,
                    "Total Cost": 18082.32,
                    "Plan Rows": 273193,
                    "Plan Width": 4,
                    "Actual Startup Time": 0.02,
                    "Actual Total Time": 49.31,
                    "Actual Rows": 229962,
                    "Actual Loops": 2,
                    "Filter": "(info_type_id = 100)",
                    "Rows Removed by Filter": 460055
                  },
                  {
                    "Node Type": "Hash",
                    "Parent Relationship": "Inner",
                    "Parallel Aware": true,
                    "Startup Cost": 54588.39,
                    "Total Cost": 54588.39,
                    "Plan Rows": 62595,
                    "Plan Width": 4,
                    "Actual Startup Time": 145.993,
                    "Actual Total Time": 145.994,
                    "Actual Rows": 53414,
                    "Actual Loops": 2,
                    "Hash Buckets": 131072,
                    "Original Hash Buckets": 131072,
                    "Hash Batches": 1,
                    "Original Hash Batches": 1,
                    "Peak Memory Usage": 5248,
                    "Plans": [
                      {
                        "Node Type": "Seq Scan",
                        "Parent Relationship": "Outer",
                        "Parallel Aware": true,
                        "Relation Name": "title",
                        "Alias": "t",
                        "Startup Cost": 0.0,
                        "Total Cost": 54588.39,
                        "Plan Rows": 62595,
                        "Plan Width": 4,
                        "Actual Startup Time": 56.114,
                        "Actual Total Time": 134.567,
                        "Actual Rows": 53414,
                        "Actual Loops": 2,
                        "Filter": "(production_year < 1927)",
                        "Rows Removed by Filter": 1210742
                      }
                    ]
                  }
                ]
              }
            ]
          }
        ]
      }
    ]
  },
  "Planning Time": 0.472,
  "Triggers": [],
  "Execution Time": 245.592
}