[
  {
    "Plan": {
      "Node Type": "Aggregate",
      "Strategy": "Plain",
      "Partial Mode": "Finalize",
      "Parallel Aware": false,
      "Startup Cost": 46144.97,
      "Total Cost": 46144.98,
      "Plan Rows": 1,
      "Plan Width": 8,
      "Actual Startup Time": 188.651,
      "Actual Total Time": 201.183,
      "Actual Rows": 1,
      "Actual Loops": 1,
      "Plans": [
        {
          "Node Type": "Gather",
          "Parent Relationship": "Outer",
          "Parallel Aware": false,
          "Startup Cost": 46144.66,
          "Total Cost": 46144.97,
          "Plan Rows": 3,
          "Plan Width": 8,
          "Actual Startup Time": 188.505,
          "Actual Total Time": 201.175,
          "Actual Rows": 4,
          "Actual Loops": 1,
          "Workers Planned": 3,
          "Workers Launched": 3,
          "Single Copy": false,
          "Plans": [
            {
              "Node Type": "Aggregate",
              "Strategy": "Plain",
              "Partial Mode": "Partial",
              "Parent Relationship": "Outer",
              "Parallel Aware": false,
              "Startup Cost": 45144.66,
              "Total Cost": 45144.67,
              "Plan Rows": 1,
              "Plan Width": 8,
              "Actual Startup Time": 181.38,
              "Actual Total Time": 181.381,
              "Actual Rows": 1,
              "Actual Loops": 4,
              "Plans": [
                {
                  "Node Type": "Seq Scan",
                  "Parent Relationship": "Outer",
                  "Parallel Aware": true,
                  "Relation Name": "movie_keyword",
                  "Alias": "mk",
                  "Startup Cost": 0.0,
                  "Total Cost": 42695.65,
                  "Plan Rows": 979601,
                  "Plan Width": 0,
                  "Actual Startup Time": 0.193,
                  "Actual Total Time": 137.98,
                  "Actual Rows": 759531,
                  "Actual Loops": 4,
                  "Filter": "(keyword_id > 2125)",
                  "Rows Removed by Filter": 371452
                }
              ]
            }
          ]
        }
      ]
    },
    "Planning Time": 0.185,
    "Triggers": [],
    "Execution Time": 201.236
  }
]