[
  {
    "Plan": {
      "Node Type": "Aggregate",
      "Strategy": "Plain",
      "Partial Mode": "Finalize",
      "Parallel Aware": false,
      "Startup Cost": 72387.1,
      "Total Cost": 72387.11,
      "Plan Rows": 1,
      "Plan Width": 8,
      "Actual Startup Time": 179.227,
      "Actual Total Time": 191.65,
      "Actual Rows": 1,
      "Actual Loops": 1,
      "Plans": [
        {
          "Node Type": "Gather",
          "Parent Relationship": "Outer",
          "Parallel Aware": false,
          "Startup Cost": 72386.79,
          "Total Cost": 72387.1,
          "Plan Rows": 3,
          "Plan Width": 8,
          "Actual Startup Time": 178.179,
          "Actual Total Time": 191.643,
          "Actual Rows": 4,
          "Actual Loops": 1,
          "Workers Planned": 3,
          "Workers Launched": 3,
          "Single Copy": false,
          "Plans": [
            {
              "Node Type": "Aggregate",
              "Strategy": "Plain",
              "Partial Mode": "Partial",
              "Parent Relationship": "Outer",
              "Parallel Aware": false,
              "Startup Cost": 71386.79,
              "Total Cost": 71386.8,
              "Plan Rows": 1,
              "Plan Width": 8,
              "Actual Startup Time": 169.53,
              "Actual Total Time": 169.534,
              "Actual Rows": 1,
              "Actual Loops": 4,
              "Plans": [
                {
                  "Node Type": "Hash Join",
                  "Parent Relationship": "Outer",
                  "Parallel Aware": true,
                  "Join Type": "Inner",
                  "Startup Cost": 51133.97,
                  "Total Cost": 71361.18,
                  "Plan Rows": 10243,
                  "Plan Width": 0,
                  "Actual Startup Time": 135.187,
                  "Actual Total Time": 168.782,
                  "Actual Rows": 13876,
                  "Actual Loops": 4,
                  "Inner Unique": true,
                  "Hash Cond": "(mc.movie_id = t.id)",
                  "Plans": [
                    {
                      "Node Type": "Bitmap Heap Scan",
                      "Parent Relationship": "Outer",
                      "Parallel Aware": true,
                      "Relation Name": "movie_companies",
                      "Alias": "mc",
                      "Startup Cost": 6383.34,
                      "Total Cost": 26361.12,
                      "Plan Rows": 95022,
                      "Plan Width": 4,
                      "Actual Startup Time": 12.699,
                      "Actual Total Time": 28.788,
                      "Actual Rows": 73926,
                      "Actual Loops": 4,
                      "Recheck Cond": "(company_id > 94756)",
                      "Rows Removed by Index Recheck": 0,
                      "Exact Heap Blocks": 1481,
                      "Lossy Heap Blocks": 0,
                      "Plans": [
                        {
                          "Node Type": "Bitmap Index Scan",
                          "Parent Relationship": "Outer",
                          "Parallel Aware": false,
                          "Index Name": "company_id_movie_companies",
                          "Startup Cost": 0.0,
                          "Total Cost": 6309.7,
                          "Plan Rows": 294569,
                          "Plan Width": 0,
                          "Actual Startup Time": 11.933,
                          "Actual Total Time": 11.934,
                          "Actual Rows": 295705,
                          "Actual Loops": 1,
                          "Index Cond": "(company_id > 94756)"
                        }
                      ]
                    },
                    {
                      "Node Type": "Hash",
                      "Parent Relationship": "Inner",
                      "Parallel Aware": true,
                      "Startup Cost": 43898.92,
                      "Total Cost": 43898.92,
                      "Plan Rows": 68137,
                      "Plan Width": 4,
                      "Actual Startup Time": 119.323,
                      "Actual Total Time": 119.323,
                      "Actual Rows": 71264,
                      "Actual Loops": 4,
                      "Hash Buckets": 524288,
                      "Original Hash Buckets": 524288,
                      "Hash Batches": 1,
                      "Original Hash Batches": 1,
                      "Peak Memory Usage": 15328,
                      "Plans": [
                        {
                          "Node Type": "Seq Scan",
                          "Parent Relationship": "Outer",
                          "Parallel Aware": true,
                          "Relation Name": "title",
                          "Alias": "t",
                          "Startup Cost": 0.0,
                          "Total Cost": 43898.92,
                          "Plan Rows": 68137,
                          "Plan Width": 4,
                          "Actual Startup Time": 0.042,
                          "Actual Total Time": 94.632,
                          "Actual Rows": 71264,
                          "Actual Loops": 4,
                          "Filter": "(production_year < 1964)",
                          "Rows Removed by Filter": 560814
                        }
                      ]
                    }
                  ]
                }
              ]
            }
          ]
        }
      ]
    },
    "Planning Time": 0.649,
    "Triggers": [],
    "Execution Time": 191.739
  }
]