{
  "Plan": {
    "Node Type": "Aggregate",
    "Strategy": "Plain",
    "Partial Mode": "Finalize",
    "Parallel Aware": false,
    "Startup Cost": 543826.32,
    "Total Cost": 543826.33,
    "Plan Rows": 1,
    "Plan Width": 8,
    "Actual Startup Time": 247.49,
    "Actual Total Time": 281.398,
    "Actual Rows": 1,
    "Actual Loops": 1,
    "Plans": [
      {
        "Node Type": "Gather",
        "Parent Relationship": "Outer",
        "Parallel Aware": false,
        "Startup Cost": 543826.21,
        "Total Cost": 543826.32,
        "Plan Rows": 1,
        "Plan Width": 8,
        "Actual Startup Time": 247.367,
        "Actual Total Time": 281.39,
        "Actual Rows": 2,
        "Actual Loops": 1,
        "Workers Planned": 1,
        "Workers Launched": 1,
        "Single Copy": false,
        "Plans": [
          {
            "Node Type": "Aggregate",
            "Strategy": "Plain",
            "Partial Mode": "Partial",
            "Parent Relationship": "Outer",
            "Parallel Aware": false,
            "Startup Cost": 542826.21,
            "Total Cost": 542826.22,
            "Plan Rows": 1,
            "Plan Width": 8,
            "Actual Startup Time": 241.453,
            "Actual Total Time": 241.455,
            "Actual Rows": 1,
            "Actual Loops": 2,
            "Plans": [
              {
                "Node Type": "Nested Loop",
                "Parent Relationship": "Outer",
                "Parallel Aware": false,
                "Join Type": "Inner",
                "Startup Cost": 0.56,
                "Total Cost": 542646.57,
                "Plan Rows": 71856,
                "Plan Width": 0,
                "Actual Startup Time": 0.393,
                "Actual Total Time": 238.171,
                "Actual Rows": 43545,
                "Actual Loops": 2,
                "Inner Unique": false,
                "Plans": [
                  {
                    "Node Type": "Seq Scan",
                    "Parent Relationship": "Outer",
                    "Parallel Aware": true,
                    "Relation Name": "title",
                    "Alias": "t",
                    "Startup Cost": 0.0,
                    "Total Cost": 58306.47,
                    "Plan Rows": 5015,
                    "Plan Width": 4,
                    "Actual Startup Time": 0.188,
                    "Actual Total Time": 137.772,
                    "Actual Rows": 3912,
                    "Actual Loops": 2,
                    "Filter": "((kind_id > 4) AND (production_year = 1965))",
                    "Rows Removed by Filter": 1260244
                  },
                  {
                    "Node Type": "Index Only Scan",
                    "Parent Relationship": "Inner",
                    "Parallel Aware": false,
                    "Scan Direction": "Forward",
                    "Index Name": "movie_id_cast_info",
                    "Relation Name": "cast_info",
                    "Alias": "ci",
                    "Startup Cost": 0.56,
                    "Total Cost": 96.21,
                    "Plan Rows": 37,
                    "Plan Width": 4,
                    "Actual Startup Time": 0.006,
                    "Actual Total Time": 0.024,
                    "Actual Rows": 11,
                    "Actual Loops": 7824,
                    "Index Cond": "(movie_id = t.id)",
                    "Rows Removed by Index Recheck": 0,
                    "Heap Fetches": 87090
                  }
                ]
              }
            ]
          }
        ]
      }
    ]
  },
  "Planning Time": 0.527,
  "Triggers": [],
  "Execution Time": 281.48
}