[
  {
    "Plan": {
      "Node Type": "Aggregate",
      "Strategy": "Plain",
      "Partial Mode": "Finalize",
      "Parallel Aware": false,
      "Startup Cost": 247840.02,
      "Total Cost": 247840.03,
      "Plan Rows": 1,
      "Plan Width": 8,
      "Actual Startup Time": 733.998,
      "Actual Total Time": 779.998,
      "Actual Rows": 1,
      "Actual Loops": 1,
      "Plans": [
        {
          "Node Type": "Gather",
          "Parent Relationship": "Outer",
          "Parallel Aware": false,
          "Startup Cost": 247839.5,
          "Total Cost": 247840.01,
          "Plan Rows": 5,
          "Plan Width": 8,
          "Actual Startup Time": 732.259,
          "Actual Total Time": 779.952,
          "Actual Rows": 6,
          "Actual Loops": 1,
          "Workers Planned": 5,
          "Workers Launched": 5,
          "Single Copy": false,
          "Plans": [
            {
              "Node Type": "Aggregate",
              "Strategy": "Plain",
              "Partial Mode": "Partial",
              "Parent Relationship": "Outer",
              "Parallel Aware": false,
              "Startup Cost": 246839.5,
              "Total Cost": 246839.51,
              "Plan Rows": 1,
              "Plan Width": 8,
              "Actual Startup Time": 723.701,
              "Actual Total Time": 723.706,
              "Actual Rows": 1,
              "Actual Loops": 6,
              "Plans": [
                {
                  "Node Type": "Hash Join",
                  "Parent Relationship": "Outer",
                  "Parallel Aware": true,
                  "Join Type": "Inner",
                  "Startup Cost": 46449.19,
                  "Total Cost": 245928.59,
                  "Plan Rows": 364363,
                  "Plan Width": 0,
                  "Actual Startup Time": 98.032,
                  "Actual Total Time": 716.592,
                  "Actual Rows": 156727,
                  "Actual Loops": 6,
                  "Inner Unique": true,
                  "Hash Cond": "(mi.movie_id = t.id)",
                  "Plans": [
                    {
                      "Node Type": "Seq Scan",
                      "Parent Relationship": "Outer",
                      "Parallel Aware": true,
                      "Relation Name": "movie_info",
                      "Alias": "mi",
                      "Startup Cost": 0.0,
                      "Total Cost": 191685.19,
                      "Plan Rows": 2969219,
                      "Plan Width": 4,
                      "Actual Startup Time": 0.028,
                      "Actual Total Time": 314.7,
                      "Actual Rows": 2472620,
                      "Actual Loops": 6
                    },
                    {
                      "Node Type": "Hash",
                      "Parent Relationship": "Inner",
                      "Parallel Aware": true,
                      "Startup Cost": 45479.59,
                      "Total Cost": 45479.59,
                      "Plan Rows": 77568,
                      "Plan Width": 4,
                      "Actual Startup Time": 94.741,
                      "Actual Total Time": 94.742,
                      "Actual Rows": 34968,
                      "Actual Loops": 6,
                      "Hash Buckets": 524288,
                      "Original Hash Buckets": 524288,
                      "Hash Batches": 1,
                      "Original Hash Batches": 1,
                      "Peak Memory Usage": 12416,
                      "Plans": [
                        {
                          "Node Type": "Seq Scan",
                          "Parent Relationship": "Outer",
                          "Parallel Aware": true,
                          "Relation Name": "title",
                          "Alias": "t",
                          "Startup Cost": 0.0,
                          "Total Cost": 45479.59,
                          "Plan Rows": 77568,
                          "Plan Width": 4,
                          "Actual Startup Time": 0.043,
                          "Actual Total Time": 78.016,
                          "Actual Rows": 34968,
                          "Actual Loops": 6,
                          "Filter": "((production_year < 1981) AND (kind_id = 7))",
                          "Rows Removed by Filter": 386418
                        }
                      ]
                    }
                  ]
                }
              ]
            }
          ]
        }
      ]
    },
    "Planning Time": 0.377,
    "Triggers": [],
    "Execution Time": 780.057
  }
]