[
  {
    "Plan": {
      "Node Type": "Aggregate",
      "Strategy": "Plain",
      "Partial Mode": "Finalize",
      "Parallel Aware": false,
      "Startup Cost": 33268.38,
      "Total Cost": 33268.39,
      "Plan Rows": 1,
      "Plan Width": 8,
      "Actual Startup Time": 102.964,
      "Actual Total Time": 111.384,
      "Actual Rows": 1,
      "Actual Loops": 1,
      "Plans": [
        {
          "Node Type": "Gather",
          "Parent Relationship": "Outer",
          "Parallel Aware": false,
          "Startup Cost": 33268.06,
          "Total Cost": 33268.37,
          "Plan Rows": 3,
          "Plan Width": 8,
          "Actual Startup Time": 102.834,
          "Actual Total Time": 111.373,
          "Actual Rows": 4,
          "Actual Loops": 1,
          "Workers Planned": 3,
          "Workers Launched": 3,
          "Single Copy": false,
          "Plans": [
            {
              "Node Type": "Aggregate",
              "Strategy": "Plain",
              "Partial Mode": "Partial",
              "Parent Relationship": "Outer",
              "Parallel Aware": false,
              "Startup Cost": 32268.06,
              "Total Cost": 32268.07,
              "Plan Rows": 1,
              "Plan Width": 8,
              "Actual Startup Time": 95.752,
              "Actual Total Time": 95.754,
              "Actual Rows": 1,
              "Actual Loops": 4,
              "Plans": [
                {
                  "Node Type": "Seq Scan",
                  "Parent Relationship": "Outer",
                  "Parallel Aware": true,
                  "Relation Name": "movie_companies",
                  "Alias": "mc",
                  "Startup Cost": 0.0,
                  "Total Cost": 31414.82,
                  "Plan Rows": 341297,
                  "Plan Width": 0,
                  "Actual Startup Time": 0.168,
                  "Actual Total Time": 82.705,
                  "Actual Rows": 235092,
                  "Actual Loops": 4,
                  "Filter": "((company_id > 323) AND (company_type_id < 2))",
                  "Rows Removed by Filter": 417190
                }
              ]
            }
          ]
        }
      ]
    },
    "Planning Time": 0.216,
    "Triggers": [],
    "Execution Time": 111.44
  }
]