[
  {
    "Plan": {
      "Node Type": "Aggregate",
      "Strategy": "Plain",
      "Partial Mode": "Finalize",
      "Parallel Aware": false,
      "Startup Cost": 78462.91,
      "Total Cost": 78462.92,
      "Plan Rows": 1,
      "Plan Width": 8,
      "Actual Startup Time": 261.156,
      "Actual Total Time": 277.774,
      "Actual Rows": 1,
      "Actual Loops": 1,
      "Plans": [
        {
          "Node Type": "Gather",
          "Parent Relationship": "Outer",
          "Parallel Aware": false,
          "Startup Cost": 78462.6,
          "Total Cost": 78462.91,
          "Plan Rows": 3,
          "Plan Width": 8,
          "Actual Startup Time": 258.836,
          "Actual Total Time": 277.766,
          "Actual Rows": 4,
          "Actual Loops": 1,
          "Workers Planned": 3,
          "Workers Launched": 3,
          "Single Copy": false,
          "Plans": [
            {
              "Node Type": "Aggregate",
              "Strategy": "Plain",
              "Partial Mode": "Partial",
              "Parent Relationship": "Outer",
              "Parallel Aware": false,
              "Startup Cost": 77462.6,
              "Total Cost": 77462.61,
              "Plan Rows": 1,
              "Plan Width": 8,
              "Actual Startup Time": 250.04,
              "Actual Total Time": 250.044,
              "Actual Rows": 1,
              "Actual Loops": 4,
              "Plans": [
                {
                  "Node Type": "Hash Join",
                  "Parent Relationship": "Outer",
                  "Parallel Aware": true,
                  "Join Type": "Inner",
                  "Startup Cost": 45121.09,
                  "Total Cost": 77343.61,
                  "Plan Rows": 47596,
                  "Plan Width": 0,
                  "Actual Startup Time": 144.788,
                  "Actual Total Time": 249.145,
                  "Actual Rows": 17840,
                  "Actual Loops": 4,
                  "Inner Unique": true,
                  "Hash Cond": "(mc.movie_id = t.id)",
                  "Plans": [
                    {
                      "Node Type": "Seq Scan",
                      "Parent Relationship": "Outer",
                      "Parallel Aware": true,
                      "Relation Name": "movie_companies",
                      "Alias": "mc",
                      "Startup Cost": 0.0,
                      "Total Cost": 31414.82,
                      "Plan Rows": 307694,
                      "Plan Width": 4,
                      "Actual Startup Time": 0.295,
                      "Actual Total Time": 68.364,
                      "Actual Rows": 199181,
                      "Actual Loops": 4,
                      "Filter": "((company_id > 1020) AND (company_type_id < 2))",
                      "Rows Removed by Filter": 453101
                    },
                    {
                      "Node Type": "Hash",
                      "Parent Relationship": "Inner",
                      "Parallel Aware": true,
                      "Startup Cost": 43898.92,
                      "Total Cost": 43898.92,
                      "Plan Rows": 97774,
                      "Plan Width": 4,
                      "Actual Startup Time": 141.578,
                      "Actual Total Time": 141.579,
                      "Actual Rows": 97916,
                      "Actual Loops": 4,
                      "Hash Buckets": 524288,
                      "Original Hash Buckets": 524288,
                      "Hash Batches": 1,
                      "Original Hash Batches": 1,
                      "Peak Memory Usage": 19456,
                      "Plans": [
                        {
                          "Node Type": "Seq Scan",
                          "Parent Relationship": "Outer",
                          "Parallel Aware": true,
                          "Relation Name": "title",
                          "Alias": "t",
                          "Startup Cost": 0.0,
                          "Total Cost": 43898.92,
                          "Plan Rows": 97774,
                          "Plan Width": 4,
                          "Actual Startup Time": 0.041,
                          "Actual Total Time": 102.924,
                          "Actual Rows": 97916,
                          "Actual Loops": 4,
                          "Filter": "(production_year > 2010)",
                          "Rows Removed by Filter": 534162
                        }
                      ]
                    }
                  ]
                }
              ]
            }
          ]
        }
      ]
    },
    "Planning Time": 0.649,
    "Triggers": [],
    "Execution Time": 277.839
  }
]