{
  "Plan": {
    "Node Type": "Aggregate",
    "Strategy": "Plain",
    "Partial Mode": "Finalize",
    "Parallel Aware": false,
    "Startup Cost": 101928.65,
    "Total Cost": 101928.66,
    "Plan Rows": 1,
    "Plan Width": 8,
    "Actual Startup Time": 561.837,
    "Actual Total Time": 577.113,
    "Actual Rows": 1,
    "Actual Loops": 1,
    "Plans": [
      {
        "Node Type": "Gather",
        "Parent Relationship": "Outer",
        "Parallel Aware": false,
        "Startup Cost": 101928.53,
        "Total Cost": 101928.64,
        "Plan Rows": 1,
        "Plan Width": 8,
        "Actual Startup Time": 557.785,
        "Actual Total Time": 577.105,
        "Actual Rows": 2,
        "Actual Loops": 1,
        "Workers Planned": 1,
        "Workers Launched": 1,
        "Single Copy": false,
        "Plans": [
          {
            "Node Type": "Aggregate",
            "Strategy": "Plain",
            "Partial Mode": "Partial",
            "Parent Relationship": "Outer",
            "Parallel Aware": false,
            "Startup Cost": 100928.53,
            "Total Cost": 100928.54,
            "Plan Rows": 1,
            "Plan Width": 8,
            "Actual Startup Time": 552.491,
            "Actual Total Time": 552.495,
            "Actual Rows": 1,
            "Actual Loops": 2,
            "Plans": [
              {
                "Node Type": "Hash Join",
                "Parent Relationship": "Outer",
                "Parallel Aware": true,
                "Join Type": "Inner",
                "Startup Cost": 73037.15,
                "Total Cost": 100622.8,
                "Plan Rows": 122295,
                "Plan Width": 0,
                "Actual Startup Time": 445.124,
                "Actual Total Time": 548.095,
                "Actual Rows": 80278,
                "Actual Loops": 2,
                "Inner Unique": true,
                "Hash Cond": "(mk.movie_id = t.id)",
                "Plans": [
                  {
                    "Node Type": "Bitmap Heap Scan",
                    "Parent Relationship": "Outer",
                    "Parallel Aware": true,
                    "Relation Name": "movie_keyword",
                    "Alias": "mk",
                    "Startup Cost": 7468.33,
                    "Total Cost": 34510.47,
                    "Plan Rows": 207051,
                    "Plan Width": 4,
                    "Actual Startup Time": 24.195,
                    "Actual Total Time": 82.288,
                    "Actual Rows": 171120,
                    "Actual Loops": 2,
                    "Recheck Cond": "(keyword_id > 48541)",
                    "Rows Removed by Index Recheck": 0,
                    "Exact Heap Blocks": 14813,
                    "Lossy Heap Blocks": 0,
                    "Plans": [
                      {
                        "Node Type": "Bitmap Index Scan",
                        "Parent Relationship": "Outer",
                        "Parallel Aware": false,
                        "Index Name": "keyword_id_movie_keyword",
                        "Startup Cost": 0.0,
                        "Total Cost": 7380.34,
                        "Plan Rows": 351987,
                        "Plan Width": 0,
                        "Actual Startup Time": 20.916,
                        "Actual Total Time": 20.917,
                        "Actual Rows": 342241,
                        "Actual Loops": 1,
                        "Index Cond": "(keyword_id > 48541)"
                      }
                    ]
                  },
                  {
                    "Node Type": "Hash",
                    "Parent Relationship": "Inner",
                    "Parallel Aware": true,
                    "Startup Cost": 54588.39,
                    "Total Cost": 54588.39,
                    "Plan Rows": 878434,
                    "Plan Width": 4,
                    "Actual Startup Time": 411.186,
                    "Actual Total Time": 411.187,
                    "Actual Rows": 742515,
                    "Actual Loops": 2,
                    "Hash Buckets": 2097152,
                    "Original Hash Buckets": 2097152,
                    "Hash Batches": 1,
                    "Original Hash Batches": 1,
                    "Peak Memory Usage": 74496,
                    "Plans": [
                      {
                        "Node Type": "Seq Scan",
                        "Parent Relationship": "Outer",
                        "Parallel Aware": true,
                        "Relation Name": "title",
                        "Alias": "t",
                        "Startup Cost": 0.0,
                        "Total Cost": 54588.39,
                        "Plan Rows": 878434,
                        "Plan Width": 4,
                        "Actual Startup Time": 0.036,
                        "Actual Total Time": 192.348,
                        "Actual Rows": 742515,
                        "Actual Loops": 2,
                        "Filter": "(production_year > 1998)",
                        "Rows Removed by Filter": 521641
                      }
                    ]
                  }
                ]
              }
            ]
          }
        ]
      }
    ]
  },
  "Planning Time": 0.285,
  "Triggers": [],
  "Execution Time": 577.163
}