[
  {
    "Plan": {
      "Node Type": "Aggregate",
      "Strategy": "Plain",
      "Partial Mode": "Finalize",
      "Parallel Aware": false,
      "Startup Cost": 190635.49,
      "Total Cost": 190635.5,
      "Plan Rows": 1,
      "Plan Width": 8,
      "Actual Startup Time": 140.777,
      "Actual Total Time": 161.744,
      "Actual Rows": 1,
      "Actual Loops": 1,
      "Plans": [
        {
          "Node Type": "Gather",
          "Parent Relationship": "Outer",
          "Parallel Aware": false,
          "Startup Cost": 190635.07,
          "Total Cost": 190635.48,
          "Plan Rows": 4,
          "Plan Width": 8,
          "Actual Startup Time": 140.652,
          "Actual Total Time": 161.736,
          "Actual Rows": 5,
          "Actual Loops": 1,
          "Workers Planned": 4,
          "Workers Launched": 4,
          "Single Copy": false,
          "Plans": [
            {
              "Node Type": "Aggregate",
              "Strategy": "Plain",
              "Partial Mode": "Partial",
              "Parent Relationship": "Outer",
              "Parallel Aware": false,
              "Startup Cost": 189635.07,
              "Total Cost": 189635.08,
              "Plan Rows": 1,
              "Plan Width": 8,
              "Actual Startup Time": 130.743,
              "Actual Total Time": 130.744,
              "Actual Rows": 1,
              "Actual Loops": 5,
              "Plans": [
                {
                  "Node Type": "Nested Loop",
                  "Parent Relationship": "Outer",
                  "Parallel Aware": false,
                  "Join Type": "Inner",
                  "Startup Cost": 0.43,
                  "Total Cost": 189614.06,
                  "Plan Rows": 8406,
                  "Plan Width": 0,
                  "Actual Startup Time": 2.747,
                  "Actual Total Time": 129.611,
                  "Actual Rows": 11751,
                  "Actual Loops": 5,
                  "Inner Unique": false,
                  "Plans": [
                    {
                      "Node Type": "Seq Scan",
                      "Parent Relationship": "Outer",
                      "Parallel Aware": true,
                      "Relation Name": "title",
                      "Alias": "t",
                      "Startup Cost": 0.0,
                      "Total Cost": 45479.1,
                      "Plan Rows": 1438,
                      "Plan Width": 4,
                      "Actual Startup Time": 2.543,
                      "Actual Total Time": 83.38,
                      "Actual Rows": 1157,
                      "Actual Loops": 5,
                      "Filter": "((kind_id < 7) AND (production_year = 1967))",
                      "Rows Removed by Filter": 504506
                    },
                    {
                      "Node Type": "Index Only Scan",
                      "Parent Relationship": "Inner",
                      "Parallel Aware": false,
                      "Scan Direction": "Forward",
                      "Index Name": "movie_id_movie_info",
                      "Relation Name": "movie_info",
                      "Alias": "mi",
                      "Startup Cost": 0.43,
                      "Total Cost": 99.81,
                      "Plan Rows": 42,
                      "Plan Width": 4,
                      "Actual Startup Time": 0.015,
                      "Actual Total Time": 0.038,
                      "Actual Rows": 10,
                      "Actual Loops": 5783,
                      "Index Cond": "(movie_id = t.id)",
                      "Rows Removed by Index Recheck": 0,
                      "Heap Fetches": 58753
                    }
                  ]
                }
              ]
            }
          ]
        }
      ]
    },
    "Planning Time": 0.562,
    "Triggers": [],
    "Execution Time": 161.817
  }
]