[
  {
    "Plan": {
      "Node Type": "Aggregate",
      "Strategy": "Plain",
      "Partial Mode": "Simple",
      "Parallel Aware": false,
      "Startup Cost": 21208.54,
      "Total Cost": 21208.55,
      "Plan Rows": 1,
      "Plan Width": 96,
      "Actual Startup Time": 3433.452,
      "Actual Total Time": 3433.503,
      "Actual Rows": 1,
      "Actual Loops": 1,
      "Output": [
        "min(cn.name)",
        "min(mi_idx.info)",
        "min(t.title)"
      ],
      "Plans": [
        {
          "Node Type": "Hash Join",
          "Parent Relationship": "Outer",
          "Parallel Aware": false,
          "Join Type": "Inner",
          "Startup Cost": 6164.47,
          "Total Cost": 21208.53,
          "Plan Rows": 1,
          "Plan Width": 41,
          "Actual Startup Time": 267.605,
          "Actual Total Time": 3430.989,
          "Actual Rows": 397,
          "Actual Loops": 1,
          "Output": [
            "cn.name",
            "mi_idx.info",
            "t.title"
          ],
          "Inner Unique": true,
          "Hash Cond": "(mi.info_type_id = it1.id)",
          "Plans": [
            {
              "Node Type": "Nested Loop",
              "Parent Relationship": "Outer",
              "Parallel Aware": false,
              "Join Type": "Inner",
              "Startup Cost": 6162.05,
              "Total Cost": 21206.05,
              "Plan Rows": 22,
              "Plan Width": 45,
              "Actual Startup Time": 266.161,
              "Actual Total Time": 3427.493,
              "Actual Rows": 397,
              "Actual Loops": 1,
              "Output": [
                "cn.name",
                "mi.info_type_id",
                "mi_idx.info",
                "t.title"
              ],
              "Inner Unique": false,
              "Join Filter": "(t.id = mi.movie_id)",
              "Rows Removed by Join Filter": 0,
              "Plans": [
                {
                  "Node Type": "Nested Loop",
                  "Parent Relationship": "Outer",
                  "Parallel Aware": false,
                  "Join Type": "Inner",
                  "Startup Cost": 6161.61,
                  "Total Cost": 21145.25,
                  "Plan Rows": 39,
                  "Plan Width": 53,
                  "Actual Startup Time": 125.537,
                  "Actual Total Time": 2598.621,
                  "Actual Rows": 5674,
                  "Actual Loops": 1,
                  "Output": [
                    "cn.name",
                    "mc.movie_id",
                    "mi_idx.info",
                    "mi_idx.movie_id",
                    "t.title",
                    "t.id"
                  ],
                  "Inner Unique": true,
                  "Plans": [
                    {
                      "Node Type": "Hash Join",
                      "Parent Relationship": "Outer",
                      "Parallel Aware": false,
                      "Join Type": "Inner",
                      "Startup Cost": 6161.19,
                      "Total Cost": 21097.09,
                      "Plan Rows": 108,
                      "Plan Width": 38,
                      "Actual Startup Time": 124.743,
                      "Actual Total Time": 2354.631,
                      "Actual Rows": 6610,
                      "Actual Loops": 1,
                      "Output": [
                        "mc.movie_id",
                        "mc.company_id",
                        "mi_idx.info",
                        "mi_idx.movie_id",
                        "t.title",
                        "t.id"
                      ],
                      "Inner Unique": true,
                      "Hash Cond": "(mc.company_type_id = ct.id)",
                      "Plans": [
                        {
                          "Node Type": "Nested Loop",
                          "Parent Relationship": "Outer",
                          "Parallel Aware": false,
                          "Join Type": "Inner",
                          "Startup Cost": 6160.13,
                          "Total Cost": 21072.56,
                          "Plan Rows": 4340,
                          "Plan Width": 42,
                          "Actual Startup Time": 124.598,
                          "Actual Total Time": 2341.806,
                          "Actual Rows": 17301,
                          "Actual Loops": 1,
                          "Output": [
                            "mi_idx.info",
                            "mi_idx.movie_id",
                            "mc.movie_id",
                            "mc.company_type_id",
                            "mc.company_id",
                            "t.title",
                            "t.id"
                          ],
                          "Inner Unique": false,
                          "Plans": [
                            {
                              "Node Type": "Nested Loop",
                              "Parent Relationship": "Outer",
                              "Parallel Aware": false,
                              "Join Type": "Inner",
                              "Startup Cost": 6159.7,
                              "Total Cost": 21005.87,
                              "Plan Rows": 81,
                              "Plan Width": 30,
                              "Actual Startup Time": 124.367,
                              "Actual Total Time": 2084.855,
                              "Actual Rows": 4047,
                              "Actual Loops": 1,
                              "Output": [
                                "mi_idx.info",
                                "mi_idx.movie_id",
                                "t.title",
                                "t.id"
                              ],
                              "Inner Unique": true,
                              "Plans": [
                                {
                                  "Node Type": "Nested Loop",
                                  "Parent Relationship": "Outer",
                                  "Parallel Aware": false,
                                  "Join Type": "Inner",
                                  "Startup Cost": 6159.27,
                                  "Total Cost": 19402.82,
                                  "Plan Rows": 464,
                                  "Plan Width": 9,
                                  "Actual Startup Time": 112.735,
                                  "Actual Total Time": 851.181,
                                  "Actual Rows": 15849,
                                  "Actual Loops": 1,
                                  "Output": [
                                    "mi_idx.info",
                                    "mi_idx.movie_id"
                                  ],
                                  "Inner Unique": false,
                                  "Plans": [
                                    {
                                      "Node Type": "Seq Scan",
                                      "Parent Relationship": "Outer",
                                      "Parallel Aware": false,
                                      "Relation Name": "info_type",
                                      "Schema": "public",
                                      "Alias": "it2",
                                      "Startup Cost": 0.0,
                                      "Total Cost": 2.41,
                                      "Plan Rows": 1,
                                      "Plan Width": 4,
                                      "Actual Startup Time": 0.018,
                                      "Actual Total Time": 0.082,
                                      "Actual Rows": 1,
                                      "Actual Loops": 1,
                                      "Output": [
                                        "it2.id",
                                        "it2.info"
                                      ],
                                      "Filter": "((it2.info)::text = 'rating'::text)",
                                      "Rows Removed by Filter": 112
                                    },
                                    {
                                      "Node Type": "Bitmap Heap Scan",
                                      "Parent Relationship": "Inner",
                                      "Parallel Aware": false,
                                      "Relation Name": "movie_info_idx",
                                      "Schema": "public",
                                      "Alias": "mi_idx",
                                      "Startup Cost": 6159.27,
                                      "Total Cost": 19269.4,
                                      "Plan Rows": 13100,
                                      "Plan Width": 13,
                                      "Actual Startup Time": 112.669,
                                      "Actual Total Time": 843.195,
                                      "Actual Rows": 15849,
                                      "Actual Loops": 1,
                                      "Output": [
                                        "mi_idx.id",
                                        "mi_idx.movie_id",
                                        "mi_idx.info_type_id",
                                        "mi_idx.info",
                                        "mi_idx.note"
                                      ],
                                      "Recheck Cond": "(mi_idx.info_type_id = it2.id)",
                                      "Rows Removed by Index Recheck": 0,
                                      "Filter": "(mi_idx.info > '8.0'::text)",
                                      "Rows Removed by Filter": 444076,
                                      "Exact Heap Blocks": 7934,
                                      "Lossy Heap Blocks": 0,
                                      "Plans": [
                                        {
                                          "Node Type": "Bitmap Index Scan",
                                          "Parent Relationship": "Outer",
                                          "Parallel Aware": false,
                                          "Index Name": "info_type_id_movie_info_idx",
                                          "Startup Cost": 0.0,
                                          "Total Cost": 6155.99,
                                          "Plan Rows": 345009,
                                          "Plan Width": 0,
                                          "Actual Startup Time": 110.58,
                                          "Actual Total Time": 110.586,
                                          "Actual Rows": 459925,
                                          "Actual Loops": 1,
                                          "Index Cond": "(mi_idx.info_type_id = it2.id)"
                                        }
                                      ]
                                    }
                                  ]
                                },
                                {
                                  "Node Type": "Index Scan",
                                  "Parent Relationship": "Inner",
                                  "Parallel Aware": false,
                                  "Scan Direction": "Forward",
                                  "Index Name": "title_pkey",
                                  "Relation Name": "title",
                                  "Schema": "public",
                                  "Alias": "t",
                                  "Startup Cost": 0.43,
                                  "Total Cost": 3.45,
                                  "Plan Rows": 1,
                                  "Plan Width": 21,
                                  "Actual Startup Time": 0.076,
                                  "Actual Total Time": 0.076,
                                  "Actual Rows": 0,
                                  "Actual Loops": 15849,
                                  "Output": [
                                    "t.id",
                                    "t.title",
                                    "t.imdb_index",
                                    "t.kind_id",
                                    "t.production_year",
                                    "t.imdb_id",
                                    "t.phonetic_code",
                                    "t.episode_of_id",
                                    "t.season_nr",
                                    "t.episode_nr",
                                    "t.series_years",
                                    "t.md5sum"
                                  ],
                                  "Index Cond": "(t.id = mi_idx.movie_id)",
                                  "Rows Removed by Index Recheck": 0,
                                  "Filter": "((t.production_year >= 2005) AND (t.production_year <= 2008))",
                                  "Rows Removed by Filter": 1
                                }
                              ]
                            },
                            {
                              "Node Type": "Index Scan",
                              "Parent Relationship": "Inner",
                              "Parallel Aware": false,
                              "Scan Direction": "Forward",
                              "Index Name": "movie_id_movie_companies",
                              "Relation Name": "movie_companies",
                              "Schema": "public",
                              "Alias": "mc",
                              "Startup Cost": 0.43,
                              "Total Cost": 0.77,
                              "Plan Rows": 5,
                              "Plan Width": 12,
                              "Actual Startup Time": 0.049,
                              "Actual Total Time": 0.06,
                              "Actual Rows": 4,
                              "Actual Loops": 4047,
                              "Output": [
                                "mc.id",
                                "mc.movie_id",
                                "mc.company_id",
                                "mc.company_type_id",
                                "mc.note"
                              ],
                              "Index Cond": "(mc.movie_id = t.id)",
                              "Rows Removed by Index Recheck": 0
                            }
                          ]
                        },
                        {
                          "Node Type": "Hash",
                          "Parent Relationship": "Inner",
                          "Parallel Aware": false,
                          "Startup Cost": 1.05,
                          "Total Cost": 1.05,
                          "Plan Rows": 1,
                          "Plan Width": 4,
                          "Actual Startup Time": 0.058,
                          "Actual Total Time": 0.058,
                          "Actual Rows": 1,
                          "Actual Loops": 1,
                          "Output": [
                            "ct.id"
                          ],
                          "Hash Buckets": 1024,
                          "Original Hash Buckets": 1024,
                          "Hash Batches": 1,
                          "Original Hash Batches": 1,
                          "Peak Memory Usage": 9,
                          "Plans": [
                            {
                              "Node Type": "Seq Scan",
                              "Parent Relationship": "Outer",
                              "Parallel Aware": false,
                              "Relation Name": "company_type",
                              "Schema": "public",
                              "Alias": "ct",
                              "Startup Cost": 0.0,
                              "Total Cost": 1.05,
                              "Plan Rows": 1,
                              "Plan Width": 4,
                              "Actual Startup Time": 0.055,
                              "Actual Total Time": 0.056,
                              "Actual Rows": 1,
                              "Actual Loops": 1,
                              "Output": [
                                "ct.id"
                              ],
                              "Filter": "((ct.kind)::text = 'production companies'::text)",
                              "Rows Removed by Filter": 3
                            }
                          ]
                        }
                      ]
                    },
                    {
                      "Node Type": "Index Scan",
                      "Parent Relationship": "Inner",
                      "Parallel Aware": false,
                      "Scan Direction": "Forward",
                      "Index Name": "company_name_pkey",
                      "Relation Name": "company_name",
                      "Schema": "public",
                      "Alias": "cn",
                      "Startup Cost": 0.42,
                      "Total Cost": 0.45,
                      "Plan Rows": 1,
                      "Plan Width": 23,
                      "Actual Startup Time": 0.035,
                      "Actual Total Time": 0.035,
                      "Actual Rows": 1,
                      "Actual Loops": 6610,
                      "Output": [
                        "cn.id",
                        "cn.name",
                        "cn.country_code",
                        "cn.imdb_id",
                        "cn.name_pcode_nf",
                        "cn.name_pcode_sf",
                        "cn.md5sum"
                      ],
                      "Index Cond": "(cn.id = mc.company_id)",
                      "Rows Removed by Index Recheck": 0,
                      "Filter": "((cn.country_code)::text = '[us]'::text)",
                      "Rows Removed by Filter": 0
                    }
                  ]
                },
                {
                  "Node Type": "Index Scan",
                  "Parent Relationship": "Inner",
                  "Parallel Aware": false,
                  "Scan Direction": "Forward",
                  "Index Name": "movie_id_movie_info",
                  "Relation Name": "movie_info",
                  "Schema": "public",
                  "Alias": "mi",
                  "Startup Cost": 0.43,
                  "Total Cost": 1.55,
                  "Plan Rows": 1,
                  "Plan Width": 8,
                  "Actual Startup Time": 0.145,
                  "Actual Total Time": 0.145,
                  "Actual Rows": 0,
                  "Actual Loops": 5674,
                  "Output": [
                    "mi.id",
                    "mi.movie_id",
                    "mi.info_type_id",
                    "mi.info",
                    "mi.note"
                  ],
                  "Index Cond": "(mi.movie_id = mc.movie_id)",
                  "Rows Removed by Index Recheck": 0,
                  "Filter": "(mi.info = ANY ('{Drama,Horror}'::text[]))",
                  "Rows Removed by Filter": 28
                }
              ]
            },
            {
              "Node Type": "Hash",
              "Parent Relationship": "Inner",
              "Parallel Aware": false,
              "Startup Cost": 2.41,
              "Total Cost": 2.41,
              "Plan Rows": 1,
              "Plan Width": 4,
              "Actual Startup Time": 0.623,
              "Actual Total Time": 0.624,
              "Actual Rows": 1,
              "Actual Loops": 1,
              "Output": [
                "it1.id"
              ],
              "Hash Buckets": 1024,
              "Original Hash Buckets": 1024,
              "Hash Batches": 1,
              "Original Hash Batches": 1,
              "Peak Memory Usage": 9,
              "Plans": [
                {
                  "Node Type": "Seq Scan",
                  "Parent Relationship": "Outer",
                  "Parallel Aware": false,
                  "Relation Name": "info_type",
                  "Schema": "public",
                  "Alias": "it1",
                  "Startup Cost": 0.0,
                  "Total Cost": 2.41,
                  "Plan Rows": 1,
                  "Plan Width": 4,
                  "Actual Startup Time": 0.589,
                  "Actual Total Time": 0.6,
                  "Actual Rows": 1,
                  "Actual Loops": 1,
                  "Output": [
                    "it1.id"
                  ],
                  "Filter": "((it1.info)::text = 'genres'::text)",
                  "Rows Removed by Filter": 112
                }
              ]
            }
          ]
        }
      ]
    },
    "Planning Time": 10934.801,
    "Triggers": [],
    "Execution Time": 3437.707
  }
]