[
  {
    "Plan": {
      "Node Type": "Hash Join",
      "Parallel Aware": false,
      "Join Type": "Inner",
      "Startup Cost": 101167.62,
      "Total Cost": 197238.62,
      "Plan Rows": 1053921,
      "Plan Width": 40,
      "Actual Startup Time": 1020.399,
      "Actual Total Time": 2172.47,
      "Actual Rows": 1043520,
      "Actual Loops": 1,
      "Inner Unique": true,
      "Hash Cond": "(mc.company_type_id = ct.id)",
      "Plans": [
        {
          "Node Type": "Hash Join",
          "Parent Relationship": "Outer",
          "Parallel Aware": false,
          "Join Type": "Inner",
          "Startup Cost": 101166.53,
          "Total Cost": 191539.77,
          "Plan Rows": 1053921,
          "Plan Width": 40,
          "Actual Startup Time": 1020.292,
          "Actual Total Time": 2047.102,
          "Actual Rows": 1043520,
          "Actual Loops": 1,
          "Inner Unique": true,
          "Hash Cond": "(mc.movie_id = t.id)",
          "Plans": [
            {
              "Node Type": "Hash Join",
              "Parent Relationship": "Outer",
              "Parallel Aware": false,
              "Join Type": "Inner",
              "Startup Cost": 8282.86,
              "Total Cost": 95889.56,
              "Plan Rows": 1053921,
              "Plan Width": 40,
              "Actual Startup Time": 85.752,
              "Actual Total Time": 660.898,
              "Actual Rows": 1043520,
              "Actual Loops": 1,
              "Inner Unique": true,
              "Hash Cond": "(mc.company_id = cn.id)",
              "Plans": [
                {
                  "Node Type": "Index Scan",
                  "Parent Relationship": "Outer",
                  "Parallel Aware": false,
                  "Scan Direction": "Forward",
                  "Index Name": "company_id_movie_companies",
                  "Relation Name": "movie_companies",
                  "Alias": "mc",
                  "Startup Cost": 0.43,
                  "Total Cost": 84840.54,
                  "Plan Rows": 1053921,
                  "Plan Width": 40,
                  "Actual Startup Time": 0.04,
                  "Actual Total Time": 408.316,
                  "Actual Rows": 1043520,
                  "Actual Loops": 1,
                  "Index Cond": "(company_id < 6029)",
                  "Rows Removed by Index Recheck": 0
                },
                {
                  "Node Type": "Hash",
                  "Parent Relationship": "Inner",
                  "Parallel Aware": false,
                  "Startup Cost": 5344.97,
                  "Total Cost": 5344.97,
                  "Plan Rows": 234997,
                  "Plan Width": 4,
                  "Actual Startup Time": 82.798,
                  "Actual Total Time": 82.799,
                  "Actual Rows": 234997,
                  "Actual Loops": 1,
                  "Hash Buckets": 262144,
                  "Original Hash Buckets": 262144,
                  "Hash Batches": 1,
                  "Original Hash Batches": 1,
                  "Peak Memory Usage": 10310,
                  "Plans": [
                    {
                      "Node Type": "Seq Scan",
                      "Parent Relationship": "Outer",
                      "Parallel Aware": false,
                      "Relation Name": "company_name",
                      "Alias": "cn",
                      "Startup Cost": 0.0,
                      "Total Cost": 5344.97,
                      "Plan Rows": 234997,
                      "Plan Width": 4,
                      "Actual Startup Time": 0.06,
                      "Actual Total Time": 40.23,
                      "Actual Rows": 234997,
                      "Actual Loops": 1
                    }
                  ]
                }
              ]
            },
            {
              "Node Type": "Hash",
              "Parent Relationship": "Inner",
              "Parallel Aware": false,
              "Startup Cost": 61280.52,
              "Total Cost": 61280.52,
              "Plan Rows": 2528252,
              "Plan Width": 4,
              "Actual Startup Time": 917.278,
              "Actual Total Time": 917.279,
              "Actual Rows": 2528312,
              "Actual Loops": 1,
              "Hash Buckets": 4194304,
              "Original Hash Buckets": 4194304,
              "Hash Batches": 1,
              "Original Hash Batches": 1,
              "Peak Memory Usage": 121654,
              "Plans": [
                {
                  "Node Type": "Seq Scan",
                  "Parent Relationship": "Outer",
                  "Parallel Aware": false,
                  "Relation Name": "title",
                  "Alias": "t",
                  "Startup Cost": 0.0,
                  "Total Cost": 61280.52,
                  "Plan Rows": 2528252,
                  "Plan Width": 4,
                  "Actual Startup Time": 0.032,
                  "Actual Total Time": 326.595,
                  "Actual Rows": 2528312,
                  "Actual Loops": 1
                }
              ]
            }
          ]
        },
        {
          "Node Type": "Hash",
          "Parent Relationship": "Inner",
          "Parallel Aware": false,
          "Startup Cost": 1.04,
          "Total Cost": 1.04,
          "Plan Rows": 4,
          "Plan Width": 4,
          "Actual Startup Time": 0.04,
          "Actual Total Time": 0.04,
          "Actual Rows": 4,
          "Actual Loops": 1,
          "Hash Buckets": 1024,
          "Original Hash Buckets": 1024,
          "Hash Batches": 1,
          "Original Hash Batches": 1,
          "Peak Memory Usage": 9,
          "Plans": [
            {
              "Node Type": "Seq Scan",
              "Parent Relationship": "Outer",
              "Parallel Aware": false,
              "Relation Name": "company_type",
              "Alias": "ct",
              "Startup Cost": 0.0,
              "Total Cost": 1.04,
              "Plan Rows": 4,
              "Plan Width": 4,
              "Actual Startup Time": 0.013,
              "Actual Total Time": 0.016,
              "Actual Rows": 4,
              "Actual Loops": 1
            }
          ]
        }
      ]
    },
    "Planning Time": 5.282,
    "Triggers": [],
    "Execution Time": 2206.77
  }
]