[
  {
    "Plan": {
      "Node Type": "Aggregate",
      "Strategy": "Plain",
      "Partial Mode": "Simple",
      "Parallel Aware": false,
      "Startup Cost": 988.09,
      "Total Cost": 988.1,
      "Plan Rows": 1,
      "Plan Width": 8,
      "Actual Startup Time": 10.519,
      "Actual Total Time": 10.521,
      "Actual Rows": 1,
      "Actual Loops": 1,
      "Plans": [
        {
          "Node Type": "Index Scan",
          "Parent Relationship": "Outer",
          "Parallel Aware": false,
          "Scan Direction": "Forward",
          "Index Name": "person_id_cast_info",
          "Relation Name": "cast_info",
          "Alias": "ci",
          "Startup Cost": 0.56,
          "Total Cost": 987.07,
          "Plan Rows": 408,
          "Plan Width": 0,
          "Actual Startup Time": 10.466,
          "Actual Total Time": 10.503,
          "Actual Rows": 56,
          "Actual Loops": 1,
          "Index Cond": "(person_id = 3261557)",
          "Rows Removed by Index Recheck": 0,
          "Filter": "(role_id < 9)",
          "Rows Removed by Filter": 0
        }
      ]
    },
    "Planning Time": 0.229,
    "Triggers": [],
    "Execution Time": 10.574
  }
]