{
  "Plan": {
    "Node Type": "Aggregate",
    "Strategy": "Plain",
    "Partial Mode": "Finalize",
    "Parallel Aware": false,
    "Startup Cost": 611506.67,
    "Total Cost": 611506.68,
    "Plan Rows": 1,
    "Plan Width": 8,
    "Actual Startup Time": 2021.842,
    "Actual Total Time": 2066.584,
    "Actual Rows": 1,
    "Actual Loops": 1,
    "Plans": [
      {
        "Node Type": "Gather",
        "Parent Relationship": "Outer",
        "Parallel Aware": false,
        "Startup Cost": 611506.56,
        "Total Cost": 611506.67,
        "Plan Rows": 1,
        "Plan Width": 8,
        "Actual Startup Time": 2020.573,
        "Actual Total Time": 2066.576,
        "Actual Rows": 2,
        "Actual Loops": 1,
        "Workers Planned": 1,
        "Workers Launched": 1,
        "Single Copy": false,
        "Plans": [
          {
            "Node Type": "Aggregate",
            "Strategy": "Plain",
            "Partial Mode": "Partial",
            "Parent Relationship": "Outer",
            "Parallel Aware": false,
            "Startup Cost": 610506.56,
            "Total Cost": 610506.57,
            "Plan Rows": 1,
            "Plan Width": 8,
            "Actual Startup Time": 2014.263,
            "Actual Total Time": 2014.267,
            "Actual Rows": 1,
            "Actual Loops": 2,
            "Plans": [
              {
                "Node Type": "Hash Join",
                "Parent Relationship": "Outer",
                "Parallel Aware": true,
                "Join Type": "Inner",
                "Startup Cost": 275738.59,
                "Total Cost": 610492.9,
                "Plan Rows": 5464,
                "Plan Width": 0,
                "Actual Startup Time": 778.651,
                "Actual Total Time": 2013.948,
                "Actual Rows": 2498,
                "Actual Loops": 2,
                "Inner Unique": false,
                "Hash Cond": "(t.id = mc.movie_id)",
                "Plans": [
                  {
                    "Node Type": "Hash Join",
                    "Parent Relationship": "Outer",
                    "Parallel Aware": true,
                    "Join Type": "Inner",
                    "Startup Cost": 254194.54,
                    "Total Cost": 586810.59,
                    "Plan Rows": 336979,
                    "Plan Width": 8,
                    "Actual Startup Time": 732.915,
                    "Actual Total Time": 1933.031,
                    "Actual Rows": 271592,
                    "Actual Loops": 2,
                    "Inner Unique": true,
                    "Hash Cond": "(ci.movie_id = t.id)",
                    "Plans": [
                      {
                        "Node Type": "Bitmap Heap Scan",
                        "Parent Relationship": "Outer",
                        "Parallel Aware": true,
                        "Relation Name": "cast_info",
                        "Alias": "ci",
                        "Startup Cost": 198420.7,
                        "Total Cost": 517164.75,
                        "Plan Rows": 5284564,
                        "Plan Width": 4,
                        "Actual Startup Time": 563.539,
                        "Actual Total Time": 1078.99,
                        "Actual Rows": 4559290,
                        "Actual Loops": 2,
                        "Recheck Cond": "(person_id < 897744)",
                        "Rows Removed by Index Recheck": 0,
                        "Exact Heap Blocks": 57522,
                        "Lossy Heap Blocks": 0,
                        "Plans": [
                          {
                            "Node Type": "Bitmap Index Scan",
                            "Parent Relationship": "Outer",
                            "Parallel Aware": false,
                            "Index Name": "person_id_cast_info",
                            "Startup Cost": 0.0,
                            "Total Cost": 196174.76,
                            "Plan Rows": 8983759,
                            "Plan Width": 0,
                            "Actual Startup Time": 536.974,
                            "Actual Total Time": 536.974,
                            "Actual Rows": 9118581,
                            "Actual Loops": 1,
                            "Index Cond": "(person_id < 897744)"
                          }
                        ]
                      },
                      {
                        "Node Type": "Hash",
                        "Parent Relationship": "Inner",
                        "Parallel Aware": true,
                        "Startup Cost": 54588.39,
                        "Total Cost": 54588.39,
                        "Plan Rows": 94836,
                        "Plan Width": 4,
                        "Actual Startup Time": 168.453,
                        "Actual Total Time": 168.454,
                        "Actual Rows": 80008,
                        "Actual Loops": 2,
                        "Hash Buckets": 262144,
                        "Original Hash Buckets": 262144,
                        "Hash Batches": 1,
                        "Original Hash Batches": 1,
                        "Peak Memory Usage": 8352,
                        "Plans": [
                          {
                            "Node Type": "Seq Scan",
                            "Parent Relationship": "Outer",
                            "Parallel Aware": true,
                            "Relation Name": "title",
                            "Alias": "t",
                            "Startup Cost": 0.0,
                            "Total Cost": 54588.39,
                            "Plan Rows": 94836,
                            "Plan Width": 4,
                            "Actual Startup Time": 0.02,
                            "Actual Total Time": 144.469,
                            "Actual Rows": 80008,
                            "Actual Loops": 2,
                            "Filter": "(production_year = 2011)",
                            "Rows Removed by Filter": 1184148
                          }
                        ]
                      }
                    ]
                  },
                  {
                    "Node Type": "Hash",
                    "Parent Relationship": "Inner",
                    "Parallel Aware": true,
                    "Startup Cost": 21242.62,
                    "Total Cost": 21242.62,
                    "Plan Rows": 24114,
                    "Plan Width": 4,
                    "Actual Startup Time": 40.183,
                    "Actual Total Time": 40.184,
                    "Actual Rows": 8776,
                    "Actual Loops": 2,
                    "Hash Buckets": 65536,
                    "Original Hash Buckets": 65536,
                    "Hash Batches": 1,
                    "Original Hash Batches": 1,
                    "Peak Memory Usage": 1248,
                    "Plans": [
                      {
                        "Node Type": "Bitmap Heap Scan",
                        "Parent Relationship": "Outer",
                        "Parallel Aware": true,
                        "Relation Name": "movie_companies",
                        "Alias": "mc",
                        "Startup Cost": 1740.22,
                        "Total Cost": 21242.62,
                        "Plan Rows": 24114,
                        "Plan Width": 4,
                        "Actual Startup Time": 32.796,
                        "Actual Total Time": 38.153,
                        "Actual Rows": 8776,
                        "Actual Loops": 2,
                        "Recheck Cond": "(company_id < 19)",
                        "Rows Removed by Index Recheck": 0,
                        "Filter": "(company_type_id > 1)",
                        "Rows Removed by Filter": 33260,
                        "Exact Heap Blocks": 7201,
                        "Lossy Heap Blocks": 0,
                        "Plans": [
                          {
                            "Node Type": "Bitmap Index Scan",
                            "Parent Relationship": "Outer",
                            "Parallel Aware": false,
                            "Index Name": "company_id_movie_companies",
                            "Startup Cost": 0.0,
                            "Total Cost": 1729.97,
                            "Plan Rows": 80739,
                            "Plan Width": 0,
                            "Actual Startup Time": 12.983,
                            "Actual Total Time": 12.983,
                            "Actual Rows": 84071,
                            "Actual Loops": 1,
                            "Index Cond": "(company_id < 19)"
                          }
                        ]
                      }
                    ]
                  }
                ]
              }
            ]
          }
        ]
      }
    ]
  },
  "Planning Time": 1.093,
  "Triggers": [],
  "Execution Time": 2066.715
}