[
  {
    "Plan": {
      "Node Type": "Aggregate",
      "Strategy": "Plain",
      "Partial Mode": "Finalize",
      "Parallel Aware": false,
      "Startup Cost": 33422.02,
      "Total Cost": 33422.03,
      "Plan Rows": 1,
      "Plan Width": 8,
      "Actual Startup Time": 102.336,
      "Actual Total Time": 110.033,
      "Actual Rows": 1,
      "Actual Loops": 1,
      "Plans": [
        {
          "Node Type": "Gather",
          "Parent Relationship": "Outer",
          "Parallel Aware": false,
          "Startup Cost": 33421.71,
          "Total Cost": 33422.02,
          "Plan Rows": 3,
          "Plan Width": 8,
          "Actual Startup Time": 102.214,
          "Actual Total Time": 110.025,
          "Actual Rows": 4,
          "Actual Loops": 1,
          "Workers Planned": 3,
          "Workers Launched": 3,
          "Single Copy": false,
          "Plans": [
            {
              "Node Type": "Aggregate",
              "Strategy": "Plain",
              "Partial Mode": "Partial",
              "Parent Relationship": "Outer",
              "Parallel Aware": false,
              "Startup Cost": 32421.71,
              "Total Cost": 32421.72,
              "Plan Rows": 1,
              "Plan Width": 8,
              "Actual Startup Time": 94.887,
              "Actual Total Time": 94.888,
              "Actual Rows": 1,
              "Actual Loops": 4,
              "Plans": [
                {
                  "Node Type": "Seq Scan",
                  "Parent Relationship": "Outer",
                  "Parallel Aware": true,
                  "Relation Name": "movie_companies",
                  "Alias": "mc",
                  "Startup Cost": 0.0,
                  "Total Cost": 31414.82,
                  "Plan Rows": 402755,
                  "Plan Width": 0,
                  "Actual Startup Time": 47.686,
                  "Actual Total Time": 83.62,
                  "Actual Rows": 297120,
                  "Actual Loops": 4,
                  "Filter": "((company_id < 133521) AND (company_type_id = 2))",
                  "Rows Removed by Filter": 355162
                }
              ]
            }
          ]
        }
      ]
    },
    "Planning Time": 0.214,
    "Triggers": [],
    "Execution Time": 110.087
  }
]