[
  {
    "Plan": {
      "Node Type": "Aggregate",
      "Strategy": "Plain",
      "Partial Mode": "Finalize",
      "Parallel Aware": false,
      "Startup Cost": 45734.43,
      "Total Cost": 45734.44,
      "Plan Rows": 1,
      "Plan Width": 8,
      "Actual Startup Time": 113.121,
      "Actual Total Time": 125.692,
      "Actual Rows": 1,
      "Actual Loops": 1,
      "Plans": [
        {
          "Node Type": "Gather",
          "Parent Relationship": "Outer",
          "Parallel Aware": false,
          "Startup Cost": 45734.01,
          "Total Cost": 45734.42,
          "Plan Rows": 4,
          "Plan Width": 8,
          "Actual Startup Time": 113.004,
          "Actual Total Time": 125.685,
          "Actual Rows": 5,
          "Actual Loops": 1,
          "Workers Planned": 4,
          "Workers Launched": 4,
          "Single Copy": false,
          "Plans": [
            {
              "Node Type": "Aggregate",
              "Strategy": "Plain",
              "Partial Mode": "Partial",
              "Parent Relationship": "Outer",
              "Parallel Aware": false,
              "Startup Cost": 44734.01,
              "Total Cost": 44734.02,
              "Plan Rows": 1,
              "Plan Width": 8,
              "Actual Startup Time": 103.67,
              "Actual Total Time": 103.671,
              "Actual Rows": 1,
              "Actual Loops": 5,
              "Plans": [
                {
                  "Node Type": "Seq Scan",
                  "Parent Relationship": "Outer",
                  "Parallel Aware": true,
                  "Relation Name": "title",
                  "Alias": "t",
                  "Startup Cost": 0.0,
                  "Total Cost": 43898.92,
                  "Plan Rows": 334036,
                  "Plan Width": 0,
                  "Actual Startup Time": 0.042,
                  "Actual Total Time": 90.177,
                  "Actual Rows": 269659,
                  "Actual Loops": 5,
                  "Filter": "(production_year < 2005)",
                  "Rows Removed by Filter": 236004
                }
              ]
            }
          ]
        }
      ]
    },
    "Planning Time": 0.151,
    "Triggers": [],
    "Execution Time": 125.749
  }
]