[
  {
    "Plan": {
      "Node Type": "Aggregate",
      "Strategy": "Plain",
      "Partial Mode": "Finalize",
      "Parallel Aware": false,
      "Startup Cost": 109195.97,
      "Total Cost": 109195.98,
      "Plan Rows": 1,
      "Plan Width": 8,
      "Actual Startup Time": 348.333,
      "Actual Total Time": 365.827,
      "Actual Rows": 1,
      "Actual Loops": 1,
      "Plans": [
        {
          "Node Type": "Gather",
          "Parent Relationship": "Outer",
          "Parallel Aware": false,
          "Startup Cost": 109195.66,
          "Total Cost": 109195.97,
          "Plan Rows": 3,
          "Plan Width": 8,
          "Actual Startup Time": 347.511,
          "Actual Total Time": 365.818,
          "Actual Rows": 4,
          "Actual Loops": 1,
          "Workers Planned": 3,
          "Workers Launched": 3,
          "Single Copy": false,
          "Plans": [
            {
              "Node Type": "Aggregate",
              "Strategy": "Plain",
              "Partial Mode": "Partial",
              "Parent Relationship": "Outer",
              "Parallel Aware": false,
              "Startup Cost": 108195.66,
              "Total Cost": 108195.67,
              "Plan Rows": 1,
              "Plan Width": 8,
              "Actual Startup Time": 337.676,
              "Actual Total Time": 337.785,
              "Actual Rows": 1,
              "Actual Loops": 4,
              "Plans": [
                {
                  "Node Type": "Hash Join",
                  "Parent Relationship": "Outer",
                  "Parallel Aware": true,
                  "Join Type": "Inner",
                  "Startup Cost": 62270.43,
                  "Total Cost": 108082.87,
                  "Plan Rows": 45115,
                  "Plan Width": 0,
                  "Actual Startup Time": 185.634,
                  "Actual Total Time": 337.012,
                  "Actual Rows": 17698,
                  "Actual Loops": 4,
                  "Inner Unique": false,
                  "Hash Cond": "(mk.movie_id = t.id)",
                  "Plans": [
                    {
                      "Node Type": "Seq Scan",
                      "Parent Relationship": "Outer",
                      "Parallel Aware": true,
                      "Relation Name": "movie_keyword",
                      "Alias": "mk",
                      "Startup Cost": 0.0,
                      "Total Cost": 42695.65,
                      "Plan Rows": 781014,
                      "Plan Width": 4,
                      "Actual Startup Time": 0.026,
                      "Actual Total Time": 107.973,
                      "Actual Rows": 605787,
                      "Actual Loops": 4,
                      "Filter": "(keyword_id < 5724)",
                      "Rows Removed by Filter": 525196
                    },
                    {
                      "Node Type": "Hash",
                      "Parent Relationship": "Inner",
                      "Parallel Aware": true,
                      "Startup Cost": 61509.78,
                      "Total Cost": 61509.78,
                      "Plan Rows": 60852,
                      "Plan Width": 8,
                      "Actual Startup Time": 182.942,
                      "Actual Total Time": 183.048,
                      "Actual Rows": 14693,
                      "Actual Loops": 4,
                      "Hash Buckets": 262144,
                      "Original Hash Buckets": 262144,
                      "Hash Batches": 1,
                      "Original Hash Batches": 1,
                      "Peak Memory Usage": 4448,
                      "Plans": [
                        {
                          "Node Type": "Hash Join",
                          "Parent Relationship": "Outer",
                          "Parallel Aware": true,
                          "Join Type": "Inner",
                          "Startup Cost": 46315.22,
                          "Total Cost": 61509.78,
                          "Plan Rows": 60852,
                          "Plan Width": 8,
                          "Actual Startup Time": 114.372,
                          "Actual Total Time": 178.715,
                          "Actual Rows": 14693,
                          "Actual Loops": 4,
                          "Inner Unique": true,
                          "Hash Cond": "(mi_idx.movie_id = t.id)",
                          "Plans": [
                            {
                              "Node Type": "Seq Scan",
                              "Parent Relationship": "Outer",
                              "Parallel Aware": true,
                              "Relation Name": "movie_info_idx",
                              "Alias": "mi_idx",
                              "Startup Cost": 0.0,
                              "Total Cost": 13685.15,
                              "Plan Rows": 575015,
                              "Plan Width": 4,
                              "Actual Startup Time": 0.025,
                              "Actual Total Time": 28.214,
                              "Actual Rows": 345009,
                              "Actual Loops": 4
                            },
                            {
                              "Node Type": "Hash",
                              "Parent Relationship": "Inner",
                              "Parallel Aware": true,
                              "Startup Cost": 45479.1,
                              "Total Cost": 45479.1,
                              "Plan Rows": 66890,
                              "Plan Width": 4,
                              "Actual Startup Time": 112.043,
                              "Actual Total Time": 112.044,
                              "Actual Rows": 42386,
                              "Actual Loops": 4,
                              "Hash Buckets": 524288,
                              "Original Hash Buckets": 524288,
                              "Hash Batches": 1,
                              "Original Hash Batches": 1,
                              "Peak Memory Usage": 10816,
                              "Plans": [
                                {
                                  "Node Type": "Seq Scan",
                                  "Parent Relationship": "Outer",
                                  "Parallel Aware": true,
                                  "Relation Name": "title",
                                  "Alias": "t",
                                  "Startup Cost": 0.0,
                                  "Total Cost": 45479.1,
                                  "Plan Rows": 66890,
                                  "Plan Width": 4,
                                  "Actual Startup Time": 0.035,
                                  "Actual Total Time": 94.862,
                                  "Actual Rows": 42386,
                                  "Actual Loops": 4,
                                  "Filter": "((kind_id > 6) AND (production_year < 1976))",
                                  "Rows Removed by Filter": 589692
                                }
                              ]
                            }
                          ]
                        }
                      ]
                    }
                  ]
                }
              ]
            }
          ]
        }
      ]
    },
    "Planning Time": 1.305,
    "Triggers": [],
    "Execution Time": 365.902
  }
]