{
  "Plan": {
    "Node Type": "Aggregate",
    "Strategy": "Plain",
    "Partial Mode": "Finalize",
    "Parallel Aware": false,
    "Startup Cost": 117310.22,
    "Total Cost": 117310.23,
    "Plan Rows": 1,
    "Plan Width": 8,
    "Actual Startup Time": 406.293,
    "Actual Total Time": 423.37,
    "Actual Rows": 1,
    "Actual Loops": 1,
    "Plans": [
      {
        "Node Type": "Gather",
        "Parent Relationship": "Outer",
        "Parallel Aware": false,
        "Startup Cost": 117310.11,
        "Total Cost": 117310.22,
        "Plan Rows": 1,
        "Plan Width": 8,
        "Actual Startup Time": 406.046,
        "Actual Total Time": 423.363,
        "Actual Rows": 2,
        "Actual Loops": 1,
        "Workers Planned": 1,
        "Workers Launched": 1,
        "Single Copy": false,
        "Plans": [
          {
            "Node Type": "Aggregate",
            "Strategy": "Plain",
            "Partial Mode": "Partial",
            "Parent Relationship": "Outer",
            "Parallel Aware": false,
            "Startup Cost": 116310.11,
            "Total Cost": 116310.12,
            "Plan Rows": 1,
            "Plan Width": 8,
            "Actual Startup Time": 400.23,
            "Actual Total Time": 400.233,
            "Actual Rows": 1,
            "Actual Loops": 2,
            "Plans": [
              {
                "Node Type": "Hash Join",
                "Parent Relationship": "Outer",
                "Parallel Aware": true,
                "Join Type": "Inner",
                "Startup Cost": 55072.98,
                "Total Cost": 116224.87,
                "Plan Rows": 34097,
                "Plan Width": 0,
                "Actual Startup Time": 146.294,
                "Actual Total Time": 399.781,
                "Actual Rows": 9358,
                "Actual Loops": 2,
                "Inner Unique": true,
                "Hash Cond": "(mk.movie_id = t.id)",
                "Plans": [
                  {
                    "Node Type": "Seq Scan",
                    "Parent Relationship": "Outer",
                    "Parallel Aware": true,
                    "Relation Name": "movie_keyword",
                    "Alias": "mk",
                    "Startup Cost": 0.0,
                    "Total Cost": 57718.19,
                    "Plan Rows": 1308071,
                    "Plan Width": 4,
                    "Actual Startup Time": 0.012,
                    "Actual Total Time": 176.359,
                    "Actual Rows": 1113216,
                    "Actual Loops": 2,
                    "Filter": "(keyword_id < 4574)",
                    "Rows Removed by Filter": 1148749
                  },
                  {
                    "Node Type": "Hash",
                    "Parent Relationship": "Inner",
                    "Parallel Aware": true,
                    "Startup Cost": 54588.39,
                    "Total Cost": 54588.39,
                    "Plan Rows": 38767,
                    "Plan Width": 4,
                    "Actual Startup Time": 143.609,
                    "Actual Total Time": 143.61,
                    "Actual Rows": 31914,
                    "Actual Loops": 2,
                    "Hash Buckets": 131072,
                    "Original Hash Buckets": 131072,
                    "Hash Batches": 1,
                    "Original Hash Batches": 1,
                    "Peak Memory Usage": 3552,
                    "Plans": [
                      {
                        "Node Type": "Seq Scan",
                        "Parent Relationship": "Outer",
                        "Parallel Aware": true,
                        "Relation Name": "title",
                        "Alias": "t",
                        "Startup Cost": 0.0,
                        "Total Cost": 54588.39,
                        "Plan Rows": 38767,
                        "Plan Width": 4,
                        "Actual Startup Time": 0.057,
                        "Actual Total Time": 133.322,
                        "Actual Rows": 31914,
                        "Actual Loops": 2,
                        "Filter": "(production_year = 2013)",
                        "Rows Removed by Filter": 1232242
                      }
                    ]
                  }
                ]
              }
            ]
          }
        ]
      }
    ]
  },
  "Planning Time": 0.446,
  "Triggers": [],
  "Execution Time": 423.441
}