[
  {
    "Plan": {
      "Node Type": "Aggregate",
      "Strategy": "Plain",
      "Partial Mode": "Finalize",
      "Parallel Aware": false,
      "Startup Cost": 136602.7,
      "Total Cost": 136602.71,
      "Plan Rows": 1,
      "Plan Width": 8,
      "Actual Startup Time": 1178.648,
      "Actual Total Time": 1251.77,
      "Actual Rows": 1,
      "Actual Loops": 1,
      "Plans": [
        {
          "Node Type": "Gather",
          "Parent Relationship": "Outer",
          "Parallel Aware": false,
          "Startup Cost": 136602.39,
          "Total Cost": 136602.7,
          "Plan Rows": 3,
          "Plan Width": 8,
          "Actual Startup Time": 1178.017,
          "Actual Total Time": 1251.76,
          "Actual Rows": 4,
          "Actual Loops": 1,
          "Workers Planned": 3,
          "Workers Launched": 3,
          "Single Copy": false,
          "Plans": [
            {
              "Node Type": "Aggregate",
              "Strategy": "Plain",
              "Partial Mode": "Partial",
              "Parent Relationship": "Outer",
              "Parallel Aware": false,
              "Startup Cost": 135602.39,
              "Total Cost": 135602.4,
              "Plan Rows": 1,
              "Plan Width": 8,
              "Actual Startup Time": 1168.884,
              "Actual Total Time": 1168.888,
              "Actual Rows": 1,
              "Actual Loops": 4,
              "Plans": [
                {
                  "Node Type": "Nested Loop",
                  "Parent Relationship": "Outer",
                  "Parallel Aware": false,
                  "Join Type": "Inner",
                  "Startup Cost": 38985.52,
                  "Total Cost": 134650.42,
                  "Plan Rows": 380787,
                  "Plan Width": 0,
                  "Actual Startup Time": 83.156,
                  "Actual Total Time": 1132.274,
                  "Actual Rows": 616049,
                  "Actual Loops": 4,
                  "Inner Unique": false,
                  "Join Filter": "(t.id = ci.movie_id)",
                  "Rows Removed by Join Filter": 0,
                  "Plans": [
                    {
                      "Node Type": "Hash Join",
                      "Parent Relationship": "Outer",
                      "Parallel Aware": true,
                      "Join Type": "Inner",
                      "Startup Cost": 38984.95,
                      "Total Cost": 70007.25,
                      "Plan Rows": 26575,
                      "Plan Width": 8,
                      "Actual Startup Time": 83.045,
                      "Actual Total Time": 242.128,
                      "Actual Rows": 37995,
                      "Actual Loops": 4,
                      "Inner Unique": true,
                      "Hash Cond": "(mc.movie_id = t.id)",
                      "Plans": [
                        {
                          "Node Type": "Seq Scan",
                          "Parent Relationship": "Outer",
                          "Parallel Aware": true,
                          "Relation Name": "movie_companies",
                          "Alias": "mc",
                          "Startup Cost": 0.0,
                          "Total Cost": 29310.68,
                          "Plan Rows": 652045,
                          "Plan Width": 4,
                          "Actual Startup Time": 0.192,
                          "Actual Total Time": 81.488,
                          "Actual Rows": 506524,
                          "Actual Loops": 4,
                          "Filter": "(company_id > 656)",
                          "Rows Removed by Filter": 145758
                        },
                        {
                          "Node Type": "Hash",
                          "Parent Relationship": "Inner",
                          "Parallel Aware": true,
                          "Startup Cost": 38662.95,
                          "Total Cost": 38662.95,
                          "Plan Rows": 25760,
                          "Plan Width": 4,
                          "Actual Startup Time": 63.83,
                          "Actual Total Time": 63.831,
                          "Actual Rows": 29478,
                          "Actual Loops": 4,
                          "Hash Buckets": 131072,
                          "Original Hash Buckets": 131072,
                          "Hash Batches": 1,
                          "Original Hash Batches": 1,
                          "Peak Memory Usage": 5696,
                          "Plans": [
                            {
                              "Node Type": "Bitmap Heap Scan",
                              "Parent Relationship": "Outer",
                              "Parallel Aware": true,
                              "Relation Name": "title",
                              "Alias": "t",
                              "Startup Cost": 2206.7,
                              "Total Cost": 38662.95,
                              "Plan Rows": 25760,
                              "Plan Width": 4,
                              "Actual Startup Time": 14.924,
                              "Actual Total Time": 51.997,
                              "Actual Rows": 29478,
                              "Actual Loops": 4,
                              "Recheck Cond": "(kind_id = 4)",
                              "Rows Removed by Index Recheck": 0,
                              "Filter": "(production_year > 1967)",
                              "Rows Removed by Filter": 80,
                              "Exact Heap Blocks": 7208,
                              "Lossy Heap Blocks": 0,
                              "Plans": [
                                {
                                  "Node Type": "Bitmap Index Scan",
                                  "Parent Relationship": "Outer",
                                  "Parallel Aware": false,
                                  "Index Name": "kind_id_title",
                                  "Startup Cost": 0.0,
                                  "Total Cost": 2180.94,
                                  "Plan Rows": 122201,
                                  "Plan Width": 0,
                                  "Actual Startup Time": 14.899,
                                  "Actual Total Time": 14.899,
                                  "Actual Rows": 118234,
                                  "Actual Loops": 1,
                                  "Index Cond": "(kind_id = 4)"
                                }
                              ]
                            }
                          ]
                        }
                      ]
                    },
                    {
                      "Node Type": "Index Only Scan",
                      "Parent Relationship": "Inner",
                      "Parallel Aware": false,
                      "Scan Direction": "Forward",
                      "Index Name": "movie_id_cast_info",
                      "Relation Name": "cast_info",
                      "Alias": "ci",
                      "Startup Cost": 0.56,
                      "Total Cost": 1.97,
                      "Plan Rows": 37,
                      "Plan Width": 4,
                      "Actual Startup Time": 0.005,
                      "Actual Total Time": 0.021,
                      "Actual Rows": 16,
                      "Actual Loops": 151979,
                      "Index Cond": "(movie_id = mc.movie_id)",
                      "Rows Removed by Index Recheck": 0,
                      "Heap Fetches": 2464196
                    }
                  ]
                }
              ]
            }
          ]
        }
      ]
    },
    "Planning Time": 1.456,
    "Triggers": [],
    "Execution Time": 1251.901
  }
]