[
  {
    "Plan": {
      "Node Type": "Aggregate",
      "Strategy": "Plain",
      "Partial Mode": "Finalize",
      "Parallel Aware": false,
      "Startup Cost": 336438.41,
      "Total Cost": 336438.42,
      "Plan Rows": 1,
      "Plan Width": 8,
      "Actual Startup Time": 851.686,
      "Actual Total Time": 904.77,
      "Actual Rows": 1,
      "Actual Loops": 1,
      "Plans": [
        {
          "Node Type": "Gather",
          "Parent Relationship": "Outer",
          "Parallel Aware": false,
          "Startup Cost": 336437.79,
          "Total Cost": 336438.4,
          "Plan Rows": 6,
          "Plan Width": 8,
          "Actual Startup Time": 851.516,
          "Actual Total Time": 904.76,
          "Actual Rows": 7,
          "Actual Loops": 1,
          "Workers Planned": 6,
          "Workers Launched": 6,
          "Single Copy": false,
          "Plans": [
            {
              "Node Type": "Aggregate",
              "Strategy": "Plain",
              "Partial Mode": "Partial",
              "Parent Relationship": "Outer",
              "Parallel Aware": false,
              "Startup Cost": 335437.79,
              "Total Cost": 335437.8,
              "Plan Rows": 1,
              "Plan Width": 8,
              "Actual Startup Time": 835.224,
              "Actual Total Time": 835.225,
              "Actual Rows": 1,
              "Actual Loops": 7,
              "Plans": [
                {
                  "Node Type": "Seq Scan",
                  "Parent Relationship": "Outer",
                  "Parallel Aware": true,
                  "Relation Name": "cast_info",
                  "Alias": "ci",
                  "Startup Cost": 0.0,
                  "Total Cost": 328211.39,
                  "Plan Rows": 2890559,
                  "Plan Width": 0,
                  "Actual Startup Time": 246.386,
                  "Actual Total Time": 689.677,
                  "Actual Rows": 2448580,
                  "Actual Loops": 7,
                  "Filter": "(person_id > 1907681)",
                  "Rows Removed by Filter": 2729184
                }
              ]
            }
          ]
        }
      ]
    },
    "Planning Time": 0.072,
    "Triggers": [],
    "Execution Time": 904.81
  }
]