[
  {
    "Plan": {
      "Node Type": "Aggregate",
      "Strategy": "Plain",
      "Partial Mode": "Finalize",
      "Parallel Aware": false,
      "Startup Cost": 336330.42,
      "Total Cost": 336330.43,
      "Plan Rows": 1,
      "Plan Width": 8,
      "Actual Startup Time": 712.382,
      "Actual Total Time": 772.147,
      "Actual Rows": 1,
      "Actual Loops": 1,
      "Plans": [
        {
          "Node Type": "Gather",
          "Parent Relationship": "Outer",
          "Parallel Aware": false,
          "Startup Cost": 336329.8,
          "Total Cost": 336330.41,
          "Plan Rows": 6,
          "Plan Width": 8,
          "Actual Startup Time": 712.251,
          "Actual Total Time": 772.138,
          "Actual Rows": 7,
          "Actual Loops": 1,
          "Workers Planned": 6,
          "Workers Launched": 6,
          "Single Copy": false,
          "Plans": [
            {
              "Node Type": "Aggregate",
              "Strategy": "Plain",
              "Partial Mode": "Partial",
              "Parent Relationship": "Outer",
              "Parallel Aware": false,
              "Startup Cost": 335329.8,
              "Total Cost": 335329.81,
              "Plan Rows": 1,
              "Plan Width": 8,
              "Actual Startup Time": 703.042,
              "Actual Total Time": 703.043,
              "Actual Rows": 1,
              "Actual Loops": 7,
              "Plans": [
                {
                  "Node Type": "Seq Scan",
                  "Parent Relationship": "Outer",
                  "Parallel Aware": true,
                  "Relation Name": "cast_info",
                  "Alias": "ci",
                  "Startup Cost": 0.0,
                  "Total Cost": 328162.03,
                  "Plan Rows": 2867108,
                  "Plan Width": 0,
                  "Actual Startup Time": 210.332,
                  "Actual Total Time": 597.013,
                  "Actual Rows": 2448580,
                  "Actual Loops": 7,
                  "Filter": "(person_id > 1907681)",
                  "Rows Removed by Filter": 2729184
                }
              ]
            }
          ]
        }
      ]
    },
    "Planning Time": 0.165,
    "Triggers": [],
    "Execution Time": 772.212
  }
]