[
  {
    "Plan": {
      "Node Type": "Aggregate",
      "Strategy": "Plain",
      "Partial Mode": "Finalize",
      "Parallel Aware": false,
      "Startup Cost": 238401.33,
      "Total Cost": 238401.34,
      "Plan Rows": 1,
      "Plan Width": 8,
      "Actual Startup Time": 529.518,
      "Actual Total Time": 550.855,
      "Actual Rows": 1,
      "Actual Loops": 1,
      "Plans": [
        {
          "Node Type": "Gather",
          "Parent Relationship": "Outer",
          "Parallel Aware": false,
          "Startup Cost": 238400.81,
          "Total Cost": 238401.32,
          "Plan Rows": 5,
          "Plan Width": 8,
          "Actual Startup Time": 505.644,
          "Actual Total Time": 550.844,
          "Actual Rows": 6,
          "Actual Loops": 1,
          "Workers Planned": 5,
          "Workers Launched": 5,
          "Single Copy": false,
          "Plans": [
            {
              "Node Type": "Aggregate",
              "Strategy": "Plain",
              "Partial Mode": "Partial",
              "Parent Relationship": "Outer",
              "Parallel Aware": false,
              "Startup Cost": 237400.81,
              "Total Cost": 237400.82,
              "Plan Rows": 1,
              "Plan Width": 8,
              "Actual Startup Time": 483.113,
              "Actual Total Time": 483.117,
              "Actual Rows": 1,
              "Actual Loops": 6,
              "Plans": [
                {
                  "Node Type": "Hash Join",
                  "Parent Relationship": "Outer",
                  "Parallel Aware": true,
                  "Join Type": "Inner",
                  "Startup Cost": 71304.82,
                  "Total Cost": 236818.82,
                  "Plan Rows": 232793,
                  "Plan Width": 0,
                  "Actual Startup Time": 328.741,
                  "Actual Total Time": 472.793,
                  "Actual Rows": 185897,
                  "Actual Loops": 6,
                  "Inner Unique": true,
                  "Hash Cond": "(mi.movie_id = t.id)",
                  "Plans": [
                    {
                      "Node Type": "Bitmap Heap Scan",
                      "Parent Relationship": "Outer",
                      "Parallel Aware": true,
                      "Relation Name": "movie_info",
                      "Alias": "mi",
                      "Startup Cost": 21085.18,
                      "Total Cost": 185988.1,
                      "Plan Rows": 232793,
                      "Plan Width": 4,
                      "Actual Startup Time": 55.242,
                      "Actual Total Time": 122.575,
                      "Actual Rows": 185897,
                      "Actual Loops": 6,
                      "Recheck Cond": "(info_type_id > 63)",
                      "Rows Removed by Index Recheck": 0,
                      "Exact Heap Blocks": 7574,
                      "Lossy Heap Blocks": 0,
                      "Plans": [
                        {
                          "Node Type": "Bitmap Index Scan",
                          "Parent Relationship": "Outer",
                          "Parallel Aware": false,
                          "Index Name": "info_type_id_movie_info",
                          "Startup Cost": 0.0,
                          "Total Cost": 20794.19,
                          "Plan Rows": 1163967,
                          "Plan Width": 0,
                          "Actual Startup Time": 49.385,
                          "Actual Total Time": 49.386,
                          "Actual Rows": 1115380,
                          "Actual Loops": 1,
                          "Index Cond": "(info_type_id > 63)"
                        }
                      ]
                    },
                    {
                      "Node Type": "Hash",
                      "Parent Relationship": "Inner",
                      "Parallel Aware": true,
                      "Startup Cost": 42318.73,
                      "Total Cost": 42318.73,
                      "Plan Rows": 632073,
                      "Plan Width": 4,
                      "Actual Startup Time": 265.603,
                      "Actual Total Time": 265.604,
                      "Actual Rows": 421385,
                      "Actual Loops": 6,
                      "Hash Buckets": 4194304,
                      "Original Hash Buckets": 4194304,
                      "Hash Batches": 1,
                      "Original Hash Batches": 1,
                      "Peak Memory Usage": 131776,
                      "Plans": [
                        {
                          "Node Type": "Seq Scan",
                          "Parent Relationship": "Outer",
                          "Parallel Aware": true,
                          "Relation Name": "title",
                          "Alias": "t",
                          "Startup Cost": 0.0,
                          "Total Cost": 42318.73,
                          "Plan Rows": 632073,
                          "Plan Width": 4,
                          "Actual Startup Time": 0.034,
                          "Actual Total Time": 79.777,
                          "Actual Rows": 421385,
                          "Actual Loops": 6
                        }
                      ]
                    }
                  ]
                }
              ]
            }
          ]
        }
      ]
    },
    "Planning Time": 0.613,
    "Triggers": [],
    "Execution Time": 550.952
  }
]