[
  {
    "Plan": {
      "Node Type": "Aggregate",
      "Strategy": "Plain",
      "Partial Mode": "Finalize",
      "Parallel Aware": false,
      "Startup Cost": 46698.9,
      "Total Cost": 46698.91,
      "Plan Rows": 1,
      "Plan Width": 8,
      "Actual Startup Time": 102.296,
      "Actual Total Time": 113.982,
      "Actual Rows": 1,
      "Actual Loops": 1,
      "Plans": [
        {
          "Node Type": "Gather",
          "Parent Relationship": "Outer",
          "Parallel Aware": false,
          "Startup Cost": 46698.48,
          "Total Cost": 46698.89,
          "Plan Rows": 4,
          "Plan Width": 8,
          "Actual Startup Time": 102.147,
          "Actual Total Time": 113.972,
          "Actual Rows": 5,
          "Actual Loops": 1,
          "Workers Planned": 4,
          "Workers Launched": 4,
          "Single Copy": false,
          "Plans": [
            {
              "Node Type": "Aggregate",
              "Strategy": "Plain",
              "Partial Mode": "Partial",
              "Parent Relationship": "Outer",
              "Parallel Aware": false,
              "Startup Cost": 45698.48,
              "Total Cost": 45698.49,
              "Plan Rows": 1,
              "Plan Width": 8,
              "Actual Startup Time": 93.02,
              "Actual Total Time": 93.021,
              "Actual Rows": 1,
              "Actual Loops": 5,
              "Plans": [
                {
                  "Node Type": "Seq Scan",
                  "Parent Relationship": "Outer",
                  "Parallel Aware": true,
                  "Relation Name": "title",
                  "Alias": "t",
                  "Startup Cost": 0.0,
                  "Total Cost": 45479.1,
                  "Plan Rows": 87752,
                  "Plan Width": 0,
                  "Actual Startup Time": 0.036,
                  "Actual Total Time": 89.561,
                  "Actual Rows": 48630,
                  "Actual Loops": 5,
                  "Filter": "((production_year < 1985) AND (kind_id = 7))",
                  "Rows Removed by Filter": 457032
                }
              ]
            }
          ]
        }
      ]
    },
    "Planning Time": 0.172,
    "Triggers": [],
    "Execution Time": 114.039
  }
]