{
  "Plan": {
    "Node Type": "Aggregate",
    "Strategy": "Plain",
    "Partial Mode": "Finalize",
    "Parallel Aware": false,
    "Startup Cost": 289678.46,
    "Total Cost": 289678.47,
    "Plan Rows": 1,
    "Plan Width": 8,
    "Actual Startup Time": 910.541,
    "Actual Total Time": 933.237,
    "Actual Rows": 1,
    "Actual Loops": 1,
    "Plans": [
      {
        "Node Type": "Gather",
        "Parent Relationship": "Outer",
        "Parallel Aware": false,
        "Startup Cost": 289678.34,
        "Total Cost": 289678.45,
        "Plan Rows": 1,
        "Plan Width": 8,
        "Actual Startup Time": 904.643,
        "Actual Total Time": 933.23,
        "Actual Rows": 2,
        "Actual Loops": 1,
        "Workers Planned": 1,
        "Workers Launched": 1,
        "Single Copy": false,
        "Plans": [
          {
            "Node Type": "Aggregate",
            "Strategy": "Plain",
            "Partial Mode": "Partial",
            "Parent Relationship": "Outer",
            "Parallel Aware": false,
            "Startup Cost": 288678.34,
            "Total Cost": 288678.35,
            "Plan Rows": 1,
            "Plan Width": 8,
            "Actual Startup Time": 898.492,
            "Actual Total Time": 898.499,
            "Actual Rows": 1,
            "Actual Loops": 2,
            "Plans": [
              {
                "Node Type": "Hash Join",
                "Parent Relationship": "Outer",
                "Parallel Aware": true,
                "Join Type": "Inner",
                "Startup Cost": 248104.0,
                "Total Cost": 288445.86,
                "Plan Rows": 92992,
                "Plan Width": 0,
                "Actual Startup Time": 704.999,
                "Actual Total Time": 882.878,
                "Actual Rows": 407586,
                "Actual Loops": 2,
                "Inner Unique": false,
                "Hash Cond": "(mc.movie_id = t.id)",
                "Plans": [
                  {
                    "Node Type": "Seq Scan",
                    "Parent Relationship": "Outer",
                    "Parallel Aware": true,
                    "Relation Name": "movie_companies",
                    "Alias": "mc",
                    "Startup Cost": 0.0,
                    "Total Cost": 37974.77,
                    "Plan Rows": 485354,
                    "Plan Width": 4,
                    "Actual Startup Time": 17.709,
                    "Actual Total Time": 104.82,
                    "Actual Rows": 419124,
                    "Actual Loops": 2,
                    "Filter": "(company_id > 26414)",
                    "Rows Removed by Filter": 885440
                  },
                  {
                    "Node Type": "Hash",
                    "Parent Relationship": "Inner",
                    "Parallel Aware": true,
                    "Startup Cost": 244542.15,
                    "Total Cost": 244542.15,
                    "Plan Rows": 284948,
                    "Plan Width": 8,
                    "Actual Startup Time": 681.846,
                    "Actual Total Time": 681.851,
                    "Actual Rows": 243277,
                    "Actual Loops": 2,
                    "Hash Buckets": 524288,
                    "Original Hash Buckets": 524288,
                    "Hash Batches": 1,
                    "Original Hash Batches": 1,
                    "Peak Memory Usage": 23168,
                    "Plans": [
                      {
                        "Node Type": "Hash Join",
                        "Parent Relationship": "Outer",
                        "Parallel Aware": true,
                        "Join Type": "Inner",
                        "Startup Cost": 78239.32,
                        "Total Cost": 244542.15,
                        "Plan Rows": 284948,
                        "Plan Width": 8,
                        "Actual Startup Time": 535.249,
                        "Actual Total Time": 636.488,
                        "Actual Rows": 243277,
                        "Actual Loops": 2,
                        "Inner Unique": true,
                        "Hash Cond": "(mi.movie_id = t.id)",
                        "Plans": [
                          {
                            "Node Type": "Bitmap Heap Scan",
                            "Parent Relationship": "Outer",
                            "Parallel Aware": true,
                            "Relation Name": "movie_info",
                            "Alias": "mi",
                            "Startup Cost": 8778.62,
                            "Total Cost": 174333.47,
                            "Plan Rows": 284948,
                            "Plan Width": 4,
                            "Actual Startup Time": 17.122,
                            "Actual Total Time": 43.43,
                            "Actual Rows": 243277,
                            "Actual Loops": 2,
                            "Recheck Cond": "(info_type_id = 5)",
                            "Rows Removed by Index Recheck": 0,
                            "Exact Heap Blocks": 3165,
                            "Lossy Heap Blocks": 0,
                            "Plans": [
                              {
                                "Node Type": "Bitmap Index Scan",
                                "Parent Relationship": "Outer",
                                "Parallel Aware": false,
                                "Index Name": "info_type_id_movie_info",
                                "Startup Cost": 0.0,
                                "Total Cost": 8657.52,
                                "Plan Rows": 484411,
                                "Plan Width": 0,
                                "Actual Startup Time": 16.424,
                                "Actual Total Time": 16.425,
                                "Actual Rows": 486554,
                                "Actual Loops": 1,
                                "Index Cond": "(info_type_id = 5)"
                              }
                            ]
                          },
                          {
                            "Node Type": "Hash",
                            "Parent Relationship": "Inner",
                            "Parallel Aware": true,
                            "Startup Cost": 50870.31,
                            "Total Cost": 50870.31,
                            "Plan Rows": 1487231,
                            "Plan Width": 4,
                            "Actual Startup Time": 499.86,
                            "Actual Total Time": 499.861,
                            "Actual Rows": 1264156,
                            "Actual Loops": 2,
                            "Hash Buckets": 4194304,
                            "Original Hash Buckets": 4194304,
                            "Hash Batches": 1,
                            "Original Hash Batches": 1,
                            "Peak Memory Usage": 131680,
                            "Plans": [
                              {
                                "Node Type": "Seq Scan",
                                "Parent Relationship": "Outer",
                                "Parallel Aware": true,
                                "Relation Name": "title",
                                "Alias": "t",
                                "Startup Cost": 0.0,
                                "Total Cost": 50870.31,
                                "Plan Rows": 1487231,
                                "Plan Width": 4,
                                "Actual Startup Time": 0.039,
                                "Actual Total Time": 150.135,
                                "Actual Rows": 1264156,
                                "Actual Loops": 2
                              }
                            ]
                          }
                        ]
                      }
                    ]
                  }
                ]
              }
            ]
          }
        ]
      }
    ]
  },
  "Planning Time": 0.929,
  "Triggers": [],
  "Execution Time": 933.336
}