[
    {
        "Bao": {
            "Bao prediction": "NaN",
            "Bao recommended hint": "(no hint)"
        }
    },
    {
        "Plan": {
            "Node Type": "Aggregate",
            "Strategy": "Plain",
            "Partial Mode": "Finalize",
            "Parallel Aware": false,
            "Startup Cost": 273084.65,
            "Total Cost": 273084.66,
            "Plan Rows": 1,
            "Plan Width": 8,
            "Actual Startup Time": 913.77,
            "Actual Total Time": 970.061,
            "Actual Rows": 1,
            "Actual Loops": 1,
            "Output": [
                "count(*)"
            ],
            "Plans": [
                {
                    "Node Type": "Gather",
                    "Parent Relationship": "Outer",
                    "Parallel Aware": false,
                    "Startup Cost": 273084.12,
                    "Total Cost": 273084.63,
                    "Plan Rows": 5,
                    "Plan Width": 8,
                    "Actual Startup Time": 913.277,
                    "Actual Total Time": 970.051,
                    "Actual Rows": 6,
                    "Actual Loops": 1,
                    "Output": [
                        "(PARTIAL count(*))"
                    ],
                    "Workers Planned": 5,
                    "Workers Launched": 5,
                    "Single Copy": false,
                    "Plans": [
                        {
                            "Node Type": "Aggregate",
                            "Strategy": "Plain",
                            "Partial Mode": "Partial",
                            "Parent Relationship": "Outer",
                            "Parallel Aware": false,
                            "Startup Cost": 272084.12,
                            "Total Cost": 272084.13,
                            "Plan Rows": 1,
                            "Plan Width": 8,
                            "Actual Startup Time": 902.992,
                            "Actual Total Time": 902.997,
                            "Actual Rows": 1,
                            "Actual Loops": 6,
                            "Output": [
                                "PARTIAL count(*)"
                            ],
                            "Workers": [
                                {
                                    "Worker Number": 0,
                                    "Actual Startup Time": 900.645,
                                    "Actual Total Time": 900.649,
                                    "Actual Rows": 1,
                                    "Actual Loops": 1
                                },
                                {
                                    "Worker Number": 1,
                                    "Actual Startup Time": 900.471,
                                    "Actual Total Time": 900.477,
                                    "Actual Rows": 1,
                                    "Actual Loops": 1
                                },
                                {
                                    "Worker Number": 2,
                                    "Actual Startup Time": 900.401,
                                    "Actual Total Time": 900.405,
                                    "Actual Rows": 1,
                                    "Actual Loops": 1
                                },
                                {
                                    "Worker Number": 3,
                                    "Actual Startup Time": 901.685,
                                    "Actual Total Time": 901.689,
                                    "Actual Rows": 1,
                                    "Actual Loops": 1
                                },
                                {
                                    "Worker Number": 4,
                                    "Actual Startup Time": 901.903,
                                    "Actual Total Time": 901.908,
                                    "Actual Rows": 1,
                                    "Actual Loops": 1
                                }
                            ],
                            "Plans": [
                                {
                                    "Node Type": "Nested Loop",
                                    "Parent Relationship": "Outer",
                                    "Parallel Aware": false,
                                    "Join Type": "Inner",
                                    "Startup Cost": 45642.37,
                                    "Total Cost": 271857.62,
                                    "Plan Rows": 90601,
                                    "Plan Width": 0,
                                    "Actual Startup Time": 144.64,
                                    "Actual Total Time": 886.3,
                                    "Actual Rows": 312396,
                                    "Actual Loops": 6,
                                    "Inner Unique": false,
                                    "Join Filter": "(t.id = ci.movie_id)",
                                    "Rows Removed by Join Filter": 0,
                                    "Workers": [
                                        {
                                            "Worker Number": 0,
                                            "Actual Startup Time": 142.216,
                                            "Actual Total Time": 883.016,
                                            "Actual Rows": 219002,
                                            "Actual Loops": 1
                                        },
                                        {
                                            "Worker Number": 1,
                                            "Actual Startup Time": 142.14,
                                            "Actual Total Time": 883.589,
                                            "Actual Rows": 211012,
                                            "Actual Loops": 1
                                        },
                                        {
                                            "Worker Number": 2,
                                            "Actual Startup Time": 142.209,
                                            "Actual Total Time": 885.376,
                                            "Actual Rows": 307187,
                                            "Actual Loops": 1
                                        },
                                        {
                                            "Worker Number": 3,
                                            "Actual Startup Time": 143.25,
                                            "Actual Total Time": 885.709,
                                            "Actual Rows": 336011,
                                            "Actual Loops": 1
                                        },
                                        {
                                            "Worker Number": 4,
                                            "Actual Startup Time": 143.528,
                                            "Actual Total Time": 886.103,
                                            "Actual Rows": 324839,
                                            "Actual Loops": 1
                                        }
                                    ],
                                    "Plans": [
                                        {
                                            "Node Type": "Hash Join",
                                            "Parent Relationship": "Outer",
                                            "Parallel Aware": true,
                                            "Join Type": "Inner",
                                            "Startup Cost": 45641.81,
                                            "Total Cost": 246098.43,
                                            "Plan Rows": 12354,
                                            "Plan Width": 8,
                                            "Actual Startup Time": 144.542,
                                            "Actual Total Time": 424.526,
                                            "Actual Rows": 11850,
                                            "Actual Loops": 6,
                                            "Output": [
                                                "t.id",
                                                "mi.movie_id"
                                            ],
                                            "Inner Unique": true,
                                            "Hash Cond": "(mi.movie_id = t.id)",
                                            "Workers": [
                                                {
                                                    "Worker Number": 0,
                                                    "Actual Startup Time": 142.117,
                                                    "Actual Total Time": 421.759,
                                                    "Actual Rows": 8517,
                                                    "Actual Loops": 1
                                                },
                                                {
                                                    "Worker Number": 1,
                                                    "Actual Startup Time": 142.039,
                                                    "Actual Total Time": 417.851,
                                                    "Actual Rows": 8128,
                                                    "Actual Loops": 1
                                                },
                                                {
                                                    "Worker Number": 2,
                                                    "Actual Startup Time": 142.135,
                                                    "Actual Total Time": 416.768,
                                                    "Actual Rows": 12101,
                                                    "Actual Loops": 1
                                                },
                                                {
                                                    "Worker Number": 3,
                                                    "Actual Startup Time": 143.164,
                                                    "Actual Total Time": 418.757,
                                                    "Actual Rows": 12682,
                                                    "Actual Loops": 1
                                                },
                                                {
                                                    "Worker Number": 4,
                                                    "Actual Startup Time": 143.426,
                                                    "Actual Total Time": 420.006,
                                                    "Actual Rows": 12711,
                                                    "Actual Loops": 1
                                                }
                                            ],
                                            "Plans": [
                                                {
                                                    "Node Type": "Seq Scan",
                                                    "Parent Relationship": "Outer",
                                                    "Parallel Aware": true,
                                                    "Relation Name": "movie_info",
                                                    "Schema": "public",
                                                    "Alias": "mi",
                                                    "Startup Cost": 0.0,
                                                    "Total Cost": 198880.74,
                                                    "Plan Rows": 600336,
                                                    "Plan Width": 4,
                                                    "Actual Startup Time": 68.127,
                                                    "Actual Total Time": 290.861,
                                                    "Actual Rows": 506120,
                                                    "Actual Loops": 6,
                                                    "Output": [
                                                        "mi.id",
                                                        "mi.movie_id",
                                                        "mi.info_type_id",
                                                        "mi.info",
                                                        "mi.note"
                                                    ],
                                                    "Filter": "(mi.info_type_id = 16)",
                                                    "Rows Removed by Filter": 1966500,
                                                    "Workers": [
                                                        {
                                                            "Worker Number": 0,
                                                            "Actual Startup Time": 68.134,
                                                            "Actual Total Time": 291.709,
                                                            "Actual Rows": 355089,
                                                            "Actual Loops": 1
                                                        },
                                                        {
                                                            "Worker Number": 1,
                                                            "Actual Startup Time": 68.139,
                                                            "Actual Total Time": 288.728,
                                                            "Actual Rows": 338417,
                                                            "Actual Loops": 1
                                                        },
                                                        {
                                                            "Worker Number": 2,
                                                            "Actual Startup Time": 68.136,
                                                            "Actual Total Time": 286.999,
                                                            "Actual Rows": 512828,
                                                            "Actual Loops": 1
                                                        },
                                                        {
                                                            "Worker Number": 3,
                                                            "Actual Startup Time": 68.142,
                                                            "Actual Total Time": 288.258,
                                                            "Actual Rows": 526929,
                                                            "Actual Loops": 1
                                                        },
                                                        {
                                                            "Worker Number": 4,
                                                            "Actual Startup Time": 68.04,
                                                            "Actual Total Time": 289.349,
                                                            "Actual Rows": 539525,
                                                            "Actual Loops": 1
                                                        }
                                                    ]
                                                },
                                                {
                                                    "Node Type": "Hash",
                                                    "Parent Relationship": "Inner",
                                                    "Parallel Aware": true,
                                                    "Startup Cost": 45479.21,
                                                    "Total Cost": 45479.21,
                                                    "Plan Rows": 13008,
                                                    "Plan Width": 4,
                                                    "Actual Startup Time": 75.669,
                                                    "Actual Total Time": 75.67,
                                                    "Actual Rows": 7335,
                                                    "Actual Loops": 6,
                                                    "Output": [
                                                        "t.id"
                                                    ],
                                                    "Hash Buckets": 65536,
                                                    "Original Hash Buckets": 65536,
                                                    "Hash Batches": 1,
                                                    "Original Hash Batches": 1,
                                                    "Peak Memory Usage": 2272,
                                                    "Workers": [
                                                        {
                                                            "Worker Number": 0,
                                                            "Actual Startup Time": 73.4,
                                                            "Actual Total Time": 73.401,
                                                            "Actual Rows": 4834,
                                                            "Actual Loops": 1
                                                        },
                                                        {
                                                            "Worker Number": 1,
                                                            "Actual Startup Time": 73.039,
                                                            "Actual Total Time": 73.04,
                                                            "Actual Rows": 4694,
                                                            "Actual Loops": 1
                                                        },
                                                        {
                                                            "Worker Number": 2,
                                                            "Actual Startup Time": 73.036,
                                                            "Actual Total Time": 73.037,
                                                            "Actual Rows": 6944,
                                                            "Actual Loops": 1
                                                        },
                                                        {
                                                            "Worker Number": 3,
                                                            "Actual Startup Time": 74.45,
                                                            "Actual Total Time": 74.451,
                                                            "Actual Rows": 7281,
                                                            "Actual Loops": 1
                                                        },
                                                        {
                                                            "Worker Number": 4,
                                                            "Actual Startup Time": 74.659,
                                                            "Actual Total Time": 74.661,
                                                            "Actual Rows": 7322,
                                                            "Actual Loops": 1
                                                        }
                                                    ],
                                                    "Plans": [
                                                        {
                                                            "Node Type": "Seq Scan",
                                                            "Parent Relationship": "Outer",
                                                            "Parallel Aware": true,
                                                            "Relation Name": "title",
                                                            "Schema": "public",
                                                            "Alias": "t",
                                                            "Startup Cost": 0.0,
                                                            "Total Cost": 45479.21,
                                                            "Plan Rows": 13008,
                                                            "Plan Width": 4,
                                                            "Actual Startup Time": 0.262,
                                                            "Actual Total Time": 72.588,
                                                            "Actual Rows": 7335,
                                                            "Actual Loops": 6,
                                                            "Output": [
                                                                "t.id"
                                                            ],
                                                            "Filter": "((t.kind_id < 7) AND (t.production_year = 2009))",
                                                            "Rows Removed by Filter": 414050,
                                                            "Workers": [
                                                                {
                                                                    "Worker Number": 0,
                                                                    "Actual Startup Time": 0.156,
                                                                    "Actual Total Time": 70.227,
                                                                    "Actual Rows": 4834,
                                                                    "Actual Loops": 1
                                                                },
                                                                {
                                                                    "Worker Number": 1,
                                                                    "Actual Startup Time": 0.492,
                                                                    "Actual Total Time": 70.122,
                                                                    "Actual Rows": 4694,
                                                                    "Actual Loops": 1
                                                                },
                                                                {
                                                                    "Worker Number": 2,
                                                                    "Actual Startup Time": 0.225,
                                                                    "Actual Total Time": 70.019,
                                                                    "Actual Rows": 6944,
                                                                    "Actual Loops": 1
                                                                },
                                                                {
                                                                    "Worker Number": 3,
                                                                    "Actual Startup Time": 0.15,
                                                                    "Actual Total Time": 71.304,
                                                                    "Actual Rows": 7281,
                                                                    "Actual Loops": 1
                                                                },
                                                                {
                                                                    "Worker Number": 4,
                                                                    "Actual Startup Time": 0.476,
                                                                    "Actual Total Time": 71.79,
                                                                    "Actual Rows": 7322,
                                                                    "Actual Loops": 1
                                                                }
                                                            ]
                                                        }
                                                    ]
                                                }
                                            ]
                                        },
                                        {
                                            "Node Type": "Index Scan",
                                            "Parent Relationship": "Inner",
                                            "Parallel Aware": false,
                                            "Scan Direction": "Forward",
                                            "Index Name": "movie_id_cast_info",
                                            "Relation Name": "cast_info",
                                            "Schema": "public",
                                            "Alias": "ci",
                                            "Startup Cost": 0.56,
                                            "Total Cost": 1.84,
                                            "Plan Rows": 20,
                                            "Plan Width": 4,
                                            "Actual Startup Time": 0.016,
                                            "Actual Total Time": 0.036,
                                            "Actual Rows": 26,
                                            "Actual Loops": 71099,
                                            "Output": [
                                                "ci.id",
                                                "ci.person_id",
                                                "ci.movie_id",
                                                "ci.person_role_id",
                                                "ci.note",
                                                "ci.nr_order",
                                                "ci.role_id"
                                            ],
                                            "Index Cond": "(ci.movie_id = mi.movie_id)",
                                            "Rows Removed by Index Recheck": 0,
                                            "Filter": "(ci.person_id > 1743364)",
                                            "Rows Removed by Filter": 21,
                                            "Workers": [
                                                {
                                                    "Worker Number": 0,
                                                    "Actual Startup Time": 0.022,
                                                    "Actual Total Time": 0.05,
                                                    "Actual Rows": 26,
                                                    "Actual Loops": 8517
                                                },
                                                {
                                                    "Worker Number": 1,
                                                    "Actual Startup Time": 0.024,
                                                    "Actual Total Time": 0.053,
                                                    "Actual Rows": 26,
                                                    "Actual Loops": 8128
                                                },
                                                {
                                                    "Worker Number": 2,
                                                    "Actual Startup Time": 0.016,
                                                    "Actual Total Time": 0.036,
                                                    "Actual Rows": 25,
                                                    "Actual Loops": 12101
                                                },
                                                {
                                                    "Worker Number": 3,
                                                    "Actual Startup Time": 0.015,
                                                    "Actual Total Time": 0.034,
                                                    "Actual Rows": 26,
                                                    "Actual Loops": 12682
                                                },
                                                {
                                                    "Worker Number": 4,
                                                    "Actual Startup Time": 0.016,
                                                    "Actual Total Time": 0.034,
                                                    "Actual Rows": 26,
                                                    "Actual Loops": 12711
                                                }
                                            ]
                                        }
                                    ]
                                }
                            ]
                        }
                    ]
                }
            ]
        },
        "Planning Time": 170.095,
        "Triggers": [],
        "Execution Time": 970.181
    }
]