[
  {
    "Plan": {
      "Node Type": "Aggregate",
      "Strategy": "Plain",
      "Partial Mode": "Finalize",
      "Parallel Aware": false,
      "Startup Cost": 31043.38,
      "Total Cost": 31043.39,
      "Plan Rows": 1,
      "Plan Width": 8,
      "Actual Startup Time": 94.805,
      "Actual Total Time": 102.978,
      "Actual Rows": 1,
      "Actual Loops": 1,
      "Plans": [
        {
          "Node Type": "Gather",
          "Parent Relationship": "Outer",
          "Parallel Aware": false,
          "Startup Cost": 31043.06,
          "Total Cost": 31043.37,
          "Plan Rows": 3,
          "Plan Width": 8,
          "Actual Startup Time": 94.687,
          "Actual Total Time": 102.969,
          "Actual Rows": 4,
          "Actual Loops": 1,
          "Workers Planned": 3,
          "Workers Launched": 3,
          "Single Copy": false,
          "Plans": [
            {
              "Node Type": "Aggregate",
              "Strategy": "Plain",
              "Partial Mode": "Partial",
              "Parent Relationship": "Outer",
              "Parallel Aware": false,
              "Startup Cost": 30043.06,
              "Total Cost": 30043.07,
              "Plan Rows": 1,
              "Plan Width": 8,
              "Actual Startup Time": 88.606,
              "Actual Total Time": 88.607,
              "Actual Rows": 1,
              "Actual Loops": 4,
              "Plans": [
                {
                  "Node Type": "Seq Scan",
                  "Parent Relationship": "Outer",
                  "Parallel Aware": true,
                  "Relation Name": "movie_companies",
                  "Alias": "mc",
                  "Startup Cost": 0.0,
                  "Total Cost": 29310.68,
                  "Plan Rows": 292952,
                  "Plan Width": 0,
                  "Actual Startup Time": 0.033,
                  "Actual Total Time": 74.821,
                  "Actual Rows": 226930,
                  "Actual Loops": 4,
                  "Filter": "(company_id < 2995)",
                  "Rows Removed by Filter": 425352
                }
              ]
            }
          ]
        }
      ]
    },
    "Planning Time": 0.105,
    "Triggers": [],
    "Execution Time": 103.014
  }
]