[
  {
    "Plan": {
      "Node Type": "Aggregate",
      "Strategy": "Plain",
      "Partial Mode": "Finalize",
      "Parallel Aware": false,
      "Startup Cost": 30393.1,
      "Total Cost": 30393.11,
      "Plan Rows": 1,
      "Plan Width": 8,
      "Actual Startup Time": 91.472,
      "Actual Total Time": 93.988,
      "Actual Rows": 1,
      "Actual Loops": 1,
      "Plans": [
        {
          "Node Type": "Gather",
          "Parent Relationship": "Outer",
          "Parallel Aware": false,
          "Startup Cost": 30392.78,
          "Total Cost": 30393.09,
          "Plan Rows": 3,
          "Plan Width": 8,
          "Actual Startup Time": 91.328,
          "Actual Total Time": 93.978,
          "Actual Rows": 4,
          "Actual Loops": 1,
          "Workers Planned": 3,
          "Workers Launched": 3,
          "Single Copy": false,
          "Plans": [
            {
              "Node Type": "Aggregate",
              "Strategy": "Plain",
              "Partial Mode": "Partial",
              "Parent Relationship": "Outer",
              "Parallel Aware": false,
              "Startup Cost": 29392.78,
              "Total Cost": 29392.79,
              "Plan Rows": 1,
              "Plan Width": 8,
              "Actual Startup Time": 84.95,
              "Actual Total Time": 84.952,
              "Actual Rows": 1,
              "Actual Loops": 4,
              "Plans": [
                {
                  "Node Type": "Bitmap Heap Scan",
                  "Parent Relationship": "Outer",
                  "Parallel Aware": true,
                  "Relation Name": "movie_companies",
                  "Alias": "mc",
                  "Startup Cost": 8667.73,
                  "Total Cost": 29070.27,
                  "Plan Rows": 129003,
                  "Plan Width": 0,
                  "Actual Startup Time": 36.792,
                  "Actual Total Time": 76.789,
                  "Actual Rows": 101024,
                  "Actual Loops": 4,
                  "Recheck Cond": "(company_id > 81747)",
                  "Rows Removed by Index Recheck": 0,
                  "Exact Heap Blocks": 2819,
                  "Lossy Heap Blocks": 0,
                  "Plans": [
                    {
                      "Node Type": "Bitmap Index Scan",
                      "Parent Relationship": "Outer",
                      "Parallel Aware": false,
                      "Index Name": "company_id_movie_companies",
                      "Startup Cost": 0.0,
                      "Total Cost": 8567.76,
                      "Plan Rows": 399910,
                      "Plan Width": 0,
                      "Actual Startup Time": 40.876,
                      "Actual Total Time": 40.877,
                      "Actual Rows": 404095,
                      "Actual Loops": 1,
                      "Index Cond": "(company_id > 81747)"
                    }
                  ]
                }
              ]
            }
          ]
        }
      ]
    },
    "Planning Time": 0.129,
    "Triggers": [],
    "Execution Time": 94.042
  }
]