[
  {
    "Plan": {
      "Node Type": "Aggregate",
      "Strategy": "Plain",
      "Partial Mode": "Finalize",
      "Parallel Aware": false,
      "Startup Cost": 75247.15,
      "Total Cost": 75247.16,
      "Plan Rows": 1,
      "Plan Width": 8,
      "Actual Startup Time": 115.072,
      "Actual Total Time": 130.243,
      "Actual Rows": 1,
      "Actual Loops": 1,
      "Plans": [
        {
          "Node Type": "Gather",
          "Parent Relationship": "Outer",
          "Parallel Aware": false,
          "Startup Cost": 75246.73,
          "Total Cost": 75247.14,
          "Plan Rows": 4,
          "Plan Width": 8,
          "Actual Startup Time": 114.824,
          "Actual Total Time": 130.235,
          "Actual Rows": 5,
          "Actual Loops": 1,
          "Workers Planned": 4,
          "Workers Launched": 4,
          "Single Copy": false,
          "Plans": [
            {
              "Node Type": "Aggregate",
              "Strategy": "Plain",
              "Partial Mode": "Partial",
              "Parent Relationship": "Outer",
              "Parallel Aware": false,
              "Startup Cost": 74246.73,
              "Total Cost": 74246.74,
              "Plan Rows": 1,
              "Plan Width": 8,
              "Actual Startup Time": 105.023,
              "Actual Total Time": 105.024,
              "Actual Rows": 1,
              "Actual Loops": 5,
              "Plans": [
                {
                  "Node Type": "Nested Loop",
                  "Parent Relationship": "Outer",
                  "Parallel Aware": false,
                  "Join Type": "Inner",
                  "Startup Cost": 0.43,
                  "Total Cost": 74242.35,
                  "Plan Rows": 1751,
                  "Plan Width": 0,
                  "Actual Startup Time": 55.521,
                  "Actual Total Time": 104.725,
                  "Actual Rows": 3451,
                  "Actual Loops": 5,
                  "Inner Unique": false,
                  "Plans": [
                    {
                      "Node Type": "Seq Scan",
                      "Parent Relationship": "Outer",
                      "Parallel Aware": true,
                      "Relation Name": "title",
                      "Alias": "t",
                      "Startup Cost": 0.0,
                      "Total Cost": 45479.1,
                      "Plan Rows": 4322,
                      "Plan Width": 4,
                      "Actual Startup Time": 55.12,
                      "Actual Total Time": 82.349,
                      "Actual Rows": 3761,
                      "Actual Loops": 5,
                      "Filter": "((kind_id = 1) AND (production_year = 2013))",
                      "Rows Removed by Filter": 501902
                    },
                    {
                      "Node Type": "Index Scan",
                      "Parent Relationship": "Inner",
                      "Parallel Aware": false,
                      "Scan Direction": "Forward",
                      "Index Name": "movie_id_movie_companies",
                      "Relation Name": "movie_companies",
                      "Alias": "mc",
                      "Startup Cost": 0.43,
                      "Total Cost": 6.64,
                      "Plan Rows": 2,
                      "Plan Width": 4,
                      "Actual Startup Time": 0.005,
                      "Actual Total Time": 0.006,
                      "Actual Rows": 1,
                      "Actual Loops": 18804,
                      "Index Cond": "(movie_id = t.id)",
                      "Rows Removed by Index Recheck": 0,
                      "Filter": "((company_id > 664) AND (company_type_id = 2))",
                      "Rows Removed by Filter": 0
                    }
                  ]
                }
              ]
            }
          ]
        }
      ]
    },
    "Planning Time": 0.727,
    "Triggers": [],
    "Execution Time": 130.326
  }
]