{
  "Plan": {
    "Node Type": "Aggregate",
    "Strategy": "Plain",
    "Partial Mode": "Finalize",
    "Parallel Aware": false,
    "Startup Cost": 194827.73,
    "Total Cost": 194827.74,
    "Plan Rows": 1,
    "Plan Width": 64,
    "Actual Startup Time": 6420.237,
    "Actual Total Time": 6492.793,
    "Actual Rows": 1,
    "Actual Loops": 1,
    "Plans": [
      {
        "Node Type": "Gather",
        "Parent Relationship": "Outer",
        "Parallel Aware": false,
        "Startup Cost": 194827.3,
        "Total Cost": 194827.71,
        "Plan Rows": 4,
        "Plan Width": 64,
        "Actual Startup Time": 6420.224,
        "Actual Total Time": 6492.784,
        "Actual Rows": 5,
        "Actual Loops": 1,
        "Workers Planned": 4,
        "Workers Launched": 4,
        "Single Copy": false,
        "Plans": [
          {
            "Node Type": "Aggregate",
            "Strategy": "Plain",
            "Partial Mode": "Partial",
            "Parent Relationship": "Outer",
            "Parallel Aware": false,
            "Startup Cost": 193827.3,
            "Total Cost": 193827.31,
            "Plan Rows": 1,
            "Plan Width": 64,
            "Actual Startup Time": 6390.258,
            "Actual Total Time": 6390.265,
            "Actual Rows": 1,
            "Actual Loops": 5,
            "Plans": [
              {
                "Node Type": "Nested Loop",
                "Parent Relationship": "Outer",
                "Parallel Aware": false,
                "Join Type": "Inner",
                "Startup Cost": 132891.84,
                "Total Cost": 193820.2,
                "Plan Rows": 1420,
                "Plan Width": 32,
                "Actual Startup Time": 3472.579,
                "Actual Total Time": 6353.696,
                "Actual Rows": 352129,
                "Actual Loops": 5,
                "Inner Unique": false,
                "Plans": [
                  {
                    "Node Type": "Nested Loop",
                    "Parent Relationship": "Outer",
                    "Parallel Aware": false,
                    "Join Type": "Inner",
                    "Startup Cost": 132891.41,
                    "Total Cost": 193497.15,
                    "Plan Rows": 597,
                    "Plan Width": 40,
                    "Actual Startup Time": 3471.666,
                    "Actual Total Time": 6015.269,
                    "Actual Rows": 157409,
                    "Actual Loops": 5,
                    "Inner Unique": true,
                    "Plans": [
                      {
                        "Node Type": "Nested Loop",
                        "Parent Relationship": "Outer",
                        "Parallel Aware": false,
                        "Join Type": "Inner",
                        "Startup Cost": 132890.99,
                        "Total Cost": 192769.37,
                        "Plan Rows": 1632,
                        "Plan Width": 44,
                        "Actual Startup Time": 3471.378,
                        "Actual Total Time": 4769.909,
                        "Actual Rows": 645811,
                        "Actual Loops": 5,
                        "Inner Unique": false,
                        "Join Filter": "(t.id = mc.movie_id)",
                        "Rows Removed by Join Filter": 0,
                        "Plans": [
                          {
                            "Node Type": "Nested Loop",
                            "Parent Relationship": "Outer",
                            "Parallel Aware": false,
                            "Join Type": "Inner",
                            "Startup Cost": 132890.56,
                            "Total Cost": 192577.81,
                            "Plan Rows": 326,
                            "Plan Width": 52,
                            "Actual Startup Time": 3470.619,
                            "Actual Total Time": 4441.396,
                            "Actual Rows": 68367,
                            "Actual Loops": 5,
                            "Inner Unique": true,
                            "Plans": [
                              {
                                "Node Type": "Hash Join",
                                "Parent Relationship": "Outer",
                                "Parallel Aware": false,
                                "Join Type": "Inner",
                                "Startup Cost": 132890.13,
                                "Total Cost": 192363.87,
                                "Plan Rows": 326,
                                "Plan Width": 56,
                                "Actual Startup Time": 3470.46,
                                "Actual Total Time": 4203.53,
                                "Actual Rows": 74309,
                                "Actual Loops": 5,
                                "Inner Unique": true,
                                "Hash Cond": "(mi.info_type_id = it.id)",
                                "Plans": [
                                  {
                                    "Node Type": "Nested Loop",
                                    "Parent Relationship": "Outer",
                                    "Parallel Aware": false,
                                    "Join Type": "Inner",
                                    "Startup Cost": 132887.71,
                                    "Total Cost": 192261.03,
                                    "Plan Rows": 36872,
                                    "Plan Width": 60,
                                    "Actual Startup Time": 3469.909,
                                    "Actual Total Time": 4162.762,
                                    "Actual Rows": 354151,
                                    "Actual Loops": 5,
                                    "Inner Unique": false,
                                    "Plans": [
                                      {
                                        "Node Type": "Nested Loop",
                                        "Parent Relationship": "Outer",
                                        "Parallel Aware": false,
                                        "Join Type": "Inner",
                                        "Startup Cost": 132887.27,
                                        "Total Cost": 187006.98,
                                        "Plan Rows": 2405,
                                        "Plan Width": 52,
                                        "Actual Startup Time": 3469.762,
                                        "Actual Total Time": 3817.636,
                                        "Actual Rows": 33653,
                                        "Actual Loops": 5,
                                        "Inner Unique": true,
                                        "Plans": [
                                          {
                                            "Node Type": "Hash Join",
                                            "Parent Relationship": "Outer",
                                            "Parallel Aware": false,
                                            "Join Type": "Inner",
                                            "Startup Cost": 132886.84,
                                            "Total Cost": 179062.93,
                                            "Plan Rows": 10464,
                                            "Plan Width": 33,
                                            "Actual Startup Time": 3469.626,
                                            "Actual Total Time": 3677.735,
                                            "Actual Rows": 33681,
                                            "Actual Loops": 5,
                                            "Inner Unique": false,
                                            "Hash Cond": "(t.id = ci.movie_id)",
                                            "Plans": [
                                              {
                                                "Node Type": "Seq Scan",
                                                "Parent Relationship": "Outer",
                                                "Parallel Aware": true,
                                                "Relation Name": "title",
                                                "Alias": "t",
                                                "Startup Cost": 0.0,
                                                "Total Cost": 43899.59,
                                                "Plan Rows": 347497,
                                                "Plan Width": 21,
                                                "Actual Startup Time": 0.066,
                                                "Actual Total Time": 98.965,
                                                "Actual Rows": 276291,
                                                "Actual Loops": 5,
                                                "Filter": "(production_year > 2000)",
                                                "Rows Removed by Filter": 229372
                                              },
                                              {
                                                "Node Type": "Hash",
                                                "Parent Relationship": "Inner",
                                                "Parallel Aware": false,
                                                "Startup Cost": 131935.08,
                                                "Total Cost": 131935.08,
                                                "Plan Rows": 76141,
                                                "Plan Width": 12,
                                                "Actual Startup Time": 3467.919,
                                                "Actual Total Time": 3467.921,
                                                "Actual Rows": 276166,
                                                "Actual Loops": 5,
                                                "Hash Buckets": 524288,
                                                "Original Hash Buckets": 131072,
                                                "Hash Batches": 1,
                                                "Original Hash Batches": 1,
                                                "Peak Memory Usage": 15883,
                                                "Plans": [
                                                  {
                                                    "Node Type": "Nested Loop",
                                                    "Parent Relationship": "Outer",
                                                    "Parallel Aware": false,
                                                    "Join Type": "Inner",
                                                    "Startup Cost": 0.56,
                                                    "Total Cost": 131935.08,
                                                    "Plan Rows": 76141,
                                                    "Plan Width": 12,
                                                    "Actual Startup Time": 0.713,
                                                    "Actual Total Time": 3340.837,
                                                    "Actual Rows": 276166,
                                                    "Actual Loops": 5,
                                                    "Inner Unique": false,
                                                    "Plans": [
                                                      {
                                                        "Node Type": "Seq Scan",
                                                        "Parent Relationship": "Outer",
                                                        "Parallel Aware": false,
                                                        "Relation Name": "role_type",
                                                        "Alias": "rt",
                                                        "Startup Cost": 0.0,
                                                        "Total Cost": 1.15,
                                                        "Plan Rows": 1,
                                                        "Plan Width": 4,
                                                        "Actual Startup Time": 0.08,
                                                        "Actual Total Time": 0.084,
                                                        "Actual Rows": 1,
                                                        "Actual Loops": 5,
                                                        "Filter": "((role)::text = 'actress'::text)",
                                                        "Rows Removed by Filter": 11
                                                      },
                                                      {
                                                        "Node Type": "Index Scan",
                                                        "Parent Relationship": "Inner",
                                                        "Parallel Aware": false,
                                                        "Scan Direction": "Forward",
                                                        "Index Name": "role_id_cast_info",
                                                        "Relation Name": "cast_info",
                                                        "Alias": "ci",
                                                        "Startup Cost": 0.56,
                                                        "Total Cost": 131103.3,
                                                        "Plan Rows": 83063,
                                                        "Plan Width": 16,
                                                        "Actual Startup Time": 0.625,
                                                        "Actual Total Time": 3308.107,
                                                        "Actual Rows": 276166,
                                                        "Actual Loops": 5,
                                                        "Index Cond": "(role_id = rt.id)",
                                                        "Rows Removed by Index Recheck": 0,
                                                        "Filter": "(note = ANY ('{(voice),\"(voice: Japanese version)\",\"(voice) (uncredited)\",\"(voice: English version)\"}'::text[]))",
                                                        "Rows Removed by Filter": 7175807
                                                      }
                                                    ]
                                                  }
                                                ]
                                              }
                                            ]
                                          },
                                          {
                                            "Node Type": "Index Scan",
                                            "Parent Relationship": "Inner",
                                            "Parallel Aware": false,
                                            "Scan Direction": "Forward",
                                            "Index Name": "name_pkey",
                                            "Relation Name": "name",
                                            "Alias": "n",
                                            "Startup Cost": 0.43,
                                            "Total Cost": 0.76,
                                            "Plan Rows": 1,
                                            "Plan Width": 19,
                                            "Actual Startup Time": 0.004,
                                            "Actual Total Time": 0.004,
                                            "Actual Rows": 1,
                                            "Actual Loops": 168407,
                                            "Index Cond": "(id = ci.person_id)",
                                            "Rows Removed by Index Recheck": 0,
                                            "Filter": "((gender)::text = 'f'::text)",
                                            "Rows Removed by Filter": 0
                                          }
                                        ]
                                      },
                                      {
                                        "Node Type": "Index Scan",
                                        "Parent Relationship": "Inner",
                                        "Parallel Aware": false,
                                        "Scan Direction": "Forward",
                                        "Index Name": "movie_id_movie_info",
                                        "Relation Name": "movie_info",
                                        "Alias": "mi",
                                        "Startup Cost": 0.43,
                                        "Total Cost": 1.77,
                                        "Plan Rows": 41,
                                        "Plan Width": 8,
                                        "Actual Startup Time": 0.004,
                                        "Actual Total Time": 0.009,
                                        "Actual Rows": 11,
                                        "Actual Loops": 168264,
                                        "Index Cond": "(movie_id = t.id)",
                                        "Rows Removed by Index Recheck": 0
                                      }
                                    ]
                                  },
                                  {
                                    "Node Type": "Hash",
                                    "Parent Relationship": "Inner",
                                    "Parallel Aware": false,
                                    "Startup Cost": 2.41,
                                    "Total Cost": 2.41,
                                    "Plan Rows": 1,
                                    "Plan Width": 4,
                                    "Actual Startup Time": 0.141,
                                    "Actual Total Time": 0.142,
                                    "Actual Rows": 1,
                                    "Actual Loops": 5,
                                    "Hash Buckets": 1024,
                                    "Original Hash Buckets": 1024,
                                    "Hash Batches": 1,
                                    "Original Hash Batches": 1,
                                    "Peak Memory Usage": 9,
                                    "Plans": [
                                      {
                                        "Node Type": "Seq Scan",
                                        "Parent Relationship": "Outer",
                                        "Parallel Aware": false,
                                        "Relation Name": "info_type",
                                        "Alias": "it",
                                        "Startup Cost": 0.0,
                                        "Total Cost": 2.41,
                                        "Plan Rows": 1,
                                        "Plan Width": 4,
                                        "Actual Startup Time": 0.091,
                                        "Actual Total Time": 0.109,
                                        "Actual Rows": 1,
                                        "Actual Loops": 5,
                                        "Filter": "((info)::text = 'release dates'::text)",
                                        "Rows Removed by Filter": 112
                                      }
                                    ]
                                  }
                                ]
                              },
                              {
                                "Node Type": "Index Only Scan",
                                "Parent Relationship": "Inner",
                                "Parallel Aware": false,
                                "Scan Direction": "Forward",
                                "Index Name": "char_name_pkey",
                                "Relation Name": "char_name",
                                "Alias": "chn",
                                "Startup Cost": 0.43,
                                "Total Cost": 0.66,
                                "Plan Rows": 1,
                                "Plan Width": 4,
                                "Actual Startup Time": 0.003,
                                "Actual Total Time": 0.003,
                                "Actual Rows": 1,
                                "Actual Loops": 371543,
                                "Index Cond": "(id = ci.person_role_id)",
                                "Rows Removed by Index Recheck": 0,
                                "Heap Fetches": 341836
                              }
                            ]
                          },
                          {
                            "Node Type": "Index Scan",
                            "Parent Relationship": "Inner",
                            "Parallel Aware": false,
                            "Scan Direction": "Forward",
                            "Index Name": "movie_id_movie_companies",
                            "Relation Name": "movie_companies",
                            "Alias": "mc",
                            "Startup Cost": 0.43,
                            "Total Cost": 0.53,
                            "Plan Rows": 5,
                            "Plan Width": 8,
                            "Actual Startup Time": 0.002,
                            "Actual Total Time": 0.003,
                            "Actual Rows": 9,
                            "Actual Loops": 341836,
                            "Index Cond": "(movie_id = mi.movie_id)",
                            "Rows Removed by Index Recheck": 0
                          }
                        ]
                      },
                      {
                        "Node Type": "Index Scan",
                        "Parent Relationship": "Inner",
                        "Parallel Aware": false,
                        "Scan Direction": "Forward",
                        "Index Name": "company_name_pkey",
                        "Relation Name": "company_name",
                        "Alias": "cn",
                        "Startup Cost": 0.42,
                        "Total Cost": 0.45,
                        "Plan Rows": 1,
                        "Plan Width": 4,
                        "Actual Startup Time": 0.002,
                        "Actual Total Time": 0.002,
                        "Actual Rows": 0,
                        "Actual Loops": 3229056,
                        "Index Cond": "(id = mc.company_id)",
                        "Rows Removed by Index Recheck": 0,
                        "Filter": "((country_code)::text = '[us]'::text)",
                        "Rows Removed by Filter": 1
                      }
                    ]
                  },
                  {
                    "Node Type": "Index Only Scan",
                    "Parent Relationship": "Inner",
                    "Parallel Aware": false,
                    "Scan Direction": "Forward",
                    "Index Name": "person_id_aka_name",
                    "Relation Name": "aka_name",
                    "Alias": "an",
                    "Startup Cost": 0.42,
                    "Total Cost": 0.52,
                    "Plan Rows": 2,
                    "Plan Width": 4,
                    "Actual Startup Time": 0.001,
                    "Actual Total Time": 0.002,
                    "Actual Rows": 2,
                    "Actual Loops": 787043,
                    "Index Cond": "(person_id = n.id)",
                    "Rows Removed by Index Recheck": 0,
                    "Heap Fetches": 1760645
                  }
                ]
              }
            ]
          }
        ]
      }
    ]
  },
  "Planning Time": 45.594,
  "Triggers": [],
  "Execution Time": 6494.186
}