[
  {
    "Plan": {
      "Node Type": "Aggregate",
      "Strategy": "Plain",
      "Partial Mode": "Finalize",
      "Parallel Aware": false,
      "Startup Cost": 61560.19,
      "Total Cost": 61560.2,
      "Plan Rows": 1,
      "Plan Width": 8,
      "Actual Startup Time": 133.977,
      "Actual Total Time": 145.283,
      "Actual Rows": 1,
      "Actual Loops": 1,
      "Plans": [
        {
          "Node Type": "Gather",
          "Parent Relationship": "Outer",
          "Parallel Aware": false,
          "Startup Cost": 61559.87,
          "Total Cost": 61560.18,
          "Plan Rows": 3,
          "Plan Width": 8,
          "Actual Startup Time": 133.364,
          "Actual Total Time": 145.272,
          "Actual Rows": 4,
          "Actual Loops": 1,
          "Workers Planned": 3,
          "Workers Launched": 3,
          "Single Copy": false,
          "Plans": [
            {
              "Node Type": "Aggregate",
              "Strategy": "Plain",
              "Partial Mode": "Partial",
              "Parent Relationship": "Outer",
              "Parallel Aware": false,
              "Startup Cost": 60559.87,
              "Total Cost": 60559.88,
              "Plan Rows": 1,
              "Plan Width": 8,
              "Actual Startup Time": 126.015,
              "Actual Total Time": 126.018,
              "Actual Rows": 1,
              "Actual Loops": 4,
              "Plans": [
                {
                  "Node Type": "Nested Loop",
                  "Parent Relationship": "Outer",
                  "Parallel Aware": false,
                  "Join Type": "Inner",
                  "Startup Cost": 46257.74,
                  "Total Cost": 60550.59,
                  "Plan Rows": 3713,
                  "Plan Width": 0,
                  "Actual Startup Time": 106.721,
                  "Actual Total Time": 125.994,
                  "Actual Rows": 251,
                  "Actual Loops": 4,
                  "Inner Unique": false,
                  "Plans": [
                    {
                      "Node Type": "Hash Join",
                      "Parent Relationship": "Outer",
                      "Parallel Aware": true,
                      "Join Type": "Inner",
                      "Startup Cost": 46257.31,
                      "Total Cost": 55530.03,
                      "Plan Rows": 6803,
                      "Plan Width": 8,
                      "Actual Startup Time": 105.751,
                      "Actual Total Time": 124.001,
                      "Actual Rows": 388,
                      "Actual Loops": 4,
                      "Inner Unique": true,
                      "Hash Cond": "(ci.movie_id = t.id)",
                      "Plans": [
                        {
                          "Node Type": "Index Scan",
                          "Parent Relationship": "Outer",
                          "Parallel Aware": true,
                          "Scan Direction": "Forward",
                          "Index Name": "role_id_cast_info",
                          "Relation Name": "cast_info",
                          "Alias": "ci",
                          "Startup Cost": 0.56,
                          "Total Cost": 9091.72,
                          "Plan Rows": 69165,
                          "Plan Width": 4,
                          "Actual Startup Time": 0.336,
                          "Actual Total Time": 14.843,
                          "Actual Rows": 20557,
                          "Actual Loops": 4,
                          "Index Cond": "(role_id > 10)",
                          "Rows Removed by Index Recheck": 0,
                          "Filter": "(person_id < 2550237)",
                          "Rows Removed by Filter": 58472
                        },
                        {
                          "Node Type": "Hash",
                          "Parent Relationship": "Inner",
                          "Parallel Aware": true,
                          "Startup Cost": 45479.59,
                          "Total Cost": 45479.59,
                          "Plan Rows": 62173,
                          "Plan Width": 4,
                          "Actual Startup Time": 102.728,
                          "Actual Total Time": 102.728,
                          "Actual Rows": 32482,
                          "Actual Loops": 4,
                          "Hash Buckets": 262144,
                          "Original Hash Buckets": 262144,
                          "Hash Batches": 1,
                          "Original Hash Batches": 1,
                          "Peak Memory Usage": 7200,
                          "Plans": [
                            {
                              "Node Type": "Seq Scan",
                              "Parent Relationship": "Outer",
                              "Parallel Aware": true,
                              "Relation Name": "title",
                              "Alias": "t",
                              "Startup Cost": 0.0,
                              "Total Cost": 45479.59,
                              "Plan Rows": 62173,
                              "Plan Width": 4,
                              "Actual Startup Time": 0.037,
                              "Actual Total Time": 91.114,
                              "Actual Rows": 32482,
                              "Actual Loops": 4,
                              "Filter": "((kind_id > 1) AND (production_year < 1969))",
                              "Rows Removed by Filter": 599596
                            }
                          ]
                        }
                      ]
                    },
                    {
                      "Node Type": "Index Only Scan",
                      "Parent Relationship": "Inner",
                      "Parallel Aware": false,
                      "Scan Direction": "Forward",
                      "Index Name": "movie_id_movie_info_idx",
                      "Relation Name": "movie_info_idx",
                      "Alias": "mi_idx",
                      "Startup Cost": 0.43,
                      "Total Cost": 0.71,
                      "Plan Rows": 3,
                      "Plan Width": 4,
                      "Actual Startup Time": 0.005,
                      "Actual Total Time": 0.005,
                      "Actual Rows": 1,
                      "Actual Loops": 1554,
                      "Index Cond": "(movie_id = t.id)",
                      "Rows Removed by Index Recheck": 0,
                      "Heap Fetches": 1005
                    }
                  ]
                }
              ]
            }
          ]
        }
      ]
    },
    "Planning Time": 0.672,
    "Triggers": [],
    "Execution Time": 145.334
  }
]