[
    {
        "Bao": {
            "Bao prediction": 671.981,
            "Bao recommended hint": "(no hint)"
        }
    },
    {
        "Plan": {
            "Node Type": "Aggregate",
            "Strategy": "Plain",
            "Partial Mode": "Finalize",
            "Parallel Aware": false,
            "Startup Cost": 245814.43,
            "Total Cost": 245814.44,
            "Plan Rows": 1,
            "Plan Width": 8,
            "Actual Startup Time": 497.062,
            "Actual Total Time": 513.998,
            "Actual Rows": 1,
            "Actual Loops": 1,
            "Output": [
                "count(*)"
            ],
            "Plans": [
                {
                    "Node Type": "Gather",
                    "Parent Relationship": "Outer",
                    "Parallel Aware": false,
                    "Startup Cost": 245813.91,
                    "Total Cost": 245814.42,
                    "Plan Rows": 5,
                    "Plan Width": 8,
                    "Actual Startup Time": 487.045,
                    "Actual Total Time": 513.988,
                    "Actual Rows": 6,
                    "Actual Loops": 1,
                    "Output": [
                        "(PARTIAL count(*))"
                    ],
                    "Workers Planned": 5,
                    "Workers Launched": 5,
                    "Single Copy": false,
                    "Plans": [
                        {
                            "Node Type": "Aggregate",
                            "Strategy": "Plain",
                            "Partial Mode": "Partial",
                            "Parent Relationship": "Outer",
                            "Parallel Aware": false,
                            "Startup Cost": 244813.91,
                            "Total Cost": 244813.92,
                            "Plan Rows": 1,
                            "Plan Width": 8,
                            "Actual Startup Time": 472.511,
                            "Actual Total Time": 472.526,
                            "Actual Rows": 1,
                            "Actual Loops": 6,
                            "Output": [
                                "PARTIAL count(*)"
                            ],
                            "Workers": [
                                {
                                    "Worker Number": 0,
                                    "Actual Startup Time": 470.849,
                                    "Actual Total Time": 470.852,
                                    "Actual Rows": 1,
                                    "Actual Loops": 1
                                },
                                {
                                    "Worker Number": 1,
                                    "Actual Startup Time": 469.435,
                                    "Actual Total Time": 469.439,
                                    "Actual Rows": 1,
                                    "Actual Loops": 1
                                },
                                {
                                    "Worker Number": 2,
                                    "Actual Startup Time": 469.451,
                                    "Actual Total Time": 469.455,
                                    "Actual Rows": 1,
                                    "Actual Loops": 1
                                },
                                {
                                    "Worker Number": 3,
                                    "Actual Startup Time": 469.452,
                                    "Actual Total Time": 469.455,
                                    "Actual Rows": 1,
                                    "Actual Loops": 1
                                },
                                {
                                    "Worker Number": 4,
                                    "Actual Startup Time": 469.64,
                                    "Actual Total Time": 469.643,
                                    "Actual Rows": 1,
                                    "Actual Loops": 1
                                }
                            ],
                            "Plans": [
                                {
                                    "Node Type": "Hash Join",
                                    "Parent Relationship": "Outer",
                                    "Parallel Aware": true,
                                    "Join Type": "Inner",
                                    "Startup Cost": 77607.96,
                                    "Total Cost": 244242.91,
                                    "Plan Rows": 228399,
                                    "Plan Width": 0,
                                    "Actual Startup Time": 325.938,
                                    "Actual Total Time": 460.101,
                                    "Actual Rows": 174667,
                                    "Actual Loops": 6,
                                    "Inner Unique": true,
                                    "Hash Cond": "(mi.movie_id = t.id)",
                                    "Workers": [
                                        {
                                            "Worker Number": 0,
                                            "Actual Startup Time": 322.999,
                                            "Actual Total Time": 457.869,
                                            "Actual Rows": 166123,
                                            "Actual Loops": 1
                                        },
                                        {
                                            "Worker Number": 1,
                                            "Actual Startup Time": 323.089,
                                            "Actual Total Time": 456.546,
                                            "Actual Rows": 164771,
                                            "Actual Loops": 1
                                        },
                                        {
                                            "Worker Number": 2,
                                            "Actual Startup Time": 323.355,
                                            "Actual Total Time": 457.546,
                                            "Actual Rows": 214531,
                                            "Actual Loops": 1
                                        },
                                        {
                                            "Worker Number": 3,
                                            "Actual Startup Time": 323.281,
                                            "Actual Total Time": 456.514,
                                            "Actual Rows": 166368,
                                            "Actual Loops": 1
                                        },
                                        {
                                            "Worker Number": 4,
                                            "Actual Startup Time": 323.37,
                                            "Actual Total Time": 457.432,
                                            "Actual Rows": 153912,
                                            "Actual Loops": 1
                                        }
                                    ],
                                    "Plans": [
                                        {
                                            "Node Type": "Bitmap Heap Scan",
                                            "Parent Relationship": "Outer",
                                            "Parallel Aware": true,
                                            "Relation Name": "movie_info",
                                            "Schema": "public",
                                            "Alias": "mi",
                                            "Startup Cost": 27829.04,
                                            "Total Cost": 193658.37,
                                            "Plan Rows": 306906,
                                            "Plan Width": 4,
                                            "Actual Startup Time": 77.183,
                                            "Actual Total Time": 117.725,
                                            "Actual Rows": 255652,
                                            "Actual Loops": 6,
                                            "Output": [
                                                "mi.id",
                                                "mi.movie_id",
                                                "mi.info_type_id",
                                                "mi.info",
                                                "mi.note"
                                            ],
                                            "Recheck Cond": "(mi.info_type_id = 3)",
                                            "Rows Removed by Index Recheck": 0,
                                            "Exact Heap Blocks": 1687,
                                            "Lossy Heap Blocks": 0,
                                            "Workers": [
                                                {
                                                    "Worker Number": 0,
                                                    "Actual Startup Time": 76.997,
                                                    "Actual Total Time": 118.365,
                                                    "Actual Rows": 242598,
                                                    "Actual Loops": 1
                                                },
                                                {
                                                    "Worker Number": 1,
                                                    "Actual Startup Time": 77.21,
                                                    "Actual Total Time": 118.66,
                                                    "Actual Rows": 240388,
                                                    "Actual Loops": 1
                                                },
                                                {
                                                    "Worker Number": 2,
                                                    "Actual Startup Time": 77.395,
                                                    "Actual Total Time": 116.851,
                                                    "Actual Rows": 317030,
                                                    "Actual Loops": 1
                                                },
                                                {
                                                    "Worker Number": 3,
                                                    "Actual Startup Time": 77.281,
                                                    "Actual Total Time": 118.618,
                                                    "Actual Rows": 243079,
                                                    "Actual Loops": 1
                                                },
                                                {
                                                    "Worker Number": 4,
                                                    "Actual Startup Time": 77.273,
                                                    "Actual Total Time": 119.48,
                                                    "Actual Rows": 226012,
                                                    "Actual Loops": 1
                                                }
                                            ],
                                            "Plans": [
                                                {
                                                    "Node Type": "Bitmap Index Scan",
                                                    "Parent Relationship": "Outer",
                                                    "Parallel Aware": false,
                                                    "Index Name": "info_type_id_movie_info",
                                                    "Startup Cost": 0.0,
                                                    "Total Cost": 27445.41,
                                                    "Plan Rows": 1534530,
                                                    "Plan Width": 0,
                                                    "Actual Startup Time": 74.734,
                                                    "Actual Total Time": 74.734,
                                                    "Actual Rows": 1533909,
                                                    "Actual Loops": 1,
                                                    "Index Cond": "(mi.info_type_id = 3)"
                                                }
                                            ]
                                        },
                                        {
                                            "Node Type": "Hash",
                                            "Parent Relationship": "Inner",
                                            "Parallel Aware": true,
                                            "Startup Cost": 43899.01,
                                            "Total Cost": 43899.01,
                                            "Plan Rows": 470393,
                                            "Plan Width": 4,
                                            "Actual Startup Time": 243.014,
                                            "Actual Total Time": 243.027,
                                            "Actual Rows": 314628,
                                            "Actual Loops": 6,
                                            "Output": [
                                                "t.id"
                                            ],
                                            "Hash Buckets": 2097152,
                                            "Original Hash Buckets": 2097152,
                                            "Hash Batches": 1,
                                            "Original Hash Batches": 1,
                                            "Peak Memory Usage": 90336,
                                            "Workers": [
                                                {
                                                    "Worker Number": 0,
                                                    "Actual Startup Time": 245.363,
                                                    "Actual Total Time": 245.363,
                                                    "Actual Rows": 290798,
                                                    "Actual Loops": 1
                                                },
                                                {
                                                    "Worker Number": 1,
                                                    "Actual Startup Time": 245.316,
                                                    "Actual Total Time": 245.317,
                                                    "Actual Rows": 289160,
                                                    "Actual Loops": 1
                                                },
                                                {
                                                    "Worker Number": 2,
                                                    "Actual Startup Time": 245.282,
                                                    "Actual Total Time": 245.283,
                                                    "Actual Rows": 379454,
                                                    "Actual Loops": 1
                                                },
                                                {
                                                    "Worker Number": 3,
                                                    "Actual Startup Time": 245.341,
                                                    "Actual Total Time": 245.341,
                                                    "Actual Rows": 292864,
                                                    "Actual Loops": 1
                                                },
                                                {
                                                    "Worker Number": 4,
                                                    "Actual Startup Time": 245.489,
                                                    "Actual Total Time": 245.49,
                                                    "Actual Rows": 273767,
                                                    "Actual Loops": 1
                                                }
                                            ],
                                            "Plans": [
                                                {
                                                    "Node Type": "Seq Scan",
                                                    "Parent Relationship": "Outer",
                                                    "Parallel Aware": true,
                                                    "Relation Name": "title",
                                                    "Schema": "public",
                                                    "Alias": "t",
                                                    "Startup Cost": 0.0,
                                                    "Total Cost": 43899.01,
                                                    "Plan Rows": 470393,
                                                    "Plan Width": 4,
                                                    "Actual Startup Time": 0.034,
                                                    "Actual Total Time": 98.468,
                                                    "Actual Rows": 314628,
                                                    "Actual Loops": 6,
                                                    "Output": [
                                                        "t.id"
                                                    ],
                                                    "Filter": "(t.production_year > 1983)",
                                                    "Rows Removed by Filter": 106757,
                                                    "Workers": [
                                                        {
                                                            "Worker Number": 0,
                                                            "Actual Startup Time": 0.036,
                                                            "Actual Total Time": 101.793,
                                                            "Actual Rows": 290798,
                                                            "Actual Loops": 1
                                                        },
                                                        {
                                                            "Worker Number": 1,
                                                            "Actual Startup Time": 0.038,
                                                            "Actual Total Time": 101.757,
                                                            "Actual Rows": 289160,
                                                            "Actual Loops": 1
                                                        },
                                                        {
                                                            "Worker Number": 2,
                                                            "Actual Startup Time": 0.05,
                                                            "Actual Total Time": 96.4,
                                                            "Actual Rows": 379454,
                                                            "Actual Loops": 1
                                                        },
                                                        {
                                                            "Worker Number": 3,
                                                            "Actual Startup Time": 0.027,
                                                            "Actual Total Time": 102.15,
                                                            "Actual Rows": 292864,
                                                            "Actual Loops": 1
                                                        },
                                                        {
                                                            "Worker Number": 4,
                                                            "Actual Startup Time": 0.042,
                                                            "Actual Total Time": 101.462,
                                                            "Actual Rows": 273767,
                                                            "Actual Loops": 1
                                                        }
                                                    ]
                                                }
                                            ]
                                        }
                                    ]
                                }
                            ]
                        }
                    ]
                }
            ]
        },
        "Planning Time": 3290.488,
        "Triggers": [],
        "Execution Time": 514.128
    }
]