[
  {
    "Plan": {
      "Node Type": "Aggregate",
      "Strategy": "Plain",
      "Partial Mode": "Finalize",
      "Parallel Aware": false,
      "Startup Cost": 69513.75,
      "Total Cost": 69513.76,
      "Plan Rows": 1,
      "Plan Width": 8,
      "Actual Startup Time": 205.612,
      "Actual Total Time": 216.849,
      "Actual Rows": 1,
      "Actual Loops": 1,
      "Plans": [
        {
          "Node Type": "Gather",
          "Parent Relationship": "Outer",
          "Parallel Aware": false,
          "Startup Cost": 69513.43,
          "Total Cost": 69513.74,
          "Plan Rows": 3,
          "Plan Width": 8,
          "Actual Startup Time": 204.776,
          "Actual Total Time": 216.839,
          "Actual Rows": 4,
          "Actual Loops": 1,
          "Workers Planned": 3,
          "Workers Launched": 3,
          "Single Copy": false,
          "Plans": [
            {
              "Node Type": "Aggregate",
              "Strategy": "Plain",
              "Partial Mode": "Partial",
              "Parent Relationship": "Outer",
              "Parallel Aware": false,
              "Startup Cost": 68513.43,
              "Total Cost": 68513.44,
              "Plan Rows": 1,
              "Plan Width": 8,
              "Actual Startup Time": 198.675,
              "Actual Total Time": 198.679,
              "Actual Rows": 1,
              "Actual Loops": 4,
              "Plans": [
                {
                  "Node Type": "Hash Join",
                  "Parent Relationship": "Outer",
                  "Parallel Aware": true,
                  "Join Type": "Inner",
                  "Startup Cost": 39003.23,
                  "Total Cost": 68419.12,
                  "Plan Rows": 37725,
                  "Plan Width": 0,
                  "Actual Startup Time": 79.138,
                  "Actual Total Time": 196.777,
                  "Actual Rows": 39743,
                  "Actual Loops": 4,
                  "Inner Unique": true,
                  "Hash Cond": "(mc.movie_id = t.id)",
                  "Plans": [
                    {
                      "Node Type": "Seq Scan",
                      "Parent Relationship": "Outer",
                      "Parallel Aware": true,
                      "Relation Name": "movie_companies",
                      "Alias": "mc",
                      "Startup Cost": 0.0,
                      "Total Cost": 27206.55,
                      "Plan Rows": 841655,
                      "Plan Width": 4,
                      "Actual Startup Time": 0.008,
                      "Actual Total Time": 59.856,
                      "Actual Rows": 652282,
                      "Actual Loops": 4
                    },
                    {
                      "Node Type": "Hash",
                      "Parent Relationship": "Inner",
                      "Parallel Aware": true,
                      "Startup Cost": 38649.06,
                      "Total Cost": 38649.06,
                      "Plan Rows": 28333,
                      "Plan Width": 4,
                      "Actual Startup Time": 52.395,
                      "Actual Total Time": 52.397,
                      "Actual Rows": 29480,
                      "Actual Loops": 4,
                      "Hash Buckets": 131072,
                      "Original Hash Buckets": 131072,
                      "Hash Batches": 1,
                      "Original Hash Batches": 1,
                      "Peak Memory Usage": 5728,
                      "Plans": [
                        {
                          "Node Type": "Bitmap Heap Scan",
                          "Parent Relationship": "Outer",
                          "Parallel Aware": true,
                          "Relation Name": "title",
                          "Alias": "t",
                          "Startup Cost": 2195.63,
                          "Total Cost": 38649.06,
                          "Plan Rows": 28333,
                          "Plan Width": 4,
                          "Actual Startup Time": 8.236,
                          "Actual Total Time": 41.438,
                          "Actual Rows": 29480,
                          "Actual Loops": 4,
                          "Recheck Cond": "(kind_id = 4)",
                          "Rows Removed by Index Recheck": 0,
                          "Filter": "(production_year > 1924)",
                          "Rows Removed by Filter": 78,
                          "Exact Heap Blocks": 6875,
                          "Lossy Heap Blocks": 0,
                          "Plans": [
                            {
                              "Node Type": "Bitmap Index Scan",
                              "Parent Relationship": "Outer",
                              "Parallel Aware": false,
                              "Index Name": "kind_id_title",
                              "Startup Cost": 0.0,
                              "Total Cost": 2167.3,
                              "Plan Rows": 121449,
                              "Plan Width": 0,
                              "Actual Startup Time": 8.945,
                              "Actual Total Time": 8.945,
                              "Actual Rows": 118234,
                              "Actual Loops": 1,
                              "Index Cond": "(kind_id = 4)"
                            }
                          ]
                        }
                      ]
                    }
                  ]
                }
              ]
            }
          ]
        }
      ]
    },
    "Planning Time": 0.341,
    "Triggers": [],
    "Execution Time": 216.919
  }
]