{
  "Plan": {
    "Node Type": "Aggregate",
    "Strategy": "Plain",
    "Partial Mode": "Finalize",
    "Parallel Aware": false,
    "Startup Cost": 397348.07,
    "Total Cost": 397348.08,
    "Plan Rows": 1,
    "Plan Width": 8,
    "Actual Startup Time": 3572.543,
    "Actual Total Time": 3628.944,
    "Actual Rows": 1,
    "Actual Loops": 1,
    "Plans": [
      {
        "Node Type": "Gather",
        "Parent Relationship": "Outer",
        "Parallel Aware": false,
        "Startup Cost": 397347.96,
        "Total Cost": 397348.07,
        "Plan Rows": 1,
        "Plan Width": 8,
        "Actual Startup Time": 3569.202,
        "Actual Total Time": 3628.933,
        "Actual Rows": 2,
        "Actual Loops": 1,
        "Workers Planned": 1,
        "Workers Launched": 1,
        "Single Copy": false,
        "Plans": [
          {
            "Node Type": "Aggregate",
            "Strategy": "Plain",
            "Partial Mode": "Partial",
            "Parent Relationship": "Outer",
            "Parallel Aware": false,
            "Startup Cost": 396347.96,
            "Total Cost": 396347.97,
            "Plan Rows": 1,
            "Plan Width": 8,
            "Actual Startup Time": 3561.838,
            "Actual Total Time": 3562.441,
            "Actual Rows": 1,
            "Actual Loops": 2,
            "Plans": [
              {
                "Node Type": "Hash Join",
                "Parent Relationship": "Outer",
                "Parallel Aware": true,
                "Join Type": "Inner",
                "Startup Cost": 108434.26,
                "Total Cost": 394455.02,
                "Plan Rows": 757176,
                "Plan Width": 0,
                "Actual Startup Time": 519.444,
                "Actual Total Time": 3029.608,
                "Actual Rows": 13698328,
                "Actual Loops": 2,
                "Inner Unique": false,
                "Hash Cond": "(mi.movie_id = t.id)",
                "Plans": [
                  {
                    "Node Type": "Seq Scan",
                    "Parent Relationship": "Outer",
                    "Parallel Aware": true,
                    "Relation Name": "movie_info",
                    "Alias": "mi",
                    "Startup Cost": 0.0,
                    "Total Cost": 248955.74,
                    "Plan Rows": 8696274,
                    "Plan Width": 4,
                    "Actual Startup Time": 0.016,
                    "Actual Total Time": 618.3,
                    "Actual Rows": 7417860,
                    "Actual Loops": 2
                  },
                  {
                    "Node Type": "Hash",
                    "Parent Relationship": "Inner",
                    "Parallel Aware": true,
                    "Startup Cost": 106815.61,
                    "Total Cost": 106815.61,
                    "Plan Rows": 129492,
                    "Plan Width": 8,
                    "Actual Startup Time": 514.535,
                    "Actual Total Time": 515.136,
                    "Actual Rows": 248250,
                    "Actual Loops": 2,
                    "Hash Buckets": 524288,
                    "Original Hash Buckets": 262144,
                    "Hash Batches": 1,
                    "Original Hash Batches": 1,
                    "Peak Memory Usage": 25600,
                    "Plans": [
                      {
                        "Node Type": "Hash Join",
                        "Parent Relationship": "Outer",
                        "Parallel Aware": true,
                        "Join Type": "Inner",
                        "Startup Cost": 75793.65,
                        "Total Cost": 106815.61,
                        "Plan Rows": 129492,
                        "Plan Width": 8,
                        "Actual Startup Time": 284.291,
                        "Actual Total Time": 461.532,
                        "Actual Rows": 248250,
                        "Actual Loops": 2,
                        "Inner Unique": true,
                        "Hash Cond": "(mk.movie_id = t.id)",
                        "Plans": [
                          {
                            "Node Type": "Bitmap Heap Scan",
                            "Parent Relationship": "Outer",
                            "Parallel Aware": true,
                            "Relation Name": "movie_keyword",
                            "Alias": "mk",
                            "Startup Cost": 15661.61,
                            "Total Cost": 45543.68,
                            "Plan Rows": 434245,
                            "Plan Width": 4,
                            "Actual Startup Time": 39.478,
                            "Actual Total Time": 121.782,
                            "Actual Rows": 375278,
                            "Actual Loops": 2,
                            "Recheck Cond": "(keyword_id < 683)",
                            "Rows Removed by Index Recheck": 0,
                            "Exact Heap Blocks": 13368,
                            "Lossy Heap Blocks": 0,
                            "Plans": [
                              {
                                "Node Type": "Bitmap Index Scan",
                                "Parent Relationship": "Outer",
                                "Parallel Aware": false,
                                "Index Name": "keyword_id_movie_keyword",
                                "Startup Cost": 0.0,
                                "Total Cost": 15477.06,
                                "Plan Rows": 738217,
                                "Plan Width": 0,
                                "Actual Startup Time": 35.796,
                                "Actual Total Time": 35.797,
                                "Actual Rows": 750555,
                                "Actual Loops": 1,
                                "Index Cond": "(keyword_id < 683)"
                              }
                            ]
                          },
                          {
                            "Node Type": "Hash",
                            "Parent Relationship": "Inner",
                            "Parallel Aware": true,
                            "Startup Cost": 54588.39,
                            "Total Cost": 54588.39,
                            "Plan Rows": 443492,
                            "Plan Width": 4,
                            "Actual Startup Time": 237.819,
                            "Actual Total Time": 237.82,
                            "Actual Rows": 376838,
                            "Actual Loops": 2,
                            "Hash Buckets": 1048576,
                            "Original Hash Buckets": 1048576,
                            "Hash Batches": 1,
                            "Original Hash Batches": 1,
                            "Peak Memory Usage": 37728,
                            "Plans": [
                              {
                                "Node Type": "Seq Scan",
                                "Parent Relationship": "Outer",
                                "Parallel Aware": true,
                                "Relation Name": "title",
                                "Alias": "t",
                                "Startup Cost": 0.0,
                                "Total Cost": 54588.39,
                                "Plan Rows": 443492,
                                "Plan Width": 4,
                                "Actual Startup Time": 0.03,
                                "Actual Total Time": 147.385,
                                "Actual Rows": 376838,
                                "Actual Loops": 2,
                                "Filter": "(kind_id < 3)",
                                "Rows Removed by Filter": 887318
                              }
                            ]
                          }
                        ]
                      }
                    ]
                  }
                ]
              }
            ]
          }
        ]
      }
    ]
  },
  "Planning Time": 0.994,
  "Triggers": [],
  "Execution Time": 3629.059
}