[
  {
    "Plan": {
      "Node Type": "Aggregate",
      "Strategy": "Plain",
      "Partial Mode": "Finalize",
      "Parallel Aware": false,
      "Startup Cost": 275154.7,
      "Total Cost": 275154.71,
      "Plan Rows": 1,
      "Plan Width": 8,
      "Actual Startup Time": 53.806,
      "Actual Total Time": 57.555,
      "Actual Rows": 1,
      "Actual Loops": 1,
      "Plans": [
        {
          "Node Type": "Gather",
          "Parent Relationship": "Outer",
          "Parallel Aware": false,
          "Startup Cost": 275154.18,
          "Total Cost": 275154.69,
          "Plan Rows": 5,
          "Plan Width": 8,
          "Actual Startup Time": 53.604,
          "Actual Total Time": 57.549,
          "Actual Rows": 6,
          "Actual Loops": 1,
          "Workers Planned": 5,
          "Workers Launched": 5,
          "Single Copy": false,
          "Plans": [
            {
              "Node Type": "Aggregate",
              "Strategy": "Plain",
              "Partial Mode": "Partial",
              "Parent Relationship": "Outer",
              "Parallel Aware": false,
              "Startup Cost": 274154.18,
              "Total Cost": 274154.19,
              "Plan Rows": 1,
              "Plan Width": 8,
              "Actual Startup Time": 44.209,
              "Actual Total Time": 44.21,
              "Actual Rows": 1,
              "Actual Loops": 6,
              "Plans": [
                {
                  "Node Type": "Bitmap Heap Scan",
                  "Parent Relationship": "Outer",
                  "Parallel Aware": true,
                  "Relation Name": "cast_info",
                  "Alias": "ci",
                  "Startup Cost": 8473.67,
                  "Total Cost": 273962.36,
                  "Plan Rows": 76725,
                  "Plan Width": 0,
                  "Actual Startup Time": 14.922,
                  "Actual Total Time": 38.381,
                  "Actual Rows": 67712,
                  "Actual Loops": 6,
                  "Recheck Cond": "(person_id < 46208)",
                  "Rows Removed by Index Recheck": 0,
                  "Exact Heap Blocks": 2077,
                  "Lossy Heap Blocks": 0,
                  "Plans": [
                    {
                      "Node Type": "Bitmap Index Scan",
                      "Parent Relationship": "Outer",
                      "Parallel Aware": false,
                      "Index Name": "person_id_cast_info",
                      "Startup Cost": 0.0,
                      "Total Cost": 8377.77,
                      "Plan Rows": 383627,
                      "Plan Width": 0,
                      "Actual Startup Time": 22.729,
                      "Actual Total Time": 22.729,
                      "Actual Rows": 406274,
                      "Actual Loops": 1,
                      "Index Cond": "(person_id < 46208)"
                    }
                  ]
                }
              ]
            }
          ]
        }
      ]
    },
    "Planning Time": 0.17,
    "Triggers": [],
    "Execution Time": 57.621
  }
]