[
  {
    "Plan": {
      "Node Type": "Aggregate",
      "Strategy": "Plain",
      "Partial Mode": "Finalize",
      "Parallel Aware": false,
      "Startup Cost": 273852.2,
      "Total Cost": 273852.21,
      "Plan Rows": 1,
      "Plan Width": 8,
      "Actual Startup Time": 65.289,
      "Actual Total Time": 69.257,
      "Actual Rows": 1,
      "Actual Loops": 1,
      "Plans": [
        {
          "Node Type": "Gather",
          "Parent Relationship": "Outer",
          "Parallel Aware": false,
          "Startup Cost": 273851.68,
          "Total Cost": 273852.19,
          "Plan Rows": 5,
          "Plan Width": 8,
          "Actual Startup Time": 64.99,
          "Actual Total Time": 69.249,
          "Actual Rows": 6,
          "Actual Loops": 1,
          "Workers Planned": 5,
          "Workers Launched": 5,
          "Single Copy": false,
          "Plans": [
            {
              "Node Type": "Aggregate",
              "Strategy": "Plain",
              "Partial Mode": "Partial",
              "Parent Relationship": "Outer",
              "Parallel Aware": false,
              "Startup Cost": 272851.68,
              "Total Cost": 272851.69,
              "Plan Rows": 1,
              "Plan Width": 8,
              "Actual Startup Time": 56.012,
              "Actual Total Time": 56.014,
              "Actual Rows": 1,
              "Actual Loops": 6,
              "Plans": [
                {
                  "Node Type": "Bitmap Heap Scan",
                  "Parent Relationship": "Outer",
                  "Parallel Aware": true,
                  "Relation Name": "cast_info",
                  "Alias": "ci",
                  "Startup Cost": 9118.82,
                  "Total Cost": 272645.34,
                  "Plan Rows": 82536,
                  "Plan Width": 0,
                  "Actual Startup Time": 24.988,
                  "Actual Total Time": 49.994,
                  "Actual Rows": 67712,
                  "Actual Loops": 6,
                  "Recheck Cond": "(person_id < 46208)",
                  "Rows Removed by Index Recheck": 0,
                  "Exact Heap Blocks": 2166,
                  "Lossy Heap Blocks": 0,
                  "Plans": [
                    {
                      "Node Type": "Bitmap Index Scan",
                      "Parent Relationship": "Outer",
                      "Parallel Aware": false,
                      "Index Name": "person_id_cast_info",
                      "Startup Cost": 0.0,
                      "Total Cost": 9015.65,
                      "Plan Rows": 412678,
                      "Plan Width": 0,
                      "Actual Startup Time": 32.033,
                      "Actual Total Time": 32.034,
                      "Actual Rows": 406274,
                      "Actual Loops": 1,
                      "Index Cond": "(person_id < 46208)"
                    }
                  ]
                }
              ]
            }
          ]
        }
      ]
    },
    "Planning Time": 0.198,
    "Triggers": [],
    "Execution Time": 69.325
  }
]