[
  {
    "Plan": {
      "Node Type": "Aggregate",
      "Strategy": "Plain",
      "Partial Mode": "Finalize",
      "Parallel Aware": false,
      "Startup Cost": 32926.28,
      "Total Cost": 32926.29,
      "Plan Rows": 1,
      "Plan Width": 8,
      "Actual Startup Time": 86.446,
      "Actual Total Time": 90.636,
      "Actual Rows": 1,
      "Actual Loops": 1,
      "Plans": [
        {
          "Node Type": "Gather",
          "Parent Relationship": "Outer",
          "Parallel Aware": false,
          "Startup Cost": 32925.96,
          "Total Cost": 32926.27,
          "Plan Rows": 3,
          "Plan Width": 8,
          "Actual Startup Time": 86.372,
          "Actual Total Time": 90.631,
          "Actual Rows": 4,
          "Actual Loops": 1,
          "Workers Planned": 3,
          "Workers Launched": 3,
          "Single Copy": false,
          "Plans": [
            {
              "Node Type": "Aggregate",
              "Strategy": "Plain",
              "Partial Mode": "Partial",
              "Parent Relationship": "Outer",
              "Parallel Aware": false,
              "Startup Cost": 31925.96,
              "Total Cost": 31925.97,
              "Plan Rows": 1,
              "Plan Width": 8,
              "Actual Startup Time": 82.074,
              "Actual Total Time": 82.075,
              "Actual Rows": 1,
              "Actual Loops": 4,
              "Plans": [
                {
                  "Node Type": "Seq Scan",
                  "Parent Relationship": "Outer",
                  "Parallel Aware": true,
                  "Relation Name": "movie_companies",
                  "Alias": "mc",
                  "Startup Cost": 0.0,
                  "Total Cost": 31414.82,
                  "Plan Rows": 204458,
                  "Plan Width": 0,
                  "Actual Startup Time": 36.683,
                  "Actual Total Time": 71.888,
                  "Actual Rows": 223189,
                  "Actual Loops": 4,
                  "Filter": "((company_id > 11690) AND (company_type_id > 1))",
                  "Rows Removed by Filter": 429093
                }
              ]
            }
          ]
        }
      ]
    },
    "Planning Time": 0.095,
    "Triggers": [],
    "Execution Time": 90.663
  }
]