{
    "Plan": {
        "Node Type": "Aggregate",
        "Strategy": "Plain",
        "Partial Mode": "Finalize",
        "Parallel Aware": false,
        "Startup Cost": 149763.07,
        "Total Cost": 149763.08,
        "Plan Rows": 1,
        "Plan Width": 8,
        "Actual Startup Time": 414.311,
        "Actual Total Time": 452.118,
        "Actual Rows": 1,
        "Actual Loops": 1,
        "Output": [
            "count(*)"
        ],
        "Plans": [
            {
                "Node Type": "Gather",
                "Parent Relationship": "Outer",
                "Parallel Aware": false,
                "Startup Cost": 149762.65,
                "Total Cost": 149763.06,
                "Plan Rows": 4,
                "Plan Width": 8,
                "Actual Startup Time": 414.073,
                "Actual Total Time": 452.108,
                "Actual Rows": 5,
                "Actual Loops": 1,
                "Output": [
                    "(PARTIAL count(*))"
                ],
                "Workers Planned": 4,
                "Workers Launched": 4,
                "Single Copy": false,
                "Plans": [
                    {
                        "Node Type": "Aggregate",
                        "Strategy": "Plain",
                        "Partial Mode": "Partial",
                        "Parent Relationship": "Outer",
                        "Parallel Aware": false,
                        "Startup Cost": 148762.65,
                        "Total Cost": 148762.66,
                        "Plan Rows": 1,
                        "Plan Width": 8,
                        "Actual Startup Time": 403.503,
                        "Actual Total Time": 403.505,
                        "Actual Rows": 1,
                        "Actual Loops": 5,
                        "Output": [
                            "PARTIAL count(*)"
                        ],
                        "Workers": [
                            {
                                "Worker Number": 0,
                                "Actual Startup Time": 400.964,
                                "Actual Total Time": 400.965,
                                "Actual Rows": 1,
                                "Actual Loops": 1
                            },
                            {
                                "Worker Number": 1,
                                "Actual Startup Time": 400.877,
                                "Actual Total Time": 400.879,
                                "Actual Rows": 1,
                                "Actual Loops": 1
                            },
                            {
                                "Worker Number": 2,
                                "Actual Startup Time": 400.924,
                                "Actual Total Time": 400.926,
                                "Actual Rows": 1,
                                "Actual Loops": 1
                            },
                            {
                                "Worker Number": 3,
                                "Actual Startup Time": 401.524,
                                "Actual Total Time": 401.527,
                                "Actual Rows": 1,
                                "Actual Loops": 1
                            }
                        ],
                        "Plans": [
                            {
                                "Node Type": "Nested Loop",
                                "Parent Relationship": "Outer",
                                "Parallel Aware": false,
                                "Join Type": "Inner",
                                "Startup Cost": 1.0,
                                "Total Cost": 148591.79,
                                "Plan Rows": 68344,
                                "Plan Width": 0,
                                "Actual Startup Time": 54.753,
                                "Actual Total Time": 384.094,
                                "Actual Rows": 419394,
                                "Actual Loops": 5,
                                "Inner Unique": false,
                                "Join Filter": "(t.id = ci.movie_id)",
                                "Rows Removed by Join Filter": 0,
                                "Workers": [
                                    {
                                        "Worker Number": 0,
                                        "Actual Startup Time": 50.426,
                                        "Actual Total Time": 384.977,
                                        "Actual Rows": 357385,
                                        "Actual Loops": 1
                                    },
                                    {
                                        "Worker Number": 1,
                                        "Actual Startup Time": 50.976,
                                        "Actual Total Time": 381.052,
                                        "Actual Rows": 281474,
                                        "Actual Loops": 1
                                    },
                                    {
                                        "Worker Number": 2,
                                        "Actual Startup Time": 52.694,
                                        "Actual Total Time": 381.339,
                                        "Actual Rows": 459751,
                                        "Actual Loops": 1
                                    },
                                    {
                                        "Worker Number": 3,
                                        "Actual Startup Time": 56.175,
                                        "Actual Total Time": 384.691,
                                        "Actual Rows": 393994,
                                        "Actual Loops": 1
                                    }
                                ],
                                "Plans": [
                                    {
                                        "Node Type": "Nested Loop",
                                        "Parent Relationship": "Outer",
                                        "Parallel Aware": false,
                                        "Join Type": "Inner",
                                        "Startup Cost": 0.43,
                                        "Total Cost": 139971.19,
                                        "Plan Rows": 4766,
                                        "Plan Width": 8,
                                        "Actual Startup Time": 54.668,
                                        "Actual Total Time": 113.608,
                                        "Actual Rows": 10236,
                                        "Actual Loops": 5,
                                        "Output": [
                                            "t.id",
                                            "mi.movie_id"
                                        ],
                                        "Inner Unique": false,
                                        "Workers": [
                                            {
                                                "Worker Number": 0,
                                                "Actual Startup Time": 50.331,
                                                "Actual Total Time": 125.186,
                                                "Actual Rows": 10610,
                                                "Actual Loops": 1
                                            },
                                            {
                                                "Worker Number": 1,
                                                "Actual Startup Time": 50.843,
                                                "Actual Total Time": 109.539,
                                                "Actual Rows": 6742,
                                                "Actual Loops": 1
                                            },
                                            {
                                                "Worker Number": 2,
                                                "Actual Startup Time": 52.615,
                                                "Actual Total Time": 107.584,
                                                "Actual Rows": 9347,
                                                "Actual Loops": 1
                                            },
                                            {
                                                "Worker Number": 3,
                                                "Actual Startup Time": 56.073,
                                                "Actual Total Time": 111.891,
                                                "Actual Rows": 8708,
                                                "Actual Loops": 1
                                            }
                                        ],
                                        "Plans": [
                                            {
                                                "Node Type": "Seq Scan",
                                                "Parent Relationship": "Outer",
                                                "Parallel Aware": true,
                                                "Relation Name": "title",
                                                "Schema": "public",
                                                "Alias": "t",
                                                "Startup Cost": 0.0,
                                                "Total Cost": 45479.21,
                                                "Plan Rows": 817,
                                                "Plan Width": 4,
                                                "Actual Startup Time": 54.553,
                                                "Actual Total Time": 81.738,
                                                "Actual Rows": 838,
                                                "Actual Loops": 5,
                                                "Output": [
                                                    "t.id",
                                                    "t.title",
                                                    "t.imdb_index",
                                                    "t.kind_id",
                                                    "t.production_year",
                                                    "t.imdb_id",
                                                    "t.phonetic_code",
                                                    "t.episode_of_id",
                                                    "t.season_nr",
                                                    "t.episode_nr",
                                                    "t.series_years",
                                                    "t.md5sum"
                                                ],
                                                "Filter": "((t.kind_id = 1) AND (t.production_year = 1981))",
                                                "Rows Removed by Filter": 504825,
                                                "Workers": [
                                                    {
                                                        "Worker Number": 0,
                                                        "Actual Startup Time": 50.18,
                                                        "Actual Total Time": 84.824,
                                                        "Actual Rows": 1029,
                                                        "Actual Loops": 1
                                                    },
                                                    {
                                                        "Worker Number": 1,
                                                        "Actual Startup Time": 50.686,
                                                        "Actual Total Time": 74.967,
                                                        "Actual Rows": 525,
                                                        "Actual Loops": 1
                                                    },
                                                    {
                                                        "Worker Number": 2,
                                                        "Actual Startup Time": 52.514,
                                                        "Actual Total Time": 75.249,
                                                        "Actual Rows": 701,
                                                        "Actual Loops": 1
                                                    },
                                                    {
                                                        "Worker Number": 3,
                                                        "Actual Startup Time": 55.933,
                                                        "Actual Total Time": 78.29,
                                                        "Actual Rows": 645,
                                                        "Actual Loops": 1
                                                    }
                                                ]
                                            },
                                            {
                                                "Node Type": "Index Only Scan",
                                                "Parent Relationship": "Inner",
                                                "Parallel Aware": false,
                                                "Scan Direction": "Forward",
                                                "Index Name": "movie_id_movie_info",
                                                "Relation Name": "movie_info",
                                                "Schema": "public",
                                                "Alias": "mi",
                                                "Startup Cost": 0.43,
                                                "Total Cost": 115.27,
                                                "Plan Rows": 39,
                                                "Plan Width": 4,
                                                "Actual Startup Time": 0.012,
                                                "Actual Total Time": 0.036,
                                                "Actual Rows": 12,
                                                "Actual Loops": 4189,
                                                "Output": [
                                                    "mi.movie_id"
                                                ],
                                                "Index Cond": "(mi.movie_id = t.id)",
                                                "Rows Removed by Index Recheck": 0,
                                                "Heap Fetches": 51178,
                                                "Workers": [
                                                    {
                                                        "Worker Number": 0,
                                                        "Actual Startup Time": 0.013,
                                                        "Actual Total Time": 0.037,
                                                        "Actual Rows": 10,
                                                        "Actual Loops": 1029
                                                    },
                                                    {
                                                        "Worker Number": 1,
                                                        "Actual Startup Time": 0.02,
                                                        "Actual Total Time": 0.062,
                                                        "Actual Rows": 13,
                                                        "Actual Loops": 525
                                                    },
                                                    {
                                                        "Worker Number": 2,
                                                        "Actual Startup Time": 0.014,
                                                        "Actual Total Time": 0.044,
                                                        "Actual Rows": 13,
                                                        "Actual Loops": 701
                                                    },
                                                    {
                                                        "Worker Number": 3,
                                                        "Actual Startup Time": 0.016,
                                                        "Actual Total Time": 0.05,
                                                        "Actual Rows": 14,
                                                        "Actual Loops": 645
                                                    }
                                                ]
                                            }
                                        ]
                                    },
                                    {
                                        "Node Type": "Index Only Scan",
                                        "Parent Relationship": "Inner",
                                        "Parallel Aware": false,
                                        "Scan Direction": "Forward",
                                        "Index Name": "movie_id_cast_info",
                                        "Relation Name": "cast_info",
                                        "Schema": "public",
                                        "Alias": "ci",
                                        "Startup Cost": 0.56,
                                        "Total Cost": 1.33,
                                        "Plan Rows": 38,
                                        "Plan Width": 4,
                                        "Actual Startup Time": 0.004,
                                        "Actual Total Time": 0.022,
                                        "Actual Rows": 41,
                                        "Actual Loops": 51178,
                                        "Output": [
                                            "ci.movie_id"
                                        ],
                                        "Index Cond": "(ci.movie_id = mi.movie_id)",
                                        "Rows Removed by Index Recheck": 0,
                                        "Heap Fetches": 2096971,
                                        "Workers": [
                                            {
                                                "Worker Number": 0,
                                                "Actual Startup Time": 0.004,
                                                "Actual Total Time": 0.021,
                                                "Actual Rows": 34,
                                                "Actual Loops": 10610
                                            },
                                            {
                                                "Worker Number": 1,
                                                "Actual Startup Time": 0.006,
                                                "Actual Total Time": 0.034,
                                                "Actual Rows": 42,
                                                "Actual Loops": 6742
                                            },
                                            {
                                                "Worker Number": 2,
                                                "Actual Startup Time": 0.004,
                                                "Actual Total Time": 0.025,
                                                "Actual Rows": 49,
                                                "Actual Loops": 9347
                                            },
                                            {
                                                "Worker Number": 3,
                                                "Actual Startup Time": 0.005,
                                                "Actual Total Time": 0.027,
                                                "Actual Rows": 45,
                                                "Actual Loops": 8708
                                            }
                                        ]
                                    }
                                ]
                            }
                        ]
                    }
                ]
            }
        ]
    },
    "Planning Time": 1.426,
    "Triggers": [],
    "Execution Time": 452.214
}