[
  {
    "Plan": {
      "Node Type": "Aggregate",
      "Strategy": "Plain",
      "Partial Mode": "Finalize",
      "Parallel Aware": false,
      "Startup Cost": 74837.47,
      "Total Cost": 74837.48,
      "Plan Rows": 1,
      "Plan Width": 8,
      "Actual Startup Time": 128.938,
      "Actual Total Time": 136.973,
      "Actual Rows": 1,
      "Actual Loops": 1,
      "Plans": [
        {
          "Node Type": "Gather",
          "Parent Relationship": "Outer",
          "Parallel Aware": false,
          "Startup Cost": 74836.95,
          "Total Cost": 74837.46,
          "Plan Rows": 5,
          "Plan Width": 8,
          "Actual Startup Time": 128.817,
          "Actual Total Time": 136.963,
          "Actual Rows": 6,
          "Actual Loops": 1,
          "Workers Planned": 5,
          "Workers Launched": 5,
          "Single Copy": false,
          "Plans": [
            {
              "Node Type": "Aggregate",
              "Strategy": "Plain",
              "Partial Mode": "Partial",
              "Parent Relationship": "Outer",
              "Parallel Aware": false,
              "Startup Cost": 73836.95,
              "Total Cost": 73836.96,
              "Plan Rows": 1,
              "Plan Width": 8,
              "Actual Startup Time": 118.352,
              "Actual Total Time": 118.353,
              "Actual Rows": 1,
              "Actual Loops": 6,
              "Plans": [
                {
                  "Node Type": "Index Scan",
                  "Parent Relationship": "Outer",
                  "Parallel Aware": true,
                  "Scan Direction": "Forward",
                  "Index Name": "role_id_cast_info",
                  "Relation Name": "cast_info",
                  "Alias": "ci",
                  "Startup Cost": 0.56,
                  "Total Cost": 72913.16,
                  "Plan Rows": 369517,
                  "Plan Width": 0,
                  "Actual Startup Time": 0.25,
                  "Actual Total Time": 102.198,
                  "Actual Rows": 322024,
                  "Actual Loops": 6,
                  "Index Cond": "(role_id = 4)",
                  "Rows Removed by Index Recheck": 0,
                  "Filter": "(person_id > 1107501)",
                  "Rows Removed by Filter": 132800
                }
              ]
            }
          ]
        }
      ]
    },
    "Planning Time": 0.313,
    "Triggers": [],
    "Execution Time": 137.039
  }
]