[
    {
        "Bao": {
            "Bao prediction": "NaN",
            "Bao recommended hint": "(no hint)"
        }
    },
    {
        "Plan": {
            "Node Type": "Aggregate",
            "Strategy": "Plain",
            "Partial Mode": "Finalize",
            "Parallel Aware": false,
            "Startup Cost": 375178.38,
            "Total Cost": 375178.39,
            "Plan Rows": 1,
            "Plan Width": 8,
            "Actual Startup Time": 468.722,
            "Actual Total Time": 493.625,
            "Actual Rows": 1,
            "Actual Loops": 1,
            "Output": [
                "count(*)"
            ],
            "Plans": [
                {
                    "Node Type": "Gather",
                    "Parent Relationship": "Outer",
                    "Parallel Aware": false,
                    "Startup Cost": 375177.76,
                    "Total Cost": 375178.37,
                    "Plan Rows": 6,
                    "Plan Width": 8,
                    "Actual Startup Time": 467.323,
                    "Actual Total Time": 493.614,
                    "Actual Rows": 7,
                    "Actual Loops": 1,
                    "Output": [
                        "(PARTIAL count(*))"
                    ],
                    "Workers Planned": 6,
                    "Workers Launched": 6,
                    "Single Copy": false,
                    "Plans": [
                        {
                            "Node Type": "Aggregate",
                            "Strategy": "Plain",
                            "Partial Mode": "Partial",
                            "Parent Relationship": "Outer",
                            "Parallel Aware": false,
                            "Startup Cost": 374177.76,
                            "Total Cost": 374177.77,
                            "Plan Rows": 1,
                            "Plan Width": 8,
                            "Actual Startup Time": 456.87,
                            "Actual Total Time": 456.873,
                            "Actual Rows": 1,
                            "Actual Loops": 7,
                            "Output": [
                                "PARTIAL count(*)"
                            ],
                            "Workers": [
                                {
                                    "Worker Number": 0,
                                    "Actual Startup Time": 455.493,
                                    "Actual Total Time": 455.497,
                                    "Actual Rows": 1,
                                    "Actual Loops": 1
                                },
                                {
                                    "Worker Number": 1,
                                    "Actual Startup Time": 455.495,
                                    "Actual Total Time": 455.498,
                                    "Actual Rows": 1,
                                    "Actual Loops": 1
                                },
                                {
                                    "Worker Number": 2,
                                    "Actual Startup Time": 455.641,
                                    "Actual Total Time": 455.644,
                                    "Actual Rows": 1,
                                    "Actual Loops": 1
                                },
                                {
                                    "Worker Number": 3,
                                    "Actual Startup Time": 455.273,
                                    "Actual Total Time": 455.276,
                                    "Actual Rows": 1,
                                    "Actual Loops": 1
                                },
                                {
                                    "Worker Number": 4,
                                    "Actual Startup Time": 455.488,
                                    "Actual Total Time": 455.491,
                                    "Actual Rows": 1,
                                    "Actual Loops": 1
                                },
                                {
                                    "Worker Number": 5,
                                    "Actual Startup Time": 455.24,
                                    "Actual Total Time": 455.243,
                                    "Actual Rows": 1,
                                    "Actual Loops": 1
                                }
                            ],
                            "Plans": [
                                {
                                    "Node Type": "Hash Join",
                                    "Parent Relationship": "Outer",
                                    "Parallel Aware": true,
                                    "Join Type": "Inner",
                                    "Startup Cost": 113506.15,
                                    "Total Cost": 374058.26,
                                    "Plan Rows": 47798,
                                    "Plan Width": 0,
                                    "Actual Startup Time": 261.237,
                                    "Actual Total Time": 454.121,
                                    "Actual Rows": 38304,
                                    "Actual Loops": 7,
                                    "Inner Unique": true,
                                    "Hash Cond": "(ci.movie_id = t.id)",
                                    "Workers": [
                                        {
                                            "Worker Number": 0,
                                            "Actual Startup Time": 259.729,
                                            "Actual Total Time": 452.954,
                                            "Actual Rows": 39660,
                                            "Actual Loops": 1
                                        },
                                        {
                                            "Worker Number": 1,
                                            "Actual Startup Time": 259.372,
                                            "Actual Total Time": 453.137,
                                            "Actual Rows": 45674,
                                            "Actual Loops": 1
                                        },
                                        {
                                            "Worker Number": 2,
                                            "Actual Startup Time": 260.19,
                                            "Actual Total Time": 452.839,
                                            "Actual Rows": 41161,
                                            "Actual Loops": 1
                                        },
                                        {
                                            "Worker Number": 3,
                                            "Actual Startup Time": 259.598,
                                            "Actual Total Time": 452.479,
                                            "Actual Rows": 41747,
                                            "Actual Loops": 1
                                        },
                                        {
                                            "Worker Number": 4,
                                            "Actual Startup Time": 260.083,
                                            "Actual Total Time": 452.484,
                                            "Actual Rows": 30920,
                                            "Actual Loops": 1
                                        },
                                        {
                                            "Worker Number": 5,
                                            "Actual Startup Time": 259.686,
                                            "Actual Total Time": 452.291,
                                            "Actual Rows": 31048,
                                            "Actual Loops": 1
                                        }
                                    ],
                                    "Plans": [
                                        {
                                            "Node Type": "Bitmap Heap Scan",
                                            "Parent Relationship": "Outer",
                                            "Parallel Aware": true,
                                            "Relation Name": "cast_info",
                                            "Schema": "public",
                                            "Alias": "ci",
                                            "Startup Cost": 68880.9,
                                            "Total Cost": 328067.99,
                                            "Plan Rows": 520007,
                                            "Plan Width": 4,
                                            "Actual Startup Time": 170.18,
                                            "Actual Total Time": 266.3,
                                            "Actual Rows": 452440,
                                            "Actual Loops": 7,
                                            "Output": [
                                                "ci.id",
                                                "ci.person_id",
                                                "ci.movie_id",
                                                "ci.person_role_id",
                                                "ci.note",
                                                "ci.nr_order",
                                                "ci.role_id"
                                            ],
                                            "Recheck Cond": "(ci.person_id < 306860)",
                                            "Rows Removed by Index Recheck": 0,
                                            "Exact Heap Blocks": 4847,
                                            "Lossy Heap Blocks": 0,
                                            "Workers": [
                                                {
                                                    "Worker Number": 0,
                                                    "Actual Startup Time": 170.2,
                                                    "Actual Total Time": 269.813,
                                                    "Actual Rows": 482046,
                                                    "Actual Loops": 1
                                                },
                                                {
                                                    "Worker Number": 1,
                                                    "Actual Startup Time": 169.944,
                                                    "Actual Total Time": 267.874,
                                                    "Actual Rows": 544535,
                                                    "Actual Loops": 1
                                                },
                                                {
                                                    "Worker Number": 2,
                                                    "Actual Startup Time": 170.11,
                                                    "Actual Total Time": 266.392,
                                                    "Actual Rows": 487177,
                                                    "Actual Loops": 1
                                                },
                                                {
                                                    "Worker Number": 3,
                                                    "Actual Startup Time": 170.234,
                                                    "Actual Total Time": 266.848,
                                                    "Actual Rows": 486634,
                                                    "Actual Loops": 1
                                                },
                                                {
                                                    "Worker Number": 4,
                                                    "Actual Startup Time": 170.184,
                                                    "Actual Total Time": 267.041,
                                                    "Actual Rows": 362002,
                                                    "Actual Loops": 1
                                                },
                                                {
                                                    "Worker Number": 5,
                                                    "Actual Startup Time": 170.265,
                                                    "Actual Total Time": 266.7,
                                                    "Actual Rows": 362337,
                                                    "Actual Loops": 1
                                                }
                                            ],
                                            "Plans": [
                                                {
                                                    "Node Type": "Bitmap Index Scan",
                                                    "Parent Relationship": "Outer",
                                                    "Parallel Aware": false,
                                                    "Index Name": "person_id_cast_info",
                                                    "Startup Cost": 0.0,
                                                    "Total Cost": 68100.89,
                                                    "Plan Rows": 3120043,
                                                    "Plan Width": 0,
                                                    "Actual Startup Time": 164.719,
                                                    "Actual Total Time": 164.719,
                                                    "Actual Rows": 3167083,
                                                    "Actual Loops": 1,
                                                    "Index Cond": "(ci.person_id < 306860)",
                                                    "Workers": [
                                                        {
                                                            "Worker Number": 1,
                                                            "Actual Startup Time": 164.719,
                                                            "Actual Total Time": 164.719,
                                                            "Actual Rows": 3167083,
                                                            "Actual Loops": 1
                                                        }
                                                    ]
                                                }
                                            ]
                                        },
                                        {
                                            "Node Type": "Hash",
                                            "Parent Relationship": "Inner",
                                            "Parallel Aware": true,
                                            "Startup Cost": 43899.01,
                                            "Total Cost": 43899.01,
                                            "Plan Rows": 58100,
                                            "Plan Width": 4,
                                            "Actual Startup Time": 89.8,
                                            "Actual Total Time": 89.801,
                                            "Actual Rows": 33093,
                                            "Actual Loops": 7,
                                            "Output": [
                                                "t.id"
                                            ],
                                            "Hash Buckets": 262144,
                                            "Original Hash Buckets": 262144,
                                            "Hash Batches": 1,
                                            "Original Hash Batches": 1,
                                            "Peak Memory Usage": 11200,
                                            "Workers": [
                                                {
                                                    "Worker Number": 0,
                                                    "Actual Startup Time": 88.841,
                                                    "Actual Total Time": 88.842,
                                                    "Actual Rows": 31043,
                                                    "Actual Loops": 1
                                                },
                                                {
                                                    "Worker Number": 1,
                                                    "Actual Startup Time": 88.916,
                                                    "Actual Total Time": 88.916,
                                                    "Actual Rows": 31479,
                                                    "Actual Loops": 1
                                                },
                                                {
                                                    "Worker Number": 2,
                                                    "Actual Startup Time": 89.115,
                                                    "Actual Total Time": 89.116,
                                                    "Actual Rows": 31142,
                                                    "Actual Loops": 1
                                                },
                                                {
                                                    "Worker Number": 3,
                                                    "Actual Startup Time": 88.721,
                                                    "Actual Total Time": 88.722,
                                                    "Actual Rows": 31869,
                                                    "Actual Loops": 1
                                                },
                                                {
                                                    "Worker Number": 4,
                                                    "Actual Startup Time": 88.717,
                                                    "Actual Total Time": 88.717,
                                                    "Actual Rows": 24820,
                                                    "Actual Loops": 1
                                                },
                                                {
                                                    "Worker Number": 5,
                                                    "Actual Startup Time": 88.712,
                                                    "Actual Total Time": 88.713,
                                                    "Actual Rows": 25125,
                                                    "Actual Loops": 1
                                                }
                                            ],
                                            "Plans": [
                                                {
                                                    "Node Type": "Seq Scan",
                                                    "Parent Relationship": "Outer",
                                                    "Parallel Aware": true,
                                                    "Relation Name": "title",
                                                    "Schema": "public",
                                                    "Alias": "t",
                                                    "Startup Cost": 0.0,
                                                    "Total Cost": 43899.01,
                                                    "Plan Rows": 58100,
                                                    "Plan Width": 4,
                                                    "Actual Startup Time": 0.048,
                                                    "Actual Total Time": 74.708,
                                                    "Actual Rows": 33093,
                                                    "Actual Loops": 7,
                                                    "Output": [
                                                        "t.id"
                                                    ],
                                                    "Filter": "(t.production_year > 2011)",
                                                    "Rows Removed by Filter": 328095,
                                                    "Workers": [
                                                        {
                                                            "Worker Number": 0,
                                                            "Actual Startup Time": 0.05,
                                                            "Actual Total Time": 73.869,
                                                            "Actual Rows": 31043,
                                                            "Actual Loops": 1
                                                        },
                                                        {
                                                            "Worker Number": 1,
                                                            "Actual Startup Time": 0.057,
                                                            "Actual Total Time": 73.771,
                                                            "Actual Rows": 31479,
                                                            "Actual Loops": 1
                                                        },
                                                        {
                                                            "Worker Number": 2,
                                                            "Actual Startup Time": 0.054,
                                                            "Actual Total Time": 74.743,
                                                            "Actual Rows": 31142,
                                                            "Actual Loops": 1
                                                        },
                                                        {
                                                            "Worker Number": 3,
                                                            "Actual Startup Time": 0.048,
                                                            "Actual Total Time": 75.184,
                                                            "Actual Rows": 31869,
                                                            "Actual Loops": 1
                                                        },
                                                        {
                                                            "Worker Number": 4,
                                                            "Actual Startup Time": 0.061,
                                                            "Actual Total Time": 74.868,
                                                            "Actual Rows": 24820,
                                                            "Actual Loops": 1
                                                        },
                                                        {
                                                            "Worker Number": 5,
                                                            "Actual Startup Time": 0.056,
                                                            "Actual Total Time": 75.277,
                                                            "Actual Rows": 25125,
                                                            "Actual Loops": 1
                                                        }
                                                    ]
                                                }
                                            ]
                                        }
                                    ]
                                }
                            ]
                        }
                    ]
                }
            ]
        },
        "Planning Time": 217.261,
        "Triggers": [],
        "Execution Time": 493.7
    }
]