[
  {
    "Plan": {
      "Node Type": "Aggregate",
      "Strategy": "Plain",
      "Partial Mode": "Finalize",
      "Parallel Aware": false,
      "Startup Cost": 91655.87,
      "Total Cost": 91655.88,
      "Plan Rows": 1,
      "Plan Width": 8,
      "Actual Startup Time": 329.393,
      "Actual Total Time": 351.159,
      "Actual Rows": 1,
      "Actual Loops": 1,
      "Plans": [
        {
          "Node Type": "Gather",
          "Parent Relationship": "Outer",
          "Parallel Aware": false,
          "Startup Cost": 91655.55,
          "Total Cost": 91655.86,
          "Plan Rows": 3,
          "Plan Width": 8,
          "Actual Startup Time": 328.271,
          "Actual Total Time": 351.148,
          "Actual Rows": 4,
          "Actual Loops": 1,
          "Workers Planned": 3,
          "Workers Launched": 3,
          "Single Copy": false,
          "Plans": [
            {
              "Node Type": "Aggregate",
              "Strategy": "Plain",
              "Partial Mode": "Partial",
              "Parent Relationship": "Outer",
              "Parallel Aware": false,
              "Startup Cost": 90655.55,
              "Total Cost": 90655.56,
              "Plan Rows": 1,
              "Plan Width": 8,
              "Actual Startup Time": 319.071,
              "Actual Total Time": 319.075,
              "Actual Rows": 1,
              "Actual Loops": 4,
              "Plans": [
                {
                  "Node Type": "Hash Join",
                  "Parent Relationship": "Outer",
                  "Parallel Aware": true,
                  "Join Type": "Inner",
                  "Startup Cost": 45661.2,
                  "Total Cost": 90606.18,
                  "Plan Rows": 19749,
                  "Plan Width": 0,
                  "Actual Startup Time": 137.766,
                  "Actual Total Time": 315.944,
                  "Actual Rows": 59469,
                  "Actual Loops": 4,
                  "Inner Unique": true,
                  "Hash Cond": "(mk.movie_id = t.id)",
                  "Plans": [
                    {
                      "Node Type": "Seq Scan",
                      "Parent Relationship": "Outer",
                      "Parallel Aware": true,
                      "Relation Name": "movie_keyword",
                      "Alias": "mk",
                      "Startup Cost": 0.0,
                      "Total Cost": 42695.65,
                      "Plan Rows": 856885,
                      "Plan Width": 4,
                      "Actual Startup Time": 0.029,
                      "Actual Total Time": 123.951,
                      "Actual Rows": 663475,
                      "Actual Loops": 4,
                      "Filter": "(keyword_id < 7359)",
                      "Rows Removed by Filter": 467507
                    },
                    {
                      "Node Type": "Hash",
                      "Parent Relationship": "Inner",
                      "Parallel Aware": true,
                      "Startup Cost": 45479.1,
                      "Total Cost": 45479.1,
                      "Plan Rows": 14568,
                      "Plan Width": 4,
                      "Actual Startup Time": 124.643,
                      "Actual Total Time": 124.644,
                      "Actual Rows": 37409,
                      "Actual Loops": 4,
                      "Hash Buckets": 262144,
                      "Original Hash Buckets": 65536,
                      "Hash Batches": 1,
                      "Original Hash Batches": 1,
                      "Peak Memory Usage": 9536,
                      "Plans": [
                        {
                          "Node Type": "Seq Scan",
                          "Parent Relationship": "Outer",
                          "Parallel Aware": true,
                          "Relation Name": "title",
                          "Alias": "t",
                          "Startup Cost": 0.0,
                          "Total Cost": 45479.1,
                          "Plan Rows": 14568,
                          "Plan Width": 4,
                          "Actual Startup Time": 22.109,
                          "Actual Total Time": 105.477,
                          "Actual Rows": 37409,
                          "Actual Loops": 4,
                          "Filter": "((kind_id < 7) AND (production_year < 1944))",
                          "Rows Removed by Filter": 594669
                        }
                      ]
                    }
                  ]
                }
              ]
            }
          ]
        }
      ]
    },
    "Planning Time": 0.661,
    "Triggers": [],
    "Execution Time": 351.227
  }
]