[
  {
    "Plan": {
      "Node Type": "Aggregate",
      "Strategy": "Plain",
      "Partial Mode": "Finalize",
      "Parallel Aware": false,
      "Startup Cost": 258026.1,
      "Total Cost": 258026.11,
      "Plan Rows": 1,
      "Plan Width": 8,
      "Actual Startup Time": 1219.311,
      "Actual Total Time": 1258.925,
      "Actual Rows": 1,
      "Actual Loops": 1,
      "Plans": [
        {
          "Node Type": "Gather",
          "Parent Relationship": "Outer",
          "Parallel Aware": false,
          "Startup Cost": 258025.78,
          "Total Cost": 258026.09,
          "Plan Rows": 3,
          "Plan Width": 8,
          "Actual Startup Time": 1217.7,
          "Actual Total Time": 1258.919,
          "Actual Rows": 4,
          "Actual Loops": 1,
          "Workers Planned": 3,
          "Workers Launched": 3,
          "Single Copy": false,
          "Plans": [
            {
              "Node Type": "Aggregate",
              "Strategy": "Plain",
              "Partial Mode": "Partial",
              "Parent Relationship": "Outer",
              "Parallel Aware": false,
              "Startup Cost": 257025.78,
              "Total Cost": 257025.79,
              "Plan Rows": 1,
              "Plan Width": 8,
              "Actual Startup Time": 1214.334,
              "Actual Total Time": 1214.337,
              "Actual Rows": 1,
              "Actual Loops": 4,
              "Plans": [
                {
                  "Node Type": "Nested Loop",
                  "Parent Relationship": "Outer",
                  "Parallel Aware": false,
                  "Join Type": "Inner",
                  "Startup Cost": 57931.2,
                  "Total Cost": 255614.7,
                  "Plan Rows": 564430,
                  "Plan Width": 0,
                  "Actual Startup Time": 153.734,
                  "Actual Total Time": 1156.785,
                  "Actual Rows": 1233978,
                  "Actual Loops": 4,
                  "Inner Unique": false,
                  "Join Filter": "(t.id = ci.movie_id)",
                  "Rows Removed by Join Filter": 0,
                  "Plans": [
                    {
                      "Node Type": "Hash Join",
                      "Parent Relationship": "Outer",
                      "Parallel Aware": true,
                      "Join Type": "Inner",
                      "Startup Cost": 57930.64,
                      "Total Cost": 85232.26,
                      "Plan Rows": 39364,
                      "Plan Width": 8,
                      "Actual Startup Time": 153.652,
                      "Actual Total Time": 231.475,
                      "Actual Rows": 42150,
                      "Actual Loops": 4,
                      "Inner Unique": true,
                      "Hash Cond": "(mk.movie_id = t.id)",
                      "Plans": [
                        {
                          "Node Type": "Bitmap Heap Scan",
                          "Parent Relationship": "Outer",
                          "Parallel Aware": true,
                          "Relation Name": "movie_keyword",
                          "Alias": "mk",
                          "Startup Cost": 12379.68,
                          "Total Cost": 39187.09,
                          "Plan Rows": 188273,
                          "Plan Width": 4,
                          "Actual Startup Time": 31.784,
                          "Actual Total Time": 71.466,
                          "Actual Rows": 147710,
                          "Actual Loops": 4,
                          "Recheck Cond": "(keyword_id < 430)",
                          "Rows Removed by Index Recheck": 0,
                          "Exact Heap Blocks": 7289,
                          "Lossy Heap Blocks": 0,
                          "Plans": [
                            {
                              "Node Type": "Bitmap Index Scan",
                              "Parent Relationship": "Outer",
                              "Parallel Aware": false,
                              "Index Name": "keyword_id_movie_keyword",
                              "Startup Cost": 0.0,
                              "Total Cost": 12233.77,
                              "Plan Rows": 583645,
                              "Plan Width": 0,
                              "Actual Startup Time": 28.312,
                              "Actual Total Time": 28.312,
                              "Actual Rows": 590840,
                              "Actual Loops": 1,
                              "Index Cond": "(keyword_id < 430)"
                            }
                          ]
                        },
                        {
                          "Node Type": "Hash",
                          "Parent Relationship": "Inner",
                          "Parallel Aware": true,
                          "Startup Cost": 43899.01,
                          "Total Cost": 43899.01,
                          "Plan Rows": 132156,
                          "Plan Width": 4,
                          "Actual Startup Time": 119.867,
                          "Actual Total Time": 119.868,
                          "Actual Rows": 130934,
                          "Actual Loops": 4,
                          "Hash Buckets": 1048576,
                          "Original Hash Buckets": 1048576,
                          "Hash Batches": 1,
                          "Original Hash Batches": 1,
                          "Peak Memory Usage": 28736,
                          "Plans": [
                            {
                              "Node Type": "Seq Scan",
                              "Parent Relationship": "Outer",
                              "Parallel Aware": true,
                              "Relation Name": "title",
                              "Alias": "t",
                              "Startup Cost": 0.0,
                              "Total Cost": 43899.01,
                              "Plan Rows": 132156,
                              "Plan Width": 4,
                              "Actual Startup Time": 0.018,
                              "Actual Total Time": 77.755,
                              "Actual Rows": 130934,
                              "Actual Loops": 4,
                              "Filter": "(production_year < 1981)",
                              "Rows Removed by Filter": 501144
                            }
                          ]
                        }
                      ]
                    },
                    {
                      "Node Type": "Index Only Scan",
                      "Parent Relationship": "Inner",
                      "Parallel Aware": false,
                      "Scan Direction": "Forward",
                      "Index Name": "movie_id_cast_info",
                      "Relation Name": "cast_info",
                      "Alias": "ci",
                      "Startup Cost": 0.56,
                      "Total Cost": 3.85,
                      "Plan Rows": 38,
                      "Plan Width": 4,
                      "Actual Startup Time": 0.004,
                      "Actual Total Time": 0.019,
                      "Actual Rows": 29,
                      "Actual Loops": 168602,
                      "Index Cond": "(movie_id = mk.movie_id)",
                      "Rows Removed by Index Recheck": 0,
                      "Heap Fetches": 4935912
                    }
                  ]
                }
              ]
            }
          ]
        }
      ]
    },
    "Planning Time": 0.412,
    "Triggers": [],
    "Execution Time": 1258.974
  }
]