[
  {
    "Plan": {
      "Node Type": "Aggregate",
      "Strategy": "Plain",
      "Partial Mode": "Finalize",
      "Parallel Aware": false,
      "Startup Cost": 82501.2,
      "Total Cost": 82501.21,
      "Plan Rows": 1,
      "Plan Width": 8,
      "Actual Startup Time": 418.964,
      "Actual Total Time": 434.08,
      "Actual Rows": 1,
      "Actual Loops": 1,
      "Plans": [
        {
          "Node Type": "Gather",
          "Parent Relationship": "Outer",
          "Parallel Aware": false,
          "Startup Cost": 82500.78,
          "Total Cost": 82501.19,
          "Plan Rows": 4,
          "Plan Width": 8,
          "Actual Startup Time": 413.106,
          "Actual Total Time": 434.069,
          "Actual Rows": 5,
          "Actual Loops": 1,
          "Workers Planned": 4,
          "Workers Launched": 4,
          "Single Copy": false,
          "Plans": [
            {
              "Node Type": "Aggregate",
              "Strategy": "Plain",
              "Partial Mode": "Partial",
              "Parent Relationship": "Outer",
              "Parallel Aware": false,
              "Startup Cost": 81500.78,
              "Total Cost": 81500.79,
              "Plan Rows": 1,
              "Plan Width": 8,
              "Actual Startup Time": 403.069,
              "Actual Total Time": 403.235,
              "Actual Rows": 1,
              "Actual Loops": 5,
              "Plans": [
                {
                  "Node Type": "Hash Join",
                  "Parent Relationship": "Outer",
                  "Parallel Aware": true,
                  "Join Type": "Inner",
                  "Startup Cost": 34814.72,
                  "Total Cost": 80973.8,
                  "Plan Rows": 210794,
                  "Plan Width": 0,
                  "Actual Startup Time": 172.192,
                  "Actual Total Time": 394.114,
                  "Actual Rows": 211162,
                  "Actual Loops": 5,
                  "Inner Unique": false,
                  "Hash Cond": "(t.id = mc.movie_id)",
                  "Plans": [
                    {
                      "Node Type": "Seq Scan",
                      "Parent Relationship": "Outer",
                      "Parallel Aware": true,
                      "Relation Name": "title",
                      "Alias": "t",
                      "Startup Cost": 0.0,
                      "Total Cost": 42318.73,
                      "Plan Rows": 632073,
                      "Plan Width": 4,
                      "Actual Startup Time": 0.013,
                      "Actual Total Time": 64.725,
                      "Actual Rows": 505662,
                      "Actual Loops": 5
                    },
                    {
                      "Node Type": "Hash",
                      "Parent Relationship": "Inner",
                      "Parallel Aware": true,
                      "Startup Cost": 31414.82,
                      "Total Cost": 31414.82,
                      "Plan Rows": 271992,
                      "Plan Width": 4,
                      "Actual Startup Time": 167.715,
                      "Actual Total Time": 167.716,
                      "Actual Rows": 211162,
                      "Actual Loops": 5,
                      "Hash Buckets": 2097152,
                      "Original Hash Buckets": 1048576,
                      "Hash Batches": 1,
                      "Original Hash Batches": 1,
                      "Peak Memory Usage": 65952,
                      "Plans": [
                        {
                          "Node Type": "Seq Scan",
                          "Parent Relationship": "Outer",
                          "Parallel Aware": true,
                          "Relation Name": "movie_companies",
                          "Alias": "mc",
                          "Startup Cost": 0.0,
                          "Total Cost": 31414.82,
                          "Plan Rows": 271992,
                          "Plan Width": 4,
                          "Actual Startup Time": 45.627,
                          "Actual Total Time": 79.53,
                          "Actual Rows": 211162,
                          "Actual Loops": 5,
                          "Filter": "((company_id > 3666) AND (company_type_id = 2))",
                          "Rows Removed by Filter": 310664
                        }
                      ]
                    }
                  ]
                }
              ]
            }
          ]
        }
      ]
    },
    "Planning Time": 0.643,
    "Triggers": [],
    "Execution Time": 434.153
  }
]