[
  {
    "Plan": {
      "Node Type": "Aggregate",
      "Strategy": "Plain",
      "Partial Mode": "Finalize",
      "Parallel Aware": false,
      "Startup Cost": 83523.73,
      "Total Cost": 83523.74,
      "Plan Rows": 1,
      "Plan Width": 8,
      "Actual Startup Time": 504.918,
      "Actual Total Time": 518.97,
      "Actual Rows": 1,
      "Actual Loops": 1,
      "Plans": [
        {
          "Node Type": "Gather",
          "Parent Relationship": "Outer",
          "Parallel Aware": false,
          "Startup Cost": 83523.41,
          "Total Cost": 83523.72,
          "Plan Rows": 3,
          "Plan Width": 8,
          "Actual Startup Time": 498.023,
          "Actual Total Time": 518.948,
          "Actual Rows": 4,
          "Actual Loops": 1,
          "Workers Planned": 3,
          "Workers Launched": 3,
          "Single Copy": false,
          "Plans": [
            {
              "Node Type": "Aggregate",
              "Strategy": "Plain",
              "Partial Mode": "Partial",
              "Parent Relationship": "Outer",
              "Parallel Aware": false,
              "Startup Cost": 82523.41,
              "Total Cost": 82523.42,
              "Plan Rows": 1,
              "Plan Width": 8,
              "Actual Startup Time": 485.512,
              "Actual Total Time": 485.52,
              "Actual Rows": 1,
              "Actual Loops": 4,
              "Plans": [
                {
                  "Node Type": "Hash Join",
                  "Parent Relationship": "Outer",
                  "Parallel Aware": true,
                  "Join Type": "Inner",
                  "Startup Cost": 50381.57,
                  "Total Cost": 82204.52,
                  "Plan Rows": 127555,
                  "Plan Width": 0,
                  "Actual Startup Time": 359.72,
                  "Actual Total Time": 478.542,
                  "Actual Rows": 152069,
                  "Actual Loops": 4,
                  "Inner Unique": true,
                  "Hash Cond": "(mc.movie_id = t.id)",
                  "Plans": [
                    {
                      "Node Type": "Seq Scan",
                      "Parent Relationship": "Outer",
                      "Parallel Aware": true,
                      "Relation Name": "movie_companies",
                      "Alias": "mc",
                      "Startup Cost": 0.0,
                      "Total Cost": 31414.82,
                      "Plan Rows": 155479,
                      "Plan Width": 4,
                      "Actual Startup Time": 31.413,
                      "Actual Total Time": 69.23,
                      "Actual Rows": 198533,
                      "Actual Loops": 4,
                      "Filter": "((company_id > 19249) AND (company_type_id > 1))",
                      "Rows Removed by Filter": 453749
                    },
                    {
                      "Node Type": "Hash",
                      "Parent Relationship": "Inner",
                      "Parallel Aware": true,
                      "Startup Cost": 43899.32,
                      "Total Cost": 43899.32,
                      "Plan Rows": 518580,
                      "Plan Width": 4,
                      "Actual Startup Time": 319.819,
                      "Actual Total Time": 319.82,
                      "Actual Rows": 515086,
                      "Actual Loops": 4,
                      "Hash Buckets": 2097152,
                      "Original Hash Buckets": 2097152,
                      "Hash Batches": 1,
                      "Original Hash Batches": 1,
                      "Peak Memory Usage": 97056,
                      "Plans": [
                        {
                          "Node Type": "Seq Scan",
                          "Parent Relationship": "Outer",
                          "Parallel Aware": true,
                          "Relation Name": "title",
                          "Alias": "t",
                          "Startup Cost": 0.0,
                          "Total Cost": 43899.32,
                          "Plan Rows": 518580,
                          "Plan Width": 4,
                          "Actual Startup Time": 0.05,
                          "Actual Total Time": 120.25,
                          "Actual Rows": 515086,
                          "Actual Loops": 4,
                          "Filter": "(production_year > 1971)",
                          "Rows Removed by Filter": 116992
                        }
                      ]
                    }
                  ]
                }
              ]
            }
          ]
        }
      ]
    },
    "Planning Time": 0.624,
    "Triggers": [],
    "Execution Time": 519.035
  }
]