{
  "Plan": {
    "Node Type": "Aggregate",
    "Strategy": "Plain",
    "Partial Mode": "Simple",
    "Parallel Aware": false,
    "Startup Cost": 40220.25,
    "Total Cost": 40220.26,
    "Plan Rows": 1,
    "Plan Width": 8,
    "Actual Startup Time": 52.815,
    "Actual Total Time": 52.817,
    "Actual Rows": 1,
    "Actual Loops": 1,
    "Plans": [
      {
        "Node Type": "Nested Loop",
        "Parent Relationship": "Outer",
        "Parallel Aware": false,
        "Join Type": "Inner",
        "Startup Cost": 1824.02,
        "Total Cost": 40219.15,
        "Plan Rows": 439,
        "Plan Width": 0,
        "Actual Startup Time": 19.333,
        "Actual Total Time": 52.778,
        "Actual Rows": 354,
        "Actual Loops": 1,
        "Inner Unique": false,
        "Join Filter": "(t.id = mi.movie_id)",
        "Rows Removed by Join Filter": 0,
        "Plans": [
          {
            "Node Type": "Nested Loop",
            "Parent Relationship": "Outer",
            "Parallel Aware": false,
            "Join Type": "Inner",
            "Startup Cost": 1823.58,
            "Total Cost": 40067.21,
            "Plan Rows": 75,
            "Plan Width": 8,
            "Actual Startup Time": 19.315,
            "Actual Total Time": 51.991,
            "Actual Rows": 43,
            "Actual Loops": 1,
            "Inner Unique": false,
            "Plans": [
              {
                "Node Type": "Bitmap Heap Scan",
                "Parent Relationship": "Outer",
                "Parallel Aware": false,
                "Relation Name": "title",
                "Alias": "t",
                "Startup Cost": 1823.15,
                "Total Cost": 39354.56,
                "Plan Rows": 73,
                "Plan Width": 4,
                "Actual Startup Time": 18.847,
                "Actual Total Time": 51.579,
                "Actual Rows": 41,
                "Actual Loops": 1,
                "Recheck Cond": "(kind_id = 3)",
                "Rows Removed by Index Recheck": 0,
                "Filter": "(production_year = 1946)",
                "Rows Removed by Filter": 100496,
                "Exact Heap Blocks": 12707,
                "Lossy Heap Blocks": 0,
                "Plans": [
                  {
                    "Node Type": "Bitmap Index Scan",
                    "Parent Relationship": "Outer",
                    "Parallel Aware": false,
                    "Index Name": "kind_id_title",
                    "Startup Cost": 0.0,
                    "Total Cost": 1823.13,
                    "Plan Rows": 102227,
                    "Plan Width": 0,
                    "Actual Startup Time": 14.188,
                    "Actual Total Time": 14.188,
                    "Actual Rows": 100537,
                    "Actual Loops": 1,
                    "Index Cond": "(kind_id = 3)"
                  }
                ]
              },
              {
                "Node Type": "Index Scan",
                "Parent Relationship": "Inner",
                "Parallel Aware": false,
                "Scan Direction": "Forward",
                "Index Name": "movie_id_movie_keyword",
                "Relation Name": "movie_keyword",
                "Alias": "mk",
                "Startup Cost": 0.43,
                "Total Cost": 9.5,
                "Plan Rows": 26,
                "Plan Width": 4,
                "Actual Startup Time": 0.009,
                "Actual Total Time": 0.009,
                "Actual Rows": 1,
                "Actual Loops": 41,
                "Index Cond": "(movie_id = t.id)",
                "Rows Removed by Index Recheck": 0,
                "Filter": "(keyword_id < 7078)",
                "Rows Removed by Filter": 0
              }
            ]
          },
          {
            "Node Type": "Index Only Scan",
            "Parent Relationship": "Inner",
            "Parallel Aware": false,
            "Scan Direction": "Forward",
            "Index Name": "movie_id_movie_info",
            "Relation Name": "movie_info",
            "Alias": "mi",
            "Startup Cost": 0.43,
            "Total Cost": 1.5,
            "Plan Rows": 42,
            "Plan Width": 4,
            "Actual Startup Time": 0.007,
            "Actual Total Time": 0.017,
            "Actual Rows": 8,
            "Actual Loops": 43,
            "Index Cond": "(movie_id = mk.movie_id)",
            "Rows Removed by Index Recheck": 0,
            "Heap Fetches": 354
          }
        ]
      }
    ]
  },
  "Planning Time": 0.97,
  "Triggers": [],
  "Execution Time": 52.9
}