[
  {
    "Plan": {
      "Node Type": "Aggregate",
      "Strategy": "Plain",
      "Partial Mode": "Finalize",
      "Parallel Aware": false,
      "Startup Cost": 188428.6,
      "Total Cost": 188428.61,
      "Plan Rows": 1,
      "Plan Width": 8,
      "Actual Startup Time": 158.524,
      "Actual Total Time": 170.892,
      "Actual Rows": 1,
      "Actual Loops": 1,
      "Plans": [
        {
          "Node Type": "Gather",
          "Parent Relationship": "Outer",
          "Parallel Aware": false,
          "Startup Cost": 188428.07,
          "Total Cost": 188428.58,
          "Plan Rows": 5,
          "Plan Width": 8,
          "Actual Startup Time": 157.575,
          "Actual Total Time": 170.88,
          "Actual Rows": 6,
          "Actual Loops": 1,
          "Workers Planned": 5,
          "Workers Launched": 5,
          "Single Copy": false,
          "Plans": [
            {
              "Node Type": "Aggregate",
              "Strategy": "Plain",
              "Partial Mode": "Partial",
              "Parent Relationship": "Outer",
              "Parallel Aware": false,
              "Startup Cost": 187428.07,
              "Total Cost": 187428.08,
              "Plan Rows": 1,
              "Plan Width": 8,
              "Actual Startup Time": 147.351,
              "Actual Total Time": 147.353,
              "Actual Rows": 1,
              "Actual Loops": 6,
              "Plans": [
                {
                  "Node Type": "Bitmap Heap Scan",
                  "Parent Relationship": "Outer",
                  "Parallel Aware": true,
                  "Relation Name": "movie_info",
                  "Alias": "mi",
                  "Startup Cost": 21814.24,
                  "Total Cost": 186824.6,
                  "Plan Rows": 241389,
                  "Plan Width": 0,
                  "Actual Startup Time": 48.319,
                  "Actual Total Time": 134.029,
                  "Actual Rows": 200062,
                  "Actual Loops": 6,
                  "Recheck Cond": "(info_type_id > 35)",
                  "Rows Removed by Index Recheck": 0,
                  "Exact Heap Blocks": 11427,
                  "Lossy Heap Blocks": 0,
                  "Plans": [
                    {
                      "Node Type": "Bitmap Index Scan",
                      "Parent Relationship": "Outer",
                      "Parallel Aware": false,
                      "Index Name": "info_type_id_movie_info",
                      "Startup Cost": 0.0,
                      "Total Cost": 21512.51,
                      "Plan Rows": 1206943,
                      "Plan Width": 0,
                      "Actual Startup Time": 52.133,
                      "Actual Total Time": 52.136,
                      "Actual Rows": 1200370,
                      "Actual Loops": 1,
                      "Index Cond": "(info_type_id > 35)"
                    }
                  ]
                }
              ]
            }
          ]
        }
      ]
    },
    "Planning Time": 0.159,
    "Triggers": [],
    "Execution Time": 170.934
  }
]