{
  "Plan": {
    "Node Type": "Aggregate",
    "Strategy": "Plain",
    "Partial Mode": "Finalize",
    "Parallel Aware": false,
    "Startup Cost": 100030.75,
    "Total Cost": 100030.76,
    "Plan Rows": 1,
    "Plan Width": 8,
    "Actual Startup Time": 286.099,
    "Actual Total Time": 301.7,
    "Actual Rows": 1,
    "Actual Loops": 1,
    "Plans": [
      {
        "Node Type": "Gather",
        "Parent Relationship": "Outer",
        "Parallel Aware": false,
        "Startup Cost": 100030.63,
        "Total Cost": 100030.74,
        "Plan Rows": 1,
        "Plan Width": 8,
        "Actual Startup Time": 285.936,
        "Actual Total Time": 301.693,
        "Actual Rows": 2,
        "Actual Loops": 1,
        "Workers Planned": 1,
        "Workers Launched": 1,
        "Single Copy": false,
        "Plans": [
          {
            "Node Type": "Aggregate",
            "Strategy": "Plain",
            "Partial Mode": "Partial",
            "Parent Relationship": "Outer",
            "Parallel Aware": false,
            "Startup Cost": 99030.63,
            "Total Cost": 99030.64,
            "Plan Rows": 1,
            "Plan Width": 8,
            "Actual Startup Time": 280.359,
            "Actual Total Time": 280.362,
            "Actual Rows": 1,
            "Actual Loops": 2,
            "Plans": [
              {
                "Node Type": "Hash Join",
                "Parent Relationship": "Outer",
                "Parallel Aware": true,
                "Join Type": "Inner",
                "Startup Cost": 59001.96,
                "Total Cost": 98959.97,
                "Plan Rows": 28265,
                "Plan Width": 0,
                "Actual Startup Time": 209.565,
                "Actual Total Time": 280.354,
                "Actual Rows": 0,
                "Actual Loops": 2,
                "Inner Unique": true,
                "Hash Cond": "(mc.movie_id = t.id)",
                "Plans": [
                  {
                    "Node Type": "Seq Scan",
                    "Parent Relationship": "Outer",
                    "Parallel Aware": true,
                    "Relation Name": "movie_companies",
                    "Alias": "mc",
                    "Startup Cost": 0.0,
                    "Total Cost": 37974.77,
                    "Plan Rows": 755522,
                    "Plan Width": 4,
                    "Actual Startup Time": 0.014,
                    "Actual Total Time": 105.08,
                    "Actual Rows": 637123,
                    "Actual Loops": 2,
                    "Filter": "(company_type_id < 2)",
                    "Rows Removed by Filter": 667442
                  },
                  {
                    "Node Type": "Hash",
                    "Parent Relationship": "Inner",
                    "Parallel Aware": true,
                    "Startup Cost": 58306.47,
                    "Total Cost": 58306.47,
                    "Plan Rows": 55639,
                    "Plan Width": 4,
                    "Actual Startup Time": 134.228,
                    "Actual Total Time": 134.229,
                    "Actual Rows": 19,
                    "Actual Loops": 2,
                    "Hash Buckets": 131072,
                    "Original Hash Buckets": 131072,
                    "Hash Batches": 1,
                    "Original Hash Batches": 1,
                    "Peak Memory Usage": 1088,
                    "Plans": [
                      {
                        "Node Type": "Seq Scan",
                        "Parent Relationship": "Outer",
                        "Parallel Aware": true,
                        "Relation Name": "title",
                        "Alias": "t",
                        "Startup Cost": 0.0,
                        "Total Cost": 58306.47,
                        "Plan Rows": 55639,
                        "Plan Width": 4,
                        "Actual Startup Time": 20.045,
                        "Actual Total Time": 134.109,
                        "Actual Rows": 19,
                        "Actual Loops": 2,
                        "Filter": "((kind_id > 3) AND (production_year < 1942))",
                        "Rows Removed by Filter": 1264137
                      }
                    ]
                  }
                ]
              }
            ]
          }
        ]
      }
    ]
  },
  "Planning Time": 0.46,
  "Triggers": [],
  "Execution Time": 301.773
}