[
  {
    "Plan": {
      "Node Type": "Aggregate",
      "Strategy": "Plain",
      "Partial Mode": "Finalize",
      "Parallel Aware": false,
      "Startup Cost": 402972.66,
      "Total Cost": 402972.67,
      "Plan Rows": 1,
      "Plan Width": 8,
      "Actual Startup Time": 1617.23,
      "Actual Total Time": 1684.009,
      "Actual Rows": 1,
      "Actual Loops": 1,
      "Plans": [
        {
          "Node Type": "Gather",
          "Parent Relationship": "Outer",
          "Parallel Aware": false,
          "Startup Cost": 402972.03,
          "Total Cost": 402972.64,
          "Plan Rows": 6,
          "Plan Width": 8,
          "Actual Startup Time": 1611.405,
          "Actual Total Time": 1683.997,
          "Actual Rows": 7,
          "Actual Loops": 1,
          "Workers Planned": 6,
          "Workers Launched": 6,
          "Single Copy": false,
          "Plans": [
            {
              "Node Type": "Aggregate",
              "Strategy": "Plain",
              "Partial Mode": "Partial",
              "Parent Relationship": "Outer",
              "Parallel Aware": false,
              "Startup Cost": 401972.03,
              "Total Cost": 401972.04,
              "Plan Rows": 1,
              "Plan Width": 8,
              "Actual Startup Time": 1595.546,
              "Actual Total Time": 1595.549,
              "Actual Rows": 1,
              "Actual Loops": 7,
              "Plans": [
                {
                  "Node Type": "Hash Join",
                  "Parent Relationship": "Outer",
                  "Parallel Aware": true,
                  "Join Type": "Inner",
                  "Startup Cost": 47984.07,
                  "Total Cost": 399483.3,
                  "Plan Rows": 995494,
                  "Plan Width": 0,
                  "Actual Startup Time": 297.756,
                  "Actual Total Time": 1554.014,
                  "Actual Rows": 790217,
                  "Actual Loops": 7,
                  "Inner Unique": true,
                  "Hash Cond": "(ci.movie_id = t.id)",
                  "Plans": [
                    {
                      "Node Type": "Seq Scan",
                      "Parent Relationship": "Outer",
                      "Parallel Aware": true,
                      "Relation Name": "cast_info",
                      "Alias": "ci",
                      "Startup Cost": 0.0,
                      "Total Cost": 343257.03,
                      "Plan Rows": 3139880,
                      "Plan Width": 4,
                      "Actual Startup Time": 159.044,
                      "Actual Total Time": 770.973,
                      "Actual Rows": 2509155,
                      "Actual Loops": 7,
                      "Filter": "((person_id > 1231722) AND (role_id < 8))",
                      "Rows Removed by Filter": 2668609
                    },
                    {
                      "Node Type": "Hash",
                      "Parent Relationship": "Inner",
                      "Parallel Aware": true,
                      "Startup Cost": 45479.1,
                      "Total Cost": 45479.1,
                      "Plan Rows": 200398,
                      "Plan Width": 4,
                      "Actual Startup Time": 134.828,
                      "Actual Total Time": 134.829,
                      "Actual Rows": 101123,
                      "Actual Loops": 7,
                      "Hash Buckets": 1048576,
                      "Original Hash Buckets": 1048576,
                      "Hash Batches": 1,
                      "Original Hash Batches": 1,
                      "Peak Memory Usage": 36000,
                      "Plans": [
                        {
                          "Node Type": "Seq Scan",
                          "Parent Relationship": "Outer",
                          "Parallel Aware": true,
                          "Relation Name": "title",
                          "Alias": "t",
                          "Startup Cost": 0.0,
                          "Total Cost": 45479.1,
                          "Plan Rows": 200398,
                          "Plan Width": 4,
                          "Actual Startup Time": 0.048,
                          "Actual Total Time": 82.784,
                          "Actual Rows": 101123,
                          "Actual Loops": 7,
                          "Filter": "((kind_id < 7) AND (production_year > 1973))",
                          "Rows Removed by Filter": 260064
                        }
                      ]
                    }
                  ]
                }
              ]
            }
          ]
        }
      ]
    },
    "Planning Time": 0.678,
    "Triggers": [],
    "Execution Time": 1684.098
  }
]