{
  "Plan": {
    "Node Type": "Aggregate",
    "Strategy": "Plain",
    "Partial Mode": "Finalize",
    "Parallel Aware": false,
    "Startup Cost": 130274.55,
    "Total Cost": 130274.56,
    "Plan Rows": 1,
    "Plan Width": 8,
    "Actual Startup Time": 859.435,
    "Actual Total Time": 877.504,
    "Actual Rows": 1,
    "Actual Loops": 1,
    "Plans": [
      {
        "Node Type": "Gather",
        "Parent Relationship": "Outer",
        "Parallel Aware": false,
        "Startup Cost": 130274.44,
        "Total Cost": 130274.55,
        "Plan Rows": 1,
        "Plan Width": 8,
        "Actual Startup Time": 854.117,
        "Actual Total Time": 877.497,
        "Actual Rows": 2,
        "Actual Loops": 1,
        "Workers Planned": 1,
        "Workers Launched": 1,
        "Single Copy": false,
        "Plans": [
          {
            "Node Type": "Aggregate",
            "Strategy": "Plain",
            "Partial Mode": "Partial",
            "Parent Relationship": "Outer",
            "Parallel Aware": false,
            "Startup Cost": 129274.44,
            "Total Cost": 129274.45,
            "Plan Rows": 1,
            "Plan Width": 8,
            "Actual Startup Time": 846.182,
            "Actual Total Time": 846.186,
            "Actual Rows": 1,
            "Actual Loops": 2,
            "Plans": [
              {
                "Node Type": "Hash Join",
                "Parent Relationship": "Outer",
                "Parallel Aware": true,
                "Join Type": "Inner",
                "Startup Cost": 93211.23,
                "Total Cost": 127627.74,
                "Plan Rows": 658679,
                "Plan Width": 0,
                "Actual Startup Time": 587.356,
                "Actual Total Time": 821.803,
                "Actual Rows": 565383,
                "Actual Loops": 2,
                "Inner Unique": true,
                "Hash Cond": "(mk.movie_id = t.id)",
                "Plans": [
                  {
                    "Node Type": "Bitmap Heap Scan",
                    "Parent Relationship": "Outer",
                    "Parallel Aware": true,
                    "Relation Name": "movie_keyword",
                    "Alias": "mk",
                    "Startup Cost": 23750.53,
                    "Total Cost": 56438.01,
                    "Plan Rows": 658679,
                    "Plan Width": 4,
                    "Actual Startup Time": 66.419,
                    "Actual Total Time": 158.244,
                    "Actual Rows": 565383,
                    "Actual Loops": 2,
                    "Recheck Cond": "(keyword_id < 1230)",
                    "Rows Removed by Index Recheck": 0,
                    "Exact Heap Blocks": 13195,
                    "Lossy Heap Blocks": 0,
                    "Plans": [
                      {
                        "Node Type": "Bitmap Index Scan",
                        "Parent Relationship": "Outer",
                        "Parallel Aware": false,
                        "Index Name": "keyword_id_movie_keyword",
                        "Startup Cost": 0.0,
                        "Total Cost": 23470.59,
                        "Plan Rows": 1119754,
                        "Plan Width": 0,
                        "Actual Startup Time": 62.844,
                        "Actual Total Time": 62.844,
                        "Actual Rows": 1130766,
                        "Actual Loops": 1,
                        "Index Cond": "(keyword_id < 1230)"
                      }
                    ]
                  },
                  {
                    "Node Type": "Hash",
                    "Parent Relationship": "Inner",
                    "Parallel Aware": true,
                    "Startup Cost": 50870.31,
                    "Total Cost": 50870.31,
                    "Plan Rows": 1487231,
                    "Plan Width": 4,
                    "Actual Startup Time": 504.102,
                    "Actual Total Time": 504.103,
                    "Actual Rows": 1264156,
                    "Actual Loops": 2,
                    "Hash Buckets": 4194304,
                    "Original Hash Buckets": 4194304,
                    "Hash Batches": 1,
                    "Original Hash Batches": 1,
                    "Peak Memory Usage": 131712,
                    "Plans": [
                      {
                        "Node Type": "Seq Scan",
                        "Parent Relationship": "Outer",
                        "Parallel Aware": true,
                        "Relation Name": "title",
                        "Alias": "t",
                        "Startup Cost": 0.0,
                        "Total Cost": 50870.31,
                        "Plan Rows": 1487231,
                        "Plan Width": 4,
                        "Actual Startup Time": 0.024,
                        "Actual Total Time": 146.197,
                        "Actual Rows": 1264156,
                        "Actual Loops": 2
                      }
                    ]
                  }
                ]
              }
            ]
          }
        ]
      }
    ]
  },
  "Planning Time": 0.321,
  "Triggers": [],
  "Execution Time": 877.552
}