[
  {
    "Plan": {
      "Node Type": "Aggregate",
      "Strategy": "Plain",
      "Partial Mode": "Finalize",
      "Parallel Aware": false,
      "Startup Cost": 16386.62,
      "Total Cost": 16386.63,
      "Plan Rows": 1,
      "Plan Width": 8,
      "Actual Startup Time": 19.217,
      "Actual Total Time": 22.434,
      "Actual Rows": 1,
      "Actual Loops": 1,
      "Plans": [
        {
          "Node Type": "Gather",
          "Parent Relationship": "Outer",
          "Parallel Aware": false,
          "Startup Cost": 16386.4,
          "Total Cost": 16386.61,
          "Plan Rows": 2,
          "Plan Width": 8,
          "Actual Startup Time": 19.013,
          "Actual Total Time": 22.425,
          "Actual Rows": 3,
          "Actual Loops": 1,
          "Workers Planned": 2,
          "Workers Launched": 2,
          "Single Copy": false,
          "Plans": [
            {
              "Node Type": "Aggregate",
              "Strategy": "Plain",
              "Partial Mode": "Partial",
              "Parent Relationship": "Outer",
              "Parallel Aware": false,
              "Startup Cost": 15386.4,
              "Total Cost": 15386.41,
              "Plan Rows": 1,
              "Plan Width": 8,
              "Actual Startup Time": 10.699,
              "Actual Total Time": 10.701,
              "Actual Rows": 1,
              "Actual Loops": 3,
              "Plans": [
                {
                  "Node Type": "Nested Loop",
                  "Parent Relationship": "Outer",
                  "Parallel Aware": false,
                  "Join Type": "Inner",
                  "Startup Cost": 80.72,
                  "Total Cost": 15386.3,
                  "Plan Rows": 41,
                  "Plan Width": 0,
                  "Actual Startup Time": 4.8,
                  "Actual Total Time": 10.692,
                  "Actual Rows": 3,
                  "Actual Loops": 3,
                  "Inner Unique": true,
                  "Plans": [
                    {
                      "Node Type": "Bitmap Heap Scan",
                      "Parent Relationship": "Outer",
                      "Parallel Aware": true,
                      "Relation Name": "movie_companies",
                      "Alias": "mc",
                      "Startup Cost": 80.29,
                      "Total Cost": 9217.56,
                      "Plan Rows": 773,
                      "Plan Width": 4,
                      "Actual Startup Time": 2.071,
                      "Actual Total Time": 3.593,
                      "Actual Rows": 478,
                      "Actual Loops": 3,
                      "Recheck Cond": "(company_id = 181)",
                      "Rows Removed by Index Recheck": 0,
                      "Filter": "(company_type_id = 2)",
                      "Rows Removed by Filter": 649,
                      "Exact Heap Blocks": 1039,
                      "Lossy Heap Blocks": 0,
                      "Plans": [
                        {
                          "Node Type": "Bitmap Index Scan",
                          "Parent Relationship": "Outer",
                          "Parallel Aware": false,
                          "Index Name": "company_id_movie_companies",
                          "Startup Cost": 0.0,
                          "Total Cost": 79.83,
                          "Plan Rows": 3653,
                          "Plan Width": 0,
                          "Actual Startup Time": 2.875,
                          "Actual Total Time": 2.875,
                          "Actual Rows": 3380,
                          "Actual Loops": 1,
                          "Index Cond": "(company_id = 181)"
                        }
                      ]
                    },
                    {
                      "Node Type": "Index Scan",
                      "Parent Relationship": "Inner",
                      "Parallel Aware": false,
                      "Scan Direction": "Forward",
                      "Index Name": "title_pkey",
                      "Relation Name": "title",
                      "Alias": "t",
                      "Startup Cost": 0.43,
                      "Total Cost": 7.98,
                      "Plan Rows": 1,
                      "Plan Width": 4,
                      "Actual Startup Time": 0.014,
                      "Actual Total Time": 0.014,
                      "Actual Rows": 0,
                      "Actual Loops": 1433,
                      "Index Cond": "(id = mc.movie_id)",
                      "Rows Removed by Index Recheck": 0,
                      "Filter": "((kind_id < 7) AND (production_year < 1969))",
                      "Rows Removed by Filter": 1
                    }
                  ]
                }
              ]
            }
          ]
        }
      ]
    },
    "Planning Time": 0.639,
    "Triggers": [],
    "Execution Time": 22.52
  }
]