[
  {
    "Plan": {
      "Node Type": "Aggregate",
      "Strategy": "Plain",
      "Partial Mode": "Finalize",
      "Parallel Aware": false,
      "Startup Cost": 46193.68,
      "Total Cost": 46193.69,
      "Plan Rows": 1,
      "Plan Width": 8,
      "Actual Startup Time": 182.164,
      "Actual Total Time": 190.163,
      "Actual Rows": 1,
      "Actual Loops": 1,
      "Plans": [
        {
          "Node Type": "Gather",
          "Parent Relationship": "Outer",
          "Parallel Aware": false,
          "Startup Cost": 46193.36,
          "Total Cost": 46193.67,
          "Plan Rows": 3,
          "Plan Width": 8,
          "Actual Startup Time": 182.026,
          "Actual Total Time": 190.154,
          "Actual Rows": 4,
          "Actual Loops": 1,
          "Workers Planned": 3,
          "Workers Launched": 3,
          "Single Copy": false,
          "Plans": [
            {
              "Node Type": "Aggregate",
              "Strategy": "Plain",
              "Partial Mode": "Partial",
              "Parent Relationship": "Outer",
              "Parallel Aware": false,
              "Startup Cost": 45193.36,
              "Total Cost": 45193.37,
              "Plan Rows": 1,
              "Plan Width": 8,
              "Actual Startup Time": 175.896,
              "Actual Total Time": 175.897,
              "Actual Rows": 1,
              "Actual Loops": 4,
              "Plans": [
                {
                  "Node Type": "Seq Scan",
                  "Parent Relationship": "Outer",
                  "Parallel Aware": true,
                  "Relation Name": "movie_keyword",
                  "Alias": "mk",
                  "Startup Cost": 0.0,
                  "Total Cost": 42695.65,
                  "Plan Rows": 999084,
                  "Plan Width": 0,
                  "Actual Startup Time": 0.306,
                  "Actual Total Time": 134.484,
                  "Actual Rows": 771083,
                  "Actual Loops": 4,
                  "Filter": "(keyword_id > 2003)",
                  "Rows Removed by Filter": 359899
                }
              ]
            }
          ]
        }
      ]
    },
    "Planning Time": 0.182,
    "Triggers": [],
    "Execution Time": 190.224
  }
]