[
  {
    "Plan": {
      "Node Type": "Aggregate",
      "Strategy": "Plain",
      "Partial Mode": "Finalize",
      "Parallel Aware": false,
      "Startup Cost": 32119.53,
      "Total Cost": 32119.54,
      "Plan Rows": 1,
      "Plan Width": 8,
      "Actual Startup Time": 113.482,
      "Actual Total Time": 119.185,
      "Actual Rows": 1,
      "Actual Loops": 1,
      "Plans": [
        {
          "Node Type": "Gather",
          "Parent Relationship": "Outer",
          "Parallel Aware": false,
          "Startup Cost": 32119.21,
          "Total Cost": 32119.52,
          "Plan Rows": 3,
          "Plan Width": 8,
          "Actual Startup Time": 113.38,
          "Actual Total Time": 119.177,
          "Actual Rows": 4,
          "Actual Loops": 1,
          "Workers Planned": 3,
          "Workers Launched": 3,
          "Single Copy": false,
          "Plans": [
            {
              "Node Type": "Aggregate",
              "Strategy": "Plain",
              "Partial Mode": "Partial",
              "Parent Relationship": "Outer",
              "Parallel Aware": false,
              "Startup Cost": 31119.21,
              "Total Cost": 31119.22,
              "Plan Rows": 1,
              "Plan Width": 8,
              "Actual Startup Time": 108.106,
              "Actual Total Time": 108.107,
              "Actual Rows": 1,
              "Actual Loops": 4,
              "Plans": [
                {
                  "Node Type": "Seq Scan",
                  "Parent Relationship": "Outer",
                  "Parallel Aware": true,
                  "Relation Name": "movie_companies",
                  "Alias": "mc",
                  "Startup Cost": 0.0,
                  "Total Cost": 29310.68,
                  "Plan Rows": 723413,
                  "Plan Width": 0,
                  "Actual Startup Time": 0.091,
                  "Actual Total Time": 80.978,
                  "Actual Rows": 561921,
                  "Actual Loops": 4,
                  "Filter": "(company_id > 181)",
                  "Rows Removed by Filter": 90361
                }
              ]
            }
          ]
        }
      ]
    },
    "Planning Time": 0.167,
    "Triggers": [],
    "Execution Time": 119.236
  }
]