[
  {
    "Plan": {
      "Node Type": "Aggregate",
      "Strategy": "Plain",
      "Partial Mode": "Finalize",
      "Parallel Aware": false,
      "Startup Cost": 31809.03,
      "Total Cost": 31809.04,
      "Plan Rows": 1,
      "Plan Width": 8,
      "Actual Startup Time": 111.344,
      "Actual Total Time": 119.847,
      "Actual Rows": 1,
      "Actual Loops": 1,
      "Plans": [
        {
          "Node Type": "Gather",
          "Parent Relationship": "Outer",
          "Parallel Aware": false,
          "Startup Cost": 31808.72,
          "Total Cost": 31809.03,
          "Plan Rows": 3,
          "Plan Width": 8,
          "Actual Startup Time": 111.22,
          "Actual Total Time": 119.838,
          "Actual Rows": 4,
          "Actual Loops": 1,
          "Workers Planned": 3,
          "Workers Launched": 3,
          "Single Copy": false,
          "Plans": [
            {
              "Node Type": "Aggregate",
              "Strategy": "Plain",
              "Partial Mode": "Partial",
              "Parent Relationship": "Outer",
              "Parallel Aware": false,
              "Startup Cost": 30808.72,
              "Total Cost": 30808.73,
              "Plan Rows": 1,
              "Plan Width": 8,
              "Actual Startup Time": 107.306,
              "Actual Total Time": 107.307,
              "Actual Rows": 1,
              "Actual Loops": 4,
              "Plans": [
                {
                  "Node Type": "Seq Scan",
                  "Parent Relationship": "Outer",
                  "Parallel Aware": true,
                  "Relation Name": "movie_companies",
                  "Alias": "mc",
                  "Startup Cost": 0.0,
                  "Total Cost": 29310.68,
                  "Plan Rows": 599214,
                  "Plan Width": 0,
                  "Actual Startup Time": 0.649,
                  "Actual Total Time": 84.14,
                  "Actual Rows": 464544,
                  "Actual Loops": 4,
                  "Filter": "(company_id > 1461)",
                  "Rows Removed by Filter": 187738
                }
              ]
            }
          ]
        }
      ]
    },
    "Planning Time": 0.148,
    "Triggers": [],
    "Execution Time": 119.895
  }
]