[
  {
    "Plan": {
      "Node Type": "Aggregate",
      "Strategy": "Plain",
      "Partial Mode": "Finalize",
      "Parallel Aware": false,
      "Startup Cost": 38490.47,
      "Total Cost": 38490.48,
      "Plan Rows": 1,
      "Plan Width": 8,
      "Actual Startup Time": 136.871,
      "Actual Total Time": 147.896,
      "Actual Rows": 1,
      "Actual Loops": 1,
      "Plans": [
        {
          "Node Type": "Gather",
          "Parent Relationship": "Outer",
          "Parallel Aware": false,
          "Startup Cost": 38490.15,
          "Total Cost": 38490.46,
          "Plan Rows": 3,
          "Plan Width": 8,
          "Actual Startup Time": 136.561,
          "Actual Total Time": 147.888,
          "Actual Rows": 4,
          "Actual Loops": 1,
          "Workers Planned": 3,
          "Workers Launched": 3,
          "Single Copy": false,
          "Plans": [
            {
              "Node Type": "Aggregate",
              "Strategy": "Plain",
              "Partial Mode": "Partial",
              "Parent Relationship": "Outer",
              "Parallel Aware": false,
              "Startup Cost": 37490.15,
              "Total Cost": 37490.16,
              "Plan Rows": 1,
              "Plan Width": 8,
              "Actual Startup Time": 127.786,
              "Actual Total Time": 127.788,
              "Actual Rows": 1,
              "Actual Loops": 4,
              "Plans": [
                {
                  "Node Type": "Bitmap Heap Scan",
                  "Parent Relationship": "Outer",
                  "Parallel Aware": true,
                  "Relation Name": "movie_keyword",
                  "Alias": "mk",
                  "Startup Cost": 10614.73,
                  "Total Cost": 37086.58,
                  "Plan Rows": 161428,
                  "Plan Width": 0,
                  "Actual Startup Time": 45.251,
                  "Actual Total Time": 119.873,
                  "Actual Rows": 124812,
                  "Actual Loops": 4,
                  "Recheck Cond": "(keyword_id > 36126)",
                  "Rows Removed by Index Recheck": 0,
                  "Exact Heap Blocks": 11639,
                  "Lossy Heap Blocks": 0,
                  "Plans": [
                    {
                      "Node Type": "Bitmap Index Scan",
                      "Parent Relationship": "Outer",
                      "Parallel Aware": false,
                      "Index Name": "keyword_id_movie_keyword",
                      "Startup Cost": 0.0,
                      "Total Cost": 10489.63,
                      "Plan Rows": 500426,
                      "Plan Width": 0,
                      "Actual Startup Time": 49.886,
                      "Actual Total Time": 49.886,
                      "Actual Rows": 499246,
                      "Actual Loops": 1,
                      "Index Cond": "(keyword_id > 36126)"
                    }
                  ]
                }
              ]
            }
          ]
        }
      ]
    },
    "Planning Time": 0.157,
    "Triggers": [],
    "Execution Time": 147.962
  }
]