[
  {
    "Plan": {
      "Node Type": "Aggregate",
      "Strategy": "Plain",
      "Partial Mode": "Finalize",
      "Parallel Aware": false,
      "Startup Cost": 263095.14,
      "Total Cost": 263095.15,
      "Plan Rows": 1,
      "Plan Width": 8,
      "Actual Startup Time": 1171.508,
      "Actual Total Time": 1261.095,
      "Actual Rows": 1,
      "Actual Loops": 1,
      "Plans": [
        {
          "Node Type": "Gather",
          "Parent Relationship": "Outer",
          "Parallel Aware": false,
          "Startup Cost": 263094.82,
          "Total Cost": 263095.13,
          "Plan Rows": 3,
          "Plan Width": 8,
          "Actual Startup Time": 1168.699,
          "Actual Total Time": 1261.088,
          "Actual Rows": 4,
          "Actual Loops": 1,
          "Workers Planned": 3,
          "Workers Launched": 3,
          "Single Copy": false,
          "Plans": [
            {
              "Node Type": "Aggregate",
              "Strategy": "Plain",
              "Partial Mode": "Partial",
              "Parent Relationship": "Outer",
              "Parallel Aware": false,
              "Startup Cost": 262094.82,
              "Total Cost": 262094.83,
              "Plan Rows": 1,
              "Plan Width": 8,
              "Actual Startup Time": 1162.571,
              "Actual Total Time": 1162.575,
              "Actual Rows": 1,
              "Actual Loops": 4,
              "Plans": [
                {
                  "Node Type": "Nested Loop",
                  "Parent Relationship": "Outer",
                  "Parallel Aware": false,
                  "Join Type": "Inner",
                  "Startup Cost": 47097.28,
                  "Total Cost": 260317.43,
                  "Plan Rows": 710959,
                  "Plan Width": 0,
                  "Actual Startup Time": 167.521,
                  "Actual Total Time": 1129.785,
                  "Actual Rows": 635594,
                  "Actual Loops": 4,
                  "Inner Unique": false,
                  "Join Filter": "(t.id = ci.movie_id)",
                  "Rows Removed by Join Filter": 0,
                  "Plans": [
                    {
                      "Node Type": "Hash Join",
                      "Parent Relationship": "Outer",
                      "Parallel Aware": true,
                      "Join Type": "Inner",
                      "Startup Cost": 47096.71,
                      "Total Cost": 79147.52,
                      "Plan Rows": 49587,
                      "Plan Width": 8,
                      "Actual Startup Time": 167.413,
                      "Actual Total Time": 251.603,
                      "Actual Rows": 23674,
                      "Actual Loops": 4,
                      "Inner Unique": true,
                      "Hash Cond": "(mc.movie_id = t.id)",
                      "Plans": [
                        {
                          "Node Type": "Seq Scan",
                          "Parent Relationship": "Outer",
                          "Parallel Aware": true,
                          "Relation Name": "movie_companies",
                          "Alias": "mc",
                          "Startup Cost": 0.0,
                          "Total Cost": 31414.82,
                          "Plan Rows": 242282,
                          "Plan Width": 4,
                          "Actual Startup Time": 32.822,
                          "Actual Total Time": 67.813,
                          "Actual Rows": 117700,
                          "Actual Loops": 4,
                          "Filter": "((company_id < 13515) AND (company_type_id = 2))",
                          "Rows Removed by Filter": 534582
                        },
                        {
                          "Node Type": "Hash",
                          "Parent Relationship": "Inner",
                          "Parallel Aware": true,
                          "Startup Cost": 45479.59,
                          "Total Cost": 45479.59,
                          "Plan Rows": 129370,
                          "Plan Width": 4,
                          "Actual Startup Time": 132.507,
                          "Actual Total Time": 132.508,
                          "Actual Rows": 110230,
                          "Actual Loops": 4,
                          "Hash Buckets": 524288,
                          "Original Hash Buckets": 524288,
                          "Hash Batches": 1,
                          "Original Hash Batches": 1,
                          "Peak Memory Usage": 21408,
                          "Plans": [
                            {
                              "Node Type": "Seq Scan",
                              "Parent Relationship": "Outer",
                              "Parallel Aware": true,
                              "Relation Name": "title",
                              "Alias": "t",
                              "Startup Cost": 0.0,
                              "Total Cost": 45479.59,
                              "Plan Rows": 129370,
                              "Plan Width": 4,
                              "Actual Startup Time": 0.041,
                              "Actual Total Time": 95.296,
                              "Actual Rows": 110230,
                              "Actual Loops": 4,
                              "Filter": "((kind_id < 7) AND (production_year > 2001))",
                              "Rows Removed by Filter": 521848
                            }
                          ]
                        }
                      ]
                    },
                    {
                      "Node Type": "Index Only Scan",
                      "Parent Relationship": "Inner",
                      "Parallel Aware": false,
                      "Scan Direction": "Forward",
                      "Index Name": "movie_id_cast_info",
                      "Relation Name": "cast_info",
                      "Alias": "ci",
                      "Startup Cost": 0.56,
                      "Total Cost": 3.22,
                      "Plan Rows": 35,
                      "Plan Width": 4,
                      "Actual Startup Time": 0.006,
                      "Actual Total Time": 0.034,
                      "Actual Rows": 27,
                      "Actual Loops": 94698,
                      "Index Cond": "(movie_id = mc.movie_id)",
                      "Rows Removed by Index Recheck": 0,
                      "Heap Fetches": 2542377
                    }
                  ]
                }
              ]
            }
          ]
        }
      ]
    },
    "Planning Time": 0.667,
    "Triggers": [],
    "Execution Time": 1261.166
  }
]