[
    {
        "Bao": {
            "Bao prediction": "NaN",
            "Bao recommended hint": "(no hint)"
        }
    },
    {
        "Plan": {
            "Node Type": "Aggregate",
            "Strategy": "Plain",
            "Partial Mode": "Finalize",
            "Parallel Aware": false,
            "Startup Cost": 46493.53,
            "Total Cost": 46493.54,
            "Plan Rows": 1,
            "Plan Width": 8,
            "Actual Startup Time": 89.133,
            "Actual Total Time": 95.808,
            "Actual Rows": 1,
            "Actual Loops": 1,
            "Output": [
                "count(*)"
            ],
            "Plans": [
                {
                    "Node Type": "Gather",
                    "Parent Relationship": "Outer",
                    "Parallel Aware": false,
                    "Startup Cost": 46493.11,
                    "Total Cost": 46493.52,
                    "Plan Rows": 4,
                    "Plan Width": 8,
                    "Actual Startup Time": 89.023,
                    "Actual Total Time": 95.8,
                    "Actual Rows": 5,
                    "Actual Loops": 1,
                    "Output": [
                        "(PARTIAL count(*))"
                    ],
                    "Workers Planned": 4,
                    "Workers Launched": 4,
                    "Single Copy": false,
                    "Plans": [
                        {
                            "Node Type": "Aggregate",
                            "Strategy": "Plain",
                            "Partial Mode": "Partial",
                            "Parent Relationship": "Outer",
                            "Parallel Aware": false,
                            "Startup Cost": 45493.11,
                            "Total Cost": 45493.12,
                            "Plan Rows": 1,
                            "Plan Width": 8,
                            "Actual Startup Time": 80.016,
                            "Actual Total Time": 80.018,
                            "Actual Rows": 1,
                            "Actual Loops": 5,
                            "Output": [
                                "PARTIAL count(*)"
                            ],
                            "Workers": [
                                {
                                    "Worker Number": 0,
                                    "Actual Startup Time": 76.986,
                                    "Actual Total Time": 76.988,
                                    "Actual Rows": 1,
                                    "Actual Loops": 1
                                },
                                {
                                    "Worker Number": 1,
                                    "Actual Startup Time": 77.841,
                                    "Actual Total Time": 77.842,
                                    "Actual Rows": 1,
                                    "Actual Loops": 1
                                },
                                {
                                    "Worker Number": 2,
                                    "Actual Startup Time": 78.301,
                                    "Actual Total Time": 78.301,
                                    "Actual Rows": 1,
                                    "Actual Loops": 1
                                },
                                {
                                    "Worker Number": 3,
                                    "Actual Startup Time": 78.419,
                                    "Actual Total Time": 78.421,
                                    "Actual Rows": 1,
                                    "Actual Loops": 1
                                }
                            ],
                            "Plans": [
                                {
                                    "Node Type": "Seq Scan",
                                    "Parent Relationship": "Outer",
                                    "Parallel Aware": true,
                                    "Relation Name": "title",
                                    "Schema": "public",
                                    "Alias": "t",
                                    "Startup Cost": 0.0,
                                    "Total Cost": 45479.21,
                                    "Plan Rows": 5559,
                                    "Plan Width": 0,
                                    "Actual Startup Time": 0.476,
                                    "Actual Total Time": 79.624,
                                    "Actual Rows": 4485,
                                    "Actual Loops": 5,
                                    "Output": [
                                        "id",
                                        "title",
                                        "imdb_index",
                                        "kind_id",
                                        "production_year",
                                        "imdb_id",
                                        "phonetic_code",
                                        "episode_of_id",
                                        "season_nr",
                                        "episode_nr",
                                        "series_years",
                                        "md5sum"
                                    ],
                                    "Filter": "((t.kind_id < 4) AND (t.production_year = 2013))",
                                    "Rows Removed by Filter": 501177,
                                    "Workers": [
                                        {
                                            "Worker Number": 0,
                                            "Actual Startup Time": 0.54,
                                            "Actual Total Time": 76.606,
                                            "Actual Rows": 4004,
                                            "Actual Loops": 1
                                        },
                                        {
                                            "Worker Number": 1,
                                            "Actual Startup Time": 0.793,
                                            "Actual Total Time": 77.414,
                                            "Actual Rows": 2738,
                                            "Actual Loops": 1
                                        },
                                        {
                                            "Worker Number": 2,
                                            "Actual Startup Time": 0.527,
                                            "Actual Total Time": 77.893,
                                            "Actual Rows": 4283,
                                            "Actual Loops": 1
                                        },
                                        {
                                            "Worker Number": 3,
                                            "Actual Startup Time": 0.39,
                                            "Actual Total Time": 78.023,
                                            "Actual Rows": 4249,
                                            "Actual Loops": 1
                                        }
                                    ]
                                }
                            ]
                        }
                    ]
                }
            ]
        },
        "Planning Time": 229.399,
        "Triggers": [],
        "Execution Time": 95.869
    }
]