{
    "Plan": {
        "Node Type": "Aggregate",
        "Strategy": "Plain",
        "Partial Mode": "Finalize",
        "Parallel Aware": false,
        "Startup Cost": 252853.71,
        "Total Cost": 252853.72,
        "Plan Rows": 1,
        "Plan Width": 8,
        "Actual Startup Time": 1011.66,
        "Actual Total Time": 1060.691,
        "Actual Rows": 1,
        "Actual Loops": 1,
        "Output": [
            "count(*)"
        ],
        "Plans": [
            {
                "Node Type": "Gather",
                "Parent Relationship": "Outer",
                "Parallel Aware": false,
                "Startup Cost": 252853.19,
                "Total Cost": 252853.7,
                "Plan Rows": 5,
                "Plan Width": 8,
                "Actual Startup Time": 1003.207,
                "Actual Total Time": 1060.679,
                "Actual Rows": 6,
                "Actual Loops": 1,
                "Output": [
                    "(PARTIAL count(*))"
                ],
                "Workers Planned": 5,
                "Workers Launched": 5,
                "Single Copy": false,
                "Plans": [
                    {
                        "Node Type": "Aggregate",
                        "Strategy": "Plain",
                        "Partial Mode": "Partial",
                        "Parent Relationship": "Outer",
                        "Parallel Aware": false,
                        "Startup Cost": 251853.19,
                        "Total Cost": 251853.2,
                        "Plan Rows": 1,
                        "Plan Width": 8,
                        "Actual Startup Time": 992.904,
                        "Actual Total Time": 992.907,
                        "Actual Rows": 1,
                        "Actual Loops": 6,
                        "Output": [
                            "PARTIAL count(*)"
                        ],
                        "Workers": [
                            {
                                "Worker Number": 0,
                                "Actual Startup Time": 990.527,
                                "Actual Total Time": 990.531,
                                "Actual Rows": 1,
                                "Actual Loops": 1
                            },
                            {
                                "Worker Number": 1,
                                "Actual Startup Time": 990.553,
                                "Actual Total Time": 990.557,
                                "Actual Rows": 1,
                                "Actual Loops": 1
                            },
                            {
                                "Worker Number": 2,
                                "Actual Startup Time": 990.948,
                                "Actual Total Time": 990.952,
                                "Actual Rows": 1,
                                "Actual Loops": 1
                            },
                            {
                                "Worker Number": 3,
                                "Actual Startup Time": 991.769,
                                "Actual Total Time": 991.772,
                                "Actual Rows": 1,
                                "Actual Loops": 1
                            },
                            {
                                "Worker Number": 4,
                                "Actual Startup Time": 991.219,
                                "Actual Total Time": 991.221,
                                "Actual Rows": 1,
                                "Actual Loops": 1
                            }
                        ],
                        "Plans": [
                            {
                                "Node Type": "Hash Join",
                                "Parent Relationship": "Outer",
                                "Parallel Aware": true,
                                "Join Type": "Inner",
                                "Startup Cost": 46269.28,
                                "Total Cost": 250363.61,
                                "Plan Rows": 595830,
                                "Plan Width": 0,
                                "Actual Startup Time": 178.435,
                                "Actual Total Time": 955.653,
                                "Actual Rows": 684477,
                                "Actual Loops": 6,
                                "Inner Unique": true,
                                "Hash Cond": "(mi.movie_id = t.id)",
                                "Workers": [
                                    {
                                        "Worker Number": 0,
                                        "Actual Startup Time": 176.133,
                                        "Actual Total Time": 954.994,
                                        "Actual Rows": 543170,
                                        "Actual Loops": 1
                                    },
                                    {
                                        "Worker Number": 1,
                                        "Actual Startup Time": 176.14,
                                        "Actual Total Time": 954.856,
                                        "Actual Rows": 547790,
                                        "Actual Loops": 1
                                    },
                                    {
                                        "Worker Number": 2,
                                        "Actual Startup Time": 176.676,
                                        "Actual Total Time": 953.054,
                                        "Actual Rows": 583994,
                                        "Actual Loops": 1
                                    },
                                    {
                                        "Worker Number": 3,
                                        "Actual Startup Time": 176.651,
                                        "Actual Total Time": 953.641,
                                        "Actual Rows": 586306,
                                        "Actual Loops": 1
                                    },
                                    {
                                        "Worker Number": 4,
                                        "Actual Startup Time": 176.825,
                                        "Actual Total Time": 956.53,
                                        "Actual Rows": 864426,
                                        "Actual Loops": 1
                                    }
                                ],
                                "Plans": [
                                    {
                                        "Node Type": "Seq Scan",
                                        "Parent Relationship": "Outer",
                                        "Parallel Aware": true,
                                        "Relation Name": "movie_info",
                                        "Schema": "public",
                                        "Alias": "mi",
                                        "Startup Cost": 0.0,
                                        "Total Cost": 198880.74,
                                        "Plan Rows": 1986127,
                                        "Plan Width": 4,
                                        "Actual Startup Time": 18.541,
                                        "Actual Total Time": 395.372,
                                        "Actual Rows": 1651959,
                                        "Actual Loops": 6,
                                        "Output": [
                                            "mi.id",
                                            "mi.movie_id",
                                            "mi.info_type_id",
                                            "mi.info",
                                            "mi.note"
                                        ],
                                        "Filter": "(mi.info_type_id > 4)",
                                        "Rows Removed by Filter": 820661,
                                        "Workers": [
                                            {
                                                "Worker Number": 0,
                                                "Actual Startup Time": 18.536,
                                                "Actual Total Time": 411.052,
                                                "Actual Rows": 1293324,
                                                "Actual Loops": 1
                                            },
                                            {
                                                "Worker Number": 1,
                                                "Actual Startup Time": 18.554,
                                                "Actual Total Time": 412.066,
                                                "Actual Rows": 1307499,
                                                "Actual Loops": 1
                                            },
                                            {
                                                "Worker Number": 2,
                                                "Actual Startup Time": 18.479,
                                                "Actual Total Time": 409.616,
                                                "Actual Rows": 1407561,
                                                "Actual Loops": 1
                                            },
                                            {
                                                "Worker Number": 3,
                                                "Actual Startup Time": 18.63,
                                                "Actual Total Time": 411.46,
                                                "Actual Rows": 1414606,
                                                "Actual Loops": 1
                                            },
                                            {
                                                "Worker Number": 4,
                                                "Actual Startup Time": 18.512,
                                                "Actual Total Time": 387.353,
                                                "Actual Rows": 2082713,
                                                "Actual Loops": 1
                                            }
                                        ]
                                    },
                                    {
                                        "Node Type": "Hash",
                                        "Parent Relationship": "Inner",
                                        "Parallel Aware": true,
                                        "Startup Cost": 43899.01,
                                        "Total Cost": 43899.01,
                                        "Plan Rows": 189622,
                                        "Plan Width": 4,
                                        "Actual Startup Time": 155.88,
                                        "Actual Total Time": 155.881,
                                        "Actual Rows": 125984,
                                        "Actual Loops": 6,
                                        "Output": [
                                            "t.id"
                                        ],
                                        "Hash Buckets": 1048576,
                                        "Original Hash Buckets": 1048576,
                                        "Hash Batches": 1,
                                        "Original Hash Batches": 1,
                                        "Peak Memory Usage": 37824,
                                        "Workers": [
                                            {
                                                "Worker Number": 0,
                                                "Actual Startup Time": 156.787,
                                                "Actual Total Time": 156.788,
                                                "Actual Rows": 104590,
                                                "Actual Loops": 1
                                            },
                                            {
                                                "Worker Number": 1,
                                                "Actual Startup Time": 156.835,
                                                "Actual Total Time": 156.836,
                                                "Actual Rows": 106594,
                                                "Actual Loops": 1
                                            },
                                            {
                                                "Worker Number": 2,
                                                "Actual Startup Time": 157.216,
                                                "Actual Total Time": 157.217,
                                                "Actual Rows": 110096,
                                                "Actual Loops": 1
                                            },
                                            {
                                                "Worker Number": 3,
                                                "Actual Startup Time": 157.377,
                                                "Actual Total Time": 157.378,
                                                "Actual Rows": 88794,
                                                "Actual Loops": 1
                                            },
                                            {
                                                "Worker Number": 4,
                                                "Actual Startup Time": 157.464,
                                                "Actual Total Time": 157.465,
                                                "Actual Rows": 142312,
                                                "Actual Loops": 1
                                            }
                                        ],
                                        "Plans": [
                                            {
                                                "Node Type": "Seq Scan",
                                                "Parent Relationship": "Outer",
                                                "Parallel Aware": true,
                                                "Relation Name": "title",
                                                "Schema": "public",
                                                "Alias": "t",
                                                "Startup Cost": 0.0,
                                                "Total Cost": 43899.01,
                                                "Plan Rows": 189622,
                                                "Plan Width": 4,
                                                "Actual Startup Time": 0.06,
                                                "Actual Total Time": 92.812,
                                                "Actual Rows": 125984,
                                                "Actual Loops": 6,
                                                "Output": [
                                                    "t.id"
                                                ],
                                                "Filter": "(t.production_year < 1993)",
                                                "Rows Removed by Filter": 295402,
                                                "Workers": [
                                                    {
                                                        "Worker Number": 0,
                                                        "Actual Startup Time": 0.074,
                                                        "Actual Total Time": 95.119,
                                                        "Actual Rows": 104590,
                                                        "Actual Loops": 1
                                                    },
                                                    {
                                                        "Worker Number": 1,
                                                        "Actual Startup Time": 0.064,
                                                        "Actual Total Time": 95.115,
                                                        "Actual Rows": 106594,
                                                        "Actual Loops": 1
                                                    },
                                                    {
                                                        "Worker Number": 2,
                                                        "Actual Startup Time": 0.089,
                                                        "Actual Total Time": 95.558,
                                                        "Actual Rows": 110096,
                                                        "Actual Loops": 1
                                                    },
                                                    {
                                                        "Worker Number": 3,
                                                        "Actual Startup Time": 0.054,
                                                        "Actual Total Time": 95.167,
                                                        "Actual Rows": 88794,
                                                        "Actual Loops": 1
                                                    },
                                                    {
                                                        "Worker Number": 4,
                                                        "Actual Startup Time": 0.055,
                                                        "Actual Total Time": 92.425,
                                                        "Actual Rows": 142312,
                                                        "Actual Loops": 1
                                                    }
                                                ]
                                            }
                                        ]
                                    }
                                ]
                            }
                        ]
                    }
                ]
            }
        ]
    },
    "Planning Time": 0.736,
    "Triggers": [],
    "Execution Time": 1060.777
}