{
    "Plan": {
        "Node Type": "Aggregate",
        "Strategy": "Plain",
        "Partial Mode": "Finalize",
        "Parallel Aware": false,
        "Startup Cost": 128038.4,
        "Total Cost": 128038.41,
        "Plan Rows": 1,
        "Plan Width": 8,
        "Actual Startup Time": 522.51,
        "Actual Total Time": 548.204,
        "Actual Rows": 1,
        "Actual Loops": 1,
        "Output": [
            "count(*)"
        ],
        "Plans": [
            {
                "Node Type": "Gather",
                "Parent Relationship": "Outer",
                "Parallel Aware": false,
                "Startup Cost": 128038.08,
                "Total Cost": 128038.39,
                "Plan Rows": 3,
                "Plan Width": 8,
                "Actual Startup Time": 512.807,
                "Actual Total Time": 548.195,
                "Actual Rows": 4,
                "Actual Loops": 1,
                "Output": [
                    "(PARTIAL count(*))"
                ],
                "Workers Planned": 3,
                "Workers Launched": 3,
                "Single Copy": false,
                "Plans": [
                    {
                        "Node Type": "Aggregate",
                        "Strategy": "Plain",
                        "Partial Mode": "Partial",
                        "Parent Relationship": "Outer",
                        "Parallel Aware": false,
                        "Startup Cost": 127038.08,
                        "Total Cost": 127038.09,
                        "Plan Rows": 1,
                        "Plan Width": 8,
                        "Actual Startup Time": 503.448,
                        "Actual Total Time": 503.454,
                        "Actual Rows": 1,
                        "Actual Loops": 4,
                        "Output": [
                            "PARTIAL count(*)"
                        ],
                        "Workers": [
                            {
                                "Worker Number": 0,
                                "Actual Startup Time": 500.411,
                                "Actual Total Time": 500.416,
                                "Actual Rows": 1,
                                "Actual Loops": 1
                            },
                            {
                                "Worker Number": 1,
                                "Actual Startup Time": 500.423,
                                "Actual Total Time": 500.428,
                                "Actual Rows": 1,
                                "Actual Loops": 1
                            },
                            {
                                "Worker Number": 2,
                                "Actual Startup Time": 500.96,
                                "Actual Total Time": 500.967,
                                "Actual Rows": 1,
                                "Actual Loops": 1
                            }
                        ],
                        "Plans": [
                            {
                                "Node Type": "Hash Join",
                                "Parent Relationship": "Outer",
                                "Parallel Aware": true,
                                "Join Type": "Inner",
                                "Startup Cost": 93839.36,
                                "Total Cost": 126871.03,
                                "Plan Rows": 66823,
                                "Plan Width": 0,
                                "Actual Startup Time": 436.881,
                                "Actual Total Time": 502.533,
                                "Actual Rows": 23816,
                                "Actual Loops": 4,
                                "Inner Unique": false,
                                "Hash Cond": "(mc.movie_id = t.id)",
                                "Workers": [
                                    {
                                        "Worker Number": 0,
                                        "Actual Startup Time": 433.864,
                                        "Actual Total Time": 499.478,
                                        "Actual Rows": 24175,
                                        "Actual Loops": 1
                                    },
                                    {
                                        "Worker Number": 1,
                                        "Actual Startup Time": 433.844,
                                        "Actual Total Time": 499.529,
                                        "Actual Rows": 23073,
                                        "Actual Loops": 1
                                    },
                                    {
                                        "Worker Number": 2,
                                        "Actual Startup Time": 434.372,
                                        "Actual Total Time": 500.019,
                                        "Actual Rows": 24436,
                                        "Actual Loops": 1
                                    }
                                ],
                                "Plans": [
                                    {
                                        "Node Type": "Seq Scan",
                                        "Parent Relationship": "Outer",
                                        "Parallel Aware": true,
                                        "Relation Name": "movie_companies",
                                        "Schema": "public",
                                        "Alias": "mc",
                                        "Startup Cost": 0.0,
                                        "Total Cost": 31414.82,
                                        "Plan Rows": 373677,
                                        "Plan Width": 4,
                                        "Actual Startup Time": 29.426,
                                        "Actual Total Time": 65.594,
                                        "Actual Rows": 316443,
                                        "Actual Loops": 4,
                                        "Output": [
                                            "mc.id",
                                            "mc.movie_id",
                                            "mc.company_id",
                                            "mc.company_type_id",
                                            "mc.note"
                                        ],
                                        "Filter": "((mc.company_id > 160) AND (mc.company_type_id = 2))",
                                        "Rows Removed by Filter": 335840,
                                        "Workers": [
                                            {
                                                "Worker Number": 0,
                                                "Actual Startup Time": 29.449,
                                                "Actual Total Time": 65.894,
                                                "Actual Rows": 312749,
                                                "Actual Loops": 1
                                            },
                                            {
                                                "Worker Number": 1,
                                                "Actual Startup Time": 29.371,
                                                "Actual Total Time": 65.832,
                                                "Actual Rows": 309206,
                                                "Actual Loops": 1
                                            },
                                            {
                                                "Worker Number": 2,
                                                "Actual Startup Time": 29.446,
                                                "Actual Total Time": 64.256,
                                                "Actual Rows": 279284,
                                                "Actual Loops": 1
                                            }
                                        ]
                                    },
                                    {
                                        "Node Type": "Hash",
                                        "Parent Relationship": "Inner",
                                        "Parallel Aware": true,
                                        "Startup Cost": 92016.26,
                                        "Total Cost": 92016.26,
                                        "Plan Rows": 145848,
                                        "Plan Width": 8,
                                        "Actual Startup Time": 400.065,
                                        "Actual Total Time": 400.069,
                                        "Actual Rows": 29500,
                                        "Actual Loops": 4,
                                        "Output": [
                                            "t.id",
                                            "mk.movie_id"
                                        ],
                                        "Hash Buckets": 524288,
                                        "Original Hash Buckets": 524288,
                                        "Hash Batches": 1,
                                        "Original Hash Batches": 1,
                                        "Peak Memory Usage": 8736,
                                        "Workers": [
                                            {
                                                "Worker Number": 0,
                                                "Actual Startup Time": 399.828,
                                                "Actual Total Time": 399.832,
                                                "Actual Rows": 28340,
                                                "Actual Loops": 1
                                            },
                                            {
                                                "Worker Number": 1,
                                                "Actual Startup Time": 399.714,
                                                "Actual Total Time": 399.717,
                                                "Actual Rows": 28536,
                                                "Actual Loops": 1
                                            },
                                            {
                                                "Worker Number": 2,
                                                "Actual Startup Time": 400.288,
                                                "Actual Total Time": 400.293,
                                                "Actual Rows": 25352,
                                                "Actual Loops": 1
                                            }
                                        ],
                                        "Plans": [
                                            {
                                                "Node Type": "Hash Join",
                                                "Parent Relationship": "Outer",
                                                "Parallel Aware": true,
                                                "Join Type": "Inner",
                                                "Startup Cost": 48689.12,
                                                "Total Cost": 92016.26,
                                                "Plan Rows": 145848,
                                                "Plan Width": 8,
                                                "Actual Startup Time": 260.602,
                                                "Actual Total Time": 393.083,
                                                "Actual Rows": 29500,
                                                "Actual Loops": 4,
                                                "Output": [
                                                    "t.id",
                                                    "mk.movie_id"
                                                ],
                                                "Inner Unique": true,
                                                "Hash Cond": "(mk.movie_id = t.id)",
                                                "Workers": [
                                                    {
                                                        "Worker Number": 0,
                                                        "Actual Startup Time": 260.306,
                                                        "Actual Total Time": 392.738,
                                                        "Actual Rows": 28340,
                                                        "Actual Loops": 1
                                                    },
                                                    {
                                                        "Worker Number": 1,
                                                        "Actual Startup Time": 260.308,
                                                        "Actual Total Time": 393.484,
                                                        "Actual Rows": 28536,
                                                        "Actual Loops": 1
                                                    },
                                                    {
                                                        "Worker Number": 2,
                                                        "Actual Startup Time": 260.791,
                                                        "Actual Total Time": 393.337,
                                                        "Actual Rows": 25352,
                                                        "Actual Loops": 1
                                                    }
                                                ],
                                                "Plans": [
                                                    {
                                                        "Node Type": "Seq Scan",
                                                        "Parent Relationship": "Outer",
                                                        "Parallel Aware": true,
                                                        "Relation Name": "movie_keyword",
                                                        "Schema": "public",
                                                        "Alias": "mk",
                                                        "Startup Cost": 0.0,
                                                        "Total Cost": 42695.65,
                                                        "Plan Rows": 240567,
                                                        "Plan Width": 4,
                                                        "Actual Startup Time": 1.908,
                                                        "Actual Total Time": 98.186,
                                                        "Actual Rows": 183243,
                                                        "Actual Loops": 4,
                                                        "Output": [
                                                            "mk.id",
                                                            "mk.movie_id",
                                                            "mk.keyword_id"
                                                        ],
                                                        "Filter": "(mk.keyword_id > 25672)",
                                                        "Rows Removed by Filter": 947740,
                                                        "Workers": [
                                                            {
                                                                "Worker Number": 0,
                                                                "Actual Startup Time": 1.833,
                                                                "Actual Total Time": 100.416,
                                                                "Actual Rows": 172173,
                                                                "Actual Loops": 1
                                                            },
                                                            {
                                                                "Worker Number": 1,
                                                                "Actual Startup Time": 1.985,
                                                                "Actual Total Time": 100.177,
                                                                "Actual Rows": 170634,
                                                                "Actual Loops": 1
                                                            },
                                                            {
                                                                "Worker Number": 2,
                                                                "Actual Startup Time": 1.998,
                                                                "Actual Total Time": 99.542,
                                                                "Actual Rows": 159322,
                                                                "Actual Loops": 1
                                                            }
                                                        ]
                                                    },
                                                    {
                                                        "Node Type": "Hash",
                                                        "Parent Relationship": "Inner",
                                                        "Parallel Aware": true,
                                                        "Startup Cost": 43899.01,
                                                        "Total Cost": 43899.01,
                                                        "Plan Rows": 383209,
                                                        "Plan Width": 4,
                                                        "Actual Startup Time": 253.274,
                                                        "Actual Total Time": 253.275,
                                                        "Actual Rows": 385816,
                                                        "Actual Loops": 4,
                                                        "Output": [
                                                            "t.id"
                                                        ],
                                                        "Hash Buckets": 2097152,
                                                        "Original Hash Buckets": 2097152,
                                                        "Hash Batches": 1,
                                                        "Original Hash Batches": 1,
                                                        "Peak Memory Usage": 76800,
                                                        "Workers": [
                                                            {
                                                                "Worker Number": 0,
                                                                "Actual Startup Time": 258.198,
                                                                "Actual Total Time": 258.199,
                                                                "Actual Rows": 371221,
                                                                "Actual Loops": 1
                                                            },
                                                            {
                                                                "Worker Number": 1,
                                                                "Actual Startup Time": 258.247,
                                                                "Actual Total Time": 258.248,
                                                                "Actual Rows": 358088,
                                                                "Actual Loops": 1
                                                            },
                                                            {
                                                                "Worker Number": 2,
                                                                "Actual Startup Time": 258.736,
                                                                "Actual Total Time": 258.737,
                                                                "Actual Rows": 321204,
                                                                "Actual Loops": 1
                                                            }
                                                        ],
                                                        "Plans": [
                                                            {
                                                                "Node Type": "Seq Scan",
                                                                "Parent Relationship": "Outer",
                                                                "Parallel Aware": true,
                                                                "Relation Name": "title",
                                                                "Schema": "public",
                                                                "Alias": "t",
                                                                "Startup Cost": 0.0,
                                                                "Total Cost": 43899.01,
                                                                "Plan Rows": 383209,
                                                                "Plan Width": 4,
                                                                "Actual Startup Time": 0.069,
                                                                "Actual Total Time": 102.341,
                                                                "Actual Rows": 385816,
                                                                "Actual Loops": 4,
                                                                "Output": [
                                                                    "t.id"
                                                                ],
                                                                "Filter": "(t.kind_id = 7)",
                                                                "Rows Removed by Filter": 246262,
                                                                "Workers": [
                                                                    {
                                                                        "Worker Number": 0,
                                                                        "Actual Startup Time": 0.091,
                                                                        "Actual Total Time": 106.592,
                                                                        "Actual Rows": 371221,
                                                                        "Actual Loops": 1
                                                                    },
                                                                    {
                                                                        "Worker Number": 1,
                                                                        "Actual Startup Time": 0.087,
                                                                        "Actual Total Time": 106.95,
                                                                        "Actual Rows": 358088,
                                                                        "Actual Loops": 1
                                                                    },
                                                                    {
                                                                        "Worker Number": 2,
                                                                        "Actual Startup Time": 0.083,
                                                                        "Actual Total Time": 103.554,
                                                                        "Actual Rows": 321204,
                                                                        "Actual Loops": 1
                                                                    }
                                                                ]
                                                            }
                                                        ]
                                                    }
                                                ]
                                            }
                                        ]
                                    }
                                ]
                            }
                        ]
                    }
                ]
            }
        ]
    },
    "Planning Time": 1.634,
    "Triggers": [],
    "Execution Time": 548.292
}