[
  {
    "Plan": {
      "Node Type": "Aggregate",
      "Strategy": "Plain",
      "Partial Mode": "Finalize",
      "Parallel Aware": false,
      "Startup Cost": 70990.37,
      "Total Cost": 70990.38,
      "Plan Rows": 1,
      "Plan Width": 8,
      "Actual Startup Time": 163.268,
      "Actual Total Time": 175.853,
      "Actual Rows": 1,
      "Actual Loops": 1,
      "Plans": [
        {
          "Node Type": "Gather",
          "Parent Relationship": "Outer",
          "Parallel Aware": false,
          "Startup Cost": 70990.05,
          "Total Cost": 70990.36,
          "Plan Rows": 3,
          "Plan Width": 8,
          "Actual Startup Time": 162.252,
          "Actual Total Time": 175.842,
          "Actual Rows": 4,
          "Actual Loops": 1,
          "Workers Planned": 3,
          "Workers Launched": 3,
          "Single Copy": false,
          "Plans": [
            {
              "Node Type": "Aggregate",
              "Strategy": "Plain",
              "Partial Mode": "Partial",
              "Parent Relationship": "Outer",
              "Parallel Aware": false,
              "Startup Cost": 69990.05,
              "Total Cost": 69990.06,
              "Plan Rows": 1,
              "Plan Width": 8,
              "Actual Startup Time": 152.835,
              "Actual Total Time": 152.838,
              "Actual Rows": 1,
              "Actual Loops": 4,
              "Plans": [
                {
                  "Node Type": "Hash Join",
                  "Parent Relationship": "Outer",
                  "Parallel Aware": true,
                  "Join Type": "Inner",
                  "Startup Cost": 38313.39,
                  "Total Cost": 69981.0,
                  "Plan Rows": 3621,
                  "Plan Width": 0,
                  "Actual Startup Time": 76.659,
                  "Actual Total Time": 152.222,
                  "Actual Rows": 14457,
                  "Actual Loops": 4,
                  "Inner Unique": true,
                  "Hash Cond": "(mc.movie_id = t.id)",
                  "Plans": [
                    {
                      "Node Type": "Seq Scan",
                      "Parent Relationship": "Outer",
                      "Parallel Aware": true,
                      "Relation Name": "movie_companies",
                      "Alias": "mc",
                      "Startup Cost": 0.0,
                      "Total Cost": 31414.82,
                      "Plan Rows": 96301,
                      "Plan Width": 4,
                      "Actual Startup Time": 0.009,
                      "Actual Total Time": 60.29,
                      "Actual Rows": 109454,
                      "Actual Loops": 4,
                      "Filter": "((company_id < 708) AND (company_type_id = 1))",
                      "Rows Removed by Filter": 542828
                    },
                    {
                      "Node Type": "Hash",
                      "Parent Relationship": "Inner",
                      "Parallel Aware": true,
                      "Startup Cost": 38016.31,
                      "Total Cost": 38016.31,
                      "Plan Rows": 23767,
                      "Plan Width": 4,
                      "Actual Startup Time": 74.866,
                      "Actual Total Time": 74.867,
                      "Actual Rows": 22713,
                      "Actual Loops": 4,
                      "Hash Buckets": 131072,
                      "Original Hash Buckets": 131072,
                      "Hash Batches": 1,
                      "Original Hash Batches": 1,
                      "Peak Memory Usage": 4640,
                      "Plans": [
                        {
                          "Node Type": "Bitmap Heap Scan",
                          "Parent Relationship": "Outer",
                          "Parallel Aware": true,
                          "Relation Name": "title",
                          "Alias": "t",
                          "Startup Cost": 1721.21,
                          "Total Cost": 38016.31,
                          "Plan Rows": 23767,
                          "Plan Width": 4,
                          "Actual Startup Time": 19.184,
                          "Actual Total Time": 66.522,
                          "Actual Rows": 22713,
                          "Actual Loops": 4,
                          "Recheck Cond": "(kind_id = 2)",
                          "Rows Removed by Index Recheck": 0,
                          "Exact Heap Blocks": 13172,
                          "Lossy Heap Blocks": 0,
                          "Plans": [
                            {
                              "Node Type": "Bitmap Index Scan",
                              "Parent Relationship": "Outer",
                              "Parallel Aware": false,
                              "Index Name": "kind_id_title",
                              "Startup Cost": 0.0,
                              "Total Cost": 1697.45,
                              "Plan Rows": 95069,
                              "Plan Width": 0,
                              "Actual Startup Time": 16.48,
                              "Actual Total Time": 16.48,
                              "Actual Rows": 90852,
                              "Actual Loops": 1,
                              "Index Cond": "(kind_id = 2)"
                            }
                          ]
                        }
                      ]
                    }
                  ]
                }
              ]
            }
          ]
        }
      ]
    },
    "Planning Time": 0.711,
    "Triggers": [],
    "Execution Time": 175.945
  }
]