[
    {
        "Bao": {
            "Bao prediction": "NaN",
            "Bao recommended hint": "(no hint)"
        }
    },
    {
        "Plan": {
            "Node Type": "Aggregate",
            "Strategy": "Plain",
            "Partial Mode": "Finalize",
            "Parallel Aware": false,
            "Startup Cost": 78529.78,
            "Total Cost": 78529.79,
            "Plan Rows": 1,
            "Plan Width": 8,
            "Actual Startup Time": 275.004,
            "Actual Total Time": 283.371,
            "Actual Rows": 1,
            "Actual Loops": 1,
            "Output": [
                "count(*)"
            ],
            "Plans": [
                {
                    "Node Type": "Gather",
                    "Parent Relationship": "Outer",
                    "Parallel Aware": false,
                    "Startup Cost": 78529.46,
                    "Total Cost": 78529.77,
                    "Plan Rows": 3,
                    "Plan Width": 8,
                    "Actual Startup Time": 273.029,
                    "Actual Total Time": 283.355,
                    "Actual Rows": 4,
                    "Actual Loops": 1,
                    "Output": [
                        "(PARTIAL count(*))"
                    ],
                    "Workers Planned": 3,
                    "Workers Launched": 3,
                    "Single Copy": false,
                    "Plans": [
                        {
                            "Node Type": "Aggregate",
                            "Strategy": "Plain",
                            "Partial Mode": "Partial",
                            "Parent Relationship": "Outer",
                            "Parallel Aware": false,
                            "Startup Cost": 77529.46,
                            "Total Cost": 77529.47,
                            "Plan Rows": 1,
                            "Plan Width": 8,
                            "Actual Startup Time": 264.843,
                            "Actual Total Time": 264.846,
                            "Actual Rows": 1,
                            "Actual Loops": 4,
                            "Output": [
                                "PARTIAL count(*)"
                            ],
                            "Workers": [
                                {
                                    "Worker Number": 0,
                                    "Actual Startup Time": 261.998,
                                    "Actual Total Time": 262.001,
                                    "Actual Rows": 1,
                                    "Actual Loops": 1
                                },
                                {
                                    "Worker Number": 1,
                                    "Actual Startup Time": 262.192,
                                    "Actual Total Time": 262.195,
                                    "Actual Rows": 1,
                                    "Actual Loops": 1
                                },
                                {
                                    "Worker Number": 2,
                                    "Actual Startup Time": 262.46,
                                    "Actual Total Time": 262.462,
                                    "Actual Rows": 1,
                                    "Actual Loops": 1
                                }
                            ],
                            "Plans": [
                                {
                                    "Node Type": "Hash Join",
                                    "Parent Relationship": "Outer",
                                    "Parallel Aware": true,
                                    "Join Type": "Inner",
                                    "Startup Cost": 46963.1,
                                    "Total Cost": 77338.94,
                                    "Plan Rows": 76209,
                                    "Plan Width": 0,
                                    "Actual Startup Time": 133.218,
                                    "Actual Total Time": 257.349,
                                    "Actual Rows": 159494,
                                    "Actual Loops": 4,
                                    "Inner Unique": true,
                                    "Hash Cond": "(mc.movie_id = t.id)",
                                    "Workers": [
                                        {
                                            "Worker Number": 0,
                                            "Actual Startup Time": 130.427,
                                            "Actual Total Time": 254.097,
                                            "Actual Rows": 111207,
                                            "Actual Loops": 1
                                        },
                                        {
                                            "Worker Number": 1,
                                            "Actual Startup Time": 130.664,
                                            "Actual Total Time": 254.893,
                                            "Actual Rows": 169189,
                                            "Actual Loops": 1
                                        },
                                        {
                                            "Worker Number": 2,
                                            "Actual Startup Time": 130.652,
                                            "Actual Total Time": 255.155,
                                            "Actual Rows": 169758,
                                            "Actual Loops": 1
                                        }
                                    ],
                                    "Plans": [
                                        {
                                            "Node Type": "Seq Scan",
                                            "Parent Relationship": "Outer",
                                            "Parallel Aware": true,
                                            "Relation Name": "movie_companies",
                                            "Schema": "public",
                                            "Alias": "mc",
                                            "Startup Cost": 0.0,
                                            "Total Cost": 29310.68,
                                            "Plan Rows": 405776,
                                            "Plan Width": 4,
                                            "Actual Startup Time": 8.208,
                                            "Actual Total Time": 64.315,
                                            "Actual Rows": 315862,
                                            "Actual Loops": 4,
                                            "Output": [
                                                "mc.id",
                                                "mc.movie_id",
                                                "mc.company_id",
                                                "mc.company_type_id",
                                                "mc.note"
                                            ],
                                            "Filter": "(mc.company_id > 11532)",
                                            "Rows Removed by Filter": 336420,
                                            "Workers": [
                                                {
                                                    "Worker Number": 0,
                                                    "Actual Startup Time": 8.198,
                                                    "Actual Total Time": 67.178,
                                                    "Actual Rows": 221818,
                                                    "Actual Loops": 1
                                                },
                                                {
                                                    "Worker Number": 1,
                                                    "Actual Startup Time": 8.208,
                                                    "Actual Total Time": 63.997,
                                                    "Actual Rows": 332775,
                                                    "Actual Loops": 1
                                                },
                                                {
                                                    "Worker Number": 2,
                                                    "Actual Startup Time": 8.205,
                                                    "Actual Total Time": 64.066,
                                                    "Actual Rows": 338186,
                                                    "Actual Loops": 1
                                                }
                                            ]
                                        },
                                        {
                                            "Node Type": "Hash",
                                            "Parent Relationship": "Inner",
                                            "Parallel Aware": true,
                                            "Startup Cost": 45479.21,
                                            "Total Cost": 45479.21,
                                            "Plan Rows": 118711,
                                            "Plan Width": 4,
                                            "Actual Startup Time": 122.948,
                                            "Actual Total Time": 122.948,
                                            "Actual Rows": 124006,
                                            "Actual Loops": 4,
                                            "Output": [
                                                "t.id"
                                            ],
                                            "Hash Buckets": 524288,
                                            "Original Hash Buckets": 524288,
                                            "Hash Batches": 1,
                                            "Original Hash Batches": 1,
                                            "Peak Memory Usage": 23552,
                                            "Workers": [
                                                {
                                                    "Worker Number": 0,
                                                    "Actual Startup Time": 121.495,
                                                    "Actual Total Time": 121.496,
                                                    "Actual Rows": 84521,
                                                    "Actual Loops": 1
                                                },
                                                {
                                                    "Worker Number": 1,
                                                    "Actual Startup Time": 121.675,
                                                    "Actual Total Time": 121.676,
                                                    "Actual Rows": 131995,
                                                    "Actual Loops": 1
                                                },
                                                {
                                                    "Worker Number": 2,
                                                    "Actual Startup Time": 121.708,
                                                    "Actual Total Time": 121.709,
                                                    "Actual Rows": 131462,
                                                    "Actual Loops": 1
                                                }
                                            ],
                                            "Plans": [
                                                {
                                                    "Node Type": "Seq Scan",
                                                    "Parent Relationship": "Outer",
                                                    "Parallel Aware": true,
                                                    "Relation Name": "title",
                                                    "Schema": "public",
                                                    "Alias": "t",
                                                    "Startup Cost": 0.0,
                                                    "Total Cost": 45479.21,
                                                    "Plan Rows": 118711,
                                                    "Plan Width": 4,
                                                    "Actual Startup Time": 51.821,
                                                    "Actual Total Time": 92.143,
                                                    "Actual Rows": 124006,
                                                    "Actual Loops": 4,
                                                    "Output": [
                                                        "t.id"
                                                    ],
                                                    "Filter": "((t.production_year < 2009) AND (t.kind_id = 1))",
                                                    "Rows Removed by Filter": 508072,
                                                    "Workers": [
                                                        {
                                                            "Worker Number": 0,
                                                            "Actual Startup Time": 50.338,
                                                            "Actual Total Time": 92.087,
                                                            "Actual Rows": 84521,
                                                            "Actual Loops": 1
                                                        },
                                                        {
                                                            "Worker Number": 1,
                                                            "Actual Startup Time": 50.536,
                                                            "Actual Total Time": 91.347,
                                                            "Actual Rows": 131995,
                                                            "Actual Loops": 1
                                                        },
                                                        {
                                                            "Worker Number": 2,
                                                            "Actual Startup Time": 50.628,
                                                            "Actual Total Time": 91.272,
                                                            "Actual Rows": 131462,
                                                            "Actual Loops": 1
                                                        }
                                                    ]
                                                }
                                            ]
                                        }
                                    ]
                                }
                            ]
                        }
                    ]
                }
            ]
        },
        "Planning Time": 235.041,
        "Triggers": [],
        "Execution Time": 283.427
    }
]