[
    {
        "Bao": {
            "Bao prediction": "NaN",
            "Bao recommended hint": "(no hint)"
        }
    },
    {
        "Plan": {
            "Node Type": "Aggregate",
            "Strategy": "Plain",
            "Partial Mode": "Finalize",
            "Parallel Aware": false,
            "Startup Cost": 386452.52,
            "Total Cost": 386452.53,
            "Plan Rows": 1,
            "Plan Width": 8,
            "Actual Startup Time": 1510.165,
            "Actual Total Time": 1544.009,
            "Actual Rows": 1,
            "Actual Loops": 1,
            "Output": [
                "count(*)"
            ],
            "Plans": [
                {
                    "Node Type": "Gather",
                    "Parent Relationship": "Outer",
                    "Parallel Aware": false,
                    "Startup Cost": 386451.89,
                    "Total Cost": 386452.5,
                    "Plan Rows": 6,
                    "Plan Width": 8,
                    "Actual Startup Time": 1507.586,
                    "Actual Total Time": 1543.99,
                    "Actual Rows": 7,
                    "Actual Loops": 1,
                    "Output": [
                        "(PARTIAL count(*))"
                    ],
                    "Workers Planned": 6,
                    "Workers Launched": 6,
                    "Single Copy": false,
                    "Plans": [
                        {
                            "Node Type": "Aggregate",
                            "Strategy": "Plain",
                            "Partial Mode": "Partial",
                            "Parent Relationship": "Outer",
                            "Parallel Aware": false,
                            "Startup Cost": 385451.89,
                            "Total Cost": 385451.9,
                            "Plan Rows": 1,
                            "Plan Width": 8,
                            "Actual Startup Time": 1497.133,
                            "Actual Total Time": 1497.22,
                            "Actual Rows": 1,
                            "Actual Loops": 7,
                            "Output": [
                                "PARTIAL count(*)"
                            ],
                            "Workers": [
                                {
                                    "Worker Number": 0,
                                    "Actual Startup Time": 1494.376,
                                    "Actual Total Time": 1494.379,
                                    "Actual Rows": 1,
                                    "Actual Loops": 1
                                },
                                {
                                    "Worker Number": 1,
                                    "Actual Startup Time": 1495.343,
                                    "Actual Total Time": 1495.346,
                                    "Actual Rows": 1,
                                    "Actual Loops": 1
                                },
                                {
                                    "Worker Number": 2,
                                    "Actual Startup Time": 1495.363,
                                    "Actual Total Time": 1495.366,
                                    "Actual Rows": 1,
                                    "Actual Loops": 1
                                },
                                {
                                    "Worker Number": 3,
                                    "Actual Startup Time": 1495.714,
                                    "Actual Total Time": 1495.716,
                                    "Actual Rows": 1,
                                    "Actual Loops": 1
                                },
                                {
                                    "Worker Number": 4,
                                    "Actual Startup Time": 1495.907,
                                    "Actual Total Time": 1495.91,
                                    "Actual Rows": 1,
                                    "Actual Loops": 1
                                },
                                {
                                    "Worker Number": 5,
                                    "Actual Startup Time": 1496.267,
                                    "Actual Total Time": 1496.269,
                                    "Actual Rows": 1,
                                    "Actual Loops": 1
                                }
                            ],
                            "Plans": [
                                {
                                    "Node Type": "Hash Join",
                                    "Parent Relationship": "Outer",
                                    "Parallel Aware": true,
                                    "Join Type": "Inner",
                                    "Startup Cost": 46285.61,
                                    "Total Cost": 384481.58,
                                    "Plan Rows": 388124,
                                    "Plan Width": 0,
                                    "Actual Startup Time": 270.112,
                                    "Actual Total Time": 1467.776,
                                    "Actual Rows": 413784,
                                    "Actual Loops": 7,
                                    "Inner Unique": true,
                                    "Hash Cond": "(ci.movie_id = t.id)",
                                    "Workers": [
                                        {
                                            "Worker Number": 0,
                                            "Actual Startup Time": 267.57,
                                            "Actual Total Time": 1464.767,
                                            "Actual Rows": 380669,
                                            "Actual Loops": 1
                                        },
                                        {
                                            "Worker Number": 1,
                                            "Actual Startup Time": 268.093,
                                            "Actual Total Time": 1465.773,
                                            "Actual Rows": 378314,
                                            "Actual Loops": 1
                                        },
                                        {
                                            "Worker Number": 2,
                                            "Actual Startup Time": 268.33,
                                            "Actual Total Time": 1465.406,
                                            "Actual Rows": 385115,
                                            "Actual Loops": 1
                                        },
                                        {
                                            "Worker Number": 3,
                                            "Actual Startup Time": 268.654,
                                            "Actual Total Time": 1467.254,
                                            "Actual Rows": 558261,
                                            "Actual Loops": 1
                                        },
                                        {
                                            "Worker Number": 4,
                                            "Actual Startup Time": 268.881,
                                            "Actual Total Time": 1466.018,
                                            "Actual Rows": 384633,
                                            "Actual Loops": 1
                                        },
                                        {
                                            "Worker Number": 5,
                                            "Actual Startup Time": 269.217,
                                            "Actual Total Time": 1466.022,
                                            "Actual Rows": 388740,
                                            "Actual Loops": 1
                                        }
                                    ],
                                    "Plans": [
                                        {
                                            "Node Type": "Seq Scan",
                                            "Parent Relationship": "Outer",
                                            "Parallel Aware": true,
                                            "Relation Name": "cast_info",
                                            "Schema": "public",
                                            "Alias": "ci",
                                            "Startup Cost": 0.0,
                                            "Total Cost": 328213.62,
                                            "Plan Rows": 3802795,
                                            "Plan Width": 4,
                                            "Actual Startup Time": 145.646,
                                            "Actual Total Time": 685.917,
                                            "Actual Rows": 3258505,
                                            "Actual Loops": 7,
                                            "Output": [
                                                "ci.id",
                                                "ci.person_id",
                                                "ci.movie_id",
                                                "ci.person_role_id",
                                                "ci.note",
                                                "ci.nr_order",
                                                "ci.role_id"
                                            ],
                                            "Filter": "(ci.person_id > 1324838)",
                                            "Rows Removed by Filter": 1919258,
                                            "Workers": [
                                                {
                                                    "Worker Number": 0,
                                                    "Actual Startup Time": 145.65,
                                                    "Actual Total Time": 690.179,
                                                    "Actual Rows": 3002221,
                                                    "Actual Loops": 1
                                                },
                                                {
                                                    "Worker Number": 1,
                                                    "Actual Startup Time": 145.659,
                                                    "Actual Total Time": 690.0,
                                                    "Actual Rows": 3000495,
                                                    "Actual Loops": 1
                                                },
                                                {
                                                    "Worker Number": 2,
                                                    "Actual Startup Time": 145.628,
                                                    "Actual Total Time": 695.534,
                                                    "Actual Rows": 3036711,
                                                    "Actual Loops": 1
                                                },
                                                {
                                                    "Worker Number": 3,
                                                    "Actual Startup Time": 145.631,
                                                    "Actual Total Time": 667.112,
                                                    "Actual Rows": 4393840,
                                                    "Actual Loops": 1
                                                },
                                                {
                                                    "Worker Number": 4,
                                                    "Actual Startup Time": 145.636,
                                                    "Actual Total Time": 689.459,
                                                    "Actual Rows": 3002665,
                                                    "Actual Loops": 1
                                                },
                                                {
                                                    "Worker Number": 5,
                                                    "Actual Startup Time": 145.669,
                                                    "Actual Total Time": 694.363,
                                                    "Actual Rows": 3039671,
                                                    "Actual Loops": 1
                                                }
                                            ]
                                        },
                                        {
                                            "Node Type": "Hash",
                                            "Parent Relationship": "Inner",
                                            "Parallel Aware": true,
                                            "Startup Cost": 45479.21,
                                            "Total Cost": 45479.21,
                                            "Plan Rows": 64512,
                                            "Plan Width": 4,
                                            "Actual Startup Time": 122.765,
                                            "Actual Total Time": 122.765,
                                            "Actual Rows": 52374,
                                            "Actual Loops": 7,
                                            "Output": [
                                                "t.id"
                                            ],
                                            "Hash Buckets": 524288,
                                            "Original Hash Buckets": 262144,
                                            "Hash Batches": 1,
                                            "Original Hash Batches": 1,
                                            "Peak Memory Usage": 20544,
                                            "Workers": [
                                                {
                                                    "Worker Number": 0,
                                                    "Actual Startup Time": 120.888,
                                                    "Actual Total Time": 120.888,
                                                    "Actual Rows": 50461,
                                                    "Actual Loops": 1
                                                },
                                                {
                                                    "Worker Number": 1,
                                                    "Actual Startup Time": 121.302,
                                                    "Actual Total Time": 121.303,
                                                    "Actual Rows": 49834,
                                                    "Actual Loops": 1
                                                },
                                                {
                                                    "Worker Number": 2,
                                                    "Actual Startup Time": 121.933,
                                                    "Actual Total Time": 121.934,
                                                    "Actual Rows": 51425,
                                                    "Actual Loops": 1
                                                },
                                                {
                                                    "Worker Number": 3,
                                                    "Actual Startup Time": 122.237,
                                                    "Actual Total Time": 122.238,
                                                    "Actual Rows": 65266,
                                                    "Actual Loops": 1
                                                },
                                                {
                                                    "Worker Number": 4,
                                                    "Actual Startup Time": 122.356,
                                                    "Actual Total Time": 122.357,
                                                    "Actual Rows": 50224,
                                                    "Actual Loops": 1
                                                },
                                                {
                                                    "Worker Number": 5,
                                                    "Actual Startup Time": 122.715,
                                                    "Actual Total Time": 122.716,
                                                    "Actual Rows": 50494,
                                                    "Actual Loops": 1
                                                }
                                            ],
                                            "Plans": [
                                                {
                                                    "Node Type": "Seq Scan",
                                                    "Parent Relationship": "Outer",
                                                    "Parallel Aware": true,
                                                    "Relation Name": "title",
                                                    "Schema": "public",
                                                    "Alias": "t",
                                                    "Startup Cost": 0.0,
                                                    "Total Cost": 45479.21,
                                                    "Plan Rows": 64512,
                                                    "Plan Width": 4,
                                                    "Actual Startup Time": 51.134,
                                                    "Actual Total Time": 86.881,
                                                    "Actual Rows": 52374,
                                                    "Actual Loops": 7,
                                                    "Output": [
                                                        "t.id"
                                                    ],
                                                    "Filter": "((t.production_year < 1999) AND (t.kind_id = 1))",
                                                    "Rows Removed by Filter": 308813,
                                                    "Workers": [
                                                        {
                                                            "Worker Number": 0,
                                                            "Actual Startup Time": 49.532,
                                                            "Actual Total Time": 86.081,
                                                            "Actual Rows": 50461,
                                                            "Actual Loops": 1
                                                        },
                                                        {
                                                            "Worker Number": 1,
                                                            "Actual Startup Time": 49.655,
                                                            "Actual Total Time": 86.196,
                                                            "Actual Rows": 49834,
                                                            "Actual Loops": 1
                                                        },
                                                        {
                                                            "Worker Number": 2,
                                                            "Actual Startup Time": 50.121,
                                                            "Actual Total Time": 87.533,
                                                            "Actual Rows": 51425,
                                                            "Actual Loops": 1
                                                        },
                                                        {
                                                            "Worker Number": 3,
                                                            "Actual Startup Time": 50.481,
                                                            "Actual Total Time": 86.059,
                                                            "Actual Rows": 65266,
                                                            "Actual Loops": 1
                                                        },
                                                        {
                                                            "Worker Number": 4,
                                                            "Actual Startup Time": 50.775,
                                                            "Actual Total Time": 87.715,
                                                            "Actual Rows": 50224,
                                                            "Actual Loops": 1
                                                        },
                                                        {
                                                            "Worker Number": 5,
                                                            "Actual Startup Time": 51.188,
                                                            "Actual Total Time": 87.946,
                                                            "Actual Rows": 50494,
                                                            "Actual Loops": 1
                                                        }
                                                    ]
                                                }
                                            ]
                                        }
                                    ]
                                }
                            ]
                        }
                    ]
                }
            ]
        },
        "Planning Time": 335.61,
        "Triggers": [],
        "Execution Time": 1544.102
    }
]