[
  {
    "Plan": {
      "Node Type": "Aggregate",
      "Strategy": "Plain",
      "Partial Mode": "Finalize",
      "Parallel Aware": false,
      "Startup Cost": 289941.33,
      "Total Cost": 289941.34,
      "Plan Rows": 1,
      "Plan Width": 8,
      "Actual Startup Time": 1052.024,
      "Actual Total Time": 1106.275,
      "Actual Rows": 1,
      "Actual Loops": 1,
      "Plans": [
        {
          "Node Type": "Gather",
          "Parent Relationship": "Outer",
          "Parallel Aware": false,
          "Startup Cost": 289940.91,
          "Total Cost": 289941.32,
          "Plan Rows": 4,
          "Plan Width": 8,
          "Actual Startup Time": 860.847,
          "Actual Total Time": 1106.242,
          "Actual Rows": 5,
          "Actual Loops": 1,
          "Workers Planned": 4,
          "Workers Launched": 4,
          "Single Copy": false,
          "Plans": [
            {
              "Node Type": "Aggregate",
              "Strategy": "Plain",
              "Partial Mode": "Partial",
              "Parent Relationship": "Outer",
              "Parallel Aware": false,
              "Startup Cost": 288940.91,
              "Total Cost": 288940.92,
              "Plan Rows": 1,
              "Plan Width": 8,
              "Actual Startup Time": 927.409,
              "Actual Total Time": 927.413,
              "Actual Rows": 1,
              "Actual Loops": 5,
              "Plans": [
                {
                  "Node Type": "Nested Loop",
                  "Parent Relationship": "Outer",
                  "Parallel Aware": false,
                  "Join Type": "Inner",
                  "Startup Cost": 3.38,
                  "Total Cost": 288289.84,
                  "Plan Rows": 260428,
                  "Plan Width": 0,
                  "Actual Startup Time": 13.602,
                  "Actual Total Time": 917.4,
                  "Actual Rows": 200182,
                  "Actual Loops": 5,
                  "Inner Unique": false,
                  "Join Filter": "(t.id = ci.movie_id)",
                  "Rows Removed by Join Filter": 0,
                  "Plans": [
                    {
                      "Node Type": "Merge Join",
                      "Parent Relationship": "Outer",
                      "Parallel Aware": false,
                      "Join Type": "Inner",
                      "Startup Cost": 2.82,
                      "Total Cost": 152281.88,
                      "Plan Rows": 52778,
                      "Plan Width": 8,
                      "Actual Startup Time": 13.241,
                      "Actual Total Time": 544.302,
                      "Actual Rows": 20194,
                      "Actual Loops": 5,
                      "Inner Unique": false,
                      "Merge Cond": "(t.id = mi_idx.movie_id)",
                      "Plans": [
                        {
                          "Node Type": "Index Scan",
                          "Parent Relationship": "Outer",
                          "Parallel Aware": true,
                          "Scan Direction": "Forward",
                          "Index Name": "title_pkey",
                          "Relation Name": "title",
                          "Alias": "t",
                          "Startup Cost": 0.43,
                          "Total Cost": 94538.14,
                          "Plan Rows": 96691,
                          "Plan Width": 4,
                          "Actual Startup Time": 6.121,
                          "Actual Total Time": 337.366,
                          "Actual Rows": 55470,
                          "Actual Loops": 5,
                          "Filter": "((production_year < 1988) AND (kind_id = 7))",
                          "Rows Removed by Filter": 450128
                        },
                        {
                          "Node Type": "Index Only Scan",
                          "Parent Relationship": "Inner",
                          "Parallel Aware": false,
                          "Scan Direction": "Forward",
                          "Index Name": "movie_id_movie_info_idx",
                          "Relation Name": "movie_info_idx",
                          "Alias": "mi_idx",
                          "Startup Cost": 0.43,
                          "Total Cost": 53620.22,
                          "Plan Rows": 1380035,
                          "Plan Width": 4,
                          "Actual Startup Time": 0.151,
                          "Actual Total Time": 162.246,
                          "Actual Rows": 875139,
                          "Actual Loops": 5,
                          "Heap Fetches": 4375693
                        }
                      ]
                    },
                    {
                      "Node Type": "Index Scan",
                      "Parent Relationship": "Inner",
                      "Parallel Aware": false,
                      "Scan Direction": "Forward",
                      "Index Name": "movie_id_cast_info",
                      "Relation Name": "cast_info",
                      "Alias": "ci",
                      "Startup Cost": 0.56,
                      "Total Cost": 2.41,
                      "Plan Rows": 13,
                      "Plan Width": 4,
                      "Actual Startup Time": 0.003,
                      "Actual Total Time": 0.017,
                      "Actual Rows": 10,
                      "Actual Loops": 100968,
                      "Index Cond": "(movie_id = mi_idx.movie_id)",
                      "Rows Removed by Index Recheck": 0,
                      "Filter": "(role_id = 1)",
                      "Rows Removed by Filter": 15
                    }
                  ]
                }
              ]
            }
          ]
        }
      ]
    },
    "Planning Time": 1.329,
    "Triggers": [],
    "Execution Time": 1106.461
  }
]