[
  {
    "Plan": {
      "Node Type": "Aggregate",
      "Strategy": "Plain",
      "Partial Mode": "Finalize",
      "Parallel Aware": false,
      "Startup Cost": 120208.08,
      "Total Cost": 120208.09,
      "Plan Rows": 1,
      "Plan Width": 8,
      "Actual Startup Time": 665.227,
      "Actual Total Time": 717.505,
      "Actual Rows": 1,
      "Actual Loops": 1,
      "Plans": [
        {
          "Node Type": "Gather",
          "Parent Relationship": "Outer",
          "Parallel Aware": false,
          "Startup Cost": 120207.77,
          "Total Cost": 120208.08,
          "Plan Rows": 3,
          "Plan Width": 8,
          "Actual Startup Time": 664.413,
          "Actual Total Time": 717.496,
          "Actual Rows": 4,
          "Actual Loops": 1,
          "Workers Planned": 3,
          "Workers Launched": 3,
          "Single Copy": false,
          "Plans": [
            {
              "Node Type": "Aggregate",
              "Strategy": "Plain",
              "Partial Mode": "Partial",
              "Parent Relationship": "Outer",
              "Parallel Aware": false,
              "Startup Cost": 119207.77,
              "Total Cost": 119207.78,
              "Plan Rows": 1,
              "Plan Width": 8,
              "Actual Startup Time": 653.546,
              "Actual Total Time": 653.549,
              "Actual Rows": 1,
              "Actual Loops": 4,
              "Plans": [
                {
                  "Node Type": "Nested Loop",
                  "Parent Relationship": "Outer",
                  "Parallel Aware": false,
                  "Join Type": "Inner",
                  "Startup Cost": 44012.47,
                  "Total Cost": 118922.18,
                  "Plan Rows": 114233,
                  "Plan Width": 0,
                  "Actual Startup Time": 99.124,
                  "Actual Total Time": 636.113,
                  "Actual Rows": 377030,
                  "Actual Loops": 4,
                  "Inner Unique": false,
                  "Join Filter": "(t.id = ci.movie_id)",
                  "Rows Removed by Join Filter": 0,
                  "Plans": [
                    {
                      "Node Type": "Hash Join",
                      "Parent Relationship": "Outer",
                      "Parallel Aware": true,
                      "Join Type": "Inner",
                      "Startup Cost": 44011.9,
                      "Total Cost": 89194.99,
                      "Plan Rows": 13551,
                      "Plan Width": 8,
                      "Actual Startup Time": 99.044,
                      "Actual Total Time": 246.184,
                      "Actual Rows": 12094,
                      "Actual Loops": 4,
                      "Inner Unique": true,
                      "Hash Cond": "(mk.movie_id = t.id)",
                      "Plans": [
                        {
                          "Node Type": "Seq Scan",
                          "Parent Relationship": "Outer",
                          "Parallel Aware": true,
                          "Relation Name": "movie_keyword",
                          "Alias": "mk",
                          "Startup Cost": 0.0,
                          "Total Cost": 42695.65,
                          "Plan Rows": 947592,
                          "Plan Width": 4,
                          "Actual Startup Time": 0.024,
                          "Actual Total Time": 98.481,
                          "Actual Rows": 732862,
                          "Actual Loops": 4,
                          "Filter": "(keyword_id < 9698)",
                          "Rows Removed by Filter": 398121
                        },
                        {
                          "Node Type": "Hash",
                          "Parent Relationship": "Inner",
                          "Parallel Aware": true,
                          "Startup Cost": 43898.92,
                          "Total Cost": 43898.92,
                          "Plan Rows": 9039,
                          "Plan Width": 4,
                          "Actual Startup Time": 97.464,
                          "Actual Total Time": 97.465,
                          "Actual Rows": 9109,
                          "Actual Loops": 4,
                          "Hash Buckets": 65536,
                          "Original Hash Buckets": 65536,
                          "Hash Batches": 1,
                          "Original Hash Batches": 1,
                          "Peak Memory Usage": 1984,
                          "Plans": [
                            {
                              "Node Type": "Seq Scan",
                              "Parent Relationship": "Outer",
                              "Parallel Aware": true,
                              "Relation Name": "title",
                              "Alias": "t",
                              "Startup Cost": 0.0,
                              "Total Cost": 43898.92,
                              "Plan Rows": 9039,
                              "Plan Width": 4,
                              "Actual Startup Time": 0.502,
                              "Actual Total Time": 93.019,
                              "Actual Rows": 9109,
                              "Actual Loops": 4,
                              "Filter": "(production_year = 1995)",
                              "Rows Removed by Filter": 622969
                            }
                          ]
                        }
                      ]
                    },
                    {
                      "Node Type": "Index Scan",
                      "Parent Relationship": "Inner",
                      "Parallel Aware": false,
                      "Scan Direction": "Forward",
                      "Index Name": "movie_id_cast_info",
                      "Relation Name": "cast_info",
                      "Alias": "ci",
                      "Startup Cost": 0.56,
                      "Total Cost": 1.92,
                      "Plan Rows": 22,
                      "Plan Width": 4,
                      "Actual Startup Time": 0.004,
                      "Actual Total Time": 0.029,
                      "Actual Rows": 31,
                      "Actual Loops": 48377,
                      "Index Cond": "(movie_id = mk.movie_id)",
                      "Rows Removed by Index Recheck": 0,
                      "Filter": "((person_id < 2771752) AND (role_id < 8))",
                      "Rows Removed by Filter": 19
                    }
                  ]
                }
              ]
            }
          ]
        }
      ]
    },
    "Planning Time": 1.413,
    "Triggers": [],
    "Execution Time": 717.61
  }
]