{
  "Plan": {
    "Node Type": "Aggregate",
    "Strategy": "Plain",
    "Partial Mode": "Finalize",
    "Parallel Aware": false,
    "Startup Cost": 299315.97,
    "Total Cost": 299315.98,
    "Plan Rows": 1,
    "Plan Width": 8,
    "Actual Startup Time": 1258.833,
    "Actual Total Time": 1295.754,
    "Actual Rows": 1,
    "Actual Loops": 1,
    "Plans": [
      {
        "Node Type": "Gather",
        "Parent Relationship": "Outer",
        "Parallel Aware": false,
        "Startup Cost": 299315.86,
        "Total Cost": 299315.97,
        "Plan Rows": 1,
        "Plan Width": 8,
        "Actual Startup Time": 1252.31,
        "Actual Total Time": 1295.745,
        "Actual Rows": 2,
        "Actual Loops": 1,
        "Workers Planned": 1,
        "Workers Launched": 1,
        "Single Copy": false,
        "Plans": [
          {
            "Node Type": "Aggregate",
            "Strategy": "Plain",
            "Partial Mode": "Partial",
            "Parent Relationship": "Outer",
            "Parallel Aware": false,
            "Startup Cost": 298315.86,
            "Total Cost": 298315.87,
            "Plan Rows": 1,
            "Plan Width": 8,
            "Actual Startup Time": 1245.656,
            "Actual Total Time": 1245.662,
            "Actual Rows": 1,
            "Actual Loops": 2,
            "Plans": [
              {
                "Node Type": "Hash Join",
                "Parent Relationship": "Outer",
                "Parallel Aware": true,
                "Join Type": "Inner",
                "Startup Cost": 255603.34,
                "Total Cost": 297774.39,
                "Plan Rows": 216588,
                "Plan Width": 0,
                "Actual Startup Time": 988.179,
                "Actual Total Time": 1220.966,
                "Actual Rows": 511372,
                "Actual Loops": 2,
                "Inner Unique": false,
                "Hash Cond": "(mc.movie_id = t.id)",
                "Plans": [
                  {
                    "Node Type": "Seq Scan",
                    "Parent Relationship": "Outer",
                    "Parallel Aware": true,
                    "Relation Name": "movie_companies",
                    "Alias": "mc",
                    "Startup Cost": 0.0,
                    "Total Cost": 37974.77,
                    "Plan Rows": 779260,
                    "Plan Width": 4,
                    "Actual Startup Time": 54.945,
                    "Actual Total Time": 132.699,
                    "Actual Rows": 667442,
                    "Actual Loops": 2,
                    "Filter": "(company_type_id > 1)",
                    "Rows Removed by Filter": 637123
                  },
                  {
                    "Node Type": "Hash",
                    "Parent Relationship": "Inner",
                    "Parallel Aware": true,
                    "Startup Cost": 250436.31,
                    "Total Cost": 250436.31,
                    "Plan Rows": 413363,
                    "Plan Width": 8,
                    "Actual Startup Time": 923.575,
                    "Actual Total Time": 923.579,
                    "Actual Rows": 330462,
                    "Actual Loops": 2,
                    "Hash Buckets": 1048576,
                    "Original Hash Buckets": 1048576,
                    "Hash Batches": 1,
                    "Original Hash Batches": 1,
                    "Peak Memory Usage": 34080,
                    "Plans": [
                      {
                        "Node Type": "Hash Join",
                        "Parent Relationship": "Outer",
                        "Parallel Aware": true,
                        "Join Type": "Inner",
                        "Startup Cost": 82191.19,
                        "Total Cost": 250436.31,
                        "Plan Rows": 413363,
                        "Plan Width": 8,
                        "Actual Startup Time": 647.934,
                        "Actual Total Time": 828.998,
                        "Actual Rows": 330462,
                        "Actual Loops": 2,
                        "Inner Unique": true,
                        "Hash Cond": "(mi.movie_id = t.id)",
                        "Plans": [
                          {
                            "Node Type": "Bitmap Heap Scan",
                            "Parent Relationship": "Outer",
                            "Parallel Aware": true,
                            "Relation Name": "movie_info",
                            "Alias": "mi",
                            "Startup Cost": 12730.49,
                            "Total Cost": 179890.53,
                            "Plan Rows": 413363,
                            "Plan Width": 4,
                            "Actual Startup Time": 38.737,
                            "Actual Total Time": 84.877,
                            "Actual Rows": 330462,
                            "Actual Loops": 2,
                            "Recheck Cond": "(info_type_id = 18)",
                            "Rows Removed by Index Recheck": 0,
                            "Exact Heap Blocks": 3018,
                            "Lossy Heap Blocks": 0,
                            "Plans": [
                              {
                                "Node Type": "Bitmap Index Scan",
                                "Parent Relationship": "Outer",
                                "Parallel Aware": false,
                                "Index Name": "info_type_id_movie_info",
                                "Startup Cost": 0.0,
                                "Total Cost": 12554.81,
                                "Plan Rows": 702717,
                                "Plan Width": 0,
                                "Actual Startup Time": 37.219,
                                "Actual Total Time": 37.219,
                                "Actual Rows": 660923,
                                "Actual Loops": 1,
                                "Index Cond": "(info_type_id = 18)"
                              }
                            ]
                          },
                          {
                            "Node Type": "Hash",
                            "Parent Relationship": "Inner",
                            "Parallel Aware": true,
                            "Startup Cost": 50870.31,
                            "Total Cost": 50870.31,
                            "Plan Rows": 1487231,
                            "Plan Width": 4,
                            "Actual Startup Time": 589.649,
                            "Actual Total Time": 589.65,
                            "Actual Rows": 1264156,
                            "Actual Loops": 2,
                            "Hash Buckets": 4194304,
                            "Original Hash Buckets": 4194304,
                            "Hash Batches": 1,
                            "Original Hash Batches": 1,
                            "Peak Memory Usage": 131712,
                            "Plans": [
                              {
                                "Node Type": "Seq Scan",
                                "Parent Relationship": "Outer",
                                "Parallel Aware": true,
                                "Relation Name": "title",
                                "Alias": "t",
                                "Startup Cost": 0.0,
                                "Total Cost": 50870.31,
                                "Plan Rows": 1487231,
                                "Plan Width": 4,
                                "Actual Startup Time": 0.049,
                                "Actual Total Time": 179.626,
                                "Actual Rows": 1264156,
                                "Actual Loops": 2
                              }
                            ]
                          }
                        ]
                      }
                    ]
                  }
                ]
              }
            ]
          }
        ]
      }
    ]
  },
  "Planning Time": 0.692,
  "Triggers": [],
  "Execution Time": 1295.865
}