[
  {
    "Plan": {
      "Node Type": "Aggregate",
      "Strategy": "Plain",
      "Partial Mode": "Finalize",
      "Parallel Aware": false,
      "Startup Cost": 102171.66,
      "Total Cost": 102171.67,
      "Plan Rows": 1,
      "Plan Width": 8,
      "Actual Startup Time": 354.105,
      "Actual Total Time": 377.163,
      "Actual Rows": 1,
      "Actual Loops": 1,
      "Plans": [
        {
          "Node Type": "Gather",
          "Parent Relationship": "Outer",
          "Parallel Aware": false,
          "Startup Cost": 102171.35,
          "Total Cost": 102171.66,
          "Plan Rows": 3,
          "Plan Width": 8,
          "Actual Startup Time": 353.836,
          "Actual Total Time": 377.152,
          "Actual Rows": 4,
          "Actual Loops": 1,
          "Workers Planned": 3,
          "Workers Launched": 3,
          "Single Copy": false,
          "Plans": [
            {
              "Node Type": "Aggregate",
              "Strategy": "Plain",
              "Partial Mode": "Partial",
              "Parent Relationship": "Outer",
              "Parallel Aware": false,
              "Startup Cost": 101171.35,
              "Total Cost": 101171.36,
              "Plan Rows": 1,
              "Plan Width": 8,
              "Actual Startup Time": 344.253,
              "Actual Total Time": 344.257,
              "Actual Rows": 1,
              "Actual Loops": 4,
              "Plans": [
                {
                  "Node Type": "Nested Loop",
                  "Parent Relationship": "Outer",
                  "Parallel Aware": false,
                  "Join Type": "Inner",
                  "Startup Cost": 45611.71,
                  "Total Cost": 101108.36,
                  "Plan Rows": 25193,
                  "Plan Width": 0,
                  "Actual Startup Time": 122.774,
                  "Actual Total Time": 334.705,
                  "Actual Rows": 247157,
                  "Actual Loops": 4,
                  "Inner Unique": false,
                  "Join Filter": "(t.id = mk.movie_id)",
                  "Rows Removed by Join Filter": 0,
                  "Plans": [
                    {
                      "Node Type": "Hash Join",
                      "Parent Relationship": "Outer",
                      "Parallel Aware": true,
                      "Join Type": "Inner",
                      "Startup Cost": 45611.27,
                      "Total Cost": 75027.16,
                      "Plan Rows": 14079,
                      "Plan Width": 8,
                      "Actual Startup Time": 122.67,
                      "Actual Total Time": 225.086,
                      "Actual Rows": 12753,
                      "Actual Loops": 4,
                      "Inner Unique": true,
                      "Hash Cond": "(mc.movie_id = t.id)",
                      "Plans": [
                        {
                          "Node Type": "Seq Scan",
                          "Parent Relationship": "Outer",
                          "Parallel Aware": true,
                          "Relation Name": "movie_companies",
                          "Alias": "mc",
                          "Startup Cost": 0.0,
                          "Total Cost": 27206.55,
                          "Plan Rows": 841655,
                          "Plan Width": 4,
                          "Actual Startup Time": 0.017,
                          "Actual Total Time": 61.452,
                          "Actual Rows": 652282,
                          "Actual Loops": 4
                        },
                        {
                          "Node Type": "Hash",
                          "Parent Relationship": "Inner",
                          "Parallel Aware": true,
                          "Startup Cost": 45479.1,
                          "Total Cost": 45479.1,
                          "Plan Rows": 10574,
                          "Plan Width": 4,
                          "Actual Startup Time": 100.375,
                          "Actual Total Time": 100.376,
                          "Actual Rows": 9353,
                          "Actual Loops": 4,
                          "Hash Buckets": 65536,
                          "Original Hash Buckets": 65536,
                          "Hash Batches": 1,
                          "Original Hash Batches": 1,
                          "Peak Memory Usage": 2048,
                          "Plans": [
                            {
                              "Node Type": "Seq Scan",
                              "Parent Relationship": "Outer",
                              "Parallel Aware": true,
                              "Relation Name": "title",
                              "Alias": "t",
                              "Startup Cost": 0.0,
                              "Total Cost": 45479.1,
                              "Plan Rows": 10574,
                              "Plan Width": 4,
                              "Actual Startup Time": 62.154,
                              "Actual Total Time": 96.958,
                              "Actual Rows": 9353,
                              "Actual Loops": 4,
                              "Filter": "((kind_id < 2) AND (production_year = 2011))",
                              "Rows Removed by Filter": 622725
                            }
                          ]
                        }
                      ]
                    },
                    {
                      "Node Type": "Index Only Scan",
                      "Parent Relationship": "Inner",
                      "Parallel Aware": false,
                      "Scan Direction": "Forward",
                      "Index Name": "movie_id_movie_keyword",
                      "Relation Name": "movie_keyword",
                      "Alias": "mk",
                      "Startup Cost": 0.43,
                      "Total Cost": 1.29,
                      "Plan Rows": 45,
                      "Plan Width": 4,
                      "Actual Startup Time": 0.004,
                      "Actual Total Time": 0.007,
                      "Actual Rows": 19,
                      "Actual Loops": 51013,
                      "Index Cond": "(movie_id = mc.movie_id)",
                      "Rows Removed by Index Recheck": 0,
                      "Heap Fetches": 988629
                    }
                  ]
                }
              ]
            }
          ]
        }
      ]
    },
    "Planning Time": 1.439,
    "Triggers": [],
    "Execution Time": 377.261
  }
]