[
  {
    "Plan": {
      "Node Type": "Aggregate",
      "Strategy": "Plain",
      "Partial Mode": "Finalize",
      "Parallel Aware": false,
      "Startup Cost": 253309.25,
      "Total Cost": 253309.26,
      "Plan Rows": 1,
      "Plan Width": 8,
      "Actual Startup Time": 1371.178,
      "Actual Total Time": 1456.531,
      "Actual Rows": 1,
      "Actual Loops": 1,
      "Plans": [
        {
          "Node Type": "Gather",
          "Parent Relationship": "Outer",
          "Parallel Aware": false,
          "Startup Cost": 253308.73,
          "Total Cost": 253309.24,
          "Plan Rows": 5,
          "Plan Width": 8,
          "Actual Startup Time": 1370.73,
          "Actual Total Time": 1456.522,
          "Actual Rows": 6,
          "Actual Loops": 1,
          "Workers Planned": 5,
          "Workers Launched": 5,
          "Single Copy": false,
          "Plans": [
            {
              "Node Type": "Aggregate",
              "Strategy": "Plain",
              "Partial Mode": "Partial",
              "Parent Relationship": "Outer",
              "Parallel Aware": false,
              "Startup Cost": 252308.73,
              "Total Cost": 252308.74,
              "Plan Rows": 1,
              "Plan Width": 8,
              "Actual Startup Time": 1360.631,
              "Actual Total Time": 1360.637,
              "Actual Rows": 1,
              "Actual Loops": 6,
              "Plans": [
                {
                  "Node Type": "Nested Loop",
                  "Parent Relationship": "Outer",
                  "Parallel Aware": false,
                  "Join Type": "Inner",
                  "Startup Cost": 26095.77,
                  "Total Cost": 251762.4,
                  "Plan Rows": 218531,
                  "Plan Width": 0,
                  "Actual Startup Time": 22.898,
                  "Actual Total Time": 1316.111,
                  "Actual Rows": 848731,
                  "Actual Loops": 6,
                  "Inner Unique": false,
                  "Join Filter": "(t.id = ci.movie_id)",
                  "Rows Removed by Join Filter": 0,
                  "Plans": [
                    {
                      "Node Type": "Hash Join",
                      "Parent Relationship": "Outer",
                      "Parallel Aware": true,
                      "Join Type": "Inner",
                      "Startup Cost": 26095.21,
                      "Total Cost": 225574.61,
                      "Plan Rows": 15242,
                      "Plan Width": 8,
                      "Actual Startup Time": 22.711,
                      "Actual Total Time": 545.466,
                      "Actual Rows": 19189,
                      "Actual Loops": 6,
                      "Inner Unique": true,
                      "Hash Cond": "(mi.movie_id = t.id)",
                      "Plans": [
                        {
                          "Node Type": "Seq Scan",
                          "Parent Relationship": "Outer",
                          "Parallel Aware": true,
                          "Relation Name": "movie_info",
                          "Alias": "mi",
                          "Startup Cost": 0.0,
                          "Total Cost": 191685.19,
                          "Plan Rows": 2969219,
                          "Plan Width": 4,
                          "Actual Startup Time": 0.048,
                          "Actual Total Time": 279.619,
                          "Actual Rows": 2472620,
                          "Actual Loops": 6
                        },
                        {
                          "Node Type": "Hash",
                          "Parent Relationship": "Inner",
                          "Parallel Aware": true,
                          "Startup Cost": 26042.87,
                          "Total Cost": 26042.87,
                          "Plan Rows": 4187,
                          "Plan Width": 4,
                          "Actual Startup Time": 10.371,
                          "Actual Total Time": 10.373,
                          "Actual Rows": 2100,
                          "Actual Loops": 6,
                          "Hash Buckets": 16384,
                          "Original Hash Buckets": 16384,
                          "Hash Batches": 1,
                          "Original Hash Batches": 1,
                          "Peak Memory Usage": 736,
                          "Plans": [
                            {
                              "Node Type": "Bitmap Heap Scan",
                              "Parent Relationship": "Outer",
                              "Parallel Aware": true,
                              "Relation Name": "title",
                              "Alias": "t",
                              "Startup Cost": 237.02,
                              "Total Cost": 26042.87,
                              "Plan Rows": 4187,
                              "Plan Width": 4,
                              "Actual Startup Time": 0.886,
                              "Actual Total Time": 9.604,
                              "Actual Rows": 2100,
                              "Actual Loops": 6,
                              "Recheck Cond": "(kind_id = 6)",
                              "Rows Removed by Index Recheck": 0,
                              "Exact Heap Blocks": 6967,
                              "Lossy Heap Blocks": 0,
                              "Plans": [
                                {
                                  "Node Type": "Bitmap Index Scan",
                                  "Parent Relationship": "Outer",
                                  "Parallel Aware": false,
                                  "Index Name": "kind_id_title",
                                  "Startup Cost": 0.0,
                                  "Total Cost": 233.77,
                                  "Plan Rows": 12979,
                                  "Plan Width": 0,
                                  "Actual Startup Time": 2.708,
                                  "Actual Total Time": 2.708,
                                  "Actual Rows": 12600,
                                  "Actual Loops": 1,
                                  "Index Cond": "(kind_id = 6)"
                                }
                              ]
                            }
                          ]
                        }
                      ]
                    },
                    {
                      "Node Type": "Index Only Scan",
                      "Parent Relationship": "Inner",
                      "Parallel Aware": false,
                      "Scan Direction": "Forward",
                      "Index Name": "movie_id_cast_info",
                      "Relation Name": "cast_info",
                      "Alias": "ci",
                      "Startup Cost": 0.56,
                      "Total Cost": 1.28,
                      "Plan Rows": 35,
                      "Plan Width": 4,
                      "Actual Startup Time": 0.006,
                      "Actual Total Time": 0.035,
                      "Actual Rows": 44,
                      "Actual Loops": 115135,
                      "Index Cond": "(movie_id = mi.movie_id)",
                      "Rows Removed by Index Recheck": 0,
                      "Heap Fetches": 5092385
                    }
                  ]
                }
              ]
            }
          ]
        }
      ]
    },
    "Planning Time": 0.774,
    "Triggers": [],
    "Execution Time": 1456.605
  }
]