[
  {
    "Plan": {
      "Node Type": "Aggregate",
      "Strategy": "Plain",
      "Partial Mode": "Finalize",
      "Parallel Aware": false,
      "Startup Cost": 80466.74,
      "Total Cost": 80466.75,
      "Plan Rows": 1,
      "Plan Width": 8,
      "Actual Startup Time": 229.131,
      "Actual Total Time": 238.551,
      "Actual Rows": 1,
      "Actual Loops": 1,
      "Plans": [
        {
          "Node Type": "Gather",
          "Parent Relationship": "Outer",
          "Parallel Aware": false,
          "Startup Cost": 80466.32,
          "Total Cost": 80466.73,
          "Plan Rows": 4,
          "Plan Width": 8,
          "Actual Startup Time": 227.889,
          "Actual Total Time": 238.544,
          "Actual Rows": 5,
          "Actual Loops": 1,
          "Workers Planned": 4,
          "Workers Launched": 4,
          "Single Copy": false,
          "Plans": [
            {
              "Node Type": "Aggregate",
              "Strategy": "Plain",
              "Partial Mode": "Partial",
              "Parent Relationship": "Outer",
              "Parallel Aware": false,
              "Startup Cost": 79466.32,
              "Total Cost": 79466.33,
              "Plan Rows": 1,
              "Plan Width": 8,
              "Actual Startup Time": 222.573,
              "Actual Total Time": 222.576,
              "Actual Rows": 1,
              "Actual Loops": 5,
              "Plans": [
                {
                  "Node Type": "Hash Join",
                  "Parent Relationship": "Outer",
                  "Parallel Aware": true,
                  "Join Type": "Inner",
                  "Startup Cost": 33313.19,
                  "Total Cost": 79172.07,
                  "Plan Rows": 117699,
                  "Plan Width": 0,
                  "Actual Startup Time": 77.305,
                  "Actual Total Time": 219.697,
                  "Actual Rows": 53643,
                  "Actual Loops": 5,
                  "Inner Unique": false,
                  "Hash Cond": "(t.id = mc.movie_id)",
                  "Plans": [
                    {
                      "Node Type": "Seq Scan",
                      "Parent Relationship": "Outer",
                      "Parallel Aware": true,
                      "Relation Name": "title",
                      "Alias": "t",
                      "Startup Cost": 0.0,
                      "Total Cost": 42318.81,
                      "Plan Rows": 632080,
                      "Plan Width": 4,
                      "Actual Startup Time": 0.01,
                      "Actual Total Time": 59.975,
                      "Actual Rows": 505662,
                      "Actual Loops": 5
                    },
                    {
                      "Node Type": "Hash",
                      "Parent Relationship": "Inner",
                      "Parallel Aware": true,
                      "Startup Cost": 31414.82,
                      "Total Cost": 31414.82,
                      "Plan Rows": 151870,
                      "Plan Width": 4,
                      "Actual Startup Time": 75.786,
                      "Actual Total Time": 75.787,
                      "Actual Rows": 53643,
                      "Actual Loops": 5,
                      "Hash Buckets": 524288,
                      "Original Hash Buckets": 524288,
                      "Hash Batches": 1,
                      "Original Hash Batches": 1,
                      "Peak Memory Usage": 14688,
                      "Plans": [
                        {
                          "Node Type": "Seq Scan",
                          "Parent Relationship": "Outer",
                          "Parallel Aware": true,
                          "Relation Name": "movie_companies",
                          "Alias": "mc",
                          "Startup Cost": 0.0,
                          "Total Cost": 31414.82,
                          "Plan Rows": 151870,
                          "Plan Width": 4,
                          "Actual Startup Time": 32.503,
                          "Actual Total Time": 58.917,
                          "Actual Rows": 53643,
                          "Actual Loops": 5,
                          "Filter": "((company_id < 3175) AND (company_type_id > 1))",
                          "Rows Removed by Filter": 468183
                        }
                      ]
                    }
                  ]
                }
              ]
            }
          ]
        }
      ]
    },
    "Planning Time": 0.264,
    "Triggers": [],
    "Execution Time": 238.585
  }
]