[
    {
        "Bao": {
            "Bao prediction": "NaN",
            "Bao recommended hint": "(no hint)"
        }
    },
    {
        "Plan": {
            "Node Type": "Aggregate",
            "Strategy": "Plain",
            "Partial Mode": "Finalize",
            "Parallel Aware": false,
            "Startup Cost": 220754.27,
            "Total Cost": 220754.28,
            "Plan Rows": 1,
            "Plan Width": 8,
            "Actual Startup Time": 170.606,
            "Actual Total Time": 179.579,
            "Actual Rows": 1,
            "Actual Loops": 1,
            "Output": [
                "count(*)"
            ],
            "Plans": [
                {
                    "Node Type": "Gather",
                    "Parent Relationship": "Outer",
                    "Parallel Aware": false,
                    "Startup Cost": 220753.75,
                    "Total Cost": 220754.26,
                    "Plan Rows": 5,
                    "Plan Width": 8,
                    "Actual Startup Time": 167.92,
                    "Actual Total Time": 179.57,
                    "Actual Rows": 6,
                    "Actual Loops": 1,
                    "Output": [
                        "(PARTIAL count(*))"
                    ],
                    "Workers Planned": 5,
                    "Workers Launched": 5,
                    "Single Copy": false,
                    "Plans": [
                        {
                            "Node Type": "Aggregate",
                            "Strategy": "Plain",
                            "Partial Mode": "Partial",
                            "Parent Relationship": "Outer",
                            "Parallel Aware": false,
                            "Startup Cost": 219753.75,
                            "Total Cost": 219753.76,
                            "Plan Rows": 1,
                            "Plan Width": 8,
                            "Actual Startup Time": 157.945,
                            "Actual Total Time": 157.948,
                            "Actual Rows": 1,
                            "Actual Loops": 6,
                            "Output": [
                                "PARTIAL count(*)"
                            ],
                            "Workers": [
                                {
                                    "Worker Number": 0,
                                    "Actual Startup Time": 155.374,
                                    "Actual Total Time": 155.377,
                                    "Actual Rows": 1,
                                    "Actual Loops": 1
                                },
                                {
                                    "Worker Number": 1,
                                    "Actual Startup Time": 155.69,
                                    "Actual Total Time": 155.693,
                                    "Actual Rows": 1,
                                    "Actual Loops": 1
                                },
                                {
                                    "Worker Number": 2,
                                    "Actual Startup Time": 156.198,
                                    "Actual Total Time": 156.201,
                                    "Actual Rows": 1,
                                    "Actual Loops": 1
                                },
                                {
                                    "Worker Number": 3,
                                    "Actual Startup Time": 156.329,
                                    "Actual Total Time": 156.332,
                                    "Actual Rows": 1,
                                    "Actual Loops": 1
                                },
                                {
                                    "Worker Number": 4,
                                    "Actual Startup Time": 156.762,
                                    "Actual Total Time": 156.764,
                                    "Actual Rows": 1,
                                    "Actual Loops": 1
                                }
                            ],
                            "Plans": [
                                {
                                    "Node Type": "Hash Join",
                                    "Parent Relationship": "Outer",
                                    "Parallel Aware": true,
                                    "Join Type": "Inner",
                                    "Startup Cost": 56145.33,
                                    "Total Cost": 219713.48,
                                    "Plan Rows": 16109,
                                    "Plan Width": 0,
                                    "Actual Startup Time": 142.627,
                                    "Actual Total Time": 157.785,
                                    "Actual Rows": 2927,
                                    "Actual Loops": 6,
                                    "Inner Unique": true,
                                    "Hash Cond": "(mi.movie_id = t.id)",
                                    "Workers": [
                                        {
                                            "Worker Number": 0,
                                            "Actual Startup Time": 144.993,
                                            "Actual Total Time": 155.196,
                                            "Actual Rows": 2243,
                                            "Actual Loops": 1
                                        },
                                        {
                                            "Worker Number": 1,
                                            "Actual Startup Time": 144.92,
                                            "Actual Total Time": 155.513,
                                            "Actual Rows": 2268,
                                            "Actual Loops": 1
                                        },
                                        {
                                            "Worker Number": 2,
                                            "Actual Startup Time": 140.043,
                                            "Actual Total Time": 156.051,
                                            "Actual Rows": 2968,
                                            "Actual Loops": 1
                                        },
                                        {
                                            "Worker Number": 3,
                                            "Actual Startup Time": 141.967,
                                            "Actual Total Time": 156.175,
                                            "Actual Rows": 3185,
                                            "Actual Loops": 1
                                        },
                                        {
                                            "Worker Number": 4,
                                            "Actual Startup Time": 139.351,
                                            "Actual Total Time": 156.603,
                                            "Actual Rows": 3361,
                                            "Actual Loops": 1
                                        }
                                    ],
                                    "Plans": [
                                        {
                                            "Node Type": "Bitmap Heap Scan",
                                            "Parent Relationship": "Outer",
                                            "Parallel Aware": true,
                                            "Relation Name": "movie_info",
                                            "Schema": "public",
                                            "Alias": "mi",
                                            "Startup Cost": 9443.95,
                                            "Total Cost": 172738.72,
                                            "Plan Rows": 104142,
                                            "Plan Width": 4,
                                            "Actual Startup Time": 18.699,
                                            "Actual Total Time": 35.582,
                                            "Actual Rows": 90561,
                                            "Actual Loops": 6,
                                            "Output": [
                                                "mi.id",
                                                "mi.movie_id",
                                                "mi.info_type_id",
                                                "mi.info",
                                                "mi.note"
                                            ],
                                            "Recheck Cond": "(mi.info_type_id > 98)",
                                            "Rows Removed by Index Recheck": 0,
                                            "Exact Heap Blocks": 1515,
                                            "Lossy Heap Blocks": 0,
                                            "Workers": [
                                                {
                                                    "Worker Number": 0,
                                                    "Actual Startup Time": 18.67,
                                                    "Actual Total Time": 36.348,
                                                    "Actual Rows": 74675,
                                                    "Actual Loops": 1
                                                },
                                                {
                                                    "Worker Number": 1,
                                                    "Actual Startup Time": 18.885,
                                                    "Actual Total Time": 36.177,
                                                    "Actual Rows": 74101,
                                                    "Actual Loops": 1
                                                },
                                                {
                                                    "Worker Number": 2,
                                                    "Actual Startup Time": 18.708,
                                                    "Actual Total Time": 35.612,
                                                    "Actual Rows": 88979,
                                                    "Actual Loops": 1
                                                },
                                                {
                                                    "Worker Number": 3,
                                                    "Actual Startup Time": 18.647,
                                                    "Actual Total Time": 35.693,
                                                    "Actual Rows": 89753,
                                                    "Actual Loops": 1
                                                },
                                                {
                                                    "Worker Number": 4,
                                                    "Actual Startup Time": 18.704,
                                                    "Actual Total Time": 35.841,
                                                    "Actual Rows": 90542,
                                                    "Actual Loops": 1
                                                }
                                            ],
                                            "Plans": [
                                                {
                                                    "Node Type": "Bitmap Index Scan",
                                                    "Parent Relationship": "Outer",
                                                    "Parallel Aware": false,
                                                    "Index Name": "info_type_id_movie_info",
                                                    "Startup Cost": 0.0,
                                                    "Total Cost": 9313.77,
                                                    "Plan Rows": 520711,
                                                    "Plan Width": 0,
                                                    "Actual Startup Time": 17.795,
                                                    "Actual Total Time": 17.796,
                                                    "Actual Rows": 543367,
                                                    "Actual Loops": 1,
                                                    "Index Cond": "(mi.info_type_id > 98)"
                                                }
                                            ]
                                        },
                                        {
                                            "Node Type": "Hash",
                                            "Parent Relationship": "Inner",
                                            "Parallel Aware": true,
                                            "Startup Cost": 45479.21,
                                            "Total Cost": 45479.21,
                                            "Plan Rows": 97774,
                                            "Plan Width": 4,
                                            "Actual Startup Time": 104.009,
                                            "Actual Total Time": 104.01,
                                            "Actual Rows": 66864,
                                            "Actual Loops": 6,
                                            "Output": [
                                                "t.id"
                                            ],
                                            "Hash Buckets": 524288,
                                            "Original Hash Buckets": 524288,
                                            "Hash Batches": 1,
                                            "Original Hash Batches": 1,
                                            "Peak Memory Usage": 19872,
                                            "Workers": [
                                                {
                                                    "Worker Number": 0,
                                                    "Actual Startup Time": 102.522,
                                                    "Actual Total Time": 102.523,
                                                    "Actual Rows": 47141,
                                                    "Actual Loops": 1
                                                },
                                                {
                                                    "Worker Number": 1,
                                                    "Actual Startup Time": 102.842,
                                                    "Actual Total Time": 102.843,
                                                    "Actual Rows": 47138,
                                                    "Actual Loops": 1
                                                },
                                                {
                                                    "Worker Number": 2,
                                                    "Actual Startup Time": 103.054,
                                                    "Actual Total Time": 103.055,
                                                    "Actual Rows": 61425,
                                                    "Actual Loops": 1
                                                },
                                                {
                                                    "Worker Number": 3,
                                                    "Actual Startup Time": 103.44,
                                                    "Actual Total Time": 103.441,
                                                    "Actual Rows": 62853,
                                                    "Actual Loops": 1
                                                },
                                                {
                                                    "Worker Number": 4,
                                                    "Actual Startup Time": 103.921,
                                                    "Actual Total Time": 103.922,
                                                    "Actual Rows": 64567,
                                                    "Actual Loops": 1
                                                }
                                            ],
                                            "Plans": [
                                                {
                                                    "Node Type": "Seq Scan",
                                                    "Parent Relationship": "Outer",
                                                    "Parallel Aware": true,
                                                    "Relation Name": "title",
                                                    "Schema": "public",
                                                    "Alias": "t",
                                                    "Startup Cost": 0.0,
                                                    "Total Cost": 45479.21,
                                                    "Plan Rows": 97774,
                                                    "Plan Width": 4,
                                                    "Actual Startup Time": 0.042,
                                                    "Actual Total Time": 75.321,
                                                    "Actual Rows": 66864,
                                                    "Actual Loops": 6,
                                                    "Output": [
                                                        "t.id"
                                                    ],
                                                    "Filter": "((t.kind_id > 1) AND (t.production_year > 2009))",
                                                    "Rows Removed by Filter": 354521,
                                                    "Workers": [
                                                        {
                                                            "Worker Number": 0,
                                                            "Actual Startup Time": 0.047,
                                                            "Actual Total Time": 76.193,
                                                            "Actual Rows": 47141,
                                                            "Actual Loops": 1
                                                        },
                                                        {
                                                            "Worker Number": 1,
                                                            "Actual Startup Time": 0.05,
                                                            "Actual Total Time": 76.521,
                                                            "Actual Rows": 47138,
                                                            "Actual Loops": 1
                                                        },
                                                        {
                                                            "Worker Number": 2,
                                                            "Actual Startup Time": 0.046,
                                                            "Actual Total Time": 74.275,
                                                            "Actual Rows": 61425,
                                                            "Actual Loops": 1
                                                        },
                                                        {
                                                            "Worker Number": 3,
                                                            "Actual Startup Time": 0.047,
                                                            "Actual Total Time": 75.87,
                                                            "Actual Rows": 62853,
                                                            "Actual Loops": 1
                                                        },
                                                        {
                                                            "Worker Number": 4,
                                                            "Actual Startup Time": 0.05,
                                                            "Actual Total Time": 76.747,
                                                            "Actual Rows": 64567,
                                                            "Actual Loops": 1
                                                        }
                                                    ]
                                                }
                                            ]
                                        }
                                    ]
                                }
                            ]
                        }
                    ]
                }
            ]
        },
        "Planning Time": 184.578,
        "Triggers": [],
        "Execution Time": 179.71
    }
]