[
  {
    "Plan": {
      "Node Type": "Aggregate",
      "Strategy": "Plain",
      "Partial Mode": "Finalize",
      "Parallel Aware": false,
      "Startup Cost": 297960.81,
      "Total Cost": 297960.82,
      "Plan Rows": 1,
      "Plan Width": 96,
      "Actual Startup Time": 973.847,
      "Actual Total Time": 1039.206,
      "Actual Rows": 1,
      "Actual Loops": 1,
      "Plans": [
        {
          "Node Type": "Gather",
          "Parent Relationship": "Outer",
          "Parallel Aware": false,
          "Startup Cost": 297960.26,
          "Total Cost": 297960.77,
          "Plan Rows": 5,
          "Plan Width": 96,
          "Actual Startup Time": 973.59,
          "Actual Total Time": 1039.192,
          "Actual Rows": 6,
          "Actual Loops": 1,
          "Workers Planned": 5,
          "Workers Launched": 5,
          "Single Copy": false,
          "Plans": [
            {
              "Node Type": "Aggregate",
              "Strategy": "Plain",
              "Partial Mode": "Partial",
              "Parent Relationship": "Outer",
              "Parallel Aware": false,
              "Startup Cost": 296960.26,
              "Total Cost": 296960.27,
              "Plan Rows": 1,
              "Plan Width": 96,
              "Actual Startup Time": 962.439,
              "Actual Total Time": 962.459,
              "Actual Rows": 1,
              "Actual Loops": 6,
              "Plans": [
                {
                  "Node Type": "Hash Join",
                  "Parent Relationship": "Outer",
                  "Parallel Aware": true,
                  "Join Type": "Inner",
                  "Startup Cost": 94159.44,
                  "Total Cost": 296959.53,
                  "Plan Rows": 98,
                  "Plan Width": 66,
                  "Actual Startup Time": 331.814,
                  "Actual Total Time": 960.103,
                  "Actual Rows": 14128,
                  "Actual Loops": 6,
                  "Inner Unique": false,
                  "Hash Cond": "(mi.movie_id = t.id)",
                  "Plans": [
                    {
                      "Node Type": "Seq Scan",
                      "Parent Relationship": "Outer",
                      "Parallel Aware": true,
                      "Relation Name": "movie_info",
                      "Alias": "mi",
                      "Startup Cost": 0.0,
                      "Total Cost": 191670.84,
                      "Plan Rows": 2967784,
                      "Plan Width": 47,
                      "Actual Startup Time": 0.031,
                      "Actual Total Time": 380.805,
                      "Actual Rows": 2472620,
                      "Actual Loops": 6
                    },
                    {
                      "Node Type": "Hash",
                      "Parent Relationship": "Inner",
                      "Parallel Aware": true,
                      "Startup Cost": 94159.39,
                      "Total Cost": 94159.39,
                      "Plan Rows": 4,
                      "Plan Width": 35,
                      "Actual Startup Time": 321.125,
                      "Actual Total Time": 321.143,
                      "Actual Rows": 587,
                      "Actual Loops": 6,
                      "Hash Buckets": 4096,
                      "Original Hash Buckets": 1024,
                      "Hash Batches": 1,
                      "Original Hash Batches": 1,
                      "Peak Memory Usage": 408,
                      "Plans": [
                        {
                          "Node Type": "Hash Join",
                          "Parent Relationship": "Outer",
                          "Parallel Aware": false,
                          "Join Type": "Inner",
                          "Startup Cost": 49470.5,
                          "Total Cost": 94159.39,
                          "Plan Rows": 4,
                          "Plan Width": 35,
                          "Actual Startup Time": 272.689,
                          "Actual Total Time": 317.05,
                          "Actual Rows": 587,
                          "Actual Loops": 6,
                          "Inner Unique": true,
                          "Hash Cond": "(t.kind_id = kt.id)",
                          "Plans": [
                            {
                              "Node Type": "Hash Join",
                              "Parent Relationship": "Outer",
                              "Parallel Aware": true,
                              "Join Type": "Inner",
                              "Startup Cost": 49469.4,
                              "Total Cost": 94158.18,
                              "Plan Rows": 26,
                              "Plan Width": 39,
                              "Actual Startup Time": 202.758,
                              "Actual Total Time": 316.729,
                              "Actual Rows": 614,
                              "Actual Loops": 6,
                              "Inner Unique": false,
                              "Hash Cond": "(t.id = mc.movie_id)",
                              "Plans": [
                                {
                                  "Node Type": "Seq Scan",
                                  "Parent Relationship": "Outer",
                                  "Parallel Aware": true,
                                  "Relation Name": "title",
                                  "Alias": "t",
                                  "Startup Cost": 0.0,
                                  "Total Cost": 42318.49,
                                  "Plan Rows": 632049,
                                  "Plan Width": 25,
                                  "Actual Startup Time": 0.02,
                                  "Actual Total Time": 76.408,
                                  "Actual Rows": 421385,
                                  "Actual Loops": 6
                                },
                                {
                                  "Node Type": "Hash",
                                  "Parent Relationship": "Inner",
                                  "Parallel Aware": true,
                                  "Startup Cost": 49468.85,
                                  "Total Cost": 49468.85,
                                  "Plan Rows": 44,
                                  "Plan Width": 14,
                                  "Actual Startup Time": 193.321,
                                  "Actual Total Time": 193.334,
                                  "Actual Rows": 614,
                                  "Actual Loops": 6,
                                  "Hash Buckets": 4096,
                                  "Original Hash Buckets": 1024,
                                  "Hash Batches": 1,
                                  "Original Hash Batches": 1,
                                  "Peak Memory Usage": 344,
                                  "Plans": [
                                    {
                                      "Node Type": "Hash Join",
                                      "Parent Relationship": "Outer",
                                      "Parallel Aware": true,
                                      "Join Type": "Inner",
                                      "Startup Cost": 34198.45,
                                      "Total Cost": 49468.85,
                                      "Plan Rows": 44,
                                      "Plan Width": 14,
                                      "Actual Startup Time": 129.398,
                                      "Actual Total Time": 192.376,
                                      "Actual Rows": 614,
                                      "Actual Loops": 6,
                                      "Inner Unique": false,
                                      "Hash Cond": "(miidx.movie_id = mc.movie_id)",
                                      "Plans": [
                                        {
                                          "Node Type": "Hash Join",
                                          "Parent Relationship": "Outer",
                                          "Parallel Aware": false,
                                          "Join Type": "Inner",
                                          "Startup Cost": 2.43,
                                          "Total Cost": 15253.6,
                                          "Plan Rows": 5089,
                                          "Plan Width": 10,
                                          "Actual Startup Time": 0.156,
                                          "Actual Total Time": 57.433,
                                          "Actual Rows": 76654,
                                          "Actual Loops": 6,
                                          "Inner Unique": true,
                                          "Hash Cond": "(miidx.info_type_id = it.id)",
                                          "Plans": [
                                            {
                                              "Node Type": "Seq Scan",
                                              "Parent Relationship": "Outer",
                                              "Parallel Aware": true,
                                              "Relation Name": "movie_info_idx",
                                              "Alias": "miidx",
                                              "Startup Cost": 0.0,
                                              "Total Cost": 13685.15,
                                              "Plan Rows": 575015,
                                              "Plan Width": 14,
                                              "Actual Startup Time": 0.037,
                                              "Actual Total Time": 29.955,
                                              "Actual Rows": 230006,
                                              "Actual Loops": 6
                                            },
                                            {
                                              "Node Type": "Hash",
                                              "Parent Relationship": "Inner",
                                              "Parallel Aware": false,
                                              "Startup Cost": 2.41,
                                              "Total Cost": 2.41,
                                              "Plan Rows": 1,
                                              "Plan Width": 4,
                                              "Actual Startup Time": 0.077,
                                              "Actual Total Time": 0.079,
                                              "Actual Rows": 1,
                                              "Actual Loops": 6,
                                              "Hash Buckets": 1024,
                                              "Original Hash Buckets": 1024,
                                              "Hash Batches": 1,
                                              "Original Hash Batches": 1,
                                              "Peak Memory Usage": 9,
                                              "Plans": [
                                                {
                                                  "Node Type": "Seq Scan",
                                                  "Parent Relationship": "Outer",
                                                  "Parallel Aware": false,
                                                  "Relation Name": "info_type",
                                                  "Alias": "it",
                                                  "Startup Cost": 0.0,
                                                  "Total Cost": 2.41,
                                                  "Plan Rows": 1,
                                                  "Plan Width": 4,
                                                  "Actual Startup Time": 0.06,
                                                  "Actual Total Time": 0.062,
                                                  "Actual Rows": 1,
                                                  "Actual Loops": 6,
                                                  "Filter": "((info)::text = 'rating'::text)",
                                                  "Rows Removed by Filter": 112
                                                }
                                              ]
                                            }
                                          ]
                                        },
                                        {
                                          "Node Type": "Hash",
                                          "Parent Relationship": "Inner",
                                          "Parallel Aware": true,
                                          "Startup Cost": 34179.46,
                                          "Total Cost": 34179.46,
                                          "Plan Rows": 1325,
                                          "Plan Width": 4,
                                          "Actual Startup Time": 126.428,
                                          "Actual Total Time": 126.435,
                                          "Actual Rows": 963,
                                          "Actual Loops": 6,
                                          "Hash Buckets": 8192,
                                          "Original Hash Buckets": 8192,
                                          "Hash Batches": 1,
                                          "Original Hash Batches": 1,
                                          "Peak Memory Usage": 416,
                                          "Plans": [
                                            {
                                              "Node Type": "Hash Join",
                                              "Parent Relationship": "Outer",
                                              "Parallel Aware": false,
                                              "Join Type": "Inner",
                                              "Startup Cost": 4734.87,
                                              "Total Cost": 34179.46,
                                              "Plan Rows": 1325,
                                              "Plan Width": 4,
                                              "Actual Startup Time": 79.875,
                                              "Actual Total Time": 125.927,
                                              "Actual Rows": 963,
                                              "Actual Loops": 6,
                                              "Inner Unique": true,
                                              "Hash Cond": "(mc.company_type_id = ct.id)",
                                              "Plans": [
                                                {
                                                  "Node Type": "Hash Join",
                                                  "Parent Relationship": "Outer",
                                                  "Parallel Aware": true,
                                                  "Join Type": "Inner",
                                                  "Startup Cost": 4733.81,
                                                  "Total Cost": 34149.74,
                                                  "Plan Rows": 5301,
                                                  "Plan Width": 8,
                                                  "Actual Startup Time": 20.063,
                                                  "Actual Total Time": 125.508,
                                                  "Actual Rows": 1793,
                                                  "Actual Loops": 6,
                                                  "Inner Unique": true,
                                                  "Hash Cond": "(mc.company_id = cn.id)",
                                                  "Plans": [
                                                    {
                                                      "Node Type": "Seq Scan",
                                                      "Parent Relationship": "Outer",
                                                      "Parallel Aware": true,
                                                      "Relation Name": "movie_companies",
                                                      "Alias": "mc",
                                                      "Startup Cost": 0.0,
                                                      "Total Cost": 27206.55,
                                                      "Plan Rows": 841655,
                                                      "Plan Width": 12,
                                                      "Actual Startup Time": 0.028,
                                                      "Actual Total Time": 62.658,
                                                      "Actual Rows": 434855,
                                                      "Actual Loops": 6
                                                    },
                                                    {
                                                      "Node Type": "Hash",
                                                      "Parent Relationship": "Inner",
                                                      "Parallel Aware": true,
                                                      "Startup Cost": 4722.92,
                                                      "Total Cost": 4722.92,
                                                      "Plan Rows": 871,
                                                      "Plan Width": 4,
                                                      "Actual Startup Time": 18.402,
                                                      "Actual Total Time": 18.403,
                                                      "Actual Rows": 281,
                                                      "Actual Loops": 6,
                                                      "Hash Buckets": 2048,
                                                      "Original Hash Buckets": 2048,
                                                      "Hash Batches": 1,
                                                      "Original Hash Batches": 1,
                                                      "Peak Memory Usage": 208,
                                                      "Plans": [
                                                        {
                                                          "Node Type": "Seq Scan",
                                                          "Parent Relationship": "Outer",
                                                          "Parallel Aware": true,
                                                          "Relation Name": "company_name",
                                                          "Alias": "cn",
                                                          "Startup Cost": 0.0,
                                                          "Total Cost": 4722.92,
                                                          "Plan Rows": 871,
                                                          "Plan Width": 4,
                                                          "Actual Startup Time": 0.226,
                                                          "Actual Total Time": 18.006,
                                                          "Actual Rows": 281,
                                                          "Actual Loops": 6,
                                                          "Filter": "((country_code)::text = '[hk]'::text)",
                                                          "Rows Removed by Filter": 38885
                                                        }
                                                      ]
                                                    }
                                                  ]
                                                },
                                                {
                                                  "Node Type": "Hash",
                                                  "Parent Relationship": "Inner",
                                                  "Parallel Aware": false,
                                                  "Startup Cost": 1.05,
                                                  "Total Cost": 1.05,
                                                  "Plan Rows": 1,
                                                  "Plan Width": 4,
                                                  "Actual Startup Time": 0.07,
                                                  "Actual Total Time": 0.071,
                                                  "Actual Rows": 1,
                                                  "Actual Loops": 6,
                                                  "Hash Buckets": 1024,
                                                  "Original Hash Buckets": 1024,
                                                  "Hash Batches": 1,
                                                  "Original Hash Batches": 1,
                                                  "Peak Memory Usage": 9,
                                                  "Plans": [
                                                    {
                                                      "Node Type": "Seq Scan",
                                                      "Parent Relationship": "Outer",
                                                      "Parallel Aware": false,
                                                      "Relation Name": "company_type",
                                                      "Alias": "ct",
                                                      "Startup Cost": 0.0,
                                                      "Total Cost": 1.05,
                                                      "Plan Rows": 1,
                                                      "Plan Width": 4,
                                                      "Actual Startup Time": 0.057,
                                                      "Actual Total Time": 0.06,
                                                      "Actual Rows": 1,
                                                      "Actual Loops": 6,
                                                      "Filter": "((kind)::text = 'production companies'::text)",
                                                      "Rows Removed by Filter": 3
                                                    }
                                                  ]
                                                }
                                              ]
                                            }
                                          ]
                                        }
                                      ]
                                    }
                                  ]
                                }
                              ]
                            },
                            {
                              "Node Type": "Hash",
                              "Parent Relationship": "Inner",
                              "Parallel Aware": false,
                              "Startup Cost": 1.09,
                              "Total Cost": 1.09,
                              "Plan Rows": 1,
                              "Plan Width": 4,
                              "Actual Startup Time": 0.112,
                              "Actual Total Time": 0.113,
                              "Actual Rows": 1,
                              "Actual Loops": 6,
                              "Hash Buckets": 1024,
                              "Original Hash Buckets": 1024,
                              "Hash Batches": 1,
                              "Original Hash Batches": 1,
                              "Peak Memory Usage": 9,
                              "Plans": [
                                {
                                  "Node Type": "Seq Scan",
                                  "Parent Relationship": "Outer",
                                  "Parallel Aware": false,
                                  "Relation Name": "kind_type",
                                  "Alias": "kt",
                                  "Startup Cost": 0.0,
                                  "Total Cost": 1.09,
                                  "Plan Rows": 1,
                                  "Plan Width": 4,
                                  "Actual Startup Time": 0.085,
                                  "Actual Total Time": 0.091,
                                  "Actual Rows": 1,
                                  "Actual Loops": 6,
                                  "Filter": "((kind)::text = 'movie'::text)",
                                  "Rows Removed by Filter": 6
                                }
                              ]
                            }
                          ]
                        }
                      ]
                    }
                  ]
                }
              ]
            }
          ]
        }
      ]
    },
    "Planning Time": 12.138,
    "Triggers": [],
    "Execution Time": 1039.803
  }
]