[
  {
    "Plan": {
      "Node Type": "Aggregate",
      "Strategy": "Plain",
      "Partial Mode": "Finalize",
      "Parallel Aware": false,
      "Startup Cost": 81391.78,
      "Total Cost": 81391.79,
      "Plan Rows": 1,
      "Plan Width": 8,
      "Actual Startup Time": 433.653,
      "Actual Total Time": 449.176,
      "Actual Rows": 1,
      "Actual Loops": 1,
      "Plans": [
        {
          "Node Type": "Gather",
          "Parent Relationship": "Outer",
          "Parallel Aware": false,
          "Startup Cost": 81391.36,
          "Total Cost": 81391.77,
          "Plan Rows": 4,
          "Plan Width": 8,
          "Actual Startup Time": 426.13,
          "Actual Total Time": 449.167,
          "Actual Rows": 5,
          "Actual Loops": 1,
          "Workers Planned": 4,
          "Workers Launched": 4,
          "Single Copy": false,
          "Plans": [
            {
              "Node Type": "Aggregate",
              "Strategy": "Plain",
              "Partial Mode": "Partial",
              "Parent Relationship": "Outer",
              "Parallel Aware": false,
              "Startup Cost": 80391.36,
              "Total Cost": 80391.37,
              "Plan Rows": 1,
              "Plan Width": 8,
              "Actual Startup Time": 416.397,
              "Actual Total Time": 416.4,
              "Actual Rows": 1,
              "Actual Loops": 5,
              "Plans": [
                {
                  "Node Type": "Hash Join",
                  "Parent Relationship": "Outer",
                  "Parallel Aware": true,
                  "Join Type": "Inner",
                  "Startup Cost": 33444.69,
                  "Total Cost": 79750.59,
                  "Plan Rows": 256309,
                  "Plan Width": 0,
                  "Actual Startup Time": 155.762,
                  "Actual Total Time": 406.011,
                  "Actual Rows": 207401,
                  "Actual Loops": 5,
                  "Inner Unique": false,
                  "Hash Cond": "(t.id = mc.movie_id)",
                  "Plans": [
                    {
                      "Node Type": "Seq Scan",
                      "Parent Relationship": "Outer",
                      "Parallel Aware": true,
                      "Relation Name": "title",
                      "Alias": "t",
                      "Startup Cost": 0.0,
                      "Total Cost": 42318.73,
                      "Plan Rows": 632073,
                      "Plan Width": 4,
                      "Actual Startup Time": 0.011,
                      "Actual Total Time": 69.532,
                      "Actual Rows": 505662,
                      "Actual Loops": 5
                    },
                    {
                      "Node Type": "Hash",
                      "Parent Relationship": "Inner",
                      "Parallel Aware": true,
                      "Startup Cost": 29310.68,
                      "Total Cost": 29310.68,
                      "Plan Rows": 330721,
                      "Plan Width": 4,
                      "Actual Startup Time": 151.417,
                      "Actual Total Time": 151.418,
                      "Actual Rows": 207401,
                      "Actual Loops": 5,
                      "Hash Buckets": 1048576,
                      "Original Hash Buckets": 1048576,
                      "Hash Batches": 1,
                      "Original Hash Batches": 1,
                      "Peak Memory Usage": 48864,
                      "Plans": [
                        {
                          "Node Type": "Seq Scan",
                          "Parent Relationship": "Outer",
                          "Parallel Aware": true,
                          "Relation Name": "movie_companies",
                          "Alias": "mc",
                          "Startup Cost": 0.0,
                          "Total Cost": 29310.68,
                          "Plan Rows": 330721,
                          "Plan Width": 4,
                          "Actual Startup Time": 20.876,
                          "Actual Total Time": 80.265,
                          "Actual Rows": 207401,
                          "Actual Loops": 5,
                          "Filter": "(company_id > 15336)",
                          "Rows Removed by Filter": 314425
                        }
                      ]
                    }
                  ]
                }
              ]
            }
          ]
        }
      ]
    },
    "Planning Time": 0.627,
    "Triggers": [],
    "Execution Time": 449.249
  }
]