{
  "Plan": {
    "Node Type": "Aggregate",
    "Strategy": "Plain",
    "Partial Mode": "Finalize",
    "Parallel Aware": false,
    "Startup Cost": 597157.05,
    "Total Cost": 597157.06,
    "Plan Rows": 1,
    "Plan Width": 8,
    "Actual Startup Time": 1885.758,
    "Actual Total Time": 1935.808,
    "Actual Rows": 1,
    "Actual Loops": 1,
    "Plans": [
      {
        "Node Type": "Gather",
        "Parent Relationship": "Outer",
        "Parallel Aware": false,
        "Startup Cost": 597156.93,
        "Total Cost": 597157.04,
        "Plan Rows": 1,
        "Plan Width": 8,
        "Actual Startup Time": 1885.587,
        "Actual Total Time": 1935.798,
        "Actual Rows": 2,
        "Actual Loops": 1,
        "Workers Planned": 1,
        "Workers Launched": 1,
        "Single Copy": false,
        "Plans": [
          {
            "Node Type": "Aggregate",
            "Strategy": "Plain",
            "Partial Mode": "Partial",
            "Parent Relationship": "Outer",
            "Parallel Aware": false,
            "Startup Cost": 596156.93,
            "Total Cost": 596156.94,
            "Plan Rows": 1,
            "Plan Width": 8,
            "Actual Startup Time": 1882.216,
            "Actual Total Time": 1882.219,
            "Actual Rows": 1,
            "Actual Loops": 2,
            "Plans": [
              {
                "Node Type": "Hash Join",
                "Parent Relationship": "Outer",
                "Parallel Aware": true,
                "Join Type": "Inner",
                "Startup Cost": 58383.72,
                "Total Cost": 596083.21,
                "Plan Rows": 29491,
                "Plan Width": 0,
                "Actual Startup Time": 134.025,
                "Actual Total Time": 1880.631,
                "Actual Rows": 26866,
                "Actual Loops": 2,
                "Inner Unique": true,
                "Hash Cond": "(ci.movie_id = t.id)",
                "Plans": [
                  {
                    "Node Type": "Seq Scan",
                    "Parent Relationship": "Outer",
                    "Parallel Aware": true,
                    "Relation Name": "cast_info",
                    "Alias": "ci",
                    "Startup Cost": 0.0,
                    "Total Cost": 519069.44,
                    "Plan Rows": 7097148,
                    "Plan Width": 4,
                    "Actual Startup Time": 0.022,
                    "Actual Total Time": 1275.136,
                    "Actual Rows": 6017602,
                    "Actual Loops": 2,
                    "Filter": "(person_id < 1185850)",
                    "Rows Removed by Filter": 12104570
                  },
                  {
                    "Node Type": "Hash",
                    "Parent Relationship": "Inner",
                    "Parallel Aware": true,
                    "Startup Cost": 58306.47,
                    "Total Cost": 58306.47,
                    "Plan Rows": 6180,
                    "Plan Width": 4,
                    "Actual Startup Time": 132.55,
                    "Actual Total Time": 132.55,
                    "Actual Rows": 5134,
                    "Actual Loops": 2,
                    "Hash Buckets": 16384,
                    "Original Hash Buckets": 16384,
                    "Hash Batches": 1,
                    "Original Hash Batches": 1,
                    "Peak Memory Usage": 544,
                    "Plans": [
                      {
                        "Node Type": "Seq Scan",
                        "Parent Relationship": "Outer",
                        "Parallel Aware": true,
                        "Relation Name": "title",
                        "Alias": "t",
                        "Startup Cost": 0.0,
                        "Total Cost": 58306.47,
                        "Plan Rows": 6180,
                        "Plan Width": 4,
                        "Actual Startup Time": 0.135,
                        "Actual Total Time": 130.618,
                        "Actual Rows": 5134,
                        "Actual Loops": 2,
                        "Filter": "((kind_id > 1) AND (production_year = 1981))",
                        "Rows Removed by Filter": 1259022
                      }
                    ]
                  }
                ]
              }
            ]
          }
        ]
      }
    ]
  },
  "Planning Time": 0.476,
  "Triggers": [],
  "Execution Time": 1935.888
}