[
  {
    "Plan": {
      "Node Type": "Aggregate",
      "Strategy": "Plain",
      "Partial Mode": "Finalize",
      "Parallel Aware": false,
      "Startup Cost": 46482.28,
      "Total Cost": 46482.29,
      "Plan Rows": 1,
      "Plan Width": 8,
      "Actual Startup Time": 92.037,
      "Actual Total Time": 103.561,
      "Actual Rows": 1,
      "Actual Loops": 1,
      "Plans": [
        {
          "Node Type": "Gather",
          "Parent Relationship": "Outer",
          "Parallel Aware": false,
          "Startup Cost": 46481.86,
          "Total Cost": 46482.27,
          "Plan Rows": 4,
          "Plan Width": 8,
          "Actual Startup Time": 91.863,
          "Actual Total Time": 103.553,
          "Actual Rows": 5,
          "Actual Loops": 1,
          "Workers Planned": 4,
          "Workers Launched": 4,
          "Single Copy": false,
          "Plans": [
            {
              "Node Type": "Aggregate",
              "Strategy": "Plain",
              "Partial Mode": "Partial",
              "Parent Relationship": "Outer",
              "Parallel Aware": false,
              "Startup Cost": 45481.86,
              "Total Cost": 45481.87,
              "Plan Rows": 1,
              "Plan Width": 8,
              "Actual Startup Time": 83.02,
              "Actual Total Time": 83.021,
              "Actual Rows": 1,
              "Actual Loops": 5,
              "Plans": [
                {
                  "Node Type": "Seq Scan",
                  "Parent Relationship": "Outer",
                  "Parallel Aware": true,
                  "Relation Name": "title",
                  "Alias": "t",
                  "Startup Cost": 0.0,
                  "Total Cost": 45479.1,
                  "Plan Rows": 1106,
                  "Plan Width": 0,
                  "Actual Startup Time": 1.995,
                  "Actual Total Time": 82.904,
                  "Actual Rows": 959,
                  "Actual Loops": 5,
                  "Filter": "((kind_id < 3) AND (production_year = 1974))",
                  "Rows Removed by Filter": 504704
                }
              ]
            }
          ]
        }
      ]
    },
    "Planning Time": 0.164,
    "Triggers": [],
    "Execution Time": 103.661
  }
]