{
  "Plan": {
    "Node Type": "Aggregate",
    "Strategy": "Plain",
    "Partial Mode": "Finalize",
    "Parallel Aware": false,
    "Startup Cost": 314422.58,
    "Total Cost": 314422.59,
    "Plan Rows": 1,
    "Plan Width": 8,
    "Actual Startup Time": 2126.036,
    "Actual Total Time": 2149.573,
    "Actual Rows": 1,
    "Actual Loops": 1,
    "Plans": [
      {
        "Node Type": "Gather",
        "Parent Relationship": "Outer",
        "Parallel Aware": false,
        "Startup Cost": 314422.47,
        "Total Cost": 314422.58,
        "Plan Rows": 1,
        "Plan Width": 8,
        "Actual Startup Time": 2119.772,
        "Actual Total Time": 2149.567,
        "Actual Rows": 2,
        "Actual Loops": 1,
        "Workers Planned": 1,
        "Workers Launched": 1,
        "Single Copy": false,
        "Plans": [
          {
            "Node Type": "Aggregate",
            "Strategy": "Plain",
            "Partial Mode": "Partial",
            "Parent Relationship": "Outer",
            "Parallel Aware": false,
            "Startup Cost": 313422.47,
            "Total Cost": 313422.48,
            "Plan Rows": 1,
            "Plan Width": 8,
            "Actual Startup Time": 2113.257,
            "Actual Total Time": 2113.264,
            "Actual Rows": 1,
            "Actual Loops": 2,
            "Plans": [
              {
                "Node Type": "Hash Join",
                "Parent Relationship": "Outer",
                "Parallel Aware": true,
                "Join Type": "Inner",
                "Startup Cost": 248104.0,
                "Total Cost": 312147.81,
                "Plan Rows": 509863,
                "Plan Width": 0,
                "Actual Startup Time": 682.864,
                "Actual Total Time": 1703.14,
                "Actual Rows": 10386410,
                "Actual Loops": 2,
                "Inner Unique": false,
                "Hash Cond": "(mk.movie_id = t.id)",
                "Plans": [
                  {
                    "Node Type": "Seq Scan",
                    "Parent Relationship": "Outer",
                    "Parallel Aware": true,
                    "Relation Name": "movie_keyword",
                    "Alias": "mk",
                    "Startup Cost": 0.0,
                    "Total Cost": 51065.35,
                    "Plan Rows": 2661135,
                    "Plan Width": 4,
                    "Actual Startup Time": 0.019,
                    "Actual Total Time": 150.533,
                    "Actual Rows": 2261965,
                    "Actual Loops": 2
                  },
                  {
                    "Node Type": "Hash",
                    "Parent Relationship": "Inner",
                    "Parallel Aware": true,
                    "Startup Cost": 244542.15,
                    "Total Cost": 244542.15,
                    "Plan Rows": 284948,
                    "Plan Width": 8,
                    "Actual Startup Time": 677.284,
                    "Actual Total Time": 677.289,
                    "Actual Rows": 243277,
                    "Actual Loops": 2,
                    "Hash Buckets": 524288,
                    "Original Hash Buckets": 524288,
                    "Hash Batches": 1,
                    "Original Hash Batches": 1,
                    "Peak Memory Usage": 23168,
                    "Plans": [
                      {
                        "Node Type": "Hash Join",
                        "Parent Relationship": "Outer",
                        "Parallel Aware": true,
                        "Join Type": "Inner",
                        "Startup Cost": 78239.32,
                        "Total Cost": 244542.15,
                        "Plan Rows": 284948,
                        "Plan Width": 8,
                        "Actual Startup Time": 535.414,
                        "Actual Total Time": 633.463,
                        "Actual Rows": 243277,
                        "Actual Loops": 2,
                        "Inner Unique": true,
                        "Hash Cond": "(mi.movie_id = t.id)",
                        "Plans": [
                          {
                            "Node Type": "Bitmap Heap Scan",
                            "Parent Relationship": "Outer",
                            "Parallel Aware": true,
                            "Relation Name": "movie_info",
                            "Alias": "mi",
                            "Startup Cost": 8778.62,
                            "Total Cost": 174333.47,
                            "Plan Rows": 284948,
                            "Plan Width": 4,
                            "Actual Startup Time": 16.014,
                            "Actual Total Time": 41.041,
                            "Actual Rows": 243277,
                            "Actual Loops": 2,
                            "Recheck Cond": "(info_type_id = 5)",
                            "Rows Removed by Index Recheck": 0,
                            "Exact Heap Blocks": 2708,
                            "Lossy Heap Blocks": 0,
                            "Plans": [
                              {
                                "Node Type": "Bitmap Index Scan",
                                "Parent Relationship": "Outer",
                                "Parallel Aware": false,
                                "Index Name": "info_type_id_movie_info",
                                "Startup Cost": 0.0,
                                "Total Cost": 8657.52,
                                "Plan Rows": 484411,
                                "Plan Width": 0,
                                "Actual Startup Time": 15.288,
                                "Actual Total Time": 15.289,
                                "Actual Rows": 486554,
                                "Actual Loops": 1,
                                "Index Cond": "(info_type_id = 5)"
                              }
                            ]
                          },
                          {
                            "Node Type": "Hash",
                            "Parent Relationship": "Inner",
                            "Parallel Aware": true,
                            "Startup Cost": 50870.31,
                            "Total Cost": 50870.31,
                            "Plan Rows": 1487231,
                            "Plan Width": 4,
                            "Actual Startup Time": 500.867,
                            "Actual Total Time": 500.868,
                            "Actual Rows": 1264156,
                            "Actual Loops": 2,
                            "Hash Buckets": 4194304,
                            "Original Hash Buckets": 4194304,
                            "Hash Batches": 1,
                            "Original Hash Batches": 1,
                            "Peak Memory Usage": 131712,
                            "Plans": [
                              {
                                "Node Type": "Seq Scan",
                                "Parent Relationship": "Outer",
                                "Parallel Aware": true,
                                "Relation Name": "title",
                                "Alias": "t",
                                "Startup Cost": 0.0,
                                "Total Cost": 50870.31,
                                "Plan Rows": 1487231,
                                "Plan Width": 4,
                                "Actual Startup Time": 0.038,
                                "Actual Total Time": 150.722,
                                "Actual Rows": 1264156,
                                "Actual Loops": 2
                              }
                            ]
                          }
                        ]
                      }
                    ]
                  }
                ]
              }
            ]
          }
        ]
      }
    ]
  },
  "Planning Time": 0.887,
  "Triggers": [],
  "Execution Time": 2149.674
}