[
  {
    "Plan": {
      "Node Type": "Aggregate",
      "Strategy": "Plain",
      "Partial Mode": "Finalize",
      "Parallel Aware": false,
      "Startup Cost": 60148.89,
      "Total Cost": 60148.9,
      "Plan Rows": 1,
      "Plan Width": 8,
      "Actual Startup Time": 184.506,
      "Actual Total Time": 198.103,
      "Actual Rows": 1,
      "Actual Loops": 1,
      "Plans": [
        {
          "Node Type": "Gather",
          "Parent Relationship": "Outer",
          "Parallel Aware": false,
          "Startup Cost": 60148.67,
          "Total Cost": 60148.88,
          "Plan Rows": 2,
          "Plan Width": 8,
          "Actual Startup Time": 184.365,
          "Actual Total Time": 198.097,
          "Actual Rows": 3,
          "Actual Loops": 1,
          "Workers Planned": 2,
          "Workers Launched": 2,
          "Single Copy": false,
          "Plans": [
            {
              "Node Type": "Aggregate",
              "Strategy": "Plain",
              "Partial Mode": "Partial",
              "Parent Relationship": "Outer",
              "Parallel Aware": false,
              "Startup Cost": 59148.67,
              "Total Cost": 59148.68,
              "Plan Rows": 1,
              "Plan Width": 8,
              "Actual Startup Time": 178.838,
              "Actual Total Time": 178.841,
              "Actual Rows": 1,
              "Actual Loops": 3,
              "Plans": [
                {
                  "Node Type": "Hash Join",
                  "Parent Relationship": "Outer",
                  "Parallel Aware": true,
                  "Join Type": "Inner",
                  "Startup Cost": 43945.62,
                  "Total Cost": 59140.18,
                  "Plan Rows": 3398,
                  "Plan Width": 0,
                  "Actual Startup Time": 135.476,
                  "Actual Total Time": 178.701,
                  "Actual Rows": 2315,
                  "Actual Loops": 3,
                  "Inner Unique": true,
                  "Hash Cond": "(mi_idx.movie_id = t.id)",
                  "Plans": [
                    {
                      "Node Type": "Seq Scan",
                      "Parent Relationship": "Outer",
                      "Parallel Aware": true,
                      "Relation Name": "movie_info_idx",
                      "Alias": "mi_idx",
                      "Startup Cost": 0.0,
                      "Total Cost": 13685.15,
                      "Plan Rows": 575015,
                      "Plan Width": 4,
                      "Actual Startup Time": 0.022,
                      "Actual Total Time": 35.624,
                      "Actual Rows": 460012,
                      "Actual Loops": 3
                    },
                    {
                      "Node Type": "Hash",
                      "Parent Relationship": "Inner",
                      "Parallel Aware": true,
                      "Startup Cost": 43898.92,
                      "Total Cost": 43898.92,
                      "Plan Rows": 3736,
                      "Plan Width": 4,
                      "Actual Startup Time": 105.886,
                      "Actual Total Time": 105.887,
                      "Actual Rows": 5631,
                      "Actual Loops": 3,
                      "Hash Buckets": 16384,
                      "Original Hash Buckets": 16384,
                      "Hash Batches": 1,
                      "Original Hash Batches": 1,
                      "Peak Memory Usage": 832,
                      "Plans": [
                        {
                          "Node Type": "Seq Scan",
                          "Parent Relationship": "Outer",
                          "Parallel Aware": true,
                          "Relation Name": "title",
                          "Alias": "t",
                          "Startup Cost": 0.0,
                          "Total Cost": 43898.92,
                          "Plan Rows": 3736,
                          "Plan Width": 4,
                          "Actual Startup Time": 61.799,
                          "Actual Total Time": 103.999,
                          "Actual Rows": 5631,
                          "Actual Loops": 3,
                          "Filter": "(production_year < 1907)",
                          "Rows Removed by Filter": 837140
                        }
                      ]
                    }
                  ]
                }
              ]
            }
          ]
        }
      ]
    },
    "Planning Time": 0.467,
    "Triggers": [],
    "Execution Time": 198.171
  }
]