[
  {
    "Plan": {
      "Node Type": "Aggregate",
      "Strategy": "Plain",
      "Partial Mode": "Finalize",
      "Parallel Aware": false,
      "Startup Cost": 31640.33,
      "Total Cost": 31640.34,
      "Plan Rows": 1,
      "Plan Width": 8,
      "Actual Startup Time": 116.873,
      "Actual Total Time": 124.911,
      "Actual Rows": 1,
      "Actual Loops": 1,
      "Plans": [
        {
          "Node Type": "Gather",
          "Parent Relationship": "Outer",
          "Parallel Aware": false,
          "Startup Cost": 31640.01,
          "Total Cost": 31640.32,
          "Plan Rows": 3,
          "Plan Width": 8,
          "Actual Startup Time": 116.788,
          "Actual Total Time": 124.903,
          "Actual Rows": 4,
          "Actual Loops": 1,
          "Workers Planned": 3,
          "Workers Launched": 3,
          "Single Copy": false,
          "Plans": [
            {
              "Node Type": "Aggregate",
              "Strategy": "Plain",
              "Partial Mode": "Partial",
              "Parent Relationship": "Outer",
              "Parallel Aware": false,
              "Startup Cost": 30640.01,
              "Total Cost": 30640.02,
              "Plan Rows": 1,
              "Plan Width": 8,
              "Actual Startup Time": 108.318,
              "Actual Total Time": 108.319,
              "Actual Rows": 1,
              "Actual Loops": 4,
              "Plans": [
                {
                  "Node Type": "Seq Scan",
                  "Parent Relationship": "Outer",
                  "Parallel Aware": true,
                  "Relation Name": "movie_companies",
                  "Alias": "mc",
                  "Startup Cost": 0.0,
                  "Total Cost": 29310.68,
                  "Plan Rows": 531731,
                  "Plan Width": 0,
                  "Actual Startup Time": 0.049,
                  "Actual Total Time": 85.188,
                  "Actual Rows": 409228,
                  "Actual Loops": 4,
                  "Filter": "(company_id < 17633)",
                  "Rows Removed by Filter": 243055
                }
              ]
            }
          ]
        }
      ]
    },
    "Planning Time": 0.161,
    "Triggers": [],
    "Execution Time": 124.964
  }
]