[
    {
        "Bao": {
            "Bao prediction": 1301.69,
            "Bao recommended hint": "SET enable_mergejoin TO off; "
        }
    },
    {
        "Plan": {
            "Node Type": "Aggregate",
            "Strategy": "Plain",
            "Partial Mode": "Finalize",
            "Parallel Aware": false,
            "Startup Cost": 112294.61,
            "Total Cost": 112294.62,
            "Plan Rows": 1,
            "Plan Width": 8,
            "Actual Startup Time": 1102.126,
            "Actual Total Time": 1115.196,
            "Actual Rows": 1,
            "Actual Loops": 1,
            "Output": [
                "count(*)"
            ],
            "Plans": [
                {
                    "Node Type": "Gather",
                    "Parent Relationship": "Outer",
                    "Parallel Aware": false,
                    "Startup Cost": 112294.3,
                    "Total Cost": 112294.61,
                    "Plan Rows": 3,
                    "Plan Width": 8,
                    "Actual Startup Time": 1093.486,
                    "Actual Total Time": 1115.184,
                    "Actual Rows": 4,
                    "Actual Loops": 1,
                    "Output": [
                        "(PARTIAL count(*))"
                    ],
                    "Workers Planned": 3,
                    "Workers Launched": 3,
                    "Single Copy": false,
                    "Plans": [
                        {
                            "Node Type": "Aggregate",
                            "Strategy": "Plain",
                            "Partial Mode": "Partial",
                            "Parent Relationship": "Outer",
                            "Parallel Aware": false,
                            "Startup Cost": 111294.3,
                            "Total Cost": 111294.31,
                            "Plan Rows": 1,
                            "Plan Width": 8,
                            "Actual Startup Time": 1085.415,
                            "Actual Total Time": 1085.833,
                            "Actual Rows": 1,
                            "Actual Loops": 4,
                            "Output": [
                                "PARTIAL count(*)"
                            ],
                            "Workers": [
                                {
                                    "Worker Number": 0,
                                    "Actual Startup Time": 1082.633,
                                    "Actual Total Time": 1082.639,
                                    "Actual Rows": 1,
                                    "Actual Loops": 1
                                },
                                {
                                    "Worker Number": 1,
                                    "Actual Startup Time": 1082.733,
                                    "Actual Total Time": 1082.737,
                                    "Actual Rows": 1,
                                    "Actual Loops": 1
                                },
                                {
                                    "Worker Number": 2,
                                    "Actual Startup Time": 1083.541,
                                    "Actual Total Time": 1083.547,
                                    "Actual Rows": 1,
                                    "Actual Loops": 1
                                }
                            ],
                            "Plans": [
                                {
                                    "Node Type": "Hash Join",
                                    "Parent Relationship": "Outer",
                                    "Parallel Aware": true,
                                    "Join Type": "Inner",
                                    "Startup Cost": 65186.33,
                                    "Total Cost": 110698.74,
                                    "Plan Rows": 238223,
                                    "Plan Width": 0,
                                    "Actual Startup Time": 433.868,
                                    "Actual Total Time": 947.903,
                                    "Actual Rows": 2158166,
                                    "Actual Loops": 4,
                                    "Inner Unique": false,
                                    "Hash Cond": "(mk.movie_id = t.id)",
                                    "Workers": [
                                        {
                                            "Worker Number": 0,
                                            "Actual Startup Time": 431.35,
                                            "Actual Total Time": 943.215,
                                            "Actual Rows": 2157897,
                                            "Actual Loops": 1
                                        },
                                        {
                                            "Worker Number": 1,
                                            "Actual Startup Time": 431.522,
                                            "Actual Total Time": 944.489,
                                            "Actual Rows": 2142096,
                                            "Actual Loops": 1
                                        },
                                        {
                                            "Worker Number": 2,
                                            "Actual Startup Time": 431.099,
                                            "Actual Total Time": 946.079,
                                            "Actual Rows": 2109388,
                                            "Actual Loops": 1
                                        }
                                    ],
                                    "Plans": [
                                        {
                                            "Node Type": "Seq Scan",
                                            "Parent Relationship": "Outer",
                                            "Parallel Aware": true,
                                            "Relation Name": "movie_keyword",
                                            "Schema": "public",
                                            "Alias": "mk",
                                            "Startup Cost": 0.0,
                                            "Total Cost": 39047.32,
                                            "Plan Rows": 1459332,
                                            "Plan Width": 4,
                                            "Actual Startup Time": 0.012,
                                            "Actual Total Time": 121.252,
                                            "Actual Rows": 1130982,
                                            "Actual Loops": 4,
                                            "Output": [
                                                "mk.id",
                                                "mk.movie_id",
                                                "mk.keyword_id"
                                            ],
                                            "Workers": [
                                                {
                                                    "Worker Number": 0,
                                                    "Actual Startup Time": 0.012,
                                                    "Actual Total Time": 124.092,
                                                    "Actual Rows": 1119990,
                                                    "Actual Loops": 1
                                                },
                                                {
                                                    "Worker Number": 1,
                                                    "Actual Startup Time": 0.012,
                                                    "Actual Total Time": 125.223,
                                                    "Actual Rows": 1131400,
                                                    "Actual Loops": 1
                                                },
                                                {
                                                    "Worker Number": 2,
                                                    "Actual Startup Time": 0.013,
                                                    "Actual Total Time": 126.852,
                                                    "Actual Rows": 1096125,
                                                    "Actual Loops": 1
                                                }
                                            ]
                                        },
                                        {
                                            "Node Type": "Hash",
                                            "Parent Relationship": "Inner",
                                            "Parallel Aware": true,
                                            "Startup Cost": 63036.72,
                                            "Total Cost": 63036.72,
                                            "Plan Rows": 171969,
                                            "Plan Width": 8,
                                            "Actual Startup Time": 430.346,
                                            "Actual Total Time": 430.762,
                                            "Actual Rows": 209582,
                                            "Actual Loops": 4,
                                            "Output": [
                                                "t.id",
                                                "mi_idx.movie_id"
                                            ],
                                            "Hash Buckets": 1048576,
                                            "Original Hash Buckets": 524288,
                                            "Hash Batches": 1,
                                            "Original Hash Batches": 1,
                                            "Peak Memory Usage": 45152,
                                            "Workers": [
                                                {
                                                    "Worker Number": 0,
                                                    "Actual Startup Time": 430.585,
                                                    "Actual Total Time": 430.59,
                                                    "Actual Rows": 208204,
                                                    "Actual Loops": 1
                                                },
                                                {
                                                    "Worker Number": 1,
                                                    "Actual Startup Time": 430.546,
                                                    "Actual Total Time": 430.549,
                                                    "Actual Rows": 209053,
                                                    "Actual Loops": 1
                                                },
                                                {
                                                    "Worker Number": 2,
                                                    "Actual Startup Time": 430.316,
                                                    "Actual Total Time": 430.32,
                                                    "Actual Rows": 199690,
                                                    "Actual Loops": 1
                                                }
                                            ],
                                            "Plans": [
                                                {
                                                    "Node Type": "Hash Join",
                                                    "Parent Relationship": "Outer",
                                                    "Parallel Aware": true,
                                                    "Join Type": "Inner",
                                                    "Startup Cost": 47842.16,
                                                    "Total Cost": 63036.72,
                                                    "Plan Rows": 171969,
                                                    "Plan Width": 8,
                                                    "Actual Startup Time": 215.1,
                                                    "Actual Total Time": 353.966,
                                                    "Actual Rows": 209582,
                                                    "Actual Loops": 4,
                                                    "Output": [
                                                        "t.id",
                                                        "mi_idx.movie_id"
                                                    ],
                                                    "Inner Unique": true,
                                                    "Hash Cond": "(mi_idx.movie_id = t.id)",
                                                    "Workers": [
                                                        {
                                                            "Worker Number": 0,
                                                            "Actual Startup Time": 215.144,
                                                            "Actual Total Time": 353.659,
                                                            "Actual Rows": 208204,
                                                            "Actual Loops": 1
                                                        },
                                                        {
                                                            "Worker Number": 1,
                                                            "Actual Startup Time": 214.933,
                                                            "Actual Total Time": 355.103,
                                                            "Actual Rows": 209053,
                                                            "Actual Loops": 1
                                                        },
                                                        {
                                                            "Worker Number": 2,
                                                            "Actual Startup Time": 215.2,
                                                            "Actual Total Time": 353.076,
                                                            "Actual Rows": 199690,
                                                            "Actual Loops": 1
                                                        }
                                                    ],
                                                    "Plans": [
                                                        {
                                                            "Node Type": "Seq Scan",
                                                            "Parent Relationship": "Outer",
                                                            "Parallel Aware": true,
                                                            "Relation Name": "movie_info_idx",
                                                            "Schema": "public",
                                                            "Alias": "mi_idx",
                                                            "Startup Cost": 0.0,
                                                            "Total Cost": 13685.15,
                                                            "Plan Rows": 575015,
                                                            "Plan Width": 4,
                                                            "Actual Startup Time": 0.021,
                                                            "Actual Total Time": 40.619,
                                                            "Actual Rows": 345009,
                                                            "Actual Loops": 4,
                                                            "Output": [
                                                                "mi_idx.id",
                                                                "mi_idx.movie_id",
                                                                "mi_idx.info_type_id",
                                                                "mi_idx.info",
                                                                "mi_idx.note"
                                                            ],
                                                            "Workers": [
                                                                {
                                                                    "Worker Number": 0,
                                                                    "Actual Startup Time": 0.025,
                                                                    "Actual Total Time": 41.816,
                                                                    "Actual Rows": 343868,
                                                                    "Actual Loops": 1
                                                                },
                                                                {
                                                                    "Worker Number": 1,
                                                                    "Actual Startup Time": 0.024,
                                                                    "Actual Total Time": 42.352,
                                                                    "Actual Rows": 347159,
                                                                    "Actual Loops": 1
                                                                },
                                                                {
                                                                    "Worker Number": 2,
                                                                    "Actual Startup Time": 0.026,
                                                                    "Actual Total Time": 41.555,
                                                                    "Actual Rows": 326284,
                                                                    "Actual Loops": 1
                                                                }
                                                            ]
                                                        },
                                                        {
                                                            "Node Type": "Hash",
                                                            "Parent Relationship": "Inner",
                                                            "Parallel Aware": true,
                                                            "Startup Cost": 45479.21,
                                                            "Total Cost": 45479.21,
                                                            "Plan Rows": 189036,
                                                            "Plan Width": 4,
                                                            "Actual Startup Time": 211.59,
                                                            "Actual Total Time": 211.591,
                                                            "Actual Rows": 198486,
                                                            "Actual Loops": 4,
                                                            "Output": [
                                                                "t.id"
                                                            ],
                                                            "Hash Buckets": 1048576,
                                                            "Original Hash Buckets": 1048576,
                                                            "Hash Batches": 1,
                                                            "Original Hash Batches": 1,
                                                            "Peak Memory Usage": 39296,
                                                            "Workers": [
                                                                {
                                                                    "Worker Number": 0,
                                                                    "Actual Startup Time": 214.846,
                                                                    "Actual Total Time": 214.847,
                                                                    "Actual Rows": 193766,
                                                                    "Actual Loops": 1
                                                                },
                                                                {
                                                                    "Worker Number": 1,
                                                                    "Actual Startup Time": 214.767,
                                                                    "Actual Total Time": 214.768,
                                                                    "Actual Rows": 195407,
                                                                    "Actual Loops": 1
                                                                },
                                                                {
                                                                    "Worker Number": 2,
                                                                    "Actual Startup Time": 214.92,
                                                                    "Actual Total Time": 214.921,
                                                                    "Actual Rows": 176779,
                                                                    "Actual Loops": 1
                                                                }
                                                            ],
                                                            "Plans": [
                                                                {
                                                                    "Node Type": "Seq Scan",
                                                                    "Parent Relationship": "Outer",
                                                                    "Parallel Aware": true,
                                                                    "Relation Name": "title",
                                                                    "Schema": "public",
                                                                    "Alias": "t",
                                                                    "Startup Cost": 0.0,
                                                                    "Total Cost": 45479.21,
                                                                    "Plan Rows": 189036,
                                                                    "Plan Width": 4,
                                                                    "Actual Startup Time": 0.059,
                                                                    "Actual Total Time": 124.241,
                                                                    "Actual Rows": 198486,
                                                                    "Actual Loops": 4,
                                                                    "Output": [
                                                                        "t.id"
                                                                    ],
                                                                    "Filter": "((t.kind_id < 7) AND (t.production_year < 2010))",
                                                                    "Rows Removed by Filter": 433592,
                                                                    "Workers": [
                                                                        {
                                                                            "Worker Number": 0,
                                                                            "Actual Startup Time": 0.061,
                                                                            "Actual Total Time": 125.996,
                                                                            "Actual Rows": 193766,
                                                                            "Actual Loops": 1
                                                                        },
                                                                        {
                                                                            "Worker Number": 1,
                                                                            "Actual Startup Time": 0.075,
                                                                            "Actual Total Time": 125.743,
                                                                            "Actual Rows": 195407,
                                                                            "Actual Loops": 1
                                                                        },
                                                                        {
                                                                            "Worker Number": 2,
                                                                            "Actual Startup Time": 0.08,
                                                                            "Actual Total Time": 124.35,
                                                                            "Actual Rows": 176779,
                                                                            "Actual Loops": 1
                                                                        }
                                                                    ]
                                                                }
                                                            ]
                                                        }
                                                    ]
                                                }
                                            ]
                                        }
                                    ]
                                }
                            ]
                        }
                    ]
                }
            ]
        },
        "Planning Time": 3018.222,
        "Triggers": [],
        "Execution Time": 1115.319
    }
]