[
  {
    "Plan": {
      "Node Type": "Aggregate",
      "Strategy": "Plain",
      "Partial Mode": "Finalize",
      "Parallel Aware": false,
      "Startup Cost": 55830.37,
      "Total Cost": 55830.38,
      "Plan Rows": 1,
      "Plan Width": 8,
      "Actual Startup Time": 149.916,
      "Actual Total Time": 163.526,
      "Actual Rows": 1,
      "Actual Loops": 1,
      "Plans": [
        {
          "Node Type": "Gather",
          "Parent Relationship": "Outer",
          "Parallel Aware": false,
          "Startup Cost": 55830.05,
          "Total Cost": 55830.36,
          "Plan Rows": 3,
          "Plan Width": 8,
          "Actual Startup Time": 149.394,
          "Actual Total Time": 163.52,
          "Actual Rows": 4,
          "Actual Loops": 1,
          "Workers Planned": 3,
          "Workers Launched": 3,
          "Single Copy": false,
          "Plans": [
            {
              "Node Type": "Aggregate",
              "Strategy": "Plain",
              "Partial Mode": "Partial",
              "Parent Relationship": "Outer",
              "Parallel Aware": false,
              "Startup Cost": 54830.05,
              "Total Cost": 54830.06,
              "Plan Rows": 1,
              "Plan Width": 8,
              "Actual Startup Time": 140.266,
              "Actual Total Time": 140.269,
              "Actual Rows": 1,
              "Actual Loops": 4,
              "Plans": [
                {
                  "Node Type": "Hash Join",
                  "Parent Relationship": "Outer",
                  "Parallel Aware": true,
                  "Join Type": "Inner",
                  "Startup Cost": 45718.5,
                  "Total Cost": 54822.38,
                  "Plan Rows": 3069,
                  "Plan Width": 0,
                  "Actual Startup Time": 110.02,
                  "Actual Total Time": 140.125,
                  "Actual Rows": 2372,
                  "Actual Loops": 4,
                  "Inner Unique": true,
                  "Hash Cond": "(ci.movie_id = t.id)",
                  "Plans": [
                    {
                      "Node Type": "Index Scan",
                      "Parent Relationship": "Outer",
                      "Parallel Aware": true,
                      "Scan Direction": "Forward",
                      "Index Name": "role_id_cast_info",
                      "Relation Name": "cast_info",
                      "Alias": "ci",
                      "Startup Cost": 0.56,
                      "Total Cost": 8837.38,
                      "Plan Rows": 101739,
                      "Plan Width": 4,
                      "Actual Startup Time": 0.238,
                      "Actual Total Time": 16.067,
                      "Actual Rows": 79030,
                      "Actual Loops": 4,
                      "Index Cond": "(role_id > 10)",
                      "Rows Removed by Index Recheck": 0
                    },
                    {
                      "Node Type": "Hash",
                      "Parent Relationship": "Inner",
                      "Parallel Aware": true,
                      "Startup Cost": 45479.59,
                      "Total Cost": 45479.59,
                      "Plan Rows": 19068,
                      "Plan Width": 4,
                      "Actual Startup Time": 108.292,
                      "Actual Total Time": 108.293,
                      "Actual Rows": 21027,
                      "Actual Loops": 4,
                      "Hash Buckets": 131072,
                      "Original Hash Buckets": 131072,
                      "Hash Batches": 1,
                      "Original Hash Batches": 1,
                      "Peak Memory Usage": 4352,
                      "Plans": [
                        {
                          "Node Type": "Seq Scan",
                          "Parent Relationship": "Outer",
                          "Parallel Aware": true,
                          "Relation Name": "title",
                          "Alias": "t",
                          "Startup Cost": 0.0,
                          "Total Cost": 45479.59,
                          "Plan Rows": 19068,
                          "Plan Width": 4,
                          "Actual Startup Time": 0.051,
                          "Actual Total Time": 99.397,
                          "Actual Rows": 21027,
                          "Actual Loops": 4,
                          "Filter": "((kind_id = 7) AND (production_year = 2008))",
                          "Rows Removed by Filter": 611051
                        }
                      ]
                    }
                  ]
                }
              ]
            }
          ]
        }
      ]
    },
    "Planning Time": 0.37,
    "Triggers": [],
    "Execution Time": 163.574
  }
]