[
  {
    "Plan": {
      "Node Type": "Aggregate",
      "Strategy": "Plain",
      "Partial Mode": "Finalize",
      "Parallel Aware": false,
      "Startup Cost": 345380.05,
      "Total Cost": 345380.06,
      "Plan Rows": 1,
      "Plan Width": 8,
      "Actual Startup Time": 377.583,
      "Actual Total Time": 435.38,
      "Actual Rows": 1,
      "Actual Loops": 1,
      "Plans": [
        {
          "Node Type": "Gather",
          "Parent Relationship": "Outer",
          "Parallel Aware": false,
          "Startup Cost": 345379.63,
          "Total Cost": 345380.04,
          "Plan Rows": 4,
          "Plan Width": 8,
          "Actual Startup Time": 377.468,
          "Actual Total Time": 435.372,
          "Actual Rows": 5,
          "Actual Loops": 1,
          "Workers Planned": 4,
          "Workers Launched": 4,
          "Single Copy": false,
          "Plans": [
            {
              "Node Type": "Aggregate",
              "Strategy": "Plain",
              "Partial Mode": "Partial",
              "Parent Relationship": "Outer",
              "Parallel Aware": false,
              "Startup Cost": 344379.63,
              "Total Cost": 344379.64,
              "Plan Rows": 1,
              "Plan Width": 8,
              "Actual Startup Time": 367.86,
              "Actual Total Time": 367.862,
              "Actual Rows": 1,
              "Actual Loops": 5,
              "Plans": [
                {
                  "Node Type": "Nested Loop",
                  "Parent Relationship": "Outer",
                  "Parallel Aware": false,
                  "Join Type": "Inner",
                  "Startup Cost": 0.56,
                  "Total Cost": 344057.06,
                  "Plan Rows": 129030,
                  "Plan Width": 0,
                  "Actual Startup Time": 0.295,
                  "Actual Total Time": 359.703,
                  "Actual Rows": 113196,
                  "Actual Loops": 5,
                  "Inner Unique": false,
                  "Plans": [
                    {
                      "Node Type": "Seq Scan",
                      "Parent Relationship": "Outer",
                      "Parallel Aware": true,
                      "Relation Name": "title",
                      "Alias": "t",
                      "Startup Cost": 0.0,
                      "Total Cost": 45479.1,
                      "Plan Rows": 9005,
                      "Plan Width": 4,
                      "Actual Startup Time": 0.045,
                      "Actual Total Time": 65.111,
                      "Actual Rows": 8515,
                      "Actual Loops": 5,
                      "Filter": "((kind_id > 2) AND (production_year = 2000))",
                      "Rows Removed by Filter": 497147
                    },
                    {
                      "Node Type": "Index Only Scan",
                      "Parent Relationship": "Inner",
                      "Parallel Aware": false,
                      "Scan Direction": "Forward",
                      "Index Name": "movie_id_cast_info",
                      "Relation Name": "cast_info",
                      "Alias": "ci",
                      "Startup Cost": 0.56,
                      "Total Cost": 32.79,
                      "Plan Rows": 37,
                      "Plan Width": 4,
                      "Actual Startup Time": 0.008,
                      "Actual Total Time": 0.033,
                      "Actual Rows": 13,
                      "Actual Loops": 42576,
                      "Index Cond": "(movie_id = t.id)",
                      "Rows Removed by Index Recheck": 0,
                      "Heap Fetches": 565982
                    }
                  ]
                }
              ]
            }
          ]
        }
      ]
    },
    "Planning Time": 0.491,
    "Triggers": [],
    "Execution Time": 435.458
  }
]