[
  {
    "Plan": {
      "Node Type": "Aggregate",
      "Strategy": "Plain",
      "Partial Mode": "Finalize",
      "Parallel Aware": false,
      "Startup Cost": 338658.43,
      "Total Cost": 338658.44,
      "Plan Rows": 1,
      "Plan Width": 8,
      "Actual Startup Time": 1294.983,
      "Actual Total Time": 1344.232,
      "Actual Rows": 1,
      "Actual Loops": 1,
      "Plans": [
        {
          "Node Type": "Gather",
          "Parent Relationship": "Outer",
          "Parallel Aware": false,
          "Startup Cost": 338657.91,
          "Total Cost": 338658.42,
          "Plan Rows": 5,
          "Plan Width": 8,
          "Actual Startup Time": 1286.278,
          "Actual Total Time": 1344.219,
          "Actual Rows": 6,
          "Actual Loops": 1,
          "Workers Planned": 5,
          "Workers Launched": 5,
          "Single Copy": false,
          "Plans": [
            {
              "Node Type": "Aggregate",
              "Strategy": "Plain",
              "Partial Mode": "Partial",
              "Parent Relationship": "Outer",
              "Parallel Aware": false,
              "Startup Cost": 337657.91,
              "Total Cost": 337657.92,
              "Plan Rows": 1,
              "Plan Width": 8,
              "Actual Startup Time": 1275.047,
              "Actual Total Time": 1275.459,
              "Actual Rows": 1,
              "Actual Loops": 6,
              "Plans": [
                {
                  "Node Type": "Hash Join",
                  "Parent Relationship": "Outer",
                  "Parallel Aware": true,
                  "Join Type": "Inner",
                  "Startup Cost": 130261.97,
                  "Total Cost": 335020.21,
                  "Plan Rows": 1055081,
                  "Plan Width": 0,
                  "Actual Startup Time": 443.952,
                  "Actual Total Time": 1248.583,
                  "Actual Rows": 617214,
                  "Actual Loops": 6,
                  "Inner Unique": false,
                  "Hash Cond": "(mi.movie_id = t.id)",
                  "Plans": [
                    {
                      "Node Type": "Seq Scan",
                      "Parent Relationship": "Outer",
                      "Parallel Aware": true,
                      "Relation Name": "movie_info",
                      "Alias": "mi",
                      "Startup Cost": 0.0,
                      "Total Cost": 191560.33,
                      "Plan Rows": 2956733,
                      "Plan Width": 4,
                      "Actual Startup Time": 0.054,
                      "Actual Total Time": 302.02,
                      "Actual Rows": 2472620,
                      "Actual Loops": 6
                    },
                    {
                      "Node Type": "Hash",
                      "Parent Relationship": "Inner",
                      "Parallel Aware": true,
                      "Startup Cost": 128006.48,
                      "Total Cost": 128006.48,
                      "Plan Rows": 180439,
                      "Plan Width": 8,
                      "Actual Startup Time": 439.842,
                      "Actual Total Time": 440.252,
                      "Actual Rows": 122015,
                      "Actual Loops": 6,
                      "Hash Buckets": 1048576,
                      "Original Hash Buckets": 1048576,
                      "Hash Batches": 1,
                      "Original Hash Batches": 1,
                      "Peak Memory Usage": 36928,
                      "Plans": [
                        {
                          "Node Type": "Hash Join",
                          "Parent Relationship": "Outer",
                          "Parallel Aware": true,
                          "Join Type": "Inner",
                          "Startup Cost": 49281.98,
                          "Total Cost": 128006.48,
                          "Plan Rows": 180439,
                          "Plan Width": 8,
                          "Actual Startup Time": 203.342,
                          "Actual Total Time": 387.912,
                          "Actual Rows": 122015,
                          "Actual Loops": 6,
                          "Inner Unique": true,
                          "Hash Cond": "(ci.movie_id = t.id)",
                          "Plans": [
                            {
                              "Node Type": "Index Scan",
                              "Parent Relationship": "Outer",
                              "Parallel Aware": true,
                              "Scan Direction": "Forward",
                              "Index Name": "role_id_cast_info",
                              "Relation Name": "cast_info",
                              "Alias": "ci",
                              "Startup Cost": 0.56,
                              "Total Cost": 77740.85,
                              "Plan Rows": 374939,
                              "Plan Width": 4,
                              "Actual Startup Time": 0.168,
                              "Actual Total Time": 87.756,
                              "Actual Rows": 230250,
                              "Actual Loops": 6,
                              "Index Cond": "(role_id = 4)",
                              "Rows Removed by Index Recheck": 0,
                              "Filter": "(person_id < 2448616)",
                              "Rows Removed by Filter": 224574
                            },
                            {
                              "Node Type": "Hash",
                              "Parent Relationship": "Inner",
                              "Parallel Aware": true,
                              "Startup Cost": 45479.1,
                              "Total Cost": 45479.1,
                              "Plan Rows": 304185,
                              "Plan Width": 4,
                              "Actual Startup Time": 199.738,
                              "Actual Total Time": 199.739,
                              "Actual Rows": 221472,
                              "Actual Loops": 6,
                              "Hash Buckets": 2097152,
                              "Original Hash Buckets": 2097152,
                              "Hash Batches": 1,
                              "Original Hash Batches": 1,
                              "Peak Memory Usage": 68448,
                              "Plans": [
                                {
                                  "Node Type": "Seq Scan",
                                  "Parent Relationship": "Outer",
                                  "Parallel Aware": true,
                                  "Relation Name": "title",
                                  "Alias": "t",
                                  "Startup Cost": 0.0,
                                  "Total Cost": 45479.1,
                                  "Plan Rows": 304185,
                                  "Plan Width": 4,
                                  "Actual Startup Time": 0.053,
                                  "Actual Total Time": 88.615,
                                  "Actual Rows": 221472,
                                  "Actual Loops": 6,
                                  "Filter": "((kind_id > 1) AND (production_year > 1994))",
                                  "Rows Removed by Filter": 199914
                                }
                              ]
                            }
                          ]
                        }
                      ]
                    }
                  ]
                }
              ]
            }
          ]
        }
      ]
    },
    "Planning Time": 1.425,
    "Triggers": [],
    "Execution Time": 1344.342
  }
]