{
  "Plan": {
    "Node Type": "Aggregate",
    "Strategy": "Plain",
    "Partial Mode": "Finalize",
    "Parallel Aware": false,
    "Startup Cost": 118232.55,
    "Total Cost": 118232.56,
    "Plan Rows": 1,
    "Plan Width": 8,
    "Actual Startup Time": 436.516,
    "Actual Total Time": 453.958,
    "Actual Rows": 1,
    "Actual Loops": 1,
    "Plans": [
      {
        "Node Type": "Gather",
        "Parent Relationship": "Outer",
        "Parallel Aware": false,
        "Startup Cost": 118232.44,
        "Total Cost": 118232.55,
        "Plan Rows": 1,
        "Plan Width": 8,
        "Actual Startup Time": 436.377,
        "Actual Total Time": 453.951,
        "Actual Rows": 2,
        "Actual Loops": 1,
        "Workers Planned": 1,
        "Workers Launched": 1,
        "Single Copy": false,
        "Plans": [
          {
            "Node Type": "Aggregate",
            "Strategy": "Plain",
            "Partial Mode": "Partial",
            "Parent Relationship": "Outer",
            "Parallel Aware": false,
            "Startup Cost": 117232.44,
            "Total Cost": 117232.45,
            "Plan Rows": 1,
            "Plan Width": 8,
            "Actual Startup Time": 430.821,
            "Actual Total Time": 430.825,
            "Actual Rows": 1,
            "Actual Loops": 2,
            "Plans": [
              {
                "Node Type": "Hash Join",
                "Parent Relationship": "Outer",
                "Parallel Aware": true,
                "Join Type": "Inner",
                "Startup Cost": 58950.96,
                "Total Cost": 117001.8,
                "Plan Rows": 92255,
                "Plan Width": 0,
                "Actual Startup Time": 309.945,
                "Actual Total Time": 430.817,
                "Actual Rows": 1,
                "Actual Loops": 2,
                "Inner Unique": true,
                "Hash Cond": "(mk.movie_id = t.id)",
                "Plans": [
                  {
                    "Node Type": "Seq Scan",
                    "Parent Relationship": "Outer",
                    "Parallel Aware": true,
                    "Relation Name": "movie_keyword",
                    "Alias": "mk",
                    "Startup Cost": 0.0,
                    "Total Cost": 51065.35,
                    "Plan Rows": 2661135,
                    "Plan Width": 4,
                    "Actual Startup Time": 0.01,
                    "Actual Total Time": 150.701,
                    "Actual Rows": 2261965,
                    "Actual Loops": 2
                  },
                  {
                    "Node Type": "Hash",
                    "Parent Relationship": "Inner",
                    "Parallel Aware": true,
                    "Startup Cost": 58306.47,
                    "Total Cost": 58306.47,
                    "Plan Rows": 51559,
                    "Plan Width": 4,
                    "Actual Startup Time": 138.418,
                    "Actual Total Time": 138.42,
                    "Actual Rows": 4,
                    "Actual Loops": 2,
                    "Hash Buckets": 131072,
                    "Original Hash Buckets": 131072,
                    "Hash Batches": 1,
                    "Original Hash Batches": 1,
                    "Peak Memory Usage": 1088,
                    "Plans": [
                      {
                        "Node Type": "Seq Scan",
                        "Parent Relationship": "Outer",
                        "Parallel Aware": true,
                        "Relation Name": "title",
                        "Alias": "t",
                        "Startup Cost": 0.0,
                        "Total Cost": 58306.47,
                        "Plan Rows": 51559,
                        "Plan Width": 4,
                        "Actual Startup Time": 58.4,
                        "Actual Total Time": 138.325,
                        "Actual Rows": 4,
                        "Actual Loops": 2,
                        "Filter": "((kind_id > 1) AND (production_year < 1932))",
                        "Rows Removed by Filter": 1264152
                      }
                    ]
                  }
                ]
              }
            ]
          }
        ]
      }
    ]
  },
  "Planning Time": 0.494,
  "Triggers": [],
  "Execution Time": 454.031
}