[
    {
        "Bao": {
            "Bao prediction": "NaN",
            "Bao recommended hint": "(no hint)"
        }
    },
    {
        "Plan": {
            "Node Type": "Aggregate",
            "Strategy": "Plain",
            "Partial Mode": "Finalize",
            "Parallel Aware": false,
            "Startup Cost": 97761.34,
            "Total Cost": 97761.35,
            "Plan Rows": 1,
            "Plan Width": 8,
            "Actual Startup Time": 478.255,
            "Actual Total Time": 503.862,
            "Actual Rows": 1,
            "Actual Loops": 1,
            "Output": [
                "count(*)"
            ],
            "Plans": [
                {
                    "Node Type": "Gather",
                    "Parent Relationship": "Outer",
                    "Parallel Aware": false,
                    "Startup Cost": 97761.13,
                    "Total Cost": 97761.34,
                    "Plan Rows": 2,
                    "Plan Width": 8,
                    "Actual Startup Time": 477.459,
                    "Actual Total Time": 503.852,
                    "Actual Rows": 3,
                    "Actual Loops": 1,
                    "Output": [
                        "(PARTIAL count(*))"
                    ],
                    "Workers Planned": 2,
                    "Workers Launched": 2,
                    "Single Copy": false,
                    "Plans": [
                        {
                            "Node Type": "Aggregate",
                            "Strategy": "Plain",
                            "Partial Mode": "Partial",
                            "Parent Relationship": "Outer",
                            "Parallel Aware": false,
                            "Startup Cost": 96761.13,
                            "Total Cost": 96761.14,
                            "Plan Rows": 1,
                            "Plan Width": 8,
                            "Actual Startup Time": 469.651,
                            "Actual Total Time": 469.656,
                            "Actual Rows": 1,
                            "Actual Loops": 3,
                            "Output": [
                                "PARTIAL count(*)"
                            ],
                            "Workers": [
                                {
                                    "Worker Number": 0,
                                    "Actual Startup Time": 465.675,
                                    "Actual Total Time": 465.678,
                                    "Actual Rows": 1,
                                    "Actual Loops": 1
                                },
                                {
                                    "Worker Number": 1,
                                    "Actual Startup Time": 466.117,
                                    "Actual Total Time": 466.122,
                                    "Actual Rows": 1,
                                    "Actual Loops": 1
                                }
                            ],
                            "Plans": [
                                {
                                    "Node Type": "Nested Loop",
                                    "Parent Relationship": "Outer",
                                    "Parallel Aware": false,
                                    "Join Type": "Inner",
                                    "Startup Cost": 38452.84,
                                    "Total Cost": 96503.63,
                                    "Plan Rows": 102998,
                                    "Plan Width": 0,
                                    "Actual Startup Time": 80.134,
                                    "Actual Total Time": 450.526,
                                    "Actual Rows": 355492,
                                    "Actual Loops": 3,
                                    "Inner Unique": false,
                                    "Join Filter": "(t.id = mi.movie_id)",
                                    "Rows Removed by Join Filter": 0,
                                    "Workers": [
                                        {
                                            "Worker Number": 0,
                                            "Actual Startup Time": 76.177,
                                            "Actual Total Time": 448.448,
                                            "Actual Rows": 349480,
                                            "Actual Loops": 1
                                        },
                                        {
                                            "Worker Number": 1,
                                            "Actual Startup Time": 76.551,
                                            "Actual Total Time": 446.71,
                                            "Actual Rows": 240065,
                                            "Actual Loops": 1
                                        }
                                    ],
                                    "Plans": [
                                        {
                                            "Node Type": "Hash Join",
                                            "Parent Relationship": "Outer",
                                            "Parallel Aware": true,
                                            "Join Type": "Inner",
                                            "Startup Cost": 38452.41,
                                            "Total Cost": 53646.97,
                                            "Plan Rows": 18600,
                                            "Plan Width": 8,
                                            "Actual Startup Time": 80.065,
                                            "Actual Total Time": 143.659,
                                            "Actual Rows": 34235,
                                            "Actual Loops": 3,
                                            "Output": [
                                                "t.id",
                                                "mi_idx.movie_id"
                                            ],
                                            "Inner Unique": true,
                                            "Hash Cond": "(mi_idx.movie_id = t.id)",
                                            "Workers": [
                                                {
                                                    "Worker Number": 0,
                                                    "Actual Startup Time": 76.101,
                                                    "Actual Total Time": 134.885,
                                                    "Actual Rows": 33950,
                                                    "Actual Loops": 1
                                                },
                                                {
                                                    "Worker Number": 1,
                                                    "Actual Startup Time": 76.447,
                                                    "Actual Total Time": 135.982,
                                                    "Actual Rows": 22740,
                                                    "Actual Loops": 1
                                                }
                                            ],
                                            "Plans": [
                                                {
                                                    "Node Type": "Seq Scan",
                                                    "Parent Relationship": "Outer",
                                                    "Parallel Aware": true,
                                                    "Relation Name": "movie_info_idx",
                                                    "Schema": "public",
                                                    "Alias": "mi_idx",
                                                    "Startup Cost": 0.0,
                                                    "Total Cost": 13685.15,
                                                    "Plan Rows": 575015,
                                                    "Plan Width": 4,
                                                    "Actual Startup Time": 0.026,
                                                    "Actual Total Time": 39.705,
                                                    "Actual Rows": 460012,
                                                    "Actual Loops": 3,
                                                    "Output": [
                                                        "mi_idx.id",
                                                        "mi_idx.movie_id",
                                                        "mi_idx.info_type_id",
                                                        "mi_idx.info",
                                                        "mi_idx.note"
                                                    ],
                                                    "Workers": [
                                                        {
                                                            "Worker Number": 0,
                                                            "Actual Startup Time": 0.022,
                                                            "Actual Total Time": 37.636,
                                                            "Actual Rows": 470113,
                                                            "Actual Loops": 1
                                                        },
                                                        {
                                                            "Worker Number": 1,
                                                            "Actual Startup Time": 0.044,
                                                            "Actual Total Time": 39.698,
                                                            "Actual Rows": 312882,
                                                            "Actual Loops": 1
                                                        }
                                                    ]
                                                },
                                                {
                                                    "Node Type": "Hash",
                                                    "Parent Relationship": "Inner",
                                                    "Parallel Aware": true,
                                                    "Startup Cost": 38196.83,
                                                    "Total Cost": 38196.83,
                                                    "Plan Rows": 20446,
                                                    "Plan Width": 4,
                                                    "Actual Startup Time": 44.358,
                                                    "Actual Total Time": 44.36,
                                                    "Actual Rows": 29007,
                                                    "Actual Loops": 3,
                                                    "Output": [
                                                        "t.id"
                                                    ],
                                                    "Hash Buckets": 131072,
                                                    "Original Hash Buckets": 131072,
                                                    "Hash Batches": 1,
                                                    "Original Hash Batches": 1,
                                                    "Peak Memory Usage": 4448,
                                                    "Workers": [
                                                        {
                                                            "Worker Number": 0,
                                                            "Actual Startup Time": 40.789,
                                                            "Actual Total Time": 40.79,
                                                            "Actual Rows": 15136,
                                                            "Actual Loops": 1
                                                        },
                                                        {
                                                            "Worker Number": 1,
                                                            "Actual Startup Time": 41.083,
                                                            "Actual Total Time": 41.084,
                                                            "Actual Rows": 13902,
                                                            "Actual Loops": 1
                                                        }
                                                    ],
                                                    "Plans": [
                                                        {
                                                            "Node Type": "Bitmap Heap Scan",
                                                            "Parent Relationship": "Outer",
                                                            "Parallel Aware": true,
                                                            "Relation Name": "title",
                                                            "Schema": "public",
                                                            "Alias": "t",
                                                            "Startup Cost": 1820.85,
                                                            "Total Cost": 38196.83,
                                                            "Plan Rows": 20446,
                                                            "Plan Width": 4,
                                                            "Actual Startup Time": 2.907,
                                                            "Actual Total Time": 35.197,
                                                            "Actual Rows": 29007,
                                                            "Actual Loops": 3,
                                                            "Output": [
                                                                "t.id"
                                                            ],
                                                            "Recheck Cond": "(t.kind_id = 3)",
                                                            "Rows Removed by Index Recheck": 0,
                                                            "Filter": "(t.production_year > 1971)",
                                                            "Rows Removed by Filter": 4505,
                                                            "Exact Heap Blocks": 8530,
                                                            "Lossy Heap Blocks": 0,
                                                            "Workers": [
                                                                {
                                                                    "Worker Number": 0,
                                                                    "Actual Startup Time": 0.222,
                                                                    "Actual Total Time": 33.622,
                                                                    "Actual Rows": 15136,
                                                                    "Actual Loops": 1
                                                                },
                                                                {
                                                                    "Worker Number": 1,
                                                                    "Actual Startup Time": 0.154,
                                                                    "Actual Total Time": 33.66,
                                                                    "Actual Rows": 13902,
                                                                    "Actual Loops": 1
                                                                }
                                                            ],
                                                            "Plans": [
                                                                {
                                                                    "Node Type": "Bitmap Index Scan",
                                                                    "Parent Relationship": "Outer",
                                                                    "Parallel Aware": false,
                                                                    "Index Name": "kind_id_title",
                                                                    "Startup Cost": 0.0,
                                                                    "Total Cost": 1800.4,
                                                                    "Plan Rows": 100796,
                                                                    "Plan Width": 0,
                                                                    "Actual Startup Time": 6.133,
                                                                    "Actual Total Time": 6.133,
                                                                    "Actual Rows": 100537,
                                                                    "Actual Loops": 1,
                                                                    "Index Cond": "(t.kind_id = 3)"
                                                                }
                                                            ]
                                                        }
                                                    ]
                                                }
                                            ]
                                        },
                                        {
                                            "Node Type": "Index Scan",
                                            "Parent Relationship": "Inner",
                                            "Parallel Aware": false,
                                            "Scan Direction": "Forward",
                                            "Index Name": "movie_id_movie_info",
                                            "Relation Name": "movie_info",
                                            "Schema": "public",
                                            "Alias": "mi",
                                            "Startup Cost": 0.43,
                                            "Total Cost": 1.84,
                                            "Plan Rows": 37,
                                            "Plan Width": 4,
                                            "Actual Startup Time": 0.003,
                                            "Actual Total Time": 0.008,
                                            "Actual Rows": 10,
                                            "Actual Loops": 102705,
                                            "Output": [
                                                "mi.id",
                                                "mi.movie_id",
                                                "mi.info_type_id",
                                                "mi.info",
                                                "mi.note"
                                            ],
                                            "Index Cond": "(mi.movie_id = mi_idx.movie_id)",
                                            "Rows Removed by Index Recheck": 0,
                                            "Filter": "(mi.info_type_id > 1)",
                                            "Rows Removed by Filter": 1,
                                            "Workers": [
                                                {
                                                    "Worker Number": 0,
                                                    "Actual Startup Time": 0.003,
                                                    "Actual Total Time": 0.008,
                                                    "Actual Rows": 10,
                                                    "Actual Loops": 33950
                                                },
                                                {
                                                    "Worker Number": 1,
                                                    "Actual Startup Time": 0.005,
                                                    "Actual Total Time": 0.012,
                                                    "Actual Rows": 11,
                                                    "Actual Loops": 22740
                                                }
                                            ]
                                        }
                                    ]
                                }
                            ]
                        }
                    ]
                }
            ]
        },
        "Planning Time": 236.493,
        "Triggers": [],
        "Execution Time": 503.955
    }
]