{
  "Plan": {
    "Node Type": "Aggregate",
    "Strategy": "Plain",
    "Partial Mode": "Finalize",
    "Parallel Aware": false,
    "Startup Cost": 105897.16,
    "Total Cost": 105897.17,
    "Plan Rows": 1,
    "Plan Width": 8,
    "Actual Startup Time": 551.305,
    "Actual Total Time": 572.262,
    "Actual Rows": 1,
    "Actual Loops": 1,
    "Plans": [
      {
        "Node Type": "Gather",
        "Parent Relationship": "Outer",
        "Parallel Aware": false,
        "Startup Cost": 105897.05,
        "Total Cost": 105897.16,
        "Plan Rows": 1,
        "Plan Width": 8,
        "Actual Startup Time": 549.578,
        "Actual Total Time": 572.255,
        "Actual Rows": 2,
        "Actual Loops": 1,
        "Workers Planned": 1,
        "Workers Launched": 1,
        "Single Copy": false,
        "Plans": [
          {
            "Node Type": "Aggregate",
            "Strategy": "Plain",
            "Partial Mode": "Partial",
            "Parent Relationship": "Outer",
            "Parallel Aware": false,
            "Startup Cost": 104897.05,
            "Total Cost": 104897.06,
            "Plan Rows": 1,
            "Plan Width": 8,
            "Actual Startup Time": 542.993,
            "Actual Total Time": 542.998,
            "Actual Rows": 1,
            "Actual Loops": 2,
            "Plans": [
              {
                "Node Type": "Nested Loop",
                "Parent Relationship": "Outer",
                "Parallel Aware": false,
                "Join Type": "Inner",
                "Startup Cost": 63367.66,
                "Total Cost": 104860.5,
                "Plan Rows": 14619,
                "Plan Width": 0,
                "Actual Startup Time": 339.556,
                "Actual Total Time": 538.181,
                "Actual Rows": 82876,
                "Actual Loops": 2,
                "Inner Unique": false,
                "Plans": [
                  {
                    "Node Type": "Hash Join",
                    "Parent Relationship": "Outer",
                    "Parallel Aware": true,
                    "Join Type": "Inner",
                    "Startup Cost": 63367.23,
                    "Total Cost": 89182.39,
                    "Plan Rows": 26784,
                    "Plan Width": 8,
                    "Actual Startup Time": 339.39,
                    "Actual Total Time": 416.907,
                    "Actual Rows": 33130,
                    "Actual Loops": 2,
                    "Inner Unique": true,
                    "Hash Cond": "(mk.movie_id = t.id)",
                    "Plans": [
                      {
                        "Node Type": "Bitmap Heap Scan",
                        "Parent Relationship": "Outer",
                        "Parallel Aware": true,
                        "Relation Name": "movie_keyword",
                        "Alias": "mk",
                        "Startup Cost": 3246.11,
                        "Total Cost": 28825.03,
                        "Plan Rows": 89994,
                        "Plan Width": 4,
                        "Actual Startup Time": 13.747,
                        "Actual Total Time": 66.386,
                        "Actual Rows": 74902,
                        "Actual Loops": 2,
                        "Recheck Cond": "(keyword_id > 73938)",
                        "Rows Removed by Index Recheck": 0,
                        "Exact Heap Blocks": 12960,
                        "Lossy Heap Blocks": 0,
                        "Plans": [
                          {
                            "Node Type": "Bitmap Index Scan",
                            "Parent Relationship": "Outer",
                            "Parallel Aware": false,
                            "Index Name": "keyword_id_movie_keyword",
                            "Startup Cost": 0.0,
                            "Total Cost": 3207.86,
                            "Plan Rows": 152990,
                            "Plan Width": 0,
                            "Actual Startup Time": 10.826,
                            "Actual Total Time": 10.827,
                            "Actual Rows": 149803,
                            "Actual Loops": 1,
                            "Index Cond": "(keyword_id > 73938)"
                          }
                        ]
                      },
                      {
                        "Node Type": "Hash",
                        "Parent Relationship": "Inner",
                        "Parallel Aware": true,
                        "Startup Cost": 54588.39,
                        "Total Cost": 54588.39,
                        "Plan Rows": 442619,
                        "Plan Width": 4,
                        "Actual Startup Time": 316.433,
                        "Actual Total Time": 316.434,
                        "Actual Rows": 377951,
                        "Actual Loops": 2,
                        "Hash Buckets": 1048576,
                        "Original Hash Buckets": 1048576,
                        "Hash Batches": 1,
                        "Original Hash Batches": 1,
                        "Peak Memory Usage": 37824,
                        "Plans": [
                          {
                            "Node Type": "Seq Scan",
                            "Parent Relationship": "Outer",
                            "Parallel Aware": true,
                            "Relation Name": "title",
                            "Alias": "t",
                            "Startup Cost": 0.0,
                            "Total Cost": 54588.39,
                            "Plan Rows": 442619,
                            "Plan Width": 4,
                            "Actual Startup Time": 0.043,
                            "Actual Total Time": 188.423,
                            "Actual Rows": 377951,
                            "Actual Loops": 2,
                            "Filter": "(production_year < 1993)",
                            "Rows Removed by Filter": 886205
                          }
                        ]
                      }
                    ]
                  },
                  {
                    "Node Type": "Index Only Scan",
                    "Parent Relationship": "Inner",
                    "Parallel Aware": false,
                    "Scan Direction": "Forward",
                    "Index Name": "movie_id_movie_info_idx",
                    "Relation Name": "movie_info_idx",
                    "Alias": "mi_idx",
                    "Startup Cost": 0.43,
                    "Total Cost": 0.56,
                    "Plan Rows": 3,
                    "Plan Width": 4,
                    "Actual Startup Time": 0.003,
                    "Actual Total Time": 0.003,
                    "Actual Rows": 3,
                    "Actual Loops": 66260,
                    "Index Cond": "(movie_id = t.id)",
                    "Rows Removed by Index Recheck": 0,
                    "Heap Fetches": 165751
                  }
                ]
              }
            ]
          }
        ]
      }
    ]
  },
  "Planning Time": 0.961,
  "Triggers": [],
  "Execution Time": 572.368
}