{
  "Plan": {
    "Node Type": "Aggregate",
    "Strategy": "Plain",
    "Partial Mode": "Finalize",
    "Parallel Aware": false,
    "Startup Cost": 179263.44,
    "Total Cost": 179263.45,
    "Plan Rows": 1,
    "Plan Width": 8,
    "Actual Startup Time": 1290.524,
    "Actual Total Time": 1315.111,
    "Actual Rows": 1,
    "Actual Loops": 1,
    "Plans": [
      {
        "Node Type": "Gather",
        "Parent Relationship": "Outer",
        "Parallel Aware": false,
        "Startup Cost": 179263.32,
        "Total Cost": 179263.43,
        "Plan Rows": 1,
        "Plan Width": 8,
        "Actual Startup Time": 1287.936,
        "Actual Total Time": 1315.099,
        "Actual Rows": 2,
        "Actual Loops": 1,
        "Workers Planned": 1,
        "Workers Launched": 1,
        "Single Copy": false,
        "Plans": [
          {
            "Node Type": "Aggregate",
            "Strategy": "Plain",
            "Partial Mode": "Partial",
            "Parent Relationship": "Outer",
            "Parallel Aware": false,
            "Startup Cost": 178263.32,
            "Total Cost": 178263.33,
            "Plan Rows": 1,
            "Plan Width": 8,
            "Actual Startup Time": 1282.276,
            "Actual Total Time": 1282.702,
            "Actual Rows": 1,
            "Actual Loops": 2,
            "Plans": [
              {
                "Node Type": "Hash Join",
                "Parent Relationship": "Outer",
                "Parallel Aware": true,
                "Join Type": "Inner",
                "Startup Cost": 107671.26,
                "Total Cost": 177106.73,
                "Plan Rows": 462639,
                "Plan Width": 0,
                "Actual Startup Time": 766.527,
                "Actual Total Time": 1276.024,
                "Actual Rows": 96478,
                "Actual Loops": 2,
                "Inner Unique": false,
                "Hash Cond": "(mk.movie_id = t.id)",
                "Plans": [
                  {
                    "Node Type": "Seq Scan",
                    "Parent Relationship": "Outer",
                    "Parallel Aware": true,
                    "Relation Name": "movie_keyword",
                    "Alias": "mk",
                    "Startup Cost": 0.0,
                    "Total Cost": 57718.19,
                    "Plan Rows": 2398898,
                    "Plan Width": 4,
                    "Actual Startup Time": 0.038,
                    "Actual Total Time": 302.128,
                    "Actual Rows": 2031102,
                    "Actual Loops": 2,
                    "Filter": "(keyword_id > 348)",
                    "Rows Removed by Filter": 230864
                  },
                  {
                    "Node Type": "Hash",
                    "Parent Relationship": "Inner",
                    "Parallel Aware": true,
                    "Startup Cost": 104086.01,
                    "Total Cost": 104086.01,
                    "Plan Rows": 286820,
                    "Plan Width": 8,
                    "Actual Startup Time": 759.898,
                    "Actual Total Time": 760.322,
                    "Actual Rows": 73590,
                    "Actual Loops": 2,
                    "Hash Buckets": 524288,
                    "Original Hash Buckets": 524288,
                    "Hash Batches": 1,
                    "Original Hash Batches": 1,
                    "Peak Memory Usage": 9888,
                    "Plans": [
                      {
                        "Node Type": "Hash Join",
                        "Parent Relationship": "Outer",
                        "Parallel Aware": true,
                        "Join Type": "Inner",
                        "Startup Cost": 63318.73,
                        "Total Cost": 104086.01,
                        "Plan Rows": 286820,
                        "Plan Width": 8,
                        "Actual Startup Time": 328.978,
                        "Actual Total Time": 733.617,
                        "Actual Rows": 73590,
                        "Actual Loops": 2,
                        "Inner Unique": true,
                        "Hash Cond": "(mc.movie_id = t.id)",
                        "Plans": [
                          {
                            "Node Type": "Seq Scan",
                            "Parent Relationship": "Outer",
                            "Parallel Aware": true,
                            "Relation Name": "movie_companies",
                            "Alias": "mc",
                            "Startup Cost": 0.0,
                            "Total Cost": 37974.77,
                            "Plan Rows": 1063812,
                            "Plan Width": 4,
                            "Actual Startup Time": 1.17,
                            "Actual Total Time": 190.94,
                            "Actual Rows": 909146,
                            "Actual Loops": 2,
                            "Filter": "(company_id > 1709)",
                            "Rows Removed by Filter": 395418
                          },
                          {
                            "Node Type": "Hash",
                            "Parent Relationship": "Inner",
                            "Parallel Aware": true,
                            "Startup Cost": 58306.47,
                            "Total Cost": 58306.47,
                            "Plan Rows": 400981,
                            "Plan Width": 4,
                            "Actual Startup Time": 320.894,
                            "Actual Total Time": 320.895,
                            "Actual Rows": 298248,
                            "Actual Loops": 2,
                            "Hash Buckets": 1048576,
                            "Original Hash Buckets": 1048576,
                            "Hash Batches": 1,
                            "Original Hash Batches": 1,
                            "Peak Memory Usage": 31552,
                            "Plans": [
                              {
                                "Node Type": "Seq Scan",
                                "Parent Relationship": "Outer",
                                "Parallel Aware": true,
                                "Relation Name": "title",
                                "Alias": "t",
                                "Startup Cost": 0.0,
                                "Total Cost": 58306.47,
                                "Plan Rows": 400981,
                                "Plan Width": 4,
                                "Actual Startup Time": 0.033,
                                "Actual Total Time": 212.471,
                                "Actual Rows": 298248,
                                "Actual Loops": 2,
                                "Filter": "((production_year < 2002) AND (kind_id = 7))",
                                "Rows Removed by Filter": 965908
                              }
                            ]
                          }
                        ]
                      }
                    ]
                  }
                ]
              }
            ]
          }
        ]
      }
    ]
  },
  "Planning Time": 0.917,
  "Triggers": [],
  "Execution Time": 1315.2
}