[
  {
    "Plan": {
      "Node Type": "Aggregate",
      "Strategy": "Plain",
      "Partial Mode": "Finalize",
      "Parallel Aware": false,
      "Startup Cost": 75702.18,
      "Total Cost": 75702.19,
      "Plan Rows": 1,
      "Plan Width": 8,
      "Actual Startup Time": 243.85,
      "Actual Total Time": 262.353,
      "Actual Rows": 1,
      "Actual Loops": 1,
      "Plans": [
        {
          "Node Type": "Gather",
          "Parent Relationship": "Outer",
          "Parallel Aware": false,
          "Startup Cost": 75701.86,
          "Total Cost": 75702.17,
          "Plan Rows": 3,
          "Plan Width": 8,
          "Actual Startup Time": 243.432,
          "Actual Total Time": 262.344,
          "Actual Rows": 4,
          "Actual Loops": 1,
          "Workers Planned": 3,
          "Workers Launched": 3,
          "Single Copy": false,
          "Plans": [
            {
              "Node Type": "Aggregate",
              "Strategy": "Plain",
              "Partial Mode": "Partial",
              "Parent Relationship": "Outer",
              "Parallel Aware": false,
              "Startup Cost": 74701.86,
              "Total Cost": 74701.87,
              "Plan Rows": 1,
              "Plan Width": 8,
              "Actual Startup Time": 234.782,
              "Actual Total Time": 234.786,
              "Actual Rows": 1,
              "Actual Loops": 4,
              "Plans": [
                {
                  "Node Type": "Hash Join",
                  "Parent Relationship": "Outer",
                  "Parallel Aware": true,
                  "Join Type": "Inner",
                  "Startup Cost": 44108.03,
                  "Total Cost": 74670.31,
                  "Plan Rows": 12619,
                  "Plan Width": 0,
                  "Actual Startup Time": 113.057,
                  "Actual Total Time": 234.163,
                  "Actual Rows": 9338,
                  "Actual Loops": 4,
                  "Inner Unique": true,
                  "Hash Cond": "(mc.movie_id = t.id)",
                  "Plans": [
                    {
                      "Node Type": "Seq Scan",
                      "Parent Relationship": "Outer",
                      "Parallel Aware": true,
                      "Relation Name": "movie_companies",
                      "Alias": "mc",
                      "Startup Cost": 0.0,
                      "Total Cost": 29310.68,
                      "Plan Rows": 476802,
                      "Plan Width": 4,
                      "Actual Startup Time": 0.023,
                      "Actual Total Time": 77.42,
                      "Actual Rows": 368412,
                      "Actual Loops": 4,
                      "Filter": "(company_id < 13456)",
                      "Rows Removed by Filter": 283870
                    },
                    {
                      "Node Type": "Hash",
                      "Parent Relationship": "Inner",
                      "Parallel Aware": true,
                      "Startup Cost": 43898.92,
                      "Total Cost": 43898.92,
                      "Plan Rows": 16729,
                      "Plan Width": 4,
                      "Actual Startup Time": 110.969,
                      "Actual Total Time": 110.97,
                      "Actual Rows": 16944,
                      "Actual Loops": 4,
                      "Hash Buckets": 131072,
                      "Original Hash Buckets": 131072,
                      "Hash Batches": 1,
                      "Original Hash Batches": 1,
                      "Peak Memory Usage": 3744,
                      "Plans": [
                        {
                          "Node Type": "Seq Scan",
                          "Parent Relationship": "Outer",
                          "Parallel Aware": true,
                          "Relation Name": "title",
                          "Alias": "t",
                          "Startup Cost": 0.0,
                          "Total Cost": 43898.92,
                          "Plan Rows": 16729,
                          "Plan Width": 4,
                          "Actual Startup Time": 0.042,
                          "Actual Total Time": 102.466,
                          "Actual Rows": 16944,
                          "Actual Loops": 4,
                          "Filter": "(production_year = 2003)",
                          "Rows Removed by Filter": 615134
                        }
                      ]
                    }
                  ]
                }
              ]
            }
          ]
        }
      ]
    },
    "Planning Time": 0.639,
    "Triggers": [],
    "Execution Time": 262.427
  }
]