{
    "Plan": {
        "Node Type": "Aggregate",
        "Strategy": "Plain",
        "Partial Mode": "Finalize",
        "Parallel Aware": false,
        "Startup Cost": 75725.98,
        "Total Cost": 75725.99,
        "Plan Rows": 1,
        "Plan Width": 8,
        "Actual Startup Time": 192.352,
        "Actual Total Time": 219.279,
        "Actual Rows": 1,
        "Actual Loops": 1,
        "Output": [
            "count(*)"
        ],
        "Plans": [
            {
                "Node Type": "Gather",
                "Parent Relationship": "Outer",
                "Parallel Aware": false,
                "Startup Cost": 75725.66,
                "Total Cost": 75725.97,
                "Plan Rows": 3,
                "Plan Width": 8,
                "Actual Startup Time": 192.206,
                "Actual Total Time": 219.27,
                "Actual Rows": 4,
                "Actual Loops": 1,
                "Output": [
                    "(PARTIAL count(*))"
                ],
                "Workers Planned": 3,
                "Workers Launched": 3,
                "Single Copy": false,
                "Plans": [
                    {
                        "Node Type": "Aggregate",
                        "Strategy": "Plain",
                        "Partial Mode": "Partial",
                        "Parent Relationship": "Outer",
                        "Parallel Aware": false,
                        "Startup Cost": 74725.66,
                        "Total Cost": 74725.67,
                        "Plan Rows": 1,
                        "Plan Width": 8,
                        "Actual Startup Time": 182.342,
                        "Actual Total Time": 182.344,
                        "Actual Rows": 1,
                        "Actual Loops": 4,
                        "Output": [
                            "PARTIAL count(*)"
                        ],
                        "Workers": [
                            {
                                "Worker Number": 0,
                                "Actual Startup Time": 179.471,
                                "Actual Total Time": 179.474,
                                "Actual Rows": 1,
                                "Actual Loops": 1
                            },
                            {
                                "Worker Number": 1,
                                "Actual Startup Time": 179.501,
                                "Actual Total Time": 179.502,
                                "Actual Rows": 1,
                                "Actual Loops": 1
                            },
                            {
                                "Worker Number": 2,
                                "Actual Startup Time": 178.997,
                                "Actual Total Time": 179.0,
                                "Actual Rows": 1,
                                "Actual Loops": 1
                            }
                        ],
                        "Plans": [
                            {
                                "Node Type": "Nested Loop",
                                "Parent Relationship": "Outer",
                                "Parallel Aware": false,
                                "Join Type": "Inner",
                                "Startup Cost": 0.99,
                                "Total Cost": 74722.22,
                                "Plan Rows": 1379,
                                "Plan Width": 0,
                                "Actual Startup Time": 23.941,
                                "Actual Total Time": 182.024,
                                "Actual Rows": 2400,
                                "Actual Loops": 4,
                                "Inner Unique": false,
                                "Workers": [
                                    {
                                        "Worker Number": 0,
                                        "Actual Startup Time": 41.65,
                                        "Actual Total Time": 179.17,
                                        "Actual Rows": 1326,
                                        "Actual Loops": 1
                                    },
                                    {
                                        "Worker Number": 1,
                                        "Actual Startup Time": 27.848,
                                        "Actual Total Time": 179.171,
                                        "Actual Rows": 1509,
                                        "Actual Loops": 1
                                    },
                                    {
                                        "Worker Number": 2,
                                        "Actual Startup Time": 24.889,
                                        "Actual Total Time": 178.633,
                                        "Actual Rows": 1623,
                                        "Actual Loops": 1
                                    }
                                ],
                                "Plans": [
                                    {
                                        "Node Type": "Nested Loop",
                                        "Parent Relationship": "Outer",
                                        "Parallel Aware": false,
                                        "Join Type": "Inner",
                                        "Startup Cost": 0.43,
                                        "Total Cost": 71578.43,
                                        "Plan Rows": 296,
                                        "Plan Width": 8,
                                        "Actual Startup Time": 23.758,
                                        "Actual Total Time": 151.964,
                                        "Actual Rows": 111,
                                        "Actual Loops": 4,
                                        "Output": [
                                            "t.id",
                                            "mk.movie_id"
                                        ],
                                        "Inner Unique": true,
                                        "Workers": [
                                            {
                                                "Worker Number": 0,
                                                "Actual Startup Time": 41.542,
                                                "Actual Total Time": 145.214,
                                                "Actual Rows": 65,
                                                "Actual Loops": 1
                                            },
                                            {
                                                "Worker Number": 1,
                                                "Actual Startup Time": 27.562,
                                                "Actual Total Time": 145.486,
                                                "Actual Rows": 76,
                                                "Actual Loops": 1
                                            },
                                            {
                                                "Worker Number": 2,
                                                "Actual Startup Time": 24.604,
                                                "Actual Total Time": 144.72,
                                                "Actual Rows": 72,
                                                "Actual Loops": 1
                                            }
                                        ],
                                        "Plans": [
                                            {
                                                "Node Type": "Seq Scan",
                                                "Parent Relationship": "Outer",
                                                "Parallel Aware": true,
                                                "Relation Name": "movie_keyword",
                                                "Schema": "public",
                                                "Alias": "mk",
                                                "Startup Cost": 0.0,
                                                "Total Cost": 42695.65,
                                                "Plan Rows": 4865,
                                                "Plan Width": 4,
                                                "Actual Startup Time": 0.084,
                                                "Actual Total Time": 116.766,
                                                "Actual Rows": 3591,
                                                "Actual Loops": 4,
                                                "Output": [
                                                    "mk.id",
                                                    "mk.movie_id",
                                                    "mk.keyword_id"
                                                ],
                                                "Filter": "(mk.keyword_id = 1)",
                                                "Rows Removed by Filter": 1127392,
                                                "Workers": [
                                                    {
                                                        "Worker Number": 0,
                                                        "Actual Startup Time": 0.158,
                                                        "Actual Total Time": 107.523,
                                                        "Actual Rows": 2299,
                                                        "Actual Loops": 1
                                                    },
                                                    {
                                                        "Worker Number": 1,
                                                        "Actual Startup Time": 0.069,
                                                        "Actual Total Time": 108.74,
                                                        "Actual Rows": 2265,
                                                        "Actual Loops": 1
                                                    },
                                                    {
                                                        "Worker Number": 2,
                                                        "Actual Startup Time": 0.085,
                                                        "Actual Total Time": 108.875,
                                                        "Actual Rows": 2281,
                                                        "Actual Loops": 1
                                                    }
                                                ]
                                            },
                                            {
                                                "Node Type": "Index Scan",
                                                "Parent Relationship": "Inner",
                                                "Parallel Aware": false,
                                                "Scan Direction": "Forward",
                                                "Index Name": "title_pkey",
                                                "Relation Name": "title",
                                                "Schema": "public",
                                                "Alias": "t",
                                                "Startup Cost": 0.43,
                                                "Total Cost": 5.94,
                                                "Plan Rows": 1,
                                                "Plan Width": 4,
                                                "Actual Startup Time": 0.009,
                                                "Actual Total Time": 0.009,
                                                "Actual Rows": 0,
                                                "Actual Loops": 14364,
                                                "Output": [
                                                    "t.id",
                                                    "t.title",
                                                    "t.imdb_index",
                                                    "t.kind_id",
                                                    "t.production_year",
                                                    "t.imdb_id",
                                                    "t.phonetic_code",
                                                    "t.episode_of_id",
                                                    "t.season_nr",
                                                    "t.episode_nr",
                                                    "t.series_years",
                                                    "t.md5sum"
                                                ],
                                                "Index Cond": "(t.id = mk.movie_id)",
                                                "Rows Removed by Index Recheck": 0,
                                                "Filter": "((t.kind_id < 7) AND (t.production_year > 2010))",
                                                "Rows Removed by Filter": 1,
                                                "Workers": [
                                                    {
                                                        "Worker Number": 0,
                                                        "Actual Startup Time": 0.016,
                                                        "Actual Total Time": 0.016,
                                                        "Actual Rows": 0,
                                                        "Actual Loops": 2299
                                                    },
                                                    {
                                                        "Worker Number": 1,
                                                        "Actual Startup Time": 0.015,
                                                        "Actual Total Time": 0.015,
                                                        "Actual Rows": 0,
                                                        "Actual Loops": 2265
                                                    },
                                                    {
                                                        "Worker Number": 2,
                                                        "Actual Startup Time": 0.015,
                                                        "Actual Total Time": 0.015,
                                                        "Actual Rows": 0,
                                                        "Actual Loops": 2281
                                                    }
                                                ]
                                            }
                                        ]
                                    },
                                    {
                                        "Node Type": "Index Scan",
                                        "Parent Relationship": "Inner",
                                        "Parallel Aware": false,
                                        "Scan Direction": "Forward",
                                        "Index Name": "movie_id_cast_info",
                                        "Relation Name": "cast_info",
                                        "Schema": "public",
                                        "Alias": "ci",
                                        "Startup Cost": 0.56,
                                        "Total Cost": 10.5,
                                        "Plan Rows": 12,
                                        "Plan Width": 4,
                                        "Actual Startup Time": 0.153,
                                        "Actual Total Time": 0.267,
                                        "Actual Rows": 22,
                                        "Actual Loops": 445,
                                        "Output": [
                                            "ci.id",
                                            "ci.person_id",
                                            "ci.movie_id",
                                            "ci.person_role_id",
                                            "ci.note",
                                            "ci.nr_order",
                                            "ci.role_id"
                                        ],
                                        "Index Cond": "(ci.movie_id = t.id)",
                                        "Rows Removed by Index Recheck": 0,
                                        "Filter": "((ci.person_id > 948325) AND (ci.role_id > 2))",
                                        "Rows Removed by Filter": 31,
                                        "Workers": [
                                            {
                                                "Worker Number": 0,
                                                "Actual Startup Time": 0.319,
                                                "Actual Total Time": 0.518,
                                                "Actual Rows": 20,
                                                "Actual Loops": 65
                                            },
                                            {
                                                "Worker Number": 1,
                                                "Actual Startup Time": 0.253,
                                                "Actual Total Time": 0.438,
                                                "Actual Rows": 20,
                                                "Actual Loops": 76
                                            },
                                            {
                                                "Worker Number": 2,
                                                "Actual Startup Time": 0.253,
                                                "Actual Total Time": 0.466,
                                                "Actual Rows": 23,
                                                "Actual Loops": 72
                                            }
                                        ]
                                    }
                                ]
                            }
                        ]
                    }
                ]
            }
        ]
    },
    "Planning Time": 1.598,
    "Triggers": [],
    "Execution Time": 219.372
}