{
  "Plan": {
    "Node Type": "Aggregate",
    "Strategy": "Plain",
    "Partial Mode": "Finalize",
    "Parallel Aware": false,
    "Startup Cost": 109027.02,
    "Total Cost": 109027.03,
    "Plan Rows": 1,
    "Plan Width": 8,
    "Actual Startup Time": 319.172,
    "Actual Total Time": 333.214,
    "Actual Rows": 1,
    "Actual Loops": 1,
    "Plans": [
      {
        "Node Type": "Gather",
        "Parent Relationship": "Outer",
        "Parallel Aware": false,
        "Startup Cost": 109026.91,
        "Total Cost": 109027.02,
        "Plan Rows": 1,
        "Plan Width": 8,
        "Actual Startup Time": 318.726,
        "Actual Total Time": 333.206,
        "Actual Rows": 2,
        "Actual Loops": 1,
        "Workers Planned": 1,
        "Workers Launched": 1,
        "Single Copy": false,
        "Plans": [
          {
            "Node Type": "Aggregate",
            "Strategy": "Plain",
            "Partial Mode": "Partial",
            "Parent Relationship": "Outer",
            "Parallel Aware": false,
            "Startup Cost": 108026.91,
            "Total Cost": 108026.92,
            "Plan Rows": 1,
            "Plan Width": 8,
            "Actual Startup Time": 315.383,
            "Actual Total Time": 315.386,
            "Actual Rows": 1,
            "Actual Loops": 2,
            "Plans": [
              {
                "Node Type": "Hash Join",
                "Parent Relationship": "Outer",
                "Parallel Aware": true,
                "Join Type": "Inner",
                "Startup Cost": 76364.48,
                "Total Cost": 107961.67,
                "Plan Rows": 26098,
                "Plan Width": 0,
                "Actual Startup Time": 189.905,
                "Actual Total Time": 315.1,
                "Actual Rows": 4250,
                "Actual Loops": 2,
                "Inner Unique": true,
                "Hash Cond": "(mk.movie_id = t.id)",
                "Plans": [
                  {
                    "Node Type": "Bitmap Heap Scan",
                    "Parent Relationship": "Outer",
                    "Parallel Aware": true,
                    "Relation Name": "movie_keyword",
                    "Alias": "mk",
                    "Startup Cost": 17030.68,
                    "Total Cost": 47388.15,
                    "Plan Rows": 472277,
                    "Plan Width": 4,
                    "Actual Startup Time": 45.732,
                    "Actual Total Time": 127.178,
                    "Actual Rows": 396554,
                    "Actual Loops": 2,
                    "Recheck Cond": "(keyword_id > 23544)",
                    "Rows Removed by Index Recheck": 0,
                    "Exact Heap Blocks": 14295,
                    "Lossy Heap Blocks": 0,
                    "Plans": [
                      {
                        "Node Type": "Bitmap Index Scan",
                        "Parent Relationship": "Outer",
                        "Parallel Aware": false,
                        "Index Name": "keyword_id_movie_keyword",
                        "Startup Cost": 0.0,
                        "Total Cost": 16829.97,
                        "Plan Rows": 802871,
                        "Plan Width": 0,
                        "Actual Startup Time": 42.117,
                        "Actual Total Time": 42.117,
                        "Actual Rows": 793107,
                        "Actual Loops": 1,
                        "Index Cond": "(keyword_id > 23544)"
                      }
                    ]
                  },
                  {
                    "Node Type": "Hash",
                    "Parent Relationship": "Inner",
                    "Parallel Aware": true,
                    "Startup Cost": 58306.47,
                    "Total Cost": 58306.47,
                    "Plan Rows": 82186,
                    "Plan Width": 4,
                    "Actual Startup Time": 141.939,
                    "Actual Total Time": 141.939,
                    "Actual Rows": 75330,
                    "Actual Loops": 2,
                    "Hash Buckets": 262144,
                    "Original Hash Buckets": 262144,
                    "Hash Batches": 1,
                    "Original Hash Batches": 1,
                    "Peak Memory Usage": 7968,
                    "Plans": [
                      {
                        "Node Type": "Seq Scan",
                        "Parent Relationship": "Outer",
                        "Parallel Aware": true,
                        "Relation Name": "title",
                        "Alias": "t",
                        "Startup Cost": 0.0,
                        "Total Cost": 58306.47,
                        "Plan Rows": 82186,
                        "Plan Width": 4,
                        "Actual Startup Time": 0.02,
                        "Actual Total Time": 124.909,
                        "Actual Rows": 75330,
                        "Actual Loops": 2,
                        "Filter": "((production_year > 2011) AND (kind_id = 7))",
                        "Rows Removed by Filter": 1188826
                      }
                    ]
                  }
                ]
              }
            ]
          }
        ]
      }
    ]
  },
  "Planning Time": 0.232,
  "Triggers": [],
  "Execution Time": 333.266
}