[
  {
    "Plan": {
      "Node Type": "Aggregate",
      "Strategy": "Plain",
      "Partial Mode": "Finalize",
      "Parallel Aware": false,
      "Startup Cost": 704128.17,
      "Total Cost": 704128.18,
      "Plan Rows": 1,
      "Plan Width": 8,
      "Actual Startup Time": 6242.628,
      "Actual Total Time": 6330.923,
      "Actual Rows": 1,
      "Actual Loops": 1,
      "Plans": [
        {
          "Node Type": "Gather",
          "Parent Relationship": "Outer",
          "Parallel Aware": false,
          "Startup Cost": 704127.54,
          "Total Cost": 704128.15,
          "Plan Rows": 6,
          "Plan Width": 8,
          "Actual Startup Time": 6189.463,
          "Actual Total Time": 6330.908,
          "Actual Rows": 7,
          "Actual Loops": 1,
          "Workers Planned": 6,
          "Workers Launched": 6,
          "Single Copy": false,
          "Plans": [
            {
              "Node Type": "Aggregate",
              "Strategy": "Plain",
              "Partial Mode": "Partial",
              "Parent Relationship": "Outer",
              "Parallel Aware": false,
              "Startup Cost": 703127.54,
              "Total Cost": 703127.55,
              "Plan Rows": 1,
              "Plan Width": 8,
              "Actual Startup Time": 6156.293,
              "Actual Total Time": 6157.797,
              "Actual Rows": 1,
              "Actual Loops": 7,
              "Plans": [
                {
                  "Node Type": "Hash Join",
                  "Parent Relationship": "Outer",
                  "Parallel Aware": true,
                  "Join Type": "Inner",
                  "Startup Cost": 268256.98,
                  "Total Cost": 659646.75,
                  "Plan Rows": 17392317,
                  "Plan Width": 0,
                  "Actual Startup Time": 1373.507,
                  "Actual Total Time": 5581.362,
                  "Actual Rows": 14635889,
                  "Actual Loops": 7,
                  "Inner Unique": false,
                  "Hash Cond": "(ci.movie_id = t.id)",
                  "Plans": [
                    {
                      "Node Type": "Seq Scan",
                      "Parent Relationship": "Outer",
                      "Parallel Aware": true,
                      "Relation Name": "cast_info",
                      "Alias": "ci",
                      "Startup Cost": 0.0,
                      "Total Cost": 328162.03,
                      "Plan Rows": 5688620,
                      "Plan Width": 4,
                      "Actual Startup Time": 20.37,
                      "Actual Total Time": 618.145,
                      "Actual Rows": 4878305,
                      "Actual Loops": 7,
                      "Filter": "(person_id > 205608)",
                      "Rows Removed by Filter": 299459
                    },
                    {
                      "Node Type": "Hash",
                      "Parent Relationship": "Inner",
                      "Parallel Aware": true,
                      "Startup Cost": 248932.04,
                      "Total Cost": 248932.04,
                      "Plan Rows": 1545995,
                      "Plan Width": 8,
                      "Actual Startup Time": 1342.888,
                      "Actual Total Time": 1344.39,
                      "Actual Rows": 733146,
                      "Actual Loops": 7,
                      "Hash Buckets": 8388608,
                      "Original Hash Buckets": 8388608,
                      "Hash Batches": 1,
                      "Original Hash Batches": 1,
                      "Peak Memory Usage": 266400,
                      "Plans": [
                        {
                          "Node Type": "Hash Join",
                          "Parent Relationship": "Outer",
                          "Parallel Aware": true,
                          "Join Type": "Inner",
                          "Startup Cost": 49610.27,
                          "Total Cost": 248932.04,
                          "Plan Rows": 1545995,
                          "Plan Width": 8,
                          "Actual Startup Time": 175.028,
                          "Actual Total Time": 1029.015,
                          "Actual Rows": 733146,
                          "Actual Loops": 7,
                          "Inner Unique": true,
                          "Hash Cond": "(mi.movie_id = t.id)",
                          "Plans": [
                            {
                              "Node Type": "Seq Scan",
                              "Parent Relationship": "Outer",
                              "Parallel Aware": true,
                              "Relation Name": "movie_info",
                              "Alias": "mi",
                              "Startup Cost": 0.0,
                              "Total Cost": 191560.33,
                              "Plan Rows": 2956733,
                              "Plan Width": 4,
                              "Actual Startup Time": 0.026,
                              "Actual Total Time": 275.244,
                              "Actual Rows": 2119389,
                              "Actual Loops": 7
                            },
                            {
                              "Node Type": "Hash",
                              "Parent Relationship": "Inner",
                              "Parallel Aware": true,
                              "Startup Cost": 45479.1,
                              "Total Cost": 45479.1,
                              "Plan Rows": 330494,
                              "Plan Width": 4,
                              "Actual Startup Time": 173.155,
                              "Actual Total Time": 173.156,
                              "Actual Rows": 185447,
                              "Actual Loops": 7,
                              "Hash Buckets": 2097152,
                              "Original Hash Buckets": 2097152,
                              "Hash Batches": 1,
                              "Original Hash Batches": 1,
                              "Peak Memory Usage": 67296,
                              "Plans": [
                                {
                                  "Node Type": "Seq Scan",
                                  "Parent Relationship": "Outer",
                                  "Parallel Aware": true,
                                  "Relation Name": "title",
                                  "Alias": "t",
                                  "Startup Cost": 0.0,
                                  "Total Cost": 45479.1,
                                  "Plan Rows": 330494,
                                  "Plan Width": 4,
                                  "Actual Startup Time": 0.051,
                                  "Actual Total Time": 79.552,
                                  "Actual Rows": 185447,
                                  "Actual Loops": 7,
                                  "Filter": "((kind_id > 1) AND (production_year < 2009))",
                                  "Rows Removed by Filter": 175741
                                }
                              ]
                            }
                          ]
                        }
                      ]
                    }
                  ]
                }
              ]
            }
          ]
        }
      ]
    },
    "Planning Time": 1.365,
    "Triggers": [],
    "Execution Time": 6331.018
  }
]