[
  {
    "Plan": {
      "Node Type": "Aggregate",
      "Strategy": "Plain",
      "Partial Mode": "Simple",
      "Parallel Aware": false,
      "Startup Cost": 278746.82,
      "Total Cost": 278746.83,
      "Plan Rows": 1,
      "Plan Width": 32,
      "Actual Startup Time": 99.501,
      "Actual Total Time": 109.92,
      "Actual Rows": 1,
      "Actual Loops": 1,
      "Plans": [
        {
          "Node Type": "Gather",
          "Parent Relationship": "Outer",
          "Parallel Aware": false,
          "Startup Cost": 79270.92,
          "Total Cost": 278746.8,
          "Plan Rows": 5,
          "Plan Width": 17,
          "Actual Startup Time": 99.493,
          "Actual Total Time": 109.912,
          "Actual Rows": 0,
          "Actual Loops": 1,
          "Workers Planned": 5,
          "Workers Launched": 5,
          "Single Copy": false,
          "Plans": [
            {
              "Node Type": "Hash Join",
              "Parent Relationship": "Outer",
              "Parallel Aware": false,
              "Join Type": "Inner",
              "Startup Cost": 78270.92,
              "Total Cost": 277746.3,
              "Plan Rows": 1,
              "Plan Width": 17,
              "Actual Startup Time": 88.332,
              "Actual Total Time": 88.339,
              "Actual Rows": 0,
              "Actual Loops": 6,
              "Inner Unique": true,
              "Hash Cond": "(mi.info_type_id = it.id)",
              "Plans": [
                {
                  "Node Type": "Hash Join",
                  "Parent Relationship": "Outer",
                  "Parallel Aware": true,
                  "Join Type": "Inner",
                  "Startup Cost": 78267.38,
                  "Total Cost": 277742.76,
                  "Plan Rows": 1,
                  "Plan Width": 21,
                  "Actual Startup Time": 87.476,
                  "Actual Total Time": 87.481,
                  "Actual Rows": 0,
                  "Actual Loops": 6,
                  "Inner Unique": false,
                  "Hash Cond": "(mi.movie_id = t.id)",
                  "Plans": [
                    {
                      "Node Type": "Seq Scan",
                      "Parent Relationship": "Outer",
                      "Parallel Aware": true,
                      "Relation Name": "movie_info",
                      "Alias": "mi",
                      "Startup Cost": 0.0,
                      "Total Cost": 199090.3,
                      "Plan Rows": 102685,
                      "Plan Width": 8,
                      "Actual Startup Time": 0.0,
                      "Actual Total Time": 0.0,
                      "Actual Rows": 0,
                      "Actual Loops": 0,
                      "Filter": "(info = ANY ('{Denmark,USA}'::text[]))",
                      "Rows Removed by Filter": 0
                    },
                    {
                      "Node Type": "Hash",
                      "Parent Relationship": "Inner",
                      "Parallel Aware": true,
                      "Startup Cost": 78267.36,
                      "Total Cost": 78267.36,
                      "Plan Rows": 1,
                      "Plan Width": 25,
                      "Actual Startup Time": 87.059,
                      "Actual Total Time": 87.062,
                      "Actual Rows": 0,
                      "Actual Loops": 6,
                      "Hash Buckets": 1024,
                      "Original Hash Buckets": 1024,
                      "Hash Batches": 1,
                      "Original Hash Batches": 1,
                      "Peak Memory Usage": 0,
                      "Plans": [
                        {
                          "Node Type": "Hash Join",
                          "Parent Relationship": "Outer",
                          "Parallel Aware": true,
                          "Join Type": "Inner",
                          "Startup Cost": 33520.18,
                          "Total Cost": 78267.36,
                          "Plan Rows": 1,
                          "Plan Width": 25,
                          "Actual Startup Time": 86.959,
                          "Actual Total Time": 86.962,
                          "Actual Rows": 0,
                          "Actual Loops": 6,
                          "Inner Unique": false,
                          "Hash Cond": "(t.id = mc.movie_id)",
                          "Plans": [
                            {
                              "Node Type": "Seq Scan",
                              "Parent Relationship": "Outer",
                              "Parallel Aware": true,
                              "Relation Name": "title",
                              "Alias": "t",
                              "Startup Cost": 0.0,
                              "Total Cost": 43898.62,
                              "Plan Rows": 226281,
                              "Plan Width": 21,
                              "Actual Startup Time": 0.0,
                              "Actual Total Time": 0.0,
                              "Actual Rows": 0,
                              "Actual Loops": 0,
                              "Filter": "(production_year > 2006)",
                              "Rows Removed by Filter": 0
                            },
                            {
                              "Node Type": "Hash",
                              "Parent Relationship": "Inner",
                              "Parallel Aware": true,
                              "Startup Cost": 33520.12,
                              "Total Cost": 33520.12,
                              "Plan Rows": 5,
                              "Plan Width": 4,
                              "Actual Startup Time": 86.937,
                              "Actual Total Time": 86.939,
                              "Actual Rows": 0,
                              "Actual Loops": 6,
                              "Hash Buckets": 1024,
                              "Original Hash Buckets": 1024,
                              "Hash Batches": 1,
                              "Original Hash Batches": 1,
                              "Peak Memory Usage": 0,
                              "Plans": [
                                {
                                  "Node Type": "Hash Join",
                                  "Parent Relationship": "Outer",
                                  "Parallel Aware": false,
                                  "Join Type": "Inner",
                                  "Startup Cost": 1.06,
                                  "Total Cost": 33520.12,
                                  "Plan Rows": 5,
                                  "Plan Width": 4,
                                  "Actual Startup Time": 86.912,
                                  "Actual Total Time": 86.914,
                                  "Actual Rows": 0,
                                  "Actual Loops": 6,
                                  "Inner Unique": true,
                                  "Hash Cond": "(mc.company_type_id = ct.id)",
                                  "Plans": [
                                    {
                                      "Node Type": "Seq Scan",
                                      "Parent Relationship": "Outer",
                                      "Parallel Aware": true,
                                      "Relation Name": "movie_companies",
                                      "Alias": "mc",
                                      "Startup Cost": 0.0,
                                      "Total Cost": 33518.95,
                                      "Plan Rows": 19,
                                      "Plan Width": 8,
                                      "Actual Startup Time": 15.598,
                                      "Actual Total Time": 86.741,
                                      "Actual Rows": 236,
                                      "Actual Loops": 6,
                                      "Filter": "((note ~~ '%(VHS)%'::text) AND (note ~~ '%(USA)%'::text) AND (note ~~ '%(1994)%'::text))",
                                      "Rows Removed by Filter": 434618
                                    },
                                    {
                                      "Node Type": "Hash",
                                      "Parent Relationship": "Inner",
                                      "Parallel Aware": false,
                                      "Startup Cost": 1.05,
                                      "Total Cost": 1.05,
                                      "Plan Rows": 1,
                                      "Plan Width": 4,
                                      "Actual Startup Time": 0.058,
                                      "Actual Total Time": 0.059,
                                      "Actual Rows": 1,
                                      "Actual Loops": 6,
                                      "Hash Buckets": 1024,
                                      "Original Hash Buckets": 1024,
                                      "Hash Batches": 1,
                                      "Original Hash Batches": 1,
                                      "Peak Memory Usage": 9,
                                      "Plans": [
                                        {
                                          "Node Type": "Seq Scan",
                                          "Parent Relationship": "Outer",
                                          "Parallel Aware": false,
                                          "Relation Name": "company_type",
                                          "Alias": "ct",
                                          "Startup Cost": 0.0,
                                          "Total Cost": 1.05,
                                          "Plan Rows": 1,
                                          "Plan Width": 4,
                                          "Actual Startup Time": 0.045,
                                          "Actual Total Time": 0.047,
                                          "Actual Rows": 1,
                                          "Actual Loops": 6,
                                          "Filter": "((kind)::text = 'production companies'::text)",
                                          "Rows Removed by Filter": 3
                                        }
                                      ]
                                    }
                                  ]
                                }
                              ]
                            }
                          ]
                        }
                      ]
                    }
                  ]
                },
                {
                  "Node Type": "Hash",
                  "Parent Relationship": "Inner",
                  "Parallel Aware": false,
                  "Startup Cost": 2.13,
                  "Total Cost": 2.13,
                  "Plan Rows": 113,
                  "Plan Width": 4,
                  "Actual Startup Time": 0.168,
                  "Actual Total Time": 0.169,
                  "Actual Rows": 113,
                  "Actual Loops": 6,
                  "Hash Buckets": 1024,
                  "Original Hash Buckets": 1024,
                  "Hash Batches": 1,
                  "Original Hash Batches": 1,
                  "Peak Memory Usage": 12,
                  "Plans": [
                    {
                      "Node Type": "Seq Scan",
                      "Parent Relationship": "Outer",
                      "Parallel Aware": false,
                      "Relation Name": "info_type",
                      "Alias": "it",
                      "Startup Cost": 0.0,
                      "Total Cost": 2.13,
                      "Plan Rows": 113,
                      "Plan Width": 4,
                      "Actual Startup Time": 0.084,
                      "Actual Total Time": 0.108,
                      "Actual Rows": 113,
                      "Actual Loops": 6
                    }
                  ]
                }
              ]
            }
          ]
        }
      ]
    },
    "Planning Time": 5.301,
    "Triggers": [],
    "Execution Time": 110.352
  }
]