[
    {
        "Bao": {
            "Bao prediction": 669.944,
            "Bao recommended hint": "(no hint)"
        }
    },
    {
        "Plan": {
            "Node Type": "Aggregate",
            "Strategy": "Plain",
            "Partial Mode": "Finalize",
            "Parallel Aware": false,
            "Startup Cost": 188284.29,
            "Total Cost": 188284.3,
            "Plan Rows": 1,
            "Plan Width": 8,
            "Actual Startup Time": 167.967,
            "Actual Total Time": 174.75,
            "Actual Rows": 1,
            "Actual Loops": 1,
            "Output": [
                "count(*)"
            ],
            "Plans": [
                {
                    "Node Type": "Gather",
                    "Parent Relationship": "Outer",
                    "Parallel Aware": false,
                    "Startup Cost": 188283.77,
                    "Total Cost": 188284.28,
                    "Plan Rows": 5,
                    "Plan Width": 8,
                    "Actual Startup Time": 166.849,
                    "Actual Total Time": 174.743,
                    "Actual Rows": 6,
                    "Actual Loops": 1,
                    "Output": [
                        "(PARTIAL count(*))"
                    ],
                    "Workers Planned": 5,
                    "Workers Launched": 5,
                    "Single Copy": false,
                    "Plans": [
                        {
                            "Node Type": "Aggregate",
                            "Strategy": "Plain",
                            "Partial Mode": "Partial",
                            "Parent Relationship": "Outer",
                            "Parallel Aware": false,
                            "Startup Cost": 187283.77,
                            "Total Cost": 187283.78,
                            "Plan Rows": 1,
                            "Plan Width": 8,
                            "Actual Startup Time": 157.545,
                            "Actual Total Time": 157.547,
                            "Actual Rows": 1,
                            "Actual Loops": 6,
                            "Output": [
                                "PARTIAL count(*)"
                            ],
                            "Workers": [
                                {
                                    "Worker Number": 0,
                                    "Actual Startup Time": 155.04,
                                    "Actual Total Time": 155.043,
                                    "Actual Rows": 1,
                                    "Actual Loops": 1
                                },
                                {
                                    "Worker Number": 1,
                                    "Actual Startup Time": 155.671,
                                    "Actual Total Time": 155.673,
                                    "Actual Rows": 1,
                                    "Actual Loops": 1
                                },
                                {
                                    "Worker Number": 2,
                                    "Actual Startup Time": 155.978,
                                    "Actual Total Time": 155.98,
                                    "Actual Rows": 1,
                                    "Actual Loops": 1
                                },
                                {
                                    "Worker Number": 3,
                                    "Actual Startup Time": 156.166,
                                    "Actual Total Time": 156.167,
                                    "Actual Rows": 1,
                                    "Actual Loops": 1
                                },
                                {
                                    "Worker Number": 4,
                                    "Actual Startup Time": 156.353,
                                    "Actual Total Time": 156.354,
                                    "Actual Rows": 1,
                                    "Actual Loops": 1
                                }
                            ],
                            "Plans": [
                                {
                                    "Node Type": "Bitmap Heap Scan",
                                    "Parent Relationship": "Outer",
                                    "Parallel Aware": true,
                                    "Relation Name": "movie_info",
                                    "Schema": "public",
                                    "Alias": "mi",
                                    "Startup Cost": 21701.28,
                                    "Total Cost": 186685.52,
                                    "Plan Rows": 239299,
                                    "Plan Width": 0,
                                    "Actual Startup Time": 59.778,
                                    "Actual Total Time": 143.691,
                                    "Actual Rows": 200062,
                                    "Actual Loops": 6,
                                    "Recheck Cond": "(mi.info_type_id > 35)",
                                    "Rows Removed by Index Recheck": 0,
                                    "Exact Heap Blocks": 11604,
                                    "Lossy Heap Blocks": 0,
                                    "Workers": [
                                        {
                                            "Worker Number": 0,
                                            "Actual Startup Time": 57.206,
                                            "Actual Total Time": 141.971,
                                            "Actual Rows": 148384,
                                            "Actual Loops": 1
                                        },
                                        {
                                            "Worker Number": 1,
                                            "Actual Startup Time": 57.923,
                                            "Actual Total Time": 141.996,
                                            "Actual Rows": 159459,
                                            "Actual Loops": 1
                                        },
                                        {
                                            "Worker Number": 2,
                                            "Actual Startup Time": 58.472,
                                            "Actual Total Time": 142.495,
                                            "Actual Rows": 158981,
                                            "Actual Loops": 1
                                        },
                                        {
                                            "Worker Number": 3,
                                            "Actual Startup Time": 58.661,
                                            "Actual Total Time": 142.584,
                                            "Actual Rows": 160032,
                                            "Actual Loops": 1
                                        },
                                        {
                                            "Worker Number": 4,
                                            "Actual Startup Time": 58.527,
                                            "Actual Total Time": 142.849,
                                            "Actual Rows": 158827,
                                            "Actual Loops": 1
                                        }
                                    ],
                                    "Plans": [
                                        {
                                            "Node Type": "Bitmap Index Scan",
                                            "Parent Relationship": "Outer",
                                            "Parallel Aware": false,
                                            "Index Name": "info_type_id_movie_info",
                                            "Startup Cost": 0.0,
                                            "Total Cost": 21402.16,
                                            "Plan Rows": 1196496,
                                            "Plan Width": 0,
                                            "Actual Startup Time": 62.535,
                                            "Actual Total Time": 62.536,
                                            "Actual Rows": 1200370,
                                            "Actual Loops": 1,
                                            "Index Cond": "(mi.info_type_id > 35)"
                                        }
                                    ]
                                }
                            ]
                        }
                    ]
                }
            ]
        },
        "Planning Time": 1291.924,
        "Triggers": [],
        "Execution Time": 174.869
    }
]