[
  {
    "Plan": {
      "Node Type": "Aggregate",
      "Strategy": "Plain",
      "Partial Mode": "Finalize",
      "Parallel Aware": false,
      "Startup Cost": 32980.4,
      "Total Cost": 32980.41,
      "Plan Rows": 1,
      "Plan Width": 8,
      "Actual Startup Time": 87.825,
      "Actual Total Time": 95.21,
      "Actual Rows": 1,
      "Actual Loops": 1,
      "Plans": [
        {
          "Node Type": "Gather",
          "Parent Relationship": "Outer",
          "Parallel Aware": false,
          "Startup Cost": 32980.08,
          "Total Cost": 32980.39,
          "Plan Rows": 3,
          "Plan Width": 8,
          "Actual Startup Time": 87.708,
          "Actual Total Time": 95.203,
          "Actual Rows": 4,
          "Actual Loops": 1,
          "Workers Planned": 3,
          "Workers Launched": 3,
          "Single Copy": false,
          "Plans": [
            {
              "Node Type": "Aggregate",
              "Strategy": "Plain",
              "Partial Mode": "Partial",
              "Parent Relationship": "Outer",
              "Parallel Aware": false,
              "Startup Cost": 31980.08,
              "Total Cost": 31980.09,
              "Plan Rows": 1,
              "Plan Width": 8,
              "Actual Startup Time": 82.634,
              "Actual Total Time": 82.635,
              "Actual Rows": 1,
              "Actual Loops": 4,
              "Plans": [
                {
                  "Node Type": "Seq Scan",
                  "Parent Relationship": "Outer",
                  "Parallel Aware": true,
                  "Relation Name": "movie_companies",
                  "Alias": "mc",
                  "Startup Cost": 0.0,
                  "Total Cost": 31414.82,
                  "Plan Rows": 226105,
                  "Plan Width": 0,
                  "Actual Startup Time": 40.633,
                  "Actual Total Time": 76.734,
                  "Actual Rows": 111484,
                  "Actual Loops": 4,
                  "Filter": "((company_id < 11930) AND (company_type_id > 1))",
                  "Rows Removed by Filter": 540798
                }
              ]
            }
          ]
        }
      ]
    },
    "Planning Time": 0.118,
    "Triggers": [],
    "Execution Time": 95.247
  }
]