[
  {
    "Plan": {
      "Node Type": "Aggregate",
      "Strategy": "Plain",
      "Partial Mode": "Finalize",
      "Parallel Aware": false,
      "Startup Cost": 33389.08,
      "Total Cost": 33389.09,
      "Plan Rows": 1,
      "Plan Width": 8,
      "Actual Startup Time": 91.036,
      "Actual Total Time": 99.152,
      "Actual Rows": 1,
      "Actual Loops": 1,
      "Plans": [
        {
          "Node Type": "Gather",
          "Parent Relationship": "Outer",
          "Parallel Aware": false,
          "Startup Cost": 33388.76,
          "Total Cost": 33389.07,
          "Plan Rows": 3,
          "Plan Width": 8,
          "Actual Startup Time": 90.93,
          "Actual Total Time": 99.145,
          "Actual Rows": 4,
          "Actual Loops": 1,
          "Workers Planned": 3,
          "Workers Launched": 3,
          "Single Copy": false,
          "Plans": [
            {
              "Node Type": "Aggregate",
              "Strategy": "Plain",
              "Partial Mode": "Partial",
              "Parent Relationship": "Outer",
              "Parallel Aware": false,
              "Startup Cost": 32388.76,
              "Total Cost": 32388.77,
              "Plan Rows": 1,
              "Plan Width": 8,
              "Actual Startup Time": 87.339,
              "Actual Total Time": 87.34,
              "Actual Rows": 1,
              "Actual Loops": 4,
              "Plans": [
                {
                  "Node Type": "Seq Scan",
                  "Parent Relationship": "Outer",
                  "Parallel Aware": true,
                  "Relation Name": "movie_companies",
                  "Alias": "mc",
                  "Startup Cost": 0.0,
                  "Total Cost": 31414.82,
                  "Plan Rows": 389576,
                  "Plan Width": 0,
                  "Actual Startup Time": 37.093,
                  "Actual Total Time": 75.343,
                  "Actual Rows": 273205,
                  "Actual Loops": 4,
                  "Filter": "((company_id < 102633) AND (company_type_id = 2))",
                  "Rows Removed by Filter": 379078
                }
              ]
            }
          ]
        }
      ]
    },
    "Planning Time": 0.114,
    "Triggers": [],
    "Execution Time": 99.184
  }
]