[
  {
    "Plan": {
      "Node Type": "Aggregate",
      "Strategy": "Plain",
      "Partial Mode": "Finalize",
      "Parallel Aware": false,
      "Startup Cost": 33383.49,
      "Total Cost": 33383.5,
      "Plan Rows": 1,
      "Plan Width": 8,
      "Actual Startup Time": 100.716,
      "Actual Total Time": 108.721,
      "Actual Rows": 1,
      "Actual Loops": 1,
      "Plans": [
        {
          "Node Type": "Gather",
          "Parent Relationship": "Outer",
          "Parallel Aware": false,
          "Startup Cost": 33383.17,
          "Total Cost": 33383.48,
          "Plan Rows": 3,
          "Plan Width": 8,
          "Actual Startup Time": 100.605,
          "Actual Total Time": 108.712,
          "Actual Rows": 4,
          "Actual Loops": 1,
          "Workers Planned": 3,
          "Workers Launched": 3,
          "Single Copy": false,
          "Plans": [
            {
              "Node Type": "Aggregate",
              "Strategy": "Plain",
              "Partial Mode": "Partial",
              "Parent Relationship": "Outer",
              "Parallel Aware": false,
              "Startup Cost": 32383.17,
              "Total Cost": 32383.18,
              "Plan Rows": 1,
              "Plan Width": 8,
              "Actual Startup Time": 92.467,
              "Actual Total Time": 92.468,
              "Actual Rows": 1,
              "Actual Loops": 4,
              "Plans": [
                {
                  "Node Type": "Seq Scan",
                  "Parent Relationship": "Outer",
                  "Parallel Aware": true,
                  "Relation Name": "movie_companies",
                  "Alias": "mc",
                  "Startup Cost": 0.0,
                  "Total Cost": 31414.82,
                  "Plan Rows": 387341,
                  "Plan Width": 0,
                  "Actual Startup Time": 46.577,
                  "Actual Total Time": 81.925,
                  "Actual Rows": 273205,
                  "Actual Loops": 4,
                  "Filter": "((company_id < 102633) AND (company_type_id = 2))",
                  "Rows Removed by Filter": 379078
                }
              ]
            }
          ]
        }
      ]
    },
    "Planning Time": 0.221,
    "Triggers": [],
    "Execution Time": 108.807
  }
]