[
  {
    "Plan": {
      "Node Type": "Aggregate",
      "Strategy": "Plain",
      "Partial Mode": "Finalize",
      "Parallel Aware": false,
      "Startup Cost": 255041.47,
      "Total Cost": 255041.48,
      "Plan Rows": 1,
      "Plan Width": 8,
      "Actual Startup Time": 905.265,
      "Actual Total Time": 958.433,
      "Actual Rows": 1,
      "Actual Loops": 1,
      "Plans": [
        {
          "Node Type": "Gather",
          "Parent Relationship": "Outer",
          "Parallel Aware": false,
          "Startup Cost": 255040.95,
          "Total Cost": 255041.46,
          "Plan Rows": 5,
          "Plan Width": 8,
          "Actual Startup Time": 903.366,
          "Actual Total Time": 958.422,
          "Actual Rows": 6,
          "Actual Loops": 1,
          "Workers Planned": 5,
          "Workers Launched": 5,
          "Single Copy": false,
          "Plans": [
            {
              "Node Type": "Aggregate",
              "Strategy": "Plain",
              "Partial Mode": "Partial",
              "Parent Relationship": "Outer",
              "Parallel Aware": false,
              "Startup Cost": 254040.95,
              "Total Cost": 254040.96,
              "Plan Rows": 1,
              "Plan Width": 8,
              "Actual Startup Time": 892.748,
              "Actual Total Time": 892.751,
              "Actual Rows": 1,
              "Actual Loops": 6,
              "Plans": [
                {
                  "Node Type": "Hash Join",
                  "Parent Relationship": "Outer",
                  "Parallel Aware": true,
                  "Join Type": "Inner",
                  "Startup Cost": 46916.89,
                  "Total Cost": 252857.31,
                  "Plan Rows": 473454,
                  "Plan Width": 0,
                  "Actual Startup Time": 130.575,
                  "Actual Total Time": 864.847,
                  "Actual Rows": 594405,
                  "Actual Loops": 6,
                  "Inner Unique": true,
                  "Hash Cond": "(mi.movie_id = t.id)",
                  "Plans": [
                    {
                      "Node Type": "Seq Scan",
                      "Parent Relationship": "Outer",
                      "Parallel Aware": true,
                      "Relation Name": "movie_info",
                      "Alias": "mi",
                      "Startup Cost": 0.0,
                      "Total Cost": 199108.24,
                      "Plan Rows": 2602732,
                      "Plan Width": 4,
                      "Actual Startup Time": 0.029,
                      "Actual Total Time": 391.713,
                      "Actual Rows": 2161681,
                      "Actual Loops": 6,
                      "Filter": "(info_type_id < 18)",
                      "Rows Removed by Filter": 310939
                    },
                    {
                      "Node Type": "Hash",
                      "Parent Relationship": "Inner",
                      "Parallel Aware": true,
                      "Startup Cost": 45479.59,
                      "Total Cost": 45479.59,
                      "Plan Rows": 114984,
                      "Plan Width": 4,
                      "Actual Startup Time": 114.45,
                      "Actual Total Time": 114.451,
                      "Actual Rows": 55881,
                      "Actual Loops": 6,
                      "Hash Buckets": 524288,
                      "Original Hash Buckets": 524288,
                      "Hash Batches": 1,
                      "Original Hash Batches": 1,
                      "Peak Memory Usage": 17312,
                      "Plans": [
                        {
                          "Node Type": "Seq Scan",
                          "Parent Relationship": "Outer",
                          "Parallel Aware": true,
                          "Relation Name": "title",
                          "Alias": "t",
                          "Startup Cost": 0.0,
                          "Total Cost": 45479.59,
                          "Plan Rows": 114984,
                          "Plan Width": 4,
                          "Actual Startup Time": 47.855,
                          "Actual Total Time": 90.823,
                          "Actual Rows": 55881,
                          "Actual Loops": 6,
                          "Filter": "((production_year > 1990) AND (kind_id = 1))",
                          "Rows Removed by Filter": 365504
                        }
                      ]
                    }
                  ]
                }
              ]
            }
          ]
        }
      ]
    },
    "Planning Time": 0.654,
    "Triggers": [],
    "Execution Time": 958.512
  }
]