[
  {
    "Plan": {
      "Node Type": "Aggregate",
      "Strategy": "Plain",
      "Partial Mode": "Finalize",
      "Parallel Aware": false,
      "Startup Cost": 331334.0,
      "Total Cost": 331334.01,
      "Plan Rows": 1,
      "Plan Width": 8,
      "Actual Startup Time": 561.43,
      "Actual Total Time": 616.318,
      "Actual Rows": 1,
      "Actual Loops": 1,
      "Plans": [
        {
          "Node Type": "Gather",
          "Parent Relationship": "Outer",
          "Parallel Aware": false,
          "Startup Cost": 331333.38,
          "Total Cost": 331333.99,
          "Plan Rows": 6,
          "Plan Width": 8,
          "Actual Startup Time": 561.282,
          "Actual Total Time": 616.31,
          "Actual Rows": 7,
          "Actual Loops": 1,
          "Workers Planned": 6,
          "Workers Launched": 6,
          "Single Copy": false,
          "Plans": [
            {
              "Node Type": "Aggregate",
              "Strategy": "Plain",
              "Partial Mode": "Partial",
              "Parent Relationship": "Outer",
              "Parallel Aware": false,
              "Startup Cost": 330333.38,
              "Total Cost": 330333.39,
              "Plan Rows": 1,
              "Plan Width": 8,
              "Actual Startup Time": 550.952,
              "Actual Total Time": 550.954,
              "Actual Rows": 1,
              "Actual Loops": 7,
              "Plans": [
                {
                  "Node Type": "Seq Scan",
                  "Parent Relationship": "Outer",
                  "Parallel Aware": true,
                  "Relation Name": "cast_info",
                  "Alias": "ci",
                  "Startup Cost": 0.0,
                  "Total Cost": 328162.03,
                  "Plan Rows": 868541,
                  "Plan Width": 0,
                  "Actual Startup Time": 363.298,
                  "Actual Total Time": 521.438,
                  "Actual Rows": 722951,
                  "Actual Loops": 7,
                  "Filter": "(person_id > 3162944)",
                  "Rows Removed by Filter": 4454813
                }
              ]
            }
          ]
        }
      ]
    },
    "Planning Time": 0.175,
    "Triggers": [],
    "Execution Time": 616.387
  }
]