{
  "Plan": {
    "Node Type": "Aggregate",
    "Strategy": "Plain",
    "Partial Mode": "Finalize",
    "Parallel Aware": false,
    "Startup Cost": 17656.21,
    "Total Cost": 17656.22,
    "Plan Rows": 1,
    "Plan Width": 8,
    "Actual Startup Time": 18.95,
    "Actual Total Time": 21.682,
    "Actual Rows": 1,
    "Actual Loops": 1,
    "Plans": [
      {
        "Node Type": "Gather",
        "Parent Relationship": "Outer",
        "Parallel Aware": false,
        "Startup Cost": 17656.09,
        "Total Cost": 17656.2,
        "Plan Rows": 1,
        "Plan Width": 8,
        "Actual Startup Time": 18.657,
        "Actual Total Time": 21.674,
        "Actual Rows": 2,
        "Actual Loops": 1,
        "Workers Planned": 1,
        "Workers Launched": 1,
        "Single Copy": false,
        "Plans": [
          {
            "Node Type": "Aggregate",
            "Strategy": "Plain",
            "Partial Mode": "Partial",
            "Parent Relationship": "Outer",
            "Parallel Aware": false,
            "Startup Cost": 16656.09,
            "Total Cost": 16656.1,
            "Plan Rows": 1,
            "Plan Width": 8,
            "Actual Startup Time": 14.723,
            "Actual Total Time": 14.726,
            "Actual Rows": 1,
            "Actual Loops": 2,
            "Plans": [
              {
                "Node Type": "Nested Loop",
                "Parent Relationship": "Outer",
                "Parallel Aware": false,
                "Join Type": "Inner",
                "Startup Cost": 74.5,
                "Total Cost": 16655.96,
                "Plan Rows": 54,
                "Plan Width": 0,
                "Actual Startup Time": 6.15,
                "Actual Total Time": 14.709,
                "Actual Rows": 58,
                "Actual Loops": 2,
                "Inner Unique": false,
                "Plans": [
                  {
                    "Node Type": "Nested Loop",
                    "Parent Relationship": "Outer",
                    "Parallel Aware": false,
                    "Join Type": "Inner",
                    "Startup Cost": 74.07,
                    "Total Cost": 16504.38,
                    "Plan Rows": 50,
                    "Plan Width": 8,
                    "Actual Startup Time": 6.054,
                    "Actual Total Time": 14.196,
                    "Actual Rows": 24,
                    "Actual Loops": 2,
                    "Inner Unique": true,
                    "Plans": [
                      {
                        "Node Type": "Bitmap Heap Scan",
                        "Parent Relationship": "Outer",
                        "Parallel Aware": true,
                        "Relation Name": "movie_companies",
                        "Alias": "mc",
                        "Startup Cost": 73.64,
                        "Total Cost": 8590.09,
                        "Plan Rows": 987,
                        "Plan Width": 4,
                        "Actual Startup Time": 4.804,
                        "Actual Total Time": 7.149,
                        "Actual Rows": 566,
                        "Actual Loops": 2,
                        "Recheck Cond": "(company_id = 419)",
                        "Rows Removed by Index Recheck": 0,
                        "Filter": "(company_type_id > 1)",
                        "Rows Removed by Filter": 1198,
                        "Exact Heap Blocks": 2213,
                        "Lossy Heap Blocks": 0,
                        "Plans": [
                          {
                            "Node Type": "Bitmap Index Scan",
                            "Parent Relationship": "Outer",
                            "Parallel Aware": false,
                            "Index Name": "company_id_movie_companies",
                            "Startup Cost": 0.0,
                            "Total Cost": 73.22,
                            "Plan Rows": 3305,
                            "Plan Width": 0,
                            "Actual Startup Time": 2.522,
                            "Actual Total Time": 2.522,
                            "Actual Rows": 3529,
                            "Actual Loops": 1,
                            "Index Cond": "(company_id = 419)"
                          }
                        ]
                      },
                      {
                        "Node Type": "Index Scan",
                        "Parent Relationship": "Inner",
                        "Parallel Aware": false,
                        "Scan Direction": "Forward",
                        "Index Name": "title_pkey",
                        "Relation Name": "title",
                        "Alias": "t",
                        "Startup Cost": 0.43,
                        "Total Cost": 8.02,
                        "Plan Rows": 1,
                        "Plan Width": 4,
                        "Actual Startup Time": 0.012,
                        "Actual Total Time": 0.012,
                        "Actual Rows": 0,
                        "Actual Loops": 1133,
                        "Index Cond": "(id = mc.movie_id)",
                        "Rows Removed by Index Recheck": 0,
                        "Filter": "(production_year = 2009)",
                        "Rows Removed by Filter": 1
                      }
                    ]
                  },
                  {
                    "Node Type": "Index Scan",
                    "Parent Relationship": "Inner",
                    "Parallel Aware": false,
                    "Scan Direction": "Forward",
                    "Index Name": "movie_id_movie_keyword",
                    "Relation Name": "movie_keyword",
                    "Alias": "mk",
                    "Startup Cost": 0.43,
                    "Total Cost": 2.75,
                    "Plan Rows": 28,
                    "Plan Width": 4,
                    "Actual Startup Time": 0.019,
                    "Actual Total Time": 0.021,
                    "Actual Rows": 2,
                    "Actual Loops": 47,
                    "Index Cond": "(movie_id = t.id)",
                    "Rows Removed by Index Recheck": 0,
                    "Filter": "(keyword_id > 2891)",
                    "Rows Removed by Filter": 1
                  }
                ]
              }
            ]
          }
        ]
      }
    ]
  },
  "Planning Time": 0.894,
  "Triggers": [],
  "Execution Time": 21.819
}