{
  "Plan": {
    "Node Type": "Aggregate",
    "Strategy": "Plain",
    "Partial Mode": "Simple",
    "Parallel Aware": false,
    "Startup Cost": 567947.07,
    "Total Cost": 567947.08,
    "Plan Rows": 1,
    "Plan Width": 96,
    "Actual Startup Time": 5806.0,
    "Actual Total Time": 6260.223,
    "Actual Rows": 1,
    "Actual Loops": 1,
    "Plans": [
      {
        "Node Type": "Hash Join",
        "Parent Relationship": "Outer",
        "Parallel Aware": false,
        "Join Type": "Inner",
        "Startup Cost": 565320.73,
        "Total Cost": 567947.06,
        "Plan Rows": 1,
        "Plan Width": 48,
        "Actual Startup Time": 5776.731,
        "Actual Total Time": 6260.182,
        "Actual Rows": 6,
        "Actual Loops": 1,
        "Inner Unique": false,
        "Hash Cond": "(k.id = mk.keyword_id)",
        "Plans": [
          {
            "Node Type": "Seq Scan",
            "Parent Relationship": "Outer",
            "Parallel Aware": false,
            "Relation Name": "keyword",
            "Alias": "k",
            "Startup Cost": 0.0,
            "Total Cost": 2626.12,
            "Plan Rows": 1,
            "Plan Width": 20,
            "Actual Startup Time": 1.163,
            "Actual Total Time": 30.382,
            "Actual Rows": 1,
            "Actual Loops": 1,
            "Filter": "(keyword = 'marvel-cinematic-universe'::text)",
            "Rows Removed by Filter": 134169
          },
          {
            "Node Type": "Hash",
            "Parent Relationship": "Inner",
            "Parallel Aware": false,
            "Startup Cost": 565204.43,
            "Total Cost": 565204.43,
            "Plan Rows": 9304,
            "Plan Width": 36,
            "Actual Startup Time": 5775.235,
            "Actual Total Time": 6229.452,
            "Actual Rows": 5202,
            "Actual Loops": 1,
            "Hash Buckets": 16384,
            "Original Hash Buckets": 16384,
            "Hash Batches": 1,
            "Original Hash Batches": 1,
            "Peak Memory Usage": 500,
            "Plans": [
              {
                "Node Type": "Gather",
                "Parent Relationship": "Outer",
                "Parallel Aware": false,
                "Startup Cost": 495186.12,
                "Total Cost": 565204.43,
                "Plan Rows": 9304,
                "Plan Width": 36,
                "Actual Startup Time": 5184.235,
                "Actual Total Time": 6227.252,
                "Actual Rows": 5202,
                "Actual Loops": 1,
                "Workers Planned": 4,
                "Workers Launched": 4,
                "Single Copy": false,
                "Plans": [
                  {
                    "Node Type": "Hash Join",
                    "Parent Relationship": "Outer",
                    "Parallel Aware": true,
                    "Join Type": "Inner",
                    "Startup Cost": 494186.12,
                    "Total Cost": 563274.03,
                    "Plan Rows": 2326,
                    "Plan Width": 36,
                    "Actual Startup Time": 5303.183,
                    "Actual Total Time": 5381.931,
                    "Actual Rows": 1040,
                    "Actual Loops": 5,
                    "Inner Unique": false,
                    "Hash Cond": "(t.id = mk.movie_id)",
                    "Plans": [
                      {
                        "Node Type": "Hash Join",
                        "Parent Relationship": "Outer",
                        "Parallel Aware": true,
                        "Join Type": "Inner",
                        "Startup Cost": 436897.15,
                        "Total Cost": 505799.17,
                        "Plan Rows": 498,
                        "Plan Width": 40,
                        "Actual Startup Time": 4855.217,
                        "Actual Total Time": 4930.199,
                        "Actual Rows": 61,
                        "Actual Loops": 5,
                        "Inner Unique": true,
                        "Hash Cond": "(ci.movie_id = t.id)",
                        "Plans": [
                          {
                            "Node Type": "Hash Join",
                            "Parent Relationship": "Outer",
                            "Parallel Aware": true,
                            "Join Type": "Inner",
                            "Startup Cost": 388653.84,
                            "Total Cost": 457553.49,
                            "Plan Rows": 907,
                            "Plan Width": 19,
                            "Actual Startup Time": 4533.079,
                            "Actual Total Time": 4606.156,
                            "Actual Rows": 97,
                            "Actual Loops": 5,
                            "Inner Unique": false,
                            "Hash Cond": "(n.id = ci.person_id)",
                            "Plans": [
                              {
                                "Node Type": "Seq Scan",
                                "Parent Relationship": "Outer",
                                "Parallel Aware": true,
                                "Relation Name": "name",
                                "Alias": "n",
                                "Startup Cost": 0.0,
                                "Total Cost": 68636.05,
                                "Plan Rows": 104,
                                "Plan Width": 19,
                                "Actual Startup Time": 172.802,
                                "Actual Total Time": 221.487,
                                "Actual Rows": 0,
                                "Actual Loops": 5,
                                "Filter": "(name ~~ '%Downey%Robert%'::text)",
                                "Rows Removed by Filter": 833498
                              },
                              {
                                "Node Type": "Hash",
                                "Parent Relationship": "Inner",
                                "Parallel Aware": true,
                                "Startup Cost": 313116.71,
                                "Total Cost": 313116.71,
                                "Plan Rows": 6042971,
                                "Plan Width": 8,
                                "Actual Startup Time": 4276.776,
                                "Actual Total Time": 4276.777,
                                "Actual Rows": 7248869,
                                "Actual Loops": 5,
                                "Hash Buckets": 67108864,
                                "Original Hash Buckets": 67108864,
                                "Hash Batches": 1,
                                "Original Hash Batches": 1,
                                "Peak Memory Usage": 1942272,
                                "Plans": [
                                  {
                                    "Node Type": "Seq Scan",
                                    "Parent Relationship": "Outer",
                                    "Parallel Aware": true,
                                    "Relation Name": "cast_info",
                                    "Alias": "ci",
                                    "Startup Cost": 0.0,
                                    "Total Cost": 313116.71,
                                    "Plan Rows": 6042971,
                                    "Plan Width": 8,
                                    "Actual Startup Time": 0.037,
                                    "Actual Total Time": 1296.701,
                                    "Actual Rows": 7248869,
                                    "Actual Loops": 5
                                  }
                                ]
                              }
                            ]
                          },
                          {
                            "Node Type": "Hash",
                            "Parent Relationship": "Inner",
                            "Parallel Aware": true,
                            "Startup Cost": 43899.59,
                            "Total Cost": 43899.59,
                            "Plan Rows": 347497,
                            "Plan Width": 21,
                            "Actual Startup Time": 316.858,
                            "Actual Total Time": 316.859,
                            "Actual Rows": 276291,
                            "Actual Loops": 5,
                            "Hash Buckets": 2097152,
                            "Original Hash Buckets": 2097152,
                            "Hash Batches": 1,
                            "Original Hash Batches": 1,
                            "Peak Memory Usage": 93888,
                            "Plans": [
                              {
                                "Node Type": "Seq Scan",
                                "Parent Relationship": "Outer",
                                "Parallel Aware": true,
                                "Relation Name": "title",
                                "Alias": "t",
                                "Startup Cost": 0.0,
                                "Total Cost": 43899.59,
                                "Plan Rows": 347497,
                                "Plan Width": 21,
                                "Actual Startup Time": 0.035,
                                "Actual Total Time": 124.968,
                                "Actual Rows": 276291,
                                "Actual Loops": 5,
                                "Filter": "(production_year > 2000)",
                                "Rows Removed by Filter": 229372
                              }
                            ]
                          }
                        ]
                      },
                      {
                        "Node Type": "Hash",
                        "Parent Relationship": "Inner",
                        "Parallel Aware": true,
                        "Startup Cost": 39047.32,
                        "Total Cost": 39047.32,
                        "Plan Rows": 1459332,
                        "Plan Width": 8,
                        "Actual Startup Time": 434.443,
                        "Actual Total Time": 434.444,
                        "Actual Rows": 904786,
                        "Actual Loops": 5,
                        "Hash Buckets": 8388608,
                        "Original Hash Buckets": 8388608,
                        "Hash Batches": 1,
                        "Original Hash Batches": 1,
                        "Peak Memory Usage": 242592,
                        "Plans": [
                          {
                            "Node Type": "Seq Scan",
                            "Parent Relationship": "Outer",
                            "Parallel Aware": true,
                            "Relation Name": "movie_keyword",
                            "Alias": "mk",
                            "Startup Cost": 0.0,
                            "Total Cost": 39047.32,
                            "Plan Rows": 1459332,
                            "Plan Width": 8,
                            "Actual Startup Time": 0.068,
                            "Actual Total Time": 142.703,
                            "Actual Rows": 904786,
                            "Actual Loops": 5
                          }
                        ]
                      }
                    ]
                  }
                ]
              }
            ]
          }
        ]
      }
    ]
  },
  "Planning Time": 5.785,
  "Triggers": [],
  "Execution Time": 6260.924
}