{
  "Plan": {
    "Node Type": "Aggregate",
    "Strategy": "Plain",
    "Partial Mode": "Finalize",
    "Parallel Aware": false,
    "Startup Cost": 404010.64,
    "Total Cost": 404010.65,
    "Plan Rows": 1,
    "Plan Width": 8,
    "Actual Startup Time": 1218.551,
    "Actual Total Time": 1239.645,
    "Actual Rows": 1,
    "Actual Loops": 1,
    "Plans": [
      {
        "Node Type": "Gather",
        "Parent Relationship": "Outer",
        "Parallel Aware": false,
        "Startup Cost": 404010.52,
        "Total Cost": 404010.63,
        "Plan Rows": 1,
        "Plan Width": 8,
        "Actual Startup Time": 1214.994,
        "Actual Total Time": 1239.638,
        "Actual Rows": 2,
        "Actual Loops": 1,
        "Workers Planned": 1,
        "Workers Launched": 1,
        "Single Copy": false,
        "Plans": [
          {
            "Node Type": "Aggregate",
            "Strategy": "Plain",
            "Partial Mode": "Partial",
            "Parent Relationship": "Outer",
            "Parallel Aware": false,
            "Startup Cost": 403010.52,
            "Total Cost": 403010.53,
            "Plan Rows": 1,
            "Plan Width": 8,
            "Actual Startup Time": 1206.628,
            "Actual Total Time": 1206.632,
            "Actual Rows": 1,
            "Actual Loops": 2,
            "Plans": [
              {
                "Node Type": "Hash Join",
                "Parent Relationship": "Outer",
                "Parallel Aware": true,
                "Join Type": "Inner",
                "Startup Cost": 122235.39,
                "Total Cost": 401472.71,
                "Plan Rows": 615127,
                "Plan Width": 0,
                "Actual Startup Time": 528.419,
                "Actual Total Time": 1174.562,
                "Actual Rows": 595831,
                "Actual Loops": 2,
                "Inner Unique": true,
                "Hash Cond": "(ci.movie_id = t.id)",
                "Plans": [
                  {
                    "Node Type": "Bitmap Heap Scan",
                    "Parent Relationship": "Outer",
                    "Parallel Aware": true,
                    "Relation Name": "cast_info",
                    "Alias": "ci",
                    "Startup Cost": 58289.08,
                    "Total Cost": 334318.62,
                    "Plan Rows": 1222008,
                    "Plan Width": 4,
                    "Actual Startup Time": 108.592,
                    "Actual Total Time": 335.249,
                    "Actual Rows": 1213526,
                    "Actual Loops": 2,
                    "Recheck Cond": "(person_id < 259781)",
                    "Rows Removed by Index Recheck": 0,
                    "Filter": "(role_id < 7)",
                    "Rows Removed by Filter": 141952,
                    "Exact Heap Blocks": 17547,
                    "Lossy Heap Blocks": 0,
                    "Plans": [
                      {
                        "Node Type": "Bitmap Index Scan",
                        "Parent Relationship": "Outer",
                        "Parallel Aware": false,
                        "Index Name": "person_id_cast_info",
                        "Startup Cost": 0.0,
                        "Total Cost": 57769.73,
                        "Plan Rows": 2645488,
                        "Plan Width": 0,
                        "Actual Startup Time": 103.821,
                        "Actual Total Time": 103.821,
                        "Actual Rows": 2710956,
                        "Actual Loops": 1,
                        "Index Cond": "(person_id < 259781)"
                      }
                    ]
                  },
                  {
                    "Node Type": "Hash",
                    "Parent Relationship": "Inner",
                    "Parallel Aware": true,
                    "Startup Cost": 54588.39,
                    "Total Cost": 54588.39,
                    "Plan Rows": 748634,
                    "Plan Width": 4,
                    "Actual Startup Time": 405.184,
                    "Actual Total Time": 405.185,
                    "Actual Rows": 630148,
                    "Actual Loops": 2,
                    "Hash Buckets": 2097152,
                    "Original Hash Buckets": 2097152,
                    "Hash Batches": 1,
                    "Original Hash Batches": 1,
                    "Peak Memory Usage": 65696,
                    "Plans": [
                      {
                        "Node Type": "Seq Scan",
                        "Parent Relationship": "Outer",
                        "Parallel Aware": true,
                        "Relation Name": "title",
                        "Alias": "t",
                        "Startup Cost": 0.0,
                        "Total Cost": 54588.39,
                        "Plan Rows": 748634,
                        "Plan Width": 4,
                        "Actual Startup Time": 0.032,
                        "Actual Total Time": 200.974,
                        "Actual Rows": 630148,
                        "Actual Loops": 2,
                        "Filter": "(production_year > 2002)",
                        "Rows Removed by Filter": 634008
                      }
                    ]
                  }
                ]
              }
            ]
          }
        ]
      }
    ]
  },
  "Planning Time": 0.728,
  "Triggers": [],
  "Execution Time": 1239.737
}