[
  {
    "Plan": {
      "Node Type": "Aggregate",
      "Strategy": "Plain",
      "Partial Mode": "Finalize",
      "Parallel Aware": false,
      "Startup Cost": 121721.39,
      "Total Cost": 121721.4,
      "Plan Rows": 1,
      "Plan Width": 8,
      "Actual Startup Time": 162.185,
      "Actual Total Time": 172.905,
      "Actual Rows": 1,
      "Actual Loops": 1,
      "Plans": [
        {
          "Node Type": "Gather",
          "Parent Relationship": "Outer",
          "Parallel Aware": false,
          "Startup Cost": 121720.87,
          "Total Cost": 121721.38,
          "Plan Rows": 5,
          "Plan Width": 8,
          "Actual Startup Time": 162.115,
          "Actual Total Time": 172.898,
          "Actual Rows": 6,
          "Actual Loops": 1,
          "Workers Planned": 5,
          "Workers Launched": 5,
          "Single Copy": false,
          "Plans": [
            {
              "Node Type": "Aggregate",
              "Strategy": "Plain",
              "Partial Mode": "Partial",
              "Parent Relationship": "Outer",
              "Parallel Aware": false,
              "Startup Cost": 120720.87,
              "Total Cost": 120720.88,
              "Plan Rows": 1,
              "Plan Width": 8,
              "Actual Startup Time": 152.225,
              "Actual Total Time": 152.226,
              "Actual Rows": 1,
              "Actual Loops": 6,
              "Plans": [
                {
                  "Node Type": "Index Scan",
                  "Parent Relationship": "Outer",
                  "Parallel Aware": true,
                  "Scan Direction": "Forward",
                  "Index Name": "role_id_cast_info",
                  "Relation Name": "cast_info",
                  "Alias": "ci",
                  "Startup Cost": 0.56,
                  "Total Cost": 119623.46,
                  "Plan Rows": 438965,
                  "Plan Width": 0,
                  "Actual Startup Time": 0.2,
                  "Actual Total Time": 146.101,
                  "Actual Rows": 117411,
                  "Actual Loops": 6,
                  "Index Cond": "(role_id = 10)",
                  "Rows Removed by Index Recheck": 0,
                  "Filter": "(person_id < 1801379)",
                  "Rows Removed by Filter": 603092
                }
              ]
            }
          ]
        }
      ]
    },
    "Planning Time": 0.099,
    "Triggers": [],
    "Execution Time": 172.938
  }
]