{
    "Plan": {
        "Node Type": "Aggregate",
        "Strategy": "Plain",
        "Partial Mode": "Finalize",
        "Parallel Aware": false,
        "Startup Cost": 124892.02,
        "Total Cost": 124892.03,
        "Plan Rows": 1,
        "Plan Width": 8,
        "Actual Startup Time": 676.278,
        "Actual Total Time": 693.248,
        "Actual Rows": 1,
        "Actual Loops": 1,
        "Output": [
            "count(*)"
        ],
        "Plans": [
            {
                "Node Type": "Gather",
                "Parent Relationship": "Outer",
                "Parallel Aware": false,
                "Startup Cost": 124891.7,
                "Total Cost": 124892.01,
                "Plan Rows": 3,
                "Plan Width": 8,
                "Actual Startup Time": 671.507,
                "Actual Total Time": 693.239,
                "Actual Rows": 4,
                "Actual Loops": 1,
                "Output": [
                    "(PARTIAL count(*))"
                ],
                "Workers Planned": 3,
                "Workers Launched": 3,
                "Single Copy": false,
                "Plans": [
                    {
                        "Node Type": "Aggregate",
                        "Strategy": "Plain",
                        "Partial Mode": "Partial",
                        "Parent Relationship": "Outer",
                        "Parallel Aware": false,
                        "Startup Cost": 123891.7,
                        "Total Cost": 123891.71,
                        "Plan Rows": 1,
                        "Plan Width": 8,
                        "Actual Startup Time": 657.822,
                        "Actual Total Time": 657.826,
                        "Actual Rows": 1,
                        "Actual Loops": 4,
                        "Output": [
                            "PARTIAL count(*)"
                        ],
                        "Workers": [
                            {
                                "Worker Number": 0,
                                "Actual Startup Time": 653.647,
                                "Actual Total Time": 653.651,
                                "Actual Rows": 1,
                                "Actual Loops": 1
                            },
                            {
                                "Worker Number": 1,
                                "Actual Startup Time": 653.696,
                                "Actual Total Time": 653.699,
                                "Actual Rows": 1,
                                "Actual Loops": 1
                            },
                            {
                                "Worker Number": 2,
                                "Actual Startup Time": 653.667,
                                "Actual Total Time": 653.671,
                                "Actual Rows": 1,
                                "Actual Loops": 1
                            }
                        ],
                        "Plans": [
                            {
                                "Node Type": "Hash Join",
                                "Parent Relationship": "Outer",
                                "Parallel Aware": true,
                                "Join Type": "Inner",
                                "Startup Cost": 97269.79,
                                "Total Cost": 123444.2,
                                "Plan Rows": 178999,
                                "Plan Width": 0,
                                "Actual Startup Time": 467.956,
                                "Actual Total Time": 652.732,
                                "Actual Rows": 67360,
                                "Actual Loops": 4,
                                "Inner Unique": true,
                                "Hash Cond": "(mc.movie_id = t.id)",
                                "Workers": [
                                    {
                                        "Worker Number": 0,
                                        "Actual Startup Time": 464.237,
                                        "Actual Total Time": 648.449,
                                        "Actual Rows": 66339,
                                        "Actual Loops": 1
                                    },
                                    {
                                        "Worker Number": 1,
                                        "Actual Startup Time": 463.978,
                                        "Actual Total Time": 648.511,
                                        "Actual Rows": 66045,
                                        "Actual Loops": 1
                                    },
                                    {
                                        "Worker Number": 2,
                                        "Actual Startup Time": 464.122,
                                        "Actual Total Time": 648.42,
                                        "Actual Rows": 66794,
                                        "Actual Loops": 1
                                    }
                                ],
                                "Plans": [
                                    {
                                        "Node Type": "Bitmap Heap Scan",
                                        "Parent Relationship": "Outer",
                                        "Parallel Aware": true,
                                        "Relation Name": "movie_companies",
                                        "Schema": "public",
                                        "Alias": "mc",
                                        "Startup Cost": 23972.93,
                                        "Total Cost": 49199.49,
                                        "Plan Rows": 361090,
                                        "Plan Width": 4,
                                        "Actual Startup Time": 67.057,
                                        "Actual Total Time": 141.504,
                                        "Actual Rows": 310018,
                                        "Actual Loops": 4,
                                        "Output": [
                                            "mc.id",
                                            "mc.movie_id",
                                            "mc.company_id",
                                            "mc.company_type_id",
                                            "mc.note"
                                        ],
                                        "Recheck Cond": "(mc.company_type_id = 2)",
                                        "Rows Removed by Index Recheck": 0,
                                        "Filter": "(mc.company_id > 258)",
                                        "Rows Removed by Filter": 23702,
                                        "Exact Heap Blocks": 1851,
                                        "Lossy Heap Blocks": 0,
                                        "Workers": [
                                            {
                                                "Worker Number": 0,
                                                "Actual Startup Time": 67.197,
                                                "Actual Total Time": 142.677,
                                                "Actual Rows": 314490,
                                                "Actual Loops": 1
                                            },
                                            {
                                                "Worker Number": 1,
                                                "Actual Startup Time": 67.004,
                                                "Actual Total Time": 142.25,
                                                "Actual Rows": 312130,
                                                "Actual Loops": 1
                                            },
                                            {
                                                "Worker Number": 2,
                                                "Actual Startup Time": 67.172,
                                                "Actual Total Time": 142.382,
                                                "Actual Rows": 312723,
                                                "Actual Loops": 1
                                            }
                                        ],
                                        "Plans": [
                                            {
                                                "Node Type": "Bitmap Index Scan",
                                                "Parent Relationship": "Outer",
                                                "Parallel Aware": false,
                                                "Index Name": "company_type_id_movie_companies",
                                                "Startup Cost": 0.0,
                                                "Total Cost": 23693.09,
                                                "Plan Rows": 1330221,
                                                "Plan Width": 0,
                                                "Actual Startup Time": 65.154,
                                                "Actual Total Time": 65.155,
                                                "Actual Rows": 1334883,
                                                "Actual Loops": 1,
                                                "Index Cond": "(mc.company_type_id = 2)"
                                            }
                                        ]
                                    },
                                    {
                                        "Node Type": "Hash",
                                        "Parent Relationship": "Inner",
                                        "Parallel Aware": true,
                                        "Startup Cost": 69380.18,
                                        "Total Cost": 69380.18,
                                        "Plan Rows": 313334,
                                        "Plan Width": 4,
                                        "Actual Startup Time": 393.983,
                                        "Actual Total Time": 393.984,
                                        "Actual Rows": 337221,
                                        "Actual Loops": 4,
                                        "Output": [
                                            "t.id"
                                        ],
                                        "Hash Buckets": 2097152,
                                        "Original Hash Buckets": 2097152,
                                        "Hash Batches": 1,
                                        "Original Hash Batches": 1,
                                        "Peak Memory Usage": 69216,
                                        "Workers": [
                                            {
                                                "Worker Number": 0,
                                                "Actual Startup Time": 396.489,
                                                "Actual Total Time": 396.49,
                                                "Actual Rows": 336868,
                                                "Actual Loops": 1
                                            },
                                            {
                                                "Worker Number": 1,
                                                "Actual Startup Time": 396.539,
                                                "Actual Total Time": 396.54,
                                                "Actual Rows": 333798,
                                                "Actual Loops": 1
                                            },
                                            {
                                                "Worker Number": 2,
                                                "Actual Startup Time": 396.543,
                                                "Actual Total Time": 396.544,
                                                "Actual Rows": 333163,
                                                "Actual Loops": 1
                                            }
                                        ],
                                        "Plans": [
                                            {
                                                "Node Type": "Bitmap Heap Scan",
                                                "Parent Relationship": "Outer",
                                                "Parallel Aware": true,
                                                "Relation Name": "title",
                                                "Schema": "public",
                                                "Alias": "t",
                                                "Startup Cost": 27634.04,
                                                "Total Cost": 69380.18,
                                                "Plan Rows": 313334,
                                                "Plan Width": 4,
                                                "Actual Startup Time": 90.592,
                                                "Actual Total Time": 236.706,
                                                "Actual Rows": 337221,
                                                "Actual Loops": 4,
                                                "Output": [
                                                    "t.id"
                                                ],
                                                "Recheck Cond": "(t.kind_id = 7)",
                                                "Rows Removed by Index Recheck": 0,
                                                "Filter": "(t.production_year > 1970)",
                                                "Rows Removed by Filter": 48595,
                                                "Exact Heap Blocks": 6294,
                                                "Lossy Heap Blocks": 0,
                                                "Workers": [
                                                    {
                                                        "Worker Number": 0,
                                                        "Actual Startup Time": 90.574,
                                                        "Actual Total Time": 237.634,
                                                        "Actual Rows": 336868,
                                                        "Actual Loops": 1
                                                    },
                                                    {
                                                        "Worker Number": 1,
                                                        "Actual Startup Time": 90.656,
                                                        "Actual Total Time": 237.393,
                                                        "Actual Rows": 333798,
                                                        "Actual Loops": 1
                                                    },
                                                    {
                                                        "Worker Number": 2,
                                                        "Actual Startup Time": 90.634,
                                                        "Actual Total Time": 237.61,
                                                        "Actual Rows": 333163,
                                                        "Actual Loops": 1
                                                    }
                                                ],
                                                "Plans": [
                                                    {
                                                        "Node Type": "Bitmap Index Scan",
                                                        "Parent Relationship": "Outer",
                                                        "Parallel Aware": false,
                                                        "Index Name": "kind_id_title",
                                                        "Startup Cost": 0.0,
                                                        "Total Cost": 27320.71,
                                                        "Plan Rows": 1532837,
                                                        "Plan Width": 0,
                                                        "Actual Startup Time": 84.609,
                                                        "Actual Total Time": 84.61,
                                                        "Actual Rows": 1543264,
                                                        "Actual Loops": 1,
                                                        "Index Cond": "(t.kind_id = 7)"
                                                    }
                                                ]
                                            }
                                        ]
                                    }
                                ]
                            }
                        ]
                    }
                ]
            }
        ]
    },
    "Planning Time": 3.045,
    "Triggers": [],
    "Execution Time": 693.744
}