[
  {
    "Plan": {
      "Node Type": "Aggregate",
      "Strategy": "Plain",
      "Partial Mode": "Simple",
      "Parallel Aware": false,
      "Startup Cost": 21297.1,
      "Total Cost": 21297.11,
      "Plan Rows": 1,
      "Plan Width": 8,
      "Actual Startup Time": 25.207,
      "Actual Total Time": 25.209,
      "Actual Rows": 1,
      "Actual Loops": 1,
      "Plans": [
        {
          "Node Type": "Bitmap Heap Scan",
          "Parent Relationship": "Outer",
          "Parallel Aware": false,
          "Relation Name": "movie_companies",
          "Alias": "mc",
          "Startup Cost": 1482.04,
          "Total Cost": 21126.25,
          "Plan Rows": 68337,
          "Plan Width": 0,
          "Actual Startup Time": 3.962,
          "Actual Total Time": 20.958,
          "Actual Rows": 67377,
          "Actual Loops": 1,
          "Recheck Cond": "(company_id > 178429)",
          "Rows Removed by Index Recheck": 0,
          "Exact Heap Blocks": 2357,
          "Lossy Heap Blocks": 0,
          "Plans": [
            {
              "Node Type": "Bitmap Index Scan",
              "Parent Relationship": "Outer",
              "Parallel Aware": false,
              "Index Name": "company_id_movie_companies",
              "Startup Cost": 0.0,
              "Total Cost": 1464.96,
              "Plan Rows": 68337,
              "Plan Width": 0,
              "Actual Startup Time": 3.588,
              "Actual Total Time": 3.588,
              "Actual Rows": 67377,
              "Actual Loops": 1,
              "Index Cond": "(company_id > 178429)"
            }
          ]
        }
      ]
    },
    "Planning Time": 0.101,
    "Triggers": [],
    "Execution Time": 25.243
  }
]