[
  {
    "Plan": {
      "Node Type": "Aggregate",
      "Strategy": "Plain",
      "Partial Mode": "Finalize",
      "Parallel Aware": false,
      "Startup Cost": 273683.44,
      "Total Cost": 273683.45,
      "Plan Rows": 1,
      "Plan Width": 8,
      "Actual Startup Time": 95.526,
      "Actual Total Time": 99.919,
      "Actual Rows": 1,
      "Actual Loops": 1,
      "Plans": [
        {
          "Node Type": "Gather",
          "Parent Relationship": "Outer",
          "Parallel Aware": false,
          "Startup Cost": 273682.81,
          "Total Cost": 273683.42,
          "Plan Rows": 6,
          "Plan Width": 8,
          "Actual Startup Time": 95.168,
          "Actual Total Time": 99.912,
          "Actual Rows": 7,
          "Actual Loops": 1,
          "Workers Planned": 6,
          "Workers Launched": 6,
          "Single Copy": false,
          "Plans": [
            {
              "Node Type": "Aggregate",
              "Strategy": "Plain",
              "Partial Mode": "Partial",
              "Parent Relationship": "Outer",
              "Parallel Aware": false,
              "Startup Cost": 272682.81,
              "Total Cost": 272682.82,
              "Plan Rows": 1,
              "Plan Width": 8,
              "Actual Startup Time": 84.149,
              "Actual Total Time": 84.15,
              "Actual Rows": 1,
              "Actual Loops": 7,
              "Plans": [
                {
                  "Node Type": "Bitmap Heap Scan",
                  "Parent Relationship": "Outer",
                  "Parallel Aware": true,
                  "Relation Name": "cast_info",
                  "Alias": "ci",
                  "Startup Cost": 17962.83,
                  "Total Cost": 272343.98,
                  "Plan Rows": 135532,
                  "Plan Width": 0,
                  "Actual Startup Time": 38.286,
                  "Actual Total Time": 75.614,
                  "Actual Rows": 113110,
                  "Actual Loops": 7,
                  "Recheck Cond": "(person_id < 83286)",
                  "Rows Removed by Index Recheck": 0,
                  "Exact Heap Blocks": 2733,
                  "Lossy Heap Blocks": 0,
                  "Plans": [
                    {
                      "Node Type": "Bitmap Index Scan",
                      "Parent Relationship": "Outer",
                      "Parallel Aware": false,
                      "Index Name": "person_id_cast_info",
                      "Startup Cost": 0.0,
                      "Total Cost": 17759.53,
                      "Plan Rows": 813195,
                      "Plan Width": 0,
                      "Actual Startup Time": 47.033,
                      "Actual Total Time": 47.033,
                      "Actual Rows": 791773,
                      "Actual Loops": 1,
                      "Index Cond": "(person_id < 83286)"
                    }
                  ]
                }
              ]
            }
          ]
        }
      ]
    },
    "Planning Time": 0.179,
    "Triggers": [],
    "Execution Time": 99.989
  }
]