[
  {
    "Plan": {
      "Node Type": "Aggregate",
      "Strategy": "Plain",
      "Partial Mode": "Finalize",
      "Parallel Aware": false,
      "Startup Cost": 318574.37,
      "Total Cost": 318574.38,
      "Plan Rows": 1,
      "Plan Width": 8,
      "Actual Startup Time": 250.004,
      "Actual Total Time": 294.763,
      "Actual Rows": 1,
      "Actual Loops": 1,
      "Plans": [
        {
          "Node Type": "Gather",
          "Parent Relationship": "Outer",
          "Parallel Aware": false,
          "Startup Cost": 318573.95,
          "Total Cost": 318574.36,
          "Plan Rows": 4,
          "Plan Width": 8,
          "Actual Startup Time": 249.767,
          "Actual Total Time": 294.755,
          "Actual Rows": 5,
          "Actual Loops": 1,
          "Workers Planned": 4,
          "Workers Launched": 4,
          "Single Copy": false,
          "Plans": [
            {
              "Node Type": "Aggregate",
              "Strategy": "Plain",
              "Partial Mode": "Partial",
              "Parent Relationship": "Outer",
              "Parallel Aware": false,
              "Startup Cost": 317573.95,
              "Total Cost": 317573.96,
              "Plan Rows": 1,
              "Plan Width": 8,
              "Actual Startup Time": 239.909,
              "Actual Total Time": 239.911,
              "Actual Rows": 1,
              "Actual Loops": 5,
              "Plans": [
                {
                  "Node Type": "Nested Loop",
                  "Parent Relationship": "Outer",
                  "Parallel Aware": false,
                  "Join Type": "Inner",
                  "Startup Cost": 0.56,
                  "Total Cost": 317445.5,
                  "Plan Rows": 51380,
                  "Plan Width": 0,
                  "Actual Startup Time": 0.791,
                  "Actual Total Time": 236.071,
                  "Actual Rows": 43472,
                  "Actual Loops": 5,
                  "Inner Unique": false,
                  "Plans": [
                    {
                      "Node Type": "Seq Scan",
                      "Parent Relationship": "Outer",
                      "Parallel Aware": true,
                      "Relation Name": "title",
                      "Alias": "t",
                      "Startup Cost": 0.0,
                      "Total Cost": 45479.1,
                      "Plan Rows": 3586,
                      "Plan Width": 4,
                      "Actual Startup Time": 0.475,
                      "Actual Total Time": 68.824,
                      "Actual Rows": 2442,
                      "Actual Loops": 5,
                      "Filter": "((kind_id < 7) AND (production_year = 1996))",
                      "Rows Removed by Filter": 503221
                    },
                    {
                      "Node Type": "Index Only Scan",
                      "Parent Relationship": "Inner",
                      "Parallel Aware": false,
                      "Scan Direction": "Forward",
                      "Index Name": "movie_id_cast_info",
                      "Relation Name": "cast_info",
                      "Alias": "ci",
                      "Startup Cost": 0.56,
                      "Total Cost": 75.47,
                      "Plan Rows": 37,
                      "Plan Width": 4,
                      "Actual Startup Time": 0.012,
                      "Actual Total Time": 0.066,
                      "Actual Rows": 18,
                      "Actual Loops": 12208,
                      "Index Cond": "(movie_id = t.id)",
                      "Rows Removed by Index Recheck": 0,
                      "Heap Fetches": 217360
                    }
                  ]
                }
              ]
            }
          ]
        }
      ]
    },
    "Planning Time": 0.593,
    "Triggers": [],
    "Execution Time": 294.845
  }
]