[
  {
    "Plan": {
      "Node Type": "Aggregate",
      "Strategy": "Plain",
      "Partial Mode": "Finalize",
      "Parallel Aware": false,
      "Startup Cost": 30950.32,
      "Total Cost": 30950.33,
      "Plan Rows": 1,
      "Plan Width": 8,
      "Actual Startup Time": 89.593,
      "Actual Total Time": 97.245,
      "Actual Rows": 1,
      "Actual Loops": 1,
      "Plans": [
        {
          "Node Type": "Gather",
          "Parent Relationship": "Outer",
          "Parallel Aware": false,
          "Startup Cost": 30950.0,
          "Total Cost": 30950.31,
          "Plan Rows": 3,
          "Plan Width": 8,
          "Actual Startup Time": 89.409,
          "Actual Total Time": 97.169,
          "Actual Rows": 4,
          "Actual Loops": 1,
          "Workers Planned": 3,
          "Workers Launched": 3,
          "Single Copy": false,
          "Plans": [
            {
              "Node Type": "Aggregate",
              "Strategy": "Plain",
              "Partial Mode": "Partial",
              "Parent Relationship": "Outer",
              "Parallel Aware": false,
              "Startup Cost": 29950.0,
              "Total Cost": 29950.01,
              "Plan Rows": 1,
              "Plan Width": 8,
              "Actual Startup Time": 83.771,
              "Actual Total Time": 83.772,
              "Actual Rows": 1,
              "Actual Loops": 4,
              "Plans": [
                {
                  "Node Type": "Seq Scan",
                  "Parent Relationship": "Outer",
                  "Parallel Aware": true,
                  "Relation Name": "movie_companies",
                  "Alias": "mc",
                  "Startup Cost": 0.0,
                  "Total Cost": 29310.68,
                  "Plan Rows": 255728,
                  "Plan Width": 0,
                  "Actual Startup Time": 0.034,
                  "Actual Total Time": 71.594,
                  "Actual Rows": 195302,
                  "Actual Loops": 4,
                  "Filter": "(company_id < 1693)",
                  "Rows Removed by Filter": 456980
                }
              ]
            }
          ]
        }
      ]
    },
    "Planning Time": 0.159,
    "Triggers": [],
    "Execution Time": 97.292
  }
]