[
  {
    "Plan": {
      "Node Type": "Aggregate",
      "Strategy": "Plain",
      "Partial Mode": "Finalize",
      "Parallel Aware": false,
      "Startup Cost": 340624.29,
      "Total Cost": 340624.3,
      "Plan Rows": 1,
      "Plan Width": 8,
      "Actual Startup Time": 996.835,
      "Actual Total Time": 1047.925,
      "Actual Rows": 1,
      "Actual Loops": 1,
      "Plans": [
        {
          "Node Type": "Gather",
          "Parent Relationship": "Outer",
          "Parallel Aware": false,
          "Startup Cost": 340623.66,
          "Total Cost": 340624.27,
          "Plan Rows": 6,
          "Plan Width": 8,
          "Actual Startup Time": 996.639,
          "Actual Total Time": 1047.913,
          "Actual Rows": 7,
          "Actual Loops": 1,
          "Workers Planned": 6,
          "Workers Launched": 6,
          "Single Copy": false,
          "Plans": [
            {
              "Node Type": "Aggregate",
              "Strategy": "Plain",
              "Partial Mode": "Partial",
              "Parent Relationship": "Outer",
              "Parallel Aware": false,
              "Startup Cost": 339623.66,
              "Total Cost": 339623.67,
              "Plan Rows": 1,
              "Plan Width": 8,
              "Actual Startup Time": 988.441,
              "Actual Total Time": 988.444,
              "Actual Rows": 1,
              "Actual Loops": 7,
              "Plans": [
                {
                  "Node Type": "Seq Scan",
                  "Parent Relationship": "Outer",
                  "Parallel Aware": true,
                  "Relation Name": "cast_info",
                  "Alias": "ci",
                  "Startup Cost": 0.0,
                  "Total Cost": 328211.39,
                  "Plan Rows": 4564909,
                  "Plan Width": 0,
                  "Actual Startup Time": 119.856,
                  "Actual Total Time": 747.497,
                  "Actual Rows": 3906299,
                  "Actual Loops": 7,
                  "Filter": "(person_id > 875972)",
                  "Rows Removed by Filter": 1271465
                }
              ]
            }
          ]
        }
      ]
    },
    "Planning Time": 0.166,
    "Triggers": [],
    "Execution Time": 1047.994
  }
]