[
  {
    "Plan": {
      "Node Type": "Aggregate",
      "Strategy": "Plain",
      "Partial Mode": "Finalize",
      "Parallel Aware": false,
      "Startup Cost": 27342.5,
      "Total Cost": 27342.51,
      "Plan Rows": 1,
      "Plan Width": 8,
      "Actual Startup Time": 44.459,
      "Actual Total Time": 49.48,
      "Actual Rows": 1,
      "Actual Loops": 1,
      "Plans": [
        {
          "Node Type": "Gather",
          "Parent Relationship": "Outer",
          "Parallel Aware": false,
          "Startup Cost": 27342.08,
          "Total Cost": 27342.49,
          "Plan Rows": 4,
          "Plan Width": 8,
          "Actual Startup Time": 44.278,
          "Actual Total Time": 49.468,
          "Actual Rows": 5,
          "Actual Loops": 1,
          "Workers Planned": 4,
          "Workers Launched": 4,
          "Single Copy": false,
          "Plans": [
            {
              "Node Type": "Aggregate",
              "Strategy": "Plain",
              "Partial Mode": "Partial",
              "Parent Relationship": "Outer",
              "Parallel Aware": false,
              "Startup Cost": 26342.08,
              "Total Cost": 26342.09,
              "Plan Rows": 1,
              "Plan Width": 8,
              "Actual Startup Time": 39.611,
              "Actual Total Time": 39.611,
              "Actual Rows": 1,
              "Actual Loops": 5,
              "Plans": [
                {
                  "Node Type": "Index Scan",
                  "Parent Relationship": "Outer",
                  "Parallel Aware": true,
                  "Scan Direction": "Forward",
                  "Index Name": "role_id_cast_info",
                  "Relation Name": "cast_info",
                  "Alias": "ci",
                  "Startup Cost": 0.56,
                  "Total Cost": 26337.94,
                  "Plan Rows": 1654,
                  "Plan Width": 0,
                  "Actual Startup Time": 30.83,
                  "Actual Total Time": 39.549,
                  "Actual Rows": 760,
                  "Actual Loops": 5,
                  "Index Cond": "(role_id = 5)",
                  "Rows Removed by Index Recheck": 0,
                  "Filter": "(person_id < 31027)",
                  "Rows Removed by Filter": 178917
                }
              ]
            }
          ]
        }
      ]
    },
    "Planning Time": 0.166,
    "Triggers": [],
    "Execution Time": 49.514
  }
]