[
  {
    "Plan": {
      "Node Type": "Aggregate",
      "Strategy": "Plain",
      "Partial Mode": "Finalize",
      "Parallel Aware": false,
      "Startup Cost": 45855.7,
      "Total Cost": 45855.71,
      "Plan Rows": 1,
      "Plan Width": 8,
      "Actual Startup Time": 153.545,
      "Actual Total Time": 163.941,
      "Actual Rows": 1,
      "Actual Loops": 1,
      "Plans": [
        {
          "Node Type": "Gather",
          "Parent Relationship": "Outer",
          "Parallel Aware": false,
          "Startup Cost": 45855.38,
          "Total Cost": 45855.69,
          "Plan Rows": 3,
          "Plan Width": 8,
          "Actual Startup Time": 153.407,
          "Actual Total Time": 163.93,
          "Actual Rows": 4,
          "Actual Loops": 1,
          "Workers Planned": 3,
          "Workers Launched": 3,
          "Single Copy": false,
          "Plans": [
            {
              "Node Type": "Aggregate",
              "Strategy": "Plain",
              "Partial Mode": "Partial",
              "Parent Relationship": "Outer",
              "Parallel Aware": false,
              "Startup Cost": 44855.38,
              "Total Cost": 44855.39,
              "Plan Rows": 1,
              "Plan Width": 8,
              "Actual Startup Time": 148.508,
              "Actual Total Time": 148.509,
              "Actual Rows": 1,
              "Actual Loops": 4,
              "Plans": [
                {
                  "Node Type": "Seq Scan",
                  "Parent Relationship": "Outer",
                  "Parallel Aware": true,
                  "Relation Name": "movie_keyword",
                  "Alias": "mk",
                  "Startup Cost": 0.0,
                  "Total Cost": 42695.65,
                  "Plan Rows": 863892,
                  "Plan Width": 0,
                  "Actual Startup Time": 0.28,
                  "Actual Total Time": 117.617,
                  "Actual Rows": 669214,
                  "Actual Loops": 4,
                  "Filter": "(keyword_id > 3068)",
                  "Rows Removed by Filter": 461769
                }
              ]
            }
          ]
        }
      ]
    },
    "Planning Time": 0.128,
    "Triggers": [],
    "Execution Time": 163.998
  }
]