{
  "Plan": {
    "Node Type": "Aggregate",
    "Strategy": "Plain",
    "Partial Mode": "Finalize",
    "Parallel Aware": false,
    "Startup Cost": 119759.87,
    "Total Cost": 119759.88,
    "Plan Rows": 1,
    "Plan Width": 8,
    "Actual Startup Time": 500.611,
    "Actual Total Time": 510.054,
    "Actual Rows": 1,
    "Actual Loops": 1,
    "Plans": [
      {
        "Node Type": "Gather",
        "Parent Relationship": "Outer",
        "Parallel Aware": false,
        "Startup Cost": 119759.76,
        "Total Cost": 119759.87,
        "Plan Rows": 1,
        "Plan Width": 8,
        "Actual Startup Time": 500.0,
        "Actual Total Time": 510.048,
        "Actual Rows": 2,
        "Actual Loops": 1,
        "Workers Planned": 1,
        "Workers Launched": 1,
        "Single Copy": false,
        "Plans": [
          {
            "Node Type": "Aggregate",
            "Strategy": "Plain",
            "Partial Mode": "Partial",
            "Parent Relationship": "Outer",
            "Parallel Aware": false,
            "Startup Cost": 118759.76,
            "Total Cost": 118759.76,
            "Plan Rows": 1,
            "Plan Width": 8,
            "Actual Startup Time": 496.68,
            "Actual Total Time": 496.684,
            "Actual Rows": 1,
            "Actual Loops": 2,
            "Plans": [
              {
                "Node Type": "Hash Join",
                "Parent Relationship": "Outer",
                "Parallel Aware": true,
                "Join Type": "Inner",
                "Startup Cost": 57504.2,
                "Total Cost": 118195.43,
                "Plan Rows": 225728,
                "Plan Width": 0,
                "Actual Startup Time": 211.862,
                "Actual Total Time": 473.856,
                "Actual Rows": 552770,
                "Actual Loops": 2,
                "Inner Unique": true,
                "Hash Cond": "(mk.movie_id = t.id)",
                "Plans": [
                  {
                    "Node Type": "Seq Scan",
                    "Parent Relationship": "Outer",
                    "Parallel Aware": true,
                    "Relation Name": "movie_keyword",
                    "Alias": "mk",
                    "Startup Cost": 0.0,
                    "Total Cost": 57718.19,
                    "Plan Rows": 1132590,
                    "Plan Width": 4,
                    "Actual Startup Time": 0.601,
                    "Actual Total Time": 173.387,
                    "Actual Rows": 964986,
                    "Actual Loops": 2,
                    "Filter": "(keyword_id > 6927)",
                    "Rows Removed by Filter": 1296978
                  },
                  {
                    "Node Type": "Hash",
                    "Parent Relationship": "Inner",
                    "Parallel Aware": true,
                    "Startup Cost": 53799.08,
                    "Total Cost": 53799.08,
                    "Plan Rows": 296409,
                    "Plan Width": 4,
                    "Actual Startup Time": 158.073,
                    "Actual Total Time": 158.074,
                    "Actual Rows": 262064,
                    "Actual Loops": 2,
                    "Hash Buckets": 524288,
                    "Original Hash Buckets": 524288,
                    "Hash Batches": 1,
                    "Original Hash Batches": 1,
                    "Peak Memory Usage": 24640,
                    "Plans": [
                      {
                        "Node Type": "Bitmap Heap Scan",
                        "Parent Relationship": "Outer",
                        "Parallel Aware": true,
                        "Relation Name": "title",
                        "Alias": "t",
                        "Startup Cost": 11948.82,
                        "Total Cost": 53799.08,
                        "Plan Rows": 296409,
                        "Plan Width": 4,
                        "Actual Startup Time": 35.205,
                        "Actual Total Time": 103.319,
                        "Actual Rows": 262064,
                        "Actual Loops": 2,
                        "Recheck Cond": "(kind_id = 1)",
                        "Rows Removed by Index Recheck": 0,
                        "Filter": "(production_year < 2010)",
                        "Rows Removed by Filter": 69348,
                        "Exact Heap Blocks": 7599,
                        "Lossy Heap Blocks": 0,
                        "Plans": [
                          {
                            "Node Type": "Bitmap Index Scan",
                            "Parent Relationship": "Outer",
                            "Parallel Aware": false,
                            "Index Name": "kind_id_title",
                            "Startup Cost": 0.0,
                            "Total Cost": 11822.85,
                            "Plan Rows": 663256,
                            "Plan Width": 0,
                            "Actual Startup Time": 31.801,
                            "Actual Total Time": 31.801,
                            "Actual Rows": 662825,
                            "Actual Loops": 1,
                            "Index Cond": "(kind_id = 1)"
                          }
                        ]
                      }
                    ]
                  }
                ]
              }
            ]
          }
        ]
      }
    ]
  },
  "Planning Time": 0.383,
  "Triggers": [],
  "Execution Time": 510.109
}