{
    "Plan": {
        "Node Type": "Aggregate",
        "Strategy": "Plain",
        "Partial Mode": "Finalize",
        "Parallel Aware": false,
        "Startup Cost": 252599.95,
        "Total Cost": 252599.96,
        "Plan Rows": 1,
        "Plan Width": 8,
        "Actual Startup Time": 597.558,
        "Actual Total Time": 628.391,
        "Actual Rows": 1,
        "Actual Loops": 1,
        "Output": [
            "count(*)"
        ],
        "Plans": [
            {
                "Node Type": "Gather",
                "Parent Relationship": "Outer",
                "Parallel Aware": false,
                "Startup Cost": 252599.33,
                "Total Cost": 252599.94,
                "Plan Rows": 6,
                "Plan Width": 8,
                "Actual Startup Time": 593.662,
                "Actual Total Time": 628.378,
                "Actual Rows": 7,
                "Actual Loops": 1,
                "Output": [
                    "(PARTIAL count(*))"
                ],
                "Workers Planned": 6,
                "Workers Launched": 6,
                "Single Copy": false,
                "Plans": [
                    {
                        "Node Type": "Aggregate",
                        "Strategy": "Plain",
                        "Partial Mode": "Partial",
                        "Parent Relationship": "Outer",
                        "Parallel Aware": false,
                        "Startup Cost": 251599.33,
                        "Total Cost": 251599.34,
                        "Plan Rows": 1,
                        "Plan Width": 8,
                        "Actual Startup Time": 582.663,
                        "Actual Total Time": 582.666,
                        "Actual Rows": 1,
                        "Actual Loops": 7,
                        "Output": [
                            "PARTIAL count(*)"
                        ],
                        "Workers": [
                            {
                                "Worker Number": 0,
                                "Actual Startup Time": 580.066,
                                "Actual Total Time": 580.069,
                                "Actual Rows": 1,
                                "Actual Loops": 1
                            },
                            {
                                "Worker Number": 1,
                                "Actual Startup Time": 580.638,
                                "Actual Total Time": 580.641,
                                "Actual Rows": 1,
                                "Actual Loops": 1
                            },
                            {
                                "Worker Number": 2,
                                "Actual Startup Time": 580.357,
                                "Actual Total Time": 580.36,
                                "Actual Rows": 1,
                                "Actual Loops": 1
                            },
                            {
                                "Worker Number": 3,
                                "Actual Startup Time": 581.504,
                                "Actual Total Time": 581.505,
                                "Actual Rows": 1,
                                "Actual Loops": 1
                            },
                            {
                                "Worker Number": 4,
                                "Actual Startup Time": 581.642,
                                "Actual Total Time": 581.646,
                                "Actual Rows": 1,
                                "Actual Loops": 1
                            },
                            {
                                "Worker Number": 5,
                                "Actual Startup Time": 581.701,
                                "Actual Total Time": 581.703,
                                "Actual Rows": 1,
                                "Actual Loops": 1
                            }
                        ],
                        "Plans": [
                            {
                                "Node Type": "Hash Join",
                                "Parent Relationship": "Outer",
                                "Parallel Aware": true,
                                "Join Type": "Inner",
                                "Startup Cost": 46488.62,
                                "Total Cost": 251194.16,
                                "Plan Rows": 162066,
                                "Plan Width": 0,
                                "Actual Startup Time": 99.01,
                                "Actual Total Time": 572.336,
                                "Actual Rows": 197820,
                                "Actual Loops": 7,
                                "Inner Unique": true,
                                "Hash Cond": "(ci.movie_id = t.id)",
                                "Workers": [
                                    {
                                        "Worker Number": 0,
                                        "Actual Startup Time": 97.462,
                                        "Actual Total Time": 569.183,
                                        "Actual Rows": 156916,
                                        "Actual Loops": 1
                                    },
                                    {
                                        "Worker Number": 1,
                                        "Actual Startup Time": 96.591,
                                        "Actual Total Time": 569.664,
                                        "Actual Rows": 157878,
                                        "Actual Loops": 1
                                    },
                                    {
                                        "Worker Number": 2,
                                        "Actual Startup Time": 96.579,
                                        "Actual Total Time": 571.229,
                                        "Actual Rows": 208463,
                                        "Actual Loops": 1
                                    },
                                    {
                                        "Worker Number": 3,
                                        "Actual Startup Time": 97.788,
                                        "Actual Total Time": 571.403,
                                        "Actual Rows": 231830,
                                        "Actual Loops": 1
                                    },
                                    {
                                        "Worker Number": 4,
                                        "Actual Startup Time": 98.212,
                                        "Actual Total Time": 571.187,
                                        "Actual Rows": 150887,
                                        "Actual Loops": 1
                                    },
                                    {
                                        "Worker Number": 5,
                                        "Actual Startup Time": 97.711,
                                        "Actual Total Time": 571.634,
                                        "Actual Rows": 229630,
                                        "Actual Loops": 1
                                    }
                                ],
                                "Plans": [
                                    {
                                        "Node Type": "Index Scan",
                                        "Parent Relationship": "Outer",
                                        "Parallel Aware": true,
                                        "Scan Direction": "Forward",
                                        "Index Name": "role_id_cast_info",
                                        "Relation Name": "cast_info",
                                        "Schema": "public",
                                        "Alias": "ci",
                                        "Startup Cost": 0.56,
                                        "Total Cost": 201374.32,
                                        "Plan Rows": 1269250,
                                        "Plan Width": 4,
                                        "Actual Startup Time": 0.21,
                                        "Actual Total Time": 242.497,
                                        "Actual Rows": 1101806,
                                        "Actual Loops": 7,
                                        "Output": [
                                            "ci.id",
                                            "ci.person_id",
                                            "ci.movie_id",
                                            "ci.person_role_id",
                                            "ci.note",
                                            "ci.nr_order",
                                            "ci.role_id"
                                        ],
                                        "Index Cond": "(ci.role_id > 6)",
                                        "Rows Removed by Index Recheck": 0,
                                        "Workers": [
                                            {
                                                "Worker Number": 0,
                                                "Actual Startup Time": 0.249,
                                                "Actual Total Time": 248.443,
                                                "Actual Rows": 862308,
                                                "Actual Loops": 1
                                            },
                                            {
                                                "Worker Number": 1,
                                                "Actual Startup Time": 0.353,
                                                "Actual Total Time": 249.313,
                                                "Actual Rows": 869064,
                                                "Actual Loops": 1
                                            },
                                            {
                                                "Worker Number": 2,
                                                "Actual Startup Time": 0.14,
                                                "Actual Total Time": 242.46,
                                                "Actual Rows": 1177038,
                                                "Actual Loops": 1
                                            },
                                            {
                                                "Worker Number": 3,
                                                "Actual Startup Time": 0.249,
                                                "Actual Total Time": 247.327,
                                                "Actual Rows": 1274060,
                                                "Actual Loops": 1
                                            },
                                            {
                                                "Worker Number": 4,
                                                "Actual Startup Time": 0.3,
                                                "Actual Total Time": 250.463,
                                                "Actual Rows": 871670,
                                                "Actual Loops": 1
                                            },
                                            {
                                                "Worker Number": 5,
                                                "Actual Startup Time": 0.126,
                                                "Actual Total Time": 247.12,
                                                "Actual Rows": 1269858,
                                                "Actual Loops": 1
                                            }
                                        ]
                                    },
                                    {
                                        "Node Type": "Hash",
                                        "Parent Relationship": "Inner",
                                        "Parallel Aware": true,
                                        "Startup Cost": 45479.21,
                                        "Total Cost": 45479.21,
                                        "Plan Rows": 80708,
                                        "Plan Width": 4,
                                        "Actual Startup Time": 95.98,
                                        "Actual Total Time": 95.981,
                                        "Actual Rows": 49933,
                                        "Actual Loops": 7,
                                        "Output": [
                                            "t.id"
                                        ],
                                        "Hash Buckets": 524288,
                                        "Original Hash Buckets": 524288,
                                        "Hash Batches": 1,
                                        "Original Hash Batches": 1,
                                        "Peak Memory Usage": 17824,
                                        "Workers": [
                                            {
                                                "Worker Number": 0,
                                                "Actual Startup Time": 95.269,
                                                "Actual Total Time": 95.27,
                                                "Actual Rows": 40683,
                                                "Actual Loops": 1
                                            },
                                            {
                                                "Worker Number": 1,
                                                "Actual Startup Time": 95.514,
                                                "Actual Total Time": 95.515,
                                                "Actual Rows": 41361,
                                                "Actual Loops": 1
                                            },
                                            {
                                                "Worker Number": 2,
                                                "Actual Startup Time": 95.721,
                                                "Actual Total Time": 95.722,
                                                "Actual Rows": 48235,
                                                "Actual Loops": 1
                                            },
                                            {
                                                "Worker Number": 3,
                                                "Actual Startup Time": 96.794,
                                                "Actual Total Time": 96.795,
                                                "Actual Rows": 51361,
                                                "Actual Loops": 1
                                            },
                                            {
                                                "Worker Number": 4,
                                                "Actual Startup Time": 96.905,
                                                "Actual Total Time": 96.906,
                                                "Actual Rows": 39769,
                                                "Actual Loops": 1
                                            },
                                            {
                                                "Worker Number": 5,
                                                "Actual Startup Time": 96.928,
                                                "Actual Total Time": 96.929,
                                                "Actual Rows": 51318,
                                                "Actual Loops": 1
                                            }
                                        ],
                                        "Plans": [
                                            {
                                                "Node Type": "Seq Scan",
                                                "Parent Relationship": "Outer",
                                                "Parallel Aware": true,
                                                "Relation Name": "title",
                                                "Schema": "public",
                                                "Alias": "t",
                                                "Startup Cost": 0.0,
                                                "Total Cost": 45479.21,
                                                "Plan Rows": 80708,
                                                "Plan Width": 4,
                                                "Actual Startup Time": 0.074,
                                                "Actual Total Time": 73.546,
                                                "Actual Rows": 49933,
                                                "Actual Loops": 7,
                                                "Output": [
                                                    "t.id"
                                                ],
                                                "Filter": "((t.production_year > 2009) AND (t.kind_id = 7))",
                                                "Rows Removed by Filter": 311254,
                                                "Workers": [
                                                    {
                                                        "Worker Number": 0,
                                                        "Actual Startup Time": 0.087,
                                                        "Actual Total Time": 74.252,
                                                        "Actual Rows": 40683,
                                                        "Actual Loops": 1
                                                    },
                                                    {
                                                        "Worker Number": 1,
                                                        "Actual Startup Time": 0.075,
                                                        "Actual Total Time": 74.911,
                                                        "Actual Rows": 41361,
                                                        "Actual Loops": 1
                                                    },
                                                    {
                                                        "Worker Number": 2,
                                                        "Actual Startup Time": 0.076,
                                                        "Actual Total Time": 73.373,
                                                        "Actual Rows": 48235,
                                                        "Actual Loops": 1
                                                    },
                                                    {
                                                        "Worker Number": 3,
                                                        "Actual Startup Time": 0.083,
                                                        "Actual Total Time": 74.062,
                                                        "Actual Rows": 51361,
                                                        "Actual Loops": 1
                                                    },
                                                    {
                                                        "Worker Number": 4,
                                                        "Actual Startup Time": 0.084,
                                                        "Actual Total Time": 74.705,
                                                        "Actual Rows": 39769,
                                                        "Actual Loops": 1
                                                    },
                                                    {
                                                        "Worker Number": 5,
                                                        "Actual Startup Time": 0.087,
                                                        "Actual Total Time": 74.336,
                                                        "Actual Rows": 51318,
                                                        "Actual Loops": 1
                                                    }
                                                ]
                                            }
                                        ]
                                    }
                                ]
                            }
                        ]
                    }
                ]
            }
        ]
    },
    "Planning Time": 0.757,
    "Triggers": [],
    "Execution Time": 628.488
}