{
    "Plan": {
        "Node Type": "Aggregate",
        "Strategy": "Plain",
        "Partial Mode": "Simple",
        "Parallel Aware": false,
        "Startup Cost": 69649.18,
        "Total Cost": 69649.19,
        "Plan Rows": 1,
        "Plan Width": 8,
        "Actual Startup Time": 121.364,
        "Actual Total Time": 121.366,
        "Actual Rows": 1,
        "Actual Loops": 1,
        "Output": [
            "count(*)"
        ],
        "Plans": [
            {
                "Node Type": "Nested Loop",
                "Parent Relationship": "Outer",
                "Parallel Aware": false,
                "Join Type": "Inner",
                "Startup Cost": 1.3,
                "Total Cost": 69635.44,
                "Plan Rows": 5497,
                "Plan Width": 0,
                "Actual Startup Time": 1.186,
                "Actual Total Time": 114.683,
                "Actual Rows": 130409,
                "Actual Loops": 1,
                "Inner Unique": false,
                "Plans": [
                    {
                        "Node Type": "Nested Loop",
                        "Parent Relationship": "Outer",
                        "Parallel Aware": false,
                        "Join Type": "Inner",
                        "Startup Cost": 0.86,
                        "Total Cost": 60480.63,
                        "Plan Rows": 5434,
                        "Plan Width": 8,
                        "Actual Startup Time": 0.219,
                        "Actual Total Time": 33.701,
                        "Actual Rows": 5162,
                        "Actual Loops": 1,
                        "Output": [
                            "t.id",
                            "mi.movie_id"
                        ],
                        "Inner Unique": true,
                        "Plans": [
                            {
                                "Node Type": "Index Scan",
                                "Parent Relationship": "Outer",
                                "Parallel Aware": false,
                                "Scan Direction": "Forward",
                                "Index Name": "info_type_id_movie_info",
                                "Relation Name": "movie_info",
                                "Schema": "public",
                                "Alias": "mi",
                                "Startup Cost": 0.43,
                                "Total Cost": 21136.92,
                                "Plan Rows": 5434,
                                "Plan Width": 4,
                                "Actual Startup Time": 0.189,
                                "Actual Total Time": 5.237,
                                "Actual Rows": 5162,
                                "Actual Loops": 1,
                                "Output": [
                                    "mi.id",
                                    "mi.movie_id",
                                    "mi.info_type_id",
                                    "mi.info",
                                    "mi.note"
                                ],
                                "Index Cond": "(mi.info_type_id = 92)",
                                "Rows Removed by Index Recheck": 0
                            },
                            {
                                "Node Type": "Index Only Scan",
                                "Parent Relationship": "Inner",
                                "Parallel Aware": false,
                                "Scan Direction": "Forward",
                                "Index Name": "title_pkey",
                                "Relation Name": "title",
                                "Schema": "public",
                                "Alias": "t",
                                "Startup Cost": 0.43,
                                "Total Cost": 7.24,
                                "Plan Rows": 1,
                                "Plan Width": 4,
                                "Actual Startup Time": 0.005,
                                "Actual Total Time": 0.005,
                                "Actual Rows": 1,
                                "Actual Loops": 5162,
                                "Output": [
                                    "t.id"
                                ],
                                "Index Cond": "(t.id = mi.movie_id)",
                                "Rows Removed by Index Recheck": 0,
                                "Heap Fetches": 5162
                            }
                        ]
                    },
                    {
                        "Node Type": "Index Scan",
                        "Parent Relationship": "Inner",
                        "Parallel Aware": false,
                        "Scan Direction": "Forward",
                        "Index Name": "movie_id_movie_keyword",
                        "Relation Name": "movie_keyword",
                        "Schema": "public",
                        "Alias": "mk",
                        "Startup Cost": 0.43,
                        "Total Cost": 1.42,
                        "Plan Rows": 26,
                        "Plan Width": 4,
                        "Actual Startup Time": 0.007,
                        "Actual Total Time": 0.013,
                        "Actual Rows": 25,
                        "Actual Loops": 5162,
                        "Output": [
                            "mk.id",
                            "mk.movie_id",
                            "mk.keyword_id"
                        ],
                        "Index Cond": "(mk.movie_id = t.id)",
                        "Rows Removed by Index Recheck": 0,
                        "Filter": "(mk.keyword_id > 3430)",
                        "Rows Removed by Filter": 15
                    }
                ]
            }
        ]
    },
    "Planning Time": 1.618,
    "Triggers": [],
    "Execution Time": 121.459
}