[
  {
    "Plan": {
      "Node Type": "Aggregate",
      "Strategy": "Plain",
      "Partial Mode": "Finalize",
      "Parallel Aware": false,
      "Startup Cost": 427367.18,
      "Total Cost": 427367.19,
      "Plan Rows": 1,
      "Plan Width": 8,
      "Actual Startup Time": 1895.978,
      "Actual Total Time": 1967.334,
      "Actual Rows": 1,
      "Actual Loops": 1,
      "Plans": [
        {
          "Node Type": "Gather",
          "Parent Relationship": "Outer",
          "Parallel Aware": false,
          "Startup Cost": 427366.55,
          "Total Cost": 427367.16,
          "Plan Rows": 6,
          "Plan Width": 8,
          "Actual Startup Time": 1887.157,
          "Actual Total Time": 1967.322,
          "Actual Rows": 7,
          "Actual Loops": 1,
          "Workers Planned": 6,
          "Workers Launched": 6,
          "Single Copy": false,
          "Plans": [
            {
              "Node Type": "Aggregate",
              "Strategy": "Plain",
              "Partial Mode": "Partial",
              "Parent Relationship": "Outer",
              "Parallel Aware": false,
              "Startup Cost": 426366.55,
              "Total Cost": 426366.56,
              "Plan Rows": 1,
              "Plan Width": 8,
              "Actual Startup Time": 1875.441,
              "Actual Total Time": 1875.573,
              "Actual Rows": 1,
              "Actual Loops": 7,
              "Plans": [
                {
                  "Node Type": "Hash Join",
                  "Parent Relationship": "Outer",
                  "Parallel Aware": true,
                  "Join Type": "Inner",
                  "Startup Cost": 82267.53,
                  "Total Cost": 422703.54,
                  "Plan Rows": 1465206,
                  "Plan Width": 0,
                  "Actual Startup Time": 326.844,
                  "Actual Total Time": 1829.616,
                  "Actual Rows": 828736,
                  "Actual Loops": 7,
                  "Inner Unique": false,
                  "Hash Cond": "(ci.movie_id = t.id)",
                  "Plans": [
                    {
                      "Node Type": "Seq Scan",
                      "Parent Relationship": "Outer",
                      "Parallel Aware": true,
                      "Relation Name": "cast_info",
                      "Alias": "ci",
                      "Startup Cost": 0.0,
                      "Total Cost": 313067.02,
                      "Plan Rows": 6038002,
                      "Plan Width": 4,
                      "Actual Startup Time": 0.028,
                      "Actual Total Time": 612.316,
                      "Actual Rows": 5177763,
                      "Actual Loops": 7
                    },
                    {
                      "Node Type": "Hash",
                      "Parent Relationship": "Inner",
                      "Parallel Aware": true,
                      "Startup Cost": 79793.63,
                      "Total Cost": 79793.63,
                      "Plan Rows": 197912,
                      "Plan Width": 8,
                      "Actual Startup Time": 323.371,
                      "Actual Total Time": 323.502,
                      "Actual Rows": 37042,
                      "Actual Loops": 7,
                      "Hash Buckets": 1048576,
                      "Original Hash Buckets": 1048576,
                      "Hash Batches": 1,
                      "Original Hash Batches": 1,
                      "Peak Memory Usage": 18432,
                      "Plans": [
                        {
                          "Node Type": "Hash Join",
                          "Parent Relationship": "Outer",
                          "Parallel Aware": true,
                          "Join Type": "Inner",
                          "Startup Cost": 49449.0,
                          "Total Cost": 79793.63,
                          "Plan Rows": 197912,
                          "Plan Width": 8,
                          "Actual Startup Time": 195.51,
                          "Actual Total Time": 296.67,
                          "Actual Rows": 37042,
                          "Actual Loops": 7,
                          "Inner Unique": true,
                          "Hash Cond": "(mc.movie_id = t.id)",
                          "Plans": [
                            {
                              "Node Type": "Seq Scan",
                              "Parent Relationship": "Outer",
                              "Parallel Aware": true,
                              "Relation Name": "movie_companies",
                              "Alias": "mc",
                              "Startup Cost": 0.0,
                              "Total Cost": 29310.68,
                              "Plan Rows": 393885,
                              "Plan Width": 4,
                              "Actual Startup Time": 7.385,
                              "Actual Total Time": 52.302,
                              "Actual Rows": 174801,
                              "Actual Loops": 7,
                              "Filter": "(company_id > 11971)",
                              "Rows Removed by Filter": 197932
                            },
                            {
                              "Node Type": "Hash",
                              "Parent Relationship": "Inner",
                              "Parallel Aware": true,
                              "Startup Cost": 45479.1,
                              "Total Cost": 45479.1,
                              "Plan Rows": 317592,
                              "Plan Width": 4,
                              "Actual Startup Time": 185.343,
                              "Actual Total Time": 185.344,
                              "Actual Rows": 176685,
                              "Actual Loops": 7,
                              "Hash Buckets": 2097152,
                              "Original Hash Buckets": 2097152,
                              "Hash Batches": 1,
                              "Original Hash Batches": 1,
                              "Peak Memory Usage": 64896,
                              "Plans": [
                                {
                                  "Node Type": "Seq Scan",
                                  "Parent Relationship": "Outer",
                                  "Parallel Aware": true,
                                  "Relation Name": "title",
                                  "Alias": "t",
                                  "Startup Cost": 0.0,
                                  "Total Cost": 45479.1,
                                  "Plan Rows": 317592,
                                  "Plan Width": 4,
                                  "Actual Startup Time": 0.05,
                                  "Actual Total Time": 85.26,
                                  "Actual Rows": 176685,
                                  "Actual Loops": 7,
                                  "Filter": "((kind_id > 3) AND (production_year < 2010))",
                                  "Rows Removed by Filter": 184502
                                }
                              ]
                            }
                          ]
                        }
                      ]
                    }
                  ]
                }
              ]
            }
          ]
        }
      ]
    },
    "Planning Time": 1.441,
    "Triggers": [],
    "Execution Time": 1967.449
  }
]