{
  "Plan": {
    "Node Type": "Aggregate",
    "Strategy": "Plain",
    "Partial Mode": "Finalize",
    "Parallel Aware": false,
    "Startup Cost": 130092.62,
    "Total Cost": 130092.63,
    "Plan Rows": 1,
    "Plan Width": 8,
    "Actual Startup Time": 836.564,
    "Actual Total Time": 856.418,
    "Actual Rows": 1,
    "Actual Loops": 1,
    "Plans": [
      {
        "Node Type": "Gather",
        "Parent Relationship": "Outer",
        "Parallel Aware": false,
        "Startup Cost": 130092.51,
        "Total Cost": 130092.62,
        "Plan Rows": 1,
        "Plan Width": 8,
        "Actual Startup Time": 833.978,
        "Actual Total Time": 856.411,
        "Actual Rows": 2,
        "Actual Loops": 1,
        "Workers Planned": 1,
        "Workers Launched": 1,
        "Single Copy": false,
        "Plans": [
          {
            "Node Type": "Aggregate",
            "Strategy": "Plain",
            "Partial Mode": "Partial",
            "Parent Relationship": "Outer",
            "Parallel Aware": false,
            "Startup Cost": 129092.51,
            "Total Cost": 129092.52,
            "Plan Rows": 1,
            "Plan Width": 8,
            "Actual Startup Time": 831.108,
            "Actual Total Time": 831.113,
            "Actual Rows": 1,
            "Actual Loops": 2,
            "Plans": [
              {
                "Node Type": "Hash Join",
                "Parent Relationship": "Outer",
                "Parallel Aware": true,
                "Join Type": "Inner",
                "Startup Cost": 64244.33,
                "Total Cost": 127429.49,
                "Plan Rows": 665209,
                "Plan Width": 0,
                "Actual Startup Time": 279.818,
                "Actual Total Time": 777.096,
                "Actual Rows": 1126662,
                "Actual Loops": 2,
                "Inner Unique": true,
                "Hash Cond": "(mk.movie_id = t.id)",
                "Plans": [
                  {
                    "Node Type": "Seq Scan",
                    "Parent Relationship": "Outer",
                    "Parallel Aware": true,
                    "Relation Name": "movie_keyword",
                    "Alias": "mk",
                    "Startup Cost": 0.0,
                    "Total Cost": 57718.19,
                    "Plan Rows": 2082649,
                    "Plan Width": 4,
                    "Actual Startup Time": 0.068,
                    "Actual Total Time": 238.657,
                    "Actual Rows": 1769847,
                    "Actual Loops": 2,
                    "Filter": "(keyword_id > 924)",
                    "Rows Removed by Filter": 492118
                  },
                  {
                    "Node Type": "Hash",
                    "Parent Relationship": "Inner",
                    "Parallel Aware": true,
                    "Startup Cost": 58306.47,
                    "Total Cost": 58306.47,
                    "Plan Rows": 475029,
                    "Plan Width": 4,
                    "Actual Startup Time": 273.556,
                    "Actual Total Time": 273.558,
                    "Actual Rows": 356870,
                    "Actual Loops": 2,
                    "Hash Buckets": 1048576,
                    "Original Hash Buckets": 1048576,
                    "Hash Batches": 1,
                    "Original Hash Batches": 1,
                    "Peak Memory Usage": 36160,
                    "Plans": [
                      {
                        "Node Type": "Seq Scan",
                        "Parent Relationship": "Outer",
                        "Parallel Aware": true,
                        "Relation Name": "title",
                        "Alias": "t",
                        "Startup Cost": 0.0,
                        "Total Cost": 58306.47,
                        "Plan Rows": 475029,
                        "Plan Width": 4,
                        "Actual Startup Time": 0.018,
                        "Actual Total Time": 171.585,
                        "Actual Rows": 356870,
                        "Actual Loops": 2,
                        "Filter": "((kind_id < 7) AND (production_year > 1972))",
                        "Rows Removed by Filter": 907286
                      }
                    ]
                  }
                ]
              }
            ]
          }
        ]
      }
    ]
  },
  "Planning Time": 0.325,
  "Triggers": [],
  "Execution Time": 856.458
}