[
  {
    "Plan": {
      "Node Type": "Aggregate",
      "Strategy": "Plain",
      "Partial Mode": "Finalize",
      "Parallel Aware": false,
      "Startup Cost": 31706.7,
      "Total Cost": 31706.71,
      "Plan Rows": 1,
      "Plan Width": 8,
      "Actual Startup Time": 102.673,
      "Actual Total Time": 108.469,
      "Actual Rows": 1,
      "Actual Loops": 1,
      "Plans": [
        {
          "Node Type": "Gather",
          "Parent Relationship": "Outer",
          "Parallel Aware": false,
          "Startup Cost": 31706.38,
          "Total Cost": 31706.69,
          "Plan Rows": 3,
          "Plan Width": 8,
          "Actual Startup Time": 102.562,
          "Actual Total Time": 108.461,
          "Actual Rows": 4,
          "Actual Loops": 1,
          "Workers Planned": 3,
          "Workers Launched": 3,
          "Single Copy": false,
          "Plans": [
            {
              "Node Type": "Aggregate",
              "Strategy": "Plain",
              "Partial Mode": "Partial",
              "Parent Relationship": "Outer",
              "Parallel Aware": false,
              "Startup Cost": 30706.38,
              "Total Cost": 30706.39,
              "Plan Rows": 1,
              "Plan Width": 8,
              "Actual Startup Time": 95.995,
              "Actual Total Time": 95.996,
              "Actual Rows": 1,
              "Actual Loops": 4,
              "Plans": [
                {
                  "Node Type": "Seq Scan",
                  "Parent Relationship": "Outer",
                  "Parallel Aware": true,
                  "Relation Name": "movie_companies",
                  "Alias": "mc",
                  "Startup Cost": 0.0,
                  "Total Cost": 29310.68,
                  "Plan Rows": 558281,
                  "Plan Width": 0,
                  "Actual Startup Time": 1.081,
                  "Actual Total Time": 76.732,
                  "Actual Rows": 432318,
                  "Actual Loops": 4,
                  "Filter": "(company_id > 2609)",
                  "Rows Removed by Filter": 219965
                }
              ]
            }
          ]
        }
      ]
    },
    "Planning Time": 0.147,
    "Triggers": [],
    "Execution Time": 108.506
  }
]