[
  {
    "Plan": {
      "Node Type": "Aggregate",
      "Strategy": "Plain",
      "Partial Mode": "Finalize",
      "Parallel Aware": false,
      "Startup Cost": 32868.6,
      "Total Cost": 32868.61,
      "Plan Rows": 1,
      "Plan Width": 8,
      "Actual Startup Time": 92.549,
      "Actual Total Time": 100.193,
      "Actual Rows": 1,
      "Actual Loops": 1,
      "Plans": [
        {
          "Node Type": "Gather",
          "Parent Relationship": "Outer",
          "Parallel Aware": false,
          "Startup Cost": 32868.29,
          "Total Cost": 32868.6,
          "Plan Rows": 3,
          "Plan Width": 8,
          "Actual Startup Time": 92.43,
          "Actual Total Time": 100.185,
          "Actual Rows": 4,
          "Actual Loops": 1,
          "Workers Planned": 3,
          "Workers Launched": 3,
          "Single Copy": false,
          "Plans": [
            {
              "Node Type": "Aggregate",
              "Strategy": "Plain",
              "Partial Mode": "Partial",
              "Parent Relationship": "Outer",
              "Parallel Aware": false,
              "Startup Cost": 31868.29,
              "Total Cost": 31868.3,
              "Plan Rows": 1,
              "Plan Width": 8,
              "Actual Startup Time": 83.948,
              "Actual Total Time": 83.949,
              "Actual Rows": 1,
              "Actual Loops": 4,
              "Plans": [
                {
                  "Node Type": "Seq Scan",
                  "Parent Relationship": "Outer",
                  "Parallel Aware": true,
                  "Relation Name": "movie_companies",
                  "Alias": "mc",
                  "Startup Cost": 0.0,
                  "Total Cost": 31414.82,
                  "Plan Rows": 181387,
                  "Plan Width": 0,
                  "Actual Startup Time": 23.108,
                  "Actual Total Time": 80.226,
                  "Actual Rows": 69352,
                  "Actual Loops": 4,
                  "Filter": "((company_id > 13226) AND (company_type_id = 1))",
                  "Rows Removed by Filter": 582931
                }
              ]
            }
          ]
        }
      ]
    },
    "Planning Time": 0.2,
    "Triggers": [],
    "Execution Time": 100.247
  }
]