[
  {
    "Plan": {
      "Node Type": "Aggregate",
      "Strategy": "Plain",
      "Partial Mode": "Finalize",
      "Parallel Aware": false,
      "Startup Cost": 115288.82,
      "Total Cost": 115288.83,
      "Plan Rows": 1,
      "Plan Width": 8,
      "Actual Startup Time": 674.717,
      "Actual Total Time": 724.973,
      "Actual Rows": 1,
      "Actual Loops": 1,
      "Plans": [
        {
          "Node Type": "Gather",
          "Parent Relationship": "Outer",
          "Parallel Aware": false,
          "Startup Cost": 115288.4,
          "Total Cost": 115288.81,
          "Plan Rows": 4,
          "Plan Width": 8,
          "Actual Startup Time": 672.605,
          "Actual Total Time": 724.963,
          "Actual Rows": 5,
          "Actual Loops": 1,
          "Workers Planned": 4,
          "Workers Launched": 4,
          "Single Copy": false,
          "Plans": [
            {
              "Node Type": "Aggregate",
              "Strategy": "Plain",
              "Partial Mode": "Partial",
              "Parent Relationship": "Outer",
              "Parallel Aware": false,
              "Startup Cost": 114288.4,
              "Total Cost": 114288.41,
              "Plan Rows": 1,
              "Plan Width": 8,
              "Actual Startup Time": 662.198,
              "Actual Total Time": 662.202,
              "Actual Rows": 1,
              "Actual Loops": 5,
              "Plans": [
                {
                  "Node Type": "Nested Loop",
                  "Parent Relationship": "Outer",
                  "Parallel Aware": false,
                  "Join Type": "Inner",
                  "Startup Cost": 29549.74,
                  "Total Cost": 114085.14,
                  "Plan Rows": 81304,
                  "Plan Width": 0,
                  "Actual Startup Time": 108.883,
                  "Actual Total Time": 632.811,
                  "Actual Rows": 655349,
                  "Actual Loops": 5,
                  "Inner Unique": false,
                  "Plans": [
                    {
                      "Node Type": "Hash Join",
                      "Parent Relationship": "Outer",
                      "Parallel Aware": true,
                      "Join Type": "Inner",
                      "Startup Cost": 29549.31,
                      "Total Cost": 76014.78,
                      "Plan Rows": 13904,
                      "Plan Width": 8,
                      "Actual Startup Time": 108.802,
                      "Actual Total Time": 227.705,
                      "Actual Rows": 16548,
                      "Actual Loops": 5,
                      "Inner Unique": false,
                      "Hash Cond": "(t.id = mc.movie_id)",
                      "Plans": [
                        {
                          "Node Type": "Seq Scan",
                          "Parent Relationship": "Outer",
                          "Parallel Aware": true,
                          "Relation Name": "title",
                          "Alias": "t",
                          "Startup Cost": 0.0,
                          "Total Cost": 45479.1,
                          "Plan Rows": 188304,
                          "Plan Width": 4,
                          "Actual Startup Time": 0.014,
                          "Actual Total Time": 67.934,
                          "Actual Rows": 158789,
                          "Actual Loops": 5,
                          "Filter": "((kind_id < 7) AND (production_year < 2010))",
                          "Rows Removed by Filter": 346874
                        },
                        {
                          "Node Type": "Hash",
                          "Parent Relationship": "Inner",
                          "Parallel Aware": true,
                          "Startup Cost": 28796.52,
                          "Total Cost": 28796.52,
                          "Plan Rows": 60223,
                          "Plan Width": 4,
                          "Actual Startup Time": 106.804,
                          "Actual Total Time": 106.805,
                          "Actual Rows": 57918,
                          "Actual Loops": 5,
                          "Hash Buckets": 524288,
                          "Original Hash Buckets": 262144,
                          "Hash Batches": 1,
                          "Original Hash Batches": 1,
                          "Peak Memory Usage": 17568,
                          "Plans": [
                            {
                              "Node Type": "Bitmap Heap Scan",
                              "Parent Relationship": "Outer",
                              "Parallel Aware": true,
                              "Relation Name": "movie_companies",
                              "Alias": "mc",
                              "Startup Cost": 8171.46,
                              "Total Cost": 28796.52,
                              "Plan Rows": 60223,
                              "Plan Width": 4,
                              "Actual Startup Time": 30.352,
                              "Actual Total Time": 78.085,
                              "Actual Rows": 57918,
                              "Actual Loops": 5,
                              "Recheck Cond": "(company_id < 225)",
                              "Rows Removed by Index Recheck": 0,
                              "Filter": "(company_type_id = 1)",
                              "Rows Removed by Filter": 17407,
                              "Exact Heap Blocks": 6422,
                              "Lossy Heap Blocks": 0,
                              "Plans": [
                                {
                                  "Node Type": "Bitmap Index Scan",
                                  "Parent Relationship": "Outer",
                                  "Parallel Aware": false,
                                  "Index Name": "company_id_movie_companies",
                                  "Startup Cost": 0.0,
                                  "Total Cost": 8124.78,
                                  "Plan Rows": 379247,
                                  "Plan Width": 0,
                                  "Actual Startup Time": 30.233,
                                  "Actual Total Time": 30.233,
                                  "Actual Rows": 376622,
                                  "Actual Loops": 1,
                                  "Index Cond": "(company_id < 225)"
                                }
                              ]
                            }
                          ]
                        }
                      ]
                    },
                    {
                      "Node Type": "Index Only Scan",
                      "Parent Relationship": "Inner",
                      "Parallel Aware": false,
                      "Scan Direction": "Forward",
                      "Index Name": "movie_id_movie_info",
                      "Relation Name": "movie_info",
                      "Alias": "mi",
                      "Startup Cost": 0.43,
                      "Total Cost": 2.32,
                      "Plan Rows": 42,
                      "Plan Width": 4,
                      "Actual Startup Time": 0.006,
                      "Actual Total Time": 0.022,
                      "Actual Rows": 40,
                      "Actual Loops": 82741,
                      "Index Cond": "(movie_id = t.id)",
                      "Rows Removed by Index Recheck": 0,
                      "Heap Fetches": 3276747
                    }
                  ]
                }
              ]
            }
          ]
        }
      ]
    },
    "Planning Time": 1.521,
    "Triggers": [],
    "Execution Time": 725.098
  }
]