[
  {
    "Plan": {
      "Node Type": "Aggregate",
      "Strategy": "Plain",
      "Partial Mode": "Finalize",
      "Parallel Aware": false,
      "Startup Cost": 76776.56,
      "Total Cost": 76776.57,
      "Plan Rows": 1,
      "Plan Width": 8,
      "Actual Startup Time": 274.76,
      "Actual Total Time": 286.549,
      "Actual Rows": 1,
      "Actual Loops": 1,
      "Plans": [
        {
          "Node Type": "Gather",
          "Parent Relationship": "Outer",
          "Parallel Aware": false,
          "Startup Cost": 76776.24,
          "Total Cost": 76776.55,
          "Plan Rows": 3,
          "Plan Width": 8,
          "Actual Startup Time": 269.61,
          "Actual Total Time": 286.539,
          "Actual Rows": 4,
          "Actual Loops": 1,
          "Workers Planned": 3,
          "Workers Launched": 3,
          "Single Copy": false,
          "Plans": [
            {
              "Node Type": "Aggregate",
              "Strategy": "Plain",
              "Partial Mode": "Partial",
              "Parent Relationship": "Outer",
              "Parallel Aware": false,
              "Startup Cost": 75776.24,
              "Total Cost": 75776.25,
              "Plan Rows": 1,
              "Plan Width": 8,
              "Actual Startup Time": 256.803,
              "Actual Total Time": 256.807,
              "Actual Rows": 1,
              "Actual Loops": 4,
              "Plans": [
                {
                  "Node Type": "Nested Loop",
                  "Parent Relationship": "Outer",
                  "Parallel Aware": false,
                  "Join Type": "Inner",
                  "Startup Cost": 34412.94,
                  "Total Cost": 75769.92,
                  "Plan Rows": 2529,
                  "Plan Width": 0,
                  "Actual Startup Time": 184.377,
                  "Actual Total Time": 256.484,
                  "Actual Rows": 3250,
                  "Actual Loops": 4,
                  "Inner Unique": true,
                  "Plans": [
                    {
                      "Node Type": "Hash Join",
                      "Parent Relationship": "Outer",
                      "Parallel Aware": true,
                      "Join Type": "Inner",
                      "Startup Cost": 34412.51,
                      "Total Cost": 60402.54,
                      "Plan Rows": 24935,
                      "Plan Width": 8,
                      "Actual Startup Time": 183.991,
                      "Actual Total Time": 209.872,
                      "Actual Rows": 14890,
                      "Actual Loops": 4,
                      "Inner Unique": false,
                      "Hash Cond": "(mk.movie_id = mc.movie_id)",
                      "Plans": [
                        {
                          "Node Type": "Bitmap Heap Scan",
                          "Parent Relationship": "Outer",
                          "Parallel Aware": true,
                          "Relation Name": "movie_keyword",
                          "Alias": "mk",
                          "Startup Cost": 737.23,
                          "Total Cost": 26590.89,
                          "Plan Rows": 11188,
                          "Plan Width": 4,
                          "Actual Startup Time": 6.166,
                          "Actual Total Time": 22.565,
                          "Actual Rows": 8678,
                          "Actual Loops": 4,
                          "Recheck Cond": "(keyword_id = 2488)",
                          "Rows Removed by Index Recheck": 0,
                          "Exact Heap Blocks": 5967,
                          "Lossy Heap Blocks": 0,
                          "Plans": [
                            {
                              "Node Type": "Bitmap Index Scan",
                              "Parent Relationship": "Outer",
                              "Parallel Aware": false,
                              "Index Name": "keyword_id_movie_keyword",
                              "Startup Cost": 0.0,
                              "Total Cost": 728.55,
                              "Plan Rows": 34683,
                              "Plan Width": 0,
                              "Actual Startup Time": 4.042,
                              "Actual Total Time": 4.042,
                              "Actual Rows": 34710,
                              "Actual Loops": 1,
                              "Index Cond": "(keyword_id = 2488)"
                            }
                          ]
                        },
                        {
                          "Node Type": "Hash",
                          "Parent Relationship": "Inner",
                          "Parallel Aware": true,
                          "Startup Cost": 29310.68,
                          "Total Cost": 29310.68,
                          "Plan Rows": 349168,
                          "Plan Width": 4,
                          "Actual Startup Time": 170.221,
                          "Actual Total Time": 170.221,
                          "Actual Rows": 272422,
                          "Actual Loops": 4,
                          "Hash Buckets": 2097152,
                          "Original Hash Buckets": 2097152,
                          "Hash Batches": 1,
                          "Original Hash Batches": 1,
                          "Peak Memory Usage": 59104,
                          "Plans": [
                            {
                              "Node Type": "Seq Scan",
                              "Parent Relationship": "Outer",
                              "Parallel Aware": true,
                              "Relation Name": "movie_companies",
                              "Alias": "mc",
                              "Startup Cost": 0.0,
                              "Total Cost": 29310.68,
                              "Plan Rows": 349168,
                              "Plan Width": 4,
                              "Actual Startup Time": 19.927,
                              "Actual Total Time": 84.884,
                              "Actual Rows": 272422,
                              "Actual Loops": 4,
                              "Filter": "(company_id > 14227)",
                              "Rows Removed by Filter": 379860
                            }
                          ]
                        }
                      ]
                    },
                    {
                      "Node Type": "Index Scan",
                      "Parent Relationship": "Inner",
                      "Parallel Aware": false,
                      "Scan Direction": "Forward",
                      "Index Name": "title_pkey",
                      "Relation Name": "title",
                      "Alias": "t",
                      "Startup Cost": 0.43,
                      "Total Cost": 0.62,
                      "Plan Rows": 1,
                      "Plan Width": 4,
                      "Actual Startup Time": 0.003,
                      "Actual Total Time": 0.003,
                      "Actual Rows": 0,
                      "Actual Loops": 59560,
                      "Index Cond": "(id = mc.movie_id)",
                      "Rows Removed by Index Recheck": 0,
                      "Filter": "(production_year > 2001)",
                      "Rows Removed by Filter": 1
                    }
                  ]
                }
              ]
            }
          ]
        }
      ]
    },
    "Planning Time": 1.417,
    "Triggers": [],
    "Execution Time": 286.659
  }
]