[
  {
    "Plan": {
      "Node Type": "Aggregate",
      "Strategy": "Plain",
      "Partial Mode": "Finalize",
      "Parallel Aware": false,
      "Startup Cost": 452254.41,
      "Total Cost": 452254.42,
      "Plan Rows": 1,
      "Plan Width": 8,
      "Actual Startup Time": 2963.007,
      "Actual Total Time": 3029.407,
      "Actual Rows": 1,
      "Actual Loops": 1,
      "Plans": [
        {
          "Node Type": "Gather",
          "Parent Relationship": "Outer",
          "Parallel Aware": false,
          "Startup Cost": 452253.79,
          "Total Cost": 452254.4,
          "Plan Rows": 6,
          "Plan Width": 8,
          "Actual Startup Time": 2925.086,
          "Actual Total Time": 3029.394,
          "Actual Rows": 7,
          "Actual Loops": 1,
          "Workers Planned": 6,
          "Workers Launched": 6,
          "Single Copy": false,
          "Plans": [
            {
              "Node Type": "Aggregate",
              "Strategy": "Plain",
              "Partial Mode": "Partial",
              "Parent Relationship": "Outer",
              "Parallel Aware": false,
              "Startup Cost": 451253.79,
              "Total Cost": 451253.8,
              "Plan Rows": 1,
              "Plan Width": 8,
              "Actual Startup Time": 2903.945,
              "Actual Total Time": 2904.664,
              "Actual Rows": 1,
              "Actual Loops": 7,
              "Plans": [
                {
                  "Node Type": "Hash Join",
                  "Parent Relationship": "Outer",
                  "Parallel Aware": true,
                  "Join Type": "Inner",
                  "Startup Cost": 90785.8,
                  "Total Cost": 446894.43,
                  "Plan Rows": 1743741,
                  "Plan Width": 0,
                  "Actual Startup Time": 869.218,
                  "Actual Total Time": 2674.167,
                  "Actual Rows": 5029074,
                  "Actual Loops": 7,
                  "Inner Unique": false,
                  "Hash Cond": "(ci.movie_id = t.id)",
                  "Plans": [
                    {
                      "Node Type": "Seq Scan",
                      "Parent Relationship": "Outer",
                      "Parallel Aware": true,
                      "Relation Name": "cast_info",
                      "Alias": "ci",
                      "Startup Cost": 0.0,
                      "Total Cost": 343316.27,
                      "Plan Rows": 1911304,
                      "Plan Width": 4,
                      "Actual Startup Time": 232.158,
                      "Actual Total Time": 711.37,
                      "Actual Rows": 2492591,
                      "Actual Loops": 7,
                      "Filter": "((person_id > 1873251) AND (role_id > 1))",
                      "Rows Removed by Filter": 2685172
                    },
                    {
                      "Node Type": "Hash",
                      "Parent Relationship": "Inner",
                      "Parallel Aware": true,
                      "Startup Cost": 81484.37,
                      "Total Cost": 81484.37,
                      "Plan Rows": 744115,
                      "Plan Width": 8,
                      "Actual Startup Time": 630.209,
                      "Actual Total Time": 630.927,
                      "Actual Rows": 329875,
                      "Actual Loops": 7,
                      "Hash Buckets": 4194304,
                      "Original Hash Buckets": 4194304,
                      "Hash Batches": 1,
                      "Original Hash Batches": 1,
                      "Peak Memory Usage": 123200,
                      "Plans": [
                        {
                          "Node Type": "Hash Join",
                          "Parent Relationship": "Outer",
                          "Parallel Aware": true,
                          "Join Type": "Inner",
                          "Startup Cost": 50220.38,
                          "Total Cost": 81484.37,
                          "Plan Rows": 744115,
                          "Plan Width": 8,
                          "Actual Startup Time": 276.509,
                          "Actual Total Time": 471.35,
                          "Actual Rows": 329875,
                          "Actual Loops": 7,
                          "Inner Unique": true,
                          "Hash Cond": "(mc.movie_id = t.id)",
                          "Plans": [
                            {
                              "Node Type": "Seq Scan",
                              "Parent Relationship": "Outer",
                              "Parallel Aware": true,
                              "Relation Name": "movie_companies",
                              "Alias": "mc",
                              "Startup Cost": 0.0,
                              "Total Cost": 29310.68,
                              "Plan Rows": 744115,
                              "Plan Width": 4,
                              "Actual Startup Time": 0.018,
                              "Actual Total Time": 58.04,
                              "Actual Rows": 329875,
                              "Actual Loops": 7,
                              "Filter": "(company_id < 94299)",
                              "Rows Removed by Filter": 42858
                            },
                            {
                              "Node Type": "Hash",
                              "Parent Relationship": "Inner",
                              "Parallel Aware": true,
                              "Startup Cost": 42319.06,
                              "Total Cost": 42319.06,
                              "Plan Rows": 632106,
                              "Plan Width": 4,
                              "Actual Startup Time": 272.463,
                              "Actual Total Time": 272.466,
                              "Actual Rows": 361187,
                              "Actual Loops": 7,
                              "Hash Buckets": 4194304,
                              "Original Hash Buckets": 4194304,
                              "Hash Batches": 1,
                              "Original Hash Batches": 1,
                              "Peak Memory Usage": 131776,
                              "Plans": [
                                {
                                  "Node Type": "Seq Scan",
                                  "Parent Relationship": "Outer",
                                  "Parallel Aware": true,
                                  "Relation Name": "title",
                                  "Alias": "t",
                                  "Startup Cost": 0.0,
                                  "Total Cost": 42319.06,
                                  "Plan Rows": 632106,
                                  "Plan Width": 4,
                                  "Actual Startup Time": 0.058,
                                  "Actual Total Time": 78.528,
                                  "Actual Rows": 361187,
                                  "Actual Loops": 7
                                }
                              ]
                            }
                          ]
                        }
                      ]
                    }
                  ]
                }
              ]
            }
          ]
        }
      ]
    },
    "Planning Time": 1.183,
    "Triggers": [],
    "Execution Time": 3029.487
  }
]