{
    "Plan": {
        "Node Type": "Aggregate",
        "Strategy": "Plain",
        "Partial Mode": "Finalize",
        "Parallel Aware": false,
        "Startup Cost": 239999.73,
        "Total Cost": 239999.74,
        "Plan Rows": 1,
        "Plan Width": 8,
        "Actual Startup Time": 2514.122,
        "Actual Total Time": 2595.559,
        "Actual Rows": 1,
        "Actual Loops": 1,
        "Output": [
            "count(*)"
        ],
        "Plans": [
            {
                "Node Type": "Gather",
                "Parent Relationship": "Outer",
                "Parallel Aware": false,
                "Startup Cost": 239999.31,
                "Total Cost": 239999.72,
                "Plan Rows": 4,
                "Plan Width": 8,
                "Actual Startup Time": 2420.903,
                "Actual Total Time": 2595.54,
                "Actual Rows": 5,
                "Actual Loops": 1,
                "Output": [
                    "(PARTIAL count(*))"
                ],
                "Workers Planned": 4,
                "Workers Launched": 4,
                "Single Copy": false,
                "Plans": [
                    {
                        "Node Type": "Aggregate",
                        "Strategy": "Plain",
                        "Partial Mode": "Partial",
                        "Parent Relationship": "Outer",
                        "Parallel Aware": false,
                        "Startup Cost": 238999.31,
                        "Total Cost": 238999.32,
                        "Plan Rows": 1,
                        "Plan Width": 8,
                        "Actual Startup Time": 2407.561,
                        "Actual Total Time": 2407.565,
                        "Actual Rows": 1,
                        "Actual Loops": 5,
                        "Output": [
                            "PARTIAL count(*)"
                        ],
                        "Workers": [
                            {
                                "Worker Number": 0,
                                "Actual Startup Time": 2367.176,
                                "Actual Total Time": 2367.179,
                                "Actual Rows": 1,
                                "Actual Loops": 1
                            },
                            {
                                "Worker Number": 1,
                                "Actual Startup Time": 2497.726,
                                "Actual Total Time": 2497.729,
                                "Actual Rows": 1,
                                "Actual Loops": 1
                            },
                            {
                                "Worker Number": 2,
                                "Actual Startup Time": 2374.893,
                                "Actual Total Time": 2374.896,
                                "Actual Rows": 1,
                                "Actual Loops": 1
                            },
                            {
                                "Worker Number": 3,
                                "Actual Startup Time": 2377.926,
                                "Actual Total Time": 2377.928,
                                "Actual Rows": 1,
                                "Actual Loops": 1
                            }
                        ],
                        "Plans": [
                            {
                                "Node Type": "Nested Loop",
                                "Parent Relationship": "Outer",
                                "Parallel Aware": false,
                                "Join Type": "Inner",
                                "Startup Cost": 125470.81,
                                "Total Cost": 238109.21,
                                "Plan Rows": 356042,
                                "Plan Width": 0,
                                "Actual Startup Time": 414.085,
                                "Actual Total Time": 2346.438,
                                "Actual Rows": 1125258,
                                "Actual Loops": 5,
                                "Inner Unique": false,
                                "Workers": [
                                    {
                                        "Worker Number": 0,
                                        "Actual Startup Time": 461.179,
                                        "Actual Total Time": 2310.985,
                                        "Actual Rows": 897138,
                                        "Actual Loops": 1
                                    },
                                    {
                                        "Worker Number": 1,
                                        "Actual Startup Time": 336.757,
                                        "Actual Total Time": 2432.648,
                                        "Actual Rows": 1388244,
                                        "Actual Loops": 1
                                    },
                                    {
                                        "Worker Number": 2,
                                        "Actual Startup Time": 461.915,
                                        "Actual Total Time": 2316.361,
                                        "Actual Rows": 886979,
                                        "Actual Loops": 1
                                    },
                                    {
                                        "Worker Number": 3,
                                        "Actual Startup Time": 461.907,
                                        "Actual Total Time": 2318.702,
                                        "Actual Rows": 912195,
                                        "Actual Loops": 1
                                    }
                                ],
                                "Plans": [
                                    {
                                        "Node Type": "Merge Join",
                                        "Parent Relationship": "Outer",
                                        "Parallel Aware": false,
                                        "Join Type": "Inner",
                                        "Startup Cost": 125470.25,
                                        "Total Cost": 128695.41,
                                        "Plan Rows": 24831,
                                        "Plan Width": 8,
                                        "Actual Startup Time": 413.949,
                                        "Actual Total Time": 497.777,
                                        "Actual Rows": 38471,
                                        "Actual Loops": 5,
                                        "Output": [
                                            "t.id",
                                            "mi_idx.movie_id"
                                        ],
                                        "Inner Unique": false,
                                        "Merge Cond": "(t.id = mi_idx.movie_id)",
                                        "Workers": [
                                            {
                                                "Worker Number": 0,
                                                "Actual Startup Time": 460.989,
                                                "Actual Total Time": 541.933,
                                                "Actual Rows": 30332,
                                                "Actual Loops": 1
                                            },
                                            {
                                                "Worker Number": 1,
                                                "Actual Startup Time": 336.624,
                                                "Actual Total Time": 422.528,
                                                "Actual Rows": 47624,
                                                "Actual Loops": 1
                                            },
                                            {
                                                "Worker Number": 2,
                                                "Actual Startup Time": 461.755,
                                                "Actual Total Time": 544.796,
                                                "Actual Rows": 30432,
                                                "Actual Loops": 1
                                            },
                                            {
                                                "Worker Number": 3,
                                                "Actual Startup Time": 461.747,
                                                "Actual Total Time": 544.647,
                                                "Actual Rows": 30979,
                                                "Actual Loops": 1
                                            }
                                        ],
                                        "Plans": [
                                            {
                                                "Node Type": "Sort",
                                                "Parent Relationship": "Outer",
                                                "Parallel Aware": false,
                                                "Startup Cost": 57157.37,
                                                "Total Cost": 57499.59,
                                                "Plan Rows": 136886,
                                                "Plan Width": 4,
                                                "Actual Startup Time": 133.039,
                                                "Actual Total Time": 158.184,
                                                "Actual Rows": 111300,
                                                "Actual Loops": 5,
                                                "Output": [
                                                    "t.id"
                                                ],
                                                "Sort Key": [
                                                    "t.id"
                                                ],
                                                "Sort Method": "quicksort",
                                                "Sort Space Used": 13314,
                                                "Sort Space Type": "Memory",
                                                "Workers": [
                                                    {
                                                        "Worker Number": 0,
                                                        "Actual Startup Time": 129.818,
                                                        "Actual Total Time": 152.044,
                                                        "Actual Rows": 88577,
                                                        "Actual Loops": 1
                                                    },
                                                    {
                                                        "Worker Number": 1,
                                                        "Actual Startup Time": 130.136,
                                                        "Actual Total Time": 158.561,
                                                        "Actual Rows": 138111,
                                                        "Actual Loops": 1
                                                    },
                                                    {
                                                        "Worker Number": 2,
                                                        "Actual Startup Time": 130.512,
                                                        "Actual Total Time": 153.082,
                                                        "Actual Rows": 87982,
                                                        "Actual Loops": 1
                                                    },
                                                    {
                                                        "Worker Number": 3,
                                                        "Actual Startup Time": 130.694,
                                                        "Actual Total Time": 153.224,
                                                        "Actual Rows": 89118,
                                                        "Actual Loops": 1
                                                    }
                                                ],
                                                "Plans": [
                                                    {
                                                        "Node Type": "Seq Scan",
                                                        "Parent Relationship": "Outer",
                                                        "Parallel Aware": true,
                                                        "Relation Name": "title",
                                                        "Schema": "public",
                                                        "Alias": "t",
                                                        "Startup Cost": 0.0,
                                                        "Total Cost": 45479.21,
                                                        "Plan Rows": 136886,
                                                        "Plan Width": 4,
                                                        "Actual Startup Time": 57.649,
                                                        "Actual Total Time": 99.608,
                                                        "Actual Rows": 111464,
                                                        "Actual Loops": 5,
                                                        "Output": [
                                                            "t.id"
                                                        ],
                                                        "Filter": "((t.production_year < 2011) AND (t.kind_id = 1))",
                                                        "Rows Removed by Filter": 394199,
                                                        "Workers": [
                                                            {
                                                                "Worker Number": 0,
                                                                "Actual Startup Time": 54.895,
                                                                "Actual Total Time": 97.725,
                                                                "Actual Rows": 88696,
                                                                "Actual Loops": 1
                                                            },
                                                            {
                                                                "Worker Number": 1,
                                                                "Actual Startup Time": 55.041,
                                                                "Actual Total Time": 98.162,
                                                                "Actual Rows": 138328,
                                                                "Actual Loops": 1
                                                            },
                                                            {
                                                                "Worker Number": 2,
                                                                "Actual Startup Time": 55.614,
                                                                "Actual Total Time": 98.455,
                                                                "Actual Rows": 88095,
                                                                "Actual Loops": 1
                                                            },
                                                            {
                                                                "Worker Number": 3,
                                                                "Actual Startup Time": 55.528,
                                                                "Actual Total Time": 98.362,
                                                                "Actual Rows": 89244,
                                                                "Actual Loops": 1
                                                            }
                                                        ]
                                                    }
                                                ]
                                            },
                                            {
                                                "Node Type": "Sort",
                                                "Parent Relationship": "Inner",
                                                "Parallel Aware": false,
                                                "Startup Cost": 68312.85,
                                                "Total Cost": 69459.43,
                                                "Plan Rows": 458632,
                                                "Plan Width": 4,
                                                "Actual Startup Time": 261.235,
                                                "Actual Total Time": 288.948,
                                                "Actual Rows": 459925,
                                                "Actual Loops": 5,
                                                "Output": [
                                                    "mi_idx.movie_id"
                                                ],
                                                "Sort Key": [
                                                    "mi_idx.movie_id"
                                                ],
                                                "Sort Method": "quicksort",
                                                "Sort Space Used": 33847,
                                                "Sort Space Type": "Memory",
                                                "Workers": [
                                                    {
                                                        "Worker Number": 0,
                                                        "Actual Startup Time": 307.927,
                                                        "Actual Total Time": 337.548,
                                                        "Actual Rows": 459925,
                                                        "Actual Loops": 1
                                                    },
                                                    {
                                                        "Worker Number": 1,
                                                        "Actual Startup Time": 192.11,
                                                        "Actual Total Time": 217.039,
                                                        "Actual Rows": 459925,
                                                        "Actual Loops": 1
                                                    },
                                                    {
                                                        "Worker Number": 2,
                                                        "Actual Startup Time": 308.032,
                                                        "Actual Total Time": 337.974,
                                                        "Actual Rows": 459925,
                                                        "Actual Loops": 1
                                                    },
                                                    {
                                                        "Worker Number": 3,
                                                        "Actual Startup Time": 307.855,
                                                        "Actual Total Time": 337.765,
                                                        "Actual Rows": 459925,
                                                        "Actual Loops": 1
                                                    }
                                                ],
                                                "Plans": [
                                                    {
                                                        "Node Type": "Seq Scan",
                                                        "Parent Relationship": "Outer",
                                                        "Parallel Aware": false,
                                                        "Relation Name": "movie_info_idx",
                                                        "Schema": "public",
                                                        "Alias": "mi_idx",
                                                        "Startup Cost": 0.0,
                                                        "Total Cost": 25185.44,
                                                        "Plan Rows": 458632,
                                                        "Plan Width": 4,
                                                        "Actual Startup Time": 0.046,
                                                        "Actual Total Time": 137.755,
                                                        "Actual Rows": 459925,
                                                        "Actual Loops": 5,
                                                        "Output": [
                                                            "mi_idx.movie_id"
                                                        ],
                                                        "Filter": "(mi_idx.info_type_id = 101)",
                                                        "Rows Removed by Filter": 920110,
                                                        "Workers": [
                                                            {
                                                                "Worker Number": 0,
                                                                "Actual Startup Time": 0.053,
                                                                "Actual Total Time": 163.32,
                                                                "Actual Rows": 459925,
                                                                "Actual Loops": 1
                                                            },
                                                            {
                                                                "Worker Number": 1,
                                                                "Actual Startup Time": 0.049,
                                                                "Actual Total Time": 101.359,
                                                                "Actual Rows": 459925,
                                                                "Actual Loops": 1
                                                            },
                                                            {
                                                                "Worker Number": 2,
                                                                "Actual Startup Time": 0.073,
                                                                "Actual Total Time": 163.001,
                                                                "Actual Rows": 459925,
                                                                "Actual Loops": 1
                                                            },
                                                            {
                                                                "Worker Number": 3,
                                                                "Actual Startup Time": 0.046,
                                                                "Actual Total Time": 163.012,
                                                                "Actual Rows": 459925,
                                                                "Actual Loops": 1
                                                            }
                                                        ]
                                                    }
                                                ]
                                            }
                                        ]
                                    },
                                    {
                                        "Node Type": "Index Only Scan",
                                        "Parent Relationship": "Inner",
                                        "Parallel Aware": false,
                                        "Scan Direction": "Forward",
                                        "Index Name": "movie_id_cast_info",
                                        "Relation Name": "cast_info",
                                        "Schema": "public",
                                        "Alias": "ci",
                                        "Startup Cost": 0.56,
                                        "Total Cost": 4.03,
                                        "Plan Rows": 38,
                                        "Plan Width": 4,
                                        "Actual Startup Time": 0.006,
                                        "Actual Total Time": 0.046,
                                        "Actual Rows": 29,
                                        "Actual Loops": 192353,
                                        "Output": [
                                            "ci.movie_id"
                                        ],
                                        "Index Cond": "(ci.movie_id = t.id)",
                                        "Rows Removed by Index Recheck": 0,
                                        "Heap Fetches": 5626288,
                                        "Workers": [
                                            {
                                                "Worker Number": 0,
                                                "Actual Startup Time": 0.008,
                                                "Actual Total Time": 0.055,
                                                "Actual Rows": 30,
                                                "Actual Loops": 30332
                                            },
                                            {
                                                "Worker Number": 1,
                                                "Actual Startup Time": 0.005,
                                                "Actual Total Time": 0.04,
                                                "Actual Rows": 29,
                                                "Actual Loops": 47624
                                            },
                                            {
                                                "Worker Number": 2,
                                                "Actual Startup Time": 0.008,
                                                "Actual Total Time": 0.055,
                                                "Actual Rows": 29,
                                                "Actual Loops": 30432
                                            },
                                            {
                                                "Worker Number": 3,
                                                "Actual Startup Time": 0.007,
                                                "Actual Total Time": 0.054,
                                                "Actual Rows": 29,
                                                "Actual Loops": 30979
                                            }
                                        ]
                                    }
                                ]
                            }
                        ]
                    }
                ]
            }
        ]
    },
    "Planning Time": 1.563,
    "Triggers": [],
    "Execution Time": 2601.182
}