{
  "Plan": {
    "Node Type": "Aggregate",
    "Strategy": "Plain",
    "Partial Mode": "Finalize",
    "Parallel Aware": false,
    "Startup Cost": 690667.65,
    "Total Cost": 690667.66,
    "Plan Rows": 1,
    "Plan Width": 8,
    "Actual Startup Time": 6113.944,
    "Actual Total Time": 6170.455,
    "Actual Rows": 1,
    "Actual Loops": 1,
    "Plans": [
      {
        "Node Type": "Gather",
        "Parent Relationship": "Outer",
        "Parallel Aware": false,
        "Startup Cost": 690667.54,
        "Total Cost": 690667.65,
        "Plan Rows": 1,
        "Plan Width": 8,
        "Actual Startup Time": 6110.612,
        "Actual Total Time": 6170.443,
        "Actual Rows": 2,
        "Actual Loops": 1,
        "Workers Planned": 1,
        "Workers Launched": 1,
        "Single Copy": false,
        "Plans": [
          {
            "Node Type": "Aggregate",
            "Strategy": "Plain",
            "Partial Mode": "Partial",
            "Parent Relationship": "Outer",
            "Parallel Aware": false,
            "Startup Cost": 689667.54,
            "Total Cost": 689667.55,
            "Plan Rows": 1,
            "Plan Width": 8,
            "Actual Startup Time": 6102.982,
            "Actual Total Time": 6102.987,
            "Actual Rows": 1,
            "Actual Loops": 2,
            "Plans": [
              {
                "Node Type": "Hash Join",
                "Parent Relationship": "Outer",
                "Parallel Aware": true,
                "Join Type": "Inner",
                "Startup Cost": 63785.03,
                "Total Cost": 672522.16,
                "Plan Rows": 6858152,
                "Plan Width": 0,
                "Actual Startup Time": 404.123,
                "Actual Total Time": 5872.826,
                "Actual Rows": 5863936,
                "Actual Loops": 2,
                "Inner Unique": true,
                "Hash Cond": "(ci.movie_id = t.id)",
                "Plans": [
                  {
                    "Node Type": "Seq Scan",
                    "Parent Relationship": "Outer",
                    "Parallel Aware": true,
                    "Relation Name": "cast_info",
                    "Alias": "ci",
                    "Startup Cost": 0.0,
                    "Total Cost": 572345.93,
                    "Plan Rows": 13863293,
                    "Plan Width": 4,
                    "Actual Startup Time": 14.311,
                    "Actual Total Time": 1975.56,
                    "Actual Rows": 11876110,
                    "Actual Loops": 2,
                    "Filter": "((person_id > 52607) AND (role_id < 4))",
                    "Rows Removed by Filter": 6246062
                  },
                  {
                    "Node Type": "Hash",
                    "Parent Relationship": "Inner",
                    "Parallel Aware": true,
                    "Startup Cost": 54588.39,
                    "Total Cost": 54588.39,
                    "Plan Rows": 735731,
                    "Plan Width": 4,
                    "Actual Startup Time": 375.075,
                    "Actual Total Time": 375.076,
                    "Actual Rows": 631850,
                    "Actual Loops": 2,
                    "Hash Buckets": 2097152,
                    "Original Hash Buckets": 2097152,
                    "Hash Batches": 1,
                    "Original Hash Batches": 1,
                    "Peak Memory Usage": 65856,
                    "Plans": [
                      {
                        "Node Type": "Seq Scan",
                        "Parent Relationship": "Outer",
                        "Parallel Aware": true,
                        "Relation Name": "title",
                        "Alias": "t",
                        "Startup Cost": 0.0,
                        "Total Cost": 54588.39,
                        "Plan Rows": 735731,
                        "Plan Width": 4,
                        "Actual Startup Time": 0.05,
                        "Actual Total Time": 174.164,
                        "Actual Rows": 631850,
                        "Actual Loops": 2,
                        "Filter": "(production_year < 2004)",
                        "Rows Removed by Filter": 632306
                      }
                    ]
                  }
                ]
              }
            ]
          }
        ]
      }
    ]
  },
  "Planning Time": 0.754,
  "Triggers": [],
  "Execution Time": 6170.539
}