{
  "Plan": {
    "Node Type": "Aggregate",
    "Strategy": "Plain",
    "Partial Mode": "Finalize",
    "Parallel Aware": false,
    "Startup Cost": 256523.33,
    "Total Cost": 256523.34,
    "Plan Rows": 1,
    "Plan Width": 8,
    "Actual Startup Time": 1273.691,
    "Actual Total Time": 1290.348,
    "Actual Rows": 1,
    "Actual Loops": 1,
    "Plans": [
      {
        "Node Type": "Gather",
        "Parent Relationship": "Outer",
        "Parallel Aware": false,
        "Startup Cost": 256523.22,
        "Total Cost": 256523.33,
        "Plan Rows": 1,
        "Plan Width": 8,
        "Actual Startup Time": 1266.829,
        "Actual Total Time": 1290.341,
        "Actual Rows": 2,
        "Actual Loops": 1,
        "Workers Planned": 1,
        "Workers Launched": 1,
        "Single Copy": false,
        "Plans": [
          {
            "Node Type": "Aggregate",
            "Strategy": "Plain",
            "Partial Mode": "Partial",
            "Parent Relationship": "Outer",
            "Parallel Aware": false,
            "Startup Cost": 255523.22,
            "Total Cost": 255523.23,
            "Plan Rows": 1,
            "Plan Width": 8,
            "Actual Startup Time": 1260.75,
            "Actual Total Time": 1260.754,
            "Actual Rows": 1,
            "Actual Loops": 2,
            "Plans": [
              {
                "Node Type": "Merge Join",
                "Parent Relationship": "Outer",
                "Parallel Aware": false,
                "Join Type": "Inner",
                "Startup Cost": 200248.68,
                "Total Cost": 255050.26,
                "Plan Rows": 189183,
                "Plan Width": 0,
                "Actual Startup Time": 1149.783,
                "Actual Total Time": 1254.705,
                "Actual Rows": 150622,
                "Actual Loops": 2,
                "Inner Unique": false,
                "Merge Cond": "(mi_idx.movie_id = t.id)",
                "Plans": [
                  {
                    "Node Type": "Index Only Scan",
                    "Parent Relationship": "Outer",
                    "Parallel Aware": true,
                    "Scan Direction": "Forward",
                    "Index Name": "movie_id_movie_info_idx",
                    "Relation Name": "movie_info_idx",
                    "Alias": "mi_idx",
                    "Startup Cost": 0.43,
                    "Total Cost": 47937.73,
                    "Plan Rows": 811785,
                    "Plan Width": 4,
                    "Actual Startup Time": 0.126,
                    "Actual Total Time": 50.401,
                    "Actual Rows": 269302,
                    "Actual Loops": 2,
                    "Heap Fetches": 538604
                  },
                  {
                    "Node Type": "Sort",
                    "Parent Relationship": "Inner",
                    "Parallel Aware": false,
                    "Startup Cost": 200248.19,
                    "Total Cost": 201721.21,
                    "Plan Rows": 589207,
                    "Plan Width": 8,
                    "Actual Startup Time": 1149.627,
                    "Actual Total Time": 1162.814,
                    "Actual Rows": 381780,
                    "Actual Loops": 2,
                    "Sort Key": [
                      "mc.movie_id"
                    ],
                    "Sort Method": "quicksort",
                    "Sort Space Used": 25477,
                    "Sort Space Type": "Memory",
                    "Workers": [
                      {
                        "Worker Number": 0,
                        "Sort Method": "quicksort",
                        "Sort Space Used": 25477,
                        "Sort Space Type": "Memory"
                      }
                    ],
                    "Plans": [
                      {
                        "Node Type": "Hash Join",
                        "Parent Relationship": "Outer",
                        "Parallel Aware": false,
                        "Join Type": "Inner",
                        "Startup Cost": 91258.96,
                        "Total Cost": 143777.37,
                        "Plan Rows": 589207,
                        "Plan Width": 8,
                        "Actual Startup Time": 636.681,
                        "Actual Total Time": 1088.711,
                        "Actual Rows": 281365,
                        "Actual Loops": 2,
                        "Inner Unique": true,
                        "Hash Cond": "(mc.movie_id = t.id)",
                        "Plans": [
                          {
                            "Node Type": "Index Scan",
                            "Parent Relationship": "Outer",
                            "Parallel Aware": false,
                            "Scan Direction": "Forward",
                            "Index Name": "company_type_id_movie_companies",
                            "Relation Name": "movie_companies",
                            "Alias": "mc",
                            "Startup Cost": 0.43,
                            "Total Cost": 49699.27,
                            "Plan Rows": 1074121,
                            "Plan Width": 4,
                            "Actual Startup Time": 0.238,
                            "Actual Total Time": 207.466,
                            "Actual Rows": 833767,
                            "Actual Loops": 2,
                            "Index Cond": "(company_type_id > 1)",
                            "Rows Removed by Index Recheck": 0,
                            "Filter": "(company_id < 74156)",
                            "Rows Removed by Filter": 501116
                          },
                          {
                            "Node Type": "Hash",
                            "Parent Relationship": "Inner",
                            "Parallel Aware": false,
                            "Startup Cost": 73922.39,
                            "Total Cost": 73922.39,
                            "Plan Rows": 1386891,
                            "Plan Width": 4,
                            "Actual Startup Time": 622.819,
                            "Actual Total Time": 622.821,
                            "Actual Rows": 1468207,
                            "Actual Loops": 2,
                            "Hash Buckets": 2097152,
                            "Original Hash Buckets": 2097152,
                            "Hash Batches": 1,
                            "Original Hash Batches": 1,
                            "Peak Memory Usage": 68001,
                            "Plans": [
                              {
                                "Node Type": "Seq Scan",
                                "Parent Relationship": "Outer",
                                "Parallel Aware": false,
                                "Relation Name": "title",
                                "Alias": "t",
                                "Startup Cost": 0.0,
                                "Total Cost": 73922.39,
                                "Plan Rows": 1386891,
                                "Plan Width": 4,
                                "Actual Startup Time": 0.039,
                                "Actual Total Time": 302.332,
                                "Actual Rows": 1468207,
                                "Actual Loops": 2,
                                "Filter": "((production_year > 1952) AND (kind_id = 7))",
                                "Rows Removed by Filter": 1060105
                              }
                            ]
                          }
                        ]
                      }
                    ]
                  }
                ]
              }
            ]
          }
        ]
      }
    ]
  },
  "Planning Time": 1.113,
  "Triggers": [],
  "Execution Time": 1298.36
}