[
  {
    "Plan": {
      "Node Type": "Aggregate",
      "Strategy": "Plain",
      "Partial Mode": "Finalize",
      "Parallel Aware": false,
      "Startup Cost": 31379.85,
      "Total Cost": 31379.86,
      "Plan Rows": 1,
      "Plan Width": 8,
      "Actual Startup Time": 82.954,
      "Actual Total Time": 86.328,
      "Actual Rows": 1,
      "Actual Loops": 1,
      "Plans": [
        {
          "Node Type": "Gather",
          "Parent Relationship": "Outer",
          "Parallel Aware": false,
          "Startup Cost": 31379.54,
          "Total Cost": 31379.85,
          "Plan Rows": 3,
          "Plan Width": 8,
          "Actual Startup Time": 82.888,
          "Actual Total Time": 86.323,
          "Actual Rows": 4,
          "Actual Loops": 1,
          "Workers Planned": 3,
          "Workers Launched": 3,
          "Single Copy": false,
          "Plans": [
            {
              "Node Type": "Aggregate",
              "Strategy": "Plain",
              "Partial Mode": "Partial",
              "Parent Relationship": "Outer",
              "Parallel Aware": false,
              "Startup Cost": 30379.54,
              "Total Cost": 30379.55,
              "Plan Rows": 1,
              "Plan Width": 8,
              "Actual Startup Time": 78.948,
              "Actual Total Time": 78.948,
              "Actual Rows": 1,
              "Actual Loops": 4,
              "Plans": [
                {
                  "Node Type": "Seq Scan",
                  "Parent Relationship": "Outer",
                  "Parallel Aware": true,
                  "Relation Name": "movie_companies",
                  "Alias": "mc",
                  "Startup Cost": 0.0,
                  "Total Cost": 29310.68,
                  "Plan Rows": 427542,
                  "Plan Width": 0,
                  "Actual Startup Time": 11.735,
                  "Actual Total Time": 64.313,
                  "Actual Rows": 332369,
                  "Actual Loops": 4,
                  "Filter": "(company_id > 11209)",
                  "Rows Removed by Filter": 319914
                }
              ]
            }
          ]
        }
      ]
    },
    "Planning Time": 0.086,
    "Triggers": [],
    "Execution Time": 86.356
  }
]