[
  {
    "Plan": {
      "Node Type": "Aggregate",
      "Strategy": "Plain",
      "Partial Mode": "Finalize",
      "Parallel Aware": false,
      "Startup Cost": 100248.42,
      "Total Cost": 100248.43,
      "Plan Rows": 1,
      "Plan Width": 8,
      "Actual Startup Time": 739.348,
      "Actual Total Time": 806.091,
      "Actual Rows": 1,
      "Actual Loops": 1,
      "Plans": [
        {
          "Node Type": "Gather",
          "Parent Relationship": "Outer",
          "Parallel Aware": false,
          "Startup Cost": 100248.11,
          "Total Cost": 100248.42,
          "Plan Rows": 3,
          "Plan Width": 8,
          "Actual Startup Time": 724.545,
          "Actual Total Time": 806.079,
          "Actual Rows": 4,
          "Actual Loops": 1,
          "Workers Planned": 3,
          "Workers Launched": 3,
          "Single Copy": false,
          "Plans": [
            {
              "Node Type": "Aggregate",
              "Strategy": "Plain",
              "Partial Mode": "Partial",
              "Parent Relationship": "Outer",
              "Parallel Aware": false,
              "Startup Cost": 99248.11,
              "Total Cost": 99248.12,
              "Plan Rows": 1,
              "Plan Width": 8,
              "Actual Startup Time": 716.969,
              "Actual Total Time": 716.974,
              "Actual Rows": 1,
              "Actual Loops": 4,
              "Plans": [
                {
                  "Node Type": "Nested Loop",
                  "Parent Relationship": "Outer",
                  "Parallel Aware": false,
                  "Join Type": "Inner",
                  "Startup Cost": 51387.43,
                  "Total Cost": 98799.54,
                  "Plan Rows": 179425,
                  "Plan Width": 0,
                  "Actual Startup Time": 289.442,
                  "Actual Total Time": 702.144,
                  "Actual Rows": 267020,
                  "Actual Loops": 4,
                  "Inner Unique": false,
                  "Plans": [
                    {
                      "Node Type": "Hash Join",
                      "Parent Relationship": "Outer",
                      "Parallel Aware": true,
                      "Join Type": "Inner",
                      "Startup Cost": 51386.87,
                      "Total Cost": 70408.55,
                      "Plan Rows": 12514,
                      "Plan Width": 8,
                      "Actual Startup Time": 289.159,
                      "Actual Total Time": 312.362,
                      "Actual Rows": 11520,
                      "Actual Loops": 4,
                      "Inner Unique": true,
                      "Hash Cond": "(mc.movie_id = t.id)",
                      "Plans": [
                        {
                          "Node Type": "Bitmap Heap Scan",
                          "Parent Relationship": "Outer",
                          "Parallel Aware": true,
                          "Relation Name": "movie_companies",
                          "Alias": "mc",
                          "Startup Cost": 1032.45,
                          "Total Cost": 20013.92,
                          "Plan Rows": 15318,
                          "Plan Width": 4,
                          "Actual Startup Time": 2.451,
                          "Actual Total Time": 10.14,
                          "Actual Rows": 11813,
                          "Actual Loops": 4,
                          "Recheck Cond": "(company_id = 19)",
                          "Rows Removed by Index Recheck": 0,
                          "Exact Heap Blocks": 1818,
                          "Lossy Heap Blocks": 0,
                          "Plans": [
                            {
                              "Node Type": "Bitmap Index Scan",
                              "Parent Relationship": "Outer",
                              "Parallel Aware": false,
                              "Index Name": "company_id_movie_companies",
                              "Startup Cost": 0.0,
                              "Total Cost": 1020.57,
                              "Plan Rows": 47486,
                              "Plan Width": 0,
                              "Actual Startup Time": 1.839,
                              "Actual Total Time": 1.84,
                              "Actual Rows": 47252,
                              "Actual Loops": 1,
                              "Index Cond": "(company_id = 19)"
                            }
                          ]
                        },
                        {
                          "Node Type": "Hash",
                          "Parent Relationship": "Inner",
                          "Parallel Aware": true,
                          "Startup Cost": 43899.32,
                          "Total Cost": 43899.32,
                          "Plan Rows": 516408,
                          "Plan Width": 4,
                          "Actual Startup Time": 282.135,
                          "Actual Total Time": 282.136,
                          "Actual Rows": 516138,
                          "Actual Loops": 4,
                          "Hash Buckets": 2097152,
                          "Original Hash Buckets": 2097152,
                          "Hash Batches": 1,
                          "Original Hash Batches": 1,
                          "Peak Memory Usage": 97184,
                          "Plans": [
                            {
                              "Node Type": "Seq Scan",
                              "Parent Relationship": "Outer",
                              "Parallel Aware": true,
                              "Relation Name": "title",
                              "Alias": "t",
                              "Startup Cost": 0.0,
                              "Total Cost": 43899.32,
                              "Plan Rows": 516408,
                              "Plan Width": 4,
                              "Actual Startup Time": 0.052,
                              "Actual Total Time": 108.196,
                              "Actual Rows": 516138,
                              "Actual Loops": 4,
                              "Filter": "(production_year < 2011)",
                              "Rows Removed by Filter": 115940
                            }
                          ]
                        }
                      ]
                    },
                    {
                      "Node Type": "Index Only Scan",
                      "Parent Relationship": "Inner",
                      "Parallel Aware": false,
                      "Scan Direction": "Forward",
                      "Index Name": "movie_id_cast_info",
                      "Relation Name": "cast_info",
                      "Alias": "ci",
                      "Startup Cost": 0.56,
                      "Total Cost": 1.92,
                      "Plan Rows": 35,
                      "Plan Width": 4,
                      "Actual Startup Time": 0.006,
                      "Actual Total Time": 0.032,
                      "Actual Rows": 23,
                      "Actual Loops": 46082,
                      "Index Cond": "(movie_id = t.id)",
                      "Rows Removed by Index Recheck": 0,
                      "Heap Fetches": 1068081
                    }
                  ]
                }
              ]
            }
          ]
        }
      ]
    },
    "Planning Time": 0.482,
    "Triggers": [],
    "Execution Time": 806.169
  }
]