[
  {
    "Plan": {
      "Node Type": "Aggregate",
      "Strategy": "Plain",
      "Partial Mode": "Finalize",
      "Parallel Aware": false,
      "Startup Cost": 431938.23,
      "Total Cost": 431938.24,
      "Plan Rows": 1,
      "Plan Width": 8,
      "Actual Startup Time": 2917.251,
      "Actual Total Time": 2982.211,
      "Actual Rows": 1,
      "Actual Loops": 1,
      "Plans": [
        {
          "Node Type": "Gather",
          "Parent Relationship": "Outer",
          "Parallel Aware": false,
          "Startup Cost": 431937.61,
          "Total Cost": 431938.22,
          "Plan Rows": 6,
          "Plan Width": 8,
          "Actual Startup Time": 2898.693,
          "Actual Total Time": 2982.199,
          "Actual Rows": 7,
          "Actual Loops": 1,
          "Workers Planned": 6,
          "Workers Launched": 6,
          "Single Copy": false,
          "Plans": [
            {
              "Node Type": "Aggregate",
              "Strategy": "Plain",
              "Partial Mode": "Partial",
              "Parent Relationship": "Outer",
              "Parallel Aware": false,
              "Startup Cost": 430937.61,
              "Total Cost": 430937.62,
              "Plan Rows": 1,
              "Plan Width": 8,
              "Actual Startup Time": 2887.877,
              "Actual Total Time": 2888.294,
              "Actual Rows": 1,
              "Actual Loops": 7,
              "Plans": [
                {
                  "Node Type": "Hash Join",
                  "Parent Relationship": "Outer",
                  "Parallel Aware": true,
                  "Join Type": "Inner",
                  "Startup Cost": 84229.31,
                  "Total Cost": 425438.23,
                  "Plan Rows": 2199751,
                  "Plan Width": 0,
                  "Actual Startup Time": 435.98,
                  "Actual Total Time": 2707.052,
                  "Actual Rows": 3847847,
                  "Actual Loops": 7,
                  "Inner Unique": false,
                  "Hash Cond": "(ci.movie_id = t.id)",
                  "Plans": [
                    {
                      "Node Type": "Seq Scan",
                      "Parent Relationship": "Outer",
                      "Parallel Aware": true,
                      "Relation Name": "cast_info",
                      "Alias": "ci",
                      "Startup Cost": 0.0,
                      "Total Cost": 313067.02,
                      "Plan Rows": 6038002,
                      "Plan Width": 4,
                      "Actual Startup Time": 0.023,
                      "Actual Total Time": 562.993,
                      "Actual Rows": 5177763,
                      "Actual Loops": 7
                    },
                    {
                      "Node Type": "Hash",
                      "Parent Relationship": "Inner",
                      "Parallel Aware": true,
                      "Startup Cost": 81350.86,
                      "Total Cost": 81350.86,
                      "Plan Rows": 230276,
                      "Plan Width": 8,
                      "Actual Startup Time": 430.909,
                      "Actual Total Time": 431.324,
                      "Actual Rows": 157777,
                      "Actual Loops": 7,
                      "Hash Buckets": 2097152,
                      "Original Hash Buckets": 1048576,
                      "Hash Batches": 1,
                      "Original Hash Batches": 1,
                      "Peak Memory Usage": 67936,
                      "Plans": [
                        {
                          "Node Type": "Hash Join",
                          "Parent Relationship": "Outer",
                          "Parallel Aware": true,
                          "Join Type": "Inner",
                          "Startup Cost": 35128.94,
                          "Total Cost": 81350.86,
                          "Plan Rows": 230276,
                          "Plan Width": 8,
                          "Actual Startup Time": 157.859,
                          "Actual Total Time": 344.167,
                          "Actual Rows": 157777,
                          "Actual Loops": 7,
                          "Inner Unique": false,
                          "Hash Cond": "(t.id = mc.movie_id)",
                          "Plans": [
                            {
                              "Node Type": "Seq Scan",
                              "Parent Relationship": "Outer",
                              "Parallel Aware": true,
                              "Relation Name": "title",
                              "Alias": "t",
                              "Startup Cost": 0.0,
                              "Total Cost": 42318.73,
                              "Plan Rows": 632073,
                              "Plan Width": 4,
                              "Actual Startup Time": 0.012,
                              "Actual Total Time": 56.829,
                              "Actual Rows": 361187,
                              "Actual Loops": 7
                            },
                            {
                              "Node Type": "Hash",
                              "Parent Relationship": "Inner",
                              "Parallel Aware": true,
                              "Startup Cost": 31414.82,
                              "Total Cost": 31414.82,
                              "Plan Rows": 297130,
                              "Plan Width": 4,
                              "Actual Startup Time": 156.187,
                              "Actual Total Time": 156.188,
                              "Actual Rows": 157777,
                              "Actual Loops": 7,
                              "Hash Buckets": 2097152,
                              "Original Hash Buckets": 1048576,
                              "Hash Batches": 1,
                              "Original Hash Batches": 1,
                              "Peak Memory Usage": 67872,
                              "Plans": [
                                {
                                  "Node Type": "Seq Scan",
                                  "Parent Relationship": "Outer",
                                  "Parallel Aware": true,
                                  "Relation Name": "movie_companies",
                                  "Alias": "mc",
                                  "Startup Cost": 0.0,
                                  "Total Cost": 31414.82,
                                  "Plan Rows": 297130,
                                  "Plan Width": 4,
                                  "Actual Startup Time": 39.993,
                                  "Actual Total Time": 67.436,
                                  "Actual Rows": 157777,
                                  "Actual Loops": 7,
                                  "Filter": "((company_id > 1705) AND (company_type_id > 1))",
                                  "Rows Removed by Filter": 214956
                                }
                              ]
                            }
                          ]
                        }
                      ]
                    }
                  ]
                }
              ]
            }
          ]
        }
      ]
    },
    "Planning Time": 1.418,
    "Triggers": [],
    "Execution Time": 2982.31
  }
]