[
    {
        "Bao": {
            "Bao prediction": "NaN",
            "Bao recommended hint": "(no hint)"
        }
    },
    {
        "Plan": {
            "Node Type": "Aggregate",
            "Strategy": "Plain",
            "Partial Mode": "Finalize",
            "Parallel Aware": false,
            "Startup Cost": 256329.48,
            "Total Cost": 256329.49,
            "Plan Rows": 1,
            "Plan Width": 8,
            "Actual Startup Time": 739.174,
            "Actual Total Time": 759.708,
            "Actual Rows": 1,
            "Actual Loops": 1,
            "Output": [
                "count(*)"
            ],
            "Plans": [
                {
                    "Node Type": "Gather",
                    "Parent Relationship": "Outer",
                    "Parallel Aware": false,
                    "Startup Cost": 256329.16,
                    "Total Cost": 256329.47,
                    "Plan Rows": 3,
                    "Plan Width": 8,
                    "Actual Startup Time": 724.664,
                    "Actual Total Time": 759.699,
                    "Actual Rows": 4,
                    "Actual Loops": 1,
                    "Output": [
                        "(PARTIAL count(*))"
                    ],
                    "Workers Planned": 3,
                    "Workers Launched": 3,
                    "Single Copy": false,
                    "Plans": [
                        {
                            "Node Type": "Aggregate",
                            "Strategy": "Plain",
                            "Partial Mode": "Partial",
                            "Parent Relationship": "Outer",
                            "Parallel Aware": false,
                            "Startup Cost": 255329.16,
                            "Total Cost": 255329.17,
                            "Plan Rows": 1,
                            "Plan Width": 8,
                            "Actual Startup Time": 708.21,
                            "Actual Total Time": 708.339,
                            "Actual Rows": 1,
                            "Actual Loops": 4,
                            "Output": [
                                "PARTIAL count(*)"
                            ],
                            "Workers": [
                                {
                                    "Worker Number": 0,
                                    "Actual Startup Time": 703.243,
                                    "Actual Total Time": 703.248,
                                    "Actual Rows": 1,
                                    "Actual Loops": 1
                                },
                                {
                                    "Worker Number": 1,
                                    "Actual Startup Time": 702.593,
                                    "Actual Total Time": 702.599,
                                    "Actual Rows": 1,
                                    "Actual Loops": 1
                                },
                                {
                                    "Worker Number": 2,
                                    "Actual Startup Time": 702.771,
                                    "Actual Total Time": 702.776,
                                    "Actual Rows": 1,
                                    "Actual Loops": 1
                                }
                            ],
                            "Plans": [
                                {
                                    "Node Type": "Hash Join",
                                    "Parent Relationship": "Outer",
                                    "Parallel Aware": true,
                                    "Join Type": "Inner",
                                    "Startup Cost": 223282.44,
                                    "Total Cost": 255053.02,
                                    "Plan Rows": 110456,
                                    "Plan Width": 0,
                                    "Actual Startup Time": 441.091,
                                    "Actual Total Time": 659.492,
                                    "Actual Rows": 1084942,
                                    "Actual Loops": 4,
                                    "Inner Unique": false,
                                    "Hash Cond": "(mc.movie_id = t.id)",
                                    "Workers": [
                                        {
                                            "Worker Number": 0,
                                            "Actual Startup Time": 435.763,
                                            "Actual Total Time": 653.159,
                                            "Actual Rows": 760618,
                                            "Actual Loops": 1
                                        },
                                        {
                                            "Worker Number": 1,
                                            "Actual Startup Time": 435.579,
                                            "Actual Total Time": 654.414,
                                            "Actual Rows": 1183294,
                                            "Actual Loops": 1
                                        },
                                        {
                                            "Worker Number": 2,
                                            "Actual Startup Time": 435.765,
                                            "Actual Total Time": 654.666,
                                            "Actual Rows": 1182329,
                                            "Actual Loops": 1
                                        }
                                    ],
                                    "Plans": [
                                        {
                                            "Node Type": "Seq Scan",
                                            "Parent Relationship": "Outer",
                                            "Parallel Aware": true,
                                            "Relation Name": "movie_companies",
                                            "Schema": "public",
                                            "Alias": "mc",
                                            "Startup Cost": 0.0,
                                            "Total Cost": 29310.68,
                                            "Plan Rows": 597063,
                                            "Plan Width": 4,
                                            "Actual Startup Time": 0.025,
                                            "Actual Total Time": 69.999,
                                            "Actual Rows": 462222,
                                            "Actual Loops": 4,
                                            "Output": [
                                                "mc.id",
                                                "mc.movie_id",
                                                "mc.company_id",
                                                "mc.company_type_id",
                                                "mc.note"
                                            ],
                                            "Filter": "(mc.company_id < 35439)",
                                            "Rows Removed by Filter": 190060,
                                            "Workers": [
                                                {
                                                    "Worker Number": 0,
                                                    "Actual Startup Time": 0.032,
                                                    "Actual Total Time": 73.518,
                                                    "Actual Rows": 320895,
                                                    "Actual Loops": 1
                                                },
                                                {
                                                    "Worker Number": 1,
                                                    "Actual Startup Time": 0.029,
                                                    "Actual Total Time": 70.469,
                                                    "Actual Rows": 502957,
                                                    "Actual Loops": 1
                                                },
                                                {
                                                    "Worker Number": 2,
                                                    "Actual Startup Time": 0.027,
                                                    "Actual Total Time": 70.69,
                                                    "Actual Rows": 504865,
                                                    "Actual Loops": 1
                                                }
                                            ]
                                        },
                                        {
                                            "Node Type": "Hash",
                                            "Parent Relationship": "Inner",
                                            "Parallel Aware": true,
                                            "Startup Cost": 222113.11,
                                            "Total Cost": 222113.11,
                                            "Plan Rows": 93547,
                                            "Plan Width": 8,
                                            "Actual Startup Time": 438.95,
                                            "Actual Total Time": 439.076,
                                            "Actual Rows": 121638,
                                            "Actual Loops": 4,
                                            "Output": [
                                                "t.id",
                                                "mi.movie_id"
                                            ],
                                            "Hash Buckets": 524288,
                                            "Original Hash Buckets": 524288,
                                            "Hash Batches": 1,
                                            "Original Hash Batches": 1,
                                            "Peak Memory Usage": 23200,
                                            "Workers": [
                                                {
                                                    "Worker Number": 0,
                                                    "Actual Startup Time": 435.091,
                                                    "Actual Total Time": 435.095,
                                                    "Actual Rows": 91936,
                                                    "Actual Loops": 1
                                                },
                                                {
                                                    "Worker Number": 1,
                                                    "Actual Startup Time": 435.158,
                                                    "Actual Total Time": 435.162,
                                                    "Actual Rows": 128733,
                                                    "Actual Loops": 1
                                                },
                                                {
                                                    "Worker Number": 2,
                                                    "Actual Startup Time": 435.292,
                                                    "Actual Total Time": 435.296,
                                                    "Actual Rows": 128593,
                                                    "Actual Loops": 1
                                                }
                                            ],
                                            "Plans": [
                                                {
                                                    "Node Type": "Hash Join",
                                                    "Parent Relationship": "Outer",
                                                    "Parallel Aware": true,
                                                    "Join Type": "Inner",
                                                    "Startup Cost": 58705.2,
                                                    "Total Cost": 222113.11,
                                                    "Plan Rows": 93547,
                                                    "Plan Width": 8,
                                                    "Actual Startup Time": 346.884,
                                                    "Actual Total Time": 408.218,
                                                    "Actual Rows": 121638,
                                                    "Actual Loops": 4,
                                                    "Output": [
                                                        "t.id",
                                                        "mi.movie_id"
                                                    ],
                                                    "Inner Unique": true,
                                                    "Hash Cond": "(mi.movie_id = t.id)",
                                                    "Workers": [
                                                        {
                                                            "Worker Number": 0,
                                                            "Actual Startup Time": 343.116,
                                                            "Actual Total Time": 405.858,
                                                            "Actual Rows": 91936,
                                                            "Actual Loops": 1
                                                        },
                                                        {
                                                            "Worker Number": 1,
                                                            "Actual Startup Time": 343.073,
                                                            "Actual Total Time": 403.818,
                                                            "Actual Rows": 128733,
                                                            "Actual Loops": 1
                                                        },
                                                        {
                                                            "Worker Number": 2,
                                                            "Actual Startup Time": 343.234,
                                                            "Actual Total Time": 403.996,
                                                            "Actual Rows": 128593,
                                                            "Actual Loops": 1
                                                        }
                                                    ],
                                                    "Plans": [
                                                        {
                                                            "Node Type": "Bitmap Heap Scan",
                                                            "Parent Relationship": "Outer",
                                                            "Parallel Aware": true,
                                                            "Relation Name": "movie_info",
                                                            "Schema": "public",
                                                            "Alias": "mi",
                                                            "Startup Cost": 8485.4,
                                                            "Total Cost": 171647.74,
                                                            "Plan Rows": 93547,
                                                            "Plan Width": 4,
                                                            "Actual Startup Time": 14.436,
                                                            "Actual Total Time": 31.231,
                                                            "Actual Rows": 121638,
                                                            "Actual Loops": 4,
                                                            "Output": [
                                                                "mi.id",
                                                                "mi.movie_id",
                                                                "mi.info_type_id",
                                                                "mi.info",
                                                                "mi.note"
                                                            ],
                                                            "Recheck Cond": "(mi.info_type_id = 5)",
                                                            "Rows Removed by Index Recheck": 0,
                                                            "Exact Heap Blocks": 1764,
                                                            "Lossy Heap Blocks": 0,
                                                            "Workers": [
                                                                {
                                                                    "Worker Number": 0,
                                                                    "Actual Startup Time": 14.459,
                                                                    "Actual Total Time": 32.795,
                                                                    "Actual Rows": 91936,
                                                                    "Actual Loops": 1
                                                                },
                                                                {
                                                                    "Worker Number": 1,
                                                                    "Actual Startup Time": 14.473,
                                                                    "Actual Total Time": 31.162,
                                                                    "Actual Rows": 128733,
                                                                    "Actual Loops": 1
                                                                },
                                                                {
                                                                    "Worker Number": 2,
                                                                    "Actual Startup Time": 14.476,
                                                                    "Actual Total Time": 31.204,
                                                                    "Actual Rows": 128593,
                                                                    "Actual Loops": 1
                                                                }
                                                            ],
                                                            "Plans": [
                                                                {
                                                                    "Node Type": "Bitmap Index Scan",
                                                                    "Parent Relationship": "Outer",
                                                                    "Parallel Aware": false,
                                                                    "Index Name": "info_type_id_movie_info",
                                                                    "Startup Cost": 0.0,
                                                                    "Total Cost": 8368.46,
                                                                    "Plan Rows": 467737,
                                                                    "Plan Width": 0,
                                                                    "Actual Startup Time": 13.645,
                                                                    "Actual Total Time": 13.645,
                                                                    "Actual Rows": 486554,
                                                                    "Actual Loops": 1,
                                                                    "Index Cond": "(mi.info_type_id = 5)"
                                                                }
                                                            ]
                                                        },
                                                        {
                                                            "Node Type": "Hash",
                                                            "Parent Relationship": "Inner",
                                                            "Parallel Aware": true,
                                                            "Startup Cost": 42318.81,
                                                            "Total Cost": 42318.81,
                                                            "Plan Rows": 632080,
                                                            "Plan Width": 4,
                                                            "Actual Startup Time": 325.286,
                                                            "Actual Total Time": 325.287,
                                                            "Actual Rows": 632078,
                                                            "Actual Loops": 4,
                                                            "Output": [
                                                                "t.id"
                                                            ],
                                                            "Hash Buckets": 4194304,
                                                            "Original Hash Buckets": 4194304,
                                                            "Hash Batches": 1,
                                                            "Original Hash Batches": 1,
                                                            "Peak Memory Usage": 131712,
                                                            "Workers": [
                                                                {
                                                                    "Worker Number": 0,
                                                                    "Actual Startup Time": 328.524,
                                                                    "Actual Total Time": 328.525,
                                                                    "Actual Rows": 480962,
                                                                    "Actual Loops": 1
                                                                },
                                                                {
                                                                    "Worker Number": 1,
                                                                    "Actual Startup Time": 328.482,
                                                                    "Actual Total Time": 328.484,
                                                                    "Actual Rows": 635081,
                                                                    "Actual Loops": 1
                                                                },
                                                                {
                                                                    "Worker Number": 2,
                                                                    "Actual Startup Time": 328.648,
                                                                    "Actual Total Time": 328.649,
                                                                    "Actual Rows": 635263,
                                                                    "Actual Loops": 1
                                                                }
                                                            ],
                                                            "Plans": [
                                                                {
                                                                    "Node Type": "Seq Scan",
                                                                    "Parent Relationship": "Outer",
                                                                    "Parallel Aware": true,
                                                                    "Relation Name": "title",
                                                                    "Schema": "public",
                                                                    "Alias": "t",
                                                                    "Startup Cost": 0.0,
                                                                    "Total Cost": 42318.81,
                                                                    "Plan Rows": 632080,
                                                                    "Plan Width": 4,
                                                                    "Actual Startup Time": 0.03,
                                                                    "Actual Total Time": 94.89,
                                                                    "Actual Rows": 632078,
                                                                    "Actual Loops": 4,
                                                                    "Output": [
                                                                        "t.id"
                                                                    ],
                                                                    "Workers": [
                                                                        {
                                                                            "Worker Number": 0,
                                                                            "Actual Startup Time": 0.051,
                                                                            "Actual Total Time": 106.34,
                                                                            "Actual Rows": 480962,
                                                                            "Actual Loops": 1
                                                                        },
                                                                        {
                                                                            "Worker Number": 1,
                                                                            "Actual Startup Time": 0.024,
                                                                            "Actual Total Time": 96.094,
                                                                            "Actual Rows": 635081,
                                                                            "Actual Loops": 1
                                                                        },
                                                                        {
                                                                            "Worker Number": 2,
                                                                            "Actual Startup Time": 0.034,
                                                                            "Actual Total Time": 95.006,
                                                                            "Actual Rows": 635263,
                                                                            "Actual Loops": 1
                                                                        }
                                                                    ]
                                                                }
                                                            ]
                                                        }
                                                    ]
                                                }
                                            ]
                                        }
                                    ]
                                }
                            ]
                        }
                    ]
                }
            ]
        },
        "Planning Time": 212.494,
        "Triggers": [],
        "Execution Time": 759.791
    }
]