[
  {
    "Plan": {
      "Node Type": "Aggregate",
      "Strategy": "Plain",
      "Partial Mode": "Finalize",
      "Parallel Aware": false,
      "Startup Cost": 31381.54,
      "Total Cost": 31381.55,
      "Plan Rows": 1,
      "Plan Width": 8,
      "Actual Startup Time": 116.961,
      "Actual Total Time": 126.577,
      "Actual Rows": 1,
      "Actual Loops": 1,
      "Plans": [
        {
          "Node Type": "Gather",
          "Parent Relationship": "Outer",
          "Parallel Aware": false,
          "Startup Cost": 31381.22,
          "Total Cost": 31381.53,
          "Plan Rows": 3,
          "Plan Width": 8,
          "Actual Startup Time": 116.82,
          "Actual Total Time": 126.569,
          "Actual Rows": 4,
          "Actual Loops": 1,
          "Workers Planned": 3,
          "Workers Launched": 3,
          "Single Copy": false,
          "Plans": [
            {
              "Node Type": "Aggregate",
              "Strategy": "Plain",
              "Partial Mode": "Partial",
              "Parent Relationship": "Outer",
              "Parallel Aware": false,
              "Startup Cost": 30381.22,
              "Total Cost": 30381.23,
              "Plan Rows": 1,
              "Plan Width": 8,
              "Actual Startup Time": 108.248,
              "Actual Total Time": 108.249,
              "Actual Rows": 1,
              "Actual Loops": 4,
              "Plans": [
                {
                  "Node Type": "Seq Scan",
                  "Parent Relationship": "Outer",
                  "Parallel Aware": true,
                  "Relation Name": "movie_companies",
                  "Alias": "mc",
                  "Startup Cost": 0.0,
                  "Total Cost": 29310.68,
                  "Plan Rows": 428216,
                  "Plan Width": 0,
                  "Actual Startup Time": 22.715,
                  "Actual Total Time": 91.367,
                  "Actual Rows": 333434,
                  "Actual Loops": 4,
                  "Filter": "(company_id > 11203)",
                  "Rows Removed by Filter": 318848
                }
              ]
            }
          ]
        }
      ]
    },
    "Planning Time": 0.169,
    "Triggers": [],
    "Execution Time": 126.631
  }
]