[
  {
    "Plan": {
      "Node Type": "Aggregate",
      "Strategy": "Plain",
      "Partial Mode": "Finalize",
      "Parallel Aware": false,
      "Startup Cost": 347279.06,
      "Total Cost": 347279.07,
      "Plan Rows": 1,
      "Plan Width": 8,
      "Actual Startup Time": 773.084,
      "Actual Total Time": 819.753,
      "Actual Rows": 1,
      "Actual Loops": 1,
      "Plans": [
        {
          "Node Type": "Gather",
          "Parent Relationship": "Outer",
          "Parallel Aware": false,
          "Startup Cost": 347278.43,
          "Total Cost": 347279.04,
          "Plan Rows": 6,
          "Plan Width": 8,
          "Actual Startup Time": 772.904,
          "Actual Total Time": 819.741,
          "Actual Rows": 7,
          "Actual Loops": 1,
          "Workers Planned": 6,
          "Workers Launched": 6,
          "Single Copy": false,
          "Plans": [
            {
              "Node Type": "Aggregate",
              "Strategy": "Plain",
              "Partial Mode": "Partial",
              "Parent Relationship": "Outer",
              "Parallel Aware": false,
              "Startup Cost": 346278.43,
              "Total Cost": 346278.44,
              "Plan Rows": 1,
              "Plan Width": 8,
              "Actual Startup Time": 765.127,
              "Actual Total Time": 765.129,
              "Actual Rows": 1,
              "Actual Loops": 7,
              "Plans": [
                {
                  "Node Type": "Seq Scan",
                  "Parent Relationship": "Outer",
                  "Parallel Aware": true,
                  "Relation Name": "cast_info",
                  "Alias": "ci",
                  "Startup Cost": 0.0,
                  "Total Cost": 343316.27,
                  "Plan Rows": 1184865,
                  "Plan Width": 0,
                  "Actual Startup Time": 345.58,
                  "Actual Total Time": 681.328,
                  "Actual Rows": 1551168,
                  "Actual Loops": 7,
                  "Filter": "((person_id > 2057147) AND (role_id > 2))",
                  "Rows Removed by Filter": 3626595
                }
              ]
            }
          ]
        }
      ]
    },
    "Planning Time": 0.1,
    "Triggers": [],
    "Execution Time": 819.802
  }
]