[
  {
    "Plan": {
      "Node Type": "Aggregate",
      "Strategy": "Plain",
      "Partial Mode": "Finalize",
      "Parallel Aware": false,
      "Startup Cost": 347236.78,
      "Total Cost": 347236.79,
      "Plan Rows": 1,
      "Plan Width": 8,
      "Actual Startup Time": 708.083,
      "Actual Total Time": 763.522,
      "Actual Rows": 1,
      "Actual Loops": 1,
      "Plans": [
        {
          "Node Type": "Gather",
          "Parent Relationship": "Outer",
          "Parallel Aware": false,
          "Startup Cost": 347236.15,
          "Total Cost": 347236.76,
          "Plan Rows": 6,
          "Plan Width": 8,
          "Actual Startup Time": 707.945,
          "Actual Total Time": 763.512,
          "Actual Rows": 7,
          "Actual Loops": 1,
          "Workers Planned": 6,
          "Workers Launched": 6,
          "Single Copy": false,
          "Plans": [
            {
              "Node Type": "Aggregate",
              "Strategy": "Plain",
              "Partial Mode": "Partial",
              "Parent Relationship": "Outer",
              "Parallel Aware": false,
              "Startup Cost": 346236.15,
              "Total Cost": 346236.16,
              "Plan Rows": 1,
              "Plan Width": 8,
              "Actual Startup Time": 698.98,
              "Actual Total Time": 698.981,
              "Actual Rows": 1,
              "Actual Loops": 7,
              "Plans": [
                {
                  "Node Type": "Seq Scan",
                  "Parent Relationship": "Outer",
                  "Parallel Aware": true,
                  "Relation Name": "cast_info",
                  "Alias": "ci",
                  "Startup Cost": 0.0,
                  "Total Cost": 343257.03,
                  "Plan Rows": 1191649,
                  "Plan Width": 0,
                  "Actual Startup Time": 330.998,
                  "Actual Total Time": 634.57,
                  "Actual Rows": 1551168,
                  "Actual Loops": 7,
                  "Filter": "((person_id > 2057147) AND (role_id > 2))",
                  "Rows Removed by Filter": 3626595
                }
              ]
            }
          ]
        }
      ]
    },
    "Planning Time": 0.221,
    "Triggers": [],
    "Execution Time": 763.595
  }
]