[
  {
    "Plan": {
      "Node Type": "Aggregate",
      "Strategy": "Plain",
      "Partial Mode": "Finalize",
      "Parallel Aware": false,
      "Startup Cost": 32900.43,
      "Total Cost": 32900.44,
      "Plan Rows": 1,
      "Plan Width": 8,
      "Actual Startup Time": 96.553,
      "Actual Total Time": 104.182,
      "Actual Rows": 1,
      "Actual Loops": 1,
      "Plans": [
        {
          "Node Type": "Gather",
          "Parent Relationship": "Outer",
          "Parallel Aware": false,
          "Startup Cost": 32900.11,
          "Total Cost": 32900.42,
          "Plan Rows": 3,
          "Plan Width": 8,
          "Actual Startup Time": 96.429,
          "Actual Total Time": 104.174,
          "Actual Rows": 4,
          "Actual Loops": 1,
          "Workers Planned": 3,
          "Workers Launched": 3,
          "Single Copy": false,
          "Plans": [
            {
              "Node Type": "Aggregate",
              "Strategy": "Plain",
              "Partial Mode": "Partial",
              "Parent Relationship": "Outer",
              "Parallel Aware": false,
              "Startup Cost": 31900.11,
              "Total Cost": 31900.12,
              "Plan Rows": 1,
              "Plan Width": 8,
              "Actual Startup Time": 88.939,
              "Actual Total Time": 88.94,
              "Actual Rows": 1,
              "Actual Loops": 4,
              "Plans": [
                {
                  "Node Type": "Seq Scan",
                  "Parent Relationship": "Outer",
                  "Parallel Aware": true,
                  "Relation Name": "movie_companies",
                  "Alias": "mc",
                  "Startup Cost": 0.0,
                  "Total Cost": 31414.82,
                  "Plan Rows": 194116,
                  "Plan Width": 0,
                  "Actual Startup Time": 46.416,
                  "Actual Total Time": 80.399,
                  "Actual Rows": 219849,
                  "Actual Loops": 4,
                  "Filter": "((company_id > 12526) AND (company_type_id > 1))",
                  "Rows Removed by Filter": 432433
                }
              ]
            }
          ]
        }
      ]
    },
    "Planning Time": 0.239,
    "Triggers": [],
    "Execution Time": 104.24
  }
]