{
    "Plan": {
        "Node Type": "Aggregate",
        "Strategy": "Plain",
        "Partial Mode": "Finalize",
        "Parallel Aware": false,
        "Startup Cost": 394244.46,
        "Total Cost": 394244.47,
        "Plan Rows": 1,
        "Plan Width": 8,
        "Actual Startup Time": 906.403,
        "Actual Total Time": 952.918,
        "Actual Rows": 1,
        "Actual Loops": 1,
        "Output": [
            "count(*)"
        ],
        "Plans": [
            {
                "Node Type": "Gather",
                "Parent Relationship": "Outer",
                "Parallel Aware": false,
                "Startup Cost": 394243.84,
                "Total Cost": 394244.45,
                "Plan Rows": 6,
                "Plan Width": 8,
                "Actual Startup Time": 902.109,
                "Actual Total Time": 952.907,
                "Actual Rows": 7,
                "Actual Loops": 1,
                "Output": [
                    "(PARTIAL count(*))"
                ],
                "Workers Planned": 6,
                "Workers Launched": 6,
                "Single Copy": false,
                "Plans": [
                    {
                        "Node Type": "Aggregate",
                        "Strategy": "Plain",
                        "Partial Mode": "Partial",
                        "Parent Relationship": "Outer",
                        "Parallel Aware": false,
                        "Startup Cost": 393243.84,
                        "Total Cost": 393243.85,
                        "Plan Rows": 1,
                        "Plan Width": 8,
                        "Actual Startup Time": 891.273,
                        "Actual Total Time": 891.276,
                        "Actual Rows": 1,
                        "Actual Loops": 7,
                        "Output": [
                            "PARTIAL count(*)"
                        ],
                        "Workers": [
                            {
                                "Worker Number": 0,
                                "Actual Startup Time": 888.973,
                                "Actual Total Time": 888.976,
                                "Actual Rows": 1,
                                "Actual Loops": 1
                            },
                            {
                                "Worker Number": 1,
                                "Actual Startup Time": 889.22,
                                "Actual Total Time": 889.224,
                                "Actual Rows": 1,
                                "Actual Loops": 1
                            },
                            {
                                "Worker Number": 2,
                                "Actual Startup Time": 889.579,
                                "Actual Total Time": 889.581,
                                "Actual Rows": 1,
                                "Actual Loops": 1
                            },
                            {
                                "Worker Number": 3,
                                "Actual Startup Time": 889.58,
                                "Actual Total Time": 889.583,
                                "Actual Rows": 1,
                                "Actual Loops": 1
                            },
                            {
                                "Worker Number": 4,
                                "Actual Startup Time": 889.915,
                                "Actual Total Time": 889.918,
                                "Actual Rows": 1,
                                "Actual Loops": 1
                            },
                            {
                                "Worker Number": 5,
                                "Actual Startup Time": 890.448,
                                "Actual Total Time": 890.451,
                                "Actual Rows": 1,
                                "Actual Loops": 1
                            }
                        ],
                        "Plans": [
                            {
                                "Node Type": "Hash Join",
                                "Parent Relationship": "Outer",
                                "Parallel Aware": true,
                                "Join Type": "Inner",
                                "Startup Cost": 47532.93,
                                "Total Cost": 392769.2,
                                "Plan Rows": 189857,
                                "Plan Width": 0,
                                "Actual Startup Time": 117.322,
                                "Actual Total Time": 882.435,
                                "Actual Rows": 192259,
                                "Actual Loops": 7,
                                "Inner Unique": true,
                                "Hash Cond": "(ci.movie_id = t.id)",
                                "Workers": [
                                    {
                                        "Worker Number": 0,
                                        "Actual Startup Time": 115.089,
                                        "Actual Total Time": 879.185,
                                        "Actual Rows": 143122,
                                        "Actual Loops": 1
                                    },
                                    {
                                        "Worker Number": 1,
                                        "Actual Startup Time": 115.341,
                                        "Actual Total Time": 880.769,
                                        "Actual Rows": 191206,
                                        "Actual Loops": 1
                                    },
                                    {
                                        "Worker Number": 2,
                                        "Actual Startup Time": 115.703,
                                        "Actual Total Time": 880.886,
                                        "Actual Rows": 200501,
                                        "Actual Loops": 1
                                    },
                                    {
                                        "Worker Number": 3,
                                        "Actual Startup Time": 115.746,
                                        "Actual Total Time": 880.889,
                                        "Actual Rows": 200186,
                                        "Actual Loops": 1
                                    },
                                    {
                                        "Worker Number": 4,
                                        "Actual Startup Time": 116.076,
                                        "Actual Total Time": 881.6,
                                        "Actual Rows": 186004,
                                        "Actual Loops": 1
                                    },
                                    {
                                        "Worker Number": 5,
                                        "Actual Startup Time": 116.016,
                                        "Actual Total Time": 882.151,
                                        "Actual Rows": 188361,
                                        "Actual Loops": 1
                                    }
                                ],
                                "Plans": [
                                    {
                                        "Node Type": "Seq Scan",
                                        "Parent Relationship": "Outer",
                                        "Parallel Aware": true,
                                        "Relation Name": "cast_info",
                                        "Schema": "public",
                                        "Alias": "ci",
                                        "Startup Cost": 0.0,
                                        "Total Cost": 343318.94,
                                        "Plan Rows": 730409,
                                        "Plan Width": 4,
                                        "Actual Startup Time": 0.029,
                                        "Actual Total Time": 591.405,
                                        "Actual Rows": 829558,
                                        "Actual Loops": 7,
                                        "Output": [
                                            "ci.id",
                                            "ci.person_id",
                                            "ci.movie_id",
                                            "ci.person_role_id",
                                            "ci.note",
                                            "ci.nr_order",
                                            "ci.role_id"
                                        ],
                                        "Filter": "((ci.person_id < 786199) AND (ci.role_id < 3))",
                                        "Rows Removed by Filter": 4348206,
                                        "Workers": [
                                            {
                                                "Worker Number": 0,
                                                "Actual Startup Time": 0.035,
                                                "Actual Total Time": 599.645,
                                                "Actual Rows": 615639,
                                                "Actual Loops": 1
                                            },
                                            {
                                                "Worker Number": 1,
                                                "Actual Startup Time": 0.03,
                                                "Actual Total Time": 593.174,
                                                "Actual Rows": 824722,
                                                "Actual Loops": 1
                                            },
                                            {
                                                "Worker Number": 2,
                                                "Actual Startup Time": 0.031,
                                                "Actual Total Time": 592.825,
                                                "Actual Rows": 860182,
                                                "Actual Loops": 1
                                            },
                                            {
                                                "Worker Number": 3,
                                                "Actual Startup Time": 0.03,
                                                "Actual Total Time": 593.163,
                                                "Actual Rows": 864308,
                                                "Actual Loops": 1
                                            },
                                            {
                                                "Worker Number": 4,
                                                "Actual Startup Time": 0.03,
                                                "Actual Total Time": 591.86,
                                                "Actual Rows": 804530,
                                                "Actual Loops": 1
                                            },
                                            {
                                                "Worker Number": 5,
                                                "Actual Startup Time": 0.037,
                                                "Actual Total Time": 592.504,
                                                "Actual Rows": 815585,
                                                "Actual Loops": 1
                                            }
                                        ]
                                    },
                                    {
                                        "Node Type": "Hash",
                                        "Parent Relationship": "Inner",
                                        "Parallel Aware": true,
                                        "Startup Cost": 45479.21,
                                        "Total Cost": 45479.21,
                                        "Plan Rows": 164298,
                                        "Plan Width": 4,
                                        "Actual Startup Time": 113.932,
                                        "Actual Total Time": 113.933,
                                        "Actual Rows": 79366,
                                        "Actual Loops": 7,
                                        "Output": [
                                            "t.id"
                                        ],
                                        "Hash Buckets": 1048576,
                                        "Original Hash Buckets": 1048576,
                                        "Hash Batches": 1,
                                        "Original Hash Batches": 1,
                                        "Peak Memory Usage": 30048,
                                        "Workers": [
                                            {
                                                "Worker Number": 0,
                                                "Actual Startup Time": 114.429,
                                                "Actual Total Time": 114.43,
                                                "Actual Rows": 58443,
                                                "Actual Loops": 1
                                            },
                                            {
                                                "Worker Number": 1,
                                                "Actual Startup Time": 114.676,
                                                "Actual Total Time": 114.677,
                                                "Actual Rows": 76438,
                                                "Actual Loops": 1
                                            },
                                            {
                                                "Worker Number": 2,
                                                "Actual Startup Time": 114.999,
                                                "Actual Total Time": 115.0,
                                                "Actual Rows": 81098,
                                                "Actual Loops": 1
                                            },
                                            {
                                                "Worker Number": 3,
                                                "Actual Startup Time": 114.98,
                                                "Actual Total Time": 114.981,
                                                "Actual Rows": 79772,
                                                "Actual Loops": 1
                                            },
                                            {
                                                "Worker Number": 4,
                                                "Actual Startup Time": 115.276,
                                                "Actual Total Time": 115.277,
                                                "Actual Rows": 75824,
                                                "Actual Loops": 1
                                            },
                                            {
                                                "Worker Number": 5,
                                                "Actual Startup Time": 115.272,
                                                "Actual Total Time": 115.273,
                                                "Actual Rows": 76328,
                                                "Actual Loops": 1
                                            }
                                        ],
                                        "Plans": [
                                            {
                                                "Node Type": "Seq Scan",
                                                "Parent Relationship": "Outer",
                                                "Parallel Aware": true,
                                                "Relation Name": "title",
                                                "Schema": "public",
                                                "Alias": "t",
                                                "Startup Cost": 0.0,
                                                "Total Cost": 45479.21,
                                                "Plan Rows": 164298,
                                                "Plan Width": 4,
                                                "Actual Startup Time": 0.081,
                                                "Actual Total Time": 75.269,
                                                "Actual Rows": 79366,
                                                "Actual Loops": 7,
                                                "Output": [
                                                    "t.id"
                                                ],
                                                "Filter": "((t.kind_id < 7) AND (t.production_year > 1993))",
                                                "Rows Removed by Filter": 281822,
                                                "Workers": [
                                                    {
                                                        "Worker Number": 0,
                                                        "Actual Startup Time": 0.089,
                                                        "Actual Total Time": 76.191,
                                                        "Actual Rows": 58443,
                                                        "Actual Loops": 1
                                                    },
                                                    {
                                                        "Worker Number": 1,
                                                        "Actual Startup Time": 0.093,
                                                        "Actual Total Time": 75.839,
                                                        "Actual Rows": 76438,
                                                        "Actual Loops": 1
                                                    },
                                                    {
                                                        "Worker Number": 2,
                                                        "Actual Startup Time": 0.086,
                                                        "Actual Total Time": 75.519,
                                                        "Actual Rows": 81098,
                                                        "Actual Loops": 1
                                                    },
                                                    {
                                                        "Worker Number": 3,
                                                        "Actual Startup Time": 0.098,
                                                        "Actual Total Time": 75.729,
                                                        "Actual Rows": 79772,
                                                        "Actual Loops": 1
                                                    },
                                                    {
                                                        "Worker Number": 4,
                                                        "Actual Startup Time": 0.09,
                                                        "Actual Total Time": 74.966,
                                                        "Actual Rows": 75824,
                                                        "Actual Loops": 1
                                                    },
                                                    {
                                                        "Worker Number": 5,
                                                        "Actual Startup Time": 0.09,
                                                        "Actual Total Time": 75.113,
                                                        "Actual Rows": 76328,
                                                        "Actual Loops": 1
                                                    }
                                                ]
                                            }
                                        ]
                                    }
                                ]
                            }
                        ]
                    }
                ]
            }
        ]
    },
    "Planning Time": 0.767,
    "Triggers": [],
    "Execution Time": 953.005
}