{
  "Plan": {
    "Node Type": "Aggregate",
    "Strategy": "Plain",
    "Partial Mode": "Finalize",
    "Parallel Aware": false,
    "Startup Cost": 101882.86,
    "Total Cost": 101882.87,
    "Plan Rows": 1,
    "Plan Width": 8,
    "Actual Startup Time": 154.692,
    "Actual Total Time": 167.742,
    "Actual Rows": 1,
    "Actual Loops": 1,
    "Plans": [
      {
        "Node Type": "Gather",
        "Parent Relationship": "Outer",
        "Parallel Aware": false,
        "Startup Cost": 101882.75,
        "Total Cost": 101882.86,
        "Plan Rows": 1,
        "Plan Width": 8,
        "Actual Startup Time": 154.582,
        "Actual Total Time": 167.734,
        "Actual Rows": 2,
        "Actual Loops": 1,
        "Workers Planned": 1,
        "Workers Launched": 1,
        "Single Copy": false,
        "Plans": [
          {
            "Node Type": "Aggregate",
            "Strategy": "Plain",
            "Partial Mode": "Partial",
            "Parent Relationship": "Outer",
            "Parallel Aware": false,
            "Startup Cost": 100882.75,
            "Total Cost": 100882.76,
            "Plan Rows": 1,
            "Plan Width": 8,
            "Actual Startup Time": 148.721,
            "Actual Total Time": 148.723,
            "Actual Rows": 1,
            "Actual Loops": 2,
            "Plans": [
              {
                "Node Type": "Nested Loop",
                "Parent Relationship": "Outer",
                "Parallel Aware": false,
                "Join Type": "Inner",
                "Startup Cost": 0.43,
                "Total Cost": 100866.0,
                "Plan Rows": 6702,
                "Plan Width": 0,
                "Actual Startup Time": 1.895,
                "Actual Total Time": 148.639,
                "Actual Rows": 974,
                "Actual Loops": 2,
                "Inner Unique": false,
                "Plans": [
                  {
                    "Node Type": "Seq Scan",
                    "Parent Relationship": "Outer",
                    "Parallel Aware": true,
                    "Relation Name": "title",
                    "Alias": "t",
                    "Startup Cost": 0.0,
                    "Total Cost": 58306.47,
                    "Plan Rows": 5062,
                    "Plan Width": 4,
                    "Actual Startup Time": 0.288,
                    "Actual Total Time": 135.291,
                    "Actual Rows": 4189,
                    "Actual Loops": 2,
                    "Filter": "((kind_id = 7) AND (production_year = 1979))",
                    "Rows Removed by Filter": 1259967
                  },
                  {
                    "Node Type": "Index Scan",
                    "Parent Relationship": "Inner",
                    "Parallel Aware": false,
                    "Scan Direction": "Forward",
                    "Index Name": "movie_id_movie_keyword",
                    "Relation Name": "movie_keyword",
                    "Alias": "mk",
                    "Startup Cost": 0.43,
                    "Total Cost": 8.07,
                    "Plan Rows": 34,
                    "Plan Width": 4,
                    "Actual Startup Time": 0.003,
                    "Actual Total Time": 0.003,
                    "Actual Rows": 0,
                    "Actual Loops": 8378,
                    "Index Cond": "(movie_id = t.id)",
                    "Rows Removed by Index Recheck": 0,
                    "Filter": "(keyword_id > 1437)",
                    "Rows Removed by Filter": 0
                  }
                ]
              }
            ]
          }
        ]
      }
    ]
  },
  "Planning Time": 0.496,
  "Triggers": [],
  "Execution Time": 167.813
}