[
  {
    "Plan": {
      "Node Type": "Aggregate",
      "Strategy": "Plain",
      "Partial Mode": "Finalize",
      "Parallel Aware": false,
      "Startup Cost": 31194.02,
      "Total Cost": 31194.03,
      "Plan Rows": 1,
      "Plan Width": 8,
      "Actual Startup Time": 92.499,
      "Actual Total Time": 100.466,
      "Actual Rows": 1,
      "Actual Loops": 1,
      "Plans": [
        {
          "Node Type": "Gather",
          "Parent Relationship": "Outer",
          "Parallel Aware": false,
          "Startup Cost": 31193.7,
          "Total Cost": 31194.01,
          "Plan Rows": 3,
          "Plan Width": 8,
          "Actual Startup Time": 92.405,
          "Actual Total Time": 100.458,
          "Actual Rows": 4,
          "Actual Loops": 1,
          "Workers Planned": 3,
          "Workers Launched": 3,
          "Single Copy": false,
          "Plans": [
            {
              "Node Type": "Aggregate",
              "Strategy": "Plain",
              "Partial Mode": "Partial",
              "Parent Relationship": "Outer",
              "Parallel Aware": false,
              "Startup Cost": 30193.7,
              "Total Cost": 30193.71,
              "Plan Rows": 1,
              "Plan Width": 8,
              "Actual Startup Time": 88.503,
              "Actual Total Time": 88.504,
              "Actual Rows": 1,
              "Actual Loops": 4,
              "Plans": [
                {
                  "Node Type": "Seq Scan",
                  "Parent Relationship": "Outer",
                  "Parallel Aware": true,
                  "Relation Name": "movie_companies",
                  "Alias": "mc",
                  "Startup Cost": 0.0,
                  "Total Cost": 29310.68,
                  "Plan Rows": 353207,
                  "Plan Width": 0,
                  "Actual Startup Time": 15.83,
                  "Actual Total Time": 75.801,
                  "Actual Rows": 272422,
                  "Actual Loops": 4,
                  "Filter": "(company_id > 14227)",
                  "Rows Removed by Filter": 379860
                }
              ]
            }
          ]
        }
      ]
    },
    "Planning Time": 0.196,
    "Triggers": [],
    "Execution Time": 100.521
  }
]