[
  {
    "Plan": {
      "Node Type": "Aggregate",
      "Strategy": "Plain",
      "Partial Mode": "Finalize",
      "Parallel Aware": false,
      "Startup Cost": 45755.64,
      "Total Cost": 45755.65,
      "Plan Rows": 1,
      "Plan Width": 8,
      "Actual Startup Time": 167.447,
      "Actual Total Time": 177.604,
      "Actual Rows": 1,
      "Actual Loops": 1,
      "Plans": [
        {
          "Node Type": "Gather",
          "Parent Relationship": "Outer",
          "Parallel Aware": false,
          "Startup Cost": 45755.33,
          "Total Cost": 45755.64,
          "Plan Rows": 3,
          "Plan Width": 8,
          "Actual Startup Time": 167.329,
          "Actual Total Time": 177.596,
          "Actual Rows": 4,
          "Actual Loops": 1,
          "Workers Planned": 3,
          "Workers Launched": 3,
          "Single Copy": false,
          "Plans": [
            {
              "Node Type": "Aggregate",
              "Strategy": "Plain",
              "Partial Mode": "Partial",
              "Parent Relationship": "Outer",
              "Parallel Aware": false,
              "Startup Cost": 44755.33,
              "Total Cost": 44755.34,
              "Plan Rows": 1,
              "Plan Width": 8,
              "Actual Startup Time": 159.523,
              "Actual Total Time": 159.524,
              "Actual Rows": 1,
              "Actual Loops": 4,
              "Plans": [
                {
                  "Node Type": "Seq Scan",
                  "Parent Relationship": "Outer",
                  "Parallel Aware": true,
                  "Relation Name": "movie_keyword",
                  "Alias": "mk",
                  "Startup Cost": 0.0,
                  "Total Cost": 42695.65,
                  "Plan Rows": 823869,
                  "Plan Width": 0,
                  "Actual Startup Time": 0.062,
                  "Actual Total Time": 127.342,
                  "Actual Rows": 638682,
                  "Actual Loops": 4,
                  "Filter": "(keyword_id < 6431)",
                  "Rows Removed by Filter": 492301
                }
              ]
            }
          ]
        }
      ]
    },
    "Planning Time": 0.18,
    "Triggers": [],
    "Execution Time": 177.657
  }
]