[
  {
    "Plan": {
      "Node Type": "Aggregate",
      "Strategy": "Plain",
      "Partial Mode": "Finalize",
      "Parallel Aware": false,
      "Startup Cost": 347836.07,
      "Total Cost": 347836.08,
      "Plan Rows": 1,
      "Plan Width": 8,
      "Actual Startup Time": 738.078,
      "Actual Total Time": 783.079,
      "Actual Rows": 1,
      "Actual Loops": 1,
      "Plans": [
        {
          "Node Type": "Gather",
          "Parent Relationship": "Outer",
          "Parallel Aware": false,
          "Startup Cost": 347835.45,
          "Total Cost": 347836.06,
          "Plan Rows": 6,
          "Plan Width": 8,
          "Actual Startup Time": 737.867,
          "Actual Total Time": 783.062,
          "Actual Rows": 7,
          "Actual Loops": 1,
          "Workers Planned": 6,
          "Workers Launched": 6,
          "Single Copy": false,
          "Plans": [
            {
              "Node Type": "Aggregate",
              "Strategy": "Plain",
              "Partial Mode": "Partial",
              "Parent Relationship": "Outer",
              "Parallel Aware": false,
              "Startup Cost": 346835.45,
              "Total Cost": 346835.46,
              "Plan Rows": 1,
              "Plan Width": 8,
              "Actual Startup Time": 730.36,
              "Actual Total Time": 730.362,
              "Actual Rows": 1,
              "Actual Loops": 7,
              "Plans": [
                {
                  "Node Type": "Seq Scan",
                  "Parent Relationship": "Outer",
                  "Parallel Aware": true,
                  "Relation Name": "cast_info",
                  "Alias": "ci",
                  "Startup Cost": 0.0,
                  "Total Cost": 343316.27,
                  "Plan Rows": 1407671,
                  "Plan Width": 0,
                  "Actual Startup Time": 0.044,
                  "Actual Total Time": 653.922,
                  "Actual Rows": 1572372,
                  "Actual Loops": 7,
                  "Filter": "((person_id < 1505416) AND (role_id < 3))",
                  "Rows Removed by Filter": 3605392
                }
              ]
            }
          ]
        }
      ]
    },
    "Planning Time": 0.231,
    "Triggers": [],
    "Execution Time": 783.147
  }
]